<?xml version="1.0" encoding="UTF-8"?>
<testsuite xmlns:xsi="http://www.w3.org/2001/XMLSchema-instance" xsi:noNamespaceSchemaLocation="https://maven.apache.org/surefire/maven-surefire-plugin/xsd/surefire-test-report-3.0.xsd" version="3.0" name="org.apache.hadoop.fs.ozone.TestOzoneFileSystem" time="309.746" tests="168" errors="0" skipped="0" failures="1">
  <properties>
    <property name="awt.toolkit" value="sun.awt.X11.XToolkit"/>
    <property name="file.encoding.pkg" value="sun.io"/>
    <property name="java.specification.version" value="1.8"/>
    <property name="sun.cpu.isalist" value=""/>
    <property name="sun.jnu.encoding" value="UTF-8"/>
    <property name="java.class.path" value="/home/runner/work/ozone/ozone/hadoop-ozone/integration-test/target/test-classes:/home/runner/work/ozone/ozone/hadoop-ozone/integration-test/target/classes:/home/runner/.m2/repository/org/apache/ozone/ozone-common/1.4.0-SNAPSHOT/ozone-common-1.4.0-SNAPSHOT.jar:/home/runner/.m2/repository/io/grpc/grpc-netty/1.51.1/grpc-netty-1.51.1.jar:/home/runner/.m2/repository/io/grpc/grpc-core/1.51.1/grpc-core-1.51.1.jar:/home/runner/.m2/repository/com/google/android/annotations/4.1.1.4/annotations-4.1.1.4.jar:/home/runner/.m2/repository/org/codehaus/mojo/animal-sniffer-annotations/1.21/animal-sniffer-annotations-1.21.jar:/home/runner/.m2/repository/com/google/errorprone/error_prone_annotations/2.2.0/error_prone_annotations-2.2.0.jar:/home/runner/.m2/repository/io/perfmark/perfmark-api/0.25.0/perfmark-api-0.25.0.jar:/home/runner/.m2/repository/io/netty/netty-codec-http2/4.1.86.Final/netty-codec-http2-4.1.86.Final.jar:/home/runner/.m2/repository/io/netty/netty-common/4.1.86.Final/netty-common-4.1.86.Final.jar:/home/runner/.m2/repository/io/netty/netty-buffer/4.1.86.Final/netty-buffer-4.1.86.Final.jar:/home/runner/.m2/repository/io/netty/netty-codec-http/4.1.86.Final/netty-codec-http-4.1.86.Final.jar:/home/runner/.m2/repository/io/netty/netty-handler-proxy/4.1.86.Final/netty-handler-proxy-4.1.86.Final.jar:/home/runner/.m2/repository/io/netty/netty-codec-socks/4.1.86.Final/netty-codec-socks-4.1.86.Final.jar:/home/runner/.m2/repository/io/netty/netty-tcnative-boringssl-static/2.0.54.Final/netty-tcnative-boringssl-static-2.0.54.Final.jar:/home/runner/.m2/repository/io/netty/netty-tcnative-classes/2.0.54.Final/netty-tcnative-classes-2.0.54.Final.jar:/home/runner/.m2/repository/io/netty/netty-tcnative-boringssl-static/2.0.54.Final/netty-tcnative-boringssl-static-2.0.54.Final-linux-x86_64.jar:/home/runner/.m2/repository/io/netty/netty-tcnative-boringssl-static/2.0.54.Final/netty-tcnative-boringssl-static-2.0.54.Final-linux-aarch_64.jar:/home/runner/.m2/repository/io/netty/netty-tcnative-boringssl-static/2.0.54.Final/netty-tcnative-boringssl-static-2.0.54.Final-osx-x86_64.jar:/home/runner/.m2/repository/io/netty/netty-tcnative-boringssl-static/2.0.54.Final/netty-tcnative-boringssl-static-2.0.54.Final-osx-aarch_64.jar:/home/runner/.m2/repository/io/netty/netty-tcnative-boringssl-static/2.0.54.Final/netty-tcnative-boringssl-static-2.0.54.Final-windows-x86_64.jar:/home/runner/.m2/repository/org/apache/commons/commons-compress/1.21/commons-compress-1.21.jar:/home/runner/.m2/repository/org/apache/ozone/hdds-common/1.4.0-SNAPSHOT/hdds-common-1.4.0-SNAPSHOT.jar:/home/runner/.m2/repository/org/apache/ozone/hdds-client/1.4.0-SNAPSHOT/hdds-client-1.4.0-SNAPSHOT.jar:/home/runner/.m2/repository/org/apache/ozone/ozone-interface-client/1.4.0-SNAPSHOT/ozone-interface-client-1.4.0-SNAPSHOT.jar:/home/runner/.m2/repository/org/apache/ozone/hdds-test-utils/1.4.0-SNAPSHOT/hdds-test-utils-1.4.0-SNAPSHOT.jar:/home/runner/.m2/repository/com/google/guava/guava/31.1-jre/guava-31.1-jre.jar:/home/runner/.m2/repository/com/google/guava/failureaccess/1.0.1/failureaccess-1.0.1.jar:/home/runner/.m2/repository/com/google/guava/listenablefuture/9999.0-empty-to-avoid-conflict-with-guava/listenablefuture-9999.0-empty-to-avoid-conflict-with-guava.jar:/home/runner/.m2/repository/com/google/code/findbugs/jsr305/3.0.0/jsr305-3.0.0.jar:/home/runner/.m2/repository/org/checkerframework/checker-qual/3.12.0/checker-qual-3.12.0.jar:/home/runner/.m2/repository/com/google/j2objc/j2objc-annotations/1.3/j2objc-annotations-1.3.jar:/home/runner/.m2/repository/commons-io/commons-io/2.11.0/commons-io-2.11.0.jar:/home/runner/.m2/repository/commons-logging/commons-logging/1.2/commons-logging-1.2.jar:/home/runner/.m2/repository/ch/qos/reload4j/reload4j/1.2.22/reload4j-1.2.22.jar:/home/runner/.m2/repository/org/slf4j/slf4j-api/1.7.36/slf4j-api-1.7.36.jar:/home/runner/.m2/repository/org/apache/ozone/hdds-server-scm/1.4.0-SNAPSHOT/hdds-server-scm-1.4.0-SNAPSHOT.jar:/home/runner/.m2/repository/org/apache/ozone/hdds-container-service/1.4.0-SNAPSHOT/hdds-container-service-1.4.0-SNAPSHOT.jar:/home/runner/.m2/repository/org/apache/ozone/hdds-hadoop-dependency-server/1.4.0-SNAPSHOT/hdds-hadoop-dependency-server-1.4.0-SNAPSHOT.jar:/home/runner/.m2/repository/org/apache/hadoop/hadoop-hdfs/3.3.4/hadoop-hdfs-3.3.4.jar:/home/runner/.m2/repository/commons-daemon/commons-daemon/1.0.13/commons-daemon-1.0.13.jar:/home/runner/.m2/repository/org/apache/ozone/hdds-server-framework/1.4.0-SNAPSHOT/hdds-server-framework-1.4.0-SNAPSHOT.jar:/home/runner/.m2/repository/io/dropwizard/metrics/metrics-core/3.2.4/metrics-core-3.2.4.jar:/home/runner/.m2/repository/org/apache/commons/commons-text/1.4/commons-text-1.4.jar:/home/runner/.m2/repository/org/apache/hadoop/hadoop-hdfs-client/3.3.4/hadoop-hdfs-client-3.3.4.jar:/home/runner/.m2/repository/com/squareup/okhttp3/okhttp/4.9.3/okhttp-4.9.3.jar:/home/runner/.m2/repository/com/squareup/okio/okio/2.8.0/okio-2.8.0.jar:/home/runner/.m2/repository/org/jetbrains/kotlin/kotlin-stdlib-common/1.6.21/kotlin-stdlib-common-1.6.21.jar:/home/runner/.m2/repository/org/bouncycastle/bcprov-jdk15on/1.67/bcprov-jdk15on-1.67.jar:/home/runner/.m2/repository/com/google/protobuf/protobuf-java/2.5.0/protobuf-java-2.5.0.jar:/home/runner/.m2/repository/org/apache/ozone/hdds-server-framework/1.4.0-SNAPSHOT/hdds-server-framework-1.4.0-SNAPSHOT-tests.jar:/home/runner/.m2/repository/org/apache/ozone/hdds-interface-server/1.4.0-SNAPSHOT/hdds-interface-server-1.4.0-SNAPSHOT.jar:/home/runner/.m2/repository/org/apache/ozone/hdds-interface-admin/1.4.0-SNAPSHOT/hdds-interface-admin-1.4.0-SNAPSHOT.jar:/home/runner/.m2/repository/org/apache/ozone/hdds-managed-rocksdb/1.4.0-SNAPSHOT/hdds-managed-rocksdb-1.4.0-SNAPSHOT.jar:/home/runner/.m2/repository/org/rocksdb/rocksdbjni/7.7.3/rocksdbjni-7.7.3.jar:/home/runner/.m2/repository/org/slf4j/slf4j-reload4j/1.7.36/slf4j-reload4j-1.7.36.jar:/home/runner/.m2/repository/org/apache/commons/commons-configuration2/2.1.1/commons-configuration2-2.1.1.jar:/home/runner/.m2/repository/org/apache/logging/log4j/log4j-core/2.17.1/log4j-core-2.17.1.jar:/home/runner/.m2/repository/com/lmax/disruptor/3.4.2/disruptor-3.4.2.jar:/home/runner/.m2/repository/org/eclipse/jetty/jetty-util/9.4.49.v20220914/jetty-util-9.4.49.v20220914.jar:/home/runner/.m2/repository/org/eclipse/jetty/jetty-server/9.4.49.v20220914/jetty-server-9.4.49.v20220914.jar:/home/runner/.m2/repository/org/eclipse/jetty/jetty-http/9.4.49.v20220914/jetty-http-9.4.49.v20220914.jar:/home/runner/.m2/repository/org/eclipse/jetty/jetty-io/9.4.49.v20220914/jetty-io-9.4.49.v20220914.jar:/home/runner/.m2/repository/org/eclipse/jetty/jetty-servlet/9.4.49.v20220914/jetty-servlet-9.4.49.v20220914.jar:/home/runner/.m2/repository/org/eclipse/jetty/jetty-security/9.4.49.v20220914/jetty-security-9.4.49.v20220914.jar:/home/runner/.m2/repository/org/eclipse/jetty/jetty-util-ajax/9.4.49.v20220914/jetty-util-ajax-9.4.49.v20220914.jar:/home/runner/.m2/repository/org/eclipse/jetty/jetty-webapp/9.4.49.v20220914/jetty-webapp-9.4.49.v20220914.jar:/home/runner/.m2/repository/org/eclipse/jetty/jetty-xml/9.4.49.v20220914/jetty-xml-9.4.49.v20220914.jar:/home/runner/.m2/repository/org/apache/ratis/ratis-server/2.4.2-8b8bdda-SNAPSHOT/ratis-server-2.4.2-8b8bdda-SNAPSHOT.jar:/home/runner/.m2/repository/org/apache/ratis/ratis-thirdparty-misc/1.0.3/ratis-thirdparty-misc-1.0.3.jar:/home/runner/.m2/repository/org/apache/ratis/ratis-proto/2.4.2-8b8bdda-SNAPSHOT/ratis-proto-2.4.2-8b8bdda-SNAPSHOT.jar:/home/runner/.m2/repository/org/apache/ratis/ratis-common/2.4.2-8b8bdda-SNAPSHOT/ratis-common-2.4.2-8b8bdda-SNAPSHOT.jar:/home/runner/.m2/repository/org/apache/ratis/ratis-client/2.4.2-8b8bdda-SNAPSHOT/ratis-client-2.4.2-8b8bdda-SNAPSHOT.jar:/home/runner/.m2/repository/org/apache/ratis/ratis-server-api/2.4.2-8b8bdda-SNAPSHOT/ratis-server-api-2.4.2-8b8bdda-SNAPSHOT.jar:/home/runner/.m2/repository/org/apache/ratis/ratis-metrics/2.4.2-8b8bdda-SNAPSHOT/ratis-metrics-2.4.2-8b8bdda-SNAPSHOT.jar:/home/runner/.m2/repository/io/prometheus/simpleclient_dropwizard/0.7.0/simpleclient_dropwizard-0.7.0.jar:/home/runner/.m2/repository/io/prometheus/simpleclient/0.7.0/simpleclient-0.7.0.jar:/home/runner/.m2/repository/io/prometheus/simpleclient_common/0.7.0/simpleclient_common-0.7.0.jar:/home/runner/.m2/repository/com/fasterxml/jackson/datatype/jackson-datatype-jsr310/2.13.4/jackson-datatype-jsr310-2.13.4.jar:/home/runner/.m2/repository/com/fasterxml/jackson/core/jackson-core/2.13.4/jackson-core-2.13.4.jar:/home/runner/.m2/repository/com/github/spotbugs/spotbugs-annotations/3.1.12/spotbugs-annotations-3.1.12.jar:/home/runner/.m2/repository/org/apache/ozone/rocksdb-checkpoint-differ/1.4.0-SNAPSHOT/rocksdb-checkpoint-differ-1.4.0-SNAPSHOT.jar:/home/runner/.m2/repository/org/awaitility/awaitility/4.2.0/awaitility-4.2.0.jar:/home/runner/.m2/repository/org/hamcrest/hamcrest/2.1/hamcrest-2.1.jar:/home/runner/.m2/repository/org/apache/ozone/ozone-manager/1.4.0-SNAPSHOT/ozone-manager-1.4.0-SNAPSHOT.jar:/home/runner/.m2/repository/org/aspectj/aspectjrt/1.9.7/aspectjrt-1.9.7.jar:/home/runner/.m2/repository/org/aspectj/aspectjweaver/1.9.7/aspectjweaver-1.9.7.jar:/home/runner/.m2/repository/org/apache/ozone/hdds-interface-client/1.4.0-SNAPSHOT/hdds-interface-client-1.4.0-SNAPSHOT.jar:/home/runner/.m2/repository/org/apache/hadoop/thirdparty/hadoop-shaded-protobuf_3_7/1.1.1/hadoop-shaded-protobuf_3_7-1.1.1.jar:/home/runner/.m2/repository/org/apache/ozone/ozone-interface-storage/1.4.0-SNAPSHOT/ozone-interface-storage-1.4.0-SNAPSHOT.jar:/home/runner/.m2/repository/org/reflections/reflections/0.9.11/reflections-0.9.11.jar:/home/runner/.m2/repository/com/sun/jersey/jersey-client/1.19/jersey-client-1.19.jar:/home/runner/.m2/repository/org/apache/ranger/ranger-intg/2.3.0/ranger-intg-2.3.0.jar:/home/runner/.m2/repository/org/apache/ranger/ranger-plugins-common/2.3.0/ranger-plugins-common-2.3.0.jar:/home/runner/.m2/repository/commons-lang/commons-lang/2.6/commons-lang-2.6.jar:/home/runner/.m2/repository/org/apache/ranger/ranger-plugins-cred/2.3.0/ranger-plugins-cred-2.3.0.jar:/home/runner/.m2/repository/org/apache/ranger/ranger-plugins-audit/2.3.0/ranger-plugins-audit-2.3.0.jar:/home/runner/.m2/repository/org/eclipse/jetty/jetty-client/9.4.49.v20220914/jetty-client-9.4.49.v20220914.jar:/home/runner/.m2/repository/org/apache/httpcomponents/httpmime/4.5.6/httpmime-4.5.6.jar:/home/runner/.m2/repository/org/apache/httpcomponents/httpcore-nio/4.4.13/httpcore-nio-4.4.13.jar:/home/runner/.m2/repository/org/apache/httpcomponents/httpasyncclient/4.1.3/httpasyncclient-4.1.3.jar:/home/runner/.m2/repository/com/carrotsearch/hppc/0.8.0/hppc-0.8.0.jar:/home/runner/.m2/repository/org/apache/orc/orc-core/1.5.8/orc-core-1.5.8.jar:/home/runner/.m2/repository/net/java/dev/jna/jna/5.2.0/jna-5.2.0.jar:/home/runner/.m2/repository/net/java/dev/jna/jna-platform/5.2.0/jna-platform-5.2.0.jar:/home/runner/.m2/repository/com/kstruct/gethostname4j/0.0.2/gethostname4j-0.0.2.jar:/home/runner/.m2/repository/org/apache/ranger/ranger-plugin-classloader/2.3.0/ranger-plugin-classloader-2.3.0.jar:/home/runner/.m2/repository/org/apache/hadoop/hadoop-minikdc/3.3.4/hadoop-minikdc-3.3.4.jar:/home/runner/.m2/repository/org/apache/kerby/kerb-simplekdc/1.0.1/kerb-simplekdc-1.0.1.jar:/home/runner/.m2/repository/org/apache/kerby/kerb-client/1.0.1/kerb-client-1.0.1.jar:/home/runner/.m2/repository/org/apache/kerby/kerby-config/1.0.1/kerby-config-1.0.1.jar:/home/runner/.m2/repository/org/apache/kerby/kerb-common/1.0.1/kerb-common-1.0.1.jar:/home/runner/.m2/repository/org/apache/kerby/kerb-crypto/1.0.1/kerb-crypto-1.0.1.jar:/home/runner/.m2/repository/org/apache/kerby/kerb-util/1.0.1/kerb-util-1.0.1.jar:/home/runner/.m2/repository/org/apache/kerby/token-provider/1.0.1/token-provider-1.0.1.jar:/home/runner/.m2/repository/org/apache/kerby/kerb-admin/1.0.1/kerb-admin-1.0.1.jar:/home/runner/.m2/repository/org/apache/kerby/kerb-server/1.0.1/kerb-server-1.0.1.jar:/home/runner/.m2/repository/org/apache/kerby/kerb-identity/1.0.1/kerb-identity-1.0.1.jar:/home/runner/.m2/repository/org/apache/kerby/kerby-xdr/1.0.1/kerby-xdr-1.0.1.jar:/home/runner/.m2/repository/org/apache/ozone/ozone-s3gateway/1.4.0-SNAPSHOT/ozone-s3gateway-1.4.0-SNAPSHOT.jar:/home/runner/.m2/repository/org/javassist/javassist/3.21.0-GA/javassist-3.21.0-GA.jar:/home/runner/.m2/repository/org/jboss/weld/servlet/weld-servlet-shaded/3.1.9.Final/weld-servlet-shaded-3.1.9.Final.jar:/home/runner/.m2/repository/org/glassfish/jersey/containers/jersey-container-servlet-core/2.34/jersey-container-servlet-core-2.34.jar:/home/runner/.m2/repository/org/glassfish/hk2/external/jakarta.inject/2.6.1/jakarta.inject-2.6.1.jar:/home/runner/.m2/repository/org/glassfish/jersey/core/jersey-common/2.34/jersey-common-2.34.jar:/home/runner/.m2/repository/jakarta/ws/rs/jakarta.ws.rs-api/2.1.6/jakarta.ws.rs-api-2.1.6.jar:/home/runner/.m2/repository/org/glassfish/jersey/ext/cdi/jersey-cdi1x/2.34/jersey-cdi1x-2.34.jar:/home/runner/.m2/repository/org/glassfish/jersey/inject/jersey-hk2/2.34/jersey-hk2-2.34.jar:/home/runner/.m2/repository/org/glassfish/hk2/hk2-locator/2.6.1/hk2-locator-2.6.1.jar:/home/runner/.m2/repository/org/glassfish/jersey/media/jersey-media-jaxb/2.34/jersey-media-jaxb-2.34.jar:/home/runner/.m2/repository/org/glassfish/hk2/osgi-resource-locator/1.0.3/osgi-resource-locator-1.0.3.jar:/home/runner/.m2/repository/org/glassfish/hk2/hk2-api/2.5.0/hk2-api-2.5.0.jar:/home/runner/.m2/repository/org/glassfish/hk2/hk2-utils/2.5.0/hk2-utils-2.5.0.jar:/home/runner/.m2/repository/org/glassfish/hk2/external/aopalliance-repackaged/2.5.0/aopalliance-repackaged-2.5.0.jar:/home/runner/.m2/repository/com/fasterxml/jackson/dataformat/jackson-dataformat-xml/2.13.4/jackson-dataformat-xml-2.13.4.jar:/home/runner/.m2/repository/org/codehaus/woodstox/stax2-api/4.2.1/stax2-api-4.2.1.jar:/home/runner/.m2/repository/com/fasterxml/woodstox/woodstox-core/5.4.0/woodstox-core-5.4.0.jar:/home/runner/.m2/repository/com/fasterxml/jackson/module/jackson-module-jaxb-annotations/2.13.4/jackson-module-jaxb-annotations-2.13.4.jar:/home/runner/.m2/repository/jakarta/xml/bind/jakarta.xml.bind-api/2.3.3/jakarta.xml.bind-api-2.3.3.jar:/home/runner/.m2/repository/jakarta/activation/jakarta.activation-api/1.2.2/jakarta.activation-api-1.2.2.jar:/home/runner/.m2/repository/javax/enterprise/cdi-api/2.0/cdi-api-2.0.jar:/home/runner/.m2/repository/javax/el/javax.el-api/3.0.0/javax.el-api-3.0.0.jar:/home/runner/.m2/repository/javax/interceptor/javax.interceptor-api/1.2/javax.interceptor-api-1.2.jar:/home/runner/.m2/repository/javax/inject/javax.inject/1/javax.inject-1.jar:/home/runner/.m2/repository/javax/xml/bind/jaxb-api/2.3.0/jaxb-api-2.3.0.jar:/home/runner/.m2/repository/org/glassfish/jaxb/jaxb-runtime/2.3.0.1/jaxb-runtime-2.3.0.1.jar:/home/runner/.m2/repository/org/glassfish/jaxb/jaxb-core/2.3.0.1/jaxb-core-2.3.0.1.jar:/home/runner/.m2/repository/org/glassfish/jaxb/txw2/2.3.0.1/txw2-2.3.0.1.jar:/home/runner/.m2/repository/com/sun/istack/istack-commons-runtime/3.0.5/istack-commons-runtime-3.0.5.jar:/home/runner/.m2/repository/org/jvnet/staxex/stax-ex/1.7.8/stax-ex-1.7.8.jar:/home/runner/.m2/repository/com/sun/xml/fastinfoset/FastInfoset/1.2.13/FastInfoset-1.2.13.jar:/home/runner/.m2/repository/javax/activation/activation/1.1.1/activation-1.1.1.jar:/home/runner/.m2/repository/io/grpc/grpc-protobuf/1.51.1/grpc-protobuf-1.51.1.jar:/home/runner/.m2/repository/io/grpc/grpc-api/1.51.1/grpc-api-1.51.1.jar:/home/runner/.m2/repository/io/grpc/grpc-context/1.51.1/grpc-context-1.51.1.jar:/home/runner/.m2/repository/com/google/api/grpc/proto-google-common-protos/2.9.0/proto-google-common-protos-2.9.0.jar:/home/runner/.m2/repository/io/grpc/grpc-protobuf-lite/1.51.1/grpc-protobuf-lite-1.51.1.jar:/home/runner/.m2/repository/io/grpc/grpc-stub/1.51.1/grpc-stub-1.51.1.jar:/home/runner/.m2/repository/io/netty/netty-transport/4.1.86.Final/netty-transport-4.1.86.Final.jar:/home/runner/.m2/repository/io/netty/netty-resolver/4.1.86.Final/netty-resolver-4.1.86.Final.jar:/home/runner/.m2/repository/org/apache/ozone/ozone-csi/1.4.0-SNAPSHOT/ozone-csi-1.4.0-SNAPSHOT.jar:/home/runner/.m2/repository/com/google/protobuf/protobuf-java-util/3.19.6/protobuf-java-util-3.19.6.jar:/home/runner/.m2/repository/com/google/code/gson/gson/2.9.0/gson-2.9.0.jar:/home/runner/.m2/repository/org/apache/ozone/hdds-config/1.4.0-SNAPSHOT/hdds-config-1.4.0-SNAPSHOT.jar:/home/runner/.m2/repository/io/netty/netty-transport-native-epoll/4.1.86.Final/netty-transport-native-epoll-4.1.86.Final-linux-x86_64.jar:/home/runner/.m2/repository/io/netty/netty-transport-classes-epoll/4.1.86.Final/netty-transport-classes-epoll-4.1.86.Final.jar:/home/runner/.m2/repository/io/netty/netty-transport-native-unix-common/4.1.86.Final/netty-transport-native-unix-common-4.1.86.Final.jar:/home/runner/.m2/repository/org/apache/ozone/ozone-recon/1.4.0-SNAPSHOT/ozone-recon-1.4.0-SNAPSHOT.jar:/home/runner/.m2/repository/org/apache/ozone/ozone-reconcodegen/1.4.0-SNAPSHOT/ozone-reconcodegen-1.4.0-SNAPSHOT.jar:/home/runner/.m2/repository/com/google/inject/extensions/guice-multibindings/4.0/guice-multibindings-4.0.jar:/home/runner/.m2/repository/com/google/inject/guice/4.0/guice-4.0.jar:/home/runner/.m2/repository/aopalliance/aopalliance/1.0/aopalliance-1.0.jar:/home/runner/.m2/repository/com/google/inject/extensions/guice-assistedinject/4.0/guice-assistedinject-4.0.jar:/home/runner/.m2/repository/com/google/inject/extensions/guice-servlet/4.0/guice-servlet-4.0.jar:/home/runner/.m2/repository/org/glassfish/jersey/containers/jersey-container-servlet/2.34/jersey-container-servlet-2.34.jar:/home/runner/.m2/repository/org/glassfish/hk2/guice-bridge/2.5.0/guice-bridge-2.5.0.jar:/home/runner/.m2/repository/org/glassfish/jersey/core/jersey-server/2.34/jersey-server-2.34.jar:/home/runner/.m2/repository/org/glassfish/jersey/core/jersey-client/2.34/jersey-client-2.34.jar:/home/runner/.m2/repository/jakarta/annotation/jakarta.annotation-api/1.3.5/jakarta.annotation-api-1.3.5.jar:/home/runner/.m2/repository/jakarta/validation/jakarta.validation-api/2.0.2/jakarta.validation-api-2.0.2.jar:/home/runner/.m2/repository/org/glassfish/jersey/media/jersey-media-json-jackson/2.34/jersey-media-json-jackson-2.34.jar:/home/runner/.m2/repository/org/glassfish/jersey/ext/jersey-entity-filtering/2.34/jersey-entity-filtering-2.34.jar:/home/runner/.m2/repository/org/jooq/jooq/3.11.10/jooq-3.11.10.jar:/home/runner/.m2/repository/org/jooq/jooq-meta/3.11.10/jooq-meta-3.11.10.jar:/home/runner/.m2/repository/org/jooq/jooq-codegen/3.11.10/jooq-codegen-3.11.10.jar:/home/runner/.m2/repository/com/jolbox/bonecp/0.8.0.RELEASE/bonecp-0.8.0.RELEASE.jar:/home/runner/.m2/repository/org/apache/derby/derby/10.14.2.0/derby-10.14.2.0.jar:/home/runner/.m2/repository/org/xerial/sqlite-jdbc/3.25.2/sqlite-jdbc-3.25.2.jar:/home/runner/.m2/repository/org/springframework/spring-jdbc/5.3.23/spring-jdbc-5.3.23.jar:/home/runner/.m2/repository/org/springframework/spring-beans/5.3.23/spring-beans-5.3.23.jar:/home/runner/.m2/repository/org/springframework/spring-core/5.3.23/spring-core-5.3.23.jar:/home/runner/.m2/repository/org/springframework/spring-jcl/5.3.23/spring-jcl-5.3.23.jar:/home/runner/.m2/repository/org/springframework/spring-tx/5.3.23/spring-tx-5.3.23.jar:/home/runner/.m2/repository/org/apache/ozone/ozone-client/1.4.0-SNAPSHOT/ozone-client-1.4.0-SNAPSHOT.jar:/home/runner/.m2/repository/org/apache/ozone/hdds-erasurecode/1.4.0-SNAPSHOT/hdds-erasurecode-1.4.0-SNAPSHOT.jar:/home/runner/.m2/repository/org/apache/ozone/ozone-filesystem/1.4.0-SNAPSHOT/ozone-filesystem-1.4.0-SNAPSHOT.jar:/home/runner/.m2/repository/org/apache/ozone/ozone-filesystem-common/1.4.0-SNAPSHOT/ozone-filesystem-common-1.4.0-SNAPSHOT.jar:/home/runner/.m2/repository/org/apache/ozone/ozone-tools/1.4.0-SNAPSHOT/ozone-tools-1.4.0-SNAPSHOT.jar:/home/runner/.m2/repository/com/amazonaws/aws-java-sdk-core/1.12.261/aws-java-sdk-core-1.12.261.jar:/home/runner/.m2/repository/org/apache/httpcomponents/httpclient/4.5.13/httpclient-4.5.13.jar:/home/runner/.m2/repository/org/apache/httpcomponents/httpcore/4.4.13/httpcore-4.4.13.jar:/home/runner/.m2/repository/software/amazon/ion/ion-java/1.0.2/ion-java-1.0.2.jar:/home/runner/.m2/repository/com/fasterxml/jackson/dataformat/jackson-dataformat-cbor/2.13.4/jackson-dataformat-cbor-2.13.4.jar:/home/runner/.m2/repository/joda-time/joda-time/2.10.6/joda-time-2.10.6.jar:/home/runner/.m2/repository/com/amazonaws/aws-java-sdk-s3/1.12.261/aws-java-sdk-s3-1.12.261.jar:/home/runner/.m2/repository/com/amazonaws/aws-java-sdk-kms/1.12.261/aws-java-sdk-kms-1.12.261.jar:/home/runner/.m2/repository/com/amazonaws/jmespath-java/1.12.261/jmespath-java-1.12.261.jar:/home/runner/.m2/repository/org/kohsuke/metainf-services/metainf-services/1.8/metainf-services-1.8.jar:/home/runner/.m2/repository/org/apache/ozone/hdds-tools/1.4.0-SNAPSHOT/hdds-tools-1.4.0-SNAPSHOT.jar:/home/runner/.m2/repository/org/apache/ratis/ratis-tools/2.4.2-8b8bdda-SNAPSHOT/ratis-tools-2.4.2-8b8bdda-SNAPSHOT.jar:/home/runner/.m2/repository/commons-cli/commons-cli/1.2/commons-cli-1.2.jar:/home/runner/.m2/repository/org/apache/commons/commons-lang3/3.7/commons-lang3-3.7.jar:/home/runner/.m2/repository/org/apache/ozone/ozone-manager/1.4.0-SNAPSHOT/ozone-manager-1.4.0-SNAPSHOT-tests.jar:/home/runner/.m2/repository/org/apache/ozone/hdds-common/1.4.0-SNAPSHOT/hdds-common-1.4.0-SNAPSHOT-tests.jar:/home/runner/.m2/repository/org/apache/ozone/hdds-hadoop-dependency-client/1.4.0-SNAPSHOT/hdds-hadoop-dependency-client-1.4.0-SNAPSHOT.jar:/home/runner/.m2/repository/info/picocli/picocli/4.6.1/picocli-4.6.1.jar:/home/runner/.m2/repository/com/fasterxml/jackson/core/jackson-annotations/2.13.4/jackson-annotations-2.13.4.jar:/home/runner/.m2/repository/org/apache/ozone/hdds-annotation-processing/1.4.0-SNAPSHOT/hdds-annotation-processing-1.4.0-SNAPSHOT.jar:/home/runner/.m2/repository/javax/annotation/javax.annotation-api/1.2/javax.annotation-api-1.2.jar:/home/runner/.m2/repository/org/apache/ratis/ratis-netty/2.4.2-8b8bdda-SNAPSHOT/ratis-netty-2.4.2-8b8bdda-SNAPSHOT.jar:/home/runner/.m2/repository/org/apache/ratis/ratis-grpc/2.4.2-8b8bdda-SNAPSHOT/ratis-grpc-2.4.2-8b8bdda-SNAPSHOT.jar:/home/runner/.m2/repository/org/apache/logging/log4j/log4j-api/2.17.1/log4j-api-2.17.1.jar:/home/runner/.m2/repository/org/apache/commons/commons-pool2/2.6.0/commons-pool2-2.6.0.jar:/home/runner/.m2/repository/org/bouncycastle/bcpkix-jdk15on/1.67/bcpkix-jdk15on-1.67.jar:/home/runner/.m2/repository/commons-validator/commons-validator/1.6/commons-validator-1.6.jar:/home/runner/.m2/repository/commons-beanutils/commons-beanutils/1.9.4/commons-beanutils-1.9.4.jar:/home/runner/.m2/repository/commons-digester/commons-digester/1.8.1/commons-digester-1.8.1.jar:/home/runner/.m2/repository/commons-collections/commons-collections/3.2.2/commons-collections-3.2.2.jar:/home/runner/.m2/repository/io/jaegertracing/jaeger-client/1.6.0/jaeger-client-1.6.0.jar:/home/runner/.m2/repository/io/jaegertracing/jaeger-thrift/1.6.0/jaeger-thrift-1.6.0.jar:/home/runner/.m2/repository/org/apache/thrift/libthrift/0.14.1/libthrift-0.14.1.jar:/home/runner/.m2/repository/io/jaegertracing/jaeger-core/1.6.0/jaeger-core-1.6.0.jar:/home/runner/.m2/repository/io/jaegertracing/jaeger-tracerresolver/1.6.0/jaeger-tracerresolver-1.6.0.jar:/home/runner/.m2/repository/io/opentracing/contrib/opentracing-tracerresolver/0.1.8/opentracing-tracerresolver-0.1.8.jar:/home/runner/.m2/repository/org/jetbrains/kotlin/kotlin-stdlib/1.6.21/kotlin-stdlib-1.6.21.jar:/home/runner/.m2/repository/org/jetbrains/annotations/13.0/annotations-13.0.jar:/home/runner/.m2/repository/io/opentracing/opentracing-util/0.33.0/opentracing-util-0.33.0.jar:/home/runner/.m2/repository/io/opentracing/opentracing-api/0.33.0/opentracing-api-0.33.0.jar:/home/runner/.m2/repository/io/opentracing/opentracing-noop/0.33.0/opentracing-noop-0.33.0.jar:/home/runner/.m2/repository/org/yaml/snakeyaml/2.0/snakeyaml-2.0.jar:/home/runner/.m2/repository/junit/junit/4.13.1/junit-4.13.1.jar:/home/runner/.m2/repository/org/hamcrest/hamcrest-core/1.3/hamcrest-core-1.3.jar:/home/runner/.m2/repository/org/junit/jupiter/junit-jupiter-api/5.8.2/junit-jupiter-api-5.8.2.jar:/home/runner/.m2/repository/org/opentest4j/opentest4j/1.2.0/opentest4j-1.2.0.jar:/home/runner/.m2/repository/org/junit/platform/junit-platform-commons/1.8.2/junit-platform-commons-1.8.2.jar:/home/runner/.m2/repository/org/apiguardian/apiguardian-api/1.1.2/apiguardian-api-1.1.2.jar:/home/runner/.m2/repository/org/junit/jupiter/junit-jupiter-params/5.8.2/junit-jupiter-params-5.8.2.jar:/home/runner/.m2/repository/org/junit/jupiter/junit-jupiter-migrationsupport/5.8.2/junit-jupiter-migrationsupport-5.8.2.jar:/home/runner/.m2/repository/org/junit/jupiter/junit-jupiter-engine/5.8.2/junit-jupiter-engine-5.8.2.jar:/home/runner/.m2/repository/org/junit/platform/junit-platform-engine/1.8.2/junit-platform-engine-1.8.2.jar:/home/runner/.m2/repository/org/junit/vintage/junit-vintage-engine/5.8.2/junit-vintage-engine-5.8.2.jar:/home/runner/.m2/repository/org/junit/platform/junit-platform-launcher/1.8.2/junit-platform-launcher-1.8.2.jar:/home/runner/.m2/repository/org/mockito/mockito-core/2.28.2/mockito-core-2.28.2.jar:/home/runner/.m2/repository/net/bytebuddy/byte-buddy/1.9.10/byte-buddy-1.9.10.jar:/home/runner/.m2/repository/net/bytebuddy/byte-buddy-agent/1.9.10/byte-buddy-agent-1.9.10.jar:/home/runner/.m2/repository/org/objenesis/objenesis/1.0/objenesis-1.0.jar:/home/runner/.m2/repository/org/apache/hadoop/hadoop-kms/3.3.4/hadoop-kms-3.3.4.jar:/home/runner/.m2/repository/org/apache/hadoop/hadoop-auth/3.3.4/hadoop-auth-3.3.4.jar:/home/runner/.m2/repository/com/nimbusds/nimbus-jose-jwt/9.8.1/nimbus-jose-jwt-9.8.1.jar:/home/runner/.m2/repository/com/github/stephenc/jcip/jcip-annotations/1.0-1/jcip-annotations-1.0-1.jar:/home/runner/.m2/repository/net/minidev/json-smart/2.4.7/json-smart-2.4.7.jar:/home/runner/.m2/repository/net/minidev/accessors-smart/2.4.7/accessors-smart-2.4.7.jar:/home/runner/.m2/repository/org/ow2/asm/asm/5.0.4/asm-5.0.4.jar:/home/runner/.m2/repository/org/apache/zookeeper/zookeeper/3.5.6/zookeeper-3.5.6.jar:/home/runner/.m2/repository/org/apache/zookeeper/zookeeper-jute/3.5.6/zookeeper-jute-3.5.6.jar:/home/runner/.m2/repository/org/apache/yetus/audience-annotations/0.5.0/audience-annotations-0.5.0.jar:/home/runner/.m2/repository/org/apache/curator/curator-framework/4.2.0/curator-framework-4.2.0.jar:/home/runner/.m2/repository/org/apache/hadoop/thirdparty/hadoop-shaded-guava/1.1.1/hadoop-shaded-guava-1.1.1.jar:/home/runner/.m2/repository/com/sun/jersey/jersey-core/1.19/jersey-core-1.19.jar:/home/runner/.m2/repository/javax/ws/rs/jsr311-api/1.1.1/jsr311-api-1.1.1.jar:/home/runner/.m2/repository/com/sun/jersey/jersey-server/1.19/jersey-server-1.19.jar:/home/runner/.m2/repository/javax/servlet/javax.servlet-api/3.1.0/javax.servlet-api-3.1.0.jar:/home/runner/.m2/repository/org/apache/hadoop/hadoop-common/3.3.4/hadoop-common-3.3.4.jar:/home/runner/.m2/repository/org/apache/commons/commons-math3/3.1.1/commons-math3-3.1.1.jar:/home/runner/.m2/repository/commons-net/commons-net/3.9.0/commons-net-3.9.0.jar:/home/runner/.m2/repository/com/sun/jersey/jersey-servlet/1.19/jersey-servlet-1.19.jar:/home/runner/.m2/repository/com/sun/jersey/jersey-json/1.19/jersey-json-1.19.jar:/home/runner/.m2/repository/org/codehaus/jettison/jettison/1.1/jettison-1.1.jar:/home/runner/.m2/repository/com/sun/xml/bind/jaxb-impl/2.2.3-1/jaxb-impl-2.2.3-1.jar:/home/runner/.m2/repository/org/codehaus/jackson/jackson-jaxrs/1.9.2/jackson-jaxrs-1.9.2.jar:/home/runner/.m2/repository/org/codehaus/jackson/jackson-xc/1.9.2/jackson-xc-1.9.2.jar:/home/runner/.m2/repository/com/google/re2j/re2j/1.1/re2j-1.1.jar:/home/runner/.m2/repository/com/jcraft/jsch/0.1.54/jsch-0.1.54.jar:/home/runner/.m2/repository/org/apache/curator/curator-client/4.2.0/curator-client-4.2.0.jar:/home/runner/.m2/repository/org/apache/curator/curator-recipes/4.2.0/curator-recipes-4.2.0.jar:/home/runner/.m2/repository/org/apache/kerby/kerb-core/1.0.1/kerb-core-1.0.1.jar:/home/runner/.m2/repository/org/apache/kerby/kerby-pkix/1.0.1/kerby-pkix-1.0.1.jar:/home/runner/.m2/repository/org/apache/kerby/kerby-asn1/1.0.1/kerby-asn1-1.0.1.jar:/home/runner/.m2/repository/org/apache/kerby/kerby-util/1.0.1/kerby-util-1.0.1.jar:/home/runner/.m2/repository/dnsjava/dnsjava/2.1.7/dnsjava-2.1.7.jar:/home/runner/.m2/repository/org/xerial/snappy/snappy-java/1.1.8.2/snappy-java-1.1.8.2.jar:/home/runner/.m2/repository/com/fasterxml/jackson/core/jackson-databind/2.13.4.2/jackson-databind-2.13.4.2.jar:/home/runner/.m2/repository/org/apache/hadoop/hadoop-kms/3.3.4/hadoop-kms-3.3.4-tests.jar:/home/runner/.m2/repository/org/apache/ozone/hdds-server-scm/1.4.0-SNAPSHOT/hdds-server-scm-1.4.0-SNAPSHOT-tests.jar:/home/runner/.m2/repository/org/apache/ozone/hdds-container-service/1.4.0-SNAPSHOT/hdds-container-service-1.4.0-SNAPSHOT-tests.jar:/home/runner/.m2/repository/com/github/luben/zstd-jni/1.5.2-5/zstd-jni-1.5.2-5.jar:/home/runner/.m2/repository/commons-codec/commons-codec/1.15/commons-codec-1.15.jar:/home/runner/.m2/repository/io/netty/netty-codec/4.1.86.Final/netty-codec-4.1.86.Final.jar:/home/runner/.m2/repository/io/netty/netty-handler/4.1.86.Final/netty-handler-4.1.86.Final.jar:/home/runner/.m2/repository/org/apache/ozone/hdds-hadoop-dependency-test/1.4.0-SNAPSHOT/hdds-hadoop-dependency-test-1.4.0-SNAPSHOT.jar:/home/runner/.m2/repository/org/apache/hadoop/hadoop-common/3.3.4/hadoop-common-3.3.4-tests.jar:/home/runner/.m2/repository/org/apache/hadoop/hadoop-hdfs/3.3.4/hadoop-hdfs-3.3.4-tests.jar:/home/runner/.m2/repository/org/assertj/assertj-core/3.12.2/assertj-core-3.12.2.jar:/home/runner/.m2/repository/org/apache/hadoop/hadoop-distcp/3.3.4/hadoop-distcp-3.3.4.jar:/home/runner/.m2/repository/org/apache/hadoop/hadoop-mapreduce-client-jobclient/3.3.4/hadoop-mapreduce-client-jobclient-3.3.4.jar:/home/runner/.m2/repository/org/apache/hadoop/hadoop-mapreduce-client-common/3.3.4/hadoop-mapreduce-client-common-3.3.4.jar:/home/runner/.m2/repository/org/apache/hadoop/hadoop-yarn-common/3.3.4/hadoop-yarn-common-3.3.4.jar:/home/runner/.m2/repository/org/apache/hadoop/hadoop-yarn-api/3.3.4/hadoop-yarn-api-3.3.4.jar:/home/runner/.m2/repository/com/sun/jersey/contribs/jersey-guice/1.19/jersey-guice-1.19.jar:/home/runner/.m2/repository/com/fasterxml/jackson/jaxrs/jackson-jaxrs-json-provider/2.13.4/jackson-jaxrs-json-provider-2.13.4.jar:/home/runner/.m2/repository/com/fasterxml/jackson/jaxrs/jackson-jaxrs-base/2.13.4/jackson-jaxrs-base-2.13.4.jar:/home/runner/.m2/repository/org/apache/hadoop/hadoop-yarn-client/3.3.4/hadoop-yarn-client-3.3.4.jar:/home/runner/.m2/repository/org/eclipse/jetty/websocket/websocket-client/9.4.43.v20210629/websocket-client-9.4.43.v20210629.jar:/home/runner/.m2/repository/org/eclipse/jetty/websocket/websocket-common/9.4.43.v20210629/websocket-common-9.4.43.v20210629.jar:/home/runner/.m2/repository/org/eclipse/jetty/websocket/websocket-api/9.4.43.v20210629/websocket-api-9.4.43.v20210629.jar:/home/runner/.m2/repository/org/jline/jline/3.9.0/jline-3.9.0.jar:/home/runner/.m2/repository/org/apache/hadoop/hadoop-mapreduce-client-core/3.3.4/hadoop-mapreduce-client-core-3.3.4.jar:/home/runner/.m2/repository/org/apache/avro/avro/1.7.7/avro-1.7.7.jar:/home/runner/.m2/repository/org/codehaus/jackson/jackson-core-asl/1.9.13/jackson-core-asl-1.9.13.jar:/home/runner/.m2/repository/org/codehaus/jackson/jackson-mapper-asl/1.9.13/jackson-mapper-asl-1.9.13.jar:/home/runner/.m2/repository/com/thoughtworks/paranamer/paranamer/2.3/paranamer-2.3.jar:/home/runner/.m2/repository/org/apache/hadoop/hadoop-annotations/3.3.4/hadoop-annotations-3.3.4.jar:/usr/lib/jvm/temurin-8-jdk-amd64/jre/../lib/tools.jar:/home/runner/.m2/repository/io/netty/netty/3.10.6.Final/netty-3.10.6.Final.jar:/home/runner/.m2/repository/org/apache/hadoop/hadoop-distcp/3.3.4/hadoop-distcp-3.3.4-tests.jar:/home/runner/.m2/repository/org/slf4j/jul-to-slf4j/1.7.36/jul-to-slf4j-1.7.36.jar:"/>
    <property name="java.vm.vendor" value="Temurin"/>
    <property name="sun.arch.data.model" value="64"/>
    <property name="test.build.dir" value="/home/runner/work/ozone/ozone/hadoop-ozone/integration-test/target/test-dir"/>
    <property name="test.cache.data" value=""/>
    <property name="java.vendor.url" value="https://adoptium.net/"/>
    <property name="user.timezone" value="Etc/UTC"/>
    <property name="java.vm.specification.version" value="1.8"/>
    <property name="os.name" value="Linux"/>
    <property name="test.build.data" value="/home/runner/work/ozone/ozone/hadoop-ozone/integration-test/target/test-dir"/>
    <property name="sun.java.launcher" value="SUN_STANDARD"/>
    <property name="sun.boot.library.path" value="/usr/lib/jvm/temurin-8-jdk-amd64/jre/lib/amd64"/>
    <property name="sun.java.command" value="/home/runner/work/ozone/ozone/hadoop-ozone/integration-test/target/surefire/surefirebooter6291502666380703516.jar /home/runner/work/ozone/ozone/hadoop-ozone/integration-test/target/surefire 2023-03-16T19-23-19_637-jvmRun1 surefire2010761480425059776tmp surefire_388493377897088190701tmp"/>
    <property name="surefire.test.class.path" value="/home/runner/work/ozone/ozone/hadoop-ozone/integration-test/target/test-classes:/home/runner/work/ozone/ozone/hadoop-ozone/integration-test/target/classes:/home/runner/.m2/repository/org/apache/ozone/ozone-common/1.4.0-SNAPSHOT/ozone-common-1.4.0-SNAPSHOT.jar:/home/runner/.m2/repository/io/grpc/grpc-netty/1.51.1/grpc-netty-1.51.1.jar:/home/runner/.m2/repository/io/grpc/grpc-core/1.51.1/grpc-core-1.51.1.jar:/home/runner/.m2/repository/com/google/android/annotations/4.1.1.4/annotations-4.1.1.4.jar:/home/runner/.m2/repository/org/codehaus/mojo/animal-sniffer-annotations/1.21/animal-sniffer-annotations-1.21.jar:/home/runner/.m2/repository/com/google/errorprone/error_prone_annotations/2.2.0/error_prone_annotations-2.2.0.jar:/home/runner/.m2/repository/io/perfmark/perfmark-api/0.25.0/perfmark-api-0.25.0.jar:/home/runner/.m2/repository/io/netty/netty-codec-http2/4.1.86.Final/netty-codec-http2-4.1.86.Final.jar:/home/runner/.m2/repository/io/netty/netty-common/4.1.86.Final/netty-common-4.1.86.Final.jar:/home/runner/.m2/repository/io/netty/netty-buffer/4.1.86.Final/netty-buffer-4.1.86.Final.jar:/home/runner/.m2/repository/io/netty/netty-codec-http/4.1.86.Final/netty-codec-http-4.1.86.Final.jar:/home/runner/.m2/repository/io/netty/netty-handler-proxy/4.1.86.Final/netty-handler-proxy-4.1.86.Final.jar:/home/runner/.m2/repository/io/netty/netty-codec-socks/4.1.86.Final/netty-codec-socks-4.1.86.Final.jar:/home/runner/.m2/repository/io/netty/netty-tcnative-boringssl-static/2.0.54.Final/netty-tcnative-boringssl-static-2.0.54.Final.jar:/home/runner/.m2/repository/io/netty/netty-tcnative-classes/2.0.54.Final/netty-tcnative-classes-2.0.54.Final.jar:/home/runner/.m2/repository/io/netty/netty-tcnative-boringssl-static/2.0.54.Final/netty-tcnative-boringssl-static-2.0.54.Final-linux-x86_64.jar:/home/runner/.m2/repository/io/netty/netty-tcnative-boringssl-static/2.0.54.Final/netty-tcnative-boringssl-static-2.0.54.Final-linux-aarch_64.jar:/home/runner/.m2/repository/io/netty/netty-tcnative-boringssl-static/2.0.54.Final/netty-tcnative-boringssl-static-2.0.54.Final-osx-x86_64.jar:/home/runner/.m2/repository/io/netty/netty-tcnative-boringssl-static/2.0.54.Final/netty-tcnative-boringssl-static-2.0.54.Final-osx-aarch_64.jar:/home/runner/.m2/repository/io/netty/netty-tcnative-boringssl-static/2.0.54.Final/netty-tcnative-boringssl-static-2.0.54.Final-windows-x86_64.jar:/home/runner/.m2/repository/org/apache/commons/commons-compress/1.21/commons-compress-1.21.jar:/home/runner/.m2/repository/org/apache/ozone/hdds-common/1.4.0-SNAPSHOT/hdds-common-1.4.0-SNAPSHOT.jar:/home/runner/.m2/repository/org/apache/ozone/hdds-client/1.4.0-SNAPSHOT/hdds-client-1.4.0-SNAPSHOT.jar:/home/runner/.m2/repository/org/apache/ozone/ozone-interface-client/1.4.0-SNAPSHOT/ozone-interface-client-1.4.0-SNAPSHOT.jar:/home/runner/.m2/repository/org/apache/ozone/hdds-test-utils/1.4.0-SNAPSHOT/hdds-test-utils-1.4.0-SNAPSHOT.jar:/home/runner/.m2/repository/com/google/guava/guava/31.1-jre/guava-31.1-jre.jar:/home/runner/.m2/repository/com/google/guava/failureaccess/1.0.1/failureaccess-1.0.1.jar:/home/runner/.m2/repository/com/google/guava/listenablefuture/9999.0-empty-to-avoid-conflict-with-guava/listenablefuture-9999.0-empty-to-avoid-conflict-with-guava.jar:/home/runner/.m2/repository/com/google/code/findbugs/jsr305/3.0.0/jsr305-3.0.0.jar:/home/runner/.m2/repository/org/checkerframework/checker-qual/3.12.0/checker-qual-3.12.0.jar:/home/runner/.m2/repository/com/google/j2objc/j2objc-annotations/1.3/j2objc-annotations-1.3.jar:/home/runner/.m2/repository/commons-io/commons-io/2.11.0/commons-io-2.11.0.jar:/home/runner/.m2/repository/commons-logging/commons-logging/1.2/commons-logging-1.2.jar:/home/runner/.m2/repository/ch/qos/reload4j/reload4j/1.2.22/reload4j-1.2.22.jar:/home/runner/.m2/repository/org/slf4j/slf4j-api/1.7.36/slf4j-api-1.7.36.jar:/home/runner/.m2/repository/org/apache/ozone/hdds-server-scm/1.4.0-SNAPSHOT/hdds-server-scm-1.4.0-SNAPSHOT.jar:/home/runner/.m2/repository/org/apache/ozone/hdds-container-service/1.4.0-SNAPSHOT/hdds-container-service-1.4.0-SNAPSHOT.jar:/home/runner/.m2/repository/org/apache/ozone/hdds-hadoop-dependency-server/1.4.0-SNAPSHOT/hdds-hadoop-dependency-server-1.4.0-SNAPSHOT.jar:/home/runner/.m2/repository/org/apache/hadoop/hadoop-hdfs/3.3.4/hadoop-hdfs-3.3.4.jar:/home/runner/.m2/repository/commons-daemon/commons-daemon/1.0.13/commons-daemon-1.0.13.jar:/home/runner/.m2/repository/org/apache/ozone/hdds-server-framework/1.4.0-SNAPSHOT/hdds-server-framework-1.4.0-SNAPSHOT.jar:/home/runner/.m2/repository/io/dropwizard/metrics/metrics-core/3.2.4/metrics-core-3.2.4.jar:/home/runner/.m2/repository/org/apache/commons/commons-text/1.4/commons-text-1.4.jar:/home/runner/.m2/repository/org/apache/hadoop/hadoop-hdfs-client/3.3.4/hadoop-hdfs-client-3.3.4.jar:/home/runner/.m2/repository/com/squareup/okhttp3/okhttp/4.9.3/okhttp-4.9.3.jar:/home/runner/.m2/repository/com/squareup/okio/okio/2.8.0/okio-2.8.0.jar:/home/runner/.m2/repository/org/jetbrains/kotlin/kotlin-stdlib-common/1.6.21/kotlin-stdlib-common-1.6.21.jar:/home/runner/.m2/repository/org/bouncycastle/bcprov-jdk15on/1.67/bcprov-jdk15on-1.67.jar:/home/runner/.m2/repository/com/google/protobuf/protobuf-java/2.5.0/protobuf-java-2.5.0.jar:/home/runner/.m2/repository/org/apache/ozone/hdds-server-framework/1.4.0-SNAPSHOT/hdds-server-framework-1.4.0-SNAPSHOT-tests.jar:/home/runner/.m2/repository/org/apache/ozone/hdds-interface-server/1.4.0-SNAPSHOT/hdds-interface-server-1.4.0-SNAPSHOT.jar:/home/runner/.m2/repository/org/apache/ozone/hdds-interface-admin/1.4.0-SNAPSHOT/hdds-interface-admin-1.4.0-SNAPSHOT.jar:/home/runner/.m2/repository/org/apache/ozone/hdds-managed-rocksdb/1.4.0-SNAPSHOT/hdds-managed-rocksdb-1.4.0-SNAPSHOT.jar:/home/runner/.m2/repository/org/rocksdb/rocksdbjni/7.7.3/rocksdbjni-7.7.3.jar:/home/runner/.m2/repository/org/slf4j/slf4j-reload4j/1.7.36/slf4j-reload4j-1.7.36.jar:/home/runner/.m2/repository/org/apache/commons/commons-configuration2/2.1.1/commons-configuration2-2.1.1.jar:/home/runner/.m2/repository/org/apache/logging/log4j/log4j-core/2.17.1/log4j-core-2.17.1.jar:/home/runner/.m2/repository/com/lmax/disruptor/3.4.2/disruptor-3.4.2.jar:/home/runner/.m2/repository/org/eclipse/jetty/jetty-util/9.4.49.v20220914/jetty-util-9.4.49.v20220914.jar:/home/runner/.m2/repository/org/eclipse/jetty/jetty-server/9.4.49.v20220914/jetty-server-9.4.49.v20220914.jar:/home/runner/.m2/repository/org/eclipse/jetty/jetty-http/9.4.49.v20220914/jetty-http-9.4.49.v20220914.jar:/home/runner/.m2/repository/org/eclipse/jetty/jetty-io/9.4.49.v20220914/jetty-io-9.4.49.v20220914.jar:/home/runner/.m2/repository/org/eclipse/jetty/jetty-servlet/9.4.49.v20220914/jetty-servlet-9.4.49.v20220914.jar:/home/runner/.m2/repository/org/eclipse/jetty/jetty-security/9.4.49.v20220914/jetty-security-9.4.49.v20220914.jar:/home/runner/.m2/repository/org/eclipse/jetty/jetty-util-ajax/9.4.49.v20220914/jetty-util-ajax-9.4.49.v20220914.jar:/home/runner/.m2/repository/org/eclipse/jetty/jetty-webapp/9.4.49.v20220914/jetty-webapp-9.4.49.v20220914.jar:/home/runner/.m2/repository/org/eclipse/jetty/jetty-xml/9.4.49.v20220914/jetty-xml-9.4.49.v20220914.jar:/home/runner/.m2/repository/org/apache/ratis/ratis-server/2.4.2-8b8bdda-SNAPSHOT/ratis-server-2.4.2-8b8bdda-SNAPSHOT.jar:/home/runner/.m2/repository/org/apache/ratis/ratis-thirdparty-misc/1.0.3/ratis-thirdparty-misc-1.0.3.jar:/home/runner/.m2/repository/org/apache/ratis/ratis-proto/2.4.2-8b8bdda-SNAPSHOT/ratis-proto-2.4.2-8b8bdda-SNAPSHOT.jar:/home/runner/.m2/repository/org/apache/ratis/ratis-common/2.4.2-8b8bdda-SNAPSHOT/ratis-common-2.4.2-8b8bdda-SNAPSHOT.jar:/home/runner/.m2/repository/org/apache/ratis/ratis-client/2.4.2-8b8bdda-SNAPSHOT/ratis-client-2.4.2-8b8bdda-SNAPSHOT.jar:/home/runner/.m2/repository/org/apache/ratis/ratis-server-api/2.4.2-8b8bdda-SNAPSHOT/ratis-server-api-2.4.2-8b8bdda-SNAPSHOT.jar:/home/runner/.m2/repository/org/apache/ratis/ratis-metrics/2.4.2-8b8bdda-SNAPSHOT/ratis-metrics-2.4.2-8b8bdda-SNAPSHOT.jar:/home/runner/.m2/repository/io/prometheus/simpleclient_dropwizard/0.7.0/simpleclient_dropwizard-0.7.0.jar:/home/runner/.m2/repository/io/prometheus/simpleclient/0.7.0/simpleclient-0.7.0.jar:/home/runner/.m2/repository/io/prometheus/simpleclient_common/0.7.0/simpleclient_common-0.7.0.jar:/home/runner/.m2/repository/com/fasterxml/jackson/datatype/jackson-datatype-jsr310/2.13.4/jackson-datatype-jsr310-2.13.4.jar:/home/runner/.m2/repository/com/fasterxml/jackson/core/jackson-core/2.13.4/jackson-core-2.13.4.jar:/home/runner/.m2/repository/com/github/spotbugs/spotbugs-annotations/3.1.12/spotbugs-annotations-3.1.12.jar:/home/runner/.m2/repository/org/apache/ozone/rocksdb-checkpoint-differ/1.4.0-SNAPSHOT/rocksdb-checkpoint-differ-1.4.0-SNAPSHOT.jar:/home/runner/.m2/repository/org/awaitility/awaitility/4.2.0/awaitility-4.2.0.jar:/home/runner/.m2/repository/org/hamcrest/hamcrest/2.1/hamcrest-2.1.jar:/home/runner/.m2/repository/org/apache/ozone/ozone-manager/1.4.0-SNAPSHOT/ozone-manager-1.4.0-SNAPSHOT.jar:/home/runner/.m2/repository/org/aspectj/aspectjrt/1.9.7/aspectjrt-1.9.7.jar:/home/runner/.m2/repository/org/aspectj/aspectjweaver/1.9.7/aspectjweaver-1.9.7.jar:/home/runner/.m2/repository/org/apache/ozone/hdds-interface-client/1.4.0-SNAPSHOT/hdds-interface-client-1.4.0-SNAPSHOT.jar:/home/runner/.m2/repository/org/apache/hadoop/thirdparty/hadoop-shaded-protobuf_3_7/1.1.1/hadoop-shaded-protobuf_3_7-1.1.1.jar:/home/runner/.m2/repository/org/apache/ozone/ozone-interface-storage/1.4.0-SNAPSHOT/ozone-interface-storage-1.4.0-SNAPSHOT.jar:/home/runner/.m2/repository/org/reflections/reflections/0.9.11/reflections-0.9.11.jar:/home/runner/.m2/repository/com/sun/jersey/jersey-client/1.19/jersey-client-1.19.jar:/home/runner/.m2/repository/org/apache/ranger/ranger-intg/2.3.0/ranger-intg-2.3.0.jar:/home/runner/.m2/repository/org/apache/ranger/ranger-plugins-common/2.3.0/ranger-plugins-common-2.3.0.jar:/home/runner/.m2/repository/commons-lang/commons-lang/2.6/commons-lang-2.6.jar:/home/runner/.m2/repository/org/apache/ranger/ranger-plugins-cred/2.3.0/ranger-plugins-cred-2.3.0.jar:/home/runner/.m2/repository/org/apache/ranger/ranger-plugins-audit/2.3.0/ranger-plugins-audit-2.3.0.jar:/home/runner/.m2/repository/org/eclipse/jetty/jetty-client/9.4.49.v20220914/jetty-client-9.4.49.v20220914.jar:/home/runner/.m2/repository/org/apache/httpcomponents/httpmime/4.5.6/httpmime-4.5.6.jar:/home/runner/.m2/repository/org/apache/httpcomponents/httpcore-nio/4.4.13/httpcore-nio-4.4.13.jar:/home/runner/.m2/repository/org/apache/httpcomponents/httpasyncclient/4.1.3/httpasyncclient-4.1.3.jar:/home/runner/.m2/repository/com/carrotsearch/hppc/0.8.0/hppc-0.8.0.jar:/home/runner/.m2/repository/org/apache/orc/orc-core/1.5.8/orc-core-1.5.8.jar:/home/runner/.m2/repository/net/java/dev/jna/jna/5.2.0/jna-5.2.0.jar:/home/runner/.m2/repository/net/java/dev/jna/jna-platform/5.2.0/jna-platform-5.2.0.jar:/home/runner/.m2/repository/com/kstruct/gethostname4j/0.0.2/gethostname4j-0.0.2.jar:/home/runner/.m2/repository/org/apache/ranger/ranger-plugin-classloader/2.3.0/ranger-plugin-classloader-2.3.0.jar:/home/runner/.m2/repository/org/apache/hadoop/hadoop-minikdc/3.3.4/hadoop-minikdc-3.3.4.jar:/home/runner/.m2/repository/org/apache/kerby/kerb-simplekdc/1.0.1/kerb-simplekdc-1.0.1.jar:/home/runner/.m2/repository/org/apache/kerby/kerb-client/1.0.1/kerb-client-1.0.1.jar:/home/runner/.m2/repository/org/apache/kerby/kerby-config/1.0.1/kerby-config-1.0.1.jar:/home/runner/.m2/repository/org/apache/kerby/kerb-common/1.0.1/kerb-common-1.0.1.jar:/home/runner/.m2/repository/org/apache/kerby/kerb-crypto/1.0.1/kerb-crypto-1.0.1.jar:/home/runner/.m2/repository/org/apache/kerby/kerb-util/1.0.1/kerb-util-1.0.1.jar:/home/runner/.m2/repository/org/apache/kerby/token-provider/1.0.1/token-provider-1.0.1.jar:/home/runner/.m2/repository/org/apache/kerby/kerb-admin/1.0.1/kerb-admin-1.0.1.jar:/home/runner/.m2/repository/org/apache/kerby/kerb-server/1.0.1/kerb-server-1.0.1.jar:/home/runner/.m2/repository/org/apache/kerby/kerb-identity/1.0.1/kerb-identity-1.0.1.jar:/home/runner/.m2/repository/org/apache/kerby/kerby-xdr/1.0.1/kerby-xdr-1.0.1.jar:/home/runner/.m2/repository/org/apache/ozone/ozone-s3gateway/1.4.0-SNAPSHOT/ozone-s3gateway-1.4.0-SNAPSHOT.jar:/home/runner/.m2/repository/org/javassist/javassist/3.21.0-GA/javassist-3.21.0-GA.jar:/home/runner/.m2/repository/org/jboss/weld/servlet/weld-servlet-shaded/3.1.9.Final/weld-servlet-shaded-3.1.9.Final.jar:/home/runner/.m2/repository/org/glassfish/jersey/containers/jersey-container-servlet-core/2.34/jersey-container-servlet-core-2.34.jar:/home/runner/.m2/repository/org/glassfish/hk2/external/jakarta.inject/2.6.1/jakarta.inject-2.6.1.jar:/home/runner/.m2/repository/org/glassfish/jersey/core/jersey-common/2.34/jersey-common-2.34.jar:/home/runner/.m2/repository/jakarta/ws/rs/jakarta.ws.rs-api/2.1.6/jakarta.ws.rs-api-2.1.6.jar:/home/runner/.m2/repository/org/glassfish/jersey/ext/cdi/jersey-cdi1x/2.34/jersey-cdi1x-2.34.jar:/home/runner/.m2/repository/org/glassfish/jersey/inject/jersey-hk2/2.34/jersey-hk2-2.34.jar:/home/runner/.m2/repository/org/glassfish/hk2/hk2-locator/2.6.1/hk2-locator-2.6.1.jar:/home/runner/.m2/repository/org/glassfish/jersey/media/jersey-media-jaxb/2.34/jersey-media-jaxb-2.34.jar:/home/runner/.m2/repository/org/glassfish/hk2/osgi-resource-locator/1.0.3/osgi-resource-locator-1.0.3.jar:/home/runner/.m2/repository/org/glassfish/hk2/hk2-api/2.5.0/hk2-api-2.5.0.jar:/home/runner/.m2/repository/org/glassfish/hk2/hk2-utils/2.5.0/hk2-utils-2.5.0.jar:/home/runner/.m2/repository/org/glassfish/hk2/external/aopalliance-repackaged/2.5.0/aopalliance-repackaged-2.5.0.jar:/home/runner/.m2/repository/com/fasterxml/jackson/dataformat/jackson-dataformat-xml/2.13.4/jackson-dataformat-xml-2.13.4.jar:/home/runner/.m2/repository/org/codehaus/woodstox/stax2-api/4.2.1/stax2-api-4.2.1.jar:/home/runner/.m2/repository/com/fasterxml/woodstox/woodstox-core/5.4.0/woodstox-core-5.4.0.jar:/home/runner/.m2/repository/com/fasterxml/jackson/module/jackson-module-jaxb-annotations/2.13.4/jackson-module-jaxb-annotations-2.13.4.jar:/home/runner/.m2/repository/jakarta/xml/bind/jakarta.xml.bind-api/2.3.3/jakarta.xml.bind-api-2.3.3.jar:/home/runner/.m2/repository/jakarta/activation/jakarta.activation-api/1.2.2/jakarta.activation-api-1.2.2.jar:/home/runner/.m2/repository/javax/enterprise/cdi-api/2.0/cdi-api-2.0.jar:/home/runner/.m2/repository/javax/el/javax.el-api/3.0.0/javax.el-api-3.0.0.jar:/home/runner/.m2/repository/javax/interceptor/javax.interceptor-api/1.2/javax.interceptor-api-1.2.jar:/home/runner/.m2/repository/javax/inject/javax.inject/1/javax.inject-1.jar:/home/runner/.m2/repository/javax/xml/bind/jaxb-api/2.3.0/jaxb-api-2.3.0.jar:/home/runner/.m2/repository/org/glassfish/jaxb/jaxb-runtime/2.3.0.1/jaxb-runtime-2.3.0.1.jar:/home/runner/.m2/repository/org/glassfish/jaxb/jaxb-core/2.3.0.1/jaxb-core-2.3.0.1.jar:/home/runner/.m2/repository/org/glassfish/jaxb/txw2/2.3.0.1/txw2-2.3.0.1.jar:/home/runner/.m2/repository/com/sun/istack/istack-commons-runtime/3.0.5/istack-commons-runtime-3.0.5.jar:/home/runner/.m2/repository/org/jvnet/staxex/stax-ex/1.7.8/stax-ex-1.7.8.jar:/home/runner/.m2/repository/com/sun/xml/fastinfoset/FastInfoset/1.2.13/FastInfoset-1.2.13.jar:/home/runner/.m2/repository/javax/activation/activation/1.1.1/activation-1.1.1.jar:/home/runner/.m2/repository/io/grpc/grpc-protobuf/1.51.1/grpc-protobuf-1.51.1.jar:/home/runner/.m2/repository/io/grpc/grpc-api/1.51.1/grpc-api-1.51.1.jar:/home/runner/.m2/repository/io/grpc/grpc-context/1.51.1/grpc-context-1.51.1.jar:/home/runner/.m2/repository/com/google/api/grpc/proto-google-common-protos/2.9.0/proto-google-common-protos-2.9.0.jar:/home/runner/.m2/repository/io/grpc/grpc-protobuf-lite/1.51.1/grpc-protobuf-lite-1.51.1.jar:/home/runner/.m2/repository/io/grpc/grpc-stub/1.51.1/grpc-stub-1.51.1.jar:/home/runner/.m2/repository/io/netty/netty-transport/4.1.86.Final/netty-transport-4.1.86.Final.jar:/home/runner/.m2/repository/io/netty/netty-resolver/4.1.86.Final/netty-resolver-4.1.86.Final.jar:/home/runner/.m2/repository/org/apache/ozone/ozone-csi/1.4.0-SNAPSHOT/ozone-csi-1.4.0-SNAPSHOT.jar:/home/runner/.m2/repository/com/google/protobuf/protobuf-java-util/3.19.6/protobuf-java-util-3.19.6.jar:/home/runner/.m2/repository/com/google/code/gson/gson/2.9.0/gson-2.9.0.jar:/home/runner/.m2/repository/org/apache/ozone/hdds-config/1.4.0-SNAPSHOT/hdds-config-1.4.0-SNAPSHOT.jar:/home/runner/.m2/repository/io/netty/netty-transport-native-epoll/4.1.86.Final/netty-transport-native-epoll-4.1.86.Final-linux-x86_64.jar:/home/runner/.m2/repository/io/netty/netty-transport-classes-epoll/4.1.86.Final/netty-transport-classes-epoll-4.1.86.Final.jar:/home/runner/.m2/repository/io/netty/netty-transport-native-unix-common/4.1.86.Final/netty-transport-native-unix-common-4.1.86.Final.jar:/home/runner/.m2/repository/org/apache/ozone/ozone-recon/1.4.0-SNAPSHOT/ozone-recon-1.4.0-SNAPSHOT.jar:/home/runner/.m2/repository/org/apache/ozone/ozone-reconcodegen/1.4.0-SNAPSHOT/ozone-reconcodegen-1.4.0-SNAPSHOT.jar:/home/runner/.m2/repository/com/google/inject/extensions/guice-multibindings/4.0/guice-multibindings-4.0.jar:/home/runner/.m2/repository/com/google/inject/guice/4.0/guice-4.0.jar:/home/runner/.m2/repository/aopalliance/aopalliance/1.0/aopalliance-1.0.jar:/home/runner/.m2/repository/com/google/inject/extensions/guice-assistedinject/4.0/guice-assistedinject-4.0.jar:/home/runner/.m2/repository/com/google/inject/extensions/guice-servlet/4.0/guice-servlet-4.0.jar:/home/runner/.m2/repository/org/glassfish/jersey/containers/jersey-container-servlet/2.34/jersey-container-servlet-2.34.jar:/home/runner/.m2/repository/org/glassfish/hk2/guice-bridge/2.5.0/guice-bridge-2.5.0.jar:/home/runner/.m2/repository/org/glassfish/jersey/core/jersey-server/2.34/jersey-server-2.34.jar:/home/runner/.m2/repository/org/glassfish/jersey/core/jersey-client/2.34/jersey-client-2.34.jar:/home/runner/.m2/repository/jakarta/annotation/jakarta.annotation-api/1.3.5/jakarta.annotation-api-1.3.5.jar:/home/runner/.m2/repository/jakarta/validation/jakarta.validation-api/2.0.2/jakarta.validation-api-2.0.2.jar:/home/runner/.m2/repository/org/glassfish/jersey/media/jersey-media-json-jackson/2.34/jersey-media-json-jackson-2.34.jar:/home/runner/.m2/repository/org/glassfish/jersey/ext/jersey-entity-filtering/2.34/jersey-entity-filtering-2.34.jar:/home/runner/.m2/repository/org/jooq/jooq/3.11.10/jooq-3.11.10.jar:/home/runner/.m2/repository/org/jooq/jooq-meta/3.11.10/jooq-meta-3.11.10.jar:/home/runner/.m2/repository/org/jooq/jooq-codegen/3.11.10/jooq-codegen-3.11.10.jar:/home/runner/.m2/repository/com/jolbox/bonecp/0.8.0.RELEASE/bonecp-0.8.0.RELEASE.jar:/home/runner/.m2/repository/org/apache/derby/derby/10.14.2.0/derby-10.14.2.0.jar:/home/runner/.m2/repository/org/xerial/sqlite-jdbc/3.25.2/sqlite-jdbc-3.25.2.jar:/home/runner/.m2/repository/org/springframework/spring-jdbc/5.3.23/spring-jdbc-5.3.23.jar:/home/runner/.m2/repository/org/springframework/spring-beans/5.3.23/spring-beans-5.3.23.jar:/home/runner/.m2/repository/org/springframework/spring-core/5.3.23/spring-core-5.3.23.jar:/home/runner/.m2/repository/org/springframework/spring-jcl/5.3.23/spring-jcl-5.3.23.jar:/home/runner/.m2/repository/org/springframework/spring-tx/5.3.23/spring-tx-5.3.23.jar:/home/runner/.m2/repository/org/apache/ozone/ozone-client/1.4.0-SNAPSHOT/ozone-client-1.4.0-SNAPSHOT.jar:/home/runner/.m2/repository/org/apache/ozone/hdds-erasurecode/1.4.0-SNAPSHOT/hdds-erasurecode-1.4.0-SNAPSHOT.jar:/home/runner/.m2/repository/org/apache/ozone/ozone-filesystem/1.4.0-SNAPSHOT/ozone-filesystem-1.4.0-SNAPSHOT.jar:/home/runner/.m2/repository/org/apache/ozone/ozone-filesystem-common/1.4.0-SNAPSHOT/ozone-filesystem-common-1.4.0-SNAPSHOT.jar:/home/runner/.m2/repository/org/apache/ozone/ozone-tools/1.4.0-SNAPSHOT/ozone-tools-1.4.0-SNAPSHOT.jar:/home/runner/.m2/repository/com/amazonaws/aws-java-sdk-core/1.12.261/aws-java-sdk-core-1.12.261.jar:/home/runner/.m2/repository/org/apache/httpcomponents/httpclient/4.5.13/httpclient-4.5.13.jar:/home/runner/.m2/repository/org/apache/httpcomponents/httpcore/4.4.13/httpcore-4.4.13.jar:/home/runner/.m2/repository/software/amazon/ion/ion-java/1.0.2/ion-java-1.0.2.jar:/home/runner/.m2/repository/com/fasterxml/jackson/dataformat/jackson-dataformat-cbor/2.13.4/jackson-dataformat-cbor-2.13.4.jar:/home/runner/.m2/repository/joda-time/joda-time/2.10.6/joda-time-2.10.6.jar:/home/runner/.m2/repository/com/amazonaws/aws-java-sdk-s3/1.12.261/aws-java-sdk-s3-1.12.261.jar:/home/runner/.m2/repository/com/amazonaws/aws-java-sdk-kms/1.12.261/aws-java-sdk-kms-1.12.261.jar:/home/runner/.m2/repository/com/amazonaws/jmespath-java/1.12.261/jmespath-java-1.12.261.jar:/home/runner/.m2/repository/org/kohsuke/metainf-services/metainf-services/1.8/metainf-services-1.8.jar:/home/runner/.m2/repository/org/apache/ozone/hdds-tools/1.4.0-SNAPSHOT/hdds-tools-1.4.0-SNAPSHOT.jar:/home/runner/.m2/repository/org/apache/ratis/ratis-tools/2.4.2-8b8bdda-SNAPSHOT/ratis-tools-2.4.2-8b8bdda-SNAPSHOT.jar:/home/runner/.m2/repository/commons-cli/commons-cli/1.2/commons-cli-1.2.jar:/home/runner/.m2/repository/org/apache/commons/commons-lang3/3.7/commons-lang3-3.7.jar:/home/runner/.m2/repository/org/apache/ozone/ozone-manager/1.4.0-SNAPSHOT/ozone-manager-1.4.0-SNAPSHOT-tests.jar:/home/runner/.m2/repository/org/apache/ozone/hdds-common/1.4.0-SNAPSHOT/hdds-common-1.4.0-SNAPSHOT-tests.jar:/home/runner/.m2/repository/org/apache/ozone/hdds-hadoop-dependency-client/1.4.0-SNAPSHOT/hdds-hadoop-dependency-client-1.4.0-SNAPSHOT.jar:/home/runner/.m2/repository/info/picocli/picocli/4.6.1/picocli-4.6.1.jar:/home/runner/.m2/repository/com/fasterxml/jackson/core/jackson-annotations/2.13.4/jackson-annotations-2.13.4.jar:/home/runner/.m2/repository/org/apache/ozone/hdds-annotation-processing/1.4.0-SNAPSHOT/hdds-annotation-processing-1.4.0-SNAPSHOT.jar:/home/runner/.m2/repository/javax/annotation/javax.annotation-api/1.2/javax.annotation-api-1.2.jar:/home/runner/.m2/repository/org/apache/ratis/ratis-netty/2.4.2-8b8bdda-SNAPSHOT/ratis-netty-2.4.2-8b8bdda-SNAPSHOT.jar:/home/runner/.m2/repository/org/apache/ratis/ratis-grpc/2.4.2-8b8bdda-SNAPSHOT/ratis-grpc-2.4.2-8b8bdda-SNAPSHOT.jar:/home/runner/.m2/repository/org/apache/logging/log4j/log4j-api/2.17.1/log4j-api-2.17.1.jar:/home/runner/.m2/repository/org/apache/commons/commons-pool2/2.6.0/commons-pool2-2.6.0.jar:/home/runner/.m2/repository/org/bouncycastle/bcpkix-jdk15on/1.67/bcpkix-jdk15on-1.67.jar:/home/runner/.m2/repository/commons-validator/commons-validator/1.6/commons-validator-1.6.jar:/home/runner/.m2/repository/commons-beanutils/commons-beanutils/1.9.4/commons-beanutils-1.9.4.jar:/home/runner/.m2/repository/commons-digester/commons-digester/1.8.1/commons-digester-1.8.1.jar:/home/runner/.m2/repository/commons-collections/commons-collections/3.2.2/commons-collections-3.2.2.jar:/home/runner/.m2/repository/io/jaegertracing/jaeger-client/1.6.0/jaeger-client-1.6.0.jar:/home/runner/.m2/repository/io/jaegertracing/jaeger-thrift/1.6.0/jaeger-thrift-1.6.0.jar:/home/runner/.m2/repository/org/apache/thrift/libthrift/0.14.1/libthrift-0.14.1.jar:/home/runner/.m2/repository/io/jaegertracing/jaeger-core/1.6.0/jaeger-core-1.6.0.jar:/home/runner/.m2/repository/io/jaegertracing/jaeger-tracerresolver/1.6.0/jaeger-tracerresolver-1.6.0.jar:/home/runner/.m2/repository/io/opentracing/contrib/opentracing-tracerresolver/0.1.8/opentracing-tracerresolver-0.1.8.jar:/home/runner/.m2/repository/org/jetbrains/kotlin/kotlin-stdlib/1.6.21/kotlin-stdlib-1.6.21.jar:/home/runner/.m2/repository/org/jetbrains/annotations/13.0/annotations-13.0.jar:/home/runner/.m2/repository/io/opentracing/opentracing-util/0.33.0/opentracing-util-0.33.0.jar:/home/runner/.m2/repository/io/opentracing/opentracing-api/0.33.0/opentracing-api-0.33.0.jar:/home/runner/.m2/repository/io/opentracing/opentracing-noop/0.33.0/opentracing-noop-0.33.0.jar:/home/runner/.m2/repository/org/yaml/snakeyaml/2.0/snakeyaml-2.0.jar:/home/runner/.m2/repository/junit/junit/4.13.1/junit-4.13.1.jar:/home/runner/.m2/repository/org/hamcrest/hamcrest-core/1.3/hamcrest-core-1.3.jar:/home/runner/.m2/repository/org/junit/jupiter/junit-jupiter-api/5.8.2/junit-jupiter-api-5.8.2.jar:/home/runner/.m2/repository/org/opentest4j/opentest4j/1.2.0/opentest4j-1.2.0.jar:/home/runner/.m2/repository/org/junit/platform/junit-platform-commons/1.8.2/junit-platform-commons-1.8.2.jar:/home/runner/.m2/repository/org/apiguardian/apiguardian-api/1.1.2/apiguardian-api-1.1.2.jar:/home/runner/.m2/repository/org/junit/jupiter/junit-jupiter-params/5.8.2/junit-jupiter-params-5.8.2.jar:/home/runner/.m2/repository/org/junit/jupiter/junit-jupiter-migrationsupport/5.8.2/junit-jupiter-migrationsupport-5.8.2.jar:/home/runner/.m2/repository/org/junit/jupiter/junit-jupiter-engine/5.8.2/junit-jupiter-engine-5.8.2.jar:/home/runner/.m2/repository/org/junit/platform/junit-platform-engine/1.8.2/junit-platform-engine-1.8.2.jar:/home/runner/.m2/repository/org/junit/vintage/junit-vintage-engine/5.8.2/junit-vintage-engine-5.8.2.jar:/home/runner/.m2/repository/org/junit/platform/junit-platform-launcher/1.8.2/junit-platform-launcher-1.8.2.jar:/home/runner/.m2/repository/org/mockito/mockito-core/2.28.2/mockito-core-2.28.2.jar:/home/runner/.m2/repository/net/bytebuddy/byte-buddy/1.9.10/byte-buddy-1.9.10.jar:/home/runner/.m2/repository/net/bytebuddy/byte-buddy-agent/1.9.10/byte-buddy-agent-1.9.10.jar:/home/runner/.m2/repository/org/objenesis/objenesis/1.0/objenesis-1.0.jar:/home/runner/.m2/repository/org/apache/hadoop/hadoop-kms/3.3.4/hadoop-kms-3.3.4.jar:/home/runner/.m2/repository/org/apache/hadoop/hadoop-auth/3.3.4/hadoop-auth-3.3.4.jar:/home/runner/.m2/repository/com/nimbusds/nimbus-jose-jwt/9.8.1/nimbus-jose-jwt-9.8.1.jar:/home/runner/.m2/repository/com/github/stephenc/jcip/jcip-annotations/1.0-1/jcip-annotations-1.0-1.jar:/home/runner/.m2/repository/net/minidev/json-smart/2.4.7/json-smart-2.4.7.jar:/home/runner/.m2/repository/net/minidev/accessors-smart/2.4.7/accessors-smart-2.4.7.jar:/home/runner/.m2/repository/org/ow2/asm/asm/5.0.4/asm-5.0.4.jar:/home/runner/.m2/repository/org/apache/zookeeper/zookeeper/3.5.6/zookeeper-3.5.6.jar:/home/runner/.m2/repository/org/apache/zookeeper/zookeeper-jute/3.5.6/zookeeper-jute-3.5.6.jar:/home/runner/.m2/repository/org/apache/yetus/audience-annotations/0.5.0/audience-annotations-0.5.0.jar:/home/runner/.m2/repository/org/apache/curator/curator-framework/4.2.0/curator-framework-4.2.0.jar:/home/runner/.m2/repository/org/apache/hadoop/thirdparty/hadoop-shaded-guava/1.1.1/hadoop-shaded-guava-1.1.1.jar:/home/runner/.m2/repository/com/sun/jersey/jersey-core/1.19/jersey-core-1.19.jar:/home/runner/.m2/repository/javax/ws/rs/jsr311-api/1.1.1/jsr311-api-1.1.1.jar:/home/runner/.m2/repository/com/sun/jersey/jersey-server/1.19/jersey-server-1.19.jar:/home/runner/.m2/repository/javax/servlet/javax.servlet-api/3.1.0/javax.servlet-api-3.1.0.jar:/home/runner/.m2/repository/org/apache/hadoop/hadoop-common/3.3.4/hadoop-common-3.3.4.jar:/home/runner/.m2/repository/org/apache/commons/commons-math3/3.1.1/commons-math3-3.1.1.jar:/home/runner/.m2/repository/commons-net/commons-net/3.9.0/commons-net-3.9.0.jar:/home/runner/.m2/repository/com/sun/jersey/jersey-servlet/1.19/jersey-servlet-1.19.jar:/home/runner/.m2/repository/com/sun/jersey/jersey-json/1.19/jersey-json-1.19.jar:/home/runner/.m2/repository/org/codehaus/jettison/jettison/1.1/jettison-1.1.jar:/home/runner/.m2/repository/com/sun/xml/bind/jaxb-impl/2.2.3-1/jaxb-impl-2.2.3-1.jar:/home/runner/.m2/repository/org/codehaus/jackson/jackson-jaxrs/1.9.2/jackson-jaxrs-1.9.2.jar:/home/runner/.m2/repository/org/codehaus/jackson/jackson-xc/1.9.2/jackson-xc-1.9.2.jar:/home/runner/.m2/repository/com/google/re2j/re2j/1.1/re2j-1.1.jar:/home/runner/.m2/repository/com/jcraft/jsch/0.1.54/jsch-0.1.54.jar:/home/runner/.m2/repository/org/apache/curator/curator-client/4.2.0/curator-client-4.2.0.jar:/home/runner/.m2/repository/org/apache/curator/curator-recipes/4.2.0/curator-recipes-4.2.0.jar:/home/runner/.m2/repository/org/apache/kerby/kerb-core/1.0.1/kerb-core-1.0.1.jar:/home/runner/.m2/repository/org/apache/kerby/kerby-pkix/1.0.1/kerby-pkix-1.0.1.jar:/home/runner/.m2/repository/org/apache/kerby/kerby-asn1/1.0.1/kerby-asn1-1.0.1.jar:/home/runner/.m2/repository/org/apache/kerby/kerby-util/1.0.1/kerby-util-1.0.1.jar:/home/runner/.m2/repository/dnsjava/dnsjava/2.1.7/dnsjava-2.1.7.jar:/home/runner/.m2/repository/org/xerial/snappy/snappy-java/1.1.8.2/snappy-java-1.1.8.2.jar:/home/runner/.m2/repository/com/fasterxml/jackson/core/jackson-databind/2.13.4.2/jackson-databind-2.13.4.2.jar:/home/runner/.m2/repository/org/apache/hadoop/hadoop-kms/3.3.4/hadoop-kms-3.3.4-tests.jar:/home/runner/.m2/repository/org/apache/ozone/hdds-server-scm/1.4.0-SNAPSHOT/hdds-server-scm-1.4.0-SNAPSHOT-tests.jar:/home/runner/.m2/repository/org/apache/ozone/hdds-container-service/1.4.0-SNAPSHOT/hdds-container-service-1.4.0-SNAPSHOT-tests.jar:/home/runner/.m2/repository/com/github/luben/zstd-jni/1.5.2-5/zstd-jni-1.5.2-5.jar:/home/runner/.m2/repository/commons-codec/commons-codec/1.15/commons-codec-1.15.jar:/home/runner/.m2/repository/io/netty/netty-codec/4.1.86.Final/netty-codec-4.1.86.Final.jar:/home/runner/.m2/repository/io/netty/netty-handler/4.1.86.Final/netty-handler-4.1.86.Final.jar:/home/runner/.m2/repository/org/apache/ozone/hdds-hadoop-dependency-test/1.4.0-SNAPSHOT/hdds-hadoop-dependency-test-1.4.0-SNAPSHOT.jar:/home/runner/.m2/repository/org/apache/hadoop/hadoop-common/3.3.4/hadoop-common-3.3.4-tests.jar:/home/runner/.m2/repository/org/apache/hadoop/hadoop-hdfs/3.3.4/hadoop-hdfs-3.3.4-tests.jar:/home/runner/.m2/repository/org/assertj/assertj-core/3.12.2/assertj-core-3.12.2.jar:/home/runner/.m2/repository/org/apache/hadoop/hadoop-distcp/3.3.4/hadoop-distcp-3.3.4.jar:/home/runner/.m2/repository/org/apache/hadoop/hadoop-mapreduce-client-jobclient/3.3.4/hadoop-mapreduce-client-jobclient-3.3.4.jar:/home/runner/.m2/repository/org/apache/hadoop/hadoop-mapreduce-client-common/3.3.4/hadoop-mapreduce-client-common-3.3.4.jar:/home/runner/.m2/repository/org/apache/hadoop/hadoop-yarn-common/3.3.4/hadoop-yarn-common-3.3.4.jar:/home/runner/.m2/repository/org/apache/hadoop/hadoop-yarn-api/3.3.4/hadoop-yarn-api-3.3.4.jar:/home/runner/.m2/repository/com/sun/jersey/contribs/jersey-guice/1.19/jersey-guice-1.19.jar:/home/runner/.m2/repository/com/fasterxml/jackson/jaxrs/jackson-jaxrs-json-provider/2.13.4/jackson-jaxrs-json-provider-2.13.4.jar:/home/runner/.m2/repository/com/fasterxml/jackson/jaxrs/jackson-jaxrs-base/2.13.4/jackson-jaxrs-base-2.13.4.jar:/home/runner/.m2/repository/org/apache/hadoop/hadoop-yarn-client/3.3.4/hadoop-yarn-client-3.3.4.jar:/home/runner/.m2/repository/org/eclipse/jetty/websocket/websocket-client/9.4.43.v20210629/websocket-client-9.4.43.v20210629.jar:/home/runner/.m2/repository/org/eclipse/jetty/websocket/websocket-common/9.4.43.v20210629/websocket-common-9.4.43.v20210629.jar:/home/runner/.m2/repository/org/eclipse/jetty/websocket/websocket-api/9.4.43.v20210629/websocket-api-9.4.43.v20210629.jar:/home/runner/.m2/repository/org/jline/jline/3.9.0/jline-3.9.0.jar:/home/runner/.m2/repository/org/apache/hadoop/hadoop-mapreduce-client-core/3.3.4/hadoop-mapreduce-client-core-3.3.4.jar:/home/runner/.m2/repository/org/apache/avro/avro/1.7.7/avro-1.7.7.jar:/home/runner/.m2/repository/org/codehaus/jackson/jackson-core-asl/1.9.13/jackson-core-asl-1.9.13.jar:/home/runner/.m2/repository/org/codehaus/jackson/jackson-mapper-asl/1.9.13/jackson-mapper-asl-1.9.13.jar:/home/runner/.m2/repository/com/thoughtworks/paranamer/paranamer/2.3/paranamer-2.3.jar:/home/runner/.m2/repository/org/apache/hadoop/hadoop-annotations/3.3.4/hadoop-annotations-3.3.4.jar:/usr/lib/jvm/temurin-8-jdk-amd64/jre/../lib/tools.jar:/home/runner/.m2/repository/io/netty/netty/3.10.6.Final/netty-3.10.6.Final.jar:/home/runner/.m2/repository/org/apache/hadoop/hadoop-distcp/3.3.4/hadoop-distcp-3.3.4-tests.jar:/home/runner/.m2/repository/org/slf4j/jul-to-slf4j/1.7.36/jul-to-slf4j-1.7.36.jar:"/>
    <property name="sun.cpu.endian" value="little"/>
    <property name="user.home" value="/home/runner"/>
    <property name="user.language" value="en"/>
    <property name="java.specification.vendor" value="Oracle Corporation"/>
    <property name="java.home" value="/usr/lib/jvm/temurin-8-jdk-amd64/jre"/>
    <property name="java.security.krb5.conf" value="/home/runner/work/ozone/ozone/hadoop-ozone/integration-test/target/test-classes/krb5.conf"/>
    <property name="basedir" value="/home/runner/work/ozone/ozone/hadoop-ozone/integration-test"/>
    <property name="file.separator" value="/"/>
    <property name="line.separator" value="&#10;"/>
    <property name="java.vm.specification.vendor" value="Oracle Corporation"/>
    <property name="java.specification.name" value="Java Platform API Specification"/>
    <property name="java.awt.graphicsenv" value="sun.awt.X11GraphicsEnvironment"/>
    <property name="skip.installnpx" value="true"/>
    <property name="surefire.real.class.path" value="/home/runner/work/ozone/ozone/hadoop-ozone/integration-test/target/surefire/surefirebooter6291502666380703516.jar:/home/runner/.m2/repository/org/jacoco/org.jacoco.agent/0.8.5/org.jacoco.agent-0.8.5-runtime.jar"/>
    <property name="hadoop.log.dir" value="/home/runner/work/ozone/ozone/hadoop-ozone/integration-test/target/log"/>
    <property name="sun.boot.class.path" value="/usr/lib/jvm/temurin-8-jdk-amd64/jre/lib/resources.jar:/usr/lib/jvm/temurin-8-jdk-amd64/jre/lib/rt.jar:/usr/lib/jvm/temurin-8-jdk-amd64/jre/lib/sunrsasign.jar:/usr/lib/jvm/temurin-8-jdk-amd64/jre/lib/jsse.jar:/usr/lib/jvm/temurin-8-jdk-amd64/jre/lib/jce.jar:/usr/lib/jvm/temurin-8-jdk-amd64/jre/lib/charsets.jar:/usr/lib/jvm/temurin-8-jdk-amd64/jre/lib/jfr.jar:/usr/lib/jvm/temurin-8-jdk-amd64/jre/classes"/>
    <property name="sun.management.compiler" value="HotSpot 64-Bit Tiered Compilers"/>
    <property name="skip.npx" value="true"/>
    <property name="java.runtime.version" value="1.8.0_362-b09"/>
    <property name="java.net.preferIPv4Stack" value="true"/>
    <property name="user.name" value="runner"/>
    <property name="path.separator" value=":"/>
    <property name="java.security.egd" value="file:///dev/urandom"/>
    <property name="os.version" value="5.15.0-1034-azure"/>
    <property name="java.endorsed.dirs" value="/usr/lib/jvm/temurin-8-jdk-amd64/jre/lib/endorsed"/>
    <property name="java.runtime.name" value="OpenJDK Runtime Environment"/>
    <property name="file.encoding" value="UTF-8"/>
    <property name="java.vm.name" value="OpenJDK 64-Bit Server VM"/>
    <property name="test.build.webapps" value=""/>
    <property name="localRepository" value="/home/runner/.m2/repository"/>
    <property name="jetty.git.hash" value="4231a3b2e4cb8548a412a789936d640a97b1aa0a"/>
    <property name="java.vendor.url.bug" value="https://github.com/adoptium/adoptium-support/issues"/>
    <property name="java.io.tmpdir" value="/tmp"/>
    <property name="require.test.libhadoop" value=""/>
    <property name="java.version" value="1.8.0_362"/>
    <property name="user.dir" value="/home/runner/work/ozone/ozone/hadoop-ozone/integration-test"/>
    <property name="os.arch" value="amd64"/>
    <property name="java.vm.specification.name" value="Java Virtual Machine Specification"/>
    <property name="test.build.classes" value="/home/runner/work/ozone/ozone/hadoop-ozone/integration-test/target/test-classes"/>
    <property name="java.awt.printerjob" value="sun.print.PSPrinterJob"/>
    <property name="sun.os.patch.level" value="unknown"/>
    <property name="org.apache.ratis.thirdparty.io.netty.allocator.useCacheForAllThreads" value="false"/>
    <property name="hadoop.tmp.dir" value="/home/runner/work/ozone/ozone/hadoop-ozone/integration-test/target/tmp"/>
    <property name="java.library.path" value="/usr/java/packages/lib/amd64:/usr/lib64:/lib64:/lib:/usr/lib"/>
    <property name="java.vm.info" value="mixed mode"/>
    <property name="java.vendor" value="Temurin"/>
    <property name="java.vm.version" value="25.362-b09"/>
    <property name="java.specification.maintenance.version" value="4"/>
    <property name="java.ext.dirs" value="/usr/lib/jvm/temurin-8-jdk-amd64/jre/lib/ext:/usr/java/packages/lib/ext"/>
    <property name="sun.io.unicode.encoding" value="UnicodeLittle"/>
    <property name="java.class.version" value="52.0"/>
  </properties>
  <testcase name="testGetTrashRoot" classname="TestOzoneFileSystem" time="24.429">
    <system-out><![CDATA[2023-03-16 20:03:44,700 [main] WARN  server.ServerUtils (ServerUtils.java:getScmDbDir(148)) - ozone.scm.db.dirs is not configured. We recommend adding this setting. Falling back to ozone.metadata.dirs instead.
2023-03-16 20:03:44,824 [main] WARN  server.ServerUtils (ServerUtils.java:getScmDbDir(148)) - ozone.scm.db.dirs is not configured. We recommend adding this setting. Falling back to ozone.metadata.dirs instead.
2023-03-16 20:03:44,832 [main] INFO  ha.SCMHANodeDetails (SCMHANodeDetails.java:loadSCMHAConfig(209)) - ServiceID for StorageContainerManager is null
2023-03-16 20:03:44,849 [main] WARN  ha.SCMHANodeDetails (SCMHANodeDetails.java:validateSCMHAConfig(182)) - Invalid config ozone.scm.ratis.enable. The config was not specified, but the default value true conflicts with the expected config value false. Falling back to the expected value. Current State of SCM: SCM is running in Non-HA without Ratis Ratis SCM -> Non Ratis SCM or Non HA SCM -> HA SCM is not supported
2023-03-16 20:03:44,850 [main] INFO  ha.SCMHANodeDetails (SCMHANodeDetails.java:loadSCMHAConfig(214)) - ozone.scm.default.service.id is not defined, falling back to ozone.scm.service.ids to find serviceID for StorageContainerManager if it is HA enabled cluster
2023-03-16 20:03:45,536 [main] WARN  utils.HAUtils (HAUtils.java:getMetaDir(342)) - ozone.scm.db.dirs is not configured. We recommend adding this setting. Falling back to ozone.metadata.dirs instead.
2023-03-16 20:03:45,799 [main] WARN  db.DBStoreBuilder (DBStoreBuilder.java:applyDBDefinition(172)) - ozone.scm.db.dirs is not configured. We recommend adding this setting. Falling back to ozone.metadata.dirs instead.
2023-03-16 20:03:46,134 [main] INFO  net.NodeSchemaLoader (NodeSchemaLoader.java:loadSchemaFromFile(129)) - Loading schema from [jar:file:/home/runner/.m2/repository/org/apache/ozone/hdds-common/1.4.0-SNAPSHOT/hdds-common-1.4.0-SNAPSHOT.jar!/network-topology-default.xml]
2023-03-16 20:03:46,136 [main] INFO  net.NodeSchemaLoader (NodeSchemaLoader.java:loadSchema(176)) - Loading network topology layer schema file
2023-03-16 20:03:46,219 [main] INFO  metrics.MetricRegistries (MetricRegistriesLoader.java:load(64)) - Loaded MetricRegistries class org.apache.ratis.metrics.impl.MetricRegistriesImpl
2023-03-16 20:03:46,227 [main] INFO  upgrade.AbstractLayoutVersionManager (AbstractLayoutVersionManager.java:init(83)) - Initializing Layout version manager with metadata layout = DATANODE_SCHEMA_V3 (version = 4), software layout = DATANODE_SCHEMA_V3 (version = 4)
2023-03-16 20:03:46,581 [main] INFO  reflections.Reflections (Reflections.java:scan(232)) - Reflections took 234 ms to scan 7 urls, producing 155 keys and 368 values 
2023-03-16 20:03:46,742 [main] INFO  ha.SequenceIdGenerator (SequenceIdGenerator.java:upgradeToSequenceId(349)) - upgrade localId to 111677748019200000
2023-03-16 20:03:46,742 [main] INFO  ha.SequenceIdGenerator (SequenceIdGenerator.java:upgradeToSequenceId(359)) - upgrade delTxnId to 0
2023-03-16 20:03:46,747 [main] INFO  ha.SequenceIdGenerator (SequenceIdGenerator.java:upgradeToSequenceId(376)) - upgrade containerId to 0
2023-03-16 20:03:46,750 [main] INFO  ha.SequenceIdGenerator (SequenceIdGenerator.java:<init>(220)) - Init the HA SequenceIdGenerator.
2023-03-16 20:03:46,827 [main] WARN  server.ServerUtils (ServerUtils.java:sanitizeUserArgs(73)) - ozone.scm.stale.node.interval value = 300000 is larger than max = 100000 based on the key value of ozone.scm.heartbeat.thread.interval, reset to the max value 100000.
2023-03-16 20:03:46,828 [main] WARN  server.ServerUtils (ServerUtils.java:sanitizeUserArgs(73)) - ozone.scm.stale.node.interval value = 300000 is larger than max = 100000 based on the key value of ozone.scm.heartbeat.thread.interval, reset to the max value 100000.
2023-03-16 20:03:46,859 [main] INFO  node.SCMNodeManager (SCMNodeManager.java:<init>(156)) - Entering startup safe mode.
2023-03-16 20:03:46,936 [main] INFO  algorithms.ContainerPlacementPolicyFactory (ContainerPlacementPolicyFactory.java:getPolicyInternal(86)) - Create container placement policy of type org.apache.hadoop.hdds.scm.container.placement.algorithms.SCMContainerPlacementRandom
2023-03-16 20:03:46,941 [main] INFO  algorithms.ContainerPlacementPolicyFactory (ContainerPlacementPolicyFactory.java:getPolicyInternal(86)) - Create container placement policy of type org.apache.hadoop.hdds.scm.container.placement.algorithms.SCMContainerPlacementRackScatter
2023-03-16 20:03:46,953 [main] INFO  pipeline.PipelineStateManagerImpl (PipelineStateManagerImpl.java:initialize(78)) - No pipeline exists in current db
2023-03-16 20:03:47,005 [main] INFO  algorithms.LeaderChoosePolicyFactory (LeaderChoosePolicyFactory.java:getPolicy(57)) - Create leader choose policy of type org.apache.hadoop.hdds.scm.pipeline.leader.choose.algorithms.MinLeaderCountChoosePolicy
2023-03-16 20:03:47,005 [main] INFO  algorithms.ContainerPlacementPolicyFactory (ContainerPlacementPolicyFactory.java:getPolicyInternal(86)) - Create container placement policy of type org.apache.hadoop.hdds.scm.container.placement.algorithms.SCMContainerPlacementRackScatter
2023-03-16 20:03:47,017 [main] INFO  ha.SCMServiceManager (SCMServiceManager.java:register(42)) - Registering service BackgroundPipelineCreator.
2023-03-16 20:03:47,018 [main] INFO  pipeline.BackgroundPipelineCreator (BackgroundPipelineCreator.java:start(124)) - Starting RatisPipelineUtilsThread.
2023-03-16 20:03:47,024 [main] INFO  BackgroundPipelineScrubber (BackgroundSCMService.java:start(68)) - Starting BackgroundPipelineScrubber Service.
2023-03-16 20:03:47,026 [main] INFO  ha.SCMServiceManager (SCMServiceManager.java:register(42)) - Registering service BackgroundPipelineScrubber.
2023-03-16 20:03:47,034 [main] INFO  ExpiredContainerReplicaOpScrubber (BackgroundSCMService.java:start(68)) - Starting ExpiredContainerReplicaOpScrubber Service.
2023-03-16 20:03:47,035 [main] INFO  ha.SCMServiceManager (SCMServiceManager.java:register(42)) - Registering service ExpiredContainerReplicaOpScrubber.
2023-03-16 20:03:47,103 [main] INFO  algorithms.PipelineChoosePolicyFactory (PipelineChoosePolicyFactory.java:createPipelineChoosePolicyFromClass(73)) - Create pipeline choose policy of type org.apache.hadoop.hdds.scm.pipeline.choose.algorithms.RandomPipelineChoosePolicy
2023-03-16 20:03:47,124 [main] INFO  ha.SCMServiceManager (SCMServiceManager.java:register(42)) - Registering service SCMBlockDeletingService.
2023-03-16 20:03:47,216 [main] INFO  replication.ReplicationManager (ReplicationManager.java:start(271)) - Starting Replication Monitor Thread.
2023-03-16 20:03:47,230 [main] INFO  ha.SCMServiceManager (SCMServiceManager.java:register(42)) - Registering service ReplicationManager.
2023-03-16 20:03:47,238 [ReplicationMonitor] INFO  replication.ReplicationManager (ReplicationManager.java:processAll(346)) - Replication Manager is not ready to run until 3000ms after safemode exit
2023-03-16 20:03:47,255 [main] INFO  safemode.ContainerSafeModeRule (ContainerSafeModeRule.java:<init>(89)) - containers with one replica threshold count 0
2023-03-16 20:03:47,262 [main] INFO  safemode.HealthyPipelineSafeModeRule (HealthyPipelineSafeModeRule.java:initializeRule(169)) - Total pipeline count is 0, healthy pipeline threshold count is 1
2023-03-16 20:03:47,266 [main] INFO  safemode.OneReplicaPipelineSafeModeRule (OneReplicaPipelineSafeModeRule.java:initializeRule(180)) - Total pipeline count is 0, pipeline's with at least one datanode reported threshold count is 0
2023-03-16 20:03:47,338 [main] INFO  server.StorageContainerManager (StorageContainerManager.java:<init>(395)) - SCM start with adminUsers: [runner]
2023-03-16 20:03:47,728 [main] INFO  audit.AuditLogger (AuditLogger.java:refreshDebugCmdSet(126)) - Refresh DebugCmdSet for SCMAudit to [].
2023-03-16 20:03:47,772 [main] INFO  ipc.CallQueueManager (CallQueueManager.java:<init>(90)) - Using callQueue: class java.util.concurrent.LinkedBlockingQueue, queueCapacity: 2000, scheduler: class org.apache.hadoop.ipc.DefaultRpcScheduler, ipcBackoff: false.
2023-03-16 20:03:47,828 [Socket Reader #1 for port 0] INFO  ipc.Server (Server.java:run(1273)) - Starting Socket Reader #1 for port 0
2023-03-16 20:03:47,936 [Listener at 0.0.0.0/44947] INFO  audit.AuditLogger (AuditLogger.java:refreshDebugCmdSet(126)) - Refresh DebugCmdSet for SCMAudit to [].
2023-03-16 20:03:47,959 [Listener at 0.0.0.0/44947] INFO  ipc.CallQueueManager (CallQueueManager.java:<init>(90)) - Using callQueue: class java.util.concurrent.LinkedBlockingQueue, queueCapacity: 2000, scheduler: class org.apache.hadoop.ipc.DefaultRpcScheduler, ipcBackoff: false.
2023-03-16 20:03:47,960 [Socket Reader #1 for port 0] INFO  ipc.Server (Server.java:run(1273)) - Starting Socket Reader #1 for port 0
2023-03-16 20:03:48,017 [Listener at 0.0.0.0/42293] INFO  audit.AuditLogger (AuditLogger.java:refreshDebugCmdSet(126)) - Refresh DebugCmdSet for SCMAudit to [].
2023-03-16 20:03:48,125 [Listener at 0.0.0.0/42293] INFO  ipc.CallQueueManager (CallQueueManager.java:<init>(90)) - Using callQueue: class java.util.concurrent.LinkedBlockingQueue, queueCapacity: 2000, scheduler: class org.apache.hadoop.ipc.DefaultRpcScheduler, ipcBackoff: false.
2023-03-16 20:03:48,127 [Socket Reader #1 for port 0] INFO  ipc.Server (Server.java:run(1273)) - Starting Socket Reader #1 for port 0
2023-03-16 20:03:48,212 [Listener at 0.0.0.0/35655] INFO  ha.SCMServiceManager (SCMServiceManager.java:register(42)) - Registering service ContainerBalancer.
2023-03-16 20:03:48,216 [Listener at 0.0.0.0/35655] INFO  server.StorageContainerManager (StorageContainerManager.java:<init>(412)) - 
Container Balancer status:
Key                            Value
Running                        true
Container Balancer Configuration values:
Key                                                Value
Threshold                                          10
Max Datanodes to Involve per Iteration(percent)    20
Max Size to Move per Iteration                     500GB
Max Size Entering Target per Iteration             26GB
Max Size Leaving Source per Iteration              26GB

2023-03-16 20:03:48,216 [Listener at 0.0.0.0/35655] INFO  ha.SCMContext (SCMContext.java:updateSafeModeStatus(228)) - Update SafeModeStatus from SafeModeStatus{safeModeStatus=true, preCheckPassed=false} to SafeModeStatus{safeModeStatus=true, preCheckPassed=false}.
2023-03-16 20:03:48,236 [Listener at 0.0.0.0/35655] INFO  server.StorageContainerManager (StorageContainerManager.java:start(1442)) - StorageContainerLocationProtocol RPC server is listening at /0.0.0.0:35655
2023-03-16 20:03:48,325 [Listener at 0.0.0.0/35655] WARN  impl.MetricsConfig (MetricsConfig.java:loadFirst(136)) - Cannot locate configuration: tried hadoop-metrics2-storagecontainermanager.properties,hadoop-metrics2.properties
2023-03-16 20:03:48,351 [Listener at 0.0.0.0/35655] INFO  impl.MetricsSystemImpl (MetricsSystemImpl.java:startTimer(378)) - Scheduled Metric snapshot period at 10 second(s).
2023-03-16 20:03:48,351 [Listener at 0.0.0.0/35655] INFO  impl.MetricsSystemImpl (MetricsSystemImpl.java:start(191)) - StorageContainerManager metrics system started
2023-03-16 20:03:48,690 [Listener at 0.0.0.0/35655] INFO  server.SCMClientProtocolServer (SCMClientProtocolServer.java:start(194)) - RPC server for Client  is listening at /0.0.0.0:35655
2023-03-16 20:03:48,691 [IPC Server Responder] INFO  ipc.Server (Server.java:run(1512)) - IPC Server Responder: starting
2023-03-16 20:03:48,693 [IPC Server listener on 0] INFO  ipc.Server (Server.java:run(1352)) - IPC Server listener on 0: starting
2023-03-16 20:03:48,717 [Listener at 0.0.0.0/35655] INFO  server.StorageContainerManager (StorageContainerManager.java:start(1456)) - ScmBlockLocationProtocol RPC server is listening at /0.0.0.0:42293
2023-03-16 20:03:48,718 [Listener at 0.0.0.0/35655] INFO  server.SCMBlockProtocolServer (SCMBlockProtocolServer.java:start(152)) - RPC server for Block Protocol is listening at /0.0.0.0:42293
2023-03-16 20:03:48,718 [IPC Server Responder] INFO  ipc.Server (Server.java:run(1512)) - IPC Server Responder: starting
2023-03-16 20:03:48,719 [IPC Server listener on 0] INFO  ipc.Server (Server.java:run(1352)) - IPC Server listener on 0: starting
2023-03-16 20:03:48,727 [Listener at 0.0.0.0/35655] INFO  server.SCMDatanodeProtocolServer (SCMDatanodeProtocolServer.java:start(193)) - ScmDatanodeProtocol RPC server for DataNodes is listening at /0.0.0.0:44947
2023-03-16 20:03:48,729 [IPC Server Responder] INFO  ipc.Server (Server.java:run(1512)) - IPC Server Responder: starting
2023-03-16 20:03:48,734 [IPC Server listener on 0] INFO  ipc.Server (Server.java:run(1352)) - IPC Server listener on 0: starting
2023-03-16 20:03:48,757 [org.apache.hadoop.util.JvmPauseMonitor$Monitor@3b38f032] INFO  util.JvmPauseMonitor (JvmPauseMonitor.java:run(188)) - Starting JVM pause monitor
2023-03-16 20:03:48,778 [Listener at 0.0.0.0/35655] INFO  http.BaseHttpServer (BaseHttpServer.java:newHttpServer2BuilderForOzone(224)) - Starting Web-server for scm at: http://0.0.0.0:0
2023-03-16 20:03:48,780 [Listener at 0.0.0.0/35655] INFO  http.BaseHttpServer (BaseHttpServer.java:<init>(111)) - Hadoop Security Enabled: false Ozone Security Enabled: false Ozone HTTP Security Enabled: false 
2023-03-16 20:03:48,817 [Listener at 0.0.0.0/35655] INFO  util.log (Log.java:initialized(170)) - Logging initialized @6289ms to org.eclipse.jetty.util.log.Slf4jLog
2023-03-16 20:03:48,939 [Listener at 0.0.0.0/35655] WARN  server.AuthenticationFilter (AuthenticationFilter.java:constructSecretProvider(240)) - Unable to initialize FileSignerSecretProvider, falling back to use random secrets. Reason: Could not read signature secret file: /home/runner/hadoop-http-auth-signature-secret
2023-03-16 20:03:48,949 [Listener at 0.0.0.0/35655] WARN  http.HttpRequestLog (HttpRequestLog.java:getRequestLog(103)) - Jetty request log can only be enabled using Log4j
2023-03-16 20:03:48,958 [Listener at 0.0.0.0/35655] INFO  http.HttpServer2 (HttpServer2.java:addGlobalFilter(1031)) - Added global filter 'safety' (class=org.apache.hadoop.hdds.server.http.HttpServer2$QuotingInputFilter)
2023-03-16 20:03:48,961 [Listener at 0.0.0.0/35655] INFO  http.HttpServer2 (HttpServer2.java:addFilter(1007)) - Added filter static_user_filter (class=org.apache.hadoop.http.lib.StaticUserWebFilter$StaticUserFilter) to context scm
2023-03-16 20:03:48,962 [Listener at 0.0.0.0/35655] INFO  http.HttpServer2 (HttpServer2.java:addFilter(1015)) - Added filter static_user_filter (class=org.apache.hadoop.http.lib.StaticUserWebFilter$StaticUserFilter) to context logs
2023-03-16 20:03:48,962 [Listener at 0.0.0.0/35655] INFO  http.HttpServer2 (HttpServer2.java:addFilter(1015)) - Added filter static_user_filter (class=org.apache.hadoop.http.lib.StaticUserWebFilter$StaticUserFilter) to context static
2023-03-16 20:03:49,008 [Listener at 0.0.0.0/35655] INFO  http.BaseHttpServer (BaseHttpServer.java:<init>(190)) - HTTP server of scm uses base directory /home/runner/work/ozone/ozone/hadoop-ozone/integration-test/target/test-dir/MiniOzoneClusterImpl-77d2372e-e00f-46e1-a11d-7f7bb0f90484/ozone-meta/webserver
2023-03-16 20:03:49,009 [Listener at 0.0.0.0/35655] INFO  http.HttpServer2 (HttpServer2.java:bindListener(1250)) - Jetty bound to port 43919
2023-03-16 20:03:49,011 [Listener at 0.0.0.0/35655] INFO  server.Server (Server.java:doStart(375)) - jetty-9.4.49.v20220914; built: 2022-09-14T01:07:36.601Z; git: 4231a3b2e4cb8548a412a789936d640a97b1aa0a; jvm 1.8.0_362-b09
2023-03-16 20:03:49,074 [Listener at 0.0.0.0/35655] INFO  server.session (DefaultSessionIdManager.java:doStart(334)) - DefaultSessionIdManager workerName=node0
2023-03-16 20:03:49,075 [Listener at 0.0.0.0/35655] INFO  server.session (DefaultSessionIdManager.java:doStart(339)) - No SessionScavenger set, using defaults
2023-03-16 20:03:49,077 [Listener at 0.0.0.0/35655] INFO  server.session (HouseKeeper.java:startScavenging(132)) - node0 Scavenging every 660000ms
2023-03-16 20:03:49,097 [Listener at 0.0.0.0/35655] INFO  handler.ContextHandler (ContextHandler.java:doStart(921)) - Started o.e.j.s.ServletContextHandler@52518ee1{logs,/logs,file:///home/runner/work/ozone/ozone/hadoop-ozone/integration-test/target/log,AVAILABLE}
2023-03-16 20:03:49,099 [Listener at 0.0.0.0/35655] INFO  handler.ContextHandler (ContextHandler.java:doStart(921)) - Started o.e.j.s.ServletContextHandler@69c335c4{static,/static,file:///home/runner/work/ozone/ozone/hadoop-ozone/integration-test/target/test-classes/webapps/static,AVAILABLE}
2023-03-16 20:03:49,151 [Listener at 0.0.0.0/35655] INFO  handler.ContextHandler (ContextHandler.java:doStart(921)) - Started o.e.j.w.WebAppContext@56f569e{scm,/,file:///home/runner/work/ozone/ozone/hadoop-ozone/integration-test/target/test-classes/webapps/scm/,AVAILABLE}{file:/home/runner/work/ozone/ozone/hadoop-ozone/integration-test/target/test-classes/webapps/scm}
2023-03-16 20:03:49,163 [Listener at 0.0.0.0/35655] INFO  server.AbstractConnector (AbstractConnector.java:doStart(333)) - Started ServerConnector@711261c7{HTTP/1.1, (http/1.1)}{0.0.0.0:43919}
2023-03-16 20:03:49,163 [Listener at 0.0.0.0/35655] INFO  server.Server (Server.java:doStart(415)) - Started @6635ms
2023-03-16 20:03:49,168 [Listener at 0.0.0.0/35655] INFO  impl.MetricsSinkAdapter (MetricsSinkAdapter.java:start(204)) - Sink prometheus started
2023-03-16 20:03:49,168 [Listener at 0.0.0.0/35655] INFO  impl.MetricsSystemImpl (MetricsSystemImpl.java:registerSink(305)) - Registered sink prometheus
2023-03-16 20:03:49,170 [Listener at 0.0.0.0/35655] INFO  http.BaseHttpServer (BaseHttpServer.java:updateConnectorAddress(344)) - HTTP server of scm listening at http://0.0.0.0:43919
2023-03-16 20:03:49,173 [Listener at 0.0.0.0/35655] WARN  server.ServerUtils (ServerUtils.java:getDBPath(225)) - ozone.om.db.dirs is not configured. We recommend adding this setting. Falling back to ozone.metadata.dirs instead.
2023-03-16 20:03:49,247 [Listener at 0.0.0.0/35655] INFO  audit.AuditLogger (AuditLogger.java:refreshDebugCmdSet(126)) - Refresh DebugCmdSet for OMAudit to [].
2023-03-16 20:03:49,356 [Listener at 0.0.0.0/35655] INFO  ha.OMHANodeDetails (OMHANodeDetails.java:loadOMHAConfig(115)) - ozone.om.internal.service.id is not defined, falling back to ozone.om.service.ids to find serviceID for OzoneManager if it is HA enabled cluster
2023-03-16 20:03:49,361 [Listener at 0.0.0.0/35655] INFO  ha.OMHANodeDetails (OMHANodeDetails.java:loadOMHAConfig(226)) - Configuration does not have ozone.om.address set. Falling back to the default OM address /127.0.0.1:0
2023-03-16 20:03:49,362 [Listener at 0.0.0.0/35655] INFO  ha.OMHANodeDetails (OMHANodeDetails.java:getOMNodeDetailsForNonHA(254)) - OM Service ID is not set. Setting it to the default ID: omServiceIdDefault
2023-03-16 20:03:49,362 [Listener at 0.0.0.0/35655] INFO  ha.OMHANodeDetails (OMHANodeDetails.java:getOMNodeDetailsForNonHA(261)) - OM Node ID is not set. Setting it to the default ID: om1
2023-03-16 20:03:49,367 [Listener at 0.0.0.0/35655] WARN  server.ServerUtils (ServerUtils.java:getDBPath(225)) - ozone.om.db.dirs is not configured. We recommend adding this setting. Falling back to ozone.metadata.dirs instead.
2023-03-16 20:03:49,371 [Listener at 0.0.0.0/35655] INFO  upgrade.AbstractLayoutVersionManager (AbstractLayoutVersionManager.java:init(83)) - Initializing Layout version manager with metadata layout = MULTITENANCY_SCHEMA (version = 3), software layout = MULTITENANCY_SCHEMA (version = 3)
2023-03-16 20:03:49,496 [Listener at 0.0.0.0/35655] INFO  reflections.Reflections (Reflections.java:scan(232)) - Reflections took 119 ms to scan 2 urls, producing 167 keys and 463 values [using 2 cores]
2023-03-16 20:03:49,504 [Listener at 0.0.0.0/35655] INFO  upgrade.OMLayoutVersionManager (OMLayoutVersionManager.java:lambda$0(115)) - Skipping Upgrade Action MockOmUpgradeAction since it has been finalized.
2023-03-16 20:03:49,507 [Listener at 0.0.0.0/35655] WARN  server.ServerUtils (ServerUtils.java:getDBPath(225)) - ozone.om.db.dirs is not configured. We recommend adding this setting. Falling back to ozone.metadata.dirs instead.
2023-03-16 20:03:49,714 [Listener at 0.0.0.0/35655] INFO  proxy.SCMBlockLocationFailoverProxyProvider (SCMBlockLocationFailoverProxyProvider.java:<init>(114)) - Created block location fail-over proxy with 1 nodes: [nodeId=scmNodeId,nodeAddress=/0.0.0.0:42293]
2023-03-16 20:03:49,759 [Listener at 0.0.0.0/35655] INFO  proxy.SCMBlockLocationFailoverProxyProvider (SCMBlockLocationFailoverProxyProvider.java:<init>(114)) - Created block location fail-over proxy with 1 nodes: [nodeId=scmNodeId,nodeAddress=/0.0.0.0:42293]
2023-03-16 20:03:50,136 [Listener at 0.0.0.0/35655] INFO  om.OzoneManager (OzoneManager.java:<init>(620)) - OM start with adminUsers: [runner]
2023-03-16 20:03:50,152 [Listener at 0.0.0.0/35655] WARN  server.ServerUtils (ServerUtils.java:getDBPath(225)) - ozone.om.db.dirs is not configured. We recommend adding this setting. Falling back to ozone.metadata.dirs instead.
2023-03-16 20:03:50,162 [Listener at 0.0.0.0/35655] INFO  codec.OmKeyInfoCodec (OmKeyInfoCodec.java:<init>(49)) - OmKeyInfoCodec ignorePipeline = true
2023-03-16 20:03:50,165 [Listener at 0.0.0.0/35655] INFO  codec.RepeatedOmKeyInfoCodec (RepeatedOmKeyInfoCodec.java:<init>(41)) - RepeatedOmKeyInfoCodec ignorePipeline = true
2023-03-16 20:03:50,506 [Listener at 0.0.0.0/35655] INFO  om.OzoneManager (OzoneManager.java:instantiateServices(750)) - S3 Multi-Tenancy is disabled
2023-03-16 20:03:50,548 [Listener at 0.0.0.0/35655] WARN  server.ServerUtils (ServerUtils.java:getDBPath(225)) - ozone.om.snapshot.diff.db.dir is not configured. We recommend adding this setting. Falling back to ozone.metadata.dirs instead.
2023-03-16 20:03:50,672 [Listener at 0.0.0.0/35655] INFO  om.OzoneManager (OzoneManager.java:addS3GVolumeToDB(4228)) - Created Volume s3v With Owner runner required for S3Gateway operations.
2023-03-16 20:03:50,763 [Listener at 0.0.0.0/35655] WARN  server.ServerUtils (ServerUtils.java:getDefaultRatisDirectory(237)) - Storage directory for Ratis is not configured. It is a good idea to map this to an SSD disk. Falling back to ozone.metadata.dirs
2023-03-16 20:03:50,765 [Listener at 0.0.0.0/35655] WARN  utils.OzoneManagerRatisUtils (OzoneManagerRatisUtils.java:getOMRatisSnapshotDirectory(439)) - ozone.om.ratis.snapshot.dir is not configured. Falling back to ozone.metadata.dirs config
2023-03-16 20:03:50,794 [Listener at 0.0.0.0/35655] WARN  server.ServerUtils (ServerUtils.java:getDefaultRatisDirectory(237)) - Storage directory for Ratis is not configured. It is a good idea to map this to an SSD disk. Falling back to ozone.metadata.dirs
2023-03-16 20:03:50,846 [Listener at 0.0.0.0/35655] INFO  ratis.OzoneManagerRatisServer (OzoneManagerRatisServer.java:<init>(164)) - Instantiating OM Ratis server with groupID: omServiceIdDefault and peers: localhost:9872
2023-03-16 20:03:50,860 [Listener at 0.0.0.0/35655] INFO  ratis.OzoneManagerStateMachine (OzoneManagerStateMachine.java:loadSnapshotInfoFromDB(636)) - LastAppliedIndex is set from TransactionInfo from OM DB as (t:0, i:~)
2023-03-16 20:03:50,938 [Listener at 0.0.0.0/35655] INFO  server.RaftServer (ConfUtils.java:logGet(46)) - raft.rpc.type = GRPC (default)
2023-03-16 20:03:51,039 [Listener at 0.0.0.0/35655] INFO  grpc.GrpcConfigKeys (ConfUtils.java:logFallback(53)) - raft.grpc.admin.host = null (fallback to raft.grpc.server.host)
2023-03-16 20:03:51,041 [Listener at 0.0.0.0/35655] INFO  grpc.GrpcConfigKeys (ConfUtils.java:logFallback(53)) - raft.grpc.admin.port = 9872 (fallback to raft.grpc.server.port)
2023-03-16 20:03:51,042 [Listener at 0.0.0.0/35655] INFO  grpc.GrpcConfigKeys (ConfUtils.java:logFallback(53)) - raft.grpc.client.host = null (fallback to raft.grpc.server.host)
2023-03-16 20:03:51,042 [Listener at 0.0.0.0/35655] INFO  grpc.GrpcConfigKeys (ConfUtils.java:logFallback(53)) - raft.grpc.client.port = 9872 (fallback to raft.grpc.server.port)
2023-03-16 20:03:51,042 [Listener at 0.0.0.0/35655] INFO  grpc.GrpcConfigKeys (ConfUtils.java:logGet(46)) - raft.grpc.server.host = null (default)
2023-03-16 20:03:51,043 [Listener at 0.0.0.0/35655] INFO  grpc.GrpcConfigKeys (ConfUtils.java:logGet(46)) - raft.grpc.server.port = 9872 (custom)
2023-03-16 20:03:51,043 [Listener at 0.0.0.0/35655] INFO  server.GrpcService (ConfUtils.java:logGet(46)) - raft.grpc.message.size.max = 33554432 (custom)
2023-03-16 20:03:51,045 [Listener at 0.0.0.0/35655] INFO  server.RaftServerConfigKeys (ConfUtils.java:logGet(46)) - raft.server.log.appender.buffer.byte-limit = 33554432 (custom)
2023-03-16 20:03:51,046 [Listener at 0.0.0.0/35655] INFO  server.GrpcService (ConfUtils.java:logGet(46)) - raft.grpc.flow.control.window = 1MB (=1048576) (default)
2023-03-16 20:03:51,047 [Listener at 0.0.0.0/35655] INFO  server.RaftServerConfigKeys (ConfUtils.java:logGet(46)) - raft.server.rpc.request.timeout = 3000ms (default)
2023-03-16 20:03:51,062 [Listener at 0.0.0.0/35655] INFO  grpc.GrpcConfigKeys (ConfUtils.java:logGet(46)) - raft.grpc.server.heartbeat.channel = true (default)
2023-03-16 20:03:51,066 [Listener at 0.0.0.0/35655] INFO  grpc.GrpcConfigKeys (ConfUtils.java:logGet(46)) - raft.grpc.server.async.request.thread.pool.cached = true (default)
2023-03-16 20:03:51,067 [Listener at 0.0.0.0/35655] INFO  grpc.GrpcConfigKeys (ConfUtils.java:logGet(46)) - raft.grpc.server.async.request.thread.pool.size = 32 (default)
2023-03-16 20:03:51,344 [Listener at 0.0.0.0/35655] INFO  impl.DataStreamServerImpl (ConfUtils.java:logGet(46)) - raft.datastream.type = DISABLED (default)
2023-03-16 20:03:51,349 [Listener at 0.0.0.0/35655] INFO  server.RaftServerConfigKeys (ConfUtils.java:logGet(46)) - raft.server.threadpool.proxy.cached = true (default)
2023-03-16 20:03:51,356 [Listener at 0.0.0.0/35655] INFO  server.RaftServerConfigKeys (ConfUtils.java:logGet(46)) - raft.server.threadpool.proxy.size = 0 (default)
2023-03-16 20:03:51,356 [Listener at 0.0.0.0/35655] INFO  server.RaftServerConfigKeys (ConfUtils.java:logGet(46)) - raft.server.rpc.slowness.timeout = 120s (custom)
2023-03-16 20:03:51,356 [Listener at 0.0.0.0/35655] INFO  server.RaftServerConfigKeys (ConfUtils.java:logGet(46)) - raft.server.leaderelection.leader.step-down.wait-time = 10s (default)
2023-03-16 20:03:51,362 [Listener at 0.0.0.0/35655] INFO  server.RaftServerConfigKeys (ConfUtils.java:logGet(46)) - raft.server.storage.dir = [/home/runner/work/ozone/ozone/hadoop-ozone/integration-test/target/test-dir/MiniOzoneClusterImpl-77d2372e-e00f-46e1-a11d-7f7bb0f90484/ozone-meta/ratis] (custom)
2023-03-16 20:03:51,373 [Listener at 0.0.0.0/35655] INFO  server.RaftServer (RaftServerProxy.java:addNew(96)) - om1: addNew group-C5BA1605619E:[om1|rpc:localhost:9872|priority:0|startupRole:FOLLOWER] returns group-C5BA1605619E:java.util.concurrent.CompletableFuture@5f4f8d38[Not completed]
2023-03-16 20:03:51,374 [Listener at 0.0.0.0/35655] INFO  om.OzoneManager (OzoneManager.java:initializeRatisServer(2107)) - OzoneManager Ratis server initialized at port 9872
2023-03-16 20:03:51,382 [Listener at 0.0.0.0/35655] INFO  om.OzoneManager (OzoneManager.java:getRpcServer(1134)) - Creating RPC Server
2023-03-16 20:03:51,393 [pool-57-thread-1] INFO  server.RaftServer$Division (RaftServerImpl.java:<init>(195)) - om1: new RaftServerImpl for group-C5BA1605619E:[om1|rpc:localhost:9872|priority:0|startupRole:FOLLOWER] with OzoneManagerStateMachine:uninitialized
2023-03-16 20:03:51,395 [pool-57-thread-1] INFO  server.RaftServerConfigKeys (ConfUtils.java:logGet(46)) - raft.server.rpc.timeout.min = 1s (custom)
2023-03-16 20:03:51,397 [pool-57-thread-1] INFO  server.RaftServerConfigKeys (ConfUtils.java:logGet(46)) - raft.server.rpc.timeout.max = 1200ms (custom)
2023-03-16 20:03:51,397 [pool-57-thread-1] INFO  server.RaftServerConfigKeys (ConfUtils.java:logGet(46)) - raft.server.rpc.sleep.time = 25ms (default)
2023-03-16 20:03:51,398 [pool-57-thread-1] INFO  server.RaftServerConfigKeys (ConfUtils.java:logGet(46)) - raft.server.rpc.slowness.timeout = 120s (custom)
2023-03-16 20:03:51,398 [pool-57-thread-1] INFO  server.RaftServerConfigKeys (ConfUtils.java:logGet(46)) - raft.server.leaderelection.leader.step-down.wait-time = 10s (default)
2023-03-16 20:03:51,399 [pool-57-thread-1] INFO  server.RaftServerConfigKeys (ConfUtils.java:logGet(46)) - raft.server.sleep.deviation.threshold = 300ms (default)
2023-03-16 20:03:51,409 [pool-57-thread-1] INFO  server.RaftServer$Division (ServerState.java:<init>(118)) - om1@group-C5BA1605619E: ConfigurationManager, init=-1: peers:[om1|rpc:localhost:9872|priority:0|startupRole:FOLLOWER]|listeners:[], old=null, confs=<EMPTY_MAP>
2023-03-16 20:03:51,411 [pool-57-thread-1] INFO  server.RaftServerConfigKeys (ConfUtils.java:logGet(46)) - raft.server.storage.dir = [/home/runner/work/ozone/ozone/hadoop-ozone/integration-test/target/test-dir/MiniOzoneClusterImpl-77d2372e-e00f-46e1-a11d-7f7bb0f90484/ozone-meta/ratis] (custom)
2023-03-16 20:03:51,440 [pool-57-thread-1] INFO  server.RaftServerConfigKeys (ConfUtils.java:logGet(46)) - raft.server.log.corruption.policy = EXCEPTION (default)
2023-03-16 20:03:51,441 [pool-57-thread-1] INFO  server.RaftServerConfigKeys (ConfUtils.java:logGet(46)) - raft.server.storage.free-space.min = 0MB (=0) (default)
2023-03-16 20:03:51,474 [pool-57-thread-1] INFO  server.RaftServerConfigKeys (ConfUtils.java:logGet(46)) - raft.server.notification.no-leader.timeout = 120s (custom)
2023-03-16 20:03:51,490 [pool-57-thread-1] INFO  server.RaftServerConfigKeys (ConfUtils.java:logGet(46)) - raft.server.retrycache.expirytime = 300s (custom)
2023-03-16 20:03:51,491 [pool-57-thread-1] INFO  server.RaftServerConfigKeys (ConfUtils.java:logGet(46)) - raft.server.retrycache.statistics.expirytime = 100μs (default)
2023-03-16 20:03:51,704 [pool-57-thread-1] INFO  server.RaftServerConfigKeys (ConfUtils.java:logGet(46)) - raft.server.log.appender.install.snapshot.enabled = false (custom)
2023-03-16 20:03:51,704 [pool-57-thread-1] INFO  server.RaftServerConfigKeys (ConfUtils.java:logGet(46)) - raft.server.threadpool.server.cached = true (default)
2023-03-16 20:03:51,705 [pool-57-thread-1] INFO  server.RaftServerConfigKeys (ConfUtils.java:logGet(46)) - raft.server.threadpool.server.size = 0 (default)
2023-03-16 20:03:51,712 [Finalizer] WARN  managed.ManagedRocksObjectUtils (ManagedRocksObjectUtils.java:assertClosed(54)) - ManagedColumnFamilyOptions is not closed properly
2023-03-16 20:03:51,712 [Finalizer] WARN  managed.ManagedRocksObjectUtils (ManagedRocksObjectUtils.java:assertClosed(54)) - RocksIterator is not closed properly
2023-03-16 20:03:51,714 [pool-57-thread-1] INFO  server.RaftServerConfigKeys (ConfUtils.java:logGet(46)) - raft.server.threadpool.client.cached = true (default)
2023-03-16 20:03:51,716 [pool-57-thread-1] INFO  server.RaftServerConfigKeys (ConfUtils.java:logGet(46)) - raft.server.threadpool.client.size = 0 (default)
2023-03-16 20:03:52,450 [Listener at 0.0.0.0/35655] INFO  reflections.Reflections (Reflections.java:scan(232)) - Reflections took 992 ms to scan 19 urls, producing 68 keys and 4949 values [using 2 cores]
2023-03-16 20:03:52,713 [Listener at 0.0.0.0/35655] INFO  ipc.CallQueueManager (CallQueueManager.java:<init>(90)) - Using callQueue: class java.util.concurrent.LinkedBlockingQueue, queueCapacity: 2000, scheduler: class org.apache.hadoop.ipc.DefaultRpcScheduler, ipcBackoff: false.
2023-03-16 20:03:52,714 [Socket Reader #1 for port 0] INFO  ipc.Server (Server.java:run(1273)) - Starting Socket Reader #1 for port 0
2023-03-16 20:03:52,760 [Listener at 127.0.0.1/35091] INFO  impl.MetricsSystemImpl (MetricsSystemImpl.java:init(158)) - OzoneManager metrics system started (again)
2023-03-16 20:03:52,776 [Listener at 127.0.0.1/35091] INFO  om.OzoneManager (OzoneManager.java:start(1564)) - OzoneManager RPC server is listening at localhost/127.0.0.1:35091
2023-03-16 20:03:52,776 [Listener at 127.0.0.1/35091] INFO  ratis.OzoneManagerRatisServer (OzoneManagerRatisServer.java:start(559)) - Starting OzoneManagerRatisServer om1 at port 9872
2023-03-16 20:03:52,780 [om1-impl-thread1] INFO  storage.RaftStorageDirectory (RaftStorageDirectoryImpl.java:analyzeStorage(137)) - The storage directory /home/runner/work/ozone/ozone/hadoop-ozone/integration-test/target/test-dir/MiniOzoneClusterImpl-77d2372e-e00f-46e1-a11d-7f7bb0f90484/ozone-meta/ratis/bf265839-605b-3f16-9796-c5ba1605619e does not exist. Creating ...
2023-03-16 20:03:52,786 [om1-impl-thread1] INFO  storage.RaftStorageDirectory (RaftStorageDirectoryImpl.java:tryLock(231)) - Lock on /home/runner/work/ozone/ozone/hadoop-ozone/integration-test/target/test-dir/MiniOzoneClusterImpl-77d2372e-e00f-46e1-a11d-7f7bb0f90484/ozone-meta/ratis/bf265839-605b-3f16-9796-c5ba1605619e/in_use.lock acquired by nodename 79287@fv-az371-917
2023-03-16 20:03:52,794 [om1-impl-thread1] INFO  storage.RaftStorage (RaftStorageImpl.java:format(96)) - Storage directory /home/runner/work/ozone/ozone/hadoop-ozone/integration-test/target/test-dir/MiniOzoneClusterImpl-77d2372e-e00f-46e1-a11d-7f7bb0f90484/ozone-meta/ratis/bf265839-605b-3f16-9796-c5ba1605619e has been successfully formatted.
2023-03-16 20:03:52,797 [om1-impl-thread1] INFO  server.RaftServerConfigKeys (ConfUtils.java:logGet(46)) - raft.server.log.use.memory = false (default)
2023-03-16 20:03:52,807 [om1-impl-thread1] INFO  server.RaftServerConfigKeys (ConfUtils.java:logGet(46)) - raft.server.log.purge.gap = 1000000 (custom)
2023-03-16 20:03:52,808 [om1-impl-thread1] INFO  server.RaftServerConfigKeys (ConfUtils.java:logGet(46)) - raft.server.log.appender.buffer.byte-limit = 33554432 (custom)
2023-03-16 20:03:52,810 [om1-impl-thread1] INFO  server.RaftServerConfigKeys (ConfUtils.java:logGet(46)) - raft.server.log.statemachine.data.read.timeout = 1000ms (default)
2023-03-16 20:03:52,811 [om1-impl-thread1] INFO  server.RaftServerConfigKeys (ConfUtils.java:logGet(46)) - raft.server.log.purge.preservation.log.num = 0 (default)
2023-03-16 20:03:52,814 [om1-impl-thread1] INFO  server.RaftServerConfigKeys (ConfUtils.java:logGet(46)) - raft.server.log.segment.size.max = 4194304 (custom)
2023-03-16 20:03:52,821 [om1-impl-thread1] INFO  server.RaftServerConfigKeys (ConfUtils.java:logGet(46)) - raft.server.log.segment.cache.num.max = 2 (custom)
2023-03-16 20:03:52,821 [om1-impl-thread1] INFO  server.RaftServerConfigKeys (ConfUtils.java:logGet(46)) - raft.server.log.segment.cache.size.max = 200MB (=209715200) (default)
2023-03-16 20:03:52,828 [om1-impl-thread1] INFO  segmented.SegmentedRaftLogWorker (SegmentedRaftLogWorker.java:<init>(189)) - new om1@group-C5BA1605619E-SegmentedRaftLogWorker for RaftStorageImpl:Storage Directory /home/runner/work/ozone/ozone/hadoop-ozone/integration-test/target/test-dir/MiniOzoneClusterImpl-77d2372e-e00f-46e1-a11d-7f7bb0f90484/ozone-meta/ratis/bf265839-605b-3f16-9796-c5ba1605619e
2023-03-16 20:03:52,829 [om1-impl-thread1] INFO  server.RaftServerConfigKeys (ConfUtils.java:logGet(46)) - raft.server.log.queue.byte-limit = 64MB (=67108864) (default)
2023-03-16 20:03:52,830 [om1-impl-thread1] INFO  server.RaftServerConfigKeys (ConfUtils.java:logGet(46)) - raft.server.log.queue.element-limit = 4096 (default)
2023-03-16 20:03:52,831 [om1-impl-thread1] INFO  server.RaftServerConfigKeys (ConfUtils.java:logGet(46)) - raft.server.log.segment.size.max = 4194304 (custom)
2023-03-16 20:03:52,832 [om1-impl-thread1] INFO  server.RaftServerConfigKeys (ConfUtils.java:logGet(46)) - raft.server.log.preallocated.size = 4194304 (custom)
2023-03-16 20:03:52,832 [om1-impl-thread1] INFO  server.RaftServerConfigKeys (ConfUtils.java:logGet(46)) - raft.server.log.force.sync.num = 128 (default)
2023-03-16 20:03:52,833 [om1-impl-thread1] INFO  server.RaftServerConfigKeys (ConfUtils.java:logGet(46)) - raft.server.log.statemachine.data.sync = true (default)
2023-03-16 20:03:52,833 [om1-impl-thread1] INFO  server.RaftServerConfigKeys (ConfUtils.java:logGet(46)) - raft.server.log.statemachine.data.sync.timeout = 10s (default)
2023-03-16 20:03:52,834 [om1-impl-thread1] INFO  server.RaftServerConfigKeys (ConfUtils.java:logGet(46)) - raft.server.log.statemachine.data.sync.timeout.retry = -1 (default)
2023-03-16 20:03:52,847 [om1-impl-thread1] INFO  server.RaftServerConfigKeys (ConfUtils.java:logGet(46)) - raft.server.log.write.buffer.size = 64KB (=65536) (default)
2023-03-16 20:03:52,847 [om1-impl-thread1] INFO  server.RaftServerConfigKeys (ConfUtils.java:logGet(46)) - raft.server.log.appender.buffer.byte-limit = 33554432 (custom)
2023-03-16 20:03:52,854 [om1-impl-thread1] INFO  server.RaftServerConfigKeys (ConfUtils.java:logGet(46)) - raft.server.log.unsafe-flush.enabled = false (default)
2023-03-16 20:03:52,855 [om1-impl-thread1] INFO  server.RaftServerConfigKeys (ConfUtils.java:logGet(46)) - raft.server.log.async-flush.enabled = false (default)
2023-03-16 20:03:52,856 [om1-impl-thread1] INFO  server.RaftServerConfigKeys (ConfUtils.java:logGet(46)) - raft.server.log.statemachine.data.caching.enabled = false (default)
2023-03-16 20:03:52,864 [om1-impl-thread1] INFO  segmented.SegmentedRaftLogWorker (SegmentedRaftLogWorker.java:lambda$new$0(135)) - om1@group-C5BA1605619E-SegmentedRaftLogWorker: flushIndex: setUnconditionally 0 -> -1
2023-03-16 20:03:52,865 [om1-impl-thread1] INFO  segmented.SegmentedRaftLogWorker (SegmentedRaftLogWorker.java:lambda$new$0(135)) - om1@group-C5BA1605619E-SegmentedRaftLogWorker: safeCacheEvictIndex: setUnconditionally 0 -> -1
2023-03-16 20:03:52,868 [om1-impl-thread1] INFO  server.RaftServer$Division (RaftServerImpl.java:start(334)) - om1@group-C5BA1605619E: start as a follower, conf=-1: peers:[om1|rpc:localhost:9872|priority:0|startupRole:FOLLOWER]|listeners:[], old=null
2023-03-16 20:03:52,868 [om1-impl-thread1] INFO  server.RaftServer$Division (RaftServerImpl.java:setRole(321)) - om1@group-C5BA1605619E: changes role from      null to FOLLOWER at term 0 for startAsFollower
2023-03-16 20:03:52,873 [om1-impl-thread1] INFO  impl.RoleInfo (RoleInfo.java:updateAndGet(139)) - om1: start om1@group-C5BA1605619E-FollowerState
2023-03-16 20:03:52,874 [om1@group-C5BA1605619E-FollowerState] INFO  server.RaftServerConfigKeys (ConfUtils.java:logFallback(53)) - raft.server.rpc.first-election.timeout.min = 1s (fallback to raft.server.rpc.timeout.min)
2023-03-16 20:03:52,874 [om1@group-C5BA1605619E-FollowerState] INFO  server.RaftServerConfigKeys (ConfUtils.java:logFallback(53)) - raft.server.rpc.first-election.timeout.max = 1200ms (fallback to raft.server.rpc.timeout.max)
2023-03-16 20:03:52,875 [om1-impl-thread1] INFO  util.JmxRegister (JmxRegister.java:tryRegister(44)) - Successfully registered JMX Bean with object name Ratis:service=RaftServer,group=group-C5BA1605619E,id=om1
2023-03-16 20:03:52,878 [om1-impl-thread1] INFO  server.RaftServerConfigKeys (ConfUtils.java:logGet(46)) - raft.server.snapshot.auto.trigger.enabled = true (custom)
2023-03-16 20:03:52,878 [om1-impl-thread1] INFO  server.RaftServerConfigKeys (ConfUtils.java:logGet(46)) - raft.server.snapshot.auto.trigger.threshold = 400000 (default)
2023-03-16 20:03:52,879 [om1-impl-thread1] INFO  server.RaftServerConfigKeys (ConfUtils.java:logGet(46)) - raft.server.snapshot.retention.file.num = -1 (default)
2023-03-16 20:03:52,880 [om1-impl-thread1] INFO  server.RaftServerConfigKeys (ConfUtils.java:logGet(46)) - raft.server.log.purge.upto.snapshot.index = true (custom)
2023-03-16 20:03:52,885 [Listener at 127.0.0.1/35091] INFO  server.RaftServer (RaftServerProxy.java:startImpl(393)) - om1: start RPC server
2023-03-16 20:03:52,951 [Listener at 127.0.0.1/35091] INFO  server.GrpcService (GrpcService.java:startImpl(262)) - om1: GrpcService started, listening on 9872
2023-03-16 20:03:52,957 [Listener at 127.0.0.1/35091] INFO  om.OzoneManager (OzoneManager.java:start(1580)) - Version File has different layout version (3) than OM DB (null). That is expected if this OM has never been finalized to a newer layout version.
2023-03-16 20:03:52,959 [JvmPauseMonitor0] INFO  util.JvmPauseMonitor (JvmPauseMonitor.java:run(105)) - JvmPauseMonitor-om1: Started
2023-03-16 20:03:52,992 [Listener at 127.0.0.1/35091] INFO  http.BaseHttpServer (BaseHttpServer.java:newHttpServer2BuilderForOzone(224)) - Starting Web-server for ozoneManager at: http://0.0.0.0:0
2023-03-16 20:03:52,993 [Listener at 127.0.0.1/35091] INFO  http.BaseHttpServer (BaseHttpServer.java:<init>(111)) - Hadoop Security Enabled: false Ozone Security Enabled: false Ozone HTTP Security Enabled: false 
2023-03-16 20:03:52,997 [Listener at 127.0.0.1/35091] WARN  server.AuthenticationFilter (AuthenticationFilter.java:constructSecretProvider(240)) - Unable to initialize FileSignerSecretProvider, falling back to use random secrets. Reason: Could not read signature secret file: /home/runner/hadoop-http-auth-signature-secret
2023-03-16 20:03:53,002 [Listener at 127.0.0.1/35091] WARN  http.HttpRequestLog (HttpRequestLog.java:getRequestLog(103)) - Jetty request log can only be enabled using Log4j
2023-03-16 20:03:53,004 [Listener at 127.0.0.1/35091] INFO  http.HttpServer2 (HttpServer2.java:addGlobalFilter(1031)) - Added global filter 'safety' (class=org.apache.hadoop.hdds.server.http.HttpServer2$QuotingInputFilter)
2023-03-16 20:03:53,005 [Listener at 127.0.0.1/35091] INFO  http.HttpServer2 (HttpServer2.java:addFilter(1007)) - Added filter static_user_filter (class=org.apache.hadoop.http.lib.StaticUserWebFilter$StaticUserFilter) to context ozoneManager
2023-03-16 20:03:53,006 [Listener at 127.0.0.1/35091] INFO  http.HttpServer2 (HttpServer2.java:addFilter(1015)) - Added filter static_user_filter (class=org.apache.hadoop.http.lib.StaticUserWebFilter$StaticUserFilter) to context static
2023-03-16 20:03:53,006 [Listener at 127.0.0.1/35091] INFO  http.HttpServer2 (HttpServer2.java:addFilter(1015)) - Added filter static_user_filter (class=org.apache.hadoop.http.lib.StaticUserWebFilter$StaticUserFilter) to context logs
2023-03-16 20:03:53,007 [Listener at 127.0.0.1/35091] INFO  http.BaseHttpServer (BaseHttpServer.java:<init>(190)) - HTTP server of ozoneManager uses base directory /home/runner/work/ozone/ozone/hadoop-ozone/integration-test/target/test-dir/MiniOzoneClusterImpl-77d2372e-e00f-46e1-a11d-7f7bb0f90484/ozone-meta/webserver
2023-03-16 20:03:53,010 [Listener at 127.0.0.1/35091] INFO  http.HttpServer2 (HttpServer2.java:bindListener(1250)) - Jetty bound to port 35585
2023-03-16 20:03:53,010 [Listener at 127.0.0.1/35091] INFO  server.Server (Server.java:doStart(375)) - jetty-9.4.49.v20220914; built: 2022-09-14T01:07:36.601Z; git: 4231a3b2e4cb8548a412a789936d640a97b1aa0a; jvm 1.8.0_362-b09
2023-03-16 20:03:53,020 [Listener at 127.0.0.1/35091] INFO  server.session (DefaultSessionIdManager.java:doStart(334)) - DefaultSessionIdManager workerName=node0
2023-03-16 20:03:53,020 [Listener at 127.0.0.1/35091] INFO  server.session (DefaultSessionIdManager.java:doStart(339)) - No SessionScavenger set, using defaults
2023-03-16 20:03:53,021 [Listener at 127.0.0.1/35091] INFO  server.session (HouseKeeper.java:startScavenging(132)) - node0 Scavenging every 660000ms
2023-03-16 20:03:53,022 [Listener at 127.0.0.1/35091] INFO  handler.ContextHandler (ContextHandler.java:doStart(921)) - Started o.e.j.s.ServletContextHandler@79c8e98{logs,/logs,file:///home/runner/work/ozone/ozone/hadoop-ozone/integration-test/target/log,AVAILABLE}
2023-03-16 20:03:53,023 [Listener at 127.0.0.1/35091] INFO  handler.ContextHandler (ContextHandler.java:doStart(921)) - Started o.e.j.s.ServletContextHandler@ae06bd1{static,/static,file:///home/runner/work/ozone/ozone/hadoop-ozone/integration-test/target/test-classes/webapps/static,AVAILABLE}
2023-03-16 20:03:53,028 [Listener at 127.0.0.1/35091] INFO  handler.ContextHandler (ContextHandler.java:doStart(921)) - Started o.e.j.w.WebAppContext@3894400{ozoneManager,/,file:///home/runner/work/ozone/ozone/hadoop-ozone/integration-test/target/test-classes/webapps/ozoneManager/,AVAILABLE}{file:/home/runner/work/ozone/ozone/hadoop-ozone/integration-test/target/test-classes/webapps/ozoneManager}
2023-03-16 20:03:53,029 [Listener at 127.0.0.1/35091] INFO  server.AbstractConnector (AbstractConnector.java:doStart(333)) - Started ServerConnector@484c6de5{HTTP/1.1, (http/1.1)}{0.0.0.0:35585}
2023-03-16 20:03:53,030 [Listener at 127.0.0.1/35091] INFO  server.Server (Server.java:doStart(415)) - Started @10501ms
2023-03-16 20:03:53,030 [Listener at 127.0.0.1/35091] WARN  impl.MetricsSystemImpl (MetricsSystemImpl.java:register(279)) - Sink prometheus already exists!
2023-03-16 20:03:53,031 [Listener at 127.0.0.1/35091] INFO  http.BaseHttpServer (BaseHttpServer.java:updateConnectorAddress(344)) - HTTP server of ozoneManager listening at http://0.0.0.0:35585
2023-03-16 20:03:53,031 [IPC Server Responder] INFO  ipc.Server (Server.java:run(1512)) - IPC Server Responder: starting
2023-03-16 20:03:53,032 [IPC Server listener on 0] INFO  ipc.Server (Server.java:run(1352)) - IPC Server listener on 0: starting
2023-03-16 20:03:53,097 [Listener at 127.0.0.1/35091] INFO  om.TrashPolicyOzone (TrashPolicyOzone.java:<init>(277)) - Ozone Manager trash configuration: Deletion interval = 0 minutes, Emptier interval = 0 minutes.
2023-03-16 20:03:53,108 [org.apache.hadoop.util.JvmPauseMonitor$Monitor@38efa316] INFO  util.JvmPauseMonitor (JvmPauseMonitor.java:run(188)) - Starting JVM pause monitor
2023-03-16 20:03:53,307 [Listener at 127.0.0.1/35091] WARN  impl.MetricRegistriesImpl (MetricRegistriesImpl.java:addReporterRegistration(111)) - New reporters are added after registries were created. Some metrics will be missing from the reporter. Please add reporter before adding any new registry.
2023-03-16 20:03:53,308 [Listener at 127.0.0.1/35091] WARN  impl.MetricRegistriesImpl (MetricRegistriesImpl.java:addReporterRegistration(111)) - New reporters are added after registries were created. Some metrics will be missing from the reporter. Please add reporter before adding any new registry.
2023-03-16 20:03:53,309 [Listener at 127.0.0.1/35091] INFO  impl.MetricsSystemImpl (MetricsSystemImpl.java:init(158)) - HddsDatanode metrics system started (again)
2023-03-16 20:03:53,330 [Listener at 127.0.0.1/35091] INFO  ozone.HddsDatanodeService (HddsDatanodeService.java:start(249)) - HddsDatanodeService host:fv-az371-917 ip:10.1.0.41
2023-03-16 20:03:53,376 [Listener at 127.0.0.1/35091] INFO  upgrade.AbstractLayoutVersionManager (AbstractLayoutVersionManager.java:init(83)) - Initializing Layout version manager with metadata layout = DATANODE_SCHEMA_V3 (version = 4), software layout = DATANODE_SCHEMA_V3 (version = 4)
2023-03-16 20:03:53,441 [Listener at 127.0.0.1/35091] INFO  reflections.Reflections (Reflections.java:scan(232)) - Reflections took 63 ms to scan 7 urls, producing 155 keys and 368 values 
2023-03-16 20:03:53,446 [Listener at 127.0.0.1/35091] INFO  statemachine.DatanodeStateMachine (DatanodeStateMachine.java:getEndPointTaskThreadPoolSize(260)) - Datanode State Machine Task Thread Pool size 2
2023-03-16 20:03:53,519 [Listener at 127.0.0.1/35091] INFO  volume.HddsVolume (HddsVolume.java:<init>(130)) - Creating HddsVolume: /home/runner/work/ozone/ozone/hadoop-ozone/integration-test/target/test-dir/MiniOzoneClusterImpl-77d2372e-e00f-46e1-a11d-7f7bb0f90484/datanode-0/data-0/containers/hdds of storage type : DISK capacity : 9223372036854775807
2023-03-16 20:03:53,522 [Listener at 127.0.0.1/35091] INFO  volume.MutableVolumeSet (MutableVolumeSet.java:initializeVolumeSet(174)) - Added Volume : /home/runner/work/ozone/ozone/hadoop-ozone/integration-test/target/test-dir/MiniOzoneClusterImpl-77d2372e-e00f-46e1-a11d-7f7bb0f90484/datanode-0/data-0/containers/hdds to VolumeSet
2023-03-16 20:03:53,523 [Listener at 127.0.0.1/35091] INFO  volume.ThrottledAsyncChecker (ThrottledAsyncChecker.java:schedule(141)) - Scheduling a check for /home/runner/work/ozone/ozone/hadoop-ozone/integration-test/target/test-dir/MiniOzoneClusterImpl-77d2372e-e00f-46e1-a11d-7f7bb0f90484/datanode-0/data-0/containers/hdds
2023-03-16 20:03:53,541 [Listener at 127.0.0.1/35091] INFO  volume.StorageVolumeChecker (StorageVolumeChecker.java:checkAllVolumes(202)) - Scheduled health check for volume /home/runner/work/ozone/ozone/hadoop-ozone/integration-test/target/test-dir/MiniOzoneClusterImpl-77d2372e-e00f-46e1-a11d-7f7bb0f90484/datanode-0/data-0/containers/hdds
2023-03-16 20:03:53,567 [Listener at 127.0.0.1/35091] INFO  volume.MutableVolumeSet (MutableVolumeSet.java:initializeVolumeSet(174)) - Added Volume : /home/runner/work/ozone/ozone/hadoop-ozone/integration-test/target/test-dir/MiniOzoneClusterImpl-77d2372e-e00f-46e1-a11d-7f7bb0f90484/datanode-0/data/ratis to VolumeSet
2023-03-16 20:03:53,568 [Listener at 127.0.0.1/35091] INFO  volume.ThrottledAsyncChecker (ThrottledAsyncChecker.java:schedule(141)) - Scheduling a check for /home/runner/work/ozone/ozone/hadoop-ozone/integration-test/target/test-dir/MiniOzoneClusterImpl-77d2372e-e00f-46e1-a11d-7f7bb0f90484/datanode-0/data/ratis
2023-03-16 20:03:53,569 [Listener at 127.0.0.1/35091] INFO  volume.StorageVolumeChecker (StorageVolumeChecker.java:checkAllVolumes(202)) - Scheduled health check for volume /home/runner/work/ozone/ozone/hadoop-ozone/integration-test/target/test-dir/MiniOzoneClusterImpl-77d2372e-e00f-46e1-a11d-7f7bb0f90484/datanode-0/data/ratis
2023-03-16 20:03:53,602 [Thread-137] INFO  ozoneimpl.ContainerReader (ContainerReader.java:readVolume(175)) - Finish verifying containers on volume /home/runner/work/ozone/ozone/hadoop-ozone/integration-test/target/test-dir/MiniOzoneClusterImpl-77d2372e-e00f-46e1-a11d-7f7bb0f90484/datanode-0/data-0/containers/hdds
2023-03-16 20:03:53,602 [Listener at 127.0.0.1/35091] INFO  ozoneimpl.OzoneContainer (OzoneContainer.java:buildContainerSet(307)) - Build ContainerSet costs 0s
2023-03-16 20:03:53,667 [Listener at 127.0.0.1/35091] INFO  audit.AuditLogger (AuditLogger.java:refreshDebugCmdSet(126)) - Refresh DebugCmdSet for DNAudit to [].
2023-03-16 20:03:53,708 [Listener at 127.0.0.1/35091] INFO  server.RaftServer (ConfUtils.java:logGet(46)) - raft.rpc.type = GRPC (default)
2023-03-16 20:03:53,709 [Listener at 127.0.0.1/35091] INFO  grpc.GrpcConfigKeys (ConfUtils.java:logFallback(53)) - raft.grpc.admin.host = null (fallback to raft.grpc.server.host)
2023-03-16 20:03:53,709 [Listener at 127.0.0.1/35091] INFO  grpc.GrpcConfigKeys (ConfUtils.java:logGet(46)) - raft.grpc.admin.port = 0 (custom)
2023-03-16 20:03:53,709 [Listener at 127.0.0.1/35091] INFO  grpc.GrpcConfigKeys (ConfUtils.java:logFallback(53)) - raft.grpc.client.host = null (fallback to raft.grpc.server.host)
2023-03-16 20:03:53,710 [Listener at 127.0.0.1/35091] INFO  grpc.GrpcConfigKeys (ConfUtils.java:logGet(46)) - raft.grpc.client.port = 0 (custom)
2023-03-16 20:03:53,710 [Listener at 127.0.0.1/35091] INFO  grpc.GrpcConfigKeys (ConfUtils.java:logGet(46)) - raft.grpc.server.host = null (default)
2023-03-16 20:03:53,710 [Listener at 127.0.0.1/35091] INFO  grpc.GrpcConfigKeys (ConfUtils.java:logGet(46)) - raft.grpc.server.port = 0 (default)
2023-03-16 20:03:53,710 [Listener at 127.0.0.1/35091] INFO  server.GrpcService (ConfUtils.java:logGet(46)) - raft.grpc.message.size.max = 32MB (=33554432) (custom)
2023-03-16 20:03:53,711 [Listener at 127.0.0.1/35091] INFO  server.RaftServerConfigKeys (ConfUtils.java:logGet(46)) - raft.server.log.appender.buffer.byte-limit = 33554432 (custom)
2023-03-16 20:03:53,711 [Listener at 127.0.0.1/35091] INFO  server.GrpcService (ConfUtils.java:logGet(46)) - raft.grpc.flow.control.window = 5MB (=5242880) (custom)
2023-03-16 20:03:53,711 [Listener at 127.0.0.1/35091] INFO  server.RaftServerConfigKeys (ConfUtils.java:logGet(46)) - raft.server.rpc.request.timeout = 60s (custom)
2023-03-16 20:03:53,712 [Listener at 127.0.0.1/35091] INFO  grpc.GrpcConfigKeys (ConfUtils.java:logGet(46)) - raft.grpc.server.heartbeat.channel = true (default)
2023-03-16 20:03:53,712 [Listener at 127.0.0.1/35091] INFO  grpc.GrpcConfigKeys (ConfUtils.java:logGet(46)) - raft.grpc.server.async.request.thread.pool.cached = true (default)
2023-03-16 20:03:53,712 [Listener at 127.0.0.1/35091] INFO  grpc.GrpcConfigKeys (ConfUtils.java:logGet(46)) - raft.grpc.server.async.request.thread.pool.size = 32 (default)
2023-03-16 20:03:53,714 [Listener at 127.0.0.1/35091] INFO  impl.DataStreamServerImpl (ConfUtils.java:logGet(46)) - raft.datastream.type = NETTY (custom)
2023-03-16 20:03:53,728 [Listener at 127.0.0.1/35091] INFO  server.RaftServerConfigKeys (ConfUtils.java:logGet(46)) - raft.server.data-stream.async.request.thread.pool.cached = false (default)
2023-03-16 20:03:53,729 [Listener at 127.0.0.1/35091] INFO  server.RaftServerConfigKeys (ConfUtils.java:logGet(46)) - raft.server.data-stream.async.request.thread.pool.size = 20 (custom)
2023-03-16 20:03:53,730 [Listener at 127.0.0.1/35091] INFO  server.RaftServerConfigKeys (ConfUtils.java:logGet(46)) - raft.server.data-stream.async.write.thread.pool.size = 16 (default)
2023-03-16 20:03:53,731 [Listener at 127.0.0.1/35091] INFO  server.RaftServerConfigKeys (ConfUtils.java:logGet(46)) - raft.server.data-stream.client.pool.size = 10 (default)
2023-03-16 20:03:53,735 [Listener at 127.0.0.1/35091] INFO  netty.NettyConfigKeys$DataStream (ConfUtils.java:logGet(46)) - raft.netty.dataStream.server.use-epoll = false (default)
2023-03-16 20:03:53,736 [Listener at 127.0.0.1/35091] INFO  netty.NettyConfigKeys$DataStream (ConfUtils.java:logGet(46)) - raft.netty.dataStream.server.boss-group.size = 0 (default)
2023-03-16 20:03:53,745 [Listener at 127.0.0.1/35091] INFO  netty.NettyConfigKeys$DataStream (ConfUtils.java:logGet(46)) - raft.netty.dataStream.server.worker-group.size = 0 (default)
2023-03-16 20:03:53,747 [Listener at 127.0.0.1/35091] INFO  netty.NettyConfigKeys$DataStream (ConfUtils.java:logGet(46)) - raft.netty.dataStream.server.tls.conf = null (default)
2023-03-16 20:03:53,750 [Listener at 127.0.0.1/35091] INFO  netty.NettyConfigKeys$DataStream (ConfUtils.java:logGet(46)) - raft.netty.dataStream.host = null (default)
2023-03-16 20:03:53,750 [Listener at 127.0.0.1/35091] INFO  netty.NettyConfigKeys$DataStream (ConfUtils.java:logGet(46)) - raft.netty.dataStream.port = 0 (default)
2023-03-16 20:03:53,766 [Listener at 127.0.0.1/35091] INFO  server.RaftServerConfigKeys (ConfUtils.java:logGet(46)) - raft.server.threadpool.proxy.cached = true (default)
2023-03-16 20:03:53,766 [Listener at 127.0.0.1/35091] INFO  server.RaftServerConfigKeys (ConfUtils.java:logGet(46)) - raft.server.threadpool.proxy.size = 0 (default)
2023-03-16 20:03:53,767 [Listener at 127.0.0.1/35091] INFO  server.RaftServerConfigKeys (ConfUtils.java:logGet(46)) - raft.server.rpc.slowness.timeout = 300s (custom)
2023-03-16 20:03:53,767 [Listener at 127.0.0.1/35091] INFO  server.RaftServerConfigKeys (ConfUtils.java:logGet(46)) - raft.server.leaderelection.leader.step-down.wait-time = 10s (default)
2023-03-16 20:03:53,767 [Listener at 127.0.0.1/35091] INFO  server.RaftServerConfigKeys (ConfUtils.java:logGet(46)) - raft.server.storage.dir = [/home/runner/work/ozone/ozone/hadoop-ozone/integration-test/target/test-dir/MiniOzoneClusterImpl-77d2372e-e00f-46e1-a11d-7f7bb0f90484/datanode-0/data/ratis] (custom)
2023-03-16 20:03:53,798 [c8f26da1-2406-40b8-bbe6-f78547910a7f-NettyServerStreamRpc-bossGroup--thread1] INFO  logging.LoggingHandler (AbstractInternalLogger.java:log(148)) - [id: 0x81e71eb2] REGISTERED
2023-03-16 20:03:53,799 [c8f26da1-2406-40b8-bbe6-f78547910a7f-NettyServerStreamRpc-bossGroup--thread1] INFO  logging.LoggingHandler (AbstractInternalLogger.java:log(148)) - [id: 0x81e71eb2] BIND: 0.0.0.0/0.0.0.0:0
2023-03-16 20:03:53,801 [c8f26da1-2406-40b8-bbe6-f78547910a7f-NettyServerStreamRpc-bossGroup--thread1] INFO  logging.LoggingHandler (AbstractInternalLogger.java:log(148)) - [id: 0x81e71eb2, L:/0:0:0:0:0:0:0:0:46287] ACTIVE
2023-03-16 20:03:53,816 [Listener at 127.0.0.1/35091] INFO  server.XceiverServerGrpc (XceiverServerGrpc.java:<init>(132)) - GrpcServer channel type EpollServerSocketChannel
2023-03-16 20:03:53,942 [Listener at 127.0.0.1/35091] INFO  http.BaseHttpServer (BaseHttpServer.java:newHttpServer2BuilderForOzone(224)) - Starting Web-server for hddsDatanode at: http://0.0.0.0:0
2023-03-16 20:03:53,942 [Listener at 127.0.0.1/35091] INFO  http.BaseHttpServer (BaseHttpServer.java:<init>(111)) - Hadoop Security Enabled: false Ozone Security Enabled: false Ozone HTTP Security Enabled: false 
2023-03-16 20:03:53,945 [Listener at 127.0.0.1/35091] WARN  server.AuthenticationFilter (AuthenticationFilter.java:constructSecretProvider(240)) - Unable to initialize FileSignerSecretProvider, falling back to use random secrets. Reason: Could not read signature secret file: /home/runner/hadoop-http-auth-signature-secret
2023-03-16 20:03:53,946 [Listener at 127.0.0.1/35091] WARN  http.HttpRequestLog (HttpRequestLog.java:getRequestLog(103)) - Jetty request log can only be enabled using Log4j
2023-03-16 20:03:53,948 [Listener at 127.0.0.1/35091] INFO  http.HttpServer2 (HttpServer2.java:addGlobalFilter(1031)) - Added global filter 'safety' (class=org.apache.hadoop.hdds.server.http.HttpServer2$QuotingInputFilter)
2023-03-16 20:03:53,949 [Listener at 127.0.0.1/35091] INFO  http.HttpServer2 (HttpServer2.java:addFilter(1007)) - Added filter static_user_filter (class=org.apache.hadoop.http.lib.StaticUserWebFilter$StaticUserFilter) to context hddsDatanode
2023-03-16 20:03:53,949 [Listener at 127.0.0.1/35091] INFO  http.HttpServer2 (HttpServer2.java:addFilter(1015)) - Added filter static_user_filter (class=org.apache.hadoop.http.lib.StaticUserWebFilter$StaticUserFilter) to context logs
2023-03-16 20:03:53,950 [Listener at 127.0.0.1/35091] INFO  http.HttpServer2 (HttpServer2.java:addFilter(1015)) - Added filter static_user_filter (class=org.apache.hadoop.http.lib.StaticUserWebFilter$StaticUserFilter) to context static
2023-03-16 20:03:53,951 [Listener at 127.0.0.1/35091] INFO  http.BaseHttpServer (BaseHttpServer.java:<init>(190)) - HTTP server of hddsDatanode uses base directory /home/runner/work/ozone/ozone/hadoop-ozone/integration-test/target/test-dir/MiniOzoneClusterImpl-77d2372e-e00f-46e1-a11d-7f7bb0f90484/datanode-0/meta/webserver
2023-03-16 20:03:53,951 [Listener at 127.0.0.1/35091] INFO  http.HttpServer2 (HttpServer2.java:bindListener(1250)) - Jetty bound to port 36185
2023-03-16 20:03:53,952 [Listener at 127.0.0.1/35091] INFO  server.Server (Server.java:doStart(375)) - jetty-9.4.49.v20220914; built: 2022-09-14T01:07:36.601Z; git: 4231a3b2e4cb8548a412a789936d640a97b1aa0a; jvm 1.8.0_362-b09
2023-03-16 20:03:53,955 [Listener at 127.0.0.1/35091] INFO  server.session (DefaultSessionIdManager.java:doStart(334)) - DefaultSessionIdManager workerName=node0
2023-03-16 20:03:53,956 [Listener at 127.0.0.1/35091] INFO  server.session (DefaultSessionIdManager.java:doStart(339)) - No SessionScavenger set, using defaults
2023-03-16 20:03:53,956 [Listener at 127.0.0.1/35091] INFO  server.session (HouseKeeper.java:startScavenging(132)) - node0 Scavenging every 660000ms
2023-03-16 20:03:53,957 [Listener at 127.0.0.1/35091] INFO  handler.ContextHandler (ContextHandler.java:doStart(921)) - Started o.e.j.s.ServletContextHandler@7702e4a{logs,/logs,file:///home/runner/work/ozone/ozone/hadoop-ozone/integration-test/target/log,AVAILABLE}
2023-03-16 20:03:53,958 [Listener at 127.0.0.1/35091] INFO  handler.ContextHandler (ContextHandler.java:doStart(921)) - Started o.e.j.s.ServletContextHandler@2e353ae8{static,/static,jar:file:/home/runner/.m2/repository/org/apache/ozone/hdds-container-service/1.4.0-SNAPSHOT/hdds-container-service-1.4.0-SNAPSHOT.jar!/webapps/static,AVAILABLE}
2023-03-16 20:03:53,987 [om1@group-C5BA1605619E-FollowerState] INFO  impl.FollowerState (FollowerState.java:run(143)) - om1@group-C5BA1605619E-FollowerState: change to CANDIDATE, lastRpcElapsedTime:1114047816ns, electionTimeout:1111ms
2023-03-16 20:03:53,989 [om1@group-C5BA1605619E-FollowerState] INFO  impl.RoleInfo (RoleInfo.java:shutdownFollowerState(110)) - om1: shutdown om1@group-C5BA1605619E-FollowerState
2023-03-16 20:03:53,990 [om1@group-C5BA1605619E-FollowerState] INFO  server.RaftServer$Division (RaftServerImpl.java:setRole(321)) - om1@group-C5BA1605619E: changes role from  FOLLOWER to CANDIDATE at term 0 for changeToCandidate
2023-03-16 20:03:53,997 [om1@group-C5BA1605619E-FollowerState] INFO  server.RaftServerConfigKeys (ConfUtils.java:logGet(46)) - raft.server.leaderelection.pre-vote = true (default)
2023-03-16 20:03:53,997 [om1@group-C5BA1605619E-FollowerState] INFO  impl.RoleInfo (RoleInfo.java:updateAndGet(139)) - om1: start om1@group-C5BA1605619E-LeaderElection1
2023-03-16 20:03:54,012 [om1@group-C5BA1605619E-LeaderElection1] INFO  impl.LeaderElection (LeaderElection.java:askForVotes(312)) - om1@group-C5BA1605619E-LeaderElection1 PRE_VOTE round 0: submit vote requests at term 0 for -1: peers:[om1|rpc:localhost:9872|priority:0|startupRole:FOLLOWER]|listeners:[], old=null
2023-03-16 20:03:54,015 [om1@group-C5BA1605619E-LeaderElection1] INFO  impl.LeaderElection (LeaderElection.java:askForVotes(314)) - om1@group-C5BA1605619E-LeaderElection1 PRE_VOTE round 0: result PASSED (term=0)
2023-03-16 20:03:54,018 [om1@group-C5BA1605619E-LeaderElection1] INFO  impl.LeaderElection (LeaderElection.java:askForVotes(312)) - om1@group-C5BA1605619E-LeaderElection1 ELECTION round 0: submit vote requests at term 1 for -1: peers:[om1|rpc:localhost:9872|priority:0|startupRole:FOLLOWER]|listeners:[], old=null
2023-03-16 20:03:54,019 [om1@group-C5BA1605619E-LeaderElection1] INFO  impl.LeaderElection (LeaderElection.java:askForVotes(314)) - om1@group-C5BA1605619E-LeaderElection1 ELECTION round 0: result PASSED (term=1)
2023-03-16 20:03:54,019 [om1@group-C5BA1605619E-LeaderElection1] INFO  impl.RoleInfo (RoleInfo.java:shutdownLeaderElection(130)) - om1: shutdown om1@group-C5BA1605619E-LeaderElection1
2023-03-16 20:03:54,020 [om1@group-C5BA1605619E-LeaderElection1] INFO  server.RaftServer$Division (RaftServerImpl.java:setRole(321)) - om1@group-C5BA1605619E: changes role from CANDIDATE to LEADER at term 1 for changeToLeader
2023-03-16 20:03:54,021 [om1@group-C5BA1605619E-LeaderElection1] INFO  server.RaftServer$Division (ServerState.java:setLeader(313)) - om1@group-C5BA1605619E: change Leader from null to om1 at term 1 for becomeLeader, leader elected after 2547ms
2023-03-16 20:03:54,047 [om1@group-C5BA1605619E-LeaderElection1] INFO  server.RaftServerConfigKeys (ConfUtils.java:logGet(46)) - raft.server.staging.catchup.gap = 1000 (default)
2023-03-16 20:03:54,066 [om1@group-C5BA1605619E-LeaderElection1] INFO  server.RaftServerConfigKeys (ConfUtils.java:logGet(46)) - raft.server.write.element-limit = 4096 (default)
2023-03-16 20:03:54,070 [om1@group-C5BA1605619E-LeaderElection1] INFO  server.RaftServerConfigKeys (ConfUtils.java:logGet(46)) - raft.server.write.byte-limit = 64MB (=67108864) (default)
2023-03-16 20:03:54,087 [om1@group-C5BA1605619E-LeaderElection1] INFO  server.RaftServerConfigKeys (ConfUtils.java:logGet(46)) - raft.server.watch.timeout = 10s (default)
2023-03-16 20:03:54,088 [om1@group-C5BA1605619E-LeaderElection1] INFO  server.RaftServerConfigKeys (ConfUtils.java:logGet(46)) - raft.server.watch.timeout.denomination = 1s (default)
2023-03-16 20:03:54,092 [om1@group-C5BA1605619E-LeaderElection1] INFO  server.RaftServerConfigKeys (ConfUtils.java:logGet(46)) - raft.server.watch.element-limit = 65536 (default)
2023-03-16 20:03:54,115 [om1@group-C5BA1605619E-LeaderElection1] INFO  server.RaftServerConfigKeys (ConfUtils.java:logGet(46)) - raft.server.write.element-limit = 4096 (default)
2023-03-16 20:03:54,132 [om1@group-C5BA1605619E-LeaderElection1] INFO  server.RaftServerConfigKeys (ConfUtils.java:logGet(46)) - raft.server.write.follower.gap.ratio.max = -1.0 (default)
2023-03-16 20:03:54,146 [om1@group-C5BA1605619E-LeaderElection1] INFO  impl.RoleInfo (RoleInfo.java:updateAndGet(139)) - om1: start om1@group-C5BA1605619E-LeaderStateImpl
2023-03-16 20:03:54,232 [om1@group-C5BA1605619E-LeaderElection1] INFO  segmented.SegmentedRaftLogWorker (SegmentedRaftLogWorker.java:startLogSegment(452)) - om1@group-C5BA1605619E-SegmentedRaftLogWorker: Starting segment from index:0
2023-03-16 20:03:54,331 [Listener at 127.0.0.1/35091] INFO  handler.ContextHandler (ContextHandler.java:doStart(921)) - Started o.e.j.w.WebAppContext@54f719cb{hddsDatanode,/,file:///home/runner/work/ozone/ozone/hadoop-ozone/integration-test/target/test-dir/MiniOzoneClusterImpl-77d2372e-e00f-46e1-a11d-7f7bb0f90484/datanode-0/meta/webserver/jetty-0_0_0_0-36185-hdds-container-service-1_4_0-SNAPSHOT_jar-_-any-7568728776360369720/webapp/,AVAILABLE}{jar:file:/home/runner/.m2/repository/org/apache/ozone/hdds-container-service/1.4.0-SNAPSHOT/hdds-container-service-1.4.0-SNAPSHOT.jar!/webapps/hddsDatanode}
2023-03-16 20:03:54,334 [Listener at 127.0.0.1/35091] INFO  server.AbstractConnector (AbstractConnector.java:doStart(333)) - Started ServerConnector@2d35f2{HTTP/1.1, (http/1.1)}{0.0.0.0:36185}
2023-03-16 20:03:54,334 [Listener at 127.0.0.1/35091] INFO  server.Server (Server.java:doStart(415)) - Started @11806ms
2023-03-16 20:03:54,334 [Listener at 127.0.0.1/35091] WARN  impl.MetricsSystemImpl (MetricsSystemImpl.java:register(279)) - Sink prometheus already exists!
2023-03-16 20:03:54,335 [Listener at 127.0.0.1/35091] INFO  http.BaseHttpServer (BaseHttpServer.java:updateConnectorAddress(344)) - HTTP server of hddsDatanode listening at http://0.0.0.0:36185
2023-03-16 20:03:54,338 [Listener at 127.0.0.1/35091] WARN  impl.MetricRegistriesImpl (MetricRegistriesImpl.java:addReporterRegistration(111)) - New reporters are added after registries were created. Some metrics will be missing from the reporter. Please add reporter before adding any new registry.
2023-03-16 20:03:54,338 [Listener at 127.0.0.1/35091] WARN  impl.MetricRegistriesImpl (MetricRegistriesImpl.java:addReporterRegistration(111)) - New reporters are added after registries were created. Some metrics will be missing from the reporter. Please add reporter before adding any new registry.
2023-03-16 20:03:54,338 [Listener at 127.0.0.1/35091] INFO  impl.MetricsSystemImpl (MetricsSystemImpl.java:init(158)) - HddsDatanode metrics system started (again)
2023-03-16 20:03:54,344 [Datanode State Machine Daemon Thread] INFO  statemachine.DatanodeStateMachine (DatanodeStateMachine.java:lambda$startDaemon$0(517)) - Ozone container server started.
2023-03-16 20:03:54,389 [Listener at 127.0.0.1/35091] INFO  ozone.HddsDatanodeService (HddsDatanodeService.java:start(249)) - HddsDatanodeService host:fv-az371-917 ip:10.1.0.41
2023-03-16 20:03:54,410 [org.apache.hadoop.util.JvmPauseMonitor$Monitor@62e87f3] INFO  util.JvmPauseMonitor (JvmPauseMonitor.java:run(188)) - Starting JVM pause monitor
2023-03-16 20:03:54,434 [om1@group-C5BA1605619E-LeaderElection1] INFO  server.RaftServer$Division (ServerState.java:setRaftConf(430)) - om1@group-C5BA1605619E: set configuration 0: peers:[om1|rpc:localhost:9872|admin:|client:|dataStream:|priority:0|startupRole:FOLLOWER]|listeners:[], old=null
2023-03-16 20:03:54,443 [Listener at 127.0.0.1/35091] INFO  upgrade.AbstractLayoutVersionManager (AbstractLayoutVersionManager.java:init(83)) - Initializing Layout version manager with metadata layout = DATANODE_SCHEMA_V3 (version = 4), software layout = DATANODE_SCHEMA_V3 (version = 4)
2023-03-16 20:03:54,537 [om1@group-C5BA1605619E-SegmentedRaftLogWorker] INFO  segmented.SegmentedRaftLogWorker (SegmentedRaftLogWorker.java:execute(656)) - om1@group-C5BA1605619E-SegmentedRaftLogWorker: created new log segment /home/runner/work/ozone/ozone/hadoop-ozone/integration-test/target/test-dir/MiniOzoneClusterImpl-77d2372e-e00f-46e1-a11d-7f7bb0f90484/ozone-meta/ratis/bf265839-605b-3f16-9796-c5ba1605619e/current/log_inprogress_0
2023-03-16 20:03:54,586 [Listener at 127.0.0.1/35091] INFO  reflections.Reflections (Reflections.java:scan(232)) - Reflections took 139 ms to scan 7 urls, producing 155 keys and 368 values 
2023-03-16 20:03:54,590 [Listener at 127.0.0.1/35091] INFO  statemachine.DatanodeStateMachine (DatanodeStateMachine.java:getEndPointTaskThreadPoolSize(260)) - Datanode State Machine Task Thread Pool size 2
2023-03-16 20:03:54,601 [Listener at 127.0.0.1/35091] INFO  volume.HddsVolume (HddsVolume.java:<init>(130)) - Creating HddsVolume: /home/runner/work/ozone/ozone/hadoop-ozone/integration-test/target/test-dir/MiniOzoneClusterImpl-77d2372e-e00f-46e1-a11d-7f7bb0f90484/datanode-1/data-0/containers/hdds of storage type : DISK capacity : 9223372036854775807
2023-03-16 20:03:54,601 [Listener at 127.0.0.1/35091] INFO  volume.MutableVolumeSet (MutableVolumeSet.java:initializeVolumeSet(174)) - Added Volume : /home/runner/work/ozone/ozone/hadoop-ozone/integration-test/target/test-dir/MiniOzoneClusterImpl-77d2372e-e00f-46e1-a11d-7f7bb0f90484/datanode-1/data-0/containers/hdds to VolumeSet
2023-03-16 20:03:54,601 [Listener at 127.0.0.1/35091] INFO  volume.ThrottledAsyncChecker (ThrottledAsyncChecker.java:schedule(141)) - Scheduling a check for /home/runner/work/ozone/ozone/hadoop-ozone/integration-test/target/test-dir/MiniOzoneClusterImpl-77d2372e-e00f-46e1-a11d-7f7bb0f90484/datanode-1/data-0/containers/hdds
2023-03-16 20:03:54,612 [Listener at 127.0.0.1/35091] INFO  volume.StorageVolumeChecker (StorageVolumeChecker.java:checkAllVolumes(202)) - Scheduled health check for volume /home/runner/work/ozone/ozone/hadoop-ozone/integration-test/target/test-dir/MiniOzoneClusterImpl-77d2372e-e00f-46e1-a11d-7f7bb0f90484/datanode-1/data-0/containers/hdds
2023-03-16 20:03:54,636 [Listener at 127.0.0.1/35091] INFO  volume.MutableVolumeSet (MutableVolumeSet.java:initializeVolumeSet(174)) - Added Volume : /home/runner/work/ozone/ozone/hadoop-ozone/integration-test/target/test-dir/MiniOzoneClusterImpl-77d2372e-e00f-46e1-a11d-7f7bb0f90484/datanode-1/data/ratis to VolumeSet
2023-03-16 20:03:54,638 [Listener at 127.0.0.1/35091] INFO  volume.ThrottledAsyncChecker (ThrottledAsyncChecker.java:schedule(141)) - Scheduling a check for /home/runner/work/ozone/ozone/hadoop-ozone/integration-test/target/test-dir/MiniOzoneClusterImpl-77d2372e-e00f-46e1-a11d-7f7bb0f90484/datanode-1/data/ratis
2023-03-16 20:03:54,638 [Listener at 127.0.0.1/35091] INFO  volume.StorageVolumeChecker (StorageVolumeChecker.java:checkAllVolumes(202)) - Scheduled health check for volume /home/runner/work/ozone/ozone/hadoop-ozone/integration-test/target/test-dir/MiniOzoneClusterImpl-77d2372e-e00f-46e1-a11d-7f7bb0f90484/datanode-1/data/ratis
2023-03-16 20:03:54,685 [Thread-153] INFO  ozoneimpl.ContainerReader (ContainerReader.java:readVolume(175)) - Finish verifying containers on volume /home/runner/work/ozone/ozone/hadoop-ozone/integration-test/target/test-dir/MiniOzoneClusterImpl-77d2372e-e00f-46e1-a11d-7f7bb0f90484/datanode-1/data-0/containers/hdds
2023-03-16 20:03:54,687 [Listener at 127.0.0.1/35091] INFO  ozoneimpl.OzoneContainer (OzoneContainer.java:buildContainerSet(307)) - Build ContainerSet costs 0s
2023-03-16 20:03:54,694 [Listener at 127.0.0.1/35091] INFO  server.RaftServer (ConfUtils.java:logGet(46)) - raft.rpc.type = GRPC (default)
2023-03-16 20:03:54,694 [Listener at 127.0.0.1/35091] INFO  grpc.GrpcConfigKeys (ConfUtils.java:logFallback(53)) - raft.grpc.admin.host = null (fallback to raft.grpc.server.host)
2023-03-16 20:03:54,698 [Listener at 127.0.0.1/35091] INFO  grpc.GrpcConfigKeys (ConfUtils.java:logGet(46)) - raft.grpc.admin.port = 0 (custom)
2023-03-16 20:03:54,701 [Listener at 127.0.0.1/35091] INFO  grpc.GrpcConfigKeys (ConfUtils.java:logFallback(53)) - raft.grpc.client.host = null (fallback to raft.grpc.server.host)
2023-03-16 20:03:54,701 [Listener at 127.0.0.1/35091] INFO  grpc.GrpcConfigKeys (ConfUtils.java:logGet(46)) - raft.grpc.client.port = 0 (custom)
2023-03-16 20:03:54,701 [Listener at 127.0.0.1/35091] INFO  grpc.GrpcConfigKeys (ConfUtils.java:logGet(46)) - raft.grpc.server.host = null (default)
2023-03-16 20:03:54,702 [Listener at 127.0.0.1/35091] INFO  grpc.GrpcConfigKeys (ConfUtils.java:logGet(46)) - raft.grpc.server.port = 0 (default)
2023-03-16 20:03:54,703 [Listener at 127.0.0.1/35091] INFO  server.GrpcService (ConfUtils.java:logGet(46)) - raft.grpc.message.size.max = 32MB (=33554432) (custom)
2023-03-16 20:03:54,703 [Listener at 127.0.0.1/35091] INFO  server.RaftServerConfigKeys (ConfUtils.java:logGet(46)) - raft.server.log.appender.buffer.byte-limit = 33554432 (custom)
2023-03-16 20:03:54,704 [Listener at 127.0.0.1/35091] INFO  server.GrpcService (ConfUtils.java:logGet(46)) - raft.grpc.flow.control.window = 5MB (=5242880) (custom)
2023-03-16 20:03:54,704 [Listener at 127.0.0.1/35091] INFO  server.RaftServerConfigKeys (ConfUtils.java:logGet(46)) - raft.server.rpc.request.timeout = 60s (custom)
2023-03-16 20:03:54,706 [Listener at 127.0.0.1/35091] INFO  grpc.GrpcConfigKeys (ConfUtils.java:logGet(46)) - raft.grpc.server.heartbeat.channel = true (default)
2023-03-16 20:03:54,707 [Listener at 127.0.0.1/35091] INFO  grpc.GrpcConfigKeys (ConfUtils.java:logGet(46)) - raft.grpc.server.async.request.thread.pool.cached = true (default)
2023-03-16 20:03:54,707 [Listener at 127.0.0.1/35091] INFO  grpc.GrpcConfigKeys (ConfUtils.java:logGet(46)) - raft.grpc.server.async.request.thread.pool.size = 32 (default)
2023-03-16 20:03:54,730 [Listener at 127.0.0.1/35091] INFO  impl.DataStreamServerImpl (ConfUtils.java:logGet(46)) - raft.datastream.type = NETTY (custom)
2023-03-16 20:03:54,743 [Listener at 127.0.0.1/35091] INFO  server.RaftServerConfigKeys (ConfUtils.java:logGet(46)) - raft.server.data-stream.async.request.thread.pool.cached = false (default)
2023-03-16 20:03:54,744 [Listener at 127.0.0.1/35091] INFO  server.RaftServerConfigKeys (ConfUtils.java:logGet(46)) - raft.server.data-stream.async.request.thread.pool.size = 20 (custom)
2023-03-16 20:03:54,748 [Listener at 127.0.0.1/35091] INFO  server.RaftServerConfigKeys (ConfUtils.java:logGet(46)) - raft.server.data-stream.async.write.thread.pool.size = 16 (default)
2023-03-16 20:03:54,753 [Listener at 127.0.0.1/35091] INFO  server.RaftServerConfigKeys (ConfUtils.java:logGet(46)) - raft.server.data-stream.client.pool.size = 10 (default)
2023-03-16 20:03:54,755 [Listener at 127.0.0.1/35091] INFO  netty.NettyConfigKeys$DataStream (ConfUtils.java:logGet(46)) - raft.netty.dataStream.server.use-epoll = false (default)
2023-03-16 20:03:54,756 [Listener at 127.0.0.1/35091] INFO  netty.NettyConfigKeys$DataStream (ConfUtils.java:logGet(46)) - raft.netty.dataStream.server.boss-group.size = 0 (default)
2023-03-16 20:03:54,760 [Listener at 127.0.0.1/35091] INFO  netty.NettyConfigKeys$DataStream (ConfUtils.java:logGet(46)) - raft.netty.dataStream.server.worker-group.size = 0 (default)
2023-03-16 20:03:54,764 [Listener at 127.0.0.1/35091] INFO  netty.NettyConfigKeys$DataStream (ConfUtils.java:logGet(46)) - raft.netty.dataStream.server.tls.conf = null (default)
2023-03-16 20:03:54,764 [Listener at 127.0.0.1/35091] INFO  netty.NettyConfigKeys$DataStream (ConfUtils.java:logGet(46)) - raft.netty.dataStream.host = null (default)
2023-03-16 20:03:54,764 [Listener at 127.0.0.1/35091] INFO  netty.NettyConfigKeys$DataStream (ConfUtils.java:logGet(46)) - raft.netty.dataStream.port = 0 (default)
2023-03-16 20:03:54,772 [Listener at 127.0.0.1/35091] INFO  server.RaftServerConfigKeys (ConfUtils.java:logGet(46)) - raft.server.threadpool.proxy.cached = true (default)
2023-03-16 20:03:54,773 [Listener at 127.0.0.1/35091] INFO  server.RaftServerConfigKeys (ConfUtils.java:logGet(46)) - raft.server.threadpool.proxy.size = 0 (default)
2023-03-16 20:03:54,773 [Listener at 127.0.0.1/35091] INFO  server.RaftServerConfigKeys (ConfUtils.java:logGet(46)) - raft.server.rpc.slowness.timeout = 300s (custom)
2023-03-16 20:03:54,773 [Listener at 127.0.0.1/35091] INFO  server.RaftServerConfigKeys (ConfUtils.java:logGet(46)) - raft.server.leaderelection.leader.step-down.wait-time = 10s (default)
2023-03-16 20:03:54,773 [Listener at 127.0.0.1/35091] INFO  server.RaftServerConfigKeys (ConfUtils.java:logGet(46)) - raft.server.storage.dir = [/home/runner/work/ozone/ozone/hadoop-ozone/integration-test/target/test-dir/MiniOzoneClusterImpl-77d2372e-e00f-46e1-a11d-7f7bb0f90484/datanode-1/data/ratis] (custom)
2023-03-16 20:03:54,786 [c5189d4b-3145-494e-80fe-2ee109b29a1b-NettyServerStreamRpc-bossGroup--thread1] INFO  logging.LoggingHandler (AbstractInternalLogger.java:log(148)) - [id: 0xab884655] REGISTERED
2023-03-16 20:03:54,787 [c5189d4b-3145-494e-80fe-2ee109b29a1b-NettyServerStreamRpc-bossGroup--thread1] INFO  logging.LoggingHandler (AbstractInternalLogger.java:log(148)) - [id: 0xab884655] BIND: 0.0.0.0/0.0.0.0:0
2023-03-16 20:03:54,787 [c5189d4b-3145-494e-80fe-2ee109b29a1b-NettyServerStreamRpc-bossGroup--thread1] INFO  logging.LoggingHandler (AbstractInternalLogger.java:log(148)) - [id: 0xab884655, L:/0:0:0:0:0:0:0:0:43421] ACTIVE
2023-03-16 20:03:54,794 [Listener at 127.0.0.1/35091] INFO  server.XceiverServerGrpc (XceiverServerGrpc.java:<init>(132)) - GrpcServer channel type EpollServerSocketChannel
2023-03-16 20:03:54,804 [Datanode State Machine Task Thread - 0] INFO  datanode.InitDatanodeState (InitDatanodeState.java:persistContainerDatanodeDetails(138)) - DatanodeDetails is persisted to /home/runner/work/ozone/ozone/hadoop-ozone/integration-test/target/test-dir/MiniOzoneClusterImpl-77d2372e-e00f-46e1-a11d-7f7bb0f90484/datanode-0/meta/datanode.id
2023-03-16 20:03:54,811 [Listener at 127.0.0.1/35091] INFO  http.BaseHttpServer (BaseHttpServer.java:newHttpServer2BuilderForOzone(224)) - Starting Web-server for hddsDatanode at: http://0.0.0.0:0
2023-03-16 20:03:54,812 [Listener at 127.0.0.1/35091] INFO  http.BaseHttpServer (BaseHttpServer.java:<init>(111)) - Hadoop Security Enabled: false Ozone Security Enabled: false Ozone HTTP Security Enabled: false 
2023-03-16 20:03:54,814 [Listener at 127.0.0.1/35091] WARN  server.AuthenticationFilter (AuthenticationFilter.java:constructSecretProvider(240)) - Unable to initialize FileSignerSecretProvider, falling back to use random secrets. Reason: Could not read signature secret file: /home/runner/hadoop-http-auth-signature-secret
2023-03-16 20:03:54,821 [Listener at 127.0.0.1/35091] WARN  http.HttpRequestLog (HttpRequestLog.java:getRequestLog(103)) - Jetty request log can only be enabled using Log4j
2023-03-16 20:03:54,824 [Listener at 127.0.0.1/35091] INFO  http.HttpServer2 (HttpServer2.java:addGlobalFilter(1031)) - Added global filter 'safety' (class=org.apache.hadoop.hdds.server.http.HttpServer2$QuotingInputFilter)
2023-03-16 20:03:54,826 [Listener at 127.0.0.1/35091] INFO  http.HttpServer2 (HttpServer2.java:addFilter(1007)) - Added filter static_user_filter (class=org.apache.hadoop.http.lib.StaticUserWebFilter$StaticUserFilter) to context hddsDatanode
2023-03-16 20:03:54,826 [Listener at 127.0.0.1/35091] INFO  http.HttpServer2 (HttpServer2.java:addFilter(1015)) - Added filter static_user_filter (class=org.apache.hadoop.http.lib.StaticUserWebFilter$StaticUserFilter) to context logs
2023-03-16 20:03:54,827 [Listener at 127.0.0.1/35091] INFO  http.HttpServer2 (HttpServer2.java:addFilter(1015)) - Added filter static_user_filter (class=org.apache.hadoop.http.lib.StaticUserWebFilter$StaticUserFilter) to context static
2023-03-16 20:03:54,829 [Listener at 127.0.0.1/35091] INFO  http.BaseHttpServer (BaseHttpServer.java:<init>(190)) - HTTP server of hddsDatanode uses base directory /home/runner/work/ozone/ozone/hadoop-ozone/integration-test/target/test-dir/MiniOzoneClusterImpl-77d2372e-e00f-46e1-a11d-7f7bb0f90484/datanode-1/meta/webserver
2023-03-16 20:03:54,829 [Listener at 127.0.0.1/35091] INFO  http.HttpServer2 (HttpServer2.java:bindListener(1250)) - Jetty bound to port 39277
2023-03-16 20:03:54,829 [Listener at 127.0.0.1/35091] INFO  server.Server (Server.java:doStart(375)) - jetty-9.4.49.v20220914; built: 2022-09-14T01:07:36.601Z; git: 4231a3b2e4cb8548a412a789936d640a97b1aa0a; jvm 1.8.0_362-b09
2023-03-16 20:03:54,863 [om1@group-C5BA1605619E-StateMachineUpdater] INFO  ratis.OzoneManagerStateMachine (OzoneManagerStateMachine.java:notifyConfigurationChanged(192)) - Received Configuration change notification from Ratis. New Peer list:
[id: "om1"
address: "localhost:9872"
startupRole: FOLLOWER
]
2023-03-16 20:03:54,867 [Listener at 127.0.0.1/35091] INFO  server.session (DefaultSessionIdManager.java:doStart(334)) - DefaultSessionIdManager workerName=node0
2023-03-16 20:03:54,867 [Listener at 127.0.0.1/35091] INFO  server.session (DefaultSessionIdManager.java:doStart(339)) - No SessionScavenger set, using defaults
2023-03-16 20:03:54,868 [Listener at 127.0.0.1/35091] INFO  server.session (HouseKeeper.java:startScavenging(132)) - node0 Scavenging every 660000ms
2023-03-16 20:03:54,869 [Listener at 127.0.0.1/35091] INFO  handler.ContextHandler (ContextHandler.java:doStart(921)) - Started o.e.j.s.ServletContextHandler@76e34b8{logs,/logs,file:///home/runner/work/ozone/ozone/hadoop-ozone/integration-test/target/log,AVAILABLE}
2023-03-16 20:03:54,869 [Listener at 127.0.0.1/35091] INFO  handler.ContextHandler (ContextHandler.java:doStart(921)) - Started o.e.j.s.ServletContextHandler@2de829a7{static,/static,jar:file:/home/runner/.m2/repository/org/apache/ozone/hdds-container-service/1.4.0-SNAPSHOT/hdds-container-service-1.4.0-SNAPSHOT.jar!/webapps/static,AVAILABLE}
2023-03-16 20:03:55,161 [Listener at 127.0.0.1/35091] INFO  handler.ContextHandler (ContextHandler.java:doStart(921)) - Started o.e.j.w.WebAppContext@24614b8a{hddsDatanode,/,file:///home/runner/work/ozone/ozone/hadoop-ozone/integration-test/target/test-dir/MiniOzoneClusterImpl-77d2372e-e00f-46e1-a11d-7f7bb0f90484/datanode-1/meta/webserver/jetty-0_0_0_0-39277-hdds-container-service-1_4_0-SNAPSHOT_jar-_-any-2718595140265385041/webapp/,AVAILABLE}{jar:file:/home/runner/.m2/repository/org/apache/ozone/hdds-container-service/1.4.0-SNAPSHOT/hdds-container-service-1.4.0-SNAPSHOT.jar!/webapps/hddsDatanode}
2023-03-16 20:03:55,165 [Listener at 127.0.0.1/35091] INFO  server.AbstractConnector (AbstractConnector.java:doStart(333)) - Started ServerConnector@5db13401{HTTP/1.1, (http/1.1)}{0.0.0.0:39277}
2023-03-16 20:03:55,165 [Listener at 127.0.0.1/35091] INFO  server.Server (Server.java:doStart(415)) - Started @12637ms
2023-03-16 20:03:55,166 [Listener at 127.0.0.1/35091] WARN  impl.MetricsSystemImpl (MetricsSystemImpl.java:register(279)) - Sink prometheus already exists!
2023-03-16 20:03:55,166 [Listener at 127.0.0.1/35091] INFO  http.BaseHttpServer (BaseHttpServer.java:updateConnectorAddress(344)) - HTTP server of hddsDatanode listening at http://0.0.0.0:39277
2023-03-16 20:03:55,167 [Listener at 127.0.0.1/35091] WARN  impl.MetricRegistriesImpl (MetricRegistriesImpl.java:addReporterRegistration(111)) - New reporters are added after registries were created. Some metrics will be missing from the reporter. Please add reporter before adding any new registry.
2023-03-16 20:03:55,167 [Listener at 127.0.0.1/35091] WARN  impl.MetricRegistriesImpl (MetricRegistriesImpl.java:addReporterRegistration(111)) - New reporters are added after registries were created. Some metrics will be missing from the reporter. Please add reporter before adding any new registry.
2023-03-16 20:03:55,168 [Listener at 127.0.0.1/35091] INFO  impl.MetricsSystemImpl (MetricsSystemImpl.java:init(158)) - HddsDatanode metrics system started (again)
2023-03-16 20:03:55,173 [Datanode State Machine Daemon Thread] INFO  statemachine.DatanodeStateMachine (DatanodeStateMachine.java:lambda$startDaemon$0(517)) - Ozone container server started.
2023-03-16 20:03:55,195 [Listener at 127.0.0.1/35091] INFO  ozone.HddsDatanodeService (HddsDatanodeService.java:start(249)) - HddsDatanodeService host:fv-az371-917 ip:10.1.0.41
2023-03-16 20:03:55,216 [org.apache.hadoop.util.JvmPauseMonitor$Monitor@7b42cfd] INFO  util.JvmPauseMonitor (JvmPauseMonitor.java:run(188)) - Starting JVM pause monitor
2023-03-16 20:03:55,226 [Datanode State Machine Task Thread - 0] INFO  datanode.InitDatanodeState (InitDatanodeState.java:persistContainerDatanodeDetails(138)) - DatanodeDetails is persisted to /home/runner/work/ozone/ozone/hadoop-ozone/integration-test/target/test-dir/MiniOzoneClusterImpl-77d2372e-e00f-46e1-a11d-7f7bb0f90484/datanode-1/meta/datanode.id
2023-03-16 20:03:55,241 [Listener at 127.0.0.1/35091] INFO  upgrade.AbstractLayoutVersionManager (AbstractLayoutVersionManager.java:init(83)) - Initializing Layout version manager with metadata layout = DATANODE_SCHEMA_V3 (version = 4), software layout = DATANODE_SCHEMA_V3 (version = 4)
2023-03-16 20:03:55,328 [Listener at 127.0.0.1/35091] INFO  reflections.Reflections (Reflections.java:scan(232)) - Reflections took 83 ms to scan 7 urls, producing 155 keys and 368 values 
2023-03-16 20:03:55,333 [Listener at 127.0.0.1/35091] INFO  statemachine.DatanodeStateMachine (DatanodeStateMachine.java:getEndPointTaskThreadPoolSize(260)) - Datanode State Machine Task Thread Pool size 2
2023-03-16 20:03:55,339 [Listener at 127.0.0.1/35091] INFO  volume.HddsVolume (HddsVolume.java:<init>(130)) - Creating HddsVolume: /home/runner/work/ozone/ozone/hadoop-ozone/integration-test/target/test-dir/MiniOzoneClusterImpl-77d2372e-e00f-46e1-a11d-7f7bb0f90484/datanode-2/data-0/containers/hdds of storage type : DISK capacity : 9223372036854775807
2023-03-16 20:03:55,339 [Listener at 127.0.0.1/35091] INFO  volume.MutableVolumeSet (MutableVolumeSet.java:initializeVolumeSet(174)) - Added Volume : /home/runner/work/ozone/ozone/hadoop-ozone/integration-test/target/test-dir/MiniOzoneClusterImpl-77d2372e-e00f-46e1-a11d-7f7bb0f90484/datanode-2/data-0/containers/hdds to VolumeSet
2023-03-16 20:03:55,339 [Listener at 127.0.0.1/35091] INFO  volume.ThrottledAsyncChecker (ThrottledAsyncChecker.java:schedule(141)) - Scheduling a check for /home/runner/work/ozone/ozone/hadoop-ozone/integration-test/target/test-dir/MiniOzoneClusterImpl-77d2372e-e00f-46e1-a11d-7f7bb0f90484/datanode-2/data-0/containers/hdds
2023-03-16 20:03:55,347 [Listener at 127.0.0.1/35091] INFO  volume.StorageVolumeChecker (StorageVolumeChecker.java:checkAllVolumes(202)) - Scheduled health check for volume /home/runner/work/ozone/ozone/hadoop-ozone/integration-test/target/test-dir/MiniOzoneClusterImpl-77d2372e-e00f-46e1-a11d-7f7bb0f90484/datanode-2/data-0/containers/hdds
2023-03-16 20:03:55,362 [Listener at 127.0.0.1/35091] INFO  volume.MutableVolumeSet (MutableVolumeSet.java:initializeVolumeSet(174)) - Added Volume : /home/runner/work/ozone/ozone/hadoop-ozone/integration-test/target/test-dir/MiniOzoneClusterImpl-77d2372e-e00f-46e1-a11d-7f7bb0f90484/datanode-2/data/ratis to VolumeSet
2023-03-16 20:03:55,364 [Listener at 127.0.0.1/35091] INFO  volume.ThrottledAsyncChecker (ThrottledAsyncChecker.java:schedule(141)) - Scheduling a check for /home/runner/work/ozone/ozone/hadoop-ozone/integration-test/target/test-dir/MiniOzoneClusterImpl-77d2372e-e00f-46e1-a11d-7f7bb0f90484/datanode-2/data/ratis
2023-03-16 20:03:55,364 [Listener at 127.0.0.1/35091] INFO  volume.StorageVolumeChecker (StorageVolumeChecker.java:checkAllVolumes(202)) - Scheduled health check for volume /home/runner/work/ozone/ozone/hadoop-ozone/integration-test/target/test-dir/MiniOzoneClusterImpl-77d2372e-e00f-46e1-a11d-7f7bb0f90484/datanode-2/data/ratis
2023-03-16 20:03:55,388 [Thread-167] INFO  ozoneimpl.ContainerReader (ContainerReader.java:readVolume(175)) - Finish verifying containers on volume /home/runner/work/ozone/ozone/hadoop-ozone/integration-test/target/test-dir/MiniOzoneClusterImpl-77d2372e-e00f-46e1-a11d-7f7bb0f90484/datanode-2/data-0/containers/hdds
2023-03-16 20:03:55,388 [Listener at 127.0.0.1/35091] INFO  ozoneimpl.OzoneContainer (OzoneContainer.java:buildContainerSet(307)) - Build ContainerSet costs 0s
2023-03-16 20:03:55,400 [Listener at 127.0.0.1/35091] INFO  server.RaftServer (ConfUtils.java:logGet(46)) - raft.rpc.type = GRPC (default)
2023-03-16 20:03:55,400 [Listener at 127.0.0.1/35091] INFO  grpc.GrpcConfigKeys (ConfUtils.java:logFallback(53)) - raft.grpc.admin.host = null (fallback to raft.grpc.server.host)
2023-03-16 20:03:55,400 [Listener at 127.0.0.1/35091] INFO  grpc.GrpcConfigKeys (ConfUtils.java:logGet(46)) - raft.grpc.admin.port = 0 (custom)
2023-03-16 20:03:55,401 [Listener at 127.0.0.1/35091] INFO  grpc.GrpcConfigKeys (ConfUtils.java:logFallback(53)) - raft.grpc.client.host = null (fallback to raft.grpc.server.host)
2023-03-16 20:03:55,401 [Listener at 127.0.0.1/35091] INFO  grpc.GrpcConfigKeys (ConfUtils.java:logGet(46)) - raft.grpc.client.port = 0 (custom)
2023-03-16 20:03:55,401 [Listener at 127.0.0.1/35091] INFO  grpc.GrpcConfigKeys (ConfUtils.java:logGet(46)) - raft.grpc.server.host = null (default)
2023-03-16 20:03:55,401 [Listener at 127.0.0.1/35091] INFO  grpc.GrpcConfigKeys (ConfUtils.java:logGet(46)) - raft.grpc.server.port = 0 (default)
2023-03-16 20:03:55,401 [Listener at 127.0.0.1/35091] INFO  server.GrpcService (ConfUtils.java:logGet(46)) - raft.grpc.message.size.max = 32MB (=33554432) (custom)
2023-03-16 20:03:55,401 [Listener at 127.0.0.1/35091] INFO  server.RaftServerConfigKeys (ConfUtils.java:logGet(46)) - raft.server.log.appender.buffer.byte-limit = 33554432 (custom)
2023-03-16 20:03:55,402 [Listener at 127.0.0.1/35091] INFO  server.GrpcService (ConfUtils.java:logGet(46)) - raft.grpc.flow.control.window = 5MB (=5242880) (custom)
2023-03-16 20:03:55,402 [Listener at 127.0.0.1/35091] INFO  server.RaftServerConfigKeys (ConfUtils.java:logGet(46)) - raft.server.rpc.request.timeout = 60s (custom)
2023-03-16 20:03:55,402 [Listener at 127.0.0.1/35091] INFO  grpc.GrpcConfigKeys (ConfUtils.java:logGet(46)) - raft.grpc.server.heartbeat.channel = true (default)
2023-03-16 20:03:55,402 [Listener at 127.0.0.1/35091] INFO  grpc.GrpcConfigKeys (ConfUtils.java:logGet(46)) - raft.grpc.server.async.request.thread.pool.cached = true (default)
2023-03-16 20:03:55,403 [Listener at 127.0.0.1/35091] INFO  grpc.GrpcConfigKeys (ConfUtils.java:logGet(46)) - raft.grpc.server.async.request.thread.pool.size = 32 (default)
2023-03-16 20:03:55,405 [Listener at 127.0.0.1/35091] INFO  impl.DataStreamServerImpl (ConfUtils.java:logGet(46)) - raft.datastream.type = NETTY (custom)
2023-03-16 20:03:55,406 [Listener at 127.0.0.1/35091] INFO  server.RaftServerConfigKeys (ConfUtils.java:logGet(46)) - raft.server.data-stream.async.request.thread.pool.cached = false (default)
2023-03-16 20:03:55,406 [Listener at 127.0.0.1/35091] INFO  server.RaftServerConfigKeys (ConfUtils.java:logGet(46)) - raft.server.data-stream.async.request.thread.pool.size = 20 (custom)
2023-03-16 20:03:55,406 [Listener at 127.0.0.1/35091] INFO  server.RaftServerConfigKeys (ConfUtils.java:logGet(46)) - raft.server.data-stream.async.write.thread.pool.size = 16 (default)
2023-03-16 20:03:55,407 [Listener at 127.0.0.1/35091] INFO  server.RaftServerConfigKeys (ConfUtils.java:logGet(46)) - raft.server.data-stream.client.pool.size = 10 (default)
2023-03-16 20:03:55,408 [Listener at 127.0.0.1/35091] INFO  netty.NettyConfigKeys$DataStream (ConfUtils.java:logGet(46)) - raft.netty.dataStream.server.use-epoll = false (default)
2023-03-16 20:03:55,408 [Listener at 127.0.0.1/35091] INFO  netty.NettyConfigKeys$DataStream (ConfUtils.java:logGet(46)) - raft.netty.dataStream.server.boss-group.size = 0 (default)
2023-03-16 20:03:55,409 [Listener at 127.0.0.1/35091] INFO  netty.NettyConfigKeys$DataStream (ConfUtils.java:logGet(46)) - raft.netty.dataStream.server.worker-group.size = 0 (default)
2023-03-16 20:03:55,409 [Listener at 127.0.0.1/35091] INFO  netty.NettyConfigKeys$DataStream (ConfUtils.java:logGet(46)) - raft.netty.dataStream.server.tls.conf = null (default)
2023-03-16 20:03:55,409 [Listener at 127.0.0.1/35091] INFO  netty.NettyConfigKeys$DataStream (ConfUtils.java:logGet(46)) - raft.netty.dataStream.host = null (default)
2023-03-16 20:03:55,410 [Listener at 127.0.0.1/35091] INFO  netty.NettyConfigKeys$DataStream (ConfUtils.java:logGet(46)) - raft.netty.dataStream.port = 0 (default)
2023-03-16 20:03:55,412 [Listener at 127.0.0.1/35091] INFO  server.RaftServerConfigKeys (ConfUtils.java:logGet(46)) - raft.server.threadpool.proxy.cached = true (default)
2023-03-16 20:03:55,412 [Listener at 127.0.0.1/35091] INFO  server.RaftServerConfigKeys (ConfUtils.java:logGet(46)) - raft.server.threadpool.proxy.size = 0 (default)
2023-03-16 20:03:55,412 [Listener at 127.0.0.1/35091] INFO  server.RaftServerConfigKeys (ConfUtils.java:logGet(46)) - raft.server.rpc.slowness.timeout = 300s (custom)
2023-03-16 20:03:55,412 [Listener at 127.0.0.1/35091] INFO  server.RaftServerConfigKeys (ConfUtils.java:logGet(46)) - raft.server.leaderelection.leader.step-down.wait-time = 10s (default)
2023-03-16 20:03:55,413 [Listener at 127.0.0.1/35091] INFO  server.RaftServerConfigKeys (ConfUtils.java:logGet(46)) - raft.server.storage.dir = [/home/runner/work/ozone/ozone/hadoop-ozone/integration-test/target/test-dir/MiniOzoneClusterImpl-77d2372e-e00f-46e1-a11d-7f7bb0f90484/datanode-2/data/ratis] (custom)
2023-03-16 20:03:55,419 [2de148b0-f597-457b-b70e-3e9a456efa0b-NettyServerStreamRpc-bossGroup--thread1] INFO  logging.LoggingHandler (AbstractInternalLogger.java:log(148)) - [id: 0x84a44f9a] REGISTERED
2023-03-16 20:03:55,419 [2de148b0-f597-457b-b70e-3e9a456efa0b-NettyServerStreamRpc-bossGroup--thread1] INFO  logging.LoggingHandler (AbstractInternalLogger.java:log(148)) - [id: 0x84a44f9a] BIND: 0.0.0.0/0.0.0.0:0
2023-03-16 20:03:55,419 [2de148b0-f597-457b-b70e-3e9a456efa0b-NettyServerStreamRpc-bossGroup--thread1] INFO  logging.LoggingHandler (AbstractInternalLogger.java:log(148)) - [id: 0x84a44f9a, L:/0:0:0:0:0:0:0:0:33355] ACTIVE
2023-03-16 20:03:55,423 [Listener at 127.0.0.1/35091] INFO  server.XceiverServerGrpc (XceiverServerGrpc.java:<init>(132)) - GrpcServer channel type EpollServerSocketChannel
2023-03-16 20:03:55,441 [Listener at 127.0.0.1/35091] INFO  http.BaseHttpServer (BaseHttpServer.java:newHttpServer2BuilderForOzone(224)) - Starting Web-server for hddsDatanode at: http://0.0.0.0:0
2023-03-16 20:03:55,441 [Listener at 127.0.0.1/35091] INFO  http.BaseHttpServer (BaseHttpServer.java:<init>(111)) - Hadoop Security Enabled: false Ozone Security Enabled: false Ozone HTTP Security Enabled: false 
2023-03-16 20:03:55,445 [Listener at 127.0.0.1/35091] WARN  server.AuthenticationFilter (AuthenticationFilter.java:constructSecretProvider(240)) - Unable to initialize FileSignerSecretProvider, falling back to use random secrets. Reason: Could not read signature secret file: /home/runner/hadoop-http-auth-signature-secret
2023-03-16 20:03:55,446 [Listener at 127.0.0.1/35091] WARN  http.HttpRequestLog (HttpRequestLog.java:getRequestLog(103)) - Jetty request log can only be enabled using Log4j
2023-03-16 20:03:55,448 [Listener at 127.0.0.1/35091] INFO  http.HttpServer2 (HttpServer2.java:addGlobalFilter(1031)) - Added global filter 'safety' (class=org.apache.hadoop.hdds.server.http.HttpServer2$QuotingInputFilter)
2023-03-16 20:03:55,449 [Listener at 127.0.0.1/35091] INFO  http.HttpServer2 (HttpServer2.java:addFilter(1007)) - Added filter static_user_filter (class=org.apache.hadoop.http.lib.StaticUserWebFilter$StaticUserFilter) to context hddsDatanode
2023-03-16 20:03:55,449 [Listener at 127.0.0.1/35091] INFO  http.HttpServer2 (HttpServer2.java:addFilter(1015)) - Added filter static_user_filter (class=org.apache.hadoop.http.lib.StaticUserWebFilter$StaticUserFilter) to context logs
2023-03-16 20:03:55,449 [Listener at 127.0.0.1/35091] INFO  http.HttpServer2 (HttpServer2.java:addFilter(1015)) - Added filter static_user_filter (class=org.apache.hadoop.http.lib.StaticUserWebFilter$StaticUserFilter) to context static
2023-03-16 20:03:55,450 [Listener at 127.0.0.1/35091] INFO  http.BaseHttpServer (BaseHttpServer.java:<init>(190)) - HTTP server of hddsDatanode uses base directory /home/runner/work/ozone/ozone/hadoop-ozone/integration-test/target/test-dir/MiniOzoneClusterImpl-77d2372e-e00f-46e1-a11d-7f7bb0f90484/datanode-2/meta/webserver
2023-03-16 20:03:55,450 [Listener at 127.0.0.1/35091] INFO  http.HttpServer2 (HttpServer2.java:bindListener(1250)) - Jetty bound to port 32781
2023-03-16 20:03:55,451 [Listener at 127.0.0.1/35091] INFO  server.Server (Server.java:doStart(375)) - jetty-9.4.49.v20220914; built: 2022-09-14T01:07:36.601Z; git: 4231a3b2e4cb8548a412a789936d640a97b1aa0a; jvm 1.8.0_362-b09
2023-03-16 20:03:55,462 [Listener at 127.0.0.1/35091] INFO  server.session (DefaultSessionIdManager.java:doStart(334)) - DefaultSessionIdManager workerName=node0
2023-03-16 20:03:55,463 [Listener at 127.0.0.1/35091] INFO  server.session (DefaultSessionIdManager.java:doStart(339)) - No SessionScavenger set, using defaults
2023-03-16 20:03:55,463 [Listener at 127.0.0.1/35091] INFO  server.session (HouseKeeper.java:startScavenging(132)) - node0 Scavenging every 600000ms
2023-03-16 20:03:55,465 [Listener at 127.0.0.1/35091] INFO  handler.ContextHandler (ContextHandler.java:doStart(921)) - Started o.e.j.s.ServletContextHandler@118e6543{logs,/logs,file:///home/runner/work/ozone/ozone/hadoop-ozone/integration-test/target/log,AVAILABLE}
2023-03-16 20:03:55,466 [Listener at 127.0.0.1/35091] INFO  handler.ContextHandler (ContextHandler.java:doStart(921)) - Started o.e.j.s.ServletContextHandler@10c62889{static,/static,jar:file:/home/runner/.m2/repository/org/apache/ozone/hdds-container-service/1.4.0-SNAPSHOT/hdds-container-service-1.4.0-SNAPSHOT.jar!/webapps/static,AVAILABLE}
2023-03-16 20:03:55,724 [Listener at 127.0.0.1/35091] INFO  handler.ContextHandler (ContextHandler.java:doStart(921)) - Started o.e.j.w.WebAppContext@41bd7cb1{hddsDatanode,/,file:///home/runner/work/ozone/ozone/hadoop-ozone/integration-test/target/test-dir/MiniOzoneClusterImpl-77d2372e-e00f-46e1-a11d-7f7bb0f90484/datanode-2/meta/webserver/jetty-0_0_0_0-32781-hdds-container-service-1_4_0-SNAPSHOT_jar-_-any-8408149070140388057/webapp/,AVAILABLE}{jar:file:/home/runner/.m2/repository/org/apache/ozone/hdds-container-service/1.4.0-SNAPSHOT/hdds-container-service-1.4.0-SNAPSHOT.jar!/webapps/hddsDatanode}
2023-03-16 20:03:55,729 [Listener at 127.0.0.1/35091] INFO  server.AbstractConnector (AbstractConnector.java:doStart(333)) - Started ServerConnector@4737dd30{HTTP/1.1, (http/1.1)}{0.0.0.0:32781}
2023-03-16 20:03:55,729 [Listener at 127.0.0.1/35091] INFO  server.Server (Server.java:doStart(415)) - Started @13201ms
2023-03-16 20:03:55,729 [Listener at 127.0.0.1/35091] WARN  impl.MetricsSystemImpl (MetricsSystemImpl.java:register(279)) - Sink prometheus already exists!
2023-03-16 20:03:55,732 [Listener at 127.0.0.1/35091] INFO  http.BaseHttpServer (BaseHttpServer.java:updateConnectorAddress(344)) - HTTP server of hddsDatanode listening at http://0.0.0.0:32781
2023-03-16 20:03:55,734 [Datanode State Machine Daemon Thread] INFO  statemachine.DatanodeStateMachine (DatanodeStateMachine.java:lambda$startDaemon$0(517)) - Ozone container server started.
2023-03-16 20:03:55,738 [Listener at 127.0.0.1/35091] WARN  impl.MetricRegistriesImpl (MetricRegistriesImpl.java:addReporterRegistration(111)) - New reporters are added after registries were created. Some metrics will be missing from the reporter. Please add reporter before adding any new registry.
2023-03-16 20:03:55,738 [Listener at 127.0.0.1/35091] WARN  impl.MetricRegistriesImpl (MetricRegistriesImpl.java:addReporterRegistration(111)) - New reporters are added after registries were created. Some metrics will be missing from the reporter. Please add reporter before adding any new registry.
2023-03-16 20:03:55,738 [Listener at 127.0.0.1/35091] INFO  impl.MetricsSystemImpl (MetricsSystemImpl.java:init(158)) - HddsDatanode metrics system started (again)
2023-03-16 20:03:55,757 [Listener at 127.0.0.1/35091] INFO  ozone.HddsDatanodeService (HddsDatanodeService.java:start(249)) - HddsDatanodeService host:fv-az371-917 ip:10.1.0.41
2023-03-16 20:03:55,766 [org.apache.hadoop.util.JvmPauseMonitor$Monitor@6e31c84a] INFO  util.JvmPauseMonitor (JvmPauseMonitor.java:run(188)) - Starting JVM pause monitor
2023-03-16 20:03:55,773 [Datanode State Machine Task Thread - 0] INFO  datanode.InitDatanodeState (InitDatanodeState.java:persistContainerDatanodeDetails(138)) - DatanodeDetails is persisted to /home/runner/work/ozone/ozone/hadoop-ozone/integration-test/target/test-dir/MiniOzoneClusterImpl-77d2372e-e00f-46e1-a11d-7f7bb0f90484/datanode-2/meta/datanode.id
2023-03-16 20:03:55,798 [Listener at 127.0.0.1/35091] INFO  upgrade.AbstractLayoutVersionManager (AbstractLayoutVersionManager.java:init(83)) - Initializing Layout version manager with metadata layout = DATANODE_SCHEMA_V3 (version = 4), software layout = DATANODE_SCHEMA_V3 (version = 4)
2023-03-16 20:03:55,874 [Listener at 127.0.0.1/35091] INFO  reflections.Reflections (Reflections.java:scan(232)) - Reflections took 69 ms to scan 7 urls, producing 155 keys and 368 values 
2023-03-16 20:03:55,881 [Listener at 127.0.0.1/35091] INFO  statemachine.DatanodeStateMachine (DatanodeStateMachine.java:getEndPointTaskThreadPoolSize(260)) - Datanode State Machine Task Thread Pool size 2
2023-03-16 20:03:55,887 [Listener at 127.0.0.1/35091] INFO  volume.HddsVolume (HddsVolume.java:<init>(130)) - Creating HddsVolume: /home/runner/work/ozone/ozone/hadoop-ozone/integration-test/target/test-dir/MiniOzoneClusterImpl-77d2372e-e00f-46e1-a11d-7f7bb0f90484/datanode-3/data-0/containers/hdds of storage type : DISK capacity : 9223372036854775807
2023-03-16 20:03:55,888 [Listener at 127.0.0.1/35091] INFO  volume.MutableVolumeSet (MutableVolumeSet.java:initializeVolumeSet(174)) - Added Volume : /home/runner/work/ozone/ozone/hadoop-ozone/integration-test/target/test-dir/MiniOzoneClusterImpl-77d2372e-e00f-46e1-a11d-7f7bb0f90484/datanode-3/data-0/containers/hdds to VolumeSet
2023-03-16 20:03:55,888 [Listener at 127.0.0.1/35091] INFO  volume.ThrottledAsyncChecker (ThrottledAsyncChecker.java:schedule(141)) - Scheduling a check for /home/runner/work/ozone/ozone/hadoop-ozone/integration-test/target/test-dir/MiniOzoneClusterImpl-77d2372e-e00f-46e1-a11d-7f7bb0f90484/datanode-3/data-0/containers/hdds
2023-03-16 20:03:55,891 [Listener at 127.0.0.1/35091] INFO  volume.StorageVolumeChecker (StorageVolumeChecker.java:checkAllVolumes(202)) - Scheduled health check for volume /home/runner/work/ozone/ozone/hadoop-ozone/integration-test/target/test-dir/MiniOzoneClusterImpl-77d2372e-e00f-46e1-a11d-7f7bb0f90484/datanode-3/data-0/containers/hdds
2023-03-16 20:03:55,910 [Listener at 127.0.0.1/35091] INFO  volume.MutableVolumeSet (MutableVolumeSet.java:initializeVolumeSet(174)) - Added Volume : /home/runner/work/ozone/ozone/hadoop-ozone/integration-test/target/test-dir/MiniOzoneClusterImpl-77d2372e-e00f-46e1-a11d-7f7bb0f90484/datanode-3/data/ratis to VolumeSet
2023-03-16 20:03:55,911 [Listener at 127.0.0.1/35091] INFO  volume.ThrottledAsyncChecker (ThrottledAsyncChecker.java:schedule(141)) - Scheduling a check for /home/runner/work/ozone/ozone/hadoop-ozone/integration-test/target/test-dir/MiniOzoneClusterImpl-77d2372e-e00f-46e1-a11d-7f7bb0f90484/datanode-3/data/ratis
2023-03-16 20:03:55,911 [Listener at 127.0.0.1/35091] INFO  volume.StorageVolumeChecker (StorageVolumeChecker.java:checkAllVolumes(202)) - Scheduled health check for volume /home/runner/work/ozone/ozone/hadoop-ozone/integration-test/target/test-dir/MiniOzoneClusterImpl-77d2372e-e00f-46e1-a11d-7f7bb0f90484/datanode-3/data/ratis
2023-03-16 20:03:55,929 [Thread-181] INFO  ozoneimpl.ContainerReader (ContainerReader.java:readVolume(175)) - Finish verifying containers on volume /home/runner/work/ozone/ozone/hadoop-ozone/integration-test/target/test-dir/MiniOzoneClusterImpl-77d2372e-e00f-46e1-a11d-7f7bb0f90484/datanode-3/data-0/containers/hdds
2023-03-16 20:03:55,930 [Listener at 127.0.0.1/35091] INFO  ozoneimpl.OzoneContainer (OzoneContainer.java:buildContainerSet(307)) - Build ContainerSet costs 0s
2023-03-16 20:03:55,935 [Listener at 127.0.0.1/35091] INFO  server.RaftServer (ConfUtils.java:logGet(46)) - raft.rpc.type = GRPC (default)
2023-03-16 20:03:55,935 [Listener at 127.0.0.1/35091] INFO  grpc.GrpcConfigKeys (ConfUtils.java:logFallback(53)) - raft.grpc.admin.host = null (fallback to raft.grpc.server.host)
2023-03-16 20:03:55,935 [Listener at 127.0.0.1/35091] INFO  grpc.GrpcConfigKeys (ConfUtils.java:logGet(46)) - raft.grpc.admin.port = 0 (custom)
2023-03-16 20:03:55,935 [Listener at 127.0.0.1/35091] INFO  grpc.GrpcConfigKeys (ConfUtils.java:logFallback(53)) - raft.grpc.client.host = null (fallback to raft.grpc.server.host)
2023-03-16 20:03:55,936 [Listener at 127.0.0.1/35091] INFO  grpc.GrpcConfigKeys (ConfUtils.java:logGet(46)) - raft.grpc.client.port = 0 (custom)
2023-03-16 20:03:55,936 [Listener at 127.0.0.1/35091] INFO  grpc.GrpcConfigKeys (ConfUtils.java:logGet(46)) - raft.grpc.server.host = null (default)
2023-03-16 20:03:55,936 [Listener at 127.0.0.1/35091] INFO  grpc.GrpcConfigKeys (ConfUtils.java:logGet(46)) - raft.grpc.server.port = 0 (default)
2023-03-16 20:03:55,936 [Listener at 127.0.0.1/35091] INFO  server.GrpcService (ConfUtils.java:logGet(46)) - raft.grpc.message.size.max = 32MB (=33554432) (custom)
2023-03-16 20:03:55,936 [Listener at 127.0.0.1/35091] INFO  server.RaftServerConfigKeys (ConfUtils.java:logGet(46)) - raft.server.log.appender.buffer.byte-limit = 33554432 (custom)
2023-03-16 20:03:55,937 [Listener at 127.0.0.1/35091] INFO  server.GrpcService (ConfUtils.java:logGet(46)) - raft.grpc.flow.control.window = 5MB (=5242880) (custom)
2023-03-16 20:03:55,937 [Listener at 127.0.0.1/35091] INFO  server.RaftServerConfigKeys (ConfUtils.java:logGet(46)) - raft.server.rpc.request.timeout = 60s (custom)
2023-03-16 20:03:55,937 [Listener at 127.0.0.1/35091] INFO  grpc.GrpcConfigKeys (ConfUtils.java:logGet(46)) - raft.grpc.server.heartbeat.channel = true (default)
2023-03-16 20:03:55,937 [Listener at 127.0.0.1/35091] INFO  grpc.GrpcConfigKeys (ConfUtils.java:logGet(46)) - raft.grpc.server.async.request.thread.pool.cached = true (default)
2023-03-16 20:03:55,937 [Listener at 127.0.0.1/35091] INFO  grpc.GrpcConfigKeys (ConfUtils.java:logGet(46)) - raft.grpc.server.async.request.thread.pool.size = 32 (default)
2023-03-16 20:03:55,939 [Listener at 127.0.0.1/35091] INFO  impl.DataStreamServerImpl (ConfUtils.java:logGet(46)) - raft.datastream.type = NETTY (custom)
2023-03-16 20:03:55,940 [Listener at 127.0.0.1/35091] INFO  server.RaftServerConfigKeys (ConfUtils.java:logGet(46)) - raft.server.data-stream.async.request.thread.pool.cached = false (default)
2023-03-16 20:03:55,940 [Listener at 127.0.0.1/35091] INFO  server.RaftServerConfigKeys (ConfUtils.java:logGet(46)) - raft.server.data-stream.async.request.thread.pool.size = 20 (custom)
2023-03-16 20:03:55,940 [Listener at 127.0.0.1/35091] INFO  server.RaftServerConfigKeys (ConfUtils.java:logGet(46)) - raft.server.data-stream.async.write.thread.pool.size = 16 (default)
2023-03-16 20:03:55,941 [Listener at 127.0.0.1/35091] INFO  server.RaftServerConfigKeys (ConfUtils.java:logGet(46)) - raft.server.data-stream.client.pool.size = 10 (default)
2023-03-16 20:03:55,941 [Listener at 127.0.0.1/35091] INFO  netty.NettyConfigKeys$DataStream (ConfUtils.java:logGet(46)) - raft.netty.dataStream.server.use-epoll = false (default)
2023-03-16 20:03:55,941 [Listener at 127.0.0.1/35091] INFO  netty.NettyConfigKeys$DataStream (ConfUtils.java:logGet(46)) - raft.netty.dataStream.server.boss-group.size = 0 (default)
2023-03-16 20:03:55,942 [Listener at 127.0.0.1/35091] INFO  netty.NettyConfigKeys$DataStream (ConfUtils.java:logGet(46)) - raft.netty.dataStream.server.worker-group.size = 0 (default)
2023-03-16 20:03:55,942 [Listener at 127.0.0.1/35091] INFO  netty.NettyConfigKeys$DataStream (ConfUtils.java:logGet(46)) - raft.netty.dataStream.server.tls.conf = null (default)
2023-03-16 20:03:55,943 [Listener at 127.0.0.1/35091] INFO  netty.NettyConfigKeys$DataStream (ConfUtils.java:logGet(46)) - raft.netty.dataStream.host = null (default)
2023-03-16 20:03:55,943 [Listener at 127.0.0.1/35091] INFO  netty.NettyConfigKeys$DataStream (ConfUtils.java:logGet(46)) - raft.netty.dataStream.port = 0 (default)
2023-03-16 20:03:55,943 [Listener at 127.0.0.1/35091] INFO  server.RaftServerConfigKeys (ConfUtils.java:logGet(46)) - raft.server.threadpool.proxy.cached = true (default)
2023-03-16 20:03:55,944 [Listener at 127.0.0.1/35091] INFO  server.RaftServerConfigKeys (ConfUtils.java:logGet(46)) - raft.server.threadpool.proxy.size = 0 (default)
2023-03-16 20:03:55,944 [Listener at 127.0.0.1/35091] INFO  server.RaftServerConfigKeys (ConfUtils.java:logGet(46)) - raft.server.rpc.slowness.timeout = 300s (custom)
2023-03-16 20:03:55,944 [Listener at 127.0.0.1/35091] INFO  server.RaftServerConfigKeys (ConfUtils.java:logGet(46)) - raft.server.leaderelection.leader.step-down.wait-time = 10s (default)
2023-03-16 20:03:55,944 [Listener at 127.0.0.1/35091] INFO  server.RaftServerConfigKeys (ConfUtils.java:logGet(46)) - raft.server.storage.dir = [/home/runner/work/ozone/ozone/hadoop-ozone/integration-test/target/test-dir/MiniOzoneClusterImpl-77d2372e-e00f-46e1-a11d-7f7bb0f90484/datanode-3/data/ratis] (custom)
2023-03-16 20:03:55,954 [Listener at 127.0.0.1/35091] INFO  server.XceiverServerGrpc (XceiverServerGrpc.java:<init>(132)) - GrpcServer channel type EpollServerSocketChannel
2023-03-16 20:03:55,958 [f9f49075-6b76-4a07-b0c3-cad8e972cd7f-NettyServerStreamRpc-bossGroup--thread1] INFO  logging.LoggingHandler (AbstractInternalLogger.java:log(148)) - [id: 0xdec31d37] REGISTERED
2023-03-16 20:03:55,958 [f9f49075-6b76-4a07-b0c3-cad8e972cd7f-NettyServerStreamRpc-bossGroup--thread1] INFO  logging.LoggingHandler (AbstractInternalLogger.java:log(148)) - [id: 0xdec31d37] BIND: 0.0.0.0/0.0.0.0:0
2023-03-16 20:03:55,959 [f9f49075-6b76-4a07-b0c3-cad8e972cd7f-NettyServerStreamRpc-bossGroup--thread1] INFO  logging.LoggingHandler (AbstractInternalLogger.java:log(148)) - [id: 0xdec31d37, L:/0:0:0:0:0:0:0:0:38455] ACTIVE
2023-03-16 20:03:55,962 [Listener at 127.0.0.1/35091] INFO  http.BaseHttpServer (BaseHttpServer.java:newHttpServer2BuilderForOzone(224)) - Starting Web-server for hddsDatanode at: http://0.0.0.0:0
2023-03-16 20:03:55,962 [Listener at 127.0.0.1/35091] INFO  http.BaseHttpServer (BaseHttpServer.java:<init>(111)) - Hadoop Security Enabled: false Ozone Security Enabled: false Ozone HTTP Security Enabled: false 
2023-03-16 20:03:55,964 [Listener at 127.0.0.1/35091] WARN  server.AuthenticationFilter (AuthenticationFilter.java:constructSecretProvider(240)) - Unable to initialize FileSignerSecretProvider, falling back to use random secrets. Reason: Could not read signature secret file: /home/runner/hadoop-http-auth-signature-secret
2023-03-16 20:03:55,965 [Listener at 127.0.0.1/35091] WARN  http.HttpRequestLog (HttpRequestLog.java:getRequestLog(103)) - Jetty request log can only be enabled using Log4j
2023-03-16 20:03:55,967 [Listener at 127.0.0.1/35091] INFO  http.HttpServer2 (HttpServer2.java:addGlobalFilter(1031)) - Added global filter 'safety' (class=org.apache.hadoop.hdds.server.http.HttpServer2$QuotingInputFilter)
2023-03-16 20:03:55,968 [Listener at 127.0.0.1/35091] INFO  http.HttpServer2 (HttpServer2.java:addFilter(1007)) - Added filter static_user_filter (class=org.apache.hadoop.http.lib.StaticUserWebFilter$StaticUserFilter) to context hddsDatanode
2023-03-16 20:03:55,968 [Listener at 127.0.0.1/35091] INFO  http.HttpServer2 (HttpServer2.java:addFilter(1015)) - Added filter static_user_filter (class=org.apache.hadoop.http.lib.StaticUserWebFilter$StaticUserFilter) to context static
2023-03-16 20:03:55,968 [Listener at 127.0.0.1/35091] INFO  http.HttpServer2 (HttpServer2.java:addFilter(1015)) - Added filter static_user_filter (class=org.apache.hadoop.http.lib.StaticUserWebFilter$StaticUserFilter) to context logs
2023-03-16 20:03:55,969 [Listener at 127.0.0.1/35091] INFO  http.BaseHttpServer (BaseHttpServer.java:<init>(190)) - HTTP server of hddsDatanode uses base directory /home/runner/work/ozone/ozone/hadoop-ozone/integration-test/target/test-dir/MiniOzoneClusterImpl-77d2372e-e00f-46e1-a11d-7f7bb0f90484/datanode-3/meta/webserver
2023-03-16 20:03:55,969 [Listener at 127.0.0.1/35091] INFO  http.HttpServer2 (HttpServer2.java:bindListener(1250)) - Jetty bound to port 45611
2023-03-16 20:03:55,970 [Listener at 127.0.0.1/35091] INFO  server.Server (Server.java:doStart(375)) - jetty-9.4.49.v20220914; built: 2022-09-14T01:07:36.601Z; git: 4231a3b2e4cb8548a412a789936d640a97b1aa0a; jvm 1.8.0_362-b09
2023-03-16 20:03:55,975 [Listener at 127.0.0.1/35091] INFO  server.session (DefaultSessionIdManager.java:doStart(334)) - DefaultSessionIdManager workerName=node0
2023-03-16 20:03:55,975 [Listener at 127.0.0.1/35091] INFO  server.session (DefaultSessionIdManager.java:doStart(339)) - No SessionScavenger set, using defaults
2023-03-16 20:03:55,975 [Listener at 127.0.0.1/35091] INFO  server.session (HouseKeeper.java:startScavenging(132)) - node0 Scavenging every 600000ms
2023-03-16 20:03:55,976 [Listener at 127.0.0.1/35091] INFO  handler.ContextHandler (ContextHandler.java:doStart(921)) - Started o.e.j.s.ServletContextHandler@703a47b5{logs,/logs,file:///home/runner/work/ozone/ozone/hadoop-ozone/integration-test/target/log,AVAILABLE}
2023-03-16 20:03:55,977 [Listener at 127.0.0.1/35091] INFO  handler.ContextHandler (ContextHandler.java:doStart(921)) - Started o.e.j.s.ServletContextHandler@6a35ab2e{static,/static,jar:file:/home/runner/.m2/repository/org/apache/ozone/hdds-container-service/1.4.0-SNAPSHOT/hdds-container-service-1.4.0-SNAPSHOT.jar!/webapps/static,AVAILABLE}
2023-03-16 20:03:56,237 [Listener at 127.0.0.1/35091] INFO  handler.ContextHandler (ContextHandler.java:doStart(921)) - Started o.e.j.w.WebAppContext@72143dfe{hddsDatanode,/,file:///home/runner/work/ozone/ozone/hadoop-ozone/integration-test/target/test-dir/MiniOzoneClusterImpl-77d2372e-e00f-46e1-a11d-7f7bb0f90484/datanode-3/meta/webserver/jetty-0_0_0_0-45611-hdds-container-service-1_4_0-SNAPSHOT_jar-_-any-120015473265940939/webapp/,AVAILABLE}{jar:file:/home/runner/.m2/repository/org/apache/ozone/hdds-container-service/1.4.0-SNAPSHOT/hdds-container-service-1.4.0-SNAPSHOT.jar!/webapps/hddsDatanode}
2023-03-16 20:03:56,239 [Listener at 127.0.0.1/35091] INFO  server.AbstractConnector (AbstractConnector.java:doStart(333)) - Started ServerConnector@3c591552{HTTP/1.1, (http/1.1)}{0.0.0.0:45611}
2023-03-16 20:03:56,239 [Listener at 127.0.0.1/35091] INFO  server.Server (Server.java:doStart(415)) - Started @13710ms
2023-03-16 20:03:56,239 [Listener at 127.0.0.1/35091] WARN  impl.MetricsSystemImpl (MetricsSystemImpl.java:register(279)) - Sink prometheus already exists!
2023-03-16 20:03:56,240 [Listener at 127.0.0.1/35091] INFO  http.BaseHttpServer (BaseHttpServer.java:updateConnectorAddress(344)) - HTTP server of hddsDatanode listening at http://0.0.0.0:45611
2023-03-16 20:03:56,241 [Listener at 127.0.0.1/35091] WARN  impl.MetricRegistriesImpl (MetricRegistriesImpl.java:addReporterRegistration(111)) - New reporters are added after registries were created. Some metrics will be missing from the reporter. Please add reporter before adding any new registry.
2023-03-16 20:03:56,241 [Listener at 127.0.0.1/35091] WARN  impl.MetricRegistriesImpl (MetricRegistriesImpl.java:addReporterRegistration(111)) - New reporters are added after registries were created. Some metrics will be missing from the reporter. Please add reporter before adding any new registry.
2023-03-16 20:03:56,241 [Listener at 127.0.0.1/35091] INFO  impl.MetricsSystemImpl (MetricsSystemImpl.java:init(158)) - HddsDatanode metrics system started (again)
2023-03-16 20:03:56,242 [Datanode State Machine Daemon Thread] INFO  statemachine.DatanodeStateMachine (DatanodeStateMachine.java:lambda$startDaemon$0(517)) - Ozone container server started.
2023-03-16 20:03:56,257 [org.apache.hadoop.util.JvmPauseMonitor$Monitor@658efa84] INFO  util.JvmPauseMonitor (JvmPauseMonitor.java:run(188)) - Starting JVM pause monitor
2023-03-16 20:03:56,257 [Listener at 127.0.0.1/35091] INFO  ozone.HddsDatanodeService (HddsDatanodeService.java:start(249)) - HddsDatanodeService host:fv-az371-917 ip:10.1.0.41
2023-03-16 20:03:56,261 [Datanode State Machine Task Thread - 0] INFO  datanode.InitDatanodeState (InitDatanodeState.java:persistContainerDatanodeDetails(138)) - DatanodeDetails is persisted to /home/runner/work/ozone/ozone/hadoop-ozone/integration-test/target/test-dir/MiniOzoneClusterImpl-77d2372e-e00f-46e1-a11d-7f7bb0f90484/datanode-3/meta/datanode.id
2023-03-16 20:03:56,303 [Listener at 127.0.0.1/35091] INFO  upgrade.AbstractLayoutVersionManager (AbstractLayoutVersionManager.java:init(83)) - Initializing Layout version manager with metadata layout = DATANODE_SCHEMA_V3 (version = 4), software layout = DATANODE_SCHEMA_V3 (version = 4)
2023-03-16 20:03:56,363 [Listener at 127.0.0.1/35091] INFO  reflections.Reflections (Reflections.java:scan(232)) - Reflections took 58 ms to scan 7 urls, producing 155 keys and 368 values 
2023-03-16 20:03:56,365 [Listener at 127.0.0.1/35091] INFO  statemachine.DatanodeStateMachine (DatanodeStateMachine.java:getEndPointTaskThreadPoolSize(260)) - Datanode State Machine Task Thread Pool size 2
2023-03-16 20:03:56,368 [Listener at 127.0.0.1/35091] INFO  volume.HddsVolume (HddsVolume.java:<init>(130)) - Creating HddsVolume: /home/runner/work/ozone/ozone/hadoop-ozone/integration-test/target/test-dir/MiniOzoneClusterImpl-77d2372e-e00f-46e1-a11d-7f7bb0f90484/datanode-4/data-0/containers/hdds of storage type : DISK capacity : 9223372036854775807
2023-03-16 20:03:56,368 [Listener at 127.0.0.1/35091] INFO  volume.MutableVolumeSet (MutableVolumeSet.java:initializeVolumeSet(174)) - Added Volume : /home/runner/work/ozone/ozone/hadoop-ozone/integration-test/target/test-dir/MiniOzoneClusterImpl-77d2372e-e00f-46e1-a11d-7f7bb0f90484/datanode-4/data-0/containers/hdds to VolumeSet
2023-03-16 20:03:56,368 [Listener at 127.0.0.1/35091] INFO  volume.ThrottledAsyncChecker (ThrottledAsyncChecker.java:schedule(141)) - Scheduling a check for /home/runner/work/ozone/ozone/hadoop-ozone/integration-test/target/test-dir/MiniOzoneClusterImpl-77d2372e-e00f-46e1-a11d-7f7bb0f90484/datanode-4/data-0/containers/hdds
2023-03-16 20:03:56,379 [Listener at 127.0.0.1/35091] INFO  volume.StorageVolumeChecker (StorageVolumeChecker.java:checkAllVolumes(202)) - Scheduled health check for volume /home/runner/work/ozone/ozone/hadoop-ozone/integration-test/target/test-dir/MiniOzoneClusterImpl-77d2372e-e00f-46e1-a11d-7f7bb0f90484/datanode-4/data-0/containers/hdds
2023-03-16 20:03:56,398 [Listener at 127.0.0.1/35091] INFO  volume.MutableVolumeSet (MutableVolumeSet.java:initializeVolumeSet(174)) - Added Volume : /home/runner/work/ozone/ozone/hadoop-ozone/integration-test/target/test-dir/MiniOzoneClusterImpl-77d2372e-e00f-46e1-a11d-7f7bb0f90484/datanode-4/data/ratis to VolumeSet
2023-03-16 20:03:56,399 [Listener at 127.0.0.1/35091] INFO  volume.ThrottledAsyncChecker (ThrottledAsyncChecker.java:schedule(141)) - Scheduling a check for /home/runner/work/ozone/ozone/hadoop-ozone/integration-test/target/test-dir/MiniOzoneClusterImpl-77d2372e-e00f-46e1-a11d-7f7bb0f90484/datanode-4/data/ratis
2023-03-16 20:03:56,399 [Listener at 127.0.0.1/35091] INFO  volume.StorageVolumeChecker (StorageVolumeChecker.java:checkAllVolumes(202)) - Scheduled health check for volume /home/runner/work/ozone/ozone/hadoop-ozone/integration-test/target/test-dir/MiniOzoneClusterImpl-77d2372e-e00f-46e1-a11d-7f7bb0f90484/datanode-4/data/ratis
2023-03-16 20:03:56,414 [Thread-195] INFO  ozoneimpl.ContainerReader (ContainerReader.java:readVolume(175)) - Finish verifying containers on volume /home/runner/work/ozone/ozone/hadoop-ozone/integration-test/target/test-dir/MiniOzoneClusterImpl-77d2372e-e00f-46e1-a11d-7f7bb0f90484/datanode-4/data-0/containers/hdds
2023-03-16 20:03:56,414 [Listener at 127.0.0.1/35091] INFO  ozoneimpl.OzoneContainer (OzoneContainer.java:buildContainerSet(307)) - Build ContainerSet costs 0s
2023-03-16 20:03:56,418 [Listener at 127.0.0.1/35091] INFO  server.RaftServer (ConfUtils.java:logGet(46)) - raft.rpc.type = GRPC (default)
2023-03-16 20:03:56,419 [Listener at 127.0.0.1/35091] INFO  grpc.GrpcConfigKeys (ConfUtils.java:logFallback(53)) - raft.grpc.admin.host = null (fallback to raft.grpc.server.host)
2023-03-16 20:03:56,419 [Listener at 127.0.0.1/35091] INFO  grpc.GrpcConfigKeys (ConfUtils.java:logGet(46)) - raft.grpc.admin.port = 0 (custom)
2023-03-16 20:03:56,419 [Listener at 127.0.0.1/35091] INFO  grpc.GrpcConfigKeys (ConfUtils.java:logFallback(53)) - raft.grpc.client.host = null (fallback to raft.grpc.server.host)
2023-03-16 20:03:56,419 [Listener at 127.0.0.1/35091] INFO  grpc.GrpcConfigKeys (ConfUtils.java:logGet(46)) - raft.grpc.client.port = 0 (custom)
2023-03-16 20:03:56,419 [Listener at 127.0.0.1/35091] INFO  grpc.GrpcConfigKeys (ConfUtils.java:logGet(46)) - raft.grpc.server.host = null (default)
2023-03-16 20:03:56,420 [Listener at 127.0.0.1/35091] INFO  grpc.GrpcConfigKeys (ConfUtils.java:logGet(46)) - raft.grpc.server.port = 0 (default)
2023-03-16 20:03:56,420 [Listener at 127.0.0.1/35091] INFO  server.GrpcService (ConfUtils.java:logGet(46)) - raft.grpc.message.size.max = 32MB (=33554432) (custom)
2023-03-16 20:03:56,420 [Listener at 127.0.0.1/35091] INFO  server.RaftServerConfigKeys (ConfUtils.java:logGet(46)) - raft.server.log.appender.buffer.byte-limit = 33554432 (custom)
2023-03-16 20:03:56,420 [Listener at 127.0.0.1/35091] INFO  server.GrpcService (ConfUtils.java:logGet(46)) - raft.grpc.flow.control.window = 5MB (=5242880) (custom)
2023-03-16 20:03:56,421 [Listener at 127.0.0.1/35091] INFO  server.RaftServerConfigKeys (ConfUtils.java:logGet(46)) - raft.server.rpc.request.timeout = 60s (custom)
2023-03-16 20:03:56,421 [Listener at 127.0.0.1/35091] INFO  grpc.GrpcConfigKeys (ConfUtils.java:logGet(46)) - raft.grpc.server.heartbeat.channel = true (default)
2023-03-16 20:03:56,421 [Listener at 127.0.0.1/35091] INFO  grpc.GrpcConfigKeys (ConfUtils.java:logGet(46)) - raft.grpc.server.async.request.thread.pool.cached = true (default)
2023-03-16 20:03:56,421 [Listener at 127.0.0.1/35091] INFO  grpc.GrpcConfigKeys (ConfUtils.java:logGet(46)) - raft.grpc.server.async.request.thread.pool.size = 32 (default)
2023-03-16 20:03:56,424 [Listener at 127.0.0.1/35091] INFO  impl.DataStreamServerImpl (ConfUtils.java:logGet(46)) - raft.datastream.type = NETTY (custom)
2023-03-16 20:03:56,424 [Listener at 127.0.0.1/35091] INFO  server.RaftServerConfigKeys (ConfUtils.java:logGet(46)) - raft.server.data-stream.async.request.thread.pool.cached = false (default)
2023-03-16 20:03:56,424 [Listener at 127.0.0.1/35091] INFO  server.RaftServerConfigKeys (ConfUtils.java:logGet(46)) - raft.server.data-stream.async.request.thread.pool.size = 20 (custom)
2023-03-16 20:03:56,425 [Listener at 127.0.0.1/35091] INFO  server.RaftServerConfigKeys (ConfUtils.java:logGet(46)) - raft.server.data-stream.async.write.thread.pool.size = 16 (default)
2023-03-16 20:03:56,425 [Listener at 127.0.0.1/35091] INFO  server.RaftServerConfigKeys (ConfUtils.java:logGet(46)) - raft.server.data-stream.client.pool.size = 10 (default)
2023-03-16 20:03:56,425 [Listener at 127.0.0.1/35091] INFO  netty.NettyConfigKeys$DataStream (ConfUtils.java:logGet(46)) - raft.netty.dataStream.server.use-epoll = false (default)
2023-03-16 20:03:56,425 [Listener at 127.0.0.1/35091] INFO  netty.NettyConfigKeys$DataStream (ConfUtils.java:logGet(46)) - raft.netty.dataStream.server.boss-group.size = 0 (default)
2023-03-16 20:03:56,426 [Listener at 127.0.0.1/35091] INFO  netty.NettyConfigKeys$DataStream (ConfUtils.java:logGet(46)) - raft.netty.dataStream.server.worker-group.size = 0 (default)
2023-03-16 20:03:56,427 [Listener at 127.0.0.1/35091] INFO  netty.NettyConfigKeys$DataStream (ConfUtils.java:logGet(46)) - raft.netty.dataStream.server.tls.conf = null (default)
2023-03-16 20:03:56,427 [Listener at 127.0.0.1/35091] INFO  netty.NettyConfigKeys$DataStream (ConfUtils.java:logGet(46)) - raft.netty.dataStream.host = null (default)
2023-03-16 20:03:56,427 [Listener at 127.0.0.1/35091] INFO  netty.NettyConfigKeys$DataStream (ConfUtils.java:logGet(46)) - raft.netty.dataStream.port = 0 (default)
2023-03-16 20:03:56,428 [Listener at 127.0.0.1/35091] INFO  server.RaftServerConfigKeys (ConfUtils.java:logGet(46)) - raft.server.threadpool.proxy.cached = true (default)
2023-03-16 20:03:56,428 [Listener at 127.0.0.1/35091] INFO  server.RaftServerConfigKeys (ConfUtils.java:logGet(46)) - raft.server.threadpool.proxy.size = 0 (default)
2023-03-16 20:03:56,428 [Listener at 127.0.0.1/35091] INFO  server.RaftServerConfigKeys (ConfUtils.java:logGet(46)) - raft.server.rpc.slowness.timeout = 300s (custom)
2023-03-16 20:03:56,428 [Listener at 127.0.0.1/35091] INFO  server.RaftServerConfigKeys (ConfUtils.java:logGet(46)) - raft.server.leaderelection.leader.step-down.wait-time = 10s (default)
2023-03-16 20:03:56,428 [Listener at 127.0.0.1/35091] INFO  server.RaftServerConfigKeys (ConfUtils.java:logGet(46)) - raft.server.storage.dir = [/home/runner/work/ozone/ozone/hadoop-ozone/integration-test/target/test-dir/MiniOzoneClusterImpl-77d2372e-e00f-46e1-a11d-7f7bb0f90484/datanode-4/data/ratis] (custom)
2023-03-16 20:03:56,451 [Listener at 127.0.0.1/35091] INFO  server.XceiverServerGrpc (XceiverServerGrpc.java:<init>(132)) - GrpcServer channel type EpollServerSocketChannel
2023-03-16 20:03:56,464 [Listener at 127.0.0.1/35091] INFO  http.BaseHttpServer (BaseHttpServer.java:newHttpServer2BuilderForOzone(224)) - Starting Web-server for hddsDatanode at: http://0.0.0.0:0
2023-03-16 20:03:56,464 [Listener at 127.0.0.1/35091] INFO  http.BaseHttpServer (BaseHttpServer.java:<init>(111)) - Hadoop Security Enabled: false Ozone Security Enabled: false Ozone HTTP Security Enabled: false 
2023-03-16 20:03:56,467 [Listener at 127.0.0.1/35091] WARN  server.AuthenticationFilter (AuthenticationFilter.java:constructSecretProvider(240)) - Unable to initialize FileSignerSecretProvider, falling back to use random secrets. Reason: Could not read signature secret file: /home/runner/hadoop-http-auth-signature-secret
2023-03-16 20:03:56,473 [Listener at 127.0.0.1/35091] WARN  http.HttpRequestLog (HttpRequestLog.java:getRequestLog(103)) - Jetty request log can only be enabled using Log4j
2023-03-16 20:03:56,475 [c86eb04d-3968-498e-b9b0-20c907963056-NettyServerStreamRpc-bossGroup--thread1] INFO  logging.LoggingHandler (AbstractInternalLogger.java:log(148)) - [id: 0xd8eaa415] REGISTERED
2023-03-16 20:03:56,476 [c86eb04d-3968-498e-b9b0-20c907963056-NettyServerStreamRpc-bossGroup--thread1] INFO  logging.LoggingHandler (AbstractInternalLogger.java:log(148)) - [id: 0xd8eaa415] BIND: 0.0.0.0/0.0.0.0:0
2023-03-16 20:03:56,478 [c86eb04d-3968-498e-b9b0-20c907963056-NettyServerStreamRpc-bossGroup--thread1] INFO  logging.LoggingHandler (AbstractInternalLogger.java:log(148)) - [id: 0xd8eaa415, L:/0:0:0:0:0:0:0:0:41741] ACTIVE
2023-03-16 20:03:56,480 [Listener at 127.0.0.1/35091] INFO  http.HttpServer2 (HttpServer2.java:addGlobalFilter(1031)) - Added global filter 'safety' (class=org.apache.hadoop.hdds.server.http.HttpServer2$QuotingInputFilter)
2023-03-16 20:03:56,482 [Listener at 127.0.0.1/35091] INFO  http.HttpServer2 (HttpServer2.java:addFilter(1007)) - Added filter static_user_filter (class=org.apache.hadoop.http.lib.StaticUserWebFilter$StaticUserFilter) to context hddsDatanode
2023-03-16 20:03:56,482 [Listener at 127.0.0.1/35091] INFO  http.HttpServer2 (HttpServer2.java:addFilter(1015)) - Added filter static_user_filter (class=org.apache.hadoop.http.lib.StaticUserWebFilter$StaticUserFilter) to context logs
2023-03-16 20:03:56,482 [Listener at 127.0.0.1/35091] INFO  http.HttpServer2 (HttpServer2.java:addFilter(1015)) - Added filter static_user_filter (class=org.apache.hadoop.http.lib.StaticUserWebFilter$StaticUserFilter) to context static
2023-03-16 20:03:56,484 [Listener at 127.0.0.1/35091] INFO  http.BaseHttpServer (BaseHttpServer.java:<init>(190)) - HTTP server of hddsDatanode uses base directory /home/runner/work/ozone/ozone/hadoop-ozone/integration-test/target/test-dir/MiniOzoneClusterImpl-77d2372e-e00f-46e1-a11d-7f7bb0f90484/datanode-4/meta/webserver
2023-03-16 20:03:56,485 [Listener at 127.0.0.1/35091] INFO  http.HttpServer2 (HttpServer2.java:bindListener(1250)) - Jetty bound to port 38257
2023-03-16 20:03:56,485 [Listener at 127.0.0.1/35091] INFO  server.Server (Server.java:doStart(375)) - jetty-9.4.49.v20220914; built: 2022-09-14T01:07:36.601Z; git: 4231a3b2e4cb8548a412a789936d640a97b1aa0a; jvm 1.8.0_362-b09
2023-03-16 20:03:56,513 [Listener at 127.0.0.1/35091] INFO  server.session (DefaultSessionIdManager.java:doStart(334)) - DefaultSessionIdManager workerName=node0
2023-03-16 20:03:56,513 [Listener at 127.0.0.1/35091] INFO  server.session (DefaultSessionIdManager.java:doStart(339)) - No SessionScavenger set, using defaults
2023-03-16 20:03:56,513 [Listener at 127.0.0.1/35091] INFO  server.session (HouseKeeper.java:startScavenging(132)) - node0 Scavenging every 600000ms
2023-03-16 20:03:56,517 [Listener at 127.0.0.1/35091] INFO  handler.ContextHandler (ContextHandler.java:doStart(921)) - Started o.e.j.s.ServletContextHandler@82feb0b{logs,/logs,file:///home/runner/work/ozone/ozone/hadoop-ozone/integration-test/target/log,AVAILABLE}
2023-03-16 20:03:56,518 [Listener at 127.0.0.1/35091] INFO  handler.ContextHandler (ContextHandler.java:doStart(921)) - Started o.e.j.s.ServletContextHandler@14c84fd6{static,/static,jar:file:/home/runner/.m2/repository/org/apache/ozone/hdds-container-service/1.4.0-SNAPSHOT/hdds-container-service-1.4.0-SNAPSHOT.jar!/webapps/static,AVAILABLE}
2023-03-16 20:03:56,678 [EndpointStateMachine task thread for /0.0.0.0:44947 - 0 ] INFO  utils.DatanodeStoreCache (DatanodeStoreCache.java:addDB(58)) - Added db /home/runner/work/ozone/ozone/hadoop-ozone/integration-test/target/test-dir/MiniOzoneClusterImpl-77d2372e-e00f-46e1-a11d-7f7bb0f90484/datanode-0/data-0/containers/hdds/77d2372e-e00f-46e1-a11d-7f7bb0f90484/DS-53a1ec97-ed22-4d38-b7d4-8f987bd7d4de/container.db to cache
2023-03-16 20:03:56,678 [EndpointStateMachine task thread for /0.0.0.0:44947 - 0 ] INFO  volume.HddsVolume (HddsVolume.java:createDbStore(349)) - SchemaV3 db is created and loaded at /home/runner/work/ozone/ozone/hadoop-ozone/integration-test/target/test-dir/MiniOzoneClusterImpl-77d2372e-e00f-46e1-a11d-7f7bb0f90484/datanode-0/data-0/containers/hdds/77d2372e-e00f-46e1-a11d-7f7bb0f90484/DS-53a1ec97-ed22-4d38-b7d4-8f987bd7d4de/container.db for volume DS-53a1ec97-ed22-4d38-b7d4-8f987bd7d4de
2023-03-16 20:03:56,682 [EndpointStateMachine task thread for /0.0.0.0:44947 - 0 ] INFO  ozoneimpl.OzoneContainer (OzoneContainer.java:start(401)) - Attempting to start container services.
2023-03-16 20:03:56,687 [EndpointStateMachine task thread for /0.0.0.0:44947 - 0 ] INFO  ozoneimpl.OzoneContainer (OzoneContainer.java:startContainerScrub(318)) - Scheduled background container scanners and the on-demand container scanner have been disabled.
2023-03-16 20:03:56,694 [EndpointStateMachine task thread for /0.0.0.0:44947 - 0 ] INFO  replication.ReplicationServer (ReplicationServer.java:start(109)) - ReplicationServer is started using port 36335
2023-03-16 20:03:56,704 [EndpointStateMachine task thread for /0.0.0.0:44947 - 0 ] INFO  ratis.XceiverServerRatis (XceiverServerRatis.java:start(518)) - Starting XceiverServerRatis c8f26da1-2406-40b8-bbe6-f78547910a7f
2023-03-16 20:03:56,721 [EndpointStateMachine task thread for /0.0.0.0:44947 - 0 ] INFO  server.RaftServer (RaftServerProxy.java:startImpl(393)) - c8f26da1-2406-40b8-bbe6-f78547910a7f: start RPC server
2023-03-16 20:03:56,733 [EndpointStateMachine task thread for /0.0.0.0:44947 - 0 ] INFO  server.GrpcService (GrpcService.java:startImpl(262)) - c8f26da1-2406-40b8-bbe6-f78547910a7f: GrpcService started, listening on 39335
2023-03-16 20:03:56,734 [EndpointStateMachine task thread for /0.0.0.0:44947 - 0 ] INFO  ratis.XceiverServerRatis (XceiverServerRatis.java:getRealPort(544)) - XceiverServerRatis c8f26da1-2406-40b8-bbe6-f78547910a7f is started using port 39335 for RATIS
2023-03-16 20:03:56,734 [EndpointStateMachine task thread for /0.0.0.0:44947 - 0 ] INFO  ratis.XceiverServerRatis (XceiverServerRatis.java:getRealPort(544)) - XceiverServerRatis c8f26da1-2406-40b8-bbe6-f78547910a7f is started using port 39335 for RATIS_ADMIN
2023-03-16 20:03:56,734 [EndpointStateMachine task thread for /0.0.0.0:44947 - 0 ] INFO  ratis.XceiverServerRatis (XceiverServerRatis.java:getRealPort(544)) - XceiverServerRatis c8f26da1-2406-40b8-bbe6-f78547910a7f is started using port 39335 for RATIS_SERVER
2023-03-16 20:03:56,734 [EndpointStateMachine task thread for /0.0.0.0:44947 - 0 ] INFO  ratis.XceiverServerRatis (XceiverServerRatis.java:getRealPort(544)) - XceiverServerRatis c8f26da1-2406-40b8-bbe6-f78547910a7f is started using port 46287 for RATIS_DATASTREAM
2023-03-16 20:03:56,735 [JvmPauseMonitor1] INFO  util.JvmPauseMonitor (JvmPauseMonitor.java:run(105)) - JvmPauseMonitor-c8f26da1-2406-40b8-bbe6-f78547910a7f: Started
2023-03-16 20:03:56,762 [EndpointStateMachine task thread for /0.0.0.0:44947 - 0 ] INFO  server.XceiverServerGrpc (XceiverServerGrpc.java:start(180)) - XceiverServerGrpc c8f26da1-2406-40b8-bbe6-f78547910a7f is started using port 38319
2023-03-16 20:03:56,778 [BlockDeletingService#0] INFO  interfaces.ContainerDeletionChoosingPolicyTemplate (ContainerDeletionChoosingPolicyTemplate.java:chooseContainerForBlockDeletion(83)) - Chosen 0/5000 blocks from 0 candidate containers.
2023-03-16 20:03:56,866 [Listener at 127.0.0.1/35091] INFO  handler.ContextHandler (ContextHandler.java:doStart(921)) - Started o.e.j.w.WebAppContext@71886642{hddsDatanode,/,file:///home/runner/work/ozone/ozone/hadoop-ozone/integration-test/target/test-dir/MiniOzoneClusterImpl-77d2372e-e00f-46e1-a11d-7f7bb0f90484/datanode-4/meta/webserver/jetty-0_0_0_0-38257-hdds-container-service-1_4_0-SNAPSHOT_jar-_-any-15235125804870066/webapp/,AVAILABLE}{jar:file:/home/runner/.m2/repository/org/apache/ozone/hdds-container-service/1.4.0-SNAPSHOT/hdds-container-service-1.4.0-SNAPSHOT.jar!/webapps/hddsDatanode}
2023-03-16 20:03:56,869 [Listener at 127.0.0.1/35091] INFO  server.AbstractConnector (AbstractConnector.java:doStart(333)) - Started ServerConnector@3edafdc3{HTTP/1.1, (http/1.1)}{0.0.0.0:38257}
2023-03-16 20:03:56,869 [Listener at 127.0.0.1/35091] INFO  server.Server (Server.java:doStart(415)) - Started @14341ms
2023-03-16 20:03:56,869 [Listener at 127.0.0.1/35091] WARN  impl.MetricsSystemImpl (MetricsSystemImpl.java:register(279)) - Sink prometheus already exists!
2023-03-16 20:03:56,871 [Listener at 127.0.0.1/35091] INFO  http.BaseHttpServer (BaseHttpServer.java:updateConnectorAddress(344)) - HTTP server of hddsDatanode listening at http://0.0.0.0:38257
2023-03-16 20:03:56,871 [Datanode State Machine Daemon Thread] INFO  statemachine.DatanodeStateMachine (DatanodeStateMachine.java:lambda$startDaemon$0(517)) - Ozone container server started.
2023-03-16 20:03:56,874 [Listener at 127.0.0.1/35091] INFO  ozone.MiniOzoneClusterImpl (MiniOzoneClusterImpl.java:lambda$waitForClusterToBeReady$0(222)) - Waiting for nodes to be ready. Got 0 of 5 DN Heartbeats.
2023-03-16 20:03:56,874 [Listener at 127.0.0.1/35091] INFO  ozone.MiniOzoneClusterImpl (MiniOzoneClusterImpl.java:lambda$waitForClusterToBeReady$0(225)) - Waiting for cluster to exit safe mode
2023-03-16 20:03:56,875 [Listener at 127.0.0.1/35091] INFO  ozone.MiniOzoneClusterImpl (MiniOzoneClusterImpl.java:lambda$waitForClusterToBeReady$0(227)) - SCM became leader
2023-03-16 20:03:56,880 [org.apache.hadoop.util.JvmPauseMonitor$Monitor@7001d422] INFO  util.JvmPauseMonitor (JvmPauseMonitor.java:run(188)) - Starting JVM pause monitor
2023-03-16 20:03:56,884 [Datanode State Machine Task Thread - 0] INFO  datanode.InitDatanodeState (InitDatanodeState.java:persistContainerDatanodeDetails(138)) - DatanodeDetails is persisted to /home/runner/work/ozone/ozone/hadoop-ozone/integration-test/target/test-dir/MiniOzoneClusterImpl-77d2372e-e00f-46e1-a11d-7f7bb0f90484/datanode-4/meta/datanode.id
2023-03-16 20:03:57,271 [EndpointStateMachine task thread for /0.0.0.0:44947 - 0 ] INFO  utils.DatanodeStoreCache (DatanodeStoreCache.java:addDB(58)) - Added db /home/runner/work/ozone/ozone/hadoop-ozone/integration-test/target/test-dir/MiniOzoneClusterImpl-77d2372e-e00f-46e1-a11d-7f7bb0f90484/datanode-1/data-0/containers/hdds/77d2372e-e00f-46e1-a11d-7f7bb0f90484/DS-f557370c-24e8-4993-b4be-156278d4d0a3/container.db to cache
2023-03-16 20:03:57,271 [EndpointStateMachine task thread for /0.0.0.0:44947 - 0 ] INFO  volume.HddsVolume (HddsVolume.java:createDbStore(349)) - SchemaV3 db is created and loaded at /home/runner/work/ozone/ozone/hadoop-ozone/integration-test/target/test-dir/MiniOzoneClusterImpl-77d2372e-e00f-46e1-a11d-7f7bb0f90484/datanode-1/data-0/containers/hdds/77d2372e-e00f-46e1-a11d-7f7bb0f90484/DS-f557370c-24e8-4993-b4be-156278d4d0a3/container.db for volume DS-f557370c-24e8-4993-b4be-156278d4d0a3
2023-03-16 20:03:57,274 [EndpointStateMachine task thread for /0.0.0.0:44947 - 0 ] INFO  ozoneimpl.OzoneContainer (OzoneContainer.java:start(401)) - Attempting to start container services.
2023-03-16 20:03:57,275 [EndpointStateMachine task thread for /0.0.0.0:44947 - 0 ] INFO  ozoneimpl.OzoneContainer (OzoneContainer.java:startContainerScrub(318)) - Scheduled background container scanners and the on-demand container scanner have been disabled.
2023-03-16 20:03:57,279 [EndpointStateMachine task thread for /0.0.0.0:44947 - 0 ] INFO  replication.ReplicationServer (ReplicationServer.java:start(109)) - ReplicationServer is started using port 34865
2023-03-16 20:03:57,281 [EndpointStateMachine task thread for /0.0.0.0:44947 - 0 ] INFO  ratis.XceiverServerRatis (XceiverServerRatis.java:start(518)) - Starting XceiverServerRatis c5189d4b-3145-494e-80fe-2ee109b29a1b
2023-03-16 20:03:57,285 [EndpointStateMachine task thread for /0.0.0.0:44947 - 0 ] INFO  server.RaftServer (RaftServerProxy.java:startImpl(393)) - c5189d4b-3145-494e-80fe-2ee109b29a1b: start RPC server
2023-03-16 20:03:57,287 [EndpointStateMachine task thread for /0.0.0.0:44947 - 0 ] INFO  server.GrpcService (GrpcService.java:startImpl(262)) - c5189d4b-3145-494e-80fe-2ee109b29a1b: GrpcService started, listening on 37943
2023-03-16 20:03:57,288 [EndpointStateMachine task thread for /0.0.0.0:44947 - 0 ] INFO  ratis.XceiverServerRatis (XceiverServerRatis.java:getRealPort(544)) - XceiverServerRatis c5189d4b-3145-494e-80fe-2ee109b29a1b is started using port 37943 for RATIS
2023-03-16 20:03:57,288 [JvmPauseMonitor2] INFO  util.JvmPauseMonitor (JvmPauseMonitor.java:run(105)) - JvmPauseMonitor-c5189d4b-3145-494e-80fe-2ee109b29a1b: Started
2023-03-16 20:03:57,288 [EndpointStateMachine task thread for /0.0.0.0:44947 - 0 ] INFO  ratis.XceiverServerRatis (XceiverServerRatis.java:getRealPort(544)) - XceiverServerRatis c5189d4b-3145-494e-80fe-2ee109b29a1b is started using port 37943 for RATIS_ADMIN
2023-03-16 20:03:57,288 [EndpointStateMachine task thread for /0.0.0.0:44947 - 0 ] INFO  ratis.XceiverServerRatis (XceiverServerRatis.java:getRealPort(544)) - XceiverServerRatis c5189d4b-3145-494e-80fe-2ee109b29a1b is started using port 37943 for RATIS_SERVER
2023-03-16 20:03:57,288 [EndpointStateMachine task thread for /0.0.0.0:44947 - 0 ] INFO  ratis.XceiverServerRatis (XceiverServerRatis.java:getRealPort(544)) - XceiverServerRatis c5189d4b-3145-494e-80fe-2ee109b29a1b is started using port 43421 for RATIS_DATASTREAM
2023-03-16 20:03:57,294 [EndpointStateMachine task thread for /0.0.0.0:44947 - 0 ] INFO  server.XceiverServerGrpc (XceiverServerGrpc.java:start(180)) - XceiverServerGrpc c5189d4b-3145-494e-80fe-2ee109b29a1b is started using port 42893
2023-03-16 20:03:57,304 [BlockDeletingService#0] INFO  interfaces.ContainerDeletionChoosingPolicyTemplate (ContainerDeletionChoosingPolicyTemplate.java:chooseContainerForBlockDeletion(83)) - Chosen 0/5000 blocks from 0 candidate containers.
2023-03-16 20:03:57,817 [EndpointStateMachine task thread for /0.0.0.0:44947 - 0 ] INFO  utils.DatanodeStoreCache (DatanodeStoreCache.java:addDB(58)) - Added db /home/runner/work/ozone/ozone/hadoop-ozone/integration-test/target/test-dir/MiniOzoneClusterImpl-77d2372e-e00f-46e1-a11d-7f7bb0f90484/datanode-2/data-0/containers/hdds/77d2372e-e00f-46e1-a11d-7f7bb0f90484/DS-57c9beae-4c58-46b5-a183-d1b30eaca33d/container.db to cache
2023-03-16 20:03:57,818 [EndpointStateMachine task thread for /0.0.0.0:44947 - 0 ] INFO  volume.HddsVolume (HddsVolume.java:createDbStore(349)) - SchemaV3 db is created and loaded at /home/runner/work/ozone/ozone/hadoop-ozone/integration-test/target/test-dir/MiniOzoneClusterImpl-77d2372e-e00f-46e1-a11d-7f7bb0f90484/datanode-2/data-0/containers/hdds/77d2372e-e00f-46e1-a11d-7f7bb0f90484/DS-57c9beae-4c58-46b5-a183-d1b30eaca33d/container.db for volume DS-57c9beae-4c58-46b5-a183-d1b30eaca33d
2023-03-16 20:03:57,818 [EndpointStateMachine task thread for /0.0.0.0:44947 - 0 ] INFO  ozoneimpl.OzoneContainer (OzoneContainer.java:start(401)) - Attempting to start container services.
2023-03-16 20:03:57,819 [EndpointStateMachine task thread for /0.0.0.0:44947 - 0 ] INFO  ozoneimpl.OzoneContainer (OzoneContainer.java:startContainerScrub(318)) - Scheduled background container scanners and the on-demand container scanner have been disabled.
2023-03-16 20:03:57,821 [EndpointStateMachine task thread for /0.0.0.0:44947 - 0 ] INFO  replication.ReplicationServer (ReplicationServer.java:start(109)) - ReplicationServer is started using port 43031
2023-03-16 20:03:57,822 [EndpointStateMachine task thread for /0.0.0.0:44947 - 0 ] INFO  ratis.XceiverServerRatis (XceiverServerRatis.java:start(518)) - Starting XceiverServerRatis 2de148b0-f597-457b-b70e-3e9a456efa0b
2023-03-16 20:03:57,824 [EndpointStateMachine task thread for /0.0.0.0:44947 - 0 ] INFO  server.RaftServer (RaftServerProxy.java:startImpl(393)) - 2de148b0-f597-457b-b70e-3e9a456efa0b: start RPC server
2023-03-16 20:03:57,827 [EndpointStateMachine task thread for /0.0.0.0:44947 - 0 ] INFO  server.GrpcService (GrpcService.java:startImpl(262)) - 2de148b0-f597-457b-b70e-3e9a456efa0b: GrpcService started, listening on 36141
2023-03-16 20:03:57,827 [EndpointStateMachine task thread for /0.0.0.0:44947 - 0 ] INFO  ratis.XceiverServerRatis (XceiverServerRatis.java:getRealPort(544)) - XceiverServerRatis 2de148b0-f597-457b-b70e-3e9a456efa0b is started using port 36141 for RATIS
2023-03-16 20:03:57,828 [EndpointStateMachine task thread for /0.0.0.0:44947 - 0 ] INFO  ratis.XceiverServerRatis (XceiverServerRatis.java:getRealPort(544)) - XceiverServerRatis 2de148b0-f597-457b-b70e-3e9a456efa0b is started using port 36141 for RATIS_ADMIN
2023-03-16 20:03:57,828 [EndpointStateMachine task thread for /0.0.0.0:44947 - 0 ] INFO  ratis.XceiverServerRatis (XceiverServerRatis.java:getRealPort(544)) - XceiverServerRatis 2de148b0-f597-457b-b70e-3e9a456efa0b is started using port 36141 for RATIS_SERVER
2023-03-16 20:03:57,828 [EndpointStateMachine task thread for /0.0.0.0:44947 - 0 ] INFO  ratis.XceiverServerRatis (XceiverServerRatis.java:getRealPort(544)) - XceiverServerRatis 2de148b0-f597-457b-b70e-3e9a456efa0b is started using port 33355 for RATIS_DATASTREAM
2023-03-16 20:03:57,828 [JvmPauseMonitor3] INFO  util.JvmPauseMonitor (JvmPauseMonitor.java:run(105)) - JvmPauseMonitor-2de148b0-f597-457b-b70e-3e9a456efa0b: Started
2023-03-16 20:03:57,833 [EndpointStateMachine task thread for /0.0.0.0:44947 - 0 ] INFO  server.XceiverServerGrpc (XceiverServerGrpc.java:start(180)) - XceiverServerGrpc 2de148b0-f597-457b-b70e-3e9a456efa0b is started using port 42013
2023-03-16 20:03:57,836 [BlockDeletingService#0] INFO  interfaces.ContainerDeletionChoosingPolicyTemplate (ContainerDeletionChoosingPolicyTemplate.java:chooseContainerForBlockDeletion(83)) - Chosen 0/5000 blocks from 0 candidate containers.
2023-03-16 20:03:57,875 [Listener at 127.0.0.1/35091] INFO  ozone.MiniOzoneClusterImpl (MiniOzoneClusterImpl.java:lambda$waitForClusterToBeReady$0(222)) - Waiting for nodes to be ready. Got 0 of 5 DN Heartbeats.
2023-03-16 20:03:57,875 [Listener at 127.0.0.1/35091] INFO  ozone.MiniOzoneClusterImpl (MiniOzoneClusterImpl.java:lambda$waitForClusterToBeReady$0(225)) - Waiting for cluster to exit safe mode
2023-03-16 20:03:57,875 [Listener at 127.0.0.1/35091] INFO  ozone.MiniOzoneClusterImpl (MiniOzoneClusterImpl.java:lambda$waitForClusterToBeReady$0(227)) - SCM became leader
2023-03-16 20:03:58,311 [EndpointStateMachine task thread for /0.0.0.0:44947 - 0 ] INFO  utils.DatanodeStoreCache (DatanodeStoreCache.java:addDB(58)) - Added db /home/runner/work/ozone/ozone/hadoop-ozone/integration-test/target/test-dir/MiniOzoneClusterImpl-77d2372e-e00f-46e1-a11d-7f7bb0f90484/datanode-3/data-0/containers/hdds/77d2372e-e00f-46e1-a11d-7f7bb0f90484/DS-7e48f728-037f-453f-af0a-a6d6d42e04b7/container.db to cache
2023-03-16 20:03:58,311 [EndpointStateMachine task thread for /0.0.0.0:44947 - 0 ] INFO  volume.HddsVolume (HddsVolume.java:createDbStore(349)) - SchemaV3 db is created and loaded at /home/runner/work/ozone/ozone/hadoop-ozone/integration-test/target/test-dir/MiniOzoneClusterImpl-77d2372e-e00f-46e1-a11d-7f7bb0f90484/datanode-3/data-0/containers/hdds/77d2372e-e00f-46e1-a11d-7f7bb0f90484/DS-7e48f728-037f-453f-af0a-a6d6d42e04b7/container.db for volume DS-7e48f728-037f-453f-af0a-a6d6d42e04b7
2023-03-16 20:03:58,312 [EndpointStateMachine task thread for /0.0.0.0:44947 - 0 ] INFO  ozoneimpl.OzoneContainer (OzoneContainer.java:start(401)) - Attempting to start container services.
2023-03-16 20:03:58,312 [EndpointStateMachine task thread for /0.0.0.0:44947 - 0 ] INFO  ozoneimpl.OzoneContainer (OzoneContainer.java:startContainerScrub(318)) - Scheduled background container scanners and the on-demand container scanner have been disabled.
2023-03-16 20:03:58,316 [EndpointStateMachine task thread for /0.0.0.0:44947 - 0 ] INFO  replication.ReplicationServer (ReplicationServer.java:start(109)) - ReplicationServer is started using port 39311
2023-03-16 20:03:58,317 [EndpointStateMachine task thread for /0.0.0.0:44947 - 0 ] INFO  ratis.XceiverServerRatis (XceiverServerRatis.java:start(518)) - Starting XceiverServerRatis f9f49075-6b76-4a07-b0c3-cad8e972cd7f
2023-03-16 20:03:58,320 [EndpointStateMachine task thread for /0.0.0.0:44947 - 0 ] INFO  server.RaftServer (RaftServerProxy.java:startImpl(393)) - f9f49075-6b76-4a07-b0c3-cad8e972cd7f: start RPC server
2023-03-16 20:03:58,322 [EndpointStateMachine task thread for /0.0.0.0:44947 - 0 ] INFO  server.GrpcService (GrpcService.java:startImpl(262)) - f9f49075-6b76-4a07-b0c3-cad8e972cd7f: GrpcService started, listening on 37941
2023-03-16 20:03:58,323 [EndpointStateMachine task thread for /0.0.0.0:44947 - 0 ] INFO  ratis.XceiverServerRatis (XceiverServerRatis.java:getRealPort(544)) - XceiverServerRatis f9f49075-6b76-4a07-b0c3-cad8e972cd7f is started using port 37941 for RATIS
2023-03-16 20:03:58,323 [JvmPauseMonitor4] INFO  util.JvmPauseMonitor (JvmPauseMonitor.java:run(105)) - JvmPauseMonitor-f9f49075-6b76-4a07-b0c3-cad8e972cd7f: Started
2023-03-16 20:03:58,323 [EndpointStateMachine task thread for /0.0.0.0:44947 - 0 ] INFO  ratis.XceiverServerRatis (XceiverServerRatis.java:getRealPort(544)) - XceiverServerRatis f9f49075-6b76-4a07-b0c3-cad8e972cd7f is started using port 37941 for RATIS_ADMIN
2023-03-16 20:03:58,323 [EndpointStateMachine task thread for /0.0.0.0:44947 - 0 ] INFO  ratis.XceiverServerRatis (XceiverServerRatis.java:getRealPort(544)) - XceiverServerRatis f9f49075-6b76-4a07-b0c3-cad8e972cd7f is started using port 37941 for RATIS_SERVER
2023-03-16 20:03:58,323 [EndpointStateMachine task thread for /0.0.0.0:44947 - 0 ] INFO  ratis.XceiverServerRatis (XceiverServerRatis.java:getRealPort(544)) - XceiverServerRatis f9f49075-6b76-4a07-b0c3-cad8e972cd7f is started using port 38455 for RATIS_DATASTREAM
2023-03-16 20:03:58,326 [EndpointStateMachine task thread for /0.0.0.0:44947 - 0 ] INFO  server.XceiverServerGrpc (XceiverServerGrpc.java:start(180)) - XceiverServerGrpc f9f49075-6b76-4a07-b0c3-cad8e972cd7f is started using port 42201
2023-03-16 20:03:58,341 [BlockDeletingService#0] INFO  interfaces.ContainerDeletionChoosingPolicyTemplate (ContainerDeletionChoosingPolicyTemplate.java:chooseContainerForBlockDeletion(83)) - Chosen 0/5000 blocks from 0 candidate containers.
2023-03-16 20:03:58,515 [IPC Server handler 18 on default port 44947] INFO  net.NetworkTopologyImpl (NetworkTopologyImpl.java:add(112)) - Added a new node: /default-rack/c8f26da1-2406-40b8-bbe6-f78547910a7f
2023-03-16 20:03:58,518 [IPC Server handler 18 on default port 44947] INFO  node.SCMNodeManager (SCMNodeManager.java:register(404)) - Registered Data node : c8f26da1-2406-40b8-bbe6-f78547910a7f{ip: 10.1.0.41, host: fv-az371-917, ports: [REPLICATION=36335, RATIS=39335, RATIS_ADMIN=39335, RATIS_SERVER=39335, RATIS_DATASTREAM=46287, STANDALONE=38319], networkLocation: /default-rack, certSerialId: null, persistedOpState: null, persistedOpStateExpiryEpochSec: 0}
2023-03-16 20:03:58,533 [EventQueue-NewNodeForNewNodeHandler] INFO  pipeline.BackgroundPipelineCreator (BackgroundPipelineCreator.java:notifyEventTriggered(276)) - trigger a one-shot run on RatisPipelineUtilsThread.
2023-03-16 20:03:58,582 [EventQueue-NodeRegistrationContainerReportForContainerSafeModeRule] INFO  safemode.SCMSafeModeManager (SCMSafeModeManager.java:validateSafeModeExitRules(200)) - ContainerSafeModeRule rule is successfully validated
2023-03-16 20:03:58,596 [RatisPipelineUtilsThread - 0] INFO  pipeline.RatisPipelineProvider (RatisPipelineProvider.java:lambda$create$0(206)) - Sending CreatePipelineCommand for pipeline:PipelineID=b56042f2-1e86-4100-b0cd-f05a27693bcd to datanode:c8f26da1-2406-40b8-bbe6-f78547910a7f
2023-03-16 20:03:58,590 [EventQueue-NodeRegistrationContainerReportForDataNodeSafeModeRule] INFO  safemode.SCMSafeModeManager (DataNodeSafeModeRule.java:process(71)) - SCM in safe mode. 1 DataNodes registered, 3 required.
2023-03-16 20:03:58,609 [EventQueue-PipelineReportForOneReplicaPipelineSafeModeRule] INFO  safemode.SCMSafeModeManager (SCMSafeModeManager.java:validateSafeModeExitRules(200)) - AtleastOneDatanodeReportedRule rule is successfully validated
2023-03-16 20:03:58,623 [RatisPipelineUtilsThread - 0] INFO  pipeline.PipelineStateManagerImpl (PipelineStateManagerImpl.java:addPipeline(103)) - Created pipeline Pipeline[ Id: b56042f2-1e86-4100-b0cd-f05a27693bcd, Nodes: c8f26da1-2406-40b8-bbe6-f78547910a7f(fv-az371-917/10.1.0.41), ReplicationConfig: RATIS/ONE, State:ALLOCATED, leaderId:, CreationTimestamp2023-03-16T20:03:58.592Z[Etc/UTC]].
2023-03-16 20:03:58,876 [Listener at 127.0.0.1/35091] INFO  ozone.MiniOzoneClusterImpl (MiniOzoneClusterImpl.java:lambda$waitForClusterToBeReady$0(222)) - Waiting for nodes to be ready. Got 1 of 5 DN Heartbeats.
2023-03-16 20:03:58,876 [Listener at 127.0.0.1/35091] INFO  ozone.MiniOzoneClusterImpl (MiniOzoneClusterImpl.java:lambda$waitForClusterToBeReady$0(225)) - Waiting for cluster to exit safe mode
2023-03-16 20:03:58,876 [Listener at 127.0.0.1/35091] INFO  ozone.MiniOzoneClusterImpl (MiniOzoneClusterImpl.java:lambda$waitForClusterToBeReady$0(227)) - SCM became leader
2023-03-16 20:03:58,935 [EndpointStateMachine task thread for /0.0.0.0:44947 - 0 ] INFO  utils.DatanodeStoreCache (DatanodeStoreCache.java:addDB(58)) - Added db /home/runner/work/ozone/ozone/hadoop-ozone/integration-test/target/test-dir/MiniOzoneClusterImpl-77d2372e-e00f-46e1-a11d-7f7bb0f90484/datanode-4/data-0/containers/hdds/77d2372e-e00f-46e1-a11d-7f7bb0f90484/DS-2f8ea685-aeb8-404c-9777-e31fbae52792/container.db to cache
2023-03-16 20:03:58,935 [EndpointStateMachine task thread for /0.0.0.0:44947 - 0 ] INFO  volume.HddsVolume (HddsVolume.java:createDbStore(349)) - SchemaV3 db is created and loaded at /home/runner/work/ozone/ozone/hadoop-ozone/integration-test/target/test-dir/MiniOzoneClusterImpl-77d2372e-e00f-46e1-a11d-7f7bb0f90484/datanode-4/data-0/containers/hdds/77d2372e-e00f-46e1-a11d-7f7bb0f90484/DS-2f8ea685-aeb8-404c-9777-e31fbae52792/container.db for volume DS-2f8ea685-aeb8-404c-9777-e31fbae52792
2023-03-16 20:03:58,936 [EndpointStateMachine task thread for /0.0.0.0:44947 - 0 ] INFO  ozoneimpl.OzoneContainer (OzoneContainer.java:start(401)) - Attempting to start container services.
2023-03-16 20:03:58,937 [EndpointStateMachine task thread for /0.0.0.0:44947 - 0 ] INFO  ozoneimpl.OzoneContainer (OzoneContainer.java:startContainerScrub(318)) - Scheduled background container scanners and the on-demand container scanner have been disabled.
2023-03-16 20:03:58,941 [EndpointStateMachine task thread for /0.0.0.0:44947 - 0 ] INFO  replication.ReplicationServer (ReplicationServer.java:start(109)) - ReplicationServer is started using port 35183
2023-03-16 20:03:58,942 [EndpointStateMachine task thread for /0.0.0.0:44947 - 0 ] INFO  ratis.XceiverServerRatis (XceiverServerRatis.java:start(518)) - Starting XceiverServerRatis c86eb04d-3968-498e-b9b0-20c907963056
2023-03-16 20:03:58,943 [EndpointStateMachine task thread for /0.0.0.0:44947 - 0 ] INFO  server.RaftServer (RaftServerProxy.java:startImpl(393)) - c86eb04d-3968-498e-b9b0-20c907963056: start RPC server
2023-03-16 20:03:58,945 [EndpointStateMachine task thread for /0.0.0.0:44947 - 0 ] INFO  server.GrpcService (GrpcService.java:startImpl(262)) - c86eb04d-3968-498e-b9b0-20c907963056: GrpcService started, listening on 35363
2023-03-16 20:03:58,945 [EndpointStateMachine task thread for /0.0.0.0:44947 - 0 ] INFO  ratis.XceiverServerRatis (XceiverServerRatis.java:getRealPort(544)) - XceiverServerRatis c86eb04d-3968-498e-b9b0-20c907963056 is started using port 35363 for RATIS
2023-03-16 20:03:58,946 [JvmPauseMonitor5] INFO  util.JvmPauseMonitor (JvmPauseMonitor.java:run(105)) - JvmPauseMonitor-c86eb04d-3968-498e-b9b0-20c907963056: Started
2023-03-16 20:03:58,946 [EndpointStateMachine task thread for /0.0.0.0:44947 - 0 ] INFO  ratis.XceiverServerRatis (XceiverServerRatis.java:getRealPort(544)) - XceiverServerRatis c86eb04d-3968-498e-b9b0-20c907963056 is started using port 35363 for RATIS_ADMIN
2023-03-16 20:03:58,946 [EndpointStateMachine task thread for /0.0.0.0:44947 - 0 ] INFO  ratis.XceiverServerRatis (XceiverServerRatis.java:getRealPort(544)) - XceiverServerRatis c86eb04d-3968-498e-b9b0-20c907963056 is started using port 35363 for RATIS_SERVER
2023-03-16 20:03:58,946 [EndpointStateMachine task thread for /0.0.0.0:44947 - 0 ] INFO  ratis.XceiverServerRatis (XceiverServerRatis.java:getRealPort(544)) - XceiverServerRatis c86eb04d-3968-498e-b9b0-20c907963056 is started using port 41741 for RATIS_DATASTREAM
2023-03-16 20:03:58,951 [EndpointStateMachine task thread for /0.0.0.0:44947 - 0 ] INFO  server.XceiverServerGrpc (XceiverServerGrpc.java:start(180)) - XceiverServerGrpc c86eb04d-3968-498e-b9b0-20c907963056 is started using port 46325
2023-03-16 20:03:58,963 [BlockDeletingService#0] INFO  interfaces.ContainerDeletionChoosingPolicyTemplate (ContainerDeletionChoosingPolicyTemplate.java:chooseContainerForBlockDeletion(83)) - Chosen 0/5000 blocks from 0 candidate containers.
2023-03-16 20:03:59,219 [IPC Server handler 18 on default port 44947] INFO  net.NetworkTopologyImpl (NetworkTopologyImpl.java:add(112)) - Added a new node: /default-rack/c5189d4b-3145-494e-80fe-2ee109b29a1b
2023-03-16 20:03:59,220 [IPC Server handler 18 on default port 44947] INFO  node.SCMNodeManager (SCMNodeManager.java:register(404)) - Registered Data node : c5189d4b-3145-494e-80fe-2ee109b29a1b{ip: 10.1.0.41, host: fv-az371-917, ports: [REPLICATION=34865, RATIS=37943, RATIS_ADMIN=37943, RATIS_SERVER=37943, RATIS_DATASTREAM=43421, STANDALONE=42893], networkLocation: /default-rack, certSerialId: null, persistedOpState: null, persistedOpStateExpiryEpochSec: 0}
2023-03-16 20:03:59,222 [EventQueue-NodeRegistrationContainerReportForDataNodeSafeModeRule] INFO  safemode.SCMSafeModeManager (DataNodeSafeModeRule.java:process(71)) - SCM in safe mode. 2 DataNodes registered, 3 required.
2023-03-16 20:03:59,222 [EventQueue-NewNodeForNewNodeHandler] INFO  pipeline.BackgroundPipelineCreator (BackgroundPipelineCreator.java:notifyEventTriggered(276)) - trigger a one-shot run on RatisPipelineUtilsThread.
2023-03-16 20:03:59,223 [RatisPipelineUtilsThread - 0] INFO  pipeline.RatisPipelineProvider (RatisPipelineProvider.java:lambda$create$0(206)) - Sending CreatePipelineCommand for pipeline:PipelineID=739662ba-ede2-4715-a57d-38a20a45281f to datanode:c5189d4b-3145-494e-80fe-2ee109b29a1b
2023-03-16 20:03:59,224 [RatisPipelineUtilsThread - 0] INFO  pipeline.PipelineStateManagerImpl (PipelineStateManagerImpl.java:addPipeline(103)) - Created pipeline Pipeline[ Id: 739662ba-ede2-4715-a57d-38a20a45281f, Nodes: c5189d4b-3145-494e-80fe-2ee109b29a1b(fv-az371-917/10.1.0.41), ReplicationConfig: RATIS/ONE, State:ALLOCATED, leaderId:, CreationTimestamp2023-03-16T20:03:59.223Z[Etc/UTC]].
2023-03-16 20:03:59,770 [IPC Server handler 0 on default port 44947] INFO  net.NetworkTopologyImpl (NetworkTopologyImpl.java:add(112)) - Added a new node: /default-rack/2de148b0-f597-457b-b70e-3e9a456efa0b
2023-03-16 20:03:59,770 [IPC Server handler 0 on default port 44947] INFO  node.SCMNodeManager (SCMNodeManager.java:register(404)) - Registered Data node : 2de148b0-f597-457b-b70e-3e9a456efa0b{ip: 10.1.0.41, host: fv-az371-917, ports: [REPLICATION=43031, RATIS=36141, RATIS_ADMIN=36141, RATIS_SERVER=36141, RATIS_DATASTREAM=33355, STANDALONE=42013], networkLocation: /default-rack, certSerialId: null, persistedOpState: null, persistedOpStateExpiryEpochSec: 0}
2023-03-16 20:03:59,770 [EventQueue-NewNodeForNewNodeHandler] INFO  pipeline.BackgroundPipelineCreator (BackgroundPipelineCreator.java:notifyEventTriggered(276)) - trigger a one-shot run on RatisPipelineUtilsThread.
2023-03-16 20:03:59,771 [RatisPipelineUtilsThread - 0] INFO  pipeline.RatisPipelineProvider (RatisPipelineProvider.java:lambda$create$0(206)) - Sending CreatePipelineCommand for pipeline:PipelineID=f72d96c4-847f-4c0a-9989-25be96feb61f to datanode:2de148b0-f597-457b-b70e-3e9a456efa0b
2023-03-16 20:03:59,773 [RatisPipelineUtilsThread - 0] INFO  pipeline.PipelineStateManagerImpl (PipelineStateManagerImpl.java:addPipeline(103)) - Created pipeline Pipeline[ Id: f72d96c4-847f-4c0a-9989-25be96feb61f, Nodes: 2de148b0-f597-457b-b70e-3e9a456efa0b(fv-az371-917/10.1.0.41), ReplicationConfig: RATIS/ONE, State:ALLOCATED, leaderId:, CreationTimestamp2023-03-16T20:03:59.771Z[Etc/UTC]].
2023-03-16 20:03:59,774 [EventQueue-NodeRegistrationContainerReportForDataNodeSafeModeRule] INFO  safemode.SCMSafeModeManager (DataNodeSafeModeRule.java:process(71)) - SCM in safe mode. 3 DataNodes registered, 3 required.
2023-03-16 20:03:59,774 [EventQueue-NodeRegistrationContainerReportForDataNodeSafeModeRule] INFO  safemode.SCMSafeModeManager (SCMSafeModeManager.java:validateSafeModeExitRules(200)) - DataNodeSafeModeRule rule is successfully validated
2023-03-16 20:03:59,774 [EventQueue-NodeRegistrationContainerReportForDataNodeSafeModeRule] INFO  safemode.SCMSafeModeManager (SCMSafeModeManager.java:completePreCheck(229)) - All SCM safe mode pre check rules have passed
2023-03-16 20:03:59,774 [EventQueue-NodeRegistrationContainerReportForDataNodeSafeModeRule] INFO  ha.SCMContext (SCMContext.java:updateSafeModeStatus(228)) - Update SafeModeStatus from SafeModeStatus{safeModeStatus=true, preCheckPassed=false} to SafeModeStatus{safeModeStatus=true, preCheckPassed=true}.
2023-03-16 20:03:59,775 [EventQueue-NodeRegistrationContainerReportForDataNodeSafeModeRule] INFO  pipeline.BackgroundPipelineCreator (BackgroundPipelineCreator.java:notifyEventTriggered(276)) - trigger a one-shot run on RatisPipelineUtilsThread.
2023-03-16 20:03:59,781 [RatisPipelineUtilsThread - 0] INFO  pipeline.RatisPipelineProvider (RatisPipelineProvider.java:lambda$create$0(206)) - Sending CreatePipelineCommand for pipeline:PipelineID=ed8dd5cd-2345-4928-a3a3-3913dcc4d4c8 to datanode:c8f26da1-2406-40b8-bbe6-f78547910a7f
2023-03-16 20:03:59,781 [RatisPipelineUtilsThread - 0] INFO  pipeline.RatisPipelineProvider (RatisPipelineProvider.java:lambda$create$0(206)) - Sending CreatePipelineCommand for pipeline:PipelineID=ed8dd5cd-2345-4928-a3a3-3913dcc4d4c8 to datanode:c5189d4b-3145-494e-80fe-2ee109b29a1b
2023-03-16 20:03:59,782 [RatisPipelineUtilsThread - 0] INFO  pipeline.RatisPipelineProvider (RatisPipelineProvider.java:lambda$create$0(206)) - Sending CreatePipelineCommand for pipeline:PipelineID=ed8dd5cd-2345-4928-a3a3-3913dcc4d4c8 to datanode:2de148b0-f597-457b-b70e-3e9a456efa0b
2023-03-16 20:03:59,783 [RatisPipelineUtilsThread - 0] INFO  pipeline.PipelineStateManagerImpl (PipelineStateManagerImpl.java:addPipeline(103)) - Created pipeline Pipeline[ Id: ed8dd5cd-2345-4928-a3a3-3913dcc4d4c8, Nodes: c8f26da1-2406-40b8-bbe6-f78547910a7f(fv-az371-917/10.1.0.41)c5189d4b-3145-494e-80fe-2ee109b29a1b(fv-az371-917/10.1.0.41)2de148b0-f597-457b-b70e-3e9a456efa0b(fv-az371-917/10.1.0.41), ReplicationConfig: RATIS/THREE, State:ALLOCATED, leaderId:, CreationTimestamp2023-03-16T20:03:59.781Z[Etc/UTC]].
2023-03-16 20:03:59,784 [RatisPipelineUtilsThread - 0] INFO  pipeline.RatisPipelineProvider (RatisPipelineProvider.java:lambda$create$0(206)) - Sending CreatePipelineCommand for pipeline:PipelineID=8f72906f-0154-4cb9-ac9c-ed66bb65ee5c to datanode:c5189d4b-3145-494e-80fe-2ee109b29a1b
2023-03-16 20:03:59,784 [RatisPipelineUtilsThread - 0] INFO  pipeline.RatisPipelineProvider (RatisPipelineProvider.java:lambda$create$0(206)) - Sending CreatePipelineCommand for pipeline:PipelineID=8f72906f-0154-4cb9-ac9c-ed66bb65ee5c to datanode:c8f26da1-2406-40b8-bbe6-f78547910a7f
2023-03-16 20:03:59,784 [RatisPipelineUtilsThread - 0] INFO  pipeline.RatisPipelineProvider (RatisPipelineProvider.java:lambda$create$0(206)) - Sending CreatePipelineCommand for pipeline:PipelineID=8f72906f-0154-4cb9-ac9c-ed66bb65ee5c to datanode:2de148b0-f597-457b-b70e-3e9a456efa0b
2023-03-16 20:03:59,786 [RatisPipelineUtilsThread - 0] INFO  pipeline.PipelineStateManagerImpl (PipelineStateManagerImpl.java:addPipeline(103)) - Created pipeline Pipeline[ Id: 8f72906f-0154-4cb9-ac9c-ed66bb65ee5c, Nodes: c5189d4b-3145-494e-80fe-2ee109b29a1b(fv-az371-917/10.1.0.41)c8f26da1-2406-40b8-bbe6-f78547910a7f(fv-az371-917/10.1.0.41)2de148b0-f597-457b-b70e-3e9a456efa0b(fv-az371-917/10.1.0.41), ReplicationConfig: RATIS/THREE, State:ALLOCATED, leaderId:, CreationTimestamp2023-03-16T20:03:59.784Z[Etc/UTC]].
2023-03-16 20:03:59,786 [RatisPipelineUtilsThread - 0] INFO  pipeline.PipelineManagerImpl (PipelineManagerImpl.java:recordMetricsForPipeline(826)) - Pipeline: PipelineID=8f72906f-0154-4cb9-ac9c-ed66bb65ee5c contains same datanodes as previous pipelines: PipelineID=ed8dd5cd-2345-4928-a3a3-3913dcc4d4c8 nodeIds: c5189d4b-3145-494e-80fe-2ee109b29a1b, c8f26da1-2406-40b8-bbe6-f78547910a7f, 2de148b0-f597-457b-b70e-3e9a456efa0b
2023-03-16 20:03:59,786 [RatisPipelineUtilsThread - 0] WARN  pipeline.PipelinePlacementPolicy (PipelinePlacementPolicy.java:filterViableNodes(158)) - Pipeline creation failed due to no sufficient healthy datanodes. Required 3. Found 0.
2023-03-16 20:03:59,877 [Listener at 127.0.0.1/35091] INFO  ozone.MiniOzoneClusterImpl (MiniOzoneClusterImpl.java:lambda$waitForClusterToBeReady$0(222)) - Waiting for nodes to be ready. Got 3 of 5 DN Heartbeats.
2023-03-16 20:03:59,878 [Listener at 127.0.0.1/35091] INFO  ozone.MiniOzoneClusterImpl (MiniOzoneClusterImpl.java:lambda$waitForClusterToBeReady$0(225)) - Waiting for cluster to exit safe mode
2023-03-16 20:03:59,878 [Listener at 127.0.0.1/35091] INFO  ozone.MiniOzoneClusterImpl (MiniOzoneClusterImpl.java:lambda$waitForClusterToBeReady$0(227)) - SCM became leader
2023-03-16 20:04:00,260 [IPC Server handler 16 on default port 44947] INFO  net.NetworkTopologyImpl (NetworkTopologyImpl.java:add(112)) - Added a new node: /default-rack/f9f49075-6b76-4a07-b0c3-cad8e972cd7f
2023-03-16 20:04:00,260 [IPC Server handler 16 on default port 44947] INFO  node.SCMNodeManager (SCMNodeManager.java:register(404)) - Registered Data node : f9f49075-6b76-4a07-b0c3-cad8e972cd7f{ip: 10.1.0.41, host: fv-az371-917, ports: [REPLICATION=39311, RATIS=37941, RATIS_ADMIN=37941, RATIS_SERVER=37941, RATIS_DATASTREAM=38455, STANDALONE=42201], networkLocation: /default-rack, certSerialId: null, persistedOpState: null, persistedOpStateExpiryEpochSec: 0}
2023-03-16 20:04:00,260 [EventQueue-NewNodeForNewNodeHandler] INFO  pipeline.BackgroundPipelineCreator (BackgroundPipelineCreator.java:notifyEventTriggered(276)) - trigger a one-shot run on RatisPipelineUtilsThread.
2023-03-16 20:04:00,268 [RatisPipelineUtilsThread - 0] INFO  pipeline.RatisPipelineProvider (RatisPipelineProvider.java:lambda$create$0(206)) - Sending CreatePipelineCommand for pipeline:PipelineID=e012ac23-e798-4cd0-b17a-4cd52836a867 to datanode:f9f49075-6b76-4a07-b0c3-cad8e972cd7f
2023-03-16 20:04:00,269 [RatisPipelineUtilsThread - 0] INFO  pipeline.PipelineStateManagerImpl (PipelineStateManagerImpl.java:addPipeline(103)) - Created pipeline Pipeline[ Id: e012ac23-e798-4cd0-b17a-4cd52836a867, Nodes: f9f49075-6b76-4a07-b0c3-cad8e972cd7f(fv-az371-917/10.1.0.41), ReplicationConfig: RATIS/ONE, State:ALLOCATED, leaderId:, CreationTimestamp2023-03-16T20:04:00.265Z[Etc/UTC]].
2023-03-16 20:04:00,269 [RatisPipelineUtilsThread - 0] WARN  pipeline.PipelinePlacementPolicy (PipelinePlacementPolicy.java:filterViableNodes(158)) - Pipeline creation failed due to no sufficient healthy datanodes. Required 3. Found 1.
2023-03-16 20:04:00,879 [Listener at 127.0.0.1/35091] INFO  ozone.MiniOzoneClusterImpl (MiniOzoneClusterImpl.java:lambda$waitForClusterToBeReady$0(222)) - Waiting for nodes to be ready. Got 4 of 5 DN Heartbeats.
2023-03-16 20:04:00,879 [Listener at 127.0.0.1/35091] INFO  ozone.MiniOzoneClusterImpl (MiniOzoneClusterImpl.java:lambda$waitForClusterToBeReady$0(225)) - Waiting for cluster to exit safe mode
2023-03-16 20:04:00,879 [Listener at 127.0.0.1/35091] INFO  ozone.MiniOzoneClusterImpl (MiniOzoneClusterImpl.java:lambda$waitForClusterToBeReady$0(227)) - SCM became leader
2023-03-16 20:04:00,883 [IPC Server handler 19 on default port 44947] INFO  net.NetworkTopologyImpl (NetworkTopologyImpl.java:add(112)) - Added a new node: /default-rack/c86eb04d-3968-498e-b9b0-20c907963056
2023-03-16 20:04:00,883 [IPC Server handler 19 on default port 44947] INFO  node.SCMNodeManager (SCMNodeManager.java:register(404)) - Registered Data node : c86eb04d-3968-498e-b9b0-20c907963056{ip: 10.1.0.41, host: fv-az371-917, ports: [REPLICATION=35183, RATIS=35363, RATIS_ADMIN=35363, RATIS_SERVER=35363, RATIS_DATASTREAM=41741, STANDALONE=46325], networkLocation: /default-rack, certSerialId: null, persistedOpState: null, persistedOpStateExpiryEpochSec: 0}
2023-03-16 20:04:00,884 [EventQueue-NewNodeForNewNodeHandler] INFO  pipeline.BackgroundPipelineCreator (BackgroundPipelineCreator.java:notifyEventTriggered(276)) - trigger a one-shot run on RatisPipelineUtilsThread.
2023-03-16 20:04:00,884 [RatisPipelineUtilsThread - 0] INFO  pipeline.RatisPipelineProvider (RatisPipelineProvider.java:lambda$create$0(206)) - Sending CreatePipelineCommand for pipeline:PipelineID=9959b81f-9a90-4282-9160-4b02c57a7040 to datanode:c86eb04d-3968-498e-b9b0-20c907963056
2023-03-16 20:04:00,885 [RatisPipelineUtilsThread - 0] INFO  pipeline.PipelineStateManagerImpl (PipelineStateManagerImpl.java:addPipeline(103)) - Created pipeline Pipeline[ Id: 9959b81f-9a90-4282-9160-4b02c57a7040, Nodes: c86eb04d-3968-498e-b9b0-20c907963056(fv-az371-917/10.1.0.41), ReplicationConfig: RATIS/ONE, State:ALLOCATED, leaderId:, CreationTimestamp2023-03-16T20:04:00.884Z[Etc/UTC]].
2023-03-16 20:04:00,886 [RatisPipelineUtilsThread - 0] WARN  pipeline.PipelinePlacementPolicy (PipelinePlacementPolicy.java:filterViableNodes(158)) - Pipeline creation failed due to no sufficient healthy datanodes. Required 3. Found 2.
2023-03-16 20:04:01,441 [Command processor thread] INFO  server.RaftServer (RaftServerProxy.java:addNew(96)) - c8f26da1-2406-40b8-bbe6-f78547910a7f: addNew group-F05A27693BCD:[c8f26da1-2406-40b8-bbe6-f78547910a7f|rpc:10.1.0.41:39335|dataStream:10.1.0.41:46287|priority:1|startupRole:FOLLOWER] returns group-F05A27693BCD:java.util.concurrent.CompletableFuture@10330ec5[Not completed]
2023-03-16 20:04:01,475 [pool-75-thread-1] INFO  server.RaftServer$Division (RaftServerImpl.java:<init>(195)) - c8f26da1-2406-40b8-bbe6-f78547910a7f: new RaftServerImpl for group-F05A27693BCD:[c8f26da1-2406-40b8-bbe6-f78547910a7f|rpc:10.1.0.41:39335|dataStream:10.1.0.41:46287|priority:1|startupRole:FOLLOWER] with ContainerStateMachine:uninitialized
2023-03-16 20:04:01,475 [pool-75-thread-1] INFO  server.RaftServerConfigKeys (ConfUtils.java:logGet(46)) - raft.server.rpc.timeout.min = 5s (custom)
2023-03-16 20:04:01,475 [pool-75-thread-1] INFO  server.RaftServerConfigKeys (ConfUtils.java:logGet(46)) - raft.server.rpc.timeout.max = 5200ms (custom)
2023-03-16 20:04:01,476 [pool-75-thread-1] INFO  server.RaftServerConfigKeys (ConfUtils.java:logGet(46)) - raft.server.rpc.sleep.time = 25ms (default)
2023-03-16 20:04:01,476 [pool-75-thread-1] INFO  server.RaftServerConfigKeys (ConfUtils.java:logGet(46)) - raft.server.rpc.slowness.timeout = 300s (custom)
2023-03-16 20:04:01,476 [pool-75-thread-1] INFO  server.RaftServerConfigKeys (ConfUtils.java:logGet(46)) - raft.server.leaderelection.leader.step-down.wait-time = 10s (default)
2023-03-16 20:04:01,476 [pool-75-thread-1] INFO  server.RaftServerConfigKeys (ConfUtils.java:logGet(46)) - raft.server.sleep.deviation.threshold = 300ms (default)
2023-03-16 20:04:01,477 [pool-75-thread-1] INFO  server.RaftServer$Division (ServerState.java:<init>(118)) - c8f26da1-2406-40b8-bbe6-f78547910a7f@group-F05A27693BCD: ConfigurationManager, init=-1: peers:[c8f26da1-2406-40b8-bbe6-f78547910a7f|rpc:10.1.0.41:39335|dataStream:10.1.0.41:46287|priority:1|startupRole:FOLLOWER]|listeners:[], old=null, confs=<EMPTY_MAP>
2023-03-16 20:04:01,477 [pool-75-thread-1] INFO  server.RaftServerConfigKeys (ConfUtils.java:logGet(46)) - raft.server.storage.dir = [/home/runner/work/ozone/ozone/hadoop-ozone/integration-test/target/test-dir/MiniOzoneClusterImpl-77d2372e-e00f-46e1-a11d-7f7bb0f90484/datanode-0/data/ratis] (custom)
2023-03-16 20:04:01,477 [pool-75-thread-1] INFO  server.RaftServerConfigKeys (ConfUtils.java:logGet(46)) - raft.server.log.corruption.policy = EXCEPTION (default)
2023-03-16 20:04:01,477 [pool-75-thread-1] INFO  server.RaftServerConfigKeys (ConfUtils.java:logGet(46)) - raft.server.storage.free-space.min = 0MB (=0) (default)
2023-03-16 20:04:01,478 [pool-75-thread-1] INFO  server.RaftServerConfigKeys (ConfUtils.java:logGet(46)) - raft.server.notification.no-leader.timeout = 300s (custom)
2023-03-16 20:04:01,478 [pool-75-thread-1] INFO  server.RaftServerConfigKeys (ConfUtils.java:logGet(46)) - raft.server.retrycache.expirytime = 600000ms (custom)
2023-03-16 20:04:01,478 [pool-75-thread-1] INFO  server.RaftServerConfigKeys (ConfUtils.java:logGet(46)) - raft.server.retrycache.statistics.expirytime = 100μs (default)
2023-03-16 20:04:01,482 [pool-75-thread-1] INFO  server.RaftServerConfigKeys (ConfUtils.java:logGet(46)) - raft.server.log.appender.install.snapshot.enabled = false (custom)
2023-03-16 20:04:01,483 [pool-75-thread-1] INFO  server.RaftServerConfigKeys (ConfUtils.java:logGet(46)) - raft.server.threadpool.server.cached = true (default)
2023-03-16 20:04:01,483 [pool-75-thread-1] INFO  server.RaftServerConfigKeys (ConfUtils.java:logGet(46)) - raft.server.threadpool.server.size = 0 (default)
2023-03-16 20:04:01,483 [pool-75-thread-1] INFO  server.RaftServerConfigKeys (ConfUtils.java:logGet(46)) - raft.server.threadpool.client.cached = true (default)
2023-03-16 20:04:01,483 [pool-75-thread-1] INFO  server.RaftServerConfigKeys (ConfUtils.java:logGet(46)) - raft.server.threadpool.client.size = 0 (default)
2023-03-16 20:04:01,483 [pool-75-thread-1] INFO  storage.RaftStorageDirectory (RaftStorageDirectoryImpl.java:analyzeStorage(137)) - The storage directory /home/runner/work/ozone/ozone/hadoop-ozone/integration-test/target/test-dir/MiniOzoneClusterImpl-77d2372e-e00f-46e1-a11d-7f7bb0f90484/datanode-0/data/ratis/b56042f2-1e86-4100-b0cd-f05a27693bcd does not exist. Creating ...
2023-03-16 20:04:01,490 [pool-75-thread-1] INFO  storage.RaftStorageDirectory (RaftStorageDirectoryImpl.java:tryLock(231)) - Lock on /home/runner/work/ozone/ozone/hadoop-ozone/integration-test/target/test-dir/MiniOzoneClusterImpl-77d2372e-e00f-46e1-a11d-7f7bb0f90484/datanode-0/data/ratis/b56042f2-1e86-4100-b0cd-f05a27693bcd/in_use.lock acquired by nodename 79287@fv-az371-917
2023-03-16 20:04:01,493 [pool-75-thread-1] INFO  storage.RaftStorage (RaftStorageImpl.java:format(96)) - Storage directory /home/runner/work/ozone/ozone/hadoop-ozone/integration-test/target/test-dir/MiniOzoneClusterImpl-77d2372e-e00f-46e1-a11d-7f7bb0f90484/datanode-0/data/ratis/b56042f2-1e86-4100-b0cd-f05a27693bcd has been successfully formatted.
2023-03-16 20:04:01,500 [pool-75-thread-1] INFO  ratis.ContainerStateMachine (ContainerStateMachine.java:loadSnapshot(262)) - group-F05A27693BCD: The snapshot info is null. Setting the last applied indexto:(t:0, i:~)
2023-03-16 20:04:01,501 [pool-75-thread-1] INFO  server.RaftServerConfigKeys (ConfUtils.java:logGet(46)) - raft.server.log.use.memory = false (default)
2023-03-16 20:04:01,501 [pool-75-thread-1] INFO  server.RaftServerConfigKeys (ConfUtils.java:logGet(46)) - raft.server.log.purge.gap = 1000000 (custom)
2023-03-16 20:04:01,501 [pool-75-thread-1] INFO  server.RaftServerConfigKeys (ConfUtils.java:logGet(46)) - raft.server.log.appender.buffer.byte-limit = 33554432 (custom)
2023-03-16 20:04:01,501 [pool-75-thread-1] INFO  server.RaftServerConfigKeys (ConfUtils.java:logGet(46)) - raft.server.log.statemachine.data.read.timeout = 1000ms (default)
2023-03-16 20:04:01,501 [pool-75-thread-1] INFO  server.RaftServerConfigKeys (ConfUtils.java:logGet(46)) - raft.server.log.purge.preservation.log.num = 0 (default)
2023-03-16 20:04:01,502 [pool-75-thread-1] INFO  server.RaftServerConfigKeys (ConfUtils.java:logGet(46)) - raft.server.log.segment.size.max = 1048576 (custom)
2023-03-16 20:04:01,503 [pool-75-thread-1] INFO  server.RaftServerConfigKeys (ConfUtils.java:logGet(46)) - raft.server.log.segment.cache.num.max = 2 (custom)
2023-03-16 20:04:01,503 [pool-75-thread-1] INFO  server.RaftServerConfigKeys (ConfUtils.java:logGet(46)) - raft.server.log.segment.cache.size.max = 200MB (=209715200) (default)
2023-03-16 20:04:01,503 [pool-75-thread-1] INFO  segmented.SegmentedRaftLogWorker (SegmentedRaftLogWorker.java:<init>(189)) - new c8f26da1-2406-40b8-bbe6-f78547910a7f@group-F05A27693BCD-SegmentedRaftLogWorker for RaftStorageImpl:Storage Directory /home/runner/work/ozone/ozone/hadoop-ozone/integration-test/target/test-dir/MiniOzoneClusterImpl-77d2372e-e00f-46e1-a11d-7f7bb0f90484/datanode-0/data/ratis/b56042f2-1e86-4100-b0cd-f05a27693bcd
2023-03-16 20:04:01,503 [pool-75-thread-1] INFO  server.RaftServerConfigKeys (ConfUtils.java:logGet(46)) - raft.server.log.queue.byte-limit = 4294967296 (custom)
2023-03-16 20:04:01,503 [pool-75-thread-1] INFO  server.RaftServerConfigKeys (ConfUtils.java:logGet(46)) - raft.server.log.queue.element-limit = 1024 (custom)
2023-03-16 20:04:01,503 [pool-75-thread-1] INFO  server.RaftServerConfigKeys (ConfUtils.java:logGet(46)) - raft.server.log.segment.size.max = 1048576 (custom)
2023-03-16 20:04:01,503 [pool-75-thread-1] INFO  server.RaftServerConfigKeys (ConfUtils.java:logGet(46)) - raft.server.log.preallocated.size = 16384 (custom)
2023-03-16 20:04:01,504 [pool-75-thread-1] INFO  server.RaftServerConfigKeys (ConfUtils.java:logGet(46)) - raft.server.log.force.sync.num = 128 (default)
2023-03-16 20:04:01,504 [pool-75-thread-1] INFO  server.RaftServerConfigKeys (ConfUtils.java:logGet(46)) - raft.server.log.statemachine.data.sync = true (default)
2023-03-16 20:04:01,504 [pool-75-thread-1] INFO  server.RaftServerConfigKeys (ConfUtils.java:logGet(46)) - raft.server.log.statemachine.data.sync.timeout = 10s (default)
2023-03-16 20:04:01,504 [pool-75-thread-1] INFO  server.RaftServerConfigKeys (ConfUtils.java:logGet(46)) - raft.server.log.statemachine.data.sync.timeout.retry = -1 (default)
2023-03-16 20:04:01,512 [pool-75-thread-1] INFO  server.RaftServerConfigKeys (ConfUtils.java:logGet(46)) - raft.server.log.write.buffer.size = 1048576 (custom)
2023-03-16 20:04:01,513 [pool-75-thread-1] INFO  server.RaftServerConfigKeys (ConfUtils.java:logGet(46)) - raft.server.log.appender.buffer.byte-limit = 33554432 (custom)
2023-03-16 20:04:01,527 [pool-75-thread-1] INFO  server.RaftServerConfigKeys (ConfUtils.java:logGet(46)) - raft.server.log.unsafe-flush.enabled = false (default)
2023-03-16 20:04:01,527 [pool-75-thread-1] INFO  server.RaftServerConfigKeys (ConfUtils.java:logGet(46)) - raft.server.log.async-flush.enabled = false (default)
2023-03-16 20:04:01,527 [pool-75-thread-1] INFO  server.RaftServerConfigKeys (ConfUtils.java:logGet(46)) - raft.server.log.statemachine.data.caching.enabled = true (custom)
2023-03-16 20:04:01,528 [pool-75-thread-1] INFO  segmented.SegmentedRaftLogWorker (SegmentedRaftLogWorker.java:lambda$new$0(135)) - c8f26da1-2406-40b8-bbe6-f78547910a7f@group-F05A27693BCD-SegmentedRaftLogWorker: flushIndex: setUnconditionally 0 -> -1
2023-03-16 20:04:01,528 [pool-75-thread-1] INFO  segmented.SegmentedRaftLogWorker (SegmentedRaftLogWorker.java:lambda$new$0(135)) - c8f26da1-2406-40b8-bbe6-f78547910a7f@group-F05A27693BCD-SegmentedRaftLogWorker: safeCacheEvictIndex: setUnconditionally 0 -> -1
2023-03-16 20:04:01,534 [pool-75-thread-1] INFO  server.RaftServer$Division (RaftServerImpl.java:start(334)) - c8f26da1-2406-40b8-bbe6-f78547910a7f@group-F05A27693BCD: start as a follower, conf=-1: peers:[c8f26da1-2406-40b8-bbe6-f78547910a7f|rpc:10.1.0.41:39335|dataStream:10.1.0.41:46287|priority:1|startupRole:FOLLOWER]|listeners:[], old=null
2023-03-16 20:04:01,534 [pool-75-thread-1] INFO  server.RaftServer$Division (RaftServerImpl.java:setRole(321)) - c8f26da1-2406-40b8-bbe6-f78547910a7f@group-F05A27693BCD: changes role from      null to FOLLOWER at term 0 for startAsFollower
2023-03-16 20:04:01,534 [pool-75-thread-1] INFO  impl.RoleInfo (RoleInfo.java:updateAndGet(139)) - c8f26da1-2406-40b8-bbe6-f78547910a7f: start c8f26da1-2406-40b8-bbe6-f78547910a7f@group-F05A27693BCD-FollowerState
2023-03-16 20:04:01,550 [c8f26da1-2406-40b8-bbe6-f78547910a7f@group-F05A27693BCD-FollowerState] INFO  server.RaftServerConfigKeys (ConfUtils.java:logFallback(53)) - raft.server.rpc.first-election.timeout.min = 5s (fallback to raft.server.rpc.timeout.min)
2023-03-16 20:04:01,550 [c8f26da1-2406-40b8-bbe6-f78547910a7f@group-F05A27693BCD-FollowerState] INFO  server.RaftServerConfigKeys (ConfUtils.java:logFallback(53)) - raft.server.rpc.first-election.timeout.max = 5200ms (fallback to raft.server.rpc.timeout.max)
2023-03-16 20:04:01,550 [pool-75-thread-1] INFO  util.JmxRegister (JmxRegister.java:tryRegister(44)) - Successfully registered JMX Bean with object name Ratis:service=RaftServer,group=group-F05A27693BCD,id=c8f26da1-2406-40b8-bbe6-f78547910a7f
2023-03-16 20:04:01,551 [pool-75-thread-1] INFO  server.RaftServerConfigKeys (ConfUtils.java:logGet(46)) - raft.server.snapshot.auto.trigger.enabled = true (custom)
2023-03-16 20:04:01,551 [pool-75-thread-1] INFO  server.RaftServerConfigKeys (ConfUtils.java:logGet(46)) - raft.server.snapshot.auto.trigger.threshold = 10000 (custom)
2023-03-16 20:04:01,551 [pool-75-thread-1] INFO  server.RaftServerConfigKeys (ConfUtils.java:logGet(46)) - raft.server.snapshot.retention.file.num = 5 (custom)
2023-03-16 20:04:01,551 [pool-75-thread-1] INFO  server.RaftServerConfigKeys (ConfUtils.java:logGet(46)) - raft.server.log.purge.upto.snapshot.index = false (default)
2023-03-16 20:04:01,555 [EventQueue-PipelineReportForPipelineReportHandler] INFO  pipeline.PipelineManagerImpl (PipelineManagerImpl.java:openPipeline(367)) - Pipeline Pipeline[ Id: b56042f2-1e86-4100-b0cd-f05a27693bcd, Nodes: c8f26da1-2406-40b8-bbe6-f78547910a7f(fv-az371-917/10.1.0.41), ReplicationConfig: RATIS/ONE, State:ALLOCATED, leaderId:c8f26da1-2406-40b8-bbe6-f78547910a7f, CreationTimestamp2023-03-16T20:03:58.592Z[Etc/UTC]] moved to OPEN state
2023-03-16 20:04:01,562 [EventQueue-OpenPipelineForHealthyPipelineSafeModeRule] INFO  safemode.SCMSafeModeManager (HealthyPipelineSafeModeRule.java:process(137)) - SCM in safe mode. Healthy pipelines reported count is 0, required healthy pipeline reported count is 1
2023-03-16 20:04:01,573 [Command processor thread] INFO  ratis.XceiverServerRatis (XceiverServerRatis.java:addGroup(807)) - Created group PipelineID=b56042f2-1e86-4100-b0cd-f05a27693bcd
2023-03-16 20:04:01,574 [Command processor thread] INFO  commandhandler.CreatePipelineCommandHandler (CreatePipelineCommandHandler.java:handle(113)) - Created Pipeline RATIS ONE PipelineID=b56042f2-1e86-4100-b0cd-f05a27693bcd.
2023-03-16 20:04:01,575 [Command processor thread] INFO  server.RaftServer (RaftServerProxy.java:addNew(96)) - c8f26da1-2406-40b8-bbe6-f78547910a7f: addNew group-3913DCC4D4C8:[c5189d4b-3145-494e-80fe-2ee109b29a1b|rpc:10.1.0.41:37943|dataStream:10.1.0.41:43421|priority:0|startupRole:FOLLOWER, c8f26da1-2406-40b8-bbe6-f78547910a7f|rpc:10.1.0.41:39335|dataStream:10.1.0.41:46287|priority:1|startupRole:FOLLOWER, 2de148b0-f597-457b-b70e-3e9a456efa0b|rpc:10.1.0.41:36141|dataStream:10.1.0.41:33355|priority:0|startupRole:FOLLOWER] returns group-3913DCC4D4C8:java.util.concurrent.CompletableFuture@6f7acb32[Not completed]
2023-03-16 20:04:01,582 [pool-75-thread-1] INFO  server.RaftServer$Division (RaftServerImpl.java:<init>(195)) - c8f26da1-2406-40b8-bbe6-f78547910a7f: new RaftServerImpl for group-3913DCC4D4C8:[c5189d4b-3145-494e-80fe-2ee109b29a1b|rpc:10.1.0.41:37943|dataStream:10.1.0.41:43421|priority:0|startupRole:FOLLOWER, c8f26da1-2406-40b8-bbe6-f78547910a7f|rpc:10.1.0.41:39335|dataStream:10.1.0.41:46287|priority:1|startupRole:FOLLOWER, 2de148b0-f597-457b-b70e-3e9a456efa0b|rpc:10.1.0.41:36141|dataStream:10.1.0.41:33355|priority:0|startupRole:FOLLOWER] with ContainerStateMachine:uninitialized
2023-03-16 20:04:01,583 [pool-75-thread-1] INFO  server.RaftServerConfigKeys (ConfUtils.java:logGet(46)) - raft.server.rpc.timeout.min = 5s (custom)
2023-03-16 20:04:01,583 [pool-75-thread-1] INFO  server.RaftServerConfigKeys (ConfUtils.java:logGet(46)) - raft.server.rpc.timeout.max = 5200ms (custom)
2023-03-16 20:04:01,583 [pool-75-thread-1] INFO  server.RaftServerConfigKeys (ConfUtils.java:logGet(46)) - raft.server.rpc.sleep.time = 25ms (default)
2023-03-16 20:04:01,583 [pool-75-thread-1] INFO  server.RaftServerConfigKeys (ConfUtils.java:logGet(46)) - raft.server.rpc.slowness.timeout = 300s (custom)
2023-03-16 20:04:01,583 [pool-75-thread-1] INFO  server.RaftServerConfigKeys (ConfUtils.java:logGet(46)) - raft.server.leaderelection.leader.step-down.wait-time = 10s (default)
2023-03-16 20:04:01,583 [pool-75-thread-1] INFO  server.RaftServerConfigKeys (ConfUtils.java:logGet(46)) - raft.server.sleep.deviation.threshold = 300ms (default)
2023-03-16 20:04:01,583 [pool-75-thread-1] INFO  server.RaftServer$Division (ServerState.java:<init>(118)) - c8f26da1-2406-40b8-bbe6-f78547910a7f@group-3913DCC4D4C8: ConfigurationManager, init=-1: peers:[c5189d4b-3145-494e-80fe-2ee109b29a1b|rpc:10.1.0.41:37943|dataStream:10.1.0.41:43421|priority:0|startupRole:FOLLOWER, c8f26da1-2406-40b8-bbe6-f78547910a7f|rpc:10.1.0.41:39335|dataStream:10.1.0.41:46287|priority:1|startupRole:FOLLOWER, 2de148b0-f597-457b-b70e-3e9a456efa0b|rpc:10.1.0.41:36141|dataStream:10.1.0.41:33355|priority:0|startupRole:FOLLOWER]|listeners:[], old=null, confs=<EMPTY_MAP>
2023-03-16 20:04:01,585 [pool-75-thread-1] INFO  server.RaftServerConfigKeys (ConfUtils.java:logGet(46)) - raft.server.storage.dir = [/home/runner/work/ozone/ozone/hadoop-ozone/integration-test/target/test-dir/MiniOzoneClusterImpl-77d2372e-e00f-46e1-a11d-7f7bb0f90484/datanode-0/data/ratis] (custom)
2023-03-16 20:04:01,585 [pool-75-thread-1] INFO  server.RaftServerConfigKeys (ConfUtils.java:logGet(46)) - raft.server.log.corruption.policy = EXCEPTION (default)
2023-03-16 20:04:01,586 [pool-75-thread-1] INFO  server.RaftServerConfigKeys (ConfUtils.java:logGet(46)) - raft.server.storage.free-space.min = 0MB (=0) (default)
2023-03-16 20:04:01,586 [pool-75-thread-1] INFO  server.RaftServerConfigKeys (ConfUtils.java:logGet(46)) - raft.server.notification.no-leader.timeout = 300s (custom)
2023-03-16 20:04:01,586 [pool-75-thread-1] INFO  server.RaftServerConfigKeys (ConfUtils.java:logGet(46)) - raft.server.retrycache.expirytime = 600000ms (custom)
2023-03-16 20:04:01,587 [pool-75-thread-1] INFO  server.RaftServerConfigKeys (ConfUtils.java:logGet(46)) - raft.server.retrycache.statistics.expirytime = 100μs (default)
2023-03-16 20:04:01,597 [pool-75-thread-1] INFO  server.RaftServerConfigKeys (ConfUtils.java:logGet(46)) - raft.server.log.appender.install.snapshot.enabled = false (custom)
2023-03-16 20:04:01,598 [pool-75-thread-1] INFO  server.RaftServerConfigKeys (ConfUtils.java:logGet(46)) - raft.server.threadpool.server.cached = true (default)
2023-03-16 20:04:01,599 [pool-75-thread-1] INFO  server.RaftServerConfigKeys (ConfUtils.java:logGet(46)) - raft.server.threadpool.server.size = 0 (default)
2023-03-16 20:04:01,599 [pool-75-thread-1] INFO  server.RaftServerConfigKeys (ConfUtils.java:logGet(46)) - raft.server.threadpool.client.cached = true (default)
2023-03-16 20:04:01,599 [pool-75-thread-1] INFO  server.RaftServerConfigKeys (ConfUtils.java:logGet(46)) - raft.server.threadpool.client.size = 0 (default)
2023-03-16 20:04:01,599 [pool-75-thread-1] INFO  storage.RaftStorageDirectory (RaftStorageDirectoryImpl.java:analyzeStorage(137)) - The storage directory /home/runner/work/ozone/ozone/hadoop-ozone/integration-test/target/test-dir/MiniOzoneClusterImpl-77d2372e-e00f-46e1-a11d-7f7bb0f90484/datanode-0/data/ratis/ed8dd5cd-2345-4928-a3a3-3913dcc4d4c8 does not exist. Creating ...
2023-03-16 20:04:01,601 [pool-75-thread-1] INFO  storage.RaftStorageDirectory (RaftStorageDirectoryImpl.java:tryLock(231)) - Lock on /home/runner/work/ozone/ozone/hadoop-ozone/integration-test/target/test-dir/MiniOzoneClusterImpl-77d2372e-e00f-46e1-a11d-7f7bb0f90484/datanode-0/data/ratis/ed8dd5cd-2345-4928-a3a3-3913dcc4d4c8/in_use.lock acquired by nodename 79287@fv-az371-917
2023-03-16 20:04:01,603 [pool-75-thread-1] INFO  storage.RaftStorage (RaftStorageImpl.java:format(96)) - Storage directory /home/runner/work/ozone/ozone/hadoop-ozone/integration-test/target/test-dir/MiniOzoneClusterImpl-77d2372e-e00f-46e1-a11d-7f7bb0f90484/datanode-0/data/ratis/ed8dd5cd-2345-4928-a3a3-3913dcc4d4c8 has been successfully formatted.
2023-03-16 20:04:01,604 [pool-75-thread-1] INFO  ratis.ContainerStateMachine (ContainerStateMachine.java:loadSnapshot(262)) - group-3913DCC4D4C8: The snapshot info is null. Setting the last applied indexto:(t:0, i:~)
2023-03-16 20:04:01,604 [pool-75-thread-1] INFO  server.RaftServerConfigKeys (ConfUtils.java:logGet(46)) - raft.server.log.use.memory = false (default)
2023-03-16 20:04:01,606 [pool-75-thread-1] INFO  server.RaftServerConfigKeys (ConfUtils.java:logGet(46)) - raft.server.log.purge.gap = 1000000 (custom)
2023-03-16 20:04:01,607 [EventQueue-OpenPipelineForHealthyPipelineSafeModeRule] INFO  safemode.SCMSafeModeManager (HealthyPipelineSafeModeRule.java:process(137)) - SCM in safe mode. Healthy pipelines reported count is 0, required healthy pipeline reported count is 1
2023-03-16 20:04:01,610 [pool-75-thread-1] INFO  server.RaftServerConfigKeys (ConfUtils.java:logGet(46)) - raft.server.log.appender.buffer.byte-limit = 33554432 (custom)
2023-03-16 20:04:01,612 [pool-75-thread-1] INFO  server.RaftServerConfigKeys (ConfUtils.java:logGet(46)) - raft.server.log.statemachine.data.read.timeout = 1000ms (default)
2023-03-16 20:04:01,612 [pool-75-thread-1] INFO  server.RaftServerConfigKeys (ConfUtils.java:logGet(46)) - raft.server.log.purge.preservation.log.num = 0 (default)
2023-03-16 20:04:01,614 [pool-75-thread-1] INFO  server.RaftServerConfigKeys (ConfUtils.java:logGet(46)) - raft.server.log.segment.size.max = 1048576 (custom)
2023-03-16 20:04:01,616 [pool-75-thread-1] INFO  server.RaftServerConfigKeys (ConfUtils.java:logGet(46)) - raft.server.log.segment.cache.num.max = 2 (custom)
2023-03-16 20:04:01,616 [pool-75-thread-1] INFO  server.RaftServerConfigKeys (ConfUtils.java:logGet(46)) - raft.server.log.segment.cache.size.max = 200MB (=209715200) (default)
2023-03-16 20:04:01,616 [pool-75-thread-1] INFO  segmented.SegmentedRaftLogWorker (SegmentedRaftLogWorker.java:<init>(189)) - new c8f26da1-2406-40b8-bbe6-f78547910a7f@group-3913DCC4D4C8-SegmentedRaftLogWorker for RaftStorageImpl:Storage Directory /home/runner/work/ozone/ozone/hadoop-ozone/integration-test/target/test-dir/MiniOzoneClusterImpl-77d2372e-e00f-46e1-a11d-7f7bb0f90484/datanode-0/data/ratis/ed8dd5cd-2345-4928-a3a3-3913dcc4d4c8
2023-03-16 20:04:01,616 [pool-75-thread-1] INFO  server.RaftServerConfigKeys (ConfUtils.java:logGet(46)) - raft.server.log.queue.byte-limit = 4294967296 (custom)
2023-03-16 20:04:01,616 [pool-75-thread-1] INFO  server.RaftServerConfigKeys (ConfUtils.java:logGet(46)) - raft.server.log.queue.element-limit = 1024 (custom)
2023-03-16 20:04:01,616 [pool-75-thread-1] INFO  server.RaftServerConfigKeys (ConfUtils.java:logGet(46)) - raft.server.log.segment.size.max = 1048576 (custom)
2023-03-16 20:04:01,616 [pool-75-thread-1] INFO  server.RaftServerConfigKeys (ConfUtils.java:logGet(46)) - raft.server.log.preallocated.size = 16384 (custom)
2023-03-16 20:04:01,617 [pool-75-thread-1] INFO  server.RaftServerConfigKeys (ConfUtils.java:logGet(46)) - raft.server.log.force.sync.num = 128 (default)
2023-03-16 20:04:01,617 [pool-75-thread-1] INFO  server.RaftServerConfigKeys (ConfUtils.java:logGet(46)) - raft.server.log.statemachine.data.sync = true (default)
2023-03-16 20:04:01,617 [pool-75-thread-1] INFO  server.RaftServerConfigKeys (ConfUtils.java:logGet(46)) - raft.server.log.statemachine.data.sync.timeout = 10s (default)
2023-03-16 20:04:01,617 [pool-75-thread-1] INFO  server.RaftServerConfigKeys (ConfUtils.java:logGet(46)) - raft.server.log.statemachine.data.sync.timeout.retry = -1 (default)
2023-03-16 20:04:01,625 [pool-75-thread-1] INFO  server.RaftServerConfigKeys (ConfUtils.java:logGet(46)) - raft.server.log.write.buffer.size = 1048576 (custom)
2023-03-16 20:04:01,626 [pool-75-thread-1] INFO  server.RaftServerConfigKeys (ConfUtils.java:logGet(46)) - raft.server.log.appender.buffer.byte-limit = 33554432 (custom)
2023-03-16 20:04:01,639 [pool-75-thread-1] INFO  server.RaftServerConfigKeys (ConfUtils.java:logGet(46)) - raft.server.log.unsafe-flush.enabled = false (default)
2023-03-16 20:04:01,639 [pool-75-thread-1] INFO  server.RaftServerConfigKeys (ConfUtils.java:logGet(46)) - raft.server.log.async-flush.enabled = false (default)
2023-03-16 20:04:01,640 [pool-75-thread-1] INFO  server.RaftServerConfigKeys (ConfUtils.java:logGet(46)) - raft.server.log.statemachine.data.caching.enabled = true (custom)
2023-03-16 20:04:01,640 [pool-75-thread-1] INFO  segmented.SegmentedRaftLogWorker (SegmentedRaftLogWorker.java:lambda$new$0(135)) - c8f26da1-2406-40b8-bbe6-f78547910a7f@group-3913DCC4D4C8-SegmentedRaftLogWorker: flushIndex: setUnconditionally 0 -> -1
2023-03-16 20:04:01,640 [pool-75-thread-1] INFO  segmented.SegmentedRaftLogWorker (SegmentedRaftLogWorker.java:lambda$new$0(135)) - c8f26da1-2406-40b8-bbe6-f78547910a7f@group-3913DCC4D4C8-SegmentedRaftLogWorker: safeCacheEvictIndex: setUnconditionally 0 -> -1
2023-03-16 20:04:01,643 [pool-75-thread-1] INFO  server.RaftServer$Division (RaftServerImpl.java:start(334)) - c8f26da1-2406-40b8-bbe6-f78547910a7f@group-3913DCC4D4C8: start as a follower, conf=-1: peers:[c5189d4b-3145-494e-80fe-2ee109b29a1b|rpc:10.1.0.41:37943|dataStream:10.1.0.41:43421|priority:0|startupRole:FOLLOWER, c8f26da1-2406-40b8-bbe6-f78547910a7f|rpc:10.1.0.41:39335|dataStream:10.1.0.41:46287|priority:1|startupRole:FOLLOWER, 2de148b0-f597-457b-b70e-3e9a456efa0b|rpc:10.1.0.41:36141|dataStream:10.1.0.41:33355|priority:0|startupRole:FOLLOWER]|listeners:[], old=null
2023-03-16 20:04:01,643 [pool-75-thread-1] INFO  server.RaftServer$Division (RaftServerImpl.java:setRole(321)) - c8f26da1-2406-40b8-bbe6-f78547910a7f@group-3913DCC4D4C8: changes role from      null to FOLLOWER at term 0 for startAsFollower
2023-03-16 20:04:01,644 [pool-75-thread-1] INFO  impl.RoleInfo (RoleInfo.java:updateAndGet(139)) - c8f26da1-2406-40b8-bbe6-f78547910a7f: start c8f26da1-2406-40b8-bbe6-f78547910a7f@group-3913DCC4D4C8-FollowerState
2023-03-16 20:04:01,644 [pool-75-thread-1] INFO  util.JmxRegister (JmxRegister.java:tryRegister(44)) - Successfully registered JMX Bean with object name Ratis:service=RaftServer,group=group-3913DCC4D4C8,id=c8f26da1-2406-40b8-bbe6-f78547910a7f
2023-03-16 20:04:01,644 [pool-75-thread-1] INFO  server.RaftServerConfigKeys (ConfUtils.java:logGet(46)) - raft.server.snapshot.auto.trigger.enabled = true (custom)
2023-03-16 20:04:01,644 [pool-75-thread-1] INFO  server.RaftServerConfigKeys (ConfUtils.java:logGet(46)) - raft.server.snapshot.auto.trigger.threshold = 10000 (custom)
2023-03-16 20:04:01,645 [pool-75-thread-1] INFO  server.RaftServerConfigKeys (ConfUtils.java:logGet(46)) - raft.server.snapshot.retention.file.num = 5 (custom)
2023-03-16 20:04:01,645 [pool-75-thread-1] INFO  server.RaftServerConfigKeys (ConfUtils.java:logGet(46)) - raft.server.log.purge.upto.snapshot.index = false (default)
2023-03-16 20:04:01,648 [Command processor thread] INFO  ratis.XceiverServerRatis (XceiverServerRatis.java:addGroup(807)) - Created group PipelineID=ed8dd5cd-2345-4928-a3a3-3913dcc4d4c8
2023-03-16 20:04:01,661 [c8f26da1-2406-40b8-bbe6-f78547910a7f@group-3913DCC4D4C8-FollowerState] INFO  server.RaftServerConfigKeys (ConfUtils.java:logFallback(53)) - raft.server.rpc.first-election.timeout.min = 5s (fallback to raft.server.rpc.timeout.min)
2023-03-16 20:04:01,661 [c8f26da1-2406-40b8-bbe6-f78547910a7f@group-3913DCC4D4C8-FollowerState] INFO  server.RaftServerConfigKeys (ConfUtils.java:logFallback(53)) - raft.server.rpc.first-election.timeout.max = 5200ms (fallback to raft.server.rpc.timeout.max)
2023-03-16 20:04:01,880 [Listener at 127.0.0.1/35091] INFO  ozone.MiniOzoneClusterImpl (MiniOzoneClusterImpl.java:lambda$waitForClusterToBeReady$0(222)) - Nodes are ready. Got 5 of 5 DN Heartbeats.
2023-03-16 20:04:01,880 [Listener at 127.0.0.1/35091] INFO  ozone.MiniOzoneClusterImpl (MiniOzoneClusterImpl.java:lambda$waitForClusterToBeReady$0(225)) - Waiting for cluster to exit safe mode
2023-03-16 20:04:01,880 [Listener at 127.0.0.1/35091] INFO  ozone.MiniOzoneClusterImpl (MiniOzoneClusterImpl.java:lambda$waitForClusterToBeReady$0(227)) - SCM became leader
2023-03-16 20:04:02,189 [grpc-default-executor-0] INFO  server.RaftServer (RaftServerProxy.java:addNew(96)) - c5189d4b-3145-494e-80fe-2ee109b29a1b: addNew group-3913DCC4D4C8:[c5189d4b-3145-494e-80fe-2ee109b29a1b|rpc:10.1.0.41:37943|dataStream:10.1.0.41:43421|priority:0|startupRole:FOLLOWER, c8f26da1-2406-40b8-bbe6-f78547910a7f|rpc:10.1.0.41:39335|dataStream:10.1.0.41:46287|priority:1|startupRole:FOLLOWER, 2de148b0-f597-457b-b70e-3e9a456efa0b|rpc:10.1.0.41:36141|dataStream:10.1.0.41:33355|priority:0|startupRole:FOLLOWER] returns group-3913DCC4D4C8:java.util.concurrent.CompletableFuture@410f4461[Not completed]
2023-03-16 20:04:02,196 [pool-97-thread-1] INFO  server.RaftServer$Division (RaftServerImpl.java:<init>(195)) - c5189d4b-3145-494e-80fe-2ee109b29a1b: new RaftServerImpl for group-3913DCC4D4C8:[c5189d4b-3145-494e-80fe-2ee109b29a1b|rpc:10.1.0.41:37943|dataStream:10.1.0.41:43421|priority:0|startupRole:FOLLOWER, c8f26da1-2406-40b8-bbe6-f78547910a7f|rpc:10.1.0.41:39335|dataStream:10.1.0.41:46287|priority:1|startupRole:FOLLOWER, 2de148b0-f597-457b-b70e-3e9a456efa0b|rpc:10.1.0.41:36141|dataStream:10.1.0.41:33355|priority:0|startupRole:FOLLOWER] with ContainerStateMachine:uninitialized
2023-03-16 20:04:02,196 [pool-97-thread-1] INFO  server.RaftServerConfigKeys (ConfUtils.java:logGet(46)) - raft.server.rpc.timeout.min = 5s (custom)
2023-03-16 20:04:02,196 [pool-97-thread-1] INFO  server.RaftServerConfigKeys (ConfUtils.java:logGet(46)) - raft.server.rpc.timeout.max = 5200ms (custom)
2023-03-16 20:04:02,197 [pool-97-thread-1] INFO  server.RaftServerConfigKeys (ConfUtils.java:logGet(46)) - raft.server.rpc.sleep.time = 25ms (default)
2023-03-16 20:04:02,197 [pool-97-thread-1] INFO  server.RaftServerConfigKeys (ConfUtils.java:logGet(46)) - raft.server.rpc.slowness.timeout = 300s (custom)
2023-03-16 20:04:02,197 [pool-97-thread-1] INFO  server.RaftServerConfigKeys (ConfUtils.java:logGet(46)) - raft.server.leaderelection.leader.step-down.wait-time = 10s (default)
2023-03-16 20:04:02,197 [pool-97-thread-1] INFO  server.RaftServerConfigKeys (ConfUtils.java:logGet(46)) - raft.server.sleep.deviation.threshold = 300ms (default)
2023-03-16 20:04:02,197 [pool-97-thread-1] INFO  server.RaftServer$Division (ServerState.java:<init>(118)) - c5189d4b-3145-494e-80fe-2ee109b29a1b@group-3913DCC4D4C8: ConfigurationManager, init=-1: peers:[c5189d4b-3145-494e-80fe-2ee109b29a1b|rpc:10.1.0.41:37943|dataStream:10.1.0.41:43421|priority:0|startupRole:FOLLOWER, c8f26da1-2406-40b8-bbe6-f78547910a7f|rpc:10.1.0.41:39335|dataStream:10.1.0.41:46287|priority:1|startupRole:FOLLOWER, 2de148b0-f597-457b-b70e-3e9a456efa0b|rpc:10.1.0.41:36141|dataStream:10.1.0.41:33355|priority:0|startupRole:FOLLOWER]|listeners:[], old=null, confs=<EMPTY_MAP>
2023-03-16 20:04:02,197 [pool-97-thread-1] INFO  server.RaftServerConfigKeys (ConfUtils.java:logGet(46)) - raft.server.storage.dir = [/home/runner/work/ozone/ozone/hadoop-ozone/integration-test/target/test-dir/MiniOzoneClusterImpl-77d2372e-e00f-46e1-a11d-7f7bb0f90484/datanode-1/data/ratis] (custom)
2023-03-16 20:04:02,197 [pool-97-thread-1] INFO  server.RaftServerConfigKeys (ConfUtils.java:logGet(46)) - raft.server.log.corruption.policy = EXCEPTION (default)
2023-03-16 20:04:02,198 [pool-97-thread-1] INFO  server.RaftServerConfigKeys (ConfUtils.java:logGet(46)) - raft.server.storage.free-space.min = 0MB (=0) (default)
2023-03-16 20:04:02,198 [pool-97-thread-1] INFO  server.RaftServerConfigKeys (ConfUtils.java:logGet(46)) - raft.server.notification.no-leader.timeout = 300s (custom)
2023-03-16 20:04:02,198 [pool-97-thread-1] INFO  server.RaftServerConfigKeys (ConfUtils.java:logGet(46)) - raft.server.retrycache.expirytime = 600000ms (custom)
2023-03-16 20:04:02,198 [pool-97-thread-1] INFO  server.RaftServerConfigKeys (ConfUtils.java:logGet(46)) - raft.server.retrycache.statistics.expirytime = 100μs (default)
2023-03-16 20:04:02,210 [pool-97-thread-1] INFO  server.RaftServerConfigKeys (ConfUtils.java:logGet(46)) - raft.server.log.appender.install.snapshot.enabled = false (custom)
2023-03-16 20:04:02,210 [pool-97-thread-1] INFO  server.RaftServerConfigKeys (ConfUtils.java:logGet(46)) - raft.server.threadpool.server.cached = true (default)
2023-03-16 20:04:02,210 [pool-97-thread-1] INFO  server.RaftServerConfigKeys (ConfUtils.java:logGet(46)) - raft.server.threadpool.server.size = 0 (default)
2023-03-16 20:04:02,210 [pool-97-thread-1] INFO  server.RaftServerConfigKeys (ConfUtils.java:logGet(46)) - raft.server.threadpool.client.cached = true (default)
2023-03-16 20:04:02,210 [pool-97-thread-1] INFO  server.RaftServerConfigKeys (ConfUtils.java:logGet(46)) - raft.server.threadpool.client.size = 0 (default)
2023-03-16 20:04:02,210 [pool-97-thread-1] INFO  storage.RaftStorageDirectory (RaftStorageDirectoryImpl.java:analyzeStorage(137)) - The storage directory /home/runner/work/ozone/ozone/hadoop-ozone/integration-test/target/test-dir/MiniOzoneClusterImpl-77d2372e-e00f-46e1-a11d-7f7bb0f90484/datanode-1/data/ratis/ed8dd5cd-2345-4928-a3a3-3913dcc4d4c8 does not exist. Creating ...
2023-03-16 20:04:02,214 [pool-97-thread-1] INFO  storage.RaftStorageDirectory (RaftStorageDirectoryImpl.java:tryLock(231)) - Lock on /home/runner/work/ozone/ozone/hadoop-ozone/integration-test/target/test-dir/MiniOzoneClusterImpl-77d2372e-e00f-46e1-a11d-7f7bb0f90484/datanode-1/data/ratis/ed8dd5cd-2345-4928-a3a3-3913dcc4d4c8/in_use.lock acquired by nodename 79287@fv-az371-917
2023-03-16 20:04:02,216 [pool-97-thread-1] INFO  storage.RaftStorage (RaftStorageImpl.java:format(96)) - Storage directory /home/runner/work/ozone/ozone/hadoop-ozone/integration-test/target/test-dir/MiniOzoneClusterImpl-77d2372e-e00f-46e1-a11d-7f7bb0f90484/datanode-1/data/ratis/ed8dd5cd-2345-4928-a3a3-3913dcc4d4c8 has been successfully formatted.
2023-03-16 20:04:02,219 [Command processor thread] INFO  server.RaftServer (RaftServerProxy.java:addNew(96)) - c5189d4b-3145-494e-80fe-2ee109b29a1b: addNew group-38A20A45281F:[c5189d4b-3145-494e-80fe-2ee109b29a1b|rpc:10.1.0.41:37943|dataStream:10.1.0.41:43421|priority:1|startupRole:FOLLOWER] returns group-38A20A45281F:java.util.concurrent.CompletableFuture@2c3fe04a[Not completed]
2023-03-16 20:04:02,222 [pool-97-thread-1] INFO  ratis.ContainerStateMachine (ContainerStateMachine.java:loadSnapshot(262)) - group-3913DCC4D4C8: The snapshot info is null. Setting the last applied indexto:(t:0, i:~)
2023-03-16 20:04:02,224 [pool-97-thread-1] INFO  server.RaftServerConfigKeys (ConfUtils.java:logGet(46)) - raft.server.log.use.memory = false (default)
2023-03-16 20:04:02,224 [EventQueue-PipelineReportForPipelineReportHandler] INFO  pipeline.PipelineManagerImpl (PipelineManagerImpl.java:openPipeline(367)) - Pipeline Pipeline[ Id: 739662ba-ede2-4715-a57d-38a20a45281f, Nodes: c5189d4b-3145-494e-80fe-2ee109b29a1b(fv-az371-917/10.1.0.41), ReplicationConfig: RATIS/ONE, State:ALLOCATED, leaderId:c5189d4b-3145-494e-80fe-2ee109b29a1b, CreationTimestamp2023-03-16T20:03:59.223Z[Etc/UTC]] moved to OPEN state
2023-03-16 20:04:02,224 [pool-97-thread-1] INFO  server.RaftServerConfigKeys (ConfUtils.java:logGet(46)) - raft.server.log.purge.gap = 1000000 (custom)
2023-03-16 20:04:02,225 [pool-97-thread-1] INFO  server.RaftServerConfigKeys (ConfUtils.java:logGet(46)) - raft.server.log.appender.buffer.byte-limit = 33554432 (custom)
2023-03-16 20:04:02,225 [pool-97-thread-1] INFO  server.RaftServerConfigKeys (ConfUtils.java:logGet(46)) - raft.server.log.statemachine.data.read.timeout = 1000ms (default)
2023-03-16 20:04:02,225 [pool-97-thread-1] INFO  server.RaftServerConfigKeys (ConfUtils.java:logGet(46)) - raft.server.log.purge.preservation.log.num = 0 (default)
2023-03-16 20:04:02,225 [EventQueue-OpenPipelineForHealthyPipelineSafeModeRule] INFO  safemode.SCMSafeModeManager (HealthyPipelineSafeModeRule.java:process(137)) - SCM in safe mode. Healthy pipelines reported count is 0, required healthy pipeline reported count is 1
2023-03-16 20:04:02,225 [pool-97-thread-1] INFO  server.RaftServerConfigKeys (ConfUtils.java:logGet(46)) - raft.server.log.segment.size.max = 1048576 (custom)
2023-03-16 20:04:02,226 [pool-97-thread-1] INFO  server.RaftServerConfigKeys (ConfUtils.java:logGet(46)) - raft.server.log.segment.cache.num.max = 2 (custom)
2023-03-16 20:04:02,226 [pool-97-thread-1] INFO  server.RaftServerConfigKeys (ConfUtils.java:logGet(46)) - raft.server.log.segment.cache.size.max = 200MB (=209715200) (default)
2023-03-16 20:04:02,226 [pool-97-thread-1] INFO  segmented.SegmentedRaftLogWorker (SegmentedRaftLogWorker.java:<init>(189)) - new c5189d4b-3145-494e-80fe-2ee109b29a1b@group-3913DCC4D4C8-SegmentedRaftLogWorker for RaftStorageImpl:Storage Directory /home/runner/work/ozone/ozone/hadoop-ozone/integration-test/target/test-dir/MiniOzoneClusterImpl-77d2372e-e00f-46e1-a11d-7f7bb0f90484/datanode-1/data/ratis/ed8dd5cd-2345-4928-a3a3-3913dcc4d4c8
2023-03-16 20:04:02,226 [pool-97-thread-1] INFO  server.RaftServerConfigKeys (ConfUtils.java:logGet(46)) - raft.server.log.queue.byte-limit = 4294967296 (custom)
2023-03-16 20:04:02,226 [pool-97-thread-1] INFO  server.RaftServerConfigKeys (ConfUtils.java:logGet(46)) - raft.server.log.queue.element-limit = 1024 (custom)
2023-03-16 20:04:02,226 [pool-97-thread-1] INFO  server.RaftServerConfigKeys (ConfUtils.java:logGet(46)) - raft.server.log.segment.size.max = 1048576 (custom)
2023-03-16 20:04:02,227 [pool-97-thread-1] INFO  server.RaftServerConfigKeys (ConfUtils.java:logGet(46)) - raft.server.log.preallocated.size = 16384 (custom)
2023-03-16 20:04:02,227 [pool-97-thread-1] INFO  server.RaftServerConfigKeys (ConfUtils.java:logGet(46)) - raft.server.log.force.sync.num = 128 (default)
2023-03-16 20:04:02,227 [pool-97-thread-1] INFO  server.RaftServerConfigKeys (ConfUtils.java:logGet(46)) - raft.server.log.statemachine.data.sync = true (default)
2023-03-16 20:04:02,227 [pool-97-thread-1] INFO  server.RaftServerConfigKeys (ConfUtils.java:logGet(46)) - raft.server.log.statemachine.data.sync.timeout = 10s (default)
2023-03-16 20:04:02,227 [pool-97-thread-1] INFO  server.RaftServerConfigKeys (ConfUtils.java:logGet(46)) - raft.server.log.statemachine.data.sync.timeout.retry = -1 (default)
2023-03-16 20:04:02,229 [pool-97-thread-1] INFO  server.RaftServerConfigKeys (ConfUtils.java:logGet(46)) - raft.server.log.write.buffer.size = 1048576 (custom)
2023-03-16 20:04:02,232 [pool-97-thread-1] INFO  server.RaftServerConfigKeys (ConfUtils.java:logGet(46)) - raft.server.log.appender.buffer.byte-limit = 33554432 (custom)
2023-03-16 20:04:02,247 [pool-97-thread-1] INFO  server.RaftServerConfigKeys (ConfUtils.java:logGet(46)) - raft.server.log.unsafe-flush.enabled = false (default)
2023-03-16 20:04:02,247 [pool-97-thread-1] INFO  server.RaftServerConfigKeys (ConfUtils.java:logGet(46)) - raft.server.log.async-flush.enabled = false (default)
2023-03-16 20:04:02,251 [pool-97-thread-1] INFO  server.RaftServerConfigKeys (ConfUtils.java:logGet(46)) - raft.server.log.statemachine.data.caching.enabled = true (custom)
2023-03-16 20:04:02,251 [pool-97-thread-1] INFO  segmented.SegmentedRaftLogWorker (SegmentedRaftLogWorker.java:lambda$new$0(135)) - c5189d4b-3145-494e-80fe-2ee109b29a1b@group-3913DCC4D4C8-SegmentedRaftLogWorker: flushIndex: setUnconditionally 0 -> -1
2023-03-16 20:04:02,252 [pool-97-thread-1] INFO  segmented.SegmentedRaftLogWorker (SegmentedRaftLogWorker.java:lambda$new$0(135)) - c5189d4b-3145-494e-80fe-2ee109b29a1b@group-3913DCC4D4C8-SegmentedRaftLogWorker: safeCacheEvictIndex: setUnconditionally 0 -> -1
2023-03-16 20:04:02,252 [pool-97-thread-1] INFO  server.RaftServer$Division (RaftServerImpl.java:start(334)) - c5189d4b-3145-494e-80fe-2ee109b29a1b@group-3913DCC4D4C8: start as a follower, conf=-1: peers:[c5189d4b-3145-494e-80fe-2ee109b29a1b|rpc:10.1.0.41:37943|dataStream:10.1.0.41:43421|priority:0|startupRole:FOLLOWER, c8f26da1-2406-40b8-bbe6-f78547910a7f|rpc:10.1.0.41:39335|dataStream:10.1.0.41:46287|priority:1|startupRole:FOLLOWER, 2de148b0-f597-457b-b70e-3e9a456efa0b|rpc:10.1.0.41:36141|dataStream:10.1.0.41:33355|priority:0|startupRole:FOLLOWER]|listeners:[], old=null
2023-03-16 20:04:02,252 [pool-97-thread-1] INFO  server.RaftServer$Division (RaftServerImpl.java:setRole(321)) - c5189d4b-3145-494e-80fe-2ee109b29a1b@group-3913DCC4D4C8: changes role from      null to FOLLOWER at term 0 for startAsFollower
2023-03-16 20:04:02,252 [pool-97-thread-1] INFO  impl.RoleInfo (RoleInfo.java:updateAndGet(139)) - c5189d4b-3145-494e-80fe-2ee109b29a1b: start c5189d4b-3145-494e-80fe-2ee109b29a1b@group-3913DCC4D4C8-FollowerState
2023-03-16 20:04:02,253 [pool-97-thread-1] INFO  util.JmxRegister (JmxRegister.java:tryRegister(44)) - Successfully registered JMX Bean with object name Ratis:service=RaftServer,group=group-3913DCC4D4C8,id=c5189d4b-3145-494e-80fe-2ee109b29a1b
2023-03-16 20:04:02,254 [pool-97-thread-1] INFO  server.RaftServerConfigKeys (ConfUtils.java:logGet(46)) - raft.server.snapshot.auto.trigger.enabled = true (custom)
2023-03-16 20:04:02,254 [pool-97-thread-1] INFO  server.RaftServerConfigKeys (ConfUtils.java:logGet(46)) - raft.server.snapshot.auto.trigger.threshold = 10000 (custom)
2023-03-16 20:04:02,254 [pool-97-thread-1] INFO  server.RaftServerConfigKeys (ConfUtils.java:logGet(46)) - raft.server.snapshot.retention.file.num = 5 (custom)
2023-03-16 20:04:02,255 [pool-97-thread-1] INFO  server.RaftServerConfigKeys (ConfUtils.java:logGet(46)) - raft.server.log.purge.upto.snapshot.index = false (default)
2023-03-16 20:04:02,261 [pool-97-thread-1] INFO  server.RaftServer$Division (RaftServerImpl.java:<init>(195)) - c5189d4b-3145-494e-80fe-2ee109b29a1b: new RaftServerImpl for group-38A20A45281F:[c5189d4b-3145-494e-80fe-2ee109b29a1b|rpc:10.1.0.41:37943|dataStream:10.1.0.41:43421|priority:1|startupRole:FOLLOWER] with ContainerStateMachine:uninitialized
2023-03-16 20:04:02,262 [pool-97-thread-1] INFO  server.RaftServerConfigKeys (ConfUtils.java:logGet(46)) - raft.server.rpc.timeout.min = 5s (custom)
2023-03-16 20:04:02,262 [pool-97-thread-1] INFO  server.RaftServerConfigKeys (ConfUtils.java:logGet(46)) - raft.server.rpc.timeout.max = 5200ms (custom)
2023-03-16 20:04:02,262 [pool-97-thread-1] INFO  server.RaftServerConfigKeys (ConfUtils.java:logGet(46)) - raft.server.rpc.sleep.time = 25ms (default)
2023-03-16 20:04:02,262 [pool-97-thread-1] INFO  server.RaftServerConfigKeys (ConfUtils.java:logGet(46)) - raft.server.rpc.slowness.timeout = 300s (custom)
2023-03-16 20:04:02,262 [pool-97-thread-1] INFO  server.RaftServerConfigKeys (ConfUtils.java:logGet(46)) - raft.server.leaderelection.leader.step-down.wait-time = 10s (default)
2023-03-16 20:04:02,262 [pool-97-thread-1] INFO  server.RaftServerConfigKeys (ConfUtils.java:logGet(46)) - raft.server.sleep.deviation.threshold = 300ms (default)
2023-03-16 20:04:02,262 [pool-97-thread-1] INFO  server.RaftServer$Division (ServerState.java:<init>(118)) - c5189d4b-3145-494e-80fe-2ee109b29a1b@group-38A20A45281F: ConfigurationManager, init=-1: peers:[c5189d4b-3145-494e-80fe-2ee109b29a1b|rpc:10.1.0.41:37943|dataStream:10.1.0.41:43421|priority:1|startupRole:FOLLOWER]|listeners:[], old=null, confs=<EMPTY_MAP>
2023-03-16 20:04:02,262 [pool-97-thread-1] INFO  server.RaftServerConfigKeys (ConfUtils.java:logGet(46)) - raft.server.storage.dir = [/home/runner/work/ozone/ozone/hadoop-ozone/integration-test/target/test-dir/MiniOzoneClusterImpl-77d2372e-e00f-46e1-a11d-7f7bb0f90484/datanode-1/data/ratis] (custom)
2023-03-16 20:04:02,263 [pool-97-thread-1] INFO  server.RaftServerConfigKeys (ConfUtils.java:logGet(46)) - raft.server.log.corruption.policy = EXCEPTION (default)
2023-03-16 20:04:02,263 [pool-97-thread-1] INFO  server.RaftServerConfigKeys (ConfUtils.java:logGet(46)) - raft.server.storage.free-space.min = 0MB (=0) (default)
2023-03-16 20:04:02,263 [pool-97-thread-1] INFO  server.RaftServerConfigKeys (ConfUtils.java:logGet(46)) - raft.server.notification.no-leader.timeout = 300s (custom)
2023-03-16 20:04:02,263 [pool-97-thread-1] INFO  server.RaftServerConfigKeys (ConfUtils.java:logGet(46)) - raft.server.retrycache.expirytime = 600000ms (custom)
2023-03-16 20:04:02,263 [pool-97-thread-1] INFO  server.RaftServerConfigKeys (ConfUtils.java:logGet(46)) - raft.server.retrycache.statistics.expirytime = 100μs (default)
2023-03-16 20:04:02,265 [pool-97-thread-1] INFO  server.RaftServerConfigKeys (ConfUtils.java:logGet(46)) - raft.server.log.appender.install.snapshot.enabled = false (custom)
2023-03-16 20:04:02,265 [pool-97-thread-1] INFO  server.RaftServerConfigKeys (ConfUtils.java:logGet(46)) - raft.server.threadpool.server.cached = true (default)
2023-03-16 20:04:02,265 [c5189d4b-3145-494e-80fe-2ee109b29a1b@group-3913DCC4D4C8-FollowerState] INFO  server.RaftServerConfigKeys (ConfUtils.java:logFallback(53)) - raft.server.rpc.first-election.timeout.min = 5s (fallback to raft.server.rpc.timeout.min)
2023-03-16 20:04:02,283 [c5189d4b-3145-494e-80fe-2ee109b29a1b@group-3913DCC4D4C8-FollowerState] INFO  server.RaftServerConfigKeys (ConfUtils.java:logFallback(53)) - raft.server.rpc.first-election.timeout.max = 5200ms (fallback to raft.server.rpc.timeout.max)
2023-03-16 20:04:02,274 [pool-97-thread-1] INFO  server.RaftServerConfigKeys (ConfUtils.java:logGet(46)) - raft.server.threadpool.server.size = 0 (default)
2023-03-16 20:04:02,283 [pool-97-thread-1] INFO  server.RaftServerConfigKeys (ConfUtils.java:logGet(46)) - raft.server.threadpool.client.cached = true (default)
2023-03-16 20:04:02,283 [pool-97-thread-1] INFO  server.RaftServerConfigKeys (ConfUtils.java:logGet(46)) - raft.server.threadpool.client.size = 0 (default)
2023-03-16 20:04:02,284 [pool-97-thread-1] INFO  storage.RaftStorageDirectory (RaftStorageDirectoryImpl.java:analyzeStorage(137)) - The storage directory /home/runner/work/ozone/ozone/hadoop-ozone/integration-test/target/test-dir/MiniOzoneClusterImpl-77d2372e-e00f-46e1-a11d-7f7bb0f90484/datanode-1/data/ratis/739662ba-ede2-4715-a57d-38a20a45281f does not exist. Creating ...
2023-03-16 20:04:02,285 [pool-97-thread-1] INFO  storage.RaftStorageDirectory (RaftStorageDirectoryImpl.java:tryLock(231)) - Lock on /home/runner/work/ozone/ozone/hadoop-ozone/integration-test/target/test-dir/MiniOzoneClusterImpl-77d2372e-e00f-46e1-a11d-7f7bb0f90484/datanode-1/data/ratis/739662ba-ede2-4715-a57d-38a20a45281f/in_use.lock acquired by nodename 79287@fv-az371-917
2023-03-16 20:04:02,289 [pool-97-thread-1] INFO  storage.RaftStorage (RaftStorageImpl.java:format(96)) - Storage directory /home/runner/work/ozone/ozone/hadoop-ozone/integration-test/target/test-dir/MiniOzoneClusterImpl-77d2372e-e00f-46e1-a11d-7f7bb0f90484/datanode-1/data/ratis/739662ba-ede2-4715-a57d-38a20a45281f has been successfully formatted.
2023-03-16 20:04:02,289 [pool-97-thread-1] INFO  ratis.ContainerStateMachine (ContainerStateMachine.java:loadSnapshot(262)) - group-38A20A45281F: The snapshot info is null. Setting the last applied indexto:(t:0, i:~)
2023-03-16 20:04:02,289 [pool-97-thread-1] INFO  server.RaftServerConfigKeys (ConfUtils.java:logGet(46)) - raft.server.log.use.memory = false (default)
2023-03-16 20:04:02,290 [pool-97-thread-1] INFO  server.RaftServerConfigKeys (ConfUtils.java:logGet(46)) - raft.server.log.purge.gap = 1000000 (custom)
2023-03-16 20:04:02,290 [pool-97-thread-1] INFO  server.RaftServerConfigKeys (ConfUtils.java:logGet(46)) - raft.server.log.appender.buffer.byte-limit = 33554432 (custom)
2023-03-16 20:04:02,290 [pool-97-thread-1] INFO  server.RaftServerConfigKeys (ConfUtils.java:logGet(46)) - raft.server.log.statemachine.data.read.timeout = 1000ms (default)
2023-03-16 20:04:02,290 [pool-97-thread-1] INFO  server.RaftServerConfigKeys (ConfUtils.java:logGet(46)) - raft.server.log.purge.preservation.log.num = 0 (default)
2023-03-16 20:04:02,290 [pool-97-thread-1] INFO  server.RaftServerConfigKeys (ConfUtils.java:logGet(46)) - raft.server.log.segment.size.max = 1048576 (custom)
2023-03-16 20:04:02,296 [pool-97-thread-1] INFO  server.RaftServerConfigKeys (ConfUtils.java:logGet(46)) - raft.server.log.segment.cache.num.max = 2 (custom)
2023-03-16 20:04:02,297 [pool-97-thread-1] INFO  server.RaftServerConfigKeys (ConfUtils.java:logGet(46)) - raft.server.log.segment.cache.size.max = 200MB (=209715200) (default)
2023-03-16 20:04:02,297 [pool-97-thread-1] INFO  segmented.SegmentedRaftLogWorker (SegmentedRaftLogWorker.java:<init>(189)) - new c5189d4b-3145-494e-80fe-2ee109b29a1b@group-38A20A45281F-SegmentedRaftLogWorker for RaftStorageImpl:Storage Directory /home/runner/work/ozone/ozone/hadoop-ozone/integration-test/target/test-dir/MiniOzoneClusterImpl-77d2372e-e00f-46e1-a11d-7f7bb0f90484/datanode-1/data/ratis/739662ba-ede2-4715-a57d-38a20a45281f
2023-03-16 20:04:02,297 [pool-97-thread-1] INFO  server.RaftServerConfigKeys (ConfUtils.java:logGet(46)) - raft.server.log.queue.byte-limit = 4294967296 (custom)
2023-03-16 20:04:02,297 [pool-97-thread-1] INFO  server.RaftServerConfigKeys (ConfUtils.java:logGet(46)) - raft.server.log.queue.element-limit = 1024 (custom)
2023-03-16 20:04:02,297 [pool-97-thread-1] INFO  server.RaftServerConfigKeys (ConfUtils.java:logGet(46)) - raft.server.log.segment.size.max = 1048576 (custom)
2023-03-16 20:04:02,297 [pool-97-thread-1] INFO  server.RaftServerConfigKeys (ConfUtils.java:logGet(46)) - raft.server.log.preallocated.size = 16384 (custom)
2023-03-16 20:04:02,297 [pool-97-thread-1] INFO  server.RaftServerConfigKeys (ConfUtils.java:logGet(46)) - raft.server.log.force.sync.num = 128 (default)
2023-03-16 20:04:02,297 [pool-97-thread-1] INFO  server.RaftServerConfigKeys (ConfUtils.java:logGet(46)) - raft.server.log.statemachine.data.sync = true (default)
2023-03-16 20:04:02,297 [pool-97-thread-1] INFO  server.RaftServerConfigKeys (ConfUtils.java:logGet(46)) - raft.server.log.statemachine.data.sync.timeout = 10s (default)
2023-03-16 20:04:02,298 [pool-97-thread-1] INFO  server.RaftServerConfigKeys (ConfUtils.java:logGet(46)) - raft.server.log.statemachine.data.sync.timeout.retry = -1 (default)
2023-03-16 20:04:02,299 [pool-97-thread-1] INFO  server.RaftServerConfigKeys (ConfUtils.java:logGet(46)) - raft.server.log.write.buffer.size = 1048576 (custom)
2023-03-16 20:04:02,299 [pool-97-thread-1] INFO  server.RaftServerConfigKeys (ConfUtils.java:logGet(46)) - raft.server.log.appender.buffer.byte-limit = 33554432 (custom)
2023-03-16 20:04:02,301 [EventQueue-OpenPipelineForHealthyPipelineSafeModeRule] INFO  safemode.SCMSafeModeManager (HealthyPipelineSafeModeRule.java:process(137)) - SCM in safe mode. Healthy pipelines reported count is 0, required healthy pipeline reported count is 1
2023-03-16 20:04:02,312 [pool-97-thread-1] INFO  server.RaftServerConfigKeys (ConfUtils.java:logGet(46)) - raft.server.log.unsafe-flush.enabled = false (default)
2023-03-16 20:04:02,313 [pool-97-thread-1] INFO  server.RaftServerConfigKeys (ConfUtils.java:logGet(46)) - raft.server.log.async-flush.enabled = false (default)
2023-03-16 20:04:02,313 [pool-97-thread-1] INFO  server.RaftServerConfigKeys (ConfUtils.java:logGet(46)) - raft.server.log.statemachine.data.caching.enabled = true (custom)
2023-03-16 20:04:02,313 [pool-97-thread-1] INFO  segmented.SegmentedRaftLogWorker (SegmentedRaftLogWorker.java:lambda$new$0(135)) - c5189d4b-3145-494e-80fe-2ee109b29a1b@group-38A20A45281F-SegmentedRaftLogWorker: flushIndex: setUnconditionally 0 -> -1
2023-03-16 20:04:02,313 [pool-97-thread-1] INFO  segmented.SegmentedRaftLogWorker (SegmentedRaftLogWorker.java:lambda$new$0(135)) - c5189d4b-3145-494e-80fe-2ee109b29a1b@group-38A20A45281F-SegmentedRaftLogWorker: safeCacheEvictIndex: setUnconditionally 0 -> -1
2023-03-16 20:04:02,324 [pool-97-thread-1] INFO  server.RaftServer$Division (RaftServerImpl.java:start(334)) - c5189d4b-3145-494e-80fe-2ee109b29a1b@group-38A20A45281F: start as a follower, conf=-1: peers:[c5189d4b-3145-494e-80fe-2ee109b29a1b|rpc:10.1.0.41:37943|dataStream:10.1.0.41:43421|priority:1|startupRole:FOLLOWER]|listeners:[], old=null
2023-03-16 20:04:02,324 [pool-97-thread-1] INFO  server.RaftServer$Division (RaftServerImpl.java:setRole(321)) - c5189d4b-3145-494e-80fe-2ee109b29a1b@group-38A20A45281F: changes role from      null to FOLLOWER at term 0 for startAsFollower
2023-03-16 20:04:02,324 [pool-97-thread-1] INFO  impl.RoleInfo (RoleInfo.java:updateAndGet(139)) - c5189d4b-3145-494e-80fe-2ee109b29a1b: start c5189d4b-3145-494e-80fe-2ee109b29a1b@group-38A20A45281F-FollowerState
2023-03-16 20:04:02,325 [pool-97-thread-1] INFO  util.JmxRegister (JmxRegister.java:tryRegister(44)) - Successfully registered JMX Bean with object name Ratis:service=RaftServer,group=group-38A20A45281F,id=c5189d4b-3145-494e-80fe-2ee109b29a1b
2023-03-16 20:04:02,325 [pool-97-thread-1] INFO  server.RaftServerConfigKeys (ConfUtils.java:logGet(46)) - raft.server.snapshot.auto.trigger.enabled = true (custom)
2023-03-16 20:04:02,325 [pool-97-thread-1] INFO  server.RaftServerConfigKeys (ConfUtils.java:logGet(46)) - raft.server.snapshot.auto.trigger.threshold = 10000 (custom)
2023-03-16 20:04:02,325 [pool-97-thread-1] INFO  server.RaftServerConfigKeys (ConfUtils.java:logGet(46)) - raft.server.snapshot.retention.file.num = 5 (custom)
2023-03-16 20:04:02,325 [pool-97-thread-1] INFO  server.RaftServerConfigKeys (ConfUtils.java:logGet(46)) - raft.server.log.purge.upto.snapshot.index = false (default)
2023-03-16 20:04:02,326 [c5189d4b-3145-494e-80fe-2ee109b29a1b@group-38A20A45281F-FollowerState] INFO  server.RaftServerConfigKeys (ConfUtils.java:logFallback(53)) - raft.server.rpc.first-election.timeout.min = 5s (fallback to raft.server.rpc.timeout.min)
2023-03-16 20:04:02,326 [c5189d4b-3145-494e-80fe-2ee109b29a1b@group-38A20A45281F-FollowerState] INFO  server.RaftServerConfigKeys (ConfUtils.java:logFallback(53)) - raft.server.rpc.first-election.timeout.max = 5200ms (fallback to raft.server.rpc.timeout.max)
2023-03-16 20:04:02,327 [Command processor thread] INFO  ratis.XceiverServerRatis (XceiverServerRatis.java:addGroup(807)) - Created group PipelineID=739662ba-ede2-4715-a57d-38a20a45281f
2023-03-16 20:04:02,327 [Command processor thread] INFO  commandhandler.CreatePipelineCommandHandler (CreatePipelineCommandHandler.java:handle(113)) - Created Pipeline RATIS ONE PipelineID=739662ba-ede2-4715-a57d-38a20a45281f.
2023-03-16 20:04:02,332 [Command processor thread] INFO  server.RaftServer (RaftServerProxy.java:addNew(96)) - c5189d4b-3145-494e-80fe-2ee109b29a1b: addNew group-ED66BB65EE5C:[c5189d4b-3145-494e-80fe-2ee109b29a1b|rpc:10.1.0.41:37943|dataStream:10.1.0.41:43421|priority:0|startupRole:FOLLOWER, c8f26da1-2406-40b8-bbe6-f78547910a7f|rpc:10.1.0.41:39335|dataStream:10.1.0.41:46287|priority:0|startupRole:FOLLOWER, 2de148b0-f597-457b-b70e-3e9a456efa0b|rpc:10.1.0.41:36141|dataStream:10.1.0.41:33355|priority:1|startupRole:FOLLOWER] returns group-ED66BB65EE5C:java.util.concurrent.CompletableFuture@22f80bbd[Not completed]
2023-03-16 20:04:02,334 [pool-97-thread-1] INFO  server.RaftServer$Division (RaftServerImpl.java:<init>(195)) - c5189d4b-3145-494e-80fe-2ee109b29a1b: new RaftServerImpl for group-ED66BB65EE5C:[c5189d4b-3145-494e-80fe-2ee109b29a1b|rpc:10.1.0.41:37943|dataStream:10.1.0.41:43421|priority:0|startupRole:FOLLOWER, c8f26da1-2406-40b8-bbe6-f78547910a7f|rpc:10.1.0.41:39335|dataStream:10.1.0.41:46287|priority:0|startupRole:FOLLOWER, 2de148b0-f597-457b-b70e-3e9a456efa0b|rpc:10.1.0.41:36141|dataStream:10.1.0.41:33355|priority:1|startupRole:FOLLOWER] with ContainerStateMachine:uninitialized
2023-03-16 20:04:02,334 [pool-97-thread-1] INFO  server.RaftServerConfigKeys (ConfUtils.java:logGet(46)) - raft.server.rpc.timeout.min = 5s (custom)
2023-03-16 20:04:02,334 [pool-97-thread-1] INFO  server.RaftServerConfigKeys (ConfUtils.java:logGet(46)) - raft.server.rpc.timeout.max = 5200ms (custom)
2023-03-16 20:04:02,334 [pool-97-thread-1] INFO  server.RaftServerConfigKeys (ConfUtils.java:logGet(46)) - raft.server.rpc.sleep.time = 25ms (default)
2023-03-16 20:04:02,334 [pool-97-thread-1] INFO  server.RaftServerConfigKeys (ConfUtils.java:logGet(46)) - raft.server.rpc.slowness.timeout = 300s (custom)
2023-03-16 20:04:02,335 [pool-97-thread-1] INFO  server.RaftServerConfigKeys (ConfUtils.java:logGet(46)) - raft.server.leaderelection.leader.step-down.wait-time = 10s (default)
2023-03-16 20:04:02,335 [pool-97-thread-1] INFO  server.RaftServerConfigKeys (ConfUtils.java:logGet(46)) - raft.server.sleep.deviation.threshold = 300ms (default)
2023-03-16 20:04:02,335 [pool-97-thread-1] INFO  server.RaftServer$Division (ServerState.java:<init>(118)) - c5189d4b-3145-494e-80fe-2ee109b29a1b@group-ED66BB65EE5C: ConfigurationManager, init=-1: peers:[c5189d4b-3145-494e-80fe-2ee109b29a1b|rpc:10.1.0.41:37943|dataStream:10.1.0.41:43421|priority:0|startupRole:FOLLOWER, c8f26da1-2406-40b8-bbe6-f78547910a7f|rpc:10.1.0.41:39335|dataStream:10.1.0.41:46287|priority:0|startupRole:FOLLOWER, 2de148b0-f597-457b-b70e-3e9a456efa0b|rpc:10.1.0.41:36141|dataStream:10.1.0.41:33355|priority:1|startupRole:FOLLOWER]|listeners:[], old=null, confs=<EMPTY_MAP>
2023-03-16 20:04:02,335 [pool-97-thread-1] INFO  server.RaftServerConfigKeys (ConfUtils.java:logGet(46)) - raft.server.storage.dir = [/home/runner/work/ozone/ozone/hadoop-ozone/integration-test/target/test-dir/MiniOzoneClusterImpl-77d2372e-e00f-46e1-a11d-7f7bb0f90484/datanode-1/data/ratis] (custom)
2023-03-16 20:04:02,335 [pool-97-thread-1] INFO  server.RaftServerConfigKeys (ConfUtils.java:logGet(46)) - raft.server.log.corruption.policy = EXCEPTION (default)
2023-03-16 20:04:02,335 [pool-97-thread-1] INFO  server.RaftServerConfigKeys (ConfUtils.java:logGet(46)) - raft.server.storage.free-space.min = 0MB (=0) (default)
2023-03-16 20:04:02,335 [pool-97-thread-1] INFO  server.RaftServerConfigKeys (ConfUtils.java:logGet(46)) - raft.server.notification.no-leader.timeout = 300s (custom)
2023-03-16 20:04:02,335 [pool-97-thread-1] INFO  server.RaftServerConfigKeys (ConfUtils.java:logGet(46)) - raft.server.retrycache.expirytime = 600000ms (custom)
2023-03-16 20:04:02,336 [pool-97-thread-1] INFO  server.RaftServerConfigKeys (ConfUtils.java:logGet(46)) - raft.server.retrycache.statistics.expirytime = 100μs (default)
2023-03-16 20:04:02,346 [pool-97-thread-1] INFO  server.RaftServerConfigKeys (ConfUtils.java:logGet(46)) - raft.server.log.appender.install.snapshot.enabled = false (custom)
2023-03-16 20:04:02,346 [pool-97-thread-1] INFO  server.RaftServerConfigKeys (ConfUtils.java:logGet(46)) - raft.server.threadpool.server.cached = true (default)
2023-03-16 20:04:02,346 [pool-97-thread-1] INFO  server.RaftServerConfigKeys (ConfUtils.java:logGet(46)) - raft.server.threadpool.server.size = 0 (default)
2023-03-16 20:04:02,346 [pool-97-thread-1] INFO  server.RaftServerConfigKeys (ConfUtils.java:logGet(46)) - raft.server.threadpool.client.cached = true (default)
2023-03-16 20:04:02,347 [pool-97-thread-1] INFO  server.RaftServerConfigKeys (ConfUtils.java:logGet(46)) - raft.server.threadpool.client.size = 0 (default)
2023-03-16 20:04:02,347 [pool-97-thread-1] INFO  storage.RaftStorageDirectory (RaftStorageDirectoryImpl.java:analyzeStorage(137)) - The storage directory /home/runner/work/ozone/ozone/hadoop-ozone/integration-test/target/test-dir/MiniOzoneClusterImpl-77d2372e-e00f-46e1-a11d-7f7bb0f90484/datanode-1/data/ratis/8f72906f-0154-4cb9-ac9c-ed66bb65ee5c does not exist. Creating ...
2023-03-16 20:04:02,354 [pool-97-thread-1] INFO  storage.RaftStorageDirectory (RaftStorageDirectoryImpl.java:tryLock(231)) - Lock on /home/runner/work/ozone/ozone/hadoop-ozone/integration-test/target/test-dir/MiniOzoneClusterImpl-77d2372e-e00f-46e1-a11d-7f7bb0f90484/datanode-1/data/ratis/8f72906f-0154-4cb9-ac9c-ed66bb65ee5c/in_use.lock acquired by nodename 79287@fv-az371-917
2023-03-16 20:04:02,356 [pool-97-thread-1] INFO  storage.RaftStorage (RaftStorageImpl.java:format(96)) - Storage directory /home/runner/work/ozone/ozone/hadoop-ozone/integration-test/target/test-dir/MiniOzoneClusterImpl-77d2372e-e00f-46e1-a11d-7f7bb0f90484/datanode-1/data/ratis/8f72906f-0154-4cb9-ac9c-ed66bb65ee5c has been successfully formatted.
2023-03-16 20:04:02,356 [pool-97-thread-1] INFO  ratis.ContainerStateMachine (ContainerStateMachine.java:loadSnapshot(262)) - group-ED66BB65EE5C: The snapshot info is null. Setting the last applied indexto:(t:0, i:~)
2023-03-16 20:04:02,356 [pool-97-thread-1] INFO  server.RaftServerConfigKeys (ConfUtils.java:logGet(46)) - raft.server.log.use.memory = false (default)
2023-03-16 20:04:02,357 [pool-97-thread-1] INFO  server.RaftServerConfigKeys (ConfUtils.java:logGet(46)) - raft.server.log.purge.gap = 1000000 (custom)
2023-03-16 20:04:02,357 [pool-97-thread-1] INFO  server.RaftServerConfigKeys (ConfUtils.java:logGet(46)) - raft.server.log.appender.buffer.byte-limit = 33554432 (custom)
2023-03-16 20:04:02,357 [pool-97-thread-1] INFO  server.RaftServerConfigKeys (ConfUtils.java:logGet(46)) - raft.server.log.statemachine.data.read.timeout = 1000ms (default)
2023-03-16 20:04:02,358 [pool-97-thread-1] INFO  server.RaftServerConfigKeys (ConfUtils.java:logGet(46)) - raft.server.log.purge.preservation.log.num = 0 (default)
2023-03-16 20:04:02,358 [pool-97-thread-1] INFO  server.RaftServerConfigKeys (ConfUtils.java:logGet(46)) - raft.server.log.segment.size.max = 1048576 (custom)
2023-03-16 20:04:02,361 [EventQueue-OpenPipelineForHealthyPipelineSafeModeRule] INFO  safemode.SCMSafeModeManager (HealthyPipelineSafeModeRule.java:process(137)) - SCM in safe mode. Healthy pipelines reported count is 0, required healthy pipeline reported count is 1
2023-03-16 20:04:02,366 [pool-97-thread-1] INFO  server.RaftServerConfigKeys (ConfUtils.java:logGet(46)) - raft.server.log.segment.cache.num.max = 2 (custom)
2023-03-16 20:04:02,366 [pool-97-thread-1] INFO  server.RaftServerConfigKeys (ConfUtils.java:logGet(46)) - raft.server.log.segment.cache.size.max = 200MB (=209715200) (default)
2023-03-16 20:04:02,366 [pool-97-thread-1] INFO  segmented.SegmentedRaftLogWorker (SegmentedRaftLogWorker.java:<init>(189)) - new c5189d4b-3145-494e-80fe-2ee109b29a1b@group-ED66BB65EE5C-SegmentedRaftLogWorker for RaftStorageImpl:Storage Directory /home/runner/work/ozone/ozone/hadoop-ozone/integration-test/target/test-dir/MiniOzoneClusterImpl-77d2372e-e00f-46e1-a11d-7f7bb0f90484/datanode-1/data/ratis/8f72906f-0154-4cb9-ac9c-ed66bb65ee5c
2023-03-16 20:04:02,367 [pool-97-thread-1] INFO  server.RaftServerConfigKeys (ConfUtils.java:logGet(46)) - raft.server.log.queue.byte-limit = 4294967296 (custom)
2023-03-16 20:04:02,367 [pool-97-thread-1] INFO  server.RaftServerConfigKeys (ConfUtils.java:logGet(46)) - raft.server.log.queue.element-limit = 1024 (custom)
2023-03-16 20:04:02,367 [pool-97-thread-1] INFO  server.RaftServerConfigKeys (ConfUtils.java:logGet(46)) - raft.server.log.segment.size.max = 1048576 (custom)
2023-03-16 20:04:02,374 [pool-97-thread-1] INFO  server.RaftServerConfigKeys (ConfUtils.java:logGet(46)) - raft.server.log.preallocated.size = 16384 (custom)
2023-03-16 20:04:02,375 [pool-97-thread-1] INFO  server.RaftServerConfigKeys (ConfUtils.java:logGet(46)) - raft.server.log.force.sync.num = 128 (default)
2023-03-16 20:04:02,375 [pool-97-thread-1] INFO  server.RaftServerConfigKeys (ConfUtils.java:logGet(46)) - raft.server.log.statemachine.data.sync = true (default)
2023-03-16 20:04:02,375 [pool-97-thread-1] INFO  server.RaftServerConfigKeys (ConfUtils.java:logGet(46)) - raft.server.log.statemachine.data.sync.timeout = 10s (default)
2023-03-16 20:04:02,375 [pool-97-thread-1] INFO  server.RaftServerConfigKeys (ConfUtils.java:logGet(46)) - raft.server.log.statemachine.data.sync.timeout.retry = -1 (default)
2023-03-16 20:04:02,377 [pool-97-thread-1] INFO  server.RaftServerConfigKeys (ConfUtils.java:logGet(46)) - raft.server.log.write.buffer.size = 1048576 (custom)
2023-03-16 20:04:02,379 [pool-97-thread-1] INFO  server.RaftServerConfigKeys (ConfUtils.java:logGet(46)) - raft.server.log.appender.buffer.byte-limit = 33554432 (custom)
2023-03-16 20:04:02,394 [pool-97-thread-1] INFO  server.RaftServerConfigKeys (ConfUtils.java:logGet(46)) - raft.server.log.unsafe-flush.enabled = false (default)
2023-03-16 20:04:02,394 [pool-97-thread-1] INFO  server.RaftServerConfigKeys (ConfUtils.java:logGet(46)) - raft.server.log.async-flush.enabled = false (default)
2023-03-16 20:04:02,394 [pool-97-thread-1] INFO  server.RaftServerConfigKeys (ConfUtils.java:logGet(46)) - raft.server.log.statemachine.data.caching.enabled = true (custom)
2023-03-16 20:04:02,394 [pool-97-thread-1] INFO  segmented.SegmentedRaftLogWorker (SegmentedRaftLogWorker.java:lambda$new$0(135)) - c5189d4b-3145-494e-80fe-2ee109b29a1b@group-ED66BB65EE5C-SegmentedRaftLogWorker: flushIndex: setUnconditionally 0 -> -1
2023-03-16 20:04:02,394 [pool-97-thread-1] INFO  segmented.SegmentedRaftLogWorker (SegmentedRaftLogWorker.java:lambda$new$0(135)) - c5189d4b-3145-494e-80fe-2ee109b29a1b@group-ED66BB65EE5C-SegmentedRaftLogWorker: safeCacheEvictIndex: setUnconditionally 0 -> -1
2023-03-16 20:04:02,397 [pool-97-thread-1] INFO  server.RaftServer$Division (RaftServerImpl.java:start(334)) - c5189d4b-3145-494e-80fe-2ee109b29a1b@group-ED66BB65EE5C: start as a follower, conf=-1: peers:[c5189d4b-3145-494e-80fe-2ee109b29a1b|rpc:10.1.0.41:37943|dataStream:10.1.0.41:43421|priority:0|startupRole:FOLLOWER, c8f26da1-2406-40b8-bbe6-f78547910a7f|rpc:10.1.0.41:39335|dataStream:10.1.0.41:46287|priority:0|startupRole:FOLLOWER, 2de148b0-f597-457b-b70e-3e9a456efa0b|rpc:10.1.0.41:36141|dataStream:10.1.0.41:33355|priority:1|startupRole:FOLLOWER]|listeners:[], old=null
2023-03-16 20:04:02,398 [pool-97-thread-1] INFO  server.RaftServer$Division (RaftServerImpl.java:setRole(321)) - c5189d4b-3145-494e-80fe-2ee109b29a1b@group-ED66BB65EE5C: changes role from      null to FOLLOWER at term 0 for startAsFollower
2023-03-16 20:04:02,398 [pool-97-thread-1] INFO  impl.RoleInfo (RoleInfo.java:updateAndGet(139)) - c5189d4b-3145-494e-80fe-2ee109b29a1b: start c5189d4b-3145-494e-80fe-2ee109b29a1b@group-ED66BB65EE5C-FollowerState
2023-03-16 20:04:02,398 [pool-97-thread-1] INFO  util.JmxRegister (JmxRegister.java:tryRegister(44)) - Successfully registered JMX Bean with object name Ratis:service=RaftServer,group=group-ED66BB65EE5C,id=c5189d4b-3145-494e-80fe-2ee109b29a1b
2023-03-16 20:04:02,398 [c5189d4b-3145-494e-80fe-2ee109b29a1b@group-ED66BB65EE5C-FollowerState] INFO  server.RaftServerConfigKeys (ConfUtils.java:logFallback(53)) - raft.server.rpc.first-election.timeout.min = 5s (fallback to raft.server.rpc.timeout.min)
2023-03-16 20:04:02,410 [c5189d4b-3145-494e-80fe-2ee109b29a1b@group-ED66BB65EE5C-FollowerState] INFO  server.RaftServerConfigKeys (ConfUtils.java:logFallback(53)) - raft.server.rpc.first-election.timeout.max = 5200ms (fallback to raft.server.rpc.timeout.max)
2023-03-16 20:04:02,398 [pool-97-thread-1] INFO  server.RaftServerConfigKeys (ConfUtils.java:logGet(46)) - raft.server.snapshot.auto.trigger.enabled = true (custom)
2023-03-16 20:04:02,414 [grpc-default-executor-0] INFO  server.RaftServer (RaftServerProxy.java:addNew(96)) - 2de148b0-f597-457b-b70e-3e9a456efa0b: addNew group-3913DCC4D4C8:[c5189d4b-3145-494e-80fe-2ee109b29a1b|rpc:10.1.0.41:37943|dataStream:10.1.0.41:43421|priority:0|startupRole:FOLLOWER, c8f26da1-2406-40b8-bbe6-f78547910a7f|rpc:10.1.0.41:39335|dataStream:10.1.0.41:46287|priority:1|startupRole:FOLLOWER, 2de148b0-f597-457b-b70e-3e9a456efa0b|rpc:10.1.0.41:36141|dataStream:10.1.0.41:33355|priority:0|startupRole:FOLLOWER] returns group-3913DCC4D4C8:java.util.concurrent.CompletableFuture@53ba8d68[Not completed]
2023-03-16 20:04:02,419 [pool-97-thread-1] INFO  server.RaftServerConfigKeys (ConfUtils.java:logGet(46)) - raft.server.snapshot.auto.trigger.threshold = 10000 (custom)
2023-03-16 20:04:02,419 [pool-97-thread-1] INFO  server.RaftServerConfigKeys (ConfUtils.java:logGet(46)) - raft.server.snapshot.retention.file.num = 5 (custom)
2023-03-16 20:04:02,419 [pool-97-thread-1] INFO  server.RaftServerConfigKeys (ConfUtils.java:logGet(46)) - raft.server.log.purge.upto.snapshot.index = false (default)
2023-03-16 20:04:02,419 [pool-119-thread-1] INFO  server.RaftServer$Division (RaftServerImpl.java:<init>(195)) - 2de148b0-f597-457b-b70e-3e9a456efa0b: new RaftServerImpl for group-3913DCC4D4C8:[c5189d4b-3145-494e-80fe-2ee109b29a1b|rpc:10.1.0.41:37943|dataStream:10.1.0.41:43421|priority:0|startupRole:FOLLOWER, c8f26da1-2406-40b8-bbe6-f78547910a7f|rpc:10.1.0.41:39335|dataStream:10.1.0.41:46287|priority:1|startupRole:FOLLOWER, 2de148b0-f597-457b-b70e-3e9a456efa0b|rpc:10.1.0.41:36141|dataStream:10.1.0.41:33355|priority:0|startupRole:FOLLOWER] with ContainerStateMachine:uninitialized
2023-03-16 20:04:02,422 [pool-119-thread-1] INFO  server.RaftServerConfigKeys (ConfUtils.java:logGet(46)) - raft.server.rpc.timeout.min = 5s (custom)
2023-03-16 20:04:02,422 [pool-119-thread-1] INFO  server.RaftServerConfigKeys (ConfUtils.java:logGet(46)) - raft.server.rpc.timeout.max = 5200ms (custom)
2023-03-16 20:04:02,422 [pool-119-thread-1] INFO  server.RaftServerConfigKeys (ConfUtils.java:logGet(46)) - raft.server.rpc.sleep.time = 25ms (default)
2023-03-16 20:04:02,422 [pool-119-thread-1] INFO  server.RaftServerConfigKeys (ConfUtils.java:logGet(46)) - raft.server.rpc.slowness.timeout = 300s (custom)
2023-03-16 20:04:02,422 [pool-119-thread-1] INFO  server.RaftServerConfigKeys (ConfUtils.java:logGet(46)) - raft.server.leaderelection.leader.step-down.wait-time = 10s (default)
2023-03-16 20:04:02,422 [pool-119-thread-1] INFO  server.RaftServerConfigKeys (ConfUtils.java:logGet(46)) - raft.server.sleep.deviation.threshold = 300ms (default)
2023-03-16 20:04:02,422 [pool-119-thread-1] INFO  server.RaftServer$Division (ServerState.java:<init>(118)) - 2de148b0-f597-457b-b70e-3e9a456efa0b@group-3913DCC4D4C8: ConfigurationManager, init=-1: peers:[c5189d4b-3145-494e-80fe-2ee109b29a1b|rpc:10.1.0.41:37943|dataStream:10.1.0.41:43421|priority:0|startupRole:FOLLOWER, c8f26da1-2406-40b8-bbe6-f78547910a7f|rpc:10.1.0.41:39335|dataStream:10.1.0.41:46287|priority:1|startupRole:FOLLOWER, 2de148b0-f597-457b-b70e-3e9a456efa0b|rpc:10.1.0.41:36141|dataStream:10.1.0.41:33355|priority:0|startupRole:FOLLOWER]|listeners:[], old=null, confs=<EMPTY_MAP>
2023-03-16 20:04:02,422 [pool-119-thread-1] INFO  server.RaftServerConfigKeys (ConfUtils.java:logGet(46)) - raft.server.storage.dir = [/home/runner/work/ozone/ozone/hadoop-ozone/integration-test/target/test-dir/MiniOzoneClusterImpl-77d2372e-e00f-46e1-a11d-7f7bb0f90484/datanode-2/data/ratis] (custom)
2023-03-16 20:04:02,423 [pool-119-thread-1] INFO  server.RaftServerConfigKeys (ConfUtils.java:logGet(46)) - raft.server.log.corruption.policy = EXCEPTION (default)
2023-03-16 20:04:02,423 [pool-119-thread-1] INFO  server.RaftServerConfigKeys (ConfUtils.java:logGet(46)) - raft.server.storage.free-space.min = 0MB (=0) (default)
2023-03-16 20:04:02,423 [pool-119-thread-1] INFO  server.RaftServerConfigKeys (ConfUtils.java:logGet(46)) - raft.server.notification.no-leader.timeout = 300s (custom)
2023-03-16 20:04:02,423 [pool-119-thread-1] INFO  server.RaftServerConfigKeys (ConfUtils.java:logGet(46)) - raft.server.retrycache.expirytime = 600000ms (custom)
2023-03-16 20:04:02,423 [pool-119-thread-1] INFO  server.RaftServerConfigKeys (ConfUtils.java:logGet(46)) - raft.server.retrycache.statistics.expirytime = 100μs (default)
2023-03-16 20:04:02,424 [pool-119-thread-1] INFO  server.RaftServerConfigKeys (ConfUtils.java:logGet(46)) - raft.server.log.appender.install.snapshot.enabled = false (custom)
2023-03-16 20:04:02,424 [pool-119-thread-1] INFO  server.RaftServerConfigKeys (ConfUtils.java:logGet(46)) - raft.server.threadpool.server.cached = true (default)
2023-03-16 20:04:02,425 [Command processor thread] INFO  ratis.XceiverServerRatis (XceiverServerRatis.java:addGroup(807)) - Created group PipelineID=8f72906f-0154-4cb9-ac9c-ed66bb65ee5c
2023-03-16 20:04:02,430 [pool-119-thread-1] INFO  server.RaftServerConfigKeys (ConfUtils.java:logGet(46)) - raft.server.threadpool.server.size = 0 (default)
2023-03-16 20:04:02,431 [pool-119-thread-1] INFO  server.RaftServerConfigKeys (ConfUtils.java:logGet(46)) - raft.server.threadpool.client.cached = true (default)
2023-03-16 20:04:02,431 [pool-119-thread-1] INFO  server.RaftServerConfigKeys (ConfUtils.java:logGet(46)) - raft.server.threadpool.client.size = 0 (default)
2023-03-16 20:04:02,431 [pool-119-thread-1] INFO  storage.RaftStorageDirectory (RaftStorageDirectoryImpl.java:analyzeStorage(137)) - The storage directory /home/runner/work/ozone/ozone/hadoop-ozone/integration-test/target/test-dir/MiniOzoneClusterImpl-77d2372e-e00f-46e1-a11d-7f7bb0f90484/datanode-2/data/ratis/ed8dd5cd-2345-4928-a3a3-3913dcc4d4c8 does not exist. Creating ...
2023-03-16 20:04:02,440 [pool-119-thread-1] INFO  storage.RaftStorageDirectory (RaftStorageDirectoryImpl.java:tryLock(231)) - Lock on /home/runner/work/ozone/ozone/hadoop-ozone/integration-test/target/test-dir/MiniOzoneClusterImpl-77d2372e-e00f-46e1-a11d-7f7bb0f90484/datanode-2/data/ratis/ed8dd5cd-2345-4928-a3a3-3913dcc4d4c8/in_use.lock acquired by nodename 79287@fv-az371-917
2023-03-16 20:04:02,462 [pool-119-thread-1] INFO  storage.RaftStorage (RaftStorageImpl.java:format(96)) - Storage directory /home/runner/work/ozone/ozone/hadoop-ozone/integration-test/target/test-dir/MiniOzoneClusterImpl-77d2372e-e00f-46e1-a11d-7f7bb0f90484/datanode-2/data/ratis/ed8dd5cd-2345-4928-a3a3-3913dcc4d4c8 has been successfully formatted.
2023-03-16 20:04:02,466 [pool-119-thread-1] INFO  ratis.ContainerStateMachine (ContainerStateMachine.java:loadSnapshot(262)) - group-3913DCC4D4C8: The snapshot info is null. Setting the last applied indexto:(t:0, i:~)
2023-03-16 20:04:02,466 [pool-119-thread-1] INFO  server.RaftServerConfigKeys (ConfUtils.java:logGet(46)) - raft.server.log.use.memory = false (default)
2023-03-16 20:04:02,466 [pool-119-thread-1] INFO  server.RaftServerConfigKeys (ConfUtils.java:logGet(46)) - raft.server.log.purge.gap = 1000000 (custom)
2023-03-16 20:04:02,466 [pool-119-thread-1] INFO  server.RaftServerConfigKeys (ConfUtils.java:logGet(46)) - raft.server.log.appender.buffer.byte-limit = 33554432 (custom)
2023-03-16 20:04:02,466 [pool-119-thread-1] INFO  server.RaftServerConfigKeys (ConfUtils.java:logGet(46)) - raft.server.log.statemachine.data.read.timeout = 1000ms (default)
2023-03-16 20:04:02,466 [pool-119-thread-1] INFO  server.RaftServerConfigKeys (ConfUtils.java:logGet(46)) - raft.server.log.purge.preservation.log.num = 0 (default)
2023-03-16 20:04:02,467 [pool-119-thread-1] INFO  server.RaftServerConfigKeys (ConfUtils.java:logGet(46)) - raft.server.log.segment.size.max = 1048576 (custom)
2023-03-16 20:04:02,468 [pool-119-thread-1] INFO  server.RaftServerConfigKeys (ConfUtils.java:logGet(46)) - raft.server.log.segment.cache.num.max = 2 (custom)
2023-03-16 20:04:02,468 [pool-119-thread-1] INFO  server.RaftServerConfigKeys (ConfUtils.java:logGet(46)) - raft.server.log.segment.cache.size.max = 200MB (=209715200) (default)
2023-03-16 20:04:02,468 [pool-119-thread-1] INFO  segmented.SegmentedRaftLogWorker (SegmentedRaftLogWorker.java:<init>(189)) - new 2de148b0-f597-457b-b70e-3e9a456efa0b@group-3913DCC4D4C8-SegmentedRaftLogWorker for RaftStorageImpl:Storage Directory /home/runner/work/ozone/ozone/hadoop-ozone/integration-test/target/test-dir/MiniOzoneClusterImpl-77d2372e-e00f-46e1-a11d-7f7bb0f90484/datanode-2/data/ratis/ed8dd5cd-2345-4928-a3a3-3913dcc4d4c8
2023-03-16 20:04:02,472 [pool-119-thread-1] INFO  server.RaftServerConfigKeys (ConfUtils.java:logGet(46)) - raft.server.log.queue.byte-limit = 4294967296 (custom)
2023-03-16 20:04:02,472 [pool-119-thread-1] INFO  server.RaftServerConfigKeys (ConfUtils.java:logGet(46)) - raft.server.log.queue.element-limit = 1024 (custom)
2023-03-16 20:04:02,472 [pool-119-thread-1] INFO  server.RaftServerConfigKeys (ConfUtils.java:logGet(46)) - raft.server.log.segment.size.max = 1048576 (custom)
2023-03-16 20:04:02,472 [pool-119-thread-1] INFO  server.RaftServerConfigKeys (ConfUtils.java:logGet(46)) - raft.server.log.preallocated.size = 16384 (custom)
2023-03-16 20:04:02,473 [pool-119-thread-1] INFO  server.RaftServerConfigKeys (ConfUtils.java:logGet(46)) - raft.server.log.force.sync.num = 128 (default)
2023-03-16 20:04:02,473 [pool-119-thread-1] INFO  server.RaftServerConfigKeys (ConfUtils.java:logGet(46)) - raft.server.log.statemachine.data.sync = true (default)
2023-03-16 20:04:02,473 [pool-119-thread-1] INFO  server.RaftServerConfigKeys (ConfUtils.java:logGet(46)) - raft.server.log.statemachine.data.sync.timeout = 10s (default)
2023-03-16 20:04:02,473 [pool-119-thread-1] INFO  server.RaftServerConfigKeys (ConfUtils.java:logGet(46)) - raft.server.log.statemachine.data.sync.timeout.retry = -1 (default)
2023-03-16 20:04:02,476 [grpc-default-executor-0] INFO  server.RaftServer (RaftServerProxy.java:addNew(96)) - c8f26da1-2406-40b8-bbe6-f78547910a7f: addNew group-ED66BB65EE5C:[c5189d4b-3145-494e-80fe-2ee109b29a1b|rpc:10.1.0.41:37943|dataStream:10.1.0.41:43421|priority:0|startupRole:FOLLOWER, c8f26da1-2406-40b8-bbe6-f78547910a7f|rpc:10.1.0.41:39335|dataStream:10.1.0.41:46287|priority:0|startupRole:FOLLOWER, 2de148b0-f597-457b-b70e-3e9a456efa0b|rpc:10.1.0.41:36141|dataStream:10.1.0.41:33355|priority:1|startupRole:FOLLOWER] returns group-ED66BB65EE5C:java.util.concurrent.CompletableFuture@62feaac5[Not completed]
2023-03-16 20:04:02,477 [pool-119-thread-1] INFO  server.RaftServerConfigKeys (ConfUtils.java:logGet(46)) - raft.server.log.write.buffer.size = 1048576 (custom)
2023-03-16 20:04:02,477 [pool-75-thread-1] INFO  server.RaftServer$Division (RaftServerImpl.java:<init>(195)) - c8f26da1-2406-40b8-bbe6-f78547910a7f: new RaftServerImpl for group-ED66BB65EE5C:[c5189d4b-3145-494e-80fe-2ee109b29a1b|rpc:10.1.0.41:37943|dataStream:10.1.0.41:43421|priority:0|startupRole:FOLLOWER, c8f26da1-2406-40b8-bbe6-f78547910a7f|rpc:10.1.0.41:39335|dataStream:10.1.0.41:46287|priority:0|startupRole:FOLLOWER, 2de148b0-f597-457b-b70e-3e9a456efa0b|rpc:10.1.0.41:36141|dataStream:10.1.0.41:33355|priority:1|startupRole:FOLLOWER] with ContainerStateMachine:uninitialized
2023-03-16 20:04:02,480 [pool-75-thread-1] INFO  server.RaftServerConfigKeys (ConfUtils.java:logGet(46)) - raft.server.rpc.timeout.min = 5s (custom)
2023-03-16 20:04:02,480 [pool-75-thread-1] INFO  server.RaftServerConfigKeys (ConfUtils.java:logGet(46)) - raft.server.rpc.timeout.max = 5200ms (custom)
2023-03-16 20:04:02,481 [pool-75-thread-1] INFO  server.RaftServerConfigKeys (ConfUtils.java:logGet(46)) - raft.server.rpc.sleep.time = 25ms (default)
2023-03-16 20:04:02,481 [pool-75-thread-1] INFO  server.RaftServerConfigKeys (ConfUtils.java:logGet(46)) - raft.server.rpc.slowness.timeout = 300s (custom)
2023-03-16 20:04:02,481 [pool-75-thread-1] INFO  server.RaftServerConfigKeys (ConfUtils.java:logGet(46)) - raft.server.leaderelection.leader.step-down.wait-time = 10s (default)
2023-03-16 20:04:02,481 [pool-75-thread-1] INFO  server.RaftServerConfigKeys (ConfUtils.java:logGet(46)) - raft.server.sleep.deviation.threshold = 300ms (default)
2023-03-16 20:04:02,481 [pool-75-thread-1] INFO  server.RaftServer$Division (ServerState.java:<init>(118)) - c8f26da1-2406-40b8-bbe6-f78547910a7f@group-ED66BB65EE5C: ConfigurationManager, init=-1: peers:[c5189d4b-3145-494e-80fe-2ee109b29a1b|rpc:10.1.0.41:37943|dataStream:10.1.0.41:43421|priority:0|startupRole:FOLLOWER, c8f26da1-2406-40b8-bbe6-f78547910a7f|rpc:10.1.0.41:39335|dataStream:10.1.0.41:46287|priority:0|startupRole:FOLLOWER, 2de148b0-f597-457b-b70e-3e9a456efa0b|rpc:10.1.0.41:36141|dataStream:10.1.0.41:33355|priority:1|startupRole:FOLLOWER]|listeners:[], old=null, confs=<EMPTY_MAP>
2023-03-16 20:04:02,481 [pool-75-thread-1] INFO  server.RaftServerConfigKeys (ConfUtils.java:logGet(46)) - raft.server.storage.dir = [/home/runner/work/ozone/ozone/hadoop-ozone/integration-test/target/test-dir/MiniOzoneClusterImpl-77d2372e-e00f-46e1-a11d-7f7bb0f90484/datanode-0/data/ratis] (custom)
2023-03-16 20:04:02,481 [pool-75-thread-1] INFO  server.RaftServerConfigKeys (ConfUtils.java:logGet(46)) - raft.server.log.corruption.policy = EXCEPTION (default)
2023-03-16 20:04:02,482 [pool-75-thread-1] INFO  server.RaftServerConfigKeys (ConfUtils.java:logGet(46)) - raft.server.storage.free-space.min = 0MB (=0) (default)
2023-03-16 20:04:02,482 [pool-75-thread-1] INFO  server.RaftServerConfigKeys (ConfUtils.java:logGet(46)) - raft.server.notification.no-leader.timeout = 300s (custom)
2023-03-16 20:04:02,482 [pool-75-thread-1] INFO  server.RaftServerConfigKeys (ConfUtils.java:logGet(46)) - raft.server.retrycache.expirytime = 600000ms (custom)
2023-03-16 20:04:02,482 [pool-75-thread-1] INFO  server.RaftServerConfigKeys (ConfUtils.java:logGet(46)) - raft.server.retrycache.statistics.expirytime = 100μs (default)
2023-03-16 20:04:02,483 [pool-119-thread-1] INFO  server.RaftServerConfigKeys (ConfUtils.java:logGet(46)) - raft.server.log.appender.buffer.byte-limit = 33554432 (custom)
2023-03-16 20:04:02,487 [pool-75-thread-1] INFO  server.RaftServerConfigKeys (ConfUtils.java:logGet(46)) - raft.server.log.appender.install.snapshot.enabled = false (custom)
2023-03-16 20:04:02,487 [pool-75-thread-1] INFO  server.RaftServerConfigKeys (ConfUtils.java:logGet(46)) - raft.server.threadpool.server.cached = true (default)
2023-03-16 20:04:02,487 [pool-75-thread-1] INFO  server.RaftServerConfigKeys (ConfUtils.java:logGet(46)) - raft.server.threadpool.server.size = 0 (default)
2023-03-16 20:04:02,487 [pool-75-thread-1] INFO  server.RaftServerConfigKeys (ConfUtils.java:logGet(46)) - raft.server.threadpool.client.cached = true (default)
2023-03-16 20:04:02,487 [pool-75-thread-1] INFO  server.RaftServerConfigKeys (ConfUtils.java:logGet(46)) - raft.server.threadpool.client.size = 0 (default)
2023-03-16 20:04:02,488 [pool-75-thread-1] INFO  storage.RaftStorageDirectory (RaftStorageDirectoryImpl.java:analyzeStorage(137)) - The storage directory /home/runner/work/ozone/ozone/hadoop-ozone/integration-test/target/test-dir/MiniOzoneClusterImpl-77d2372e-e00f-46e1-a11d-7f7bb0f90484/datanode-0/data/ratis/8f72906f-0154-4cb9-ac9c-ed66bb65ee5c does not exist. Creating ...
2023-03-16 20:04:02,489 [pool-75-thread-1] INFO  storage.RaftStorageDirectory (RaftStorageDirectoryImpl.java:tryLock(231)) - Lock on /home/runner/work/ozone/ozone/hadoop-ozone/integration-test/target/test-dir/MiniOzoneClusterImpl-77d2372e-e00f-46e1-a11d-7f7bb0f90484/datanode-0/data/ratis/8f72906f-0154-4cb9-ac9c-ed66bb65ee5c/in_use.lock acquired by nodename 79287@fv-az371-917
2023-03-16 20:04:02,491 [pool-75-thread-1] INFO  storage.RaftStorage (RaftStorageImpl.java:format(96)) - Storage directory /home/runner/work/ozone/ozone/hadoop-ozone/integration-test/target/test-dir/MiniOzoneClusterImpl-77d2372e-e00f-46e1-a11d-7f7bb0f90484/datanode-0/data/ratis/8f72906f-0154-4cb9-ac9c-ed66bb65ee5c has been successfully formatted.
2023-03-16 20:04:02,492 [pool-119-thread-1] INFO  server.RaftServerConfigKeys (ConfUtils.java:logGet(46)) - raft.server.log.unsafe-flush.enabled = false (default)
2023-03-16 20:04:02,492 [pool-119-thread-1] INFO  server.RaftServerConfigKeys (ConfUtils.java:logGet(46)) - raft.server.log.async-flush.enabled = false (default)
2023-03-16 20:04:02,492 [pool-119-thread-1] INFO  server.RaftServerConfigKeys (ConfUtils.java:logGet(46)) - raft.server.log.statemachine.data.caching.enabled = true (custom)
2023-03-16 20:04:02,492 [pool-119-thread-1] INFO  segmented.SegmentedRaftLogWorker (SegmentedRaftLogWorker.java:lambda$new$0(135)) - 2de148b0-f597-457b-b70e-3e9a456efa0b@group-3913DCC4D4C8-SegmentedRaftLogWorker: flushIndex: setUnconditionally 0 -> -1
2023-03-16 20:04:02,493 [pool-119-thread-1] INFO  segmented.SegmentedRaftLogWorker (SegmentedRaftLogWorker.java:lambda$new$0(135)) - 2de148b0-f597-457b-b70e-3e9a456efa0b@group-3913DCC4D4C8-SegmentedRaftLogWorker: safeCacheEvictIndex: setUnconditionally 0 -> -1
2023-03-16 20:04:02,493 [pool-75-thread-1] INFO  ratis.ContainerStateMachine (ContainerStateMachine.java:loadSnapshot(262)) - group-ED66BB65EE5C: The snapshot info is null. Setting the last applied indexto:(t:0, i:~)
2023-03-16 20:04:02,493 [pool-75-thread-1] INFO  server.RaftServerConfigKeys (ConfUtils.java:logGet(46)) - raft.server.log.use.memory = false (default)
2023-03-16 20:04:02,493 [pool-75-thread-1] INFO  server.RaftServerConfigKeys (ConfUtils.java:logGet(46)) - raft.server.log.purge.gap = 1000000 (custom)
2023-03-16 20:04:02,494 [pool-75-thread-1] INFO  server.RaftServerConfigKeys (ConfUtils.java:logGet(46)) - raft.server.log.appender.buffer.byte-limit = 33554432 (custom)
2023-03-16 20:04:02,494 [pool-75-thread-1] INFO  server.RaftServerConfigKeys (ConfUtils.java:logGet(46)) - raft.server.log.statemachine.data.read.timeout = 1000ms (default)
2023-03-16 20:04:02,494 [pool-75-thread-1] INFO  server.RaftServerConfigKeys (ConfUtils.java:logGet(46)) - raft.server.log.purge.preservation.log.num = 0 (default)
2023-03-16 20:04:02,495 [EventQueue-OpenPipelineForHealthyPipelineSafeModeRule] INFO  safemode.SCMSafeModeManager (HealthyPipelineSafeModeRule.java:process(137)) - SCM in safe mode. Healthy pipelines reported count is 0, required healthy pipeline reported count is 1
2023-03-16 20:04:02,499 [pool-75-thread-1] INFO  server.RaftServerConfigKeys (ConfUtils.java:logGet(46)) - raft.server.log.segment.size.max = 1048576 (custom)
2023-03-16 20:04:02,500 [pool-75-thread-1] INFO  server.RaftServerConfigKeys (ConfUtils.java:logGet(46)) - raft.server.log.segment.cache.num.max = 2 (custom)
2023-03-16 20:04:02,500 [pool-75-thread-1] INFO  server.RaftServerConfigKeys (ConfUtils.java:logGet(46)) - raft.server.log.segment.cache.size.max = 200MB (=209715200) (default)
2023-03-16 20:04:02,501 [pool-75-thread-1] INFO  segmented.SegmentedRaftLogWorker (SegmentedRaftLogWorker.java:<init>(189)) - new c8f26da1-2406-40b8-bbe6-f78547910a7f@group-ED66BB65EE5C-SegmentedRaftLogWorker for RaftStorageImpl:Storage Directory /home/runner/work/ozone/ozone/hadoop-ozone/integration-test/target/test-dir/MiniOzoneClusterImpl-77d2372e-e00f-46e1-a11d-7f7bb0f90484/datanode-0/data/ratis/8f72906f-0154-4cb9-ac9c-ed66bb65ee5c
2023-03-16 20:04:02,501 [pool-75-thread-1] INFO  server.RaftServerConfigKeys (ConfUtils.java:logGet(46)) - raft.server.log.queue.byte-limit = 4294967296 (custom)
2023-03-16 20:04:02,501 [pool-75-thread-1] INFO  server.RaftServerConfigKeys (ConfUtils.java:logGet(46)) - raft.server.log.queue.element-limit = 1024 (custom)
2023-03-16 20:04:02,501 [pool-75-thread-1] INFO  server.RaftServerConfigKeys (ConfUtils.java:logGet(46)) - raft.server.log.segment.size.max = 1048576 (custom)
2023-03-16 20:04:02,501 [pool-75-thread-1] INFO  server.RaftServerConfigKeys (ConfUtils.java:logGet(46)) - raft.server.log.preallocated.size = 16384 (custom)
2023-03-16 20:04:02,501 [pool-75-thread-1] INFO  server.RaftServerConfigKeys (ConfUtils.java:logGet(46)) - raft.server.log.force.sync.num = 128 (default)
2023-03-16 20:04:02,502 [pool-75-thread-1] INFO  server.RaftServerConfigKeys (ConfUtils.java:logGet(46)) - raft.server.log.statemachine.data.sync = true (default)
2023-03-16 20:04:02,502 [pool-75-thread-1] INFO  server.RaftServerConfigKeys (ConfUtils.java:logGet(46)) - raft.server.log.statemachine.data.sync.timeout = 10s (default)
2023-03-16 20:04:02,502 [pool-75-thread-1] INFO  server.RaftServerConfigKeys (ConfUtils.java:logGet(46)) - raft.server.log.statemachine.data.sync.timeout.retry = -1 (default)
2023-03-16 20:04:02,502 [pool-119-thread-1] INFO  server.RaftServer$Division (RaftServerImpl.java:start(334)) - 2de148b0-f597-457b-b70e-3e9a456efa0b@group-3913DCC4D4C8: start as a follower, conf=-1: peers:[c5189d4b-3145-494e-80fe-2ee109b29a1b|rpc:10.1.0.41:37943|dataStream:10.1.0.41:43421|priority:0|startupRole:FOLLOWER, c8f26da1-2406-40b8-bbe6-f78547910a7f|rpc:10.1.0.41:39335|dataStream:10.1.0.41:46287|priority:1|startupRole:FOLLOWER, 2de148b0-f597-457b-b70e-3e9a456efa0b|rpc:10.1.0.41:36141|dataStream:10.1.0.41:33355|priority:0|startupRole:FOLLOWER]|listeners:[], old=null
2023-03-16 20:04:02,502 [pool-119-thread-1] INFO  server.RaftServer$Division (RaftServerImpl.java:setRole(321)) - 2de148b0-f597-457b-b70e-3e9a456efa0b@group-3913DCC4D4C8: changes role from      null to FOLLOWER at term 0 for startAsFollower
2023-03-16 20:04:02,502 [pool-119-thread-1] INFO  impl.RoleInfo (RoleInfo.java:updateAndGet(139)) - 2de148b0-f597-457b-b70e-3e9a456efa0b: start 2de148b0-f597-457b-b70e-3e9a456efa0b@group-3913DCC4D4C8-FollowerState
2023-03-16 20:04:02,503 [pool-119-thread-1] INFO  util.JmxRegister (JmxRegister.java:tryRegister(44)) - Successfully registered JMX Bean with object name Ratis:service=RaftServer,group=group-3913DCC4D4C8,id=2de148b0-f597-457b-b70e-3e9a456efa0b
2023-03-16 20:04:02,503 [pool-119-thread-1] INFO  server.RaftServerConfigKeys (ConfUtils.java:logGet(46)) - raft.server.snapshot.auto.trigger.enabled = true (custom)
2023-03-16 20:04:02,503 [pool-119-thread-1] INFO  server.RaftServerConfigKeys (ConfUtils.java:logGet(46)) - raft.server.snapshot.auto.trigger.threshold = 10000 (custom)
2023-03-16 20:04:02,504 [pool-119-thread-1] INFO  server.RaftServerConfigKeys (ConfUtils.java:logGet(46)) - raft.server.snapshot.retention.file.num = 5 (custom)
2023-03-16 20:04:02,504 [pool-119-thread-1] INFO  server.RaftServerConfigKeys (ConfUtils.java:logGet(46)) - raft.server.log.purge.upto.snapshot.index = false (default)
2023-03-16 20:04:02,504 [pool-75-thread-1] INFO  server.RaftServerConfigKeys (ConfUtils.java:logGet(46)) - raft.server.log.write.buffer.size = 1048576 (custom)
2023-03-16 20:04:02,514 [pool-75-thread-1] INFO  server.RaftServerConfigKeys (ConfUtils.java:logGet(46)) - raft.server.log.appender.buffer.byte-limit = 33554432 (custom)
2023-03-16 20:04:02,517 [2de148b0-f597-457b-b70e-3e9a456efa0b@group-3913DCC4D4C8-FollowerState] INFO  server.RaftServerConfigKeys (ConfUtils.java:logFallback(53)) - raft.server.rpc.first-election.timeout.min = 5s (fallback to raft.server.rpc.timeout.min)
2023-03-16 20:04:02,517 [2de148b0-f597-457b-b70e-3e9a456efa0b@group-3913DCC4D4C8-FollowerState] INFO  server.RaftServerConfigKeys (ConfUtils.java:logFallback(53)) - raft.server.rpc.first-election.timeout.max = 5200ms (fallback to raft.server.rpc.timeout.max)
2023-03-16 20:04:02,520 [pool-75-thread-1] INFO  server.RaftServerConfigKeys (ConfUtils.java:logGet(46)) - raft.server.log.unsafe-flush.enabled = false (default)
2023-03-16 20:04:02,521 [pool-75-thread-1] INFO  server.RaftServerConfigKeys (ConfUtils.java:logGet(46)) - raft.server.log.async-flush.enabled = false (default)
2023-03-16 20:04:02,521 [pool-75-thread-1] INFO  server.RaftServerConfigKeys (ConfUtils.java:logGet(46)) - raft.server.log.statemachine.data.caching.enabled = true (custom)
2023-03-16 20:04:02,521 [pool-75-thread-1] INFO  segmented.SegmentedRaftLogWorker (SegmentedRaftLogWorker.java:lambda$new$0(135)) - c8f26da1-2406-40b8-bbe6-f78547910a7f@group-ED66BB65EE5C-SegmentedRaftLogWorker: flushIndex: setUnconditionally 0 -> -1
2023-03-16 20:04:02,521 [pool-75-thread-1] INFO  segmented.SegmentedRaftLogWorker (SegmentedRaftLogWorker.java:lambda$new$0(135)) - c8f26da1-2406-40b8-bbe6-f78547910a7f@group-ED66BB65EE5C-SegmentedRaftLogWorker: safeCacheEvictIndex: setUnconditionally 0 -> -1
2023-03-16 20:04:02,524 [pool-75-thread-1] INFO  server.RaftServer$Division (RaftServerImpl.java:start(334)) - c8f26da1-2406-40b8-bbe6-f78547910a7f@group-ED66BB65EE5C: start as a follower, conf=-1: peers:[c5189d4b-3145-494e-80fe-2ee109b29a1b|rpc:10.1.0.41:37943|dataStream:10.1.0.41:43421|priority:0|startupRole:FOLLOWER, c8f26da1-2406-40b8-bbe6-f78547910a7f|rpc:10.1.0.41:39335|dataStream:10.1.0.41:46287|priority:0|startupRole:FOLLOWER, 2de148b0-f597-457b-b70e-3e9a456efa0b|rpc:10.1.0.41:36141|dataStream:10.1.0.41:33355|priority:1|startupRole:FOLLOWER]|listeners:[], old=null
2023-03-16 20:04:02,524 [pool-75-thread-1] INFO  server.RaftServer$Division (RaftServerImpl.java:setRole(321)) - c8f26da1-2406-40b8-bbe6-f78547910a7f@group-ED66BB65EE5C: changes role from      null to FOLLOWER at term 0 for startAsFollower
2023-03-16 20:04:02,524 [pool-75-thread-1] INFO  impl.RoleInfo (RoleInfo.java:updateAndGet(139)) - c8f26da1-2406-40b8-bbe6-f78547910a7f: start c8f26da1-2406-40b8-bbe6-f78547910a7f@group-ED66BB65EE5C-FollowerState
2023-03-16 20:04:02,525 [pool-75-thread-1] INFO  util.JmxRegister (JmxRegister.java:tryRegister(44)) - Successfully registered JMX Bean with object name Ratis:service=RaftServer,group=group-ED66BB65EE5C,id=c8f26da1-2406-40b8-bbe6-f78547910a7f
2023-03-16 20:04:02,525 [pool-75-thread-1] INFO  server.RaftServerConfigKeys (ConfUtils.java:logGet(46)) - raft.server.snapshot.auto.trigger.enabled = true (custom)
2023-03-16 20:04:02,525 [pool-75-thread-1] INFO  server.RaftServerConfigKeys (ConfUtils.java:logGet(46)) - raft.server.snapshot.auto.trigger.threshold = 10000 (custom)
2023-03-16 20:04:02,525 [pool-75-thread-1] INFO  server.RaftServerConfigKeys (ConfUtils.java:logGet(46)) - raft.server.snapshot.retention.file.num = 5 (custom)
2023-03-16 20:04:02,525 [pool-75-thread-1] INFO  server.RaftServerConfigKeys (ConfUtils.java:logGet(46)) - raft.server.log.purge.upto.snapshot.index = false (default)
2023-03-16 20:04:02,527 [c8f26da1-2406-40b8-bbe6-f78547910a7f@group-ED66BB65EE5C-FollowerState] INFO  server.RaftServerConfigKeys (ConfUtils.java:logFallback(53)) - raft.server.rpc.first-election.timeout.min = 5s (fallback to raft.server.rpc.timeout.min)
2023-03-16 20:04:02,531 [c8f26da1-2406-40b8-bbe6-f78547910a7f@group-ED66BB65EE5C-FollowerState] INFO  server.RaftServerConfigKeys (ConfUtils.java:logFallback(53)) - raft.server.rpc.first-election.timeout.max = 5200ms (fallback to raft.server.rpc.timeout.max)
2023-03-16 20:04:02,544 [Command processor thread] INFO  commandhandler.CreatePipelineCommandHandler (CreatePipelineCommandHandler.java:handle(113)) - Created Pipeline RATIS THREE PipelineID=ed8dd5cd-2345-4928-a3a3-3913dcc4d4c8.
2023-03-16 20:04:02,563 [grpc-default-executor-0] INFO  server.RaftServer (RaftServerProxy.java:addNew(96)) - 2de148b0-f597-457b-b70e-3e9a456efa0b: addNew group-ED66BB65EE5C:[c5189d4b-3145-494e-80fe-2ee109b29a1b|rpc:10.1.0.41:37943|dataStream:10.1.0.41:43421|priority:0|startupRole:FOLLOWER, c8f26da1-2406-40b8-bbe6-f78547910a7f|rpc:10.1.0.41:39335|dataStream:10.1.0.41:46287|priority:0|startupRole:FOLLOWER, 2de148b0-f597-457b-b70e-3e9a456efa0b|rpc:10.1.0.41:36141|dataStream:10.1.0.41:33355|priority:1|startupRole:FOLLOWER] returns group-ED66BB65EE5C:java.util.concurrent.CompletableFuture@2419ef2[Not completed]
2023-03-16 20:04:02,565 [pool-119-thread-1] INFO  server.RaftServer$Division (RaftServerImpl.java:<init>(195)) - 2de148b0-f597-457b-b70e-3e9a456efa0b: new RaftServerImpl for group-ED66BB65EE5C:[c5189d4b-3145-494e-80fe-2ee109b29a1b|rpc:10.1.0.41:37943|dataStream:10.1.0.41:43421|priority:0|startupRole:FOLLOWER, c8f26da1-2406-40b8-bbe6-f78547910a7f|rpc:10.1.0.41:39335|dataStream:10.1.0.41:46287|priority:0|startupRole:FOLLOWER, 2de148b0-f597-457b-b70e-3e9a456efa0b|rpc:10.1.0.41:36141|dataStream:10.1.0.41:33355|priority:1|startupRole:FOLLOWER] with ContainerStateMachine:uninitialized
2023-03-16 20:04:02,565 [pool-119-thread-1] INFO  server.RaftServerConfigKeys (ConfUtils.java:logGet(46)) - raft.server.rpc.timeout.min = 5s (custom)
2023-03-16 20:04:02,565 [pool-119-thread-1] INFO  server.RaftServerConfigKeys (ConfUtils.java:logGet(46)) - raft.server.rpc.timeout.max = 5200ms (custom)
2023-03-16 20:04:02,565 [pool-119-thread-1] INFO  server.RaftServerConfigKeys (ConfUtils.java:logGet(46)) - raft.server.rpc.sleep.time = 25ms (default)
2023-03-16 20:04:02,565 [pool-119-thread-1] INFO  server.RaftServerConfigKeys (ConfUtils.java:logGet(46)) - raft.server.rpc.slowness.timeout = 300s (custom)
2023-03-16 20:04:02,565 [pool-119-thread-1] INFO  server.RaftServerConfigKeys (ConfUtils.java:logGet(46)) - raft.server.leaderelection.leader.step-down.wait-time = 10s (default)
2023-03-16 20:04:02,566 [pool-119-thread-1] INFO  server.RaftServerConfigKeys (ConfUtils.java:logGet(46)) - raft.server.sleep.deviation.threshold = 300ms (default)
2023-03-16 20:04:02,566 [pool-119-thread-1] INFO  server.RaftServer$Division (ServerState.java:<init>(118)) - 2de148b0-f597-457b-b70e-3e9a456efa0b@group-ED66BB65EE5C: ConfigurationManager, init=-1: peers:[c5189d4b-3145-494e-80fe-2ee109b29a1b|rpc:10.1.0.41:37943|dataStream:10.1.0.41:43421|priority:0|startupRole:FOLLOWER, c8f26da1-2406-40b8-bbe6-f78547910a7f|rpc:10.1.0.41:39335|dataStream:10.1.0.41:46287|priority:0|startupRole:FOLLOWER, 2de148b0-f597-457b-b70e-3e9a456efa0b|rpc:10.1.0.41:36141|dataStream:10.1.0.41:33355|priority:1|startupRole:FOLLOWER]|listeners:[], old=null, confs=<EMPTY_MAP>
2023-03-16 20:04:02,566 [pool-119-thread-1] INFO  server.RaftServerConfigKeys (ConfUtils.java:logGet(46)) - raft.server.storage.dir = [/home/runner/work/ozone/ozone/hadoop-ozone/integration-test/target/test-dir/MiniOzoneClusterImpl-77d2372e-e00f-46e1-a11d-7f7bb0f90484/datanode-2/data/ratis] (custom)
2023-03-16 20:04:02,566 [pool-119-thread-1] INFO  server.RaftServerConfigKeys (ConfUtils.java:logGet(46)) - raft.server.log.corruption.policy = EXCEPTION (default)
2023-03-16 20:04:02,566 [pool-119-thread-1] INFO  server.RaftServerConfigKeys (ConfUtils.java:logGet(46)) - raft.server.storage.free-space.min = 0MB (=0) (default)
2023-03-16 20:04:02,566 [pool-119-thread-1] INFO  server.RaftServerConfigKeys (ConfUtils.java:logGet(46)) - raft.server.notification.no-leader.timeout = 300s (custom)
2023-03-16 20:04:02,566 [pool-119-thread-1] INFO  server.RaftServerConfigKeys (ConfUtils.java:logGet(46)) - raft.server.retrycache.expirytime = 600000ms (custom)
2023-03-16 20:04:02,566 [pool-119-thread-1] INFO  server.RaftServerConfigKeys (ConfUtils.java:logGet(46)) - raft.server.retrycache.statistics.expirytime = 100μs (default)
2023-03-16 20:04:02,568 [pool-119-thread-1] INFO  server.RaftServerConfigKeys (ConfUtils.java:logGet(46)) - raft.server.log.appender.install.snapshot.enabled = false (custom)
2023-03-16 20:04:02,568 [pool-119-thread-1] INFO  server.RaftServerConfigKeys (ConfUtils.java:logGet(46)) - raft.server.threadpool.server.cached = true (default)
2023-03-16 20:04:02,568 [pool-119-thread-1] INFO  server.RaftServerConfigKeys (ConfUtils.java:logGet(46)) - raft.server.threadpool.server.size = 0 (default)
2023-03-16 20:04:02,568 [pool-119-thread-1] INFO  server.RaftServerConfigKeys (ConfUtils.java:logGet(46)) - raft.server.threadpool.client.cached = true (default)
2023-03-16 20:04:02,568 [pool-119-thread-1] INFO  server.RaftServerConfigKeys (ConfUtils.java:logGet(46)) - raft.server.threadpool.client.size = 0 (default)
2023-03-16 20:04:02,568 [pool-119-thread-1] INFO  storage.RaftStorageDirectory (RaftStorageDirectoryImpl.java:analyzeStorage(137)) - The storage directory /home/runner/work/ozone/ozone/hadoop-ozone/integration-test/target/test-dir/MiniOzoneClusterImpl-77d2372e-e00f-46e1-a11d-7f7bb0f90484/datanode-2/data/ratis/8f72906f-0154-4cb9-ac9c-ed66bb65ee5c does not exist. Creating ...
2023-03-16 20:04:02,582 [pool-119-thread-1] INFO  storage.RaftStorageDirectory (RaftStorageDirectoryImpl.java:tryLock(231)) - Lock on /home/runner/work/ozone/ozone/hadoop-ozone/integration-test/target/test-dir/MiniOzoneClusterImpl-77d2372e-e00f-46e1-a11d-7f7bb0f90484/datanode-2/data/ratis/8f72906f-0154-4cb9-ac9c-ed66bb65ee5c/in_use.lock acquired by nodename 79287@fv-az371-917
2023-03-16 20:04:02,584 [pool-119-thread-1] INFO  storage.RaftStorage (RaftStorageImpl.java:format(96)) - Storage directory /home/runner/work/ozone/ozone/hadoop-ozone/integration-test/target/test-dir/MiniOzoneClusterImpl-77d2372e-e00f-46e1-a11d-7f7bb0f90484/datanode-2/data/ratis/8f72906f-0154-4cb9-ac9c-ed66bb65ee5c has been successfully formatted.
2023-03-16 20:04:02,586 [pool-119-thread-1] INFO  ratis.ContainerStateMachine (ContainerStateMachine.java:loadSnapshot(262)) - group-ED66BB65EE5C: The snapshot info is null. Setting the last applied indexto:(t:0, i:~)
2023-03-16 20:04:02,587 [pool-119-thread-1] INFO  server.RaftServerConfigKeys (ConfUtils.java:logGet(46)) - raft.server.log.use.memory = false (default)
2023-03-16 20:04:02,587 [pool-119-thread-1] INFO  server.RaftServerConfigKeys (ConfUtils.java:logGet(46)) - raft.server.log.purge.gap = 1000000 (custom)
2023-03-16 20:04:02,587 [pool-119-thread-1] INFO  server.RaftServerConfigKeys (ConfUtils.java:logGet(46)) - raft.server.log.appender.buffer.byte-limit = 33554432 (custom)
2023-03-16 20:04:02,587 [pool-119-thread-1] INFO  server.RaftServerConfigKeys (ConfUtils.java:logGet(46)) - raft.server.log.statemachine.data.read.timeout = 1000ms (default)
2023-03-16 20:04:02,587 [pool-119-thread-1] INFO  server.RaftServerConfigKeys (ConfUtils.java:logGet(46)) - raft.server.log.purge.preservation.log.num = 0 (default)
2023-03-16 20:04:02,588 [pool-119-thread-1] INFO  server.RaftServerConfigKeys (ConfUtils.java:logGet(46)) - raft.server.log.segment.size.max = 1048576 (custom)
2023-03-16 20:04:02,597 [pool-119-thread-1] INFO  server.RaftServerConfigKeys (ConfUtils.java:logGet(46)) - raft.server.log.segment.cache.num.max = 2 (custom)
2023-03-16 20:04:02,597 [pool-119-thread-1] INFO  server.RaftServerConfigKeys (ConfUtils.java:logGet(46)) - raft.server.log.segment.cache.size.max = 200MB (=209715200) (default)
2023-03-16 20:04:02,597 [pool-119-thread-1] INFO  segmented.SegmentedRaftLogWorker (SegmentedRaftLogWorker.java:<init>(189)) - new 2de148b0-f597-457b-b70e-3e9a456efa0b@group-ED66BB65EE5C-SegmentedRaftLogWorker for RaftStorageImpl:Storage Directory /home/runner/work/ozone/ozone/hadoop-ozone/integration-test/target/test-dir/MiniOzoneClusterImpl-77d2372e-e00f-46e1-a11d-7f7bb0f90484/datanode-2/data/ratis/8f72906f-0154-4cb9-ac9c-ed66bb65ee5c
2023-03-16 20:04:02,597 [pool-119-thread-1] INFO  server.RaftServerConfigKeys (ConfUtils.java:logGet(46)) - raft.server.log.queue.byte-limit = 4294967296 (custom)
2023-03-16 20:04:02,597 [pool-119-thread-1] INFO  server.RaftServerConfigKeys (ConfUtils.java:logGet(46)) - raft.server.log.queue.element-limit = 1024 (custom)
2023-03-16 20:04:02,597 [pool-119-thread-1] INFO  server.RaftServerConfigKeys (ConfUtils.java:logGet(46)) - raft.server.log.segment.size.max = 1048576 (custom)
2023-03-16 20:04:02,597 [pool-119-thread-1] INFO  server.RaftServerConfigKeys (ConfUtils.java:logGet(46)) - raft.server.log.preallocated.size = 16384 (custom)
2023-03-16 20:04:02,597 [pool-119-thread-1] INFO  server.RaftServerConfigKeys (ConfUtils.java:logGet(46)) - raft.server.log.force.sync.num = 128 (default)
2023-03-16 20:04:02,598 [pool-119-thread-1] INFO  server.RaftServerConfigKeys (ConfUtils.java:logGet(46)) - raft.server.log.statemachine.data.sync = true (default)
2023-03-16 20:04:02,598 [pool-119-thread-1] INFO  server.RaftServerConfigKeys (ConfUtils.java:logGet(46)) - raft.server.log.statemachine.data.sync.timeout = 10s (default)
2023-03-16 20:04:02,598 [pool-119-thread-1] INFO  server.RaftServerConfigKeys (ConfUtils.java:logGet(46)) - raft.server.log.statemachine.data.sync.timeout.retry = -1 (default)
2023-03-16 20:04:02,600 [pool-119-thread-1] INFO  server.RaftServerConfigKeys (ConfUtils.java:logGet(46)) - raft.server.log.write.buffer.size = 1048576 (custom)
2023-03-16 20:04:02,600 [pool-119-thread-1] INFO  server.RaftServerConfigKeys (ConfUtils.java:logGet(46)) - raft.server.log.appender.buffer.byte-limit = 33554432 (custom)
2023-03-16 20:04:02,611 [pool-119-thread-1] INFO  server.RaftServerConfigKeys (ConfUtils.java:logGet(46)) - raft.server.log.unsafe-flush.enabled = false (default)
2023-03-16 20:04:02,611 [pool-119-thread-1] INFO  server.RaftServerConfigKeys (ConfUtils.java:logGet(46)) - raft.server.log.async-flush.enabled = false (default)
2023-03-16 20:04:02,611 [pool-119-thread-1] INFO  server.RaftServerConfigKeys (ConfUtils.java:logGet(46)) - raft.server.log.statemachine.data.caching.enabled = true (custom)
2023-03-16 20:04:02,612 [pool-119-thread-1] INFO  segmented.SegmentedRaftLogWorker (SegmentedRaftLogWorker.java:lambda$new$0(135)) - 2de148b0-f597-457b-b70e-3e9a456efa0b@group-ED66BB65EE5C-SegmentedRaftLogWorker: flushIndex: setUnconditionally 0 -> -1
2023-03-16 20:04:02,612 [pool-119-thread-1] INFO  segmented.SegmentedRaftLogWorker (SegmentedRaftLogWorker.java:lambda$new$0(135)) - 2de148b0-f597-457b-b70e-3e9a456efa0b@group-ED66BB65EE5C-SegmentedRaftLogWorker: safeCacheEvictIndex: setUnconditionally 0 -> -1
2023-03-16 20:04:02,612 [pool-119-thread-1] INFO  server.RaftServer$Division (RaftServerImpl.java:start(334)) - 2de148b0-f597-457b-b70e-3e9a456efa0b@group-ED66BB65EE5C: start as a follower, conf=-1: peers:[c5189d4b-3145-494e-80fe-2ee109b29a1b|rpc:10.1.0.41:37943|dataStream:10.1.0.41:43421|priority:0|startupRole:FOLLOWER, c8f26da1-2406-40b8-bbe6-f78547910a7f|rpc:10.1.0.41:39335|dataStream:10.1.0.41:46287|priority:0|startupRole:FOLLOWER, 2de148b0-f597-457b-b70e-3e9a456efa0b|rpc:10.1.0.41:36141|dataStream:10.1.0.41:33355|priority:1|startupRole:FOLLOWER]|listeners:[], old=null
2023-03-16 20:04:02,612 [pool-119-thread-1] INFO  server.RaftServer$Division (RaftServerImpl.java:setRole(321)) - 2de148b0-f597-457b-b70e-3e9a456efa0b@group-ED66BB65EE5C: changes role from      null to FOLLOWER at term 0 for startAsFollower
2023-03-16 20:04:02,612 [pool-119-thread-1] INFO  impl.RoleInfo (RoleInfo.java:updateAndGet(139)) - 2de148b0-f597-457b-b70e-3e9a456efa0b: start 2de148b0-f597-457b-b70e-3e9a456efa0b@group-ED66BB65EE5C-FollowerState
2023-03-16 20:04:02,613 [2de148b0-f597-457b-b70e-3e9a456efa0b@group-ED66BB65EE5C-FollowerState] INFO  server.RaftServerConfigKeys (ConfUtils.java:logFallback(53)) - raft.server.rpc.first-election.timeout.min = 5s (fallback to raft.server.rpc.timeout.min)
2023-03-16 20:04:02,613 [pool-119-thread-1] INFO  util.JmxRegister (JmxRegister.java:tryRegister(44)) - Successfully registered JMX Bean with object name Ratis:service=RaftServer,group=group-ED66BB65EE5C,id=2de148b0-f597-457b-b70e-3e9a456efa0b
2023-03-16 20:04:02,616 [2de148b0-f597-457b-b70e-3e9a456efa0b@group-ED66BB65EE5C-FollowerState] INFO  server.RaftServerConfigKeys (ConfUtils.java:logFallback(53)) - raft.server.rpc.first-election.timeout.max = 5200ms (fallback to raft.server.rpc.timeout.max)
2023-03-16 20:04:02,616 [pool-119-thread-1] INFO  server.RaftServerConfigKeys (ConfUtils.java:logGet(46)) - raft.server.snapshot.auto.trigger.enabled = true (custom)
2023-03-16 20:04:02,617 [pool-119-thread-1] INFO  server.RaftServerConfigKeys (ConfUtils.java:logGet(46)) - raft.server.snapshot.auto.trigger.threshold = 10000 (custom)
2023-03-16 20:04:02,617 [pool-119-thread-1] INFO  server.RaftServerConfigKeys (ConfUtils.java:logGet(46)) - raft.server.snapshot.retention.file.num = 5 (custom)
2023-03-16 20:04:02,617 [pool-119-thread-1] INFO  server.RaftServerConfigKeys (ConfUtils.java:logGet(46)) - raft.server.log.purge.upto.snapshot.index = false (default)
2023-03-16 20:04:02,629 [Command processor thread] INFO  commandhandler.CreatePipelineCommandHandler (CreatePipelineCommandHandler.java:handle(113)) - Created Pipeline RATIS THREE PipelineID=8f72906f-0154-4cb9-ac9c-ed66bb65ee5c.
2023-03-16 20:04:02,767 [Command processor thread] INFO  server.RaftServer (RaftServerProxy.java:addNew(96)) - 2de148b0-f597-457b-b70e-3e9a456efa0b: addNew group-25BE96FEB61F:[2de148b0-f597-457b-b70e-3e9a456efa0b|rpc:10.1.0.41:36141|dataStream:10.1.0.41:33355|priority:1|startupRole:FOLLOWER] returns group-25BE96FEB61F:java.util.concurrent.CompletableFuture@686d7a80[Not completed]
2023-03-16 20:04:02,770 [pool-119-thread-1] INFO  server.RaftServer$Division (RaftServerImpl.java:<init>(195)) - 2de148b0-f597-457b-b70e-3e9a456efa0b: new RaftServerImpl for group-25BE96FEB61F:[2de148b0-f597-457b-b70e-3e9a456efa0b|rpc:10.1.0.41:36141|dataStream:10.1.0.41:33355|priority:1|startupRole:FOLLOWER] with ContainerStateMachine:uninitialized
2023-03-16 20:04:02,770 [pool-119-thread-1] INFO  server.RaftServerConfigKeys (ConfUtils.java:logGet(46)) - raft.server.rpc.timeout.min = 5s (custom)
2023-03-16 20:04:02,770 [pool-119-thread-1] INFO  server.RaftServerConfigKeys (ConfUtils.java:logGet(46)) - raft.server.rpc.timeout.max = 5200ms (custom)
2023-03-16 20:04:02,770 [pool-119-thread-1] INFO  server.RaftServerConfigKeys (ConfUtils.java:logGet(46)) - raft.server.rpc.sleep.time = 25ms (default)
2023-03-16 20:04:02,770 [pool-119-thread-1] INFO  server.RaftServerConfigKeys (ConfUtils.java:logGet(46)) - raft.server.rpc.slowness.timeout = 300s (custom)
2023-03-16 20:04:02,770 [pool-119-thread-1] INFO  server.RaftServerConfigKeys (ConfUtils.java:logGet(46)) - raft.server.leaderelection.leader.step-down.wait-time = 10s (default)
2023-03-16 20:04:02,770 [pool-119-thread-1] INFO  server.RaftServerConfigKeys (ConfUtils.java:logGet(46)) - raft.server.sleep.deviation.threshold = 300ms (default)
2023-03-16 20:04:02,770 [pool-119-thread-1] INFO  server.RaftServer$Division (ServerState.java:<init>(118)) - 2de148b0-f597-457b-b70e-3e9a456efa0b@group-25BE96FEB61F: ConfigurationManager, init=-1: peers:[2de148b0-f597-457b-b70e-3e9a456efa0b|rpc:10.1.0.41:36141|dataStream:10.1.0.41:33355|priority:1|startupRole:FOLLOWER]|listeners:[], old=null, confs=<EMPTY_MAP>
2023-03-16 20:04:02,770 [pool-119-thread-1] INFO  server.RaftServerConfigKeys (ConfUtils.java:logGet(46)) - raft.server.storage.dir = [/home/runner/work/ozone/ozone/hadoop-ozone/integration-test/target/test-dir/MiniOzoneClusterImpl-77d2372e-e00f-46e1-a11d-7f7bb0f90484/datanode-2/data/ratis] (custom)
2023-03-16 20:04:02,771 [pool-119-thread-1] INFO  server.RaftServerConfigKeys (ConfUtils.java:logGet(46)) - raft.server.log.corruption.policy = EXCEPTION (default)
2023-03-16 20:04:02,771 [pool-119-thread-1] INFO  server.RaftServerConfigKeys (ConfUtils.java:logGet(46)) - raft.server.storage.free-space.min = 0MB (=0) (default)
2023-03-16 20:04:02,771 [pool-119-thread-1] INFO  server.RaftServerConfigKeys (ConfUtils.java:logGet(46)) - raft.server.notification.no-leader.timeout = 300s (custom)
2023-03-16 20:04:02,771 [pool-119-thread-1] INFO  server.RaftServerConfigKeys (ConfUtils.java:logGet(46)) - raft.server.retrycache.expirytime = 600000ms (custom)
2023-03-16 20:04:02,771 [pool-119-thread-1] INFO  server.RaftServerConfigKeys (ConfUtils.java:logGet(46)) - raft.server.retrycache.statistics.expirytime = 100μs (default)
2023-03-16 20:04:02,773 [pool-119-thread-1] INFO  server.RaftServerConfigKeys (ConfUtils.java:logGet(46)) - raft.server.log.appender.install.snapshot.enabled = false (custom)
2023-03-16 20:04:02,773 [pool-119-thread-1] INFO  server.RaftServerConfigKeys (ConfUtils.java:logGet(46)) - raft.server.threadpool.server.cached = true (default)
2023-03-16 20:04:02,773 [pool-119-thread-1] INFO  server.RaftServerConfigKeys (ConfUtils.java:logGet(46)) - raft.server.threadpool.server.size = 0 (default)
2023-03-16 20:04:02,773 [pool-119-thread-1] INFO  server.RaftServerConfigKeys (ConfUtils.java:logGet(46)) - raft.server.threadpool.client.cached = true (default)
2023-03-16 20:04:02,773 [pool-119-thread-1] INFO  server.RaftServerConfigKeys (ConfUtils.java:logGet(46)) - raft.server.threadpool.client.size = 0 (default)
2023-03-16 20:04:02,773 [pool-119-thread-1] INFO  storage.RaftStorageDirectory (RaftStorageDirectoryImpl.java:analyzeStorage(137)) - The storage directory /home/runner/work/ozone/ozone/hadoop-ozone/integration-test/target/test-dir/MiniOzoneClusterImpl-77d2372e-e00f-46e1-a11d-7f7bb0f90484/datanode-2/data/ratis/f72d96c4-847f-4c0a-9989-25be96feb61f does not exist. Creating ...
2023-03-16 20:04:02,776 [pool-119-thread-1] INFO  storage.RaftStorageDirectory (RaftStorageDirectoryImpl.java:tryLock(231)) - Lock on /home/runner/work/ozone/ozone/hadoop-ozone/integration-test/target/test-dir/MiniOzoneClusterImpl-77d2372e-e00f-46e1-a11d-7f7bb0f90484/datanode-2/data/ratis/f72d96c4-847f-4c0a-9989-25be96feb61f/in_use.lock acquired by nodename 79287@fv-az371-917
2023-03-16 20:04:02,778 [pool-119-thread-1] INFO  storage.RaftStorage (RaftStorageImpl.java:format(96)) - Storage directory /home/runner/work/ozone/ozone/hadoop-ozone/integration-test/target/test-dir/MiniOzoneClusterImpl-77d2372e-e00f-46e1-a11d-7f7bb0f90484/datanode-2/data/ratis/f72d96c4-847f-4c0a-9989-25be96feb61f has been successfully formatted.
2023-03-16 20:04:02,778 [pool-119-thread-1] INFO  ratis.ContainerStateMachine (ContainerStateMachine.java:loadSnapshot(262)) - group-25BE96FEB61F: The snapshot info is null. Setting the last applied indexto:(t:0, i:~)
2023-03-16 20:04:02,779 [pool-119-thread-1] INFO  server.RaftServerConfigKeys (ConfUtils.java:logGet(46)) - raft.server.log.use.memory = false (default)
2023-03-16 20:04:02,779 [pool-119-thread-1] INFO  server.RaftServerConfigKeys (ConfUtils.java:logGet(46)) - raft.server.log.purge.gap = 1000000 (custom)
2023-03-16 20:04:02,779 [pool-119-thread-1] INFO  server.RaftServerConfigKeys (ConfUtils.java:logGet(46)) - raft.server.log.appender.buffer.byte-limit = 33554432 (custom)
2023-03-16 20:04:02,779 [pool-119-thread-1] INFO  server.RaftServerConfigKeys (ConfUtils.java:logGet(46)) - raft.server.log.statemachine.data.read.timeout = 1000ms (default)
2023-03-16 20:04:02,779 [pool-119-thread-1] INFO  server.RaftServerConfigKeys (ConfUtils.java:logGet(46)) - raft.server.log.purge.preservation.log.num = 0 (default)
2023-03-16 20:04:02,783 [EventQueue-PipelineReportForPipelineReportHandler] INFO  pipeline.PipelineManagerImpl (PipelineManagerImpl.java:openPipeline(367)) - Pipeline Pipeline[ Id: f72d96c4-847f-4c0a-9989-25be96feb61f, Nodes: 2de148b0-f597-457b-b70e-3e9a456efa0b(fv-az371-917/10.1.0.41), ReplicationConfig: RATIS/ONE, State:ALLOCATED, leaderId:2de148b0-f597-457b-b70e-3e9a456efa0b, CreationTimestamp2023-03-16T20:03:59.771Z[Etc/UTC]] moved to OPEN state
2023-03-16 20:04:02,783 [pool-119-thread-1] INFO  server.RaftServerConfigKeys (ConfUtils.java:logGet(46)) - raft.server.log.segment.size.max = 1048576 (custom)
2023-03-16 20:04:02,784 [EventQueue-OpenPipelineForHealthyPipelineSafeModeRule] INFO  safemode.SCMSafeModeManager (HealthyPipelineSafeModeRule.java:process(137)) - SCM in safe mode. Healthy pipelines reported count is 0, required healthy pipeline reported count is 1
2023-03-16 20:04:02,785 [pool-119-thread-1] INFO  server.RaftServerConfigKeys (ConfUtils.java:logGet(46)) - raft.server.log.segment.cache.num.max = 2 (custom)
2023-03-16 20:04:02,786 [pool-119-thread-1] INFO  server.RaftServerConfigKeys (ConfUtils.java:logGet(46)) - raft.server.log.segment.cache.size.max = 200MB (=209715200) (default)
2023-03-16 20:04:02,787 [pool-119-thread-1] INFO  segmented.SegmentedRaftLogWorker (SegmentedRaftLogWorker.java:<init>(189)) - new 2de148b0-f597-457b-b70e-3e9a456efa0b@group-25BE96FEB61F-SegmentedRaftLogWorker for RaftStorageImpl:Storage Directory /home/runner/work/ozone/ozone/hadoop-ozone/integration-test/target/test-dir/MiniOzoneClusterImpl-77d2372e-e00f-46e1-a11d-7f7bb0f90484/datanode-2/data/ratis/f72d96c4-847f-4c0a-9989-25be96feb61f
2023-03-16 20:04:02,787 [pool-119-thread-1] INFO  server.RaftServerConfigKeys (ConfUtils.java:logGet(46)) - raft.server.log.queue.byte-limit = 4294967296 (custom)
2023-03-16 20:04:02,787 [pool-119-thread-1] INFO  server.RaftServerConfigKeys (ConfUtils.java:logGet(46)) - raft.server.log.queue.element-limit = 1024 (custom)
2023-03-16 20:04:02,787 [pool-119-thread-1] INFO  server.RaftServerConfigKeys (ConfUtils.java:logGet(46)) - raft.server.log.segment.size.max = 1048576 (custom)
2023-03-16 20:04:02,787 [pool-119-thread-1] INFO  server.RaftServerConfigKeys (ConfUtils.java:logGet(46)) - raft.server.log.preallocated.size = 16384 (custom)
2023-03-16 20:04:02,787 [pool-119-thread-1] INFO  server.RaftServerConfigKeys (ConfUtils.java:logGet(46)) - raft.server.log.force.sync.num = 128 (default)
2023-03-16 20:04:02,787 [pool-119-thread-1] INFO  server.RaftServerConfigKeys (ConfUtils.java:logGet(46)) - raft.server.log.statemachine.data.sync = true (default)
2023-03-16 20:04:02,787 [pool-119-thread-1] INFO  server.RaftServerConfigKeys (ConfUtils.java:logGet(46)) - raft.server.log.statemachine.data.sync.timeout = 10s (default)
2023-03-16 20:04:02,789 [pool-119-thread-1] INFO  server.RaftServerConfigKeys (ConfUtils.java:logGet(46)) - raft.server.log.statemachine.data.sync.timeout.retry = -1 (default)
2023-03-16 20:04:02,791 [pool-119-thread-1] INFO  server.RaftServerConfigKeys (ConfUtils.java:logGet(46)) - raft.server.log.write.buffer.size = 1048576 (custom)
2023-03-16 20:04:02,793 [pool-119-thread-1] INFO  server.RaftServerConfigKeys (ConfUtils.java:logGet(46)) - raft.server.log.appender.buffer.byte-limit = 33554432 (custom)
2023-03-16 20:04:03,132 [Listener at 127.0.0.1/35091] INFO  ozone.MiniOzoneClusterImpl (MiniOzoneClusterImpl.java:lambda$waitForClusterToBeReady$0(222)) - Nodes are ready. Got 5 of 5 DN Heartbeats.
2023-03-16 20:04:03,132 [Listener at 127.0.0.1/35091] INFO  ozone.MiniOzoneClusterImpl (MiniOzoneClusterImpl.java:lambda$waitForClusterToBeReady$0(225)) - Waiting for cluster to exit safe mode
2023-03-16 20:04:03,132 [Listener at 127.0.0.1/35091] INFO  ozone.MiniOzoneClusterImpl (MiniOzoneClusterImpl.java:lambda$waitForClusterToBeReady$0(227)) - SCM became leader
2023-03-16 20:04:03,132 [JvmPauseMonitor0] WARN  util.JvmPauseMonitor (JvmPauseMonitor.java:detectPause(126)) - JvmPauseMonitor-om1: Detected pause in JVM or host machine (eg GC): pause of approximately 158906278ns.
GC pool 'PS MarkSweep' had collection(s): count=1 time=211ms
GC pool 'PS Scavenge' had collection(s): count=1 time=119ms
2023-03-16 20:04:03,133 [JvmPauseMonitor3] WARN  util.JvmPauseMonitor (JvmPauseMonitor.java:detectPause(126)) - JvmPauseMonitor-2de148b0-f597-457b-b70e-3e9a456efa0b: Detected pause in JVM or host machine (eg GC): pause of approximately 301058160ns.
GC pool 'PS MarkSweep' had collection(s): count=1 time=211ms
GC pool 'PS Scavenge' had collection(s): count=1 time=119ms
2023-03-16 20:04:03,132 [JvmPauseMonitor5] WARN  util.JvmPauseMonitor (JvmPauseMonitor.java:detectPause(126)) - JvmPauseMonitor-c86eb04d-3968-498e-b9b0-20c907963056: Detected pause in JVM or host machine (eg GC): pause of approximately 181510191ns.
GC pool 'PS MarkSweep' had collection(s): count=1 time=211ms
GC pool 'PS Scavenge' had collection(s): count=1 time=119ms
2023-03-16 20:04:03,136 [JvmPauseMonitor2] WARN  util.JvmPauseMonitor (JvmPauseMonitor.java:detectPause(126)) - JvmPauseMonitor-c5189d4b-3145-494e-80fe-2ee109b29a1b: Detected pause in JVM or host machine (eg GC): pause of approximately 344838784ns.
GC pool 'PS MarkSweep' had collection(s): count=1 time=211ms
GC pool 'PS Scavenge' had collection(s): count=1 time=119ms
2023-03-16 20:04:03,134 [JvmPauseMonitor4] WARN  util.JvmPauseMonitor (JvmPauseMonitor.java:detectPause(126)) - JvmPauseMonitor-f9f49075-6b76-4a07-b0c3-cad8e972cd7f: Detected pause in JVM or host machine (eg GC): pause of approximately 307757663ns.
GC pool 'PS MarkSweep' had collection(s): count=1 time=211ms
GC pool 'PS Scavenge' had collection(s): count=1 time=119ms
2023-03-16 20:04:03,145 [pool-119-thread-1] INFO  server.RaftServerConfigKeys (ConfUtils.java:logGet(46)) - raft.server.log.unsafe-flush.enabled = false (default)
2023-03-16 20:04:03,145 [pool-119-thread-1] INFO  server.RaftServerConfigKeys (ConfUtils.java:logGet(46)) - raft.server.log.async-flush.enabled = false (default)
2023-03-16 20:04:03,146 [pool-119-thread-1] INFO  server.RaftServerConfigKeys (ConfUtils.java:logGet(46)) - raft.server.log.statemachine.data.caching.enabled = true (custom)
2023-03-16 20:04:03,146 [pool-119-thread-1] INFO  segmented.SegmentedRaftLogWorker (SegmentedRaftLogWorker.java:lambda$new$0(135)) - 2de148b0-f597-457b-b70e-3e9a456efa0b@group-25BE96FEB61F-SegmentedRaftLogWorker: flushIndex: setUnconditionally 0 -> -1
2023-03-16 20:04:03,146 [pool-119-thread-1] INFO  segmented.SegmentedRaftLogWorker (SegmentedRaftLogWorker.java:lambda$new$0(135)) - 2de148b0-f597-457b-b70e-3e9a456efa0b@group-25BE96FEB61F-SegmentedRaftLogWorker: safeCacheEvictIndex: setUnconditionally 0 -> -1
2023-03-16 20:04:03,149 [pool-119-thread-1] INFO  server.RaftServer$Division (RaftServerImpl.java:start(334)) - 2de148b0-f597-457b-b70e-3e9a456efa0b@group-25BE96FEB61F: start as a follower, conf=-1: peers:[2de148b0-f597-457b-b70e-3e9a456efa0b|rpc:10.1.0.41:36141|dataStream:10.1.0.41:33355|priority:1|startupRole:FOLLOWER]|listeners:[], old=null
2023-03-16 20:04:03,149 [pool-119-thread-1] INFO  server.RaftServer$Division (RaftServerImpl.java:setRole(321)) - 2de148b0-f597-457b-b70e-3e9a456efa0b@group-25BE96FEB61F: changes role from      null to FOLLOWER at term 0 for startAsFollower
2023-03-16 20:04:03,149 [pool-119-thread-1] INFO  impl.RoleInfo (RoleInfo.java:updateAndGet(139)) - 2de148b0-f597-457b-b70e-3e9a456efa0b: start 2de148b0-f597-457b-b70e-3e9a456efa0b@group-25BE96FEB61F-FollowerState
2023-03-16 20:04:03,150 [pool-119-thread-1] INFO  util.JmxRegister (JmxRegister.java:tryRegister(44)) - Successfully registered JMX Bean with object name Ratis:service=RaftServer,group=group-25BE96FEB61F,id=2de148b0-f597-457b-b70e-3e9a456efa0b
2023-03-16 20:04:03,150 [pool-119-thread-1] INFO  server.RaftServerConfigKeys (ConfUtils.java:logGet(46)) - raft.server.snapshot.auto.trigger.enabled = true (custom)
2023-03-16 20:04:03,150 [pool-119-thread-1] INFO  server.RaftServerConfigKeys (ConfUtils.java:logGet(46)) - raft.server.snapshot.auto.trigger.threshold = 10000 (custom)
2023-03-16 20:04:03,150 [pool-119-thread-1] INFO  server.RaftServerConfigKeys (ConfUtils.java:logGet(46)) - raft.server.snapshot.retention.file.num = 5 (custom)
2023-03-16 20:04:03,150 [pool-119-thread-1] INFO  server.RaftServerConfigKeys (ConfUtils.java:logGet(46)) - raft.server.log.purge.upto.snapshot.index = false (default)
2023-03-16 20:04:03,152 [2de148b0-f597-457b-b70e-3e9a456efa0b@group-25BE96FEB61F-FollowerState] INFO  server.RaftServerConfigKeys (ConfUtils.java:logFallback(53)) - raft.server.rpc.first-election.timeout.min = 5s (fallback to raft.server.rpc.timeout.min)
2023-03-16 20:04:03,152 [2de148b0-f597-457b-b70e-3e9a456efa0b@group-25BE96FEB61F-FollowerState] INFO  server.RaftServerConfigKeys (ConfUtils.java:logFallback(53)) - raft.server.rpc.first-election.timeout.max = 5200ms (fallback to raft.server.rpc.timeout.max)
2023-03-16 20:04:03,153 [Command processor thread] INFO  ratis.XceiverServerRatis (XceiverServerRatis.java:addGroup(807)) - Created group PipelineID=f72d96c4-847f-4c0a-9989-25be96feb61f
2023-03-16 20:04:03,153 [Command processor thread] INFO  commandhandler.CreatePipelineCommandHandler (CreatePipelineCommandHandler.java:handle(113)) - Created Pipeline RATIS ONE PipelineID=f72d96c4-847f-4c0a-9989-25be96feb61f.
2023-03-16 20:04:03,258 [Command processor thread] INFO  server.RaftServer (RaftServerProxy.java:addNew(96)) - f9f49075-6b76-4a07-b0c3-cad8e972cd7f: addNew group-4CD52836A867:[f9f49075-6b76-4a07-b0c3-cad8e972cd7f|rpc:10.1.0.41:37941|dataStream:10.1.0.41:38455|priority:1|startupRole:FOLLOWER] returns group-4CD52836A867:java.util.concurrent.CompletableFuture@111bf4ec[Not completed]
2023-03-16 20:04:03,264 [pool-141-thread-1] INFO  server.RaftServer$Division (RaftServerImpl.java:<init>(195)) - f9f49075-6b76-4a07-b0c3-cad8e972cd7f: new RaftServerImpl for group-4CD52836A867:[f9f49075-6b76-4a07-b0c3-cad8e972cd7f|rpc:10.1.0.41:37941|dataStream:10.1.0.41:38455|priority:1|startupRole:FOLLOWER] with ContainerStateMachine:uninitialized
2023-03-16 20:04:03,265 [pool-141-thread-1] INFO  server.RaftServerConfigKeys (ConfUtils.java:logGet(46)) - raft.server.rpc.timeout.min = 5s (custom)
2023-03-16 20:04:03,265 [pool-141-thread-1] INFO  server.RaftServerConfigKeys (ConfUtils.java:logGet(46)) - raft.server.rpc.timeout.max = 5200ms (custom)
2023-03-16 20:04:03,265 [pool-141-thread-1] INFO  server.RaftServerConfigKeys (ConfUtils.java:logGet(46)) - raft.server.rpc.sleep.time = 25ms (default)
2023-03-16 20:04:03,265 [pool-141-thread-1] INFO  server.RaftServerConfigKeys (ConfUtils.java:logGet(46)) - raft.server.rpc.slowness.timeout = 300s (custom)
2023-03-16 20:04:03,265 [pool-141-thread-1] INFO  server.RaftServerConfigKeys (ConfUtils.java:logGet(46)) - raft.server.leaderelection.leader.step-down.wait-time = 10s (default)
2023-03-16 20:04:03,265 [pool-141-thread-1] INFO  server.RaftServerConfigKeys (ConfUtils.java:logGet(46)) - raft.server.sleep.deviation.threshold = 300ms (default)
2023-03-16 20:04:03,265 [pool-141-thread-1] INFO  server.RaftServer$Division (ServerState.java:<init>(118)) - f9f49075-6b76-4a07-b0c3-cad8e972cd7f@group-4CD52836A867: ConfigurationManager, init=-1: peers:[f9f49075-6b76-4a07-b0c3-cad8e972cd7f|rpc:10.1.0.41:37941|dataStream:10.1.0.41:38455|priority:1|startupRole:FOLLOWER]|listeners:[], old=null, confs=<EMPTY_MAP>
2023-03-16 20:04:03,266 [pool-141-thread-1] INFO  server.RaftServerConfigKeys (ConfUtils.java:logGet(46)) - raft.server.storage.dir = [/home/runner/work/ozone/ozone/hadoop-ozone/integration-test/target/test-dir/MiniOzoneClusterImpl-77d2372e-e00f-46e1-a11d-7f7bb0f90484/datanode-3/data/ratis] (custom)
2023-03-16 20:04:03,266 [pool-141-thread-1] INFO  server.RaftServerConfigKeys (ConfUtils.java:logGet(46)) - raft.server.log.corruption.policy = EXCEPTION (default)
2023-03-16 20:04:03,266 [pool-141-thread-1] INFO  server.RaftServerConfigKeys (ConfUtils.java:logGet(46)) - raft.server.storage.free-space.min = 0MB (=0) (default)
2023-03-16 20:04:03,266 [pool-141-thread-1] INFO  server.RaftServerConfigKeys (ConfUtils.java:logGet(46)) - raft.server.notification.no-leader.timeout = 300s (custom)
2023-03-16 20:04:03,266 [pool-141-thread-1] INFO  server.RaftServerConfigKeys (ConfUtils.java:logGet(46)) - raft.server.retrycache.expirytime = 600000ms (custom)
2023-03-16 20:04:03,266 [pool-141-thread-1] INFO  server.RaftServerConfigKeys (ConfUtils.java:logGet(46)) - raft.server.retrycache.statistics.expirytime = 100μs (default)
2023-03-16 20:04:03,271 [pool-141-thread-1] INFO  server.RaftServerConfigKeys (ConfUtils.java:logGet(46)) - raft.server.log.appender.install.snapshot.enabled = false (custom)
2023-03-16 20:04:03,271 [pool-141-thread-1] INFO  server.RaftServerConfigKeys (ConfUtils.java:logGet(46)) - raft.server.threadpool.server.cached = true (default)
2023-03-16 20:04:03,271 [pool-141-thread-1] INFO  server.RaftServerConfigKeys (ConfUtils.java:logGet(46)) - raft.server.threadpool.server.size = 0 (default)
2023-03-16 20:04:03,271 [pool-141-thread-1] INFO  server.RaftServerConfigKeys (ConfUtils.java:logGet(46)) - raft.server.threadpool.client.cached = true (default)
2023-03-16 20:04:03,271 [pool-141-thread-1] INFO  server.RaftServerConfigKeys (ConfUtils.java:logGet(46)) - raft.server.threadpool.client.size = 0 (default)
2023-03-16 20:04:03,272 [pool-141-thread-1] INFO  storage.RaftStorageDirectory (RaftStorageDirectoryImpl.java:analyzeStorage(137)) - The storage directory /home/runner/work/ozone/ozone/hadoop-ozone/integration-test/target/test-dir/MiniOzoneClusterImpl-77d2372e-e00f-46e1-a11d-7f7bb0f90484/datanode-3/data/ratis/e012ac23-e798-4cd0-b17a-4cd52836a867 does not exist. Creating ...
2023-03-16 20:04:03,274 [pool-141-thread-1] INFO  storage.RaftStorageDirectory (RaftStorageDirectoryImpl.java:tryLock(231)) - Lock on /home/runner/work/ozone/ozone/hadoop-ozone/integration-test/target/test-dir/MiniOzoneClusterImpl-77d2372e-e00f-46e1-a11d-7f7bb0f90484/datanode-3/data/ratis/e012ac23-e798-4cd0-b17a-4cd52836a867/in_use.lock acquired by nodename 79287@fv-az371-917
2023-03-16 20:04:03,276 [pool-141-thread-1] INFO  storage.RaftStorage (RaftStorageImpl.java:format(96)) - Storage directory /home/runner/work/ozone/ozone/hadoop-ozone/integration-test/target/test-dir/MiniOzoneClusterImpl-77d2372e-e00f-46e1-a11d-7f7bb0f90484/datanode-3/data/ratis/e012ac23-e798-4cd0-b17a-4cd52836a867 has been successfully formatted.
2023-03-16 20:04:03,278 [pool-141-thread-1] INFO  ratis.ContainerStateMachine (ContainerStateMachine.java:loadSnapshot(262)) - group-4CD52836A867: The snapshot info is null. Setting the last applied indexto:(t:0, i:~)
2023-03-16 20:04:03,278 [pool-141-thread-1] INFO  server.RaftServerConfigKeys (ConfUtils.java:logGet(46)) - raft.server.log.use.memory = false (default)
2023-03-16 20:04:03,278 [pool-141-thread-1] INFO  server.RaftServerConfigKeys (ConfUtils.java:logGet(46)) - raft.server.log.purge.gap = 1000000 (custom)
2023-03-16 20:04:03,278 [pool-141-thread-1] INFO  server.RaftServerConfigKeys (ConfUtils.java:logGet(46)) - raft.server.log.appender.buffer.byte-limit = 33554432 (custom)
2023-03-16 20:04:03,278 [pool-141-thread-1] INFO  server.RaftServerConfigKeys (ConfUtils.java:logGet(46)) - raft.server.log.statemachine.data.read.timeout = 1000ms (default)
2023-03-16 20:04:03,279 [pool-141-thread-1] INFO  server.RaftServerConfigKeys (ConfUtils.java:logGet(46)) - raft.server.log.purge.preservation.log.num = 0 (default)
2023-03-16 20:04:03,280 [pool-141-thread-1] INFO  server.RaftServerConfigKeys (ConfUtils.java:logGet(46)) - raft.server.log.segment.size.max = 1048576 (custom)
2023-03-16 20:04:03,280 [pool-141-thread-1] INFO  server.RaftServerConfigKeys (ConfUtils.java:logGet(46)) - raft.server.log.segment.cache.num.max = 2 (custom)
2023-03-16 20:04:03,280 [pool-141-thread-1] INFO  server.RaftServerConfigKeys (ConfUtils.java:logGet(46)) - raft.server.log.segment.cache.size.max = 200MB (=209715200) (default)
2023-03-16 20:04:03,281 [pool-141-thread-1] INFO  segmented.SegmentedRaftLogWorker (SegmentedRaftLogWorker.java:<init>(189)) - new f9f49075-6b76-4a07-b0c3-cad8e972cd7f@group-4CD52836A867-SegmentedRaftLogWorker for RaftStorageImpl:Storage Directory /home/runner/work/ozone/ozone/hadoop-ozone/integration-test/target/test-dir/MiniOzoneClusterImpl-77d2372e-e00f-46e1-a11d-7f7bb0f90484/datanode-3/data/ratis/e012ac23-e798-4cd0-b17a-4cd52836a867
2023-03-16 20:04:03,281 [pool-141-thread-1] INFO  server.RaftServerConfigKeys (ConfUtils.java:logGet(46)) - raft.server.log.queue.byte-limit = 4294967296 (custom)
2023-03-16 20:04:03,281 [pool-141-thread-1] INFO  server.RaftServerConfigKeys (ConfUtils.java:logGet(46)) - raft.server.log.queue.element-limit = 1024 (custom)
2023-03-16 20:04:03,281 [pool-141-thread-1] INFO  server.RaftServerConfigKeys (ConfUtils.java:logGet(46)) - raft.server.log.segment.size.max = 1048576 (custom)
2023-03-16 20:04:03,281 [pool-141-thread-1] INFO  server.RaftServerConfigKeys (ConfUtils.java:logGet(46)) - raft.server.log.preallocated.size = 16384 (custom)
2023-03-16 20:04:03,281 [pool-141-thread-1] INFO  server.RaftServerConfigKeys (ConfUtils.java:logGet(46)) - raft.server.log.force.sync.num = 128 (default)
2023-03-16 20:04:03,281 [pool-141-thread-1] INFO  server.RaftServerConfigKeys (ConfUtils.java:logGet(46)) - raft.server.log.statemachine.data.sync = true (default)
2023-03-16 20:04:03,281 [EventQueue-PipelineReportForPipelineReportHandler] INFO  pipeline.PipelineManagerImpl (PipelineManagerImpl.java:openPipeline(367)) - Pipeline Pipeline[ Id: e012ac23-e798-4cd0-b17a-4cd52836a867, Nodes: f9f49075-6b76-4a07-b0c3-cad8e972cd7f(fv-az371-917/10.1.0.41), ReplicationConfig: RATIS/ONE, State:ALLOCATED, leaderId:f9f49075-6b76-4a07-b0c3-cad8e972cd7f, CreationTimestamp2023-03-16T20:04:00.265Z[Etc/UTC]] moved to OPEN state
2023-03-16 20:04:03,281 [pool-141-thread-1] INFO  server.RaftServerConfigKeys (ConfUtils.java:logGet(46)) - raft.server.log.statemachine.data.sync.timeout = 10s (default)
2023-03-16 20:04:03,281 [pool-141-thread-1] INFO  server.RaftServerConfigKeys (ConfUtils.java:logGet(46)) - raft.server.log.statemachine.data.sync.timeout.retry = -1 (default)
2023-03-16 20:04:03,284 [EventQueue-OpenPipelineForHealthyPipelineSafeModeRule] INFO  safemode.SCMSafeModeManager (HealthyPipelineSafeModeRule.java:process(137)) - SCM in safe mode. Healthy pipelines reported count is 0, required healthy pipeline reported count is 1
2023-03-16 20:04:03,284 [pool-141-thread-1] INFO  server.RaftServerConfigKeys (ConfUtils.java:logGet(46)) - raft.server.log.write.buffer.size = 1048576 (custom)
2023-03-16 20:04:03,285 [pool-141-thread-1] INFO  server.RaftServerConfigKeys (ConfUtils.java:logGet(46)) - raft.server.log.appender.buffer.byte-limit = 33554432 (custom)
2023-03-16 20:04:03,292 [pool-141-thread-1] INFO  server.RaftServerConfigKeys (ConfUtils.java:logGet(46)) - raft.server.log.unsafe-flush.enabled = false (default)
2023-03-16 20:04:03,293 [pool-141-thread-1] INFO  server.RaftServerConfigKeys (ConfUtils.java:logGet(46)) - raft.server.log.async-flush.enabled = false (default)
2023-03-16 20:04:03,293 [pool-141-thread-1] INFO  server.RaftServerConfigKeys (ConfUtils.java:logGet(46)) - raft.server.log.statemachine.data.caching.enabled = true (custom)
2023-03-16 20:04:03,293 [pool-141-thread-1] INFO  segmented.SegmentedRaftLogWorker (SegmentedRaftLogWorker.java:lambda$new$0(135)) - f9f49075-6b76-4a07-b0c3-cad8e972cd7f@group-4CD52836A867-SegmentedRaftLogWorker: flushIndex: setUnconditionally 0 -> -1
2023-03-16 20:04:03,293 [pool-141-thread-1] INFO  segmented.SegmentedRaftLogWorker (SegmentedRaftLogWorker.java:lambda$new$0(135)) - f9f49075-6b76-4a07-b0c3-cad8e972cd7f@group-4CD52836A867-SegmentedRaftLogWorker: safeCacheEvictIndex: setUnconditionally 0 -> -1
2023-03-16 20:04:03,294 [pool-141-thread-1] INFO  server.RaftServer$Division (RaftServerImpl.java:start(334)) - f9f49075-6b76-4a07-b0c3-cad8e972cd7f@group-4CD52836A867: start as a follower, conf=-1: peers:[f9f49075-6b76-4a07-b0c3-cad8e972cd7f|rpc:10.1.0.41:37941|dataStream:10.1.0.41:38455|priority:1|startupRole:FOLLOWER]|listeners:[], old=null
2023-03-16 20:04:03,294 [pool-141-thread-1] INFO  server.RaftServer$Division (RaftServerImpl.java:setRole(321)) - f9f49075-6b76-4a07-b0c3-cad8e972cd7f@group-4CD52836A867: changes role from      null to FOLLOWER at term 0 for startAsFollower
2023-03-16 20:04:03,294 [pool-141-thread-1] INFO  impl.RoleInfo (RoleInfo.java:updateAndGet(139)) - f9f49075-6b76-4a07-b0c3-cad8e972cd7f: start f9f49075-6b76-4a07-b0c3-cad8e972cd7f@group-4CD52836A867-FollowerState
2023-03-16 20:04:03,294 [pool-141-thread-1] INFO  util.JmxRegister (JmxRegister.java:tryRegister(44)) - Successfully registered JMX Bean with object name Ratis:service=RaftServer,group=group-4CD52836A867,id=f9f49075-6b76-4a07-b0c3-cad8e972cd7f
2023-03-16 20:04:03,295 [pool-141-thread-1] INFO  server.RaftServerConfigKeys (ConfUtils.java:logGet(46)) - raft.server.snapshot.auto.trigger.enabled = true (custom)
2023-03-16 20:04:03,295 [pool-141-thread-1] INFO  server.RaftServerConfigKeys (ConfUtils.java:logGet(46)) - raft.server.snapshot.auto.trigger.threshold = 10000 (custom)
2023-03-16 20:04:03,295 [pool-141-thread-1] INFO  server.RaftServerConfigKeys (ConfUtils.java:logGet(46)) - raft.server.snapshot.retention.file.num = 5 (custom)
2023-03-16 20:04:03,295 [pool-141-thread-1] INFO  server.RaftServerConfigKeys (ConfUtils.java:logGet(46)) - raft.server.log.purge.upto.snapshot.index = false (default)
2023-03-16 20:04:03,296 [f9f49075-6b76-4a07-b0c3-cad8e972cd7f@group-4CD52836A867-FollowerState] INFO  server.RaftServerConfigKeys (ConfUtils.java:logFallback(53)) - raft.server.rpc.first-election.timeout.min = 5s (fallback to raft.server.rpc.timeout.min)
2023-03-16 20:04:03,296 [f9f49075-6b76-4a07-b0c3-cad8e972cd7f@group-4CD52836A867-FollowerState] INFO  server.RaftServerConfigKeys (ConfUtils.java:logFallback(53)) - raft.server.rpc.first-election.timeout.max = 5200ms (fallback to raft.server.rpc.timeout.max)
2023-03-16 20:04:03,297 [Command processor thread] INFO  ratis.XceiverServerRatis (XceiverServerRatis.java:addGroup(807)) - Created group PipelineID=e012ac23-e798-4cd0-b17a-4cd52836a867
2023-03-16 20:04:03,297 [Command processor thread] INFO  commandhandler.CreatePipelineCommandHandler (CreatePipelineCommandHandler.java:handle(113)) - Created Pipeline RATIS ONE PipelineID=e012ac23-e798-4cd0-b17a-4cd52836a867.
2023-03-16 20:04:03,881 [Command processor thread] INFO  server.RaftServer (RaftServerProxy.java:addNew(96)) - c86eb04d-3968-498e-b9b0-20c907963056: addNew group-4B02C57A7040:[c86eb04d-3968-498e-b9b0-20c907963056|rpc:10.1.0.41:35363|dataStream:10.1.0.41:41741|priority:1|startupRole:FOLLOWER] returns group-4B02C57A7040:java.util.concurrent.CompletableFuture@1ffa7e8e[Not completed]
2023-03-16 20:04:03,883 [pool-163-thread-1] INFO  server.RaftServer$Division (RaftServerImpl.java:<init>(195)) - c86eb04d-3968-498e-b9b0-20c907963056: new RaftServerImpl for group-4B02C57A7040:[c86eb04d-3968-498e-b9b0-20c907963056|rpc:10.1.0.41:35363|dataStream:10.1.0.41:41741|priority:1|startupRole:FOLLOWER] with ContainerStateMachine:uninitialized
2023-03-16 20:04:03,883 [pool-163-thread-1] INFO  server.RaftServerConfigKeys (ConfUtils.java:logGet(46)) - raft.server.rpc.timeout.min = 5s (custom)
2023-03-16 20:04:03,883 [pool-163-thread-1] INFO  server.RaftServerConfigKeys (ConfUtils.java:logGet(46)) - raft.server.rpc.timeout.max = 5200ms (custom)
2023-03-16 20:04:03,883 [pool-163-thread-1] INFO  server.RaftServerConfigKeys (ConfUtils.java:logGet(46)) - raft.server.rpc.sleep.time = 25ms (default)
2023-03-16 20:04:03,883 [pool-163-thread-1] INFO  server.RaftServerConfigKeys (ConfUtils.java:logGet(46)) - raft.server.rpc.slowness.timeout = 300s (custom)
2023-03-16 20:04:03,883 [pool-163-thread-1] INFO  server.RaftServerConfigKeys (ConfUtils.java:logGet(46)) - raft.server.leaderelection.leader.step-down.wait-time = 10s (default)
2023-03-16 20:04:03,884 [pool-163-thread-1] INFO  server.RaftServerConfigKeys (ConfUtils.java:logGet(46)) - raft.server.sleep.deviation.threshold = 300ms (default)
2023-03-16 20:04:03,884 [pool-163-thread-1] INFO  server.RaftServer$Division (ServerState.java:<init>(118)) - c86eb04d-3968-498e-b9b0-20c907963056@group-4B02C57A7040: ConfigurationManager, init=-1: peers:[c86eb04d-3968-498e-b9b0-20c907963056|rpc:10.1.0.41:35363|dataStream:10.1.0.41:41741|priority:1|startupRole:FOLLOWER]|listeners:[], old=null, confs=<EMPTY_MAP>
2023-03-16 20:04:03,884 [pool-163-thread-1] INFO  server.RaftServerConfigKeys (ConfUtils.java:logGet(46)) - raft.server.storage.dir = [/home/runner/work/ozone/ozone/hadoop-ozone/integration-test/target/test-dir/MiniOzoneClusterImpl-77d2372e-e00f-46e1-a11d-7f7bb0f90484/datanode-4/data/ratis] (custom)
2023-03-16 20:04:03,884 [pool-163-thread-1] INFO  server.RaftServerConfigKeys (ConfUtils.java:logGet(46)) - raft.server.log.corruption.policy = EXCEPTION (default)
2023-03-16 20:04:03,884 [pool-163-thread-1] INFO  server.RaftServerConfigKeys (ConfUtils.java:logGet(46)) - raft.server.storage.free-space.min = 0MB (=0) (default)
2023-03-16 20:04:03,884 [pool-163-thread-1] INFO  server.RaftServerConfigKeys (ConfUtils.java:logGet(46)) - raft.server.notification.no-leader.timeout = 300s (custom)
2023-03-16 20:04:03,884 [pool-163-thread-1] INFO  server.RaftServerConfigKeys (ConfUtils.java:logGet(46)) - raft.server.retrycache.expirytime = 600000ms (custom)
2023-03-16 20:04:03,884 [pool-163-thread-1] INFO  server.RaftServerConfigKeys (ConfUtils.java:logGet(46)) - raft.server.retrycache.statistics.expirytime = 100μs (default)
2023-03-16 20:04:03,887 [pool-163-thread-1] INFO  server.RaftServerConfigKeys (ConfUtils.java:logGet(46)) - raft.server.log.appender.install.snapshot.enabled = false (custom)
2023-03-16 20:04:03,887 [pool-163-thread-1] INFO  server.RaftServerConfigKeys (ConfUtils.java:logGet(46)) - raft.server.threadpool.server.cached = true (default)
2023-03-16 20:04:03,887 [pool-163-thread-1] INFO  server.RaftServerConfigKeys (ConfUtils.java:logGet(46)) - raft.server.threadpool.server.size = 0 (default)
2023-03-16 20:04:03,887 [pool-163-thread-1] INFO  server.RaftServerConfigKeys (ConfUtils.java:logGet(46)) - raft.server.threadpool.client.cached = true (default)
2023-03-16 20:04:03,887 [pool-163-thread-1] INFO  server.RaftServerConfigKeys (ConfUtils.java:logGet(46)) - raft.server.threadpool.client.size = 0 (default)
2023-03-16 20:04:03,887 [pool-163-thread-1] INFO  storage.RaftStorageDirectory (RaftStorageDirectoryImpl.java:analyzeStorage(137)) - The storage directory /home/runner/work/ozone/ozone/hadoop-ozone/integration-test/target/test-dir/MiniOzoneClusterImpl-77d2372e-e00f-46e1-a11d-7f7bb0f90484/datanode-4/data/ratis/9959b81f-9a90-4282-9160-4b02c57a7040 does not exist. Creating ...
2023-03-16 20:04:03,889 [pool-163-thread-1] INFO  storage.RaftStorageDirectory (RaftStorageDirectoryImpl.java:tryLock(231)) - Lock on /home/runner/work/ozone/ozone/hadoop-ozone/integration-test/target/test-dir/MiniOzoneClusterImpl-77d2372e-e00f-46e1-a11d-7f7bb0f90484/datanode-4/data/ratis/9959b81f-9a90-4282-9160-4b02c57a7040/in_use.lock acquired by nodename 79287@fv-az371-917
2023-03-16 20:04:03,891 [pool-163-thread-1] INFO  storage.RaftStorage (RaftStorageImpl.java:format(96)) - Storage directory /home/runner/work/ozone/ozone/hadoop-ozone/integration-test/target/test-dir/MiniOzoneClusterImpl-77d2372e-e00f-46e1-a11d-7f7bb0f90484/datanode-4/data/ratis/9959b81f-9a90-4282-9160-4b02c57a7040 has been successfully formatted.
2023-03-16 20:04:03,893 [pool-163-thread-1] INFO  ratis.ContainerStateMachine (ContainerStateMachine.java:loadSnapshot(262)) - group-4B02C57A7040: The snapshot info is null. Setting the last applied indexto:(t:0, i:~)
2023-03-16 20:04:03,893 [pool-163-thread-1] INFO  server.RaftServerConfigKeys (ConfUtils.java:logGet(46)) - raft.server.log.use.memory = false (default)
2023-03-16 20:04:03,895 [pool-163-thread-1] INFO  server.RaftServerConfigKeys (ConfUtils.java:logGet(46)) - raft.server.log.purge.gap = 1000000 (custom)
2023-03-16 20:04:03,895 [pool-163-thread-1] INFO  server.RaftServerConfigKeys (ConfUtils.java:logGet(46)) - raft.server.log.appender.buffer.byte-limit = 33554432 (custom)
2023-03-16 20:04:03,895 [pool-163-thread-1] INFO  server.RaftServerConfigKeys (ConfUtils.java:logGet(46)) - raft.server.log.statemachine.data.read.timeout = 1000ms (default)
2023-03-16 20:04:03,895 [pool-163-thread-1] INFO  server.RaftServerConfigKeys (ConfUtils.java:logGet(46)) - raft.server.log.purge.preservation.log.num = 0 (default)
2023-03-16 20:04:03,895 [pool-163-thread-1] INFO  server.RaftServerConfigKeys (ConfUtils.java:logGet(46)) - raft.server.log.segment.size.max = 1048576 (custom)
2023-03-16 20:04:03,896 [EventQueue-PipelineReportForPipelineReportHandler] INFO  pipeline.PipelineManagerImpl (PipelineManagerImpl.java:openPipeline(367)) - Pipeline Pipeline[ Id: 9959b81f-9a90-4282-9160-4b02c57a7040, Nodes: c86eb04d-3968-498e-b9b0-20c907963056(fv-az371-917/10.1.0.41), ReplicationConfig: RATIS/ONE, State:ALLOCATED, leaderId:c86eb04d-3968-498e-b9b0-20c907963056, CreationTimestamp2023-03-16T20:04:00.884Z[Etc/UTC]] moved to OPEN state
2023-03-16 20:04:03,896 [pool-163-thread-1] INFO  server.RaftServerConfigKeys (ConfUtils.java:logGet(46)) - raft.server.log.segment.cache.num.max = 2 (custom)
2023-03-16 20:04:03,896 [pool-163-thread-1] INFO  server.RaftServerConfigKeys (ConfUtils.java:logGet(46)) - raft.server.log.segment.cache.size.max = 200MB (=209715200) (default)
2023-03-16 20:04:03,896 [pool-163-thread-1] INFO  segmented.SegmentedRaftLogWorker (SegmentedRaftLogWorker.java:<init>(189)) - new c86eb04d-3968-498e-b9b0-20c907963056@group-4B02C57A7040-SegmentedRaftLogWorker for RaftStorageImpl:Storage Directory /home/runner/work/ozone/ozone/hadoop-ozone/integration-test/target/test-dir/MiniOzoneClusterImpl-77d2372e-e00f-46e1-a11d-7f7bb0f90484/datanode-4/data/ratis/9959b81f-9a90-4282-9160-4b02c57a7040
2023-03-16 20:04:03,896 [pool-163-thread-1] INFO  server.RaftServerConfigKeys (ConfUtils.java:logGet(46)) - raft.server.log.queue.byte-limit = 4294967296 (custom)
2023-03-16 20:04:03,896 [EventQueue-OpenPipelineForHealthyPipelineSafeModeRule] INFO  safemode.SCMSafeModeManager (HealthyPipelineSafeModeRule.java:process(137)) - SCM in safe mode. Healthy pipelines reported count is 0, required healthy pipeline reported count is 1
2023-03-16 20:04:03,896 [pool-163-thread-1] INFO  server.RaftServerConfigKeys (ConfUtils.java:logGet(46)) - raft.server.log.queue.element-limit = 1024 (custom)
2023-03-16 20:04:03,897 [pool-163-thread-1] INFO  server.RaftServerConfigKeys (ConfUtils.java:logGet(46)) - raft.server.log.segment.size.max = 1048576 (custom)
2023-03-16 20:04:03,897 [pool-163-thread-1] INFO  server.RaftServerConfigKeys (ConfUtils.java:logGet(46)) - raft.server.log.preallocated.size = 16384 (custom)
2023-03-16 20:04:03,897 [pool-163-thread-1] INFO  server.RaftServerConfigKeys (ConfUtils.java:logGet(46)) - raft.server.log.force.sync.num = 128 (default)
2023-03-16 20:04:03,897 [pool-163-thread-1] INFO  server.RaftServerConfigKeys (ConfUtils.java:logGet(46)) - raft.server.log.statemachine.data.sync = true (default)
2023-03-16 20:04:03,897 [pool-163-thread-1] INFO  server.RaftServerConfigKeys (ConfUtils.java:logGet(46)) - raft.server.log.statemachine.data.sync.timeout = 10s (default)
2023-03-16 20:04:03,897 [pool-163-thread-1] INFO  server.RaftServerConfigKeys (ConfUtils.java:logGet(46)) - raft.server.log.statemachine.data.sync.timeout.retry = -1 (default)
2023-03-16 20:04:03,898 [pool-163-thread-1] INFO  server.RaftServerConfigKeys (ConfUtils.java:logGet(46)) - raft.server.log.write.buffer.size = 1048576 (custom)
2023-03-16 20:04:03,899 [pool-163-thread-1] INFO  server.RaftServerConfigKeys (ConfUtils.java:logGet(46)) - raft.server.log.appender.buffer.byte-limit = 33554432 (custom)
2023-03-16 20:04:03,907 [pool-163-thread-1] INFO  server.RaftServerConfigKeys (ConfUtils.java:logGet(46)) - raft.server.log.unsafe-flush.enabled = false (default)
2023-03-16 20:04:03,907 [pool-163-thread-1] INFO  server.RaftServerConfigKeys (ConfUtils.java:logGet(46)) - raft.server.log.async-flush.enabled = false (default)
2023-03-16 20:04:03,907 [pool-163-thread-1] INFO  server.RaftServerConfigKeys (ConfUtils.java:logGet(46)) - raft.server.log.statemachine.data.caching.enabled = true (custom)
2023-03-16 20:04:03,907 [pool-163-thread-1] INFO  segmented.SegmentedRaftLogWorker (SegmentedRaftLogWorker.java:lambda$new$0(135)) - c86eb04d-3968-498e-b9b0-20c907963056@group-4B02C57A7040-SegmentedRaftLogWorker: flushIndex: setUnconditionally 0 -> -1
2023-03-16 20:04:03,907 [pool-163-thread-1] INFO  segmented.SegmentedRaftLogWorker (SegmentedRaftLogWorker.java:lambda$new$0(135)) - c86eb04d-3968-498e-b9b0-20c907963056@group-4B02C57A7040-SegmentedRaftLogWorker: safeCacheEvictIndex: setUnconditionally 0 -> -1
2023-03-16 20:04:03,908 [pool-163-thread-1] INFO  server.RaftServer$Division (RaftServerImpl.java:start(334)) - c86eb04d-3968-498e-b9b0-20c907963056@group-4B02C57A7040: start as a follower, conf=-1: peers:[c86eb04d-3968-498e-b9b0-20c907963056|rpc:10.1.0.41:35363|dataStream:10.1.0.41:41741|priority:1|startupRole:FOLLOWER]|listeners:[], old=null
2023-03-16 20:04:03,908 [pool-163-thread-1] INFO  server.RaftServer$Division (RaftServerImpl.java:setRole(321)) - c86eb04d-3968-498e-b9b0-20c907963056@group-4B02C57A7040: changes role from      null to FOLLOWER at term 0 for startAsFollower
2023-03-16 20:04:03,908 [pool-163-thread-1] INFO  impl.RoleInfo (RoleInfo.java:updateAndGet(139)) - c86eb04d-3968-498e-b9b0-20c907963056: start c86eb04d-3968-498e-b9b0-20c907963056@group-4B02C57A7040-FollowerState
2023-03-16 20:04:03,909 [pool-163-thread-1] INFO  util.JmxRegister (JmxRegister.java:tryRegister(44)) - Successfully registered JMX Bean with object name Ratis:service=RaftServer,group=group-4B02C57A7040,id=c86eb04d-3968-498e-b9b0-20c907963056
2023-03-16 20:04:03,909 [pool-163-thread-1] INFO  server.RaftServerConfigKeys (ConfUtils.java:logGet(46)) - raft.server.snapshot.auto.trigger.enabled = true (custom)
2023-03-16 20:04:03,909 [pool-163-thread-1] INFO  server.RaftServerConfigKeys (ConfUtils.java:logGet(46)) - raft.server.snapshot.auto.trigger.threshold = 10000 (custom)
2023-03-16 20:04:03,909 [pool-163-thread-1] INFO  server.RaftServerConfigKeys (ConfUtils.java:logGet(46)) - raft.server.snapshot.retention.file.num = 5 (custom)
2023-03-16 20:04:03,909 [pool-163-thread-1] INFO  server.RaftServerConfigKeys (ConfUtils.java:logGet(46)) - raft.server.log.purge.upto.snapshot.index = false (default)
2023-03-16 20:04:03,910 [Command processor thread] INFO  ratis.XceiverServerRatis (XceiverServerRatis.java:addGroup(807)) - Created group PipelineID=9959b81f-9a90-4282-9160-4b02c57a7040
2023-03-16 20:04:03,910 [Command processor thread] INFO  commandhandler.CreatePipelineCommandHandler (CreatePipelineCommandHandler.java:handle(113)) - Created Pipeline RATIS ONE PipelineID=9959b81f-9a90-4282-9160-4b02c57a7040.
2023-03-16 20:04:03,910 [c86eb04d-3968-498e-b9b0-20c907963056@group-4B02C57A7040-FollowerState] INFO  server.RaftServerConfigKeys (ConfUtils.java:logFallback(53)) - raft.server.rpc.first-election.timeout.min = 5s (fallback to raft.server.rpc.timeout.min)
2023-03-16 20:04:03,910 [c86eb04d-3968-498e-b9b0-20c907963056@group-4B02C57A7040-FollowerState] INFO  server.RaftServerConfigKeys (ConfUtils.java:logFallback(53)) - raft.server.rpc.first-election.timeout.max = 5200ms (fallback to raft.server.rpc.timeout.max)
2023-03-16 20:04:04,133 [Listener at 127.0.0.1/35091] INFO  ozone.MiniOzoneClusterImpl (MiniOzoneClusterImpl.java:lambda$waitForClusterToBeReady$0(222)) - Nodes are ready. Got 5 of 5 DN Heartbeats.
2023-03-16 20:04:04,133 [Listener at 127.0.0.1/35091] INFO  ozone.MiniOzoneClusterImpl (MiniOzoneClusterImpl.java:lambda$waitForClusterToBeReady$0(225)) - Waiting for cluster to exit safe mode
2023-03-16 20:04:04,133 [Listener at 127.0.0.1/35091] INFO  ozone.MiniOzoneClusterImpl (MiniOzoneClusterImpl.java:lambda$waitForClusterToBeReady$0(227)) - SCM became leader
2023-03-16 20:04:05,134 [Listener at 127.0.0.1/35091] INFO  ozone.MiniOzoneClusterImpl (MiniOzoneClusterImpl.java:lambda$waitForClusterToBeReady$0(222)) - Nodes are ready. Got 5 of 5 DN Heartbeats.
2023-03-16 20:04:05,134 [Listener at 127.0.0.1/35091] INFO  ozone.MiniOzoneClusterImpl (MiniOzoneClusterImpl.java:lambda$waitForClusterToBeReady$0(225)) - Waiting for cluster to exit safe mode
2023-03-16 20:04:05,134 [Listener at 127.0.0.1/35091] INFO  ozone.MiniOzoneClusterImpl (MiniOzoneClusterImpl.java:lambda$waitForClusterToBeReady$0(227)) - SCM became leader
2023-03-16 20:04:06,134 [Listener at 127.0.0.1/35091] INFO  ozone.MiniOzoneClusterImpl (MiniOzoneClusterImpl.java:lambda$waitForClusterToBeReady$0(222)) - Nodes are ready. Got 5 of 5 DN Heartbeats.
2023-03-16 20:04:06,135 [Listener at 127.0.0.1/35091] INFO  ozone.MiniOzoneClusterImpl (MiniOzoneClusterImpl.java:lambda$waitForClusterToBeReady$0(225)) - Waiting for cluster to exit safe mode
2023-03-16 20:04:06,135 [Listener at 127.0.0.1/35091] INFO  ozone.MiniOzoneClusterImpl (MiniOzoneClusterImpl.java:lambda$waitForClusterToBeReady$0(227)) - SCM became leader
2023-03-16 20:04:06,733 [c8f26da1-2406-40b8-bbe6-f78547910a7f@group-F05A27693BCD-FollowerState] INFO  impl.FollowerState (FollowerState.java:run(143)) - c8f26da1-2406-40b8-bbe6-f78547910a7f@group-F05A27693BCD-FollowerState: change to CANDIDATE, lastRpcElapsedTime:5199292381ns, electionTimeout:5183ms
2023-03-16 20:04:06,734 [c8f26da1-2406-40b8-bbe6-f78547910a7f@group-F05A27693BCD-FollowerState] INFO  impl.RoleInfo (RoleInfo.java:shutdownFollowerState(110)) - c8f26da1-2406-40b8-bbe6-f78547910a7f: shutdown c8f26da1-2406-40b8-bbe6-f78547910a7f@group-F05A27693BCD-FollowerState
2023-03-16 20:04:06,734 [c8f26da1-2406-40b8-bbe6-f78547910a7f@group-F05A27693BCD-FollowerState] INFO  server.RaftServer$Division (RaftServerImpl.java:setRole(321)) - c8f26da1-2406-40b8-bbe6-f78547910a7f@group-F05A27693BCD: changes role from  FOLLOWER to CANDIDATE at term 0 for changeToCandidate
2023-03-16 20:04:06,735 [c8f26da1-2406-40b8-bbe6-f78547910a7f@group-F05A27693BCD-FollowerState] INFO  server.RaftServerConfigKeys (ConfUtils.java:logGet(46)) - raft.server.leaderelection.pre-vote = true (default)
2023-03-16 20:04:06,736 [c8f26da1-2406-40b8-bbe6-f78547910a7f@group-F05A27693BCD-FollowerState] INFO  impl.RoleInfo (RoleInfo.java:updateAndGet(139)) - c8f26da1-2406-40b8-bbe6-f78547910a7f: start c8f26da1-2406-40b8-bbe6-f78547910a7f@group-F05A27693BCD-LeaderElection2
2023-03-16 20:04:06,745 [c8f26da1-2406-40b8-bbe6-f78547910a7f@group-F05A27693BCD-LeaderElection2] INFO  impl.LeaderElection (LeaderElection.java:askForVotes(312)) - c8f26da1-2406-40b8-bbe6-f78547910a7f@group-F05A27693BCD-LeaderElection2 PRE_VOTE round 0: submit vote requests at term 0 for -1: peers:[c8f26da1-2406-40b8-bbe6-f78547910a7f|rpc:10.1.0.41:39335|dataStream:10.1.0.41:46287|priority:1|startupRole:FOLLOWER]|listeners:[], old=null
2023-03-16 20:04:06,745 [c8f26da1-2406-40b8-bbe6-f78547910a7f@group-F05A27693BCD-LeaderElection2] INFO  impl.LeaderElection (LeaderElection.java:askForVotes(314)) - c8f26da1-2406-40b8-bbe6-f78547910a7f@group-F05A27693BCD-LeaderElection2 PRE_VOTE round 0: result PASSED (term=0)
2023-03-16 20:04:06,747 [c8f26da1-2406-40b8-bbe6-f78547910a7f@group-F05A27693BCD-LeaderElection2] INFO  impl.LeaderElection (LeaderElection.java:askForVotes(312)) - c8f26da1-2406-40b8-bbe6-f78547910a7f@group-F05A27693BCD-LeaderElection2 ELECTION round 0: submit vote requests at term 1 for -1: peers:[c8f26da1-2406-40b8-bbe6-f78547910a7f|rpc:10.1.0.41:39335|dataStream:10.1.0.41:46287|priority:1|startupRole:FOLLOWER]|listeners:[], old=null
2023-03-16 20:04:06,747 [c8f26da1-2406-40b8-bbe6-f78547910a7f@group-F05A27693BCD-LeaderElection2] INFO  impl.LeaderElection (LeaderElection.java:askForVotes(314)) - c8f26da1-2406-40b8-bbe6-f78547910a7f@group-F05A27693BCD-LeaderElection2 ELECTION round 0: result PASSED (term=1)
2023-03-16 20:04:06,747 [c8f26da1-2406-40b8-bbe6-f78547910a7f@group-F05A27693BCD-LeaderElection2] INFO  impl.RoleInfo (RoleInfo.java:shutdownLeaderElection(130)) - c8f26da1-2406-40b8-bbe6-f78547910a7f: shutdown c8f26da1-2406-40b8-bbe6-f78547910a7f@group-F05A27693BCD-LeaderElection2
2023-03-16 20:04:06,747 [c8f26da1-2406-40b8-bbe6-f78547910a7f@group-F05A27693BCD-LeaderElection2] INFO  server.RaftServer$Division (RaftServerImpl.java:setRole(321)) - c8f26da1-2406-40b8-bbe6-f78547910a7f@group-F05A27693BCD: changes role from CANDIDATE to LEADER at term 1 for changeToLeader
2023-03-16 20:04:06,747 [c8f26da1-2406-40b8-bbe6-f78547910a7f@group-F05A27693BCD-LeaderElection2] INFO  ratis.XceiverServerRatis (XceiverServerRatis.java:handleLeaderChangedNotification(905)) - Leader change notification received for group: group-F05A27693BCD with new leaderId: c8f26da1-2406-40b8-bbe6-f78547910a7f
2023-03-16 20:04:06,748 [c8f26da1-2406-40b8-bbe6-f78547910a7f@group-F05A27693BCD-LeaderElection2] INFO  server.RaftServer$Division (ServerState.java:setLeader(313)) - c8f26da1-2406-40b8-bbe6-f78547910a7f@group-F05A27693BCD: change Leader from null to c8f26da1-2406-40b8-bbe6-f78547910a7f at term 1 for becomeLeader, leader elected after 5269ms
2023-03-16 20:04:06,748 [c8f26da1-2406-40b8-bbe6-f78547910a7f@group-F05A27693BCD-LeaderElection2] INFO  server.RaftServerConfigKeys (ConfUtils.java:logGet(46)) - raft.server.staging.catchup.gap = 1000 (default)
2023-03-16 20:04:06,750 [c8f26da1-2406-40b8-bbe6-f78547910a7f@group-F05A27693BCD-LeaderElection2] INFO  server.RaftServerConfigKeys (ConfUtils.java:logGet(46)) - raft.server.write.element-limit = 1024 (custom)
2023-03-16 20:04:06,750 [c8f26da1-2406-40b8-bbe6-f78547910a7f@group-F05A27693BCD-LeaderElection2] INFO  server.RaftServerConfigKeys (ConfUtils.java:logGet(46)) - raft.server.write.byte-limit = 1024 M (=1073741824) (custom)
2023-03-16 20:04:06,750 [c8f26da1-2406-40b8-bbe6-f78547910a7f@group-F05A27693BCD-LeaderElection2] INFO  server.RaftServerConfigKeys (ConfUtils.java:logGet(46)) - raft.server.watch.timeout = 180s (custom)
2023-03-16 20:04:06,751 [c8f26da1-2406-40b8-bbe6-f78547910a7f@group-F05A27693BCD-LeaderElection2] INFO  server.RaftServerConfigKeys (ConfUtils.java:logGet(46)) - raft.server.watch.timeout.denomination = 1s (default)
2023-03-16 20:04:06,751 [c8f26da1-2406-40b8-bbe6-f78547910a7f@group-F05A27693BCD-LeaderElection2] INFO  server.RaftServerConfigKeys (ConfUtils.java:logGet(46)) - raft.server.watch.element-limit = 65536 (default)
2023-03-16 20:04:06,751 [c8f26da1-2406-40b8-bbe6-f78547910a7f@group-F05A27693BCD-LeaderElection2] INFO  server.RaftServerConfigKeys (ConfUtils.java:logGet(46)) - raft.server.write.element-limit = 1024 (custom)
2023-03-16 20:04:06,751 [c8f26da1-2406-40b8-bbe6-f78547910a7f@group-F05A27693BCD-LeaderElection2] INFO  server.RaftServerConfigKeys (ConfUtils.java:logGet(46)) - raft.server.write.follower.gap.ratio.max = -1.0 (default)
2023-03-16 20:04:06,751 [c8f26da1-2406-40b8-bbe6-f78547910a7f@group-F05A27693BCD-LeaderElection2] INFO  impl.RoleInfo (RoleInfo.java:updateAndGet(139)) - c8f26da1-2406-40b8-bbe6-f78547910a7f: start c8f26da1-2406-40b8-bbe6-f78547910a7f@group-F05A27693BCD-LeaderStateImpl
2023-03-16 20:04:06,752 [c8f26da1-2406-40b8-bbe6-f78547910a7f@group-F05A27693BCD-LeaderElection2] INFO  segmented.SegmentedRaftLogWorker (SegmentedRaftLogWorker.java:startLogSegment(452)) - c8f26da1-2406-40b8-bbe6-f78547910a7f@group-F05A27693BCD-SegmentedRaftLogWorker: Starting segment from index:0
2023-03-16 20:04:06,753 [EventQueue-OpenPipelineForHealthyPipelineSafeModeRule] INFO  safemode.SCMSafeModeManager (HealthyPipelineSafeModeRule.java:process(137)) - SCM in safe mode. Healthy pipelines reported count is 0, required healthy pipeline reported count is 1
2023-03-16 20:04:06,754 [c8f26da1-2406-40b8-bbe6-f78547910a7f@group-F05A27693BCD-SegmentedRaftLogWorker] INFO  segmented.SegmentedRaftLogWorker (SegmentedRaftLogWorker.java:execute(656)) - c8f26da1-2406-40b8-bbe6-f78547910a7f@group-F05A27693BCD-SegmentedRaftLogWorker: created new log segment /home/runner/work/ozone/ozone/hadoop-ozone/integration-test/target/test-dir/MiniOzoneClusterImpl-77d2372e-e00f-46e1-a11d-7f7bb0f90484/datanode-0/data/ratis/b56042f2-1e86-4100-b0cd-f05a27693bcd/current/log_inprogress_0
2023-03-16 20:04:06,753 [c8f26da1-2406-40b8-bbe6-f78547910a7f@group-3913DCC4D4C8-FollowerState] INFO  impl.FollowerState (FollowerState.java:run(143)) - c8f26da1-2406-40b8-bbe6-f78547910a7f@group-3913DCC4D4C8-FollowerState: change to CANDIDATE, lastRpcElapsedTime:5109173830ns, electionTimeout:5091ms
2023-03-16 20:04:06,758 [c8f26da1-2406-40b8-bbe6-f78547910a7f@group-3913DCC4D4C8-FollowerState] INFO  impl.RoleInfo (RoleInfo.java:shutdownFollowerState(110)) - c8f26da1-2406-40b8-bbe6-f78547910a7f: shutdown c8f26da1-2406-40b8-bbe6-f78547910a7f@group-3913DCC4D4C8-FollowerState
2023-03-16 20:04:06,758 [c8f26da1-2406-40b8-bbe6-f78547910a7f@group-3913DCC4D4C8-FollowerState] INFO  server.RaftServer$Division (RaftServerImpl.java:setRole(321)) - c8f26da1-2406-40b8-bbe6-f78547910a7f@group-3913DCC4D4C8: changes role from  FOLLOWER to CANDIDATE at term 0 for changeToCandidate
2023-03-16 20:04:06,758 [c8f26da1-2406-40b8-bbe6-f78547910a7f@group-3913DCC4D4C8-FollowerState] INFO  server.RaftServerConfigKeys (ConfUtils.java:logGet(46)) - raft.server.leaderelection.pre-vote = true (default)
2023-03-16 20:04:06,758 [c8f26da1-2406-40b8-bbe6-f78547910a7f@group-3913DCC4D4C8-FollowerState] INFO  impl.RoleInfo (RoleInfo.java:updateAndGet(139)) - c8f26da1-2406-40b8-bbe6-f78547910a7f: start c8f26da1-2406-40b8-bbe6-f78547910a7f@group-3913DCC4D4C8-LeaderElection3
2023-03-16 20:04:06,770 [c8f26da1-2406-40b8-bbe6-f78547910a7f@group-F05A27693BCD-LeaderElection2] INFO  server.RaftServer$Division (ServerState.java:setRaftConf(430)) - c8f26da1-2406-40b8-bbe6-f78547910a7f@group-F05A27693BCD: set configuration 0: peers:[c8f26da1-2406-40b8-bbe6-f78547910a7f|rpc:10.1.0.41:39335|dataStream:10.1.0.41:46287|priority:1|startupRole:FOLLOWER]|listeners:[], old=null
2023-03-16 20:04:06,772 [c8f26da1-2406-40b8-bbe6-f78547910a7f@group-3913DCC4D4C8-LeaderElection3] INFO  impl.LeaderElection (LeaderElection.java:askForVotes(312)) - c8f26da1-2406-40b8-bbe6-f78547910a7f@group-3913DCC4D4C8-LeaderElection3 PRE_VOTE round 0: submit vote requests at term 0 for -1: peers:[c5189d4b-3145-494e-80fe-2ee109b29a1b|rpc:10.1.0.41:37943|dataStream:10.1.0.41:43421|priority:0|startupRole:FOLLOWER, c8f26da1-2406-40b8-bbe6-f78547910a7f|rpc:10.1.0.41:39335|dataStream:10.1.0.41:46287|priority:1|startupRole:FOLLOWER, 2de148b0-f597-457b-b70e-3e9a456efa0b|rpc:10.1.0.41:36141|dataStream:10.1.0.41:33355|priority:0|startupRole:FOLLOWER]|listeners:[], old=null
2023-03-16 20:04:06,785 [c8f26da1-2406-40b8-bbe6-f78547910a7f@group-3913DCC4D4C8-LeaderElection3-1] INFO  server.GrpcServerProtocolClient (GrpcServerProtocolClient.java:<init>(63)) - Build channel for c5189d4b-3145-494e-80fe-2ee109b29a1b
2023-03-16 20:04:06,788 [c8f26da1-2406-40b8-bbe6-f78547910a7f@group-3913DCC4D4C8-LeaderElection3] INFO  server.RaftServerConfigKeys (ConfUtils.java:logFallback(53)) - raft.server.rpc.first-election.timeout.min = 5s (fallback to raft.server.rpc.timeout.min)
2023-03-16 20:04:06,789 [c8f26da1-2406-40b8-bbe6-f78547910a7f@group-3913DCC4D4C8-LeaderElection3] INFO  server.RaftServerConfigKeys (ConfUtils.java:logFallback(53)) - raft.server.rpc.first-election.timeout.max = 5200ms (fallback to raft.server.rpc.timeout.max)
2023-03-16 20:04:06,792 [c8f26da1-2406-40b8-bbe6-f78547910a7f@group-3913DCC4D4C8-LeaderElection3-2] INFO  server.GrpcServerProtocolClient (GrpcServerProtocolClient.java:<init>(63)) - Build channel for 2de148b0-f597-457b-b70e-3e9a456efa0b
2023-03-16 20:04:06,829 [grpc-default-executor-0] INFO  server.RaftServer$Division (RaftServerImpl.java:requestVote(1218)) - 2de148b0-f597-457b-b70e-3e9a456efa0b@group-3913DCC4D4C8: receive requestVote(PRE_VOTE, c8f26da1-2406-40b8-bbe6-f78547910a7f, group-3913DCC4D4C8, 0, (t:0, i:0))
2023-03-16 20:04:06,831 [grpc-default-executor-0] INFO  impl.VoteContext (VoteContext.java:log(49)) - 2de148b0-f597-457b-b70e-3e9a456efa0b@group-3913DCC4D4C8-FOLLOWER: accept PRE_VOTE from c8f26da1-2406-40b8-bbe6-f78547910a7f: our priority 0 <= candidate's priority 1
2023-03-16 20:04:06,841 [grpc-default-executor-0] INFO  server.RaftServer$Division (RaftServerImpl.java:requestVote(1251)) - 2de148b0-f597-457b-b70e-3e9a456efa0b@group-3913DCC4D4C8 replies to PRE_VOTE vote request: c8f26da1-2406-40b8-bbe6-f78547910a7f<-2de148b0-f597-457b-b70e-3e9a456efa0b#0:OK-t0. Peer's state: 2de148b0-f597-457b-b70e-3e9a456efa0b@group-3913DCC4D4C8:t0, leader=null, voted=, raftlog=Memoized:2de148b0-f597-457b-b70e-3e9a456efa0b@group-3913DCC4D4C8-SegmentedRaftLog:OPENED:c-1, conf=-1: peers:[c5189d4b-3145-494e-80fe-2ee109b29a1b|rpc:10.1.0.41:37943|dataStream:10.1.0.41:43421|priority:0|startupRole:FOLLOWER, c8f26da1-2406-40b8-bbe6-f78547910a7f|rpc:10.1.0.41:39335|dataStream:10.1.0.41:46287|priority:1|startupRole:FOLLOWER, 2de148b0-f597-457b-b70e-3e9a456efa0b|rpc:10.1.0.41:36141|dataStream:10.1.0.41:33355|priority:0|startupRole:FOLLOWER]|listeners:[], old=null
2023-03-16 20:04:06,846 [c8f26da1-2406-40b8-bbe6-f78547910a7f@group-3913DCC4D4C8-LeaderElection3] INFO  impl.LeaderElection (LeaderElection.java:logAndReturn(90)) - c8f26da1-2406-40b8-bbe6-f78547910a7f@group-3913DCC4D4C8-LeaderElection3: PRE_VOTE PASSED received 1 response(s) and 0 exception(s):
2023-03-16 20:04:06,846 [c8f26da1-2406-40b8-bbe6-f78547910a7f@group-3913DCC4D4C8-LeaderElection3] INFO  impl.LeaderElection (LeaderElection.java:logAndReturn(94)) -   Response 0: c8f26da1-2406-40b8-bbe6-f78547910a7f<-2de148b0-f597-457b-b70e-3e9a456efa0b#0:OK-t0
2023-03-16 20:04:06,846 [c8f26da1-2406-40b8-bbe6-f78547910a7f@group-3913DCC4D4C8-LeaderElection3] INFO  impl.LeaderElection (LeaderElection.java:askForVotes(314)) - c8f26da1-2406-40b8-bbe6-f78547910a7f@group-3913DCC4D4C8-LeaderElection3 PRE_VOTE round 0: result PASSED
2023-03-16 20:04:06,858 [c8f26da1-2406-40b8-bbe6-f78547910a7f@group-3913DCC4D4C8-LeaderElection3] INFO  impl.LeaderElection (LeaderElection.java:askForVotes(312)) - c8f26da1-2406-40b8-bbe6-f78547910a7f@group-3913DCC4D4C8-LeaderElection3 ELECTION round 0: submit vote requests at term 1 for -1: peers:[c5189d4b-3145-494e-80fe-2ee109b29a1b|rpc:10.1.0.41:37943|dataStream:10.1.0.41:43421|priority:0|startupRole:FOLLOWER, c8f26da1-2406-40b8-bbe6-f78547910a7f|rpc:10.1.0.41:39335|dataStream:10.1.0.41:46287|priority:1|startupRole:FOLLOWER, 2de148b0-f597-457b-b70e-3e9a456efa0b|rpc:10.1.0.41:36141|dataStream:10.1.0.41:33355|priority:0|startupRole:FOLLOWER]|listeners:[], old=null
2023-03-16 20:04:06,859 [c8f26da1-2406-40b8-bbe6-f78547910a7f@group-3913DCC4D4C8-LeaderElection3] INFO  server.RaftServerConfigKeys (ConfUtils.java:logFallback(53)) - raft.server.rpc.first-election.timeout.min = 5s (fallback to raft.server.rpc.timeout.min)
2023-03-16 20:04:06,860 [c8f26da1-2406-40b8-bbe6-f78547910a7f@group-3913DCC4D4C8-LeaderElection3] INFO  server.RaftServerConfigKeys (ConfUtils.java:logFallback(53)) - raft.server.rpc.first-election.timeout.max = 5200ms (fallback to raft.server.rpc.timeout.max)
2023-03-16 20:04:06,862 [grpc-default-executor-1] INFO  server.RaftServer$Division (RaftServerImpl.java:requestVote(1218)) - c5189d4b-3145-494e-80fe-2ee109b29a1b@group-3913DCC4D4C8: receive requestVote(PRE_VOTE, c8f26da1-2406-40b8-bbe6-f78547910a7f, group-3913DCC4D4C8, 0, (t:0, i:0))
2023-03-16 20:04:06,863 [grpc-default-executor-1] INFO  impl.VoteContext (VoteContext.java:log(49)) - c5189d4b-3145-494e-80fe-2ee109b29a1b@group-3913DCC4D4C8-FOLLOWER: accept PRE_VOTE from c8f26da1-2406-40b8-bbe6-f78547910a7f: our priority 0 <= candidate's priority 1
2023-03-16 20:04:06,866 [grpc-default-executor-1] INFO  server.RaftServer$Division (RaftServerImpl.java:requestVote(1251)) - c5189d4b-3145-494e-80fe-2ee109b29a1b@group-3913DCC4D4C8 replies to PRE_VOTE vote request: c8f26da1-2406-40b8-bbe6-f78547910a7f<-c5189d4b-3145-494e-80fe-2ee109b29a1b#0:OK-t0. Peer's state: c5189d4b-3145-494e-80fe-2ee109b29a1b@group-3913DCC4D4C8:t0, leader=null, voted=, raftlog=Memoized:c5189d4b-3145-494e-80fe-2ee109b29a1b@group-3913DCC4D4C8-SegmentedRaftLog:OPENED:c-1, conf=-1: peers:[c5189d4b-3145-494e-80fe-2ee109b29a1b|rpc:10.1.0.41:37943|dataStream:10.1.0.41:43421|priority:0|startupRole:FOLLOWER, c8f26da1-2406-40b8-bbe6-f78547910a7f|rpc:10.1.0.41:39335|dataStream:10.1.0.41:46287|priority:1|startupRole:FOLLOWER, 2de148b0-f597-457b-b70e-3e9a456efa0b|rpc:10.1.0.41:36141|dataStream:10.1.0.41:33355|priority:0|startupRole:FOLLOWER]|listeners:[], old=null
2023-03-16 20:04:06,876 [grpc-default-executor-0] INFO  server.RaftServer$Division (RaftServerImpl.java:requestVote(1218)) - 2de148b0-f597-457b-b70e-3e9a456efa0b@group-3913DCC4D4C8: receive requestVote(ELECTION, c8f26da1-2406-40b8-bbe6-f78547910a7f, group-3913DCC4D4C8, 1, (t:0, i:0))
2023-03-16 20:04:06,876 [grpc-default-executor-0] INFO  impl.VoteContext (VoteContext.java:log(49)) - 2de148b0-f597-457b-b70e-3e9a456efa0b@group-3913DCC4D4C8-FOLLOWER: accept ELECTION from c8f26da1-2406-40b8-bbe6-f78547910a7f: our priority 0 <= candidate's priority 1
2023-03-16 20:04:06,877 [grpc-default-executor-0] INFO  server.RaftServer$Division (RaftServerImpl.java:setRole(321)) - 2de148b0-f597-457b-b70e-3e9a456efa0b@group-3913DCC4D4C8: changes role from  FOLLOWER to FOLLOWER at term 1 for candidate:c8f26da1-2406-40b8-bbe6-f78547910a7f
2023-03-16 20:04:06,877 [grpc-default-executor-0] INFO  impl.RoleInfo (RoleInfo.java:shutdownFollowerState(110)) - 2de148b0-f597-457b-b70e-3e9a456efa0b: shutdown 2de148b0-f597-457b-b70e-3e9a456efa0b@group-3913DCC4D4C8-FollowerState
2023-03-16 20:04:06,876 [grpc-default-executor-1] INFO  server.RaftServer$Division (RaftServerImpl.java:requestVote(1218)) - c5189d4b-3145-494e-80fe-2ee109b29a1b@group-3913DCC4D4C8: receive requestVote(ELECTION, c8f26da1-2406-40b8-bbe6-f78547910a7f, group-3913DCC4D4C8, 1, (t:0, i:0))
2023-03-16 20:04:06,878 [grpc-default-executor-1] INFO  impl.VoteContext (VoteContext.java:log(49)) - c5189d4b-3145-494e-80fe-2ee109b29a1b@group-3913DCC4D4C8-FOLLOWER: accept ELECTION from c8f26da1-2406-40b8-bbe6-f78547910a7f: our priority 0 <= candidate's priority 1
2023-03-16 20:04:06,878 [grpc-default-executor-1] INFO  server.RaftServer$Division (RaftServerImpl.java:setRole(321)) - c5189d4b-3145-494e-80fe-2ee109b29a1b@group-3913DCC4D4C8: changes role from  FOLLOWER to FOLLOWER at term 1 for candidate:c8f26da1-2406-40b8-bbe6-f78547910a7f
2023-03-16 20:04:06,878 [grpc-default-executor-1] INFO  impl.RoleInfo (RoleInfo.java:shutdownFollowerState(110)) - c5189d4b-3145-494e-80fe-2ee109b29a1b: shutdown c5189d4b-3145-494e-80fe-2ee109b29a1b@group-3913DCC4D4C8-FollowerState
2023-03-16 20:04:06,878 [c5189d4b-3145-494e-80fe-2ee109b29a1b@group-3913DCC4D4C8-FollowerState] INFO  impl.FollowerState (FollowerState.java:run(152)) - c5189d4b-3145-494e-80fe-2ee109b29a1b@group-3913DCC4D4C8-FollowerState was interrupted
2023-03-16 20:04:06,878 [2de148b0-f597-457b-b70e-3e9a456efa0b@group-3913DCC4D4C8-FollowerState] INFO  impl.FollowerState (FollowerState.java:run(152)) - 2de148b0-f597-457b-b70e-3e9a456efa0b@group-3913DCC4D4C8-FollowerState was interrupted
2023-03-16 20:04:06,878 [grpc-default-executor-0] INFO  impl.RoleInfo (RoleInfo.java:updateAndGet(139)) - 2de148b0-f597-457b-b70e-3e9a456efa0b: start 2de148b0-f597-457b-b70e-3e9a456efa0b@group-3913DCC4D4C8-FollowerState
2023-03-16 20:04:06,879 [2de148b0-f597-457b-b70e-3e9a456efa0b@group-3913DCC4D4C8-FollowerState] INFO  server.RaftServerConfigKeys (ConfUtils.java:logFallback(53)) - raft.server.rpc.first-election.timeout.min = 5s (fallback to raft.server.rpc.timeout.min)
2023-03-16 20:04:06,879 [2de148b0-f597-457b-b70e-3e9a456efa0b@group-3913DCC4D4C8-FollowerState] INFO  server.RaftServerConfigKeys (ConfUtils.java:logFallback(53)) - raft.server.rpc.first-election.timeout.max = 5200ms (fallback to raft.server.rpc.timeout.max)
2023-03-16 20:04:06,880 [grpc-default-executor-1] INFO  impl.RoleInfo (RoleInfo.java:updateAndGet(139)) - c5189d4b-3145-494e-80fe-2ee109b29a1b: start c5189d4b-3145-494e-80fe-2ee109b29a1b@group-3913DCC4D4C8-FollowerState
2023-03-16 20:04:06,882 [grpc-default-executor-0] INFO  server.RaftServer$Division (RaftServerImpl.java:requestVote(1251)) - 2de148b0-f597-457b-b70e-3e9a456efa0b@group-3913DCC4D4C8 replies to ELECTION vote request: c8f26da1-2406-40b8-bbe6-f78547910a7f<-2de148b0-f597-457b-b70e-3e9a456efa0b#0:OK-t1. Peer's state: 2de148b0-f597-457b-b70e-3e9a456efa0b@group-3913DCC4D4C8:t1, leader=null, voted=c8f26da1-2406-40b8-bbe6-f78547910a7f, raftlog=Memoized:2de148b0-f597-457b-b70e-3e9a456efa0b@group-3913DCC4D4C8-SegmentedRaftLog:OPENED:c-1, conf=-1: peers:[c5189d4b-3145-494e-80fe-2ee109b29a1b|rpc:10.1.0.41:37943|dataStream:10.1.0.41:43421|priority:0|startupRole:FOLLOWER, c8f26da1-2406-40b8-bbe6-f78547910a7f|rpc:10.1.0.41:39335|dataStream:10.1.0.41:46287|priority:1|startupRole:FOLLOWER, 2de148b0-f597-457b-b70e-3e9a456efa0b|rpc:10.1.0.41:36141|dataStream:10.1.0.41:33355|priority:0|startupRole:FOLLOWER]|listeners:[], old=null
2023-03-16 20:04:06,885 [grpc-default-executor-1] INFO  server.RaftServer$Division (RaftServerImpl.java:requestVote(1251)) - c5189d4b-3145-494e-80fe-2ee109b29a1b@group-3913DCC4D4C8 replies to ELECTION vote request: c8f26da1-2406-40b8-bbe6-f78547910a7f<-c5189d4b-3145-494e-80fe-2ee109b29a1b#0:OK-t1. Peer's state: c5189d4b-3145-494e-80fe-2ee109b29a1b@group-3913DCC4D4C8:t1, leader=null, voted=c8f26da1-2406-40b8-bbe6-f78547910a7f, raftlog=Memoized:c5189d4b-3145-494e-80fe-2ee109b29a1b@group-3913DCC4D4C8-SegmentedRaftLog:OPENED:c-1, conf=-1: peers:[c5189d4b-3145-494e-80fe-2ee109b29a1b|rpc:10.1.0.41:37943|dataStream:10.1.0.41:43421|priority:0|startupRole:FOLLOWER, c8f26da1-2406-40b8-bbe6-f78547910a7f|rpc:10.1.0.41:39335|dataStream:10.1.0.41:46287|priority:1|startupRole:FOLLOWER, 2de148b0-f597-457b-b70e-3e9a456efa0b|rpc:10.1.0.41:36141|dataStream:10.1.0.41:33355|priority:0|startupRole:FOLLOWER]|listeners:[], old=null
2023-03-16 20:04:06,886 [c8f26da1-2406-40b8-bbe6-f78547910a7f@group-3913DCC4D4C8-LeaderElection3] INFO  impl.LeaderElection (LeaderElection.java:logAndReturn(90)) - c8f26da1-2406-40b8-bbe6-f78547910a7f@group-3913DCC4D4C8-LeaderElection3: ELECTION PASSED received 1 response(s) and 0 exception(s):
2023-03-16 20:04:06,888 [c8f26da1-2406-40b8-bbe6-f78547910a7f@group-3913DCC4D4C8-LeaderElection3] INFO  impl.LeaderElection (LeaderElection.java:logAndReturn(94)) -   Response 0: c8f26da1-2406-40b8-bbe6-f78547910a7f<-2de148b0-f597-457b-b70e-3e9a456efa0b#0:OK-t1
2023-03-16 20:04:06,888 [c8f26da1-2406-40b8-bbe6-f78547910a7f@group-3913DCC4D4C8-LeaderElection3] INFO  impl.LeaderElection (LeaderElection.java:askForVotes(314)) - c8f26da1-2406-40b8-bbe6-f78547910a7f@group-3913DCC4D4C8-LeaderElection3 ELECTION round 0: result PASSED
2023-03-16 20:04:06,888 [c8f26da1-2406-40b8-bbe6-f78547910a7f@group-3913DCC4D4C8-LeaderElection3] INFO  impl.RoleInfo (RoleInfo.java:shutdownLeaderElection(130)) - c8f26da1-2406-40b8-bbe6-f78547910a7f: shutdown c8f26da1-2406-40b8-bbe6-f78547910a7f@group-3913DCC4D4C8-LeaderElection3
2023-03-16 20:04:06,888 [c8f26da1-2406-40b8-bbe6-f78547910a7f@group-3913DCC4D4C8-LeaderElection3] INFO  server.RaftServer$Division (RaftServerImpl.java:setRole(321)) - c8f26da1-2406-40b8-bbe6-f78547910a7f@group-3913DCC4D4C8: changes role from CANDIDATE to LEADER at term 1 for changeToLeader
2023-03-16 20:04:06,888 [c8f26da1-2406-40b8-bbe6-f78547910a7f@group-3913DCC4D4C8-LeaderElection3] INFO  ratis.XceiverServerRatis (XceiverServerRatis.java:handleLeaderChangedNotification(905)) - Leader change notification received for group: group-3913DCC4D4C8 with new leaderId: c8f26da1-2406-40b8-bbe6-f78547910a7f
2023-03-16 20:04:06,889 [c8f26da1-2406-40b8-bbe6-f78547910a7f@group-3913DCC4D4C8-LeaderElection3] INFO  server.RaftServer$Division (ServerState.java:setLeader(313)) - c8f26da1-2406-40b8-bbe6-f78547910a7f@group-3913DCC4D4C8: change Leader from null to c8f26da1-2406-40b8-bbe6-f78547910a7f at term 1 for becomeLeader, leader elected after 5302ms
2023-03-16 20:04:06,889 [c8f26da1-2406-40b8-bbe6-f78547910a7f@group-3913DCC4D4C8-LeaderElection3] INFO  server.RaftServerConfigKeys (ConfUtils.java:logGet(46)) - raft.server.staging.catchup.gap = 1000 (default)
2023-03-16 20:04:06,889 [c8f26da1-2406-40b8-bbe6-f78547910a7f@group-3913DCC4D4C8-LeaderElection3] INFO  server.RaftServerConfigKeys (ConfUtils.java:logGet(46)) - raft.server.write.element-limit = 1024 (custom)
2023-03-16 20:04:06,889 [c8f26da1-2406-40b8-bbe6-f78547910a7f@group-3913DCC4D4C8-LeaderElection3] INFO  server.RaftServerConfigKeys (ConfUtils.java:logGet(46)) - raft.server.write.byte-limit = 1024 M (=1073741824) (custom)
2023-03-16 20:04:06,890 [c8f26da1-2406-40b8-bbe6-f78547910a7f@group-3913DCC4D4C8-LeaderElection3] INFO  server.RaftServerConfigKeys (ConfUtils.java:logGet(46)) - raft.server.watch.timeout = 180s (custom)
2023-03-16 20:04:06,890 [c8f26da1-2406-40b8-bbe6-f78547910a7f@group-3913DCC4D4C8-LeaderElection3] INFO  server.RaftServerConfigKeys (ConfUtils.java:logGet(46)) - raft.server.watch.timeout.denomination = 1s (default)
2023-03-16 20:04:06,890 [c8f26da1-2406-40b8-bbe6-f78547910a7f@group-3913DCC4D4C8-LeaderElection3] INFO  server.RaftServerConfigKeys (ConfUtils.java:logGet(46)) - raft.server.watch.element-limit = 65536 (default)
2023-03-16 20:04:06,892 [c8f26da1-2406-40b8-bbe6-f78547910a7f@group-3913DCC4D4C8-LeaderElection3] INFO  server.RaftServerConfigKeys (ConfUtils.java:logGet(46)) - raft.server.write.element-limit = 1024 (custom)
2023-03-16 20:04:06,893 [c8f26da1-2406-40b8-bbe6-f78547910a7f@group-3913DCC4D4C8-LeaderElection3] INFO  server.RaftServerConfigKeys (ConfUtils.java:logGet(46)) - raft.server.write.follower.gap.ratio.max = -1.0 (default)
2023-03-16 20:04:06,888 [c5189d4b-3145-494e-80fe-2ee109b29a1b@group-3913DCC4D4C8-FollowerState] INFO  server.RaftServerConfigKeys (ConfUtils.java:logFallback(53)) - raft.server.rpc.first-election.timeout.min = 5s (fallback to raft.server.rpc.timeout.min)
2023-03-16 20:04:06,892 [EventQueue-PipelineReportForPipelineReportHandler] INFO  pipeline.PipelineManagerImpl (PipelineManagerImpl.java:openPipeline(367)) - Pipeline Pipeline[ Id: ed8dd5cd-2345-4928-a3a3-3913dcc4d4c8, Nodes: c8f26da1-2406-40b8-bbe6-f78547910a7f(fv-az371-917/10.1.0.41)c5189d4b-3145-494e-80fe-2ee109b29a1b(fv-az371-917/10.1.0.41)2de148b0-f597-457b-b70e-3e9a456efa0b(fv-az371-917/10.1.0.41), ReplicationConfig: RATIS/THREE, State:ALLOCATED, leaderId:c8f26da1-2406-40b8-bbe6-f78547910a7f, CreationTimestamp2023-03-16T20:03:59.781Z[Etc/UTC]] moved to OPEN state
2023-03-16 20:04:06,917 [c5189d4b-3145-494e-80fe-2ee109b29a1b@group-3913DCC4D4C8-FollowerState] INFO  server.RaftServerConfigKeys (ConfUtils.java:logFallback(53)) - raft.server.rpc.first-election.timeout.max = 5200ms (fallback to raft.server.rpc.timeout.max)
2023-03-16 20:04:06,918 [EventQueue-OpenPipelineForHealthyPipelineSafeModeRule] INFO  safemode.SCMSafeModeManager (HealthyPipelineSafeModeRule.java:process(137)) - SCM in safe mode. Healthy pipelines reported count is 1, required healthy pipeline reported count is 1
2023-03-16 20:04:06,920 [EventQueue-OpenPipelineForHealthyPipelineSafeModeRule] INFO  safemode.SCMSafeModeManager (SCMSafeModeManager.java:validateSafeModeExitRules(200)) - HealthyPipelineSafeModeRule rule is successfully validated
2023-03-16 20:04:06,920 [EventQueue-OpenPipelineForHealthyPipelineSafeModeRule] INFO  safemode.SCMSafeModeManager (SCMSafeModeManager.java:validateSafeModeExitRules(215)) - ScmSafeModeManager, all rules are successfully validated
2023-03-16 20:04:06,920 [EventQueue-OpenPipelineForHealthyPipelineSafeModeRule] INFO  safemode.SCMSafeModeManager (SCMSafeModeManager.java:exitSafeMode(244)) - SCM exiting safe mode.
2023-03-16 20:04:06,920 [EventQueue-OpenPipelineForHealthyPipelineSafeModeRule] INFO  ha.SCMContext (SCMContext.java:updateSafeModeStatus(228)) - Update SafeModeStatus from SafeModeStatus{safeModeStatus=true, preCheckPassed=true} to SafeModeStatus{safeModeStatus=false, preCheckPassed=true}.
2023-03-16 20:04:06,924 [EventQueue-OpenPipelineForHealthyPipelineSafeModeRule] INFO  pipeline.BackgroundPipelineCreator (BackgroundPipelineCreator.java:notifyStatusChanged(254)) - Service BackgroundPipelineCreator transitions to RUNNING.
2023-03-16 20:04:06,924 [EventQueue-OpenPipelineForHealthyPipelineSafeModeRule] INFO  BackgroundPipelineScrubber (BackgroundSCMService.java:notifyStatusChanged(82)) - Service BackgroundPipelineScrubber transitions to RUNNING.
2023-03-16 20:04:06,924 [EventQueue-OpenPipelineForHealthyPipelineSafeModeRule] INFO  ExpiredContainerReplicaOpScrubber (BackgroundSCMService.java:notifyStatusChanged(82)) - Service ExpiredContainerReplicaOpScrubber transitions to RUNNING.
2023-03-16 20:04:06,924 [EventQueue-OpenPipelineForHealthyPipelineSafeModeRule] INFO  replication.ReplicationManager (ReplicationManager.java:notifyStatusChanged(1165)) - Service ReplicationManager transitions to RUNNING.
2023-03-16 20:04:06,927 [c8f26da1-2406-40b8-bbe6-f78547910a7f@group-3913DCC4D4C8-LeaderElection3] INFO  server.RaftServerConfigKeys (ConfUtils.java:logGet(46)) - raft.server.log.appender.snapshot.chunk.size.max = 16MB (=16777216) (default)
2023-03-16 20:04:06,928 [c8f26da1-2406-40b8-bbe6-f78547910a7f@group-3913DCC4D4C8-LeaderElection3] INFO  server.RaftServerConfigKeys (ConfUtils.java:logGet(46)) - raft.server.log.appender.buffer.byte-limit = 33554432 (custom)
2023-03-16 20:04:06,928 [c8f26da1-2406-40b8-bbe6-f78547910a7f@group-3913DCC4D4C8-LeaderElection3] INFO  server.RaftServerConfigKeys (ConfUtils.java:logGet(46)) - raft.server.log.appender.buffer.element-limit = 1 (custom)
2023-03-16 20:04:06,931 [EventQueue-OpenPipelineForHealthyPipelineSafeModeRule] WARN  balancer.ContainerBalancer (ContainerBalancer.java:shouldRun(131)) - Could not find persisted configuration for ContainerBalancer when checking if ContainerBalancer should run. ContainerBalancer should not run now.
2023-03-16 20:04:06,938 [c8f26da1-2406-40b8-bbe6-f78547910a7f@group-3913DCC4D4C8-LeaderElection3] INFO  grpc.GrpcConfigKeys (ConfUtils.java:logGet(46)) - raft.grpc.server.leader.outstanding.appends.max = 128 (default)
2023-03-16 20:04:06,938 [c8f26da1-2406-40b8-bbe6-f78547910a7f@group-3913DCC4D4C8-LeaderElection3] INFO  server.RaftServerConfigKeys (ConfUtils.java:logGet(46)) - raft.server.rpc.request.timeout = 60s (custom)
2023-03-16 20:04:06,939 [c8f26da1-2406-40b8-bbe6-f78547910a7f@group-3913DCC4D4C8-LeaderElection3] INFO  server.RaftServerConfigKeys (ConfUtils.java:logGet(46)) - raft.server.log.appender.install.snapshot.enabled = false (custom)
2023-03-16 20:04:06,939 [c8f26da1-2406-40b8-bbe6-f78547910a7f@group-3913DCC4D4C8-LeaderElection3] INFO  grpc.GrpcConfigKeys (ConfUtils.java:logGet(46)) - raft.grpc.server.heartbeat.channel = true (default)
2023-03-16 20:04:06,939 [c8f26da1-2406-40b8-bbe6-f78547910a7f@group-3913DCC4D4C8-LeaderElection3] INFO  server.RaftServerConfigKeys (ConfUtils.java:logGet(46)) - raft.server.log.appender.wait-time.min = 10ms (default)
2023-03-16 20:04:06,942 [c8f26da1-2406-40b8-bbe6-f78547910a7f@group-3913DCC4D4C8-LeaderElection3] INFO  server.RaftServerConfigKeys (ConfUtils.java:logGet(46)) - raft.server.log.appender.snapshot.chunk.size.max = 16MB (=16777216) (default)
2023-03-16 20:04:06,942 [c8f26da1-2406-40b8-bbe6-f78547910a7f@group-3913DCC4D4C8-LeaderElection3] INFO  server.RaftServerConfigKeys (ConfUtils.java:logGet(46)) - raft.server.log.appender.buffer.byte-limit = 33554432 (custom)
2023-03-16 20:04:06,942 [c8f26da1-2406-40b8-bbe6-f78547910a7f@group-3913DCC4D4C8-LeaderElection3] INFO  server.RaftServerConfigKeys (ConfUtils.java:logGet(46)) - raft.server.log.appender.buffer.element-limit = 1 (custom)
2023-03-16 20:04:06,942 [c8f26da1-2406-40b8-bbe6-f78547910a7f@group-3913DCC4D4C8-LeaderElection3] INFO  grpc.GrpcConfigKeys (ConfUtils.java:logGet(46)) - raft.grpc.server.leader.outstanding.appends.max = 128 (default)
2023-03-16 20:04:06,942 [c8f26da1-2406-40b8-bbe6-f78547910a7f@group-3913DCC4D4C8-LeaderElection3] INFO  server.RaftServerConfigKeys (ConfUtils.java:logGet(46)) - raft.server.rpc.request.timeout = 60s (custom)
2023-03-16 20:04:06,942 [c8f26da1-2406-40b8-bbe6-f78547910a7f@group-3913DCC4D4C8-LeaderElection3] INFO  server.RaftServerConfigKeys (ConfUtils.java:logGet(46)) - raft.server.log.appender.install.snapshot.enabled = false (custom)
2023-03-16 20:04:06,943 [c8f26da1-2406-40b8-bbe6-f78547910a7f@group-3913DCC4D4C8-LeaderElection3] INFO  grpc.GrpcConfigKeys (ConfUtils.java:logGet(46)) - raft.grpc.server.heartbeat.channel = true (default)
2023-03-16 20:04:06,943 [c8f26da1-2406-40b8-bbe6-f78547910a7f@group-3913DCC4D4C8-LeaderElection3] INFO  server.RaftServerConfigKeys (ConfUtils.java:logGet(46)) - raft.server.log.appender.wait-time.min = 10ms (default)
2023-03-16 20:04:06,945 [c8f26da1-2406-40b8-bbe6-f78547910a7f@group-3913DCC4D4C8-LeaderElection3] INFO  impl.RoleInfo (RoleInfo.java:updateAndGet(139)) - c8f26da1-2406-40b8-bbe6-f78547910a7f: start c8f26da1-2406-40b8-bbe6-f78547910a7f@group-3913DCC4D4C8-LeaderStateImpl
2023-03-16 20:04:06,945 [c8f26da1-2406-40b8-bbe6-f78547910a7f@group-3913DCC4D4C8-LeaderElection3] INFO  segmented.SegmentedRaftLogWorker (SegmentedRaftLogWorker.java:startLogSegment(452)) - c8f26da1-2406-40b8-bbe6-f78547910a7f@group-3913DCC4D4C8-SegmentedRaftLogWorker: Starting segment from index:0
2023-03-16 20:04:06,947 [c8f26da1-2406-40b8-bbe6-f78547910a7f@group-3913DCC4D4C8-SegmentedRaftLogWorker] INFO  segmented.SegmentedRaftLogWorker (SegmentedRaftLogWorker.java:execute(656)) - c8f26da1-2406-40b8-bbe6-f78547910a7f@group-3913DCC4D4C8-SegmentedRaftLogWorker: created new log segment /home/runner/work/ozone/ozone/hadoop-ozone/integration-test/target/test-dir/MiniOzoneClusterImpl-77d2372e-e00f-46e1-a11d-7f7bb0f90484/datanode-0/data/ratis/ed8dd5cd-2345-4928-a3a3-3913dcc4d4c8/current/log_inprogress_0
2023-03-16 20:04:06,955 [c8f26da1-2406-40b8-bbe6-f78547910a7f@group-3913DCC4D4C8-LeaderElection3] INFO  server.RaftServer$Division (ServerState.java:setRaftConf(430)) - c8f26da1-2406-40b8-bbe6-f78547910a7f@group-3913DCC4D4C8: set configuration 0: peers:[c5189d4b-3145-494e-80fe-2ee109b29a1b|rpc:10.1.0.41:37943|dataStream:10.1.0.41:43421|priority:0|startupRole:FOLLOWER, c8f26da1-2406-40b8-bbe6-f78547910a7f|rpc:10.1.0.41:39335|dataStream:10.1.0.41:46287|priority:1|startupRole:FOLLOWER, 2de148b0-f597-457b-b70e-3e9a456efa0b|rpc:10.1.0.41:36141|dataStream:10.1.0.41:33355|priority:0|startupRole:FOLLOWER]|listeners:[], old=null
2023-03-16 20:04:07,070 [2de148b0-f597-457b-b70e-3e9a456efa0b-server-thread2] INFO  ratis.XceiverServerRatis (XceiverServerRatis.java:handleLeaderChangedNotification(905)) - Leader change notification received for group: group-3913DCC4D4C8 with new leaderId: c8f26da1-2406-40b8-bbe6-f78547910a7f
2023-03-16 20:04:07,070 [2de148b0-f597-457b-b70e-3e9a456efa0b-server-thread2] INFO  server.RaftServer$Division (ServerState.java:setLeader(313)) - 2de148b0-f597-457b-b70e-3e9a456efa0b@group-3913DCC4D4C8: change Leader from null to c8f26da1-2406-40b8-bbe6-f78547910a7f at term 1 for appendEntries, leader elected after 4647ms
2023-03-16 20:04:07,074 [2de148b0-f597-457b-b70e-3e9a456efa0b-server-thread2] INFO  server.RaftServer$Division (ServerState.java:setRaftConf(430)) - 2de148b0-f597-457b-b70e-3e9a456efa0b@group-3913DCC4D4C8: set configuration 0: peers:[c5189d4b-3145-494e-80fe-2ee109b29a1b|rpc:10.1.0.41:37943|dataStream:10.1.0.41:43421|priority:0|startupRole:FOLLOWER, c8f26da1-2406-40b8-bbe6-f78547910a7f|rpc:10.1.0.41:39335|dataStream:10.1.0.41:46287|priority:1|startupRole:FOLLOWER, 2de148b0-f597-457b-b70e-3e9a456efa0b|rpc:10.1.0.41:36141|dataStream:10.1.0.41:33355|priority:0|startupRole:FOLLOWER]|listeners:[], old=null
2023-03-16 20:04:07,074 [2de148b0-f597-457b-b70e-3e9a456efa0b-server-thread2] INFO  segmented.SegmentedRaftLogWorker (SegmentedRaftLogWorker.java:startLogSegment(452)) - 2de148b0-f597-457b-b70e-3e9a456efa0b@group-3913DCC4D4C8-SegmentedRaftLogWorker: Starting segment from index:0
2023-03-16 20:04:07,079 [2de148b0-f597-457b-b70e-3e9a456efa0b@group-3913DCC4D4C8-SegmentedRaftLogWorker] INFO  segmented.SegmentedRaftLogWorker (SegmentedRaftLogWorker.java:execute(656)) - 2de148b0-f597-457b-b70e-3e9a456efa0b@group-3913DCC4D4C8-SegmentedRaftLogWorker: created new log segment /home/runner/work/ozone/ozone/hadoop-ozone/integration-test/target/test-dir/MiniOzoneClusterImpl-77d2372e-e00f-46e1-a11d-7f7bb0f90484/datanode-2/data/ratis/ed8dd5cd-2345-4928-a3a3-3913dcc4d4c8/current/log_inprogress_0
2023-03-16 20:04:07,081 [c5189d4b-3145-494e-80fe-2ee109b29a1b-server-thread2] INFO  ratis.XceiverServerRatis (XceiverServerRatis.java:handleLeaderChangedNotification(905)) - Leader change notification received for group: group-3913DCC4D4C8 with new leaderId: c8f26da1-2406-40b8-bbe6-f78547910a7f
2023-03-16 20:04:07,082 [c5189d4b-3145-494e-80fe-2ee109b29a1b-server-thread2] INFO  server.RaftServer$Division (ServerState.java:setLeader(313)) - c5189d4b-3145-494e-80fe-2ee109b29a1b@group-3913DCC4D4C8: change Leader from null to c8f26da1-2406-40b8-bbe6-f78547910a7f at term 1 for appendEntries, leader elected after 4872ms
2023-03-16 20:04:07,083 [c5189d4b-3145-494e-80fe-2ee109b29a1b-server-thread2] INFO  server.RaftServer$Division (ServerState.java:setRaftConf(430)) - c5189d4b-3145-494e-80fe-2ee109b29a1b@group-3913DCC4D4C8: set configuration 0: peers:[c5189d4b-3145-494e-80fe-2ee109b29a1b|rpc:10.1.0.41:37943|dataStream:10.1.0.41:43421|priority:0|startupRole:FOLLOWER, c8f26da1-2406-40b8-bbe6-f78547910a7f|rpc:10.1.0.41:39335|dataStream:10.1.0.41:46287|priority:1|startupRole:FOLLOWER, 2de148b0-f597-457b-b70e-3e9a456efa0b|rpc:10.1.0.41:36141|dataStream:10.1.0.41:33355|priority:0|startupRole:FOLLOWER]|listeners:[], old=null
2023-03-16 20:04:07,083 [c5189d4b-3145-494e-80fe-2ee109b29a1b-server-thread2] INFO  segmented.SegmentedRaftLogWorker (SegmentedRaftLogWorker.java:startLogSegment(452)) - c5189d4b-3145-494e-80fe-2ee109b29a1b@group-3913DCC4D4C8-SegmentedRaftLogWorker: Starting segment from index:0
2023-03-16 20:04:07,085 [c5189d4b-3145-494e-80fe-2ee109b29a1b@group-3913DCC4D4C8-SegmentedRaftLogWorker] INFO  segmented.SegmentedRaftLogWorker (SegmentedRaftLogWorker.java:execute(656)) - c5189d4b-3145-494e-80fe-2ee109b29a1b@group-3913DCC4D4C8-SegmentedRaftLogWorker: created new log segment /home/runner/work/ozone/ozone/hadoop-ozone/integration-test/target/test-dir/MiniOzoneClusterImpl-77d2372e-e00f-46e1-a11d-7f7bb0f90484/datanode-1/data/ratis/ed8dd5cd-2345-4928-a3a3-3913dcc4d4c8/current/log_inprogress_0
2023-03-16 20:04:07,135 [Listener at 127.0.0.1/35091] INFO  ozone.MiniOzoneClusterImpl (MiniOzoneClusterImpl.java:lambda$waitForClusterToBeReady$0(222)) - Nodes are ready. Got 5 of 5 DN Heartbeats.
2023-03-16 20:04:07,136 [Listener at 127.0.0.1/35091] INFO  ozone.MiniOzoneClusterImpl (MiniOzoneClusterImpl.java:lambda$waitForClusterToBeReady$0(225)) - Cluster exits safe mode
2023-03-16 20:04:07,136 [Listener at 127.0.0.1/35091] INFO  ozone.MiniOzoneClusterImpl (MiniOzoneClusterImpl.java:lambda$waitForClusterToBeReady$0(227)) - SCM became leader
2023-03-16 20:04:07,465 [c5189d4b-3145-494e-80fe-2ee109b29a1b@group-38A20A45281F-FollowerState] INFO  impl.FollowerState (FollowerState.java:run(143)) - c5189d4b-3145-494e-80fe-2ee109b29a1b@group-38A20A45281F-FollowerState: change to CANDIDATE, lastRpcElapsedTime:5140232347ns, electionTimeout:5138ms
2023-03-16 20:04:07,465 [c5189d4b-3145-494e-80fe-2ee109b29a1b@group-38A20A45281F-FollowerState] INFO  impl.RoleInfo (RoleInfo.java:shutdownFollowerState(110)) - c5189d4b-3145-494e-80fe-2ee109b29a1b: shutdown c5189d4b-3145-494e-80fe-2ee109b29a1b@group-38A20A45281F-FollowerState
2023-03-16 20:04:07,465 [c5189d4b-3145-494e-80fe-2ee109b29a1b@group-38A20A45281F-FollowerState] INFO  server.RaftServer$Division (RaftServerImpl.java:setRole(321)) - c5189d4b-3145-494e-80fe-2ee109b29a1b@group-38A20A45281F: changes role from  FOLLOWER to CANDIDATE at term 0 for changeToCandidate
2023-03-16 20:04:07,470 [c5189d4b-3145-494e-80fe-2ee109b29a1b@group-38A20A45281F-FollowerState] INFO  server.RaftServerConfigKeys (ConfUtils.java:logGet(46)) - raft.server.leaderelection.pre-vote = true (default)
2023-03-16 20:04:07,470 [c5189d4b-3145-494e-80fe-2ee109b29a1b@group-38A20A45281F-FollowerState] INFO  impl.RoleInfo (RoleInfo.java:updateAndGet(139)) - c5189d4b-3145-494e-80fe-2ee109b29a1b: start c5189d4b-3145-494e-80fe-2ee109b29a1b@group-38A20A45281F-LeaderElection4
2023-03-16 20:04:07,487 [c5189d4b-3145-494e-80fe-2ee109b29a1b@group-38A20A45281F-LeaderElection4] INFO  impl.LeaderElection (LeaderElection.java:askForVotes(312)) - c5189d4b-3145-494e-80fe-2ee109b29a1b@group-38A20A45281F-LeaderElection4 PRE_VOTE round 0: submit vote requests at term 0 for -1: peers:[c5189d4b-3145-494e-80fe-2ee109b29a1b|rpc:10.1.0.41:37943|dataStream:10.1.0.41:43421|priority:1|startupRole:FOLLOWER]|listeners:[], old=null
2023-03-16 20:04:07,487 [c5189d4b-3145-494e-80fe-2ee109b29a1b@group-38A20A45281F-LeaderElection4] INFO  impl.LeaderElection (LeaderElection.java:askForVotes(314)) - c5189d4b-3145-494e-80fe-2ee109b29a1b@group-38A20A45281F-LeaderElection4 PRE_VOTE round 0: result PASSED (term=0)
2023-03-16 20:04:07,490 [c5189d4b-3145-494e-80fe-2ee109b29a1b@group-38A20A45281F-LeaderElection4] INFO  impl.LeaderElection (LeaderElection.java:askForVotes(312)) - c5189d4b-3145-494e-80fe-2ee109b29a1b@group-38A20A45281F-LeaderElection4 ELECTION round 0: submit vote requests at term 1 for -1: peers:[c5189d4b-3145-494e-80fe-2ee109b29a1b|rpc:10.1.0.41:37943|dataStream:10.1.0.41:43421|priority:1|startupRole:FOLLOWER]|listeners:[], old=null
2023-03-16 20:04:07,490 [c5189d4b-3145-494e-80fe-2ee109b29a1b@group-38A20A45281F-LeaderElection4] INFO  impl.LeaderElection (LeaderElection.java:askForVotes(314)) - c5189d4b-3145-494e-80fe-2ee109b29a1b@group-38A20A45281F-LeaderElection4 ELECTION round 0: result PASSED (term=1)
2023-03-16 20:04:07,490 [c5189d4b-3145-494e-80fe-2ee109b29a1b@group-38A20A45281F-LeaderElection4] INFO  impl.RoleInfo (RoleInfo.java:shutdownLeaderElection(130)) - c5189d4b-3145-494e-80fe-2ee109b29a1b: shutdown c5189d4b-3145-494e-80fe-2ee109b29a1b@group-38A20A45281F-LeaderElection4
2023-03-16 20:04:07,490 [c5189d4b-3145-494e-80fe-2ee109b29a1b@group-38A20A45281F-LeaderElection4] INFO  server.RaftServer$Division (RaftServerImpl.java:setRole(321)) - c5189d4b-3145-494e-80fe-2ee109b29a1b@group-38A20A45281F: changes role from CANDIDATE to LEADER at term 1 for changeToLeader
2023-03-16 20:04:07,490 [c5189d4b-3145-494e-80fe-2ee109b29a1b@group-38A20A45281F-LeaderElection4] INFO  ratis.XceiverServerRatis (XceiverServerRatis.java:handleLeaderChangedNotification(905)) - Leader change notification received for group: group-38A20A45281F with new leaderId: c5189d4b-3145-494e-80fe-2ee109b29a1b
2023-03-16 20:04:07,490 [c5189d4b-3145-494e-80fe-2ee109b29a1b@group-38A20A45281F-LeaderElection4] INFO  server.RaftServer$Division (ServerState.java:setLeader(313)) - c5189d4b-3145-494e-80fe-2ee109b29a1b@group-38A20A45281F: change Leader from null to c5189d4b-3145-494e-80fe-2ee109b29a1b at term 1 for becomeLeader, leader elected after 5227ms
2023-03-16 20:04:07,490 [c5189d4b-3145-494e-80fe-2ee109b29a1b@group-38A20A45281F-LeaderElection4] INFO  server.RaftServerConfigKeys (ConfUtils.java:logGet(46)) - raft.server.staging.catchup.gap = 1000 (default)
2023-03-16 20:04:07,491 [c5189d4b-3145-494e-80fe-2ee109b29a1b@group-38A20A45281F-LeaderElection4] INFO  server.RaftServerConfigKeys (ConfUtils.java:logGet(46)) - raft.server.write.element-limit = 1024 (custom)
2023-03-16 20:04:07,493 [c5189d4b-3145-494e-80fe-2ee109b29a1b@group-38A20A45281F-LeaderElection4] INFO  server.RaftServerConfigKeys (ConfUtils.java:logGet(46)) - raft.server.write.byte-limit = 1024 M (=1073741824) (custom)
2023-03-16 20:04:07,494 [c5189d4b-3145-494e-80fe-2ee109b29a1b@group-38A20A45281F-LeaderElection4] INFO  server.RaftServerConfigKeys (ConfUtils.java:logGet(46)) - raft.server.watch.timeout = 180s (custom)
2023-03-16 20:04:07,494 [c5189d4b-3145-494e-80fe-2ee109b29a1b@group-38A20A45281F-LeaderElection4] INFO  server.RaftServerConfigKeys (ConfUtils.java:logGet(46)) - raft.server.watch.timeout.denomination = 1s (default)
2023-03-16 20:04:07,494 [c5189d4b-3145-494e-80fe-2ee109b29a1b@group-38A20A45281F-LeaderElection4] INFO  server.RaftServerConfigKeys (ConfUtils.java:logGet(46)) - raft.server.watch.element-limit = 65536 (default)
2023-03-16 20:04:07,494 [c5189d4b-3145-494e-80fe-2ee109b29a1b@group-38A20A45281F-LeaderElection4] INFO  server.RaftServerConfigKeys (ConfUtils.java:logGet(46)) - raft.server.write.element-limit = 1024 (custom)
2023-03-16 20:04:07,494 [c5189d4b-3145-494e-80fe-2ee109b29a1b@group-38A20A45281F-LeaderElection4] INFO  server.RaftServerConfigKeys (ConfUtils.java:logGet(46)) - raft.server.write.follower.gap.ratio.max = -1.0 (default)
2023-03-16 20:04:07,494 [c5189d4b-3145-494e-80fe-2ee109b29a1b@group-38A20A45281F-LeaderElection4] INFO  impl.RoleInfo (RoleInfo.java:updateAndGet(139)) - c5189d4b-3145-494e-80fe-2ee109b29a1b: start c5189d4b-3145-494e-80fe-2ee109b29a1b@group-38A20A45281F-LeaderStateImpl
2023-03-16 20:04:07,495 [c5189d4b-3145-494e-80fe-2ee109b29a1b@group-38A20A45281F-LeaderElection4] INFO  segmented.SegmentedRaftLogWorker (SegmentedRaftLogWorker.java:startLogSegment(452)) - c5189d4b-3145-494e-80fe-2ee109b29a1b@group-38A20A45281F-SegmentedRaftLogWorker: Starting segment from index:0
2023-03-16 20:04:07,497 [c5189d4b-3145-494e-80fe-2ee109b29a1b@group-38A20A45281F-SegmentedRaftLogWorker] INFO  segmented.SegmentedRaftLogWorker (SegmentedRaftLogWorker.java:execute(656)) - c5189d4b-3145-494e-80fe-2ee109b29a1b@group-38A20A45281F-SegmentedRaftLogWorker: created new log segment /home/runner/work/ozone/ozone/hadoop-ozone/integration-test/target/test-dir/MiniOzoneClusterImpl-77d2372e-e00f-46e1-a11d-7f7bb0f90484/datanode-1/data/ratis/739662ba-ede2-4715-a57d-38a20a45281f/current/log_inprogress_0
2023-03-16 20:04:07,497 [c5189d4b-3145-494e-80fe-2ee109b29a1b@group-38A20A45281F-LeaderElection4] INFO  server.RaftServer$Division (ServerState.java:setRaftConf(430)) - c5189d4b-3145-494e-80fe-2ee109b29a1b@group-38A20A45281F: set configuration 0: peers:[c5189d4b-3145-494e-80fe-2ee109b29a1b|rpc:10.1.0.41:37943|dataStream:10.1.0.41:43421|priority:1|startupRole:FOLLOWER]|listeners:[], old=null
2023-03-16 20:04:07,544 [c5189d4b-3145-494e-80fe-2ee109b29a1b@group-ED66BB65EE5C-FollowerState] INFO  impl.FollowerState (FollowerState.java:run(143)) - c5189d4b-3145-494e-80fe-2ee109b29a1b@group-ED66BB65EE5C-FollowerState: change to CANDIDATE, lastRpcElapsedTime:5146832251ns, electionTimeout:5134ms
2023-03-16 20:04:07,545 [c5189d4b-3145-494e-80fe-2ee109b29a1b@group-ED66BB65EE5C-FollowerState] INFO  impl.RoleInfo (RoleInfo.java:shutdownFollowerState(110)) - c5189d4b-3145-494e-80fe-2ee109b29a1b: shutdown c5189d4b-3145-494e-80fe-2ee109b29a1b@group-ED66BB65EE5C-FollowerState
2023-03-16 20:04:07,545 [c5189d4b-3145-494e-80fe-2ee109b29a1b@group-ED66BB65EE5C-FollowerState] INFO  server.RaftServer$Division (RaftServerImpl.java:setRole(321)) - c5189d4b-3145-494e-80fe-2ee109b29a1b@group-ED66BB65EE5C: changes role from  FOLLOWER to CANDIDATE at term 0 for changeToCandidate
2023-03-16 20:04:07,548 [c5189d4b-3145-494e-80fe-2ee109b29a1b@group-ED66BB65EE5C-FollowerState] INFO  server.RaftServerConfigKeys (ConfUtils.java:logGet(46)) - raft.server.leaderelection.pre-vote = true (default)
2023-03-16 20:04:07,548 [c5189d4b-3145-494e-80fe-2ee109b29a1b@group-ED66BB65EE5C-FollowerState] INFO  impl.RoleInfo (RoleInfo.java:updateAndGet(139)) - c5189d4b-3145-494e-80fe-2ee109b29a1b: start c5189d4b-3145-494e-80fe-2ee109b29a1b@group-ED66BB65EE5C-LeaderElection5
2023-03-16 20:04:07,554 [c5189d4b-3145-494e-80fe-2ee109b29a1b@group-ED66BB65EE5C-LeaderElection5] INFO  impl.LeaderElection (LeaderElection.java:askForVotes(312)) - c5189d4b-3145-494e-80fe-2ee109b29a1b@group-ED66BB65EE5C-LeaderElection5 PRE_VOTE round 0: submit vote requests at term 0 for -1: peers:[c5189d4b-3145-494e-80fe-2ee109b29a1b|rpc:10.1.0.41:37943|dataStream:10.1.0.41:43421|priority:0|startupRole:FOLLOWER, c8f26da1-2406-40b8-bbe6-f78547910a7f|rpc:10.1.0.41:39335|dataStream:10.1.0.41:46287|priority:0|startupRole:FOLLOWER, 2de148b0-f597-457b-b70e-3e9a456efa0b|rpc:10.1.0.41:36141|dataStream:10.1.0.41:33355|priority:1|startupRole:FOLLOWER]|listeners:[], old=null
2023-03-16 20:04:07,555 [c5189d4b-3145-494e-80fe-2ee109b29a1b@group-ED66BB65EE5C-LeaderElection5-1] INFO  server.GrpcServerProtocolClient (GrpcServerProtocolClient.java:<init>(63)) - Build channel for c8f26da1-2406-40b8-bbe6-f78547910a7f
2023-03-16 20:04:07,565 [c5189d4b-3145-494e-80fe-2ee109b29a1b@group-ED66BB65EE5C-LeaderElection5] INFO  server.RaftServerConfigKeys (ConfUtils.java:logFallback(53)) - raft.server.rpc.first-election.timeout.min = 5s (fallback to raft.server.rpc.timeout.min)
2023-03-16 20:04:07,570 [c5189d4b-3145-494e-80fe-2ee109b29a1b@group-ED66BB65EE5C-LeaderElection5] INFO  server.RaftServerConfigKeys (ConfUtils.java:logFallback(53)) - raft.server.rpc.first-election.timeout.max = 5200ms (fallback to raft.server.rpc.timeout.max)
2023-03-16 20:04:07,586 [c5189d4b-3145-494e-80fe-2ee109b29a1b@group-ED66BB65EE5C-LeaderElection5-2] INFO  server.GrpcServerProtocolClient (GrpcServerProtocolClient.java:<init>(63)) - Build channel for 2de148b0-f597-457b-b70e-3e9a456efa0b
2023-03-16 20:04:07,592 [grpc-default-executor-2] INFO  server.RaftServer$Division (RaftServerImpl.java:requestVote(1218)) - c8f26da1-2406-40b8-bbe6-f78547910a7f@group-ED66BB65EE5C: receive requestVote(PRE_VOTE, c5189d4b-3145-494e-80fe-2ee109b29a1b, group-ED66BB65EE5C, 0, (t:0, i:0))
2023-03-16 20:04:07,592 [grpc-default-executor-2] INFO  impl.VoteContext (VoteContext.java:log(49)) - c8f26da1-2406-40b8-bbe6-f78547910a7f@group-ED66BB65EE5C-FOLLOWER: accept PRE_VOTE from c5189d4b-3145-494e-80fe-2ee109b29a1b: our priority 0 <= candidate's priority 0
2023-03-16 20:04:07,593 [grpc-default-executor-2] INFO  server.RaftServer$Division (RaftServerImpl.java:requestVote(1251)) - c8f26da1-2406-40b8-bbe6-f78547910a7f@group-ED66BB65EE5C replies to PRE_VOTE vote request: c5189d4b-3145-494e-80fe-2ee109b29a1b<-c8f26da1-2406-40b8-bbe6-f78547910a7f#0:OK-t0. Peer's state: c8f26da1-2406-40b8-bbe6-f78547910a7f@group-ED66BB65EE5C:t0, leader=null, voted=, raftlog=Memoized:c8f26da1-2406-40b8-bbe6-f78547910a7f@group-ED66BB65EE5C-SegmentedRaftLog:OPENED:c-1, conf=-1: peers:[c5189d4b-3145-494e-80fe-2ee109b29a1b|rpc:10.1.0.41:37943|dataStream:10.1.0.41:43421|priority:0|startupRole:FOLLOWER, c8f26da1-2406-40b8-bbe6-f78547910a7f|rpc:10.1.0.41:39335|dataStream:10.1.0.41:46287|priority:0|startupRole:FOLLOWER, 2de148b0-f597-457b-b70e-3e9a456efa0b|rpc:10.1.0.41:36141|dataStream:10.1.0.41:33355|priority:1|startupRole:FOLLOWER]|listeners:[], old=null
2023-03-16 20:04:07,615 [grpc-default-executor-2] INFO  server.RaftServer$Division (RaftServerImpl.java:requestVote(1218)) - 2de148b0-f597-457b-b70e-3e9a456efa0b@group-ED66BB65EE5C: receive requestVote(PRE_VOTE, c5189d4b-3145-494e-80fe-2ee109b29a1b, group-ED66BB65EE5C, 0, (t:0, i:0))
2023-03-16 20:04:07,616 [grpc-default-executor-2] INFO  impl.VoteContext (VoteContext.java:log(49)) - 2de148b0-f597-457b-b70e-3e9a456efa0b@group-ED66BB65EE5C-FOLLOWER: reject PRE_VOTE from c5189d4b-3145-494e-80fe-2ee109b29a1b: our priority 1 > candidate's priority 0
2023-03-16 20:04:07,616 [grpc-default-executor-2] INFO  server.RaftServer$Division (RaftServerImpl.java:requestVote(1251)) - 2de148b0-f597-457b-b70e-3e9a456efa0b@group-ED66BB65EE5C replies to PRE_VOTE vote request: c5189d4b-3145-494e-80fe-2ee109b29a1b<-2de148b0-f597-457b-b70e-3e9a456efa0b#0:FAIL-t0. Peer's state: 2de148b0-f597-457b-b70e-3e9a456efa0b@group-ED66BB65EE5C:t0, leader=null, voted=, raftlog=Memoized:2de148b0-f597-457b-b70e-3e9a456efa0b@group-ED66BB65EE5C-SegmentedRaftLog:OPENED:c-1, conf=-1: peers:[c5189d4b-3145-494e-80fe-2ee109b29a1b|rpc:10.1.0.41:37943|dataStream:10.1.0.41:43421|priority:0|startupRole:FOLLOWER, c8f26da1-2406-40b8-bbe6-f78547910a7f|rpc:10.1.0.41:39335|dataStream:10.1.0.41:46287|priority:0|startupRole:FOLLOWER, 2de148b0-f597-457b-b70e-3e9a456efa0b|rpc:10.1.0.41:36141|dataStream:10.1.0.41:33355|priority:1|startupRole:FOLLOWER]|listeners:[], old=null
2023-03-16 20:04:07,630 [c5189d4b-3145-494e-80fe-2ee109b29a1b@group-ED66BB65EE5C-LeaderElection5] INFO  impl.LeaderElection (LeaderElection.java:logAndReturn(90)) - c5189d4b-3145-494e-80fe-2ee109b29a1b@group-ED66BB65EE5C-LeaderElection5: PRE_VOTE REJECTED received 2 response(s) and 0 exception(s):
2023-03-16 20:04:07,630 [2de148b0-f597-457b-b70e-3e9a456efa0b@group-ED66BB65EE5C-FollowerState] INFO  impl.FollowerState (FollowerState.java:run(143)) - 2de148b0-f597-457b-b70e-3e9a456efa0b@group-ED66BB65EE5C-FollowerState: change to CANDIDATE, lastRpcElapsedTime:5017782477ns, electionTimeout:5007ms
2023-03-16 20:04:07,631 [c5189d4b-3145-494e-80fe-2ee109b29a1b@group-ED66BB65EE5C-LeaderElection5] INFO  impl.LeaderElection (LeaderElection.java:logAndReturn(94)) -   Response 0: c5189d4b-3145-494e-80fe-2ee109b29a1b<-c8f26da1-2406-40b8-bbe6-f78547910a7f#0:OK-t0
2023-03-16 20:04:07,632 [c5189d4b-3145-494e-80fe-2ee109b29a1b@group-ED66BB65EE5C-LeaderElection5] INFO  impl.LeaderElection (LeaderElection.java:logAndReturn(94)) -   Response 1: c5189d4b-3145-494e-80fe-2ee109b29a1b<-2de148b0-f597-457b-b70e-3e9a456efa0b#0:FAIL-t0
2023-03-16 20:04:07,632 [2de148b0-f597-457b-b70e-3e9a456efa0b@group-ED66BB65EE5C-FollowerState] INFO  impl.RoleInfo (RoleInfo.java:shutdownFollowerState(110)) - 2de148b0-f597-457b-b70e-3e9a456efa0b: shutdown 2de148b0-f597-457b-b70e-3e9a456efa0b@group-ED66BB65EE5C-FollowerState
2023-03-16 20:04:07,632 [c5189d4b-3145-494e-80fe-2ee109b29a1b@group-ED66BB65EE5C-LeaderElection5] INFO  impl.LeaderElection (LeaderElection.java:askForVotes(314)) - c5189d4b-3145-494e-80fe-2ee109b29a1b@group-ED66BB65EE5C-LeaderElection5 PRE_VOTE round 0: result REJECTED
2023-03-16 20:04:07,632 [2de148b0-f597-457b-b70e-3e9a456efa0b@group-ED66BB65EE5C-FollowerState] INFO  server.RaftServer$Division (RaftServerImpl.java:setRole(321)) - 2de148b0-f597-457b-b70e-3e9a456efa0b@group-ED66BB65EE5C: changes role from  FOLLOWER to CANDIDATE at term 0 for changeToCandidate
2023-03-16 20:04:07,632 [c5189d4b-3145-494e-80fe-2ee109b29a1b@group-ED66BB65EE5C-LeaderElection5] INFO  server.RaftServer$Division (RaftServerImpl.java:setRole(321)) - c5189d4b-3145-494e-80fe-2ee109b29a1b@group-ED66BB65EE5C: changes role from CANDIDATE to FOLLOWER at term 0 for REJECTED
2023-03-16 20:04:07,632 [c5189d4b-3145-494e-80fe-2ee109b29a1b@group-ED66BB65EE5C-LeaderElection5] INFO  impl.RoleInfo (RoleInfo.java:shutdownLeaderElection(130)) - c5189d4b-3145-494e-80fe-2ee109b29a1b: shutdown c5189d4b-3145-494e-80fe-2ee109b29a1b@group-ED66BB65EE5C-LeaderElection5
2023-03-16 20:04:07,634 [c5189d4b-3145-494e-80fe-2ee109b29a1b@group-ED66BB65EE5C-LeaderElection5] INFO  impl.RoleInfo (RoleInfo.java:updateAndGet(139)) - c5189d4b-3145-494e-80fe-2ee109b29a1b: start c5189d4b-3145-494e-80fe-2ee109b29a1b@group-ED66BB65EE5C-FollowerState
2023-03-16 20:04:07,633 [2de148b0-f597-457b-b70e-3e9a456efa0b@group-ED66BB65EE5C-FollowerState] INFO  server.RaftServerConfigKeys (ConfUtils.java:logGet(46)) - raft.server.leaderelection.pre-vote = true (default)
2023-03-16 20:04:07,634 [2de148b0-f597-457b-b70e-3e9a456efa0b@group-ED66BB65EE5C-FollowerState] INFO  impl.RoleInfo (RoleInfo.java:updateAndGet(139)) - 2de148b0-f597-457b-b70e-3e9a456efa0b: start 2de148b0-f597-457b-b70e-3e9a456efa0b@group-ED66BB65EE5C-LeaderElection6
2023-03-16 20:04:07,640 [c5189d4b-3145-494e-80fe-2ee109b29a1b@group-ED66BB65EE5C-FollowerState] INFO  server.RaftServerConfigKeys (ConfUtils.java:logFallback(53)) - raft.server.rpc.first-election.timeout.min = 5s (fallback to raft.server.rpc.timeout.min)
2023-03-16 20:04:07,640 [c5189d4b-3145-494e-80fe-2ee109b29a1b@group-ED66BB65EE5C-FollowerState] INFO  server.RaftServerConfigKeys (ConfUtils.java:logFallback(53)) - raft.server.rpc.first-election.timeout.max = 5200ms (fallback to raft.server.rpc.timeout.max)
2023-03-16 20:04:07,653 [2de148b0-f597-457b-b70e-3e9a456efa0b@group-ED66BB65EE5C-LeaderElection6] INFO  impl.LeaderElection (LeaderElection.java:askForVotes(312)) - 2de148b0-f597-457b-b70e-3e9a456efa0b@group-ED66BB65EE5C-LeaderElection6 PRE_VOTE round 0: submit vote requests at term 0 for -1: peers:[c5189d4b-3145-494e-80fe-2ee109b29a1b|rpc:10.1.0.41:37943|dataStream:10.1.0.41:43421|priority:0|startupRole:FOLLOWER, c8f26da1-2406-40b8-bbe6-f78547910a7f|rpc:10.1.0.41:39335|dataStream:10.1.0.41:46287|priority:0|startupRole:FOLLOWER, 2de148b0-f597-457b-b70e-3e9a456efa0b|rpc:10.1.0.41:36141|dataStream:10.1.0.41:33355|priority:1|startupRole:FOLLOWER]|listeners:[], old=null
2023-03-16 20:04:07,661 [2de148b0-f597-457b-b70e-3e9a456efa0b@group-ED66BB65EE5C-LeaderElection6-1] INFO  server.GrpcServerProtocolClient (GrpcServerProtocolClient.java:<init>(63)) - Build channel for c5189d4b-3145-494e-80fe-2ee109b29a1b
2023-03-16 20:04:07,663 [2de148b0-f597-457b-b70e-3e9a456efa0b@group-ED66BB65EE5C-LeaderElection6] INFO  server.RaftServerConfigKeys (ConfUtils.java:logFallback(53)) - raft.server.rpc.first-election.timeout.min = 5s (fallback to raft.server.rpc.timeout.min)
2023-03-16 20:04:07,686 [2de148b0-f597-457b-b70e-3e9a456efa0b@group-ED66BB65EE5C-LeaderElection6] INFO  server.RaftServerConfigKeys (ConfUtils.java:logFallback(53)) - raft.server.rpc.first-election.timeout.max = 5200ms (fallback to raft.server.rpc.timeout.max)
2023-03-16 20:04:07,686 [c8f26da1-2406-40b8-bbe6-f78547910a7f@group-ED66BB65EE5C-FollowerState] INFO  server.RaftServerConfigKeys (ConfUtils.java:logFallback(53)) - raft.server.rpc.first-election.timeout.min = 5s (fallback to raft.server.rpc.timeout.min)
2023-03-16 20:04:07,686 [c8f26da1-2406-40b8-bbe6-f78547910a7f@group-ED66BB65EE5C-FollowerState] INFO  server.RaftServerConfigKeys (ConfUtils.java:logFallback(53)) - raft.server.rpc.first-election.timeout.max = 5200ms (fallback to raft.server.rpc.timeout.max)
2023-03-16 20:04:07,683 [2de148b0-f597-457b-b70e-3e9a456efa0b@group-ED66BB65EE5C-LeaderElection6-2] INFO  server.GrpcServerProtocolClient (GrpcServerProtocolClient.java:<init>(63)) - Build channel for c8f26da1-2406-40b8-bbe6-f78547910a7f
2023-03-16 20:04:07,707 [grpc-default-executor-2] INFO  server.RaftServer$Division (RaftServerImpl.java:requestVote(1218)) - c8f26da1-2406-40b8-bbe6-f78547910a7f@group-ED66BB65EE5C: receive requestVote(PRE_VOTE, 2de148b0-f597-457b-b70e-3e9a456efa0b, group-ED66BB65EE5C, 0, (t:0, i:0))
2023-03-16 20:04:07,707 [grpc-default-executor-2] INFO  impl.VoteContext (VoteContext.java:log(49)) - c8f26da1-2406-40b8-bbe6-f78547910a7f@group-ED66BB65EE5C-FOLLOWER: accept PRE_VOTE from 2de148b0-f597-457b-b70e-3e9a456efa0b: our priority 0 <= candidate's priority 1
2023-03-16 20:04:07,708 [grpc-default-executor-2] INFO  server.RaftServer$Division (RaftServerImpl.java:requestVote(1251)) - c8f26da1-2406-40b8-bbe6-f78547910a7f@group-ED66BB65EE5C replies to PRE_VOTE vote request: 2de148b0-f597-457b-b70e-3e9a456efa0b<-c8f26da1-2406-40b8-bbe6-f78547910a7f#0:OK-t0. Peer's state: c8f26da1-2406-40b8-bbe6-f78547910a7f@group-ED66BB65EE5C:t0, leader=null, voted=, raftlog=Memoized:c8f26da1-2406-40b8-bbe6-f78547910a7f@group-ED66BB65EE5C-SegmentedRaftLog:OPENED:c-1, conf=-1: peers:[c5189d4b-3145-494e-80fe-2ee109b29a1b|rpc:10.1.0.41:37943|dataStream:10.1.0.41:43421|priority:0|startupRole:FOLLOWER, c8f26da1-2406-40b8-bbe6-f78547910a7f|rpc:10.1.0.41:39335|dataStream:10.1.0.41:46287|priority:0|startupRole:FOLLOWER, 2de148b0-f597-457b-b70e-3e9a456efa0b|rpc:10.1.0.41:36141|dataStream:10.1.0.41:33355|priority:1|startupRole:FOLLOWER]|listeners:[], old=null
2023-03-16 20:04:07,711 [2de148b0-f597-457b-b70e-3e9a456efa0b@group-ED66BB65EE5C-LeaderElection6] INFO  impl.LeaderElection (LeaderElection.java:logAndReturn(90)) - 2de148b0-f597-457b-b70e-3e9a456efa0b@group-ED66BB65EE5C-LeaderElection6: PRE_VOTE PASSED received 1 response(s) and 0 exception(s):
2023-03-16 20:04:07,711 [2de148b0-f597-457b-b70e-3e9a456efa0b@group-ED66BB65EE5C-LeaderElection6] INFO  impl.LeaderElection (LeaderElection.java:logAndReturn(94)) -   Response 0: 2de148b0-f597-457b-b70e-3e9a456efa0b<-c8f26da1-2406-40b8-bbe6-f78547910a7f#0:OK-t0
2023-03-16 20:04:07,711 [2de148b0-f597-457b-b70e-3e9a456efa0b@group-ED66BB65EE5C-LeaderElection6] INFO  impl.LeaderElection (LeaderElection.java:askForVotes(314)) - 2de148b0-f597-457b-b70e-3e9a456efa0b@group-ED66BB65EE5C-LeaderElection6 PRE_VOTE round 0: result PASSED
2023-03-16 20:04:07,714 [2de148b0-f597-457b-b70e-3e9a456efa0b@group-ED66BB65EE5C-LeaderElection6] INFO  impl.LeaderElection (LeaderElection.java:askForVotes(312)) - 2de148b0-f597-457b-b70e-3e9a456efa0b@group-ED66BB65EE5C-LeaderElection6 ELECTION round 0: submit vote requests at term 1 for -1: peers:[c5189d4b-3145-494e-80fe-2ee109b29a1b|rpc:10.1.0.41:37943|dataStream:10.1.0.41:43421|priority:0|startupRole:FOLLOWER, c8f26da1-2406-40b8-bbe6-f78547910a7f|rpc:10.1.0.41:39335|dataStream:10.1.0.41:46287|priority:0|startupRole:FOLLOWER, 2de148b0-f597-457b-b70e-3e9a456efa0b|rpc:10.1.0.41:36141|dataStream:10.1.0.41:33355|priority:1|startupRole:FOLLOWER]|listeners:[], old=null
2023-03-16 20:04:07,724 [2de148b0-f597-457b-b70e-3e9a456efa0b@group-ED66BB65EE5C-LeaderElection6] INFO  server.RaftServerConfigKeys (ConfUtils.java:logFallback(53)) - raft.server.rpc.first-election.timeout.min = 5s (fallback to raft.server.rpc.timeout.min)
2023-03-16 20:04:07,724 [2de148b0-f597-457b-b70e-3e9a456efa0b@group-ED66BB65EE5C-LeaderElection6] INFO  server.RaftServerConfigKeys (ConfUtils.java:logFallback(53)) - raft.server.rpc.first-election.timeout.max = 5200ms (fallback to raft.server.rpc.timeout.max)
2023-03-16 20:04:07,726 [grpc-default-executor-2] INFO  server.RaftServer$Division (RaftServerImpl.java:requestVote(1218)) - c5189d4b-3145-494e-80fe-2ee109b29a1b@group-ED66BB65EE5C: receive requestVote(PRE_VOTE, 2de148b0-f597-457b-b70e-3e9a456efa0b, group-ED66BB65EE5C, 0, (t:0, i:0))
2023-03-16 20:04:07,727 [grpc-default-executor-2] INFO  impl.VoteContext (VoteContext.java:log(49)) - c5189d4b-3145-494e-80fe-2ee109b29a1b@group-ED66BB65EE5C-FOLLOWER: accept PRE_VOTE from 2de148b0-f597-457b-b70e-3e9a456efa0b: our priority 0 <= candidate's priority 1
2023-03-16 20:04:07,727 [grpc-default-executor-2] INFO  server.RaftServer$Division (RaftServerImpl.java:requestVote(1251)) - c5189d4b-3145-494e-80fe-2ee109b29a1b@group-ED66BB65EE5C replies to PRE_VOTE vote request: 2de148b0-f597-457b-b70e-3e9a456efa0b<-c5189d4b-3145-494e-80fe-2ee109b29a1b#0:OK-t0. Peer's state: c5189d4b-3145-494e-80fe-2ee109b29a1b@group-ED66BB65EE5C:t0, leader=null, voted=, raftlog=Memoized:c5189d4b-3145-494e-80fe-2ee109b29a1b@group-ED66BB65EE5C-SegmentedRaftLog:OPENED:c-1, conf=-1: peers:[c5189d4b-3145-494e-80fe-2ee109b29a1b|rpc:10.1.0.41:37943|dataStream:10.1.0.41:43421|priority:0|startupRole:FOLLOWER, c8f26da1-2406-40b8-bbe6-f78547910a7f|rpc:10.1.0.41:39335|dataStream:10.1.0.41:46287|priority:0|startupRole:FOLLOWER, 2de148b0-f597-457b-b70e-3e9a456efa0b|rpc:10.1.0.41:36141|dataStream:10.1.0.41:33355|priority:1|startupRole:FOLLOWER]|listeners:[], old=null
2023-03-16 20:04:07,733 [grpc-default-executor-1] INFO  server.RaftServer$Division (RaftServerImpl.java:requestVote(1218)) - c5189d4b-3145-494e-80fe-2ee109b29a1b@group-ED66BB65EE5C: receive requestVote(ELECTION, 2de148b0-f597-457b-b70e-3e9a456efa0b, group-ED66BB65EE5C, 1, (t:0, i:0))
2023-03-16 20:04:07,733 [grpc-default-executor-1] INFO  impl.VoteContext (VoteContext.java:log(49)) - c5189d4b-3145-494e-80fe-2ee109b29a1b@group-ED66BB65EE5C-FOLLOWER: accept ELECTION from 2de148b0-f597-457b-b70e-3e9a456efa0b: our priority 0 <= candidate's priority 1
2023-03-16 20:04:07,733 [grpc-default-executor-1] INFO  server.RaftServer$Division (RaftServerImpl.java:setRole(321)) - c5189d4b-3145-494e-80fe-2ee109b29a1b@group-ED66BB65EE5C: changes role from  FOLLOWER to FOLLOWER at term 1 for candidate:2de148b0-f597-457b-b70e-3e9a456efa0b
2023-03-16 20:04:07,733 [grpc-default-executor-1] INFO  impl.RoleInfo (RoleInfo.java:shutdownFollowerState(110)) - c5189d4b-3145-494e-80fe-2ee109b29a1b: shutdown c5189d4b-3145-494e-80fe-2ee109b29a1b@group-ED66BB65EE5C-FollowerState
2023-03-16 20:04:07,733 [grpc-default-executor-1] INFO  impl.RoleInfo (RoleInfo.java:updateAndGet(139)) - c5189d4b-3145-494e-80fe-2ee109b29a1b: start c5189d4b-3145-494e-80fe-2ee109b29a1b@group-ED66BB65EE5C-FollowerState
2023-03-16 20:04:07,734 [c5189d4b-3145-494e-80fe-2ee109b29a1b@group-ED66BB65EE5C-FollowerState] INFO  impl.FollowerState (FollowerState.java:run(152)) - c5189d4b-3145-494e-80fe-2ee109b29a1b@group-ED66BB65EE5C-FollowerState was interrupted
2023-03-16 20:04:07,743 [grpc-default-executor-1] INFO  server.RaftServer$Division (RaftServerImpl.java:requestVote(1251)) - c5189d4b-3145-494e-80fe-2ee109b29a1b@group-ED66BB65EE5C replies to ELECTION vote request: 2de148b0-f597-457b-b70e-3e9a456efa0b<-c5189d4b-3145-494e-80fe-2ee109b29a1b#0:OK-t1. Peer's state: c5189d4b-3145-494e-80fe-2ee109b29a1b@group-ED66BB65EE5C:t1, leader=null, voted=2de148b0-f597-457b-b70e-3e9a456efa0b, raftlog=Memoized:c5189d4b-3145-494e-80fe-2ee109b29a1b@group-ED66BB65EE5C-SegmentedRaftLog:OPENED:c-1, conf=-1: peers:[c5189d4b-3145-494e-80fe-2ee109b29a1b|rpc:10.1.0.41:37943|dataStream:10.1.0.41:43421|priority:0|startupRole:FOLLOWER, c8f26da1-2406-40b8-bbe6-f78547910a7f|rpc:10.1.0.41:39335|dataStream:10.1.0.41:46287|priority:0|startupRole:FOLLOWER, 2de148b0-f597-457b-b70e-3e9a456efa0b|rpc:10.1.0.41:36141|dataStream:10.1.0.41:33355|priority:1|startupRole:FOLLOWER]|listeners:[], old=null
2023-03-16 20:04:07,745 [2de148b0-f597-457b-b70e-3e9a456efa0b@group-ED66BB65EE5C-LeaderElection6] INFO  impl.LeaderElection (LeaderElection.java:logAndReturn(90)) - 2de148b0-f597-457b-b70e-3e9a456efa0b@group-ED66BB65EE5C-LeaderElection6: ELECTION PASSED received 1 response(s) and 0 exception(s):
2023-03-16 20:04:07,745 [2de148b0-f597-457b-b70e-3e9a456efa0b@group-ED66BB65EE5C-LeaderElection6] INFO  impl.LeaderElection (LeaderElection.java:logAndReturn(94)) -   Response 0: 2de148b0-f597-457b-b70e-3e9a456efa0b<-c5189d4b-3145-494e-80fe-2ee109b29a1b#0:OK-t1
2023-03-16 20:04:07,745 [2de148b0-f597-457b-b70e-3e9a456efa0b@group-ED66BB65EE5C-LeaderElection6] INFO  impl.LeaderElection (LeaderElection.java:askForVotes(314)) - 2de148b0-f597-457b-b70e-3e9a456efa0b@group-ED66BB65EE5C-LeaderElection6 ELECTION round 0: result PASSED
2023-03-16 20:04:07,745 [2de148b0-f597-457b-b70e-3e9a456efa0b@group-ED66BB65EE5C-LeaderElection6] INFO  impl.RoleInfo (RoleInfo.java:shutdownLeaderElection(130)) - 2de148b0-f597-457b-b70e-3e9a456efa0b: shutdown 2de148b0-f597-457b-b70e-3e9a456efa0b@group-ED66BB65EE5C-LeaderElection6
2023-03-16 20:04:07,746 [2de148b0-f597-457b-b70e-3e9a456efa0b@group-ED66BB65EE5C-LeaderElection6] INFO  server.RaftServer$Division (RaftServerImpl.java:setRole(321)) - 2de148b0-f597-457b-b70e-3e9a456efa0b@group-ED66BB65EE5C: changes role from CANDIDATE to LEADER at term 1 for changeToLeader
2023-03-16 20:04:07,746 [2de148b0-f597-457b-b70e-3e9a456efa0b@group-ED66BB65EE5C-LeaderElection6] INFO  ratis.XceiverServerRatis (XceiverServerRatis.java:handleLeaderChangedNotification(905)) - Leader change notification received for group: group-ED66BB65EE5C with new leaderId: 2de148b0-f597-457b-b70e-3e9a456efa0b
2023-03-16 20:04:07,746 [2de148b0-f597-457b-b70e-3e9a456efa0b@group-ED66BB65EE5C-LeaderElection6] INFO  server.RaftServer$Division (ServerState.java:setLeader(313)) - 2de148b0-f597-457b-b70e-3e9a456efa0b@group-ED66BB65EE5C: change Leader from null to 2de148b0-f597-457b-b70e-3e9a456efa0b at term 1 for becomeLeader, leader elected after 5179ms
2023-03-16 20:04:07,746 [2de148b0-f597-457b-b70e-3e9a456efa0b@group-ED66BB65EE5C-LeaderElection6] INFO  server.RaftServerConfigKeys (ConfUtils.java:logGet(46)) - raft.server.staging.catchup.gap = 1000 (default)
2023-03-16 20:04:07,746 [2de148b0-f597-457b-b70e-3e9a456efa0b@group-ED66BB65EE5C-LeaderElection6] INFO  server.RaftServerConfigKeys (ConfUtils.java:logGet(46)) - raft.server.write.element-limit = 1024 (custom)
2023-03-16 20:04:07,746 [2de148b0-f597-457b-b70e-3e9a456efa0b@group-ED66BB65EE5C-LeaderElection6] INFO  server.RaftServerConfigKeys (ConfUtils.java:logGet(46)) - raft.server.write.byte-limit = 1024 M (=1073741824) (custom)
2023-03-16 20:04:07,747 [2de148b0-f597-457b-b70e-3e9a456efa0b@group-ED66BB65EE5C-LeaderElection6] INFO  server.RaftServerConfigKeys (ConfUtils.java:logGet(46)) - raft.server.watch.timeout = 180s (custom)
2023-03-16 20:04:07,747 [2de148b0-f597-457b-b70e-3e9a456efa0b@group-ED66BB65EE5C-LeaderElection6] INFO  server.RaftServerConfigKeys (ConfUtils.java:logGet(46)) - raft.server.watch.timeout.denomination = 1s (default)
2023-03-16 20:04:07,747 [2de148b0-f597-457b-b70e-3e9a456efa0b@group-ED66BB65EE5C-LeaderElection6] INFO  server.RaftServerConfigKeys (ConfUtils.java:logGet(46)) - raft.server.watch.element-limit = 65536 (default)
2023-03-16 20:04:07,747 [2de148b0-f597-457b-b70e-3e9a456efa0b@group-ED66BB65EE5C-LeaderElection6] INFO  server.RaftServerConfigKeys (ConfUtils.java:logGet(46)) - raft.server.write.element-limit = 1024 (custom)
2023-03-16 20:04:07,747 [2de148b0-f597-457b-b70e-3e9a456efa0b@group-ED66BB65EE5C-LeaderElection6] INFO  server.RaftServerConfigKeys (ConfUtils.java:logGet(46)) - raft.server.write.follower.gap.ratio.max = -1.0 (default)
2023-03-16 20:04:07,748 [2de148b0-f597-457b-b70e-3e9a456efa0b@group-ED66BB65EE5C-LeaderElection6] INFO  server.RaftServerConfigKeys (ConfUtils.java:logGet(46)) - raft.server.log.appender.snapshot.chunk.size.max = 16MB (=16777216) (default)
2023-03-16 20:04:07,748 [2de148b0-f597-457b-b70e-3e9a456efa0b@group-ED66BB65EE5C-LeaderElection6] INFO  server.RaftServerConfigKeys (ConfUtils.java:logGet(46)) - raft.server.log.appender.buffer.byte-limit = 33554432 (custom)
2023-03-16 20:04:07,748 [2de148b0-f597-457b-b70e-3e9a456efa0b@group-ED66BB65EE5C-LeaderElection6] INFO  server.RaftServerConfigKeys (ConfUtils.java:logGet(46)) - raft.server.log.appender.buffer.element-limit = 1 (custom)
2023-03-16 20:04:07,751 [c5189d4b-3145-494e-80fe-2ee109b29a1b@group-ED66BB65EE5C-FollowerState] INFO  server.RaftServerConfigKeys (ConfUtils.java:logFallback(53)) - raft.server.rpc.first-election.timeout.min = 5s (fallback to raft.server.rpc.timeout.min)
2023-03-16 20:04:07,759 [c5189d4b-3145-494e-80fe-2ee109b29a1b@group-ED66BB65EE5C-FollowerState] INFO  server.RaftServerConfigKeys (ConfUtils.java:logFallback(53)) - raft.server.rpc.first-election.timeout.max = 5200ms (fallback to raft.server.rpc.timeout.max)
2023-03-16 20:04:07,748 [2de148b0-f597-457b-b70e-3e9a456efa0b@group-ED66BB65EE5C-LeaderElection6] INFO  grpc.GrpcConfigKeys (ConfUtils.java:logGet(46)) - raft.grpc.server.leader.outstanding.appends.max = 128 (default)
2023-03-16 20:04:07,757 [EventQueue-PipelineReportForPipelineReportHandler] INFO  pipeline.PipelineManagerImpl (PipelineManagerImpl.java:openPipeline(367)) - Pipeline Pipeline[ Id: 8f72906f-0154-4cb9-ac9c-ed66bb65ee5c, Nodes: c5189d4b-3145-494e-80fe-2ee109b29a1b(fv-az371-917/10.1.0.41)c8f26da1-2406-40b8-bbe6-f78547910a7f(fv-az371-917/10.1.0.41)2de148b0-f597-457b-b70e-3e9a456efa0b(fv-az371-917/10.1.0.41), ReplicationConfig: RATIS/THREE, State:ALLOCATED, leaderId:2de148b0-f597-457b-b70e-3e9a456efa0b, CreationTimestamp2023-03-16T20:03:59.784Z[Etc/UTC]] moved to OPEN state
2023-03-16 20:04:07,755 [grpc-default-executor-2] INFO  server.RaftServer$Division (RaftServerImpl.java:requestVote(1218)) - c8f26da1-2406-40b8-bbe6-f78547910a7f@group-ED66BB65EE5C: receive requestVote(ELECTION, 2de148b0-f597-457b-b70e-3e9a456efa0b, group-ED66BB65EE5C, 1, (t:0, i:0))
2023-03-16 20:04:07,760 [grpc-default-executor-2] INFO  impl.VoteContext (VoteContext.java:log(49)) - c8f26da1-2406-40b8-bbe6-f78547910a7f@group-ED66BB65EE5C-FOLLOWER: accept ELECTION from 2de148b0-f597-457b-b70e-3e9a456efa0b: our priority 0 <= candidate's priority 1
2023-03-16 20:04:07,760 [grpc-default-executor-2] INFO  server.RaftServer$Division (RaftServerImpl.java:setRole(321)) - c8f26da1-2406-40b8-bbe6-f78547910a7f@group-ED66BB65EE5C: changes role from  FOLLOWER to FOLLOWER at term 1 for candidate:2de148b0-f597-457b-b70e-3e9a456efa0b
2023-03-16 20:04:07,760 [grpc-default-executor-2] INFO  impl.RoleInfo (RoleInfo.java:shutdownFollowerState(110)) - c8f26da1-2406-40b8-bbe6-f78547910a7f: shutdown c8f26da1-2406-40b8-bbe6-f78547910a7f@group-ED66BB65EE5C-FollowerState
2023-03-16 20:04:07,761 [grpc-default-executor-2] INFO  impl.RoleInfo (RoleInfo.java:updateAndGet(139)) - c8f26da1-2406-40b8-bbe6-f78547910a7f: start c8f26da1-2406-40b8-bbe6-f78547910a7f@group-ED66BB65EE5C-FollowerState
2023-03-16 20:04:07,762 [c8f26da1-2406-40b8-bbe6-f78547910a7f@group-ED66BB65EE5C-FollowerState] INFO  server.RaftServerConfigKeys (ConfUtils.java:logFallback(53)) - raft.server.rpc.first-election.timeout.min = 5s (fallback to raft.server.rpc.timeout.min)
2023-03-16 20:04:07,763 [c8f26da1-2406-40b8-bbe6-f78547910a7f@group-ED66BB65EE5C-FollowerState] INFO  server.RaftServerConfigKeys (ConfUtils.java:logFallback(53)) - raft.server.rpc.first-election.timeout.max = 5200ms (fallback to raft.server.rpc.timeout.max)
2023-03-16 20:04:07,763 [grpc-default-executor-2] INFO  server.RaftServer$Division (RaftServerImpl.java:requestVote(1251)) - c8f26da1-2406-40b8-bbe6-f78547910a7f@group-ED66BB65EE5C replies to ELECTION vote request: 2de148b0-f597-457b-b70e-3e9a456efa0b<-c8f26da1-2406-40b8-bbe6-f78547910a7f#0:OK-t1. Peer's state: c8f26da1-2406-40b8-bbe6-f78547910a7f@group-ED66BB65EE5C:t1, leader=null, voted=2de148b0-f597-457b-b70e-3e9a456efa0b, raftlog=Memoized:c8f26da1-2406-40b8-bbe6-f78547910a7f@group-ED66BB65EE5C-SegmentedRaftLog:OPENED:c-1, conf=-1: peers:[c5189d4b-3145-494e-80fe-2ee109b29a1b|rpc:10.1.0.41:37943|dataStream:10.1.0.41:43421|priority:0|startupRole:FOLLOWER, c8f26da1-2406-40b8-bbe6-f78547910a7f|rpc:10.1.0.41:39335|dataStream:10.1.0.41:46287|priority:0|startupRole:FOLLOWER, 2de148b0-f597-457b-b70e-3e9a456efa0b|rpc:10.1.0.41:36141|dataStream:10.1.0.41:33355|priority:1|startupRole:FOLLOWER]|listeners:[], old=null
2023-03-16 20:04:07,765 [2de148b0-f597-457b-b70e-3e9a456efa0b@group-ED66BB65EE5C-LeaderElection6] INFO  server.RaftServerConfigKeys (ConfUtils.java:logGet(46)) - raft.server.rpc.request.timeout = 60s (custom)
2023-03-16 20:04:07,765 [2de148b0-f597-457b-b70e-3e9a456efa0b@group-ED66BB65EE5C-LeaderElection6] INFO  server.RaftServerConfigKeys (ConfUtils.java:logGet(46)) - raft.server.log.appender.install.snapshot.enabled = false (custom)
2023-03-16 20:04:07,765 [2de148b0-f597-457b-b70e-3e9a456efa0b@group-ED66BB65EE5C-LeaderElection6] INFO  grpc.GrpcConfigKeys (ConfUtils.java:logGet(46)) - raft.grpc.server.heartbeat.channel = true (default)
2023-03-16 20:04:07,765 [2de148b0-f597-457b-b70e-3e9a456efa0b@group-ED66BB65EE5C-LeaderElection6] INFO  server.RaftServerConfigKeys (ConfUtils.java:logGet(46)) - raft.server.log.appender.wait-time.min = 10ms (default)
2023-03-16 20:04:07,766 [2de148b0-f597-457b-b70e-3e9a456efa0b@group-ED66BB65EE5C-LeaderElection6] INFO  server.RaftServerConfigKeys (ConfUtils.java:logGet(46)) - raft.server.log.appender.snapshot.chunk.size.max = 16MB (=16777216) (default)
2023-03-16 20:04:07,766 [2de148b0-f597-457b-b70e-3e9a456efa0b@group-ED66BB65EE5C-LeaderElection6] INFO  server.RaftServerConfigKeys (ConfUtils.java:logGet(46)) - raft.server.log.appender.buffer.byte-limit = 33554432 (custom)
2023-03-16 20:04:07,766 [2de148b0-f597-457b-b70e-3e9a456efa0b@group-ED66BB65EE5C-LeaderElection6] INFO  server.RaftServerConfigKeys (ConfUtils.java:logGet(46)) - raft.server.log.appender.buffer.element-limit = 1 (custom)
2023-03-16 20:04:07,766 [2de148b0-f597-457b-b70e-3e9a456efa0b@group-ED66BB65EE5C-LeaderElection6] INFO  grpc.GrpcConfigKeys (ConfUtils.java:logGet(46)) - raft.grpc.server.leader.outstanding.appends.max = 128 (default)
2023-03-16 20:04:07,766 [2de148b0-f597-457b-b70e-3e9a456efa0b@group-ED66BB65EE5C-LeaderElection6] INFO  server.RaftServerConfigKeys (ConfUtils.java:logGet(46)) - raft.server.rpc.request.timeout = 60s (custom)
2023-03-16 20:04:07,767 [2de148b0-f597-457b-b70e-3e9a456efa0b@group-ED66BB65EE5C-LeaderElection6] INFO  server.RaftServerConfigKeys (ConfUtils.java:logGet(46)) - raft.server.log.appender.install.snapshot.enabled = false (custom)
2023-03-16 20:04:07,767 [2de148b0-f597-457b-b70e-3e9a456efa0b@group-ED66BB65EE5C-LeaderElection6] INFO  grpc.GrpcConfigKeys (ConfUtils.java:logGet(46)) - raft.grpc.server.heartbeat.channel = true (default)
2023-03-16 20:04:07,767 [2de148b0-f597-457b-b70e-3e9a456efa0b@group-ED66BB65EE5C-LeaderElection6] INFO  server.RaftServerConfigKeys (ConfUtils.java:logGet(46)) - raft.server.log.appender.wait-time.min = 10ms (default)
2023-03-16 20:04:07,767 [2de148b0-f597-457b-b70e-3e9a456efa0b@group-ED66BB65EE5C-LeaderElection6] INFO  impl.RoleInfo (RoleInfo.java:updateAndGet(139)) - 2de148b0-f597-457b-b70e-3e9a456efa0b: start 2de148b0-f597-457b-b70e-3e9a456efa0b@group-ED66BB65EE5C-LeaderStateImpl
2023-03-16 20:04:07,767 [2de148b0-f597-457b-b70e-3e9a456efa0b@group-ED66BB65EE5C-LeaderElection6] INFO  segmented.SegmentedRaftLogWorker (SegmentedRaftLogWorker.java:startLogSegment(452)) - 2de148b0-f597-457b-b70e-3e9a456efa0b@group-ED66BB65EE5C-SegmentedRaftLogWorker: Starting segment from index:0
2023-03-16 20:04:07,769 [c8f26da1-2406-40b8-bbe6-f78547910a7f@group-ED66BB65EE5C-FollowerState] INFO  impl.FollowerState (FollowerState.java:run(152)) - c8f26da1-2406-40b8-bbe6-f78547910a7f@group-ED66BB65EE5C-FollowerState was interrupted
2023-03-16 20:04:07,772 [2de148b0-f597-457b-b70e-3e9a456efa0b@group-ED66BB65EE5C-SegmentedRaftLogWorker] INFO  segmented.SegmentedRaftLogWorker (SegmentedRaftLogWorker.java:execute(656)) - 2de148b0-f597-457b-b70e-3e9a456efa0b@group-ED66BB65EE5C-SegmentedRaftLogWorker: created new log segment /home/runner/work/ozone/ozone/hadoop-ozone/integration-test/target/test-dir/MiniOzoneClusterImpl-77d2372e-e00f-46e1-a11d-7f7bb0f90484/datanode-2/data/ratis/8f72906f-0154-4cb9-ac9c-ed66bb65ee5c/current/log_inprogress_0
2023-03-16 20:04:07,782 [2de148b0-f597-457b-b70e-3e9a456efa0b@group-ED66BB65EE5C-LeaderElection6] INFO  server.RaftServer$Division (ServerState.java:setRaftConf(430)) - 2de148b0-f597-457b-b70e-3e9a456efa0b@group-ED66BB65EE5C: set configuration 0: peers:[c5189d4b-3145-494e-80fe-2ee109b29a1b|rpc:10.1.0.41:37943|dataStream:10.1.0.41:43421|priority:0|startupRole:FOLLOWER, c8f26da1-2406-40b8-bbe6-f78547910a7f|rpc:10.1.0.41:39335|dataStream:10.1.0.41:46287|priority:0|startupRole:FOLLOWER, 2de148b0-f597-457b-b70e-3e9a456efa0b|rpc:10.1.0.41:36141|dataStream:10.1.0.41:33355|priority:1|startupRole:FOLLOWER]|listeners:[], old=null
2023-03-16 20:04:07,813 [c5189d4b-3145-494e-80fe-2ee109b29a1b-server-thread1] INFO  ratis.XceiverServerRatis (XceiverServerRatis.java:handleLeaderChangedNotification(905)) - Leader change notification received for group: group-ED66BB65EE5C with new leaderId: 2de148b0-f597-457b-b70e-3e9a456efa0b
2023-03-16 20:04:07,814 [c5189d4b-3145-494e-80fe-2ee109b29a1b-server-thread1] INFO  server.RaftServer$Division (ServerState.java:setLeader(313)) - c5189d4b-3145-494e-80fe-2ee109b29a1b@group-ED66BB65EE5C: change Leader from null to 2de148b0-f597-457b-b70e-3e9a456efa0b at term 1 for appendEntries, leader elected after 5478ms
2023-03-16 20:04:07,845 [c5189d4b-3145-494e-80fe-2ee109b29a1b-server-thread2] INFO  server.RaftServer$Division (ServerState.java:setRaftConf(430)) - c5189d4b-3145-494e-80fe-2ee109b29a1b@group-ED66BB65EE5C: set configuration 0: peers:[c5189d4b-3145-494e-80fe-2ee109b29a1b|rpc:10.1.0.41:37943|dataStream:10.1.0.41:43421|priority:0|startupRole:FOLLOWER, c8f26da1-2406-40b8-bbe6-f78547910a7f|rpc:10.1.0.41:39335|dataStream:10.1.0.41:46287|priority:0|startupRole:FOLLOWER, 2de148b0-f597-457b-b70e-3e9a456efa0b|rpc:10.1.0.41:36141|dataStream:10.1.0.41:33355|priority:1|startupRole:FOLLOWER]|listeners:[], old=null
2023-03-16 20:04:07,850 [c5189d4b-3145-494e-80fe-2ee109b29a1b-server-thread2] INFO  segmented.SegmentedRaftLogWorker (SegmentedRaftLogWorker.java:startLogSegment(452)) - c5189d4b-3145-494e-80fe-2ee109b29a1b@group-ED66BB65EE5C-SegmentedRaftLogWorker: Starting segment from index:0
2023-03-16 20:04:07,845 [c8f26da1-2406-40b8-bbe6-f78547910a7f-server-thread1] INFO  ratis.XceiverServerRatis (XceiverServerRatis.java:handleLeaderChangedNotification(905)) - Leader change notification received for group: group-ED66BB65EE5C with new leaderId: 2de148b0-f597-457b-b70e-3e9a456efa0b
2023-03-16 20:04:07,853 [c8f26da1-2406-40b8-bbe6-f78547910a7f-server-thread1] INFO  server.RaftServer$Division (ServerState.java:setLeader(313)) - c8f26da1-2406-40b8-bbe6-f78547910a7f@group-ED66BB65EE5C: change Leader from null to 2de148b0-f597-457b-b70e-3e9a456efa0b at term 1 for appendEntries, leader elected after 5363ms
2023-03-16 20:04:07,855 [c8f26da1-2406-40b8-bbe6-f78547910a7f-server-thread1] INFO  server.RaftServer$Division (ServerState.java:setRaftConf(430)) - c8f26da1-2406-40b8-bbe6-f78547910a7f@group-ED66BB65EE5C: set configuration 0: peers:[c5189d4b-3145-494e-80fe-2ee109b29a1b|rpc:10.1.0.41:37943|dataStream:10.1.0.41:43421|priority:0|startupRole:FOLLOWER, c8f26da1-2406-40b8-bbe6-f78547910a7f|rpc:10.1.0.41:39335|dataStream:10.1.0.41:46287|priority:0|startupRole:FOLLOWER, 2de148b0-f597-457b-b70e-3e9a456efa0b|rpc:10.1.0.41:36141|dataStream:10.1.0.41:33355|priority:1|startupRole:FOLLOWER]|listeners:[], old=null
2023-03-16 20:04:07,855 [c8f26da1-2406-40b8-bbe6-f78547910a7f-server-thread1] INFO  segmented.SegmentedRaftLogWorker (SegmentedRaftLogWorker.java:startLogSegment(452)) - c8f26da1-2406-40b8-bbe6-f78547910a7f@group-ED66BB65EE5C-SegmentedRaftLogWorker: Starting segment from index:0
2023-03-16 20:04:07,856 [c5189d4b-3145-494e-80fe-2ee109b29a1b@group-ED66BB65EE5C-SegmentedRaftLogWorker] INFO  segmented.SegmentedRaftLogWorker (SegmentedRaftLogWorker.java:execute(656)) - c5189d4b-3145-494e-80fe-2ee109b29a1b@group-ED66BB65EE5C-SegmentedRaftLogWorker: created new log segment /home/runner/work/ozone/ozone/hadoop-ozone/integration-test/target/test-dir/MiniOzoneClusterImpl-77d2372e-e00f-46e1-a11d-7f7bb0f90484/datanode-1/data/ratis/8f72906f-0154-4cb9-ac9c-ed66bb65ee5c/current/log_inprogress_0
2023-03-16 20:04:07,859 [c8f26da1-2406-40b8-bbe6-f78547910a7f@group-ED66BB65EE5C-SegmentedRaftLogWorker] INFO  segmented.SegmentedRaftLogWorker (SegmentedRaftLogWorker.java:execute(656)) - c8f26da1-2406-40b8-bbe6-f78547910a7f@group-ED66BB65EE5C-SegmentedRaftLogWorker: created new log segment /home/runner/work/ozone/ozone/hadoop-ozone/integration-test/target/test-dir/MiniOzoneClusterImpl-77d2372e-e00f-46e1-a11d-7f7bb0f90484/datanode-0/data/ratis/8f72906f-0154-4cb9-ac9c-ed66bb65ee5c/current/log_inprogress_0
2023-03-16 20:04:08,055 [Listener at 127.0.0.1/35091] INFO  rpc.RpcClient (RpcClient.java:createVolume(476)) - Creating Volume: volume04068, with user49179 as owner and space quota set to -1 bytes, counts quota set to -1
2023-03-16 20:04:08,129 [OM StateMachine ApplyTransaction Thread - 0] INFO  volume.OMVolumeCreateRequest (OMVolumeCreateRequest.java:validateAndUpdateCache(195)) - created volume:volume04068 for user:user49179
2023-03-16 20:04:08,157 [2de148b0-f597-457b-b70e-3e9a456efa0b@group-25BE96FEB61F-FollowerState] INFO  impl.FollowerState (FollowerState.java:run(143)) - 2de148b0-f597-457b-b70e-3e9a456efa0b@group-25BE96FEB61F-FollowerState: change to CANDIDATE, lastRpcElapsedTime:5007659672ns, electionTimeout:5005ms
2023-03-16 20:04:08,157 [2de148b0-f597-457b-b70e-3e9a456efa0b@group-25BE96FEB61F-FollowerState] INFO  impl.RoleInfo (RoleInfo.java:shutdownFollowerState(110)) - 2de148b0-f597-457b-b70e-3e9a456efa0b: shutdown 2de148b0-f597-457b-b70e-3e9a456efa0b@group-25BE96FEB61F-FollowerState
2023-03-16 20:04:08,158 [2de148b0-f597-457b-b70e-3e9a456efa0b@group-25BE96FEB61F-FollowerState] INFO  server.RaftServer$Division (RaftServerImpl.java:setRole(321)) - 2de148b0-f597-457b-b70e-3e9a456efa0b@group-25BE96FEB61F: changes role from  FOLLOWER to CANDIDATE at term 0 for changeToCandidate
2023-03-16 20:04:08,165 [2de148b0-f597-457b-b70e-3e9a456efa0b@group-25BE96FEB61F-FollowerState] INFO  server.RaftServerConfigKeys (ConfUtils.java:logGet(46)) - raft.server.leaderelection.pre-vote = true (default)
2023-03-16 20:04:08,165 [2de148b0-f597-457b-b70e-3e9a456efa0b@group-25BE96FEB61F-FollowerState] INFO  impl.RoleInfo (RoleInfo.java:updateAndGet(139)) - 2de148b0-f597-457b-b70e-3e9a456efa0b: start 2de148b0-f597-457b-b70e-3e9a456efa0b@group-25BE96FEB61F-LeaderElection7
2023-03-16 20:04:08,174 [2de148b0-f597-457b-b70e-3e9a456efa0b@group-25BE96FEB61F-LeaderElection7] INFO  impl.LeaderElection (LeaderElection.java:askForVotes(312)) - 2de148b0-f597-457b-b70e-3e9a456efa0b@group-25BE96FEB61F-LeaderElection7 PRE_VOTE round 0: submit vote requests at term 0 for -1: peers:[2de148b0-f597-457b-b70e-3e9a456efa0b|rpc:10.1.0.41:36141|dataStream:10.1.0.41:33355|priority:1|startupRole:FOLLOWER]|listeners:[], old=null
2023-03-16 20:04:08,174 [2de148b0-f597-457b-b70e-3e9a456efa0b@group-25BE96FEB61F-LeaderElection7] INFO  impl.LeaderElection (LeaderElection.java:askForVotes(314)) - 2de148b0-f597-457b-b70e-3e9a456efa0b@group-25BE96FEB61F-LeaderElection7 PRE_VOTE round 0: result PASSED (term=0)
2023-03-16 20:04:08,177 [2de148b0-f597-457b-b70e-3e9a456efa0b@group-25BE96FEB61F-LeaderElection7] INFO  impl.LeaderElection (LeaderElection.java:askForVotes(312)) - 2de148b0-f597-457b-b70e-3e9a456efa0b@group-25BE96FEB61F-LeaderElection7 ELECTION round 0: submit vote requests at term 1 for -1: peers:[2de148b0-f597-457b-b70e-3e9a456efa0b|rpc:10.1.0.41:36141|dataStream:10.1.0.41:33355|priority:1|startupRole:FOLLOWER]|listeners:[], old=null
2023-03-16 20:04:08,177 [2de148b0-f597-457b-b70e-3e9a456efa0b@group-25BE96FEB61F-LeaderElection7] INFO  impl.LeaderElection (LeaderElection.java:askForVotes(314)) - 2de148b0-f597-457b-b70e-3e9a456efa0b@group-25BE96FEB61F-LeaderElection7 ELECTION round 0: result PASSED (term=1)
2023-03-16 20:04:08,177 [2de148b0-f597-457b-b70e-3e9a456efa0b@group-25BE96FEB61F-LeaderElection7] INFO  impl.RoleInfo (RoleInfo.java:shutdownLeaderElection(130)) - 2de148b0-f597-457b-b70e-3e9a456efa0b: shutdown 2de148b0-f597-457b-b70e-3e9a456efa0b@group-25BE96FEB61F-LeaderElection7
2023-03-16 20:04:08,177 [2de148b0-f597-457b-b70e-3e9a456efa0b@group-25BE96FEB61F-LeaderElection7] INFO  server.RaftServer$Division (RaftServerImpl.java:setRole(321)) - 2de148b0-f597-457b-b70e-3e9a456efa0b@group-25BE96FEB61F: changes role from CANDIDATE to LEADER at term 1 for changeToLeader
2023-03-16 20:04:08,177 [2de148b0-f597-457b-b70e-3e9a456efa0b@group-25BE96FEB61F-LeaderElection7] INFO  ratis.XceiverServerRatis (XceiverServerRatis.java:handleLeaderChangedNotification(905)) - Leader change notification received for group: group-25BE96FEB61F with new leaderId: 2de148b0-f597-457b-b70e-3e9a456efa0b
2023-03-16 20:04:08,177 [2de148b0-f597-457b-b70e-3e9a456efa0b@group-25BE96FEB61F-LeaderElection7] INFO  server.RaftServer$Division (ServerState.java:setLeader(313)) - 2de148b0-f597-457b-b70e-3e9a456efa0b@group-25BE96FEB61F: change Leader from null to 2de148b0-f597-457b-b70e-3e9a456efa0b at term 1 for becomeLeader, leader elected after 5406ms
2023-03-16 20:04:08,178 [2de148b0-f597-457b-b70e-3e9a456efa0b@group-25BE96FEB61F-LeaderElection7] INFO  server.RaftServerConfigKeys (ConfUtils.java:logGet(46)) - raft.server.staging.catchup.gap = 1000 (default)
2023-03-16 20:04:08,178 [2de148b0-f597-457b-b70e-3e9a456efa0b@group-25BE96FEB61F-LeaderElection7] INFO  server.RaftServerConfigKeys (ConfUtils.java:logGet(46)) - raft.server.write.element-limit = 1024 (custom)
2023-03-16 20:04:08,178 [2de148b0-f597-457b-b70e-3e9a456efa0b@group-25BE96FEB61F-LeaderElection7] INFO  server.RaftServerConfigKeys (ConfUtils.java:logGet(46)) - raft.server.write.byte-limit = 1024 M (=1073741824) (custom)
2023-03-16 20:04:08,178 [2de148b0-f597-457b-b70e-3e9a456efa0b@group-25BE96FEB61F-LeaderElection7] INFO  server.RaftServerConfigKeys (ConfUtils.java:logGet(46)) - raft.server.watch.timeout = 180s (custom)
2023-03-16 20:04:08,179 [2de148b0-f597-457b-b70e-3e9a456efa0b@group-25BE96FEB61F-LeaderElection7] INFO  server.RaftServerConfigKeys (ConfUtils.java:logGet(46)) - raft.server.watch.timeout.denomination = 1s (default)
2023-03-16 20:04:08,179 [2de148b0-f597-457b-b70e-3e9a456efa0b@group-25BE96FEB61F-LeaderElection7] INFO  server.RaftServerConfigKeys (ConfUtils.java:logGet(46)) - raft.server.watch.element-limit = 65536 (default)
2023-03-16 20:04:08,179 [2de148b0-f597-457b-b70e-3e9a456efa0b@group-25BE96FEB61F-LeaderElection7] INFO  server.RaftServerConfigKeys (ConfUtils.java:logGet(46)) - raft.server.write.element-limit = 1024 (custom)
2023-03-16 20:04:08,179 [2de148b0-f597-457b-b70e-3e9a456efa0b@group-25BE96FEB61F-LeaderElection7] INFO  server.RaftServerConfigKeys (ConfUtils.java:logGet(46)) - raft.server.write.follower.gap.ratio.max = -1.0 (default)
2023-03-16 20:04:08,179 [2de148b0-f597-457b-b70e-3e9a456efa0b@group-25BE96FEB61F-LeaderElection7] INFO  impl.RoleInfo (RoleInfo.java:updateAndGet(139)) - 2de148b0-f597-457b-b70e-3e9a456efa0b: start 2de148b0-f597-457b-b70e-3e9a456efa0b@group-25BE96FEB61F-LeaderStateImpl
2023-03-16 20:04:08,179 [2de148b0-f597-457b-b70e-3e9a456efa0b@group-25BE96FEB61F-LeaderElection7] INFO  segmented.SegmentedRaftLogWorker (SegmentedRaftLogWorker.java:startLogSegment(452)) - 2de148b0-f597-457b-b70e-3e9a456efa0b@group-25BE96FEB61F-SegmentedRaftLogWorker: Starting segment from index:0
2023-03-16 20:04:08,181 [2de148b0-f597-457b-b70e-3e9a456efa0b@group-25BE96FEB61F-SegmentedRaftLogWorker] INFO  segmented.SegmentedRaftLogWorker (SegmentedRaftLogWorker.java:execute(656)) - 2de148b0-f597-457b-b70e-3e9a456efa0b@group-25BE96FEB61F-SegmentedRaftLogWorker: created new log segment /home/runner/work/ozone/ozone/hadoop-ozone/integration-test/target/test-dir/MiniOzoneClusterImpl-77d2372e-e00f-46e1-a11d-7f7bb0f90484/datanode-2/data/ratis/f72d96c4-847f-4c0a-9989-25be96feb61f/current/log_inprogress_0
2023-03-16 20:04:08,189 [2de148b0-f597-457b-b70e-3e9a456efa0b@group-25BE96FEB61F-LeaderElection7] INFO  server.RaftServer$Division (ServerState.java:setRaftConf(430)) - 2de148b0-f597-457b-b70e-3e9a456efa0b@group-25BE96FEB61F: set configuration 0: peers:[2de148b0-f597-457b-b70e-3e9a456efa0b|rpc:10.1.0.41:36141|dataStream:10.1.0.41:33355|priority:1|startupRole:FOLLOWER]|listeners:[], old=null
2023-03-16 20:04:08,192 [Listener at 127.0.0.1/35091] INFO  rpc.RpcClient (RpcClient.java:createBucket(698)) - Creating Bucket: volume04068/bucket31801, with bucket layout LEGACY, runner as owner, Versioning false, Storage Type set to DISK and Encryption set to false, Replication Type set to server-side default replication type, Namespace Quota set to -1, Space Quota set to -1 
2023-03-16 20:04:08,220 [OM StateMachine ApplyTransaction Thread - 0] INFO  bucket.OMBucketCreateRequest (OMBucketCreateRequest.java:validateAndUpdateCache(263)) - created bucket: bucket31801 of layout LEGACY in volume: volume04068
2023-03-16 20:04:08,332 [f9f49075-6b76-4a07-b0c3-cad8e972cd7f@group-4CD52836A867-FollowerState] INFO  impl.FollowerState (FollowerState.java:run(143)) - f9f49075-6b76-4a07-b0c3-cad8e972cd7f@group-4CD52836A867-FollowerState: change to CANDIDATE, lastRpcElapsedTime:5038384589ns, electionTimeout:5036ms
2023-03-16 20:04:08,333 [f9f49075-6b76-4a07-b0c3-cad8e972cd7f@group-4CD52836A867-FollowerState] INFO  impl.RoleInfo (RoleInfo.java:shutdownFollowerState(110)) - f9f49075-6b76-4a07-b0c3-cad8e972cd7f: shutdown f9f49075-6b76-4a07-b0c3-cad8e972cd7f@group-4CD52836A867-FollowerState
2023-03-16 20:04:08,333 [f9f49075-6b76-4a07-b0c3-cad8e972cd7f@group-4CD52836A867-FollowerState] INFO  server.RaftServer$Division (RaftServerImpl.java:setRole(321)) - f9f49075-6b76-4a07-b0c3-cad8e972cd7f@group-4CD52836A867: changes role from  FOLLOWER to CANDIDATE at term 0 for changeToCandidate
2023-03-16 20:04:08,335 [f9f49075-6b76-4a07-b0c3-cad8e972cd7f@group-4CD52836A867-FollowerState] INFO  server.RaftServerConfigKeys (ConfUtils.java:logGet(46)) - raft.server.leaderelection.pre-vote = true (default)
2023-03-16 20:04:08,335 [f9f49075-6b76-4a07-b0c3-cad8e972cd7f@group-4CD52836A867-FollowerState] INFO  impl.RoleInfo (RoleInfo.java:updateAndGet(139)) - f9f49075-6b76-4a07-b0c3-cad8e972cd7f: start f9f49075-6b76-4a07-b0c3-cad8e972cd7f@group-4CD52836A867-LeaderElection8
2023-03-16 20:04:08,348 [f9f49075-6b76-4a07-b0c3-cad8e972cd7f@group-4CD52836A867-LeaderElection8] INFO  impl.LeaderElection (LeaderElection.java:askForVotes(312)) - f9f49075-6b76-4a07-b0c3-cad8e972cd7f@group-4CD52836A867-LeaderElection8 PRE_VOTE round 0: submit vote requests at term 0 for -1: peers:[f9f49075-6b76-4a07-b0c3-cad8e972cd7f|rpc:10.1.0.41:37941|dataStream:10.1.0.41:38455|priority:1|startupRole:FOLLOWER]|listeners:[], old=null
2023-03-16 20:04:08,348 [f9f49075-6b76-4a07-b0c3-cad8e972cd7f@group-4CD52836A867-LeaderElection8] INFO  impl.LeaderElection (LeaderElection.java:askForVotes(314)) - f9f49075-6b76-4a07-b0c3-cad8e972cd7f@group-4CD52836A867-LeaderElection8 PRE_VOTE round 0: result PASSED (term=0)
2023-03-16 20:04:08,350 [f9f49075-6b76-4a07-b0c3-cad8e972cd7f@group-4CD52836A867-LeaderElection8] INFO  impl.LeaderElection (LeaderElection.java:askForVotes(312)) - f9f49075-6b76-4a07-b0c3-cad8e972cd7f@group-4CD52836A867-LeaderElection8 ELECTION round 0: submit vote requests at term 1 for -1: peers:[f9f49075-6b76-4a07-b0c3-cad8e972cd7f|rpc:10.1.0.41:37941|dataStream:10.1.0.41:38455|priority:1|startupRole:FOLLOWER]|listeners:[], old=null
2023-03-16 20:04:08,350 [f9f49075-6b76-4a07-b0c3-cad8e972cd7f@group-4CD52836A867-LeaderElection8] INFO  impl.LeaderElection (LeaderElection.java:askForVotes(314)) - f9f49075-6b76-4a07-b0c3-cad8e972cd7f@group-4CD52836A867-LeaderElection8 ELECTION round 0: result PASSED (term=1)
2023-03-16 20:04:08,350 [f9f49075-6b76-4a07-b0c3-cad8e972cd7f@group-4CD52836A867-LeaderElection8] INFO  impl.RoleInfo (RoleInfo.java:shutdownLeaderElection(130)) - f9f49075-6b76-4a07-b0c3-cad8e972cd7f: shutdown f9f49075-6b76-4a07-b0c3-cad8e972cd7f@group-4CD52836A867-LeaderElection8
2023-03-16 20:04:08,350 [f9f49075-6b76-4a07-b0c3-cad8e972cd7f@group-4CD52836A867-LeaderElection8] INFO  server.RaftServer$Division (RaftServerImpl.java:setRole(321)) - f9f49075-6b76-4a07-b0c3-cad8e972cd7f@group-4CD52836A867: changes role from CANDIDATE to LEADER at term 1 for changeToLeader
2023-03-16 20:04:08,350 [f9f49075-6b76-4a07-b0c3-cad8e972cd7f@group-4CD52836A867-LeaderElection8] INFO  ratis.XceiverServerRatis (XceiverServerRatis.java:handleLeaderChangedNotification(905)) - Leader change notification received for group: group-4CD52836A867 with new leaderId: f9f49075-6b76-4a07-b0c3-cad8e972cd7f
2023-03-16 20:04:08,350 [f9f49075-6b76-4a07-b0c3-cad8e972cd7f@group-4CD52836A867-LeaderElection8] INFO  server.RaftServer$Division (ServerState.java:setLeader(313)) - f9f49075-6b76-4a07-b0c3-cad8e972cd7f@group-4CD52836A867: change Leader from null to f9f49075-6b76-4a07-b0c3-cad8e972cd7f at term 1 for becomeLeader, leader elected after 5084ms
2023-03-16 20:04:08,351 [f9f49075-6b76-4a07-b0c3-cad8e972cd7f@group-4CD52836A867-LeaderElection8] INFO  server.RaftServerConfigKeys (ConfUtils.java:logGet(46)) - raft.server.staging.catchup.gap = 1000 (default)
2023-03-16 20:04:08,351 [f9f49075-6b76-4a07-b0c3-cad8e972cd7f@group-4CD52836A867-LeaderElection8] INFO  server.RaftServerConfigKeys (ConfUtils.java:logGet(46)) - raft.server.write.element-limit = 1024 (custom)
2023-03-16 20:04:08,351 [f9f49075-6b76-4a07-b0c3-cad8e972cd7f@group-4CD52836A867-LeaderElection8] INFO  server.RaftServerConfigKeys (ConfUtils.java:logGet(46)) - raft.server.write.byte-limit = 1024 M (=1073741824) (custom)
2023-03-16 20:04:08,351 [f9f49075-6b76-4a07-b0c3-cad8e972cd7f@group-4CD52836A867-LeaderElection8] INFO  server.RaftServerConfigKeys (ConfUtils.java:logGet(46)) - raft.server.watch.timeout = 180s (custom)
2023-03-16 20:04:08,351 [f9f49075-6b76-4a07-b0c3-cad8e972cd7f@group-4CD52836A867-LeaderElection8] INFO  server.RaftServerConfigKeys (ConfUtils.java:logGet(46)) - raft.server.watch.timeout.denomination = 1s (default)
2023-03-16 20:04:08,351 [f9f49075-6b76-4a07-b0c3-cad8e972cd7f@group-4CD52836A867-LeaderElection8] INFO  server.RaftServerConfigKeys (ConfUtils.java:logGet(46)) - raft.server.watch.element-limit = 65536 (default)
2023-03-16 20:04:08,352 [f9f49075-6b76-4a07-b0c3-cad8e972cd7f@group-4CD52836A867-LeaderElection8] INFO  server.RaftServerConfigKeys (ConfUtils.java:logGet(46)) - raft.server.write.element-limit = 1024 (custom)
2023-03-16 20:04:08,352 [f9f49075-6b76-4a07-b0c3-cad8e972cd7f@group-4CD52836A867-LeaderElection8] INFO  server.RaftServerConfigKeys (ConfUtils.java:logGet(46)) - raft.server.write.follower.gap.ratio.max = -1.0 (default)
2023-03-16 20:04:08,352 [f9f49075-6b76-4a07-b0c3-cad8e972cd7f@group-4CD52836A867-LeaderElection8] INFO  impl.RoleInfo (RoleInfo.java:updateAndGet(139)) - f9f49075-6b76-4a07-b0c3-cad8e972cd7f: start f9f49075-6b76-4a07-b0c3-cad8e972cd7f@group-4CD52836A867-LeaderStateImpl
2023-03-16 20:04:08,352 [f9f49075-6b76-4a07-b0c3-cad8e972cd7f@group-4CD52836A867-LeaderElection8] INFO  segmented.SegmentedRaftLogWorker (SegmentedRaftLogWorker.java:startLogSegment(452)) - f9f49075-6b76-4a07-b0c3-cad8e972cd7f@group-4CD52836A867-SegmentedRaftLogWorker: Starting segment from index:0
2023-03-16 20:04:08,371 [f9f49075-6b76-4a07-b0c3-cad8e972cd7f@group-4CD52836A867-SegmentedRaftLogWorker] INFO  segmented.SegmentedRaftLogWorker (SegmentedRaftLogWorker.java:execute(656)) - f9f49075-6b76-4a07-b0c3-cad8e972cd7f@group-4CD52836A867-SegmentedRaftLogWorker: created new log segment /home/runner/work/ozone/ozone/hadoop-ozone/integration-test/target/test-dir/MiniOzoneClusterImpl-77d2372e-e00f-46e1-a11d-7f7bb0f90484/datanode-3/data/ratis/e012ac23-e798-4cd0-b17a-4cd52836a867/current/log_inprogress_0
2023-03-16 20:04:08,371 [f9f49075-6b76-4a07-b0c3-cad8e972cd7f@group-4CD52836A867-LeaderElection8] INFO  server.RaftServer$Division (ServerState.java:setRaftConf(430)) - f9f49075-6b76-4a07-b0c3-cad8e972cd7f@group-4CD52836A867: set configuration 0: peers:[f9f49075-6b76-4a07-b0c3-cad8e972cd7f|rpc:10.1.0.41:37941|dataStream:10.1.0.41:38455|priority:1|startupRole:FOLLOWER]|listeners:[], old=null
]]></system-out>
  </testcase>
  <testcase name="testGetTrashRoot" classname="TestOzoneFileSystem" time="22.86">
    <system-out><![CDATA[2023-03-16 20:05:21,442 [Listener at 127.0.0.1/35091] INFO  ozone.MiniOzoneClusterImpl (MiniOzoneClusterImpl.java:shutdown(455)) - Shutting down the Mini Ozone Cluster
2023-03-16 20:05:21,442 [Listener at 127.0.0.1/35091] INFO  ozone.MiniOzoneClusterImpl (MiniOzoneClusterImpl.java:stop(471)) - Stopping the Mini Ozone Cluster
2023-03-16 20:05:21,443 [Listener at 127.0.0.1/35091] INFO  ozone.MiniOzoneClusterImpl (MiniOzoneClusterImpl.java:stopOM(553)) - Stopping the OzoneManager
2023-03-16 20:05:21,443 [Listener at 127.0.0.1/35091] INFO  om.OzoneManager (OzoneManager.java:stop(2166)) - om1[localhost:0]: Stopping Ozone Manager
2023-03-16 20:05:21,443 [Listener at 127.0.0.1/35091] INFO  ipc.Server (Server.java:stop(3428)) - Stopping server on 35091
2023-03-16 20:05:21,458 [IPC Server Responder] INFO  ipc.Server (Server.java:run(1517)) - Stopping IPC Server Responder
2023-03-16 20:05:21,459 [IPC Server listener on 0] INFO  ipc.Server (Server.java:run(1384)) - Stopping IPC Server listener on 0
2023-03-16 20:05:21,460 [Listener at 127.0.0.1/35091] INFO  server.RaftServer (RaftServerProxy.java:lambda$close$6(409)) - om1: close
2023-03-16 20:05:21,461 [Listener at 127.0.0.1/35091] INFO  server.GrpcService (GrpcService.java:closeImpl(271)) - om1: shutdown server GrpcServerProtocolService now
2023-03-16 20:05:21,478 [om1-impl-thread2] INFO  server.RaftServer$Division (RaftServerImpl.java:lambda$close$4(458)) - om1@group-C5BA1605619E: shutdown
2023-03-16 20:05:21,478 [om1-impl-thread2] INFO  util.JmxRegister (JmxRegister.java:unregister(73)) - Successfully un-registered JMX Bean with object name Ratis:service=RaftServer,group=group-C5BA1605619E,id=om1
2023-03-16 20:05:21,478 [om1-impl-thread2] INFO  impl.RoleInfo (RoleInfo.java:shutdownLeaderState(93)) - om1: shutdown om1@group-C5BA1605619E-LeaderStateImpl
2023-03-16 20:05:21,478 [om1-impl-thread2] INFO  impl.PendingRequests (PendingRequests.java:sendNotLeaderResponses(282)) - om1@group-C5BA1605619E-PendingRequests: sendNotLeaderResponses
2023-03-16 20:05:21,481 [Listener at 127.0.0.1/35091] INFO  server.GrpcService (GrpcService.java:closeImpl(280)) - om1: shutdown server GrpcServerProtocolService successfully
2023-03-16 20:05:21,487 [om1-impl-thread2] INFO  impl.StateMachineUpdater (StateMachineUpdater.java:stopAndJoin(153)) - om1@group-C5BA1605619E-StateMachineUpdater: set stopIndex = 37017
2023-03-16 20:05:21,488 [om1@group-C5BA1605619E-StateMachineUpdater] INFO  ratis.OzoneManagerStateMachine (OzoneManagerStateMachine.java:takeSnapshot(445)) - Current Snapshot Index (t:1, i:37017)
2023-03-16 20:05:21,567 [om1@group-C5BA1605619E-StateMachineUpdater] INFO  impl.StateMachineUpdater (StateMachineUpdater.java:takeSnapshot(287)) - om1@group-C5BA1605619E-StateMachineUpdater: Took a snapshot at index 37017
2023-03-16 20:05:21,568 [om1@group-C5BA1605619E-StateMachineUpdater] INFO  impl.StateMachineUpdater (StateMachineUpdater.java:lambda$new$0(92)) - om1@group-C5BA1605619E-StateMachineUpdater: snapshotIndex: updateIncreasingly -1 -> 37017
2023-03-16 20:05:21,568 [om1@group-C5BA1605619E-StateMachineUpdater] INFO  ratis.OzoneManagerStateMachine (OzoneManagerStateMachine.java:close(499)) - StateMachine has shutdown. Shutdown OzoneManager if not already shutdown.
2023-03-16 20:05:21,568 [om1@group-C5BA1605619E-StateMachineUpdater] INFO  ratis.OzoneManagerDoubleBuffer (OzoneManagerDoubleBuffer.java:stopDaemon(540)) - Stopping OMDoubleBuffer flush thread
2023-03-16 20:05:21,569 [OMDoubleBufferFlushThread] INFO  ratis.OzoneManagerDoubleBuffer (OzoneManagerDoubleBuffer.java:canFlush(625)) - OMDoubleBuffer flush thread OMDoubleBufferFlushThread is interrupted and will exit.
2023-03-16 20:05:21,572 [om1-impl-thread2] INFO  server.RaftServer$Division (ServerState.java:close(466)) - om1@group-C5BA1605619E: closes. applyIndex: 37017
2023-03-16 20:05:21,590 [om1@group-C5BA1605619E-SegmentedRaftLogWorker] INFO  segmented.SegmentedRaftLogWorker (SegmentedRaftLogWorker.java:run(347)) - om1@group-C5BA1605619E-SegmentedRaftLogWorker was interrupted, exiting. There are 0 tasks remaining in the queue.
2023-03-16 20:05:21,594 [om1-impl-thread2] INFO  segmented.SegmentedRaftLogWorker (SegmentedRaftLogWorker.java:close(257)) - om1@group-C5BA1605619E-SegmentedRaftLogWorker close()
2023-03-16 20:05:21,598 [JvmPauseMonitor0] INFO  util.JvmPauseMonitor (JvmPauseMonitor.java:run(111)) - JvmPauseMonitor-om1: Stopped
2023-03-16 20:05:21,598 [Listener at 127.0.0.1/35091] INFO  ratis.OzoneManagerStateMachine (OzoneManagerStateMachine.java:close(499)) - StateMachine has shutdown. Shutdown OzoneManager if not already shutdown.
2023-03-16 20:05:21,599 [Listener at 127.0.0.1/35091] INFO  ratis.OzoneManagerDoubleBuffer (OzoneManagerDoubleBuffer.java:stopDaemon(549)) - OMDoubleBuffer flush thread is not running.
2023-03-16 20:05:21,600 [Listener at 127.0.0.1/35091] INFO  utils.BackgroundService (BackgroundService.java:shutdown(141)) - Shutting down service KeyDeletingService
2023-03-16 20:05:21,601 [Listener at 127.0.0.1/35091] INFO  utils.BackgroundService (BackgroundService.java:shutdown(141)) - Shutting down service DirectoryDeletingService
2023-03-16 20:05:21,602 [Listener at 127.0.0.1/35091] INFO  utils.BackgroundService (BackgroundService.java:shutdown(141)) - Shutting down service OpenKeyCleanupService
2023-03-16 20:05:21,602 [Listener at 127.0.0.1/35091] INFO  utils.BackgroundService (BackgroundService.java:shutdown(141)) - Shutting down service SstFilteringService
2023-03-16 20:05:21,603 [Listener at 127.0.0.1/35091] INFO  utils.BackgroundService (BackgroundService.java:shutdown(141)) - Shutting down service SnapshotDeletingService
2023-03-16 20:05:21,608 [Listener at 127.0.0.1/35091] INFO  handler.ContextHandler (ContextHandler.java:doStop(1159)) - Stopped o.e.j.w.WebAppContext@3894400{ozoneManager,/,null,STOPPED}{file:/home/runner/work/ozone/ozone/hadoop-ozone/integration-test/target/test-classes/webapps/ozoneManager}
2023-03-16 20:05:21,617 [Listener at 127.0.0.1/35091] INFO  server.AbstractConnector (AbstractConnector.java:doStop(383)) - Stopped ServerConnector@484c6de5{HTTP/1.1, (http/1.1)}{0.0.0.0:0}
2023-03-16 20:05:21,617 [Listener at 127.0.0.1/35091] INFO  server.session (HouseKeeper.java:stopScavenging(149)) - node0 Stopped scavenging
2023-03-16 20:05:21,618 [Listener at 127.0.0.1/35091] INFO  handler.ContextHandler (ContextHandler.java:doStop(1159)) - Stopped o.e.j.s.ServletContextHandler@ae06bd1{static,/static,file:///home/runner/work/ozone/ozone/hadoop-ozone/integration-test/target/test-classes/webapps/static,STOPPED}
2023-03-16 20:05:21,618 [Listener at 127.0.0.1/35091] INFO  handler.ContextHandler (ContextHandler.java:doStop(1159)) - Stopped o.e.j.s.ServletContextHandler@79c8e98{logs,/logs,file:///home/runner/work/ozone/ozone/hadoop-ozone/integration-test/target/log,STOPPED}
2023-03-16 20:05:21,625 [Trash Emptier] ERROR om.TrashPolicyOzone (TrashPolicyOzone.java:run(350)) - Error attempting to shutdown
java.lang.InterruptedException
	at java.util.concurrent.locks.AbstractQueuedSynchronizer$ConditionObject.awaitNanos(AbstractQueuedSynchronizer.java:2067)
	at java.util.concurrent.ThreadPoolExecutor.awaitTermination(ThreadPoolExecutor.java:1475)
	at org.apache.hadoop.ozone.om.TrashPolicyOzone$Emptier.run(TrashPolicyOzone.java:348)
	at java.lang.Thread.run(Thread.java:750)
2023-03-16 20:05:21,640 [Listener at 127.0.0.1/35091] INFO  ozone.MiniOzoneClusterImpl (MiniOzoneClusterImpl.java:stopDatanodes(530)) - Stopping the HddsDatanodes
2023-03-16 20:05:21,644 [Listener at 127.0.0.1/35091] INFO  ozoneimpl.OzoneContainer (OzoneContainer.java:stop(423)) - Attempting to stop container services.
2023-03-16 20:05:21,655 [Listener at 127.0.0.1/35091] INFO  server.RaftServer (RaftServerProxy.java:lambda$close$6(409)) - 2de148b0-f597-457b-b70e-3e9a456efa0b: close
2023-03-16 20:05:21,657 [2de148b0-f597-457b-b70e-3e9a456efa0b-impl-thread2] INFO  server.RaftServer$Division (RaftServerImpl.java:lambda$close$4(458)) - 2de148b0-f597-457b-b70e-3e9a456efa0b@group-3913DCC4D4C8: shutdown
2023-03-16 20:05:21,657 [2de148b0-f597-457b-b70e-3e9a456efa0b-impl-thread2] INFO  util.JmxRegister (JmxRegister.java:unregister(73)) - Successfully un-registered JMX Bean with object name Ratis:service=RaftServer,group=group-3913DCC4D4C8,id=2de148b0-f597-457b-b70e-3e9a456efa0b
2023-03-16 20:05:21,657 [2de148b0-f597-457b-b70e-3e9a456efa0b-impl-thread2] INFO  impl.RoleInfo (RoleInfo.java:shutdownFollowerState(110)) - 2de148b0-f597-457b-b70e-3e9a456efa0b: shutdown 2de148b0-f597-457b-b70e-3e9a456efa0b@group-3913DCC4D4C8-FollowerState
2023-03-16 20:05:21,661 [Listener at 127.0.0.1/35091] INFO  server.GrpcService (GrpcService.java:closeImpl(271)) - 2de148b0-f597-457b-b70e-3e9a456efa0b: shutdown server GrpcServerProtocolService now
2023-03-16 20:05:21,662 [2de148b0-f597-457b-b70e-3e9a456efa0b@group-3913DCC4D4C8-StateMachineUpdater] INFO  ratis.ContainerStateMachine (ContainerStateMachine.java:takeSnapshot(330)) - group-3913DCC4D4C8: Taking a snapshot at:(t:1, i:26) file /home/runner/work/ozone/ozone/hadoop-ozone/integration-test/target/test-dir/MiniOzoneClusterImpl-77d2372e-e00f-46e1-a11d-7f7bb0f90484/datanode-2/data/ratis/ed8dd5cd-2345-4928-a3a3-3913dcc4d4c8/sm/snapshot.1_26
2023-03-16 20:05:21,663 [2de148b0-f597-457b-b70e-3e9a456efa0b@group-3913DCC4D4C8-FollowerState] INFO  impl.FollowerState (FollowerState.java:run(152)) - 2de148b0-f597-457b-b70e-3e9a456efa0b@group-3913DCC4D4C8-FollowerState was interrupted
2023-03-16 20:05:21,675 [2de148b0-f597-457b-b70e-3e9a456efa0b-impl-thread2] INFO  impl.StateMachineUpdater (StateMachineUpdater.java:stopAndJoin(153)) - 2de148b0-f597-457b-b70e-3e9a456efa0b@group-3913DCC4D4C8-StateMachineUpdater: set stopIndex = 26
2023-03-16 20:05:21,679 [2de148b0-f597-457b-b70e-3e9a456efa0b-impl-thread3] INFO  server.RaftServer$Division (RaftServerImpl.java:lambda$close$4(458)) - 2de148b0-f597-457b-b70e-3e9a456efa0b@group-ED66BB65EE5C: shutdown
2023-03-16 20:05:21,680 [2de148b0-f597-457b-b70e-3e9a456efa0b-impl-thread3] INFO  util.JmxRegister (JmxRegister.java:unregister(73)) - Successfully un-registered JMX Bean with object name Ratis:service=RaftServer,group=group-ED66BB65EE5C,id=2de148b0-f597-457b-b70e-3e9a456efa0b
2023-03-16 20:05:21,680 [2de148b0-f597-457b-b70e-3e9a456efa0b-impl-thread3] INFO  impl.RoleInfo (RoleInfo.java:shutdownLeaderState(93)) - 2de148b0-f597-457b-b70e-3e9a456efa0b: shutdown 2de148b0-f597-457b-b70e-3e9a456efa0b@group-ED66BB65EE5C-LeaderStateImpl
2023-03-16 20:05:21,680 [2de148b0-f597-457b-b70e-3e9a456efa0b-impl-thread4] INFO  server.RaftServer$Division (RaftServerImpl.java:lambda$close$4(458)) - 2de148b0-f597-457b-b70e-3e9a456efa0b@group-25BE96FEB61F: shutdown
2023-03-16 20:05:21,680 [2de148b0-f597-457b-b70e-3e9a456efa0b-impl-thread4] INFO  util.JmxRegister (JmxRegister.java:unregister(73)) - Successfully un-registered JMX Bean with object name Ratis:service=RaftServer,group=group-25BE96FEB61F,id=2de148b0-f597-457b-b70e-3e9a456efa0b
2023-03-16 20:05:21,680 [2de148b0-f597-457b-b70e-3e9a456efa0b-impl-thread4] INFO  impl.RoleInfo (RoleInfo.java:shutdownLeaderState(93)) - 2de148b0-f597-457b-b70e-3e9a456efa0b: shutdown 2de148b0-f597-457b-b70e-3e9a456efa0b@group-25BE96FEB61F-LeaderStateImpl
2023-03-16 20:05:21,681 [2de148b0-f597-457b-b70e-3e9a456efa0b@group-ED66BB65EE5C->c5189d4b-3145-494e-80fe-2ee109b29a1b-GrpcLogAppender-LogAppenderDaemon] WARN  server.GrpcLogAppender (GrpcLogAppender.java:mayWait(200)) - 2de148b0-f597-457b-b70e-3e9a456efa0b@group-ED66BB65EE5C->c5189d4b-3145-494e-80fe-2ee109b29a1b-GrpcLogAppender: Wait interrupted by java.lang.InterruptedException
2023-03-16 20:05:21,687 [ForkJoinPool.commonPool-worker-0] INFO  ozoneimpl.OzoneContainer (OzoneContainer.java:stop(423)) - Attempting to stop container services.
2023-03-16 20:05:21,688 [ForkJoinPool.commonPool-worker-0] INFO  server.RaftServer (RaftServerProxy.java:lambda$close$6(409)) - c5189d4b-3145-494e-80fe-2ee109b29a1b: close
2023-03-16 20:05:21,691 [c5189d4b-3145-494e-80fe-2ee109b29a1b-impl-thread2] INFO  server.RaftServer$Division (RaftServerImpl.java:lambda$close$4(458)) - c5189d4b-3145-494e-80fe-2ee109b29a1b@group-3913DCC4D4C8: shutdown
2023-03-16 20:05:21,691 [c5189d4b-3145-494e-80fe-2ee109b29a1b-impl-thread2] INFO  util.JmxRegister (JmxRegister.java:unregister(73)) - Successfully un-registered JMX Bean with object name Ratis:service=RaftServer,group=group-3913DCC4D4C8,id=c5189d4b-3145-494e-80fe-2ee109b29a1b
2023-03-16 20:05:21,691 [c5189d4b-3145-494e-80fe-2ee109b29a1b-impl-thread2] INFO  impl.RoleInfo (RoleInfo.java:shutdownFollowerState(110)) - c5189d4b-3145-494e-80fe-2ee109b29a1b: shutdown c5189d4b-3145-494e-80fe-2ee109b29a1b@group-3913DCC4D4C8-FollowerState
2023-03-16 20:05:21,694 [c5189d4b-3145-494e-80fe-2ee109b29a1b-impl-thread3] INFO  server.RaftServer$Division (RaftServerImpl.java:lambda$close$4(458)) - c5189d4b-3145-494e-80fe-2ee109b29a1b@group-ED66BB65EE5C: shutdown
2023-03-16 20:05:21,694 [c5189d4b-3145-494e-80fe-2ee109b29a1b-impl-thread3] INFO  util.JmxRegister (JmxRegister.java:unregister(73)) - Successfully un-registered JMX Bean with object name Ratis:service=RaftServer,group=group-ED66BB65EE5C,id=c5189d4b-3145-494e-80fe-2ee109b29a1b
2023-03-16 20:05:21,695 [c5189d4b-3145-494e-80fe-2ee109b29a1b-impl-thread3] INFO  impl.RoleInfo (RoleInfo.java:shutdownFollowerState(110)) - c5189d4b-3145-494e-80fe-2ee109b29a1b: shutdown c5189d4b-3145-494e-80fe-2ee109b29a1b@group-ED66BB65EE5C-FollowerState
2023-03-16 20:05:21,697 [ForkJoinPool.commonPool-worker-0] INFO  server.GrpcService (GrpcService.java:closeImpl(271)) - c5189d4b-3145-494e-80fe-2ee109b29a1b: shutdown server GrpcServerProtocolService now
2023-03-16 20:05:21,697 [c5189d4b-3145-494e-80fe-2ee109b29a1b-impl-thread4] INFO  server.RaftServer$Division (RaftServerImpl.java:lambda$close$4(458)) - c5189d4b-3145-494e-80fe-2ee109b29a1b@group-38A20A45281F: shutdown
2023-03-16 20:05:21,698 [c5189d4b-3145-494e-80fe-2ee109b29a1b-impl-thread4] INFO  util.JmxRegister (JmxRegister.java:unregister(73)) - Successfully un-registered JMX Bean with object name Ratis:service=RaftServer,group=group-38A20A45281F,id=c5189d4b-3145-494e-80fe-2ee109b29a1b
2023-03-16 20:05:21,698 [c5189d4b-3145-494e-80fe-2ee109b29a1b-impl-thread4] INFO  impl.RoleInfo (RoleInfo.java:shutdownLeaderState(93)) - c5189d4b-3145-494e-80fe-2ee109b29a1b: shutdown c5189d4b-3145-494e-80fe-2ee109b29a1b@group-38A20A45281F-LeaderStateImpl
2023-03-16 20:05:21,701 [c5189d4b-3145-494e-80fe-2ee109b29a1b-impl-thread2] INFO  impl.StateMachineUpdater (StateMachineUpdater.java:stopAndJoin(153)) - c5189d4b-3145-494e-80fe-2ee109b29a1b@group-3913DCC4D4C8-StateMachineUpdater: set stopIndex = 26
2023-03-16 20:05:21,680 [2de148b0-f597-457b-b70e-3e9a456efa0b-impl-thread3] INFO  impl.PendingRequests (PendingRequests.java:sendNotLeaderResponses(282)) - 2de148b0-f597-457b-b70e-3e9a456efa0b@group-ED66BB65EE5C-PendingRequests: sendNotLeaderResponses
2023-03-16 20:05:21,701 [c5189d4b-3145-494e-80fe-2ee109b29a1b@group-3913DCC4D4C8-FollowerState] INFO  impl.FollowerState (FollowerState.java:run(152)) - c5189d4b-3145-494e-80fe-2ee109b29a1b@group-3913DCC4D4C8-FollowerState was interrupted
2023-03-16 20:05:21,701 [c5189d4b-3145-494e-80fe-2ee109b29a1b@group-3913DCC4D4C8-StateMachineUpdater] INFO  ratis.ContainerStateMachine (ContainerStateMachine.java:takeSnapshot(330)) - group-3913DCC4D4C8: Taking a snapshot at:(t:1, i:26) file /home/runner/work/ozone/ozone/hadoop-ozone/integration-test/target/test-dir/MiniOzoneClusterImpl-77d2372e-e00f-46e1-a11d-7f7bb0f90484/datanode-1/data/ratis/ed8dd5cd-2345-4928-a3a3-3913dcc4d4c8/sm/snapshot.1_26
2023-03-16 20:05:21,683 [2de148b0-f597-457b-b70e-3e9a456efa0b@group-ED66BB65EE5C->c8f26da1-2406-40b8-bbe6-f78547910a7f-GrpcLogAppender-LogAppenderDaemon] WARN  server.GrpcLogAppender (GrpcLogAppender.java:mayWait(200)) - 2de148b0-f597-457b-b70e-3e9a456efa0b@group-ED66BB65EE5C->c8f26da1-2406-40b8-bbe6-f78547910a7f-GrpcLogAppender: Wait interrupted by java.lang.InterruptedException
2023-03-16 20:05:21,702 [Listener at 127.0.0.1/35091] INFO  server.GrpcServerProtocolClient (GrpcServerProtocolClient.java:close(101)) - c5189d4b-3145-494e-80fe-2ee109b29a1b Close channels
2023-03-16 20:05:21,681 [2de148b0-f597-457b-b70e-3e9a456efa0b-impl-thread4] INFO  impl.PendingRequests (PendingRequests.java:sendNotLeaderResponses(282)) - 2de148b0-f597-457b-b70e-3e9a456efa0b@group-25BE96FEB61F-PendingRequests: sendNotLeaderResponses
2023-03-16 20:05:21,707 [c5189d4b-3145-494e-80fe-2ee109b29a1b@group-ED66BB65EE5C-FollowerState] INFO  impl.FollowerState (FollowerState.java:run(152)) - c5189d4b-3145-494e-80fe-2ee109b29a1b@group-ED66BB65EE5C-FollowerState was interrupted
2023-03-16 20:05:21,698 [c5189d4b-3145-494e-80fe-2ee109b29a1b-impl-thread4] INFO  impl.PendingRequests (PendingRequests.java:sendNotLeaderResponses(282)) - c5189d4b-3145-494e-80fe-2ee109b29a1b@group-38A20A45281F-PendingRequests: sendNotLeaderResponses
2023-03-16 20:05:21,707 [ForkJoinPool.commonPool-worker-0] INFO  server.GrpcServerProtocolClient (GrpcServerProtocolClient.java:close(101)) - c8f26da1-2406-40b8-bbe6-f78547910a7f Close channels
2023-03-16 20:05:21,707 [c5189d4b-3145-494e-80fe-2ee109b29a1b-impl-thread4] INFO  impl.StateMachineUpdater (StateMachineUpdater.java:stopAndJoin(153)) - c5189d4b-3145-494e-80fe-2ee109b29a1b@group-38A20A45281F-StateMachineUpdater: set stopIndex = 0
2023-03-16 20:05:21,707 [c5189d4b-3145-494e-80fe-2ee109b29a1b@group-38A20A45281F-StateMachineUpdater] INFO  ratis.ContainerStateMachine (ContainerStateMachine.java:takeSnapshot(330)) - group-38A20A45281F: Taking a snapshot at:(t:1, i:0) file /home/runner/work/ozone/ozone/hadoop-ozone/integration-test/target/test-dir/MiniOzoneClusterImpl-77d2372e-e00f-46e1-a11d-7f7bb0f90484/datanode-1/data/ratis/739662ba-ede2-4715-a57d-38a20a45281f/sm/snapshot.1_0
2023-03-16 20:05:21,708 [2de148b0-f597-457b-b70e-3e9a456efa0b-impl-thread4] INFO  impl.StateMachineUpdater (StateMachineUpdater.java:stopAndJoin(153)) - 2de148b0-f597-457b-b70e-3e9a456efa0b@group-25BE96FEB61F-StateMachineUpdater: set stopIndex = 0
2023-03-16 20:05:21,708 [2de148b0-f597-457b-b70e-3e9a456efa0b@group-25BE96FEB61F-StateMachineUpdater] INFO  ratis.ContainerStateMachine (ContainerStateMachine.java:takeSnapshot(330)) - group-25BE96FEB61F: Taking a snapshot at:(t:1, i:0) file /home/runner/work/ozone/ozone/hadoop-ozone/integration-test/target/test-dir/MiniOzoneClusterImpl-77d2372e-e00f-46e1-a11d-7f7bb0f90484/datanode-2/data/ratis/f72d96c4-847f-4c0a-9989-25be96feb61f/sm/snapshot.1_0
2023-03-16 20:05:21,710 [grpc-default-executor-1] WARN  server.GrpcClientProtocolService (LogUtils.java:warn(122)) - 0-OrderedRequestStreamObserver0: onError: org.apache.ratis.thirdparty.io.grpc.StatusRuntimeException: CANCELLED: client cancelled
2023-03-16 20:05:21,716 [c5189d4b-3145-494e-80fe-2ee109b29a1b@group-ED66BB65EE5C-StateMachineUpdater] INFO  ratis.ContainerStateMachine (ContainerStateMachine.java:takeSnapshot(330)) - group-ED66BB65EE5C: Taking a snapshot at:(t:1, i:3) file /home/runner/work/ozone/ozone/hadoop-ozone/integration-test/target/test-dir/MiniOzoneClusterImpl-77d2372e-e00f-46e1-a11d-7f7bb0f90484/datanode-1/data/ratis/8f72906f-0154-4cb9-ac9c-ed66bb65ee5c/sm/snapshot.1_3
2023-03-16 20:05:21,717 [c5189d4b-3145-494e-80fe-2ee109b29a1b-impl-thread3] INFO  impl.StateMachineUpdater (StateMachineUpdater.java:stopAndJoin(153)) - c5189d4b-3145-494e-80fe-2ee109b29a1b@group-ED66BB65EE5C-StateMachineUpdater: set stopIndex = 3
2023-03-16 20:05:21,718 [grpc-default-executor-5] INFO  server.GrpcServerProtocolService (GrpcServerProtocolService.java:onCompleted(143)) - c5189d4b-3145-494e-80fe-2ee109b29a1b: Completed APPEND_ENTRIES, lastRequest: 2de148b0-f597-457b-b70e-3e9a456efa0b->c5189d4b-3145-494e-80fe-2ee109b29a1b#7-t1,previous=(t:1, i:2),leaderCommit=2,initializing? true,entries: size=1, first=(t:1, i:3), METADATAENTRY(c:2)
2023-03-16 20:05:21,718 [grpc-default-executor-4] WARN  server.GrpcServerProtocolService (LogUtils.java:warn(122)) - 2de148b0-f597-457b-b70e-3e9a456efa0b: installSnapshot onError, lastRequest: c8f26da1-2406-40b8-bbe6-f78547910a7f->2de148b0-f597-457b-b70e-3e9a456efa0b#439-t1,previous=(t:1, i:25),leaderCommit=24,initializing? true,entries: size=1, first=(t:1, i:26), METADATAENTRY(c:24): org.apache.ratis.thirdparty.io.grpc.StatusRuntimeException: CANCELLED: client cancelled
2023-03-16 20:05:21,724 [2de148b0-f597-457b-b70e-3e9a456efa0b-impl-thread3] INFO  impl.StateMachineUpdater (StateMachineUpdater.java:stopAndJoin(153)) - 2de148b0-f597-457b-b70e-3e9a456efa0b@group-ED66BB65EE5C-StateMachineUpdater: set stopIndex = 3
2023-03-16 20:05:21,725 [2de148b0-f597-457b-b70e-3e9a456efa0b@group-ED66BB65EE5C-StateMachineUpdater] INFO  ratis.ContainerStateMachine (ContainerStateMachine.java:takeSnapshot(330)) - group-ED66BB65EE5C: Taking a snapshot at:(t:1, i:3) file /home/runner/work/ozone/ozone/hadoop-ozone/integration-test/target/test-dir/MiniOzoneClusterImpl-77d2372e-e00f-46e1-a11d-7f7bb0f90484/datanode-2/data/ratis/8f72906f-0154-4cb9-ac9c-ed66bb65ee5c/sm/snapshot.1_3
2023-03-16 20:05:21,725 [ForkJoinPool.commonPool-worker-0] INFO  server.GrpcServerProtocolClient (GrpcServerProtocolClient.java:close(101)) - 2de148b0-f597-457b-b70e-3e9a456efa0b Close channels
2023-03-16 20:05:21,732 [grpc-default-executor-1] WARN  server.GrpcLogAppender (LogUtils.java:warn(122)) - c8f26da1-2406-40b8-bbe6-f78547910a7f@group-3913DCC4D4C8->2de148b0-f597-457b-b70e-3e9a456efa0b-AppendLogResponseHandler: Failed appendEntries: org.apache.ratis.thirdparty.io.grpc.StatusRuntimeException: CANCELLED: RST_STREAM closed stream. HTTP/2 error code: CANCEL
2023-03-16 20:05:21,735 [grpc-default-executor-1] INFO  leader.FollowerInfo (FollowerInfoImpl.java:lambda$new$0(48)) - c8f26da1-2406-40b8-bbe6-f78547910a7f@group-3913DCC4D4C8->2de148b0-f597-457b-b70e-3e9a456efa0b: nextIndex: updateUnconditionally 27 -> 26
2023-03-16 20:05:21,737 [grpc-default-executor-7] WARN  server.GrpcServerProtocolService (LogUtils.java:warn(122)) - c5189d4b-3145-494e-80fe-2ee109b29a1b: installSnapshot onError, lastRequest: null: org.apache.ratis.thirdparty.io.grpc.StatusRuntimeException: CANCELLED: client cancelled
2023-03-16 20:05:21,745 [grpc-default-executor-8] WARN  server.GrpcServerProtocolService (LogUtils.java:warn(122)) - c5189d4b-3145-494e-80fe-2ee109b29a1b: installSnapshot onError, lastRequest: c8f26da1-2406-40b8-bbe6-f78547910a7f->c5189d4b-3145-494e-80fe-2ee109b29a1b#431-t1,previous=(t:1, i:25),leaderCommit=24,initializing? true,entries: size=1, first=(t:1, i:26), METADATAENTRY(c:24): org.apache.ratis.thirdparty.io.grpc.StatusRuntimeException: CANCELLED: client cancelled
2023-03-16 20:05:21,753 [grpc-default-executor-6] WARN  server.GrpcServerProtocolService (LogUtils.java:warn(122)) - c5189d4b-3145-494e-80fe-2ee109b29a1b: installSnapshot onError, lastRequest: null: org.apache.ratis.thirdparty.io.grpc.StatusRuntimeException: CANCELLED: client cancelled
2023-03-16 20:05:21,754 [ForkJoinPool.commonPool-worker-0] INFO  server.GrpcService (GrpcService.java:closeImpl(280)) - c5189d4b-3145-494e-80fe-2ee109b29a1b: shutdown server GrpcServerProtocolService successfully
2023-03-16 20:05:21,754 [c5189d4b-3145-494e-80fe-2ee109b29a1b-NettyServerStreamRpc-bossGroup--thread1] INFO  logging.LoggingHandler (AbstractInternalLogger.java:log(148)) - [id: 0xab884655, L:/0:0:0:0:0:0:0:0:43421] CLOSE
2023-03-16 20:05:21,755 [c5189d4b-3145-494e-80fe-2ee109b29a1b-NettyServerStreamRpc-bossGroup--thread1] INFO  logging.LoggingHandler (AbstractInternalLogger.java:log(148)) - [id: 0xab884655, L:/0:0:0:0:0:0:0:0:43421] INACTIVE
2023-03-16 20:05:21,755 [c5189d4b-3145-494e-80fe-2ee109b29a1b-NettyServerStreamRpc-bossGroup--thread1] INFO  logging.LoggingHandler (AbstractInternalLogger.java:log(148)) - [id: 0xab884655, L:/0:0:0:0:0:0:0:0:43421] UNREGISTERED
2023-03-16 20:05:21,773 [grpc-default-executor-5] WARN  server.GrpcServerProtocolService (LogUtils.java:warn(122)) - 2de148b0-f597-457b-b70e-3e9a456efa0b: installSnapshot onError, lastRequest: null: org.apache.ratis.thirdparty.io.grpc.StatusRuntimeException: CANCELLED: client cancelled
2023-03-16 20:05:21,786 [c5189d4b-3145-494e-80fe-2ee109b29a1b@group-38A20A45281F-StateMachineUpdater] INFO  ratis.ContainerStateMachine (ContainerStateMachine.java:takeSnapshot(341)) - group-38A20A45281F: Finished taking a snapshot at:(t:1, i:0) file:/home/runner/work/ozone/ozone/hadoop-ozone/integration-test/target/test-dir/MiniOzoneClusterImpl-77d2372e-e00f-46e1-a11d-7f7bb0f90484/datanode-1/data/ratis/739662ba-ede2-4715-a57d-38a20a45281f/sm/snapshot.1_0 took: 78 ms
2023-03-16 20:05:21,788 [c5189d4b-3145-494e-80fe-2ee109b29a1b@group-38A20A45281F-StateMachineUpdater] INFO  impl.StateMachineUpdater (StateMachineUpdater.java:takeSnapshot(287)) - c5189d4b-3145-494e-80fe-2ee109b29a1b@group-38A20A45281F-StateMachineUpdater: Took a snapshot at index 0
2023-03-16 20:05:21,788 [c5189d4b-3145-494e-80fe-2ee109b29a1b@group-38A20A45281F-StateMachineUpdater] INFO  impl.StateMachineUpdater (StateMachineUpdater.java:lambda$new$0(92)) - c5189d4b-3145-494e-80fe-2ee109b29a1b@group-38A20A45281F-StateMachineUpdater: snapshotIndex: updateIncreasingly -1 -> 0
2023-03-16 20:05:21,792 [2de148b0-f597-457b-b70e-3e9a456efa0b@group-25BE96FEB61F-StateMachineUpdater] INFO  ratis.ContainerStateMachine (ContainerStateMachine.java:takeSnapshot(341)) - group-25BE96FEB61F: Finished taking a snapshot at:(t:1, i:0) file:/home/runner/work/ozone/ozone/hadoop-ozone/integration-test/target/test-dir/MiniOzoneClusterImpl-77d2372e-e00f-46e1-a11d-7f7bb0f90484/datanode-2/data/ratis/f72d96c4-847f-4c0a-9989-25be96feb61f/sm/snapshot.1_0 took: 84 ms
2023-03-16 20:05:21,792 [2de148b0-f597-457b-b70e-3e9a456efa0b@group-25BE96FEB61F-StateMachineUpdater] INFO  impl.StateMachineUpdater (StateMachineUpdater.java:takeSnapshot(287)) - 2de148b0-f597-457b-b70e-3e9a456efa0b@group-25BE96FEB61F-StateMachineUpdater: Took a snapshot at index 0
2023-03-16 20:05:21,792 [2de148b0-f597-457b-b70e-3e9a456efa0b@group-25BE96FEB61F-StateMachineUpdater] INFO  impl.StateMachineUpdater (StateMachineUpdater.java:lambda$new$0(92)) - 2de148b0-f597-457b-b70e-3e9a456efa0b@group-25BE96FEB61F-StateMachineUpdater: snapshotIndex: updateIncreasingly -1 -> 0
2023-03-16 20:05:21,792 [c5189d4b-3145-494e-80fe-2ee109b29a1b@group-3913DCC4D4C8-StateMachineUpdater] INFO  ratis.ContainerStateMachine (ContainerStateMachine.java:takeSnapshot(341)) - group-3913DCC4D4C8: Finished taking a snapshot at:(t:1, i:26) file:/home/runner/work/ozone/ozone/hadoop-ozone/integration-test/target/test-dir/MiniOzoneClusterImpl-77d2372e-e00f-46e1-a11d-7f7bb0f90484/datanode-1/data/ratis/ed8dd5cd-2345-4928-a3a3-3913dcc4d4c8/sm/snapshot.1_26 took: 92 ms
2023-03-16 20:05:21,793 [c5189d4b-3145-494e-80fe-2ee109b29a1b@group-3913DCC4D4C8-StateMachineUpdater] INFO  impl.StateMachineUpdater (StateMachineUpdater.java:takeSnapshot(287)) - c5189d4b-3145-494e-80fe-2ee109b29a1b@group-3913DCC4D4C8-StateMachineUpdater: Took a snapshot at index 26
2023-03-16 20:05:21,793 [c5189d4b-3145-494e-80fe-2ee109b29a1b@group-3913DCC4D4C8-StateMachineUpdater] INFO  impl.StateMachineUpdater (StateMachineUpdater.java:lambda$new$0(92)) - c5189d4b-3145-494e-80fe-2ee109b29a1b@group-3913DCC4D4C8-StateMachineUpdater: snapshotIndex: updateIncreasingly -1 -> 26
2023-03-16 20:05:21,794 [c5189d4b-3145-494e-80fe-2ee109b29a1b@group-ED66BB65EE5C-StateMachineUpdater] INFO  ratis.ContainerStateMachine (ContainerStateMachine.java:takeSnapshot(341)) - group-ED66BB65EE5C: Finished taking a snapshot at:(t:1, i:3) file:/home/runner/work/ozone/ozone/hadoop-ozone/integration-test/target/test-dir/MiniOzoneClusterImpl-77d2372e-e00f-46e1-a11d-7f7bb0f90484/datanode-1/data/ratis/8f72906f-0154-4cb9-ac9c-ed66bb65ee5c/sm/snapshot.1_3 took: 78 ms
2023-03-16 20:05:21,794 [2de148b0-f597-457b-b70e-3e9a456efa0b@group-ED66BB65EE5C-StateMachineUpdater] INFO  ratis.ContainerStateMachine (ContainerStateMachine.java:takeSnapshot(341)) - group-ED66BB65EE5C: Finished taking a snapshot at:(t:1, i:3) file:/home/runner/work/ozone/ozone/hadoop-ozone/integration-test/target/test-dir/MiniOzoneClusterImpl-77d2372e-e00f-46e1-a11d-7f7bb0f90484/datanode-2/data/ratis/8f72906f-0154-4cb9-ac9c-ed66bb65ee5c/sm/snapshot.1_3 took: 69 ms
2023-03-16 20:05:21,794 [2de148b0-f597-457b-b70e-3e9a456efa0b@group-ED66BB65EE5C-StateMachineUpdater] INFO  impl.StateMachineUpdater (StateMachineUpdater.java:takeSnapshot(287)) - 2de148b0-f597-457b-b70e-3e9a456efa0b@group-ED66BB65EE5C-StateMachineUpdater: Took a snapshot at index 3
2023-03-16 20:05:21,794 [2de148b0-f597-457b-b70e-3e9a456efa0b@group-ED66BB65EE5C-StateMachineUpdater] INFO  impl.StateMachineUpdater (StateMachineUpdater.java:lambda$new$0(92)) - 2de148b0-f597-457b-b70e-3e9a456efa0b@group-ED66BB65EE5C-StateMachineUpdater: snapshotIndex: updateIncreasingly -1 -> 3
2023-03-16 20:05:21,794 [c5189d4b-3145-494e-80fe-2ee109b29a1b@group-ED66BB65EE5C-StateMachineUpdater] INFO  impl.StateMachineUpdater (StateMachineUpdater.java:takeSnapshot(287)) - c5189d4b-3145-494e-80fe-2ee109b29a1b@group-ED66BB65EE5C-StateMachineUpdater: Took a snapshot at index 3
2023-03-16 20:05:21,794 [c5189d4b-3145-494e-80fe-2ee109b29a1b@group-ED66BB65EE5C-StateMachineUpdater] INFO  impl.StateMachineUpdater (StateMachineUpdater.java:lambda$new$0(92)) - c5189d4b-3145-494e-80fe-2ee109b29a1b@group-ED66BB65EE5C-StateMachineUpdater: snapshotIndex: updateIncreasingly -1 -> 3
2023-03-16 20:05:21,795 [2de148b0-f597-457b-b70e-3e9a456efa0b@group-3913DCC4D4C8-StateMachineUpdater] INFO  ratis.ContainerStateMachine (ContainerStateMachine.java:takeSnapshot(341)) - group-3913DCC4D4C8: Finished taking a snapshot at:(t:1, i:26) file:/home/runner/work/ozone/ozone/hadoop-ozone/integration-test/target/test-dir/MiniOzoneClusterImpl-77d2372e-e00f-46e1-a11d-7f7bb0f90484/datanode-2/data/ratis/ed8dd5cd-2345-4928-a3a3-3913dcc4d4c8/sm/snapshot.1_26 took: 134 ms
2023-03-16 20:05:21,796 [2de148b0-f597-457b-b70e-3e9a456efa0b@group-3913DCC4D4C8-StateMachineUpdater] INFO  impl.StateMachineUpdater (StateMachineUpdater.java:takeSnapshot(287)) - 2de148b0-f597-457b-b70e-3e9a456efa0b@group-3913DCC4D4C8-StateMachineUpdater: Took a snapshot at index 26
2023-03-16 20:05:21,796 [2de148b0-f597-457b-b70e-3e9a456efa0b@group-3913DCC4D4C8-StateMachineUpdater] INFO  impl.StateMachineUpdater (StateMachineUpdater.java:lambda$new$0(92)) - 2de148b0-f597-457b-b70e-3e9a456efa0b@group-3913DCC4D4C8-StateMachineUpdater: snapshotIndex: updateIncreasingly -1 -> 26
2023-03-16 20:05:21,809 [grpc-default-executor-6] INFO  server.GrpcLogAppender (GrpcLogAppender.java:onError(404)) - 2de148b0-f597-457b-b70e-3e9a456efa0b@group-ED66BB65EE5C->c5189d4b-3145-494e-80fe-2ee109b29a1b-GrpcLogAppender is already stopped
2023-03-16 20:05:21,812 [grpc-default-executor-10] INFO  server.GrpcServerProtocolService (GrpcServerProtocolService.java:onCompleted(143)) - c8f26da1-2406-40b8-bbe6-f78547910a7f: Completed APPEND_ENTRIES, lastRequest: null
2023-03-16 20:05:21,814 [grpc-default-executor-6] INFO  server.GrpcServerProtocolService (GrpcServerProtocolService.java:onCompleted(143)) - c8f26da1-2406-40b8-bbe6-f78547910a7f: Completed APPEND_ENTRIES, lastRequest: 2de148b0-f597-457b-b70e-3e9a456efa0b->c8f26da1-2406-40b8-bbe6-f78547910a7f#7-t1,previous=(t:1, i:2),leaderCommit=2,initializing? true,entries: size=1, first=(t:1, i:3), METADATAENTRY(c:2)
2023-03-16 20:05:21,813 [2de148b0-f597-457b-b70e-3e9a456efa0b-impl-thread4] INFO  server.RaftServer$Division (ServerState.java:close(466)) - 2de148b0-f597-457b-b70e-3e9a456efa0b@group-25BE96FEB61F: closes. applyIndex: 0
2023-03-16 20:05:21,813 [c5189d4b-3145-494e-80fe-2ee109b29a1b-impl-thread4] INFO  server.RaftServer$Division (ServerState.java:close(466)) - c5189d4b-3145-494e-80fe-2ee109b29a1b@group-38A20A45281F: closes. applyIndex: 0
2023-03-16 20:05:21,824 [c5189d4b-3145-494e-80fe-2ee109b29a1b@group-38A20A45281F-SegmentedRaftLogWorker] INFO  segmented.SegmentedRaftLogWorker (SegmentedRaftLogWorker.java:run(347)) - c5189d4b-3145-494e-80fe-2ee109b29a1b@group-38A20A45281F-SegmentedRaftLogWorker was interrupted, exiting. There are 0 tasks remaining in the queue.
2023-03-16 20:05:21,824 [2de148b0-f597-457b-b70e-3e9a456efa0b@group-25BE96FEB61F-SegmentedRaftLogWorker] INFO  segmented.SegmentedRaftLogWorker (SegmentedRaftLogWorker.java:run(347)) - 2de148b0-f597-457b-b70e-3e9a456efa0b@group-25BE96FEB61F-SegmentedRaftLogWorker was interrupted, exiting. There are 0 tasks remaining in the queue.
2023-03-16 20:05:21,826 [c5189d4b-3145-494e-80fe-2ee109b29a1b-impl-thread4] INFO  segmented.SegmentedRaftLogWorker (SegmentedRaftLogWorker.java:close(257)) - c5189d4b-3145-494e-80fe-2ee109b29a1b@group-38A20A45281F-SegmentedRaftLogWorker close()
2023-03-16 20:05:21,827 [2de148b0-f597-457b-b70e-3e9a456efa0b-impl-thread4] INFO  segmented.SegmentedRaftLogWorker (SegmentedRaftLogWorker.java:close(257)) - 2de148b0-f597-457b-b70e-3e9a456efa0b@group-25BE96FEB61F-SegmentedRaftLogWorker close()
2023-03-16 20:05:21,827 [grpc-default-executor-9] WARN  server.GrpcLogAppender (LogUtils.java:warn(122)) - c8f26da1-2406-40b8-bbe6-f78547910a7f@group-3913DCC4D4C8->2de148b0-f597-457b-b70e-3e9a456efa0b-AppendLogResponseHandler: Failed appendEntries: org.apache.ratis.thirdparty.io.grpc.StatusRuntimeException: CANCELLED: RST_STREAM closed stream. HTTP/2 error code: CANCEL
2023-03-16 20:05:21,828 [grpc-default-executor-6] INFO  server.GrpcLogAppender (GrpcLogAppender.java:onError(404)) - 2de148b0-f597-457b-b70e-3e9a456efa0b@group-ED66BB65EE5C->c5189d4b-3145-494e-80fe-2ee109b29a1b-GrpcLogAppender is already stopped
2023-03-16 20:05:21,828 [2de148b0-f597-457b-b70e-3e9a456efa0b-impl-thread2] INFO  server.RaftServer$Division (ServerState.java:close(466)) - 2de148b0-f597-457b-b70e-3e9a456efa0b@group-3913DCC4D4C8: closes. applyIndex: 26
2023-03-16 20:05:21,828 [c5189d4b-3145-494e-80fe-2ee109b29a1b-impl-thread3] INFO  server.RaftServer$Division (ServerState.java:close(466)) - c5189d4b-3145-494e-80fe-2ee109b29a1b@group-ED66BB65EE5C: closes. applyIndex: 3
2023-03-16 20:05:21,828 [2de148b0-f597-457b-b70e-3e9a456efa0b@group-3913DCC4D4C8-SegmentedRaftLogWorker] INFO  segmented.SegmentedRaftLogWorker (SegmentedRaftLogWorker.java:run(347)) - 2de148b0-f597-457b-b70e-3e9a456efa0b@group-3913DCC4D4C8-SegmentedRaftLogWorker was interrupted, exiting. There are 0 tasks remaining in the queue.
2023-03-16 20:05:21,829 [2de148b0-f597-457b-b70e-3e9a456efa0b-impl-thread3] INFO  server.RaftServer$Division (ServerState.java:close(466)) - 2de148b0-f597-457b-b70e-3e9a456efa0b@group-ED66BB65EE5C: closes. applyIndex: 3
2023-03-16 20:05:21,829 [c5189d4b-3145-494e-80fe-2ee109b29a1b@group-ED66BB65EE5C-SegmentedRaftLogWorker] INFO  segmented.SegmentedRaftLogWorker (SegmentedRaftLogWorker.java:run(347)) - c5189d4b-3145-494e-80fe-2ee109b29a1b@group-ED66BB65EE5C-SegmentedRaftLogWorker was interrupted, exiting. There are 0 tasks remaining in the queue.
2023-03-16 20:05:21,829 [2de148b0-f597-457b-b70e-3e9a456efa0b@group-ED66BB65EE5C-SegmentedRaftLogWorker] INFO  segmented.SegmentedRaftLogWorker (SegmentedRaftLogWorker.java:run(347)) - 2de148b0-f597-457b-b70e-3e9a456efa0b@group-ED66BB65EE5C-SegmentedRaftLogWorker was interrupted, exiting. There are 0 tasks remaining in the queue.
2023-03-16 20:05:21,845 [c5189d4b-3145-494e-80fe-2ee109b29a1b-impl-thread2] INFO  server.RaftServer$Division (ServerState.java:close(466)) - c5189d4b-3145-494e-80fe-2ee109b29a1b@group-3913DCC4D4C8: closes. applyIndex: 26
2023-03-16 20:05:21,846 [c5189d4b-3145-494e-80fe-2ee109b29a1b@group-3913DCC4D4C8-SegmentedRaftLogWorker] INFO  segmented.SegmentedRaftLogWorker (SegmentedRaftLogWorker.java:run(347)) - c5189d4b-3145-494e-80fe-2ee109b29a1b@group-3913DCC4D4C8-SegmentedRaftLogWorker was interrupted, exiting. There are 0 tasks remaining in the queue.
2023-03-16 20:05:21,846 [c5189d4b-3145-494e-80fe-2ee109b29a1b-impl-thread2] INFO  segmented.SegmentedRaftLogWorker (SegmentedRaftLogWorker.java:close(257)) - c5189d4b-3145-494e-80fe-2ee109b29a1b@group-3913DCC4D4C8-SegmentedRaftLogWorker close()
2023-03-16 20:05:21,853 [grpc-default-executor-8] WARN  server.GrpcLogAppender (LogUtils.java:warn(122)) - c8f26da1-2406-40b8-bbe6-f78547910a7f@group-3913DCC4D4C8->c5189d4b-3145-494e-80fe-2ee109b29a1b-AppendLogResponseHandler: Failed appendEntries: org.apache.ratis.thirdparty.io.grpc.StatusRuntimeException: CANCELLED: RST_STREAM closed stream. HTTP/2 error code: CANCEL
2023-03-16 20:05:21,853 [grpc-default-executor-8] INFO  leader.FollowerInfo (FollowerInfoImpl.java:lambda$new$0(48)) - c8f26da1-2406-40b8-bbe6-f78547910a7f@group-3913DCC4D4C8->c5189d4b-3145-494e-80fe-2ee109b29a1b: nextIndex: updateUnconditionally 27 -> 26
2023-03-16 20:05:21,827 [grpc-default-executor-9] INFO  leader.FollowerInfo (FollowerInfoImpl.java:lambda$new$0(48)) - c8f26da1-2406-40b8-bbe6-f78547910a7f@group-3913DCC4D4C8->2de148b0-f597-457b-b70e-3e9a456efa0b: nextIndex: updateUnconditionally 27 -> 26
2023-03-16 20:05:21,854 [2de148b0-f597-457b-b70e-3e9a456efa0b-impl-thread3] INFO  segmented.SegmentedRaftLogWorker (SegmentedRaftLogWorker.java:close(257)) - 2de148b0-f597-457b-b70e-3e9a456efa0b@group-ED66BB65EE5C-SegmentedRaftLogWorker close()
2023-03-16 20:05:21,854 [c5189d4b-3145-494e-80fe-2ee109b29a1b-impl-thread3] INFO  segmented.SegmentedRaftLogWorker (SegmentedRaftLogWorker.java:close(257)) - c5189d4b-3145-494e-80fe-2ee109b29a1b@group-ED66BB65EE5C-SegmentedRaftLogWorker close()
2023-03-16 20:05:21,854 [2de148b0-f597-457b-b70e-3e9a456efa0b-impl-thread2] INFO  segmented.SegmentedRaftLogWorker (SegmentedRaftLogWorker.java:close(257)) - 2de148b0-f597-457b-b70e-3e9a456efa0b@group-3913DCC4D4C8-SegmentedRaftLogWorker close()
2023-03-16 20:05:21,868 [grpc-default-executor-6] WARN  server.GrpcLogAppender (LogUtils.java:warn(122)) - c8f26da1-2406-40b8-bbe6-f78547910a7f@group-3913DCC4D4C8->2de148b0-f597-457b-b70e-3e9a456efa0b-AppendLogResponseHandler: Failed appendEntries: org.apache.ratis.thirdparty.io.grpc.StatusRuntimeException: UNAVAILABLE: io exception
2023-03-16 20:05:21,870 [grpc-default-executor-6] INFO  leader.FollowerInfo (FollowerInfoImpl.java:lambda$new$0(48)) - c8f26da1-2406-40b8-bbe6-f78547910a7f@group-3913DCC4D4C8->2de148b0-f597-457b-b70e-3e9a456efa0b: nextIndex: updateUnconditionally 26 -> 25
2023-03-16 20:05:21,870 [JvmPauseMonitor2] INFO  util.JvmPauseMonitor (JvmPauseMonitor.java:run(111)) - JvmPauseMonitor-c5189d4b-3145-494e-80fe-2ee109b29a1b: Stopped
2023-03-16 20:05:21,878 [grpc-default-executor-1] WARN  server.GrpcLogAppender (LogUtils.java:warn(122)) - c8f26da1-2406-40b8-bbe6-f78547910a7f@group-3913DCC4D4C8->c5189d4b-3145-494e-80fe-2ee109b29a1b-AppendLogResponseHandler: Failed appendEntries: org.apache.ratis.thirdparty.io.grpc.StatusRuntimeException: CANCELLED: RST_STREAM closed stream. HTTP/2 error code: CANCEL
2023-03-16 20:05:21,878 [grpc-default-executor-1] INFO  leader.FollowerInfo (FollowerInfoImpl.java:lambda$new$0(48)) - c8f26da1-2406-40b8-bbe6-f78547910a7f@group-3913DCC4D4C8->c5189d4b-3145-494e-80fe-2ee109b29a1b: nextIndex: updateUnconditionally 27 -> 26
2023-03-16 20:05:21,878 [grpc-default-executor-1] WARN  server.GrpcLogAppender (LogUtils.java:warn(122)) - c8f26da1-2406-40b8-bbe6-f78547910a7f@group-3913DCC4D4C8->2de148b0-f597-457b-b70e-3e9a456efa0b-AppendLogResponseHandler: Failed appendEntries: org.apache.ratis.thirdparty.io.grpc.StatusRuntimeException: UNAVAILABLE: io exception
2023-03-16 20:05:21,878 [grpc-default-executor-1] INFO  leader.FollowerInfo (FollowerInfoImpl.java:lambda$new$0(48)) - c8f26da1-2406-40b8-bbe6-f78547910a7f@group-3913DCC4D4C8->2de148b0-f597-457b-b70e-3e9a456efa0b: nextIndex: updateUnconditionally 25 -> 24
2023-03-16 20:05:21,880 [grpc-default-executor-8] INFO  server.GrpcLogAppender (GrpcLogAppender.java:onCompleted(415)) - 2de148b0-f597-457b-b70e-3e9a456efa0b@group-ED66BB65EE5C->c8f26da1-2406-40b8-bbe6-f78547910a7f-AppendLogResponseHandler: follower responses appendEntries COMPLETED
2023-03-16 20:05:21,880 [grpc-default-executor-8] INFO  leader.FollowerInfo (FollowerInfoImpl.java:lambda$new$0(48)) - 2de148b0-f597-457b-b70e-3e9a456efa0b@group-ED66BB65EE5C->c8f26da1-2406-40b8-bbe6-f78547910a7f: nextIndex: updateUnconditionally 4 -> 3
2023-03-16 20:05:21,882 [grpc-default-executor-8] WARN  server.GrpcLogAppender (LogUtils.java:warn(122)) - c8f26da1-2406-40b8-bbe6-f78547910a7f@group-3913DCC4D4C8->c5189d4b-3145-494e-80fe-2ee109b29a1b-AppendLogResponseHandler: Failed appendEntries: org.apache.ratis.thirdparty.io.grpc.StatusRuntimeException: UNAVAILABLE: io exception
2023-03-16 20:05:21,883 [grpc-default-executor-8] INFO  leader.FollowerInfo (FollowerInfoImpl.java:lambda$new$0(48)) - c8f26da1-2406-40b8-bbe6-f78547910a7f@group-3913DCC4D4C8->c5189d4b-3145-494e-80fe-2ee109b29a1b: nextIndex: updateUnconditionally 26 -> 25
2023-03-16 20:05:21,885 [Listener at 127.0.0.1/35091] INFO  server.GrpcServerProtocolClient (GrpcServerProtocolClient.java:close(101)) - c8f26da1-2406-40b8-bbe6-f78547910a7f Close channels
2023-03-16 20:05:21,890 [grpc-default-executor-8] INFO  server.GrpcLogAppender (GrpcLogAppender.java:onCompleted(415)) - 2de148b0-f597-457b-b70e-3e9a456efa0b@group-ED66BB65EE5C->c8f26da1-2406-40b8-bbe6-f78547910a7f-AppendLogResponseHandler: follower responses appendEntries COMPLETED
2023-03-16 20:05:21,891 [grpc-default-executor-6] WARN  server.GrpcLogAppender (LogUtils.java:warn(122)) - c8f26da1-2406-40b8-bbe6-f78547910a7f@group-3913DCC4D4C8->c5189d4b-3145-494e-80fe-2ee109b29a1b-AppendLogResponseHandler: Failed appendEntries: org.apache.ratis.thirdparty.io.grpc.StatusRuntimeException: UNAVAILABLE: io exception
2023-03-16 20:05:21,891 [grpc-default-executor-8] WARN  server.GrpcLogAppender (GrpcLogAppender.java:resetClient(137)) - 2de148b0-f597-457b-b70e-3e9a456efa0b@group-ED66BB65EE5C->c8f26da1-2406-40b8-bbe6-f78547910a7f-GrpcLogAppender: Failed to getClient for c8f26da1-2406-40b8-bbe6-f78547910a7f
org.apache.ratis.protocol.exceptions.AlreadyClosedException: 2de148b0-f597-457b-b70e-3e9a456efa0b is already CLOSED
	at org.apache.ratis.util.PeerProxyMap$PeerAndProxy.getProxy(PeerProxyMap.java:61)
	at org.apache.ratis.util.PeerProxyMap.getProxy(PeerProxyMap.java:115)
	at org.apache.ratis.grpc.server.GrpcLogAppender.getClient(GrpcLogAppender.java:116)
	at org.apache.ratis.grpc.server.GrpcLogAppender.resetClient(GrpcLogAppender.java:121)
	at org.apache.ratis.grpc.server.GrpcLogAppender.access$500(GrpcLogAppender.java:58)
	at org.apache.ratis.grpc.server.GrpcLogAppender$AppendLogResponseHandler.onCompleted(GrpcLogAppender.java:416)
	at org.apache.ratis.thirdparty.io.grpc.stub.ClientCalls$StreamObserverToCallListenerAdapter.onClose(ClientCalls.java:485)
	at org.apache.ratis.thirdparty.io.grpc.internal.DelayedClientCall$DelayedListener$3.run(DelayedClientCall.java:468)
	at org.apache.ratis.thirdparty.io.grpc.internal.DelayedClientCall$DelayedListener.delayOrExecute(DelayedClientCall.java:432)
	at org.apache.ratis.thirdparty.io.grpc.internal.DelayedClientCall$DelayedListener.onClose(DelayedClientCall.java:465)
	at org.apache.ratis.thirdparty.io.grpc.internal.ClientCallImpl.closeObserver(ClientCallImpl.java:562)
	at org.apache.ratis.thirdparty.io.grpc.internal.ClientCallImpl.access$300(ClientCallImpl.java:70)
	at org.apache.ratis.thirdparty.io.grpc.internal.ClientCallImpl$ClientStreamListenerImpl$1StreamClosed.runInternal(ClientCallImpl.java:743)
	at org.apache.ratis.thirdparty.io.grpc.internal.ClientCallImpl$ClientStreamListenerImpl$1StreamClosed.runInContext(ClientCallImpl.java:722)
	at org.apache.ratis.thirdparty.io.grpc.internal.ContextRunnable.run(ContextRunnable.java:37)
	at org.apache.ratis.thirdparty.io.grpc.internal.SerializingExecutor.run(SerializingExecutor.java:133)
	at java.util.concurrent.ThreadPoolExecutor.runWorker(ThreadPoolExecutor.java:1149)
	at java.util.concurrent.ThreadPoolExecutor$Worker.run(ThreadPoolExecutor.java:624)
	at java.lang.Thread.run(Thread.java:750)
2023-03-16 20:05:21,892 [grpc-default-executor-6] INFO  leader.FollowerInfo (FollowerInfoImpl.java:lambda$new$0(48)) - c8f26da1-2406-40b8-bbe6-f78547910a7f@group-3913DCC4D4C8->c5189d4b-3145-494e-80fe-2ee109b29a1b: nextIndex: updateUnconditionally 25 -> 24
2023-03-16 20:05:21,903 [Listener at 127.0.0.1/35091] INFO  server.GrpcService (GrpcService.java:closeImpl(280)) - 2de148b0-f597-457b-b70e-3e9a456efa0b: shutdown server GrpcServerProtocolService successfully
2023-03-16 20:05:21,903 [2de148b0-f597-457b-b70e-3e9a456efa0b-NettyServerStreamRpc-bossGroup--thread1] INFO  logging.LoggingHandler (AbstractInternalLogger.java:log(148)) - [id: 0x84a44f9a, L:/0:0:0:0:0:0:0:0:33355] CLOSE
2023-03-16 20:05:21,903 [2de148b0-f597-457b-b70e-3e9a456efa0b-NettyServerStreamRpc-bossGroup--thread1] INFO  logging.LoggingHandler (AbstractInternalLogger.java:log(148)) - [id: 0x84a44f9a, L:/0:0:0:0:0:0:0:0:33355] INACTIVE
2023-03-16 20:05:21,904 [2de148b0-f597-457b-b70e-3e9a456efa0b-NettyServerStreamRpc-bossGroup--thread1] INFO  logging.LoggingHandler (AbstractInternalLogger.java:log(148)) - [id: 0x84a44f9a, L:/0:0:0:0:0:0:0:0:33355] UNREGISTERED
2023-03-16 20:05:21,918 [JvmPauseMonitor3] INFO  util.JvmPauseMonitor (JvmPauseMonitor.java:run(111)) - JvmPauseMonitor-2de148b0-f597-457b-b70e-3e9a456efa0b: Stopped
2023-03-16 20:05:22,465 [grpc-default-executor-6] WARN  server.GrpcLogAppender (LogUtils.java:warn(122)) - c8f26da1-2406-40b8-bbe6-f78547910a7f@group-3913DCC4D4C8->2de148b0-f597-457b-b70e-3e9a456efa0b-AppendLogResponseHandler: Failed appendEntries: org.apache.ratis.thirdparty.io.grpc.StatusRuntimeException: UNAVAILABLE: io exception
2023-03-16 20:05:22,465 [grpc-default-executor-8] WARN  server.GrpcLogAppender (LogUtils.java:warn(122)) - c8f26da1-2406-40b8-bbe6-f78547910a7f@group-3913DCC4D4C8->2de148b0-f597-457b-b70e-3e9a456efa0b-AppendLogResponseHandler: Failed appendEntries: org.apache.ratis.thirdparty.io.grpc.StatusRuntimeException: UNAVAILABLE: io exception
2023-03-16 20:05:22,467 [grpc-default-executor-6] INFO  leader.FollowerInfo (FollowerInfoImpl.java:lambda$new$0(48)) - c8f26da1-2406-40b8-bbe6-f78547910a7f@group-3913DCC4D4C8->2de148b0-f597-457b-b70e-3e9a456efa0b: nextIndex: updateUnconditionally 24 -> 23
2023-03-16 20:05:22,470 [grpc-default-executor-1] WARN  server.GrpcLogAppender (LogUtils.java:warn(122)) - c8f26da1-2406-40b8-bbe6-f78547910a7f@group-3913DCC4D4C8->c5189d4b-3145-494e-80fe-2ee109b29a1b-AppendLogResponseHandler: Failed appendEntries: org.apache.ratis.thirdparty.io.grpc.StatusRuntimeException: UNAVAILABLE: io exception
2023-03-16 20:05:22,470 [grpc-default-executor-6] WARN  server.GrpcLogAppender (LogUtils.java:warn(122)) - c8f26da1-2406-40b8-bbe6-f78547910a7f@group-3913DCC4D4C8->c5189d4b-3145-494e-80fe-2ee109b29a1b-AppendLogResponseHandler: Failed appendEntries: org.apache.ratis.thirdparty.io.grpc.StatusRuntimeException: UNAVAILABLE: io exception
2023-03-16 20:05:22,471 [grpc-default-executor-1] INFO  leader.FollowerInfo (FollowerInfoImpl.java:lambda$new$0(48)) - c8f26da1-2406-40b8-bbe6-f78547910a7f@group-3913DCC4D4C8->c5189d4b-3145-494e-80fe-2ee109b29a1b: nextIndex: updateUnconditionally 24 -> 23
2023-03-16 20:05:22,471 [grpc-default-executor-6] INFO  leader.FollowerInfo (FollowerInfoImpl.java:lambda$new$0(48)) - c8f26da1-2406-40b8-bbe6-f78547910a7f@group-3913DCC4D4C8->c5189d4b-3145-494e-80fe-2ee109b29a1b: nextIndex: updateUnconditionally 23 -> 22
2023-03-16 20:05:22,473 [grpc-default-executor-8] INFO  leader.FollowerInfo (FollowerInfoImpl.java:lambda$new$0(48)) - c8f26da1-2406-40b8-bbe6-f78547910a7f@group-3913DCC4D4C8->2de148b0-f597-457b-b70e-3e9a456efa0b: nextIndex: updateUnconditionally 23 -> 22
2023-03-16 20:05:22,479 [grpc-default-executor-8] WARN  server.GrpcLogAppender (LogUtils.java:warn(122)) - c8f26da1-2406-40b8-bbe6-f78547910a7f@group-3913DCC4D4C8->2de148b0-f597-457b-b70e-3e9a456efa0b-AppendLogResponseHandler: Failed appendEntries: org.apache.ratis.thirdparty.io.grpc.StatusRuntimeException: UNAVAILABLE: io exception
2023-03-16 20:05:22,480 [grpc-default-executor-8] INFO  leader.FollowerInfo (FollowerInfoImpl.java:lambda$new$0(48)) - c8f26da1-2406-40b8-bbe6-f78547910a7f@group-3913DCC4D4C8->2de148b0-f597-457b-b70e-3e9a456efa0b: nextIndex: updateUnconditionally 23 -> 22
2023-03-16 20:05:22,480 [grpc-default-executor-8] WARN  server.GrpcLogAppender (LogUtils.java:warn(122)) - c8f26da1-2406-40b8-bbe6-f78547910a7f@group-3913DCC4D4C8->c5189d4b-3145-494e-80fe-2ee109b29a1b-AppendLogResponseHandler: Failed appendEntries: org.apache.ratis.thirdparty.io.grpc.StatusRuntimeException: UNAVAILABLE: io exception
2023-03-16 20:05:22,480 [grpc-default-executor-1] WARN  server.GrpcLogAppender (LogUtils.java:warn(122)) - c8f26da1-2406-40b8-bbe6-f78547910a7f@group-3913DCC4D4C8->c5189d4b-3145-494e-80fe-2ee109b29a1b-AppendLogResponseHandler: Failed appendEntries: org.apache.ratis.thirdparty.io.grpc.StatusRuntimeException: UNAVAILABLE: io exception
2023-03-16 20:05:22,482 [grpc-default-executor-8] INFO  leader.FollowerInfo (FollowerInfoImpl.java:lambda$new$0(48)) - c8f26da1-2406-40b8-bbe6-f78547910a7f@group-3913DCC4D4C8->c5189d4b-3145-494e-80fe-2ee109b29a1b: nextIndex: updateUnconditionally 23 -> 22
2023-03-16 20:05:22,482 [grpc-default-executor-6] WARN  server.GrpcLogAppender (LogUtils.java:warn(122)) - c8f26da1-2406-40b8-bbe6-f78547910a7f@group-3913DCC4D4C8->2de148b0-f597-457b-b70e-3e9a456efa0b-AppendLogResponseHandler: Failed appendEntries: org.apache.ratis.thirdparty.io.grpc.StatusRuntimeException: UNAVAILABLE: io exception
2023-03-16 20:05:22,482 [grpc-default-executor-1] INFO  leader.FollowerInfo (FollowerInfoImpl.java:lambda$new$0(48)) - c8f26da1-2406-40b8-bbe6-f78547910a7f@group-3913DCC4D4C8->c5189d4b-3145-494e-80fe-2ee109b29a1b: nextIndex: updateUnconditionally 22 -> 21
2023-03-16 20:05:22,483 [grpc-default-executor-6] INFO  leader.FollowerInfo (FollowerInfoImpl.java:lambda$new$0(48)) - c8f26da1-2406-40b8-bbe6-f78547910a7f@group-3913DCC4D4C8->2de148b0-f597-457b-b70e-3e9a456efa0b: nextIndex: updateUnconditionally 22 -> 21
2023-03-16 20:05:23,716 [grpc-default-executor-6] WARN  server.GrpcLogAppender (LogUtils.java:warn(122)) - c8f26da1-2406-40b8-bbe6-f78547910a7f@group-3913DCC4D4C8->2de148b0-f597-457b-b70e-3e9a456efa0b-AppendLogResponseHandler: Failed appendEntries: org.apache.ratis.thirdparty.io.grpc.StatusRuntimeException: UNAVAILABLE: io exception
2023-03-16 20:05:23,716 [grpc-default-executor-1] WARN  server.GrpcLogAppender (LogUtils.java:warn(122)) - c8f26da1-2406-40b8-bbe6-f78547910a7f@group-3913DCC4D4C8->2de148b0-f597-457b-b70e-3e9a456efa0b-AppendLogResponseHandler: Failed appendEntries: org.apache.ratis.thirdparty.io.grpc.StatusRuntimeException: UNAVAILABLE: io exception
2023-03-16 20:05:23,718 [grpc-default-executor-6] INFO  leader.FollowerInfo (FollowerInfoImpl.java:lambda$new$0(48)) - c8f26da1-2406-40b8-bbe6-f78547910a7f@group-3913DCC4D4C8->2de148b0-f597-457b-b70e-3e9a456efa0b: nextIndex: updateUnconditionally 21 -> 20
2023-03-16 20:05:23,719 [grpc-default-executor-1] INFO  leader.FollowerInfo (FollowerInfoImpl.java:lambda$new$0(48)) - c8f26da1-2406-40b8-bbe6-f78547910a7f@group-3913DCC4D4C8->2de148b0-f597-457b-b70e-3e9a456efa0b: nextIndex: updateUnconditionally 20 -> 19
2023-03-16 20:05:23,723 [grpc-default-executor-6] WARN  server.GrpcLogAppender (LogUtils.java:warn(122)) - c8f26da1-2406-40b8-bbe6-f78547910a7f@group-3913DCC4D4C8->c5189d4b-3145-494e-80fe-2ee109b29a1b-AppendLogResponseHandler: Failed appendEntries: org.apache.ratis.thirdparty.io.grpc.StatusRuntimeException: UNAVAILABLE: io exception
2023-03-16 20:05:23,723 [grpc-default-executor-1] WARN  server.GrpcLogAppender (LogUtils.java:warn(122)) - c8f26da1-2406-40b8-bbe6-f78547910a7f@group-3913DCC4D4C8->c5189d4b-3145-494e-80fe-2ee109b29a1b-AppendLogResponseHandler: Failed appendEntries: org.apache.ratis.thirdparty.io.grpc.StatusRuntimeException: UNAVAILABLE: io exception
2023-03-16 20:05:23,725 [grpc-default-executor-6] INFO  leader.FollowerInfo (FollowerInfoImpl.java:lambda$new$0(48)) - c8f26da1-2406-40b8-bbe6-f78547910a7f@group-3913DCC4D4C8->c5189d4b-3145-494e-80fe-2ee109b29a1b: nextIndex: updateUnconditionally 21 -> 20
2023-03-16 20:05:23,725 [grpc-default-executor-1] INFO  leader.FollowerInfo (FollowerInfoImpl.java:lambda$new$0(48)) - c8f26da1-2406-40b8-bbe6-f78547910a7f@group-3913DCC4D4C8->c5189d4b-3145-494e-80fe-2ee109b29a1b: nextIndex: updateUnconditionally 20 -> 19
2023-03-16 20:05:23,727 [grpc-default-executor-1] WARN  server.GrpcLogAppender (LogUtils.java:warn(122)) - c8f26da1-2406-40b8-bbe6-f78547910a7f@group-3913DCC4D4C8->2de148b0-f597-457b-b70e-3e9a456efa0b-AppendLogResponseHandler: Failed appendEntries: org.apache.ratis.thirdparty.io.grpc.StatusRuntimeException: UNAVAILABLE: io exception
2023-03-16 20:05:23,728 [grpc-default-executor-1] INFO  leader.FollowerInfo (FollowerInfoImpl.java:lambda$new$0(48)) - c8f26da1-2406-40b8-bbe6-f78547910a7f@group-3913DCC4D4C8->2de148b0-f597-457b-b70e-3e9a456efa0b: nextIndex: updateUnconditionally 20 -> 19
2023-03-16 20:05:23,728 [grpc-default-executor-6] WARN  server.GrpcLogAppender (LogUtils.java:warn(122)) - c8f26da1-2406-40b8-bbe6-f78547910a7f@group-3913DCC4D4C8->2de148b0-f597-457b-b70e-3e9a456efa0b-AppendLogResponseHandler: Failed appendEntries: org.apache.ratis.thirdparty.io.grpc.StatusRuntimeException: UNAVAILABLE: io exception
2023-03-16 20:05:23,728 [grpc-default-executor-6] INFO  leader.FollowerInfo (FollowerInfoImpl.java:lambda$new$0(48)) - c8f26da1-2406-40b8-bbe6-f78547910a7f@group-3913DCC4D4C8->2de148b0-f597-457b-b70e-3e9a456efa0b: nextIndex: updateUnconditionally 19 -> 18
2023-03-16 20:05:23,734 [grpc-default-executor-6] WARN  server.GrpcLogAppender (LogUtils.java:warn(122)) - c8f26da1-2406-40b8-bbe6-f78547910a7f@group-3913DCC4D4C8->c5189d4b-3145-494e-80fe-2ee109b29a1b-AppendLogResponseHandler: Failed appendEntries: org.apache.ratis.thirdparty.io.grpc.StatusRuntimeException: UNAVAILABLE: io exception
2023-03-16 20:05:23,734 [grpc-default-executor-1] WARN  server.GrpcLogAppender (LogUtils.java:warn(122)) - c8f26da1-2406-40b8-bbe6-f78547910a7f@group-3913DCC4D4C8->c5189d4b-3145-494e-80fe-2ee109b29a1b-AppendLogResponseHandler: Failed appendEntries: org.apache.ratis.thirdparty.io.grpc.StatusRuntimeException: UNAVAILABLE: io exception
2023-03-16 20:05:23,735 [grpc-default-executor-6] INFO  leader.FollowerInfo (FollowerInfoImpl.java:lambda$new$0(48)) - c8f26da1-2406-40b8-bbe6-f78547910a7f@group-3913DCC4D4C8->c5189d4b-3145-494e-80fe-2ee109b29a1b: nextIndex: updateUnconditionally 20 -> 19
2023-03-16 20:05:23,735 [grpc-default-executor-1] INFO  leader.FollowerInfo (FollowerInfoImpl.java:lambda$new$0(48)) - c8f26da1-2406-40b8-bbe6-f78547910a7f@group-3913DCC4D4C8->c5189d4b-3145-494e-80fe-2ee109b29a1b: nextIndex: updateUnconditionally 19 -> 18
2023-03-16 20:05:23,921 [ForkJoinPool.commonPool-worker-0] INFO  volume.HddsVolume (HddsVolume.java:closeDbStore(436)) - SchemaV3 db is stopped at /home/runner/work/ozone/ozone/hadoop-ozone/integration-test/target/test-dir/MiniOzoneClusterImpl-77d2372e-e00f-46e1-a11d-7f7bb0f90484/datanode-1/data-0/containers/hdds/77d2372e-e00f-46e1-a11d-7f7bb0f90484/DS-f557370c-24e8-4993-b4be-156278d4d0a3/container.db for volume DS-f557370c-24e8-4993-b4be-156278d4d0a3
2023-03-16 20:05:23,922 [ForkJoinPool.commonPool-worker-0] INFO  utils.BackgroundService (BackgroundService.java:shutdown(141)) - Shutting down service BlockDeletingService
2023-03-16 20:05:23,925 [ForkJoinPool.commonPool-worker-0] INFO  utils.BackgroundService (BackgroundService.java:shutdown(141)) - Shutting down service StaleRecoveringContainerScrubbingService
2023-03-16 20:05:23,933 [Listener at 127.0.0.1/35091] INFO  volume.HddsVolume (HddsVolume.java:closeDbStore(436)) - SchemaV3 db is stopped at /home/runner/work/ozone/ozone/hadoop-ozone/integration-test/target/test-dir/MiniOzoneClusterImpl-77d2372e-e00f-46e1-a11d-7f7bb0f90484/datanode-2/data-0/containers/hdds/77d2372e-e00f-46e1-a11d-7f7bb0f90484/DS-57c9beae-4c58-46b5-a183-d1b30eaca33d/container.db for volume DS-57c9beae-4c58-46b5-a183-d1b30eaca33d
2023-03-16 20:05:23,933 [Listener at 127.0.0.1/35091] INFO  utils.BackgroundService (BackgroundService.java:shutdown(141)) - Shutting down service BlockDeletingService
2023-03-16 20:05:23,935 [ForkJoinPool.commonPool-worker-0] INFO  statemachine.DatanodeStateMachine (DatanodeStateMachine.java:stopDaemon(601)) - Ozone container server stopped.
2023-03-16 20:05:23,935 [Listener at 127.0.0.1/35091] INFO  utils.BackgroundService (BackgroundService.java:shutdown(141)) - Shutting down service StaleRecoveringContainerScrubbingService
2023-03-16 20:05:23,945 [Listener at 127.0.0.1/35091] INFO  statemachine.DatanodeStateMachine (DatanodeStateMachine.java:stopDaemon(601)) - Ozone container server stopped.
2023-03-16 20:05:23,961 [ForkJoinPool.commonPool-worker-0] INFO  handler.ContextHandler (ContextHandler.java:doStop(1159)) - Stopped o.e.j.w.WebAppContext@24614b8a{hddsDatanode,/,null,STOPPED}{jar:file:/home/runner/.m2/repository/org/apache/ozone/hdds-container-service/1.4.0-SNAPSHOT/hdds-container-service-1.4.0-SNAPSHOT.jar!/webapps/hddsDatanode}
2023-03-16 20:05:23,962 [ForkJoinPool.commonPool-worker-0] INFO  server.AbstractConnector (AbstractConnector.java:doStop(383)) - Stopped ServerConnector@5db13401{HTTP/1.1, (http/1.1)}{0.0.0.0:0}
2023-03-16 20:05:23,963 [ForkJoinPool.commonPool-worker-0] INFO  server.session (HouseKeeper.java:stopScavenging(149)) - node0 Stopped scavenging
2023-03-16 20:05:23,964 [ForkJoinPool.commonPool-worker-0] INFO  handler.ContextHandler (ContextHandler.java:doStop(1159)) - Stopped o.e.j.s.ServletContextHandler@2de829a7{static,/static,jar:file:/home/runner/.m2/repository/org/apache/ozone/hdds-container-service/1.4.0-SNAPSHOT/hdds-container-service-1.4.0-SNAPSHOT.jar!/webapps/static,STOPPED}
2023-03-16 20:05:23,965 [ForkJoinPool.commonPool-worker-0] INFO  handler.ContextHandler (ContextHandler.java:doStop(1159)) - Stopped o.e.j.s.ServletContextHandler@76e34b8{logs,/logs,file:///home/runner/work/ozone/ozone/hadoop-ozone/integration-test/target/log,STOPPED}
2023-03-16 20:05:23,977 [Listener at 127.0.0.1/35091] INFO  handler.ContextHandler (ContextHandler.java:doStop(1159)) - Stopped o.e.j.w.WebAppContext@41bd7cb1{hddsDatanode,/,null,STOPPED}{jar:file:/home/runner/.m2/repository/org/apache/ozone/hdds-container-service/1.4.0-SNAPSHOT/hdds-container-service-1.4.0-SNAPSHOT.jar!/webapps/hddsDatanode}
2023-03-16 20:05:23,981 [Listener at 127.0.0.1/35091] INFO  server.AbstractConnector (AbstractConnector.java:doStop(383)) - Stopped ServerConnector@4737dd30{HTTP/1.1, (http/1.1)}{0.0.0.0:0}
2023-03-16 20:05:23,982 [Listener at 127.0.0.1/35091] INFO  server.session (HouseKeeper.java:stopScavenging(149)) - node0 Stopped scavenging
2023-03-16 20:05:23,983 [Listener at 127.0.0.1/35091] INFO  handler.ContextHandler (ContextHandler.java:doStop(1159)) - Stopped o.e.j.s.ServletContextHandler@10c62889{static,/static,jar:file:/home/runner/.m2/repository/org/apache/ozone/hdds-container-service/1.4.0-SNAPSHOT/hdds-container-service-1.4.0-SNAPSHOT.jar!/webapps/static,STOPPED}
2023-03-16 20:05:23,983 [Listener at 127.0.0.1/35091] INFO  handler.ContextHandler (ContextHandler.java:doStop(1159)) - Stopped o.e.j.s.ServletContextHandler@118e6543{logs,/logs,file:///home/runner/work/ozone/ozone/hadoop-ozone/integration-test/target/log,STOPPED}
2023-03-16 20:05:23,984 [ForkJoinPool.commonPool-worker-0] INFO  ozoneimpl.OzoneContainer (OzoneContainer.java:stop(423)) - Attempting to stop container services.
2023-03-16 20:05:23,987 [ForkJoinPool.commonPool-worker-0] INFO  server.RaftServer (RaftServerProxy.java:lambda$close$6(409)) - c8f26da1-2406-40b8-bbe6-f78547910a7f: close
2023-03-16 20:05:23,997 [c8f26da1-2406-40b8-bbe6-f78547910a7f-impl-thread2] INFO  server.RaftServer$Division (RaftServerImpl.java:lambda$close$4(458)) - c8f26da1-2406-40b8-bbe6-f78547910a7f@group-3913DCC4D4C8: shutdown
2023-03-16 20:05:23,997 [c8f26da1-2406-40b8-bbe6-f78547910a7f-impl-thread2] INFO  util.JmxRegister (JmxRegister.java:unregister(73)) - Successfully un-registered JMX Bean with object name Ratis:service=RaftServer,group=group-3913DCC4D4C8,id=c8f26da1-2406-40b8-bbe6-f78547910a7f
2023-03-16 20:05:23,997 [c8f26da1-2406-40b8-bbe6-f78547910a7f-impl-thread2] INFO  impl.RoleInfo (RoleInfo.java:shutdownLeaderState(93)) - c8f26da1-2406-40b8-bbe6-f78547910a7f: shutdown c8f26da1-2406-40b8-bbe6-f78547910a7f@group-3913DCC4D4C8-LeaderStateImpl
2023-03-16 20:05:23,998 [c8f26da1-2406-40b8-bbe6-f78547910a7f@group-3913DCC4D4C8->c5189d4b-3145-494e-80fe-2ee109b29a1b-GrpcLogAppender-LogAppenderDaemon] WARN  server.GrpcLogAppender (GrpcLogAppender.java:mayWait(200)) - c8f26da1-2406-40b8-bbe6-f78547910a7f@group-3913DCC4D4C8->c5189d4b-3145-494e-80fe-2ee109b29a1b-GrpcLogAppender: Wait interrupted by java.lang.InterruptedException
2023-03-16 20:05:23,998 [c8f26da1-2406-40b8-bbe6-f78547910a7f-impl-thread2] INFO  impl.PendingRequests (PendingRequests.java:sendNotLeaderResponses(282)) - c8f26da1-2406-40b8-bbe6-f78547910a7f@group-3913DCC4D4C8-PendingRequests: sendNotLeaderResponses
2023-03-16 20:05:23,999 [c8f26da1-2406-40b8-bbe6-f78547910a7f-impl-thread4] INFO  server.RaftServer$Division (RaftServerImpl.java:lambda$close$4(458)) - c8f26da1-2406-40b8-bbe6-f78547910a7f@group-F05A27693BCD: shutdown
2023-03-16 20:05:24,000 [c8f26da1-2406-40b8-bbe6-f78547910a7f-impl-thread4] INFO  util.JmxRegister (JmxRegister.java:unregister(73)) - Successfully un-registered JMX Bean with object name Ratis:service=RaftServer,group=group-F05A27693BCD,id=c8f26da1-2406-40b8-bbe6-f78547910a7f
2023-03-16 20:05:24,000 [c8f26da1-2406-40b8-bbe6-f78547910a7f-impl-thread4] INFO  impl.RoleInfo (RoleInfo.java:shutdownLeaderState(93)) - c8f26da1-2406-40b8-bbe6-f78547910a7f: shutdown c8f26da1-2406-40b8-bbe6-f78547910a7f@group-F05A27693BCD-LeaderStateImpl
2023-03-16 20:05:24,000 [c8f26da1-2406-40b8-bbe6-f78547910a7f-impl-thread4] INFO  impl.PendingRequests (PendingRequests.java:sendNotLeaderResponses(282)) - c8f26da1-2406-40b8-bbe6-f78547910a7f@group-F05A27693BCD-PendingRequests: sendNotLeaderResponses
2023-03-16 20:05:24,000 [c8f26da1-2406-40b8-bbe6-f78547910a7f@group-3913DCC4D4C8->2de148b0-f597-457b-b70e-3e9a456efa0b-GrpcLogAppender-LogAppenderDaemon] WARN  server.GrpcLogAppender (GrpcLogAppender.java:mayWait(200)) - c8f26da1-2406-40b8-bbe6-f78547910a7f@group-3913DCC4D4C8->2de148b0-f597-457b-b70e-3e9a456efa0b-GrpcLogAppender: Wait interrupted by java.lang.InterruptedException
2023-03-16 20:05:24,001 [ForkJoinPool.commonPool-worker-0] INFO  server.GrpcService (GrpcService.java:closeImpl(271)) - c8f26da1-2406-40b8-bbe6-f78547910a7f: shutdown server GrpcServerProtocolService now
2023-03-16 20:05:24,001 [c8f26da1-2406-40b8-bbe6-f78547910a7f-impl-thread4] INFO  impl.StateMachineUpdater (StateMachineUpdater.java:stopAndJoin(153)) - c8f26da1-2406-40b8-bbe6-f78547910a7f@group-F05A27693BCD-StateMachineUpdater: set stopIndex = 0
2023-03-16 20:05:24,005 [Listener at 127.0.0.1/35091] INFO  ozoneimpl.OzoneContainer (OzoneContainer.java:stop(423)) - Attempting to stop container services.
2023-03-16 20:05:24,003 [c8f26da1-2406-40b8-bbe6-f78547910a7f-impl-thread3] INFO  server.RaftServer$Division (RaftServerImpl.java:lambda$close$4(458)) - c8f26da1-2406-40b8-bbe6-f78547910a7f@group-ED66BB65EE5C: shutdown
2023-03-16 20:05:24,010 [c8f26da1-2406-40b8-bbe6-f78547910a7f-impl-thread3] INFO  util.JmxRegister (JmxRegister.java:unregister(73)) - Successfully un-registered JMX Bean with object name Ratis:service=RaftServer,group=group-ED66BB65EE5C,id=c8f26da1-2406-40b8-bbe6-f78547910a7f
2023-03-16 20:05:24,010 [c8f26da1-2406-40b8-bbe6-f78547910a7f-impl-thread3] INFO  impl.RoleInfo (RoleInfo.java:shutdownFollowerState(110)) - c8f26da1-2406-40b8-bbe6-f78547910a7f: shutdown c8f26da1-2406-40b8-bbe6-f78547910a7f@group-ED66BB65EE5C-FollowerState
2023-03-16 20:05:24,002 [c8f26da1-2406-40b8-bbe6-f78547910a7f@group-F05A27693BCD-StateMachineUpdater] INFO  ratis.ContainerStateMachine (ContainerStateMachine.java:takeSnapshot(330)) - group-F05A27693BCD: Taking a snapshot at:(t:1, i:0) file /home/runner/work/ozone/ozone/hadoop-ozone/integration-test/target/test-dir/MiniOzoneClusterImpl-77d2372e-e00f-46e1-a11d-7f7bb0f90484/datanode-0/data/ratis/b56042f2-1e86-4100-b0cd-f05a27693bcd/sm/snapshot.1_0
2023-03-16 20:05:24,010 [ForkJoinPool.commonPool-worker-0] INFO  server.GrpcServerProtocolClient (GrpcServerProtocolClient.java:close(101)) - c5189d4b-3145-494e-80fe-2ee109b29a1b Close channels
2023-03-16 20:05:24,011 [c8f26da1-2406-40b8-bbe6-f78547910a7f@group-ED66BB65EE5C-FollowerState] INFO  impl.FollowerState (FollowerState.java:run(152)) - c8f26da1-2406-40b8-bbe6-f78547910a7f@group-ED66BB65EE5C-FollowerState was interrupted
2023-03-16 20:05:24,011 [c8f26da1-2406-40b8-bbe6-f78547910a7f-impl-thread3] INFO  impl.StateMachineUpdater (StateMachineUpdater.java:stopAndJoin(153)) - c8f26da1-2406-40b8-bbe6-f78547910a7f@group-ED66BB65EE5C-StateMachineUpdater: set stopIndex = 3
2023-03-16 20:05:24,013 [c8f26da1-2406-40b8-bbe6-f78547910a7f@group-F05A27693BCD-StateMachineUpdater] INFO  ratis.ContainerStateMachine (ContainerStateMachine.java:takeSnapshot(341)) - group-F05A27693BCD: Finished taking a snapshot at:(t:1, i:0) file:/home/runner/work/ozone/ozone/hadoop-ozone/integration-test/target/test-dir/MiniOzoneClusterImpl-77d2372e-e00f-46e1-a11d-7f7bb0f90484/datanode-0/data/ratis/b56042f2-1e86-4100-b0cd-f05a27693bcd/sm/snapshot.1_0 took: 11 ms
2023-03-16 20:05:24,014 [c8f26da1-2406-40b8-bbe6-f78547910a7f@group-F05A27693BCD-StateMachineUpdater] INFO  impl.StateMachineUpdater (StateMachineUpdater.java:takeSnapshot(287)) - c8f26da1-2406-40b8-bbe6-f78547910a7f@group-F05A27693BCD-StateMachineUpdater: Took a snapshot at index 0
2023-03-16 20:05:24,014 [c8f26da1-2406-40b8-bbe6-f78547910a7f@group-F05A27693BCD-StateMachineUpdater] INFO  impl.StateMachineUpdater (StateMachineUpdater.java:lambda$new$0(92)) - c8f26da1-2406-40b8-bbe6-f78547910a7f@group-F05A27693BCD-StateMachineUpdater: snapshotIndex: updateIncreasingly -1 -> 0
2023-03-16 20:05:24,014 [c8f26da1-2406-40b8-bbe6-f78547910a7f-impl-thread4] INFO  server.RaftServer$Division (ServerState.java:close(466)) - c8f26da1-2406-40b8-bbe6-f78547910a7f@group-F05A27693BCD: closes. applyIndex: 0
2023-03-16 20:05:24,014 [c8f26da1-2406-40b8-bbe6-f78547910a7f@group-F05A27693BCD-SegmentedRaftLogWorker] INFO  segmented.SegmentedRaftLogWorker (SegmentedRaftLogWorker.java:run(347)) - c8f26da1-2406-40b8-bbe6-f78547910a7f@group-F05A27693BCD-SegmentedRaftLogWorker was interrupted, exiting. There are 0 tasks remaining in the queue.
2023-03-16 20:05:24,014 [Listener at 127.0.0.1/35091] INFO  server.RaftServer (RaftServerProxy.java:lambda$close$6(409)) - c86eb04d-3968-498e-b9b0-20c907963056: close
2023-03-16 20:05:24,015 [c8f26da1-2406-40b8-bbe6-f78547910a7f@group-ED66BB65EE5C-StateMachineUpdater] INFO  ratis.ContainerStateMachine (ContainerStateMachine.java:takeSnapshot(330)) - group-ED66BB65EE5C: Taking a snapshot at:(t:1, i:3) file /home/runner/work/ozone/ozone/hadoop-ozone/integration-test/target/test-dir/MiniOzoneClusterImpl-77d2372e-e00f-46e1-a11d-7f7bb0f90484/datanode-0/data/ratis/8f72906f-0154-4cb9-ac9c-ed66bb65ee5c/sm/snapshot.1_3
2023-03-16 20:05:24,016 [c8f26da1-2406-40b8-bbe6-f78547910a7f-impl-thread2] INFO  impl.StateMachineUpdater (StateMachineUpdater.java:stopAndJoin(153)) - c8f26da1-2406-40b8-bbe6-f78547910a7f@group-3913DCC4D4C8-StateMachineUpdater: set stopIndex = 26
2023-03-16 20:05:24,015 [Listener at 127.0.0.1/35091] INFO  server.GrpcService (GrpcService.java:closeImpl(271)) - c86eb04d-3968-498e-b9b0-20c907963056: shutdown server GrpcServerProtocolService now
2023-03-16 20:05:24,012 [grpc-default-executor-6] WARN  server.GrpcClientProtocolService (LogUtils.java:warn(122)) - 1-OrderedRequestStreamObserver1: onError: org.apache.ratis.thirdparty.io.grpc.StatusRuntimeException: CANCELLED: client cancelled
2023-03-16 20:05:24,016 [c8f26da1-2406-40b8-bbe6-f78547910a7f@group-3913DCC4D4C8-StateMachineUpdater] INFO  ratis.ContainerStateMachine (ContainerStateMachine.java:takeSnapshot(330)) - group-3913DCC4D4C8: Taking a snapshot at:(t:1, i:26) file /home/runner/work/ozone/ozone/hadoop-ozone/integration-test/target/test-dir/MiniOzoneClusterImpl-77d2372e-e00f-46e1-a11d-7f7bb0f90484/datanode-0/data/ratis/ed8dd5cd-2345-4928-a3a3-3913dcc4d4c8/sm/snapshot.1_26
2023-03-16 20:05:24,018 [c8f26da1-2406-40b8-bbe6-f78547910a7f@group-ED66BB65EE5C-StateMachineUpdater] INFO  ratis.ContainerStateMachine (ContainerStateMachine.java:takeSnapshot(341)) - group-ED66BB65EE5C: Finished taking a snapshot at:(t:1, i:3) file:/home/runner/work/ozone/ozone/hadoop-ozone/integration-test/target/test-dir/MiniOzoneClusterImpl-77d2372e-e00f-46e1-a11d-7f7bb0f90484/datanode-0/data/ratis/8f72906f-0154-4cb9-ac9c-ed66bb65ee5c/sm/snapshot.1_3 took: 3 ms
2023-03-16 20:05:24,022 [Listener at 127.0.0.1/35091] INFO  server.GrpcService (GrpcService.java:closeImpl(280)) - c86eb04d-3968-498e-b9b0-20c907963056: shutdown server GrpcServerProtocolService successfully
2023-03-16 20:05:24,022 [c86eb04d-3968-498e-b9b0-20c907963056-NettyServerStreamRpc-bossGroup--thread1] INFO  logging.LoggingHandler (AbstractInternalLogger.java:log(148)) - [id: 0xd8eaa415, L:/0:0:0:0:0:0:0:0:41741] CLOSE
2023-03-16 20:05:24,023 [c86eb04d-3968-498e-b9b0-20c907963056-NettyServerStreamRpc-bossGroup--thread1] INFO  logging.LoggingHandler (AbstractInternalLogger.java:log(148)) - [id: 0xd8eaa415, L:/0:0:0:0:0:0:0:0:41741] INACTIVE
2023-03-16 20:05:24,023 [c86eb04d-3968-498e-b9b0-20c907963056-NettyServerStreamRpc-bossGroup--thread1] INFO  logging.LoggingHandler (AbstractInternalLogger.java:log(148)) - [id: 0xd8eaa415, L:/0:0:0:0:0:0:0:0:41741] UNREGISTERED
2023-03-16 20:05:24,025 [c86eb04d-3968-498e-b9b0-20c907963056-impl-thread2] INFO  server.RaftServer$Division (RaftServerImpl.java:lambda$close$4(458)) - c86eb04d-3968-498e-b9b0-20c907963056@group-4B02C57A7040: shutdown
2023-03-16 20:05:24,025 [c86eb04d-3968-498e-b9b0-20c907963056-impl-thread2] INFO  util.JmxRegister (JmxRegister.java:unregister(73)) - Successfully un-registered JMX Bean with object name Ratis:service=RaftServer,group=group-4B02C57A7040,id=c86eb04d-3968-498e-b9b0-20c907963056
2023-03-16 20:05:24,025 [c86eb04d-3968-498e-b9b0-20c907963056-impl-thread2] INFO  impl.RoleInfo (RoleInfo.java:shutdownLeaderState(93)) - c86eb04d-3968-498e-b9b0-20c907963056: shutdown c86eb04d-3968-498e-b9b0-20c907963056@group-4B02C57A7040-LeaderStateImpl
2023-03-16 20:05:24,025 [c86eb04d-3968-498e-b9b0-20c907963056-impl-thread2] INFO  impl.PendingRequests (PendingRequests.java:sendNotLeaderResponses(282)) - c86eb04d-3968-498e-b9b0-20c907963056@group-4B02C57A7040-PendingRequests: sendNotLeaderResponses
2023-03-16 20:05:24,026 [c86eb04d-3968-498e-b9b0-20c907963056-impl-thread2] INFO  impl.StateMachineUpdater (StateMachineUpdater.java:stopAndJoin(153)) - c86eb04d-3968-498e-b9b0-20c907963056@group-4B02C57A7040-StateMachineUpdater: set stopIndex = 0
2023-03-16 20:05:24,026 [c8f26da1-2406-40b8-bbe6-f78547910a7f@group-ED66BB65EE5C-StateMachineUpdater] INFO  impl.StateMachineUpdater (StateMachineUpdater.java:takeSnapshot(287)) - c8f26da1-2406-40b8-bbe6-f78547910a7f@group-ED66BB65EE5C-StateMachineUpdater: Took a snapshot at index 3
2023-03-16 20:05:24,028 [ForkJoinPool.commonPool-worker-0] INFO  server.GrpcServerProtocolClient (GrpcServerProtocolClient.java:close(101)) - 2de148b0-f597-457b-b70e-3e9a456efa0b Close channels
2023-03-16 20:05:24,029 [c8f26da1-2406-40b8-bbe6-f78547910a7f-impl-thread4] INFO  segmented.SegmentedRaftLogWorker (SegmentedRaftLogWorker.java:close(257)) - c8f26da1-2406-40b8-bbe6-f78547910a7f@group-F05A27693BCD-SegmentedRaftLogWorker close()
2023-03-16 20:05:24,028 [c86eb04d-3968-498e-b9b0-20c907963056@group-4B02C57A7040-StateMachineUpdater] INFO  ratis.ContainerStateMachine (ContainerStateMachine.java:takeSnapshot(330)) - group-4B02C57A7040: Taking a snapshot at:(t:1, i:0) file /home/runner/work/ozone/ozone/hadoop-ozone/integration-test/target/test-dir/MiniOzoneClusterImpl-77d2372e-e00f-46e1-a11d-7f7bb0f90484/datanode-4/data/ratis/9959b81f-9a90-4282-9160-4b02c57a7040/sm/snapshot.1_0
2023-03-16 20:05:24,026 [c8f26da1-2406-40b8-bbe6-f78547910a7f@group-3913DCC4D4C8-StateMachineUpdater] INFO  ratis.ContainerStateMachine (ContainerStateMachine.java:takeSnapshot(341)) - group-3913DCC4D4C8: Finished taking a snapshot at:(t:1, i:26) file:/home/runner/work/ozone/ozone/hadoop-ozone/integration-test/target/test-dir/MiniOzoneClusterImpl-77d2372e-e00f-46e1-a11d-7f7bb0f90484/datanode-0/data/ratis/ed8dd5cd-2345-4928-a3a3-3913dcc4d4c8/sm/snapshot.1_26 took: 10 ms
2023-03-16 20:05:24,029 [ForkJoinPool.commonPool-worker-0] INFO  server.GrpcService (GrpcService.java:closeImpl(280)) - c8f26da1-2406-40b8-bbe6-f78547910a7f: shutdown server GrpcServerProtocolService successfully
2023-03-16 20:05:24,032 [c8f26da1-2406-40b8-bbe6-f78547910a7f-NettyServerStreamRpc-bossGroup--thread1] INFO  logging.LoggingHandler (AbstractInternalLogger.java:log(148)) - [id: 0x81e71eb2, L:/0:0:0:0:0:0:0:0:46287] CLOSE
2023-03-16 20:05:24,032 [c8f26da1-2406-40b8-bbe6-f78547910a7f@group-3913DCC4D4C8-StateMachineUpdater] INFO  impl.StateMachineUpdater (StateMachineUpdater.java:takeSnapshot(287)) - c8f26da1-2406-40b8-bbe6-f78547910a7f@group-3913DCC4D4C8-StateMachineUpdater: Took a snapshot at index 26
2023-03-16 20:05:24,033 [c8f26da1-2406-40b8-bbe6-f78547910a7f@group-3913DCC4D4C8-StateMachineUpdater] INFO  impl.StateMachineUpdater (StateMachineUpdater.java:lambda$new$0(92)) - c8f26da1-2406-40b8-bbe6-f78547910a7f@group-3913DCC4D4C8-StateMachineUpdater: snapshotIndex: updateIncreasingly -1 -> 26
2023-03-16 20:05:24,029 [c8f26da1-2406-40b8-bbe6-f78547910a7f@group-ED66BB65EE5C-StateMachineUpdater] INFO  impl.StateMachineUpdater (StateMachineUpdater.java:lambda$new$0(92)) - c8f26da1-2406-40b8-bbe6-f78547910a7f@group-ED66BB65EE5C-StateMachineUpdater: snapshotIndex: updateIncreasingly -1 -> 3
2023-03-16 20:05:24,033 [c8f26da1-2406-40b8-bbe6-f78547910a7f-NettyServerStreamRpc-bossGroup--thread1] INFO  logging.LoggingHandler (AbstractInternalLogger.java:log(148)) - [id: 0x81e71eb2, L:/0:0:0:0:0:0:0:0:46287] INACTIVE
2023-03-16 20:05:24,033 [c8f26da1-2406-40b8-bbe6-f78547910a7f-NettyServerStreamRpc-bossGroup--thread1] INFO  logging.LoggingHandler (AbstractInternalLogger.java:log(148)) - [id: 0x81e71eb2, L:/0:0:0:0:0:0:0:0:46287] UNREGISTERED
2023-03-16 20:05:24,035 [c8f26da1-2406-40b8-bbe6-f78547910a7f-impl-thread2] INFO  server.RaftServer$Division (ServerState.java:close(466)) - c8f26da1-2406-40b8-bbe6-f78547910a7f@group-3913DCC4D4C8: closes. applyIndex: 26
2023-03-16 20:05:24,035 [c8f26da1-2406-40b8-bbe6-f78547910a7f@group-3913DCC4D4C8-SegmentedRaftLogWorker] INFO  segmented.SegmentedRaftLogWorker (SegmentedRaftLogWorker.java:run(347)) - c8f26da1-2406-40b8-bbe6-f78547910a7f@group-3913DCC4D4C8-SegmentedRaftLogWorker was interrupted, exiting. There are 0 tasks remaining in the queue.
2023-03-16 20:05:24,035 [c8f26da1-2406-40b8-bbe6-f78547910a7f-impl-thread2] INFO  segmented.SegmentedRaftLogWorker (SegmentedRaftLogWorker.java:close(257)) - c8f26da1-2406-40b8-bbe6-f78547910a7f@group-3913DCC4D4C8-SegmentedRaftLogWorker close()
2023-03-16 20:05:24,036 [c8f26da1-2406-40b8-bbe6-f78547910a7f-impl-thread3] INFO  server.RaftServer$Division (ServerState.java:close(466)) - c8f26da1-2406-40b8-bbe6-f78547910a7f@group-ED66BB65EE5C: closes. applyIndex: 3
2023-03-16 20:05:24,036 [c8f26da1-2406-40b8-bbe6-f78547910a7f@group-ED66BB65EE5C-SegmentedRaftLogWorker] INFO  segmented.SegmentedRaftLogWorker (SegmentedRaftLogWorker.java:run(347)) - c8f26da1-2406-40b8-bbe6-f78547910a7f@group-ED66BB65EE5C-SegmentedRaftLogWorker was interrupted, exiting. There are 0 tasks remaining in the queue.
2023-03-16 20:05:24,036 [c8f26da1-2406-40b8-bbe6-f78547910a7f-impl-thread3] INFO  segmented.SegmentedRaftLogWorker (SegmentedRaftLogWorker.java:close(257)) - c8f26da1-2406-40b8-bbe6-f78547910a7f@group-ED66BB65EE5C-SegmentedRaftLogWorker close()
2023-03-16 20:05:24,038 [c86eb04d-3968-498e-b9b0-20c907963056@group-4B02C57A7040-StateMachineUpdater] INFO  ratis.ContainerStateMachine (ContainerStateMachine.java:takeSnapshot(341)) - group-4B02C57A7040: Finished taking a snapshot at:(t:1, i:0) file:/home/runner/work/ozone/ozone/hadoop-ozone/integration-test/target/test-dir/MiniOzoneClusterImpl-77d2372e-e00f-46e1-a11d-7f7bb0f90484/datanode-4/data/ratis/9959b81f-9a90-4282-9160-4b02c57a7040/sm/snapshot.1_0 took: 10 ms
2023-03-16 20:05:24,038 [c86eb04d-3968-498e-b9b0-20c907963056@group-4B02C57A7040-StateMachineUpdater] INFO  impl.StateMachineUpdater (StateMachineUpdater.java:takeSnapshot(287)) - c86eb04d-3968-498e-b9b0-20c907963056@group-4B02C57A7040-StateMachineUpdater: Took a snapshot at index 0
2023-03-16 20:05:24,038 [c86eb04d-3968-498e-b9b0-20c907963056@group-4B02C57A7040-StateMachineUpdater] INFO  impl.StateMachineUpdater (StateMachineUpdater.java:lambda$new$0(92)) - c86eb04d-3968-498e-b9b0-20c907963056@group-4B02C57A7040-StateMachineUpdater: snapshotIndex: updateIncreasingly -1 -> 0
2023-03-16 20:05:24,038 [c86eb04d-3968-498e-b9b0-20c907963056-impl-thread2] INFO  server.RaftServer$Division (ServerState.java:close(466)) - c86eb04d-3968-498e-b9b0-20c907963056@group-4B02C57A7040: closes. applyIndex: 0
2023-03-16 20:05:24,041 [c86eb04d-3968-498e-b9b0-20c907963056@group-4B02C57A7040-SegmentedRaftLogWorker] INFO  segmented.SegmentedRaftLogWorker (SegmentedRaftLogWorker.java:run(347)) - c86eb04d-3968-498e-b9b0-20c907963056@group-4B02C57A7040-SegmentedRaftLogWorker was interrupted, exiting. There are 0 tasks remaining in the queue.
2023-03-16 20:05:24,043 [c86eb04d-3968-498e-b9b0-20c907963056-impl-thread2] INFO  segmented.SegmentedRaftLogWorker (SegmentedRaftLogWorker.java:close(257)) - c86eb04d-3968-498e-b9b0-20c907963056@group-4B02C57A7040-SegmentedRaftLogWorker close()
2023-03-16 20:05:24,047 [JvmPauseMonitor5] INFO  util.JvmPauseMonitor (JvmPauseMonitor.java:run(111)) - JvmPauseMonitor-c86eb04d-3968-498e-b9b0-20c907963056: Stopped
2023-03-16 20:05:24,048 [JvmPauseMonitor1] INFO  util.JvmPauseMonitor (JvmPauseMonitor.java:run(111)) - JvmPauseMonitor-c8f26da1-2406-40b8-bbe6-f78547910a7f: Stopped
2023-03-16 20:05:26,061 [Listener at 127.0.0.1/35091] INFO  volume.HddsVolume (HddsVolume.java:closeDbStore(436)) - SchemaV3 db is stopped at /home/runner/work/ozone/ozone/hadoop-ozone/integration-test/target/test-dir/MiniOzoneClusterImpl-77d2372e-e00f-46e1-a11d-7f7bb0f90484/datanode-4/data-0/containers/hdds/77d2372e-e00f-46e1-a11d-7f7bb0f90484/DS-2f8ea685-aeb8-404c-9777-e31fbae52792/container.db for volume DS-2f8ea685-aeb8-404c-9777-e31fbae52792
2023-03-16 20:05:26,062 [Listener at 127.0.0.1/35091] INFO  utils.BackgroundService (BackgroundService.java:shutdown(141)) - Shutting down service BlockDeletingService
2023-03-16 20:05:26,065 [Listener at 127.0.0.1/35091] INFO  utils.BackgroundService (BackgroundService.java:shutdown(141)) - Shutting down service StaleRecoveringContainerScrubbingService
2023-03-16 20:05:26,076 [ForkJoinPool.commonPool-worker-0] INFO  volume.HddsVolume (HddsVolume.java:closeDbStore(436)) - SchemaV3 db is stopped at /home/runner/work/ozone/ozone/hadoop-ozone/integration-test/target/test-dir/MiniOzoneClusterImpl-77d2372e-e00f-46e1-a11d-7f7bb0f90484/datanode-0/data-0/containers/hdds/77d2372e-e00f-46e1-a11d-7f7bb0f90484/DS-53a1ec97-ed22-4d38-b7d4-8f987bd7d4de/container.db for volume DS-53a1ec97-ed22-4d38-b7d4-8f987bd7d4de
2023-03-16 20:05:26,077 [ForkJoinPool.commonPool-worker-0] INFO  utils.BackgroundService (BackgroundService.java:shutdown(141)) - Shutting down service BlockDeletingService
2023-03-16 20:05:26,077 [ForkJoinPool.commonPool-worker-0] INFO  utils.BackgroundService (BackgroundService.java:shutdown(141)) - Shutting down service StaleRecoveringContainerScrubbingService
2023-03-16 20:05:26,093 [ForkJoinPool.commonPool-worker-0] INFO  statemachine.DatanodeStateMachine (DatanodeStateMachine.java:stopDaemon(601)) - Ozone container server stopped.
2023-03-16 20:05:26,107 [Listener at 127.0.0.1/35091] INFO  statemachine.DatanodeStateMachine (DatanodeStateMachine.java:stopDaemon(601)) - Ozone container server stopped.
2023-03-16 20:05:26,128 [ForkJoinPool.commonPool-worker-0] INFO  handler.ContextHandler (ContextHandler.java:doStop(1159)) - Stopped o.e.j.w.WebAppContext@54f719cb{hddsDatanode,/,null,STOPPED}{jar:file:/home/runner/.m2/repository/org/apache/ozone/hdds-container-service/1.4.0-SNAPSHOT/hdds-container-service-1.4.0-SNAPSHOT.jar!/webapps/hddsDatanode}
2023-03-16 20:05:26,129 [ForkJoinPool.commonPool-worker-0] INFO  server.AbstractConnector (AbstractConnector.java:doStop(383)) - Stopped ServerConnector@2d35f2{HTTP/1.1, (http/1.1)}{0.0.0.0:0}
2023-03-16 20:05:26,130 [ForkJoinPool.commonPool-worker-0] INFO  server.session (HouseKeeper.java:stopScavenging(149)) - node0 Stopped scavenging
2023-03-16 20:05:26,131 [ForkJoinPool.commonPool-worker-0] INFO  handler.ContextHandler (ContextHandler.java:doStop(1159)) - Stopped o.e.j.s.ServletContextHandler@2e353ae8{static,/static,jar:file:/home/runner/.m2/repository/org/apache/ozone/hdds-container-service/1.4.0-SNAPSHOT/hdds-container-service-1.4.0-SNAPSHOT.jar!/webapps/static,STOPPED}
2023-03-16 20:05:26,131 [Listener at 127.0.0.1/35091] INFO  handler.ContextHandler (ContextHandler.java:doStop(1159)) - Stopped o.e.j.w.WebAppContext@71886642{hddsDatanode,/,null,STOPPED}{jar:file:/home/runner/.m2/repository/org/apache/ozone/hdds-container-service/1.4.0-SNAPSHOT/hdds-container-service-1.4.0-SNAPSHOT.jar!/webapps/hddsDatanode}
2023-03-16 20:05:26,136 [ForkJoinPool.commonPool-worker-0] INFO  handler.ContextHandler (ContextHandler.java:doStop(1159)) - Stopped o.e.j.s.ServletContextHandler@7702e4a{logs,/logs,file:///home/runner/work/ozone/ozone/hadoop-ozone/integration-test/target/log,STOPPED}
2023-03-16 20:05:26,142 [Listener at 127.0.0.1/35091] INFO  server.AbstractConnector (AbstractConnector.java:doStop(383)) - Stopped ServerConnector@3edafdc3{HTTP/1.1, (http/1.1)}{0.0.0.0:0}
2023-03-16 20:05:26,143 [Listener at 127.0.0.1/35091] INFO  server.session (HouseKeeper.java:stopScavenging(149)) - node0 Stopped scavenging
2023-03-16 20:05:26,144 [Listener at 127.0.0.1/35091] INFO  handler.ContextHandler (ContextHandler.java:doStop(1159)) - Stopped o.e.j.s.ServletContextHandler@14c84fd6{static,/static,jar:file:/home/runner/.m2/repository/org/apache/ozone/hdds-container-service/1.4.0-SNAPSHOT/hdds-container-service-1.4.0-SNAPSHOT.jar!/webapps/static,STOPPED}
2023-03-16 20:05:26,144 [ForkJoinPool.commonPool-worker-0] INFO  ozoneimpl.OzoneContainer (OzoneContainer.java:stop(423)) - Attempting to stop container services.
2023-03-16 20:05:26,144 [Listener at 127.0.0.1/35091] INFO  handler.ContextHandler (ContextHandler.java:doStop(1159)) - Stopped o.e.j.s.ServletContextHandler@82feb0b{logs,/logs,file:///home/runner/work/ozone/ozone/hadoop-ozone/integration-test/target/log,STOPPED}
2023-03-16 20:05:26,145 [ForkJoinPool.commonPool-worker-0] INFO  server.RaftServer (RaftServerProxy.java:lambda$close$6(409)) - f9f49075-6b76-4a07-b0c3-cad8e972cd7f: close
2023-03-16 20:05:26,151 [f9f49075-6b76-4a07-b0c3-cad8e972cd7f-impl-thread2] INFO  server.RaftServer$Division (RaftServerImpl.java:lambda$close$4(458)) - f9f49075-6b76-4a07-b0c3-cad8e972cd7f@group-4CD52836A867: shutdown
2023-03-16 20:05:26,151 [f9f49075-6b76-4a07-b0c3-cad8e972cd7f-impl-thread2] INFO  util.JmxRegister (JmxRegister.java:unregister(73)) - Successfully un-registered JMX Bean with object name Ratis:service=RaftServer,group=group-4CD52836A867,id=f9f49075-6b76-4a07-b0c3-cad8e972cd7f
2023-03-16 20:05:26,151 [f9f49075-6b76-4a07-b0c3-cad8e972cd7f-impl-thread2] INFO  impl.RoleInfo (RoleInfo.java:shutdownLeaderState(93)) - f9f49075-6b76-4a07-b0c3-cad8e972cd7f: shutdown f9f49075-6b76-4a07-b0c3-cad8e972cd7f@group-4CD52836A867-LeaderStateImpl
2023-03-16 20:05:26,151 [f9f49075-6b76-4a07-b0c3-cad8e972cd7f-impl-thread2] INFO  impl.PendingRequests (PendingRequests.java:sendNotLeaderResponses(282)) - f9f49075-6b76-4a07-b0c3-cad8e972cd7f@group-4CD52836A867-PendingRequests: sendNotLeaderResponses
2023-03-16 20:05:26,152 [ForkJoinPool.commonPool-worker-0] INFO  server.GrpcService (GrpcService.java:closeImpl(271)) - f9f49075-6b76-4a07-b0c3-cad8e972cd7f: shutdown server GrpcServerProtocolService now
2023-03-16 20:05:26,153 [f9f49075-6b76-4a07-b0c3-cad8e972cd7f-impl-thread2] INFO  impl.StateMachineUpdater (StateMachineUpdater.java:stopAndJoin(153)) - f9f49075-6b76-4a07-b0c3-cad8e972cd7f@group-4CD52836A867-StateMachineUpdater: set stopIndex = 0
2023-03-16 20:05:26,153 [f9f49075-6b76-4a07-b0c3-cad8e972cd7f@group-4CD52836A867-StateMachineUpdater] INFO  ratis.ContainerStateMachine (ContainerStateMachine.java:takeSnapshot(330)) - group-4CD52836A867: Taking a snapshot at:(t:1, i:0) file /home/runner/work/ozone/ozone/hadoop-ozone/integration-test/target/test-dir/MiniOzoneClusterImpl-77d2372e-e00f-46e1-a11d-7f7bb0f90484/datanode-3/data/ratis/e012ac23-e798-4cd0-b17a-4cd52836a867/sm/snapshot.1_0
2023-03-16 20:05:26,156 [f9f49075-6b76-4a07-b0c3-cad8e972cd7f@group-4CD52836A867-StateMachineUpdater] INFO  ratis.ContainerStateMachine (ContainerStateMachine.java:takeSnapshot(341)) - group-4CD52836A867: Finished taking a snapshot at:(t:1, i:0) file:/home/runner/work/ozone/ozone/hadoop-ozone/integration-test/target/test-dir/MiniOzoneClusterImpl-77d2372e-e00f-46e1-a11d-7f7bb0f90484/datanode-3/data/ratis/e012ac23-e798-4cd0-b17a-4cd52836a867/sm/snapshot.1_0 took: 3 ms
2023-03-16 20:05:26,156 [f9f49075-6b76-4a07-b0c3-cad8e972cd7f@group-4CD52836A867-StateMachineUpdater] INFO  impl.StateMachineUpdater (StateMachineUpdater.java:takeSnapshot(287)) - f9f49075-6b76-4a07-b0c3-cad8e972cd7f@group-4CD52836A867-StateMachineUpdater: Took a snapshot at index 0
2023-03-16 20:05:26,156 [f9f49075-6b76-4a07-b0c3-cad8e972cd7f@group-4CD52836A867-StateMachineUpdater] INFO  impl.StateMachineUpdater (StateMachineUpdater.java:lambda$new$0(92)) - f9f49075-6b76-4a07-b0c3-cad8e972cd7f@group-4CD52836A867-StateMachineUpdater: snapshotIndex: updateIncreasingly -1 -> 0
2023-03-16 20:05:26,157 [f9f49075-6b76-4a07-b0c3-cad8e972cd7f-impl-thread2] INFO  server.RaftServer$Division (ServerState.java:close(466)) - f9f49075-6b76-4a07-b0c3-cad8e972cd7f@group-4CD52836A867: closes. applyIndex: 0
2023-03-16 20:05:26,161 [f9f49075-6b76-4a07-b0c3-cad8e972cd7f@group-4CD52836A867-SegmentedRaftLogWorker] INFO  segmented.SegmentedRaftLogWorker (SegmentedRaftLogWorker.java:run(347)) - f9f49075-6b76-4a07-b0c3-cad8e972cd7f@group-4CD52836A867-SegmentedRaftLogWorker was interrupted, exiting. There are 0 tasks remaining in the queue.
2023-03-16 20:05:26,161 [ForkJoinPool.commonPool-worker-0] INFO  server.GrpcService (GrpcService.java:closeImpl(280)) - f9f49075-6b76-4a07-b0c3-cad8e972cd7f: shutdown server GrpcServerProtocolService successfully
2023-03-16 20:05:26,162 [f9f49075-6b76-4a07-b0c3-cad8e972cd7f-NettyServerStreamRpc-bossGroup--thread1] INFO  logging.LoggingHandler (AbstractInternalLogger.java:log(148)) - [id: 0xdec31d37, L:/0:0:0:0:0:0:0:0:38455] CLOSE
2023-03-16 20:05:26,164 [f9f49075-6b76-4a07-b0c3-cad8e972cd7f-NettyServerStreamRpc-bossGroup--thread1] INFO  logging.LoggingHandler (AbstractInternalLogger.java:log(148)) - [id: 0xdec31d37, L:/0:0:0:0:0:0:0:0:38455] INACTIVE
2023-03-16 20:05:26,167 [f9f49075-6b76-4a07-b0c3-cad8e972cd7f-NettyServerStreamRpc-bossGroup--thread1] INFO  logging.LoggingHandler (AbstractInternalLogger.java:log(148)) - [id: 0xdec31d37, L:/0:0:0:0:0:0:0:0:38455] UNREGISTERED
2023-03-16 20:05:26,168 [f9f49075-6b76-4a07-b0c3-cad8e972cd7f-impl-thread2] INFO  segmented.SegmentedRaftLogWorker (SegmentedRaftLogWorker.java:close(257)) - f9f49075-6b76-4a07-b0c3-cad8e972cd7f@group-4CD52836A867-SegmentedRaftLogWorker close()
2023-03-16 20:05:26,187 [JvmPauseMonitor4] INFO  util.JvmPauseMonitor (JvmPauseMonitor.java:run(111)) - JvmPauseMonitor-f9f49075-6b76-4a07-b0c3-cad8e972cd7f: Stopped
2023-03-16 20:05:28,196 [ForkJoinPool.commonPool-worker-0] INFO  volume.HddsVolume (HddsVolume.java:closeDbStore(436)) - SchemaV3 db is stopped at /home/runner/work/ozone/ozone/hadoop-ozone/integration-test/target/test-dir/MiniOzoneClusterImpl-77d2372e-e00f-46e1-a11d-7f7bb0f90484/datanode-3/data-0/containers/hdds/77d2372e-e00f-46e1-a11d-7f7bb0f90484/DS-7e48f728-037f-453f-af0a-a6d6d42e04b7/container.db for volume DS-7e48f728-037f-453f-af0a-a6d6d42e04b7
2023-03-16 20:05:28,197 [ForkJoinPool.commonPool-worker-0] INFO  utils.BackgroundService (BackgroundService.java:shutdown(141)) - Shutting down service BlockDeletingService
2023-03-16 20:05:28,198 [ForkJoinPool.commonPool-worker-0] INFO  utils.BackgroundService (BackgroundService.java:shutdown(141)) - Shutting down service StaleRecoveringContainerScrubbingService
2023-03-16 20:05:28,205 [ForkJoinPool.commonPool-worker-0] INFO  statemachine.DatanodeStateMachine (DatanodeStateMachine.java:stopDaemon(601)) - Ozone container server stopped.
2023-03-16 20:05:28,222 [ForkJoinPool.commonPool-worker-0] INFO  handler.ContextHandler (ContextHandler.java:doStop(1159)) - Stopped o.e.j.w.WebAppContext@72143dfe{hddsDatanode,/,null,STOPPED}{jar:file:/home/runner/.m2/repository/org/apache/ozone/hdds-container-service/1.4.0-SNAPSHOT/hdds-container-service-1.4.0-SNAPSHOT.jar!/webapps/hddsDatanode}
2023-03-16 20:05:28,223 [ForkJoinPool.commonPool-worker-0] INFO  server.AbstractConnector (AbstractConnector.java:doStop(383)) - Stopped ServerConnector@3c591552{HTTP/1.1, (http/1.1)}{0.0.0.0:0}
2023-03-16 20:05:28,223 [ForkJoinPool.commonPool-worker-0] INFO  server.session (HouseKeeper.java:stopScavenging(149)) - node0 Stopped scavenging
2023-03-16 20:05:28,224 [ForkJoinPool.commonPool-worker-0] INFO  handler.ContextHandler (ContextHandler.java:doStop(1159)) - Stopped o.e.j.s.ServletContextHandler@6a35ab2e{static,/static,jar:file:/home/runner/.m2/repository/org/apache/ozone/hdds-container-service/1.4.0-SNAPSHOT/hdds-container-service-1.4.0-SNAPSHOT.jar!/webapps/static,STOPPED}
2023-03-16 20:05:28,226 [ForkJoinPool.commonPool-worker-0] INFO  handler.ContextHandler (ContextHandler.java:doStop(1159)) - Stopped o.e.j.s.ServletContextHandler@703a47b5{logs,/logs,file:///home/runner/work/ozone/ozone/hadoop-ozone/integration-test/target/log,STOPPED}
2023-03-16 20:05:28,228 [Listener at 127.0.0.1/35091] INFO  ozone.MiniOzoneClusterImpl (MiniOzoneClusterImpl.java:stopSCM(545)) - Stopping the StorageContainerManager
2023-03-16 20:05:28,229 [Listener at 127.0.0.1/35091] INFO  server.StorageContainerManager (StorageContainerManager.java:stop(1537)) - Container Balancer is not running.
2023-03-16 20:05:28,229 [Listener at 127.0.0.1/35091] INFO  server.StorageContainerManager (StorageContainerManager.java:stop(1544)) - Stopping Replication Manager Service.
2023-03-16 20:05:28,229 [Listener at 127.0.0.1/35091] INFO  replication.ReplicationManager (ReplicationManager.java:stop(304)) - Stopping Replication Monitor Thread.
2023-03-16 20:05:28,229 [Under Replicated Processor] WARN  replication.UnhealthyReplicationProcessor (UnhealthyReplicationProcessor.java:run(146)) - Under Replicated Processor interrupted. Exiting...
2023-03-16 20:05:28,229 [ReplicationMonitor] INFO  replication.ReplicationManager (ReplicationManager.java:run(808)) - Replication Monitor Thread is stopped
2023-03-16 20:05:28,229 [Listener at 127.0.0.1/35091] INFO  server.StorageContainerManager (StorageContainerManager.java:stop(1551)) - Stopping the Datanode Admin Monitor.
2023-03-16 20:05:28,229 [Over Replicated Processor] WARN  replication.UnhealthyReplicationProcessor (UnhealthyReplicationProcessor.java:run(146)) - Over Replicated Processor interrupted. Exiting...
2023-03-16 20:05:28,231 [Listener at 127.0.0.1/35091] INFO  server.StorageContainerManager (StorageContainerManager.java:stop(1558)) - Stopping datanode service RPC server
2023-03-16 20:05:28,231 [Listener at 127.0.0.1/35091] INFO  server.SCMDatanodeProtocolServer (SCMDatanodeProtocolServer.java:stop(424)) - Stopping the RPC server for DataNodes
2023-03-16 20:05:28,231 [Listener at 127.0.0.1/35091] INFO  ipc.Server (Server.java:stop(3428)) - Stopping server on 44947
2023-03-16 20:05:28,234 [IPC Server Responder] INFO  ipc.Server (Server.java:run(1517)) - Stopping IPC Server Responder
2023-03-16 20:05:28,234 [IPC Server listener on 0] INFO  ipc.Server (Server.java:run(1384)) - Stopping IPC Server listener on 0
2023-03-16 20:05:28,266 [SCM Heartbeat Processing Thread - 0] WARN  node.NodeStateManager (NodeStateManager.java:scheduleNextHealthCheck(870)) - Current Thread is interrupted, shutting down HB processing thread for Node Manager.
2023-03-16 20:05:28,266 [Listener at 127.0.0.1/35091] INFO  server.StorageContainerManager (StorageContainerManager.java:stop(1566)) - Stopping block service RPC server
2023-03-16 20:05:28,267 [Listener at 127.0.0.1/35091] INFO  server.SCMBlockProtocolServer (SCMBlockProtocolServer.java:stop(161)) - Stopping the RPC server for Block Protocol
2023-03-16 20:05:28,267 [Listener at 127.0.0.1/35091] INFO  ipc.Server (Server.java:stop(3428)) - Stopping server on 42293
2023-03-16 20:05:28,270 [IPC Server listener on 0] INFO  ipc.Server (Server.java:run(1384)) - Stopping IPC Server listener on 0
2023-03-16 20:05:28,272 [IPC Server Responder] INFO  ipc.Server (Server.java:run(1517)) - Stopping IPC Server Responder
2023-03-16 20:05:28,272 [Listener at 127.0.0.1/35091] INFO  server.StorageContainerManager (StorageContainerManager.java:stop(1573)) - Stopping the StorageContainerLocationProtocol RPC server
2023-03-16 20:05:28,273 [Listener at 127.0.0.1/35091] INFO  server.SCMClientProtocolServer (SCMClientProtocolServer.java:stop(203)) - Stopping the RPC server for Client Protocol
2023-03-16 20:05:28,273 [Listener at 127.0.0.1/35091] INFO  ipc.Server (Server.java:stop(3428)) - Stopping server on 35655
2023-03-16 20:05:28,274 [IPC Server listener on 0] INFO  ipc.Server (Server.java:run(1384)) - Stopping IPC Server listener on 0
2023-03-16 20:05:28,277 [IPC Server Responder] INFO  ipc.Server (Server.java:run(1517)) - Stopping IPC Server Responder
2023-03-16 20:05:28,278 [Listener at 127.0.0.1/35091] INFO  server.StorageContainerManager (StorageContainerManager.java:stop(1580)) - Stopping Storage Container Manager HTTP server.
2023-03-16 20:05:28,279 [Listener at 127.0.0.1/35091] INFO  handler.ContextHandler (ContextHandler.java:doStop(1159)) - Stopped o.e.j.w.WebAppContext@56f569e{scm,/,null,STOPPED}{file:/home/runner/work/ozone/ozone/hadoop-ozone/integration-test/target/test-classes/webapps/scm}
2023-03-16 20:05:28,281 [Listener at 127.0.0.1/35091] INFO  server.AbstractConnector (AbstractConnector.java:doStop(383)) - Stopped ServerConnector@711261c7{HTTP/1.1, (http/1.1)}{0.0.0.0:0}
2023-03-16 20:05:28,281 [Listener at 127.0.0.1/35091] INFO  server.session (HouseKeeper.java:stopScavenging(149)) - node0 Stopped scavenging
2023-03-16 20:05:28,281 [Listener at 127.0.0.1/35091] INFO  handler.ContextHandler (ContextHandler.java:doStop(1159)) - Stopped o.e.j.s.ServletContextHandler@69c335c4{static,/static,file:///home/runner/work/ozone/ozone/hadoop-ozone/integration-test/target/test-classes/webapps/static,STOPPED}
2023-03-16 20:05:28,282 [Listener at 127.0.0.1/35091] INFO  handler.ContextHandler (ContextHandler.java:doStop(1159)) - Stopped o.e.j.s.ServletContextHandler@52518ee1{logs,/logs,file:///home/runner/work/ozone/ozone/hadoop-ozone/integration-test/target/log,STOPPED}
2023-03-16 20:05:28,285 [Listener at 127.0.0.1/35091] INFO  server.StorageContainerManager (StorageContainerManager.java:stop(1588)) - Stopping SCM LayoutVersionManager Service.
2023-03-16 20:05:28,286 [Listener at 127.0.0.1/35091] INFO  server.StorageContainerManager (StorageContainerManager.java:stop(1596)) - Stopping Block Manager Service.
2023-03-16 20:05:28,286 [Listener at 127.0.0.1/35091] INFO  utils.BackgroundService (BackgroundService.java:shutdown(141)) - Shutting down service SCMBlockDeletingService
2023-03-16 20:05:28,287 [Listener at 127.0.0.1/35091] INFO  utils.BackgroundService (BackgroundService.java:shutdown(141)) - Shutting down service SCMBlockDeletingService
2023-03-16 20:05:28,287 [Listener at 127.0.0.1/35091] INFO  server.StorageContainerManager (StorageContainerManager.java:stop(1618)) - Stopping SCM Event Queue.
2023-03-16 20:05:28,293 [Listener at 127.0.0.1/35091] INFO  server.StorageContainerManager (StorageContainerManager.java:stop(1629)) - Stopping SCM HA services.
2023-03-16 20:05:28,294 [Listener at 127.0.0.1/35091] INFO  pipeline.BackgroundPipelineCreator (BackgroundPipelineCreator.java:stop(149)) - Stopping RatisPipelineUtilsThread.
2023-03-16 20:05:28,297 [RatisPipelineUtilsThread - 0] WARN  pipeline.BackgroundPipelineCreator (BackgroundPipelineCreator.java:run(180)) - RatisPipelineUtilsThread is interrupted.
2023-03-16 20:05:28,297 [BackgroundPipelineScrubberThread] WARN  BackgroundPipelineScrubber (BackgroundSCMService.java:run(115)) - BackgroundPipelineScrubber is interrupted, exit
2023-03-16 20:05:28,297 [Listener at 127.0.0.1/35091] INFO  BackgroundPipelineScrubber (BackgroundSCMService.java:stop(131)) - Stopping BackgroundPipelineScrubber Service.
2023-03-16 20:05:28,299 [Listener at 127.0.0.1/35091] INFO  impl.MetricsSystemImpl (MetricsSystemImpl.java:stop(210)) - Stopping XceiverClientMetrics metrics system...
2023-03-16 20:05:28,302 [prometheus] INFO  impl.MetricsSinkAdapter (MetricsSinkAdapter.java:publishMetricsFromQueue(141)) - prometheus thread interrupted.
2023-03-16 20:05:28,303 [Listener at 127.0.0.1/35091] INFO  impl.MetricsSystemImpl (MetricsSystemImpl.java:stop(216)) - XceiverClientMetrics metrics system stopped.
2023-03-16 20:05:28,303 [Listener at 127.0.0.1/35091] WARN  pipeline.BackgroundPipelineCreator (BackgroundPipelineCreator.java:stop(145)) - RatisPipelineUtilsThread is not running, just ignore.
2023-03-16 20:05:28,303 [Listener at 127.0.0.1/35091] INFO  BackgroundPipelineScrubber (BackgroundSCMService.java:stop(126)) - BackgroundPipelineScrubber Service is not running, skip stop.
2023-03-16 20:05:28,304 [ExpiredContainerReplicaOpScrubberThread] WARN  ExpiredContainerReplicaOpScrubber (BackgroundSCMService.java:run(115)) - ExpiredContainerReplicaOpScrubber is interrupted, exit
2023-03-16 20:05:28,304 [Listener at 127.0.0.1/35091] INFO  ExpiredContainerReplicaOpScrubber (BackgroundSCMService.java:stop(131)) - Stopping ExpiredContainerReplicaOpScrubber Service.
2023-03-16 20:05:28,304 [Listener at 127.0.0.1/35091] INFO  utils.BackgroundService (BackgroundService.java:shutdown(141)) - Shutting down service SCMBlockDeletingService
2023-03-16 20:05:28,304 [Listener at 127.0.0.1/35091] INFO  replication.ReplicationManager (ReplicationManager.java:stop(314)) - Replication Monitor Thread is not running.
2023-03-16 20:05:28,304 [Listener at 127.0.0.1/35091] WARN  balancer.ContainerBalancer (ContainerBalancer.java:stop(322)) - Cannot stop Container Balancer because it's not running or stopping
2023-03-16 20:05:28,305 [Listener at 127.0.0.1/35091] INFO  server.StorageContainerManager (StorageContainerManager.java:stop(1647)) - Stopping SCM MetadataStore.
2023-03-16 20:05:28,425 [Listener at 127.0.0.1/35091] WARN  server.ServerUtils (ServerUtils.java:getScmDbDir(148)) - ozone.scm.db.dirs is not configured. We recommend adding this setting. Falling back to ozone.metadata.dirs instead.
2023-03-16 20:05:28,429 [Listener at 127.0.0.1/35091] WARN  server.ServerUtils (ServerUtils.java:getScmDbDir(148)) - ozone.scm.db.dirs is not configured. We recommend adding this setting. Falling back to ozone.metadata.dirs instead.
2023-03-16 20:05:28,430 [Listener at 127.0.0.1/35091] INFO  ha.SCMHANodeDetails (SCMHANodeDetails.java:loadSCMHAConfig(209)) - ServiceID for StorageContainerManager is null
2023-03-16 20:05:28,430 [Listener at 127.0.0.1/35091] INFO  ha.SCMHANodeDetails (SCMHANodeDetails.java:loadSCMHAConfig(214)) - ozone.scm.default.service.id is not defined, falling back to ozone.scm.service.ids to find serviceID for StorageContainerManager if it is HA enabled cluster
2023-03-16 20:05:28,431 [Listener at 127.0.0.1/35091] WARN  utils.HAUtils (HAUtils.java:getMetaDir(342)) - ozone.scm.db.dirs is not configured. We recommend adding this setting. Falling back to ozone.metadata.dirs instead.
2023-03-16 20:05:28,431 [Listener at 127.0.0.1/35091] WARN  db.DBStoreBuilder (DBStoreBuilder.java:applyDBDefinition(172)) - ozone.scm.db.dirs is not configured. We recommend adding this setting. Falling back to ozone.metadata.dirs instead.
2023-03-16 20:05:28,591 [Listener at 127.0.0.1/35091] INFO  net.NodeSchemaLoader (NodeSchemaLoader.java:loadSchemaFromFile(129)) - Loading schema from [jar:file:/home/runner/.m2/repository/org/apache/ozone/hdds-common/1.4.0-SNAPSHOT/hdds-common-1.4.0-SNAPSHOT.jar!/network-topology-default.xml]
2023-03-16 20:05:28,591 [Listener at 127.0.0.1/35091] INFO  net.NodeSchemaLoader (NodeSchemaLoader.java:loadSchema(176)) - Loading network topology layer schema file
2023-03-16 20:05:28,595 [Listener at 127.0.0.1/35091] INFO  upgrade.AbstractLayoutVersionManager (AbstractLayoutVersionManager.java:init(83)) - Initializing Layout version manager with metadata layout = DATANODE_SCHEMA_V3 (version = 4), software layout = DATANODE_SCHEMA_V3 (version = 4)
2023-03-16 20:05:28,658 [Listener at 127.0.0.1/35091] INFO  reflections.Reflections (Reflections.java:scan(232)) - Reflections took 62 ms to scan 7 urls, producing 155 keys and 368 values 
2023-03-16 20:05:28,660 [Listener at 127.0.0.1/35091] INFO  ha.SequenceIdGenerator (SequenceIdGenerator.java:upgradeToSequenceId(349)) - upgrade localId to 111677748019200000
2023-03-16 20:05:28,661 [Listener at 127.0.0.1/35091] INFO  ha.SequenceIdGenerator (SequenceIdGenerator.java:upgradeToSequenceId(359)) - upgrade delTxnId to 0
2023-03-16 20:05:28,661 [Listener at 127.0.0.1/35091] INFO  ha.SequenceIdGenerator (SequenceIdGenerator.java:upgradeToSequenceId(376)) - upgrade containerId to 0
2023-03-16 20:05:28,661 [Listener at 127.0.0.1/35091] INFO  ha.SequenceIdGenerator (SequenceIdGenerator.java:<init>(220)) - Init the HA SequenceIdGenerator.
2023-03-16 20:05:28,661 [Listener at 127.0.0.1/35091] WARN  server.ServerUtils (ServerUtils.java:sanitizeUserArgs(73)) - ozone.scm.stale.node.interval value = 300000 is larger than max = 100000 based on the key value of ozone.scm.heartbeat.thread.interval, reset to the max value 100000.
2023-03-16 20:05:28,662 [Listener at 127.0.0.1/35091] WARN  server.ServerUtils (ServerUtils.java:sanitizeUserArgs(73)) - ozone.scm.stale.node.interval value = 300000 is larger than max = 100000 based on the key value of ozone.scm.heartbeat.thread.interval, reset to the max value 100000.
2023-03-16 20:05:28,662 [Listener at 127.0.0.1/35091] INFO  node.SCMNodeManager (SCMNodeManager.java:<init>(156)) - Entering startup safe mode.
2023-03-16 20:05:28,663 [Listener at 127.0.0.1/35091] INFO  algorithms.ContainerPlacementPolicyFactory (ContainerPlacementPolicyFactory.java:getPolicyInternal(86)) - Create container placement policy of type org.apache.hadoop.hdds.scm.container.placement.algorithms.SCMContainerPlacementRandom
2023-03-16 20:05:28,663 [Listener at 127.0.0.1/35091] INFO  algorithms.ContainerPlacementPolicyFactory (ContainerPlacementPolicyFactory.java:getPolicyInternal(86)) - Create container placement policy of type org.apache.hadoop.hdds.scm.container.placement.algorithms.SCMContainerPlacementRackScatter
2023-03-16 20:05:28,663 [Listener at 127.0.0.1/35091] INFO  pipeline.PipelineStateManagerImpl (PipelineStateManagerImpl.java:initialize(78)) - No pipeline exists in current db
2023-03-16 20:05:28,663 [Listener at 127.0.0.1/35091] INFO  algorithms.LeaderChoosePolicyFactory (LeaderChoosePolicyFactory.java:getPolicy(57)) - Create leader choose policy of type org.apache.hadoop.hdds.scm.pipeline.leader.choose.algorithms.MinLeaderCountChoosePolicy
2023-03-16 20:05:28,664 [Listener at 127.0.0.1/35091] INFO  algorithms.ContainerPlacementPolicyFactory (ContainerPlacementPolicyFactory.java:getPolicyInternal(86)) - Create container placement policy of type org.apache.hadoop.hdds.scm.container.placement.algorithms.SCMContainerPlacementRackScatter
2023-03-16 20:05:28,665 [Listener at 127.0.0.1/35091] INFO  ha.SCMServiceManager (SCMServiceManager.java:register(42)) - Registering service BackgroundPipelineCreator.
2023-03-16 20:05:28,666 [Listener at 127.0.0.1/35091] INFO  pipeline.BackgroundPipelineCreator (BackgroundPipelineCreator.java:start(124)) - Starting RatisPipelineUtilsThread.
2023-03-16 20:05:28,666 [Listener at 127.0.0.1/35091] INFO  BackgroundPipelineScrubber (BackgroundSCMService.java:start(68)) - Starting BackgroundPipelineScrubber Service.
2023-03-16 20:05:28,666 [Listener at 127.0.0.1/35091] INFO  ha.SCMServiceManager (SCMServiceManager.java:register(42)) - Registering service BackgroundPipelineScrubber.
2023-03-16 20:05:28,667 [Listener at 127.0.0.1/35091] INFO  ExpiredContainerReplicaOpScrubber (BackgroundSCMService.java:start(68)) - Starting ExpiredContainerReplicaOpScrubber Service.
2023-03-16 20:05:28,667 [Listener at 127.0.0.1/35091] INFO  ha.SCMServiceManager (SCMServiceManager.java:register(42)) - Registering service ExpiredContainerReplicaOpScrubber.
2023-03-16 20:05:28,668 [Listener at 127.0.0.1/35091] INFO  algorithms.PipelineChoosePolicyFactory (PipelineChoosePolicyFactory.java:createPipelineChoosePolicyFromClass(73)) - Create pipeline choose policy of type org.apache.hadoop.hdds.scm.pipeline.choose.algorithms.RandomPipelineChoosePolicy
2023-03-16 20:05:28,669 [Listener at 127.0.0.1/35091] INFO  ha.SCMServiceManager (SCMServiceManager.java:register(42)) - Registering service SCMBlockDeletingService.
2023-03-16 20:05:28,669 [Listener at 127.0.0.1/35091] INFO  replication.ReplicationManager (ReplicationManager.java:start(271)) - Starting Replication Monitor Thread.
2023-03-16 20:05:28,670 [Listener at 127.0.0.1/35091] INFO  ha.SCMServiceManager (SCMServiceManager.java:register(42)) - Registering service ReplicationManager.
2023-03-16 20:05:28,671 [ReplicationMonitor] INFO  replication.ReplicationManager (ReplicationManager.java:processAll(346)) - Replication Manager is not ready to run until 3000ms after safemode exit
2023-03-16 20:05:28,671 [Listener at 127.0.0.1/35091] INFO  safemode.ContainerSafeModeRule (ContainerSafeModeRule.java:<init>(89)) - containers with one replica threshold count 0
2023-03-16 20:05:28,672 [Listener at 127.0.0.1/35091] INFO  safemode.HealthyPipelineSafeModeRule (HealthyPipelineSafeModeRule.java:initializeRule(169)) - Total pipeline count is 0, healthy pipeline threshold count is 1
2023-03-16 20:05:28,672 [Listener at 127.0.0.1/35091] INFO  safemode.OneReplicaPipelineSafeModeRule (OneReplicaPipelineSafeModeRule.java:initializeRule(180)) - Total pipeline count is 0, pipeline's with at least one datanode reported threshold count is 0
2023-03-16 20:05:28,673 [Listener at 127.0.0.1/35091] INFO  server.StorageContainerManager (StorageContainerManager.java:<init>(395)) - SCM start with adminUsers: [runner]
2023-03-16 20:05:28,673 [Listener at 127.0.0.1/35091] INFO  ipc.CallQueueManager (CallQueueManager.java:<init>(90)) - Using callQueue: class java.util.concurrent.LinkedBlockingQueue, queueCapacity: 2000, scheduler: class org.apache.hadoop.ipc.DefaultRpcScheduler, ipcBackoff: false.
2023-03-16 20:05:28,674 [Socket Reader #1 for port 0] INFO  ipc.Server (Server.java:run(1273)) - Starting Socket Reader #1 for port 0
2023-03-16 20:05:28,675 [Listener at 0.0.0.0/39383] INFO  ipc.CallQueueManager (CallQueueManager.java:<init>(90)) - Using callQueue: class java.util.concurrent.LinkedBlockingQueue, queueCapacity: 2000, scheduler: class org.apache.hadoop.ipc.DefaultRpcScheduler, ipcBackoff: false.
2023-03-16 20:05:28,678 [Socket Reader #1 for port 0] INFO  ipc.Server (Server.java:run(1273)) - Starting Socket Reader #1 for port 0
2023-03-16 20:05:28,679 [Listener at 0.0.0.0/46383] INFO  ipc.CallQueueManager (CallQueueManager.java:<init>(90)) - Using callQueue: class java.util.concurrent.LinkedBlockingQueue, queueCapacity: 2000, scheduler: class org.apache.hadoop.ipc.DefaultRpcScheduler, ipcBackoff: false.
2023-03-16 20:05:28,680 [Socket Reader #1 for port 0] INFO  ipc.Server (Server.java:run(1273)) - Starting Socket Reader #1 for port 0
2023-03-16 20:05:28,684 [Listener at 0.0.0.0/35241] INFO  ha.SCMServiceManager (SCMServiceManager.java:register(42)) - Registering service ContainerBalancer.
2023-03-16 20:05:28,684 [Listener at 0.0.0.0/35241] INFO  server.StorageContainerManager (StorageContainerManager.java:<init>(412)) - 
Container Balancer status:
Key                            Value
Running                        true
Container Balancer Configuration values:
Key                                                Value
Threshold                                          10
Max Datanodes to Involve per Iteration(percent)    20
Max Size to Move per Iteration                     500GB
Max Size Entering Target per Iteration             26GB
Max Size Leaving Source per Iteration              26GB

2023-03-16 20:05:28,685 [Listener at 0.0.0.0/35241] INFO  ha.SCMContext (SCMContext.java:updateSafeModeStatus(228)) - Update SafeModeStatus from SafeModeStatus{safeModeStatus=true, preCheckPassed=false} to SafeModeStatus{safeModeStatus=true, preCheckPassed=false}.
2023-03-16 20:05:28,685 [Listener at 0.0.0.0/35241] INFO  server.StorageContainerManager (StorageContainerManager.java:start(1442)) - StorageContainerLocationProtocol RPC server is listening at /0.0.0.0:35241
2023-03-16 20:05:28,687 [Listener at 0.0.0.0/35241] WARN  impl.MetricsConfig (MetricsConfig.java:loadFirst(136)) - Cannot locate configuration: tried hadoop-metrics2-storagecontainermanager.properties,hadoop-metrics2.properties
2023-03-16 20:05:28,688 [Listener at 0.0.0.0/35241] INFO  impl.MetricsSystemImpl (MetricsSystemImpl.java:startTimer(378)) - Scheduled Metric snapshot period at 10 second(s).
2023-03-16 20:05:28,694 [Listener at 0.0.0.0/35241] INFO  impl.MetricsSystemImpl (MetricsSystemImpl.java:start(191)) - StorageContainerManager metrics system started
2023-03-16 20:05:28,731 [Listener at 0.0.0.0/35241] INFO  impl.MetricsSinkAdapter (MetricsSinkAdapter.java:start(204)) - Sink prometheus started
2023-03-16 20:05:28,732 [Listener at 0.0.0.0/35241] INFO  impl.MetricsSystemImpl (MetricsSystemImpl.java:registerSink(305)) - Registered sink prometheus
2023-03-16 20:05:28,758 [Listener at 0.0.0.0/35241] INFO  server.SCMClientProtocolServer (SCMClientProtocolServer.java:start(194)) - RPC server for Client  is listening at /0.0.0.0:35241
2023-03-16 20:05:28,764 [IPC Server listener on 0] INFO  ipc.Server (Server.java:run(1352)) - IPC Server listener on 0: starting
2023-03-16 20:05:28,765 [IPC Server Responder] INFO  ipc.Server (Server.java:run(1512)) - IPC Server Responder: starting
2023-03-16 20:05:28,781 [Listener at 0.0.0.0/35241] INFO  server.StorageContainerManager (StorageContainerManager.java:start(1456)) - ScmBlockLocationProtocol RPC server is listening at /0.0.0.0:46383
2023-03-16 20:05:28,782 [Listener at 0.0.0.0/35241] INFO  server.SCMBlockProtocolServer (SCMBlockProtocolServer.java:start(152)) - RPC server for Block Protocol is listening at /0.0.0.0:46383
2023-03-16 20:05:28,783 [IPC Server listener on 0] INFO  ipc.Server (Server.java:run(1352)) - IPC Server listener on 0: starting
2023-03-16 20:05:28,790 [Listener at 0.0.0.0/35241] INFO  server.SCMDatanodeProtocolServer (SCMDatanodeProtocolServer.java:start(193)) - ScmDatanodeProtocol RPC server for DataNodes is listening at /0.0.0.0:39383
2023-03-16 20:05:28,791 [IPC Server Responder] INFO  ipc.Server (Server.java:run(1512)) - IPC Server Responder: starting
2023-03-16 20:05:28,791 [IPC Server listener on 0] INFO  ipc.Server (Server.java:run(1352)) - IPC Server listener on 0: starting
2023-03-16 20:05:28,803 [org.apache.hadoop.util.JvmPauseMonitor$Monitor@903646c] INFO  util.JvmPauseMonitor (JvmPauseMonitor.java:run(188)) - Starting JVM pause monitor
2023-03-16 20:05:28,805 [IPC Server Responder] INFO  ipc.Server (Server.java:run(1512)) - IPC Server Responder: starting
2023-03-16 20:05:28,806 [Listener at 0.0.0.0/35241] INFO  http.BaseHttpServer (BaseHttpServer.java:newHttpServer2BuilderForOzone(224)) - Starting Web-server for scm at: http://0.0.0.0:0
2023-03-16 20:05:28,806 [Listener at 0.0.0.0/35241] INFO  http.BaseHttpServer (BaseHttpServer.java:<init>(111)) - Hadoop Security Enabled: false Ozone Security Enabled: false Ozone HTTP Security Enabled: false 
2023-03-16 20:05:28,808 [Listener at 0.0.0.0/35241] WARN  server.AuthenticationFilter (AuthenticationFilter.java:constructSecretProvider(240)) - Unable to initialize FileSignerSecretProvider, falling back to use random secrets. Reason: Could not read signature secret file: /home/runner/hadoop-http-auth-signature-secret
2023-03-16 20:05:28,818 [Listener at 0.0.0.0/35241] WARN  http.HttpRequestLog (HttpRequestLog.java:getRequestLog(103)) - Jetty request log can only be enabled using Log4j
2023-03-16 20:05:28,821 [Listener at 0.0.0.0/35241] INFO  http.HttpServer2 (HttpServer2.java:addGlobalFilter(1031)) - Added global filter 'safety' (class=org.apache.hadoop.hdds.server.http.HttpServer2$QuotingInputFilter)
2023-03-16 20:05:28,822 [Listener at 0.0.0.0/35241] INFO  http.HttpServer2 (HttpServer2.java:addFilter(1007)) - Added filter static_user_filter (class=org.apache.hadoop.http.lib.StaticUserWebFilter$StaticUserFilter) to context scm
2023-03-16 20:05:28,822 [Listener at 0.0.0.0/35241] INFO  http.HttpServer2 (HttpServer2.java:addFilter(1015)) - Added filter static_user_filter (class=org.apache.hadoop.http.lib.StaticUserWebFilter$StaticUserFilter) to context logs
2023-03-16 20:05:28,822 [Listener at 0.0.0.0/35241] INFO  http.HttpServer2 (HttpServer2.java:addFilter(1015)) - Added filter static_user_filter (class=org.apache.hadoop.http.lib.StaticUserWebFilter$StaticUserFilter) to context static
2023-03-16 20:05:28,823 [Listener at 0.0.0.0/35241] INFO  http.BaseHttpServer (BaseHttpServer.java:<init>(190)) - HTTP server of scm uses base directory /home/runner/work/ozone/ozone/hadoop-ozone/integration-test/target/test-dir/MiniOzoneClusterImpl-c7341fe8-f2e3-4722-9e04-a1c7dbed4fc1/ozone-meta/webserver
2023-03-16 20:05:28,823 [Listener at 0.0.0.0/35241] INFO  http.HttpServer2 (HttpServer2.java:bindListener(1250)) - Jetty bound to port 36039
2023-03-16 20:05:28,823 [Listener at 0.0.0.0/35241] INFO  server.Server (Server.java:doStart(375)) - jetty-9.4.49.v20220914; built: 2022-09-14T01:07:36.601Z; git: 4231a3b2e4cb8548a412a789936d640a97b1aa0a; jvm 1.8.0_362-b09
2023-03-16 20:05:28,825 [Listener at 0.0.0.0/35241] INFO  server.session (DefaultSessionIdManager.java:doStart(334)) - DefaultSessionIdManager workerName=node0
2023-03-16 20:05:28,826 [Listener at 0.0.0.0/35241] INFO  server.session (DefaultSessionIdManager.java:doStart(339)) - No SessionScavenger set, using defaults
2023-03-16 20:05:28,826 [Listener at 0.0.0.0/35241] INFO  server.session (HouseKeeper.java:startScavenging(132)) - node0 Scavenging every 660000ms
2023-03-16 20:05:28,827 [Listener at 0.0.0.0/35241] INFO  handler.ContextHandler (ContextHandler.java:doStart(921)) - Started o.e.j.s.ServletContextHandler@15ea20e2{logs,/logs,file:///home/runner/work/ozone/ozone/hadoop-ozone/integration-test/target/log,AVAILABLE}
2023-03-16 20:05:28,827 [Listener at 0.0.0.0/35241] INFO  handler.ContextHandler (ContextHandler.java:doStart(921)) - Started o.e.j.s.ServletContextHandler@4df025dd{static,/static,file:///home/runner/work/ozone/ozone/hadoop-ozone/integration-test/target/test-classes/webapps/static,AVAILABLE}
2023-03-16 20:05:28,832 [Listener at 0.0.0.0/35241] INFO  handler.ContextHandler (ContextHandler.java:doStart(921)) - Started o.e.j.w.WebAppContext@7a47fe12{scm,/,file:///home/runner/work/ozone/ozone/hadoop-ozone/integration-test/target/test-classes/webapps/scm/,AVAILABLE}{file:/home/runner/work/ozone/ozone/hadoop-ozone/integration-test/target/test-classes/webapps/scm}
2023-03-16 20:05:28,833 [Listener at 0.0.0.0/35241] INFO  server.AbstractConnector (AbstractConnector.java:doStart(333)) - Started ServerConnector@606d6258{HTTP/1.1, (http/1.1)}{0.0.0.0:36039}
2023-03-16 20:05:28,833 [Listener at 0.0.0.0/35241] INFO  server.Server (Server.java:doStart(415)) - Started @106305ms
2023-03-16 20:05:28,834 [Listener at 0.0.0.0/35241] WARN  impl.MetricsSystemImpl (MetricsSystemImpl.java:register(279)) - Sink prometheus already exists!
2023-03-16 20:05:28,834 [Listener at 0.0.0.0/35241] INFO  http.BaseHttpServer (BaseHttpServer.java:updateConnectorAddress(344)) - HTTP server of scm listening at http://0.0.0.0:36039
2023-03-16 20:05:28,835 [Listener at 0.0.0.0/35241] WARN  server.ServerUtils (ServerUtils.java:getDBPath(225)) - ozone.om.db.dirs is not configured. We recommend adding this setting. Falling back to ozone.metadata.dirs instead.
2023-03-16 20:05:28,837 [Listener at 0.0.0.0/35241] INFO  ha.OMHANodeDetails (OMHANodeDetails.java:loadOMHAConfig(115)) - ozone.om.internal.service.id is not defined, falling back to ozone.om.service.ids to find serviceID for OzoneManager if it is HA enabled cluster
2023-03-16 20:05:28,837 [Listener at 0.0.0.0/35241] INFO  ha.OMHANodeDetails (OMHANodeDetails.java:loadOMHAConfig(226)) - Configuration does not have ozone.om.address set. Falling back to the default OM address /127.0.0.1:0
2023-03-16 20:05:28,838 [Listener at 0.0.0.0/35241] INFO  ha.OMHANodeDetails (OMHANodeDetails.java:getOMNodeDetailsForNonHA(254)) - OM Service ID is not set. Setting it to the default ID: omServiceIdDefault
2023-03-16 20:05:28,838 [Listener at 0.0.0.0/35241] INFO  ha.OMHANodeDetails (OMHANodeDetails.java:getOMNodeDetailsForNonHA(261)) - OM Node ID is not set. Setting it to the default ID: om1
2023-03-16 20:05:28,838 [Listener at 0.0.0.0/35241] WARN  server.ServerUtils (ServerUtils.java:getDBPath(225)) - ozone.om.db.dirs is not configured. We recommend adding this setting. Falling back to ozone.metadata.dirs instead.
2023-03-16 20:05:28,839 [Listener at 0.0.0.0/35241] INFO  upgrade.AbstractLayoutVersionManager (AbstractLayoutVersionManager.java:init(83)) - Initializing Layout version manager with metadata layout = MULTITENANCY_SCHEMA (version = 3), software layout = MULTITENANCY_SCHEMA (version = 3)
2023-03-16 20:05:28,932 [Listener at 0.0.0.0/35241] INFO  reflections.Reflections (Reflections.java:scan(232)) - Reflections took 91 ms to scan 2 urls, producing 167 keys and 463 values [using 2 cores]
2023-03-16 20:05:28,933 [Listener at 0.0.0.0/35241] INFO  upgrade.OMLayoutVersionManager (OMLayoutVersionManager.java:lambda$0(115)) - Skipping Upgrade Action MockOmUpgradeAction since it has been finalized.
2023-03-16 20:05:28,933 [Listener at 0.0.0.0/35241] WARN  server.ServerUtils (ServerUtils.java:getDBPath(225)) - ozone.om.db.dirs is not configured. We recommend adding this setting. Falling back to ozone.metadata.dirs instead.
2023-03-16 20:05:28,934 [Listener at 0.0.0.0/35241] INFO  proxy.SCMBlockLocationFailoverProxyProvider (SCMBlockLocationFailoverProxyProvider.java:<init>(114)) - Created block location fail-over proxy with 1 nodes: [nodeId=scmNodeId,nodeAddress=/0.0.0.0:46383]
2023-03-16 20:05:28,937 [Listener at 0.0.0.0/35241] INFO  proxy.SCMBlockLocationFailoverProxyProvider (SCMBlockLocationFailoverProxyProvider.java:<init>(114)) - Created block location fail-over proxy with 1 nodes: [nodeId=scmNodeId,nodeAddress=/0.0.0.0:46383]
2023-03-16 20:05:28,945 [Listener at 0.0.0.0/35241] INFO  om.OzoneManager (OzoneManager.java:<init>(620)) - OM start with adminUsers: [runner]
2023-03-16 20:05:28,946 [Listener at 0.0.0.0/35241] WARN  server.ServerUtils (ServerUtils.java:getDBPath(225)) - ozone.om.db.dirs is not configured. We recommend adding this setting. Falling back to ozone.metadata.dirs instead.
2023-03-16 20:05:28,947 [Listener at 0.0.0.0/35241] INFO  codec.OmKeyInfoCodec (OmKeyInfoCodec.java:<init>(49)) - OmKeyInfoCodec ignorePipeline = true
2023-03-16 20:05:28,947 [Listener at 0.0.0.0/35241] INFO  codec.RepeatedOmKeyInfoCodec (RepeatedOmKeyInfoCodec.java:<init>(41)) - RepeatedOmKeyInfoCodec ignorePipeline = true
2023-03-16 20:05:29,231 [Listener at 0.0.0.0/35241] INFO  om.OzoneManager (OzoneManager.java:instantiateServices(750)) - S3 Multi-Tenancy is disabled
2023-03-16 20:05:29,232 [Listener at 0.0.0.0/35241] WARN  server.ServerUtils (ServerUtils.java:getDBPath(225)) - ozone.om.snapshot.diff.db.dir is not configured. We recommend adding this setting. Falling back to ozone.metadata.dirs instead.
2023-03-16 20:05:29,262 [Listener at 0.0.0.0/35241] INFO  om.OzoneManager (OzoneManager.java:addS3GVolumeToDB(4228)) - Created Volume s3v With Owner runner required for S3Gateway operations.
2023-03-16 20:05:29,262 [Listener at 0.0.0.0/35241] INFO  om.OzoneManager (OzoneManager.java:getRpcServer(1134)) - Creating RPC Server
2023-03-16 20:05:29,356 [Finalizer] WARN  managed.ManagedRocksObjectUtils (ManagedRocksObjectUtils.java:assertClosed(54)) - ManagedColumnFamilyOptions is not closed properly
2023-03-16 20:05:29,357 [Finalizer] WARN  managed.ManagedRocksObjectUtils (ManagedRocksObjectUtils.java:assertClosed(54)) - RocksIterator is not closed properly
2023-03-16 20:05:29,764 [Listener at 0.0.0.0/35241] INFO  reflections.Reflections (Reflections.java:scan(232)) - Reflections took 496 ms to scan 19 urls, producing 68 keys and 4949 values [using 2 cores]
2023-03-16 20:05:29,767 [Listener at 0.0.0.0/35241] INFO  ipc.CallQueueManager (CallQueueManager.java:<init>(90)) - Using callQueue: class java.util.concurrent.LinkedBlockingQueue, queueCapacity: 2000, scheduler: class org.apache.hadoop.ipc.DefaultRpcScheduler, ipcBackoff: false.
2023-03-16 20:05:29,768 [Socket Reader #1 for port 0] INFO  ipc.Server (Server.java:run(1273)) - Starting Socket Reader #1 for port 0
2023-03-16 20:05:29,793 [Listener at 127.0.0.1/40321] INFO  impl.MetricsSystemImpl (MetricsSystemImpl.java:init(158)) - OzoneManager metrics system started (again)
2023-03-16 20:05:29,808 [Listener at 127.0.0.1/40321] INFO  om.OzoneManager (OzoneManager.java:start(1564)) - OzoneManager RPC server is listening at localhost/127.0.0.1:40321
2023-03-16 20:05:29,808 [Listener at 127.0.0.1/40321] INFO  om.OzoneManager (OzoneManager.java:start(1580)) - Version File has different layout version (3) than OM DB (null). That is expected if this OM has never been finalized to a newer layout version.
2023-03-16 20:05:29,815 [Listener at 127.0.0.1/40321] INFO  http.BaseHttpServer (BaseHttpServer.java:newHttpServer2BuilderForOzone(224)) - Starting Web-server for ozoneManager at: http://0.0.0.0:0
2023-03-16 20:05:29,816 [Listener at 127.0.0.1/40321] INFO  http.BaseHttpServer (BaseHttpServer.java:<init>(111)) - Hadoop Security Enabled: false Ozone Security Enabled: false Ozone HTTP Security Enabled: false 
2023-03-16 20:05:29,817 [Listener at 127.0.0.1/40321] WARN  server.AuthenticationFilter (AuthenticationFilter.java:constructSecretProvider(240)) - Unable to initialize FileSignerSecretProvider, falling back to use random secrets. Reason: Could not read signature secret file: /home/runner/hadoop-http-auth-signature-secret
2023-03-16 20:05:29,819 [Listener at 127.0.0.1/40321] WARN  http.HttpRequestLog (HttpRequestLog.java:getRequestLog(103)) - Jetty request log can only be enabled using Log4j
2023-03-16 20:05:29,824 [Listener at 127.0.0.1/40321] INFO  http.HttpServer2 (HttpServer2.java:addGlobalFilter(1031)) - Added global filter 'safety' (class=org.apache.hadoop.hdds.server.http.HttpServer2$QuotingInputFilter)
2023-03-16 20:05:29,825 [Listener at 127.0.0.1/40321] INFO  http.HttpServer2 (HttpServer2.java:addFilter(1007)) - Added filter static_user_filter (class=org.apache.hadoop.http.lib.StaticUserWebFilter$StaticUserFilter) to context ozoneManager
2023-03-16 20:05:29,825 [Listener at 127.0.0.1/40321] INFO  http.HttpServer2 (HttpServer2.java:addFilter(1015)) - Added filter static_user_filter (class=org.apache.hadoop.http.lib.StaticUserWebFilter$StaticUserFilter) to context logs
2023-03-16 20:05:29,826 [Listener at 127.0.0.1/40321] INFO  http.HttpServer2 (HttpServer2.java:addFilter(1015)) - Added filter static_user_filter (class=org.apache.hadoop.http.lib.StaticUserWebFilter$StaticUserFilter) to context static
2023-03-16 20:05:29,826 [Listener at 127.0.0.1/40321] INFO  http.BaseHttpServer (BaseHttpServer.java:<init>(190)) - HTTP server of ozoneManager uses base directory /home/runner/work/ozone/ozone/hadoop-ozone/integration-test/target/test-dir/MiniOzoneClusterImpl-c7341fe8-f2e3-4722-9e04-a1c7dbed4fc1/ozone-meta/webserver
2023-03-16 20:05:29,827 [Listener at 127.0.0.1/40321] INFO  http.HttpServer2 (HttpServer2.java:bindListener(1250)) - Jetty bound to port 42537
2023-03-16 20:05:29,827 [Listener at 127.0.0.1/40321] INFO  server.Server (Server.java:doStart(375)) - jetty-9.4.49.v20220914; built: 2022-09-14T01:07:36.601Z; git: 4231a3b2e4cb8548a412a789936d640a97b1aa0a; jvm 1.8.0_362-b09
2023-03-16 20:05:29,828 [Listener at 127.0.0.1/40321] INFO  server.session (DefaultSessionIdManager.java:doStart(334)) - DefaultSessionIdManager workerName=node0
2023-03-16 20:05:29,829 [Listener at 127.0.0.1/40321] INFO  server.session (DefaultSessionIdManager.java:doStart(339)) - No SessionScavenger set, using defaults
2023-03-16 20:05:29,829 [Listener at 127.0.0.1/40321] INFO  server.session (HouseKeeper.java:startScavenging(132)) - node0 Scavenging every 600000ms
2023-03-16 20:05:29,834 [Listener at 127.0.0.1/40321] INFO  handler.ContextHandler (ContextHandler.java:doStart(921)) - Started o.e.j.s.ServletContextHandler@33d9d098{logs,/logs,file:///home/runner/work/ozone/ozone/hadoop-ozone/integration-test/target/log,AVAILABLE}
2023-03-16 20:05:29,837 [Listener at 127.0.0.1/40321] INFO  handler.ContextHandler (ContextHandler.java:doStart(921)) - Started o.e.j.s.ServletContextHandler@5ac60f01{static,/static,file:///home/runner/work/ozone/ozone/hadoop-ozone/integration-test/target/test-classes/webapps/static,AVAILABLE}
2023-03-16 20:05:29,843 [Listener at 127.0.0.1/40321] INFO  handler.ContextHandler (ContextHandler.java:doStart(921)) - Started o.e.j.w.WebAppContext@71f72ffd{ozoneManager,/,file:///home/runner/work/ozone/ozone/hadoop-ozone/integration-test/target/test-classes/webapps/ozoneManager/,AVAILABLE}{file:/home/runner/work/ozone/ozone/hadoop-ozone/integration-test/target/test-classes/webapps/ozoneManager}
2023-03-16 20:05:29,844 [Listener at 127.0.0.1/40321] INFO  server.AbstractConnector (AbstractConnector.java:doStart(333)) - Started ServerConnector@32d5cbf2{HTTP/1.1, (http/1.1)}{0.0.0.0:42537}
2023-03-16 20:05:29,845 [Listener at 127.0.0.1/40321] INFO  server.Server (Server.java:doStart(415)) - Started @107316ms
2023-03-16 20:05:29,845 [Listener at 127.0.0.1/40321] WARN  impl.MetricsSystemImpl (MetricsSystemImpl.java:register(279)) - Sink prometheus already exists!
2023-03-16 20:05:29,846 [Listener at 127.0.0.1/40321] INFO  http.BaseHttpServer (BaseHttpServer.java:updateConnectorAddress(344)) - HTTP server of ozoneManager listening at http://0.0.0.0:42537
2023-03-16 20:05:29,849 [IPC Server Responder] INFO  ipc.Server (Server.java:run(1512)) - IPC Server Responder: starting
2023-03-16 20:05:29,849 [IPC Server listener on 0] INFO  ipc.Server (Server.java:run(1352)) - IPC Server listener on 0: starting
2023-03-16 20:05:29,852 [Listener at 127.0.0.1/40321] INFO  om.TrashPolicyOzone (TrashPolicyOzone.java:<init>(277)) - Ozone Manager trash configuration: Deletion interval = 0 minutes, Emptier interval = 0 minutes.
2023-03-16 20:05:29,866 [org.apache.hadoop.util.JvmPauseMonitor$Monitor@6b7b3d77] INFO  util.JvmPauseMonitor (JvmPauseMonitor.java:run(188)) - Starting JVM pause monitor
2023-03-16 20:05:29,895 [Listener at 127.0.0.1/40321] INFO  impl.MetricsSystemImpl (MetricsSystemImpl.java:init(158)) - HddsDatanode metrics system started (again)
2023-03-16 20:05:29,911 [Listener at 127.0.0.1/40321] INFO  ozone.HddsDatanodeService (HddsDatanodeService.java:start(249)) - HddsDatanodeService host:fv-az371-917 ip:10.1.0.41
2023-03-16 20:05:29,945 [Listener at 127.0.0.1/40321] INFO  upgrade.AbstractLayoutVersionManager (AbstractLayoutVersionManager.java:init(83)) - Initializing Layout version manager with metadata layout = DATANODE_SCHEMA_V3 (version = 4), software layout = DATANODE_SCHEMA_V3 (version = 4)
2023-03-16 20:05:30,006 [Listener at 127.0.0.1/40321] INFO  reflections.Reflections (Reflections.java:scan(232)) - Reflections took 58 ms to scan 7 urls, producing 155 keys and 368 values 
2023-03-16 20:05:30,007 [Listener at 127.0.0.1/40321] INFO  statemachine.DatanodeStateMachine (DatanodeStateMachine.java:getEndPointTaskThreadPoolSize(260)) - Datanode State Machine Task Thread Pool size 2
2023-03-16 20:05:30,009 [Listener at 127.0.0.1/40321] INFO  volume.HddsVolume (HddsVolume.java:<init>(130)) - Creating HddsVolume: /home/runner/work/ozone/ozone/hadoop-ozone/integration-test/target/test-dir/MiniOzoneClusterImpl-c7341fe8-f2e3-4722-9e04-a1c7dbed4fc1/datanode-0/data-0/containers/hdds of storage type : DISK capacity : 9223372036854775807
2023-03-16 20:05:30,010 [Listener at 127.0.0.1/40321] INFO  volume.MutableVolumeSet (MutableVolumeSet.java:initializeVolumeSet(174)) - Added Volume : /home/runner/work/ozone/ozone/hadoop-ozone/integration-test/target/test-dir/MiniOzoneClusterImpl-c7341fe8-f2e3-4722-9e04-a1c7dbed4fc1/datanode-0/data-0/containers/hdds to VolumeSet
2023-03-16 20:05:30,010 [Listener at 127.0.0.1/40321] INFO  volume.ThrottledAsyncChecker (ThrottledAsyncChecker.java:schedule(141)) - Scheduling a check for /home/runner/work/ozone/ozone/hadoop-ozone/integration-test/target/test-dir/MiniOzoneClusterImpl-c7341fe8-f2e3-4722-9e04-a1c7dbed4fc1/datanode-0/data-0/containers/hdds
2023-03-16 20:05:30,012 [Listener at 127.0.0.1/40321] INFO  volume.StorageVolumeChecker (StorageVolumeChecker.java:checkAllVolumes(202)) - Scheduled health check for volume /home/runner/work/ozone/ozone/hadoop-ozone/integration-test/target/test-dir/MiniOzoneClusterImpl-c7341fe8-f2e3-4722-9e04-a1c7dbed4fc1/datanode-0/data-0/containers/hdds
2023-03-16 20:05:30,028 [Listener at 127.0.0.1/40321] INFO  volume.MutableVolumeSet (MutableVolumeSet.java:initializeVolumeSet(174)) - Added Volume : /home/runner/work/ozone/ozone/hadoop-ozone/integration-test/target/test-dir/MiniOzoneClusterImpl-c7341fe8-f2e3-4722-9e04-a1c7dbed4fc1/datanode-0/data/ratis to VolumeSet
2023-03-16 20:05:30,029 [Listener at 127.0.0.1/40321] INFO  volume.ThrottledAsyncChecker (ThrottledAsyncChecker.java:schedule(141)) - Scheduling a check for /home/runner/work/ozone/ozone/hadoop-ozone/integration-test/target/test-dir/MiniOzoneClusterImpl-c7341fe8-f2e3-4722-9e04-a1c7dbed4fc1/datanode-0/data/ratis
2023-03-16 20:05:30,029 [Listener at 127.0.0.1/40321] INFO  volume.StorageVolumeChecker (StorageVolumeChecker.java:checkAllVolumes(202)) - Scheduled health check for volume /home/runner/work/ozone/ozone/hadoop-ozone/integration-test/target/test-dir/MiniOzoneClusterImpl-c7341fe8-f2e3-4722-9e04-a1c7dbed4fc1/datanode-0/data/ratis
2023-03-16 20:05:30,046 [Thread-620] INFO  ozoneimpl.ContainerReader (ContainerReader.java:readVolume(175)) - Finish verifying containers on volume /home/runner/work/ozone/ozone/hadoop-ozone/integration-test/target/test-dir/MiniOzoneClusterImpl-c7341fe8-f2e3-4722-9e04-a1c7dbed4fc1/datanode-0/data-0/containers/hdds
2023-03-16 20:05:30,046 [Listener at 127.0.0.1/40321] INFO  ozoneimpl.OzoneContainer (OzoneContainer.java:buildContainerSet(307)) - Build ContainerSet costs 0s
2023-03-16 20:05:30,053 [Listener at 127.0.0.1/40321] INFO  server.RaftServer (ConfUtils.java:logGet(46)) - raft.rpc.type = GRPC (default)
2023-03-16 20:05:30,054 [Listener at 127.0.0.1/40321] INFO  grpc.GrpcConfigKeys (ConfUtils.java:logFallback(53)) - raft.grpc.admin.host = null (fallback to raft.grpc.server.host)
2023-03-16 20:05:30,054 [Listener at 127.0.0.1/40321] INFO  grpc.GrpcConfigKeys (ConfUtils.java:logGet(46)) - raft.grpc.admin.port = 0 (custom)
2023-03-16 20:05:30,054 [Listener at 127.0.0.1/40321] INFO  grpc.GrpcConfigKeys (ConfUtils.java:logFallback(53)) - raft.grpc.client.host = null (fallback to raft.grpc.server.host)
2023-03-16 20:05:30,054 [Listener at 127.0.0.1/40321] INFO  grpc.GrpcConfigKeys (ConfUtils.java:logGet(46)) - raft.grpc.client.port = 0 (custom)
2023-03-16 20:05:30,054 [Listener at 127.0.0.1/40321] INFO  grpc.GrpcConfigKeys (ConfUtils.java:logGet(46)) - raft.grpc.server.host = null (default)
2023-03-16 20:05:30,054 [Listener at 127.0.0.1/40321] INFO  grpc.GrpcConfigKeys (ConfUtils.java:logGet(46)) - raft.grpc.server.port = 0 (default)
2023-03-16 20:05:30,055 [Listener at 127.0.0.1/40321] INFO  server.GrpcService (ConfUtils.java:logGet(46)) - raft.grpc.message.size.max = 32MB (=33554432) (custom)
2023-03-16 20:05:30,055 [Listener at 127.0.0.1/40321] INFO  server.RaftServerConfigKeys (ConfUtils.java:logGet(46)) - raft.server.log.appender.buffer.byte-limit = 33554432 (custom)
2023-03-16 20:05:30,055 [Listener at 127.0.0.1/40321] INFO  server.GrpcService (ConfUtils.java:logGet(46)) - raft.grpc.flow.control.window = 5MB (=5242880) (custom)
2023-03-16 20:05:30,055 [Listener at 127.0.0.1/40321] INFO  server.RaftServerConfigKeys (ConfUtils.java:logGet(46)) - raft.server.rpc.request.timeout = 60s (custom)
2023-03-16 20:05:30,055 [Listener at 127.0.0.1/40321] INFO  grpc.GrpcConfigKeys (ConfUtils.java:logGet(46)) - raft.grpc.server.heartbeat.channel = true (default)
2023-03-16 20:05:30,055 [Listener at 127.0.0.1/40321] INFO  grpc.GrpcConfigKeys (ConfUtils.java:logGet(46)) - raft.grpc.server.async.request.thread.pool.cached = true (default)
2023-03-16 20:05:30,055 [Listener at 127.0.0.1/40321] INFO  grpc.GrpcConfigKeys (ConfUtils.java:logGet(46)) - raft.grpc.server.async.request.thread.pool.size = 32 (default)
2023-03-16 20:05:30,060 [Listener at 127.0.0.1/40321] INFO  impl.DataStreamServerImpl (ConfUtils.java:logGet(46)) - raft.datastream.type = NETTY (custom)
2023-03-16 20:05:30,060 [Listener at 127.0.0.1/40321] INFO  server.RaftServerConfigKeys (ConfUtils.java:logGet(46)) - raft.server.data-stream.async.request.thread.pool.cached = false (default)
2023-03-16 20:05:30,060 [Listener at 127.0.0.1/40321] INFO  server.RaftServerConfigKeys (ConfUtils.java:logGet(46)) - raft.server.data-stream.async.request.thread.pool.size = 20 (custom)
2023-03-16 20:05:30,061 [Listener at 127.0.0.1/40321] INFO  server.RaftServerConfigKeys (ConfUtils.java:logGet(46)) - raft.server.data-stream.async.write.thread.pool.size = 16 (default)
2023-03-16 20:05:30,062 [Listener at 127.0.0.1/40321] INFO  server.RaftServerConfigKeys (ConfUtils.java:logGet(46)) - raft.server.data-stream.client.pool.size = 10 (default)
2023-03-16 20:05:30,062 [Listener at 127.0.0.1/40321] INFO  netty.NettyConfigKeys$DataStream (ConfUtils.java:logGet(46)) - raft.netty.dataStream.server.use-epoll = false (default)
2023-03-16 20:05:30,062 [Listener at 127.0.0.1/40321] INFO  netty.NettyConfigKeys$DataStream (ConfUtils.java:logGet(46)) - raft.netty.dataStream.server.boss-group.size = 0 (default)
2023-03-16 20:05:30,064 [Listener at 127.0.0.1/40321] INFO  netty.NettyConfigKeys$DataStream (ConfUtils.java:logGet(46)) - raft.netty.dataStream.server.worker-group.size = 0 (default)
2023-03-16 20:05:30,064 [Listener at 127.0.0.1/40321] INFO  netty.NettyConfigKeys$DataStream (ConfUtils.java:logGet(46)) - raft.netty.dataStream.server.tls.conf = null (default)
2023-03-16 20:05:30,064 [Listener at 127.0.0.1/40321] INFO  netty.NettyConfigKeys$DataStream (ConfUtils.java:logGet(46)) - raft.netty.dataStream.host = null (default)
2023-03-16 20:05:30,064 [Listener at 127.0.0.1/40321] INFO  netty.NettyConfigKeys$DataStream (ConfUtils.java:logGet(46)) - raft.netty.dataStream.port = 0 (default)
2023-03-16 20:05:30,065 [Listener at 127.0.0.1/40321] INFO  server.RaftServerConfigKeys (ConfUtils.java:logGet(46)) - raft.server.threadpool.proxy.cached = true (default)
2023-03-16 20:05:30,065 [Listener at 127.0.0.1/40321] INFO  server.RaftServerConfigKeys (ConfUtils.java:logGet(46)) - raft.server.threadpool.proxy.size = 0 (default)
2023-03-16 20:05:30,065 [Listener at 127.0.0.1/40321] INFO  server.RaftServerConfigKeys (ConfUtils.java:logGet(46)) - raft.server.rpc.slowness.timeout = 300s (custom)
2023-03-16 20:05:30,065 [Listener at 127.0.0.1/40321] INFO  server.RaftServerConfigKeys (ConfUtils.java:logGet(46)) - raft.server.leaderelection.leader.step-down.wait-time = 10s (default)
2023-03-16 20:05:30,066 [Listener at 127.0.0.1/40321] INFO  server.RaftServerConfigKeys (ConfUtils.java:logGet(46)) - raft.server.storage.dir = [/home/runner/work/ozone/ozone/hadoop-ozone/integration-test/target/test-dir/MiniOzoneClusterImpl-c7341fe8-f2e3-4722-9e04-a1c7dbed4fc1/datanode-0/data/ratis] (custom)
2023-03-16 20:05:30,071 [77c004ef-6c20-479a-84fb-1570edc7ba10-NettyServerStreamRpc-bossGroup--thread1] INFO  logging.LoggingHandler (AbstractInternalLogger.java:log(148)) - [id: 0x4894ccc5] REGISTERED
2023-03-16 20:05:30,071 [77c004ef-6c20-479a-84fb-1570edc7ba10-NettyServerStreamRpc-bossGroup--thread1] INFO  logging.LoggingHandler (AbstractInternalLogger.java:log(148)) - [id: 0x4894ccc5] BIND: 0.0.0.0/0.0.0.0:0
2023-03-16 20:05:30,071 [77c004ef-6c20-479a-84fb-1570edc7ba10-NettyServerStreamRpc-bossGroup--thread1] INFO  logging.LoggingHandler (AbstractInternalLogger.java:log(148)) - [id: 0x4894ccc5, L:/0:0:0:0:0:0:0:0:38139] ACTIVE
2023-03-16 20:05:30,079 [Listener at 127.0.0.1/40321] INFO  server.XceiverServerGrpc (XceiverServerGrpc.java:<init>(132)) - GrpcServer channel type EpollServerSocketChannel
2023-03-16 20:05:30,084 [Listener at 127.0.0.1/40321] INFO  http.BaseHttpServer (BaseHttpServer.java:newHttpServer2BuilderForOzone(224)) - Starting Web-server for hddsDatanode at: http://0.0.0.0:0
2023-03-16 20:05:30,084 [Listener at 127.0.0.1/40321] INFO  http.BaseHttpServer (BaseHttpServer.java:<init>(111)) - Hadoop Security Enabled: false Ozone Security Enabled: false Ozone HTTP Security Enabled: false 
2023-03-16 20:05:30,087 [Listener at 127.0.0.1/40321] WARN  server.AuthenticationFilter (AuthenticationFilter.java:constructSecretProvider(240)) - Unable to initialize FileSignerSecretProvider, falling back to use random secrets. Reason: Could not read signature secret file: /home/runner/hadoop-http-auth-signature-secret
2023-03-16 20:05:30,090 [Listener at 127.0.0.1/40321] WARN  http.HttpRequestLog (HttpRequestLog.java:getRequestLog(103)) - Jetty request log can only be enabled using Log4j
2023-03-16 20:05:30,092 [Listener at 127.0.0.1/40321] INFO  http.HttpServer2 (HttpServer2.java:addGlobalFilter(1031)) - Added global filter 'safety' (class=org.apache.hadoop.hdds.server.http.HttpServer2$QuotingInputFilter)
2023-03-16 20:05:30,093 [Listener at 127.0.0.1/40321] INFO  http.HttpServer2 (HttpServer2.java:addFilter(1007)) - Added filter static_user_filter (class=org.apache.hadoop.http.lib.StaticUserWebFilter$StaticUserFilter) to context hddsDatanode
2023-03-16 20:05:30,093 [Listener at 127.0.0.1/40321] INFO  http.HttpServer2 (HttpServer2.java:addFilter(1015)) - Added filter static_user_filter (class=org.apache.hadoop.http.lib.StaticUserWebFilter$StaticUserFilter) to context logs
2023-03-16 20:05:30,094 [Listener at 127.0.0.1/40321] INFO  http.HttpServer2 (HttpServer2.java:addFilter(1015)) - Added filter static_user_filter (class=org.apache.hadoop.http.lib.StaticUserWebFilter$StaticUserFilter) to context static
2023-03-16 20:05:30,096 [Listener at 127.0.0.1/40321] INFO  http.BaseHttpServer (BaseHttpServer.java:<init>(190)) - HTTP server of hddsDatanode uses base directory /home/runner/work/ozone/ozone/hadoop-ozone/integration-test/target/test-dir/MiniOzoneClusterImpl-c7341fe8-f2e3-4722-9e04-a1c7dbed4fc1/datanode-0/meta/webserver
2023-03-16 20:05:30,096 [Listener at 127.0.0.1/40321] INFO  http.HttpServer2 (HttpServer2.java:bindListener(1250)) - Jetty bound to port 35551
2023-03-16 20:05:30,096 [Listener at 127.0.0.1/40321] INFO  server.Server (Server.java:doStart(375)) - jetty-9.4.49.v20220914; built: 2022-09-14T01:07:36.601Z; git: 4231a3b2e4cb8548a412a789936d640a97b1aa0a; jvm 1.8.0_362-b09
2023-03-16 20:05:30,104 [Listener at 127.0.0.1/40321] INFO  server.session (DefaultSessionIdManager.java:doStart(334)) - DefaultSessionIdManager workerName=node0
2023-03-16 20:05:30,104 [Listener at 127.0.0.1/40321] INFO  server.session (DefaultSessionIdManager.java:doStart(339)) - No SessionScavenger set, using defaults
2023-03-16 20:05:30,104 [Listener at 127.0.0.1/40321] INFO  server.session (HouseKeeper.java:startScavenging(132)) - node0 Scavenging every 660000ms
2023-03-16 20:05:30,105 [Listener at 127.0.0.1/40321] INFO  handler.ContextHandler (ContextHandler.java:doStart(921)) - Started o.e.j.s.ServletContextHandler@44f6b9c5{logs,/logs,file:///home/runner/work/ozone/ozone/hadoop-ozone/integration-test/target/log,AVAILABLE}
2023-03-16 20:05:30,106 [Listener at 127.0.0.1/40321] INFO  handler.ContextHandler (ContextHandler.java:doStart(921)) - Started o.e.j.s.ServletContextHandler@128c36c0{static,/static,jar:file:/home/runner/.m2/repository/org/apache/ozone/hdds-container-service/1.4.0-SNAPSHOT/hdds-container-service-1.4.0-SNAPSHOT.jar!/webapps/static,AVAILABLE}
2023-03-16 20:05:30,355 [Listener at 127.0.0.1/40321] INFO  handler.ContextHandler (ContextHandler.java:doStart(921)) - Started o.e.j.w.WebAppContext@6ddbcdf6{hddsDatanode,/,file:///home/runner/work/ozone/ozone/hadoop-ozone/integration-test/target/test-dir/MiniOzoneClusterImpl-c7341fe8-f2e3-4722-9e04-a1c7dbed4fc1/datanode-0/meta/webserver/jetty-0_0_0_0-35551-hdds-container-service-1_4_0-SNAPSHOT_jar-_-any-8295341102726847732/webapp/,AVAILABLE}{jar:file:/home/runner/.m2/repository/org/apache/ozone/hdds-container-service/1.4.0-SNAPSHOT/hdds-container-service-1.4.0-SNAPSHOT.jar!/webapps/hddsDatanode}
2023-03-16 20:05:30,358 [Listener at 127.0.0.1/40321] INFO  server.AbstractConnector (AbstractConnector.java:doStart(333)) - Started ServerConnector@14ebd598{HTTP/1.1, (http/1.1)}{0.0.0.0:35551}
2023-03-16 20:05:30,358 [Listener at 127.0.0.1/40321] INFO  server.Server (Server.java:doStart(415)) - Started @107830ms
2023-03-16 20:05:30,359 [Listener at 127.0.0.1/40321] WARN  impl.MetricsSystemImpl (MetricsSystemImpl.java:register(279)) - Sink prometheus already exists!
2023-03-16 20:05:30,360 [Listener at 127.0.0.1/40321] INFO  http.BaseHttpServer (BaseHttpServer.java:updateConnectorAddress(344)) - HTTP server of hddsDatanode listening at http://0.0.0.0:35551
2023-03-16 20:05:30,361 [Listener at 127.0.0.1/40321] WARN  impl.MetricRegistriesImpl (MetricRegistriesImpl.java:addReporterRegistration(111)) - New reporters are added after registries were created. Some metrics will be missing from the reporter. Please add reporter before adding any new registry.
2023-03-16 20:05:30,361 [Listener at 127.0.0.1/40321] WARN  impl.MetricRegistriesImpl (MetricRegistriesImpl.java:addReporterRegistration(111)) - New reporters are added after registries were created. Some metrics will be missing from the reporter. Please add reporter before adding any new registry.
2023-03-16 20:05:30,361 [Datanode State Machine Daemon Thread] INFO  statemachine.DatanodeStateMachine (DatanodeStateMachine.java:lambda$startDaemon$0(517)) - Ozone container server started.
2023-03-16 20:05:30,361 [Listener at 127.0.0.1/40321] INFO  impl.MetricsSystemImpl (MetricsSystemImpl.java:init(158)) - HddsDatanode metrics system started (again)
2023-03-16 20:05:30,369 [org.apache.hadoop.util.JvmPauseMonitor$Monitor@185eeb33] INFO  util.JvmPauseMonitor (JvmPauseMonitor.java:run(188)) - Starting JVM pause monitor
2023-03-16 20:05:30,372 [Datanode State Machine Task Thread - 0] INFO  datanode.InitDatanodeState (InitDatanodeState.java:persistContainerDatanodeDetails(138)) - DatanodeDetails is persisted to /home/runner/work/ozone/ozone/hadoop-ozone/integration-test/target/test-dir/MiniOzoneClusterImpl-c7341fe8-f2e3-4722-9e04-a1c7dbed4fc1/datanode-0/meta/datanode.id
2023-03-16 20:05:30,379 [Listener at 127.0.0.1/40321] INFO  ozone.HddsDatanodeService (HddsDatanodeService.java:start(249)) - HddsDatanodeService host:fv-az371-917 ip:10.1.0.41
2023-03-16 20:05:30,409 [Listener at 127.0.0.1/40321] INFO  upgrade.AbstractLayoutVersionManager (AbstractLayoutVersionManager.java:init(83)) - Initializing Layout version manager with metadata layout = DATANODE_SCHEMA_V3 (version = 4), software layout = DATANODE_SCHEMA_V3 (version = 4)
2023-03-16 20:05:30,471 [Listener at 127.0.0.1/40321] INFO  reflections.Reflections (Reflections.java:scan(232)) - Reflections took 59 ms to scan 7 urls, producing 155 keys and 368 values 
2023-03-16 20:05:30,472 [Listener at 127.0.0.1/40321] INFO  statemachine.DatanodeStateMachine (DatanodeStateMachine.java:getEndPointTaskThreadPoolSize(260)) - Datanode State Machine Task Thread Pool size 2
2023-03-16 20:05:30,474 [Listener at 127.0.0.1/40321] INFO  volume.HddsVolume (HddsVolume.java:<init>(130)) - Creating HddsVolume: /home/runner/work/ozone/ozone/hadoop-ozone/integration-test/target/test-dir/MiniOzoneClusterImpl-c7341fe8-f2e3-4722-9e04-a1c7dbed4fc1/datanode-1/data-0/containers/hdds of storage type : DISK capacity : 9223372036854775807
2023-03-16 20:05:30,475 [Listener at 127.0.0.1/40321] INFO  volume.MutableVolumeSet (MutableVolumeSet.java:initializeVolumeSet(174)) - Added Volume : /home/runner/work/ozone/ozone/hadoop-ozone/integration-test/target/test-dir/MiniOzoneClusterImpl-c7341fe8-f2e3-4722-9e04-a1c7dbed4fc1/datanode-1/data-0/containers/hdds to VolumeSet
2023-03-16 20:05:30,475 [Listener at 127.0.0.1/40321] INFO  volume.ThrottledAsyncChecker (ThrottledAsyncChecker.java:schedule(141)) - Scheduling a check for /home/runner/work/ozone/ozone/hadoop-ozone/integration-test/target/test-dir/MiniOzoneClusterImpl-c7341fe8-f2e3-4722-9e04-a1c7dbed4fc1/datanode-1/data-0/containers/hdds
2023-03-16 20:05:30,478 [Listener at 127.0.0.1/40321] INFO  volume.StorageVolumeChecker (StorageVolumeChecker.java:checkAllVolumes(202)) - Scheduled health check for volume /home/runner/work/ozone/ozone/hadoop-ozone/integration-test/target/test-dir/MiniOzoneClusterImpl-c7341fe8-f2e3-4722-9e04-a1c7dbed4fc1/datanode-1/data-0/containers/hdds
2023-03-16 20:05:30,492 [Listener at 127.0.0.1/40321] INFO  volume.MutableVolumeSet (MutableVolumeSet.java:initializeVolumeSet(174)) - Added Volume : /home/runner/work/ozone/ozone/hadoop-ozone/integration-test/target/test-dir/MiniOzoneClusterImpl-c7341fe8-f2e3-4722-9e04-a1c7dbed4fc1/datanode-1/data/ratis to VolumeSet
2023-03-16 20:05:30,493 [Listener at 127.0.0.1/40321] INFO  volume.ThrottledAsyncChecker (ThrottledAsyncChecker.java:schedule(141)) - Scheduling a check for /home/runner/work/ozone/ozone/hadoop-ozone/integration-test/target/test-dir/MiniOzoneClusterImpl-c7341fe8-f2e3-4722-9e04-a1c7dbed4fc1/datanode-1/data/ratis
2023-03-16 20:05:30,494 [Listener at 127.0.0.1/40321] INFO  volume.StorageVolumeChecker (StorageVolumeChecker.java:checkAllVolumes(202)) - Scheduled health check for volume /home/runner/work/ozone/ozone/hadoop-ozone/integration-test/target/test-dir/MiniOzoneClusterImpl-c7341fe8-f2e3-4722-9e04-a1c7dbed4fc1/datanode-1/data/ratis
2023-03-16 20:05:30,511 [Thread-634] INFO  ozoneimpl.ContainerReader (ContainerReader.java:readVolume(175)) - Finish verifying containers on volume /home/runner/work/ozone/ozone/hadoop-ozone/integration-test/target/test-dir/MiniOzoneClusterImpl-c7341fe8-f2e3-4722-9e04-a1c7dbed4fc1/datanode-1/data-0/containers/hdds
2023-03-16 20:05:30,512 [Listener at 127.0.0.1/40321] INFO  ozoneimpl.OzoneContainer (OzoneContainer.java:buildContainerSet(307)) - Build ContainerSet costs 0s
2023-03-16 20:05:30,515 [Listener at 127.0.0.1/40321] INFO  server.RaftServer (ConfUtils.java:logGet(46)) - raft.rpc.type = GRPC (default)
2023-03-16 20:05:30,516 [Listener at 127.0.0.1/40321] INFO  grpc.GrpcConfigKeys (ConfUtils.java:logFallback(53)) - raft.grpc.admin.host = null (fallback to raft.grpc.server.host)
2023-03-16 20:05:30,516 [Listener at 127.0.0.1/40321] INFO  grpc.GrpcConfigKeys (ConfUtils.java:logGet(46)) - raft.grpc.admin.port = 0 (custom)
2023-03-16 20:05:30,516 [Listener at 127.0.0.1/40321] INFO  grpc.GrpcConfigKeys (ConfUtils.java:logFallback(53)) - raft.grpc.client.host = null (fallback to raft.grpc.server.host)
2023-03-16 20:05:30,516 [Listener at 127.0.0.1/40321] INFO  grpc.GrpcConfigKeys (ConfUtils.java:logGet(46)) - raft.grpc.client.port = 0 (custom)
2023-03-16 20:05:30,516 [Listener at 127.0.0.1/40321] INFO  grpc.GrpcConfigKeys (ConfUtils.java:logGet(46)) - raft.grpc.server.host = null (default)
2023-03-16 20:05:30,516 [Listener at 127.0.0.1/40321] INFO  grpc.GrpcConfigKeys (ConfUtils.java:logGet(46)) - raft.grpc.server.port = 0 (default)
2023-03-16 20:05:30,517 [Listener at 127.0.0.1/40321] INFO  server.GrpcService (ConfUtils.java:logGet(46)) - raft.grpc.message.size.max = 32MB (=33554432) (custom)
2023-03-16 20:05:30,517 [Listener at 127.0.0.1/40321] INFO  server.RaftServerConfigKeys (ConfUtils.java:logGet(46)) - raft.server.log.appender.buffer.byte-limit = 33554432 (custom)
2023-03-16 20:05:30,517 [Listener at 127.0.0.1/40321] INFO  server.GrpcService (ConfUtils.java:logGet(46)) - raft.grpc.flow.control.window = 5MB (=5242880) (custom)
2023-03-16 20:05:30,518 [Listener at 127.0.0.1/40321] INFO  server.RaftServerConfigKeys (ConfUtils.java:logGet(46)) - raft.server.rpc.request.timeout = 60s (custom)
2023-03-16 20:05:30,518 [Listener at 127.0.0.1/40321] INFO  grpc.GrpcConfigKeys (ConfUtils.java:logGet(46)) - raft.grpc.server.heartbeat.channel = true (default)
2023-03-16 20:05:30,518 [Listener at 127.0.0.1/40321] INFO  grpc.GrpcConfigKeys (ConfUtils.java:logGet(46)) - raft.grpc.server.async.request.thread.pool.cached = true (default)
2023-03-16 20:05:30,519 [Listener at 127.0.0.1/40321] INFO  grpc.GrpcConfigKeys (ConfUtils.java:logGet(46)) - raft.grpc.server.async.request.thread.pool.size = 32 (default)
2023-03-16 20:05:30,521 [Listener at 127.0.0.1/40321] INFO  impl.DataStreamServerImpl (ConfUtils.java:logGet(46)) - raft.datastream.type = NETTY (custom)
2023-03-16 20:05:30,521 [Listener at 127.0.0.1/40321] INFO  server.RaftServerConfigKeys (ConfUtils.java:logGet(46)) - raft.server.data-stream.async.request.thread.pool.cached = false (default)
2023-03-16 20:05:30,522 [Listener at 127.0.0.1/40321] INFO  server.RaftServerConfigKeys (ConfUtils.java:logGet(46)) - raft.server.data-stream.async.request.thread.pool.size = 20 (custom)
2023-03-16 20:05:30,522 [Listener at 127.0.0.1/40321] INFO  server.RaftServerConfigKeys (ConfUtils.java:logGet(46)) - raft.server.data-stream.async.write.thread.pool.size = 16 (default)
2023-03-16 20:05:30,522 [Listener at 127.0.0.1/40321] INFO  server.RaftServerConfigKeys (ConfUtils.java:logGet(46)) - raft.server.data-stream.client.pool.size = 10 (default)
2023-03-16 20:05:30,522 [Listener at 127.0.0.1/40321] INFO  netty.NettyConfigKeys$DataStream (ConfUtils.java:logGet(46)) - raft.netty.dataStream.server.use-epoll = false (default)
2023-03-16 20:05:30,522 [Listener at 127.0.0.1/40321] INFO  netty.NettyConfigKeys$DataStream (ConfUtils.java:logGet(46)) - raft.netty.dataStream.server.boss-group.size = 0 (default)
2023-03-16 20:05:30,523 [Listener at 127.0.0.1/40321] INFO  netty.NettyConfigKeys$DataStream (ConfUtils.java:logGet(46)) - raft.netty.dataStream.server.worker-group.size = 0 (default)
2023-03-16 20:05:30,523 [Listener at 127.0.0.1/40321] INFO  netty.NettyConfigKeys$DataStream (ConfUtils.java:logGet(46)) - raft.netty.dataStream.server.tls.conf = null (default)
2023-03-16 20:05:30,524 [Listener at 127.0.0.1/40321] INFO  netty.NettyConfigKeys$DataStream (ConfUtils.java:logGet(46)) - raft.netty.dataStream.host = null (default)
2023-03-16 20:05:30,524 [Listener at 127.0.0.1/40321] INFO  netty.NettyConfigKeys$DataStream (ConfUtils.java:logGet(46)) - raft.netty.dataStream.port = 0 (default)
2023-03-16 20:05:30,525 [Listener at 127.0.0.1/40321] INFO  server.RaftServerConfigKeys (ConfUtils.java:logGet(46)) - raft.server.threadpool.proxy.cached = true (default)
2023-03-16 20:05:30,525 [Listener at 127.0.0.1/40321] INFO  server.RaftServerConfigKeys (ConfUtils.java:logGet(46)) - raft.server.threadpool.proxy.size = 0 (default)
2023-03-16 20:05:30,525 [Listener at 127.0.0.1/40321] INFO  server.RaftServerConfigKeys (ConfUtils.java:logGet(46)) - raft.server.rpc.slowness.timeout = 300s (custom)
2023-03-16 20:05:30,525 [Listener at 127.0.0.1/40321] INFO  server.RaftServerConfigKeys (ConfUtils.java:logGet(46)) - raft.server.leaderelection.leader.step-down.wait-time = 10s (default)
2023-03-16 20:05:30,525 [Listener at 127.0.0.1/40321] INFO  server.RaftServerConfigKeys (ConfUtils.java:logGet(46)) - raft.server.storage.dir = [/home/runner/work/ozone/ozone/hadoop-ozone/integration-test/target/test-dir/MiniOzoneClusterImpl-c7341fe8-f2e3-4722-9e04-a1c7dbed4fc1/datanode-1/data/ratis] (custom)
2023-03-16 20:05:30,527 [c4e89383-110e-4923-8697-fad4fff4e184-NettyServerStreamRpc-bossGroup--thread1] INFO  logging.LoggingHandler (AbstractInternalLogger.java:log(148)) - [id: 0xed7eda99] REGISTERED
2023-03-16 20:05:30,527 [c4e89383-110e-4923-8697-fad4fff4e184-NettyServerStreamRpc-bossGroup--thread1] INFO  logging.LoggingHandler (AbstractInternalLogger.java:log(148)) - [id: 0xed7eda99] BIND: 0.0.0.0/0.0.0.0:0
2023-03-16 20:05:30,528 [c4e89383-110e-4923-8697-fad4fff4e184-NettyServerStreamRpc-bossGroup--thread1] INFO  logging.LoggingHandler (AbstractInternalLogger.java:log(148)) - [id: 0xed7eda99, L:/0:0:0:0:0:0:0:0:45915] ACTIVE
2023-03-16 20:05:30,528 [Listener at 127.0.0.1/40321] INFO  server.XceiverServerGrpc (XceiverServerGrpc.java:<init>(132)) - GrpcServer channel type EpollServerSocketChannel
2023-03-16 20:05:30,532 [Listener at 127.0.0.1/40321] INFO  http.BaseHttpServer (BaseHttpServer.java:newHttpServer2BuilderForOzone(224)) - Starting Web-server for hddsDatanode at: http://0.0.0.0:0
2023-03-16 20:05:30,532 [Listener at 127.0.0.1/40321] INFO  http.BaseHttpServer (BaseHttpServer.java:<init>(111)) - Hadoop Security Enabled: false Ozone Security Enabled: false Ozone HTTP Security Enabled: false 
2023-03-16 20:05:30,534 [Listener at 127.0.0.1/40321] WARN  server.AuthenticationFilter (AuthenticationFilter.java:constructSecretProvider(240)) - Unable to initialize FileSignerSecretProvider, falling back to use random secrets. Reason: Could not read signature secret file: /home/runner/hadoop-http-auth-signature-secret
2023-03-16 20:05:30,534 [Listener at 127.0.0.1/40321] WARN  http.HttpRequestLog (HttpRequestLog.java:getRequestLog(103)) - Jetty request log can only be enabled using Log4j
2023-03-16 20:05:30,536 [Listener at 127.0.0.1/40321] INFO  http.HttpServer2 (HttpServer2.java:addGlobalFilter(1031)) - Added global filter 'safety' (class=org.apache.hadoop.hdds.server.http.HttpServer2$QuotingInputFilter)
2023-03-16 20:05:30,536 [Listener at 127.0.0.1/40321] INFO  http.HttpServer2 (HttpServer2.java:addFilter(1007)) - Added filter static_user_filter (class=org.apache.hadoop.http.lib.StaticUserWebFilter$StaticUserFilter) to context hddsDatanode
2023-03-16 20:05:30,536 [Listener at 127.0.0.1/40321] INFO  http.HttpServer2 (HttpServer2.java:addFilter(1015)) - Added filter static_user_filter (class=org.apache.hadoop.http.lib.StaticUserWebFilter$StaticUserFilter) to context logs
2023-03-16 20:05:30,536 [Listener at 127.0.0.1/40321] INFO  http.HttpServer2 (HttpServer2.java:addFilter(1015)) - Added filter static_user_filter (class=org.apache.hadoop.http.lib.StaticUserWebFilter$StaticUserFilter) to context static
2023-03-16 20:05:30,537 [Listener at 127.0.0.1/40321] INFO  http.BaseHttpServer (BaseHttpServer.java:<init>(190)) - HTTP server of hddsDatanode uses base directory /home/runner/work/ozone/ozone/hadoop-ozone/integration-test/target/test-dir/MiniOzoneClusterImpl-c7341fe8-f2e3-4722-9e04-a1c7dbed4fc1/datanode-1/meta/webserver
2023-03-16 20:05:30,538 [Listener at 127.0.0.1/40321] INFO  http.HttpServer2 (HttpServer2.java:bindListener(1250)) - Jetty bound to port 34979
2023-03-16 20:05:30,538 [Listener at 127.0.0.1/40321] INFO  server.Server (Server.java:doStart(375)) - jetty-9.4.49.v20220914; built: 2022-09-14T01:07:36.601Z; git: 4231a3b2e4cb8548a412a789936d640a97b1aa0a; jvm 1.8.0_362-b09
2023-03-16 20:05:30,539 [Listener at 127.0.0.1/40321] INFO  server.session (DefaultSessionIdManager.java:doStart(334)) - DefaultSessionIdManager workerName=node0
2023-03-16 20:05:30,539 [Listener at 127.0.0.1/40321] INFO  server.session (DefaultSessionIdManager.java:doStart(339)) - No SessionScavenger set, using defaults
2023-03-16 20:05:30,539 [Listener at 127.0.0.1/40321] INFO  server.session (HouseKeeper.java:startScavenging(132)) - node0 Scavenging every 600000ms
2023-03-16 20:05:30,540 [Listener at 127.0.0.1/40321] INFO  handler.ContextHandler (ContextHandler.java:doStart(921)) - Started o.e.j.s.ServletContextHandler@bf6f001{logs,/logs,file:///home/runner/work/ozone/ozone/hadoop-ozone/integration-test/target/log,AVAILABLE}
2023-03-16 20:05:30,541 [Listener at 127.0.0.1/40321] INFO  handler.ContextHandler (ContextHandler.java:doStart(921)) - Started o.e.j.s.ServletContextHandler@1e6d5efa{static,/static,jar:file:/home/runner/.m2/repository/org/apache/ozone/hdds-container-service/1.4.0-SNAPSHOT/hdds-container-service-1.4.0-SNAPSHOT.jar!/webapps/static,AVAILABLE}
2023-03-16 20:05:30,794 [Listener at 127.0.0.1/40321] INFO  handler.ContextHandler (ContextHandler.java:doStart(921)) - Started o.e.j.w.WebAppContext@1563b6d3{hddsDatanode,/,file:///home/runner/work/ozone/ozone/hadoop-ozone/integration-test/target/test-dir/MiniOzoneClusterImpl-c7341fe8-f2e3-4722-9e04-a1c7dbed4fc1/datanode-1/meta/webserver/jetty-0_0_0_0-34979-hdds-container-service-1_4_0-SNAPSHOT_jar-_-any-1371952262914389827/webapp/,AVAILABLE}{jar:file:/home/runner/.m2/repository/org/apache/ozone/hdds-container-service/1.4.0-SNAPSHOT/hdds-container-service-1.4.0-SNAPSHOT.jar!/webapps/hddsDatanode}
2023-03-16 20:05:30,796 [Listener at 127.0.0.1/40321] INFO  server.AbstractConnector (AbstractConnector.java:doStart(333)) - Started ServerConnector@5af7b9c5{HTTP/1.1, (http/1.1)}{0.0.0.0:34979}
2023-03-16 20:05:30,797 [Listener at 127.0.0.1/40321] INFO  server.Server (Server.java:doStart(415)) - Started @108268ms
2023-03-16 20:05:30,797 [Listener at 127.0.0.1/40321] WARN  impl.MetricsSystemImpl (MetricsSystemImpl.java:register(279)) - Sink prometheus already exists!
2023-03-16 20:05:30,798 [Listener at 127.0.0.1/40321] INFO  http.BaseHttpServer (BaseHttpServer.java:updateConnectorAddress(344)) - HTTP server of hddsDatanode listening at http://0.0.0.0:34979
2023-03-16 20:05:30,802 [Listener at 127.0.0.1/40321] WARN  impl.MetricRegistriesImpl (MetricRegistriesImpl.java:addReporterRegistration(111)) - New reporters are added after registries were created. Some metrics will be missing from the reporter. Please add reporter before adding any new registry.
2023-03-16 20:05:30,803 [Listener at 127.0.0.1/40321] WARN  impl.MetricRegistriesImpl (MetricRegistriesImpl.java:addReporterRegistration(111)) - New reporters are added after registries were created. Some metrics will be missing from the reporter. Please add reporter before adding any new registry.
2023-03-16 20:05:30,803 [Listener at 127.0.0.1/40321] INFO  impl.MetricsSystemImpl (MetricsSystemImpl.java:init(158)) - HddsDatanode metrics system started (again)
2023-03-16 20:05:30,804 [Datanode State Machine Daemon Thread] INFO  statemachine.DatanodeStateMachine (DatanodeStateMachine.java:lambda$startDaemon$0(517)) - Ozone container server started.
2023-03-16 20:05:30,818 [org.apache.hadoop.util.JvmPauseMonitor$Monitor@58e06b2f] INFO  util.JvmPauseMonitor (JvmPauseMonitor.java:run(188)) - Starting JVM pause monitor
2023-03-16 20:05:30,821 [Listener at 127.0.0.1/40321] INFO  ozone.HddsDatanodeService (HddsDatanodeService.java:start(249)) - HddsDatanodeService host:fv-az371-917 ip:10.1.0.41
2023-03-16 20:05:30,829 [Datanode State Machine Task Thread - 0] INFO  datanode.InitDatanodeState (InitDatanodeState.java:persistContainerDatanodeDetails(138)) - DatanodeDetails is persisted to /home/runner/work/ozone/ozone/hadoop-ozone/integration-test/target/test-dir/MiniOzoneClusterImpl-c7341fe8-f2e3-4722-9e04-a1c7dbed4fc1/datanode-1/meta/datanode.id
2023-03-16 20:05:30,856 [Listener at 127.0.0.1/40321] INFO  upgrade.AbstractLayoutVersionManager (AbstractLayoutVersionManager.java:init(83)) - Initializing Layout version manager with metadata layout = DATANODE_SCHEMA_V3 (version = 4), software layout = DATANODE_SCHEMA_V3 (version = 4)
2023-03-16 20:05:30,920 [Listener at 127.0.0.1/40321] INFO  reflections.Reflections (Reflections.java:scan(232)) - Reflections took 58 ms to scan 7 urls, producing 155 keys and 368 values 
2023-03-16 20:05:30,922 [Listener at 127.0.0.1/40321] INFO  statemachine.DatanodeStateMachine (DatanodeStateMachine.java:getEndPointTaskThreadPoolSize(260)) - Datanode State Machine Task Thread Pool size 2
2023-03-16 20:05:30,925 [Listener at 127.0.0.1/40321] INFO  volume.HddsVolume (HddsVolume.java:<init>(130)) - Creating HddsVolume: /home/runner/work/ozone/ozone/hadoop-ozone/integration-test/target/test-dir/MiniOzoneClusterImpl-c7341fe8-f2e3-4722-9e04-a1c7dbed4fc1/datanode-2/data-0/containers/hdds of storage type : DISK capacity : 9223372036854775807
2023-03-16 20:05:30,925 [Listener at 127.0.0.1/40321] INFO  volume.MutableVolumeSet (MutableVolumeSet.java:initializeVolumeSet(174)) - Added Volume : /home/runner/work/ozone/ozone/hadoop-ozone/integration-test/target/test-dir/MiniOzoneClusterImpl-c7341fe8-f2e3-4722-9e04-a1c7dbed4fc1/datanode-2/data-0/containers/hdds to VolumeSet
2023-03-16 20:05:30,925 [Listener at 127.0.0.1/40321] INFO  volume.ThrottledAsyncChecker (ThrottledAsyncChecker.java:schedule(141)) - Scheduling a check for /home/runner/work/ozone/ozone/hadoop-ozone/integration-test/target/test-dir/MiniOzoneClusterImpl-c7341fe8-f2e3-4722-9e04-a1c7dbed4fc1/datanode-2/data-0/containers/hdds
2023-03-16 20:05:30,929 [Listener at 127.0.0.1/40321] INFO  volume.StorageVolumeChecker (StorageVolumeChecker.java:checkAllVolumes(202)) - Scheduled health check for volume /home/runner/work/ozone/ozone/hadoop-ozone/integration-test/target/test-dir/MiniOzoneClusterImpl-c7341fe8-f2e3-4722-9e04-a1c7dbed4fc1/datanode-2/data-0/containers/hdds
2023-03-16 20:05:30,944 [Listener at 127.0.0.1/40321] INFO  volume.MutableVolumeSet (MutableVolumeSet.java:initializeVolumeSet(174)) - Added Volume : /home/runner/work/ozone/ozone/hadoop-ozone/integration-test/target/test-dir/MiniOzoneClusterImpl-c7341fe8-f2e3-4722-9e04-a1c7dbed4fc1/datanode-2/data/ratis to VolumeSet
2023-03-16 20:05:30,945 [Listener at 127.0.0.1/40321] INFO  volume.ThrottledAsyncChecker (ThrottledAsyncChecker.java:schedule(141)) - Scheduling a check for /home/runner/work/ozone/ozone/hadoop-ozone/integration-test/target/test-dir/MiniOzoneClusterImpl-c7341fe8-f2e3-4722-9e04-a1c7dbed4fc1/datanode-2/data/ratis
2023-03-16 20:05:30,945 [Listener at 127.0.0.1/40321] INFO  volume.StorageVolumeChecker (StorageVolumeChecker.java:checkAllVolumes(202)) - Scheduled health check for volume /home/runner/work/ozone/ozone/hadoop-ozone/integration-test/target/test-dir/MiniOzoneClusterImpl-c7341fe8-f2e3-4722-9e04-a1c7dbed4fc1/datanode-2/data/ratis
2023-03-16 20:05:30,959 [Thread-648] INFO  ozoneimpl.ContainerReader (ContainerReader.java:readVolume(175)) - Finish verifying containers on volume /home/runner/work/ozone/ozone/hadoop-ozone/integration-test/target/test-dir/MiniOzoneClusterImpl-c7341fe8-f2e3-4722-9e04-a1c7dbed4fc1/datanode-2/data-0/containers/hdds
2023-03-16 20:05:30,959 [Listener at 127.0.0.1/40321] INFO  ozoneimpl.OzoneContainer (OzoneContainer.java:buildContainerSet(307)) - Build ContainerSet costs 0s
2023-03-16 20:05:30,962 [Listener at 127.0.0.1/40321] INFO  server.RaftServer (ConfUtils.java:logGet(46)) - raft.rpc.type = GRPC (default)
2023-03-16 20:05:30,963 [Listener at 127.0.0.1/40321] INFO  grpc.GrpcConfigKeys (ConfUtils.java:logFallback(53)) - raft.grpc.admin.host = null (fallback to raft.grpc.server.host)
2023-03-16 20:05:30,963 [Listener at 127.0.0.1/40321] INFO  grpc.GrpcConfigKeys (ConfUtils.java:logGet(46)) - raft.grpc.admin.port = 0 (custom)
2023-03-16 20:05:30,963 [Listener at 127.0.0.1/40321] INFO  grpc.GrpcConfigKeys (ConfUtils.java:logFallback(53)) - raft.grpc.client.host = null (fallback to raft.grpc.server.host)
2023-03-16 20:05:30,963 [Listener at 127.0.0.1/40321] INFO  grpc.GrpcConfigKeys (ConfUtils.java:logGet(46)) - raft.grpc.client.port = 0 (custom)
2023-03-16 20:05:30,964 [Listener at 127.0.0.1/40321] INFO  grpc.GrpcConfigKeys (ConfUtils.java:logGet(46)) - raft.grpc.server.host = null (default)
2023-03-16 20:05:30,964 [Listener at 127.0.0.1/40321] INFO  grpc.GrpcConfigKeys (ConfUtils.java:logGet(46)) - raft.grpc.server.port = 0 (default)
2023-03-16 20:05:30,964 [Listener at 127.0.0.1/40321] INFO  server.GrpcService (ConfUtils.java:logGet(46)) - raft.grpc.message.size.max = 32MB (=33554432) (custom)
2023-03-16 20:05:30,964 [Listener at 127.0.0.1/40321] INFO  server.RaftServerConfigKeys (ConfUtils.java:logGet(46)) - raft.server.log.appender.buffer.byte-limit = 33554432 (custom)
2023-03-16 20:05:30,965 [Listener at 127.0.0.1/40321] INFO  server.GrpcService (ConfUtils.java:logGet(46)) - raft.grpc.flow.control.window = 5MB (=5242880) (custom)
2023-03-16 20:05:30,965 [Listener at 127.0.0.1/40321] INFO  server.RaftServerConfigKeys (ConfUtils.java:logGet(46)) - raft.server.rpc.request.timeout = 60s (custom)
2023-03-16 20:05:30,965 [Listener at 127.0.0.1/40321] INFO  grpc.GrpcConfigKeys (ConfUtils.java:logGet(46)) - raft.grpc.server.heartbeat.channel = true (default)
2023-03-16 20:05:30,965 [Listener at 127.0.0.1/40321] INFO  grpc.GrpcConfigKeys (ConfUtils.java:logGet(46)) - raft.grpc.server.async.request.thread.pool.cached = true (default)
2023-03-16 20:05:30,965 [Listener at 127.0.0.1/40321] INFO  grpc.GrpcConfigKeys (ConfUtils.java:logGet(46)) - raft.grpc.server.async.request.thread.pool.size = 32 (default)
2023-03-16 20:05:30,967 [Listener at 127.0.0.1/40321] INFO  impl.DataStreamServerImpl (ConfUtils.java:logGet(46)) - raft.datastream.type = NETTY (custom)
2023-03-16 20:05:30,967 [Listener at 127.0.0.1/40321] INFO  server.RaftServerConfigKeys (ConfUtils.java:logGet(46)) - raft.server.data-stream.async.request.thread.pool.cached = false (default)
2023-03-16 20:05:30,970 [Listener at 127.0.0.1/40321] INFO  server.RaftServerConfigKeys (ConfUtils.java:logGet(46)) - raft.server.data-stream.async.request.thread.pool.size = 20 (custom)
2023-03-16 20:05:30,970 [Listener at 127.0.0.1/40321] INFO  server.RaftServerConfigKeys (ConfUtils.java:logGet(46)) - raft.server.data-stream.async.write.thread.pool.size = 16 (default)
2023-03-16 20:05:30,970 [Listener at 127.0.0.1/40321] INFO  server.RaftServerConfigKeys (ConfUtils.java:logGet(46)) - raft.server.data-stream.client.pool.size = 10 (default)
2023-03-16 20:05:30,970 [Listener at 127.0.0.1/40321] INFO  netty.NettyConfigKeys$DataStream (ConfUtils.java:logGet(46)) - raft.netty.dataStream.server.use-epoll = false (default)
2023-03-16 20:05:30,971 [Listener at 127.0.0.1/40321] INFO  netty.NettyConfigKeys$DataStream (ConfUtils.java:logGet(46)) - raft.netty.dataStream.server.boss-group.size = 0 (default)
2023-03-16 20:05:30,971 [Listener at 127.0.0.1/40321] INFO  netty.NettyConfigKeys$DataStream (ConfUtils.java:logGet(46)) - raft.netty.dataStream.server.worker-group.size = 0 (default)
2023-03-16 20:05:30,972 [Listener at 127.0.0.1/40321] INFO  netty.NettyConfigKeys$DataStream (ConfUtils.java:logGet(46)) - raft.netty.dataStream.server.tls.conf = null (default)
2023-03-16 20:05:30,972 [Listener at 127.0.0.1/40321] INFO  netty.NettyConfigKeys$DataStream (ConfUtils.java:logGet(46)) - raft.netty.dataStream.host = null (default)
2023-03-16 20:05:30,972 [Listener at 127.0.0.1/40321] INFO  netty.NettyConfigKeys$DataStream (ConfUtils.java:logGet(46)) - raft.netty.dataStream.port = 0 (default)
2023-03-16 20:05:30,972 [Listener at 127.0.0.1/40321] INFO  server.RaftServerConfigKeys (ConfUtils.java:logGet(46)) - raft.server.threadpool.proxy.cached = true (default)
2023-03-16 20:05:30,973 [Listener at 127.0.0.1/40321] INFO  server.RaftServerConfigKeys (ConfUtils.java:logGet(46)) - raft.server.threadpool.proxy.size = 0 (default)
2023-03-16 20:05:30,973 [Listener at 127.0.0.1/40321] INFO  server.RaftServerConfigKeys (ConfUtils.java:logGet(46)) - raft.server.rpc.slowness.timeout = 300s (custom)
2023-03-16 20:05:30,973 [Listener at 127.0.0.1/40321] INFO  server.RaftServerConfigKeys (ConfUtils.java:logGet(46)) - raft.server.leaderelection.leader.step-down.wait-time = 10s (default)
2023-03-16 20:05:30,973 [Listener at 127.0.0.1/40321] INFO  server.RaftServerConfigKeys (ConfUtils.java:logGet(46)) - raft.server.storage.dir = [/home/runner/work/ozone/ozone/hadoop-ozone/integration-test/target/test-dir/MiniOzoneClusterImpl-c7341fe8-f2e3-4722-9e04-a1c7dbed4fc1/datanode-2/data/ratis] (custom)
2023-03-16 20:05:30,975 [8a432d69-9095-4d8b-a714-320becebd573-NettyServerStreamRpc-bossGroup--thread1] INFO  logging.LoggingHandler (AbstractInternalLogger.java:log(148)) - [id: 0x03da84fa] REGISTERED
2023-03-16 20:05:30,975 [8a432d69-9095-4d8b-a714-320becebd573-NettyServerStreamRpc-bossGroup--thread1] INFO  logging.LoggingHandler (AbstractInternalLogger.java:log(148)) - [id: 0x03da84fa] BIND: 0.0.0.0/0.0.0.0:0
2023-03-16 20:05:30,975 [8a432d69-9095-4d8b-a714-320becebd573-NettyServerStreamRpc-bossGroup--thread1] INFO  logging.LoggingHandler (AbstractInternalLogger.java:log(148)) - [id: 0x03da84fa, L:/0:0:0:0:0:0:0:0:42805] ACTIVE
2023-03-16 20:05:30,977 [Listener at 127.0.0.1/40321] INFO  server.XceiverServerGrpc (XceiverServerGrpc.java:<init>(132)) - GrpcServer channel type EpollServerSocketChannel
2023-03-16 20:05:30,982 [Listener at 127.0.0.1/40321] INFO  http.BaseHttpServer (BaseHttpServer.java:newHttpServer2BuilderForOzone(224)) - Starting Web-server for hddsDatanode at: http://0.0.0.0:0
2023-03-16 20:05:30,982 [Listener at 127.0.0.1/40321] INFO  http.BaseHttpServer (BaseHttpServer.java:<init>(111)) - Hadoop Security Enabled: false Ozone Security Enabled: false Ozone HTTP Security Enabled: false 
2023-03-16 20:05:30,984 [Listener at 127.0.0.1/40321] WARN  server.AuthenticationFilter (AuthenticationFilter.java:constructSecretProvider(240)) - Unable to initialize FileSignerSecretProvider, falling back to use random secrets. Reason: Could not read signature secret file: /home/runner/hadoop-http-auth-signature-secret
2023-03-16 20:05:30,985 [Listener at 127.0.0.1/40321] WARN  http.HttpRequestLog (HttpRequestLog.java:getRequestLog(103)) - Jetty request log can only be enabled using Log4j
2023-03-16 20:05:30,986 [Listener at 127.0.0.1/40321] INFO  http.HttpServer2 (HttpServer2.java:addGlobalFilter(1031)) - Added global filter 'safety' (class=org.apache.hadoop.hdds.server.http.HttpServer2$QuotingInputFilter)
2023-03-16 20:05:30,987 [Listener at 127.0.0.1/40321] INFO  http.HttpServer2 (HttpServer2.java:addFilter(1007)) - Added filter static_user_filter (class=org.apache.hadoop.http.lib.StaticUserWebFilter$StaticUserFilter) to context hddsDatanode
2023-03-16 20:05:30,987 [Listener at 127.0.0.1/40321] INFO  http.HttpServer2 (HttpServer2.java:addFilter(1015)) - Added filter static_user_filter (class=org.apache.hadoop.http.lib.StaticUserWebFilter$StaticUserFilter) to context logs
2023-03-16 20:05:30,987 [Listener at 127.0.0.1/40321] INFO  http.HttpServer2 (HttpServer2.java:addFilter(1015)) - Added filter static_user_filter (class=org.apache.hadoop.http.lib.StaticUserWebFilter$StaticUserFilter) to context static
2023-03-16 20:05:30,988 [Listener at 127.0.0.1/40321] INFO  http.BaseHttpServer (BaseHttpServer.java:<init>(190)) - HTTP server of hddsDatanode uses base directory /home/runner/work/ozone/ozone/hadoop-ozone/integration-test/target/test-dir/MiniOzoneClusterImpl-c7341fe8-f2e3-4722-9e04-a1c7dbed4fc1/datanode-2/meta/webserver
2023-03-16 20:05:30,988 [Listener at 127.0.0.1/40321] INFO  http.HttpServer2 (HttpServer2.java:bindListener(1250)) - Jetty bound to port 43417
2023-03-16 20:05:30,988 [Listener at 127.0.0.1/40321] INFO  server.Server (Server.java:doStart(375)) - jetty-9.4.49.v20220914; built: 2022-09-14T01:07:36.601Z; git: 4231a3b2e4cb8548a412a789936d640a97b1aa0a; jvm 1.8.0_362-b09
2023-03-16 20:05:30,990 [Listener at 127.0.0.1/40321] INFO  server.session (DefaultSessionIdManager.java:doStart(334)) - DefaultSessionIdManager workerName=node0
2023-03-16 20:05:30,991 [Listener at 127.0.0.1/40321] INFO  server.session (DefaultSessionIdManager.java:doStart(339)) - No SessionScavenger set, using defaults
2023-03-16 20:05:30,991 [Listener at 127.0.0.1/40321] INFO  server.session (HouseKeeper.java:startScavenging(132)) - node0 Scavenging every 600000ms
2023-03-16 20:05:30,992 [Listener at 127.0.0.1/40321] INFO  handler.ContextHandler (ContextHandler.java:doStart(921)) - Started o.e.j.s.ServletContextHandler@1e42c42f{logs,/logs,file:///home/runner/work/ozone/ozone/hadoop-ozone/integration-test/target/log,AVAILABLE}
2023-03-16 20:05:30,992 [Listener at 127.0.0.1/40321] INFO  handler.ContextHandler (ContextHandler.java:doStart(921)) - Started o.e.j.s.ServletContextHandler@14ac8e21{static,/static,jar:file:/home/runner/.m2/repository/org/apache/ozone/hdds-container-service/1.4.0-SNAPSHOT/hdds-container-service-1.4.0-SNAPSHOT.jar!/webapps/static,AVAILABLE}
2023-03-16 20:05:31,247 [Listener at 127.0.0.1/40321] INFO  handler.ContextHandler (ContextHandler.java:doStart(921)) - Started o.e.j.w.WebAppContext@7e2046b5{hddsDatanode,/,file:///home/runner/work/ozone/ozone/hadoop-ozone/integration-test/target/test-dir/MiniOzoneClusterImpl-c7341fe8-f2e3-4722-9e04-a1c7dbed4fc1/datanode-2/meta/webserver/jetty-0_0_0_0-43417-hdds-container-service-1_4_0-SNAPSHOT_jar-_-any-2063750076986899823/webapp/,AVAILABLE}{jar:file:/home/runner/.m2/repository/org/apache/ozone/hdds-container-service/1.4.0-SNAPSHOT/hdds-container-service-1.4.0-SNAPSHOT.jar!/webapps/hddsDatanode}
2023-03-16 20:05:31,251 [Listener at 127.0.0.1/40321] INFO  server.AbstractConnector (AbstractConnector.java:doStart(333)) - Started ServerConnector@6c10a403{HTTP/1.1, (http/1.1)}{0.0.0.0:43417}
2023-03-16 20:05:31,252 [Listener at 127.0.0.1/40321] INFO  server.Server (Server.java:doStart(415)) - Started @108723ms
2023-03-16 20:05:31,252 [Listener at 127.0.0.1/40321] WARN  impl.MetricsSystemImpl (MetricsSystemImpl.java:register(279)) - Sink prometheus already exists!
2023-03-16 20:05:31,253 [Listener at 127.0.0.1/40321] INFO  http.BaseHttpServer (BaseHttpServer.java:updateConnectorAddress(344)) - HTTP server of hddsDatanode listening at http://0.0.0.0:43417
2023-03-16 20:05:31,254 [Listener at 127.0.0.1/40321] WARN  impl.MetricRegistriesImpl (MetricRegistriesImpl.java:addReporterRegistration(111)) - New reporters are added after registries were created. Some metrics will be missing from the reporter. Please add reporter before adding any new registry.
2023-03-16 20:05:31,254 [Listener at 127.0.0.1/40321] WARN  impl.MetricRegistriesImpl (MetricRegistriesImpl.java:addReporterRegistration(111)) - New reporters are added after registries were created. Some metrics will be missing from the reporter. Please add reporter before adding any new registry.
2023-03-16 20:05:31,254 [Listener at 127.0.0.1/40321] INFO  impl.MetricsSystemImpl (MetricsSystemImpl.java:init(158)) - HddsDatanode metrics system started (again)
2023-03-16 20:05:31,260 [Datanode State Machine Daemon Thread] INFO  statemachine.DatanodeStateMachine (DatanodeStateMachine.java:lambda$startDaemon$0(517)) - Ozone container server started.
2023-03-16 20:05:31,274 [org.apache.hadoop.util.JvmPauseMonitor$Monitor@51e7455f] INFO  util.JvmPauseMonitor (JvmPauseMonitor.java:run(188)) - Starting JVM pause monitor
2023-03-16 20:05:31,275 [Datanode State Machine Task Thread - 0] INFO  datanode.InitDatanodeState (InitDatanodeState.java:persistContainerDatanodeDetails(138)) - DatanodeDetails is persisted to /home/runner/work/ozone/ozone/hadoop-ozone/integration-test/target/test-dir/MiniOzoneClusterImpl-c7341fe8-f2e3-4722-9e04-a1c7dbed4fc1/datanode-2/meta/datanode.id
2023-03-16 20:05:31,278 [Listener at 127.0.0.1/40321] INFO  ozone.HddsDatanodeService (HddsDatanodeService.java:start(249)) - HddsDatanodeService host:fv-az371-917 ip:10.1.0.41
2023-03-16 20:05:31,307 [Listener at 127.0.0.1/40321] INFO  upgrade.AbstractLayoutVersionManager (AbstractLayoutVersionManager.java:init(83)) - Initializing Layout version manager with metadata layout = DATANODE_SCHEMA_V3 (version = 4), software layout = DATANODE_SCHEMA_V3 (version = 4)
2023-03-16 20:05:31,366 [Listener at 127.0.0.1/40321] INFO  reflections.Reflections (Reflections.java:scan(232)) - Reflections took 57 ms to scan 7 urls, producing 155 keys and 368 values 
2023-03-16 20:05:31,368 [Listener at 127.0.0.1/40321] INFO  statemachine.DatanodeStateMachine (DatanodeStateMachine.java:getEndPointTaskThreadPoolSize(260)) - Datanode State Machine Task Thread Pool size 2
2023-03-16 20:05:31,371 [Listener at 127.0.0.1/40321] INFO  volume.HddsVolume (HddsVolume.java:<init>(130)) - Creating HddsVolume: /home/runner/work/ozone/ozone/hadoop-ozone/integration-test/target/test-dir/MiniOzoneClusterImpl-c7341fe8-f2e3-4722-9e04-a1c7dbed4fc1/datanode-3/data-0/containers/hdds of storage type : DISK capacity : 9223372036854775807
2023-03-16 20:05:31,371 [Listener at 127.0.0.1/40321] INFO  volume.MutableVolumeSet (MutableVolumeSet.java:initializeVolumeSet(174)) - Added Volume : /home/runner/work/ozone/ozone/hadoop-ozone/integration-test/target/test-dir/MiniOzoneClusterImpl-c7341fe8-f2e3-4722-9e04-a1c7dbed4fc1/datanode-3/data-0/containers/hdds to VolumeSet
2023-03-16 20:05:31,371 [Listener at 127.0.0.1/40321] INFO  volume.ThrottledAsyncChecker (ThrottledAsyncChecker.java:schedule(141)) - Scheduling a check for /home/runner/work/ozone/ozone/hadoop-ozone/integration-test/target/test-dir/MiniOzoneClusterImpl-c7341fe8-f2e3-4722-9e04-a1c7dbed4fc1/datanode-3/data-0/containers/hdds
2023-03-16 20:05:31,372 [Listener at 127.0.0.1/40321] INFO  volume.StorageVolumeChecker (StorageVolumeChecker.java:checkAllVolumes(202)) - Scheduled health check for volume /home/runner/work/ozone/ozone/hadoop-ozone/integration-test/target/test-dir/MiniOzoneClusterImpl-c7341fe8-f2e3-4722-9e04-a1c7dbed4fc1/datanode-3/data-0/containers/hdds
2023-03-16 20:05:31,385 [Listener at 127.0.0.1/40321] INFO  volume.MutableVolumeSet (MutableVolumeSet.java:initializeVolumeSet(174)) - Added Volume : /home/runner/work/ozone/ozone/hadoop-ozone/integration-test/target/test-dir/MiniOzoneClusterImpl-c7341fe8-f2e3-4722-9e04-a1c7dbed4fc1/datanode-3/data/ratis to VolumeSet
2023-03-16 20:05:31,386 [Listener at 127.0.0.1/40321] INFO  volume.ThrottledAsyncChecker (ThrottledAsyncChecker.java:schedule(141)) - Scheduling a check for /home/runner/work/ozone/ozone/hadoop-ozone/integration-test/target/test-dir/MiniOzoneClusterImpl-c7341fe8-f2e3-4722-9e04-a1c7dbed4fc1/datanode-3/data/ratis
2023-03-16 20:05:31,386 [Listener at 127.0.0.1/40321] INFO  volume.StorageVolumeChecker (StorageVolumeChecker.java:checkAllVolumes(202)) - Scheduled health check for volume /home/runner/work/ozone/ozone/hadoop-ozone/integration-test/target/test-dir/MiniOzoneClusterImpl-c7341fe8-f2e3-4722-9e04-a1c7dbed4fc1/datanode-3/data/ratis
2023-03-16 20:05:31,400 [Thread-662] INFO  ozoneimpl.ContainerReader (ContainerReader.java:readVolume(175)) - Finish verifying containers on volume /home/runner/work/ozone/ozone/hadoop-ozone/integration-test/target/test-dir/MiniOzoneClusterImpl-c7341fe8-f2e3-4722-9e04-a1c7dbed4fc1/datanode-3/data-0/containers/hdds
2023-03-16 20:05:31,400 [Listener at 127.0.0.1/40321] INFO  ozoneimpl.OzoneContainer (OzoneContainer.java:buildContainerSet(307)) - Build ContainerSet costs 0s
2023-03-16 20:05:31,403 [Listener at 127.0.0.1/40321] INFO  server.RaftServer (ConfUtils.java:logGet(46)) - raft.rpc.type = GRPC (default)
2023-03-16 20:05:31,403 [Listener at 127.0.0.1/40321] INFO  grpc.GrpcConfigKeys (ConfUtils.java:logFallback(53)) - raft.grpc.admin.host = null (fallback to raft.grpc.server.host)
2023-03-16 20:05:31,403 [Listener at 127.0.0.1/40321] INFO  grpc.GrpcConfigKeys (ConfUtils.java:logGet(46)) - raft.grpc.admin.port = 0 (custom)
2023-03-16 20:05:31,403 [Listener at 127.0.0.1/40321] INFO  grpc.GrpcConfigKeys (ConfUtils.java:logFallback(53)) - raft.grpc.client.host = null (fallback to raft.grpc.server.host)
2023-03-16 20:05:31,404 [Listener at 127.0.0.1/40321] INFO  grpc.GrpcConfigKeys (ConfUtils.java:logGet(46)) - raft.grpc.client.port = 0 (custom)
2023-03-16 20:05:31,404 [Listener at 127.0.0.1/40321] INFO  grpc.GrpcConfigKeys (ConfUtils.java:logGet(46)) - raft.grpc.server.host = null (default)
2023-03-16 20:05:31,404 [Listener at 127.0.0.1/40321] INFO  grpc.GrpcConfigKeys (ConfUtils.java:logGet(46)) - raft.grpc.server.port = 0 (default)
2023-03-16 20:05:31,404 [Listener at 127.0.0.1/40321] INFO  server.GrpcService (ConfUtils.java:logGet(46)) - raft.grpc.message.size.max = 32MB (=33554432) (custom)
2023-03-16 20:05:31,404 [Listener at 127.0.0.1/40321] INFO  server.RaftServerConfigKeys (ConfUtils.java:logGet(46)) - raft.server.log.appender.buffer.byte-limit = 33554432 (custom)
2023-03-16 20:05:31,405 [Listener at 127.0.0.1/40321] INFO  server.GrpcService (ConfUtils.java:logGet(46)) - raft.grpc.flow.control.window = 5MB (=5242880) (custom)
2023-03-16 20:05:31,405 [Listener at 127.0.0.1/40321] INFO  server.RaftServerConfigKeys (ConfUtils.java:logGet(46)) - raft.server.rpc.request.timeout = 60s (custom)
2023-03-16 20:05:31,405 [Listener at 127.0.0.1/40321] INFO  grpc.GrpcConfigKeys (ConfUtils.java:logGet(46)) - raft.grpc.server.heartbeat.channel = true (default)
2023-03-16 20:05:31,406 [Listener at 127.0.0.1/40321] INFO  grpc.GrpcConfigKeys (ConfUtils.java:logGet(46)) - raft.grpc.server.async.request.thread.pool.cached = true (default)
2023-03-16 20:05:31,406 [Listener at 127.0.0.1/40321] INFO  grpc.GrpcConfigKeys (ConfUtils.java:logGet(46)) - raft.grpc.server.async.request.thread.pool.size = 32 (default)
2023-03-16 20:05:31,407 [Listener at 127.0.0.1/40321] INFO  impl.DataStreamServerImpl (ConfUtils.java:logGet(46)) - raft.datastream.type = NETTY (custom)
2023-03-16 20:05:31,408 [Listener at 127.0.0.1/40321] INFO  server.RaftServerConfigKeys (ConfUtils.java:logGet(46)) - raft.server.data-stream.async.request.thread.pool.cached = false (default)
2023-03-16 20:05:31,408 [Listener at 127.0.0.1/40321] INFO  server.RaftServerConfigKeys (ConfUtils.java:logGet(46)) - raft.server.data-stream.async.request.thread.pool.size = 20 (custom)
2023-03-16 20:05:31,408 [Listener at 127.0.0.1/40321] INFO  server.RaftServerConfigKeys (ConfUtils.java:logGet(46)) - raft.server.data-stream.async.write.thread.pool.size = 16 (default)
2023-03-16 20:05:31,408 [Listener at 127.0.0.1/40321] INFO  server.RaftServerConfigKeys (ConfUtils.java:logGet(46)) - raft.server.data-stream.client.pool.size = 10 (default)
2023-03-16 20:05:31,408 [Listener at 127.0.0.1/40321] INFO  netty.NettyConfigKeys$DataStream (ConfUtils.java:logGet(46)) - raft.netty.dataStream.server.use-epoll = false (default)
2023-03-16 20:05:31,408 [Listener at 127.0.0.1/40321] INFO  netty.NettyConfigKeys$DataStream (ConfUtils.java:logGet(46)) - raft.netty.dataStream.server.boss-group.size = 0 (default)
2023-03-16 20:05:31,409 [Listener at 127.0.0.1/40321] INFO  netty.NettyConfigKeys$DataStream (ConfUtils.java:logGet(46)) - raft.netty.dataStream.server.worker-group.size = 0 (default)
2023-03-16 20:05:31,409 [Listener at 127.0.0.1/40321] INFO  netty.NettyConfigKeys$DataStream (ConfUtils.java:logGet(46)) - raft.netty.dataStream.server.tls.conf = null (default)
2023-03-16 20:05:31,410 [Listener at 127.0.0.1/40321] INFO  netty.NettyConfigKeys$DataStream (ConfUtils.java:logGet(46)) - raft.netty.dataStream.host = null (default)
2023-03-16 20:05:31,410 [Listener at 127.0.0.1/40321] INFO  netty.NettyConfigKeys$DataStream (ConfUtils.java:logGet(46)) - raft.netty.dataStream.port = 0 (default)
2023-03-16 20:05:31,410 [Listener at 127.0.0.1/40321] INFO  server.RaftServerConfigKeys (ConfUtils.java:logGet(46)) - raft.server.threadpool.proxy.cached = true (default)
2023-03-16 20:05:31,410 [Listener at 127.0.0.1/40321] INFO  server.RaftServerConfigKeys (ConfUtils.java:logGet(46)) - raft.server.threadpool.proxy.size = 0 (default)
2023-03-16 20:05:31,411 [Listener at 127.0.0.1/40321] INFO  server.RaftServerConfigKeys (ConfUtils.java:logGet(46)) - raft.server.rpc.slowness.timeout = 300s (custom)
2023-03-16 20:05:31,411 [Listener at 127.0.0.1/40321] INFO  server.RaftServerConfigKeys (ConfUtils.java:logGet(46)) - raft.server.leaderelection.leader.step-down.wait-time = 10s (default)
2023-03-16 20:05:31,411 [Listener at 127.0.0.1/40321] INFO  server.RaftServerConfigKeys (ConfUtils.java:logGet(46)) - raft.server.storage.dir = [/home/runner/work/ozone/ozone/hadoop-ozone/integration-test/target/test-dir/MiniOzoneClusterImpl-c7341fe8-f2e3-4722-9e04-a1c7dbed4fc1/datanode-3/data/ratis] (custom)
2023-03-16 20:05:31,414 [b8c04efc-d1c9-41eb-be33-8d90dc945da6-NettyServerStreamRpc-bossGroup--thread1] INFO  logging.LoggingHandler (AbstractInternalLogger.java:log(148)) - [id: 0xad28f4ae] REGISTERED
2023-03-16 20:05:31,414 [b8c04efc-d1c9-41eb-be33-8d90dc945da6-NettyServerStreamRpc-bossGroup--thread1] INFO  logging.LoggingHandler (AbstractInternalLogger.java:log(148)) - [id: 0xad28f4ae] BIND: 0.0.0.0/0.0.0.0:0
2023-03-16 20:05:31,415 [b8c04efc-d1c9-41eb-be33-8d90dc945da6-NettyServerStreamRpc-bossGroup--thread1] INFO  logging.LoggingHandler (AbstractInternalLogger.java:log(148)) - [id: 0xad28f4ae, L:/0:0:0:0:0:0:0:0:41783] ACTIVE
2023-03-16 20:05:31,417 [Listener at 127.0.0.1/40321] INFO  server.XceiverServerGrpc (XceiverServerGrpc.java:<init>(132)) - GrpcServer channel type EpollServerSocketChannel
2023-03-16 20:05:31,422 [Listener at 127.0.0.1/40321] INFO  http.BaseHttpServer (BaseHttpServer.java:newHttpServer2BuilderForOzone(224)) - Starting Web-server for hddsDatanode at: http://0.0.0.0:0
2023-03-16 20:05:31,422 [Listener at 127.0.0.1/40321] INFO  http.BaseHttpServer (BaseHttpServer.java:<init>(111)) - Hadoop Security Enabled: false Ozone Security Enabled: false Ozone HTTP Security Enabled: false 
2023-03-16 20:05:31,424 [Listener at 127.0.0.1/40321] WARN  server.AuthenticationFilter (AuthenticationFilter.java:constructSecretProvider(240)) - Unable to initialize FileSignerSecretProvider, falling back to use random secrets. Reason: Could not read signature secret file: /home/runner/hadoop-http-auth-signature-secret
2023-03-16 20:05:31,424 [Listener at 127.0.0.1/40321] WARN  http.HttpRequestLog (HttpRequestLog.java:getRequestLog(103)) - Jetty request log can only be enabled using Log4j
2023-03-16 20:05:31,426 [Listener at 127.0.0.1/40321] INFO  http.HttpServer2 (HttpServer2.java:addGlobalFilter(1031)) - Added global filter 'safety' (class=org.apache.hadoop.hdds.server.http.HttpServer2$QuotingInputFilter)
2023-03-16 20:05:31,427 [Listener at 127.0.0.1/40321] INFO  http.HttpServer2 (HttpServer2.java:addFilter(1007)) - Added filter static_user_filter (class=org.apache.hadoop.http.lib.StaticUserWebFilter$StaticUserFilter) to context hddsDatanode
2023-03-16 20:05:31,427 [Listener at 127.0.0.1/40321] INFO  http.HttpServer2 (HttpServer2.java:addFilter(1015)) - Added filter static_user_filter (class=org.apache.hadoop.http.lib.StaticUserWebFilter$StaticUserFilter) to context logs
2023-03-16 20:05:31,427 [Listener at 127.0.0.1/40321] INFO  http.HttpServer2 (HttpServer2.java:addFilter(1015)) - Added filter static_user_filter (class=org.apache.hadoop.http.lib.StaticUserWebFilter$StaticUserFilter) to context static
2023-03-16 20:05:31,428 [Listener at 127.0.0.1/40321] INFO  http.BaseHttpServer (BaseHttpServer.java:<init>(190)) - HTTP server of hddsDatanode uses base directory /home/runner/work/ozone/ozone/hadoop-ozone/integration-test/target/test-dir/MiniOzoneClusterImpl-c7341fe8-f2e3-4722-9e04-a1c7dbed4fc1/datanode-3/meta/webserver
2023-03-16 20:05:31,428 [Listener at 127.0.0.1/40321] INFO  http.HttpServer2 (HttpServer2.java:bindListener(1250)) - Jetty bound to port 43505
2023-03-16 20:05:31,428 [Listener at 127.0.0.1/40321] INFO  server.Server (Server.java:doStart(375)) - jetty-9.4.49.v20220914; built: 2022-09-14T01:07:36.601Z; git: 4231a3b2e4cb8548a412a789936d640a97b1aa0a; jvm 1.8.0_362-b09
2023-03-16 20:05:31,434 [Listener at 127.0.0.1/40321] INFO  server.session (DefaultSessionIdManager.java:doStart(334)) - DefaultSessionIdManager workerName=node0
2023-03-16 20:05:31,435 [Listener at 127.0.0.1/40321] INFO  server.session (DefaultSessionIdManager.java:doStart(339)) - No SessionScavenger set, using defaults
2023-03-16 20:05:31,435 [Listener at 127.0.0.1/40321] INFO  server.session (HouseKeeper.java:startScavenging(132)) - node0 Scavenging every 600000ms
2023-03-16 20:05:31,436 [Listener at 127.0.0.1/40321] INFO  handler.ContextHandler (ContextHandler.java:doStart(921)) - Started o.e.j.s.ServletContextHandler@6dbcbbd1{logs,/logs,file:///home/runner/work/ozone/ozone/hadoop-ozone/integration-test/target/log,AVAILABLE}
2023-03-16 20:05:31,436 [Listener at 127.0.0.1/40321] INFO  handler.ContextHandler (ContextHandler.java:doStart(921)) - Started o.e.j.s.ServletContextHandler@691533f{static,/static,jar:file:/home/runner/.m2/repository/org/apache/ozone/hdds-container-service/1.4.0-SNAPSHOT/hdds-container-service-1.4.0-SNAPSHOT.jar!/webapps/static,AVAILABLE}
2023-03-16 20:05:31,689 [Listener at 127.0.0.1/40321] INFO  handler.ContextHandler (ContextHandler.java:doStart(921)) - Started o.e.j.w.WebAppContext@47c2f0e0{hddsDatanode,/,file:///home/runner/work/ozone/ozone/hadoop-ozone/integration-test/target/test-dir/MiniOzoneClusterImpl-c7341fe8-f2e3-4722-9e04-a1c7dbed4fc1/datanode-3/meta/webserver/jetty-0_0_0_0-43505-hdds-container-service-1_4_0-SNAPSHOT_jar-_-any-3460573622124570282/webapp/,AVAILABLE}{jar:file:/home/runner/.m2/repository/org/apache/ozone/hdds-container-service/1.4.0-SNAPSHOT/hdds-container-service-1.4.0-SNAPSHOT.jar!/webapps/hddsDatanode}
2023-03-16 20:05:31,692 [Listener at 127.0.0.1/40321] INFO  server.AbstractConnector (AbstractConnector.java:doStart(333)) - Started ServerConnector@63484357{HTTP/1.1, (http/1.1)}{0.0.0.0:43505}
2023-03-16 20:05:31,693 [Listener at 127.0.0.1/40321] INFO  server.Server (Server.java:doStart(415)) - Started @109164ms
2023-03-16 20:05:31,693 [Listener at 127.0.0.1/40321] WARN  impl.MetricsSystemImpl (MetricsSystemImpl.java:register(279)) - Sink prometheus already exists!
2023-03-16 20:05:31,694 [Listener at 127.0.0.1/40321] INFO  http.BaseHttpServer (BaseHttpServer.java:updateConnectorAddress(344)) - HTTP server of hddsDatanode listening at http://0.0.0.0:43505
2023-03-16 20:05:31,694 [Listener at 127.0.0.1/40321] WARN  impl.MetricRegistriesImpl (MetricRegistriesImpl.java:addReporterRegistration(111)) - New reporters are added after registries were created. Some metrics will be missing from the reporter. Please add reporter before adding any new registry.
2023-03-16 20:05:31,694 [Listener at 127.0.0.1/40321] WARN  impl.MetricRegistriesImpl (MetricRegistriesImpl.java:addReporterRegistration(111)) - New reporters are added after registries were created. Some metrics will be missing from the reporter. Please add reporter before adding any new registry.
2023-03-16 20:05:31,694 [Listener at 127.0.0.1/40321] INFO  impl.MetricsSystemImpl (MetricsSystemImpl.java:init(158)) - HddsDatanode metrics system started (again)
2023-03-16 20:05:31,705 [Datanode State Machine Daemon Thread] INFO  statemachine.DatanodeStateMachine (DatanodeStateMachine.java:lambda$startDaemon$0(517)) - Ozone container server started.
2023-03-16 20:05:31,732 [org.apache.hadoop.util.JvmPauseMonitor$Monitor@1848d1d3] INFO  util.JvmPauseMonitor (JvmPauseMonitor.java:run(188)) - Starting JVM pause monitor
2023-03-16 20:05:31,735 [Listener at 127.0.0.1/40321] INFO  ozone.HddsDatanodeService (HddsDatanodeService.java:start(249)) - HddsDatanodeService host:fv-az371-917 ip:10.1.0.41
2023-03-16 20:05:31,746 [Datanode State Machine Task Thread - 0] INFO  datanode.InitDatanodeState (InitDatanodeState.java:persistContainerDatanodeDetails(138)) - DatanodeDetails is persisted to /home/runner/work/ozone/ozone/hadoop-ozone/integration-test/target/test-dir/MiniOzoneClusterImpl-c7341fe8-f2e3-4722-9e04-a1c7dbed4fc1/datanode-3/meta/datanode.id
2023-03-16 20:05:31,774 [Listener at 127.0.0.1/40321] INFO  upgrade.AbstractLayoutVersionManager (AbstractLayoutVersionManager.java:init(83)) - Initializing Layout version manager with metadata layout = DATANODE_SCHEMA_V3 (version = 4), software layout = DATANODE_SCHEMA_V3 (version = 4)
2023-03-16 20:05:31,839 [Listener at 127.0.0.1/40321] INFO  reflections.Reflections (Reflections.java:scan(232)) - Reflections took 59 ms to scan 7 urls, producing 155 keys and 368 values 
2023-03-16 20:05:31,847 [Listener at 127.0.0.1/40321] INFO  statemachine.DatanodeStateMachine (DatanodeStateMachine.java:getEndPointTaskThreadPoolSize(260)) - Datanode State Machine Task Thread Pool size 2
2023-03-16 20:05:31,854 [Listener at 127.0.0.1/40321] INFO  volume.HddsVolume (HddsVolume.java:<init>(130)) - Creating HddsVolume: /home/runner/work/ozone/ozone/hadoop-ozone/integration-test/target/test-dir/MiniOzoneClusterImpl-c7341fe8-f2e3-4722-9e04-a1c7dbed4fc1/datanode-4/data-0/containers/hdds of storage type : DISK capacity : 9223372036854775807
2023-03-16 20:05:31,854 [Listener at 127.0.0.1/40321] INFO  volume.MutableVolumeSet (MutableVolumeSet.java:initializeVolumeSet(174)) - Added Volume : /home/runner/work/ozone/ozone/hadoop-ozone/integration-test/target/test-dir/MiniOzoneClusterImpl-c7341fe8-f2e3-4722-9e04-a1c7dbed4fc1/datanode-4/data-0/containers/hdds to VolumeSet
2023-03-16 20:05:31,854 [Listener at 127.0.0.1/40321] INFO  volume.ThrottledAsyncChecker (ThrottledAsyncChecker.java:schedule(141)) - Scheduling a check for /home/runner/work/ozone/ozone/hadoop-ozone/integration-test/target/test-dir/MiniOzoneClusterImpl-c7341fe8-f2e3-4722-9e04-a1c7dbed4fc1/datanode-4/data-0/containers/hdds
2023-03-16 20:05:31,860 [Listener at 127.0.0.1/40321] INFO  volume.StorageVolumeChecker (StorageVolumeChecker.java:checkAllVolumes(202)) - Scheduled health check for volume /home/runner/work/ozone/ozone/hadoop-ozone/integration-test/target/test-dir/MiniOzoneClusterImpl-c7341fe8-f2e3-4722-9e04-a1c7dbed4fc1/datanode-4/data-0/containers/hdds
2023-03-16 20:05:31,877 [Listener at 127.0.0.1/40321] INFO  volume.MutableVolumeSet (MutableVolumeSet.java:initializeVolumeSet(174)) - Added Volume : /home/runner/work/ozone/ozone/hadoop-ozone/integration-test/target/test-dir/MiniOzoneClusterImpl-c7341fe8-f2e3-4722-9e04-a1c7dbed4fc1/datanode-4/data/ratis to VolumeSet
2023-03-16 20:05:31,878 [Listener at 127.0.0.1/40321] INFO  volume.ThrottledAsyncChecker (ThrottledAsyncChecker.java:schedule(141)) - Scheduling a check for /home/runner/work/ozone/ozone/hadoop-ozone/integration-test/target/test-dir/MiniOzoneClusterImpl-c7341fe8-f2e3-4722-9e04-a1c7dbed4fc1/datanode-4/data/ratis
2023-03-16 20:05:31,878 [Listener at 127.0.0.1/40321] INFO  volume.StorageVolumeChecker (StorageVolumeChecker.java:checkAllVolumes(202)) - Scheduled health check for volume /home/runner/work/ozone/ozone/hadoop-ozone/integration-test/target/test-dir/MiniOzoneClusterImpl-c7341fe8-f2e3-4722-9e04-a1c7dbed4fc1/datanode-4/data/ratis
2023-03-16 20:05:31,895 [Thread-676] INFO  ozoneimpl.ContainerReader (ContainerReader.java:readVolume(175)) - Finish verifying containers on volume /home/runner/work/ozone/ozone/hadoop-ozone/integration-test/target/test-dir/MiniOzoneClusterImpl-c7341fe8-f2e3-4722-9e04-a1c7dbed4fc1/datanode-4/data-0/containers/hdds
2023-03-16 20:05:31,895 [Listener at 127.0.0.1/40321] INFO  ozoneimpl.OzoneContainer (OzoneContainer.java:buildContainerSet(307)) - Build ContainerSet costs 0s
2023-03-16 20:05:31,901 [Listener at 127.0.0.1/40321] INFO  server.RaftServer (ConfUtils.java:logGet(46)) - raft.rpc.type = GRPC (default)
2023-03-16 20:05:31,901 [Listener at 127.0.0.1/40321] INFO  grpc.GrpcConfigKeys (ConfUtils.java:logFallback(53)) - raft.grpc.admin.host = null (fallback to raft.grpc.server.host)
2023-03-16 20:05:31,902 [Listener at 127.0.0.1/40321] INFO  grpc.GrpcConfigKeys (ConfUtils.java:logGet(46)) - raft.grpc.admin.port = 0 (custom)
2023-03-16 20:05:31,902 [Listener at 127.0.0.1/40321] INFO  grpc.GrpcConfigKeys (ConfUtils.java:logFallback(53)) - raft.grpc.client.host = null (fallback to raft.grpc.server.host)
2023-03-16 20:05:31,902 [Listener at 127.0.0.1/40321] INFO  grpc.GrpcConfigKeys (ConfUtils.java:logGet(46)) - raft.grpc.client.port = 0 (custom)
2023-03-16 20:05:31,902 [Listener at 127.0.0.1/40321] INFO  grpc.GrpcConfigKeys (ConfUtils.java:logGet(46)) - raft.grpc.server.host = null (default)
2023-03-16 20:05:31,903 [Listener at 127.0.0.1/40321] INFO  grpc.GrpcConfigKeys (ConfUtils.java:logGet(46)) - raft.grpc.server.port = 0 (default)
2023-03-16 20:05:31,903 [Listener at 127.0.0.1/40321] INFO  server.GrpcService (ConfUtils.java:logGet(46)) - raft.grpc.message.size.max = 32MB (=33554432) (custom)
2023-03-16 20:05:31,903 [Listener at 127.0.0.1/40321] INFO  server.RaftServerConfigKeys (ConfUtils.java:logGet(46)) - raft.server.log.appender.buffer.byte-limit = 33554432 (custom)
2023-03-16 20:05:31,903 [Listener at 127.0.0.1/40321] INFO  server.GrpcService (ConfUtils.java:logGet(46)) - raft.grpc.flow.control.window = 5MB (=5242880) (custom)
2023-03-16 20:05:31,903 [Listener at 127.0.0.1/40321] INFO  server.RaftServerConfigKeys (ConfUtils.java:logGet(46)) - raft.server.rpc.request.timeout = 60s (custom)
2023-03-16 20:05:31,904 [Listener at 127.0.0.1/40321] INFO  grpc.GrpcConfigKeys (ConfUtils.java:logGet(46)) - raft.grpc.server.heartbeat.channel = true (default)
2023-03-16 20:05:31,904 [Listener at 127.0.0.1/40321] INFO  grpc.GrpcConfigKeys (ConfUtils.java:logGet(46)) - raft.grpc.server.async.request.thread.pool.cached = true (default)
2023-03-16 20:05:31,904 [Listener at 127.0.0.1/40321] INFO  grpc.GrpcConfigKeys (ConfUtils.java:logGet(46)) - raft.grpc.server.async.request.thread.pool.size = 32 (default)
2023-03-16 20:05:31,906 [Listener at 127.0.0.1/40321] INFO  impl.DataStreamServerImpl (ConfUtils.java:logGet(46)) - raft.datastream.type = NETTY (custom)
2023-03-16 20:05:31,906 [Listener at 127.0.0.1/40321] INFO  server.RaftServerConfigKeys (ConfUtils.java:logGet(46)) - raft.server.data-stream.async.request.thread.pool.cached = false (default)
2023-03-16 20:05:31,906 [Listener at 127.0.0.1/40321] INFO  server.RaftServerConfigKeys (ConfUtils.java:logGet(46)) - raft.server.data-stream.async.request.thread.pool.size = 20 (custom)
2023-03-16 20:05:31,906 [Listener at 127.0.0.1/40321] INFO  server.RaftServerConfigKeys (ConfUtils.java:logGet(46)) - raft.server.data-stream.async.write.thread.pool.size = 16 (default)
2023-03-16 20:05:31,906 [Listener at 127.0.0.1/40321] INFO  server.RaftServerConfigKeys (ConfUtils.java:logGet(46)) - raft.server.data-stream.client.pool.size = 10 (default)
2023-03-16 20:05:31,907 [Listener at 127.0.0.1/40321] INFO  netty.NettyConfigKeys$DataStream (ConfUtils.java:logGet(46)) - raft.netty.dataStream.server.use-epoll = false (default)
2023-03-16 20:05:31,907 [Listener at 127.0.0.1/40321] INFO  netty.NettyConfigKeys$DataStream (ConfUtils.java:logGet(46)) - raft.netty.dataStream.server.boss-group.size = 0 (default)
2023-03-16 20:05:31,907 [Listener at 127.0.0.1/40321] INFO  netty.NettyConfigKeys$DataStream (ConfUtils.java:logGet(46)) - raft.netty.dataStream.server.worker-group.size = 0 (default)
2023-03-16 20:05:31,908 [Listener at 127.0.0.1/40321] INFO  netty.NettyConfigKeys$DataStream (ConfUtils.java:logGet(46)) - raft.netty.dataStream.server.tls.conf = null (default)
2023-03-16 20:05:31,908 [Listener at 127.0.0.1/40321] INFO  netty.NettyConfigKeys$DataStream (ConfUtils.java:logGet(46)) - raft.netty.dataStream.host = null (default)
2023-03-16 20:05:31,908 [Listener at 127.0.0.1/40321] INFO  netty.NettyConfigKeys$DataStream (ConfUtils.java:logGet(46)) - raft.netty.dataStream.port = 0 (default)
2023-03-16 20:05:31,909 [Listener at 127.0.0.1/40321] INFO  server.RaftServerConfigKeys (ConfUtils.java:logGet(46)) - raft.server.threadpool.proxy.cached = true (default)
2023-03-16 20:05:31,909 [Listener at 127.0.0.1/40321] INFO  server.RaftServerConfigKeys (ConfUtils.java:logGet(46)) - raft.server.threadpool.proxy.size = 0 (default)
2023-03-16 20:05:31,910 [Listener at 127.0.0.1/40321] INFO  server.RaftServerConfigKeys (ConfUtils.java:logGet(46)) - raft.server.rpc.slowness.timeout = 300s (custom)
2023-03-16 20:05:31,910 [9af49bef-8086-45bf-a9fe-0593dfe94cbe-NettyServerStreamRpc-bossGroup--thread1] INFO  logging.LoggingHandler (AbstractInternalLogger.java:log(148)) - [id: 0x10d3530f] REGISTERED
2023-03-16 20:05:31,910 [Listener at 127.0.0.1/40321] INFO  server.RaftServerConfigKeys (ConfUtils.java:logGet(46)) - raft.server.leaderelection.leader.step-down.wait-time = 10s (default)
2023-03-16 20:05:31,910 [9af49bef-8086-45bf-a9fe-0593dfe94cbe-NettyServerStreamRpc-bossGroup--thread1] INFO  logging.LoggingHandler (AbstractInternalLogger.java:log(148)) - [id: 0x10d3530f] BIND: 0.0.0.0/0.0.0.0:0
2023-03-16 20:05:31,911 [Listener at 127.0.0.1/40321] INFO  server.RaftServerConfigKeys (ConfUtils.java:logGet(46)) - raft.server.storage.dir = [/home/runner/work/ozone/ozone/hadoop-ozone/integration-test/target/test-dir/MiniOzoneClusterImpl-c7341fe8-f2e3-4722-9e04-a1c7dbed4fc1/datanode-4/data/ratis] (custom)
2023-03-16 20:05:31,913 [Listener at 127.0.0.1/40321] INFO  server.XceiverServerGrpc (XceiverServerGrpc.java:<init>(132)) - GrpcServer channel type EpollServerSocketChannel
2023-03-16 20:05:31,914 [9af49bef-8086-45bf-a9fe-0593dfe94cbe-NettyServerStreamRpc-bossGroup--thread1] INFO  logging.LoggingHandler (AbstractInternalLogger.java:log(148)) - [id: 0x10d3530f, L:/0:0:0:0:0:0:0:0:40125] ACTIVE
2023-03-16 20:05:31,916 [Listener at 127.0.0.1/40321] INFO  http.BaseHttpServer (BaseHttpServer.java:newHttpServer2BuilderForOzone(224)) - Starting Web-server for hddsDatanode at: http://0.0.0.0:0
2023-03-16 20:05:31,917 [Listener at 127.0.0.1/40321] INFO  http.BaseHttpServer (BaseHttpServer.java:<init>(111)) - Hadoop Security Enabled: false Ozone Security Enabled: false Ozone HTTP Security Enabled: false 
2023-03-16 20:05:31,918 [Listener at 127.0.0.1/40321] WARN  server.AuthenticationFilter (AuthenticationFilter.java:constructSecretProvider(240)) - Unable to initialize FileSignerSecretProvider, falling back to use random secrets. Reason: Could not read signature secret file: /home/runner/hadoop-http-auth-signature-secret
2023-03-16 20:05:31,922 [Listener at 127.0.0.1/40321] WARN  http.HttpRequestLog (HttpRequestLog.java:getRequestLog(103)) - Jetty request log can only be enabled using Log4j
2023-03-16 20:05:31,924 [Listener at 127.0.0.1/40321] INFO  http.HttpServer2 (HttpServer2.java:addGlobalFilter(1031)) - Added global filter 'safety' (class=org.apache.hadoop.hdds.server.http.HttpServer2$QuotingInputFilter)
2023-03-16 20:05:31,925 [Listener at 127.0.0.1/40321] INFO  http.HttpServer2 (HttpServer2.java:addFilter(1007)) - Added filter static_user_filter (class=org.apache.hadoop.http.lib.StaticUserWebFilter$StaticUserFilter) to context hddsDatanode
2023-03-16 20:05:31,925 [Listener at 127.0.0.1/40321] INFO  http.HttpServer2 (HttpServer2.java:addFilter(1015)) - Added filter static_user_filter (class=org.apache.hadoop.http.lib.StaticUserWebFilter$StaticUserFilter) to context static
2023-03-16 20:05:31,926 [Listener at 127.0.0.1/40321] INFO  http.HttpServer2 (HttpServer2.java:addFilter(1015)) - Added filter static_user_filter (class=org.apache.hadoop.http.lib.StaticUserWebFilter$StaticUserFilter) to context logs
2023-03-16 20:05:31,926 [Listener at 127.0.0.1/40321] INFO  http.BaseHttpServer (BaseHttpServer.java:<init>(190)) - HTTP server of hddsDatanode uses base directory /home/runner/work/ozone/ozone/hadoop-ozone/integration-test/target/test-dir/MiniOzoneClusterImpl-c7341fe8-f2e3-4722-9e04-a1c7dbed4fc1/datanode-4/meta/webserver
2023-03-16 20:05:31,927 [Listener at 127.0.0.1/40321] INFO  http.HttpServer2 (HttpServer2.java:bindListener(1250)) - Jetty bound to port 43703
2023-03-16 20:05:31,927 [Listener at 127.0.0.1/40321] INFO  server.Server (Server.java:doStart(375)) - jetty-9.4.49.v20220914; built: 2022-09-14T01:07:36.601Z; git: 4231a3b2e4cb8548a412a789936d640a97b1aa0a; jvm 1.8.0_362-b09
2023-03-16 20:05:31,930 [Listener at 127.0.0.1/40321] INFO  server.session (DefaultSessionIdManager.java:doStart(334)) - DefaultSessionIdManager workerName=node0
2023-03-16 20:05:31,930 [Listener at 127.0.0.1/40321] INFO  server.session (DefaultSessionIdManager.java:doStart(339)) - No SessionScavenger set, using defaults
2023-03-16 20:05:31,930 [Listener at 127.0.0.1/40321] INFO  server.session (HouseKeeper.java:startScavenging(132)) - node0 Scavenging every 660000ms
2023-03-16 20:05:31,932 [Listener at 127.0.0.1/40321] INFO  handler.ContextHandler (ContextHandler.java:doStart(921)) - Started o.e.j.s.ServletContextHandler@59d4bb2d{logs,/logs,file:///home/runner/work/ozone/ozone/hadoop-ozone/integration-test/target/log,AVAILABLE}
2023-03-16 20:05:31,932 [Listener at 127.0.0.1/40321] INFO  handler.ContextHandler (ContextHandler.java:doStart(921)) - Started o.e.j.s.ServletContextHandler@3f5d4388{static,/static,jar:file:/home/runner/.m2/repository/org/apache/ozone/hdds-container-service/1.4.0-SNAPSHOT/hdds-container-service-1.4.0-SNAPSHOT.jar!/webapps/static,AVAILABLE}
2023-03-16 20:05:32,187 [Listener at 127.0.0.1/40321] INFO  handler.ContextHandler (ContextHandler.java:doStart(921)) - Started o.e.j.w.WebAppContext@72825613{hddsDatanode,/,file:///home/runner/work/ozone/ozone/hadoop-ozone/integration-test/target/test-dir/MiniOzoneClusterImpl-c7341fe8-f2e3-4722-9e04-a1c7dbed4fc1/datanode-4/meta/webserver/jetty-0_0_0_0-43703-hdds-container-service-1_4_0-SNAPSHOT_jar-_-any-9027607612651987136/webapp/,AVAILABLE}{jar:file:/home/runner/.m2/repository/org/apache/ozone/hdds-container-service/1.4.0-SNAPSHOT/hdds-container-service-1.4.0-SNAPSHOT.jar!/webapps/hddsDatanode}
2023-03-16 20:05:32,190 [Listener at 127.0.0.1/40321] INFO  server.AbstractConnector (AbstractConnector.java:doStart(333)) - Started ServerConnector@63fe4487{HTTP/1.1, (http/1.1)}{0.0.0.0:43703}
2023-03-16 20:05:32,190 [Listener at 127.0.0.1/40321] INFO  server.Server (Server.java:doStart(415)) - Started @109661ms
2023-03-16 20:05:32,190 [Listener at 127.0.0.1/40321] WARN  impl.MetricsSystemImpl (MetricsSystemImpl.java:register(279)) - Sink prometheus already exists!
2023-03-16 20:05:32,191 [Listener at 127.0.0.1/40321] INFO  http.BaseHttpServer (BaseHttpServer.java:updateConnectorAddress(344)) - HTTP server of hddsDatanode listening at http://0.0.0.0:43703
2023-03-16 20:05:32,192 [Listener at 127.0.0.1/40321] INFO  ozone.MiniOzoneClusterImpl (MiniOzoneClusterImpl.java:lambda$waitForClusterToBeReady$0(222)) - Waiting for nodes to be ready. Got 0 of 5 DN Heartbeats.
2023-03-16 20:05:32,192 [Listener at 127.0.0.1/40321] INFO  ozone.MiniOzoneClusterImpl (MiniOzoneClusterImpl.java:lambda$waitForClusterToBeReady$0(225)) - Waiting for cluster to exit safe mode
2023-03-16 20:05:32,192 [Listener at 127.0.0.1/40321] INFO  ozone.MiniOzoneClusterImpl (MiniOzoneClusterImpl.java:lambda$waitForClusterToBeReady$0(227)) - SCM became leader
2023-03-16 20:05:32,194 [Datanode State Machine Daemon Thread] INFO  statemachine.DatanodeStateMachine (DatanodeStateMachine.java:lambda$startDaemon$0(517)) - Ozone container server started.
2023-03-16 20:05:32,200 [org.apache.hadoop.util.JvmPauseMonitor$Monitor@75aeea62] INFO  util.JvmPauseMonitor (JvmPauseMonitor.java:run(188)) - Starting JVM pause monitor
2023-03-16 20:05:32,202 [Datanode State Machine Task Thread - 0] INFO  datanode.InitDatanodeState (InitDatanodeState.java:persistContainerDatanodeDetails(138)) - DatanodeDetails is persisted to /home/runner/work/ozone/ozone/hadoop-ozone/integration-test/target/test-dir/MiniOzoneClusterImpl-c7341fe8-f2e3-4722-9e04-a1c7dbed4fc1/datanode-4/meta/datanode.id
2023-03-16 20:05:32,424 [EndpointStateMachine task thread for /0.0.0.0:39383 - 0 ] INFO  utils.DatanodeStoreCache (DatanodeStoreCache.java:addDB(58)) - Added db /home/runner/work/ozone/ozone/hadoop-ozone/integration-test/target/test-dir/MiniOzoneClusterImpl-c7341fe8-f2e3-4722-9e04-a1c7dbed4fc1/datanode-0/data-0/containers/hdds/c7341fe8-f2e3-4722-9e04-a1c7dbed4fc1/DS-641219a0-8fd7-477a-9df5-1d52c6b2952b/container.db to cache
2023-03-16 20:05:32,424 [EndpointStateMachine task thread for /0.0.0.0:39383 - 0 ] INFO  volume.HddsVolume (HddsVolume.java:createDbStore(349)) - SchemaV3 db is created and loaded at /home/runner/work/ozone/ozone/hadoop-ozone/integration-test/target/test-dir/MiniOzoneClusterImpl-c7341fe8-f2e3-4722-9e04-a1c7dbed4fc1/datanode-0/data-0/containers/hdds/c7341fe8-f2e3-4722-9e04-a1c7dbed4fc1/DS-641219a0-8fd7-477a-9df5-1d52c6b2952b/container.db for volume DS-641219a0-8fd7-477a-9df5-1d52c6b2952b
2023-03-16 20:05:32,425 [EndpointStateMachine task thread for /0.0.0.0:39383 - 0 ] INFO  ozoneimpl.OzoneContainer (OzoneContainer.java:start(401)) - Attempting to start container services.
2023-03-16 20:05:32,425 [EndpointStateMachine task thread for /0.0.0.0:39383 - 0 ] INFO  ozoneimpl.OzoneContainer (OzoneContainer.java:startContainerScrub(318)) - Scheduled background container scanners and the on-demand container scanner have been disabled.
2023-03-16 20:05:32,434 [EndpointStateMachine task thread for /0.0.0.0:39383 - 0 ] INFO  replication.ReplicationServer (ReplicationServer.java:start(109)) - ReplicationServer is started using port 40661
2023-03-16 20:05:32,435 [EndpointStateMachine task thread for /0.0.0.0:39383 - 0 ] INFO  ratis.XceiverServerRatis (XceiverServerRatis.java:start(518)) - Starting XceiverServerRatis 77c004ef-6c20-479a-84fb-1570edc7ba10
2023-03-16 20:05:32,436 [EndpointStateMachine task thread for /0.0.0.0:39383 - 0 ] INFO  server.RaftServer (RaftServerProxy.java:startImpl(393)) - 77c004ef-6c20-479a-84fb-1570edc7ba10: start RPC server
2023-03-16 20:05:32,443 [EndpointStateMachine task thread for /0.0.0.0:39383 - 0 ] INFO  server.GrpcService (GrpcService.java:startImpl(262)) - 77c004ef-6c20-479a-84fb-1570edc7ba10: GrpcService started, listening on 43577
2023-03-16 20:05:32,444 [EndpointStateMachine task thread for /0.0.0.0:39383 - 0 ] INFO  ratis.XceiverServerRatis (XceiverServerRatis.java:getRealPort(544)) - XceiverServerRatis 77c004ef-6c20-479a-84fb-1570edc7ba10 is started using port 43577 for RATIS
2023-03-16 20:05:32,444 [EndpointStateMachine task thread for /0.0.0.0:39383 - 0 ] INFO  ratis.XceiverServerRatis (XceiverServerRatis.java:getRealPort(544)) - XceiverServerRatis 77c004ef-6c20-479a-84fb-1570edc7ba10 is started using port 43577 for RATIS_ADMIN
2023-03-16 20:05:32,444 [JvmPauseMonitor6] INFO  util.JvmPauseMonitor (JvmPauseMonitor.java:run(105)) - JvmPauseMonitor-77c004ef-6c20-479a-84fb-1570edc7ba10: Started
2023-03-16 20:05:32,444 [EndpointStateMachine task thread for /0.0.0.0:39383 - 0 ] INFO  ratis.XceiverServerRatis (XceiverServerRatis.java:getRealPort(544)) - XceiverServerRatis 77c004ef-6c20-479a-84fb-1570edc7ba10 is started using port 43577 for RATIS_SERVER
2023-03-16 20:05:32,444 [EndpointStateMachine task thread for /0.0.0.0:39383 - 0 ] INFO  ratis.XceiverServerRatis (XceiverServerRatis.java:getRealPort(544)) - XceiverServerRatis 77c004ef-6c20-479a-84fb-1570edc7ba10 is started using port 38139 for RATIS_DATASTREAM
2023-03-16 20:05:32,446 [EndpointStateMachine task thread for /0.0.0.0:39383 - 0 ] INFO  server.XceiverServerGrpc (XceiverServerGrpc.java:start(180)) - XceiverServerGrpc 77c004ef-6c20-479a-84fb-1570edc7ba10 is started using port 35055
2023-03-16 20:05:32,449 [BlockDeletingService#0] INFO  interfaces.ContainerDeletionChoosingPolicyTemplate (ContainerDeletionChoosingPolicyTemplate.java:chooseContainerForBlockDeletion(83)) - Chosen 0/5000 blocks from 0 candidate containers.
2023-03-16 20:05:32,861 [EndpointStateMachine task thread for /0.0.0.0:39383 - 0 ] INFO  utils.DatanodeStoreCache (DatanodeStoreCache.java:addDB(58)) - Added db /home/runner/work/ozone/ozone/hadoop-ozone/integration-test/target/test-dir/MiniOzoneClusterImpl-c7341fe8-f2e3-4722-9e04-a1c7dbed4fc1/datanode-1/data-0/containers/hdds/c7341fe8-f2e3-4722-9e04-a1c7dbed4fc1/DS-adaa2ab1-f11d-4a72-86ae-1e0c0ccba13b/container.db to cache
2023-03-16 20:05:32,861 [EndpointStateMachine task thread for /0.0.0.0:39383 - 0 ] INFO  volume.HddsVolume (HddsVolume.java:createDbStore(349)) - SchemaV3 db is created and loaded at /home/runner/work/ozone/ozone/hadoop-ozone/integration-test/target/test-dir/MiniOzoneClusterImpl-c7341fe8-f2e3-4722-9e04-a1c7dbed4fc1/datanode-1/data-0/containers/hdds/c7341fe8-f2e3-4722-9e04-a1c7dbed4fc1/DS-adaa2ab1-f11d-4a72-86ae-1e0c0ccba13b/container.db for volume DS-adaa2ab1-f11d-4a72-86ae-1e0c0ccba13b
2023-03-16 20:05:32,862 [EndpointStateMachine task thread for /0.0.0.0:39383 - 0 ] INFO  ozoneimpl.OzoneContainer (OzoneContainer.java:start(401)) - Attempting to start container services.
2023-03-16 20:05:32,862 [EndpointStateMachine task thread for /0.0.0.0:39383 - 0 ] INFO  ozoneimpl.OzoneContainer (OzoneContainer.java:startContainerScrub(318)) - Scheduled background container scanners and the on-demand container scanner have been disabled.
2023-03-16 20:05:32,868 [EndpointStateMachine task thread for /0.0.0.0:39383 - 0 ] INFO  replication.ReplicationServer (ReplicationServer.java:start(109)) - ReplicationServer is started using port 46579
2023-03-16 20:05:32,868 [EndpointStateMachine task thread for /0.0.0.0:39383 - 0 ] INFO  ratis.XceiverServerRatis (XceiverServerRatis.java:start(518)) - Starting XceiverServerRatis c4e89383-110e-4923-8697-fad4fff4e184
2023-03-16 20:05:32,869 [EndpointStateMachine task thread for /0.0.0.0:39383 - 0 ] INFO  server.RaftServer (RaftServerProxy.java:startImpl(393)) - c4e89383-110e-4923-8697-fad4fff4e184: start RPC server
2023-03-16 20:05:32,873 [EndpointStateMachine task thread for /0.0.0.0:39383 - 0 ] INFO  server.GrpcService (GrpcService.java:startImpl(262)) - c4e89383-110e-4923-8697-fad4fff4e184: GrpcService started, listening on 41947
2023-03-16 20:05:32,873 [EndpointStateMachine task thread for /0.0.0.0:39383 - 0 ] INFO  ratis.XceiverServerRatis (XceiverServerRatis.java:getRealPort(544)) - XceiverServerRatis c4e89383-110e-4923-8697-fad4fff4e184 is started using port 41947 for RATIS
2023-03-16 20:05:32,873 [EndpointStateMachine task thread for /0.0.0.0:39383 - 0 ] INFO  ratis.XceiverServerRatis (XceiverServerRatis.java:getRealPort(544)) - XceiverServerRatis c4e89383-110e-4923-8697-fad4fff4e184 is started using port 41947 for RATIS_ADMIN
2023-03-16 20:05:32,873 [EndpointStateMachine task thread for /0.0.0.0:39383 - 0 ] INFO  ratis.XceiverServerRatis (XceiverServerRatis.java:getRealPort(544)) - XceiverServerRatis c4e89383-110e-4923-8697-fad4fff4e184 is started using port 41947 for RATIS_SERVER
2023-03-16 20:05:32,873 [EndpointStateMachine task thread for /0.0.0.0:39383 - 0 ] INFO  ratis.XceiverServerRatis (XceiverServerRatis.java:getRealPort(544)) - XceiverServerRatis c4e89383-110e-4923-8697-fad4fff4e184 is started using port 45915 for RATIS_DATASTREAM
2023-03-16 20:05:32,876 [JvmPauseMonitor7] INFO  util.JvmPauseMonitor (JvmPauseMonitor.java:run(105)) - JvmPauseMonitor-c4e89383-110e-4923-8697-fad4fff4e184: Started
2023-03-16 20:05:32,878 [EndpointStateMachine task thread for /0.0.0.0:39383 - 0 ] INFO  server.XceiverServerGrpc (XceiverServerGrpc.java:start(180)) - XceiverServerGrpc c4e89383-110e-4923-8697-fad4fff4e184 is started using port 39841
2023-03-16 20:05:32,879 [BlockDeletingService#0] INFO  interfaces.ContainerDeletionChoosingPolicyTemplate (ContainerDeletionChoosingPolicyTemplate.java:chooseContainerForBlockDeletion(83)) - Chosen 0/5000 blocks from 0 candidate containers.
2023-03-16 20:05:33,192 [Listener at 127.0.0.1/40321] INFO  ozone.MiniOzoneClusterImpl (MiniOzoneClusterImpl.java:lambda$waitForClusterToBeReady$0(222)) - Waiting for nodes to be ready. Got 0 of 5 DN Heartbeats.
2023-03-16 20:05:33,192 [Listener at 127.0.0.1/40321] INFO  ozone.MiniOzoneClusterImpl (MiniOzoneClusterImpl.java:lambda$waitForClusterToBeReady$0(225)) - Waiting for cluster to exit safe mode
2023-03-16 20:05:33,193 [Listener at 127.0.0.1/40321] INFO  ozone.MiniOzoneClusterImpl (MiniOzoneClusterImpl.java:lambda$waitForClusterToBeReady$0(227)) - SCM became leader
2023-03-16 20:05:33,336 [EndpointStateMachine task thread for /0.0.0.0:39383 - 0 ] INFO  utils.DatanodeStoreCache (DatanodeStoreCache.java:addDB(58)) - Added db /home/runner/work/ozone/ozone/hadoop-ozone/integration-test/target/test-dir/MiniOzoneClusterImpl-c7341fe8-f2e3-4722-9e04-a1c7dbed4fc1/datanode-2/data-0/containers/hdds/c7341fe8-f2e3-4722-9e04-a1c7dbed4fc1/DS-648aa44f-a001-45bb-b56f-c7c8c5abcc0f/container.db to cache
2023-03-16 20:05:33,336 [EndpointStateMachine task thread for /0.0.0.0:39383 - 0 ] INFO  volume.HddsVolume (HddsVolume.java:createDbStore(349)) - SchemaV3 db is created and loaded at /home/runner/work/ozone/ozone/hadoop-ozone/integration-test/target/test-dir/MiniOzoneClusterImpl-c7341fe8-f2e3-4722-9e04-a1c7dbed4fc1/datanode-2/data-0/containers/hdds/c7341fe8-f2e3-4722-9e04-a1c7dbed4fc1/DS-648aa44f-a001-45bb-b56f-c7c8c5abcc0f/container.db for volume DS-648aa44f-a001-45bb-b56f-c7c8c5abcc0f
2023-03-16 20:05:33,337 [EndpointStateMachine task thread for /0.0.0.0:39383 - 0 ] INFO  ozoneimpl.OzoneContainer (OzoneContainer.java:start(401)) - Attempting to start container services.
2023-03-16 20:05:33,337 [EndpointStateMachine task thread for /0.0.0.0:39383 - 0 ] INFO  ozoneimpl.OzoneContainer (OzoneContainer.java:startContainerScrub(318)) - Scheduled background container scanners and the on-demand container scanner have been disabled.
2023-03-16 20:05:33,341 [EndpointStateMachine task thread for /0.0.0.0:39383 - 0 ] INFO  replication.ReplicationServer (ReplicationServer.java:start(109)) - ReplicationServer is started using port 35633
2023-03-16 20:05:33,342 [EndpointStateMachine task thread for /0.0.0.0:39383 - 0 ] INFO  ratis.XceiverServerRatis (XceiverServerRatis.java:start(518)) - Starting XceiverServerRatis 8a432d69-9095-4d8b-a714-320becebd573
2023-03-16 20:05:33,342 [EndpointStateMachine task thread for /0.0.0.0:39383 - 0 ] INFO  server.RaftServer (RaftServerProxy.java:startImpl(393)) - 8a432d69-9095-4d8b-a714-320becebd573: start RPC server
2023-03-16 20:05:33,348 [EndpointStateMachine task thread for /0.0.0.0:39383 - 0 ] INFO  server.GrpcService (GrpcService.java:startImpl(262)) - 8a432d69-9095-4d8b-a714-320becebd573: GrpcService started, listening on 43533
2023-03-16 20:05:33,349 [EndpointStateMachine task thread for /0.0.0.0:39383 - 0 ] INFO  ratis.XceiverServerRatis (XceiverServerRatis.java:getRealPort(544)) - XceiverServerRatis 8a432d69-9095-4d8b-a714-320becebd573 is started using port 43533 for RATIS
2023-03-16 20:05:33,349 [EndpointStateMachine task thread for /0.0.0.0:39383 - 0 ] INFO  ratis.XceiverServerRatis (XceiverServerRatis.java:getRealPort(544)) - XceiverServerRatis 8a432d69-9095-4d8b-a714-320becebd573 is started using port 43533 for RATIS_ADMIN
2023-03-16 20:05:33,349 [EndpointStateMachine task thread for /0.0.0.0:39383 - 0 ] INFO  ratis.XceiverServerRatis (XceiverServerRatis.java:getRealPort(544)) - XceiverServerRatis 8a432d69-9095-4d8b-a714-320becebd573 is started using port 43533 for RATIS_SERVER
2023-03-16 20:05:33,349 [EndpointStateMachine task thread for /0.0.0.0:39383 - 0 ] INFO  ratis.XceiverServerRatis (XceiverServerRatis.java:getRealPort(544)) - XceiverServerRatis 8a432d69-9095-4d8b-a714-320becebd573 is started using port 42805 for RATIS_DATASTREAM
2023-03-16 20:05:33,349 [JvmPauseMonitor8] INFO  util.JvmPauseMonitor (JvmPauseMonitor.java:run(105)) - JvmPauseMonitor-8a432d69-9095-4d8b-a714-320becebd573: Started
2023-03-16 20:05:33,352 [EndpointStateMachine task thread for /0.0.0.0:39383 - 0 ] INFO  server.XceiverServerGrpc (XceiverServerGrpc.java:start(180)) - XceiverServerGrpc 8a432d69-9095-4d8b-a714-320becebd573 is started using port 33881
2023-03-16 20:05:33,353 [BlockDeletingService#0] INFO  interfaces.ContainerDeletionChoosingPolicyTemplate (ContainerDeletionChoosingPolicyTemplate.java:chooseContainerForBlockDeletion(83)) - Chosen 0/5000 blocks from 0 candidate containers.
2023-03-16 20:05:33,789 [EndpointStateMachine task thread for /0.0.0.0:39383 - 0 ] INFO  utils.DatanodeStoreCache (DatanodeStoreCache.java:addDB(58)) - Added db /home/runner/work/ozone/ozone/hadoop-ozone/integration-test/target/test-dir/MiniOzoneClusterImpl-c7341fe8-f2e3-4722-9e04-a1c7dbed4fc1/datanode-3/data-0/containers/hdds/c7341fe8-f2e3-4722-9e04-a1c7dbed4fc1/DS-0f1912cd-f8aa-4c72-ba87-1f992b2b57bd/container.db to cache
2023-03-16 20:05:33,789 [EndpointStateMachine task thread for /0.0.0.0:39383 - 0 ] INFO  volume.HddsVolume (HddsVolume.java:createDbStore(349)) - SchemaV3 db is created and loaded at /home/runner/work/ozone/ozone/hadoop-ozone/integration-test/target/test-dir/MiniOzoneClusterImpl-c7341fe8-f2e3-4722-9e04-a1c7dbed4fc1/datanode-3/data-0/containers/hdds/c7341fe8-f2e3-4722-9e04-a1c7dbed4fc1/DS-0f1912cd-f8aa-4c72-ba87-1f992b2b57bd/container.db for volume DS-0f1912cd-f8aa-4c72-ba87-1f992b2b57bd
2023-03-16 20:05:33,790 [EndpointStateMachine task thread for /0.0.0.0:39383 - 0 ] INFO  ozoneimpl.OzoneContainer (OzoneContainer.java:start(401)) - Attempting to start container services.
2023-03-16 20:05:33,790 [EndpointStateMachine task thread for /0.0.0.0:39383 - 0 ] INFO  ozoneimpl.OzoneContainer (OzoneContainer.java:startContainerScrub(318)) - Scheduled background container scanners and the on-demand container scanner have been disabled.
2023-03-16 20:05:33,795 [EndpointStateMachine task thread for /0.0.0.0:39383 - 0 ] INFO  replication.ReplicationServer (ReplicationServer.java:start(109)) - ReplicationServer is started using port 37263
2023-03-16 20:05:33,796 [EndpointStateMachine task thread for /0.0.0.0:39383 - 0 ] INFO  ratis.XceiverServerRatis (XceiverServerRatis.java:start(518)) - Starting XceiverServerRatis b8c04efc-d1c9-41eb-be33-8d90dc945da6
2023-03-16 20:05:33,797 [EndpointStateMachine task thread for /0.0.0.0:39383 - 0 ] INFO  server.RaftServer (RaftServerProxy.java:startImpl(393)) - b8c04efc-d1c9-41eb-be33-8d90dc945da6: start RPC server
2023-03-16 20:05:33,799 [EndpointStateMachine task thread for /0.0.0.0:39383 - 0 ] INFO  server.GrpcService (GrpcService.java:startImpl(262)) - b8c04efc-d1c9-41eb-be33-8d90dc945da6: GrpcService started, listening on 45279
2023-03-16 20:05:33,799 [EndpointStateMachine task thread for /0.0.0.0:39383 - 0 ] INFO  ratis.XceiverServerRatis (XceiverServerRatis.java:getRealPort(544)) - XceiverServerRatis b8c04efc-d1c9-41eb-be33-8d90dc945da6 is started using port 45279 for RATIS
2023-03-16 20:05:33,799 [EndpointStateMachine task thread for /0.0.0.0:39383 - 0 ] INFO  ratis.XceiverServerRatis (XceiverServerRatis.java:getRealPort(544)) - XceiverServerRatis b8c04efc-d1c9-41eb-be33-8d90dc945da6 is started using port 45279 for RATIS_ADMIN
2023-03-16 20:05:33,799 [EndpointStateMachine task thread for /0.0.0.0:39383 - 0 ] INFO  ratis.XceiverServerRatis (XceiverServerRatis.java:getRealPort(544)) - XceiverServerRatis b8c04efc-d1c9-41eb-be33-8d90dc945da6 is started using port 45279 for RATIS_SERVER
2023-03-16 20:05:33,799 [EndpointStateMachine task thread for /0.0.0.0:39383 - 0 ] INFO  ratis.XceiverServerRatis (XceiverServerRatis.java:getRealPort(544)) - XceiverServerRatis b8c04efc-d1c9-41eb-be33-8d90dc945da6 is started using port 41783 for RATIS_DATASTREAM
2023-03-16 20:05:33,800 [JvmPauseMonitor9] INFO  util.JvmPauseMonitor (JvmPauseMonitor.java:run(105)) - JvmPauseMonitor-b8c04efc-d1c9-41eb-be33-8d90dc945da6: Started
2023-03-16 20:05:33,802 [EndpointStateMachine task thread for /0.0.0.0:39383 - 0 ] INFO  server.XceiverServerGrpc (XceiverServerGrpc.java:start(180)) - XceiverServerGrpc b8c04efc-d1c9-41eb-be33-8d90dc945da6 is started using port 37621
2023-03-16 20:05:33,803 [BlockDeletingService#0] INFO  interfaces.ContainerDeletionChoosingPolicyTemplate (ContainerDeletionChoosingPolicyTemplate.java:chooseContainerForBlockDeletion(83)) - Chosen 0/5000 blocks from 0 candidate containers.
2023-03-16 20:05:34,193 [Listener at 127.0.0.1/40321] INFO  ozone.MiniOzoneClusterImpl (MiniOzoneClusterImpl.java:lambda$waitForClusterToBeReady$0(222)) - Waiting for nodes to be ready. Got 0 of 5 DN Heartbeats.
2023-03-16 20:05:34,193 [Listener at 127.0.0.1/40321] INFO  ozone.MiniOzoneClusterImpl (MiniOzoneClusterImpl.java:lambda$waitForClusterToBeReady$0(225)) - Waiting for cluster to exit safe mode
2023-03-16 20:05:34,193 [Listener at 127.0.0.1/40321] INFO  ozone.MiniOzoneClusterImpl (MiniOzoneClusterImpl.java:lambda$waitForClusterToBeReady$0(227)) - SCM became leader
2023-03-16 20:05:34,256 [EndpointStateMachine task thread for /0.0.0.0:39383 - 0 ] INFO  utils.DatanodeStoreCache (DatanodeStoreCache.java:addDB(58)) - Added db /home/runner/work/ozone/ozone/hadoop-ozone/integration-test/target/test-dir/MiniOzoneClusterImpl-c7341fe8-f2e3-4722-9e04-a1c7dbed4fc1/datanode-4/data-0/containers/hdds/c7341fe8-f2e3-4722-9e04-a1c7dbed4fc1/DS-d67b0a70-a0fe-42f9-9e20-b39076102b1f/container.db to cache
2023-03-16 20:05:34,256 [EndpointStateMachine task thread for /0.0.0.0:39383 - 0 ] INFO  volume.HddsVolume (HddsVolume.java:createDbStore(349)) - SchemaV3 db is created and loaded at /home/runner/work/ozone/ozone/hadoop-ozone/integration-test/target/test-dir/MiniOzoneClusterImpl-c7341fe8-f2e3-4722-9e04-a1c7dbed4fc1/datanode-4/data-0/containers/hdds/c7341fe8-f2e3-4722-9e04-a1c7dbed4fc1/DS-d67b0a70-a0fe-42f9-9e20-b39076102b1f/container.db for volume DS-d67b0a70-a0fe-42f9-9e20-b39076102b1f
2023-03-16 20:05:34,256 [EndpointStateMachine task thread for /0.0.0.0:39383 - 0 ] INFO  ozoneimpl.OzoneContainer (OzoneContainer.java:start(401)) - Attempting to start container services.
2023-03-16 20:05:34,257 [EndpointStateMachine task thread for /0.0.0.0:39383 - 0 ] INFO  ozoneimpl.OzoneContainer (OzoneContainer.java:startContainerScrub(318)) - Scheduled background container scanners and the on-demand container scanner have been disabled.
2023-03-16 20:05:34,264 [EndpointStateMachine task thread for /0.0.0.0:39383 - 0 ] INFO  replication.ReplicationServer (ReplicationServer.java:start(109)) - ReplicationServer is started using port 38477
2023-03-16 20:05:34,265 [EndpointStateMachine task thread for /0.0.0.0:39383 - 0 ] INFO  ratis.XceiverServerRatis (XceiverServerRatis.java:start(518)) - Starting XceiverServerRatis 9af49bef-8086-45bf-a9fe-0593dfe94cbe
2023-03-16 20:05:34,268 [EndpointStateMachine task thread for /0.0.0.0:39383 - 0 ] INFO  server.RaftServer (RaftServerProxy.java:startImpl(393)) - 9af49bef-8086-45bf-a9fe-0593dfe94cbe: start RPC server
2023-03-16 20:05:34,282 [EndpointStateMachine task thread for /0.0.0.0:39383 - 0 ] INFO  server.GrpcService (GrpcService.java:startImpl(262)) - 9af49bef-8086-45bf-a9fe-0593dfe94cbe: GrpcService started, listening on 37907
2023-03-16 20:05:34,283 [EndpointStateMachine task thread for /0.0.0.0:39383 - 0 ] INFO  ratis.XceiverServerRatis (XceiverServerRatis.java:getRealPort(544)) - XceiverServerRatis 9af49bef-8086-45bf-a9fe-0593dfe94cbe is started using port 37907 for RATIS
2023-03-16 20:05:34,283 [EndpointStateMachine task thread for /0.0.0.0:39383 - 0 ] INFO  ratis.XceiverServerRatis (XceiverServerRatis.java:getRealPort(544)) - XceiverServerRatis 9af49bef-8086-45bf-a9fe-0593dfe94cbe is started using port 37907 for RATIS_ADMIN
2023-03-16 20:05:34,283 [EndpointStateMachine task thread for /0.0.0.0:39383 - 0 ] INFO  ratis.XceiverServerRatis (XceiverServerRatis.java:getRealPort(544)) - XceiverServerRatis 9af49bef-8086-45bf-a9fe-0593dfe94cbe is started using port 37907 for RATIS_SERVER
2023-03-16 20:05:34,283 [JvmPauseMonitor10] INFO  util.JvmPauseMonitor (JvmPauseMonitor.java:run(105)) - JvmPauseMonitor-9af49bef-8086-45bf-a9fe-0593dfe94cbe: Started
2023-03-16 20:05:34,283 [EndpointStateMachine task thread for /0.0.0.0:39383 - 0 ] INFO  ratis.XceiverServerRatis (XceiverServerRatis.java:getRealPort(544)) - XceiverServerRatis 9af49bef-8086-45bf-a9fe-0593dfe94cbe is started using port 40125 for RATIS_DATASTREAM
2023-03-16 20:05:34,290 [EndpointStateMachine task thread for /0.0.0.0:39383 - 0 ] INFO  server.XceiverServerGrpc (XceiverServerGrpc.java:start(180)) - XceiverServerGrpc 9af49bef-8086-45bf-a9fe-0593dfe94cbe is started using port 41335
2023-03-16 20:05:34,292 [BlockDeletingService#0] INFO  interfaces.ContainerDeletionChoosingPolicyTemplate (ContainerDeletionChoosingPolicyTemplate.java:chooseContainerForBlockDeletion(83)) - Chosen 0/5000 blocks from 0 candidate containers.
2023-03-16 20:05:34,370 [IPC Server handler 2 on default port 39383] INFO  net.NetworkTopologyImpl (NetworkTopologyImpl.java:add(112)) - Added a new node: /default-rack/77c004ef-6c20-479a-84fb-1570edc7ba10
2023-03-16 20:05:34,371 [IPC Server handler 2 on default port 39383] INFO  node.SCMNodeManager (SCMNodeManager.java:register(404)) - Registered Data node : 77c004ef-6c20-479a-84fb-1570edc7ba10{ip: 10.1.0.41, host: fv-az371-917, ports: [REPLICATION=40661, RATIS=43577, RATIS_ADMIN=43577, RATIS_SERVER=43577, RATIS_DATASTREAM=38139, STANDALONE=35055], networkLocation: /default-rack, certSerialId: null, persistedOpState: null, persistedOpStateExpiryEpochSec: 0}
2023-03-16 20:05:34,385 [EventQueue-NodeRegistrationContainerReportForContainerSafeModeRule] INFO  safemode.SCMSafeModeManager (SCMSafeModeManager.java:validateSafeModeExitRules(200)) - ContainerSafeModeRule rule is successfully validated
2023-03-16 20:05:34,385 [EventQueue-NodeRegistrationContainerReportForDataNodeSafeModeRule] INFO  safemode.SCMSafeModeManager (DataNodeSafeModeRule.java:process(71)) - SCM in safe mode. 1 DataNodes registered, 3 required.
2023-03-16 20:05:34,398 [EventQueue-PipelineReportForOneReplicaPipelineSafeModeRule] INFO  safemode.SCMSafeModeManager (SCMSafeModeManager.java:validateSafeModeExitRules(200)) - AtleastOneDatanodeReportedRule rule is successfully validated
2023-03-16 20:05:34,398 [EventQueue-NewNodeForNewNodeHandler] INFO  pipeline.BackgroundPipelineCreator (BackgroundPipelineCreator.java:notifyEventTriggered(276)) - trigger a one-shot run on RatisPipelineUtilsThread.
2023-03-16 20:05:34,399 [RatisPipelineUtilsThread - 0] INFO  pipeline.RatisPipelineProvider (RatisPipelineProvider.java:lambda$create$0(206)) - Sending CreatePipelineCommand for pipeline:PipelineID=73df6ee5-b2c3-4bba-8471-d3aad9127f0a to datanode:77c004ef-6c20-479a-84fb-1570edc7ba10
2023-03-16 20:05:34,402 [RatisPipelineUtilsThread - 0] INFO  pipeline.PipelineStateManagerImpl (PipelineStateManagerImpl.java:addPipeline(103)) - Created pipeline Pipeline[ Id: 73df6ee5-b2c3-4bba-8471-d3aad9127f0a, Nodes: 77c004ef-6c20-479a-84fb-1570edc7ba10(fv-az371-917/10.1.0.41), ReplicationConfig: RATIS/ONE, State:ALLOCATED, leaderId:, CreationTimestamp2023-03-16T20:05:34.399Z[Etc/UTC]].
2023-03-16 20:05:34,815 [IPC Server handler 0 on default port 39383] INFO  net.NetworkTopologyImpl (NetworkTopologyImpl.java:add(112)) - Added a new node: /default-rack/c4e89383-110e-4923-8697-fad4fff4e184
2023-03-16 20:05:34,815 [IPC Server handler 0 on default port 39383] INFO  node.SCMNodeManager (SCMNodeManager.java:register(404)) - Registered Data node : c4e89383-110e-4923-8697-fad4fff4e184{ip: 10.1.0.41, host: fv-az371-917, ports: [REPLICATION=46579, RATIS=41947, RATIS_ADMIN=41947, RATIS_SERVER=41947, RATIS_DATASTREAM=45915, STANDALONE=39841], networkLocation: /default-rack, certSerialId: null, persistedOpState: null, persistedOpStateExpiryEpochSec: 0}
2023-03-16 20:05:34,817 [EventQueue-NewNodeForNewNodeHandler] INFO  pipeline.BackgroundPipelineCreator (BackgroundPipelineCreator.java:notifyEventTriggered(276)) - trigger a one-shot run on RatisPipelineUtilsThread.
2023-03-16 20:05:34,817 [EventQueue-NodeRegistrationContainerReportForDataNodeSafeModeRule] INFO  safemode.SCMSafeModeManager (DataNodeSafeModeRule.java:process(71)) - SCM in safe mode. 2 DataNodes registered, 3 required.
2023-03-16 20:05:34,818 [RatisPipelineUtilsThread - 0] INFO  pipeline.RatisPipelineProvider (RatisPipelineProvider.java:lambda$create$0(206)) - Sending CreatePipelineCommand for pipeline:PipelineID=f9382a30-f74b-439f-b821-7c553043777a to datanode:c4e89383-110e-4923-8697-fad4fff4e184
2023-03-16 20:05:34,818 [RatisPipelineUtilsThread - 0] INFO  pipeline.PipelineStateManagerImpl (PipelineStateManagerImpl.java:addPipeline(103)) - Created pipeline Pipeline[ Id: f9382a30-f74b-439f-b821-7c553043777a, Nodes: c4e89383-110e-4923-8697-fad4fff4e184(fv-az371-917/10.1.0.41), ReplicationConfig: RATIS/ONE, State:ALLOCATED, leaderId:, CreationTimestamp2023-03-16T20:05:34.818Z[Etc/UTC]].
2023-03-16 20:05:35,194 [Listener at 127.0.0.1/40321] INFO  ozone.MiniOzoneClusterImpl (MiniOzoneClusterImpl.java:lambda$waitForClusterToBeReady$0(222)) - Waiting for nodes to be ready. Got 2 of 5 DN Heartbeats.
2023-03-16 20:05:35,194 [Listener at 127.0.0.1/40321] INFO  ozone.MiniOzoneClusterImpl (MiniOzoneClusterImpl.java:lambda$waitForClusterToBeReady$0(225)) - Waiting for cluster to exit safe mode
2023-03-16 20:05:35,194 [Listener at 127.0.0.1/40321] INFO  ozone.MiniOzoneClusterImpl (MiniOzoneClusterImpl.java:lambda$waitForClusterToBeReady$0(227)) - SCM became leader
2023-03-16 20:05:35,274 [IPC Server handler 2 on default port 39383] INFO  net.NetworkTopologyImpl (NetworkTopologyImpl.java:add(112)) - Added a new node: /default-rack/8a432d69-9095-4d8b-a714-320becebd573
2023-03-16 20:05:35,274 [IPC Server handler 2 on default port 39383] INFO  node.SCMNodeManager (SCMNodeManager.java:register(404)) - Registered Data node : 8a432d69-9095-4d8b-a714-320becebd573{ip: 10.1.0.41, host: fv-az371-917, ports: [REPLICATION=35633, RATIS=43533, RATIS_ADMIN=43533, RATIS_SERVER=43533, RATIS_DATASTREAM=42805, STANDALONE=33881], networkLocation: /default-rack, certSerialId: null, persistedOpState: null, persistedOpStateExpiryEpochSec: 0}
2023-03-16 20:05:35,276 [EventQueue-NewNodeForNewNodeHandler] INFO  pipeline.BackgroundPipelineCreator (BackgroundPipelineCreator.java:notifyEventTriggered(276)) - trigger a one-shot run on RatisPipelineUtilsThread.
2023-03-16 20:05:35,276 [EventQueue-NodeRegistrationContainerReportForDataNodeSafeModeRule] INFO  safemode.SCMSafeModeManager (DataNodeSafeModeRule.java:process(71)) - SCM in safe mode. 3 DataNodes registered, 3 required.
2023-03-16 20:05:35,276 [EventQueue-NodeRegistrationContainerReportForDataNodeSafeModeRule] INFO  safemode.SCMSafeModeManager (SCMSafeModeManager.java:validateSafeModeExitRules(200)) - DataNodeSafeModeRule rule is successfully validated
2023-03-16 20:05:35,276 [EventQueue-NodeRegistrationContainerReportForDataNodeSafeModeRule] INFO  safemode.SCMSafeModeManager (SCMSafeModeManager.java:completePreCheck(229)) - All SCM safe mode pre check rules have passed
2023-03-16 20:05:35,276 [EventQueue-NodeRegistrationContainerReportForDataNodeSafeModeRule] INFO  ha.SCMContext (SCMContext.java:updateSafeModeStatus(228)) - Update SafeModeStatus from SafeModeStatus{safeModeStatus=true, preCheckPassed=false} to SafeModeStatus{safeModeStatus=true, preCheckPassed=true}.
2023-03-16 20:05:35,276 [EventQueue-NodeRegistrationContainerReportForDataNodeSafeModeRule] INFO  pipeline.BackgroundPipelineCreator (BackgroundPipelineCreator.java:notifyEventTriggered(276)) - trigger a one-shot run on RatisPipelineUtilsThread.
2023-03-16 20:05:35,276 [RatisPipelineUtilsThread - 0] INFO  pipeline.RatisPipelineProvider (RatisPipelineProvider.java:lambda$create$0(206)) - Sending CreatePipelineCommand for pipeline:PipelineID=6be96b37-a2d9-47bc-a879-f7073a844c74 to datanode:8a432d69-9095-4d8b-a714-320becebd573
2023-03-16 20:05:35,277 [RatisPipelineUtilsThread - 0] INFO  pipeline.PipelineStateManagerImpl (PipelineStateManagerImpl.java:addPipeline(103)) - Created pipeline Pipeline[ Id: 6be96b37-a2d9-47bc-a879-f7073a844c74, Nodes: 8a432d69-9095-4d8b-a714-320becebd573(fv-az371-917/10.1.0.41), ReplicationConfig: RATIS/ONE, State:ALLOCATED, leaderId:, CreationTimestamp2023-03-16T20:05:35.276Z[Etc/UTC]].
2023-03-16 20:05:35,278 [RatisPipelineUtilsThread - 0] INFO  pipeline.RatisPipelineProvider (RatisPipelineProvider.java:lambda$create$0(206)) - Sending CreatePipelineCommand for pipeline:PipelineID=df927098-acc7-49b5-b355-cc084f38a809 to datanode:c4e89383-110e-4923-8697-fad4fff4e184
2023-03-16 20:05:35,278 [RatisPipelineUtilsThread - 0] INFO  pipeline.RatisPipelineProvider (RatisPipelineProvider.java:lambda$create$0(206)) - Sending CreatePipelineCommand for pipeline:PipelineID=df927098-acc7-49b5-b355-cc084f38a809 to datanode:8a432d69-9095-4d8b-a714-320becebd573
2023-03-16 20:05:35,278 [RatisPipelineUtilsThread - 0] INFO  pipeline.RatisPipelineProvider (RatisPipelineProvider.java:lambda$create$0(206)) - Sending CreatePipelineCommand for pipeline:PipelineID=df927098-acc7-49b5-b355-cc084f38a809 to datanode:77c004ef-6c20-479a-84fb-1570edc7ba10
2023-03-16 20:05:35,278 [RatisPipelineUtilsThread - 0] INFO  pipeline.PipelineStateManagerImpl (PipelineStateManagerImpl.java:addPipeline(103)) - Created pipeline Pipeline[ Id: df927098-acc7-49b5-b355-cc084f38a809, Nodes: c4e89383-110e-4923-8697-fad4fff4e184(fv-az371-917/10.1.0.41)8a432d69-9095-4d8b-a714-320becebd573(fv-az371-917/10.1.0.41)77c004ef-6c20-479a-84fb-1570edc7ba10(fv-az371-917/10.1.0.41), ReplicationConfig: RATIS/THREE, State:ALLOCATED, leaderId:, CreationTimestamp2023-03-16T20:05:35.278Z[Etc/UTC]].
2023-03-16 20:05:35,279 [RatisPipelineUtilsThread - 0] INFO  pipeline.RatisPipelineProvider (RatisPipelineProvider.java:lambda$create$0(206)) - Sending CreatePipelineCommand for pipeline:PipelineID=9fd25088-a601-45c0-9c9f-f98a64716723 to datanode:8a432d69-9095-4d8b-a714-320becebd573
2023-03-16 20:05:35,279 [RatisPipelineUtilsThread - 0] INFO  pipeline.RatisPipelineProvider (RatisPipelineProvider.java:lambda$create$0(206)) - Sending CreatePipelineCommand for pipeline:PipelineID=9fd25088-a601-45c0-9c9f-f98a64716723 to datanode:77c004ef-6c20-479a-84fb-1570edc7ba10
2023-03-16 20:05:35,279 [RatisPipelineUtilsThread - 0] INFO  pipeline.RatisPipelineProvider (RatisPipelineProvider.java:lambda$create$0(206)) - Sending CreatePipelineCommand for pipeline:PipelineID=9fd25088-a601-45c0-9c9f-f98a64716723 to datanode:c4e89383-110e-4923-8697-fad4fff4e184
2023-03-16 20:05:35,280 [RatisPipelineUtilsThread - 0] INFO  pipeline.PipelineStateManagerImpl (PipelineStateManagerImpl.java:addPipeline(103)) - Created pipeline Pipeline[ Id: 9fd25088-a601-45c0-9c9f-f98a64716723, Nodes: 8a432d69-9095-4d8b-a714-320becebd573(fv-az371-917/10.1.0.41)77c004ef-6c20-479a-84fb-1570edc7ba10(fv-az371-917/10.1.0.41)c4e89383-110e-4923-8697-fad4fff4e184(fv-az371-917/10.1.0.41), ReplicationConfig: RATIS/THREE, State:ALLOCATED, leaderId:, CreationTimestamp2023-03-16T20:05:35.279Z[Etc/UTC]].
2023-03-16 20:05:35,280 [RatisPipelineUtilsThread - 0] INFO  pipeline.PipelineManagerImpl (PipelineManagerImpl.java:recordMetricsForPipeline(826)) - Pipeline: PipelineID=9fd25088-a601-45c0-9c9f-f98a64716723 contains same datanodes as previous pipelines: PipelineID=df927098-acc7-49b5-b355-cc084f38a809 nodeIds: 8a432d69-9095-4d8b-a714-320becebd573, 77c004ef-6c20-479a-84fb-1570edc7ba10, c4e89383-110e-4923-8697-fad4fff4e184
2023-03-16 20:05:35,280 [RatisPipelineUtilsThread - 0] WARN  pipeline.PipelinePlacementPolicy (PipelinePlacementPolicy.java:filterViableNodes(158)) - Pipeline creation failed due to no sufficient healthy datanodes. Required 3. Found 0.
2023-03-16 20:05:35,281 [RatisPipelineUtilsThread - 0] WARN  pipeline.PipelinePlacementPolicy (PipelinePlacementPolicy.java:filterViableNodes(158)) - Pipeline creation failed due to no sufficient healthy datanodes. Required 3. Found 0.
2023-03-16 20:05:35,735 [IPC Server handler 8 on default port 39383] INFO  net.NetworkTopologyImpl (NetworkTopologyImpl.java:add(112)) - Added a new node: /default-rack/b8c04efc-d1c9-41eb-be33-8d90dc945da6
2023-03-16 20:05:35,735 [IPC Server handler 8 on default port 39383] INFO  node.SCMNodeManager (SCMNodeManager.java:register(404)) - Registered Data node : b8c04efc-d1c9-41eb-be33-8d90dc945da6{ip: 10.1.0.41, host: fv-az371-917, ports: [REPLICATION=37263, RATIS=45279, RATIS_ADMIN=45279, RATIS_SERVER=45279, RATIS_DATASTREAM=41783, STANDALONE=37621], networkLocation: /default-rack, certSerialId: null, persistedOpState: null, persistedOpStateExpiryEpochSec: 0}
2023-03-16 20:05:35,736 [EventQueue-NewNodeForNewNodeHandler] INFO  pipeline.BackgroundPipelineCreator (BackgroundPipelineCreator.java:notifyEventTriggered(276)) - trigger a one-shot run on RatisPipelineUtilsThread.
2023-03-16 20:05:35,737 [RatisPipelineUtilsThread - 0] INFO  pipeline.RatisPipelineProvider (RatisPipelineProvider.java:lambda$create$0(206)) - Sending CreatePipelineCommand for pipeline:PipelineID=38387e45-7ca4-4ec0-9429-9e2d28238f67 to datanode:b8c04efc-d1c9-41eb-be33-8d90dc945da6
2023-03-16 20:05:35,738 [RatisPipelineUtilsThread - 0] INFO  pipeline.PipelineStateManagerImpl (PipelineStateManagerImpl.java:addPipeline(103)) - Created pipeline Pipeline[ Id: 38387e45-7ca4-4ec0-9429-9e2d28238f67, Nodes: b8c04efc-d1c9-41eb-be33-8d90dc945da6(fv-az371-917/10.1.0.41), ReplicationConfig: RATIS/ONE, State:ALLOCATED, leaderId:, CreationTimestamp2023-03-16T20:05:35.737Z[Etc/UTC]].
2023-03-16 20:05:35,740 [RatisPipelineUtilsThread - 0] WARN  pipeline.PipelinePlacementPolicy (PipelinePlacementPolicy.java:filterViableNodes(158)) - Pipeline creation failed due to no sufficient healthy datanodes. Required 3. Found 1.
2023-03-16 20:05:36,194 [Listener at 127.0.0.1/40321] INFO  ozone.MiniOzoneClusterImpl (MiniOzoneClusterImpl.java:lambda$waitForClusterToBeReady$0(222)) - Waiting for nodes to be ready. Got 4 of 5 DN Heartbeats.
2023-03-16 20:05:36,195 [Listener at 127.0.0.1/40321] INFO  ozone.MiniOzoneClusterImpl (MiniOzoneClusterImpl.java:lambda$waitForClusterToBeReady$0(225)) - Waiting for cluster to exit safe mode
2023-03-16 20:05:36,195 [Listener at 127.0.0.1/40321] INFO  ozone.MiniOzoneClusterImpl (MiniOzoneClusterImpl.java:lambda$waitForClusterToBeReady$0(227)) - SCM became leader
2023-03-16 20:05:36,202 [IPC Server handler 2 on default port 39383] INFO  net.NetworkTopologyImpl (NetworkTopologyImpl.java:add(112)) - Added a new node: /default-rack/9af49bef-8086-45bf-a9fe-0593dfe94cbe
2023-03-16 20:05:36,203 [IPC Server handler 2 on default port 39383] INFO  node.SCMNodeManager (SCMNodeManager.java:register(404)) - Registered Data node : 9af49bef-8086-45bf-a9fe-0593dfe94cbe{ip: 10.1.0.41, host: fv-az371-917, ports: [REPLICATION=38477, RATIS=37907, RATIS_ADMIN=37907, RATIS_SERVER=37907, RATIS_DATASTREAM=40125, STANDALONE=41335], networkLocation: /default-rack, certSerialId: null, persistedOpState: null, persistedOpStateExpiryEpochSec: 0}
2023-03-16 20:05:36,205 [EventQueue-NewNodeForNewNodeHandler] INFO  pipeline.BackgroundPipelineCreator (BackgroundPipelineCreator.java:notifyEventTriggered(276)) - trigger a one-shot run on RatisPipelineUtilsThread.
2023-03-16 20:05:36,206 [RatisPipelineUtilsThread - 0] INFO  pipeline.RatisPipelineProvider (RatisPipelineProvider.java:lambda$create$0(206)) - Sending CreatePipelineCommand for pipeline:PipelineID=40e28f42-f4f4-4582-a541-00af5b0a5337 to datanode:9af49bef-8086-45bf-a9fe-0593dfe94cbe
2023-03-16 20:05:36,207 [RatisPipelineUtilsThread - 0] INFO  pipeline.PipelineStateManagerImpl (PipelineStateManagerImpl.java:addPipeline(103)) - Created pipeline Pipeline[ Id: 40e28f42-f4f4-4582-a541-00af5b0a5337, Nodes: 9af49bef-8086-45bf-a9fe-0593dfe94cbe(fv-az371-917/10.1.0.41), ReplicationConfig: RATIS/ONE, State:ALLOCATED, leaderId:, CreationTimestamp2023-03-16T20:05:36.206Z[Etc/UTC]].
2023-03-16 20:05:36,207 [RatisPipelineUtilsThread - 0] WARN  pipeline.PipelinePlacementPolicy (PipelinePlacementPolicy.java:filterViableNodes(158)) - Pipeline creation failed due to no sufficient healthy datanodes. Required 3. Found 2.
2023-03-16 20:05:37,195 [Listener at 127.0.0.1/40321] INFO  ozone.MiniOzoneClusterImpl (MiniOzoneClusterImpl.java:lambda$waitForClusterToBeReady$0(222)) - Nodes are ready. Got 5 of 5 DN Heartbeats.
2023-03-16 20:05:37,196 [Listener at 127.0.0.1/40321] INFO  ozone.MiniOzoneClusterImpl (MiniOzoneClusterImpl.java:lambda$waitForClusterToBeReady$0(225)) - Waiting for cluster to exit safe mode
2023-03-16 20:05:37,196 [Listener at 127.0.0.1/40321] INFO  ozone.MiniOzoneClusterImpl (MiniOzoneClusterImpl.java:lambda$waitForClusterToBeReady$0(227)) - SCM became leader
2023-03-16 20:05:37,371 [Command processor thread] INFO  server.RaftServer (RaftServerProxy.java:addNew(96)) - 77c004ef-6c20-479a-84fb-1570edc7ba10: addNew group-D3AAD9127F0A:[77c004ef-6c20-479a-84fb-1570edc7ba10|rpc:10.1.0.41:43577|dataStream:10.1.0.41:38139|priority:1|startupRole:FOLLOWER] returns group-D3AAD9127F0A:java.util.concurrent.CompletableFuture@2dcf0c4f[Not completed]
2023-03-16 20:05:37,373 [pool-277-thread-1] INFO  server.RaftServer$Division (RaftServerImpl.java:<init>(195)) - 77c004ef-6c20-479a-84fb-1570edc7ba10: new RaftServerImpl for group-D3AAD9127F0A:[77c004ef-6c20-479a-84fb-1570edc7ba10|rpc:10.1.0.41:43577|dataStream:10.1.0.41:38139|priority:1|startupRole:FOLLOWER] with ContainerStateMachine:uninitialized
2023-03-16 20:05:37,373 [pool-277-thread-1] INFO  server.RaftServerConfigKeys (ConfUtils.java:logGet(46)) - raft.server.rpc.timeout.min = 5s (custom)
2023-03-16 20:05:37,373 [pool-277-thread-1] INFO  server.RaftServerConfigKeys (ConfUtils.java:logGet(46)) - raft.server.rpc.timeout.max = 5200ms (custom)
2023-03-16 20:05:37,374 [pool-277-thread-1] INFO  server.RaftServerConfigKeys (ConfUtils.java:logGet(46)) - raft.server.rpc.sleep.time = 25ms (default)
2023-03-16 20:05:37,374 [pool-277-thread-1] INFO  server.RaftServerConfigKeys (ConfUtils.java:logGet(46)) - raft.server.rpc.slowness.timeout = 300s (custom)
2023-03-16 20:05:37,374 [pool-277-thread-1] INFO  server.RaftServerConfigKeys (ConfUtils.java:logGet(46)) - raft.server.leaderelection.leader.step-down.wait-time = 10s (default)
2023-03-16 20:05:37,374 [pool-277-thread-1] INFO  server.RaftServerConfigKeys (ConfUtils.java:logGet(46)) - raft.server.sleep.deviation.threshold = 300ms (default)
2023-03-16 20:05:37,374 [pool-277-thread-1] INFO  server.RaftServer$Division (ServerState.java:<init>(118)) - 77c004ef-6c20-479a-84fb-1570edc7ba10@group-D3AAD9127F0A: ConfigurationManager, init=-1: peers:[77c004ef-6c20-479a-84fb-1570edc7ba10|rpc:10.1.0.41:43577|dataStream:10.1.0.41:38139|priority:1|startupRole:FOLLOWER]|listeners:[], old=null, confs=<EMPTY_MAP>
2023-03-16 20:05:37,374 [pool-277-thread-1] INFO  server.RaftServerConfigKeys (ConfUtils.java:logGet(46)) - raft.server.storage.dir = [/home/runner/work/ozone/ozone/hadoop-ozone/integration-test/target/test-dir/MiniOzoneClusterImpl-c7341fe8-f2e3-4722-9e04-a1c7dbed4fc1/datanode-0/data/ratis] (custom)
2023-03-16 20:05:37,374 [pool-277-thread-1] INFO  server.RaftServerConfigKeys (ConfUtils.java:logGet(46)) - raft.server.log.corruption.policy = EXCEPTION (default)
2023-03-16 20:05:37,374 [pool-277-thread-1] INFO  server.RaftServerConfigKeys (ConfUtils.java:logGet(46)) - raft.server.storage.free-space.min = 0MB (=0) (default)
2023-03-16 20:05:37,374 [pool-277-thread-1] INFO  server.RaftServerConfigKeys (ConfUtils.java:logGet(46)) - raft.server.notification.no-leader.timeout = 300s (custom)
2023-03-16 20:05:37,375 [pool-277-thread-1] INFO  server.RaftServerConfigKeys (ConfUtils.java:logGet(46)) - raft.server.retrycache.expirytime = 600000ms (custom)
2023-03-16 20:05:37,375 [pool-277-thread-1] INFO  server.RaftServerConfigKeys (ConfUtils.java:logGet(46)) - raft.server.retrycache.statistics.expirytime = 100μs (default)
2023-03-16 20:05:37,376 [pool-277-thread-1] INFO  server.RaftServerConfigKeys (ConfUtils.java:logGet(46)) - raft.server.log.appender.install.snapshot.enabled = false (custom)
2023-03-16 20:05:37,376 [pool-277-thread-1] INFO  server.RaftServerConfigKeys (ConfUtils.java:logGet(46)) - raft.server.threadpool.server.cached = true (default)
2023-03-16 20:05:37,376 [pool-277-thread-1] INFO  server.RaftServerConfigKeys (ConfUtils.java:logGet(46)) - raft.server.threadpool.server.size = 0 (default)
2023-03-16 20:05:37,376 [pool-277-thread-1] INFO  server.RaftServerConfigKeys (ConfUtils.java:logGet(46)) - raft.server.threadpool.client.cached = true (default)
2023-03-16 20:05:37,376 [pool-277-thread-1] INFO  server.RaftServerConfigKeys (ConfUtils.java:logGet(46)) - raft.server.threadpool.client.size = 0 (default)
2023-03-16 20:05:37,376 [pool-277-thread-1] INFO  storage.RaftStorageDirectory (RaftStorageDirectoryImpl.java:analyzeStorage(137)) - The storage directory /home/runner/work/ozone/ozone/hadoop-ozone/integration-test/target/test-dir/MiniOzoneClusterImpl-c7341fe8-f2e3-4722-9e04-a1c7dbed4fc1/datanode-0/data/ratis/73df6ee5-b2c3-4bba-8471-d3aad9127f0a does not exist. Creating ...
2023-03-16 20:05:37,378 [pool-277-thread-1] INFO  storage.RaftStorageDirectory (RaftStorageDirectoryImpl.java:tryLock(231)) - Lock on /home/runner/work/ozone/ozone/hadoop-ozone/integration-test/target/test-dir/MiniOzoneClusterImpl-c7341fe8-f2e3-4722-9e04-a1c7dbed4fc1/datanode-0/data/ratis/73df6ee5-b2c3-4bba-8471-d3aad9127f0a/in_use.lock acquired by nodename 79287@fv-az371-917
2023-03-16 20:05:37,379 [pool-277-thread-1] INFO  storage.RaftStorage (RaftStorageImpl.java:format(96)) - Storage directory /home/runner/work/ozone/ozone/hadoop-ozone/integration-test/target/test-dir/MiniOzoneClusterImpl-c7341fe8-f2e3-4722-9e04-a1c7dbed4fc1/datanode-0/data/ratis/73df6ee5-b2c3-4bba-8471-d3aad9127f0a has been successfully formatted.
2023-03-16 20:05:37,381 [pool-277-thread-1] INFO  ratis.ContainerStateMachine (ContainerStateMachine.java:loadSnapshot(262)) - group-D3AAD9127F0A: The snapshot info is null. Setting the last applied indexto:(t:0, i:~)
2023-03-16 20:05:37,381 [pool-277-thread-1] INFO  server.RaftServerConfigKeys (ConfUtils.java:logGet(46)) - raft.server.log.use.memory = false (default)
2023-03-16 20:05:37,381 [pool-277-thread-1] INFO  server.RaftServerConfigKeys (ConfUtils.java:logGet(46)) - raft.server.log.purge.gap = 1000000 (custom)
2023-03-16 20:05:37,381 [pool-277-thread-1] INFO  server.RaftServerConfigKeys (ConfUtils.java:logGet(46)) - raft.server.log.appender.buffer.byte-limit = 33554432 (custom)
2023-03-16 20:05:37,382 [pool-277-thread-1] INFO  server.RaftServerConfigKeys (ConfUtils.java:logGet(46)) - raft.server.log.statemachine.data.read.timeout = 1000ms (default)
2023-03-16 20:05:37,382 [pool-277-thread-1] INFO  server.RaftServerConfigKeys (ConfUtils.java:logGet(46)) - raft.server.log.purge.preservation.log.num = 0 (default)
2023-03-16 20:05:37,383 [EventQueue-PipelineReportForPipelineReportHandler] INFO  pipeline.PipelineManagerImpl (PipelineManagerImpl.java:openPipeline(367)) - Pipeline Pipeline[ Id: 73df6ee5-b2c3-4bba-8471-d3aad9127f0a, Nodes: 77c004ef-6c20-479a-84fb-1570edc7ba10(fv-az371-917/10.1.0.41), ReplicationConfig: RATIS/ONE, State:ALLOCATED, leaderId:77c004ef-6c20-479a-84fb-1570edc7ba10, CreationTimestamp2023-03-16T20:05:34.399Z[Etc/UTC]] moved to OPEN state
2023-03-16 20:05:37,386 [pool-277-thread-1] INFO  server.RaftServerConfigKeys (ConfUtils.java:logGet(46)) - raft.server.log.segment.size.max = 1048576 (custom)
2023-03-16 20:05:37,388 [EventQueue-OpenPipelineForHealthyPipelineSafeModeRule] INFO  safemode.SCMSafeModeManager (HealthyPipelineSafeModeRule.java:process(137)) - SCM in safe mode. Healthy pipelines reported count is 0, required healthy pipeline reported count is 1
2023-03-16 20:05:37,392 [pool-277-thread-1] INFO  server.RaftServerConfigKeys (ConfUtils.java:logGet(46)) - raft.server.log.segment.cache.num.max = 2 (custom)
2023-03-16 20:05:37,392 [pool-277-thread-1] INFO  server.RaftServerConfigKeys (ConfUtils.java:logGet(46)) - raft.server.log.segment.cache.size.max = 200MB (=209715200) (default)
2023-03-16 20:05:37,392 [pool-277-thread-1] INFO  segmented.SegmentedRaftLogWorker (SegmentedRaftLogWorker.java:<init>(189)) - new 77c004ef-6c20-479a-84fb-1570edc7ba10@group-D3AAD9127F0A-SegmentedRaftLogWorker for RaftStorageImpl:Storage Directory /home/runner/work/ozone/ozone/hadoop-ozone/integration-test/target/test-dir/MiniOzoneClusterImpl-c7341fe8-f2e3-4722-9e04-a1c7dbed4fc1/datanode-0/data/ratis/73df6ee5-b2c3-4bba-8471-d3aad9127f0a
2023-03-16 20:05:37,392 [pool-277-thread-1] INFO  server.RaftServerConfigKeys (ConfUtils.java:logGet(46)) - raft.server.log.queue.byte-limit = 4294967296 (custom)
2023-03-16 20:05:37,392 [pool-277-thread-1] INFO  server.RaftServerConfigKeys (ConfUtils.java:logGet(46)) - raft.server.log.queue.element-limit = 1024 (custom)
2023-03-16 20:05:37,392 [pool-277-thread-1] INFO  server.RaftServerConfigKeys (ConfUtils.java:logGet(46)) - raft.server.log.segment.size.max = 1048576 (custom)
2023-03-16 20:05:37,392 [pool-277-thread-1] INFO  server.RaftServerConfigKeys (ConfUtils.java:logGet(46)) - raft.server.log.preallocated.size = 16384 (custom)
2023-03-16 20:05:37,392 [pool-277-thread-1] INFO  server.RaftServerConfigKeys (ConfUtils.java:logGet(46)) - raft.server.log.force.sync.num = 128 (default)
2023-03-16 20:05:37,392 [pool-277-thread-1] INFO  server.RaftServerConfigKeys (ConfUtils.java:logGet(46)) - raft.server.log.statemachine.data.sync = true (default)
2023-03-16 20:05:37,392 [pool-277-thread-1] INFO  server.RaftServerConfigKeys (ConfUtils.java:logGet(46)) - raft.server.log.statemachine.data.sync.timeout = 10s (default)
2023-03-16 20:05:37,392 [pool-277-thread-1] INFO  server.RaftServerConfigKeys (ConfUtils.java:logGet(46)) - raft.server.log.statemachine.data.sync.timeout.retry = -1 (default)
2023-03-16 20:05:37,394 [pool-277-thread-1] INFO  server.RaftServerConfigKeys (ConfUtils.java:logGet(46)) - raft.server.log.write.buffer.size = 1048576 (custom)
2023-03-16 20:05:37,394 [pool-277-thread-1] INFO  server.RaftServerConfigKeys (ConfUtils.java:logGet(46)) - raft.server.log.appender.buffer.byte-limit = 33554432 (custom)
2023-03-16 20:05:37,400 [pool-277-thread-1] INFO  server.RaftServerConfigKeys (ConfUtils.java:logGet(46)) - raft.server.log.unsafe-flush.enabled = false (default)
2023-03-16 20:05:37,400 [pool-277-thread-1] INFO  server.RaftServerConfigKeys (ConfUtils.java:logGet(46)) - raft.server.log.async-flush.enabled = false (default)
2023-03-16 20:05:37,401 [pool-277-thread-1] INFO  server.RaftServerConfigKeys (ConfUtils.java:logGet(46)) - raft.server.log.statemachine.data.caching.enabled = true (custom)
2023-03-16 20:05:37,401 [pool-277-thread-1] INFO  segmented.SegmentedRaftLogWorker (SegmentedRaftLogWorker.java:lambda$new$0(135)) - 77c004ef-6c20-479a-84fb-1570edc7ba10@group-D3AAD9127F0A-SegmentedRaftLogWorker: flushIndex: setUnconditionally 0 -> -1
2023-03-16 20:05:37,401 [pool-277-thread-1] INFO  segmented.SegmentedRaftLogWorker (SegmentedRaftLogWorker.java:lambda$new$0(135)) - 77c004ef-6c20-479a-84fb-1570edc7ba10@group-D3AAD9127F0A-SegmentedRaftLogWorker: safeCacheEvictIndex: setUnconditionally 0 -> -1
2023-03-16 20:05:37,401 [pool-277-thread-1] INFO  server.RaftServer$Division (RaftServerImpl.java:start(334)) - 77c004ef-6c20-479a-84fb-1570edc7ba10@group-D3AAD9127F0A: start as a follower, conf=-1: peers:[77c004ef-6c20-479a-84fb-1570edc7ba10|rpc:10.1.0.41:43577|dataStream:10.1.0.41:38139|priority:1|startupRole:FOLLOWER]|listeners:[], old=null
2023-03-16 20:05:37,401 [pool-277-thread-1] INFO  server.RaftServer$Division (RaftServerImpl.java:setRole(321)) - 77c004ef-6c20-479a-84fb-1570edc7ba10@group-D3AAD9127F0A: changes role from      null to FOLLOWER at term 0 for startAsFollower
2023-03-16 20:05:37,402 [pool-277-thread-1] INFO  impl.RoleInfo (RoleInfo.java:updateAndGet(139)) - 77c004ef-6c20-479a-84fb-1570edc7ba10: start 77c004ef-6c20-479a-84fb-1570edc7ba10@group-D3AAD9127F0A-FollowerState
2023-03-16 20:05:37,402 [77c004ef-6c20-479a-84fb-1570edc7ba10@group-D3AAD9127F0A-FollowerState] INFO  server.RaftServerConfigKeys (ConfUtils.java:logFallback(53)) - raft.server.rpc.first-election.timeout.min = 5s (fallback to raft.server.rpc.timeout.min)
2023-03-16 20:05:37,402 [77c004ef-6c20-479a-84fb-1570edc7ba10@group-D3AAD9127F0A-FollowerState] INFO  server.RaftServerConfigKeys (ConfUtils.java:logFallback(53)) - raft.server.rpc.first-election.timeout.max = 5200ms (fallback to raft.server.rpc.timeout.max)
2023-03-16 20:05:37,403 [pool-277-thread-1] INFO  util.JmxRegister (JmxRegister.java:tryRegister(44)) - Successfully registered JMX Bean with object name Ratis:service=RaftServer,group=group-D3AAD9127F0A,id=77c004ef-6c20-479a-84fb-1570edc7ba10
2023-03-16 20:05:37,403 [pool-277-thread-1] INFO  server.RaftServerConfigKeys (ConfUtils.java:logGet(46)) - raft.server.snapshot.auto.trigger.enabled = true (custom)
2023-03-16 20:05:37,403 [pool-277-thread-1] INFO  server.RaftServerConfigKeys (ConfUtils.java:logGet(46)) - raft.server.snapshot.auto.trigger.threshold = 10000 (custom)
2023-03-16 20:05:37,403 [pool-277-thread-1] INFO  server.RaftServerConfigKeys (ConfUtils.java:logGet(46)) - raft.server.snapshot.retention.file.num = 5 (custom)
2023-03-16 20:05:37,403 [pool-277-thread-1] INFO  server.RaftServerConfigKeys (ConfUtils.java:logGet(46)) - raft.server.log.purge.upto.snapshot.index = false (default)
2023-03-16 20:05:37,404 [Command processor thread] INFO  ratis.XceiverServerRatis (XceiverServerRatis.java:addGroup(807)) - Created group PipelineID=73df6ee5-b2c3-4bba-8471-d3aad9127f0a
2023-03-16 20:05:37,404 [Command processor thread] INFO  commandhandler.CreatePipelineCommandHandler (CreatePipelineCommandHandler.java:handle(113)) - Created Pipeline RATIS ONE PipelineID=73df6ee5-b2c3-4bba-8471-d3aad9127f0a.
2023-03-16 20:05:37,404 [Command processor thread] INFO  server.RaftServer (RaftServerProxy.java:addNew(96)) - 77c004ef-6c20-479a-84fb-1570edc7ba10: addNew group-CC084F38A809:[8a432d69-9095-4d8b-a714-320becebd573|rpc:10.1.0.41:43533|dataStream:10.1.0.41:42805|priority:1|startupRole:FOLLOWER, 77c004ef-6c20-479a-84fb-1570edc7ba10|rpc:10.1.0.41:43577|dataStream:10.1.0.41:38139|priority:0|startupRole:FOLLOWER, c4e89383-110e-4923-8697-fad4fff4e184|rpc:10.1.0.41:41947|dataStream:10.1.0.41:45915|priority:0|startupRole:FOLLOWER] returns group-CC084F38A809:java.util.concurrent.CompletableFuture@29f08d2e[Not completed]
2023-03-16 20:05:37,406 [pool-277-thread-1] INFO  server.RaftServer$Division (RaftServerImpl.java:<init>(195)) - 77c004ef-6c20-479a-84fb-1570edc7ba10: new RaftServerImpl for group-CC084F38A809:[8a432d69-9095-4d8b-a714-320becebd573|rpc:10.1.0.41:43533|dataStream:10.1.0.41:42805|priority:1|startupRole:FOLLOWER, 77c004ef-6c20-479a-84fb-1570edc7ba10|rpc:10.1.0.41:43577|dataStream:10.1.0.41:38139|priority:0|startupRole:FOLLOWER, c4e89383-110e-4923-8697-fad4fff4e184|rpc:10.1.0.41:41947|dataStream:10.1.0.41:45915|priority:0|startupRole:FOLLOWER] with ContainerStateMachine:uninitialized
2023-03-16 20:05:37,406 [pool-277-thread-1] INFO  server.RaftServerConfigKeys (ConfUtils.java:logGet(46)) - raft.server.rpc.timeout.min = 5s (custom)
2023-03-16 20:05:37,406 [pool-277-thread-1] INFO  server.RaftServerConfigKeys (ConfUtils.java:logGet(46)) - raft.server.rpc.timeout.max = 5200ms (custom)
2023-03-16 20:05:37,406 [pool-277-thread-1] INFO  server.RaftServerConfigKeys (ConfUtils.java:logGet(46)) - raft.server.rpc.sleep.time = 25ms (default)
2023-03-16 20:05:37,406 [pool-277-thread-1] INFO  server.RaftServerConfigKeys (ConfUtils.java:logGet(46)) - raft.server.rpc.slowness.timeout = 300s (custom)
2023-03-16 20:05:37,406 [pool-277-thread-1] INFO  server.RaftServerConfigKeys (ConfUtils.java:logGet(46)) - raft.server.leaderelection.leader.step-down.wait-time = 10s (default)
2023-03-16 20:05:37,407 [pool-277-thread-1] INFO  server.RaftServerConfigKeys (ConfUtils.java:logGet(46)) - raft.server.sleep.deviation.threshold = 300ms (default)
2023-03-16 20:05:37,407 [pool-277-thread-1] INFO  server.RaftServer$Division (ServerState.java:<init>(118)) - 77c004ef-6c20-479a-84fb-1570edc7ba10@group-CC084F38A809: ConfigurationManager, init=-1: peers:[8a432d69-9095-4d8b-a714-320becebd573|rpc:10.1.0.41:43533|dataStream:10.1.0.41:42805|priority:1|startupRole:FOLLOWER, 77c004ef-6c20-479a-84fb-1570edc7ba10|rpc:10.1.0.41:43577|dataStream:10.1.0.41:38139|priority:0|startupRole:FOLLOWER, c4e89383-110e-4923-8697-fad4fff4e184|rpc:10.1.0.41:41947|dataStream:10.1.0.41:45915|priority:0|startupRole:FOLLOWER]|listeners:[], old=null, confs=<EMPTY_MAP>
2023-03-16 20:05:37,407 [pool-277-thread-1] INFO  server.RaftServerConfigKeys (ConfUtils.java:logGet(46)) - raft.server.storage.dir = [/home/runner/work/ozone/ozone/hadoop-ozone/integration-test/target/test-dir/MiniOzoneClusterImpl-c7341fe8-f2e3-4722-9e04-a1c7dbed4fc1/datanode-0/data/ratis] (custom)
2023-03-16 20:05:37,407 [pool-277-thread-1] INFO  server.RaftServerConfigKeys (ConfUtils.java:logGet(46)) - raft.server.log.corruption.policy = EXCEPTION (default)
2023-03-16 20:05:37,407 [pool-277-thread-1] INFO  server.RaftServerConfigKeys (ConfUtils.java:logGet(46)) - raft.server.storage.free-space.min = 0MB (=0) (default)
2023-03-16 20:05:37,407 [pool-277-thread-1] INFO  server.RaftServerConfigKeys (ConfUtils.java:logGet(46)) - raft.server.notification.no-leader.timeout = 300s (custom)
2023-03-16 20:05:37,407 [pool-277-thread-1] INFO  server.RaftServerConfigKeys (ConfUtils.java:logGet(46)) - raft.server.retrycache.expirytime = 600000ms (custom)
2023-03-16 20:05:37,407 [pool-277-thread-1] INFO  server.RaftServerConfigKeys (ConfUtils.java:logGet(46)) - raft.server.retrycache.statistics.expirytime = 100μs (default)
2023-03-16 20:05:37,408 [pool-277-thread-1] INFO  server.RaftServerConfigKeys (ConfUtils.java:logGet(46)) - raft.server.log.appender.install.snapshot.enabled = false (custom)
2023-03-16 20:05:37,409 [pool-277-thread-1] INFO  server.RaftServerConfigKeys (ConfUtils.java:logGet(46)) - raft.server.threadpool.server.cached = true (default)
2023-03-16 20:05:37,409 [pool-277-thread-1] INFO  server.RaftServerConfigKeys (ConfUtils.java:logGet(46)) - raft.server.threadpool.server.size = 0 (default)
2023-03-16 20:05:37,409 [pool-277-thread-1] INFO  server.RaftServerConfigKeys (ConfUtils.java:logGet(46)) - raft.server.threadpool.client.cached = true (default)
2023-03-16 20:05:37,409 [pool-277-thread-1] INFO  server.RaftServerConfigKeys (ConfUtils.java:logGet(46)) - raft.server.threadpool.client.size = 0 (default)
2023-03-16 20:05:37,409 [pool-277-thread-1] INFO  storage.RaftStorageDirectory (RaftStorageDirectoryImpl.java:analyzeStorage(137)) - The storage directory /home/runner/work/ozone/ozone/hadoop-ozone/integration-test/target/test-dir/MiniOzoneClusterImpl-c7341fe8-f2e3-4722-9e04-a1c7dbed4fc1/datanode-0/data/ratis/df927098-acc7-49b5-b355-cc084f38a809 does not exist. Creating ...
2023-03-16 20:05:37,413 [pool-277-thread-1] INFO  storage.RaftStorageDirectory (RaftStorageDirectoryImpl.java:tryLock(231)) - Lock on /home/runner/work/ozone/ozone/hadoop-ozone/integration-test/target/test-dir/MiniOzoneClusterImpl-c7341fe8-f2e3-4722-9e04-a1c7dbed4fc1/datanode-0/data/ratis/df927098-acc7-49b5-b355-cc084f38a809/in_use.lock acquired by nodename 79287@fv-az371-917
2023-03-16 20:05:37,415 [pool-277-thread-1] INFO  storage.RaftStorage (RaftStorageImpl.java:format(96)) - Storage directory /home/runner/work/ozone/ozone/hadoop-ozone/integration-test/target/test-dir/MiniOzoneClusterImpl-c7341fe8-f2e3-4722-9e04-a1c7dbed4fc1/datanode-0/data/ratis/df927098-acc7-49b5-b355-cc084f38a809 has been successfully formatted.
2023-03-16 20:05:37,417 [pool-277-thread-1] INFO  ratis.ContainerStateMachine (ContainerStateMachine.java:loadSnapshot(262)) - group-CC084F38A809: The snapshot info is null. Setting the last applied indexto:(t:0, i:~)
2023-03-16 20:05:37,417 [pool-277-thread-1] INFO  server.RaftServerConfigKeys (ConfUtils.java:logGet(46)) - raft.server.log.use.memory = false (default)
2023-03-16 20:05:37,417 [pool-277-thread-1] INFO  server.RaftServerConfigKeys (ConfUtils.java:logGet(46)) - raft.server.log.purge.gap = 1000000 (custom)
2023-03-16 20:05:37,417 [EventQueue-OpenPipelineForHealthyPipelineSafeModeRule] INFO  safemode.SCMSafeModeManager (HealthyPipelineSafeModeRule.java:process(137)) - SCM in safe mode. Healthy pipelines reported count is 0, required healthy pipeline reported count is 1
2023-03-16 20:05:37,417 [pool-277-thread-1] INFO  server.RaftServerConfigKeys (ConfUtils.java:logGet(46)) - raft.server.log.appender.buffer.byte-limit = 33554432 (custom)
2023-03-16 20:05:37,418 [pool-277-thread-1] INFO  server.RaftServerConfigKeys (ConfUtils.java:logGet(46)) - raft.server.log.statemachine.data.read.timeout = 1000ms (default)
2023-03-16 20:05:37,418 [pool-277-thread-1] INFO  server.RaftServerConfigKeys (ConfUtils.java:logGet(46)) - raft.server.log.purge.preservation.log.num = 0 (default)
2023-03-16 20:05:37,418 [pool-277-thread-1] INFO  server.RaftServerConfigKeys (ConfUtils.java:logGet(46)) - raft.server.log.segment.size.max = 1048576 (custom)
2023-03-16 20:05:37,419 [pool-277-thread-1] INFO  server.RaftServerConfigKeys (ConfUtils.java:logGet(46)) - raft.server.log.segment.cache.num.max = 2 (custom)
2023-03-16 20:05:37,419 [pool-277-thread-1] INFO  server.RaftServerConfigKeys (ConfUtils.java:logGet(46)) - raft.server.log.segment.cache.size.max = 200MB (=209715200) (default)
2023-03-16 20:05:37,419 [pool-277-thread-1] INFO  segmented.SegmentedRaftLogWorker (SegmentedRaftLogWorker.java:<init>(189)) - new 77c004ef-6c20-479a-84fb-1570edc7ba10@group-CC084F38A809-SegmentedRaftLogWorker for RaftStorageImpl:Storage Directory /home/runner/work/ozone/ozone/hadoop-ozone/integration-test/target/test-dir/MiniOzoneClusterImpl-c7341fe8-f2e3-4722-9e04-a1c7dbed4fc1/datanode-0/data/ratis/df927098-acc7-49b5-b355-cc084f38a809
2023-03-16 20:05:37,419 [pool-277-thread-1] INFO  server.RaftServerConfigKeys (ConfUtils.java:logGet(46)) - raft.server.log.queue.byte-limit = 4294967296 (custom)
2023-03-16 20:05:37,419 [pool-277-thread-1] INFO  server.RaftServerConfigKeys (ConfUtils.java:logGet(46)) - raft.server.log.queue.element-limit = 1024 (custom)
2023-03-16 20:05:37,419 [pool-277-thread-1] INFO  server.RaftServerConfigKeys (ConfUtils.java:logGet(46)) - raft.server.log.segment.size.max = 1048576 (custom)
2023-03-16 20:05:37,419 [pool-277-thread-1] INFO  server.RaftServerConfigKeys (ConfUtils.java:logGet(46)) - raft.server.log.preallocated.size = 16384 (custom)
2023-03-16 20:05:37,419 [pool-277-thread-1] INFO  server.RaftServerConfigKeys (ConfUtils.java:logGet(46)) - raft.server.log.force.sync.num = 128 (default)
2023-03-16 20:05:37,419 [pool-277-thread-1] INFO  server.RaftServerConfigKeys (ConfUtils.java:logGet(46)) - raft.server.log.statemachine.data.sync = true (default)
2023-03-16 20:05:37,419 [pool-277-thread-1] INFO  server.RaftServerConfigKeys (ConfUtils.java:logGet(46)) - raft.server.log.statemachine.data.sync.timeout = 10s (default)
2023-03-16 20:05:37,419 [pool-277-thread-1] INFO  server.RaftServerConfigKeys (ConfUtils.java:logGet(46)) - raft.server.log.statemachine.data.sync.timeout.retry = -1 (default)
2023-03-16 20:05:37,422 [pool-277-thread-1] INFO  server.RaftServerConfigKeys (ConfUtils.java:logGet(46)) - raft.server.log.write.buffer.size = 1048576 (custom)
2023-03-16 20:05:37,422 [pool-277-thread-1] INFO  server.RaftServerConfigKeys (ConfUtils.java:logGet(46)) - raft.server.log.appender.buffer.byte-limit = 33554432 (custom)
2023-03-16 20:05:37,431 [pool-277-thread-1] INFO  server.RaftServerConfigKeys (ConfUtils.java:logGet(46)) - raft.server.log.unsafe-flush.enabled = false (default)
2023-03-16 20:05:37,431 [pool-277-thread-1] INFO  server.RaftServerConfigKeys (ConfUtils.java:logGet(46)) - raft.server.log.async-flush.enabled = false (default)
2023-03-16 20:05:37,431 [pool-277-thread-1] INFO  server.RaftServerConfigKeys (ConfUtils.java:logGet(46)) - raft.server.log.statemachine.data.caching.enabled = true (custom)
2023-03-16 20:05:37,432 [pool-277-thread-1] INFO  segmented.SegmentedRaftLogWorker (SegmentedRaftLogWorker.java:lambda$new$0(135)) - 77c004ef-6c20-479a-84fb-1570edc7ba10@group-CC084F38A809-SegmentedRaftLogWorker: flushIndex: setUnconditionally 0 -> -1
2023-03-16 20:05:37,432 [pool-277-thread-1] INFO  segmented.SegmentedRaftLogWorker (SegmentedRaftLogWorker.java:lambda$new$0(135)) - 77c004ef-6c20-479a-84fb-1570edc7ba10@group-CC084F38A809-SegmentedRaftLogWorker: safeCacheEvictIndex: setUnconditionally 0 -> -1
2023-03-16 20:05:37,432 [pool-277-thread-1] INFO  server.RaftServer$Division (RaftServerImpl.java:start(334)) - 77c004ef-6c20-479a-84fb-1570edc7ba10@group-CC084F38A809: start as a follower, conf=-1: peers:[8a432d69-9095-4d8b-a714-320becebd573|rpc:10.1.0.41:43533|dataStream:10.1.0.41:42805|priority:1|startupRole:FOLLOWER, 77c004ef-6c20-479a-84fb-1570edc7ba10|rpc:10.1.0.41:43577|dataStream:10.1.0.41:38139|priority:0|startupRole:FOLLOWER, c4e89383-110e-4923-8697-fad4fff4e184|rpc:10.1.0.41:41947|dataStream:10.1.0.41:45915|priority:0|startupRole:FOLLOWER]|listeners:[], old=null
2023-03-16 20:05:37,432 [pool-277-thread-1] INFO  server.RaftServer$Division (RaftServerImpl.java:setRole(321)) - 77c004ef-6c20-479a-84fb-1570edc7ba10@group-CC084F38A809: changes role from      null to FOLLOWER at term 0 for startAsFollower
2023-03-16 20:05:37,432 [pool-277-thread-1] INFO  impl.RoleInfo (RoleInfo.java:updateAndGet(139)) - 77c004ef-6c20-479a-84fb-1570edc7ba10: start 77c004ef-6c20-479a-84fb-1570edc7ba10@group-CC084F38A809-FollowerState
2023-03-16 20:05:37,433 [pool-277-thread-1] INFO  util.JmxRegister (JmxRegister.java:tryRegister(44)) - Successfully registered JMX Bean with object name Ratis:service=RaftServer,group=group-CC084F38A809,id=77c004ef-6c20-479a-84fb-1570edc7ba10
2023-03-16 20:05:37,433 [pool-277-thread-1] INFO  server.RaftServerConfigKeys (ConfUtils.java:logGet(46)) - raft.server.snapshot.auto.trigger.enabled = true (custom)
2023-03-16 20:05:37,433 [pool-277-thread-1] INFO  server.RaftServerConfigKeys (ConfUtils.java:logGet(46)) - raft.server.snapshot.auto.trigger.threshold = 10000 (custom)
2023-03-16 20:05:37,433 [pool-277-thread-1] INFO  server.RaftServerConfigKeys (ConfUtils.java:logGet(46)) - raft.server.snapshot.retention.file.num = 5 (custom)
2023-03-16 20:05:37,433 [pool-277-thread-1] INFO  server.RaftServerConfigKeys (ConfUtils.java:logGet(46)) - raft.server.log.purge.upto.snapshot.index = false (default)
2023-03-16 20:05:37,434 [77c004ef-6c20-479a-84fb-1570edc7ba10@group-CC084F38A809-FollowerState] INFO  server.RaftServerConfigKeys (ConfUtils.java:logFallback(53)) - raft.server.rpc.first-election.timeout.min = 5s (fallback to raft.server.rpc.timeout.min)
2023-03-16 20:05:37,434 [77c004ef-6c20-479a-84fb-1570edc7ba10@group-CC084F38A809-FollowerState] INFO  server.RaftServerConfigKeys (ConfUtils.java:logFallback(53)) - raft.server.rpc.first-election.timeout.max = 5200ms (fallback to raft.server.rpc.timeout.max)
2023-03-16 20:05:37,435 [Command processor thread] INFO  ratis.XceiverServerRatis (XceiverServerRatis.java:addGroup(807)) - Created group PipelineID=df927098-acc7-49b5-b355-cc084f38a809
2023-03-16 20:05:37,466 [grpc-default-executor-0] INFO  server.RaftServer (RaftServerProxy.java:addNew(96)) - c4e89383-110e-4923-8697-fad4fff4e184: addNew group-CC084F38A809:[8a432d69-9095-4d8b-a714-320becebd573|rpc:10.1.0.41:43533|dataStream:10.1.0.41:42805|priority:1|startupRole:FOLLOWER, 77c004ef-6c20-479a-84fb-1570edc7ba10|rpc:10.1.0.41:43577|dataStream:10.1.0.41:38139|priority:0|startupRole:FOLLOWER, c4e89383-110e-4923-8697-fad4fff4e184|rpc:10.1.0.41:41947|dataStream:10.1.0.41:45915|priority:0|startupRole:FOLLOWER] returns group-CC084F38A809:java.util.concurrent.CompletableFuture@3aacd843[Not completed]
2023-03-16 20:05:37,468 [pool-299-thread-1] INFO  server.RaftServer$Division (RaftServerImpl.java:<init>(195)) - c4e89383-110e-4923-8697-fad4fff4e184: new RaftServerImpl for group-CC084F38A809:[8a432d69-9095-4d8b-a714-320becebd573|rpc:10.1.0.41:43533|dataStream:10.1.0.41:42805|priority:1|startupRole:FOLLOWER, 77c004ef-6c20-479a-84fb-1570edc7ba10|rpc:10.1.0.41:43577|dataStream:10.1.0.41:38139|priority:0|startupRole:FOLLOWER, c4e89383-110e-4923-8697-fad4fff4e184|rpc:10.1.0.41:41947|dataStream:10.1.0.41:45915|priority:0|startupRole:FOLLOWER] with ContainerStateMachine:uninitialized
2023-03-16 20:05:37,468 [pool-299-thread-1] INFO  server.RaftServerConfigKeys (ConfUtils.java:logGet(46)) - raft.server.rpc.timeout.min = 5s (custom)
2023-03-16 20:05:37,468 [pool-299-thread-1] INFO  server.RaftServerConfigKeys (ConfUtils.java:logGet(46)) - raft.server.rpc.timeout.max = 5200ms (custom)
2023-03-16 20:05:37,468 [pool-299-thread-1] INFO  server.RaftServerConfigKeys (ConfUtils.java:logGet(46)) - raft.server.rpc.sleep.time = 25ms (default)
2023-03-16 20:05:37,468 [pool-299-thread-1] INFO  server.RaftServerConfigKeys (ConfUtils.java:logGet(46)) - raft.server.rpc.slowness.timeout = 300s (custom)
2023-03-16 20:05:37,468 [pool-299-thread-1] INFO  server.RaftServerConfigKeys (ConfUtils.java:logGet(46)) - raft.server.leaderelection.leader.step-down.wait-time = 10s (default)
2023-03-16 20:05:37,468 [pool-299-thread-1] INFO  server.RaftServerConfigKeys (ConfUtils.java:logGet(46)) - raft.server.sleep.deviation.threshold = 300ms (default)
2023-03-16 20:05:37,469 [pool-299-thread-1] INFO  server.RaftServer$Division (ServerState.java:<init>(118)) - c4e89383-110e-4923-8697-fad4fff4e184@group-CC084F38A809: ConfigurationManager, init=-1: peers:[8a432d69-9095-4d8b-a714-320becebd573|rpc:10.1.0.41:43533|dataStream:10.1.0.41:42805|priority:1|startupRole:FOLLOWER, 77c004ef-6c20-479a-84fb-1570edc7ba10|rpc:10.1.0.41:43577|dataStream:10.1.0.41:38139|priority:0|startupRole:FOLLOWER, c4e89383-110e-4923-8697-fad4fff4e184|rpc:10.1.0.41:41947|dataStream:10.1.0.41:45915|priority:0|startupRole:FOLLOWER]|listeners:[], old=null, confs=<EMPTY_MAP>
2023-03-16 20:05:37,469 [pool-299-thread-1] INFO  server.RaftServerConfigKeys (ConfUtils.java:logGet(46)) - raft.server.storage.dir = [/home/runner/work/ozone/ozone/hadoop-ozone/integration-test/target/test-dir/MiniOzoneClusterImpl-c7341fe8-f2e3-4722-9e04-a1c7dbed4fc1/datanode-1/data/ratis] (custom)
2023-03-16 20:05:37,469 [pool-299-thread-1] INFO  server.RaftServerConfigKeys (ConfUtils.java:logGet(46)) - raft.server.log.corruption.policy = EXCEPTION (default)
2023-03-16 20:05:37,469 [pool-299-thread-1] INFO  server.RaftServerConfigKeys (ConfUtils.java:logGet(46)) - raft.server.storage.free-space.min = 0MB (=0) (default)
2023-03-16 20:05:37,469 [pool-299-thread-1] INFO  server.RaftServerConfigKeys (ConfUtils.java:logGet(46)) - raft.server.notification.no-leader.timeout = 300s (custom)
2023-03-16 20:05:37,469 [pool-299-thread-1] INFO  server.RaftServerConfigKeys (ConfUtils.java:logGet(46)) - raft.server.retrycache.expirytime = 600000ms (custom)
2023-03-16 20:05:37,469 [pool-299-thread-1] INFO  server.RaftServerConfigKeys (ConfUtils.java:logGet(46)) - raft.server.retrycache.statistics.expirytime = 100μs (default)
2023-03-16 20:05:37,471 [pool-299-thread-1] INFO  server.RaftServerConfigKeys (ConfUtils.java:logGet(46)) - raft.server.log.appender.install.snapshot.enabled = false (custom)
2023-03-16 20:05:37,471 [pool-299-thread-1] INFO  server.RaftServerConfigKeys (ConfUtils.java:logGet(46)) - raft.server.threadpool.server.cached = true (default)
2023-03-16 20:05:37,471 [pool-299-thread-1] INFO  server.RaftServerConfigKeys (ConfUtils.java:logGet(46)) - raft.server.threadpool.server.size = 0 (default)
2023-03-16 20:05:37,471 [pool-299-thread-1] INFO  server.RaftServerConfigKeys (ConfUtils.java:logGet(46)) - raft.server.threadpool.client.cached = true (default)
2023-03-16 20:05:37,471 [pool-299-thread-1] INFO  server.RaftServerConfigKeys (ConfUtils.java:logGet(46)) - raft.server.threadpool.client.size = 0 (default)
2023-03-16 20:05:37,471 [pool-299-thread-1] INFO  storage.RaftStorageDirectory (RaftStorageDirectoryImpl.java:analyzeStorage(137)) - The storage directory /home/runner/work/ozone/ozone/hadoop-ozone/integration-test/target/test-dir/MiniOzoneClusterImpl-c7341fe8-f2e3-4722-9e04-a1c7dbed4fc1/datanode-1/data/ratis/df927098-acc7-49b5-b355-cc084f38a809 does not exist. Creating ...
2023-03-16 20:05:37,473 [pool-299-thread-1] INFO  storage.RaftStorageDirectory (RaftStorageDirectoryImpl.java:tryLock(231)) - Lock on /home/runner/work/ozone/ozone/hadoop-ozone/integration-test/target/test-dir/MiniOzoneClusterImpl-c7341fe8-f2e3-4722-9e04-a1c7dbed4fc1/datanode-1/data/ratis/df927098-acc7-49b5-b355-cc084f38a809/in_use.lock acquired by nodename 79287@fv-az371-917
2023-03-16 20:05:37,475 [pool-299-thread-1] INFO  storage.RaftStorage (RaftStorageImpl.java:format(96)) - Storage directory /home/runner/work/ozone/ozone/hadoop-ozone/integration-test/target/test-dir/MiniOzoneClusterImpl-c7341fe8-f2e3-4722-9e04-a1c7dbed4fc1/datanode-1/data/ratis/df927098-acc7-49b5-b355-cc084f38a809 has been successfully formatted.
2023-03-16 20:05:37,477 [pool-299-thread-1] INFO  ratis.ContainerStateMachine (ContainerStateMachine.java:loadSnapshot(262)) - group-CC084F38A809: The snapshot info is null. Setting the last applied indexto:(t:0, i:~)
2023-03-16 20:05:37,477 [pool-299-thread-1] INFO  server.RaftServerConfigKeys (ConfUtils.java:logGet(46)) - raft.server.log.use.memory = false (default)
2023-03-16 20:05:37,477 [pool-299-thread-1] INFO  server.RaftServerConfigKeys (ConfUtils.java:logGet(46)) - raft.server.log.purge.gap = 1000000 (custom)
2023-03-16 20:05:37,477 [pool-299-thread-1] INFO  server.RaftServerConfigKeys (ConfUtils.java:logGet(46)) - raft.server.log.appender.buffer.byte-limit = 33554432 (custom)
2023-03-16 20:05:37,477 [pool-299-thread-1] INFO  server.RaftServerConfigKeys (ConfUtils.java:logGet(46)) - raft.server.log.statemachine.data.read.timeout = 1000ms (default)
2023-03-16 20:05:37,478 [pool-299-thread-1] INFO  server.RaftServerConfigKeys (ConfUtils.java:logGet(46)) - raft.server.log.purge.preservation.log.num = 0 (default)
2023-03-16 20:05:37,479 [pool-299-thread-1] INFO  server.RaftServerConfigKeys (ConfUtils.java:logGet(46)) - raft.server.log.segment.size.max = 1048576 (custom)
2023-03-16 20:05:37,479 [pool-299-thread-1] INFO  server.RaftServerConfigKeys (ConfUtils.java:logGet(46)) - raft.server.log.segment.cache.num.max = 2 (custom)
2023-03-16 20:05:37,479 [pool-299-thread-1] INFO  server.RaftServerConfigKeys (ConfUtils.java:logGet(46)) - raft.server.log.segment.cache.size.max = 200MB (=209715200) (default)
2023-03-16 20:05:37,479 [pool-299-thread-1] INFO  segmented.SegmentedRaftLogWorker (SegmentedRaftLogWorker.java:<init>(189)) - new c4e89383-110e-4923-8697-fad4fff4e184@group-CC084F38A809-SegmentedRaftLogWorker for RaftStorageImpl:Storage Directory /home/runner/work/ozone/ozone/hadoop-ozone/integration-test/target/test-dir/MiniOzoneClusterImpl-c7341fe8-f2e3-4722-9e04-a1c7dbed4fc1/datanode-1/data/ratis/df927098-acc7-49b5-b355-cc084f38a809
2023-03-16 20:05:37,479 [pool-299-thread-1] INFO  server.RaftServerConfigKeys (ConfUtils.java:logGet(46)) - raft.server.log.queue.byte-limit = 4294967296 (custom)
2023-03-16 20:05:37,479 [pool-299-thread-1] INFO  server.RaftServerConfigKeys (ConfUtils.java:logGet(46)) - raft.server.log.queue.element-limit = 1024 (custom)
2023-03-16 20:05:37,480 [pool-299-thread-1] INFO  server.RaftServerConfigKeys (ConfUtils.java:logGet(46)) - raft.server.log.segment.size.max = 1048576 (custom)
2023-03-16 20:05:37,480 [pool-299-thread-1] INFO  server.RaftServerConfigKeys (ConfUtils.java:logGet(46)) - raft.server.log.preallocated.size = 16384 (custom)
2023-03-16 20:05:37,480 [pool-299-thread-1] INFO  server.RaftServerConfigKeys (ConfUtils.java:logGet(46)) - raft.server.log.force.sync.num = 128 (default)
2023-03-16 20:05:37,480 [pool-299-thread-1] INFO  server.RaftServerConfigKeys (ConfUtils.java:logGet(46)) - raft.server.log.statemachine.data.sync = true (default)
2023-03-16 20:05:37,480 [pool-299-thread-1] INFO  server.RaftServerConfigKeys (ConfUtils.java:logGet(46)) - raft.server.log.statemachine.data.sync.timeout = 10s (default)
2023-03-16 20:05:37,480 [pool-299-thread-1] INFO  server.RaftServerConfigKeys (ConfUtils.java:logGet(46)) - raft.server.log.statemachine.data.sync.timeout.retry = -1 (default)
2023-03-16 20:05:37,484 [pool-299-thread-1] INFO  server.RaftServerConfigKeys (ConfUtils.java:logGet(46)) - raft.server.log.write.buffer.size = 1048576 (custom)
2023-03-16 20:05:37,484 [pool-299-thread-1] INFO  server.RaftServerConfigKeys (ConfUtils.java:logGet(46)) - raft.server.log.appender.buffer.byte-limit = 33554432 (custom)
2023-03-16 20:05:37,490 [pool-299-thread-1] INFO  server.RaftServerConfigKeys (ConfUtils.java:logGet(46)) - raft.server.log.unsafe-flush.enabled = false (default)
2023-03-16 20:05:37,491 [pool-299-thread-1] INFO  server.RaftServerConfigKeys (ConfUtils.java:logGet(46)) - raft.server.log.async-flush.enabled = false (default)
2023-03-16 20:05:37,491 [pool-299-thread-1] INFO  server.RaftServerConfigKeys (ConfUtils.java:logGet(46)) - raft.server.log.statemachine.data.caching.enabled = true (custom)
2023-03-16 20:05:37,491 [pool-299-thread-1] INFO  segmented.SegmentedRaftLogWorker (SegmentedRaftLogWorker.java:lambda$new$0(135)) - c4e89383-110e-4923-8697-fad4fff4e184@group-CC084F38A809-SegmentedRaftLogWorker: flushIndex: setUnconditionally 0 -> -1
2023-03-16 20:05:37,491 [pool-299-thread-1] INFO  segmented.SegmentedRaftLogWorker (SegmentedRaftLogWorker.java:lambda$new$0(135)) - c4e89383-110e-4923-8697-fad4fff4e184@group-CC084F38A809-SegmentedRaftLogWorker: safeCacheEvictIndex: setUnconditionally 0 -> -1
2023-03-16 20:05:37,491 [pool-299-thread-1] INFO  server.RaftServer$Division (RaftServerImpl.java:start(334)) - c4e89383-110e-4923-8697-fad4fff4e184@group-CC084F38A809: start as a follower, conf=-1: peers:[8a432d69-9095-4d8b-a714-320becebd573|rpc:10.1.0.41:43533|dataStream:10.1.0.41:42805|priority:1|startupRole:FOLLOWER, 77c004ef-6c20-479a-84fb-1570edc7ba10|rpc:10.1.0.41:43577|dataStream:10.1.0.41:38139|priority:0|startupRole:FOLLOWER, c4e89383-110e-4923-8697-fad4fff4e184|rpc:10.1.0.41:41947|dataStream:10.1.0.41:45915|priority:0|startupRole:FOLLOWER]|listeners:[], old=null
2023-03-16 20:05:37,492 [pool-299-thread-1] INFO  server.RaftServer$Division (RaftServerImpl.java:setRole(321)) - c4e89383-110e-4923-8697-fad4fff4e184@group-CC084F38A809: changes role from      null to FOLLOWER at term 0 for startAsFollower
2023-03-16 20:05:37,492 [pool-299-thread-1] INFO  impl.RoleInfo (RoleInfo.java:updateAndGet(139)) - c4e89383-110e-4923-8697-fad4fff4e184: start c4e89383-110e-4923-8697-fad4fff4e184@group-CC084F38A809-FollowerState
2023-03-16 20:05:37,492 [c4e89383-110e-4923-8697-fad4fff4e184@group-CC084F38A809-FollowerState] INFO  server.RaftServerConfigKeys (ConfUtils.java:logFallback(53)) - raft.server.rpc.first-election.timeout.min = 5s (fallback to raft.server.rpc.timeout.min)
2023-03-16 20:05:37,492 [pool-299-thread-1] INFO  util.JmxRegister (JmxRegister.java:tryRegister(44)) - Successfully registered JMX Bean with object name Ratis:service=RaftServer,group=group-CC084F38A809,id=c4e89383-110e-4923-8697-fad4fff4e184
2023-03-16 20:05:37,492 [pool-299-thread-1] INFO  server.RaftServerConfigKeys (ConfUtils.java:logGet(46)) - raft.server.snapshot.auto.trigger.enabled = true (custom)
2023-03-16 20:05:37,492 [c4e89383-110e-4923-8697-fad4fff4e184@group-CC084F38A809-FollowerState] INFO  server.RaftServerConfigKeys (ConfUtils.java:logFallback(53)) - raft.server.rpc.first-election.timeout.max = 5200ms (fallback to raft.server.rpc.timeout.max)
2023-03-16 20:05:37,492 [pool-299-thread-1] INFO  server.RaftServerConfigKeys (ConfUtils.java:logGet(46)) - raft.server.snapshot.auto.trigger.threshold = 10000 (custom)
2023-03-16 20:05:37,492 [pool-299-thread-1] INFO  server.RaftServerConfigKeys (ConfUtils.java:logGet(46)) - raft.server.snapshot.retention.file.num = 5 (custom)
2023-03-16 20:05:37,492 [pool-299-thread-1] INFO  server.RaftServerConfigKeys (ConfUtils.java:logGet(46)) - raft.server.log.purge.upto.snapshot.index = false (default)
2023-03-16 20:05:37,520 [grpc-default-executor-0] INFO  server.RaftServer (RaftServerProxy.java:addNew(96)) - 8a432d69-9095-4d8b-a714-320becebd573: addNew group-CC084F38A809:[8a432d69-9095-4d8b-a714-320becebd573|rpc:10.1.0.41:43533|dataStream:10.1.0.41:42805|priority:1|startupRole:FOLLOWER, 77c004ef-6c20-479a-84fb-1570edc7ba10|rpc:10.1.0.41:43577|dataStream:10.1.0.41:38139|priority:0|startupRole:FOLLOWER, c4e89383-110e-4923-8697-fad4fff4e184|rpc:10.1.0.41:41947|dataStream:10.1.0.41:45915|priority:0|startupRole:FOLLOWER] returns group-CC084F38A809:java.util.concurrent.CompletableFuture@b511209[Not completed]
2023-03-16 20:05:37,521 [pool-321-thread-1] INFO  server.RaftServer$Division (RaftServerImpl.java:<init>(195)) - 8a432d69-9095-4d8b-a714-320becebd573: new RaftServerImpl for group-CC084F38A809:[8a432d69-9095-4d8b-a714-320becebd573|rpc:10.1.0.41:43533|dataStream:10.1.0.41:42805|priority:1|startupRole:FOLLOWER, 77c004ef-6c20-479a-84fb-1570edc7ba10|rpc:10.1.0.41:43577|dataStream:10.1.0.41:38139|priority:0|startupRole:FOLLOWER, c4e89383-110e-4923-8697-fad4fff4e184|rpc:10.1.0.41:41947|dataStream:10.1.0.41:45915|priority:0|startupRole:FOLLOWER] with ContainerStateMachine:uninitialized
2023-03-16 20:05:37,522 [pool-321-thread-1] INFO  server.RaftServerConfigKeys (ConfUtils.java:logGet(46)) - raft.server.rpc.timeout.min = 5s (custom)
2023-03-16 20:05:37,522 [pool-321-thread-1] INFO  server.RaftServerConfigKeys (ConfUtils.java:logGet(46)) - raft.server.rpc.timeout.max = 5200ms (custom)
2023-03-16 20:05:37,522 [pool-321-thread-1] INFO  server.RaftServerConfigKeys (ConfUtils.java:logGet(46)) - raft.server.rpc.sleep.time = 25ms (default)
2023-03-16 20:05:37,522 [pool-321-thread-1] INFO  server.RaftServerConfigKeys (ConfUtils.java:logGet(46)) - raft.server.rpc.slowness.timeout = 300s (custom)
2023-03-16 20:05:37,522 [pool-321-thread-1] INFO  server.RaftServerConfigKeys (ConfUtils.java:logGet(46)) - raft.server.leaderelection.leader.step-down.wait-time = 10s (default)
2023-03-16 20:05:37,522 [pool-321-thread-1] INFO  server.RaftServerConfigKeys (ConfUtils.java:logGet(46)) - raft.server.sleep.deviation.threshold = 300ms (default)
2023-03-16 20:05:37,522 [pool-321-thread-1] INFO  server.RaftServer$Division (ServerState.java:<init>(118)) - 8a432d69-9095-4d8b-a714-320becebd573@group-CC084F38A809: ConfigurationManager, init=-1: peers:[8a432d69-9095-4d8b-a714-320becebd573|rpc:10.1.0.41:43533|dataStream:10.1.0.41:42805|priority:1|startupRole:FOLLOWER, 77c004ef-6c20-479a-84fb-1570edc7ba10|rpc:10.1.0.41:43577|dataStream:10.1.0.41:38139|priority:0|startupRole:FOLLOWER, c4e89383-110e-4923-8697-fad4fff4e184|rpc:10.1.0.41:41947|dataStream:10.1.0.41:45915|priority:0|startupRole:FOLLOWER]|listeners:[], old=null, confs=<EMPTY_MAP>
2023-03-16 20:05:37,522 [pool-321-thread-1] INFO  server.RaftServerConfigKeys (ConfUtils.java:logGet(46)) - raft.server.storage.dir = [/home/runner/work/ozone/ozone/hadoop-ozone/integration-test/target/test-dir/MiniOzoneClusterImpl-c7341fe8-f2e3-4722-9e04-a1c7dbed4fc1/datanode-2/data/ratis] (custom)
2023-03-16 20:05:37,522 [pool-321-thread-1] INFO  server.RaftServerConfigKeys (ConfUtils.java:logGet(46)) - raft.server.log.corruption.policy = EXCEPTION (default)
2023-03-16 20:05:37,522 [pool-321-thread-1] INFO  server.RaftServerConfigKeys (ConfUtils.java:logGet(46)) - raft.server.storage.free-space.min = 0MB (=0) (default)
2023-03-16 20:05:37,523 [pool-321-thread-1] INFO  server.RaftServerConfigKeys (ConfUtils.java:logGet(46)) - raft.server.notification.no-leader.timeout = 300s (custom)
2023-03-16 20:05:37,523 [pool-321-thread-1] INFO  server.RaftServerConfigKeys (ConfUtils.java:logGet(46)) - raft.server.retrycache.expirytime = 600000ms (custom)
2023-03-16 20:05:37,523 [pool-321-thread-1] INFO  server.RaftServerConfigKeys (ConfUtils.java:logGet(46)) - raft.server.retrycache.statistics.expirytime = 100μs (default)
2023-03-16 20:05:37,524 [pool-321-thread-1] INFO  server.RaftServerConfigKeys (ConfUtils.java:logGet(46)) - raft.server.log.appender.install.snapshot.enabled = false (custom)
2023-03-16 20:05:37,524 [pool-321-thread-1] INFO  server.RaftServerConfigKeys (ConfUtils.java:logGet(46)) - raft.server.threadpool.server.cached = true (default)
2023-03-16 20:05:37,525 [pool-321-thread-1] INFO  server.RaftServerConfigKeys (ConfUtils.java:logGet(46)) - raft.server.threadpool.server.size = 0 (default)
2023-03-16 20:05:37,525 [pool-321-thread-1] INFO  server.RaftServerConfigKeys (ConfUtils.java:logGet(46)) - raft.server.threadpool.client.cached = true (default)
2023-03-16 20:05:37,525 [pool-321-thread-1] INFO  server.RaftServerConfigKeys (ConfUtils.java:logGet(46)) - raft.server.threadpool.client.size = 0 (default)
2023-03-16 20:05:37,525 [pool-321-thread-1] INFO  storage.RaftStorageDirectory (RaftStorageDirectoryImpl.java:analyzeStorage(137)) - The storage directory /home/runner/work/ozone/ozone/hadoop-ozone/integration-test/target/test-dir/MiniOzoneClusterImpl-c7341fe8-f2e3-4722-9e04-a1c7dbed4fc1/datanode-2/data/ratis/df927098-acc7-49b5-b355-cc084f38a809 does not exist. Creating ...
2023-03-16 20:05:37,526 [pool-321-thread-1] INFO  storage.RaftStorageDirectory (RaftStorageDirectoryImpl.java:tryLock(231)) - Lock on /home/runner/work/ozone/ozone/hadoop-ozone/integration-test/target/test-dir/MiniOzoneClusterImpl-c7341fe8-f2e3-4722-9e04-a1c7dbed4fc1/datanode-2/data/ratis/df927098-acc7-49b5-b355-cc084f38a809/in_use.lock acquired by nodename 79287@fv-az371-917
2023-03-16 20:05:37,528 [pool-321-thread-1] INFO  storage.RaftStorage (RaftStorageImpl.java:format(96)) - Storage directory /home/runner/work/ozone/ozone/hadoop-ozone/integration-test/target/test-dir/MiniOzoneClusterImpl-c7341fe8-f2e3-4722-9e04-a1c7dbed4fc1/datanode-2/data/ratis/df927098-acc7-49b5-b355-cc084f38a809 has been successfully formatted.
2023-03-16 20:05:37,531 [pool-321-thread-1] INFO  ratis.ContainerStateMachine (ContainerStateMachine.java:loadSnapshot(262)) - group-CC084F38A809: The snapshot info is null. Setting the last applied indexto:(t:0, i:~)
2023-03-16 20:05:37,531 [pool-321-thread-1] INFO  server.RaftServerConfigKeys (ConfUtils.java:logGet(46)) - raft.server.log.use.memory = false (default)
2023-03-16 20:05:37,531 [pool-321-thread-1] INFO  server.RaftServerConfigKeys (ConfUtils.java:logGet(46)) - raft.server.log.purge.gap = 1000000 (custom)
2023-03-16 20:05:37,531 [pool-321-thread-1] INFO  server.RaftServerConfigKeys (ConfUtils.java:logGet(46)) - raft.server.log.appender.buffer.byte-limit = 33554432 (custom)
2023-03-16 20:05:37,531 [pool-321-thread-1] INFO  server.RaftServerConfigKeys (ConfUtils.java:logGet(46)) - raft.server.log.statemachine.data.read.timeout = 1000ms (default)
2023-03-16 20:05:37,531 [pool-321-thread-1] INFO  server.RaftServerConfigKeys (ConfUtils.java:logGet(46)) - raft.server.log.purge.preservation.log.num = 0 (default)
2023-03-16 20:05:37,532 [pool-321-thread-1] INFO  server.RaftServerConfigKeys (ConfUtils.java:logGet(46)) - raft.server.log.segment.size.max = 1048576 (custom)
2023-03-16 20:05:37,532 [pool-321-thread-1] INFO  server.RaftServerConfigKeys (ConfUtils.java:logGet(46)) - raft.server.log.segment.cache.num.max = 2 (custom)
2023-03-16 20:05:37,532 [pool-321-thread-1] INFO  server.RaftServerConfigKeys (ConfUtils.java:logGet(46)) - raft.server.log.segment.cache.size.max = 200MB (=209715200) (default)
2023-03-16 20:05:37,532 [pool-321-thread-1] INFO  segmented.SegmentedRaftLogWorker (SegmentedRaftLogWorker.java:<init>(189)) - new 8a432d69-9095-4d8b-a714-320becebd573@group-CC084F38A809-SegmentedRaftLogWorker for RaftStorageImpl:Storage Directory /home/runner/work/ozone/ozone/hadoop-ozone/integration-test/target/test-dir/MiniOzoneClusterImpl-c7341fe8-f2e3-4722-9e04-a1c7dbed4fc1/datanode-2/data/ratis/df927098-acc7-49b5-b355-cc084f38a809
2023-03-16 20:05:37,532 [pool-321-thread-1] INFO  server.RaftServerConfigKeys (ConfUtils.java:logGet(46)) - raft.server.log.queue.byte-limit = 4294967296 (custom)
2023-03-16 20:05:37,532 [pool-321-thread-1] INFO  server.RaftServerConfigKeys (ConfUtils.java:logGet(46)) - raft.server.log.queue.element-limit = 1024 (custom)
2023-03-16 20:05:37,532 [pool-321-thread-1] INFO  server.RaftServerConfigKeys (ConfUtils.java:logGet(46)) - raft.server.log.segment.size.max = 1048576 (custom)
2023-03-16 20:05:37,532 [pool-321-thread-1] INFO  server.RaftServerConfigKeys (ConfUtils.java:logGet(46)) - raft.server.log.preallocated.size = 16384 (custom)
2023-03-16 20:05:37,533 [pool-321-thread-1] INFO  server.RaftServerConfigKeys (ConfUtils.java:logGet(46)) - raft.server.log.force.sync.num = 128 (default)
2023-03-16 20:05:37,533 [pool-321-thread-1] INFO  server.RaftServerConfigKeys (ConfUtils.java:logGet(46)) - raft.server.log.statemachine.data.sync = true (default)
2023-03-16 20:05:37,533 [pool-321-thread-1] INFO  server.RaftServerConfigKeys (ConfUtils.java:logGet(46)) - raft.server.log.statemachine.data.sync.timeout = 10s (default)
2023-03-16 20:05:37,533 [pool-321-thread-1] INFO  server.RaftServerConfigKeys (ConfUtils.java:logGet(46)) - raft.server.log.statemachine.data.sync.timeout.retry = -1 (default)
2023-03-16 20:05:37,535 [pool-321-thread-1] INFO  server.RaftServerConfigKeys (ConfUtils.java:logGet(46)) - raft.server.log.write.buffer.size = 1048576 (custom)
2023-03-16 20:05:37,535 [pool-321-thread-1] INFO  server.RaftServerConfigKeys (ConfUtils.java:logGet(46)) - raft.server.log.appender.buffer.byte-limit = 33554432 (custom)
2023-03-16 20:05:38,099 [JvmPauseMonitor6] WARN  util.JvmPauseMonitor (JvmPauseMonitor.java:detectPause(126)) - JvmPauseMonitor-77c004ef-6c20-479a-84fb-1570edc7ba10: Detected pause in JVM or host machine (eg GC): pause of approximately 153229717ns.
GC pool 'PS MarkSweep' had collection(s): count=1 time=417ms
GC pool 'PS Scavenge' had collection(s): count=1 time=145ms
2023-03-16 20:05:38,100 [Command processor thread] INFO  server.RaftServer (RaftServerProxy.java:addNew(96)) - c4e89383-110e-4923-8697-fad4fff4e184: addNew group-7C553043777A:[c4e89383-110e-4923-8697-fad4fff4e184|rpc:10.1.0.41:41947|dataStream:10.1.0.41:45915|priority:1|startupRole:FOLLOWER] returns group-7C553043777A:java.util.concurrent.CompletableFuture@37c0da2c[Not completed]
2023-03-16 20:05:38,100 [JvmPauseMonitor8] WARN  util.JvmPauseMonitor (JvmPauseMonitor.java:detectPause(126)) - JvmPauseMonitor-8a432d69-9095-4d8b-a714-320becebd573: Detected pause in JVM or host machine (eg GC): pause of approximately 248987652ns.
GC pool 'PS MarkSweep' had collection(s): count=1 time=417ms
GC pool 'PS Scavenge' had collection(s): count=1 time=145ms
2023-03-16 20:05:38,099 [JvmPauseMonitor7] WARN  util.JvmPauseMonitor (JvmPauseMonitor.java:detectPause(126)) - JvmPauseMonitor-c4e89383-110e-4923-8697-fad4fff4e184: Detected pause in JVM or host machine (eg GC): pause of approximately 221703342ns.
GC pool 'PS MarkSweep' had collection(s): count=1 time=417ms
GC pool 'PS Scavenge' had collection(s): count=1 time=145ms
2023-03-16 20:05:38,101 [JvmPauseMonitor9] WARN  util.JvmPauseMonitor (JvmPauseMonitor.java:detectPause(126)) - JvmPauseMonitor-b8c04efc-d1c9-41eb-be33-8d90dc945da6: Detected pause in JVM or host machine (eg GC): pause of approximately 299748771ns.
GC pool 'PS MarkSweep' had collection(s): count=1 time=417ms
GC pool 'PS Scavenge' had collection(s): count=1 time=145ms
2023-03-16 20:05:38,102 [JvmPauseMonitor10] WARN  util.JvmPauseMonitor (JvmPauseMonitor.java:detectPause(126)) - JvmPauseMonitor-9af49bef-8086-45bf-a9fe-0593dfe94cbe: Detected pause in JVM or host machine (eg GC): pause of approximately 317997878ns.
GC pool 'PS MarkSweep' had collection(s): count=1 time=417ms
GC pool 'PS Scavenge' had collection(s): count=1 time=145ms
2023-03-16 20:05:38,102 [pool-299-thread-1] INFO  server.RaftServer$Division (RaftServerImpl.java:<init>(195)) - c4e89383-110e-4923-8697-fad4fff4e184: new RaftServerImpl for group-7C553043777A:[c4e89383-110e-4923-8697-fad4fff4e184|rpc:10.1.0.41:41947|dataStream:10.1.0.41:45915|priority:1|startupRole:FOLLOWER] with ContainerStateMachine:uninitialized
2023-03-16 20:05:38,102 [pool-299-thread-1] INFO  server.RaftServerConfigKeys (ConfUtils.java:logGet(46)) - raft.server.rpc.timeout.min = 5s (custom)
2023-03-16 20:05:38,102 [pool-299-thread-1] INFO  server.RaftServerConfigKeys (ConfUtils.java:logGet(46)) - raft.server.rpc.timeout.max = 5200ms (custom)
2023-03-16 20:05:38,103 [pool-299-thread-1] INFO  server.RaftServerConfigKeys (ConfUtils.java:logGet(46)) - raft.server.rpc.sleep.time = 25ms (default)
2023-03-16 20:05:38,103 [pool-299-thread-1] INFO  server.RaftServerConfigKeys (ConfUtils.java:logGet(46)) - raft.server.rpc.slowness.timeout = 300s (custom)
2023-03-16 20:05:38,103 [pool-299-thread-1] INFO  server.RaftServerConfigKeys (ConfUtils.java:logGet(46)) - raft.server.leaderelection.leader.step-down.wait-time = 10s (default)
2023-03-16 20:05:38,103 [pool-299-thread-1] INFO  server.RaftServerConfigKeys (ConfUtils.java:logGet(46)) - raft.server.sleep.deviation.threshold = 300ms (default)
2023-03-16 20:05:38,103 [pool-299-thread-1] INFO  server.RaftServer$Division (ServerState.java:<init>(118)) - c4e89383-110e-4923-8697-fad4fff4e184@group-7C553043777A: ConfigurationManager, init=-1: peers:[c4e89383-110e-4923-8697-fad4fff4e184|rpc:10.1.0.41:41947|dataStream:10.1.0.41:45915|priority:1|startupRole:FOLLOWER]|listeners:[], old=null, confs=<EMPTY_MAP>
2023-03-16 20:05:38,103 [pool-299-thread-1] INFO  server.RaftServerConfigKeys (ConfUtils.java:logGet(46)) - raft.server.storage.dir = [/home/runner/work/ozone/ozone/hadoop-ozone/integration-test/target/test-dir/MiniOzoneClusterImpl-c7341fe8-f2e3-4722-9e04-a1c7dbed4fc1/datanode-1/data/ratis] (custom)
2023-03-16 20:05:38,104 [pool-299-thread-1] INFO  server.RaftServerConfigKeys (ConfUtils.java:logGet(46)) - raft.server.log.corruption.policy = EXCEPTION (default)
2023-03-16 20:05:38,104 [pool-299-thread-1] INFO  server.RaftServerConfigKeys (ConfUtils.java:logGet(46)) - raft.server.storage.free-space.min = 0MB (=0) (default)
2023-03-16 20:05:38,112 [pool-321-thread-1] INFO  server.RaftServerConfigKeys (ConfUtils.java:logGet(46)) - raft.server.log.unsafe-flush.enabled = false (default)
2023-03-16 20:05:38,113 [pool-299-thread-1] INFO  server.RaftServerConfigKeys (ConfUtils.java:logGet(46)) - raft.server.notification.no-leader.timeout = 300s (custom)
2023-03-16 20:05:38,113 [pool-299-thread-1] INFO  server.RaftServerConfigKeys (ConfUtils.java:logGet(46)) - raft.server.retrycache.expirytime = 600000ms (custom)
2023-03-16 20:05:38,113 [pool-299-thread-1] INFO  server.RaftServerConfigKeys (ConfUtils.java:logGet(46)) - raft.server.retrycache.statistics.expirytime = 100μs (default)
2023-03-16 20:05:38,113 [pool-321-thread-1] INFO  server.RaftServerConfigKeys (ConfUtils.java:logGet(46)) - raft.server.log.async-flush.enabled = false (default)
2023-03-16 20:05:38,113 [pool-321-thread-1] INFO  server.RaftServerConfigKeys (ConfUtils.java:logGet(46)) - raft.server.log.statemachine.data.caching.enabled = true (custom)
2023-03-16 20:05:38,119 [pool-299-thread-1] INFO  server.RaftServerConfigKeys (ConfUtils.java:logGet(46)) - raft.server.log.appender.install.snapshot.enabled = false (custom)
2023-03-16 20:05:38,119 [pool-299-thread-1] INFO  server.RaftServerConfigKeys (ConfUtils.java:logGet(46)) - raft.server.threadpool.server.cached = true (default)
2023-03-16 20:05:38,119 [pool-299-thread-1] INFO  server.RaftServerConfigKeys (ConfUtils.java:logGet(46)) - raft.server.threadpool.server.size = 0 (default)
2023-03-16 20:05:38,119 [pool-299-thread-1] INFO  server.RaftServerConfigKeys (ConfUtils.java:logGet(46)) - raft.server.threadpool.client.cached = true (default)
2023-03-16 20:05:38,119 [pool-299-thread-1] INFO  server.RaftServerConfigKeys (ConfUtils.java:logGet(46)) - raft.server.threadpool.client.size = 0 (default)
2023-03-16 20:05:38,119 [pool-299-thread-1] INFO  storage.RaftStorageDirectory (RaftStorageDirectoryImpl.java:analyzeStorage(137)) - The storage directory /home/runner/work/ozone/ozone/hadoop-ozone/integration-test/target/test-dir/MiniOzoneClusterImpl-c7341fe8-f2e3-4722-9e04-a1c7dbed4fc1/datanode-1/data/ratis/f9382a30-f74b-439f-b821-7c553043777a does not exist. Creating ...
2023-03-16 20:05:38,120 [pool-321-thread-1] INFO  segmented.SegmentedRaftLogWorker (SegmentedRaftLogWorker.java:lambda$new$0(135)) - 8a432d69-9095-4d8b-a714-320becebd573@group-CC084F38A809-SegmentedRaftLogWorker: flushIndex: setUnconditionally 0 -> -1
2023-03-16 20:05:38,120 [pool-321-thread-1] INFO  segmented.SegmentedRaftLogWorker (SegmentedRaftLogWorker.java:lambda$new$0(135)) - 8a432d69-9095-4d8b-a714-320becebd573@group-CC084F38A809-SegmentedRaftLogWorker: safeCacheEvictIndex: setUnconditionally 0 -> -1
2023-03-16 20:05:38,123 [pool-299-thread-1] INFO  storage.RaftStorageDirectory (RaftStorageDirectoryImpl.java:tryLock(231)) - Lock on /home/runner/work/ozone/ozone/hadoop-ozone/integration-test/target/test-dir/MiniOzoneClusterImpl-c7341fe8-f2e3-4722-9e04-a1c7dbed4fc1/datanode-1/data/ratis/f9382a30-f74b-439f-b821-7c553043777a/in_use.lock acquired by nodename 79287@fv-az371-917
2023-03-16 20:05:38,126 [pool-299-thread-1] INFO  storage.RaftStorage (RaftStorageImpl.java:format(96)) - Storage directory /home/runner/work/ozone/ozone/hadoop-ozone/integration-test/target/test-dir/MiniOzoneClusterImpl-c7341fe8-f2e3-4722-9e04-a1c7dbed4fc1/datanode-1/data/ratis/f9382a30-f74b-439f-b821-7c553043777a has been successfully formatted.
2023-03-16 20:05:38,126 [pool-299-thread-1] INFO  ratis.ContainerStateMachine (ContainerStateMachine.java:loadSnapshot(262)) - group-7C553043777A: The snapshot info is null. Setting the last applied indexto:(t:0, i:~)
2023-03-16 20:05:38,127 [pool-299-thread-1] INFO  server.RaftServerConfigKeys (ConfUtils.java:logGet(46)) - raft.server.log.use.memory = false (default)
2023-03-16 20:05:38,127 [pool-299-thread-1] INFO  server.RaftServerConfigKeys (ConfUtils.java:logGet(46)) - raft.server.log.purge.gap = 1000000 (custom)
2023-03-16 20:05:38,127 [pool-299-thread-1] INFO  server.RaftServerConfigKeys (ConfUtils.java:logGet(46)) - raft.server.log.appender.buffer.byte-limit = 33554432 (custom)
2023-03-16 20:05:38,127 [pool-299-thread-1] INFO  server.RaftServerConfigKeys (ConfUtils.java:logGet(46)) - raft.server.log.statemachine.data.read.timeout = 1000ms (default)
2023-03-16 20:05:38,127 [pool-299-thread-1] INFO  server.RaftServerConfigKeys (ConfUtils.java:logGet(46)) - raft.server.log.purge.preservation.log.num = 0 (default)
2023-03-16 20:05:38,127 [pool-299-thread-1] INFO  server.RaftServerConfigKeys (ConfUtils.java:logGet(46)) - raft.server.log.segment.size.max = 1048576 (custom)
2023-03-16 20:05:38,128 [pool-299-thread-1] INFO  server.RaftServerConfigKeys (ConfUtils.java:logGet(46)) - raft.server.log.segment.cache.num.max = 2 (custom)
2023-03-16 20:05:38,128 [pool-299-thread-1] INFO  server.RaftServerConfigKeys (ConfUtils.java:logGet(46)) - raft.server.log.segment.cache.size.max = 200MB (=209715200) (default)
2023-03-16 20:05:38,128 [pool-299-thread-1] INFO  segmented.SegmentedRaftLogWorker (SegmentedRaftLogWorker.java:<init>(189)) - new c4e89383-110e-4923-8697-fad4fff4e184@group-7C553043777A-SegmentedRaftLogWorker for RaftStorageImpl:Storage Directory /home/runner/work/ozone/ozone/hadoop-ozone/integration-test/target/test-dir/MiniOzoneClusterImpl-c7341fe8-f2e3-4722-9e04-a1c7dbed4fc1/datanode-1/data/ratis/f9382a30-f74b-439f-b821-7c553043777a
2023-03-16 20:05:38,128 [pool-299-thread-1] INFO  server.RaftServerConfigKeys (ConfUtils.java:logGet(46)) - raft.server.log.queue.byte-limit = 4294967296 (custom)
2023-03-16 20:05:38,128 [pool-299-thread-1] INFO  server.RaftServerConfigKeys (ConfUtils.java:logGet(46)) - raft.server.log.queue.element-limit = 1024 (custom)
2023-03-16 20:05:38,128 [pool-299-thread-1] INFO  server.RaftServerConfigKeys (ConfUtils.java:logGet(46)) - raft.server.log.segment.size.max = 1048576 (custom)
2023-03-16 20:05:38,128 [pool-299-thread-1] INFO  server.RaftServerConfigKeys (ConfUtils.java:logGet(46)) - raft.server.log.preallocated.size = 16384 (custom)
2023-03-16 20:05:38,128 [pool-299-thread-1] INFO  server.RaftServerConfigKeys (ConfUtils.java:logGet(46)) - raft.server.log.force.sync.num = 128 (default)
2023-03-16 20:05:38,128 [pool-299-thread-1] INFO  server.RaftServerConfigKeys (ConfUtils.java:logGet(46)) - raft.server.log.statemachine.data.sync = true (default)
2023-03-16 20:05:38,128 [pool-299-thread-1] INFO  server.RaftServerConfigKeys (ConfUtils.java:logGet(46)) - raft.server.log.statemachine.data.sync.timeout = 10s (default)
2023-03-16 20:05:38,128 [pool-299-thread-1] INFO  server.RaftServerConfigKeys (ConfUtils.java:logGet(46)) - raft.server.log.statemachine.data.sync.timeout.retry = -1 (default)
2023-03-16 20:05:38,130 [pool-299-thread-1] INFO  server.RaftServerConfigKeys (ConfUtils.java:logGet(46)) - raft.server.log.write.buffer.size = 1048576 (custom)
2023-03-16 20:05:38,130 [pool-299-thread-1] INFO  server.RaftServerConfigKeys (ConfUtils.java:logGet(46)) - raft.server.log.appender.buffer.byte-limit = 33554432 (custom)
2023-03-16 20:05:38,131 [EventQueue-PipelineReportForPipelineReportHandler] INFO  pipeline.PipelineManagerImpl (PipelineManagerImpl.java:openPipeline(367)) - Pipeline Pipeline[ Id: f9382a30-f74b-439f-b821-7c553043777a, Nodes: c4e89383-110e-4923-8697-fad4fff4e184(fv-az371-917/10.1.0.41), ReplicationConfig: RATIS/ONE, State:ALLOCATED, leaderId:c4e89383-110e-4923-8697-fad4fff4e184, CreationTimestamp2023-03-16T20:05:34.818Z[Etc/UTC]] moved to OPEN state
2023-03-16 20:05:38,132 [EventQueue-OpenPipelineForHealthyPipelineSafeModeRule] INFO  safemode.SCMSafeModeManager (HealthyPipelineSafeModeRule.java:process(137)) - SCM in safe mode. Healthy pipelines reported count is 0, required healthy pipeline reported count is 1
2023-03-16 20:05:38,137 [pool-299-thread-1] INFO  server.RaftServerConfigKeys (ConfUtils.java:logGet(46)) - raft.server.log.unsafe-flush.enabled = false (default)
2023-03-16 20:05:38,137 [pool-321-thread-1] INFO  server.RaftServer$Division (RaftServerImpl.java:start(334)) - 8a432d69-9095-4d8b-a714-320becebd573@group-CC084F38A809: start as a follower, conf=-1: peers:[8a432d69-9095-4d8b-a714-320becebd573|rpc:10.1.0.41:43533|dataStream:10.1.0.41:42805|priority:1|startupRole:FOLLOWER, 77c004ef-6c20-479a-84fb-1570edc7ba10|rpc:10.1.0.41:43577|dataStream:10.1.0.41:38139|priority:0|startupRole:FOLLOWER, c4e89383-110e-4923-8697-fad4fff4e184|rpc:10.1.0.41:41947|dataStream:10.1.0.41:45915|priority:0|startupRole:FOLLOWER]|listeners:[], old=null
2023-03-16 20:05:38,137 [pool-299-thread-1] INFO  server.RaftServerConfigKeys (ConfUtils.java:logGet(46)) - raft.server.log.async-flush.enabled = false (default)
2023-03-16 20:05:38,137 [pool-321-thread-1] INFO  server.RaftServer$Division (RaftServerImpl.java:setRole(321)) - 8a432d69-9095-4d8b-a714-320becebd573@group-CC084F38A809: changes role from      null to FOLLOWER at term 0 for startAsFollower
2023-03-16 20:05:38,138 [pool-299-thread-1] INFO  server.RaftServerConfigKeys (ConfUtils.java:logGet(46)) - raft.server.log.statemachine.data.caching.enabled = true (custom)
2023-03-16 20:05:38,138 [pool-321-thread-1] INFO  impl.RoleInfo (RoleInfo.java:updateAndGet(139)) - 8a432d69-9095-4d8b-a714-320becebd573: start 8a432d69-9095-4d8b-a714-320becebd573@group-CC084F38A809-FollowerState
2023-03-16 20:05:38,138 [pool-299-thread-1] INFO  segmented.SegmentedRaftLogWorker (SegmentedRaftLogWorker.java:lambda$new$0(135)) - c4e89383-110e-4923-8697-fad4fff4e184@group-7C553043777A-SegmentedRaftLogWorker: flushIndex: setUnconditionally 0 -> -1
2023-03-16 20:05:38,138 [pool-299-thread-1] INFO  segmented.SegmentedRaftLogWorker (SegmentedRaftLogWorker.java:lambda$new$0(135)) - c4e89383-110e-4923-8697-fad4fff4e184@group-7C553043777A-SegmentedRaftLogWorker: safeCacheEvictIndex: setUnconditionally 0 -> -1
2023-03-16 20:05:38,138 [pool-299-thread-1] INFO  server.RaftServer$Division (RaftServerImpl.java:start(334)) - c4e89383-110e-4923-8697-fad4fff4e184@group-7C553043777A: start as a follower, conf=-1: peers:[c4e89383-110e-4923-8697-fad4fff4e184|rpc:10.1.0.41:41947|dataStream:10.1.0.41:45915|priority:1|startupRole:FOLLOWER]|listeners:[], old=null
2023-03-16 20:05:38,139 [pool-299-thread-1] INFO  server.RaftServer$Division (RaftServerImpl.java:setRole(321)) - c4e89383-110e-4923-8697-fad4fff4e184@group-7C553043777A: changes role from      null to FOLLOWER at term 0 for startAsFollower
2023-03-16 20:05:38,139 [pool-299-thread-1] INFO  impl.RoleInfo (RoleInfo.java:updateAndGet(139)) - c4e89383-110e-4923-8697-fad4fff4e184: start c4e89383-110e-4923-8697-fad4fff4e184@group-7C553043777A-FollowerState
2023-03-16 20:05:38,139 [8a432d69-9095-4d8b-a714-320becebd573@group-CC084F38A809-FollowerState] INFO  server.RaftServerConfigKeys (ConfUtils.java:logFallback(53)) - raft.server.rpc.first-election.timeout.min = 5s (fallback to raft.server.rpc.timeout.min)
2023-03-16 20:05:38,139 [8a432d69-9095-4d8b-a714-320becebd573@group-CC084F38A809-FollowerState] INFO  server.RaftServerConfigKeys (ConfUtils.java:logFallback(53)) - raft.server.rpc.first-election.timeout.max = 5200ms (fallback to raft.server.rpc.timeout.max)
2023-03-16 20:05:38,139 [pool-321-thread-1] INFO  util.JmxRegister (JmxRegister.java:tryRegister(44)) - Successfully registered JMX Bean with object name Ratis:service=RaftServer,group=group-CC084F38A809,id=8a432d69-9095-4d8b-a714-320becebd573
2023-03-16 20:05:38,140 [pool-321-thread-1] INFO  server.RaftServerConfigKeys (ConfUtils.java:logGet(46)) - raft.server.snapshot.auto.trigger.enabled = true (custom)
2023-03-16 20:05:38,140 [pool-321-thread-1] INFO  server.RaftServerConfigKeys (ConfUtils.java:logGet(46)) - raft.server.snapshot.auto.trigger.threshold = 10000 (custom)
2023-03-16 20:05:38,140 [pool-321-thread-1] INFO  server.RaftServerConfigKeys (ConfUtils.java:logGet(46)) - raft.server.snapshot.retention.file.num = 5 (custom)
2023-03-16 20:05:38,140 [pool-321-thread-1] INFO  server.RaftServerConfigKeys (ConfUtils.java:logGet(46)) - raft.server.log.purge.upto.snapshot.index = false (default)
2023-03-16 20:05:38,141 [pool-299-thread-1] INFO  util.JmxRegister (JmxRegister.java:tryRegister(44)) - Successfully registered JMX Bean with object name Ratis:service=RaftServer,group=group-7C553043777A,id=c4e89383-110e-4923-8697-fad4fff4e184
2023-03-16 20:05:38,141 [pool-299-thread-1] INFO  server.RaftServerConfigKeys (ConfUtils.java:logGet(46)) - raft.server.snapshot.auto.trigger.enabled = true (custom)
2023-03-16 20:05:38,141 [pool-299-thread-1] INFO  server.RaftServerConfigKeys (ConfUtils.java:logGet(46)) - raft.server.snapshot.auto.trigger.threshold = 10000 (custom)
2023-03-16 20:05:38,141 [pool-299-thread-1] INFO  server.RaftServerConfigKeys (ConfUtils.java:logGet(46)) - raft.server.snapshot.retention.file.num = 5 (custom)
2023-03-16 20:05:38,141 [pool-299-thread-1] INFO  server.RaftServerConfigKeys (ConfUtils.java:logGet(46)) - raft.server.log.purge.upto.snapshot.index = false (default)
2023-03-16 20:05:38,142 [c4e89383-110e-4923-8697-fad4fff4e184@group-7C553043777A-FollowerState] INFO  server.RaftServerConfigKeys (ConfUtils.java:logFallback(53)) - raft.server.rpc.first-election.timeout.min = 5s (fallback to raft.server.rpc.timeout.min)
2023-03-16 20:05:38,142 [c4e89383-110e-4923-8697-fad4fff4e184@group-7C553043777A-FollowerState] INFO  server.RaftServerConfigKeys (ConfUtils.java:logFallback(53)) - raft.server.rpc.first-election.timeout.max = 5200ms (fallback to raft.server.rpc.timeout.max)
2023-03-16 20:05:38,145 [Command processor thread] INFO  ratis.XceiverServerRatis (XceiverServerRatis.java:addGroup(807)) - Created group PipelineID=f9382a30-f74b-439f-b821-7c553043777a
2023-03-16 20:05:38,145 [Command processor thread] INFO  commandhandler.CreatePipelineCommandHandler (CreatePipelineCommandHandler.java:handle(113)) - Created Pipeline RATIS ONE PipelineID=f9382a30-f74b-439f-b821-7c553043777a.
2023-03-16 20:05:38,146 [Command processor thread] INFO  server.RaftServer (RaftServerProxy.java:addNew(96)) - c4e89383-110e-4923-8697-fad4fff4e184: addNew group-F98A64716723:[8a432d69-9095-4d8b-a714-320becebd573|rpc:10.1.0.41:43533|dataStream:10.1.0.41:42805|priority:0|startupRole:FOLLOWER, 77c004ef-6c20-479a-84fb-1570edc7ba10|rpc:10.1.0.41:43577|dataStream:10.1.0.41:38139|priority:0|startupRole:FOLLOWER, c4e89383-110e-4923-8697-fad4fff4e184|rpc:10.1.0.41:41947|dataStream:10.1.0.41:45915|priority:1|startupRole:FOLLOWER] returns group-F98A64716723:java.util.concurrent.CompletableFuture@390722a4[Not completed]
2023-03-16 20:05:38,148 [pool-299-thread-1] INFO  server.RaftServer$Division (RaftServerImpl.java:<init>(195)) - c4e89383-110e-4923-8697-fad4fff4e184: new RaftServerImpl for group-F98A64716723:[8a432d69-9095-4d8b-a714-320becebd573|rpc:10.1.0.41:43533|dataStream:10.1.0.41:42805|priority:0|startupRole:FOLLOWER, 77c004ef-6c20-479a-84fb-1570edc7ba10|rpc:10.1.0.41:43577|dataStream:10.1.0.41:38139|priority:0|startupRole:FOLLOWER, c4e89383-110e-4923-8697-fad4fff4e184|rpc:10.1.0.41:41947|dataStream:10.1.0.41:45915|priority:1|startupRole:FOLLOWER] with ContainerStateMachine:uninitialized
2023-03-16 20:05:38,148 [pool-299-thread-1] INFO  server.RaftServerConfigKeys (ConfUtils.java:logGet(46)) - raft.server.rpc.timeout.min = 5s (custom)
2023-03-16 20:05:38,148 [pool-299-thread-1] INFO  server.RaftServerConfigKeys (ConfUtils.java:logGet(46)) - raft.server.rpc.timeout.max = 5200ms (custom)
2023-03-16 20:05:38,148 [pool-299-thread-1] INFO  server.RaftServerConfigKeys (ConfUtils.java:logGet(46)) - raft.server.rpc.sleep.time = 25ms (default)
2023-03-16 20:05:38,148 [pool-299-thread-1] INFO  server.RaftServerConfigKeys (ConfUtils.java:logGet(46)) - raft.server.rpc.slowness.timeout = 300s (custom)
2023-03-16 20:05:38,148 [pool-299-thread-1] INFO  server.RaftServerConfigKeys (ConfUtils.java:logGet(46)) - raft.server.leaderelection.leader.step-down.wait-time = 10s (default)
2023-03-16 20:05:38,148 [pool-299-thread-1] INFO  server.RaftServerConfigKeys (ConfUtils.java:logGet(46)) - raft.server.sleep.deviation.threshold = 300ms (default)
2023-03-16 20:05:38,149 [pool-299-thread-1] INFO  server.RaftServer$Division (ServerState.java:<init>(118)) - c4e89383-110e-4923-8697-fad4fff4e184@group-F98A64716723: ConfigurationManager, init=-1: peers:[8a432d69-9095-4d8b-a714-320becebd573|rpc:10.1.0.41:43533|dataStream:10.1.0.41:42805|priority:0|startupRole:FOLLOWER, 77c004ef-6c20-479a-84fb-1570edc7ba10|rpc:10.1.0.41:43577|dataStream:10.1.0.41:38139|priority:0|startupRole:FOLLOWER, c4e89383-110e-4923-8697-fad4fff4e184|rpc:10.1.0.41:41947|dataStream:10.1.0.41:45915|priority:1|startupRole:FOLLOWER]|listeners:[], old=null, confs=<EMPTY_MAP>
2023-03-16 20:05:38,149 [pool-299-thread-1] INFO  server.RaftServerConfigKeys (ConfUtils.java:logGet(46)) - raft.server.storage.dir = [/home/runner/work/ozone/ozone/hadoop-ozone/integration-test/target/test-dir/MiniOzoneClusterImpl-c7341fe8-f2e3-4722-9e04-a1c7dbed4fc1/datanode-1/data/ratis] (custom)
2023-03-16 20:05:38,149 [pool-299-thread-1] INFO  server.RaftServerConfigKeys (ConfUtils.java:logGet(46)) - raft.server.log.corruption.policy = EXCEPTION (default)
2023-03-16 20:05:38,149 [pool-299-thread-1] INFO  server.RaftServerConfigKeys (ConfUtils.java:logGet(46)) - raft.server.storage.free-space.min = 0MB (=0) (default)
2023-03-16 20:05:38,149 [pool-299-thread-1] INFO  server.RaftServerConfigKeys (ConfUtils.java:logGet(46)) - raft.server.notification.no-leader.timeout = 300s (custom)
2023-03-16 20:05:38,149 [pool-299-thread-1] INFO  server.RaftServerConfigKeys (ConfUtils.java:logGet(46)) - raft.server.retrycache.expirytime = 600000ms (custom)
2023-03-16 20:05:38,149 [pool-299-thread-1] INFO  server.RaftServerConfigKeys (ConfUtils.java:logGet(46)) - raft.server.retrycache.statistics.expirytime = 100μs (default)
2023-03-16 20:05:38,150 [pool-299-thread-1] INFO  server.RaftServerConfigKeys (ConfUtils.java:logGet(46)) - raft.server.log.appender.install.snapshot.enabled = false (custom)
2023-03-16 20:05:38,150 [pool-299-thread-1] INFO  server.RaftServerConfigKeys (ConfUtils.java:logGet(46)) - raft.server.threadpool.server.cached = true (default)
2023-03-16 20:05:38,150 [pool-299-thread-1] INFO  server.RaftServerConfigKeys (ConfUtils.java:logGet(46)) - raft.server.threadpool.server.size = 0 (default)
2023-03-16 20:05:38,150 [pool-299-thread-1] INFO  server.RaftServerConfigKeys (ConfUtils.java:logGet(46)) - raft.server.threadpool.client.cached = true (default)
2023-03-16 20:05:38,150 [pool-299-thread-1] INFO  server.RaftServerConfigKeys (ConfUtils.java:logGet(46)) - raft.server.threadpool.client.size = 0 (default)
2023-03-16 20:05:38,151 [pool-299-thread-1] INFO  storage.RaftStorageDirectory (RaftStorageDirectoryImpl.java:analyzeStorage(137)) - The storage directory /home/runner/work/ozone/ozone/hadoop-ozone/integration-test/target/test-dir/MiniOzoneClusterImpl-c7341fe8-f2e3-4722-9e04-a1c7dbed4fc1/datanode-1/data/ratis/9fd25088-a601-45c0-9c9f-f98a64716723 does not exist. Creating ...
2023-03-16 20:05:38,152 [pool-299-thread-1] INFO  storage.RaftStorageDirectory (RaftStorageDirectoryImpl.java:tryLock(231)) - Lock on /home/runner/work/ozone/ozone/hadoop-ozone/integration-test/target/test-dir/MiniOzoneClusterImpl-c7341fe8-f2e3-4722-9e04-a1c7dbed4fc1/datanode-1/data/ratis/9fd25088-a601-45c0-9c9f-f98a64716723/in_use.lock acquired by nodename 79287@fv-az371-917
2023-03-16 20:05:38,154 [pool-299-thread-1] INFO  storage.RaftStorage (RaftStorageImpl.java:format(96)) - Storage directory /home/runner/work/ozone/ozone/hadoop-ozone/integration-test/target/test-dir/MiniOzoneClusterImpl-c7341fe8-f2e3-4722-9e04-a1c7dbed4fc1/datanode-1/data/ratis/9fd25088-a601-45c0-9c9f-f98a64716723 has been successfully formatted.
2023-03-16 20:05:38,156 [pool-299-thread-1] INFO  ratis.ContainerStateMachine (ContainerStateMachine.java:loadSnapshot(262)) - group-F98A64716723: The snapshot info is null. Setting the last applied indexto:(t:0, i:~)
2023-03-16 20:05:38,156 [pool-299-thread-1] INFO  server.RaftServerConfigKeys (ConfUtils.java:logGet(46)) - raft.server.log.use.memory = false (default)
2023-03-16 20:05:38,156 [pool-299-thread-1] INFO  server.RaftServerConfigKeys (ConfUtils.java:logGet(46)) - raft.server.log.purge.gap = 1000000 (custom)
2023-03-16 20:05:38,159 [EventQueue-OpenPipelineForHealthyPipelineSafeModeRule] INFO  safemode.SCMSafeModeManager (HealthyPipelineSafeModeRule.java:process(137)) - SCM in safe mode. Healthy pipelines reported count is 0, required healthy pipeline reported count is 1
2023-03-16 20:05:38,163 [Command processor thread] INFO  commandhandler.CreatePipelineCommandHandler (CreatePipelineCommandHandler.java:handle(113)) - Created Pipeline RATIS THREE PipelineID=df927098-acc7-49b5-b355-cc084f38a809.
2023-03-16 20:05:38,163 [Command processor thread] INFO  server.RaftServer (RaftServerProxy.java:addNew(96)) - 77c004ef-6c20-479a-84fb-1570edc7ba10: addNew group-F98A64716723:[8a432d69-9095-4d8b-a714-320becebd573|rpc:10.1.0.41:43533|dataStream:10.1.0.41:42805|priority:0|startupRole:FOLLOWER, 77c004ef-6c20-479a-84fb-1570edc7ba10|rpc:10.1.0.41:43577|dataStream:10.1.0.41:38139|priority:0|startupRole:FOLLOWER, c4e89383-110e-4923-8697-fad4fff4e184|rpc:10.1.0.41:41947|dataStream:10.1.0.41:45915|priority:1|startupRole:FOLLOWER] returns group-F98A64716723:java.util.concurrent.CompletableFuture@7a75222c[Not completed]
2023-03-16 20:05:38,163 [pool-299-thread-1] INFO  server.RaftServerConfigKeys (ConfUtils.java:logGet(46)) - raft.server.log.appender.buffer.byte-limit = 33554432 (custom)
2023-03-16 20:05:38,165 [pool-277-thread-1] INFO  server.RaftServer$Division (RaftServerImpl.java:<init>(195)) - 77c004ef-6c20-479a-84fb-1570edc7ba10: new RaftServerImpl for group-F98A64716723:[8a432d69-9095-4d8b-a714-320becebd573|rpc:10.1.0.41:43533|dataStream:10.1.0.41:42805|priority:0|startupRole:FOLLOWER, 77c004ef-6c20-479a-84fb-1570edc7ba10|rpc:10.1.0.41:43577|dataStream:10.1.0.41:38139|priority:0|startupRole:FOLLOWER, c4e89383-110e-4923-8697-fad4fff4e184|rpc:10.1.0.41:41947|dataStream:10.1.0.41:45915|priority:1|startupRole:FOLLOWER] with ContainerStateMachine:uninitialized
2023-03-16 20:05:38,165 [pool-277-thread-1] INFO  server.RaftServerConfigKeys (ConfUtils.java:logGet(46)) - raft.server.rpc.timeout.min = 5s (custom)
2023-03-16 20:05:38,165 [pool-277-thread-1] INFO  server.RaftServerConfigKeys (ConfUtils.java:logGet(46)) - raft.server.rpc.timeout.max = 5200ms (custom)
2023-03-16 20:05:38,166 [pool-277-thread-1] INFO  server.RaftServerConfigKeys (ConfUtils.java:logGet(46)) - raft.server.rpc.sleep.time = 25ms (default)
2023-03-16 20:05:38,166 [pool-277-thread-1] INFO  server.RaftServerConfigKeys (ConfUtils.java:logGet(46)) - raft.server.rpc.slowness.timeout = 300s (custom)
2023-03-16 20:05:38,166 [pool-277-thread-1] INFO  server.RaftServerConfigKeys (ConfUtils.java:logGet(46)) - raft.server.leaderelection.leader.step-down.wait-time = 10s (default)
2023-03-16 20:05:38,166 [pool-277-thread-1] INFO  server.RaftServerConfigKeys (ConfUtils.java:logGet(46)) - raft.server.sleep.deviation.threshold = 300ms (default)
2023-03-16 20:05:38,166 [pool-277-thread-1] INFO  server.RaftServer$Division (ServerState.java:<init>(118)) - 77c004ef-6c20-479a-84fb-1570edc7ba10@group-F98A64716723: ConfigurationManager, init=-1: peers:[8a432d69-9095-4d8b-a714-320becebd573|rpc:10.1.0.41:43533|dataStream:10.1.0.41:42805|priority:0|startupRole:FOLLOWER, 77c004ef-6c20-479a-84fb-1570edc7ba10|rpc:10.1.0.41:43577|dataStream:10.1.0.41:38139|priority:0|startupRole:FOLLOWER, c4e89383-110e-4923-8697-fad4fff4e184|rpc:10.1.0.41:41947|dataStream:10.1.0.41:45915|priority:1|startupRole:FOLLOWER]|listeners:[], old=null, confs=<EMPTY_MAP>
2023-03-16 20:05:38,166 [pool-277-thread-1] INFO  server.RaftServerConfigKeys (ConfUtils.java:logGet(46)) - raft.server.storage.dir = [/home/runner/work/ozone/ozone/hadoop-ozone/integration-test/target/test-dir/MiniOzoneClusterImpl-c7341fe8-f2e3-4722-9e04-a1c7dbed4fc1/datanode-0/data/ratis] (custom)
2023-03-16 20:05:38,166 [pool-277-thread-1] INFO  server.RaftServerConfigKeys (ConfUtils.java:logGet(46)) - raft.server.log.corruption.policy = EXCEPTION (default)
2023-03-16 20:05:38,166 [pool-277-thread-1] INFO  server.RaftServerConfigKeys (ConfUtils.java:logGet(46)) - raft.server.storage.free-space.min = 0MB (=0) (default)
2023-03-16 20:05:38,166 [pool-277-thread-1] INFO  server.RaftServerConfigKeys (ConfUtils.java:logGet(46)) - raft.server.notification.no-leader.timeout = 300s (custom)
2023-03-16 20:05:38,166 [pool-277-thread-1] INFO  server.RaftServerConfigKeys (ConfUtils.java:logGet(46)) - raft.server.retrycache.expirytime = 600000ms (custom)
2023-03-16 20:05:38,166 [pool-277-thread-1] INFO  server.RaftServerConfigKeys (ConfUtils.java:logGet(46)) - raft.server.retrycache.statistics.expirytime = 100μs (default)
2023-03-16 20:05:38,167 [pool-277-thread-1] INFO  server.RaftServerConfigKeys (ConfUtils.java:logGet(46)) - raft.server.log.appender.install.snapshot.enabled = false (custom)
2023-03-16 20:05:38,167 [pool-277-thread-1] INFO  server.RaftServerConfigKeys (ConfUtils.java:logGet(46)) - raft.server.threadpool.server.cached = true (default)
2023-03-16 20:05:38,167 [pool-277-thread-1] INFO  server.RaftServerConfigKeys (ConfUtils.java:logGet(46)) - raft.server.threadpool.server.size = 0 (default)
2023-03-16 20:05:38,168 [pool-277-thread-1] INFO  server.RaftServerConfigKeys (ConfUtils.java:logGet(46)) - raft.server.threadpool.client.cached = true (default)
2023-03-16 20:05:38,168 [pool-277-thread-1] INFO  server.RaftServerConfigKeys (ConfUtils.java:logGet(46)) - raft.server.threadpool.client.size = 0 (default)
2023-03-16 20:05:38,168 [pool-277-thread-1] INFO  storage.RaftStorageDirectory (RaftStorageDirectoryImpl.java:analyzeStorage(137)) - The storage directory /home/runner/work/ozone/ozone/hadoop-ozone/integration-test/target/test-dir/MiniOzoneClusterImpl-c7341fe8-f2e3-4722-9e04-a1c7dbed4fc1/datanode-0/data/ratis/9fd25088-a601-45c0-9c9f-f98a64716723 does not exist. Creating ...
2023-03-16 20:05:38,169 [pool-277-thread-1] INFO  storage.RaftStorageDirectory (RaftStorageDirectoryImpl.java:tryLock(231)) - Lock on /home/runner/work/ozone/ozone/hadoop-ozone/integration-test/target/test-dir/MiniOzoneClusterImpl-c7341fe8-f2e3-4722-9e04-a1c7dbed4fc1/datanode-0/data/ratis/9fd25088-a601-45c0-9c9f-f98a64716723/in_use.lock acquired by nodename 79287@fv-az371-917
2023-03-16 20:05:38,171 [pool-277-thread-1] INFO  storage.RaftStorage (RaftStorageImpl.java:format(96)) - Storage directory /home/runner/work/ozone/ozone/hadoop-ozone/integration-test/target/test-dir/MiniOzoneClusterImpl-c7341fe8-f2e3-4722-9e04-a1c7dbed4fc1/datanode-0/data/ratis/9fd25088-a601-45c0-9c9f-f98a64716723 has been successfully formatted.
2023-03-16 20:05:38,172 [pool-277-thread-1] INFO  ratis.ContainerStateMachine (ContainerStateMachine.java:loadSnapshot(262)) - group-F98A64716723: The snapshot info is null. Setting the last applied indexto:(t:0, i:~)
2023-03-16 20:05:38,172 [pool-277-thread-1] INFO  server.RaftServerConfigKeys (ConfUtils.java:logGet(46)) - raft.server.log.use.memory = false (default)
2023-03-16 20:05:38,172 [pool-277-thread-1] INFO  server.RaftServerConfigKeys (ConfUtils.java:logGet(46)) - raft.server.log.purge.gap = 1000000 (custom)
2023-03-16 20:05:38,172 [pool-277-thread-1] INFO  server.RaftServerConfigKeys (ConfUtils.java:logGet(46)) - raft.server.log.appender.buffer.byte-limit = 33554432 (custom)
2023-03-16 20:05:38,172 [pool-277-thread-1] INFO  server.RaftServerConfigKeys (ConfUtils.java:logGet(46)) - raft.server.log.statemachine.data.read.timeout = 1000ms (default)
2023-03-16 20:05:38,172 [pool-277-thread-1] INFO  server.RaftServerConfigKeys (ConfUtils.java:logGet(46)) - raft.server.log.purge.preservation.log.num = 0 (default)
2023-03-16 20:05:38,173 [EventQueue-OpenPipelineForHealthyPipelineSafeModeRule] INFO  safemode.SCMSafeModeManager (HealthyPipelineSafeModeRule.java:process(137)) - SCM in safe mode. Healthy pipelines reported count is 0, required healthy pipeline reported count is 1
2023-03-16 20:05:38,173 [pool-277-thread-1] INFO  server.RaftServerConfigKeys (ConfUtils.java:logGet(46)) - raft.server.log.segment.size.max = 1048576 (custom)
2023-03-16 20:05:38,173 [pool-299-thread-1] INFO  server.RaftServerConfigKeys (ConfUtils.java:logGet(46)) - raft.server.log.statemachine.data.read.timeout = 1000ms (default)
2023-03-16 20:05:38,173 [pool-299-thread-1] INFO  server.RaftServerConfigKeys (ConfUtils.java:logGet(46)) - raft.server.log.purge.preservation.log.num = 0 (default)
2023-03-16 20:05:38,173 [pool-277-thread-1] INFO  server.RaftServerConfigKeys (ConfUtils.java:logGet(46)) - raft.server.log.segment.cache.num.max = 2 (custom)
2023-03-16 20:05:38,174 [pool-277-thread-1] INFO  server.RaftServerConfigKeys (ConfUtils.java:logGet(46)) - raft.server.log.segment.cache.size.max = 200MB (=209715200) (default)
2023-03-16 20:05:38,174 [pool-277-thread-1] INFO  segmented.SegmentedRaftLogWorker (SegmentedRaftLogWorker.java:<init>(189)) - new 77c004ef-6c20-479a-84fb-1570edc7ba10@group-F98A64716723-SegmentedRaftLogWorker for RaftStorageImpl:Storage Directory /home/runner/work/ozone/ozone/hadoop-ozone/integration-test/target/test-dir/MiniOzoneClusterImpl-c7341fe8-f2e3-4722-9e04-a1c7dbed4fc1/datanode-0/data/ratis/9fd25088-a601-45c0-9c9f-f98a64716723
2023-03-16 20:05:38,174 [pool-277-thread-1] INFO  server.RaftServerConfigKeys (ConfUtils.java:logGet(46)) - raft.server.log.queue.byte-limit = 4294967296 (custom)
2023-03-16 20:05:38,174 [pool-277-thread-1] INFO  server.RaftServerConfigKeys (ConfUtils.java:logGet(46)) - raft.server.log.queue.element-limit = 1024 (custom)
2023-03-16 20:05:38,174 [pool-277-thread-1] INFO  server.RaftServerConfigKeys (ConfUtils.java:logGet(46)) - raft.server.log.segment.size.max = 1048576 (custom)
2023-03-16 20:05:38,174 [pool-277-thread-1] INFO  server.RaftServerConfigKeys (ConfUtils.java:logGet(46)) - raft.server.log.preallocated.size = 16384 (custom)
2023-03-16 20:05:38,174 [pool-277-thread-1] INFO  server.RaftServerConfigKeys (ConfUtils.java:logGet(46)) - raft.server.log.force.sync.num = 128 (default)
2023-03-16 20:05:38,174 [pool-277-thread-1] INFO  server.RaftServerConfigKeys (ConfUtils.java:logGet(46)) - raft.server.log.statemachine.data.sync = true (default)
2023-03-16 20:05:38,174 [pool-277-thread-1] INFO  server.RaftServerConfigKeys (ConfUtils.java:logGet(46)) - raft.server.log.statemachine.data.sync.timeout = 10s (default)
2023-03-16 20:05:38,174 [pool-277-thread-1] INFO  server.RaftServerConfigKeys (ConfUtils.java:logGet(46)) - raft.server.log.statemachine.data.sync.timeout.retry = -1 (default)
2023-03-16 20:05:38,175 [pool-299-thread-1] INFO  server.RaftServerConfigKeys (ConfUtils.java:logGet(46)) - raft.server.log.segment.size.max = 1048576 (custom)
2023-03-16 20:05:38,177 [pool-277-thread-1] INFO  server.RaftServerConfigKeys (ConfUtils.java:logGet(46)) - raft.server.log.write.buffer.size = 1048576 (custom)
2023-03-16 20:05:38,177 [pool-277-thread-1] INFO  server.RaftServerConfigKeys (ConfUtils.java:logGet(46)) - raft.server.log.appender.buffer.byte-limit = 33554432 (custom)
2023-03-16 20:05:38,178 [pool-299-thread-1] INFO  server.RaftServerConfigKeys (ConfUtils.java:logGet(46)) - raft.server.log.segment.cache.num.max = 2 (custom)
2023-03-16 20:05:38,178 [pool-299-thread-1] INFO  server.RaftServerConfigKeys (ConfUtils.java:logGet(46)) - raft.server.log.segment.cache.size.max = 200MB (=209715200) (default)
2023-03-16 20:05:38,178 [pool-299-thread-1] INFO  segmented.SegmentedRaftLogWorker (SegmentedRaftLogWorker.java:<init>(189)) - new c4e89383-110e-4923-8697-fad4fff4e184@group-F98A64716723-SegmentedRaftLogWorker for RaftStorageImpl:Storage Directory /home/runner/work/ozone/ozone/hadoop-ozone/integration-test/target/test-dir/MiniOzoneClusterImpl-c7341fe8-f2e3-4722-9e04-a1c7dbed4fc1/datanode-1/data/ratis/9fd25088-a601-45c0-9c9f-f98a64716723
2023-03-16 20:05:38,178 [pool-299-thread-1] INFO  server.RaftServerConfigKeys (ConfUtils.java:logGet(46)) - raft.server.log.queue.byte-limit = 4294967296 (custom)
2023-03-16 20:05:38,178 [pool-299-thread-1] INFO  server.RaftServerConfigKeys (ConfUtils.java:logGet(46)) - raft.server.log.queue.element-limit = 1024 (custom)
2023-03-16 20:05:38,178 [pool-299-thread-1] INFO  server.RaftServerConfigKeys (ConfUtils.java:logGet(46)) - raft.server.log.segment.size.max = 1048576 (custom)
2023-03-16 20:05:38,178 [pool-299-thread-1] INFO  server.RaftServerConfigKeys (ConfUtils.java:logGet(46)) - raft.server.log.preallocated.size = 16384 (custom)
2023-03-16 20:05:38,179 [pool-299-thread-1] INFO  server.RaftServerConfigKeys (ConfUtils.java:logGet(46)) - raft.server.log.force.sync.num = 128 (default)
2023-03-16 20:05:38,179 [pool-299-thread-1] INFO  server.RaftServerConfigKeys (ConfUtils.java:logGet(46)) - raft.server.log.statemachine.data.sync = true (default)
2023-03-16 20:05:38,179 [pool-299-thread-1] INFO  server.RaftServerConfigKeys (ConfUtils.java:logGet(46)) - raft.server.log.statemachine.data.sync.timeout = 10s (default)
2023-03-16 20:05:38,179 [pool-299-thread-1] INFO  server.RaftServerConfigKeys (ConfUtils.java:logGet(46)) - raft.server.log.statemachine.data.sync.timeout.retry = -1 (default)
2023-03-16 20:05:38,180 [pool-299-thread-1] INFO  server.RaftServerConfigKeys (ConfUtils.java:logGet(46)) - raft.server.log.write.buffer.size = 1048576 (custom)
2023-03-16 20:05:38,180 [pool-299-thread-1] INFO  server.RaftServerConfigKeys (ConfUtils.java:logGet(46)) - raft.server.log.appender.buffer.byte-limit = 33554432 (custom)
2023-03-16 20:05:38,184 [pool-277-thread-1] INFO  server.RaftServerConfigKeys (ConfUtils.java:logGet(46)) - raft.server.log.unsafe-flush.enabled = false (default)
2023-03-16 20:05:38,186 [pool-277-thread-1] INFO  server.RaftServerConfigKeys (ConfUtils.java:logGet(46)) - raft.server.log.async-flush.enabled = false (default)
2023-03-16 20:05:38,186 [pool-277-thread-1] INFO  server.RaftServerConfigKeys (ConfUtils.java:logGet(46)) - raft.server.log.statemachine.data.caching.enabled = true (custom)
2023-03-16 20:05:38,186 [pool-277-thread-1] INFO  segmented.SegmentedRaftLogWorker (SegmentedRaftLogWorker.java:lambda$new$0(135)) - 77c004ef-6c20-479a-84fb-1570edc7ba10@group-F98A64716723-SegmentedRaftLogWorker: flushIndex: setUnconditionally 0 -> -1
2023-03-16 20:05:38,186 [pool-277-thread-1] INFO  segmented.SegmentedRaftLogWorker (SegmentedRaftLogWorker.java:lambda$new$0(135)) - 77c004ef-6c20-479a-84fb-1570edc7ba10@group-F98A64716723-SegmentedRaftLogWorker: safeCacheEvictIndex: setUnconditionally 0 -> -1
2023-03-16 20:05:38,186 [pool-277-thread-1] INFO  server.RaftServer$Division (RaftServerImpl.java:start(334)) - 77c004ef-6c20-479a-84fb-1570edc7ba10@group-F98A64716723: start as a follower, conf=-1: peers:[8a432d69-9095-4d8b-a714-320becebd573|rpc:10.1.0.41:43533|dataStream:10.1.0.41:42805|priority:0|startupRole:FOLLOWER, 77c004ef-6c20-479a-84fb-1570edc7ba10|rpc:10.1.0.41:43577|dataStream:10.1.0.41:38139|priority:0|startupRole:FOLLOWER, c4e89383-110e-4923-8697-fad4fff4e184|rpc:10.1.0.41:41947|dataStream:10.1.0.41:45915|priority:1|startupRole:FOLLOWER]|listeners:[], old=null
2023-03-16 20:05:38,186 [pool-277-thread-1] INFO  server.RaftServer$Division (RaftServerImpl.java:setRole(321)) - 77c004ef-6c20-479a-84fb-1570edc7ba10@group-F98A64716723: changes role from      null to FOLLOWER at term 0 for startAsFollower
2023-03-16 20:05:38,186 [pool-277-thread-1] INFO  impl.RoleInfo (RoleInfo.java:updateAndGet(139)) - 77c004ef-6c20-479a-84fb-1570edc7ba10: start 77c004ef-6c20-479a-84fb-1570edc7ba10@group-F98A64716723-FollowerState
2023-03-16 20:05:38,189 [pool-277-thread-1] INFO  util.JmxRegister (JmxRegister.java:tryRegister(44)) - Successfully registered JMX Bean with object name Ratis:service=RaftServer,group=group-F98A64716723,id=77c004ef-6c20-479a-84fb-1570edc7ba10
2023-03-16 20:05:38,189 [pool-277-thread-1] INFO  server.RaftServerConfigKeys (ConfUtils.java:logGet(46)) - raft.server.snapshot.auto.trigger.enabled = true (custom)
2023-03-16 20:05:38,189 [pool-277-thread-1] INFO  server.RaftServerConfigKeys (ConfUtils.java:logGet(46)) - raft.server.snapshot.auto.trigger.threshold = 10000 (custom)
2023-03-16 20:05:38,189 [pool-277-thread-1] INFO  server.RaftServerConfigKeys (ConfUtils.java:logGet(46)) - raft.server.snapshot.retention.file.num = 5 (custom)
2023-03-16 20:05:38,190 [pool-277-thread-1] INFO  server.RaftServerConfigKeys (ConfUtils.java:logGet(46)) - raft.server.log.purge.upto.snapshot.index = false (default)
2023-03-16 20:05:38,190 [77c004ef-6c20-479a-84fb-1570edc7ba10@group-F98A64716723-FollowerState] INFO  server.RaftServerConfigKeys (ConfUtils.java:logFallback(53)) - raft.server.rpc.first-election.timeout.min = 5s (fallback to raft.server.rpc.timeout.min)
2023-03-16 20:05:38,190 [77c004ef-6c20-479a-84fb-1570edc7ba10@group-F98A64716723-FollowerState] INFO  server.RaftServerConfigKeys (ConfUtils.java:logFallback(53)) - raft.server.rpc.first-election.timeout.max = 5200ms (fallback to raft.server.rpc.timeout.max)
2023-03-16 20:05:38,192 [Command processor thread] INFO  ratis.XceiverServerRatis (XceiverServerRatis.java:addGroup(807)) - Created group PipelineID=9fd25088-a601-45c0-9c9f-f98a64716723
2023-03-16 20:05:38,196 [Listener at 127.0.0.1/40321] INFO  ozone.MiniOzoneClusterImpl (MiniOzoneClusterImpl.java:lambda$waitForClusterToBeReady$0(222)) - Nodes are ready. Got 5 of 5 DN Heartbeats.
2023-03-16 20:05:38,196 [Listener at 127.0.0.1/40321] INFO  ozone.MiniOzoneClusterImpl (MiniOzoneClusterImpl.java:lambda$waitForClusterToBeReady$0(225)) - Waiting for cluster to exit safe mode
2023-03-16 20:05:38,196 [Listener at 127.0.0.1/40321] INFO  ozone.MiniOzoneClusterImpl (MiniOzoneClusterImpl.java:lambda$waitForClusterToBeReady$0(227)) - SCM became leader
2023-03-16 20:05:38,203 [pool-299-thread-1] INFO  server.RaftServerConfigKeys (ConfUtils.java:logGet(46)) - raft.server.log.unsafe-flush.enabled = false (default)
2023-03-16 20:05:38,203 [pool-299-thread-1] INFO  server.RaftServerConfigKeys (ConfUtils.java:logGet(46)) - raft.server.log.async-flush.enabled = false (default)
2023-03-16 20:05:38,203 [pool-299-thread-1] INFO  server.RaftServerConfigKeys (ConfUtils.java:logGet(46)) - raft.server.log.statemachine.data.caching.enabled = true (custom)
2023-03-16 20:05:38,204 [pool-299-thread-1] INFO  segmented.SegmentedRaftLogWorker (SegmentedRaftLogWorker.java:lambda$new$0(135)) - c4e89383-110e-4923-8697-fad4fff4e184@group-F98A64716723-SegmentedRaftLogWorker: flushIndex: setUnconditionally 0 -> -1
2023-03-16 20:05:38,204 [pool-299-thread-1] INFO  segmented.SegmentedRaftLogWorker (SegmentedRaftLogWorker.java:lambda$new$0(135)) - c4e89383-110e-4923-8697-fad4fff4e184@group-F98A64716723-SegmentedRaftLogWorker: safeCacheEvictIndex: setUnconditionally 0 -> -1
2023-03-16 20:05:38,207 [pool-299-thread-1] INFO  server.RaftServer$Division (RaftServerImpl.java:start(334)) - c4e89383-110e-4923-8697-fad4fff4e184@group-F98A64716723: start as a follower, conf=-1: peers:[8a432d69-9095-4d8b-a714-320becebd573|rpc:10.1.0.41:43533|dataStream:10.1.0.41:42805|priority:0|startupRole:FOLLOWER, 77c004ef-6c20-479a-84fb-1570edc7ba10|rpc:10.1.0.41:43577|dataStream:10.1.0.41:38139|priority:0|startupRole:FOLLOWER, c4e89383-110e-4923-8697-fad4fff4e184|rpc:10.1.0.41:41947|dataStream:10.1.0.41:45915|priority:1|startupRole:FOLLOWER]|listeners:[], old=null
2023-03-16 20:05:38,207 [pool-299-thread-1] INFO  server.RaftServer$Division (RaftServerImpl.java:setRole(321)) - c4e89383-110e-4923-8697-fad4fff4e184@group-F98A64716723: changes role from      null to FOLLOWER at term 0 for startAsFollower
2023-03-16 20:05:38,207 [pool-299-thread-1] INFO  impl.RoleInfo (RoleInfo.java:updateAndGet(139)) - c4e89383-110e-4923-8697-fad4fff4e184: start c4e89383-110e-4923-8697-fad4fff4e184@group-F98A64716723-FollowerState
2023-03-16 20:05:38,208 [pool-299-thread-1] INFO  util.JmxRegister (JmxRegister.java:tryRegister(44)) - Successfully registered JMX Bean with object name Ratis:service=RaftServer,group=group-F98A64716723,id=c4e89383-110e-4923-8697-fad4fff4e184
2023-03-16 20:05:38,208 [pool-299-thread-1] INFO  server.RaftServerConfigKeys (ConfUtils.java:logGet(46)) - raft.server.snapshot.auto.trigger.enabled = true (custom)
2023-03-16 20:05:38,208 [pool-299-thread-1] INFO  server.RaftServerConfigKeys (ConfUtils.java:logGet(46)) - raft.server.snapshot.auto.trigger.threshold = 10000 (custom)
2023-03-16 20:05:38,208 [pool-299-thread-1] INFO  server.RaftServerConfigKeys (ConfUtils.java:logGet(46)) - raft.server.snapshot.retention.file.num = 5 (custom)
2023-03-16 20:05:38,208 [pool-299-thread-1] INFO  server.RaftServerConfigKeys (ConfUtils.java:logGet(46)) - raft.server.log.purge.upto.snapshot.index = false (default)
2023-03-16 20:05:38,209 [c4e89383-110e-4923-8697-fad4fff4e184@group-F98A64716723-FollowerState] INFO  server.RaftServerConfigKeys (ConfUtils.java:logFallback(53)) - raft.server.rpc.first-election.timeout.min = 5s (fallback to raft.server.rpc.timeout.min)
2023-03-16 20:05:38,209 [c4e89383-110e-4923-8697-fad4fff4e184@group-F98A64716723-FollowerState] INFO  server.RaftServerConfigKeys (ConfUtils.java:logFallback(53)) - raft.server.rpc.first-election.timeout.max = 5200ms (fallback to raft.server.rpc.timeout.max)
2023-03-16 20:05:38,210 [Command processor thread] INFO  ratis.XceiverServerRatis (XceiverServerRatis.java:addGroup(807)) - Created group PipelineID=9fd25088-a601-45c0-9c9f-f98a64716723
2023-03-16 20:05:38,213 [grpc-default-executor-0] INFO  server.RaftServer (RaftServerProxy.java:addNew(96)) - 8a432d69-9095-4d8b-a714-320becebd573: addNew group-F98A64716723:[8a432d69-9095-4d8b-a714-320becebd573|rpc:10.1.0.41:43533|dataStream:10.1.0.41:42805|priority:0|startupRole:FOLLOWER, 77c004ef-6c20-479a-84fb-1570edc7ba10|rpc:10.1.0.41:43577|dataStream:10.1.0.41:38139|priority:0|startupRole:FOLLOWER, c4e89383-110e-4923-8697-fad4fff4e184|rpc:10.1.0.41:41947|dataStream:10.1.0.41:45915|priority:1|startupRole:FOLLOWER] returns group-F98A64716723:java.util.concurrent.CompletableFuture@37ed7b6d[Not completed]
2023-03-16 20:05:38,214 [pool-321-thread-1] INFO  server.RaftServer$Division (RaftServerImpl.java:<init>(195)) - 8a432d69-9095-4d8b-a714-320becebd573: new RaftServerImpl for group-F98A64716723:[8a432d69-9095-4d8b-a714-320becebd573|rpc:10.1.0.41:43533|dataStream:10.1.0.41:42805|priority:0|startupRole:FOLLOWER, 77c004ef-6c20-479a-84fb-1570edc7ba10|rpc:10.1.0.41:43577|dataStream:10.1.0.41:38139|priority:0|startupRole:FOLLOWER, c4e89383-110e-4923-8697-fad4fff4e184|rpc:10.1.0.41:41947|dataStream:10.1.0.41:45915|priority:1|startupRole:FOLLOWER] with ContainerStateMachine:uninitialized
2023-03-16 20:05:38,215 [pool-321-thread-1] INFO  server.RaftServerConfigKeys (ConfUtils.java:logGet(46)) - raft.server.rpc.timeout.min = 5s (custom)
2023-03-16 20:05:38,215 [pool-321-thread-1] INFO  server.RaftServerConfigKeys (ConfUtils.java:logGet(46)) - raft.server.rpc.timeout.max = 5200ms (custom)
2023-03-16 20:05:38,215 [pool-321-thread-1] INFO  server.RaftServerConfigKeys (ConfUtils.java:logGet(46)) - raft.server.rpc.sleep.time = 25ms (default)
2023-03-16 20:05:38,215 [pool-321-thread-1] INFO  server.RaftServerConfigKeys (ConfUtils.java:logGet(46)) - raft.server.rpc.slowness.timeout = 300s (custom)
2023-03-16 20:05:38,215 [pool-321-thread-1] INFO  server.RaftServerConfigKeys (ConfUtils.java:logGet(46)) - raft.server.leaderelection.leader.step-down.wait-time = 10s (default)
2023-03-16 20:05:38,215 [pool-321-thread-1] INFO  server.RaftServerConfigKeys (ConfUtils.java:logGet(46)) - raft.server.sleep.deviation.threshold = 300ms (default)
2023-03-16 20:05:38,215 [pool-321-thread-1] INFO  server.RaftServer$Division (ServerState.java:<init>(118)) - 8a432d69-9095-4d8b-a714-320becebd573@group-F98A64716723: ConfigurationManager, init=-1: peers:[8a432d69-9095-4d8b-a714-320becebd573|rpc:10.1.0.41:43533|dataStream:10.1.0.41:42805|priority:0|startupRole:FOLLOWER, 77c004ef-6c20-479a-84fb-1570edc7ba10|rpc:10.1.0.41:43577|dataStream:10.1.0.41:38139|priority:0|startupRole:FOLLOWER, c4e89383-110e-4923-8697-fad4fff4e184|rpc:10.1.0.41:41947|dataStream:10.1.0.41:45915|priority:1|startupRole:FOLLOWER]|listeners:[], old=null, confs=<EMPTY_MAP>
2023-03-16 20:05:38,215 [pool-321-thread-1] INFO  server.RaftServerConfigKeys (ConfUtils.java:logGet(46)) - raft.server.storage.dir = [/home/runner/work/ozone/ozone/hadoop-ozone/integration-test/target/test-dir/MiniOzoneClusterImpl-c7341fe8-f2e3-4722-9e04-a1c7dbed4fc1/datanode-2/data/ratis] (custom)
2023-03-16 20:05:38,215 [pool-321-thread-1] INFO  server.RaftServerConfigKeys (ConfUtils.java:logGet(46)) - raft.server.log.corruption.policy = EXCEPTION (default)
2023-03-16 20:05:38,215 [pool-321-thread-1] INFO  server.RaftServerConfigKeys (ConfUtils.java:logGet(46)) - raft.server.storage.free-space.min = 0MB (=0) (default)
2023-03-16 20:05:38,215 [pool-321-thread-1] INFO  server.RaftServerConfigKeys (ConfUtils.java:logGet(46)) - raft.server.notification.no-leader.timeout = 300s (custom)
2023-03-16 20:05:38,215 [pool-321-thread-1] INFO  server.RaftServerConfigKeys (ConfUtils.java:logGet(46)) - raft.server.retrycache.expirytime = 600000ms (custom)
2023-03-16 20:05:38,216 [pool-321-thread-1] INFO  server.RaftServerConfigKeys (ConfUtils.java:logGet(46)) - raft.server.retrycache.statistics.expirytime = 100μs (default)
2023-03-16 20:05:38,220 [pool-321-thread-1] INFO  server.RaftServerConfigKeys (ConfUtils.java:logGet(46)) - raft.server.log.appender.install.snapshot.enabled = false (custom)
2023-03-16 20:05:38,220 [pool-321-thread-1] INFO  server.RaftServerConfigKeys (ConfUtils.java:logGet(46)) - raft.server.threadpool.server.cached = true (default)
2023-03-16 20:05:38,220 [pool-321-thread-1] INFO  server.RaftServerConfigKeys (ConfUtils.java:logGet(46)) - raft.server.threadpool.server.size = 0 (default)
2023-03-16 20:05:38,220 [pool-321-thread-1] INFO  server.RaftServerConfigKeys (ConfUtils.java:logGet(46)) - raft.server.threadpool.client.cached = true (default)
2023-03-16 20:05:38,220 [pool-321-thread-1] INFO  server.RaftServerConfigKeys (ConfUtils.java:logGet(46)) - raft.server.threadpool.client.size = 0 (default)
2023-03-16 20:05:38,220 [pool-321-thread-1] INFO  storage.RaftStorageDirectory (RaftStorageDirectoryImpl.java:analyzeStorage(137)) - The storage directory /home/runner/work/ozone/ozone/hadoop-ozone/integration-test/target/test-dir/MiniOzoneClusterImpl-c7341fe8-f2e3-4722-9e04-a1c7dbed4fc1/datanode-2/data/ratis/9fd25088-a601-45c0-9c9f-f98a64716723 does not exist. Creating ...
2023-03-16 20:05:38,223 [pool-321-thread-1] INFO  storage.RaftStorageDirectory (RaftStorageDirectoryImpl.java:tryLock(231)) - Lock on /home/runner/work/ozone/ozone/hadoop-ozone/integration-test/target/test-dir/MiniOzoneClusterImpl-c7341fe8-f2e3-4722-9e04-a1c7dbed4fc1/datanode-2/data/ratis/9fd25088-a601-45c0-9c9f-f98a64716723/in_use.lock acquired by nodename 79287@fv-az371-917
2023-03-16 20:05:38,235 [pool-321-thread-1] INFO  storage.RaftStorage (RaftStorageImpl.java:format(96)) - Storage directory /home/runner/work/ozone/ozone/hadoop-ozone/integration-test/target/test-dir/MiniOzoneClusterImpl-c7341fe8-f2e3-4722-9e04-a1c7dbed4fc1/datanode-2/data/ratis/9fd25088-a601-45c0-9c9f-f98a64716723 has been successfully formatted.
2023-03-16 20:05:38,235 [pool-321-thread-1] INFO  ratis.ContainerStateMachine (ContainerStateMachine.java:loadSnapshot(262)) - group-F98A64716723: The snapshot info is null. Setting the last applied indexto:(t:0, i:~)
2023-03-16 20:05:38,235 [pool-321-thread-1] INFO  server.RaftServerConfigKeys (ConfUtils.java:logGet(46)) - raft.server.log.use.memory = false (default)
2023-03-16 20:05:38,235 [pool-321-thread-1] INFO  server.RaftServerConfigKeys (ConfUtils.java:logGet(46)) - raft.server.log.purge.gap = 1000000 (custom)
2023-03-16 20:05:38,235 [pool-321-thread-1] INFO  server.RaftServerConfigKeys (ConfUtils.java:logGet(46)) - raft.server.log.appender.buffer.byte-limit = 33554432 (custom)
2023-03-16 20:05:38,236 [pool-321-thread-1] INFO  server.RaftServerConfigKeys (ConfUtils.java:logGet(46)) - raft.server.log.statemachine.data.read.timeout = 1000ms (default)
2023-03-16 20:05:38,236 [pool-321-thread-1] INFO  server.RaftServerConfigKeys (ConfUtils.java:logGet(46)) - raft.server.log.purge.preservation.log.num = 0 (default)
2023-03-16 20:05:38,236 [pool-321-thread-1] INFO  server.RaftServerConfigKeys (ConfUtils.java:logGet(46)) - raft.server.log.segment.size.max = 1048576 (custom)
2023-03-16 20:05:38,236 [pool-321-thread-1] INFO  server.RaftServerConfigKeys (ConfUtils.java:logGet(46)) - raft.server.log.segment.cache.num.max = 2 (custom)
2023-03-16 20:05:38,237 [pool-321-thread-1] INFO  server.RaftServerConfigKeys (ConfUtils.java:logGet(46)) - raft.server.log.segment.cache.size.max = 200MB (=209715200) (default)
2023-03-16 20:05:38,237 [pool-321-thread-1] INFO  segmented.SegmentedRaftLogWorker (SegmentedRaftLogWorker.java:<init>(189)) - new 8a432d69-9095-4d8b-a714-320becebd573@group-F98A64716723-SegmentedRaftLogWorker for RaftStorageImpl:Storage Directory /home/runner/work/ozone/ozone/hadoop-ozone/integration-test/target/test-dir/MiniOzoneClusterImpl-c7341fe8-f2e3-4722-9e04-a1c7dbed4fc1/datanode-2/data/ratis/9fd25088-a601-45c0-9c9f-f98a64716723
2023-03-16 20:05:38,237 [pool-321-thread-1] INFO  server.RaftServerConfigKeys (ConfUtils.java:logGet(46)) - raft.server.log.queue.byte-limit = 4294967296 (custom)
2023-03-16 20:05:38,237 [pool-321-thread-1] INFO  server.RaftServerConfigKeys (ConfUtils.java:logGet(46)) - raft.server.log.queue.element-limit = 1024 (custom)
2023-03-16 20:05:38,237 [pool-321-thread-1] INFO  server.RaftServerConfigKeys (ConfUtils.java:logGet(46)) - raft.server.log.segment.size.max = 1048576 (custom)
2023-03-16 20:05:38,237 [pool-321-thread-1] INFO  server.RaftServerConfigKeys (ConfUtils.java:logGet(46)) - raft.server.log.preallocated.size = 16384 (custom)
2023-03-16 20:05:38,237 [pool-321-thread-1] INFO  server.RaftServerConfigKeys (ConfUtils.java:logGet(46)) - raft.server.log.force.sync.num = 128 (default)
2023-03-16 20:05:38,237 [pool-321-thread-1] INFO  server.RaftServerConfigKeys (ConfUtils.java:logGet(46)) - raft.server.log.statemachine.data.sync = true (default)
2023-03-16 20:05:38,237 [pool-321-thread-1] INFO  server.RaftServerConfigKeys (ConfUtils.java:logGet(46)) - raft.server.log.statemachine.data.sync.timeout = 10s (default)
2023-03-16 20:05:38,237 [pool-321-thread-1] INFO  server.RaftServerConfigKeys (ConfUtils.java:logGet(46)) - raft.server.log.statemachine.data.sync.timeout.retry = -1 (default)
2023-03-16 20:05:38,238 [pool-321-thread-1] INFO  server.RaftServerConfigKeys (ConfUtils.java:logGet(46)) - raft.server.log.write.buffer.size = 1048576 (custom)
2023-03-16 20:05:38,238 [pool-321-thread-1] INFO  server.RaftServerConfigKeys (ConfUtils.java:logGet(46)) - raft.server.log.appender.buffer.byte-limit = 33554432 (custom)
2023-03-16 20:05:38,248 [pool-321-thread-1] INFO  server.RaftServerConfigKeys (ConfUtils.java:logGet(46)) - raft.server.log.unsafe-flush.enabled = false (default)
2023-03-16 20:05:38,248 [pool-321-thread-1] INFO  server.RaftServerConfigKeys (ConfUtils.java:logGet(46)) - raft.server.log.async-flush.enabled = false (default)
2023-03-16 20:05:38,248 [pool-321-thread-1] INFO  server.RaftServerConfigKeys (ConfUtils.java:logGet(46)) - raft.server.log.statemachine.data.caching.enabled = true (custom)
2023-03-16 20:05:38,253 [pool-321-thread-1] INFO  segmented.SegmentedRaftLogWorker (SegmentedRaftLogWorker.java:lambda$new$0(135)) - 8a432d69-9095-4d8b-a714-320becebd573@group-F98A64716723-SegmentedRaftLogWorker: flushIndex: setUnconditionally 0 -> -1
2023-03-16 20:05:38,253 [pool-321-thread-1] INFO  segmented.SegmentedRaftLogWorker (SegmentedRaftLogWorker.java:lambda$new$0(135)) - 8a432d69-9095-4d8b-a714-320becebd573@group-F98A64716723-SegmentedRaftLogWorker: safeCacheEvictIndex: setUnconditionally 0 -> -1
2023-03-16 20:05:38,254 [pool-321-thread-1] INFO  server.RaftServer$Division (RaftServerImpl.java:start(334)) - 8a432d69-9095-4d8b-a714-320becebd573@group-F98A64716723: start as a follower, conf=-1: peers:[8a432d69-9095-4d8b-a714-320becebd573|rpc:10.1.0.41:43533|dataStream:10.1.0.41:42805|priority:0|startupRole:FOLLOWER, 77c004ef-6c20-479a-84fb-1570edc7ba10|rpc:10.1.0.41:43577|dataStream:10.1.0.41:38139|priority:0|startupRole:FOLLOWER, c4e89383-110e-4923-8697-fad4fff4e184|rpc:10.1.0.41:41947|dataStream:10.1.0.41:45915|priority:1|startupRole:FOLLOWER]|listeners:[], old=null
2023-03-16 20:05:38,254 [pool-321-thread-1] INFO  server.RaftServer$Division (RaftServerImpl.java:setRole(321)) - 8a432d69-9095-4d8b-a714-320becebd573@group-F98A64716723: changes role from      null to FOLLOWER at term 0 for startAsFollower
2023-03-16 20:05:38,254 [pool-321-thread-1] INFO  impl.RoleInfo (RoleInfo.java:updateAndGet(139)) - 8a432d69-9095-4d8b-a714-320becebd573: start 8a432d69-9095-4d8b-a714-320becebd573@group-F98A64716723-FollowerState
2023-03-16 20:05:38,257 [pool-321-thread-1] INFO  util.JmxRegister (JmxRegister.java:tryRegister(44)) - Successfully registered JMX Bean with object name Ratis:service=RaftServer,group=group-F98A64716723,id=8a432d69-9095-4d8b-a714-320becebd573
2023-03-16 20:05:38,257 [pool-321-thread-1] INFO  server.RaftServerConfigKeys (ConfUtils.java:logGet(46)) - raft.server.snapshot.auto.trigger.enabled = true (custom)
2023-03-16 20:05:38,257 [pool-321-thread-1] INFO  server.RaftServerConfigKeys (ConfUtils.java:logGet(46)) - raft.server.snapshot.auto.trigger.threshold = 10000 (custom)
2023-03-16 20:05:38,257 [pool-321-thread-1] INFO  server.RaftServerConfigKeys (ConfUtils.java:logGet(46)) - raft.server.snapshot.retention.file.num = 5 (custom)
2023-03-16 20:05:38,257 [pool-321-thread-1] INFO  server.RaftServerConfigKeys (ConfUtils.java:logGet(46)) - raft.server.log.purge.upto.snapshot.index = false (default)
2023-03-16 20:05:38,264 [8a432d69-9095-4d8b-a714-320becebd573@group-F98A64716723-FollowerState] INFO  server.RaftServerConfigKeys (ConfUtils.java:logFallback(53)) - raft.server.rpc.first-election.timeout.min = 5s (fallback to raft.server.rpc.timeout.min)
2023-03-16 20:05:38,265 [8a432d69-9095-4d8b-a714-320becebd573@group-F98A64716723-FollowerState] INFO  server.RaftServerConfigKeys (ConfUtils.java:logFallback(53)) - raft.server.rpc.first-election.timeout.max = 5200ms (fallback to raft.server.rpc.timeout.max)
2023-03-16 20:05:38,274 [Command processor thread] INFO  server.RaftServer (RaftServerProxy.java:addNew(96)) - 8a432d69-9095-4d8b-a714-320becebd573: addNew group-F7073A844C74:[8a432d69-9095-4d8b-a714-320becebd573|rpc:10.1.0.41:43533|dataStream:10.1.0.41:42805|priority:1|startupRole:FOLLOWER] returns group-F7073A844C74:java.util.concurrent.CompletableFuture@689fea80[Not completed]
2023-03-16 20:05:38,275 [pool-321-thread-1] INFO  server.RaftServer$Division (RaftServerImpl.java:<init>(195)) - 8a432d69-9095-4d8b-a714-320becebd573: new RaftServerImpl for group-F7073A844C74:[8a432d69-9095-4d8b-a714-320becebd573|rpc:10.1.0.41:43533|dataStream:10.1.0.41:42805|priority:1|startupRole:FOLLOWER] with ContainerStateMachine:uninitialized
2023-03-16 20:05:38,276 [pool-321-thread-1] INFO  server.RaftServerConfigKeys (ConfUtils.java:logGet(46)) - raft.server.rpc.timeout.min = 5s (custom)
2023-03-16 20:05:38,276 [pool-321-thread-1] INFO  server.RaftServerConfigKeys (ConfUtils.java:logGet(46)) - raft.server.rpc.timeout.max = 5200ms (custom)
2023-03-16 20:05:38,276 [pool-321-thread-1] INFO  server.RaftServerConfigKeys (ConfUtils.java:logGet(46)) - raft.server.rpc.sleep.time = 25ms (default)
2023-03-16 20:05:38,276 [pool-321-thread-1] INFO  server.RaftServerConfigKeys (ConfUtils.java:logGet(46)) - raft.server.rpc.slowness.timeout = 300s (custom)
2023-03-16 20:05:38,276 [pool-321-thread-1] INFO  server.RaftServerConfigKeys (ConfUtils.java:logGet(46)) - raft.server.leaderelection.leader.step-down.wait-time = 10s (default)
2023-03-16 20:05:38,276 [pool-321-thread-1] INFO  server.RaftServerConfigKeys (ConfUtils.java:logGet(46)) - raft.server.sleep.deviation.threshold = 300ms (default)
2023-03-16 20:05:38,276 [pool-321-thread-1] INFO  server.RaftServer$Division (ServerState.java:<init>(118)) - 8a432d69-9095-4d8b-a714-320becebd573@group-F7073A844C74: ConfigurationManager, init=-1: peers:[8a432d69-9095-4d8b-a714-320becebd573|rpc:10.1.0.41:43533|dataStream:10.1.0.41:42805|priority:1|startupRole:FOLLOWER]|listeners:[], old=null, confs=<EMPTY_MAP>
2023-03-16 20:05:38,276 [pool-321-thread-1] INFO  server.RaftServerConfigKeys (ConfUtils.java:logGet(46)) - raft.server.storage.dir = [/home/runner/work/ozone/ozone/hadoop-ozone/integration-test/target/test-dir/MiniOzoneClusterImpl-c7341fe8-f2e3-4722-9e04-a1c7dbed4fc1/datanode-2/data/ratis] (custom)
2023-03-16 20:05:38,276 [pool-321-thread-1] INFO  server.RaftServerConfigKeys (ConfUtils.java:logGet(46)) - raft.server.log.corruption.policy = EXCEPTION (default)
2023-03-16 20:05:38,276 [pool-321-thread-1] INFO  server.RaftServerConfigKeys (ConfUtils.java:logGet(46)) - raft.server.storage.free-space.min = 0MB (=0) (default)
2023-03-16 20:05:38,277 [pool-321-thread-1] INFO  server.RaftServerConfigKeys (ConfUtils.java:logGet(46)) - raft.server.notification.no-leader.timeout = 300s (custom)
2023-03-16 20:05:38,277 [pool-321-thread-1] INFO  server.RaftServerConfigKeys (ConfUtils.java:logGet(46)) - raft.server.retrycache.expirytime = 600000ms (custom)
2023-03-16 20:05:38,277 [pool-321-thread-1] INFO  server.RaftServerConfigKeys (ConfUtils.java:logGet(46)) - raft.server.retrycache.statistics.expirytime = 100μs (default)
2023-03-16 20:05:38,278 [pool-321-thread-1] INFO  server.RaftServerConfigKeys (ConfUtils.java:logGet(46)) - raft.server.log.appender.install.snapshot.enabled = false (custom)
2023-03-16 20:05:38,278 [pool-321-thread-1] INFO  server.RaftServerConfigKeys (ConfUtils.java:logGet(46)) - raft.server.threadpool.server.cached = true (default)
2023-03-16 20:05:38,278 [pool-321-thread-1] INFO  server.RaftServerConfigKeys (ConfUtils.java:logGet(46)) - raft.server.threadpool.server.size = 0 (default)
2023-03-16 20:05:38,278 [pool-321-thread-1] INFO  server.RaftServerConfigKeys (ConfUtils.java:logGet(46)) - raft.server.threadpool.client.cached = true (default)
2023-03-16 20:05:38,278 [pool-321-thread-1] INFO  server.RaftServerConfigKeys (ConfUtils.java:logGet(46)) - raft.server.threadpool.client.size = 0 (default)
2023-03-16 20:05:38,278 [pool-321-thread-1] INFO  storage.RaftStorageDirectory (RaftStorageDirectoryImpl.java:analyzeStorage(137)) - The storage directory /home/runner/work/ozone/ozone/hadoop-ozone/integration-test/target/test-dir/MiniOzoneClusterImpl-c7341fe8-f2e3-4722-9e04-a1c7dbed4fc1/datanode-2/data/ratis/6be96b37-a2d9-47bc-a879-f7073a844c74 does not exist. Creating ...
2023-03-16 20:05:38,280 [pool-321-thread-1] INFO  storage.RaftStorageDirectory (RaftStorageDirectoryImpl.java:tryLock(231)) - Lock on /home/runner/work/ozone/ozone/hadoop-ozone/integration-test/target/test-dir/MiniOzoneClusterImpl-c7341fe8-f2e3-4722-9e04-a1c7dbed4fc1/datanode-2/data/ratis/6be96b37-a2d9-47bc-a879-f7073a844c74/in_use.lock acquired by nodename 79287@fv-az371-917
2023-03-16 20:05:38,281 [pool-321-thread-1] INFO  storage.RaftStorage (RaftStorageImpl.java:format(96)) - Storage directory /home/runner/work/ozone/ozone/hadoop-ozone/integration-test/target/test-dir/MiniOzoneClusterImpl-c7341fe8-f2e3-4722-9e04-a1c7dbed4fc1/datanode-2/data/ratis/6be96b37-a2d9-47bc-a879-f7073a844c74 has been successfully formatted.
2023-03-16 20:05:38,282 [pool-321-thread-1] INFO  ratis.ContainerStateMachine (ContainerStateMachine.java:loadSnapshot(262)) - group-F7073A844C74: The snapshot info is null. Setting the last applied indexto:(t:0, i:~)
2023-03-16 20:05:38,290 [pool-321-thread-1] INFO  server.RaftServerConfigKeys (ConfUtils.java:logGet(46)) - raft.server.log.use.memory = false (default)
2023-03-16 20:05:38,290 [pool-321-thread-1] INFO  server.RaftServerConfigKeys (ConfUtils.java:logGet(46)) - raft.server.log.purge.gap = 1000000 (custom)
2023-03-16 20:05:38,290 [pool-321-thread-1] INFO  server.RaftServerConfigKeys (ConfUtils.java:logGet(46)) - raft.server.log.appender.buffer.byte-limit = 33554432 (custom)
2023-03-16 20:05:38,290 [pool-321-thread-1] INFO  server.RaftServerConfigKeys (ConfUtils.java:logGet(46)) - raft.server.log.statemachine.data.read.timeout = 1000ms (default)
2023-03-16 20:05:38,291 [pool-321-thread-1] INFO  server.RaftServerConfigKeys (ConfUtils.java:logGet(46)) - raft.server.log.purge.preservation.log.num = 0 (default)
2023-03-16 20:05:38,291 [pool-321-thread-1] INFO  server.RaftServerConfigKeys (ConfUtils.java:logGet(46)) - raft.server.log.segment.size.max = 1048576 (custom)
2023-03-16 20:05:38,291 [pool-321-thread-1] INFO  server.RaftServerConfigKeys (ConfUtils.java:logGet(46)) - raft.server.log.segment.cache.num.max = 2 (custom)
2023-03-16 20:05:38,291 [pool-321-thread-1] INFO  server.RaftServerConfigKeys (ConfUtils.java:logGet(46)) - raft.server.log.segment.cache.size.max = 200MB (=209715200) (default)
2023-03-16 20:05:38,291 [pool-321-thread-1] INFO  segmented.SegmentedRaftLogWorker (SegmentedRaftLogWorker.java:<init>(189)) - new 8a432d69-9095-4d8b-a714-320becebd573@group-F7073A844C74-SegmentedRaftLogWorker for RaftStorageImpl:Storage Directory /home/runner/work/ozone/ozone/hadoop-ozone/integration-test/target/test-dir/MiniOzoneClusterImpl-c7341fe8-f2e3-4722-9e04-a1c7dbed4fc1/datanode-2/data/ratis/6be96b37-a2d9-47bc-a879-f7073a844c74
2023-03-16 20:05:38,291 [pool-321-thread-1] INFO  server.RaftServerConfigKeys (ConfUtils.java:logGet(46)) - raft.server.log.queue.byte-limit = 4294967296 (custom)
2023-03-16 20:05:38,291 [pool-321-thread-1] INFO  server.RaftServerConfigKeys (ConfUtils.java:logGet(46)) - raft.server.log.queue.element-limit = 1024 (custom)
2023-03-16 20:05:38,291 [pool-321-thread-1] INFO  server.RaftServerConfigKeys (ConfUtils.java:logGet(46)) - raft.server.log.segment.size.max = 1048576 (custom)
2023-03-16 20:05:38,292 [pool-321-thread-1] INFO  server.RaftServerConfigKeys (ConfUtils.java:logGet(46)) - raft.server.log.preallocated.size = 16384 (custom)
2023-03-16 20:05:38,292 [EventQueue-PipelineReportForPipelineReportHandler] INFO  pipeline.PipelineManagerImpl (PipelineManagerImpl.java:openPipeline(367)) - Pipeline Pipeline[ Id: 6be96b37-a2d9-47bc-a879-f7073a844c74, Nodes: 8a432d69-9095-4d8b-a714-320becebd573(fv-az371-917/10.1.0.41), ReplicationConfig: RATIS/ONE, State:ALLOCATED, leaderId:8a432d69-9095-4d8b-a714-320becebd573, CreationTimestamp2023-03-16T20:05:35.276Z[Etc/UTC]] moved to OPEN state
2023-03-16 20:05:38,292 [pool-321-thread-1] INFO  server.RaftServerConfigKeys (ConfUtils.java:logGet(46)) - raft.server.log.force.sync.num = 128 (default)
2023-03-16 20:05:38,292 [pool-321-thread-1] INFO  server.RaftServerConfigKeys (ConfUtils.java:logGet(46)) - raft.server.log.statemachine.data.sync = true (default)
2023-03-16 20:05:38,292 [pool-321-thread-1] INFO  server.RaftServerConfigKeys (ConfUtils.java:logGet(46)) - raft.server.log.statemachine.data.sync.timeout = 10s (default)
2023-03-16 20:05:38,292 [EventQueue-OpenPipelineForHealthyPipelineSafeModeRule] INFO  safemode.SCMSafeModeManager (HealthyPipelineSafeModeRule.java:process(137)) - SCM in safe mode. Healthy pipelines reported count is 0, required healthy pipeline reported count is 1
2023-03-16 20:05:38,292 [pool-321-thread-1] INFO  server.RaftServerConfigKeys (ConfUtils.java:logGet(46)) - raft.server.log.statemachine.data.sync.timeout.retry = -1 (default)
2023-03-16 20:05:38,293 [pool-321-thread-1] INFO  server.RaftServerConfigKeys (ConfUtils.java:logGet(46)) - raft.server.log.write.buffer.size = 1048576 (custom)
2023-03-16 20:05:38,293 [pool-321-thread-1] INFO  server.RaftServerConfigKeys (ConfUtils.java:logGet(46)) - raft.server.log.appender.buffer.byte-limit = 33554432 (custom)
2023-03-16 20:05:38,305 [pool-321-thread-1] INFO  server.RaftServerConfigKeys (ConfUtils.java:logGet(46)) - raft.server.log.unsafe-flush.enabled = false (default)
2023-03-16 20:05:38,305 [pool-321-thread-1] INFO  server.RaftServerConfigKeys (ConfUtils.java:logGet(46)) - raft.server.log.async-flush.enabled = false (default)
2023-03-16 20:05:38,305 [pool-321-thread-1] INFO  server.RaftServerConfigKeys (ConfUtils.java:logGet(46)) - raft.server.log.statemachine.data.caching.enabled = true (custom)
2023-03-16 20:05:38,306 [pool-321-thread-1] INFO  segmented.SegmentedRaftLogWorker (SegmentedRaftLogWorker.java:lambda$new$0(135)) - 8a432d69-9095-4d8b-a714-320becebd573@group-F7073A844C74-SegmentedRaftLogWorker: flushIndex: setUnconditionally 0 -> -1
2023-03-16 20:05:38,306 [pool-321-thread-1] INFO  segmented.SegmentedRaftLogWorker (SegmentedRaftLogWorker.java:lambda$new$0(135)) - 8a432d69-9095-4d8b-a714-320becebd573@group-F7073A844C74-SegmentedRaftLogWorker: safeCacheEvictIndex: setUnconditionally 0 -> -1
2023-03-16 20:05:38,312 [pool-321-thread-1] INFO  server.RaftServer$Division (RaftServerImpl.java:start(334)) - 8a432d69-9095-4d8b-a714-320becebd573@group-F7073A844C74: start as a follower, conf=-1: peers:[8a432d69-9095-4d8b-a714-320becebd573|rpc:10.1.0.41:43533|dataStream:10.1.0.41:42805|priority:1|startupRole:FOLLOWER]|listeners:[], old=null
2023-03-16 20:05:38,315 [pool-321-thread-1] INFO  server.RaftServer$Division (RaftServerImpl.java:setRole(321)) - 8a432d69-9095-4d8b-a714-320becebd573@group-F7073A844C74: changes role from      null to FOLLOWER at term 0 for startAsFollower
2023-03-16 20:05:38,316 [pool-321-thread-1] INFO  impl.RoleInfo (RoleInfo.java:updateAndGet(139)) - 8a432d69-9095-4d8b-a714-320becebd573: start 8a432d69-9095-4d8b-a714-320becebd573@group-F7073A844C74-FollowerState
2023-03-16 20:05:38,321 [pool-321-thread-1] INFO  util.JmxRegister (JmxRegister.java:tryRegister(44)) - Successfully registered JMX Bean with object name Ratis:service=RaftServer,group=group-F7073A844C74,id=8a432d69-9095-4d8b-a714-320becebd573
2023-03-16 20:05:38,321 [pool-321-thread-1] INFO  server.RaftServerConfigKeys (ConfUtils.java:logGet(46)) - raft.server.snapshot.auto.trigger.enabled = true (custom)
2023-03-16 20:05:38,321 [pool-321-thread-1] INFO  server.RaftServerConfigKeys (ConfUtils.java:logGet(46)) - raft.server.snapshot.auto.trigger.threshold = 10000 (custom)
2023-03-16 20:05:38,321 [pool-321-thread-1] INFO  server.RaftServerConfigKeys (ConfUtils.java:logGet(46)) - raft.server.snapshot.retention.file.num = 5 (custom)
2023-03-16 20:05:38,321 [pool-321-thread-1] INFO  server.RaftServerConfigKeys (ConfUtils.java:logGet(46)) - raft.server.log.purge.upto.snapshot.index = false (default)
2023-03-16 20:05:38,322 [8a432d69-9095-4d8b-a714-320becebd573@group-F7073A844C74-FollowerState] INFO  server.RaftServerConfigKeys (ConfUtils.java:logFallback(53)) - raft.server.rpc.first-election.timeout.min = 5s (fallback to raft.server.rpc.timeout.min)
2023-03-16 20:05:38,322 [8a432d69-9095-4d8b-a714-320becebd573@group-F7073A844C74-FollowerState] INFO  server.RaftServerConfigKeys (ConfUtils.java:logFallback(53)) - raft.server.rpc.first-election.timeout.max = 5200ms (fallback to raft.server.rpc.timeout.max)
2023-03-16 20:05:38,353 [Command processor thread] INFO  ratis.XceiverServerRatis (XceiverServerRatis.java:addGroup(807)) - Created group PipelineID=6be96b37-a2d9-47bc-a879-f7073a844c74
2023-03-16 20:05:38,353 [Command processor thread] INFO  commandhandler.CreatePipelineCommandHandler (CreatePipelineCommandHandler.java:handle(113)) - Created Pipeline RATIS ONE PipelineID=6be96b37-a2d9-47bc-a879-f7073a844c74.
2023-03-16 20:05:38,358 [Command processor thread] INFO  commandhandler.CreatePipelineCommandHandler (CreatePipelineCommandHandler.java:handle(113)) - Created Pipeline RATIS THREE PipelineID=9fd25088-a601-45c0-9c9f-f98a64716723.
2023-03-16 20:05:38,387 [Command processor thread] INFO  commandhandler.CreatePipelineCommandHandler (CreatePipelineCommandHandler.java:handle(113)) - Created Pipeline RATIS THREE PipelineID=9fd25088-a601-45c0-9c9f-f98a64716723.
2023-03-16 20:05:38,737 [Command processor thread] INFO  server.RaftServer (RaftServerProxy.java:addNew(96)) - b8c04efc-d1c9-41eb-be33-8d90dc945da6: addNew group-9E2D28238F67:[b8c04efc-d1c9-41eb-be33-8d90dc945da6|rpc:10.1.0.41:45279|dataStream:10.1.0.41:41783|priority:1|startupRole:FOLLOWER] returns group-9E2D28238F67:java.util.concurrent.CompletableFuture@4a649592[Not completed]
2023-03-16 20:05:38,747 [pool-343-thread-1] INFO  server.RaftServer$Division (RaftServerImpl.java:<init>(195)) - b8c04efc-d1c9-41eb-be33-8d90dc945da6: new RaftServerImpl for group-9E2D28238F67:[b8c04efc-d1c9-41eb-be33-8d90dc945da6|rpc:10.1.0.41:45279|dataStream:10.1.0.41:41783|priority:1|startupRole:FOLLOWER] with ContainerStateMachine:uninitialized
2023-03-16 20:05:38,747 [pool-343-thread-1] INFO  server.RaftServerConfigKeys (ConfUtils.java:logGet(46)) - raft.server.rpc.timeout.min = 5s (custom)
2023-03-16 20:05:38,747 [pool-343-thread-1] INFO  server.RaftServerConfigKeys (ConfUtils.java:logGet(46)) - raft.server.rpc.timeout.max = 5200ms (custom)
2023-03-16 20:05:38,748 [pool-343-thread-1] INFO  server.RaftServerConfigKeys (ConfUtils.java:logGet(46)) - raft.server.rpc.sleep.time = 25ms (default)
2023-03-16 20:05:38,748 [pool-343-thread-1] INFO  server.RaftServerConfigKeys (ConfUtils.java:logGet(46)) - raft.server.rpc.slowness.timeout = 300s (custom)
2023-03-16 20:05:38,748 [pool-343-thread-1] INFO  server.RaftServerConfigKeys (ConfUtils.java:logGet(46)) - raft.server.leaderelection.leader.step-down.wait-time = 10s (default)
2023-03-16 20:05:38,748 [pool-343-thread-1] INFO  server.RaftServerConfigKeys (ConfUtils.java:logGet(46)) - raft.server.sleep.deviation.threshold = 300ms (default)
2023-03-16 20:05:38,748 [pool-343-thread-1] INFO  server.RaftServer$Division (ServerState.java:<init>(118)) - b8c04efc-d1c9-41eb-be33-8d90dc945da6@group-9E2D28238F67: ConfigurationManager, init=-1: peers:[b8c04efc-d1c9-41eb-be33-8d90dc945da6|rpc:10.1.0.41:45279|dataStream:10.1.0.41:41783|priority:1|startupRole:FOLLOWER]|listeners:[], old=null, confs=<EMPTY_MAP>
2023-03-16 20:05:38,750 [pool-343-thread-1] INFO  server.RaftServerConfigKeys (ConfUtils.java:logGet(46)) - raft.server.storage.dir = [/home/runner/work/ozone/ozone/hadoop-ozone/integration-test/target/test-dir/MiniOzoneClusterImpl-c7341fe8-f2e3-4722-9e04-a1c7dbed4fc1/datanode-3/data/ratis] (custom)
2023-03-16 20:05:38,750 [pool-343-thread-1] INFO  server.RaftServerConfigKeys (ConfUtils.java:logGet(46)) - raft.server.log.corruption.policy = EXCEPTION (default)
2023-03-16 20:05:38,751 [pool-343-thread-1] INFO  server.RaftServerConfigKeys (ConfUtils.java:logGet(46)) - raft.server.storage.free-space.min = 0MB (=0) (default)
2023-03-16 20:05:38,751 [pool-343-thread-1] INFO  server.RaftServerConfigKeys (ConfUtils.java:logGet(46)) - raft.server.notification.no-leader.timeout = 300s (custom)
2023-03-16 20:05:38,751 [pool-343-thread-1] INFO  server.RaftServerConfigKeys (ConfUtils.java:logGet(46)) - raft.server.retrycache.expirytime = 600000ms (custom)
2023-03-16 20:05:38,751 [pool-343-thread-1] INFO  server.RaftServerConfigKeys (ConfUtils.java:logGet(46)) - raft.server.retrycache.statistics.expirytime = 100μs (default)
2023-03-16 20:05:38,754 [pool-343-thread-1] INFO  server.RaftServerConfigKeys (ConfUtils.java:logGet(46)) - raft.server.log.appender.install.snapshot.enabled = false (custom)
2023-03-16 20:05:38,754 [pool-343-thread-1] INFO  server.RaftServerConfigKeys (ConfUtils.java:logGet(46)) - raft.server.threadpool.server.cached = true (default)
2023-03-16 20:05:38,754 [pool-343-thread-1] INFO  server.RaftServerConfigKeys (ConfUtils.java:logGet(46)) - raft.server.threadpool.server.size = 0 (default)
2023-03-16 20:05:38,754 [pool-343-thread-1] INFO  server.RaftServerConfigKeys (ConfUtils.java:logGet(46)) - raft.server.threadpool.client.cached = true (default)
2023-03-16 20:05:38,754 [pool-343-thread-1] INFO  server.RaftServerConfigKeys (ConfUtils.java:logGet(46)) - raft.server.threadpool.client.size = 0 (default)
2023-03-16 20:05:38,757 [pool-343-thread-1] INFO  storage.RaftStorageDirectory (RaftStorageDirectoryImpl.java:analyzeStorage(137)) - The storage directory /home/runner/work/ozone/ozone/hadoop-ozone/integration-test/target/test-dir/MiniOzoneClusterImpl-c7341fe8-f2e3-4722-9e04-a1c7dbed4fc1/datanode-3/data/ratis/38387e45-7ca4-4ec0-9429-9e2d28238f67 does not exist. Creating ...
2023-03-16 20:05:38,758 [pool-343-thread-1] INFO  storage.RaftStorageDirectory (RaftStorageDirectoryImpl.java:tryLock(231)) - Lock on /home/runner/work/ozone/ozone/hadoop-ozone/integration-test/target/test-dir/MiniOzoneClusterImpl-c7341fe8-f2e3-4722-9e04-a1c7dbed4fc1/datanode-3/data/ratis/38387e45-7ca4-4ec0-9429-9e2d28238f67/in_use.lock acquired by nodename 79287@fv-az371-917
2023-03-16 20:05:38,760 [pool-343-thread-1] INFO  storage.RaftStorage (RaftStorageImpl.java:format(96)) - Storage directory /home/runner/work/ozone/ozone/hadoop-ozone/integration-test/target/test-dir/MiniOzoneClusterImpl-c7341fe8-f2e3-4722-9e04-a1c7dbed4fc1/datanode-3/data/ratis/38387e45-7ca4-4ec0-9429-9e2d28238f67 has been successfully formatted.
2023-03-16 20:05:38,762 [pool-343-thread-1] INFO  ratis.ContainerStateMachine (ContainerStateMachine.java:loadSnapshot(262)) - group-9E2D28238F67: The snapshot info is null. Setting the last applied indexto:(t:0, i:~)
2023-03-16 20:05:38,762 [pool-343-thread-1] INFO  server.RaftServerConfigKeys (ConfUtils.java:logGet(46)) - raft.server.log.use.memory = false (default)
2023-03-16 20:05:38,762 [pool-343-thread-1] INFO  server.RaftServerConfigKeys (ConfUtils.java:logGet(46)) - raft.server.log.purge.gap = 1000000 (custom)
2023-03-16 20:05:38,762 [pool-343-thread-1] INFO  server.RaftServerConfigKeys (ConfUtils.java:logGet(46)) - raft.server.log.appender.buffer.byte-limit = 33554432 (custom)
2023-03-16 20:05:38,762 [pool-343-thread-1] INFO  server.RaftServerConfigKeys (ConfUtils.java:logGet(46)) - raft.server.log.statemachine.data.read.timeout = 1000ms (default)
2023-03-16 20:05:38,763 [pool-343-thread-1] INFO  server.RaftServerConfigKeys (ConfUtils.java:logGet(46)) - raft.server.log.purge.preservation.log.num = 0 (default)
2023-03-16 20:05:38,763 [pool-343-thread-1] INFO  server.RaftServerConfigKeys (ConfUtils.java:logGet(46)) - raft.server.log.segment.size.max = 1048576 (custom)
2023-03-16 20:05:38,763 [EventQueue-PipelineReportForPipelineReportHandler] INFO  pipeline.PipelineManagerImpl (PipelineManagerImpl.java:openPipeline(367)) - Pipeline Pipeline[ Id: 38387e45-7ca4-4ec0-9429-9e2d28238f67, Nodes: b8c04efc-d1c9-41eb-be33-8d90dc945da6(fv-az371-917/10.1.0.41), ReplicationConfig: RATIS/ONE, State:ALLOCATED, leaderId:b8c04efc-d1c9-41eb-be33-8d90dc945da6, CreationTimestamp2023-03-16T20:05:35.737Z[Etc/UTC]] moved to OPEN state
2023-03-16 20:05:38,764 [EventQueue-OpenPipelineForHealthyPipelineSafeModeRule] INFO  safemode.SCMSafeModeManager (HealthyPipelineSafeModeRule.java:process(137)) - SCM in safe mode. Healthy pipelines reported count is 0, required healthy pipeline reported count is 1
2023-03-16 20:05:38,767 [pool-343-thread-1] INFO  server.RaftServerConfigKeys (ConfUtils.java:logGet(46)) - raft.server.log.segment.cache.num.max = 2 (custom)
2023-03-16 20:05:38,767 [pool-343-thread-1] INFO  server.RaftServerConfigKeys (ConfUtils.java:logGet(46)) - raft.server.log.segment.cache.size.max = 200MB (=209715200) (default)
2023-03-16 20:05:38,767 [pool-343-thread-1] INFO  segmented.SegmentedRaftLogWorker (SegmentedRaftLogWorker.java:<init>(189)) - new b8c04efc-d1c9-41eb-be33-8d90dc945da6@group-9E2D28238F67-SegmentedRaftLogWorker for RaftStorageImpl:Storage Directory /home/runner/work/ozone/ozone/hadoop-ozone/integration-test/target/test-dir/MiniOzoneClusterImpl-c7341fe8-f2e3-4722-9e04-a1c7dbed4fc1/datanode-3/data/ratis/38387e45-7ca4-4ec0-9429-9e2d28238f67
2023-03-16 20:05:38,767 [pool-343-thread-1] INFO  server.RaftServerConfigKeys (ConfUtils.java:logGet(46)) - raft.server.log.queue.byte-limit = 4294967296 (custom)
2023-03-16 20:05:38,767 [pool-343-thread-1] INFO  server.RaftServerConfigKeys (ConfUtils.java:logGet(46)) - raft.server.log.queue.element-limit = 1024 (custom)
2023-03-16 20:05:38,767 [pool-343-thread-1] INFO  server.RaftServerConfigKeys (ConfUtils.java:logGet(46)) - raft.server.log.segment.size.max = 1048576 (custom)
2023-03-16 20:05:38,767 [pool-343-thread-1] INFO  server.RaftServerConfigKeys (ConfUtils.java:logGet(46)) - raft.server.log.preallocated.size = 16384 (custom)
2023-03-16 20:05:38,767 [pool-343-thread-1] INFO  server.RaftServerConfigKeys (ConfUtils.java:logGet(46)) - raft.server.log.force.sync.num = 128 (default)
2023-03-16 20:05:38,767 [pool-343-thread-1] INFO  server.RaftServerConfigKeys (ConfUtils.java:logGet(46)) - raft.server.log.statemachine.data.sync = true (default)
2023-03-16 20:05:38,768 [pool-343-thread-1] INFO  server.RaftServerConfigKeys (ConfUtils.java:logGet(46)) - raft.server.log.statemachine.data.sync.timeout = 10s (default)
2023-03-16 20:05:38,768 [pool-343-thread-1] INFO  server.RaftServerConfigKeys (ConfUtils.java:logGet(46)) - raft.server.log.statemachine.data.sync.timeout.retry = -1 (default)
2023-03-16 20:05:38,769 [pool-343-thread-1] INFO  server.RaftServerConfigKeys (ConfUtils.java:logGet(46)) - raft.server.log.write.buffer.size = 1048576 (custom)
2023-03-16 20:05:38,769 [pool-343-thread-1] INFO  server.RaftServerConfigKeys (ConfUtils.java:logGet(46)) - raft.server.log.appender.buffer.byte-limit = 33554432 (custom)
2023-03-16 20:05:38,789 [pool-343-thread-1] INFO  server.RaftServerConfigKeys (ConfUtils.java:logGet(46)) - raft.server.log.unsafe-flush.enabled = false (default)
2023-03-16 20:05:38,790 [pool-343-thread-1] INFO  server.RaftServerConfigKeys (ConfUtils.java:logGet(46)) - raft.server.log.async-flush.enabled = false (default)
2023-03-16 20:05:38,790 [pool-343-thread-1] INFO  server.RaftServerConfigKeys (ConfUtils.java:logGet(46)) - raft.server.log.statemachine.data.caching.enabled = true (custom)
2023-03-16 20:05:38,790 [pool-343-thread-1] INFO  segmented.SegmentedRaftLogWorker (SegmentedRaftLogWorker.java:lambda$new$0(135)) - b8c04efc-d1c9-41eb-be33-8d90dc945da6@group-9E2D28238F67-SegmentedRaftLogWorker: flushIndex: setUnconditionally 0 -> -1
2023-03-16 20:05:38,790 [pool-343-thread-1] INFO  segmented.SegmentedRaftLogWorker (SegmentedRaftLogWorker.java:lambda$new$0(135)) - b8c04efc-d1c9-41eb-be33-8d90dc945da6@group-9E2D28238F67-SegmentedRaftLogWorker: safeCacheEvictIndex: setUnconditionally 0 -> -1
2023-03-16 20:05:38,796 [pool-343-thread-1] INFO  server.RaftServer$Division (RaftServerImpl.java:start(334)) - b8c04efc-d1c9-41eb-be33-8d90dc945da6@group-9E2D28238F67: start as a follower, conf=-1: peers:[b8c04efc-d1c9-41eb-be33-8d90dc945da6|rpc:10.1.0.41:45279|dataStream:10.1.0.41:41783|priority:1|startupRole:FOLLOWER]|listeners:[], old=null
2023-03-16 20:05:38,796 [pool-343-thread-1] INFO  server.RaftServer$Division (RaftServerImpl.java:setRole(321)) - b8c04efc-d1c9-41eb-be33-8d90dc945da6@group-9E2D28238F67: changes role from      null to FOLLOWER at term 0 for startAsFollower
2023-03-16 20:05:38,796 [pool-343-thread-1] INFO  impl.RoleInfo (RoleInfo.java:updateAndGet(139)) - b8c04efc-d1c9-41eb-be33-8d90dc945da6: start b8c04efc-d1c9-41eb-be33-8d90dc945da6@group-9E2D28238F67-FollowerState
2023-03-16 20:05:38,800 [pool-343-thread-1] INFO  util.JmxRegister (JmxRegister.java:tryRegister(44)) - Successfully registered JMX Bean with object name Ratis:service=RaftServer,group=group-9E2D28238F67,id=b8c04efc-d1c9-41eb-be33-8d90dc945da6
2023-03-16 20:05:38,800 [pool-343-thread-1] INFO  server.RaftServerConfigKeys (ConfUtils.java:logGet(46)) - raft.server.snapshot.auto.trigger.enabled = true (custom)
2023-03-16 20:05:38,800 [pool-343-thread-1] INFO  server.RaftServerConfigKeys (ConfUtils.java:logGet(46)) - raft.server.snapshot.auto.trigger.threshold = 10000 (custom)
2023-03-16 20:05:38,800 [pool-343-thread-1] INFO  server.RaftServerConfigKeys (ConfUtils.java:logGet(46)) - raft.server.snapshot.retention.file.num = 5 (custom)
2023-03-16 20:05:38,800 [pool-343-thread-1] INFO  server.RaftServerConfigKeys (ConfUtils.java:logGet(46)) - raft.server.log.purge.upto.snapshot.index = false (default)
2023-03-16 20:05:38,801 [b8c04efc-d1c9-41eb-be33-8d90dc945da6@group-9E2D28238F67-FollowerState] INFO  server.RaftServerConfigKeys (ConfUtils.java:logFallback(53)) - raft.server.rpc.first-election.timeout.min = 5s (fallback to raft.server.rpc.timeout.min)
2023-03-16 20:05:38,801 [b8c04efc-d1c9-41eb-be33-8d90dc945da6@group-9E2D28238F67-FollowerState] INFO  server.RaftServerConfigKeys (ConfUtils.java:logFallback(53)) - raft.server.rpc.first-election.timeout.max = 5200ms (fallback to raft.server.rpc.timeout.max)
2023-03-16 20:05:38,809 [Command processor thread] INFO  ratis.XceiverServerRatis (XceiverServerRatis.java:addGroup(807)) - Created group PipelineID=38387e45-7ca4-4ec0-9429-9e2d28238f67
2023-03-16 20:05:38,809 [Command processor thread] INFO  commandhandler.CreatePipelineCommandHandler (CreatePipelineCommandHandler.java:handle(113)) - Created Pipeline RATIS ONE PipelineID=38387e45-7ca4-4ec0-9429-9e2d28238f67.
2023-03-16 20:05:39,197 [Listener at 127.0.0.1/40321] INFO  ozone.MiniOzoneClusterImpl (MiniOzoneClusterImpl.java:lambda$waitForClusterToBeReady$0(222)) - Nodes are ready. Got 5 of 5 DN Heartbeats.
2023-03-16 20:05:39,197 [Listener at 127.0.0.1/40321] INFO  ozone.MiniOzoneClusterImpl (MiniOzoneClusterImpl.java:lambda$waitForClusterToBeReady$0(225)) - Waiting for cluster to exit safe mode
2023-03-16 20:05:39,197 [Listener at 127.0.0.1/40321] INFO  ozone.MiniOzoneClusterImpl (MiniOzoneClusterImpl.java:lambda$waitForClusterToBeReady$0(227)) - SCM became leader
2023-03-16 20:05:39,203 [Command processor thread] INFO  server.RaftServer (RaftServerProxy.java:addNew(96)) - 9af49bef-8086-45bf-a9fe-0593dfe94cbe: addNew group-00AF5B0A5337:[9af49bef-8086-45bf-a9fe-0593dfe94cbe|rpc:10.1.0.41:37907|dataStream:10.1.0.41:40125|priority:1|startupRole:FOLLOWER] returns group-00AF5B0A5337:java.util.concurrent.CompletableFuture@1786281[Not completed]
2023-03-16 20:05:39,204 [pool-365-thread-1] INFO  server.RaftServer$Division (RaftServerImpl.java:<init>(195)) - 9af49bef-8086-45bf-a9fe-0593dfe94cbe: new RaftServerImpl for group-00AF5B0A5337:[9af49bef-8086-45bf-a9fe-0593dfe94cbe|rpc:10.1.0.41:37907|dataStream:10.1.0.41:40125|priority:1|startupRole:FOLLOWER] with ContainerStateMachine:uninitialized
2023-03-16 20:05:39,204 [pool-365-thread-1] INFO  server.RaftServerConfigKeys (ConfUtils.java:logGet(46)) - raft.server.rpc.timeout.min = 5s (custom)
2023-03-16 20:05:39,204 [pool-365-thread-1] INFO  server.RaftServerConfigKeys (ConfUtils.java:logGet(46)) - raft.server.rpc.timeout.max = 5200ms (custom)
2023-03-16 20:05:39,204 [pool-365-thread-1] INFO  server.RaftServerConfigKeys (ConfUtils.java:logGet(46)) - raft.server.rpc.sleep.time = 25ms (default)
2023-03-16 20:05:39,204 [pool-365-thread-1] INFO  server.RaftServerConfigKeys (ConfUtils.java:logGet(46)) - raft.server.rpc.slowness.timeout = 300s (custom)
2023-03-16 20:05:39,204 [pool-365-thread-1] INFO  server.RaftServerConfigKeys (ConfUtils.java:logGet(46)) - raft.server.leaderelection.leader.step-down.wait-time = 10s (default)
2023-03-16 20:05:39,205 [pool-365-thread-1] INFO  server.RaftServerConfigKeys (ConfUtils.java:logGet(46)) - raft.server.sleep.deviation.threshold = 300ms (default)
2023-03-16 20:05:39,205 [pool-365-thread-1] INFO  server.RaftServer$Division (ServerState.java:<init>(118)) - 9af49bef-8086-45bf-a9fe-0593dfe94cbe@group-00AF5B0A5337: ConfigurationManager, init=-1: peers:[9af49bef-8086-45bf-a9fe-0593dfe94cbe|rpc:10.1.0.41:37907|dataStream:10.1.0.41:40125|priority:1|startupRole:FOLLOWER]|listeners:[], old=null, confs=<EMPTY_MAP>
2023-03-16 20:05:39,205 [pool-365-thread-1] INFO  server.RaftServerConfigKeys (ConfUtils.java:logGet(46)) - raft.server.storage.dir = [/home/runner/work/ozone/ozone/hadoop-ozone/integration-test/target/test-dir/MiniOzoneClusterImpl-c7341fe8-f2e3-4722-9e04-a1c7dbed4fc1/datanode-4/data/ratis] (custom)
2023-03-16 20:05:39,205 [pool-365-thread-1] INFO  server.RaftServerConfigKeys (ConfUtils.java:logGet(46)) - raft.server.log.corruption.policy = EXCEPTION (default)
2023-03-16 20:05:39,205 [pool-365-thread-1] INFO  server.RaftServerConfigKeys (ConfUtils.java:logGet(46)) - raft.server.storage.free-space.min = 0MB (=0) (default)
2023-03-16 20:05:39,205 [pool-365-thread-1] INFO  server.RaftServerConfigKeys (ConfUtils.java:logGet(46)) - raft.server.notification.no-leader.timeout = 300s (custom)
2023-03-16 20:05:39,205 [pool-365-thread-1] INFO  server.RaftServerConfigKeys (ConfUtils.java:logGet(46)) - raft.server.retrycache.expirytime = 600000ms (custom)
2023-03-16 20:05:39,205 [pool-365-thread-1] INFO  server.RaftServerConfigKeys (ConfUtils.java:logGet(46)) - raft.server.retrycache.statistics.expirytime = 100μs (default)
2023-03-16 20:05:39,206 [pool-365-thread-1] INFO  server.RaftServerConfigKeys (ConfUtils.java:logGet(46)) - raft.server.log.appender.install.snapshot.enabled = false (custom)
2023-03-16 20:05:39,206 [pool-365-thread-1] INFO  server.RaftServerConfigKeys (ConfUtils.java:logGet(46)) - raft.server.threadpool.server.cached = true (default)
2023-03-16 20:05:39,206 [pool-365-thread-1] INFO  server.RaftServerConfigKeys (ConfUtils.java:logGet(46)) - raft.server.threadpool.server.size = 0 (default)
2023-03-16 20:05:39,206 [pool-365-thread-1] INFO  server.RaftServerConfigKeys (ConfUtils.java:logGet(46)) - raft.server.threadpool.client.cached = true (default)
2023-03-16 20:05:39,207 [pool-365-thread-1] INFO  server.RaftServerConfigKeys (ConfUtils.java:logGet(46)) - raft.server.threadpool.client.size = 0 (default)
2023-03-16 20:05:39,207 [pool-365-thread-1] INFO  storage.RaftStorageDirectory (RaftStorageDirectoryImpl.java:analyzeStorage(137)) - The storage directory /home/runner/work/ozone/ozone/hadoop-ozone/integration-test/target/test-dir/MiniOzoneClusterImpl-c7341fe8-f2e3-4722-9e04-a1c7dbed4fc1/datanode-4/data/ratis/40e28f42-f4f4-4582-a541-00af5b0a5337 does not exist. Creating ...
2023-03-16 20:05:39,208 [pool-365-thread-1] INFO  storage.RaftStorageDirectory (RaftStorageDirectoryImpl.java:tryLock(231)) - Lock on /home/runner/work/ozone/ozone/hadoop-ozone/integration-test/target/test-dir/MiniOzoneClusterImpl-c7341fe8-f2e3-4722-9e04-a1c7dbed4fc1/datanode-4/data/ratis/40e28f42-f4f4-4582-a541-00af5b0a5337/in_use.lock acquired by nodename 79287@fv-az371-917
2023-03-16 20:05:39,210 [pool-365-thread-1] INFO  storage.RaftStorage (RaftStorageImpl.java:format(96)) - Storage directory /home/runner/work/ozone/ozone/hadoop-ozone/integration-test/target/test-dir/MiniOzoneClusterImpl-c7341fe8-f2e3-4722-9e04-a1c7dbed4fc1/datanode-4/data/ratis/40e28f42-f4f4-4582-a541-00af5b0a5337 has been successfully formatted.
2023-03-16 20:05:39,211 [pool-365-thread-1] INFO  ratis.ContainerStateMachine (ContainerStateMachine.java:loadSnapshot(262)) - group-00AF5B0A5337: The snapshot info is null. Setting the last applied indexto:(t:0, i:~)
2023-03-16 20:05:39,213 [EventQueue-PipelineReportForPipelineReportHandler] INFO  pipeline.PipelineManagerImpl (PipelineManagerImpl.java:openPipeline(367)) - Pipeline Pipeline[ Id: 40e28f42-f4f4-4582-a541-00af5b0a5337, Nodes: 9af49bef-8086-45bf-a9fe-0593dfe94cbe(fv-az371-917/10.1.0.41), ReplicationConfig: RATIS/ONE, State:ALLOCATED, leaderId:9af49bef-8086-45bf-a9fe-0593dfe94cbe, CreationTimestamp2023-03-16T20:05:36.206Z[Etc/UTC]] moved to OPEN state
2023-03-16 20:05:39,213 [EventQueue-OpenPipelineForHealthyPipelineSafeModeRule] INFO  safemode.SCMSafeModeManager (HealthyPipelineSafeModeRule.java:process(137)) - SCM in safe mode. Healthy pipelines reported count is 0, required healthy pipeline reported count is 1
2023-03-16 20:05:39,214 [pool-365-thread-1] INFO  server.RaftServerConfigKeys (ConfUtils.java:logGet(46)) - raft.server.log.use.memory = false (default)
2023-03-16 20:05:39,214 [pool-365-thread-1] INFO  server.RaftServerConfigKeys (ConfUtils.java:logGet(46)) - raft.server.log.purge.gap = 1000000 (custom)
2023-03-16 20:05:39,214 [pool-365-thread-1] INFO  server.RaftServerConfigKeys (ConfUtils.java:logGet(46)) - raft.server.log.appender.buffer.byte-limit = 33554432 (custom)
2023-03-16 20:05:39,214 [pool-365-thread-1] INFO  server.RaftServerConfigKeys (ConfUtils.java:logGet(46)) - raft.server.log.statemachine.data.read.timeout = 1000ms (default)
2023-03-16 20:05:39,214 [pool-365-thread-1] INFO  server.RaftServerConfigKeys (ConfUtils.java:logGet(46)) - raft.server.log.purge.preservation.log.num = 0 (default)
2023-03-16 20:05:39,215 [pool-365-thread-1] INFO  server.RaftServerConfigKeys (ConfUtils.java:logGet(46)) - raft.server.log.segment.size.max = 1048576 (custom)
2023-03-16 20:05:39,215 [pool-365-thread-1] INFO  server.RaftServerConfigKeys (ConfUtils.java:logGet(46)) - raft.server.log.segment.cache.num.max = 2 (custom)
2023-03-16 20:05:39,216 [pool-365-thread-1] INFO  server.RaftServerConfigKeys (ConfUtils.java:logGet(46)) - raft.server.log.segment.cache.size.max = 200MB (=209715200) (default)
2023-03-16 20:05:39,216 [pool-365-thread-1] INFO  segmented.SegmentedRaftLogWorker (SegmentedRaftLogWorker.java:<init>(189)) - new 9af49bef-8086-45bf-a9fe-0593dfe94cbe@group-00AF5B0A5337-SegmentedRaftLogWorker for RaftStorageImpl:Storage Directory /home/runner/work/ozone/ozone/hadoop-ozone/integration-test/target/test-dir/MiniOzoneClusterImpl-c7341fe8-f2e3-4722-9e04-a1c7dbed4fc1/datanode-4/data/ratis/40e28f42-f4f4-4582-a541-00af5b0a5337
2023-03-16 20:05:39,216 [pool-365-thread-1] INFO  server.RaftServerConfigKeys (ConfUtils.java:logGet(46)) - raft.server.log.queue.byte-limit = 4294967296 (custom)
2023-03-16 20:05:39,217 [pool-365-thread-1] INFO  server.RaftServerConfigKeys (ConfUtils.java:logGet(46)) - raft.server.log.queue.element-limit = 1024 (custom)
2023-03-16 20:05:39,217 [pool-365-thread-1] INFO  server.RaftServerConfigKeys (ConfUtils.java:logGet(46)) - raft.server.log.segment.size.max = 1048576 (custom)
2023-03-16 20:05:39,217 [pool-365-thread-1] INFO  server.RaftServerConfigKeys (ConfUtils.java:logGet(46)) - raft.server.log.preallocated.size = 16384 (custom)
2023-03-16 20:05:39,217 [pool-365-thread-1] INFO  server.RaftServerConfigKeys (ConfUtils.java:logGet(46)) - raft.server.log.force.sync.num = 128 (default)
2023-03-16 20:05:39,217 [pool-365-thread-1] INFO  server.RaftServerConfigKeys (ConfUtils.java:logGet(46)) - raft.server.log.statemachine.data.sync = true (default)
2023-03-16 20:05:39,217 [pool-365-thread-1] INFO  server.RaftServerConfigKeys (ConfUtils.java:logGet(46)) - raft.server.log.statemachine.data.sync.timeout = 10s (default)
2023-03-16 20:05:39,217 [pool-365-thread-1] INFO  server.RaftServerConfigKeys (ConfUtils.java:logGet(46)) - raft.server.log.statemachine.data.sync.timeout.retry = -1 (default)
2023-03-16 20:05:39,219 [pool-365-thread-1] INFO  server.RaftServerConfigKeys (ConfUtils.java:logGet(46)) - raft.server.log.write.buffer.size = 1048576 (custom)
2023-03-16 20:05:39,225 [pool-365-thread-1] INFO  server.RaftServerConfigKeys (ConfUtils.java:logGet(46)) - raft.server.log.appender.buffer.byte-limit = 33554432 (custom)
2023-03-16 20:05:39,232 [pool-365-thread-1] INFO  server.RaftServerConfigKeys (ConfUtils.java:logGet(46)) - raft.server.log.unsafe-flush.enabled = false (default)
2023-03-16 20:05:39,232 [pool-365-thread-1] INFO  server.RaftServerConfigKeys (ConfUtils.java:logGet(46)) - raft.server.log.async-flush.enabled = false (default)
2023-03-16 20:05:39,233 [pool-365-thread-1] INFO  server.RaftServerConfigKeys (ConfUtils.java:logGet(46)) - raft.server.log.statemachine.data.caching.enabled = true (custom)
2023-03-16 20:05:39,233 [pool-365-thread-1] INFO  segmented.SegmentedRaftLogWorker (SegmentedRaftLogWorker.java:lambda$new$0(135)) - 9af49bef-8086-45bf-a9fe-0593dfe94cbe@group-00AF5B0A5337-SegmentedRaftLogWorker: flushIndex: setUnconditionally 0 -> -1
2023-03-16 20:05:39,233 [pool-365-thread-1] INFO  segmented.SegmentedRaftLogWorker (SegmentedRaftLogWorker.java:lambda$new$0(135)) - 9af49bef-8086-45bf-a9fe-0593dfe94cbe@group-00AF5B0A5337-SegmentedRaftLogWorker: safeCacheEvictIndex: setUnconditionally 0 -> -1
2023-03-16 20:05:39,233 [pool-365-thread-1] INFO  server.RaftServer$Division (RaftServerImpl.java:start(334)) - 9af49bef-8086-45bf-a9fe-0593dfe94cbe@group-00AF5B0A5337: start as a follower, conf=-1: peers:[9af49bef-8086-45bf-a9fe-0593dfe94cbe|rpc:10.1.0.41:37907|dataStream:10.1.0.41:40125|priority:1|startupRole:FOLLOWER]|listeners:[], old=null
2023-03-16 20:05:39,233 [pool-365-thread-1] INFO  server.RaftServer$Division (RaftServerImpl.java:setRole(321)) - 9af49bef-8086-45bf-a9fe-0593dfe94cbe@group-00AF5B0A5337: changes role from      null to FOLLOWER at term 0 for startAsFollower
2023-03-16 20:05:39,233 [pool-365-thread-1] INFO  impl.RoleInfo (RoleInfo.java:updateAndGet(139)) - 9af49bef-8086-45bf-a9fe-0593dfe94cbe: start 9af49bef-8086-45bf-a9fe-0593dfe94cbe@group-00AF5B0A5337-FollowerState
2023-03-16 20:05:39,234 [pool-365-thread-1] INFO  util.JmxRegister (JmxRegister.java:tryRegister(44)) - Successfully registered JMX Bean with object name Ratis:service=RaftServer,group=group-00AF5B0A5337,id=9af49bef-8086-45bf-a9fe-0593dfe94cbe
2023-03-16 20:05:39,234 [pool-365-thread-1] INFO  server.RaftServerConfigKeys (ConfUtils.java:logGet(46)) - raft.server.snapshot.auto.trigger.enabled = true (custom)
2023-03-16 20:05:39,234 [pool-365-thread-1] INFO  server.RaftServerConfigKeys (ConfUtils.java:logGet(46)) - raft.server.snapshot.auto.trigger.threshold = 10000 (custom)
2023-03-16 20:05:39,234 [pool-365-thread-1] INFO  server.RaftServerConfigKeys (ConfUtils.java:logGet(46)) - raft.server.snapshot.retention.file.num = 5 (custom)
2023-03-16 20:05:39,234 [pool-365-thread-1] INFO  server.RaftServerConfigKeys (ConfUtils.java:logGet(46)) - raft.server.log.purge.upto.snapshot.index = false (default)
2023-03-16 20:05:39,235 [9af49bef-8086-45bf-a9fe-0593dfe94cbe@group-00AF5B0A5337-FollowerState] INFO  server.RaftServerConfigKeys (ConfUtils.java:logFallback(53)) - raft.server.rpc.first-election.timeout.min = 5s (fallback to raft.server.rpc.timeout.min)
2023-03-16 20:05:39,235 [9af49bef-8086-45bf-a9fe-0593dfe94cbe@group-00AF5B0A5337-FollowerState] INFO  server.RaftServerConfigKeys (ConfUtils.java:logFallback(53)) - raft.server.rpc.first-election.timeout.max = 5200ms (fallback to raft.server.rpc.timeout.max)
2023-03-16 20:05:39,235 [Command processor thread] INFO  ratis.XceiverServerRatis (XceiverServerRatis.java:addGroup(807)) - Created group PipelineID=40e28f42-f4f4-4582-a541-00af5b0a5337
2023-03-16 20:05:39,235 [Command processor thread] INFO  commandhandler.CreatePipelineCommandHandler (CreatePipelineCommandHandler.java:handle(113)) - Created Pipeline RATIS ONE PipelineID=40e28f42-f4f4-4582-a541-00af5b0a5337.
2023-03-16 20:05:40,197 [Listener at 127.0.0.1/40321] INFO  ozone.MiniOzoneClusterImpl (MiniOzoneClusterImpl.java:lambda$waitForClusterToBeReady$0(222)) - Nodes are ready. Got 5 of 5 DN Heartbeats.
2023-03-16 20:05:40,198 [Listener at 127.0.0.1/40321] INFO  ozone.MiniOzoneClusterImpl (MiniOzoneClusterImpl.java:lambda$waitForClusterToBeReady$0(225)) - Waiting for cluster to exit safe mode
2023-03-16 20:05:40,198 [Listener at 127.0.0.1/40321] INFO  ozone.MiniOzoneClusterImpl (MiniOzoneClusterImpl.java:lambda$waitForClusterToBeReady$0(227)) - SCM became leader
2023-03-16 20:05:41,198 [Listener at 127.0.0.1/40321] INFO  ozone.MiniOzoneClusterImpl (MiniOzoneClusterImpl.java:lambda$waitForClusterToBeReady$0(222)) - Nodes are ready. Got 5 of 5 DN Heartbeats.
2023-03-16 20:05:41,198 [Listener at 127.0.0.1/40321] INFO  ozone.MiniOzoneClusterImpl (MiniOzoneClusterImpl.java:lambda$waitForClusterToBeReady$0(225)) - Waiting for cluster to exit safe mode
2023-03-16 20:05:41,199 [Listener at 127.0.0.1/40321] INFO  ozone.MiniOzoneClusterImpl (MiniOzoneClusterImpl.java:lambda$waitForClusterToBeReady$0(227)) - SCM became leader
2023-03-16 20:05:42,201 [Listener at 127.0.0.1/40321] INFO  ozone.MiniOzoneClusterImpl (MiniOzoneClusterImpl.java:lambda$waitForClusterToBeReady$0(222)) - Nodes are ready. Got 5 of 5 DN Heartbeats.
2023-03-16 20:05:42,202 [Listener at 127.0.0.1/40321] INFO  ozone.MiniOzoneClusterImpl (MiniOzoneClusterImpl.java:lambda$waitForClusterToBeReady$0(225)) - Waiting for cluster to exit safe mode
2023-03-16 20:05:42,202 [Listener at 127.0.0.1/40321] INFO  ozone.MiniOzoneClusterImpl (MiniOzoneClusterImpl.java:lambda$waitForClusterToBeReady$0(227)) - SCM became leader
2023-03-16 20:05:42,469 [77c004ef-6c20-479a-84fb-1570edc7ba10@group-CC084F38A809-FollowerState] INFO  impl.FollowerState (FollowerState.java:run(143)) - 77c004ef-6c20-479a-84fb-1570edc7ba10@group-CC084F38A809-FollowerState: change to CANDIDATE, lastRpcElapsedTime:5037031473ns, electionTimeout:5035ms
2023-03-16 20:05:42,470 [77c004ef-6c20-479a-84fb-1570edc7ba10@group-CC084F38A809-FollowerState] INFO  impl.RoleInfo (RoleInfo.java:shutdownFollowerState(110)) - 77c004ef-6c20-479a-84fb-1570edc7ba10: shutdown 77c004ef-6c20-479a-84fb-1570edc7ba10@group-CC084F38A809-FollowerState
2023-03-16 20:05:42,470 [77c004ef-6c20-479a-84fb-1570edc7ba10@group-CC084F38A809-FollowerState] INFO  server.RaftServer$Division (RaftServerImpl.java:setRole(321)) - 77c004ef-6c20-479a-84fb-1570edc7ba10@group-CC084F38A809: changes role from  FOLLOWER to CANDIDATE at term 0 for changeToCandidate
2023-03-16 20:05:42,470 [77c004ef-6c20-479a-84fb-1570edc7ba10@group-CC084F38A809-FollowerState] INFO  server.RaftServerConfigKeys (ConfUtils.java:logGet(46)) - raft.server.leaderelection.pre-vote = true (default)
2023-03-16 20:05:42,470 [77c004ef-6c20-479a-84fb-1570edc7ba10@group-CC084F38A809-FollowerState] INFO  impl.RoleInfo (RoleInfo.java:updateAndGet(139)) - 77c004ef-6c20-479a-84fb-1570edc7ba10: start 77c004ef-6c20-479a-84fb-1570edc7ba10@group-CC084F38A809-LeaderElection10
2023-03-16 20:05:42,473 [77c004ef-6c20-479a-84fb-1570edc7ba10@group-CC084F38A809-LeaderElection10] INFO  impl.LeaderElection (LeaderElection.java:askForVotes(312)) - 77c004ef-6c20-479a-84fb-1570edc7ba10@group-CC084F38A809-LeaderElection10 PRE_VOTE round 0: submit vote requests at term 0 for -1: peers:[8a432d69-9095-4d8b-a714-320becebd573|rpc:10.1.0.41:43533|dataStream:10.1.0.41:42805|priority:1|startupRole:FOLLOWER, 77c004ef-6c20-479a-84fb-1570edc7ba10|rpc:10.1.0.41:43577|dataStream:10.1.0.41:38139|priority:0|startupRole:FOLLOWER, c4e89383-110e-4923-8697-fad4fff4e184|rpc:10.1.0.41:41947|dataStream:10.1.0.41:45915|priority:0|startupRole:FOLLOWER]|listeners:[], old=null
2023-03-16 20:05:42,474 [77c004ef-6c20-479a-84fb-1570edc7ba10@group-CC084F38A809-LeaderElection10-1] INFO  server.GrpcServerProtocolClient (GrpcServerProtocolClient.java:<init>(63)) - Build channel for 8a432d69-9095-4d8b-a714-320becebd573
2023-03-16 20:05:42,474 [77c004ef-6c20-479a-84fb-1570edc7ba10@group-CC084F38A809-LeaderElection10] INFO  server.RaftServerConfigKeys (ConfUtils.java:logFallback(53)) - raft.server.rpc.first-election.timeout.min = 5s (fallback to raft.server.rpc.timeout.min)
2023-03-16 20:05:42,474 [77c004ef-6c20-479a-84fb-1570edc7ba10@group-CC084F38A809-LeaderElection10] INFO  server.RaftServerConfigKeys (ConfUtils.java:logFallback(53)) - raft.server.rpc.first-election.timeout.max = 5200ms (fallback to raft.server.rpc.timeout.max)
2023-03-16 20:05:42,475 [77c004ef-6c20-479a-84fb-1570edc7ba10@group-CC084F38A809-LeaderElection10-2] INFO  server.GrpcServerProtocolClient (GrpcServerProtocolClient.java:<init>(63)) - Build channel for c4e89383-110e-4923-8697-fad4fff4e184
2023-03-16 20:05:42,491 [grpc-default-executor-0] INFO  server.RaftServer$Division (RaftServerImpl.java:requestVote(1218)) - c4e89383-110e-4923-8697-fad4fff4e184@group-CC084F38A809: receive requestVote(PRE_VOTE, 77c004ef-6c20-479a-84fb-1570edc7ba10, group-CC084F38A809, 0, (t:0, i:0))
2023-03-16 20:05:42,492 [grpc-default-executor-0] INFO  impl.VoteContext (VoteContext.java:log(49)) - c4e89383-110e-4923-8697-fad4fff4e184@group-CC084F38A809-FOLLOWER: accept PRE_VOTE from 77c004ef-6c20-479a-84fb-1570edc7ba10: our priority 0 <= candidate's priority 0
2023-03-16 20:05:42,492 [grpc-default-executor-0] INFO  server.RaftServer$Division (RaftServerImpl.java:requestVote(1251)) - c4e89383-110e-4923-8697-fad4fff4e184@group-CC084F38A809 replies to PRE_VOTE vote request: 77c004ef-6c20-479a-84fb-1570edc7ba10<-c4e89383-110e-4923-8697-fad4fff4e184#0:OK-t0. Peer's state: c4e89383-110e-4923-8697-fad4fff4e184@group-CC084F38A809:t0, leader=null, voted=, raftlog=Memoized:c4e89383-110e-4923-8697-fad4fff4e184@group-CC084F38A809-SegmentedRaftLog:OPENED:c-1, conf=-1: peers:[8a432d69-9095-4d8b-a714-320becebd573|rpc:10.1.0.41:43533|dataStream:10.1.0.41:42805|priority:1|startupRole:FOLLOWER, 77c004ef-6c20-479a-84fb-1570edc7ba10|rpc:10.1.0.41:43577|dataStream:10.1.0.41:38139|priority:0|startupRole:FOLLOWER, c4e89383-110e-4923-8697-fad4fff4e184|rpc:10.1.0.41:41947|dataStream:10.1.0.41:45915|priority:0|startupRole:FOLLOWER]|listeners:[], old=null
2023-03-16 20:05:42,504 [grpc-default-executor-0] INFO  server.RaftServer$Division (RaftServerImpl.java:requestVote(1218)) - 8a432d69-9095-4d8b-a714-320becebd573@group-CC084F38A809: receive requestVote(PRE_VOTE, 77c004ef-6c20-479a-84fb-1570edc7ba10, group-CC084F38A809, 0, (t:0, i:0))
2023-03-16 20:05:42,504 [grpc-default-executor-0] INFO  impl.VoteContext (VoteContext.java:log(49)) - 8a432d69-9095-4d8b-a714-320becebd573@group-CC084F38A809-FOLLOWER: reject PRE_VOTE from 77c004ef-6c20-479a-84fb-1570edc7ba10: our priority 1 > candidate's priority 0
2023-03-16 20:05:42,505 [77c004ef-6c20-479a-84fb-1570edc7ba10@group-D3AAD9127F0A-FollowerState] INFO  impl.FollowerState (FollowerState.java:run(143)) - 77c004ef-6c20-479a-84fb-1570edc7ba10@group-D3AAD9127F0A-FollowerState: change to CANDIDATE, lastRpcElapsedTime:5103029697ns, electionTimeout:5102ms
2023-03-16 20:05:42,505 [77c004ef-6c20-479a-84fb-1570edc7ba10@group-D3AAD9127F0A-FollowerState] INFO  impl.RoleInfo (RoleInfo.java:shutdownFollowerState(110)) - 77c004ef-6c20-479a-84fb-1570edc7ba10: shutdown 77c004ef-6c20-479a-84fb-1570edc7ba10@group-D3AAD9127F0A-FollowerState
2023-03-16 20:05:42,505 [77c004ef-6c20-479a-84fb-1570edc7ba10@group-D3AAD9127F0A-FollowerState] INFO  server.RaftServer$Division (RaftServerImpl.java:setRole(321)) - 77c004ef-6c20-479a-84fb-1570edc7ba10@group-D3AAD9127F0A: changes role from  FOLLOWER to CANDIDATE at term 0 for changeToCandidate
2023-03-16 20:05:42,505 [77c004ef-6c20-479a-84fb-1570edc7ba10@group-D3AAD9127F0A-FollowerState] INFO  server.RaftServerConfigKeys (ConfUtils.java:logGet(46)) - raft.server.leaderelection.pre-vote = true (default)
2023-03-16 20:05:42,506 [77c004ef-6c20-479a-84fb-1570edc7ba10@group-D3AAD9127F0A-FollowerState] INFO  impl.RoleInfo (RoleInfo.java:updateAndGet(139)) - 77c004ef-6c20-479a-84fb-1570edc7ba10: start 77c004ef-6c20-479a-84fb-1570edc7ba10@group-D3AAD9127F0A-LeaderElection11
2023-03-16 20:05:42,506 [grpc-default-executor-0] INFO  server.RaftServer$Division (RaftServerImpl.java:requestVote(1251)) - 8a432d69-9095-4d8b-a714-320becebd573@group-CC084F38A809 replies to PRE_VOTE vote request: 77c004ef-6c20-479a-84fb-1570edc7ba10<-8a432d69-9095-4d8b-a714-320becebd573#0:FAIL-t0. Peer's state: 8a432d69-9095-4d8b-a714-320becebd573@group-CC084F38A809:t0, leader=null, voted=, raftlog=Memoized:8a432d69-9095-4d8b-a714-320becebd573@group-CC084F38A809-SegmentedRaftLog:OPENED:c-1, conf=-1: peers:[8a432d69-9095-4d8b-a714-320becebd573|rpc:10.1.0.41:43533|dataStream:10.1.0.41:42805|priority:1|startupRole:FOLLOWER, 77c004ef-6c20-479a-84fb-1570edc7ba10|rpc:10.1.0.41:43577|dataStream:10.1.0.41:38139|priority:0|startupRole:FOLLOWER, c4e89383-110e-4923-8697-fad4fff4e184|rpc:10.1.0.41:41947|dataStream:10.1.0.41:45915|priority:0|startupRole:FOLLOWER]|listeners:[], old=null
2023-03-16 20:05:42,510 [77c004ef-6c20-479a-84fb-1570edc7ba10@group-D3AAD9127F0A-LeaderElection11] INFO  impl.LeaderElection (LeaderElection.java:askForVotes(312)) - 77c004ef-6c20-479a-84fb-1570edc7ba10@group-D3AAD9127F0A-LeaderElection11 PRE_VOTE round 0: submit vote requests at term 0 for -1: peers:[77c004ef-6c20-479a-84fb-1570edc7ba10|rpc:10.1.0.41:43577|dataStream:10.1.0.41:38139|priority:1|startupRole:FOLLOWER]|listeners:[], old=null
2023-03-16 20:05:42,510 [77c004ef-6c20-479a-84fb-1570edc7ba10@group-D3AAD9127F0A-LeaderElection11] INFO  impl.LeaderElection (LeaderElection.java:askForVotes(314)) - 77c004ef-6c20-479a-84fb-1570edc7ba10@group-D3AAD9127F0A-LeaderElection11 PRE_VOTE round 0: result PASSED (term=0)
2023-03-16 20:05:42,511 [77c004ef-6c20-479a-84fb-1570edc7ba10@group-CC084F38A809-LeaderElection10] INFO  impl.LeaderElection (LeaderElection.java:logAndReturn(90)) - 77c004ef-6c20-479a-84fb-1570edc7ba10@group-CC084F38A809-LeaderElection10: PRE_VOTE REJECTED received 2 response(s) and 0 exception(s):
2023-03-16 20:05:42,511 [77c004ef-6c20-479a-84fb-1570edc7ba10@group-CC084F38A809-LeaderElection10] INFO  impl.LeaderElection (LeaderElection.java:logAndReturn(94)) -   Response 0: 77c004ef-6c20-479a-84fb-1570edc7ba10<-8a432d69-9095-4d8b-a714-320becebd573#0:FAIL-t0
2023-03-16 20:05:42,511 [77c004ef-6c20-479a-84fb-1570edc7ba10@group-CC084F38A809-LeaderElection10] INFO  impl.LeaderElection (LeaderElection.java:logAndReturn(94)) -   Response 1: 77c004ef-6c20-479a-84fb-1570edc7ba10<-c4e89383-110e-4923-8697-fad4fff4e184#0:OK-t0
2023-03-16 20:05:42,511 [77c004ef-6c20-479a-84fb-1570edc7ba10@group-CC084F38A809-LeaderElection10] INFO  impl.LeaderElection (LeaderElection.java:askForVotes(314)) - 77c004ef-6c20-479a-84fb-1570edc7ba10@group-CC084F38A809-LeaderElection10 PRE_VOTE round 0: result REJECTED
2023-03-16 20:05:42,511 [77c004ef-6c20-479a-84fb-1570edc7ba10@group-CC084F38A809-LeaderElection10] INFO  server.RaftServer$Division (RaftServerImpl.java:setRole(321)) - 77c004ef-6c20-479a-84fb-1570edc7ba10@group-CC084F38A809: changes role from CANDIDATE to FOLLOWER at term 0 for REJECTED
2023-03-16 20:05:42,511 [77c004ef-6c20-479a-84fb-1570edc7ba10@group-CC084F38A809-LeaderElection10] INFO  impl.RoleInfo (RoleInfo.java:shutdownLeaderElection(130)) - 77c004ef-6c20-479a-84fb-1570edc7ba10: shutdown 77c004ef-6c20-479a-84fb-1570edc7ba10@group-CC084F38A809-LeaderElection10
2023-03-16 20:05:42,512 [77c004ef-6c20-479a-84fb-1570edc7ba10@group-CC084F38A809-LeaderElection10] INFO  impl.RoleInfo (RoleInfo.java:updateAndGet(139)) - 77c004ef-6c20-479a-84fb-1570edc7ba10: start 77c004ef-6c20-479a-84fb-1570edc7ba10@group-CC084F38A809-FollowerState
2023-03-16 20:05:42,512 [77c004ef-6c20-479a-84fb-1570edc7ba10@group-D3AAD9127F0A-LeaderElection11] INFO  impl.LeaderElection (LeaderElection.java:askForVotes(312)) - 77c004ef-6c20-479a-84fb-1570edc7ba10@group-D3AAD9127F0A-LeaderElection11 ELECTION round 0: submit vote requests at term 1 for -1: peers:[77c004ef-6c20-479a-84fb-1570edc7ba10|rpc:10.1.0.41:43577|dataStream:10.1.0.41:38139|priority:1|startupRole:FOLLOWER]|listeners:[], old=null
2023-03-16 20:05:42,516 [c4e89383-110e-4923-8697-fad4fff4e184@group-CC084F38A809-FollowerState] INFO  server.RaftServerConfigKeys (ConfUtils.java:logFallback(53)) - raft.server.rpc.first-election.timeout.min = 5s (fallback to raft.server.rpc.timeout.min)
2023-03-16 20:05:42,516 [77c004ef-6c20-479a-84fb-1570edc7ba10@group-D3AAD9127F0A-LeaderElection11] INFO  impl.LeaderElection (LeaderElection.java:askForVotes(314)) - 77c004ef-6c20-479a-84fb-1570edc7ba10@group-D3AAD9127F0A-LeaderElection11 ELECTION round 0: result PASSED (term=1)
2023-03-16 20:05:42,516 [c4e89383-110e-4923-8697-fad4fff4e184@group-CC084F38A809-FollowerState] INFO  server.RaftServerConfigKeys (ConfUtils.java:logFallback(53)) - raft.server.rpc.first-election.timeout.max = 5200ms (fallback to raft.server.rpc.timeout.max)
2023-03-16 20:05:42,517 [77c004ef-6c20-479a-84fb-1570edc7ba10@group-CC084F38A809-FollowerState] INFO  server.RaftServerConfigKeys (ConfUtils.java:logFallback(53)) - raft.server.rpc.first-election.timeout.min = 5s (fallback to raft.server.rpc.timeout.min)
2023-03-16 20:05:42,516 [77c004ef-6c20-479a-84fb-1570edc7ba10@group-D3AAD9127F0A-LeaderElection11] INFO  impl.RoleInfo (RoleInfo.java:shutdownLeaderElection(130)) - 77c004ef-6c20-479a-84fb-1570edc7ba10: shutdown 77c004ef-6c20-479a-84fb-1570edc7ba10@group-D3AAD9127F0A-LeaderElection11
2023-03-16 20:05:42,517 [77c004ef-6c20-479a-84fb-1570edc7ba10@group-CC084F38A809-FollowerState] INFO  server.RaftServerConfigKeys (ConfUtils.java:logFallback(53)) - raft.server.rpc.first-election.timeout.max = 5200ms (fallback to raft.server.rpc.timeout.max)
2023-03-16 20:05:42,517 [77c004ef-6c20-479a-84fb-1570edc7ba10@group-D3AAD9127F0A-LeaderElection11] INFO  server.RaftServer$Division (RaftServerImpl.java:setRole(321)) - 77c004ef-6c20-479a-84fb-1570edc7ba10@group-D3AAD9127F0A: changes role from CANDIDATE to LEADER at term 1 for changeToLeader
2023-03-16 20:05:42,517 [77c004ef-6c20-479a-84fb-1570edc7ba10@group-D3AAD9127F0A-LeaderElection11] INFO  ratis.XceiverServerRatis (XceiverServerRatis.java:handleLeaderChangedNotification(905)) - Leader change notification received for group: group-D3AAD9127F0A with new leaderId: 77c004ef-6c20-479a-84fb-1570edc7ba10
2023-03-16 20:05:42,517 [77c004ef-6c20-479a-84fb-1570edc7ba10@group-D3AAD9127F0A-LeaderElection11] INFO  server.RaftServer$Division (ServerState.java:setLeader(313)) - 77c004ef-6c20-479a-84fb-1570edc7ba10@group-D3AAD9127F0A: change Leader from null to 77c004ef-6c20-479a-84fb-1570edc7ba10 at term 1 for becomeLeader, leader elected after 5142ms
2023-03-16 20:05:42,517 [77c004ef-6c20-479a-84fb-1570edc7ba10@group-D3AAD9127F0A-LeaderElection11] INFO  server.RaftServerConfigKeys (ConfUtils.java:logGet(46)) - raft.server.staging.catchup.gap = 1000 (default)
2023-03-16 20:05:42,518 [77c004ef-6c20-479a-84fb-1570edc7ba10@group-D3AAD9127F0A-LeaderElection11] INFO  server.RaftServerConfigKeys (ConfUtils.java:logGet(46)) - raft.server.write.element-limit = 1024 (custom)
2023-03-16 20:05:42,518 [77c004ef-6c20-479a-84fb-1570edc7ba10@group-D3AAD9127F0A-LeaderElection11] INFO  server.RaftServerConfigKeys (ConfUtils.java:logGet(46)) - raft.server.write.byte-limit = 1024 M (=1073741824) (custom)
2023-03-16 20:05:42,518 [77c004ef-6c20-479a-84fb-1570edc7ba10@group-D3AAD9127F0A-LeaderElection11] INFO  server.RaftServerConfigKeys (ConfUtils.java:logGet(46)) - raft.server.watch.timeout = 180s (custom)
2023-03-16 20:05:42,518 [77c004ef-6c20-479a-84fb-1570edc7ba10@group-D3AAD9127F0A-LeaderElection11] INFO  server.RaftServerConfigKeys (ConfUtils.java:logGet(46)) - raft.server.watch.timeout.denomination = 1s (default)
2023-03-16 20:05:42,519 [77c004ef-6c20-479a-84fb-1570edc7ba10@group-D3AAD9127F0A-LeaderElection11] INFO  server.RaftServerConfigKeys (ConfUtils.java:logGet(46)) - raft.server.watch.element-limit = 65536 (default)
2023-03-16 20:05:42,519 [EventQueue-OpenPipelineForHealthyPipelineSafeModeRule] INFO  safemode.SCMSafeModeManager (HealthyPipelineSafeModeRule.java:process(137)) - SCM in safe mode. Healthy pipelines reported count is 0, required healthy pipeline reported count is 1
2023-03-16 20:05:42,519 [77c004ef-6c20-479a-84fb-1570edc7ba10@group-D3AAD9127F0A-LeaderElection11] INFO  server.RaftServerConfigKeys (ConfUtils.java:logGet(46)) - raft.server.write.element-limit = 1024 (custom)
2023-03-16 20:05:42,519 [77c004ef-6c20-479a-84fb-1570edc7ba10@group-D3AAD9127F0A-LeaderElection11] INFO  server.RaftServerConfigKeys (ConfUtils.java:logGet(46)) - raft.server.write.follower.gap.ratio.max = -1.0 (default)
2023-03-16 20:05:42,519 [77c004ef-6c20-479a-84fb-1570edc7ba10@group-D3AAD9127F0A-LeaderElection11] INFO  impl.RoleInfo (RoleInfo.java:updateAndGet(139)) - 77c004ef-6c20-479a-84fb-1570edc7ba10: start 77c004ef-6c20-479a-84fb-1570edc7ba10@group-D3AAD9127F0A-LeaderStateImpl
2023-03-16 20:05:42,519 [77c004ef-6c20-479a-84fb-1570edc7ba10@group-D3AAD9127F0A-LeaderElection11] INFO  segmented.SegmentedRaftLogWorker (SegmentedRaftLogWorker.java:startLogSegment(452)) - 77c004ef-6c20-479a-84fb-1570edc7ba10@group-D3AAD9127F0A-SegmentedRaftLogWorker: Starting segment from index:0
2023-03-16 20:05:42,522 [77c004ef-6c20-479a-84fb-1570edc7ba10@group-D3AAD9127F0A-LeaderElection11] INFO  server.RaftServer$Division (ServerState.java:setRaftConf(430)) - 77c004ef-6c20-479a-84fb-1570edc7ba10@group-D3AAD9127F0A: set configuration 0: peers:[77c004ef-6c20-479a-84fb-1570edc7ba10|rpc:10.1.0.41:43577|dataStream:10.1.0.41:38139|priority:1|startupRole:FOLLOWER]|listeners:[], old=null
2023-03-16 20:05:42,523 [77c004ef-6c20-479a-84fb-1570edc7ba10@group-D3AAD9127F0A-SegmentedRaftLogWorker] INFO  segmented.SegmentedRaftLogWorker (SegmentedRaftLogWorker.java:execute(656)) - 77c004ef-6c20-479a-84fb-1570edc7ba10@group-D3AAD9127F0A-SegmentedRaftLogWorker: created new log segment /home/runner/work/ozone/ozone/hadoop-ozone/integration-test/target/test-dir/MiniOzoneClusterImpl-c7341fe8-f2e3-4722-9e04-a1c7dbed4fc1/datanode-0/data/ratis/73df6ee5-b2c3-4bba-8471-d3aad9127f0a/current/log_inprogress_0
2023-03-16 20:05:43,202 [Listener at 127.0.0.1/40321] INFO  ozone.MiniOzoneClusterImpl (MiniOzoneClusterImpl.java:lambda$waitForClusterToBeReady$0(222)) - Nodes are ready. Got 5 of 5 DN Heartbeats.
2023-03-16 20:05:43,202 [Listener at 127.0.0.1/40321] INFO  ozone.MiniOzoneClusterImpl (MiniOzoneClusterImpl.java:lambda$waitForClusterToBeReady$0(225)) - Waiting for cluster to exit safe mode
2023-03-16 20:05:43,202 [Listener at 127.0.0.1/40321] INFO  ozone.MiniOzoneClusterImpl (MiniOzoneClusterImpl.java:lambda$waitForClusterToBeReady$0(227)) - SCM became leader
2023-03-16 20:05:43,214 [8a432d69-9095-4d8b-a714-320becebd573@group-CC084F38A809-FollowerState] INFO  impl.FollowerState (FollowerState.java:run(143)) - 8a432d69-9095-4d8b-a714-320becebd573@group-CC084F38A809-FollowerState: change to CANDIDATE, lastRpcElapsedTime:5076161187ns, electionTimeout:5071ms
2023-03-16 20:05:43,214 [8a432d69-9095-4d8b-a714-320becebd573@group-CC084F38A809-FollowerState] INFO  impl.RoleInfo (RoleInfo.java:shutdownFollowerState(110)) - 8a432d69-9095-4d8b-a714-320becebd573: shutdown 8a432d69-9095-4d8b-a714-320becebd573@group-CC084F38A809-FollowerState
2023-03-16 20:05:43,214 [8a432d69-9095-4d8b-a714-320becebd573@group-CC084F38A809-FollowerState] INFO  server.RaftServer$Division (RaftServerImpl.java:setRole(321)) - 8a432d69-9095-4d8b-a714-320becebd573@group-CC084F38A809: changes role from  FOLLOWER to CANDIDATE at term 0 for changeToCandidate
2023-03-16 20:05:43,214 [8a432d69-9095-4d8b-a714-320becebd573@group-CC084F38A809-FollowerState] INFO  server.RaftServerConfigKeys (ConfUtils.java:logGet(46)) - raft.server.leaderelection.pre-vote = true (default)
2023-03-16 20:05:43,214 [8a432d69-9095-4d8b-a714-320becebd573@group-CC084F38A809-FollowerState] INFO  impl.RoleInfo (RoleInfo.java:updateAndGet(139)) - 8a432d69-9095-4d8b-a714-320becebd573: start 8a432d69-9095-4d8b-a714-320becebd573@group-CC084F38A809-LeaderElection12
2023-03-16 20:05:43,219 [c4e89383-110e-4923-8697-fad4fff4e184@group-F98A64716723-FollowerState] INFO  impl.FollowerState (FollowerState.java:run(143)) - c4e89383-110e-4923-8697-fad4fff4e184@group-F98A64716723-FollowerState: change to CANDIDATE, lastRpcElapsedTime:5011787265ns, electionTimeout:5009ms
2023-03-16 20:05:43,219 [c4e89383-110e-4923-8697-fad4fff4e184@group-F98A64716723-FollowerState] INFO  impl.RoleInfo (RoleInfo.java:shutdownFollowerState(110)) - c4e89383-110e-4923-8697-fad4fff4e184: shutdown c4e89383-110e-4923-8697-fad4fff4e184@group-F98A64716723-FollowerState
2023-03-16 20:05:43,219 [c4e89383-110e-4923-8697-fad4fff4e184@group-F98A64716723-FollowerState] INFO  server.RaftServer$Division (RaftServerImpl.java:setRole(321)) - c4e89383-110e-4923-8697-fad4fff4e184@group-F98A64716723: changes role from  FOLLOWER to CANDIDATE at term 0 for changeToCandidate
2023-03-16 20:05:43,219 [c4e89383-110e-4923-8697-fad4fff4e184@group-F98A64716723-FollowerState] INFO  server.RaftServerConfigKeys (ConfUtils.java:logGet(46)) - raft.server.leaderelection.pre-vote = true (default)
2023-03-16 20:05:43,219 [c4e89383-110e-4923-8697-fad4fff4e184@group-F98A64716723-FollowerState] INFO  impl.RoleInfo (RoleInfo.java:updateAndGet(139)) - c4e89383-110e-4923-8697-fad4fff4e184: start c4e89383-110e-4923-8697-fad4fff4e184@group-F98A64716723-LeaderElection13
2023-03-16 20:05:43,219 [8a432d69-9095-4d8b-a714-320becebd573@group-CC084F38A809-LeaderElection12] INFO  impl.LeaderElection (LeaderElection.java:askForVotes(312)) - 8a432d69-9095-4d8b-a714-320becebd573@group-CC084F38A809-LeaderElection12 PRE_VOTE round 0: submit vote requests at term 0 for -1: peers:[8a432d69-9095-4d8b-a714-320becebd573|rpc:10.1.0.41:43533|dataStream:10.1.0.41:42805|priority:1|startupRole:FOLLOWER, 77c004ef-6c20-479a-84fb-1570edc7ba10|rpc:10.1.0.41:43577|dataStream:10.1.0.41:38139|priority:0|startupRole:FOLLOWER, c4e89383-110e-4923-8697-fad4fff4e184|rpc:10.1.0.41:41947|dataStream:10.1.0.41:45915|priority:0|startupRole:FOLLOWER]|listeners:[], old=null
2023-03-16 20:05:43,222 [8a432d69-9095-4d8b-a714-320becebd573@group-CC084F38A809-LeaderElection12-1] INFO  server.GrpcServerProtocolClient (GrpcServerProtocolClient.java:<init>(63)) - Build channel for 77c004ef-6c20-479a-84fb-1570edc7ba10
2023-03-16 20:05:43,226 [8a432d69-9095-4d8b-a714-320becebd573@group-CC084F38A809-LeaderElection12] INFO  server.RaftServerConfigKeys (ConfUtils.java:logFallback(53)) - raft.server.rpc.first-election.timeout.min = 5s (fallback to raft.server.rpc.timeout.min)
2023-03-16 20:05:43,226 [8a432d69-9095-4d8b-a714-320becebd573@group-CC084F38A809-LeaderElection12] INFO  server.RaftServerConfigKeys (ConfUtils.java:logFallback(53)) - raft.server.rpc.first-election.timeout.max = 5200ms (fallback to raft.server.rpc.timeout.max)
2023-03-16 20:05:43,228 [c4e89383-110e-4923-8697-fad4fff4e184@group-F98A64716723-LeaderElection13] INFO  impl.LeaderElection (LeaderElection.java:askForVotes(312)) - c4e89383-110e-4923-8697-fad4fff4e184@group-F98A64716723-LeaderElection13 PRE_VOTE round 0: submit vote requests at term 0 for -1: peers:[8a432d69-9095-4d8b-a714-320becebd573|rpc:10.1.0.41:43533|dataStream:10.1.0.41:42805|priority:0|startupRole:FOLLOWER, 77c004ef-6c20-479a-84fb-1570edc7ba10|rpc:10.1.0.41:43577|dataStream:10.1.0.41:38139|priority:0|startupRole:FOLLOWER, c4e89383-110e-4923-8697-fad4fff4e184|rpc:10.1.0.41:41947|dataStream:10.1.0.41:45915|priority:1|startupRole:FOLLOWER]|listeners:[], old=null
2023-03-16 20:05:43,228 [c4e89383-110e-4923-8697-fad4fff4e184@group-F98A64716723-LeaderElection13-1] INFO  server.GrpcServerProtocolClient (GrpcServerProtocolClient.java:<init>(63)) - Build channel for 8a432d69-9095-4d8b-a714-320becebd573
2023-03-16 20:05:43,229 [c4e89383-110e-4923-8697-fad4fff4e184@group-F98A64716723-LeaderElection13] INFO  server.RaftServerConfigKeys (ConfUtils.java:logFallback(53)) - raft.server.rpc.first-election.timeout.min = 5s (fallback to raft.server.rpc.timeout.min)
2023-03-16 20:05:43,229 [c4e89383-110e-4923-8697-fad4fff4e184@group-F98A64716723-LeaderElection13] INFO  server.RaftServerConfigKeys (ConfUtils.java:logFallback(53)) - raft.server.rpc.first-election.timeout.max = 5200ms (fallback to raft.server.rpc.timeout.max)
2023-03-16 20:05:43,230 [8a432d69-9095-4d8b-a714-320becebd573@group-CC084F38A809-LeaderElection12-2] INFO  server.GrpcServerProtocolClient (GrpcServerProtocolClient.java:<init>(63)) - Build channel for c4e89383-110e-4923-8697-fad4fff4e184
2023-03-16 20:05:43,237 [c4e89383-110e-4923-8697-fad4fff4e184@group-F98A64716723-LeaderElection13-2] INFO  server.GrpcServerProtocolClient (GrpcServerProtocolClient.java:<init>(63)) - Build channel for 77c004ef-6c20-479a-84fb-1570edc7ba10
2023-03-16 20:05:43,242 [77c004ef-6c20-479a-84fb-1570edc7ba10@group-F98A64716723-FollowerState] INFO  impl.FollowerState (FollowerState.java:run(143)) - 77c004ef-6c20-479a-84fb-1570edc7ba10@group-F98A64716723-FollowerState: change to CANDIDATE, lastRpcElapsedTime:5056030880ns, electionTimeout:5052ms
2023-03-16 20:05:43,243 [77c004ef-6c20-479a-84fb-1570edc7ba10@group-F98A64716723-FollowerState] INFO  impl.RoleInfo (RoleInfo.java:shutdownFollowerState(110)) - 77c004ef-6c20-479a-84fb-1570edc7ba10: shutdown 77c004ef-6c20-479a-84fb-1570edc7ba10@group-F98A64716723-FollowerState
2023-03-16 20:05:43,243 [77c004ef-6c20-479a-84fb-1570edc7ba10@group-F98A64716723-FollowerState] INFO  server.RaftServer$Division (RaftServerImpl.java:setRole(321)) - 77c004ef-6c20-479a-84fb-1570edc7ba10@group-F98A64716723: changes role from  FOLLOWER to CANDIDATE at term 0 for changeToCandidate
2023-03-16 20:05:43,243 [77c004ef-6c20-479a-84fb-1570edc7ba10@group-F98A64716723-FollowerState] INFO  server.RaftServerConfigKeys (ConfUtils.java:logGet(46)) - raft.server.leaderelection.pre-vote = true (default)
2023-03-16 20:05:43,243 [77c004ef-6c20-479a-84fb-1570edc7ba10@group-F98A64716723-FollowerState] INFO  impl.RoleInfo (RoleInfo.java:updateAndGet(139)) - 77c004ef-6c20-479a-84fb-1570edc7ba10: start 77c004ef-6c20-479a-84fb-1570edc7ba10@group-F98A64716723-LeaderElection14
2023-03-16 20:05:43,248 [grpc-default-executor-1] INFO  server.RaftServer$Division (RaftServerImpl.java:requestVote(1218)) - 77c004ef-6c20-479a-84fb-1570edc7ba10@group-CC084F38A809: receive requestVote(PRE_VOTE, 8a432d69-9095-4d8b-a714-320becebd573, group-CC084F38A809, 0, (t:0, i:0))
2023-03-16 20:05:43,248 [grpc-default-executor-1] INFO  impl.VoteContext (VoteContext.java:log(49)) - 77c004ef-6c20-479a-84fb-1570edc7ba10@group-CC084F38A809-FOLLOWER: accept PRE_VOTE from 8a432d69-9095-4d8b-a714-320becebd573: our priority 0 <= candidate's priority 1
2023-03-16 20:05:43,248 [grpc-default-executor-1] INFO  server.RaftServer$Division (RaftServerImpl.java:requestVote(1251)) - 77c004ef-6c20-479a-84fb-1570edc7ba10@group-CC084F38A809 replies to PRE_VOTE vote request: 8a432d69-9095-4d8b-a714-320becebd573<-77c004ef-6c20-479a-84fb-1570edc7ba10#0:OK-t0. Peer's state: 77c004ef-6c20-479a-84fb-1570edc7ba10@group-CC084F38A809:t0, leader=null, voted=, raftlog=Memoized:77c004ef-6c20-479a-84fb-1570edc7ba10@group-CC084F38A809-SegmentedRaftLog:OPENED:c-1, conf=-1: peers:[8a432d69-9095-4d8b-a714-320becebd573|rpc:10.1.0.41:43533|dataStream:10.1.0.41:42805|priority:1|startupRole:FOLLOWER, 77c004ef-6c20-479a-84fb-1570edc7ba10|rpc:10.1.0.41:43577|dataStream:10.1.0.41:38139|priority:0|startupRole:FOLLOWER, c4e89383-110e-4923-8697-fad4fff4e184|rpc:10.1.0.41:41947|dataStream:10.1.0.41:45915|priority:0|startupRole:FOLLOWER]|listeners:[], old=null
2023-03-16 20:05:43,254 [grpc-default-executor-0] INFO  server.RaftServer$Division (RaftServerImpl.java:requestVote(1218)) - c4e89383-110e-4923-8697-fad4fff4e184@group-CC084F38A809: receive requestVote(PRE_VOTE, 8a432d69-9095-4d8b-a714-320becebd573, group-CC084F38A809, 0, (t:0, i:0))
2023-03-16 20:05:43,254 [grpc-default-executor-0] INFO  impl.VoteContext (VoteContext.java:log(49)) - c4e89383-110e-4923-8697-fad4fff4e184@group-CC084F38A809-FOLLOWER: accept PRE_VOTE from 8a432d69-9095-4d8b-a714-320becebd573: our priority 0 <= candidate's priority 1
2023-03-16 20:05:43,254 [grpc-default-executor-0] INFO  server.RaftServer$Division (RaftServerImpl.java:requestVote(1251)) - c4e89383-110e-4923-8697-fad4fff4e184@group-CC084F38A809 replies to PRE_VOTE vote request: 8a432d69-9095-4d8b-a714-320becebd573<-c4e89383-110e-4923-8697-fad4fff4e184#0:OK-t0. Peer's state: c4e89383-110e-4923-8697-fad4fff4e184@group-CC084F38A809:t0, leader=null, voted=, raftlog=Memoized:c4e89383-110e-4923-8697-fad4fff4e184@group-CC084F38A809-SegmentedRaftLog:OPENED:c-1, conf=-1: peers:[8a432d69-9095-4d8b-a714-320becebd573|rpc:10.1.0.41:43533|dataStream:10.1.0.41:42805|priority:1|startupRole:FOLLOWER, 77c004ef-6c20-479a-84fb-1570edc7ba10|rpc:10.1.0.41:43577|dataStream:10.1.0.41:38139|priority:0|startupRole:FOLLOWER, c4e89383-110e-4923-8697-fad4fff4e184|rpc:10.1.0.41:41947|dataStream:10.1.0.41:45915|priority:0|startupRole:FOLLOWER]|listeners:[], old=null
2023-03-16 20:05:43,260 [77c004ef-6c20-479a-84fb-1570edc7ba10@group-F98A64716723-LeaderElection14] INFO  impl.LeaderElection (LeaderElection.java:askForVotes(312)) - 77c004ef-6c20-479a-84fb-1570edc7ba10@group-F98A64716723-LeaderElection14 PRE_VOTE round 0: submit vote requests at term 0 for -1: peers:[8a432d69-9095-4d8b-a714-320becebd573|rpc:10.1.0.41:43533|dataStream:10.1.0.41:42805|priority:0|startupRole:FOLLOWER, 77c004ef-6c20-479a-84fb-1570edc7ba10|rpc:10.1.0.41:43577|dataStream:10.1.0.41:38139|priority:0|startupRole:FOLLOWER, c4e89383-110e-4923-8697-fad4fff4e184|rpc:10.1.0.41:41947|dataStream:10.1.0.41:45915|priority:1|startupRole:FOLLOWER]|listeners:[], old=null
2023-03-16 20:05:43,261 [77c004ef-6c20-479a-84fb-1570edc7ba10@group-F98A64716723-LeaderElection14] INFO  server.RaftServerConfigKeys (ConfUtils.java:logFallback(53)) - raft.server.rpc.first-election.timeout.min = 5s (fallback to raft.server.rpc.timeout.min)
2023-03-16 20:05:43,261 [77c004ef-6c20-479a-84fb-1570edc7ba10@group-F98A64716723-LeaderElection14] INFO  server.RaftServerConfigKeys (ConfUtils.java:logFallback(53)) - raft.server.rpc.first-election.timeout.max = 5200ms (fallback to raft.server.rpc.timeout.max)
2023-03-16 20:05:43,264 [8a432d69-9095-4d8b-a714-320becebd573@group-CC084F38A809-LeaderElection12] INFO  impl.LeaderElection (LeaderElection.java:logAndReturn(90)) - 8a432d69-9095-4d8b-a714-320becebd573@group-CC084F38A809-LeaderElection12: PRE_VOTE PASSED received 1 response(s) and 0 exception(s):
2023-03-16 20:05:43,264 [grpc-default-executor-0] INFO  server.RaftServer$Division (RaftServerImpl.java:requestVote(1218)) - 8a432d69-9095-4d8b-a714-320becebd573@group-F98A64716723: receive requestVote(PRE_VOTE, c4e89383-110e-4923-8697-fad4fff4e184, group-F98A64716723, 0, (t:0, i:0))
2023-03-16 20:05:43,265 [grpc-default-executor-0] INFO  impl.VoteContext (VoteContext.java:log(49)) - 8a432d69-9095-4d8b-a714-320becebd573@group-F98A64716723-FOLLOWER: accept PRE_VOTE from c4e89383-110e-4923-8697-fad4fff4e184: our priority 0 <= candidate's priority 1
2023-03-16 20:05:43,265 [grpc-default-executor-0] INFO  server.RaftServer$Division (RaftServerImpl.java:requestVote(1251)) - 8a432d69-9095-4d8b-a714-320becebd573@group-F98A64716723 replies to PRE_VOTE vote request: c4e89383-110e-4923-8697-fad4fff4e184<-8a432d69-9095-4d8b-a714-320becebd573#0:OK-t0. Peer's state: 8a432d69-9095-4d8b-a714-320becebd573@group-F98A64716723:t0, leader=null, voted=, raftlog=Memoized:8a432d69-9095-4d8b-a714-320becebd573@group-F98A64716723-SegmentedRaftLog:OPENED:c-1, conf=-1: peers:[8a432d69-9095-4d8b-a714-320becebd573|rpc:10.1.0.41:43533|dataStream:10.1.0.41:42805|priority:0|startupRole:FOLLOWER, 77c004ef-6c20-479a-84fb-1570edc7ba10|rpc:10.1.0.41:43577|dataStream:10.1.0.41:38139|priority:0|startupRole:FOLLOWER, c4e89383-110e-4923-8697-fad4fff4e184|rpc:10.1.0.41:41947|dataStream:10.1.0.41:45915|priority:1|startupRole:FOLLOWER]|listeners:[], old=null
2023-03-16 20:05:43,264 [8a432d69-9095-4d8b-a714-320becebd573@group-CC084F38A809-LeaderElection12] INFO  impl.LeaderElection (LeaderElection.java:logAndReturn(94)) -   Response 0: 8a432d69-9095-4d8b-a714-320becebd573<-c4e89383-110e-4923-8697-fad4fff4e184#0:OK-t0
2023-03-16 20:05:43,265 [8a432d69-9095-4d8b-a714-320becebd573@group-CC084F38A809-LeaderElection12] INFO  impl.LeaderElection (LeaderElection.java:askForVotes(314)) - 8a432d69-9095-4d8b-a714-320becebd573@group-CC084F38A809-LeaderElection12 PRE_VOTE round 0: result PASSED
2023-03-16 20:05:43,265 [grpc-default-executor-2] INFO  server.RaftServer$Division (RaftServerImpl.java:requestVote(1218)) - 8a432d69-9095-4d8b-a714-320becebd573@group-F98A64716723: receive requestVote(PRE_VOTE, 77c004ef-6c20-479a-84fb-1570edc7ba10, group-F98A64716723, 0, (t:0, i:0))
2023-03-16 20:05:43,269 [grpc-default-executor-2] INFO  impl.VoteContext (VoteContext.java:log(49)) - 8a432d69-9095-4d8b-a714-320becebd573@group-F98A64716723-FOLLOWER: accept PRE_VOTE from 77c004ef-6c20-479a-84fb-1570edc7ba10: our priority 0 <= candidate's priority 0
2023-03-16 20:05:43,269 [grpc-default-executor-2] INFO  server.RaftServer$Division (RaftServerImpl.java:requestVote(1251)) - 8a432d69-9095-4d8b-a714-320becebd573@group-F98A64716723 replies to PRE_VOTE vote request: 77c004ef-6c20-479a-84fb-1570edc7ba10<-8a432d69-9095-4d8b-a714-320becebd573#0:OK-t0. Peer's state: 8a432d69-9095-4d8b-a714-320becebd573@group-F98A64716723:t0, leader=null, voted=, raftlog=Memoized:8a432d69-9095-4d8b-a714-320becebd573@group-F98A64716723-SegmentedRaftLog:OPENED:c-1, conf=-1: peers:[8a432d69-9095-4d8b-a714-320becebd573|rpc:10.1.0.41:43533|dataStream:10.1.0.41:42805|priority:0|startupRole:FOLLOWER, 77c004ef-6c20-479a-84fb-1570edc7ba10|rpc:10.1.0.41:43577|dataStream:10.1.0.41:38139|priority:0|startupRole:FOLLOWER, c4e89383-110e-4923-8697-fad4fff4e184|rpc:10.1.0.41:41947|dataStream:10.1.0.41:45915|priority:1|startupRole:FOLLOWER]|listeners:[], old=null
2023-03-16 20:05:43,270 [c4e89383-110e-4923-8697-fad4fff4e184@group-F98A64716723-LeaderElection13] INFO  impl.LeaderElection (LeaderElection.java:logAndReturn(90)) - c4e89383-110e-4923-8697-fad4fff4e184@group-F98A64716723-LeaderElection13: PRE_VOTE PASSED received 1 response(s) and 0 exception(s):
2023-03-16 20:05:43,270 [c4e89383-110e-4923-8697-fad4fff4e184@group-F98A64716723-LeaderElection13] INFO  impl.LeaderElection (LeaderElection.java:logAndReturn(94)) -   Response 0: c4e89383-110e-4923-8697-fad4fff4e184<-8a432d69-9095-4d8b-a714-320becebd573#0:OK-t0
2023-03-16 20:05:43,271 [c4e89383-110e-4923-8697-fad4fff4e184@group-F98A64716723-LeaderElection13] INFO  impl.LeaderElection (LeaderElection.java:askForVotes(314)) - c4e89383-110e-4923-8697-fad4fff4e184@group-F98A64716723-LeaderElection13 PRE_VOTE round 0: result PASSED
2023-03-16 20:05:43,271 [8a432d69-9095-4d8b-a714-320becebd573@group-CC084F38A809-LeaderElection12] INFO  impl.LeaderElection (LeaderElection.java:askForVotes(312)) - 8a432d69-9095-4d8b-a714-320becebd573@group-CC084F38A809-LeaderElection12 ELECTION round 0: submit vote requests at term 1 for -1: peers:[8a432d69-9095-4d8b-a714-320becebd573|rpc:10.1.0.41:43533|dataStream:10.1.0.41:42805|priority:1|startupRole:FOLLOWER, 77c004ef-6c20-479a-84fb-1570edc7ba10|rpc:10.1.0.41:43577|dataStream:10.1.0.41:38139|priority:0|startupRole:FOLLOWER, c4e89383-110e-4923-8697-fad4fff4e184|rpc:10.1.0.41:41947|dataStream:10.1.0.41:45915|priority:0|startupRole:FOLLOWER]|listeners:[], old=null
2023-03-16 20:05:43,272 [c4e89383-110e-4923-8697-fad4fff4e184@group-F98A64716723-LeaderElection13] INFO  impl.LeaderElection (LeaderElection.java:askForVotes(312)) - c4e89383-110e-4923-8697-fad4fff4e184@group-F98A64716723-LeaderElection13 ELECTION round 0: submit vote requests at term 1 for -1: peers:[8a432d69-9095-4d8b-a714-320becebd573|rpc:10.1.0.41:43533|dataStream:10.1.0.41:42805|priority:0|startupRole:FOLLOWER, 77c004ef-6c20-479a-84fb-1570edc7ba10|rpc:10.1.0.41:43577|dataStream:10.1.0.41:38139|priority:0|startupRole:FOLLOWER, c4e89383-110e-4923-8697-fad4fff4e184|rpc:10.1.0.41:41947|dataStream:10.1.0.41:45915|priority:1|startupRole:FOLLOWER]|listeners:[], old=null
2023-03-16 20:05:43,272 [8a432d69-9095-4d8b-a714-320becebd573@group-CC084F38A809-LeaderElection12] INFO  server.RaftServerConfigKeys (ConfUtils.java:logFallback(53)) - raft.server.rpc.first-election.timeout.min = 5s (fallback to raft.server.rpc.timeout.min)
2023-03-16 20:05:43,273 [8a432d69-9095-4d8b-a714-320becebd573@group-CC084F38A809-LeaderElection12] INFO  server.RaftServerConfigKeys (ConfUtils.java:logFallback(53)) - raft.server.rpc.first-election.timeout.max = 5200ms (fallback to raft.server.rpc.timeout.max)
2023-03-16 20:05:43,278 [grpc-default-executor-0] INFO  server.RaftServer$Division (RaftServerImpl.java:requestVote(1218)) - c4e89383-110e-4923-8697-fad4fff4e184@group-F98A64716723: receive requestVote(PRE_VOTE, 77c004ef-6c20-479a-84fb-1570edc7ba10, group-F98A64716723, 0, (t:0, i:0))
2023-03-16 20:05:43,278 [grpc-default-executor-0] INFO  impl.VoteContext (VoteContext.java:log(49)) - c4e89383-110e-4923-8697-fad4fff4e184@group-F98A64716723-CANDIDATE: reject PRE_VOTE from 77c004ef-6c20-479a-84fb-1570edc7ba10: our priority 1 > candidate's priority 0
2023-03-16 20:05:43,279 [grpc-default-executor-0] INFO  server.RaftServer$Division (RaftServerImpl.java:requestVote(1251)) - c4e89383-110e-4923-8697-fad4fff4e184@group-F98A64716723 replies to PRE_VOTE vote request: 77c004ef-6c20-479a-84fb-1570edc7ba10<-c4e89383-110e-4923-8697-fad4fff4e184#0:FAIL-t1. Peer's state: c4e89383-110e-4923-8697-fad4fff4e184@group-F98A64716723:t1, leader=null, voted=c4e89383-110e-4923-8697-fad4fff4e184, raftlog=Memoized:c4e89383-110e-4923-8697-fad4fff4e184@group-F98A64716723-SegmentedRaftLog:OPENED:c-1, conf=-1: peers:[8a432d69-9095-4d8b-a714-320becebd573|rpc:10.1.0.41:43533|dataStream:10.1.0.41:42805|priority:0|startupRole:FOLLOWER, 77c004ef-6c20-479a-84fb-1570edc7ba10|rpc:10.1.0.41:43577|dataStream:10.1.0.41:38139|priority:0|startupRole:FOLLOWER, c4e89383-110e-4923-8697-fad4fff4e184|rpc:10.1.0.41:41947|dataStream:10.1.0.41:45915|priority:1|startupRole:FOLLOWER]|listeners:[], old=null
2023-03-16 20:05:43,280 [8a432d69-9095-4d8b-a714-320becebd573@group-F98A64716723-FollowerState] INFO  server.RaftServerConfigKeys (ConfUtils.java:logFallback(53)) - raft.server.rpc.first-election.timeout.min = 5s (fallback to raft.server.rpc.timeout.min)
2023-03-16 20:05:43,281 [8a432d69-9095-4d8b-a714-320becebd573@group-F98A64716723-FollowerState] INFO  server.RaftServerConfigKeys (ConfUtils.java:logFallback(53)) - raft.server.rpc.first-election.timeout.max = 5200ms (fallback to raft.server.rpc.timeout.max)
2023-03-16 20:05:43,284 [c4e89383-110e-4923-8697-fad4fff4e184@group-F98A64716723-LeaderElection13] INFO  server.RaftServerConfigKeys (ConfUtils.java:logFallback(53)) - raft.server.rpc.first-election.timeout.min = 5s (fallback to raft.server.rpc.timeout.min)
2023-03-16 20:05:43,284 [c4e89383-110e-4923-8697-fad4fff4e184@group-F98A64716723-LeaderElection13] INFO  server.RaftServerConfigKeys (ConfUtils.java:logFallback(53)) - raft.server.rpc.first-election.timeout.max = 5200ms (fallback to raft.server.rpc.timeout.max)
2023-03-16 20:05:43,289 [grpc-default-executor-2] INFO  server.RaftServer$Division (RaftServerImpl.java:requestVote(1218)) - c4e89383-110e-4923-8697-fad4fff4e184@group-CC084F38A809: receive requestVote(ELECTION, 8a432d69-9095-4d8b-a714-320becebd573, group-CC084F38A809, 1, (t:0, i:0))
2023-03-16 20:05:43,290 [grpc-default-executor-2] INFO  impl.VoteContext (VoteContext.java:log(49)) - c4e89383-110e-4923-8697-fad4fff4e184@group-CC084F38A809-FOLLOWER: accept ELECTION from 8a432d69-9095-4d8b-a714-320becebd573: our priority 0 <= candidate's priority 1
2023-03-16 20:05:43,290 [grpc-default-executor-2] INFO  server.RaftServer$Division (RaftServerImpl.java:setRole(321)) - c4e89383-110e-4923-8697-fad4fff4e184@group-CC084F38A809: changes role from  FOLLOWER to FOLLOWER at term 1 for candidate:8a432d69-9095-4d8b-a714-320becebd573
2023-03-16 20:05:43,290 [grpc-default-executor-0] INFO  server.RaftServer$Division (RaftServerImpl.java:requestVote(1218)) - 8a432d69-9095-4d8b-a714-320becebd573@group-F98A64716723: receive requestVote(ELECTION, c4e89383-110e-4923-8697-fad4fff4e184, group-F98A64716723, 1, (t:0, i:0))
2023-03-16 20:05:43,290 [grpc-default-executor-0] INFO  impl.VoteContext (VoteContext.java:log(49)) - 8a432d69-9095-4d8b-a714-320becebd573@group-F98A64716723-FOLLOWER: accept ELECTION from c4e89383-110e-4923-8697-fad4fff4e184: our priority 0 <= candidate's priority 1
2023-03-16 20:05:43,290 [grpc-default-executor-0] INFO  server.RaftServer$Division (RaftServerImpl.java:setRole(321)) - 8a432d69-9095-4d8b-a714-320becebd573@group-F98A64716723: changes role from  FOLLOWER to FOLLOWER at term 1 for candidate:c4e89383-110e-4923-8697-fad4fff4e184
2023-03-16 20:05:43,290 [grpc-default-executor-0] INFO  impl.RoleInfo (RoleInfo.java:shutdownFollowerState(110)) - 8a432d69-9095-4d8b-a714-320becebd573: shutdown 8a432d69-9095-4d8b-a714-320becebd573@group-F98A64716723-FollowerState
2023-03-16 20:05:43,290 [grpc-default-executor-0] INFO  impl.RoleInfo (RoleInfo.java:updateAndGet(139)) - 8a432d69-9095-4d8b-a714-320becebd573: start 8a432d69-9095-4d8b-a714-320becebd573@group-F98A64716723-FollowerState
2023-03-16 20:05:43,290 [8a432d69-9095-4d8b-a714-320becebd573@group-F98A64716723-FollowerState] INFO  impl.FollowerState (FollowerState.java:run(152)) - 8a432d69-9095-4d8b-a714-320becebd573@group-F98A64716723-FollowerState was interrupted
2023-03-16 20:05:43,289 [grpc-default-executor-1] INFO  server.RaftServer$Division (RaftServerImpl.java:requestVote(1218)) - 77c004ef-6c20-479a-84fb-1570edc7ba10@group-CC084F38A809: receive requestVote(ELECTION, 8a432d69-9095-4d8b-a714-320becebd573, group-CC084F38A809, 1, (t:0, i:0))
2023-03-16 20:05:43,291 [grpc-default-executor-1] INFO  impl.VoteContext (VoteContext.java:log(49)) - 77c004ef-6c20-479a-84fb-1570edc7ba10@group-CC084F38A809-FOLLOWER: accept ELECTION from 8a432d69-9095-4d8b-a714-320becebd573: our priority 0 <= candidate's priority 1
2023-03-16 20:05:43,291 [grpc-default-executor-1] INFO  server.RaftServer$Division (RaftServerImpl.java:setRole(321)) - 77c004ef-6c20-479a-84fb-1570edc7ba10@group-CC084F38A809: changes role from  FOLLOWER to FOLLOWER at term 1 for candidate:8a432d69-9095-4d8b-a714-320becebd573
2023-03-16 20:05:43,291 [grpc-default-executor-1] INFO  impl.RoleInfo (RoleInfo.java:shutdownFollowerState(110)) - 77c004ef-6c20-479a-84fb-1570edc7ba10: shutdown 77c004ef-6c20-479a-84fb-1570edc7ba10@group-CC084F38A809-FollowerState
2023-03-16 20:05:43,291 [grpc-default-executor-1] INFO  impl.RoleInfo (RoleInfo.java:updateAndGet(139)) - 77c004ef-6c20-479a-84fb-1570edc7ba10: start 77c004ef-6c20-479a-84fb-1570edc7ba10@group-CC084F38A809-FollowerState
2023-03-16 20:05:43,291 [77c004ef-6c20-479a-84fb-1570edc7ba10@group-CC084F38A809-FollowerState] INFO  impl.FollowerState (FollowerState.java:run(152)) - 77c004ef-6c20-479a-84fb-1570edc7ba10@group-CC084F38A809-FollowerState was interrupted
2023-03-16 20:05:43,290 [77c004ef-6c20-479a-84fb-1570edc7ba10@group-F98A64716723-LeaderElection14] INFO  impl.LeaderElection (LeaderElection.java:logAndReturn(90)) - 77c004ef-6c20-479a-84fb-1570edc7ba10@group-F98A64716723-LeaderElection14: PRE_VOTE DISCOVERED_A_NEW_TERM (term=1) received 2 response(s) and 0 exception(s):
2023-03-16 20:05:43,291 [77c004ef-6c20-479a-84fb-1570edc7ba10@group-F98A64716723-LeaderElection14] INFO  impl.LeaderElection (LeaderElection.java:logAndReturn(94)) -   Response 0: 77c004ef-6c20-479a-84fb-1570edc7ba10<-8a432d69-9095-4d8b-a714-320becebd573#0:OK-t0
2023-03-16 20:05:43,291 [77c004ef-6c20-479a-84fb-1570edc7ba10@group-F98A64716723-LeaderElection14] INFO  impl.LeaderElection (LeaderElection.java:logAndReturn(94)) -   Response 1: 77c004ef-6c20-479a-84fb-1570edc7ba10<-c4e89383-110e-4923-8697-fad4fff4e184#0:FAIL-t1
2023-03-16 20:05:43,290 [grpc-default-executor-2] INFO  impl.RoleInfo (RoleInfo.java:shutdownFollowerState(110)) - c4e89383-110e-4923-8697-fad4fff4e184: shutdown c4e89383-110e-4923-8697-fad4fff4e184@group-CC084F38A809-FollowerState
2023-03-16 20:05:43,292 [77c004ef-6c20-479a-84fb-1570edc7ba10@group-CC084F38A809-FollowerState] INFO  server.RaftServerConfigKeys (ConfUtils.java:logFallback(53)) - raft.server.rpc.first-election.timeout.min = 5s (fallback to raft.server.rpc.timeout.min)
2023-03-16 20:05:43,292 [77c004ef-6c20-479a-84fb-1570edc7ba10@group-CC084F38A809-FollowerState] INFO  server.RaftServerConfigKeys (ConfUtils.java:logFallback(53)) - raft.server.rpc.first-election.timeout.max = 5200ms (fallback to raft.server.rpc.timeout.max)
2023-03-16 20:05:43,296 [8a432d69-9095-4d8b-a714-320becebd573@group-F98A64716723-FollowerState] INFO  server.RaftServerConfigKeys (ConfUtils.java:logFallback(53)) - raft.server.rpc.first-election.timeout.min = 5s (fallback to raft.server.rpc.timeout.min)
2023-03-16 20:05:43,296 [8a432d69-9095-4d8b-a714-320becebd573@group-F98A64716723-FollowerState] INFO  server.RaftServerConfigKeys (ConfUtils.java:logFallback(53)) - raft.server.rpc.first-election.timeout.max = 5200ms (fallback to raft.server.rpc.timeout.max)
2023-03-16 20:05:43,297 [grpc-default-executor-0] INFO  server.RaftServer$Division (RaftServerImpl.java:requestVote(1251)) - 8a432d69-9095-4d8b-a714-320becebd573@group-F98A64716723 replies to ELECTION vote request: c4e89383-110e-4923-8697-fad4fff4e184<-8a432d69-9095-4d8b-a714-320becebd573#0:OK-t1. Peer's state: 8a432d69-9095-4d8b-a714-320becebd573@group-F98A64716723:t1, leader=null, voted=c4e89383-110e-4923-8697-fad4fff4e184, raftlog=Memoized:8a432d69-9095-4d8b-a714-320becebd573@group-F98A64716723-SegmentedRaftLog:OPENED:c-1, conf=-1: peers:[8a432d69-9095-4d8b-a714-320becebd573|rpc:10.1.0.41:43533|dataStream:10.1.0.41:42805|priority:0|startupRole:FOLLOWER, 77c004ef-6c20-479a-84fb-1570edc7ba10|rpc:10.1.0.41:43577|dataStream:10.1.0.41:38139|priority:0|startupRole:FOLLOWER, c4e89383-110e-4923-8697-fad4fff4e184|rpc:10.1.0.41:41947|dataStream:10.1.0.41:45915|priority:1|startupRole:FOLLOWER]|listeners:[], old=null
2023-03-16 20:05:43,297 [grpc-default-executor-1] INFO  server.RaftServer$Division (RaftServerImpl.java:requestVote(1251)) - 77c004ef-6c20-479a-84fb-1570edc7ba10@group-CC084F38A809 replies to ELECTION vote request: 8a432d69-9095-4d8b-a714-320becebd573<-77c004ef-6c20-479a-84fb-1570edc7ba10#0:OK-t1. Peer's state: 77c004ef-6c20-479a-84fb-1570edc7ba10@group-CC084F38A809:t1, leader=null, voted=8a432d69-9095-4d8b-a714-320becebd573, raftlog=Memoized:77c004ef-6c20-479a-84fb-1570edc7ba10@group-CC084F38A809-SegmentedRaftLog:OPENED:c-1, conf=-1: peers:[8a432d69-9095-4d8b-a714-320becebd573|rpc:10.1.0.41:43533|dataStream:10.1.0.41:42805|priority:1|startupRole:FOLLOWER, 77c004ef-6c20-479a-84fb-1570edc7ba10|rpc:10.1.0.41:43577|dataStream:10.1.0.41:38139|priority:0|startupRole:FOLLOWER, c4e89383-110e-4923-8697-fad4fff4e184|rpc:10.1.0.41:41947|dataStream:10.1.0.41:45915|priority:0|startupRole:FOLLOWER]|listeners:[], old=null
2023-03-16 20:05:43,298 [grpc-default-executor-2] INFO  impl.RoleInfo (RoleInfo.java:updateAndGet(139)) - c4e89383-110e-4923-8697-fad4fff4e184: start c4e89383-110e-4923-8697-fad4fff4e184@group-CC084F38A809-FollowerState
2023-03-16 20:05:43,298 [c4e89383-110e-4923-8697-fad4fff4e184@group-CC084F38A809-FollowerState] INFO  impl.FollowerState (FollowerState.java:run(152)) - c4e89383-110e-4923-8697-fad4fff4e184@group-CC084F38A809-FollowerState was interrupted
2023-03-16 20:05:43,299 [grpc-default-executor-1] INFO  server.RaftServer$Division (RaftServerImpl.java:requestVote(1218)) - 77c004ef-6c20-479a-84fb-1570edc7ba10@group-F98A64716723: receive requestVote(PRE_VOTE, c4e89383-110e-4923-8697-fad4fff4e184, group-F98A64716723, 0, (t:0, i:0))
2023-03-16 20:05:43,299 [grpc-default-executor-1] INFO  impl.VoteContext (VoteContext.java:log(49)) - 77c004ef-6c20-479a-84fb-1570edc7ba10@group-F98A64716723-CANDIDATE: accept PRE_VOTE from c4e89383-110e-4923-8697-fad4fff4e184: our priority 0 <= candidate's priority 1
2023-03-16 20:05:43,299 [grpc-default-executor-1] INFO  server.RaftServer$Division (RaftServerImpl.java:requestVote(1251)) - 77c004ef-6c20-479a-84fb-1570edc7ba10@group-F98A64716723 replies to PRE_VOTE vote request: c4e89383-110e-4923-8697-fad4fff4e184<-77c004ef-6c20-479a-84fb-1570edc7ba10#0:OK-t0. Peer's state: 77c004ef-6c20-479a-84fb-1570edc7ba10@group-F98A64716723:t0, leader=null, voted=, raftlog=Memoized:77c004ef-6c20-479a-84fb-1570edc7ba10@group-F98A64716723-SegmentedRaftLog:OPENED:c-1, conf=-1: peers:[8a432d69-9095-4d8b-a714-320becebd573|rpc:10.1.0.41:43533|dataStream:10.1.0.41:42805|priority:0|startupRole:FOLLOWER, 77c004ef-6c20-479a-84fb-1570edc7ba10|rpc:10.1.0.41:43577|dataStream:10.1.0.41:38139|priority:0|startupRole:FOLLOWER, c4e89383-110e-4923-8697-fad4fff4e184|rpc:10.1.0.41:41947|dataStream:10.1.0.41:45915|priority:1|startupRole:FOLLOWER]|listeners:[], old=null
2023-03-16 20:05:43,301 [77c004ef-6c20-479a-84fb-1570edc7ba10@group-F98A64716723-LeaderElection14] INFO  impl.LeaderElection (LeaderElection.java:askForVotes(314)) - 77c004ef-6c20-479a-84fb-1570edc7ba10@group-F98A64716723-LeaderElection14 PRE_VOTE round 0: result DISCOVERED_A_NEW_TERM (term=1)
2023-03-16 20:05:43,301 [77c004ef-6c20-479a-84fb-1570edc7ba10@group-F98A64716723-LeaderElection14] INFO  server.RaftServer$Division (RaftServerImpl.java:setRole(321)) - 77c004ef-6c20-479a-84fb-1570edc7ba10@group-F98A64716723: changes role from CANDIDATE to FOLLOWER at term 1 for DISCOVERED_A_NEW_TERM (term=1)
2023-03-16 20:05:43,301 [77c004ef-6c20-479a-84fb-1570edc7ba10@group-F98A64716723-LeaderElection14] INFO  impl.RoleInfo (RoleInfo.java:shutdownLeaderElection(130)) - 77c004ef-6c20-479a-84fb-1570edc7ba10: shutdown 77c004ef-6c20-479a-84fb-1570edc7ba10@group-F98A64716723-LeaderElection14
2023-03-16 20:05:43,301 [77c004ef-6c20-479a-84fb-1570edc7ba10@group-F98A64716723-LeaderElection14] INFO  impl.RoleInfo (RoleInfo.java:updateAndGet(139)) - 77c004ef-6c20-479a-84fb-1570edc7ba10: start 77c004ef-6c20-479a-84fb-1570edc7ba10@group-F98A64716723-FollowerState
2023-03-16 20:05:43,302 [77c004ef-6c20-479a-84fb-1570edc7ba10@group-F98A64716723-FollowerState] INFO  server.RaftServerConfigKeys (ConfUtils.java:logFallback(53)) - raft.server.rpc.first-election.timeout.min = 5s (fallback to raft.server.rpc.timeout.min)
2023-03-16 20:05:43,303 [77c004ef-6c20-479a-84fb-1570edc7ba10@group-F98A64716723-FollowerState] INFO  server.RaftServerConfigKeys (ConfUtils.java:logFallback(53)) - raft.server.rpc.first-election.timeout.max = 5200ms (fallback to raft.server.rpc.timeout.max)
2023-03-16 20:05:43,303 [grpc-default-executor-2] INFO  server.RaftServer$Division (RaftServerImpl.java:requestVote(1251)) - c4e89383-110e-4923-8697-fad4fff4e184@group-CC084F38A809 replies to ELECTION vote request: 8a432d69-9095-4d8b-a714-320becebd573<-c4e89383-110e-4923-8697-fad4fff4e184#0:OK-t1. Peer's state: c4e89383-110e-4923-8697-fad4fff4e184@group-CC084F38A809:t1, leader=null, voted=8a432d69-9095-4d8b-a714-320becebd573, raftlog=Memoized:c4e89383-110e-4923-8697-fad4fff4e184@group-CC084F38A809-SegmentedRaftLog:OPENED:c-1, conf=-1: peers:[8a432d69-9095-4d8b-a714-320becebd573|rpc:10.1.0.41:43533|dataStream:10.1.0.41:42805|priority:1|startupRole:FOLLOWER, 77c004ef-6c20-479a-84fb-1570edc7ba10|rpc:10.1.0.41:43577|dataStream:10.1.0.41:38139|priority:0|startupRole:FOLLOWER, c4e89383-110e-4923-8697-fad4fff4e184|rpc:10.1.0.41:41947|dataStream:10.1.0.41:45915|priority:0|startupRole:FOLLOWER]|listeners:[], old=null
2023-03-16 20:05:43,303 [grpc-default-executor-1] INFO  server.RaftServer$Division (RaftServerImpl.java:requestVote(1218)) - 77c004ef-6c20-479a-84fb-1570edc7ba10@group-F98A64716723: receive requestVote(ELECTION, c4e89383-110e-4923-8697-fad4fff4e184, group-F98A64716723, 1, (t:0, i:0))
2023-03-16 20:05:43,304 [8a432d69-9095-4d8b-a714-320becebd573@group-CC084F38A809-LeaderElection12] INFO  impl.LeaderElection (LeaderElection.java:logAndReturn(90)) - 8a432d69-9095-4d8b-a714-320becebd573@group-CC084F38A809-LeaderElection12: ELECTION PASSED received 1 response(s) and 0 exception(s):
2023-03-16 20:05:43,304 [8a432d69-9095-4d8b-a714-320becebd573@group-CC084F38A809-LeaderElection12] INFO  impl.LeaderElection (LeaderElection.java:logAndReturn(94)) -   Response 0: 8a432d69-9095-4d8b-a714-320becebd573<-77c004ef-6c20-479a-84fb-1570edc7ba10#0:OK-t1
2023-03-16 20:05:43,304 [8a432d69-9095-4d8b-a714-320becebd573@group-CC084F38A809-LeaderElection12] INFO  impl.LeaderElection (LeaderElection.java:askForVotes(314)) - 8a432d69-9095-4d8b-a714-320becebd573@group-CC084F38A809-LeaderElection12 ELECTION round 0: result PASSED
2023-03-16 20:05:43,304 [8a432d69-9095-4d8b-a714-320becebd573@group-CC084F38A809-LeaderElection12] INFO  impl.RoleInfo (RoleInfo.java:shutdownLeaderElection(130)) - 8a432d69-9095-4d8b-a714-320becebd573: shutdown 8a432d69-9095-4d8b-a714-320becebd573@group-CC084F38A809-LeaderElection12
2023-03-16 20:05:43,304 [8a432d69-9095-4d8b-a714-320becebd573@group-CC084F38A809-LeaderElection12] INFO  server.RaftServer$Division (RaftServerImpl.java:setRole(321)) - 8a432d69-9095-4d8b-a714-320becebd573@group-CC084F38A809: changes role from CANDIDATE to LEADER at term 1 for changeToLeader
2023-03-16 20:05:43,304 [c4e89383-110e-4923-8697-fad4fff4e184@group-F98A64716723-LeaderElection13] INFO  impl.LeaderElection (LeaderElection.java:logAndReturn(90)) - c4e89383-110e-4923-8697-fad4fff4e184@group-F98A64716723-LeaderElection13: ELECTION PASSED received 1 response(s) and 0 exception(s):
2023-03-16 20:05:43,304 [c4e89383-110e-4923-8697-fad4fff4e184@group-F98A64716723-LeaderElection13] INFO  impl.LeaderElection (LeaderElection.java:logAndReturn(94)) -   Response 0: c4e89383-110e-4923-8697-fad4fff4e184<-8a432d69-9095-4d8b-a714-320becebd573#0:OK-t1
2023-03-16 20:05:43,304 [8a432d69-9095-4d8b-a714-320becebd573@group-CC084F38A809-LeaderElection12] INFO  ratis.XceiverServerRatis (XceiverServerRatis.java:handleLeaderChangedNotification(905)) - Leader change notification received for group: group-CC084F38A809 with new leaderId: 8a432d69-9095-4d8b-a714-320becebd573
2023-03-16 20:05:43,306 [8a432d69-9095-4d8b-a714-320becebd573@group-CC084F38A809-LeaderElection12] INFO  server.RaftServer$Division (ServerState.java:setLeader(313)) - 8a432d69-9095-4d8b-a714-320becebd573@group-CC084F38A809: change Leader from null to 8a432d69-9095-4d8b-a714-320becebd573 at term 1 for becomeLeader, leader elected after 5781ms
2023-03-16 20:05:43,306 [8a432d69-9095-4d8b-a714-320becebd573@group-CC084F38A809-LeaderElection12] INFO  server.RaftServerConfigKeys (ConfUtils.java:logGet(46)) - raft.server.staging.catchup.gap = 1000 (default)
2023-03-16 20:05:43,306 [8a432d69-9095-4d8b-a714-320becebd573@group-CC084F38A809-LeaderElection12] INFO  server.RaftServerConfigKeys (ConfUtils.java:logGet(46)) - raft.server.write.element-limit = 1024 (custom)
2023-03-16 20:05:43,306 [8a432d69-9095-4d8b-a714-320becebd573@group-CC084F38A809-LeaderElection12] INFO  server.RaftServerConfigKeys (ConfUtils.java:logGet(46)) - raft.server.write.byte-limit = 1024 M (=1073741824) (custom)
2023-03-16 20:05:43,307 [8a432d69-9095-4d8b-a714-320becebd573@group-CC084F38A809-LeaderElection12] INFO  server.RaftServerConfigKeys (ConfUtils.java:logGet(46)) - raft.server.watch.timeout = 180s (custom)
2023-03-16 20:05:43,307 [8a432d69-9095-4d8b-a714-320becebd573@group-CC084F38A809-LeaderElection12] INFO  server.RaftServerConfigKeys (ConfUtils.java:logGet(46)) - raft.server.watch.timeout.denomination = 1s (default)
2023-03-16 20:05:43,307 [8a432d69-9095-4d8b-a714-320becebd573@group-CC084F38A809-LeaderElection12] INFO  server.RaftServerConfigKeys (ConfUtils.java:logGet(46)) - raft.server.watch.element-limit = 65536 (default)
2023-03-16 20:05:43,307 [8a432d69-9095-4d8b-a714-320becebd573@group-CC084F38A809-LeaderElection12] INFO  server.RaftServerConfigKeys (ConfUtils.java:logGet(46)) - raft.server.write.element-limit = 1024 (custom)
2023-03-16 20:05:43,307 [8a432d69-9095-4d8b-a714-320becebd573@group-CC084F38A809-LeaderElection12] INFO  server.RaftServerConfigKeys (ConfUtils.java:logGet(46)) - raft.server.write.follower.gap.ratio.max = -1.0 (default)
2023-03-16 20:05:43,307 [grpc-default-executor-1] INFO  impl.VoteContext (VoteContext.java:log(49)) - 77c004ef-6c20-479a-84fb-1570edc7ba10@group-F98A64716723-FOLLOWER: accept ELECTION from c4e89383-110e-4923-8697-fad4fff4e184: our priority 0 <= candidate's priority 1
2023-03-16 20:05:43,307 [grpc-default-executor-1] INFO  server.RaftServer$Division (RaftServerImpl.java:setRole(321)) - 77c004ef-6c20-479a-84fb-1570edc7ba10@group-F98A64716723: changes role from  FOLLOWER to FOLLOWER at term 1 for candidate:c4e89383-110e-4923-8697-fad4fff4e184
2023-03-16 20:05:43,307 [grpc-default-executor-1] INFO  impl.RoleInfo (RoleInfo.java:shutdownFollowerState(110)) - 77c004ef-6c20-479a-84fb-1570edc7ba10: shutdown 77c004ef-6c20-479a-84fb-1570edc7ba10@group-F98A64716723-FollowerState
2023-03-16 20:05:43,307 [8a432d69-9095-4d8b-a714-320becebd573@group-CC084F38A809-LeaderElection12] INFO  server.RaftServerConfigKeys (ConfUtils.java:logGet(46)) - raft.server.log.appender.snapshot.chunk.size.max = 16MB (=16777216) (default)
2023-03-16 20:05:43,306 [c4e89383-110e-4923-8697-fad4fff4e184@group-F98A64716723-LeaderElection13] INFO  impl.LeaderElection (LeaderElection.java:askForVotes(314)) - c4e89383-110e-4923-8697-fad4fff4e184@group-F98A64716723-LeaderElection13 ELECTION round 0: result PASSED
2023-03-16 20:05:43,308 [c4e89383-110e-4923-8697-fad4fff4e184@group-F98A64716723-LeaderElection13] INFO  impl.RoleInfo (RoleInfo.java:shutdownLeaderElection(130)) - c4e89383-110e-4923-8697-fad4fff4e184: shutdown c4e89383-110e-4923-8697-fad4fff4e184@group-F98A64716723-LeaderElection13
2023-03-16 20:05:43,308 [c4e89383-110e-4923-8697-fad4fff4e184@group-F98A64716723-LeaderElection13] INFO  server.RaftServer$Division (RaftServerImpl.java:setRole(321)) - c4e89383-110e-4923-8697-fad4fff4e184@group-F98A64716723: changes role from CANDIDATE to LEADER at term 1 for changeToLeader
2023-03-16 20:05:43,308 [c4e89383-110e-4923-8697-fad4fff4e184@group-F98A64716723-LeaderElection13] INFO  ratis.XceiverServerRatis (XceiverServerRatis.java:handleLeaderChangedNotification(905)) - Leader change notification received for group: group-F98A64716723 with new leaderId: c4e89383-110e-4923-8697-fad4fff4e184
2023-03-16 20:05:43,308 [c4e89383-110e-4923-8697-fad4fff4e184@group-F98A64716723-LeaderElection13] INFO  server.RaftServer$Division (ServerState.java:setLeader(313)) - c4e89383-110e-4923-8697-fad4fff4e184@group-F98A64716723: change Leader from null to c4e89383-110e-4923-8697-fad4fff4e184 at term 1 for becomeLeader, leader elected after 5158ms
2023-03-16 20:05:43,308 [c4e89383-110e-4923-8697-fad4fff4e184@group-F98A64716723-LeaderElection13] INFO  server.RaftServerConfigKeys (ConfUtils.java:logGet(46)) - raft.server.staging.catchup.gap = 1000 (default)
2023-03-16 20:05:43,308 [c4e89383-110e-4923-8697-fad4fff4e184@group-F98A64716723-LeaderElection13] INFO  server.RaftServerConfigKeys (ConfUtils.java:logGet(46)) - raft.server.write.element-limit = 1024 (custom)
2023-03-16 20:05:43,308 [c4e89383-110e-4923-8697-fad4fff4e184@group-F98A64716723-LeaderElection13] INFO  server.RaftServerConfigKeys (ConfUtils.java:logGet(46)) - raft.server.write.byte-limit = 1024 M (=1073741824) (custom)
2023-03-16 20:05:43,309 [c4e89383-110e-4923-8697-fad4fff4e184@group-F98A64716723-LeaderElection13] INFO  server.RaftServerConfigKeys (ConfUtils.java:logGet(46)) - raft.server.watch.timeout = 180s (custom)
2023-03-16 20:05:43,309 [c4e89383-110e-4923-8697-fad4fff4e184@group-F98A64716723-LeaderElection13] INFO  server.RaftServerConfigKeys (ConfUtils.java:logGet(46)) - raft.server.watch.timeout.denomination = 1s (default)
2023-03-16 20:05:43,309 [c4e89383-110e-4923-8697-fad4fff4e184@group-F98A64716723-LeaderElection13] INFO  server.RaftServerConfigKeys (ConfUtils.java:logGet(46)) - raft.server.watch.element-limit = 65536 (default)
2023-03-16 20:05:43,310 [c4e89383-110e-4923-8697-fad4fff4e184@group-F98A64716723-LeaderElection13] INFO  server.RaftServerConfigKeys (ConfUtils.java:logGet(46)) - raft.server.write.element-limit = 1024 (custom)
2023-03-16 20:05:43,310 [c4e89383-110e-4923-8697-fad4fff4e184@group-F98A64716723-LeaderElection13] INFO  server.RaftServerConfigKeys (ConfUtils.java:logGet(46)) - raft.server.write.follower.gap.ratio.max = -1.0 (default)
2023-03-16 20:05:43,308 [8a432d69-9095-4d8b-a714-320becebd573@group-CC084F38A809-LeaderElection12] INFO  server.RaftServerConfigKeys (ConfUtils.java:logGet(46)) - raft.server.log.appender.buffer.byte-limit = 33554432 (custom)
2023-03-16 20:05:43,310 [8a432d69-9095-4d8b-a714-320becebd573@group-CC084F38A809-LeaderElection12] INFO  server.RaftServerConfigKeys (ConfUtils.java:logGet(46)) - raft.server.log.appender.buffer.element-limit = 1 (custom)
2023-03-16 20:05:43,310 [8a432d69-9095-4d8b-a714-320becebd573@group-CC084F38A809-LeaderElection12] INFO  grpc.GrpcConfigKeys (ConfUtils.java:logGet(46)) - raft.grpc.server.leader.outstanding.appends.max = 128 (default)
2023-03-16 20:05:43,310 [8a432d69-9095-4d8b-a714-320becebd573@group-CC084F38A809-LeaderElection12] INFO  server.RaftServerConfigKeys (ConfUtils.java:logGet(46)) - raft.server.rpc.request.timeout = 60s (custom)
2023-03-16 20:05:43,310 [8a432d69-9095-4d8b-a714-320becebd573@group-CC084F38A809-LeaderElection12] INFO  server.RaftServerConfigKeys (ConfUtils.java:logGet(46)) - raft.server.log.appender.install.snapshot.enabled = false (custom)
2023-03-16 20:05:43,310 [8a432d69-9095-4d8b-a714-320becebd573@group-CC084F38A809-LeaderElection12] INFO  grpc.GrpcConfigKeys (ConfUtils.java:logGet(46)) - raft.grpc.server.heartbeat.channel = true (default)
2023-03-16 20:05:43,310 [8a432d69-9095-4d8b-a714-320becebd573@group-CC084F38A809-LeaderElection12] INFO  server.RaftServerConfigKeys (ConfUtils.java:logGet(46)) - raft.server.log.appender.wait-time.min = 10ms (default)
2023-03-16 20:05:43,307 [grpc-default-executor-1] INFO  impl.RoleInfo (RoleInfo.java:updateAndGet(139)) - 77c004ef-6c20-479a-84fb-1570edc7ba10: start 77c004ef-6c20-479a-84fb-1570edc7ba10@group-F98A64716723-FollowerState
2023-03-16 20:05:43,309 [EventQueue-PipelineReportForPipelineReportHandler] INFO  pipeline.PipelineManagerImpl (PipelineManagerImpl.java:openPipeline(367)) - Pipeline Pipeline[ Id: df927098-acc7-49b5-b355-cc084f38a809, Nodes: c4e89383-110e-4923-8697-fad4fff4e184(fv-az371-917/10.1.0.41)8a432d69-9095-4d8b-a714-320becebd573(fv-az371-917/10.1.0.41)77c004ef-6c20-479a-84fb-1570edc7ba10(fv-az371-917/10.1.0.41), ReplicationConfig: RATIS/THREE, State:ALLOCATED, leaderId:8a432d69-9095-4d8b-a714-320becebd573, CreationTimestamp2023-03-16T20:05:35.278Z[Etc/UTC]] moved to OPEN state
2023-03-16 20:05:43,312 [EventQueue-PipelineReportForPipelineReportHandler] INFO  pipeline.PipelineManagerImpl (PipelineManagerImpl.java:openPipeline(367)) - Pipeline Pipeline[ Id: 9fd25088-a601-45c0-9c9f-f98a64716723, Nodes: 8a432d69-9095-4d8b-a714-320becebd573(fv-az371-917/10.1.0.41)77c004ef-6c20-479a-84fb-1570edc7ba10(fv-az371-917/10.1.0.41)c4e89383-110e-4923-8697-fad4fff4e184(fv-az371-917/10.1.0.41), ReplicationConfig: RATIS/THREE, State:ALLOCATED, leaderId:c4e89383-110e-4923-8697-fad4fff4e184, CreationTimestamp2023-03-16T20:05:35.279Z[Etc/UTC]] moved to OPEN state
2023-03-16 20:05:43,313 [EventQueue-OpenPipelineForHealthyPipelineSafeModeRule] INFO  safemode.SCMSafeModeManager (HealthyPipelineSafeModeRule.java:process(137)) - SCM in safe mode. Healthy pipelines reported count is 1, required healthy pipeline reported count is 1
2023-03-16 20:05:43,313 [EventQueue-OpenPipelineForHealthyPipelineSafeModeRule] INFO  safemode.SCMSafeModeManager (SCMSafeModeManager.java:validateSafeModeExitRules(200)) - HealthyPipelineSafeModeRule rule is successfully validated
2023-03-16 20:05:43,313 [EventQueue-OpenPipelineForHealthyPipelineSafeModeRule] INFO  safemode.SCMSafeModeManager (SCMSafeModeManager.java:validateSafeModeExitRules(215)) - ScmSafeModeManager, all rules are successfully validated
2023-03-16 20:05:43,313 [EventQueue-OpenPipelineForHealthyPipelineSafeModeRule] INFO  safemode.SCMSafeModeManager (SCMSafeModeManager.java:exitSafeMode(244)) - SCM exiting safe mode.
2023-03-16 20:05:43,313 [EventQueue-OpenPipelineForHealthyPipelineSafeModeRule] INFO  ha.SCMContext (SCMContext.java:updateSafeModeStatus(228)) - Update SafeModeStatus from SafeModeStatus{safeModeStatus=true, preCheckPassed=true} to SafeModeStatus{safeModeStatus=false, preCheckPassed=true}.
2023-03-16 20:05:43,313 [EventQueue-OpenPipelineForHealthyPipelineSafeModeRule] INFO  pipeline.BackgroundPipelineCreator (BackgroundPipelineCreator.java:notifyStatusChanged(254)) - Service BackgroundPipelineCreator transitions to RUNNING.
2023-03-16 20:05:43,313 [EventQueue-OpenPipelineForHealthyPipelineSafeModeRule] INFO  BackgroundPipelineScrubber (BackgroundSCMService.java:notifyStatusChanged(82)) - Service BackgroundPipelineScrubber transitions to RUNNING.
2023-03-16 20:05:43,313 [EventQueue-OpenPipelineForHealthyPipelineSafeModeRule] INFO  ExpiredContainerReplicaOpScrubber (BackgroundSCMService.java:notifyStatusChanged(82)) - Service ExpiredContainerReplicaOpScrubber transitions to RUNNING.
2023-03-16 20:05:43,313 [EventQueue-OpenPipelineForHealthyPipelineSafeModeRule] INFO  replication.ReplicationManager (ReplicationManager.java:notifyStatusChanged(1165)) - Service ReplicationManager transitions to RUNNING.
2023-03-16 20:05:43,313 [EventQueue-OpenPipelineForHealthyPipelineSafeModeRule] WARN  balancer.ContainerBalancer (ContainerBalancer.java:shouldRun(131)) - Could not find persisted configuration for ContainerBalancer when checking if ContainerBalancer should run. ContainerBalancer should not run now.
2023-03-16 20:05:43,315 [c4e89383-110e-4923-8697-fad4fff4e184@group-F98A64716723-LeaderElection13] INFO  server.RaftServerConfigKeys (ConfUtils.java:logGet(46)) - raft.server.log.appender.snapshot.chunk.size.max = 16MB (=16777216) (default)
2023-03-16 20:05:43,315 [c4e89383-110e-4923-8697-fad4fff4e184@group-F98A64716723-LeaderElection13] INFO  server.RaftServerConfigKeys (ConfUtils.java:logGet(46)) - raft.server.log.appender.buffer.byte-limit = 33554432 (custom)
2023-03-16 20:05:43,315 [c4e89383-110e-4923-8697-fad4fff4e184@group-F98A64716723-LeaderElection13] INFO  server.RaftServerConfigKeys (ConfUtils.java:logGet(46)) - raft.server.log.appender.buffer.element-limit = 1 (custom)
2023-03-16 20:05:43,316 [8a432d69-9095-4d8b-a714-320becebd573@group-CC084F38A809-LeaderElection12] INFO  server.RaftServerConfigKeys (ConfUtils.java:logGet(46)) - raft.server.log.appender.snapshot.chunk.size.max = 16MB (=16777216) (default)
2023-03-16 20:05:43,316 [8a432d69-9095-4d8b-a714-320becebd573@group-CC084F38A809-LeaderElection12] INFO  server.RaftServerConfigKeys (ConfUtils.java:logGet(46)) - raft.server.log.appender.buffer.byte-limit = 33554432 (custom)
2023-03-16 20:05:43,316 [8a432d69-9095-4d8b-a714-320becebd573@group-CC084F38A809-LeaderElection12] INFO  server.RaftServerConfigKeys (ConfUtils.java:logGet(46)) - raft.server.log.appender.buffer.element-limit = 1 (custom)
2023-03-16 20:05:43,316 [77c004ef-6c20-479a-84fb-1570edc7ba10@group-F98A64716723-FollowerState] INFO  impl.FollowerState (FollowerState.java:run(152)) - 77c004ef-6c20-479a-84fb-1570edc7ba10@group-F98A64716723-FollowerState was interrupted
2023-03-16 20:05:43,316 [c4e89383-110e-4923-8697-fad4fff4e184@group-CC084F38A809-FollowerState] INFO  server.RaftServerConfigKeys (ConfUtils.java:logFallback(53)) - raft.server.rpc.first-election.timeout.min = 5s (fallback to raft.server.rpc.timeout.min)
2023-03-16 20:05:43,316 [c4e89383-110e-4923-8697-fad4fff4e184@group-CC084F38A809-FollowerState] INFO  server.RaftServerConfigKeys (ConfUtils.java:logFallback(53)) - raft.server.rpc.first-election.timeout.max = 5200ms (fallback to raft.server.rpc.timeout.max)
2023-03-16 20:05:43,324 [8a432d69-9095-4d8b-a714-320becebd573@group-CC084F38A809-LeaderElection12] INFO  grpc.GrpcConfigKeys (ConfUtils.java:logGet(46)) - raft.grpc.server.leader.outstanding.appends.max = 128 (default)
2023-03-16 20:05:43,324 [8a432d69-9095-4d8b-a714-320becebd573@group-CC084F38A809-LeaderElection12] INFO  server.RaftServerConfigKeys (ConfUtils.java:logGet(46)) - raft.server.rpc.request.timeout = 60s (custom)
2023-03-16 20:05:43,324 [8a432d69-9095-4d8b-a714-320becebd573@group-CC084F38A809-LeaderElection12] INFO  server.RaftServerConfigKeys (ConfUtils.java:logGet(46)) - raft.server.log.appender.install.snapshot.enabled = false (custom)
2023-03-16 20:05:43,324 [8a432d69-9095-4d8b-a714-320becebd573@group-CC084F38A809-LeaderElection12] INFO  grpc.GrpcConfigKeys (ConfUtils.java:logGet(46)) - raft.grpc.server.heartbeat.channel = true (default)
2023-03-16 20:05:43,325 [8a432d69-9095-4d8b-a714-320becebd573@group-CC084F38A809-LeaderElection12] INFO  server.RaftServerConfigKeys (ConfUtils.java:logGet(46)) - raft.server.log.appender.wait-time.min = 10ms (default)
2023-03-16 20:05:43,325 [c4e89383-110e-4923-8697-fad4fff4e184@group-F98A64716723-LeaderElection13] INFO  grpc.GrpcConfigKeys (ConfUtils.java:logGet(46)) - raft.grpc.server.leader.outstanding.appends.max = 128 (default)
2023-03-16 20:05:43,325 [c4e89383-110e-4923-8697-fad4fff4e184@group-F98A64716723-LeaderElection13] INFO  server.RaftServerConfigKeys (ConfUtils.java:logGet(46)) - raft.server.rpc.request.timeout = 60s (custom)
2023-03-16 20:05:43,325 [c4e89383-110e-4923-8697-fad4fff4e184@group-F98A64716723-LeaderElection13] INFO  server.RaftServerConfigKeys (ConfUtils.java:logGet(46)) - raft.server.log.appender.install.snapshot.enabled = false (custom)
2023-03-16 20:05:43,325 [8a432d69-9095-4d8b-a714-320becebd573@group-CC084F38A809-LeaderElection12] INFO  impl.RoleInfo (RoleInfo.java:updateAndGet(139)) - 8a432d69-9095-4d8b-a714-320becebd573: start 8a432d69-9095-4d8b-a714-320becebd573@group-CC084F38A809-LeaderStateImpl
2023-03-16 20:05:43,325 [c4e89383-110e-4923-8697-fad4fff4e184@group-F98A64716723-LeaderElection13] INFO  grpc.GrpcConfigKeys (ConfUtils.java:logGet(46)) - raft.grpc.server.heartbeat.channel = true (default)
2023-03-16 20:05:43,325 [c4e89383-110e-4923-8697-fad4fff4e184@group-F98A64716723-LeaderElection13] INFO  server.RaftServerConfigKeys (ConfUtils.java:logGet(46)) - raft.server.log.appender.wait-time.min = 10ms (default)
2023-03-16 20:05:43,326 [8a432d69-9095-4d8b-a714-320becebd573@group-CC084F38A809-LeaderElection12] INFO  segmented.SegmentedRaftLogWorker (SegmentedRaftLogWorker.java:startLogSegment(452)) - 8a432d69-9095-4d8b-a714-320becebd573@group-CC084F38A809-SegmentedRaftLogWorker: Starting segment from index:0
2023-03-16 20:05:43,326 [c4e89383-110e-4923-8697-fad4fff4e184@group-F98A64716723-LeaderElection13] INFO  server.RaftServerConfigKeys (ConfUtils.java:logGet(46)) - raft.server.log.appender.snapshot.chunk.size.max = 16MB (=16777216) (default)
2023-03-16 20:05:43,326 [c4e89383-110e-4923-8697-fad4fff4e184@group-F98A64716723-LeaderElection13] INFO  server.RaftServerConfigKeys (ConfUtils.java:logGet(46)) - raft.server.log.appender.buffer.byte-limit = 33554432 (custom)
2023-03-16 20:05:43,326 [c4e89383-110e-4923-8697-fad4fff4e184@group-F98A64716723-LeaderElection13] INFO  server.RaftServerConfigKeys (ConfUtils.java:logGet(46)) - raft.server.log.appender.buffer.element-limit = 1 (custom)
2023-03-16 20:05:43,327 [grpc-default-executor-1] INFO  server.RaftServer$Division (RaftServerImpl.java:requestVote(1251)) - 77c004ef-6c20-479a-84fb-1570edc7ba10@group-F98A64716723 replies to ELECTION vote request: c4e89383-110e-4923-8697-fad4fff4e184<-77c004ef-6c20-479a-84fb-1570edc7ba10#0:OK-t1. Peer's state: 77c004ef-6c20-479a-84fb-1570edc7ba10@group-F98A64716723:t1, leader=null, voted=c4e89383-110e-4923-8697-fad4fff4e184, raftlog=Memoized:77c004ef-6c20-479a-84fb-1570edc7ba10@group-F98A64716723-SegmentedRaftLog:OPENED:c-1, conf=-1: peers:[8a432d69-9095-4d8b-a714-320becebd573|rpc:10.1.0.41:43533|dataStream:10.1.0.41:42805|priority:0|startupRole:FOLLOWER, 77c004ef-6c20-479a-84fb-1570edc7ba10|rpc:10.1.0.41:43577|dataStream:10.1.0.41:38139|priority:0|startupRole:FOLLOWER, c4e89383-110e-4923-8697-fad4fff4e184|rpc:10.1.0.41:41947|dataStream:10.1.0.41:45915|priority:1|startupRole:FOLLOWER]|listeners:[], old=null
2023-03-16 20:05:43,331 [8a432d69-9095-4d8b-a714-320becebd573@group-CC084F38A809-LeaderElection12] INFO  server.RaftServer$Division (ServerState.java:setRaftConf(430)) - 8a432d69-9095-4d8b-a714-320becebd573@group-CC084F38A809: set configuration 0: peers:[8a432d69-9095-4d8b-a714-320becebd573|rpc:10.1.0.41:43533|dataStream:10.1.0.41:42805|priority:1|startupRole:FOLLOWER, 77c004ef-6c20-479a-84fb-1570edc7ba10|rpc:10.1.0.41:43577|dataStream:10.1.0.41:38139|priority:0|startupRole:FOLLOWER, c4e89383-110e-4923-8697-fad4fff4e184|rpc:10.1.0.41:41947|dataStream:10.1.0.41:45915|priority:0|startupRole:FOLLOWER]|listeners:[], old=null
2023-03-16 20:05:43,332 [77c004ef-6c20-479a-84fb-1570edc7ba10@group-F98A64716723-FollowerState] INFO  server.RaftServerConfigKeys (ConfUtils.java:logFallback(53)) - raft.server.rpc.first-election.timeout.min = 5s (fallback to raft.server.rpc.timeout.min)
2023-03-16 20:05:43,332 [77c004ef-6c20-479a-84fb-1570edc7ba10@group-F98A64716723-FollowerState] INFO  server.RaftServerConfigKeys (ConfUtils.java:logFallback(53)) - raft.server.rpc.first-election.timeout.max = 5200ms (fallback to raft.server.rpc.timeout.max)
2023-03-16 20:05:43,337 [8a432d69-9095-4d8b-a714-320becebd573@group-CC084F38A809-SegmentedRaftLogWorker] INFO  segmented.SegmentedRaftLogWorker (SegmentedRaftLogWorker.java:execute(656)) - 8a432d69-9095-4d8b-a714-320becebd573@group-CC084F38A809-SegmentedRaftLogWorker: created new log segment /home/runner/work/ozone/ozone/hadoop-ozone/integration-test/target/test-dir/MiniOzoneClusterImpl-c7341fe8-f2e3-4722-9e04-a1c7dbed4fc1/datanode-2/data/ratis/df927098-acc7-49b5-b355-cc084f38a809/current/log_inprogress_0
2023-03-16 20:05:43,341 [c4e89383-110e-4923-8697-fad4fff4e184@group-F98A64716723-LeaderElection13] INFO  grpc.GrpcConfigKeys (ConfUtils.java:logGet(46)) - raft.grpc.server.leader.outstanding.appends.max = 128 (default)
2023-03-16 20:05:43,341 [c4e89383-110e-4923-8697-fad4fff4e184@group-F98A64716723-LeaderElection13] INFO  server.RaftServerConfigKeys (ConfUtils.java:logGet(46)) - raft.server.rpc.request.timeout = 60s (custom)
2023-03-16 20:05:43,341 [c4e89383-110e-4923-8697-fad4fff4e184@group-F98A64716723-LeaderElection13] INFO  server.RaftServerConfigKeys (ConfUtils.java:logGet(46)) - raft.server.log.appender.install.snapshot.enabled = false (custom)
2023-03-16 20:05:43,341 [c4e89383-110e-4923-8697-fad4fff4e184@group-F98A64716723-LeaderElection13] INFO  grpc.GrpcConfigKeys (ConfUtils.java:logGet(46)) - raft.grpc.server.heartbeat.channel = true (default)
2023-03-16 20:05:43,341 [c4e89383-110e-4923-8697-fad4fff4e184@group-F98A64716723-LeaderElection13] INFO  server.RaftServerConfigKeys (ConfUtils.java:logGet(46)) - raft.server.log.appender.wait-time.min = 10ms (default)
2023-03-16 20:05:43,341 [c4e89383-110e-4923-8697-fad4fff4e184@group-7C553043777A-FollowerState] INFO  impl.FollowerState (FollowerState.java:run(143)) - c4e89383-110e-4923-8697-fad4fff4e184@group-7C553043777A-FollowerState: change to CANDIDATE, lastRpcElapsedTime:5202756729ns, electionTimeout:5199ms
2023-03-16 20:05:43,341 [c4e89383-110e-4923-8697-fad4fff4e184@group-F98A64716723-LeaderElection13] INFO  impl.RoleInfo (RoleInfo.java:updateAndGet(139)) - c4e89383-110e-4923-8697-fad4fff4e184: start c4e89383-110e-4923-8697-fad4fff4e184@group-F98A64716723-LeaderStateImpl
2023-03-16 20:05:43,342 [c4e89383-110e-4923-8697-fad4fff4e184@group-7C553043777A-FollowerState] INFO  impl.RoleInfo (RoleInfo.java:shutdownFollowerState(110)) - c4e89383-110e-4923-8697-fad4fff4e184: shutdown c4e89383-110e-4923-8697-fad4fff4e184@group-7C553043777A-FollowerState
2023-03-16 20:05:43,342 [c4e89383-110e-4923-8697-fad4fff4e184@group-7C553043777A-FollowerState] INFO  server.RaftServer$Division (RaftServerImpl.java:setRole(321)) - c4e89383-110e-4923-8697-fad4fff4e184@group-7C553043777A: changes role from  FOLLOWER to CANDIDATE at term 0 for changeToCandidate
2023-03-16 20:05:43,342 [c4e89383-110e-4923-8697-fad4fff4e184@group-7C553043777A-FollowerState] INFO  server.RaftServerConfigKeys (ConfUtils.java:logGet(46)) - raft.server.leaderelection.pre-vote = true (default)
2023-03-16 20:05:43,342 [c4e89383-110e-4923-8697-fad4fff4e184@group-F98A64716723-LeaderElection13] INFO  segmented.SegmentedRaftLogWorker (SegmentedRaftLogWorker.java:startLogSegment(452)) - c4e89383-110e-4923-8697-fad4fff4e184@group-F98A64716723-SegmentedRaftLogWorker: Starting segment from index:0
2023-03-16 20:05:43,342 [c4e89383-110e-4923-8697-fad4fff4e184@group-7C553043777A-FollowerState] INFO  impl.RoleInfo (RoleInfo.java:updateAndGet(139)) - c4e89383-110e-4923-8697-fad4fff4e184: start c4e89383-110e-4923-8697-fad4fff4e184@group-7C553043777A-LeaderElection15
2023-03-16 20:05:43,350 [c4e89383-110e-4923-8697-fad4fff4e184@group-F98A64716723-LeaderElection13] INFO  server.RaftServer$Division (ServerState.java:setRaftConf(430)) - c4e89383-110e-4923-8697-fad4fff4e184@group-F98A64716723: set configuration 0: peers:[8a432d69-9095-4d8b-a714-320becebd573|rpc:10.1.0.41:43533|dataStream:10.1.0.41:42805|priority:0|startupRole:FOLLOWER, 77c004ef-6c20-479a-84fb-1570edc7ba10|rpc:10.1.0.41:43577|dataStream:10.1.0.41:38139|priority:0|startupRole:FOLLOWER, c4e89383-110e-4923-8697-fad4fff4e184|rpc:10.1.0.41:41947|dataStream:10.1.0.41:45915|priority:1|startupRole:FOLLOWER]|listeners:[], old=null
2023-03-16 20:05:43,350 [c4e89383-110e-4923-8697-fad4fff4e184@group-F98A64716723-SegmentedRaftLogWorker] INFO  segmented.SegmentedRaftLogWorker (SegmentedRaftLogWorker.java:execute(656)) - c4e89383-110e-4923-8697-fad4fff4e184@group-F98A64716723-SegmentedRaftLogWorker: created new log segment /home/runner/work/ozone/ozone/hadoop-ozone/integration-test/target/test-dir/MiniOzoneClusterImpl-c7341fe8-f2e3-4722-9e04-a1c7dbed4fc1/datanode-1/data/ratis/9fd25088-a601-45c0-9c9f-f98a64716723/current/log_inprogress_0
2023-03-16 20:05:43,367 [8a432d69-9095-4d8b-a714-320becebd573-server-thread1] INFO  ratis.XceiverServerRatis (XceiverServerRatis.java:handleLeaderChangedNotification(905)) - Leader change notification received for group: group-F98A64716723 with new leaderId: c4e89383-110e-4923-8697-fad4fff4e184
2023-03-16 20:05:43,367 [8a432d69-9095-4d8b-a714-320becebd573-server-thread1] INFO  server.RaftServer$Division (ServerState.java:setLeader(313)) - 8a432d69-9095-4d8b-a714-320becebd573@group-F98A64716723: change Leader from null to c4e89383-110e-4923-8697-fad4fff4e184 at term 1 for appendEntries, leader elected after 5151ms
2023-03-16 20:05:43,369 [c4e89383-110e-4923-8697-fad4fff4e184@group-7C553043777A-LeaderElection15] INFO  impl.LeaderElection (LeaderElection.java:askForVotes(312)) - c4e89383-110e-4923-8697-fad4fff4e184@group-7C553043777A-LeaderElection15 PRE_VOTE round 0: submit vote requests at term 0 for -1: peers:[c4e89383-110e-4923-8697-fad4fff4e184|rpc:10.1.0.41:41947|dataStream:10.1.0.41:45915|priority:1|startupRole:FOLLOWER]|listeners:[], old=null
2023-03-16 20:05:43,369 [c4e89383-110e-4923-8697-fad4fff4e184@group-7C553043777A-LeaderElection15] INFO  impl.LeaderElection (LeaderElection.java:askForVotes(314)) - c4e89383-110e-4923-8697-fad4fff4e184@group-7C553043777A-LeaderElection15 PRE_VOTE round 0: result PASSED (term=0)
2023-03-16 20:05:43,370 [77c004ef-6c20-479a-84fb-1570edc7ba10-server-thread2] INFO  ratis.XceiverServerRatis (XceiverServerRatis.java:handleLeaderChangedNotification(905)) - Leader change notification received for group: group-CC084F38A809 with new leaderId: 8a432d69-9095-4d8b-a714-320becebd573
2023-03-16 20:05:43,370 [77c004ef-6c20-479a-84fb-1570edc7ba10-server-thread2] INFO  server.RaftServer$Division (ServerState.java:setLeader(313)) - 77c004ef-6c20-479a-84fb-1570edc7ba10@group-CC084F38A809: change Leader from null to 8a432d69-9095-4d8b-a714-320becebd573 at term 1 for appendEntries, leader elected after 5963ms
2023-03-16 20:05:43,370 [8a432d69-9095-4d8b-a714-320becebd573-server-thread1] INFO  server.RaftServer$Division (ServerState.java:setRaftConf(430)) - 8a432d69-9095-4d8b-a714-320becebd573@group-F98A64716723: set configuration 0: peers:[8a432d69-9095-4d8b-a714-320becebd573|rpc:10.1.0.41:43533|dataStream:10.1.0.41:42805|priority:0|startupRole:FOLLOWER, 77c004ef-6c20-479a-84fb-1570edc7ba10|rpc:10.1.0.41:43577|dataStream:10.1.0.41:38139|priority:0|startupRole:FOLLOWER, c4e89383-110e-4923-8697-fad4fff4e184|rpc:10.1.0.41:41947|dataStream:10.1.0.41:45915|priority:1|startupRole:FOLLOWER]|listeners:[], old=null
2023-03-16 20:05:43,371 [c4e89383-110e-4923-8697-fad4fff4e184@group-7C553043777A-LeaderElection15] INFO  impl.LeaderElection (LeaderElection.java:askForVotes(312)) - c4e89383-110e-4923-8697-fad4fff4e184@group-7C553043777A-LeaderElection15 ELECTION round 0: submit vote requests at term 1 for -1: peers:[c4e89383-110e-4923-8697-fad4fff4e184|rpc:10.1.0.41:41947|dataStream:10.1.0.41:45915|priority:1|startupRole:FOLLOWER]|listeners:[], old=null
2023-03-16 20:05:43,371 [c4e89383-110e-4923-8697-fad4fff4e184@group-7C553043777A-LeaderElection15] INFO  impl.LeaderElection (LeaderElection.java:askForVotes(314)) - c4e89383-110e-4923-8697-fad4fff4e184@group-7C553043777A-LeaderElection15 ELECTION round 0: result PASSED (term=1)
2023-03-16 20:05:43,371 [c4e89383-110e-4923-8697-fad4fff4e184@group-7C553043777A-LeaderElection15] INFO  impl.RoleInfo (RoleInfo.java:shutdownLeaderElection(130)) - c4e89383-110e-4923-8697-fad4fff4e184: shutdown c4e89383-110e-4923-8697-fad4fff4e184@group-7C553043777A-LeaderElection15
2023-03-16 20:05:43,371 [c4e89383-110e-4923-8697-fad4fff4e184@group-7C553043777A-LeaderElection15] INFO  server.RaftServer$Division (RaftServerImpl.java:setRole(321)) - c4e89383-110e-4923-8697-fad4fff4e184@group-7C553043777A: changes role from CANDIDATE to LEADER at term 1 for changeToLeader
2023-03-16 20:05:43,371 [c4e89383-110e-4923-8697-fad4fff4e184@group-7C553043777A-LeaderElection15] INFO  ratis.XceiverServerRatis (XceiverServerRatis.java:handleLeaderChangedNotification(905)) - Leader change notification received for group: group-7C553043777A with new leaderId: c4e89383-110e-4923-8697-fad4fff4e184
2023-03-16 20:05:43,371 [c4e89383-110e-4923-8697-fad4fff4e184@group-7C553043777A-LeaderElection15] INFO  server.RaftServer$Division (ServerState.java:setLeader(313)) - c4e89383-110e-4923-8697-fad4fff4e184@group-7C553043777A: change Leader from null to c4e89383-110e-4923-8697-fad4fff4e184 at term 1 for becomeLeader, leader elected after 5266ms
2023-03-16 20:05:43,371 [8a432d69-9095-4d8b-a714-320becebd573-server-thread1] INFO  segmented.SegmentedRaftLogWorker (SegmentedRaftLogWorker.java:startLogSegment(452)) - 8a432d69-9095-4d8b-a714-320becebd573@group-F98A64716723-SegmentedRaftLogWorker: Starting segment from index:0
2023-03-16 20:05:43,371 [c4e89383-110e-4923-8697-fad4fff4e184@group-7C553043777A-LeaderElection15] INFO  server.RaftServerConfigKeys (ConfUtils.java:logGet(46)) - raft.server.staging.catchup.gap = 1000 (default)
2023-03-16 20:05:43,373 [c4e89383-110e-4923-8697-fad4fff4e184@group-7C553043777A-LeaderElection15] INFO  server.RaftServerConfigKeys (ConfUtils.java:logGet(46)) - raft.server.write.element-limit = 1024 (custom)
2023-03-16 20:05:43,373 [c4e89383-110e-4923-8697-fad4fff4e184@group-7C553043777A-LeaderElection15] INFO  server.RaftServerConfigKeys (ConfUtils.java:logGet(46)) - raft.server.write.byte-limit = 1024 M (=1073741824) (custom)
2023-03-16 20:05:43,373 [c4e89383-110e-4923-8697-fad4fff4e184@group-7C553043777A-LeaderElection15] INFO  server.RaftServerConfigKeys (ConfUtils.java:logGet(46)) - raft.server.watch.timeout = 180s (custom)
2023-03-16 20:05:43,374 [c4e89383-110e-4923-8697-fad4fff4e184@group-7C553043777A-LeaderElection15] INFO  server.RaftServerConfigKeys (ConfUtils.java:logGet(46)) - raft.server.watch.timeout.denomination = 1s (default)
2023-03-16 20:05:43,374 [c4e89383-110e-4923-8697-fad4fff4e184@group-7C553043777A-LeaderElection15] INFO  server.RaftServerConfigKeys (ConfUtils.java:logGet(46)) - raft.server.watch.element-limit = 65536 (default)
2023-03-16 20:05:43,374 [c4e89383-110e-4923-8697-fad4fff4e184@group-7C553043777A-LeaderElection15] INFO  server.RaftServerConfigKeys (ConfUtils.java:logGet(46)) - raft.server.write.element-limit = 1024 (custom)
2023-03-16 20:05:43,376 [c4e89383-110e-4923-8697-fad4fff4e184@group-7C553043777A-LeaderElection15] INFO  server.RaftServerConfigKeys (ConfUtils.java:logGet(46)) - raft.server.write.follower.gap.ratio.max = -1.0 (default)
2023-03-16 20:05:43,376 [c4e89383-110e-4923-8697-fad4fff4e184@group-7C553043777A-LeaderElection15] INFO  impl.RoleInfo (RoleInfo.java:updateAndGet(139)) - c4e89383-110e-4923-8697-fad4fff4e184: start c4e89383-110e-4923-8697-fad4fff4e184@group-7C553043777A-LeaderStateImpl
2023-03-16 20:05:43,376 [c4e89383-110e-4923-8697-fad4fff4e184@group-7C553043777A-LeaderElection15] INFO  segmented.SegmentedRaftLogWorker (SegmentedRaftLogWorker.java:startLogSegment(452)) - c4e89383-110e-4923-8697-fad4fff4e184@group-7C553043777A-SegmentedRaftLogWorker: Starting segment from index:0
2023-03-16 20:05:43,375 [8a432d69-9095-4d8b-a714-320becebd573@group-F98A64716723-SegmentedRaftLogWorker] INFO  segmented.SegmentedRaftLogWorker (SegmentedRaftLogWorker.java:execute(656)) - 8a432d69-9095-4d8b-a714-320becebd573@group-F98A64716723-SegmentedRaftLogWorker: created new log segment /home/runner/work/ozone/ozone/hadoop-ozone/integration-test/target/test-dir/MiniOzoneClusterImpl-c7341fe8-f2e3-4722-9e04-a1c7dbed4fc1/datanode-2/data/ratis/9fd25088-a601-45c0-9c9f-f98a64716723/current/log_inprogress_0
2023-03-16 20:05:43,381 [c4e89383-110e-4923-8697-fad4fff4e184-server-thread1] INFO  ratis.XceiverServerRatis (XceiverServerRatis.java:handleLeaderChangedNotification(905)) - Leader change notification received for group: group-CC084F38A809 with new leaderId: 8a432d69-9095-4d8b-a714-320becebd573
2023-03-16 20:05:43,381 [c4e89383-110e-4923-8697-fad4fff4e184-server-thread1] INFO  server.RaftServer$Division (ServerState.java:setLeader(313)) - c4e89383-110e-4923-8697-fad4fff4e184@group-CC084F38A809: change Leader from null to 8a432d69-9095-4d8b-a714-320becebd573 at term 1 for appendEntries, leader elected after 5912ms
2023-03-16 20:05:43,386 [77c004ef-6c20-479a-84fb-1570edc7ba10-server-thread1] INFO  server.RaftServer$Division (ServerState.java:setRaftConf(430)) - 77c004ef-6c20-479a-84fb-1570edc7ba10@group-CC084F38A809: set configuration 0: peers:[8a432d69-9095-4d8b-a714-320becebd573|rpc:10.1.0.41:43533|dataStream:10.1.0.41:42805|priority:1|startupRole:FOLLOWER, 77c004ef-6c20-479a-84fb-1570edc7ba10|rpc:10.1.0.41:43577|dataStream:10.1.0.41:38139|priority:0|startupRole:FOLLOWER, c4e89383-110e-4923-8697-fad4fff4e184|rpc:10.1.0.41:41947|dataStream:10.1.0.41:45915|priority:0|startupRole:FOLLOWER]|listeners:[], old=null
2023-03-16 20:05:43,386 [77c004ef-6c20-479a-84fb-1570edc7ba10-server-thread1] INFO  segmented.SegmentedRaftLogWorker (SegmentedRaftLogWorker.java:startLogSegment(452)) - 77c004ef-6c20-479a-84fb-1570edc7ba10@group-CC084F38A809-SegmentedRaftLogWorker: Starting segment from index:0
2023-03-16 20:05:43,388 [8a432d69-9095-4d8b-a714-320becebd573@group-F7073A844C74-FollowerState] INFO  impl.FollowerState (FollowerState.java:run(143)) - 8a432d69-9095-4d8b-a714-320becebd573@group-F7073A844C74-FollowerState: change to CANDIDATE, lastRpcElapsedTime:5071306785ns, electionTimeout:5065ms
2023-03-16 20:05:43,388 [8a432d69-9095-4d8b-a714-320becebd573@group-F7073A844C74-FollowerState] INFO  impl.RoleInfo (RoleInfo.java:shutdownFollowerState(110)) - 8a432d69-9095-4d8b-a714-320becebd573: shutdown 8a432d69-9095-4d8b-a714-320becebd573@group-F7073A844C74-FollowerState
2023-03-16 20:05:43,388 [8a432d69-9095-4d8b-a714-320becebd573@group-F7073A844C74-FollowerState] INFO  server.RaftServer$Division (RaftServerImpl.java:setRole(321)) - 8a432d69-9095-4d8b-a714-320becebd573@group-F7073A844C74: changes role from  FOLLOWER to CANDIDATE at term 0 for changeToCandidate
2023-03-16 20:05:43,388 [c4e89383-110e-4923-8697-fad4fff4e184-server-thread1] INFO  server.RaftServer$Division (ServerState.java:setRaftConf(430)) - c4e89383-110e-4923-8697-fad4fff4e184@group-CC084F38A809: set configuration 0: peers:[8a432d69-9095-4d8b-a714-320becebd573|rpc:10.1.0.41:43533|dataStream:10.1.0.41:42805|priority:1|startupRole:FOLLOWER, 77c004ef-6c20-479a-84fb-1570edc7ba10|rpc:10.1.0.41:43577|dataStream:10.1.0.41:38139|priority:0|startupRole:FOLLOWER, c4e89383-110e-4923-8697-fad4fff4e184|rpc:10.1.0.41:41947|dataStream:10.1.0.41:45915|priority:0|startupRole:FOLLOWER]|listeners:[], old=null
2023-03-16 20:05:43,389 [c4e89383-110e-4923-8697-fad4fff4e184-server-thread1] INFO  segmented.SegmentedRaftLogWorker (SegmentedRaftLogWorker.java:startLogSegment(452)) - c4e89383-110e-4923-8697-fad4fff4e184@group-CC084F38A809-SegmentedRaftLogWorker: Starting segment from index:0
2023-03-16 20:05:43,389 [c4e89383-110e-4923-8697-fad4fff4e184@group-7C553043777A-SegmentedRaftLogWorker] INFO  segmented.SegmentedRaftLogWorker (SegmentedRaftLogWorker.java:execute(656)) - c4e89383-110e-4923-8697-fad4fff4e184@group-7C553043777A-SegmentedRaftLogWorker: created new log segment /home/runner/work/ozone/ozone/hadoop-ozone/integration-test/target/test-dir/MiniOzoneClusterImpl-c7341fe8-f2e3-4722-9e04-a1c7dbed4fc1/datanode-1/data/ratis/f9382a30-f74b-439f-b821-7c553043777a/current/log_inprogress_0
2023-03-16 20:05:43,390 [77c004ef-6c20-479a-84fb-1570edc7ba10@group-CC084F38A809-SegmentedRaftLogWorker] INFO  segmented.SegmentedRaftLogWorker (SegmentedRaftLogWorker.java:execute(656)) - 77c004ef-6c20-479a-84fb-1570edc7ba10@group-CC084F38A809-SegmentedRaftLogWorker: created new log segment /home/runner/work/ozone/ozone/hadoop-ozone/integration-test/target/test-dir/MiniOzoneClusterImpl-c7341fe8-f2e3-4722-9e04-a1c7dbed4fc1/datanode-0/data/ratis/df927098-acc7-49b5-b355-cc084f38a809/current/log_inprogress_0
2023-03-16 20:05:43,391 [8a432d69-9095-4d8b-a714-320becebd573@group-F7073A844C74-FollowerState] INFO  server.RaftServerConfigKeys (ConfUtils.java:logGet(46)) - raft.server.leaderelection.pre-vote = true (default)
2023-03-16 20:05:43,394 [77c004ef-6c20-479a-84fb-1570edc7ba10-server-thread2] INFO  ratis.XceiverServerRatis (XceiverServerRatis.java:handleLeaderChangedNotification(905)) - Leader change notification received for group: group-F98A64716723 with new leaderId: c4e89383-110e-4923-8697-fad4fff4e184
2023-03-16 20:05:43,394 [77c004ef-6c20-479a-84fb-1570edc7ba10-server-thread2] INFO  server.RaftServer$Division (ServerState.java:setLeader(313)) - 77c004ef-6c20-479a-84fb-1570edc7ba10@group-F98A64716723: change Leader from null to c4e89383-110e-4923-8697-fad4fff4e184 at term 1 for appendEntries, leader elected after 5227ms
2023-03-16 20:05:43,399 [8a432d69-9095-4d8b-a714-320becebd573@group-F7073A844C74-FollowerState] INFO  impl.RoleInfo (RoleInfo.java:updateAndGet(139)) - 8a432d69-9095-4d8b-a714-320becebd573: start 8a432d69-9095-4d8b-a714-320becebd573@group-F7073A844C74-LeaderElection16
2023-03-16 20:05:43,400 [c4e89383-110e-4923-8697-fad4fff4e184@group-7C553043777A-LeaderElection15] INFO  server.RaftServer$Division (ServerState.java:setRaftConf(430)) - c4e89383-110e-4923-8697-fad4fff4e184@group-7C553043777A: set configuration 0: peers:[c4e89383-110e-4923-8697-fad4fff4e184|rpc:10.1.0.41:41947|dataStream:10.1.0.41:45915|priority:1|startupRole:FOLLOWER]|listeners:[], old=null
2023-03-16 20:05:43,401 [c4e89383-110e-4923-8697-fad4fff4e184@group-CC084F38A809-SegmentedRaftLogWorker] INFO  segmented.SegmentedRaftLogWorker (SegmentedRaftLogWorker.java:execute(656)) - c4e89383-110e-4923-8697-fad4fff4e184@group-CC084F38A809-SegmentedRaftLogWorker: created new log segment /home/runner/work/ozone/ozone/hadoop-ozone/integration-test/target/test-dir/MiniOzoneClusterImpl-c7341fe8-f2e3-4722-9e04-a1c7dbed4fc1/datanode-1/data/ratis/df927098-acc7-49b5-b355-cc084f38a809/current/log_inprogress_0
2023-03-16 20:05:43,409 [77c004ef-6c20-479a-84fb-1570edc7ba10-server-thread1] INFO  server.RaftServer$Division (ServerState.java:setRaftConf(430)) - 77c004ef-6c20-479a-84fb-1570edc7ba10@group-F98A64716723: set configuration 0: peers:[8a432d69-9095-4d8b-a714-320becebd573|rpc:10.1.0.41:43533|dataStream:10.1.0.41:42805|priority:0|startupRole:FOLLOWER, 77c004ef-6c20-479a-84fb-1570edc7ba10|rpc:10.1.0.41:43577|dataStream:10.1.0.41:38139|priority:0|startupRole:FOLLOWER, c4e89383-110e-4923-8697-fad4fff4e184|rpc:10.1.0.41:41947|dataStream:10.1.0.41:45915|priority:1|startupRole:FOLLOWER]|listeners:[], old=null
2023-03-16 20:05:43,413 [77c004ef-6c20-479a-84fb-1570edc7ba10-server-thread1] INFO  segmented.SegmentedRaftLogWorker (SegmentedRaftLogWorker.java:startLogSegment(452)) - 77c004ef-6c20-479a-84fb-1570edc7ba10@group-F98A64716723-SegmentedRaftLogWorker: Starting segment from index:0
2023-03-16 20:05:43,415 [8a432d69-9095-4d8b-a714-320becebd573@group-F7073A844C74-LeaderElection16] INFO  impl.LeaderElection (LeaderElection.java:askForVotes(312)) - 8a432d69-9095-4d8b-a714-320becebd573@group-F7073A844C74-LeaderElection16 PRE_VOTE round 0: submit vote requests at term 0 for -1: peers:[8a432d69-9095-4d8b-a714-320becebd573|rpc:10.1.0.41:43533|dataStream:10.1.0.41:42805|priority:1|startupRole:FOLLOWER]|listeners:[], old=null
2023-03-16 20:05:43,415 [8a432d69-9095-4d8b-a714-320becebd573@group-F7073A844C74-LeaderElection16] INFO  impl.LeaderElection (LeaderElection.java:askForVotes(314)) - 8a432d69-9095-4d8b-a714-320becebd573@group-F7073A844C74-LeaderElection16 PRE_VOTE round 0: result PASSED (term=0)
2023-03-16 20:05:43,417 [77c004ef-6c20-479a-84fb-1570edc7ba10@group-F98A64716723-SegmentedRaftLogWorker] INFO  segmented.SegmentedRaftLogWorker (SegmentedRaftLogWorker.java:execute(656)) - 77c004ef-6c20-479a-84fb-1570edc7ba10@group-F98A64716723-SegmentedRaftLogWorker: created new log segment /home/runner/work/ozone/ozone/hadoop-ozone/integration-test/target/test-dir/MiniOzoneClusterImpl-c7341fe8-f2e3-4722-9e04-a1c7dbed4fc1/datanode-0/data/ratis/9fd25088-a601-45c0-9c9f-f98a64716723/current/log_inprogress_0
2023-03-16 20:05:43,418 [8a432d69-9095-4d8b-a714-320becebd573@group-F7073A844C74-LeaderElection16] INFO  impl.LeaderElection (LeaderElection.java:askForVotes(312)) - 8a432d69-9095-4d8b-a714-320becebd573@group-F7073A844C74-LeaderElection16 ELECTION round 0: submit vote requests at term 1 for -1: peers:[8a432d69-9095-4d8b-a714-320becebd573|rpc:10.1.0.41:43533|dataStream:10.1.0.41:42805|priority:1|startupRole:FOLLOWER]|listeners:[], old=null
2023-03-16 20:05:43,418 [8a432d69-9095-4d8b-a714-320becebd573@group-F7073A844C74-LeaderElection16] INFO  impl.LeaderElection (LeaderElection.java:askForVotes(314)) - 8a432d69-9095-4d8b-a714-320becebd573@group-F7073A844C74-LeaderElection16 ELECTION round 0: result PASSED (term=1)
2023-03-16 20:05:43,418 [8a432d69-9095-4d8b-a714-320becebd573@group-F7073A844C74-LeaderElection16] INFO  impl.RoleInfo (RoleInfo.java:shutdownLeaderElection(130)) - 8a432d69-9095-4d8b-a714-320becebd573: shutdown 8a432d69-9095-4d8b-a714-320becebd573@group-F7073A844C74-LeaderElection16
2023-03-16 20:05:43,418 [8a432d69-9095-4d8b-a714-320becebd573@group-F7073A844C74-LeaderElection16] INFO  server.RaftServer$Division (RaftServerImpl.java:setRole(321)) - 8a432d69-9095-4d8b-a714-320becebd573@group-F7073A844C74: changes role from CANDIDATE to LEADER at term 1 for changeToLeader
2023-03-16 20:05:43,418 [8a432d69-9095-4d8b-a714-320becebd573@group-F7073A844C74-LeaderElection16] INFO  ratis.XceiverServerRatis (XceiverServerRatis.java:handleLeaderChangedNotification(905)) - Leader change notification received for group: group-F7073A844C74 with new leaderId: 8a432d69-9095-4d8b-a714-320becebd573
2023-03-16 20:05:43,421 [8a432d69-9095-4d8b-a714-320becebd573@group-F7073A844C74-LeaderElection16] INFO  server.RaftServer$Division (ServerState.java:setLeader(313)) - 8a432d69-9095-4d8b-a714-320becebd573@group-F7073A844C74: change Leader from null to 8a432d69-9095-4d8b-a714-320becebd573 at term 1 for becomeLeader, leader elected after 5141ms
2023-03-16 20:05:43,421 [8a432d69-9095-4d8b-a714-320becebd573@group-F7073A844C74-LeaderElection16] INFO  server.RaftServerConfigKeys (ConfUtils.java:logGet(46)) - raft.server.staging.catchup.gap = 1000 (default)
2023-03-16 20:05:43,421 [8a432d69-9095-4d8b-a714-320becebd573@group-F7073A844C74-LeaderElection16] INFO  server.RaftServerConfigKeys (ConfUtils.java:logGet(46)) - raft.server.write.element-limit = 1024 (custom)
2023-03-16 20:05:43,421 [8a432d69-9095-4d8b-a714-320becebd573@group-F7073A844C74-LeaderElection16] INFO  server.RaftServerConfigKeys (ConfUtils.java:logGet(46)) - raft.server.write.byte-limit = 1024 M (=1073741824) (custom)
2023-03-16 20:05:43,422 [8a432d69-9095-4d8b-a714-320becebd573@group-F7073A844C74-LeaderElection16] INFO  server.RaftServerConfigKeys (ConfUtils.java:logGet(46)) - raft.server.watch.timeout = 180s (custom)
2023-03-16 20:05:43,422 [8a432d69-9095-4d8b-a714-320becebd573@group-F7073A844C74-LeaderElection16] INFO  server.RaftServerConfigKeys (ConfUtils.java:logGet(46)) - raft.server.watch.timeout.denomination = 1s (default)
2023-03-16 20:05:43,423 [8a432d69-9095-4d8b-a714-320becebd573@group-F7073A844C74-LeaderElection16] INFO  server.RaftServerConfigKeys (ConfUtils.java:logGet(46)) - raft.server.watch.element-limit = 65536 (default)
2023-03-16 20:05:43,423 [8a432d69-9095-4d8b-a714-320becebd573@group-F7073A844C74-LeaderElection16] INFO  server.RaftServerConfigKeys (ConfUtils.java:logGet(46)) - raft.server.write.element-limit = 1024 (custom)
2023-03-16 20:05:43,423 [8a432d69-9095-4d8b-a714-320becebd573@group-F7073A844C74-LeaderElection16] INFO  server.RaftServerConfigKeys (ConfUtils.java:logGet(46)) - raft.server.write.follower.gap.ratio.max = -1.0 (default)
2023-03-16 20:05:43,423 [8a432d69-9095-4d8b-a714-320becebd573@group-F7073A844C74-LeaderElection16] INFO  impl.RoleInfo (RoleInfo.java:updateAndGet(139)) - 8a432d69-9095-4d8b-a714-320becebd573: start 8a432d69-9095-4d8b-a714-320becebd573@group-F7073A844C74-LeaderStateImpl
2023-03-16 20:05:43,423 [8a432d69-9095-4d8b-a714-320becebd573@group-F7073A844C74-LeaderElection16] INFO  segmented.SegmentedRaftLogWorker (SegmentedRaftLogWorker.java:startLogSegment(452)) - 8a432d69-9095-4d8b-a714-320becebd573@group-F7073A844C74-SegmentedRaftLogWorker: Starting segment from index:0
2023-03-16 20:05:43,425 [8a432d69-9095-4d8b-a714-320becebd573@group-F7073A844C74-SegmentedRaftLogWorker] INFO  segmented.SegmentedRaftLogWorker (SegmentedRaftLogWorker.java:execute(656)) - 8a432d69-9095-4d8b-a714-320becebd573@group-F7073A844C74-SegmentedRaftLogWorker: created new log segment /home/runner/work/ozone/ozone/hadoop-ozone/integration-test/target/test-dir/MiniOzoneClusterImpl-c7341fe8-f2e3-4722-9e04-a1c7dbed4fc1/datanode-2/data/ratis/6be96b37-a2d9-47bc-a879-f7073a844c74/current/log_inprogress_0
2023-03-16 20:05:43,429 [8a432d69-9095-4d8b-a714-320becebd573@group-F7073A844C74-LeaderElection16] INFO  server.RaftServer$Division (ServerState.java:setRaftConf(430)) - 8a432d69-9095-4d8b-a714-320becebd573@group-F7073A844C74: set configuration 0: peers:[8a432d69-9095-4d8b-a714-320becebd573|rpc:10.1.0.41:43533|dataStream:10.1.0.41:42805|priority:1|startupRole:FOLLOWER]|listeners:[], old=null
2023-03-16 20:05:43,931 [b8c04efc-d1c9-41eb-be33-8d90dc945da6@group-9E2D28238F67-FollowerState] INFO  impl.FollowerState (FollowerState.java:run(143)) - b8c04efc-d1c9-41eb-be33-8d90dc945da6@group-9E2D28238F67-FollowerState: change to CANDIDATE, lastRpcElapsedTime:5135480006ns, electionTimeout:5130ms
2023-03-16 20:05:43,932 [b8c04efc-d1c9-41eb-be33-8d90dc945da6@group-9E2D28238F67-FollowerState] INFO  impl.RoleInfo (RoleInfo.java:shutdownFollowerState(110)) - b8c04efc-d1c9-41eb-be33-8d90dc945da6: shutdown b8c04efc-d1c9-41eb-be33-8d90dc945da6@group-9E2D28238F67-FollowerState
2023-03-16 20:05:43,932 [b8c04efc-d1c9-41eb-be33-8d90dc945da6@group-9E2D28238F67-FollowerState] INFO  server.RaftServer$Division (RaftServerImpl.java:setRole(321)) - b8c04efc-d1c9-41eb-be33-8d90dc945da6@group-9E2D28238F67: changes role from  FOLLOWER to CANDIDATE at term 0 for changeToCandidate
2023-03-16 20:05:43,932 [b8c04efc-d1c9-41eb-be33-8d90dc945da6@group-9E2D28238F67-FollowerState] INFO  server.RaftServerConfigKeys (ConfUtils.java:logGet(46)) - raft.server.leaderelection.pre-vote = true (default)
2023-03-16 20:05:43,932 [b8c04efc-d1c9-41eb-be33-8d90dc945da6@group-9E2D28238F67-FollowerState] INFO  impl.RoleInfo (RoleInfo.java:updateAndGet(139)) - b8c04efc-d1c9-41eb-be33-8d90dc945da6: start b8c04efc-d1c9-41eb-be33-8d90dc945da6@group-9E2D28238F67-LeaderElection17
2023-03-16 20:05:43,934 [b8c04efc-d1c9-41eb-be33-8d90dc945da6@group-9E2D28238F67-LeaderElection17] INFO  impl.LeaderElection (LeaderElection.java:askForVotes(312)) - b8c04efc-d1c9-41eb-be33-8d90dc945da6@group-9E2D28238F67-LeaderElection17 PRE_VOTE round 0: submit vote requests at term 0 for -1: peers:[b8c04efc-d1c9-41eb-be33-8d90dc945da6|rpc:10.1.0.41:45279|dataStream:10.1.0.41:41783|priority:1|startupRole:FOLLOWER]|listeners:[], old=null
2023-03-16 20:05:43,934 [b8c04efc-d1c9-41eb-be33-8d90dc945da6@group-9E2D28238F67-LeaderElection17] INFO  impl.LeaderElection (LeaderElection.java:askForVotes(314)) - b8c04efc-d1c9-41eb-be33-8d90dc945da6@group-9E2D28238F67-LeaderElection17 PRE_VOTE round 0: result PASSED (term=0)
2023-03-16 20:05:43,936 [b8c04efc-d1c9-41eb-be33-8d90dc945da6@group-9E2D28238F67-LeaderElection17] INFO  impl.LeaderElection (LeaderElection.java:askForVotes(312)) - b8c04efc-d1c9-41eb-be33-8d90dc945da6@group-9E2D28238F67-LeaderElection17 ELECTION round 0: submit vote requests at term 1 for -1: peers:[b8c04efc-d1c9-41eb-be33-8d90dc945da6|rpc:10.1.0.41:45279|dataStream:10.1.0.41:41783|priority:1|startupRole:FOLLOWER]|listeners:[], old=null
2023-03-16 20:05:43,936 [b8c04efc-d1c9-41eb-be33-8d90dc945da6@group-9E2D28238F67-LeaderElection17] INFO  impl.LeaderElection (LeaderElection.java:askForVotes(314)) - b8c04efc-d1c9-41eb-be33-8d90dc945da6@group-9E2D28238F67-LeaderElection17 ELECTION round 0: result PASSED (term=1)
2023-03-16 20:05:43,936 [b8c04efc-d1c9-41eb-be33-8d90dc945da6@group-9E2D28238F67-LeaderElection17] INFO  impl.RoleInfo (RoleInfo.java:shutdownLeaderElection(130)) - b8c04efc-d1c9-41eb-be33-8d90dc945da6: shutdown b8c04efc-d1c9-41eb-be33-8d90dc945da6@group-9E2D28238F67-LeaderElection17
2023-03-16 20:05:43,936 [b8c04efc-d1c9-41eb-be33-8d90dc945da6@group-9E2D28238F67-LeaderElection17] INFO  server.RaftServer$Division (RaftServerImpl.java:setRole(321)) - b8c04efc-d1c9-41eb-be33-8d90dc945da6@group-9E2D28238F67: changes role from CANDIDATE to LEADER at term 1 for changeToLeader
2023-03-16 20:05:43,936 [b8c04efc-d1c9-41eb-be33-8d90dc945da6@group-9E2D28238F67-LeaderElection17] INFO  ratis.XceiverServerRatis (XceiverServerRatis.java:handleLeaderChangedNotification(905)) - Leader change notification received for group: group-9E2D28238F67 with new leaderId: b8c04efc-d1c9-41eb-be33-8d90dc945da6
2023-03-16 20:05:43,937 [b8c04efc-d1c9-41eb-be33-8d90dc945da6@group-9E2D28238F67-LeaderElection17] INFO  server.RaftServer$Division (ServerState.java:setLeader(313)) - b8c04efc-d1c9-41eb-be33-8d90dc945da6@group-9E2D28238F67: change Leader from null to b8c04efc-d1c9-41eb-be33-8d90dc945da6 at term 1 for becomeLeader, leader elected after 5185ms
2023-03-16 20:05:43,937 [b8c04efc-d1c9-41eb-be33-8d90dc945da6@group-9E2D28238F67-LeaderElection17] INFO  server.RaftServerConfigKeys (ConfUtils.java:logGet(46)) - raft.server.staging.catchup.gap = 1000 (default)
2023-03-16 20:05:43,937 [b8c04efc-d1c9-41eb-be33-8d90dc945da6@group-9E2D28238F67-LeaderElection17] INFO  server.RaftServerConfigKeys (ConfUtils.java:logGet(46)) - raft.server.write.element-limit = 1024 (custom)
2023-03-16 20:05:43,937 [b8c04efc-d1c9-41eb-be33-8d90dc945da6@group-9E2D28238F67-LeaderElection17] INFO  server.RaftServerConfigKeys (ConfUtils.java:logGet(46)) - raft.server.write.byte-limit = 1024 M (=1073741824) (custom)
2023-03-16 20:05:43,939 [b8c04efc-d1c9-41eb-be33-8d90dc945da6@group-9E2D28238F67-LeaderElection17] INFO  server.RaftServerConfigKeys (ConfUtils.java:logGet(46)) - raft.server.watch.timeout = 180s (custom)
2023-03-16 20:05:43,939 [b8c04efc-d1c9-41eb-be33-8d90dc945da6@group-9E2D28238F67-LeaderElection17] INFO  server.RaftServerConfigKeys (ConfUtils.java:logGet(46)) - raft.server.watch.timeout.denomination = 1s (default)
2023-03-16 20:05:43,939 [b8c04efc-d1c9-41eb-be33-8d90dc945da6@group-9E2D28238F67-LeaderElection17] INFO  server.RaftServerConfigKeys (ConfUtils.java:logGet(46)) - raft.server.watch.element-limit = 65536 (default)
2023-03-16 20:05:43,939 [b8c04efc-d1c9-41eb-be33-8d90dc945da6@group-9E2D28238F67-LeaderElection17] INFO  server.RaftServerConfigKeys (ConfUtils.java:logGet(46)) - raft.server.write.element-limit = 1024 (custom)
2023-03-16 20:05:43,939 [b8c04efc-d1c9-41eb-be33-8d90dc945da6@group-9E2D28238F67-LeaderElection17] INFO  server.RaftServerConfigKeys (ConfUtils.java:logGet(46)) - raft.server.write.follower.gap.ratio.max = -1.0 (default)
2023-03-16 20:05:43,940 [b8c04efc-d1c9-41eb-be33-8d90dc945da6@group-9E2D28238F67-LeaderElection17] INFO  impl.RoleInfo (RoleInfo.java:updateAndGet(139)) - b8c04efc-d1c9-41eb-be33-8d90dc945da6: start b8c04efc-d1c9-41eb-be33-8d90dc945da6@group-9E2D28238F67-LeaderStateImpl
2023-03-16 20:05:43,940 [b8c04efc-d1c9-41eb-be33-8d90dc945da6@group-9E2D28238F67-LeaderElection17] INFO  segmented.SegmentedRaftLogWorker (SegmentedRaftLogWorker.java:startLogSegment(452)) - b8c04efc-d1c9-41eb-be33-8d90dc945da6@group-9E2D28238F67-SegmentedRaftLogWorker: Starting segment from index:0
2023-03-16 20:05:43,941 [b8c04efc-d1c9-41eb-be33-8d90dc945da6@group-9E2D28238F67-LeaderElection17] INFO  server.RaftServer$Division (ServerState.java:setRaftConf(430)) - b8c04efc-d1c9-41eb-be33-8d90dc945da6@group-9E2D28238F67: set configuration 0: peers:[b8c04efc-d1c9-41eb-be33-8d90dc945da6|rpc:10.1.0.41:45279|dataStream:10.1.0.41:41783|priority:1|startupRole:FOLLOWER]|listeners:[], old=null
2023-03-16 20:05:43,942 [b8c04efc-d1c9-41eb-be33-8d90dc945da6@group-9E2D28238F67-SegmentedRaftLogWorker] INFO  segmented.SegmentedRaftLogWorker (SegmentedRaftLogWorker.java:execute(656)) - b8c04efc-d1c9-41eb-be33-8d90dc945da6@group-9E2D28238F67-SegmentedRaftLogWorker: created new log segment /home/runner/work/ozone/ozone/hadoop-ozone/integration-test/target/test-dir/MiniOzoneClusterImpl-c7341fe8-f2e3-4722-9e04-a1c7dbed4fc1/datanode-3/data/ratis/38387e45-7ca4-4ec0-9429-9e2d28238f67/current/log_inprogress_0
2023-03-16 20:05:44,203 [Listener at 127.0.0.1/40321] INFO  ozone.MiniOzoneClusterImpl (MiniOzoneClusterImpl.java:lambda$waitForClusterToBeReady$0(222)) - Nodes are ready. Got 5 of 5 DN Heartbeats.
2023-03-16 20:05:44,203 [Listener at 127.0.0.1/40321] INFO  ozone.MiniOzoneClusterImpl (MiniOzoneClusterImpl.java:lambda$waitForClusterToBeReady$0(225)) - Cluster exits safe mode
2023-03-16 20:05:44,203 [Listener at 127.0.0.1/40321] INFO  ozone.MiniOzoneClusterImpl (MiniOzoneClusterImpl.java:lambda$waitForClusterToBeReady$0(227)) - SCM became leader
2023-03-16 20:05:44,250 [Listener at 127.0.0.1/40321] INFO  rpc.RpcClient (RpcClient.java:createVolume(476)) - Creating Volume: volume45206, with user66173 as owner and space quota set to -1 bytes, counts quota set to -1
2023-03-16 20:05:44,253 [IPC Server handler 12 on default port 40321] INFO  volume.OMVolumeCreateRequest (OMVolumeCreateRequest.java:validateAndUpdateCache(195)) - created volume:volume45206 for user:user66173
2023-03-16 20:05:44,266 [Listener at 127.0.0.1/40321] INFO  rpc.RpcClient (RpcClient.java:createBucket(698)) - Creating Bucket: volume45206/bucket25127, with bucket layout LEGACY, runner as owner, Versioning false, Storage Type set to DISK and Encryption set to false, Replication Type set to server-side default replication type, Namespace Quota set to -1, Space Quota set to -1 
2023-03-16 20:05:44,270 [IPC Server handler 14 on default port 40321] INFO  bucket.OMBucketCreateRequest (OMBucketCreateRequest.java:validateAndUpdateCache(263)) - created bucket: bucket25127 of layout LEGACY in volume: volume45206
]]></system-out>
  </testcase>
  <testcase name="testGetTrashRoot" classname="TestOzoneFileSystem" time="21.347">
    <system-out><![CDATA[2023-03-16 20:06:27,952 [Listener at 127.0.0.1/40321] INFO  ozone.MiniOzoneClusterImpl (MiniOzoneClusterImpl.java:shutdown(455)) - Shutting down the Mini Ozone Cluster
2023-03-16 20:06:27,953 [Listener at 127.0.0.1/40321] INFO  ozone.MiniOzoneClusterImpl (MiniOzoneClusterImpl.java:stop(471)) - Stopping the Mini Ozone Cluster
2023-03-16 20:06:27,953 [Listener at 127.0.0.1/40321] INFO  ozone.MiniOzoneClusterImpl (MiniOzoneClusterImpl.java:stopOM(553)) - Stopping the OzoneManager
2023-03-16 20:06:27,953 [Listener at 127.0.0.1/40321] INFO  om.OzoneManager (OzoneManager.java:stop(2166)) - om1[localhost:0]: Stopping Ozone Manager
2023-03-16 20:06:27,953 [Listener at 127.0.0.1/40321] INFO  ipc.Server (Server.java:stop(3428)) - Stopping server on 40321
2023-03-16 20:06:27,960 [IPC Server listener on 0] INFO  ipc.Server (Server.java:run(1384)) - Stopping IPC Server listener on 0
2023-03-16 20:06:27,962 [Listener at 127.0.0.1/40321] INFO  ratis.OzoneManagerDoubleBuffer (OzoneManagerDoubleBuffer.java:stopDaemon(540)) - Stopping OMDoubleBuffer flush thread
2023-03-16 20:06:27,963 [OMDoubleBufferFlushThread] INFO  ratis.OzoneManagerDoubleBuffer (OzoneManagerDoubleBuffer.java:canFlush(625)) - OMDoubleBuffer flush thread OMDoubleBufferFlushThread is interrupted and will exit.
2023-03-16 20:06:27,966 [Listener at 127.0.0.1/40321] INFO  utils.BackgroundService (BackgroundService.java:shutdown(141)) - Shutting down service KeyDeletingService
2023-03-16 20:06:27,967 [Listener at 127.0.0.1/40321] INFO  utils.BackgroundService (BackgroundService.java:shutdown(141)) - Shutting down service DirectoryDeletingService
2023-03-16 20:06:27,968 [Listener at 127.0.0.1/40321] INFO  utils.BackgroundService (BackgroundService.java:shutdown(141)) - Shutting down service OpenKeyCleanupService
2023-03-16 20:06:27,968 [Listener at 127.0.0.1/40321] INFO  utils.BackgroundService (BackgroundService.java:shutdown(141)) - Shutting down service SstFilteringService
2023-03-16 20:06:27,968 [Listener at 127.0.0.1/40321] INFO  utils.BackgroundService (BackgroundService.java:shutdown(141)) - Shutting down service SnapshotDeletingService
2023-03-16 20:06:27,973 [IPC Server Responder] INFO  ipc.Server (Server.java:run(1517)) - Stopping IPC Server Responder
2023-03-16 20:06:27,974 [Listener at 127.0.0.1/40321] INFO  handler.ContextHandler (ContextHandler.java:doStop(1159)) - Stopped o.e.j.w.WebAppContext@71f72ffd{ozoneManager,/,null,STOPPED}{file:/home/runner/work/ozone/ozone/hadoop-ozone/integration-test/target/test-classes/webapps/ozoneManager}
2023-03-16 20:06:27,975 [Listener at 127.0.0.1/40321] INFO  server.AbstractConnector (AbstractConnector.java:doStop(383)) - Stopped ServerConnector@32d5cbf2{HTTP/1.1, (http/1.1)}{0.0.0.0:0}
2023-03-16 20:06:27,975 [Listener at 127.0.0.1/40321] INFO  server.session (HouseKeeper.java:stopScavenging(149)) - node0 Stopped scavenging
2023-03-16 20:06:27,975 [Listener at 127.0.0.1/40321] INFO  handler.ContextHandler (ContextHandler.java:doStop(1159)) - Stopped o.e.j.s.ServletContextHandler@5ac60f01{static,/static,file:///home/runner/work/ozone/ozone/hadoop-ozone/integration-test/target/test-classes/webapps/static,STOPPED}
2023-03-16 20:06:27,975 [Listener at 127.0.0.1/40321] INFO  handler.ContextHandler (ContextHandler.java:doStop(1159)) - Stopped o.e.j.s.ServletContextHandler@33d9d098{logs,/logs,file:///home/runner/work/ozone/ozone/hadoop-ozone/integration-test/target/log,STOPPED}
2023-03-16 20:06:27,977 [Trash Emptier] ERROR om.TrashPolicyOzone (TrashPolicyOzone.java:run(350)) - Error attempting to shutdown
java.lang.InterruptedException
	at java.util.concurrent.locks.AbstractQueuedSynchronizer$ConditionObject.awaitNanos(AbstractQueuedSynchronizer.java:2067)
	at java.util.concurrent.ThreadPoolExecutor.awaitTermination(ThreadPoolExecutor.java:1475)
	at org.apache.hadoop.ozone.om.TrashPolicyOzone$Emptier.run(TrashPolicyOzone.java:348)
	at java.lang.Thread.run(Thread.java:750)
2023-03-16 20:06:27,982 [Listener at 127.0.0.1/40321] INFO  ozone.MiniOzoneClusterImpl (MiniOzoneClusterImpl.java:stopDatanodes(530)) - Stopping the HddsDatanodes
2023-03-16 20:06:27,985 [Listener at 127.0.0.1/40321] INFO  ozoneimpl.OzoneContainer (OzoneContainer.java:stop(423)) - Attempting to stop container services.
2023-03-16 20:06:27,986 [Listener at 127.0.0.1/40321] INFO  server.RaftServer (RaftServerProxy.java:lambda$close$6(409)) - 8a432d69-9095-4d8b-a714-320becebd573: close
2023-03-16 20:06:27,986 [8a432d69-9095-4d8b-a714-320becebd573-impl-thread1] INFO  server.RaftServer$Division (RaftServerImpl.java:lambda$close$4(458)) - 8a432d69-9095-4d8b-a714-320becebd573@group-CC084F38A809: shutdown
2023-03-16 20:06:27,986 [8a432d69-9095-4d8b-a714-320becebd573-impl-thread1] INFO  util.JmxRegister (JmxRegister.java:unregister(73)) - Successfully un-registered JMX Bean with object name Ratis:service=RaftServer,group=group-CC084F38A809,id=8a432d69-9095-4d8b-a714-320becebd573
2023-03-16 20:06:27,986 [8a432d69-9095-4d8b-a714-320becebd573-impl-thread1] INFO  impl.RoleInfo (RoleInfo.java:shutdownLeaderState(93)) - 8a432d69-9095-4d8b-a714-320becebd573: shutdown 8a432d69-9095-4d8b-a714-320becebd573@group-CC084F38A809-LeaderStateImpl
2023-03-16 20:06:27,987 [8a432d69-9095-4d8b-a714-320becebd573-impl-thread2] INFO  server.RaftServer$Division (RaftServerImpl.java:lambda$close$4(458)) - 8a432d69-9095-4d8b-a714-320becebd573@group-F7073A844C74: shutdown
2023-03-16 20:06:27,987 [8a432d69-9095-4d8b-a714-320becebd573-impl-thread2] INFO  util.JmxRegister (JmxRegister.java:unregister(73)) - Successfully un-registered JMX Bean with object name Ratis:service=RaftServer,group=group-F7073A844C74,id=8a432d69-9095-4d8b-a714-320becebd573
2023-03-16 20:06:27,987 [8a432d69-9095-4d8b-a714-320becebd573-impl-thread2] INFO  impl.RoleInfo (RoleInfo.java:shutdownLeaderState(93)) - 8a432d69-9095-4d8b-a714-320becebd573: shutdown 8a432d69-9095-4d8b-a714-320becebd573@group-F7073A844C74-LeaderStateImpl
2023-03-16 20:06:27,987 [8a432d69-9095-4d8b-a714-320becebd573-impl-thread2] INFO  impl.PendingRequests (PendingRequests.java:sendNotLeaderResponses(282)) - 8a432d69-9095-4d8b-a714-320becebd573@group-F7073A844C74-PendingRequests: sendNotLeaderResponses
2023-03-16 20:06:27,988 [8a432d69-9095-4d8b-a714-320becebd573-impl-thread2] INFO  impl.StateMachineUpdater (StateMachineUpdater.java:stopAndJoin(153)) - 8a432d69-9095-4d8b-a714-320becebd573@group-F7073A844C74-StateMachineUpdater: set stopIndex = 0
2023-03-16 20:06:27,988 [Listener at 127.0.0.1/40321] INFO  server.GrpcService (GrpcService.java:closeImpl(271)) - 8a432d69-9095-4d8b-a714-320becebd573: shutdown server GrpcServerProtocolService now
2023-03-16 20:06:27,988 [8a432d69-9095-4d8b-a714-320becebd573@group-F7073A844C74-StateMachineUpdater] INFO  ratis.ContainerStateMachine (ContainerStateMachine.java:takeSnapshot(330)) - group-F7073A844C74: Taking a snapshot at:(t:1, i:0) file /home/runner/work/ozone/ozone/hadoop-ozone/integration-test/target/test-dir/MiniOzoneClusterImpl-c7341fe8-f2e3-4722-9e04-a1c7dbed4fc1/datanode-2/data/ratis/6be96b37-a2d9-47bc-a879-f7073a844c74/sm/snapshot.1_0
2023-03-16 20:06:28,001 [Listener at 127.0.0.1/40321] INFO  server.GrpcServerProtocolClient (GrpcServerProtocolClient.java:close(101)) - 77c004ef-6c20-479a-84fb-1570edc7ba10 Close channels
2023-03-16 20:06:27,999 [8a432d69-9095-4d8b-a714-320becebd573@group-CC084F38A809->77c004ef-6c20-479a-84fb-1570edc7ba10-GrpcLogAppender-LogAppenderDaemon] WARN  server.GrpcLogAppender (GrpcLogAppender.java:mayWait(200)) - 8a432d69-9095-4d8b-a714-320becebd573@group-CC084F38A809->77c004ef-6c20-479a-84fb-1570edc7ba10-GrpcLogAppender: Wait interrupted by java.lang.InterruptedException
2023-03-16 20:06:27,999 [8a432d69-9095-4d8b-a714-320becebd573@group-CC084F38A809->c4e89383-110e-4923-8697-fad4fff4e184-GrpcLogAppender-LogAppenderDaemon] WARN  server.GrpcLogAppender (GrpcLogAppender.java:mayWait(200)) - 8a432d69-9095-4d8b-a714-320becebd573@group-CC084F38A809->c4e89383-110e-4923-8697-fad4fff4e184-GrpcLogAppender: Wait interrupted by java.lang.InterruptedException
2023-03-16 20:06:27,999 [ForkJoinPool.commonPool-worker-0] INFO  ozoneimpl.OzoneContainer (OzoneContainer.java:stop(423)) - Attempting to stop container services.
2023-03-16 20:06:27,999 [8a432d69-9095-4d8b-a714-320becebd573-impl-thread1] INFO  impl.PendingRequests (PendingRequests.java:sendNotLeaderResponses(282)) - 8a432d69-9095-4d8b-a714-320becebd573@group-CC084F38A809-PendingRequests: sendNotLeaderResponses
2023-03-16 20:06:28,002 [8a432d69-9095-4d8b-a714-320becebd573-impl-thread3] INFO  server.RaftServer$Division (RaftServerImpl.java:lambda$close$4(458)) - 8a432d69-9095-4d8b-a714-320becebd573@group-F98A64716723: shutdown
2023-03-16 20:06:28,004 [8a432d69-9095-4d8b-a714-320becebd573-impl-thread3] INFO  util.JmxRegister (JmxRegister.java:unregister(73)) - Successfully un-registered JMX Bean with object name Ratis:service=RaftServer,group=group-F98A64716723,id=8a432d69-9095-4d8b-a714-320becebd573
2023-03-16 20:06:28,004 [8a432d69-9095-4d8b-a714-320becebd573-impl-thread3] INFO  impl.RoleInfo (RoleInfo.java:shutdownFollowerState(110)) - 8a432d69-9095-4d8b-a714-320becebd573: shutdown 8a432d69-9095-4d8b-a714-320becebd573@group-F98A64716723-FollowerState
2023-03-16 20:06:28,004 [8a432d69-9095-4d8b-a714-320becebd573-impl-thread3] INFO  impl.StateMachineUpdater (StateMachineUpdater.java:stopAndJoin(153)) - 8a432d69-9095-4d8b-a714-320becebd573@group-F98A64716723-StateMachineUpdater: set stopIndex = 8
2023-03-16 20:06:28,004 [grpc-default-executor-5] WARN  server.GrpcClientProtocolService (LogUtils.java:warn(122)) - 0-OrderedRequestStreamObserver0: onError: org.apache.ratis.thirdparty.io.grpc.StatusRuntimeException: CANCELLED: client cancelled
2023-03-16 20:06:28,004 [8a432d69-9095-4d8b-a714-320becebd573@group-F7073A844C74-StateMachineUpdater] INFO  ratis.ContainerStateMachine (ContainerStateMachine.java:takeSnapshot(341)) - group-F7073A844C74: Finished taking a snapshot at:(t:1, i:0) file:/home/runner/work/ozone/ozone/hadoop-ozone/integration-test/target/test-dir/MiniOzoneClusterImpl-c7341fe8-f2e3-4722-9e04-a1c7dbed4fc1/datanode-2/data/ratis/6be96b37-a2d9-47bc-a879-f7073a844c74/sm/snapshot.1_0 took: 17 ms
2023-03-16 20:06:28,005 [8a432d69-9095-4d8b-a714-320becebd573@group-F98A64716723-StateMachineUpdater] INFO  ratis.ContainerStateMachine (ContainerStateMachine.java:takeSnapshot(330)) - group-F98A64716723: Taking a snapshot at:(t:1, i:8) file /home/runner/work/ozone/ozone/hadoop-ozone/integration-test/target/test-dir/MiniOzoneClusterImpl-c7341fe8-f2e3-4722-9e04-a1c7dbed4fc1/datanode-2/data/ratis/9fd25088-a601-45c0-9c9f-f98a64716723/sm/snapshot.1_8
2023-03-16 20:06:28,005 [grpc-default-executor-2] WARN  server.GrpcServerProtocolService (LogUtils.java:warn(122)) - 8a432d69-9095-4d8b-a714-320becebd573: installSnapshot onError, lastRequest: c4e89383-110e-4923-8697-fad4fff4e184->8a432d69-9095-4d8b-a714-320becebd573#273-t1,previous=(t:1, i:7),leaderCommit=6,initializing? true,entries: size=1, first=(t:1, i:8), METADATAENTRY(c:6): org.apache.ratis.thirdparty.io.grpc.StatusRuntimeException: CANCELLED: client cancelled
2023-03-16 20:06:28,004 [grpc-default-executor-4] WARN  server.GrpcServerProtocolService (LogUtils.java:warn(122)) - 8a432d69-9095-4d8b-a714-320becebd573: installSnapshot onError, lastRequest: null: org.apache.ratis.thirdparty.io.grpc.StatusRuntimeException: CANCELLED: client cancelled
2023-03-16 20:06:28,010 [8a432d69-9095-4d8b-a714-320becebd573-impl-thread1] INFO  impl.StateMachineUpdater (StateMachineUpdater.java:stopAndJoin(153)) - 8a432d69-9095-4d8b-a714-320becebd573@group-CC084F38A809-StateMachineUpdater: set stopIndex = 22
2023-03-16 20:06:28,008 [ForkJoinPool.commonPool-worker-0] INFO  server.RaftServer (RaftServerProxy.java:lambda$close$6(409)) - c4e89383-110e-4923-8697-fad4fff4e184: close
2023-03-16 20:06:28,012 [c4e89383-110e-4923-8697-fad4fff4e184-impl-thread2] INFO  server.RaftServer$Division (RaftServerImpl.java:lambda$close$4(458)) - c4e89383-110e-4923-8697-fad4fff4e184@group-CC084F38A809: shutdown
2023-03-16 20:06:28,012 [c4e89383-110e-4923-8697-fad4fff4e184-impl-thread2] INFO  util.JmxRegister (JmxRegister.java:unregister(73)) - Successfully un-registered JMX Bean with object name Ratis:service=RaftServer,group=group-CC084F38A809,id=c4e89383-110e-4923-8697-fad4fff4e184
2023-03-16 20:06:28,012 [c4e89383-110e-4923-8697-fad4fff4e184-impl-thread2] INFO  impl.RoleInfo (RoleInfo.java:shutdownFollowerState(110)) - c4e89383-110e-4923-8697-fad4fff4e184: shutdown c4e89383-110e-4923-8697-fad4fff4e184@group-CC084F38A809-FollowerState
2023-03-16 20:06:28,012 [c4e89383-110e-4923-8697-fad4fff4e184-impl-thread1] INFO  server.RaftServer$Division (RaftServerImpl.java:lambda$close$4(458)) - c4e89383-110e-4923-8697-fad4fff4e184@group-7C553043777A: shutdown
2023-03-16 20:06:28,012 [c4e89383-110e-4923-8697-fad4fff4e184-impl-thread1] INFO  util.JmxRegister (JmxRegister.java:unregister(73)) - Successfully un-registered JMX Bean with object name Ratis:service=RaftServer,group=group-7C553043777A,id=c4e89383-110e-4923-8697-fad4fff4e184
2023-03-16 20:06:28,012 [c4e89383-110e-4923-8697-fad4fff4e184-impl-thread1] INFO  impl.RoleInfo (RoleInfo.java:shutdownLeaderState(93)) - c4e89383-110e-4923-8697-fad4fff4e184: shutdown c4e89383-110e-4923-8697-fad4fff4e184@group-7C553043777A-LeaderStateImpl
2023-03-16 20:06:28,012 [c4e89383-110e-4923-8697-fad4fff4e184-impl-thread1] INFO  impl.PendingRequests (PendingRequests.java:sendNotLeaderResponses(282)) - c4e89383-110e-4923-8697-fad4fff4e184@group-7C553043777A-PendingRequests: sendNotLeaderResponses
2023-03-16 20:06:28,013 [c4e89383-110e-4923-8697-fad4fff4e184-impl-thread1] INFO  impl.StateMachineUpdater (StateMachineUpdater.java:stopAndJoin(153)) - c4e89383-110e-4923-8697-fad4fff4e184@group-7C553043777A-StateMachineUpdater: set stopIndex = 0
2023-03-16 20:06:28,013 [c4e89383-110e-4923-8697-fad4fff4e184@group-7C553043777A-StateMachineUpdater] INFO  ratis.ContainerStateMachine (ContainerStateMachine.java:takeSnapshot(330)) - group-7C553043777A: Taking a snapshot at:(t:1, i:0) file /home/runner/work/ozone/ozone/hadoop-ozone/integration-test/target/test-dir/MiniOzoneClusterImpl-c7341fe8-f2e3-4722-9e04-a1c7dbed4fc1/datanode-1/data/ratis/f9382a30-f74b-439f-b821-7c553043777a/sm/snapshot.1_0
2023-03-16 20:06:28,008 [8a432d69-9095-4d8b-a714-320becebd573@group-F7073A844C74-StateMachineUpdater] INFO  impl.StateMachineUpdater (StateMachineUpdater.java:takeSnapshot(287)) - 8a432d69-9095-4d8b-a714-320becebd573@group-F7073A844C74-StateMachineUpdater: Took a snapshot at index 0
2023-03-16 20:06:28,013 [8a432d69-9095-4d8b-a714-320becebd573@group-F7073A844C74-StateMachineUpdater] INFO  impl.StateMachineUpdater (StateMachineUpdater.java:lambda$new$0(92)) - 8a432d69-9095-4d8b-a714-320becebd573@group-F7073A844C74-StateMachineUpdater: snapshotIndex: updateIncreasingly -1 -> 0
2023-03-16 20:06:28,008 [8a432d69-9095-4d8b-a714-320becebd573@group-F98A64716723-StateMachineUpdater] INFO  ratis.ContainerStateMachine (ContainerStateMachine.java:takeSnapshot(341)) - group-F98A64716723: Finished taking a snapshot at:(t:1, i:8) file:/home/runner/work/ozone/ozone/hadoop-ozone/integration-test/target/test-dir/MiniOzoneClusterImpl-c7341fe8-f2e3-4722-9e04-a1c7dbed4fc1/datanode-2/data/ratis/9fd25088-a601-45c0-9c9f-f98a64716723/sm/snapshot.1_8 took: 3 ms
2023-03-16 20:06:28,014 [8a432d69-9095-4d8b-a714-320becebd573-impl-thread2] INFO  server.RaftServer$Division (ServerState.java:close(466)) - 8a432d69-9095-4d8b-a714-320becebd573@group-F7073A844C74: closes. applyIndex: 0
2023-03-16 20:06:28,004 [8a432d69-9095-4d8b-a714-320becebd573@group-F98A64716723-FollowerState] INFO  impl.FollowerState (FollowerState.java:run(152)) - 8a432d69-9095-4d8b-a714-320becebd573@group-F98A64716723-FollowerState was interrupted
2023-03-16 20:06:28,014 [8a432d69-9095-4d8b-a714-320becebd573@group-F98A64716723-StateMachineUpdater] INFO  impl.StateMachineUpdater (StateMachineUpdater.java:takeSnapshot(287)) - 8a432d69-9095-4d8b-a714-320becebd573@group-F98A64716723-StateMachineUpdater: Took a snapshot at index 8
2023-03-16 20:06:28,014 [8a432d69-9095-4d8b-a714-320becebd573@group-F98A64716723-StateMachineUpdater] INFO  impl.StateMachineUpdater (StateMachineUpdater.java:lambda$new$0(92)) - 8a432d69-9095-4d8b-a714-320becebd573@group-F98A64716723-StateMachineUpdater: snapshotIndex: updateIncreasingly -1 -> 8
2023-03-16 20:06:28,014 [c4e89383-110e-4923-8697-fad4fff4e184@group-7C553043777A-StateMachineUpdater] INFO  ratis.ContainerStateMachine (ContainerStateMachine.java:takeSnapshot(341)) - group-7C553043777A: Finished taking a snapshot at:(t:1, i:0) file:/home/runner/work/ozone/ozone/hadoop-ozone/integration-test/target/test-dir/MiniOzoneClusterImpl-c7341fe8-f2e3-4722-9e04-a1c7dbed4fc1/datanode-1/data/ratis/f9382a30-f74b-439f-b821-7c553043777a/sm/snapshot.1_0 took: 1 ms
2023-03-16 20:06:28,014 [c4e89383-110e-4923-8697-fad4fff4e184@group-7C553043777A-StateMachineUpdater] INFO  impl.StateMachineUpdater (StateMachineUpdater.java:takeSnapshot(287)) - c4e89383-110e-4923-8697-fad4fff4e184@group-7C553043777A-StateMachineUpdater: Took a snapshot at index 0
2023-03-16 20:06:28,014 [c4e89383-110e-4923-8697-fad4fff4e184@group-7C553043777A-StateMachineUpdater] INFO  impl.StateMachineUpdater (StateMachineUpdater.java:lambda$new$0(92)) - c4e89383-110e-4923-8697-fad4fff4e184@group-7C553043777A-StateMachineUpdater: snapshotIndex: updateIncreasingly -1 -> 0
2023-03-16 20:06:28,015 [c4e89383-110e-4923-8697-fad4fff4e184-impl-thread1] INFO  server.RaftServer$Division (ServerState.java:close(466)) - c4e89383-110e-4923-8697-fad4fff4e184@group-7C553043777A: closes. applyIndex: 0
2023-03-16 20:06:28,017 [ForkJoinPool.commonPool-worker-0] INFO  server.GrpcService (GrpcService.java:closeImpl(271)) - c4e89383-110e-4923-8697-fad4fff4e184: shutdown server GrpcServerProtocolService now
2023-03-16 20:06:28,017 [8a432d69-9095-4d8b-a714-320becebd573@group-CC084F38A809-StateMachineUpdater] INFO  ratis.ContainerStateMachine (ContainerStateMachine.java:takeSnapshot(330)) - group-CC084F38A809: Taking a snapshot at:(t:1, i:22) file /home/runner/work/ozone/ozone/hadoop-ozone/integration-test/target/test-dir/MiniOzoneClusterImpl-c7341fe8-f2e3-4722-9e04-a1c7dbed4fc1/datanode-2/data/ratis/df927098-acc7-49b5-b355-cc084f38a809/sm/snapshot.1_22
2023-03-16 20:06:28,018 [c4e89383-110e-4923-8697-fad4fff4e184-impl-thread3] INFO  server.RaftServer$Division (RaftServerImpl.java:lambda$close$4(458)) - c4e89383-110e-4923-8697-fad4fff4e184@group-F98A64716723: shutdown
2023-03-16 20:06:28,018 [c4e89383-110e-4923-8697-fad4fff4e184-impl-thread3] INFO  util.JmxRegister (JmxRegister.java:unregister(73)) - Successfully un-registered JMX Bean with object name Ratis:service=RaftServer,group=group-F98A64716723,id=c4e89383-110e-4923-8697-fad4fff4e184
2023-03-16 20:06:28,018 [c4e89383-110e-4923-8697-fad4fff4e184-impl-thread3] INFO  impl.RoleInfo (RoleInfo.java:shutdownLeaderState(93)) - c4e89383-110e-4923-8697-fad4fff4e184: shutdown c4e89383-110e-4923-8697-fad4fff4e184@group-F98A64716723-LeaderStateImpl
2023-03-16 20:06:28,018 [c4e89383-110e-4923-8697-fad4fff4e184@group-F98A64716723->8a432d69-9095-4d8b-a714-320becebd573-GrpcLogAppender-LogAppenderDaemon] WARN  server.GrpcLogAppender (GrpcLogAppender.java:mayWait(200)) - c4e89383-110e-4923-8697-fad4fff4e184@group-F98A64716723->8a432d69-9095-4d8b-a714-320becebd573-GrpcLogAppender: Wait interrupted by java.lang.InterruptedException
2023-03-16 20:06:28,018 [c4e89383-110e-4923-8697-fad4fff4e184@group-F98A64716723->77c004ef-6c20-479a-84fb-1570edc7ba10-GrpcLogAppender-LogAppenderDaemon] WARN  server.GrpcLogAppender (GrpcLogAppender.java:mayWait(200)) - c4e89383-110e-4923-8697-fad4fff4e184@group-F98A64716723->77c004ef-6c20-479a-84fb-1570edc7ba10-GrpcLogAppender: Wait interrupted by java.lang.InterruptedException
2023-03-16 20:06:28,019 [c4e89383-110e-4923-8697-fad4fff4e184-impl-thread3] INFO  impl.PendingRequests (PendingRequests.java:sendNotLeaderResponses(282)) - c4e89383-110e-4923-8697-fad4fff4e184@group-F98A64716723-PendingRequests: sendNotLeaderResponses
2023-03-16 20:06:28,019 [c4e89383-110e-4923-8697-fad4fff4e184@group-7C553043777A-SegmentedRaftLogWorker] INFO  segmented.SegmentedRaftLogWorker (SegmentedRaftLogWorker.java:run(347)) - c4e89383-110e-4923-8697-fad4fff4e184@group-7C553043777A-SegmentedRaftLogWorker was interrupted, exiting. There are 0 tasks remaining in the queue.
2023-03-16 20:06:28,020 [grpc-default-executor-2] WARN  server.GrpcServerProtocolService (LogUtils.java:warn(122)) - c4e89383-110e-4923-8697-fad4fff4e184: installSnapshot onError, lastRequest: 8a432d69-9095-4d8b-a714-320becebd573->c4e89383-110e-4923-8697-fad4fff4e184#65-t1,previous=(t:1, i:21),leaderCommit=20,initializing? true,entries: size=1, first=(t:1, i:22), METADATAENTRY(c:20): org.apache.ratis.thirdparty.io.grpc.StatusRuntimeException: CANCELLED: client cancelled
2023-03-16 20:06:28,020 [8a432d69-9095-4d8b-a714-320becebd573@group-CC084F38A809-StateMachineUpdater] INFO  ratis.ContainerStateMachine (ContainerStateMachine.java:takeSnapshot(341)) - group-CC084F38A809: Finished taking a snapshot at:(t:1, i:22) file:/home/runner/work/ozone/ozone/hadoop-ozone/integration-test/target/test-dir/MiniOzoneClusterImpl-c7341fe8-f2e3-4722-9e04-a1c7dbed4fc1/datanode-2/data/ratis/df927098-acc7-49b5-b355-cc084f38a809/sm/snapshot.1_22 took: 2 ms
2023-03-16 20:06:28,020 [8a432d69-9095-4d8b-a714-320becebd573@group-F7073A844C74-SegmentedRaftLogWorker] INFO  segmented.SegmentedRaftLogWorker (SegmentedRaftLogWorker.java:run(347)) - 8a432d69-9095-4d8b-a714-320becebd573@group-F7073A844C74-SegmentedRaftLogWorker was interrupted, exiting. There are 0 tasks remaining in the queue.
2023-03-16 20:06:28,021 [8a432d69-9095-4d8b-a714-320becebd573@group-CC084F38A809-StateMachineUpdater] INFO  impl.StateMachineUpdater (StateMachineUpdater.java:takeSnapshot(287)) - 8a432d69-9095-4d8b-a714-320becebd573@group-CC084F38A809-StateMachineUpdater: Took a snapshot at index 22
2023-03-16 20:06:28,021 [8a432d69-9095-4d8b-a714-320becebd573@group-CC084F38A809-StateMachineUpdater] INFO  impl.StateMachineUpdater (StateMachineUpdater.java:lambda$new$0(92)) - 8a432d69-9095-4d8b-a714-320becebd573@group-CC084F38A809-StateMachineUpdater: snapshotIndex: updateIncreasingly -1 -> 22
2023-03-16 20:06:28,021 [c4e89383-110e-4923-8697-fad4fff4e184@group-CC084F38A809-FollowerState] INFO  impl.FollowerState (FollowerState.java:run(152)) - c4e89383-110e-4923-8697-fad4fff4e184@group-CC084F38A809-FollowerState was interrupted
2023-03-16 20:06:28,023 [ForkJoinPool.commonPool-worker-0] INFO  server.GrpcServerProtocolClient (GrpcServerProtocolClient.java:close(101)) - 8a432d69-9095-4d8b-a714-320becebd573 Close channels
2023-03-16 20:06:28,023 [c4e89383-110e-4923-8697-fad4fff4e184-impl-thread1] INFO  segmented.SegmentedRaftLogWorker (SegmentedRaftLogWorker.java:close(257)) - c4e89383-110e-4923-8697-fad4fff4e184@group-7C553043777A-SegmentedRaftLogWorker close()
2023-03-16 20:06:28,024 [8a432d69-9095-4d8b-a714-320becebd573-impl-thread1] INFO  server.RaftServer$Division (ServerState.java:close(466)) - 8a432d69-9095-4d8b-a714-320becebd573@group-CC084F38A809: closes. applyIndex: 22
2023-03-16 20:06:28,025 [8a432d69-9095-4d8b-a714-320becebd573@group-CC084F38A809-SegmentedRaftLogWorker] INFO  segmented.SegmentedRaftLogWorker (SegmentedRaftLogWorker.java:run(347)) - 8a432d69-9095-4d8b-a714-320becebd573@group-CC084F38A809-SegmentedRaftLogWorker was interrupted, exiting. There are 0 tasks remaining in the queue.
2023-03-16 20:06:28,025 [8a432d69-9095-4d8b-a714-320becebd573-impl-thread3] INFO  server.RaftServer$Division (ServerState.java:close(466)) - 8a432d69-9095-4d8b-a714-320becebd573@group-F98A64716723: closes. applyIndex: 8
2023-03-16 20:06:28,025 [8a432d69-9095-4d8b-a714-320becebd573@group-F98A64716723-SegmentedRaftLogWorker] INFO  segmented.SegmentedRaftLogWorker (SegmentedRaftLogWorker.java:run(347)) - 8a432d69-9095-4d8b-a714-320becebd573@group-F98A64716723-SegmentedRaftLogWorker was interrupted, exiting. There are 0 tasks remaining in the queue.
2023-03-16 20:06:28,027 [8a432d69-9095-4d8b-a714-320becebd573-impl-thread2] INFO  segmented.SegmentedRaftLogWorker (SegmentedRaftLogWorker.java:close(257)) - 8a432d69-9095-4d8b-a714-320becebd573@group-F7073A844C74-SegmentedRaftLogWorker close()
2023-03-16 20:06:28,031 [8a432d69-9095-4d8b-a714-320becebd573-impl-thread1] INFO  segmented.SegmentedRaftLogWorker (SegmentedRaftLogWorker.java:close(257)) - 8a432d69-9095-4d8b-a714-320becebd573@group-CC084F38A809-SegmentedRaftLogWorker close()
2023-03-16 20:06:28,031 [8a432d69-9095-4d8b-a714-320becebd573-impl-thread3] INFO  segmented.SegmentedRaftLogWorker (SegmentedRaftLogWorker.java:close(257)) - 8a432d69-9095-4d8b-a714-320becebd573@group-F98A64716723-SegmentedRaftLogWorker close()
2023-03-16 20:06:28,032 [grpc-default-executor-3] WARN  server.GrpcClientProtocolService (LogUtils.java:warn(122)) - 1-OrderedRequestStreamObserver1: onError: org.apache.ratis.thirdparty.io.grpc.StatusRuntimeException: CANCELLED: client cancelled
2023-03-16 20:06:28,033 [grpc-default-executor-3] WARN  server.GrpcServerProtocolService (LogUtils.java:warn(122)) - c4e89383-110e-4923-8697-fad4fff4e184: installSnapshot onError, lastRequest: null: org.apache.ratis.thirdparty.io.grpc.StatusRuntimeException: CANCELLED: client cancelled
2023-03-16 20:06:28,034 [grpc-default-executor-4] INFO  server.GrpcLogAppender (GrpcLogAppender.java:onError(404)) - c4e89383-110e-4923-8697-fad4fff4e184@group-F98A64716723->8a432d69-9095-4d8b-a714-320becebd573-GrpcLogAppender is already stopped
2023-03-16 20:06:28,034 [grpc-default-executor-3] INFO  server.GrpcLogAppender (GrpcLogAppender.java:onError(404)) - c4e89383-110e-4923-8697-fad4fff4e184@group-F98A64716723->8a432d69-9095-4d8b-a714-320becebd573-GrpcLogAppender is already stopped
2023-03-16 20:06:28,034 [grpc-default-executor-3] INFO  server.GrpcServerProtocolService (GrpcServerProtocolService.java:onCompleted(143)) - 77c004ef-6c20-479a-84fb-1570edc7ba10: Completed APPEND_ENTRIES, lastRequest: 8a432d69-9095-4d8b-a714-320becebd573->77c004ef-6c20-479a-84fb-1570edc7ba10#69-t1,previous=(t:1, i:21),leaderCommit=20,initializing? true,entries: size=1, first=(t:1, i:22), METADATAENTRY(c:20)
2023-03-16 20:06:28,035 [c4e89383-110e-4923-8697-fad4fff4e184@group-CC084F38A809-StateMachineUpdater] INFO  ratis.ContainerStateMachine (ContainerStateMachine.java:takeSnapshot(330)) - group-CC084F38A809: Taking a snapshot at:(t:1, i:22) file /home/runner/work/ozone/ozone/hadoop-ozone/integration-test/target/test-dir/MiniOzoneClusterImpl-c7341fe8-f2e3-4722-9e04-a1c7dbed4fc1/datanode-1/data/ratis/df927098-acc7-49b5-b355-cc084f38a809/sm/snapshot.1_22
2023-03-16 20:06:28,035 [c4e89383-110e-4923-8697-fad4fff4e184-impl-thread2] INFO  impl.StateMachineUpdater (StateMachineUpdater.java:stopAndJoin(153)) - c4e89383-110e-4923-8697-fad4fff4e184@group-CC084F38A809-StateMachineUpdater: set stopIndex = 22
2023-03-16 20:06:28,037 [c4e89383-110e-4923-8697-fad4fff4e184@group-CC084F38A809-StateMachineUpdater] INFO  ratis.ContainerStateMachine (ContainerStateMachine.java:takeSnapshot(341)) - group-CC084F38A809: Finished taking a snapshot at:(t:1, i:22) file:/home/runner/work/ozone/ozone/hadoop-ozone/integration-test/target/test-dir/MiniOzoneClusterImpl-c7341fe8-f2e3-4722-9e04-a1c7dbed4fc1/datanode-1/data/ratis/df927098-acc7-49b5-b355-cc084f38a809/sm/snapshot.1_22 took: 2 ms
2023-03-16 20:06:28,037 [c4e89383-110e-4923-8697-fad4fff4e184@group-CC084F38A809-StateMachineUpdater] INFO  impl.StateMachineUpdater (StateMachineUpdater.java:takeSnapshot(287)) - c4e89383-110e-4923-8697-fad4fff4e184@group-CC084F38A809-StateMachineUpdater: Took a snapshot at index 22
2023-03-16 20:06:28,038 [c4e89383-110e-4923-8697-fad4fff4e184@group-CC084F38A809-StateMachineUpdater] INFO  impl.StateMachineUpdater (StateMachineUpdater.java:lambda$new$0(92)) - c4e89383-110e-4923-8697-fad4fff4e184@group-CC084F38A809-StateMachineUpdater: snapshotIndex: updateIncreasingly -1 -> 22
2023-03-16 20:06:28,038 [c4e89383-110e-4923-8697-fad4fff4e184-impl-thread2] INFO  server.RaftServer$Division (ServerState.java:close(466)) - c4e89383-110e-4923-8697-fad4fff4e184@group-CC084F38A809: closes. applyIndex: 22
2023-03-16 20:06:28,038 [grpc-default-executor-5] INFO  server.GrpcServerProtocolService (GrpcServerProtocolService.java:onCompleted(143)) - 77c004ef-6c20-479a-84fb-1570edc7ba10: Completed APPEND_ENTRIES, lastRequest: null
2023-03-16 20:06:28,039 [c4e89383-110e-4923-8697-fad4fff4e184@group-CC084F38A809-SegmentedRaftLogWorker] INFO  segmented.SegmentedRaftLogWorker (SegmentedRaftLogWorker.java:run(347)) - c4e89383-110e-4923-8697-fad4fff4e184@group-CC084F38A809-SegmentedRaftLogWorker was interrupted, exiting. There are 0 tasks remaining in the queue.
2023-03-16 20:06:28,045 [c4e89383-110e-4923-8697-fad4fff4e184-impl-thread3] INFO  impl.StateMachineUpdater (StateMachineUpdater.java:stopAndJoin(153)) - c4e89383-110e-4923-8697-fad4fff4e184@group-F98A64716723-StateMachineUpdater: set stopIndex = 8
2023-03-16 20:06:28,047 [c4e89383-110e-4923-8697-fad4fff4e184@group-F98A64716723-StateMachineUpdater] INFO  ratis.ContainerStateMachine (ContainerStateMachine.java:takeSnapshot(330)) - group-F98A64716723: Taking a snapshot at:(t:1, i:8) file /home/runner/work/ozone/ozone/hadoop-ozone/integration-test/target/test-dir/MiniOzoneClusterImpl-c7341fe8-f2e3-4722-9e04-a1c7dbed4fc1/datanode-1/data/ratis/9fd25088-a601-45c0-9c9f-f98a64716723/sm/snapshot.1_8
2023-03-16 20:06:28,048 [grpc-default-executor-5] INFO  server.GrpcServerProtocolService (GrpcServerProtocolService.java:onCompleted(143)) - 77c004ef-6c20-479a-84fb-1570edc7ba10: Completed APPEND_ENTRIES, lastRequest: c4e89383-110e-4923-8697-fad4fff4e184->77c004ef-6c20-479a-84fb-1570edc7ba10#269-t1,previous=(t:1, i:7),leaderCommit=6,initializing? true,entries: size=1, first=(t:1, i:8), METADATAENTRY(c:6)
2023-03-16 20:06:28,048 [grpc-default-executor-3] INFO  server.GrpcLogAppender (GrpcLogAppender.java:onError(404)) - 8a432d69-9095-4d8b-a714-320becebd573@group-CC084F38A809->c4e89383-110e-4923-8697-fad4fff4e184-GrpcLogAppender is already stopped
2023-03-16 20:06:28,049 [c4e89383-110e-4923-8697-fad4fff4e184@group-F98A64716723-StateMachineUpdater] INFO  ratis.ContainerStateMachine (ContainerStateMachine.java:takeSnapshot(341)) - group-F98A64716723: Finished taking a snapshot at:(t:1, i:8) file:/home/runner/work/ozone/ozone/hadoop-ozone/integration-test/target/test-dir/MiniOzoneClusterImpl-c7341fe8-f2e3-4722-9e04-a1c7dbed4fc1/datanode-1/data/ratis/9fd25088-a601-45c0-9c9f-f98a64716723/sm/snapshot.1_8 took: 2 ms
2023-03-16 20:06:28,049 [c4e89383-110e-4923-8697-fad4fff4e184@group-F98A64716723-StateMachineUpdater] INFO  impl.StateMachineUpdater (StateMachineUpdater.java:takeSnapshot(287)) - c4e89383-110e-4923-8697-fad4fff4e184@group-F98A64716723-StateMachineUpdater: Took a snapshot at index 8
2023-03-16 20:06:28,049 [c4e89383-110e-4923-8697-fad4fff4e184@group-F98A64716723-StateMachineUpdater] INFO  impl.StateMachineUpdater (StateMachineUpdater.java:lambda$new$0(92)) - c4e89383-110e-4923-8697-fad4fff4e184@group-F98A64716723-StateMachineUpdater: snapshotIndex: updateIncreasingly -1 -> 8
2023-03-16 20:06:28,050 [c4e89383-110e-4923-8697-fad4fff4e184-impl-thread3] INFO  server.RaftServer$Division (ServerState.java:close(466)) - c4e89383-110e-4923-8697-fad4fff4e184@group-F98A64716723: closes. applyIndex: 8
2023-03-16 20:06:28,050 [c4e89383-110e-4923-8697-fad4fff4e184@group-F98A64716723-SegmentedRaftLogWorker] INFO  segmented.SegmentedRaftLogWorker (SegmentedRaftLogWorker.java:run(347)) - c4e89383-110e-4923-8697-fad4fff4e184@group-F98A64716723-SegmentedRaftLogWorker was interrupted, exiting. There are 0 tasks remaining in the queue.
2023-03-16 20:06:28,051 [grpc-default-executor-5] INFO  server.GrpcLogAppender (GrpcLogAppender.java:onCompleted(415)) - c4e89383-110e-4923-8697-fad4fff4e184@group-F98A64716723->77c004ef-6c20-479a-84fb-1570edc7ba10-AppendLogResponseHandler: follower responses appendEntries COMPLETED
2023-03-16 20:06:28,051 [grpc-default-executor-5] INFO  leader.FollowerInfo (FollowerInfoImpl.java:lambda$new$0(48)) - c4e89383-110e-4923-8697-fad4fff4e184@group-F98A64716723->77c004ef-6c20-479a-84fb-1570edc7ba10: nextIndex: updateUnconditionally 9 -> 8
2023-03-16 20:06:28,055 [c4e89383-110e-4923-8697-fad4fff4e184-impl-thread2] INFO  segmented.SegmentedRaftLogWorker (SegmentedRaftLogWorker.java:close(257)) - c4e89383-110e-4923-8697-fad4fff4e184@group-CC084F38A809-SegmentedRaftLogWorker close()
2023-03-16 20:06:28,058 [ForkJoinPool.commonPool-worker-0] INFO  server.GrpcServerProtocolClient (GrpcServerProtocolClient.java:close(101)) - 77c004ef-6c20-479a-84fb-1570edc7ba10 Close channels
2023-03-16 20:06:28,058 [c4e89383-110e-4923-8697-fad4fff4e184-impl-thread3] INFO  segmented.SegmentedRaftLogWorker (SegmentedRaftLogWorker.java:close(257)) - c4e89383-110e-4923-8697-fad4fff4e184@group-F98A64716723-SegmentedRaftLogWorker close()
2023-03-16 20:06:28,062 [grpc-default-executor-5] INFO  server.GrpcServerProtocolService (GrpcServerProtocolService.java:onCompleted(143)) - 77c004ef-6c20-479a-84fb-1570edc7ba10: Completed APPEND_ENTRIES, lastRequest: null
2023-03-16 20:06:28,062 [grpc-default-executor-5] INFO  server.GrpcLogAppender (GrpcLogAppender.java:onCompleted(415)) - 8a432d69-9095-4d8b-a714-320becebd573@group-CC084F38A809->77c004ef-6c20-479a-84fb-1570edc7ba10-AppendLogResponseHandler: follower responses appendEntries COMPLETED
2023-03-16 20:06:28,063 [grpc-default-executor-5] WARN  server.GrpcLogAppender (GrpcLogAppender.java:resetClient(137)) - 8a432d69-9095-4d8b-a714-320becebd573@group-CC084F38A809->77c004ef-6c20-479a-84fb-1570edc7ba10-GrpcLogAppender: Failed to getClient for 77c004ef-6c20-479a-84fb-1570edc7ba10
org.apache.ratis.protocol.exceptions.AlreadyClosedException: 8a432d69-9095-4d8b-a714-320becebd573 is already CLOSED
	at org.apache.ratis.util.PeerProxyMap$PeerAndProxy.getProxy(PeerProxyMap.java:61)
	at org.apache.ratis.util.PeerProxyMap.getProxy(PeerProxyMap.java:115)
	at org.apache.ratis.grpc.server.GrpcLogAppender.getClient(GrpcLogAppender.java:116)
	at org.apache.ratis.grpc.server.GrpcLogAppender.resetClient(GrpcLogAppender.java:121)
	at org.apache.ratis.grpc.server.GrpcLogAppender.access$500(GrpcLogAppender.java:58)
	at org.apache.ratis.grpc.server.GrpcLogAppender$AppendLogResponseHandler.onCompleted(GrpcLogAppender.java:416)
	at org.apache.ratis.thirdparty.io.grpc.stub.ClientCalls$StreamObserverToCallListenerAdapter.onClose(ClientCalls.java:485)
	at org.apache.ratis.thirdparty.io.grpc.internal.ClientCallImpl.closeObserver(ClientCallImpl.java:562)
	at org.apache.ratis.thirdparty.io.grpc.internal.ClientCallImpl.access$300(ClientCallImpl.java:70)
	at org.apache.ratis.thirdparty.io.grpc.internal.ClientCallImpl$ClientStreamListenerImpl$1StreamClosed.runInternal(ClientCallImpl.java:743)
	at org.apache.ratis.thirdparty.io.grpc.internal.ClientCallImpl$ClientStreamListenerImpl$1StreamClosed.runInContext(ClientCallImpl.java:722)
	at org.apache.ratis.thirdparty.io.grpc.internal.ContextRunnable.run(ContextRunnable.java:37)
	at org.apache.ratis.thirdparty.io.grpc.internal.SerializingExecutor.run(SerializingExecutor.java:133)
	at java.util.concurrent.ThreadPoolExecutor.runWorker(ThreadPoolExecutor.java:1149)
	at java.util.concurrent.ThreadPoolExecutor$Worker.run(ThreadPoolExecutor.java:624)
	at java.lang.Thread.run(Thread.java:750)
2023-03-16 20:06:28,063 [grpc-default-executor-3] INFO  server.GrpcLogAppender (GrpcLogAppender.java:onError(404)) - 8a432d69-9095-4d8b-a714-320becebd573@group-CC084F38A809->c4e89383-110e-4923-8697-fad4fff4e184-GrpcLogAppender is already stopped
2023-03-16 20:06:28,064 [grpc-default-executor-4] INFO  server.GrpcLogAppender (GrpcLogAppender.java:onCompleted(415)) - c4e89383-110e-4923-8697-fad4fff4e184@group-F98A64716723->77c004ef-6c20-479a-84fb-1570edc7ba10-AppendLogResponseHandler: follower responses appendEntries COMPLETED
2023-03-16 20:06:28,064 [grpc-default-executor-4] WARN  server.GrpcLogAppender (GrpcLogAppender.java:resetClient(137)) - c4e89383-110e-4923-8697-fad4fff4e184@group-F98A64716723->77c004ef-6c20-479a-84fb-1570edc7ba10-GrpcLogAppender: Failed to getClient for 77c004ef-6c20-479a-84fb-1570edc7ba10
org.apache.ratis.protocol.exceptions.AlreadyClosedException: c4e89383-110e-4923-8697-fad4fff4e184 is already CLOSED
	at org.apache.ratis.util.PeerProxyMap$PeerAndProxy.getProxy(PeerProxyMap.java:61)
	at org.apache.ratis.util.PeerProxyMap.getProxy(PeerProxyMap.java:115)
	at org.apache.ratis.grpc.server.GrpcLogAppender.getClient(GrpcLogAppender.java:116)
	at org.apache.ratis.grpc.server.GrpcLogAppender.resetClient(GrpcLogAppender.java:121)
	at org.apache.ratis.grpc.server.GrpcLogAppender.access$500(GrpcLogAppender.java:58)
	at org.apache.ratis.grpc.server.GrpcLogAppender$AppendLogResponseHandler.onCompleted(GrpcLogAppender.java:416)
	at org.apache.ratis.thirdparty.io.grpc.stub.ClientCalls$StreamObserverToCallListenerAdapter.onClose(ClientCalls.java:485)
	at org.apache.ratis.thirdparty.io.grpc.internal.ClientCallImpl.closeObserver(ClientCallImpl.java:562)
	at org.apache.ratis.thirdparty.io.grpc.internal.ClientCallImpl.access$300(ClientCallImpl.java:70)
	at org.apache.ratis.thirdparty.io.grpc.internal.ClientCallImpl$ClientStreamListenerImpl$1StreamClosed.runInternal(ClientCallImpl.java:743)
	at org.apache.ratis.thirdparty.io.grpc.internal.ClientCallImpl$ClientStreamListenerImpl$1StreamClosed.runInContext(ClientCallImpl.java:722)
	at org.apache.ratis.thirdparty.io.grpc.internal.ContextRunnable.run(ContextRunnable.java:37)
	at org.apache.ratis.thirdparty.io.grpc.internal.SerializingExecutor.run(SerializingExecutor.java:133)
	at java.util.concurrent.ThreadPoolExecutor.runWorker(ThreadPoolExecutor.java:1149)
	at java.util.concurrent.ThreadPoolExecutor$Worker.run(ThreadPoolExecutor.java:624)
	at java.lang.Thread.run(Thread.java:750)
2023-03-16 20:06:28,070 [grpc-default-executor-2] INFO  server.GrpcLogAppender (GrpcLogAppender.java:onCompleted(415)) - 8a432d69-9095-4d8b-a714-320becebd573@group-CC084F38A809->77c004ef-6c20-479a-84fb-1570edc7ba10-AppendLogResponseHandler: follower responses appendEntries COMPLETED
2023-03-16 20:06:28,070 [grpc-default-executor-2] WARN  server.GrpcLogAppender (GrpcLogAppender.java:resetClient(137)) - 8a432d69-9095-4d8b-a714-320becebd573@group-CC084F38A809->77c004ef-6c20-479a-84fb-1570edc7ba10-GrpcLogAppender: Failed to getClient for 77c004ef-6c20-479a-84fb-1570edc7ba10
org.apache.ratis.protocol.exceptions.AlreadyClosedException: 8a432d69-9095-4d8b-a714-320becebd573 is already CLOSED
	at org.apache.ratis.util.PeerProxyMap$PeerAndProxy.getProxy(PeerProxyMap.java:61)
	at org.apache.ratis.util.PeerProxyMap.getProxy(PeerProxyMap.java:115)
	at org.apache.ratis.grpc.server.GrpcLogAppender.getClient(GrpcLogAppender.java:116)
	at org.apache.ratis.grpc.server.GrpcLogAppender.resetClient(GrpcLogAppender.java:121)
	at org.apache.ratis.grpc.server.GrpcLogAppender.access$500(GrpcLogAppender.java:58)
	at org.apache.ratis.grpc.server.GrpcLogAppender$AppendLogResponseHandler.onCompleted(GrpcLogAppender.java:416)
	at org.apache.ratis.thirdparty.io.grpc.stub.ClientCalls$StreamObserverToCallListenerAdapter.onClose(ClientCalls.java:485)
	at org.apache.ratis.thirdparty.io.grpc.internal.DelayedClientCall$DelayedListener$3.run(DelayedClientCall.java:468)
	at org.apache.ratis.thirdparty.io.grpc.internal.DelayedClientCall$DelayedListener.delayOrExecute(DelayedClientCall.java:432)
	at org.apache.ratis.thirdparty.io.grpc.internal.DelayedClientCall$DelayedListener.onClose(DelayedClientCall.java:465)
	at org.apache.ratis.thirdparty.io.grpc.internal.ClientCallImpl.closeObserver(ClientCallImpl.java:562)
	at org.apache.ratis.thirdparty.io.grpc.internal.ClientCallImpl.access$300(ClientCallImpl.java:70)
	at org.apache.ratis.thirdparty.io.grpc.internal.ClientCallImpl$ClientStreamListenerImpl$1StreamClosed.runInternal(ClientCallImpl.java:743)
	at org.apache.ratis.thirdparty.io.grpc.internal.ClientCallImpl$ClientStreamListenerImpl$1StreamClosed.runInContext(ClientCallImpl.java:722)
	at org.apache.ratis.thirdparty.io.grpc.internal.ContextRunnable.run(ContextRunnable.java:37)
	at org.apache.ratis.thirdparty.io.grpc.internal.SerializingExecutor.run(SerializingExecutor.java:133)
	at java.util.concurrent.ThreadPoolExecutor.runWorker(ThreadPoolExecutor.java:1149)
	at java.util.concurrent.ThreadPoolExecutor$Worker.run(ThreadPoolExecutor.java:624)
	at java.lang.Thread.run(Thread.java:750)
2023-03-16 20:06:28,074 [ForkJoinPool.commonPool-worker-0] INFO  server.GrpcService (GrpcService.java:closeImpl(280)) - c4e89383-110e-4923-8697-fad4fff4e184: shutdown server GrpcServerProtocolService successfully
2023-03-16 20:06:28,076 [Listener at 127.0.0.1/40321] INFO  server.GrpcServerProtocolClient (GrpcServerProtocolClient.java:close(101)) - c4e89383-110e-4923-8697-fad4fff4e184 Close channels
2023-03-16 20:06:28,076 [c4e89383-110e-4923-8697-fad4fff4e184-NettyServerStreamRpc-bossGroup--thread1] INFO  logging.LoggingHandler (AbstractInternalLogger.java:log(148)) - [id: 0xed7eda99, L:/0:0:0:0:0:0:0:0:45915] CLOSE
2023-03-16 20:06:28,076 [Listener at 127.0.0.1/40321] INFO  server.GrpcService (GrpcService.java:closeImpl(280)) - 8a432d69-9095-4d8b-a714-320becebd573: shutdown server GrpcServerProtocolService successfully
2023-03-16 20:06:28,076 [c4e89383-110e-4923-8697-fad4fff4e184-NettyServerStreamRpc-bossGroup--thread1] INFO  logging.LoggingHandler (AbstractInternalLogger.java:log(148)) - [id: 0xed7eda99, L:/0:0:0:0:0:0:0:0:45915] INACTIVE
2023-03-16 20:06:28,076 [c4e89383-110e-4923-8697-fad4fff4e184-NettyServerStreamRpc-bossGroup--thread1] INFO  logging.LoggingHandler (AbstractInternalLogger.java:log(148)) - [id: 0xed7eda99, L:/0:0:0:0:0:0:0:0:45915] UNREGISTERED
2023-03-16 20:06:28,077 [8a432d69-9095-4d8b-a714-320becebd573-NettyServerStreamRpc-bossGroup--thread1] INFO  logging.LoggingHandler (AbstractInternalLogger.java:log(148)) - [id: 0x03da84fa, L:/0:0:0:0:0:0:0:0:42805] CLOSE
2023-03-16 20:06:28,077 [8a432d69-9095-4d8b-a714-320becebd573-NettyServerStreamRpc-bossGroup--thread1] INFO  logging.LoggingHandler (AbstractInternalLogger.java:log(148)) - [id: 0x03da84fa, L:/0:0:0:0:0:0:0:0:42805] INACTIVE
2023-03-16 20:06:28,077 [8a432d69-9095-4d8b-a714-320becebd573-NettyServerStreamRpc-bossGroup--thread1] INFO  logging.LoggingHandler (AbstractInternalLogger.java:log(148)) - [id: 0x03da84fa, L:/0:0:0:0:0:0:0:0:42805] UNREGISTERED
2023-03-16 20:06:28,104 [JvmPauseMonitor7] INFO  util.JvmPauseMonitor (JvmPauseMonitor.java:run(111)) - JvmPauseMonitor-c4e89383-110e-4923-8697-fad4fff4e184: Stopped
2023-03-16 20:06:28,104 [JvmPauseMonitor8] INFO  util.JvmPauseMonitor (JvmPauseMonitor.java:run(111)) - JvmPauseMonitor-8a432d69-9095-4d8b-a714-320becebd573: Stopped
2023-03-16 20:06:30,125 [Listener at 127.0.0.1/40321] INFO  volume.HddsVolume (HddsVolume.java:closeDbStore(436)) - SchemaV3 db is stopped at /home/runner/work/ozone/ozone/hadoop-ozone/integration-test/target/test-dir/MiniOzoneClusterImpl-c7341fe8-f2e3-4722-9e04-a1c7dbed4fc1/datanode-2/data-0/containers/hdds/c7341fe8-f2e3-4722-9e04-a1c7dbed4fc1/DS-648aa44f-a001-45bb-b56f-c7c8c5abcc0f/container.db for volume DS-648aa44f-a001-45bb-b56f-c7c8c5abcc0f
2023-03-16 20:06:30,126 [Listener at 127.0.0.1/40321] INFO  utils.BackgroundService (BackgroundService.java:shutdown(141)) - Shutting down service BlockDeletingService
2023-03-16 20:06:30,128 [Listener at 127.0.0.1/40321] INFO  utils.BackgroundService (BackgroundService.java:shutdown(141)) - Shutting down service StaleRecoveringContainerScrubbingService
2023-03-16 20:06:30,131 [ForkJoinPool.commonPool-worker-0] INFO  volume.HddsVolume (HddsVolume.java:closeDbStore(436)) - SchemaV3 db is stopped at /home/runner/work/ozone/ozone/hadoop-ozone/integration-test/target/test-dir/MiniOzoneClusterImpl-c7341fe8-f2e3-4722-9e04-a1c7dbed4fc1/datanode-1/data-0/containers/hdds/c7341fe8-f2e3-4722-9e04-a1c7dbed4fc1/DS-adaa2ab1-f11d-4a72-86ae-1e0c0ccba13b/container.db for volume DS-adaa2ab1-f11d-4a72-86ae-1e0c0ccba13b
2023-03-16 20:06:30,132 [Listener at 127.0.0.1/40321] INFO  statemachine.DatanodeStateMachine (DatanodeStateMachine.java:stopDaemon(601)) - Ozone container server stopped.
2023-03-16 20:06:30,143 [ForkJoinPool.commonPool-worker-0] INFO  utils.BackgroundService (BackgroundService.java:shutdown(141)) - Shutting down service BlockDeletingService
2023-03-16 20:06:30,143 [ForkJoinPool.commonPool-worker-0] INFO  utils.BackgroundService (BackgroundService.java:shutdown(141)) - Shutting down service StaleRecoveringContainerScrubbingService
2023-03-16 20:06:30,146 [ForkJoinPool.commonPool-worker-0] INFO  statemachine.DatanodeStateMachine (DatanodeStateMachine.java:stopDaemon(601)) - Ozone container server stopped.
2023-03-16 20:06:30,173 [Listener at 127.0.0.1/40321] INFO  handler.ContextHandler (ContextHandler.java:doStop(1159)) - Stopped o.e.j.w.WebAppContext@7e2046b5{hddsDatanode,/,null,STOPPED}{jar:file:/home/runner/.m2/repository/org/apache/ozone/hdds-container-service/1.4.0-SNAPSHOT/hdds-container-service-1.4.0-SNAPSHOT.jar!/webapps/hddsDatanode}
2023-03-16 20:06:30,175 [Listener at 127.0.0.1/40321] INFO  server.AbstractConnector (AbstractConnector.java:doStop(383)) - Stopped ServerConnector@6c10a403{HTTP/1.1, (http/1.1)}{0.0.0.0:0}
2023-03-16 20:06:30,175 [Listener at 127.0.0.1/40321] INFO  server.session (HouseKeeper.java:stopScavenging(149)) - node0 Stopped scavenging
2023-03-16 20:06:30,176 [Listener at 127.0.0.1/40321] INFO  handler.ContextHandler (ContextHandler.java:doStop(1159)) - Stopped o.e.j.s.ServletContextHandler@14ac8e21{static,/static,jar:file:/home/runner/.m2/repository/org/apache/ozone/hdds-container-service/1.4.0-SNAPSHOT/hdds-container-service-1.4.0-SNAPSHOT.jar!/webapps/static,STOPPED}
2023-03-16 20:06:30,177 [Listener at 127.0.0.1/40321] INFO  handler.ContextHandler (ContextHandler.java:doStop(1159)) - Stopped o.e.j.s.ServletContextHandler@1e42c42f{logs,/logs,file:///home/runner/work/ozone/ozone/hadoop-ozone/integration-test/target/log,STOPPED}
2023-03-16 20:06:30,178 [ForkJoinPool.commonPool-worker-0] INFO  handler.ContextHandler (ContextHandler.java:doStop(1159)) - Stopped o.e.j.w.WebAppContext@1563b6d3{hddsDatanode,/,null,STOPPED}{jar:file:/home/runner/.m2/repository/org/apache/ozone/hdds-container-service/1.4.0-SNAPSHOT/hdds-container-service-1.4.0-SNAPSHOT.jar!/webapps/hddsDatanode}
2023-03-16 20:06:30,179 [ForkJoinPool.commonPool-worker-0] INFO  server.AbstractConnector (AbstractConnector.java:doStop(383)) - Stopped ServerConnector@5af7b9c5{HTTP/1.1, (http/1.1)}{0.0.0.0:0}
2023-03-16 20:06:30,181 [ForkJoinPool.commonPool-worker-0] INFO  server.session (HouseKeeper.java:stopScavenging(149)) - node0 Stopped scavenging
2023-03-16 20:06:30,182 [ForkJoinPool.commonPool-worker-0] INFO  handler.ContextHandler (ContextHandler.java:doStop(1159)) - Stopped o.e.j.s.ServletContextHandler@1e6d5efa{static,/static,jar:file:/home/runner/.m2/repository/org/apache/ozone/hdds-container-service/1.4.0-SNAPSHOT/hdds-container-service-1.4.0-SNAPSHOT.jar!/webapps/static,STOPPED}
2023-03-16 20:06:30,184 [ForkJoinPool.commonPool-worker-0] INFO  handler.ContextHandler (ContextHandler.java:doStop(1159)) - Stopped o.e.j.s.ServletContextHandler@bf6f001{logs,/logs,file:///home/runner/work/ozone/ozone/hadoop-ozone/integration-test/target/log,STOPPED}
2023-03-16 20:06:30,190 [Listener at 127.0.0.1/40321] INFO  ozoneimpl.OzoneContainer (OzoneContainer.java:stop(423)) - Attempting to stop container services.
2023-03-16 20:06:30,193 [ForkJoinPool.commonPool-worker-0] INFO  ozoneimpl.OzoneContainer (OzoneContainer.java:stop(423)) - Attempting to stop container services.
2023-03-16 20:06:30,193 [Listener at 127.0.0.1/40321] INFO  server.RaftServer (RaftServerProxy.java:lambda$close$6(409)) - 9af49bef-8086-45bf-a9fe-0593dfe94cbe: close
2023-03-16 20:06:30,194 [9af49bef-8086-45bf-a9fe-0593dfe94cbe-impl-thread1] INFO  server.RaftServer$Division (RaftServerImpl.java:lambda$close$4(458)) - 9af49bef-8086-45bf-a9fe-0593dfe94cbe@group-00AF5B0A5337: shutdown
2023-03-16 20:06:30,194 [9af49bef-8086-45bf-a9fe-0593dfe94cbe-impl-thread1] INFO  util.JmxRegister (JmxRegister.java:unregister(73)) - Successfully un-registered JMX Bean with object name Ratis:service=RaftServer,group=group-00AF5B0A5337,id=9af49bef-8086-45bf-a9fe-0593dfe94cbe
2023-03-16 20:06:30,194 [9af49bef-8086-45bf-a9fe-0593dfe94cbe-impl-thread1] INFO  impl.RoleInfo (RoleInfo.java:shutdownLeaderState(93)) - 9af49bef-8086-45bf-a9fe-0593dfe94cbe: shutdown 9af49bef-8086-45bf-a9fe-0593dfe94cbe@group-00AF5B0A5337-LeaderStateImpl
2023-03-16 20:06:30,194 [9af49bef-8086-45bf-a9fe-0593dfe94cbe-impl-thread1] INFO  impl.PendingRequests (PendingRequests.java:sendNotLeaderResponses(282)) - 9af49bef-8086-45bf-a9fe-0593dfe94cbe@group-00AF5B0A5337-PendingRequests: sendNotLeaderResponses
2023-03-16 20:06:30,194 [ForkJoinPool.commonPool-worker-0] INFO  server.RaftServer (RaftServerProxy.java:lambda$close$6(409)) - 77c004ef-6c20-479a-84fb-1570edc7ba10: close
2023-03-16 20:06:30,195 [9af49bef-8086-45bf-a9fe-0593dfe94cbe-impl-thread1] INFO  impl.StateMachineUpdater (StateMachineUpdater.java:stopAndJoin(153)) - 9af49bef-8086-45bf-a9fe-0593dfe94cbe@group-00AF5B0A5337-StateMachineUpdater: set stopIndex = 0
2023-03-16 20:06:30,195 [9af49bef-8086-45bf-a9fe-0593dfe94cbe@group-00AF5B0A5337-StateMachineUpdater] INFO  ratis.ContainerStateMachine (ContainerStateMachine.java:takeSnapshot(330)) - group-00AF5B0A5337: Taking a snapshot at:(t:1, i:0) file /home/runner/work/ozone/ozone/hadoop-ozone/integration-test/target/test-dir/MiniOzoneClusterImpl-c7341fe8-f2e3-4722-9e04-a1c7dbed4fc1/datanode-4/data/ratis/40e28f42-f4f4-4582-a541-00af5b0a5337/sm/snapshot.1_0
2023-03-16 20:06:30,196 [Listener at 127.0.0.1/40321] INFO  server.GrpcService (GrpcService.java:closeImpl(271)) - 9af49bef-8086-45bf-a9fe-0593dfe94cbe: shutdown server GrpcServerProtocolService now
2023-03-16 20:06:30,196 [Listener at 127.0.0.1/40321] INFO  server.GrpcService (GrpcService.java:closeImpl(280)) - 9af49bef-8086-45bf-a9fe-0593dfe94cbe: shutdown server GrpcServerProtocolService successfully
2023-03-16 20:06:30,196 [9af49bef-8086-45bf-a9fe-0593dfe94cbe-NettyServerStreamRpc-bossGroup--thread1] INFO  logging.LoggingHandler (AbstractInternalLogger.java:log(148)) - [id: 0x10d3530f, L:/0:0:0:0:0:0:0:0:40125] CLOSE
2023-03-16 20:06:30,197 [9af49bef-8086-45bf-a9fe-0593dfe94cbe-NettyServerStreamRpc-bossGroup--thread1] INFO  logging.LoggingHandler (AbstractInternalLogger.java:log(148)) - [id: 0x10d3530f, L:/0:0:0:0:0:0:0:0:40125] INACTIVE
2023-03-16 20:06:30,197 [9af49bef-8086-45bf-a9fe-0593dfe94cbe-NettyServerStreamRpc-bossGroup--thread1] INFO  logging.LoggingHandler (AbstractInternalLogger.java:log(148)) - [id: 0x10d3530f, L:/0:0:0:0:0:0:0:0:40125] UNREGISTERED
2023-03-16 20:06:30,198 [77c004ef-6c20-479a-84fb-1570edc7ba10-impl-thread2] INFO  server.RaftServer$Division (RaftServerImpl.java:lambda$close$4(458)) - 77c004ef-6c20-479a-84fb-1570edc7ba10@group-D3AAD9127F0A: shutdown
2023-03-16 20:06:30,200 [77c004ef-6c20-479a-84fb-1570edc7ba10-impl-thread2] INFO  util.JmxRegister (JmxRegister.java:unregister(73)) - Successfully un-registered JMX Bean with object name Ratis:service=RaftServer,group=group-D3AAD9127F0A,id=77c004ef-6c20-479a-84fb-1570edc7ba10
2023-03-16 20:06:30,200 [77c004ef-6c20-479a-84fb-1570edc7ba10-impl-thread2] INFO  impl.RoleInfo (RoleInfo.java:shutdownLeaderState(93)) - 77c004ef-6c20-479a-84fb-1570edc7ba10: shutdown 77c004ef-6c20-479a-84fb-1570edc7ba10@group-D3AAD9127F0A-LeaderStateImpl
2023-03-16 20:06:30,200 [77c004ef-6c20-479a-84fb-1570edc7ba10-impl-thread2] INFO  impl.PendingRequests (PendingRequests.java:sendNotLeaderResponses(282)) - 77c004ef-6c20-479a-84fb-1570edc7ba10@group-D3AAD9127F0A-PendingRequests: sendNotLeaderResponses
2023-03-16 20:06:30,200 [77c004ef-6c20-479a-84fb-1570edc7ba10-impl-thread2] INFO  impl.StateMachineUpdater (StateMachineUpdater.java:stopAndJoin(153)) - 77c004ef-6c20-479a-84fb-1570edc7ba10@group-D3AAD9127F0A-StateMachineUpdater: set stopIndex = 0
2023-03-16 20:06:30,201 [77c004ef-6c20-479a-84fb-1570edc7ba10@group-D3AAD9127F0A-StateMachineUpdater] INFO  ratis.ContainerStateMachine (ContainerStateMachine.java:takeSnapshot(330)) - group-D3AAD9127F0A: Taking a snapshot at:(t:1, i:0) file /home/runner/work/ozone/ozone/hadoop-ozone/integration-test/target/test-dir/MiniOzoneClusterImpl-c7341fe8-f2e3-4722-9e04-a1c7dbed4fc1/datanode-0/data/ratis/73df6ee5-b2c3-4bba-8471-d3aad9127f0a/sm/snapshot.1_0
2023-03-16 20:06:30,198 [9af49bef-8086-45bf-a9fe-0593dfe94cbe@group-00AF5B0A5337-StateMachineUpdater] INFO  ratis.ContainerStateMachine (ContainerStateMachine.java:takeSnapshot(341)) - group-00AF5B0A5337: Finished taking a snapshot at:(t:1, i:0) file:/home/runner/work/ozone/ozone/hadoop-ozone/integration-test/target/test-dir/MiniOzoneClusterImpl-c7341fe8-f2e3-4722-9e04-a1c7dbed4fc1/datanode-4/data/ratis/40e28f42-f4f4-4582-a541-00af5b0a5337/sm/snapshot.1_0 took: 3 ms
2023-03-16 20:06:30,202 [77c004ef-6c20-479a-84fb-1570edc7ba10@group-D3AAD9127F0A-StateMachineUpdater] INFO  ratis.ContainerStateMachine (ContainerStateMachine.java:takeSnapshot(341)) - group-D3AAD9127F0A: Finished taking a snapshot at:(t:1, i:0) file:/home/runner/work/ozone/ozone/hadoop-ozone/integration-test/target/test-dir/MiniOzoneClusterImpl-c7341fe8-f2e3-4722-9e04-a1c7dbed4fc1/datanode-0/data/ratis/73df6ee5-b2c3-4bba-8471-d3aad9127f0a/sm/snapshot.1_0 took: 1 ms
2023-03-16 20:06:30,202 [77c004ef-6c20-479a-84fb-1570edc7ba10@group-D3AAD9127F0A-StateMachineUpdater] INFO  impl.StateMachineUpdater (StateMachineUpdater.java:takeSnapshot(287)) - 77c004ef-6c20-479a-84fb-1570edc7ba10@group-D3AAD9127F0A-StateMachineUpdater: Took a snapshot at index 0
2023-03-16 20:06:30,202 [77c004ef-6c20-479a-84fb-1570edc7ba10@group-D3AAD9127F0A-StateMachineUpdater] INFO  impl.StateMachineUpdater (StateMachineUpdater.java:lambda$new$0(92)) - 77c004ef-6c20-479a-84fb-1570edc7ba10@group-D3AAD9127F0A-StateMachineUpdater: snapshotIndex: updateIncreasingly -1 -> 0
2023-03-16 20:06:30,203 [77c004ef-6c20-479a-84fb-1570edc7ba10-impl-thread2] INFO  server.RaftServer$Division (ServerState.java:close(466)) - 77c004ef-6c20-479a-84fb-1570edc7ba10@group-D3AAD9127F0A: closes. applyIndex: 0
2023-03-16 20:06:30,203 [9af49bef-8086-45bf-a9fe-0593dfe94cbe@group-00AF5B0A5337-StateMachineUpdater] INFO  impl.StateMachineUpdater (StateMachineUpdater.java:takeSnapshot(287)) - 9af49bef-8086-45bf-a9fe-0593dfe94cbe@group-00AF5B0A5337-StateMachineUpdater: Took a snapshot at index 0
2023-03-16 20:06:30,203 [9af49bef-8086-45bf-a9fe-0593dfe94cbe@group-00AF5B0A5337-StateMachineUpdater] INFO  impl.StateMachineUpdater (StateMachineUpdater.java:lambda$new$0(92)) - 9af49bef-8086-45bf-a9fe-0593dfe94cbe@group-00AF5B0A5337-StateMachineUpdater: snapshotIndex: updateIncreasingly -1 -> 0
2023-03-16 20:06:30,203 [9af49bef-8086-45bf-a9fe-0593dfe94cbe-impl-thread1] INFO  server.RaftServer$Division (ServerState.java:close(466)) - 9af49bef-8086-45bf-a9fe-0593dfe94cbe@group-00AF5B0A5337: closes. applyIndex: 0
2023-03-16 20:06:30,207 [77c004ef-6c20-479a-84fb-1570edc7ba10-impl-thread3] INFO  server.RaftServer$Division (RaftServerImpl.java:lambda$close$4(458)) - 77c004ef-6c20-479a-84fb-1570edc7ba10@group-CC084F38A809: shutdown
2023-03-16 20:06:30,207 [77c004ef-6c20-479a-84fb-1570edc7ba10-impl-thread3] INFO  util.JmxRegister (JmxRegister.java:unregister(73)) - Successfully un-registered JMX Bean with object name Ratis:service=RaftServer,group=group-CC084F38A809,id=77c004ef-6c20-479a-84fb-1570edc7ba10
2023-03-16 20:06:30,207 [77c004ef-6c20-479a-84fb-1570edc7ba10-impl-thread3] INFO  impl.RoleInfo (RoleInfo.java:shutdownFollowerState(110)) - 77c004ef-6c20-479a-84fb-1570edc7ba10: shutdown 77c004ef-6c20-479a-84fb-1570edc7ba10@group-CC084F38A809-FollowerState
2023-03-16 20:06:30,210 [77c004ef-6c20-479a-84fb-1570edc7ba10@group-D3AAD9127F0A-SegmentedRaftLogWorker] INFO  segmented.SegmentedRaftLogWorker (SegmentedRaftLogWorker.java:run(347)) - 77c004ef-6c20-479a-84fb-1570edc7ba10@group-D3AAD9127F0A-SegmentedRaftLogWorker was interrupted, exiting. There are 0 tasks remaining in the queue.
2023-03-16 20:06:30,210 [9af49bef-8086-45bf-a9fe-0593dfe94cbe@group-00AF5B0A5337-SegmentedRaftLogWorker] INFO  segmented.SegmentedRaftLogWorker (SegmentedRaftLogWorker.java:run(347)) - 9af49bef-8086-45bf-a9fe-0593dfe94cbe@group-00AF5B0A5337-SegmentedRaftLogWorker was interrupted, exiting. There are 0 tasks remaining in the queue.
2023-03-16 20:06:30,211 [77c004ef-6c20-479a-84fb-1570edc7ba10-impl-thread2] INFO  segmented.SegmentedRaftLogWorker (SegmentedRaftLogWorker.java:close(257)) - 77c004ef-6c20-479a-84fb-1570edc7ba10@group-D3AAD9127F0A-SegmentedRaftLogWorker close()
2023-03-16 20:06:30,213 [77c004ef-6c20-479a-84fb-1570edc7ba10-impl-thread3] INFO  impl.StateMachineUpdater (StateMachineUpdater.java:stopAndJoin(153)) - 77c004ef-6c20-479a-84fb-1570edc7ba10@group-CC084F38A809-StateMachineUpdater: set stopIndex = 22
2023-03-16 20:06:30,213 [77c004ef-6c20-479a-84fb-1570edc7ba10@group-CC084F38A809-FollowerState] INFO  impl.FollowerState (FollowerState.java:run(152)) - 77c004ef-6c20-479a-84fb-1570edc7ba10@group-CC084F38A809-FollowerState was interrupted
2023-03-16 20:06:30,213 [ForkJoinPool.commonPool-worker-0] INFO  server.GrpcService (GrpcService.java:closeImpl(271)) - 77c004ef-6c20-479a-84fb-1570edc7ba10: shutdown server GrpcServerProtocolService now
2023-03-16 20:06:30,214 [77c004ef-6c20-479a-84fb-1570edc7ba10-impl-thread4] INFO  server.RaftServer$Division (RaftServerImpl.java:lambda$close$4(458)) - 77c004ef-6c20-479a-84fb-1570edc7ba10@group-F98A64716723: shutdown
2023-03-16 20:06:30,214 [77c004ef-6c20-479a-84fb-1570edc7ba10-impl-thread4] INFO  util.JmxRegister (JmxRegister.java:unregister(73)) - Successfully un-registered JMX Bean with object name Ratis:service=RaftServer,group=group-F98A64716723,id=77c004ef-6c20-479a-84fb-1570edc7ba10
2023-03-16 20:06:30,214 [77c004ef-6c20-479a-84fb-1570edc7ba10-impl-thread4] INFO  impl.RoleInfo (RoleInfo.java:shutdownFollowerState(110)) - 77c004ef-6c20-479a-84fb-1570edc7ba10: shutdown 77c004ef-6c20-479a-84fb-1570edc7ba10@group-F98A64716723-FollowerState
2023-03-16 20:06:30,214 [77c004ef-6c20-479a-84fb-1570edc7ba10@group-CC084F38A809-StateMachineUpdater] INFO  ratis.ContainerStateMachine (ContainerStateMachine.java:takeSnapshot(330)) - group-CC084F38A809: Taking a snapshot at:(t:1, i:22) file /home/runner/work/ozone/ozone/hadoop-ozone/integration-test/target/test-dir/MiniOzoneClusterImpl-c7341fe8-f2e3-4722-9e04-a1c7dbed4fc1/datanode-0/data/ratis/df927098-acc7-49b5-b355-cc084f38a809/sm/snapshot.1_22
2023-03-16 20:06:30,216 [77c004ef-6c20-479a-84fb-1570edc7ba10@group-F98A64716723-FollowerState] INFO  impl.FollowerState (FollowerState.java:run(152)) - 77c004ef-6c20-479a-84fb-1570edc7ba10@group-F98A64716723-FollowerState was interrupted
2023-03-16 20:06:30,216 [77c004ef-6c20-479a-84fb-1570edc7ba10-impl-thread4] INFO  impl.StateMachineUpdater (StateMachineUpdater.java:stopAndJoin(153)) - 77c004ef-6c20-479a-84fb-1570edc7ba10@group-F98A64716723-StateMachineUpdater: set stopIndex = 8
2023-03-16 20:06:30,218 [ForkJoinPool.commonPool-worker-0] INFO  server.GrpcServerProtocolClient (GrpcServerProtocolClient.java:close(101)) - 8a432d69-9095-4d8b-a714-320becebd573 Close channels
2023-03-16 20:06:30,218 [77c004ef-6c20-479a-84fb-1570edc7ba10@group-F98A64716723-StateMachineUpdater] INFO  ratis.ContainerStateMachine (ContainerStateMachine.java:takeSnapshot(330)) - group-F98A64716723: Taking a snapshot at:(t:1, i:8) file /home/runner/work/ozone/ozone/hadoop-ozone/integration-test/target/test-dir/MiniOzoneClusterImpl-c7341fe8-f2e3-4722-9e04-a1c7dbed4fc1/datanode-0/data/ratis/9fd25088-a601-45c0-9c9f-f98a64716723/sm/snapshot.1_8
2023-03-16 20:06:30,218 [9af49bef-8086-45bf-a9fe-0593dfe94cbe-impl-thread1] INFO  segmented.SegmentedRaftLogWorker (SegmentedRaftLogWorker.java:close(257)) - 9af49bef-8086-45bf-a9fe-0593dfe94cbe@group-00AF5B0A5337-SegmentedRaftLogWorker close()
2023-03-16 20:06:30,220 [ForkJoinPool.commonPool-worker-0] INFO  server.GrpcServerProtocolClient (GrpcServerProtocolClient.java:close(101)) - c4e89383-110e-4923-8697-fad4fff4e184 Close channels
2023-03-16 20:06:30,220 [ForkJoinPool.commonPool-worker-0] INFO  server.GrpcService (GrpcService.java:closeImpl(280)) - 77c004ef-6c20-479a-84fb-1570edc7ba10: shutdown server GrpcServerProtocolService successfully
2023-03-16 20:06:30,221 [77c004ef-6c20-479a-84fb-1570edc7ba10@group-F98A64716723-StateMachineUpdater] INFO  ratis.ContainerStateMachine (ContainerStateMachine.java:takeSnapshot(341)) - group-F98A64716723: Finished taking a snapshot at:(t:1, i:8) file:/home/runner/work/ozone/ozone/hadoop-ozone/integration-test/target/test-dir/MiniOzoneClusterImpl-c7341fe8-f2e3-4722-9e04-a1c7dbed4fc1/datanode-0/data/ratis/9fd25088-a601-45c0-9c9f-f98a64716723/sm/snapshot.1_8 took: 3 ms
2023-03-16 20:06:30,221 [77c004ef-6c20-479a-84fb-1570edc7ba10@group-F98A64716723-StateMachineUpdater] INFO  impl.StateMachineUpdater (StateMachineUpdater.java:takeSnapshot(287)) - 77c004ef-6c20-479a-84fb-1570edc7ba10@group-F98A64716723-StateMachineUpdater: Took a snapshot at index 8
2023-03-16 20:06:30,221 [77c004ef-6c20-479a-84fb-1570edc7ba10@group-F98A64716723-StateMachineUpdater] INFO  impl.StateMachineUpdater (StateMachineUpdater.java:lambda$new$0(92)) - 77c004ef-6c20-479a-84fb-1570edc7ba10@group-F98A64716723-StateMachineUpdater: snapshotIndex: updateIncreasingly -1 -> 8
2023-03-16 20:06:30,222 [77c004ef-6c20-479a-84fb-1570edc7ba10-NettyServerStreamRpc-bossGroup--thread1] INFO  logging.LoggingHandler (AbstractInternalLogger.java:log(148)) - [id: 0x4894ccc5, L:/0:0:0:0:0:0:0:0:38139] CLOSE
2023-03-16 20:06:30,223 [77c004ef-6c20-479a-84fb-1570edc7ba10@group-CC084F38A809-StateMachineUpdater] INFO  ratis.ContainerStateMachine (ContainerStateMachine.java:takeSnapshot(341)) - group-CC084F38A809: Finished taking a snapshot at:(t:1, i:22) file:/home/runner/work/ozone/ozone/hadoop-ozone/integration-test/target/test-dir/MiniOzoneClusterImpl-c7341fe8-f2e3-4722-9e04-a1c7dbed4fc1/datanode-0/data/ratis/df927098-acc7-49b5-b355-cc084f38a809/sm/snapshot.1_22 took: 9 ms
2023-03-16 20:06:30,224 [77c004ef-6c20-479a-84fb-1570edc7ba10@group-CC084F38A809-StateMachineUpdater] INFO  impl.StateMachineUpdater (StateMachineUpdater.java:takeSnapshot(287)) - 77c004ef-6c20-479a-84fb-1570edc7ba10@group-CC084F38A809-StateMachineUpdater: Took a snapshot at index 22
2023-03-16 20:06:30,225 [77c004ef-6c20-479a-84fb-1570edc7ba10@group-CC084F38A809-StateMachineUpdater] INFO  impl.StateMachineUpdater (StateMachineUpdater.java:lambda$new$0(92)) - 77c004ef-6c20-479a-84fb-1570edc7ba10@group-CC084F38A809-StateMachineUpdater: snapshotIndex: updateIncreasingly -1 -> 22
2023-03-16 20:06:30,225 [77c004ef-6c20-479a-84fb-1570edc7ba10-NettyServerStreamRpc-bossGroup--thread1] INFO  logging.LoggingHandler (AbstractInternalLogger.java:log(148)) - [id: 0x4894ccc5, L:/0:0:0:0:0:0:0:0:38139] INACTIVE
2023-03-16 20:06:30,225 [77c004ef-6c20-479a-84fb-1570edc7ba10-NettyServerStreamRpc-bossGroup--thread1] INFO  logging.LoggingHandler (AbstractInternalLogger.java:log(148)) - [id: 0x4894ccc5, L:/0:0:0:0:0:0:0:0:38139] UNREGISTERED
2023-03-16 20:06:30,245 [77c004ef-6c20-479a-84fb-1570edc7ba10-impl-thread3] INFO  server.RaftServer$Division (ServerState.java:close(466)) - 77c004ef-6c20-479a-84fb-1570edc7ba10@group-CC084F38A809: closes. applyIndex: 22
2023-03-16 20:06:30,246 [77c004ef-6c20-479a-84fb-1570edc7ba10-impl-thread4] INFO  server.RaftServer$Division (ServerState.java:close(466)) - 77c004ef-6c20-479a-84fb-1570edc7ba10@group-F98A64716723: closes. applyIndex: 8
2023-03-16 20:06:30,252 [77c004ef-6c20-479a-84fb-1570edc7ba10@group-F98A64716723-SegmentedRaftLogWorker] INFO  segmented.SegmentedRaftLogWorker (SegmentedRaftLogWorker.java:run(347)) - 77c004ef-6c20-479a-84fb-1570edc7ba10@group-F98A64716723-SegmentedRaftLogWorker was interrupted, exiting. There are 0 tasks remaining in the queue.
2023-03-16 20:06:30,254 [77c004ef-6c20-479a-84fb-1570edc7ba10-impl-thread4] INFO  segmented.SegmentedRaftLogWorker (SegmentedRaftLogWorker.java:close(257)) - 77c004ef-6c20-479a-84fb-1570edc7ba10@group-F98A64716723-SegmentedRaftLogWorker close()
2023-03-16 20:06:30,255 [JvmPauseMonitor10] INFO  util.JvmPauseMonitor (JvmPauseMonitor.java:run(111)) - JvmPauseMonitor-9af49bef-8086-45bf-a9fe-0593dfe94cbe: Stopped
2023-03-16 20:06:30,257 [77c004ef-6c20-479a-84fb-1570edc7ba10@group-CC084F38A809-SegmentedRaftLogWorker] INFO  segmented.SegmentedRaftLogWorker (SegmentedRaftLogWorker.java:run(347)) - 77c004ef-6c20-479a-84fb-1570edc7ba10@group-CC084F38A809-SegmentedRaftLogWorker was interrupted, exiting. There are 0 tasks remaining in the queue.
2023-03-16 20:06:30,257 [77c004ef-6c20-479a-84fb-1570edc7ba10-impl-thread3] INFO  segmented.SegmentedRaftLogWorker (SegmentedRaftLogWorker.java:close(257)) - 77c004ef-6c20-479a-84fb-1570edc7ba10@group-CC084F38A809-SegmentedRaftLogWorker close()
2023-03-16 20:06:30,262 [JvmPauseMonitor6] INFO  util.JvmPauseMonitor (JvmPauseMonitor.java:run(111)) - JvmPauseMonitor-77c004ef-6c20-479a-84fb-1570edc7ba10: Stopped
2023-03-16 20:06:32,264 [Listener at 127.0.0.1/40321] INFO  volume.HddsVolume (HddsVolume.java:closeDbStore(436)) - SchemaV3 db is stopped at /home/runner/work/ozone/ozone/hadoop-ozone/integration-test/target/test-dir/MiniOzoneClusterImpl-c7341fe8-f2e3-4722-9e04-a1c7dbed4fc1/datanode-4/data-0/containers/hdds/c7341fe8-f2e3-4722-9e04-a1c7dbed4fc1/DS-d67b0a70-a0fe-42f9-9e20-b39076102b1f/container.db for volume DS-d67b0a70-a0fe-42f9-9e20-b39076102b1f
2023-03-16 20:06:32,265 [Listener at 127.0.0.1/40321] INFO  utils.BackgroundService (BackgroundService.java:shutdown(141)) - Shutting down service BlockDeletingService
2023-03-16 20:06:32,266 [Listener at 127.0.0.1/40321] INFO  utils.BackgroundService (BackgroundService.java:shutdown(141)) - Shutting down service StaleRecoveringContainerScrubbingService
2023-03-16 20:06:32,283 [ForkJoinPool.commonPool-worker-0] INFO  volume.HddsVolume (HddsVolume.java:closeDbStore(436)) - SchemaV3 db is stopped at /home/runner/work/ozone/ozone/hadoop-ozone/integration-test/target/test-dir/MiniOzoneClusterImpl-c7341fe8-f2e3-4722-9e04-a1c7dbed4fc1/datanode-0/data-0/containers/hdds/c7341fe8-f2e3-4722-9e04-a1c7dbed4fc1/DS-641219a0-8fd7-477a-9df5-1d52c6b2952b/container.db for volume DS-641219a0-8fd7-477a-9df5-1d52c6b2952b
2023-03-16 20:06:32,283 [Listener at 127.0.0.1/40321] INFO  statemachine.DatanodeStateMachine (DatanodeStateMachine.java:stopDaemon(601)) - Ozone container server stopped.
2023-03-16 20:06:32,290 [ForkJoinPool.commonPool-worker-0] INFO  utils.BackgroundService (BackgroundService.java:shutdown(141)) - Shutting down service BlockDeletingService
2023-03-16 20:06:32,291 [ForkJoinPool.commonPool-worker-0] INFO  utils.BackgroundService (BackgroundService.java:shutdown(141)) - Shutting down service StaleRecoveringContainerScrubbingService
2023-03-16 20:06:32,303 [ForkJoinPool.commonPool-worker-0] INFO  statemachine.DatanodeStateMachine (DatanodeStateMachine.java:stopDaemon(601)) - Ozone container server stopped.
2023-03-16 20:06:32,313 [Listener at 127.0.0.1/40321] INFO  handler.ContextHandler (ContextHandler.java:doStop(1159)) - Stopped o.e.j.w.WebAppContext@72825613{hddsDatanode,/,null,STOPPED}{jar:file:/home/runner/.m2/repository/org/apache/ozone/hdds-container-service/1.4.0-SNAPSHOT/hdds-container-service-1.4.0-SNAPSHOT.jar!/webapps/hddsDatanode}
2023-03-16 20:06:32,315 [Listener at 127.0.0.1/40321] INFO  server.AbstractConnector (AbstractConnector.java:doStop(383)) - Stopped ServerConnector@63fe4487{HTTP/1.1, (http/1.1)}{0.0.0.0:0}
2023-03-16 20:06:32,315 [Listener at 127.0.0.1/40321] INFO  server.session (HouseKeeper.java:stopScavenging(149)) - node0 Stopped scavenging
2023-03-16 20:06:32,315 [Listener at 127.0.0.1/40321] INFO  handler.ContextHandler (ContextHandler.java:doStop(1159)) - Stopped o.e.j.s.ServletContextHandler@3f5d4388{static,/static,jar:file:/home/runner/.m2/repository/org/apache/ozone/hdds-container-service/1.4.0-SNAPSHOT/hdds-container-service-1.4.0-SNAPSHOT.jar!/webapps/static,STOPPED}
2023-03-16 20:06:32,317 [Listener at 127.0.0.1/40321] INFO  handler.ContextHandler (ContextHandler.java:doStop(1159)) - Stopped o.e.j.s.ServletContextHandler@59d4bb2d{logs,/logs,file:///home/runner/work/ozone/ozone/hadoop-ozone/integration-test/target/log,STOPPED}
2023-03-16 20:06:32,325 [Listener at 127.0.0.1/40321] INFO  ozoneimpl.OzoneContainer (OzoneContainer.java:stop(423)) - Attempting to stop container services.
2023-03-16 20:06:32,328 [Listener at 127.0.0.1/40321] INFO  server.RaftServer (RaftServerProxy.java:lambda$close$6(409)) - b8c04efc-d1c9-41eb-be33-8d90dc945da6: close
2023-03-16 20:06:32,329 [Listener at 127.0.0.1/40321] INFO  server.GrpcService (GrpcService.java:closeImpl(271)) - b8c04efc-d1c9-41eb-be33-8d90dc945da6: shutdown server GrpcServerProtocolService now
2023-03-16 20:06:32,334 [Listener at 127.0.0.1/40321] INFO  server.GrpcService (GrpcService.java:closeImpl(280)) - b8c04efc-d1c9-41eb-be33-8d90dc945da6: shutdown server GrpcServerProtocolService successfully
2023-03-16 20:06:32,334 [b8c04efc-d1c9-41eb-be33-8d90dc945da6-NettyServerStreamRpc-bossGroup--thread1] INFO  logging.LoggingHandler (AbstractInternalLogger.java:log(148)) - [id: 0xad28f4ae, L:/0:0:0:0:0:0:0:0:41783] CLOSE
2023-03-16 20:06:32,335 [b8c04efc-d1c9-41eb-be33-8d90dc945da6-NettyServerStreamRpc-bossGroup--thread1] INFO  logging.LoggingHandler (AbstractInternalLogger.java:log(148)) - [id: 0xad28f4ae, L:/0:0:0:0:0:0:0:0:41783] INACTIVE
2023-03-16 20:06:32,335 [b8c04efc-d1c9-41eb-be33-8d90dc945da6-NettyServerStreamRpc-bossGroup--thread1] INFO  logging.LoggingHandler (AbstractInternalLogger.java:log(148)) - [id: 0xad28f4ae, L:/0:0:0:0:0:0:0:0:41783] UNREGISTERED
2023-03-16 20:06:32,337 [b8c04efc-d1c9-41eb-be33-8d90dc945da6-impl-thread2] INFO  server.RaftServer$Division (RaftServerImpl.java:lambda$close$4(458)) - b8c04efc-d1c9-41eb-be33-8d90dc945da6@group-9E2D28238F67: shutdown
2023-03-16 20:06:32,337 [b8c04efc-d1c9-41eb-be33-8d90dc945da6-impl-thread2] INFO  util.JmxRegister (JmxRegister.java:unregister(73)) - Successfully un-registered JMX Bean with object name Ratis:service=RaftServer,group=group-9E2D28238F67,id=b8c04efc-d1c9-41eb-be33-8d90dc945da6
2023-03-16 20:06:32,337 [b8c04efc-d1c9-41eb-be33-8d90dc945da6-impl-thread2] INFO  impl.RoleInfo (RoleInfo.java:shutdownLeaderState(93)) - b8c04efc-d1c9-41eb-be33-8d90dc945da6: shutdown b8c04efc-d1c9-41eb-be33-8d90dc945da6@group-9E2D28238F67-LeaderStateImpl
2023-03-16 20:06:32,338 [b8c04efc-d1c9-41eb-be33-8d90dc945da6-impl-thread2] INFO  impl.PendingRequests (PendingRequests.java:sendNotLeaderResponses(282)) - b8c04efc-d1c9-41eb-be33-8d90dc945da6@group-9E2D28238F67-PendingRequests: sendNotLeaderResponses
2023-03-16 20:06:32,339 [b8c04efc-d1c9-41eb-be33-8d90dc945da6@group-9E2D28238F67-StateMachineUpdater] INFO  ratis.ContainerStateMachine (ContainerStateMachine.java:takeSnapshot(330)) - group-9E2D28238F67: Taking a snapshot at:(t:1, i:0) file /home/runner/work/ozone/ozone/hadoop-ozone/integration-test/target/test-dir/MiniOzoneClusterImpl-c7341fe8-f2e3-4722-9e04-a1c7dbed4fc1/datanode-3/data/ratis/38387e45-7ca4-4ec0-9429-9e2d28238f67/sm/snapshot.1_0
2023-03-16 20:06:32,339 [b8c04efc-d1c9-41eb-be33-8d90dc945da6-impl-thread2] INFO  impl.StateMachineUpdater (StateMachineUpdater.java:stopAndJoin(153)) - b8c04efc-d1c9-41eb-be33-8d90dc945da6@group-9E2D28238F67-StateMachineUpdater: set stopIndex = 0
2023-03-16 20:06:32,340 [b8c04efc-d1c9-41eb-be33-8d90dc945da6@group-9E2D28238F67-StateMachineUpdater] INFO  ratis.ContainerStateMachine (ContainerStateMachine.java:takeSnapshot(341)) - group-9E2D28238F67: Finished taking a snapshot at:(t:1, i:0) file:/home/runner/work/ozone/ozone/hadoop-ozone/integration-test/target/test-dir/MiniOzoneClusterImpl-c7341fe8-f2e3-4722-9e04-a1c7dbed4fc1/datanode-3/data/ratis/38387e45-7ca4-4ec0-9429-9e2d28238f67/sm/snapshot.1_0 took: 2 ms
2023-03-16 20:06:32,341 [b8c04efc-d1c9-41eb-be33-8d90dc945da6@group-9E2D28238F67-StateMachineUpdater] INFO  impl.StateMachineUpdater (StateMachineUpdater.java:takeSnapshot(287)) - b8c04efc-d1c9-41eb-be33-8d90dc945da6@group-9E2D28238F67-StateMachineUpdater: Took a snapshot at index 0
2023-03-16 20:06:32,341 [b8c04efc-d1c9-41eb-be33-8d90dc945da6@group-9E2D28238F67-StateMachineUpdater] INFO  impl.StateMachineUpdater (StateMachineUpdater.java:lambda$new$0(92)) - b8c04efc-d1c9-41eb-be33-8d90dc945da6@group-9E2D28238F67-StateMachineUpdater: snapshotIndex: updateIncreasingly -1 -> 0
2023-03-16 20:06:32,342 [b8c04efc-d1c9-41eb-be33-8d90dc945da6-impl-thread2] INFO  server.RaftServer$Division (ServerState.java:close(466)) - b8c04efc-d1c9-41eb-be33-8d90dc945da6@group-9E2D28238F67: closes. applyIndex: 0
2023-03-16 20:06:32,345 [b8c04efc-d1c9-41eb-be33-8d90dc945da6@group-9E2D28238F67-SegmentedRaftLogWorker] INFO  segmented.SegmentedRaftLogWorker (SegmentedRaftLogWorker.java:run(347)) - b8c04efc-d1c9-41eb-be33-8d90dc945da6@group-9E2D28238F67-SegmentedRaftLogWorker was interrupted, exiting. There are 0 tasks remaining in the queue.
2023-03-16 20:06:32,345 [b8c04efc-d1c9-41eb-be33-8d90dc945da6-impl-thread2] INFO  segmented.SegmentedRaftLogWorker (SegmentedRaftLogWorker.java:close(257)) - b8c04efc-d1c9-41eb-be33-8d90dc945da6@group-9E2D28238F67-SegmentedRaftLogWorker close()
2023-03-16 20:06:32,356 [ForkJoinPool.commonPool-worker-0] INFO  handler.ContextHandler (ContextHandler.java:doStop(1159)) - Stopped o.e.j.w.WebAppContext@6ddbcdf6{hddsDatanode,/,null,STOPPED}{jar:file:/home/runner/.m2/repository/org/apache/ozone/hdds-container-service/1.4.0-SNAPSHOT/hdds-container-service-1.4.0-SNAPSHOT.jar!/webapps/hddsDatanode}
2023-03-16 20:06:32,357 [ForkJoinPool.commonPool-worker-0] INFO  server.AbstractConnector (AbstractConnector.java:doStop(383)) - Stopped ServerConnector@14ebd598{HTTP/1.1, (http/1.1)}{0.0.0.0:0}
2023-03-16 20:06:32,357 [ForkJoinPool.commonPool-worker-0] INFO  server.session (HouseKeeper.java:stopScavenging(149)) - node0 Stopped scavenging
2023-03-16 20:06:32,366 [ForkJoinPool.commonPool-worker-0] INFO  handler.ContextHandler (ContextHandler.java:doStop(1159)) - Stopped o.e.j.s.ServletContextHandler@128c36c0{static,/static,jar:file:/home/runner/.m2/repository/org/apache/ozone/hdds-container-service/1.4.0-SNAPSHOT/hdds-container-service-1.4.0-SNAPSHOT.jar!/webapps/static,STOPPED}
2023-03-16 20:06:32,373 [ForkJoinPool.commonPool-worker-0] INFO  handler.ContextHandler (ContextHandler.java:doStop(1159)) - Stopped o.e.j.s.ServletContextHandler@44f6b9c5{logs,/logs,file:///home/runner/work/ozone/ozone/hadoop-ozone/integration-test/target/log,STOPPED}
2023-03-16 20:06:32,376 [JvmPauseMonitor9] INFO  util.JvmPauseMonitor (JvmPauseMonitor.java:run(111)) - JvmPauseMonitor-b8c04efc-d1c9-41eb-be33-8d90dc945da6: Stopped
2023-03-16 20:06:33,803 [BlockDeletingService#0] INFO  interfaces.ContainerDeletionChoosingPolicyTemplate (ContainerDeletionChoosingPolicyTemplate.java:chooseContainerForBlockDeletion(83)) - Chosen 0/5000 blocks from 0 candidate containers.
2023-03-16 20:06:34,382 [Listener at 127.0.0.1/40321] INFO  volume.HddsVolume (HddsVolume.java:closeDbStore(436)) - SchemaV3 db is stopped at /home/runner/work/ozone/ozone/hadoop-ozone/integration-test/target/test-dir/MiniOzoneClusterImpl-c7341fe8-f2e3-4722-9e04-a1c7dbed4fc1/datanode-3/data-0/containers/hdds/c7341fe8-f2e3-4722-9e04-a1c7dbed4fc1/DS-0f1912cd-f8aa-4c72-ba87-1f992b2b57bd/container.db for volume DS-0f1912cd-f8aa-4c72-ba87-1f992b2b57bd
2023-03-16 20:06:34,382 [Listener at 127.0.0.1/40321] INFO  utils.BackgroundService (BackgroundService.java:shutdown(141)) - Shutting down service BlockDeletingService
2023-03-16 20:06:34,383 [Listener at 127.0.0.1/40321] INFO  utils.BackgroundService (BackgroundService.java:shutdown(141)) - Shutting down service StaleRecoveringContainerScrubbingService
2023-03-16 20:06:34,385 [Listener at 127.0.0.1/40321] INFO  statemachine.DatanodeStateMachine (DatanodeStateMachine.java:stopDaemon(601)) - Ozone container server stopped.
2023-03-16 20:06:34,402 [Listener at 127.0.0.1/40321] INFO  handler.ContextHandler (ContextHandler.java:doStop(1159)) - Stopped o.e.j.w.WebAppContext@47c2f0e0{hddsDatanode,/,null,STOPPED}{jar:file:/home/runner/.m2/repository/org/apache/ozone/hdds-container-service/1.4.0-SNAPSHOT/hdds-container-service-1.4.0-SNAPSHOT.jar!/webapps/hddsDatanode}
2023-03-16 20:06:34,404 [Listener at 127.0.0.1/40321] INFO  server.AbstractConnector (AbstractConnector.java:doStop(383)) - Stopped ServerConnector@63484357{HTTP/1.1, (http/1.1)}{0.0.0.0:0}
2023-03-16 20:06:34,404 [Listener at 127.0.0.1/40321] INFO  server.session (HouseKeeper.java:stopScavenging(149)) - node0 Stopped scavenging
2023-03-16 20:06:34,405 [Listener at 127.0.0.1/40321] INFO  handler.ContextHandler (ContextHandler.java:doStop(1159)) - Stopped o.e.j.s.ServletContextHandler@691533f{static,/static,jar:file:/home/runner/.m2/repository/org/apache/ozone/hdds-container-service/1.4.0-SNAPSHOT/hdds-container-service-1.4.0-SNAPSHOT.jar!/webapps/static,STOPPED}
2023-03-16 20:06:34,405 [Listener at 127.0.0.1/40321] INFO  handler.ContextHandler (ContextHandler.java:doStop(1159)) - Stopped o.e.j.s.ServletContextHandler@6dbcbbd1{logs,/logs,file:///home/runner/work/ozone/ozone/hadoop-ozone/integration-test/target/log,STOPPED}
2023-03-16 20:06:34,407 [Listener at 127.0.0.1/40321] INFO  ozone.MiniOzoneClusterImpl (MiniOzoneClusterImpl.java:stopSCM(545)) - Stopping the StorageContainerManager
2023-03-16 20:06:34,407 [Listener at 127.0.0.1/40321] INFO  server.StorageContainerManager (StorageContainerManager.java:stop(1537)) - Container Balancer is not running.
2023-03-16 20:06:34,407 [Listener at 127.0.0.1/40321] INFO  server.StorageContainerManager (StorageContainerManager.java:stop(1544)) - Stopping Replication Manager Service.
2023-03-16 20:06:34,407 [Listener at 127.0.0.1/40321] INFO  replication.ReplicationManager (ReplicationManager.java:stop(304)) - Stopping Replication Monitor Thread.
2023-03-16 20:06:34,407 [Under Replicated Processor] WARN  replication.UnhealthyReplicationProcessor (UnhealthyReplicationProcessor.java:run(146)) - Under Replicated Processor interrupted. Exiting...
2023-03-16 20:06:34,407 [Over Replicated Processor] WARN  replication.UnhealthyReplicationProcessor (UnhealthyReplicationProcessor.java:run(146)) - Over Replicated Processor interrupted. Exiting...
2023-03-16 20:06:34,408 [Listener at 127.0.0.1/40321] INFO  server.StorageContainerManager (StorageContainerManager.java:stop(1551)) - Stopping the Datanode Admin Monitor.
2023-03-16 20:06:34,408 [ReplicationMonitor] INFO  replication.ReplicationManager (ReplicationManager.java:run(808)) - Replication Monitor Thread is stopped
2023-03-16 20:06:34,408 [Listener at 127.0.0.1/40321] INFO  server.StorageContainerManager (StorageContainerManager.java:stop(1558)) - Stopping datanode service RPC server
2023-03-16 20:06:34,408 [Listener at 127.0.0.1/40321] INFO  server.SCMDatanodeProtocolServer (SCMDatanodeProtocolServer.java:stop(424)) - Stopping the RPC server for DataNodes
2023-03-16 20:06:34,408 [Listener at 127.0.0.1/40321] INFO  ipc.Server (Server.java:stop(3428)) - Stopping server on 39383
2023-03-16 20:06:34,413 [IPC Server listener on 0] INFO  ipc.Server (Server.java:run(1384)) - Stopping IPC Server listener on 0
2023-03-16 20:06:34,413 [IPC Server Responder] INFO  ipc.Server (Server.java:run(1517)) - Stopping IPC Server Responder
2023-03-16 20:06:34,436 [SCM Heartbeat Processing Thread - 0] WARN  node.NodeStateManager (NodeStateManager.java:scheduleNextHealthCheck(870)) - Current Thread is interrupted, shutting down HB processing thread for Node Manager.
2023-03-16 20:06:34,437 [Listener at 127.0.0.1/40321] INFO  server.StorageContainerManager (StorageContainerManager.java:stop(1566)) - Stopping block service RPC server
2023-03-16 20:06:34,437 [Listener at 127.0.0.1/40321] INFO  server.SCMBlockProtocolServer (SCMBlockProtocolServer.java:stop(161)) - Stopping the RPC server for Block Protocol
2023-03-16 20:06:34,437 [Listener at 127.0.0.1/40321] INFO  ipc.Server (Server.java:stop(3428)) - Stopping server on 46383
2023-03-16 20:06:34,443 [IPC Server listener on 0] INFO  ipc.Server (Server.java:run(1384)) - Stopping IPC Server listener on 0
2023-03-16 20:06:34,444 [IPC Server Responder] INFO  ipc.Server (Server.java:run(1517)) - Stopping IPC Server Responder
2023-03-16 20:06:34,444 [Listener at 127.0.0.1/40321] INFO  server.StorageContainerManager (StorageContainerManager.java:stop(1573)) - Stopping the StorageContainerLocationProtocol RPC server
2023-03-16 20:06:34,444 [Listener at 127.0.0.1/40321] INFO  server.SCMClientProtocolServer (SCMClientProtocolServer.java:stop(203)) - Stopping the RPC server for Client Protocol
2023-03-16 20:06:34,445 [Listener at 127.0.0.1/40321] INFO  ipc.Server (Server.java:stop(3428)) - Stopping server on 35241
2023-03-16 20:06:34,451 [IPC Server listener on 0] INFO  ipc.Server (Server.java:run(1384)) - Stopping IPC Server listener on 0
2023-03-16 20:06:34,451 [IPC Server Responder] INFO  ipc.Server (Server.java:run(1517)) - Stopping IPC Server Responder
2023-03-16 20:06:34,451 [Listener at 127.0.0.1/40321] INFO  server.StorageContainerManager (StorageContainerManager.java:stop(1580)) - Stopping Storage Container Manager HTTP server.
2023-03-16 20:06:34,453 [Listener at 127.0.0.1/40321] INFO  handler.ContextHandler (ContextHandler.java:doStop(1159)) - Stopped o.e.j.w.WebAppContext@7a47fe12{scm,/,null,STOPPED}{file:/home/runner/work/ozone/ozone/hadoop-ozone/integration-test/target/test-classes/webapps/scm}
2023-03-16 20:06:34,454 [Listener at 127.0.0.1/40321] INFO  server.AbstractConnector (AbstractConnector.java:doStop(383)) - Stopped ServerConnector@606d6258{HTTP/1.1, (http/1.1)}{0.0.0.0:0}
2023-03-16 20:06:34,454 [Listener at 127.0.0.1/40321] INFO  server.session (HouseKeeper.java:stopScavenging(149)) - node0 Stopped scavenging
2023-03-16 20:06:34,454 [Listener at 127.0.0.1/40321] INFO  handler.ContextHandler (ContextHandler.java:doStop(1159)) - Stopped o.e.j.s.ServletContextHandler@4df025dd{static,/static,file:///home/runner/work/ozone/ozone/hadoop-ozone/integration-test/target/test-classes/webapps/static,STOPPED}
2023-03-16 20:06:34,455 [Listener at 127.0.0.1/40321] INFO  handler.ContextHandler (ContextHandler.java:doStop(1159)) - Stopped o.e.j.s.ServletContextHandler@15ea20e2{logs,/logs,file:///home/runner/work/ozone/ozone/hadoop-ozone/integration-test/target/log,STOPPED}
2023-03-16 20:06:34,456 [Listener at 127.0.0.1/40321] INFO  server.StorageContainerManager (StorageContainerManager.java:stop(1588)) - Stopping SCM LayoutVersionManager Service.
2023-03-16 20:06:34,456 [Listener at 127.0.0.1/40321] INFO  server.StorageContainerManager (StorageContainerManager.java:stop(1596)) - Stopping Block Manager Service.
2023-03-16 20:06:34,456 [Listener at 127.0.0.1/40321] INFO  utils.BackgroundService (BackgroundService.java:shutdown(141)) - Shutting down service SCMBlockDeletingService
2023-03-16 20:06:34,457 [Listener at 127.0.0.1/40321] INFO  utils.BackgroundService (BackgroundService.java:shutdown(141)) - Shutting down service SCMBlockDeletingService
2023-03-16 20:06:34,457 [Listener at 127.0.0.1/40321] INFO  server.StorageContainerManager (StorageContainerManager.java:stop(1618)) - Stopping SCM Event Queue.
2023-03-16 20:06:34,465 [Listener at 127.0.0.1/40321] INFO  server.StorageContainerManager (StorageContainerManager.java:stop(1629)) - Stopping SCM HA services.
2023-03-16 20:06:34,465 [Listener at 127.0.0.1/40321] INFO  pipeline.BackgroundPipelineCreator (BackgroundPipelineCreator.java:stop(149)) - Stopping RatisPipelineUtilsThread.
2023-03-16 20:06:34,465 [RatisPipelineUtilsThread - 0] WARN  pipeline.BackgroundPipelineCreator (BackgroundPipelineCreator.java:run(180)) - RatisPipelineUtilsThread is interrupted.
2023-03-16 20:06:34,465 [Listener at 127.0.0.1/40321] INFO  BackgroundPipelineScrubber (BackgroundSCMService.java:stop(131)) - Stopping BackgroundPipelineScrubber Service.
2023-03-16 20:06:34,466 [BackgroundPipelineScrubberThread] WARN  BackgroundPipelineScrubber (BackgroundSCMService.java:run(115)) - BackgroundPipelineScrubber is interrupted, exit
2023-03-16 20:06:34,469 [Listener at 127.0.0.1/40321] INFO  impl.MetricsSystemImpl (MetricsSystemImpl.java:stop(210)) - Stopping HddsDatanode metrics system...
2023-03-16 20:06:34,478 [prometheus] INFO  impl.MetricsSinkAdapter (MetricsSinkAdapter.java:publishMetricsFromQueue(141)) - prometheus thread interrupted.
2023-03-16 20:06:34,480 [Listener at 127.0.0.1/40321] INFO  impl.MetricsSystemImpl (MetricsSystemImpl.java:stop(216)) - HddsDatanode metrics system stopped.
2023-03-16 20:06:34,481 [Listener at 127.0.0.1/40321] WARN  pipeline.BackgroundPipelineCreator (BackgroundPipelineCreator.java:stop(145)) - RatisPipelineUtilsThread is not running, just ignore.
2023-03-16 20:06:34,481 [Listener at 127.0.0.1/40321] INFO  BackgroundPipelineScrubber (BackgroundSCMService.java:stop(126)) - BackgroundPipelineScrubber Service is not running, skip stop.
2023-03-16 20:06:34,481 [Listener at 127.0.0.1/40321] INFO  ExpiredContainerReplicaOpScrubber (BackgroundSCMService.java:stop(131)) - Stopping ExpiredContainerReplicaOpScrubber Service.
2023-03-16 20:06:34,481 [Listener at 127.0.0.1/40321] INFO  utils.BackgroundService (BackgroundService.java:shutdown(141)) - Shutting down service SCMBlockDeletingService
2023-03-16 20:06:34,481 [ExpiredContainerReplicaOpScrubberThread] WARN  ExpiredContainerReplicaOpScrubber (BackgroundSCMService.java:run(115)) - ExpiredContainerReplicaOpScrubber is interrupted, exit
2023-03-16 20:06:34,481 [Listener at 127.0.0.1/40321] INFO  replication.ReplicationManager (ReplicationManager.java:stop(314)) - Replication Monitor Thread is not running.
2023-03-16 20:06:34,482 [Listener at 127.0.0.1/40321] WARN  balancer.ContainerBalancer (ContainerBalancer.java:stop(322)) - Cannot stop Container Balancer because it's not running or stopping
2023-03-16 20:06:34,482 [Listener at 127.0.0.1/40321] INFO  server.StorageContainerManager (StorageContainerManager.java:stop(1647)) - Stopping SCM MetadataStore.
2023-03-16 20:06:34,562 [Listener at 127.0.0.1/40321] WARN  server.ServerUtils (ServerUtils.java:getScmDbDir(148)) - ozone.scm.db.dirs is not configured. We recommend adding this setting. Falling back to ozone.metadata.dirs instead.
2023-03-16 20:06:34,566 [Listener at 127.0.0.1/40321] WARN  server.ServerUtils (ServerUtils.java:getScmDbDir(148)) - ozone.scm.db.dirs is not configured. We recommend adding this setting. Falling back to ozone.metadata.dirs instead.
2023-03-16 20:06:34,567 [Listener at 127.0.0.1/40321] INFO  ha.SCMHANodeDetails (SCMHANodeDetails.java:loadSCMHAConfig(209)) - ServiceID for StorageContainerManager is null
2023-03-16 20:06:34,567 [Listener at 127.0.0.1/40321] INFO  ha.SCMHANodeDetails (SCMHANodeDetails.java:loadSCMHAConfig(214)) - ozone.scm.default.service.id is not defined, falling back to ozone.scm.service.ids to find serviceID for StorageContainerManager if it is HA enabled cluster
2023-03-16 20:06:34,568 [Listener at 127.0.0.1/40321] WARN  utils.HAUtils (HAUtils.java:getMetaDir(342)) - ozone.scm.db.dirs is not configured. We recommend adding this setting. Falling back to ozone.metadata.dirs instead.
2023-03-16 20:06:34,577 [Listener at 127.0.0.1/40321] WARN  db.DBStoreBuilder (DBStoreBuilder.java:applyDBDefinition(172)) - ozone.scm.db.dirs is not configured. We recommend adding this setting. Falling back to ozone.metadata.dirs instead.
2023-03-16 20:06:34,721 [Listener at 127.0.0.1/40321] INFO  net.NodeSchemaLoader (NodeSchemaLoader.java:loadSchemaFromFile(129)) - Loading schema from [jar:file:/home/runner/.m2/repository/org/apache/ozone/hdds-common/1.4.0-SNAPSHOT/hdds-common-1.4.0-SNAPSHOT.jar!/network-topology-default.xml]
2023-03-16 20:06:34,721 [Listener at 127.0.0.1/40321] INFO  net.NodeSchemaLoader (NodeSchemaLoader.java:loadSchema(176)) - Loading network topology layer schema file
2023-03-16 20:06:34,724 [Listener at 127.0.0.1/40321] INFO  upgrade.AbstractLayoutVersionManager (AbstractLayoutVersionManager.java:init(83)) - Initializing Layout version manager with metadata layout = DATANODE_SCHEMA_V3 (version = 4), software layout = DATANODE_SCHEMA_V3 (version = 4)
2023-03-16 20:06:34,782 [Listener at 127.0.0.1/40321] INFO  reflections.Reflections (Reflections.java:scan(232)) - Reflections took 56 ms to scan 7 urls, producing 155 keys and 368 values 
2023-03-16 20:06:34,785 [Listener at 127.0.0.1/40321] INFO  ha.SequenceIdGenerator (SequenceIdGenerator.java:upgradeToSequenceId(349)) - upgrade localId to 111677748019200000
2023-03-16 20:06:34,785 [Listener at 127.0.0.1/40321] INFO  ha.SequenceIdGenerator (SequenceIdGenerator.java:upgradeToSequenceId(359)) - upgrade delTxnId to 0
2023-03-16 20:06:34,785 [Listener at 127.0.0.1/40321] INFO  ha.SequenceIdGenerator (SequenceIdGenerator.java:upgradeToSequenceId(376)) - upgrade containerId to 0
2023-03-16 20:06:34,786 [Listener at 127.0.0.1/40321] INFO  ha.SequenceIdGenerator (SequenceIdGenerator.java:<init>(220)) - Init the HA SequenceIdGenerator.
2023-03-16 20:06:34,786 [Listener at 127.0.0.1/40321] WARN  server.ServerUtils (ServerUtils.java:sanitizeUserArgs(73)) - ozone.scm.stale.node.interval value = 300000 is larger than max = 100000 based on the key value of ozone.scm.heartbeat.thread.interval, reset to the max value 100000.
2023-03-16 20:06:34,786 [Listener at 127.0.0.1/40321] WARN  server.ServerUtils (ServerUtils.java:sanitizeUserArgs(73)) - ozone.scm.stale.node.interval value = 300000 is larger than max = 100000 based on the key value of ozone.scm.heartbeat.thread.interval, reset to the max value 100000.
2023-03-16 20:06:34,787 [Listener at 127.0.0.1/40321] INFO  node.SCMNodeManager (SCMNodeManager.java:<init>(156)) - Entering startup safe mode.
2023-03-16 20:06:34,787 [Listener at 127.0.0.1/40321] INFO  algorithms.ContainerPlacementPolicyFactory (ContainerPlacementPolicyFactory.java:getPolicyInternal(86)) - Create container placement policy of type org.apache.hadoop.hdds.scm.container.placement.algorithms.SCMContainerPlacementRandom
2023-03-16 20:06:34,787 [Listener at 127.0.0.1/40321] INFO  algorithms.ContainerPlacementPolicyFactory (ContainerPlacementPolicyFactory.java:getPolicyInternal(86)) - Create container placement policy of type org.apache.hadoop.hdds.scm.container.placement.algorithms.SCMContainerPlacementRackScatter
2023-03-16 20:06:34,787 [Listener at 127.0.0.1/40321] INFO  pipeline.PipelineStateManagerImpl (PipelineStateManagerImpl.java:initialize(78)) - No pipeline exists in current db
2023-03-16 20:06:34,788 [Listener at 127.0.0.1/40321] INFO  algorithms.LeaderChoosePolicyFactory (LeaderChoosePolicyFactory.java:getPolicy(57)) - Create leader choose policy of type org.apache.hadoop.hdds.scm.pipeline.leader.choose.algorithms.MinLeaderCountChoosePolicy
2023-03-16 20:06:34,788 [Listener at 127.0.0.1/40321] INFO  algorithms.ContainerPlacementPolicyFactory (ContainerPlacementPolicyFactory.java:getPolicyInternal(86)) - Create container placement policy of type org.apache.hadoop.hdds.scm.container.placement.algorithms.SCMContainerPlacementRackScatter
2023-03-16 20:06:34,788 [Listener at 127.0.0.1/40321] INFO  ha.SCMServiceManager (SCMServiceManager.java:register(42)) - Registering service BackgroundPipelineCreator.
2023-03-16 20:06:34,788 [Listener at 127.0.0.1/40321] INFO  pipeline.BackgroundPipelineCreator (BackgroundPipelineCreator.java:start(124)) - Starting RatisPipelineUtilsThread.
2023-03-16 20:06:34,789 [Listener at 127.0.0.1/40321] INFO  BackgroundPipelineScrubber (BackgroundSCMService.java:start(68)) - Starting BackgroundPipelineScrubber Service.
2023-03-16 20:06:34,789 [Listener at 127.0.0.1/40321] INFO  ha.SCMServiceManager (SCMServiceManager.java:register(42)) - Registering service BackgroundPipelineScrubber.
2023-03-16 20:06:34,789 [Listener at 127.0.0.1/40321] INFO  ExpiredContainerReplicaOpScrubber (BackgroundSCMService.java:start(68)) - Starting ExpiredContainerReplicaOpScrubber Service.
2023-03-16 20:06:34,789 [Listener at 127.0.0.1/40321] INFO  ha.SCMServiceManager (SCMServiceManager.java:register(42)) - Registering service ExpiredContainerReplicaOpScrubber.
2023-03-16 20:06:34,791 [Listener at 127.0.0.1/40321] INFO  algorithms.PipelineChoosePolicyFactory (PipelineChoosePolicyFactory.java:createPipelineChoosePolicyFromClass(73)) - Create pipeline choose policy of type org.apache.hadoop.hdds.scm.pipeline.choose.algorithms.RandomPipelineChoosePolicy
2023-03-16 20:06:34,791 [Listener at 127.0.0.1/40321] INFO  ha.SCMServiceManager (SCMServiceManager.java:register(42)) - Registering service SCMBlockDeletingService.
2023-03-16 20:06:34,791 [Listener at 127.0.0.1/40321] INFO  replication.ReplicationManager (ReplicationManager.java:start(271)) - Starting Replication Monitor Thread.
2023-03-16 20:06:34,792 [Listener at 127.0.0.1/40321] INFO  ha.SCMServiceManager (SCMServiceManager.java:register(42)) - Registering service ReplicationManager.
2023-03-16 20:06:34,793 [ReplicationMonitor] INFO  replication.ReplicationManager (ReplicationManager.java:processAll(346)) - Replication Manager is not ready to run until 3000ms after safemode exit
2023-03-16 20:06:34,793 [Listener at 127.0.0.1/40321] INFO  safemode.ContainerSafeModeRule (ContainerSafeModeRule.java:<init>(89)) - containers with one replica threshold count 0
2023-03-16 20:06:34,794 [Listener at 127.0.0.1/40321] INFO  safemode.HealthyPipelineSafeModeRule (HealthyPipelineSafeModeRule.java:initializeRule(169)) - Total pipeline count is 0, healthy pipeline threshold count is 1
2023-03-16 20:06:34,794 [Listener at 127.0.0.1/40321] INFO  safemode.OneReplicaPipelineSafeModeRule (OneReplicaPipelineSafeModeRule.java:initializeRule(180)) - Total pipeline count is 0, pipeline's with at least one datanode reported threshold count is 0
2023-03-16 20:06:34,795 [Listener at 127.0.0.1/40321] INFO  server.StorageContainerManager (StorageContainerManager.java:<init>(395)) - SCM start with adminUsers: [runner]
2023-03-16 20:06:34,795 [Listener at 127.0.0.1/40321] INFO  ipc.CallQueueManager (CallQueueManager.java:<init>(90)) - Using callQueue: class java.util.concurrent.LinkedBlockingQueue, queueCapacity: 2000, scheduler: class org.apache.hadoop.ipc.DefaultRpcScheduler, ipcBackoff: false.
2023-03-16 20:06:34,796 [Socket Reader #1 for port 0] INFO  ipc.Server (Server.java:run(1273)) - Starting Socket Reader #1 for port 0
2023-03-16 20:06:34,798 [Listener at 0.0.0.0/40529] INFO  ipc.CallQueueManager (CallQueueManager.java:<init>(90)) - Using callQueue: class java.util.concurrent.LinkedBlockingQueue, queueCapacity: 2000, scheduler: class org.apache.hadoop.ipc.DefaultRpcScheduler, ipcBackoff: false.
2023-03-16 20:06:34,799 [Socket Reader #1 for port 0] INFO  ipc.Server (Server.java:run(1273)) - Starting Socket Reader #1 for port 0
2023-03-16 20:06:34,802 [Listener at 0.0.0.0/45515] INFO  ipc.CallQueueManager (CallQueueManager.java:<init>(90)) - Using callQueue: class java.util.concurrent.LinkedBlockingQueue, queueCapacity: 2000, scheduler: class org.apache.hadoop.ipc.DefaultRpcScheduler, ipcBackoff: false.
2023-03-16 20:06:34,803 [Socket Reader #1 for port 0] INFO  ipc.Server (Server.java:run(1273)) - Starting Socket Reader #1 for port 0
2023-03-16 20:06:34,812 [Listener at 0.0.0.0/40075] INFO  ha.SCMServiceManager (SCMServiceManager.java:register(42)) - Registering service ContainerBalancer.
2023-03-16 20:06:34,812 [Listener at 0.0.0.0/40075] INFO  server.StorageContainerManager (StorageContainerManager.java:<init>(412)) - 
Container Balancer status:
Key                            Value
Running                        true
Container Balancer Configuration values:
Key                                                Value
Threshold                                          10
Max Datanodes to Involve per Iteration(percent)    20
Max Size to Move per Iteration                     500GB
Max Size Entering Target per Iteration             26GB
Max Size Leaving Source per Iteration              26GB

2023-03-16 20:06:34,812 [Listener at 0.0.0.0/40075] INFO  ha.SCMContext (SCMContext.java:updateSafeModeStatus(228)) - Update SafeModeStatus from SafeModeStatus{safeModeStatus=true, preCheckPassed=false} to SafeModeStatus{safeModeStatus=true, preCheckPassed=false}.
2023-03-16 20:06:34,813 [Listener at 0.0.0.0/40075] INFO  server.StorageContainerManager (StorageContainerManager.java:start(1442)) - StorageContainerLocationProtocol RPC server is listening at /0.0.0.0:40075
2023-03-16 20:06:34,815 [Listener at 0.0.0.0/40075] WARN  impl.MetricsConfig (MetricsConfig.java:loadFirst(136)) - Cannot locate configuration: tried hadoop-metrics2-storagecontainermanager.properties,hadoop-metrics2.properties
2023-03-16 20:06:34,815 [Listener at 0.0.0.0/40075] INFO  impl.MetricsSystemImpl (MetricsSystemImpl.java:startTimer(378)) - Scheduled Metric snapshot period at 10 second(s).
2023-03-16 20:06:34,815 [Listener at 0.0.0.0/40075] INFO  impl.MetricsSystemImpl (MetricsSystemImpl.java:start(191)) - StorageContainerManager metrics system started
2023-03-16 20:06:34,827 [Listener at 0.0.0.0/40075] INFO  impl.MetricsSinkAdapter (MetricsSinkAdapter.java:start(204)) - Sink prometheus started
2023-03-16 20:06:34,828 [Listener at 0.0.0.0/40075] INFO  impl.MetricsSystemImpl (MetricsSystemImpl.java:registerSink(305)) - Registered sink prometheus
2023-03-16 20:06:34,856 [Listener at 0.0.0.0/40075] INFO  server.SCMClientProtocolServer (SCMClientProtocolServer.java:start(194)) - RPC server for Client  is listening at /0.0.0.0:40075
2023-03-16 20:06:34,856 [IPC Server Responder] INFO  ipc.Server (Server.java:run(1512)) - IPC Server Responder: starting
2023-03-16 20:06:34,857 [IPC Server listener on 0] INFO  ipc.Server (Server.java:run(1352)) - IPC Server listener on 0: starting
2023-03-16 20:06:34,867 [Listener at 0.0.0.0/40075] INFO  server.StorageContainerManager (StorageContainerManager.java:start(1456)) - ScmBlockLocationProtocol RPC server is listening at /0.0.0.0:45515
2023-03-16 20:06:34,868 [Listener at 0.0.0.0/40075] INFO  server.SCMBlockProtocolServer (SCMBlockProtocolServer.java:start(152)) - RPC server for Block Protocol is listening at /0.0.0.0:45515
2023-03-16 20:06:34,868 [IPC Server Responder] INFO  ipc.Server (Server.java:run(1512)) - IPC Server Responder: starting
2023-03-16 20:06:34,869 [IPC Server listener on 0] INFO  ipc.Server (Server.java:run(1352)) - IPC Server listener on 0: starting
2023-03-16 20:06:34,872 [Listener at 0.0.0.0/40075] INFO  server.SCMDatanodeProtocolServer (SCMDatanodeProtocolServer.java:start(193)) - ScmDatanodeProtocol RPC server for DataNodes is listening at /0.0.0.0:40529
2023-03-16 20:06:34,872 [IPC Server Responder] INFO  ipc.Server (Server.java:run(1512)) - IPC Server Responder: starting
2023-03-16 20:06:34,873 [IPC Server listener on 0] INFO  ipc.Server (Server.java:run(1352)) - IPC Server listener on 0: starting
2023-03-16 20:06:34,877 [org.apache.hadoop.util.JvmPauseMonitor$Monitor@20b30c5f] INFO  util.JvmPauseMonitor (JvmPauseMonitor.java:run(188)) - Starting JVM pause monitor
2023-03-16 20:06:34,879 [Listener at 0.0.0.0/40075] INFO  http.BaseHttpServer (BaseHttpServer.java:newHttpServer2BuilderForOzone(224)) - Starting Web-server for scm at: http://0.0.0.0:0
2023-03-16 20:06:34,879 [Listener at 0.0.0.0/40075] INFO  http.BaseHttpServer (BaseHttpServer.java:<init>(111)) - Hadoop Security Enabled: false Ozone Security Enabled: false Ozone HTTP Security Enabled: false 
2023-03-16 20:06:34,881 [Listener at 0.0.0.0/40075] WARN  server.AuthenticationFilter (AuthenticationFilter.java:constructSecretProvider(240)) - Unable to initialize FileSignerSecretProvider, falling back to use random secrets. Reason: Could not read signature secret file: /home/runner/hadoop-http-auth-signature-secret
2023-03-16 20:06:34,882 [Listener at 0.0.0.0/40075] WARN  http.HttpRequestLog (HttpRequestLog.java:getRequestLog(103)) - Jetty request log can only be enabled using Log4j
2023-03-16 20:06:34,884 [Listener at 0.0.0.0/40075] INFO  http.HttpServer2 (HttpServer2.java:addGlobalFilter(1031)) - Added global filter 'safety' (class=org.apache.hadoop.hdds.server.http.HttpServer2$QuotingInputFilter)
2023-03-16 20:06:34,885 [Listener at 0.0.0.0/40075] INFO  http.HttpServer2 (HttpServer2.java:addFilter(1007)) - Added filter static_user_filter (class=org.apache.hadoop.http.lib.StaticUserWebFilter$StaticUserFilter) to context scm
2023-03-16 20:06:34,886 [Listener at 0.0.0.0/40075] INFO  http.HttpServer2 (HttpServer2.java:addFilter(1015)) - Added filter static_user_filter (class=org.apache.hadoop.http.lib.StaticUserWebFilter$StaticUserFilter) to context static
2023-03-16 20:06:34,886 [Listener at 0.0.0.0/40075] INFO  http.HttpServer2 (HttpServer2.java:addFilter(1015)) - Added filter static_user_filter (class=org.apache.hadoop.http.lib.StaticUserWebFilter$StaticUserFilter) to context logs
2023-03-16 20:06:34,887 [Listener at 0.0.0.0/40075] INFO  http.BaseHttpServer (BaseHttpServer.java:<init>(190)) - HTTP server of scm uses base directory /home/runner/work/ozone/ozone/hadoop-ozone/integration-test/target/test-dir/MiniOzoneClusterImpl-5d34faf9-8c61-4fd7-9f59-d81d67eb328e/ozone-meta/webserver
2023-03-16 20:06:34,887 [Listener at 0.0.0.0/40075] INFO  http.HttpServer2 (HttpServer2.java:bindListener(1250)) - Jetty bound to port 37071
2023-03-16 20:06:34,887 [Listener at 0.0.0.0/40075] INFO  server.Server (Server.java:doStart(375)) - jetty-9.4.49.v20220914; built: 2022-09-14T01:07:36.601Z; git: 4231a3b2e4cb8548a412a789936d640a97b1aa0a; jvm 1.8.0_362-b09
2023-03-16 20:06:34,893 [Listener at 0.0.0.0/40075] INFO  server.session (DefaultSessionIdManager.java:doStart(334)) - DefaultSessionIdManager workerName=node0
2023-03-16 20:06:34,893 [Listener at 0.0.0.0/40075] INFO  server.session (DefaultSessionIdManager.java:doStart(339)) - No SessionScavenger set, using defaults
2023-03-16 20:06:34,894 [Listener at 0.0.0.0/40075] INFO  server.session (HouseKeeper.java:startScavenging(132)) - node0 Scavenging every 660000ms
2023-03-16 20:06:34,895 [Listener at 0.0.0.0/40075] INFO  handler.ContextHandler (ContextHandler.java:doStart(921)) - Started o.e.j.s.ServletContextHandler@747beca4{logs,/logs,file:///home/runner/work/ozone/ozone/hadoop-ozone/integration-test/target/log,AVAILABLE}
2023-03-16 20:06:34,895 [Listener at 0.0.0.0/40075] INFO  handler.ContextHandler (ContextHandler.java:doStart(921)) - Started o.e.j.s.ServletContextHandler@e63a7{static,/static,file:///home/runner/work/ozone/ozone/hadoop-ozone/integration-test/target/test-classes/webapps/static,AVAILABLE}
2023-03-16 20:06:34,905 [Listener at 0.0.0.0/40075] INFO  handler.ContextHandler (ContextHandler.java:doStart(921)) - Started o.e.j.w.WebAppContext@58d8dec8{scm,/,file:///home/runner/work/ozone/ozone/hadoop-ozone/integration-test/target/test-classes/webapps/scm/,AVAILABLE}{file:/home/runner/work/ozone/ozone/hadoop-ozone/integration-test/target/test-classes/webapps/scm}
2023-03-16 20:06:34,909 [Listener at 0.0.0.0/40075] INFO  server.AbstractConnector (AbstractConnector.java:doStart(333)) - Started ServerConnector@23e7672c{HTTP/1.1, (http/1.1)}{0.0.0.0:37071}
2023-03-16 20:06:34,909 [Listener at 0.0.0.0/40075] INFO  server.Server (Server.java:doStart(415)) - Started @172381ms
2023-03-16 20:06:34,910 [Listener at 0.0.0.0/40075] WARN  impl.MetricsSystemImpl (MetricsSystemImpl.java:register(279)) - Sink prometheus already exists!
2023-03-16 20:06:34,911 [Listener at 0.0.0.0/40075] INFO  http.BaseHttpServer (BaseHttpServer.java:updateConnectorAddress(344)) - HTTP server of scm listening at http://0.0.0.0:37071
2023-03-16 20:06:34,911 [Listener at 0.0.0.0/40075] WARN  server.ServerUtils (ServerUtils.java:getDBPath(225)) - ozone.om.db.dirs is not configured. We recommend adding this setting. Falling back to ozone.metadata.dirs instead.
2023-03-16 20:06:34,914 [Listener at 0.0.0.0/40075] INFO  ha.OMHANodeDetails (OMHANodeDetails.java:loadOMHAConfig(115)) - ozone.om.internal.service.id is not defined, falling back to ozone.om.service.ids to find serviceID for OzoneManager if it is HA enabled cluster
2023-03-16 20:06:34,914 [Listener at 0.0.0.0/40075] INFO  ha.OMHANodeDetails (OMHANodeDetails.java:loadOMHAConfig(226)) - Configuration does not have ozone.om.address set. Falling back to the default OM address /127.0.0.1:0
2023-03-16 20:06:34,914 [Listener at 0.0.0.0/40075] INFO  ha.OMHANodeDetails (OMHANodeDetails.java:getOMNodeDetailsForNonHA(254)) - OM Service ID is not set. Setting it to the default ID: omServiceIdDefault
2023-03-16 20:06:34,914 [Listener at 0.0.0.0/40075] INFO  ha.OMHANodeDetails (OMHANodeDetails.java:getOMNodeDetailsForNonHA(261)) - OM Node ID is not set. Setting it to the default ID: om1
2023-03-16 20:06:34,915 [Listener at 0.0.0.0/40075] WARN  server.ServerUtils (ServerUtils.java:getDBPath(225)) - ozone.om.db.dirs is not configured. We recommend adding this setting. Falling back to ozone.metadata.dirs instead.
2023-03-16 20:06:34,916 [Listener at 0.0.0.0/40075] INFO  upgrade.AbstractLayoutVersionManager (AbstractLayoutVersionManager.java:init(83)) - Initializing Layout version manager with metadata layout = MULTITENANCY_SCHEMA (version = 3), software layout = MULTITENANCY_SCHEMA (version = 3)
2023-03-16 20:06:35,002 [Listener at 0.0.0.0/40075] INFO  reflections.Reflections (Reflections.java:scan(232)) - Reflections took 83 ms to scan 2 urls, producing 167 keys and 463 values [using 2 cores]
2023-03-16 20:06:35,002 [Listener at 0.0.0.0/40075] INFO  upgrade.OMLayoutVersionManager (OMLayoutVersionManager.java:lambda$0(115)) - Skipping Upgrade Action MockOmUpgradeAction since it has been finalized.
2023-03-16 20:06:35,002 [Listener at 0.0.0.0/40075] WARN  server.ServerUtils (ServerUtils.java:getDBPath(225)) - ozone.om.db.dirs is not configured. We recommend adding this setting. Falling back to ozone.metadata.dirs instead.
2023-03-16 20:06:35,004 [Listener at 0.0.0.0/40075] INFO  proxy.SCMBlockLocationFailoverProxyProvider (SCMBlockLocationFailoverProxyProvider.java:<init>(114)) - Created block location fail-over proxy with 1 nodes: [nodeId=scmNodeId,nodeAddress=/0.0.0.0:45515]
2023-03-16 20:06:35,006 [Listener at 0.0.0.0/40075] INFO  proxy.SCMBlockLocationFailoverProxyProvider (SCMBlockLocationFailoverProxyProvider.java:<init>(114)) - Created block location fail-over proxy with 1 nodes: [nodeId=scmNodeId,nodeAddress=/0.0.0.0:45515]
2023-03-16 20:06:35,012 [Listener at 0.0.0.0/40075] INFO  om.OzoneManager (OzoneManager.java:<init>(620)) - OM start with adminUsers: [runner]
2023-03-16 20:06:35,013 [Listener at 0.0.0.0/40075] WARN  server.ServerUtils (ServerUtils.java:getDBPath(225)) - ozone.om.db.dirs is not configured. We recommend adding this setting. Falling back to ozone.metadata.dirs instead.
2023-03-16 20:06:35,013 [Listener at 0.0.0.0/40075] INFO  codec.OmKeyInfoCodec (OmKeyInfoCodec.java:<init>(49)) - OmKeyInfoCodec ignorePipeline = true
2023-03-16 20:06:35,013 [Listener at 0.0.0.0/40075] INFO  codec.RepeatedOmKeyInfoCodec (RepeatedOmKeyInfoCodec.java:<init>(41)) - RepeatedOmKeyInfoCodec ignorePipeline = true
2023-03-16 20:06:35,328 [Listener at 0.0.0.0/40075] INFO  om.OzoneManager (OzoneManager.java:instantiateServices(750)) - S3 Multi-Tenancy is disabled
2023-03-16 20:06:35,329 [Listener at 0.0.0.0/40075] WARN  server.ServerUtils (ServerUtils.java:getDBPath(225)) - ozone.om.snapshot.diff.db.dir is not configured. We recommend adding this setting. Falling back to ozone.metadata.dirs instead.
2023-03-16 20:06:35,355 [Listener at 0.0.0.0/40075] INFO  om.OzoneManager (OzoneManager.java:addS3GVolumeToDB(4228)) - Created Volume s3v With Owner runner required for S3Gateway operations.
2023-03-16 20:06:35,355 [Listener at 0.0.0.0/40075] WARN  server.ServerUtils (ServerUtils.java:getDefaultRatisDirectory(237)) - Storage directory for Ratis is not configured. It is a good idea to map this to an SSD disk. Falling back to ozone.metadata.dirs
2023-03-16 20:06:35,355 [Listener at 0.0.0.0/40075] WARN  utils.OzoneManagerRatisUtils (OzoneManagerRatisUtils.java:getOMRatisSnapshotDirectory(439)) - ozone.om.ratis.snapshot.dir is not configured. Falling back to ozone.metadata.dirs config
2023-03-16 20:06:35,356 [Listener at 0.0.0.0/40075] WARN  server.ServerUtils (ServerUtils.java:getDefaultRatisDirectory(237)) - Storage directory for Ratis is not configured. It is a good idea to map this to an SSD disk. Falling back to ozone.metadata.dirs
2023-03-16 20:06:35,357 [Listener at 0.0.0.0/40075] INFO  ratis.OzoneManagerRatisServer (OzoneManagerRatisServer.java:<init>(164)) - Instantiating OM Ratis server with groupID: omServiceIdDefault and peers: localhost:9872
2023-03-16 20:06:35,357 [Listener at 0.0.0.0/40075] INFO  ratis.OzoneManagerStateMachine (OzoneManagerStateMachine.java:loadSnapshotInfoFromDB(636)) - LastAppliedIndex is set from TransactionInfo from OM DB as (t:0, i:~)
2023-03-16 20:06:35,358 [Listener at 0.0.0.0/40075] INFO  server.RaftServer (ConfUtils.java:logGet(46)) - raft.rpc.type = GRPC (default)
2023-03-16 20:06:35,358 [Listener at 0.0.0.0/40075] INFO  grpc.GrpcConfigKeys (ConfUtils.java:logFallback(53)) - raft.grpc.admin.host = null (fallback to raft.grpc.server.host)
2023-03-16 20:06:35,358 [Listener at 0.0.0.0/40075] INFO  grpc.GrpcConfigKeys (ConfUtils.java:logFallback(53)) - raft.grpc.admin.port = 9872 (fallback to raft.grpc.server.port)
2023-03-16 20:06:35,359 [Listener at 0.0.0.0/40075] INFO  grpc.GrpcConfigKeys (ConfUtils.java:logFallback(53)) - raft.grpc.client.host = null (fallback to raft.grpc.server.host)
2023-03-16 20:06:35,359 [Listener at 0.0.0.0/40075] INFO  grpc.GrpcConfigKeys (ConfUtils.java:logFallback(53)) - raft.grpc.client.port = 9872 (fallback to raft.grpc.server.port)
2023-03-16 20:06:35,359 [Listener at 0.0.0.0/40075] INFO  grpc.GrpcConfigKeys (ConfUtils.java:logGet(46)) - raft.grpc.server.host = null (default)
2023-03-16 20:06:35,359 [Listener at 0.0.0.0/40075] INFO  grpc.GrpcConfigKeys (ConfUtils.java:logGet(46)) - raft.grpc.server.port = 9872 (custom)
2023-03-16 20:06:35,359 [Listener at 0.0.0.0/40075] INFO  server.GrpcService (ConfUtils.java:logGet(46)) - raft.grpc.message.size.max = 33554432 (custom)
2023-03-16 20:06:35,359 [Listener at 0.0.0.0/40075] INFO  server.RaftServerConfigKeys (ConfUtils.java:logGet(46)) - raft.server.log.appender.buffer.byte-limit = 33554432 (custom)
2023-03-16 20:06:35,360 [Listener at 0.0.0.0/40075] INFO  server.GrpcService (ConfUtils.java:logGet(46)) - raft.grpc.flow.control.window = 1MB (=1048576) (default)
2023-03-16 20:06:35,360 [Listener at 0.0.0.0/40075] INFO  server.RaftServerConfigKeys (ConfUtils.java:logGet(46)) - raft.server.rpc.request.timeout = 3000ms (default)
2023-03-16 20:06:35,360 [Listener at 0.0.0.0/40075] INFO  grpc.GrpcConfigKeys (ConfUtils.java:logGet(46)) - raft.grpc.server.heartbeat.channel = true (default)
2023-03-16 20:06:35,360 [Listener at 0.0.0.0/40075] INFO  grpc.GrpcConfigKeys (ConfUtils.java:logGet(46)) - raft.grpc.server.async.request.thread.pool.cached = true (default)
2023-03-16 20:06:35,360 [Listener at 0.0.0.0/40075] INFO  grpc.GrpcConfigKeys (ConfUtils.java:logGet(46)) - raft.grpc.server.async.request.thread.pool.size = 32 (default)
2023-03-16 20:06:35,362 [Listener at 0.0.0.0/40075] INFO  impl.DataStreamServerImpl (ConfUtils.java:logGet(46)) - raft.datastream.type = DISABLED (default)
2023-03-16 20:06:35,363 [Listener at 0.0.0.0/40075] INFO  server.RaftServerConfigKeys (ConfUtils.java:logGet(46)) - raft.server.threadpool.proxy.cached = true (default)
2023-03-16 20:06:35,363 [Listener at 0.0.0.0/40075] INFO  server.RaftServerConfigKeys (ConfUtils.java:logGet(46)) - raft.server.threadpool.proxy.size = 0 (default)
2023-03-16 20:06:35,363 [Listener at 0.0.0.0/40075] INFO  server.RaftServerConfigKeys (ConfUtils.java:logGet(46)) - raft.server.rpc.slowness.timeout = 120s (custom)
2023-03-16 20:06:35,363 [Listener at 0.0.0.0/40075] INFO  server.RaftServerConfigKeys (ConfUtils.java:logGet(46)) - raft.server.leaderelection.leader.step-down.wait-time = 10s (default)
2023-03-16 20:06:35,363 [Listener at 0.0.0.0/40075] INFO  server.RaftServerConfigKeys (ConfUtils.java:logGet(46)) - raft.server.storage.dir = [/home/runner/work/ozone/ozone/hadoop-ozone/integration-test/target/test-dir/MiniOzoneClusterImpl-5d34faf9-8c61-4fd7-9f59-d81d67eb328e/ozone-meta/ratis] (custom)
2023-03-16 20:06:35,369 [Listener at 0.0.0.0/40075] INFO  server.RaftServer (RaftServerProxy.java:addNew(96)) - om1: addNew group-C5BA1605619E:[om1|rpc:localhost:9872|priority:0|startupRole:FOLLOWER] returns group-C5BA1605619E:java.util.concurrent.CompletableFuture@1adde9af[Not completed]
2023-03-16 20:06:35,369 [Listener at 0.0.0.0/40075] INFO  om.OzoneManager (OzoneManager.java:initializeRatisServer(2107)) - OzoneManager Ratis server initialized at port 9872
2023-03-16 20:06:35,369 [Listener at 0.0.0.0/40075] INFO  om.OzoneManager (OzoneManager.java:getRpcServer(1134)) - Creating RPC Server
2023-03-16 20:06:35,371 [pool-468-thread-1] INFO  server.RaftServer$Division (RaftServerImpl.java:<init>(195)) - om1: new RaftServerImpl for group-C5BA1605619E:[om1|rpc:localhost:9872|priority:0|startupRole:FOLLOWER] with OzoneManagerStateMachine:uninitialized
2023-03-16 20:06:35,371 [pool-468-thread-1] INFO  server.RaftServerConfigKeys (ConfUtils.java:logGet(46)) - raft.server.rpc.timeout.min = 1s (custom)
2023-03-16 20:06:35,371 [pool-468-thread-1] INFO  server.RaftServerConfigKeys (ConfUtils.java:logGet(46)) - raft.server.rpc.timeout.max = 1200ms (custom)
2023-03-16 20:06:35,371 [pool-468-thread-1] INFO  server.RaftServerConfigKeys (ConfUtils.java:logGet(46)) - raft.server.rpc.sleep.time = 25ms (default)
2023-03-16 20:06:35,371 [pool-468-thread-1] INFO  server.RaftServerConfigKeys (ConfUtils.java:logGet(46)) - raft.server.rpc.slowness.timeout = 120s (custom)
2023-03-16 20:06:35,371 [pool-468-thread-1] INFO  server.RaftServerConfigKeys (ConfUtils.java:logGet(46)) - raft.server.leaderelection.leader.step-down.wait-time = 10s (default)
2023-03-16 20:06:35,371 [pool-468-thread-1] INFO  server.RaftServerConfigKeys (ConfUtils.java:logGet(46)) - raft.server.sleep.deviation.threshold = 300ms (default)
2023-03-16 20:06:35,371 [pool-468-thread-1] INFO  server.RaftServer$Division (ServerState.java:<init>(118)) - om1@group-C5BA1605619E: ConfigurationManager, init=-1: peers:[om1|rpc:localhost:9872|priority:0|startupRole:FOLLOWER]|listeners:[], old=null, confs=<EMPTY_MAP>
2023-03-16 20:06:35,371 [pool-468-thread-1] INFO  server.RaftServerConfigKeys (ConfUtils.java:logGet(46)) - raft.server.storage.dir = [/home/runner/work/ozone/ozone/hadoop-ozone/integration-test/target/test-dir/MiniOzoneClusterImpl-5d34faf9-8c61-4fd7-9f59-d81d67eb328e/ozone-meta/ratis] (custom)
2023-03-16 20:06:35,371 [pool-468-thread-1] INFO  server.RaftServerConfigKeys (ConfUtils.java:logGet(46)) - raft.server.log.corruption.policy = EXCEPTION (default)
2023-03-16 20:06:35,371 [pool-468-thread-1] INFO  server.RaftServerConfigKeys (ConfUtils.java:logGet(46)) - raft.server.storage.free-space.min = 0MB (=0) (default)
2023-03-16 20:06:35,372 [pool-468-thread-1] INFO  server.RaftServerConfigKeys (ConfUtils.java:logGet(46)) - raft.server.notification.no-leader.timeout = 120s (custom)
2023-03-16 20:06:35,372 [pool-468-thread-1] INFO  server.RaftServerConfigKeys (ConfUtils.java:logGet(46)) - raft.server.retrycache.expirytime = 300s (custom)
2023-03-16 20:06:35,372 [pool-468-thread-1] INFO  server.RaftServerConfigKeys (ConfUtils.java:logGet(46)) - raft.server.retrycache.statistics.expirytime = 100μs (default)
2023-03-16 20:06:35,372 [pool-468-thread-1] INFO  server.RaftServerConfigKeys (ConfUtils.java:logGet(46)) - raft.server.log.appender.install.snapshot.enabled = false (custom)
2023-03-16 20:06:35,372 [pool-468-thread-1] INFO  server.RaftServerConfigKeys (ConfUtils.java:logGet(46)) - raft.server.threadpool.server.cached = true (default)
2023-03-16 20:06:35,372 [pool-468-thread-1] INFO  server.RaftServerConfigKeys (ConfUtils.java:logGet(46)) - raft.server.threadpool.server.size = 0 (default)
2023-03-16 20:06:35,373 [pool-468-thread-1] INFO  server.RaftServerConfigKeys (ConfUtils.java:logGet(46)) - raft.server.threadpool.client.cached = true (default)
2023-03-16 20:06:35,373 [pool-468-thread-1] INFO  server.RaftServerConfigKeys (ConfUtils.java:logGet(46)) - raft.server.threadpool.client.size = 0 (default)
2023-03-16 20:06:35,798 [Listener at 0.0.0.0/40075] INFO  reflections.Reflections (Reflections.java:scan(232)) - Reflections took 428 ms to scan 19 urls, producing 68 keys and 4949 values [using 2 cores]
2023-03-16 20:06:35,799 [Listener at 0.0.0.0/40075] INFO  ipc.CallQueueManager (CallQueueManager.java:<init>(90)) - Using callQueue: class java.util.concurrent.LinkedBlockingQueue, queueCapacity: 2000, scheduler: class org.apache.hadoop.ipc.DefaultRpcScheduler, ipcBackoff: false.
2023-03-16 20:06:35,803 [Socket Reader #1 for port 0] INFO  ipc.Server (Server.java:run(1273)) - Starting Socket Reader #1 for port 0
2023-03-16 20:06:35,829 [Listener at 127.0.0.1/37437] INFO  impl.MetricsSystemImpl (MetricsSystemImpl.java:init(158)) - OzoneManager metrics system started (again)
2023-03-16 20:06:35,844 [Listener at 127.0.0.1/37437] INFO  om.OzoneManager (OzoneManager.java:start(1564)) - OzoneManager RPC server is listening at localhost/127.0.0.1:37437
2023-03-16 20:06:35,844 [Listener at 127.0.0.1/37437] INFO  ratis.OzoneManagerRatisServer (OzoneManagerRatisServer.java:start(559)) - Starting OzoneManagerRatisServer om1 at port 9872
2023-03-16 20:06:35,844 [om1-impl-thread1] INFO  storage.RaftStorageDirectory (RaftStorageDirectoryImpl.java:analyzeStorage(137)) - The storage directory /home/runner/work/ozone/ozone/hadoop-ozone/integration-test/target/test-dir/MiniOzoneClusterImpl-5d34faf9-8c61-4fd7-9f59-d81d67eb328e/ozone-meta/ratis/bf265839-605b-3f16-9796-c5ba1605619e does not exist. Creating ...
2023-03-16 20:06:35,846 [om1-impl-thread1] INFO  storage.RaftStorageDirectory (RaftStorageDirectoryImpl.java:tryLock(231)) - Lock on /home/runner/work/ozone/ozone/hadoop-ozone/integration-test/target/test-dir/MiniOzoneClusterImpl-5d34faf9-8c61-4fd7-9f59-d81d67eb328e/ozone-meta/ratis/bf265839-605b-3f16-9796-c5ba1605619e/in_use.lock acquired by nodename 79287@fv-az371-917
2023-03-16 20:06:35,848 [om1-impl-thread1] INFO  storage.RaftStorage (RaftStorageImpl.java:format(96)) - Storage directory /home/runner/work/ozone/ozone/hadoop-ozone/integration-test/target/test-dir/MiniOzoneClusterImpl-5d34faf9-8c61-4fd7-9f59-d81d67eb328e/ozone-meta/ratis/bf265839-605b-3f16-9796-c5ba1605619e has been successfully formatted.
2023-03-16 20:06:35,848 [om1-impl-thread1] INFO  server.RaftServerConfigKeys (ConfUtils.java:logGet(46)) - raft.server.log.use.memory = false (default)
2023-03-16 20:06:35,848 [om1-impl-thread1] INFO  server.RaftServerConfigKeys (ConfUtils.java:logGet(46)) - raft.server.log.purge.gap = 1000000 (custom)
2023-03-16 20:06:35,849 [om1-impl-thread1] INFO  server.RaftServerConfigKeys (ConfUtils.java:logGet(46)) - raft.server.log.appender.buffer.byte-limit = 33554432 (custom)
2023-03-16 20:06:35,849 [om1-impl-thread1] INFO  server.RaftServerConfigKeys (ConfUtils.java:logGet(46)) - raft.server.log.statemachine.data.read.timeout = 1000ms (default)
2023-03-16 20:06:35,849 [om1-impl-thread1] INFO  server.RaftServerConfigKeys (ConfUtils.java:logGet(46)) - raft.server.log.purge.preservation.log.num = 0 (default)
2023-03-16 20:06:35,849 [om1-impl-thread1] INFO  server.RaftServerConfigKeys (ConfUtils.java:logGet(46)) - raft.server.log.segment.size.max = 4194304 (custom)
2023-03-16 20:06:35,849 [om1-impl-thread1] INFO  server.RaftServerConfigKeys (ConfUtils.java:logGet(46)) - raft.server.log.segment.cache.num.max = 2 (custom)
2023-03-16 20:06:35,849 [om1-impl-thread1] INFO  server.RaftServerConfigKeys (ConfUtils.java:logGet(46)) - raft.server.log.segment.cache.size.max = 200MB (=209715200) (default)
2023-03-16 20:06:35,849 [om1-impl-thread1] INFO  segmented.SegmentedRaftLogWorker (SegmentedRaftLogWorker.java:<init>(189)) - new om1@group-C5BA1605619E-SegmentedRaftLogWorker for RaftStorageImpl:Storage Directory /home/runner/work/ozone/ozone/hadoop-ozone/integration-test/target/test-dir/MiniOzoneClusterImpl-5d34faf9-8c61-4fd7-9f59-d81d67eb328e/ozone-meta/ratis/bf265839-605b-3f16-9796-c5ba1605619e
2023-03-16 20:06:35,849 [om1-impl-thread1] INFO  server.RaftServerConfigKeys (ConfUtils.java:logGet(46)) - raft.server.log.queue.byte-limit = 64MB (=67108864) (default)
2023-03-16 20:06:35,849 [om1-impl-thread1] INFO  server.RaftServerConfigKeys (ConfUtils.java:logGet(46)) - raft.server.log.queue.element-limit = 4096 (default)
2023-03-16 20:06:35,850 [om1-impl-thread1] INFO  server.RaftServerConfigKeys (ConfUtils.java:logGet(46)) - raft.server.log.segment.size.max = 4194304 (custom)
2023-03-16 20:06:35,850 [om1-impl-thread1] INFO  server.RaftServerConfigKeys (ConfUtils.java:logGet(46)) - raft.server.log.preallocated.size = 4194304 (custom)
2023-03-16 20:06:35,850 [om1-impl-thread1] INFO  server.RaftServerConfigKeys (ConfUtils.java:logGet(46)) - raft.server.log.force.sync.num = 128 (default)
2023-03-16 20:06:35,850 [om1-impl-thread1] INFO  server.RaftServerConfigKeys (ConfUtils.java:logGet(46)) - raft.server.log.statemachine.data.sync = true (default)
2023-03-16 20:06:35,850 [om1-impl-thread1] INFO  server.RaftServerConfigKeys (ConfUtils.java:logGet(46)) - raft.server.log.statemachine.data.sync.timeout = 10s (default)
2023-03-16 20:06:35,850 [om1-impl-thread1] INFO  server.RaftServerConfigKeys (ConfUtils.java:logGet(46)) - raft.server.log.statemachine.data.sync.timeout.retry = -1 (default)
2023-03-16 20:06:35,850 [om1-impl-thread1] INFO  server.RaftServerConfigKeys (ConfUtils.java:logGet(46)) - raft.server.log.write.buffer.size = 64KB (=65536) (default)
2023-03-16 20:06:35,850 [om1-impl-thread1] INFO  server.RaftServerConfigKeys (ConfUtils.java:logGet(46)) - raft.server.log.appender.buffer.byte-limit = 33554432 (custom)
2023-03-16 20:06:35,858 [om1-impl-thread1] INFO  server.RaftServerConfigKeys (ConfUtils.java:logGet(46)) - raft.server.log.unsafe-flush.enabled = false (default)
2023-03-16 20:06:35,858 [om1-impl-thread1] INFO  server.RaftServerConfigKeys (ConfUtils.java:logGet(46)) - raft.server.log.async-flush.enabled = false (default)
2023-03-16 20:06:35,858 [om1-impl-thread1] INFO  server.RaftServerConfigKeys (ConfUtils.java:logGet(46)) - raft.server.log.statemachine.data.caching.enabled = false (default)
2023-03-16 20:06:35,858 [om1-impl-thread1] INFO  segmented.SegmentedRaftLogWorker (SegmentedRaftLogWorker.java:lambda$new$0(135)) - om1@group-C5BA1605619E-SegmentedRaftLogWorker: flushIndex: setUnconditionally 0 -> -1
2023-03-16 20:06:35,858 [om1-impl-thread1] INFO  segmented.SegmentedRaftLogWorker (SegmentedRaftLogWorker.java:lambda$new$0(135)) - om1@group-C5BA1605619E-SegmentedRaftLogWorker: safeCacheEvictIndex: setUnconditionally 0 -> -1
2023-03-16 20:06:35,859 [om1-impl-thread1] INFO  server.RaftServer$Division (RaftServerImpl.java:start(334)) - om1@group-C5BA1605619E: start as a follower, conf=-1: peers:[om1|rpc:localhost:9872|priority:0|startupRole:FOLLOWER]|listeners:[], old=null
2023-03-16 20:06:35,859 [om1-impl-thread1] INFO  server.RaftServer$Division (RaftServerImpl.java:setRole(321)) - om1@group-C5BA1605619E: changes role from      null to FOLLOWER at term 0 for startAsFollower
2023-03-16 20:06:35,859 [om1-impl-thread1] INFO  impl.RoleInfo (RoleInfo.java:updateAndGet(139)) - om1: start om1@group-C5BA1605619E-FollowerState
2023-03-16 20:06:35,859 [om1-impl-thread1] INFO  util.JmxRegister (JmxRegister.java:tryRegister(44)) - Successfully registered JMX Bean with object name Ratis:service=RaftServer,group=group-C5BA1605619E,id=om1
2023-03-16 20:06:35,859 [om1-impl-thread1] INFO  server.RaftServerConfigKeys (ConfUtils.java:logGet(46)) - raft.server.snapshot.auto.trigger.enabled = true (custom)
2023-03-16 20:06:35,859 [om1-impl-thread1] INFO  server.RaftServerConfigKeys (ConfUtils.java:logGet(46)) - raft.server.snapshot.auto.trigger.threshold = 400000 (default)
2023-03-16 20:06:35,860 [om1-impl-thread1] INFO  server.RaftServerConfigKeys (ConfUtils.java:logGet(46)) - raft.server.snapshot.retention.file.num = -1 (default)
2023-03-16 20:06:35,860 [om1-impl-thread1] INFO  server.RaftServerConfigKeys (ConfUtils.java:logGet(46)) - raft.server.log.purge.upto.snapshot.index = true (custom)
2023-03-16 20:06:35,860 [om1@group-C5BA1605619E-FollowerState] INFO  server.RaftServerConfigKeys (ConfUtils.java:logFallback(53)) - raft.server.rpc.first-election.timeout.min = 1s (fallback to raft.server.rpc.timeout.min)
2023-03-16 20:06:35,860 [om1@group-C5BA1605619E-FollowerState] INFO  server.RaftServerConfigKeys (ConfUtils.java:logFallback(53)) - raft.server.rpc.first-election.timeout.max = 1200ms (fallback to raft.server.rpc.timeout.max)
2023-03-16 20:06:35,862 [Listener at 127.0.0.1/37437] INFO  server.RaftServer (RaftServerProxy.java:startImpl(393)) - om1: start RPC server
2023-03-16 20:06:35,873 [Listener at 127.0.0.1/37437] INFO  server.GrpcService (GrpcService.java:startImpl(262)) - om1: GrpcService started, listening on 9872
2023-03-16 20:06:35,874 [Listener at 127.0.0.1/37437] INFO  om.OzoneManager (OzoneManager.java:start(1580)) - Version File has different layout version (3) than OM DB (null). That is expected if this OM has never been finalized to a newer layout version.
2023-03-16 20:06:35,874 [JvmPauseMonitor11] INFO  util.JvmPauseMonitor (JvmPauseMonitor.java:run(105)) - JvmPauseMonitor-om1: Started
2023-03-16 20:06:35,881 [Listener at 127.0.0.1/37437] INFO  http.BaseHttpServer (BaseHttpServer.java:newHttpServer2BuilderForOzone(224)) - Starting Web-server for ozoneManager at: http://0.0.0.0:0
2023-03-16 20:06:35,881 [Listener at 127.0.0.1/37437] INFO  http.BaseHttpServer (BaseHttpServer.java:<init>(111)) - Hadoop Security Enabled: false Ozone Security Enabled: false Ozone HTTP Security Enabled: false 
2023-03-16 20:06:35,883 [Listener at 127.0.0.1/37437] WARN  server.AuthenticationFilter (AuthenticationFilter.java:constructSecretProvider(240)) - Unable to initialize FileSignerSecretProvider, falling back to use random secrets. Reason: Could not read signature secret file: /home/runner/hadoop-http-auth-signature-secret
2023-03-16 20:06:35,884 [Listener at 127.0.0.1/37437] WARN  http.HttpRequestLog (HttpRequestLog.java:getRequestLog(103)) - Jetty request log can only be enabled using Log4j
2023-03-16 20:06:35,886 [Listener at 127.0.0.1/37437] INFO  http.HttpServer2 (HttpServer2.java:addGlobalFilter(1031)) - Added global filter 'safety' (class=org.apache.hadoop.hdds.server.http.HttpServer2$QuotingInputFilter)
2023-03-16 20:06:35,887 [Listener at 127.0.0.1/37437] INFO  http.HttpServer2 (HttpServer2.java:addFilter(1007)) - Added filter static_user_filter (class=org.apache.hadoop.http.lib.StaticUserWebFilter$StaticUserFilter) to context ozoneManager
2023-03-16 20:06:35,887 [Listener at 127.0.0.1/37437] INFO  http.HttpServer2 (HttpServer2.java:addFilter(1015)) - Added filter static_user_filter (class=org.apache.hadoop.http.lib.StaticUserWebFilter$StaticUserFilter) to context static
2023-03-16 20:06:35,887 [Listener at 127.0.0.1/37437] INFO  http.HttpServer2 (HttpServer2.java:addFilter(1015)) - Added filter static_user_filter (class=org.apache.hadoop.http.lib.StaticUserWebFilter$StaticUserFilter) to context logs
2023-03-16 20:06:35,889 [Listener at 127.0.0.1/37437] INFO  http.BaseHttpServer (BaseHttpServer.java:<init>(190)) - HTTP server of ozoneManager uses base directory /home/runner/work/ozone/ozone/hadoop-ozone/integration-test/target/test-dir/MiniOzoneClusterImpl-5d34faf9-8c61-4fd7-9f59-d81d67eb328e/ozone-meta/webserver
2023-03-16 20:06:35,889 [Listener at 127.0.0.1/37437] INFO  http.HttpServer2 (HttpServer2.java:bindListener(1250)) - Jetty bound to port 33199
2023-03-16 20:06:35,889 [Listener at 127.0.0.1/37437] INFO  server.Server (Server.java:doStart(375)) - jetty-9.4.49.v20220914; built: 2022-09-14T01:07:36.601Z; git: 4231a3b2e4cb8548a412a789936d640a97b1aa0a; jvm 1.8.0_362-b09
2023-03-16 20:06:35,900 [Listener at 127.0.0.1/37437] INFO  server.session (DefaultSessionIdManager.java:doStart(334)) - DefaultSessionIdManager workerName=node0
2023-03-16 20:06:35,901 [Listener at 127.0.0.1/37437] INFO  server.session (DefaultSessionIdManager.java:doStart(339)) - No SessionScavenger set, using defaults
2023-03-16 20:06:35,901 [Listener at 127.0.0.1/37437] INFO  server.session (HouseKeeper.java:startScavenging(132)) - node0 Scavenging every 600000ms
2023-03-16 20:06:35,903 [Listener at 127.0.0.1/37437] INFO  handler.ContextHandler (ContextHandler.java:doStart(921)) - Started o.e.j.s.ServletContextHandler@388f6d63{logs,/logs,file:///home/runner/work/ozone/ozone/hadoop-ozone/integration-test/target/log,AVAILABLE}
2023-03-16 20:06:35,904 [Listener at 127.0.0.1/37437] INFO  handler.ContextHandler (ContextHandler.java:doStart(921)) - Started o.e.j.s.ServletContextHandler@39f37000{static,/static,file:///home/runner/work/ozone/ozone/hadoop-ozone/integration-test/target/test-classes/webapps/static,AVAILABLE}
2023-03-16 20:06:35,915 [Listener at 127.0.0.1/37437] INFO  handler.ContextHandler (ContextHandler.java:doStart(921)) - Started o.e.j.w.WebAppContext@65ec7757{ozoneManager,/,file:///home/runner/work/ozone/ozone/hadoop-ozone/integration-test/target/test-classes/webapps/ozoneManager/,AVAILABLE}{file:/home/runner/work/ozone/ozone/hadoop-ozone/integration-test/target/test-classes/webapps/ozoneManager}
2023-03-16 20:06:35,916 [Listener at 127.0.0.1/37437] INFO  server.AbstractConnector (AbstractConnector.java:doStart(333)) - Started ServerConnector@2e80aeb1{HTTP/1.1, (http/1.1)}{0.0.0.0:33199}
2023-03-16 20:06:35,917 [Listener at 127.0.0.1/37437] INFO  server.Server (Server.java:doStart(415)) - Started @173389ms
2023-03-16 20:06:35,917 [Listener at 127.0.0.1/37437] WARN  impl.MetricsSystemImpl (MetricsSystemImpl.java:register(279)) - Sink prometheus already exists!
2023-03-16 20:06:35,918 [Listener at 127.0.0.1/37437] INFO  http.BaseHttpServer (BaseHttpServer.java:updateConnectorAddress(344)) - HTTP server of ozoneManager listening at http://0.0.0.0:33199
2023-03-16 20:06:35,921 [IPC Server Responder] INFO  ipc.Server (Server.java:run(1512)) - IPC Server Responder: starting
2023-03-16 20:06:35,926 [IPC Server listener on 0] INFO  ipc.Server (Server.java:run(1352)) - IPC Server listener on 0: starting
2023-03-16 20:06:35,929 [Listener at 127.0.0.1/37437] INFO  om.TrashPolicyOzone (TrashPolicyOzone.java:<init>(277)) - Ozone Manager trash configuration: Deletion interval = 0 minutes, Emptier interval = 0 minutes.
2023-03-16 20:06:35,930 [org.apache.hadoop.util.JvmPauseMonitor$Monitor@79b2d75b] INFO  util.JvmPauseMonitor (JvmPauseMonitor.java:run(188)) - Starting JVM pause monitor
2023-03-16 20:06:35,964 [Listener at 127.0.0.1/37437] WARN  impl.MetricRegistriesImpl (MetricRegistriesImpl.java:addReporterRegistration(111)) - New reporters are added after registries were created. Some metrics will be missing from the reporter. Please add reporter before adding any new registry.
2023-03-16 20:06:35,964 [Listener at 127.0.0.1/37437] WARN  impl.MetricRegistriesImpl (MetricRegistriesImpl.java:addReporterRegistration(111)) - New reporters are added after registries were created. Some metrics will be missing from the reporter. Please add reporter before adding any new registry.
2023-03-16 20:06:35,964 [Listener at 127.0.0.1/37437] INFO  impl.MetricsSystemImpl (MetricsSystemImpl.java:init(158)) - HddsDatanode metrics system started (again)
2023-03-16 20:06:35,979 [Listener at 127.0.0.1/37437] INFO  ozone.HddsDatanodeService (HddsDatanodeService.java:start(249)) - HddsDatanodeService host:fv-az371-917 ip:10.1.0.41
2023-03-16 20:06:36,012 [Listener at 127.0.0.1/37437] INFO  upgrade.AbstractLayoutVersionManager (AbstractLayoutVersionManager.java:init(83)) - Initializing Layout version manager with metadata layout = DATANODE_SCHEMA_V3 (version = 4), software layout = DATANODE_SCHEMA_V3 (version = 4)
2023-03-16 20:06:36,072 [Listener at 127.0.0.1/37437] INFO  reflections.Reflections (Reflections.java:scan(232)) - Reflections took 58 ms to scan 7 urls, producing 155 keys and 368 values 
2023-03-16 20:06:36,075 [Listener at 127.0.0.1/37437] INFO  statemachine.DatanodeStateMachine (DatanodeStateMachine.java:getEndPointTaskThreadPoolSize(260)) - Datanode State Machine Task Thread Pool size 2
2023-03-16 20:06:36,083 [Listener at 127.0.0.1/37437] INFO  volume.HddsVolume (HddsVolume.java:<init>(130)) - Creating HddsVolume: /home/runner/work/ozone/ozone/hadoop-ozone/integration-test/target/test-dir/MiniOzoneClusterImpl-5d34faf9-8c61-4fd7-9f59-d81d67eb328e/datanode-0/data-0/containers/hdds of storage type : DISK capacity : 9223372036854775807
2023-03-16 20:06:36,083 [Listener at 127.0.0.1/37437] INFO  volume.MutableVolumeSet (MutableVolumeSet.java:initializeVolumeSet(174)) - Added Volume : /home/runner/work/ozone/ozone/hadoop-ozone/integration-test/target/test-dir/MiniOzoneClusterImpl-5d34faf9-8c61-4fd7-9f59-d81d67eb328e/datanode-0/data-0/containers/hdds to VolumeSet
2023-03-16 20:06:36,083 [Listener at 127.0.0.1/37437] INFO  volume.ThrottledAsyncChecker (ThrottledAsyncChecker.java:schedule(141)) - Scheduling a check for /home/runner/work/ozone/ozone/hadoop-ozone/integration-test/target/test-dir/MiniOzoneClusterImpl-5d34faf9-8c61-4fd7-9f59-d81d67eb328e/datanode-0/data-0/containers/hdds
2023-03-16 20:06:36,085 [Listener at 127.0.0.1/37437] INFO  volume.StorageVolumeChecker (StorageVolumeChecker.java:checkAllVolumes(202)) - Scheduled health check for volume /home/runner/work/ozone/ozone/hadoop-ozone/integration-test/target/test-dir/MiniOzoneClusterImpl-5d34faf9-8c61-4fd7-9f59-d81d67eb328e/datanode-0/data-0/containers/hdds
2023-03-16 20:06:36,099 [Listener at 127.0.0.1/37437] INFO  volume.MutableVolumeSet (MutableVolumeSet.java:initializeVolumeSet(174)) - Added Volume : /home/runner/work/ozone/ozone/hadoop-ozone/integration-test/target/test-dir/MiniOzoneClusterImpl-5d34faf9-8c61-4fd7-9f59-d81d67eb328e/datanode-0/data/ratis to VolumeSet
2023-03-16 20:06:36,099 [Listener at 127.0.0.1/37437] INFO  volume.ThrottledAsyncChecker (ThrottledAsyncChecker.java:schedule(141)) - Scheduling a check for /home/runner/work/ozone/ozone/hadoop-ozone/integration-test/target/test-dir/MiniOzoneClusterImpl-5d34faf9-8c61-4fd7-9f59-d81d67eb328e/datanode-0/data/ratis
2023-03-16 20:06:36,099 [Listener at 127.0.0.1/37437] INFO  volume.StorageVolumeChecker (StorageVolumeChecker.java:checkAllVolumes(202)) - Scheduled health check for volume /home/runner/work/ozone/ozone/hadoop-ozone/integration-test/target/test-dir/MiniOzoneClusterImpl-5d34faf9-8c61-4fd7-9f59-d81d67eb328e/datanode-0/data/ratis
2023-03-16 20:06:36,113 [Thread-993] INFO  ozoneimpl.ContainerReader (ContainerReader.java:readVolume(175)) - Finish verifying containers on volume /home/runner/work/ozone/ozone/hadoop-ozone/integration-test/target/test-dir/MiniOzoneClusterImpl-5d34faf9-8c61-4fd7-9f59-d81d67eb328e/datanode-0/data-0/containers/hdds
2023-03-16 20:06:36,113 [Listener at 127.0.0.1/37437] INFO  ozoneimpl.OzoneContainer (OzoneContainer.java:buildContainerSet(307)) - Build ContainerSet costs 0s
2023-03-16 20:06:36,117 [Listener at 127.0.0.1/37437] INFO  server.RaftServer (ConfUtils.java:logGet(46)) - raft.rpc.type = GRPC (default)
2023-03-16 20:06:36,117 [Listener at 127.0.0.1/37437] INFO  grpc.GrpcConfigKeys (ConfUtils.java:logFallback(53)) - raft.grpc.admin.host = null (fallback to raft.grpc.server.host)
2023-03-16 20:06:36,117 [Listener at 127.0.0.1/37437] INFO  grpc.GrpcConfigKeys (ConfUtils.java:logGet(46)) - raft.grpc.admin.port = 0 (custom)
2023-03-16 20:06:36,118 [Listener at 127.0.0.1/37437] INFO  grpc.GrpcConfigKeys (ConfUtils.java:logFallback(53)) - raft.grpc.client.host = null (fallback to raft.grpc.server.host)
2023-03-16 20:06:36,118 [Listener at 127.0.0.1/37437] INFO  grpc.GrpcConfigKeys (ConfUtils.java:logGet(46)) - raft.grpc.client.port = 0 (custom)
2023-03-16 20:06:36,118 [Listener at 127.0.0.1/37437] INFO  grpc.GrpcConfigKeys (ConfUtils.java:logGet(46)) - raft.grpc.server.host = null (default)
2023-03-16 20:06:36,118 [Listener at 127.0.0.1/37437] INFO  grpc.GrpcConfigKeys (ConfUtils.java:logGet(46)) - raft.grpc.server.port = 0 (default)
2023-03-16 20:06:36,118 [Listener at 127.0.0.1/37437] INFO  server.GrpcService (ConfUtils.java:logGet(46)) - raft.grpc.message.size.max = 32MB (=33554432) (custom)
2023-03-16 20:06:36,118 [Listener at 127.0.0.1/37437] INFO  server.RaftServerConfigKeys (ConfUtils.java:logGet(46)) - raft.server.log.appender.buffer.byte-limit = 33554432 (custom)
2023-03-16 20:06:36,119 [Listener at 127.0.0.1/37437] INFO  server.GrpcService (ConfUtils.java:logGet(46)) - raft.grpc.flow.control.window = 5MB (=5242880) (custom)
2023-03-16 20:06:36,119 [Listener at 127.0.0.1/37437] INFO  server.RaftServerConfigKeys (ConfUtils.java:logGet(46)) - raft.server.rpc.request.timeout = 60s (custom)
2023-03-16 20:06:36,119 [Listener at 127.0.0.1/37437] INFO  grpc.GrpcConfigKeys (ConfUtils.java:logGet(46)) - raft.grpc.server.heartbeat.channel = true (default)
2023-03-16 20:06:36,119 [Listener at 127.0.0.1/37437] INFO  grpc.GrpcConfigKeys (ConfUtils.java:logGet(46)) - raft.grpc.server.async.request.thread.pool.cached = true (default)
2023-03-16 20:06:36,119 [Listener at 127.0.0.1/37437] INFO  grpc.GrpcConfigKeys (ConfUtils.java:logGet(46)) - raft.grpc.server.async.request.thread.pool.size = 32 (default)
2023-03-16 20:06:36,121 [Listener at 127.0.0.1/37437] INFO  impl.DataStreamServerImpl (ConfUtils.java:logGet(46)) - raft.datastream.type = NETTY (custom)
2023-03-16 20:06:36,121 [Listener at 127.0.0.1/37437] INFO  server.RaftServerConfigKeys (ConfUtils.java:logGet(46)) - raft.server.data-stream.async.request.thread.pool.cached = false (default)
2023-03-16 20:06:36,121 [Listener at 127.0.0.1/37437] INFO  server.RaftServerConfigKeys (ConfUtils.java:logGet(46)) - raft.server.data-stream.async.request.thread.pool.size = 20 (custom)
2023-03-16 20:06:36,121 [Listener at 127.0.0.1/37437] INFO  server.RaftServerConfigKeys (ConfUtils.java:logGet(46)) - raft.server.data-stream.async.write.thread.pool.size = 16 (default)
2023-03-16 20:06:36,122 [Listener at 127.0.0.1/37437] INFO  server.RaftServerConfigKeys (ConfUtils.java:logGet(46)) - raft.server.data-stream.client.pool.size = 10 (default)
2023-03-16 20:06:36,122 [Listener at 127.0.0.1/37437] INFO  netty.NettyConfigKeys$DataStream (ConfUtils.java:logGet(46)) - raft.netty.dataStream.server.use-epoll = false (default)
2023-03-16 20:06:36,122 [Listener at 127.0.0.1/37437] INFO  netty.NettyConfigKeys$DataStream (ConfUtils.java:logGet(46)) - raft.netty.dataStream.server.boss-group.size = 0 (default)
2023-03-16 20:06:36,124 [Listener at 127.0.0.1/37437] INFO  netty.NettyConfigKeys$DataStream (ConfUtils.java:logGet(46)) - raft.netty.dataStream.server.worker-group.size = 0 (default)
2023-03-16 20:06:36,124 [Listener at 127.0.0.1/37437] INFO  netty.NettyConfigKeys$DataStream (ConfUtils.java:logGet(46)) - raft.netty.dataStream.server.tls.conf = null (default)
2023-03-16 20:06:36,124 [Listener at 127.0.0.1/37437] INFO  netty.NettyConfigKeys$DataStream (ConfUtils.java:logGet(46)) - raft.netty.dataStream.host = null (default)
2023-03-16 20:06:36,124 [Listener at 127.0.0.1/37437] INFO  netty.NettyConfigKeys$DataStream (ConfUtils.java:logGet(46)) - raft.netty.dataStream.port = 0 (default)
2023-03-16 20:06:36,128 [Listener at 127.0.0.1/37437] INFO  server.RaftServerConfigKeys (ConfUtils.java:logGet(46)) - raft.server.threadpool.proxy.cached = true (default)
2023-03-16 20:06:36,128 [Listener at 127.0.0.1/37437] INFO  server.RaftServerConfigKeys (ConfUtils.java:logGet(46)) - raft.server.threadpool.proxy.size = 0 (default)
2023-03-16 20:06:36,128 [Listener at 127.0.0.1/37437] INFO  server.RaftServerConfigKeys (ConfUtils.java:logGet(46)) - raft.server.rpc.slowness.timeout = 300s (custom)
2023-03-16 20:06:36,128 [Listener at 127.0.0.1/37437] INFO  server.RaftServerConfigKeys (ConfUtils.java:logGet(46)) - raft.server.leaderelection.leader.step-down.wait-time = 10s (default)
2023-03-16 20:06:36,129 [Listener at 127.0.0.1/37437] INFO  server.RaftServerConfigKeys (ConfUtils.java:logGet(46)) - raft.server.storage.dir = [/home/runner/work/ozone/ozone/hadoop-ozone/integration-test/target/test-dir/MiniOzoneClusterImpl-5d34faf9-8c61-4fd7-9f59-d81d67eb328e/datanode-0/data/ratis] (custom)
2023-03-16 20:06:36,129 [67a302da-c3a9-4d3b-a81a-6dae531b3b12-NettyServerStreamRpc-bossGroup--thread1] INFO  logging.LoggingHandler (AbstractInternalLogger.java:log(148)) - [id: 0x64cbcff2] REGISTERED
2023-03-16 20:06:36,129 [67a302da-c3a9-4d3b-a81a-6dae531b3b12-NettyServerStreamRpc-bossGroup--thread1] INFO  logging.LoggingHandler (AbstractInternalLogger.java:log(148)) - [id: 0x64cbcff2] BIND: 0.0.0.0/0.0.0.0:0
2023-03-16 20:06:36,130 [67a302da-c3a9-4d3b-a81a-6dae531b3b12-NettyServerStreamRpc-bossGroup--thread1] INFO  logging.LoggingHandler (AbstractInternalLogger.java:log(148)) - [id: 0x64cbcff2, L:/0:0:0:0:0:0:0:0:33407] ACTIVE
2023-03-16 20:06:36,131 [Listener at 127.0.0.1/37437] INFO  server.XceiverServerGrpc (XceiverServerGrpc.java:<init>(132)) - GrpcServer channel type EpollServerSocketChannel
2023-03-16 20:06:36,135 [Listener at 127.0.0.1/37437] INFO  http.BaseHttpServer (BaseHttpServer.java:newHttpServer2BuilderForOzone(224)) - Starting Web-server for hddsDatanode at: http://0.0.0.0:0
2023-03-16 20:06:36,135 [Listener at 127.0.0.1/37437] INFO  http.BaseHttpServer (BaseHttpServer.java:<init>(111)) - Hadoop Security Enabled: false Ozone Security Enabled: false Ozone HTTP Security Enabled: false 
2023-03-16 20:06:36,137 [Listener at 127.0.0.1/37437] WARN  server.AuthenticationFilter (AuthenticationFilter.java:constructSecretProvider(240)) - Unable to initialize FileSignerSecretProvider, falling back to use random secrets. Reason: Could not read signature secret file: /home/runner/hadoop-http-auth-signature-secret
2023-03-16 20:06:36,138 [Listener at 127.0.0.1/37437] WARN  http.HttpRequestLog (HttpRequestLog.java:getRequestLog(103)) - Jetty request log can only be enabled using Log4j
2023-03-16 20:06:36,140 [Listener at 127.0.0.1/37437] INFO  http.HttpServer2 (HttpServer2.java:addGlobalFilter(1031)) - Added global filter 'safety' (class=org.apache.hadoop.hdds.server.http.HttpServer2$QuotingInputFilter)
2023-03-16 20:06:36,141 [Listener at 127.0.0.1/37437] INFO  http.HttpServer2 (HttpServer2.java:addFilter(1007)) - Added filter static_user_filter (class=org.apache.hadoop.http.lib.StaticUserWebFilter$StaticUserFilter) to context hddsDatanode
2023-03-16 20:06:36,141 [Listener at 127.0.0.1/37437] INFO  http.HttpServer2 (HttpServer2.java:addFilter(1015)) - Added filter static_user_filter (class=org.apache.hadoop.http.lib.StaticUserWebFilter$StaticUserFilter) to context logs
2023-03-16 20:06:36,141 [Listener at 127.0.0.1/37437] INFO  http.HttpServer2 (HttpServer2.java:addFilter(1015)) - Added filter static_user_filter (class=org.apache.hadoop.http.lib.StaticUserWebFilter$StaticUserFilter) to context static
2023-03-16 20:06:36,142 [Listener at 127.0.0.1/37437] INFO  http.BaseHttpServer (BaseHttpServer.java:<init>(190)) - HTTP server of hddsDatanode uses base directory /home/runner/work/ozone/ozone/hadoop-ozone/integration-test/target/test-dir/MiniOzoneClusterImpl-5d34faf9-8c61-4fd7-9f59-d81d67eb328e/datanode-0/meta/webserver
2023-03-16 20:06:36,142 [Listener at 127.0.0.1/37437] INFO  http.HttpServer2 (HttpServer2.java:bindListener(1250)) - Jetty bound to port 45311
2023-03-16 20:06:36,142 [Listener at 127.0.0.1/37437] INFO  server.Server (Server.java:doStart(375)) - jetty-9.4.49.v20220914; built: 2022-09-14T01:07:36.601Z; git: 4231a3b2e4cb8548a412a789936d640a97b1aa0a; jvm 1.8.0_362-b09
2023-03-16 20:06:36,144 [Listener at 127.0.0.1/37437] INFO  server.session (DefaultSessionIdManager.java:doStart(334)) - DefaultSessionIdManager workerName=node0
2023-03-16 20:06:36,145 [Listener at 127.0.0.1/37437] INFO  server.session (DefaultSessionIdManager.java:doStart(339)) - No SessionScavenger set, using defaults
2023-03-16 20:06:36,145 [Listener at 127.0.0.1/37437] INFO  server.session (HouseKeeper.java:startScavenging(132)) - node0 Scavenging every 600000ms
2023-03-16 20:06:36,146 [Listener at 127.0.0.1/37437] INFO  handler.ContextHandler (ContextHandler.java:doStart(921)) - Started o.e.j.s.ServletContextHandler@2013ec5b{logs,/logs,file:///home/runner/work/ozone/ozone/hadoop-ozone/integration-test/target/log,AVAILABLE}
2023-03-16 20:06:36,147 [Listener at 127.0.0.1/37437] INFO  handler.ContextHandler (ContextHandler.java:doStart(921)) - Started o.e.j.s.ServletContextHandler@5bb0103{static,/static,jar:file:/home/runner/.m2/repository/org/apache/ozone/hdds-container-service/1.4.0-SNAPSHOT/hdds-container-service-1.4.0-SNAPSHOT.jar!/webapps/static,AVAILABLE}
2023-03-16 20:06:36,399 [Listener at 127.0.0.1/37437] INFO  handler.ContextHandler (ContextHandler.java:doStart(921)) - Started o.e.j.w.WebAppContext@7175cf57{hddsDatanode,/,file:///home/runner/work/ozone/ozone/hadoop-ozone/integration-test/target/test-dir/MiniOzoneClusterImpl-5d34faf9-8c61-4fd7-9f59-d81d67eb328e/datanode-0/meta/webserver/jetty-0_0_0_0-45311-hdds-container-service-1_4_0-SNAPSHOT_jar-_-any-2873741666716048763/webapp/,AVAILABLE}{jar:file:/home/runner/.m2/repository/org/apache/ozone/hdds-container-service/1.4.0-SNAPSHOT/hdds-container-service-1.4.0-SNAPSHOT.jar!/webapps/hddsDatanode}
2023-03-16 20:06:36,401 [Listener at 127.0.0.1/37437] INFO  server.AbstractConnector (AbstractConnector.java:doStart(333)) - Started ServerConnector@e4a10e8{HTTP/1.1, (http/1.1)}{0.0.0.0:45311}
2023-03-16 20:06:36,402 [Listener at 127.0.0.1/37437] INFO  server.Server (Server.java:doStart(415)) - Started @173873ms
2023-03-16 20:06:36,402 [Listener at 127.0.0.1/37437] WARN  impl.MetricsSystemImpl (MetricsSystemImpl.java:register(279)) - Sink prometheus already exists!
2023-03-16 20:06:36,403 [Listener at 127.0.0.1/37437] INFO  http.BaseHttpServer (BaseHttpServer.java:updateConnectorAddress(344)) - HTTP server of hddsDatanode listening at http://0.0.0.0:45311
2023-03-16 20:06:36,405 [Listener at 127.0.0.1/37437] WARN  impl.MetricRegistriesImpl (MetricRegistriesImpl.java:addReporterRegistration(111)) - New reporters are added after registries were created. Some metrics will be missing from the reporter. Please add reporter before adding any new registry.
2023-03-16 20:06:36,405 [Listener at 127.0.0.1/37437] WARN  impl.MetricRegistriesImpl (MetricRegistriesImpl.java:addReporterRegistration(111)) - New reporters are added after registries were created. Some metrics will be missing from the reporter. Please add reporter before adding any new registry.
2023-03-16 20:06:36,405 [Listener at 127.0.0.1/37437] INFO  impl.MetricsSystemImpl (MetricsSystemImpl.java:init(158)) - HddsDatanode metrics system started (again)
2023-03-16 20:06:36,410 [Datanode State Machine Daemon Thread] INFO  statemachine.DatanodeStateMachine (DatanodeStateMachine.java:lambda$startDaemon$0(517)) - Ozone container server started.
2023-03-16 20:06:36,418 [org.apache.hadoop.util.JvmPauseMonitor$Monitor@4cf102dc] INFO  util.JvmPauseMonitor (JvmPauseMonitor.java:run(188)) - Starting JVM pause monitor
2023-03-16 20:06:36,422 [Datanode State Machine Task Thread - 0] INFO  datanode.InitDatanodeState (InitDatanodeState.java:persistContainerDatanodeDetails(138)) - DatanodeDetails is persisted to /home/runner/work/ozone/ozone/hadoop-ozone/integration-test/target/test-dir/MiniOzoneClusterImpl-5d34faf9-8c61-4fd7-9f59-d81d67eb328e/datanode-0/meta/datanode.id
2023-03-16 20:06:36,423 [Listener at 127.0.0.1/37437] INFO  ozone.HddsDatanodeService (HddsDatanodeService.java:start(249)) - HddsDatanodeService host:fv-az371-917 ip:10.1.0.41
2023-03-16 20:06:36,453 [Listener at 127.0.0.1/37437] INFO  upgrade.AbstractLayoutVersionManager (AbstractLayoutVersionManager.java:init(83)) - Initializing Layout version manager with metadata layout = DATANODE_SCHEMA_V3 (version = 4), software layout = DATANODE_SCHEMA_V3 (version = 4)
2023-03-16 20:06:36,515 [Listener at 127.0.0.1/37437] INFO  reflections.Reflections (Reflections.java:scan(232)) - Reflections took 60 ms to scan 7 urls, producing 155 keys and 368 values 
2023-03-16 20:06:36,517 [Listener at 127.0.0.1/37437] INFO  statemachine.DatanodeStateMachine (DatanodeStateMachine.java:getEndPointTaskThreadPoolSize(260)) - Datanode State Machine Task Thread Pool size 2
2023-03-16 20:06:36,522 [Listener at 127.0.0.1/37437] INFO  volume.HddsVolume (HddsVolume.java:<init>(130)) - Creating HddsVolume: /home/runner/work/ozone/ozone/hadoop-ozone/integration-test/target/test-dir/MiniOzoneClusterImpl-5d34faf9-8c61-4fd7-9f59-d81d67eb328e/datanode-1/data-0/containers/hdds of storage type : DISK capacity : 9223372036854775807
2023-03-16 20:06:36,522 [Listener at 127.0.0.1/37437] INFO  volume.MutableVolumeSet (MutableVolumeSet.java:initializeVolumeSet(174)) - Added Volume : /home/runner/work/ozone/ozone/hadoop-ozone/integration-test/target/test-dir/MiniOzoneClusterImpl-5d34faf9-8c61-4fd7-9f59-d81d67eb328e/datanode-1/data-0/containers/hdds to VolumeSet
2023-03-16 20:06:36,522 [Listener at 127.0.0.1/37437] INFO  volume.ThrottledAsyncChecker (ThrottledAsyncChecker.java:schedule(141)) - Scheduling a check for /home/runner/work/ozone/ozone/hadoop-ozone/integration-test/target/test-dir/MiniOzoneClusterImpl-5d34faf9-8c61-4fd7-9f59-d81d67eb328e/datanode-1/data-0/containers/hdds
2023-03-16 20:06:36,524 [Listener at 127.0.0.1/37437] INFO  volume.StorageVolumeChecker (StorageVolumeChecker.java:checkAllVolumes(202)) - Scheduled health check for volume /home/runner/work/ozone/ozone/hadoop-ozone/integration-test/target/test-dir/MiniOzoneClusterImpl-5d34faf9-8c61-4fd7-9f59-d81d67eb328e/datanode-1/data-0/containers/hdds
2023-03-16 20:06:36,538 [Listener at 127.0.0.1/37437] INFO  volume.MutableVolumeSet (MutableVolumeSet.java:initializeVolumeSet(174)) - Added Volume : /home/runner/work/ozone/ozone/hadoop-ozone/integration-test/target/test-dir/MiniOzoneClusterImpl-5d34faf9-8c61-4fd7-9f59-d81d67eb328e/datanode-1/data/ratis to VolumeSet
2023-03-16 20:06:36,538 [Listener at 127.0.0.1/37437] INFO  volume.ThrottledAsyncChecker (ThrottledAsyncChecker.java:schedule(141)) - Scheduling a check for /home/runner/work/ozone/ozone/hadoop-ozone/integration-test/target/test-dir/MiniOzoneClusterImpl-5d34faf9-8c61-4fd7-9f59-d81d67eb328e/datanode-1/data/ratis
2023-03-16 20:06:36,539 [Listener at 127.0.0.1/37437] INFO  volume.StorageVolumeChecker (StorageVolumeChecker.java:checkAllVolumes(202)) - Scheduled health check for volume /home/runner/work/ozone/ozone/hadoop-ozone/integration-test/target/test-dir/MiniOzoneClusterImpl-5d34faf9-8c61-4fd7-9f59-d81d67eb328e/datanode-1/data/ratis
2023-03-16 20:06:36,554 [Thread-1007] INFO  ozoneimpl.ContainerReader (ContainerReader.java:readVolume(175)) - Finish verifying containers on volume /home/runner/work/ozone/ozone/hadoop-ozone/integration-test/target/test-dir/MiniOzoneClusterImpl-5d34faf9-8c61-4fd7-9f59-d81d67eb328e/datanode-1/data-0/containers/hdds
2023-03-16 20:06:36,554 [Listener at 127.0.0.1/37437] INFO  ozoneimpl.OzoneContainer (OzoneContainer.java:buildContainerSet(307)) - Build ContainerSet costs 0s
2023-03-16 20:06:36,557 [Listener at 127.0.0.1/37437] INFO  server.RaftServer (ConfUtils.java:logGet(46)) - raft.rpc.type = GRPC (default)
2023-03-16 20:06:36,558 [Listener at 127.0.0.1/37437] INFO  grpc.GrpcConfigKeys (ConfUtils.java:logFallback(53)) - raft.grpc.admin.host = null (fallback to raft.grpc.server.host)
2023-03-16 20:06:36,558 [Listener at 127.0.0.1/37437] INFO  grpc.GrpcConfigKeys (ConfUtils.java:logGet(46)) - raft.grpc.admin.port = 0 (custom)
2023-03-16 20:06:36,559 [Listener at 127.0.0.1/37437] INFO  grpc.GrpcConfigKeys (ConfUtils.java:logFallback(53)) - raft.grpc.client.host = null (fallback to raft.grpc.server.host)
2023-03-16 20:06:36,559 [Listener at 127.0.0.1/37437] INFO  grpc.GrpcConfigKeys (ConfUtils.java:logGet(46)) - raft.grpc.client.port = 0 (custom)
2023-03-16 20:06:36,559 [Listener at 127.0.0.1/37437] INFO  grpc.GrpcConfigKeys (ConfUtils.java:logGet(46)) - raft.grpc.server.host = null (default)
2023-03-16 20:06:36,559 [Listener at 127.0.0.1/37437] INFO  grpc.GrpcConfigKeys (ConfUtils.java:logGet(46)) - raft.grpc.server.port = 0 (default)
2023-03-16 20:06:36,559 [Listener at 127.0.0.1/37437] INFO  server.GrpcService (ConfUtils.java:logGet(46)) - raft.grpc.message.size.max = 32MB (=33554432) (custom)
2023-03-16 20:06:36,560 [Listener at 127.0.0.1/37437] INFO  server.RaftServerConfigKeys (ConfUtils.java:logGet(46)) - raft.server.log.appender.buffer.byte-limit = 33554432 (custom)
2023-03-16 20:06:36,560 [Listener at 127.0.0.1/37437] INFO  server.GrpcService (ConfUtils.java:logGet(46)) - raft.grpc.flow.control.window = 5MB (=5242880) (custom)
2023-03-16 20:06:36,561 [Listener at 127.0.0.1/37437] INFO  server.RaftServerConfigKeys (ConfUtils.java:logGet(46)) - raft.server.rpc.request.timeout = 60s (custom)
2023-03-16 20:06:36,561 [Listener at 127.0.0.1/37437] INFO  grpc.GrpcConfigKeys (ConfUtils.java:logGet(46)) - raft.grpc.server.heartbeat.channel = true (default)
2023-03-16 20:06:36,561 [Listener at 127.0.0.1/37437] INFO  grpc.GrpcConfigKeys (ConfUtils.java:logGet(46)) - raft.grpc.server.async.request.thread.pool.cached = true (default)
2023-03-16 20:06:36,561 [Listener at 127.0.0.1/37437] INFO  grpc.GrpcConfigKeys (ConfUtils.java:logGet(46)) - raft.grpc.server.async.request.thread.pool.size = 32 (default)
2023-03-16 20:06:36,563 [Listener at 127.0.0.1/37437] INFO  impl.DataStreamServerImpl (ConfUtils.java:logGet(46)) - raft.datastream.type = NETTY (custom)
2023-03-16 20:06:36,563 [Listener at 127.0.0.1/37437] INFO  server.RaftServerConfigKeys (ConfUtils.java:logGet(46)) - raft.server.data-stream.async.request.thread.pool.cached = false (default)
2023-03-16 20:06:36,563 [Listener at 127.0.0.1/37437] INFO  server.RaftServerConfigKeys (ConfUtils.java:logGet(46)) - raft.server.data-stream.async.request.thread.pool.size = 20 (custom)
2023-03-16 20:06:36,564 [Listener at 127.0.0.1/37437] INFO  server.RaftServerConfigKeys (ConfUtils.java:logGet(46)) - raft.server.data-stream.async.write.thread.pool.size = 16 (default)
2023-03-16 20:06:36,564 [Listener at 127.0.0.1/37437] INFO  server.RaftServerConfigKeys (ConfUtils.java:logGet(46)) - raft.server.data-stream.client.pool.size = 10 (default)
2023-03-16 20:06:36,564 [Listener at 127.0.0.1/37437] INFO  netty.NettyConfigKeys$DataStream (ConfUtils.java:logGet(46)) - raft.netty.dataStream.server.use-epoll = false (default)
2023-03-16 20:06:36,564 [Listener at 127.0.0.1/37437] INFO  netty.NettyConfigKeys$DataStream (ConfUtils.java:logGet(46)) - raft.netty.dataStream.server.boss-group.size = 0 (default)
2023-03-16 20:06:36,565 [Listener at 127.0.0.1/37437] INFO  netty.NettyConfigKeys$DataStream (ConfUtils.java:logGet(46)) - raft.netty.dataStream.server.worker-group.size = 0 (default)
2023-03-16 20:06:36,565 [Listener at 127.0.0.1/37437] INFO  netty.NettyConfigKeys$DataStream (ConfUtils.java:logGet(46)) - raft.netty.dataStream.server.tls.conf = null (default)
2023-03-16 20:06:36,565 [Listener at 127.0.0.1/37437] INFO  netty.NettyConfigKeys$DataStream (ConfUtils.java:logGet(46)) - raft.netty.dataStream.host = null (default)
2023-03-16 20:06:36,565 [Listener at 127.0.0.1/37437] INFO  netty.NettyConfigKeys$DataStream (ConfUtils.java:logGet(46)) - raft.netty.dataStream.port = 0 (default)
2023-03-16 20:06:36,566 [Listener at 127.0.0.1/37437] INFO  server.RaftServerConfigKeys (ConfUtils.java:logGet(46)) - raft.server.threadpool.proxy.cached = true (default)
2023-03-16 20:06:36,566 [Listener at 127.0.0.1/37437] INFO  server.RaftServerConfigKeys (ConfUtils.java:logGet(46)) - raft.server.threadpool.proxy.size = 0 (default)
2023-03-16 20:06:36,566 [682b4d9c-96c0-4a75-8400-2841f36046f6-NettyServerStreamRpc-bossGroup--thread1] INFO  logging.LoggingHandler (AbstractInternalLogger.java:log(148)) - [id: 0x462d5f1f] REGISTERED
2023-03-16 20:06:36,566 [Listener at 127.0.0.1/37437] INFO  server.RaftServerConfigKeys (ConfUtils.java:logGet(46)) - raft.server.rpc.slowness.timeout = 300s (custom)
2023-03-16 20:06:36,567 [Listener at 127.0.0.1/37437] INFO  server.RaftServerConfigKeys (ConfUtils.java:logGet(46)) - raft.server.leaderelection.leader.step-down.wait-time = 10s (default)
2023-03-16 20:06:36,566 [682b4d9c-96c0-4a75-8400-2841f36046f6-NettyServerStreamRpc-bossGroup--thread1] INFO  logging.LoggingHandler (AbstractInternalLogger.java:log(148)) - [id: 0x462d5f1f] BIND: 0.0.0.0/0.0.0.0:0
2023-03-16 20:06:36,567 [Listener at 127.0.0.1/37437] INFO  server.RaftServerConfigKeys (ConfUtils.java:logGet(46)) - raft.server.storage.dir = [/home/runner/work/ozone/ozone/hadoop-ozone/integration-test/target/test-dir/MiniOzoneClusterImpl-5d34faf9-8c61-4fd7-9f59-d81d67eb328e/datanode-1/data/ratis] (custom)
2023-03-16 20:06:36,567 [682b4d9c-96c0-4a75-8400-2841f36046f6-NettyServerStreamRpc-bossGroup--thread1] INFO  logging.LoggingHandler (AbstractInternalLogger.java:log(148)) - [id: 0x462d5f1f, L:/0:0:0:0:0:0:0:0:39721] ACTIVE
2023-03-16 20:06:36,569 [Listener at 127.0.0.1/37437] INFO  server.XceiverServerGrpc (XceiverServerGrpc.java:<init>(132)) - GrpcServer channel type EpollServerSocketChannel
2023-03-16 20:06:36,575 [Listener at 127.0.0.1/37437] INFO  http.BaseHttpServer (BaseHttpServer.java:newHttpServer2BuilderForOzone(224)) - Starting Web-server for hddsDatanode at: http://0.0.0.0:0
2023-03-16 20:06:36,575 [Listener at 127.0.0.1/37437] INFO  http.BaseHttpServer (BaseHttpServer.java:<init>(111)) - Hadoop Security Enabled: false Ozone Security Enabled: false Ozone HTTP Security Enabled: false 
2023-03-16 20:06:36,578 [Listener at 127.0.0.1/37437] WARN  server.AuthenticationFilter (AuthenticationFilter.java:constructSecretProvider(240)) - Unable to initialize FileSignerSecretProvider, falling back to use random secrets. Reason: Could not read signature secret file: /home/runner/hadoop-http-auth-signature-secret
2023-03-16 20:06:36,580 [Listener at 127.0.0.1/37437] WARN  http.HttpRequestLog (HttpRequestLog.java:getRequestLog(103)) - Jetty request log can only be enabled using Log4j
2023-03-16 20:06:36,582 [Listener at 127.0.0.1/37437] INFO  http.HttpServer2 (HttpServer2.java:addGlobalFilter(1031)) - Added global filter 'safety' (class=org.apache.hadoop.hdds.server.http.HttpServer2$QuotingInputFilter)
2023-03-16 20:06:36,583 [Listener at 127.0.0.1/37437] INFO  http.HttpServer2 (HttpServer2.java:addFilter(1007)) - Added filter static_user_filter (class=org.apache.hadoop.http.lib.StaticUserWebFilter$StaticUserFilter) to context hddsDatanode
2023-03-16 20:06:36,583 [Listener at 127.0.0.1/37437] INFO  http.HttpServer2 (HttpServer2.java:addFilter(1015)) - Added filter static_user_filter (class=org.apache.hadoop.http.lib.StaticUserWebFilter$StaticUserFilter) to context logs
2023-03-16 20:06:36,583 [Listener at 127.0.0.1/37437] INFO  http.HttpServer2 (HttpServer2.java:addFilter(1015)) - Added filter static_user_filter (class=org.apache.hadoop.http.lib.StaticUserWebFilter$StaticUserFilter) to context static
2023-03-16 20:06:36,584 [Listener at 127.0.0.1/37437] INFO  http.BaseHttpServer (BaseHttpServer.java:<init>(190)) - HTTP server of hddsDatanode uses base directory /home/runner/work/ozone/ozone/hadoop-ozone/integration-test/target/test-dir/MiniOzoneClusterImpl-5d34faf9-8c61-4fd7-9f59-d81d67eb328e/datanode-1/meta/webserver
2023-03-16 20:06:36,584 [Listener at 127.0.0.1/37437] INFO  http.HttpServer2 (HttpServer2.java:bindListener(1250)) - Jetty bound to port 44887
2023-03-16 20:06:36,585 [Listener at 127.0.0.1/37437] INFO  server.Server (Server.java:doStart(375)) - jetty-9.4.49.v20220914; built: 2022-09-14T01:07:36.601Z; git: 4231a3b2e4cb8548a412a789936d640a97b1aa0a; jvm 1.8.0_362-b09
2023-03-16 20:06:36,588 [Listener at 127.0.0.1/37437] INFO  server.session (DefaultSessionIdManager.java:doStart(334)) - DefaultSessionIdManager workerName=node0
2023-03-16 20:06:36,588 [Listener at 127.0.0.1/37437] INFO  server.session (DefaultSessionIdManager.java:doStart(339)) - No SessionScavenger set, using defaults
2023-03-16 20:06:36,588 [Listener at 127.0.0.1/37437] INFO  server.session (HouseKeeper.java:startScavenging(132)) - node0 Scavenging every 660000ms
2023-03-16 20:06:36,589 [Listener at 127.0.0.1/37437] INFO  handler.ContextHandler (ContextHandler.java:doStart(921)) - Started o.e.j.s.ServletContextHandler@1f2d2d0{logs,/logs,file:///home/runner/work/ozone/ozone/hadoop-ozone/integration-test/target/log,AVAILABLE}
2023-03-16 20:06:36,589 [Listener at 127.0.0.1/37437] INFO  handler.ContextHandler (ContextHandler.java:doStart(921)) - Started o.e.j.s.ServletContextHandler@4d713ced{static,/static,jar:file:/home/runner/.m2/repository/org/apache/ozone/hdds-container-service/1.4.0-SNAPSHOT/hdds-container-service-1.4.0-SNAPSHOT.jar!/webapps/static,AVAILABLE}
2023-03-16 20:06:36,830 [Listener at 127.0.0.1/37437] INFO  handler.ContextHandler (ContextHandler.java:doStart(921)) - Started o.e.j.w.WebAppContext@37093884{hddsDatanode,/,file:///home/runner/work/ozone/ozone/hadoop-ozone/integration-test/target/test-dir/MiniOzoneClusterImpl-5d34faf9-8c61-4fd7-9f59-d81d67eb328e/datanode-1/meta/webserver/jetty-0_0_0_0-44887-hdds-container-service-1_4_0-SNAPSHOT_jar-_-any-7932179595019109702/webapp/,AVAILABLE}{jar:file:/home/runner/.m2/repository/org/apache/ozone/hdds-container-service/1.4.0-SNAPSHOT/hdds-container-service-1.4.0-SNAPSHOT.jar!/webapps/hddsDatanode}
2023-03-16 20:06:36,832 [Listener at 127.0.0.1/37437] INFO  server.AbstractConnector (AbstractConnector.java:doStart(333)) - Started ServerConnector@d8199f3{HTTP/1.1, (http/1.1)}{0.0.0.0:44887}
2023-03-16 20:06:36,833 [Listener at 127.0.0.1/37437] INFO  server.Server (Server.java:doStart(415)) - Started @174304ms
2023-03-16 20:06:36,833 [Listener at 127.0.0.1/37437] WARN  impl.MetricsSystemImpl (MetricsSystemImpl.java:register(279)) - Sink prometheus already exists!
2023-03-16 20:06:36,834 [Listener at 127.0.0.1/37437] INFO  http.BaseHttpServer (BaseHttpServer.java:updateConnectorAddress(344)) - HTTP server of hddsDatanode listening at http://0.0.0.0:44887
2023-03-16 20:06:36,834 [Datanode State Machine Daemon Thread] INFO  statemachine.DatanodeStateMachine (DatanodeStateMachine.java:lambda$startDaemon$0(517)) - Ozone container server started.
2023-03-16 20:06:36,834 [Listener at 127.0.0.1/37437] WARN  impl.MetricRegistriesImpl (MetricRegistriesImpl.java:addReporterRegistration(111)) - New reporters are added after registries were created. Some metrics will be missing from the reporter. Please add reporter before adding any new registry.
2023-03-16 20:06:36,836 [Listener at 127.0.0.1/37437] WARN  impl.MetricRegistriesImpl (MetricRegistriesImpl.java:addReporterRegistration(111)) - New reporters are added after registries were created. Some metrics will be missing from the reporter. Please add reporter before adding any new registry.
2023-03-16 20:06:36,836 [Listener at 127.0.0.1/37437] INFO  impl.MetricsSystemImpl (MetricsSystemImpl.java:init(158)) - HddsDatanode metrics system started (again)
2023-03-16 20:06:36,850 [org.apache.hadoop.util.JvmPauseMonitor$Monitor@2a265a68] INFO  util.JvmPauseMonitor (JvmPauseMonitor.java:run(188)) - Starting JVM pause monitor
2023-03-16 20:06:36,852 [Listener at 127.0.0.1/37437] INFO  ozone.HddsDatanodeService (HddsDatanodeService.java:start(249)) - HddsDatanodeService host:fv-az371-917 ip:10.1.0.41
2023-03-16 20:06:36,856 [Datanode State Machine Task Thread - 0] INFO  datanode.InitDatanodeState (InitDatanodeState.java:persistContainerDatanodeDetails(138)) - DatanodeDetails is persisted to /home/runner/work/ozone/ozone/hadoop-ozone/integration-test/target/test-dir/MiniOzoneClusterImpl-5d34faf9-8c61-4fd7-9f59-d81d67eb328e/datanode-1/meta/datanode.id
2023-03-16 20:06:36,882 [Listener at 127.0.0.1/37437] INFO  upgrade.AbstractLayoutVersionManager (AbstractLayoutVersionManager.java:init(83)) - Initializing Layout version manager with metadata layout = DATANODE_SCHEMA_V3 (version = 4), software layout = DATANODE_SCHEMA_V3 (version = 4)
2023-03-16 20:06:36,931 [om1@group-C5BA1605619E-FollowerState] INFO  impl.FollowerState (FollowerState.java:run(143)) - om1@group-C5BA1605619E-FollowerState: change to CANDIDATE, lastRpcElapsedTime:1072125373ns, electionTimeout:1068ms
2023-03-16 20:06:36,931 [om1@group-C5BA1605619E-FollowerState] INFO  impl.RoleInfo (RoleInfo.java:shutdownFollowerState(110)) - om1: shutdown om1@group-C5BA1605619E-FollowerState
2023-03-16 20:06:36,931 [om1@group-C5BA1605619E-FollowerState] INFO  server.RaftServer$Division (RaftServerImpl.java:setRole(321)) - om1@group-C5BA1605619E: changes role from  FOLLOWER to CANDIDATE at term 0 for changeToCandidate
2023-03-16 20:06:36,931 [om1@group-C5BA1605619E-FollowerState] INFO  server.RaftServerConfigKeys (ConfUtils.java:logGet(46)) - raft.server.leaderelection.pre-vote = true (default)
2023-03-16 20:06:36,932 [om1@group-C5BA1605619E-FollowerState] INFO  impl.RoleInfo (RoleInfo.java:updateAndGet(139)) - om1: start om1@group-C5BA1605619E-LeaderElection19
2023-03-16 20:06:36,940 [om1@group-C5BA1605619E-LeaderElection19] INFO  impl.LeaderElection (LeaderElection.java:askForVotes(312)) - om1@group-C5BA1605619E-LeaderElection19 PRE_VOTE round 0: submit vote requests at term 0 for -1: peers:[om1|rpc:localhost:9872|priority:0|startupRole:FOLLOWER]|listeners:[], old=null
2023-03-16 20:06:36,940 [om1@group-C5BA1605619E-LeaderElection19] INFO  impl.LeaderElection (LeaderElection.java:askForVotes(314)) - om1@group-C5BA1605619E-LeaderElection19 PRE_VOTE round 0: result PASSED (term=0)
2023-03-16 20:06:36,945 [om1@group-C5BA1605619E-LeaderElection19] INFO  impl.LeaderElection (LeaderElection.java:askForVotes(312)) - om1@group-C5BA1605619E-LeaderElection19 ELECTION round 0: submit vote requests at term 1 for -1: peers:[om1|rpc:localhost:9872|priority:0|startupRole:FOLLOWER]|listeners:[], old=null
2023-03-16 20:06:36,945 [om1@group-C5BA1605619E-LeaderElection19] INFO  impl.LeaderElection (LeaderElection.java:askForVotes(314)) - om1@group-C5BA1605619E-LeaderElection19 ELECTION round 0: result PASSED (term=1)
2023-03-16 20:06:36,945 [om1@group-C5BA1605619E-LeaderElection19] INFO  impl.RoleInfo (RoleInfo.java:shutdownLeaderElection(130)) - om1: shutdown om1@group-C5BA1605619E-LeaderElection19
2023-03-16 20:06:36,945 [om1@group-C5BA1605619E-LeaderElection19] INFO  server.RaftServer$Division (RaftServerImpl.java:setRole(321)) - om1@group-C5BA1605619E: changes role from CANDIDATE to LEADER at term 1 for changeToLeader
2023-03-16 20:06:36,946 [om1@group-C5BA1605619E-LeaderElection19] INFO  server.RaftServer$Division (ServerState.java:setLeader(313)) - om1@group-C5BA1605619E: change Leader from null to om1 at term 1 for becomeLeader, leader elected after 1573ms
2023-03-16 20:06:36,946 [om1@group-C5BA1605619E-LeaderElection19] INFO  server.RaftServerConfigKeys (ConfUtils.java:logGet(46)) - raft.server.staging.catchup.gap = 1000 (default)
2023-03-16 20:06:36,949 [om1@group-C5BA1605619E-LeaderElection19] INFO  server.RaftServerConfigKeys (ConfUtils.java:logGet(46)) - raft.server.write.element-limit = 4096 (default)
2023-03-16 20:06:36,949 [om1@group-C5BA1605619E-LeaderElection19] INFO  server.RaftServerConfigKeys (ConfUtils.java:logGet(46)) - raft.server.write.byte-limit = 64MB (=67108864) (default)
2023-03-16 20:06:36,949 [om1@group-C5BA1605619E-LeaderElection19] INFO  server.RaftServerConfigKeys (ConfUtils.java:logGet(46)) - raft.server.watch.timeout = 10s (default)
2023-03-16 20:06:36,949 [om1@group-C5BA1605619E-LeaderElection19] INFO  server.RaftServerConfigKeys (ConfUtils.java:logGet(46)) - raft.server.watch.timeout.denomination = 1s (default)
2023-03-16 20:06:36,949 [om1@group-C5BA1605619E-LeaderElection19] INFO  server.RaftServerConfigKeys (ConfUtils.java:logGet(46)) - raft.server.watch.element-limit = 65536 (default)
2023-03-16 20:06:36,950 [om1@group-C5BA1605619E-LeaderElection19] INFO  server.RaftServerConfigKeys (ConfUtils.java:logGet(46)) - raft.server.write.element-limit = 4096 (default)
2023-03-16 20:06:36,950 [om1@group-C5BA1605619E-LeaderElection19] INFO  server.RaftServerConfigKeys (ConfUtils.java:logGet(46)) - raft.server.write.follower.gap.ratio.max = -1.0 (default)
2023-03-16 20:06:36,950 [om1@group-C5BA1605619E-LeaderElection19] INFO  impl.RoleInfo (RoleInfo.java:updateAndGet(139)) - om1: start om1@group-C5BA1605619E-LeaderStateImpl
2023-03-16 20:06:36,950 [om1@group-C5BA1605619E-LeaderElection19] INFO  segmented.SegmentedRaftLogWorker (SegmentedRaftLogWorker.java:startLogSegment(452)) - om1@group-C5BA1605619E-SegmentedRaftLogWorker: Starting segment from index:0
2023-03-16 20:06:36,963 [Listener at 127.0.0.1/37437] INFO  reflections.Reflections (Reflections.java:scan(232)) - Reflections took 79 ms to scan 7 urls, producing 155 keys and 368 values 
2023-03-16 20:06:36,966 [om1@group-C5BA1605619E-LeaderElection19] INFO  server.RaftServer$Division (ServerState.java:setRaftConf(430)) - om1@group-C5BA1605619E: set configuration 0: peers:[om1|rpc:localhost:9872|admin:|client:|dataStream:|priority:0|startupRole:FOLLOWER]|listeners:[], old=null
2023-03-16 20:06:36,970 [om1@group-C5BA1605619E-SegmentedRaftLogWorker] INFO  segmented.SegmentedRaftLogWorker (SegmentedRaftLogWorker.java:execute(656)) - om1@group-C5BA1605619E-SegmentedRaftLogWorker: created new log segment /home/runner/work/ozone/ozone/hadoop-ozone/integration-test/target/test-dir/MiniOzoneClusterImpl-5d34faf9-8c61-4fd7-9f59-d81d67eb328e/ozone-meta/ratis/bf265839-605b-3f16-9796-c5ba1605619e/current/log_inprogress_0
2023-03-16 20:06:36,971 [Listener at 127.0.0.1/37437] INFO  statemachine.DatanodeStateMachine (DatanodeStateMachine.java:getEndPointTaskThreadPoolSize(260)) - Datanode State Machine Task Thread Pool size 2
2023-03-16 20:06:36,971 [om1@group-C5BA1605619E-StateMachineUpdater] INFO  ratis.OzoneManagerStateMachine (OzoneManagerStateMachine.java:notifyConfigurationChanged(192)) - Received Configuration change notification from Ratis. New Peer list:
[id: "om1"
address: "localhost:9872"
startupRole: FOLLOWER
]
2023-03-16 20:06:36,972 [Listener at 127.0.0.1/37437] INFO  volume.HddsVolume (HddsVolume.java:<init>(130)) - Creating HddsVolume: /home/runner/work/ozone/ozone/hadoop-ozone/integration-test/target/test-dir/MiniOzoneClusterImpl-5d34faf9-8c61-4fd7-9f59-d81d67eb328e/datanode-2/data-0/containers/hdds of storage type : DISK capacity : 9223372036854775807
2023-03-16 20:06:36,973 [Listener at 127.0.0.1/37437] INFO  volume.MutableVolumeSet (MutableVolumeSet.java:initializeVolumeSet(174)) - Added Volume : /home/runner/work/ozone/ozone/hadoop-ozone/integration-test/target/test-dir/MiniOzoneClusterImpl-5d34faf9-8c61-4fd7-9f59-d81d67eb328e/datanode-2/data-0/containers/hdds to VolumeSet
2023-03-16 20:06:36,973 [Listener at 127.0.0.1/37437] INFO  volume.ThrottledAsyncChecker (ThrottledAsyncChecker.java:schedule(141)) - Scheduling a check for /home/runner/work/ozone/ozone/hadoop-ozone/integration-test/target/test-dir/MiniOzoneClusterImpl-5d34faf9-8c61-4fd7-9f59-d81d67eb328e/datanode-2/data-0/containers/hdds
2023-03-16 20:06:36,977 [Listener at 127.0.0.1/37437] INFO  volume.StorageVolumeChecker (StorageVolumeChecker.java:checkAllVolumes(202)) - Scheduled health check for volume /home/runner/work/ozone/ozone/hadoop-ozone/integration-test/target/test-dir/MiniOzoneClusterImpl-5d34faf9-8c61-4fd7-9f59-d81d67eb328e/datanode-2/data-0/containers/hdds
2023-03-16 20:06:36,992 [Listener at 127.0.0.1/37437] INFO  volume.MutableVolumeSet (MutableVolumeSet.java:initializeVolumeSet(174)) - Added Volume : /home/runner/work/ozone/ozone/hadoop-ozone/integration-test/target/test-dir/MiniOzoneClusterImpl-5d34faf9-8c61-4fd7-9f59-d81d67eb328e/datanode-2/data/ratis to VolumeSet
2023-03-16 20:06:36,992 [Listener at 127.0.0.1/37437] INFO  volume.ThrottledAsyncChecker (ThrottledAsyncChecker.java:schedule(141)) - Scheduling a check for /home/runner/work/ozone/ozone/hadoop-ozone/integration-test/target/test-dir/MiniOzoneClusterImpl-5d34faf9-8c61-4fd7-9f59-d81d67eb328e/datanode-2/data/ratis
2023-03-16 20:06:36,993 [Listener at 127.0.0.1/37437] INFO  volume.StorageVolumeChecker (StorageVolumeChecker.java:checkAllVolumes(202)) - Scheduled health check for volume /home/runner/work/ozone/ozone/hadoop-ozone/integration-test/target/test-dir/MiniOzoneClusterImpl-5d34faf9-8c61-4fd7-9f59-d81d67eb328e/datanode-2/data/ratis
2023-03-16 20:06:37,006 [Thread-1023] INFO  ozoneimpl.ContainerReader (ContainerReader.java:readVolume(175)) - Finish verifying containers on volume /home/runner/work/ozone/ozone/hadoop-ozone/integration-test/target/test-dir/MiniOzoneClusterImpl-5d34faf9-8c61-4fd7-9f59-d81d67eb328e/datanode-2/data-0/containers/hdds
2023-03-16 20:06:37,007 [Listener at 127.0.0.1/37437] INFO  ozoneimpl.OzoneContainer (OzoneContainer.java:buildContainerSet(307)) - Build ContainerSet costs 0s
2023-03-16 20:06:37,010 [Listener at 127.0.0.1/37437] INFO  server.RaftServer (ConfUtils.java:logGet(46)) - raft.rpc.type = GRPC (default)
2023-03-16 20:06:37,010 [Listener at 127.0.0.1/37437] INFO  grpc.GrpcConfigKeys (ConfUtils.java:logFallback(53)) - raft.grpc.admin.host = null (fallback to raft.grpc.server.host)
2023-03-16 20:06:37,010 [Listener at 127.0.0.1/37437] INFO  grpc.GrpcConfigKeys (ConfUtils.java:logGet(46)) - raft.grpc.admin.port = 0 (custom)
2023-03-16 20:06:37,010 [Listener at 127.0.0.1/37437] INFO  grpc.GrpcConfigKeys (ConfUtils.java:logFallback(53)) - raft.grpc.client.host = null (fallback to raft.grpc.server.host)
2023-03-16 20:06:37,011 [Listener at 127.0.0.1/37437] INFO  grpc.GrpcConfigKeys (ConfUtils.java:logGet(46)) - raft.grpc.client.port = 0 (custom)
2023-03-16 20:06:37,011 [Listener at 127.0.0.1/37437] INFO  grpc.GrpcConfigKeys (ConfUtils.java:logGet(46)) - raft.grpc.server.host = null (default)
2023-03-16 20:06:37,011 [Listener at 127.0.0.1/37437] INFO  grpc.GrpcConfigKeys (ConfUtils.java:logGet(46)) - raft.grpc.server.port = 0 (default)
2023-03-16 20:06:37,011 [Listener at 127.0.0.1/37437] INFO  server.GrpcService (ConfUtils.java:logGet(46)) - raft.grpc.message.size.max = 32MB (=33554432) (custom)
2023-03-16 20:06:37,011 [Listener at 127.0.0.1/37437] INFO  server.RaftServerConfigKeys (ConfUtils.java:logGet(46)) - raft.server.log.appender.buffer.byte-limit = 33554432 (custom)
2023-03-16 20:06:37,011 [Listener at 127.0.0.1/37437] INFO  server.GrpcService (ConfUtils.java:logGet(46)) - raft.grpc.flow.control.window = 5MB (=5242880) (custom)
2023-03-16 20:06:37,012 [Listener at 127.0.0.1/37437] INFO  server.RaftServerConfigKeys (ConfUtils.java:logGet(46)) - raft.server.rpc.request.timeout = 60s (custom)
2023-03-16 20:06:37,012 [Listener at 127.0.0.1/37437] INFO  grpc.GrpcConfigKeys (ConfUtils.java:logGet(46)) - raft.grpc.server.heartbeat.channel = true (default)
2023-03-16 20:06:37,012 [Listener at 127.0.0.1/37437] INFO  grpc.GrpcConfigKeys (ConfUtils.java:logGet(46)) - raft.grpc.server.async.request.thread.pool.cached = true (default)
2023-03-16 20:06:37,012 [Listener at 127.0.0.1/37437] INFO  grpc.GrpcConfigKeys (ConfUtils.java:logGet(46)) - raft.grpc.server.async.request.thread.pool.size = 32 (default)
2023-03-16 20:06:37,014 [Listener at 127.0.0.1/37437] INFO  impl.DataStreamServerImpl (ConfUtils.java:logGet(46)) - raft.datastream.type = NETTY (custom)
2023-03-16 20:06:37,014 [Listener at 127.0.0.1/37437] INFO  server.RaftServerConfigKeys (ConfUtils.java:logGet(46)) - raft.server.data-stream.async.request.thread.pool.cached = false (default)
2023-03-16 20:06:37,014 [Listener at 127.0.0.1/37437] INFO  server.RaftServerConfigKeys (ConfUtils.java:logGet(46)) - raft.server.data-stream.async.request.thread.pool.size = 20 (custom)
2023-03-16 20:06:37,014 [Listener at 127.0.0.1/37437] INFO  server.RaftServerConfigKeys (ConfUtils.java:logGet(46)) - raft.server.data-stream.async.write.thread.pool.size = 16 (default)
2023-03-16 20:06:37,015 [Listener at 127.0.0.1/37437] INFO  server.RaftServerConfigKeys (ConfUtils.java:logGet(46)) - raft.server.data-stream.client.pool.size = 10 (default)
2023-03-16 20:06:37,015 [Listener at 127.0.0.1/37437] INFO  netty.NettyConfigKeys$DataStream (ConfUtils.java:logGet(46)) - raft.netty.dataStream.server.use-epoll = false (default)
2023-03-16 20:06:37,015 [Listener at 127.0.0.1/37437] INFO  netty.NettyConfigKeys$DataStream (ConfUtils.java:logGet(46)) - raft.netty.dataStream.server.boss-group.size = 0 (default)
2023-03-16 20:06:37,016 [Listener at 127.0.0.1/37437] INFO  netty.NettyConfigKeys$DataStream (ConfUtils.java:logGet(46)) - raft.netty.dataStream.server.worker-group.size = 0 (default)
2023-03-16 20:06:37,016 [Listener at 127.0.0.1/37437] INFO  netty.NettyConfigKeys$DataStream (ConfUtils.java:logGet(46)) - raft.netty.dataStream.server.tls.conf = null (default)
2023-03-16 20:06:37,016 [Listener at 127.0.0.1/37437] INFO  netty.NettyConfigKeys$DataStream (ConfUtils.java:logGet(46)) - raft.netty.dataStream.host = null (default)
2023-03-16 20:06:37,016 [Listener at 127.0.0.1/37437] INFO  netty.NettyConfigKeys$DataStream (ConfUtils.java:logGet(46)) - raft.netty.dataStream.port = 0 (default)
2023-03-16 20:06:37,017 [Listener at 127.0.0.1/37437] INFO  server.RaftServerConfigKeys (ConfUtils.java:logGet(46)) - raft.server.threadpool.proxy.cached = true (default)
2023-03-16 20:06:37,017 [Listener at 127.0.0.1/37437] INFO  server.RaftServerConfigKeys (ConfUtils.java:logGet(46)) - raft.server.threadpool.proxy.size = 0 (default)
2023-03-16 20:06:37,017 [Listener at 127.0.0.1/37437] INFO  server.RaftServerConfigKeys (ConfUtils.java:logGet(46)) - raft.server.rpc.slowness.timeout = 300s (custom)
2023-03-16 20:06:37,018 [Listener at 127.0.0.1/37437] INFO  server.RaftServerConfigKeys (ConfUtils.java:logGet(46)) - raft.server.leaderelection.leader.step-down.wait-time = 10s (default)
2023-03-16 20:06:37,018 [Listener at 127.0.0.1/37437] INFO  server.RaftServerConfigKeys (ConfUtils.java:logGet(46)) - raft.server.storage.dir = [/home/runner/work/ozone/ozone/hadoop-ozone/integration-test/target/test-dir/MiniOzoneClusterImpl-5d34faf9-8c61-4fd7-9f59-d81d67eb328e/datanode-2/data/ratis] (custom)
2023-03-16 20:06:37,018 [af19ea06-4a72-4e8e-a05a-645e0b93ca6c-NettyServerStreamRpc-bossGroup--thread1] INFO  logging.LoggingHandler (AbstractInternalLogger.java:log(148)) - [id: 0x1360fd1e] REGISTERED
2023-03-16 20:06:37,019 [af19ea06-4a72-4e8e-a05a-645e0b93ca6c-NettyServerStreamRpc-bossGroup--thread1] INFO  logging.LoggingHandler (AbstractInternalLogger.java:log(148)) - [id: 0x1360fd1e] BIND: 0.0.0.0/0.0.0.0:0
2023-03-16 20:06:37,019 [af19ea06-4a72-4e8e-a05a-645e0b93ca6c-NettyServerStreamRpc-bossGroup--thread1] INFO  logging.LoggingHandler (AbstractInternalLogger.java:log(148)) - [id: 0x1360fd1e, L:/0:0:0:0:0:0:0:0:40505] ACTIVE
2023-03-16 20:06:37,025 [Listener at 127.0.0.1/37437] INFO  server.XceiverServerGrpc (XceiverServerGrpc.java:<init>(132)) - GrpcServer channel type EpollServerSocketChannel
2023-03-16 20:06:37,032 [Listener at 127.0.0.1/37437] INFO  http.BaseHttpServer (BaseHttpServer.java:newHttpServer2BuilderForOzone(224)) - Starting Web-server for hddsDatanode at: http://0.0.0.0:0
2023-03-16 20:06:37,033 [Listener at 127.0.0.1/37437] INFO  http.BaseHttpServer (BaseHttpServer.java:<init>(111)) - Hadoop Security Enabled: false Ozone Security Enabled: false Ozone HTTP Security Enabled: false 
2023-03-16 20:06:37,036 [Listener at 127.0.0.1/37437] WARN  server.AuthenticationFilter (AuthenticationFilter.java:constructSecretProvider(240)) - Unable to initialize FileSignerSecretProvider, falling back to use random secrets. Reason: Could not read signature secret file: /home/runner/hadoop-http-auth-signature-secret
2023-03-16 20:06:37,037 [Listener at 127.0.0.1/37437] WARN  http.HttpRequestLog (HttpRequestLog.java:getRequestLog(103)) - Jetty request log can only be enabled using Log4j
2023-03-16 20:06:37,038 [Listener at 127.0.0.1/37437] INFO  http.HttpServer2 (HttpServer2.java:addGlobalFilter(1031)) - Added global filter 'safety' (class=org.apache.hadoop.hdds.server.http.HttpServer2$QuotingInputFilter)
2023-03-16 20:06:37,038 [Listener at 127.0.0.1/37437] INFO  http.HttpServer2 (HttpServer2.java:addFilter(1007)) - Added filter static_user_filter (class=org.apache.hadoop.http.lib.StaticUserWebFilter$StaticUserFilter) to context hddsDatanode
2023-03-16 20:06:37,039 [Listener at 127.0.0.1/37437] INFO  http.HttpServer2 (HttpServer2.java:addFilter(1015)) - Added filter static_user_filter (class=org.apache.hadoop.http.lib.StaticUserWebFilter$StaticUserFilter) to context static
2023-03-16 20:06:37,039 [Listener at 127.0.0.1/37437] INFO  http.HttpServer2 (HttpServer2.java:addFilter(1015)) - Added filter static_user_filter (class=org.apache.hadoop.http.lib.StaticUserWebFilter$StaticUserFilter) to context logs
2023-03-16 20:06:37,039 [Listener at 127.0.0.1/37437] INFO  http.BaseHttpServer (BaseHttpServer.java:<init>(190)) - HTTP server of hddsDatanode uses base directory /home/runner/work/ozone/ozone/hadoop-ozone/integration-test/target/test-dir/MiniOzoneClusterImpl-5d34faf9-8c61-4fd7-9f59-d81d67eb328e/datanode-2/meta/webserver
2023-03-16 20:06:37,040 [Listener at 127.0.0.1/37437] INFO  http.HttpServer2 (HttpServer2.java:bindListener(1250)) - Jetty bound to port 37103
2023-03-16 20:06:37,040 [Listener at 127.0.0.1/37437] INFO  server.Server (Server.java:doStart(375)) - jetty-9.4.49.v20220914; built: 2022-09-14T01:07:36.601Z; git: 4231a3b2e4cb8548a412a789936d640a97b1aa0a; jvm 1.8.0_362-b09
2023-03-16 20:06:37,041 [Listener at 127.0.0.1/37437] INFO  server.session (DefaultSessionIdManager.java:doStart(334)) - DefaultSessionIdManager workerName=node0
2023-03-16 20:06:37,042 [Listener at 127.0.0.1/37437] INFO  server.session (DefaultSessionIdManager.java:doStart(339)) - No SessionScavenger set, using defaults
2023-03-16 20:06:37,042 [Listener at 127.0.0.1/37437] INFO  server.session (HouseKeeper.java:startScavenging(132)) - node0 Scavenging every 660000ms
2023-03-16 20:06:37,043 [Listener at 127.0.0.1/37437] INFO  handler.ContextHandler (ContextHandler.java:doStart(921)) - Started o.e.j.s.ServletContextHandler@348edc31{logs,/logs,file:///home/runner/work/ozone/ozone/hadoop-ozone/integration-test/target/log,AVAILABLE}
2023-03-16 20:06:37,043 [Listener at 127.0.0.1/37437] INFO  handler.ContextHandler (ContextHandler.java:doStart(921)) - Started o.e.j.s.ServletContextHandler@38f2fec1{static,/static,jar:file:/home/runner/.m2/repository/org/apache/ozone/hdds-container-service/1.4.0-SNAPSHOT/hdds-container-service-1.4.0-SNAPSHOT.jar!/webapps/static,AVAILABLE}
2023-03-16 20:06:37,301 [Listener at 127.0.0.1/37437] INFO  handler.ContextHandler (ContextHandler.java:doStart(921)) - Started o.e.j.w.WebAppContext@44b2e9be{hddsDatanode,/,file:///home/runner/work/ozone/ozone/hadoop-ozone/integration-test/target/test-dir/MiniOzoneClusterImpl-5d34faf9-8c61-4fd7-9f59-d81d67eb328e/datanode-2/meta/webserver/jetty-0_0_0_0-37103-hdds-container-service-1_4_0-SNAPSHOT_jar-_-any-5155558687588987479/webapp/,AVAILABLE}{jar:file:/home/runner/.m2/repository/org/apache/ozone/hdds-container-service/1.4.0-SNAPSHOT/hdds-container-service-1.4.0-SNAPSHOT.jar!/webapps/hddsDatanode}
2023-03-16 20:06:37,303 [Listener at 127.0.0.1/37437] INFO  server.AbstractConnector (AbstractConnector.java:doStart(333)) - Started ServerConnector@17275013{HTTP/1.1, (http/1.1)}{0.0.0.0:37103}
2023-03-16 20:06:37,303 [Listener at 127.0.0.1/37437] INFO  server.Server (Server.java:doStart(415)) - Started @174775ms
2023-03-16 20:06:37,303 [Listener at 127.0.0.1/37437] WARN  impl.MetricsSystemImpl (MetricsSystemImpl.java:register(279)) - Sink prometheus already exists!
2023-03-16 20:06:37,304 [Listener at 127.0.0.1/37437] INFO  http.BaseHttpServer (BaseHttpServer.java:updateConnectorAddress(344)) - HTTP server of hddsDatanode listening at http://0.0.0.0:37103
2023-03-16 20:06:37,305 [Datanode State Machine Daemon Thread] INFO  statemachine.DatanodeStateMachine (DatanodeStateMachine.java:lambda$startDaemon$0(517)) - Ozone container server started.
2023-03-16 20:06:37,313 [Listener at 127.0.0.1/37437] WARN  impl.MetricRegistriesImpl (MetricRegistriesImpl.java:addReporterRegistration(111)) - New reporters are added after registries were created. Some metrics will be missing from the reporter. Please add reporter before adding any new registry.
2023-03-16 20:06:37,313 [Listener at 127.0.0.1/37437] WARN  impl.MetricRegistriesImpl (MetricRegistriesImpl.java:addReporterRegistration(111)) - New reporters are added after registries were created. Some metrics will be missing from the reporter. Please add reporter before adding any new registry.
2023-03-16 20:06:37,313 [Listener at 127.0.0.1/37437] INFO  impl.MetricsSystemImpl (MetricsSystemImpl.java:init(158)) - HddsDatanode metrics system started (again)
2023-03-16 20:06:37,314 [Datanode State Machine Task Thread - 0] INFO  datanode.InitDatanodeState (InitDatanodeState.java:persistContainerDatanodeDetails(138)) - DatanodeDetails is persisted to /home/runner/work/ozone/ozone/hadoop-ozone/integration-test/target/test-dir/MiniOzoneClusterImpl-5d34faf9-8c61-4fd7-9f59-d81d67eb328e/datanode-2/meta/datanode.id
2023-03-16 20:06:37,317 [org.apache.hadoop.util.JvmPauseMonitor$Monitor@3c9e86ff] INFO  util.JvmPauseMonitor (JvmPauseMonitor.java:run(188)) - Starting JVM pause monitor
2023-03-16 20:06:37,329 [Listener at 127.0.0.1/37437] INFO  ozone.HddsDatanodeService (HddsDatanodeService.java:start(249)) - HddsDatanodeService host:fv-az371-917 ip:10.1.0.41
2023-03-16 20:06:37,372 [Listener at 127.0.0.1/37437] INFO  upgrade.AbstractLayoutVersionManager (AbstractLayoutVersionManager.java:init(83)) - Initializing Layout version manager with metadata layout = DATANODE_SCHEMA_V3 (version = 4), software layout = DATANODE_SCHEMA_V3 (version = 4)
2023-03-16 20:06:37,432 [Listener at 127.0.0.1/37437] INFO  reflections.Reflections (Reflections.java:scan(232)) - Reflections took 58 ms to scan 7 urls, producing 155 keys and 368 values 
2023-03-16 20:06:37,434 [Listener at 127.0.0.1/37437] INFO  statemachine.DatanodeStateMachine (DatanodeStateMachine.java:getEndPointTaskThreadPoolSize(260)) - Datanode State Machine Task Thread Pool size 2
2023-03-16 20:06:37,438 [Listener at 127.0.0.1/37437] INFO  volume.HddsVolume (HddsVolume.java:<init>(130)) - Creating HddsVolume: /home/runner/work/ozone/ozone/hadoop-ozone/integration-test/target/test-dir/MiniOzoneClusterImpl-5d34faf9-8c61-4fd7-9f59-d81d67eb328e/datanode-3/data-0/containers/hdds of storage type : DISK capacity : 9223372036854775807
2023-03-16 20:06:37,438 [Listener at 127.0.0.1/37437] INFO  volume.MutableVolumeSet (MutableVolumeSet.java:initializeVolumeSet(174)) - Added Volume : /home/runner/work/ozone/ozone/hadoop-ozone/integration-test/target/test-dir/MiniOzoneClusterImpl-5d34faf9-8c61-4fd7-9f59-d81d67eb328e/datanode-3/data-0/containers/hdds to VolumeSet
2023-03-16 20:06:37,438 [Listener at 127.0.0.1/37437] INFO  volume.ThrottledAsyncChecker (ThrottledAsyncChecker.java:schedule(141)) - Scheduling a check for /home/runner/work/ozone/ozone/hadoop-ozone/integration-test/target/test-dir/MiniOzoneClusterImpl-5d34faf9-8c61-4fd7-9f59-d81d67eb328e/datanode-3/data-0/containers/hdds
2023-03-16 20:06:37,439 [Listener at 127.0.0.1/37437] INFO  volume.StorageVolumeChecker (StorageVolumeChecker.java:checkAllVolumes(202)) - Scheduled health check for volume /home/runner/work/ozone/ozone/hadoop-ozone/integration-test/target/test-dir/MiniOzoneClusterImpl-5d34faf9-8c61-4fd7-9f59-d81d67eb328e/datanode-3/data-0/containers/hdds
2023-03-16 20:06:37,453 [Listener at 127.0.0.1/37437] INFO  volume.MutableVolumeSet (MutableVolumeSet.java:initializeVolumeSet(174)) - Added Volume : /home/runner/work/ozone/ozone/hadoop-ozone/integration-test/target/test-dir/MiniOzoneClusterImpl-5d34faf9-8c61-4fd7-9f59-d81d67eb328e/datanode-3/data/ratis to VolumeSet
2023-03-16 20:06:37,453 [Listener at 127.0.0.1/37437] INFO  volume.ThrottledAsyncChecker (ThrottledAsyncChecker.java:schedule(141)) - Scheduling a check for /home/runner/work/ozone/ozone/hadoop-ozone/integration-test/target/test-dir/MiniOzoneClusterImpl-5d34faf9-8c61-4fd7-9f59-d81d67eb328e/datanode-3/data/ratis
2023-03-16 20:06:37,453 [Listener at 127.0.0.1/37437] INFO  volume.StorageVolumeChecker (StorageVolumeChecker.java:checkAllVolumes(202)) - Scheduled health check for volume /home/runner/work/ozone/ozone/hadoop-ozone/integration-test/target/test-dir/MiniOzoneClusterImpl-5d34faf9-8c61-4fd7-9f59-d81d67eb328e/datanode-3/data/ratis
2023-03-16 20:06:37,467 [Thread-1037] INFO  ozoneimpl.ContainerReader (ContainerReader.java:readVolume(175)) - Finish verifying containers on volume /home/runner/work/ozone/ozone/hadoop-ozone/integration-test/target/test-dir/MiniOzoneClusterImpl-5d34faf9-8c61-4fd7-9f59-d81d67eb328e/datanode-3/data-0/containers/hdds
2023-03-16 20:06:37,468 [Listener at 127.0.0.1/37437] INFO  ozoneimpl.OzoneContainer (OzoneContainer.java:buildContainerSet(307)) - Build ContainerSet costs 0s
2023-03-16 20:06:37,471 [Listener at 127.0.0.1/37437] INFO  server.RaftServer (ConfUtils.java:logGet(46)) - raft.rpc.type = GRPC (default)
2023-03-16 20:06:37,471 [Listener at 127.0.0.1/37437] INFO  grpc.GrpcConfigKeys (ConfUtils.java:logFallback(53)) - raft.grpc.admin.host = null (fallback to raft.grpc.server.host)
2023-03-16 20:06:37,472 [Listener at 127.0.0.1/37437] INFO  grpc.GrpcConfigKeys (ConfUtils.java:logGet(46)) - raft.grpc.admin.port = 0 (custom)
2023-03-16 20:06:37,472 [Listener at 127.0.0.1/37437] INFO  grpc.GrpcConfigKeys (ConfUtils.java:logFallback(53)) - raft.grpc.client.host = null (fallback to raft.grpc.server.host)
2023-03-16 20:06:37,472 [Listener at 127.0.0.1/37437] INFO  grpc.GrpcConfigKeys (ConfUtils.java:logGet(46)) - raft.grpc.client.port = 0 (custom)
2023-03-16 20:06:37,473 [Listener at 127.0.0.1/37437] INFO  grpc.GrpcConfigKeys (ConfUtils.java:logGet(46)) - raft.grpc.server.host = null (default)
2023-03-16 20:06:37,473 [Listener at 127.0.0.1/37437] INFO  grpc.GrpcConfigKeys (ConfUtils.java:logGet(46)) - raft.grpc.server.port = 0 (default)
2023-03-16 20:06:37,473 [Listener at 127.0.0.1/37437] INFO  server.GrpcService (ConfUtils.java:logGet(46)) - raft.grpc.message.size.max = 32MB (=33554432) (custom)
2023-03-16 20:06:37,473 [Listener at 127.0.0.1/37437] INFO  server.RaftServerConfigKeys (ConfUtils.java:logGet(46)) - raft.server.log.appender.buffer.byte-limit = 33554432 (custom)
2023-03-16 20:06:37,473 [Listener at 127.0.0.1/37437] INFO  server.GrpcService (ConfUtils.java:logGet(46)) - raft.grpc.flow.control.window = 5MB (=5242880) (custom)
2023-03-16 20:06:37,473 [Listener at 127.0.0.1/37437] INFO  server.RaftServerConfigKeys (ConfUtils.java:logGet(46)) - raft.server.rpc.request.timeout = 60s (custom)
2023-03-16 20:06:37,474 [Listener at 127.0.0.1/37437] INFO  grpc.GrpcConfigKeys (ConfUtils.java:logGet(46)) - raft.grpc.server.heartbeat.channel = true (default)
2023-03-16 20:06:37,474 [Listener at 127.0.0.1/37437] INFO  grpc.GrpcConfigKeys (ConfUtils.java:logGet(46)) - raft.grpc.server.async.request.thread.pool.cached = true (default)
2023-03-16 20:06:37,474 [Listener at 127.0.0.1/37437] INFO  grpc.GrpcConfigKeys (ConfUtils.java:logGet(46)) - raft.grpc.server.async.request.thread.pool.size = 32 (default)
2023-03-16 20:06:37,476 [Listener at 127.0.0.1/37437] INFO  impl.DataStreamServerImpl (ConfUtils.java:logGet(46)) - raft.datastream.type = NETTY (custom)
2023-03-16 20:06:37,476 [Listener at 127.0.0.1/37437] INFO  server.RaftServerConfigKeys (ConfUtils.java:logGet(46)) - raft.server.data-stream.async.request.thread.pool.cached = false (default)
2023-03-16 20:06:37,476 [Listener at 127.0.0.1/37437] INFO  server.RaftServerConfigKeys (ConfUtils.java:logGet(46)) - raft.server.data-stream.async.request.thread.pool.size = 20 (custom)
2023-03-16 20:06:37,477 [Listener at 127.0.0.1/37437] INFO  server.RaftServerConfigKeys (ConfUtils.java:logGet(46)) - raft.server.data-stream.async.write.thread.pool.size = 16 (default)
2023-03-16 20:06:37,477 [Listener at 127.0.0.1/37437] INFO  server.RaftServerConfigKeys (ConfUtils.java:logGet(46)) - raft.server.data-stream.client.pool.size = 10 (default)
2023-03-16 20:06:37,477 [Listener at 127.0.0.1/37437] INFO  netty.NettyConfigKeys$DataStream (ConfUtils.java:logGet(46)) - raft.netty.dataStream.server.use-epoll = false (default)
2023-03-16 20:06:37,477 [Listener at 127.0.0.1/37437] INFO  netty.NettyConfigKeys$DataStream (ConfUtils.java:logGet(46)) - raft.netty.dataStream.server.boss-group.size = 0 (default)
2023-03-16 20:06:37,478 [Listener at 127.0.0.1/37437] INFO  netty.NettyConfigKeys$DataStream (ConfUtils.java:logGet(46)) - raft.netty.dataStream.server.worker-group.size = 0 (default)
2023-03-16 20:06:37,478 [Listener at 127.0.0.1/37437] INFO  netty.NettyConfigKeys$DataStream (ConfUtils.java:logGet(46)) - raft.netty.dataStream.server.tls.conf = null (default)
2023-03-16 20:06:37,478 [Listener at 127.0.0.1/37437] INFO  netty.NettyConfigKeys$DataStream (ConfUtils.java:logGet(46)) - raft.netty.dataStream.host = null (default)
2023-03-16 20:06:37,479 [Listener at 127.0.0.1/37437] INFO  netty.NettyConfigKeys$DataStream (ConfUtils.java:logGet(46)) - raft.netty.dataStream.port = 0 (default)
2023-03-16 20:06:37,480 [Listener at 127.0.0.1/37437] INFO  server.RaftServerConfigKeys (ConfUtils.java:logGet(46)) - raft.server.threadpool.proxy.cached = true (default)
2023-03-16 20:06:37,480 [Listener at 127.0.0.1/37437] INFO  server.RaftServerConfigKeys (ConfUtils.java:logGet(46)) - raft.server.threadpool.proxy.size = 0 (default)
2023-03-16 20:06:37,480 [7632a000-3617-4d19-89f4-e221b08e3da6-NettyServerStreamRpc-bossGroup--thread1] INFO  logging.LoggingHandler (AbstractInternalLogger.java:log(148)) - [id: 0xb9123bc5] REGISTERED
2023-03-16 20:06:37,480 [Listener at 127.0.0.1/37437] INFO  server.RaftServerConfigKeys (ConfUtils.java:logGet(46)) - raft.server.rpc.slowness.timeout = 300s (custom)
2023-03-16 20:06:37,481 [7632a000-3617-4d19-89f4-e221b08e3da6-NettyServerStreamRpc-bossGroup--thread1] INFO  logging.LoggingHandler (AbstractInternalLogger.java:log(148)) - [id: 0xb9123bc5] BIND: 0.0.0.0/0.0.0.0:0
2023-03-16 20:06:37,481 [Listener at 127.0.0.1/37437] INFO  server.RaftServerConfigKeys (ConfUtils.java:logGet(46)) - raft.server.leaderelection.leader.step-down.wait-time = 10s (default)
2023-03-16 20:06:37,481 [7632a000-3617-4d19-89f4-e221b08e3da6-NettyServerStreamRpc-bossGroup--thread1] INFO  logging.LoggingHandler (AbstractInternalLogger.java:log(148)) - [id: 0xb9123bc5, L:/0:0:0:0:0:0:0:0:40343] ACTIVE
2023-03-16 20:06:37,481 [Listener at 127.0.0.1/37437] INFO  server.RaftServerConfigKeys (ConfUtils.java:logGet(46)) - raft.server.storage.dir = [/home/runner/work/ozone/ozone/hadoop-ozone/integration-test/target/test-dir/MiniOzoneClusterImpl-5d34faf9-8c61-4fd7-9f59-d81d67eb328e/datanode-3/data/ratis] (custom)
2023-03-16 20:06:37,484 [Listener at 127.0.0.1/37437] INFO  server.XceiverServerGrpc (XceiverServerGrpc.java:<init>(132)) - GrpcServer channel type EpollServerSocketChannel
2023-03-16 20:06:37,488 [Listener at 127.0.0.1/37437] INFO  http.BaseHttpServer (BaseHttpServer.java:newHttpServer2BuilderForOzone(224)) - Starting Web-server for hddsDatanode at: http://0.0.0.0:0
2023-03-16 20:06:37,488 [Listener at 127.0.0.1/37437] INFO  http.BaseHttpServer (BaseHttpServer.java:<init>(111)) - Hadoop Security Enabled: false Ozone Security Enabled: false Ozone HTTP Security Enabled: false 
2023-03-16 20:06:37,492 [Listener at 127.0.0.1/37437] WARN  server.AuthenticationFilter (AuthenticationFilter.java:constructSecretProvider(240)) - Unable to initialize FileSignerSecretProvider, falling back to use random secrets. Reason: Could not read signature secret file: /home/runner/hadoop-http-auth-signature-secret
2023-03-16 20:06:37,493 [Listener at 127.0.0.1/37437] WARN  http.HttpRequestLog (HttpRequestLog.java:getRequestLog(103)) - Jetty request log can only be enabled using Log4j
2023-03-16 20:06:37,494 [Listener at 127.0.0.1/37437] INFO  http.HttpServer2 (HttpServer2.java:addGlobalFilter(1031)) - Added global filter 'safety' (class=org.apache.hadoop.hdds.server.http.HttpServer2$QuotingInputFilter)
2023-03-16 20:06:37,495 [Listener at 127.0.0.1/37437] INFO  http.HttpServer2 (HttpServer2.java:addFilter(1007)) - Added filter static_user_filter (class=org.apache.hadoop.http.lib.StaticUserWebFilter$StaticUserFilter) to context hddsDatanode
2023-03-16 20:06:37,495 [Listener at 127.0.0.1/37437] INFO  http.HttpServer2 (HttpServer2.java:addFilter(1015)) - Added filter static_user_filter (class=org.apache.hadoop.http.lib.StaticUserWebFilter$StaticUserFilter) to context static
2023-03-16 20:06:37,495 [Listener at 127.0.0.1/37437] INFO  http.HttpServer2 (HttpServer2.java:addFilter(1015)) - Added filter static_user_filter (class=org.apache.hadoop.http.lib.StaticUserWebFilter$StaticUserFilter) to context logs
2023-03-16 20:06:37,495 [Listener at 127.0.0.1/37437] INFO  http.BaseHttpServer (BaseHttpServer.java:<init>(190)) - HTTP server of hddsDatanode uses base directory /home/runner/work/ozone/ozone/hadoop-ozone/integration-test/target/test-dir/MiniOzoneClusterImpl-5d34faf9-8c61-4fd7-9f59-d81d67eb328e/datanode-3/meta/webserver
2023-03-16 20:06:37,496 [Listener at 127.0.0.1/37437] INFO  http.HttpServer2 (HttpServer2.java:bindListener(1250)) - Jetty bound to port 35381
2023-03-16 20:06:37,496 [Listener at 127.0.0.1/37437] INFO  server.Server (Server.java:doStart(375)) - jetty-9.4.49.v20220914; built: 2022-09-14T01:07:36.601Z; git: 4231a3b2e4cb8548a412a789936d640a97b1aa0a; jvm 1.8.0_362-b09
2023-03-16 20:06:37,501 [Listener at 127.0.0.1/37437] INFO  server.session (DefaultSessionIdManager.java:doStart(334)) - DefaultSessionIdManager workerName=node0
2023-03-16 20:06:37,502 [Listener at 127.0.0.1/37437] INFO  server.session (DefaultSessionIdManager.java:doStart(339)) - No SessionScavenger set, using defaults
2023-03-16 20:06:37,512 [Listener at 127.0.0.1/37437] INFO  server.session (HouseKeeper.java:startScavenging(132)) - node0 Scavenging every 660000ms
2023-03-16 20:06:37,513 [Listener at 127.0.0.1/37437] INFO  handler.ContextHandler (ContextHandler.java:doStart(921)) - Started o.e.j.s.ServletContextHandler@70560769{logs,/logs,file:///home/runner/work/ozone/ozone/hadoop-ozone/integration-test/target/log,AVAILABLE}
2023-03-16 20:06:37,513 [Listener at 127.0.0.1/37437] INFO  handler.ContextHandler (ContextHandler.java:doStart(921)) - Started o.e.j.s.ServletContextHandler@2d995438{static,/static,jar:file:/home/runner/.m2/repository/org/apache/ozone/hdds-container-service/1.4.0-SNAPSHOT/hdds-container-service-1.4.0-SNAPSHOT.jar!/webapps/static,AVAILABLE}
2023-03-16 20:06:37,755 [Listener at 127.0.0.1/37437] INFO  handler.ContextHandler (ContextHandler.java:doStart(921)) - Started o.e.j.w.WebAppContext@89e35a4{hddsDatanode,/,file:///home/runner/work/ozone/ozone/hadoop-ozone/integration-test/target/test-dir/MiniOzoneClusterImpl-5d34faf9-8c61-4fd7-9f59-d81d67eb328e/datanode-3/meta/webserver/jetty-0_0_0_0-35381-hdds-container-service-1_4_0-SNAPSHOT_jar-_-any-2713006976053034140/webapp/,AVAILABLE}{jar:file:/home/runner/.m2/repository/org/apache/ozone/hdds-container-service/1.4.0-SNAPSHOT/hdds-container-service-1.4.0-SNAPSHOT.jar!/webapps/hddsDatanode}
2023-03-16 20:06:37,759 [Listener at 127.0.0.1/37437] INFO  server.AbstractConnector (AbstractConnector.java:doStart(333)) - Started ServerConnector@65ae8e56{HTTP/1.1, (http/1.1)}{0.0.0.0:35381}
2023-03-16 20:06:37,760 [Listener at 127.0.0.1/37437] INFO  server.Server (Server.java:doStart(415)) - Started @175231ms
2023-03-16 20:06:37,760 [Listener at 127.0.0.1/37437] WARN  impl.MetricsSystemImpl (MetricsSystemImpl.java:register(279)) - Sink prometheus already exists!
2023-03-16 20:06:37,761 [Listener at 127.0.0.1/37437] INFO  http.BaseHttpServer (BaseHttpServer.java:updateConnectorAddress(344)) - HTTP server of hddsDatanode listening at http://0.0.0.0:35381
2023-03-16 20:06:37,761 [Datanode State Machine Daemon Thread] INFO  statemachine.DatanodeStateMachine (DatanodeStateMachine.java:lambda$startDaemon$0(517)) - Ozone container server started.
2023-03-16 20:06:37,761 [Listener at 127.0.0.1/37437] WARN  impl.MetricRegistriesImpl (MetricRegistriesImpl.java:addReporterRegistration(111)) - New reporters are added after registries were created. Some metrics will be missing from the reporter. Please add reporter before adding any new registry.
2023-03-16 20:06:37,763 [Listener at 127.0.0.1/37437] WARN  impl.MetricRegistriesImpl (MetricRegistriesImpl.java:addReporterRegistration(111)) - New reporters are added after registries were created. Some metrics will be missing from the reporter. Please add reporter before adding any new registry.
2023-03-16 20:06:37,763 [Listener at 127.0.0.1/37437] INFO  impl.MetricsSystemImpl (MetricsSystemImpl.java:init(158)) - HddsDatanode metrics system started (again)
2023-03-16 20:06:37,779 [org.apache.hadoop.util.JvmPauseMonitor$Monitor@49f43dad] INFO  util.JvmPauseMonitor (JvmPauseMonitor.java:run(188)) - Starting JVM pause monitor
2023-03-16 20:06:37,784 [Listener at 127.0.0.1/37437] INFO  ozone.HddsDatanodeService (HddsDatanodeService.java:start(249)) - HddsDatanodeService host:fv-az371-917 ip:10.1.0.41
2023-03-16 20:06:37,786 [Datanode State Machine Task Thread - 0] INFO  datanode.InitDatanodeState (InitDatanodeState.java:persistContainerDatanodeDetails(138)) - DatanodeDetails is persisted to /home/runner/work/ozone/ozone/hadoop-ozone/integration-test/target/test-dir/MiniOzoneClusterImpl-5d34faf9-8c61-4fd7-9f59-d81d67eb328e/datanode-3/meta/datanode.id
2023-03-16 20:06:37,818 [Listener at 127.0.0.1/37437] INFO  upgrade.AbstractLayoutVersionManager (AbstractLayoutVersionManager.java:init(83)) - Initializing Layout version manager with metadata layout = DATANODE_SCHEMA_V3 (version = 4), software layout = DATANODE_SCHEMA_V3 (version = 4)
2023-03-16 20:06:37,880 [Listener at 127.0.0.1/37437] INFO  reflections.Reflections (Reflections.java:scan(232)) - Reflections took 60 ms to scan 7 urls, producing 155 keys and 368 values 
2023-03-16 20:06:37,882 [Listener at 127.0.0.1/37437] INFO  statemachine.DatanodeStateMachine (DatanodeStateMachine.java:getEndPointTaskThreadPoolSize(260)) - Datanode State Machine Task Thread Pool size 2
2023-03-16 20:06:37,884 [Listener at 127.0.0.1/37437] INFO  volume.HddsVolume (HddsVolume.java:<init>(130)) - Creating HddsVolume: /home/runner/work/ozone/ozone/hadoop-ozone/integration-test/target/test-dir/MiniOzoneClusterImpl-5d34faf9-8c61-4fd7-9f59-d81d67eb328e/datanode-4/data-0/containers/hdds of storage type : DISK capacity : 9223372036854775807
2023-03-16 20:06:37,884 [Listener at 127.0.0.1/37437] INFO  volume.MutableVolumeSet (MutableVolumeSet.java:initializeVolumeSet(174)) - Added Volume : /home/runner/work/ozone/ozone/hadoop-ozone/integration-test/target/test-dir/MiniOzoneClusterImpl-5d34faf9-8c61-4fd7-9f59-d81d67eb328e/datanode-4/data-0/containers/hdds to VolumeSet
2023-03-16 20:06:37,884 [Listener at 127.0.0.1/37437] INFO  volume.ThrottledAsyncChecker (ThrottledAsyncChecker.java:schedule(141)) - Scheduling a check for /home/runner/work/ozone/ozone/hadoop-ozone/integration-test/target/test-dir/MiniOzoneClusterImpl-5d34faf9-8c61-4fd7-9f59-d81d67eb328e/datanode-4/data-0/containers/hdds
2023-03-16 20:06:37,885 [Listener at 127.0.0.1/37437] INFO  volume.StorageVolumeChecker (StorageVolumeChecker.java:checkAllVolumes(202)) - Scheduled health check for volume /home/runner/work/ozone/ozone/hadoop-ozone/integration-test/target/test-dir/MiniOzoneClusterImpl-5d34faf9-8c61-4fd7-9f59-d81d67eb328e/datanode-4/data-0/containers/hdds
2023-03-16 20:06:37,901 [Listener at 127.0.0.1/37437] INFO  volume.MutableVolumeSet (MutableVolumeSet.java:initializeVolumeSet(174)) - Added Volume : /home/runner/work/ozone/ozone/hadoop-ozone/integration-test/target/test-dir/MiniOzoneClusterImpl-5d34faf9-8c61-4fd7-9f59-d81d67eb328e/datanode-4/data/ratis to VolumeSet
2023-03-16 20:06:37,901 [Listener at 127.0.0.1/37437] INFO  volume.ThrottledAsyncChecker (ThrottledAsyncChecker.java:schedule(141)) - Scheduling a check for /home/runner/work/ozone/ozone/hadoop-ozone/integration-test/target/test-dir/MiniOzoneClusterImpl-5d34faf9-8c61-4fd7-9f59-d81d67eb328e/datanode-4/data/ratis
2023-03-16 20:06:37,901 [Listener at 127.0.0.1/37437] INFO  volume.StorageVolumeChecker (StorageVolumeChecker.java:checkAllVolumes(202)) - Scheduled health check for volume /home/runner/work/ozone/ozone/hadoop-ozone/integration-test/target/test-dir/MiniOzoneClusterImpl-5d34faf9-8c61-4fd7-9f59-d81d67eb328e/datanode-4/data/ratis
2023-03-16 20:06:37,916 [Thread-1051] INFO  ozoneimpl.ContainerReader (ContainerReader.java:readVolume(175)) - Finish verifying containers on volume /home/runner/work/ozone/ozone/hadoop-ozone/integration-test/target/test-dir/MiniOzoneClusterImpl-5d34faf9-8c61-4fd7-9f59-d81d67eb328e/datanode-4/data-0/containers/hdds
2023-03-16 20:06:37,917 [Listener at 127.0.0.1/37437] INFO  ozoneimpl.OzoneContainer (OzoneContainer.java:buildContainerSet(307)) - Build ContainerSet costs 0s
2023-03-16 20:06:37,920 [Listener at 127.0.0.1/37437] INFO  server.RaftServer (ConfUtils.java:logGet(46)) - raft.rpc.type = GRPC (default)
2023-03-16 20:06:37,920 [Listener at 127.0.0.1/37437] INFO  grpc.GrpcConfigKeys (ConfUtils.java:logFallback(53)) - raft.grpc.admin.host = null (fallback to raft.grpc.server.host)
2023-03-16 20:06:37,920 [Listener at 127.0.0.1/37437] INFO  grpc.GrpcConfigKeys (ConfUtils.java:logGet(46)) - raft.grpc.admin.port = 0 (custom)
2023-03-16 20:06:37,920 [Listener at 127.0.0.1/37437] INFO  grpc.GrpcConfigKeys (ConfUtils.java:logFallback(53)) - raft.grpc.client.host = null (fallback to raft.grpc.server.host)
2023-03-16 20:06:37,921 [Listener at 127.0.0.1/37437] INFO  grpc.GrpcConfigKeys (ConfUtils.java:logGet(46)) - raft.grpc.client.port = 0 (custom)
2023-03-16 20:06:37,921 [Listener at 127.0.0.1/37437] INFO  grpc.GrpcConfigKeys (ConfUtils.java:logGet(46)) - raft.grpc.server.host = null (default)
2023-03-16 20:06:37,921 [Listener at 127.0.0.1/37437] INFO  grpc.GrpcConfigKeys (ConfUtils.java:logGet(46)) - raft.grpc.server.port = 0 (default)
2023-03-16 20:06:37,923 [Listener at 127.0.0.1/37437] INFO  server.GrpcService (ConfUtils.java:logGet(46)) - raft.grpc.message.size.max = 32MB (=33554432) (custom)
2023-03-16 20:06:37,923 [Listener at 127.0.0.1/37437] INFO  server.RaftServerConfigKeys (ConfUtils.java:logGet(46)) - raft.server.log.appender.buffer.byte-limit = 33554432 (custom)
2023-03-16 20:06:37,923 [Listener at 127.0.0.1/37437] INFO  server.GrpcService (ConfUtils.java:logGet(46)) - raft.grpc.flow.control.window = 5MB (=5242880) (custom)
2023-03-16 20:06:37,926 [Listener at 127.0.0.1/37437] INFO  server.RaftServerConfigKeys (ConfUtils.java:logGet(46)) - raft.server.rpc.request.timeout = 60s (custom)
2023-03-16 20:06:37,926 [Listener at 127.0.0.1/37437] INFO  grpc.GrpcConfigKeys (ConfUtils.java:logGet(46)) - raft.grpc.server.heartbeat.channel = true (default)
2023-03-16 20:06:37,926 [Listener at 127.0.0.1/37437] INFO  grpc.GrpcConfigKeys (ConfUtils.java:logGet(46)) - raft.grpc.server.async.request.thread.pool.cached = true (default)
2023-03-16 20:06:37,926 [Listener at 127.0.0.1/37437] INFO  grpc.GrpcConfigKeys (ConfUtils.java:logGet(46)) - raft.grpc.server.async.request.thread.pool.size = 32 (default)
2023-03-16 20:06:37,928 [Listener at 127.0.0.1/37437] INFO  impl.DataStreamServerImpl (ConfUtils.java:logGet(46)) - raft.datastream.type = NETTY (custom)
2023-03-16 20:06:37,928 [Listener at 127.0.0.1/37437] INFO  server.RaftServerConfigKeys (ConfUtils.java:logGet(46)) - raft.server.data-stream.async.request.thread.pool.cached = false (default)
2023-03-16 20:06:37,928 [Listener at 127.0.0.1/37437] INFO  server.RaftServerConfigKeys (ConfUtils.java:logGet(46)) - raft.server.data-stream.async.request.thread.pool.size = 20 (custom)
2023-03-16 20:06:37,929 [Listener at 127.0.0.1/37437] INFO  server.RaftServerConfigKeys (ConfUtils.java:logGet(46)) - raft.server.data-stream.async.write.thread.pool.size = 16 (default)
2023-03-16 20:06:37,929 [Listener at 127.0.0.1/37437] INFO  server.RaftServerConfigKeys (ConfUtils.java:logGet(46)) - raft.server.data-stream.client.pool.size = 10 (default)
2023-03-16 20:06:37,929 [Listener at 127.0.0.1/37437] INFO  netty.NettyConfigKeys$DataStream (ConfUtils.java:logGet(46)) - raft.netty.dataStream.server.use-epoll = false (default)
2023-03-16 20:06:37,929 [Listener at 127.0.0.1/37437] INFO  netty.NettyConfigKeys$DataStream (ConfUtils.java:logGet(46)) - raft.netty.dataStream.server.boss-group.size = 0 (default)
2023-03-16 20:06:37,929 [Listener at 127.0.0.1/37437] INFO  netty.NettyConfigKeys$DataStream (ConfUtils.java:logGet(46)) - raft.netty.dataStream.server.worker-group.size = 0 (default)
2023-03-16 20:06:37,930 [Listener at 127.0.0.1/37437] INFO  netty.NettyConfigKeys$DataStream (ConfUtils.java:logGet(46)) - raft.netty.dataStream.server.tls.conf = null (default)
2023-03-16 20:06:37,930 [Listener at 127.0.0.1/37437] INFO  netty.NettyConfigKeys$DataStream (ConfUtils.java:logGet(46)) - raft.netty.dataStream.host = null (default)
2023-03-16 20:06:37,930 [Listener at 127.0.0.1/37437] INFO  netty.NettyConfigKeys$DataStream (ConfUtils.java:logGet(46)) - raft.netty.dataStream.port = 0 (default)
2023-03-16 20:06:37,931 [Listener at 127.0.0.1/37437] INFO  server.RaftServerConfigKeys (ConfUtils.java:logGet(46)) - raft.server.threadpool.proxy.cached = true (default)
2023-03-16 20:06:37,931 [Listener at 127.0.0.1/37437] INFO  server.RaftServerConfigKeys (ConfUtils.java:logGet(46)) - raft.server.threadpool.proxy.size = 0 (default)
2023-03-16 20:06:37,932 [Listener at 127.0.0.1/37437] INFO  server.RaftServerConfigKeys (ConfUtils.java:logGet(46)) - raft.server.rpc.slowness.timeout = 300s (custom)
2023-03-16 20:06:37,932 [ebbc2a03-53b4-4736-a1f5-3eecd05c2e3b-NettyServerStreamRpc-bossGroup--thread1] INFO  logging.LoggingHandler (AbstractInternalLogger.java:log(148)) - [id: 0x461896a2] REGISTERED
2023-03-16 20:06:37,933 [Listener at 127.0.0.1/37437] INFO  server.RaftServerConfigKeys (ConfUtils.java:logGet(46)) - raft.server.leaderelection.leader.step-down.wait-time = 10s (default)
2023-03-16 20:06:37,933 [ebbc2a03-53b4-4736-a1f5-3eecd05c2e3b-NettyServerStreamRpc-bossGroup--thread1] INFO  logging.LoggingHandler (AbstractInternalLogger.java:log(148)) - [id: 0x461896a2] BIND: 0.0.0.0/0.0.0.0:0
2023-03-16 20:06:37,933 [Listener at 127.0.0.1/37437] INFO  server.RaftServerConfigKeys (ConfUtils.java:logGet(46)) - raft.server.storage.dir = [/home/runner/work/ozone/ozone/hadoop-ozone/integration-test/target/test-dir/MiniOzoneClusterImpl-5d34faf9-8c61-4fd7-9f59-d81d67eb328e/datanode-4/data/ratis] (custom)
2023-03-16 20:06:37,933 [ebbc2a03-53b4-4736-a1f5-3eecd05c2e3b-NettyServerStreamRpc-bossGroup--thread1] INFO  logging.LoggingHandler (AbstractInternalLogger.java:log(148)) - [id: 0x461896a2, L:/0:0:0:0:0:0:0:0:36207] ACTIVE
2023-03-16 20:06:37,936 [Listener at 127.0.0.1/37437] INFO  server.XceiverServerGrpc (XceiverServerGrpc.java:<init>(132)) - GrpcServer channel type EpollServerSocketChannel
2023-03-16 20:06:37,939 [Listener at 127.0.0.1/37437] INFO  http.BaseHttpServer (BaseHttpServer.java:newHttpServer2BuilderForOzone(224)) - Starting Web-server for hddsDatanode at: http://0.0.0.0:0
2023-03-16 20:06:37,939 [Listener at 127.0.0.1/37437] INFO  http.BaseHttpServer (BaseHttpServer.java:<init>(111)) - Hadoop Security Enabled: false Ozone Security Enabled: false Ozone HTTP Security Enabled: false 
2023-03-16 20:06:37,941 [Listener at 127.0.0.1/37437] WARN  server.AuthenticationFilter (AuthenticationFilter.java:constructSecretProvider(240)) - Unable to initialize FileSignerSecretProvider, falling back to use random secrets. Reason: Could not read signature secret file: /home/runner/hadoop-http-auth-signature-secret
2023-03-16 20:06:37,942 [Listener at 127.0.0.1/37437] WARN  http.HttpRequestLog (HttpRequestLog.java:getRequestLog(103)) - Jetty request log can only be enabled using Log4j
2023-03-16 20:06:37,943 [Listener at 127.0.0.1/37437] INFO  http.HttpServer2 (HttpServer2.java:addGlobalFilter(1031)) - Added global filter 'safety' (class=org.apache.hadoop.hdds.server.http.HttpServer2$QuotingInputFilter)
2023-03-16 20:06:37,943 [Listener at 127.0.0.1/37437] INFO  http.HttpServer2 (HttpServer2.java:addFilter(1007)) - Added filter static_user_filter (class=org.apache.hadoop.http.lib.StaticUserWebFilter$StaticUserFilter) to context hddsDatanode
2023-03-16 20:06:37,944 [Listener at 127.0.0.1/37437] INFO  http.HttpServer2 (HttpServer2.java:addFilter(1015)) - Added filter static_user_filter (class=org.apache.hadoop.http.lib.StaticUserWebFilter$StaticUserFilter) to context static
2023-03-16 20:06:37,944 [Listener at 127.0.0.1/37437] INFO  http.HttpServer2 (HttpServer2.java:addFilter(1015)) - Added filter static_user_filter (class=org.apache.hadoop.http.lib.StaticUserWebFilter$StaticUserFilter) to context logs
2023-03-16 20:06:37,944 [Listener at 127.0.0.1/37437] INFO  http.BaseHttpServer (BaseHttpServer.java:<init>(190)) - HTTP server of hddsDatanode uses base directory /home/runner/work/ozone/ozone/hadoop-ozone/integration-test/target/test-dir/MiniOzoneClusterImpl-5d34faf9-8c61-4fd7-9f59-d81d67eb328e/datanode-4/meta/webserver
2023-03-16 20:06:37,945 [Listener at 127.0.0.1/37437] INFO  http.HttpServer2 (HttpServer2.java:bindListener(1250)) - Jetty bound to port 44051
2023-03-16 20:06:37,945 [Listener at 127.0.0.1/37437] INFO  server.Server (Server.java:doStart(375)) - jetty-9.4.49.v20220914; built: 2022-09-14T01:07:36.601Z; git: 4231a3b2e4cb8548a412a789936d640a97b1aa0a; jvm 1.8.0_362-b09
2023-03-16 20:06:37,953 [Listener at 127.0.0.1/37437] INFO  server.session (DefaultSessionIdManager.java:doStart(334)) - DefaultSessionIdManager workerName=node0
2023-03-16 20:06:37,953 [Listener at 127.0.0.1/37437] INFO  server.session (DefaultSessionIdManager.java:doStart(339)) - No SessionScavenger set, using defaults
2023-03-16 20:06:37,953 [Listener at 127.0.0.1/37437] INFO  server.session (HouseKeeper.java:startScavenging(132)) - node0 Scavenging every 600000ms
2023-03-16 20:06:37,954 [Listener at 127.0.0.1/37437] INFO  handler.ContextHandler (ContextHandler.java:doStart(921)) - Started o.e.j.s.ServletContextHandler@dffbf7a{logs,/logs,file:///home/runner/work/ozone/ozone/hadoop-ozone/integration-test/target/log,AVAILABLE}
2023-03-16 20:06:37,955 [Listener at 127.0.0.1/37437] INFO  handler.ContextHandler (ContextHandler.java:doStart(921)) - Started o.e.j.s.ServletContextHandler@af2d433{static,/static,jar:file:/home/runner/.m2/repository/org/apache/ozone/hdds-container-service/1.4.0-SNAPSHOT/hdds-container-service-1.4.0-SNAPSHOT.jar!/webapps/static,AVAILABLE}
2023-03-16 20:06:38,201 [Listener at 127.0.0.1/37437] INFO  handler.ContextHandler (ContextHandler.java:doStart(921)) - Started o.e.j.w.WebAppContext@224374ac{hddsDatanode,/,file:///home/runner/work/ozone/ozone/hadoop-ozone/integration-test/target/test-dir/MiniOzoneClusterImpl-5d34faf9-8c61-4fd7-9f59-d81d67eb328e/datanode-4/meta/webserver/jetty-0_0_0_0-44051-hdds-container-service-1_4_0-SNAPSHOT_jar-_-any-3781712992425319323/webapp/,AVAILABLE}{jar:file:/home/runner/.m2/repository/org/apache/ozone/hdds-container-service/1.4.0-SNAPSHOT/hdds-container-service-1.4.0-SNAPSHOT.jar!/webapps/hddsDatanode}
2023-03-16 20:06:38,203 [Listener at 127.0.0.1/37437] INFO  server.AbstractConnector (AbstractConnector.java:doStart(333)) - Started ServerConnector@b41cff5{HTTP/1.1, (http/1.1)}{0.0.0.0:44051}
2023-03-16 20:06:38,204 [Listener at 127.0.0.1/37437] INFO  server.Server (Server.java:doStart(415)) - Started @175675ms
2023-03-16 20:06:38,204 [Listener at 127.0.0.1/37437] WARN  impl.MetricsSystemImpl (MetricsSystemImpl.java:register(279)) - Sink prometheus already exists!
2023-03-16 20:06:38,204 [Listener at 127.0.0.1/37437] INFO  http.BaseHttpServer (BaseHttpServer.java:updateConnectorAddress(344)) - HTTP server of hddsDatanode listening at http://0.0.0.0:44051
2023-03-16 20:06:38,205 [Datanode State Machine Daemon Thread] INFO  statemachine.DatanodeStateMachine (DatanodeStateMachine.java:lambda$startDaemon$0(517)) - Ozone container server started.
2023-03-16 20:06:38,211 [Listener at 127.0.0.1/37437] INFO  ozone.MiniOzoneClusterImpl (MiniOzoneClusterImpl.java:lambda$waitForClusterToBeReady$0(222)) - Waiting for nodes to be ready. Got 0 of 5 DN Heartbeats.
2023-03-16 20:06:38,211 [Listener at 127.0.0.1/37437] INFO  ozone.MiniOzoneClusterImpl (MiniOzoneClusterImpl.java:lambda$waitForClusterToBeReady$0(225)) - Waiting for cluster to exit safe mode
2023-03-16 20:06:38,211 [Listener at 127.0.0.1/37437] INFO  ozone.MiniOzoneClusterImpl (MiniOzoneClusterImpl.java:lambda$waitForClusterToBeReady$0(227)) - SCM became leader
2023-03-16 20:06:38,212 [org.apache.hadoop.util.JvmPauseMonitor$Monitor@6d50d4bb] INFO  util.JvmPauseMonitor (JvmPauseMonitor.java:run(188)) - Starting JVM pause monitor
2023-03-16 20:06:38,214 [Datanode State Machine Task Thread - 0] INFO  datanode.InitDatanodeState (InitDatanodeState.java:persistContainerDatanodeDetails(138)) - DatanodeDetails is persisted to /home/runner/work/ozone/ozone/hadoop-ozone/integration-test/target/test-dir/MiniOzoneClusterImpl-5d34faf9-8c61-4fd7-9f59-d81d67eb328e/datanode-4/meta/datanode.id
2023-03-16 20:06:38,478 [EndpointStateMachine task thread for /0.0.0.0:40529 - 0 ] INFO  utils.DatanodeStoreCache (DatanodeStoreCache.java:addDB(58)) - Added db /home/runner/work/ozone/ozone/hadoop-ozone/integration-test/target/test-dir/MiniOzoneClusterImpl-5d34faf9-8c61-4fd7-9f59-d81d67eb328e/datanode-0/data-0/containers/hdds/5d34faf9-8c61-4fd7-9f59-d81d67eb328e/DS-51d60bcf-881c-4fd1-b1ac-523ef0225ca1/container.db to cache
2023-03-16 20:06:38,479 [EndpointStateMachine task thread for /0.0.0.0:40529 - 0 ] INFO  volume.HddsVolume (HddsVolume.java:createDbStore(349)) - SchemaV3 db is created and loaded at /home/runner/work/ozone/ozone/hadoop-ozone/integration-test/target/test-dir/MiniOzoneClusterImpl-5d34faf9-8c61-4fd7-9f59-d81d67eb328e/datanode-0/data-0/containers/hdds/5d34faf9-8c61-4fd7-9f59-d81d67eb328e/DS-51d60bcf-881c-4fd1-b1ac-523ef0225ca1/container.db for volume DS-51d60bcf-881c-4fd1-b1ac-523ef0225ca1
2023-03-16 20:06:38,479 [EndpointStateMachine task thread for /0.0.0.0:40529 - 0 ] INFO  ozoneimpl.OzoneContainer (OzoneContainer.java:start(401)) - Attempting to start container services.
2023-03-16 20:06:38,479 [EndpointStateMachine task thread for /0.0.0.0:40529 - 0 ] INFO  ozoneimpl.OzoneContainer (OzoneContainer.java:startContainerScrub(318)) - Scheduled background container scanners and the on-demand container scanner have been disabled.
2023-03-16 20:06:38,483 [EndpointStateMachine task thread for /0.0.0.0:40529 - 0 ] INFO  replication.ReplicationServer (ReplicationServer.java:start(109)) - ReplicationServer is started using port 36693
2023-03-16 20:06:38,484 [EndpointStateMachine task thread for /0.0.0.0:40529 - 0 ] INFO  ratis.XceiverServerRatis (XceiverServerRatis.java:start(518)) - Starting XceiverServerRatis 67a302da-c3a9-4d3b-a81a-6dae531b3b12
2023-03-16 20:06:38,485 [EndpointStateMachine task thread for /0.0.0.0:40529 - 0 ] INFO  server.RaftServer (RaftServerProxy.java:startImpl(393)) - 67a302da-c3a9-4d3b-a81a-6dae531b3b12: start RPC server
2023-03-16 20:06:38,487 [EndpointStateMachine task thread for /0.0.0.0:40529 - 0 ] INFO  server.GrpcService (GrpcService.java:startImpl(262)) - 67a302da-c3a9-4d3b-a81a-6dae531b3b12: GrpcService started, listening on 36435
2023-03-16 20:06:38,487 [EndpointStateMachine task thread for /0.0.0.0:40529 - 0 ] INFO  ratis.XceiverServerRatis (XceiverServerRatis.java:getRealPort(544)) - XceiverServerRatis 67a302da-c3a9-4d3b-a81a-6dae531b3b12 is started using port 36435 for RATIS
2023-03-16 20:06:38,487 [JvmPauseMonitor12] INFO  util.JvmPauseMonitor (JvmPauseMonitor.java:run(105)) - JvmPauseMonitor-67a302da-c3a9-4d3b-a81a-6dae531b3b12: Started
2023-03-16 20:06:38,487 [EndpointStateMachine task thread for /0.0.0.0:40529 - 0 ] INFO  ratis.XceiverServerRatis (XceiverServerRatis.java:getRealPort(544)) - XceiverServerRatis 67a302da-c3a9-4d3b-a81a-6dae531b3b12 is started using port 36435 for RATIS_ADMIN
2023-03-16 20:06:38,488 [EndpointStateMachine task thread for /0.0.0.0:40529 - 0 ] INFO  ratis.XceiverServerRatis (XceiverServerRatis.java:getRealPort(544)) - XceiverServerRatis 67a302da-c3a9-4d3b-a81a-6dae531b3b12 is started using port 36435 for RATIS_SERVER
2023-03-16 20:06:38,488 [EndpointStateMachine task thread for /0.0.0.0:40529 - 0 ] INFO  ratis.XceiverServerRatis (XceiverServerRatis.java:getRealPort(544)) - XceiverServerRatis 67a302da-c3a9-4d3b-a81a-6dae531b3b12 is started using port 33407 for RATIS_DATASTREAM
2023-03-16 20:06:38,497 [EndpointStateMachine task thread for /0.0.0.0:40529 - 0 ] INFO  server.XceiverServerGrpc (XceiverServerGrpc.java:start(180)) - XceiverServerGrpc 67a302da-c3a9-4d3b-a81a-6dae531b3b12 is started using port 41039
2023-03-16 20:06:38,498 [BlockDeletingService#0] INFO  interfaces.ContainerDeletionChoosingPolicyTemplate (ContainerDeletionChoosingPolicyTemplate.java:chooseContainerForBlockDeletion(83)) - Chosen 0/5000 blocks from 0 candidate containers.
2023-03-16 20:06:38,900 [EndpointStateMachine task thread for /0.0.0.0:40529 - 0 ] INFO  utils.DatanodeStoreCache (DatanodeStoreCache.java:addDB(58)) - Added db /home/runner/work/ozone/ozone/hadoop-ozone/integration-test/target/test-dir/MiniOzoneClusterImpl-5d34faf9-8c61-4fd7-9f59-d81d67eb328e/datanode-1/data-0/containers/hdds/5d34faf9-8c61-4fd7-9f59-d81d67eb328e/DS-dfa9d802-7200-4e80-b790-54a91e1b3701/container.db to cache
2023-03-16 20:06:38,901 [EndpointStateMachine task thread for /0.0.0.0:40529 - 0 ] INFO  volume.HddsVolume (HddsVolume.java:createDbStore(349)) - SchemaV3 db is created and loaded at /home/runner/work/ozone/ozone/hadoop-ozone/integration-test/target/test-dir/MiniOzoneClusterImpl-5d34faf9-8c61-4fd7-9f59-d81d67eb328e/datanode-1/data-0/containers/hdds/5d34faf9-8c61-4fd7-9f59-d81d67eb328e/DS-dfa9d802-7200-4e80-b790-54a91e1b3701/container.db for volume DS-dfa9d802-7200-4e80-b790-54a91e1b3701
2023-03-16 20:06:38,901 [EndpointStateMachine task thread for /0.0.0.0:40529 - 0 ] INFO  ozoneimpl.OzoneContainer (OzoneContainer.java:start(401)) - Attempting to start container services.
2023-03-16 20:06:38,901 [EndpointStateMachine task thread for /0.0.0.0:40529 - 0 ] INFO  ozoneimpl.OzoneContainer (OzoneContainer.java:startContainerScrub(318)) - Scheduled background container scanners and the on-demand container scanner have been disabled.
2023-03-16 20:06:38,906 [EndpointStateMachine task thread for /0.0.0.0:40529 - 0 ] INFO  replication.ReplicationServer (ReplicationServer.java:start(109)) - ReplicationServer is started using port 45269
2023-03-16 20:06:38,907 [EndpointStateMachine task thread for /0.0.0.0:40529 - 0 ] INFO  ratis.XceiverServerRatis (XceiverServerRatis.java:start(518)) - Starting XceiverServerRatis 682b4d9c-96c0-4a75-8400-2841f36046f6
2023-03-16 20:06:38,907 [EndpointStateMachine task thread for /0.0.0.0:40529 - 0 ] INFO  server.RaftServer (RaftServerProxy.java:startImpl(393)) - 682b4d9c-96c0-4a75-8400-2841f36046f6: start RPC server
2023-03-16 20:06:38,912 [EndpointStateMachine task thread for /0.0.0.0:40529 - 0 ] INFO  server.GrpcService (GrpcService.java:startImpl(262)) - 682b4d9c-96c0-4a75-8400-2841f36046f6: GrpcService started, listening on 43675
2023-03-16 20:06:38,913 [EndpointStateMachine task thread for /0.0.0.0:40529 - 0 ] INFO  ratis.XceiverServerRatis (XceiverServerRatis.java:getRealPort(544)) - XceiverServerRatis 682b4d9c-96c0-4a75-8400-2841f36046f6 is started using port 43675 for RATIS
2023-03-16 20:06:38,913 [EndpointStateMachine task thread for /0.0.0.0:40529 - 0 ] INFO  ratis.XceiverServerRatis (XceiverServerRatis.java:getRealPort(544)) - XceiverServerRatis 682b4d9c-96c0-4a75-8400-2841f36046f6 is started using port 43675 for RATIS_ADMIN
2023-03-16 20:06:38,913 [JvmPauseMonitor13] INFO  util.JvmPauseMonitor (JvmPauseMonitor.java:run(105)) - JvmPauseMonitor-682b4d9c-96c0-4a75-8400-2841f36046f6: Started
2023-03-16 20:06:38,913 [EndpointStateMachine task thread for /0.0.0.0:40529 - 0 ] INFO  ratis.XceiverServerRatis (XceiverServerRatis.java:getRealPort(544)) - XceiverServerRatis 682b4d9c-96c0-4a75-8400-2841f36046f6 is started using port 43675 for RATIS_SERVER
2023-03-16 20:06:38,913 [EndpointStateMachine task thread for /0.0.0.0:40529 - 0 ] INFO  ratis.XceiverServerRatis (XceiverServerRatis.java:getRealPort(544)) - XceiverServerRatis 682b4d9c-96c0-4a75-8400-2841f36046f6 is started using port 39721 for RATIS_DATASTREAM
2023-03-16 20:06:38,938 [EndpointStateMachine task thread for /0.0.0.0:40529 - 0 ] INFO  server.XceiverServerGrpc (XceiverServerGrpc.java:start(180)) - XceiverServerGrpc 682b4d9c-96c0-4a75-8400-2841f36046f6 is started using port 35047
2023-03-16 20:06:38,941 [BlockDeletingService#0] INFO  interfaces.ContainerDeletionChoosingPolicyTemplate (ContainerDeletionChoosingPolicyTemplate.java:chooseContainerForBlockDeletion(83)) - Chosen 0/5000 blocks from 0 candidate containers.
2023-03-16 20:06:39,211 [Listener at 127.0.0.1/37437] INFO  ozone.MiniOzoneClusterImpl (MiniOzoneClusterImpl.java:lambda$waitForClusterToBeReady$0(222)) - Waiting for nodes to be ready. Got 0 of 5 DN Heartbeats.
2023-03-16 20:06:39,212 [Listener at 127.0.0.1/37437] INFO  ozone.MiniOzoneClusterImpl (MiniOzoneClusterImpl.java:lambda$waitForClusterToBeReady$0(225)) - Waiting for cluster to exit safe mode
2023-03-16 20:06:39,212 [Listener at 127.0.0.1/37437] INFO  ozone.MiniOzoneClusterImpl (MiniOzoneClusterImpl.java:lambda$waitForClusterToBeReady$0(227)) - SCM became leader
2023-03-16 20:06:39,367 [EndpointStateMachine task thread for /0.0.0.0:40529 - 0 ] INFO  utils.DatanodeStoreCache (DatanodeStoreCache.java:addDB(58)) - Added db /home/runner/work/ozone/ozone/hadoop-ozone/integration-test/target/test-dir/MiniOzoneClusterImpl-5d34faf9-8c61-4fd7-9f59-d81d67eb328e/datanode-2/data-0/containers/hdds/5d34faf9-8c61-4fd7-9f59-d81d67eb328e/DS-4c4c63a5-ee93-42fb-99d7-e2920b4989ee/container.db to cache
2023-03-16 20:06:39,367 [EndpointStateMachine task thread for /0.0.0.0:40529 - 0 ] INFO  volume.HddsVolume (HddsVolume.java:createDbStore(349)) - SchemaV3 db is created and loaded at /home/runner/work/ozone/ozone/hadoop-ozone/integration-test/target/test-dir/MiniOzoneClusterImpl-5d34faf9-8c61-4fd7-9f59-d81d67eb328e/datanode-2/data-0/containers/hdds/5d34faf9-8c61-4fd7-9f59-d81d67eb328e/DS-4c4c63a5-ee93-42fb-99d7-e2920b4989ee/container.db for volume DS-4c4c63a5-ee93-42fb-99d7-e2920b4989ee
2023-03-16 20:06:39,368 [EndpointStateMachine task thread for /0.0.0.0:40529 - 0 ] INFO  ozoneimpl.OzoneContainer (OzoneContainer.java:start(401)) - Attempting to start container services.
2023-03-16 20:06:39,368 [EndpointStateMachine task thread for /0.0.0.0:40529 - 0 ] INFO  ozoneimpl.OzoneContainer (OzoneContainer.java:startContainerScrub(318)) - Scheduled background container scanners and the on-demand container scanner have been disabled.
2023-03-16 20:06:39,371 [EndpointStateMachine task thread for /0.0.0.0:40529 - 0 ] INFO  replication.ReplicationServer (ReplicationServer.java:start(109)) - ReplicationServer is started using port 34343
2023-03-16 20:06:39,371 [EndpointStateMachine task thread for /0.0.0.0:40529 - 0 ] INFO  ratis.XceiverServerRatis (XceiverServerRatis.java:start(518)) - Starting XceiverServerRatis af19ea06-4a72-4e8e-a05a-645e0b93ca6c
2023-03-16 20:06:39,372 [EndpointStateMachine task thread for /0.0.0.0:40529 - 0 ] INFO  server.RaftServer (RaftServerProxy.java:startImpl(393)) - af19ea06-4a72-4e8e-a05a-645e0b93ca6c: start RPC server
2023-03-16 20:06:39,377 [EndpointStateMachine task thread for /0.0.0.0:40529 - 0 ] INFO  server.GrpcService (GrpcService.java:startImpl(262)) - af19ea06-4a72-4e8e-a05a-645e0b93ca6c: GrpcService started, listening on 43583
2023-03-16 20:06:39,383 [EndpointStateMachine task thread for /0.0.0.0:40529 - 0 ] INFO  ratis.XceiverServerRatis (XceiverServerRatis.java:getRealPort(544)) - XceiverServerRatis af19ea06-4a72-4e8e-a05a-645e0b93ca6c is started using port 43583 for RATIS
2023-03-16 20:06:39,383 [EndpointStateMachine task thread for /0.0.0.0:40529 - 0 ] INFO  ratis.XceiverServerRatis (XceiverServerRatis.java:getRealPort(544)) - XceiverServerRatis af19ea06-4a72-4e8e-a05a-645e0b93ca6c is started using port 43583 for RATIS_ADMIN
2023-03-16 20:06:39,383 [EndpointStateMachine task thread for /0.0.0.0:40529 - 0 ] INFO  ratis.XceiverServerRatis (XceiverServerRatis.java:getRealPort(544)) - XceiverServerRatis af19ea06-4a72-4e8e-a05a-645e0b93ca6c is started using port 43583 for RATIS_SERVER
2023-03-16 20:06:39,383 [EndpointStateMachine task thread for /0.0.0.0:40529 - 0 ] INFO  ratis.XceiverServerRatis (XceiverServerRatis.java:getRealPort(544)) - XceiverServerRatis af19ea06-4a72-4e8e-a05a-645e0b93ca6c is started using port 40505 for RATIS_DATASTREAM
2023-03-16 20:06:39,383 [JvmPauseMonitor14] INFO  util.JvmPauseMonitor (JvmPauseMonitor.java:run(105)) - JvmPauseMonitor-af19ea06-4a72-4e8e-a05a-645e0b93ca6c: Started
2023-03-16 20:06:39,398 [EndpointStateMachine task thread for /0.0.0.0:40529 - 0 ] INFO  server.XceiverServerGrpc (XceiverServerGrpc.java:start(180)) - XceiverServerGrpc af19ea06-4a72-4e8e-a05a-645e0b93ca6c is started using port 38555
2023-03-16 20:06:39,401 [BlockDeletingService#0] INFO  interfaces.ContainerDeletionChoosingPolicyTemplate (ContainerDeletionChoosingPolicyTemplate.java:chooseContainerForBlockDeletion(83)) - Chosen 0/5000 blocks from 0 candidate containers.
2023-03-16 20:06:39,825 [EndpointStateMachine task thread for /0.0.0.0:40529 - 0 ] INFO  utils.DatanodeStoreCache (DatanodeStoreCache.java:addDB(58)) - Added db /home/runner/work/ozone/ozone/hadoop-ozone/integration-test/target/test-dir/MiniOzoneClusterImpl-5d34faf9-8c61-4fd7-9f59-d81d67eb328e/datanode-3/data-0/containers/hdds/5d34faf9-8c61-4fd7-9f59-d81d67eb328e/DS-d035b99e-a974-4553-a291-13eb2b7e73fb/container.db to cache
2023-03-16 20:06:39,825 [EndpointStateMachine task thread for /0.0.0.0:40529 - 0 ] INFO  volume.HddsVolume (HddsVolume.java:createDbStore(349)) - SchemaV3 db is created and loaded at /home/runner/work/ozone/ozone/hadoop-ozone/integration-test/target/test-dir/MiniOzoneClusterImpl-5d34faf9-8c61-4fd7-9f59-d81d67eb328e/datanode-3/data-0/containers/hdds/5d34faf9-8c61-4fd7-9f59-d81d67eb328e/DS-d035b99e-a974-4553-a291-13eb2b7e73fb/container.db for volume DS-d035b99e-a974-4553-a291-13eb2b7e73fb
2023-03-16 20:06:39,826 [EndpointStateMachine task thread for /0.0.0.0:40529 - 0 ] INFO  ozoneimpl.OzoneContainer (OzoneContainer.java:start(401)) - Attempting to start container services.
2023-03-16 20:06:39,826 [EndpointStateMachine task thread for /0.0.0.0:40529 - 0 ] INFO  ozoneimpl.OzoneContainer (OzoneContainer.java:startContainerScrub(318)) - Scheduled background container scanners and the on-demand container scanner have been disabled.
2023-03-16 20:06:39,829 [EndpointStateMachine task thread for /0.0.0.0:40529 - 0 ] INFO  replication.ReplicationServer (ReplicationServer.java:start(109)) - ReplicationServer is started using port 41419
2023-03-16 20:06:39,830 [EndpointStateMachine task thread for /0.0.0.0:40529 - 0 ] INFO  ratis.XceiverServerRatis (XceiverServerRatis.java:start(518)) - Starting XceiverServerRatis 7632a000-3617-4d19-89f4-e221b08e3da6
2023-03-16 20:06:39,833 [EndpointStateMachine task thread for /0.0.0.0:40529 - 0 ] INFO  server.RaftServer (RaftServerProxy.java:startImpl(393)) - 7632a000-3617-4d19-89f4-e221b08e3da6: start RPC server
2023-03-16 20:06:39,835 [EndpointStateMachine task thread for /0.0.0.0:40529 - 0 ] INFO  server.GrpcService (GrpcService.java:startImpl(262)) - 7632a000-3617-4d19-89f4-e221b08e3da6: GrpcService started, listening on 44415
2023-03-16 20:06:39,836 [EndpointStateMachine task thread for /0.0.0.0:40529 - 0 ] INFO  ratis.XceiverServerRatis (XceiverServerRatis.java:getRealPort(544)) - XceiverServerRatis 7632a000-3617-4d19-89f4-e221b08e3da6 is started using port 44415 for RATIS
2023-03-16 20:06:39,836 [JvmPauseMonitor15] INFO  util.JvmPauseMonitor (JvmPauseMonitor.java:run(105)) - JvmPauseMonitor-7632a000-3617-4d19-89f4-e221b08e3da6: Started
2023-03-16 20:06:39,836 [EndpointStateMachine task thread for /0.0.0.0:40529 - 0 ] INFO  ratis.XceiverServerRatis (XceiverServerRatis.java:getRealPort(544)) - XceiverServerRatis 7632a000-3617-4d19-89f4-e221b08e3da6 is started using port 44415 for RATIS_ADMIN
2023-03-16 20:06:39,836 [EndpointStateMachine task thread for /0.0.0.0:40529 - 0 ] INFO  ratis.XceiverServerRatis (XceiverServerRatis.java:getRealPort(544)) - XceiverServerRatis 7632a000-3617-4d19-89f4-e221b08e3da6 is started using port 44415 for RATIS_SERVER
2023-03-16 20:06:39,836 [EndpointStateMachine task thread for /0.0.0.0:40529 - 0 ] INFO  ratis.XceiverServerRatis (XceiverServerRatis.java:getRealPort(544)) - XceiverServerRatis 7632a000-3617-4d19-89f4-e221b08e3da6 is started using port 40343 for RATIS_DATASTREAM
2023-03-16 20:06:39,842 [EndpointStateMachine task thread for /0.0.0.0:40529 - 0 ] INFO  server.XceiverServerGrpc (XceiverServerGrpc.java:start(180)) - XceiverServerGrpc 7632a000-3617-4d19-89f4-e221b08e3da6 is started using port 42401
2023-03-16 20:06:39,843 [BlockDeletingService#0] INFO  interfaces.ContainerDeletionChoosingPolicyTemplate (ContainerDeletionChoosingPolicyTemplate.java:chooseContainerForBlockDeletion(83)) - Chosen 0/5000 blocks from 0 candidate containers.
2023-03-16 20:06:40,212 [Listener at 127.0.0.1/37437] INFO  ozone.MiniOzoneClusterImpl (MiniOzoneClusterImpl.java:lambda$waitForClusterToBeReady$0(222)) - Waiting for nodes to be ready. Got 0 of 5 DN Heartbeats.
2023-03-16 20:06:40,212 [Listener at 127.0.0.1/37437] INFO  ozone.MiniOzoneClusterImpl (MiniOzoneClusterImpl.java:lambda$waitForClusterToBeReady$0(225)) - Waiting for cluster to exit safe mode
2023-03-16 20:06:40,212 [Listener at 127.0.0.1/37437] INFO  ozone.MiniOzoneClusterImpl (MiniOzoneClusterImpl.java:lambda$waitForClusterToBeReady$0(227)) - SCM became leader
2023-03-16 20:06:40,260 [EndpointStateMachine task thread for /0.0.0.0:40529 - 0 ] INFO  utils.DatanodeStoreCache (DatanodeStoreCache.java:addDB(58)) - Added db /home/runner/work/ozone/ozone/hadoop-ozone/integration-test/target/test-dir/MiniOzoneClusterImpl-5d34faf9-8c61-4fd7-9f59-d81d67eb328e/datanode-4/data-0/containers/hdds/5d34faf9-8c61-4fd7-9f59-d81d67eb328e/DS-bca1d918-6b13-41bf-9aa5-e349865f5736/container.db to cache
2023-03-16 20:06:40,260 [EndpointStateMachine task thread for /0.0.0.0:40529 - 0 ] INFO  volume.HddsVolume (HddsVolume.java:createDbStore(349)) - SchemaV3 db is created and loaded at /home/runner/work/ozone/ozone/hadoop-ozone/integration-test/target/test-dir/MiniOzoneClusterImpl-5d34faf9-8c61-4fd7-9f59-d81d67eb328e/datanode-4/data-0/containers/hdds/5d34faf9-8c61-4fd7-9f59-d81d67eb328e/DS-bca1d918-6b13-41bf-9aa5-e349865f5736/container.db for volume DS-bca1d918-6b13-41bf-9aa5-e349865f5736
2023-03-16 20:06:40,260 [EndpointStateMachine task thread for /0.0.0.0:40529 - 0 ] INFO  ozoneimpl.OzoneContainer (OzoneContainer.java:start(401)) - Attempting to start container services.
2023-03-16 20:06:40,261 [EndpointStateMachine task thread for /0.0.0.0:40529 - 0 ] INFO  ozoneimpl.OzoneContainer (OzoneContainer.java:startContainerScrub(318)) - Scheduled background container scanners and the on-demand container scanner have been disabled.
2023-03-16 20:06:40,266 [EndpointStateMachine task thread for /0.0.0.0:40529 - 0 ] INFO  replication.ReplicationServer (ReplicationServer.java:start(109)) - ReplicationServer is started using port 37543
2023-03-16 20:06:40,266 [EndpointStateMachine task thread for /0.0.0.0:40529 - 0 ] INFO  ratis.XceiverServerRatis (XceiverServerRatis.java:start(518)) - Starting XceiverServerRatis ebbc2a03-53b4-4736-a1f5-3eecd05c2e3b
2023-03-16 20:06:40,267 [EndpointStateMachine task thread for /0.0.0.0:40529 - 0 ] INFO  server.RaftServer (RaftServerProxy.java:startImpl(393)) - ebbc2a03-53b4-4736-a1f5-3eecd05c2e3b: start RPC server
2023-03-16 20:06:40,272 [EndpointStateMachine task thread for /0.0.0.0:40529 - 0 ] INFO  server.GrpcService (GrpcService.java:startImpl(262)) - ebbc2a03-53b4-4736-a1f5-3eecd05c2e3b: GrpcService started, listening on 34105
2023-03-16 20:06:40,273 [EndpointStateMachine task thread for /0.0.0.0:40529 - 0 ] INFO  ratis.XceiverServerRatis (XceiverServerRatis.java:getRealPort(544)) - XceiverServerRatis ebbc2a03-53b4-4736-a1f5-3eecd05c2e3b is started using port 34105 for RATIS
2023-03-16 20:06:40,273 [JvmPauseMonitor16] INFO  util.JvmPauseMonitor (JvmPauseMonitor.java:run(105)) - JvmPauseMonitor-ebbc2a03-53b4-4736-a1f5-3eecd05c2e3b: Started
2023-03-16 20:06:40,273 [EndpointStateMachine task thread for /0.0.0.0:40529 - 0 ] INFO  ratis.XceiverServerRatis (XceiverServerRatis.java:getRealPort(544)) - XceiverServerRatis ebbc2a03-53b4-4736-a1f5-3eecd05c2e3b is started using port 34105 for RATIS_ADMIN
2023-03-16 20:06:40,273 [EndpointStateMachine task thread for /0.0.0.0:40529 - 0 ] INFO  ratis.XceiverServerRatis (XceiverServerRatis.java:getRealPort(544)) - XceiverServerRatis ebbc2a03-53b4-4736-a1f5-3eecd05c2e3b is started using port 34105 for RATIS_SERVER
2023-03-16 20:06:40,273 [EndpointStateMachine task thread for /0.0.0.0:40529 - 0 ] INFO  ratis.XceiverServerRatis (XceiverServerRatis.java:getRealPort(544)) - XceiverServerRatis ebbc2a03-53b4-4736-a1f5-3eecd05c2e3b is started using port 36207 for RATIS_DATASTREAM
2023-03-16 20:06:40,276 [EndpointStateMachine task thread for /0.0.0.0:40529 - 0 ] INFO  server.XceiverServerGrpc (XceiverServerGrpc.java:start(180)) - XceiverServerGrpc ebbc2a03-53b4-4736-a1f5-3eecd05c2e3b is started using port 34777
2023-03-16 20:06:40,277 [BlockDeletingService#0] INFO  interfaces.ContainerDeletionChoosingPolicyTemplate (ContainerDeletionChoosingPolicyTemplate.java:chooseContainerForBlockDeletion(83)) - Chosen 0/5000 blocks from 0 candidate containers.
2023-03-16 20:06:40,420 [IPC Server handler 1 on default port 40529] INFO  net.NetworkTopologyImpl (NetworkTopologyImpl.java:add(112)) - Added a new node: /default-rack/67a302da-c3a9-4d3b-a81a-6dae531b3b12
2023-03-16 20:06:40,420 [IPC Server handler 1 on default port 40529] INFO  node.SCMNodeManager (SCMNodeManager.java:register(404)) - Registered Data node : 67a302da-c3a9-4d3b-a81a-6dae531b3b12{ip: 10.1.0.41, host: fv-az371-917, ports: [REPLICATION=36693, RATIS=36435, RATIS_ADMIN=36435, RATIS_SERVER=36435, RATIS_DATASTREAM=33407, STANDALONE=41039], networkLocation: /default-rack, certSerialId: null, persistedOpState: null, persistedOpStateExpiryEpochSec: 0}
2023-03-16 20:06:40,427 [EventQueue-NodeRegistrationContainerReportForContainerSafeModeRule] INFO  safemode.SCMSafeModeManager (SCMSafeModeManager.java:validateSafeModeExitRules(200)) - ContainerSafeModeRule rule is successfully validated
2023-03-16 20:06:40,431 [EventQueue-NewNodeForNewNodeHandler] INFO  pipeline.BackgroundPipelineCreator (BackgroundPipelineCreator.java:notifyEventTriggered(276)) - trigger a one-shot run on RatisPipelineUtilsThread.
2023-03-16 20:06:40,432 [RatisPipelineUtilsThread - 0] INFO  pipeline.RatisPipelineProvider (RatisPipelineProvider.java:lambda$create$0(206)) - Sending CreatePipelineCommand for pipeline:PipelineID=7cafefc0-8fe7-4747-b06c-d42f5958f26c to datanode:67a302da-c3a9-4d3b-a81a-6dae531b3b12
2023-03-16 20:06:40,433 [RatisPipelineUtilsThread - 0] INFO  pipeline.PipelineStateManagerImpl (PipelineStateManagerImpl.java:addPipeline(103)) - Created pipeline Pipeline[ Id: 7cafefc0-8fe7-4747-b06c-d42f5958f26c, Nodes: 67a302da-c3a9-4d3b-a81a-6dae531b3b12(fv-az371-917/10.1.0.41), ReplicationConfig: RATIS/ONE, State:ALLOCATED, leaderId:, CreationTimestamp2023-03-16T20:06:40.432Z[Etc/UTC]].
2023-03-16 20:06:40,434 [EventQueue-NodeRegistrationContainerReportForDataNodeSafeModeRule] INFO  safemode.SCMSafeModeManager (DataNodeSafeModeRule.java:process(71)) - SCM in safe mode. 1 DataNodes registered, 3 required.
2023-03-16 20:06:40,435 [EventQueue-PipelineReportForOneReplicaPipelineSafeModeRule] INFO  safemode.SCMSafeModeManager (SCMSafeModeManager.java:validateSafeModeExitRules(200)) - AtleastOneDatanodeReportedRule rule is successfully validated
2023-03-16 20:06:40,851 [IPC Server handler 2 on default port 40529] INFO  net.NetworkTopologyImpl (NetworkTopologyImpl.java:add(112)) - Added a new node: /default-rack/682b4d9c-96c0-4a75-8400-2841f36046f6
2023-03-16 20:06:40,851 [IPC Server handler 2 on default port 40529] INFO  node.SCMNodeManager (SCMNodeManager.java:register(404)) - Registered Data node : 682b4d9c-96c0-4a75-8400-2841f36046f6{ip: 10.1.0.41, host: fv-az371-917, ports: [REPLICATION=45269, RATIS=43675, RATIS_ADMIN=43675, RATIS_SERVER=43675, RATIS_DATASTREAM=39721, STANDALONE=35047], networkLocation: /default-rack, certSerialId: null, persistedOpState: null, persistedOpStateExpiryEpochSec: 0}
2023-03-16 20:06:40,852 [EventQueue-NewNodeForNewNodeHandler] INFO  pipeline.BackgroundPipelineCreator (BackgroundPipelineCreator.java:notifyEventTriggered(276)) - trigger a one-shot run on RatisPipelineUtilsThread.
2023-03-16 20:06:40,854 [EventQueue-NodeRegistrationContainerReportForDataNodeSafeModeRule] INFO  safemode.SCMSafeModeManager (DataNodeSafeModeRule.java:process(71)) - SCM in safe mode. 2 DataNodes registered, 3 required.
2023-03-16 20:06:40,854 [RatisPipelineUtilsThread - 0] INFO  pipeline.RatisPipelineProvider (RatisPipelineProvider.java:lambda$create$0(206)) - Sending CreatePipelineCommand for pipeline:PipelineID=c0b92fbc-0732-4766-b2f7-61f1b89036b3 to datanode:682b4d9c-96c0-4a75-8400-2841f36046f6
2023-03-16 20:06:40,854 [RatisPipelineUtilsThread - 0] INFO  pipeline.PipelineStateManagerImpl (PipelineStateManagerImpl.java:addPipeline(103)) - Created pipeline Pipeline[ Id: c0b92fbc-0732-4766-b2f7-61f1b89036b3, Nodes: 682b4d9c-96c0-4a75-8400-2841f36046f6(fv-az371-917/10.1.0.41), ReplicationConfig: RATIS/ONE, State:ALLOCATED, leaderId:, CreationTimestamp2023-03-16T20:06:40.854Z[Etc/UTC]].
2023-03-16 20:06:41,213 [Listener at 127.0.0.1/37437] INFO  ozone.MiniOzoneClusterImpl (MiniOzoneClusterImpl.java:lambda$waitForClusterToBeReady$0(222)) - Waiting for nodes to be ready. Got 2 of 5 DN Heartbeats.
2023-03-16 20:06:41,213 [Listener at 127.0.0.1/37437] INFO  ozone.MiniOzoneClusterImpl (MiniOzoneClusterImpl.java:lambda$waitForClusterToBeReady$0(225)) - Waiting for cluster to exit safe mode
2023-03-16 20:06:41,213 [Listener at 127.0.0.1/37437] INFO  ozone.MiniOzoneClusterImpl (MiniOzoneClusterImpl.java:lambda$waitForClusterToBeReady$0(227)) - SCM became leader
2023-03-16 20:06:41,315 [IPC Server handler 1 on default port 40529] INFO  net.NetworkTopologyImpl (NetworkTopologyImpl.java:add(112)) - Added a new node: /default-rack/af19ea06-4a72-4e8e-a05a-645e0b93ca6c
2023-03-16 20:06:41,315 [IPC Server handler 1 on default port 40529] INFO  node.SCMNodeManager (SCMNodeManager.java:register(404)) - Registered Data node : af19ea06-4a72-4e8e-a05a-645e0b93ca6c{ip: 10.1.0.41, host: fv-az371-917, ports: [REPLICATION=34343, RATIS=43583, RATIS_ADMIN=43583, RATIS_SERVER=43583, RATIS_DATASTREAM=40505, STANDALONE=38555], networkLocation: /default-rack, certSerialId: null, persistedOpState: null, persistedOpStateExpiryEpochSec: 0}
2023-03-16 20:06:41,316 [EventQueue-NewNodeForNewNodeHandler] INFO  pipeline.BackgroundPipelineCreator (BackgroundPipelineCreator.java:notifyEventTriggered(276)) - trigger a one-shot run on RatisPipelineUtilsThread.
2023-03-16 20:06:41,317 [RatisPipelineUtilsThread - 0] INFO  pipeline.RatisPipelineProvider (RatisPipelineProvider.java:lambda$create$0(206)) - Sending CreatePipelineCommand for pipeline:PipelineID=995f7be5-c945-4ad9-acad-eeadfc261c1a to datanode:af19ea06-4a72-4e8e-a05a-645e0b93ca6c
2023-03-16 20:06:41,317 [RatisPipelineUtilsThread - 0] INFO  pipeline.PipelineStateManagerImpl (PipelineStateManagerImpl.java:addPipeline(103)) - Created pipeline Pipeline[ Id: 995f7be5-c945-4ad9-acad-eeadfc261c1a, Nodes: af19ea06-4a72-4e8e-a05a-645e0b93ca6c(fv-az371-917/10.1.0.41), ReplicationConfig: RATIS/ONE, State:ALLOCATED, leaderId:, CreationTimestamp2023-03-16T20:06:41.316Z[Etc/UTC]].
2023-03-16 20:06:41,317 [EventQueue-NodeRegistrationContainerReportForDataNodeSafeModeRule] INFO  safemode.SCMSafeModeManager (DataNodeSafeModeRule.java:process(71)) - SCM in safe mode. 3 DataNodes registered, 3 required.
2023-03-16 20:06:41,317 [EventQueue-NodeRegistrationContainerReportForDataNodeSafeModeRule] INFO  safemode.SCMSafeModeManager (SCMSafeModeManager.java:validateSafeModeExitRules(200)) - DataNodeSafeModeRule rule is successfully validated
2023-03-16 20:06:41,317 [EventQueue-NodeRegistrationContainerReportForDataNodeSafeModeRule] INFO  safemode.SCMSafeModeManager (SCMSafeModeManager.java:completePreCheck(229)) - All SCM safe mode pre check rules have passed
2023-03-16 20:06:41,318 [EventQueue-NodeRegistrationContainerReportForDataNodeSafeModeRule] INFO  ha.SCMContext (SCMContext.java:updateSafeModeStatus(228)) - Update SafeModeStatus from SafeModeStatus{safeModeStatus=true, preCheckPassed=false} to SafeModeStatus{safeModeStatus=true, preCheckPassed=true}.
2023-03-16 20:06:41,318 [EventQueue-NodeRegistrationContainerReportForDataNodeSafeModeRule] INFO  pipeline.BackgroundPipelineCreator (BackgroundPipelineCreator.java:notifyEventTriggered(276)) - trigger a one-shot run on RatisPipelineUtilsThread.
2023-03-16 20:06:41,318 [RatisPipelineUtilsThread - 0] INFO  pipeline.RatisPipelineProvider (RatisPipelineProvider.java:lambda$create$0(206)) - Sending CreatePipelineCommand for pipeline:PipelineID=b4b129b6-713e-4f76-840d-5b64b89c4c6d to datanode:682b4d9c-96c0-4a75-8400-2841f36046f6
2023-03-16 20:06:41,318 [RatisPipelineUtilsThread - 0] INFO  pipeline.RatisPipelineProvider (RatisPipelineProvider.java:lambda$create$0(206)) - Sending CreatePipelineCommand for pipeline:PipelineID=b4b129b6-713e-4f76-840d-5b64b89c4c6d to datanode:67a302da-c3a9-4d3b-a81a-6dae531b3b12
2023-03-16 20:06:41,318 [RatisPipelineUtilsThread - 0] INFO  pipeline.RatisPipelineProvider (RatisPipelineProvider.java:lambda$create$0(206)) - Sending CreatePipelineCommand for pipeline:PipelineID=b4b129b6-713e-4f76-840d-5b64b89c4c6d to datanode:af19ea06-4a72-4e8e-a05a-645e0b93ca6c
2023-03-16 20:06:41,319 [RatisPipelineUtilsThread - 0] INFO  pipeline.PipelineStateManagerImpl (PipelineStateManagerImpl.java:addPipeline(103)) - Created pipeline Pipeline[ Id: b4b129b6-713e-4f76-840d-5b64b89c4c6d, Nodes: 682b4d9c-96c0-4a75-8400-2841f36046f6(fv-az371-917/10.1.0.41)67a302da-c3a9-4d3b-a81a-6dae531b3b12(fv-az371-917/10.1.0.41)af19ea06-4a72-4e8e-a05a-645e0b93ca6c(fv-az371-917/10.1.0.41), ReplicationConfig: RATIS/THREE, State:ALLOCATED, leaderId:, CreationTimestamp2023-03-16T20:06:41.318Z[Etc/UTC]].
2023-03-16 20:06:41,319 [RatisPipelineUtilsThread - 0] INFO  pipeline.RatisPipelineProvider (RatisPipelineProvider.java:lambda$create$0(206)) - Sending CreatePipelineCommand for pipeline:PipelineID=3bd437f4-2eb8-4100-bc7e-31a52953e0b4 to datanode:682b4d9c-96c0-4a75-8400-2841f36046f6
2023-03-16 20:06:41,319 [RatisPipelineUtilsThread - 0] INFO  pipeline.RatisPipelineProvider (RatisPipelineProvider.java:lambda$create$0(206)) - Sending CreatePipelineCommand for pipeline:PipelineID=3bd437f4-2eb8-4100-bc7e-31a52953e0b4 to datanode:af19ea06-4a72-4e8e-a05a-645e0b93ca6c
2023-03-16 20:06:41,319 [RatisPipelineUtilsThread - 0] INFO  pipeline.RatisPipelineProvider (RatisPipelineProvider.java:lambda$create$0(206)) - Sending CreatePipelineCommand for pipeline:PipelineID=3bd437f4-2eb8-4100-bc7e-31a52953e0b4 to datanode:67a302da-c3a9-4d3b-a81a-6dae531b3b12
2023-03-16 20:06:41,319 [RatisPipelineUtilsThread - 0] INFO  pipeline.PipelineStateManagerImpl (PipelineStateManagerImpl.java:addPipeline(103)) - Created pipeline Pipeline[ Id: 3bd437f4-2eb8-4100-bc7e-31a52953e0b4, Nodes: 682b4d9c-96c0-4a75-8400-2841f36046f6(fv-az371-917/10.1.0.41)af19ea06-4a72-4e8e-a05a-645e0b93ca6c(fv-az371-917/10.1.0.41)67a302da-c3a9-4d3b-a81a-6dae531b3b12(fv-az371-917/10.1.0.41), ReplicationConfig: RATIS/THREE, State:ALLOCATED, leaderId:, CreationTimestamp2023-03-16T20:06:41.319Z[Etc/UTC]].
2023-03-16 20:06:41,320 [RatisPipelineUtilsThread - 0] INFO  pipeline.PipelineManagerImpl (PipelineManagerImpl.java:recordMetricsForPipeline(826)) - Pipeline: PipelineID=3bd437f4-2eb8-4100-bc7e-31a52953e0b4 contains same datanodes as previous pipelines: PipelineID=b4b129b6-713e-4f76-840d-5b64b89c4c6d nodeIds: 682b4d9c-96c0-4a75-8400-2841f36046f6, af19ea06-4a72-4e8e-a05a-645e0b93ca6c, 67a302da-c3a9-4d3b-a81a-6dae531b3b12
2023-03-16 20:06:41,322 [RatisPipelineUtilsThread - 0] WARN  pipeline.PipelinePlacementPolicy (PipelinePlacementPolicy.java:filterViableNodes(158)) - Pipeline creation failed due to no sufficient healthy datanodes. Required 3. Found 0.
2023-03-16 20:06:41,779 [IPC Server handler 2 on default port 40529] INFO  net.NetworkTopologyImpl (NetworkTopologyImpl.java:add(112)) - Added a new node: /default-rack/7632a000-3617-4d19-89f4-e221b08e3da6
2023-03-16 20:06:41,779 [IPC Server handler 2 on default port 40529] INFO  node.SCMNodeManager (SCMNodeManager.java:register(404)) - Registered Data node : 7632a000-3617-4d19-89f4-e221b08e3da6{ip: 10.1.0.41, host: fv-az371-917, ports: [REPLICATION=41419, RATIS=44415, RATIS_ADMIN=44415, RATIS_SERVER=44415, RATIS_DATASTREAM=40343, STANDALONE=42401], networkLocation: /default-rack, certSerialId: null, persistedOpState: null, persistedOpStateExpiryEpochSec: 0}
2023-03-16 20:06:41,779 [EventQueue-NewNodeForNewNodeHandler] INFO  pipeline.BackgroundPipelineCreator (BackgroundPipelineCreator.java:notifyEventTriggered(276)) - trigger a one-shot run on RatisPipelineUtilsThread.
2023-03-16 20:06:41,782 [RatisPipelineUtilsThread - 0] INFO  pipeline.RatisPipelineProvider (RatisPipelineProvider.java:lambda$create$0(206)) - Sending CreatePipelineCommand for pipeline:PipelineID=9fe02956-08a4-445e-80b2-e68e4d341b63 to datanode:7632a000-3617-4d19-89f4-e221b08e3da6
2023-03-16 20:06:41,782 [RatisPipelineUtilsThread - 0] INFO  pipeline.PipelineStateManagerImpl (PipelineStateManagerImpl.java:addPipeline(103)) - Created pipeline Pipeline[ Id: 9fe02956-08a4-445e-80b2-e68e4d341b63, Nodes: 7632a000-3617-4d19-89f4-e221b08e3da6(fv-az371-917/10.1.0.41), ReplicationConfig: RATIS/ONE, State:ALLOCATED, leaderId:, CreationTimestamp2023-03-16T20:06:41.782Z[Etc/UTC]].
2023-03-16 20:06:41,782 [RatisPipelineUtilsThread - 0] WARN  pipeline.PipelinePlacementPolicy (PipelinePlacementPolicy.java:filterViableNodes(158)) - Pipeline creation failed due to no sufficient healthy datanodes. Required 3. Found 1.
2023-03-16 20:06:42,213 [Listener at 127.0.0.1/37437] INFO  ozone.MiniOzoneClusterImpl (MiniOzoneClusterImpl.java:lambda$waitForClusterToBeReady$0(222)) - Waiting for nodes to be ready. Got 4 of 5 DN Heartbeats.
2023-03-16 20:06:42,214 [Listener at 127.0.0.1/37437] INFO  ozone.MiniOzoneClusterImpl (MiniOzoneClusterImpl.java:lambda$waitForClusterToBeReady$0(225)) - Waiting for cluster to exit safe mode
2023-03-16 20:06:42,214 [Listener at 127.0.0.1/37437] INFO  ozone.MiniOzoneClusterImpl (MiniOzoneClusterImpl.java:lambda$waitForClusterToBeReady$0(227)) - SCM became leader
2023-03-16 20:06:42,213 [IPC Server handler 0 on default port 40529] INFO  net.NetworkTopologyImpl (NetworkTopologyImpl.java:add(112)) - Added a new node: /default-rack/ebbc2a03-53b4-4736-a1f5-3eecd05c2e3b
2023-03-16 20:06:42,214 [IPC Server handler 0 on default port 40529] INFO  node.SCMNodeManager (SCMNodeManager.java:register(404)) - Registered Data node : ebbc2a03-53b4-4736-a1f5-3eecd05c2e3b{ip: 10.1.0.41, host: fv-az371-917, ports: [REPLICATION=37543, RATIS=34105, RATIS_ADMIN=34105, RATIS_SERVER=34105, RATIS_DATASTREAM=36207, STANDALONE=34777], networkLocation: /default-rack, certSerialId: null, persistedOpState: null, persistedOpStateExpiryEpochSec: 0}
2023-03-16 20:06:42,217 [EventQueue-NewNodeForNewNodeHandler] INFO  pipeline.BackgroundPipelineCreator (BackgroundPipelineCreator.java:notifyEventTriggered(276)) - trigger a one-shot run on RatisPipelineUtilsThread.
2023-03-16 20:06:42,217 [RatisPipelineUtilsThread - 0] INFO  pipeline.RatisPipelineProvider (RatisPipelineProvider.java:lambda$create$0(206)) - Sending CreatePipelineCommand for pipeline:PipelineID=4dd401a9-d0d7-47d8-af33-1004ffe59f01 to datanode:ebbc2a03-53b4-4736-a1f5-3eecd05c2e3b
2023-03-16 20:06:42,218 [RatisPipelineUtilsThread - 0] INFO  pipeline.PipelineStateManagerImpl (PipelineStateManagerImpl.java:addPipeline(103)) - Created pipeline Pipeline[ Id: 4dd401a9-d0d7-47d8-af33-1004ffe59f01, Nodes: ebbc2a03-53b4-4736-a1f5-3eecd05c2e3b(fv-az371-917/10.1.0.41), ReplicationConfig: RATIS/ONE, State:ALLOCATED, leaderId:, CreationTimestamp2023-03-16T20:06:42.217Z[Etc/UTC]].
2023-03-16 20:06:42,218 [RatisPipelineUtilsThread - 0] WARN  pipeline.PipelinePlacementPolicy (PipelinePlacementPolicy.java:filterViableNodes(158)) - Pipeline creation failed due to no sufficient healthy datanodes. Required 3. Found 2.
2023-03-16 20:06:43,214 [Listener at 127.0.0.1/37437] INFO  ozone.MiniOzoneClusterImpl (MiniOzoneClusterImpl.java:lambda$waitForClusterToBeReady$0(222)) - Nodes are ready. Got 5 of 5 DN Heartbeats.
2023-03-16 20:06:43,215 [Listener at 127.0.0.1/37437] INFO  ozone.MiniOzoneClusterImpl (MiniOzoneClusterImpl.java:lambda$waitForClusterToBeReady$0(225)) - Waiting for cluster to exit safe mode
2023-03-16 20:06:43,215 [Listener at 127.0.0.1/37437] INFO  ozone.MiniOzoneClusterImpl (MiniOzoneClusterImpl.java:lambda$waitForClusterToBeReady$0(227)) - SCM became leader
2023-03-16 20:06:43,421 [Command processor thread] INFO  server.RaftServer (RaftServerProxy.java:addNew(96)) - 67a302da-c3a9-4d3b-a81a-6dae531b3b12: addNew group-D42F5958F26C:[67a302da-c3a9-4d3b-a81a-6dae531b3b12|rpc:10.1.0.41:36435|dataStream:10.1.0.41:33407|priority:1|startupRole:FOLLOWER] returns group-D42F5958F26C:java.util.concurrent.CompletableFuture@22977e4d[Not completed]
2023-03-16 20:06:43,422 [pool-484-thread-1] INFO  server.RaftServer$Division (RaftServerImpl.java:<init>(195)) - 67a302da-c3a9-4d3b-a81a-6dae531b3b12: new RaftServerImpl for group-D42F5958F26C:[67a302da-c3a9-4d3b-a81a-6dae531b3b12|rpc:10.1.0.41:36435|dataStream:10.1.0.41:33407|priority:1|startupRole:FOLLOWER] with ContainerStateMachine:uninitialized
2023-03-16 20:06:43,422 [pool-484-thread-1] INFO  server.RaftServerConfigKeys (ConfUtils.java:logGet(46)) - raft.server.rpc.timeout.min = 5s (custom)
2023-03-16 20:06:43,422 [pool-484-thread-1] INFO  server.RaftServerConfigKeys (ConfUtils.java:logGet(46)) - raft.server.rpc.timeout.max = 5200ms (custom)
2023-03-16 20:06:43,422 [pool-484-thread-1] INFO  server.RaftServerConfigKeys (ConfUtils.java:logGet(46)) - raft.server.rpc.sleep.time = 25ms (default)
2023-03-16 20:06:43,422 [pool-484-thread-1] INFO  server.RaftServerConfigKeys (ConfUtils.java:logGet(46)) - raft.server.rpc.slowness.timeout = 300s (custom)
2023-03-16 20:06:43,423 [pool-484-thread-1] INFO  server.RaftServerConfigKeys (ConfUtils.java:logGet(46)) - raft.server.leaderelection.leader.step-down.wait-time = 10s (default)
2023-03-16 20:06:43,423 [pool-484-thread-1] INFO  server.RaftServerConfigKeys (ConfUtils.java:logGet(46)) - raft.server.sleep.deviation.threshold = 300ms (default)
2023-03-16 20:06:43,423 [pool-484-thread-1] INFO  server.RaftServer$Division (ServerState.java:<init>(118)) - 67a302da-c3a9-4d3b-a81a-6dae531b3b12@group-D42F5958F26C: ConfigurationManager, init=-1: peers:[67a302da-c3a9-4d3b-a81a-6dae531b3b12|rpc:10.1.0.41:36435|dataStream:10.1.0.41:33407|priority:1|startupRole:FOLLOWER]|listeners:[], old=null, confs=<EMPTY_MAP>
2023-03-16 20:06:43,423 [pool-484-thread-1] INFO  server.RaftServerConfigKeys (ConfUtils.java:logGet(46)) - raft.server.storage.dir = [/home/runner/work/ozone/ozone/hadoop-ozone/integration-test/target/test-dir/MiniOzoneClusterImpl-5d34faf9-8c61-4fd7-9f59-d81d67eb328e/datanode-0/data/ratis] (custom)
2023-03-16 20:06:43,423 [pool-484-thread-1] INFO  server.RaftServerConfigKeys (ConfUtils.java:logGet(46)) - raft.server.log.corruption.policy = EXCEPTION (default)
2023-03-16 20:06:43,423 [pool-484-thread-1] INFO  server.RaftServerConfigKeys (ConfUtils.java:logGet(46)) - raft.server.storage.free-space.min = 0MB (=0) (default)
2023-03-16 20:06:43,423 [pool-484-thread-1] INFO  server.RaftServerConfigKeys (ConfUtils.java:logGet(46)) - raft.server.notification.no-leader.timeout = 300s (custom)
2023-03-16 20:06:43,437 [pool-484-thread-1] INFO  server.RaftServerConfigKeys (ConfUtils.java:logGet(46)) - raft.server.retrycache.expirytime = 600000ms (custom)
2023-03-16 20:06:43,437 [pool-484-thread-1] INFO  server.RaftServerConfigKeys (ConfUtils.java:logGet(46)) - raft.server.retrycache.statistics.expirytime = 100μs (default)
2023-03-16 20:06:43,439 [pool-484-thread-1] INFO  server.RaftServerConfigKeys (ConfUtils.java:logGet(46)) - raft.server.log.appender.install.snapshot.enabled = false (custom)
2023-03-16 20:06:43,439 [pool-484-thread-1] INFO  server.RaftServerConfigKeys (ConfUtils.java:logGet(46)) - raft.server.threadpool.server.cached = true (default)
2023-03-16 20:06:43,439 [pool-484-thread-1] INFO  server.RaftServerConfigKeys (ConfUtils.java:logGet(46)) - raft.server.threadpool.server.size = 0 (default)
2023-03-16 20:06:43,439 [pool-484-thread-1] INFO  server.RaftServerConfigKeys (ConfUtils.java:logGet(46)) - raft.server.threadpool.client.cached = true (default)
2023-03-16 20:06:43,439 [pool-484-thread-1] INFO  server.RaftServerConfigKeys (ConfUtils.java:logGet(46)) - raft.server.threadpool.client.size = 0 (default)
2023-03-16 20:06:43,439 [pool-484-thread-1] INFO  storage.RaftStorageDirectory (RaftStorageDirectoryImpl.java:analyzeStorage(137)) - The storage directory /home/runner/work/ozone/ozone/hadoop-ozone/integration-test/target/test-dir/MiniOzoneClusterImpl-5d34faf9-8c61-4fd7-9f59-d81d67eb328e/datanode-0/data/ratis/7cafefc0-8fe7-4747-b06c-d42f5958f26c does not exist. Creating ...
2023-03-16 20:06:43,441 [pool-484-thread-1] INFO  storage.RaftStorageDirectory (RaftStorageDirectoryImpl.java:tryLock(231)) - Lock on /home/runner/work/ozone/ozone/hadoop-ozone/integration-test/target/test-dir/MiniOzoneClusterImpl-5d34faf9-8c61-4fd7-9f59-d81d67eb328e/datanode-0/data/ratis/7cafefc0-8fe7-4747-b06c-d42f5958f26c/in_use.lock acquired by nodename 79287@fv-az371-917
2023-03-16 20:06:43,443 [pool-484-thread-1] INFO  storage.RaftStorage (RaftStorageImpl.java:format(96)) - Storage directory /home/runner/work/ozone/ozone/hadoop-ozone/integration-test/target/test-dir/MiniOzoneClusterImpl-5d34faf9-8c61-4fd7-9f59-d81d67eb328e/datanode-0/data/ratis/7cafefc0-8fe7-4747-b06c-d42f5958f26c has been successfully formatted.
2023-03-16 20:06:43,444 [pool-484-thread-1] INFO  ratis.ContainerStateMachine (ContainerStateMachine.java:loadSnapshot(262)) - group-D42F5958F26C: The snapshot info is null. Setting the last applied indexto:(t:0, i:~)
2023-03-16 20:06:43,445 [pool-484-thread-1] INFO  server.RaftServerConfigKeys (ConfUtils.java:logGet(46)) - raft.server.log.use.memory = false (default)
2023-03-16 20:06:43,445 [pool-484-thread-1] INFO  server.RaftServerConfigKeys (ConfUtils.java:logGet(46)) - raft.server.log.purge.gap = 1000000 (custom)
2023-03-16 20:06:43,445 [pool-484-thread-1] INFO  server.RaftServerConfigKeys (ConfUtils.java:logGet(46)) - raft.server.log.appender.buffer.byte-limit = 33554432 (custom)
2023-03-16 20:06:43,445 [pool-484-thread-1] INFO  server.RaftServerConfigKeys (ConfUtils.java:logGet(46)) - raft.server.log.statemachine.data.read.timeout = 1000ms (default)
2023-03-16 20:06:43,445 [pool-484-thread-1] INFO  server.RaftServerConfigKeys (ConfUtils.java:logGet(46)) - raft.server.log.purge.preservation.log.num = 0 (default)
2023-03-16 20:06:43,445 [pool-484-thread-1] INFO  server.RaftServerConfigKeys (ConfUtils.java:logGet(46)) - raft.server.log.segment.size.max = 1048576 (custom)
2023-03-16 20:06:43,446 [pool-484-thread-1] INFO  server.RaftServerConfigKeys (ConfUtils.java:logGet(46)) - raft.server.log.segment.cache.num.max = 2 (custom)
2023-03-16 20:06:43,446 [EventQueue-PipelineReportForPipelineReportHandler] INFO  pipeline.PipelineManagerImpl (PipelineManagerImpl.java:openPipeline(367)) - Pipeline Pipeline[ Id: 7cafefc0-8fe7-4747-b06c-d42f5958f26c, Nodes: 67a302da-c3a9-4d3b-a81a-6dae531b3b12(fv-az371-917/10.1.0.41), ReplicationConfig: RATIS/ONE, State:ALLOCATED, leaderId:67a302da-c3a9-4d3b-a81a-6dae531b3b12, CreationTimestamp2023-03-16T20:06:40.432Z[Etc/UTC]] moved to OPEN state
2023-03-16 20:06:43,446 [pool-484-thread-1] INFO  server.RaftServerConfigKeys (ConfUtils.java:logGet(46)) - raft.server.log.segment.cache.size.max = 200MB (=209715200) (default)
2023-03-16 20:06:43,446 [pool-484-thread-1] INFO  segmented.SegmentedRaftLogWorker (SegmentedRaftLogWorker.java:<init>(189)) - new 67a302da-c3a9-4d3b-a81a-6dae531b3b12@group-D42F5958F26C-SegmentedRaftLogWorker for RaftStorageImpl:Storage Directory /home/runner/work/ozone/ozone/hadoop-ozone/integration-test/target/test-dir/MiniOzoneClusterImpl-5d34faf9-8c61-4fd7-9f59-d81d67eb328e/datanode-0/data/ratis/7cafefc0-8fe7-4747-b06c-d42f5958f26c
2023-03-16 20:06:43,446 [pool-484-thread-1] INFO  server.RaftServerConfigKeys (ConfUtils.java:logGet(46)) - raft.server.log.queue.byte-limit = 4294967296 (custom)
2023-03-16 20:06:43,446 [pool-484-thread-1] INFO  server.RaftServerConfigKeys (ConfUtils.java:logGet(46)) - raft.server.log.queue.element-limit = 1024 (custom)
2023-03-16 20:06:43,446 [pool-484-thread-1] INFO  server.RaftServerConfigKeys (ConfUtils.java:logGet(46)) - raft.server.log.segment.size.max = 1048576 (custom)
2023-03-16 20:06:43,446 [pool-484-thread-1] INFO  server.RaftServerConfigKeys (ConfUtils.java:logGet(46)) - raft.server.log.preallocated.size = 16384 (custom)
2023-03-16 20:06:43,446 [pool-484-thread-1] INFO  server.RaftServerConfigKeys (ConfUtils.java:logGet(46)) - raft.server.log.force.sync.num = 128 (default)
2023-03-16 20:06:43,447 [pool-484-thread-1] INFO  server.RaftServerConfigKeys (ConfUtils.java:logGet(46)) - raft.server.log.statemachine.data.sync = true (default)
2023-03-16 20:06:43,447 [pool-484-thread-1] INFO  server.RaftServerConfigKeys (ConfUtils.java:logGet(46)) - raft.server.log.statemachine.data.sync.timeout = 10s (default)
2023-03-16 20:06:43,448 [pool-484-thread-1] INFO  server.RaftServerConfigKeys (ConfUtils.java:logGet(46)) - raft.server.log.statemachine.data.sync.timeout.retry = -1 (default)
2023-03-16 20:06:43,449 [pool-484-thread-1] INFO  server.RaftServerConfigKeys (ConfUtils.java:logGet(46)) - raft.server.log.write.buffer.size = 1048576 (custom)
2023-03-16 20:06:43,450 [pool-484-thread-1] INFO  server.RaftServerConfigKeys (ConfUtils.java:logGet(46)) - raft.server.log.appender.buffer.byte-limit = 33554432 (custom)
2023-03-16 20:06:43,458 [EventQueue-OpenPipelineForHealthyPipelineSafeModeRule] INFO  safemode.SCMSafeModeManager (HealthyPipelineSafeModeRule.java:process(137)) - SCM in safe mode. Healthy pipelines reported count is 0, required healthy pipeline reported count is 1
2023-03-16 20:06:43,458 [pool-484-thread-1] INFO  server.RaftServerConfigKeys (ConfUtils.java:logGet(46)) - raft.server.log.unsafe-flush.enabled = false (default)
2023-03-16 20:06:43,458 [pool-484-thread-1] INFO  server.RaftServerConfigKeys (ConfUtils.java:logGet(46)) - raft.server.log.async-flush.enabled = false (default)
2023-03-16 20:06:43,458 [pool-484-thread-1] INFO  server.RaftServerConfigKeys (ConfUtils.java:logGet(46)) - raft.server.log.statemachine.data.caching.enabled = true (custom)
2023-03-16 20:06:43,458 [pool-484-thread-1] INFO  segmented.SegmentedRaftLogWorker (SegmentedRaftLogWorker.java:lambda$new$0(135)) - 67a302da-c3a9-4d3b-a81a-6dae531b3b12@group-D42F5958F26C-SegmentedRaftLogWorker: flushIndex: setUnconditionally 0 -> -1
2023-03-16 20:06:43,458 [pool-484-thread-1] INFO  segmented.SegmentedRaftLogWorker (SegmentedRaftLogWorker.java:lambda$new$0(135)) - 67a302da-c3a9-4d3b-a81a-6dae531b3b12@group-D42F5958F26C-SegmentedRaftLogWorker: safeCacheEvictIndex: setUnconditionally 0 -> -1
2023-03-16 20:06:43,459 [pool-484-thread-1] INFO  server.RaftServer$Division (RaftServerImpl.java:start(334)) - 67a302da-c3a9-4d3b-a81a-6dae531b3b12@group-D42F5958F26C: start as a follower, conf=-1: peers:[67a302da-c3a9-4d3b-a81a-6dae531b3b12|rpc:10.1.0.41:36435|dataStream:10.1.0.41:33407|priority:1|startupRole:FOLLOWER]|listeners:[], old=null
2023-03-16 20:06:43,459 [pool-484-thread-1] INFO  server.RaftServer$Division (RaftServerImpl.java:setRole(321)) - 67a302da-c3a9-4d3b-a81a-6dae531b3b12@group-D42F5958F26C: changes role from      null to FOLLOWER at term 0 for startAsFollower
2023-03-16 20:06:43,459 [pool-484-thread-1] INFO  impl.RoleInfo (RoleInfo.java:updateAndGet(139)) - 67a302da-c3a9-4d3b-a81a-6dae531b3b12: start 67a302da-c3a9-4d3b-a81a-6dae531b3b12@group-D42F5958F26C-FollowerState
2023-03-16 20:06:43,463 [pool-484-thread-1] INFO  util.JmxRegister (JmxRegister.java:tryRegister(44)) - Successfully registered JMX Bean with object name Ratis:service=RaftServer,group=group-D42F5958F26C,id=67a302da-c3a9-4d3b-a81a-6dae531b3b12
2023-03-16 20:06:43,463 [pool-484-thread-1] INFO  server.RaftServerConfigKeys (ConfUtils.java:logGet(46)) - raft.server.snapshot.auto.trigger.enabled = true (custom)
2023-03-16 20:06:43,463 [pool-484-thread-1] INFO  server.RaftServerConfigKeys (ConfUtils.java:logGet(46)) - raft.server.snapshot.auto.trigger.threshold = 10000 (custom)
2023-03-16 20:06:43,463 [pool-484-thread-1] INFO  server.RaftServerConfigKeys (ConfUtils.java:logGet(46)) - raft.server.snapshot.retention.file.num = 5 (custom)
2023-03-16 20:06:43,463 [pool-484-thread-1] INFO  server.RaftServerConfigKeys (ConfUtils.java:logGet(46)) - raft.server.log.purge.upto.snapshot.index = false (default)
2023-03-16 20:06:43,464 [67a302da-c3a9-4d3b-a81a-6dae531b3b12@group-D42F5958F26C-FollowerState] INFO  server.RaftServerConfigKeys (ConfUtils.java:logFallback(53)) - raft.server.rpc.first-election.timeout.min = 5s (fallback to raft.server.rpc.timeout.min)
2023-03-16 20:06:43,464 [67a302da-c3a9-4d3b-a81a-6dae531b3b12@group-D42F5958F26C-FollowerState] INFO  server.RaftServerConfigKeys (ConfUtils.java:logFallback(53)) - raft.server.rpc.first-election.timeout.max = 5200ms (fallback to raft.server.rpc.timeout.max)
2023-03-16 20:06:43,464 [Command processor thread] INFO  ratis.XceiverServerRatis (XceiverServerRatis.java:addGroup(807)) - Created group PipelineID=7cafefc0-8fe7-4747-b06c-d42f5958f26c
2023-03-16 20:06:43,464 [Command processor thread] INFO  commandhandler.CreatePipelineCommandHandler (CreatePipelineCommandHandler.java:handle(113)) - Created Pipeline RATIS ONE PipelineID=7cafefc0-8fe7-4747-b06c-d42f5958f26c.
2023-03-16 20:06:43,464 [Command processor thread] INFO  server.RaftServer (RaftServerProxy.java:addNew(96)) - 67a302da-c3a9-4d3b-a81a-6dae531b3b12: addNew group-5B64B89C4C6D:[af19ea06-4a72-4e8e-a05a-645e0b93ca6c|rpc:10.1.0.41:43583|dataStream:10.1.0.41:40505|priority:0|startupRole:FOLLOWER, 682b4d9c-96c0-4a75-8400-2841f36046f6|rpc:10.1.0.41:43675|dataStream:10.1.0.41:39721|priority:1|startupRole:FOLLOWER, 67a302da-c3a9-4d3b-a81a-6dae531b3b12|rpc:10.1.0.41:36435|dataStream:10.1.0.41:33407|priority:0|startupRole:FOLLOWER] returns group-5B64B89C4C6D:java.util.concurrent.CompletableFuture@26a8eec7[Not completed]
2023-03-16 20:06:43,465 [pool-484-thread-1] INFO  server.RaftServer$Division (RaftServerImpl.java:<init>(195)) - 67a302da-c3a9-4d3b-a81a-6dae531b3b12: new RaftServerImpl for group-5B64B89C4C6D:[af19ea06-4a72-4e8e-a05a-645e0b93ca6c|rpc:10.1.0.41:43583|dataStream:10.1.0.41:40505|priority:0|startupRole:FOLLOWER, 682b4d9c-96c0-4a75-8400-2841f36046f6|rpc:10.1.0.41:43675|dataStream:10.1.0.41:39721|priority:1|startupRole:FOLLOWER, 67a302da-c3a9-4d3b-a81a-6dae531b3b12|rpc:10.1.0.41:36435|dataStream:10.1.0.41:33407|priority:0|startupRole:FOLLOWER] with ContainerStateMachine:uninitialized
2023-03-16 20:06:43,466 [pool-484-thread-1] INFO  server.RaftServerConfigKeys (ConfUtils.java:logGet(46)) - raft.server.rpc.timeout.min = 5s (custom)
2023-03-16 20:06:43,466 [pool-484-thread-1] INFO  server.RaftServerConfigKeys (ConfUtils.java:logGet(46)) - raft.server.rpc.timeout.max = 5200ms (custom)
2023-03-16 20:06:43,466 [pool-484-thread-1] INFO  server.RaftServerConfigKeys (ConfUtils.java:logGet(46)) - raft.server.rpc.sleep.time = 25ms (default)
2023-03-16 20:06:43,466 [pool-484-thread-1] INFO  server.RaftServerConfigKeys (ConfUtils.java:logGet(46)) - raft.server.rpc.slowness.timeout = 300s (custom)
2023-03-16 20:06:43,466 [pool-484-thread-1] INFO  server.RaftServerConfigKeys (ConfUtils.java:logGet(46)) - raft.server.leaderelection.leader.step-down.wait-time = 10s (default)
2023-03-16 20:06:43,466 [pool-484-thread-1] INFO  server.RaftServerConfigKeys (ConfUtils.java:logGet(46)) - raft.server.sleep.deviation.threshold = 300ms (default)
2023-03-16 20:06:43,466 [pool-484-thread-1] INFO  server.RaftServer$Division (ServerState.java:<init>(118)) - 67a302da-c3a9-4d3b-a81a-6dae531b3b12@group-5B64B89C4C6D: ConfigurationManager, init=-1: peers:[af19ea06-4a72-4e8e-a05a-645e0b93ca6c|rpc:10.1.0.41:43583|dataStream:10.1.0.41:40505|priority:0|startupRole:FOLLOWER, 682b4d9c-96c0-4a75-8400-2841f36046f6|rpc:10.1.0.41:43675|dataStream:10.1.0.41:39721|priority:1|startupRole:FOLLOWER, 67a302da-c3a9-4d3b-a81a-6dae531b3b12|rpc:10.1.0.41:36435|dataStream:10.1.0.41:33407|priority:0|startupRole:FOLLOWER]|listeners:[], old=null, confs=<EMPTY_MAP>
2023-03-16 20:06:43,466 [pool-484-thread-1] INFO  server.RaftServerConfigKeys (ConfUtils.java:logGet(46)) - raft.server.storage.dir = [/home/runner/work/ozone/ozone/hadoop-ozone/integration-test/target/test-dir/MiniOzoneClusterImpl-5d34faf9-8c61-4fd7-9f59-d81d67eb328e/datanode-0/data/ratis] (custom)
2023-03-16 20:06:43,466 [pool-484-thread-1] INFO  server.RaftServerConfigKeys (ConfUtils.java:logGet(46)) - raft.server.log.corruption.policy = EXCEPTION (default)
2023-03-16 20:06:43,466 [pool-484-thread-1] INFO  server.RaftServerConfigKeys (ConfUtils.java:logGet(46)) - raft.server.storage.free-space.min = 0MB (=0) (default)
2023-03-16 20:06:43,466 [pool-484-thread-1] INFO  server.RaftServerConfigKeys (ConfUtils.java:logGet(46)) - raft.server.notification.no-leader.timeout = 300s (custom)
2023-03-16 20:06:43,466 [pool-484-thread-1] INFO  server.RaftServerConfigKeys (ConfUtils.java:logGet(46)) - raft.server.retrycache.expirytime = 600000ms (custom)
2023-03-16 20:06:43,466 [pool-484-thread-1] INFO  server.RaftServerConfigKeys (ConfUtils.java:logGet(46)) - raft.server.retrycache.statistics.expirytime = 100μs (default)
2023-03-16 20:06:43,467 [pool-484-thread-1] INFO  server.RaftServerConfigKeys (ConfUtils.java:logGet(46)) - raft.server.log.appender.install.snapshot.enabled = false (custom)
2023-03-16 20:06:43,467 [pool-484-thread-1] INFO  server.RaftServerConfigKeys (ConfUtils.java:logGet(46)) - raft.server.threadpool.server.cached = true (default)
2023-03-16 20:06:43,467 [pool-484-thread-1] INFO  server.RaftServerConfigKeys (ConfUtils.java:logGet(46)) - raft.server.threadpool.server.size = 0 (default)
2023-03-16 20:06:43,467 [pool-484-thread-1] INFO  server.RaftServerConfigKeys (ConfUtils.java:logGet(46)) - raft.server.threadpool.client.cached = true (default)
2023-03-16 20:06:43,467 [pool-484-thread-1] INFO  server.RaftServerConfigKeys (ConfUtils.java:logGet(46)) - raft.server.threadpool.client.size = 0 (default)
2023-03-16 20:06:43,468 [pool-484-thread-1] INFO  storage.RaftStorageDirectory (RaftStorageDirectoryImpl.java:analyzeStorage(137)) - The storage directory /home/runner/work/ozone/ozone/hadoop-ozone/integration-test/target/test-dir/MiniOzoneClusterImpl-5d34faf9-8c61-4fd7-9f59-d81d67eb328e/datanode-0/data/ratis/b4b129b6-713e-4f76-840d-5b64b89c4c6d does not exist. Creating ...
2023-03-16 20:06:43,469 [pool-484-thread-1] INFO  storage.RaftStorageDirectory (RaftStorageDirectoryImpl.java:tryLock(231)) - Lock on /home/runner/work/ozone/ozone/hadoop-ozone/integration-test/target/test-dir/MiniOzoneClusterImpl-5d34faf9-8c61-4fd7-9f59-d81d67eb328e/datanode-0/data/ratis/b4b129b6-713e-4f76-840d-5b64b89c4c6d/in_use.lock acquired by nodename 79287@fv-az371-917
2023-03-16 20:06:43,471 [pool-484-thread-1] INFO  storage.RaftStorage (RaftStorageImpl.java:format(96)) - Storage directory /home/runner/work/ozone/ozone/hadoop-ozone/integration-test/target/test-dir/MiniOzoneClusterImpl-5d34faf9-8c61-4fd7-9f59-d81d67eb328e/datanode-0/data/ratis/b4b129b6-713e-4f76-840d-5b64b89c4c6d has been successfully formatted.
2023-03-16 20:06:43,471 [pool-484-thread-1] INFO  ratis.ContainerStateMachine (ContainerStateMachine.java:loadSnapshot(262)) - group-5B64B89C4C6D: The snapshot info is null. Setting the last applied indexto:(t:0, i:~)
2023-03-16 20:06:43,471 [pool-484-thread-1] INFO  server.RaftServerConfigKeys (ConfUtils.java:logGet(46)) - raft.server.log.use.memory = false (default)
2023-03-16 20:06:43,472 [pool-484-thread-1] INFO  server.RaftServerConfigKeys (ConfUtils.java:logGet(46)) - raft.server.log.purge.gap = 1000000 (custom)
2023-03-16 20:06:43,472 [pool-484-thread-1] INFO  server.RaftServerConfigKeys (ConfUtils.java:logGet(46)) - raft.server.log.appender.buffer.byte-limit = 33554432 (custom)
2023-03-16 20:06:43,472 [EventQueue-OpenPipelineForHealthyPipelineSafeModeRule] INFO  safemode.SCMSafeModeManager (HealthyPipelineSafeModeRule.java:process(137)) - SCM in safe mode. Healthy pipelines reported count is 0, required healthy pipeline reported count is 1
2023-03-16 20:06:43,472 [pool-484-thread-1] INFO  server.RaftServerConfigKeys (ConfUtils.java:logGet(46)) - raft.server.log.statemachine.data.read.timeout = 1000ms (default)
2023-03-16 20:06:43,473 [pool-484-thread-1] INFO  server.RaftServerConfigKeys (ConfUtils.java:logGet(46)) - raft.server.log.purge.preservation.log.num = 0 (default)
2023-03-16 20:06:43,473 [pool-484-thread-1] INFO  server.RaftServerConfigKeys (ConfUtils.java:logGet(46)) - raft.server.log.segment.size.max = 1048576 (custom)
2023-03-16 20:06:43,473 [pool-484-thread-1] INFO  server.RaftServerConfigKeys (ConfUtils.java:logGet(46)) - raft.server.log.segment.cache.num.max = 2 (custom)
2023-03-16 20:06:43,473 [pool-484-thread-1] INFO  server.RaftServerConfigKeys (ConfUtils.java:logGet(46)) - raft.server.log.segment.cache.size.max = 200MB (=209715200) (default)
2023-03-16 20:06:43,473 [pool-484-thread-1] INFO  segmented.SegmentedRaftLogWorker (SegmentedRaftLogWorker.java:<init>(189)) - new 67a302da-c3a9-4d3b-a81a-6dae531b3b12@group-5B64B89C4C6D-SegmentedRaftLogWorker for RaftStorageImpl:Storage Directory /home/runner/work/ozone/ozone/hadoop-ozone/integration-test/target/test-dir/MiniOzoneClusterImpl-5d34faf9-8c61-4fd7-9f59-d81d67eb328e/datanode-0/data/ratis/b4b129b6-713e-4f76-840d-5b64b89c4c6d
2023-03-16 20:06:43,473 [pool-484-thread-1] INFO  server.RaftServerConfigKeys (ConfUtils.java:logGet(46)) - raft.server.log.queue.byte-limit = 4294967296 (custom)
2023-03-16 20:06:43,473 [pool-484-thread-1] INFO  server.RaftServerConfigKeys (ConfUtils.java:logGet(46)) - raft.server.log.queue.element-limit = 1024 (custom)
2023-03-16 20:06:43,473 [pool-484-thread-1] INFO  server.RaftServerConfigKeys (ConfUtils.java:logGet(46)) - raft.server.log.segment.size.max = 1048576 (custom)
2023-03-16 20:06:43,474 [pool-484-thread-1] INFO  server.RaftServerConfigKeys (ConfUtils.java:logGet(46)) - raft.server.log.preallocated.size = 16384 (custom)
2023-03-16 20:06:43,474 [pool-484-thread-1] INFO  server.RaftServerConfigKeys (ConfUtils.java:logGet(46)) - raft.server.log.force.sync.num = 128 (default)
2023-03-16 20:06:43,474 [pool-484-thread-1] INFO  server.RaftServerConfigKeys (ConfUtils.java:logGet(46)) - raft.server.log.statemachine.data.sync = true (default)
2023-03-16 20:06:43,474 [pool-484-thread-1] INFO  server.RaftServerConfigKeys (ConfUtils.java:logGet(46)) - raft.server.log.statemachine.data.sync.timeout = 10s (default)
2023-03-16 20:06:43,474 [pool-484-thread-1] INFO  server.RaftServerConfigKeys (ConfUtils.java:logGet(46)) - raft.server.log.statemachine.data.sync.timeout.retry = -1 (default)
2023-03-16 20:06:43,474 [pool-484-thread-1] INFO  server.RaftServerConfigKeys (ConfUtils.java:logGet(46)) - raft.server.log.write.buffer.size = 1048576 (custom)
2023-03-16 20:06:43,475 [pool-484-thread-1] INFO  server.RaftServerConfigKeys (ConfUtils.java:logGet(46)) - raft.server.log.appender.buffer.byte-limit = 33554432 (custom)
2023-03-16 20:06:43,483 [pool-484-thread-1] INFO  server.RaftServerConfigKeys (ConfUtils.java:logGet(46)) - raft.server.log.unsafe-flush.enabled = false (default)
2023-03-16 20:06:43,483 [pool-484-thread-1] INFO  server.RaftServerConfigKeys (ConfUtils.java:logGet(46)) - raft.server.log.async-flush.enabled = false (default)
2023-03-16 20:06:43,483 [pool-484-thread-1] INFO  server.RaftServerConfigKeys (ConfUtils.java:logGet(46)) - raft.server.log.statemachine.data.caching.enabled = true (custom)
2023-03-16 20:06:43,483 [pool-484-thread-1] INFO  segmented.SegmentedRaftLogWorker (SegmentedRaftLogWorker.java:lambda$new$0(135)) - 67a302da-c3a9-4d3b-a81a-6dae531b3b12@group-5B64B89C4C6D-SegmentedRaftLogWorker: flushIndex: setUnconditionally 0 -> -1
2023-03-16 20:06:43,483 [pool-484-thread-1] INFO  segmented.SegmentedRaftLogWorker (SegmentedRaftLogWorker.java:lambda$new$0(135)) - 67a302da-c3a9-4d3b-a81a-6dae531b3b12@group-5B64B89C4C6D-SegmentedRaftLogWorker: safeCacheEvictIndex: setUnconditionally 0 -> -1
2023-03-16 20:06:43,485 [pool-484-thread-1] INFO  server.RaftServer$Division (RaftServerImpl.java:start(334)) - 67a302da-c3a9-4d3b-a81a-6dae531b3b12@group-5B64B89C4C6D: start as a follower, conf=-1: peers:[af19ea06-4a72-4e8e-a05a-645e0b93ca6c|rpc:10.1.0.41:43583|dataStream:10.1.0.41:40505|priority:0|startupRole:FOLLOWER, 682b4d9c-96c0-4a75-8400-2841f36046f6|rpc:10.1.0.41:43675|dataStream:10.1.0.41:39721|priority:1|startupRole:FOLLOWER, 67a302da-c3a9-4d3b-a81a-6dae531b3b12|rpc:10.1.0.41:36435|dataStream:10.1.0.41:33407|priority:0|startupRole:FOLLOWER]|listeners:[], old=null
2023-03-16 20:06:43,485 [pool-484-thread-1] INFO  server.RaftServer$Division (RaftServerImpl.java:setRole(321)) - 67a302da-c3a9-4d3b-a81a-6dae531b3b12@group-5B64B89C4C6D: changes role from      null to FOLLOWER at term 0 for startAsFollower
2023-03-16 20:06:43,485 [pool-484-thread-1] INFO  impl.RoleInfo (RoleInfo.java:updateAndGet(139)) - 67a302da-c3a9-4d3b-a81a-6dae531b3b12: start 67a302da-c3a9-4d3b-a81a-6dae531b3b12@group-5B64B89C4C6D-FollowerState
2023-03-16 20:06:43,489 [pool-484-thread-1] INFO  util.JmxRegister (JmxRegister.java:tryRegister(44)) - Successfully registered JMX Bean with object name Ratis:service=RaftServer,group=group-5B64B89C4C6D,id=67a302da-c3a9-4d3b-a81a-6dae531b3b12
2023-03-16 20:06:43,489 [pool-484-thread-1] INFO  server.RaftServerConfigKeys (ConfUtils.java:logGet(46)) - raft.server.snapshot.auto.trigger.enabled = true (custom)
2023-03-16 20:06:43,489 [pool-484-thread-1] INFO  server.RaftServerConfigKeys (ConfUtils.java:logGet(46)) - raft.server.snapshot.auto.trigger.threshold = 10000 (custom)
2023-03-16 20:06:43,489 [pool-484-thread-1] INFO  server.RaftServerConfigKeys (ConfUtils.java:logGet(46)) - raft.server.snapshot.retention.file.num = 5 (custom)
2023-03-16 20:06:43,489 [pool-484-thread-1] INFO  server.RaftServerConfigKeys (ConfUtils.java:logGet(46)) - raft.server.log.purge.upto.snapshot.index = false (default)
2023-03-16 20:06:43,490 [67a302da-c3a9-4d3b-a81a-6dae531b3b12@group-5B64B89C4C6D-FollowerState] INFO  server.RaftServerConfigKeys (ConfUtils.java:logFallback(53)) - raft.server.rpc.first-election.timeout.min = 5s (fallback to raft.server.rpc.timeout.min)
2023-03-16 20:06:43,490 [67a302da-c3a9-4d3b-a81a-6dae531b3b12@group-5B64B89C4C6D-FollowerState] INFO  server.RaftServerConfigKeys (ConfUtils.java:logFallback(53)) - raft.server.rpc.first-election.timeout.max = 5200ms (fallback to raft.server.rpc.timeout.max)
2023-03-16 20:06:43,490 [Command processor thread] INFO  ratis.XceiverServerRatis (XceiverServerRatis.java:addGroup(807)) - Created group PipelineID=b4b129b6-713e-4f76-840d-5b64b89c4c6d
2023-03-16 20:06:43,506 [grpc-default-executor-0] INFO  server.RaftServer (RaftServerProxy.java:addNew(96)) - 682b4d9c-96c0-4a75-8400-2841f36046f6: addNew group-5B64B89C4C6D:[af19ea06-4a72-4e8e-a05a-645e0b93ca6c|rpc:10.1.0.41:43583|dataStream:10.1.0.41:40505|priority:0|startupRole:FOLLOWER, 682b4d9c-96c0-4a75-8400-2841f36046f6|rpc:10.1.0.41:43675|dataStream:10.1.0.41:39721|priority:1|startupRole:FOLLOWER, 67a302da-c3a9-4d3b-a81a-6dae531b3b12|rpc:10.1.0.41:36435|dataStream:10.1.0.41:33407|priority:0|startupRole:FOLLOWER] returns group-5B64B89C4C6D:java.util.concurrent.CompletableFuture@4e82c743[Not completed]
2023-03-16 20:06:43,507 [pool-506-thread-1] INFO  server.RaftServer$Division (RaftServerImpl.java:<init>(195)) - 682b4d9c-96c0-4a75-8400-2841f36046f6: new RaftServerImpl for group-5B64B89C4C6D:[af19ea06-4a72-4e8e-a05a-645e0b93ca6c|rpc:10.1.0.41:43583|dataStream:10.1.0.41:40505|priority:0|startupRole:FOLLOWER, 682b4d9c-96c0-4a75-8400-2841f36046f6|rpc:10.1.0.41:43675|dataStream:10.1.0.41:39721|priority:1|startupRole:FOLLOWER, 67a302da-c3a9-4d3b-a81a-6dae531b3b12|rpc:10.1.0.41:36435|dataStream:10.1.0.41:33407|priority:0|startupRole:FOLLOWER] with ContainerStateMachine:uninitialized
2023-03-16 20:06:43,507 [pool-506-thread-1] INFO  server.RaftServerConfigKeys (ConfUtils.java:logGet(46)) - raft.server.rpc.timeout.min = 5s (custom)
2023-03-16 20:06:43,507 [pool-506-thread-1] INFO  server.RaftServerConfigKeys (ConfUtils.java:logGet(46)) - raft.server.rpc.timeout.max = 5200ms (custom)
2023-03-16 20:06:43,507 [pool-506-thread-1] INFO  server.RaftServerConfigKeys (ConfUtils.java:logGet(46)) - raft.server.rpc.sleep.time = 25ms (default)
2023-03-16 20:06:43,508 [pool-506-thread-1] INFO  server.RaftServerConfigKeys (ConfUtils.java:logGet(46)) - raft.server.rpc.slowness.timeout = 300s (custom)
2023-03-16 20:06:43,508 [pool-506-thread-1] INFO  server.RaftServerConfigKeys (ConfUtils.java:logGet(46)) - raft.server.leaderelection.leader.step-down.wait-time = 10s (default)
2023-03-16 20:06:43,508 [pool-506-thread-1] INFO  server.RaftServerConfigKeys (ConfUtils.java:logGet(46)) - raft.server.sleep.deviation.threshold = 300ms (default)
2023-03-16 20:06:43,508 [pool-506-thread-1] INFO  server.RaftServer$Division (ServerState.java:<init>(118)) - 682b4d9c-96c0-4a75-8400-2841f36046f6@group-5B64B89C4C6D: ConfigurationManager, init=-1: peers:[af19ea06-4a72-4e8e-a05a-645e0b93ca6c|rpc:10.1.0.41:43583|dataStream:10.1.0.41:40505|priority:0|startupRole:FOLLOWER, 682b4d9c-96c0-4a75-8400-2841f36046f6|rpc:10.1.0.41:43675|dataStream:10.1.0.41:39721|priority:1|startupRole:FOLLOWER, 67a302da-c3a9-4d3b-a81a-6dae531b3b12|rpc:10.1.0.41:36435|dataStream:10.1.0.41:33407|priority:0|startupRole:FOLLOWER]|listeners:[], old=null, confs=<EMPTY_MAP>
2023-03-16 20:06:43,508 [pool-506-thread-1] INFO  server.RaftServerConfigKeys (ConfUtils.java:logGet(46)) - raft.server.storage.dir = [/home/runner/work/ozone/ozone/hadoop-ozone/integration-test/target/test-dir/MiniOzoneClusterImpl-5d34faf9-8c61-4fd7-9f59-d81d67eb328e/datanode-1/data/ratis] (custom)
2023-03-16 20:06:43,508 [pool-506-thread-1] INFO  server.RaftServerConfigKeys (ConfUtils.java:logGet(46)) - raft.server.log.corruption.policy = EXCEPTION (default)
2023-03-16 20:06:43,508 [pool-506-thread-1] INFO  server.RaftServerConfigKeys (ConfUtils.java:logGet(46)) - raft.server.storage.free-space.min = 0MB (=0) (default)
2023-03-16 20:06:43,508 [pool-506-thread-1] INFO  server.RaftServerConfigKeys (ConfUtils.java:logGet(46)) - raft.server.notification.no-leader.timeout = 300s (custom)
2023-03-16 20:06:43,508 [pool-506-thread-1] INFO  server.RaftServerConfigKeys (ConfUtils.java:logGet(46)) - raft.server.retrycache.expirytime = 600000ms (custom)
2023-03-16 20:06:43,508 [pool-506-thread-1] INFO  server.RaftServerConfigKeys (ConfUtils.java:logGet(46)) - raft.server.retrycache.statistics.expirytime = 100μs (default)
2023-03-16 20:06:43,510 [pool-506-thread-1] INFO  server.RaftServerConfigKeys (ConfUtils.java:logGet(46)) - raft.server.log.appender.install.snapshot.enabled = false (custom)
2023-03-16 20:06:43,510 [pool-506-thread-1] INFO  server.RaftServerConfigKeys (ConfUtils.java:logGet(46)) - raft.server.threadpool.server.cached = true (default)
2023-03-16 20:06:43,510 [pool-506-thread-1] INFO  server.RaftServerConfigKeys (ConfUtils.java:logGet(46)) - raft.server.threadpool.server.size = 0 (default)
2023-03-16 20:06:43,510 [pool-506-thread-1] INFO  server.RaftServerConfigKeys (ConfUtils.java:logGet(46)) - raft.server.threadpool.client.cached = true (default)
2023-03-16 20:06:43,510 [pool-506-thread-1] INFO  server.RaftServerConfigKeys (ConfUtils.java:logGet(46)) - raft.server.threadpool.client.size = 0 (default)
2023-03-16 20:06:43,510 [pool-506-thread-1] INFO  storage.RaftStorageDirectory (RaftStorageDirectoryImpl.java:analyzeStorage(137)) - The storage directory /home/runner/work/ozone/ozone/hadoop-ozone/integration-test/target/test-dir/MiniOzoneClusterImpl-5d34faf9-8c61-4fd7-9f59-d81d67eb328e/datanode-1/data/ratis/b4b129b6-713e-4f76-840d-5b64b89c4c6d does not exist. Creating ...
2023-03-16 20:06:43,512 [pool-506-thread-1] INFO  storage.RaftStorageDirectory (RaftStorageDirectoryImpl.java:tryLock(231)) - Lock on /home/runner/work/ozone/ozone/hadoop-ozone/integration-test/target/test-dir/MiniOzoneClusterImpl-5d34faf9-8c61-4fd7-9f59-d81d67eb328e/datanode-1/data/ratis/b4b129b6-713e-4f76-840d-5b64b89c4c6d/in_use.lock acquired by nodename 79287@fv-az371-917
2023-03-16 20:06:43,515 [pool-506-thread-1] INFO  storage.RaftStorage (RaftStorageImpl.java:format(96)) - Storage directory /home/runner/work/ozone/ozone/hadoop-ozone/integration-test/target/test-dir/MiniOzoneClusterImpl-5d34faf9-8c61-4fd7-9f59-d81d67eb328e/datanode-1/data/ratis/b4b129b6-713e-4f76-840d-5b64b89c4c6d has been successfully formatted.
2023-03-16 20:06:43,518 [pool-506-thread-1] INFO  ratis.ContainerStateMachine (ContainerStateMachine.java:loadSnapshot(262)) - group-5B64B89C4C6D: The snapshot info is null. Setting the last applied indexto:(t:0, i:~)
2023-03-16 20:06:43,518 [pool-506-thread-1] INFO  server.RaftServerConfigKeys (ConfUtils.java:logGet(46)) - raft.server.log.use.memory = false (default)
2023-03-16 20:06:43,518 [pool-506-thread-1] INFO  server.RaftServerConfigKeys (ConfUtils.java:logGet(46)) - raft.server.log.purge.gap = 1000000 (custom)
2023-03-16 20:06:43,518 [pool-506-thread-1] INFO  server.RaftServerConfigKeys (ConfUtils.java:logGet(46)) - raft.server.log.appender.buffer.byte-limit = 33554432 (custom)
2023-03-16 20:06:43,518 [pool-506-thread-1] INFO  server.RaftServerConfigKeys (ConfUtils.java:logGet(46)) - raft.server.log.statemachine.data.read.timeout = 1000ms (default)
2023-03-16 20:06:43,518 [pool-506-thread-1] INFO  server.RaftServerConfigKeys (ConfUtils.java:logGet(46)) - raft.server.log.purge.preservation.log.num = 0 (default)
2023-03-16 20:06:43,519 [pool-506-thread-1] INFO  server.RaftServerConfigKeys (ConfUtils.java:logGet(46)) - raft.server.log.segment.size.max = 1048576 (custom)
2023-03-16 20:06:43,519 [pool-506-thread-1] INFO  server.RaftServerConfigKeys (ConfUtils.java:logGet(46)) - raft.server.log.segment.cache.num.max = 2 (custom)
2023-03-16 20:06:43,519 [pool-506-thread-1] INFO  server.RaftServerConfigKeys (ConfUtils.java:logGet(46)) - raft.server.log.segment.cache.size.max = 200MB (=209715200) (default)
2023-03-16 20:06:43,519 [pool-506-thread-1] INFO  segmented.SegmentedRaftLogWorker (SegmentedRaftLogWorker.java:<init>(189)) - new 682b4d9c-96c0-4a75-8400-2841f36046f6@group-5B64B89C4C6D-SegmentedRaftLogWorker for RaftStorageImpl:Storage Directory /home/runner/work/ozone/ozone/hadoop-ozone/integration-test/target/test-dir/MiniOzoneClusterImpl-5d34faf9-8c61-4fd7-9f59-d81d67eb328e/datanode-1/data/ratis/b4b129b6-713e-4f76-840d-5b64b89c4c6d
2023-03-16 20:06:43,520 [pool-506-thread-1] INFO  server.RaftServerConfigKeys (ConfUtils.java:logGet(46)) - raft.server.log.queue.byte-limit = 4294967296 (custom)
2023-03-16 20:06:43,520 [pool-506-thread-1] INFO  server.RaftServerConfigKeys (ConfUtils.java:logGet(46)) - raft.server.log.queue.element-limit = 1024 (custom)
2023-03-16 20:06:43,520 [pool-506-thread-1] INFO  server.RaftServerConfigKeys (ConfUtils.java:logGet(46)) - raft.server.log.segment.size.max = 1048576 (custom)
2023-03-16 20:06:43,520 [pool-506-thread-1] INFO  server.RaftServerConfigKeys (ConfUtils.java:logGet(46)) - raft.server.log.preallocated.size = 16384 (custom)
2023-03-16 20:06:43,520 [pool-506-thread-1] INFO  server.RaftServerConfigKeys (ConfUtils.java:logGet(46)) - raft.server.log.force.sync.num = 128 (default)
2023-03-16 20:06:43,520 [pool-506-thread-1] INFO  server.RaftServerConfigKeys (ConfUtils.java:logGet(46)) - raft.server.log.statemachine.data.sync = true (default)
2023-03-16 20:06:43,520 [pool-506-thread-1] INFO  server.RaftServerConfigKeys (ConfUtils.java:logGet(46)) - raft.server.log.statemachine.data.sync.timeout = 10s (default)
2023-03-16 20:06:43,520 [pool-506-thread-1] INFO  server.RaftServerConfigKeys (ConfUtils.java:logGet(46)) - raft.server.log.statemachine.data.sync.timeout.retry = -1 (default)
2023-03-16 20:06:43,521 [pool-506-thread-1] INFO  server.RaftServerConfigKeys (ConfUtils.java:logGet(46)) - raft.server.log.write.buffer.size = 1048576 (custom)
2023-03-16 20:06:43,522 [pool-506-thread-1] INFO  server.RaftServerConfigKeys (ConfUtils.java:logGet(46)) - raft.server.log.appender.buffer.byte-limit = 33554432 (custom)
2023-03-16 20:06:43,531 [pool-506-thread-1] INFO  server.RaftServerConfigKeys (ConfUtils.java:logGet(46)) - raft.server.log.unsafe-flush.enabled = false (default)
2023-03-16 20:06:43,532 [pool-506-thread-1] INFO  server.RaftServerConfigKeys (ConfUtils.java:logGet(46)) - raft.server.log.async-flush.enabled = false (default)
2023-03-16 20:06:43,532 [pool-506-thread-1] INFO  server.RaftServerConfigKeys (ConfUtils.java:logGet(46)) - raft.server.log.statemachine.data.caching.enabled = true (custom)
2023-03-16 20:06:43,532 [pool-506-thread-1] INFO  segmented.SegmentedRaftLogWorker (SegmentedRaftLogWorker.java:lambda$new$0(135)) - 682b4d9c-96c0-4a75-8400-2841f36046f6@group-5B64B89C4C6D-SegmentedRaftLogWorker: flushIndex: setUnconditionally 0 -> -1
2023-03-16 20:06:43,532 [pool-506-thread-1] INFO  segmented.SegmentedRaftLogWorker (SegmentedRaftLogWorker.java:lambda$new$0(135)) - 682b4d9c-96c0-4a75-8400-2841f36046f6@group-5B64B89C4C6D-SegmentedRaftLogWorker: safeCacheEvictIndex: setUnconditionally 0 -> -1
2023-03-16 20:06:43,533 [pool-506-thread-1] INFO  server.RaftServer$Division (RaftServerImpl.java:start(334)) - 682b4d9c-96c0-4a75-8400-2841f36046f6@group-5B64B89C4C6D: start as a follower, conf=-1: peers:[af19ea06-4a72-4e8e-a05a-645e0b93ca6c|rpc:10.1.0.41:43583|dataStream:10.1.0.41:40505|priority:0|startupRole:FOLLOWER, 682b4d9c-96c0-4a75-8400-2841f36046f6|rpc:10.1.0.41:43675|dataStream:10.1.0.41:39721|priority:1|startupRole:FOLLOWER, 67a302da-c3a9-4d3b-a81a-6dae531b3b12|rpc:10.1.0.41:36435|dataStream:10.1.0.41:33407|priority:0|startupRole:FOLLOWER]|listeners:[], old=null
2023-03-16 20:06:43,533 [pool-506-thread-1] INFO  server.RaftServer$Division (RaftServerImpl.java:setRole(321)) - 682b4d9c-96c0-4a75-8400-2841f36046f6@group-5B64B89C4C6D: changes role from      null to FOLLOWER at term 0 for startAsFollower
2023-03-16 20:06:43,533 [pool-506-thread-1] INFO  impl.RoleInfo (RoleInfo.java:updateAndGet(139)) - 682b4d9c-96c0-4a75-8400-2841f36046f6: start 682b4d9c-96c0-4a75-8400-2841f36046f6@group-5B64B89C4C6D-FollowerState
2023-03-16 20:06:43,533 [682b4d9c-96c0-4a75-8400-2841f36046f6@group-5B64B89C4C6D-FollowerState] INFO  server.RaftServerConfigKeys (ConfUtils.java:logFallback(53)) - raft.server.rpc.first-election.timeout.min = 5s (fallback to raft.server.rpc.timeout.min)
2023-03-16 20:06:43,533 [pool-506-thread-1] INFO  util.JmxRegister (JmxRegister.java:tryRegister(44)) - Successfully registered JMX Bean with object name Ratis:service=RaftServer,group=group-5B64B89C4C6D,id=682b4d9c-96c0-4a75-8400-2841f36046f6
2023-03-16 20:06:43,533 [682b4d9c-96c0-4a75-8400-2841f36046f6@group-5B64B89C4C6D-FollowerState] INFO  server.RaftServerConfigKeys (ConfUtils.java:logFallback(53)) - raft.server.rpc.first-election.timeout.max = 5200ms (fallback to raft.server.rpc.timeout.max)
2023-03-16 20:06:43,533 [pool-506-thread-1] INFO  server.RaftServerConfigKeys (ConfUtils.java:logGet(46)) - raft.server.snapshot.auto.trigger.enabled = true (custom)
2023-03-16 20:06:43,534 [pool-506-thread-1] INFO  server.RaftServerConfigKeys (ConfUtils.java:logGet(46)) - raft.server.snapshot.auto.trigger.threshold = 10000 (custom)
2023-03-16 20:06:43,534 [pool-506-thread-1] INFO  server.RaftServerConfigKeys (ConfUtils.java:logGet(46)) - raft.server.snapshot.retention.file.num = 5 (custom)
2023-03-16 20:06:43,534 [pool-506-thread-1] INFO  server.RaftServerConfigKeys (ConfUtils.java:logGet(46)) - raft.server.log.purge.upto.snapshot.index = false (default)
2023-03-16 20:06:43,556 [grpc-default-executor-0] INFO  server.RaftServer (RaftServerProxy.java:addNew(96)) - af19ea06-4a72-4e8e-a05a-645e0b93ca6c: addNew group-5B64B89C4C6D:[af19ea06-4a72-4e8e-a05a-645e0b93ca6c|rpc:10.1.0.41:43583|dataStream:10.1.0.41:40505|priority:0|startupRole:FOLLOWER, 682b4d9c-96c0-4a75-8400-2841f36046f6|rpc:10.1.0.41:43675|dataStream:10.1.0.41:39721|priority:1|startupRole:FOLLOWER, 67a302da-c3a9-4d3b-a81a-6dae531b3b12|rpc:10.1.0.41:36435|dataStream:10.1.0.41:33407|priority:0|startupRole:FOLLOWER] returns group-5B64B89C4C6D:java.util.concurrent.CompletableFuture@153d64c5[Not completed]
2023-03-16 20:06:43,560 [pool-528-thread-1] INFO  server.RaftServer$Division (RaftServerImpl.java:<init>(195)) - af19ea06-4a72-4e8e-a05a-645e0b93ca6c: new RaftServerImpl for group-5B64B89C4C6D:[af19ea06-4a72-4e8e-a05a-645e0b93ca6c|rpc:10.1.0.41:43583|dataStream:10.1.0.41:40505|priority:0|startupRole:FOLLOWER, 682b4d9c-96c0-4a75-8400-2841f36046f6|rpc:10.1.0.41:43675|dataStream:10.1.0.41:39721|priority:1|startupRole:FOLLOWER, 67a302da-c3a9-4d3b-a81a-6dae531b3b12|rpc:10.1.0.41:36435|dataStream:10.1.0.41:33407|priority:0|startupRole:FOLLOWER] with ContainerStateMachine:uninitialized
2023-03-16 20:06:43,560 [pool-528-thread-1] INFO  server.RaftServerConfigKeys (ConfUtils.java:logGet(46)) - raft.server.rpc.timeout.min = 5s (custom)
2023-03-16 20:06:43,560 [pool-528-thread-1] INFO  server.RaftServerConfigKeys (ConfUtils.java:logGet(46)) - raft.server.rpc.timeout.max = 5200ms (custom)
2023-03-16 20:06:43,560 [pool-528-thread-1] INFO  server.RaftServerConfigKeys (ConfUtils.java:logGet(46)) - raft.server.rpc.sleep.time = 25ms (default)
2023-03-16 20:06:43,560 [pool-528-thread-1] INFO  server.RaftServerConfigKeys (ConfUtils.java:logGet(46)) - raft.server.rpc.slowness.timeout = 300s (custom)
2023-03-16 20:06:43,560 [pool-528-thread-1] INFO  server.RaftServerConfigKeys (ConfUtils.java:logGet(46)) - raft.server.leaderelection.leader.step-down.wait-time = 10s (default)
2023-03-16 20:06:43,560 [pool-528-thread-1] INFO  server.RaftServerConfigKeys (ConfUtils.java:logGet(46)) - raft.server.sleep.deviation.threshold = 300ms (default)
2023-03-16 20:06:43,560 [pool-528-thread-1] INFO  server.RaftServer$Division (ServerState.java:<init>(118)) - af19ea06-4a72-4e8e-a05a-645e0b93ca6c@group-5B64B89C4C6D: ConfigurationManager, init=-1: peers:[af19ea06-4a72-4e8e-a05a-645e0b93ca6c|rpc:10.1.0.41:43583|dataStream:10.1.0.41:40505|priority:0|startupRole:FOLLOWER, 682b4d9c-96c0-4a75-8400-2841f36046f6|rpc:10.1.0.41:43675|dataStream:10.1.0.41:39721|priority:1|startupRole:FOLLOWER, 67a302da-c3a9-4d3b-a81a-6dae531b3b12|rpc:10.1.0.41:36435|dataStream:10.1.0.41:33407|priority:0|startupRole:FOLLOWER]|listeners:[], old=null, confs=<EMPTY_MAP>
2023-03-16 20:06:43,560 [pool-528-thread-1] INFO  server.RaftServerConfigKeys (ConfUtils.java:logGet(46)) - raft.server.storage.dir = [/home/runner/work/ozone/ozone/hadoop-ozone/integration-test/target/test-dir/MiniOzoneClusterImpl-5d34faf9-8c61-4fd7-9f59-d81d67eb328e/datanode-2/data/ratis] (custom)
2023-03-16 20:06:43,560 [pool-528-thread-1] INFO  server.RaftServerConfigKeys (ConfUtils.java:logGet(46)) - raft.server.log.corruption.policy = EXCEPTION (default)
2023-03-16 20:06:43,561 [pool-528-thread-1] INFO  server.RaftServerConfigKeys (ConfUtils.java:logGet(46)) - raft.server.storage.free-space.min = 0MB (=0) (default)
2023-03-16 20:06:43,561 [pool-528-thread-1] INFO  server.RaftServerConfigKeys (ConfUtils.java:logGet(46)) - raft.server.notification.no-leader.timeout = 300s (custom)
2023-03-16 20:06:43,561 [pool-528-thread-1] INFO  server.RaftServerConfigKeys (ConfUtils.java:logGet(46)) - raft.server.retrycache.expirytime = 600000ms (custom)
2023-03-16 20:06:43,562 [pool-528-thread-1] INFO  server.RaftServerConfigKeys (ConfUtils.java:logGet(46)) - raft.server.retrycache.statistics.expirytime = 100μs (default)
2023-03-16 20:06:43,563 [pool-528-thread-1] INFO  server.RaftServerConfigKeys (ConfUtils.java:logGet(46)) - raft.server.log.appender.install.snapshot.enabled = false (custom)
2023-03-16 20:06:43,563 [pool-528-thread-1] INFO  server.RaftServerConfigKeys (ConfUtils.java:logGet(46)) - raft.server.threadpool.server.cached = true (default)
2023-03-16 20:06:43,563 [pool-528-thread-1] INFO  server.RaftServerConfigKeys (ConfUtils.java:logGet(46)) - raft.server.threadpool.server.size = 0 (default)
2023-03-16 20:06:43,563 [pool-528-thread-1] INFO  server.RaftServerConfigKeys (ConfUtils.java:logGet(46)) - raft.server.threadpool.client.cached = true (default)
2023-03-16 20:06:43,563 [pool-528-thread-1] INFO  server.RaftServerConfigKeys (ConfUtils.java:logGet(46)) - raft.server.threadpool.client.size = 0 (default)
2023-03-16 20:06:43,564 [pool-528-thread-1] INFO  storage.RaftStorageDirectory (RaftStorageDirectoryImpl.java:analyzeStorage(137)) - The storage directory /home/runner/work/ozone/ozone/hadoop-ozone/integration-test/target/test-dir/MiniOzoneClusterImpl-5d34faf9-8c61-4fd7-9f59-d81d67eb328e/datanode-2/data/ratis/b4b129b6-713e-4f76-840d-5b64b89c4c6d does not exist. Creating ...
2023-03-16 20:06:43,565 [pool-528-thread-1] INFO  storage.RaftStorageDirectory (RaftStorageDirectoryImpl.java:tryLock(231)) - Lock on /home/runner/work/ozone/ozone/hadoop-ozone/integration-test/target/test-dir/MiniOzoneClusterImpl-5d34faf9-8c61-4fd7-9f59-d81d67eb328e/datanode-2/data/ratis/b4b129b6-713e-4f76-840d-5b64b89c4c6d/in_use.lock acquired by nodename 79287@fv-az371-917
2023-03-16 20:06:43,566 [pool-528-thread-1] INFO  storage.RaftStorage (RaftStorageImpl.java:format(96)) - Storage directory /home/runner/work/ozone/ozone/hadoop-ozone/integration-test/target/test-dir/MiniOzoneClusterImpl-5d34faf9-8c61-4fd7-9f59-d81d67eb328e/datanode-2/data/ratis/b4b129b6-713e-4f76-840d-5b64b89c4c6d has been successfully formatted.
2023-03-16 20:06:43,568 [pool-528-thread-1] INFO  ratis.ContainerStateMachine (ContainerStateMachine.java:loadSnapshot(262)) - group-5B64B89C4C6D: The snapshot info is null. Setting the last applied indexto:(t:0, i:~)
2023-03-16 20:06:43,568 [pool-528-thread-1] INFO  server.RaftServerConfigKeys (ConfUtils.java:logGet(46)) - raft.server.log.use.memory = false (default)
2023-03-16 20:06:43,568 [pool-528-thread-1] INFO  server.RaftServerConfigKeys (ConfUtils.java:logGet(46)) - raft.server.log.purge.gap = 1000000 (custom)
2023-03-16 20:06:43,569 [pool-528-thread-1] INFO  server.RaftServerConfigKeys (ConfUtils.java:logGet(46)) - raft.server.log.appender.buffer.byte-limit = 33554432 (custom)
2023-03-16 20:06:43,570 [pool-528-thread-1] INFO  server.RaftServerConfigKeys (ConfUtils.java:logGet(46)) - raft.server.log.statemachine.data.read.timeout = 1000ms (default)
2023-03-16 20:06:43,570 [pool-528-thread-1] INFO  server.RaftServerConfigKeys (ConfUtils.java:logGet(46)) - raft.server.log.purge.preservation.log.num = 0 (default)
2023-03-16 20:06:43,570 [pool-528-thread-1] INFO  server.RaftServerConfigKeys (ConfUtils.java:logGet(46)) - raft.server.log.segment.size.max = 1048576 (custom)
2023-03-16 20:06:43,570 [pool-528-thread-1] INFO  server.RaftServerConfigKeys (ConfUtils.java:logGet(46)) - raft.server.log.segment.cache.num.max = 2 (custom)
2023-03-16 20:06:43,572 [pool-528-thread-1] INFO  server.RaftServerConfigKeys (ConfUtils.java:logGet(46)) - raft.server.log.segment.cache.size.max = 200MB (=209715200) (default)
2023-03-16 20:06:43,572 [pool-528-thread-1] INFO  segmented.SegmentedRaftLogWorker (SegmentedRaftLogWorker.java:<init>(189)) - new af19ea06-4a72-4e8e-a05a-645e0b93ca6c@group-5B64B89C4C6D-SegmentedRaftLogWorker for RaftStorageImpl:Storage Directory /home/runner/work/ozone/ozone/hadoop-ozone/integration-test/target/test-dir/MiniOzoneClusterImpl-5d34faf9-8c61-4fd7-9f59-d81d67eb328e/datanode-2/data/ratis/b4b129b6-713e-4f76-840d-5b64b89c4c6d
2023-03-16 20:06:43,573 [pool-528-thread-1] INFO  server.RaftServerConfigKeys (ConfUtils.java:logGet(46)) - raft.server.log.queue.byte-limit = 4294967296 (custom)
2023-03-16 20:06:43,573 [pool-528-thread-1] INFO  server.RaftServerConfigKeys (ConfUtils.java:logGet(46)) - raft.server.log.queue.element-limit = 1024 (custom)
2023-03-16 20:06:43,573 [pool-528-thread-1] INFO  server.RaftServerConfigKeys (ConfUtils.java:logGet(46)) - raft.server.log.segment.size.max = 1048576 (custom)
2023-03-16 20:06:43,573 [pool-528-thread-1] INFO  server.RaftServerConfigKeys (ConfUtils.java:logGet(46)) - raft.server.log.preallocated.size = 16384 (custom)
2023-03-16 20:06:43,573 [pool-528-thread-1] INFO  server.RaftServerConfigKeys (ConfUtils.java:logGet(46)) - raft.server.log.force.sync.num = 128 (default)
2023-03-16 20:06:43,573 [pool-528-thread-1] INFO  server.RaftServerConfigKeys (ConfUtils.java:logGet(46)) - raft.server.log.statemachine.data.sync = true (default)
2023-03-16 20:06:43,573 [pool-528-thread-1] INFO  server.RaftServerConfigKeys (ConfUtils.java:logGet(46)) - raft.server.log.statemachine.data.sync.timeout = 10s (default)
2023-03-16 20:06:43,573 [pool-528-thread-1] INFO  server.RaftServerConfigKeys (ConfUtils.java:logGet(46)) - raft.server.log.statemachine.data.sync.timeout.retry = -1 (default)
2023-03-16 20:06:43,574 [pool-528-thread-1] INFO  server.RaftServerConfigKeys (ConfUtils.java:logGet(46)) - raft.server.log.write.buffer.size = 1048576 (custom)
2023-03-16 20:06:43,574 [pool-528-thread-1] INFO  server.RaftServerConfigKeys (ConfUtils.java:logGet(46)) - raft.server.log.appender.buffer.byte-limit = 33554432 (custom)
2023-03-16 20:06:43,584 [pool-528-thread-1] INFO  server.RaftServerConfigKeys (ConfUtils.java:logGet(46)) - raft.server.log.unsafe-flush.enabled = false (default)
2023-03-16 20:06:43,584 [pool-528-thread-1] INFO  server.RaftServerConfigKeys (ConfUtils.java:logGet(46)) - raft.server.log.async-flush.enabled = false (default)
2023-03-16 20:06:43,584 [pool-528-thread-1] INFO  server.RaftServerConfigKeys (ConfUtils.java:logGet(46)) - raft.server.log.statemachine.data.caching.enabled = true (custom)
2023-03-16 20:06:43,585 [pool-528-thread-1] INFO  segmented.SegmentedRaftLogWorker (SegmentedRaftLogWorker.java:lambda$new$0(135)) - af19ea06-4a72-4e8e-a05a-645e0b93ca6c@group-5B64B89C4C6D-SegmentedRaftLogWorker: flushIndex: setUnconditionally 0 -> -1
2023-03-16 20:06:43,585 [pool-528-thread-1] INFO  segmented.SegmentedRaftLogWorker (SegmentedRaftLogWorker.java:lambda$new$0(135)) - af19ea06-4a72-4e8e-a05a-645e0b93ca6c@group-5B64B89C4C6D-SegmentedRaftLogWorker: safeCacheEvictIndex: setUnconditionally 0 -> -1
2023-03-16 20:06:43,589 [pool-528-thread-1] INFO  server.RaftServer$Division (RaftServerImpl.java:start(334)) - af19ea06-4a72-4e8e-a05a-645e0b93ca6c@group-5B64B89C4C6D: start as a follower, conf=-1: peers:[af19ea06-4a72-4e8e-a05a-645e0b93ca6c|rpc:10.1.0.41:43583|dataStream:10.1.0.41:40505|priority:0|startupRole:FOLLOWER, 682b4d9c-96c0-4a75-8400-2841f36046f6|rpc:10.1.0.41:43675|dataStream:10.1.0.41:39721|priority:1|startupRole:FOLLOWER, 67a302da-c3a9-4d3b-a81a-6dae531b3b12|rpc:10.1.0.41:36435|dataStream:10.1.0.41:33407|priority:0|startupRole:FOLLOWER]|listeners:[], old=null
2023-03-16 20:06:43,589 [pool-528-thread-1] INFO  server.RaftServer$Division (RaftServerImpl.java:setRole(321)) - af19ea06-4a72-4e8e-a05a-645e0b93ca6c@group-5B64B89C4C6D: changes role from      null to FOLLOWER at term 0 for startAsFollower
2023-03-16 20:06:43,590 [pool-528-thread-1] INFO  impl.RoleInfo (RoleInfo.java:updateAndGet(139)) - af19ea06-4a72-4e8e-a05a-645e0b93ca6c: start af19ea06-4a72-4e8e-a05a-645e0b93ca6c@group-5B64B89C4C6D-FollowerState
2023-03-16 20:06:43,594 [pool-528-thread-1] INFO  util.JmxRegister (JmxRegister.java:tryRegister(44)) - Successfully registered JMX Bean with object name Ratis:service=RaftServer,group=group-5B64B89C4C6D,id=af19ea06-4a72-4e8e-a05a-645e0b93ca6c
2023-03-16 20:06:43,594 [pool-528-thread-1] INFO  server.RaftServerConfigKeys (ConfUtils.java:logGet(46)) - raft.server.snapshot.auto.trigger.enabled = true (custom)
2023-03-16 20:06:43,595 [pool-528-thread-1] INFO  server.RaftServerConfigKeys (ConfUtils.java:logGet(46)) - raft.server.snapshot.auto.trigger.threshold = 10000 (custom)
2023-03-16 20:06:43,595 [pool-528-thread-1] INFO  server.RaftServerConfigKeys (ConfUtils.java:logGet(46)) - raft.server.snapshot.retention.file.num = 5 (custom)
2023-03-16 20:06:43,595 [pool-528-thread-1] INFO  server.RaftServerConfigKeys (ConfUtils.java:logGet(46)) - raft.server.log.purge.upto.snapshot.index = false (default)
2023-03-16 20:06:43,596 [af19ea06-4a72-4e8e-a05a-645e0b93ca6c@group-5B64B89C4C6D-FollowerState] INFO  server.RaftServerConfigKeys (ConfUtils.java:logFallback(53)) - raft.server.rpc.first-election.timeout.min = 5s (fallback to raft.server.rpc.timeout.min)
2023-03-16 20:06:43,596 [af19ea06-4a72-4e8e-a05a-645e0b93ca6c@group-5B64B89C4C6D-FollowerState] INFO  server.RaftServerConfigKeys (ConfUtils.java:logFallback(53)) - raft.server.rpc.first-election.timeout.max = 5200ms (fallback to raft.server.rpc.timeout.max)
2023-03-16 20:06:43,606 [Command processor thread] INFO  commandhandler.CreatePipelineCommandHandler (CreatePipelineCommandHandler.java:handle(113)) - Created Pipeline RATIS THREE PipelineID=b4b129b6-713e-4f76-840d-5b64b89c4c6d.
2023-03-16 20:06:43,607 [Command processor thread] INFO  server.RaftServer (RaftServerProxy.java:addNew(96)) - 67a302da-c3a9-4d3b-a81a-6dae531b3b12: addNew group-31A52953E0B4:[af19ea06-4a72-4e8e-a05a-645e0b93ca6c|rpc:10.1.0.41:43583|dataStream:10.1.0.41:40505|priority:0|startupRole:FOLLOWER, 682b4d9c-96c0-4a75-8400-2841f36046f6|rpc:10.1.0.41:43675|dataStream:10.1.0.41:39721|priority:0|startupRole:FOLLOWER, 67a302da-c3a9-4d3b-a81a-6dae531b3b12|rpc:10.1.0.41:36435|dataStream:10.1.0.41:33407|priority:1|startupRole:FOLLOWER] returns group-31A52953E0B4:java.util.concurrent.CompletableFuture@36f5f715[Not completed]
2023-03-16 20:06:43,608 [pool-484-thread-1] INFO  server.RaftServer$Division (RaftServerImpl.java:<init>(195)) - 67a302da-c3a9-4d3b-a81a-6dae531b3b12: new RaftServerImpl for group-31A52953E0B4:[af19ea06-4a72-4e8e-a05a-645e0b93ca6c|rpc:10.1.0.41:43583|dataStream:10.1.0.41:40505|priority:0|startupRole:FOLLOWER, 682b4d9c-96c0-4a75-8400-2841f36046f6|rpc:10.1.0.41:43675|dataStream:10.1.0.41:39721|priority:0|startupRole:FOLLOWER, 67a302da-c3a9-4d3b-a81a-6dae531b3b12|rpc:10.1.0.41:36435|dataStream:10.1.0.41:33407|priority:1|startupRole:FOLLOWER] with ContainerStateMachine:uninitialized
2023-03-16 20:06:43,608 [pool-484-thread-1] INFO  server.RaftServerConfigKeys (ConfUtils.java:logGet(46)) - raft.server.rpc.timeout.min = 5s (custom)
2023-03-16 20:06:43,608 [pool-484-thread-1] INFO  server.RaftServerConfigKeys (ConfUtils.java:logGet(46)) - raft.server.rpc.timeout.max = 5200ms (custom)
2023-03-16 20:06:43,608 [pool-484-thread-1] INFO  server.RaftServerConfigKeys (ConfUtils.java:logGet(46)) - raft.server.rpc.sleep.time = 25ms (default)
2023-03-16 20:06:43,608 [pool-484-thread-1] INFO  server.RaftServerConfigKeys (ConfUtils.java:logGet(46)) - raft.server.rpc.slowness.timeout = 300s (custom)
2023-03-16 20:06:43,608 [pool-484-thread-1] INFO  server.RaftServerConfigKeys (ConfUtils.java:logGet(46)) - raft.server.leaderelection.leader.step-down.wait-time = 10s (default)
2023-03-16 20:06:43,608 [pool-484-thread-1] INFO  server.RaftServerConfigKeys (ConfUtils.java:logGet(46)) - raft.server.sleep.deviation.threshold = 300ms (default)
2023-03-16 20:06:43,608 [pool-484-thread-1] INFO  server.RaftServer$Division (ServerState.java:<init>(118)) - 67a302da-c3a9-4d3b-a81a-6dae531b3b12@group-31A52953E0B4: ConfigurationManager, init=-1: peers:[af19ea06-4a72-4e8e-a05a-645e0b93ca6c|rpc:10.1.0.41:43583|dataStream:10.1.0.41:40505|priority:0|startupRole:FOLLOWER, 682b4d9c-96c0-4a75-8400-2841f36046f6|rpc:10.1.0.41:43675|dataStream:10.1.0.41:39721|priority:0|startupRole:FOLLOWER, 67a302da-c3a9-4d3b-a81a-6dae531b3b12|rpc:10.1.0.41:36435|dataStream:10.1.0.41:33407|priority:1|startupRole:FOLLOWER]|listeners:[], old=null, confs=<EMPTY_MAP>
2023-03-16 20:06:43,608 [pool-484-thread-1] INFO  server.RaftServerConfigKeys (ConfUtils.java:logGet(46)) - raft.server.storage.dir = [/home/runner/work/ozone/ozone/hadoop-ozone/integration-test/target/test-dir/MiniOzoneClusterImpl-5d34faf9-8c61-4fd7-9f59-d81d67eb328e/datanode-0/data/ratis] (custom)
2023-03-16 20:06:43,609 [pool-484-thread-1] INFO  server.RaftServerConfigKeys (ConfUtils.java:logGet(46)) - raft.server.log.corruption.policy = EXCEPTION (default)
2023-03-16 20:06:43,609 [pool-484-thread-1] INFO  server.RaftServerConfigKeys (ConfUtils.java:logGet(46)) - raft.server.storage.free-space.min = 0MB (=0) (default)
2023-03-16 20:06:43,609 [pool-484-thread-1] INFO  server.RaftServerConfigKeys (ConfUtils.java:logGet(46)) - raft.server.notification.no-leader.timeout = 300s (custom)
2023-03-16 20:06:43,609 [pool-484-thread-1] INFO  server.RaftServerConfigKeys (ConfUtils.java:logGet(46)) - raft.server.retrycache.expirytime = 600000ms (custom)
2023-03-16 20:06:43,609 [pool-484-thread-1] INFO  server.RaftServerConfigKeys (ConfUtils.java:logGet(46)) - raft.server.retrycache.statistics.expirytime = 100μs (default)
2023-03-16 20:06:43,610 [pool-484-thread-1] INFO  server.RaftServerConfigKeys (ConfUtils.java:logGet(46)) - raft.server.log.appender.install.snapshot.enabled = false (custom)
2023-03-16 20:06:43,610 [pool-484-thread-1] INFO  server.RaftServerConfigKeys (ConfUtils.java:logGet(46)) - raft.server.threadpool.server.cached = true (default)
2023-03-16 20:06:43,610 [pool-484-thread-1] INFO  server.RaftServerConfigKeys (ConfUtils.java:logGet(46)) - raft.server.threadpool.server.size = 0 (default)
2023-03-16 20:06:43,611 [pool-484-thread-1] INFO  server.RaftServerConfigKeys (ConfUtils.java:logGet(46)) - raft.server.threadpool.client.cached = true (default)
2023-03-16 20:06:43,611 [pool-484-thread-1] INFO  server.RaftServerConfigKeys (ConfUtils.java:logGet(46)) - raft.server.threadpool.client.size = 0 (default)
2023-03-16 20:06:43,611 [pool-484-thread-1] INFO  storage.RaftStorageDirectory (RaftStorageDirectoryImpl.java:analyzeStorage(137)) - The storage directory /home/runner/work/ozone/ozone/hadoop-ozone/integration-test/target/test-dir/MiniOzoneClusterImpl-5d34faf9-8c61-4fd7-9f59-d81d67eb328e/datanode-0/data/ratis/3bd437f4-2eb8-4100-bc7e-31a52953e0b4 does not exist. Creating ...
2023-03-16 20:06:43,614 [pool-484-thread-1] INFO  storage.RaftStorageDirectory (RaftStorageDirectoryImpl.java:tryLock(231)) - Lock on /home/runner/work/ozone/ozone/hadoop-ozone/integration-test/target/test-dir/MiniOzoneClusterImpl-5d34faf9-8c61-4fd7-9f59-d81d67eb328e/datanode-0/data/ratis/3bd437f4-2eb8-4100-bc7e-31a52953e0b4/in_use.lock acquired by nodename 79287@fv-az371-917
2023-03-16 20:06:43,619 [pool-484-thread-1] INFO  storage.RaftStorage (RaftStorageImpl.java:format(96)) - Storage directory /home/runner/work/ozone/ozone/hadoop-ozone/integration-test/target/test-dir/MiniOzoneClusterImpl-5d34faf9-8c61-4fd7-9f59-d81d67eb328e/datanode-0/data/ratis/3bd437f4-2eb8-4100-bc7e-31a52953e0b4 has been successfully formatted.
2023-03-16 20:06:43,620 [pool-484-thread-1] INFO  ratis.ContainerStateMachine (ContainerStateMachine.java:loadSnapshot(262)) - group-31A52953E0B4: The snapshot info is null. Setting the last applied indexto:(t:0, i:~)
2023-03-16 20:06:43,620 [pool-484-thread-1] INFO  server.RaftServerConfigKeys (ConfUtils.java:logGet(46)) - raft.server.log.use.memory = false (default)
2023-03-16 20:06:43,620 [pool-484-thread-1] INFO  server.RaftServerConfigKeys (ConfUtils.java:logGet(46)) - raft.server.log.purge.gap = 1000000 (custom)
2023-03-16 20:06:43,620 [pool-484-thread-1] INFO  server.RaftServerConfigKeys (ConfUtils.java:logGet(46)) - raft.server.log.appender.buffer.byte-limit = 33554432 (custom)
2023-03-16 20:06:43,620 [pool-484-thread-1] INFO  server.RaftServerConfigKeys (ConfUtils.java:logGet(46)) - raft.server.log.statemachine.data.read.timeout = 1000ms (default)
2023-03-16 20:06:43,621 [pool-484-thread-1] INFO  server.RaftServerConfigKeys (ConfUtils.java:logGet(46)) - raft.server.log.purge.preservation.log.num = 0 (default)
2023-03-16 20:06:43,621 [EventQueue-OpenPipelineForHealthyPipelineSafeModeRule] INFO  safemode.SCMSafeModeManager (HealthyPipelineSafeModeRule.java:process(137)) - SCM in safe mode. Healthy pipelines reported count is 0, required healthy pipeline reported count is 1
2023-03-16 20:06:43,621 [pool-484-thread-1] INFO  server.RaftServerConfigKeys (ConfUtils.java:logGet(46)) - raft.server.log.segment.size.max = 1048576 (custom)
2023-03-16 20:06:43,622 [pool-484-thread-1] INFO  server.RaftServerConfigKeys (ConfUtils.java:logGet(46)) - raft.server.log.segment.cache.num.max = 2 (custom)
2023-03-16 20:06:43,622 [pool-484-thread-1] INFO  server.RaftServerConfigKeys (ConfUtils.java:logGet(46)) - raft.server.log.segment.cache.size.max = 200MB (=209715200) (default)
2023-03-16 20:06:43,622 [pool-484-thread-1] INFO  segmented.SegmentedRaftLogWorker (SegmentedRaftLogWorker.java:<init>(189)) - new 67a302da-c3a9-4d3b-a81a-6dae531b3b12@group-31A52953E0B4-SegmentedRaftLogWorker for RaftStorageImpl:Storage Directory /home/runner/work/ozone/ozone/hadoop-ozone/integration-test/target/test-dir/MiniOzoneClusterImpl-5d34faf9-8c61-4fd7-9f59-d81d67eb328e/datanode-0/data/ratis/3bd437f4-2eb8-4100-bc7e-31a52953e0b4
2023-03-16 20:06:43,622 [pool-484-thread-1] INFO  server.RaftServerConfigKeys (ConfUtils.java:logGet(46)) - raft.server.log.queue.byte-limit = 4294967296 (custom)
2023-03-16 20:06:43,622 [pool-484-thread-1] INFO  server.RaftServerConfigKeys (ConfUtils.java:logGet(46)) - raft.server.log.queue.element-limit = 1024 (custom)
2023-03-16 20:06:43,622 [pool-484-thread-1] INFO  server.RaftServerConfigKeys (ConfUtils.java:logGet(46)) - raft.server.log.segment.size.max = 1048576 (custom)
2023-03-16 20:06:43,622 [pool-484-thread-1] INFO  server.RaftServerConfigKeys (ConfUtils.java:logGet(46)) - raft.server.log.preallocated.size = 16384 (custom)
2023-03-16 20:06:43,623 [pool-484-thread-1] INFO  server.RaftServerConfigKeys (ConfUtils.java:logGet(46)) - raft.server.log.force.sync.num = 128 (default)
2023-03-16 20:06:43,624 [pool-484-thread-1] INFO  server.RaftServerConfigKeys (ConfUtils.java:logGet(46)) - raft.server.log.statemachine.data.sync = true (default)
2023-03-16 20:06:43,624 [pool-484-thread-1] INFO  server.RaftServerConfigKeys (ConfUtils.java:logGet(46)) - raft.server.log.statemachine.data.sync.timeout = 10s (default)
2023-03-16 20:06:43,624 [pool-484-thread-1] INFO  server.RaftServerConfigKeys (ConfUtils.java:logGet(46)) - raft.server.log.statemachine.data.sync.timeout.retry = -1 (default)
2023-03-16 20:06:43,624 [pool-484-thread-1] INFO  server.RaftServerConfigKeys (ConfUtils.java:logGet(46)) - raft.server.log.write.buffer.size = 1048576 (custom)
2023-03-16 20:06:43,626 [pool-484-thread-1] INFO  server.RaftServerConfigKeys (ConfUtils.java:logGet(46)) - raft.server.log.appender.buffer.byte-limit = 33554432 (custom)
2023-03-16 20:06:43,635 [pool-484-thread-1] INFO  server.RaftServerConfigKeys (ConfUtils.java:logGet(46)) - raft.server.log.unsafe-flush.enabled = false (default)
2023-03-16 20:06:43,635 [pool-484-thread-1] INFO  server.RaftServerConfigKeys (ConfUtils.java:logGet(46)) - raft.server.log.async-flush.enabled = false (default)
2023-03-16 20:06:43,636 [pool-484-thread-1] INFO  server.RaftServerConfigKeys (ConfUtils.java:logGet(46)) - raft.server.log.statemachine.data.caching.enabled = true (custom)
2023-03-16 20:06:43,636 [pool-484-thread-1] INFO  segmented.SegmentedRaftLogWorker (SegmentedRaftLogWorker.java:lambda$new$0(135)) - 67a302da-c3a9-4d3b-a81a-6dae531b3b12@group-31A52953E0B4-SegmentedRaftLogWorker: flushIndex: setUnconditionally 0 -> -1
2023-03-16 20:06:43,636 [pool-484-thread-1] INFO  segmented.SegmentedRaftLogWorker (SegmentedRaftLogWorker.java:lambda$new$0(135)) - 67a302da-c3a9-4d3b-a81a-6dae531b3b12@group-31A52953E0B4-SegmentedRaftLogWorker: safeCacheEvictIndex: setUnconditionally 0 -> -1
2023-03-16 20:06:43,636 [pool-484-thread-1] INFO  server.RaftServer$Division (RaftServerImpl.java:start(334)) - 67a302da-c3a9-4d3b-a81a-6dae531b3b12@group-31A52953E0B4: start as a follower, conf=-1: peers:[af19ea06-4a72-4e8e-a05a-645e0b93ca6c|rpc:10.1.0.41:43583|dataStream:10.1.0.41:40505|priority:0|startupRole:FOLLOWER, 682b4d9c-96c0-4a75-8400-2841f36046f6|rpc:10.1.0.41:43675|dataStream:10.1.0.41:39721|priority:0|startupRole:FOLLOWER, 67a302da-c3a9-4d3b-a81a-6dae531b3b12|rpc:10.1.0.41:36435|dataStream:10.1.0.41:33407|priority:1|startupRole:FOLLOWER]|listeners:[], old=null
2023-03-16 20:06:43,637 [pool-484-thread-1] INFO  server.RaftServer$Division (RaftServerImpl.java:setRole(321)) - 67a302da-c3a9-4d3b-a81a-6dae531b3b12@group-31A52953E0B4: changes role from      null to FOLLOWER at term 0 for startAsFollower
2023-03-16 20:06:43,637 [pool-484-thread-1] INFO  impl.RoleInfo (RoleInfo.java:updateAndGet(139)) - 67a302da-c3a9-4d3b-a81a-6dae531b3b12: start 67a302da-c3a9-4d3b-a81a-6dae531b3b12@group-31A52953E0B4-FollowerState
2023-03-16 20:06:43,637 [pool-484-thread-1] INFO  util.JmxRegister (JmxRegister.java:tryRegister(44)) - Successfully registered JMX Bean with object name Ratis:service=RaftServer,group=group-31A52953E0B4,id=67a302da-c3a9-4d3b-a81a-6dae531b3b12
2023-03-16 20:06:43,637 [pool-484-thread-1] INFO  server.RaftServerConfigKeys (ConfUtils.java:logGet(46)) - raft.server.snapshot.auto.trigger.enabled = true (custom)
2023-03-16 20:06:43,637 [pool-484-thread-1] INFO  server.RaftServerConfigKeys (ConfUtils.java:logGet(46)) - raft.server.snapshot.auto.trigger.threshold = 10000 (custom)
2023-03-16 20:06:43,638 [pool-484-thread-1] INFO  server.RaftServerConfigKeys (ConfUtils.java:logGet(46)) - raft.server.snapshot.retention.file.num = 5 (custom)
2023-03-16 20:06:43,638 [pool-484-thread-1] INFO  server.RaftServerConfigKeys (ConfUtils.java:logGet(46)) - raft.server.log.purge.upto.snapshot.index = false (default)
2023-03-16 20:06:43,638 [67a302da-c3a9-4d3b-a81a-6dae531b3b12@group-31A52953E0B4-FollowerState] INFO  server.RaftServerConfigKeys (ConfUtils.java:logFallback(53)) - raft.server.rpc.first-election.timeout.min = 5s (fallback to raft.server.rpc.timeout.min)
2023-03-16 20:06:43,638 [67a302da-c3a9-4d3b-a81a-6dae531b3b12@group-31A52953E0B4-FollowerState] INFO  server.RaftServerConfigKeys (ConfUtils.java:logFallback(53)) - raft.server.rpc.first-election.timeout.max = 5200ms (fallback to raft.server.rpc.timeout.max)
2023-03-16 20:06:43,639 [Command processor thread] INFO  ratis.XceiverServerRatis (XceiverServerRatis.java:addGroup(807)) - Created group PipelineID=3bd437f4-2eb8-4100-bc7e-31a52953e0b4
2023-03-16 20:06:43,661 [grpc-default-executor-0] INFO  server.RaftServer (RaftServerProxy.java:addNew(96)) - 682b4d9c-96c0-4a75-8400-2841f36046f6: addNew group-31A52953E0B4:[af19ea06-4a72-4e8e-a05a-645e0b93ca6c|rpc:10.1.0.41:43583|dataStream:10.1.0.41:40505|priority:0|startupRole:FOLLOWER, 682b4d9c-96c0-4a75-8400-2841f36046f6|rpc:10.1.0.41:43675|dataStream:10.1.0.41:39721|priority:0|startupRole:FOLLOWER, 67a302da-c3a9-4d3b-a81a-6dae531b3b12|rpc:10.1.0.41:36435|dataStream:10.1.0.41:33407|priority:1|startupRole:FOLLOWER] returns group-31A52953E0B4:java.util.concurrent.CompletableFuture@122f2aee[Not completed]
2023-03-16 20:06:43,662 [pool-506-thread-1] INFO  server.RaftServer$Division (RaftServerImpl.java:<init>(195)) - 682b4d9c-96c0-4a75-8400-2841f36046f6: new RaftServerImpl for group-31A52953E0B4:[af19ea06-4a72-4e8e-a05a-645e0b93ca6c|rpc:10.1.0.41:43583|dataStream:10.1.0.41:40505|priority:0|startupRole:FOLLOWER, 682b4d9c-96c0-4a75-8400-2841f36046f6|rpc:10.1.0.41:43675|dataStream:10.1.0.41:39721|priority:0|startupRole:FOLLOWER, 67a302da-c3a9-4d3b-a81a-6dae531b3b12|rpc:10.1.0.41:36435|dataStream:10.1.0.41:33407|priority:1|startupRole:FOLLOWER] with ContainerStateMachine:uninitialized
2023-03-16 20:06:43,662 [pool-506-thread-1] INFO  server.RaftServerConfigKeys (ConfUtils.java:logGet(46)) - raft.server.rpc.timeout.min = 5s (custom)
2023-03-16 20:06:43,662 [pool-506-thread-1] INFO  server.RaftServerConfigKeys (ConfUtils.java:logGet(46)) - raft.server.rpc.timeout.max = 5200ms (custom)
2023-03-16 20:06:43,662 [pool-506-thread-1] INFO  server.RaftServerConfigKeys (ConfUtils.java:logGet(46)) - raft.server.rpc.sleep.time = 25ms (default)
2023-03-16 20:06:43,662 [pool-506-thread-1] INFO  server.RaftServerConfigKeys (ConfUtils.java:logGet(46)) - raft.server.rpc.slowness.timeout = 300s (custom)
2023-03-16 20:06:43,662 [pool-506-thread-1] INFO  server.RaftServerConfigKeys (ConfUtils.java:logGet(46)) - raft.server.leaderelection.leader.step-down.wait-time = 10s (default)
2023-03-16 20:06:43,662 [pool-506-thread-1] INFO  server.RaftServerConfigKeys (ConfUtils.java:logGet(46)) - raft.server.sleep.deviation.threshold = 300ms (default)
2023-03-16 20:06:43,663 [pool-506-thread-1] INFO  server.RaftServer$Division (ServerState.java:<init>(118)) - 682b4d9c-96c0-4a75-8400-2841f36046f6@group-31A52953E0B4: ConfigurationManager, init=-1: peers:[af19ea06-4a72-4e8e-a05a-645e0b93ca6c|rpc:10.1.0.41:43583|dataStream:10.1.0.41:40505|priority:0|startupRole:FOLLOWER, 682b4d9c-96c0-4a75-8400-2841f36046f6|rpc:10.1.0.41:43675|dataStream:10.1.0.41:39721|priority:0|startupRole:FOLLOWER, 67a302da-c3a9-4d3b-a81a-6dae531b3b12|rpc:10.1.0.41:36435|dataStream:10.1.0.41:33407|priority:1|startupRole:FOLLOWER]|listeners:[], old=null, confs=<EMPTY_MAP>
2023-03-16 20:06:43,663 [pool-506-thread-1] INFO  server.RaftServerConfigKeys (ConfUtils.java:logGet(46)) - raft.server.storage.dir = [/home/runner/work/ozone/ozone/hadoop-ozone/integration-test/target/test-dir/MiniOzoneClusterImpl-5d34faf9-8c61-4fd7-9f59-d81d67eb328e/datanode-1/data/ratis] (custom)
2023-03-16 20:06:43,663 [pool-506-thread-1] INFO  server.RaftServerConfigKeys (ConfUtils.java:logGet(46)) - raft.server.log.corruption.policy = EXCEPTION (default)
2023-03-16 20:06:43,663 [pool-506-thread-1] INFO  server.RaftServerConfigKeys (ConfUtils.java:logGet(46)) - raft.server.storage.free-space.min = 0MB (=0) (default)
2023-03-16 20:06:43,663 [pool-506-thread-1] INFO  server.RaftServerConfigKeys (ConfUtils.java:logGet(46)) - raft.server.notification.no-leader.timeout = 300s (custom)
2023-03-16 20:06:43,663 [pool-506-thread-1] INFO  server.RaftServerConfigKeys (ConfUtils.java:logGet(46)) - raft.server.retrycache.expirytime = 600000ms (custom)
2023-03-16 20:06:43,663 [pool-506-thread-1] INFO  server.RaftServerConfigKeys (ConfUtils.java:logGet(46)) - raft.server.retrycache.statistics.expirytime = 100μs (default)
2023-03-16 20:06:43,664 [pool-506-thread-1] INFO  server.RaftServerConfigKeys (ConfUtils.java:logGet(46)) - raft.server.log.appender.install.snapshot.enabled = false (custom)
2023-03-16 20:06:43,664 [pool-506-thread-1] INFO  server.RaftServerConfigKeys (ConfUtils.java:logGet(46)) - raft.server.threadpool.server.cached = true (default)
2023-03-16 20:06:43,664 [pool-506-thread-1] INFO  server.RaftServerConfigKeys (ConfUtils.java:logGet(46)) - raft.server.threadpool.server.size = 0 (default)
2023-03-16 20:06:43,664 [pool-506-thread-1] INFO  server.RaftServerConfigKeys (ConfUtils.java:logGet(46)) - raft.server.threadpool.client.cached = true (default)
2023-03-16 20:06:43,664 [pool-506-thread-1] INFO  server.RaftServerConfigKeys (ConfUtils.java:logGet(46)) - raft.server.threadpool.client.size = 0 (default)
2023-03-16 20:06:43,664 [pool-506-thread-1] INFO  storage.RaftStorageDirectory (RaftStorageDirectoryImpl.java:analyzeStorage(137)) - The storage directory /home/runner/work/ozone/ozone/hadoop-ozone/integration-test/target/test-dir/MiniOzoneClusterImpl-5d34faf9-8c61-4fd7-9f59-d81d67eb328e/datanode-1/data/ratis/3bd437f4-2eb8-4100-bc7e-31a52953e0b4 does not exist. Creating ...
2023-03-16 20:06:43,667 [pool-506-thread-1] INFO  storage.RaftStorageDirectory (RaftStorageDirectoryImpl.java:tryLock(231)) - Lock on /home/runner/work/ozone/ozone/hadoop-ozone/integration-test/target/test-dir/MiniOzoneClusterImpl-5d34faf9-8c61-4fd7-9f59-d81d67eb328e/datanode-1/data/ratis/3bd437f4-2eb8-4100-bc7e-31a52953e0b4/in_use.lock acquired by nodename 79287@fv-az371-917
2023-03-16 20:06:43,668 [pool-506-thread-1] INFO  storage.RaftStorage (RaftStorageImpl.java:format(96)) - Storage directory /home/runner/work/ozone/ozone/hadoop-ozone/integration-test/target/test-dir/MiniOzoneClusterImpl-5d34faf9-8c61-4fd7-9f59-d81d67eb328e/datanode-1/data/ratis/3bd437f4-2eb8-4100-bc7e-31a52953e0b4 has been successfully formatted.
2023-03-16 20:06:43,669 [pool-506-thread-1] INFO  ratis.ContainerStateMachine (ContainerStateMachine.java:loadSnapshot(262)) - group-31A52953E0B4: The snapshot info is null. Setting the last applied indexto:(t:0, i:~)
2023-03-16 20:06:43,670 [pool-506-thread-1] INFO  server.RaftServerConfigKeys (ConfUtils.java:logGet(46)) - raft.server.log.use.memory = false (default)
2023-03-16 20:06:43,670 [pool-506-thread-1] INFO  server.RaftServerConfigKeys (ConfUtils.java:logGet(46)) - raft.server.log.purge.gap = 1000000 (custom)
2023-03-16 20:06:43,670 [pool-506-thread-1] INFO  server.RaftServerConfigKeys (ConfUtils.java:logGet(46)) - raft.server.log.appender.buffer.byte-limit = 33554432 (custom)
2023-03-16 20:06:43,670 [pool-506-thread-1] INFO  server.RaftServerConfigKeys (ConfUtils.java:logGet(46)) - raft.server.log.statemachine.data.read.timeout = 1000ms (default)
2023-03-16 20:06:43,670 [pool-506-thread-1] INFO  server.RaftServerConfigKeys (ConfUtils.java:logGet(46)) - raft.server.log.purge.preservation.log.num = 0 (default)
2023-03-16 20:06:43,670 [pool-506-thread-1] INFO  server.RaftServerConfigKeys (ConfUtils.java:logGet(46)) - raft.server.log.segment.size.max = 1048576 (custom)
2023-03-16 20:06:43,670 [pool-506-thread-1] INFO  server.RaftServerConfigKeys (ConfUtils.java:logGet(46)) - raft.server.log.segment.cache.num.max = 2 (custom)
2023-03-16 20:06:43,671 [pool-506-thread-1] INFO  server.RaftServerConfigKeys (ConfUtils.java:logGet(46)) - raft.server.log.segment.cache.size.max = 200MB (=209715200) (default)
2023-03-16 20:06:43,671 [pool-506-thread-1] INFO  segmented.SegmentedRaftLogWorker (SegmentedRaftLogWorker.java:<init>(189)) - new 682b4d9c-96c0-4a75-8400-2841f36046f6@group-31A52953E0B4-SegmentedRaftLogWorker for RaftStorageImpl:Storage Directory /home/runner/work/ozone/ozone/hadoop-ozone/integration-test/target/test-dir/MiniOzoneClusterImpl-5d34faf9-8c61-4fd7-9f59-d81d67eb328e/datanode-1/data/ratis/3bd437f4-2eb8-4100-bc7e-31a52953e0b4
2023-03-16 20:06:43,671 [pool-506-thread-1] INFO  server.RaftServerConfigKeys (ConfUtils.java:logGet(46)) - raft.server.log.queue.byte-limit = 4294967296 (custom)
2023-03-16 20:06:43,671 [pool-506-thread-1] INFO  server.RaftServerConfigKeys (ConfUtils.java:logGet(46)) - raft.server.log.queue.element-limit = 1024 (custom)
2023-03-16 20:06:43,671 [pool-506-thread-1] INFO  server.RaftServerConfigKeys (ConfUtils.java:logGet(46)) - raft.server.log.segment.size.max = 1048576 (custom)
2023-03-16 20:06:43,671 [pool-506-thread-1] INFO  server.RaftServerConfigKeys (ConfUtils.java:logGet(46)) - raft.server.log.preallocated.size = 16384 (custom)
2023-03-16 20:06:43,671 [pool-506-thread-1] INFO  server.RaftServerConfigKeys (ConfUtils.java:logGet(46)) - raft.server.log.force.sync.num = 128 (default)
2023-03-16 20:06:43,671 [pool-506-thread-1] INFO  server.RaftServerConfigKeys (ConfUtils.java:logGet(46)) - raft.server.log.statemachine.data.sync = true (default)
2023-03-16 20:06:43,671 [pool-506-thread-1] INFO  server.RaftServerConfigKeys (ConfUtils.java:logGet(46)) - raft.server.log.statemachine.data.sync.timeout = 10s (default)
2023-03-16 20:06:43,671 [pool-506-thread-1] INFO  server.RaftServerConfigKeys (ConfUtils.java:logGet(46)) - raft.server.log.statemachine.data.sync.timeout.retry = -1 (default)
2023-03-16 20:06:43,672 [pool-506-thread-1] INFO  server.RaftServerConfigKeys (ConfUtils.java:logGet(46)) - raft.server.log.write.buffer.size = 1048576 (custom)
2023-03-16 20:06:43,673 [pool-506-thread-1] INFO  server.RaftServerConfigKeys (ConfUtils.java:logGet(46)) - raft.server.log.appender.buffer.byte-limit = 33554432 (custom)
2023-03-16 20:06:43,809 [pool-506-thread-1] INFO  server.RaftServerConfigKeys (ConfUtils.java:logGet(46)) - raft.server.log.unsafe-flush.enabled = false (default)
2023-03-16 20:06:43,809 [pool-506-thread-1] INFO  server.RaftServerConfigKeys (ConfUtils.java:logGet(46)) - raft.server.log.async-flush.enabled = false (default)
2023-03-16 20:06:43,809 [pool-506-thread-1] INFO  server.RaftServerConfigKeys (ConfUtils.java:logGet(46)) - raft.server.log.statemachine.data.caching.enabled = true (custom)
2023-03-16 20:06:43,810 [pool-506-thread-1] INFO  segmented.SegmentedRaftLogWorker (SegmentedRaftLogWorker.java:lambda$new$0(135)) - 682b4d9c-96c0-4a75-8400-2841f36046f6@group-31A52953E0B4-SegmentedRaftLogWorker: flushIndex: setUnconditionally 0 -> -1
2023-03-16 20:06:43,810 [pool-506-thread-1] INFO  segmented.SegmentedRaftLogWorker (SegmentedRaftLogWorker.java:lambda$new$0(135)) - 682b4d9c-96c0-4a75-8400-2841f36046f6@group-31A52953E0B4-SegmentedRaftLogWorker: safeCacheEvictIndex: setUnconditionally 0 -> -1
2023-03-16 20:06:43,810 [pool-506-thread-1] INFO  server.RaftServer$Division (RaftServerImpl.java:start(334)) - 682b4d9c-96c0-4a75-8400-2841f36046f6@group-31A52953E0B4: start as a follower, conf=-1: peers:[af19ea06-4a72-4e8e-a05a-645e0b93ca6c|rpc:10.1.0.41:43583|dataStream:10.1.0.41:40505|priority:0|startupRole:FOLLOWER, 682b4d9c-96c0-4a75-8400-2841f36046f6|rpc:10.1.0.41:43675|dataStream:10.1.0.41:39721|priority:0|startupRole:FOLLOWER, 67a302da-c3a9-4d3b-a81a-6dae531b3b12|rpc:10.1.0.41:36435|dataStream:10.1.0.41:33407|priority:1|startupRole:FOLLOWER]|listeners:[], old=null
2023-03-16 20:06:43,810 [pool-506-thread-1] INFO  server.RaftServer$Division (RaftServerImpl.java:setRole(321)) - 682b4d9c-96c0-4a75-8400-2841f36046f6@group-31A52953E0B4: changes role from      null to FOLLOWER at term 0 for startAsFollower
2023-03-16 20:06:43,810 [pool-506-thread-1] INFO  impl.RoleInfo (RoleInfo.java:updateAndGet(139)) - 682b4d9c-96c0-4a75-8400-2841f36046f6: start 682b4d9c-96c0-4a75-8400-2841f36046f6@group-31A52953E0B4-FollowerState
2023-03-16 20:06:43,816 [pool-506-thread-1] INFO  util.JmxRegister (JmxRegister.java:tryRegister(44)) - Successfully registered JMX Bean with object name Ratis:service=RaftServer,group=group-31A52953E0B4,id=682b4d9c-96c0-4a75-8400-2841f36046f6
2023-03-16 20:06:43,816 [pool-506-thread-1] INFO  server.RaftServerConfigKeys (ConfUtils.java:logGet(46)) - raft.server.snapshot.auto.trigger.enabled = true (custom)
2023-03-16 20:06:43,816 [pool-506-thread-1] INFO  server.RaftServerConfigKeys (ConfUtils.java:logGet(46)) - raft.server.snapshot.auto.trigger.threshold = 10000 (custom)
2023-03-16 20:06:43,816 [pool-506-thread-1] INFO  server.RaftServerConfigKeys (ConfUtils.java:logGet(46)) - raft.server.snapshot.retention.file.num = 5 (custom)
2023-03-16 20:06:43,816 [pool-506-thread-1] INFO  server.RaftServerConfigKeys (ConfUtils.java:logGet(46)) - raft.server.log.purge.upto.snapshot.index = false (default)
2023-03-16 20:06:43,826 [682b4d9c-96c0-4a75-8400-2841f36046f6@group-31A52953E0B4-FollowerState] INFO  server.RaftServerConfigKeys (ConfUtils.java:logFallback(53)) - raft.server.rpc.first-election.timeout.min = 5s (fallback to raft.server.rpc.timeout.min)
2023-03-16 20:06:43,826 [682b4d9c-96c0-4a75-8400-2841f36046f6@group-31A52953E0B4-FollowerState] INFO  server.RaftServerConfigKeys (ConfUtils.java:logFallback(53)) - raft.server.rpc.first-election.timeout.max = 5200ms (fallback to raft.server.rpc.timeout.max)
2023-03-16 20:06:43,828 [Finalizer] WARN  managed.ManagedRocksObjectUtils (ManagedRocksObjectUtils.java:assertClosed(54)) - ManagedColumnFamilyOptions is not closed properly
2023-03-16 20:06:43,828 [Finalizer] WARN  managed.ManagedRocksObjectUtils (ManagedRocksObjectUtils.java:assertClosed(54)) - RocksIterator is not closed properly
2023-03-16 20:06:43,846 [grpc-default-executor-0] INFO  server.RaftServer (RaftServerProxy.java:addNew(96)) - af19ea06-4a72-4e8e-a05a-645e0b93ca6c: addNew group-31A52953E0B4:[af19ea06-4a72-4e8e-a05a-645e0b93ca6c|rpc:10.1.0.41:43583|dataStream:10.1.0.41:40505|priority:0|startupRole:FOLLOWER, 682b4d9c-96c0-4a75-8400-2841f36046f6|rpc:10.1.0.41:43675|dataStream:10.1.0.41:39721|priority:0|startupRole:FOLLOWER, 67a302da-c3a9-4d3b-a81a-6dae531b3b12|rpc:10.1.0.41:36435|dataStream:10.1.0.41:33407|priority:1|startupRole:FOLLOWER] returns group-31A52953E0B4:java.util.concurrent.CompletableFuture@42d5b2c7[Not completed]
2023-03-16 20:06:43,847 [pool-528-thread-1] INFO  server.RaftServer$Division (RaftServerImpl.java:<init>(195)) - af19ea06-4a72-4e8e-a05a-645e0b93ca6c: new RaftServerImpl for group-31A52953E0B4:[af19ea06-4a72-4e8e-a05a-645e0b93ca6c|rpc:10.1.0.41:43583|dataStream:10.1.0.41:40505|priority:0|startupRole:FOLLOWER, 682b4d9c-96c0-4a75-8400-2841f36046f6|rpc:10.1.0.41:43675|dataStream:10.1.0.41:39721|priority:0|startupRole:FOLLOWER, 67a302da-c3a9-4d3b-a81a-6dae531b3b12|rpc:10.1.0.41:36435|dataStream:10.1.0.41:33407|priority:1|startupRole:FOLLOWER] with ContainerStateMachine:uninitialized
2023-03-16 20:06:43,847 [pool-528-thread-1] INFO  server.RaftServerConfigKeys (ConfUtils.java:logGet(46)) - raft.server.rpc.timeout.min = 5s (custom)
2023-03-16 20:06:43,847 [pool-528-thread-1] INFO  server.RaftServerConfigKeys (ConfUtils.java:logGet(46)) - raft.server.rpc.timeout.max = 5200ms (custom)
2023-03-16 20:06:43,847 [pool-528-thread-1] INFO  server.RaftServerConfigKeys (ConfUtils.java:logGet(46)) - raft.server.rpc.sleep.time = 25ms (default)
2023-03-16 20:06:43,847 [pool-528-thread-1] INFO  server.RaftServerConfigKeys (ConfUtils.java:logGet(46)) - raft.server.rpc.slowness.timeout = 300s (custom)
2023-03-16 20:06:43,848 [pool-528-thread-1] INFO  server.RaftServerConfigKeys (ConfUtils.java:logGet(46)) - raft.server.leaderelection.leader.step-down.wait-time = 10s (default)
2023-03-16 20:06:43,848 [pool-528-thread-1] INFO  server.RaftServerConfigKeys (ConfUtils.java:logGet(46)) - raft.server.sleep.deviation.threshold = 300ms (default)
2023-03-16 20:06:43,848 [pool-528-thread-1] INFO  server.RaftServer$Division (ServerState.java:<init>(118)) - af19ea06-4a72-4e8e-a05a-645e0b93ca6c@group-31A52953E0B4: ConfigurationManager, init=-1: peers:[af19ea06-4a72-4e8e-a05a-645e0b93ca6c|rpc:10.1.0.41:43583|dataStream:10.1.0.41:40505|priority:0|startupRole:FOLLOWER, 682b4d9c-96c0-4a75-8400-2841f36046f6|rpc:10.1.0.41:43675|dataStream:10.1.0.41:39721|priority:0|startupRole:FOLLOWER, 67a302da-c3a9-4d3b-a81a-6dae531b3b12|rpc:10.1.0.41:36435|dataStream:10.1.0.41:33407|priority:1|startupRole:FOLLOWER]|listeners:[], old=null, confs=<EMPTY_MAP>
2023-03-16 20:06:43,848 [pool-528-thread-1] INFO  server.RaftServerConfigKeys (ConfUtils.java:logGet(46)) - raft.server.storage.dir = [/home/runner/work/ozone/ozone/hadoop-ozone/integration-test/target/test-dir/MiniOzoneClusterImpl-5d34faf9-8c61-4fd7-9f59-d81d67eb328e/datanode-2/data/ratis] (custom)
2023-03-16 20:06:43,848 [pool-528-thread-1] INFO  server.RaftServerConfigKeys (ConfUtils.java:logGet(46)) - raft.server.log.corruption.policy = EXCEPTION (default)
2023-03-16 20:06:43,848 [pool-528-thread-1] INFO  server.RaftServerConfigKeys (ConfUtils.java:logGet(46)) - raft.server.storage.free-space.min = 0MB (=0) (default)
2023-03-16 20:06:43,848 [pool-528-thread-1] INFO  server.RaftServerConfigKeys (ConfUtils.java:logGet(46)) - raft.server.notification.no-leader.timeout = 300s (custom)
2023-03-16 20:06:43,848 [pool-528-thread-1] INFO  server.RaftServerConfigKeys (ConfUtils.java:logGet(46)) - raft.server.retrycache.expirytime = 600000ms (custom)
2023-03-16 20:06:43,848 [pool-528-thread-1] INFO  server.RaftServerConfigKeys (ConfUtils.java:logGet(46)) - raft.server.retrycache.statistics.expirytime = 100μs (default)
2023-03-16 20:06:43,849 [pool-528-thread-1] INFO  server.RaftServerConfigKeys (ConfUtils.java:logGet(46)) - raft.server.log.appender.install.snapshot.enabled = false (custom)
2023-03-16 20:06:43,849 [pool-528-thread-1] INFO  server.RaftServerConfigKeys (ConfUtils.java:logGet(46)) - raft.server.threadpool.server.cached = true (default)
2023-03-16 20:06:43,849 [pool-528-thread-1] INFO  server.RaftServerConfigKeys (ConfUtils.java:logGet(46)) - raft.server.threadpool.server.size = 0 (default)
2023-03-16 20:06:43,849 [pool-528-thread-1] INFO  server.RaftServerConfigKeys (ConfUtils.java:logGet(46)) - raft.server.threadpool.client.cached = true (default)
2023-03-16 20:06:43,849 [pool-528-thread-1] INFO  server.RaftServerConfigKeys (ConfUtils.java:logGet(46)) - raft.server.threadpool.client.size = 0 (default)
2023-03-16 20:06:43,849 [pool-528-thread-1] INFO  storage.RaftStorageDirectory (RaftStorageDirectoryImpl.java:analyzeStorage(137)) - The storage directory /home/runner/work/ozone/ozone/hadoop-ozone/integration-test/target/test-dir/MiniOzoneClusterImpl-5d34faf9-8c61-4fd7-9f59-d81d67eb328e/datanode-2/data/ratis/3bd437f4-2eb8-4100-bc7e-31a52953e0b4 does not exist. Creating ...
2023-03-16 20:06:43,851 [Command processor thread] INFO  server.RaftServer (RaftServerProxy.java:addNew(96)) - 682b4d9c-96c0-4a75-8400-2841f36046f6: addNew group-61F1B89036B3:[682b4d9c-96c0-4a75-8400-2841f36046f6|rpc:10.1.0.41:43675|dataStream:10.1.0.41:39721|priority:1|startupRole:FOLLOWER] returns group-61F1B89036B3:java.util.concurrent.CompletableFuture@17824bc6[Not completed]
2023-03-16 20:06:43,851 [pool-506-thread-1] INFO  server.RaftServer$Division (RaftServerImpl.java:<init>(195)) - 682b4d9c-96c0-4a75-8400-2841f36046f6: new RaftServerImpl for group-61F1B89036B3:[682b4d9c-96c0-4a75-8400-2841f36046f6|rpc:10.1.0.41:43675|dataStream:10.1.0.41:39721|priority:1|startupRole:FOLLOWER] with ContainerStateMachine:uninitialized
2023-03-16 20:06:43,852 [pool-506-thread-1] INFO  server.RaftServerConfigKeys (ConfUtils.java:logGet(46)) - raft.server.rpc.timeout.min = 5s (custom)
2023-03-16 20:06:43,852 [pool-506-thread-1] INFO  server.RaftServerConfigKeys (ConfUtils.java:logGet(46)) - raft.server.rpc.timeout.max = 5200ms (custom)
2023-03-16 20:06:43,852 [pool-506-thread-1] INFO  server.RaftServerConfigKeys (ConfUtils.java:logGet(46)) - raft.server.rpc.sleep.time = 25ms (default)
2023-03-16 20:06:43,852 [pool-506-thread-1] INFO  server.RaftServerConfigKeys (ConfUtils.java:logGet(46)) - raft.server.rpc.slowness.timeout = 300s (custom)
2023-03-16 20:06:43,852 [pool-506-thread-1] INFO  server.RaftServerConfigKeys (ConfUtils.java:logGet(46)) - raft.server.leaderelection.leader.step-down.wait-time = 10s (default)
2023-03-16 20:06:43,852 [pool-506-thread-1] INFO  server.RaftServerConfigKeys (ConfUtils.java:logGet(46)) - raft.server.sleep.deviation.threshold = 300ms (default)
2023-03-16 20:06:43,852 [pool-506-thread-1] INFO  server.RaftServer$Division (ServerState.java:<init>(118)) - 682b4d9c-96c0-4a75-8400-2841f36046f6@group-61F1B89036B3: ConfigurationManager, init=-1: peers:[682b4d9c-96c0-4a75-8400-2841f36046f6|rpc:10.1.0.41:43675|dataStream:10.1.0.41:39721|priority:1|startupRole:FOLLOWER]|listeners:[], old=null, confs=<EMPTY_MAP>
2023-03-16 20:06:43,852 [pool-506-thread-1] INFO  server.RaftServerConfigKeys (ConfUtils.java:logGet(46)) - raft.server.storage.dir = [/home/runner/work/ozone/ozone/hadoop-ozone/integration-test/target/test-dir/MiniOzoneClusterImpl-5d34faf9-8c61-4fd7-9f59-d81d67eb328e/datanode-1/data/ratis] (custom)
2023-03-16 20:06:43,852 [pool-506-thread-1] INFO  server.RaftServerConfigKeys (ConfUtils.java:logGet(46)) - raft.server.log.corruption.policy = EXCEPTION (default)
2023-03-16 20:06:43,852 [pool-506-thread-1] INFO  server.RaftServerConfigKeys (ConfUtils.java:logGet(46)) - raft.server.storage.free-space.min = 0MB (=0) (default)
2023-03-16 20:06:43,852 [pool-506-thread-1] INFO  server.RaftServerConfigKeys (ConfUtils.java:logGet(46)) - raft.server.notification.no-leader.timeout = 300s (custom)
2023-03-16 20:06:43,852 [pool-506-thread-1] INFO  server.RaftServerConfigKeys (ConfUtils.java:logGet(46)) - raft.server.retrycache.expirytime = 600000ms (custom)
2023-03-16 20:06:43,852 [pool-506-thread-1] INFO  server.RaftServerConfigKeys (ConfUtils.java:logGet(46)) - raft.server.retrycache.statistics.expirytime = 100μs (default)
2023-03-16 20:06:43,853 [pool-506-thread-1] INFO  server.RaftServerConfigKeys (ConfUtils.java:logGet(46)) - raft.server.log.appender.install.snapshot.enabled = false (custom)
2023-03-16 20:06:43,853 [pool-506-thread-1] INFO  server.RaftServerConfigKeys (ConfUtils.java:logGet(46)) - raft.server.threadpool.server.cached = true (default)
2023-03-16 20:06:43,853 [pool-506-thread-1] INFO  server.RaftServerConfigKeys (ConfUtils.java:logGet(46)) - raft.server.threadpool.server.size = 0 (default)
2023-03-16 20:06:43,853 [pool-506-thread-1] INFO  server.RaftServerConfigKeys (ConfUtils.java:logGet(46)) - raft.server.threadpool.client.cached = true (default)
2023-03-16 20:06:43,853 [pool-506-thread-1] INFO  server.RaftServerConfigKeys (ConfUtils.java:logGet(46)) - raft.server.threadpool.client.size = 0 (default)
2023-03-16 20:06:43,854 [pool-506-thread-1] INFO  storage.RaftStorageDirectory (RaftStorageDirectoryImpl.java:analyzeStorage(137)) - The storage directory /home/runner/work/ozone/ozone/hadoop-ozone/integration-test/target/test-dir/MiniOzoneClusterImpl-5d34faf9-8c61-4fd7-9f59-d81d67eb328e/datanode-1/data/ratis/c0b92fbc-0732-4766-b2f7-61f1b89036b3 does not exist. Creating ...
2023-03-16 20:06:43,854 [pool-528-thread-1] INFO  storage.RaftStorageDirectory (RaftStorageDirectoryImpl.java:tryLock(231)) - Lock on /home/runner/work/ozone/ozone/hadoop-ozone/integration-test/target/test-dir/MiniOzoneClusterImpl-5d34faf9-8c61-4fd7-9f59-d81d67eb328e/datanode-2/data/ratis/3bd437f4-2eb8-4100-bc7e-31a52953e0b4/in_use.lock acquired by nodename 79287@fv-az371-917
2023-03-16 20:06:43,857 [pool-528-thread-1] INFO  storage.RaftStorage (RaftStorageImpl.java:format(96)) - Storage directory /home/runner/work/ozone/ozone/hadoop-ozone/integration-test/target/test-dir/MiniOzoneClusterImpl-5d34faf9-8c61-4fd7-9f59-d81d67eb328e/datanode-2/data/ratis/3bd437f4-2eb8-4100-bc7e-31a52953e0b4 has been successfully formatted.
2023-03-16 20:06:43,858 [pool-528-thread-1] INFO  ratis.ContainerStateMachine (ContainerStateMachine.java:loadSnapshot(262)) - group-31A52953E0B4: The snapshot info is null. Setting the last applied indexto:(t:0, i:~)
2023-03-16 20:06:43,858 [pool-528-thread-1] INFO  server.RaftServerConfigKeys (ConfUtils.java:logGet(46)) - raft.server.log.use.memory = false (default)
2023-03-16 20:06:43,858 [pool-528-thread-1] INFO  server.RaftServerConfigKeys (ConfUtils.java:logGet(46)) - raft.server.log.purge.gap = 1000000 (custom)
2023-03-16 20:06:43,858 [pool-506-thread-1] INFO  storage.RaftStorageDirectory (RaftStorageDirectoryImpl.java:tryLock(231)) - Lock on /home/runner/work/ozone/ozone/hadoop-ozone/integration-test/target/test-dir/MiniOzoneClusterImpl-5d34faf9-8c61-4fd7-9f59-d81d67eb328e/datanode-1/data/ratis/c0b92fbc-0732-4766-b2f7-61f1b89036b3/in_use.lock acquired by nodename 79287@fv-az371-917
2023-03-16 20:06:43,859 [pool-528-thread-1] INFO  server.RaftServerConfigKeys (ConfUtils.java:logGet(46)) - raft.server.log.appender.buffer.byte-limit = 33554432 (custom)
2023-03-16 20:06:43,860 [pool-528-thread-1] INFO  server.RaftServerConfigKeys (ConfUtils.java:logGet(46)) - raft.server.log.statemachine.data.read.timeout = 1000ms (default)
2023-03-16 20:06:43,860 [pool-528-thread-1] INFO  server.RaftServerConfigKeys (ConfUtils.java:logGet(46)) - raft.server.log.purge.preservation.log.num = 0 (default)
2023-03-16 20:06:43,861 [pool-528-thread-1] INFO  server.RaftServerConfigKeys (ConfUtils.java:logGet(46)) - raft.server.log.segment.size.max = 1048576 (custom)
2023-03-16 20:06:43,861 [pool-528-thread-1] INFO  server.RaftServerConfigKeys (ConfUtils.java:logGet(46)) - raft.server.log.segment.cache.num.max = 2 (custom)
2023-03-16 20:06:43,861 [pool-506-thread-1] INFO  storage.RaftStorage (RaftStorageImpl.java:format(96)) - Storage directory /home/runner/work/ozone/ozone/hadoop-ozone/integration-test/target/test-dir/MiniOzoneClusterImpl-5d34faf9-8c61-4fd7-9f59-d81d67eb328e/datanode-1/data/ratis/c0b92fbc-0732-4766-b2f7-61f1b89036b3 has been successfully formatted.
2023-03-16 20:06:43,863 [pool-506-thread-1] INFO  ratis.ContainerStateMachine (ContainerStateMachine.java:loadSnapshot(262)) - group-61F1B89036B3: The snapshot info is null. Setting the last applied indexto:(t:0, i:~)
2023-03-16 20:06:43,863 [pool-506-thread-1] INFO  server.RaftServerConfigKeys (ConfUtils.java:logGet(46)) - raft.server.log.use.memory = false (default)
2023-03-16 20:06:43,864 [pool-506-thread-1] INFO  server.RaftServerConfigKeys (ConfUtils.java:logGet(46)) - raft.server.log.purge.gap = 1000000 (custom)
2023-03-16 20:06:43,864 [pool-506-thread-1] INFO  server.RaftServerConfigKeys (ConfUtils.java:logGet(46)) - raft.server.log.appender.buffer.byte-limit = 33554432 (custom)
2023-03-16 20:06:43,864 [EventQueue-PipelineReportForPipelineReportHandler] INFO  pipeline.PipelineManagerImpl (PipelineManagerImpl.java:openPipeline(367)) - Pipeline Pipeline[ Id: c0b92fbc-0732-4766-b2f7-61f1b89036b3, Nodes: 682b4d9c-96c0-4a75-8400-2841f36046f6(fv-az371-917/10.1.0.41), ReplicationConfig: RATIS/ONE, State:ALLOCATED, leaderId:682b4d9c-96c0-4a75-8400-2841f36046f6, CreationTimestamp2023-03-16T20:06:40.854Z[Etc/UTC]] moved to OPEN state
2023-03-16 20:06:43,864 [pool-528-thread-1] INFO  server.RaftServerConfigKeys (ConfUtils.java:logGet(46)) - raft.server.log.segment.cache.size.max = 200MB (=209715200) (default)
2023-03-16 20:06:43,864 [pool-506-thread-1] INFO  server.RaftServerConfigKeys (ConfUtils.java:logGet(46)) - raft.server.log.statemachine.data.read.timeout = 1000ms (default)
2023-03-16 20:06:43,864 [pool-506-thread-1] INFO  server.RaftServerConfigKeys (ConfUtils.java:logGet(46)) - raft.server.log.purge.preservation.log.num = 0 (default)
2023-03-16 20:06:43,865 [pool-506-thread-1] INFO  server.RaftServerConfigKeys (ConfUtils.java:logGet(46)) - raft.server.log.segment.size.max = 1048576 (custom)
2023-03-16 20:06:43,865 [EventQueue-OpenPipelineForHealthyPipelineSafeModeRule] INFO  safemode.SCMSafeModeManager (HealthyPipelineSafeModeRule.java:process(137)) - SCM in safe mode. Healthy pipelines reported count is 0, required healthy pipeline reported count is 1
2023-03-16 20:06:43,865 [pool-506-thread-1] INFO  server.RaftServerConfigKeys (ConfUtils.java:logGet(46)) - raft.server.log.segment.cache.num.max = 2 (custom)
2023-03-16 20:06:43,865 [pool-506-thread-1] INFO  server.RaftServerConfigKeys (ConfUtils.java:logGet(46)) - raft.server.log.segment.cache.size.max = 200MB (=209715200) (default)
2023-03-16 20:06:43,865 [pool-506-thread-1] INFO  segmented.SegmentedRaftLogWorker (SegmentedRaftLogWorker.java:<init>(189)) - new 682b4d9c-96c0-4a75-8400-2841f36046f6@group-61F1B89036B3-SegmentedRaftLogWorker for RaftStorageImpl:Storage Directory /home/runner/work/ozone/ozone/hadoop-ozone/integration-test/target/test-dir/MiniOzoneClusterImpl-5d34faf9-8c61-4fd7-9f59-d81d67eb328e/datanode-1/data/ratis/c0b92fbc-0732-4766-b2f7-61f1b89036b3
2023-03-16 20:06:43,865 [pool-506-thread-1] INFO  server.RaftServerConfigKeys (ConfUtils.java:logGet(46)) - raft.server.log.queue.byte-limit = 4294967296 (custom)
2023-03-16 20:06:43,865 [pool-506-thread-1] INFO  server.RaftServerConfigKeys (ConfUtils.java:logGet(46)) - raft.server.log.queue.element-limit = 1024 (custom)
2023-03-16 20:06:43,865 [pool-506-thread-1] INFO  server.RaftServerConfigKeys (ConfUtils.java:logGet(46)) - raft.server.log.segment.size.max = 1048576 (custom)
2023-03-16 20:06:43,865 [pool-506-thread-1] INFO  server.RaftServerConfigKeys (ConfUtils.java:logGet(46)) - raft.server.log.preallocated.size = 16384 (custom)
2023-03-16 20:06:43,865 [pool-506-thread-1] INFO  server.RaftServerConfigKeys (ConfUtils.java:logGet(46)) - raft.server.log.force.sync.num = 128 (default)
2023-03-16 20:06:43,865 [pool-506-thread-1] INFO  server.RaftServerConfigKeys (ConfUtils.java:logGet(46)) - raft.server.log.statemachine.data.sync = true (default)
2023-03-16 20:06:43,865 [pool-506-thread-1] INFO  server.RaftServerConfigKeys (ConfUtils.java:logGet(46)) - raft.server.log.statemachine.data.sync.timeout = 10s (default)
2023-03-16 20:06:43,865 [pool-506-thread-1] INFO  server.RaftServerConfigKeys (ConfUtils.java:logGet(46)) - raft.server.log.statemachine.data.sync.timeout.retry = -1 (default)
2023-03-16 20:06:43,866 [pool-506-thread-1] INFO  server.RaftServerConfigKeys (ConfUtils.java:logGet(46)) - raft.server.log.write.buffer.size = 1048576 (custom)
2023-03-16 20:06:43,866 [pool-506-thread-1] INFO  server.RaftServerConfigKeys (ConfUtils.java:logGet(46)) - raft.server.log.appender.buffer.byte-limit = 33554432 (custom)
2023-03-16 20:06:43,869 [pool-528-thread-1] INFO  segmented.SegmentedRaftLogWorker (SegmentedRaftLogWorker.java:<init>(189)) - new af19ea06-4a72-4e8e-a05a-645e0b93ca6c@group-31A52953E0B4-SegmentedRaftLogWorker for RaftStorageImpl:Storage Directory /home/runner/work/ozone/ozone/hadoop-ozone/integration-test/target/test-dir/MiniOzoneClusterImpl-5d34faf9-8c61-4fd7-9f59-d81d67eb328e/datanode-2/data/ratis/3bd437f4-2eb8-4100-bc7e-31a52953e0b4
2023-03-16 20:06:43,869 [pool-528-thread-1] INFO  server.RaftServerConfigKeys (ConfUtils.java:logGet(46)) - raft.server.log.queue.byte-limit = 4294967296 (custom)
2023-03-16 20:06:43,869 [pool-528-thread-1] INFO  server.RaftServerConfigKeys (ConfUtils.java:logGet(46)) - raft.server.log.queue.element-limit = 1024 (custom)
2023-03-16 20:06:43,869 [pool-528-thread-1] INFO  server.RaftServerConfigKeys (ConfUtils.java:logGet(46)) - raft.server.log.segment.size.max = 1048576 (custom)
2023-03-16 20:06:43,869 [pool-528-thread-1] INFO  server.RaftServerConfigKeys (ConfUtils.java:logGet(46)) - raft.server.log.preallocated.size = 16384 (custom)
2023-03-16 20:06:43,869 [pool-528-thread-1] INFO  server.RaftServerConfigKeys (ConfUtils.java:logGet(46)) - raft.server.log.force.sync.num = 128 (default)
2023-03-16 20:06:43,869 [pool-528-thread-1] INFO  server.RaftServerConfigKeys (ConfUtils.java:logGet(46)) - raft.server.log.statemachine.data.sync = true (default)
2023-03-16 20:06:43,869 [pool-528-thread-1] INFO  server.RaftServerConfigKeys (ConfUtils.java:logGet(46)) - raft.server.log.statemachine.data.sync.timeout = 10s (default)
2023-03-16 20:06:43,869 [pool-528-thread-1] INFO  server.RaftServerConfigKeys (ConfUtils.java:logGet(46)) - raft.server.log.statemachine.data.sync.timeout.retry = -1 (default)
2023-03-16 20:06:43,870 [pool-528-thread-1] INFO  server.RaftServerConfigKeys (ConfUtils.java:logGet(46)) - raft.server.log.write.buffer.size = 1048576 (custom)
2023-03-16 20:06:43,870 [pool-528-thread-1] INFO  server.RaftServerConfigKeys (ConfUtils.java:logGet(46)) - raft.server.log.appender.buffer.byte-limit = 33554432 (custom)
2023-03-16 20:06:43,879 [pool-506-thread-1] INFO  server.RaftServerConfigKeys (ConfUtils.java:logGet(46)) - raft.server.log.unsafe-flush.enabled = false (default)
2023-03-16 20:06:43,880 [pool-506-thread-1] INFO  server.RaftServerConfigKeys (ConfUtils.java:logGet(46)) - raft.server.log.async-flush.enabled = false (default)
2023-03-16 20:06:43,880 [pool-506-thread-1] INFO  server.RaftServerConfigKeys (ConfUtils.java:logGet(46)) - raft.server.log.statemachine.data.caching.enabled = true (custom)
2023-03-16 20:06:43,880 [pool-506-thread-1] INFO  segmented.SegmentedRaftLogWorker (SegmentedRaftLogWorker.java:lambda$new$0(135)) - 682b4d9c-96c0-4a75-8400-2841f36046f6@group-61F1B89036B3-SegmentedRaftLogWorker: flushIndex: setUnconditionally 0 -> -1
2023-03-16 20:06:43,880 [pool-506-thread-1] INFO  segmented.SegmentedRaftLogWorker (SegmentedRaftLogWorker.java:lambda$new$0(135)) - 682b4d9c-96c0-4a75-8400-2841f36046f6@group-61F1B89036B3-SegmentedRaftLogWorker: safeCacheEvictIndex: setUnconditionally 0 -> -1
2023-03-16 20:06:43,880 [pool-506-thread-1] INFO  server.RaftServer$Division (RaftServerImpl.java:start(334)) - 682b4d9c-96c0-4a75-8400-2841f36046f6@group-61F1B89036B3: start as a follower, conf=-1: peers:[682b4d9c-96c0-4a75-8400-2841f36046f6|rpc:10.1.0.41:43675|dataStream:10.1.0.41:39721|priority:1|startupRole:FOLLOWER]|listeners:[], old=null
2023-03-16 20:06:43,880 [pool-506-thread-1] INFO  server.RaftServer$Division (RaftServerImpl.java:setRole(321)) - 682b4d9c-96c0-4a75-8400-2841f36046f6@group-61F1B89036B3: changes role from      null to FOLLOWER at term 0 for startAsFollower
2023-03-16 20:06:43,880 [pool-506-thread-1] INFO  impl.RoleInfo (RoleInfo.java:updateAndGet(139)) - 682b4d9c-96c0-4a75-8400-2841f36046f6: start 682b4d9c-96c0-4a75-8400-2841f36046f6@group-61F1B89036B3-FollowerState
2023-03-16 20:06:43,883 [pool-528-thread-1] INFO  server.RaftServerConfigKeys (ConfUtils.java:logGet(46)) - raft.server.log.unsafe-flush.enabled = false (default)
2023-03-16 20:06:43,883 [pool-528-thread-1] INFO  server.RaftServerConfigKeys (ConfUtils.java:logGet(46)) - raft.server.log.async-flush.enabled = false (default)
2023-03-16 20:06:43,883 [pool-528-thread-1] INFO  server.RaftServerConfigKeys (ConfUtils.java:logGet(46)) - raft.server.log.statemachine.data.caching.enabled = true (custom)
2023-03-16 20:06:43,883 [pool-528-thread-1] INFO  segmented.SegmentedRaftLogWorker (SegmentedRaftLogWorker.java:lambda$new$0(135)) - af19ea06-4a72-4e8e-a05a-645e0b93ca6c@group-31A52953E0B4-SegmentedRaftLogWorker: flushIndex: setUnconditionally 0 -> -1
2023-03-16 20:06:43,883 [pool-528-thread-1] INFO  segmented.SegmentedRaftLogWorker (SegmentedRaftLogWorker.java:lambda$new$0(135)) - af19ea06-4a72-4e8e-a05a-645e0b93ca6c@group-31A52953E0B4-SegmentedRaftLogWorker: safeCacheEvictIndex: setUnconditionally 0 -> -1
2023-03-16 20:06:43,883 [pool-506-thread-1] INFO  util.JmxRegister (JmxRegister.java:tryRegister(44)) - Successfully registered JMX Bean with object name Ratis:service=RaftServer,group=group-61F1B89036B3,id=682b4d9c-96c0-4a75-8400-2841f36046f6
2023-03-16 20:06:43,883 [pool-506-thread-1] INFO  server.RaftServerConfigKeys (ConfUtils.java:logGet(46)) - raft.server.snapshot.auto.trigger.enabled = true (custom)
2023-03-16 20:06:43,884 [pool-506-thread-1] INFO  server.RaftServerConfigKeys (ConfUtils.java:logGet(46)) - raft.server.snapshot.auto.trigger.threshold = 10000 (custom)
2023-03-16 20:06:43,884 [pool-506-thread-1] INFO  server.RaftServerConfigKeys (ConfUtils.java:logGet(46)) - raft.server.snapshot.retention.file.num = 5 (custom)
2023-03-16 20:06:43,884 [pool-506-thread-1] INFO  server.RaftServerConfigKeys (ConfUtils.java:logGet(46)) - raft.server.log.purge.upto.snapshot.index = false (default)
2023-03-16 20:06:43,884 [682b4d9c-96c0-4a75-8400-2841f36046f6@group-61F1B89036B3-FollowerState] INFO  server.RaftServerConfigKeys (ConfUtils.java:logFallback(53)) - raft.server.rpc.first-election.timeout.min = 5s (fallback to raft.server.rpc.timeout.min)
2023-03-16 20:06:43,885 [682b4d9c-96c0-4a75-8400-2841f36046f6@group-61F1B89036B3-FollowerState] INFO  server.RaftServerConfigKeys (ConfUtils.java:logFallback(53)) - raft.server.rpc.first-election.timeout.max = 5200ms (fallback to raft.server.rpc.timeout.max)
2023-03-16 20:06:43,885 [Command processor thread] INFO  ratis.XceiverServerRatis (XceiverServerRatis.java:addGroup(807)) - Created group PipelineID=c0b92fbc-0732-4766-b2f7-61f1b89036b3
2023-03-16 20:06:43,885 [Command processor thread] INFO  commandhandler.CreatePipelineCommandHandler (CreatePipelineCommandHandler.java:handle(113)) - Created Pipeline RATIS ONE PipelineID=c0b92fbc-0732-4766-b2f7-61f1b89036b3.
2023-03-16 20:06:43,885 [pool-528-thread-1] INFO  server.RaftServer$Division (RaftServerImpl.java:start(334)) - af19ea06-4a72-4e8e-a05a-645e0b93ca6c@group-31A52953E0B4: start as a follower, conf=-1: peers:[af19ea06-4a72-4e8e-a05a-645e0b93ca6c|rpc:10.1.0.41:43583|dataStream:10.1.0.41:40505|priority:0|startupRole:FOLLOWER, 682b4d9c-96c0-4a75-8400-2841f36046f6|rpc:10.1.0.41:43675|dataStream:10.1.0.41:39721|priority:0|startupRole:FOLLOWER, 67a302da-c3a9-4d3b-a81a-6dae531b3b12|rpc:10.1.0.41:36435|dataStream:10.1.0.41:33407|priority:1|startupRole:FOLLOWER]|listeners:[], old=null
2023-03-16 20:06:43,885 [pool-528-thread-1] INFO  server.RaftServer$Division (RaftServerImpl.java:setRole(321)) - af19ea06-4a72-4e8e-a05a-645e0b93ca6c@group-31A52953E0B4: changes role from      null to FOLLOWER at term 0 for startAsFollower
2023-03-16 20:06:43,885 [pool-528-thread-1] INFO  impl.RoleInfo (RoleInfo.java:updateAndGet(139)) - af19ea06-4a72-4e8e-a05a-645e0b93ca6c: start af19ea06-4a72-4e8e-a05a-645e0b93ca6c@group-31A52953E0B4-FollowerState
2023-03-16 20:06:43,886 [pool-528-thread-1] INFO  util.JmxRegister (JmxRegister.java:tryRegister(44)) - Successfully registered JMX Bean with object name Ratis:service=RaftServer,group=group-31A52953E0B4,id=af19ea06-4a72-4e8e-a05a-645e0b93ca6c
2023-03-16 20:06:43,886 [pool-528-thread-1] INFO  server.RaftServerConfigKeys (ConfUtils.java:logGet(46)) - raft.server.snapshot.auto.trigger.enabled = true (custom)
2023-03-16 20:06:43,886 [pool-528-thread-1] INFO  server.RaftServerConfigKeys (ConfUtils.java:logGet(46)) - raft.server.snapshot.auto.trigger.threshold = 10000 (custom)
2023-03-16 20:06:43,886 [pool-528-thread-1] INFO  server.RaftServerConfigKeys (ConfUtils.java:logGet(46)) - raft.server.snapshot.retention.file.num = 5 (custom)
2023-03-16 20:06:43,886 [pool-528-thread-1] INFO  server.RaftServerConfigKeys (ConfUtils.java:logGet(46)) - raft.server.log.purge.upto.snapshot.index = false (default)
2023-03-16 20:06:43,887 [af19ea06-4a72-4e8e-a05a-645e0b93ca6c@group-31A52953E0B4-FollowerState] INFO  server.RaftServerConfigKeys (ConfUtils.java:logFallback(53)) - raft.server.rpc.first-election.timeout.min = 5s (fallback to raft.server.rpc.timeout.min)
2023-03-16 20:06:43,887 [af19ea06-4a72-4e8e-a05a-645e0b93ca6c@group-31A52953E0B4-FollowerState] INFO  server.RaftServerConfigKeys (ConfUtils.java:logFallback(53)) - raft.server.rpc.first-election.timeout.max = 5200ms (fallback to raft.server.rpc.timeout.max)
2023-03-16 20:06:43,903 [Command processor thread] INFO  commandhandler.CreatePipelineCommandHandler (CreatePipelineCommandHandler.java:handle(113)) - Created Pipeline RATIS THREE PipelineID=3bd437f4-2eb8-4100-bc7e-31a52953e0b4.
2023-03-16 20:06:44,215 [Listener at 127.0.0.1/37437] INFO  ozone.MiniOzoneClusterImpl (MiniOzoneClusterImpl.java:lambda$waitForClusterToBeReady$0(222)) - Nodes are ready. Got 5 of 5 DN Heartbeats.
2023-03-16 20:06:44,215 [Listener at 127.0.0.1/37437] INFO  ozone.MiniOzoneClusterImpl (MiniOzoneClusterImpl.java:lambda$waitForClusterToBeReady$0(225)) - Waiting for cluster to exit safe mode
2023-03-16 20:06:44,215 [Listener at 127.0.0.1/37437] INFO  ozone.MiniOzoneClusterImpl (MiniOzoneClusterImpl.java:lambda$waitForClusterToBeReady$0(227)) - SCM became leader
2023-03-16 20:06:44,314 [Command processor thread] INFO  server.RaftServer (RaftServerProxy.java:addNew(96)) - af19ea06-4a72-4e8e-a05a-645e0b93ca6c: addNew group-EEADFC261C1A:[af19ea06-4a72-4e8e-a05a-645e0b93ca6c|rpc:10.1.0.41:43583|dataStream:10.1.0.41:40505|priority:1|startupRole:FOLLOWER] returns group-EEADFC261C1A:java.util.concurrent.CompletableFuture@4738fd8b[Not completed]
2023-03-16 20:06:44,316 [pool-528-thread-1] INFO  server.RaftServer$Division (RaftServerImpl.java:<init>(195)) - af19ea06-4a72-4e8e-a05a-645e0b93ca6c: new RaftServerImpl for group-EEADFC261C1A:[af19ea06-4a72-4e8e-a05a-645e0b93ca6c|rpc:10.1.0.41:43583|dataStream:10.1.0.41:40505|priority:1|startupRole:FOLLOWER] with ContainerStateMachine:uninitialized
2023-03-16 20:06:44,316 [pool-528-thread-1] INFO  server.RaftServerConfigKeys (ConfUtils.java:logGet(46)) - raft.server.rpc.timeout.min = 5s (custom)
2023-03-16 20:06:44,316 [pool-528-thread-1] INFO  server.RaftServerConfigKeys (ConfUtils.java:logGet(46)) - raft.server.rpc.timeout.max = 5200ms (custom)
2023-03-16 20:06:44,316 [pool-528-thread-1] INFO  server.RaftServerConfigKeys (ConfUtils.java:logGet(46)) - raft.server.rpc.sleep.time = 25ms (default)
2023-03-16 20:06:44,316 [pool-528-thread-1] INFO  server.RaftServerConfigKeys (ConfUtils.java:logGet(46)) - raft.server.rpc.slowness.timeout = 300s (custom)
2023-03-16 20:06:44,316 [pool-528-thread-1] INFO  server.RaftServerConfigKeys (ConfUtils.java:logGet(46)) - raft.server.leaderelection.leader.step-down.wait-time = 10s (default)
2023-03-16 20:06:44,316 [pool-528-thread-1] INFO  server.RaftServerConfigKeys (ConfUtils.java:logGet(46)) - raft.server.sleep.deviation.threshold = 300ms (default)
2023-03-16 20:06:44,316 [pool-528-thread-1] INFO  server.RaftServer$Division (ServerState.java:<init>(118)) - af19ea06-4a72-4e8e-a05a-645e0b93ca6c@group-EEADFC261C1A: ConfigurationManager, init=-1: peers:[af19ea06-4a72-4e8e-a05a-645e0b93ca6c|rpc:10.1.0.41:43583|dataStream:10.1.0.41:40505|priority:1|startupRole:FOLLOWER]|listeners:[], old=null, confs=<EMPTY_MAP>
2023-03-16 20:06:44,316 [pool-528-thread-1] INFO  server.RaftServerConfigKeys (ConfUtils.java:logGet(46)) - raft.server.storage.dir = [/home/runner/work/ozone/ozone/hadoop-ozone/integration-test/target/test-dir/MiniOzoneClusterImpl-5d34faf9-8c61-4fd7-9f59-d81d67eb328e/datanode-2/data/ratis] (custom)
2023-03-16 20:06:44,316 [pool-528-thread-1] INFO  server.RaftServerConfigKeys (ConfUtils.java:logGet(46)) - raft.server.log.corruption.policy = EXCEPTION (default)
2023-03-16 20:06:44,316 [pool-528-thread-1] INFO  server.RaftServerConfigKeys (ConfUtils.java:logGet(46)) - raft.server.storage.free-space.min = 0MB (=0) (default)
2023-03-16 20:06:44,317 [pool-528-thread-1] INFO  server.RaftServerConfigKeys (ConfUtils.java:logGet(46)) - raft.server.notification.no-leader.timeout = 300s (custom)
2023-03-16 20:06:44,317 [pool-528-thread-1] INFO  server.RaftServerConfigKeys (ConfUtils.java:logGet(46)) - raft.server.retrycache.expirytime = 600000ms (custom)
2023-03-16 20:06:44,317 [pool-528-thread-1] INFO  server.RaftServerConfigKeys (ConfUtils.java:logGet(46)) - raft.server.retrycache.statistics.expirytime = 100μs (default)
2023-03-16 20:06:44,317 [pool-528-thread-1] INFO  server.RaftServerConfigKeys (ConfUtils.java:logGet(46)) - raft.server.log.appender.install.snapshot.enabled = false (custom)
2023-03-16 20:06:44,318 [pool-528-thread-1] INFO  server.RaftServerConfigKeys (ConfUtils.java:logGet(46)) - raft.server.threadpool.server.cached = true (default)
2023-03-16 20:06:44,318 [pool-528-thread-1] INFO  server.RaftServerConfigKeys (ConfUtils.java:logGet(46)) - raft.server.threadpool.server.size = 0 (default)
2023-03-16 20:06:44,318 [pool-528-thread-1] INFO  server.RaftServerConfigKeys (ConfUtils.java:logGet(46)) - raft.server.threadpool.client.cached = true (default)
2023-03-16 20:06:44,318 [pool-528-thread-1] INFO  server.RaftServerConfigKeys (ConfUtils.java:logGet(46)) - raft.server.threadpool.client.size = 0 (default)
2023-03-16 20:06:44,318 [pool-528-thread-1] INFO  storage.RaftStorageDirectory (RaftStorageDirectoryImpl.java:analyzeStorage(137)) - The storage directory /home/runner/work/ozone/ozone/hadoop-ozone/integration-test/target/test-dir/MiniOzoneClusterImpl-5d34faf9-8c61-4fd7-9f59-d81d67eb328e/datanode-2/data/ratis/995f7be5-c945-4ad9-acad-eeadfc261c1a does not exist. Creating ...
2023-03-16 20:06:44,320 [pool-528-thread-1] INFO  storage.RaftStorageDirectory (RaftStorageDirectoryImpl.java:tryLock(231)) - Lock on /home/runner/work/ozone/ozone/hadoop-ozone/integration-test/target/test-dir/MiniOzoneClusterImpl-5d34faf9-8c61-4fd7-9f59-d81d67eb328e/datanode-2/data/ratis/995f7be5-c945-4ad9-acad-eeadfc261c1a/in_use.lock acquired by nodename 79287@fv-az371-917
2023-03-16 20:06:44,321 [pool-528-thread-1] INFO  storage.RaftStorage (RaftStorageImpl.java:format(96)) - Storage directory /home/runner/work/ozone/ozone/hadoop-ozone/integration-test/target/test-dir/MiniOzoneClusterImpl-5d34faf9-8c61-4fd7-9f59-d81d67eb328e/datanode-2/data/ratis/995f7be5-c945-4ad9-acad-eeadfc261c1a has been successfully formatted.
2023-03-16 20:06:44,322 [pool-528-thread-1] INFO  ratis.ContainerStateMachine (ContainerStateMachine.java:loadSnapshot(262)) - group-EEADFC261C1A: The snapshot info is null. Setting the last applied indexto:(t:0, i:~)
2023-03-16 20:06:44,322 [pool-528-thread-1] INFO  server.RaftServerConfigKeys (ConfUtils.java:logGet(46)) - raft.server.log.use.memory = false (default)
2023-03-16 20:06:44,322 [pool-528-thread-1] INFO  server.RaftServerConfigKeys (ConfUtils.java:logGet(46)) - raft.server.log.purge.gap = 1000000 (custom)
2023-03-16 20:06:44,323 [EventQueue-PipelineReportForPipelineReportHandler] INFO  pipeline.PipelineManagerImpl (PipelineManagerImpl.java:openPipeline(367)) - Pipeline Pipeline[ Id: 995f7be5-c945-4ad9-acad-eeadfc261c1a, Nodes: af19ea06-4a72-4e8e-a05a-645e0b93ca6c(fv-az371-917/10.1.0.41), ReplicationConfig: RATIS/ONE, State:ALLOCATED, leaderId:af19ea06-4a72-4e8e-a05a-645e0b93ca6c, CreationTimestamp2023-03-16T20:06:41.316Z[Etc/UTC]] moved to OPEN state
2023-03-16 20:06:44,324 [pool-528-thread-1] INFO  server.RaftServerConfigKeys (ConfUtils.java:logGet(46)) - raft.server.log.appender.buffer.byte-limit = 33554432 (custom)
2023-03-16 20:06:44,324 [EventQueue-OpenPipelineForHealthyPipelineSafeModeRule] INFO  safemode.SCMSafeModeManager (HealthyPipelineSafeModeRule.java:process(137)) - SCM in safe mode. Healthy pipelines reported count is 0, required healthy pipeline reported count is 1
2023-03-16 20:06:44,324 [pool-528-thread-1] INFO  server.RaftServerConfigKeys (ConfUtils.java:logGet(46)) - raft.server.log.statemachine.data.read.timeout = 1000ms (default)
2023-03-16 20:06:44,324 [pool-528-thread-1] INFO  server.RaftServerConfigKeys (ConfUtils.java:logGet(46)) - raft.server.log.purge.preservation.log.num = 0 (default)
2023-03-16 20:06:44,324 [pool-528-thread-1] INFO  server.RaftServerConfigKeys (ConfUtils.java:logGet(46)) - raft.server.log.segment.size.max = 1048576 (custom)
2023-03-16 20:06:44,324 [pool-528-thread-1] INFO  server.RaftServerConfigKeys (ConfUtils.java:logGet(46)) - raft.server.log.segment.cache.num.max = 2 (custom)
2023-03-16 20:06:44,324 [pool-528-thread-1] INFO  server.RaftServerConfigKeys (ConfUtils.java:logGet(46)) - raft.server.log.segment.cache.size.max = 200MB (=209715200) (default)
2023-03-16 20:06:44,324 [pool-528-thread-1] INFO  segmented.SegmentedRaftLogWorker (SegmentedRaftLogWorker.java:<init>(189)) - new af19ea06-4a72-4e8e-a05a-645e0b93ca6c@group-EEADFC261C1A-SegmentedRaftLogWorker for RaftStorageImpl:Storage Directory /home/runner/work/ozone/ozone/hadoop-ozone/integration-test/target/test-dir/MiniOzoneClusterImpl-5d34faf9-8c61-4fd7-9f59-d81d67eb328e/datanode-2/data/ratis/995f7be5-c945-4ad9-acad-eeadfc261c1a
2023-03-16 20:06:44,325 [pool-528-thread-1] INFO  server.RaftServerConfigKeys (ConfUtils.java:logGet(46)) - raft.server.log.queue.byte-limit = 4294967296 (custom)
2023-03-16 20:06:44,325 [pool-528-thread-1] INFO  server.RaftServerConfigKeys (ConfUtils.java:logGet(46)) - raft.server.log.queue.element-limit = 1024 (custom)
2023-03-16 20:06:44,325 [pool-528-thread-1] INFO  server.RaftServerConfigKeys (ConfUtils.java:logGet(46)) - raft.server.log.segment.size.max = 1048576 (custom)
2023-03-16 20:06:44,325 [pool-528-thread-1] INFO  server.RaftServerConfigKeys (ConfUtils.java:logGet(46)) - raft.server.log.preallocated.size = 16384 (custom)
2023-03-16 20:06:44,325 [pool-528-thread-1] INFO  server.RaftServerConfigKeys (ConfUtils.java:logGet(46)) - raft.server.log.force.sync.num = 128 (default)
2023-03-16 20:06:44,325 [pool-528-thread-1] INFO  server.RaftServerConfigKeys (ConfUtils.java:logGet(46)) - raft.server.log.statemachine.data.sync = true (default)
2023-03-16 20:06:44,325 [pool-528-thread-1] INFO  server.RaftServerConfigKeys (ConfUtils.java:logGet(46)) - raft.server.log.statemachine.data.sync.timeout = 10s (default)
2023-03-16 20:06:44,325 [pool-528-thread-1] INFO  server.RaftServerConfigKeys (ConfUtils.java:logGet(46)) - raft.server.log.statemachine.data.sync.timeout.retry = -1 (default)
2023-03-16 20:06:44,326 [pool-528-thread-1] INFO  server.RaftServerConfigKeys (ConfUtils.java:logGet(46)) - raft.server.log.write.buffer.size = 1048576 (custom)
2023-03-16 20:06:44,326 [pool-528-thread-1] INFO  server.RaftServerConfigKeys (ConfUtils.java:logGet(46)) - raft.server.log.appender.buffer.byte-limit = 33554432 (custom)
2023-03-16 20:06:44,332 [pool-528-thread-1] INFO  server.RaftServerConfigKeys (ConfUtils.java:logGet(46)) - raft.server.log.unsafe-flush.enabled = false (default)
2023-03-16 20:06:44,333 [pool-528-thread-1] INFO  server.RaftServerConfigKeys (ConfUtils.java:logGet(46)) - raft.server.log.async-flush.enabled = false (default)
2023-03-16 20:06:44,333 [pool-528-thread-1] INFO  server.RaftServerConfigKeys (ConfUtils.java:logGet(46)) - raft.server.log.statemachine.data.caching.enabled = true (custom)
2023-03-16 20:06:44,333 [pool-528-thread-1] INFO  segmented.SegmentedRaftLogWorker (SegmentedRaftLogWorker.java:lambda$new$0(135)) - af19ea06-4a72-4e8e-a05a-645e0b93ca6c@group-EEADFC261C1A-SegmentedRaftLogWorker: flushIndex: setUnconditionally 0 -> -1
2023-03-16 20:06:44,333 [pool-528-thread-1] INFO  segmented.SegmentedRaftLogWorker (SegmentedRaftLogWorker.java:lambda$new$0(135)) - af19ea06-4a72-4e8e-a05a-645e0b93ca6c@group-EEADFC261C1A-SegmentedRaftLogWorker: safeCacheEvictIndex: setUnconditionally 0 -> -1
2023-03-16 20:06:44,333 [pool-528-thread-1] INFO  server.RaftServer$Division (RaftServerImpl.java:start(334)) - af19ea06-4a72-4e8e-a05a-645e0b93ca6c@group-EEADFC261C1A: start as a follower, conf=-1: peers:[af19ea06-4a72-4e8e-a05a-645e0b93ca6c|rpc:10.1.0.41:43583|dataStream:10.1.0.41:40505|priority:1|startupRole:FOLLOWER]|listeners:[], old=null
2023-03-16 20:06:44,333 [pool-528-thread-1] INFO  server.RaftServer$Division (RaftServerImpl.java:setRole(321)) - af19ea06-4a72-4e8e-a05a-645e0b93ca6c@group-EEADFC261C1A: changes role from      null to FOLLOWER at term 0 for startAsFollower
2023-03-16 20:06:44,334 [pool-528-thread-1] INFO  impl.RoleInfo (RoleInfo.java:updateAndGet(139)) - af19ea06-4a72-4e8e-a05a-645e0b93ca6c: start af19ea06-4a72-4e8e-a05a-645e0b93ca6c@group-EEADFC261C1A-FollowerState
2023-03-16 20:06:44,334 [af19ea06-4a72-4e8e-a05a-645e0b93ca6c@group-EEADFC261C1A-FollowerState] INFO  server.RaftServerConfigKeys (ConfUtils.java:logFallback(53)) - raft.server.rpc.first-election.timeout.min = 5s (fallback to raft.server.rpc.timeout.min)
2023-03-16 20:06:44,334 [af19ea06-4a72-4e8e-a05a-645e0b93ca6c@group-EEADFC261C1A-FollowerState] INFO  server.RaftServerConfigKeys (ConfUtils.java:logFallback(53)) - raft.server.rpc.first-election.timeout.max = 5200ms (fallback to raft.server.rpc.timeout.max)
2023-03-16 20:06:44,334 [pool-528-thread-1] INFO  util.JmxRegister (JmxRegister.java:tryRegister(44)) - Successfully registered JMX Bean with object name Ratis:service=RaftServer,group=group-EEADFC261C1A,id=af19ea06-4a72-4e8e-a05a-645e0b93ca6c
2023-03-16 20:06:44,334 [pool-528-thread-1] INFO  server.RaftServerConfigKeys (ConfUtils.java:logGet(46)) - raft.server.snapshot.auto.trigger.enabled = true (custom)
2023-03-16 20:06:44,334 [pool-528-thread-1] INFO  server.RaftServerConfigKeys (ConfUtils.java:logGet(46)) - raft.server.snapshot.auto.trigger.threshold = 10000 (custom)
2023-03-16 20:06:44,334 [pool-528-thread-1] INFO  server.RaftServerConfigKeys (ConfUtils.java:logGet(46)) - raft.server.snapshot.retention.file.num = 5 (custom)
2023-03-16 20:06:44,334 [pool-528-thread-1] INFO  server.RaftServerConfigKeys (ConfUtils.java:logGet(46)) - raft.server.log.purge.upto.snapshot.index = false (default)
2023-03-16 20:06:44,335 [Command processor thread] INFO  ratis.XceiverServerRatis (XceiverServerRatis.java:addGroup(807)) - Created group PipelineID=995f7be5-c945-4ad9-acad-eeadfc261c1a
2023-03-16 20:06:44,335 [Command processor thread] INFO  commandhandler.CreatePipelineCommandHandler (CreatePipelineCommandHandler.java:handle(113)) - Created Pipeline RATIS ONE PipelineID=995f7be5-c945-4ad9-acad-eeadfc261c1a.
2023-03-16 20:06:44,779 [Command processor thread] INFO  server.RaftServer (RaftServerProxy.java:addNew(96)) - 7632a000-3617-4d19-89f4-e221b08e3da6: addNew group-E68E4D341B63:[7632a000-3617-4d19-89f4-e221b08e3da6|rpc:10.1.0.41:44415|dataStream:10.1.0.41:40343|priority:1|startupRole:FOLLOWER] returns group-E68E4D341B63:java.util.concurrent.CompletableFuture@e97c4aa[Not completed]
2023-03-16 20:06:44,780 [pool-550-thread-1] INFO  server.RaftServer$Division (RaftServerImpl.java:<init>(195)) - 7632a000-3617-4d19-89f4-e221b08e3da6: new RaftServerImpl for group-E68E4D341B63:[7632a000-3617-4d19-89f4-e221b08e3da6|rpc:10.1.0.41:44415|dataStream:10.1.0.41:40343|priority:1|startupRole:FOLLOWER] with ContainerStateMachine:uninitialized
2023-03-16 20:06:44,780 [pool-550-thread-1] INFO  server.RaftServerConfigKeys (ConfUtils.java:logGet(46)) - raft.server.rpc.timeout.min = 5s (custom)
2023-03-16 20:06:44,780 [pool-550-thread-1] INFO  server.RaftServerConfigKeys (ConfUtils.java:logGet(46)) - raft.server.rpc.timeout.max = 5200ms (custom)
2023-03-16 20:06:44,780 [pool-550-thread-1] INFO  server.RaftServerConfigKeys (ConfUtils.java:logGet(46)) - raft.server.rpc.sleep.time = 25ms (default)
2023-03-16 20:06:44,781 [pool-550-thread-1] INFO  server.RaftServerConfigKeys (ConfUtils.java:logGet(46)) - raft.server.rpc.slowness.timeout = 300s (custom)
2023-03-16 20:06:44,781 [pool-550-thread-1] INFO  server.RaftServerConfigKeys (ConfUtils.java:logGet(46)) - raft.server.leaderelection.leader.step-down.wait-time = 10s (default)
2023-03-16 20:06:44,781 [pool-550-thread-1] INFO  server.RaftServerConfigKeys (ConfUtils.java:logGet(46)) - raft.server.sleep.deviation.threshold = 300ms (default)
2023-03-16 20:06:44,781 [pool-550-thread-1] INFO  server.RaftServer$Division (ServerState.java:<init>(118)) - 7632a000-3617-4d19-89f4-e221b08e3da6@group-E68E4D341B63: ConfigurationManager, init=-1: peers:[7632a000-3617-4d19-89f4-e221b08e3da6|rpc:10.1.0.41:44415|dataStream:10.1.0.41:40343|priority:1|startupRole:FOLLOWER]|listeners:[], old=null, confs=<EMPTY_MAP>
2023-03-16 20:06:44,781 [pool-550-thread-1] INFO  server.RaftServerConfigKeys (ConfUtils.java:logGet(46)) - raft.server.storage.dir = [/home/runner/work/ozone/ozone/hadoop-ozone/integration-test/target/test-dir/MiniOzoneClusterImpl-5d34faf9-8c61-4fd7-9f59-d81d67eb328e/datanode-3/data/ratis] (custom)
2023-03-16 20:06:44,781 [pool-550-thread-1] INFO  server.RaftServerConfigKeys (ConfUtils.java:logGet(46)) - raft.server.log.corruption.policy = EXCEPTION (default)
2023-03-16 20:06:44,781 [pool-550-thread-1] INFO  server.RaftServerConfigKeys (ConfUtils.java:logGet(46)) - raft.server.storage.free-space.min = 0MB (=0) (default)
2023-03-16 20:06:44,781 [pool-550-thread-1] INFO  server.RaftServerConfigKeys (ConfUtils.java:logGet(46)) - raft.server.notification.no-leader.timeout = 300s (custom)
2023-03-16 20:06:44,781 [pool-550-thread-1] INFO  server.RaftServerConfigKeys (ConfUtils.java:logGet(46)) - raft.server.retrycache.expirytime = 600000ms (custom)
2023-03-16 20:06:44,781 [pool-550-thread-1] INFO  server.RaftServerConfigKeys (ConfUtils.java:logGet(46)) - raft.server.retrycache.statistics.expirytime = 100μs (default)
2023-03-16 20:06:44,782 [pool-550-thread-1] INFO  server.RaftServerConfigKeys (ConfUtils.java:logGet(46)) - raft.server.log.appender.install.snapshot.enabled = false (custom)
2023-03-16 20:06:44,782 [pool-550-thread-1] INFO  server.RaftServerConfigKeys (ConfUtils.java:logGet(46)) - raft.server.threadpool.server.cached = true (default)
2023-03-16 20:06:44,782 [pool-550-thread-1] INFO  server.RaftServerConfigKeys (ConfUtils.java:logGet(46)) - raft.server.threadpool.server.size = 0 (default)
2023-03-16 20:06:44,782 [pool-550-thread-1] INFO  server.RaftServerConfigKeys (ConfUtils.java:logGet(46)) - raft.server.threadpool.client.cached = true (default)
2023-03-16 20:06:44,782 [pool-550-thread-1] INFO  server.RaftServerConfigKeys (ConfUtils.java:logGet(46)) - raft.server.threadpool.client.size = 0 (default)
2023-03-16 20:06:44,783 [pool-550-thread-1] INFO  storage.RaftStorageDirectory (RaftStorageDirectoryImpl.java:analyzeStorage(137)) - The storage directory /home/runner/work/ozone/ozone/hadoop-ozone/integration-test/target/test-dir/MiniOzoneClusterImpl-5d34faf9-8c61-4fd7-9f59-d81d67eb328e/datanode-3/data/ratis/9fe02956-08a4-445e-80b2-e68e4d341b63 does not exist. Creating ...
2023-03-16 20:06:44,784 [pool-550-thread-1] INFO  storage.RaftStorageDirectory (RaftStorageDirectoryImpl.java:tryLock(231)) - Lock on /home/runner/work/ozone/ozone/hadoop-ozone/integration-test/target/test-dir/MiniOzoneClusterImpl-5d34faf9-8c61-4fd7-9f59-d81d67eb328e/datanode-3/data/ratis/9fe02956-08a4-445e-80b2-e68e4d341b63/in_use.lock acquired by nodename 79287@fv-az371-917
2023-03-16 20:06:44,786 [pool-550-thread-1] INFO  storage.RaftStorage (RaftStorageImpl.java:format(96)) - Storage directory /home/runner/work/ozone/ozone/hadoop-ozone/integration-test/target/test-dir/MiniOzoneClusterImpl-5d34faf9-8c61-4fd7-9f59-d81d67eb328e/datanode-3/data/ratis/9fe02956-08a4-445e-80b2-e68e4d341b63 has been successfully formatted.
2023-03-16 20:06:44,787 [pool-550-thread-1] INFO  ratis.ContainerStateMachine (ContainerStateMachine.java:loadSnapshot(262)) - group-E68E4D341B63: The snapshot info is null. Setting the last applied indexto:(t:0, i:~)
2023-03-16 20:06:44,787 [pool-550-thread-1] INFO  server.RaftServerConfigKeys (ConfUtils.java:logGet(46)) - raft.server.log.use.memory = false (default)
2023-03-16 20:06:44,787 [pool-550-thread-1] INFO  server.RaftServerConfigKeys (ConfUtils.java:logGet(46)) - raft.server.log.purge.gap = 1000000 (custom)
2023-03-16 20:06:44,787 [pool-550-thread-1] INFO  server.RaftServerConfigKeys (ConfUtils.java:logGet(46)) - raft.server.log.appender.buffer.byte-limit = 33554432 (custom)
2023-03-16 20:06:44,788 [pool-550-thread-1] INFO  server.RaftServerConfigKeys (ConfUtils.java:logGet(46)) - raft.server.log.statemachine.data.read.timeout = 1000ms (default)
2023-03-16 20:06:44,788 [pool-550-thread-1] INFO  server.RaftServerConfigKeys (ConfUtils.java:logGet(46)) - raft.server.log.purge.preservation.log.num = 0 (default)
2023-03-16 20:06:44,788 [EventQueue-PipelineReportForPipelineReportHandler] INFO  pipeline.PipelineManagerImpl (PipelineManagerImpl.java:openPipeline(367)) - Pipeline Pipeline[ Id: 9fe02956-08a4-445e-80b2-e68e4d341b63, Nodes: 7632a000-3617-4d19-89f4-e221b08e3da6(fv-az371-917/10.1.0.41), ReplicationConfig: RATIS/ONE, State:ALLOCATED, leaderId:7632a000-3617-4d19-89f4-e221b08e3da6, CreationTimestamp2023-03-16T20:06:41.782Z[Etc/UTC]] moved to OPEN state
2023-03-16 20:06:44,789 [EventQueue-OpenPipelineForHealthyPipelineSafeModeRule] INFO  safemode.SCMSafeModeManager (HealthyPipelineSafeModeRule.java:process(137)) - SCM in safe mode. Healthy pipelines reported count is 0, required healthy pipeline reported count is 1
2023-03-16 20:06:44,794 [pool-550-thread-1] INFO  server.RaftServerConfigKeys (ConfUtils.java:logGet(46)) - raft.server.log.segment.size.max = 1048576 (custom)
2023-03-16 20:06:44,794 [pool-550-thread-1] INFO  server.RaftServerConfigKeys (ConfUtils.java:logGet(46)) - raft.server.log.segment.cache.num.max = 2 (custom)
2023-03-16 20:06:44,794 [pool-550-thread-1] INFO  server.RaftServerConfigKeys (ConfUtils.java:logGet(46)) - raft.server.log.segment.cache.size.max = 200MB (=209715200) (default)
2023-03-16 20:06:44,794 [pool-550-thread-1] INFO  segmented.SegmentedRaftLogWorker (SegmentedRaftLogWorker.java:<init>(189)) - new 7632a000-3617-4d19-89f4-e221b08e3da6@group-E68E4D341B63-SegmentedRaftLogWorker for RaftStorageImpl:Storage Directory /home/runner/work/ozone/ozone/hadoop-ozone/integration-test/target/test-dir/MiniOzoneClusterImpl-5d34faf9-8c61-4fd7-9f59-d81d67eb328e/datanode-3/data/ratis/9fe02956-08a4-445e-80b2-e68e4d341b63
2023-03-16 20:06:44,794 [pool-550-thread-1] INFO  server.RaftServerConfigKeys (ConfUtils.java:logGet(46)) - raft.server.log.queue.byte-limit = 4294967296 (custom)
2023-03-16 20:06:44,795 [pool-550-thread-1] INFO  server.RaftServerConfigKeys (ConfUtils.java:logGet(46)) - raft.server.log.queue.element-limit = 1024 (custom)
2023-03-16 20:06:44,795 [pool-550-thread-1] INFO  server.RaftServerConfigKeys (ConfUtils.java:logGet(46)) - raft.server.log.segment.size.max = 1048576 (custom)
2023-03-16 20:06:44,795 [pool-550-thread-1] INFO  server.RaftServerConfigKeys (ConfUtils.java:logGet(46)) - raft.server.log.preallocated.size = 16384 (custom)
2023-03-16 20:06:44,795 [pool-550-thread-1] INFO  server.RaftServerConfigKeys (ConfUtils.java:logGet(46)) - raft.server.log.force.sync.num = 128 (default)
2023-03-16 20:06:44,795 [pool-550-thread-1] INFO  server.RaftServerConfigKeys (ConfUtils.java:logGet(46)) - raft.server.log.statemachine.data.sync = true (default)
2023-03-16 20:06:44,795 [pool-550-thread-1] INFO  server.RaftServerConfigKeys (ConfUtils.java:logGet(46)) - raft.server.log.statemachine.data.sync.timeout = 10s (default)
2023-03-16 20:06:44,795 [pool-550-thread-1] INFO  server.RaftServerConfigKeys (ConfUtils.java:logGet(46)) - raft.server.log.statemachine.data.sync.timeout.retry = -1 (default)
2023-03-16 20:06:44,797 [pool-550-thread-1] INFO  server.RaftServerConfigKeys (ConfUtils.java:logGet(46)) - raft.server.log.write.buffer.size = 1048576 (custom)
2023-03-16 20:06:44,798 [pool-550-thread-1] INFO  server.RaftServerConfigKeys (ConfUtils.java:logGet(46)) - raft.server.log.appender.buffer.byte-limit = 33554432 (custom)
2023-03-16 20:06:44,805 [pool-550-thread-1] INFO  server.RaftServerConfigKeys (ConfUtils.java:logGet(46)) - raft.server.log.unsafe-flush.enabled = false (default)
2023-03-16 20:06:44,805 [pool-550-thread-1] INFO  server.RaftServerConfigKeys (ConfUtils.java:logGet(46)) - raft.server.log.async-flush.enabled = false (default)
2023-03-16 20:06:44,805 [pool-550-thread-1] INFO  server.RaftServerConfigKeys (ConfUtils.java:logGet(46)) - raft.server.log.statemachine.data.caching.enabled = true (custom)
2023-03-16 20:06:44,805 [pool-550-thread-1] INFO  segmented.SegmentedRaftLogWorker (SegmentedRaftLogWorker.java:lambda$new$0(135)) - 7632a000-3617-4d19-89f4-e221b08e3da6@group-E68E4D341B63-SegmentedRaftLogWorker: flushIndex: setUnconditionally 0 -> -1
2023-03-16 20:06:44,806 [pool-550-thread-1] INFO  segmented.SegmentedRaftLogWorker (SegmentedRaftLogWorker.java:lambda$new$0(135)) - 7632a000-3617-4d19-89f4-e221b08e3da6@group-E68E4D341B63-SegmentedRaftLogWorker: safeCacheEvictIndex: setUnconditionally 0 -> -1
2023-03-16 20:06:44,807 [pool-550-thread-1] INFO  server.RaftServer$Division (RaftServerImpl.java:start(334)) - 7632a000-3617-4d19-89f4-e221b08e3da6@group-E68E4D341B63: start as a follower, conf=-1: peers:[7632a000-3617-4d19-89f4-e221b08e3da6|rpc:10.1.0.41:44415|dataStream:10.1.0.41:40343|priority:1|startupRole:FOLLOWER]|listeners:[], old=null
2023-03-16 20:06:44,807 [pool-550-thread-1] INFO  server.RaftServer$Division (RaftServerImpl.java:setRole(321)) - 7632a000-3617-4d19-89f4-e221b08e3da6@group-E68E4D341B63: changes role from      null to FOLLOWER at term 0 for startAsFollower
2023-03-16 20:06:44,807 [pool-550-thread-1] INFO  impl.RoleInfo (RoleInfo.java:updateAndGet(139)) - 7632a000-3617-4d19-89f4-e221b08e3da6: start 7632a000-3617-4d19-89f4-e221b08e3da6@group-E68E4D341B63-FollowerState
2023-03-16 20:06:44,808 [pool-550-thread-1] INFO  util.JmxRegister (JmxRegister.java:tryRegister(44)) - Successfully registered JMX Bean with object name Ratis:service=RaftServer,group=group-E68E4D341B63,id=7632a000-3617-4d19-89f4-e221b08e3da6
2023-03-16 20:06:44,808 [pool-550-thread-1] INFO  server.RaftServerConfigKeys (ConfUtils.java:logGet(46)) - raft.server.snapshot.auto.trigger.enabled = true (custom)
2023-03-16 20:06:44,808 [pool-550-thread-1] INFO  server.RaftServerConfigKeys (ConfUtils.java:logGet(46)) - raft.server.snapshot.auto.trigger.threshold = 10000 (custom)
2023-03-16 20:06:44,808 [pool-550-thread-1] INFO  server.RaftServerConfigKeys (ConfUtils.java:logGet(46)) - raft.server.snapshot.retention.file.num = 5 (custom)
2023-03-16 20:06:44,808 [pool-550-thread-1] INFO  server.RaftServerConfigKeys (ConfUtils.java:logGet(46)) - raft.server.log.purge.upto.snapshot.index = false (default)
2023-03-16 20:06:44,809 [7632a000-3617-4d19-89f4-e221b08e3da6@group-E68E4D341B63-FollowerState] INFO  server.RaftServerConfigKeys (ConfUtils.java:logFallback(53)) - raft.server.rpc.first-election.timeout.min = 5s (fallback to raft.server.rpc.timeout.min)
2023-03-16 20:06:44,809 [7632a000-3617-4d19-89f4-e221b08e3da6@group-E68E4D341B63-FollowerState] INFO  server.RaftServerConfigKeys (ConfUtils.java:logFallback(53)) - raft.server.rpc.first-election.timeout.max = 5200ms (fallback to raft.server.rpc.timeout.max)
2023-03-16 20:06:44,809 [Command processor thread] INFO  ratis.XceiverServerRatis (XceiverServerRatis.java:addGroup(807)) - Created group PipelineID=9fe02956-08a4-445e-80b2-e68e4d341b63
2023-03-16 20:06:44,809 [Command processor thread] INFO  commandhandler.CreatePipelineCommandHandler (CreatePipelineCommandHandler.java:handle(113)) - Created Pipeline RATIS ONE PipelineID=9fe02956-08a4-445e-80b2-e68e4d341b63.
2023-03-16 20:06:45,213 [Command processor thread] INFO  server.RaftServer (RaftServerProxy.java:addNew(96)) - ebbc2a03-53b4-4736-a1f5-3eecd05c2e3b: addNew group-1004FFE59F01:[ebbc2a03-53b4-4736-a1f5-3eecd05c2e3b|rpc:10.1.0.41:34105|dataStream:10.1.0.41:36207|priority:1|startupRole:FOLLOWER] returns group-1004FFE59F01:java.util.concurrent.CompletableFuture@78d1592c[Not completed]
2023-03-16 20:06:45,215 [pool-572-thread-1] INFO  server.RaftServer$Division (RaftServerImpl.java:<init>(195)) - ebbc2a03-53b4-4736-a1f5-3eecd05c2e3b: new RaftServerImpl for group-1004FFE59F01:[ebbc2a03-53b4-4736-a1f5-3eecd05c2e3b|rpc:10.1.0.41:34105|dataStream:10.1.0.41:36207|priority:1|startupRole:FOLLOWER] with ContainerStateMachine:uninitialized
2023-03-16 20:06:45,215 [pool-572-thread-1] INFO  server.RaftServerConfigKeys (ConfUtils.java:logGet(46)) - raft.server.rpc.timeout.min = 5s (custom)
2023-03-16 20:06:45,215 [pool-572-thread-1] INFO  server.RaftServerConfigKeys (ConfUtils.java:logGet(46)) - raft.server.rpc.timeout.max = 5200ms (custom)
2023-03-16 20:06:45,215 [pool-572-thread-1] INFO  server.RaftServerConfigKeys (ConfUtils.java:logGet(46)) - raft.server.rpc.sleep.time = 25ms (default)
2023-03-16 20:06:45,215 [pool-572-thread-1] INFO  server.RaftServerConfigKeys (ConfUtils.java:logGet(46)) - raft.server.rpc.slowness.timeout = 300s (custom)
2023-03-16 20:06:45,215 [pool-572-thread-1] INFO  server.RaftServerConfigKeys (ConfUtils.java:logGet(46)) - raft.server.leaderelection.leader.step-down.wait-time = 10s (default)
2023-03-16 20:06:45,215 [pool-572-thread-1] INFO  server.RaftServerConfigKeys (ConfUtils.java:logGet(46)) - raft.server.sleep.deviation.threshold = 300ms (default)
2023-03-16 20:06:45,215 [pool-572-thread-1] INFO  server.RaftServer$Division (ServerState.java:<init>(118)) - ebbc2a03-53b4-4736-a1f5-3eecd05c2e3b@group-1004FFE59F01: ConfigurationManager, init=-1: peers:[ebbc2a03-53b4-4736-a1f5-3eecd05c2e3b|rpc:10.1.0.41:34105|dataStream:10.1.0.41:36207|priority:1|startupRole:FOLLOWER]|listeners:[], old=null, confs=<EMPTY_MAP>
2023-03-16 20:06:45,216 [pool-572-thread-1] INFO  server.RaftServerConfigKeys (ConfUtils.java:logGet(46)) - raft.server.storage.dir = [/home/runner/work/ozone/ozone/hadoop-ozone/integration-test/target/test-dir/MiniOzoneClusterImpl-5d34faf9-8c61-4fd7-9f59-d81d67eb328e/datanode-4/data/ratis] (custom)
2023-03-16 20:06:45,216 [Listener at 127.0.0.1/37437] INFO  ozone.MiniOzoneClusterImpl (MiniOzoneClusterImpl.java:lambda$waitForClusterToBeReady$0(222)) - Nodes are ready. Got 5 of 5 DN Heartbeats.
2023-03-16 20:06:45,216 [Listener at 127.0.0.1/37437] INFO  ozone.MiniOzoneClusterImpl (MiniOzoneClusterImpl.java:lambda$waitForClusterToBeReady$0(225)) - Waiting for cluster to exit safe mode
2023-03-16 20:06:45,216 [Listener at 127.0.0.1/37437] INFO  ozone.MiniOzoneClusterImpl (MiniOzoneClusterImpl.java:lambda$waitForClusterToBeReady$0(227)) - SCM became leader
2023-03-16 20:06:45,216 [pool-572-thread-1] INFO  server.RaftServerConfigKeys (ConfUtils.java:logGet(46)) - raft.server.log.corruption.policy = EXCEPTION (default)
2023-03-16 20:06:45,216 [pool-572-thread-1] INFO  server.RaftServerConfigKeys (ConfUtils.java:logGet(46)) - raft.server.storage.free-space.min = 0MB (=0) (default)
2023-03-16 20:06:45,216 [pool-572-thread-1] INFO  server.RaftServerConfigKeys (ConfUtils.java:logGet(46)) - raft.server.notification.no-leader.timeout = 300s (custom)
2023-03-16 20:06:45,216 [pool-572-thread-1] INFO  server.RaftServerConfigKeys (ConfUtils.java:logGet(46)) - raft.server.retrycache.expirytime = 600000ms (custom)
2023-03-16 20:06:45,216 [pool-572-thread-1] INFO  server.RaftServerConfigKeys (ConfUtils.java:logGet(46)) - raft.server.retrycache.statistics.expirytime = 100μs (default)
2023-03-16 20:06:45,218 [pool-572-thread-1] INFO  server.RaftServerConfigKeys (ConfUtils.java:logGet(46)) - raft.server.log.appender.install.snapshot.enabled = false (custom)
2023-03-16 20:06:45,218 [pool-572-thread-1] INFO  server.RaftServerConfigKeys (ConfUtils.java:logGet(46)) - raft.server.threadpool.server.cached = true (default)
2023-03-16 20:06:45,218 [pool-572-thread-1] INFO  server.RaftServerConfigKeys (ConfUtils.java:logGet(46)) - raft.server.threadpool.server.size = 0 (default)
2023-03-16 20:06:45,218 [pool-572-thread-1] INFO  server.RaftServerConfigKeys (ConfUtils.java:logGet(46)) - raft.server.threadpool.client.cached = true (default)
2023-03-16 20:06:45,218 [pool-572-thread-1] INFO  server.RaftServerConfigKeys (ConfUtils.java:logGet(46)) - raft.server.threadpool.client.size = 0 (default)
2023-03-16 20:06:45,218 [pool-572-thread-1] INFO  storage.RaftStorageDirectory (RaftStorageDirectoryImpl.java:analyzeStorage(137)) - The storage directory /home/runner/work/ozone/ozone/hadoop-ozone/integration-test/target/test-dir/MiniOzoneClusterImpl-5d34faf9-8c61-4fd7-9f59-d81d67eb328e/datanode-4/data/ratis/4dd401a9-d0d7-47d8-af33-1004ffe59f01 does not exist. Creating ...
2023-03-16 20:06:45,219 [pool-572-thread-1] INFO  storage.RaftStorageDirectory (RaftStorageDirectoryImpl.java:tryLock(231)) - Lock on /home/runner/work/ozone/ozone/hadoop-ozone/integration-test/target/test-dir/MiniOzoneClusterImpl-5d34faf9-8c61-4fd7-9f59-d81d67eb328e/datanode-4/data/ratis/4dd401a9-d0d7-47d8-af33-1004ffe59f01/in_use.lock acquired by nodename 79287@fv-az371-917
2023-03-16 20:06:45,221 [pool-572-thread-1] INFO  storage.RaftStorage (RaftStorageImpl.java:format(96)) - Storage directory /home/runner/work/ozone/ozone/hadoop-ozone/integration-test/target/test-dir/MiniOzoneClusterImpl-5d34faf9-8c61-4fd7-9f59-d81d67eb328e/datanode-4/data/ratis/4dd401a9-d0d7-47d8-af33-1004ffe59f01 has been successfully formatted.
2023-03-16 20:06:45,223 [pool-572-thread-1] INFO  ratis.ContainerStateMachine (ContainerStateMachine.java:loadSnapshot(262)) - group-1004FFE59F01: The snapshot info is null. Setting the last applied indexto:(t:0, i:~)
2023-03-16 20:06:45,223 [pool-572-thread-1] INFO  server.RaftServerConfigKeys (ConfUtils.java:logGet(46)) - raft.server.log.use.memory = false (default)
2023-03-16 20:06:45,223 [pool-572-thread-1] INFO  server.RaftServerConfigKeys (ConfUtils.java:logGet(46)) - raft.server.log.purge.gap = 1000000 (custom)
2023-03-16 20:06:45,223 [pool-572-thread-1] INFO  server.RaftServerConfigKeys (ConfUtils.java:logGet(46)) - raft.server.log.appender.buffer.byte-limit = 33554432 (custom)
2023-03-16 20:06:45,223 [pool-572-thread-1] INFO  server.RaftServerConfigKeys (ConfUtils.java:logGet(46)) - raft.server.log.statemachine.data.read.timeout = 1000ms (default)
2023-03-16 20:06:45,224 [EventQueue-PipelineReportForPipelineReportHandler] INFO  pipeline.PipelineManagerImpl (PipelineManagerImpl.java:openPipeline(367)) - Pipeline Pipeline[ Id: 4dd401a9-d0d7-47d8-af33-1004ffe59f01, Nodes: ebbc2a03-53b4-4736-a1f5-3eecd05c2e3b(fv-az371-917/10.1.0.41), ReplicationConfig: RATIS/ONE, State:ALLOCATED, leaderId:ebbc2a03-53b4-4736-a1f5-3eecd05c2e3b, CreationTimestamp2023-03-16T20:06:42.217Z[Etc/UTC]] moved to OPEN state
2023-03-16 20:06:45,224 [pool-572-thread-1] INFO  server.RaftServerConfigKeys (ConfUtils.java:logGet(46)) - raft.server.log.purge.preservation.log.num = 0 (default)
2023-03-16 20:06:45,225 [pool-572-thread-1] INFO  server.RaftServerConfigKeys (ConfUtils.java:logGet(46)) - raft.server.log.segment.size.max = 1048576 (custom)
2023-03-16 20:06:45,225 [EventQueue-OpenPipelineForHealthyPipelineSafeModeRule] INFO  safemode.SCMSafeModeManager (HealthyPipelineSafeModeRule.java:process(137)) - SCM in safe mode. Healthy pipelines reported count is 0, required healthy pipeline reported count is 1
2023-03-16 20:06:45,225 [pool-572-thread-1] INFO  server.RaftServerConfigKeys (ConfUtils.java:logGet(46)) - raft.server.log.segment.cache.num.max = 2 (custom)
2023-03-16 20:06:45,225 [pool-572-thread-1] INFO  server.RaftServerConfigKeys (ConfUtils.java:logGet(46)) - raft.server.log.segment.cache.size.max = 200MB (=209715200) (default)
2023-03-16 20:06:45,226 [pool-572-thread-1] INFO  segmented.SegmentedRaftLogWorker (SegmentedRaftLogWorker.java:<init>(189)) - new ebbc2a03-53b4-4736-a1f5-3eecd05c2e3b@group-1004FFE59F01-SegmentedRaftLogWorker for RaftStorageImpl:Storage Directory /home/runner/work/ozone/ozone/hadoop-ozone/integration-test/target/test-dir/MiniOzoneClusterImpl-5d34faf9-8c61-4fd7-9f59-d81d67eb328e/datanode-4/data/ratis/4dd401a9-d0d7-47d8-af33-1004ffe59f01
2023-03-16 20:06:45,226 [pool-572-thread-1] INFO  server.RaftServerConfigKeys (ConfUtils.java:logGet(46)) - raft.server.log.queue.byte-limit = 4294967296 (custom)
2023-03-16 20:06:45,226 [pool-572-thread-1] INFO  server.RaftServerConfigKeys (ConfUtils.java:logGet(46)) - raft.server.log.queue.element-limit = 1024 (custom)
2023-03-16 20:06:45,226 [pool-572-thread-1] INFO  server.RaftServerConfigKeys (ConfUtils.java:logGet(46)) - raft.server.log.segment.size.max = 1048576 (custom)
2023-03-16 20:06:45,226 [pool-572-thread-1] INFO  server.RaftServerConfigKeys (ConfUtils.java:logGet(46)) - raft.server.log.preallocated.size = 16384 (custom)
2023-03-16 20:06:45,226 [pool-572-thread-1] INFO  server.RaftServerConfigKeys (ConfUtils.java:logGet(46)) - raft.server.log.force.sync.num = 128 (default)
2023-03-16 20:06:45,226 [pool-572-thread-1] INFO  server.RaftServerConfigKeys (ConfUtils.java:logGet(46)) - raft.server.log.statemachine.data.sync = true (default)
2023-03-16 20:06:45,226 [pool-572-thread-1] INFO  server.RaftServerConfigKeys (ConfUtils.java:logGet(46)) - raft.server.log.statemachine.data.sync.timeout = 10s (default)
2023-03-16 20:06:45,226 [pool-572-thread-1] INFO  server.RaftServerConfigKeys (ConfUtils.java:logGet(46)) - raft.server.log.statemachine.data.sync.timeout.retry = -1 (default)
2023-03-16 20:06:45,227 [pool-572-thread-1] INFO  server.RaftServerConfigKeys (ConfUtils.java:logGet(46)) - raft.server.log.write.buffer.size = 1048576 (custom)
2023-03-16 20:06:45,227 [pool-572-thread-1] INFO  server.RaftServerConfigKeys (ConfUtils.java:logGet(46)) - raft.server.log.appender.buffer.byte-limit = 33554432 (custom)
2023-03-16 20:06:45,234 [pool-572-thread-1] INFO  server.RaftServerConfigKeys (ConfUtils.java:logGet(46)) - raft.server.log.unsafe-flush.enabled = false (default)
2023-03-16 20:06:45,234 [pool-572-thread-1] INFO  server.RaftServerConfigKeys (ConfUtils.java:logGet(46)) - raft.server.log.async-flush.enabled = false (default)
2023-03-16 20:06:45,234 [pool-572-thread-1] INFO  server.RaftServerConfigKeys (ConfUtils.java:logGet(46)) - raft.server.log.statemachine.data.caching.enabled = true (custom)
2023-03-16 20:06:45,234 [pool-572-thread-1] INFO  segmented.SegmentedRaftLogWorker (SegmentedRaftLogWorker.java:lambda$new$0(135)) - ebbc2a03-53b4-4736-a1f5-3eecd05c2e3b@group-1004FFE59F01-SegmentedRaftLogWorker: flushIndex: setUnconditionally 0 -> -1
2023-03-16 20:06:45,234 [pool-572-thread-1] INFO  segmented.SegmentedRaftLogWorker (SegmentedRaftLogWorker.java:lambda$new$0(135)) - ebbc2a03-53b4-4736-a1f5-3eecd05c2e3b@group-1004FFE59F01-SegmentedRaftLogWorker: safeCacheEvictIndex: setUnconditionally 0 -> -1
2023-03-16 20:06:45,235 [pool-572-thread-1] INFO  server.RaftServer$Division (RaftServerImpl.java:start(334)) - ebbc2a03-53b4-4736-a1f5-3eecd05c2e3b@group-1004FFE59F01: start as a follower, conf=-1: peers:[ebbc2a03-53b4-4736-a1f5-3eecd05c2e3b|rpc:10.1.0.41:34105|dataStream:10.1.0.41:36207|priority:1|startupRole:FOLLOWER]|listeners:[], old=null
2023-03-16 20:06:45,235 [pool-572-thread-1] INFO  server.RaftServer$Division (RaftServerImpl.java:setRole(321)) - ebbc2a03-53b4-4736-a1f5-3eecd05c2e3b@group-1004FFE59F01: changes role from      null to FOLLOWER at term 0 for startAsFollower
2023-03-16 20:06:45,235 [pool-572-thread-1] INFO  impl.RoleInfo (RoleInfo.java:updateAndGet(139)) - ebbc2a03-53b4-4736-a1f5-3eecd05c2e3b: start ebbc2a03-53b4-4736-a1f5-3eecd05c2e3b@group-1004FFE59F01-FollowerState
2023-03-16 20:06:45,235 [pool-572-thread-1] INFO  util.JmxRegister (JmxRegister.java:tryRegister(44)) - Successfully registered JMX Bean with object name Ratis:service=RaftServer,group=group-1004FFE59F01,id=ebbc2a03-53b4-4736-a1f5-3eecd05c2e3b
2023-03-16 20:06:45,235 [pool-572-thread-1] INFO  server.RaftServerConfigKeys (ConfUtils.java:logGet(46)) - raft.server.snapshot.auto.trigger.enabled = true (custom)
2023-03-16 20:06:45,235 [pool-572-thread-1] INFO  server.RaftServerConfigKeys (ConfUtils.java:logGet(46)) - raft.server.snapshot.auto.trigger.threshold = 10000 (custom)
2023-03-16 20:06:45,236 [pool-572-thread-1] INFO  server.RaftServerConfigKeys (ConfUtils.java:logGet(46)) - raft.server.snapshot.retention.file.num = 5 (custom)
2023-03-16 20:06:45,236 [pool-572-thread-1] INFO  server.RaftServerConfigKeys (ConfUtils.java:logGet(46)) - raft.server.log.purge.upto.snapshot.index = false (default)
2023-03-16 20:06:45,236 [ebbc2a03-53b4-4736-a1f5-3eecd05c2e3b@group-1004FFE59F01-FollowerState] INFO  server.RaftServerConfigKeys (ConfUtils.java:logFallback(53)) - raft.server.rpc.first-election.timeout.min = 5s (fallback to raft.server.rpc.timeout.min)
2023-03-16 20:06:45,236 [ebbc2a03-53b4-4736-a1f5-3eecd05c2e3b@group-1004FFE59F01-FollowerState] INFO  server.RaftServerConfigKeys (ConfUtils.java:logFallback(53)) - raft.server.rpc.first-election.timeout.max = 5200ms (fallback to raft.server.rpc.timeout.max)
2023-03-16 20:06:45,237 [Command processor thread] INFO  ratis.XceiverServerRatis (XceiverServerRatis.java:addGroup(807)) - Created group PipelineID=4dd401a9-d0d7-47d8-af33-1004ffe59f01
2023-03-16 20:06:45,237 [Command processor thread] INFO  commandhandler.CreatePipelineCommandHandler (CreatePipelineCommandHandler.java:handle(113)) - Created Pipeline RATIS ONE PipelineID=4dd401a9-d0d7-47d8-af33-1004ffe59f01.
2023-03-16 20:06:46,216 [Listener at 127.0.0.1/37437] INFO  ozone.MiniOzoneClusterImpl (MiniOzoneClusterImpl.java:lambda$waitForClusterToBeReady$0(222)) - Nodes are ready. Got 5 of 5 DN Heartbeats.
2023-03-16 20:06:46,217 [Listener at 127.0.0.1/37437] INFO  ozone.MiniOzoneClusterImpl (MiniOzoneClusterImpl.java:lambda$waitForClusterToBeReady$0(225)) - Waiting for cluster to exit safe mode
2023-03-16 20:06:46,217 [Listener at 127.0.0.1/37437] INFO  ozone.MiniOzoneClusterImpl (MiniOzoneClusterImpl.java:lambda$waitForClusterToBeReady$0(227)) - SCM became leader
2023-03-16 20:06:47,217 [Listener at 127.0.0.1/37437] INFO  ozone.MiniOzoneClusterImpl (MiniOzoneClusterImpl.java:lambda$waitForClusterToBeReady$0(222)) - Nodes are ready. Got 5 of 5 DN Heartbeats.
2023-03-16 20:06:47,217 [Listener at 127.0.0.1/37437] INFO  ozone.MiniOzoneClusterImpl (MiniOzoneClusterImpl.java:lambda$waitForClusterToBeReady$0(225)) - Waiting for cluster to exit safe mode
2023-03-16 20:06:47,217 [Listener at 127.0.0.1/37437] INFO  ozone.MiniOzoneClusterImpl (MiniOzoneClusterImpl.java:lambda$waitForClusterToBeReady$0(227)) - SCM became leader
2023-03-16 20:06:48,218 [Listener at 127.0.0.1/37437] INFO  ozone.MiniOzoneClusterImpl (MiniOzoneClusterImpl.java:lambda$waitForClusterToBeReady$0(222)) - Nodes are ready. Got 5 of 5 DN Heartbeats.
2023-03-16 20:06:48,218 [Listener at 127.0.0.1/37437] INFO  ozone.MiniOzoneClusterImpl (MiniOzoneClusterImpl.java:lambda$waitForClusterToBeReady$0(225)) - Waiting for cluster to exit safe mode
2023-03-16 20:06:48,218 [Listener at 127.0.0.1/37437] INFO  ozone.MiniOzoneClusterImpl (MiniOzoneClusterImpl.java:lambda$waitForClusterToBeReady$0(227)) - SCM became leader
2023-03-16 20:06:48,547 [67a302da-c3a9-4d3b-a81a-6dae531b3b12@group-5B64B89C4C6D-FollowerState] INFO  impl.FollowerState (FollowerState.java:run(143)) - 67a302da-c3a9-4d3b-a81a-6dae531b3b12@group-5B64B89C4C6D-FollowerState: change to CANDIDATE, lastRpcElapsedTime:5061429865ns, electionTimeout:5056ms
2023-03-16 20:06:48,547 [67a302da-c3a9-4d3b-a81a-6dae531b3b12@group-5B64B89C4C6D-FollowerState] INFO  impl.RoleInfo (RoleInfo.java:shutdownFollowerState(110)) - 67a302da-c3a9-4d3b-a81a-6dae531b3b12: shutdown 67a302da-c3a9-4d3b-a81a-6dae531b3b12@group-5B64B89C4C6D-FollowerState
2023-03-16 20:06:48,547 [67a302da-c3a9-4d3b-a81a-6dae531b3b12@group-5B64B89C4C6D-FollowerState] INFO  server.RaftServer$Division (RaftServerImpl.java:setRole(321)) - 67a302da-c3a9-4d3b-a81a-6dae531b3b12@group-5B64B89C4C6D: changes role from  FOLLOWER to CANDIDATE at term 0 for changeToCandidate
2023-03-16 20:06:48,548 [67a302da-c3a9-4d3b-a81a-6dae531b3b12@group-5B64B89C4C6D-FollowerState] INFO  server.RaftServerConfigKeys (ConfUtils.java:logGet(46)) - raft.server.leaderelection.pre-vote = true (default)
2023-03-16 20:06:48,548 [67a302da-c3a9-4d3b-a81a-6dae531b3b12@group-5B64B89C4C6D-FollowerState] INFO  impl.RoleInfo (RoleInfo.java:updateAndGet(139)) - 67a302da-c3a9-4d3b-a81a-6dae531b3b12: start 67a302da-c3a9-4d3b-a81a-6dae531b3b12@group-5B64B89C4C6D-LeaderElection20
2023-03-16 20:06:48,552 [67a302da-c3a9-4d3b-a81a-6dae531b3b12@group-5B64B89C4C6D-LeaderElection20] INFO  impl.LeaderElection (LeaderElection.java:askForVotes(312)) - 67a302da-c3a9-4d3b-a81a-6dae531b3b12@group-5B64B89C4C6D-LeaderElection20 PRE_VOTE round 0: submit vote requests at term 0 for -1: peers:[af19ea06-4a72-4e8e-a05a-645e0b93ca6c|rpc:10.1.0.41:43583|dataStream:10.1.0.41:40505|priority:0|startupRole:FOLLOWER, 682b4d9c-96c0-4a75-8400-2841f36046f6|rpc:10.1.0.41:43675|dataStream:10.1.0.41:39721|priority:1|startupRole:FOLLOWER, 67a302da-c3a9-4d3b-a81a-6dae531b3b12|rpc:10.1.0.41:36435|dataStream:10.1.0.41:33407|priority:0|startupRole:FOLLOWER]|listeners:[], old=null
2023-03-16 20:06:48,553 [67a302da-c3a9-4d3b-a81a-6dae531b3b12@group-5B64B89C4C6D-LeaderElection20-1] INFO  server.GrpcServerProtocolClient (GrpcServerProtocolClient.java:<init>(63)) - Build channel for af19ea06-4a72-4e8e-a05a-645e0b93ca6c
2023-03-16 20:06:48,553 [67a302da-c3a9-4d3b-a81a-6dae531b3b12@group-5B64B89C4C6D-LeaderElection20] INFO  server.RaftServerConfigKeys (ConfUtils.java:logFallback(53)) - raft.server.rpc.first-election.timeout.min = 5s (fallback to raft.server.rpc.timeout.min)
2023-03-16 20:06:48,553 [67a302da-c3a9-4d3b-a81a-6dae531b3b12@group-5B64B89C4C6D-LeaderElection20] INFO  server.RaftServerConfigKeys (ConfUtils.java:logFallback(53)) - raft.server.rpc.first-election.timeout.max = 5200ms (fallback to raft.server.rpc.timeout.max)
2023-03-16 20:06:48,553 [67a302da-c3a9-4d3b-a81a-6dae531b3b12@group-5B64B89C4C6D-LeaderElection20-2] INFO  server.GrpcServerProtocolClient (GrpcServerProtocolClient.java:<init>(63)) - Build channel for 682b4d9c-96c0-4a75-8400-2841f36046f6
2023-03-16 20:06:48,566 [grpc-default-executor-0] INFO  server.RaftServer$Division (RaftServerImpl.java:requestVote(1218)) - af19ea06-4a72-4e8e-a05a-645e0b93ca6c@group-5B64B89C4C6D: receive requestVote(PRE_VOTE, 67a302da-c3a9-4d3b-a81a-6dae531b3b12, group-5B64B89C4C6D, 0, (t:0, i:0))
2023-03-16 20:06:48,566 [grpc-default-executor-0] INFO  impl.VoteContext (VoteContext.java:log(49)) - af19ea06-4a72-4e8e-a05a-645e0b93ca6c@group-5B64B89C4C6D-FOLLOWER: accept PRE_VOTE from 67a302da-c3a9-4d3b-a81a-6dae531b3b12: our priority 0 <= candidate's priority 0
2023-03-16 20:06:48,566 [grpc-default-executor-0] INFO  server.RaftServer$Division (RaftServerImpl.java:requestVote(1251)) - af19ea06-4a72-4e8e-a05a-645e0b93ca6c@group-5B64B89C4C6D replies to PRE_VOTE vote request: 67a302da-c3a9-4d3b-a81a-6dae531b3b12<-af19ea06-4a72-4e8e-a05a-645e0b93ca6c#0:OK-t0. Peer's state: af19ea06-4a72-4e8e-a05a-645e0b93ca6c@group-5B64B89C4C6D:t0, leader=null, voted=, raftlog=Memoized:af19ea06-4a72-4e8e-a05a-645e0b93ca6c@group-5B64B89C4C6D-SegmentedRaftLog:OPENED:c-1, conf=-1: peers:[af19ea06-4a72-4e8e-a05a-645e0b93ca6c|rpc:10.1.0.41:43583|dataStream:10.1.0.41:40505|priority:0|startupRole:FOLLOWER, 682b4d9c-96c0-4a75-8400-2841f36046f6|rpc:10.1.0.41:43675|dataStream:10.1.0.41:39721|priority:1|startupRole:FOLLOWER, 67a302da-c3a9-4d3b-a81a-6dae531b3b12|rpc:10.1.0.41:36435|dataStream:10.1.0.41:33407|priority:0|startupRole:FOLLOWER]|listeners:[], old=null
2023-03-16 20:06:48,572 [grpc-default-executor-0] INFO  server.RaftServer$Division (RaftServerImpl.java:requestVote(1218)) - 682b4d9c-96c0-4a75-8400-2841f36046f6@group-5B64B89C4C6D: receive requestVote(PRE_VOTE, 67a302da-c3a9-4d3b-a81a-6dae531b3b12, group-5B64B89C4C6D, 0, (t:0, i:0))
2023-03-16 20:06:48,572 [grpc-default-executor-0] INFO  impl.VoteContext (VoteContext.java:log(49)) - 682b4d9c-96c0-4a75-8400-2841f36046f6@group-5B64B89C4C6D-FOLLOWER: reject PRE_VOTE from 67a302da-c3a9-4d3b-a81a-6dae531b3b12: our priority 1 > candidate's priority 0
2023-03-16 20:06:48,572 [grpc-default-executor-0] INFO  server.RaftServer$Division (RaftServerImpl.java:requestVote(1251)) - 682b4d9c-96c0-4a75-8400-2841f36046f6@group-5B64B89C4C6D replies to PRE_VOTE vote request: 67a302da-c3a9-4d3b-a81a-6dae531b3b12<-682b4d9c-96c0-4a75-8400-2841f36046f6#0:FAIL-t0. Peer's state: 682b4d9c-96c0-4a75-8400-2841f36046f6@group-5B64B89C4C6D:t0, leader=null, voted=, raftlog=Memoized:682b4d9c-96c0-4a75-8400-2841f36046f6@group-5B64B89C4C6D-SegmentedRaftLog:OPENED:c-1, conf=-1: peers:[af19ea06-4a72-4e8e-a05a-645e0b93ca6c|rpc:10.1.0.41:43583|dataStream:10.1.0.41:40505|priority:0|startupRole:FOLLOWER, 682b4d9c-96c0-4a75-8400-2841f36046f6|rpc:10.1.0.41:43675|dataStream:10.1.0.41:39721|priority:1|startupRole:FOLLOWER, 67a302da-c3a9-4d3b-a81a-6dae531b3b12|rpc:10.1.0.41:36435|dataStream:10.1.0.41:33407|priority:0|startupRole:FOLLOWER]|listeners:[], old=null
2023-03-16 20:06:48,576 [67a302da-c3a9-4d3b-a81a-6dae531b3b12@group-5B64B89C4C6D-LeaderElection20] INFO  impl.LeaderElection (LeaderElection.java:logAndReturn(90)) - 67a302da-c3a9-4d3b-a81a-6dae531b3b12@group-5B64B89C4C6D-LeaderElection20: PRE_VOTE REJECTED received 2 response(s) and 0 exception(s):
2023-03-16 20:06:48,576 [67a302da-c3a9-4d3b-a81a-6dae531b3b12@group-5B64B89C4C6D-LeaderElection20] INFO  impl.LeaderElection (LeaderElection.java:logAndReturn(94)) -   Response 0: 67a302da-c3a9-4d3b-a81a-6dae531b3b12<-af19ea06-4a72-4e8e-a05a-645e0b93ca6c#0:OK-t0
2023-03-16 20:06:48,576 [67a302da-c3a9-4d3b-a81a-6dae531b3b12@group-5B64B89C4C6D-LeaderElection20] INFO  impl.LeaderElection (LeaderElection.java:logAndReturn(94)) -   Response 1: 67a302da-c3a9-4d3b-a81a-6dae531b3b12<-682b4d9c-96c0-4a75-8400-2841f36046f6#0:FAIL-t0
2023-03-16 20:06:48,576 [67a302da-c3a9-4d3b-a81a-6dae531b3b12@group-5B64B89C4C6D-LeaderElection20] INFO  impl.LeaderElection (LeaderElection.java:askForVotes(314)) - 67a302da-c3a9-4d3b-a81a-6dae531b3b12@group-5B64B89C4C6D-LeaderElection20 PRE_VOTE round 0: result REJECTED
2023-03-16 20:06:48,576 [67a302da-c3a9-4d3b-a81a-6dae531b3b12@group-5B64B89C4C6D-LeaderElection20] INFO  server.RaftServer$Division (RaftServerImpl.java:setRole(321)) - 67a302da-c3a9-4d3b-a81a-6dae531b3b12@group-5B64B89C4C6D: changes role from CANDIDATE to FOLLOWER at term 0 for REJECTED
2023-03-16 20:06:48,576 [67a302da-c3a9-4d3b-a81a-6dae531b3b12@group-5B64B89C4C6D-LeaderElection20] INFO  impl.RoleInfo (RoleInfo.java:shutdownLeaderElection(130)) - 67a302da-c3a9-4d3b-a81a-6dae531b3b12: shutdown 67a302da-c3a9-4d3b-a81a-6dae531b3b12@group-5B64B89C4C6D-LeaderElection20
2023-03-16 20:06:48,576 [67a302da-c3a9-4d3b-a81a-6dae531b3b12@group-5B64B89C4C6D-LeaderElection20] INFO  impl.RoleInfo (RoleInfo.java:updateAndGet(139)) - 67a302da-c3a9-4d3b-a81a-6dae531b3b12: start 67a302da-c3a9-4d3b-a81a-6dae531b3b12@group-5B64B89C4C6D-FollowerState
2023-03-16 20:06:48,577 [67a302da-c3a9-4d3b-a81a-6dae531b3b12@group-5B64B89C4C6D-FollowerState] INFO  server.RaftServerConfigKeys (ConfUtils.java:logFallback(53)) - raft.server.rpc.first-election.timeout.min = 5s (fallback to raft.server.rpc.timeout.min)
2023-03-16 20:06:48,577 [67a302da-c3a9-4d3b-a81a-6dae531b3b12@group-5B64B89C4C6D-FollowerState] INFO  server.RaftServerConfigKeys (ConfUtils.java:logFallback(53)) - raft.server.rpc.first-election.timeout.max = 5200ms (fallback to raft.server.rpc.timeout.max)
2023-03-16 20:06:48,650 [67a302da-c3a9-4d3b-a81a-6dae531b3b12@group-D42F5958F26C-FollowerState] INFO  impl.FollowerState (FollowerState.java:run(143)) - 67a302da-c3a9-4d3b-a81a-6dae531b3b12@group-D42F5958F26C-FollowerState: change to CANDIDATE, lastRpcElapsedTime:5191015410ns, electionTimeout:5186ms
2023-03-16 20:06:48,650 [67a302da-c3a9-4d3b-a81a-6dae531b3b12@group-D42F5958F26C-FollowerState] INFO  impl.RoleInfo (RoleInfo.java:shutdownFollowerState(110)) - 67a302da-c3a9-4d3b-a81a-6dae531b3b12: shutdown 67a302da-c3a9-4d3b-a81a-6dae531b3b12@group-D42F5958F26C-FollowerState
2023-03-16 20:06:48,650 [67a302da-c3a9-4d3b-a81a-6dae531b3b12@group-D42F5958F26C-FollowerState] INFO  server.RaftServer$Division (RaftServerImpl.java:setRole(321)) - 67a302da-c3a9-4d3b-a81a-6dae531b3b12@group-D42F5958F26C: changes role from  FOLLOWER to CANDIDATE at term 0 for changeToCandidate
2023-03-16 20:06:48,650 [67a302da-c3a9-4d3b-a81a-6dae531b3b12@group-D42F5958F26C-FollowerState] INFO  server.RaftServerConfigKeys (ConfUtils.java:logGet(46)) - raft.server.leaderelection.pre-vote = true (default)
2023-03-16 20:06:48,650 [67a302da-c3a9-4d3b-a81a-6dae531b3b12@group-D42F5958F26C-FollowerState] INFO  impl.RoleInfo (RoleInfo.java:updateAndGet(139)) - 67a302da-c3a9-4d3b-a81a-6dae531b3b12: start 67a302da-c3a9-4d3b-a81a-6dae531b3b12@group-D42F5958F26C-LeaderElection21
2023-03-16 20:06:48,653 [67a302da-c3a9-4d3b-a81a-6dae531b3b12@group-D42F5958F26C-LeaderElection21] INFO  impl.LeaderElection (LeaderElection.java:askForVotes(312)) - 67a302da-c3a9-4d3b-a81a-6dae531b3b12@group-D42F5958F26C-LeaderElection21 PRE_VOTE round 0: submit vote requests at term 0 for -1: peers:[67a302da-c3a9-4d3b-a81a-6dae531b3b12|rpc:10.1.0.41:36435|dataStream:10.1.0.41:33407|priority:1|startupRole:FOLLOWER]|listeners:[], old=null
2023-03-16 20:06:48,653 [67a302da-c3a9-4d3b-a81a-6dae531b3b12@group-D42F5958F26C-LeaderElection21] INFO  impl.LeaderElection (LeaderElection.java:askForVotes(314)) - 67a302da-c3a9-4d3b-a81a-6dae531b3b12@group-D42F5958F26C-LeaderElection21 PRE_VOTE round 0: result PASSED (term=0)
2023-03-16 20:06:48,656 [67a302da-c3a9-4d3b-a81a-6dae531b3b12@group-D42F5958F26C-LeaderElection21] INFO  impl.LeaderElection (LeaderElection.java:askForVotes(312)) - 67a302da-c3a9-4d3b-a81a-6dae531b3b12@group-D42F5958F26C-LeaderElection21 ELECTION round 0: submit vote requests at term 1 for -1: peers:[67a302da-c3a9-4d3b-a81a-6dae531b3b12|rpc:10.1.0.41:36435|dataStream:10.1.0.41:33407|priority:1|startupRole:FOLLOWER]|listeners:[], old=null
2023-03-16 20:06:48,656 [67a302da-c3a9-4d3b-a81a-6dae531b3b12@group-D42F5958F26C-LeaderElection21] INFO  impl.LeaderElection (LeaderElection.java:askForVotes(314)) - 67a302da-c3a9-4d3b-a81a-6dae531b3b12@group-D42F5958F26C-LeaderElection21 ELECTION round 0: result PASSED (term=1)
2023-03-16 20:06:48,656 [67a302da-c3a9-4d3b-a81a-6dae531b3b12@group-D42F5958F26C-LeaderElection21] INFO  impl.RoleInfo (RoleInfo.java:shutdownLeaderElection(130)) - 67a302da-c3a9-4d3b-a81a-6dae531b3b12: shutdown 67a302da-c3a9-4d3b-a81a-6dae531b3b12@group-D42F5958F26C-LeaderElection21
2023-03-16 20:06:48,656 [67a302da-c3a9-4d3b-a81a-6dae531b3b12@group-D42F5958F26C-LeaderElection21] INFO  server.RaftServer$Division (RaftServerImpl.java:setRole(321)) - 67a302da-c3a9-4d3b-a81a-6dae531b3b12@group-D42F5958F26C: changes role from CANDIDATE to LEADER at term 1 for changeToLeader
2023-03-16 20:06:48,656 [67a302da-c3a9-4d3b-a81a-6dae531b3b12@group-D42F5958F26C-LeaderElection21] INFO  ratis.XceiverServerRatis (XceiverServerRatis.java:handleLeaderChangedNotification(905)) - Leader change notification received for group: group-D42F5958F26C with new leaderId: 67a302da-c3a9-4d3b-a81a-6dae531b3b12
2023-03-16 20:06:48,657 [67a302da-c3a9-4d3b-a81a-6dae531b3b12@group-D42F5958F26C-LeaderElection21] INFO  server.RaftServer$Division (ServerState.java:setLeader(313)) - 67a302da-c3a9-4d3b-a81a-6dae531b3b12@group-D42F5958F26C: change Leader from null to 67a302da-c3a9-4d3b-a81a-6dae531b3b12 at term 1 for becomeLeader, leader elected after 5232ms
2023-03-16 20:06:48,657 [67a302da-c3a9-4d3b-a81a-6dae531b3b12@group-D42F5958F26C-LeaderElection21] INFO  server.RaftServerConfigKeys (ConfUtils.java:logGet(46)) - raft.server.staging.catchup.gap = 1000 (default)
2023-03-16 20:06:48,657 [67a302da-c3a9-4d3b-a81a-6dae531b3b12@group-D42F5958F26C-LeaderElection21] INFO  server.RaftServerConfigKeys (ConfUtils.java:logGet(46)) - raft.server.write.element-limit = 1024 (custom)
2023-03-16 20:06:48,657 [67a302da-c3a9-4d3b-a81a-6dae531b3b12@group-D42F5958F26C-LeaderElection21] INFO  server.RaftServerConfigKeys (ConfUtils.java:logGet(46)) - raft.server.write.byte-limit = 1024 M (=1073741824) (custom)
2023-03-16 20:06:48,657 [67a302da-c3a9-4d3b-a81a-6dae531b3b12@group-D42F5958F26C-LeaderElection21] INFO  server.RaftServerConfigKeys (ConfUtils.java:logGet(46)) - raft.server.watch.timeout = 180s (custom)
2023-03-16 20:06:48,657 [67a302da-c3a9-4d3b-a81a-6dae531b3b12@group-D42F5958F26C-LeaderElection21] INFO  server.RaftServerConfigKeys (ConfUtils.java:logGet(46)) - raft.server.watch.timeout.denomination = 1s (default)
2023-03-16 20:06:48,658 [67a302da-c3a9-4d3b-a81a-6dae531b3b12@group-D42F5958F26C-LeaderElection21] INFO  server.RaftServerConfigKeys (ConfUtils.java:logGet(46)) - raft.server.watch.element-limit = 65536 (default)
2023-03-16 20:06:48,658 [67a302da-c3a9-4d3b-a81a-6dae531b3b12@group-D42F5958F26C-LeaderElection21] INFO  server.RaftServerConfigKeys (ConfUtils.java:logGet(46)) - raft.server.write.element-limit = 1024 (custom)
2023-03-16 20:06:48,658 [67a302da-c3a9-4d3b-a81a-6dae531b3b12@group-D42F5958F26C-LeaderElection21] INFO  server.RaftServerConfigKeys (ConfUtils.java:logGet(46)) - raft.server.write.follower.gap.ratio.max = -1.0 (default)
2023-03-16 20:06:48,658 [67a302da-c3a9-4d3b-a81a-6dae531b3b12@group-D42F5958F26C-LeaderElection21] INFO  impl.RoleInfo (RoleInfo.java:updateAndGet(139)) - 67a302da-c3a9-4d3b-a81a-6dae531b3b12: start 67a302da-c3a9-4d3b-a81a-6dae531b3b12@group-D42F5958F26C-LeaderStateImpl
2023-03-16 20:06:48,658 [67a302da-c3a9-4d3b-a81a-6dae531b3b12@group-D42F5958F26C-LeaderElection21] INFO  segmented.SegmentedRaftLogWorker (SegmentedRaftLogWorker.java:startLogSegment(452)) - 67a302da-c3a9-4d3b-a81a-6dae531b3b12@group-D42F5958F26C-SegmentedRaftLogWorker: Starting segment from index:0
2023-03-16 20:06:48,659 [EventQueue-OpenPipelineForHealthyPipelineSafeModeRule] INFO  safemode.SCMSafeModeManager (HealthyPipelineSafeModeRule.java:process(137)) - SCM in safe mode. Healthy pipelines reported count is 0, required healthy pipeline reported count is 1
2023-03-16 20:06:48,660 [67a302da-c3a9-4d3b-a81a-6dae531b3b12@group-D42F5958F26C-LeaderElection21] INFO  server.RaftServer$Division (ServerState.java:setRaftConf(430)) - 67a302da-c3a9-4d3b-a81a-6dae531b3b12@group-D42F5958F26C: set configuration 0: peers:[67a302da-c3a9-4d3b-a81a-6dae531b3b12|rpc:10.1.0.41:36435|dataStream:10.1.0.41:33407|priority:1|startupRole:FOLLOWER]|listeners:[], old=null
2023-03-16 20:06:48,661 [67a302da-c3a9-4d3b-a81a-6dae531b3b12@group-D42F5958F26C-SegmentedRaftLogWorker] INFO  segmented.SegmentedRaftLogWorker (SegmentedRaftLogWorker.java:execute(656)) - 67a302da-c3a9-4d3b-a81a-6dae531b3b12@group-D42F5958F26C-SegmentedRaftLogWorker: created new log segment /home/runner/work/ozone/ozone/hadoop-ozone/integration-test/target/test-dir/MiniOzoneClusterImpl-5d34faf9-8c61-4fd7-9f59-d81d67eb328e/datanode-0/data/ratis/7cafefc0-8fe7-4747-b06c-d42f5958f26c/current/log_inprogress_0
2023-03-16 20:06:48,714 [682b4d9c-96c0-4a75-8400-2841f36046f6@group-5B64B89C4C6D-FollowerState] INFO  impl.FollowerState (FollowerState.java:run(143)) - 682b4d9c-96c0-4a75-8400-2841f36046f6@group-5B64B89C4C6D-FollowerState: change to CANDIDATE, lastRpcElapsedTime:5181295508ns, electionTimeout:5179ms
2023-03-16 20:06:48,714 [682b4d9c-96c0-4a75-8400-2841f36046f6@group-5B64B89C4C6D-FollowerState] INFO  impl.RoleInfo (RoleInfo.java:shutdownFollowerState(110)) - 682b4d9c-96c0-4a75-8400-2841f36046f6: shutdown 682b4d9c-96c0-4a75-8400-2841f36046f6@group-5B64B89C4C6D-FollowerState
2023-03-16 20:06:48,714 [682b4d9c-96c0-4a75-8400-2841f36046f6@group-5B64B89C4C6D-FollowerState] INFO  server.RaftServer$Division (RaftServerImpl.java:setRole(321)) - 682b4d9c-96c0-4a75-8400-2841f36046f6@group-5B64B89C4C6D: changes role from  FOLLOWER to CANDIDATE at term 0 for changeToCandidate
2023-03-16 20:06:48,715 [682b4d9c-96c0-4a75-8400-2841f36046f6@group-5B64B89C4C6D-FollowerState] INFO  server.RaftServerConfigKeys (ConfUtils.java:logGet(46)) - raft.server.leaderelection.pre-vote = true (default)
2023-03-16 20:06:48,715 [682b4d9c-96c0-4a75-8400-2841f36046f6@group-5B64B89C4C6D-FollowerState] INFO  impl.RoleInfo (RoleInfo.java:updateAndGet(139)) - 682b4d9c-96c0-4a75-8400-2841f36046f6: start 682b4d9c-96c0-4a75-8400-2841f36046f6@group-5B64B89C4C6D-LeaderElection22
2023-03-16 20:06:48,717 [682b4d9c-96c0-4a75-8400-2841f36046f6@group-5B64B89C4C6D-LeaderElection22] INFO  impl.LeaderElection (LeaderElection.java:askForVotes(312)) - 682b4d9c-96c0-4a75-8400-2841f36046f6@group-5B64B89C4C6D-LeaderElection22 PRE_VOTE round 0: submit vote requests at term 0 for -1: peers:[af19ea06-4a72-4e8e-a05a-645e0b93ca6c|rpc:10.1.0.41:43583|dataStream:10.1.0.41:40505|priority:0|startupRole:FOLLOWER, 682b4d9c-96c0-4a75-8400-2841f36046f6|rpc:10.1.0.41:43675|dataStream:10.1.0.41:39721|priority:1|startupRole:FOLLOWER, 67a302da-c3a9-4d3b-a81a-6dae531b3b12|rpc:10.1.0.41:36435|dataStream:10.1.0.41:33407|priority:0|startupRole:FOLLOWER]|listeners:[], old=null
2023-03-16 20:06:48,718 [682b4d9c-96c0-4a75-8400-2841f36046f6@group-5B64B89C4C6D-LeaderElection22] INFO  server.RaftServerConfigKeys (ConfUtils.java:logFallback(53)) - raft.server.rpc.first-election.timeout.min = 5s (fallback to raft.server.rpc.timeout.min)
2023-03-16 20:06:48,718 [682b4d9c-96c0-4a75-8400-2841f36046f6@group-5B64B89C4C6D-LeaderElection22-1] INFO  server.GrpcServerProtocolClient (GrpcServerProtocolClient.java:<init>(63)) - Build channel for af19ea06-4a72-4e8e-a05a-645e0b93ca6c
2023-03-16 20:06:48,718 [682b4d9c-96c0-4a75-8400-2841f36046f6@group-5B64B89C4C6D-LeaderElection22] INFO  server.RaftServerConfigKeys (ConfUtils.java:logFallback(53)) - raft.server.rpc.first-election.timeout.max = 5200ms (fallback to raft.server.rpc.timeout.max)
2023-03-16 20:06:48,718 [682b4d9c-96c0-4a75-8400-2841f36046f6@group-5B64B89C4C6D-LeaderElection22-2] INFO  server.GrpcServerProtocolClient (GrpcServerProtocolClient.java:<init>(63)) - Build channel for 67a302da-c3a9-4d3b-a81a-6dae531b3b12
2023-03-16 20:06:48,718 [67a302da-c3a9-4d3b-a81a-6dae531b3b12@group-31A52953E0B4-FollowerState] INFO  impl.FollowerState (FollowerState.java:run(143)) - 67a302da-c3a9-4d3b-a81a-6dae531b3b12@group-31A52953E0B4-FollowerState: change to CANDIDATE, lastRpcElapsedTime:5081777172ns, electionTimeout:5080ms
2023-03-16 20:06:48,719 [67a302da-c3a9-4d3b-a81a-6dae531b3b12@group-31A52953E0B4-FollowerState] INFO  impl.RoleInfo (RoleInfo.java:shutdownFollowerState(110)) - 67a302da-c3a9-4d3b-a81a-6dae531b3b12: shutdown 67a302da-c3a9-4d3b-a81a-6dae531b3b12@group-31A52953E0B4-FollowerState
2023-03-16 20:06:48,719 [67a302da-c3a9-4d3b-a81a-6dae531b3b12@group-31A52953E0B4-FollowerState] INFO  server.RaftServer$Division (RaftServerImpl.java:setRole(321)) - 67a302da-c3a9-4d3b-a81a-6dae531b3b12@group-31A52953E0B4: changes role from  FOLLOWER to CANDIDATE at term 0 for changeToCandidate
2023-03-16 20:06:48,719 [67a302da-c3a9-4d3b-a81a-6dae531b3b12@group-31A52953E0B4-FollowerState] INFO  server.RaftServerConfigKeys (ConfUtils.java:logGet(46)) - raft.server.leaderelection.pre-vote = true (default)
2023-03-16 20:06:48,719 [67a302da-c3a9-4d3b-a81a-6dae531b3b12@group-31A52953E0B4-FollowerState] INFO  impl.RoleInfo (RoleInfo.java:updateAndGet(139)) - 67a302da-c3a9-4d3b-a81a-6dae531b3b12: start 67a302da-c3a9-4d3b-a81a-6dae531b3b12@group-31A52953E0B4-LeaderElection23
2023-03-16 20:06:48,729 [grpc-default-executor-0] INFO  server.RaftServer$Division (RaftServerImpl.java:requestVote(1218)) - af19ea06-4a72-4e8e-a05a-645e0b93ca6c@group-5B64B89C4C6D: receive requestVote(PRE_VOTE, 682b4d9c-96c0-4a75-8400-2841f36046f6, group-5B64B89C4C6D, 0, (t:0, i:0))
2023-03-16 20:06:48,729 [grpc-default-executor-0] INFO  impl.VoteContext (VoteContext.java:log(49)) - af19ea06-4a72-4e8e-a05a-645e0b93ca6c@group-5B64B89C4C6D-FOLLOWER: accept PRE_VOTE from 682b4d9c-96c0-4a75-8400-2841f36046f6: our priority 0 <= candidate's priority 1
2023-03-16 20:06:48,730 [grpc-default-executor-0] INFO  server.RaftServer$Division (RaftServerImpl.java:requestVote(1251)) - af19ea06-4a72-4e8e-a05a-645e0b93ca6c@group-5B64B89C4C6D replies to PRE_VOTE vote request: 682b4d9c-96c0-4a75-8400-2841f36046f6<-af19ea06-4a72-4e8e-a05a-645e0b93ca6c#0:OK-t0. Peer's state: af19ea06-4a72-4e8e-a05a-645e0b93ca6c@group-5B64B89C4C6D:t0, leader=null, voted=, raftlog=Memoized:af19ea06-4a72-4e8e-a05a-645e0b93ca6c@group-5B64B89C4C6D-SegmentedRaftLog:OPENED:c-1, conf=-1: peers:[af19ea06-4a72-4e8e-a05a-645e0b93ca6c|rpc:10.1.0.41:43583|dataStream:10.1.0.41:40505|priority:0|startupRole:FOLLOWER, 682b4d9c-96c0-4a75-8400-2841f36046f6|rpc:10.1.0.41:43675|dataStream:10.1.0.41:39721|priority:1|startupRole:FOLLOWER, 67a302da-c3a9-4d3b-a81a-6dae531b3b12|rpc:10.1.0.41:36435|dataStream:10.1.0.41:33407|priority:0|startupRole:FOLLOWER]|listeners:[], old=null
2023-03-16 20:06:48,739 [682b4d9c-96c0-4a75-8400-2841f36046f6@group-5B64B89C4C6D-LeaderElection22] INFO  impl.LeaderElection (LeaderElection.java:logAndReturn(90)) - 682b4d9c-96c0-4a75-8400-2841f36046f6@group-5B64B89C4C6D-LeaderElection22: PRE_VOTE PASSED received 1 response(s) and 0 exception(s):
2023-03-16 20:06:48,739 [682b4d9c-96c0-4a75-8400-2841f36046f6@group-5B64B89C4C6D-LeaderElection22] INFO  impl.LeaderElection (LeaderElection.java:logAndReturn(94)) -   Response 0: 682b4d9c-96c0-4a75-8400-2841f36046f6<-af19ea06-4a72-4e8e-a05a-645e0b93ca6c#0:OK-t0
2023-03-16 20:06:48,739 [682b4d9c-96c0-4a75-8400-2841f36046f6@group-5B64B89C4C6D-LeaderElection22] INFO  impl.LeaderElection (LeaderElection.java:askForVotes(314)) - 682b4d9c-96c0-4a75-8400-2841f36046f6@group-5B64B89C4C6D-LeaderElection22 PRE_VOTE round 0: result PASSED
2023-03-16 20:06:48,740 [67a302da-c3a9-4d3b-a81a-6dae531b3b12@group-31A52953E0B4-LeaderElection23] INFO  impl.LeaderElection (LeaderElection.java:askForVotes(312)) - 67a302da-c3a9-4d3b-a81a-6dae531b3b12@group-31A52953E0B4-LeaderElection23 PRE_VOTE round 0: submit vote requests at term 0 for -1: peers:[af19ea06-4a72-4e8e-a05a-645e0b93ca6c|rpc:10.1.0.41:43583|dataStream:10.1.0.41:40505|priority:0|startupRole:FOLLOWER, 682b4d9c-96c0-4a75-8400-2841f36046f6|rpc:10.1.0.41:43675|dataStream:10.1.0.41:39721|priority:0|startupRole:FOLLOWER, 67a302da-c3a9-4d3b-a81a-6dae531b3b12|rpc:10.1.0.41:36435|dataStream:10.1.0.41:33407|priority:1|startupRole:FOLLOWER]|listeners:[], old=null
2023-03-16 20:06:48,741 [682b4d9c-96c0-4a75-8400-2841f36046f6@group-5B64B89C4C6D-LeaderElection22] INFO  impl.LeaderElection (LeaderElection.java:askForVotes(312)) - 682b4d9c-96c0-4a75-8400-2841f36046f6@group-5B64B89C4C6D-LeaderElection22 ELECTION round 0: submit vote requests at term 1 for -1: peers:[af19ea06-4a72-4e8e-a05a-645e0b93ca6c|rpc:10.1.0.41:43583|dataStream:10.1.0.41:40505|priority:0|startupRole:FOLLOWER, 682b4d9c-96c0-4a75-8400-2841f36046f6|rpc:10.1.0.41:43675|dataStream:10.1.0.41:39721|priority:1|startupRole:FOLLOWER, 67a302da-c3a9-4d3b-a81a-6dae531b3b12|rpc:10.1.0.41:36435|dataStream:10.1.0.41:33407|priority:0|startupRole:FOLLOWER]|listeners:[], old=null
2023-03-16 20:06:48,742 [grpc-default-executor-0] INFO  server.RaftServer$Division (RaftServerImpl.java:requestVote(1218)) - af19ea06-4a72-4e8e-a05a-645e0b93ca6c@group-31A52953E0B4: receive requestVote(PRE_VOTE, 67a302da-c3a9-4d3b-a81a-6dae531b3b12, group-31A52953E0B4, 0, (t:0, i:0))
2023-03-16 20:06:48,742 [grpc-default-executor-0] INFO  impl.VoteContext (VoteContext.java:log(49)) - af19ea06-4a72-4e8e-a05a-645e0b93ca6c@group-31A52953E0B4-FOLLOWER: accept PRE_VOTE from 67a302da-c3a9-4d3b-a81a-6dae531b3b12: our priority 0 <= candidate's priority 1
2023-03-16 20:06:48,742 [grpc-default-executor-0] INFO  server.RaftServer$Division (RaftServerImpl.java:requestVote(1251)) - af19ea06-4a72-4e8e-a05a-645e0b93ca6c@group-31A52953E0B4 replies to PRE_VOTE vote request: 67a302da-c3a9-4d3b-a81a-6dae531b3b12<-af19ea06-4a72-4e8e-a05a-645e0b93ca6c#0:OK-t0. Peer's state: af19ea06-4a72-4e8e-a05a-645e0b93ca6c@group-31A52953E0B4:t0, leader=null, voted=, raftlog=Memoized:af19ea06-4a72-4e8e-a05a-645e0b93ca6c@group-31A52953E0B4-SegmentedRaftLog:OPENED:c-1, conf=-1: peers:[af19ea06-4a72-4e8e-a05a-645e0b93ca6c|rpc:10.1.0.41:43583|dataStream:10.1.0.41:40505|priority:0|startupRole:FOLLOWER, 682b4d9c-96c0-4a75-8400-2841f36046f6|rpc:10.1.0.41:43675|dataStream:10.1.0.41:39721|priority:0|startupRole:FOLLOWER, 67a302da-c3a9-4d3b-a81a-6dae531b3b12|rpc:10.1.0.41:36435|dataStream:10.1.0.41:33407|priority:1|startupRole:FOLLOWER]|listeners:[], old=null
2023-03-16 20:06:48,744 [67a302da-c3a9-4d3b-a81a-6dae531b3b12@group-31A52953E0B4-LeaderElection23] INFO  server.RaftServerConfigKeys (ConfUtils.java:logFallback(53)) - raft.server.rpc.first-election.timeout.min = 5s (fallback to raft.server.rpc.timeout.min)
2023-03-16 20:06:48,744 [67a302da-c3a9-4d3b-a81a-6dae531b3b12@group-31A52953E0B4-LeaderElection23] INFO  server.RaftServerConfigKeys (ConfUtils.java:logFallback(53)) - raft.server.rpc.first-election.timeout.max = 5200ms (fallback to raft.server.rpc.timeout.max)
2023-03-16 20:06:48,744 [67a302da-c3a9-4d3b-a81a-6dae531b3b12@group-31A52953E0B4-LeaderElection23] INFO  impl.LeaderElection (LeaderElection.java:logAndReturn(90)) - 67a302da-c3a9-4d3b-a81a-6dae531b3b12@group-31A52953E0B4-LeaderElection23: PRE_VOTE PASSED received 1 response(s) and 0 exception(s):
2023-03-16 20:06:48,744 [67a302da-c3a9-4d3b-a81a-6dae531b3b12@group-31A52953E0B4-LeaderElection23] INFO  impl.LeaderElection (LeaderElection.java:logAndReturn(94)) -   Response 0: 67a302da-c3a9-4d3b-a81a-6dae531b3b12<-af19ea06-4a72-4e8e-a05a-645e0b93ca6c#0:OK-t0
2023-03-16 20:06:48,744 [67a302da-c3a9-4d3b-a81a-6dae531b3b12@group-31A52953E0B4-LeaderElection23] INFO  impl.LeaderElection (LeaderElection.java:askForVotes(314)) - 67a302da-c3a9-4d3b-a81a-6dae531b3b12@group-31A52953E0B4-LeaderElection23 PRE_VOTE round 0: result PASSED
2023-03-16 20:06:48,746 [af19ea06-4a72-4e8e-a05a-645e0b93ca6c@group-5B64B89C4C6D-FollowerState] INFO  server.RaftServerConfigKeys (ConfUtils.java:logFallback(53)) - raft.server.rpc.first-election.timeout.min = 5s (fallback to raft.server.rpc.timeout.min)
2023-03-16 20:06:48,746 [af19ea06-4a72-4e8e-a05a-645e0b93ca6c@group-5B64B89C4C6D-FollowerState] INFO  server.RaftServerConfigKeys (ConfUtils.java:logFallback(53)) - raft.server.rpc.first-election.timeout.max = 5200ms (fallback to raft.server.rpc.timeout.max)
2023-03-16 20:06:48,746 [67a302da-c3a9-4d3b-a81a-6dae531b3b12@group-31A52953E0B4-LeaderElection23] INFO  impl.LeaderElection (LeaderElection.java:askForVotes(312)) - 67a302da-c3a9-4d3b-a81a-6dae531b3b12@group-31A52953E0B4-LeaderElection23 ELECTION round 0: submit vote requests at term 1 for -1: peers:[af19ea06-4a72-4e8e-a05a-645e0b93ca6c|rpc:10.1.0.41:43583|dataStream:10.1.0.41:40505|priority:0|startupRole:FOLLOWER, 682b4d9c-96c0-4a75-8400-2841f36046f6|rpc:10.1.0.41:43675|dataStream:10.1.0.41:39721|priority:0|startupRole:FOLLOWER, 67a302da-c3a9-4d3b-a81a-6dae531b3b12|rpc:10.1.0.41:36435|dataStream:10.1.0.41:33407|priority:1|startupRole:FOLLOWER]|listeners:[], old=null
2023-03-16 20:06:48,748 [67a302da-c3a9-4d3b-a81a-6dae531b3b12@group-31A52953E0B4-LeaderElection23] INFO  server.RaftServerConfigKeys (ConfUtils.java:logFallback(53)) - raft.server.rpc.first-election.timeout.min = 5s (fallback to raft.server.rpc.timeout.min)
2023-03-16 20:06:48,748 [67a302da-c3a9-4d3b-a81a-6dae531b3b12@group-31A52953E0B4-LeaderElection23] INFO  server.RaftServerConfigKeys (ConfUtils.java:logFallback(53)) - raft.server.rpc.first-election.timeout.max = 5200ms (fallback to raft.server.rpc.timeout.max)
2023-03-16 20:06:48,750 [grpc-default-executor-0] INFO  server.RaftServer$Division (RaftServerImpl.java:requestVote(1218)) - af19ea06-4a72-4e8e-a05a-645e0b93ca6c@group-31A52953E0B4: receive requestVote(ELECTION, 67a302da-c3a9-4d3b-a81a-6dae531b3b12, group-31A52953E0B4, 1, (t:0, i:0))
2023-03-16 20:06:48,751 [grpc-default-executor-0] INFO  impl.VoteContext (VoteContext.java:log(49)) - af19ea06-4a72-4e8e-a05a-645e0b93ca6c@group-31A52953E0B4-FOLLOWER: accept ELECTION from 67a302da-c3a9-4d3b-a81a-6dae531b3b12: our priority 0 <= candidate's priority 1
2023-03-16 20:06:48,751 [grpc-default-executor-0] INFO  server.RaftServer$Division (RaftServerImpl.java:setRole(321)) - af19ea06-4a72-4e8e-a05a-645e0b93ca6c@group-31A52953E0B4: changes role from  FOLLOWER to FOLLOWER at term 1 for candidate:67a302da-c3a9-4d3b-a81a-6dae531b3b12
2023-03-16 20:06:48,751 [grpc-default-executor-0] INFO  impl.RoleInfo (RoleInfo.java:shutdownFollowerState(110)) - af19ea06-4a72-4e8e-a05a-645e0b93ca6c: shutdown af19ea06-4a72-4e8e-a05a-645e0b93ca6c@group-31A52953E0B4-FollowerState
2023-03-16 20:06:48,753 [682b4d9c-96c0-4a75-8400-2841f36046f6@group-5B64B89C4C6D-LeaderElection22] INFO  server.RaftServerConfigKeys (ConfUtils.java:logFallback(53)) - raft.server.rpc.first-election.timeout.min = 5s (fallback to raft.server.rpc.timeout.min)
2023-03-16 20:06:48,753 [682b4d9c-96c0-4a75-8400-2841f36046f6@group-5B64B89C4C6D-LeaderElection22] INFO  server.RaftServerConfigKeys (ConfUtils.java:logFallback(53)) - raft.server.rpc.first-election.timeout.max = 5200ms (fallback to raft.server.rpc.timeout.max)
2023-03-16 20:06:48,753 [grpc-default-executor-0] INFO  impl.RoleInfo (RoleInfo.java:updateAndGet(139)) - af19ea06-4a72-4e8e-a05a-645e0b93ca6c: start af19ea06-4a72-4e8e-a05a-645e0b93ca6c@group-31A52953E0B4-FollowerState
2023-03-16 20:06:48,753 [af19ea06-4a72-4e8e-a05a-645e0b93ca6c@group-31A52953E0B4-FollowerState] INFO  impl.FollowerState (FollowerState.java:run(152)) - af19ea06-4a72-4e8e-a05a-645e0b93ca6c@group-31A52953E0B4-FollowerState was interrupted
2023-03-16 20:06:48,758 [af19ea06-4a72-4e8e-a05a-645e0b93ca6c@group-31A52953E0B4-FollowerState] INFO  server.RaftServerConfigKeys (ConfUtils.java:logFallback(53)) - raft.server.rpc.first-election.timeout.min = 5s (fallback to raft.server.rpc.timeout.min)
2023-03-16 20:06:48,758 [af19ea06-4a72-4e8e-a05a-645e0b93ca6c@group-31A52953E0B4-FollowerState] INFO  server.RaftServerConfigKeys (ConfUtils.java:logFallback(53)) - raft.server.rpc.first-election.timeout.max = 5200ms (fallback to raft.server.rpc.timeout.max)
2023-03-16 20:06:48,759 [grpc-default-executor-3] INFO  server.RaftServer$Division (RaftServerImpl.java:requestVote(1218)) - 67a302da-c3a9-4d3b-a81a-6dae531b3b12@group-5B64B89C4C6D: receive requestVote(PRE_VOTE, 682b4d9c-96c0-4a75-8400-2841f36046f6, group-5B64B89C4C6D, 0, (t:0, i:0))
2023-03-16 20:06:48,759 [grpc-default-executor-3] INFO  impl.VoteContext (VoteContext.java:log(49)) - 67a302da-c3a9-4d3b-a81a-6dae531b3b12@group-5B64B89C4C6D-FOLLOWER: accept PRE_VOTE from 682b4d9c-96c0-4a75-8400-2841f36046f6: our priority 0 <= candidate's priority 1
2023-03-16 20:06:48,759 [grpc-default-executor-3] INFO  server.RaftServer$Division (RaftServerImpl.java:requestVote(1251)) - 67a302da-c3a9-4d3b-a81a-6dae531b3b12@group-5B64B89C4C6D replies to PRE_VOTE vote request: 682b4d9c-96c0-4a75-8400-2841f36046f6<-67a302da-c3a9-4d3b-a81a-6dae531b3b12#0:OK-t0. Peer's state: 67a302da-c3a9-4d3b-a81a-6dae531b3b12@group-5B64B89C4C6D:t0, leader=null, voted=, raftlog=Memoized:67a302da-c3a9-4d3b-a81a-6dae531b3b12@group-5B64B89C4C6D-SegmentedRaftLog:OPENED:c-1, conf=-1: peers:[af19ea06-4a72-4e8e-a05a-645e0b93ca6c|rpc:10.1.0.41:43583|dataStream:10.1.0.41:40505|priority:0|startupRole:FOLLOWER, 682b4d9c-96c0-4a75-8400-2841f36046f6|rpc:10.1.0.41:43675|dataStream:10.1.0.41:39721|priority:1|startupRole:FOLLOWER, 67a302da-c3a9-4d3b-a81a-6dae531b3b12|rpc:10.1.0.41:36435|dataStream:10.1.0.41:33407|priority:0|startupRole:FOLLOWER]|listeners:[], old=null
2023-03-16 20:06:48,760 [grpc-default-executor-1] INFO  server.RaftServer$Division (RaftServerImpl.java:requestVote(1218)) - 682b4d9c-96c0-4a75-8400-2841f36046f6@group-31A52953E0B4: receive requestVote(PRE_VOTE, 67a302da-c3a9-4d3b-a81a-6dae531b3b12, group-31A52953E0B4, 0, (t:0, i:0))
2023-03-16 20:06:48,760 [grpc-default-executor-1] INFO  impl.VoteContext (VoteContext.java:log(49)) - 682b4d9c-96c0-4a75-8400-2841f36046f6@group-31A52953E0B4-FOLLOWER: accept PRE_VOTE from 67a302da-c3a9-4d3b-a81a-6dae531b3b12: our priority 0 <= candidate's priority 1
2023-03-16 20:06:48,760 [grpc-default-executor-1] INFO  server.RaftServer$Division (RaftServerImpl.java:requestVote(1251)) - 682b4d9c-96c0-4a75-8400-2841f36046f6@group-31A52953E0B4 replies to PRE_VOTE vote request: 67a302da-c3a9-4d3b-a81a-6dae531b3b12<-682b4d9c-96c0-4a75-8400-2841f36046f6#0:OK-t0. Peer's state: 682b4d9c-96c0-4a75-8400-2841f36046f6@group-31A52953E0B4:t0, leader=null, voted=, raftlog=Memoized:682b4d9c-96c0-4a75-8400-2841f36046f6@group-31A52953E0B4-SegmentedRaftLog:OPENED:c-1, conf=-1: peers:[af19ea06-4a72-4e8e-a05a-645e0b93ca6c|rpc:10.1.0.41:43583|dataStream:10.1.0.41:40505|priority:0|startupRole:FOLLOWER, 682b4d9c-96c0-4a75-8400-2841f36046f6|rpc:10.1.0.41:43675|dataStream:10.1.0.41:39721|priority:0|startupRole:FOLLOWER, 67a302da-c3a9-4d3b-a81a-6dae531b3b12|rpc:10.1.0.41:36435|dataStream:10.1.0.41:33407|priority:1|startupRole:FOLLOWER]|listeners:[], old=null
2023-03-16 20:06:48,760 [grpc-default-executor-0] INFO  server.RaftServer$Division (RaftServerImpl.java:requestVote(1251)) - af19ea06-4a72-4e8e-a05a-645e0b93ca6c@group-31A52953E0B4 replies to ELECTION vote request: 67a302da-c3a9-4d3b-a81a-6dae531b3b12<-af19ea06-4a72-4e8e-a05a-645e0b93ca6c#0:OK-t1. Peer's state: af19ea06-4a72-4e8e-a05a-645e0b93ca6c@group-31A52953E0B4:t1, leader=null, voted=67a302da-c3a9-4d3b-a81a-6dae531b3b12, raftlog=Memoized:af19ea06-4a72-4e8e-a05a-645e0b93ca6c@group-31A52953E0B4-SegmentedRaftLog:OPENED:c-1, conf=-1: peers:[af19ea06-4a72-4e8e-a05a-645e0b93ca6c|rpc:10.1.0.41:43583|dataStream:10.1.0.41:40505|priority:0|startupRole:FOLLOWER, 682b4d9c-96c0-4a75-8400-2841f36046f6|rpc:10.1.0.41:43675|dataStream:10.1.0.41:39721|priority:0|startupRole:FOLLOWER, 67a302da-c3a9-4d3b-a81a-6dae531b3b12|rpc:10.1.0.41:36435|dataStream:10.1.0.41:33407|priority:1|startupRole:FOLLOWER]|listeners:[], old=null
2023-03-16 20:06:48,760 [grpc-default-executor-2] INFO  server.RaftServer$Division (RaftServerImpl.java:requestVote(1218)) - 682b4d9c-96c0-4a75-8400-2841f36046f6@group-31A52953E0B4: receive requestVote(ELECTION, 67a302da-c3a9-4d3b-a81a-6dae531b3b12, group-31A52953E0B4, 1, (t:0, i:0))
2023-03-16 20:06:48,768 [grpc-default-executor-4] INFO  server.RaftServer$Division (RaftServerImpl.java:requestVote(1218)) - af19ea06-4a72-4e8e-a05a-645e0b93ca6c@group-5B64B89C4C6D: receive requestVote(ELECTION, 682b4d9c-96c0-4a75-8400-2841f36046f6, group-5B64B89C4C6D, 1, (t:0, i:0))
2023-03-16 20:06:48,768 [grpc-default-executor-4] INFO  impl.VoteContext (VoteContext.java:log(49)) - af19ea06-4a72-4e8e-a05a-645e0b93ca6c@group-5B64B89C4C6D-FOLLOWER: accept ELECTION from 682b4d9c-96c0-4a75-8400-2841f36046f6: our priority 0 <= candidate's priority 1
2023-03-16 20:06:48,768 [67a302da-c3a9-4d3b-a81a-6dae531b3b12@group-31A52953E0B4-LeaderElection23] INFO  impl.LeaderElection (LeaderElection.java:logAndReturn(90)) - 67a302da-c3a9-4d3b-a81a-6dae531b3b12@group-31A52953E0B4-LeaderElection23: ELECTION PASSED received 1 response(s) and 0 exception(s):
2023-03-16 20:06:48,768 [grpc-default-executor-4] INFO  server.RaftServer$Division (RaftServerImpl.java:setRole(321)) - af19ea06-4a72-4e8e-a05a-645e0b93ca6c@group-5B64B89C4C6D: changes role from  FOLLOWER to FOLLOWER at term 1 for candidate:682b4d9c-96c0-4a75-8400-2841f36046f6
2023-03-16 20:06:48,768 [grpc-default-executor-0] INFO  server.RaftServer$Division (RaftServerImpl.java:requestVote(1218)) - 67a302da-c3a9-4d3b-a81a-6dae531b3b12@group-5B64B89C4C6D: receive requestVote(ELECTION, 682b4d9c-96c0-4a75-8400-2841f36046f6, group-5B64B89C4C6D, 1, (t:0, i:0))
2023-03-16 20:06:48,768 [grpc-default-executor-0] INFO  impl.VoteContext (VoteContext.java:log(49)) - 67a302da-c3a9-4d3b-a81a-6dae531b3b12@group-5B64B89C4C6D-FOLLOWER: accept ELECTION from 682b4d9c-96c0-4a75-8400-2841f36046f6: our priority 0 <= candidate's priority 1
2023-03-16 20:06:48,768 [grpc-default-executor-0] INFO  server.RaftServer$Division (RaftServerImpl.java:setRole(321)) - 67a302da-c3a9-4d3b-a81a-6dae531b3b12@group-5B64B89C4C6D: changes role from  FOLLOWER to FOLLOWER at term 1 for candidate:682b4d9c-96c0-4a75-8400-2841f36046f6
2023-03-16 20:06:48,769 [grpc-default-executor-0] INFO  impl.RoleInfo (RoleInfo.java:shutdownFollowerState(110)) - 67a302da-c3a9-4d3b-a81a-6dae531b3b12: shutdown 67a302da-c3a9-4d3b-a81a-6dae531b3b12@group-5B64B89C4C6D-FollowerState
2023-03-16 20:06:48,769 [grpc-default-executor-0] INFO  impl.RoleInfo (RoleInfo.java:updateAndGet(139)) - 67a302da-c3a9-4d3b-a81a-6dae531b3b12: start 67a302da-c3a9-4d3b-a81a-6dae531b3b12@group-5B64B89C4C6D-FollowerState
2023-03-16 20:06:48,769 [grpc-default-executor-4] INFO  impl.RoleInfo (RoleInfo.java:shutdownFollowerState(110)) - af19ea06-4a72-4e8e-a05a-645e0b93ca6c: shutdown af19ea06-4a72-4e8e-a05a-645e0b93ca6c@group-5B64B89C4C6D-FollowerState
2023-03-16 20:06:48,768 [67a302da-c3a9-4d3b-a81a-6dae531b3b12@group-31A52953E0B4-LeaderElection23] INFO  impl.LeaderElection (LeaderElection.java:logAndReturn(94)) -   Response 0: 67a302da-c3a9-4d3b-a81a-6dae531b3b12<-af19ea06-4a72-4e8e-a05a-645e0b93ca6c#0:OK-t1
2023-03-16 20:06:48,769 [67a302da-c3a9-4d3b-a81a-6dae531b3b12@group-31A52953E0B4-LeaderElection23] INFO  impl.LeaderElection (LeaderElection.java:askForVotes(314)) - 67a302da-c3a9-4d3b-a81a-6dae531b3b12@group-31A52953E0B4-LeaderElection23 ELECTION round 0: result PASSED
2023-03-16 20:06:48,769 [67a302da-c3a9-4d3b-a81a-6dae531b3b12@group-31A52953E0B4-LeaderElection23] INFO  impl.RoleInfo (RoleInfo.java:shutdownLeaderElection(130)) - 67a302da-c3a9-4d3b-a81a-6dae531b3b12: shutdown 67a302da-c3a9-4d3b-a81a-6dae531b3b12@group-31A52953E0B4-LeaderElection23
2023-03-16 20:06:48,769 [67a302da-c3a9-4d3b-a81a-6dae531b3b12@group-31A52953E0B4-LeaderElection23] INFO  server.RaftServer$Division (RaftServerImpl.java:setRole(321)) - 67a302da-c3a9-4d3b-a81a-6dae531b3b12@group-31A52953E0B4: changes role from CANDIDATE to LEADER at term 1 for changeToLeader
2023-03-16 20:06:48,769 [67a302da-c3a9-4d3b-a81a-6dae531b3b12@group-31A52953E0B4-LeaderElection23] INFO  ratis.XceiverServerRatis (XceiverServerRatis.java:handleLeaderChangedNotification(905)) - Leader change notification received for group: group-31A52953E0B4 with new leaderId: 67a302da-c3a9-4d3b-a81a-6dae531b3b12
2023-03-16 20:06:48,769 [67a302da-c3a9-4d3b-a81a-6dae531b3b12@group-31A52953E0B4-LeaderElection23] INFO  server.RaftServer$Division (ServerState.java:setLeader(313)) - 67a302da-c3a9-4d3b-a81a-6dae531b3b12@group-31A52953E0B4: change Leader from null to 67a302da-c3a9-4d3b-a81a-6dae531b3b12 at term 1 for becomeLeader, leader elected after 5160ms
2023-03-16 20:06:48,770 [67a302da-c3a9-4d3b-a81a-6dae531b3b12@group-31A52953E0B4-LeaderElection23] INFO  server.RaftServerConfigKeys (ConfUtils.java:logGet(46)) - raft.server.staging.catchup.gap = 1000 (default)
2023-03-16 20:06:48,770 [67a302da-c3a9-4d3b-a81a-6dae531b3b12@group-31A52953E0B4-LeaderElection23] INFO  server.RaftServerConfigKeys (ConfUtils.java:logGet(46)) - raft.server.write.element-limit = 1024 (custom)
2023-03-16 20:06:48,770 [67a302da-c3a9-4d3b-a81a-6dae531b3b12@group-31A52953E0B4-LeaderElection23] INFO  server.RaftServerConfigKeys (ConfUtils.java:logGet(46)) - raft.server.write.byte-limit = 1024 M (=1073741824) (custom)
2023-03-16 20:06:48,770 [67a302da-c3a9-4d3b-a81a-6dae531b3b12@group-5B64B89C4C6D-FollowerState] INFO  server.RaftServerConfigKeys (ConfUtils.java:logFallback(53)) - raft.server.rpc.first-election.timeout.min = 5s (fallback to raft.server.rpc.timeout.min)
2023-03-16 20:06:48,770 [67a302da-c3a9-4d3b-a81a-6dae531b3b12@group-5B64B89C4C6D-FollowerState] INFO  server.RaftServerConfigKeys (ConfUtils.java:logFallback(53)) - raft.server.rpc.first-election.timeout.max = 5200ms (fallback to raft.server.rpc.timeout.max)
2023-03-16 20:06:48,770 [67a302da-c3a9-4d3b-a81a-6dae531b3b12@group-31A52953E0B4-LeaderElection23] INFO  server.RaftServerConfigKeys (ConfUtils.java:logGet(46)) - raft.server.watch.timeout = 180s (custom)
2023-03-16 20:06:48,770 [67a302da-c3a9-4d3b-a81a-6dae531b3b12@group-31A52953E0B4-LeaderElection23] INFO  server.RaftServerConfigKeys (ConfUtils.java:logGet(46)) - raft.server.watch.timeout.denomination = 1s (default)
2023-03-16 20:06:48,770 [67a302da-c3a9-4d3b-a81a-6dae531b3b12@group-31A52953E0B4-LeaderElection23] INFO  server.RaftServerConfigKeys (ConfUtils.java:logGet(46)) - raft.server.watch.element-limit = 65536 (default)
2023-03-16 20:06:48,770 [67a302da-c3a9-4d3b-a81a-6dae531b3b12@group-31A52953E0B4-LeaderElection23] INFO  server.RaftServerConfigKeys (ConfUtils.java:logGet(46)) - raft.server.write.element-limit = 1024 (custom)
2023-03-16 20:06:48,770 [67a302da-c3a9-4d3b-a81a-6dae531b3b12@group-31A52953E0B4-LeaderElection23] INFO  server.RaftServerConfigKeys (ConfUtils.java:logGet(46)) - raft.server.write.follower.gap.ratio.max = -1.0 (default)
2023-03-16 20:06:48,771 [grpc-default-executor-0] INFO  server.RaftServer$Division (RaftServerImpl.java:requestVote(1251)) - 67a302da-c3a9-4d3b-a81a-6dae531b3b12@group-5B64B89C4C6D replies to ELECTION vote request: 682b4d9c-96c0-4a75-8400-2841f36046f6<-67a302da-c3a9-4d3b-a81a-6dae531b3b12#0:OK-t1. Peer's state: 67a302da-c3a9-4d3b-a81a-6dae531b3b12@group-5B64B89C4C6D:t1, leader=null, voted=682b4d9c-96c0-4a75-8400-2841f36046f6, raftlog=Memoized:67a302da-c3a9-4d3b-a81a-6dae531b3b12@group-5B64B89C4C6D-SegmentedRaftLog:OPENED:c-1, conf=-1: peers:[af19ea06-4a72-4e8e-a05a-645e0b93ca6c|rpc:10.1.0.41:43583|dataStream:10.1.0.41:40505|priority:0|startupRole:FOLLOWER, 682b4d9c-96c0-4a75-8400-2841f36046f6|rpc:10.1.0.41:43675|dataStream:10.1.0.41:39721|priority:1|startupRole:FOLLOWER, 67a302da-c3a9-4d3b-a81a-6dae531b3b12|rpc:10.1.0.41:36435|dataStream:10.1.0.41:33407|priority:0|startupRole:FOLLOWER]|listeners:[], old=null
2023-03-16 20:06:48,771 [67a302da-c3a9-4d3b-a81a-6dae531b3b12@group-31A52953E0B4-LeaderElection23] INFO  server.RaftServerConfigKeys (ConfUtils.java:logGet(46)) - raft.server.log.appender.snapshot.chunk.size.max = 16MB (=16777216) (default)
2023-03-16 20:06:48,771 [67a302da-c3a9-4d3b-a81a-6dae531b3b12@group-31A52953E0B4-LeaderElection23] INFO  server.RaftServerConfigKeys (ConfUtils.java:logGet(46)) - raft.server.log.appender.buffer.byte-limit = 33554432 (custom)
2023-03-16 20:06:48,771 [67a302da-c3a9-4d3b-a81a-6dae531b3b12@group-31A52953E0B4-LeaderElection23] INFO  server.RaftServerConfigKeys (ConfUtils.java:logGet(46)) - raft.server.log.appender.buffer.element-limit = 1 (custom)
2023-03-16 20:06:48,771 [67a302da-c3a9-4d3b-a81a-6dae531b3b12@group-31A52953E0B4-LeaderElection23] INFO  grpc.GrpcConfigKeys (ConfUtils.java:logGet(46)) - raft.grpc.server.leader.outstanding.appends.max = 128 (default)
2023-03-16 20:06:48,771 [67a302da-c3a9-4d3b-a81a-6dae531b3b12@group-31A52953E0B4-LeaderElection23] INFO  server.RaftServerConfigKeys (ConfUtils.java:logGet(46)) - raft.server.rpc.request.timeout = 60s (custom)
2023-03-16 20:06:48,771 [67a302da-c3a9-4d3b-a81a-6dae531b3b12@group-31A52953E0B4-LeaderElection23] INFO  server.RaftServerConfigKeys (ConfUtils.java:logGet(46)) - raft.server.log.appender.install.snapshot.enabled = false (custom)
2023-03-16 20:06:48,771 [67a302da-c3a9-4d3b-a81a-6dae531b3b12@group-31A52953E0B4-LeaderElection23] INFO  grpc.GrpcConfigKeys (ConfUtils.java:logGet(46)) - raft.grpc.server.heartbeat.channel = true (default)
2023-03-16 20:06:48,771 [67a302da-c3a9-4d3b-a81a-6dae531b3b12@group-31A52953E0B4-LeaderElection23] INFO  server.RaftServerConfigKeys (ConfUtils.java:logGet(46)) - raft.server.log.appender.wait-time.min = 10ms (default)
2023-03-16 20:06:48,772 [67a302da-c3a9-4d3b-a81a-6dae531b3b12@group-31A52953E0B4-LeaderElection23] INFO  server.RaftServerConfigKeys (ConfUtils.java:logGet(46)) - raft.server.log.appender.snapshot.chunk.size.max = 16MB (=16777216) (default)
2023-03-16 20:06:48,772 [67a302da-c3a9-4d3b-a81a-6dae531b3b12@group-31A52953E0B4-LeaderElection23] INFO  server.RaftServerConfigKeys (ConfUtils.java:logGet(46)) - raft.server.log.appender.buffer.byte-limit = 33554432 (custom)
2023-03-16 20:06:48,772 [67a302da-c3a9-4d3b-a81a-6dae531b3b12@group-31A52953E0B4-LeaderElection23] INFO  server.RaftServerConfigKeys (ConfUtils.java:logGet(46)) - raft.server.log.appender.buffer.element-limit = 1 (custom)
2023-03-16 20:06:48,772 [67a302da-c3a9-4d3b-a81a-6dae531b3b12@group-31A52953E0B4-LeaderElection23] INFO  grpc.GrpcConfigKeys (ConfUtils.java:logGet(46)) - raft.grpc.server.leader.outstanding.appends.max = 128 (default)
2023-03-16 20:06:48,772 [67a302da-c3a9-4d3b-a81a-6dae531b3b12@group-31A52953E0B4-LeaderElection23] INFO  server.RaftServerConfigKeys (ConfUtils.java:logGet(46)) - raft.server.rpc.request.timeout = 60s (custom)
2023-03-16 20:06:48,772 [67a302da-c3a9-4d3b-a81a-6dae531b3b12@group-31A52953E0B4-LeaderElection23] INFO  server.RaftServerConfigKeys (ConfUtils.java:logGet(46)) - raft.server.log.appender.install.snapshot.enabled = false (custom)
2023-03-16 20:06:48,772 [67a302da-c3a9-4d3b-a81a-6dae531b3b12@group-31A52953E0B4-LeaderElection23] INFO  grpc.GrpcConfigKeys (ConfUtils.java:logGet(46)) - raft.grpc.server.heartbeat.channel = true (default)
2023-03-16 20:06:48,772 [67a302da-c3a9-4d3b-a81a-6dae531b3b12@group-31A52953E0B4-LeaderElection23] INFO  server.RaftServerConfigKeys (ConfUtils.java:logGet(46)) - raft.server.log.appender.wait-time.min = 10ms (default)
2023-03-16 20:06:48,772 [67a302da-c3a9-4d3b-a81a-6dae531b3b12@group-31A52953E0B4-LeaderElection23] INFO  impl.RoleInfo (RoleInfo.java:updateAndGet(139)) - 67a302da-c3a9-4d3b-a81a-6dae531b3b12: start 67a302da-c3a9-4d3b-a81a-6dae531b3b12@group-31A52953E0B4-LeaderStateImpl
2023-03-16 20:06:48,773 [67a302da-c3a9-4d3b-a81a-6dae531b3b12@group-31A52953E0B4-LeaderElection23] INFO  segmented.SegmentedRaftLogWorker (SegmentedRaftLogWorker.java:startLogSegment(452)) - 67a302da-c3a9-4d3b-a81a-6dae531b3b12@group-31A52953E0B4-SegmentedRaftLogWorker: Starting segment from index:0
2023-03-16 20:06:48,769 [67a302da-c3a9-4d3b-a81a-6dae531b3b12@group-5B64B89C4C6D-FollowerState] INFO  impl.FollowerState (FollowerState.java:run(152)) - 67a302da-c3a9-4d3b-a81a-6dae531b3b12@group-5B64B89C4C6D-FollowerState was interrupted
2023-03-16 20:06:48,775 [grpc-default-executor-4] INFO  impl.RoleInfo (RoleInfo.java:updateAndGet(139)) - af19ea06-4a72-4e8e-a05a-645e0b93ca6c: start af19ea06-4a72-4e8e-a05a-645e0b93ca6c@group-5B64B89C4C6D-FollowerState
2023-03-16 20:06:48,775 [af19ea06-4a72-4e8e-a05a-645e0b93ca6c@group-5B64B89C4C6D-FollowerState] INFO  impl.FollowerState (FollowerState.java:run(152)) - af19ea06-4a72-4e8e-a05a-645e0b93ca6c@group-5B64B89C4C6D-FollowerState was interrupted
2023-03-16 20:06:48,775 [682b4d9c-96c0-4a75-8400-2841f36046f6@group-5B64B89C4C6D-LeaderElection22] INFO  impl.LeaderElection (LeaderElection.java:logAndReturn(90)) - 682b4d9c-96c0-4a75-8400-2841f36046f6@group-5B64B89C4C6D-LeaderElection22: ELECTION PASSED received 1 response(s) and 0 exception(s):
2023-03-16 20:06:48,789 [67a302da-c3a9-4d3b-a81a-6dae531b3b12@group-31A52953E0B4-LeaderElection23] INFO  server.RaftServer$Division (ServerState.java:setRaftConf(430)) - 67a302da-c3a9-4d3b-a81a-6dae531b3b12@group-31A52953E0B4: set configuration 0: peers:[af19ea06-4a72-4e8e-a05a-645e0b93ca6c|rpc:10.1.0.41:43583|dataStream:10.1.0.41:40505|priority:0|startupRole:FOLLOWER, 682b4d9c-96c0-4a75-8400-2841f36046f6|rpc:10.1.0.41:43675|dataStream:10.1.0.41:39721|priority:0|startupRole:FOLLOWER, 67a302da-c3a9-4d3b-a81a-6dae531b3b12|rpc:10.1.0.41:36435|dataStream:10.1.0.41:33407|priority:1|startupRole:FOLLOWER]|listeners:[], old=null
2023-03-16 20:06:48,774 [grpc-default-executor-2] INFO  impl.VoteContext (VoteContext.java:log(49)) - 682b4d9c-96c0-4a75-8400-2841f36046f6@group-31A52953E0B4-FOLLOWER: accept ELECTION from 67a302da-c3a9-4d3b-a81a-6dae531b3b12: our priority 0 <= candidate's priority 1
2023-03-16 20:06:48,789 [grpc-default-executor-2] INFO  server.RaftServer$Division (RaftServerImpl.java:setRole(321)) - 682b4d9c-96c0-4a75-8400-2841f36046f6@group-31A52953E0B4: changes role from  FOLLOWER to FOLLOWER at term 1 for candidate:67a302da-c3a9-4d3b-a81a-6dae531b3b12
2023-03-16 20:06:48,789 [grpc-default-executor-2] INFO  impl.RoleInfo (RoleInfo.java:shutdownFollowerState(110)) - 682b4d9c-96c0-4a75-8400-2841f36046f6: shutdown 682b4d9c-96c0-4a75-8400-2841f36046f6@group-31A52953E0B4-FollowerState
2023-03-16 20:06:48,774 [EventQueue-PipelineReportForPipelineReportHandler] INFO  pipeline.PipelineManagerImpl (PipelineManagerImpl.java:openPipeline(367)) - Pipeline Pipeline[ Id: 3bd437f4-2eb8-4100-bc7e-31a52953e0b4, Nodes: 682b4d9c-96c0-4a75-8400-2841f36046f6(fv-az371-917/10.1.0.41)af19ea06-4a72-4e8e-a05a-645e0b93ca6c(fv-az371-917/10.1.0.41)67a302da-c3a9-4d3b-a81a-6dae531b3b12(fv-az371-917/10.1.0.41), ReplicationConfig: RATIS/THREE, State:ALLOCATED, leaderId:67a302da-c3a9-4d3b-a81a-6dae531b3b12, CreationTimestamp2023-03-16T20:06:41.319Z[Etc/UTC]] moved to OPEN state
2023-03-16 20:06:48,790 [EventQueue-OpenPipelineForHealthyPipelineSafeModeRule] INFO  safemode.SCMSafeModeManager (HealthyPipelineSafeModeRule.java:process(137)) - SCM in safe mode. Healthy pipelines reported count is 1, required healthy pipeline reported count is 1
2023-03-16 20:06:48,789 [682b4d9c-96c0-4a75-8400-2841f36046f6@group-5B64B89C4C6D-LeaderElection22] INFO  impl.LeaderElection (LeaderElection.java:logAndReturn(94)) -   Response 0: 682b4d9c-96c0-4a75-8400-2841f36046f6<-67a302da-c3a9-4d3b-a81a-6dae531b3b12#0:OK-t1
2023-03-16 20:06:48,784 [67a302da-c3a9-4d3b-a81a-6dae531b3b12@group-31A52953E0B4-SegmentedRaftLogWorker] INFO  segmented.SegmentedRaftLogWorker (SegmentedRaftLogWorker.java:execute(656)) - 67a302da-c3a9-4d3b-a81a-6dae531b3b12@group-31A52953E0B4-SegmentedRaftLogWorker: created new log segment /home/runner/work/ozone/ozone/hadoop-ozone/integration-test/target/test-dir/MiniOzoneClusterImpl-5d34faf9-8c61-4fd7-9f59-d81d67eb328e/datanode-0/data/ratis/3bd437f4-2eb8-4100-bc7e-31a52953e0b4/current/log_inprogress_0
2023-03-16 20:06:48,790 [EventQueue-OpenPipelineForHealthyPipelineSafeModeRule] INFO  safemode.SCMSafeModeManager (SCMSafeModeManager.java:validateSafeModeExitRules(200)) - HealthyPipelineSafeModeRule rule is successfully validated
2023-03-16 20:06:48,790 [EventQueue-OpenPipelineForHealthyPipelineSafeModeRule] INFO  safemode.SCMSafeModeManager (SCMSafeModeManager.java:validateSafeModeExitRules(215)) - ScmSafeModeManager, all rules are successfully validated
2023-03-16 20:06:48,790 [EventQueue-OpenPipelineForHealthyPipelineSafeModeRule] INFO  safemode.SCMSafeModeManager (SCMSafeModeManager.java:exitSafeMode(244)) - SCM exiting safe mode.
2023-03-16 20:06:48,790 [EventQueue-OpenPipelineForHealthyPipelineSafeModeRule] INFO  ha.SCMContext (SCMContext.java:updateSafeModeStatus(228)) - Update SafeModeStatus from SafeModeStatus{safeModeStatus=true, preCheckPassed=true} to SafeModeStatus{safeModeStatus=false, preCheckPassed=true}.
2023-03-16 20:06:48,790 [EventQueue-OpenPipelineForHealthyPipelineSafeModeRule] INFO  pipeline.BackgroundPipelineCreator (BackgroundPipelineCreator.java:notifyStatusChanged(254)) - Service BackgroundPipelineCreator transitions to RUNNING.
2023-03-16 20:06:48,790 [EventQueue-OpenPipelineForHealthyPipelineSafeModeRule] INFO  BackgroundPipelineScrubber (BackgroundSCMService.java:notifyStatusChanged(82)) - Service BackgroundPipelineScrubber transitions to RUNNING.
2023-03-16 20:06:48,791 [EventQueue-OpenPipelineForHealthyPipelineSafeModeRule] INFO  ExpiredContainerReplicaOpScrubber (BackgroundSCMService.java:notifyStatusChanged(82)) - Service ExpiredContainerReplicaOpScrubber transitions to RUNNING.
2023-03-16 20:06:48,791 [EventQueue-OpenPipelineForHealthyPipelineSafeModeRule] INFO  replication.ReplicationManager (ReplicationManager.java:notifyStatusChanged(1165)) - Service ReplicationManager transitions to RUNNING.
2023-03-16 20:06:48,791 [EventQueue-OpenPipelineForHealthyPipelineSafeModeRule] WARN  balancer.ContainerBalancer (ContainerBalancer.java:shouldRun(131)) - Could not find persisted configuration for ContainerBalancer when checking if ContainerBalancer should run. ContainerBalancer should not run now.
2023-03-16 20:06:48,791 [af19ea06-4a72-4e8e-a05a-645e0b93ca6c@group-5B64B89C4C6D-FollowerState] INFO  server.RaftServerConfigKeys (ConfUtils.java:logFallback(53)) - raft.server.rpc.first-election.timeout.min = 5s (fallback to raft.server.rpc.timeout.min)
2023-03-16 20:06:48,791 [af19ea06-4a72-4e8e-a05a-645e0b93ca6c@group-5B64B89C4C6D-FollowerState] INFO  server.RaftServerConfigKeys (ConfUtils.java:logFallback(53)) - raft.server.rpc.first-election.timeout.max = 5200ms (fallback to raft.server.rpc.timeout.max)
2023-03-16 20:06:48,792 [grpc-default-executor-4] INFO  server.RaftServer$Division (RaftServerImpl.java:requestVote(1251)) - af19ea06-4a72-4e8e-a05a-645e0b93ca6c@group-5B64B89C4C6D replies to ELECTION vote request: 682b4d9c-96c0-4a75-8400-2841f36046f6<-af19ea06-4a72-4e8e-a05a-645e0b93ca6c#0:OK-t1. Peer's state: af19ea06-4a72-4e8e-a05a-645e0b93ca6c@group-5B64B89C4C6D:t1, leader=null, voted=682b4d9c-96c0-4a75-8400-2841f36046f6, raftlog=Memoized:af19ea06-4a72-4e8e-a05a-645e0b93ca6c@group-5B64B89C4C6D-SegmentedRaftLog:OPENED:c-1, conf=-1: peers:[af19ea06-4a72-4e8e-a05a-645e0b93ca6c|rpc:10.1.0.41:43583|dataStream:10.1.0.41:40505|priority:0|startupRole:FOLLOWER, 682b4d9c-96c0-4a75-8400-2841f36046f6|rpc:10.1.0.41:43675|dataStream:10.1.0.41:39721|priority:1|startupRole:FOLLOWER, 67a302da-c3a9-4d3b-a81a-6dae531b3b12|rpc:10.1.0.41:36435|dataStream:10.1.0.41:33407|priority:0|startupRole:FOLLOWER]|listeners:[], old=null
2023-03-16 20:06:48,797 [682b4d9c-96c0-4a75-8400-2841f36046f6@group-5B64B89C4C6D-LeaderElection22] INFO  impl.LeaderElection (LeaderElection.java:askForVotes(314)) - 682b4d9c-96c0-4a75-8400-2841f36046f6@group-5B64B89C4C6D-LeaderElection22 ELECTION round 0: result PASSED
2023-03-16 20:06:48,797 [682b4d9c-96c0-4a75-8400-2841f36046f6@group-5B64B89C4C6D-LeaderElection22] INFO  impl.RoleInfo (RoleInfo.java:shutdownLeaderElection(130)) - 682b4d9c-96c0-4a75-8400-2841f36046f6: shutdown 682b4d9c-96c0-4a75-8400-2841f36046f6@group-5B64B89C4C6D-LeaderElection22
2023-03-16 20:06:48,797 [682b4d9c-96c0-4a75-8400-2841f36046f6@group-5B64B89C4C6D-LeaderElection22] INFO  server.RaftServer$Division (RaftServerImpl.java:setRole(321)) - 682b4d9c-96c0-4a75-8400-2841f36046f6@group-5B64B89C4C6D: changes role from CANDIDATE to LEADER at term 1 for changeToLeader
2023-03-16 20:06:48,797 [682b4d9c-96c0-4a75-8400-2841f36046f6@group-5B64B89C4C6D-LeaderElection22] INFO  ratis.XceiverServerRatis (XceiverServerRatis.java:handleLeaderChangedNotification(905)) - Leader change notification received for group: group-5B64B89C4C6D with new leaderId: 682b4d9c-96c0-4a75-8400-2841f36046f6
2023-03-16 20:06:48,797 [682b4d9c-96c0-4a75-8400-2841f36046f6@group-5B64B89C4C6D-LeaderElection22] INFO  server.RaftServer$Division (ServerState.java:setLeader(313)) - 682b4d9c-96c0-4a75-8400-2841f36046f6@group-5B64B89C4C6D: change Leader from null to 682b4d9c-96c0-4a75-8400-2841f36046f6 at term 1 for becomeLeader, leader elected after 5288ms
2023-03-16 20:06:48,797 [682b4d9c-96c0-4a75-8400-2841f36046f6@group-5B64B89C4C6D-LeaderElection22] INFO  server.RaftServerConfigKeys (ConfUtils.java:logGet(46)) - raft.server.staging.catchup.gap = 1000 (default)
2023-03-16 20:06:48,798 [682b4d9c-96c0-4a75-8400-2841f36046f6@group-5B64B89C4C6D-LeaderElection22] INFO  server.RaftServerConfigKeys (ConfUtils.java:logGet(46)) - raft.server.write.element-limit = 1024 (custom)
2023-03-16 20:06:48,798 [682b4d9c-96c0-4a75-8400-2841f36046f6@group-5B64B89C4C6D-LeaderElection22] INFO  server.RaftServerConfigKeys (ConfUtils.java:logGet(46)) - raft.server.write.byte-limit = 1024 M (=1073741824) (custom)
2023-03-16 20:06:48,798 [682b4d9c-96c0-4a75-8400-2841f36046f6@group-5B64B89C4C6D-LeaderElection22] INFO  server.RaftServerConfigKeys (ConfUtils.java:logGet(46)) - raft.server.watch.timeout = 180s (custom)
2023-03-16 20:06:48,798 [682b4d9c-96c0-4a75-8400-2841f36046f6@group-5B64B89C4C6D-LeaderElection22] INFO  server.RaftServerConfigKeys (ConfUtils.java:logGet(46)) - raft.server.watch.timeout.denomination = 1s (default)
2023-03-16 20:06:48,798 [682b4d9c-96c0-4a75-8400-2841f36046f6@group-5B64B89C4C6D-LeaderElection22] INFO  server.RaftServerConfigKeys (ConfUtils.java:logGet(46)) - raft.server.watch.element-limit = 65536 (default)
2023-03-16 20:06:48,798 [682b4d9c-96c0-4a75-8400-2841f36046f6@group-5B64B89C4C6D-LeaderElection22] INFO  server.RaftServerConfigKeys (ConfUtils.java:logGet(46)) - raft.server.write.element-limit = 1024 (custom)
2023-03-16 20:06:48,798 [682b4d9c-96c0-4a75-8400-2841f36046f6@group-5B64B89C4C6D-LeaderElection22] INFO  server.RaftServerConfigKeys (ConfUtils.java:logGet(46)) - raft.server.write.follower.gap.ratio.max = -1.0 (default)
2023-03-16 20:06:48,799 [682b4d9c-96c0-4a75-8400-2841f36046f6@group-5B64B89C4C6D-LeaderElection22] INFO  server.RaftServerConfigKeys (ConfUtils.java:logGet(46)) - raft.server.log.appender.snapshot.chunk.size.max = 16MB (=16777216) (default)
2023-03-16 20:06:48,799 [682b4d9c-96c0-4a75-8400-2841f36046f6@group-5B64B89C4C6D-LeaderElection22] INFO  server.RaftServerConfigKeys (ConfUtils.java:logGet(46)) - raft.server.log.appender.buffer.byte-limit = 33554432 (custom)
2023-03-16 20:06:48,799 [682b4d9c-96c0-4a75-8400-2841f36046f6@group-5B64B89C4C6D-LeaderElection22] INFO  server.RaftServerConfigKeys (ConfUtils.java:logGet(46)) - raft.server.log.appender.buffer.element-limit = 1 (custom)
2023-03-16 20:06:48,799 [682b4d9c-96c0-4a75-8400-2841f36046f6@group-5B64B89C4C6D-LeaderElection22] INFO  grpc.GrpcConfigKeys (ConfUtils.java:logGet(46)) - raft.grpc.server.leader.outstanding.appends.max = 128 (default)
2023-03-16 20:06:48,799 [682b4d9c-96c0-4a75-8400-2841f36046f6@group-5B64B89C4C6D-LeaderElection22] INFO  server.RaftServerConfigKeys (ConfUtils.java:logGet(46)) - raft.server.rpc.request.timeout = 60s (custom)
2023-03-16 20:06:48,799 [682b4d9c-96c0-4a75-8400-2841f36046f6@group-31A52953E0B4-FollowerState] INFO  impl.FollowerState (FollowerState.java:run(152)) - 682b4d9c-96c0-4a75-8400-2841f36046f6@group-31A52953E0B4-FollowerState was interrupted
2023-03-16 20:06:48,799 [grpc-default-executor-2] INFO  impl.RoleInfo (RoleInfo.java:updateAndGet(139)) - 682b4d9c-96c0-4a75-8400-2841f36046f6: start 682b4d9c-96c0-4a75-8400-2841f36046f6@group-31A52953E0B4-FollowerState
2023-03-16 20:06:48,808 [682b4d9c-96c0-4a75-8400-2841f36046f6@group-5B64B89C4C6D-LeaderElection22] INFO  server.RaftServerConfigKeys (ConfUtils.java:logGet(46)) - raft.server.log.appender.install.snapshot.enabled = false (custom)
2023-03-16 20:06:48,806 [af19ea06-4a72-4e8e-a05a-645e0b93ca6c-server-thread1] INFO  ratis.XceiverServerRatis (XceiverServerRatis.java:handleLeaderChangedNotification(905)) - Leader change notification received for group: group-31A52953E0B4 with new leaderId: 67a302da-c3a9-4d3b-a81a-6dae531b3b12
2023-03-16 20:06:48,808 [af19ea06-4a72-4e8e-a05a-645e0b93ca6c-server-thread1] INFO  server.RaftServer$Division (ServerState.java:setLeader(313)) - af19ea06-4a72-4e8e-a05a-645e0b93ca6c@group-31A52953E0B4: change Leader from null to 67a302da-c3a9-4d3b-a81a-6dae531b3b12 at term 1 for appendEntries, leader elected after 4957ms
2023-03-16 20:06:48,808 [682b4d9c-96c0-4a75-8400-2841f36046f6@group-5B64B89C4C6D-LeaderElection22] INFO  grpc.GrpcConfigKeys (ConfUtils.java:logGet(46)) - raft.grpc.server.heartbeat.channel = true (default)
2023-03-16 20:06:48,809 [682b4d9c-96c0-4a75-8400-2841f36046f6@group-5B64B89C4C6D-LeaderElection22] INFO  server.RaftServerConfigKeys (ConfUtils.java:logGet(46)) - raft.server.log.appender.wait-time.min = 10ms (default)
2023-03-16 20:06:48,810 [682b4d9c-96c0-4a75-8400-2841f36046f6@group-5B64B89C4C6D-LeaderElection22] INFO  server.RaftServerConfigKeys (ConfUtils.java:logGet(46)) - raft.server.log.appender.snapshot.chunk.size.max = 16MB (=16777216) (default)
2023-03-16 20:06:48,810 [682b4d9c-96c0-4a75-8400-2841f36046f6@group-5B64B89C4C6D-LeaderElection22] INFO  server.RaftServerConfigKeys (ConfUtils.java:logGet(46)) - raft.server.log.appender.buffer.byte-limit = 33554432 (custom)
2023-03-16 20:06:48,810 [682b4d9c-96c0-4a75-8400-2841f36046f6@group-5B64B89C4C6D-LeaderElection22] INFO  server.RaftServerConfigKeys (ConfUtils.java:logGet(46)) - raft.server.log.appender.buffer.element-limit = 1 (custom)
2023-03-16 20:06:48,812 [682b4d9c-96c0-4a75-8400-2841f36046f6@group-31A52953E0B4-FollowerState] INFO  server.RaftServerConfigKeys (ConfUtils.java:logFallback(53)) - raft.server.rpc.first-election.timeout.min = 5s (fallback to raft.server.rpc.timeout.min)
2023-03-16 20:06:48,812 [682b4d9c-96c0-4a75-8400-2841f36046f6@group-31A52953E0B4-FollowerState] INFO  server.RaftServerConfigKeys (ConfUtils.java:logFallback(53)) - raft.server.rpc.first-election.timeout.max = 5200ms (fallback to raft.server.rpc.timeout.max)
2023-03-16 20:06:48,812 [grpc-default-executor-2] INFO  server.RaftServer$Division (RaftServerImpl.java:requestVote(1251)) - 682b4d9c-96c0-4a75-8400-2841f36046f6@group-31A52953E0B4 replies to ELECTION vote request: 67a302da-c3a9-4d3b-a81a-6dae531b3b12<-682b4d9c-96c0-4a75-8400-2841f36046f6#0:OK-t1. Peer's state: 682b4d9c-96c0-4a75-8400-2841f36046f6@group-31A52953E0B4:t1, leader=null, voted=67a302da-c3a9-4d3b-a81a-6dae531b3b12, raftlog=Memoized:682b4d9c-96c0-4a75-8400-2841f36046f6@group-31A52953E0B4-SegmentedRaftLog:OPENED:c-1, conf=-1: peers:[af19ea06-4a72-4e8e-a05a-645e0b93ca6c|rpc:10.1.0.41:43583|dataStream:10.1.0.41:40505|priority:0|startupRole:FOLLOWER, 682b4d9c-96c0-4a75-8400-2841f36046f6|rpc:10.1.0.41:43675|dataStream:10.1.0.41:39721|priority:0|startupRole:FOLLOWER, 67a302da-c3a9-4d3b-a81a-6dae531b3b12|rpc:10.1.0.41:36435|dataStream:10.1.0.41:33407|priority:1|startupRole:FOLLOWER]|listeners:[], old=null
2023-03-16 20:06:48,815 [EventQueue-PipelineReportForPipelineReportHandler] INFO  pipeline.PipelineManagerImpl (PipelineManagerImpl.java:openPipeline(367)) - Pipeline Pipeline[ Id: b4b129b6-713e-4f76-840d-5b64b89c4c6d, Nodes: 682b4d9c-96c0-4a75-8400-2841f36046f6(fv-az371-917/10.1.0.41)67a302da-c3a9-4d3b-a81a-6dae531b3b12(fv-az371-917/10.1.0.41)af19ea06-4a72-4e8e-a05a-645e0b93ca6c(fv-az371-917/10.1.0.41), ReplicationConfig: RATIS/THREE, State:ALLOCATED, leaderId:682b4d9c-96c0-4a75-8400-2841f36046f6, CreationTimestamp2023-03-16T20:06:41.318Z[Etc/UTC]] moved to OPEN state
2023-03-16 20:06:48,815 [682b4d9c-96c0-4a75-8400-2841f36046f6@group-5B64B89C4C6D-LeaderElection22] INFO  grpc.GrpcConfigKeys (ConfUtils.java:logGet(46)) - raft.grpc.server.leader.outstanding.appends.max = 128 (default)
2023-03-16 20:06:48,815 [682b4d9c-96c0-4a75-8400-2841f36046f6@group-5B64B89C4C6D-LeaderElection22] INFO  server.RaftServerConfigKeys (ConfUtils.java:logGet(46)) - raft.server.rpc.request.timeout = 60s (custom)
2023-03-16 20:06:48,815 [682b4d9c-96c0-4a75-8400-2841f36046f6@group-5B64B89C4C6D-LeaderElection22] INFO  server.RaftServerConfigKeys (ConfUtils.java:logGet(46)) - raft.server.log.appender.install.snapshot.enabled = false (custom)
2023-03-16 20:06:48,815 [682b4d9c-96c0-4a75-8400-2841f36046f6@group-5B64B89C4C6D-LeaderElection22] INFO  grpc.GrpcConfigKeys (ConfUtils.java:logGet(46)) - raft.grpc.server.heartbeat.channel = true (default)
2023-03-16 20:06:48,815 [682b4d9c-96c0-4a75-8400-2841f36046f6@group-5B64B89C4C6D-LeaderElection22] INFO  server.RaftServerConfigKeys (ConfUtils.java:logGet(46)) - raft.server.log.appender.wait-time.min = 10ms (default)
2023-03-16 20:06:48,816 [682b4d9c-96c0-4a75-8400-2841f36046f6@group-5B64B89C4C6D-LeaderElection22] INFO  impl.RoleInfo (RoleInfo.java:updateAndGet(139)) - 682b4d9c-96c0-4a75-8400-2841f36046f6: start 682b4d9c-96c0-4a75-8400-2841f36046f6@group-5B64B89C4C6D-LeaderStateImpl
2023-03-16 20:06:48,816 [682b4d9c-96c0-4a75-8400-2841f36046f6@group-5B64B89C4C6D-LeaderElection22] INFO  segmented.SegmentedRaftLogWorker (SegmentedRaftLogWorker.java:startLogSegment(452)) - 682b4d9c-96c0-4a75-8400-2841f36046f6@group-5B64B89C4C6D-SegmentedRaftLogWorker: Starting segment from index:0
2023-03-16 20:06:48,838 [af19ea06-4a72-4e8e-a05a-645e0b93ca6c-server-thread2] INFO  server.RaftServer$Division (ServerState.java:setRaftConf(430)) - af19ea06-4a72-4e8e-a05a-645e0b93ca6c@group-31A52953E0B4: set configuration 0: peers:[af19ea06-4a72-4e8e-a05a-645e0b93ca6c|rpc:10.1.0.41:43583|dataStream:10.1.0.41:40505|priority:0|startupRole:FOLLOWER, 682b4d9c-96c0-4a75-8400-2841f36046f6|rpc:10.1.0.41:43675|dataStream:10.1.0.41:39721|priority:0|startupRole:FOLLOWER, 67a302da-c3a9-4d3b-a81a-6dae531b3b12|rpc:10.1.0.41:36435|dataStream:10.1.0.41:33407|priority:1|startupRole:FOLLOWER]|listeners:[], old=null
2023-03-16 20:06:48,839 [af19ea06-4a72-4e8e-a05a-645e0b93ca6c-server-thread2] INFO  segmented.SegmentedRaftLogWorker (SegmentedRaftLogWorker.java:startLogSegment(452)) - af19ea06-4a72-4e8e-a05a-645e0b93ca6c@group-31A52953E0B4-SegmentedRaftLogWorker: Starting segment from index:0
2023-03-16 20:06:48,840 [682b4d9c-96c0-4a75-8400-2841f36046f6-server-thread1] INFO  ratis.XceiverServerRatis (XceiverServerRatis.java:handleLeaderChangedNotification(905)) - Leader change notification received for group: group-31A52953E0B4 with new leaderId: 67a302da-c3a9-4d3b-a81a-6dae531b3b12
2023-03-16 20:06:48,840 [682b4d9c-96c0-4a75-8400-2841f36046f6-server-thread1] INFO  server.RaftServer$Division (ServerState.java:setLeader(313)) - 682b4d9c-96c0-4a75-8400-2841f36046f6@group-31A52953E0B4: change Leader from null to 67a302da-c3a9-4d3b-a81a-6dae531b3b12 at term 1 for appendEntries, leader elected after 5176ms
2023-03-16 20:06:48,845 [682b4d9c-96c0-4a75-8400-2841f36046f6@group-5B64B89C4C6D-LeaderElection22] INFO  server.RaftServer$Division (ServerState.java:setRaftConf(430)) - 682b4d9c-96c0-4a75-8400-2841f36046f6@group-5B64B89C4C6D: set configuration 0: peers:[af19ea06-4a72-4e8e-a05a-645e0b93ca6c|rpc:10.1.0.41:43583|dataStream:10.1.0.41:40505|priority:0|startupRole:FOLLOWER, 682b4d9c-96c0-4a75-8400-2841f36046f6|rpc:10.1.0.41:43675|dataStream:10.1.0.41:39721|priority:1|startupRole:FOLLOWER, 67a302da-c3a9-4d3b-a81a-6dae531b3b12|rpc:10.1.0.41:36435|dataStream:10.1.0.41:33407|priority:0|startupRole:FOLLOWER]|listeners:[], old=null
2023-03-16 20:06:48,847 [682b4d9c-96c0-4a75-8400-2841f36046f6@group-5B64B89C4C6D-SegmentedRaftLogWorker] INFO  segmented.SegmentedRaftLogWorker (SegmentedRaftLogWorker.java:execute(656)) - 682b4d9c-96c0-4a75-8400-2841f36046f6@group-5B64B89C4C6D-SegmentedRaftLogWorker: created new log segment /home/runner/work/ozone/ozone/hadoop-ozone/integration-test/target/test-dir/MiniOzoneClusterImpl-5d34faf9-8c61-4fd7-9f59-d81d67eb328e/datanode-1/data/ratis/b4b129b6-713e-4f76-840d-5b64b89c4c6d/current/log_inprogress_0
2023-03-16 20:06:48,855 [af19ea06-4a72-4e8e-a05a-645e0b93ca6c-server-thread1] INFO  ratis.XceiverServerRatis (XceiverServerRatis.java:handleLeaderChangedNotification(905)) - Leader change notification received for group: group-5B64B89C4C6D with new leaderId: 682b4d9c-96c0-4a75-8400-2841f36046f6
2023-03-16 20:06:48,855 [af19ea06-4a72-4e8e-a05a-645e0b93ca6c-server-thread1] INFO  server.RaftServer$Division (ServerState.java:setLeader(313)) - af19ea06-4a72-4e8e-a05a-645e0b93ca6c@group-5B64B89C4C6D: change Leader from null to 682b4d9c-96c0-4a75-8400-2841f36046f6 at term 1 for appendEntries, leader elected after 5294ms
2023-03-16 20:06:48,860 [af19ea06-4a72-4e8e-a05a-645e0b93ca6c@group-31A52953E0B4-SegmentedRaftLogWorker] INFO  segmented.SegmentedRaftLogWorker (SegmentedRaftLogWorker.java:execute(656)) - af19ea06-4a72-4e8e-a05a-645e0b93ca6c@group-31A52953E0B4-SegmentedRaftLogWorker: created new log segment /home/runner/work/ozone/ozone/hadoop-ozone/integration-test/target/test-dir/MiniOzoneClusterImpl-5d34faf9-8c61-4fd7-9f59-d81d67eb328e/datanode-2/data/ratis/3bd437f4-2eb8-4100-bc7e-31a52953e0b4/current/log_inprogress_0
2023-03-16 20:06:48,884 [682b4d9c-96c0-4a75-8400-2841f36046f6-server-thread2] INFO  server.RaftServer$Division (ServerState.java:setRaftConf(430)) - 682b4d9c-96c0-4a75-8400-2841f36046f6@group-31A52953E0B4: set configuration 0: peers:[af19ea06-4a72-4e8e-a05a-645e0b93ca6c|rpc:10.1.0.41:43583|dataStream:10.1.0.41:40505|priority:0|startupRole:FOLLOWER, 682b4d9c-96c0-4a75-8400-2841f36046f6|rpc:10.1.0.41:43675|dataStream:10.1.0.41:39721|priority:0|startupRole:FOLLOWER, 67a302da-c3a9-4d3b-a81a-6dae531b3b12|rpc:10.1.0.41:36435|dataStream:10.1.0.41:33407|priority:1|startupRole:FOLLOWER]|listeners:[], old=null
2023-03-16 20:06:48,885 [682b4d9c-96c0-4a75-8400-2841f36046f6-server-thread2] INFO  segmented.SegmentedRaftLogWorker (SegmentedRaftLogWorker.java:startLogSegment(452)) - 682b4d9c-96c0-4a75-8400-2841f36046f6@group-31A52953E0B4-SegmentedRaftLogWorker: Starting segment from index:0
2023-03-16 20:06:48,887 [af19ea06-4a72-4e8e-a05a-645e0b93ca6c-server-thread3] INFO  server.RaftServer$Division (ServerState.java:setRaftConf(430)) - af19ea06-4a72-4e8e-a05a-645e0b93ca6c@group-5B64B89C4C6D: set configuration 0: peers:[af19ea06-4a72-4e8e-a05a-645e0b93ca6c|rpc:10.1.0.41:43583|dataStream:10.1.0.41:40505|priority:0|startupRole:FOLLOWER, 682b4d9c-96c0-4a75-8400-2841f36046f6|rpc:10.1.0.41:43675|dataStream:10.1.0.41:39721|priority:1|startupRole:FOLLOWER, 67a302da-c3a9-4d3b-a81a-6dae531b3b12|rpc:10.1.0.41:36435|dataStream:10.1.0.41:33407|priority:0|startupRole:FOLLOWER]|listeners:[], old=null
2023-03-16 20:06:48,887 [af19ea06-4a72-4e8e-a05a-645e0b93ca6c-server-thread3] INFO  segmented.SegmentedRaftLogWorker (SegmentedRaftLogWorker.java:startLogSegment(452)) - af19ea06-4a72-4e8e-a05a-645e0b93ca6c@group-5B64B89C4C6D-SegmentedRaftLogWorker: Starting segment from index:0
2023-03-16 20:06:48,888 [682b4d9c-96c0-4a75-8400-2841f36046f6@group-31A52953E0B4-SegmentedRaftLogWorker] INFO  segmented.SegmentedRaftLogWorker (SegmentedRaftLogWorker.java:execute(656)) - 682b4d9c-96c0-4a75-8400-2841f36046f6@group-31A52953E0B4-SegmentedRaftLogWorker: created new log segment /home/runner/work/ozone/ozone/hadoop-ozone/integration-test/target/test-dir/MiniOzoneClusterImpl-5d34faf9-8c61-4fd7-9f59-d81d67eb328e/datanode-1/data/ratis/3bd437f4-2eb8-4100-bc7e-31a52953e0b4/current/log_inprogress_0
2023-03-16 20:06:48,889 [67a302da-c3a9-4d3b-a81a-6dae531b3b12-server-thread2] INFO  ratis.XceiverServerRatis (XceiverServerRatis.java:handleLeaderChangedNotification(905)) - Leader change notification received for group: group-5B64B89C4C6D with new leaderId: 682b4d9c-96c0-4a75-8400-2841f36046f6
2023-03-16 20:06:48,889 [67a302da-c3a9-4d3b-a81a-6dae531b3b12-server-thread2] INFO  server.RaftServer$Division (ServerState.java:setLeader(313)) - 67a302da-c3a9-4d3b-a81a-6dae531b3b12@group-5B64B89C4C6D: change Leader from null to 682b4d9c-96c0-4a75-8400-2841f36046f6 at term 1 for appendEntries, leader elected after 5422ms
2023-03-16 20:06:48,889 [af19ea06-4a72-4e8e-a05a-645e0b93ca6c@group-5B64B89C4C6D-SegmentedRaftLogWorker] INFO  segmented.SegmentedRaftLogWorker (SegmentedRaftLogWorker.java:execute(656)) - af19ea06-4a72-4e8e-a05a-645e0b93ca6c@group-5B64B89C4C6D-SegmentedRaftLogWorker: created new log segment /home/runner/work/ozone/ozone/hadoop-ozone/integration-test/target/test-dir/MiniOzoneClusterImpl-5d34faf9-8c61-4fd7-9f59-d81d67eb328e/datanode-2/data/ratis/b4b129b6-713e-4f76-840d-5b64b89c4c6d/current/log_inprogress_0
2023-03-16 20:06:48,902 [67a302da-c3a9-4d3b-a81a-6dae531b3b12-server-thread1] INFO  server.RaftServer$Division (ServerState.java:setRaftConf(430)) - 67a302da-c3a9-4d3b-a81a-6dae531b3b12@group-5B64B89C4C6D: set configuration 0: peers:[af19ea06-4a72-4e8e-a05a-645e0b93ca6c|rpc:10.1.0.41:43583|dataStream:10.1.0.41:40505|priority:0|startupRole:FOLLOWER, 682b4d9c-96c0-4a75-8400-2841f36046f6|rpc:10.1.0.41:43675|dataStream:10.1.0.41:39721|priority:1|startupRole:FOLLOWER, 67a302da-c3a9-4d3b-a81a-6dae531b3b12|rpc:10.1.0.41:36435|dataStream:10.1.0.41:33407|priority:0|startupRole:FOLLOWER]|listeners:[], old=null
2023-03-16 20:06:48,904 [67a302da-c3a9-4d3b-a81a-6dae531b3b12-server-thread1] INFO  segmented.SegmentedRaftLogWorker (SegmentedRaftLogWorker.java:startLogSegment(452)) - 67a302da-c3a9-4d3b-a81a-6dae531b3b12@group-5B64B89C4C6D-SegmentedRaftLogWorker: Starting segment from index:0
2023-03-16 20:06:48,907 [67a302da-c3a9-4d3b-a81a-6dae531b3b12@group-5B64B89C4C6D-SegmentedRaftLogWorker] INFO  segmented.SegmentedRaftLogWorker (SegmentedRaftLogWorker.java:execute(656)) - 67a302da-c3a9-4d3b-a81a-6dae531b3b12@group-5B64B89C4C6D-SegmentedRaftLogWorker: created new log segment /home/runner/work/ozone/ozone/hadoop-ozone/integration-test/target/test-dir/MiniOzoneClusterImpl-5d34faf9-8c61-4fd7-9f59-d81d67eb328e/datanode-0/data/ratis/b4b129b6-713e-4f76-840d-5b64b89c4c6d/current/log_inprogress_0
2023-03-16 20:06:49,043 [682b4d9c-96c0-4a75-8400-2841f36046f6@group-61F1B89036B3-FollowerState] INFO  impl.FollowerState (FollowerState.java:run(143)) - 682b4d9c-96c0-4a75-8400-2841f36046f6@group-61F1B89036B3-FollowerState: change to CANDIDATE, lastRpcElapsedTime:5162222000ns, electionTimeout:5158ms
2023-03-16 20:06:49,043 [682b4d9c-96c0-4a75-8400-2841f36046f6@group-61F1B89036B3-FollowerState] INFO  impl.RoleInfo (RoleInfo.java:shutdownFollowerState(110)) - 682b4d9c-96c0-4a75-8400-2841f36046f6: shutdown 682b4d9c-96c0-4a75-8400-2841f36046f6@group-61F1B89036B3-FollowerState
2023-03-16 20:06:49,043 [682b4d9c-96c0-4a75-8400-2841f36046f6@group-61F1B89036B3-FollowerState] INFO  server.RaftServer$Division (RaftServerImpl.java:setRole(321)) - 682b4d9c-96c0-4a75-8400-2841f36046f6@group-61F1B89036B3: changes role from  FOLLOWER to CANDIDATE at term 0 for changeToCandidate
2023-03-16 20:06:49,043 [682b4d9c-96c0-4a75-8400-2841f36046f6@group-61F1B89036B3-FollowerState] INFO  server.RaftServerConfigKeys (ConfUtils.java:logGet(46)) - raft.server.leaderelection.pre-vote = true (default)
2023-03-16 20:06:49,043 [682b4d9c-96c0-4a75-8400-2841f36046f6@group-61F1B89036B3-FollowerState] INFO  impl.RoleInfo (RoleInfo.java:updateAndGet(139)) - 682b4d9c-96c0-4a75-8400-2841f36046f6: start 682b4d9c-96c0-4a75-8400-2841f36046f6@group-61F1B89036B3-LeaderElection24
2023-03-16 20:06:49,046 [682b4d9c-96c0-4a75-8400-2841f36046f6@group-61F1B89036B3-LeaderElection24] INFO  impl.LeaderElection (LeaderElection.java:askForVotes(312)) - 682b4d9c-96c0-4a75-8400-2841f36046f6@group-61F1B89036B3-LeaderElection24 PRE_VOTE round 0: submit vote requests at term 0 for -1: peers:[682b4d9c-96c0-4a75-8400-2841f36046f6|rpc:10.1.0.41:43675|dataStream:10.1.0.41:39721|priority:1|startupRole:FOLLOWER]|listeners:[], old=null
2023-03-16 20:06:49,046 [682b4d9c-96c0-4a75-8400-2841f36046f6@group-61F1B89036B3-LeaderElection24] INFO  impl.LeaderElection (LeaderElection.java:askForVotes(314)) - 682b4d9c-96c0-4a75-8400-2841f36046f6@group-61F1B89036B3-LeaderElection24 PRE_VOTE round 0: result PASSED (term=0)
2023-03-16 20:06:49,048 [682b4d9c-96c0-4a75-8400-2841f36046f6@group-61F1B89036B3-LeaderElection24] INFO  impl.LeaderElection (LeaderElection.java:askForVotes(312)) - 682b4d9c-96c0-4a75-8400-2841f36046f6@group-61F1B89036B3-LeaderElection24 ELECTION round 0: submit vote requests at term 1 for -1: peers:[682b4d9c-96c0-4a75-8400-2841f36046f6|rpc:10.1.0.41:43675|dataStream:10.1.0.41:39721|priority:1|startupRole:FOLLOWER]|listeners:[], old=null
2023-03-16 20:06:49,048 [682b4d9c-96c0-4a75-8400-2841f36046f6@group-61F1B89036B3-LeaderElection24] INFO  impl.LeaderElection (LeaderElection.java:askForVotes(314)) - 682b4d9c-96c0-4a75-8400-2841f36046f6@group-61F1B89036B3-LeaderElection24 ELECTION round 0: result PASSED (term=1)
2023-03-16 20:06:49,048 [682b4d9c-96c0-4a75-8400-2841f36046f6@group-61F1B89036B3-LeaderElection24] INFO  impl.RoleInfo (RoleInfo.java:shutdownLeaderElection(130)) - 682b4d9c-96c0-4a75-8400-2841f36046f6: shutdown 682b4d9c-96c0-4a75-8400-2841f36046f6@group-61F1B89036B3-LeaderElection24
2023-03-16 20:06:49,048 [682b4d9c-96c0-4a75-8400-2841f36046f6@group-61F1B89036B3-LeaderElection24] INFO  server.RaftServer$Division (RaftServerImpl.java:setRole(321)) - 682b4d9c-96c0-4a75-8400-2841f36046f6@group-61F1B89036B3: changes role from CANDIDATE to LEADER at term 1 for changeToLeader
2023-03-16 20:06:49,048 [682b4d9c-96c0-4a75-8400-2841f36046f6@group-61F1B89036B3-LeaderElection24] INFO  ratis.XceiverServerRatis (XceiverServerRatis.java:handleLeaderChangedNotification(905)) - Leader change notification received for group: group-61F1B89036B3 with new leaderId: 682b4d9c-96c0-4a75-8400-2841f36046f6
2023-03-16 20:06:49,049 [682b4d9c-96c0-4a75-8400-2841f36046f6@group-61F1B89036B3-LeaderElection24] INFO  server.RaftServer$Division (ServerState.java:setLeader(313)) - 682b4d9c-96c0-4a75-8400-2841f36046f6@group-61F1B89036B3: change Leader from null to 682b4d9c-96c0-4a75-8400-2841f36046f6 at term 1 for becomeLeader, leader elected after 5196ms
2023-03-16 20:06:49,049 [682b4d9c-96c0-4a75-8400-2841f36046f6@group-61F1B89036B3-LeaderElection24] INFO  server.RaftServerConfigKeys (ConfUtils.java:logGet(46)) - raft.server.staging.catchup.gap = 1000 (default)
2023-03-16 20:06:49,049 [682b4d9c-96c0-4a75-8400-2841f36046f6@group-61F1B89036B3-LeaderElection24] INFO  server.RaftServerConfigKeys (ConfUtils.java:logGet(46)) - raft.server.write.element-limit = 1024 (custom)
2023-03-16 20:06:49,049 [682b4d9c-96c0-4a75-8400-2841f36046f6@group-61F1B89036B3-LeaderElection24] INFO  server.RaftServerConfigKeys (ConfUtils.java:logGet(46)) - raft.server.write.byte-limit = 1024 M (=1073741824) (custom)
2023-03-16 20:06:49,049 [682b4d9c-96c0-4a75-8400-2841f36046f6@group-61F1B89036B3-LeaderElection24] INFO  server.RaftServerConfigKeys (ConfUtils.java:logGet(46)) - raft.server.watch.timeout = 180s (custom)
2023-03-16 20:06:49,049 [682b4d9c-96c0-4a75-8400-2841f36046f6@group-61F1B89036B3-LeaderElection24] INFO  server.RaftServerConfigKeys (ConfUtils.java:logGet(46)) - raft.server.watch.timeout.denomination = 1s (default)
2023-03-16 20:06:49,050 [682b4d9c-96c0-4a75-8400-2841f36046f6@group-61F1B89036B3-LeaderElection24] INFO  server.RaftServerConfigKeys (ConfUtils.java:logGet(46)) - raft.server.watch.element-limit = 65536 (default)
2023-03-16 20:06:49,050 [682b4d9c-96c0-4a75-8400-2841f36046f6@group-61F1B89036B3-LeaderElection24] INFO  server.RaftServerConfigKeys (ConfUtils.java:logGet(46)) - raft.server.write.element-limit = 1024 (custom)
2023-03-16 20:06:49,052 [682b4d9c-96c0-4a75-8400-2841f36046f6@group-61F1B89036B3-LeaderElection24] INFO  server.RaftServerConfigKeys (ConfUtils.java:logGet(46)) - raft.server.write.follower.gap.ratio.max = -1.0 (default)
2023-03-16 20:06:49,052 [682b4d9c-96c0-4a75-8400-2841f36046f6@group-61F1B89036B3-LeaderElection24] INFO  impl.RoleInfo (RoleInfo.java:updateAndGet(139)) - 682b4d9c-96c0-4a75-8400-2841f36046f6: start 682b4d9c-96c0-4a75-8400-2841f36046f6@group-61F1B89036B3-LeaderStateImpl
2023-03-16 20:06:49,053 [682b4d9c-96c0-4a75-8400-2841f36046f6@group-61F1B89036B3-LeaderElection24] INFO  segmented.SegmentedRaftLogWorker (SegmentedRaftLogWorker.java:startLogSegment(452)) - 682b4d9c-96c0-4a75-8400-2841f36046f6@group-61F1B89036B3-SegmentedRaftLogWorker: Starting segment from index:0
2023-03-16 20:06:49,055 [682b4d9c-96c0-4a75-8400-2841f36046f6@group-61F1B89036B3-LeaderElection24] INFO  server.RaftServer$Division (ServerState.java:setRaftConf(430)) - 682b4d9c-96c0-4a75-8400-2841f36046f6@group-61F1B89036B3: set configuration 0: peers:[682b4d9c-96c0-4a75-8400-2841f36046f6|rpc:10.1.0.41:43675|dataStream:10.1.0.41:39721|priority:1|startupRole:FOLLOWER]|listeners:[], old=null
2023-03-16 20:06:49,056 [682b4d9c-96c0-4a75-8400-2841f36046f6@group-61F1B89036B3-SegmentedRaftLogWorker] INFO  segmented.SegmentedRaftLogWorker (SegmentedRaftLogWorker.java:execute(656)) - 682b4d9c-96c0-4a75-8400-2841f36046f6@group-61F1B89036B3-SegmentedRaftLogWorker: created new log segment /home/runner/work/ozone/ozone/hadoop-ozone/integration-test/target/test-dir/MiniOzoneClusterImpl-5d34faf9-8c61-4fd7-9f59-d81d67eb328e/datanode-1/data/ratis/c0b92fbc-0732-4766-b2f7-61f1b89036b3/current/log_inprogress_0
2023-03-16 20:06:49,218 [Listener at 127.0.0.1/37437] INFO  ozone.MiniOzoneClusterImpl (MiniOzoneClusterImpl.java:lambda$waitForClusterToBeReady$0(222)) - Nodes are ready. Got 5 of 5 DN Heartbeats.
2023-03-16 20:06:49,219 [Listener at 127.0.0.1/37437] INFO  ozone.MiniOzoneClusterImpl (MiniOzoneClusterImpl.java:lambda$waitForClusterToBeReady$0(225)) - Cluster exits safe mode
2023-03-16 20:06:49,219 [Listener at 127.0.0.1/37437] INFO  ozone.MiniOzoneClusterImpl (MiniOzoneClusterImpl.java:lambda$waitForClusterToBeReady$0(227)) - SCM became leader
2023-03-16 20:06:49,251 [Listener at 127.0.0.1/37437] INFO  rpc.RpcClient (RpcClient.java:createVolume(476)) - Creating Volume: volume46233, with user75346 as owner and space quota set to -1 bytes, counts quota set to -1
2023-03-16 20:06:49,261 [OM StateMachine ApplyTransaction Thread - 0] INFO  volume.OMVolumeCreateRequest (OMVolumeCreateRequest.java:validateAndUpdateCache(195)) - created volume:volume46233 for user:user75346
2023-03-16 20:06:49,274 [Listener at 127.0.0.1/37437] INFO  rpc.RpcClient (RpcClient.java:createBucket(698)) - Creating Bucket: volume46233/bucket02547, with bucket layout LEGACY, runner as owner, Versioning false, Storage Type set to DISK and Encryption set to false, Replication Type set to server-side default replication type, Namespace Quota set to -1, Space Quota set to -1 
2023-03-16 20:06:49,277 [OM StateMachine ApplyTransaction Thread - 0] INFO  bucket.OMBucketCreateRequest (OMBucketCreateRequest.java:validateAndUpdateCache(263)) - created bucket: bucket02547 of layout LEGACY in volume: volume46233
]]></system-out>
  </testcase>
  <testcase name="testGetTrashRoot" classname="TestOzoneFileSystem" time="21.244">
    <system-out><![CDATA[2023-03-16 20:07:46,967 [Listener at 127.0.0.1/37437] INFO  ozone.MiniOzoneClusterImpl (MiniOzoneClusterImpl.java:shutdown(455)) - Shutting down the Mini Ozone Cluster
2023-03-16 20:07:46,967 [Listener at 127.0.0.1/37437] INFO  ozone.MiniOzoneClusterImpl (MiniOzoneClusterImpl.java:stop(471)) - Stopping the Mini Ozone Cluster
2023-03-16 20:07:46,967 [Listener at 127.0.0.1/37437] INFO  ozone.MiniOzoneClusterImpl (MiniOzoneClusterImpl.java:stopOM(553)) - Stopping the OzoneManager
2023-03-16 20:07:46,967 [Listener at 127.0.0.1/37437] INFO  om.OzoneManager (OzoneManager.java:stop(2166)) - om1[localhost:0]: Stopping Ozone Manager
2023-03-16 20:07:46,967 [Listener at 127.0.0.1/37437] INFO  ipc.Server (Server.java:stop(3428)) - Stopping server on 37437
2023-03-16 20:07:46,971 [IPC Server Responder] INFO  ipc.Server (Server.java:run(1517)) - Stopping IPC Server Responder
2023-03-16 20:07:46,972 [IPC Server listener on 0] INFO  ipc.Server (Server.java:run(1384)) - Stopping IPC Server listener on 0
2023-03-16 20:07:46,976 [Listener at 127.0.0.1/37437] INFO  server.RaftServer (RaftServerProxy.java:lambda$close$6(409)) - om1: close
2023-03-16 20:07:46,981 [Listener at 127.0.0.1/37437] INFO  server.GrpcService (GrpcService.java:closeImpl(271)) - om1: shutdown server GrpcServerProtocolService now
2023-03-16 20:07:46,986 [om1-impl-thread2] INFO  server.RaftServer$Division (RaftServerImpl.java:lambda$close$4(458)) - om1@group-C5BA1605619E: shutdown
2023-03-16 20:07:46,986 [Listener at 127.0.0.1/37437] INFO  server.GrpcService (GrpcService.java:closeImpl(280)) - om1: shutdown server GrpcServerProtocolService successfully
2023-03-16 20:07:46,987 [om1-impl-thread2] INFO  util.JmxRegister (JmxRegister.java:unregister(73)) - Successfully un-registered JMX Bean with object name Ratis:service=RaftServer,group=group-C5BA1605619E,id=om1
2023-03-16 20:07:46,987 [om1-impl-thread2] INFO  impl.RoleInfo (RoleInfo.java:shutdownLeaderState(93)) - om1: shutdown om1@group-C5BA1605619E-LeaderStateImpl
2023-03-16 20:07:46,987 [om1-impl-thread2] INFO  impl.PendingRequests (PendingRequests.java:sendNotLeaderResponses(282)) - om1@group-C5BA1605619E-PendingRequests: sendNotLeaderResponses
2023-03-16 20:07:46,990 [om1@group-C5BA1605619E-StateMachineUpdater] INFO  ratis.OzoneManagerStateMachine (OzoneManagerStateMachine.java:takeSnapshot(445)) - Current Snapshot Index (t:1, i:37011)
2023-03-16 20:07:46,991 [om1-impl-thread2] INFO  impl.StateMachineUpdater (StateMachineUpdater.java:stopAndJoin(153)) - om1@group-C5BA1605619E-StateMachineUpdater: set stopIndex = 37011
2023-03-16 20:07:47,040 [om1@group-C5BA1605619E-StateMachineUpdater] INFO  impl.StateMachineUpdater (StateMachineUpdater.java:takeSnapshot(287)) - om1@group-C5BA1605619E-StateMachineUpdater: Took a snapshot at index 37011
2023-03-16 20:07:47,040 [om1@group-C5BA1605619E-StateMachineUpdater] INFO  impl.StateMachineUpdater (StateMachineUpdater.java:lambda$new$0(92)) - om1@group-C5BA1605619E-StateMachineUpdater: snapshotIndex: updateIncreasingly -1 -> 37011
2023-03-16 20:07:47,040 [om1@group-C5BA1605619E-StateMachineUpdater] INFO  ratis.OzoneManagerStateMachine (OzoneManagerStateMachine.java:close(499)) - StateMachine has shutdown. Shutdown OzoneManager if not already shutdown.
2023-03-16 20:07:47,041 [om1@group-C5BA1605619E-StateMachineUpdater] INFO  ratis.OzoneManagerDoubleBuffer (OzoneManagerDoubleBuffer.java:stopDaemon(540)) - Stopping OMDoubleBuffer flush thread
2023-03-16 20:07:47,041 [OMDoubleBufferFlushThread] INFO  ratis.OzoneManagerDoubleBuffer (OzoneManagerDoubleBuffer.java:canFlush(625)) - OMDoubleBuffer flush thread OMDoubleBufferFlushThread is interrupted and will exit.
2023-03-16 20:07:47,042 [om1-impl-thread2] INFO  server.RaftServer$Division (ServerState.java:close(466)) - om1@group-C5BA1605619E: closes. applyIndex: 37011
2023-03-16 20:07:47,047 [om1@group-C5BA1605619E-SegmentedRaftLogWorker] INFO  segmented.SegmentedRaftLogWorker (SegmentedRaftLogWorker.java:run(347)) - om1@group-C5BA1605619E-SegmentedRaftLogWorker was interrupted, exiting. There are 0 tasks remaining in the queue.
2023-03-16 20:07:47,050 [om1-impl-thread2] INFO  segmented.SegmentedRaftLogWorker (SegmentedRaftLogWorker.java:close(257)) - om1@group-C5BA1605619E-SegmentedRaftLogWorker close()
2023-03-16 20:07:47,053 [JvmPauseMonitor11] INFO  util.JvmPauseMonitor (JvmPauseMonitor.java:run(111)) - JvmPauseMonitor-om1: Stopped
2023-03-16 20:07:47,053 [Listener at 127.0.0.1/37437] INFO  ratis.OzoneManagerStateMachine (OzoneManagerStateMachine.java:close(499)) - StateMachine has shutdown. Shutdown OzoneManager if not already shutdown.
2023-03-16 20:07:47,054 [Listener at 127.0.0.1/37437] INFO  ratis.OzoneManagerDoubleBuffer (OzoneManagerDoubleBuffer.java:stopDaemon(549)) - OMDoubleBuffer flush thread is not running.
2023-03-16 20:07:47,055 [Listener at 127.0.0.1/37437] INFO  utils.BackgroundService (BackgroundService.java:shutdown(141)) - Shutting down service KeyDeletingService
2023-03-16 20:07:47,055 [Listener at 127.0.0.1/37437] INFO  utils.BackgroundService (BackgroundService.java:shutdown(141)) - Shutting down service DirectoryDeletingService
2023-03-16 20:07:47,055 [Listener at 127.0.0.1/37437] INFO  utils.BackgroundService (BackgroundService.java:shutdown(141)) - Shutting down service OpenKeyCleanupService
2023-03-16 20:07:47,055 [Listener at 127.0.0.1/37437] INFO  utils.BackgroundService (BackgroundService.java:shutdown(141)) - Shutting down service SstFilteringService
2023-03-16 20:07:47,056 [Listener at 127.0.0.1/37437] INFO  utils.BackgroundService (BackgroundService.java:shutdown(141)) - Shutting down service SnapshotDeletingService
2023-03-16 20:07:47,057 [Listener at 127.0.0.1/37437] INFO  handler.ContextHandler (ContextHandler.java:doStop(1159)) - Stopped o.e.j.w.WebAppContext@65ec7757{ozoneManager,/,null,STOPPED}{file:/home/runner/work/ozone/ozone/hadoop-ozone/integration-test/target/test-classes/webapps/ozoneManager}
2023-03-16 20:07:47,058 [Listener at 127.0.0.1/37437] INFO  server.AbstractConnector (AbstractConnector.java:doStop(383)) - Stopped ServerConnector@2e80aeb1{HTTP/1.1, (http/1.1)}{0.0.0.0:0}
2023-03-16 20:07:47,058 [Listener at 127.0.0.1/37437] INFO  server.session (HouseKeeper.java:stopScavenging(149)) - node0 Stopped scavenging
2023-03-16 20:07:47,058 [Listener at 127.0.0.1/37437] INFO  handler.ContextHandler (ContextHandler.java:doStop(1159)) - Stopped o.e.j.s.ServletContextHandler@39f37000{static,/static,file:///home/runner/work/ozone/ozone/hadoop-ozone/integration-test/target/test-classes/webapps/static,STOPPED}
2023-03-16 20:07:47,059 [Listener at 127.0.0.1/37437] INFO  handler.ContextHandler (ContextHandler.java:doStop(1159)) - Stopped o.e.j.s.ServletContextHandler@388f6d63{logs,/logs,file:///home/runner/work/ozone/ozone/hadoop-ozone/integration-test/target/log,STOPPED}
2023-03-16 20:07:47,060 [Trash Emptier] ERROR om.TrashPolicyOzone (TrashPolicyOzone.java:run(350)) - Error attempting to shutdown
java.lang.InterruptedException
	at java.util.concurrent.locks.AbstractQueuedSynchronizer$ConditionObject.awaitNanos(AbstractQueuedSynchronizer.java:2067)
	at java.util.concurrent.ThreadPoolExecutor.awaitTermination(ThreadPoolExecutor.java:1475)
	at org.apache.hadoop.ozone.om.TrashPolicyOzone$Emptier.run(TrashPolicyOzone.java:348)
	at java.lang.Thread.run(Thread.java:750)
2023-03-16 20:07:47,063 [Listener at 127.0.0.1/37437] INFO  ozone.MiniOzoneClusterImpl (MiniOzoneClusterImpl.java:stopDatanodes(530)) - Stopping the HddsDatanodes
2023-03-16 20:07:47,065 [Listener at 127.0.0.1/37437] INFO  ozoneimpl.OzoneContainer (OzoneContainer.java:stop(423)) - Attempting to stop container services.
2023-03-16 20:07:47,067 [Listener at 127.0.0.1/37437] INFO  server.RaftServer (RaftServerProxy.java:lambda$close$6(409)) - af19ea06-4a72-4e8e-a05a-645e0b93ca6c: close
2023-03-16 20:07:47,068 [af19ea06-4a72-4e8e-a05a-645e0b93ca6c-impl-thread2] INFO  server.RaftServer$Division (RaftServerImpl.java:lambda$close$4(458)) - af19ea06-4a72-4e8e-a05a-645e0b93ca6c@group-31A52953E0B4: shutdown
2023-03-16 20:07:47,068 [af19ea06-4a72-4e8e-a05a-645e0b93ca6c-impl-thread2] INFO  util.JmxRegister (JmxRegister.java:unregister(73)) - Successfully un-registered JMX Bean with object name Ratis:service=RaftServer,group=group-31A52953E0B4,id=af19ea06-4a72-4e8e-a05a-645e0b93ca6c
2023-03-16 20:07:47,068 [af19ea06-4a72-4e8e-a05a-645e0b93ca6c-impl-thread2] INFO  impl.RoleInfo (RoleInfo.java:shutdownFollowerState(110)) - af19ea06-4a72-4e8e-a05a-645e0b93ca6c: shutdown af19ea06-4a72-4e8e-a05a-645e0b93ca6c@group-31A52953E0B4-FollowerState
2023-03-16 20:07:47,068 [af19ea06-4a72-4e8e-a05a-645e0b93ca6c-impl-thread3] INFO  server.RaftServer$Division (RaftServerImpl.java:lambda$close$4(458)) - af19ea06-4a72-4e8e-a05a-645e0b93ca6c@group-5B64B89C4C6D: shutdown
2023-03-16 20:07:47,068 [af19ea06-4a72-4e8e-a05a-645e0b93ca6c-impl-thread3] INFO  util.JmxRegister (JmxRegister.java:unregister(73)) - Successfully un-registered JMX Bean with object name Ratis:service=RaftServer,group=group-5B64B89C4C6D,id=af19ea06-4a72-4e8e-a05a-645e0b93ca6c
2023-03-16 20:07:47,068 [af19ea06-4a72-4e8e-a05a-645e0b93ca6c-impl-thread3] INFO  impl.RoleInfo (RoleInfo.java:shutdownFollowerState(110)) - af19ea06-4a72-4e8e-a05a-645e0b93ca6c: shutdown af19ea06-4a72-4e8e-a05a-645e0b93ca6c@group-5B64B89C4C6D-FollowerState
2023-03-16 20:07:47,069 [Listener at 127.0.0.1/37437] INFO  server.GrpcService (GrpcService.java:closeImpl(271)) - af19ea06-4a72-4e8e-a05a-645e0b93ca6c: shutdown server GrpcServerProtocolService now
2023-03-16 20:07:47,074 [af19ea06-4a72-4e8e-a05a-645e0b93ca6c@group-5B64B89C4C6D-FollowerState] INFO  impl.FollowerState (FollowerState.java:run(152)) - af19ea06-4a72-4e8e-a05a-645e0b93ca6c@group-5B64B89C4C6D-FollowerState was interrupted
2023-03-16 20:07:47,075 [af19ea06-4a72-4e8e-a05a-645e0b93ca6c-impl-thread2] INFO  impl.StateMachineUpdater (StateMachineUpdater.java:stopAndJoin(153)) - af19ea06-4a72-4e8e-a05a-645e0b93ca6c@group-31A52953E0B4-StateMachineUpdater: set stopIndex = 21
2023-03-16 20:07:47,075 [af19ea06-4a72-4e8e-a05a-645e0b93ca6c-impl-thread3] INFO  impl.StateMachineUpdater (StateMachineUpdater.java:stopAndJoin(153)) - af19ea06-4a72-4e8e-a05a-645e0b93ca6c@group-5B64B89C4C6D-StateMachineUpdater: set stopIndex = 8
2023-03-16 20:07:47,075 [af19ea06-4a72-4e8e-a05a-645e0b93ca6c@group-31A52953E0B4-FollowerState] INFO  impl.FollowerState (FollowerState.java:run(152)) - af19ea06-4a72-4e8e-a05a-645e0b93ca6c@group-31A52953E0B4-FollowerState was interrupted
2023-03-16 20:07:47,075 [af19ea06-4a72-4e8e-a05a-645e0b93ca6c@group-31A52953E0B4-StateMachineUpdater] INFO  ratis.ContainerStateMachine (ContainerStateMachine.java:takeSnapshot(330)) - group-31A52953E0B4: Taking a snapshot at:(t:1, i:21) file /home/runner/work/ozone/ozone/hadoop-ozone/integration-test/target/test-dir/MiniOzoneClusterImpl-5d34faf9-8c61-4fd7-9f59-d81d67eb328e/datanode-2/data/ratis/3bd437f4-2eb8-4100-bc7e-31a52953e0b4/sm/snapshot.1_21
2023-03-16 20:07:47,075 [af19ea06-4a72-4e8e-a05a-645e0b93ca6c@group-5B64B89C4C6D-StateMachineUpdater] INFO  ratis.ContainerStateMachine (ContainerStateMachine.java:takeSnapshot(330)) - group-5B64B89C4C6D: Taking a snapshot at:(t:1, i:8) file /home/runner/work/ozone/ozone/hadoop-ozone/integration-test/target/test-dir/MiniOzoneClusterImpl-5d34faf9-8c61-4fd7-9f59-d81d67eb328e/datanode-2/data/ratis/b4b129b6-713e-4f76-840d-5b64b89c4c6d/sm/snapshot.1_8
2023-03-16 20:07:47,077 [af19ea06-4a72-4e8e-a05a-645e0b93ca6c@group-5B64B89C4C6D-StateMachineUpdater] INFO  ratis.ContainerStateMachine (ContainerStateMachine.java:takeSnapshot(341)) - group-5B64B89C4C6D: Finished taking a snapshot at:(t:1, i:8) file:/home/runner/work/ozone/ozone/hadoop-ozone/integration-test/target/test-dir/MiniOzoneClusterImpl-5d34faf9-8c61-4fd7-9f59-d81d67eb328e/datanode-2/data/ratis/b4b129b6-713e-4f76-840d-5b64b89c4c6d/sm/snapshot.1_8 took: 1 ms
2023-03-16 20:07:47,077 [af19ea06-4a72-4e8e-a05a-645e0b93ca6c-impl-thread4] INFO  server.RaftServer$Division (RaftServerImpl.java:lambda$close$4(458)) - af19ea06-4a72-4e8e-a05a-645e0b93ca6c@group-EEADFC261C1A: shutdown
2023-03-16 20:07:47,078 [ForkJoinPool.commonPool-worker-1] INFO  ozoneimpl.OzoneContainer (OzoneContainer.java:stop(423)) - Attempting to stop container services.
2023-03-16 20:07:47,078 [af19ea06-4a72-4e8e-a05a-645e0b93ca6c-impl-thread4] INFO  util.JmxRegister (JmxRegister.java:unregister(73)) - Successfully un-registered JMX Bean with object name Ratis:service=RaftServer,group=group-EEADFC261C1A,id=af19ea06-4a72-4e8e-a05a-645e0b93ca6c
2023-03-16 20:07:47,078 [af19ea06-4a72-4e8e-a05a-645e0b93ca6c-impl-thread4] INFO  impl.RoleInfo (RoleInfo.java:shutdownLeaderState(93)) - af19ea06-4a72-4e8e-a05a-645e0b93ca6c: shutdown af19ea06-4a72-4e8e-a05a-645e0b93ca6c@group-EEADFC261C1A-LeaderStateImpl
2023-03-16 20:07:47,077 [af19ea06-4a72-4e8e-a05a-645e0b93ca6c@group-5B64B89C4C6D-StateMachineUpdater] INFO  impl.StateMachineUpdater (StateMachineUpdater.java:takeSnapshot(287)) - af19ea06-4a72-4e8e-a05a-645e0b93ca6c@group-5B64B89C4C6D-StateMachineUpdater: Took a snapshot at index 8
2023-03-16 20:07:47,078 [af19ea06-4a72-4e8e-a05a-645e0b93ca6c@group-5B64B89C4C6D-StateMachineUpdater] INFO  impl.StateMachineUpdater (StateMachineUpdater.java:lambda$new$0(92)) - af19ea06-4a72-4e8e-a05a-645e0b93ca6c@group-5B64B89C4C6D-StateMachineUpdater: snapshotIndex: updateIncreasingly -1 -> 8
2023-03-16 20:07:47,078 [af19ea06-4a72-4e8e-a05a-645e0b93ca6c@group-31A52953E0B4-StateMachineUpdater] INFO  ratis.ContainerStateMachine (ContainerStateMachine.java:takeSnapshot(341)) - group-31A52953E0B4: Finished taking a snapshot at:(t:1, i:21) file:/home/runner/work/ozone/ozone/hadoop-ozone/integration-test/target/test-dir/MiniOzoneClusterImpl-5d34faf9-8c61-4fd7-9f59-d81d67eb328e/datanode-2/data/ratis/3bd437f4-2eb8-4100-bc7e-31a52953e0b4/sm/snapshot.1_21 took: 3 ms
2023-03-16 20:07:47,079 [af19ea06-4a72-4e8e-a05a-645e0b93ca6c@group-31A52953E0B4-StateMachineUpdater] INFO  impl.StateMachineUpdater (StateMachineUpdater.java:takeSnapshot(287)) - af19ea06-4a72-4e8e-a05a-645e0b93ca6c@group-31A52953E0B4-StateMachineUpdater: Took a snapshot at index 21
2023-03-16 20:07:47,079 [af19ea06-4a72-4e8e-a05a-645e0b93ca6c@group-31A52953E0B4-StateMachineUpdater] INFO  impl.StateMachineUpdater (StateMachineUpdater.java:lambda$new$0(92)) - af19ea06-4a72-4e8e-a05a-645e0b93ca6c@group-31A52953E0B4-StateMachineUpdater: snapshotIndex: updateIncreasingly -1 -> 21
2023-03-16 20:07:47,081 [ForkJoinPool.commonPool-worker-1] INFO  server.RaftServer (RaftServerProxy.java:lambda$close$6(409)) - 682b4d9c-96c0-4a75-8400-2841f36046f6: close
2023-03-16 20:07:47,081 [af19ea06-4a72-4e8e-a05a-645e0b93ca6c-impl-thread2] INFO  server.RaftServer$Division (ServerState.java:close(466)) - af19ea06-4a72-4e8e-a05a-645e0b93ca6c@group-31A52953E0B4: closes. applyIndex: 21
2023-03-16 20:07:47,081 [af19ea06-4a72-4e8e-a05a-645e0b93ca6c-impl-thread3] INFO  server.RaftServer$Division (ServerState.java:close(466)) - af19ea06-4a72-4e8e-a05a-645e0b93ca6c@group-5B64B89C4C6D: closes. applyIndex: 8
2023-03-16 20:07:47,082 [grpc-default-executor-1] WARN  server.GrpcServerProtocolService (LogUtils.java:warn(122)) - af19ea06-4a72-4e8e-a05a-645e0b93ca6c: installSnapshot onError, lastRequest: 682b4d9c-96c0-4a75-8400-2841f36046f6->af19ea06-4a72-4e8e-a05a-645e0b93ca6c#274-t1,previous=(t:1, i:7),leaderCommit=7,initializing? true,entries: size=1, first=(t:1, i:8), METADATAENTRY(c:6): org.apache.ratis.thirdparty.io.grpc.StatusRuntimeException: CANCELLED: client cancelled
2023-03-16 20:07:47,083 [grpc-default-executor-1] WARN  server.GrpcServerProtocolService (LogUtils.java:warn(122)) - af19ea06-4a72-4e8e-a05a-645e0b93ca6c: installSnapshot onError, lastRequest: 67a302da-c3a9-4d3b-a81a-6dae531b3b12->af19ea06-4a72-4e8e-a05a-645e0b93ca6c#62-t1,previous=(t:1, i:20),leaderCommit=20,initializing? true,entries: size=1, first=(t:1, i:21), METADATAENTRY(c:20): org.apache.ratis.thirdparty.io.grpc.StatusRuntimeException: CANCELLED: client cancelled
2023-03-16 20:07:47,083 [grpc-default-executor-1] WARN  server.GrpcServerProtocolService (LogUtils.java:warn(122)) - af19ea06-4a72-4e8e-a05a-645e0b93ca6c: installSnapshot onError, lastRequest: null: org.apache.ratis.thirdparty.io.grpc.StatusRuntimeException: CANCELLED: client cancelled
2023-03-16 20:07:47,083 [grpc-default-executor-1] WARN  server.GrpcServerProtocolService (LogUtils.java:warn(122)) - af19ea06-4a72-4e8e-a05a-645e0b93ca6c: installSnapshot onError, lastRequest: null: org.apache.ratis.thirdparty.io.grpc.StatusRuntimeException: CANCELLED: client cancelled
2023-03-16 20:07:47,084 [grpc-default-executor-5] WARN  server.GrpcLogAppender (LogUtils.java:warn(122)) - 67a302da-c3a9-4d3b-a81a-6dae531b3b12@group-31A52953E0B4->af19ea06-4a72-4e8e-a05a-645e0b93ca6c-AppendLogResponseHandler: Failed appendEntries: org.apache.ratis.thirdparty.io.grpc.StatusRuntimeException: CANCELLED: RST_STREAM closed stream. HTTP/2 error code: CANCEL
2023-03-16 20:07:47,084 [grpc-default-executor-5] INFO  leader.FollowerInfo (FollowerInfoImpl.java:lambda$new$0(48)) - 67a302da-c3a9-4d3b-a81a-6dae531b3b12@group-31A52953E0B4->af19ea06-4a72-4e8e-a05a-645e0b93ca6c: nextIndex: updateUnconditionally 22 -> 21
2023-03-16 20:07:47,084 [grpc-default-executor-5] WARN  server.GrpcLogAppender (LogUtils.java:warn(122)) - 682b4d9c-96c0-4a75-8400-2841f36046f6@group-5B64B89C4C6D->af19ea06-4a72-4e8e-a05a-645e0b93ca6c-AppendLogResponseHandler: Failed appendEntries: org.apache.ratis.thirdparty.io.grpc.StatusRuntimeException: CANCELLED: RST_STREAM closed stream. HTTP/2 error code: CANCEL
2023-03-16 20:07:47,084 [Listener at 127.0.0.1/37437] INFO  server.GrpcService (GrpcService.java:closeImpl(280)) - af19ea06-4a72-4e8e-a05a-645e0b93ca6c: shutdown server GrpcServerProtocolService successfully
2023-03-16 20:07:47,084 [grpc-default-executor-5] INFO  leader.FollowerInfo (FollowerInfoImpl.java:lambda$new$0(48)) - 682b4d9c-96c0-4a75-8400-2841f36046f6@group-5B64B89C4C6D->af19ea06-4a72-4e8e-a05a-645e0b93ca6c: nextIndex: updateUnconditionally 9 -> 8
2023-03-16 20:07:47,085 [af19ea06-4a72-4e8e-a05a-645e0b93ca6c-NettyServerStreamRpc-bossGroup--thread1] INFO  logging.LoggingHandler (AbstractInternalLogger.java:log(148)) - [id: 0x1360fd1e, L:/0:0:0:0:0:0:0:0:40505] CLOSE
2023-03-16 20:07:47,085 [grpc-default-executor-5] WARN  server.GrpcLogAppender (LogUtils.java:warn(122)) - 682b4d9c-96c0-4a75-8400-2841f36046f6@group-5B64B89C4C6D->af19ea06-4a72-4e8e-a05a-645e0b93ca6c-AppendLogResponseHandler: Failed appendEntries: org.apache.ratis.thirdparty.io.grpc.StatusRuntimeException: CANCELLED: RST_STREAM closed stream. HTTP/2 error code: CANCEL
2023-03-16 20:07:47,085 [grpc-default-executor-1] WARN  server.GrpcLogAppender (LogUtils.java:warn(122)) - 67a302da-c3a9-4d3b-a81a-6dae531b3b12@group-31A52953E0B4->af19ea06-4a72-4e8e-a05a-645e0b93ca6c-AppendLogResponseHandler: Failed appendEntries: org.apache.ratis.thirdparty.io.grpc.StatusRuntimeException: CANCELLED: RST_STREAM closed stream. HTTP/2 error code: CANCEL
2023-03-16 20:07:47,085 [grpc-default-executor-1] INFO  leader.FollowerInfo (FollowerInfoImpl.java:lambda$new$0(48)) - 67a302da-c3a9-4d3b-a81a-6dae531b3b12@group-31A52953E0B4->af19ea06-4a72-4e8e-a05a-645e0b93ca6c: nextIndex: updateUnconditionally 21 -> 20
2023-03-16 20:07:47,086 [grpc-default-executor-5] INFO  leader.FollowerInfo (FollowerInfoImpl.java:lambda$new$0(48)) - 682b4d9c-96c0-4a75-8400-2841f36046f6@group-5B64B89C4C6D->af19ea06-4a72-4e8e-a05a-645e0b93ca6c: nextIndex: updateUnconditionally 9 -> 8
2023-03-16 20:07:47,086 [af19ea06-4a72-4e8e-a05a-645e0b93ca6c-NettyServerStreamRpc-bossGroup--thread1] INFO  logging.LoggingHandler (AbstractInternalLogger.java:log(148)) - [id: 0x1360fd1e, L:/0:0:0:0:0:0:0:0:40505] INACTIVE
2023-03-16 20:07:47,086 [af19ea06-4a72-4e8e-a05a-645e0b93ca6c-NettyServerStreamRpc-bossGroup--thread1] INFO  logging.LoggingHandler (AbstractInternalLogger.java:log(148)) - [id: 0x1360fd1e, L:/0:0:0:0:0:0:0:0:40505] UNREGISTERED
2023-03-16 20:07:47,089 [af19ea06-4a72-4e8e-a05a-645e0b93ca6c-impl-thread4] INFO  impl.PendingRequests (PendingRequests.java:sendNotLeaderResponses(282)) - af19ea06-4a72-4e8e-a05a-645e0b93ca6c@group-EEADFC261C1A-PendingRequests: sendNotLeaderResponses
2023-03-16 20:07:47,089 [af19ea06-4a72-4e8e-a05a-645e0b93ca6c-impl-thread4] INFO  impl.StateMachineUpdater (StateMachineUpdater.java:stopAndJoin(153)) - af19ea06-4a72-4e8e-a05a-645e0b93ca6c@group-EEADFC261C1A-StateMachineUpdater: set stopIndex = 0
2023-03-16 20:07:47,090 [af19ea06-4a72-4e8e-a05a-645e0b93ca6c@group-EEADFC261C1A-StateMachineUpdater] INFO  ratis.ContainerStateMachine (ContainerStateMachine.java:takeSnapshot(330)) - group-EEADFC261C1A: Taking a snapshot at:(t:1, i:0) file /home/runner/work/ozone/ozone/hadoop-ozone/integration-test/target/test-dir/MiniOzoneClusterImpl-5d34faf9-8c61-4fd7-9f59-d81d67eb328e/datanode-2/data/ratis/995f7be5-c945-4ad9-acad-eeadfc261c1a/sm/snapshot.1_0
2023-03-16 20:07:47,091 [af19ea06-4a72-4e8e-a05a-645e0b93ca6c@group-EEADFC261C1A-StateMachineUpdater] INFO  ratis.ContainerStateMachine (ContainerStateMachine.java:takeSnapshot(341)) - group-EEADFC261C1A: Finished taking a snapshot at:(t:1, i:0) file:/home/runner/work/ozone/ozone/hadoop-ozone/integration-test/target/test-dir/MiniOzoneClusterImpl-5d34faf9-8c61-4fd7-9f59-d81d67eb328e/datanode-2/data/ratis/995f7be5-c945-4ad9-acad-eeadfc261c1a/sm/snapshot.1_0 took: 1 ms
2023-03-16 20:07:47,091 [af19ea06-4a72-4e8e-a05a-645e0b93ca6c@group-EEADFC261C1A-StateMachineUpdater] INFO  impl.StateMachineUpdater (StateMachineUpdater.java:takeSnapshot(287)) - af19ea06-4a72-4e8e-a05a-645e0b93ca6c@group-EEADFC261C1A-StateMachineUpdater: Took a snapshot at index 0
2023-03-16 20:07:47,091 [af19ea06-4a72-4e8e-a05a-645e0b93ca6c@group-EEADFC261C1A-StateMachineUpdater] INFO  impl.StateMachineUpdater (StateMachineUpdater.java:lambda$new$0(92)) - af19ea06-4a72-4e8e-a05a-645e0b93ca6c@group-EEADFC261C1A-StateMachineUpdater: snapshotIndex: updateIncreasingly -1 -> 0
2023-03-16 20:07:47,091 [af19ea06-4a72-4e8e-a05a-645e0b93ca6c-impl-thread4] INFO  server.RaftServer$Division (ServerState.java:close(466)) - af19ea06-4a72-4e8e-a05a-645e0b93ca6c@group-EEADFC261C1A: closes. applyIndex: 0
2023-03-16 20:07:47,092 [682b4d9c-96c0-4a75-8400-2841f36046f6-impl-thread2] INFO  server.RaftServer$Division (RaftServerImpl.java:lambda$close$4(458)) - 682b4d9c-96c0-4a75-8400-2841f36046f6@group-31A52953E0B4: shutdown
2023-03-16 20:07:47,092 [682b4d9c-96c0-4a75-8400-2841f36046f6-impl-thread2] INFO  util.JmxRegister (JmxRegister.java:unregister(73)) - Successfully un-registered JMX Bean with object name Ratis:service=RaftServer,group=group-31A52953E0B4,id=682b4d9c-96c0-4a75-8400-2841f36046f6
2023-03-16 20:07:47,093 [682b4d9c-96c0-4a75-8400-2841f36046f6-impl-thread2] INFO  impl.RoleInfo (RoleInfo.java:shutdownFollowerState(110)) - 682b4d9c-96c0-4a75-8400-2841f36046f6: shutdown 682b4d9c-96c0-4a75-8400-2841f36046f6@group-31A52953E0B4-FollowerState
2023-03-16 20:07:47,094 [682b4d9c-96c0-4a75-8400-2841f36046f6-impl-thread3] INFO  server.RaftServer$Division (RaftServerImpl.java:lambda$close$4(458)) - 682b4d9c-96c0-4a75-8400-2841f36046f6@group-61F1B89036B3: shutdown
2023-03-16 20:07:47,095 [682b4d9c-96c0-4a75-8400-2841f36046f6-impl-thread3] INFO  util.JmxRegister (JmxRegister.java:unregister(73)) - Successfully un-registered JMX Bean with object name Ratis:service=RaftServer,group=group-61F1B89036B3,id=682b4d9c-96c0-4a75-8400-2841f36046f6
2023-03-16 20:07:47,095 [682b4d9c-96c0-4a75-8400-2841f36046f6-impl-thread3] INFO  impl.RoleInfo (RoleInfo.java:shutdownLeaderState(93)) - 682b4d9c-96c0-4a75-8400-2841f36046f6: shutdown 682b4d9c-96c0-4a75-8400-2841f36046f6@group-61F1B89036B3-LeaderStateImpl
2023-03-16 20:07:47,095 [682b4d9c-96c0-4a75-8400-2841f36046f6-impl-thread3] INFO  impl.PendingRequests (PendingRequests.java:sendNotLeaderResponses(282)) - 682b4d9c-96c0-4a75-8400-2841f36046f6@group-61F1B89036B3-PendingRequests: sendNotLeaderResponses
2023-03-16 20:07:47,095 [682b4d9c-96c0-4a75-8400-2841f36046f6@group-61F1B89036B3-StateMachineUpdater] INFO  ratis.ContainerStateMachine (ContainerStateMachine.java:takeSnapshot(330)) - group-61F1B89036B3: Taking a snapshot at:(t:1, i:0) file /home/runner/work/ozone/ozone/hadoop-ozone/integration-test/target/test-dir/MiniOzoneClusterImpl-5d34faf9-8c61-4fd7-9f59-d81d67eb328e/datanode-1/data/ratis/c0b92fbc-0732-4766-b2f7-61f1b89036b3/sm/snapshot.1_0
2023-03-16 20:07:47,095 [682b4d9c-96c0-4a75-8400-2841f36046f6-impl-thread3] INFO  impl.StateMachineUpdater (StateMachineUpdater.java:stopAndJoin(153)) - 682b4d9c-96c0-4a75-8400-2841f36046f6@group-61F1B89036B3-StateMachineUpdater: set stopIndex = 0
2023-03-16 20:07:47,096 [682b4d9c-96c0-4a75-8400-2841f36046f6@group-61F1B89036B3-StateMachineUpdater] INFO  ratis.ContainerStateMachine (ContainerStateMachine.java:takeSnapshot(341)) - group-61F1B89036B3: Finished taking a snapshot at:(t:1, i:0) file:/home/runner/work/ozone/ozone/hadoop-ozone/integration-test/target/test-dir/MiniOzoneClusterImpl-5d34faf9-8c61-4fd7-9f59-d81d67eb328e/datanode-1/data/ratis/c0b92fbc-0732-4766-b2f7-61f1b89036b3/sm/snapshot.1_0 took: 1 ms
2023-03-16 20:07:47,096 [682b4d9c-96c0-4a75-8400-2841f36046f6@group-61F1B89036B3-StateMachineUpdater] INFO  impl.StateMachineUpdater (StateMachineUpdater.java:takeSnapshot(287)) - 682b4d9c-96c0-4a75-8400-2841f36046f6@group-61F1B89036B3-StateMachineUpdater: Took a snapshot at index 0
2023-03-16 20:07:47,096 [682b4d9c-96c0-4a75-8400-2841f36046f6@group-61F1B89036B3-StateMachineUpdater] INFO  impl.StateMachineUpdater (StateMachineUpdater.java:lambda$new$0(92)) - 682b4d9c-96c0-4a75-8400-2841f36046f6@group-61F1B89036B3-StateMachineUpdater: snapshotIndex: updateIncreasingly -1 -> 0
2023-03-16 20:07:47,096 [682b4d9c-96c0-4a75-8400-2841f36046f6-impl-thread3] INFO  server.RaftServer$Division (ServerState.java:close(466)) - 682b4d9c-96c0-4a75-8400-2841f36046f6@group-61F1B89036B3: closes. applyIndex: 0
2023-03-16 20:07:47,097 [ForkJoinPool.commonPool-worker-1] INFO  server.GrpcService (GrpcService.java:closeImpl(271)) - 682b4d9c-96c0-4a75-8400-2841f36046f6: shutdown server GrpcServerProtocolService now
2023-03-16 20:07:47,097 [682b4d9c-96c0-4a75-8400-2841f36046f6-impl-thread4] INFO  server.RaftServer$Division (RaftServerImpl.java:lambda$close$4(458)) - 682b4d9c-96c0-4a75-8400-2841f36046f6@group-5B64B89C4C6D: shutdown
2023-03-16 20:07:47,097 [682b4d9c-96c0-4a75-8400-2841f36046f6-impl-thread4] INFO  util.JmxRegister (JmxRegister.java:unregister(73)) - Successfully un-registered JMX Bean with object name Ratis:service=RaftServer,group=group-5B64B89C4C6D,id=682b4d9c-96c0-4a75-8400-2841f36046f6
2023-03-16 20:07:47,097 [682b4d9c-96c0-4a75-8400-2841f36046f6-impl-thread4] INFO  impl.RoleInfo (RoleInfo.java:shutdownLeaderState(93)) - 682b4d9c-96c0-4a75-8400-2841f36046f6: shutdown 682b4d9c-96c0-4a75-8400-2841f36046f6@group-5B64B89C4C6D-LeaderStateImpl
2023-03-16 20:07:47,097 [af19ea06-4a72-4e8e-a05a-645e0b93ca6c@group-EEADFC261C1A-SegmentedRaftLogWorker] INFO  segmented.SegmentedRaftLogWorker (SegmentedRaftLogWorker.java:run(347)) - af19ea06-4a72-4e8e-a05a-645e0b93ca6c@group-EEADFC261C1A-SegmentedRaftLogWorker was interrupted, exiting. There are 0 tasks remaining in the queue.
2023-03-16 20:07:47,097 [682b4d9c-96c0-4a75-8400-2841f36046f6@group-5B64B89C4C6D->af19ea06-4a72-4e8e-a05a-645e0b93ca6c-GrpcLogAppender-LogAppenderDaemon] WARN  server.GrpcLogAppender (GrpcLogAppender.java:mayWait(200)) - 682b4d9c-96c0-4a75-8400-2841f36046f6@group-5B64B89C4C6D->af19ea06-4a72-4e8e-a05a-645e0b93ca6c-GrpcLogAppender: Wait interrupted by java.lang.InterruptedException
2023-03-16 20:07:47,097 [682b4d9c-96c0-4a75-8400-2841f36046f6-impl-thread4] INFO  impl.PendingRequests (PendingRequests.java:sendNotLeaderResponses(282)) - 682b4d9c-96c0-4a75-8400-2841f36046f6@group-5B64B89C4C6D-PendingRequests: sendNotLeaderResponses
2023-03-16 20:07:47,097 [682b4d9c-96c0-4a75-8400-2841f36046f6@group-5B64B89C4C6D->67a302da-c3a9-4d3b-a81a-6dae531b3b12-GrpcLogAppender-LogAppenderDaemon] WARN  server.GrpcLogAppender (GrpcLogAppender.java:mayWait(200)) - 682b4d9c-96c0-4a75-8400-2841f36046f6@group-5B64B89C4C6D->67a302da-c3a9-4d3b-a81a-6dae531b3b12-GrpcLogAppender: Wait interrupted by java.lang.InterruptedException
2023-03-16 20:07:47,108 [af19ea06-4a72-4e8e-a05a-645e0b93ca6c@group-31A52953E0B4-SegmentedRaftLogWorker] INFO  segmented.SegmentedRaftLogWorker (SegmentedRaftLogWorker.java:run(347)) - af19ea06-4a72-4e8e-a05a-645e0b93ca6c@group-31A52953E0B4-SegmentedRaftLogWorker was interrupted, exiting. There are 0 tasks remaining in the queue.
2023-03-16 20:07:47,108 [af19ea06-4a72-4e8e-a05a-645e0b93ca6c@group-5B64B89C4C6D-SegmentedRaftLogWorker] INFO  segmented.SegmentedRaftLogWorker (SegmentedRaftLogWorker.java:run(347)) - af19ea06-4a72-4e8e-a05a-645e0b93ca6c@group-5B64B89C4C6D-SegmentedRaftLogWorker was interrupted, exiting. There are 0 tasks remaining in the queue.
2023-03-16 20:07:47,110 [grpc-default-executor-0] WARN  server.GrpcServerProtocolService (LogUtils.java:warn(122)) - 682b4d9c-96c0-4a75-8400-2841f36046f6: installSnapshot onError, lastRequest: null: org.apache.ratis.thirdparty.io.grpc.StatusRuntimeException: CANCELLED: client cancelled
2023-03-16 20:07:47,110 [grpc-default-executor-1] WARN  server.GrpcClientProtocolService (LogUtils.java:warn(122)) - 1-OrderedRequestStreamObserver1: onError: org.apache.ratis.thirdparty.io.grpc.StatusRuntimeException: CANCELLED: client cancelled
2023-03-16 20:07:47,110 [grpc-default-executor-4] WARN  server.GrpcServerProtocolService (LogUtils.java:warn(122)) - 682b4d9c-96c0-4a75-8400-2841f36046f6: installSnapshot onError, lastRequest: 67a302da-c3a9-4d3b-a81a-6dae531b3b12->682b4d9c-96c0-4a75-8400-2841f36046f6#67-t1,previous=(t:1, i:20),leaderCommit=20,initializing? true,entries: size=1, first=(t:1, i:21), METADATAENTRY(c:20): org.apache.ratis.thirdparty.io.grpc.StatusRuntimeException: CANCELLED: client cancelled
2023-03-16 20:07:47,110 [ForkJoinPool.commonPool-worker-1] INFO  server.GrpcServerProtocolClient (GrpcServerProtocolClient.java:close(101)) - af19ea06-4a72-4e8e-a05a-645e0b93ca6c Close channels
2023-03-16 20:07:47,110 [af19ea06-4a72-4e8e-a05a-645e0b93ca6c-impl-thread4] INFO  segmented.SegmentedRaftLogWorker (SegmentedRaftLogWorker.java:close(257)) - af19ea06-4a72-4e8e-a05a-645e0b93ca6c@group-EEADFC261C1A-SegmentedRaftLogWorker close()
2023-03-16 20:07:47,116 [682b4d9c-96c0-4a75-8400-2841f36046f6@group-61F1B89036B3-SegmentedRaftLogWorker] INFO  segmented.SegmentedRaftLogWorker (SegmentedRaftLogWorker.java:run(347)) - 682b4d9c-96c0-4a75-8400-2841f36046f6@group-61F1B89036B3-SegmentedRaftLogWorker was interrupted, exiting. There are 0 tasks remaining in the queue.
2023-03-16 20:07:47,116 [682b4d9c-96c0-4a75-8400-2841f36046f6-impl-thread2] INFO  impl.StateMachineUpdater (StateMachineUpdater.java:stopAndJoin(153)) - 682b4d9c-96c0-4a75-8400-2841f36046f6@group-31A52953E0B4-StateMachineUpdater: set stopIndex = 21
2023-03-16 20:07:47,117 [682b4d9c-96c0-4a75-8400-2841f36046f6@group-31A52953E0B4-FollowerState] INFO  impl.FollowerState (FollowerState.java:run(152)) - 682b4d9c-96c0-4a75-8400-2841f36046f6@group-31A52953E0B4-FollowerState was interrupted
2023-03-16 20:07:47,117 [682b4d9c-96c0-4a75-8400-2841f36046f6@group-31A52953E0B4-StateMachineUpdater] INFO  ratis.ContainerStateMachine (ContainerStateMachine.java:takeSnapshot(330)) - group-31A52953E0B4: Taking a snapshot at:(t:1, i:21) file /home/runner/work/ozone/ozone/hadoop-ozone/integration-test/target/test-dir/MiniOzoneClusterImpl-5d34faf9-8c61-4fd7-9f59-d81d67eb328e/datanode-1/data/ratis/3bd437f4-2eb8-4100-bc7e-31a52953e0b4/sm/snapshot.1_21
2023-03-16 20:07:47,121 [af19ea06-4a72-4e8e-a05a-645e0b93ca6c-impl-thread2] INFO  segmented.SegmentedRaftLogWorker (SegmentedRaftLogWorker.java:close(257)) - af19ea06-4a72-4e8e-a05a-645e0b93ca6c@group-31A52953E0B4-SegmentedRaftLogWorker close()
2023-03-16 20:07:47,122 [af19ea06-4a72-4e8e-a05a-645e0b93ca6c-impl-thread3] INFO  segmented.SegmentedRaftLogWorker (SegmentedRaftLogWorker.java:close(257)) - af19ea06-4a72-4e8e-a05a-645e0b93ca6c@group-5B64B89C4C6D-SegmentedRaftLogWorker close()
2023-03-16 20:07:47,122 [682b4d9c-96c0-4a75-8400-2841f36046f6-impl-thread4] INFO  impl.StateMachineUpdater (StateMachineUpdater.java:stopAndJoin(153)) - 682b4d9c-96c0-4a75-8400-2841f36046f6@group-5B64B89C4C6D-StateMachineUpdater: set stopIndex = 8
2023-03-16 20:07:47,122 [682b4d9c-96c0-4a75-8400-2841f36046f6@group-5B64B89C4C6D-StateMachineUpdater] INFO  ratis.ContainerStateMachine (ContainerStateMachine.java:takeSnapshot(330)) - group-5B64B89C4C6D: Taking a snapshot at:(t:1, i:8) file /home/runner/work/ozone/ozone/hadoop-ozone/integration-test/target/test-dir/MiniOzoneClusterImpl-5d34faf9-8c61-4fd7-9f59-d81d67eb328e/datanode-1/data/ratis/b4b129b6-713e-4f76-840d-5b64b89c4c6d/sm/snapshot.1_8
2023-03-16 20:07:47,123 [682b4d9c-96c0-4a75-8400-2841f36046f6-impl-thread3] INFO  segmented.SegmentedRaftLogWorker (SegmentedRaftLogWorker.java:close(257)) - 682b4d9c-96c0-4a75-8400-2841f36046f6@group-61F1B89036B3-SegmentedRaftLogWorker close()
2023-03-16 20:07:47,123 [grpc-default-executor-1] INFO  server.GrpcLogAppender (GrpcLogAppender.java:onError(404)) - 682b4d9c-96c0-4a75-8400-2841f36046f6@group-5B64B89C4C6D->af19ea06-4a72-4e8e-a05a-645e0b93ca6c-GrpcLogAppender is already stopped
2023-03-16 20:07:47,124 [grpc-default-executor-5] WARN  server.GrpcLogAppender (LogUtils.java:warn(122)) - 67a302da-c3a9-4d3b-a81a-6dae531b3b12@group-31A52953E0B4->682b4d9c-96c0-4a75-8400-2841f36046f6-AppendLogResponseHandler: Failed appendEntries: org.apache.ratis.thirdparty.io.grpc.StatusRuntimeException: CANCELLED: RST_STREAM closed stream. HTTP/2 error code: CANCEL
2023-03-16 20:07:47,124 [grpc-default-executor-5] INFO  leader.FollowerInfo (FollowerInfoImpl.java:lambda$new$0(48)) - 67a302da-c3a9-4d3b-a81a-6dae531b3b12@group-31A52953E0B4->682b4d9c-96c0-4a75-8400-2841f36046f6: nextIndex: updateUnconditionally 22 -> 21
2023-03-16 20:07:47,125 [grpc-default-executor-3] INFO  server.GrpcServerProtocolService (GrpcServerProtocolService.java:onCompleted(143)) - 67a302da-c3a9-4d3b-a81a-6dae531b3b12: Completed APPEND_ENTRIES, lastRequest: null
2023-03-16 20:07:47,125 [grpc-default-executor-8] INFO  server.GrpcServerProtocolService (GrpcServerProtocolService.java:onCompleted(143)) - 67a302da-c3a9-4d3b-a81a-6dae531b3b12: Completed APPEND_ENTRIES, lastRequest: 682b4d9c-96c0-4a75-8400-2841f36046f6->67a302da-c3a9-4d3b-a81a-6dae531b3b12#272-t1,previous=(t:1, i:7),leaderCommit=6,initializing? true,entries: size=1, first=(t:1, i:8), METADATAENTRY(c:6)
2023-03-16 20:07:47,125 [682b4d9c-96c0-4a75-8400-2841f36046f6@group-31A52953E0B4-StateMachineUpdater] INFO  ratis.ContainerStateMachine (ContainerStateMachine.java:takeSnapshot(341)) - group-31A52953E0B4: Finished taking a snapshot at:(t:1, i:21) file:/home/runner/work/ozone/ozone/hadoop-ozone/integration-test/target/test-dir/MiniOzoneClusterImpl-5d34faf9-8c61-4fd7-9f59-d81d67eb328e/datanode-1/data/ratis/3bd437f4-2eb8-4100-bc7e-31a52953e0b4/sm/snapshot.1_21 took: 8 ms
2023-03-16 20:07:47,125 [grpc-default-executor-5] WARN  server.GrpcLogAppender (LogUtils.java:warn(122)) - 67a302da-c3a9-4d3b-a81a-6dae531b3b12@group-31A52953E0B4->682b4d9c-96c0-4a75-8400-2841f36046f6-AppendLogResponseHandler: Failed appendEntries: org.apache.ratis.thirdparty.io.grpc.StatusRuntimeException: CANCELLED: RST_STREAM closed stream. HTTP/2 error code: CANCEL
2023-03-16 20:07:47,125 [grpc-default-executor-5] INFO  leader.FollowerInfo (FollowerInfoImpl.java:lambda$new$0(48)) - 67a302da-c3a9-4d3b-a81a-6dae531b3b12@group-31A52953E0B4->682b4d9c-96c0-4a75-8400-2841f36046f6: nextIndex: updateUnconditionally 21 -> 20
2023-03-16 20:07:47,125 [grpc-default-executor-5] INFO  server.GrpcLogAppender (GrpcLogAppender.java:onCompleted(415)) - 682b4d9c-96c0-4a75-8400-2841f36046f6@group-5B64B89C4C6D->67a302da-c3a9-4d3b-a81a-6dae531b3b12-AppendLogResponseHandler: follower responses appendEntries COMPLETED
2023-03-16 20:07:47,126 [grpc-default-executor-5] INFO  leader.FollowerInfo (FollowerInfoImpl.java:lambda$new$0(48)) - 682b4d9c-96c0-4a75-8400-2841f36046f6@group-5B64B89C4C6D->67a302da-c3a9-4d3b-a81a-6dae531b3b12: nextIndex: updateUnconditionally 9 -> 8
2023-03-16 20:07:47,125 [682b4d9c-96c0-4a75-8400-2841f36046f6@group-31A52953E0B4-StateMachineUpdater] INFO  impl.StateMachineUpdater (StateMachineUpdater.java:takeSnapshot(287)) - 682b4d9c-96c0-4a75-8400-2841f36046f6@group-31A52953E0B4-StateMachineUpdater: Took a snapshot at index 21
2023-03-16 20:07:47,126 [682b4d9c-96c0-4a75-8400-2841f36046f6@group-31A52953E0B4-StateMachineUpdater] INFO  impl.StateMachineUpdater (StateMachineUpdater.java:lambda$new$0(92)) - 682b4d9c-96c0-4a75-8400-2841f36046f6@group-31A52953E0B4-StateMachineUpdater: snapshotIndex: updateIncreasingly -1 -> 21
2023-03-16 20:07:47,128 [682b4d9c-96c0-4a75-8400-2841f36046f6-impl-thread2] INFO  server.RaftServer$Division (ServerState.java:close(466)) - 682b4d9c-96c0-4a75-8400-2841f36046f6@group-31A52953E0B4: closes. applyIndex: 21
2023-03-16 20:07:47,128 [682b4d9c-96c0-4a75-8400-2841f36046f6@group-31A52953E0B4-SegmentedRaftLogWorker] INFO  segmented.SegmentedRaftLogWorker (SegmentedRaftLogWorker.java:run(347)) - 682b4d9c-96c0-4a75-8400-2841f36046f6@group-31A52953E0B4-SegmentedRaftLogWorker was interrupted, exiting. There are 0 tasks remaining in the queue.
2023-03-16 20:07:47,129 [grpc-default-executor-2] WARN  server.GrpcLogAppender (LogUtils.java:warn(122)) - 67a302da-c3a9-4d3b-a81a-6dae531b3b12@group-31A52953E0B4->af19ea06-4a72-4e8e-a05a-645e0b93ca6c-AppendLogResponseHandler: Failed appendEntries: org.apache.ratis.thirdparty.io.grpc.StatusRuntimeException: UNAVAILABLE: io exception
2023-03-16 20:07:47,130 [grpc-default-executor-2] INFO  leader.FollowerInfo (FollowerInfoImpl.java:lambda$new$0(48)) - 67a302da-c3a9-4d3b-a81a-6dae531b3b12@group-31A52953E0B4->af19ea06-4a72-4e8e-a05a-645e0b93ca6c: nextIndex: updateUnconditionally 21 -> 20
2023-03-16 20:07:47,130 [ForkJoinPool.commonPool-worker-1] INFO  server.GrpcServerProtocolClient (GrpcServerProtocolClient.java:close(101)) - 67a302da-c3a9-4d3b-a81a-6dae531b3b12 Close channels
2023-03-16 20:07:47,131 [682b4d9c-96c0-4a75-8400-2841f36046f6@group-5B64B89C4C6D-StateMachineUpdater] INFO  ratis.ContainerStateMachine (ContainerStateMachine.java:takeSnapshot(341)) - group-5B64B89C4C6D: Finished taking a snapshot at:(t:1, i:8) file:/home/runner/work/ozone/ozone/hadoop-ozone/integration-test/target/test-dir/MiniOzoneClusterImpl-5d34faf9-8c61-4fd7-9f59-d81d67eb328e/datanode-1/data/ratis/b4b129b6-713e-4f76-840d-5b64b89c4c6d/sm/snapshot.1_8 took: 9 ms
2023-03-16 20:07:47,132 [682b4d9c-96c0-4a75-8400-2841f36046f6@group-5B64B89C4C6D-StateMachineUpdater] INFO  impl.StateMachineUpdater (StateMachineUpdater.java:takeSnapshot(287)) - 682b4d9c-96c0-4a75-8400-2841f36046f6@group-5B64B89C4C6D-StateMachineUpdater: Took a snapshot at index 8
2023-03-16 20:07:47,133 [682b4d9c-96c0-4a75-8400-2841f36046f6@group-5B64B89C4C6D-StateMachineUpdater] INFO  impl.StateMachineUpdater (StateMachineUpdater.java:lambda$new$0(92)) - 682b4d9c-96c0-4a75-8400-2841f36046f6@group-5B64B89C4C6D-StateMachineUpdater: snapshotIndex: updateIncreasingly -1 -> 8
2023-03-16 20:07:47,133 [682b4d9c-96c0-4a75-8400-2841f36046f6-impl-thread4] INFO  server.RaftServer$Division (ServerState.java:close(466)) - 682b4d9c-96c0-4a75-8400-2841f36046f6@group-5B64B89C4C6D: closes. applyIndex: 8
2023-03-16 20:07:47,133 [682b4d9c-96c0-4a75-8400-2841f36046f6@group-5B64B89C4C6D-SegmentedRaftLogWorker] INFO  segmented.SegmentedRaftLogWorker (SegmentedRaftLogWorker.java:run(347)) - 682b4d9c-96c0-4a75-8400-2841f36046f6@group-5B64B89C4C6D-SegmentedRaftLogWorker was interrupted, exiting. There are 0 tasks remaining in the queue.
2023-03-16 20:07:47,131 [grpc-default-executor-5] INFO  server.GrpcLogAppender (GrpcLogAppender.java:onError(404)) - 682b4d9c-96c0-4a75-8400-2841f36046f6@group-5B64B89C4C6D->af19ea06-4a72-4e8e-a05a-645e0b93ca6c-GrpcLogAppender is already stopped
2023-03-16 20:07:47,137 [grpc-default-executor-2] WARN  server.GrpcLogAppender (LogUtils.java:warn(122)) - 67a302da-c3a9-4d3b-a81a-6dae531b3b12@group-31A52953E0B4->af19ea06-4a72-4e8e-a05a-645e0b93ca6c-AppendLogResponseHandler: Failed appendEntries: org.apache.ratis.thirdparty.io.grpc.StatusRuntimeException: UNAVAILABLE: io exception
2023-03-16 20:07:47,138 [grpc-default-executor-6] INFO  server.GrpcLogAppender (GrpcLogAppender.java:onError(404)) - 682b4d9c-96c0-4a75-8400-2841f36046f6@group-5B64B89C4C6D->af19ea06-4a72-4e8e-a05a-645e0b93ca6c-GrpcLogAppender is already stopped
2023-03-16 20:07:47,137 [grpc-default-executor-1] INFO  server.GrpcLogAppender (GrpcLogAppender.java:onError(404)) - 682b4d9c-96c0-4a75-8400-2841f36046f6@group-5B64B89C4C6D->af19ea06-4a72-4e8e-a05a-645e0b93ca6c-GrpcLogAppender is already stopped
2023-03-16 20:07:47,139 [grpc-default-executor-2] INFO  leader.FollowerInfo (FollowerInfoImpl.java:lambda$new$0(48)) - 67a302da-c3a9-4d3b-a81a-6dae531b3b12@group-31A52953E0B4->af19ea06-4a72-4e8e-a05a-645e0b93ca6c: nextIndex: updateUnconditionally 20 -> 19
2023-03-16 20:07:47,143 [682b4d9c-96c0-4a75-8400-2841f36046f6-impl-thread2] INFO  segmented.SegmentedRaftLogWorker (SegmentedRaftLogWorker.java:close(257)) - 682b4d9c-96c0-4a75-8400-2841f36046f6@group-31A52953E0B4-SegmentedRaftLogWorker close()
2023-03-16 20:07:47,143 [682b4d9c-96c0-4a75-8400-2841f36046f6-impl-thread4] INFO  segmented.SegmentedRaftLogWorker (SegmentedRaftLogWorker.java:close(257)) - 682b4d9c-96c0-4a75-8400-2841f36046f6@group-5B64B89C4C6D-SegmentedRaftLogWorker close()
2023-03-16 20:07:47,143 [grpc-default-executor-5] WARN  server.GrpcLogAppender (LogUtils.java:warn(122)) - 67a302da-c3a9-4d3b-a81a-6dae531b3b12@group-31A52953E0B4->682b4d9c-96c0-4a75-8400-2841f36046f6-AppendLogResponseHandler: Failed appendEntries: org.apache.ratis.thirdparty.io.grpc.StatusRuntimeException: UNAVAILABLE: io exception
2023-03-16 20:07:47,144 [JvmPauseMonitor14] INFO  util.JvmPauseMonitor (JvmPauseMonitor.java:run(111)) - JvmPauseMonitor-af19ea06-4a72-4e8e-a05a-645e0b93ca6c: Stopped
2023-03-16 20:07:47,144 [grpc-default-executor-5] INFO  leader.FollowerInfo (FollowerInfoImpl.java:lambda$new$0(48)) - 67a302da-c3a9-4d3b-a81a-6dae531b3b12@group-31A52953E0B4->682b4d9c-96c0-4a75-8400-2841f36046f6: nextIndex: updateUnconditionally 21 -> 20
2023-03-16 20:07:47,151 [grpc-default-executor-8] WARN  server.GrpcLogAppender (LogUtils.java:warn(122)) - 67a302da-c3a9-4d3b-a81a-6dae531b3b12@group-31A52953E0B4->682b4d9c-96c0-4a75-8400-2841f36046f6-AppendLogResponseHandler: Failed appendEntries: org.apache.ratis.thirdparty.io.grpc.StatusRuntimeException: UNAVAILABLE: io exception
2023-03-16 20:07:47,154 [grpc-default-executor-8] INFO  leader.FollowerInfo (FollowerInfoImpl.java:lambda$new$0(48)) - 67a302da-c3a9-4d3b-a81a-6dae531b3b12@group-31A52953E0B4->682b4d9c-96c0-4a75-8400-2841f36046f6: nextIndex: updateUnconditionally 20 -> 19
2023-03-16 20:07:47,154 [ForkJoinPool.commonPool-worker-1] INFO  server.GrpcService (GrpcService.java:closeImpl(280)) - 682b4d9c-96c0-4a75-8400-2841f36046f6: shutdown server GrpcServerProtocolService successfully
2023-03-16 20:07:47,155 [682b4d9c-96c0-4a75-8400-2841f36046f6-NettyServerStreamRpc-bossGroup--thread1] INFO  logging.LoggingHandler (AbstractInternalLogger.java:log(148)) - [id: 0x462d5f1f, L:/0:0:0:0:0:0:0:0:39721] CLOSE
2023-03-16 20:07:47,155 [682b4d9c-96c0-4a75-8400-2841f36046f6-NettyServerStreamRpc-bossGroup--thread1] INFO  logging.LoggingHandler (AbstractInternalLogger.java:log(148)) - [id: 0x462d5f1f, L:/0:0:0:0:0:0:0:0:39721] INACTIVE
2023-03-16 20:07:47,155 [682b4d9c-96c0-4a75-8400-2841f36046f6-NettyServerStreamRpc-bossGroup--thread1] INFO  logging.LoggingHandler (AbstractInternalLogger.java:log(148)) - [id: 0x462d5f1f, L:/0:0:0:0:0:0:0:0:39721] UNREGISTERED
2023-03-16 20:07:47,155 [grpc-default-executor-7] INFO  server.GrpcLogAppender (GrpcLogAppender.java:onCompleted(415)) - 682b4d9c-96c0-4a75-8400-2841f36046f6@group-5B64B89C4C6D->67a302da-c3a9-4d3b-a81a-6dae531b3b12-AppendLogResponseHandler: follower responses appendEntries COMPLETED
2023-03-16 20:07:47,155 [grpc-default-executor-7] WARN  server.GrpcLogAppender (GrpcLogAppender.java:resetClient(137)) - 682b4d9c-96c0-4a75-8400-2841f36046f6@group-5B64B89C4C6D->67a302da-c3a9-4d3b-a81a-6dae531b3b12-GrpcLogAppender: Failed to getClient for 67a302da-c3a9-4d3b-a81a-6dae531b3b12
org.apache.ratis.protocol.exceptions.AlreadyClosedException: 682b4d9c-96c0-4a75-8400-2841f36046f6 is already CLOSED
	at org.apache.ratis.util.PeerProxyMap$PeerAndProxy.getProxy(PeerProxyMap.java:61)
	at org.apache.ratis.util.PeerProxyMap.getProxy(PeerProxyMap.java:115)
	at org.apache.ratis.grpc.server.GrpcLogAppender.getClient(GrpcLogAppender.java:116)
	at org.apache.ratis.grpc.server.GrpcLogAppender.resetClient(GrpcLogAppender.java:121)
	at org.apache.ratis.grpc.server.GrpcLogAppender.access$500(GrpcLogAppender.java:58)
	at org.apache.ratis.grpc.server.GrpcLogAppender$AppendLogResponseHandler.onCompleted(GrpcLogAppender.java:416)
	at org.apache.ratis.thirdparty.io.grpc.stub.ClientCalls$StreamObserverToCallListenerAdapter.onClose(ClientCalls.java:485)
	at org.apache.ratis.thirdparty.io.grpc.internal.ClientCallImpl.closeObserver(ClientCallImpl.java:562)
	at org.apache.ratis.thirdparty.io.grpc.internal.ClientCallImpl.access$300(ClientCallImpl.java:70)
	at org.apache.ratis.thirdparty.io.grpc.internal.ClientCallImpl$ClientStreamListenerImpl$1StreamClosed.runInternal(ClientCallImpl.java:743)
	at org.apache.ratis.thirdparty.io.grpc.internal.ClientCallImpl$ClientStreamListenerImpl$1StreamClosed.runInContext(ClientCallImpl.java:722)
	at org.apache.ratis.thirdparty.io.grpc.internal.ContextRunnable.run(ContextRunnable.java:37)
	at org.apache.ratis.thirdparty.io.grpc.internal.SerializingExecutor.run(SerializingExecutor.java:133)
	at java.util.concurrent.ThreadPoolExecutor.runWorker(ThreadPoolExecutor.java:1149)
	at java.util.concurrent.ThreadPoolExecutor$Worker.run(ThreadPoolExecutor.java:624)
	at java.lang.Thread.run(Thread.java:750)
2023-03-16 20:07:47,176 [JvmPauseMonitor13] INFO  util.JvmPauseMonitor (JvmPauseMonitor.java:run(111)) - JvmPauseMonitor-682b4d9c-96c0-4a75-8400-2841f36046f6: Stopped
2023-03-16 20:07:47,516 [grpc-default-executor-7] WARN  server.GrpcLogAppender (LogUtils.java:warn(122)) - 67a302da-c3a9-4d3b-a81a-6dae531b3b12@group-31A52953E0B4->682b4d9c-96c0-4a75-8400-2841f36046f6-AppendLogResponseHandler: Failed appendEntries: org.apache.ratis.thirdparty.io.grpc.StatusRuntimeException: UNAVAILABLE: io exception
2023-03-16 20:07:47,517 [grpc-default-executor-2] WARN  server.GrpcLogAppender (LogUtils.java:warn(122)) - 67a302da-c3a9-4d3b-a81a-6dae531b3b12@group-31A52953E0B4->af19ea06-4a72-4e8e-a05a-645e0b93ca6c-AppendLogResponseHandler: Failed appendEntries: org.apache.ratis.thirdparty.io.grpc.StatusRuntimeException: UNAVAILABLE: io exception
2023-03-16 20:07:47,517 [grpc-default-executor-2] INFO  leader.FollowerInfo (FollowerInfoImpl.java:lambda$new$0(48)) - 67a302da-c3a9-4d3b-a81a-6dae531b3b12@group-31A52953E0B4->af19ea06-4a72-4e8e-a05a-645e0b93ca6c: nextIndex: updateUnconditionally 19 -> 18
2023-03-16 20:07:47,518 [grpc-default-executor-7] INFO  leader.FollowerInfo (FollowerInfoImpl.java:lambda$new$0(48)) - 67a302da-c3a9-4d3b-a81a-6dae531b3b12@group-31A52953E0B4->682b4d9c-96c0-4a75-8400-2841f36046f6: nextIndex: updateUnconditionally 19 -> 18
2023-03-16 20:07:47,518 [grpc-default-executor-5] WARN  server.GrpcLogAppender (LogUtils.java:warn(122)) - 67a302da-c3a9-4d3b-a81a-6dae531b3b12@group-31A52953E0B4->af19ea06-4a72-4e8e-a05a-645e0b93ca6c-AppendLogResponseHandler: Failed appendEntries: org.apache.ratis.thirdparty.io.grpc.StatusRuntimeException: UNAVAILABLE: io exception
2023-03-16 20:07:47,518 [grpc-default-executor-5] INFO  leader.FollowerInfo (FollowerInfoImpl.java:lambda$new$0(48)) - 67a302da-c3a9-4d3b-a81a-6dae531b3b12@group-31A52953E0B4->af19ea06-4a72-4e8e-a05a-645e0b93ca6c: nextIndex: updateUnconditionally 18 -> 17
2023-03-16 20:07:47,516 [grpc-default-executor-8] WARN  server.GrpcLogAppender (LogUtils.java:warn(122)) - 67a302da-c3a9-4d3b-a81a-6dae531b3b12@group-31A52953E0B4->682b4d9c-96c0-4a75-8400-2841f36046f6-AppendLogResponseHandler: Failed appendEntries: org.apache.ratis.thirdparty.io.grpc.StatusRuntimeException: UNAVAILABLE: io exception
2023-03-16 20:07:47,520 [grpc-default-executor-8] INFO  leader.FollowerInfo (FollowerInfoImpl.java:lambda$new$0(48)) - 67a302da-c3a9-4d3b-a81a-6dae531b3b12@group-31A52953E0B4->682b4d9c-96c0-4a75-8400-2841f36046f6: nextIndex: updateUnconditionally 18 -> 17
2023-03-16 20:07:47,527 [grpc-default-executor-5] WARN  server.GrpcLogAppender (LogUtils.java:warn(122)) - 67a302da-c3a9-4d3b-a81a-6dae531b3b12@group-31A52953E0B4->682b4d9c-96c0-4a75-8400-2841f36046f6-AppendLogResponseHandler: Failed appendEntries: org.apache.ratis.thirdparty.io.grpc.StatusRuntimeException: UNAVAILABLE: io exception
2023-03-16 20:07:47,527 [grpc-default-executor-8] WARN  server.GrpcLogAppender (LogUtils.java:warn(122)) - 67a302da-c3a9-4d3b-a81a-6dae531b3b12@group-31A52953E0B4->682b4d9c-96c0-4a75-8400-2841f36046f6-AppendLogResponseHandler: Failed appendEntries: org.apache.ratis.thirdparty.io.grpc.StatusRuntimeException: UNAVAILABLE: io exception
2023-03-16 20:07:47,527 [grpc-default-executor-2] WARN  server.GrpcLogAppender (LogUtils.java:warn(122)) - 67a302da-c3a9-4d3b-a81a-6dae531b3b12@group-31A52953E0B4->af19ea06-4a72-4e8e-a05a-645e0b93ca6c-AppendLogResponseHandler: Failed appendEntries: org.apache.ratis.thirdparty.io.grpc.StatusRuntimeException: UNAVAILABLE: io exception
2023-03-16 20:07:47,527 [grpc-default-executor-5] INFO  leader.FollowerInfo (FollowerInfoImpl.java:lambda$new$0(48)) - 67a302da-c3a9-4d3b-a81a-6dae531b3b12@group-31A52953E0B4->682b4d9c-96c0-4a75-8400-2841f36046f6: nextIndex: updateUnconditionally 18 -> 17
2023-03-16 20:07:47,528 [grpc-default-executor-2] INFO  leader.FollowerInfo (FollowerInfoImpl.java:lambda$new$0(48)) - 67a302da-c3a9-4d3b-a81a-6dae531b3b12@group-31A52953E0B4->af19ea06-4a72-4e8e-a05a-645e0b93ca6c: nextIndex: updateUnconditionally 18 -> 17
2023-03-16 20:07:47,532 [grpc-default-executor-8] INFO  leader.FollowerInfo (FollowerInfoImpl.java:lambda$new$0(48)) - 67a302da-c3a9-4d3b-a81a-6dae531b3b12@group-31A52953E0B4->682b4d9c-96c0-4a75-8400-2841f36046f6: nextIndex: updateUnconditionally 17 -> 16
2023-03-16 20:07:47,532 [grpc-default-executor-7] WARN  server.GrpcLogAppender (LogUtils.java:warn(122)) - 67a302da-c3a9-4d3b-a81a-6dae531b3b12@group-31A52953E0B4->af19ea06-4a72-4e8e-a05a-645e0b93ca6c-AppendLogResponseHandler: Failed appendEntries: org.apache.ratis.thirdparty.io.grpc.StatusRuntimeException: UNAVAILABLE: io exception
2023-03-16 20:07:47,532 [grpc-default-executor-7] INFO  leader.FollowerInfo (FollowerInfoImpl.java:lambda$new$0(48)) - 67a302da-c3a9-4d3b-a81a-6dae531b3b12@group-31A52953E0B4->af19ea06-4a72-4e8e-a05a-645e0b93ca6c: nextIndex: updateUnconditionally 17 -> 16
2023-03-16 20:07:48,767 [grpc-default-executor-8] WARN  server.GrpcLogAppender (LogUtils.java:warn(122)) - 67a302da-c3a9-4d3b-a81a-6dae531b3b12@group-31A52953E0B4->af19ea06-4a72-4e8e-a05a-645e0b93ca6c-AppendLogResponseHandler: Failed appendEntries: org.apache.ratis.thirdparty.io.grpc.StatusRuntimeException: UNAVAILABLE: io exception
2023-03-16 20:07:48,767 [grpc-default-executor-5] WARN  server.GrpcLogAppender (LogUtils.java:warn(122)) - 67a302da-c3a9-4d3b-a81a-6dae531b3b12@group-31A52953E0B4->af19ea06-4a72-4e8e-a05a-645e0b93ca6c-AppendLogResponseHandler: Failed appendEntries: org.apache.ratis.thirdparty.io.grpc.StatusRuntimeException: UNAVAILABLE: io exception
2023-03-16 20:07:48,767 [grpc-default-executor-7] WARN  server.GrpcLogAppender (LogUtils.java:warn(122)) - 67a302da-c3a9-4d3b-a81a-6dae531b3b12@group-31A52953E0B4->682b4d9c-96c0-4a75-8400-2841f36046f6-AppendLogResponseHandler: Failed appendEntries: org.apache.ratis.thirdparty.io.grpc.StatusRuntimeException: UNAVAILABLE: io exception
2023-03-16 20:07:48,768 [grpc-default-executor-8] INFO  leader.FollowerInfo (FollowerInfoImpl.java:lambda$new$0(48)) - 67a302da-c3a9-4d3b-a81a-6dae531b3b12@group-31A52953E0B4->af19ea06-4a72-4e8e-a05a-645e0b93ca6c: nextIndex: updateUnconditionally 16 -> 15
2023-03-16 20:07:48,768 [grpc-default-executor-2] WARN  server.GrpcLogAppender (LogUtils.java:warn(122)) - 67a302da-c3a9-4d3b-a81a-6dae531b3b12@group-31A52953E0B4->682b4d9c-96c0-4a75-8400-2841f36046f6-AppendLogResponseHandler: Failed appendEntries: org.apache.ratis.thirdparty.io.grpc.StatusRuntimeException: UNAVAILABLE: io exception
2023-03-16 20:07:48,768 [grpc-default-executor-5] INFO  leader.FollowerInfo (FollowerInfoImpl.java:lambda$new$0(48)) - 67a302da-c3a9-4d3b-a81a-6dae531b3b12@group-31A52953E0B4->af19ea06-4a72-4e8e-a05a-645e0b93ca6c: nextIndex: updateUnconditionally 15 -> 14
2023-03-16 20:07:48,768 [grpc-default-executor-7] INFO  leader.FollowerInfo (FollowerInfoImpl.java:lambda$new$0(48)) - 67a302da-c3a9-4d3b-a81a-6dae531b3b12@group-31A52953E0B4->682b4d9c-96c0-4a75-8400-2841f36046f6: nextIndex: updateUnconditionally 16 -> 15
2023-03-16 20:07:48,769 [grpc-default-executor-2] INFO  leader.FollowerInfo (FollowerInfoImpl.java:lambda$new$0(48)) - 67a302da-c3a9-4d3b-a81a-6dae531b3b12@group-31A52953E0B4->682b4d9c-96c0-4a75-8400-2841f36046f6: nextIndex: updateUnconditionally 15 -> 14
2023-03-16 20:07:48,777 [grpc-default-executor-2] WARN  server.GrpcLogAppender (LogUtils.java:warn(122)) - 67a302da-c3a9-4d3b-a81a-6dae531b3b12@group-31A52953E0B4->af19ea06-4a72-4e8e-a05a-645e0b93ca6c-AppendLogResponseHandler: Failed appendEntries: org.apache.ratis.thirdparty.io.grpc.StatusRuntimeException: UNAVAILABLE: io exception
2023-03-16 20:07:48,778 [grpc-default-executor-2] INFO  leader.FollowerInfo (FollowerInfoImpl.java:lambda$new$0(48)) - 67a302da-c3a9-4d3b-a81a-6dae531b3b12@group-31A52953E0B4->af19ea06-4a72-4e8e-a05a-645e0b93ca6c: nextIndex: updateUnconditionally 15 -> 14
2023-03-16 20:07:48,778 [grpc-default-executor-5] WARN  server.GrpcLogAppender (LogUtils.java:warn(122)) - 67a302da-c3a9-4d3b-a81a-6dae531b3b12@group-31A52953E0B4->682b4d9c-96c0-4a75-8400-2841f36046f6-AppendLogResponseHandler: Failed appendEntries: org.apache.ratis.thirdparty.io.grpc.StatusRuntimeException: UNAVAILABLE: io exception
2023-03-16 20:07:48,779 [grpc-default-executor-5] INFO  leader.FollowerInfo (FollowerInfoImpl.java:lambda$new$0(48)) - 67a302da-c3a9-4d3b-a81a-6dae531b3b12@group-31A52953E0B4->682b4d9c-96c0-4a75-8400-2841f36046f6: nextIndex: updateUnconditionally 15 -> 14
2023-03-16 20:07:48,779 [grpc-default-executor-7] WARN  server.GrpcLogAppender (LogUtils.java:warn(122)) - 67a302da-c3a9-4d3b-a81a-6dae531b3b12@group-31A52953E0B4->682b4d9c-96c0-4a75-8400-2841f36046f6-AppendLogResponseHandler: Failed appendEntries: org.apache.ratis.thirdparty.io.grpc.StatusRuntimeException: UNAVAILABLE: io exception
2023-03-16 20:07:48,779 [grpc-default-executor-7] INFO  leader.FollowerInfo (FollowerInfoImpl.java:lambda$new$0(48)) - 67a302da-c3a9-4d3b-a81a-6dae531b3b12@group-31A52953E0B4->682b4d9c-96c0-4a75-8400-2841f36046f6: nextIndex: updateUnconditionally 14 -> 13
2023-03-16 20:07:48,779 [grpc-default-executor-8] WARN  server.GrpcLogAppender (LogUtils.java:warn(122)) - 67a302da-c3a9-4d3b-a81a-6dae531b3b12@group-31A52953E0B4->af19ea06-4a72-4e8e-a05a-645e0b93ca6c-AppendLogResponseHandler: Failed appendEntries: org.apache.ratis.thirdparty.io.grpc.StatusRuntimeException: UNAVAILABLE: io exception
2023-03-16 20:07:48,779 [grpc-default-executor-8] INFO  leader.FollowerInfo (FollowerInfoImpl.java:lambda$new$0(48)) - 67a302da-c3a9-4d3b-a81a-6dae531b3b12@group-31A52953E0B4->af19ea06-4a72-4e8e-a05a-645e0b93ca6c: nextIndex: updateUnconditionally 14 -> 13
2023-03-16 20:07:49,156 [Listener at 127.0.0.1/37437] INFO  volume.HddsVolume (HddsVolume.java:closeDbStore(436)) - SchemaV3 db is stopped at /home/runner/work/ozone/ozone/hadoop-ozone/integration-test/target/test-dir/MiniOzoneClusterImpl-5d34faf9-8c61-4fd7-9f59-d81d67eb328e/datanode-2/data-0/containers/hdds/5d34faf9-8c61-4fd7-9f59-d81d67eb328e/DS-4c4c63a5-ee93-42fb-99d7-e2920b4989ee/container.db for volume DS-4c4c63a5-ee93-42fb-99d7-e2920b4989ee
2023-03-16 20:07:49,156 [Listener at 127.0.0.1/37437] INFO  utils.BackgroundService (BackgroundService.java:shutdown(141)) - Shutting down service BlockDeletingService
2023-03-16 20:07:49,157 [Listener at 127.0.0.1/37437] INFO  utils.BackgroundService (BackgroundService.java:shutdown(141)) - Shutting down service StaleRecoveringContainerScrubbingService
2023-03-16 20:07:49,161 [Listener at 127.0.0.1/37437] INFO  statemachine.DatanodeStateMachine (DatanodeStateMachine.java:stopDaemon(601)) - Ozone container server stopped.
2023-03-16 20:07:49,176 [Listener at 127.0.0.1/37437] INFO  handler.ContextHandler (ContextHandler.java:doStop(1159)) - Stopped o.e.j.w.WebAppContext@44b2e9be{hddsDatanode,/,null,STOPPED}{jar:file:/home/runner/.m2/repository/org/apache/ozone/hdds-container-service/1.4.0-SNAPSHOT/hdds-container-service-1.4.0-SNAPSHOT.jar!/webapps/hddsDatanode}
2023-03-16 20:07:49,177 [Listener at 127.0.0.1/37437] INFO  server.AbstractConnector (AbstractConnector.java:doStop(383)) - Stopped ServerConnector@17275013{HTTP/1.1, (http/1.1)}{0.0.0.0:0}
2023-03-16 20:07:49,177 [Listener at 127.0.0.1/37437] INFO  server.session (HouseKeeper.java:stopScavenging(149)) - node0 Stopped scavenging
2023-03-16 20:07:49,177 [Listener at 127.0.0.1/37437] INFO  handler.ContextHandler (ContextHandler.java:doStop(1159)) - Stopped o.e.j.s.ServletContextHandler@38f2fec1{static,/static,jar:file:/home/runner/.m2/repository/org/apache/ozone/hdds-container-service/1.4.0-SNAPSHOT/hdds-container-service-1.4.0-SNAPSHOT.jar!/webapps/static,STOPPED}
2023-03-16 20:07:49,178 [Listener at 127.0.0.1/37437] INFO  handler.ContextHandler (ContextHandler.java:doStop(1159)) - Stopped o.e.j.s.ServletContextHandler@348edc31{logs,/logs,file:///home/runner/work/ozone/ozone/hadoop-ozone/integration-test/target/log,STOPPED}
2023-03-16 20:07:49,181 [Listener at 127.0.0.1/37437] INFO  ozoneimpl.OzoneContainer (OzoneContainer.java:stop(423)) - Attempting to stop container services.
2023-03-16 20:07:49,187 [ForkJoinPool.commonPool-worker-1] INFO  volume.HddsVolume (HddsVolume.java:closeDbStore(436)) - SchemaV3 db is stopped at /home/runner/work/ozone/ozone/hadoop-ozone/integration-test/target/test-dir/MiniOzoneClusterImpl-5d34faf9-8c61-4fd7-9f59-d81d67eb328e/datanode-1/data-0/containers/hdds/5d34faf9-8c61-4fd7-9f59-d81d67eb328e/DS-dfa9d802-7200-4e80-b790-54a91e1b3701/container.db for volume DS-dfa9d802-7200-4e80-b790-54a91e1b3701
2023-03-16 20:07:49,188 [ForkJoinPool.commonPool-worker-1] INFO  utils.BackgroundService (BackgroundService.java:shutdown(141)) - Shutting down service BlockDeletingService
2023-03-16 20:07:49,188 [ForkJoinPool.commonPool-worker-1] INFO  utils.BackgroundService (BackgroundService.java:shutdown(141)) - Shutting down service StaleRecoveringContainerScrubbingService
2023-03-16 20:07:49,190 [Listener at 127.0.0.1/37437] INFO  server.RaftServer (RaftServerProxy.java:lambda$close$6(409)) - ebbc2a03-53b4-4736-a1f5-3eecd05c2e3b: close
2023-03-16 20:07:49,191 [Listener at 127.0.0.1/37437] INFO  server.GrpcService (GrpcService.java:closeImpl(271)) - ebbc2a03-53b4-4736-a1f5-3eecd05c2e3b: shutdown server GrpcServerProtocolService now
2023-03-16 20:07:49,191 [ebbc2a03-53b4-4736-a1f5-3eecd05c2e3b-impl-thread2] INFO  server.RaftServer$Division (RaftServerImpl.java:lambda$close$4(458)) - ebbc2a03-53b4-4736-a1f5-3eecd05c2e3b@group-1004FFE59F01: shutdown
2023-03-16 20:07:49,191 [ebbc2a03-53b4-4736-a1f5-3eecd05c2e3b-impl-thread2] INFO  util.JmxRegister (JmxRegister.java:unregister(73)) - Successfully un-registered JMX Bean with object name Ratis:service=RaftServer,group=group-1004FFE59F01,id=ebbc2a03-53b4-4736-a1f5-3eecd05c2e3b
2023-03-16 20:07:49,191 [ebbc2a03-53b4-4736-a1f5-3eecd05c2e3b-impl-thread2] INFO  impl.RoleInfo (RoleInfo.java:shutdownLeaderState(93)) - ebbc2a03-53b4-4736-a1f5-3eecd05c2e3b: shutdown ebbc2a03-53b4-4736-a1f5-3eecd05c2e3b@group-1004FFE59F01-LeaderStateImpl
2023-03-16 20:07:49,191 [ebbc2a03-53b4-4736-a1f5-3eecd05c2e3b-impl-thread2] INFO  impl.PendingRequests (PendingRequests.java:sendNotLeaderResponses(282)) - ebbc2a03-53b4-4736-a1f5-3eecd05c2e3b@group-1004FFE59F01-PendingRequests: sendNotLeaderResponses
2023-03-16 20:07:49,192 [ebbc2a03-53b4-4736-a1f5-3eecd05c2e3b-impl-thread2] INFO  impl.StateMachineUpdater (StateMachineUpdater.java:stopAndJoin(153)) - ebbc2a03-53b4-4736-a1f5-3eecd05c2e3b@group-1004FFE59F01-StateMachineUpdater: set stopIndex = 0
2023-03-16 20:07:49,192 [ebbc2a03-53b4-4736-a1f5-3eecd05c2e3b@group-1004FFE59F01-StateMachineUpdater] INFO  ratis.ContainerStateMachine (ContainerStateMachine.java:takeSnapshot(330)) - group-1004FFE59F01: Taking a snapshot at:(t:1, i:0) file /home/runner/work/ozone/ozone/hadoop-ozone/integration-test/target/test-dir/MiniOzoneClusterImpl-5d34faf9-8c61-4fd7-9f59-d81d67eb328e/datanode-4/data/ratis/4dd401a9-d0d7-47d8-af33-1004ffe59f01/sm/snapshot.1_0
2023-03-16 20:07:49,192 [Listener at 127.0.0.1/37437] INFO  server.GrpcService (GrpcService.java:closeImpl(280)) - ebbc2a03-53b4-4736-a1f5-3eecd05c2e3b: shutdown server GrpcServerProtocolService successfully
2023-03-16 20:07:49,193 [ebbc2a03-53b4-4736-a1f5-3eecd05c2e3b-NettyServerStreamRpc-bossGroup--thread1] INFO  logging.LoggingHandler (AbstractInternalLogger.java:log(148)) - [id: 0x461896a2, L:/0:0:0:0:0:0:0:0:36207] CLOSE
2023-03-16 20:07:49,193 [ebbc2a03-53b4-4736-a1f5-3eecd05c2e3b-NettyServerStreamRpc-bossGroup--thread1] INFO  logging.LoggingHandler (AbstractInternalLogger.java:log(148)) - [id: 0x461896a2, L:/0:0:0:0:0:0:0:0:36207] INACTIVE
2023-03-16 20:07:49,193 [ebbc2a03-53b4-4736-a1f5-3eecd05c2e3b-NettyServerStreamRpc-bossGroup--thread1] INFO  logging.LoggingHandler (AbstractInternalLogger.java:log(148)) - [id: 0x461896a2, L:/0:0:0:0:0:0:0:0:36207] UNREGISTERED
2023-03-16 20:07:49,194 [ebbc2a03-53b4-4736-a1f5-3eecd05c2e3b@group-1004FFE59F01-StateMachineUpdater] INFO  ratis.ContainerStateMachine (ContainerStateMachine.java:takeSnapshot(341)) - group-1004FFE59F01: Finished taking a snapshot at:(t:1, i:0) file:/home/runner/work/ozone/ozone/hadoop-ozone/integration-test/target/test-dir/MiniOzoneClusterImpl-5d34faf9-8c61-4fd7-9f59-d81d67eb328e/datanode-4/data/ratis/4dd401a9-d0d7-47d8-af33-1004ffe59f01/sm/snapshot.1_0 took: 2 ms
2023-03-16 20:07:49,194 [ebbc2a03-53b4-4736-a1f5-3eecd05c2e3b@group-1004FFE59F01-StateMachineUpdater] INFO  impl.StateMachineUpdater (StateMachineUpdater.java:takeSnapshot(287)) - ebbc2a03-53b4-4736-a1f5-3eecd05c2e3b@group-1004FFE59F01-StateMachineUpdater: Took a snapshot at index 0
2023-03-16 20:07:49,194 [ebbc2a03-53b4-4736-a1f5-3eecd05c2e3b@group-1004FFE59F01-StateMachineUpdater] INFO  impl.StateMachineUpdater (StateMachineUpdater.java:lambda$new$0(92)) - ebbc2a03-53b4-4736-a1f5-3eecd05c2e3b@group-1004FFE59F01-StateMachineUpdater: snapshotIndex: updateIncreasingly -1 -> 0
2023-03-16 20:07:49,195 [ebbc2a03-53b4-4736-a1f5-3eecd05c2e3b-impl-thread2] INFO  server.RaftServer$Division (ServerState.java:close(466)) - ebbc2a03-53b4-4736-a1f5-3eecd05c2e3b@group-1004FFE59F01: closes. applyIndex: 0
2023-03-16 20:07:49,200 [ebbc2a03-53b4-4736-a1f5-3eecd05c2e3b@group-1004FFE59F01-SegmentedRaftLogWorker] INFO  segmented.SegmentedRaftLogWorker (SegmentedRaftLogWorker.java:run(347)) - ebbc2a03-53b4-4736-a1f5-3eecd05c2e3b@group-1004FFE59F01-SegmentedRaftLogWorker was interrupted, exiting. There are 0 tasks remaining in the queue.
2023-03-16 20:07:49,204 [ebbc2a03-53b4-4736-a1f5-3eecd05c2e3b-impl-thread2] INFO  segmented.SegmentedRaftLogWorker (SegmentedRaftLogWorker.java:close(257)) - ebbc2a03-53b4-4736-a1f5-3eecd05c2e3b@group-1004FFE59F01-SegmentedRaftLogWorker close()
2023-03-16 20:07:49,206 [ForkJoinPool.commonPool-worker-1] INFO  statemachine.DatanodeStateMachine (DatanodeStateMachine.java:stopDaemon(601)) - Ozone container server stopped.
2023-03-16 20:07:49,208 [JvmPauseMonitor16] INFO  util.JvmPauseMonitor (JvmPauseMonitor.java:run(111)) - JvmPauseMonitor-ebbc2a03-53b4-4736-a1f5-3eecd05c2e3b: Stopped
2023-03-16 20:07:49,226 [ForkJoinPool.commonPool-worker-1] INFO  handler.ContextHandler (ContextHandler.java:doStop(1159)) - Stopped o.e.j.w.WebAppContext@37093884{hddsDatanode,/,null,STOPPED}{jar:file:/home/runner/.m2/repository/org/apache/ozone/hdds-container-service/1.4.0-SNAPSHOT/hdds-container-service-1.4.0-SNAPSHOT.jar!/webapps/hddsDatanode}
2023-03-16 20:07:49,227 [ForkJoinPool.commonPool-worker-1] INFO  server.AbstractConnector (AbstractConnector.java:doStop(383)) - Stopped ServerConnector@d8199f3{HTTP/1.1, (http/1.1)}{0.0.0.0:0}
2023-03-16 20:07:49,227 [ForkJoinPool.commonPool-worker-1] INFO  server.session (HouseKeeper.java:stopScavenging(149)) - node0 Stopped scavenging
2023-03-16 20:07:49,228 [ForkJoinPool.commonPool-worker-1] INFO  handler.ContextHandler (ContextHandler.java:doStop(1159)) - Stopped o.e.j.s.ServletContextHandler@4d713ced{static,/static,jar:file:/home/runner/.m2/repository/org/apache/ozone/hdds-container-service/1.4.0-SNAPSHOT/hdds-container-service-1.4.0-SNAPSHOT.jar!/webapps/static,STOPPED}
2023-03-16 20:07:49,229 [ForkJoinPool.commonPool-worker-1] INFO  handler.ContextHandler (ContextHandler.java:doStop(1159)) - Stopped o.e.j.s.ServletContextHandler@1f2d2d0{logs,/logs,file:///home/runner/work/ozone/ozone/hadoop-ozone/integration-test/target/log,STOPPED}
2023-03-16 20:07:49,234 [ForkJoinPool.commonPool-worker-1] INFO  ozoneimpl.OzoneContainer (OzoneContainer.java:stop(423)) - Attempting to stop container services.
2023-03-16 20:07:49,234 [ForkJoinPool.commonPool-worker-1] INFO  server.RaftServer (RaftServerProxy.java:lambda$close$6(409)) - 67a302da-c3a9-4d3b-a81a-6dae531b3b12: close
2023-03-16 20:07:49,235 [67a302da-c3a9-4d3b-a81a-6dae531b3b12-impl-thread2] INFO  server.RaftServer$Division (RaftServerImpl.java:lambda$close$4(458)) - 67a302da-c3a9-4d3b-a81a-6dae531b3b12@group-31A52953E0B4: shutdown
2023-03-16 20:07:49,235 [67a302da-c3a9-4d3b-a81a-6dae531b3b12-impl-thread2] INFO  util.JmxRegister (JmxRegister.java:unregister(73)) - Successfully un-registered JMX Bean with object name Ratis:service=RaftServer,group=group-31A52953E0B4,id=67a302da-c3a9-4d3b-a81a-6dae531b3b12
2023-03-16 20:07:49,235 [67a302da-c3a9-4d3b-a81a-6dae531b3b12-impl-thread2] INFO  impl.RoleInfo (RoleInfo.java:shutdownLeaderState(93)) - 67a302da-c3a9-4d3b-a81a-6dae531b3b12: shutdown 67a302da-c3a9-4d3b-a81a-6dae531b3b12@group-31A52953E0B4-LeaderStateImpl
2023-03-16 20:07:49,235 [67a302da-c3a9-4d3b-a81a-6dae531b3b12-impl-thread3] INFO  server.RaftServer$Division (RaftServerImpl.java:lambda$close$4(458)) - 67a302da-c3a9-4d3b-a81a-6dae531b3b12@group-5B64B89C4C6D: shutdown
2023-03-16 20:07:49,235 [67a302da-c3a9-4d3b-a81a-6dae531b3b12-impl-thread3] INFO  util.JmxRegister (JmxRegister.java:unregister(73)) - Successfully un-registered JMX Bean with object name Ratis:service=RaftServer,group=group-5B64B89C4C6D,id=67a302da-c3a9-4d3b-a81a-6dae531b3b12
2023-03-16 20:07:49,236 [67a302da-c3a9-4d3b-a81a-6dae531b3b12-impl-thread3] INFO  impl.RoleInfo (RoleInfo.java:shutdownFollowerState(110)) - 67a302da-c3a9-4d3b-a81a-6dae531b3b12: shutdown 67a302da-c3a9-4d3b-a81a-6dae531b3b12@group-5B64B89C4C6D-FollowerState
2023-03-16 20:07:49,236 [ForkJoinPool.commonPool-worker-1] INFO  server.GrpcService (GrpcService.java:closeImpl(271)) - 67a302da-c3a9-4d3b-a81a-6dae531b3b12: shutdown server GrpcServerProtocolService now
2023-03-16 20:07:49,236 [67a302da-c3a9-4d3b-a81a-6dae531b3b12@group-5B64B89C4C6D-FollowerState] INFO  impl.FollowerState (FollowerState.java:run(152)) - 67a302da-c3a9-4d3b-a81a-6dae531b3b12@group-5B64B89C4C6D-FollowerState was interrupted
2023-03-16 20:07:49,236 [67a302da-c3a9-4d3b-a81a-6dae531b3b12@group-31A52953E0B4->682b4d9c-96c0-4a75-8400-2841f36046f6-GrpcLogAppender-LogAppenderDaemon] WARN  server.GrpcLogAppender (GrpcLogAppender.java:mayWait(200)) - 67a302da-c3a9-4d3b-a81a-6dae531b3b12@group-31A52953E0B4->682b4d9c-96c0-4a75-8400-2841f36046f6-GrpcLogAppender: Wait interrupted by java.lang.InterruptedException
2023-03-16 20:07:49,236 [67a302da-c3a9-4d3b-a81a-6dae531b3b12@group-31A52953E0B4->af19ea06-4a72-4e8e-a05a-645e0b93ca6c-GrpcLogAppender-LogAppenderDaemon] WARN  server.GrpcLogAppender (GrpcLogAppender.java:mayWait(200)) - 67a302da-c3a9-4d3b-a81a-6dae531b3b12@group-31A52953E0B4->af19ea06-4a72-4e8e-a05a-645e0b93ca6c-GrpcLogAppender: Wait interrupted by java.lang.InterruptedException
2023-03-16 20:07:49,236 [67a302da-c3a9-4d3b-a81a-6dae531b3b12-impl-thread2] INFO  impl.PendingRequests (PendingRequests.java:sendNotLeaderResponses(282)) - 67a302da-c3a9-4d3b-a81a-6dae531b3b12@group-31A52953E0B4-PendingRequests: sendNotLeaderResponses
2023-03-16 20:07:49,237 [67a302da-c3a9-4d3b-a81a-6dae531b3b12-impl-thread3] INFO  impl.StateMachineUpdater (StateMachineUpdater.java:stopAndJoin(153)) - 67a302da-c3a9-4d3b-a81a-6dae531b3b12@group-5B64B89C4C6D-StateMachineUpdater: set stopIndex = 8
2023-03-16 20:07:49,237 [67a302da-c3a9-4d3b-a81a-6dae531b3b12@group-5B64B89C4C6D-StateMachineUpdater] INFO  ratis.ContainerStateMachine (ContainerStateMachine.java:takeSnapshot(330)) - group-5B64B89C4C6D: Taking a snapshot at:(t:1, i:8) file /home/runner/work/ozone/ozone/hadoop-ozone/integration-test/target/test-dir/MiniOzoneClusterImpl-5d34faf9-8c61-4fd7-9f59-d81d67eb328e/datanode-0/data/ratis/b4b129b6-713e-4f76-840d-5b64b89c4c6d/sm/snapshot.1_8
2023-03-16 20:07:49,237 [67a302da-c3a9-4d3b-a81a-6dae531b3b12-impl-thread4] INFO  server.RaftServer$Division (RaftServerImpl.java:lambda$close$4(458)) - 67a302da-c3a9-4d3b-a81a-6dae531b3b12@group-D42F5958F26C: shutdown
2023-03-16 20:07:49,237 [67a302da-c3a9-4d3b-a81a-6dae531b3b12-impl-thread4] INFO  util.JmxRegister (JmxRegister.java:unregister(73)) - Successfully un-registered JMX Bean with object name Ratis:service=RaftServer,group=group-D42F5958F26C,id=67a302da-c3a9-4d3b-a81a-6dae531b3b12
2023-03-16 20:07:49,237 [67a302da-c3a9-4d3b-a81a-6dae531b3b12-impl-thread4] INFO  impl.RoleInfo (RoleInfo.java:shutdownLeaderState(93)) - 67a302da-c3a9-4d3b-a81a-6dae531b3b12: shutdown 67a302da-c3a9-4d3b-a81a-6dae531b3b12@group-D42F5958F26C-LeaderStateImpl
2023-03-16 20:07:49,237 [67a302da-c3a9-4d3b-a81a-6dae531b3b12-impl-thread4] INFO  impl.PendingRequests (PendingRequests.java:sendNotLeaderResponses(282)) - 67a302da-c3a9-4d3b-a81a-6dae531b3b12@group-D42F5958F26C-PendingRequests: sendNotLeaderResponses
2023-03-16 20:07:49,238 [ForkJoinPool.commonPool-worker-1] INFO  server.GrpcServerProtocolClient (GrpcServerProtocolClient.java:close(101)) - af19ea06-4a72-4e8e-a05a-645e0b93ca6c Close channels
2023-03-16 20:07:49,239 [grpc-default-executor-7] WARN  server.GrpcClientProtocolService (LogUtils.java:warn(122)) - 0-OrderedRequestStreamObserver0: onError: org.apache.ratis.thirdparty.io.grpc.StatusRuntimeException: CANCELLED: client cancelled
2023-03-16 20:07:49,239 [67a302da-c3a9-4d3b-a81a-6dae531b3b12-impl-thread4] INFO  impl.StateMachineUpdater (StateMachineUpdater.java:stopAndJoin(153)) - 67a302da-c3a9-4d3b-a81a-6dae531b3b12@group-D42F5958F26C-StateMachineUpdater: set stopIndex = 0
2023-03-16 20:07:49,239 [67a302da-c3a9-4d3b-a81a-6dae531b3b12@group-D42F5958F26C-StateMachineUpdater] INFO  ratis.ContainerStateMachine (ContainerStateMachine.java:takeSnapshot(330)) - group-D42F5958F26C: Taking a snapshot at:(t:1, i:0) file /home/runner/work/ozone/ozone/hadoop-ozone/integration-test/target/test-dir/MiniOzoneClusterImpl-5d34faf9-8c61-4fd7-9f59-d81d67eb328e/datanode-0/data/ratis/7cafefc0-8fe7-4747-b06c-d42f5958f26c/sm/snapshot.1_0
2023-03-16 20:07:49,240 [67a302da-c3a9-4d3b-a81a-6dae531b3b12@group-5B64B89C4C6D-StateMachineUpdater] INFO  ratis.ContainerStateMachine (ContainerStateMachine.java:takeSnapshot(341)) - group-5B64B89C4C6D: Finished taking a snapshot at:(t:1, i:8) file:/home/runner/work/ozone/ozone/hadoop-ozone/integration-test/target/test-dir/MiniOzoneClusterImpl-5d34faf9-8c61-4fd7-9f59-d81d67eb328e/datanode-0/data/ratis/b4b129b6-713e-4f76-840d-5b64b89c4c6d/sm/snapshot.1_8 took: 3 ms
2023-03-16 20:07:49,240 [67a302da-c3a9-4d3b-a81a-6dae531b3b12@group-D42F5958F26C-StateMachineUpdater] INFO  ratis.ContainerStateMachine (ContainerStateMachine.java:takeSnapshot(341)) - group-D42F5958F26C: Finished taking a snapshot at:(t:1, i:0) file:/home/runner/work/ozone/ozone/hadoop-ozone/integration-test/target/test-dir/MiniOzoneClusterImpl-5d34faf9-8c61-4fd7-9f59-d81d67eb328e/datanode-0/data/ratis/7cafefc0-8fe7-4747-b06c-d42f5958f26c/sm/snapshot.1_0 took: 1 ms
2023-03-16 20:07:49,241 [67a302da-c3a9-4d3b-a81a-6dae531b3b12@group-5B64B89C4C6D-StateMachineUpdater] INFO  impl.StateMachineUpdater (StateMachineUpdater.java:takeSnapshot(287)) - 67a302da-c3a9-4d3b-a81a-6dae531b3b12@group-5B64B89C4C6D-StateMachineUpdater: Took a snapshot at index 8
2023-03-16 20:07:49,241 [67a302da-c3a9-4d3b-a81a-6dae531b3b12@group-D42F5958F26C-StateMachineUpdater] INFO  impl.StateMachineUpdater (StateMachineUpdater.java:takeSnapshot(287)) - 67a302da-c3a9-4d3b-a81a-6dae531b3b12@group-D42F5958F26C-StateMachineUpdater: Took a snapshot at index 0
2023-03-16 20:07:49,241 [67a302da-c3a9-4d3b-a81a-6dae531b3b12@group-5B64B89C4C6D-StateMachineUpdater] INFO  impl.StateMachineUpdater (StateMachineUpdater.java:lambda$new$0(92)) - 67a302da-c3a9-4d3b-a81a-6dae531b3b12@group-5B64B89C4C6D-StateMachineUpdater: snapshotIndex: updateIncreasingly -1 -> 8
2023-03-16 20:07:49,241 [67a302da-c3a9-4d3b-a81a-6dae531b3b12@group-D42F5958F26C-StateMachineUpdater] INFO  impl.StateMachineUpdater (StateMachineUpdater.java:lambda$new$0(92)) - 67a302da-c3a9-4d3b-a81a-6dae531b3b12@group-D42F5958F26C-StateMachineUpdater: snapshotIndex: updateIncreasingly -1 -> 0
2023-03-16 20:07:49,243 [67a302da-c3a9-4d3b-a81a-6dae531b3b12-impl-thread2] INFO  impl.StateMachineUpdater (StateMachineUpdater.java:stopAndJoin(153)) - 67a302da-c3a9-4d3b-a81a-6dae531b3b12@group-31A52953E0B4-StateMachineUpdater: set stopIndex = 21
2023-03-16 20:07:49,243 [67a302da-c3a9-4d3b-a81a-6dae531b3b12@group-31A52953E0B4-StateMachineUpdater] INFO  ratis.ContainerStateMachine (ContainerStateMachine.java:takeSnapshot(330)) - group-31A52953E0B4: Taking a snapshot at:(t:1, i:21) file /home/runner/work/ozone/ozone/hadoop-ozone/integration-test/target/test-dir/MiniOzoneClusterImpl-5d34faf9-8c61-4fd7-9f59-d81d67eb328e/datanode-0/data/ratis/3bd437f4-2eb8-4100-bc7e-31a52953e0b4/sm/snapshot.1_21
2023-03-16 20:07:49,244 [67a302da-c3a9-4d3b-a81a-6dae531b3b12-impl-thread3] INFO  server.RaftServer$Division (ServerState.java:close(466)) - 67a302da-c3a9-4d3b-a81a-6dae531b3b12@group-5B64B89C4C6D: closes. applyIndex: 8
2023-03-16 20:07:49,245 [67a302da-c3a9-4d3b-a81a-6dae531b3b12@group-31A52953E0B4-StateMachineUpdater] INFO  ratis.ContainerStateMachine (ContainerStateMachine.java:takeSnapshot(341)) - group-31A52953E0B4: Finished taking a snapshot at:(t:1, i:21) file:/home/runner/work/ozone/ozone/hadoop-ozone/integration-test/target/test-dir/MiniOzoneClusterImpl-5d34faf9-8c61-4fd7-9f59-d81d67eb328e/datanode-0/data/ratis/3bd437f4-2eb8-4100-bc7e-31a52953e0b4/sm/snapshot.1_21 took: 2 ms
2023-03-16 20:07:49,245 [67a302da-c3a9-4d3b-a81a-6dae531b3b12@group-5B64B89C4C6D-SegmentedRaftLogWorker] INFO  segmented.SegmentedRaftLogWorker (SegmentedRaftLogWorker.java:run(347)) - 67a302da-c3a9-4d3b-a81a-6dae531b3b12@group-5B64B89C4C6D-SegmentedRaftLogWorker was interrupted, exiting. There are 0 tasks remaining in the queue.
2023-03-16 20:07:49,245 [67a302da-c3a9-4d3b-a81a-6dae531b3b12@group-31A52953E0B4-StateMachineUpdater] INFO  impl.StateMachineUpdater (StateMachineUpdater.java:takeSnapshot(287)) - 67a302da-c3a9-4d3b-a81a-6dae531b3b12@group-31A52953E0B4-StateMachineUpdater: Took a snapshot at index 21
2023-03-16 20:07:49,245 [67a302da-c3a9-4d3b-a81a-6dae531b3b12@group-31A52953E0B4-StateMachineUpdater] INFO  impl.StateMachineUpdater (StateMachineUpdater.java:lambda$new$0(92)) - 67a302da-c3a9-4d3b-a81a-6dae531b3b12@group-31A52953E0B4-StateMachineUpdater: snapshotIndex: updateIncreasingly -1 -> 21
2023-03-16 20:07:49,245 [67a302da-c3a9-4d3b-a81a-6dae531b3b12-impl-thread4] INFO  server.RaftServer$Division (ServerState.java:close(466)) - 67a302da-c3a9-4d3b-a81a-6dae531b3b12@group-D42F5958F26C: closes. applyIndex: 0
2023-03-16 20:07:49,245 [ForkJoinPool.commonPool-worker-1] INFO  server.GrpcServerProtocolClient (GrpcServerProtocolClient.java:close(101)) - 682b4d9c-96c0-4a75-8400-2841f36046f6 Close channels
2023-03-16 20:07:49,246 [67a302da-c3a9-4d3b-a81a-6dae531b3b12@group-D42F5958F26C-SegmentedRaftLogWorker] INFO  segmented.SegmentedRaftLogWorker (SegmentedRaftLogWorker.java:run(347)) - 67a302da-c3a9-4d3b-a81a-6dae531b3b12@group-D42F5958F26C-SegmentedRaftLogWorker was interrupted, exiting. There are 0 tasks remaining in the queue.
2023-03-16 20:07:49,249 [67a302da-c3a9-4d3b-a81a-6dae531b3b12-impl-thread3] INFO  segmented.SegmentedRaftLogWorker (SegmentedRaftLogWorker.java:close(257)) - 67a302da-c3a9-4d3b-a81a-6dae531b3b12@group-5B64B89C4C6D-SegmentedRaftLogWorker close()
2023-03-16 20:07:49,249 [67a302da-c3a9-4d3b-a81a-6dae531b3b12-impl-thread4] INFO  segmented.SegmentedRaftLogWorker (SegmentedRaftLogWorker.java:close(257)) - 67a302da-c3a9-4d3b-a81a-6dae531b3b12@group-D42F5958F26C-SegmentedRaftLogWorker close()
2023-03-16 20:07:49,249 [67a302da-c3a9-4d3b-a81a-6dae531b3b12-impl-thread2] INFO  server.RaftServer$Division (ServerState.java:close(466)) - 67a302da-c3a9-4d3b-a81a-6dae531b3b12@group-31A52953E0B4: closes. applyIndex: 21
2023-03-16 20:07:49,250 [67a302da-c3a9-4d3b-a81a-6dae531b3b12@group-31A52953E0B4-SegmentedRaftLogWorker] INFO  segmented.SegmentedRaftLogWorker (SegmentedRaftLogWorker.java:run(347)) - 67a302da-c3a9-4d3b-a81a-6dae531b3b12@group-31A52953E0B4-SegmentedRaftLogWorker was interrupted, exiting. There are 0 tasks remaining in the queue.
2023-03-16 20:07:49,251 [ForkJoinPool.commonPool-worker-1] INFO  server.GrpcService (GrpcService.java:closeImpl(280)) - 67a302da-c3a9-4d3b-a81a-6dae531b3b12: shutdown server GrpcServerProtocolService successfully
2023-03-16 20:07:49,251 [67a302da-c3a9-4d3b-a81a-6dae531b3b12-NettyServerStreamRpc-bossGroup--thread1] INFO  logging.LoggingHandler (AbstractInternalLogger.java:log(148)) - [id: 0x64cbcff2, L:/0:0:0:0:0:0:0:0:33407] CLOSE
2023-03-16 20:07:49,251 [67a302da-c3a9-4d3b-a81a-6dae531b3b12-NettyServerStreamRpc-bossGroup--thread1] INFO  logging.LoggingHandler (AbstractInternalLogger.java:log(148)) - [id: 0x64cbcff2, L:/0:0:0:0:0:0:0:0:33407] INACTIVE
2023-03-16 20:07:49,251 [67a302da-c3a9-4d3b-a81a-6dae531b3b12-NettyServerStreamRpc-bossGroup--thread1] INFO  logging.LoggingHandler (AbstractInternalLogger.java:log(148)) - [id: 0x64cbcff2, L:/0:0:0:0:0:0:0:0:33407] UNREGISTERED
2023-03-16 20:07:49,254 [67a302da-c3a9-4d3b-a81a-6dae531b3b12-impl-thread2] INFO  segmented.SegmentedRaftLogWorker (SegmentedRaftLogWorker.java:close(257)) - 67a302da-c3a9-4d3b-a81a-6dae531b3b12@group-31A52953E0B4-SegmentedRaftLogWorker close()
2023-03-16 20:07:49,259 [JvmPauseMonitor12] INFO  util.JvmPauseMonitor (JvmPauseMonitor.java:run(111)) - JvmPauseMonitor-67a302da-c3a9-4d3b-a81a-6dae531b3b12: Stopped
2023-03-16 20:07:51,216 [Listener at 127.0.0.1/37437] INFO  volume.HddsVolume (HddsVolume.java:closeDbStore(436)) - SchemaV3 db is stopped at /home/runner/work/ozone/ozone/hadoop-ozone/integration-test/target/test-dir/MiniOzoneClusterImpl-5d34faf9-8c61-4fd7-9f59-d81d67eb328e/datanode-4/data-0/containers/hdds/5d34faf9-8c61-4fd7-9f59-d81d67eb328e/DS-bca1d918-6b13-41bf-9aa5-e349865f5736/container.db for volume DS-bca1d918-6b13-41bf-9aa5-e349865f5736
2023-03-16 20:07:51,216 [Listener at 127.0.0.1/37437] INFO  utils.BackgroundService (BackgroundService.java:shutdown(141)) - Shutting down service BlockDeletingService
2023-03-16 20:07:51,217 [Listener at 127.0.0.1/37437] INFO  utils.BackgroundService (BackgroundService.java:shutdown(141)) - Shutting down service StaleRecoveringContainerScrubbingService
2023-03-16 20:07:51,220 [Listener at 127.0.0.1/37437] INFO  statemachine.DatanodeStateMachine (DatanodeStateMachine.java:stopDaemon(601)) - Ozone container server stopped.
2023-03-16 20:07:51,235 [Listener at 127.0.0.1/37437] INFO  handler.ContextHandler (ContextHandler.java:doStop(1159)) - Stopped o.e.j.w.WebAppContext@224374ac{hddsDatanode,/,null,STOPPED}{jar:file:/home/runner/.m2/repository/org/apache/ozone/hdds-container-service/1.4.0-SNAPSHOT/hdds-container-service-1.4.0-SNAPSHOT.jar!/webapps/hddsDatanode}
2023-03-16 20:07:51,236 [Listener at 127.0.0.1/37437] INFO  server.AbstractConnector (AbstractConnector.java:doStop(383)) - Stopped ServerConnector@b41cff5{HTTP/1.1, (http/1.1)}{0.0.0.0:0}
2023-03-16 20:07:51,236 [Listener at 127.0.0.1/37437] INFO  server.session (HouseKeeper.java:stopScavenging(149)) - node0 Stopped scavenging
2023-03-16 20:07:51,236 [Listener at 127.0.0.1/37437] INFO  handler.ContextHandler (ContextHandler.java:doStop(1159)) - Stopped o.e.j.s.ServletContextHandler@af2d433{static,/static,jar:file:/home/runner/.m2/repository/org/apache/ozone/hdds-container-service/1.4.0-SNAPSHOT/hdds-container-service-1.4.0-SNAPSHOT.jar!/webapps/static,STOPPED}
2023-03-16 20:07:51,237 [Listener at 127.0.0.1/37437] INFO  handler.ContextHandler (ContextHandler.java:doStop(1159)) - Stopped o.e.j.s.ServletContextHandler@dffbf7a{logs,/logs,file:///home/runner/work/ozone/ozone/hadoop-ozone/integration-test/target/log,STOPPED}
2023-03-16 20:07:51,241 [Listener at 127.0.0.1/37437] INFO  ozoneimpl.OzoneContainer (OzoneContainer.java:stop(423)) - Attempting to stop container services.
2023-03-16 20:07:51,241 [Listener at 127.0.0.1/37437] INFO  server.RaftServer (RaftServerProxy.java:lambda$close$6(409)) - 7632a000-3617-4d19-89f4-e221b08e3da6: close
2023-03-16 20:07:51,242 [Listener at 127.0.0.1/37437] INFO  server.GrpcService (GrpcService.java:closeImpl(271)) - 7632a000-3617-4d19-89f4-e221b08e3da6: shutdown server GrpcServerProtocolService now
2023-03-16 20:07:51,242 [Listener at 127.0.0.1/37437] INFO  server.GrpcService (GrpcService.java:closeImpl(280)) - 7632a000-3617-4d19-89f4-e221b08e3da6: shutdown server GrpcServerProtocolService successfully
2023-03-16 20:07:51,242 [7632a000-3617-4d19-89f4-e221b08e3da6-NettyServerStreamRpc-bossGroup--thread1] INFO  logging.LoggingHandler (AbstractInternalLogger.java:log(148)) - [id: 0xb9123bc5, L:/0:0:0:0:0:0:0:0:40343] CLOSE
2023-03-16 20:07:51,243 [7632a000-3617-4d19-89f4-e221b08e3da6-NettyServerStreamRpc-bossGroup--thread1] INFO  logging.LoggingHandler (AbstractInternalLogger.java:log(148)) - [id: 0xb9123bc5, L:/0:0:0:0:0:0:0:0:40343] INACTIVE
2023-03-16 20:07:51,243 [7632a000-3617-4d19-89f4-e221b08e3da6-NettyServerStreamRpc-bossGroup--thread1] INFO  logging.LoggingHandler (AbstractInternalLogger.java:log(148)) - [id: 0xb9123bc5, L:/0:0:0:0:0:0:0:0:40343] UNREGISTERED
2023-03-16 20:07:51,243 [7632a000-3617-4d19-89f4-e221b08e3da6-impl-thread2] INFO  server.RaftServer$Division (RaftServerImpl.java:lambda$close$4(458)) - 7632a000-3617-4d19-89f4-e221b08e3da6@group-E68E4D341B63: shutdown
2023-03-16 20:07:51,244 [7632a000-3617-4d19-89f4-e221b08e3da6-impl-thread2] INFO  util.JmxRegister (JmxRegister.java:unregister(73)) - Successfully un-registered JMX Bean with object name Ratis:service=RaftServer,group=group-E68E4D341B63,id=7632a000-3617-4d19-89f4-e221b08e3da6
2023-03-16 20:07:51,244 [7632a000-3617-4d19-89f4-e221b08e3da6-impl-thread2] INFO  impl.RoleInfo (RoleInfo.java:shutdownLeaderState(93)) - 7632a000-3617-4d19-89f4-e221b08e3da6: shutdown 7632a000-3617-4d19-89f4-e221b08e3da6@group-E68E4D341B63-LeaderStateImpl
2023-03-16 20:07:51,244 [7632a000-3617-4d19-89f4-e221b08e3da6-impl-thread2] INFO  impl.PendingRequests (PendingRequests.java:sendNotLeaderResponses(282)) - 7632a000-3617-4d19-89f4-e221b08e3da6@group-E68E4D341B63-PendingRequests: sendNotLeaderResponses
2023-03-16 20:07:51,245 [7632a000-3617-4d19-89f4-e221b08e3da6@group-E68E4D341B63-StateMachineUpdater] INFO  ratis.ContainerStateMachine (ContainerStateMachine.java:takeSnapshot(330)) - group-E68E4D341B63: Taking a snapshot at:(t:1, i:0) file /home/runner/work/ozone/ozone/hadoop-ozone/integration-test/target/test-dir/MiniOzoneClusterImpl-5d34faf9-8c61-4fd7-9f59-d81d67eb328e/datanode-3/data/ratis/9fe02956-08a4-445e-80b2-e68e4d341b63/sm/snapshot.1_0
2023-03-16 20:07:51,245 [7632a000-3617-4d19-89f4-e221b08e3da6-impl-thread2] INFO  impl.StateMachineUpdater (StateMachineUpdater.java:stopAndJoin(153)) - 7632a000-3617-4d19-89f4-e221b08e3da6@group-E68E4D341B63-StateMachineUpdater: set stopIndex = 0
2023-03-16 20:07:51,247 [7632a000-3617-4d19-89f4-e221b08e3da6@group-E68E4D341B63-StateMachineUpdater] INFO  ratis.ContainerStateMachine (ContainerStateMachine.java:takeSnapshot(341)) - group-E68E4D341B63: Finished taking a snapshot at:(t:1, i:0) file:/home/runner/work/ozone/ozone/hadoop-ozone/integration-test/target/test-dir/MiniOzoneClusterImpl-5d34faf9-8c61-4fd7-9f59-d81d67eb328e/datanode-3/data/ratis/9fe02956-08a4-445e-80b2-e68e4d341b63/sm/snapshot.1_0 took: 2 ms
2023-03-16 20:07:51,247 [7632a000-3617-4d19-89f4-e221b08e3da6@group-E68E4D341B63-StateMachineUpdater] INFO  impl.StateMachineUpdater (StateMachineUpdater.java:takeSnapshot(287)) - 7632a000-3617-4d19-89f4-e221b08e3da6@group-E68E4D341B63-StateMachineUpdater: Took a snapshot at index 0
2023-03-16 20:07:51,247 [7632a000-3617-4d19-89f4-e221b08e3da6@group-E68E4D341B63-StateMachineUpdater] INFO  impl.StateMachineUpdater (StateMachineUpdater.java:lambda$new$0(92)) - 7632a000-3617-4d19-89f4-e221b08e3da6@group-E68E4D341B63-StateMachineUpdater: snapshotIndex: updateIncreasingly -1 -> 0
2023-03-16 20:07:51,247 [7632a000-3617-4d19-89f4-e221b08e3da6-impl-thread2] INFO  server.RaftServer$Division (ServerState.java:close(466)) - 7632a000-3617-4d19-89f4-e221b08e3da6@group-E68E4D341B63: closes. applyIndex: 0
2023-03-16 20:07:51,250 [7632a000-3617-4d19-89f4-e221b08e3da6@group-E68E4D341B63-SegmentedRaftLogWorker] INFO  segmented.SegmentedRaftLogWorker (SegmentedRaftLogWorker.java:run(347)) - 7632a000-3617-4d19-89f4-e221b08e3da6@group-E68E4D341B63-SegmentedRaftLogWorker was interrupted, exiting. There are 0 tasks remaining in the queue.
2023-03-16 20:07:51,254 [7632a000-3617-4d19-89f4-e221b08e3da6-impl-thread2] INFO  segmented.SegmentedRaftLogWorker (SegmentedRaftLogWorker.java:close(257)) - 7632a000-3617-4d19-89f4-e221b08e3da6@group-E68E4D341B63-SegmentedRaftLogWorker close()
2023-03-16 20:07:51,257 [JvmPauseMonitor15] INFO  util.JvmPauseMonitor (JvmPauseMonitor.java:run(111)) - JvmPauseMonitor-7632a000-3617-4d19-89f4-e221b08e3da6: Stopped
2023-03-16 20:07:51,265 [ForkJoinPool.commonPool-worker-1] INFO  volume.HddsVolume (HddsVolume.java:closeDbStore(436)) - SchemaV3 db is stopped at /home/runner/work/ozone/ozone/hadoop-ozone/integration-test/target/test-dir/MiniOzoneClusterImpl-5d34faf9-8c61-4fd7-9f59-d81d67eb328e/datanode-0/data-0/containers/hdds/5d34faf9-8c61-4fd7-9f59-d81d67eb328e/DS-51d60bcf-881c-4fd1-b1ac-523ef0225ca1/container.db for volume DS-51d60bcf-881c-4fd1-b1ac-523ef0225ca1
2023-03-16 20:07:51,266 [ForkJoinPool.commonPool-worker-1] INFO  utils.BackgroundService (BackgroundService.java:shutdown(141)) - Shutting down service BlockDeletingService
2023-03-16 20:07:51,266 [ForkJoinPool.commonPool-worker-1] INFO  utils.BackgroundService (BackgroundService.java:shutdown(141)) - Shutting down service StaleRecoveringContainerScrubbingService
2023-03-16 20:07:51,269 [ForkJoinPool.commonPool-worker-1] INFO  statemachine.DatanodeStateMachine (DatanodeStateMachine.java:stopDaemon(601)) - Ozone container server stopped.
2023-03-16 20:07:51,284 [ForkJoinPool.commonPool-worker-1] INFO  handler.ContextHandler (ContextHandler.java:doStop(1159)) - Stopped o.e.j.w.WebAppContext@7175cf57{hddsDatanode,/,null,STOPPED}{jar:file:/home/runner/.m2/repository/org/apache/ozone/hdds-container-service/1.4.0-SNAPSHOT/hdds-container-service-1.4.0-SNAPSHOT.jar!/webapps/hddsDatanode}
2023-03-16 20:07:51,285 [ForkJoinPool.commonPool-worker-1] INFO  server.AbstractConnector (AbstractConnector.java:doStop(383)) - Stopped ServerConnector@e4a10e8{HTTP/1.1, (http/1.1)}{0.0.0.0:0}
2023-03-16 20:07:51,285 [ForkJoinPool.commonPool-worker-1] INFO  server.session (HouseKeeper.java:stopScavenging(149)) - node0 Stopped scavenging
2023-03-16 20:07:51,287 [ForkJoinPool.commonPool-worker-1] INFO  handler.ContextHandler (ContextHandler.java:doStop(1159)) - Stopped o.e.j.s.ServletContextHandler@5bb0103{static,/static,jar:file:/home/runner/.m2/repository/org/apache/ozone/hdds-container-service/1.4.0-SNAPSHOT/hdds-container-service-1.4.0-SNAPSHOT.jar!/webapps/static,STOPPED}
2023-03-16 20:07:51,287 [ForkJoinPool.commonPool-worker-1] INFO  handler.ContextHandler (ContextHandler.java:doStop(1159)) - Stopped o.e.j.s.ServletContextHandler@2013ec5b{logs,/logs,file:///home/runner/work/ozone/ozone/hadoop-ozone/integration-test/target/log,STOPPED}
2023-03-16 20:07:53,265 [Listener at 127.0.0.1/37437] INFO  volume.HddsVolume (HddsVolume.java:closeDbStore(436)) - SchemaV3 db is stopped at /home/runner/work/ozone/ozone/hadoop-ozone/integration-test/target/test-dir/MiniOzoneClusterImpl-5d34faf9-8c61-4fd7-9f59-d81d67eb328e/datanode-3/data-0/containers/hdds/5d34faf9-8c61-4fd7-9f59-d81d67eb328e/DS-d035b99e-a974-4553-a291-13eb2b7e73fb/container.db for volume DS-d035b99e-a974-4553-a291-13eb2b7e73fb
2023-03-16 20:07:53,265 [Listener at 127.0.0.1/37437] INFO  utils.BackgroundService (BackgroundService.java:shutdown(141)) - Shutting down service BlockDeletingService
2023-03-16 20:07:53,266 [Listener at 127.0.0.1/37437] INFO  utils.BackgroundService (BackgroundService.java:shutdown(141)) - Shutting down service StaleRecoveringContainerScrubbingService
2023-03-16 20:07:53,270 [Listener at 127.0.0.1/37437] INFO  statemachine.DatanodeStateMachine (DatanodeStateMachine.java:stopDaemon(601)) - Ozone container server stopped.
2023-03-16 20:07:53,283 [Listener at 127.0.0.1/37437] INFO  handler.ContextHandler (ContextHandler.java:doStop(1159)) - Stopped o.e.j.w.WebAppContext@89e35a4{hddsDatanode,/,null,STOPPED}{jar:file:/home/runner/.m2/repository/org/apache/ozone/hdds-container-service/1.4.0-SNAPSHOT/hdds-container-service-1.4.0-SNAPSHOT.jar!/webapps/hddsDatanode}
2023-03-16 20:07:53,284 [Listener at 127.0.0.1/37437] INFO  server.AbstractConnector (AbstractConnector.java:doStop(383)) - Stopped ServerConnector@65ae8e56{HTTP/1.1, (http/1.1)}{0.0.0.0:0}
2023-03-16 20:07:53,284 [Listener at 127.0.0.1/37437] INFO  server.session (HouseKeeper.java:stopScavenging(149)) - node0 Stopped scavenging
2023-03-16 20:07:53,284 [Listener at 127.0.0.1/37437] INFO  handler.ContextHandler (ContextHandler.java:doStop(1159)) - Stopped o.e.j.s.ServletContextHandler@2d995438{static,/static,jar:file:/home/runner/.m2/repository/org/apache/ozone/hdds-container-service/1.4.0-SNAPSHOT/hdds-container-service-1.4.0-SNAPSHOT.jar!/webapps/static,STOPPED}
2023-03-16 20:07:53,286 [Listener at 127.0.0.1/37437] INFO  handler.ContextHandler (ContextHandler.java:doStop(1159)) - Stopped o.e.j.s.ServletContextHandler@70560769{logs,/logs,file:///home/runner/work/ozone/ozone/hadoop-ozone/integration-test/target/log,STOPPED}
2023-03-16 20:07:53,288 [Listener at 127.0.0.1/37437] INFO  ozone.MiniOzoneClusterImpl (MiniOzoneClusterImpl.java:stopSCM(545)) - Stopping the StorageContainerManager
2023-03-16 20:07:53,288 [Listener at 127.0.0.1/37437] INFO  server.StorageContainerManager (StorageContainerManager.java:stop(1537)) - Container Balancer is not running.
2023-03-16 20:07:53,288 [Listener at 127.0.0.1/37437] INFO  server.StorageContainerManager (StorageContainerManager.java:stop(1544)) - Stopping Replication Manager Service.
2023-03-16 20:07:53,289 [Listener at 127.0.0.1/37437] INFO  replication.ReplicationManager (ReplicationManager.java:stop(304)) - Stopping Replication Monitor Thread.
2023-03-16 20:07:53,289 [Listener at 127.0.0.1/37437] INFO  server.StorageContainerManager (StorageContainerManager.java:stop(1551)) - Stopping the Datanode Admin Monitor.
2023-03-16 20:07:53,289 [Over Replicated Processor] WARN  replication.UnhealthyReplicationProcessor (UnhealthyReplicationProcessor.java:run(146)) - Over Replicated Processor interrupted. Exiting...
2023-03-16 20:07:53,289 [Listener at 127.0.0.1/37437] INFO  server.StorageContainerManager (StorageContainerManager.java:stop(1558)) - Stopping datanode service RPC server
2023-03-16 20:07:53,289 [Listener at 127.0.0.1/37437] INFO  server.SCMDatanodeProtocolServer (SCMDatanodeProtocolServer.java:stop(424)) - Stopping the RPC server for DataNodes
2023-03-16 20:07:53,289 [Listener at 127.0.0.1/37437] INFO  ipc.Server (Server.java:stop(3428)) - Stopping server on 40529
2023-03-16 20:07:53,289 [ReplicationMonitor] INFO  replication.ReplicationManager (ReplicationManager.java:run(808)) - Replication Monitor Thread is stopped
2023-03-16 20:07:53,294 [Under Replicated Processor] WARN  replication.UnhealthyReplicationProcessor (UnhealthyReplicationProcessor.java:run(146)) - Under Replicated Processor interrupted. Exiting...
2023-03-16 20:07:53,297 [IPC Server listener on 0] INFO  ipc.Server (Server.java:run(1384)) - Stopping IPC Server listener on 0
2023-03-16 20:07:53,297 [IPC Server Responder] INFO  ipc.Server (Server.java:run(1517)) - Stopping IPC Server Responder
2023-03-16 20:07:53,371 [SCM Heartbeat Processing Thread - 0] WARN  node.NodeStateManager (NodeStateManager.java:scheduleNextHealthCheck(870)) - Current Thread is interrupted, shutting down HB processing thread for Node Manager.
2023-03-16 20:07:53,371 [Listener at 127.0.0.1/37437] INFO  server.StorageContainerManager (StorageContainerManager.java:stop(1566)) - Stopping block service RPC server
2023-03-16 20:07:53,371 [Listener at 127.0.0.1/37437] INFO  server.SCMBlockProtocolServer (SCMBlockProtocolServer.java:stop(161)) - Stopping the RPC server for Block Protocol
2023-03-16 20:07:53,371 [Listener at 127.0.0.1/37437] INFO  ipc.Server (Server.java:stop(3428)) - Stopping server on 45515
2023-03-16 20:07:53,373 [IPC Server Responder] INFO  ipc.Server (Server.java:run(1517)) - Stopping IPC Server Responder
2023-03-16 20:07:53,374 [Listener at 127.0.0.1/37437] INFO  server.StorageContainerManager (StorageContainerManager.java:stop(1573)) - Stopping the StorageContainerLocationProtocol RPC server
2023-03-16 20:07:53,374 [Listener at 127.0.0.1/37437] INFO  server.SCMClientProtocolServer (SCMClientProtocolServer.java:stop(203)) - Stopping the RPC server for Client Protocol
2023-03-16 20:07:53,374 [Listener at 127.0.0.1/37437] INFO  ipc.Server (Server.java:stop(3428)) - Stopping server on 40075
2023-03-16 20:07:53,378 [IPC Server listener on 0] INFO  ipc.Server (Server.java:run(1384)) - Stopping IPC Server listener on 0
2023-03-16 20:07:53,382 [IPC Server listener on 0] INFO  ipc.Server (Server.java:run(1384)) - Stopping IPC Server listener on 0
2023-03-16 20:07:53,382 [IPC Server Responder] INFO  ipc.Server (Server.java:run(1517)) - Stopping IPC Server Responder
2023-03-16 20:07:53,382 [Listener at 127.0.0.1/37437] INFO  server.StorageContainerManager (StorageContainerManager.java:stop(1580)) - Stopping Storage Container Manager HTTP server.
2023-03-16 20:07:53,384 [Listener at 127.0.0.1/37437] INFO  handler.ContextHandler (ContextHandler.java:doStop(1159)) - Stopped o.e.j.w.WebAppContext@58d8dec8{scm,/,null,STOPPED}{file:/home/runner/work/ozone/ozone/hadoop-ozone/integration-test/target/test-classes/webapps/scm}
2023-03-16 20:07:53,385 [Listener at 127.0.0.1/37437] INFO  server.AbstractConnector (AbstractConnector.java:doStop(383)) - Stopped ServerConnector@23e7672c{HTTP/1.1, (http/1.1)}{0.0.0.0:0}
2023-03-16 20:07:53,385 [Listener at 127.0.0.1/37437] INFO  server.session (HouseKeeper.java:stopScavenging(149)) - node0 Stopped scavenging
2023-03-16 20:07:53,385 [Listener at 127.0.0.1/37437] INFO  handler.ContextHandler (ContextHandler.java:doStop(1159)) - Stopped o.e.j.s.ServletContextHandler@e63a7{static,/static,file:///home/runner/work/ozone/ozone/hadoop-ozone/integration-test/target/test-classes/webapps/static,STOPPED}
2023-03-16 20:07:53,386 [Listener at 127.0.0.1/37437] INFO  handler.ContextHandler (ContextHandler.java:doStop(1159)) - Stopped o.e.j.s.ServletContextHandler@747beca4{logs,/logs,file:///home/runner/work/ozone/ozone/hadoop-ozone/integration-test/target/log,STOPPED}
2023-03-16 20:07:53,389 [Listener at 127.0.0.1/37437] INFO  server.StorageContainerManager (StorageContainerManager.java:stop(1588)) - Stopping SCM LayoutVersionManager Service.
2023-03-16 20:07:53,389 [Listener at 127.0.0.1/37437] INFO  server.StorageContainerManager (StorageContainerManager.java:stop(1596)) - Stopping Block Manager Service.
2023-03-16 20:07:53,389 [Listener at 127.0.0.1/37437] INFO  utils.BackgroundService (BackgroundService.java:shutdown(141)) - Shutting down service SCMBlockDeletingService
2023-03-16 20:07:53,389 [Listener at 127.0.0.1/37437] INFO  utils.BackgroundService (BackgroundService.java:shutdown(141)) - Shutting down service SCMBlockDeletingService
2023-03-16 20:07:53,390 [Listener at 127.0.0.1/37437] INFO  server.StorageContainerManager (StorageContainerManager.java:stop(1618)) - Stopping SCM Event Queue.
2023-03-16 20:07:53,398 [Listener at 127.0.0.1/37437] INFO  server.StorageContainerManager (StorageContainerManager.java:stop(1629)) - Stopping SCM HA services.
2023-03-16 20:07:53,398 [Listener at 127.0.0.1/37437] INFO  pipeline.BackgroundPipelineCreator (BackgroundPipelineCreator.java:stop(149)) - Stopping RatisPipelineUtilsThread.
2023-03-16 20:07:53,398 [RatisPipelineUtilsThread - 0] WARN  pipeline.BackgroundPipelineCreator (BackgroundPipelineCreator.java:run(180)) - RatisPipelineUtilsThread is interrupted.
2023-03-16 20:07:53,398 [Listener at 127.0.0.1/37437] INFO  BackgroundPipelineScrubber (BackgroundSCMService.java:stop(131)) - Stopping BackgroundPipelineScrubber Service.
2023-03-16 20:07:53,398 [BackgroundPipelineScrubberThread] WARN  BackgroundPipelineScrubber (BackgroundSCMService.java:run(115)) - BackgroundPipelineScrubber is interrupted, exit
2023-03-16 20:07:53,398 [Listener at 127.0.0.1/37437] INFO  impl.MetricsSystemImpl (MetricsSystemImpl.java:stop(210)) - Stopping HddsDatanode metrics system...
2023-03-16 20:07:53,406 [prometheus] INFO  impl.MetricsSinkAdapter (MetricsSinkAdapter.java:publishMetricsFromQueue(141)) - prometheus thread interrupted.
2023-03-16 20:07:53,406 [Listener at 127.0.0.1/37437] INFO  impl.MetricsSystemImpl (MetricsSystemImpl.java:stop(216)) - HddsDatanode metrics system stopped.
2023-03-16 20:07:53,406 [Listener at 127.0.0.1/37437] WARN  pipeline.BackgroundPipelineCreator (BackgroundPipelineCreator.java:stop(145)) - RatisPipelineUtilsThread is not running, just ignore.
2023-03-16 20:07:53,406 [Listener at 127.0.0.1/37437] INFO  BackgroundPipelineScrubber (BackgroundSCMService.java:stop(126)) - BackgroundPipelineScrubber Service is not running, skip stop.
2023-03-16 20:07:53,406 [ExpiredContainerReplicaOpScrubberThread] WARN  ExpiredContainerReplicaOpScrubber (BackgroundSCMService.java:run(115)) - ExpiredContainerReplicaOpScrubber is interrupted, exit
2023-03-16 20:07:53,407 [Listener at 127.0.0.1/37437] INFO  ExpiredContainerReplicaOpScrubber (BackgroundSCMService.java:stop(131)) - Stopping ExpiredContainerReplicaOpScrubber Service.
2023-03-16 20:07:53,407 [Listener at 127.0.0.1/37437] INFO  utils.BackgroundService (BackgroundService.java:shutdown(141)) - Shutting down service SCMBlockDeletingService
2023-03-16 20:07:53,407 [Listener at 127.0.0.1/37437] INFO  replication.ReplicationManager (ReplicationManager.java:stop(314)) - Replication Monitor Thread is not running.
2023-03-16 20:07:53,407 [Listener at 127.0.0.1/37437] WARN  balancer.ContainerBalancer (ContainerBalancer.java:stop(322)) - Cannot stop Container Balancer because it's not running or stopping
2023-03-16 20:07:53,407 [Listener at 127.0.0.1/37437] INFO  server.StorageContainerManager (StorageContainerManager.java:stop(1647)) - Stopping SCM MetadataStore.
2023-03-16 20:07:53,494 [Listener at 127.0.0.1/37437] WARN  server.ServerUtils (ServerUtils.java:getScmDbDir(148)) - ozone.scm.db.dirs is not configured. We recommend adding this setting. Falling back to ozone.metadata.dirs instead.
2023-03-16 20:07:53,497 [Listener at 127.0.0.1/37437] WARN  server.ServerUtils (ServerUtils.java:getScmDbDir(148)) - ozone.scm.db.dirs is not configured. We recommend adding this setting. Falling back to ozone.metadata.dirs instead.
2023-03-16 20:07:53,498 [Listener at 127.0.0.1/37437] INFO  ha.SCMHANodeDetails (SCMHANodeDetails.java:loadSCMHAConfig(209)) - ServiceID for StorageContainerManager is null
2023-03-16 20:07:53,498 [Listener at 127.0.0.1/37437] INFO  ha.SCMHANodeDetails (SCMHANodeDetails.java:loadSCMHAConfig(214)) - ozone.scm.default.service.id is not defined, falling back to ozone.scm.service.ids to find serviceID for StorageContainerManager if it is HA enabled cluster
2023-03-16 20:07:53,499 [Listener at 127.0.0.1/37437] WARN  utils.HAUtils (HAUtils.java:getMetaDir(342)) - ozone.scm.db.dirs is not configured. We recommend adding this setting. Falling back to ozone.metadata.dirs instead.
2023-03-16 20:07:53,499 [Listener at 127.0.0.1/37437] WARN  db.DBStoreBuilder (DBStoreBuilder.java:applyDBDefinition(172)) - ozone.scm.db.dirs is not configured. We recommend adding this setting. Falling back to ozone.metadata.dirs instead.
2023-03-16 20:07:53,656 [Listener at 127.0.0.1/37437] INFO  net.NodeSchemaLoader (NodeSchemaLoader.java:loadSchemaFromFile(129)) - Loading schema from [jar:file:/home/runner/.m2/repository/org/apache/ozone/hdds-common/1.4.0-SNAPSHOT/hdds-common-1.4.0-SNAPSHOT.jar!/network-topology-default.xml]
2023-03-16 20:07:53,657 [Listener at 127.0.0.1/37437] INFO  net.NodeSchemaLoader (NodeSchemaLoader.java:loadSchema(176)) - Loading network topology layer schema file
2023-03-16 20:07:53,660 [Listener at 127.0.0.1/37437] INFO  upgrade.AbstractLayoutVersionManager (AbstractLayoutVersionManager.java:init(83)) - Initializing Layout version manager with metadata layout = DATANODE_SCHEMA_V3 (version = 4), software layout = DATANODE_SCHEMA_V3 (version = 4)
2023-03-16 20:07:53,715 [Listener at 127.0.0.1/37437] INFO  reflections.Reflections (Reflections.java:scan(232)) - Reflections took 54 ms to scan 7 urls, producing 155 keys and 368 values 
2023-03-16 20:07:53,719 [Listener at 127.0.0.1/37437] INFO  ha.SequenceIdGenerator (SequenceIdGenerator.java:upgradeToSequenceId(349)) - upgrade localId to 111677748019200000
2023-03-16 20:07:53,719 [Listener at 127.0.0.1/37437] INFO  ha.SequenceIdGenerator (SequenceIdGenerator.java:upgradeToSequenceId(359)) - upgrade delTxnId to 0
2023-03-16 20:07:53,719 [Listener at 127.0.0.1/37437] INFO  ha.SequenceIdGenerator (SequenceIdGenerator.java:upgradeToSequenceId(376)) - upgrade containerId to 0
2023-03-16 20:07:53,719 [Listener at 127.0.0.1/37437] INFO  ha.SequenceIdGenerator (SequenceIdGenerator.java:<init>(220)) - Init the HA SequenceIdGenerator.
2023-03-16 20:07:53,720 [Listener at 127.0.0.1/37437] WARN  server.ServerUtils (ServerUtils.java:sanitizeUserArgs(73)) - ozone.scm.stale.node.interval value = 300000 is larger than max = 100000 based on the key value of ozone.scm.heartbeat.thread.interval, reset to the max value 100000.
2023-03-16 20:07:53,720 [Listener at 127.0.0.1/37437] WARN  server.ServerUtils (ServerUtils.java:sanitizeUserArgs(73)) - ozone.scm.stale.node.interval value = 300000 is larger than max = 100000 based on the key value of ozone.scm.heartbeat.thread.interval, reset to the max value 100000.
2023-03-16 20:07:53,721 [Listener at 127.0.0.1/37437] INFO  node.SCMNodeManager (SCMNodeManager.java:<init>(156)) - Entering startup safe mode.
2023-03-16 20:07:53,722 [Listener at 127.0.0.1/37437] INFO  algorithms.ContainerPlacementPolicyFactory (ContainerPlacementPolicyFactory.java:getPolicyInternal(86)) - Create container placement policy of type org.apache.hadoop.hdds.scm.container.placement.algorithms.SCMContainerPlacementRandom
2023-03-16 20:07:53,722 [Listener at 127.0.0.1/37437] INFO  algorithms.ContainerPlacementPolicyFactory (ContainerPlacementPolicyFactory.java:getPolicyInternal(86)) - Create container placement policy of type org.apache.hadoop.hdds.scm.container.placement.algorithms.SCMContainerPlacementRackScatter
2023-03-16 20:07:53,722 [Listener at 127.0.0.1/37437] INFO  pipeline.PipelineStateManagerImpl (PipelineStateManagerImpl.java:initialize(78)) - No pipeline exists in current db
2023-03-16 20:07:53,722 [Listener at 127.0.0.1/37437] INFO  algorithms.LeaderChoosePolicyFactory (LeaderChoosePolicyFactory.java:getPolicy(57)) - Create leader choose policy of type org.apache.hadoop.hdds.scm.pipeline.leader.choose.algorithms.MinLeaderCountChoosePolicy
2023-03-16 20:07:53,723 [Listener at 127.0.0.1/37437] INFO  algorithms.ContainerPlacementPolicyFactory (ContainerPlacementPolicyFactory.java:getPolicyInternal(86)) - Create container placement policy of type org.apache.hadoop.hdds.scm.container.placement.algorithms.SCMContainerPlacementRackScatter
2023-03-16 20:07:53,723 [Listener at 127.0.0.1/37437] INFO  ha.SCMServiceManager (SCMServiceManager.java:register(42)) - Registering service BackgroundPipelineCreator.
2023-03-16 20:07:53,723 [Listener at 127.0.0.1/37437] INFO  pipeline.BackgroundPipelineCreator (BackgroundPipelineCreator.java:start(124)) - Starting RatisPipelineUtilsThread.
2023-03-16 20:07:53,725 [Listener at 127.0.0.1/37437] INFO  BackgroundPipelineScrubber (BackgroundSCMService.java:start(68)) - Starting BackgroundPipelineScrubber Service.
2023-03-16 20:07:53,725 [Listener at 127.0.0.1/37437] INFO  ha.SCMServiceManager (SCMServiceManager.java:register(42)) - Registering service BackgroundPipelineScrubber.
2023-03-16 20:07:53,725 [Listener at 127.0.0.1/37437] INFO  ExpiredContainerReplicaOpScrubber (BackgroundSCMService.java:start(68)) - Starting ExpiredContainerReplicaOpScrubber Service.
2023-03-16 20:07:53,726 [Listener at 127.0.0.1/37437] INFO  ha.SCMServiceManager (SCMServiceManager.java:register(42)) - Registering service ExpiredContainerReplicaOpScrubber.
2023-03-16 20:07:53,727 [Listener at 127.0.0.1/37437] INFO  algorithms.PipelineChoosePolicyFactory (PipelineChoosePolicyFactory.java:createPipelineChoosePolicyFromClass(73)) - Create pipeline choose policy of type org.apache.hadoop.hdds.scm.pipeline.choose.algorithms.RandomPipelineChoosePolicy
2023-03-16 20:07:53,728 [Listener at 127.0.0.1/37437] INFO  ha.SCMServiceManager (SCMServiceManager.java:register(42)) - Registering service SCMBlockDeletingService.
2023-03-16 20:07:53,728 [Listener at 127.0.0.1/37437] INFO  replication.ReplicationManager (ReplicationManager.java:start(271)) - Starting Replication Monitor Thread.
2023-03-16 20:07:53,729 [Listener at 127.0.0.1/37437] INFO  ha.SCMServiceManager (SCMServiceManager.java:register(42)) - Registering service ReplicationManager.
2023-03-16 20:07:53,730 [Listener at 127.0.0.1/37437] INFO  safemode.ContainerSafeModeRule (ContainerSafeModeRule.java:<init>(89)) - containers with one replica threshold count 0
2023-03-16 20:07:53,730 [Listener at 127.0.0.1/37437] INFO  safemode.HealthyPipelineSafeModeRule (HealthyPipelineSafeModeRule.java:initializeRule(169)) - Total pipeline count is 0, healthy pipeline threshold count is 1
2023-03-16 20:07:53,730 [Listener at 127.0.0.1/37437] INFO  safemode.OneReplicaPipelineSafeModeRule (OneReplicaPipelineSafeModeRule.java:initializeRule(180)) - Total pipeline count is 0, pipeline's with at least one datanode reported threshold count is 0
2023-03-16 20:07:53,732 [Listener at 127.0.0.1/37437] INFO  server.StorageContainerManager (StorageContainerManager.java:<init>(395)) - SCM start with adminUsers: [runner]
2023-03-16 20:07:53,732 [Listener at 127.0.0.1/37437] INFO  ipc.CallQueueManager (CallQueueManager.java:<init>(90)) - Using callQueue: class java.util.concurrent.LinkedBlockingQueue, queueCapacity: 2000, scheduler: class org.apache.hadoop.ipc.DefaultRpcScheduler, ipcBackoff: false.
2023-03-16 20:07:53,733 [Socket Reader #1 for port 0] INFO  ipc.Server (Server.java:run(1273)) - Starting Socket Reader #1 for port 0
2023-03-16 20:07:53,734 [Listener at 0.0.0.0/43355] INFO  ipc.CallQueueManager (CallQueueManager.java:<init>(90)) - Using callQueue: class java.util.concurrent.LinkedBlockingQueue, queueCapacity: 2000, scheduler: class org.apache.hadoop.ipc.DefaultRpcScheduler, ipcBackoff: false.
2023-03-16 20:07:53,734 [Socket Reader #1 for port 0] INFO  ipc.Server (Server.java:run(1273)) - Starting Socket Reader #1 for port 0
2023-03-16 20:07:53,735 [Listener at 0.0.0.0/40921] INFO  ipc.CallQueueManager (CallQueueManager.java:<init>(90)) - Using callQueue: class java.util.concurrent.LinkedBlockingQueue, queueCapacity: 2000, scheduler: class org.apache.hadoop.ipc.DefaultRpcScheduler, ipcBackoff: false.
2023-03-16 20:07:53,736 [Socket Reader #1 for port 0] INFO  ipc.Server (Server.java:run(1273)) - Starting Socket Reader #1 for port 0
2023-03-16 20:07:53,741 [Listener at 0.0.0.0/33745] INFO  ha.SCMServiceManager (SCMServiceManager.java:register(42)) - Registering service ContainerBalancer.
2023-03-16 20:07:53,741 [Listener at 0.0.0.0/33745] INFO  server.StorageContainerManager (StorageContainerManager.java:<init>(412)) - 
Container Balancer status:
Key                            Value
Running                        true
Container Balancer Configuration values:
Key                                                Value
Threshold                                          10
Max Datanodes to Involve per Iteration(percent)    20
Max Size to Move per Iteration                     500GB
Max Size Entering Target per Iteration             26GB
Max Size Leaving Source per Iteration              26GB

2023-03-16 20:07:53,741 [Listener at 0.0.0.0/33745] INFO  ha.SCMContext (SCMContext.java:updateSafeModeStatus(228)) - Update SafeModeStatus from SafeModeStatus{safeModeStatus=true, preCheckPassed=false} to SafeModeStatus{safeModeStatus=true, preCheckPassed=false}.
2023-03-16 20:07:53,742 [Listener at 0.0.0.0/33745] INFO  server.StorageContainerManager (StorageContainerManager.java:start(1442)) - StorageContainerLocationProtocol RPC server is listening at /0.0.0.0:33745
2023-03-16 20:07:53,747 [ReplicationMonitor] INFO  replication.ReplicationManager (ReplicationManager.java:processAll(346)) - Replication Manager is not ready to run until 3000ms after safemode exit
2023-03-16 20:07:53,748 [Listener at 0.0.0.0/33745] WARN  impl.MetricsConfig (MetricsConfig.java:loadFirst(136)) - Cannot locate configuration: tried hadoop-metrics2-storagecontainermanager.properties,hadoop-metrics2.properties
2023-03-16 20:07:53,748 [Listener at 0.0.0.0/33745] INFO  impl.MetricsSystemImpl (MetricsSystemImpl.java:startTimer(378)) - Scheduled Metric snapshot period at 10 second(s).
2023-03-16 20:07:53,748 [Listener at 0.0.0.0/33745] INFO  impl.MetricsSystemImpl (MetricsSystemImpl.java:start(191)) - StorageContainerManager metrics system started
2023-03-16 20:07:53,755 [Listener at 0.0.0.0/33745] INFO  impl.MetricsSinkAdapter (MetricsSinkAdapter.java:start(204)) - Sink prometheus started
2023-03-16 20:07:53,755 [Listener at 0.0.0.0/33745] INFO  impl.MetricsSystemImpl (MetricsSystemImpl.java:registerSink(305)) - Registered sink prometheus
2023-03-16 20:07:53,779 [Listener at 0.0.0.0/33745] INFO  server.SCMClientProtocolServer (SCMClientProtocolServer.java:start(194)) - RPC server for Client  is listening at /0.0.0.0:33745
2023-03-16 20:07:53,779 [IPC Server Responder] INFO  ipc.Server (Server.java:run(1512)) - IPC Server Responder: starting
2023-03-16 20:07:53,780 [IPC Server listener on 0] INFO  ipc.Server (Server.java:run(1352)) - IPC Server listener on 0: starting
2023-03-16 20:07:53,784 [Listener at 0.0.0.0/33745] INFO  server.StorageContainerManager (StorageContainerManager.java:start(1456)) - ScmBlockLocationProtocol RPC server is listening at /0.0.0.0:40921
2023-03-16 20:07:53,785 [Listener at 0.0.0.0/33745] INFO  server.SCMBlockProtocolServer (SCMBlockProtocolServer.java:start(152)) - RPC server for Block Protocol is listening at /0.0.0.0:40921
2023-03-16 20:07:53,785 [IPC Server Responder] INFO  ipc.Server (Server.java:run(1512)) - IPC Server Responder: starting
2023-03-16 20:07:53,785 [IPC Server listener on 0] INFO  ipc.Server (Server.java:run(1352)) - IPC Server listener on 0: starting
2023-03-16 20:07:53,788 [Listener at 0.0.0.0/33745] INFO  server.SCMDatanodeProtocolServer (SCMDatanodeProtocolServer.java:start(193)) - ScmDatanodeProtocol RPC server for DataNodes is listening at /0.0.0.0:43355
2023-03-16 20:07:53,788 [IPC Server Responder] INFO  ipc.Server (Server.java:run(1512)) - IPC Server Responder: starting
2023-03-16 20:07:53,789 [IPC Server listener on 0] INFO  ipc.Server (Server.java:run(1352)) - IPC Server listener on 0: starting
2023-03-16 20:07:53,791 [org.apache.hadoop.util.JvmPauseMonitor$Monitor@a5eade4] INFO  util.JvmPauseMonitor (JvmPauseMonitor.java:run(188)) - Starting JVM pause monitor
2023-03-16 20:07:53,793 [Listener at 0.0.0.0/33745] INFO  http.BaseHttpServer (BaseHttpServer.java:newHttpServer2BuilderForOzone(224)) - Starting Web-server for scm at: http://0.0.0.0:0
2023-03-16 20:07:53,794 [Listener at 0.0.0.0/33745] INFO  http.BaseHttpServer (BaseHttpServer.java:<init>(111)) - Hadoop Security Enabled: false Ozone Security Enabled: false Ozone HTTP Security Enabled: false 
2023-03-16 20:07:53,795 [Listener at 0.0.0.0/33745] WARN  server.AuthenticationFilter (AuthenticationFilter.java:constructSecretProvider(240)) - Unable to initialize FileSignerSecretProvider, falling back to use random secrets. Reason: Could not read signature secret file: /home/runner/hadoop-http-auth-signature-secret
2023-03-16 20:07:53,797 [Listener at 0.0.0.0/33745] WARN  http.HttpRequestLog (HttpRequestLog.java:getRequestLog(103)) - Jetty request log can only be enabled using Log4j
2023-03-16 20:07:53,798 [Listener at 0.0.0.0/33745] INFO  http.HttpServer2 (HttpServer2.java:addGlobalFilter(1031)) - Added global filter 'safety' (class=org.apache.hadoop.hdds.server.http.HttpServer2$QuotingInputFilter)
2023-03-16 20:07:53,799 [Listener at 0.0.0.0/33745] INFO  http.HttpServer2 (HttpServer2.java:addFilter(1007)) - Added filter static_user_filter (class=org.apache.hadoop.http.lib.StaticUserWebFilter$StaticUserFilter) to context scm
2023-03-16 20:07:53,799 [Listener at 0.0.0.0/33745] INFO  http.HttpServer2 (HttpServer2.java:addFilter(1015)) - Added filter static_user_filter (class=org.apache.hadoop.http.lib.StaticUserWebFilter$StaticUserFilter) to context logs
2023-03-16 20:07:53,799 [Listener at 0.0.0.0/33745] INFO  http.HttpServer2 (HttpServer2.java:addFilter(1015)) - Added filter static_user_filter (class=org.apache.hadoop.http.lib.StaticUserWebFilter$StaticUserFilter) to context static
2023-03-16 20:07:53,800 [Listener at 0.0.0.0/33745] INFO  http.BaseHttpServer (BaseHttpServer.java:<init>(190)) - HTTP server of scm uses base directory /home/runner/work/ozone/ozone/hadoop-ozone/integration-test/target/test-dir/MiniOzoneClusterImpl-8f5ebca4-26a9-4ef6-bfab-4eeb6746d3a8/ozone-meta/webserver
2023-03-16 20:07:53,801 [Listener at 0.0.0.0/33745] INFO  http.HttpServer2 (HttpServer2.java:bindListener(1250)) - Jetty bound to port 34175
2023-03-16 20:07:53,801 [Listener at 0.0.0.0/33745] INFO  server.Server (Server.java:doStart(375)) - jetty-9.4.49.v20220914; built: 2022-09-14T01:07:36.601Z; git: 4231a3b2e4cb8548a412a789936d640a97b1aa0a; jvm 1.8.0_362-b09
2023-03-16 20:07:53,802 [Listener at 0.0.0.0/33745] INFO  server.session (DefaultSessionIdManager.java:doStart(334)) - DefaultSessionIdManager workerName=node0
2023-03-16 20:07:53,802 [Listener at 0.0.0.0/33745] INFO  server.session (DefaultSessionIdManager.java:doStart(339)) - No SessionScavenger set, using defaults
2023-03-16 20:07:53,803 [Listener at 0.0.0.0/33745] INFO  server.session (HouseKeeper.java:startScavenging(132)) - node0 Scavenging every 660000ms
2023-03-16 20:07:53,804 [Listener at 0.0.0.0/33745] INFO  handler.ContextHandler (ContextHandler.java:doStart(921)) - Started o.e.j.s.ServletContextHandler@54271f95{logs,/logs,file:///home/runner/work/ozone/ozone/hadoop-ozone/integration-test/target/log,AVAILABLE}
2023-03-16 20:07:53,804 [Listener at 0.0.0.0/33745] INFO  handler.ContextHandler (ContextHandler.java:doStart(921)) - Started o.e.j.s.ServletContextHandler@111028a4{static,/static,file:///home/runner/work/ozone/ozone/hadoop-ozone/integration-test/target/test-classes/webapps/static,AVAILABLE}
2023-03-16 20:07:53,808 [Listener at 0.0.0.0/33745] INFO  handler.ContextHandler (ContextHandler.java:doStart(921)) - Started o.e.j.w.WebAppContext@75409181{scm,/,file:///home/runner/work/ozone/ozone/hadoop-ozone/integration-test/target/test-classes/webapps/scm/,AVAILABLE}{file:/home/runner/work/ozone/ozone/hadoop-ozone/integration-test/target/test-classes/webapps/scm}
2023-03-16 20:07:53,813 [Listener at 0.0.0.0/33745] INFO  server.AbstractConnector (AbstractConnector.java:doStart(333)) - Started ServerConnector@305e7ccb{HTTP/1.1, (http/1.1)}{0.0.0.0:34175}
2023-03-16 20:07:53,813 [Listener at 0.0.0.0/33745] INFO  server.Server (Server.java:doStart(415)) - Started @251285ms
2023-03-16 20:07:53,813 [Listener at 0.0.0.0/33745] WARN  impl.MetricsSystemImpl (MetricsSystemImpl.java:register(279)) - Sink prometheus already exists!
2023-03-16 20:07:53,814 [Listener at 0.0.0.0/33745] INFO  http.BaseHttpServer (BaseHttpServer.java:updateConnectorAddress(344)) - HTTP server of scm listening at http://0.0.0.0:34175
2023-03-16 20:07:53,814 [Listener at 0.0.0.0/33745] WARN  server.ServerUtils (ServerUtils.java:getDBPath(225)) - ozone.om.db.dirs is not configured. We recommend adding this setting. Falling back to ozone.metadata.dirs instead.
2023-03-16 20:07:53,816 [Listener at 0.0.0.0/33745] INFO  ha.OMHANodeDetails (OMHANodeDetails.java:loadOMHAConfig(115)) - ozone.om.internal.service.id is not defined, falling back to ozone.om.service.ids to find serviceID for OzoneManager if it is HA enabled cluster
2023-03-16 20:07:53,817 [Listener at 0.0.0.0/33745] INFO  ha.OMHANodeDetails (OMHANodeDetails.java:loadOMHAConfig(226)) - Configuration does not have ozone.om.address set. Falling back to the default OM address /127.0.0.1:0
2023-03-16 20:07:53,817 [Listener at 0.0.0.0/33745] INFO  ha.OMHANodeDetails (OMHANodeDetails.java:getOMNodeDetailsForNonHA(254)) - OM Service ID is not set. Setting it to the default ID: omServiceIdDefault
2023-03-16 20:07:53,817 [Listener at 0.0.0.0/33745] INFO  ha.OMHANodeDetails (OMHANodeDetails.java:getOMNodeDetailsForNonHA(261)) - OM Node ID is not set. Setting it to the default ID: om1
2023-03-16 20:07:53,818 [Listener at 0.0.0.0/33745] WARN  server.ServerUtils (ServerUtils.java:getDBPath(225)) - ozone.om.db.dirs is not configured. We recommend adding this setting. Falling back to ozone.metadata.dirs instead.
2023-03-16 20:07:53,819 [Listener at 0.0.0.0/33745] INFO  upgrade.AbstractLayoutVersionManager (AbstractLayoutVersionManager.java:init(83)) - Initializing Layout version manager with metadata layout = MULTITENANCY_SCHEMA (version = 3), software layout = MULTITENANCY_SCHEMA (version = 3)
2023-03-16 20:07:53,897 [Listener at 0.0.0.0/33745] INFO  reflections.Reflections (Reflections.java:scan(232)) - Reflections took 77 ms to scan 2 urls, producing 167 keys and 463 values [using 2 cores]
2023-03-16 20:07:53,897 [Listener at 0.0.0.0/33745] INFO  upgrade.OMLayoutVersionManager (OMLayoutVersionManager.java:lambda$0(115)) - Skipping Upgrade Action MockOmUpgradeAction since it has been finalized.
2023-03-16 20:07:53,898 [Listener at 0.0.0.0/33745] WARN  server.ServerUtils (ServerUtils.java:getDBPath(225)) - ozone.om.db.dirs is not configured. We recommend adding this setting. Falling back to ozone.metadata.dirs instead.
2023-03-16 20:07:53,898 [Listener at 0.0.0.0/33745] INFO  proxy.SCMBlockLocationFailoverProxyProvider (SCMBlockLocationFailoverProxyProvider.java:<init>(114)) - Created block location fail-over proxy with 1 nodes: [nodeId=scmNodeId,nodeAddress=/0.0.0.0:40921]
2023-03-16 20:07:53,902 [Listener at 0.0.0.0/33745] INFO  proxy.SCMBlockLocationFailoverProxyProvider (SCMBlockLocationFailoverProxyProvider.java:<init>(114)) - Created block location fail-over proxy with 1 nodes: [nodeId=scmNodeId,nodeAddress=/0.0.0.0:40921]
2023-03-16 20:07:53,918 [Listener at 0.0.0.0/33745] INFO  om.OzoneManager (OzoneManager.java:<init>(620)) - OM start with adminUsers: [runner]
2023-03-16 20:07:53,919 [Listener at 0.0.0.0/33745] WARN  server.ServerUtils (ServerUtils.java:getDBPath(225)) - ozone.om.db.dirs is not configured. We recommend adding this setting. Falling back to ozone.metadata.dirs instead.
2023-03-16 20:07:53,919 [Listener at 0.0.0.0/33745] INFO  codec.OmKeyInfoCodec (OmKeyInfoCodec.java:<init>(49)) - OmKeyInfoCodec ignorePipeline = true
2023-03-16 20:07:53,919 [Listener at 0.0.0.0/33745] INFO  codec.RepeatedOmKeyInfoCodec (RepeatedOmKeyInfoCodec.java:<init>(41)) - RepeatedOmKeyInfoCodec ignorePipeline = true
2023-03-16 20:07:54,213 [Listener at 0.0.0.0/33745] INFO  om.OzoneManager (OzoneManager.java:instantiateServices(750)) - S3 Multi-Tenancy is disabled
2023-03-16 20:07:54,214 [Listener at 0.0.0.0/33745] WARN  server.ServerUtils (ServerUtils.java:getDBPath(225)) - ozone.om.snapshot.diff.db.dir is not configured. We recommend adding this setting. Falling back to ozone.metadata.dirs instead.
2023-03-16 20:07:54,245 [Listener at 0.0.0.0/33745] INFO  om.OzoneManager (OzoneManager.java:addS3GVolumeToDB(4228)) - Created Volume s3v With Owner runner required for S3Gateway operations.
2023-03-16 20:07:54,245 [Listener at 0.0.0.0/33745] INFO  om.OzoneManager (OzoneManager.java:getRpcServer(1134)) - Creating RPC Server
2023-03-16 20:07:54,492 [Finalizer] WARN  managed.ManagedRocksObjectUtils (ManagedRocksObjectUtils.java:assertClosed(54)) - ManagedColumnFamilyOptions is not closed properly
2023-03-16 20:07:54,492 [Finalizer] WARN  managed.ManagedRocksObjectUtils (ManagedRocksObjectUtils.java:assertClosed(54)) - RocksIterator is not closed properly
2023-03-16 20:07:54,772 [Listener at 0.0.0.0/33745] INFO  reflections.Reflections (Reflections.java:scan(232)) - Reflections took 516 ms to scan 19 urls, producing 68 keys and 4949 values [using 2 cores]
2023-03-16 20:07:54,775 [Listener at 0.0.0.0/33745] INFO  ipc.CallQueueManager (CallQueueManager.java:<init>(90)) - Using callQueue: class java.util.concurrent.LinkedBlockingQueue, queueCapacity: 2000, scheduler: class org.apache.hadoop.ipc.DefaultRpcScheduler, ipcBackoff: false.
2023-03-16 20:07:54,776 [Socket Reader #1 for port 0] INFO  ipc.Server (Server.java:run(1273)) - Starting Socket Reader #1 for port 0
2023-03-16 20:07:54,798 [Listener at 127.0.0.1/41725] INFO  impl.MetricsSystemImpl (MetricsSystemImpl.java:init(158)) - OzoneManager metrics system started (again)
2023-03-16 20:07:54,811 [Listener at 127.0.0.1/41725] INFO  om.OzoneManager (OzoneManager.java:start(1564)) - OzoneManager RPC server is listening at localhost/127.0.0.1:41725
2023-03-16 20:07:54,811 [Listener at 127.0.0.1/41725] INFO  om.OzoneManager (OzoneManager.java:start(1580)) - Version File has different layout version (3) than OM DB (null). That is expected if this OM has never been finalized to a newer layout version.
2023-03-16 20:07:54,814 [Listener at 127.0.0.1/41725] INFO  http.BaseHttpServer (BaseHttpServer.java:newHttpServer2BuilderForOzone(224)) - Starting Web-server for ozoneManager at: http://0.0.0.0:0
2023-03-16 20:07:54,814 [Listener at 127.0.0.1/41725] INFO  http.BaseHttpServer (BaseHttpServer.java:<init>(111)) - Hadoop Security Enabled: false Ozone Security Enabled: false Ozone HTTP Security Enabled: false 
2023-03-16 20:07:54,816 [Listener at 127.0.0.1/41725] WARN  server.AuthenticationFilter (AuthenticationFilter.java:constructSecretProvider(240)) - Unable to initialize FileSignerSecretProvider, falling back to use random secrets. Reason: Could not read signature secret file: /home/runner/hadoop-http-auth-signature-secret
2023-03-16 20:07:54,816 [Listener at 127.0.0.1/41725] WARN  http.HttpRequestLog (HttpRequestLog.java:getRequestLog(103)) - Jetty request log can only be enabled using Log4j
2023-03-16 20:07:54,818 [Listener at 127.0.0.1/41725] INFO  http.HttpServer2 (HttpServer2.java:addGlobalFilter(1031)) - Added global filter 'safety' (class=org.apache.hadoop.hdds.server.http.HttpServer2$QuotingInputFilter)
2023-03-16 20:07:54,818 [Listener at 127.0.0.1/41725] INFO  http.HttpServer2 (HttpServer2.java:addFilter(1007)) - Added filter static_user_filter (class=org.apache.hadoop.http.lib.StaticUserWebFilter$StaticUserFilter) to context ozoneManager
2023-03-16 20:07:54,818 [Listener at 127.0.0.1/41725] INFO  http.HttpServer2 (HttpServer2.java:addFilter(1015)) - Added filter static_user_filter (class=org.apache.hadoop.http.lib.StaticUserWebFilter$StaticUserFilter) to context static
2023-03-16 20:07:54,819 [Listener at 127.0.0.1/41725] INFO  http.HttpServer2 (HttpServer2.java:addFilter(1015)) - Added filter static_user_filter (class=org.apache.hadoop.http.lib.StaticUserWebFilter$StaticUserFilter) to context logs
2023-03-16 20:07:54,819 [Listener at 127.0.0.1/41725] INFO  http.BaseHttpServer (BaseHttpServer.java:<init>(190)) - HTTP server of ozoneManager uses base directory /home/runner/work/ozone/ozone/hadoop-ozone/integration-test/target/test-dir/MiniOzoneClusterImpl-8f5ebca4-26a9-4ef6-bfab-4eeb6746d3a8/ozone-meta/webserver
2023-03-16 20:07:54,819 [Listener at 127.0.0.1/41725] INFO  http.HttpServer2 (HttpServer2.java:bindListener(1250)) - Jetty bound to port 33769
2023-03-16 20:07:54,820 [Listener at 127.0.0.1/41725] INFO  server.Server (Server.java:doStart(375)) - jetty-9.4.49.v20220914; built: 2022-09-14T01:07:36.601Z; git: 4231a3b2e4cb8548a412a789936d640a97b1aa0a; jvm 1.8.0_362-b09
2023-03-16 20:07:54,832 [Listener at 127.0.0.1/41725] INFO  server.session (DefaultSessionIdManager.java:doStart(334)) - DefaultSessionIdManager workerName=node0
2023-03-16 20:07:54,833 [Listener at 127.0.0.1/41725] INFO  server.session (DefaultSessionIdManager.java:doStart(339)) - No SessionScavenger set, using defaults
2023-03-16 20:07:54,833 [Listener at 127.0.0.1/41725] INFO  server.session (HouseKeeper.java:startScavenging(132)) - node0 Scavenging every 600000ms
2023-03-16 20:07:54,834 [Listener at 127.0.0.1/41725] INFO  handler.ContextHandler (ContextHandler.java:doStart(921)) - Started o.e.j.s.ServletContextHandler@27979cf9{logs,/logs,file:///home/runner/work/ozone/ozone/hadoop-ozone/integration-test/target/log,AVAILABLE}
2023-03-16 20:07:54,834 [Listener at 127.0.0.1/41725] INFO  handler.ContextHandler (ContextHandler.java:doStart(921)) - Started o.e.j.s.ServletContextHandler@13a834d4{static,/static,file:///home/runner/work/ozone/ozone/hadoop-ozone/integration-test/target/test-classes/webapps/static,AVAILABLE}
2023-03-16 20:07:54,838 [Listener at 127.0.0.1/41725] INFO  handler.ContextHandler (ContextHandler.java:doStart(921)) - Started o.e.j.w.WebAppContext@6d456c03{ozoneManager,/,file:///home/runner/work/ozone/ozone/hadoop-ozone/integration-test/target/test-classes/webapps/ozoneManager/,AVAILABLE}{file:/home/runner/work/ozone/ozone/hadoop-ozone/integration-test/target/test-classes/webapps/ozoneManager}
2023-03-16 20:07:54,850 [Listener at 127.0.0.1/41725] INFO  server.AbstractConnector (AbstractConnector.java:doStart(333)) - Started ServerConnector@5fe4c7a8{HTTP/1.1, (http/1.1)}{0.0.0.0:33769}
2023-03-16 20:07:54,850 [Listener at 127.0.0.1/41725] INFO  server.Server (Server.java:doStart(415)) - Started @252322ms
2023-03-16 20:07:54,850 [Listener at 127.0.0.1/41725] WARN  impl.MetricsSystemImpl (MetricsSystemImpl.java:register(279)) - Sink prometheus already exists!
2023-03-16 20:07:54,851 [Listener at 127.0.0.1/41725] INFO  http.BaseHttpServer (BaseHttpServer.java:updateConnectorAddress(344)) - HTTP server of ozoneManager listening at http://0.0.0.0:33769
2023-03-16 20:07:54,852 [IPC Server Responder] INFO  ipc.Server (Server.java:run(1512)) - IPC Server Responder: starting
2023-03-16 20:07:54,852 [IPC Server listener on 0] INFO  ipc.Server (Server.java:run(1352)) - IPC Server listener on 0: starting
2023-03-16 20:07:54,855 [Listener at 127.0.0.1/41725] INFO  om.TrashPolicyOzone (TrashPolicyOzone.java:<init>(277)) - Ozone Manager trash configuration: Deletion interval = 0 minutes, Emptier interval = 0 minutes.
2023-03-16 20:07:54,869 [org.apache.hadoop.util.JvmPauseMonitor$Monitor@5322727e] INFO  util.JvmPauseMonitor (JvmPauseMonitor.java:run(188)) - Starting JVM pause monitor
2023-03-16 20:07:54,883 [Listener at 127.0.0.1/41725] INFO  impl.MetricsSystemImpl (MetricsSystemImpl.java:init(158)) - HddsDatanode metrics system started (again)
2023-03-16 20:07:54,897 [Listener at 127.0.0.1/41725] INFO  ozone.HddsDatanodeService (HddsDatanodeService.java:start(249)) - HddsDatanodeService host:fv-az371-917 ip:10.1.0.41
2023-03-16 20:07:54,927 [Listener at 127.0.0.1/41725] INFO  upgrade.AbstractLayoutVersionManager (AbstractLayoutVersionManager.java:init(83)) - Initializing Layout version manager with metadata layout = DATANODE_SCHEMA_V3 (version = 4), software layout = DATANODE_SCHEMA_V3 (version = 4)
2023-03-16 20:07:54,987 [Listener at 127.0.0.1/41725] INFO  reflections.Reflections (Reflections.java:scan(232)) - Reflections took 59 ms to scan 7 urls, producing 155 keys and 368 values 
2023-03-16 20:07:54,989 [Listener at 127.0.0.1/41725] INFO  statemachine.DatanodeStateMachine (DatanodeStateMachine.java:getEndPointTaskThreadPoolSize(260)) - Datanode State Machine Task Thread Pool size 2
2023-03-16 20:07:54,991 [Listener at 127.0.0.1/41725] INFO  volume.HddsVolume (HddsVolume.java:<init>(130)) - Creating HddsVolume: /home/runner/work/ozone/ozone/hadoop-ozone/integration-test/target/test-dir/MiniOzoneClusterImpl-8f5ebca4-26a9-4ef6-bfab-4eeb6746d3a8/datanode-0/data-0/containers/hdds of storage type : DISK capacity : 9223372036854775807
2023-03-16 20:07:54,991 [Listener at 127.0.0.1/41725] INFO  volume.MutableVolumeSet (MutableVolumeSet.java:initializeVolumeSet(174)) - Added Volume : /home/runner/work/ozone/ozone/hadoop-ozone/integration-test/target/test-dir/MiniOzoneClusterImpl-8f5ebca4-26a9-4ef6-bfab-4eeb6746d3a8/datanode-0/data-0/containers/hdds to VolumeSet
2023-03-16 20:07:54,991 [Listener at 127.0.0.1/41725] INFO  volume.ThrottledAsyncChecker (ThrottledAsyncChecker.java:schedule(141)) - Scheduling a check for /home/runner/work/ozone/ozone/hadoop-ozone/integration-test/target/test-dir/MiniOzoneClusterImpl-8f5ebca4-26a9-4ef6-bfab-4eeb6746d3a8/datanode-0/data-0/containers/hdds
2023-03-16 20:07:54,994 [Listener at 127.0.0.1/41725] INFO  volume.StorageVolumeChecker (StorageVolumeChecker.java:checkAllVolumes(202)) - Scheduled health check for volume /home/runner/work/ozone/ozone/hadoop-ozone/integration-test/target/test-dir/MiniOzoneClusterImpl-8f5ebca4-26a9-4ef6-bfab-4eeb6746d3a8/datanode-0/data-0/containers/hdds
2023-03-16 20:07:55,008 [Listener at 127.0.0.1/41725] INFO  volume.MutableVolumeSet (MutableVolumeSet.java:initializeVolumeSet(174)) - Added Volume : /home/runner/work/ozone/ozone/hadoop-ozone/integration-test/target/test-dir/MiniOzoneClusterImpl-8f5ebca4-26a9-4ef6-bfab-4eeb6746d3a8/datanode-0/data/ratis to VolumeSet
2023-03-16 20:07:55,009 [Listener at 127.0.0.1/41725] INFO  volume.ThrottledAsyncChecker (ThrottledAsyncChecker.java:schedule(141)) - Scheduling a check for /home/runner/work/ozone/ozone/hadoop-ozone/integration-test/target/test-dir/MiniOzoneClusterImpl-8f5ebca4-26a9-4ef6-bfab-4eeb6746d3a8/datanode-0/data/ratis
2023-03-16 20:07:55,009 [Listener at 127.0.0.1/41725] INFO  volume.StorageVolumeChecker (StorageVolumeChecker.java:checkAllVolumes(202)) - Scheduled health check for volume /home/runner/work/ozone/ozone/hadoop-ozone/integration-test/target/test-dir/MiniOzoneClusterImpl-8f5ebca4-26a9-4ef6-bfab-4eeb6746d3a8/datanode-0/data/ratis
2023-03-16 20:07:55,026 [Thread-1470] INFO  ozoneimpl.ContainerReader (ContainerReader.java:readVolume(175)) - Finish verifying containers on volume /home/runner/work/ozone/ozone/hadoop-ozone/integration-test/target/test-dir/MiniOzoneClusterImpl-8f5ebca4-26a9-4ef6-bfab-4eeb6746d3a8/datanode-0/data-0/containers/hdds
2023-03-16 20:07:55,026 [Listener at 127.0.0.1/41725] INFO  ozoneimpl.OzoneContainer (OzoneContainer.java:buildContainerSet(307)) - Build ContainerSet costs 0s
2023-03-16 20:07:55,029 [Listener at 127.0.0.1/41725] INFO  server.RaftServer (ConfUtils.java:logGet(46)) - raft.rpc.type = GRPC (default)
2023-03-16 20:07:55,029 [Listener at 127.0.0.1/41725] INFO  grpc.GrpcConfigKeys (ConfUtils.java:logFallback(53)) - raft.grpc.admin.host = null (fallback to raft.grpc.server.host)
2023-03-16 20:07:55,030 [Listener at 127.0.0.1/41725] INFO  grpc.GrpcConfigKeys (ConfUtils.java:logGet(46)) - raft.grpc.admin.port = 0 (custom)
2023-03-16 20:07:55,030 [Listener at 127.0.0.1/41725] INFO  grpc.GrpcConfigKeys (ConfUtils.java:logFallback(53)) - raft.grpc.client.host = null (fallback to raft.grpc.server.host)
2023-03-16 20:07:55,030 [Listener at 127.0.0.1/41725] INFO  grpc.GrpcConfigKeys (ConfUtils.java:logGet(46)) - raft.grpc.client.port = 0 (custom)
2023-03-16 20:07:55,030 [Listener at 127.0.0.1/41725] INFO  grpc.GrpcConfigKeys (ConfUtils.java:logGet(46)) - raft.grpc.server.host = null (default)
2023-03-16 20:07:55,030 [Listener at 127.0.0.1/41725] INFO  grpc.GrpcConfigKeys (ConfUtils.java:logGet(46)) - raft.grpc.server.port = 0 (default)
2023-03-16 20:07:55,030 [Listener at 127.0.0.1/41725] INFO  server.GrpcService (ConfUtils.java:logGet(46)) - raft.grpc.message.size.max = 32MB (=33554432) (custom)
2023-03-16 20:07:55,031 [Listener at 127.0.0.1/41725] INFO  server.RaftServerConfigKeys (ConfUtils.java:logGet(46)) - raft.server.log.appender.buffer.byte-limit = 33554432 (custom)
2023-03-16 20:07:55,031 [Listener at 127.0.0.1/41725] INFO  server.GrpcService (ConfUtils.java:logGet(46)) - raft.grpc.flow.control.window = 5MB (=5242880) (custom)
2023-03-16 20:07:55,031 [Listener at 127.0.0.1/41725] INFO  server.RaftServerConfigKeys (ConfUtils.java:logGet(46)) - raft.server.rpc.request.timeout = 60s (custom)
2023-03-16 20:07:55,031 [Listener at 127.0.0.1/41725] INFO  grpc.GrpcConfigKeys (ConfUtils.java:logGet(46)) - raft.grpc.server.heartbeat.channel = true (default)
2023-03-16 20:07:55,031 [Listener at 127.0.0.1/41725] INFO  grpc.GrpcConfigKeys (ConfUtils.java:logGet(46)) - raft.grpc.server.async.request.thread.pool.cached = true (default)
2023-03-16 20:07:55,031 [Listener at 127.0.0.1/41725] INFO  grpc.GrpcConfigKeys (ConfUtils.java:logGet(46)) - raft.grpc.server.async.request.thread.pool.size = 32 (default)
2023-03-16 20:07:55,033 [Listener at 127.0.0.1/41725] INFO  impl.DataStreamServerImpl (ConfUtils.java:logGet(46)) - raft.datastream.type = NETTY (custom)
2023-03-16 20:07:55,034 [Listener at 127.0.0.1/41725] INFO  server.RaftServerConfigKeys (ConfUtils.java:logGet(46)) - raft.server.data-stream.async.request.thread.pool.cached = false (default)
2023-03-16 20:07:55,034 [Listener at 127.0.0.1/41725] INFO  server.RaftServerConfigKeys (ConfUtils.java:logGet(46)) - raft.server.data-stream.async.request.thread.pool.size = 20 (custom)
2023-03-16 20:07:55,034 [Listener at 127.0.0.1/41725] INFO  server.RaftServerConfigKeys (ConfUtils.java:logGet(46)) - raft.server.data-stream.async.write.thread.pool.size = 16 (default)
2023-03-16 20:07:55,034 [Listener at 127.0.0.1/41725] INFO  server.RaftServerConfigKeys (ConfUtils.java:logGet(46)) - raft.server.data-stream.client.pool.size = 10 (default)
2023-03-16 20:07:55,034 [Listener at 127.0.0.1/41725] INFO  netty.NettyConfigKeys$DataStream (ConfUtils.java:logGet(46)) - raft.netty.dataStream.server.use-epoll = false (default)
2023-03-16 20:07:55,035 [Listener at 127.0.0.1/41725] INFO  netty.NettyConfigKeys$DataStream (ConfUtils.java:logGet(46)) - raft.netty.dataStream.server.boss-group.size = 0 (default)
2023-03-16 20:07:55,035 [Listener at 127.0.0.1/41725] INFO  netty.NettyConfigKeys$DataStream (ConfUtils.java:logGet(46)) - raft.netty.dataStream.server.worker-group.size = 0 (default)
2023-03-16 20:07:55,035 [Listener at 127.0.0.1/41725] INFO  netty.NettyConfigKeys$DataStream (ConfUtils.java:logGet(46)) - raft.netty.dataStream.server.tls.conf = null (default)
2023-03-16 20:07:55,036 [Listener at 127.0.0.1/41725] INFO  netty.NettyConfigKeys$DataStream (ConfUtils.java:logGet(46)) - raft.netty.dataStream.host = null (default)
2023-03-16 20:07:55,036 [Listener at 127.0.0.1/41725] INFO  netty.NettyConfigKeys$DataStream (ConfUtils.java:logGet(46)) - raft.netty.dataStream.port = 0 (default)
2023-03-16 20:07:55,038 [Listener at 127.0.0.1/41725] INFO  server.RaftServerConfigKeys (ConfUtils.java:logGet(46)) - raft.server.threadpool.proxy.cached = true (default)
2023-03-16 20:07:55,038 [Listener at 127.0.0.1/41725] INFO  server.RaftServerConfigKeys (ConfUtils.java:logGet(46)) - raft.server.threadpool.proxy.size = 0 (default)
2023-03-16 20:07:55,038 [Listener at 127.0.0.1/41725] INFO  server.RaftServerConfigKeys (ConfUtils.java:logGet(46)) - raft.server.rpc.slowness.timeout = 300s (custom)
2023-03-16 20:07:55,038 [a92d4c5c-0e58-445a-9596-01977366270e-NettyServerStreamRpc-bossGroup--thread1] INFO  logging.LoggingHandler (AbstractInternalLogger.java:log(148)) - [id: 0x3b12a7a4] REGISTERED
2023-03-16 20:07:55,039 [Listener at 127.0.0.1/41725] INFO  server.RaftServerConfigKeys (ConfUtils.java:logGet(46)) - raft.server.leaderelection.leader.step-down.wait-time = 10s (default)
2023-03-16 20:07:55,039 [a92d4c5c-0e58-445a-9596-01977366270e-NettyServerStreamRpc-bossGroup--thread1] INFO  logging.LoggingHandler (AbstractInternalLogger.java:log(148)) - [id: 0x3b12a7a4] BIND: 0.0.0.0/0.0.0.0:0
2023-03-16 20:07:55,039 [Listener at 127.0.0.1/41725] INFO  server.RaftServerConfigKeys (ConfUtils.java:logGet(46)) - raft.server.storage.dir = [/home/runner/work/ozone/ozone/hadoop-ozone/integration-test/target/test-dir/MiniOzoneClusterImpl-8f5ebca4-26a9-4ef6-bfab-4eeb6746d3a8/datanode-0/data/ratis] (custom)
2023-03-16 20:07:55,039 [a92d4c5c-0e58-445a-9596-01977366270e-NettyServerStreamRpc-bossGroup--thread1] INFO  logging.LoggingHandler (AbstractInternalLogger.java:log(148)) - [id: 0x3b12a7a4, L:/0:0:0:0:0:0:0:0:40573] ACTIVE
2023-03-16 20:07:55,043 [Listener at 127.0.0.1/41725] INFO  server.XceiverServerGrpc (XceiverServerGrpc.java:<init>(132)) - GrpcServer channel type EpollServerSocketChannel
2023-03-16 20:07:55,049 [Listener at 127.0.0.1/41725] INFO  http.BaseHttpServer (BaseHttpServer.java:newHttpServer2BuilderForOzone(224)) - Starting Web-server for hddsDatanode at: http://0.0.0.0:0
2023-03-16 20:07:55,049 [Listener at 127.0.0.1/41725] INFO  http.BaseHttpServer (BaseHttpServer.java:<init>(111)) - Hadoop Security Enabled: false Ozone Security Enabled: false Ozone HTTP Security Enabled: false 
2023-03-16 20:07:55,050 [Listener at 127.0.0.1/41725] WARN  server.AuthenticationFilter (AuthenticationFilter.java:constructSecretProvider(240)) - Unable to initialize FileSignerSecretProvider, falling back to use random secrets. Reason: Could not read signature secret file: /home/runner/hadoop-http-auth-signature-secret
2023-03-16 20:07:55,053 [Listener at 127.0.0.1/41725] WARN  http.HttpRequestLog (HttpRequestLog.java:getRequestLog(103)) - Jetty request log can only be enabled using Log4j
2023-03-16 20:07:55,056 [Listener at 127.0.0.1/41725] INFO  http.HttpServer2 (HttpServer2.java:addGlobalFilter(1031)) - Added global filter 'safety' (class=org.apache.hadoop.hdds.server.http.HttpServer2$QuotingInputFilter)
2023-03-16 20:07:55,056 [Listener at 127.0.0.1/41725] INFO  http.HttpServer2 (HttpServer2.java:addFilter(1007)) - Added filter static_user_filter (class=org.apache.hadoop.http.lib.StaticUserWebFilter$StaticUserFilter) to context hddsDatanode
2023-03-16 20:07:55,057 [Listener at 127.0.0.1/41725] INFO  http.HttpServer2 (HttpServer2.java:addFilter(1015)) - Added filter static_user_filter (class=org.apache.hadoop.http.lib.StaticUserWebFilter$StaticUserFilter) to context logs
2023-03-16 20:07:55,057 [Listener at 127.0.0.1/41725] INFO  http.HttpServer2 (HttpServer2.java:addFilter(1015)) - Added filter static_user_filter (class=org.apache.hadoop.http.lib.StaticUserWebFilter$StaticUserFilter) to context static
2023-03-16 20:07:55,057 [Listener at 127.0.0.1/41725] INFO  http.BaseHttpServer (BaseHttpServer.java:<init>(190)) - HTTP server of hddsDatanode uses base directory /home/runner/work/ozone/ozone/hadoop-ozone/integration-test/target/test-dir/MiniOzoneClusterImpl-8f5ebca4-26a9-4ef6-bfab-4eeb6746d3a8/datanode-0/meta/webserver
2023-03-16 20:07:55,058 [Listener at 127.0.0.1/41725] INFO  http.HttpServer2 (HttpServer2.java:bindListener(1250)) - Jetty bound to port 42611
2023-03-16 20:07:55,058 [Listener at 127.0.0.1/41725] INFO  server.Server (Server.java:doStart(375)) - jetty-9.4.49.v20220914; built: 2022-09-14T01:07:36.601Z; git: 4231a3b2e4cb8548a412a789936d640a97b1aa0a; jvm 1.8.0_362-b09
2023-03-16 20:07:55,061 [Listener at 127.0.0.1/41725] INFO  server.session (DefaultSessionIdManager.java:doStart(334)) - DefaultSessionIdManager workerName=node0
2023-03-16 20:07:55,061 [Listener at 127.0.0.1/41725] INFO  server.session (DefaultSessionIdManager.java:doStart(339)) - No SessionScavenger set, using defaults
2023-03-16 20:07:55,061 [Listener at 127.0.0.1/41725] INFO  server.session (HouseKeeper.java:startScavenging(132)) - node0 Scavenging every 600000ms
2023-03-16 20:07:55,062 [Listener at 127.0.0.1/41725] INFO  handler.ContextHandler (ContextHandler.java:doStart(921)) - Started o.e.j.s.ServletContextHandler@4113ca53{logs,/logs,file:///home/runner/work/ozone/ozone/hadoop-ozone/integration-test/target/log,AVAILABLE}
2023-03-16 20:07:55,063 [Listener at 127.0.0.1/41725] INFO  handler.ContextHandler (ContextHandler.java:doStart(921)) - Started o.e.j.s.ServletContextHandler@4b1fc0a4{static,/static,jar:file:/home/runner/.m2/repository/org/apache/ozone/hdds-container-service/1.4.0-SNAPSHOT/hdds-container-service-1.4.0-SNAPSHOT.jar!/webapps/static,AVAILABLE}
2023-03-16 20:07:55,336 [Listener at 127.0.0.1/41725] INFO  handler.ContextHandler (ContextHandler.java:doStart(921)) - Started o.e.j.w.WebAppContext@4d1020f6{hddsDatanode,/,file:///home/runner/work/ozone/ozone/hadoop-ozone/integration-test/target/test-dir/MiniOzoneClusterImpl-8f5ebca4-26a9-4ef6-bfab-4eeb6746d3a8/datanode-0/meta/webserver/jetty-0_0_0_0-42611-hdds-container-service-1_4_0-SNAPSHOT_jar-_-any-7332222581652022596/webapp/,AVAILABLE}{jar:file:/home/runner/.m2/repository/org/apache/ozone/hdds-container-service/1.4.0-SNAPSHOT/hdds-container-service-1.4.0-SNAPSHOT.jar!/webapps/hddsDatanode}
2023-03-16 20:07:55,338 [Listener at 127.0.0.1/41725] INFO  server.AbstractConnector (AbstractConnector.java:doStart(333)) - Started ServerConnector@46e42001{HTTP/1.1, (http/1.1)}{0.0.0.0:42611}
2023-03-16 20:07:55,338 [Listener at 127.0.0.1/41725] INFO  server.Server (Server.java:doStart(415)) - Started @252809ms
2023-03-16 20:07:55,338 [Listener at 127.0.0.1/41725] WARN  impl.MetricsSystemImpl (MetricsSystemImpl.java:register(279)) - Sink prometheus already exists!
2023-03-16 20:07:55,339 [Listener at 127.0.0.1/41725] INFO  http.BaseHttpServer (BaseHttpServer.java:updateConnectorAddress(344)) - HTTP server of hddsDatanode listening at http://0.0.0.0:42611
2023-03-16 20:07:55,339 [Datanode State Machine Daemon Thread] INFO  statemachine.DatanodeStateMachine (DatanodeStateMachine.java:lambda$startDaemon$0(517)) - Ozone container server started.
2023-03-16 20:07:55,339 [Listener at 127.0.0.1/41725] WARN  impl.MetricRegistriesImpl (MetricRegistriesImpl.java:addReporterRegistration(111)) - New reporters are added after registries were created. Some metrics will be missing from the reporter. Please add reporter before adding any new registry.
2023-03-16 20:07:55,341 [Listener at 127.0.0.1/41725] WARN  impl.MetricRegistriesImpl (MetricRegistriesImpl.java:addReporterRegistration(111)) - New reporters are added after registries were created. Some metrics will be missing from the reporter. Please add reporter before adding any new registry.
2023-03-16 20:07:55,341 [Listener at 127.0.0.1/41725] INFO  impl.MetricsSystemImpl (MetricsSystemImpl.java:init(158)) - HddsDatanode metrics system started (again)
2023-03-16 20:07:55,356 [Listener at 127.0.0.1/41725] INFO  ozone.HddsDatanodeService (HddsDatanodeService.java:start(249)) - HddsDatanodeService host:fv-az371-917 ip:10.1.0.41
2023-03-16 20:07:55,357 [org.apache.hadoop.util.JvmPauseMonitor$Monitor@5550de39] INFO  util.JvmPauseMonitor (JvmPauseMonitor.java:run(188)) - Starting JVM pause monitor
2023-03-16 20:07:55,362 [Datanode State Machine Task Thread - 0] INFO  datanode.InitDatanodeState (InitDatanodeState.java:persistContainerDatanodeDetails(138)) - DatanodeDetails is persisted to /home/runner/work/ozone/ozone/hadoop-ozone/integration-test/target/test-dir/MiniOzoneClusterImpl-8f5ebca4-26a9-4ef6-bfab-4eeb6746d3a8/datanode-0/meta/datanode.id
2023-03-16 20:07:55,385 [Listener at 127.0.0.1/41725] INFO  upgrade.AbstractLayoutVersionManager (AbstractLayoutVersionManager.java:init(83)) - Initializing Layout version manager with metadata layout = DATANODE_SCHEMA_V3 (version = 4), software layout = DATANODE_SCHEMA_V3 (version = 4)
2023-03-16 20:07:55,444 [Listener at 127.0.0.1/41725] INFO  reflections.Reflections (Reflections.java:scan(232)) - Reflections took 56 ms to scan 7 urls, producing 155 keys and 368 values 
2023-03-16 20:07:55,445 [Listener at 127.0.0.1/41725] INFO  statemachine.DatanodeStateMachine (DatanodeStateMachine.java:getEndPointTaskThreadPoolSize(260)) - Datanode State Machine Task Thread Pool size 2
2023-03-16 20:07:55,447 [Listener at 127.0.0.1/41725] INFO  volume.HddsVolume (HddsVolume.java:<init>(130)) - Creating HddsVolume: /home/runner/work/ozone/ozone/hadoop-ozone/integration-test/target/test-dir/MiniOzoneClusterImpl-8f5ebca4-26a9-4ef6-bfab-4eeb6746d3a8/datanode-1/data-0/containers/hdds of storage type : DISK capacity : 9223372036854775807
2023-03-16 20:07:55,448 [Listener at 127.0.0.1/41725] INFO  volume.MutableVolumeSet (MutableVolumeSet.java:initializeVolumeSet(174)) - Added Volume : /home/runner/work/ozone/ozone/hadoop-ozone/integration-test/target/test-dir/MiniOzoneClusterImpl-8f5ebca4-26a9-4ef6-bfab-4eeb6746d3a8/datanode-1/data-0/containers/hdds to VolumeSet
2023-03-16 20:07:55,448 [Listener at 127.0.0.1/41725] INFO  volume.ThrottledAsyncChecker (ThrottledAsyncChecker.java:schedule(141)) - Scheduling a check for /home/runner/work/ozone/ozone/hadoop-ozone/integration-test/target/test-dir/MiniOzoneClusterImpl-8f5ebca4-26a9-4ef6-bfab-4eeb6746d3a8/datanode-1/data-0/containers/hdds
2023-03-16 20:07:55,448 [Listener at 127.0.0.1/41725] INFO  volume.StorageVolumeChecker (StorageVolumeChecker.java:checkAllVolumes(202)) - Scheduled health check for volume /home/runner/work/ozone/ozone/hadoop-ozone/integration-test/target/test-dir/MiniOzoneClusterImpl-8f5ebca4-26a9-4ef6-bfab-4eeb6746d3a8/datanode-1/data-0/containers/hdds
2023-03-16 20:07:55,464 [Listener at 127.0.0.1/41725] INFO  volume.MutableVolumeSet (MutableVolumeSet.java:initializeVolumeSet(174)) - Added Volume : /home/runner/work/ozone/ozone/hadoop-ozone/integration-test/target/test-dir/MiniOzoneClusterImpl-8f5ebca4-26a9-4ef6-bfab-4eeb6746d3a8/datanode-1/data/ratis to VolumeSet
2023-03-16 20:07:55,465 [Listener at 127.0.0.1/41725] INFO  volume.ThrottledAsyncChecker (ThrottledAsyncChecker.java:schedule(141)) - Scheduling a check for /home/runner/work/ozone/ozone/hadoop-ozone/integration-test/target/test-dir/MiniOzoneClusterImpl-8f5ebca4-26a9-4ef6-bfab-4eeb6746d3a8/datanode-1/data/ratis
2023-03-16 20:07:55,465 [Listener at 127.0.0.1/41725] INFO  volume.StorageVolumeChecker (StorageVolumeChecker.java:checkAllVolumes(202)) - Scheduled health check for volume /home/runner/work/ozone/ozone/hadoop-ozone/integration-test/target/test-dir/MiniOzoneClusterImpl-8f5ebca4-26a9-4ef6-bfab-4eeb6746d3a8/datanode-1/data/ratis
2023-03-16 20:07:55,481 [Thread-1484] INFO  ozoneimpl.ContainerReader (ContainerReader.java:readVolume(175)) - Finish verifying containers on volume /home/runner/work/ozone/ozone/hadoop-ozone/integration-test/target/test-dir/MiniOzoneClusterImpl-8f5ebca4-26a9-4ef6-bfab-4eeb6746d3a8/datanode-1/data-0/containers/hdds
2023-03-16 20:07:55,481 [Listener at 127.0.0.1/41725] INFO  ozoneimpl.OzoneContainer (OzoneContainer.java:buildContainerSet(307)) - Build ContainerSet costs 0s
2023-03-16 20:07:55,483 [Listener at 127.0.0.1/41725] INFO  server.RaftServer (ConfUtils.java:logGet(46)) - raft.rpc.type = GRPC (default)
2023-03-16 20:07:55,484 [Listener at 127.0.0.1/41725] INFO  grpc.GrpcConfigKeys (ConfUtils.java:logFallback(53)) - raft.grpc.admin.host = null (fallback to raft.grpc.server.host)
2023-03-16 20:07:55,484 [Listener at 127.0.0.1/41725] INFO  grpc.GrpcConfigKeys (ConfUtils.java:logGet(46)) - raft.grpc.admin.port = 0 (custom)
2023-03-16 20:07:55,484 [Listener at 127.0.0.1/41725] INFO  grpc.GrpcConfigKeys (ConfUtils.java:logFallback(53)) - raft.grpc.client.host = null (fallback to raft.grpc.server.host)
2023-03-16 20:07:55,484 [Listener at 127.0.0.1/41725] INFO  grpc.GrpcConfigKeys (ConfUtils.java:logGet(46)) - raft.grpc.client.port = 0 (custom)
2023-03-16 20:07:55,484 [Listener at 127.0.0.1/41725] INFO  grpc.GrpcConfigKeys (ConfUtils.java:logGet(46)) - raft.grpc.server.host = null (default)
2023-03-16 20:07:55,485 [Listener at 127.0.0.1/41725] INFO  grpc.GrpcConfigKeys (ConfUtils.java:logGet(46)) - raft.grpc.server.port = 0 (default)
2023-03-16 20:07:55,485 [Listener at 127.0.0.1/41725] INFO  server.GrpcService (ConfUtils.java:logGet(46)) - raft.grpc.message.size.max = 32MB (=33554432) (custom)
2023-03-16 20:07:55,485 [Listener at 127.0.0.1/41725] INFO  server.RaftServerConfigKeys (ConfUtils.java:logGet(46)) - raft.server.log.appender.buffer.byte-limit = 33554432 (custom)
2023-03-16 20:07:55,485 [Listener at 127.0.0.1/41725] INFO  server.GrpcService (ConfUtils.java:logGet(46)) - raft.grpc.flow.control.window = 5MB (=5242880) (custom)
2023-03-16 20:07:55,485 [Listener at 127.0.0.1/41725] INFO  server.RaftServerConfigKeys (ConfUtils.java:logGet(46)) - raft.server.rpc.request.timeout = 60s (custom)
2023-03-16 20:07:55,485 [Listener at 127.0.0.1/41725] INFO  grpc.GrpcConfigKeys (ConfUtils.java:logGet(46)) - raft.grpc.server.heartbeat.channel = true (default)
2023-03-16 20:07:55,486 [Listener at 127.0.0.1/41725] INFO  grpc.GrpcConfigKeys (ConfUtils.java:logGet(46)) - raft.grpc.server.async.request.thread.pool.cached = true (default)
2023-03-16 20:07:55,486 [Listener at 127.0.0.1/41725] INFO  grpc.GrpcConfigKeys (ConfUtils.java:logGet(46)) - raft.grpc.server.async.request.thread.pool.size = 32 (default)
2023-03-16 20:07:55,487 [Listener at 127.0.0.1/41725] INFO  impl.DataStreamServerImpl (ConfUtils.java:logGet(46)) - raft.datastream.type = NETTY (custom)
2023-03-16 20:07:55,487 [Listener at 127.0.0.1/41725] INFO  server.RaftServerConfigKeys (ConfUtils.java:logGet(46)) - raft.server.data-stream.async.request.thread.pool.cached = false (default)
2023-03-16 20:07:55,488 [Listener at 127.0.0.1/41725] INFO  server.RaftServerConfigKeys (ConfUtils.java:logGet(46)) - raft.server.data-stream.async.request.thread.pool.size = 20 (custom)
2023-03-16 20:07:55,488 [Listener at 127.0.0.1/41725] INFO  server.RaftServerConfigKeys (ConfUtils.java:logGet(46)) - raft.server.data-stream.async.write.thread.pool.size = 16 (default)
2023-03-16 20:07:55,488 [Listener at 127.0.0.1/41725] INFO  server.RaftServerConfigKeys (ConfUtils.java:logGet(46)) - raft.server.data-stream.client.pool.size = 10 (default)
2023-03-16 20:07:55,488 [Listener at 127.0.0.1/41725] INFO  netty.NettyConfigKeys$DataStream (ConfUtils.java:logGet(46)) - raft.netty.dataStream.server.use-epoll = false (default)
2023-03-16 20:07:55,488 [Listener at 127.0.0.1/41725] INFO  netty.NettyConfigKeys$DataStream (ConfUtils.java:logGet(46)) - raft.netty.dataStream.server.boss-group.size = 0 (default)
2023-03-16 20:07:55,489 [Listener at 127.0.0.1/41725] INFO  netty.NettyConfigKeys$DataStream (ConfUtils.java:logGet(46)) - raft.netty.dataStream.server.worker-group.size = 0 (default)
2023-03-16 20:07:55,489 [Listener at 127.0.0.1/41725] INFO  netty.NettyConfigKeys$DataStream (ConfUtils.java:logGet(46)) - raft.netty.dataStream.server.tls.conf = null (default)
2023-03-16 20:07:55,489 [Listener at 127.0.0.1/41725] INFO  netty.NettyConfigKeys$DataStream (ConfUtils.java:logGet(46)) - raft.netty.dataStream.host = null (default)
2023-03-16 20:07:55,489 [Listener at 127.0.0.1/41725] INFO  netty.NettyConfigKeys$DataStream (ConfUtils.java:logGet(46)) - raft.netty.dataStream.port = 0 (default)
2023-03-16 20:07:55,490 [Listener at 127.0.0.1/41725] INFO  server.RaftServerConfigKeys (ConfUtils.java:logGet(46)) - raft.server.threadpool.proxy.cached = true (default)
2023-03-16 20:07:55,490 [Listener at 127.0.0.1/41725] INFO  server.RaftServerConfigKeys (ConfUtils.java:logGet(46)) - raft.server.threadpool.proxy.size = 0 (default)
2023-03-16 20:07:55,490 [317f44fb-1afb-4ae0-a6b8-d51e7e741648-NettyServerStreamRpc-bossGroup--thread1] INFO  logging.LoggingHandler (AbstractInternalLogger.java:log(148)) - [id: 0x621c7082] REGISTERED
2023-03-16 20:07:55,490 [Listener at 127.0.0.1/41725] INFO  server.RaftServerConfigKeys (ConfUtils.java:logGet(46)) - raft.server.rpc.slowness.timeout = 300s (custom)
2023-03-16 20:07:55,490 [Listener at 127.0.0.1/41725] INFO  server.RaftServerConfigKeys (ConfUtils.java:logGet(46)) - raft.server.leaderelection.leader.step-down.wait-time = 10s (default)
2023-03-16 20:07:55,490 [317f44fb-1afb-4ae0-a6b8-d51e7e741648-NettyServerStreamRpc-bossGroup--thread1] INFO  logging.LoggingHandler (AbstractInternalLogger.java:log(148)) - [id: 0x621c7082] BIND: 0.0.0.0/0.0.0.0:0
2023-03-16 20:07:55,491 [Listener at 127.0.0.1/41725] INFO  server.RaftServerConfigKeys (ConfUtils.java:logGet(46)) - raft.server.storage.dir = [/home/runner/work/ozone/ozone/hadoop-ozone/integration-test/target/test-dir/MiniOzoneClusterImpl-8f5ebca4-26a9-4ef6-bfab-4eeb6746d3a8/datanode-1/data/ratis] (custom)
2023-03-16 20:07:55,491 [317f44fb-1afb-4ae0-a6b8-d51e7e741648-NettyServerStreamRpc-bossGroup--thread1] INFO  logging.LoggingHandler (AbstractInternalLogger.java:log(148)) - [id: 0x621c7082, L:/0:0:0:0:0:0:0:0:33917] ACTIVE
2023-03-16 20:07:55,493 [Listener at 127.0.0.1/41725] INFO  server.XceiverServerGrpc (XceiverServerGrpc.java:<init>(132)) - GrpcServer channel type EpollServerSocketChannel
2023-03-16 20:07:55,496 [Listener at 127.0.0.1/41725] INFO  http.BaseHttpServer (BaseHttpServer.java:newHttpServer2BuilderForOzone(224)) - Starting Web-server for hddsDatanode at: http://0.0.0.0:0
2023-03-16 20:07:55,496 [Listener at 127.0.0.1/41725] INFO  http.BaseHttpServer (BaseHttpServer.java:<init>(111)) - Hadoop Security Enabled: false Ozone Security Enabled: false Ozone HTTP Security Enabled: false 
2023-03-16 20:07:55,497 [Listener at 127.0.0.1/41725] WARN  server.AuthenticationFilter (AuthenticationFilter.java:constructSecretProvider(240)) - Unable to initialize FileSignerSecretProvider, falling back to use random secrets. Reason: Could not read signature secret file: /home/runner/hadoop-http-auth-signature-secret
2023-03-16 20:07:55,498 [Listener at 127.0.0.1/41725] WARN  http.HttpRequestLog (HttpRequestLog.java:getRequestLog(103)) - Jetty request log can only be enabled using Log4j
2023-03-16 20:07:55,499 [Listener at 127.0.0.1/41725] INFO  http.HttpServer2 (HttpServer2.java:addGlobalFilter(1031)) - Added global filter 'safety' (class=org.apache.hadoop.hdds.server.http.HttpServer2$QuotingInputFilter)
2023-03-16 20:07:55,500 [Listener at 127.0.0.1/41725] INFO  http.HttpServer2 (HttpServer2.java:addFilter(1007)) - Added filter static_user_filter (class=org.apache.hadoop.http.lib.StaticUserWebFilter$StaticUserFilter) to context hddsDatanode
2023-03-16 20:07:55,500 [Listener at 127.0.0.1/41725] INFO  http.HttpServer2 (HttpServer2.java:addFilter(1015)) - Added filter static_user_filter (class=org.apache.hadoop.http.lib.StaticUserWebFilter$StaticUserFilter) to context static
2023-03-16 20:07:55,500 [Listener at 127.0.0.1/41725] INFO  http.HttpServer2 (HttpServer2.java:addFilter(1015)) - Added filter static_user_filter (class=org.apache.hadoop.http.lib.StaticUserWebFilter$StaticUserFilter) to context logs
2023-03-16 20:07:55,501 [Listener at 127.0.0.1/41725] INFO  http.BaseHttpServer (BaseHttpServer.java:<init>(190)) - HTTP server of hddsDatanode uses base directory /home/runner/work/ozone/ozone/hadoop-ozone/integration-test/target/test-dir/MiniOzoneClusterImpl-8f5ebca4-26a9-4ef6-bfab-4eeb6746d3a8/datanode-1/meta/webserver
2023-03-16 20:07:55,501 [Listener at 127.0.0.1/41725] INFO  http.HttpServer2 (HttpServer2.java:bindListener(1250)) - Jetty bound to port 40505
2023-03-16 20:07:55,501 [Listener at 127.0.0.1/41725] INFO  server.Server (Server.java:doStart(375)) - jetty-9.4.49.v20220914; built: 2022-09-14T01:07:36.601Z; git: 4231a3b2e4cb8548a412a789936d640a97b1aa0a; jvm 1.8.0_362-b09
2023-03-16 20:07:55,504 [Listener at 127.0.0.1/41725] INFO  server.session (DefaultSessionIdManager.java:doStart(334)) - DefaultSessionIdManager workerName=node0
2023-03-16 20:07:55,504 [Listener at 127.0.0.1/41725] INFO  server.session (DefaultSessionIdManager.java:doStart(339)) - No SessionScavenger set, using defaults
2023-03-16 20:07:55,504 [Listener at 127.0.0.1/41725] INFO  server.session (HouseKeeper.java:startScavenging(132)) - node0 Scavenging every 660000ms
2023-03-16 20:07:55,505 [Listener at 127.0.0.1/41725] INFO  handler.ContextHandler (ContextHandler.java:doStart(921)) - Started o.e.j.s.ServletContextHandler@77642670{logs,/logs,file:///home/runner/work/ozone/ozone/hadoop-ozone/integration-test/target/log,AVAILABLE}
2023-03-16 20:07:55,505 [Listener at 127.0.0.1/41725] INFO  handler.ContextHandler (ContextHandler.java:doStart(921)) - Started o.e.j.s.ServletContextHandler@522d6d8d{static,/static,jar:file:/home/runner/.m2/repository/org/apache/ozone/hdds-container-service/1.4.0-SNAPSHOT/hdds-container-service-1.4.0-SNAPSHOT.jar!/webapps/static,AVAILABLE}
2023-03-16 20:07:55,760 [Listener at 127.0.0.1/41725] INFO  handler.ContextHandler (ContextHandler.java:doStart(921)) - Started o.e.j.w.WebAppContext@2143563e{hddsDatanode,/,file:///home/runner/work/ozone/ozone/hadoop-ozone/integration-test/target/test-dir/MiniOzoneClusterImpl-8f5ebca4-26a9-4ef6-bfab-4eeb6746d3a8/datanode-1/meta/webserver/jetty-0_0_0_0-40505-hdds-container-service-1_4_0-SNAPSHOT_jar-_-any-6603848375361068173/webapp/,AVAILABLE}{jar:file:/home/runner/.m2/repository/org/apache/ozone/hdds-container-service/1.4.0-SNAPSHOT/hdds-container-service-1.4.0-SNAPSHOT.jar!/webapps/hddsDatanode}
2023-03-16 20:07:55,769 [Listener at 127.0.0.1/41725] INFO  server.AbstractConnector (AbstractConnector.java:doStart(333)) - Started ServerConnector@320186c2{HTTP/1.1, (http/1.1)}{0.0.0.0:40505}
2023-03-16 20:07:55,769 [Listener at 127.0.0.1/41725] INFO  server.Server (Server.java:doStart(415)) - Started @253241ms
2023-03-16 20:07:55,769 [Listener at 127.0.0.1/41725] WARN  impl.MetricsSystemImpl (MetricsSystemImpl.java:register(279)) - Sink prometheus already exists!
2023-03-16 20:07:55,771 [Listener at 127.0.0.1/41725] INFO  http.BaseHttpServer (BaseHttpServer.java:updateConnectorAddress(344)) - HTTP server of hddsDatanode listening at http://0.0.0.0:40505
2023-03-16 20:07:55,771 [Datanode State Machine Daemon Thread] INFO  statemachine.DatanodeStateMachine (DatanodeStateMachine.java:lambda$startDaemon$0(517)) - Ozone container server started.
2023-03-16 20:07:55,772 [Listener at 127.0.0.1/41725] WARN  impl.MetricRegistriesImpl (MetricRegistriesImpl.java:addReporterRegistration(111)) - New reporters are added after registries were created. Some metrics will be missing from the reporter. Please add reporter before adding any new registry.
2023-03-16 20:07:55,772 [Listener at 127.0.0.1/41725] WARN  impl.MetricRegistriesImpl (MetricRegistriesImpl.java:addReporterRegistration(111)) - New reporters are added after registries were created. Some metrics will be missing from the reporter. Please add reporter before adding any new registry.
2023-03-16 20:07:55,773 [Listener at 127.0.0.1/41725] INFO  impl.MetricsSystemImpl (MetricsSystemImpl.java:init(158)) - HddsDatanode metrics system started (again)
2023-03-16 20:07:55,788 [Listener at 127.0.0.1/41725] INFO  ozone.HddsDatanodeService (HddsDatanodeService.java:start(249)) - HddsDatanodeService host:fv-az371-917 ip:10.1.0.41
2023-03-16 20:07:55,797 [org.apache.hadoop.util.JvmPauseMonitor$Monitor@202a6c32] INFO  util.JvmPauseMonitor (JvmPauseMonitor.java:run(188)) - Starting JVM pause monitor
2023-03-16 20:07:55,801 [Datanode State Machine Task Thread - 0] INFO  datanode.InitDatanodeState (InitDatanodeState.java:persistContainerDatanodeDetails(138)) - DatanodeDetails is persisted to /home/runner/work/ozone/ozone/hadoop-ozone/integration-test/target/test-dir/MiniOzoneClusterImpl-8f5ebca4-26a9-4ef6-bfab-4eeb6746d3a8/datanode-1/meta/datanode.id
2023-03-16 20:07:55,824 [Listener at 127.0.0.1/41725] INFO  upgrade.AbstractLayoutVersionManager (AbstractLayoutVersionManager.java:init(83)) - Initializing Layout version manager with metadata layout = DATANODE_SCHEMA_V3 (version = 4), software layout = DATANODE_SCHEMA_V3 (version = 4)
2023-03-16 20:07:55,882 [Listener at 127.0.0.1/41725] INFO  reflections.Reflections (Reflections.java:scan(232)) - Reflections took 56 ms to scan 7 urls, producing 155 keys and 368 values 
2023-03-16 20:07:55,884 [Listener at 127.0.0.1/41725] INFO  statemachine.DatanodeStateMachine (DatanodeStateMachine.java:getEndPointTaskThreadPoolSize(260)) - Datanode State Machine Task Thread Pool size 2
2023-03-16 20:07:55,894 [Listener at 127.0.0.1/41725] INFO  volume.HddsVolume (HddsVolume.java:<init>(130)) - Creating HddsVolume: /home/runner/work/ozone/ozone/hadoop-ozone/integration-test/target/test-dir/MiniOzoneClusterImpl-8f5ebca4-26a9-4ef6-bfab-4eeb6746d3a8/datanode-2/data-0/containers/hdds of storage type : DISK capacity : 9223372036854775807
2023-03-16 20:07:55,905 [Listener at 127.0.0.1/41725] INFO  volume.MutableVolumeSet (MutableVolumeSet.java:initializeVolumeSet(174)) - Added Volume : /home/runner/work/ozone/ozone/hadoop-ozone/integration-test/target/test-dir/MiniOzoneClusterImpl-8f5ebca4-26a9-4ef6-bfab-4eeb6746d3a8/datanode-2/data-0/containers/hdds to VolumeSet
2023-03-16 20:07:55,905 [Listener at 127.0.0.1/41725] INFO  volume.ThrottledAsyncChecker (ThrottledAsyncChecker.java:schedule(141)) - Scheduling a check for /home/runner/work/ozone/ozone/hadoop-ozone/integration-test/target/test-dir/MiniOzoneClusterImpl-8f5ebca4-26a9-4ef6-bfab-4eeb6746d3a8/datanode-2/data-0/containers/hdds
2023-03-16 20:07:55,906 [Listener at 127.0.0.1/41725] INFO  volume.StorageVolumeChecker (StorageVolumeChecker.java:checkAllVolumes(202)) - Scheduled health check for volume /home/runner/work/ozone/ozone/hadoop-ozone/integration-test/target/test-dir/MiniOzoneClusterImpl-8f5ebca4-26a9-4ef6-bfab-4eeb6746d3a8/datanode-2/data-0/containers/hdds
2023-03-16 20:07:55,919 [Listener at 127.0.0.1/41725] INFO  volume.MutableVolumeSet (MutableVolumeSet.java:initializeVolumeSet(174)) - Added Volume : /home/runner/work/ozone/ozone/hadoop-ozone/integration-test/target/test-dir/MiniOzoneClusterImpl-8f5ebca4-26a9-4ef6-bfab-4eeb6746d3a8/datanode-2/data/ratis to VolumeSet
2023-03-16 20:07:55,920 [Listener at 127.0.0.1/41725] INFO  volume.ThrottledAsyncChecker (ThrottledAsyncChecker.java:schedule(141)) - Scheduling a check for /home/runner/work/ozone/ozone/hadoop-ozone/integration-test/target/test-dir/MiniOzoneClusterImpl-8f5ebca4-26a9-4ef6-bfab-4eeb6746d3a8/datanode-2/data/ratis
2023-03-16 20:07:55,920 [Listener at 127.0.0.1/41725] INFO  volume.StorageVolumeChecker (StorageVolumeChecker.java:checkAllVolumes(202)) - Scheduled health check for volume /home/runner/work/ozone/ozone/hadoop-ozone/integration-test/target/test-dir/MiniOzoneClusterImpl-8f5ebca4-26a9-4ef6-bfab-4eeb6746d3a8/datanode-2/data/ratis
2023-03-16 20:07:55,934 [Thread-1498] INFO  ozoneimpl.ContainerReader (ContainerReader.java:readVolume(175)) - Finish verifying containers on volume /home/runner/work/ozone/ozone/hadoop-ozone/integration-test/target/test-dir/MiniOzoneClusterImpl-8f5ebca4-26a9-4ef6-bfab-4eeb6746d3a8/datanode-2/data-0/containers/hdds
2023-03-16 20:07:55,934 [Listener at 127.0.0.1/41725] INFO  ozoneimpl.OzoneContainer (OzoneContainer.java:buildContainerSet(307)) - Build ContainerSet costs 0s
2023-03-16 20:07:55,936 [Listener at 127.0.0.1/41725] INFO  server.RaftServer (ConfUtils.java:logGet(46)) - raft.rpc.type = GRPC (default)
2023-03-16 20:07:55,937 [Listener at 127.0.0.1/41725] INFO  grpc.GrpcConfigKeys (ConfUtils.java:logFallback(53)) - raft.grpc.admin.host = null (fallback to raft.grpc.server.host)
2023-03-16 20:07:55,937 [Listener at 127.0.0.1/41725] INFO  grpc.GrpcConfigKeys (ConfUtils.java:logGet(46)) - raft.grpc.admin.port = 0 (custom)
2023-03-16 20:07:55,937 [Listener at 127.0.0.1/41725] INFO  grpc.GrpcConfigKeys (ConfUtils.java:logFallback(53)) - raft.grpc.client.host = null (fallback to raft.grpc.server.host)
2023-03-16 20:07:55,937 [Listener at 127.0.0.1/41725] INFO  grpc.GrpcConfigKeys (ConfUtils.java:logGet(46)) - raft.grpc.client.port = 0 (custom)
2023-03-16 20:07:55,937 [Listener at 127.0.0.1/41725] INFO  grpc.GrpcConfigKeys (ConfUtils.java:logGet(46)) - raft.grpc.server.host = null (default)
2023-03-16 20:07:55,937 [Listener at 127.0.0.1/41725] INFO  grpc.GrpcConfigKeys (ConfUtils.java:logGet(46)) - raft.grpc.server.port = 0 (default)
2023-03-16 20:07:55,938 [Listener at 127.0.0.1/41725] INFO  server.GrpcService (ConfUtils.java:logGet(46)) - raft.grpc.message.size.max = 32MB (=33554432) (custom)
2023-03-16 20:07:55,938 [Listener at 127.0.0.1/41725] INFO  server.RaftServerConfigKeys (ConfUtils.java:logGet(46)) - raft.server.log.appender.buffer.byte-limit = 33554432 (custom)
2023-03-16 20:07:55,938 [Listener at 127.0.0.1/41725] INFO  server.GrpcService (ConfUtils.java:logGet(46)) - raft.grpc.flow.control.window = 5MB (=5242880) (custom)
2023-03-16 20:07:55,938 [Listener at 127.0.0.1/41725] INFO  server.RaftServerConfigKeys (ConfUtils.java:logGet(46)) - raft.server.rpc.request.timeout = 60s (custom)
2023-03-16 20:07:55,938 [Listener at 127.0.0.1/41725] INFO  grpc.GrpcConfigKeys (ConfUtils.java:logGet(46)) - raft.grpc.server.heartbeat.channel = true (default)
2023-03-16 20:07:55,938 [Listener at 127.0.0.1/41725] INFO  grpc.GrpcConfigKeys (ConfUtils.java:logGet(46)) - raft.grpc.server.async.request.thread.pool.cached = true (default)
2023-03-16 20:07:55,938 [Listener at 127.0.0.1/41725] INFO  grpc.GrpcConfigKeys (ConfUtils.java:logGet(46)) - raft.grpc.server.async.request.thread.pool.size = 32 (default)
2023-03-16 20:07:55,941 [Listener at 127.0.0.1/41725] INFO  impl.DataStreamServerImpl (ConfUtils.java:logGet(46)) - raft.datastream.type = NETTY (custom)
2023-03-16 20:07:55,941 [Listener at 127.0.0.1/41725] INFO  server.RaftServerConfigKeys (ConfUtils.java:logGet(46)) - raft.server.data-stream.async.request.thread.pool.cached = false (default)
2023-03-16 20:07:55,942 [Listener at 127.0.0.1/41725] INFO  server.RaftServerConfigKeys (ConfUtils.java:logGet(46)) - raft.server.data-stream.async.request.thread.pool.size = 20 (custom)
2023-03-16 20:07:55,942 [Listener at 127.0.0.1/41725] INFO  server.RaftServerConfigKeys (ConfUtils.java:logGet(46)) - raft.server.data-stream.async.write.thread.pool.size = 16 (default)
2023-03-16 20:07:55,942 [Listener at 127.0.0.1/41725] INFO  server.RaftServerConfigKeys (ConfUtils.java:logGet(46)) - raft.server.data-stream.client.pool.size = 10 (default)
2023-03-16 20:07:55,942 [Listener at 127.0.0.1/41725] INFO  netty.NettyConfigKeys$DataStream (ConfUtils.java:logGet(46)) - raft.netty.dataStream.server.use-epoll = false (default)
2023-03-16 20:07:55,942 [Listener at 127.0.0.1/41725] INFO  netty.NettyConfigKeys$DataStream (ConfUtils.java:logGet(46)) - raft.netty.dataStream.server.boss-group.size = 0 (default)
2023-03-16 20:07:55,943 [Listener at 127.0.0.1/41725] INFO  netty.NettyConfigKeys$DataStream (ConfUtils.java:logGet(46)) - raft.netty.dataStream.server.worker-group.size = 0 (default)
2023-03-16 20:07:55,943 [Listener at 127.0.0.1/41725] INFO  netty.NettyConfigKeys$DataStream (ConfUtils.java:logGet(46)) - raft.netty.dataStream.server.tls.conf = null (default)
2023-03-16 20:07:55,943 [Listener at 127.0.0.1/41725] INFO  netty.NettyConfigKeys$DataStream (ConfUtils.java:logGet(46)) - raft.netty.dataStream.host = null (default)
2023-03-16 20:07:55,943 [Listener at 127.0.0.1/41725] INFO  netty.NettyConfigKeys$DataStream (ConfUtils.java:logGet(46)) - raft.netty.dataStream.port = 0 (default)
2023-03-16 20:07:55,944 [Listener at 127.0.0.1/41725] INFO  server.RaftServerConfigKeys (ConfUtils.java:logGet(46)) - raft.server.threadpool.proxy.cached = true (default)
2023-03-16 20:07:55,944 [Listener at 127.0.0.1/41725] INFO  server.RaftServerConfigKeys (ConfUtils.java:logGet(46)) - raft.server.threadpool.proxy.size = 0 (default)
2023-03-16 20:07:55,944 [Listener at 127.0.0.1/41725] INFO  server.RaftServerConfigKeys (ConfUtils.java:logGet(46)) - raft.server.rpc.slowness.timeout = 300s (custom)
2023-03-16 20:07:55,945 [Listener at 127.0.0.1/41725] INFO  server.RaftServerConfigKeys (ConfUtils.java:logGet(46)) - raft.server.leaderelection.leader.step-down.wait-time = 10s (default)
2023-03-16 20:07:55,945 [5bf8ace6-d9a7-430b-8471-debd47753f31-NettyServerStreamRpc-bossGroup--thread1] INFO  logging.LoggingHandler (AbstractInternalLogger.java:log(148)) - [id: 0x3c6b2d3f] REGISTERED
2023-03-16 20:07:55,945 [5bf8ace6-d9a7-430b-8471-debd47753f31-NettyServerStreamRpc-bossGroup--thread1] INFO  logging.LoggingHandler (AbstractInternalLogger.java:log(148)) - [id: 0x3c6b2d3f] BIND: 0.0.0.0/0.0.0.0:0
2023-03-16 20:07:55,945 [5bf8ace6-d9a7-430b-8471-debd47753f31-NettyServerStreamRpc-bossGroup--thread1] INFO  logging.LoggingHandler (AbstractInternalLogger.java:log(148)) - [id: 0x3c6b2d3f, L:/0:0:0:0:0:0:0:0:34659] ACTIVE
2023-03-16 20:07:55,946 [Listener at 127.0.0.1/41725] INFO  server.RaftServerConfigKeys (ConfUtils.java:logGet(46)) - raft.server.storage.dir = [/home/runner/work/ozone/ozone/hadoop-ozone/integration-test/target/test-dir/MiniOzoneClusterImpl-8f5ebca4-26a9-4ef6-bfab-4eeb6746d3a8/datanode-2/data/ratis] (custom)
2023-03-16 20:07:55,948 [Listener at 127.0.0.1/41725] INFO  server.XceiverServerGrpc (XceiverServerGrpc.java:<init>(132)) - GrpcServer channel type EpollServerSocketChannel
2023-03-16 20:07:55,952 [Listener at 127.0.0.1/41725] INFO  http.BaseHttpServer (BaseHttpServer.java:newHttpServer2BuilderForOzone(224)) - Starting Web-server for hddsDatanode at: http://0.0.0.0:0
2023-03-16 20:07:55,952 [Listener at 127.0.0.1/41725] INFO  http.BaseHttpServer (BaseHttpServer.java:<init>(111)) - Hadoop Security Enabled: false Ozone Security Enabled: false Ozone HTTP Security Enabled: false 
2023-03-16 20:07:55,953 [Listener at 127.0.0.1/41725] WARN  server.AuthenticationFilter (AuthenticationFilter.java:constructSecretProvider(240)) - Unable to initialize FileSignerSecretProvider, falling back to use random secrets. Reason: Could not read signature secret file: /home/runner/hadoop-http-auth-signature-secret
2023-03-16 20:07:55,954 [Listener at 127.0.0.1/41725] WARN  http.HttpRequestLog (HttpRequestLog.java:getRequestLog(103)) - Jetty request log can only be enabled using Log4j
2023-03-16 20:07:55,955 [Listener at 127.0.0.1/41725] INFO  http.HttpServer2 (HttpServer2.java:addGlobalFilter(1031)) - Added global filter 'safety' (class=org.apache.hadoop.hdds.server.http.HttpServer2$QuotingInputFilter)
2023-03-16 20:07:55,955 [Listener at 127.0.0.1/41725] INFO  http.HttpServer2 (HttpServer2.java:addFilter(1007)) - Added filter static_user_filter (class=org.apache.hadoop.http.lib.StaticUserWebFilter$StaticUserFilter) to context hddsDatanode
2023-03-16 20:07:55,956 [Listener at 127.0.0.1/41725] INFO  http.HttpServer2 (HttpServer2.java:addFilter(1015)) - Added filter static_user_filter (class=org.apache.hadoop.http.lib.StaticUserWebFilter$StaticUserFilter) to context logs
2023-03-16 20:07:55,956 [Listener at 127.0.0.1/41725] INFO  http.HttpServer2 (HttpServer2.java:addFilter(1015)) - Added filter static_user_filter (class=org.apache.hadoop.http.lib.StaticUserWebFilter$StaticUserFilter) to context static
2023-03-16 20:07:55,956 [Listener at 127.0.0.1/41725] INFO  http.BaseHttpServer (BaseHttpServer.java:<init>(190)) - HTTP server of hddsDatanode uses base directory /home/runner/work/ozone/ozone/hadoop-ozone/integration-test/target/test-dir/MiniOzoneClusterImpl-8f5ebca4-26a9-4ef6-bfab-4eeb6746d3a8/datanode-2/meta/webserver
2023-03-16 20:07:55,957 [Listener at 127.0.0.1/41725] INFO  http.HttpServer2 (HttpServer2.java:bindListener(1250)) - Jetty bound to port 35457
2023-03-16 20:07:55,957 [Listener at 127.0.0.1/41725] INFO  server.Server (Server.java:doStart(375)) - jetty-9.4.49.v20220914; built: 2022-09-14T01:07:36.601Z; git: 4231a3b2e4cb8548a412a789936d640a97b1aa0a; jvm 1.8.0_362-b09
2023-03-16 20:07:55,960 [Listener at 127.0.0.1/41725] INFO  server.session (DefaultSessionIdManager.java:doStart(334)) - DefaultSessionIdManager workerName=node0
2023-03-16 20:07:55,960 [Listener at 127.0.0.1/41725] INFO  server.session (DefaultSessionIdManager.java:doStart(339)) - No SessionScavenger set, using defaults
2023-03-16 20:07:55,961 [Listener at 127.0.0.1/41725] INFO  server.session (HouseKeeper.java:startScavenging(132)) - node0 Scavenging every 660000ms
2023-03-16 20:07:55,961 [Listener at 127.0.0.1/41725] INFO  handler.ContextHandler (ContextHandler.java:doStart(921)) - Started o.e.j.s.ServletContextHandler@55e3f582{logs,/logs,file:///home/runner/work/ozone/ozone/hadoop-ozone/integration-test/target/log,AVAILABLE}
2023-03-16 20:07:55,962 [Listener at 127.0.0.1/41725] INFO  handler.ContextHandler (ContextHandler.java:doStart(921)) - Started o.e.j.s.ServletContextHandler@5419e14{static,/static,jar:file:/home/runner/.m2/repository/org/apache/ozone/hdds-container-service/1.4.0-SNAPSHOT/hdds-container-service-1.4.0-SNAPSHOT.jar!/webapps/static,AVAILABLE}
2023-03-16 20:07:56,209 [Listener at 127.0.0.1/41725] INFO  handler.ContextHandler (ContextHandler.java:doStart(921)) - Started o.e.j.w.WebAppContext@7d1e0b78{hddsDatanode,/,file:///home/runner/work/ozone/ozone/hadoop-ozone/integration-test/target/test-dir/MiniOzoneClusterImpl-8f5ebca4-26a9-4ef6-bfab-4eeb6746d3a8/datanode-2/meta/webserver/jetty-0_0_0_0-35457-hdds-container-service-1_4_0-SNAPSHOT_jar-_-any-5153839803042600441/webapp/,AVAILABLE}{jar:file:/home/runner/.m2/repository/org/apache/ozone/hdds-container-service/1.4.0-SNAPSHOT/hdds-container-service-1.4.0-SNAPSHOT.jar!/webapps/hddsDatanode}
2023-03-16 20:07:56,212 [Listener at 127.0.0.1/41725] INFO  server.AbstractConnector (AbstractConnector.java:doStart(333)) - Started ServerConnector@24e3ffba{HTTP/1.1, (http/1.1)}{0.0.0.0:35457}
2023-03-16 20:07:56,212 [Listener at 127.0.0.1/41725] INFO  server.Server (Server.java:doStart(415)) - Started @253683ms
2023-03-16 20:07:56,212 [Listener at 127.0.0.1/41725] WARN  impl.MetricsSystemImpl (MetricsSystemImpl.java:register(279)) - Sink prometheus already exists!
2023-03-16 20:07:56,213 [Listener at 127.0.0.1/41725] INFO  http.BaseHttpServer (BaseHttpServer.java:updateConnectorAddress(344)) - HTTP server of hddsDatanode listening at http://0.0.0.0:35457
2023-03-16 20:07:56,213 [Listener at 127.0.0.1/41725] WARN  impl.MetricRegistriesImpl (MetricRegistriesImpl.java:addReporterRegistration(111)) - New reporters are added after registries were created. Some metrics will be missing from the reporter. Please add reporter before adding any new registry.
2023-03-16 20:07:56,214 [Listener at 127.0.0.1/41725] WARN  impl.MetricRegistriesImpl (MetricRegistriesImpl.java:addReporterRegistration(111)) - New reporters are added after registries were created. Some metrics will be missing from the reporter. Please add reporter before adding any new registry.
2023-03-16 20:07:56,214 [Listener at 127.0.0.1/41725] INFO  impl.MetricsSystemImpl (MetricsSystemImpl.java:init(158)) - HddsDatanode metrics system started (again)
2023-03-16 20:07:56,220 [Datanode State Machine Daemon Thread] INFO  statemachine.DatanodeStateMachine (DatanodeStateMachine.java:lambda$startDaemon$0(517)) - Ozone container server started.
2023-03-16 20:07:56,231 [org.apache.hadoop.util.JvmPauseMonitor$Monitor@3c037961] INFO  util.JvmPauseMonitor (JvmPauseMonitor.java:run(188)) - Starting JVM pause monitor
2023-03-16 20:07:56,232 [Listener at 127.0.0.1/41725] INFO  ozone.HddsDatanodeService (HddsDatanodeService.java:start(249)) - HddsDatanodeService host:fv-az371-917 ip:10.1.0.41
2023-03-16 20:07:56,241 [Datanode State Machine Task Thread - 0] INFO  datanode.InitDatanodeState (InitDatanodeState.java:persistContainerDatanodeDetails(138)) - DatanodeDetails is persisted to /home/runner/work/ozone/ozone/hadoop-ozone/integration-test/target/test-dir/MiniOzoneClusterImpl-8f5ebca4-26a9-4ef6-bfab-4eeb6746d3a8/datanode-2/meta/datanode.id
2023-03-16 20:07:56,276 [Listener at 127.0.0.1/41725] INFO  upgrade.AbstractLayoutVersionManager (AbstractLayoutVersionManager.java:init(83)) - Initializing Layout version manager with metadata layout = DATANODE_SCHEMA_V3 (version = 4), software layout = DATANODE_SCHEMA_V3 (version = 4)
2023-03-16 20:07:56,336 [Listener at 127.0.0.1/41725] INFO  reflections.Reflections (Reflections.java:scan(232)) - Reflections took 59 ms to scan 7 urls, producing 155 keys and 368 values 
2023-03-16 20:07:56,338 [Listener at 127.0.0.1/41725] INFO  statemachine.DatanodeStateMachine (DatanodeStateMachine.java:getEndPointTaskThreadPoolSize(260)) - Datanode State Machine Task Thread Pool size 2
2023-03-16 20:07:56,344 [Listener at 127.0.0.1/41725] INFO  volume.HddsVolume (HddsVolume.java:<init>(130)) - Creating HddsVolume: /home/runner/work/ozone/ozone/hadoop-ozone/integration-test/target/test-dir/MiniOzoneClusterImpl-8f5ebca4-26a9-4ef6-bfab-4eeb6746d3a8/datanode-3/data-0/containers/hdds of storage type : DISK capacity : 9223372036854775807
2023-03-16 20:07:56,345 [Listener at 127.0.0.1/41725] INFO  volume.MutableVolumeSet (MutableVolumeSet.java:initializeVolumeSet(174)) - Added Volume : /home/runner/work/ozone/ozone/hadoop-ozone/integration-test/target/test-dir/MiniOzoneClusterImpl-8f5ebca4-26a9-4ef6-bfab-4eeb6746d3a8/datanode-3/data-0/containers/hdds to VolumeSet
2023-03-16 20:07:56,345 [Listener at 127.0.0.1/41725] INFO  volume.ThrottledAsyncChecker (ThrottledAsyncChecker.java:schedule(141)) - Scheduling a check for /home/runner/work/ozone/ozone/hadoop-ozone/integration-test/target/test-dir/MiniOzoneClusterImpl-8f5ebca4-26a9-4ef6-bfab-4eeb6746d3a8/datanode-3/data-0/containers/hdds
2023-03-16 20:07:56,353 [Listener at 127.0.0.1/41725] INFO  volume.StorageVolumeChecker (StorageVolumeChecker.java:checkAllVolumes(202)) - Scheduled health check for volume /home/runner/work/ozone/ozone/hadoop-ozone/integration-test/target/test-dir/MiniOzoneClusterImpl-8f5ebca4-26a9-4ef6-bfab-4eeb6746d3a8/datanode-3/data-0/containers/hdds
2023-03-16 20:07:56,371 [Listener at 127.0.0.1/41725] INFO  volume.MutableVolumeSet (MutableVolumeSet.java:initializeVolumeSet(174)) - Added Volume : /home/runner/work/ozone/ozone/hadoop-ozone/integration-test/target/test-dir/MiniOzoneClusterImpl-8f5ebca4-26a9-4ef6-bfab-4eeb6746d3a8/datanode-3/data/ratis to VolumeSet
2023-03-16 20:07:56,371 [Listener at 127.0.0.1/41725] INFO  volume.ThrottledAsyncChecker (ThrottledAsyncChecker.java:schedule(141)) - Scheduling a check for /home/runner/work/ozone/ozone/hadoop-ozone/integration-test/target/test-dir/MiniOzoneClusterImpl-8f5ebca4-26a9-4ef6-bfab-4eeb6746d3a8/datanode-3/data/ratis
2023-03-16 20:07:56,372 [Listener at 127.0.0.1/41725] INFO  volume.StorageVolumeChecker (StorageVolumeChecker.java:checkAllVolumes(202)) - Scheduled health check for volume /home/runner/work/ozone/ozone/hadoop-ozone/integration-test/target/test-dir/MiniOzoneClusterImpl-8f5ebca4-26a9-4ef6-bfab-4eeb6746d3a8/datanode-3/data/ratis
2023-03-16 20:07:56,387 [Thread-1512] INFO  ozoneimpl.ContainerReader (ContainerReader.java:readVolume(175)) - Finish verifying containers on volume /home/runner/work/ozone/ozone/hadoop-ozone/integration-test/target/test-dir/MiniOzoneClusterImpl-8f5ebca4-26a9-4ef6-bfab-4eeb6746d3a8/datanode-3/data-0/containers/hdds
2023-03-16 20:07:56,387 [Listener at 127.0.0.1/41725] INFO  ozoneimpl.OzoneContainer (OzoneContainer.java:buildContainerSet(307)) - Build ContainerSet costs 0s
2023-03-16 20:07:56,392 [Listener at 127.0.0.1/41725] INFO  server.RaftServer (ConfUtils.java:logGet(46)) - raft.rpc.type = GRPC (default)
2023-03-16 20:07:56,392 [Listener at 127.0.0.1/41725] INFO  grpc.GrpcConfigKeys (ConfUtils.java:logFallback(53)) - raft.grpc.admin.host = null (fallback to raft.grpc.server.host)
2023-03-16 20:07:56,392 [Listener at 127.0.0.1/41725] INFO  grpc.GrpcConfigKeys (ConfUtils.java:logGet(46)) - raft.grpc.admin.port = 0 (custom)
2023-03-16 20:07:56,392 [Listener at 127.0.0.1/41725] INFO  grpc.GrpcConfigKeys (ConfUtils.java:logFallback(53)) - raft.grpc.client.host = null (fallback to raft.grpc.server.host)
2023-03-16 20:07:56,393 [Listener at 127.0.0.1/41725] INFO  grpc.GrpcConfigKeys (ConfUtils.java:logGet(46)) - raft.grpc.client.port = 0 (custom)
2023-03-16 20:07:56,395 [Listener at 127.0.0.1/41725] INFO  grpc.GrpcConfigKeys (ConfUtils.java:logGet(46)) - raft.grpc.server.host = null (default)
2023-03-16 20:07:56,395 [Listener at 127.0.0.1/41725] INFO  grpc.GrpcConfigKeys (ConfUtils.java:logGet(46)) - raft.grpc.server.port = 0 (default)
2023-03-16 20:07:56,395 [Listener at 127.0.0.1/41725] INFO  server.GrpcService (ConfUtils.java:logGet(46)) - raft.grpc.message.size.max = 32MB (=33554432) (custom)
2023-03-16 20:07:56,396 [Listener at 127.0.0.1/41725] INFO  server.RaftServerConfigKeys (ConfUtils.java:logGet(46)) - raft.server.log.appender.buffer.byte-limit = 33554432 (custom)
2023-03-16 20:07:56,396 [Listener at 127.0.0.1/41725] INFO  server.GrpcService (ConfUtils.java:logGet(46)) - raft.grpc.flow.control.window = 5MB (=5242880) (custom)
2023-03-16 20:07:56,396 [Listener at 127.0.0.1/41725] INFO  server.RaftServerConfigKeys (ConfUtils.java:logGet(46)) - raft.server.rpc.request.timeout = 60s (custom)
2023-03-16 20:07:56,396 [Listener at 127.0.0.1/41725] INFO  grpc.GrpcConfigKeys (ConfUtils.java:logGet(46)) - raft.grpc.server.heartbeat.channel = true (default)
2023-03-16 20:07:56,396 [Listener at 127.0.0.1/41725] INFO  grpc.GrpcConfigKeys (ConfUtils.java:logGet(46)) - raft.grpc.server.async.request.thread.pool.cached = true (default)
2023-03-16 20:07:56,397 [Listener at 127.0.0.1/41725] INFO  grpc.GrpcConfigKeys (ConfUtils.java:logGet(46)) - raft.grpc.server.async.request.thread.pool.size = 32 (default)
2023-03-16 20:07:56,398 [Listener at 127.0.0.1/41725] INFO  impl.DataStreamServerImpl (ConfUtils.java:logGet(46)) - raft.datastream.type = NETTY (custom)
2023-03-16 20:07:56,399 [Listener at 127.0.0.1/41725] INFO  server.RaftServerConfigKeys (ConfUtils.java:logGet(46)) - raft.server.data-stream.async.request.thread.pool.cached = false (default)
2023-03-16 20:07:56,399 [Listener at 127.0.0.1/41725] INFO  server.RaftServerConfigKeys (ConfUtils.java:logGet(46)) - raft.server.data-stream.async.request.thread.pool.size = 20 (custom)
2023-03-16 20:07:56,399 [Listener at 127.0.0.1/41725] INFO  server.RaftServerConfigKeys (ConfUtils.java:logGet(46)) - raft.server.data-stream.async.write.thread.pool.size = 16 (default)
2023-03-16 20:07:56,400 [Listener at 127.0.0.1/41725] INFO  server.RaftServerConfigKeys (ConfUtils.java:logGet(46)) - raft.server.data-stream.client.pool.size = 10 (default)
2023-03-16 20:07:56,400 [Listener at 127.0.0.1/41725] INFO  netty.NettyConfigKeys$DataStream (ConfUtils.java:logGet(46)) - raft.netty.dataStream.server.use-epoll = false (default)
2023-03-16 20:07:56,400 [Listener at 127.0.0.1/41725] INFO  netty.NettyConfigKeys$DataStream (ConfUtils.java:logGet(46)) - raft.netty.dataStream.server.boss-group.size = 0 (default)
2023-03-16 20:07:56,400 [Listener at 127.0.0.1/41725] INFO  netty.NettyConfigKeys$DataStream (ConfUtils.java:logGet(46)) - raft.netty.dataStream.server.worker-group.size = 0 (default)
2023-03-16 20:07:56,403 [Listener at 127.0.0.1/41725] INFO  netty.NettyConfigKeys$DataStream (ConfUtils.java:logGet(46)) - raft.netty.dataStream.server.tls.conf = null (default)
2023-03-16 20:07:56,404 [Listener at 127.0.0.1/41725] INFO  netty.NettyConfigKeys$DataStream (ConfUtils.java:logGet(46)) - raft.netty.dataStream.host = null (default)
2023-03-16 20:07:56,404 [Listener at 127.0.0.1/41725] INFO  netty.NettyConfigKeys$DataStream (ConfUtils.java:logGet(46)) - raft.netty.dataStream.port = 0 (default)
2023-03-16 20:07:56,405 [Listener at 127.0.0.1/41725] INFO  server.RaftServerConfigKeys (ConfUtils.java:logGet(46)) - raft.server.threadpool.proxy.cached = true (default)
2023-03-16 20:07:56,405 [Listener at 127.0.0.1/41725] INFO  server.RaftServerConfigKeys (ConfUtils.java:logGet(46)) - raft.server.threadpool.proxy.size = 0 (default)
2023-03-16 20:07:56,406 [Listener at 127.0.0.1/41725] INFO  server.RaftServerConfigKeys (ConfUtils.java:logGet(46)) - raft.server.rpc.slowness.timeout = 300s (custom)
2023-03-16 20:07:56,406 [Listener at 127.0.0.1/41725] INFO  server.RaftServerConfigKeys (ConfUtils.java:logGet(46)) - raft.server.leaderelection.leader.step-down.wait-time = 10s (default)
2023-03-16 20:07:56,406 [Listener at 127.0.0.1/41725] INFO  server.RaftServerConfigKeys (ConfUtils.java:logGet(46)) - raft.server.storage.dir = [/home/runner/work/ozone/ozone/hadoop-ozone/integration-test/target/test-dir/MiniOzoneClusterImpl-8f5ebca4-26a9-4ef6-bfab-4eeb6746d3a8/datanode-3/data/ratis] (custom)
2023-03-16 20:07:56,407 [b217dba7-a907-4568-b361-a689a501c82e-NettyServerStreamRpc-bossGroup--thread1] INFO  logging.LoggingHandler (AbstractInternalLogger.java:log(148)) - [id: 0x060dbaf8] REGISTERED
2023-03-16 20:07:56,407 [b217dba7-a907-4568-b361-a689a501c82e-NettyServerStreamRpc-bossGroup--thread1] INFO  logging.LoggingHandler (AbstractInternalLogger.java:log(148)) - [id: 0x060dbaf8] BIND: 0.0.0.0/0.0.0.0:0
2023-03-16 20:07:56,410 [b217dba7-a907-4568-b361-a689a501c82e-NettyServerStreamRpc-bossGroup--thread1] INFO  logging.LoggingHandler (AbstractInternalLogger.java:log(148)) - [id: 0x060dbaf8, L:/0:0:0:0:0:0:0:0:35569] ACTIVE
2023-03-16 20:07:56,411 [Listener at 127.0.0.1/41725] INFO  server.XceiverServerGrpc (XceiverServerGrpc.java:<init>(132)) - GrpcServer channel type EpollServerSocketChannel
2023-03-16 20:07:56,415 [Listener at 127.0.0.1/41725] INFO  http.BaseHttpServer (BaseHttpServer.java:newHttpServer2BuilderForOzone(224)) - Starting Web-server for hddsDatanode at: http://0.0.0.0:0
2023-03-16 20:07:56,415 [Listener at 127.0.0.1/41725] INFO  http.BaseHttpServer (BaseHttpServer.java:<init>(111)) - Hadoop Security Enabled: false Ozone Security Enabled: false Ozone HTTP Security Enabled: false 
2023-03-16 20:07:56,416 [Listener at 127.0.0.1/41725] WARN  server.AuthenticationFilter (AuthenticationFilter.java:constructSecretProvider(240)) - Unable to initialize FileSignerSecretProvider, falling back to use random secrets. Reason: Could not read signature secret file: /home/runner/hadoop-http-auth-signature-secret
2023-03-16 20:07:56,417 [Listener at 127.0.0.1/41725] WARN  http.HttpRequestLog (HttpRequestLog.java:getRequestLog(103)) - Jetty request log can only be enabled using Log4j
2023-03-16 20:07:56,419 [Listener at 127.0.0.1/41725] INFO  http.HttpServer2 (HttpServer2.java:addGlobalFilter(1031)) - Added global filter 'safety' (class=org.apache.hadoop.hdds.server.http.HttpServer2$QuotingInputFilter)
2023-03-16 20:07:56,419 [Listener at 127.0.0.1/41725] INFO  http.HttpServer2 (HttpServer2.java:addFilter(1007)) - Added filter static_user_filter (class=org.apache.hadoop.http.lib.StaticUserWebFilter$StaticUserFilter) to context hddsDatanode
2023-03-16 20:07:56,419 [Listener at 127.0.0.1/41725] INFO  http.HttpServer2 (HttpServer2.java:addFilter(1015)) - Added filter static_user_filter (class=org.apache.hadoop.http.lib.StaticUserWebFilter$StaticUserFilter) to context logs
2023-03-16 20:07:56,419 [Listener at 127.0.0.1/41725] INFO  http.HttpServer2 (HttpServer2.java:addFilter(1015)) - Added filter static_user_filter (class=org.apache.hadoop.http.lib.StaticUserWebFilter$StaticUserFilter) to context static
2023-03-16 20:07:56,420 [Listener at 127.0.0.1/41725] INFO  http.BaseHttpServer (BaseHttpServer.java:<init>(190)) - HTTP server of hddsDatanode uses base directory /home/runner/work/ozone/ozone/hadoop-ozone/integration-test/target/test-dir/MiniOzoneClusterImpl-8f5ebca4-26a9-4ef6-bfab-4eeb6746d3a8/datanode-3/meta/webserver
2023-03-16 20:07:56,420 [Listener at 127.0.0.1/41725] INFO  http.HttpServer2 (HttpServer2.java:bindListener(1250)) - Jetty bound to port 45929
2023-03-16 20:07:56,420 [Listener at 127.0.0.1/41725] INFO  server.Server (Server.java:doStart(375)) - jetty-9.4.49.v20220914; built: 2022-09-14T01:07:36.601Z; git: 4231a3b2e4cb8548a412a789936d640a97b1aa0a; jvm 1.8.0_362-b09
2023-03-16 20:07:56,422 [Listener at 127.0.0.1/41725] INFO  server.session (DefaultSessionIdManager.java:doStart(334)) - DefaultSessionIdManager workerName=node0
2023-03-16 20:07:56,423 [Listener at 127.0.0.1/41725] INFO  server.session (DefaultSessionIdManager.java:doStart(339)) - No SessionScavenger set, using defaults
2023-03-16 20:07:56,423 [Listener at 127.0.0.1/41725] INFO  server.session (HouseKeeper.java:startScavenging(132)) - node0 Scavenging every 600000ms
2023-03-16 20:07:56,424 [Listener at 127.0.0.1/41725] INFO  handler.ContextHandler (ContextHandler.java:doStart(921)) - Started o.e.j.s.ServletContextHandler@4cb61157{logs,/logs,file:///home/runner/work/ozone/ozone/hadoop-ozone/integration-test/target/log,AVAILABLE}
2023-03-16 20:07:56,424 [Listener at 127.0.0.1/41725] INFO  handler.ContextHandler (ContextHandler.java:doStart(921)) - Started o.e.j.s.ServletContextHandler@16beef05{static,/static,jar:file:/home/runner/.m2/repository/org/apache/ozone/hdds-container-service/1.4.0-SNAPSHOT/hdds-container-service-1.4.0-SNAPSHOT.jar!/webapps/static,AVAILABLE}
2023-03-16 20:07:56,671 [Listener at 127.0.0.1/41725] INFO  handler.ContextHandler (ContextHandler.java:doStart(921)) - Started o.e.j.w.WebAppContext@12f3c749{hddsDatanode,/,file:///home/runner/work/ozone/ozone/hadoop-ozone/integration-test/target/test-dir/MiniOzoneClusterImpl-8f5ebca4-26a9-4ef6-bfab-4eeb6746d3a8/datanode-3/meta/webserver/jetty-0_0_0_0-45929-hdds-container-service-1_4_0-SNAPSHOT_jar-_-any-5056536280658406679/webapp/,AVAILABLE}{jar:file:/home/runner/.m2/repository/org/apache/ozone/hdds-container-service/1.4.0-SNAPSHOT/hdds-container-service-1.4.0-SNAPSHOT.jar!/webapps/hddsDatanode}
2023-03-16 20:07:56,673 [Listener at 127.0.0.1/41725] INFO  server.AbstractConnector (AbstractConnector.java:doStart(333)) - Started ServerConnector@176a77c{HTTP/1.1, (http/1.1)}{0.0.0.0:45929}
2023-03-16 20:07:56,673 [Listener at 127.0.0.1/41725] INFO  server.Server (Server.java:doStart(415)) - Started @254145ms
2023-03-16 20:07:56,674 [Listener at 127.0.0.1/41725] WARN  impl.MetricsSystemImpl (MetricsSystemImpl.java:register(279)) - Sink prometheus already exists!
2023-03-16 20:07:56,674 [Listener at 127.0.0.1/41725] INFO  http.BaseHttpServer (BaseHttpServer.java:updateConnectorAddress(344)) - HTTP server of hddsDatanode listening at http://0.0.0.0:45929
2023-03-16 20:07:56,675 [Datanode State Machine Daemon Thread] INFO  statemachine.DatanodeStateMachine (DatanodeStateMachine.java:lambda$startDaemon$0(517)) - Ozone container server started.
2023-03-16 20:07:56,675 [Listener at 127.0.0.1/41725] WARN  impl.MetricRegistriesImpl (MetricRegistriesImpl.java:addReporterRegistration(111)) - New reporters are added after registries were created. Some metrics will be missing from the reporter. Please add reporter before adding any new registry.
2023-03-16 20:07:56,678 [Listener at 127.0.0.1/41725] WARN  impl.MetricRegistriesImpl (MetricRegistriesImpl.java:addReporterRegistration(111)) - New reporters are added after registries were created. Some metrics will be missing from the reporter. Please add reporter before adding any new registry.
2023-03-16 20:07:56,678 [Listener at 127.0.0.1/41725] INFO  impl.MetricsSystemImpl (MetricsSystemImpl.java:init(158)) - HddsDatanode metrics system started (again)
2023-03-16 20:07:56,689 [org.apache.hadoop.util.JvmPauseMonitor$Monitor@1af1b650] INFO  util.JvmPauseMonitor (JvmPauseMonitor.java:run(188)) - Starting JVM pause monitor
2023-03-16 20:07:56,691 [Datanode State Machine Task Thread - 0] INFO  datanode.InitDatanodeState (InitDatanodeState.java:persistContainerDatanodeDetails(138)) - DatanodeDetails is persisted to /home/runner/work/ozone/ozone/hadoop-ozone/integration-test/target/test-dir/MiniOzoneClusterImpl-8f5ebca4-26a9-4ef6-bfab-4eeb6746d3a8/datanode-3/meta/datanode.id
2023-03-16 20:07:56,694 [Listener at 127.0.0.1/41725] INFO  ozone.HddsDatanodeService (HddsDatanodeService.java:start(249)) - HddsDatanodeService host:fv-az371-917 ip:10.1.0.41
2023-03-16 20:07:56,734 [Listener at 127.0.0.1/41725] INFO  upgrade.AbstractLayoutVersionManager (AbstractLayoutVersionManager.java:init(83)) - Initializing Layout version manager with metadata layout = DATANODE_SCHEMA_V3 (version = 4), software layout = DATANODE_SCHEMA_V3 (version = 4)
2023-03-16 20:07:56,796 [Listener at 127.0.0.1/41725] INFO  reflections.Reflections (Reflections.java:scan(232)) - Reflections took 61 ms to scan 7 urls, producing 155 keys and 368 values 
2023-03-16 20:07:56,797 [Listener at 127.0.0.1/41725] INFO  statemachine.DatanodeStateMachine (DatanodeStateMachine.java:getEndPointTaskThreadPoolSize(260)) - Datanode State Machine Task Thread Pool size 2
2023-03-16 20:07:56,799 [Listener at 127.0.0.1/41725] INFO  volume.HddsVolume (HddsVolume.java:<init>(130)) - Creating HddsVolume: /home/runner/work/ozone/ozone/hadoop-ozone/integration-test/target/test-dir/MiniOzoneClusterImpl-8f5ebca4-26a9-4ef6-bfab-4eeb6746d3a8/datanode-4/data-0/containers/hdds of storage type : DISK capacity : 9223372036854775807
2023-03-16 20:07:56,800 [Listener at 127.0.0.1/41725] INFO  volume.MutableVolumeSet (MutableVolumeSet.java:initializeVolumeSet(174)) - Added Volume : /home/runner/work/ozone/ozone/hadoop-ozone/integration-test/target/test-dir/MiniOzoneClusterImpl-8f5ebca4-26a9-4ef6-bfab-4eeb6746d3a8/datanode-4/data-0/containers/hdds to VolumeSet
2023-03-16 20:07:56,800 [Listener at 127.0.0.1/41725] INFO  volume.ThrottledAsyncChecker (ThrottledAsyncChecker.java:schedule(141)) - Scheduling a check for /home/runner/work/ozone/ozone/hadoop-ozone/integration-test/target/test-dir/MiniOzoneClusterImpl-8f5ebca4-26a9-4ef6-bfab-4eeb6746d3a8/datanode-4/data-0/containers/hdds
2023-03-16 20:07:56,800 [Listener at 127.0.0.1/41725] INFO  volume.StorageVolumeChecker (StorageVolumeChecker.java:checkAllVolumes(202)) - Scheduled health check for volume /home/runner/work/ozone/ozone/hadoop-ozone/integration-test/target/test-dir/MiniOzoneClusterImpl-8f5ebca4-26a9-4ef6-bfab-4eeb6746d3a8/datanode-4/data-0/containers/hdds
2023-03-16 20:07:56,816 [Listener at 127.0.0.1/41725] INFO  volume.MutableVolumeSet (MutableVolumeSet.java:initializeVolumeSet(174)) - Added Volume : /home/runner/work/ozone/ozone/hadoop-ozone/integration-test/target/test-dir/MiniOzoneClusterImpl-8f5ebca4-26a9-4ef6-bfab-4eeb6746d3a8/datanode-4/data/ratis to VolumeSet
2023-03-16 20:07:56,816 [Listener at 127.0.0.1/41725] INFO  volume.ThrottledAsyncChecker (ThrottledAsyncChecker.java:schedule(141)) - Scheduling a check for /home/runner/work/ozone/ozone/hadoop-ozone/integration-test/target/test-dir/MiniOzoneClusterImpl-8f5ebca4-26a9-4ef6-bfab-4eeb6746d3a8/datanode-4/data/ratis
2023-03-16 20:07:56,816 [Listener at 127.0.0.1/41725] INFO  volume.StorageVolumeChecker (StorageVolumeChecker.java:checkAllVolumes(202)) - Scheduled health check for volume /home/runner/work/ozone/ozone/hadoop-ozone/integration-test/target/test-dir/MiniOzoneClusterImpl-8f5ebca4-26a9-4ef6-bfab-4eeb6746d3a8/datanode-4/data/ratis
2023-03-16 20:07:56,835 [Thread-1526] INFO  ozoneimpl.ContainerReader (ContainerReader.java:readVolume(175)) - Finish verifying containers on volume /home/runner/work/ozone/ozone/hadoop-ozone/integration-test/target/test-dir/MiniOzoneClusterImpl-8f5ebca4-26a9-4ef6-bfab-4eeb6746d3a8/datanode-4/data-0/containers/hdds
2023-03-16 20:07:56,835 [Listener at 127.0.0.1/41725] INFO  ozoneimpl.OzoneContainer (OzoneContainer.java:buildContainerSet(307)) - Build ContainerSet costs 0s
2023-03-16 20:07:56,838 [Listener at 127.0.0.1/41725] INFO  server.RaftServer (ConfUtils.java:logGet(46)) - raft.rpc.type = GRPC (default)
2023-03-16 20:07:56,838 [Listener at 127.0.0.1/41725] INFO  grpc.GrpcConfigKeys (ConfUtils.java:logFallback(53)) - raft.grpc.admin.host = null (fallback to raft.grpc.server.host)
2023-03-16 20:07:56,838 [Listener at 127.0.0.1/41725] INFO  grpc.GrpcConfigKeys (ConfUtils.java:logGet(46)) - raft.grpc.admin.port = 0 (custom)
2023-03-16 20:07:56,838 [Listener at 127.0.0.1/41725] INFO  grpc.GrpcConfigKeys (ConfUtils.java:logFallback(53)) - raft.grpc.client.host = null (fallback to raft.grpc.server.host)
2023-03-16 20:07:56,838 [Listener at 127.0.0.1/41725] INFO  grpc.GrpcConfigKeys (ConfUtils.java:logGet(46)) - raft.grpc.client.port = 0 (custom)
2023-03-16 20:07:56,839 [Listener at 127.0.0.1/41725] INFO  grpc.GrpcConfigKeys (ConfUtils.java:logGet(46)) - raft.grpc.server.host = null (default)
2023-03-16 20:07:56,839 [Listener at 127.0.0.1/41725] INFO  grpc.GrpcConfigKeys (ConfUtils.java:logGet(46)) - raft.grpc.server.port = 0 (default)
2023-03-16 20:07:56,839 [Listener at 127.0.0.1/41725] INFO  server.GrpcService (ConfUtils.java:logGet(46)) - raft.grpc.message.size.max = 32MB (=33554432) (custom)
2023-03-16 20:07:56,839 [Listener at 127.0.0.1/41725] INFO  server.RaftServerConfigKeys (ConfUtils.java:logGet(46)) - raft.server.log.appender.buffer.byte-limit = 33554432 (custom)
2023-03-16 20:07:56,839 [Listener at 127.0.0.1/41725] INFO  server.GrpcService (ConfUtils.java:logGet(46)) - raft.grpc.flow.control.window = 5MB (=5242880) (custom)
2023-03-16 20:07:56,839 [Listener at 127.0.0.1/41725] INFO  server.RaftServerConfigKeys (ConfUtils.java:logGet(46)) - raft.server.rpc.request.timeout = 60s (custom)
2023-03-16 20:07:56,840 [Listener at 127.0.0.1/41725] INFO  grpc.GrpcConfigKeys (ConfUtils.java:logGet(46)) - raft.grpc.server.heartbeat.channel = true (default)
2023-03-16 20:07:56,840 [Listener at 127.0.0.1/41725] INFO  grpc.GrpcConfigKeys (ConfUtils.java:logGet(46)) - raft.grpc.server.async.request.thread.pool.cached = true (default)
2023-03-16 20:07:56,840 [Listener at 127.0.0.1/41725] INFO  grpc.GrpcConfigKeys (ConfUtils.java:logGet(46)) - raft.grpc.server.async.request.thread.pool.size = 32 (default)
2023-03-16 20:07:56,842 [Listener at 127.0.0.1/41725] INFO  impl.DataStreamServerImpl (ConfUtils.java:logGet(46)) - raft.datastream.type = NETTY (custom)
2023-03-16 20:07:56,842 [Listener at 127.0.0.1/41725] INFO  server.RaftServerConfigKeys (ConfUtils.java:logGet(46)) - raft.server.data-stream.async.request.thread.pool.cached = false (default)
2023-03-16 20:07:56,842 [Listener at 127.0.0.1/41725] INFO  server.RaftServerConfigKeys (ConfUtils.java:logGet(46)) - raft.server.data-stream.async.request.thread.pool.size = 20 (custom)
2023-03-16 20:07:56,842 [Listener at 127.0.0.1/41725] INFO  server.RaftServerConfigKeys (ConfUtils.java:logGet(46)) - raft.server.data-stream.async.write.thread.pool.size = 16 (default)
2023-03-16 20:07:56,842 [Listener at 127.0.0.1/41725] INFO  server.RaftServerConfigKeys (ConfUtils.java:logGet(46)) - raft.server.data-stream.client.pool.size = 10 (default)
2023-03-16 20:07:56,843 [Listener at 127.0.0.1/41725] INFO  netty.NettyConfigKeys$DataStream (ConfUtils.java:logGet(46)) - raft.netty.dataStream.server.use-epoll = false (default)
2023-03-16 20:07:56,843 [Listener at 127.0.0.1/41725] INFO  netty.NettyConfigKeys$DataStream (ConfUtils.java:logGet(46)) - raft.netty.dataStream.server.boss-group.size = 0 (default)
2023-03-16 20:07:56,843 [Listener at 127.0.0.1/41725] INFO  netty.NettyConfigKeys$DataStream (ConfUtils.java:logGet(46)) - raft.netty.dataStream.server.worker-group.size = 0 (default)
2023-03-16 20:07:56,844 [Listener at 127.0.0.1/41725] INFO  netty.NettyConfigKeys$DataStream (ConfUtils.java:logGet(46)) - raft.netty.dataStream.server.tls.conf = null (default)
2023-03-16 20:07:56,844 [Listener at 127.0.0.1/41725] INFO  netty.NettyConfigKeys$DataStream (ConfUtils.java:logGet(46)) - raft.netty.dataStream.host = null (default)
2023-03-16 20:07:56,844 [Listener at 127.0.0.1/41725] INFO  netty.NettyConfigKeys$DataStream (ConfUtils.java:logGet(46)) - raft.netty.dataStream.port = 0 (default)
2023-03-16 20:07:56,844 [Listener at 127.0.0.1/41725] INFO  server.RaftServerConfigKeys (ConfUtils.java:logGet(46)) - raft.server.threadpool.proxy.cached = true (default)
2023-03-16 20:07:56,845 [Listener at 127.0.0.1/41725] INFO  server.RaftServerConfigKeys (ConfUtils.java:logGet(46)) - raft.server.threadpool.proxy.size = 0 (default)
2023-03-16 20:07:56,845 [Listener at 127.0.0.1/41725] INFO  server.RaftServerConfigKeys (ConfUtils.java:logGet(46)) - raft.server.rpc.slowness.timeout = 300s (custom)
2023-03-16 20:07:56,845 [Listener at 127.0.0.1/41725] INFO  server.RaftServerConfigKeys (ConfUtils.java:logGet(46)) - raft.server.leaderelection.leader.step-down.wait-time = 10s (default)
2023-03-16 20:07:56,845 [Listener at 127.0.0.1/41725] INFO  server.RaftServerConfigKeys (ConfUtils.java:logGet(46)) - raft.server.storage.dir = [/home/runner/work/ozone/ozone/hadoop-ozone/integration-test/target/test-dir/MiniOzoneClusterImpl-8f5ebca4-26a9-4ef6-bfab-4eeb6746d3a8/datanode-4/data/ratis] (custom)
2023-03-16 20:07:56,846 [f6cec9cd-4412-4a1e-af36-3453d03b0f80-NettyServerStreamRpc-bossGroup--thread1] INFO  logging.LoggingHandler (AbstractInternalLogger.java:log(148)) - [id: 0xab043c59] REGISTERED
2023-03-16 20:07:56,846 [f6cec9cd-4412-4a1e-af36-3453d03b0f80-NettyServerStreamRpc-bossGroup--thread1] INFO  logging.LoggingHandler (AbstractInternalLogger.java:log(148)) - [id: 0xab043c59] BIND: 0.0.0.0/0.0.0.0:0
2023-03-16 20:07:56,846 [f6cec9cd-4412-4a1e-af36-3453d03b0f80-NettyServerStreamRpc-bossGroup--thread1] INFO  logging.LoggingHandler (AbstractInternalLogger.java:log(148)) - [id: 0xab043c59, L:/0:0:0:0:0:0:0:0:36285] ACTIVE
2023-03-16 20:07:56,852 [Listener at 127.0.0.1/41725] INFO  server.XceiverServerGrpc (XceiverServerGrpc.java:<init>(132)) - GrpcServer channel type EpollServerSocketChannel
2023-03-16 20:07:56,856 [Listener at 127.0.0.1/41725] INFO  http.BaseHttpServer (BaseHttpServer.java:newHttpServer2BuilderForOzone(224)) - Starting Web-server for hddsDatanode at: http://0.0.0.0:0
2023-03-16 20:07:56,856 [Listener at 127.0.0.1/41725] INFO  http.BaseHttpServer (BaseHttpServer.java:<init>(111)) - Hadoop Security Enabled: false Ozone Security Enabled: false Ozone HTTP Security Enabled: false 
2023-03-16 20:07:56,857 [Listener at 127.0.0.1/41725] WARN  server.AuthenticationFilter (AuthenticationFilter.java:constructSecretProvider(240)) - Unable to initialize FileSignerSecretProvider, falling back to use random secrets. Reason: Could not read signature secret file: /home/runner/hadoop-http-auth-signature-secret
2023-03-16 20:07:56,860 [Listener at 127.0.0.1/41725] WARN  http.HttpRequestLog (HttpRequestLog.java:getRequestLog(103)) - Jetty request log can only be enabled using Log4j
2023-03-16 20:07:56,862 [Listener at 127.0.0.1/41725] INFO  http.HttpServer2 (HttpServer2.java:addGlobalFilter(1031)) - Added global filter 'safety' (class=org.apache.hadoop.hdds.server.http.HttpServer2$QuotingInputFilter)
2023-03-16 20:07:56,863 [Listener at 127.0.0.1/41725] INFO  http.HttpServer2 (HttpServer2.java:addFilter(1007)) - Added filter static_user_filter (class=org.apache.hadoop.http.lib.StaticUserWebFilter$StaticUserFilter) to context hddsDatanode
2023-03-16 20:07:56,863 [Listener at 127.0.0.1/41725] INFO  http.HttpServer2 (HttpServer2.java:addFilter(1015)) - Added filter static_user_filter (class=org.apache.hadoop.http.lib.StaticUserWebFilter$StaticUserFilter) to context logs
2023-03-16 20:07:56,863 [Listener at 127.0.0.1/41725] INFO  http.HttpServer2 (HttpServer2.java:addFilter(1015)) - Added filter static_user_filter (class=org.apache.hadoop.http.lib.StaticUserWebFilter$StaticUserFilter) to context static
2023-03-16 20:07:56,864 [Listener at 127.0.0.1/41725] INFO  http.BaseHttpServer (BaseHttpServer.java:<init>(190)) - HTTP server of hddsDatanode uses base directory /home/runner/work/ozone/ozone/hadoop-ozone/integration-test/target/test-dir/MiniOzoneClusterImpl-8f5ebca4-26a9-4ef6-bfab-4eeb6746d3a8/datanode-4/meta/webserver
2023-03-16 20:07:56,864 [Listener at 127.0.0.1/41725] INFO  http.HttpServer2 (HttpServer2.java:bindListener(1250)) - Jetty bound to port 39279
2023-03-16 20:07:56,864 [Listener at 127.0.0.1/41725] INFO  server.Server (Server.java:doStart(375)) - jetty-9.4.49.v20220914; built: 2022-09-14T01:07:36.601Z; git: 4231a3b2e4cb8548a412a789936d640a97b1aa0a; jvm 1.8.0_362-b09
2023-03-16 20:07:56,866 [Listener at 127.0.0.1/41725] INFO  server.session (DefaultSessionIdManager.java:doStart(334)) - DefaultSessionIdManager workerName=node0
2023-03-16 20:07:56,866 [Listener at 127.0.0.1/41725] INFO  server.session (DefaultSessionIdManager.java:doStart(339)) - No SessionScavenger set, using defaults
2023-03-16 20:07:56,867 [Listener at 127.0.0.1/41725] INFO  server.session (HouseKeeper.java:startScavenging(132)) - node0 Scavenging every 600000ms
2023-03-16 20:07:56,867 [Listener at 127.0.0.1/41725] INFO  handler.ContextHandler (ContextHandler.java:doStart(921)) - Started o.e.j.s.ServletContextHandler@16502f10{logs,/logs,file:///home/runner/work/ozone/ozone/hadoop-ozone/integration-test/target/log,AVAILABLE}
2023-03-16 20:07:56,868 [Listener at 127.0.0.1/41725] INFO  handler.ContextHandler (ContextHandler.java:doStart(921)) - Started o.e.j.s.ServletContextHandler@38cc8abd{static,/static,jar:file:/home/runner/.m2/repository/org/apache/ozone/hdds-container-service/1.4.0-SNAPSHOT/hdds-container-service-1.4.0-SNAPSHOT.jar!/webapps/static,AVAILABLE}
2023-03-16 20:07:57,130 [Listener at 127.0.0.1/41725] INFO  handler.ContextHandler (ContextHandler.java:doStart(921)) - Started o.e.j.w.WebAppContext@1e614026{hddsDatanode,/,file:///home/runner/work/ozone/ozone/hadoop-ozone/integration-test/target/test-dir/MiniOzoneClusterImpl-8f5ebca4-26a9-4ef6-bfab-4eeb6746d3a8/datanode-4/meta/webserver/jetty-0_0_0_0-39279-hdds-container-service-1_4_0-SNAPSHOT_jar-_-any-3844984975549781050/webapp/,AVAILABLE}{jar:file:/home/runner/.m2/repository/org/apache/ozone/hdds-container-service/1.4.0-SNAPSHOT/hdds-container-service-1.4.0-SNAPSHOT.jar!/webapps/hddsDatanode}
2023-03-16 20:07:57,132 [Listener at 127.0.0.1/41725] INFO  server.AbstractConnector (AbstractConnector.java:doStart(333)) - Started ServerConnector@d65e2b4{HTTP/1.1, (http/1.1)}{0.0.0.0:39279}
2023-03-16 20:07:57,132 [Listener at 127.0.0.1/41725] INFO  server.Server (Server.java:doStart(415)) - Started @254604ms
2023-03-16 20:07:57,132 [Listener at 127.0.0.1/41725] WARN  impl.MetricsSystemImpl (MetricsSystemImpl.java:register(279)) - Sink prometheus already exists!
2023-03-16 20:07:57,133 [Listener at 127.0.0.1/41725] INFO  http.BaseHttpServer (BaseHttpServer.java:updateConnectorAddress(344)) - HTTP server of hddsDatanode listening at http://0.0.0.0:39279
2023-03-16 20:07:57,134 [Datanode State Machine Daemon Thread] INFO  statemachine.DatanodeStateMachine (DatanodeStateMachine.java:lambda$startDaemon$0(517)) - Ozone container server started.
2023-03-16 20:07:57,134 [Listener at 127.0.0.1/41725] INFO  ozone.MiniOzoneClusterImpl (MiniOzoneClusterImpl.java:lambda$waitForClusterToBeReady$0(222)) - Waiting for nodes to be ready. Got 0 of 5 DN Heartbeats.
2023-03-16 20:07:57,138 [Listener at 127.0.0.1/41725] INFO  ozone.MiniOzoneClusterImpl (MiniOzoneClusterImpl.java:lambda$waitForClusterToBeReady$0(225)) - Waiting for cluster to exit safe mode
2023-03-16 20:07:57,138 [Listener at 127.0.0.1/41725] INFO  ozone.MiniOzoneClusterImpl (MiniOzoneClusterImpl.java:lambda$waitForClusterToBeReady$0(227)) - SCM became leader
2023-03-16 20:07:57,141 [org.apache.hadoop.util.JvmPauseMonitor$Monitor@61e5e528] INFO  util.JvmPauseMonitor (JvmPauseMonitor.java:run(188)) - Starting JVM pause monitor
2023-03-16 20:07:57,142 [Datanode State Machine Task Thread - 0] INFO  datanode.InitDatanodeState (InitDatanodeState.java:persistContainerDatanodeDetails(138)) - DatanodeDetails is persisted to /home/runner/work/ozone/ozone/hadoop-ozone/integration-test/target/test-dir/MiniOzoneClusterImpl-8f5ebca4-26a9-4ef6-bfab-4eeb6746d3a8/datanode-4/meta/datanode.id
2023-03-16 20:07:57,418 [EndpointStateMachine task thread for /0.0.0.0:43355 - 0 ] INFO  utils.DatanodeStoreCache (DatanodeStoreCache.java:addDB(58)) - Added db /home/runner/work/ozone/ozone/hadoop-ozone/integration-test/target/test-dir/MiniOzoneClusterImpl-8f5ebca4-26a9-4ef6-bfab-4eeb6746d3a8/datanode-0/data-0/containers/hdds/8f5ebca4-26a9-4ef6-bfab-4eeb6746d3a8/DS-297d044e-5f34-4a0b-95ad-ec96019154da/container.db to cache
2023-03-16 20:07:57,418 [EndpointStateMachine task thread for /0.0.0.0:43355 - 0 ] INFO  volume.HddsVolume (HddsVolume.java:createDbStore(349)) - SchemaV3 db is created and loaded at /home/runner/work/ozone/ozone/hadoop-ozone/integration-test/target/test-dir/MiniOzoneClusterImpl-8f5ebca4-26a9-4ef6-bfab-4eeb6746d3a8/datanode-0/data-0/containers/hdds/8f5ebca4-26a9-4ef6-bfab-4eeb6746d3a8/DS-297d044e-5f34-4a0b-95ad-ec96019154da/container.db for volume DS-297d044e-5f34-4a0b-95ad-ec96019154da
2023-03-16 20:07:57,418 [EndpointStateMachine task thread for /0.0.0.0:43355 - 0 ] INFO  ozoneimpl.OzoneContainer (OzoneContainer.java:start(401)) - Attempting to start container services.
2023-03-16 20:07:57,419 [EndpointStateMachine task thread for /0.0.0.0:43355 - 0 ] INFO  ozoneimpl.OzoneContainer (OzoneContainer.java:startContainerScrub(318)) - Scheduled background container scanners and the on-demand container scanner have been disabled.
2023-03-16 20:07:57,423 [EndpointStateMachine task thread for /0.0.0.0:43355 - 0 ] INFO  replication.ReplicationServer (ReplicationServer.java:start(109)) - ReplicationServer is started using port 44249
2023-03-16 20:07:57,424 [EndpointStateMachine task thread for /0.0.0.0:43355 - 0 ] INFO  ratis.XceiverServerRatis (XceiverServerRatis.java:start(518)) - Starting XceiverServerRatis a92d4c5c-0e58-445a-9596-01977366270e
2023-03-16 20:07:57,425 [EndpointStateMachine task thread for /0.0.0.0:43355 - 0 ] INFO  server.RaftServer (RaftServerProxy.java:startImpl(393)) - a92d4c5c-0e58-445a-9596-01977366270e: start RPC server
2023-03-16 20:07:57,427 [EndpointStateMachine task thread for /0.0.0.0:43355 - 0 ] INFO  server.GrpcService (GrpcService.java:startImpl(262)) - a92d4c5c-0e58-445a-9596-01977366270e: GrpcService started, listening on 41359
2023-03-16 20:07:57,427 [EndpointStateMachine task thread for /0.0.0.0:43355 - 0 ] INFO  ratis.XceiverServerRatis (XceiverServerRatis.java:getRealPort(544)) - XceiverServerRatis a92d4c5c-0e58-445a-9596-01977366270e is started using port 41359 for RATIS
2023-03-16 20:07:57,427 [EndpointStateMachine task thread for /0.0.0.0:43355 - 0 ] INFO  ratis.XceiverServerRatis (XceiverServerRatis.java:getRealPort(544)) - XceiverServerRatis a92d4c5c-0e58-445a-9596-01977366270e is started using port 41359 for RATIS_ADMIN
2023-03-16 20:07:57,427 [JvmPauseMonitor17] INFO  util.JvmPauseMonitor (JvmPauseMonitor.java:run(105)) - JvmPauseMonitor-a92d4c5c-0e58-445a-9596-01977366270e: Started
2023-03-16 20:07:57,427 [EndpointStateMachine task thread for /0.0.0.0:43355 - 0 ] INFO  ratis.XceiverServerRatis (XceiverServerRatis.java:getRealPort(544)) - XceiverServerRatis a92d4c5c-0e58-445a-9596-01977366270e is started using port 41359 for RATIS_SERVER
2023-03-16 20:07:57,427 [EndpointStateMachine task thread for /0.0.0.0:43355 - 0 ] INFO  ratis.XceiverServerRatis (XceiverServerRatis.java:getRealPort(544)) - XceiverServerRatis a92d4c5c-0e58-445a-9596-01977366270e is started using port 40573 for RATIS_DATASTREAM
2023-03-16 20:07:57,438 [EndpointStateMachine task thread for /0.0.0.0:43355 - 0 ] INFO  server.XceiverServerGrpc (XceiverServerGrpc.java:start(180)) - XceiverServerGrpc a92d4c5c-0e58-445a-9596-01977366270e is started using port 33847
2023-03-16 20:07:57,439 [BlockDeletingService#0] INFO  interfaces.ContainerDeletionChoosingPolicyTemplate (ContainerDeletionChoosingPolicyTemplate.java:chooseContainerForBlockDeletion(83)) - Chosen 0/5000 blocks from 0 candidate containers.
2023-03-16 20:07:57,845 [EndpointStateMachine task thread for /0.0.0.0:43355 - 0 ] INFO  utils.DatanodeStoreCache (DatanodeStoreCache.java:addDB(58)) - Added db /home/runner/work/ozone/ozone/hadoop-ozone/integration-test/target/test-dir/MiniOzoneClusterImpl-8f5ebca4-26a9-4ef6-bfab-4eeb6746d3a8/datanode-1/data-0/containers/hdds/8f5ebca4-26a9-4ef6-bfab-4eeb6746d3a8/DS-aeed8c91-5fc4-43e8-9be9-82c5d1c7eb4f/container.db to cache
2023-03-16 20:07:57,845 [EndpointStateMachine task thread for /0.0.0.0:43355 - 0 ] INFO  volume.HddsVolume (HddsVolume.java:createDbStore(349)) - SchemaV3 db is created and loaded at /home/runner/work/ozone/ozone/hadoop-ozone/integration-test/target/test-dir/MiniOzoneClusterImpl-8f5ebca4-26a9-4ef6-bfab-4eeb6746d3a8/datanode-1/data-0/containers/hdds/8f5ebca4-26a9-4ef6-bfab-4eeb6746d3a8/DS-aeed8c91-5fc4-43e8-9be9-82c5d1c7eb4f/container.db for volume DS-aeed8c91-5fc4-43e8-9be9-82c5d1c7eb4f
2023-03-16 20:07:57,845 [EndpointStateMachine task thread for /0.0.0.0:43355 - 0 ] INFO  ozoneimpl.OzoneContainer (OzoneContainer.java:start(401)) - Attempting to start container services.
2023-03-16 20:07:57,848 [EndpointStateMachine task thread for /0.0.0.0:43355 - 0 ] INFO  ozoneimpl.OzoneContainer (OzoneContainer.java:startContainerScrub(318)) - Scheduled background container scanners and the on-demand container scanner have been disabled.
2023-03-16 20:07:57,851 [EndpointStateMachine task thread for /0.0.0.0:43355 - 0 ] INFO  replication.ReplicationServer (ReplicationServer.java:start(109)) - ReplicationServer is started using port 39559
2023-03-16 20:07:57,852 [EndpointStateMachine task thread for /0.0.0.0:43355 - 0 ] INFO  ratis.XceiverServerRatis (XceiverServerRatis.java:start(518)) - Starting XceiverServerRatis 317f44fb-1afb-4ae0-a6b8-d51e7e741648
2023-03-16 20:07:57,853 [EndpointStateMachine task thread for /0.0.0.0:43355 - 0 ] INFO  server.RaftServer (RaftServerProxy.java:startImpl(393)) - 317f44fb-1afb-4ae0-a6b8-d51e7e741648: start RPC server
2023-03-16 20:07:57,859 [EndpointStateMachine task thread for /0.0.0.0:43355 - 0 ] INFO  server.GrpcService (GrpcService.java:startImpl(262)) - 317f44fb-1afb-4ae0-a6b8-d51e7e741648: GrpcService started, listening on 36595
2023-03-16 20:07:57,859 [EndpointStateMachine task thread for /0.0.0.0:43355 - 0 ] INFO  ratis.XceiverServerRatis (XceiverServerRatis.java:getRealPort(544)) - XceiverServerRatis 317f44fb-1afb-4ae0-a6b8-d51e7e741648 is started using port 36595 for RATIS
2023-03-16 20:07:57,859 [EndpointStateMachine task thread for /0.0.0.0:43355 - 0 ] INFO  ratis.XceiverServerRatis (XceiverServerRatis.java:getRealPort(544)) - XceiverServerRatis 317f44fb-1afb-4ae0-a6b8-d51e7e741648 is started using port 36595 for RATIS_ADMIN
2023-03-16 20:07:57,859 [JvmPauseMonitor18] INFO  util.JvmPauseMonitor (JvmPauseMonitor.java:run(105)) - JvmPauseMonitor-317f44fb-1afb-4ae0-a6b8-d51e7e741648: Started
2023-03-16 20:07:57,859 [EndpointStateMachine task thread for /0.0.0.0:43355 - 0 ] INFO  ratis.XceiverServerRatis (XceiverServerRatis.java:getRealPort(544)) - XceiverServerRatis 317f44fb-1afb-4ae0-a6b8-d51e7e741648 is started using port 36595 for RATIS_SERVER
2023-03-16 20:07:57,859 [EndpointStateMachine task thread for /0.0.0.0:43355 - 0 ] INFO  ratis.XceiverServerRatis (XceiverServerRatis.java:getRealPort(544)) - XceiverServerRatis 317f44fb-1afb-4ae0-a6b8-d51e7e741648 is started using port 33917 for RATIS_DATASTREAM
2023-03-16 20:07:57,871 [EndpointStateMachine task thread for /0.0.0.0:43355 - 0 ] INFO  server.XceiverServerGrpc (XceiverServerGrpc.java:start(180)) - XceiverServerGrpc 317f44fb-1afb-4ae0-a6b8-d51e7e741648 is started using port 33573
2023-03-16 20:07:57,872 [BlockDeletingService#0] INFO  interfaces.ContainerDeletionChoosingPolicyTemplate (ContainerDeletionChoosingPolicyTemplate.java:chooseContainerForBlockDeletion(83)) - Chosen 0/5000 blocks from 0 candidate containers.
2023-03-16 20:07:58,138 [Listener at 127.0.0.1/41725] INFO  ozone.MiniOzoneClusterImpl (MiniOzoneClusterImpl.java:lambda$waitForClusterToBeReady$0(222)) - Waiting for nodes to be ready. Got 0 of 5 DN Heartbeats.
2023-03-16 20:07:58,138 [Listener at 127.0.0.1/41725] INFO  ozone.MiniOzoneClusterImpl (MiniOzoneClusterImpl.java:lambda$waitForClusterToBeReady$0(225)) - Waiting for cluster to exit safe mode
2023-03-16 20:07:58,139 [Listener at 127.0.0.1/41725] INFO  ozone.MiniOzoneClusterImpl (MiniOzoneClusterImpl.java:lambda$waitForClusterToBeReady$0(227)) - SCM became leader
2023-03-16 20:07:58,291 [EndpointStateMachine task thread for /0.0.0.0:43355 - 0 ] INFO  utils.DatanodeStoreCache (DatanodeStoreCache.java:addDB(58)) - Added db /home/runner/work/ozone/ozone/hadoop-ozone/integration-test/target/test-dir/MiniOzoneClusterImpl-8f5ebca4-26a9-4ef6-bfab-4eeb6746d3a8/datanode-2/data-0/containers/hdds/8f5ebca4-26a9-4ef6-bfab-4eeb6746d3a8/DS-49cb8330-9c04-4344-91e2-7e9c5e9d402d/container.db to cache
2023-03-16 20:07:58,291 [EndpointStateMachine task thread for /0.0.0.0:43355 - 0 ] INFO  volume.HddsVolume (HddsVolume.java:createDbStore(349)) - SchemaV3 db is created and loaded at /home/runner/work/ozone/ozone/hadoop-ozone/integration-test/target/test-dir/MiniOzoneClusterImpl-8f5ebca4-26a9-4ef6-bfab-4eeb6746d3a8/datanode-2/data-0/containers/hdds/8f5ebca4-26a9-4ef6-bfab-4eeb6746d3a8/DS-49cb8330-9c04-4344-91e2-7e9c5e9d402d/container.db for volume DS-49cb8330-9c04-4344-91e2-7e9c5e9d402d
2023-03-16 20:07:58,291 [EndpointStateMachine task thread for /0.0.0.0:43355 - 0 ] INFO  ozoneimpl.OzoneContainer (OzoneContainer.java:start(401)) - Attempting to start container services.
2023-03-16 20:07:58,291 [EndpointStateMachine task thread for /0.0.0.0:43355 - 0 ] INFO  ozoneimpl.OzoneContainer (OzoneContainer.java:startContainerScrub(318)) - Scheduled background container scanners and the on-demand container scanner have been disabled.
2023-03-16 20:07:58,300 [EndpointStateMachine task thread for /0.0.0.0:43355 - 0 ] INFO  replication.ReplicationServer (ReplicationServer.java:start(109)) - ReplicationServer is started using port 35139
2023-03-16 20:07:58,301 [EndpointStateMachine task thread for /0.0.0.0:43355 - 0 ] INFO  ratis.XceiverServerRatis (XceiverServerRatis.java:start(518)) - Starting XceiverServerRatis 5bf8ace6-d9a7-430b-8471-debd47753f31
2023-03-16 20:07:58,302 [EndpointStateMachine task thread for /0.0.0.0:43355 - 0 ] INFO  server.RaftServer (RaftServerProxy.java:startImpl(393)) - 5bf8ace6-d9a7-430b-8471-debd47753f31: start RPC server
2023-03-16 20:07:58,305 [EndpointStateMachine task thread for /0.0.0.0:43355 - 0 ] INFO  server.GrpcService (GrpcService.java:startImpl(262)) - 5bf8ace6-d9a7-430b-8471-debd47753f31: GrpcService started, listening on 46469
2023-03-16 20:07:58,306 [EndpointStateMachine task thread for /0.0.0.0:43355 - 0 ] INFO  ratis.XceiverServerRatis (XceiverServerRatis.java:getRealPort(544)) - XceiverServerRatis 5bf8ace6-d9a7-430b-8471-debd47753f31 is started using port 46469 for RATIS
2023-03-16 20:07:58,306 [JvmPauseMonitor19] INFO  util.JvmPauseMonitor (JvmPauseMonitor.java:run(105)) - JvmPauseMonitor-5bf8ace6-d9a7-430b-8471-debd47753f31: Started
2023-03-16 20:07:58,306 [EndpointStateMachine task thread for /0.0.0.0:43355 - 0 ] INFO  ratis.XceiverServerRatis (XceiverServerRatis.java:getRealPort(544)) - XceiverServerRatis 5bf8ace6-d9a7-430b-8471-debd47753f31 is started using port 46469 for RATIS_ADMIN
2023-03-16 20:07:58,309 [EndpointStateMachine task thread for /0.0.0.0:43355 - 0 ] INFO  ratis.XceiverServerRatis (XceiverServerRatis.java:getRealPort(544)) - XceiverServerRatis 5bf8ace6-d9a7-430b-8471-debd47753f31 is started using port 46469 for RATIS_SERVER
2023-03-16 20:07:58,309 [EndpointStateMachine task thread for /0.0.0.0:43355 - 0 ] INFO  ratis.XceiverServerRatis (XceiverServerRatis.java:getRealPort(544)) - XceiverServerRatis 5bf8ace6-d9a7-430b-8471-debd47753f31 is started using port 34659 for RATIS_DATASTREAM
2023-03-16 20:07:58,312 [EndpointStateMachine task thread for /0.0.0.0:43355 - 0 ] INFO  server.XceiverServerGrpc (XceiverServerGrpc.java:start(180)) - XceiverServerGrpc 5bf8ace6-d9a7-430b-8471-debd47753f31 is started using port 45835
2023-03-16 20:07:58,313 [BlockDeletingService#0] INFO  interfaces.ContainerDeletionChoosingPolicyTemplate (ContainerDeletionChoosingPolicyTemplate.java:chooseContainerForBlockDeletion(83)) - Chosen 0/5000 blocks from 0 candidate containers.
2023-03-16 20:07:58,743 [EndpointStateMachine task thread for /0.0.0.0:43355 - 0 ] INFO  utils.DatanodeStoreCache (DatanodeStoreCache.java:addDB(58)) - Added db /home/runner/work/ozone/ozone/hadoop-ozone/integration-test/target/test-dir/MiniOzoneClusterImpl-8f5ebca4-26a9-4ef6-bfab-4eeb6746d3a8/datanode-3/data-0/containers/hdds/8f5ebca4-26a9-4ef6-bfab-4eeb6746d3a8/DS-9d4c5ed8-fb59-4ad8-910e-8a646484bd09/container.db to cache
2023-03-16 20:07:58,743 [EndpointStateMachine task thread for /0.0.0.0:43355 - 0 ] INFO  volume.HddsVolume (HddsVolume.java:createDbStore(349)) - SchemaV3 db is created and loaded at /home/runner/work/ozone/ozone/hadoop-ozone/integration-test/target/test-dir/MiniOzoneClusterImpl-8f5ebca4-26a9-4ef6-bfab-4eeb6746d3a8/datanode-3/data-0/containers/hdds/8f5ebca4-26a9-4ef6-bfab-4eeb6746d3a8/DS-9d4c5ed8-fb59-4ad8-910e-8a646484bd09/container.db for volume DS-9d4c5ed8-fb59-4ad8-910e-8a646484bd09
2023-03-16 20:07:58,744 [EndpointStateMachine task thread for /0.0.0.0:43355 - 0 ] INFO  ozoneimpl.OzoneContainer (OzoneContainer.java:start(401)) - Attempting to start container services.
2023-03-16 20:07:58,744 [EndpointStateMachine task thread for /0.0.0.0:43355 - 0 ] INFO  ozoneimpl.OzoneContainer (OzoneContainer.java:startContainerScrub(318)) - Scheduled background container scanners and the on-demand container scanner have been disabled.
2023-03-16 20:07:58,750 [EndpointStateMachine task thread for /0.0.0.0:43355 - 0 ] INFO  replication.ReplicationServer (ReplicationServer.java:start(109)) - ReplicationServer is started using port 34043
2023-03-16 20:07:58,753 [EndpointStateMachine task thread for /0.0.0.0:43355 - 0 ] INFO  ratis.XceiverServerRatis (XceiverServerRatis.java:start(518)) - Starting XceiverServerRatis b217dba7-a907-4568-b361-a689a501c82e
2023-03-16 20:07:58,760 [EndpointStateMachine task thread for /0.0.0.0:43355 - 0 ] INFO  server.RaftServer (RaftServerProxy.java:startImpl(393)) - b217dba7-a907-4568-b361-a689a501c82e: start RPC server
2023-03-16 20:07:58,764 [EndpointStateMachine task thread for /0.0.0.0:43355 - 0 ] INFO  server.GrpcService (GrpcService.java:startImpl(262)) - b217dba7-a907-4568-b361-a689a501c82e: GrpcService started, listening on 43357
2023-03-16 20:07:58,765 [EndpointStateMachine task thread for /0.0.0.0:43355 - 0 ] INFO  ratis.XceiverServerRatis (XceiverServerRatis.java:getRealPort(544)) - XceiverServerRatis b217dba7-a907-4568-b361-a689a501c82e is started using port 43357 for RATIS
2023-03-16 20:07:58,765 [EndpointStateMachine task thread for /0.0.0.0:43355 - 0 ] INFO  ratis.XceiverServerRatis (XceiverServerRatis.java:getRealPort(544)) - XceiverServerRatis b217dba7-a907-4568-b361-a689a501c82e is started using port 43357 for RATIS_ADMIN
2023-03-16 20:07:58,766 [EndpointStateMachine task thread for /0.0.0.0:43355 - 0 ] INFO  ratis.XceiverServerRatis (XceiverServerRatis.java:getRealPort(544)) - XceiverServerRatis b217dba7-a907-4568-b361-a689a501c82e is started using port 43357 for RATIS_SERVER
2023-03-16 20:07:58,766 [EndpointStateMachine task thread for /0.0.0.0:43355 - 0 ] INFO  ratis.XceiverServerRatis (XceiverServerRatis.java:getRealPort(544)) - XceiverServerRatis b217dba7-a907-4568-b361-a689a501c82e is started using port 35569 for RATIS_DATASTREAM
2023-03-16 20:07:58,766 [JvmPauseMonitor20] INFO  util.JvmPauseMonitor (JvmPauseMonitor.java:run(105)) - JvmPauseMonitor-b217dba7-a907-4568-b361-a689a501c82e: Started
2023-03-16 20:07:58,769 [EndpointStateMachine task thread for /0.0.0.0:43355 - 0 ] INFO  server.XceiverServerGrpc (XceiverServerGrpc.java:start(180)) - XceiverServerGrpc b217dba7-a907-4568-b361-a689a501c82e is started using port 46859
2023-03-16 20:07:58,770 [BlockDeletingService#0] INFO  interfaces.ContainerDeletionChoosingPolicyTemplate (ContainerDeletionChoosingPolicyTemplate.java:chooseContainerForBlockDeletion(83)) - Chosen 0/5000 blocks from 0 candidate containers.
2023-03-16 20:07:59,139 [Listener at 127.0.0.1/41725] INFO  ozone.MiniOzoneClusterImpl (MiniOzoneClusterImpl.java:lambda$waitForClusterToBeReady$0(222)) - Waiting for nodes to be ready. Got 0 of 5 DN Heartbeats.
2023-03-16 20:07:59,139 [Listener at 127.0.0.1/41725] INFO  ozone.MiniOzoneClusterImpl (MiniOzoneClusterImpl.java:lambda$waitForClusterToBeReady$0(225)) - Waiting for cluster to exit safe mode
2023-03-16 20:07:59,139 [Listener at 127.0.0.1/41725] INFO  ozone.MiniOzoneClusterImpl (MiniOzoneClusterImpl.java:lambda$waitForClusterToBeReady$0(227)) - SCM became leader
2023-03-16 20:07:59,199 [EndpointStateMachine task thread for /0.0.0.0:43355 - 0 ] INFO  utils.DatanodeStoreCache (DatanodeStoreCache.java:addDB(58)) - Added db /home/runner/work/ozone/ozone/hadoop-ozone/integration-test/target/test-dir/MiniOzoneClusterImpl-8f5ebca4-26a9-4ef6-bfab-4eeb6746d3a8/datanode-4/data-0/containers/hdds/8f5ebca4-26a9-4ef6-bfab-4eeb6746d3a8/DS-268c2e97-b453-4d74-9bbb-dbabf4ddfdc7/container.db to cache
2023-03-16 20:07:59,199 [EndpointStateMachine task thread for /0.0.0.0:43355 - 0 ] INFO  volume.HddsVolume (HddsVolume.java:createDbStore(349)) - SchemaV3 db is created and loaded at /home/runner/work/ozone/ozone/hadoop-ozone/integration-test/target/test-dir/MiniOzoneClusterImpl-8f5ebca4-26a9-4ef6-bfab-4eeb6746d3a8/datanode-4/data-0/containers/hdds/8f5ebca4-26a9-4ef6-bfab-4eeb6746d3a8/DS-268c2e97-b453-4d74-9bbb-dbabf4ddfdc7/container.db for volume DS-268c2e97-b453-4d74-9bbb-dbabf4ddfdc7
2023-03-16 20:07:59,200 [EndpointStateMachine task thread for /0.0.0.0:43355 - 0 ] INFO  ozoneimpl.OzoneContainer (OzoneContainer.java:start(401)) - Attempting to start container services.
2023-03-16 20:07:59,200 [EndpointStateMachine task thread for /0.0.0.0:43355 - 0 ] INFO  ozoneimpl.OzoneContainer (OzoneContainer.java:startContainerScrub(318)) - Scheduled background container scanners and the on-demand container scanner have been disabled.
2023-03-16 20:07:59,204 [EndpointStateMachine task thread for /0.0.0.0:43355 - 0 ] INFO  replication.ReplicationServer (ReplicationServer.java:start(109)) - ReplicationServer is started using port 42365
2023-03-16 20:07:59,206 [EndpointStateMachine task thread for /0.0.0.0:43355 - 0 ] INFO  ratis.XceiverServerRatis (XceiverServerRatis.java:start(518)) - Starting XceiverServerRatis f6cec9cd-4412-4a1e-af36-3453d03b0f80
2023-03-16 20:07:59,207 [EndpointStateMachine task thread for /0.0.0.0:43355 - 0 ] INFO  server.RaftServer (RaftServerProxy.java:startImpl(393)) - f6cec9cd-4412-4a1e-af36-3453d03b0f80: start RPC server
2023-03-16 20:07:59,212 [EndpointStateMachine task thread for /0.0.0.0:43355 - 0 ] INFO  server.GrpcService (GrpcService.java:startImpl(262)) - f6cec9cd-4412-4a1e-af36-3453d03b0f80: GrpcService started, listening on 45065
2023-03-16 20:07:59,212 [EndpointStateMachine task thread for /0.0.0.0:43355 - 0 ] INFO  ratis.XceiverServerRatis (XceiverServerRatis.java:getRealPort(544)) - XceiverServerRatis f6cec9cd-4412-4a1e-af36-3453d03b0f80 is started using port 45065 for RATIS
2023-03-16 20:07:59,212 [EndpointStateMachine task thread for /0.0.0.0:43355 - 0 ] INFO  ratis.XceiverServerRatis (XceiverServerRatis.java:getRealPort(544)) - XceiverServerRatis f6cec9cd-4412-4a1e-af36-3453d03b0f80 is started using port 45065 for RATIS_ADMIN
2023-03-16 20:07:59,212 [JvmPauseMonitor21] INFO  util.JvmPauseMonitor (JvmPauseMonitor.java:run(105)) - JvmPauseMonitor-f6cec9cd-4412-4a1e-af36-3453d03b0f80: Started
2023-03-16 20:07:59,212 [EndpointStateMachine task thread for /0.0.0.0:43355 - 0 ] INFO  ratis.XceiverServerRatis (XceiverServerRatis.java:getRealPort(544)) - XceiverServerRatis f6cec9cd-4412-4a1e-af36-3453d03b0f80 is started using port 45065 for RATIS_SERVER
2023-03-16 20:07:59,212 [EndpointStateMachine task thread for /0.0.0.0:43355 - 0 ] INFO  ratis.XceiverServerRatis (XceiverServerRatis.java:getRealPort(544)) - XceiverServerRatis f6cec9cd-4412-4a1e-af36-3453d03b0f80 is started using port 36285 for RATIS_DATASTREAM
2023-03-16 20:07:59,215 [EndpointStateMachine task thread for /0.0.0.0:43355 - 0 ] INFO  server.XceiverServerGrpc (XceiverServerGrpc.java:start(180)) - XceiverServerGrpc f6cec9cd-4412-4a1e-af36-3453d03b0f80 is started using port 43841
2023-03-16 20:07:59,216 [BlockDeletingService#0] INFO  interfaces.ContainerDeletionChoosingPolicyTemplate (ContainerDeletionChoosingPolicyTemplate.java:chooseContainerForBlockDeletion(83)) - Chosen 0/5000 blocks from 0 candidate containers.
2023-03-16 20:07:59,358 [IPC Server handler 9 on default port 43355] INFO  net.NetworkTopologyImpl (NetworkTopologyImpl.java:add(112)) - Added a new node: /default-rack/a92d4c5c-0e58-445a-9596-01977366270e
2023-03-16 20:07:59,358 [IPC Server handler 9 on default port 43355] INFO  node.SCMNodeManager (SCMNodeManager.java:register(404)) - Registered Data node : a92d4c5c-0e58-445a-9596-01977366270e{ip: 10.1.0.41, host: fv-az371-917, ports: [REPLICATION=44249, RATIS=41359, RATIS_ADMIN=41359, RATIS_SERVER=41359, RATIS_DATASTREAM=40573, STANDALONE=33847], networkLocation: /default-rack, certSerialId: null, persistedOpState: null, persistedOpStateExpiryEpochSec: 0}
2023-03-16 20:07:59,362 [EventQueue-NodeRegistrationContainerReportForContainerSafeModeRule] INFO  safemode.SCMSafeModeManager (SCMSafeModeManager.java:validateSafeModeExitRules(200)) - ContainerSafeModeRule rule is successfully validated
2023-03-16 20:07:59,362 [EventQueue-NodeRegistrationContainerReportForDataNodeSafeModeRule] INFO  safemode.SCMSafeModeManager (DataNodeSafeModeRule.java:process(71)) - SCM in safe mode. 1 DataNodes registered, 3 required.
2023-03-16 20:07:59,364 [EventQueue-PipelineReportForOneReplicaPipelineSafeModeRule] INFO  safemode.SCMSafeModeManager (SCMSafeModeManager.java:validateSafeModeExitRules(200)) - AtleastOneDatanodeReportedRule rule is successfully validated
2023-03-16 20:07:59,365 [EventQueue-NewNodeForNewNodeHandler] INFO  pipeline.BackgroundPipelineCreator (BackgroundPipelineCreator.java:notifyEventTriggered(276)) - trigger a one-shot run on RatisPipelineUtilsThread.
2023-03-16 20:07:59,366 [RatisPipelineUtilsThread - 0] INFO  pipeline.RatisPipelineProvider (RatisPipelineProvider.java:lambda$create$0(206)) - Sending CreatePipelineCommand for pipeline:PipelineID=8dc3f4a4-af8d-4c58-9736-45a0c5326511 to datanode:a92d4c5c-0e58-445a-9596-01977366270e
2023-03-16 20:07:59,366 [RatisPipelineUtilsThread - 0] INFO  pipeline.PipelineStateManagerImpl (PipelineStateManagerImpl.java:addPipeline(103)) - Created pipeline Pipeline[ Id: 8dc3f4a4-af8d-4c58-9736-45a0c5326511, Nodes: a92d4c5c-0e58-445a-9596-01977366270e(fv-az371-917/10.1.0.41), ReplicationConfig: RATIS/ONE, State:ALLOCATED, leaderId:, CreationTimestamp2023-03-16T20:07:59.366Z[Etc/UTC]].
2023-03-16 20:07:59,800 [IPC Server handler 5 on default port 43355] INFO  net.NetworkTopologyImpl (NetworkTopologyImpl.java:add(112)) - Added a new node: /default-rack/317f44fb-1afb-4ae0-a6b8-d51e7e741648
2023-03-16 20:07:59,800 [IPC Server handler 5 on default port 43355] INFO  node.SCMNodeManager (SCMNodeManager.java:register(404)) - Registered Data node : 317f44fb-1afb-4ae0-a6b8-d51e7e741648{ip: 10.1.0.41, host: fv-az371-917, ports: [REPLICATION=39559, RATIS=36595, RATIS_ADMIN=36595, RATIS_SERVER=36595, RATIS_DATASTREAM=33917, STANDALONE=33573], networkLocation: /default-rack, certSerialId: null, persistedOpState: null, persistedOpStateExpiryEpochSec: 0}
2023-03-16 20:07:59,800 [EventQueue-NewNodeForNewNodeHandler] INFO  pipeline.BackgroundPipelineCreator (BackgroundPipelineCreator.java:notifyEventTriggered(276)) - trigger a one-shot run on RatisPipelineUtilsThread.
2023-03-16 20:07:59,801 [EventQueue-NodeRegistrationContainerReportForDataNodeSafeModeRule] INFO  safemode.SCMSafeModeManager (DataNodeSafeModeRule.java:process(71)) - SCM in safe mode. 2 DataNodes registered, 3 required.
2023-03-16 20:07:59,806 [RatisPipelineUtilsThread - 0] INFO  pipeline.RatisPipelineProvider (RatisPipelineProvider.java:lambda$create$0(206)) - Sending CreatePipelineCommand for pipeline:PipelineID=88a4a0a1-ce1b-4168-b4a7-d38e79148492 to datanode:317f44fb-1afb-4ae0-a6b8-d51e7e741648
2023-03-16 20:07:59,807 [RatisPipelineUtilsThread - 0] INFO  pipeline.PipelineStateManagerImpl (PipelineStateManagerImpl.java:addPipeline(103)) - Created pipeline Pipeline[ Id: 88a4a0a1-ce1b-4168-b4a7-d38e79148492, Nodes: 317f44fb-1afb-4ae0-a6b8-d51e7e741648(fv-az371-917/10.1.0.41), ReplicationConfig: RATIS/ONE, State:ALLOCATED, leaderId:, CreationTimestamp2023-03-16T20:07:59.806Z[Etc/UTC]].
2023-03-16 20:08:00,139 [Listener at 127.0.0.1/41725] INFO  ozone.MiniOzoneClusterImpl (MiniOzoneClusterImpl.java:lambda$waitForClusterToBeReady$0(222)) - Waiting for nodes to be ready. Got 2 of 5 DN Heartbeats.
2023-03-16 20:08:00,140 [Listener at 127.0.0.1/41725] INFO  ozone.MiniOzoneClusterImpl (MiniOzoneClusterImpl.java:lambda$waitForClusterToBeReady$0(225)) - Waiting for cluster to exit safe mode
2023-03-16 20:08:00,140 [Listener at 127.0.0.1/41725] INFO  ozone.MiniOzoneClusterImpl (MiniOzoneClusterImpl.java:lambda$waitForClusterToBeReady$0(227)) - SCM became leader
2023-03-16 20:08:00,232 [IPC Server handler 9 on default port 43355] INFO  net.NetworkTopologyImpl (NetworkTopologyImpl.java:add(112)) - Added a new node: /default-rack/5bf8ace6-d9a7-430b-8471-debd47753f31
2023-03-16 20:08:00,232 [IPC Server handler 9 on default port 43355] INFO  node.SCMNodeManager (SCMNodeManager.java:register(404)) - Registered Data node : 5bf8ace6-d9a7-430b-8471-debd47753f31{ip: 10.1.0.41, host: fv-az371-917, ports: [REPLICATION=35139, RATIS=46469, RATIS_ADMIN=46469, RATIS_SERVER=46469, RATIS_DATASTREAM=34659, STANDALONE=45835], networkLocation: /default-rack, certSerialId: null, persistedOpState: null, persistedOpStateExpiryEpochSec: 0}
2023-03-16 20:08:00,233 [EventQueue-NewNodeForNewNodeHandler] INFO  pipeline.BackgroundPipelineCreator (BackgroundPipelineCreator.java:notifyEventTriggered(276)) - trigger a one-shot run on RatisPipelineUtilsThread.
2023-03-16 20:08:00,233 [RatisPipelineUtilsThread - 0] INFO  pipeline.RatisPipelineProvider (RatisPipelineProvider.java:lambda$create$0(206)) - Sending CreatePipelineCommand for pipeline:PipelineID=1b9ee310-7893-49dc-b0a9-771ec73af0d4 to datanode:5bf8ace6-d9a7-430b-8471-debd47753f31
2023-03-16 20:08:00,234 [RatisPipelineUtilsThread - 0] INFO  pipeline.PipelineStateManagerImpl (PipelineStateManagerImpl.java:addPipeline(103)) - Created pipeline Pipeline[ Id: 1b9ee310-7893-49dc-b0a9-771ec73af0d4, Nodes: 5bf8ace6-d9a7-430b-8471-debd47753f31(fv-az371-917/10.1.0.41), ReplicationConfig: RATIS/ONE, State:ALLOCATED, leaderId:, CreationTimestamp2023-03-16T20:08:00.233Z[Etc/UTC]].
2023-03-16 20:08:00,239 [EventQueue-NodeRegistrationContainerReportForDataNodeSafeModeRule] INFO  safemode.SCMSafeModeManager (DataNodeSafeModeRule.java:process(71)) - SCM in safe mode. 3 DataNodes registered, 3 required.
2023-03-16 20:08:00,239 [EventQueue-NodeRegistrationContainerReportForDataNodeSafeModeRule] INFO  safemode.SCMSafeModeManager (SCMSafeModeManager.java:validateSafeModeExitRules(200)) - DataNodeSafeModeRule rule is successfully validated
2023-03-16 20:08:00,239 [EventQueue-NodeRegistrationContainerReportForDataNodeSafeModeRule] INFO  safemode.SCMSafeModeManager (SCMSafeModeManager.java:completePreCheck(229)) - All SCM safe mode pre check rules have passed
2023-03-16 20:08:00,239 [EventQueue-NodeRegistrationContainerReportForDataNodeSafeModeRule] INFO  ha.SCMContext (SCMContext.java:updateSafeModeStatus(228)) - Update SafeModeStatus from SafeModeStatus{safeModeStatus=true, preCheckPassed=false} to SafeModeStatus{safeModeStatus=true, preCheckPassed=true}.
2023-03-16 20:08:00,239 [EventQueue-NodeRegistrationContainerReportForDataNodeSafeModeRule] INFO  pipeline.BackgroundPipelineCreator (BackgroundPipelineCreator.java:notifyEventTriggered(276)) - trigger a one-shot run on RatisPipelineUtilsThread.
2023-03-16 20:08:00,240 [RatisPipelineUtilsThread - 0] INFO  pipeline.RatisPipelineProvider (RatisPipelineProvider.java:lambda$create$0(206)) - Sending CreatePipelineCommand for pipeline:PipelineID=a228162f-14e8-4f13-92af-ffb425d9032b to datanode:5bf8ace6-d9a7-430b-8471-debd47753f31
2023-03-16 20:08:00,240 [RatisPipelineUtilsThread - 0] INFO  pipeline.RatisPipelineProvider (RatisPipelineProvider.java:lambda$create$0(206)) - Sending CreatePipelineCommand for pipeline:PipelineID=a228162f-14e8-4f13-92af-ffb425d9032b to datanode:317f44fb-1afb-4ae0-a6b8-d51e7e741648
2023-03-16 20:08:00,240 [RatisPipelineUtilsThread - 0] INFO  pipeline.RatisPipelineProvider (RatisPipelineProvider.java:lambda$create$0(206)) - Sending CreatePipelineCommand for pipeline:PipelineID=a228162f-14e8-4f13-92af-ffb425d9032b to datanode:a92d4c5c-0e58-445a-9596-01977366270e
2023-03-16 20:08:00,240 [RatisPipelineUtilsThread - 0] INFO  pipeline.PipelineStateManagerImpl (PipelineStateManagerImpl.java:addPipeline(103)) - Created pipeline Pipeline[ Id: a228162f-14e8-4f13-92af-ffb425d9032b, Nodes: 5bf8ace6-d9a7-430b-8471-debd47753f31(fv-az371-917/10.1.0.41)317f44fb-1afb-4ae0-a6b8-d51e7e741648(fv-az371-917/10.1.0.41)a92d4c5c-0e58-445a-9596-01977366270e(fv-az371-917/10.1.0.41), ReplicationConfig: RATIS/THREE, State:ALLOCATED, leaderId:, CreationTimestamp2023-03-16T20:08:00.240Z[Etc/UTC]].
2023-03-16 20:08:00,241 [RatisPipelineUtilsThread - 0] INFO  pipeline.RatisPipelineProvider (RatisPipelineProvider.java:lambda$create$0(206)) - Sending CreatePipelineCommand for pipeline:PipelineID=4e358a60-e5e5-4031-8a11-ccfc465a2522 to datanode:5bf8ace6-d9a7-430b-8471-debd47753f31
2023-03-16 20:08:00,241 [RatisPipelineUtilsThread - 0] INFO  pipeline.RatisPipelineProvider (RatisPipelineProvider.java:lambda$create$0(206)) - Sending CreatePipelineCommand for pipeline:PipelineID=4e358a60-e5e5-4031-8a11-ccfc465a2522 to datanode:317f44fb-1afb-4ae0-a6b8-d51e7e741648
2023-03-16 20:08:00,241 [RatisPipelineUtilsThread - 0] INFO  pipeline.RatisPipelineProvider (RatisPipelineProvider.java:lambda$create$0(206)) - Sending CreatePipelineCommand for pipeline:PipelineID=4e358a60-e5e5-4031-8a11-ccfc465a2522 to datanode:a92d4c5c-0e58-445a-9596-01977366270e
2023-03-16 20:08:00,241 [RatisPipelineUtilsThread - 0] INFO  pipeline.PipelineStateManagerImpl (PipelineStateManagerImpl.java:addPipeline(103)) - Created pipeline Pipeline[ Id: 4e358a60-e5e5-4031-8a11-ccfc465a2522, Nodes: 5bf8ace6-d9a7-430b-8471-debd47753f31(fv-az371-917/10.1.0.41)317f44fb-1afb-4ae0-a6b8-d51e7e741648(fv-az371-917/10.1.0.41)a92d4c5c-0e58-445a-9596-01977366270e(fv-az371-917/10.1.0.41), ReplicationConfig: RATIS/THREE, State:ALLOCATED, leaderId:, CreationTimestamp2023-03-16T20:08:00.241Z[Etc/UTC]].
2023-03-16 20:08:00,241 [RatisPipelineUtilsThread - 0] INFO  pipeline.PipelineManagerImpl (PipelineManagerImpl.java:recordMetricsForPipeline(826)) - Pipeline: PipelineID=4e358a60-e5e5-4031-8a11-ccfc465a2522 contains same datanodes as previous pipelines: PipelineID=a228162f-14e8-4f13-92af-ffb425d9032b nodeIds: 5bf8ace6-d9a7-430b-8471-debd47753f31, 317f44fb-1afb-4ae0-a6b8-d51e7e741648, a92d4c5c-0e58-445a-9596-01977366270e
2023-03-16 20:08:00,242 [RatisPipelineUtilsThread - 0] WARN  pipeline.PipelinePlacementPolicy (PipelinePlacementPolicy.java:filterViableNodes(158)) - Pipeline creation failed due to no sufficient healthy datanodes. Required 3. Found 0.
2023-03-16 20:08:00,691 [IPC Server handler 7 on default port 43355] INFO  net.NetworkTopologyImpl (NetworkTopologyImpl.java:add(112)) - Added a new node: /default-rack/b217dba7-a907-4568-b361-a689a501c82e
2023-03-16 20:08:00,691 [IPC Server handler 7 on default port 43355] INFO  node.SCMNodeManager (SCMNodeManager.java:register(404)) - Registered Data node : b217dba7-a907-4568-b361-a689a501c82e{ip: 10.1.0.41, host: fv-az371-917, ports: [REPLICATION=34043, RATIS=43357, RATIS_ADMIN=43357, RATIS_SERVER=43357, RATIS_DATASTREAM=35569, STANDALONE=46859], networkLocation: /default-rack, certSerialId: null, persistedOpState: null, persistedOpStateExpiryEpochSec: 0}
2023-03-16 20:08:00,691 [EventQueue-NewNodeForNewNodeHandler] INFO  pipeline.BackgroundPipelineCreator (BackgroundPipelineCreator.java:notifyEventTriggered(276)) - trigger a one-shot run on RatisPipelineUtilsThread.
2023-03-16 20:08:00,698 [RatisPipelineUtilsThread - 0] INFO  pipeline.RatisPipelineProvider (RatisPipelineProvider.java:lambda$create$0(206)) - Sending CreatePipelineCommand for pipeline:PipelineID=1db6d053-5699-4224-97b0-a5be19f124c7 to datanode:b217dba7-a907-4568-b361-a689a501c82e
2023-03-16 20:08:00,698 [RatisPipelineUtilsThread - 0] INFO  pipeline.PipelineStateManagerImpl (PipelineStateManagerImpl.java:addPipeline(103)) - Created pipeline Pipeline[ Id: 1db6d053-5699-4224-97b0-a5be19f124c7, Nodes: b217dba7-a907-4568-b361-a689a501c82e(fv-az371-917/10.1.0.41), ReplicationConfig: RATIS/ONE, State:ALLOCATED, leaderId:, CreationTimestamp2023-03-16T20:08:00.698Z[Etc/UTC]].
2023-03-16 20:08:00,699 [RatisPipelineUtilsThread - 0] WARN  pipeline.PipelinePlacementPolicy (PipelinePlacementPolicy.java:filterViableNodes(158)) - Pipeline creation failed due to no sufficient healthy datanodes. Required 3. Found 1.
2023-03-16 20:08:01,140 [Listener at 127.0.0.1/41725] INFO  ozone.MiniOzoneClusterImpl (MiniOzoneClusterImpl.java:lambda$waitForClusterToBeReady$0(222)) - Waiting for nodes to be ready. Got 4 of 5 DN Heartbeats.
2023-03-16 20:08:01,141 [Listener at 127.0.0.1/41725] INFO  ozone.MiniOzoneClusterImpl (MiniOzoneClusterImpl.java:lambda$waitForClusterToBeReady$0(225)) - Waiting for cluster to exit safe mode
2023-03-16 20:08:01,141 [Listener at 127.0.0.1/41725] INFO  ozone.MiniOzoneClusterImpl (MiniOzoneClusterImpl.java:lambda$waitForClusterToBeReady$0(227)) - SCM became leader
2023-03-16 20:08:01,142 [IPC Server handler 6 on default port 43355] INFO  net.NetworkTopologyImpl (NetworkTopologyImpl.java:add(112)) - Added a new node: /default-rack/f6cec9cd-4412-4a1e-af36-3453d03b0f80
2023-03-16 20:08:01,142 [IPC Server handler 6 on default port 43355] INFO  node.SCMNodeManager (SCMNodeManager.java:register(404)) - Registered Data node : f6cec9cd-4412-4a1e-af36-3453d03b0f80{ip: 10.1.0.41, host: fv-az371-917, ports: [REPLICATION=42365, RATIS=45065, RATIS_ADMIN=45065, RATIS_SERVER=45065, RATIS_DATASTREAM=36285, STANDALONE=43841], networkLocation: /default-rack, certSerialId: null, persistedOpState: null, persistedOpStateExpiryEpochSec: 0}
2023-03-16 20:08:01,144 [EventQueue-NewNodeForNewNodeHandler] INFO  pipeline.BackgroundPipelineCreator (BackgroundPipelineCreator.java:notifyEventTriggered(276)) - trigger a one-shot run on RatisPipelineUtilsThread.
2023-03-16 20:08:01,149 [RatisPipelineUtilsThread - 0] INFO  pipeline.RatisPipelineProvider (RatisPipelineProvider.java:lambda$create$0(206)) - Sending CreatePipelineCommand for pipeline:PipelineID=4df4f194-2c60-47af-af22-211a62c94a0b to datanode:f6cec9cd-4412-4a1e-af36-3453d03b0f80
2023-03-16 20:08:01,150 [RatisPipelineUtilsThread - 0] INFO  pipeline.PipelineStateManagerImpl (PipelineStateManagerImpl.java:addPipeline(103)) - Created pipeline Pipeline[ Id: 4df4f194-2c60-47af-af22-211a62c94a0b, Nodes: f6cec9cd-4412-4a1e-af36-3453d03b0f80(fv-az371-917/10.1.0.41), ReplicationConfig: RATIS/ONE, State:ALLOCATED, leaderId:, CreationTimestamp2023-03-16T20:08:01.149Z[Etc/UTC]].
2023-03-16 20:08:01,150 [RatisPipelineUtilsThread - 0] WARN  pipeline.PipelinePlacementPolicy (PipelinePlacementPolicy.java:filterViableNodes(158)) - Pipeline creation failed due to no sufficient healthy datanodes. Required 3. Found 2.
2023-03-16 20:08:02,141 [Listener at 127.0.0.1/41725] INFO  ozone.MiniOzoneClusterImpl (MiniOzoneClusterImpl.java:lambda$waitForClusterToBeReady$0(222)) - Nodes are ready. Got 5 of 5 DN Heartbeats.
2023-03-16 20:08:02,142 [Listener at 127.0.0.1/41725] INFO  ozone.MiniOzoneClusterImpl (MiniOzoneClusterImpl.java:lambda$waitForClusterToBeReady$0(225)) - Waiting for cluster to exit safe mode
2023-03-16 20:08:02,142 [Listener at 127.0.0.1/41725] INFO  ozone.MiniOzoneClusterImpl (MiniOzoneClusterImpl.java:lambda$waitForClusterToBeReady$0(227)) - SCM became leader
2023-03-16 20:08:02,359 [Command processor thread] INFO  server.RaftServer (RaftServerProxy.java:addNew(96)) - a92d4c5c-0e58-445a-9596-01977366270e: addNew group-45A0C5326511:[a92d4c5c-0e58-445a-9596-01977366270e|rpc:10.1.0.41:41359|dataStream:10.1.0.41:40573|priority:1|startupRole:FOLLOWER] returns group-45A0C5326511:java.util.concurrent.CompletableFuture@8502db0[Not completed]
2023-03-16 20:08:02,360 [pool-685-thread-1] INFO  server.RaftServer$Division (RaftServerImpl.java:<init>(195)) - a92d4c5c-0e58-445a-9596-01977366270e: new RaftServerImpl for group-45A0C5326511:[a92d4c5c-0e58-445a-9596-01977366270e|rpc:10.1.0.41:41359|dataStream:10.1.0.41:40573|priority:1|startupRole:FOLLOWER] with ContainerStateMachine:uninitialized
2023-03-16 20:08:02,360 [pool-685-thread-1] INFO  server.RaftServerConfigKeys (ConfUtils.java:logGet(46)) - raft.server.rpc.timeout.min = 5s (custom)
2023-03-16 20:08:02,360 [pool-685-thread-1] INFO  server.RaftServerConfigKeys (ConfUtils.java:logGet(46)) - raft.server.rpc.timeout.max = 5200ms (custom)
2023-03-16 20:08:02,360 [pool-685-thread-1] INFO  server.RaftServerConfigKeys (ConfUtils.java:logGet(46)) - raft.server.rpc.sleep.time = 25ms (default)
2023-03-16 20:08:02,361 [pool-685-thread-1] INFO  server.RaftServerConfigKeys (ConfUtils.java:logGet(46)) - raft.server.rpc.slowness.timeout = 300s (custom)
2023-03-16 20:08:02,361 [pool-685-thread-1] INFO  server.RaftServerConfigKeys (ConfUtils.java:logGet(46)) - raft.server.leaderelection.leader.step-down.wait-time = 10s (default)
2023-03-16 20:08:02,361 [pool-685-thread-1] INFO  server.RaftServerConfigKeys (ConfUtils.java:logGet(46)) - raft.server.sleep.deviation.threshold = 300ms (default)
2023-03-16 20:08:02,361 [pool-685-thread-1] INFO  server.RaftServer$Division (ServerState.java:<init>(118)) - a92d4c5c-0e58-445a-9596-01977366270e@group-45A0C5326511: ConfigurationManager, init=-1: peers:[a92d4c5c-0e58-445a-9596-01977366270e|rpc:10.1.0.41:41359|dataStream:10.1.0.41:40573|priority:1|startupRole:FOLLOWER]|listeners:[], old=null, confs=<EMPTY_MAP>
2023-03-16 20:08:02,361 [pool-685-thread-1] INFO  server.RaftServerConfigKeys (ConfUtils.java:logGet(46)) - raft.server.storage.dir = [/home/runner/work/ozone/ozone/hadoop-ozone/integration-test/target/test-dir/MiniOzoneClusterImpl-8f5ebca4-26a9-4ef6-bfab-4eeb6746d3a8/datanode-0/data/ratis] (custom)
2023-03-16 20:08:02,361 [pool-685-thread-1] INFO  server.RaftServerConfigKeys (ConfUtils.java:logGet(46)) - raft.server.log.corruption.policy = EXCEPTION (default)
2023-03-16 20:08:02,361 [pool-685-thread-1] INFO  server.RaftServerConfigKeys (ConfUtils.java:logGet(46)) - raft.server.storage.free-space.min = 0MB (=0) (default)
2023-03-16 20:08:02,361 [pool-685-thread-1] INFO  server.RaftServerConfigKeys (ConfUtils.java:logGet(46)) - raft.server.notification.no-leader.timeout = 300s (custom)
2023-03-16 20:08:02,361 [pool-685-thread-1] INFO  server.RaftServerConfigKeys (ConfUtils.java:logGet(46)) - raft.server.retrycache.expirytime = 600000ms (custom)
2023-03-16 20:08:02,361 [pool-685-thread-1] INFO  server.RaftServerConfigKeys (ConfUtils.java:logGet(46)) - raft.server.retrycache.statistics.expirytime = 100μs (default)
2023-03-16 20:08:02,362 [pool-685-thread-1] INFO  server.RaftServerConfigKeys (ConfUtils.java:logGet(46)) - raft.server.log.appender.install.snapshot.enabled = false (custom)
2023-03-16 20:08:02,362 [pool-685-thread-1] INFO  server.RaftServerConfigKeys (ConfUtils.java:logGet(46)) - raft.server.threadpool.server.cached = true (default)
2023-03-16 20:08:02,362 [pool-685-thread-1] INFO  server.RaftServerConfigKeys (ConfUtils.java:logGet(46)) - raft.server.threadpool.server.size = 0 (default)
2023-03-16 20:08:02,362 [pool-685-thread-1] INFO  server.RaftServerConfigKeys (ConfUtils.java:logGet(46)) - raft.server.threadpool.client.cached = true (default)
2023-03-16 20:08:02,362 [pool-685-thread-1] INFO  server.RaftServerConfigKeys (ConfUtils.java:logGet(46)) - raft.server.threadpool.client.size = 0 (default)
2023-03-16 20:08:02,362 [pool-685-thread-1] INFO  storage.RaftStorageDirectory (RaftStorageDirectoryImpl.java:analyzeStorage(137)) - The storage directory /home/runner/work/ozone/ozone/hadoop-ozone/integration-test/target/test-dir/MiniOzoneClusterImpl-8f5ebca4-26a9-4ef6-bfab-4eeb6746d3a8/datanode-0/data/ratis/8dc3f4a4-af8d-4c58-9736-45a0c5326511 does not exist. Creating ...
2023-03-16 20:08:02,364 [pool-685-thread-1] INFO  storage.RaftStorageDirectory (RaftStorageDirectoryImpl.java:tryLock(231)) - Lock on /home/runner/work/ozone/ozone/hadoop-ozone/integration-test/target/test-dir/MiniOzoneClusterImpl-8f5ebca4-26a9-4ef6-bfab-4eeb6746d3a8/datanode-0/data/ratis/8dc3f4a4-af8d-4c58-9736-45a0c5326511/in_use.lock acquired by nodename 79287@fv-az371-917
2023-03-16 20:08:02,367 [pool-685-thread-1] INFO  storage.RaftStorage (RaftStorageImpl.java:format(96)) - Storage directory /home/runner/work/ozone/ozone/hadoop-ozone/integration-test/target/test-dir/MiniOzoneClusterImpl-8f5ebca4-26a9-4ef6-bfab-4eeb6746d3a8/datanode-0/data/ratis/8dc3f4a4-af8d-4c58-9736-45a0c5326511 has been successfully formatted.
2023-03-16 20:08:02,369 [pool-685-thread-1] INFO  ratis.ContainerStateMachine (ContainerStateMachine.java:loadSnapshot(262)) - group-45A0C5326511: The snapshot info is null. Setting the last applied indexto:(t:0, i:~)
2023-03-16 20:08:02,370 [pool-685-thread-1] INFO  server.RaftServerConfigKeys (ConfUtils.java:logGet(46)) - raft.server.log.use.memory = false (default)
2023-03-16 20:08:02,370 [pool-685-thread-1] INFO  server.RaftServerConfigKeys (ConfUtils.java:logGet(46)) - raft.server.log.purge.gap = 1000000 (custom)
2023-03-16 20:08:02,370 [pool-685-thread-1] INFO  server.RaftServerConfigKeys (ConfUtils.java:logGet(46)) - raft.server.log.appender.buffer.byte-limit = 33554432 (custom)
2023-03-16 20:08:02,371 [EventQueue-PipelineReportForPipelineReportHandler] INFO  pipeline.PipelineManagerImpl (PipelineManagerImpl.java:openPipeline(367)) - Pipeline Pipeline[ Id: 8dc3f4a4-af8d-4c58-9736-45a0c5326511, Nodes: a92d4c5c-0e58-445a-9596-01977366270e(fv-az371-917/10.1.0.41), ReplicationConfig: RATIS/ONE, State:ALLOCATED, leaderId:a92d4c5c-0e58-445a-9596-01977366270e, CreationTimestamp2023-03-16T20:07:59.366Z[Etc/UTC]] moved to OPEN state
2023-03-16 20:08:02,373 [pool-685-thread-1] INFO  server.RaftServerConfigKeys (ConfUtils.java:logGet(46)) - raft.server.log.statemachine.data.read.timeout = 1000ms (default)
2023-03-16 20:08:02,374 [pool-685-thread-1] INFO  server.RaftServerConfigKeys (ConfUtils.java:logGet(46)) - raft.server.log.purge.preservation.log.num = 0 (default)
2023-03-16 20:08:02,374 [pool-685-thread-1] INFO  server.RaftServerConfigKeys (ConfUtils.java:logGet(46)) - raft.server.log.segment.size.max = 1048576 (custom)
2023-03-16 20:08:02,374 [pool-685-thread-1] INFO  server.RaftServerConfigKeys (ConfUtils.java:logGet(46)) - raft.server.log.segment.cache.num.max = 2 (custom)
2023-03-16 20:08:02,374 [pool-685-thread-1] INFO  server.RaftServerConfigKeys (ConfUtils.java:logGet(46)) - raft.server.log.segment.cache.size.max = 200MB (=209715200) (default)
2023-03-16 20:08:02,374 [pool-685-thread-1] INFO  segmented.SegmentedRaftLogWorker (SegmentedRaftLogWorker.java:<init>(189)) - new a92d4c5c-0e58-445a-9596-01977366270e@group-45A0C5326511-SegmentedRaftLogWorker for RaftStorageImpl:Storage Directory /home/runner/work/ozone/ozone/hadoop-ozone/integration-test/target/test-dir/MiniOzoneClusterImpl-8f5ebca4-26a9-4ef6-bfab-4eeb6746d3a8/datanode-0/data/ratis/8dc3f4a4-af8d-4c58-9736-45a0c5326511
2023-03-16 20:08:02,374 [pool-685-thread-1] INFO  server.RaftServerConfigKeys (ConfUtils.java:logGet(46)) - raft.server.log.queue.byte-limit = 4294967296 (custom)
2023-03-16 20:08:02,374 [pool-685-thread-1] INFO  server.RaftServerConfigKeys (ConfUtils.java:logGet(46)) - raft.server.log.queue.element-limit = 1024 (custom)
2023-03-16 20:08:02,374 [pool-685-thread-1] INFO  server.RaftServerConfigKeys (ConfUtils.java:logGet(46)) - raft.server.log.segment.size.max = 1048576 (custom)
2023-03-16 20:08:02,374 [pool-685-thread-1] INFO  server.RaftServerConfigKeys (ConfUtils.java:logGet(46)) - raft.server.log.preallocated.size = 16384 (custom)
2023-03-16 20:08:02,374 [pool-685-thread-1] INFO  server.RaftServerConfigKeys (ConfUtils.java:logGet(46)) - raft.server.log.force.sync.num = 128 (default)
2023-03-16 20:08:02,375 [pool-685-thread-1] INFO  server.RaftServerConfigKeys (ConfUtils.java:logGet(46)) - raft.server.log.statemachine.data.sync = true (default)
2023-03-16 20:08:02,375 [pool-685-thread-1] INFO  server.RaftServerConfigKeys (ConfUtils.java:logGet(46)) - raft.server.log.statemachine.data.sync.timeout = 10s (default)
2023-03-16 20:08:02,375 [pool-685-thread-1] INFO  server.RaftServerConfigKeys (ConfUtils.java:logGet(46)) - raft.server.log.statemachine.data.sync.timeout.retry = -1 (default)
2023-03-16 20:08:02,375 [pool-685-thread-1] INFO  server.RaftServerConfigKeys (ConfUtils.java:logGet(46)) - raft.server.log.write.buffer.size = 1048576 (custom)
2023-03-16 20:08:02,375 [pool-685-thread-1] INFO  server.RaftServerConfigKeys (ConfUtils.java:logGet(46)) - raft.server.log.appender.buffer.byte-limit = 33554432 (custom)
2023-03-16 20:08:02,377 [EventQueue-OpenPipelineForHealthyPipelineSafeModeRule] INFO  safemode.SCMSafeModeManager (HealthyPipelineSafeModeRule.java:process(137)) - SCM in safe mode. Healthy pipelines reported count is 0, required healthy pipeline reported count is 1
2023-03-16 20:08:02,382 [pool-685-thread-1] INFO  server.RaftServerConfigKeys (ConfUtils.java:logGet(46)) - raft.server.log.unsafe-flush.enabled = false (default)
2023-03-16 20:08:02,382 [pool-685-thread-1] INFO  server.RaftServerConfigKeys (ConfUtils.java:logGet(46)) - raft.server.log.async-flush.enabled = false (default)
2023-03-16 20:08:02,382 [pool-685-thread-1] INFO  server.RaftServerConfigKeys (ConfUtils.java:logGet(46)) - raft.server.log.statemachine.data.caching.enabled = true (custom)
2023-03-16 20:08:02,382 [pool-685-thread-1] INFO  segmented.SegmentedRaftLogWorker (SegmentedRaftLogWorker.java:lambda$new$0(135)) - a92d4c5c-0e58-445a-9596-01977366270e@group-45A0C5326511-SegmentedRaftLogWorker: flushIndex: setUnconditionally 0 -> -1
2023-03-16 20:08:02,382 [pool-685-thread-1] INFO  segmented.SegmentedRaftLogWorker (SegmentedRaftLogWorker.java:lambda$new$0(135)) - a92d4c5c-0e58-445a-9596-01977366270e@group-45A0C5326511-SegmentedRaftLogWorker: safeCacheEvictIndex: setUnconditionally 0 -> -1
2023-03-16 20:08:02,383 [pool-685-thread-1] INFO  server.RaftServer$Division (RaftServerImpl.java:start(334)) - a92d4c5c-0e58-445a-9596-01977366270e@group-45A0C5326511: start as a follower, conf=-1: peers:[a92d4c5c-0e58-445a-9596-01977366270e|rpc:10.1.0.41:41359|dataStream:10.1.0.41:40573|priority:1|startupRole:FOLLOWER]|listeners:[], old=null
2023-03-16 20:08:02,383 [pool-685-thread-1] INFO  server.RaftServer$Division (RaftServerImpl.java:setRole(321)) - a92d4c5c-0e58-445a-9596-01977366270e@group-45A0C5326511: changes role from      null to FOLLOWER at term 0 for startAsFollower
2023-03-16 20:08:02,383 [pool-685-thread-1] INFO  impl.RoleInfo (RoleInfo.java:updateAndGet(139)) - a92d4c5c-0e58-445a-9596-01977366270e: start a92d4c5c-0e58-445a-9596-01977366270e@group-45A0C5326511-FollowerState
2023-03-16 20:08:02,383 [a92d4c5c-0e58-445a-9596-01977366270e@group-45A0C5326511-FollowerState] INFO  server.RaftServerConfigKeys (ConfUtils.java:logFallback(53)) - raft.server.rpc.first-election.timeout.min = 5s (fallback to raft.server.rpc.timeout.min)
2023-03-16 20:08:02,383 [pool-685-thread-1] INFO  util.JmxRegister (JmxRegister.java:tryRegister(44)) - Successfully registered JMX Bean with object name Ratis:service=RaftServer,group=group-45A0C5326511,id=a92d4c5c-0e58-445a-9596-01977366270e
2023-03-16 20:08:02,383 [a92d4c5c-0e58-445a-9596-01977366270e@group-45A0C5326511-FollowerState] INFO  server.RaftServerConfigKeys (ConfUtils.java:logFallback(53)) - raft.server.rpc.first-election.timeout.max = 5200ms (fallback to raft.server.rpc.timeout.max)
2023-03-16 20:08:02,384 [pool-685-thread-1] INFO  server.RaftServerConfigKeys (ConfUtils.java:logGet(46)) - raft.server.snapshot.auto.trigger.enabled = true (custom)
2023-03-16 20:08:02,384 [pool-685-thread-1] INFO  server.RaftServerConfigKeys (ConfUtils.java:logGet(46)) - raft.server.snapshot.auto.trigger.threshold = 10000 (custom)
2023-03-16 20:08:02,384 [pool-685-thread-1] INFO  server.RaftServerConfigKeys (ConfUtils.java:logGet(46)) - raft.server.snapshot.retention.file.num = 5 (custom)
2023-03-16 20:08:02,384 [pool-685-thread-1] INFO  server.RaftServerConfigKeys (ConfUtils.java:logGet(46)) - raft.server.log.purge.upto.snapshot.index = false (default)
2023-03-16 20:08:02,384 [Command processor thread] INFO  ratis.XceiverServerRatis (XceiverServerRatis.java:addGroup(807)) - Created group PipelineID=8dc3f4a4-af8d-4c58-9736-45a0c5326511
2023-03-16 20:08:02,385 [Command processor thread] INFO  commandhandler.CreatePipelineCommandHandler (CreatePipelineCommandHandler.java:handle(113)) - Created Pipeline RATIS ONE PipelineID=8dc3f4a4-af8d-4c58-9736-45a0c5326511.
2023-03-16 20:08:02,385 [Command processor thread] INFO  server.RaftServer (RaftServerProxy.java:addNew(96)) - a92d4c5c-0e58-445a-9596-01977366270e: addNew group-FFB425D9032B:[5bf8ace6-d9a7-430b-8471-debd47753f31|rpc:10.1.0.41:46469|dataStream:10.1.0.41:34659|priority:0|startupRole:FOLLOWER, a92d4c5c-0e58-445a-9596-01977366270e|rpc:10.1.0.41:41359|dataStream:10.1.0.41:40573|priority:0|startupRole:FOLLOWER, 317f44fb-1afb-4ae0-a6b8-d51e7e741648|rpc:10.1.0.41:36595|dataStream:10.1.0.41:33917|priority:1|startupRole:FOLLOWER] returns group-FFB425D9032B:java.util.concurrent.CompletableFuture@c6fa862[Not completed]
2023-03-16 20:08:02,388 [pool-685-thread-1] INFO  server.RaftServer$Division (RaftServerImpl.java:<init>(195)) - a92d4c5c-0e58-445a-9596-01977366270e: new RaftServerImpl for group-FFB425D9032B:[5bf8ace6-d9a7-430b-8471-debd47753f31|rpc:10.1.0.41:46469|dataStream:10.1.0.41:34659|priority:0|startupRole:FOLLOWER, a92d4c5c-0e58-445a-9596-01977366270e|rpc:10.1.0.41:41359|dataStream:10.1.0.41:40573|priority:0|startupRole:FOLLOWER, 317f44fb-1afb-4ae0-a6b8-d51e7e741648|rpc:10.1.0.41:36595|dataStream:10.1.0.41:33917|priority:1|startupRole:FOLLOWER] with ContainerStateMachine:uninitialized
2023-03-16 20:08:02,388 [pool-685-thread-1] INFO  server.RaftServerConfigKeys (ConfUtils.java:logGet(46)) - raft.server.rpc.timeout.min = 5s (custom)
2023-03-16 20:08:02,388 [pool-685-thread-1] INFO  server.RaftServerConfigKeys (ConfUtils.java:logGet(46)) - raft.server.rpc.timeout.max = 5200ms (custom)
2023-03-16 20:08:02,388 [pool-685-thread-1] INFO  server.RaftServerConfigKeys (ConfUtils.java:logGet(46)) - raft.server.rpc.sleep.time = 25ms (default)
2023-03-16 20:08:02,388 [pool-685-thread-1] INFO  server.RaftServerConfigKeys (ConfUtils.java:logGet(46)) - raft.server.rpc.slowness.timeout = 300s (custom)
2023-03-16 20:08:02,388 [pool-685-thread-1] INFO  server.RaftServerConfigKeys (ConfUtils.java:logGet(46)) - raft.server.leaderelection.leader.step-down.wait-time = 10s (default)
2023-03-16 20:08:02,388 [pool-685-thread-1] INFO  server.RaftServerConfigKeys (ConfUtils.java:logGet(46)) - raft.server.sleep.deviation.threshold = 300ms (default)
2023-03-16 20:08:02,388 [pool-685-thread-1] INFO  server.RaftServer$Division (ServerState.java:<init>(118)) - a92d4c5c-0e58-445a-9596-01977366270e@group-FFB425D9032B: ConfigurationManager, init=-1: peers:[5bf8ace6-d9a7-430b-8471-debd47753f31|rpc:10.1.0.41:46469|dataStream:10.1.0.41:34659|priority:0|startupRole:FOLLOWER, a92d4c5c-0e58-445a-9596-01977366270e|rpc:10.1.0.41:41359|dataStream:10.1.0.41:40573|priority:0|startupRole:FOLLOWER, 317f44fb-1afb-4ae0-a6b8-d51e7e741648|rpc:10.1.0.41:36595|dataStream:10.1.0.41:33917|priority:1|startupRole:FOLLOWER]|listeners:[], old=null, confs=<EMPTY_MAP>
2023-03-16 20:08:02,388 [pool-685-thread-1] INFO  server.RaftServerConfigKeys (ConfUtils.java:logGet(46)) - raft.server.storage.dir = [/home/runner/work/ozone/ozone/hadoop-ozone/integration-test/target/test-dir/MiniOzoneClusterImpl-8f5ebca4-26a9-4ef6-bfab-4eeb6746d3a8/datanode-0/data/ratis] (custom)
2023-03-16 20:08:02,389 [pool-685-thread-1] INFO  server.RaftServerConfigKeys (ConfUtils.java:logGet(46)) - raft.server.log.corruption.policy = EXCEPTION (default)
2023-03-16 20:08:02,389 [pool-685-thread-1] INFO  server.RaftServerConfigKeys (ConfUtils.java:logGet(46)) - raft.server.storage.free-space.min = 0MB (=0) (default)
2023-03-16 20:08:02,389 [pool-685-thread-1] INFO  server.RaftServerConfigKeys (ConfUtils.java:logGet(46)) - raft.server.notification.no-leader.timeout = 300s (custom)
2023-03-16 20:08:02,389 [pool-685-thread-1] INFO  server.RaftServerConfigKeys (ConfUtils.java:logGet(46)) - raft.server.retrycache.expirytime = 600000ms (custom)
2023-03-16 20:08:02,389 [pool-685-thread-1] INFO  server.RaftServerConfigKeys (ConfUtils.java:logGet(46)) - raft.server.retrycache.statistics.expirytime = 100μs (default)
2023-03-16 20:08:02,390 [pool-685-thread-1] INFO  server.RaftServerConfigKeys (ConfUtils.java:logGet(46)) - raft.server.log.appender.install.snapshot.enabled = false (custom)
2023-03-16 20:08:02,390 [pool-685-thread-1] INFO  server.RaftServerConfigKeys (ConfUtils.java:logGet(46)) - raft.server.threadpool.server.cached = true (default)
2023-03-16 20:08:02,390 [pool-685-thread-1] INFO  server.RaftServerConfigKeys (ConfUtils.java:logGet(46)) - raft.server.threadpool.server.size = 0 (default)
2023-03-16 20:08:02,390 [pool-685-thread-1] INFO  server.RaftServerConfigKeys (ConfUtils.java:logGet(46)) - raft.server.threadpool.client.cached = true (default)
2023-03-16 20:08:02,390 [pool-685-thread-1] INFO  server.RaftServerConfigKeys (ConfUtils.java:logGet(46)) - raft.server.threadpool.client.size = 0 (default)
2023-03-16 20:08:02,390 [pool-685-thread-1] INFO  storage.RaftStorageDirectory (RaftStorageDirectoryImpl.java:analyzeStorage(137)) - The storage directory /home/runner/work/ozone/ozone/hadoop-ozone/integration-test/target/test-dir/MiniOzoneClusterImpl-8f5ebca4-26a9-4ef6-bfab-4eeb6746d3a8/datanode-0/data/ratis/a228162f-14e8-4f13-92af-ffb425d9032b does not exist. Creating ...
2023-03-16 20:08:02,392 [pool-685-thread-1] INFO  storage.RaftStorageDirectory (RaftStorageDirectoryImpl.java:tryLock(231)) - Lock on /home/runner/work/ozone/ozone/hadoop-ozone/integration-test/target/test-dir/MiniOzoneClusterImpl-8f5ebca4-26a9-4ef6-bfab-4eeb6746d3a8/datanode-0/data/ratis/a228162f-14e8-4f13-92af-ffb425d9032b/in_use.lock acquired by nodename 79287@fv-az371-917
2023-03-16 20:08:02,394 [pool-685-thread-1] INFO  storage.RaftStorage (RaftStorageImpl.java:format(96)) - Storage directory /home/runner/work/ozone/ozone/hadoop-ozone/integration-test/target/test-dir/MiniOzoneClusterImpl-8f5ebca4-26a9-4ef6-bfab-4eeb6746d3a8/datanode-0/data/ratis/a228162f-14e8-4f13-92af-ffb425d9032b has been successfully formatted.
2023-03-16 20:08:02,395 [pool-685-thread-1] INFO  ratis.ContainerStateMachine (ContainerStateMachine.java:loadSnapshot(262)) - group-FFB425D9032B: The snapshot info is null. Setting the last applied indexto:(t:0, i:~)
2023-03-16 20:08:02,395 [pool-685-thread-1] INFO  server.RaftServerConfigKeys (ConfUtils.java:logGet(46)) - raft.server.log.use.memory = false (default)
2023-03-16 20:08:02,395 [pool-685-thread-1] INFO  server.RaftServerConfigKeys (ConfUtils.java:logGet(46)) - raft.server.log.purge.gap = 1000000 (custom)
2023-03-16 20:08:02,395 [pool-685-thread-1] INFO  server.RaftServerConfigKeys (ConfUtils.java:logGet(46)) - raft.server.log.appender.buffer.byte-limit = 33554432 (custom)
2023-03-16 20:08:02,395 [pool-685-thread-1] INFO  server.RaftServerConfigKeys (ConfUtils.java:logGet(46)) - raft.server.log.statemachine.data.read.timeout = 1000ms (default)
2023-03-16 20:08:02,396 [pool-685-thread-1] INFO  server.RaftServerConfigKeys (ConfUtils.java:logGet(46)) - raft.server.log.purge.preservation.log.num = 0 (default)
2023-03-16 20:08:02,396 [pool-685-thread-1] INFO  server.RaftServerConfigKeys (ConfUtils.java:logGet(46)) - raft.server.log.segment.size.max = 1048576 (custom)
2023-03-16 20:08:02,396 [EventQueue-OpenPipelineForHealthyPipelineSafeModeRule] INFO  safemode.SCMSafeModeManager (HealthyPipelineSafeModeRule.java:process(137)) - SCM in safe mode. Healthy pipelines reported count is 0, required healthy pipeline reported count is 1
2023-03-16 20:08:02,396 [pool-685-thread-1] INFO  server.RaftServerConfigKeys (ConfUtils.java:logGet(46)) - raft.server.log.segment.cache.num.max = 2 (custom)
2023-03-16 20:08:02,396 [pool-685-thread-1] INFO  server.RaftServerConfigKeys (ConfUtils.java:logGet(46)) - raft.server.log.segment.cache.size.max = 200MB (=209715200) (default)
2023-03-16 20:08:02,396 [pool-685-thread-1] INFO  segmented.SegmentedRaftLogWorker (SegmentedRaftLogWorker.java:<init>(189)) - new a92d4c5c-0e58-445a-9596-01977366270e@group-FFB425D9032B-SegmentedRaftLogWorker for RaftStorageImpl:Storage Directory /home/runner/work/ozone/ozone/hadoop-ozone/integration-test/target/test-dir/MiniOzoneClusterImpl-8f5ebca4-26a9-4ef6-bfab-4eeb6746d3a8/datanode-0/data/ratis/a228162f-14e8-4f13-92af-ffb425d9032b
2023-03-16 20:08:02,396 [pool-685-thread-1] INFO  server.RaftServerConfigKeys (ConfUtils.java:logGet(46)) - raft.server.log.queue.byte-limit = 4294967296 (custom)
2023-03-16 20:08:02,396 [pool-685-thread-1] INFO  server.RaftServerConfigKeys (ConfUtils.java:logGet(46)) - raft.server.log.queue.element-limit = 1024 (custom)
2023-03-16 20:08:02,397 [pool-685-thread-1] INFO  server.RaftServerConfigKeys (ConfUtils.java:logGet(46)) - raft.server.log.segment.size.max = 1048576 (custom)
2023-03-16 20:08:02,397 [pool-685-thread-1] INFO  server.RaftServerConfigKeys (ConfUtils.java:logGet(46)) - raft.server.log.preallocated.size = 16384 (custom)
2023-03-16 20:08:02,397 [pool-685-thread-1] INFO  server.RaftServerConfigKeys (ConfUtils.java:logGet(46)) - raft.server.log.force.sync.num = 128 (default)
2023-03-16 20:08:02,397 [pool-685-thread-1] INFO  server.RaftServerConfigKeys (ConfUtils.java:logGet(46)) - raft.server.log.statemachine.data.sync = true (default)
2023-03-16 20:08:02,397 [pool-685-thread-1] INFO  server.RaftServerConfigKeys (ConfUtils.java:logGet(46)) - raft.server.log.statemachine.data.sync.timeout = 10s (default)
2023-03-16 20:08:02,397 [pool-685-thread-1] INFO  server.RaftServerConfigKeys (ConfUtils.java:logGet(46)) - raft.server.log.statemachine.data.sync.timeout.retry = -1 (default)
2023-03-16 20:08:02,397 [pool-685-thread-1] INFO  server.RaftServerConfigKeys (ConfUtils.java:logGet(46)) - raft.server.log.write.buffer.size = 1048576 (custom)
2023-03-16 20:08:02,398 [pool-685-thread-1] INFO  server.RaftServerConfigKeys (ConfUtils.java:logGet(46)) - raft.server.log.appender.buffer.byte-limit = 33554432 (custom)
2023-03-16 20:08:02,405 [pool-685-thread-1] INFO  server.RaftServerConfigKeys (ConfUtils.java:logGet(46)) - raft.server.log.unsafe-flush.enabled = false (default)
2023-03-16 20:08:02,405 [pool-685-thread-1] INFO  server.RaftServerConfigKeys (ConfUtils.java:logGet(46)) - raft.server.log.async-flush.enabled = false (default)
2023-03-16 20:08:02,405 [pool-685-thread-1] INFO  server.RaftServerConfigKeys (ConfUtils.java:logGet(46)) - raft.server.log.statemachine.data.caching.enabled = true (custom)
2023-03-16 20:08:02,405 [pool-685-thread-1] INFO  segmented.SegmentedRaftLogWorker (SegmentedRaftLogWorker.java:lambda$new$0(135)) - a92d4c5c-0e58-445a-9596-01977366270e@group-FFB425D9032B-SegmentedRaftLogWorker: flushIndex: setUnconditionally 0 -> -1
2023-03-16 20:08:02,405 [pool-685-thread-1] INFO  segmented.SegmentedRaftLogWorker (SegmentedRaftLogWorker.java:lambda$new$0(135)) - a92d4c5c-0e58-445a-9596-01977366270e@group-FFB425D9032B-SegmentedRaftLogWorker: safeCacheEvictIndex: setUnconditionally 0 -> -1
2023-03-16 20:08:02,406 [pool-685-thread-1] INFO  server.RaftServer$Division (RaftServerImpl.java:start(334)) - a92d4c5c-0e58-445a-9596-01977366270e@group-FFB425D9032B: start as a follower, conf=-1: peers:[5bf8ace6-d9a7-430b-8471-debd47753f31|rpc:10.1.0.41:46469|dataStream:10.1.0.41:34659|priority:0|startupRole:FOLLOWER, a92d4c5c-0e58-445a-9596-01977366270e|rpc:10.1.0.41:41359|dataStream:10.1.0.41:40573|priority:0|startupRole:FOLLOWER, 317f44fb-1afb-4ae0-a6b8-d51e7e741648|rpc:10.1.0.41:36595|dataStream:10.1.0.41:33917|priority:1|startupRole:FOLLOWER]|listeners:[], old=null
2023-03-16 20:08:02,406 [pool-685-thread-1] INFO  server.RaftServer$Division (RaftServerImpl.java:setRole(321)) - a92d4c5c-0e58-445a-9596-01977366270e@group-FFB425D9032B: changes role from      null to FOLLOWER at term 0 for startAsFollower
2023-03-16 20:08:02,406 [pool-685-thread-1] INFO  impl.RoleInfo (RoleInfo.java:updateAndGet(139)) - a92d4c5c-0e58-445a-9596-01977366270e: start a92d4c5c-0e58-445a-9596-01977366270e@group-FFB425D9032B-FollowerState
2023-03-16 20:08:02,406 [pool-685-thread-1] INFO  util.JmxRegister (JmxRegister.java:tryRegister(44)) - Successfully registered JMX Bean with object name Ratis:service=RaftServer,group=group-FFB425D9032B,id=a92d4c5c-0e58-445a-9596-01977366270e
2023-03-16 20:08:02,406 [a92d4c5c-0e58-445a-9596-01977366270e@group-FFB425D9032B-FollowerState] INFO  server.RaftServerConfigKeys (ConfUtils.java:logFallback(53)) - raft.server.rpc.first-election.timeout.min = 5s (fallback to raft.server.rpc.timeout.min)
2023-03-16 20:08:02,406 [pool-685-thread-1] INFO  server.RaftServerConfigKeys (ConfUtils.java:logGet(46)) - raft.server.snapshot.auto.trigger.enabled = true (custom)
2023-03-16 20:08:02,406 [a92d4c5c-0e58-445a-9596-01977366270e@group-FFB425D9032B-FollowerState] INFO  server.RaftServerConfigKeys (ConfUtils.java:logFallback(53)) - raft.server.rpc.first-election.timeout.max = 5200ms (fallback to raft.server.rpc.timeout.max)
2023-03-16 20:08:02,406 [pool-685-thread-1] INFO  server.RaftServerConfigKeys (ConfUtils.java:logGet(46)) - raft.server.snapshot.auto.trigger.threshold = 10000 (custom)
2023-03-16 20:08:02,407 [pool-685-thread-1] INFO  server.RaftServerConfigKeys (ConfUtils.java:logGet(46)) - raft.server.snapshot.retention.file.num = 5 (custom)
2023-03-16 20:08:02,407 [pool-685-thread-1] INFO  server.RaftServerConfigKeys (ConfUtils.java:logGet(46)) - raft.server.log.purge.upto.snapshot.index = false (default)
2023-03-16 20:08:02,407 [Command processor thread] INFO  ratis.XceiverServerRatis (XceiverServerRatis.java:addGroup(807)) - Created group PipelineID=a228162f-14e8-4f13-92af-ffb425d9032b
2023-03-16 20:08:02,422 [grpc-default-executor-0] INFO  server.RaftServer (RaftServerProxy.java:addNew(96)) - 5bf8ace6-d9a7-430b-8471-debd47753f31: addNew group-FFB425D9032B:[5bf8ace6-d9a7-430b-8471-debd47753f31|rpc:10.1.0.41:46469|dataStream:10.1.0.41:34659|priority:0|startupRole:FOLLOWER, a92d4c5c-0e58-445a-9596-01977366270e|rpc:10.1.0.41:41359|dataStream:10.1.0.41:40573|priority:0|startupRole:FOLLOWER, 317f44fb-1afb-4ae0-a6b8-d51e7e741648|rpc:10.1.0.41:36595|dataStream:10.1.0.41:33917|priority:1|startupRole:FOLLOWER] returns group-FFB425D9032B:java.util.concurrent.CompletableFuture@55c0139d[Not completed]
2023-03-16 20:08:02,423 [pool-729-thread-1] INFO  server.RaftServer$Division (RaftServerImpl.java:<init>(195)) - 5bf8ace6-d9a7-430b-8471-debd47753f31: new RaftServerImpl for group-FFB425D9032B:[5bf8ace6-d9a7-430b-8471-debd47753f31|rpc:10.1.0.41:46469|dataStream:10.1.0.41:34659|priority:0|startupRole:FOLLOWER, a92d4c5c-0e58-445a-9596-01977366270e|rpc:10.1.0.41:41359|dataStream:10.1.0.41:40573|priority:0|startupRole:FOLLOWER, 317f44fb-1afb-4ae0-a6b8-d51e7e741648|rpc:10.1.0.41:36595|dataStream:10.1.0.41:33917|priority:1|startupRole:FOLLOWER] with ContainerStateMachine:uninitialized
2023-03-16 20:08:02,423 [pool-729-thread-1] INFO  server.RaftServerConfigKeys (ConfUtils.java:logGet(46)) - raft.server.rpc.timeout.min = 5s (custom)
2023-03-16 20:08:02,423 [pool-729-thread-1] INFO  server.RaftServerConfigKeys (ConfUtils.java:logGet(46)) - raft.server.rpc.timeout.max = 5200ms (custom)
2023-03-16 20:08:02,424 [pool-729-thread-1] INFO  server.RaftServerConfigKeys (ConfUtils.java:logGet(46)) - raft.server.rpc.sleep.time = 25ms (default)
2023-03-16 20:08:02,424 [pool-729-thread-1] INFO  server.RaftServerConfigKeys (ConfUtils.java:logGet(46)) - raft.server.rpc.slowness.timeout = 300s (custom)
2023-03-16 20:08:02,424 [pool-729-thread-1] INFO  server.RaftServerConfigKeys (ConfUtils.java:logGet(46)) - raft.server.leaderelection.leader.step-down.wait-time = 10s (default)
2023-03-16 20:08:02,424 [pool-729-thread-1] INFO  server.RaftServerConfigKeys (ConfUtils.java:logGet(46)) - raft.server.sleep.deviation.threshold = 300ms (default)
2023-03-16 20:08:02,424 [pool-729-thread-1] INFO  server.RaftServer$Division (ServerState.java:<init>(118)) - 5bf8ace6-d9a7-430b-8471-debd47753f31@group-FFB425D9032B: ConfigurationManager, init=-1: peers:[5bf8ace6-d9a7-430b-8471-debd47753f31|rpc:10.1.0.41:46469|dataStream:10.1.0.41:34659|priority:0|startupRole:FOLLOWER, a92d4c5c-0e58-445a-9596-01977366270e|rpc:10.1.0.41:41359|dataStream:10.1.0.41:40573|priority:0|startupRole:FOLLOWER, 317f44fb-1afb-4ae0-a6b8-d51e7e741648|rpc:10.1.0.41:36595|dataStream:10.1.0.41:33917|priority:1|startupRole:FOLLOWER]|listeners:[], old=null, confs=<EMPTY_MAP>
2023-03-16 20:08:02,424 [pool-729-thread-1] INFO  server.RaftServerConfigKeys (ConfUtils.java:logGet(46)) - raft.server.storage.dir = [/home/runner/work/ozone/ozone/hadoop-ozone/integration-test/target/test-dir/MiniOzoneClusterImpl-8f5ebca4-26a9-4ef6-bfab-4eeb6746d3a8/datanode-2/data/ratis] (custom)
2023-03-16 20:08:02,424 [pool-729-thread-1] INFO  server.RaftServerConfigKeys (ConfUtils.java:logGet(46)) - raft.server.log.corruption.policy = EXCEPTION (default)
2023-03-16 20:08:02,424 [pool-729-thread-1] INFO  server.RaftServerConfigKeys (ConfUtils.java:logGet(46)) - raft.server.storage.free-space.min = 0MB (=0) (default)
2023-03-16 20:08:02,424 [pool-729-thread-1] INFO  server.RaftServerConfigKeys (ConfUtils.java:logGet(46)) - raft.server.notification.no-leader.timeout = 300s (custom)
2023-03-16 20:08:02,425 [pool-729-thread-1] INFO  server.RaftServerConfigKeys (ConfUtils.java:logGet(46)) - raft.server.retrycache.expirytime = 600000ms (custom)
2023-03-16 20:08:02,425 [pool-729-thread-1] INFO  server.RaftServerConfigKeys (ConfUtils.java:logGet(46)) - raft.server.retrycache.statistics.expirytime = 100μs (default)
2023-03-16 20:08:02,425 [pool-729-thread-1] INFO  server.RaftServerConfigKeys (ConfUtils.java:logGet(46)) - raft.server.log.appender.install.snapshot.enabled = false (custom)
2023-03-16 20:08:02,425 [pool-729-thread-1] INFO  server.RaftServerConfigKeys (ConfUtils.java:logGet(46)) - raft.server.threadpool.server.cached = true (default)
2023-03-16 20:08:02,425 [pool-729-thread-1] INFO  server.RaftServerConfigKeys (ConfUtils.java:logGet(46)) - raft.server.threadpool.server.size = 0 (default)
2023-03-16 20:08:02,426 [pool-729-thread-1] INFO  server.RaftServerConfigKeys (ConfUtils.java:logGet(46)) - raft.server.threadpool.client.cached = true (default)
2023-03-16 20:08:02,426 [pool-729-thread-1] INFO  server.RaftServerConfigKeys (ConfUtils.java:logGet(46)) - raft.server.threadpool.client.size = 0 (default)
2023-03-16 20:08:02,426 [pool-729-thread-1] INFO  storage.RaftStorageDirectory (RaftStorageDirectoryImpl.java:analyzeStorage(137)) - The storage directory /home/runner/work/ozone/ozone/hadoop-ozone/integration-test/target/test-dir/MiniOzoneClusterImpl-8f5ebca4-26a9-4ef6-bfab-4eeb6746d3a8/datanode-2/data/ratis/a228162f-14e8-4f13-92af-ffb425d9032b does not exist. Creating ...
2023-03-16 20:08:02,430 [pool-729-thread-1] INFO  storage.RaftStorageDirectory (RaftStorageDirectoryImpl.java:tryLock(231)) - Lock on /home/runner/work/ozone/ozone/hadoop-ozone/integration-test/target/test-dir/MiniOzoneClusterImpl-8f5ebca4-26a9-4ef6-bfab-4eeb6746d3a8/datanode-2/data/ratis/a228162f-14e8-4f13-92af-ffb425d9032b/in_use.lock acquired by nodename 79287@fv-az371-917
2023-03-16 20:08:02,433 [pool-729-thread-1] INFO  storage.RaftStorage (RaftStorageImpl.java:format(96)) - Storage directory /home/runner/work/ozone/ozone/hadoop-ozone/integration-test/target/test-dir/MiniOzoneClusterImpl-8f5ebca4-26a9-4ef6-bfab-4eeb6746d3a8/datanode-2/data/ratis/a228162f-14e8-4f13-92af-ffb425d9032b has been successfully formatted.
2023-03-16 20:08:02,435 [pool-729-thread-1] INFO  ratis.ContainerStateMachine (ContainerStateMachine.java:loadSnapshot(262)) - group-FFB425D9032B: The snapshot info is null. Setting the last applied indexto:(t:0, i:~)
2023-03-16 20:08:02,435 [pool-729-thread-1] INFO  server.RaftServerConfigKeys (ConfUtils.java:logGet(46)) - raft.server.log.use.memory = false (default)
2023-03-16 20:08:02,435 [pool-729-thread-1] INFO  server.RaftServerConfigKeys (ConfUtils.java:logGet(46)) - raft.server.log.purge.gap = 1000000 (custom)
2023-03-16 20:08:02,435 [pool-729-thread-1] INFO  server.RaftServerConfigKeys (ConfUtils.java:logGet(46)) - raft.server.log.appender.buffer.byte-limit = 33554432 (custom)
2023-03-16 20:08:02,435 [pool-729-thread-1] INFO  server.RaftServerConfigKeys (ConfUtils.java:logGet(46)) - raft.server.log.statemachine.data.read.timeout = 1000ms (default)
2023-03-16 20:08:02,436 [pool-729-thread-1] INFO  server.RaftServerConfigKeys (ConfUtils.java:logGet(46)) - raft.server.log.purge.preservation.log.num = 0 (default)
2023-03-16 20:08:02,436 [pool-729-thread-1] INFO  server.RaftServerConfigKeys (ConfUtils.java:logGet(46)) - raft.server.log.segment.size.max = 1048576 (custom)
2023-03-16 20:08:02,437 [pool-729-thread-1] INFO  server.RaftServerConfigKeys (ConfUtils.java:logGet(46)) - raft.server.log.segment.cache.num.max = 2 (custom)
2023-03-16 20:08:02,437 [pool-729-thread-1] INFO  server.RaftServerConfigKeys (ConfUtils.java:logGet(46)) - raft.server.log.segment.cache.size.max = 200MB (=209715200) (default)
2023-03-16 20:08:02,437 [pool-729-thread-1] INFO  segmented.SegmentedRaftLogWorker (SegmentedRaftLogWorker.java:<init>(189)) - new 5bf8ace6-d9a7-430b-8471-debd47753f31@group-FFB425D9032B-SegmentedRaftLogWorker for RaftStorageImpl:Storage Directory /home/runner/work/ozone/ozone/hadoop-ozone/integration-test/target/test-dir/MiniOzoneClusterImpl-8f5ebca4-26a9-4ef6-bfab-4eeb6746d3a8/datanode-2/data/ratis/a228162f-14e8-4f13-92af-ffb425d9032b
2023-03-16 20:08:02,437 [pool-729-thread-1] INFO  server.RaftServerConfigKeys (ConfUtils.java:logGet(46)) - raft.server.log.queue.byte-limit = 4294967296 (custom)
2023-03-16 20:08:02,437 [pool-729-thread-1] INFO  server.RaftServerConfigKeys (ConfUtils.java:logGet(46)) - raft.server.log.queue.element-limit = 1024 (custom)
2023-03-16 20:08:02,437 [pool-729-thread-1] INFO  server.RaftServerConfigKeys (ConfUtils.java:logGet(46)) - raft.server.log.segment.size.max = 1048576 (custom)
2023-03-16 20:08:02,437 [pool-729-thread-1] INFO  server.RaftServerConfigKeys (ConfUtils.java:logGet(46)) - raft.server.log.preallocated.size = 16384 (custom)
2023-03-16 20:08:02,437 [pool-729-thread-1] INFO  server.RaftServerConfigKeys (ConfUtils.java:logGet(46)) - raft.server.log.force.sync.num = 128 (default)
2023-03-16 20:08:02,437 [pool-729-thread-1] INFO  server.RaftServerConfigKeys (ConfUtils.java:logGet(46)) - raft.server.log.statemachine.data.sync = true (default)
2023-03-16 20:08:02,437 [pool-729-thread-1] INFO  server.RaftServerConfigKeys (ConfUtils.java:logGet(46)) - raft.server.log.statemachine.data.sync.timeout = 10s (default)
2023-03-16 20:08:02,437 [pool-729-thread-1] INFO  server.RaftServerConfigKeys (ConfUtils.java:logGet(46)) - raft.server.log.statemachine.data.sync.timeout.retry = -1 (default)
2023-03-16 20:08:02,438 [pool-729-thread-1] INFO  server.RaftServerConfigKeys (ConfUtils.java:logGet(46)) - raft.server.log.write.buffer.size = 1048576 (custom)
2023-03-16 20:08:02,438 [pool-729-thread-1] INFO  server.RaftServerConfigKeys (ConfUtils.java:logGet(46)) - raft.server.log.appender.buffer.byte-limit = 33554432 (custom)
2023-03-16 20:08:02,444 [pool-729-thread-1] INFO  server.RaftServerConfigKeys (ConfUtils.java:logGet(46)) - raft.server.log.unsafe-flush.enabled = false (default)
2023-03-16 20:08:02,444 [pool-729-thread-1] INFO  server.RaftServerConfigKeys (ConfUtils.java:logGet(46)) - raft.server.log.async-flush.enabled = false (default)
2023-03-16 20:08:02,445 [pool-729-thread-1] INFO  server.RaftServerConfigKeys (ConfUtils.java:logGet(46)) - raft.server.log.statemachine.data.caching.enabled = true (custom)
2023-03-16 20:08:02,445 [pool-729-thread-1] INFO  segmented.SegmentedRaftLogWorker (SegmentedRaftLogWorker.java:lambda$new$0(135)) - 5bf8ace6-d9a7-430b-8471-debd47753f31@group-FFB425D9032B-SegmentedRaftLogWorker: flushIndex: setUnconditionally 0 -> -1
2023-03-16 20:08:02,445 [pool-729-thread-1] INFO  segmented.SegmentedRaftLogWorker (SegmentedRaftLogWorker.java:lambda$new$0(135)) - 5bf8ace6-d9a7-430b-8471-debd47753f31@group-FFB425D9032B-SegmentedRaftLogWorker: safeCacheEvictIndex: setUnconditionally 0 -> -1
2023-03-16 20:08:02,445 [pool-729-thread-1] INFO  server.RaftServer$Division (RaftServerImpl.java:start(334)) - 5bf8ace6-d9a7-430b-8471-debd47753f31@group-FFB425D9032B: start as a follower, conf=-1: peers:[5bf8ace6-d9a7-430b-8471-debd47753f31|rpc:10.1.0.41:46469|dataStream:10.1.0.41:34659|priority:0|startupRole:FOLLOWER, a92d4c5c-0e58-445a-9596-01977366270e|rpc:10.1.0.41:41359|dataStream:10.1.0.41:40573|priority:0|startupRole:FOLLOWER, 317f44fb-1afb-4ae0-a6b8-d51e7e741648|rpc:10.1.0.41:36595|dataStream:10.1.0.41:33917|priority:1|startupRole:FOLLOWER]|listeners:[], old=null
2023-03-16 20:08:02,445 [pool-729-thread-1] INFO  server.RaftServer$Division (RaftServerImpl.java:setRole(321)) - 5bf8ace6-d9a7-430b-8471-debd47753f31@group-FFB425D9032B: changes role from      null to FOLLOWER at term 0 for startAsFollower
2023-03-16 20:08:02,445 [pool-729-thread-1] INFO  impl.RoleInfo (RoleInfo.java:updateAndGet(139)) - 5bf8ace6-d9a7-430b-8471-debd47753f31: start 5bf8ace6-d9a7-430b-8471-debd47753f31@group-FFB425D9032B-FollowerState
2023-03-16 20:08:02,446 [pool-729-thread-1] INFO  util.JmxRegister (JmxRegister.java:tryRegister(44)) - Successfully registered JMX Bean with object name Ratis:service=RaftServer,group=group-FFB425D9032B,id=5bf8ace6-d9a7-430b-8471-debd47753f31
2023-03-16 20:08:02,446 [5bf8ace6-d9a7-430b-8471-debd47753f31@group-FFB425D9032B-FollowerState] INFO  server.RaftServerConfigKeys (ConfUtils.java:logFallback(53)) - raft.server.rpc.first-election.timeout.min = 5s (fallback to raft.server.rpc.timeout.min)
2023-03-16 20:08:02,446 [pool-729-thread-1] INFO  server.RaftServerConfigKeys (ConfUtils.java:logGet(46)) - raft.server.snapshot.auto.trigger.enabled = true (custom)
2023-03-16 20:08:02,446 [5bf8ace6-d9a7-430b-8471-debd47753f31@group-FFB425D9032B-FollowerState] INFO  server.RaftServerConfigKeys (ConfUtils.java:logFallback(53)) - raft.server.rpc.first-election.timeout.max = 5200ms (fallback to raft.server.rpc.timeout.max)
2023-03-16 20:08:02,446 [pool-729-thread-1] INFO  server.RaftServerConfigKeys (ConfUtils.java:logGet(46)) - raft.server.snapshot.auto.trigger.threshold = 10000 (custom)
2023-03-16 20:08:02,446 [pool-729-thread-1] INFO  server.RaftServerConfigKeys (ConfUtils.java:logGet(46)) - raft.server.snapshot.retention.file.num = 5 (custom)
2023-03-16 20:08:02,446 [pool-729-thread-1] INFO  server.RaftServerConfigKeys (ConfUtils.java:logGet(46)) - raft.server.log.purge.upto.snapshot.index = false (default)
2023-03-16 20:08:02,471 [grpc-default-executor-1] INFO  server.RaftServer (RaftServerProxy.java:addNew(96)) - 317f44fb-1afb-4ae0-a6b8-d51e7e741648: addNew group-FFB425D9032B:[5bf8ace6-d9a7-430b-8471-debd47753f31|rpc:10.1.0.41:46469|dataStream:10.1.0.41:34659|priority:0|startupRole:FOLLOWER, a92d4c5c-0e58-445a-9596-01977366270e|rpc:10.1.0.41:41359|dataStream:10.1.0.41:40573|priority:0|startupRole:FOLLOWER, 317f44fb-1afb-4ae0-a6b8-d51e7e741648|rpc:10.1.0.41:36595|dataStream:10.1.0.41:33917|priority:1|startupRole:FOLLOWER] returns group-FFB425D9032B:java.util.concurrent.CompletableFuture@2ed34e1d[Not completed]
2023-03-16 20:08:02,473 [pool-707-thread-1] INFO  server.RaftServer$Division (RaftServerImpl.java:<init>(195)) - 317f44fb-1afb-4ae0-a6b8-d51e7e741648: new RaftServerImpl for group-FFB425D9032B:[5bf8ace6-d9a7-430b-8471-debd47753f31|rpc:10.1.0.41:46469|dataStream:10.1.0.41:34659|priority:0|startupRole:FOLLOWER, a92d4c5c-0e58-445a-9596-01977366270e|rpc:10.1.0.41:41359|dataStream:10.1.0.41:40573|priority:0|startupRole:FOLLOWER, 317f44fb-1afb-4ae0-a6b8-d51e7e741648|rpc:10.1.0.41:36595|dataStream:10.1.0.41:33917|priority:1|startupRole:FOLLOWER] with ContainerStateMachine:uninitialized
2023-03-16 20:08:02,473 [pool-707-thread-1] INFO  server.RaftServerConfigKeys (ConfUtils.java:logGet(46)) - raft.server.rpc.timeout.min = 5s (custom)
2023-03-16 20:08:02,473 [pool-707-thread-1] INFO  server.RaftServerConfigKeys (ConfUtils.java:logGet(46)) - raft.server.rpc.timeout.max = 5200ms (custom)
2023-03-16 20:08:02,473 [pool-707-thread-1] INFO  server.RaftServerConfigKeys (ConfUtils.java:logGet(46)) - raft.server.rpc.sleep.time = 25ms (default)
2023-03-16 20:08:02,473 [pool-707-thread-1] INFO  server.RaftServerConfigKeys (ConfUtils.java:logGet(46)) - raft.server.rpc.slowness.timeout = 300s (custom)
2023-03-16 20:08:02,473 [pool-707-thread-1] INFO  server.RaftServerConfigKeys (ConfUtils.java:logGet(46)) - raft.server.leaderelection.leader.step-down.wait-time = 10s (default)
2023-03-16 20:08:02,473 [pool-707-thread-1] INFO  server.RaftServerConfigKeys (ConfUtils.java:logGet(46)) - raft.server.sleep.deviation.threshold = 300ms (default)
2023-03-16 20:08:02,473 [pool-707-thread-1] INFO  server.RaftServer$Division (ServerState.java:<init>(118)) - 317f44fb-1afb-4ae0-a6b8-d51e7e741648@group-FFB425D9032B: ConfigurationManager, init=-1: peers:[5bf8ace6-d9a7-430b-8471-debd47753f31|rpc:10.1.0.41:46469|dataStream:10.1.0.41:34659|priority:0|startupRole:FOLLOWER, a92d4c5c-0e58-445a-9596-01977366270e|rpc:10.1.0.41:41359|dataStream:10.1.0.41:40573|priority:0|startupRole:FOLLOWER, 317f44fb-1afb-4ae0-a6b8-d51e7e741648|rpc:10.1.0.41:36595|dataStream:10.1.0.41:33917|priority:1|startupRole:FOLLOWER]|listeners:[], old=null, confs=<EMPTY_MAP>
2023-03-16 20:08:02,473 [pool-707-thread-1] INFO  server.RaftServerConfigKeys (ConfUtils.java:logGet(46)) - raft.server.storage.dir = [/home/runner/work/ozone/ozone/hadoop-ozone/integration-test/target/test-dir/MiniOzoneClusterImpl-8f5ebca4-26a9-4ef6-bfab-4eeb6746d3a8/datanode-1/data/ratis] (custom)
2023-03-16 20:08:02,474 [pool-707-thread-1] INFO  server.RaftServerConfigKeys (ConfUtils.java:logGet(46)) - raft.server.log.corruption.policy = EXCEPTION (default)
2023-03-16 20:08:02,474 [pool-707-thread-1] INFO  server.RaftServerConfigKeys (ConfUtils.java:logGet(46)) - raft.server.storage.free-space.min = 0MB (=0) (default)
2023-03-16 20:08:02,474 [pool-707-thread-1] INFO  server.RaftServerConfigKeys (ConfUtils.java:logGet(46)) - raft.server.notification.no-leader.timeout = 300s (custom)
2023-03-16 20:08:02,474 [pool-707-thread-1] INFO  server.RaftServerConfigKeys (ConfUtils.java:logGet(46)) - raft.server.retrycache.expirytime = 600000ms (custom)
2023-03-16 20:08:02,474 [pool-707-thread-1] INFO  server.RaftServerConfigKeys (ConfUtils.java:logGet(46)) - raft.server.retrycache.statistics.expirytime = 100μs (default)
2023-03-16 20:08:02,475 [pool-707-thread-1] INFO  server.RaftServerConfigKeys (ConfUtils.java:logGet(46)) - raft.server.log.appender.install.snapshot.enabled = false (custom)
2023-03-16 20:08:02,475 [pool-707-thread-1] INFO  server.RaftServerConfigKeys (ConfUtils.java:logGet(46)) - raft.server.threadpool.server.cached = true (default)
2023-03-16 20:08:02,475 [pool-707-thread-1] INFO  server.RaftServerConfigKeys (ConfUtils.java:logGet(46)) - raft.server.threadpool.server.size = 0 (default)
2023-03-16 20:08:02,475 [pool-707-thread-1] INFO  server.RaftServerConfigKeys (ConfUtils.java:logGet(46)) - raft.server.threadpool.client.cached = true (default)
2023-03-16 20:08:02,475 [pool-707-thread-1] INFO  server.RaftServerConfigKeys (ConfUtils.java:logGet(46)) - raft.server.threadpool.client.size = 0 (default)
2023-03-16 20:08:02,476 [pool-707-thread-1] INFO  storage.RaftStorageDirectory (RaftStorageDirectoryImpl.java:analyzeStorage(137)) - The storage directory /home/runner/work/ozone/ozone/hadoop-ozone/integration-test/target/test-dir/MiniOzoneClusterImpl-8f5ebca4-26a9-4ef6-bfab-4eeb6746d3a8/datanode-1/data/ratis/a228162f-14e8-4f13-92af-ffb425d9032b does not exist. Creating ...
2023-03-16 20:08:02,477 [pool-707-thread-1] INFO  storage.RaftStorageDirectory (RaftStorageDirectoryImpl.java:tryLock(231)) - Lock on /home/runner/work/ozone/ozone/hadoop-ozone/integration-test/target/test-dir/MiniOzoneClusterImpl-8f5ebca4-26a9-4ef6-bfab-4eeb6746d3a8/datanode-1/data/ratis/a228162f-14e8-4f13-92af-ffb425d9032b/in_use.lock acquired by nodename 79287@fv-az371-917
2023-03-16 20:08:02,480 [pool-707-thread-1] INFO  storage.RaftStorage (RaftStorageImpl.java:format(96)) - Storage directory /home/runner/work/ozone/ozone/hadoop-ozone/integration-test/target/test-dir/MiniOzoneClusterImpl-8f5ebca4-26a9-4ef6-bfab-4eeb6746d3a8/datanode-1/data/ratis/a228162f-14e8-4f13-92af-ffb425d9032b has been successfully formatted.
2023-03-16 20:08:02,482 [pool-707-thread-1] INFO  ratis.ContainerStateMachine (ContainerStateMachine.java:loadSnapshot(262)) - group-FFB425D9032B: The snapshot info is null. Setting the last applied indexto:(t:0, i:~)
2023-03-16 20:08:02,482 [pool-707-thread-1] INFO  server.RaftServerConfigKeys (ConfUtils.java:logGet(46)) - raft.server.log.use.memory = false (default)
2023-03-16 20:08:02,482 [pool-707-thread-1] INFO  server.RaftServerConfigKeys (ConfUtils.java:logGet(46)) - raft.server.log.purge.gap = 1000000 (custom)
2023-03-16 20:08:02,484 [pool-707-thread-1] INFO  server.RaftServerConfigKeys (ConfUtils.java:logGet(46)) - raft.server.log.appender.buffer.byte-limit = 33554432 (custom)
2023-03-16 20:08:02,485 [pool-707-thread-1] INFO  server.RaftServerConfigKeys (ConfUtils.java:logGet(46)) - raft.server.log.statemachine.data.read.timeout = 1000ms (default)
2023-03-16 20:08:02,485 [pool-707-thread-1] INFO  server.RaftServerConfigKeys (ConfUtils.java:logGet(46)) - raft.server.log.purge.preservation.log.num = 0 (default)
2023-03-16 20:08:02,485 [pool-707-thread-1] INFO  server.RaftServerConfigKeys (ConfUtils.java:logGet(46)) - raft.server.log.segment.size.max = 1048576 (custom)
2023-03-16 20:08:02,485 [pool-707-thread-1] INFO  server.RaftServerConfigKeys (ConfUtils.java:logGet(46)) - raft.server.log.segment.cache.num.max = 2 (custom)
2023-03-16 20:08:02,485 [pool-707-thread-1] INFO  server.RaftServerConfigKeys (ConfUtils.java:logGet(46)) - raft.server.log.segment.cache.size.max = 200MB (=209715200) (default)
2023-03-16 20:08:02,485 [pool-707-thread-1] INFO  segmented.SegmentedRaftLogWorker (SegmentedRaftLogWorker.java:<init>(189)) - new 317f44fb-1afb-4ae0-a6b8-d51e7e741648@group-FFB425D9032B-SegmentedRaftLogWorker for RaftStorageImpl:Storage Directory /home/runner/work/ozone/ozone/hadoop-ozone/integration-test/target/test-dir/MiniOzoneClusterImpl-8f5ebca4-26a9-4ef6-bfab-4eeb6746d3a8/datanode-1/data/ratis/a228162f-14e8-4f13-92af-ffb425d9032b
2023-03-16 20:08:02,485 [pool-707-thread-1] INFO  server.RaftServerConfigKeys (ConfUtils.java:logGet(46)) - raft.server.log.queue.byte-limit = 4294967296 (custom)
2023-03-16 20:08:02,485 [pool-707-thread-1] INFO  server.RaftServerConfigKeys (ConfUtils.java:logGet(46)) - raft.server.log.queue.element-limit = 1024 (custom)
2023-03-16 20:08:02,485 [pool-707-thread-1] INFO  server.RaftServerConfigKeys (ConfUtils.java:logGet(46)) - raft.server.log.segment.size.max = 1048576 (custom)
2023-03-16 20:08:02,486 [pool-707-thread-1] INFO  server.RaftServerConfigKeys (ConfUtils.java:logGet(46)) - raft.server.log.preallocated.size = 16384 (custom)
2023-03-16 20:08:02,486 [pool-707-thread-1] INFO  server.RaftServerConfigKeys (ConfUtils.java:logGet(46)) - raft.server.log.force.sync.num = 128 (default)
2023-03-16 20:08:02,486 [pool-707-thread-1] INFO  server.RaftServerConfigKeys (ConfUtils.java:logGet(46)) - raft.server.log.statemachine.data.sync = true (default)
2023-03-16 20:08:02,486 [pool-707-thread-1] INFO  server.RaftServerConfigKeys (ConfUtils.java:logGet(46)) - raft.server.log.statemachine.data.sync.timeout = 10s (default)
2023-03-16 20:08:02,486 [pool-707-thread-1] INFO  server.RaftServerConfigKeys (ConfUtils.java:logGet(46)) - raft.server.log.statemachine.data.sync.timeout.retry = -1 (default)
2023-03-16 20:08:02,489 [pool-707-thread-1] INFO  server.RaftServerConfigKeys (ConfUtils.java:logGet(46)) - raft.server.log.write.buffer.size = 1048576 (custom)
2023-03-16 20:08:02,489 [pool-707-thread-1] INFO  server.RaftServerConfigKeys (ConfUtils.java:logGet(46)) - raft.server.log.appender.buffer.byte-limit = 33554432 (custom)
2023-03-16 20:08:02,495 [pool-707-thread-1] INFO  server.RaftServerConfigKeys (ConfUtils.java:logGet(46)) - raft.server.log.unsafe-flush.enabled = false (default)
2023-03-16 20:08:02,495 [pool-707-thread-1] INFO  server.RaftServerConfigKeys (ConfUtils.java:logGet(46)) - raft.server.log.async-flush.enabled = false (default)
2023-03-16 20:08:02,495 [pool-707-thread-1] INFO  server.RaftServerConfigKeys (ConfUtils.java:logGet(46)) - raft.server.log.statemachine.data.caching.enabled = true (custom)
2023-03-16 20:08:02,496 [pool-707-thread-1] INFO  segmented.SegmentedRaftLogWorker (SegmentedRaftLogWorker.java:lambda$new$0(135)) - 317f44fb-1afb-4ae0-a6b8-d51e7e741648@group-FFB425D9032B-SegmentedRaftLogWorker: flushIndex: setUnconditionally 0 -> -1
2023-03-16 20:08:02,496 [pool-707-thread-1] INFO  segmented.SegmentedRaftLogWorker (SegmentedRaftLogWorker.java:lambda$new$0(135)) - 317f44fb-1afb-4ae0-a6b8-d51e7e741648@group-FFB425D9032B-SegmentedRaftLogWorker: safeCacheEvictIndex: setUnconditionally 0 -> -1
2023-03-16 20:08:02,496 [pool-707-thread-1] INFO  server.RaftServer$Division (RaftServerImpl.java:start(334)) - 317f44fb-1afb-4ae0-a6b8-d51e7e741648@group-FFB425D9032B: start as a follower, conf=-1: peers:[5bf8ace6-d9a7-430b-8471-debd47753f31|rpc:10.1.0.41:46469|dataStream:10.1.0.41:34659|priority:0|startupRole:FOLLOWER, a92d4c5c-0e58-445a-9596-01977366270e|rpc:10.1.0.41:41359|dataStream:10.1.0.41:40573|priority:0|startupRole:FOLLOWER, 317f44fb-1afb-4ae0-a6b8-d51e7e741648|rpc:10.1.0.41:36595|dataStream:10.1.0.41:33917|priority:1|startupRole:FOLLOWER]|listeners:[], old=null
2023-03-16 20:08:02,496 [pool-707-thread-1] INFO  server.RaftServer$Division (RaftServerImpl.java:setRole(321)) - 317f44fb-1afb-4ae0-a6b8-d51e7e741648@group-FFB425D9032B: changes role from      null to FOLLOWER at term 0 for startAsFollower
2023-03-16 20:08:02,496 [pool-707-thread-1] INFO  impl.RoleInfo (RoleInfo.java:updateAndGet(139)) - 317f44fb-1afb-4ae0-a6b8-d51e7e741648: start 317f44fb-1afb-4ae0-a6b8-d51e7e741648@group-FFB425D9032B-FollowerState
2023-03-16 20:08:02,497 [pool-707-thread-1] INFO  util.JmxRegister (JmxRegister.java:tryRegister(44)) - Successfully registered JMX Bean with object name Ratis:service=RaftServer,group=group-FFB425D9032B,id=317f44fb-1afb-4ae0-a6b8-d51e7e741648
2023-03-16 20:08:02,497 [317f44fb-1afb-4ae0-a6b8-d51e7e741648@group-FFB425D9032B-FollowerState] INFO  server.RaftServerConfigKeys (ConfUtils.java:logFallback(53)) - raft.server.rpc.first-election.timeout.min = 5s (fallback to raft.server.rpc.timeout.min)
2023-03-16 20:08:02,497 [pool-707-thread-1] INFO  server.RaftServerConfigKeys (ConfUtils.java:logGet(46)) - raft.server.snapshot.auto.trigger.enabled = true (custom)
2023-03-16 20:08:02,498 [pool-707-thread-1] INFO  server.RaftServerConfigKeys (ConfUtils.java:logGet(46)) - raft.server.snapshot.auto.trigger.threshold = 10000 (custom)
2023-03-16 20:08:02,498 [317f44fb-1afb-4ae0-a6b8-d51e7e741648@group-FFB425D9032B-FollowerState] INFO  server.RaftServerConfigKeys (ConfUtils.java:logFallback(53)) - raft.server.rpc.first-election.timeout.max = 5200ms (fallback to raft.server.rpc.timeout.max)
2023-03-16 20:08:02,498 [pool-707-thread-1] INFO  server.RaftServerConfigKeys (ConfUtils.java:logGet(46)) - raft.server.snapshot.retention.file.num = 5 (custom)
2023-03-16 20:08:02,498 [pool-707-thread-1] INFO  server.RaftServerConfigKeys (ConfUtils.java:logGet(46)) - raft.server.log.purge.upto.snapshot.index = false (default)
2023-03-16 20:08:02,504 [Command processor thread] INFO  commandhandler.CreatePipelineCommandHandler (CreatePipelineCommandHandler.java:handle(113)) - Created Pipeline RATIS THREE PipelineID=a228162f-14e8-4f13-92af-ffb425d9032b.
2023-03-16 20:08:02,505 [Command processor thread] INFO  server.RaftServer (RaftServerProxy.java:addNew(96)) - a92d4c5c-0e58-445a-9596-01977366270e: addNew group-CCFC465A2522:[5bf8ace6-d9a7-430b-8471-debd47753f31|rpc:10.1.0.41:46469|dataStream:10.1.0.41:34659|priority:1|startupRole:FOLLOWER, a92d4c5c-0e58-445a-9596-01977366270e|rpc:10.1.0.41:41359|dataStream:10.1.0.41:40573|priority:0|startupRole:FOLLOWER, 317f44fb-1afb-4ae0-a6b8-d51e7e741648|rpc:10.1.0.41:36595|dataStream:10.1.0.41:33917|priority:0|startupRole:FOLLOWER] returns group-CCFC465A2522:java.util.concurrent.CompletableFuture@21cb7e35[Not completed]
2023-03-16 20:08:02,506 [pool-685-thread-1] INFO  server.RaftServer$Division (RaftServerImpl.java:<init>(195)) - a92d4c5c-0e58-445a-9596-01977366270e: new RaftServerImpl for group-CCFC465A2522:[5bf8ace6-d9a7-430b-8471-debd47753f31|rpc:10.1.0.41:46469|dataStream:10.1.0.41:34659|priority:1|startupRole:FOLLOWER, a92d4c5c-0e58-445a-9596-01977366270e|rpc:10.1.0.41:41359|dataStream:10.1.0.41:40573|priority:0|startupRole:FOLLOWER, 317f44fb-1afb-4ae0-a6b8-d51e7e741648|rpc:10.1.0.41:36595|dataStream:10.1.0.41:33917|priority:0|startupRole:FOLLOWER] with ContainerStateMachine:uninitialized
2023-03-16 20:08:02,506 [pool-685-thread-1] INFO  server.RaftServerConfigKeys (ConfUtils.java:logGet(46)) - raft.server.rpc.timeout.min = 5s (custom)
2023-03-16 20:08:02,506 [pool-685-thread-1] INFO  server.RaftServerConfigKeys (ConfUtils.java:logGet(46)) - raft.server.rpc.timeout.max = 5200ms (custom)
2023-03-16 20:08:02,506 [pool-685-thread-1] INFO  server.RaftServerConfigKeys (ConfUtils.java:logGet(46)) - raft.server.rpc.sleep.time = 25ms (default)
2023-03-16 20:08:02,506 [pool-685-thread-1] INFO  server.RaftServerConfigKeys (ConfUtils.java:logGet(46)) - raft.server.rpc.slowness.timeout = 300s (custom)
2023-03-16 20:08:02,506 [pool-685-thread-1] INFO  server.RaftServerConfigKeys (ConfUtils.java:logGet(46)) - raft.server.leaderelection.leader.step-down.wait-time = 10s (default)
2023-03-16 20:08:02,506 [pool-685-thread-1] INFO  server.RaftServerConfigKeys (ConfUtils.java:logGet(46)) - raft.server.sleep.deviation.threshold = 300ms (default)
2023-03-16 20:08:02,506 [pool-685-thread-1] INFO  server.RaftServer$Division (ServerState.java:<init>(118)) - a92d4c5c-0e58-445a-9596-01977366270e@group-CCFC465A2522: ConfigurationManager, init=-1: peers:[5bf8ace6-d9a7-430b-8471-debd47753f31|rpc:10.1.0.41:46469|dataStream:10.1.0.41:34659|priority:1|startupRole:FOLLOWER, a92d4c5c-0e58-445a-9596-01977366270e|rpc:10.1.0.41:41359|dataStream:10.1.0.41:40573|priority:0|startupRole:FOLLOWER, 317f44fb-1afb-4ae0-a6b8-d51e7e741648|rpc:10.1.0.41:36595|dataStream:10.1.0.41:33917|priority:0|startupRole:FOLLOWER]|listeners:[], old=null, confs=<EMPTY_MAP>
2023-03-16 20:08:02,506 [pool-685-thread-1] INFO  server.RaftServerConfigKeys (ConfUtils.java:logGet(46)) - raft.server.storage.dir = [/home/runner/work/ozone/ozone/hadoop-ozone/integration-test/target/test-dir/MiniOzoneClusterImpl-8f5ebca4-26a9-4ef6-bfab-4eeb6746d3a8/datanode-0/data/ratis] (custom)
2023-03-16 20:08:02,506 [pool-685-thread-1] INFO  server.RaftServerConfigKeys (ConfUtils.java:logGet(46)) - raft.server.log.corruption.policy = EXCEPTION (default)
2023-03-16 20:08:02,506 [pool-685-thread-1] INFO  server.RaftServerConfigKeys (ConfUtils.java:logGet(46)) - raft.server.storage.free-space.min = 0MB (=0) (default)
2023-03-16 20:08:02,507 [pool-685-thread-1] INFO  server.RaftServerConfigKeys (ConfUtils.java:logGet(46)) - raft.server.notification.no-leader.timeout = 300s (custom)
2023-03-16 20:08:02,507 [pool-685-thread-1] INFO  server.RaftServerConfigKeys (ConfUtils.java:logGet(46)) - raft.server.retrycache.expirytime = 600000ms (custom)
2023-03-16 20:08:02,507 [pool-685-thread-1] INFO  server.RaftServerConfigKeys (ConfUtils.java:logGet(46)) - raft.server.retrycache.statistics.expirytime = 100μs (default)
2023-03-16 20:08:02,507 [pool-685-thread-1] INFO  server.RaftServerConfigKeys (ConfUtils.java:logGet(46)) - raft.server.log.appender.install.snapshot.enabled = false (custom)
2023-03-16 20:08:02,507 [pool-685-thread-1] INFO  server.RaftServerConfigKeys (ConfUtils.java:logGet(46)) - raft.server.threadpool.server.cached = true (default)
2023-03-16 20:08:02,508 [pool-685-thread-1] INFO  server.RaftServerConfigKeys (ConfUtils.java:logGet(46)) - raft.server.threadpool.server.size = 0 (default)
2023-03-16 20:08:02,508 [pool-685-thread-1] INFO  server.RaftServerConfigKeys (ConfUtils.java:logGet(46)) - raft.server.threadpool.client.cached = true (default)
2023-03-16 20:08:02,508 [pool-685-thread-1] INFO  server.RaftServerConfigKeys (ConfUtils.java:logGet(46)) - raft.server.threadpool.client.size = 0 (default)
2023-03-16 20:08:02,508 [pool-685-thread-1] INFO  storage.RaftStorageDirectory (RaftStorageDirectoryImpl.java:analyzeStorage(137)) - The storage directory /home/runner/work/ozone/ozone/hadoop-ozone/integration-test/target/test-dir/MiniOzoneClusterImpl-8f5ebca4-26a9-4ef6-bfab-4eeb6746d3a8/datanode-0/data/ratis/4e358a60-e5e5-4031-8a11-ccfc465a2522 does not exist. Creating ...
2023-03-16 20:08:02,509 [pool-685-thread-1] INFO  storage.RaftStorageDirectory (RaftStorageDirectoryImpl.java:tryLock(231)) - Lock on /home/runner/work/ozone/ozone/hadoop-ozone/integration-test/target/test-dir/MiniOzoneClusterImpl-8f5ebca4-26a9-4ef6-bfab-4eeb6746d3a8/datanode-0/data/ratis/4e358a60-e5e5-4031-8a11-ccfc465a2522/in_use.lock acquired by nodename 79287@fv-az371-917
2023-03-16 20:08:02,511 [pool-685-thread-1] INFO  storage.RaftStorage (RaftStorageImpl.java:format(96)) - Storage directory /home/runner/work/ozone/ozone/hadoop-ozone/integration-test/target/test-dir/MiniOzoneClusterImpl-8f5ebca4-26a9-4ef6-bfab-4eeb6746d3a8/datanode-0/data/ratis/4e358a60-e5e5-4031-8a11-ccfc465a2522 has been successfully formatted.
2023-03-16 20:08:02,511 [pool-685-thread-1] INFO  ratis.ContainerStateMachine (ContainerStateMachine.java:loadSnapshot(262)) - group-CCFC465A2522: The snapshot info is null. Setting the last applied indexto:(t:0, i:~)
2023-03-16 20:08:02,512 [pool-685-thread-1] INFO  server.RaftServerConfigKeys (ConfUtils.java:logGet(46)) - raft.server.log.use.memory = false (default)
2023-03-16 20:08:02,513 [EventQueue-OpenPipelineForHealthyPipelineSafeModeRule] INFO  safemode.SCMSafeModeManager (HealthyPipelineSafeModeRule.java:process(137)) - SCM in safe mode. Healthy pipelines reported count is 0, required healthy pipeline reported count is 1
2023-03-16 20:08:02,513 [pool-685-thread-1] INFO  server.RaftServerConfigKeys (ConfUtils.java:logGet(46)) - raft.server.log.purge.gap = 1000000 (custom)
2023-03-16 20:08:02,513 [pool-685-thread-1] INFO  server.RaftServerConfigKeys (ConfUtils.java:logGet(46)) - raft.server.log.appender.buffer.byte-limit = 33554432 (custom)
2023-03-16 20:08:02,513 [pool-685-thread-1] INFO  server.RaftServerConfigKeys (ConfUtils.java:logGet(46)) - raft.server.log.statemachine.data.read.timeout = 1000ms (default)
2023-03-16 20:08:02,513 [pool-685-thread-1] INFO  server.RaftServerConfigKeys (ConfUtils.java:logGet(46)) - raft.server.log.purge.preservation.log.num = 0 (default)
2023-03-16 20:08:02,513 [pool-685-thread-1] INFO  server.RaftServerConfigKeys (ConfUtils.java:logGet(46)) - raft.server.log.segment.size.max = 1048576 (custom)
2023-03-16 20:08:02,514 [pool-685-thread-1] INFO  server.RaftServerConfigKeys (ConfUtils.java:logGet(46)) - raft.server.log.segment.cache.num.max = 2 (custom)
2023-03-16 20:08:02,514 [pool-685-thread-1] INFO  server.RaftServerConfigKeys (ConfUtils.java:logGet(46)) - raft.server.log.segment.cache.size.max = 200MB (=209715200) (default)
2023-03-16 20:08:02,514 [pool-685-thread-1] INFO  segmented.SegmentedRaftLogWorker (SegmentedRaftLogWorker.java:<init>(189)) - new a92d4c5c-0e58-445a-9596-01977366270e@group-CCFC465A2522-SegmentedRaftLogWorker for RaftStorageImpl:Storage Directory /home/runner/work/ozone/ozone/hadoop-ozone/integration-test/target/test-dir/MiniOzoneClusterImpl-8f5ebca4-26a9-4ef6-bfab-4eeb6746d3a8/datanode-0/data/ratis/4e358a60-e5e5-4031-8a11-ccfc465a2522
2023-03-16 20:08:02,514 [pool-685-thread-1] INFO  server.RaftServerConfigKeys (ConfUtils.java:logGet(46)) - raft.server.log.queue.byte-limit = 4294967296 (custom)
2023-03-16 20:08:02,514 [pool-685-thread-1] INFO  server.RaftServerConfigKeys (ConfUtils.java:logGet(46)) - raft.server.log.queue.element-limit = 1024 (custom)
2023-03-16 20:08:02,514 [pool-685-thread-1] INFO  server.RaftServerConfigKeys (ConfUtils.java:logGet(46)) - raft.server.log.segment.size.max = 1048576 (custom)
2023-03-16 20:08:02,514 [pool-685-thread-1] INFO  server.RaftServerConfigKeys (ConfUtils.java:logGet(46)) - raft.server.log.preallocated.size = 16384 (custom)
2023-03-16 20:08:02,514 [pool-685-thread-1] INFO  server.RaftServerConfigKeys (ConfUtils.java:logGet(46)) - raft.server.log.force.sync.num = 128 (default)
2023-03-16 20:08:02,514 [pool-685-thread-1] INFO  server.RaftServerConfigKeys (ConfUtils.java:logGet(46)) - raft.server.log.statemachine.data.sync = true (default)
2023-03-16 20:08:02,515 [pool-685-thread-1] INFO  server.RaftServerConfigKeys (ConfUtils.java:logGet(46)) - raft.server.log.statemachine.data.sync.timeout = 10s (default)
2023-03-16 20:08:02,515 [pool-685-thread-1] INFO  server.RaftServerConfigKeys (ConfUtils.java:logGet(46)) - raft.server.log.statemachine.data.sync.timeout.retry = -1 (default)
2023-03-16 20:08:02,515 [pool-685-thread-1] INFO  server.RaftServerConfigKeys (ConfUtils.java:logGet(46)) - raft.server.log.write.buffer.size = 1048576 (custom)
2023-03-16 20:08:02,516 [pool-685-thread-1] INFO  server.RaftServerConfigKeys (ConfUtils.java:logGet(46)) - raft.server.log.appender.buffer.byte-limit = 33554432 (custom)
2023-03-16 20:08:02,523 [pool-685-thread-1] INFO  server.RaftServerConfigKeys (ConfUtils.java:logGet(46)) - raft.server.log.unsafe-flush.enabled = false (default)
2023-03-16 20:08:02,523 [pool-685-thread-1] INFO  server.RaftServerConfigKeys (ConfUtils.java:logGet(46)) - raft.server.log.async-flush.enabled = false (default)
2023-03-16 20:08:02,523 [pool-685-thread-1] INFO  server.RaftServerConfigKeys (ConfUtils.java:logGet(46)) - raft.server.log.statemachine.data.caching.enabled = true (custom)
2023-03-16 20:08:02,523 [pool-685-thread-1] INFO  segmented.SegmentedRaftLogWorker (SegmentedRaftLogWorker.java:lambda$new$0(135)) - a92d4c5c-0e58-445a-9596-01977366270e@group-CCFC465A2522-SegmentedRaftLogWorker: flushIndex: setUnconditionally 0 -> -1
2023-03-16 20:08:02,523 [pool-685-thread-1] INFO  segmented.SegmentedRaftLogWorker (SegmentedRaftLogWorker.java:lambda$new$0(135)) - a92d4c5c-0e58-445a-9596-01977366270e@group-CCFC465A2522-SegmentedRaftLogWorker: safeCacheEvictIndex: setUnconditionally 0 -> -1
2023-03-16 20:08:02,524 [pool-685-thread-1] INFO  server.RaftServer$Division (RaftServerImpl.java:start(334)) - a92d4c5c-0e58-445a-9596-01977366270e@group-CCFC465A2522: start as a follower, conf=-1: peers:[5bf8ace6-d9a7-430b-8471-debd47753f31|rpc:10.1.0.41:46469|dataStream:10.1.0.41:34659|priority:1|startupRole:FOLLOWER, a92d4c5c-0e58-445a-9596-01977366270e|rpc:10.1.0.41:41359|dataStream:10.1.0.41:40573|priority:0|startupRole:FOLLOWER, 317f44fb-1afb-4ae0-a6b8-d51e7e741648|rpc:10.1.0.41:36595|dataStream:10.1.0.41:33917|priority:0|startupRole:FOLLOWER]|listeners:[], old=null
2023-03-16 20:08:02,524 [pool-685-thread-1] INFO  server.RaftServer$Division (RaftServerImpl.java:setRole(321)) - a92d4c5c-0e58-445a-9596-01977366270e@group-CCFC465A2522: changes role from      null to FOLLOWER at term 0 for startAsFollower
2023-03-16 20:08:02,524 [pool-685-thread-1] INFO  impl.RoleInfo (RoleInfo.java:updateAndGet(139)) - a92d4c5c-0e58-445a-9596-01977366270e: start a92d4c5c-0e58-445a-9596-01977366270e@group-CCFC465A2522-FollowerState
2023-03-16 20:08:02,524 [pool-685-thread-1] INFO  util.JmxRegister (JmxRegister.java:tryRegister(44)) - Successfully registered JMX Bean with object name Ratis:service=RaftServer,group=group-CCFC465A2522,id=a92d4c5c-0e58-445a-9596-01977366270e
2023-03-16 20:08:02,524 [a92d4c5c-0e58-445a-9596-01977366270e@group-CCFC465A2522-FollowerState] INFO  server.RaftServerConfigKeys (ConfUtils.java:logFallback(53)) - raft.server.rpc.first-election.timeout.min = 5s (fallback to raft.server.rpc.timeout.min)
2023-03-16 20:08:02,524 [pool-685-thread-1] INFO  server.RaftServerConfigKeys (ConfUtils.java:logGet(46)) - raft.server.snapshot.auto.trigger.enabled = true (custom)
2023-03-16 20:08:02,524 [a92d4c5c-0e58-445a-9596-01977366270e@group-CCFC465A2522-FollowerState] INFO  server.RaftServerConfigKeys (ConfUtils.java:logFallback(53)) - raft.server.rpc.first-election.timeout.max = 5200ms (fallback to raft.server.rpc.timeout.max)
2023-03-16 20:08:02,525 [pool-685-thread-1] INFO  server.RaftServerConfigKeys (ConfUtils.java:logGet(46)) - raft.server.snapshot.auto.trigger.threshold = 10000 (custom)
2023-03-16 20:08:02,525 [pool-685-thread-1] INFO  server.RaftServerConfigKeys (ConfUtils.java:logGet(46)) - raft.server.snapshot.retention.file.num = 5 (custom)
2023-03-16 20:08:02,525 [pool-685-thread-1] INFO  server.RaftServerConfigKeys (ConfUtils.java:logGet(46)) - raft.server.log.purge.upto.snapshot.index = false (default)
2023-03-16 20:08:02,525 [Command processor thread] INFO  ratis.XceiverServerRatis (XceiverServerRatis.java:addGroup(807)) - Created group PipelineID=4e358a60-e5e5-4031-8a11-ccfc465a2522
2023-03-16 20:08:02,537 [grpc-default-executor-1] INFO  server.RaftServer (RaftServerProxy.java:addNew(96)) - 5bf8ace6-d9a7-430b-8471-debd47753f31: addNew group-CCFC465A2522:[5bf8ace6-d9a7-430b-8471-debd47753f31|rpc:10.1.0.41:46469|dataStream:10.1.0.41:34659|priority:1|startupRole:FOLLOWER, a92d4c5c-0e58-445a-9596-01977366270e|rpc:10.1.0.41:41359|dataStream:10.1.0.41:40573|priority:0|startupRole:FOLLOWER, 317f44fb-1afb-4ae0-a6b8-d51e7e741648|rpc:10.1.0.41:36595|dataStream:10.1.0.41:33917|priority:0|startupRole:FOLLOWER] returns group-CCFC465A2522:java.util.concurrent.CompletableFuture@5e4b2a98[Not completed]
2023-03-16 20:08:02,539 [pool-729-thread-1] INFO  server.RaftServer$Division (RaftServerImpl.java:<init>(195)) - 5bf8ace6-d9a7-430b-8471-debd47753f31: new RaftServerImpl for group-CCFC465A2522:[5bf8ace6-d9a7-430b-8471-debd47753f31|rpc:10.1.0.41:46469|dataStream:10.1.0.41:34659|priority:1|startupRole:FOLLOWER, a92d4c5c-0e58-445a-9596-01977366270e|rpc:10.1.0.41:41359|dataStream:10.1.0.41:40573|priority:0|startupRole:FOLLOWER, 317f44fb-1afb-4ae0-a6b8-d51e7e741648|rpc:10.1.0.41:36595|dataStream:10.1.0.41:33917|priority:0|startupRole:FOLLOWER] with ContainerStateMachine:uninitialized
2023-03-16 20:08:02,539 [pool-729-thread-1] INFO  server.RaftServerConfigKeys (ConfUtils.java:logGet(46)) - raft.server.rpc.timeout.min = 5s (custom)
2023-03-16 20:08:02,539 [pool-729-thread-1] INFO  server.RaftServerConfigKeys (ConfUtils.java:logGet(46)) - raft.server.rpc.timeout.max = 5200ms (custom)
2023-03-16 20:08:02,539 [pool-729-thread-1] INFO  server.RaftServerConfigKeys (ConfUtils.java:logGet(46)) - raft.server.rpc.sleep.time = 25ms (default)
2023-03-16 20:08:02,539 [pool-729-thread-1] INFO  server.RaftServerConfigKeys (ConfUtils.java:logGet(46)) - raft.server.rpc.slowness.timeout = 300s (custom)
2023-03-16 20:08:02,539 [pool-729-thread-1] INFO  server.RaftServerConfigKeys (ConfUtils.java:logGet(46)) - raft.server.leaderelection.leader.step-down.wait-time = 10s (default)
2023-03-16 20:08:02,539 [pool-729-thread-1] INFO  server.RaftServerConfigKeys (ConfUtils.java:logGet(46)) - raft.server.sleep.deviation.threshold = 300ms (default)
2023-03-16 20:08:02,539 [pool-729-thread-1] INFO  server.RaftServer$Division (ServerState.java:<init>(118)) - 5bf8ace6-d9a7-430b-8471-debd47753f31@group-CCFC465A2522: ConfigurationManager, init=-1: peers:[5bf8ace6-d9a7-430b-8471-debd47753f31|rpc:10.1.0.41:46469|dataStream:10.1.0.41:34659|priority:1|startupRole:FOLLOWER, a92d4c5c-0e58-445a-9596-01977366270e|rpc:10.1.0.41:41359|dataStream:10.1.0.41:40573|priority:0|startupRole:FOLLOWER, 317f44fb-1afb-4ae0-a6b8-d51e7e741648|rpc:10.1.0.41:36595|dataStream:10.1.0.41:33917|priority:0|startupRole:FOLLOWER]|listeners:[], old=null, confs=<EMPTY_MAP>
2023-03-16 20:08:02,539 [pool-729-thread-1] INFO  server.RaftServerConfigKeys (ConfUtils.java:logGet(46)) - raft.server.storage.dir = [/home/runner/work/ozone/ozone/hadoop-ozone/integration-test/target/test-dir/MiniOzoneClusterImpl-8f5ebca4-26a9-4ef6-bfab-4eeb6746d3a8/datanode-2/data/ratis] (custom)
2023-03-16 20:08:02,540 [pool-729-thread-1] INFO  server.RaftServerConfigKeys (ConfUtils.java:logGet(46)) - raft.server.log.corruption.policy = EXCEPTION (default)
2023-03-16 20:08:02,540 [pool-729-thread-1] INFO  server.RaftServerConfigKeys (ConfUtils.java:logGet(46)) - raft.server.storage.free-space.min = 0MB (=0) (default)
2023-03-16 20:08:02,540 [pool-729-thread-1] INFO  server.RaftServerConfigKeys (ConfUtils.java:logGet(46)) - raft.server.notification.no-leader.timeout = 300s (custom)
2023-03-16 20:08:02,540 [pool-729-thread-1] INFO  server.RaftServerConfigKeys (ConfUtils.java:logGet(46)) - raft.server.retrycache.expirytime = 600000ms (custom)
2023-03-16 20:08:02,540 [pool-729-thread-1] INFO  server.RaftServerConfigKeys (ConfUtils.java:logGet(46)) - raft.server.retrycache.statistics.expirytime = 100μs (default)
2023-03-16 20:08:02,541 [pool-729-thread-1] INFO  server.RaftServerConfigKeys (ConfUtils.java:logGet(46)) - raft.server.log.appender.install.snapshot.enabled = false (custom)
2023-03-16 20:08:02,541 [pool-729-thread-1] INFO  server.RaftServerConfigKeys (ConfUtils.java:logGet(46)) - raft.server.threadpool.server.cached = true (default)
2023-03-16 20:08:02,541 [pool-729-thread-1] INFO  server.RaftServerConfigKeys (ConfUtils.java:logGet(46)) - raft.server.threadpool.server.size = 0 (default)
2023-03-16 20:08:02,541 [pool-729-thread-1] INFO  server.RaftServerConfigKeys (ConfUtils.java:logGet(46)) - raft.server.threadpool.client.cached = true (default)
2023-03-16 20:08:02,541 [pool-729-thread-1] INFO  server.RaftServerConfigKeys (ConfUtils.java:logGet(46)) - raft.server.threadpool.client.size = 0 (default)
2023-03-16 20:08:02,541 [pool-729-thread-1] INFO  storage.RaftStorageDirectory (RaftStorageDirectoryImpl.java:analyzeStorage(137)) - The storage directory /home/runner/work/ozone/ozone/hadoop-ozone/integration-test/target/test-dir/MiniOzoneClusterImpl-8f5ebca4-26a9-4ef6-bfab-4eeb6746d3a8/datanode-2/data/ratis/4e358a60-e5e5-4031-8a11-ccfc465a2522 does not exist. Creating ...
2023-03-16 20:08:02,543 [pool-729-thread-1] INFO  storage.RaftStorageDirectory (RaftStorageDirectoryImpl.java:tryLock(231)) - Lock on /home/runner/work/ozone/ozone/hadoop-ozone/integration-test/target/test-dir/MiniOzoneClusterImpl-8f5ebca4-26a9-4ef6-bfab-4eeb6746d3a8/datanode-2/data/ratis/4e358a60-e5e5-4031-8a11-ccfc465a2522/in_use.lock acquired by nodename 79287@fv-az371-917
2023-03-16 20:08:02,544 [pool-729-thread-1] INFO  storage.RaftStorage (RaftStorageImpl.java:format(96)) - Storage directory /home/runner/work/ozone/ozone/hadoop-ozone/integration-test/target/test-dir/MiniOzoneClusterImpl-8f5ebca4-26a9-4ef6-bfab-4eeb6746d3a8/datanode-2/data/ratis/4e358a60-e5e5-4031-8a11-ccfc465a2522 has been successfully formatted.
2023-03-16 20:08:02,545 [pool-729-thread-1] INFO  ratis.ContainerStateMachine (ContainerStateMachine.java:loadSnapshot(262)) - group-CCFC465A2522: The snapshot info is null. Setting the last applied indexto:(t:0, i:~)
2023-03-16 20:08:02,545 [pool-729-thread-1] INFO  server.RaftServerConfigKeys (ConfUtils.java:logGet(46)) - raft.server.log.use.memory = false (default)
2023-03-16 20:08:02,545 [pool-729-thread-1] INFO  server.RaftServerConfigKeys (ConfUtils.java:logGet(46)) - raft.server.log.purge.gap = 1000000 (custom)
2023-03-16 20:08:02,545 [pool-729-thread-1] INFO  server.RaftServerConfigKeys (ConfUtils.java:logGet(46)) - raft.server.log.appender.buffer.byte-limit = 33554432 (custom)
2023-03-16 20:08:02,546 [pool-729-thread-1] INFO  server.RaftServerConfigKeys (ConfUtils.java:logGet(46)) - raft.server.log.statemachine.data.read.timeout = 1000ms (default)
2023-03-16 20:08:02,546 [pool-729-thread-1] INFO  server.RaftServerConfigKeys (ConfUtils.java:logGet(46)) - raft.server.log.purge.preservation.log.num = 0 (default)
2023-03-16 20:08:02,546 [pool-729-thread-1] INFO  server.RaftServerConfigKeys (ConfUtils.java:logGet(46)) - raft.server.log.segment.size.max = 1048576 (custom)
2023-03-16 20:08:02,547 [pool-729-thread-1] INFO  server.RaftServerConfigKeys (ConfUtils.java:logGet(46)) - raft.server.log.segment.cache.num.max = 2 (custom)
2023-03-16 20:08:02,547 [pool-729-thread-1] INFO  server.RaftServerConfigKeys (ConfUtils.java:logGet(46)) - raft.server.log.segment.cache.size.max = 200MB (=209715200) (default)
2023-03-16 20:08:02,547 [pool-729-thread-1] INFO  segmented.SegmentedRaftLogWorker (SegmentedRaftLogWorker.java:<init>(189)) - new 5bf8ace6-d9a7-430b-8471-debd47753f31@group-CCFC465A2522-SegmentedRaftLogWorker for RaftStorageImpl:Storage Directory /home/runner/work/ozone/ozone/hadoop-ozone/integration-test/target/test-dir/MiniOzoneClusterImpl-8f5ebca4-26a9-4ef6-bfab-4eeb6746d3a8/datanode-2/data/ratis/4e358a60-e5e5-4031-8a11-ccfc465a2522
2023-03-16 20:08:02,547 [pool-729-thread-1] INFO  server.RaftServerConfigKeys (ConfUtils.java:logGet(46)) - raft.server.log.queue.byte-limit = 4294967296 (custom)
2023-03-16 20:08:02,547 [pool-729-thread-1] INFO  server.RaftServerConfigKeys (ConfUtils.java:logGet(46)) - raft.server.log.queue.element-limit = 1024 (custom)
2023-03-16 20:08:02,547 [pool-729-thread-1] INFO  server.RaftServerConfigKeys (ConfUtils.java:logGet(46)) - raft.server.log.segment.size.max = 1048576 (custom)
2023-03-16 20:08:02,547 [pool-729-thread-1] INFO  server.RaftServerConfigKeys (ConfUtils.java:logGet(46)) - raft.server.log.preallocated.size = 16384 (custom)
2023-03-16 20:08:02,547 [pool-729-thread-1] INFO  server.RaftServerConfigKeys (ConfUtils.java:logGet(46)) - raft.server.log.force.sync.num = 128 (default)
2023-03-16 20:08:02,547 [pool-729-thread-1] INFO  server.RaftServerConfigKeys (ConfUtils.java:logGet(46)) - raft.server.log.statemachine.data.sync = true (default)
2023-03-16 20:08:02,547 [pool-729-thread-1] INFO  server.RaftServerConfigKeys (ConfUtils.java:logGet(46)) - raft.server.log.statemachine.data.sync.timeout = 10s (default)
2023-03-16 20:08:02,547 [pool-729-thread-1] INFO  server.RaftServerConfigKeys (ConfUtils.java:logGet(46)) - raft.server.log.statemachine.data.sync.timeout.retry = -1 (default)
2023-03-16 20:08:02,548 [pool-729-thread-1] INFO  server.RaftServerConfigKeys (ConfUtils.java:logGet(46)) - raft.server.log.write.buffer.size = 1048576 (custom)
2023-03-16 20:08:02,548 [pool-729-thread-1] INFO  server.RaftServerConfigKeys (ConfUtils.java:logGet(46)) - raft.server.log.appender.buffer.byte-limit = 33554432 (custom)
2023-03-16 20:08:02,555 [pool-729-thread-1] INFO  server.RaftServerConfigKeys (ConfUtils.java:logGet(46)) - raft.server.log.unsafe-flush.enabled = false (default)
2023-03-16 20:08:02,555 [pool-729-thread-1] INFO  server.RaftServerConfigKeys (ConfUtils.java:logGet(46)) - raft.server.log.async-flush.enabled = false (default)
2023-03-16 20:08:02,555 [pool-729-thread-1] INFO  server.RaftServerConfigKeys (ConfUtils.java:logGet(46)) - raft.server.log.statemachine.data.caching.enabled = true (custom)
2023-03-16 20:08:02,555 [pool-729-thread-1] INFO  segmented.SegmentedRaftLogWorker (SegmentedRaftLogWorker.java:lambda$new$0(135)) - 5bf8ace6-d9a7-430b-8471-debd47753f31@group-CCFC465A2522-SegmentedRaftLogWorker: flushIndex: setUnconditionally 0 -> -1
2023-03-16 20:08:02,555 [pool-729-thread-1] INFO  segmented.SegmentedRaftLogWorker (SegmentedRaftLogWorker.java:lambda$new$0(135)) - 5bf8ace6-d9a7-430b-8471-debd47753f31@group-CCFC465A2522-SegmentedRaftLogWorker: safeCacheEvictIndex: setUnconditionally 0 -> -1
2023-03-16 20:08:02,556 [pool-729-thread-1] INFO  server.RaftServer$Division (RaftServerImpl.java:start(334)) - 5bf8ace6-d9a7-430b-8471-debd47753f31@group-CCFC465A2522: start as a follower, conf=-1: peers:[5bf8ace6-d9a7-430b-8471-debd47753f31|rpc:10.1.0.41:46469|dataStream:10.1.0.41:34659|priority:1|startupRole:FOLLOWER, a92d4c5c-0e58-445a-9596-01977366270e|rpc:10.1.0.41:41359|dataStream:10.1.0.41:40573|priority:0|startupRole:FOLLOWER, 317f44fb-1afb-4ae0-a6b8-d51e7e741648|rpc:10.1.0.41:36595|dataStream:10.1.0.41:33917|priority:0|startupRole:FOLLOWER]|listeners:[], old=null
2023-03-16 20:08:02,556 [pool-729-thread-1] INFO  server.RaftServer$Division (RaftServerImpl.java:setRole(321)) - 5bf8ace6-d9a7-430b-8471-debd47753f31@group-CCFC465A2522: changes role from      null to FOLLOWER at term 0 for startAsFollower
2023-03-16 20:08:02,556 [pool-729-thread-1] INFO  impl.RoleInfo (RoleInfo.java:updateAndGet(139)) - 5bf8ace6-d9a7-430b-8471-debd47753f31: start 5bf8ace6-d9a7-430b-8471-debd47753f31@group-CCFC465A2522-FollowerState
2023-03-16 20:08:02,556 [5bf8ace6-d9a7-430b-8471-debd47753f31@group-CCFC465A2522-FollowerState] INFO  server.RaftServerConfigKeys (ConfUtils.java:logFallback(53)) - raft.server.rpc.first-election.timeout.min = 5s (fallback to raft.server.rpc.timeout.min)
2023-03-16 20:08:02,556 [pool-729-thread-1] INFO  util.JmxRegister (JmxRegister.java:tryRegister(44)) - Successfully registered JMX Bean with object name Ratis:service=RaftServer,group=group-CCFC465A2522,id=5bf8ace6-d9a7-430b-8471-debd47753f31
2023-03-16 20:08:02,556 [5bf8ace6-d9a7-430b-8471-debd47753f31@group-CCFC465A2522-FollowerState] INFO  server.RaftServerConfigKeys (ConfUtils.java:logFallback(53)) - raft.server.rpc.first-election.timeout.max = 5200ms (fallback to raft.server.rpc.timeout.max)
2023-03-16 20:08:02,556 [pool-729-thread-1] INFO  server.RaftServerConfigKeys (ConfUtils.java:logGet(46)) - raft.server.snapshot.auto.trigger.enabled = true (custom)
2023-03-16 20:08:02,556 [pool-729-thread-1] INFO  server.RaftServerConfigKeys (ConfUtils.java:logGet(46)) - raft.server.snapshot.auto.trigger.threshold = 10000 (custom)
2023-03-16 20:08:02,557 [pool-729-thread-1] INFO  server.RaftServerConfigKeys (ConfUtils.java:logGet(46)) - raft.server.snapshot.retention.file.num = 5 (custom)
2023-03-16 20:08:02,557 [pool-729-thread-1] INFO  server.RaftServerConfigKeys (ConfUtils.java:logGet(46)) - raft.server.log.purge.upto.snapshot.index = false (default)
2023-03-16 20:08:02,578 [grpc-default-executor-1] INFO  server.RaftServer (RaftServerProxy.java:addNew(96)) - 317f44fb-1afb-4ae0-a6b8-d51e7e741648: addNew group-CCFC465A2522:[5bf8ace6-d9a7-430b-8471-debd47753f31|rpc:10.1.0.41:46469|dataStream:10.1.0.41:34659|priority:1|startupRole:FOLLOWER, a92d4c5c-0e58-445a-9596-01977366270e|rpc:10.1.0.41:41359|dataStream:10.1.0.41:40573|priority:0|startupRole:FOLLOWER, 317f44fb-1afb-4ae0-a6b8-d51e7e741648|rpc:10.1.0.41:36595|dataStream:10.1.0.41:33917|priority:0|startupRole:FOLLOWER] returns group-CCFC465A2522:java.util.concurrent.CompletableFuture@12931269[Not completed]
2023-03-16 20:08:02,580 [pool-707-thread-1] INFO  server.RaftServer$Division (RaftServerImpl.java:<init>(195)) - 317f44fb-1afb-4ae0-a6b8-d51e7e741648: new RaftServerImpl for group-CCFC465A2522:[5bf8ace6-d9a7-430b-8471-debd47753f31|rpc:10.1.0.41:46469|dataStream:10.1.0.41:34659|priority:1|startupRole:FOLLOWER, a92d4c5c-0e58-445a-9596-01977366270e|rpc:10.1.0.41:41359|dataStream:10.1.0.41:40573|priority:0|startupRole:FOLLOWER, 317f44fb-1afb-4ae0-a6b8-d51e7e741648|rpc:10.1.0.41:36595|dataStream:10.1.0.41:33917|priority:0|startupRole:FOLLOWER] with ContainerStateMachine:uninitialized
2023-03-16 20:08:02,580 [pool-707-thread-1] INFO  server.RaftServerConfigKeys (ConfUtils.java:logGet(46)) - raft.server.rpc.timeout.min = 5s (custom)
2023-03-16 20:08:02,580 [pool-707-thread-1] INFO  server.RaftServerConfigKeys (ConfUtils.java:logGet(46)) - raft.server.rpc.timeout.max = 5200ms (custom)
2023-03-16 20:08:02,580 [pool-707-thread-1] INFO  server.RaftServerConfigKeys (ConfUtils.java:logGet(46)) - raft.server.rpc.sleep.time = 25ms (default)
2023-03-16 20:08:02,580 [pool-707-thread-1] INFO  server.RaftServerConfigKeys (ConfUtils.java:logGet(46)) - raft.server.rpc.slowness.timeout = 300s (custom)
2023-03-16 20:08:02,580 [pool-707-thread-1] INFO  server.RaftServerConfigKeys (ConfUtils.java:logGet(46)) - raft.server.leaderelection.leader.step-down.wait-time = 10s (default)
2023-03-16 20:08:02,580 [pool-707-thread-1] INFO  server.RaftServerConfigKeys (ConfUtils.java:logGet(46)) - raft.server.sleep.deviation.threshold = 300ms (default)
2023-03-16 20:08:02,580 [pool-707-thread-1] INFO  server.RaftServer$Division (ServerState.java:<init>(118)) - 317f44fb-1afb-4ae0-a6b8-d51e7e741648@group-CCFC465A2522: ConfigurationManager, init=-1: peers:[5bf8ace6-d9a7-430b-8471-debd47753f31|rpc:10.1.0.41:46469|dataStream:10.1.0.41:34659|priority:1|startupRole:FOLLOWER, a92d4c5c-0e58-445a-9596-01977366270e|rpc:10.1.0.41:41359|dataStream:10.1.0.41:40573|priority:0|startupRole:FOLLOWER, 317f44fb-1afb-4ae0-a6b8-d51e7e741648|rpc:10.1.0.41:36595|dataStream:10.1.0.41:33917|priority:0|startupRole:FOLLOWER]|listeners:[], old=null, confs=<EMPTY_MAP>
2023-03-16 20:08:02,580 [pool-707-thread-1] INFO  server.RaftServerConfigKeys (ConfUtils.java:logGet(46)) - raft.server.storage.dir = [/home/runner/work/ozone/ozone/hadoop-ozone/integration-test/target/test-dir/MiniOzoneClusterImpl-8f5ebca4-26a9-4ef6-bfab-4eeb6746d3a8/datanode-1/data/ratis] (custom)
2023-03-16 20:08:02,581 [pool-707-thread-1] INFO  server.RaftServerConfigKeys (ConfUtils.java:logGet(46)) - raft.server.log.corruption.policy = EXCEPTION (default)
2023-03-16 20:08:02,581 [pool-707-thread-1] INFO  server.RaftServerConfigKeys (ConfUtils.java:logGet(46)) - raft.server.storage.free-space.min = 0MB (=0) (default)
2023-03-16 20:08:02,581 [pool-707-thread-1] INFO  server.RaftServerConfigKeys (ConfUtils.java:logGet(46)) - raft.server.notification.no-leader.timeout = 300s (custom)
2023-03-16 20:08:02,581 [pool-707-thread-1] INFO  server.RaftServerConfigKeys (ConfUtils.java:logGet(46)) - raft.server.retrycache.expirytime = 600000ms (custom)
2023-03-16 20:08:02,581 [pool-707-thread-1] INFO  server.RaftServerConfigKeys (ConfUtils.java:logGet(46)) - raft.server.retrycache.statistics.expirytime = 100μs (default)
2023-03-16 20:08:02,582 [pool-707-thread-1] INFO  server.RaftServerConfigKeys (ConfUtils.java:logGet(46)) - raft.server.log.appender.install.snapshot.enabled = false (custom)
2023-03-16 20:08:02,582 [pool-707-thread-1] INFO  server.RaftServerConfigKeys (ConfUtils.java:logGet(46)) - raft.server.threadpool.server.cached = true (default)
2023-03-16 20:08:02,582 [pool-707-thread-1] INFO  server.RaftServerConfigKeys (ConfUtils.java:logGet(46)) - raft.server.threadpool.server.size = 0 (default)
2023-03-16 20:08:02,582 [pool-707-thread-1] INFO  server.RaftServerConfigKeys (ConfUtils.java:logGet(46)) - raft.server.threadpool.client.cached = true (default)
2023-03-16 20:08:02,582 [pool-707-thread-1] INFO  server.RaftServerConfigKeys (ConfUtils.java:logGet(46)) - raft.server.threadpool.client.size = 0 (default)
2023-03-16 20:08:02,582 [pool-707-thread-1] INFO  storage.RaftStorageDirectory (RaftStorageDirectoryImpl.java:analyzeStorage(137)) - The storage directory /home/runner/work/ozone/ozone/hadoop-ozone/integration-test/target/test-dir/MiniOzoneClusterImpl-8f5ebca4-26a9-4ef6-bfab-4eeb6746d3a8/datanode-1/data/ratis/4e358a60-e5e5-4031-8a11-ccfc465a2522 does not exist. Creating ...
2023-03-16 20:08:02,583 [pool-707-thread-1] INFO  storage.RaftStorageDirectory (RaftStorageDirectoryImpl.java:tryLock(231)) - Lock on /home/runner/work/ozone/ozone/hadoop-ozone/integration-test/target/test-dir/MiniOzoneClusterImpl-8f5ebca4-26a9-4ef6-bfab-4eeb6746d3a8/datanode-1/data/ratis/4e358a60-e5e5-4031-8a11-ccfc465a2522/in_use.lock acquired by nodename 79287@fv-az371-917
2023-03-16 20:08:02,585 [pool-707-thread-1] INFO  storage.RaftStorage (RaftStorageImpl.java:format(96)) - Storage directory /home/runner/work/ozone/ozone/hadoop-ozone/integration-test/target/test-dir/MiniOzoneClusterImpl-8f5ebca4-26a9-4ef6-bfab-4eeb6746d3a8/datanode-1/data/ratis/4e358a60-e5e5-4031-8a11-ccfc465a2522 has been successfully formatted.
2023-03-16 20:08:02,586 [pool-707-thread-1] INFO  ratis.ContainerStateMachine (ContainerStateMachine.java:loadSnapshot(262)) - group-CCFC465A2522: The snapshot info is null. Setting the last applied indexto:(t:0, i:~)
2023-03-16 20:08:02,586 [pool-707-thread-1] INFO  server.RaftServerConfigKeys (ConfUtils.java:logGet(46)) - raft.server.log.use.memory = false (default)
2023-03-16 20:08:02,586 [pool-707-thread-1] INFO  server.RaftServerConfigKeys (ConfUtils.java:logGet(46)) - raft.server.log.purge.gap = 1000000 (custom)
2023-03-16 20:08:02,586 [pool-707-thread-1] INFO  server.RaftServerConfigKeys (ConfUtils.java:logGet(46)) - raft.server.log.appender.buffer.byte-limit = 33554432 (custom)
2023-03-16 20:08:02,586 [pool-707-thread-1] INFO  server.RaftServerConfigKeys (ConfUtils.java:logGet(46)) - raft.server.log.statemachine.data.read.timeout = 1000ms (default)
2023-03-16 20:08:02,586 [pool-707-thread-1] INFO  server.RaftServerConfigKeys (ConfUtils.java:logGet(46)) - raft.server.log.purge.preservation.log.num = 0 (default)
2023-03-16 20:08:02,587 [pool-707-thread-1] INFO  server.RaftServerConfigKeys (ConfUtils.java:logGet(46)) - raft.server.log.segment.size.max = 1048576 (custom)
2023-03-16 20:08:02,587 [pool-707-thread-1] INFO  server.RaftServerConfigKeys (ConfUtils.java:logGet(46)) - raft.server.log.segment.cache.num.max = 2 (custom)
2023-03-16 20:08:02,587 [pool-707-thread-1] INFO  server.RaftServerConfigKeys (ConfUtils.java:logGet(46)) - raft.server.log.segment.cache.size.max = 200MB (=209715200) (default)
2023-03-16 20:08:02,587 [pool-707-thread-1] INFO  segmented.SegmentedRaftLogWorker (SegmentedRaftLogWorker.java:<init>(189)) - new 317f44fb-1afb-4ae0-a6b8-d51e7e741648@group-CCFC465A2522-SegmentedRaftLogWorker for RaftStorageImpl:Storage Directory /home/runner/work/ozone/ozone/hadoop-ozone/integration-test/target/test-dir/MiniOzoneClusterImpl-8f5ebca4-26a9-4ef6-bfab-4eeb6746d3a8/datanode-1/data/ratis/4e358a60-e5e5-4031-8a11-ccfc465a2522
2023-03-16 20:08:02,587 [pool-707-thread-1] INFO  server.RaftServerConfigKeys (ConfUtils.java:logGet(46)) - raft.server.log.queue.byte-limit = 4294967296 (custom)
2023-03-16 20:08:02,587 [pool-707-thread-1] INFO  server.RaftServerConfigKeys (ConfUtils.java:logGet(46)) - raft.server.log.queue.element-limit = 1024 (custom)
2023-03-16 20:08:02,589 [pool-707-thread-1] INFO  server.RaftServerConfigKeys (ConfUtils.java:logGet(46)) - raft.server.log.segment.size.max = 1048576 (custom)
2023-03-16 20:08:02,589 [pool-707-thread-1] INFO  server.RaftServerConfigKeys (ConfUtils.java:logGet(46)) - raft.server.log.preallocated.size = 16384 (custom)
2023-03-16 20:08:02,589 [pool-707-thread-1] INFO  server.RaftServerConfigKeys (ConfUtils.java:logGet(46)) - raft.server.log.force.sync.num = 128 (default)
2023-03-16 20:08:02,589 [pool-707-thread-1] INFO  server.RaftServerConfigKeys (ConfUtils.java:logGet(46)) - raft.server.log.statemachine.data.sync = true (default)
2023-03-16 20:08:02,589 [pool-707-thread-1] INFO  server.RaftServerConfigKeys (ConfUtils.java:logGet(46)) - raft.server.log.statemachine.data.sync.timeout = 10s (default)
2023-03-16 20:08:02,589 [pool-707-thread-1] INFO  server.RaftServerConfigKeys (ConfUtils.java:logGet(46)) - raft.server.log.statemachine.data.sync.timeout.retry = -1 (default)
2023-03-16 20:08:02,590 [pool-707-thread-1] INFO  server.RaftServerConfigKeys (ConfUtils.java:logGet(46)) - raft.server.log.write.buffer.size = 1048576 (custom)
2023-03-16 20:08:02,591 [pool-707-thread-1] INFO  server.RaftServerConfigKeys (ConfUtils.java:logGet(46)) - raft.server.log.appender.buffer.byte-limit = 33554432 (custom)
2023-03-16 20:08:02,606 [pool-707-thread-1] INFO  server.RaftServerConfigKeys (ConfUtils.java:logGet(46)) - raft.server.log.unsafe-flush.enabled = false (default)
2023-03-16 20:08:02,606 [pool-707-thread-1] INFO  server.RaftServerConfigKeys (ConfUtils.java:logGet(46)) - raft.server.log.async-flush.enabled = false (default)
2023-03-16 20:08:02,606 [pool-707-thread-1] INFO  server.RaftServerConfigKeys (ConfUtils.java:logGet(46)) - raft.server.log.statemachine.data.caching.enabled = true (custom)
2023-03-16 20:08:02,606 [pool-707-thread-1] INFO  segmented.SegmentedRaftLogWorker (SegmentedRaftLogWorker.java:lambda$new$0(135)) - 317f44fb-1afb-4ae0-a6b8-d51e7e741648@group-CCFC465A2522-SegmentedRaftLogWorker: flushIndex: setUnconditionally 0 -> -1
2023-03-16 20:08:02,606 [pool-707-thread-1] INFO  segmented.SegmentedRaftLogWorker (SegmentedRaftLogWorker.java:lambda$new$0(135)) - 317f44fb-1afb-4ae0-a6b8-d51e7e741648@group-CCFC465A2522-SegmentedRaftLogWorker: safeCacheEvictIndex: setUnconditionally 0 -> -1
2023-03-16 20:08:02,608 [pool-707-thread-1] INFO  server.RaftServer$Division (RaftServerImpl.java:start(334)) - 317f44fb-1afb-4ae0-a6b8-d51e7e741648@group-CCFC465A2522: start as a follower, conf=-1: peers:[5bf8ace6-d9a7-430b-8471-debd47753f31|rpc:10.1.0.41:46469|dataStream:10.1.0.41:34659|priority:1|startupRole:FOLLOWER, a92d4c5c-0e58-445a-9596-01977366270e|rpc:10.1.0.41:41359|dataStream:10.1.0.41:40573|priority:0|startupRole:FOLLOWER, 317f44fb-1afb-4ae0-a6b8-d51e7e741648|rpc:10.1.0.41:36595|dataStream:10.1.0.41:33917|priority:0|startupRole:FOLLOWER]|listeners:[], old=null
2023-03-16 20:08:02,608 [pool-707-thread-1] INFO  server.RaftServer$Division (RaftServerImpl.java:setRole(321)) - 317f44fb-1afb-4ae0-a6b8-d51e7e741648@group-CCFC465A2522: changes role from      null to FOLLOWER at term 0 for startAsFollower
2023-03-16 20:08:02,608 [pool-707-thread-1] INFO  impl.RoleInfo (RoleInfo.java:updateAndGet(139)) - 317f44fb-1afb-4ae0-a6b8-d51e7e741648: start 317f44fb-1afb-4ae0-a6b8-d51e7e741648@group-CCFC465A2522-FollowerState
2023-03-16 20:08:02,613 [pool-707-thread-1] INFO  util.JmxRegister (JmxRegister.java:tryRegister(44)) - Successfully registered JMX Bean with object name Ratis:service=RaftServer,group=group-CCFC465A2522,id=317f44fb-1afb-4ae0-a6b8-d51e7e741648
2023-03-16 20:08:02,613 [pool-707-thread-1] INFO  server.RaftServerConfigKeys (ConfUtils.java:logGet(46)) - raft.server.snapshot.auto.trigger.enabled = true (custom)
2023-03-16 20:08:02,613 [pool-707-thread-1] INFO  server.RaftServerConfigKeys (ConfUtils.java:logGet(46)) - raft.server.snapshot.auto.trigger.threshold = 10000 (custom)
2023-03-16 20:08:02,613 [pool-707-thread-1] INFO  server.RaftServerConfigKeys (ConfUtils.java:logGet(46)) - raft.server.snapshot.retention.file.num = 5 (custom)
2023-03-16 20:08:02,613 [pool-707-thread-1] INFO  server.RaftServerConfigKeys (ConfUtils.java:logGet(46)) - raft.server.log.purge.upto.snapshot.index = false (default)
2023-03-16 20:08:02,614 [317f44fb-1afb-4ae0-a6b8-d51e7e741648@group-CCFC465A2522-FollowerState] INFO  server.RaftServerConfigKeys (ConfUtils.java:logFallback(53)) - raft.server.rpc.first-election.timeout.min = 5s (fallback to raft.server.rpc.timeout.min)
2023-03-16 20:08:02,614 [317f44fb-1afb-4ae0-a6b8-d51e7e741648@group-CCFC465A2522-FollowerState] INFO  server.RaftServerConfigKeys (ConfUtils.java:logFallback(53)) - raft.server.rpc.first-election.timeout.max = 5200ms (fallback to raft.server.rpc.timeout.max)
2023-03-16 20:08:02,621 [Command processor thread] INFO  commandhandler.CreatePipelineCommandHandler (CreatePipelineCommandHandler.java:handle(113)) - Created Pipeline RATIS THREE PipelineID=4e358a60-e5e5-4031-8a11-ccfc465a2522.
2023-03-16 20:08:02,799 [Command processor thread] INFO  server.RaftServer (RaftServerProxy.java:addNew(96)) - 317f44fb-1afb-4ae0-a6b8-d51e7e741648: addNew group-D38E79148492:[317f44fb-1afb-4ae0-a6b8-d51e7e741648|rpc:10.1.0.41:36595|dataStream:10.1.0.41:33917|priority:1|startupRole:FOLLOWER] returns group-D38E79148492:java.util.concurrent.CompletableFuture@afc8089[Not completed]
2023-03-16 20:08:02,800 [pool-707-thread-1] INFO  server.RaftServer$Division (RaftServerImpl.java:<init>(195)) - 317f44fb-1afb-4ae0-a6b8-d51e7e741648: new RaftServerImpl for group-D38E79148492:[317f44fb-1afb-4ae0-a6b8-d51e7e741648|rpc:10.1.0.41:36595|dataStream:10.1.0.41:33917|priority:1|startupRole:FOLLOWER] with ContainerStateMachine:uninitialized
2023-03-16 20:08:02,801 [pool-707-thread-1] INFO  server.RaftServerConfigKeys (ConfUtils.java:logGet(46)) - raft.server.rpc.timeout.min = 5s (custom)
2023-03-16 20:08:02,801 [pool-707-thread-1] INFO  server.RaftServerConfigKeys (ConfUtils.java:logGet(46)) - raft.server.rpc.timeout.max = 5200ms (custom)
2023-03-16 20:08:02,801 [pool-707-thread-1] INFO  server.RaftServerConfigKeys (ConfUtils.java:logGet(46)) - raft.server.rpc.sleep.time = 25ms (default)
2023-03-16 20:08:02,801 [pool-707-thread-1] INFO  server.RaftServerConfigKeys (ConfUtils.java:logGet(46)) - raft.server.rpc.slowness.timeout = 300s (custom)
2023-03-16 20:08:02,801 [pool-707-thread-1] INFO  server.RaftServerConfigKeys (ConfUtils.java:logGet(46)) - raft.server.leaderelection.leader.step-down.wait-time = 10s (default)
2023-03-16 20:08:02,801 [pool-707-thread-1] INFO  server.RaftServerConfigKeys (ConfUtils.java:logGet(46)) - raft.server.sleep.deviation.threshold = 300ms (default)
2023-03-16 20:08:02,801 [pool-707-thread-1] INFO  server.RaftServer$Division (ServerState.java:<init>(118)) - 317f44fb-1afb-4ae0-a6b8-d51e7e741648@group-D38E79148492: ConfigurationManager, init=-1: peers:[317f44fb-1afb-4ae0-a6b8-d51e7e741648|rpc:10.1.0.41:36595|dataStream:10.1.0.41:33917|priority:1|startupRole:FOLLOWER]|listeners:[], old=null, confs=<EMPTY_MAP>
2023-03-16 20:08:02,801 [pool-707-thread-1] INFO  server.RaftServerConfigKeys (ConfUtils.java:logGet(46)) - raft.server.storage.dir = [/home/runner/work/ozone/ozone/hadoop-ozone/integration-test/target/test-dir/MiniOzoneClusterImpl-8f5ebca4-26a9-4ef6-bfab-4eeb6746d3a8/datanode-1/data/ratis] (custom)
2023-03-16 20:08:02,801 [pool-707-thread-1] INFO  server.RaftServerConfigKeys (ConfUtils.java:logGet(46)) - raft.server.log.corruption.policy = EXCEPTION (default)
2023-03-16 20:08:02,801 [pool-707-thread-1] INFO  server.RaftServerConfigKeys (ConfUtils.java:logGet(46)) - raft.server.storage.free-space.min = 0MB (=0) (default)
2023-03-16 20:08:02,801 [pool-707-thread-1] INFO  server.RaftServerConfigKeys (ConfUtils.java:logGet(46)) - raft.server.notification.no-leader.timeout = 300s (custom)
2023-03-16 20:08:02,801 [pool-707-thread-1] INFO  server.RaftServerConfigKeys (ConfUtils.java:logGet(46)) - raft.server.retrycache.expirytime = 600000ms (custom)
2023-03-16 20:08:02,802 [pool-707-thread-1] INFO  server.RaftServerConfigKeys (ConfUtils.java:logGet(46)) - raft.server.retrycache.statistics.expirytime = 100μs (default)
2023-03-16 20:08:02,882 [pool-707-thread-1] INFO  server.RaftServerConfigKeys (ConfUtils.java:logGet(46)) - raft.server.log.appender.install.snapshot.enabled = false (custom)
2023-03-16 20:08:02,882 [pool-707-thread-1] INFO  server.RaftServerConfigKeys (ConfUtils.java:logGet(46)) - raft.server.threadpool.server.cached = true (default)
2023-03-16 20:08:02,883 [pool-707-thread-1] INFO  server.RaftServerConfigKeys (ConfUtils.java:logGet(46)) - raft.server.threadpool.server.size = 0 (default)
2023-03-16 20:08:02,883 [pool-707-thread-1] INFO  server.RaftServerConfigKeys (ConfUtils.java:logGet(46)) - raft.server.threadpool.client.cached = true (default)
2023-03-16 20:08:02,883 [pool-707-thread-1] INFO  server.RaftServerConfigKeys (ConfUtils.java:logGet(46)) - raft.server.threadpool.client.size = 0 (default)
2023-03-16 20:08:02,883 [pool-707-thread-1] INFO  storage.RaftStorageDirectory (RaftStorageDirectoryImpl.java:analyzeStorage(137)) - The storage directory /home/runner/work/ozone/ozone/hadoop-ozone/integration-test/target/test-dir/MiniOzoneClusterImpl-8f5ebca4-26a9-4ef6-bfab-4eeb6746d3a8/datanode-1/data/ratis/88a4a0a1-ce1b-4168-b4a7-d38e79148492 does not exist. Creating ...
2023-03-16 20:08:02,884 [pool-707-thread-1] INFO  storage.RaftStorageDirectory (RaftStorageDirectoryImpl.java:tryLock(231)) - Lock on /home/runner/work/ozone/ozone/hadoop-ozone/integration-test/target/test-dir/MiniOzoneClusterImpl-8f5ebca4-26a9-4ef6-bfab-4eeb6746d3a8/datanode-1/data/ratis/88a4a0a1-ce1b-4168-b4a7-d38e79148492/in_use.lock acquired by nodename 79287@fv-az371-917
2023-03-16 20:08:02,886 [pool-707-thread-1] INFO  storage.RaftStorage (RaftStorageImpl.java:format(96)) - Storage directory /home/runner/work/ozone/ozone/hadoop-ozone/integration-test/target/test-dir/MiniOzoneClusterImpl-8f5ebca4-26a9-4ef6-bfab-4eeb6746d3a8/datanode-1/data/ratis/88a4a0a1-ce1b-4168-b4a7-d38e79148492 has been successfully formatted.
2023-03-16 20:08:02,887 [pool-707-thread-1] INFO  ratis.ContainerStateMachine (ContainerStateMachine.java:loadSnapshot(262)) - group-D38E79148492: The snapshot info is null. Setting the last applied indexto:(t:0, i:~)
2023-03-16 20:08:02,887 [pool-707-thread-1] INFO  server.RaftServerConfigKeys (ConfUtils.java:logGet(46)) - raft.server.log.use.memory = false (default)
2023-03-16 20:08:02,887 [pool-707-thread-1] INFO  server.RaftServerConfigKeys (ConfUtils.java:logGet(46)) - raft.server.log.purge.gap = 1000000 (custom)
2023-03-16 20:08:02,887 [pool-707-thread-1] INFO  server.RaftServerConfigKeys (ConfUtils.java:logGet(46)) - raft.server.log.appender.buffer.byte-limit = 33554432 (custom)
2023-03-16 20:08:02,887 [pool-707-thread-1] INFO  server.RaftServerConfigKeys (ConfUtils.java:logGet(46)) - raft.server.log.statemachine.data.read.timeout = 1000ms (default)
2023-03-16 20:08:02,887 [pool-707-thread-1] INFO  server.RaftServerConfigKeys (ConfUtils.java:logGet(46)) - raft.server.log.purge.preservation.log.num = 0 (default)
2023-03-16 20:08:02,887 [pool-707-thread-1] INFO  server.RaftServerConfigKeys (ConfUtils.java:logGet(46)) - raft.server.log.segment.size.max = 1048576 (custom)
2023-03-16 20:08:02,888 [pool-707-thread-1] INFO  server.RaftServerConfigKeys (ConfUtils.java:logGet(46)) - raft.server.log.segment.cache.num.max = 2 (custom)
2023-03-16 20:08:02,888 [pool-707-thread-1] INFO  server.RaftServerConfigKeys (ConfUtils.java:logGet(46)) - raft.server.log.segment.cache.size.max = 200MB (=209715200) (default)
2023-03-16 20:08:02,888 [pool-707-thread-1] INFO  segmented.SegmentedRaftLogWorker (SegmentedRaftLogWorker.java:<init>(189)) - new 317f44fb-1afb-4ae0-a6b8-d51e7e741648@group-D38E79148492-SegmentedRaftLogWorker for RaftStorageImpl:Storage Directory /home/runner/work/ozone/ozone/hadoop-ozone/integration-test/target/test-dir/MiniOzoneClusterImpl-8f5ebca4-26a9-4ef6-bfab-4eeb6746d3a8/datanode-1/data/ratis/88a4a0a1-ce1b-4168-b4a7-d38e79148492
2023-03-16 20:08:02,888 [pool-707-thread-1] INFO  server.RaftServerConfigKeys (ConfUtils.java:logGet(46)) - raft.server.log.queue.byte-limit = 4294967296 (custom)
2023-03-16 20:08:02,888 [pool-707-thread-1] INFO  server.RaftServerConfigKeys (ConfUtils.java:logGet(46)) - raft.server.log.queue.element-limit = 1024 (custom)
2023-03-16 20:08:02,888 [pool-707-thread-1] INFO  server.RaftServerConfigKeys (ConfUtils.java:logGet(46)) - raft.server.log.segment.size.max = 1048576 (custom)
2023-03-16 20:08:02,888 [pool-707-thread-1] INFO  server.RaftServerConfigKeys (ConfUtils.java:logGet(46)) - raft.server.log.preallocated.size = 16384 (custom)
2023-03-16 20:08:02,888 [pool-707-thread-1] INFO  server.RaftServerConfigKeys (ConfUtils.java:logGet(46)) - raft.server.log.force.sync.num = 128 (default)
2023-03-16 20:08:02,888 [pool-707-thread-1] INFO  server.RaftServerConfigKeys (ConfUtils.java:logGet(46)) - raft.server.log.statemachine.data.sync = true (default)
2023-03-16 20:08:02,888 [pool-707-thread-1] INFO  server.RaftServerConfigKeys (ConfUtils.java:logGet(46)) - raft.server.log.statemachine.data.sync.timeout = 10s (default)
2023-03-16 20:08:02,888 [pool-707-thread-1] INFO  server.RaftServerConfigKeys (ConfUtils.java:logGet(46)) - raft.server.log.statemachine.data.sync.timeout.retry = -1 (default)
2023-03-16 20:08:02,889 [pool-707-thread-1] INFO  server.RaftServerConfigKeys (ConfUtils.java:logGet(46)) - raft.server.log.write.buffer.size = 1048576 (custom)
2023-03-16 20:08:02,890 [pool-707-thread-1] INFO  server.RaftServerConfigKeys (ConfUtils.java:logGet(46)) - raft.server.log.appender.buffer.byte-limit = 33554432 (custom)
2023-03-16 20:08:02,900 [EventQueue-PipelineReportForPipelineReportHandler] INFO  pipeline.PipelineManagerImpl (PipelineManagerImpl.java:openPipeline(367)) - Pipeline Pipeline[ Id: 88a4a0a1-ce1b-4168-b4a7-d38e79148492, Nodes: 317f44fb-1afb-4ae0-a6b8-d51e7e741648(fv-az371-917/10.1.0.41), ReplicationConfig: RATIS/ONE, State:ALLOCATED, leaderId:317f44fb-1afb-4ae0-a6b8-d51e7e741648, CreationTimestamp2023-03-16T20:07:59.806Z[Etc/UTC]] moved to OPEN state
2023-03-16 20:08:02,900 [EventQueue-OpenPipelineForHealthyPipelineSafeModeRule] INFO  safemode.SCMSafeModeManager (HealthyPipelineSafeModeRule.java:process(137)) - SCM in safe mode. Healthy pipelines reported count is 0, required healthy pipeline reported count is 1
2023-03-16 20:08:02,902 [pool-707-thread-1] INFO  server.RaftServerConfigKeys (ConfUtils.java:logGet(46)) - raft.server.log.unsafe-flush.enabled = false (default)
2023-03-16 20:08:02,910 [pool-707-thread-1] INFO  server.RaftServerConfigKeys (ConfUtils.java:logGet(46)) - raft.server.log.async-flush.enabled = false (default)
2023-03-16 20:08:02,910 [pool-707-thread-1] INFO  server.RaftServerConfigKeys (ConfUtils.java:logGet(46)) - raft.server.log.statemachine.data.caching.enabled = true (custom)
2023-03-16 20:08:02,910 [pool-707-thread-1] INFO  segmented.SegmentedRaftLogWorker (SegmentedRaftLogWorker.java:lambda$new$0(135)) - 317f44fb-1afb-4ae0-a6b8-d51e7e741648@group-D38E79148492-SegmentedRaftLogWorker: flushIndex: setUnconditionally 0 -> -1
2023-03-16 20:08:02,910 [pool-707-thread-1] INFO  segmented.SegmentedRaftLogWorker (SegmentedRaftLogWorker.java:lambda$new$0(135)) - 317f44fb-1afb-4ae0-a6b8-d51e7e741648@group-D38E79148492-SegmentedRaftLogWorker: safeCacheEvictIndex: setUnconditionally 0 -> -1
2023-03-16 20:08:02,910 [pool-707-thread-1] INFO  server.RaftServer$Division (RaftServerImpl.java:start(334)) - 317f44fb-1afb-4ae0-a6b8-d51e7e741648@group-D38E79148492: start as a follower, conf=-1: peers:[317f44fb-1afb-4ae0-a6b8-d51e7e741648|rpc:10.1.0.41:36595|dataStream:10.1.0.41:33917|priority:1|startupRole:FOLLOWER]|listeners:[], old=null
2023-03-16 20:08:02,910 [pool-707-thread-1] INFO  server.RaftServer$Division (RaftServerImpl.java:setRole(321)) - 317f44fb-1afb-4ae0-a6b8-d51e7e741648@group-D38E79148492: changes role from      null to FOLLOWER at term 0 for startAsFollower
2023-03-16 20:08:02,910 [pool-707-thread-1] INFO  impl.RoleInfo (RoleInfo.java:updateAndGet(139)) - 317f44fb-1afb-4ae0-a6b8-d51e7e741648: start 317f44fb-1afb-4ae0-a6b8-d51e7e741648@group-D38E79148492-FollowerState
2023-03-16 20:08:02,915 [pool-707-thread-1] INFO  util.JmxRegister (JmxRegister.java:tryRegister(44)) - Successfully registered JMX Bean with object name Ratis:service=RaftServer,group=group-D38E79148492,id=317f44fb-1afb-4ae0-a6b8-d51e7e741648
2023-03-16 20:08:02,916 [pool-707-thread-1] INFO  server.RaftServerConfigKeys (ConfUtils.java:logGet(46)) - raft.server.snapshot.auto.trigger.enabled = true (custom)
2023-03-16 20:08:02,916 [pool-707-thread-1] INFO  server.RaftServerConfigKeys (ConfUtils.java:logGet(46)) - raft.server.snapshot.auto.trigger.threshold = 10000 (custom)
2023-03-16 20:08:02,916 [pool-707-thread-1] INFO  server.RaftServerConfigKeys (ConfUtils.java:logGet(46)) - raft.server.snapshot.retention.file.num = 5 (custom)
2023-03-16 20:08:02,916 [pool-707-thread-1] INFO  server.RaftServerConfigKeys (ConfUtils.java:logGet(46)) - raft.server.log.purge.upto.snapshot.index = false (default)
2023-03-16 20:08:02,916 [Command processor thread] INFO  ratis.XceiverServerRatis (XceiverServerRatis.java:addGroup(807)) - Created group PipelineID=88a4a0a1-ce1b-4168-b4a7-d38e79148492
2023-03-16 20:08:02,916 [317f44fb-1afb-4ae0-a6b8-d51e7e741648@group-D38E79148492-FollowerState] INFO  server.RaftServerConfigKeys (ConfUtils.java:logFallback(53)) - raft.server.rpc.first-election.timeout.min = 5s (fallback to raft.server.rpc.timeout.min)
2023-03-16 20:08:02,917 [Command processor thread] INFO  commandhandler.CreatePipelineCommandHandler (CreatePipelineCommandHandler.java:handle(113)) - Created Pipeline RATIS ONE PipelineID=88a4a0a1-ce1b-4168-b4a7-d38e79148492.
2023-03-16 20:08:02,917 [317f44fb-1afb-4ae0-a6b8-d51e7e741648@group-D38E79148492-FollowerState] INFO  server.RaftServerConfigKeys (ConfUtils.java:logFallback(53)) - raft.server.rpc.first-election.timeout.max = 5200ms (fallback to raft.server.rpc.timeout.max)
2023-03-16 20:08:03,142 [Listener at 127.0.0.1/41725] INFO  ozone.MiniOzoneClusterImpl (MiniOzoneClusterImpl.java:lambda$waitForClusterToBeReady$0(222)) - Nodes are ready. Got 5 of 5 DN Heartbeats.
2023-03-16 20:08:03,142 [Listener at 127.0.0.1/41725] INFO  ozone.MiniOzoneClusterImpl (MiniOzoneClusterImpl.java:lambda$waitForClusterToBeReady$0(225)) - Waiting for cluster to exit safe mode
2023-03-16 20:08:03,142 [Listener at 127.0.0.1/41725] INFO  ozone.MiniOzoneClusterImpl (MiniOzoneClusterImpl.java:lambda$waitForClusterToBeReady$0(227)) - SCM became leader
2023-03-16 20:08:03,231 [Command processor thread] INFO  server.RaftServer (RaftServerProxy.java:addNew(96)) - 5bf8ace6-d9a7-430b-8471-debd47753f31: addNew group-771EC73AF0D4:[5bf8ace6-d9a7-430b-8471-debd47753f31|rpc:10.1.0.41:46469|dataStream:10.1.0.41:34659|priority:1|startupRole:FOLLOWER] returns group-771EC73AF0D4:java.util.concurrent.CompletableFuture@6dd98eb6[Not completed]
2023-03-16 20:08:03,232 [pool-729-thread-1] INFO  server.RaftServer$Division (RaftServerImpl.java:<init>(195)) - 5bf8ace6-d9a7-430b-8471-debd47753f31: new RaftServerImpl for group-771EC73AF0D4:[5bf8ace6-d9a7-430b-8471-debd47753f31|rpc:10.1.0.41:46469|dataStream:10.1.0.41:34659|priority:1|startupRole:FOLLOWER] with ContainerStateMachine:uninitialized
2023-03-16 20:08:03,232 [pool-729-thread-1] INFO  server.RaftServerConfigKeys (ConfUtils.java:logGet(46)) - raft.server.rpc.timeout.min = 5s (custom)
2023-03-16 20:08:03,232 [pool-729-thread-1] INFO  server.RaftServerConfigKeys (ConfUtils.java:logGet(46)) - raft.server.rpc.timeout.max = 5200ms (custom)
2023-03-16 20:08:03,232 [pool-729-thread-1] INFO  server.RaftServerConfigKeys (ConfUtils.java:logGet(46)) - raft.server.rpc.sleep.time = 25ms (default)
2023-03-16 20:08:03,232 [pool-729-thread-1] INFO  server.RaftServerConfigKeys (ConfUtils.java:logGet(46)) - raft.server.rpc.slowness.timeout = 300s (custom)
2023-03-16 20:08:03,232 [pool-729-thread-1] INFO  server.RaftServerConfigKeys (ConfUtils.java:logGet(46)) - raft.server.leaderelection.leader.step-down.wait-time = 10s (default)
2023-03-16 20:08:03,232 [pool-729-thread-1] INFO  server.RaftServerConfigKeys (ConfUtils.java:logGet(46)) - raft.server.sleep.deviation.threshold = 300ms (default)
2023-03-16 20:08:03,232 [pool-729-thread-1] INFO  server.RaftServer$Division (ServerState.java:<init>(118)) - 5bf8ace6-d9a7-430b-8471-debd47753f31@group-771EC73AF0D4: ConfigurationManager, init=-1: peers:[5bf8ace6-d9a7-430b-8471-debd47753f31|rpc:10.1.0.41:46469|dataStream:10.1.0.41:34659|priority:1|startupRole:FOLLOWER]|listeners:[], old=null, confs=<EMPTY_MAP>
2023-03-16 20:08:03,232 [pool-729-thread-1] INFO  server.RaftServerConfigKeys (ConfUtils.java:logGet(46)) - raft.server.storage.dir = [/home/runner/work/ozone/ozone/hadoop-ozone/integration-test/target/test-dir/MiniOzoneClusterImpl-8f5ebca4-26a9-4ef6-bfab-4eeb6746d3a8/datanode-2/data/ratis] (custom)
2023-03-16 20:08:03,233 [pool-729-thread-1] INFO  server.RaftServerConfigKeys (ConfUtils.java:logGet(46)) - raft.server.log.corruption.policy = EXCEPTION (default)
2023-03-16 20:08:03,233 [pool-729-thread-1] INFO  server.RaftServerConfigKeys (ConfUtils.java:logGet(46)) - raft.server.storage.free-space.min = 0MB (=0) (default)
2023-03-16 20:08:03,233 [pool-729-thread-1] INFO  server.RaftServerConfigKeys (ConfUtils.java:logGet(46)) - raft.server.notification.no-leader.timeout = 300s (custom)
2023-03-16 20:08:03,233 [pool-729-thread-1] INFO  server.RaftServerConfigKeys (ConfUtils.java:logGet(46)) - raft.server.retrycache.expirytime = 600000ms (custom)
2023-03-16 20:08:03,233 [pool-729-thread-1] INFO  server.RaftServerConfigKeys (ConfUtils.java:logGet(46)) - raft.server.retrycache.statistics.expirytime = 100μs (default)
2023-03-16 20:08:03,234 [pool-729-thread-1] INFO  server.RaftServerConfigKeys (ConfUtils.java:logGet(46)) - raft.server.log.appender.install.snapshot.enabled = false (custom)
2023-03-16 20:08:03,234 [pool-729-thread-1] INFO  server.RaftServerConfigKeys (ConfUtils.java:logGet(46)) - raft.server.threadpool.server.cached = true (default)
2023-03-16 20:08:03,234 [pool-729-thread-1] INFO  server.RaftServerConfigKeys (ConfUtils.java:logGet(46)) - raft.server.threadpool.server.size = 0 (default)
2023-03-16 20:08:03,234 [pool-729-thread-1] INFO  server.RaftServerConfigKeys (ConfUtils.java:logGet(46)) - raft.server.threadpool.client.cached = true (default)
2023-03-16 20:08:03,234 [pool-729-thread-1] INFO  server.RaftServerConfigKeys (ConfUtils.java:logGet(46)) - raft.server.threadpool.client.size = 0 (default)
2023-03-16 20:08:03,234 [pool-729-thread-1] INFO  storage.RaftStorageDirectory (RaftStorageDirectoryImpl.java:analyzeStorage(137)) - The storage directory /home/runner/work/ozone/ozone/hadoop-ozone/integration-test/target/test-dir/MiniOzoneClusterImpl-8f5ebca4-26a9-4ef6-bfab-4eeb6746d3a8/datanode-2/data/ratis/1b9ee310-7893-49dc-b0a9-771ec73af0d4 does not exist. Creating ...
2023-03-16 20:08:03,235 [pool-729-thread-1] INFO  storage.RaftStorageDirectory (RaftStorageDirectoryImpl.java:tryLock(231)) - Lock on /home/runner/work/ozone/ozone/hadoop-ozone/integration-test/target/test-dir/MiniOzoneClusterImpl-8f5ebca4-26a9-4ef6-bfab-4eeb6746d3a8/datanode-2/data/ratis/1b9ee310-7893-49dc-b0a9-771ec73af0d4/in_use.lock acquired by nodename 79287@fv-az371-917
2023-03-16 20:08:03,237 [pool-729-thread-1] INFO  storage.RaftStorage (RaftStorageImpl.java:format(96)) - Storage directory /home/runner/work/ozone/ozone/hadoop-ozone/integration-test/target/test-dir/MiniOzoneClusterImpl-8f5ebca4-26a9-4ef6-bfab-4eeb6746d3a8/datanode-2/data/ratis/1b9ee310-7893-49dc-b0a9-771ec73af0d4 has been successfully formatted.
2023-03-16 20:08:03,237 [pool-729-thread-1] INFO  ratis.ContainerStateMachine (ContainerStateMachine.java:loadSnapshot(262)) - group-771EC73AF0D4: The snapshot info is null. Setting the last applied indexto:(t:0, i:~)
2023-03-16 20:08:03,237 [pool-729-thread-1] INFO  server.RaftServerConfigKeys (ConfUtils.java:logGet(46)) - raft.server.log.use.memory = false (default)
2023-03-16 20:08:03,237 [pool-729-thread-1] INFO  server.RaftServerConfigKeys (ConfUtils.java:logGet(46)) - raft.server.log.purge.gap = 1000000 (custom)
2023-03-16 20:08:03,238 [pool-729-thread-1] INFO  server.RaftServerConfigKeys (ConfUtils.java:logGet(46)) - raft.server.log.appender.buffer.byte-limit = 33554432 (custom)
2023-03-16 20:08:03,238 [pool-729-thread-1] INFO  server.RaftServerConfigKeys (ConfUtils.java:logGet(46)) - raft.server.log.statemachine.data.read.timeout = 1000ms (default)
2023-03-16 20:08:03,238 [pool-729-thread-1] INFO  server.RaftServerConfigKeys (ConfUtils.java:logGet(46)) - raft.server.log.purge.preservation.log.num = 0 (default)
2023-03-16 20:08:03,238 [pool-729-thread-1] INFO  server.RaftServerConfigKeys (ConfUtils.java:logGet(46)) - raft.server.log.segment.size.max = 1048576 (custom)
2023-03-16 20:08:03,238 [pool-729-thread-1] INFO  server.RaftServerConfigKeys (ConfUtils.java:logGet(46)) - raft.server.log.segment.cache.num.max = 2 (custom)
2023-03-16 20:08:03,238 [pool-729-thread-1] INFO  server.RaftServerConfigKeys (ConfUtils.java:logGet(46)) - raft.server.log.segment.cache.size.max = 200MB (=209715200) (default)
2023-03-16 20:08:03,238 [pool-729-thread-1] INFO  segmented.SegmentedRaftLogWorker (SegmentedRaftLogWorker.java:<init>(189)) - new 5bf8ace6-d9a7-430b-8471-debd47753f31@group-771EC73AF0D4-SegmentedRaftLogWorker for RaftStorageImpl:Storage Directory /home/runner/work/ozone/ozone/hadoop-ozone/integration-test/target/test-dir/MiniOzoneClusterImpl-8f5ebca4-26a9-4ef6-bfab-4eeb6746d3a8/datanode-2/data/ratis/1b9ee310-7893-49dc-b0a9-771ec73af0d4
2023-03-16 20:08:03,238 [EventQueue-PipelineReportForPipelineReportHandler] INFO  pipeline.PipelineManagerImpl (PipelineManagerImpl.java:openPipeline(367)) - Pipeline Pipeline[ Id: 1b9ee310-7893-49dc-b0a9-771ec73af0d4, Nodes: 5bf8ace6-d9a7-430b-8471-debd47753f31(fv-az371-917/10.1.0.41), ReplicationConfig: RATIS/ONE, State:ALLOCATED, leaderId:5bf8ace6-d9a7-430b-8471-debd47753f31, CreationTimestamp2023-03-16T20:08:00.233Z[Etc/UTC]] moved to OPEN state
2023-03-16 20:08:03,238 [pool-729-thread-1] INFO  server.RaftServerConfigKeys (ConfUtils.java:logGet(46)) - raft.server.log.queue.byte-limit = 4294967296 (custom)
2023-03-16 20:08:03,238 [pool-729-thread-1] INFO  server.RaftServerConfigKeys (ConfUtils.java:logGet(46)) - raft.server.log.queue.element-limit = 1024 (custom)
2023-03-16 20:08:03,238 [pool-729-thread-1] INFO  server.RaftServerConfigKeys (ConfUtils.java:logGet(46)) - raft.server.log.segment.size.max = 1048576 (custom)
2023-03-16 20:08:03,239 [pool-729-thread-1] INFO  server.RaftServerConfigKeys (ConfUtils.java:logGet(46)) - raft.server.log.preallocated.size = 16384 (custom)
2023-03-16 20:08:03,239 [pool-729-thread-1] INFO  server.RaftServerConfigKeys (ConfUtils.java:logGet(46)) - raft.server.log.force.sync.num = 128 (default)
2023-03-16 20:08:03,239 [pool-729-thread-1] INFO  server.RaftServerConfigKeys (ConfUtils.java:logGet(46)) - raft.server.log.statemachine.data.sync = true (default)
2023-03-16 20:08:03,239 [EventQueue-OpenPipelineForHealthyPipelineSafeModeRule] INFO  safemode.SCMSafeModeManager (HealthyPipelineSafeModeRule.java:process(137)) - SCM in safe mode. Healthy pipelines reported count is 0, required healthy pipeline reported count is 1
2023-03-16 20:08:03,239 [pool-729-thread-1] INFO  server.RaftServerConfigKeys (ConfUtils.java:logGet(46)) - raft.server.log.statemachine.data.sync.timeout = 10s (default)
2023-03-16 20:08:03,239 [pool-729-thread-1] INFO  server.RaftServerConfigKeys (ConfUtils.java:logGet(46)) - raft.server.log.statemachine.data.sync.timeout.retry = -1 (default)
2023-03-16 20:08:03,239 [pool-729-thread-1] INFO  server.RaftServerConfigKeys (ConfUtils.java:logGet(46)) - raft.server.log.write.buffer.size = 1048576 (custom)
2023-03-16 20:08:03,240 [pool-729-thread-1] INFO  server.RaftServerConfigKeys (ConfUtils.java:logGet(46)) - raft.server.log.appender.buffer.byte-limit = 33554432 (custom)
2023-03-16 20:08:03,247 [pool-729-thread-1] INFO  server.RaftServerConfigKeys (ConfUtils.java:logGet(46)) - raft.server.log.unsafe-flush.enabled = false (default)
2023-03-16 20:08:03,247 [pool-729-thread-1] INFO  server.RaftServerConfigKeys (ConfUtils.java:logGet(46)) - raft.server.log.async-flush.enabled = false (default)
2023-03-16 20:08:03,247 [pool-729-thread-1] INFO  server.RaftServerConfigKeys (ConfUtils.java:logGet(46)) - raft.server.log.statemachine.data.caching.enabled = true (custom)
2023-03-16 20:08:03,247 [pool-729-thread-1] INFO  segmented.SegmentedRaftLogWorker (SegmentedRaftLogWorker.java:lambda$new$0(135)) - 5bf8ace6-d9a7-430b-8471-debd47753f31@group-771EC73AF0D4-SegmentedRaftLogWorker: flushIndex: setUnconditionally 0 -> -1
2023-03-16 20:08:03,248 [pool-729-thread-1] INFO  segmented.SegmentedRaftLogWorker (SegmentedRaftLogWorker.java:lambda$new$0(135)) - 5bf8ace6-d9a7-430b-8471-debd47753f31@group-771EC73AF0D4-SegmentedRaftLogWorker: safeCacheEvictIndex: setUnconditionally 0 -> -1
2023-03-16 20:08:03,248 [pool-729-thread-1] INFO  server.RaftServer$Division (RaftServerImpl.java:start(334)) - 5bf8ace6-d9a7-430b-8471-debd47753f31@group-771EC73AF0D4: start as a follower, conf=-1: peers:[5bf8ace6-d9a7-430b-8471-debd47753f31|rpc:10.1.0.41:46469|dataStream:10.1.0.41:34659|priority:1|startupRole:FOLLOWER]|listeners:[], old=null
2023-03-16 20:08:03,248 [pool-729-thread-1] INFO  server.RaftServer$Division (RaftServerImpl.java:setRole(321)) - 5bf8ace6-d9a7-430b-8471-debd47753f31@group-771EC73AF0D4: changes role from      null to FOLLOWER at term 0 for startAsFollower
2023-03-16 20:08:03,248 [pool-729-thread-1] INFO  impl.RoleInfo (RoleInfo.java:updateAndGet(139)) - 5bf8ace6-d9a7-430b-8471-debd47753f31: start 5bf8ace6-d9a7-430b-8471-debd47753f31@group-771EC73AF0D4-FollowerState
2023-03-16 20:08:03,248 [5bf8ace6-d9a7-430b-8471-debd47753f31@group-771EC73AF0D4-FollowerState] INFO  server.RaftServerConfigKeys (ConfUtils.java:logFallback(53)) - raft.server.rpc.first-election.timeout.min = 5s (fallback to raft.server.rpc.timeout.min)
2023-03-16 20:08:03,248 [pool-729-thread-1] INFO  util.JmxRegister (JmxRegister.java:tryRegister(44)) - Successfully registered JMX Bean with object name Ratis:service=RaftServer,group=group-771EC73AF0D4,id=5bf8ace6-d9a7-430b-8471-debd47753f31
2023-03-16 20:08:03,248 [5bf8ace6-d9a7-430b-8471-debd47753f31@group-771EC73AF0D4-FollowerState] INFO  server.RaftServerConfigKeys (ConfUtils.java:logFallback(53)) - raft.server.rpc.first-election.timeout.max = 5200ms (fallback to raft.server.rpc.timeout.max)
2023-03-16 20:08:03,249 [pool-729-thread-1] INFO  server.RaftServerConfigKeys (ConfUtils.java:logGet(46)) - raft.server.snapshot.auto.trigger.enabled = true (custom)
2023-03-16 20:08:03,249 [pool-729-thread-1] INFO  server.RaftServerConfigKeys (ConfUtils.java:logGet(46)) - raft.server.snapshot.auto.trigger.threshold = 10000 (custom)
2023-03-16 20:08:03,249 [pool-729-thread-1] INFO  server.RaftServerConfigKeys (ConfUtils.java:logGet(46)) - raft.server.snapshot.retention.file.num = 5 (custom)
2023-03-16 20:08:03,249 [pool-729-thread-1] INFO  server.RaftServerConfigKeys (ConfUtils.java:logGet(46)) - raft.server.log.purge.upto.snapshot.index = false (default)
2023-03-16 20:08:03,249 [Command processor thread] INFO  ratis.XceiverServerRatis (XceiverServerRatis.java:addGroup(807)) - Created group PipelineID=1b9ee310-7893-49dc-b0a9-771ec73af0d4
2023-03-16 20:08:03,249 [Command processor thread] INFO  commandhandler.CreatePipelineCommandHandler (CreatePipelineCommandHandler.java:handle(113)) - Created Pipeline RATIS ONE PipelineID=1b9ee310-7893-49dc-b0a9-771ec73af0d4.
2023-03-16 20:08:03,692 [Command processor thread] INFO  server.RaftServer (RaftServerProxy.java:addNew(96)) - b217dba7-a907-4568-b361-a689a501c82e: addNew group-A5BE19F124C7:[b217dba7-a907-4568-b361-a689a501c82e|rpc:10.1.0.41:43357|dataStream:10.1.0.41:35569|priority:1|startupRole:FOLLOWER] returns group-A5BE19F124C7:java.util.concurrent.CompletableFuture@191e8c37[Not completed]
2023-03-16 20:08:03,694 [pool-751-thread-1] INFO  server.RaftServer$Division (RaftServerImpl.java:<init>(195)) - b217dba7-a907-4568-b361-a689a501c82e: new RaftServerImpl for group-A5BE19F124C7:[b217dba7-a907-4568-b361-a689a501c82e|rpc:10.1.0.41:43357|dataStream:10.1.0.41:35569|priority:1|startupRole:FOLLOWER] with ContainerStateMachine:uninitialized
2023-03-16 20:08:03,694 [pool-751-thread-1] INFO  server.RaftServerConfigKeys (ConfUtils.java:logGet(46)) - raft.server.rpc.timeout.min = 5s (custom)
2023-03-16 20:08:03,694 [pool-751-thread-1] INFO  server.RaftServerConfigKeys (ConfUtils.java:logGet(46)) - raft.server.rpc.timeout.max = 5200ms (custom)
2023-03-16 20:08:03,694 [pool-751-thread-1] INFO  server.RaftServerConfigKeys (ConfUtils.java:logGet(46)) - raft.server.rpc.sleep.time = 25ms (default)
2023-03-16 20:08:03,694 [pool-751-thread-1] INFO  server.RaftServerConfigKeys (ConfUtils.java:logGet(46)) - raft.server.rpc.slowness.timeout = 300s (custom)
2023-03-16 20:08:03,694 [pool-751-thread-1] INFO  server.RaftServerConfigKeys (ConfUtils.java:logGet(46)) - raft.server.leaderelection.leader.step-down.wait-time = 10s (default)
2023-03-16 20:08:03,694 [pool-751-thread-1] INFO  server.RaftServerConfigKeys (ConfUtils.java:logGet(46)) - raft.server.sleep.deviation.threshold = 300ms (default)
2023-03-16 20:08:03,694 [pool-751-thread-1] INFO  server.RaftServer$Division (ServerState.java:<init>(118)) - b217dba7-a907-4568-b361-a689a501c82e@group-A5BE19F124C7: ConfigurationManager, init=-1: peers:[b217dba7-a907-4568-b361-a689a501c82e|rpc:10.1.0.41:43357|dataStream:10.1.0.41:35569|priority:1|startupRole:FOLLOWER]|listeners:[], old=null, confs=<EMPTY_MAP>
2023-03-16 20:08:03,694 [pool-751-thread-1] INFO  server.RaftServerConfigKeys (ConfUtils.java:logGet(46)) - raft.server.storage.dir = [/home/runner/work/ozone/ozone/hadoop-ozone/integration-test/target/test-dir/MiniOzoneClusterImpl-8f5ebca4-26a9-4ef6-bfab-4eeb6746d3a8/datanode-3/data/ratis] (custom)
2023-03-16 20:08:03,695 [pool-751-thread-1] INFO  server.RaftServerConfigKeys (ConfUtils.java:logGet(46)) - raft.server.log.corruption.policy = EXCEPTION (default)
2023-03-16 20:08:03,695 [pool-751-thread-1] INFO  server.RaftServerConfigKeys (ConfUtils.java:logGet(46)) - raft.server.storage.free-space.min = 0MB (=0) (default)
2023-03-16 20:08:03,695 [pool-751-thread-1] INFO  server.RaftServerConfigKeys (ConfUtils.java:logGet(46)) - raft.server.notification.no-leader.timeout = 300s (custom)
2023-03-16 20:08:03,695 [pool-751-thread-1] INFO  server.RaftServerConfigKeys (ConfUtils.java:logGet(46)) - raft.server.retrycache.expirytime = 600000ms (custom)
2023-03-16 20:08:03,695 [pool-751-thread-1] INFO  server.RaftServerConfigKeys (ConfUtils.java:logGet(46)) - raft.server.retrycache.statistics.expirytime = 100μs (default)
2023-03-16 20:08:03,696 [pool-751-thread-1] INFO  server.RaftServerConfigKeys (ConfUtils.java:logGet(46)) - raft.server.log.appender.install.snapshot.enabled = false (custom)
2023-03-16 20:08:03,696 [pool-751-thread-1] INFO  server.RaftServerConfigKeys (ConfUtils.java:logGet(46)) - raft.server.threadpool.server.cached = true (default)
2023-03-16 20:08:03,696 [pool-751-thread-1] INFO  server.RaftServerConfigKeys (ConfUtils.java:logGet(46)) - raft.server.threadpool.server.size = 0 (default)
2023-03-16 20:08:03,697 [pool-751-thread-1] INFO  server.RaftServerConfigKeys (ConfUtils.java:logGet(46)) - raft.server.threadpool.client.cached = true (default)
2023-03-16 20:08:03,697 [pool-751-thread-1] INFO  server.RaftServerConfigKeys (ConfUtils.java:logGet(46)) - raft.server.threadpool.client.size = 0 (default)
2023-03-16 20:08:03,697 [pool-751-thread-1] INFO  storage.RaftStorageDirectory (RaftStorageDirectoryImpl.java:analyzeStorage(137)) - The storage directory /home/runner/work/ozone/ozone/hadoop-ozone/integration-test/target/test-dir/MiniOzoneClusterImpl-8f5ebca4-26a9-4ef6-bfab-4eeb6746d3a8/datanode-3/data/ratis/1db6d053-5699-4224-97b0-a5be19f124c7 does not exist. Creating ...
2023-03-16 20:08:03,699 [pool-751-thread-1] INFO  storage.RaftStorageDirectory (RaftStorageDirectoryImpl.java:tryLock(231)) - Lock on /home/runner/work/ozone/ozone/hadoop-ozone/integration-test/target/test-dir/MiniOzoneClusterImpl-8f5ebca4-26a9-4ef6-bfab-4eeb6746d3a8/datanode-3/data/ratis/1db6d053-5699-4224-97b0-a5be19f124c7/in_use.lock acquired by nodename 79287@fv-az371-917
2023-03-16 20:08:03,700 [pool-751-thread-1] INFO  storage.RaftStorage (RaftStorageImpl.java:format(96)) - Storage directory /home/runner/work/ozone/ozone/hadoop-ozone/integration-test/target/test-dir/MiniOzoneClusterImpl-8f5ebca4-26a9-4ef6-bfab-4eeb6746d3a8/datanode-3/data/ratis/1db6d053-5699-4224-97b0-a5be19f124c7 has been successfully formatted.
2023-03-16 20:08:03,702 [pool-751-thread-1] INFO  ratis.ContainerStateMachine (ContainerStateMachine.java:loadSnapshot(262)) - group-A5BE19F124C7: The snapshot info is null. Setting the last applied indexto:(t:0, i:~)
2023-03-16 20:08:03,702 [pool-751-thread-1] INFO  server.RaftServerConfigKeys (ConfUtils.java:logGet(46)) - raft.server.log.use.memory = false (default)
2023-03-16 20:08:03,702 [pool-751-thread-1] INFO  server.RaftServerConfigKeys (ConfUtils.java:logGet(46)) - raft.server.log.purge.gap = 1000000 (custom)
2023-03-16 20:08:03,702 [pool-751-thread-1] INFO  server.RaftServerConfigKeys (ConfUtils.java:logGet(46)) - raft.server.log.appender.buffer.byte-limit = 33554432 (custom)
2023-03-16 20:08:03,702 [pool-751-thread-1] INFO  server.RaftServerConfigKeys (ConfUtils.java:logGet(46)) - raft.server.log.statemachine.data.read.timeout = 1000ms (default)
2023-03-16 20:08:03,702 [pool-751-thread-1] INFO  server.RaftServerConfigKeys (ConfUtils.java:logGet(46)) - raft.server.log.purge.preservation.log.num = 0 (default)
2023-03-16 20:08:03,702 [pool-751-thread-1] INFO  server.RaftServerConfigKeys (ConfUtils.java:logGet(46)) - raft.server.log.segment.size.max = 1048576 (custom)
2023-03-16 20:08:03,703 [pool-751-thread-1] INFO  server.RaftServerConfigKeys (ConfUtils.java:logGet(46)) - raft.server.log.segment.cache.num.max = 2 (custom)
2023-03-16 20:08:03,703 [pool-751-thread-1] INFO  server.RaftServerConfigKeys (ConfUtils.java:logGet(46)) - raft.server.log.segment.cache.size.max = 200MB (=209715200) (default)
2023-03-16 20:08:03,703 [EventQueue-PipelineReportForPipelineReportHandler] INFO  pipeline.PipelineManagerImpl (PipelineManagerImpl.java:openPipeline(367)) - Pipeline Pipeline[ Id: 1db6d053-5699-4224-97b0-a5be19f124c7, Nodes: b217dba7-a907-4568-b361-a689a501c82e(fv-az371-917/10.1.0.41), ReplicationConfig: RATIS/ONE, State:ALLOCATED, leaderId:b217dba7-a907-4568-b361-a689a501c82e, CreationTimestamp2023-03-16T20:08:00.698Z[Etc/UTC]] moved to OPEN state
2023-03-16 20:08:03,703 [pool-751-thread-1] INFO  segmented.SegmentedRaftLogWorker (SegmentedRaftLogWorker.java:<init>(189)) - new b217dba7-a907-4568-b361-a689a501c82e@group-A5BE19F124C7-SegmentedRaftLogWorker for RaftStorageImpl:Storage Directory /home/runner/work/ozone/ozone/hadoop-ozone/integration-test/target/test-dir/MiniOzoneClusterImpl-8f5ebca4-26a9-4ef6-bfab-4eeb6746d3a8/datanode-3/data/ratis/1db6d053-5699-4224-97b0-a5be19f124c7
2023-03-16 20:08:03,703 [pool-751-thread-1] INFO  server.RaftServerConfigKeys (ConfUtils.java:logGet(46)) - raft.server.log.queue.byte-limit = 4294967296 (custom)
2023-03-16 20:08:03,703 [pool-751-thread-1] INFO  server.RaftServerConfigKeys (ConfUtils.java:logGet(46)) - raft.server.log.queue.element-limit = 1024 (custom)
2023-03-16 20:08:03,703 [pool-751-thread-1] INFO  server.RaftServerConfigKeys (ConfUtils.java:logGet(46)) - raft.server.log.segment.size.max = 1048576 (custom)
2023-03-16 20:08:03,703 [pool-751-thread-1] INFO  server.RaftServerConfigKeys (ConfUtils.java:logGet(46)) - raft.server.log.preallocated.size = 16384 (custom)
2023-03-16 20:08:03,703 [pool-751-thread-1] INFO  server.RaftServerConfigKeys (ConfUtils.java:logGet(46)) - raft.server.log.force.sync.num = 128 (default)
2023-03-16 20:08:03,703 [pool-751-thread-1] INFO  server.RaftServerConfigKeys (ConfUtils.java:logGet(46)) - raft.server.log.statemachine.data.sync = true (default)
2023-03-16 20:08:03,703 [pool-751-thread-1] INFO  server.RaftServerConfigKeys (ConfUtils.java:logGet(46)) - raft.server.log.statemachine.data.sync.timeout = 10s (default)
2023-03-16 20:08:03,704 [pool-751-thread-1] INFO  server.RaftServerConfigKeys (ConfUtils.java:logGet(46)) - raft.server.log.statemachine.data.sync.timeout.retry = -1 (default)
2023-03-16 20:08:03,703 [EventQueue-OpenPipelineForHealthyPipelineSafeModeRule] INFO  safemode.SCMSafeModeManager (HealthyPipelineSafeModeRule.java:process(137)) - SCM in safe mode. Healthy pipelines reported count is 0, required healthy pipeline reported count is 1
2023-03-16 20:08:03,706 [pool-751-thread-1] INFO  server.RaftServerConfigKeys (ConfUtils.java:logGet(46)) - raft.server.log.write.buffer.size = 1048576 (custom)
2023-03-16 20:08:03,706 [pool-751-thread-1] INFO  server.RaftServerConfigKeys (ConfUtils.java:logGet(46)) - raft.server.log.appender.buffer.byte-limit = 33554432 (custom)
2023-03-16 20:08:03,716 [pool-751-thread-1] INFO  server.RaftServerConfigKeys (ConfUtils.java:logGet(46)) - raft.server.log.unsafe-flush.enabled = false (default)
2023-03-16 20:08:03,716 [pool-751-thread-1] INFO  server.RaftServerConfigKeys (ConfUtils.java:logGet(46)) - raft.server.log.async-flush.enabled = false (default)
2023-03-16 20:08:03,716 [pool-751-thread-1] INFO  server.RaftServerConfigKeys (ConfUtils.java:logGet(46)) - raft.server.log.statemachine.data.caching.enabled = true (custom)
2023-03-16 20:08:03,716 [pool-751-thread-1] INFO  segmented.SegmentedRaftLogWorker (SegmentedRaftLogWorker.java:lambda$new$0(135)) - b217dba7-a907-4568-b361-a689a501c82e@group-A5BE19F124C7-SegmentedRaftLogWorker: flushIndex: setUnconditionally 0 -> -1
2023-03-16 20:08:03,716 [pool-751-thread-1] INFO  segmented.SegmentedRaftLogWorker (SegmentedRaftLogWorker.java:lambda$new$0(135)) - b217dba7-a907-4568-b361-a689a501c82e@group-A5BE19F124C7-SegmentedRaftLogWorker: safeCacheEvictIndex: setUnconditionally 0 -> -1
2023-03-16 20:08:03,717 [pool-751-thread-1] INFO  server.RaftServer$Division (RaftServerImpl.java:start(334)) - b217dba7-a907-4568-b361-a689a501c82e@group-A5BE19F124C7: start as a follower, conf=-1: peers:[b217dba7-a907-4568-b361-a689a501c82e|rpc:10.1.0.41:43357|dataStream:10.1.0.41:35569|priority:1|startupRole:FOLLOWER]|listeners:[], old=null
2023-03-16 20:08:03,717 [pool-751-thread-1] INFO  server.RaftServer$Division (RaftServerImpl.java:setRole(321)) - b217dba7-a907-4568-b361-a689a501c82e@group-A5BE19F124C7: changes role from      null to FOLLOWER at term 0 for startAsFollower
2023-03-16 20:08:03,717 [pool-751-thread-1] INFO  impl.RoleInfo (RoleInfo.java:updateAndGet(139)) - b217dba7-a907-4568-b361-a689a501c82e: start b217dba7-a907-4568-b361-a689a501c82e@group-A5BE19F124C7-FollowerState
2023-03-16 20:08:03,718 [pool-751-thread-1] INFO  util.JmxRegister (JmxRegister.java:tryRegister(44)) - Successfully registered JMX Bean with object name Ratis:service=RaftServer,group=group-A5BE19F124C7,id=b217dba7-a907-4568-b361-a689a501c82e
2023-03-16 20:08:03,718 [b217dba7-a907-4568-b361-a689a501c82e@group-A5BE19F124C7-FollowerState] INFO  server.RaftServerConfigKeys (ConfUtils.java:logFallback(53)) - raft.server.rpc.first-election.timeout.min = 5s (fallback to raft.server.rpc.timeout.min)
2023-03-16 20:08:03,718 [b217dba7-a907-4568-b361-a689a501c82e@group-A5BE19F124C7-FollowerState] INFO  server.RaftServerConfigKeys (ConfUtils.java:logFallback(53)) - raft.server.rpc.first-election.timeout.max = 5200ms (fallback to raft.server.rpc.timeout.max)
2023-03-16 20:08:03,718 [pool-751-thread-1] INFO  server.RaftServerConfigKeys (ConfUtils.java:logGet(46)) - raft.server.snapshot.auto.trigger.enabled = true (custom)
2023-03-16 20:08:03,718 [pool-751-thread-1] INFO  server.RaftServerConfigKeys (ConfUtils.java:logGet(46)) - raft.server.snapshot.auto.trigger.threshold = 10000 (custom)
2023-03-16 20:08:03,718 [pool-751-thread-1] INFO  server.RaftServerConfigKeys (ConfUtils.java:logGet(46)) - raft.server.snapshot.retention.file.num = 5 (custom)
2023-03-16 20:08:03,718 [pool-751-thread-1] INFO  server.RaftServerConfigKeys (ConfUtils.java:logGet(46)) - raft.server.log.purge.upto.snapshot.index = false (default)
2023-03-16 20:08:03,719 [Command processor thread] INFO  ratis.XceiverServerRatis (XceiverServerRatis.java:addGroup(807)) - Created group PipelineID=1db6d053-5699-4224-97b0-a5be19f124c7
2023-03-16 20:08:03,719 [Command processor thread] INFO  commandhandler.CreatePipelineCommandHandler (CreatePipelineCommandHandler.java:handle(113)) - Created Pipeline RATIS ONE PipelineID=1db6d053-5699-4224-97b0-a5be19f124c7.
2023-03-16 20:08:04,146 [Command processor thread] INFO  server.RaftServer (RaftServerProxy.java:addNew(96)) - f6cec9cd-4412-4a1e-af36-3453d03b0f80: addNew group-211A62C94A0B:[f6cec9cd-4412-4a1e-af36-3453d03b0f80|rpc:10.1.0.41:45065|dataStream:10.1.0.41:36285|priority:1|startupRole:FOLLOWER] returns group-211A62C94A0B:java.util.concurrent.CompletableFuture@15203470[Not completed]
2023-03-16 20:08:04,146 [Listener at 127.0.0.1/41725] INFO  ozone.MiniOzoneClusterImpl (MiniOzoneClusterImpl.java:lambda$waitForClusterToBeReady$0(222)) - Nodes are ready. Got 5 of 5 DN Heartbeats.
2023-03-16 20:08:04,146 [Listener at 127.0.0.1/41725] INFO  ozone.MiniOzoneClusterImpl (MiniOzoneClusterImpl.java:lambda$waitForClusterToBeReady$0(225)) - Waiting for cluster to exit safe mode
2023-03-16 20:08:04,146 [Listener at 127.0.0.1/41725] INFO  ozone.MiniOzoneClusterImpl (MiniOzoneClusterImpl.java:lambda$waitForClusterToBeReady$0(227)) - SCM became leader
2023-03-16 20:08:04,149 [pool-773-thread-1] INFO  server.RaftServer$Division (RaftServerImpl.java:<init>(195)) - f6cec9cd-4412-4a1e-af36-3453d03b0f80: new RaftServerImpl for group-211A62C94A0B:[f6cec9cd-4412-4a1e-af36-3453d03b0f80|rpc:10.1.0.41:45065|dataStream:10.1.0.41:36285|priority:1|startupRole:FOLLOWER] with ContainerStateMachine:uninitialized
2023-03-16 20:08:04,149 [pool-773-thread-1] INFO  server.RaftServerConfigKeys (ConfUtils.java:logGet(46)) - raft.server.rpc.timeout.min = 5s (custom)
2023-03-16 20:08:04,149 [pool-773-thread-1] INFO  server.RaftServerConfigKeys (ConfUtils.java:logGet(46)) - raft.server.rpc.timeout.max = 5200ms (custom)
2023-03-16 20:08:04,149 [pool-773-thread-1] INFO  server.RaftServerConfigKeys (ConfUtils.java:logGet(46)) - raft.server.rpc.sleep.time = 25ms (default)
2023-03-16 20:08:04,149 [pool-773-thread-1] INFO  server.RaftServerConfigKeys (ConfUtils.java:logGet(46)) - raft.server.rpc.slowness.timeout = 300s (custom)
2023-03-16 20:08:04,149 [pool-773-thread-1] INFO  server.RaftServerConfigKeys (ConfUtils.java:logGet(46)) - raft.server.leaderelection.leader.step-down.wait-time = 10s (default)
2023-03-16 20:08:04,149 [pool-773-thread-1] INFO  server.RaftServerConfigKeys (ConfUtils.java:logGet(46)) - raft.server.sleep.deviation.threshold = 300ms (default)
2023-03-16 20:08:04,149 [pool-773-thread-1] INFO  server.RaftServer$Division (ServerState.java:<init>(118)) - f6cec9cd-4412-4a1e-af36-3453d03b0f80@group-211A62C94A0B: ConfigurationManager, init=-1: peers:[f6cec9cd-4412-4a1e-af36-3453d03b0f80|rpc:10.1.0.41:45065|dataStream:10.1.0.41:36285|priority:1|startupRole:FOLLOWER]|listeners:[], old=null, confs=<EMPTY_MAP>
2023-03-16 20:08:04,150 [pool-773-thread-1] INFO  server.RaftServerConfigKeys (ConfUtils.java:logGet(46)) - raft.server.storage.dir = [/home/runner/work/ozone/ozone/hadoop-ozone/integration-test/target/test-dir/MiniOzoneClusterImpl-8f5ebca4-26a9-4ef6-bfab-4eeb6746d3a8/datanode-4/data/ratis] (custom)
2023-03-16 20:08:04,151 [pool-773-thread-1] INFO  server.RaftServerConfigKeys (ConfUtils.java:logGet(46)) - raft.server.log.corruption.policy = EXCEPTION (default)
2023-03-16 20:08:04,151 [pool-773-thread-1] INFO  server.RaftServerConfigKeys (ConfUtils.java:logGet(46)) - raft.server.storage.free-space.min = 0MB (=0) (default)
2023-03-16 20:08:04,151 [pool-773-thread-1] INFO  server.RaftServerConfigKeys (ConfUtils.java:logGet(46)) - raft.server.notification.no-leader.timeout = 300s (custom)
2023-03-16 20:08:04,152 [pool-773-thread-1] INFO  server.RaftServerConfigKeys (ConfUtils.java:logGet(46)) - raft.server.retrycache.expirytime = 600000ms (custom)
2023-03-16 20:08:04,152 [pool-773-thread-1] INFO  server.RaftServerConfigKeys (ConfUtils.java:logGet(46)) - raft.server.retrycache.statistics.expirytime = 100μs (default)
2023-03-16 20:08:04,153 [pool-773-thread-1] INFO  server.RaftServerConfigKeys (ConfUtils.java:logGet(46)) - raft.server.log.appender.install.snapshot.enabled = false (custom)
2023-03-16 20:08:04,153 [pool-773-thread-1] INFO  server.RaftServerConfigKeys (ConfUtils.java:logGet(46)) - raft.server.threadpool.server.cached = true (default)
2023-03-16 20:08:04,154 [pool-773-thread-1] INFO  server.RaftServerConfigKeys (ConfUtils.java:logGet(46)) - raft.server.threadpool.server.size = 0 (default)
2023-03-16 20:08:04,154 [pool-773-thread-1] INFO  server.RaftServerConfigKeys (ConfUtils.java:logGet(46)) - raft.server.threadpool.client.cached = true (default)
2023-03-16 20:08:04,154 [pool-773-thread-1] INFO  server.RaftServerConfigKeys (ConfUtils.java:logGet(46)) - raft.server.threadpool.client.size = 0 (default)
2023-03-16 20:08:04,154 [pool-773-thread-1] INFO  storage.RaftStorageDirectory (RaftStorageDirectoryImpl.java:analyzeStorage(137)) - The storage directory /home/runner/work/ozone/ozone/hadoop-ozone/integration-test/target/test-dir/MiniOzoneClusterImpl-8f5ebca4-26a9-4ef6-bfab-4eeb6746d3a8/datanode-4/data/ratis/4df4f194-2c60-47af-af22-211a62c94a0b does not exist. Creating ...
2023-03-16 20:08:04,155 [pool-773-thread-1] INFO  storage.RaftStorageDirectory (RaftStorageDirectoryImpl.java:tryLock(231)) - Lock on /home/runner/work/ozone/ozone/hadoop-ozone/integration-test/target/test-dir/MiniOzoneClusterImpl-8f5ebca4-26a9-4ef6-bfab-4eeb6746d3a8/datanode-4/data/ratis/4df4f194-2c60-47af-af22-211a62c94a0b/in_use.lock acquired by nodename 79287@fv-az371-917
2023-03-16 20:08:04,162 [pool-773-thread-1] INFO  storage.RaftStorage (RaftStorageImpl.java:format(96)) - Storage directory /home/runner/work/ozone/ozone/hadoop-ozone/integration-test/target/test-dir/MiniOzoneClusterImpl-8f5ebca4-26a9-4ef6-bfab-4eeb6746d3a8/datanode-4/data/ratis/4df4f194-2c60-47af-af22-211a62c94a0b has been successfully formatted.
2023-03-16 20:08:04,168 [pool-773-thread-1] INFO  ratis.ContainerStateMachine (ContainerStateMachine.java:loadSnapshot(262)) - group-211A62C94A0B: The snapshot info is null. Setting the last applied indexto:(t:0, i:~)
2023-03-16 20:08:04,170 [EventQueue-PipelineReportForPipelineReportHandler] INFO  pipeline.PipelineManagerImpl (PipelineManagerImpl.java:openPipeline(367)) - Pipeline Pipeline[ Id: 4df4f194-2c60-47af-af22-211a62c94a0b, Nodes: f6cec9cd-4412-4a1e-af36-3453d03b0f80(fv-az371-917/10.1.0.41), ReplicationConfig: RATIS/ONE, State:ALLOCATED, leaderId:f6cec9cd-4412-4a1e-af36-3453d03b0f80, CreationTimestamp2023-03-16T20:08:01.149Z[Etc/UTC]] moved to OPEN state
2023-03-16 20:08:04,171 [EventQueue-OpenPipelineForHealthyPipelineSafeModeRule] INFO  safemode.SCMSafeModeManager (HealthyPipelineSafeModeRule.java:process(137)) - SCM in safe mode. Healthy pipelines reported count is 0, required healthy pipeline reported count is 1
2023-03-16 20:08:04,171 [pool-773-thread-1] INFO  server.RaftServerConfigKeys (ConfUtils.java:logGet(46)) - raft.server.log.use.memory = false (default)
2023-03-16 20:08:04,171 [pool-773-thread-1] INFO  server.RaftServerConfigKeys (ConfUtils.java:logGet(46)) - raft.server.log.purge.gap = 1000000 (custom)
2023-03-16 20:08:04,171 [pool-773-thread-1] INFO  server.RaftServerConfigKeys (ConfUtils.java:logGet(46)) - raft.server.log.appender.buffer.byte-limit = 33554432 (custom)
2023-03-16 20:08:04,171 [pool-773-thread-1] INFO  server.RaftServerConfigKeys (ConfUtils.java:logGet(46)) - raft.server.log.statemachine.data.read.timeout = 1000ms (default)
2023-03-16 20:08:04,171 [pool-773-thread-1] INFO  server.RaftServerConfigKeys (ConfUtils.java:logGet(46)) - raft.server.log.purge.preservation.log.num = 0 (default)
2023-03-16 20:08:04,172 [pool-773-thread-1] INFO  server.RaftServerConfigKeys (ConfUtils.java:logGet(46)) - raft.server.log.segment.size.max = 1048576 (custom)
2023-03-16 20:08:04,172 [pool-773-thread-1] INFO  server.RaftServerConfigKeys (ConfUtils.java:logGet(46)) - raft.server.log.segment.cache.num.max = 2 (custom)
2023-03-16 20:08:04,172 [pool-773-thread-1] INFO  server.RaftServerConfigKeys (ConfUtils.java:logGet(46)) - raft.server.log.segment.cache.size.max = 200MB (=209715200) (default)
2023-03-16 20:08:04,172 [pool-773-thread-1] INFO  segmented.SegmentedRaftLogWorker (SegmentedRaftLogWorker.java:<init>(189)) - new f6cec9cd-4412-4a1e-af36-3453d03b0f80@group-211A62C94A0B-SegmentedRaftLogWorker for RaftStorageImpl:Storage Directory /home/runner/work/ozone/ozone/hadoop-ozone/integration-test/target/test-dir/MiniOzoneClusterImpl-8f5ebca4-26a9-4ef6-bfab-4eeb6746d3a8/datanode-4/data/ratis/4df4f194-2c60-47af-af22-211a62c94a0b
2023-03-16 20:08:04,172 [pool-773-thread-1] INFO  server.RaftServerConfigKeys (ConfUtils.java:logGet(46)) - raft.server.log.queue.byte-limit = 4294967296 (custom)
2023-03-16 20:08:04,172 [pool-773-thread-1] INFO  server.RaftServerConfigKeys (ConfUtils.java:logGet(46)) - raft.server.log.queue.element-limit = 1024 (custom)
2023-03-16 20:08:04,172 [pool-773-thread-1] INFO  server.RaftServerConfigKeys (ConfUtils.java:logGet(46)) - raft.server.log.segment.size.max = 1048576 (custom)
2023-03-16 20:08:04,172 [pool-773-thread-1] INFO  server.RaftServerConfigKeys (ConfUtils.java:logGet(46)) - raft.server.log.preallocated.size = 16384 (custom)
2023-03-16 20:08:04,172 [pool-773-thread-1] INFO  server.RaftServerConfigKeys (ConfUtils.java:logGet(46)) - raft.server.log.force.sync.num = 128 (default)
2023-03-16 20:08:04,172 [pool-773-thread-1] INFO  server.RaftServerConfigKeys (ConfUtils.java:logGet(46)) - raft.server.log.statemachine.data.sync = true (default)
2023-03-16 20:08:04,173 [pool-773-thread-1] INFO  server.RaftServerConfigKeys (ConfUtils.java:logGet(46)) - raft.server.log.statemachine.data.sync.timeout = 10s (default)
2023-03-16 20:08:04,173 [pool-773-thread-1] INFO  server.RaftServerConfigKeys (ConfUtils.java:logGet(46)) - raft.server.log.statemachine.data.sync.timeout.retry = -1 (default)
2023-03-16 20:08:04,173 [pool-773-thread-1] INFO  server.RaftServerConfigKeys (ConfUtils.java:logGet(46)) - raft.server.log.write.buffer.size = 1048576 (custom)
2023-03-16 20:08:04,173 [pool-773-thread-1] INFO  server.RaftServerConfigKeys (ConfUtils.java:logGet(46)) - raft.server.log.appender.buffer.byte-limit = 33554432 (custom)
2023-03-16 20:08:04,180 [pool-773-thread-1] INFO  server.RaftServerConfigKeys (ConfUtils.java:logGet(46)) - raft.server.log.unsafe-flush.enabled = false (default)
2023-03-16 20:08:04,180 [pool-773-thread-1] INFO  server.RaftServerConfigKeys (ConfUtils.java:logGet(46)) - raft.server.log.async-flush.enabled = false (default)
2023-03-16 20:08:04,180 [pool-773-thread-1] INFO  server.RaftServerConfigKeys (ConfUtils.java:logGet(46)) - raft.server.log.statemachine.data.caching.enabled = true (custom)
2023-03-16 20:08:04,180 [pool-773-thread-1] INFO  segmented.SegmentedRaftLogWorker (SegmentedRaftLogWorker.java:lambda$new$0(135)) - f6cec9cd-4412-4a1e-af36-3453d03b0f80@group-211A62C94A0B-SegmentedRaftLogWorker: flushIndex: setUnconditionally 0 -> -1
2023-03-16 20:08:04,180 [pool-773-thread-1] INFO  segmented.SegmentedRaftLogWorker (SegmentedRaftLogWorker.java:lambda$new$0(135)) - f6cec9cd-4412-4a1e-af36-3453d03b0f80@group-211A62C94A0B-SegmentedRaftLogWorker: safeCacheEvictIndex: setUnconditionally 0 -> -1
2023-03-16 20:08:04,181 [pool-773-thread-1] INFO  server.RaftServer$Division (RaftServerImpl.java:start(334)) - f6cec9cd-4412-4a1e-af36-3453d03b0f80@group-211A62C94A0B: start as a follower, conf=-1: peers:[f6cec9cd-4412-4a1e-af36-3453d03b0f80|rpc:10.1.0.41:45065|dataStream:10.1.0.41:36285|priority:1|startupRole:FOLLOWER]|listeners:[], old=null
2023-03-16 20:08:04,181 [pool-773-thread-1] INFO  server.RaftServer$Division (RaftServerImpl.java:setRole(321)) - f6cec9cd-4412-4a1e-af36-3453d03b0f80@group-211A62C94A0B: changes role from      null to FOLLOWER at term 0 for startAsFollower
2023-03-16 20:08:04,181 [pool-773-thread-1] INFO  impl.RoleInfo (RoleInfo.java:updateAndGet(139)) - f6cec9cd-4412-4a1e-af36-3453d03b0f80: start f6cec9cd-4412-4a1e-af36-3453d03b0f80@group-211A62C94A0B-FollowerState
2023-03-16 20:08:04,183 [pool-773-thread-1] INFO  util.JmxRegister (JmxRegister.java:tryRegister(44)) - Successfully registered JMX Bean with object name Ratis:service=RaftServer,group=group-211A62C94A0B,id=f6cec9cd-4412-4a1e-af36-3453d03b0f80
2023-03-16 20:08:04,183 [f6cec9cd-4412-4a1e-af36-3453d03b0f80@group-211A62C94A0B-FollowerState] INFO  server.RaftServerConfigKeys (ConfUtils.java:logFallback(53)) - raft.server.rpc.first-election.timeout.min = 5s (fallback to raft.server.rpc.timeout.min)
2023-03-16 20:08:04,183 [pool-773-thread-1] INFO  server.RaftServerConfigKeys (ConfUtils.java:logGet(46)) - raft.server.snapshot.auto.trigger.enabled = true (custom)
2023-03-16 20:08:04,183 [f6cec9cd-4412-4a1e-af36-3453d03b0f80@group-211A62C94A0B-FollowerState] INFO  server.RaftServerConfigKeys (ConfUtils.java:logFallback(53)) - raft.server.rpc.first-election.timeout.max = 5200ms (fallback to raft.server.rpc.timeout.max)
2023-03-16 20:08:04,183 [pool-773-thread-1] INFO  server.RaftServerConfigKeys (ConfUtils.java:logGet(46)) - raft.server.snapshot.auto.trigger.threshold = 10000 (custom)
2023-03-16 20:08:04,183 [pool-773-thread-1] INFO  server.RaftServerConfigKeys (ConfUtils.java:logGet(46)) - raft.server.snapshot.retention.file.num = 5 (custom)
2023-03-16 20:08:04,183 [pool-773-thread-1] INFO  server.RaftServerConfigKeys (ConfUtils.java:logGet(46)) - raft.server.log.purge.upto.snapshot.index = false (default)
2023-03-16 20:08:04,184 [Command processor thread] INFO  ratis.XceiverServerRatis (XceiverServerRatis.java:addGroup(807)) - Created group PipelineID=4df4f194-2c60-47af-af22-211a62c94a0b
2023-03-16 20:08:04,184 [Command processor thread] INFO  commandhandler.CreatePipelineCommandHandler (CreatePipelineCommandHandler.java:handle(113)) - Created Pipeline RATIS ONE PipelineID=4df4f194-2c60-47af-af22-211a62c94a0b.
2023-03-16 20:08:05,147 [Listener at 127.0.0.1/41725] INFO  ozone.MiniOzoneClusterImpl (MiniOzoneClusterImpl.java:lambda$waitForClusterToBeReady$0(222)) - Nodes are ready. Got 5 of 5 DN Heartbeats.
2023-03-16 20:08:05,147 [Listener at 127.0.0.1/41725] INFO  ozone.MiniOzoneClusterImpl (MiniOzoneClusterImpl.java:lambda$waitForClusterToBeReady$0(225)) - Waiting for cluster to exit safe mode
2023-03-16 20:08:05,147 [Listener at 127.0.0.1/41725] INFO  ozone.MiniOzoneClusterImpl (MiniOzoneClusterImpl.java:lambda$waitForClusterToBeReady$0(227)) - SCM became leader
2023-03-16 20:08:06,147 [Listener at 127.0.0.1/41725] INFO  ozone.MiniOzoneClusterImpl (MiniOzoneClusterImpl.java:lambda$waitForClusterToBeReady$0(222)) - Nodes are ready. Got 5 of 5 DN Heartbeats.
2023-03-16 20:08:06,148 [Listener at 127.0.0.1/41725] INFO  ozone.MiniOzoneClusterImpl (MiniOzoneClusterImpl.java:lambda$waitForClusterToBeReady$0(225)) - Waiting for cluster to exit safe mode
2023-03-16 20:08:06,148 [Listener at 127.0.0.1/41725] INFO  ozone.MiniOzoneClusterImpl (MiniOzoneClusterImpl.java:lambda$waitForClusterToBeReady$0(227)) - SCM became leader
2023-03-16 20:08:07,148 [Listener at 127.0.0.1/41725] INFO  ozone.MiniOzoneClusterImpl (MiniOzoneClusterImpl.java:lambda$waitForClusterToBeReady$0(222)) - Nodes are ready. Got 5 of 5 DN Heartbeats.
2023-03-16 20:08:07,149 [Listener at 127.0.0.1/41725] INFO  ozone.MiniOzoneClusterImpl (MiniOzoneClusterImpl.java:lambda$waitForClusterToBeReady$0(225)) - Waiting for cluster to exit safe mode
2023-03-16 20:08:07,149 [Listener at 127.0.0.1/41725] INFO  ozone.MiniOzoneClusterImpl (MiniOzoneClusterImpl.java:lambda$waitForClusterToBeReady$0(227)) - SCM became leader
2023-03-16 20:08:07,468 [a92d4c5c-0e58-445a-9596-01977366270e@group-45A0C5326511-FollowerState] INFO  impl.FollowerState (FollowerState.java:run(143)) - a92d4c5c-0e58-445a-9596-01977366270e@group-45A0C5326511-FollowerState: change to CANDIDATE, lastRpcElapsedTime:5084785339ns, electionTimeout:5084ms
2023-03-16 20:08:07,468 [a92d4c5c-0e58-445a-9596-01977366270e@group-45A0C5326511-FollowerState] INFO  impl.RoleInfo (RoleInfo.java:shutdownFollowerState(110)) - a92d4c5c-0e58-445a-9596-01977366270e: shutdown a92d4c5c-0e58-445a-9596-01977366270e@group-45A0C5326511-FollowerState
2023-03-16 20:08:07,468 [a92d4c5c-0e58-445a-9596-01977366270e@group-45A0C5326511-FollowerState] INFO  server.RaftServer$Division (RaftServerImpl.java:setRole(321)) - a92d4c5c-0e58-445a-9596-01977366270e@group-45A0C5326511: changes role from  FOLLOWER to CANDIDATE at term 0 for changeToCandidate
2023-03-16 20:08:07,468 [a92d4c5c-0e58-445a-9596-01977366270e@group-45A0C5326511-FollowerState] INFO  server.RaftServerConfigKeys (ConfUtils.java:logGet(46)) - raft.server.leaderelection.pre-vote = true (default)
2023-03-16 20:08:07,468 [a92d4c5c-0e58-445a-9596-01977366270e@group-45A0C5326511-FollowerState] INFO  impl.RoleInfo (RoleInfo.java:updateAndGet(139)) - a92d4c5c-0e58-445a-9596-01977366270e: start a92d4c5c-0e58-445a-9596-01977366270e@group-45A0C5326511-LeaderElection28
2023-03-16 20:08:07,471 [a92d4c5c-0e58-445a-9596-01977366270e@group-45A0C5326511-LeaderElection28] INFO  impl.LeaderElection (LeaderElection.java:askForVotes(312)) - a92d4c5c-0e58-445a-9596-01977366270e@group-45A0C5326511-LeaderElection28 PRE_VOTE round 0: submit vote requests at term 0 for -1: peers:[a92d4c5c-0e58-445a-9596-01977366270e|rpc:10.1.0.41:41359|dataStream:10.1.0.41:40573|priority:1|startupRole:FOLLOWER]|listeners:[], old=null
2023-03-16 20:08:07,471 [a92d4c5c-0e58-445a-9596-01977366270e@group-45A0C5326511-LeaderElection28] INFO  impl.LeaderElection (LeaderElection.java:askForVotes(314)) - a92d4c5c-0e58-445a-9596-01977366270e@group-45A0C5326511-LeaderElection28 PRE_VOTE round 0: result PASSED (term=0)
2023-03-16 20:08:07,474 [a92d4c5c-0e58-445a-9596-01977366270e@group-45A0C5326511-LeaderElection28] INFO  impl.LeaderElection (LeaderElection.java:askForVotes(312)) - a92d4c5c-0e58-445a-9596-01977366270e@group-45A0C5326511-LeaderElection28 ELECTION round 0: submit vote requests at term 1 for -1: peers:[a92d4c5c-0e58-445a-9596-01977366270e|rpc:10.1.0.41:41359|dataStream:10.1.0.41:40573|priority:1|startupRole:FOLLOWER]|listeners:[], old=null
2023-03-16 20:08:07,474 [a92d4c5c-0e58-445a-9596-01977366270e@group-45A0C5326511-LeaderElection28] INFO  impl.LeaderElection (LeaderElection.java:askForVotes(314)) - a92d4c5c-0e58-445a-9596-01977366270e@group-45A0C5326511-LeaderElection28 ELECTION round 0: result PASSED (term=1)
2023-03-16 20:08:07,474 [a92d4c5c-0e58-445a-9596-01977366270e@group-45A0C5326511-LeaderElection28] INFO  impl.RoleInfo (RoleInfo.java:shutdownLeaderElection(130)) - a92d4c5c-0e58-445a-9596-01977366270e: shutdown a92d4c5c-0e58-445a-9596-01977366270e@group-45A0C5326511-LeaderElection28
2023-03-16 20:08:07,474 [a92d4c5c-0e58-445a-9596-01977366270e@group-45A0C5326511-LeaderElection28] INFO  server.RaftServer$Division (RaftServerImpl.java:setRole(321)) - a92d4c5c-0e58-445a-9596-01977366270e@group-45A0C5326511: changes role from CANDIDATE to LEADER at term 1 for changeToLeader
2023-03-16 20:08:07,474 [a92d4c5c-0e58-445a-9596-01977366270e@group-45A0C5326511-LeaderElection28] INFO  ratis.XceiverServerRatis (XceiverServerRatis.java:handleLeaderChangedNotification(905)) - Leader change notification received for group: group-45A0C5326511 with new leaderId: a92d4c5c-0e58-445a-9596-01977366270e
2023-03-16 20:08:07,474 [a92d4c5c-0e58-445a-9596-01977366270e@group-45A0C5326511-LeaderElection28] INFO  server.RaftServer$Division (ServerState.java:setLeader(313)) - a92d4c5c-0e58-445a-9596-01977366270e@group-45A0C5326511: change Leader from null to a92d4c5c-0e58-445a-9596-01977366270e at term 1 for becomeLeader, leader elected after 5112ms
2023-03-16 20:08:07,474 [a92d4c5c-0e58-445a-9596-01977366270e@group-45A0C5326511-LeaderElection28] INFO  server.RaftServerConfigKeys (ConfUtils.java:logGet(46)) - raft.server.staging.catchup.gap = 1000 (default)
2023-03-16 20:08:07,475 [a92d4c5c-0e58-445a-9596-01977366270e@group-45A0C5326511-LeaderElection28] INFO  server.RaftServerConfigKeys (ConfUtils.java:logGet(46)) - raft.server.write.element-limit = 1024 (custom)
2023-03-16 20:08:07,475 [a92d4c5c-0e58-445a-9596-01977366270e@group-45A0C5326511-LeaderElection28] INFO  server.RaftServerConfigKeys (ConfUtils.java:logGet(46)) - raft.server.write.byte-limit = 1024 M (=1073741824) (custom)
2023-03-16 20:08:07,475 [EventQueue-OpenPipelineForHealthyPipelineSafeModeRule] INFO  safemode.SCMSafeModeManager (HealthyPipelineSafeModeRule.java:process(137)) - SCM in safe mode. Healthy pipelines reported count is 0, required healthy pipeline reported count is 1
2023-03-16 20:08:07,475 [a92d4c5c-0e58-445a-9596-01977366270e@group-45A0C5326511-LeaderElection28] INFO  server.RaftServerConfigKeys (ConfUtils.java:logGet(46)) - raft.server.watch.timeout = 180s (custom)
2023-03-16 20:08:07,475 [a92d4c5c-0e58-445a-9596-01977366270e@group-45A0C5326511-LeaderElection28] INFO  server.RaftServerConfigKeys (ConfUtils.java:logGet(46)) - raft.server.watch.timeout.denomination = 1s (default)
2023-03-16 20:08:07,475 [a92d4c5c-0e58-445a-9596-01977366270e@group-45A0C5326511-LeaderElection28] INFO  server.RaftServerConfigKeys (ConfUtils.java:logGet(46)) - raft.server.watch.element-limit = 65536 (default)
2023-03-16 20:08:07,476 [a92d4c5c-0e58-445a-9596-01977366270e@group-45A0C5326511-LeaderElection28] INFO  server.RaftServerConfigKeys (ConfUtils.java:logGet(46)) - raft.server.write.element-limit = 1024 (custom)
2023-03-16 20:08:07,476 [a92d4c5c-0e58-445a-9596-01977366270e@group-45A0C5326511-LeaderElection28] INFO  server.RaftServerConfigKeys (ConfUtils.java:logGet(46)) - raft.server.write.follower.gap.ratio.max = -1.0 (default)
2023-03-16 20:08:07,476 [a92d4c5c-0e58-445a-9596-01977366270e@group-45A0C5326511-LeaderElection28] INFO  impl.RoleInfo (RoleInfo.java:updateAndGet(139)) - a92d4c5c-0e58-445a-9596-01977366270e: start a92d4c5c-0e58-445a-9596-01977366270e@group-45A0C5326511-LeaderStateImpl
2023-03-16 20:08:07,476 [a92d4c5c-0e58-445a-9596-01977366270e@group-45A0C5326511-LeaderElection28] INFO  segmented.SegmentedRaftLogWorker (SegmentedRaftLogWorker.java:startLogSegment(452)) - a92d4c5c-0e58-445a-9596-01977366270e@group-45A0C5326511-SegmentedRaftLogWorker: Starting segment from index:0
2023-03-16 20:08:07,481 [a92d4c5c-0e58-445a-9596-01977366270e@group-45A0C5326511-LeaderElection28] INFO  server.RaftServer$Division (ServerState.java:setRaftConf(430)) - a92d4c5c-0e58-445a-9596-01977366270e@group-45A0C5326511: set configuration 0: peers:[a92d4c5c-0e58-445a-9596-01977366270e|rpc:10.1.0.41:41359|dataStream:10.1.0.41:40573|priority:1|startupRole:FOLLOWER]|listeners:[], old=null
2023-03-16 20:08:07,481 [a92d4c5c-0e58-445a-9596-01977366270e@group-45A0C5326511-SegmentedRaftLogWorker] INFO  segmented.SegmentedRaftLogWorker (SegmentedRaftLogWorker.java:execute(656)) - a92d4c5c-0e58-445a-9596-01977366270e@group-45A0C5326511-SegmentedRaftLogWorker: created new log segment /home/runner/work/ozone/ozone/hadoop-ozone/integration-test/target/test-dir/MiniOzoneClusterImpl-8f5ebca4-26a9-4ef6-bfab-4eeb6746d3a8/datanode-0/data/ratis/8dc3f4a4-af8d-4c58-9736-45a0c5326511/current/log_inprogress_0
2023-03-16 20:08:07,485 [5bf8ace6-d9a7-430b-8471-debd47753f31@group-FFB425D9032B-FollowerState] INFO  impl.FollowerState (FollowerState.java:run(143)) - 5bf8ace6-d9a7-430b-8471-debd47753f31@group-FFB425D9032B-FollowerState: change to CANDIDATE, lastRpcElapsedTime:5039686326ns, electionTimeout:5039ms
2023-03-16 20:08:07,485 [5bf8ace6-d9a7-430b-8471-debd47753f31@group-FFB425D9032B-FollowerState] INFO  impl.RoleInfo (RoleInfo.java:shutdownFollowerState(110)) - 5bf8ace6-d9a7-430b-8471-debd47753f31: shutdown 5bf8ace6-d9a7-430b-8471-debd47753f31@group-FFB425D9032B-FollowerState
2023-03-16 20:08:07,485 [5bf8ace6-d9a7-430b-8471-debd47753f31@group-FFB425D9032B-FollowerState] INFO  server.RaftServer$Division (RaftServerImpl.java:setRole(321)) - 5bf8ace6-d9a7-430b-8471-debd47753f31@group-FFB425D9032B: changes role from  FOLLOWER to CANDIDATE at term 0 for changeToCandidate
2023-03-16 20:08:07,485 [5bf8ace6-d9a7-430b-8471-debd47753f31@group-FFB425D9032B-FollowerState] INFO  server.RaftServerConfigKeys (ConfUtils.java:logGet(46)) - raft.server.leaderelection.pre-vote = true (default)
2023-03-16 20:08:07,486 [5bf8ace6-d9a7-430b-8471-debd47753f31@group-FFB425D9032B-FollowerState] INFO  impl.RoleInfo (RoleInfo.java:updateAndGet(139)) - 5bf8ace6-d9a7-430b-8471-debd47753f31: start 5bf8ace6-d9a7-430b-8471-debd47753f31@group-FFB425D9032B-LeaderElection29
2023-03-16 20:08:07,488 [5bf8ace6-d9a7-430b-8471-debd47753f31@group-FFB425D9032B-LeaderElection29] INFO  impl.LeaderElection (LeaderElection.java:askForVotes(312)) - 5bf8ace6-d9a7-430b-8471-debd47753f31@group-FFB425D9032B-LeaderElection29 PRE_VOTE round 0: submit vote requests at term 0 for -1: peers:[5bf8ace6-d9a7-430b-8471-debd47753f31|rpc:10.1.0.41:46469|dataStream:10.1.0.41:34659|priority:0|startupRole:FOLLOWER, a92d4c5c-0e58-445a-9596-01977366270e|rpc:10.1.0.41:41359|dataStream:10.1.0.41:40573|priority:0|startupRole:FOLLOWER, 317f44fb-1afb-4ae0-a6b8-d51e7e741648|rpc:10.1.0.41:36595|dataStream:10.1.0.41:33917|priority:1|startupRole:FOLLOWER]|listeners:[], old=null
2023-03-16 20:08:07,489 [5bf8ace6-d9a7-430b-8471-debd47753f31@group-FFB425D9032B-LeaderElection29] INFO  server.RaftServerConfigKeys (ConfUtils.java:logFallback(53)) - raft.server.rpc.first-election.timeout.min = 5s (fallback to raft.server.rpc.timeout.min)
2023-03-16 20:08:07,489 [5bf8ace6-d9a7-430b-8471-debd47753f31@group-FFB425D9032B-LeaderElection29] INFO  server.RaftServerConfigKeys (ConfUtils.java:logFallback(53)) - raft.server.rpc.first-election.timeout.max = 5200ms (fallback to raft.server.rpc.timeout.max)
2023-03-16 20:08:07,490 [5bf8ace6-d9a7-430b-8471-debd47753f31@group-FFB425D9032B-LeaderElection29-2] INFO  server.GrpcServerProtocolClient (GrpcServerProtocolClient.java:<init>(63)) - Build channel for 317f44fb-1afb-4ae0-a6b8-d51e7e741648
2023-03-16 20:08:07,490 [5bf8ace6-d9a7-430b-8471-debd47753f31@group-FFB425D9032B-LeaderElection29-1] INFO  server.GrpcServerProtocolClient (GrpcServerProtocolClient.java:<init>(63)) - Build channel for a92d4c5c-0e58-445a-9596-01977366270e
2023-03-16 20:08:07,501 [grpc-default-executor-1] INFO  server.RaftServer$Division (RaftServerImpl.java:requestVote(1218)) - a92d4c5c-0e58-445a-9596-01977366270e@group-FFB425D9032B: receive requestVote(PRE_VOTE, 5bf8ace6-d9a7-430b-8471-debd47753f31, group-FFB425D9032B, 0, (t:0, i:0))
2023-03-16 20:08:07,502 [grpc-default-executor-1] INFO  impl.VoteContext (VoteContext.java:log(49)) - a92d4c5c-0e58-445a-9596-01977366270e@group-FFB425D9032B-FOLLOWER: accept PRE_VOTE from 5bf8ace6-d9a7-430b-8471-debd47753f31: our priority 0 <= candidate's priority 0
2023-03-16 20:08:07,502 [grpc-default-executor-1] INFO  server.RaftServer$Division (RaftServerImpl.java:requestVote(1251)) - a92d4c5c-0e58-445a-9596-01977366270e@group-FFB425D9032B replies to PRE_VOTE vote request: 5bf8ace6-d9a7-430b-8471-debd47753f31<-a92d4c5c-0e58-445a-9596-01977366270e#0:OK-t0. Peer's state: a92d4c5c-0e58-445a-9596-01977366270e@group-FFB425D9032B:t0, leader=null, voted=, raftlog=Memoized:a92d4c5c-0e58-445a-9596-01977366270e@group-FFB425D9032B-SegmentedRaftLog:OPENED:c-1, conf=-1: peers:[5bf8ace6-d9a7-430b-8471-debd47753f31|rpc:10.1.0.41:46469|dataStream:10.1.0.41:34659|priority:0|startupRole:FOLLOWER, a92d4c5c-0e58-445a-9596-01977366270e|rpc:10.1.0.41:41359|dataStream:10.1.0.41:40573|priority:0|startupRole:FOLLOWER, 317f44fb-1afb-4ae0-a6b8-d51e7e741648|rpc:10.1.0.41:36595|dataStream:10.1.0.41:33917|priority:1|startupRole:FOLLOWER]|listeners:[], old=null
2023-03-16 20:08:07,507 [grpc-default-executor-1] INFO  server.RaftServer$Division (RaftServerImpl.java:requestVote(1218)) - 317f44fb-1afb-4ae0-a6b8-d51e7e741648@group-FFB425D9032B: receive requestVote(PRE_VOTE, 5bf8ace6-d9a7-430b-8471-debd47753f31, group-FFB425D9032B, 0, (t:0, i:0))
2023-03-16 20:08:07,508 [grpc-default-executor-1] INFO  impl.VoteContext (VoteContext.java:log(49)) - 317f44fb-1afb-4ae0-a6b8-d51e7e741648@group-FFB425D9032B-FOLLOWER: reject PRE_VOTE from 5bf8ace6-d9a7-430b-8471-debd47753f31: our priority 1 > candidate's priority 0
2023-03-16 20:08:07,508 [grpc-default-executor-1] INFO  server.RaftServer$Division (RaftServerImpl.java:requestVote(1251)) - 317f44fb-1afb-4ae0-a6b8-d51e7e741648@group-FFB425D9032B replies to PRE_VOTE vote request: 5bf8ace6-d9a7-430b-8471-debd47753f31<-317f44fb-1afb-4ae0-a6b8-d51e7e741648#0:FAIL-t0. Peer's state: 317f44fb-1afb-4ae0-a6b8-d51e7e741648@group-FFB425D9032B:t0, leader=null, voted=, raftlog=Memoized:317f44fb-1afb-4ae0-a6b8-d51e7e741648@group-FFB425D9032B-SegmentedRaftLog:OPENED:c-1, conf=-1: peers:[5bf8ace6-d9a7-430b-8471-debd47753f31|rpc:10.1.0.41:46469|dataStream:10.1.0.41:34659|priority:0|startupRole:FOLLOWER, a92d4c5c-0e58-445a-9596-01977366270e|rpc:10.1.0.41:41359|dataStream:10.1.0.41:40573|priority:0|startupRole:FOLLOWER, 317f44fb-1afb-4ae0-a6b8-d51e7e741648|rpc:10.1.0.41:36595|dataStream:10.1.0.41:33917|priority:1|startupRole:FOLLOWER]|listeners:[], old=null
2023-03-16 20:08:07,512 [5bf8ace6-d9a7-430b-8471-debd47753f31@group-FFB425D9032B-LeaderElection29] INFO  impl.LeaderElection (LeaderElection.java:logAndReturn(90)) - 5bf8ace6-d9a7-430b-8471-debd47753f31@group-FFB425D9032B-LeaderElection29: PRE_VOTE REJECTED received 2 response(s) and 0 exception(s):
2023-03-16 20:08:07,512 [5bf8ace6-d9a7-430b-8471-debd47753f31@group-FFB425D9032B-LeaderElection29] INFO  impl.LeaderElection (LeaderElection.java:logAndReturn(94)) -   Response 0: 5bf8ace6-d9a7-430b-8471-debd47753f31<-a92d4c5c-0e58-445a-9596-01977366270e#0:OK-t0
2023-03-16 20:08:07,512 [5bf8ace6-d9a7-430b-8471-debd47753f31@group-FFB425D9032B-LeaderElection29] INFO  impl.LeaderElection (LeaderElection.java:logAndReturn(94)) -   Response 1: 5bf8ace6-d9a7-430b-8471-debd47753f31<-317f44fb-1afb-4ae0-a6b8-d51e7e741648#0:FAIL-t0
2023-03-16 20:08:07,512 [5bf8ace6-d9a7-430b-8471-debd47753f31@group-FFB425D9032B-LeaderElection29] INFO  impl.LeaderElection (LeaderElection.java:askForVotes(314)) - 5bf8ace6-d9a7-430b-8471-debd47753f31@group-FFB425D9032B-LeaderElection29 PRE_VOTE round 0: result REJECTED
2023-03-16 20:08:07,512 [5bf8ace6-d9a7-430b-8471-debd47753f31@group-FFB425D9032B-LeaderElection29] INFO  server.RaftServer$Division (RaftServerImpl.java:setRole(321)) - 5bf8ace6-d9a7-430b-8471-debd47753f31@group-FFB425D9032B: changes role from CANDIDATE to FOLLOWER at term 0 for REJECTED
2023-03-16 20:08:07,512 [5bf8ace6-d9a7-430b-8471-debd47753f31@group-FFB425D9032B-LeaderElection29] INFO  impl.RoleInfo (RoleInfo.java:shutdownLeaderElection(130)) - 5bf8ace6-d9a7-430b-8471-debd47753f31: shutdown 5bf8ace6-d9a7-430b-8471-debd47753f31@group-FFB425D9032B-LeaderElection29
2023-03-16 20:08:07,512 [5bf8ace6-d9a7-430b-8471-debd47753f31@group-FFB425D9032B-LeaderElection29] INFO  impl.RoleInfo (RoleInfo.java:updateAndGet(139)) - 5bf8ace6-d9a7-430b-8471-debd47753f31: start 5bf8ace6-d9a7-430b-8471-debd47753f31@group-FFB425D9032B-FollowerState
2023-03-16 20:08:07,518 [a92d4c5c-0e58-445a-9596-01977366270e@group-FFB425D9032B-FollowerState] INFO  server.RaftServerConfigKeys (ConfUtils.java:logFallback(53)) - raft.server.rpc.first-election.timeout.min = 5s (fallback to raft.server.rpc.timeout.min)
2023-03-16 20:08:07,518 [a92d4c5c-0e58-445a-9596-01977366270e@group-FFB425D9032B-FollowerState] INFO  server.RaftServerConfigKeys (ConfUtils.java:logFallback(53)) - raft.server.rpc.first-election.timeout.max = 5200ms (fallback to raft.server.rpc.timeout.max)
2023-03-16 20:08:07,518 [5bf8ace6-d9a7-430b-8471-debd47753f31@group-FFB425D9032B-FollowerState] INFO  server.RaftServerConfigKeys (ConfUtils.java:logFallback(53)) - raft.server.rpc.first-election.timeout.min = 5s (fallback to raft.server.rpc.timeout.min)
2023-03-16 20:08:07,518 [5bf8ace6-d9a7-430b-8471-debd47753f31@group-FFB425D9032B-FollowerState] INFO  server.RaftServerConfigKeys (ConfUtils.java:logFallback(53)) - raft.server.rpc.first-election.timeout.max = 5200ms (fallback to raft.server.rpc.timeout.max)
2023-03-16 20:08:07,602 [317f44fb-1afb-4ae0-a6b8-d51e7e741648@group-FFB425D9032B-FollowerState] INFO  impl.FollowerState (FollowerState.java:run(143)) - 317f44fb-1afb-4ae0-a6b8-d51e7e741648@group-FFB425D9032B-FollowerState: change to CANDIDATE, lastRpcElapsedTime:5105283945ns, electionTimeout:5102ms
2023-03-16 20:08:07,602 [317f44fb-1afb-4ae0-a6b8-d51e7e741648@group-FFB425D9032B-FollowerState] INFO  impl.RoleInfo (RoleInfo.java:shutdownFollowerState(110)) - 317f44fb-1afb-4ae0-a6b8-d51e7e741648: shutdown 317f44fb-1afb-4ae0-a6b8-d51e7e741648@group-FFB425D9032B-FollowerState
2023-03-16 20:08:07,602 [317f44fb-1afb-4ae0-a6b8-d51e7e741648@group-FFB425D9032B-FollowerState] INFO  server.RaftServer$Division (RaftServerImpl.java:setRole(321)) - 317f44fb-1afb-4ae0-a6b8-d51e7e741648@group-FFB425D9032B: changes role from  FOLLOWER to CANDIDATE at term 0 for changeToCandidate
2023-03-16 20:08:07,602 [317f44fb-1afb-4ae0-a6b8-d51e7e741648@group-FFB425D9032B-FollowerState] INFO  server.RaftServerConfigKeys (ConfUtils.java:logGet(46)) - raft.server.leaderelection.pre-vote = true (default)
2023-03-16 20:08:07,602 [317f44fb-1afb-4ae0-a6b8-d51e7e741648@group-FFB425D9032B-FollowerState] INFO  impl.RoleInfo (RoleInfo.java:updateAndGet(139)) - 317f44fb-1afb-4ae0-a6b8-d51e7e741648: start 317f44fb-1afb-4ae0-a6b8-d51e7e741648@group-FFB425D9032B-LeaderElection30
2023-03-16 20:08:07,606 [a92d4c5c-0e58-445a-9596-01977366270e@group-CCFC465A2522-FollowerState] INFO  impl.FollowerState (FollowerState.java:run(143)) - a92d4c5c-0e58-445a-9596-01977366270e@group-CCFC465A2522-FollowerState: change to CANDIDATE, lastRpcElapsedTime:5082181638ns, electionTimeout:5078ms
2023-03-16 20:08:07,606 [317f44fb-1afb-4ae0-a6b8-d51e7e741648@group-FFB425D9032B-LeaderElection30] INFO  impl.LeaderElection (LeaderElection.java:askForVotes(312)) - 317f44fb-1afb-4ae0-a6b8-d51e7e741648@group-FFB425D9032B-LeaderElection30 PRE_VOTE round 0: submit vote requests at term 0 for -1: peers:[5bf8ace6-d9a7-430b-8471-debd47753f31|rpc:10.1.0.41:46469|dataStream:10.1.0.41:34659|priority:0|startupRole:FOLLOWER, a92d4c5c-0e58-445a-9596-01977366270e|rpc:10.1.0.41:41359|dataStream:10.1.0.41:40573|priority:0|startupRole:FOLLOWER, 317f44fb-1afb-4ae0-a6b8-d51e7e741648|rpc:10.1.0.41:36595|dataStream:10.1.0.41:33917|priority:1|startupRole:FOLLOWER]|listeners:[], old=null
2023-03-16 20:08:07,606 [a92d4c5c-0e58-445a-9596-01977366270e@group-CCFC465A2522-FollowerState] INFO  impl.RoleInfo (RoleInfo.java:shutdownFollowerState(110)) - a92d4c5c-0e58-445a-9596-01977366270e: shutdown a92d4c5c-0e58-445a-9596-01977366270e@group-CCFC465A2522-FollowerState
2023-03-16 20:08:07,606 [a92d4c5c-0e58-445a-9596-01977366270e@group-CCFC465A2522-FollowerState] INFO  server.RaftServer$Division (RaftServerImpl.java:setRole(321)) - a92d4c5c-0e58-445a-9596-01977366270e@group-CCFC465A2522: changes role from  FOLLOWER to CANDIDATE at term 0 for changeToCandidate
2023-03-16 20:08:07,606 [a92d4c5c-0e58-445a-9596-01977366270e@group-CCFC465A2522-FollowerState] INFO  server.RaftServerConfigKeys (ConfUtils.java:logGet(46)) - raft.server.leaderelection.pre-vote = true (default)
2023-03-16 20:08:07,607 [a92d4c5c-0e58-445a-9596-01977366270e@group-CCFC465A2522-FollowerState] INFO  impl.RoleInfo (RoleInfo.java:updateAndGet(139)) - a92d4c5c-0e58-445a-9596-01977366270e: start a92d4c5c-0e58-445a-9596-01977366270e@group-CCFC465A2522-LeaderElection31
2023-03-16 20:08:07,607 [317f44fb-1afb-4ae0-a6b8-d51e7e741648@group-FFB425D9032B-LeaderElection30] INFO  server.RaftServerConfigKeys (ConfUtils.java:logFallback(53)) - raft.server.rpc.first-election.timeout.min = 5s (fallback to raft.server.rpc.timeout.min)
2023-03-16 20:08:07,607 [317f44fb-1afb-4ae0-a6b8-d51e7e741648@group-FFB425D9032B-LeaderElection30] INFO  server.RaftServerConfigKeys (ConfUtils.java:logFallback(53)) - raft.server.rpc.first-election.timeout.max = 5200ms (fallback to raft.server.rpc.timeout.max)
2023-03-16 20:08:07,607 [317f44fb-1afb-4ae0-a6b8-d51e7e741648@group-FFB425D9032B-LeaderElection30-1] INFO  server.GrpcServerProtocolClient (GrpcServerProtocolClient.java:<init>(63)) - Build channel for 5bf8ace6-d9a7-430b-8471-debd47753f31
2023-03-16 20:08:07,607 [317f44fb-1afb-4ae0-a6b8-d51e7e741648@group-FFB425D9032B-LeaderElection30-2] INFO  server.GrpcServerProtocolClient (GrpcServerProtocolClient.java:<init>(63)) - Build channel for a92d4c5c-0e58-445a-9596-01977366270e
2023-03-16 20:08:07,614 [a92d4c5c-0e58-445a-9596-01977366270e@group-CCFC465A2522-LeaderElection31] INFO  impl.LeaderElection (LeaderElection.java:askForVotes(312)) - a92d4c5c-0e58-445a-9596-01977366270e@group-CCFC465A2522-LeaderElection31 PRE_VOTE round 0: submit vote requests at term 0 for -1: peers:[5bf8ace6-d9a7-430b-8471-debd47753f31|rpc:10.1.0.41:46469|dataStream:10.1.0.41:34659|priority:1|startupRole:FOLLOWER, a92d4c5c-0e58-445a-9596-01977366270e|rpc:10.1.0.41:41359|dataStream:10.1.0.41:40573|priority:0|startupRole:FOLLOWER, 317f44fb-1afb-4ae0-a6b8-d51e7e741648|rpc:10.1.0.41:36595|dataStream:10.1.0.41:33917|priority:0|startupRole:FOLLOWER]|listeners:[], old=null
2023-03-16 20:08:07,614 [a92d4c5c-0e58-445a-9596-01977366270e@group-CCFC465A2522-LeaderElection31-1] INFO  server.GrpcServerProtocolClient (GrpcServerProtocolClient.java:<init>(63)) - Build channel for 5bf8ace6-d9a7-430b-8471-debd47753f31
2023-03-16 20:08:07,615 [a92d4c5c-0e58-445a-9596-01977366270e@group-CCFC465A2522-LeaderElection31] INFO  server.RaftServerConfigKeys (ConfUtils.java:logFallback(53)) - raft.server.rpc.first-election.timeout.min = 5s (fallback to raft.server.rpc.timeout.min)
2023-03-16 20:08:07,615 [a92d4c5c-0e58-445a-9596-01977366270e@group-CCFC465A2522-LeaderElection31] INFO  server.RaftServerConfigKeys (ConfUtils.java:logFallback(53)) - raft.server.rpc.first-election.timeout.max = 5200ms (fallback to raft.server.rpc.timeout.max)
2023-03-16 20:08:07,615 [a92d4c5c-0e58-445a-9596-01977366270e@group-CCFC465A2522-LeaderElection31-2] INFO  server.GrpcServerProtocolClient (GrpcServerProtocolClient.java:<init>(63)) - Build channel for 317f44fb-1afb-4ae0-a6b8-d51e7e741648
2023-03-16 20:08:07,637 [grpc-default-executor-1] INFO  server.RaftServer$Division (RaftServerImpl.java:requestVote(1218)) - 5bf8ace6-d9a7-430b-8471-debd47753f31@group-FFB425D9032B: receive requestVote(PRE_VOTE, 317f44fb-1afb-4ae0-a6b8-d51e7e741648, group-FFB425D9032B, 0, (t:0, i:0))
2023-03-16 20:08:07,638 [grpc-default-executor-1] INFO  impl.VoteContext (VoteContext.java:log(49)) - 5bf8ace6-d9a7-430b-8471-debd47753f31@group-FFB425D9032B-FOLLOWER: accept PRE_VOTE from 317f44fb-1afb-4ae0-a6b8-d51e7e741648: our priority 0 <= candidate's priority 1
2023-03-16 20:08:07,638 [grpc-default-executor-1] INFO  server.RaftServer$Division (RaftServerImpl.java:requestVote(1251)) - 5bf8ace6-d9a7-430b-8471-debd47753f31@group-FFB425D9032B replies to PRE_VOTE vote request: 317f44fb-1afb-4ae0-a6b8-d51e7e741648<-5bf8ace6-d9a7-430b-8471-debd47753f31#0:OK-t0. Peer's state: 5bf8ace6-d9a7-430b-8471-debd47753f31@group-FFB425D9032B:t0, leader=null, voted=, raftlog=Memoized:5bf8ace6-d9a7-430b-8471-debd47753f31@group-FFB425D9032B-SegmentedRaftLog:OPENED:c-1, conf=-1: peers:[5bf8ace6-d9a7-430b-8471-debd47753f31|rpc:10.1.0.41:46469|dataStream:10.1.0.41:34659|priority:0|startupRole:FOLLOWER, a92d4c5c-0e58-445a-9596-01977366270e|rpc:10.1.0.41:41359|dataStream:10.1.0.41:40573|priority:0|startupRole:FOLLOWER, 317f44fb-1afb-4ae0-a6b8-d51e7e741648|rpc:10.1.0.41:36595|dataStream:10.1.0.41:33917|priority:1|startupRole:FOLLOWER]|listeners:[], old=null
2023-03-16 20:08:07,640 [317f44fb-1afb-4ae0-a6b8-d51e7e741648@group-FFB425D9032B-LeaderElection30] INFO  impl.LeaderElection (LeaderElection.java:logAndReturn(90)) - 317f44fb-1afb-4ae0-a6b8-d51e7e741648@group-FFB425D9032B-LeaderElection30: PRE_VOTE PASSED received 1 response(s) and 0 exception(s):
2023-03-16 20:08:07,640 [317f44fb-1afb-4ae0-a6b8-d51e7e741648@group-FFB425D9032B-LeaderElection30] INFO  impl.LeaderElection (LeaderElection.java:logAndReturn(94)) -   Response 0: 317f44fb-1afb-4ae0-a6b8-d51e7e741648<-5bf8ace6-d9a7-430b-8471-debd47753f31#0:OK-t0
2023-03-16 20:08:07,640 [317f44fb-1afb-4ae0-a6b8-d51e7e741648@group-FFB425D9032B-LeaderElection30] INFO  impl.LeaderElection (LeaderElection.java:askForVotes(314)) - 317f44fb-1afb-4ae0-a6b8-d51e7e741648@group-FFB425D9032B-LeaderElection30 PRE_VOTE round 0: result PASSED
2023-03-16 20:08:07,645 [grpc-default-executor-1] INFO  server.RaftServer$Division (RaftServerImpl.java:requestVote(1218)) - a92d4c5c-0e58-445a-9596-01977366270e@group-FFB425D9032B: receive requestVote(PRE_VOTE, 317f44fb-1afb-4ae0-a6b8-d51e7e741648, group-FFB425D9032B, 0, (t:0, i:0))
2023-03-16 20:08:07,645 [grpc-default-executor-1] INFO  impl.VoteContext (VoteContext.java:log(49)) - a92d4c5c-0e58-445a-9596-01977366270e@group-FFB425D9032B-FOLLOWER: accept PRE_VOTE from 317f44fb-1afb-4ae0-a6b8-d51e7e741648: our priority 0 <= candidate's priority 1
2023-03-16 20:08:07,645 [grpc-default-executor-1] INFO  server.RaftServer$Division (RaftServerImpl.java:requestVote(1251)) - a92d4c5c-0e58-445a-9596-01977366270e@group-FFB425D9032B replies to PRE_VOTE vote request: 317f44fb-1afb-4ae0-a6b8-d51e7e741648<-a92d4c5c-0e58-445a-9596-01977366270e#0:OK-t0. Peer's state: a92d4c5c-0e58-445a-9596-01977366270e@group-FFB425D9032B:t0, leader=null, voted=, raftlog=Memoized:a92d4c5c-0e58-445a-9596-01977366270e@group-FFB425D9032B-SegmentedRaftLog:OPENED:c-1, conf=-1: peers:[5bf8ace6-d9a7-430b-8471-debd47753f31|rpc:10.1.0.41:46469|dataStream:10.1.0.41:34659|priority:0|startupRole:FOLLOWER, a92d4c5c-0e58-445a-9596-01977366270e|rpc:10.1.0.41:41359|dataStream:10.1.0.41:40573|priority:0|startupRole:FOLLOWER, 317f44fb-1afb-4ae0-a6b8-d51e7e741648|rpc:10.1.0.41:36595|dataStream:10.1.0.41:33917|priority:1|startupRole:FOLLOWER]|listeners:[], old=null
2023-03-16 20:08:07,648 [317f44fb-1afb-4ae0-a6b8-d51e7e741648@group-FFB425D9032B-LeaderElection30] INFO  impl.LeaderElection (LeaderElection.java:askForVotes(312)) - 317f44fb-1afb-4ae0-a6b8-d51e7e741648@group-FFB425D9032B-LeaderElection30 ELECTION round 0: submit vote requests at term 1 for -1: peers:[5bf8ace6-d9a7-430b-8471-debd47753f31|rpc:10.1.0.41:46469|dataStream:10.1.0.41:34659|priority:0|startupRole:FOLLOWER, a92d4c5c-0e58-445a-9596-01977366270e|rpc:10.1.0.41:41359|dataStream:10.1.0.41:40573|priority:0|startupRole:FOLLOWER, 317f44fb-1afb-4ae0-a6b8-d51e7e741648|rpc:10.1.0.41:36595|dataStream:10.1.0.41:33917|priority:1|startupRole:FOLLOWER]|listeners:[], old=null
2023-03-16 20:08:07,648 [grpc-default-executor-1] INFO  server.RaftServer$Division (RaftServerImpl.java:requestVote(1218)) - 5bf8ace6-d9a7-430b-8471-debd47753f31@group-CCFC465A2522: receive requestVote(PRE_VOTE, a92d4c5c-0e58-445a-9596-01977366270e, group-CCFC465A2522, 0, (t:0, i:0))
2023-03-16 20:08:07,648 [grpc-default-executor-1] INFO  impl.VoteContext (VoteContext.java:log(49)) - 5bf8ace6-d9a7-430b-8471-debd47753f31@group-CCFC465A2522-FOLLOWER: reject PRE_VOTE from a92d4c5c-0e58-445a-9596-01977366270e: our priority 1 > candidate's priority 0
2023-03-16 20:08:07,649 [grpc-default-executor-1] INFO  server.RaftServer$Division (RaftServerImpl.java:requestVote(1251)) - 5bf8ace6-d9a7-430b-8471-debd47753f31@group-CCFC465A2522 replies to PRE_VOTE vote request: a92d4c5c-0e58-445a-9596-01977366270e<-5bf8ace6-d9a7-430b-8471-debd47753f31#0:FAIL-t0. Peer's state: 5bf8ace6-d9a7-430b-8471-debd47753f31@group-CCFC465A2522:t0, leader=null, voted=, raftlog=Memoized:5bf8ace6-d9a7-430b-8471-debd47753f31@group-CCFC465A2522-SegmentedRaftLog:OPENED:c-1, conf=-1: peers:[5bf8ace6-d9a7-430b-8471-debd47753f31|rpc:10.1.0.41:46469|dataStream:10.1.0.41:34659|priority:1|startupRole:FOLLOWER, a92d4c5c-0e58-445a-9596-01977366270e|rpc:10.1.0.41:41359|dataStream:10.1.0.41:40573|priority:0|startupRole:FOLLOWER, 317f44fb-1afb-4ae0-a6b8-d51e7e741648|rpc:10.1.0.41:36595|dataStream:10.1.0.41:33917|priority:0|startupRole:FOLLOWER]|listeners:[], old=null
2023-03-16 20:08:07,650 [grpc-default-executor-1] INFO  server.RaftServer$Division (RaftServerImpl.java:requestVote(1218)) - 5bf8ace6-d9a7-430b-8471-debd47753f31@group-FFB425D9032B: receive requestVote(ELECTION, 317f44fb-1afb-4ae0-a6b8-d51e7e741648, group-FFB425D9032B, 1, (t:0, i:0))
2023-03-16 20:08:07,650 [grpc-default-executor-1] INFO  impl.VoteContext (VoteContext.java:log(49)) - 5bf8ace6-d9a7-430b-8471-debd47753f31@group-FFB425D9032B-FOLLOWER: accept ELECTION from 317f44fb-1afb-4ae0-a6b8-d51e7e741648: our priority 0 <= candidate's priority 1
2023-03-16 20:08:07,650 [grpc-default-executor-1] INFO  server.RaftServer$Division (RaftServerImpl.java:setRole(321)) - 5bf8ace6-d9a7-430b-8471-debd47753f31@group-FFB425D9032B: changes role from  FOLLOWER to FOLLOWER at term 1 for candidate:317f44fb-1afb-4ae0-a6b8-d51e7e741648
2023-03-16 20:08:07,650 [grpc-default-executor-1] INFO  impl.RoleInfo (RoleInfo.java:shutdownFollowerState(110)) - 5bf8ace6-d9a7-430b-8471-debd47753f31: shutdown 5bf8ace6-d9a7-430b-8471-debd47753f31@group-FFB425D9032B-FollowerState
2023-03-16 20:08:07,650 [317f44fb-1afb-4ae0-a6b8-d51e7e741648@group-FFB425D9032B-LeaderElection30] INFO  server.RaftServerConfigKeys (ConfUtils.java:logFallback(53)) - raft.server.rpc.first-election.timeout.min = 5s (fallback to raft.server.rpc.timeout.min)
2023-03-16 20:08:07,651 [317f44fb-1afb-4ae0-a6b8-d51e7e741648@group-FFB425D9032B-LeaderElection30] INFO  server.RaftServerConfigKeys (ConfUtils.java:logFallback(53)) - raft.server.rpc.first-election.timeout.max = 5200ms (fallback to raft.server.rpc.timeout.max)
2023-03-16 20:08:07,651 [grpc-default-executor-1] INFO  impl.RoleInfo (RoleInfo.java:updateAndGet(139)) - 5bf8ace6-d9a7-430b-8471-debd47753f31: start 5bf8ace6-d9a7-430b-8471-debd47753f31@group-FFB425D9032B-FollowerState
2023-03-16 20:08:07,651 [5bf8ace6-d9a7-430b-8471-debd47753f31@group-FFB425D9032B-FollowerState] INFO  impl.FollowerState (FollowerState.java:run(152)) - 5bf8ace6-d9a7-430b-8471-debd47753f31@group-FFB425D9032B-FollowerState was interrupted
2023-03-16 20:08:07,652 [5bf8ace6-d9a7-430b-8471-debd47753f31@group-FFB425D9032B-FollowerState] INFO  server.RaftServerConfigKeys (ConfUtils.java:logFallback(53)) - raft.server.rpc.first-election.timeout.min = 5s (fallback to raft.server.rpc.timeout.min)
2023-03-16 20:08:07,652 [5bf8ace6-d9a7-430b-8471-debd47753f31@group-FFB425D9032B-FollowerState] INFO  server.RaftServerConfigKeys (ConfUtils.java:logFallback(53)) - raft.server.rpc.first-election.timeout.max = 5200ms (fallback to raft.server.rpc.timeout.max)
2023-03-16 20:08:07,658 [grpc-default-executor-1] INFO  server.RaftServer$Division (RaftServerImpl.java:requestVote(1251)) - 5bf8ace6-d9a7-430b-8471-debd47753f31@group-FFB425D9032B replies to ELECTION vote request: 317f44fb-1afb-4ae0-a6b8-d51e7e741648<-5bf8ace6-d9a7-430b-8471-debd47753f31#0:OK-t1. Peer's state: 5bf8ace6-d9a7-430b-8471-debd47753f31@group-FFB425D9032B:t1, leader=null, voted=317f44fb-1afb-4ae0-a6b8-d51e7e741648, raftlog=Memoized:5bf8ace6-d9a7-430b-8471-debd47753f31@group-FFB425D9032B-SegmentedRaftLog:OPENED:c-1, conf=-1: peers:[5bf8ace6-d9a7-430b-8471-debd47753f31|rpc:10.1.0.41:46469|dataStream:10.1.0.41:34659|priority:0|startupRole:FOLLOWER, a92d4c5c-0e58-445a-9596-01977366270e|rpc:10.1.0.41:41359|dataStream:10.1.0.41:40573|priority:0|startupRole:FOLLOWER, 317f44fb-1afb-4ae0-a6b8-d51e7e741648|rpc:10.1.0.41:36595|dataStream:10.1.0.41:33917|priority:1|startupRole:FOLLOWER]|listeners:[], old=null
2023-03-16 20:08:07,657 [grpc-default-executor-0] INFO  server.RaftServer$Division (RaftServerImpl.java:requestVote(1218)) - 317f44fb-1afb-4ae0-a6b8-d51e7e741648@group-CCFC465A2522: receive requestVote(PRE_VOTE, a92d4c5c-0e58-445a-9596-01977366270e, group-CCFC465A2522, 0, (t:0, i:0))
2023-03-16 20:08:07,658 [grpc-default-executor-0] INFO  impl.VoteContext (VoteContext.java:log(49)) - 317f44fb-1afb-4ae0-a6b8-d51e7e741648@group-CCFC465A2522-FOLLOWER: accept PRE_VOTE from a92d4c5c-0e58-445a-9596-01977366270e: our priority 0 <= candidate's priority 0
2023-03-16 20:08:07,658 [grpc-default-executor-0] INFO  server.RaftServer$Division (RaftServerImpl.java:requestVote(1251)) - 317f44fb-1afb-4ae0-a6b8-d51e7e741648@group-CCFC465A2522 replies to PRE_VOTE vote request: a92d4c5c-0e58-445a-9596-01977366270e<-317f44fb-1afb-4ae0-a6b8-d51e7e741648#0:OK-t0. Peer's state: 317f44fb-1afb-4ae0-a6b8-d51e7e741648@group-CCFC465A2522:t0, leader=null, voted=, raftlog=Memoized:317f44fb-1afb-4ae0-a6b8-d51e7e741648@group-CCFC465A2522-SegmentedRaftLog:OPENED:c-1, conf=-1: peers:[5bf8ace6-d9a7-430b-8471-debd47753f31|rpc:10.1.0.41:46469|dataStream:10.1.0.41:34659|priority:1|startupRole:FOLLOWER, a92d4c5c-0e58-445a-9596-01977366270e|rpc:10.1.0.41:41359|dataStream:10.1.0.41:40573|priority:0|startupRole:FOLLOWER, 317f44fb-1afb-4ae0-a6b8-d51e7e741648|rpc:10.1.0.41:36595|dataStream:10.1.0.41:33917|priority:0|startupRole:FOLLOWER]|listeners:[], old=null
2023-03-16 20:08:07,652 [a92d4c5c-0e58-445a-9596-01977366270e@group-CCFC465A2522-LeaderElection31] INFO  impl.LeaderElection (LeaderElection.java:logAndReturn(90)) - a92d4c5c-0e58-445a-9596-01977366270e@group-CCFC465A2522-LeaderElection31: PRE_VOTE REJECTED received 1 response(s) and 0 exception(s):
2023-03-16 20:08:07,659 [a92d4c5c-0e58-445a-9596-01977366270e@group-CCFC465A2522-LeaderElection31] INFO  impl.LeaderElection (LeaderElection.java:logAndReturn(94)) -   Response 0: a92d4c5c-0e58-445a-9596-01977366270e<-5bf8ace6-d9a7-430b-8471-debd47753f31#0:FAIL-t0
2023-03-16 20:08:07,659 [a92d4c5c-0e58-445a-9596-01977366270e@group-CCFC465A2522-LeaderElection31] INFO  impl.LeaderElection (LeaderElection.java:askForVotes(314)) - a92d4c5c-0e58-445a-9596-01977366270e@group-CCFC465A2522-LeaderElection31 PRE_VOTE round 0: result REJECTED
2023-03-16 20:08:07,659 [a92d4c5c-0e58-445a-9596-01977366270e@group-CCFC465A2522-LeaderElection31] INFO  server.RaftServer$Division (RaftServerImpl.java:setRole(321)) - a92d4c5c-0e58-445a-9596-01977366270e@group-CCFC465A2522: changes role from CANDIDATE to FOLLOWER at term 0 for REJECTED
2023-03-16 20:08:07,659 [a92d4c5c-0e58-445a-9596-01977366270e@group-CCFC465A2522-LeaderElection31] INFO  impl.RoleInfo (RoleInfo.java:shutdownLeaderElection(130)) - a92d4c5c-0e58-445a-9596-01977366270e: shutdown a92d4c5c-0e58-445a-9596-01977366270e@group-CCFC465A2522-LeaderElection31
2023-03-16 20:08:07,659 [a92d4c5c-0e58-445a-9596-01977366270e@group-CCFC465A2522-LeaderElection31] INFO  impl.RoleInfo (RoleInfo.java:updateAndGet(139)) - a92d4c5c-0e58-445a-9596-01977366270e: start a92d4c5c-0e58-445a-9596-01977366270e@group-CCFC465A2522-FollowerState
2023-03-16 20:08:07,661 [317f44fb-1afb-4ae0-a6b8-d51e7e741648@group-FFB425D9032B-LeaderElection30] INFO  impl.LeaderElection (LeaderElection.java:logAndReturn(90)) - 317f44fb-1afb-4ae0-a6b8-d51e7e741648@group-FFB425D9032B-LeaderElection30: ELECTION PASSED received 1 response(s) and 0 exception(s):
2023-03-16 20:08:07,661 [317f44fb-1afb-4ae0-a6b8-d51e7e741648@group-FFB425D9032B-LeaderElection30] INFO  impl.LeaderElection (LeaderElection.java:logAndReturn(94)) -   Response 0: 317f44fb-1afb-4ae0-a6b8-d51e7e741648<-5bf8ace6-d9a7-430b-8471-debd47753f31#0:OK-t1
2023-03-16 20:08:07,661 [317f44fb-1afb-4ae0-a6b8-d51e7e741648@group-FFB425D9032B-LeaderElection30] INFO  impl.LeaderElection (LeaderElection.java:askForVotes(314)) - 317f44fb-1afb-4ae0-a6b8-d51e7e741648@group-FFB425D9032B-LeaderElection30 ELECTION round 0: result PASSED
2023-03-16 20:08:07,662 [317f44fb-1afb-4ae0-a6b8-d51e7e741648@group-FFB425D9032B-LeaderElection30] INFO  impl.RoleInfo (RoleInfo.java:shutdownLeaderElection(130)) - 317f44fb-1afb-4ae0-a6b8-d51e7e741648: shutdown 317f44fb-1afb-4ae0-a6b8-d51e7e741648@group-FFB425D9032B-LeaderElection30
2023-03-16 20:08:07,662 [317f44fb-1afb-4ae0-a6b8-d51e7e741648@group-FFB425D9032B-LeaderElection30] INFO  server.RaftServer$Division (RaftServerImpl.java:setRole(321)) - 317f44fb-1afb-4ae0-a6b8-d51e7e741648@group-FFB425D9032B: changes role from CANDIDATE to LEADER at term 1 for changeToLeader
2023-03-16 20:08:07,662 [317f44fb-1afb-4ae0-a6b8-d51e7e741648@group-FFB425D9032B-LeaderElection30] INFO  ratis.XceiverServerRatis (XceiverServerRatis.java:handleLeaderChangedNotification(905)) - Leader change notification received for group: group-FFB425D9032B with new leaderId: 317f44fb-1afb-4ae0-a6b8-d51e7e741648
2023-03-16 20:08:07,662 [317f44fb-1afb-4ae0-a6b8-d51e7e741648@group-FFB425D9032B-LeaderElection30] INFO  server.RaftServer$Division (ServerState.java:setLeader(313)) - 317f44fb-1afb-4ae0-a6b8-d51e7e741648@group-FFB425D9032B: change Leader from null to 317f44fb-1afb-4ae0-a6b8-d51e7e741648 at term 1 for becomeLeader, leader elected after 5187ms
2023-03-16 20:08:07,662 [317f44fb-1afb-4ae0-a6b8-d51e7e741648@group-FFB425D9032B-LeaderElection30] INFO  server.RaftServerConfigKeys (ConfUtils.java:logGet(46)) - raft.server.staging.catchup.gap = 1000 (default)
2023-03-16 20:08:07,662 [317f44fb-1afb-4ae0-a6b8-d51e7e741648@group-FFB425D9032B-LeaderElection30] INFO  server.RaftServerConfigKeys (ConfUtils.java:logGet(46)) - raft.server.write.element-limit = 1024 (custom)
2023-03-16 20:08:07,662 [a92d4c5c-0e58-445a-9596-01977366270e@group-CCFC465A2522-FollowerState] INFO  server.RaftServerConfigKeys (ConfUtils.java:logFallback(53)) - raft.server.rpc.first-election.timeout.min = 5s (fallback to raft.server.rpc.timeout.min)
2023-03-16 20:08:07,662 [317f44fb-1afb-4ae0-a6b8-d51e7e741648@group-FFB425D9032B-LeaderElection30] INFO  server.RaftServerConfigKeys (ConfUtils.java:logGet(46)) - raft.server.write.byte-limit = 1024 M (=1073741824) (custom)
2023-03-16 20:08:07,662 [317f44fb-1afb-4ae0-a6b8-d51e7e741648@group-FFB425D9032B-LeaderElection30] INFO  server.RaftServerConfigKeys (ConfUtils.java:logGet(46)) - raft.server.watch.timeout = 180s (custom)
2023-03-16 20:08:07,663 [317f44fb-1afb-4ae0-a6b8-d51e7e741648@group-FFB425D9032B-LeaderElection30] INFO  server.RaftServerConfigKeys (ConfUtils.java:logGet(46)) - raft.server.watch.timeout.denomination = 1s (default)
2023-03-16 20:08:07,663 [317f44fb-1afb-4ae0-a6b8-d51e7e741648@group-FFB425D9032B-LeaderElection30] INFO  server.RaftServerConfigKeys (ConfUtils.java:logGet(46)) - raft.server.watch.element-limit = 65536 (default)
2023-03-16 20:08:07,663 [317f44fb-1afb-4ae0-a6b8-d51e7e741648@group-FFB425D9032B-LeaderElection30] INFO  server.RaftServerConfigKeys (ConfUtils.java:logGet(46)) - raft.server.write.element-limit = 1024 (custom)
2023-03-16 20:08:07,663 [317f44fb-1afb-4ae0-a6b8-d51e7e741648@group-FFB425D9032B-LeaderElection30] INFO  server.RaftServerConfigKeys (ConfUtils.java:logGet(46)) - raft.server.write.follower.gap.ratio.max = -1.0 (default)
2023-03-16 20:08:07,665 [EventQueue-PipelineReportForPipelineReportHandler] INFO  pipeline.PipelineManagerImpl (PipelineManagerImpl.java:openPipeline(367)) - Pipeline Pipeline[ Id: a228162f-14e8-4f13-92af-ffb425d9032b, Nodes: 5bf8ace6-d9a7-430b-8471-debd47753f31(fv-az371-917/10.1.0.41)317f44fb-1afb-4ae0-a6b8-d51e7e741648(fv-az371-917/10.1.0.41)a92d4c5c-0e58-445a-9596-01977366270e(fv-az371-917/10.1.0.41), ReplicationConfig: RATIS/THREE, State:ALLOCATED, leaderId:317f44fb-1afb-4ae0-a6b8-d51e7e741648, CreationTimestamp2023-03-16T20:08:00.240Z[Etc/UTC]] moved to OPEN state
2023-03-16 20:08:07,666 [317f44fb-1afb-4ae0-a6b8-d51e7e741648@group-FFB425D9032B-LeaderElection30] INFO  server.RaftServerConfigKeys (ConfUtils.java:logGet(46)) - raft.server.log.appender.snapshot.chunk.size.max = 16MB (=16777216) (default)
2023-03-16 20:08:07,666 [EventQueue-OpenPipelineForHealthyPipelineSafeModeRule] INFO  safemode.SCMSafeModeManager (HealthyPipelineSafeModeRule.java:process(137)) - SCM in safe mode. Healthy pipelines reported count is 1, required healthy pipeline reported count is 1
2023-03-16 20:08:07,666 [317f44fb-1afb-4ae0-a6b8-d51e7e741648@group-FFB425D9032B-LeaderElection30] INFO  server.RaftServerConfigKeys (ConfUtils.java:logGet(46)) - raft.server.log.appender.buffer.byte-limit = 33554432 (custom)
2023-03-16 20:08:07,666 [317f44fb-1afb-4ae0-a6b8-d51e7e741648@group-FFB425D9032B-LeaderElection30] INFO  server.RaftServerConfigKeys (ConfUtils.java:logGet(46)) - raft.server.log.appender.buffer.element-limit = 1 (custom)
2023-03-16 20:08:07,666 [EventQueue-OpenPipelineForHealthyPipelineSafeModeRule] INFO  safemode.SCMSafeModeManager (SCMSafeModeManager.java:validateSafeModeExitRules(200)) - HealthyPipelineSafeModeRule rule is successfully validated
2023-03-16 20:08:07,675 [317f44fb-1afb-4ae0-a6b8-d51e7e741648@group-FFB425D9032B-LeaderElection30] INFO  grpc.GrpcConfigKeys (ConfUtils.java:logGet(46)) - raft.grpc.server.leader.outstanding.appends.max = 128 (default)
2023-03-16 20:08:07,675 [EventQueue-OpenPipelineForHealthyPipelineSafeModeRule] INFO  safemode.SCMSafeModeManager (SCMSafeModeManager.java:validateSafeModeExitRules(215)) - ScmSafeModeManager, all rules are successfully validated
2023-03-16 20:08:07,675 [EventQueue-OpenPipelineForHealthyPipelineSafeModeRule] INFO  safemode.SCMSafeModeManager (SCMSafeModeManager.java:exitSafeMode(244)) - SCM exiting safe mode.
2023-03-16 20:08:07,675 [grpc-default-executor-1] INFO  server.RaftServer$Division (RaftServerImpl.java:requestVote(1218)) - a92d4c5c-0e58-445a-9596-01977366270e@group-FFB425D9032B: receive requestVote(ELECTION, 317f44fb-1afb-4ae0-a6b8-d51e7e741648, group-FFB425D9032B, 1, (t:0, i:0))
2023-03-16 20:08:07,675 [EventQueue-OpenPipelineForHealthyPipelineSafeModeRule] INFO  ha.SCMContext (SCMContext.java:updateSafeModeStatus(228)) - Update SafeModeStatus from SafeModeStatus{safeModeStatus=true, preCheckPassed=true} to SafeModeStatus{safeModeStatus=false, preCheckPassed=true}.
2023-03-16 20:08:07,675 [a92d4c5c-0e58-445a-9596-01977366270e@group-CCFC465A2522-FollowerState] INFO  server.RaftServerConfigKeys (ConfUtils.java:logFallback(53)) - raft.server.rpc.first-election.timeout.max = 5200ms (fallback to raft.server.rpc.timeout.max)
2023-03-16 20:08:07,675 [EventQueue-OpenPipelineForHealthyPipelineSafeModeRule] INFO  pipeline.BackgroundPipelineCreator (BackgroundPipelineCreator.java:notifyStatusChanged(254)) - Service BackgroundPipelineCreator transitions to RUNNING.
2023-03-16 20:08:07,675 [EventQueue-OpenPipelineForHealthyPipelineSafeModeRule] INFO  BackgroundPipelineScrubber (BackgroundSCMService.java:notifyStatusChanged(82)) - Service BackgroundPipelineScrubber transitions to RUNNING.
2023-03-16 20:08:07,675 [EventQueue-OpenPipelineForHealthyPipelineSafeModeRule] INFO  ExpiredContainerReplicaOpScrubber (BackgroundSCMService.java:notifyStatusChanged(82)) - Service ExpiredContainerReplicaOpScrubber transitions to RUNNING.
2023-03-16 20:08:07,676 [EventQueue-OpenPipelineForHealthyPipelineSafeModeRule] INFO  replication.ReplicationManager (ReplicationManager.java:notifyStatusChanged(1165)) - Service ReplicationManager transitions to RUNNING.
2023-03-16 20:08:07,676 [EventQueue-OpenPipelineForHealthyPipelineSafeModeRule] WARN  balancer.ContainerBalancer (ContainerBalancer.java:shouldRun(131)) - Could not find persisted configuration for ContainerBalancer when checking if ContainerBalancer should run. ContainerBalancer should not run now.
2023-03-16 20:08:07,675 [317f44fb-1afb-4ae0-a6b8-d51e7e741648@group-FFB425D9032B-LeaderElection30] INFO  server.RaftServerConfigKeys (ConfUtils.java:logGet(46)) - raft.server.rpc.request.timeout = 60s (custom)
2023-03-16 20:08:07,675 [grpc-default-executor-1] INFO  impl.VoteContext (VoteContext.java:log(49)) - a92d4c5c-0e58-445a-9596-01977366270e@group-FFB425D9032B-FOLLOWER: accept ELECTION from 317f44fb-1afb-4ae0-a6b8-d51e7e741648: our priority 0 <= candidate's priority 1
2023-03-16 20:08:07,677 [grpc-default-executor-1] INFO  server.RaftServer$Division (RaftServerImpl.java:setRole(321)) - a92d4c5c-0e58-445a-9596-01977366270e@group-FFB425D9032B: changes role from  FOLLOWER to FOLLOWER at term 1 for candidate:317f44fb-1afb-4ae0-a6b8-d51e7e741648
2023-03-16 20:08:07,677 [grpc-default-executor-1] INFO  impl.RoleInfo (RoleInfo.java:shutdownFollowerState(110)) - a92d4c5c-0e58-445a-9596-01977366270e: shutdown a92d4c5c-0e58-445a-9596-01977366270e@group-FFB425D9032B-FollowerState
2023-03-16 20:08:07,677 [grpc-default-executor-1] INFO  impl.RoleInfo (RoleInfo.java:updateAndGet(139)) - a92d4c5c-0e58-445a-9596-01977366270e: start a92d4c5c-0e58-445a-9596-01977366270e@group-FFB425D9032B-FollowerState
2023-03-16 20:08:07,677 [a92d4c5c-0e58-445a-9596-01977366270e@group-FFB425D9032B-FollowerState] INFO  impl.FollowerState (FollowerState.java:run(152)) - a92d4c5c-0e58-445a-9596-01977366270e@group-FFB425D9032B-FollowerState was interrupted
2023-03-16 20:08:07,677 [317f44fb-1afb-4ae0-a6b8-d51e7e741648@group-FFB425D9032B-LeaderElection30] INFO  server.RaftServerConfigKeys (ConfUtils.java:logGet(46)) - raft.server.log.appender.install.snapshot.enabled = false (custom)
2023-03-16 20:08:07,677 [317f44fb-1afb-4ae0-a6b8-d51e7e741648@group-FFB425D9032B-LeaderElection30] INFO  grpc.GrpcConfigKeys (ConfUtils.java:logGet(46)) - raft.grpc.server.heartbeat.channel = true (default)
2023-03-16 20:08:07,677 [317f44fb-1afb-4ae0-a6b8-d51e7e741648@group-FFB425D9032B-LeaderElection30] INFO  server.RaftServerConfigKeys (ConfUtils.java:logGet(46)) - raft.server.log.appender.wait-time.min = 10ms (default)
2023-03-16 20:08:07,679 [317f44fb-1afb-4ae0-a6b8-d51e7e741648@group-FFB425D9032B-LeaderElection30] INFO  server.RaftServerConfigKeys (ConfUtils.java:logGet(46)) - raft.server.log.appender.snapshot.chunk.size.max = 16MB (=16777216) (default)
2023-03-16 20:08:07,680 [grpc-default-executor-1] INFO  server.RaftServer$Division (RaftServerImpl.java:requestVote(1251)) - a92d4c5c-0e58-445a-9596-01977366270e@group-FFB425D9032B replies to ELECTION vote request: 317f44fb-1afb-4ae0-a6b8-d51e7e741648<-a92d4c5c-0e58-445a-9596-01977366270e#0:OK-t1. Peer's state: a92d4c5c-0e58-445a-9596-01977366270e@group-FFB425D9032B:t1, leader=null, voted=317f44fb-1afb-4ae0-a6b8-d51e7e741648, raftlog=Memoized:a92d4c5c-0e58-445a-9596-01977366270e@group-FFB425D9032B-SegmentedRaftLog:OPENED:c-1, conf=-1: peers:[5bf8ace6-d9a7-430b-8471-debd47753f31|rpc:10.1.0.41:46469|dataStream:10.1.0.41:34659|priority:0|startupRole:FOLLOWER, a92d4c5c-0e58-445a-9596-01977366270e|rpc:10.1.0.41:41359|dataStream:10.1.0.41:40573|priority:0|startupRole:FOLLOWER, 317f44fb-1afb-4ae0-a6b8-d51e7e741648|rpc:10.1.0.41:36595|dataStream:10.1.0.41:33917|priority:1|startupRole:FOLLOWER]|listeners:[], old=null
2023-03-16 20:08:07,680 [317f44fb-1afb-4ae0-a6b8-d51e7e741648@group-FFB425D9032B-LeaderElection30] INFO  server.RaftServerConfigKeys (ConfUtils.java:logGet(46)) - raft.server.log.appender.buffer.byte-limit = 33554432 (custom)
2023-03-16 20:08:07,680 [317f44fb-1afb-4ae0-a6b8-d51e7e741648@group-FFB425D9032B-LeaderElection30] INFO  server.RaftServerConfigKeys (ConfUtils.java:logGet(46)) - raft.server.log.appender.buffer.element-limit = 1 (custom)
2023-03-16 20:08:07,680 [317f44fb-1afb-4ae0-a6b8-d51e7e741648@group-FFB425D9032B-LeaderElection30] INFO  grpc.GrpcConfigKeys (ConfUtils.java:logGet(46)) - raft.grpc.server.leader.outstanding.appends.max = 128 (default)
2023-03-16 20:08:07,680 [317f44fb-1afb-4ae0-a6b8-d51e7e741648@group-FFB425D9032B-LeaderElection30] INFO  server.RaftServerConfigKeys (ConfUtils.java:logGet(46)) - raft.server.rpc.request.timeout = 60s (custom)
2023-03-16 20:08:07,680 [317f44fb-1afb-4ae0-a6b8-d51e7e741648@group-FFB425D9032B-LeaderElection30] INFO  server.RaftServerConfigKeys (ConfUtils.java:logGet(46)) - raft.server.log.appender.install.snapshot.enabled = false (custom)
2023-03-16 20:08:07,680 [317f44fb-1afb-4ae0-a6b8-d51e7e741648@group-FFB425D9032B-LeaderElection30] INFO  grpc.GrpcConfigKeys (ConfUtils.java:logGet(46)) - raft.grpc.server.heartbeat.channel = true (default)
2023-03-16 20:08:07,680 [317f44fb-1afb-4ae0-a6b8-d51e7e741648@group-FFB425D9032B-LeaderElection30] INFO  server.RaftServerConfigKeys (ConfUtils.java:logGet(46)) - raft.server.log.appender.wait-time.min = 10ms (default)
2023-03-16 20:08:07,680 [317f44fb-1afb-4ae0-a6b8-d51e7e741648@group-FFB425D9032B-LeaderElection30] INFO  impl.RoleInfo (RoleInfo.java:updateAndGet(139)) - 317f44fb-1afb-4ae0-a6b8-d51e7e741648: start 317f44fb-1afb-4ae0-a6b8-d51e7e741648@group-FFB425D9032B-LeaderStateImpl
2023-03-16 20:08:07,681 [317f44fb-1afb-4ae0-a6b8-d51e7e741648@group-FFB425D9032B-LeaderElection30] INFO  segmented.SegmentedRaftLogWorker (SegmentedRaftLogWorker.java:startLogSegment(452)) - 317f44fb-1afb-4ae0-a6b8-d51e7e741648@group-FFB425D9032B-SegmentedRaftLogWorker: Starting segment from index:0
2023-03-16 20:08:07,682 [a92d4c5c-0e58-445a-9596-01977366270e@group-FFB425D9032B-FollowerState] INFO  server.RaftServerConfigKeys (ConfUtils.java:logFallback(53)) - raft.server.rpc.first-election.timeout.min = 5s (fallback to raft.server.rpc.timeout.min)
2023-03-16 20:08:07,685 [a92d4c5c-0e58-445a-9596-01977366270e@group-FFB425D9032B-FollowerState] INFO  server.RaftServerConfigKeys (ConfUtils.java:logFallback(53)) - raft.server.rpc.first-election.timeout.max = 5200ms (fallback to raft.server.rpc.timeout.max)
2023-03-16 20:08:07,684 [317f44fb-1afb-4ae0-a6b8-d51e7e741648@group-FFB425D9032B-LeaderElection30] INFO  server.RaftServer$Division (ServerState.java:setRaftConf(430)) - 317f44fb-1afb-4ae0-a6b8-d51e7e741648@group-FFB425D9032B: set configuration 0: peers:[5bf8ace6-d9a7-430b-8471-debd47753f31|rpc:10.1.0.41:46469|dataStream:10.1.0.41:34659|priority:0|startupRole:FOLLOWER, a92d4c5c-0e58-445a-9596-01977366270e|rpc:10.1.0.41:41359|dataStream:10.1.0.41:40573|priority:0|startupRole:FOLLOWER, 317f44fb-1afb-4ae0-a6b8-d51e7e741648|rpc:10.1.0.41:36595|dataStream:10.1.0.41:33917|priority:1|startupRole:FOLLOWER]|listeners:[], old=null
2023-03-16 20:08:07,692 [317f44fb-1afb-4ae0-a6b8-d51e7e741648@group-FFB425D9032B-SegmentedRaftLogWorker] INFO  segmented.SegmentedRaftLogWorker (SegmentedRaftLogWorker.java:execute(656)) - 317f44fb-1afb-4ae0-a6b8-d51e7e741648@group-FFB425D9032B-SegmentedRaftLogWorker: created new log segment /home/runner/work/ozone/ozone/hadoop-ozone/integration-test/target/test-dir/MiniOzoneClusterImpl-8f5ebca4-26a9-4ef6-bfab-4eeb6746d3a8/datanode-1/data/ratis/a228162f-14e8-4f13-92af-ffb425d9032b/current/log_inprogress_0
2023-03-16 20:08:07,693 [5bf8ace6-d9a7-430b-8471-debd47753f31-server-thread1] INFO  ratis.XceiverServerRatis (XceiverServerRatis.java:handleLeaderChangedNotification(905)) - Leader change notification received for group: group-FFB425D9032B with new leaderId: 317f44fb-1afb-4ae0-a6b8-d51e7e741648
2023-03-16 20:08:07,693 [5bf8ace6-d9a7-430b-8471-debd47753f31-server-thread1] INFO  server.RaftServer$Division (ServerState.java:setLeader(313)) - 5bf8ace6-d9a7-430b-8471-debd47753f31@group-FFB425D9032B: change Leader from null to 317f44fb-1afb-4ae0-a6b8-d51e7e741648 at term 1 for appendEntries, leader elected after 5268ms
2023-03-16 20:08:07,698 [5bf8ace6-d9a7-430b-8471-debd47753f31-server-thread1] INFO  server.RaftServer$Division (ServerState.java:setRaftConf(430)) - 5bf8ace6-d9a7-430b-8471-debd47753f31@group-FFB425D9032B: set configuration 0: peers:[5bf8ace6-d9a7-430b-8471-debd47753f31|rpc:10.1.0.41:46469|dataStream:10.1.0.41:34659|priority:0|startupRole:FOLLOWER, a92d4c5c-0e58-445a-9596-01977366270e|rpc:10.1.0.41:41359|dataStream:10.1.0.41:40573|priority:0|startupRole:FOLLOWER, 317f44fb-1afb-4ae0-a6b8-d51e7e741648|rpc:10.1.0.41:36595|dataStream:10.1.0.41:33917|priority:1|startupRole:FOLLOWER]|listeners:[], old=null
2023-03-16 20:08:07,698 [5bf8ace6-d9a7-430b-8471-debd47753f31-server-thread1] INFO  segmented.SegmentedRaftLogWorker (SegmentedRaftLogWorker.java:startLogSegment(452)) - 5bf8ace6-d9a7-430b-8471-debd47753f31@group-FFB425D9032B-SegmentedRaftLogWorker: Starting segment from index:0
2023-03-16 20:08:07,702 [5bf8ace6-d9a7-430b-8471-debd47753f31@group-FFB425D9032B-SegmentedRaftLogWorker] INFO  segmented.SegmentedRaftLogWorker (SegmentedRaftLogWorker.java:execute(656)) - 5bf8ace6-d9a7-430b-8471-debd47753f31@group-FFB425D9032B-SegmentedRaftLogWorker: created new log segment /home/runner/work/ozone/ozone/hadoop-ozone/integration-test/target/test-dir/MiniOzoneClusterImpl-8f5ebca4-26a9-4ef6-bfab-4eeb6746d3a8/datanode-2/data/ratis/a228162f-14e8-4f13-92af-ffb425d9032b/current/log_inprogress_0
2023-03-16 20:08:07,709 [a92d4c5c-0e58-445a-9596-01977366270e-server-thread1] INFO  ratis.XceiverServerRatis (XceiverServerRatis.java:handleLeaderChangedNotification(905)) - Leader change notification received for group: group-FFB425D9032B with new leaderId: 317f44fb-1afb-4ae0-a6b8-d51e7e741648
2023-03-16 20:08:07,709 [a92d4c5c-0e58-445a-9596-01977366270e-server-thread1] INFO  server.RaftServer$Division (ServerState.java:setLeader(313)) - a92d4c5c-0e58-445a-9596-01977366270e@group-FFB425D9032B: change Leader from null to 317f44fb-1afb-4ae0-a6b8-d51e7e741648 at term 1 for appendEntries, leader elected after 5319ms
2023-03-16 20:08:07,712 [a92d4c5c-0e58-445a-9596-01977366270e-server-thread1] INFO  server.RaftServer$Division (ServerState.java:setRaftConf(430)) - a92d4c5c-0e58-445a-9596-01977366270e@group-FFB425D9032B: set configuration 0: peers:[5bf8ace6-d9a7-430b-8471-debd47753f31|rpc:10.1.0.41:46469|dataStream:10.1.0.41:34659|priority:0|startupRole:FOLLOWER, a92d4c5c-0e58-445a-9596-01977366270e|rpc:10.1.0.41:41359|dataStream:10.1.0.41:40573|priority:0|startupRole:FOLLOWER, 317f44fb-1afb-4ae0-a6b8-d51e7e741648|rpc:10.1.0.41:36595|dataStream:10.1.0.41:33917|priority:1|startupRole:FOLLOWER]|listeners:[], old=null
2023-03-16 20:08:07,713 [a92d4c5c-0e58-445a-9596-01977366270e-server-thread1] INFO  segmented.SegmentedRaftLogWorker (SegmentedRaftLogWorker.java:startLogSegment(452)) - a92d4c5c-0e58-445a-9596-01977366270e@group-FFB425D9032B-SegmentedRaftLogWorker: Starting segment from index:0
2023-03-16 20:08:07,717 [a92d4c5c-0e58-445a-9596-01977366270e@group-FFB425D9032B-SegmentedRaftLogWorker] INFO  segmented.SegmentedRaftLogWorker (SegmentedRaftLogWorker.java:execute(656)) - a92d4c5c-0e58-445a-9596-01977366270e@group-FFB425D9032B-SegmentedRaftLogWorker: created new log segment /home/runner/work/ozone/ozone/hadoop-ozone/integration-test/target/test-dir/MiniOzoneClusterImpl-8f5ebca4-26a9-4ef6-bfab-4eeb6746d3a8/datanode-0/data/ratis/a228162f-14e8-4f13-92af-ffb425d9032b/current/log_inprogress_0
2023-03-16 20:08:07,720 [5bf8ace6-d9a7-430b-8471-debd47753f31@group-CCFC465A2522-FollowerState] INFO  impl.FollowerState (FollowerState.java:run(143)) - 5bf8ace6-d9a7-430b-8471-debd47753f31@group-CCFC465A2522-FollowerState: change to CANDIDATE, lastRpcElapsedTime:5163896961ns, electionTimeout:5162ms
2023-03-16 20:08:07,720 [5bf8ace6-d9a7-430b-8471-debd47753f31@group-CCFC465A2522-FollowerState] INFO  impl.RoleInfo (RoleInfo.java:shutdownFollowerState(110)) - 5bf8ace6-d9a7-430b-8471-debd47753f31: shutdown 5bf8ace6-d9a7-430b-8471-debd47753f31@group-CCFC465A2522-FollowerState
2023-03-16 20:08:07,720 [5bf8ace6-d9a7-430b-8471-debd47753f31@group-CCFC465A2522-FollowerState] INFO  server.RaftServer$Division (RaftServerImpl.java:setRole(321)) - 5bf8ace6-d9a7-430b-8471-debd47753f31@group-CCFC465A2522: changes role from  FOLLOWER to CANDIDATE at term 0 for changeToCandidate
2023-03-16 20:08:07,720 [5bf8ace6-d9a7-430b-8471-debd47753f31@group-CCFC465A2522-FollowerState] INFO  server.RaftServerConfigKeys (ConfUtils.java:logGet(46)) - raft.server.leaderelection.pre-vote = true (default)
2023-03-16 20:08:07,720 [5bf8ace6-d9a7-430b-8471-debd47753f31@group-CCFC465A2522-FollowerState] INFO  impl.RoleInfo (RoleInfo.java:updateAndGet(139)) - 5bf8ace6-d9a7-430b-8471-debd47753f31: start 5bf8ace6-d9a7-430b-8471-debd47753f31@group-CCFC465A2522-LeaderElection32
2023-03-16 20:08:07,729 [5bf8ace6-d9a7-430b-8471-debd47753f31@group-CCFC465A2522-LeaderElection32] INFO  impl.LeaderElection (LeaderElection.java:askForVotes(312)) - 5bf8ace6-d9a7-430b-8471-debd47753f31@group-CCFC465A2522-LeaderElection32 PRE_VOTE round 0: submit vote requests at term 0 for -1: peers:[5bf8ace6-d9a7-430b-8471-debd47753f31|rpc:10.1.0.41:46469|dataStream:10.1.0.41:34659|priority:1|startupRole:FOLLOWER, a92d4c5c-0e58-445a-9596-01977366270e|rpc:10.1.0.41:41359|dataStream:10.1.0.41:40573|priority:0|startupRole:FOLLOWER, 317f44fb-1afb-4ae0-a6b8-d51e7e741648|rpc:10.1.0.41:36595|dataStream:10.1.0.41:33917|priority:0|startupRole:FOLLOWER]|listeners:[], old=null
2023-03-16 20:08:07,730 [5bf8ace6-d9a7-430b-8471-debd47753f31@group-CCFC465A2522-LeaderElection32] INFO  server.RaftServerConfigKeys (ConfUtils.java:logFallback(53)) - raft.server.rpc.first-election.timeout.min = 5s (fallback to raft.server.rpc.timeout.min)
2023-03-16 20:08:07,730 [5bf8ace6-d9a7-430b-8471-debd47753f31@group-CCFC465A2522-LeaderElection32] INFO  server.RaftServerConfigKeys (ConfUtils.java:logFallback(53)) - raft.server.rpc.first-election.timeout.max = 5200ms (fallback to raft.server.rpc.timeout.max)
2023-03-16 20:08:07,731 [grpc-default-executor-0] INFO  server.RaftServer$Division (RaftServerImpl.java:requestVote(1218)) - a92d4c5c-0e58-445a-9596-01977366270e@group-CCFC465A2522: receive requestVote(PRE_VOTE, 5bf8ace6-d9a7-430b-8471-debd47753f31, group-CCFC465A2522, 0, (t:0, i:0))
2023-03-16 20:08:07,731 [grpc-default-executor-0] INFO  impl.VoteContext (VoteContext.java:log(49)) - a92d4c5c-0e58-445a-9596-01977366270e@group-CCFC465A2522-FOLLOWER: accept PRE_VOTE from 5bf8ace6-d9a7-430b-8471-debd47753f31: our priority 0 <= candidate's priority 1
2023-03-16 20:08:07,731 [grpc-default-executor-0] INFO  server.RaftServer$Division (RaftServerImpl.java:requestVote(1251)) - a92d4c5c-0e58-445a-9596-01977366270e@group-CCFC465A2522 replies to PRE_VOTE vote request: 5bf8ace6-d9a7-430b-8471-debd47753f31<-a92d4c5c-0e58-445a-9596-01977366270e#0:OK-t0. Peer's state: a92d4c5c-0e58-445a-9596-01977366270e@group-CCFC465A2522:t0, leader=null, voted=, raftlog=Memoized:a92d4c5c-0e58-445a-9596-01977366270e@group-CCFC465A2522-SegmentedRaftLog:OPENED:c-1, conf=-1: peers:[5bf8ace6-d9a7-430b-8471-debd47753f31|rpc:10.1.0.41:46469|dataStream:10.1.0.41:34659|priority:1|startupRole:FOLLOWER, a92d4c5c-0e58-445a-9596-01977366270e|rpc:10.1.0.41:41359|dataStream:10.1.0.41:40573|priority:0|startupRole:FOLLOWER, 317f44fb-1afb-4ae0-a6b8-d51e7e741648|rpc:10.1.0.41:36595|dataStream:10.1.0.41:33917|priority:0|startupRole:FOLLOWER]|listeners:[], old=null
2023-03-16 20:08:07,734 [5bf8ace6-d9a7-430b-8471-debd47753f31@group-CCFC465A2522-LeaderElection32] INFO  impl.LeaderElection (LeaderElection.java:logAndReturn(90)) - 5bf8ace6-d9a7-430b-8471-debd47753f31@group-CCFC465A2522-LeaderElection32: PRE_VOTE PASSED received 1 response(s) and 0 exception(s):
2023-03-16 20:08:07,734 [5bf8ace6-d9a7-430b-8471-debd47753f31@group-CCFC465A2522-LeaderElection32] INFO  impl.LeaderElection (LeaderElection.java:logAndReturn(94)) -   Response 0: 5bf8ace6-d9a7-430b-8471-debd47753f31<-a92d4c5c-0e58-445a-9596-01977366270e#0:OK-t0
2023-03-16 20:08:07,734 [5bf8ace6-d9a7-430b-8471-debd47753f31@group-CCFC465A2522-LeaderElection32] INFO  impl.LeaderElection (LeaderElection.java:askForVotes(314)) - 5bf8ace6-d9a7-430b-8471-debd47753f31@group-CCFC465A2522-LeaderElection32 PRE_VOTE round 0: result PASSED
2023-03-16 20:08:07,735 [grpc-default-executor-0] INFO  server.RaftServer$Division (RaftServerImpl.java:requestVote(1218)) - 317f44fb-1afb-4ae0-a6b8-d51e7e741648@group-CCFC465A2522: receive requestVote(PRE_VOTE, 5bf8ace6-d9a7-430b-8471-debd47753f31, group-CCFC465A2522, 0, (t:0, i:0))
2023-03-16 20:08:07,735 [grpc-default-executor-0] INFO  impl.VoteContext (VoteContext.java:log(49)) - 317f44fb-1afb-4ae0-a6b8-d51e7e741648@group-CCFC465A2522-FOLLOWER: accept PRE_VOTE from 5bf8ace6-d9a7-430b-8471-debd47753f31: our priority 0 <= candidate's priority 1
2023-03-16 20:08:07,735 [grpc-default-executor-0] INFO  server.RaftServer$Division (RaftServerImpl.java:requestVote(1251)) - 317f44fb-1afb-4ae0-a6b8-d51e7e741648@group-CCFC465A2522 replies to PRE_VOTE vote request: 5bf8ace6-d9a7-430b-8471-debd47753f31<-317f44fb-1afb-4ae0-a6b8-d51e7e741648#0:OK-t0. Peer's state: 317f44fb-1afb-4ae0-a6b8-d51e7e741648@group-CCFC465A2522:t0, leader=null, voted=, raftlog=Memoized:317f44fb-1afb-4ae0-a6b8-d51e7e741648@group-CCFC465A2522-SegmentedRaftLog:OPENED:c-1, conf=-1: peers:[5bf8ace6-d9a7-430b-8471-debd47753f31|rpc:10.1.0.41:46469|dataStream:10.1.0.41:34659|priority:1|startupRole:FOLLOWER, a92d4c5c-0e58-445a-9596-01977366270e|rpc:10.1.0.41:41359|dataStream:10.1.0.41:40573|priority:0|startupRole:FOLLOWER, 317f44fb-1afb-4ae0-a6b8-d51e7e741648|rpc:10.1.0.41:36595|dataStream:10.1.0.41:33917|priority:0|startupRole:FOLLOWER]|listeners:[], old=null
2023-03-16 20:08:07,741 [5bf8ace6-d9a7-430b-8471-debd47753f31@group-CCFC465A2522-LeaderElection32] INFO  impl.LeaderElection (LeaderElection.java:askForVotes(312)) - 5bf8ace6-d9a7-430b-8471-debd47753f31@group-CCFC465A2522-LeaderElection32 ELECTION round 0: submit vote requests at term 1 for -1: peers:[5bf8ace6-d9a7-430b-8471-debd47753f31|rpc:10.1.0.41:46469|dataStream:10.1.0.41:34659|priority:1|startupRole:FOLLOWER, a92d4c5c-0e58-445a-9596-01977366270e|rpc:10.1.0.41:41359|dataStream:10.1.0.41:40573|priority:0|startupRole:FOLLOWER, 317f44fb-1afb-4ae0-a6b8-d51e7e741648|rpc:10.1.0.41:36595|dataStream:10.1.0.41:33917|priority:0|startupRole:FOLLOWER]|listeners:[], old=null
2023-03-16 20:08:07,743 [5bf8ace6-d9a7-430b-8471-debd47753f31@group-CCFC465A2522-LeaderElection32] INFO  server.RaftServerConfigKeys (ConfUtils.java:logFallback(53)) - raft.server.rpc.first-election.timeout.min = 5s (fallback to raft.server.rpc.timeout.min)
2023-03-16 20:08:07,743 [5bf8ace6-d9a7-430b-8471-debd47753f31@group-CCFC465A2522-LeaderElection32] INFO  server.RaftServerConfigKeys (ConfUtils.java:logFallback(53)) - raft.server.rpc.first-election.timeout.max = 5200ms (fallback to raft.server.rpc.timeout.max)
2023-03-16 20:08:07,743 [grpc-default-executor-0] INFO  server.RaftServer$Division (RaftServerImpl.java:requestVote(1218)) - a92d4c5c-0e58-445a-9596-01977366270e@group-CCFC465A2522: receive requestVote(ELECTION, 5bf8ace6-d9a7-430b-8471-debd47753f31, group-CCFC465A2522, 1, (t:0, i:0))
2023-03-16 20:08:07,743 [grpc-default-executor-0] INFO  impl.VoteContext (VoteContext.java:log(49)) - a92d4c5c-0e58-445a-9596-01977366270e@group-CCFC465A2522-FOLLOWER: accept ELECTION from 5bf8ace6-d9a7-430b-8471-debd47753f31: our priority 0 <= candidate's priority 1
2023-03-16 20:08:07,743 [grpc-default-executor-0] INFO  server.RaftServer$Division (RaftServerImpl.java:setRole(321)) - a92d4c5c-0e58-445a-9596-01977366270e@group-CCFC465A2522: changes role from  FOLLOWER to FOLLOWER at term 1 for candidate:5bf8ace6-d9a7-430b-8471-debd47753f31
2023-03-16 20:08:07,743 [grpc-default-executor-0] INFO  impl.RoleInfo (RoleInfo.java:shutdownFollowerState(110)) - a92d4c5c-0e58-445a-9596-01977366270e: shutdown a92d4c5c-0e58-445a-9596-01977366270e@group-CCFC465A2522-FollowerState
2023-03-16 20:08:07,743 [grpc-default-executor-0] INFO  impl.RoleInfo (RoleInfo.java:updateAndGet(139)) - a92d4c5c-0e58-445a-9596-01977366270e: start a92d4c5c-0e58-445a-9596-01977366270e@group-CCFC465A2522-FollowerState
2023-03-16 20:08:07,743 [a92d4c5c-0e58-445a-9596-01977366270e@group-CCFC465A2522-FollowerState] INFO  impl.FollowerState (FollowerState.java:run(152)) - a92d4c5c-0e58-445a-9596-01977366270e@group-CCFC465A2522-FollowerState was interrupted
2023-03-16 20:08:07,746 [a92d4c5c-0e58-445a-9596-01977366270e@group-CCFC465A2522-FollowerState] INFO  server.RaftServerConfigKeys (ConfUtils.java:logFallback(53)) - raft.server.rpc.first-election.timeout.min = 5s (fallback to raft.server.rpc.timeout.min)
2023-03-16 20:08:07,746 [grpc-default-executor-0] INFO  server.RaftServer$Division (RaftServerImpl.java:requestVote(1251)) - a92d4c5c-0e58-445a-9596-01977366270e@group-CCFC465A2522 replies to ELECTION vote request: 5bf8ace6-d9a7-430b-8471-debd47753f31<-a92d4c5c-0e58-445a-9596-01977366270e#0:OK-t1. Peer's state: a92d4c5c-0e58-445a-9596-01977366270e@group-CCFC465A2522:t1, leader=null, voted=5bf8ace6-d9a7-430b-8471-debd47753f31, raftlog=Memoized:a92d4c5c-0e58-445a-9596-01977366270e@group-CCFC465A2522-SegmentedRaftLog:OPENED:c-1, conf=-1: peers:[5bf8ace6-d9a7-430b-8471-debd47753f31|rpc:10.1.0.41:46469|dataStream:10.1.0.41:34659|priority:1|startupRole:FOLLOWER, a92d4c5c-0e58-445a-9596-01977366270e|rpc:10.1.0.41:41359|dataStream:10.1.0.41:40573|priority:0|startupRole:FOLLOWER, 317f44fb-1afb-4ae0-a6b8-d51e7e741648|rpc:10.1.0.41:36595|dataStream:10.1.0.41:33917|priority:0|startupRole:FOLLOWER]|listeners:[], old=null
2023-03-16 20:08:07,746 [a92d4c5c-0e58-445a-9596-01977366270e@group-CCFC465A2522-FollowerState] INFO  server.RaftServerConfigKeys (ConfUtils.java:logFallback(53)) - raft.server.rpc.first-election.timeout.max = 5200ms (fallback to raft.server.rpc.timeout.max)
2023-03-16 20:08:07,748 [5bf8ace6-d9a7-430b-8471-debd47753f31@group-CCFC465A2522-LeaderElection32] INFO  impl.LeaderElection (LeaderElection.java:logAndReturn(90)) - 5bf8ace6-d9a7-430b-8471-debd47753f31@group-CCFC465A2522-LeaderElection32: ELECTION PASSED received 1 response(s) and 0 exception(s):
2023-03-16 20:08:07,748 [5bf8ace6-d9a7-430b-8471-debd47753f31@group-CCFC465A2522-LeaderElection32] INFO  impl.LeaderElection (LeaderElection.java:logAndReturn(94)) -   Response 0: 5bf8ace6-d9a7-430b-8471-debd47753f31<-a92d4c5c-0e58-445a-9596-01977366270e#0:OK-t1
2023-03-16 20:08:07,748 [5bf8ace6-d9a7-430b-8471-debd47753f31@group-CCFC465A2522-LeaderElection32] INFO  impl.LeaderElection (LeaderElection.java:askForVotes(314)) - 5bf8ace6-d9a7-430b-8471-debd47753f31@group-CCFC465A2522-LeaderElection32 ELECTION round 0: result PASSED
2023-03-16 20:08:07,748 [5bf8ace6-d9a7-430b-8471-debd47753f31@group-CCFC465A2522-LeaderElection32] INFO  impl.RoleInfo (RoleInfo.java:shutdownLeaderElection(130)) - 5bf8ace6-d9a7-430b-8471-debd47753f31: shutdown 5bf8ace6-d9a7-430b-8471-debd47753f31@group-CCFC465A2522-LeaderElection32
2023-03-16 20:08:07,748 [5bf8ace6-d9a7-430b-8471-debd47753f31@group-CCFC465A2522-LeaderElection32] INFO  server.RaftServer$Division (RaftServerImpl.java:setRole(321)) - 5bf8ace6-d9a7-430b-8471-debd47753f31@group-CCFC465A2522: changes role from CANDIDATE to LEADER at term 1 for changeToLeader
2023-03-16 20:08:07,748 [5bf8ace6-d9a7-430b-8471-debd47753f31@group-CCFC465A2522-LeaderElection32] INFO  ratis.XceiverServerRatis (XceiverServerRatis.java:handleLeaderChangedNotification(905)) - Leader change notification received for group: group-CCFC465A2522 with new leaderId: 5bf8ace6-d9a7-430b-8471-debd47753f31
2023-03-16 20:08:07,748 [5bf8ace6-d9a7-430b-8471-debd47753f31@group-CCFC465A2522-LeaderElection32] INFO  server.RaftServer$Division (ServerState.java:setLeader(313)) - 5bf8ace6-d9a7-430b-8471-debd47753f31@group-CCFC465A2522: change Leader from null to 5bf8ace6-d9a7-430b-8471-debd47753f31 at term 1 for becomeLeader, leader elected after 5208ms
2023-03-16 20:08:07,748 [5bf8ace6-d9a7-430b-8471-debd47753f31@group-CCFC465A2522-LeaderElection32] INFO  server.RaftServerConfigKeys (ConfUtils.java:logGet(46)) - raft.server.staging.catchup.gap = 1000 (default)
2023-03-16 20:08:07,749 [5bf8ace6-d9a7-430b-8471-debd47753f31@group-CCFC465A2522-LeaderElection32] INFO  server.RaftServerConfigKeys (ConfUtils.java:logGet(46)) - raft.server.write.element-limit = 1024 (custom)
2023-03-16 20:08:07,749 [5bf8ace6-d9a7-430b-8471-debd47753f31@group-CCFC465A2522-LeaderElection32] INFO  server.RaftServerConfigKeys (ConfUtils.java:logGet(46)) - raft.server.write.byte-limit = 1024 M (=1073741824) (custom)
2023-03-16 20:08:07,749 [5bf8ace6-d9a7-430b-8471-debd47753f31@group-CCFC465A2522-LeaderElection32] INFO  server.RaftServerConfigKeys (ConfUtils.java:logGet(46)) - raft.server.watch.timeout = 180s (custom)
2023-03-16 20:08:07,749 [5bf8ace6-d9a7-430b-8471-debd47753f31@group-CCFC465A2522-LeaderElection32] INFO  server.RaftServerConfigKeys (ConfUtils.java:logGet(46)) - raft.server.watch.timeout.denomination = 1s (default)
2023-03-16 20:08:07,749 [5bf8ace6-d9a7-430b-8471-debd47753f31@group-CCFC465A2522-LeaderElection32] INFO  server.RaftServerConfigKeys (ConfUtils.java:logGet(46)) - raft.server.watch.element-limit = 65536 (default)
2023-03-16 20:08:07,749 [5bf8ace6-d9a7-430b-8471-debd47753f31@group-CCFC465A2522-LeaderElection32] INFO  server.RaftServerConfigKeys (ConfUtils.java:logGet(46)) - raft.server.write.element-limit = 1024 (custom)
2023-03-16 20:08:07,749 [5bf8ace6-d9a7-430b-8471-debd47753f31@group-CCFC465A2522-LeaderElection32] INFO  server.RaftServerConfigKeys (ConfUtils.java:logGet(46)) - raft.server.write.follower.gap.ratio.max = -1.0 (default)
2023-03-16 20:08:07,750 [5bf8ace6-d9a7-430b-8471-debd47753f31@group-CCFC465A2522-LeaderElection32] INFO  server.RaftServerConfigKeys (ConfUtils.java:logGet(46)) - raft.server.log.appender.snapshot.chunk.size.max = 16MB (=16777216) (default)
2023-03-16 20:08:07,750 [5bf8ace6-d9a7-430b-8471-debd47753f31@group-CCFC465A2522-LeaderElection32] INFO  server.RaftServerConfigKeys (ConfUtils.java:logGet(46)) - raft.server.log.appender.buffer.byte-limit = 33554432 (custom)
2023-03-16 20:08:07,750 [5bf8ace6-d9a7-430b-8471-debd47753f31@group-CCFC465A2522-LeaderElection32] INFO  server.RaftServerConfigKeys (ConfUtils.java:logGet(46)) - raft.server.log.appender.buffer.element-limit = 1 (custom)
2023-03-16 20:08:07,750 [5bf8ace6-d9a7-430b-8471-debd47753f31@group-CCFC465A2522-LeaderElection32] INFO  grpc.GrpcConfigKeys (ConfUtils.java:logGet(46)) - raft.grpc.server.leader.outstanding.appends.max = 128 (default)
2023-03-16 20:08:07,747 [grpc-default-executor-1] INFO  server.RaftServer$Division (RaftServerImpl.java:requestVote(1218)) - 317f44fb-1afb-4ae0-a6b8-d51e7e741648@group-CCFC465A2522: receive requestVote(ELECTION, 5bf8ace6-d9a7-430b-8471-debd47753f31, group-CCFC465A2522, 1, (t:0, i:0))
2023-03-16 20:08:07,752 [5bf8ace6-d9a7-430b-8471-debd47753f31@group-CCFC465A2522-LeaderElection32] INFO  server.RaftServerConfigKeys (ConfUtils.java:logGet(46)) - raft.server.rpc.request.timeout = 60s (custom)
2023-03-16 20:08:07,752 [5bf8ace6-d9a7-430b-8471-debd47753f31@group-CCFC465A2522-LeaderElection32] INFO  server.RaftServerConfigKeys (ConfUtils.java:logGet(46)) - raft.server.log.appender.install.snapshot.enabled = false (custom)
2023-03-16 20:08:07,752 [5bf8ace6-d9a7-430b-8471-debd47753f31@group-CCFC465A2522-LeaderElection32] INFO  grpc.GrpcConfigKeys (ConfUtils.java:logGet(46)) - raft.grpc.server.heartbeat.channel = true (default)
2023-03-16 20:08:07,752 [5bf8ace6-d9a7-430b-8471-debd47753f31@group-CCFC465A2522-LeaderElection32] INFO  server.RaftServerConfigKeys (ConfUtils.java:logGet(46)) - raft.server.log.appender.wait-time.min = 10ms (default)
2023-03-16 20:08:07,754 [grpc-default-executor-1] INFO  impl.VoteContext (VoteContext.java:log(49)) - 317f44fb-1afb-4ae0-a6b8-d51e7e741648@group-CCFC465A2522-FOLLOWER: accept ELECTION from 5bf8ace6-d9a7-430b-8471-debd47753f31: our priority 0 <= candidate's priority 1
2023-03-16 20:08:07,754 [grpc-default-executor-1] INFO  server.RaftServer$Division (RaftServerImpl.java:setRole(321)) - 317f44fb-1afb-4ae0-a6b8-d51e7e741648@group-CCFC465A2522: changes role from  FOLLOWER to FOLLOWER at term 1 for candidate:5bf8ace6-d9a7-430b-8471-debd47753f31
2023-03-16 20:08:07,754 [grpc-default-executor-1] INFO  impl.RoleInfo (RoleInfo.java:shutdownFollowerState(110)) - 317f44fb-1afb-4ae0-a6b8-d51e7e741648: shutdown 317f44fb-1afb-4ae0-a6b8-d51e7e741648@group-CCFC465A2522-FollowerState
2023-03-16 20:08:07,754 [grpc-default-executor-1] INFO  impl.RoleInfo (RoleInfo.java:updateAndGet(139)) - 317f44fb-1afb-4ae0-a6b8-d51e7e741648: start 317f44fb-1afb-4ae0-a6b8-d51e7e741648@group-CCFC465A2522-FollowerState
2023-03-16 20:08:07,754 [317f44fb-1afb-4ae0-a6b8-d51e7e741648@group-CCFC465A2522-FollowerState] INFO  impl.FollowerState (FollowerState.java:run(152)) - 317f44fb-1afb-4ae0-a6b8-d51e7e741648@group-CCFC465A2522-FollowerState was interrupted
2023-03-16 20:08:07,757 [grpc-default-executor-1] INFO  server.RaftServer$Division (RaftServerImpl.java:requestVote(1251)) - 317f44fb-1afb-4ae0-a6b8-d51e7e741648@group-CCFC465A2522 replies to ELECTION vote request: 5bf8ace6-d9a7-430b-8471-debd47753f31<-317f44fb-1afb-4ae0-a6b8-d51e7e741648#0:OK-t1. Peer's state: 317f44fb-1afb-4ae0-a6b8-d51e7e741648@group-CCFC465A2522:t1, leader=null, voted=5bf8ace6-d9a7-430b-8471-debd47753f31, raftlog=Memoized:317f44fb-1afb-4ae0-a6b8-d51e7e741648@group-CCFC465A2522-SegmentedRaftLog:OPENED:c-1, conf=-1: peers:[5bf8ace6-d9a7-430b-8471-debd47753f31|rpc:10.1.0.41:46469|dataStream:10.1.0.41:34659|priority:1|startupRole:FOLLOWER, a92d4c5c-0e58-445a-9596-01977366270e|rpc:10.1.0.41:41359|dataStream:10.1.0.41:40573|priority:0|startupRole:FOLLOWER, 317f44fb-1afb-4ae0-a6b8-d51e7e741648|rpc:10.1.0.41:36595|dataStream:10.1.0.41:33917|priority:0|startupRole:FOLLOWER]|listeners:[], old=null
2023-03-16 20:08:07,757 [EventQueue-PipelineReportForPipelineReportHandler] INFO  pipeline.PipelineManagerImpl (PipelineManagerImpl.java:openPipeline(367)) - Pipeline Pipeline[ Id: 4e358a60-e5e5-4031-8a11-ccfc465a2522, Nodes: 5bf8ace6-d9a7-430b-8471-debd47753f31(fv-az371-917/10.1.0.41)317f44fb-1afb-4ae0-a6b8-d51e7e741648(fv-az371-917/10.1.0.41)a92d4c5c-0e58-445a-9596-01977366270e(fv-az371-917/10.1.0.41), ReplicationConfig: RATIS/THREE, State:ALLOCATED, leaderId:5bf8ace6-d9a7-430b-8471-debd47753f31, CreationTimestamp2023-03-16T20:08:00.241Z[Etc/UTC]] moved to OPEN state
2023-03-16 20:08:07,762 [5bf8ace6-d9a7-430b-8471-debd47753f31@group-CCFC465A2522-LeaderElection32] INFO  server.RaftServerConfigKeys (ConfUtils.java:logGet(46)) - raft.server.log.appender.snapshot.chunk.size.max = 16MB (=16777216) (default)
2023-03-16 20:08:07,762 [5bf8ace6-d9a7-430b-8471-debd47753f31@group-CCFC465A2522-LeaderElection32] INFO  server.RaftServerConfigKeys (ConfUtils.java:logGet(46)) - raft.server.log.appender.buffer.byte-limit = 33554432 (custom)
2023-03-16 20:08:07,762 [5bf8ace6-d9a7-430b-8471-debd47753f31@group-CCFC465A2522-LeaderElection32] INFO  server.RaftServerConfigKeys (ConfUtils.java:logGet(46)) - raft.server.log.appender.buffer.element-limit = 1 (custom)
2023-03-16 20:08:07,762 [5bf8ace6-d9a7-430b-8471-debd47753f31@group-CCFC465A2522-LeaderElection32] INFO  grpc.GrpcConfigKeys (ConfUtils.java:logGet(46)) - raft.grpc.server.leader.outstanding.appends.max = 128 (default)
2023-03-16 20:08:07,762 [5bf8ace6-d9a7-430b-8471-debd47753f31@group-CCFC465A2522-LeaderElection32] INFO  server.RaftServerConfigKeys (ConfUtils.java:logGet(46)) - raft.server.rpc.request.timeout = 60s (custom)
2023-03-16 20:08:07,762 [5bf8ace6-d9a7-430b-8471-debd47753f31@group-CCFC465A2522-LeaderElection32] INFO  server.RaftServerConfigKeys (ConfUtils.java:logGet(46)) - raft.server.log.appender.install.snapshot.enabled = false (custom)
2023-03-16 20:08:07,762 [5bf8ace6-d9a7-430b-8471-debd47753f31@group-CCFC465A2522-LeaderElection32] INFO  grpc.GrpcConfigKeys (ConfUtils.java:logGet(46)) - raft.grpc.server.heartbeat.channel = true (default)
2023-03-16 20:08:07,762 [5bf8ace6-d9a7-430b-8471-debd47753f31@group-CCFC465A2522-LeaderElection32] INFO  server.RaftServerConfigKeys (ConfUtils.java:logGet(46)) - raft.server.log.appender.wait-time.min = 10ms (default)
2023-03-16 20:08:07,763 [5bf8ace6-d9a7-430b-8471-debd47753f31@group-CCFC465A2522-LeaderElection32] INFO  impl.RoleInfo (RoleInfo.java:updateAndGet(139)) - 5bf8ace6-d9a7-430b-8471-debd47753f31: start 5bf8ace6-d9a7-430b-8471-debd47753f31@group-CCFC465A2522-LeaderStateImpl
2023-03-16 20:08:07,763 [5bf8ace6-d9a7-430b-8471-debd47753f31@group-CCFC465A2522-LeaderElection32] INFO  segmented.SegmentedRaftLogWorker (SegmentedRaftLogWorker.java:startLogSegment(452)) - 5bf8ace6-d9a7-430b-8471-debd47753f31@group-CCFC465A2522-SegmentedRaftLogWorker: Starting segment from index:0
2023-03-16 20:08:07,765 [5bf8ace6-d9a7-430b-8471-debd47753f31@group-CCFC465A2522-SegmentedRaftLogWorker] INFO  segmented.SegmentedRaftLogWorker (SegmentedRaftLogWorker.java:execute(656)) - 5bf8ace6-d9a7-430b-8471-debd47753f31@group-CCFC465A2522-SegmentedRaftLogWorker: created new log segment /home/runner/work/ozone/ozone/hadoop-ozone/integration-test/target/test-dir/MiniOzoneClusterImpl-8f5ebca4-26a9-4ef6-bfab-4eeb6746d3a8/datanode-2/data/ratis/4e358a60-e5e5-4031-8a11-ccfc465a2522/current/log_inprogress_0
2023-03-16 20:08:07,774 [5bf8ace6-d9a7-430b-8471-debd47753f31@group-CCFC465A2522-LeaderElection32] INFO  server.RaftServer$Division (ServerState.java:setRaftConf(430)) - 5bf8ace6-d9a7-430b-8471-debd47753f31@group-CCFC465A2522: set configuration 0: peers:[5bf8ace6-d9a7-430b-8471-debd47753f31|rpc:10.1.0.41:46469|dataStream:10.1.0.41:34659|priority:1|startupRole:FOLLOWER, a92d4c5c-0e58-445a-9596-01977366270e|rpc:10.1.0.41:41359|dataStream:10.1.0.41:40573|priority:0|startupRole:FOLLOWER, 317f44fb-1afb-4ae0-a6b8-d51e7e741648|rpc:10.1.0.41:36595|dataStream:10.1.0.41:33917|priority:0|startupRole:FOLLOWER]|listeners:[], old=null
2023-03-16 20:08:07,775 [317f44fb-1afb-4ae0-a6b8-d51e7e741648@group-CCFC465A2522-FollowerState] INFO  server.RaftServerConfigKeys (ConfUtils.java:logFallback(53)) - raft.server.rpc.first-election.timeout.min = 5s (fallback to raft.server.rpc.timeout.min)
2023-03-16 20:08:07,775 [317f44fb-1afb-4ae0-a6b8-d51e7e741648@group-CCFC465A2522-FollowerState] INFO  server.RaftServerConfigKeys (ConfUtils.java:logFallback(53)) - raft.server.rpc.first-election.timeout.max = 5200ms (fallback to raft.server.rpc.timeout.max)
2023-03-16 20:08:07,777 [a92d4c5c-0e58-445a-9596-01977366270e-server-thread1] INFO  ratis.XceiverServerRatis (XceiverServerRatis.java:handleLeaderChangedNotification(905)) - Leader change notification received for group: group-CCFC465A2522 with new leaderId: 5bf8ace6-d9a7-430b-8471-debd47753f31
2023-03-16 20:08:07,777 [a92d4c5c-0e58-445a-9596-01977366270e-server-thread1] INFO  server.RaftServer$Division (ServerState.java:setLeader(313)) - a92d4c5c-0e58-445a-9596-01977366270e@group-CCFC465A2522: change Leader from null to 5bf8ace6-d9a7-430b-8471-debd47753f31 at term 1 for appendEntries, leader elected after 5270ms
2023-03-16 20:08:07,783 [a92d4c5c-0e58-445a-9596-01977366270e-server-thread1] INFO  server.RaftServer$Division (ServerState.java:setRaftConf(430)) - a92d4c5c-0e58-445a-9596-01977366270e@group-CCFC465A2522: set configuration 0: peers:[5bf8ace6-d9a7-430b-8471-debd47753f31|rpc:10.1.0.41:46469|dataStream:10.1.0.41:34659|priority:1|startupRole:FOLLOWER, a92d4c5c-0e58-445a-9596-01977366270e|rpc:10.1.0.41:41359|dataStream:10.1.0.41:40573|priority:0|startupRole:FOLLOWER, 317f44fb-1afb-4ae0-a6b8-d51e7e741648|rpc:10.1.0.41:36595|dataStream:10.1.0.41:33917|priority:0|startupRole:FOLLOWER]|listeners:[], old=null
2023-03-16 20:08:07,783 [a92d4c5c-0e58-445a-9596-01977366270e-server-thread1] INFO  segmented.SegmentedRaftLogWorker (SegmentedRaftLogWorker.java:startLogSegment(452)) - a92d4c5c-0e58-445a-9596-01977366270e@group-CCFC465A2522-SegmentedRaftLogWorker: Starting segment from index:0
2023-03-16 20:08:07,788 [a92d4c5c-0e58-445a-9596-01977366270e@group-CCFC465A2522-SegmentedRaftLogWorker] INFO  segmented.SegmentedRaftLogWorker (SegmentedRaftLogWorker.java:execute(656)) - a92d4c5c-0e58-445a-9596-01977366270e@group-CCFC465A2522-SegmentedRaftLogWorker: created new log segment /home/runner/work/ozone/ozone/hadoop-ozone/integration-test/target/test-dir/MiniOzoneClusterImpl-8f5ebca4-26a9-4ef6-bfab-4eeb6746d3a8/datanode-0/data/ratis/4e358a60-e5e5-4031-8a11-ccfc465a2522/current/log_inprogress_0
2023-03-16 20:08:07,792 [317f44fb-1afb-4ae0-a6b8-d51e7e741648-server-thread2] INFO  ratis.XceiverServerRatis (XceiverServerRatis.java:handleLeaderChangedNotification(905)) - Leader change notification received for group: group-CCFC465A2522 with new leaderId: 5bf8ace6-d9a7-430b-8471-debd47753f31
2023-03-16 20:08:07,793 [317f44fb-1afb-4ae0-a6b8-d51e7e741648-server-thread2] INFO  server.RaftServer$Division (ServerState.java:setLeader(313)) - 317f44fb-1afb-4ae0-a6b8-d51e7e741648@group-CCFC465A2522: change Leader from null to 5bf8ace6-d9a7-430b-8471-debd47753f31 at term 1 for appendEntries, leader elected after 5211ms
2023-03-16 20:08:07,796 [317f44fb-1afb-4ae0-a6b8-d51e7e741648-server-thread1] INFO  server.RaftServer$Division (ServerState.java:setRaftConf(430)) - 317f44fb-1afb-4ae0-a6b8-d51e7e741648@group-CCFC465A2522: set configuration 0: peers:[5bf8ace6-d9a7-430b-8471-debd47753f31|rpc:10.1.0.41:46469|dataStream:10.1.0.41:34659|priority:1|startupRole:FOLLOWER, a92d4c5c-0e58-445a-9596-01977366270e|rpc:10.1.0.41:41359|dataStream:10.1.0.41:40573|priority:0|startupRole:FOLLOWER, 317f44fb-1afb-4ae0-a6b8-d51e7e741648|rpc:10.1.0.41:36595|dataStream:10.1.0.41:33917|priority:0|startupRole:FOLLOWER]|listeners:[], old=null
2023-03-16 20:08:07,796 [317f44fb-1afb-4ae0-a6b8-d51e7e741648-server-thread1] INFO  segmented.SegmentedRaftLogWorker (SegmentedRaftLogWorker.java:startLogSegment(452)) - 317f44fb-1afb-4ae0-a6b8-d51e7e741648@group-CCFC465A2522-SegmentedRaftLogWorker: Starting segment from index:0
2023-03-16 20:08:07,797 [317f44fb-1afb-4ae0-a6b8-d51e7e741648@group-CCFC465A2522-SegmentedRaftLogWorker] INFO  segmented.SegmentedRaftLogWorker (SegmentedRaftLogWorker.java:execute(656)) - 317f44fb-1afb-4ae0-a6b8-d51e7e741648@group-CCFC465A2522-SegmentedRaftLogWorker: created new log segment /home/runner/work/ozone/ozone/hadoop-ozone/integration-test/target/test-dir/MiniOzoneClusterImpl-8f5ebca4-26a9-4ef6-bfab-4eeb6746d3a8/datanode-1/data/ratis/4e358a60-e5e5-4031-8a11-ccfc465a2522/current/log_inprogress_0
2023-03-16 20:08:07,946 [317f44fb-1afb-4ae0-a6b8-d51e7e741648@group-D38E79148492-FollowerState] INFO  impl.FollowerState (FollowerState.java:run(143)) - 317f44fb-1afb-4ae0-a6b8-d51e7e741648@group-D38E79148492-FollowerState: change to CANDIDATE, lastRpcElapsedTime:5035337225ns, electionTimeout:5029ms
2023-03-16 20:08:07,946 [317f44fb-1afb-4ae0-a6b8-d51e7e741648@group-D38E79148492-FollowerState] INFO  impl.RoleInfo (RoleInfo.java:shutdownFollowerState(110)) - 317f44fb-1afb-4ae0-a6b8-d51e7e741648: shutdown 317f44fb-1afb-4ae0-a6b8-d51e7e741648@group-D38E79148492-FollowerState
2023-03-16 20:08:07,946 [317f44fb-1afb-4ae0-a6b8-d51e7e741648@group-D38E79148492-FollowerState] INFO  server.RaftServer$Division (RaftServerImpl.java:setRole(321)) - 317f44fb-1afb-4ae0-a6b8-d51e7e741648@group-D38E79148492: changes role from  FOLLOWER to CANDIDATE at term 0 for changeToCandidate
2023-03-16 20:08:07,946 [317f44fb-1afb-4ae0-a6b8-d51e7e741648@group-D38E79148492-FollowerState] INFO  server.RaftServerConfigKeys (ConfUtils.java:logGet(46)) - raft.server.leaderelection.pre-vote = true (default)
2023-03-16 20:08:07,946 [317f44fb-1afb-4ae0-a6b8-d51e7e741648@group-D38E79148492-FollowerState] INFO  impl.RoleInfo (RoleInfo.java:updateAndGet(139)) - 317f44fb-1afb-4ae0-a6b8-d51e7e741648: start 317f44fb-1afb-4ae0-a6b8-d51e7e741648@group-D38E79148492-LeaderElection33
2023-03-16 20:08:07,952 [317f44fb-1afb-4ae0-a6b8-d51e7e741648@group-D38E79148492-LeaderElection33] INFO  impl.LeaderElection (LeaderElection.java:askForVotes(312)) - 317f44fb-1afb-4ae0-a6b8-d51e7e741648@group-D38E79148492-LeaderElection33 PRE_VOTE round 0: submit vote requests at term 0 for -1: peers:[317f44fb-1afb-4ae0-a6b8-d51e7e741648|rpc:10.1.0.41:36595|dataStream:10.1.0.41:33917|priority:1|startupRole:FOLLOWER]|listeners:[], old=null
2023-03-16 20:08:07,952 [317f44fb-1afb-4ae0-a6b8-d51e7e741648@group-D38E79148492-LeaderElection33] INFO  impl.LeaderElection (LeaderElection.java:askForVotes(314)) - 317f44fb-1afb-4ae0-a6b8-d51e7e741648@group-D38E79148492-LeaderElection33 PRE_VOTE round 0: result PASSED (term=0)
2023-03-16 20:08:07,954 [317f44fb-1afb-4ae0-a6b8-d51e7e741648@group-D38E79148492-LeaderElection33] INFO  impl.LeaderElection (LeaderElection.java:askForVotes(312)) - 317f44fb-1afb-4ae0-a6b8-d51e7e741648@group-D38E79148492-LeaderElection33 ELECTION round 0: submit vote requests at term 1 for -1: peers:[317f44fb-1afb-4ae0-a6b8-d51e7e741648|rpc:10.1.0.41:36595|dataStream:10.1.0.41:33917|priority:1|startupRole:FOLLOWER]|listeners:[], old=null
2023-03-16 20:08:07,954 [317f44fb-1afb-4ae0-a6b8-d51e7e741648@group-D38E79148492-LeaderElection33] INFO  impl.LeaderElection (LeaderElection.java:askForVotes(314)) - 317f44fb-1afb-4ae0-a6b8-d51e7e741648@group-D38E79148492-LeaderElection33 ELECTION round 0: result PASSED (term=1)
2023-03-16 20:08:07,954 [317f44fb-1afb-4ae0-a6b8-d51e7e741648@group-D38E79148492-LeaderElection33] INFO  impl.RoleInfo (RoleInfo.java:shutdownLeaderElection(130)) - 317f44fb-1afb-4ae0-a6b8-d51e7e741648: shutdown 317f44fb-1afb-4ae0-a6b8-d51e7e741648@group-D38E79148492-LeaderElection33
2023-03-16 20:08:07,954 [317f44fb-1afb-4ae0-a6b8-d51e7e741648@group-D38E79148492-LeaderElection33] INFO  server.RaftServer$Division (RaftServerImpl.java:setRole(321)) - 317f44fb-1afb-4ae0-a6b8-d51e7e741648@group-D38E79148492: changes role from CANDIDATE to LEADER at term 1 for changeToLeader
2023-03-16 20:08:07,954 [317f44fb-1afb-4ae0-a6b8-d51e7e741648@group-D38E79148492-LeaderElection33] INFO  ratis.XceiverServerRatis (XceiverServerRatis.java:handleLeaderChangedNotification(905)) - Leader change notification received for group: group-D38E79148492 with new leaderId: 317f44fb-1afb-4ae0-a6b8-d51e7e741648
2023-03-16 20:08:07,954 [317f44fb-1afb-4ae0-a6b8-d51e7e741648@group-D38E79148492-LeaderElection33] INFO  server.RaftServer$Division (ServerState.java:setLeader(313)) - 317f44fb-1afb-4ae0-a6b8-d51e7e741648@group-D38E79148492: change Leader from null to 317f44fb-1afb-4ae0-a6b8-d51e7e741648 at term 1 for becomeLeader, leader elected after 5152ms
2023-03-16 20:08:07,954 [317f44fb-1afb-4ae0-a6b8-d51e7e741648@group-D38E79148492-LeaderElection33] INFO  server.RaftServerConfigKeys (ConfUtils.java:logGet(46)) - raft.server.staging.catchup.gap = 1000 (default)
2023-03-16 20:08:07,955 [317f44fb-1afb-4ae0-a6b8-d51e7e741648@group-D38E79148492-LeaderElection33] INFO  server.RaftServerConfigKeys (ConfUtils.java:logGet(46)) - raft.server.write.element-limit = 1024 (custom)
2023-03-16 20:08:07,955 [317f44fb-1afb-4ae0-a6b8-d51e7e741648@group-D38E79148492-LeaderElection33] INFO  server.RaftServerConfigKeys (ConfUtils.java:logGet(46)) - raft.server.write.byte-limit = 1024 M (=1073741824) (custom)
2023-03-16 20:08:07,955 [317f44fb-1afb-4ae0-a6b8-d51e7e741648@group-D38E79148492-LeaderElection33] INFO  server.RaftServerConfigKeys (ConfUtils.java:logGet(46)) - raft.server.watch.timeout = 180s (custom)
2023-03-16 20:08:07,955 [317f44fb-1afb-4ae0-a6b8-d51e7e741648@group-D38E79148492-LeaderElection33] INFO  server.RaftServerConfigKeys (ConfUtils.java:logGet(46)) - raft.server.watch.timeout.denomination = 1s (default)
2023-03-16 20:08:07,955 [317f44fb-1afb-4ae0-a6b8-d51e7e741648@group-D38E79148492-LeaderElection33] INFO  server.RaftServerConfigKeys (ConfUtils.java:logGet(46)) - raft.server.watch.element-limit = 65536 (default)
2023-03-16 20:08:07,956 [317f44fb-1afb-4ae0-a6b8-d51e7e741648@group-D38E79148492-LeaderElection33] INFO  server.RaftServerConfigKeys (ConfUtils.java:logGet(46)) - raft.server.write.element-limit = 1024 (custom)
2023-03-16 20:08:07,956 [317f44fb-1afb-4ae0-a6b8-d51e7e741648@group-D38E79148492-LeaderElection33] INFO  server.RaftServerConfigKeys (ConfUtils.java:logGet(46)) - raft.server.write.follower.gap.ratio.max = -1.0 (default)
2023-03-16 20:08:07,956 [317f44fb-1afb-4ae0-a6b8-d51e7e741648@group-D38E79148492-LeaderElection33] INFO  impl.RoleInfo (RoleInfo.java:updateAndGet(139)) - 317f44fb-1afb-4ae0-a6b8-d51e7e741648: start 317f44fb-1afb-4ae0-a6b8-d51e7e741648@group-D38E79148492-LeaderStateImpl
2023-03-16 20:08:07,956 [317f44fb-1afb-4ae0-a6b8-d51e7e741648@group-D38E79148492-LeaderElection33] INFO  segmented.SegmentedRaftLogWorker (SegmentedRaftLogWorker.java:startLogSegment(452)) - 317f44fb-1afb-4ae0-a6b8-d51e7e741648@group-D38E79148492-SegmentedRaftLogWorker: Starting segment from index:0
2023-03-16 20:08:07,964 [317f44fb-1afb-4ae0-a6b8-d51e7e741648@group-D38E79148492-LeaderElection33] INFO  server.RaftServer$Division (ServerState.java:setRaftConf(430)) - 317f44fb-1afb-4ae0-a6b8-d51e7e741648@group-D38E79148492: set configuration 0: peers:[317f44fb-1afb-4ae0-a6b8-d51e7e741648|rpc:10.1.0.41:36595|dataStream:10.1.0.41:33917|priority:1|startupRole:FOLLOWER]|listeners:[], old=null
2023-03-16 20:08:07,966 [317f44fb-1afb-4ae0-a6b8-d51e7e741648@group-D38E79148492-SegmentedRaftLogWorker] INFO  segmented.SegmentedRaftLogWorker (SegmentedRaftLogWorker.java:execute(656)) - 317f44fb-1afb-4ae0-a6b8-d51e7e741648@group-D38E79148492-SegmentedRaftLogWorker: created new log segment /home/runner/work/ozone/ozone/hadoop-ozone/integration-test/target/test-dir/MiniOzoneClusterImpl-8f5ebca4-26a9-4ef6-bfab-4eeb6746d3a8/datanode-1/data/ratis/88a4a0a1-ce1b-4168-b4a7-d38e79148492/current/log_inprogress_0
2023-03-16 20:08:08,149 [Listener at 127.0.0.1/41725] INFO  ozone.MiniOzoneClusterImpl (MiniOzoneClusterImpl.java:lambda$waitForClusterToBeReady$0(222)) - Nodes are ready. Got 5 of 5 DN Heartbeats.
2023-03-16 20:08:08,149 [Listener at 127.0.0.1/41725] INFO  ozone.MiniOzoneClusterImpl (MiniOzoneClusterImpl.java:lambda$waitForClusterToBeReady$0(225)) - Cluster exits safe mode
2023-03-16 20:08:08,149 [Listener at 127.0.0.1/41725] INFO  ozone.MiniOzoneClusterImpl (MiniOzoneClusterImpl.java:lambda$waitForClusterToBeReady$0(227)) - SCM became leader
2023-03-16 20:08:08,172 [Listener at 127.0.0.1/41725] INFO  rpc.RpcClient (RpcClient.java:createVolume(476)) - Creating Volume: volume10450, with user82204 as owner and space quota set to -1 bytes, counts quota set to -1
2023-03-16 20:08:08,175 [IPC Server handler 11 on default port 41725] INFO  volume.OMVolumeCreateRequest (OMVolumeCreateRequest.java:validateAndUpdateCache(195)) - created volume:volume10450 for user:user82204
2023-03-16 20:08:08,181 [Listener at 127.0.0.1/41725] INFO  rpc.RpcClient (RpcClient.java:createBucket(698)) - Creating Bucket: volume10450/bucket92716, with bucket layout LEGACY, runner as owner, Versioning false, Storage Type set to DISK and Encryption set to false, Replication Type set to server-side default replication type, Namespace Quota set to -1, Space Quota set to -1 
2023-03-16 20:08:08,183 [IPC Server handler 9 on default port 41725] INFO  bucket.OMBucketCreateRequest (OMBucketCreateRequest.java:validateAndUpdateCache(263)) - created bucket: bucket92716 of layout LEGACY in volume: volume10450
]]></system-out>
  </testcase>
  <testcase name="testSeekOnFileLength" classname="TestOzoneFileSystem" time="1.11">
    <system-out><![CDATA[2023-03-16 20:04:08,679 [IPC Server handler 18 on default port 42293] INFO  ha.SequenceIdGenerator (SequenceIdGenerator.java:getNextId(128)) - Allocate a batch for containerId, change lastId from 0 to 1000.
2023-03-16 20:04:08,695 [IPC Server handler 18 on default port 42293] WARN  ha.SequenceIdGenerator (SequenceIdGenerator.java:allocateBatch(237)) - Failed to allocate a batch for localId, expected lastId is 0, actual lastId is 111677748019200000.
2023-03-16 20:04:08,696 [IPC Server handler 18 on default port 42293] INFO  ha.SequenceIdGenerator (SequenceIdGenerator.java:getNextId(128)) - Allocate a batch for localId, change lastId from 111677748019200000 to 111677748019201000.
2023-03-16 20:04:08,805 [Time-limited test] INFO  impl.MetricsSystemImpl (MetricsSystemImpl.java:init(158)) - XceiverClientMetrics metrics system started (again)
2023-03-16 20:04:08,956 [c86eb04d-3968-498e-b9b0-20c907963056@group-4B02C57A7040-FollowerState] INFO  impl.FollowerState (FollowerState.java:run(143)) - c86eb04d-3968-498e-b9b0-20c907963056@group-4B02C57A7040-FollowerState: change to CANDIDATE, lastRpcElapsedTime:5047823795ns, electionTimeout:5045ms
2023-03-16 20:04:08,956 [c86eb04d-3968-498e-b9b0-20c907963056@group-4B02C57A7040-FollowerState] INFO  impl.RoleInfo (RoleInfo.java:shutdownFollowerState(110)) - c86eb04d-3968-498e-b9b0-20c907963056: shutdown c86eb04d-3968-498e-b9b0-20c907963056@group-4B02C57A7040-FollowerState
2023-03-16 20:04:08,956 [c86eb04d-3968-498e-b9b0-20c907963056@group-4B02C57A7040-FollowerState] INFO  server.RaftServer$Division (RaftServerImpl.java:setRole(321)) - c86eb04d-3968-498e-b9b0-20c907963056@group-4B02C57A7040: changes role from  FOLLOWER to CANDIDATE at term 0 for changeToCandidate
2023-03-16 20:04:08,956 [c86eb04d-3968-498e-b9b0-20c907963056@group-4B02C57A7040-FollowerState] INFO  server.RaftServerConfigKeys (ConfUtils.java:logGet(46)) - raft.server.leaderelection.pre-vote = true (default)
2023-03-16 20:04:08,956 [c86eb04d-3968-498e-b9b0-20c907963056@group-4B02C57A7040-FollowerState] INFO  impl.RoleInfo (RoleInfo.java:updateAndGet(139)) - c86eb04d-3968-498e-b9b0-20c907963056: start c86eb04d-3968-498e-b9b0-20c907963056@group-4B02C57A7040-LeaderElection9
2023-03-16 20:04:08,962 [c86eb04d-3968-498e-b9b0-20c907963056@group-4B02C57A7040-LeaderElection9] INFO  impl.LeaderElection (LeaderElection.java:askForVotes(312)) - c86eb04d-3968-498e-b9b0-20c907963056@group-4B02C57A7040-LeaderElection9 PRE_VOTE round 0: submit vote requests at term 0 for -1: peers:[c86eb04d-3968-498e-b9b0-20c907963056|rpc:10.1.0.41:35363|dataStream:10.1.0.41:41741|priority:1|startupRole:FOLLOWER]|listeners:[], old=null
2023-03-16 20:04:08,963 [c86eb04d-3968-498e-b9b0-20c907963056@group-4B02C57A7040-LeaderElection9] INFO  impl.LeaderElection (LeaderElection.java:askForVotes(314)) - c86eb04d-3968-498e-b9b0-20c907963056@group-4B02C57A7040-LeaderElection9 PRE_VOTE round 0: result PASSED (term=0)
2023-03-16 20:04:08,966 [c86eb04d-3968-498e-b9b0-20c907963056@group-4B02C57A7040-LeaderElection9] INFO  impl.LeaderElection (LeaderElection.java:askForVotes(312)) - c86eb04d-3968-498e-b9b0-20c907963056@group-4B02C57A7040-LeaderElection9 ELECTION round 0: submit vote requests at term 1 for -1: peers:[c86eb04d-3968-498e-b9b0-20c907963056|rpc:10.1.0.41:35363|dataStream:10.1.0.41:41741|priority:1|startupRole:FOLLOWER]|listeners:[], old=null
2023-03-16 20:04:08,966 [c86eb04d-3968-498e-b9b0-20c907963056@group-4B02C57A7040-LeaderElection9] INFO  impl.LeaderElection (LeaderElection.java:askForVotes(314)) - c86eb04d-3968-498e-b9b0-20c907963056@group-4B02C57A7040-LeaderElection9 ELECTION round 0: result PASSED (term=1)
2023-03-16 20:04:08,966 [c86eb04d-3968-498e-b9b0-20c907963056@group-4B02C57A7040-LeaderElection9] INFO  impl.RoleInfo (RoleInfo.java:shutdownLeaderElection(130)) - c86eb04d-3968-498e-b9b0-20c907963056: shutdown c86eb04d-3968-498e-b9b0-20c907963056@group-4B02C57A7040-LeaderElection9
2023-03-16 20:04:08,966 [c86eb04d-3968-498e-b9b0-20c907963056@group-4B02C57A7040-LeaderElection9] INFO  server.RaftServer$Division (RaftServerImpl.java:setRole(321)) - c86eb04d-3968-498e-b9b0-20c907963056@group-4B02C57A7040: changes role from CANDIDATE to LEADER at term 1 for changeToLeader
2023-03-16 20:04:08,966 [c86eb04d-3968-498e-b9b0-20c907963056@group-4B02C57A7040-LeaderElection9] INFO  ratis.XceiverServerRatis (XceiverServerRatis.java:handleLeaderChangedNotification(905)) - Leader change notification received for group: group-4B02C57A7040 with new leaderId: c86eb04d-3968-498e-b9b0-20c907963056
2023-03-16 20:04:08,966 [c86eb04d-3968-498e-b9b0-20c907963056@group-4B02C57A7040-LeaderElection9] INFO  server.RaftServer$Division (ServerState.java:setLeader(313)) - c86eb04d-3968-498e-b9b0-20c907963056@group-4B02C57A7040: change Leader from null to c86eb04d-3968-498e-b9b0-20c907963056 at term 1 for becomeLeader, leader elected after 5082ms
2023-03-16 20:04:08,967 [c86eb04d-3968-498e-b9b0-20c907963056@group-4B02C57A7040-LeaderElection9] INFO  server.RaftServerConfigKeys (ConfUtils.java:logGet(46)) - raft.server.staging.catchup.gap = 1000 (default)
2023-03-16 20:04:08,967 [c86eb04d-3968-498e-b9b0-20c907963056@group-4B02C57A7040-LeaderElection9] INFO  server.RaftServerConfigKeys (ConfUtils.java:logGet(46)) - raft.server.write.element-limit = 1024 (custom)
2023-03-16 20:04:08,967 [c86eb04d-3968-498e-b9b0-20c907963056@group-4B02C57A7040-LeaderElection9] INFO  server.RaftServerConfigKeys (ConfUtils.java:logGet(46)) - raft.server.write.byte-limit = 1024 M (=1073741824) (custom)
2023-03-16 20:04:08,968 [c86eb04d-3968-498e-b9b0-20c907963056@group-4B02C57A7040-LeaderElection9] INFO  server.RaftServerConfigKeys (ConfUtils.java:logGet(46)) - raft.server.watch.timeout = 180s (custom)
2023-03-16 20:04:08,968 [c86eb04d-3968-498e-b9b0-20c907963056@group-4B02C57A7040-LeaderElection9] INFO  server.RaftServerConfigKeys (ConfUtils.java:logGet(46)) - raft.server.watch.timeout.denomination = 1s (default)
2023-03-16 20:04:08,968 [c86eb04d-3968-498e-b9b0-20c907963056@group-4B02C57A7040-LeaderElection9] INFO  server.RaftServerConfigKeys (ConfUtils.java:logGet(46)) - raft.server.watch.element-limit = 65536 (default)
2023-03-16 20:04:08,968 [c86eb04d-3968-498e-b9b0-20c907963056@group-4B02C57A7040-LeaderElection9] INFO  server.RaftServerConfigKeys (ConfUtils.java:logGet(46)) - raft.server.write.element-limit = 1024 (custom)
2023-03-16 20:04:08,968 [c86eb04d-3968-498e-b9b0-20c907963056@group-4B02C57A7040-LeaderElection9] INFO  server.RaftServerConfigKeys (ConfUtils.java:logGet(46)) - raft.server.write.follower.gap.ratio.max = -1.0 (default)
2023-03-16 20:04:08,968 [c86eb04d-3968-498e-b9b0-20c907963056@group-4B02C57A7040-LeaderElection9] INFO  impl.RoleInfo (RoleInfo.java:updateAndGet(139)) - c86eb04d-3968-498e-b9b0-20c907963056: start c86eb04d-3968-498e-b9b0-20c907963056@group-4B02C57A7040-LeaderStateImpl
2023-03-16 20:04:08,968 [c86eb04d-3968-498e-b9b0-20c907963056@group-4B02C57A7040-LeaderElection9] INFO  segmented.SegmentedRaftLogWorker (SegmentedRaftLogWorker.java:startLogSegment(452)) - c86eb04d-3968-498e-b9b0-20c907963056@group-4B02C57A7040-SegmentedRaftLogWorker: Starting segment from index:0
2023-03-16 20:04:08,971 [c86eb04d-3968-498e-b9b0-20c907963056@group-4B02C57A7040-SegmentedRaftLogWorker] INFO  segmented.SegmentedRaftLogWorker (SegmentedRaftLogWorker.java:execute(656)) - c86eb04d-3968-498e-b9b0-20c907963056@group-4B02C57A7040-SegmentedRaftLogWorker: created new log segment /home/runner/work/ozone/ozone/hadoop-ozone/integration-test/target/test-dir/MiniOzoneClusterImpl-77d2372e-e00f-46e1-a11d-7f7bb0f90484/datanode-4/data/ratis/9959b81f-9a90-4282-9160-4b02c57a7040/current/log_inprogress_0
2023-03-16 20:04:08,984 [c86eb04d-3968-498e-b9b0-20c907963056@group-4B02C57A7040-LeaderElection9] INFO  server.RaftServer$Division (ServerState.java:setRaftConf(430)) - c86eb04d-3968-498e-b9b0-20c907963056@group-4B02C57A7040: set configuration 0: peers:[c86eb04d-3968-498e-b9b0-20c907963056|rpc:10.1.0.41:35363|dataStream:10.1.0.41:41741|priority:1|startupRole:FOLLOWER]|listeners:[], old=null
20:04:09.671 [IPC Server handler 6 on default port 35091] ERROR OMAudit - user=runner | ip=127.0.0.1 | op=READ_KEY {volume=volume04068, bucket=bucket31801, key=file_notexist, dataSize=0, replicationConfig=null} | ret=FAILURE
org.apache.hadoop.ozone.om.exceptions.OMException: Key:file_notexist not found
	at org.apache.hadoop.ozone.om.KeyManagerImpl.readKeyInfo(KeyManagerImpl.java:427) ~[ozone-manager-1.4.0-SNAPSHOT.jar:?]
	at org.apache.hadoop.ozone.om.KeyManagerImpl.lambda$9(KeyManagerImpl.java:1931) ~[ozone-manager-1.4.0-SNAPSHOT.jar:?]
	at org.apache.hadoop.util.MetricUtil.captureLatencyNs(MetricUtil.java:36) ~[hdds-common-1.4.0-SNAPSHOT.jar:?]
	at org.apache.hadoop.ozone.om.KeyManagerImpl.getKeyInfo(KeyManagerImpl.java:1929) ~[ozone-manager-1.4.0-SNAPSHOT.jar:?]
	at org.apache.hadoop.ozone.om.OmMetadataReader.getKeyInfo(OmMetadataReader.java:211) ~[ozone-manager-1.4.0-SNAPSHOT.jar:?]
	at org.apache.hadoop.ozone.om.OzoneManager.getKeyInfo(OzoneManager.java:2810) ~[ozone-manager-1.4.0-SNAPSHOT.jar:?]
	at org.apache.hadoop.ozone.protocolPB.OzoneManagerRequestHandler.getKeyInfo(OzoneManagerRequestHandler.java:548) ~[ozone-manager-1.4.0-SNAPSHOT.jar:?]
	at org.apache.hadoop.ozone.protocolPB.OzoneManagerRequestHandler.handleReadRequest(OzoneManagerRequestHandler.java:292) ~[ozone-manager-1.4.0-SNAPSHOT.jar:?]
	at org.apache.hadoop.ozone.protocolPB.OzoneManagerProtocolServerSideTranslatorPB.submitReadRequestToOM(OzoneManagerProtocolServerSideTranslatorPB.java:223) ~[ozone-manager-1.4.0-SNAPSHOT.jar:?]
	at org.apache.hadoop.ozone.protocolPB.OzoneManagerProtocolServerSideTranslatorPB.processRequest(OzoneManagerProtocolServerSideTranslatorPB.java:177) ~[ozone-manager-1.4.0-SNAPSHOT.jar:?]
	at org.apache.hadoop.hdds.server.OzoneProtocolMessageDispatcher.processRequest(OzoneProtocolMessageDispatcher.java:87) [hdds-server-framework-1.4.0-SNAPSHOT.jar:?]
	at org.apache.hadoop.ozone.protocolPB.OzoneManagerProtocolServerSideTranslatorPB.submitRequest(OzoneManagerProtocolServerSideTranslatorPB.java:147) [ozone-manager-1.4.0-SNAPSHOT.jar:?]
	at org.apache.hadoop.ozone.protocol.proto.OzoneManagerProtocolProtos$OzoneManagerService$2.callBlockingMethod(OzoneManagerProtocolProtos.java) [ozone-interface-client-1.4.0-SNAPSHOT.jar:?]
	at org.apache.hadoop.ipc.ProtobufRpcEngine$Server.processCall(ProtobufRpcEngine.java:465) [hadoop-common-3.3.4.jar:?]
	at org.apache.hadoop.ipc.ProtobufRpcEngine2$Server$ProtoBufRpcInvoker.call(ProtobufRpcEngine2.java:578) [hadoop-common-3.3.4.jar:?]
	at org.apache.hadoop.ipc.ProtobufRpcEngine2$Server$ProtoBufRpcInvoker.call(ProtobufRpcEngine2.java:556) [hadoop-common-3.3.4.jar:?]
	at org.apache.hadoop.ipc.RPC$Server.call(RPC.java:1093) [hadoop-common-3.3.4.jar:?]
	at org.apache.hadoop.ipc.Server$RpcCall.run(Server.java:1043) [hadoop-common-3.3.4.jar:?]
	at org.apache.hadoop.ipc.Server$RpcCall.run(Server.java:971) [hadoop-common-3.3.4.jar:?]
	at java.security.AccessController.doPrivileged(Native Method) ~[?:1.8.0_362]
	at javax.security.auth.Subject.doAs(Subject.java:422) [?:1.8.0_362]
	at org.apache.hadoop.security.UserGroupInformation.doAs(UserGroupInformation.java:1878) [hadoop-common-3.3.4.jar:?]
	at org.apache.hadoop.ipc.Server$Handler.run(Server.java:2976) [hadoop-common-3.3.4.jar:?]
]]></system-out>
  </testcase>
  <testcase name="testSeekOnFileLength" classname="TestOzoneFileSystem" time="0.2">
    <system-out><![CDATA[2023-03-16 20:05:44,310 [IPC Server handler 0 on default port 46383] INFO  ha.SequenceIdGenerator (SequenceIdGenerator.java:getNextId(128)) - Allocate a batch for containerId, change lastId from 0 to 1000.
2023-03-16 20:05:44,310 [IPC Server handler 0 on default port 46383] WARN  ha.SequenceIdGenerator (SequenceIdGenerator.java:allocateBatch(237)) - Failed to allocate a batch for localId, expected lastId is 0, actual lastId is 111677748019200000.
2023-03-16 20:05:44,311 [IPC Server handler 0 on default port 46383] INFO  ha.SequenceIdGenerator (SequenceIdGenerator.java:getNextId(128)) - Allocate a batch for localId, change lastId from 111677748019200000 to 111677748019201000.
2023-03-16 20:05:44,388 [9af49bef-8086-45bf-a9fe-0593dfe94cbe@group-00AF5B0A5337-FollowerState] INFO  impl.FollowerState (FollowerState.java:run(143)) - 9af49bef-8086-45bf-a9fe-0593dfe94cbe@group-00AF5B0A5337-FollowerState: change to CANDIDATE, lastRpcElapsedTime:5154182813ns, electionTimeout:5145ms
2023-03-16 20:05:44,388 [9af49bef-8086-45bf-a9fe-0593dfe94cbe@group-00AF5B0A5337-FollowerState] INFO  impl.RoleInfo (RoleInfo.java:shutdownFollowerState(110)) - 9af49bef-8086-45bf-a9fe-0593dfe94cbe: shutdown 9af49bef-8086-45bf-a9fe-0593dfe94cbe@group-00AF5B0A5337-FollowerState
2023-03-16 20:05:44,388 [9af49bef-8086-45bf-a9fe-0593dfe94cbe@group-00AF5B0A5337-FollowerState] INFO  server.RaftServer$Division (RaftServerImpl.java:setRole(321)) - 9af49bef-8086-45bf-a9fe-0593dfe94cbe@group-00AF5B0A5337: changes role from  FOLLOWER to CANDIDATE at term 0 for changeToCandidate
2023-03-16 20:05:44,388 [9af49bef-8086-45bf-a9fe-0593dfe94cbe@group-00AF5B0A5337-FollowerState] INFO  server.RaftServerConfigKeys (ConfUtils.java:logGet(46)) - raft.server.leaderelection.pre-vote = true (default)
2023-03-16 20:05:44,388 [9af49bef-8086-45bf-a9fe-0593dfe94cbe@group-00AF5B0A5337-FollowerState] INFO  impl.RoleInfo (RoleInfo.java:updateAndGet(139)) - 9af49bef-8086-45bf-a9fe-0593dfe94cbe: start 9af49bef-8086-45bf-a9fe-0593dfe94cbe@group-00AF5B0A5337-LeaderElection18
2023-03-16 20:05:44,413 [9af49bef-8086-45bf-a9fe-0593dfe94cbe@group-00AF5B0A5337-LeaderElection18] INFO  impl.LeaderElection (LeaderElection.java:askForVotes(312)) - 9af49bef-8086-45bf-a9fe-0593dfe94cbe@group-00AF5B0A5337-LeaderElection18 PRE_VOTE round 0: submit vote requests at term 0 for -1: peers:[9af49bef-8086-45bf-a9fe-0593dfe94cbe|rpc:10.1.0.41:37907|dataStream:10.1.0.41:40125|priority:1|startupRole:FOLLOWER]|listeners:[], old=null
2023-03-16 20:05:44,413 [9af49bef-8086-45bf-a9fe-0593dfe94cbe@group-00AF5B0A5337-LeaderElection18] INFO  impl.LeaderElection (LeaderElection.java:askForVotes(314)) - 9af49bef-8086-45bf-a9fe-0593dfe94cbe@group-00AF5B0A5337-LeaderElection18 PRE_VOTE round 0: result PASSED (term=0)
2023-03-16 20:05:44,417 [9af49bef-8086-45bf-a9fe-0593dfe94cbe@group-00AF5B0A5337-LeaderElection18] INFO  impl.LeaderElection (LeaderElection.java:askForVotes(312)) - 9af49bef-8086-45bf-a9fe-0593dfe94cbe@group-00AF5B0A5337-LeaderElection18 ELECTION round 0: submit vote requests at term 1 for -1: peers:[9af49bef-8086-45bf-a9fe-0593dfe94cbe|rpc:10.1.0.41:37907|dataStream:10.1.0.41:40125|priority:1|startupRole:FOLLOWER]|listeners:[], old=null
2023-03-16 20:05:44,417 [9af49bef-8086-45bf-a9fe-0593dfe94cbe@group-00AF5B0A5337-LeaderElection18] INFO  impl.LeaderElection (LeaderElection.java:askForVotes(314)) - 9af49bef-8086-45bf-a9fe-0593dfe94cbe@group-00AF5B0A5337-LeaderElection18 ELECTION round 0: result PASSED (term=1)
2023-03-16 20:05:44,417 [9af49bef-8086-45bf-a9fe-0593dfe94cbe@group-00AF5B0A5337-LeaderElection18] INFO  impl.RoleInfo (RoleInfo.java:shutdownLeaderElection(130)) - 9af49bef-8086-45bf-a9fe-0593dfe94cbe: shutdown 9af49bef-8086-45bf-a9fe-0593dfe94cbe@group-00AF5B0A5337-LeaderElection18
2023-03-16 20:05:44,417 [9af49bef-8086-45bf-a9fe-0593dfe94cbe@group-00AF5B0A5337-LeaderElection18] INFO  server.RaftServer$Division (RaftServerImpl.java:setRole(321)) - 9af49bef-8086-45bf-a9fe-0593dfe94cbe@group-00AF5B0A5337: changes role from CANDIDATE to LEADER at term 1 for changeToLeader
2023-03-16 20:05:44,417 [9af49bef-8086-45bf-a9fe-0593dfe94cbe@group-00AF5B0A5337-LeaderElection18] INFO  ratis.XceiverServerRatis (XceiverServerRatis.java:handleLeaderChangedNotification(905)) - Leader change notification received for group: group-00AF5B0A5337 with new leaderId: 9af49bef-8086-45bf-a9fe-0593dfe94cbe
2023-03-16 20:05:44,418 [9af49bef-8086-45bf-a9fe-0593dfe94cbe@group-00AF5B0A5337-LeaderElection18] INFO  server.RaftServer$Division (ServerState.java:setLeader(313)) - 9af49bef-8086-45bf-a9fe-0593dfe94cbe@group-00AF5B0A5337: change Leader from null to 9af49bef-8086-45bf-a9fe-0593dfe94cbe at term 1 for becomeLeader, leader elected after 5212ms
2023-03-16 20:05:44,418 [9af49bef-8086-45bf-a9fe-0593dfe94cbe@group-00AF5B0A5337-LeaderElection18] INFO  server.RaftServerConfigKeys (ConfUtils.java:logGet(46)) - raft.server.staging.catchup.gap = 1000 (default)
2023-03-16 20:05:44,418 [9af49bef-8086-45bf-a9fe-0593dfe94cbe@group-00AF5B0A5337-LeaderElection18] INFO  server.RaftServerConfigKeys (ConfUtils.java:logGet(46)) - raft.server.write.element-limit = 1024 (custom)
2023-03-16 20:05:44,418 [9af49bef-8086-45bf-a9fe-0593dfe94cbe@group-00AF5B0A5337-LeaderElection18] INFO  server.RaftServerConfigKeys (ConfUtils.java:logGet(46)) - raft.server.write.byte-limit = 1024 M (=1073741824) (custom)
2023-03-16 20:05:44,421 [9af49bef-8086-45bf-a9fe-0593dfe94cbe@group-00AF5B0A5337-LeaderElection18] INFO  server.RaftServerConfigKeys (ConfUtils.java:logGet(46)) - raft.server.watch.timeout = 180s (custom)
2023-03-16 20:05:44,421 [9af49bef-8086-45bf-a9fe-0593dfe94cbe@group-00AF5B0A5337-LeaderElection18] INFO  server.RaftServerConfigKeys (ConfUtils.java:logGet(46)) - raft.server.watch.timeout.denomination = 1s (default)
2023-03-16 20:05:44,421 [9af49bef-8086-45bf-a9fe-0593dfe94cbe@group-00AF5B0A5337-LeaderElection18] INFO  server.RaftServerConfigKeys (ConfUtils.java:logGet(46)) - raft.server.watch.element-limit = 65536 (default)
2023-03-16 20:05:44,421 [9af49bef-8086-45bf-a9fe-0593dfe94cbe@group-00AF5B0A5337-LeaderElection18] INFO  server.RaftServerConfigKeys (ConfUtils.java:logGet(46)) - raft.server.write.element-limit = 1024 (custom)
2023-03-16 20:05:44,422 [9af49bef-8086-45bf-a9fe-0593dfe94cbe@group-00AF5B0A5337-LeaderElection18] INFO  server.RaftServerConfigKeys (ConfUtils.java:logGet(46)) - raft.server.write.follower.gap.ratio.max = -1.0 (default)
2023-03-16 20:05:44,422 [9af49bef-8086-45bf-a9fe-0593dfe94cbe@group-00AF5B0A5337-LeaderElection18] INFO  impl.RoleInfo (RoleInfo.java:updateAndGet(139)) - 9af49bef-8086-45bf-a9fe-0593dfe94cbe: start 9af49bef-8086-45bf-a9fe-0593dfe94cbe@group-00AF5B0A5337-LeaderStateImpl
2023-03-16 20:05:44,422 [9af49bef-8086-45bf-a9fe-0593dfe94cbe@group-00AF5B0A5337-LeaderElection18] INFO  segmented.SegmentedRaftLogWorker (SegmentedRaftLogWorker.java:startLogSegment(452)) - 9af49bef-8086-45bf-a9fe-0593dfe94cbe@group-00AF5B0A5337-SegmentedRaftLogWorker: Starting segment from index:0
2023-03-16 20:05:44,428 [9af49bef-8086-45bf-a9fe-0593dfe94cbe@group-00AF5B0A5337-SegmentedRaftLogWorker] INFO  segmented.SegmentedRaftLogWorker (SegmentedRaftLogWorker.java:execute(656)) - 9af49bef-8086-45bf-a9fe-0593dfe94cbe@group-00AF5B0A5337-SegmentedRaftLogWorker: created new log segment /home/runner/work/ozone/ozone/hadoop-ozone/integration-test/target/test-dir/MiniOzoneClusterImpl-c7341fe8-f2e3-4722-9e04-a1c7dbed4fc1/datanode-4/data/ratis/40e28f42-f4f4-4582-a541-00af5b0a5337/current/log_inprogress_0
2023-03-16 20:05:44,436 [9af49bef-8086-45bf-a9fe-0593dfe94cbe@group-00AF5B0A5337-LeaderElection18] INFO  server.RaftServer$Division (ServerState.java:setRaftConf(430)) - 9af49bef-8086-45bf-a9fe-0593dfe94cbe@group-00AF5B0A5337: set configuration 0: peers:[9af49bef-8086-45bf-a9fe-0593dfe94cbe|rpc:10.1.0.41:37907|dataStream:10.1.0.41:40125|priority:1|startupRole:FOLLOWER]|listeners:[], old=null
20:05:44.490 [IPC Server handler 3 on default port 40321] ERROR OMAudit - user=runner | ip=127.0.0.1 | op=READ_KEY {volume=volume45206, bucket=bucket25127, key=file_notexist, dataSize=0, replicationConfig=null} | ret=FAILURE
org.apache.hadoop.ozone.om.exceptions.OMException: Key:file_notexist not found
	at org.apache.hadoop.ozone.om.KeyManagerImpl.readKeyInfo(KeyManagerImpl.java:427) ~[ozone-manager-1.4.0-SNAPSHOT.jar:?]
	at org.apache.hadoop.ozone.om.KeyManagerImpl.lambda$9(KeyManagerImpl.java:1931) ~[ozone-manager-1.4.0-SNAPSHOT.jar:?]
	at org.apache.hadoop.util.MetricUtil.captureLatencyNs(MetricUtil.java:36) ~[hdds-common-1.4.0-SNAPSHOT.jar:?]
	at org.apache.hadoop.ozone.om.KeyManagerImpl.getKeyInfo(KeyManagerImpl.java:1929) ~[ozone-manager-1.4.0-SNAPSHOT.jar:?]
	at org.apache.hadoop.ozone.om.OmMetadataReader.getKeyInfo(OmMetadataReader.java:211) ~[ozone-manager-1.4.0-SNAPSHOT.jar:?]
	at org.apache.hadoop.ozone.om.OzoneManager.getKeyInfo(OzoneManager.java:2810) ~[ozone-manager-1.4.0-SNAPSHOT.jar:?]
	at org.apache.hadoop.ozone.protocolPB.OzoneManagerRequestHandler.getKeyInfo(OzoneManagerRequestHandler.java:548) ~[ozone-manager-1.4.0-SNAPSHOT.jar:?]
	at org.apache.hadoop.ozone.protocolPB.OzoneManagerRequestHandler.handleReadRequest(OzoneManagerRequestHandler.java:292) ~[ozone-manager-1.4.0-SNAPSHOT.jar:?]
	at org.apache.hadoop.ozone.protocolPB.OzoneManagerProtocolServerSideTranslatorPB.submitRequestDirectlyToOM(OzoneManagerProtocolServerSideTranslatorPB.java:272) ~[ozone-manager-1.4.0-SNAPSHOT.jar:?]
	at org.apache.hadoop.ozone.protocolPB.OzoneManagerProtocolServerSideTranslatorPB.processRequest(OzoneManagerProtocolServerSideTranslatorPB.java:173) ~[ozone-manager-1.4.0-SNAPSHOT.jar:?]
	at org.apache.hadoop.hdds.server.OzoneProtocolMessageDispatcher.processRequest(OzoneProtocolMessageDispatcher.java:87) [hdds-server-framework-1.4.0-SNAPSHOT.jar:?]
	at org.apache.hadoop.ozone.protocolPB.OzoneManagerProtocolServerSideTranslatorPB.submitRequest(OzoneManagerProtocolServerSideTranslatorPB.java:147) [ozone-manager-1.4.0-SNAPSHOT.jar:?]
	at org.apache.hadoop.ozone.protocol.proto.OzoneManagerProtocolProtos$OzoneManagerService$2.callBlockingMethod(OzoneManagerProtocolProtos.java) [ozone-interface-client-1.4.0-SNAPSHOT.jar:?]
	at org.apache.hadoop.ipc.ProtobufRpcEngine$Server.processCall(ProtobufRpcEngine.java:465) [hadoop-common-3.3.4.jar:?]
	at org.apache.hadoop.ipc.ProtobufRpcEngine2$Server$ProtoBufRpcInvoker.call(ProtobufRpcEngine2.java:578) [hadoop-common-3.3.4.jar:?]
	at org.apache.hadoop.ipc.ProtobufRpcEngine2$Server$ProtoBufRpcInvoker.call(ProtobufRpcEngine2.java:556) [hadoop-common-3.3.4.jar:?]
	at org.apache.hadoop.ipc.RPC$Server.call(RPC.java:1093) [hadoop-common-3.3.4.jar:?]
	at org.apache.hadoop.ipc.Server$RpcCall.run(Server.java:1043) [hadoop-common-3.3.4.jar:?]
	at org.apache.hadoop.ipc.Server$RpcCall.run(Server.java:971) [hadoop-common-3.3.4.jar:?]
	at java.security.AccessController.doPrivileged(Native Method) ~[?:1.8.0_362]
	at javax.security.auth.Subject.doAs(Subject.java:422) [?:1.8.0_362]
	at org.apache.hadoop.security.UserGroupInformation.doAs(UserGroupInformation.java:1878) [hadoop-common-3.3.4.jar:?]
	at org.apache.hadoop.ipc.Server$Handler.run(Server.java:2976) [hadoop-common-3.3.4.jar:?]
]]></system-out>
  </testcase>
  <testcase name="testSeekOnFileLength" classname="TestOzoneFileSystem" time="0.141">
    <system-out><![CDATA[2023-03-16 20:06:49,312 [IPC Server handler 4 on default port 45515] INFO  ha.SequenceIdGenerator (SequenceIdGenerator.java:getNextId(128)) - Allocate a batch for containerId, change lastId from 0 to 1000.
2023-03-16 20:06:49,313 [IPC Server handler 4 on default port 45515] WARN  ha.SequenceIdGenerator (SequenceIdGenerator.java:allocateBatch(237)) - Failed to allocate a batch for localId, expected lastId is 0, actual lastId is 111677748019200000.
2023-03-16 20:06:49,313 [IPC Server handler 4 on default port 45515] INFO  ha.SequenceIdGenerator (SequenceIdGenerator.java:getNextId(128)) - Allocate a batch for localId, change lastId from 111677748019200000 to 111677748019201000.
20:06:49.434 [IPC Server handler 1 on default port 37437] ERROR OMAudit - user=runner | ip=127.0.0.1 | op=READ_KEY {volume=volume46233, bucket=bucket02547, key=file_notexist, dataSize=0, replicationConfig=null} | ret=FAILURE
org.apache.hadoop.ozone.om.exceptions.OMException: Key:file_notexist not found
	at org.apache.hadoop.ozone.om.KeyManagerImpl.readKeyInfo(KeyManagerImpl.java:427) ~[ozone-manager-1.4.0-SNAPSHOT.jar:?]
	at org.apache.hadoop.ozone.om.KeyManagerImpl.lambda$9(KeyManagerImpl.java:1931) ~[ozone-manager-1.4.0-SNAPSHOT.jar:?]
	at org.apache.hadoop.util.MetricUtil.captureLatencyNs(MetricUtil.java:36) ~[hdds-common-1.4.0-SNAPSHOT.jar:?]
	at org.apache.hadoop.ozone.om.KeyManagerImpl.getKeyInfo(KeyManagerImpl.java:1929) ~[ozone-manager-1.4.0-SNAPSHOT.jar:?]
	at org.apache.hadoop.ozone.om.OmMetadataReader.getKeyInfo(OmMetadataReader.java:211) ~[ozone-manager-1.4.0-SNAPSHOT.jar:?]
	at org.apache.hadoop.ozone.om.OzoneManager.getKeyInfo(OzoneManager.java:2810) ~[ozone-manager-1.4.0-SNAPSHOT.jar:?]
	at org.apache.hadoop.ozone.protocolPB.OzoneManagerRequestHandler.getKeyInfo(OzoneManagerRequestHandler.java:548) ~[ozone-manager-1.4.0-SNAPSHOT.jar:?]
	at org.apache.hadoop.ozone.protocolPB.OzoneManagerRequestHandler.handleReadRequest(OzoneManagerRequestHandler.java:292) ~[ozone-manager-1.4.0-SNAPSHOT.jar:?]
	at org.apache.hadoop.ozone.protocolPB.OzoneManagerProtocolServerSideTranslatorPB.submitReadRequestToOM(OzoneManagerProtocolServerSideTranslatorPB.java:223) ~[ozone-manager-1.4.0-SNAPSHOT.jar:?]
	at org.apache.hadoop.ozone.protocolPB.OzoneManagerProtocolServerSideTranslatorPB.processRequest(OzoneManagerProtocolServerSideTranslatorPB.java:177) ~[ozone-manager-1.4.0-SNAPSHOT.jar:?]
	at org.apache.hadoop.hdds.server.OzoneProtocolMessageDispatcher.processRequest(OzoneProtocolMessageDispatcher.java:87) [hdds-server-framework-1.4.0-SNAPSHOT.jar:?]
	at org.apache.hadoop.ozone.protocolPB.OzoneManagerProtocolServerSideTranslatorPB.submitRequest(OzoneManagerProtocolServerSideTranslatorPB.java:147) [ozone-manager-1.4.0-SNAPSHOT.jar:?]
	at org.apache.hadoop.ozone.protocol.proto.OzoneManagerProtocolProtos$OzoneManagerService$2.callBlockingMethod(OzoneManagerProtocolProtos.java) [ozone-interface-client-1.4.0-SNAPSHOT.jar:?]
	at org.apache.hadoop.ipc.ProtobufRpcEngine$Server.processCall(ProtobufRpcEngine.java:465) [hadoop-common-3.3.4.jar:?]
	at org.apache.hadoop.ipc.ProtobufRpcEngine2$Server$ProtoBufRpcInvoker.call(ProtobufRpcEngine2.java:578) [hadoop-common-3.3.4.jar:?]
	at org.apache.hadoop.ipc.ProtobufRpcEngine2$Server$ProtoBufRpcInvoker.call(ProtobufRpcEngine2.java:556) [hadoop-common-3.3.4.jar:?]
	at org.apache.hadoop.ipc.RPC$Server.call(RPC.java:1093) [hadoop-common-3.3.4.jar:?]
	at org.apache.hadoop.ipc.Server$RpcCall.run(Server.java:1043) [hadoop-common-3.3.4.jar:?]
	at org.apache.hadoop.ipc.Server$RpcCall.run(Server.java:971) [hadoop-common-3.3.4.jar:?]
	at java.security.AccessController.doPrivileged(Native Method) ~[?:1.8.0_362]
	at javax.security.auth.Subject.doAs(Subject.java:422) [?:1.8.0_362]
	at org.apache.hadoop.security.UserGroupInformation.doAs(UserGroupInformation.java:1878) [hadoop-common-3.3.4.jar:?]
	at org.apache.hadoop.ipc.Server$Handler.run(Server.java:2976) [hadoop-common-3.3.4.jar:?]
]]></system-out>
  </testcase>
  <testcase name="testSeekOnFileLength" classname="TestOzoneFileSystem" time="0.159">
    <system-out><![CDATA[2023-03-16 20:08:08,220 [IPC Server handler 2 on default port 40921] INFO  ha.SequenceIdGenerator (SequenceIdGenerator.java:getNextId(128)) - Allocate a batch for containerId, change lastId from 0 to 1000.
2023-03-16 20:08:08,221 [IPC Server handler 2 on default port 40921] WARN  ha.SequenceIdGenerator (SequenceIdGenerator.java:allocateBatch(237)) - Failed to allocate a batch for localId, expected lastId is 0, actual lastId is 111677748019200000.
2023-03-16 20:08:08,221 [IPC Server handler 2 on default port 40921] INFO  ha.SequenceIdGenerator (SequenceIdGenerator.java:getNextId(128)) - Allocate a batch for localId, change lastId from 111677748019200000 to 111677748019201000.
2023-03-16 20:08:08,302 [5bf8ace6-d9a7-430b-8471-debd47753f31@group-771EC73AF0D4-FollowerState] INFO  impl.FollowerState (FollowerState.java:run(143)) - 5bf8ace6-d9a7-430b-8471-debd47753f31@group-771EC73AF0D4-FollowerState: change to CANDIDATE, lastRpcElapsedTime:5053581530ns, electionTimeout:5053ms
2023-03-16 20:08:08,302 [5bf8ace6-d9a7-430b-8471-debd47753f31@group-771EC73AF0D4-FollowerState] INFO  impl.RoleInfo (RoleInfo.java:shutdownFollowerState(110)) - 5bf8ace6-d9a7-430b-8471-debd47753f31: shutdown 5bf8ace6-d9a7-430b-8471-debd47753f31@group-771EC73AF0D4-FollowerState
2023-03-16 20:08:08,302 [5bf8ace6-d9a7-430b-8471-debd47753f31@group-771EC73AF0D4-FollowerState] INFO  server.RaftServer$Division (RaftServerImpl.java:setRole(321)) - 5bf8ace6-d9a7-430b-8471-debd47753f31@group-771EC73AF0D4: changes role from  FOLLOWER to CANDIDATE at term 0 for changeToCandidate
2023-03-16 20:08:08,317 [5bf8ace6-d9a7-430b-8471-debd47753f31@group-771EC73AF0D4-FollowerState] INFO  server.RaftServerConfigKeys (ConfUtils.java:logGet(46)) - raft.server.leaderelection.pre-vote = true (default)
2023-03-16 20:08:08,317 [5bf8ace6-d9a7-430b-8471-debd47753f31@group-771EC73AF0D4-FollowerState] INFO  impl.RoleInfo (RoleInfo.java:updateAndGet(139)) - 5bf8ace6-d9a7-430b-8471-debd47753f31: start 5bf8ace6-d9a7-430b-8471-debd47753f31@group-771EC73AF0D4-LeaderElection34
2023-03-16 20:08:08,323 [5bf8ace6-d9a7-430b-8471-debd47753f31@group-771EC73AF0D4-LeaderElection34] INFO  impl.LeaderElection (LeaderElection.java:askForVotes(312)) - 5bf8ace6-d9a7-430b-8471-debd47753f31@group-771EC73AF0D4-LeaderElection34 PRE_VOTE round 0: submit vote requests at term 0 for -1: peers:[5bf8ace6-d9a7-430b-8471-debd47753f31|rpc:10.1.0.41:46469|dataStream:10.1.0.41:34659|priority:1|startupRole:FOLLOWER]|listeners:[], old=null
2023-03-16 20:08:08,323 [5bf8ace6-d9a7-430b-8471-debd47753f31@group-771EC73AF0D4-LeaderElection34] INFO  impl.LeaderElection (LeaderElection.java:askForVotes(314)) - 5bf8ace6-d9a7-430b-8471-debd47753f31@group-771EC73AF0D4-LeaderElection34 PRE_VOTE round 0: result PASSED (term=0)
2023-03-16 20:08:08,331 [5bf8ace6-d9a7-430b-8471-debd47753f31@group-771EC73AF0D4-LeaderElection34] INFO  impl.LeaderElection (LeaderElection.java:askForVotes(312)) - 5bf8ace6-d9a7-430b-8471-debd47753f31@group-771EC73AF0D4-LeaderElection34 ELECTION round 0: submit vote requests at term 1 for -1: peers:[5bf8ace6-d9a7-430b-8471-debd47753f31|rpc:10.1.0.41:46469|dataStream:10.1.0.41:34659|priority:1|startupRole:FOLLOWER]|listeners:[], old=null
2023-03-16 20:08:08,331 [5bf8ace6-d9a7-430b-8471-debd47753f31@group-771EC73AF0D4-LeaderElection34] INFO  impl.LeaderElection (LeaderElection.java:askForVotes(314)) - 5bf8ace6-d9a7-430b-8471-debd47753f31@group-771EC73AF0D4-LeaderElection34 ELECTION round 0: result PASSED (term=1)
2023-03-16 20:08:08,331 [5bf8ace6-d9a7-430b-8471-debd47753f31@group-771EC73AF0D4-LeaderElection34] INFO  impl.RoleInfo (RoleInfo.java:shutdownLeaderElection(130)) - 5bf8ace6-d9a7-430b-8471-debd47753f31: shutdown 5bf8ace6-d9a7-430b-8471-debd47753f31@group-771EC73AF0D4-LeaderElection34
2023-03-16 20:08:08,331 [5bf8ace6-d9a7-430b-8471-debd47753f31@group-771EC73AF0D4-LeaderElection34] INFO  server.RaftServer$Division (RaftServerImpl.java:setRole(321)) - 5bf8ace6-d9a7-430b-8471-debd47753f31@group-771EC73AF0D4: changes role from CANDIDATE to LEADER at term 1 for changeToLeader
2023-03-16 20:08:08,332 [5bf8ace6-d9a7-430b-8471-debd47753f31@group-771EC73AF0D4-LeaderElection34] INFO  ratis.XceiverServerRatis (XceiverServerRatis.java:handleLeaderChangedNotification(905)) - Leader change notification received for group: group-771EC73AF0D4 with new leaderId: 5bf8ace6-d9a7-430b-8471-debd47753f31
2023-03-16 20:08:08,332 [5bf8ace6-d9a7-430b-8471-debd47753f31@group-771EC73AF0D4-LeaderElection34] INFO  server.RaftServer$Division (ServerState.java:setLeader(313)) - 5bf8ace6-d9a7-430b-8471-debd47753f31@group-771EC73AF0D4: change Leader from null to 5bf8ace6-d9a7-430b-8471-debd47753f31 at term 1 for becomeLeader, leader elected after 5098ms
2023-03-16 20:08:08,332 [5bf8ace6-d9a7-430b-8471-debd47753f31@group-771EC73AF0D4-LeaderElection34] INFO  server.RaftServerConfigKeys (ConfUtils.java:logGet(46)) - raft.server.staging.catchup.gap = 1000 (default)
2023-03-16 20:08:08,332 [5bf8ace6-d9a7-430b-8471-debd47753f31@group-771EC73AF0D4-LeaderElection34] INFO  server.RaftServerConfigKeys (ConfUtils.java:logGet(46)) - raft.server.write.element-limit = 1024 (custom)
2023-03-16 20:08:08,332 [5bf8ace6-d9a7-430b-8471-debd47753f31@group-771EC73AF0D4-LeaderElection34] INFO  server.RaftServerConfigKeys (ConfUtils.java:logGet(46)) - raft.server.write.byte-limit = 1024 M (=1073741824) (custom)
2023-03-16 20:08:08,334 [5bf8ace6-d9a7-430b-8471-debd47753f31@group-771EC73AF0D4-LeaderElection34] INFO  server.RaftServerConfigKeys (ConfUtils.java:logGet(46)) - raft.server.watch.timeout = 180s (custom)
2023-03-16 20:08:08,334 [5bf8ace6-d9a7-430b-8471-debd47753f31@group-771EC73AF0D4-LeaderElection34] INFO  server.RaftServerConfigKeys (ConfUtils.java:logGet(46)) - raft.server.watch.timeout.denomination = 1s (default)
2023-03-16 20:08:08,334 [5bf8ace6-d9a7-430b-8471-debd47753f31@group-771EC73AF0D4-LeaderElection34] INFO  server.RaftServerConfigKeys (ConfUtils.java:logGet(46)) - raft.server.watch.element-limit = 65536 (default)
2023-03-16 20:08:08,334 [5bf8ace6-d9a7-430b-8471-debd47753f31@group-771EC73AF0D4-LeaderElection34] INFO  server.RaftServerConfigKeys (ConfUtils.java:logGet(46)) - raft.server.write.element-limit = 1024 (custom)
2023-03-16 20:08:08,334 [5bf8ace6-d9a7-430b-8471-debd47753f31@group-771EC73AF0D4-LeaderElection34] INFO  server.RaftServerConfigKeys (ConfUtils.java:logGet(46)) - raft.server.write.follower.gap.ratio.max = -1.0 (default)
2023-03-16 20:08:08,334 [5bf8ace6-d9a7-430b-8471-debd47753f31@group-771EC73AF0D4-LeaderElection34] INFO  impl.RoleInfo (RoleInfo.java:updateAndGet(139)) - 5bf8ace6-d9a7-430b-8471-debd47753f31: start 5bf8ace6-d9a7-430b-8471-debd47753f31@group-771EC73AF0D4-LeaderStateImpl
2023-03-16 20:08:08,335 [5bf8ace6-d9a7-430b-8471-debd47753f31@group-771EC73AF0D4-LeaderElection34] INFO  segmented.SegmentedRaftLogWorker (SegmentedRaftLogWorker.java:startLogSegment(452)) - 5bf8ace6-d9a7-430b-8471-debd47753f31@group-771EC73AF0D4-SegmentedRaftLogWorker: Starting segment from index:0
2023-03-16 20:08:08,337 [5bf8ace6-d9a7-430b-8471-debd47753f31@group-771EC73AF0D4-LeaderElection34] INFO  server.RaftServer$Division (ServerState.java:setRaftConf(430)) - 5bf8ace6-d9a7-430b-8471-debd47753f31@group-771EC73AF0D4: set configuration 0: peers:[5bf8ace6-d9a7-430b-8471-debd47753f31|rpc:10.1.0.41:46469|dataStream:10.1.0.41:34659|priority:1|startupRole:FOLLOWER]|listeners:[], old=null
2023-03-16 20:08:08,339 [5bf8ace6-d9a7-430b-8471-debd47753f31@group-771EC73AF0D4-SegmentedRaftLogWorker] INFO  segmented.SegmentedRaftLogWorker (SegmentedRaftLogWorker.java:execute(656)) - 5bf8ace6-d9a7-430b-8471-debd47753f31@group-771EC73AF0D4-SegmentedRaftLogWorker: created new log segment /home/runner/work/ozone/ozone/hadoop-ozone/integration-test/target/test-dir/MiniOzoneClusterImpl-8f5ebca4-26a9-4ef6-bfab-4eeb6746d3a8/datanode-2/data/ratis/1b9ee310-7893-49dc-b0a9-771ec73af0d4/current/log_inprogress_0
20:08:08.364 [IPC Server handler 14 on default port 41725] ERROR OMAudit - user=runner | ip=127.0.0.1 | op=READ_KEY {volume=volume10450, bucket=bucket92716, key=file_notexist, dataSize=0, replicationConfig=null} | ret=FAILURE
org.apache.hadoop.ozone.om.exceptions.OMException: Key:file_notexist not found
	at org.apache.hadoop.ozone.om.KeyManagerImpl.readKeyInfo(KeyManagerImpl.java:427) ~[ozone-manager-1.4.0-SNAPSHOT.jar:?]
	at org.apache.hadoop.ozone.om.KeyManagerImpl.lambda$9(KeyManagerImpl.java:1931) ~[ozone-manager-1.4.0-SNAPSHOT.jar:?]
	at org.apache.hadoop.util.MetricUtil.captureLatencyNs(MetricUtil.java:36) ~[hdds-common-1.4.0-SNAPSHOT.jar:?]
	at org.apache.hadoop.ozone.om.KeyManagerImpl.getKeyInfo(KeyManagerImpl.java:1929) ~[ozone-manager-1.4.0-SNAPSHOT.jar:?]
	at org.apache.hadoop.ozone.om.OmMetadataReader.getKeyInfo(OmMetadataReader.java:211) ~[ozone-manager-1.4.0-SNAPSHOT.jar:?]
	at org.apache.hadoop.ozone.om.OzoneManager.getKeyInfo(OzoneManager.java:2810) ~[ozone-manager-1.4.0-SNAPSHOT.jar:?]
	at org.apache.hadoop.ozone.protocolPB.OzoneManagerRequestHandler.getKeyInfo(OzoneManagerRequestHandler.java:548) ~[ozone-manager-1.4.0-SNAPSHOT.jar:?]
	at org.apache.hadoop.ozone.protocolPB.OzoneManagerRequestHandler.handleReadRequest(OzoneManagerRequestHandler.java:292) ~[ozone-manager-1.4.0-SNAPSHOT.jar:?]
	at org.apache.hadoop.ozone.protocolPB.OzoneManagerProtocolServerSideTranslatorPB.submitRequestDirectlyToOM(OzoneManagerProtocolServerSideTranslatorPB.java:272) ~[ozone-manager-1.4.0-SNAPSHOT.jar:?]
	at org.apache.hadoop.ozone.protocolPB.OzoneManagerProtocolServerSideTranslatorPB.processRequest(OzoneManagerProtocolServerSideTranslatorPB.java:173) ~[ozone-manager-1.4.0-SNAPSHOT.jar:?]
	at org.apache.hadoop.hdds.server.OzoneProtocolMessageDispatcher.processRequest(OzoneProtocolMessageDispatcher.java:87) [hdds-server-framework-1.4.0-SNAPSHOT.jar:?]
	at org.apache.hadoop.ozone.protocolPB.OzoneManagerProtocolServerSideTranslatorPB.submitRequest(OzoneManagerProtocolServerSideTranslatorPB.java:147) [ozone-manager-1.4.0-SNAPSHOT.jar:?]
	at org.apache.hadoop.ozone.protocol.proto.OzoneManagerProtocolProtos$OzoneManagerService$2.callBlockingMethod(OzoneManagerProtocolProtos.java) [ozone-interface-client-1.4.0-SNAPSHOT.jar:?]
	at org.apache.hadoop.ipc.ProtobufRpcEngine$Server.processCall(ProtobufRpcEngine.java:465) [hadoop-common-3.3.4.jar:?]
	at org.apache.hadoop.ipc.ProtobufRpcEngine2$Server$ProtoBufRpcInvoker.call(ProtobufRpcEngine2.java:578) [hadoop-common-3.3.4.jar:?]
	at org.apache.hadoop.ipc.ProtobufRpcEngine2$Server$ProtoBufRpcInvoker.call(ProtobufRpcEngine2.java:556) [hadoop-common-3.3.4.jar:?]
	at org.apache.hadoop.ipc.RPC$Server.call(RPC.java:1093) [hadoop-common-3.3.4.jar:?]
	at org.apache.hadoop.ipc.Server$RpcCall.run(Server.java:1043) [hadoop-common-3.3.4.jar:?]
	at org.apache.hadoop.ipc.Server$RpcCall.run(Server.java:971) [hadoop-common-3.3.4.jar:?]
	at java.security.AccessController.doPrivileged(Native Method) ~[?:1.8.0_362]
	at javax.security.auth.Subject.doAs(Subject.java:422) [?:1.8.0_362]
	at org.apache.hadoop.security.UserGroupInformation.doAs(UserGroupInformation.java:1878) [hadoop-common-3.3.4.jar:?]
	at org.apache.hadoop.ipc.Server$Handler.run(Server.java:2976) [hadoop-common-3.3.4.jar:?]
]]></system-out>
  </testcase>
  <testcase name="testRenameFile" classname="TestOzoneFileSystem" time="0.236">
    <system-out><![CDATA[2023-03-16 20:04:09,771 [OM StateMachine ApplyTransaction Thread - 0] INFO  key.OMKeyRequest (OMKeyRequest.java:wrapUncommittedBlocksAsPseudoKey(838)) - Detect allocated but uncommitted blocks [{blockID={containerID=2, localID=111677748019200002}, length=4194304, offset=0, token=null, pipeline=null, createVersion=0, partNumber=0}] in key root/file1_Copy.
20:04:09.783 [IPC Server handler 7 on default port 35091] ERROR OMAudit - user=runner | ip=127.0.0.1 | op=GET_FILE_STATUS {volume=volume04068, bucket=bucket31801, key=root/file1, dataSize=0, replicationConfig=null} | ret=FAILURE
org.apache.hadoop.ozone.om.exceptions.OMException: Unable to get file status: volume: volume04068 bucket: bucket31801 key: root/file1
	at org.apache.hadoop.ozone.om.KeyManagerImpl.getOzoneFileStatus(KeyManagerImpl.java:1196) ~[ozone-manager-1.4.0-SNAPSHOT.jar:?]
	at org.apache.hadoop.ozone.om.KeyManagerImpl.getFileStatus(KeyManagerImpl.java:1114) ~[ozone-manager-1.4.0-SNAPSHOT.jar:?]
	at org.apache.hadoop.ozone.om.OmMetadataReader.getFileStatus(OmMetadataReader.java:288) ~[ozone-manager-1.4.0-SNAPSHOT.jar:?]
	at org.apache.hadoop.ozone.om.OzoneManager.getFileStatus(OzoneManager.java:3494) ~[ozone-manager-1.4.0-SNAPSHOT.jar:?]
	at org.apache.hadoop.ozone.protocolPB.OzoneManagerRequestHandler.getOzoneFileStatus(OzoneManagerRequestHandler.java:933) ~[ozone-manager-1.4.0-SNAPSHOT.jar:?]
	at org.apache.hadoop.ozone.protocolPB.OzoneManagerRequestHandler.handleReadRequest(OzoneManagerRequestHandler.java:238) ~[ozone-manager-1.4.0-SNAPSHOT.jar:?]
	at org.apache.hadoop.ozone.protocolPB.OzoneManagerProtocolServerSideTranslatorPB.submitReadRequestToOM(OzoneManagerProtocolServerSideTranslatorPB.java:223) ~[ozone-manager-1.4.0-SNAPSHOT.jar:?]
	at org.apache.hadoop.ozone.protocolPB.OzoneManagerProtocolServerSideTranslatorPB.processRequest(OzoneManagerProtocolServerSideTranslatorPB.java:177) ~[ozone-manager-1.4.0-SNAPSHOT.jar:?]
	at org.apache.hadoop.hdds.server.OzoneProtocolMessageDispatcher.processRequest(OzoneProtocolMessageDispatcher.java:87) [hdds-server-framework-1.4.0-SNAPSHOT.jar:?]
	at org.apache.hadoop.ozone.protocolPB.OzoneManagerProtocolServerSideTranslatorPB.submitRequest(OzoneManagerProtocolServerSideTranslatorPB.java:147) [ozone-manager-1.4.0-SNAPSHOT.jar:?]
	at org.apache.hadoop.ozone.protocol.proto.OzoneManagerProtocolProtos$OzoneManagerService$2.callBlockingMethod(OzoneManagerProtocolProtos.java) [ozone-interface-client-1.4.0-SNAPSHOT.jar:?]
	at org.apache.hadoop.ipc.ProtobufRpcEngine$Server.processCall(ProtobufRpcEngine.java:465) [hadoop-common-3.3.4.jar:?]
	at org.apache.hadoop.ipc.ProtobufRpcEngine2$Server$ProtoBufRpcInvoker.call(ProtobufRpcEngine2.java:578) [hadoop-common-3.3.4.jar:?]
	at org.apache.hadoop.ipc.ProtobufRpcEngine2$Server$ProtoBufRpcInvoker.call(ProtobufRpcEngine2.java:556) [hadoop-common-3.3.4.jar:?]
	at org.apache.hadoop.ipc.RPC$Server.call(RPC.java:1093) [hadoop-common-3.3.4.jar:?]
	at org.apache.hadoop.ipc.Server$RpcCall.run(Server.java:1043) [hadoop-common-3.3.4.jar:?]
	at org.apache.hadoop.ipc.Server$RpcCall.run(Server.java:971) [hadoop-common-3.3.4.jar:?]
	at java.security.AccessController.doPrivileged(Native Method) ~[?:1.8.0_362]
	at javax.security.auth.Subject.doAs(Subject.java:422) [?:1.8.0_362]
	at org.apache.hadoop.security.UserGroupInformation.doAs(UserGroupInformation.java:1878) [hadoop-common-3.3.4.jar:?]
	at org.apache.hadoop.ipc.Server$Handler.run(Server.java:2976) [hadoop-common-3.3.4.jar:?]
]]></system-out>
  </testcase>
  <testcase name="testRenameFile" classname="TestOzoneFileSystem" time="0.033">
    <system-out><![CDATA[2023-03-16 20:05:44,508 [IPC Server handler 4 on default port 40321] INFO  key.OMKeyRequest (OMKeyRequest.java:wrapUncommittedBlocksAsPseudoKey(838)) - Detect allocated but uncommitted blocks [{blockID={containerID=2, localID=111677748019200002}, length=4194304, offset=0, token=null, pipeline=null, createVersion=0, partNumber=0}] in key root/file1_Copy.
20:05:44.511 [IPC Server handler 12 on default port 40321] ERROR OMAudit - user=runner | ip=127.0.0.1 | op=GET_FILE_STATUS {volume=volume45206, bucket=bucket25127, key=root/file1, dataSize=0, replicationConfig=null} | ret=FAILURE
org.apache.hadoop.ozone.om.exceptions.OMException: Unable to get file status: volume: volume45206 bucket: bucket25127 key: root/file1
	at org.apache.hadoop.ozone.om.KeyManagerImpl.getOzoneFileStatus(KeyManagerImpl.java:1196) ~[ozone-manager-1.4.0-SNAPSHOT.jar:?]
	at org.apache.hadoop.ozone.om.KeyManagerImpl.getFileStatus(KeyManagerImpl.java:1114) ~[ozone-manager-1.4.0-SNAPSHOT.jar:?]
	at org.apache.hadoop.ozone.om.OmMetadataReader.getFileStatus(OmMetadataReader.java:288) ~[ozone-manager-1.4.0-SNAPSHOT.jar:?]
	at org.apache.hadoop.ozone.om.OzoneManager.getFileStatus(OzoneManager.java:3494) ~[ozone-manager-1.4.0-SNAPSHOT.jar:?]
	at org.apache.hadoop.ozone.protocolPB.OzoneManagerRequestHandler.getOzoneFileStatus(OzoneManagerRequestHandler.java:933) ~[ozone-manager-1.4.0-SNAPSHOT.jar:?]
	at org.apache.hadoop.ozone.protocolPB.OzoneManagerRequestHandler.handleReadRequest(OzoneManagerRequestHandler.java:238) ~[ozone-manager-1.4.0-SNAPSHOT.jar:?]
	at org.apache.hadoop.ozone.protocolPB.OzoneManagerProtocolServerSideTranslatorPB.submitRequestDirectlyToOM(OzoneManagerProtocolServerSideTranslatorPB.java:272) ~[ozone-manager-1.4.0-SNAPSHOT.jar:?]
	at org.apache.hadoop.ozone.protocolPB.OzoneManagerProtocolServerSideTranslatorPB.processRequest(OzoneManagerProtocolServerSideTranslatorPB.java:173) ~[ozone-manager-1.4.0-SNAPSHOT.jar:?]
	at org.apache.hadoop.hdds.server.OzoneProtocolMessageDispatcher.processRequest(OzoneProtocolMessageDispatcher.java:87) [hdds-server-framework-1.4.0-SNAPSHOT.jar:?]
	at org.apache.hadoop.ozone.protocolPB.OzoneManagerProtocolServerSideTranslatorPB.submitRequest(OzoneManagerProtocolServerSideTranslatorPB.java:147) [ozone-manager-1.4.0-SNAPSHOT.jar:?]
	at org.apache.hadoop.ozone.protocol.proto.OzoneManagerProtocolProtos$OzoneManagerService$2.callBlockingMethod(OzoneManagerProtocolProtos.java) [ozone-interface-client-1.4.0-SNAPSHOT.jar:?]
	at org.apache.hadoop.ipc.ProtobufRpcEngine$Server.processCall(ProtobufRpcEngine.java:465) [hadoop-common-3.3.4.jar:?]
	at org.apache.hadoop.ipc.ProtobufRpcEngine2$Server$ProtoBufRpcInvoker.call(ProtobufRpcEngine2.java:578) [hadoop-common-3.3.4.jar:?]
	at org.apache.hadoop.ipc.ProtobufRpcEngine2$Server$ProtoBufRpcInvoker.call(ProtobufRpcEngine2.java:556) [hadoop-common-3.3.4.jar:?]
	at org.apache.hadoop.ipc.RPC$Server.call(RPC.java:1093) [hadoop-common-3.3.4.jar:?]
	at org.apache.hadoop.ipc.Server$RpcCall.run(Server.java:1043) [hadoop-common-3.3.4.jar:?]
	at org.apache.hadoop.ipc.Server$RpcCall.run(Server.java:971) [hadoop-common-3.3.4.jar:?]
	at java.security.AccessController.doPrivileged(Native Method) ~[?:1.8.0_362]
	at javax.security.auth.Subject.doAs(Subject.java:422) [?:1.8.0_362]
	at org.apache.hadoop.security.UserGroupInformation.doAs(UserGroupInformation.java:1878) [hadoop-common-3.3.4.jar:?]
	at org.apache.hadoop.ipc.Server$Handler.run(Server.java:2976) [hadoop-common-3.3.4.jar:?]
]]></system-out>
  </testcase>
  <testcase name="testRenameFile" classname="TestOzoneFileSystem" time="0.042">
    <system-out><![CDATA[2023-03-16 20:06:49,457 [OM StateMachine ApplyTransaction Thread - 0] INFO  key.OMKeyRequest (OMKeyRequest.java:wrapUncommittedBlocksAsPseudoKey(838)) - Detect allocated but uncommitted blocks [{blockID={containerID=2, localID=111677748019200002}, length=4194304, offset=0, token=null, pipeline=null, createVersion=0, partNumber=0}] in key root/file1_Copy.
20:06:49.459 [IPC Server handler 13 on default port 37437] ERROR OMAudit - user=runner | ip=127.0.0.1 | op=GET_FILE_STATUS {volume=volume46233, bucket=bucket02547, key=root/file1, dataSize=0, replicationConfig=null} | ret=FAILURE
org.apache.hadoop.ozone.om.exceptions.OMException: Unable to get file status: volume: volume46233 bucket: bucket02547 key: root/file1
	at org.apache.hadoop.ozone.om.KeyManagerImpl.getOzoneFileStatus(KeyManagerImpl.java:1196) ~[ozone-manager-1.4.0-SNAPSHOT.jar:?]
	at org.apache.hadoop.ozone.om.KeyManagerImpl.getFileStatus(KeyManagerImpl.java:1114) ~[ozone-manager-1.4.0-SNAPSHOT.jar:?]
	at org.apache.hadoop.ozone.om.OmMetadataReader.getFileStatus(OmMetadataReader.java:288) ~[ozone-manager-1.4.0-SNAPSHOT.jar:?]
	at org.apache.hadoop.ozone.om.OzoneManager.getFileStatus(OzoneManager.java:3494) ~[ozone-manager-1.4.0-SNAPSHOT.jar:?]
	at org.apache.hadoop.ozone.protocolPB.OzoneManagerRequestHandler.getOzoneFileStatus(OzoneManagerRequestHandler.java:933) ~[ozone-manager-1.4.0-SNAPSHOT.jar:?]
	at org.apache.hadoop.ozone.protocolPB.OzoneManagerRequestHandler.handleReadRequest(OzoneManagerRequestHandler.java:238) ~[ozone-manager-1.4.0-SNAPSHOT.jar:?]
	at org.apache.hadoop.ozone.protocolPB.OzoneManagerProtocolServerSideTranslatorPB.submitReadRequestToOM(OzoneManagerProtocolServerSideTranslatorPB.java:223) ~[ozone-manager-1.4.0-SNAPSHOT.jar:?]
	at org.apache.hadoop.ozone.protocolPB.OzoneManagerProtocolServerSideTranslatorPB.processRequest(OzoneManagerProtocolServerSideTranslatorPB.java:177) ~[ozone-manager-1.4.0-SNAPSHOT.jar:?]
	at org.apache.hadoop.hdds.server.OzoneProtocolMessageDispatcher.processRequest(OzoneProtocolMessageDispatcher.java:87) [hdds-server-framework-1.4.0-SNAPSHOT.jar:?]
	at org.apache.hadoop.ozone.protocolPB.OzoneManagerProtocolServerSideTranslatorPB.submitRequest(OzoneManagerProtocolServerSideTranslatorPB.java:147) [ozone-manager-1.4.0-SNAPSHOT.jar:?]
	at org.apache.hadoop.ozone.protocol.proto.OzoneManagerProtocolProtos$OzoneManagerService$2.callBlockingMethod(OzoneManagerProtocolProtos.java) [ozone-interface-client-1.4.0-SNAPSHOT.jar:?]
	at org.apache.hadoop.ipc.ProtobufRpcEngine$Server.processCall(ProtobufRpcEngine.java:465) [hadoop-common-3.3.4.jar:?]
	at org.apache.hadoop.ipc.ProtobufRpcEngine2$Server$ProtoBufRpcInvoker.call(ProtobufRpcEngine2.java:578) [hadoop-common-3.3.4.jar:?]
	at org.apache.hadoop.ipc.ProtobufRpcEngine2$Server$ProtoBufRpcInvoker.call(ProtobufRpcEngine2.java:556) [hadoop-common-3.3.4.jar:?]
	at org.apache.hadoop.ipc.RPC$Server.call(RPC.java:1093) [hadoop-common-3.3.4.jar:?]
	at org.apache.hadoop.ipc.Server$RpcCall.run(Server.java:1043) [hadoop-common-3.3.4.jar:?]
	at org.apache.hadoop.ipc.Server$RpcCall.run(Server.java:971) [hadoop-common-3.3.4.jar:?]
	at java.security.AccessController.doPrivileged(Native Method) ~[?:1.8.0_362]
	at javax.security.auth.Subject.doAs(Subject.java:422) [?:1.8.0_362]
	at org.apache.hadoop.security.UserGroupInformation.doAs(UserGroupInformation.java:1878) [hadoop-common-3.3.4.jar:?]
	at org.apache.hadoop.ipc.Server$Handler.run(Server.java:2976) [hadoop-common-3.3.4.jar:?]
]]></system-out>
  </testcase>
  <testcase name="testRenameFile" classname="TestOzoneFileSystem" time="0.035">
    <system-out><![CDATA[2023-03-16 20:08:08,386 [IPC Server handler 2 on default port 41725] INFO  key.OMKeyRequest (OMKeyRequest.java:wrapUncommittedBlocksAsPseudoKey(838)) - Detect allocated but uncommitted blocks [{blockID={containerID=2, localID=111677748019200002}, length=4194304, offset=0, token=null, pipeline=null, createVersion=0, partNumber=0}] in key root/file1_Copy.
20:08:08.393 [IPC Server handler 11 on default port 41725] ERROR OMAudit - user=runner | ip=127.0.0.1 | op=GET_FILE_STATUS {volume=volume10450, bucket=bucket92716, key=root/file1, dataSize=0, replicationConfig=null} | ret=FAILURE
org.apache.hadoop.ozone.om.exceptions.OMException: Unable to get file status: volume: volume10450 bucket: bucket92716 key: root/file1
	at org.apache.hadoop.ozone.om.KeyManagerImpl.getOzoneFileStatus(KeyManagerImpl.java:1196) ~[ozone-manager-1.4.0-SNAPSHOT.jar:?]
	at org.apache.hadoop.ozone.om.KeyManagerImpl.getFileStatus(KeyManagerImpl.java:1114) ~[ozone-manager-1.4.0-SNAPSHOT.jar:?]
	at org.apache.hadoop.ozone.om.OmMetadataReader.getFileStatus(OmMetadataReader.java:288) ~[ozone-manager-1.4.0-SNAPSHOT.jar:?]
	at org.apache.hadoop.ozone.om.OzoneManager.getFileStatus(OzoneManager.java:3494) ~[ozone-manager-1.4.0-SNAPSHOT.jar:?]
	at org.apache.hadoop.ozone.protocolPB.OzoneManagerRequestHandler.getOzoneFileStatus(OzoneManagerRequestHandler.java:933) ~[ozone-manager-1.4.0-SNAPSHOT.jar:?]
	at org.apache.hadoop.ozone.protocolPB.OzoneManagerRequestHandler.handleReadRequest(OzoneManagerRequestHandler.java:238) ~[ozone-manager-1.4.0-SNAPSHOT.jar:?]
	at org.apache.hadoop.ozone.protocolPB.OzoneManagerProtocolServerSideTranslatorPB.submitRequestDirectlyToOM(OzoneManagerProtocolServerSideTranslatorPB.java:272) ~[ozone-manager-1.4.0-SNAPSHOT.jar:?]
	at org.apache.hadoop.ozone.protocolPB.OzoneManagerProtocolServerSideTranslatorPB.processRequest(OzoneManagerProtocolServerSideTranslatorPB.java:173) ~[ozone-manager-1.4.0-SNAPSHOT.jar:?]
	at org.apache.hadoop.hdds.server.OzoneProtocolMessageDispatcher.processRequest(OzoneProtocolMessageDispatcher.java:87) [hdds-server-framework-1.4.0-SNAPSHOT.jar:?]
	at org.apache.hadoop.ozone.protocolPB.OzoneManagerProtocolServerSideTranslatorPB.submitRequest(OzoneManagerProtocolServerSideTranslatorPB.java:147) [ozone-manager-1.4.0-SNAPSHOT.jar:?]
	at org.apache.hadoop.ozone.protocol.proto.OzoneManagerProtocolProtos$OzoneManagerService$2.callBlockingMethod(OzoneManagerProtocolProtos.java) [ozone-interface-client-1.4.0-SNAPSHOT.jar:?]
	at org.apache.hadoop.ipc.ProtobufRpcEngine$Server.processCall(ProtobufRpcEngine.java:465) [hadoop-common-3.3.4.jar:?]
	at org.apache.hadoop.ipc.ProtobufRpcEngine2$Server$ProtoBufRpcInvoker.call(ProtobufRpcEngine2.java:578) [hadoop-common-3.3.4.jar:?]
	at org.apache.hadoop.ipc.ProtobufRpcEngine2$Server$ProtoBufRpcInvoker.call(ProtobufRpcEngine2.java:556) [hadoop-common-3.3.4.jar:?]
	at org.apache.hadoop.ipc.RPC$Server.call(RPC.java:1093) [hadoop-common-3.3.4.jar:?]
	at org.apache.hadoop.ipc.Server$RpcCall.run(Server.java:1043) [hadoop-common-3.3.4.jar:?]
	at org.apache.hadoop.ipc.Server$RpcCall.run(Server.java:971) [hadoop-common-3.3.4.jar:?]
	at java.security.AccessController.doPrivileged(Native Method) ~[?:1.8.0_362]
	at javax.security.auth.Subject.doAs(Subject.java:422) [?:1.8.0_362]
	at org.apache.hadoop.security.UserGroupInformation.doAs(UserGroupInformation.java:1878) [hadoop-common-3.3.4.jar:?]
	at org.apache.hadoop.ipc.Server$Handler.run(Server.java:2976) [hadoop-common-3.3.4.jar:?]
]]></system-out>
  </testcase>
  <testcase name="testRenameDir" classname="TestOzoneFileSystem" time="0.098">
    <system-out><![CDATA[2023-03-16 20:04:09,986 [Time-limited test] INFO  ozone.TestOzoneFileSystem (TestOzoneFileSystem.java:testRenameDir(1430)) - Created dir o3fs://bucket31801.volume04068/root_dir/dir1/sub_dir1
2023-03-16 20:04:09,987 [Time-limited test] INFO  ozone.TestOzoneFileSystem (TestOzoneFileSystem.java:testRenameDir(1431)) - Will move o3fs://bucket31801.volume04068/root_dir/dir1 to o3fs://bucket31801.volume04068/root_dir/dir1.renamed
20:04:09.993 [IPC Server handler 16 on default port 35091] ERROR OMAudit - user=runner | ip=127.0.0.1 | op=GET_FILE_STATUS {volume=volume04068, bucket=bucket31801, key=root_dir/dir1.renamed, dataSize=0, replicationConfig=null} | ret=FAILURE
org.apache.hadoop.ozone.om.exceptions.OMException: Unable to get file status: volume: volume04068 bucket: bucket31801 key: root_dir/dir1.renamed
	at org.apache.hadoop.ozone.om.KeyManagerImpl.getOzoneFileStatus(KeyManagerImpl.java:1196) ~[ozone-manager-1.4.0-SNAPSHOT.jar:?]
	at org.apache.hadoop.ozone.om.KeyManagerImpl.getFileStatus(KeyManagerImpl.java:1114) ~[ozone-manager-1.4.0-SNAPSHOT.jar:?]
	at org.apache.hadoop.ozone.om.OmMetadataReader.getFileStatus(OmMetadataReader.java:288) ~[ozone-manager-1.4.0-SNAPSHOT.jar:?]
	at org.apache.hadoop.ozone.om.OzoneManager.getFileStatus(OzoneManager.java:3494) ~[ozone-manager-1.4.0-SNAPSHOT.jar:?]
	at org.apache.hadoop.ozone.protocolPB.OzoneManagerRequestHandler.getOzoneFileStatus(OzoneManagerRequestHandler.java:933) ~[ozone-manager-1.4.0-SNAPSHOT.jar:?]
	at org.apache.hadoop.ozone.protocolPB.OzoneManagerRequestHandler.handleReadRequest(OzoneManagerRequestHandler.java:238) ~[ozone-manager-1.4.0-SNAPSHOT.jar:?]
	at org.apache.hadoop.ozone.protocolPB.OzoneManagerProtocolServerSideTranslatorPB.submitReadRequestToOM(OzoneManagerProtocolServerSideTranslatorPB.java:223) ~[ozone-manager-1.4.0-SNAPSHOT.jar:?]
	at org.apache.hadoop.ozone.protocolPB.OzoneManagerProtocolServerSideTranslatorPB.processRequest(OzoneManagerProtocolServerSideTranslatorPB.java:177) ~[ozone-manager-1.4.0-SNAPSHOT.jar:?]
	at org.apache.hadoop.hdds.server.OzoneProtocolMessageDispatcher.processRequest(OzoneProtocolMessageDispatcher.java:87) [hdds-server-framework-1.4.0-SNAPSHOT.jar:?]
	at org.apache.hadoop.ozone.protocolPB.OzoneManagerProtocolServerSideTranslatorPB.submitRequest(OzoneManagerProtocolServerSideTranslatorPB.java:147) [ozone-manager-1.4.0-SNAPSHOT.jar:?]
	at org.apache.hadoop.ozone.protocol.proto.OzoneManagerProtocolProtos$OzoneManagerService$2.callBlockingMethod(OzoneManagerProtocolProtos.java) [ozone-interface-client-1.4.0-SNAPSHOT.jar:?]
	at org.apache.hadoop.ipc.ProtobufRpcEngine$Server.processCall(ProtobufRpcEngine.java:465) [hadoop-common-3.3.4.jar:?]
	at org.apache.hadoop.ipc.ProtobufRpcEngine2$Server$ProtoBufRpcInvoker.call(ProtobufRpcEngine2.java:578) [hadoop-common-3.3.4.jar:?]
	at org.apache.hadoop.ipc.ProtobufRpcEngine2$Server$ProtoBufRpcInvoker.call(ProtobufRpcEngine2.java:556) [hadoop-common-3.3.4.jar:?]
	at org.apache.hadoop.ipc.RPC$Server.call(RPC.java:1093) [hadoop-common-3.3.4.jar:?]
	at org.apache.hadoop.ipc.Server$RpcCall.run(Server.java:1043) [hadoop-common-3.3.4.jar:?]
	at org.apache.hadoop.ipc.Server$RpcCall.run(Server.java:971) [hadoop-common-3.3.4.jar:?]
	at java.security.AccessController.doPrivileged(Native Method) ~[?:1.8.0_362]
	at javax.security.auth.Subject.doAs(Subject.java:422) [?:1.8.0_362]
	at org.apache.hadoop.security.UserGroupInformation.doAs(UserGroupInformation.java:1878) [hadoop-common-3.3.4.jar:?]
	at org.apache.hadoop.ipc.Server$Handler.run(Server.java:2976) [hadoop-common-3.3.4.jar:?]
]]></system-out>
  </testcase>
  <testcase name="testRenameDir" classname="TestOzoneFileSystem" time="0.025">
    <system-out><![CDATA[2023-03-16 20:05:44,539 [Time-limited test] INFO  ozone.TestOzoneFileSystem (TestOzoneFileSystem.java:testRenameDir(1430)) - Created dir o3fs://bucket25127.volume45206/root_dir/dir1/sub_dir1
2023-03-16 20:05:44,539 [Time-limited test] INFO  ozone.TestOzoneFileSystem (TestOzoneFileSystem.java:testRenameDir(1431)) - Will move o3fs://bucket25127.volume45206/root_dir/dir1 to o3fs://bucket25127.volume45206/root_dir/dir1.renamed
20:05:44.541 [IPC Server handler 17 on default port 40321] ERROR OMAudit - user=runner | ip=127.0.0.1 | op=GET_FILE_STATUS {volume=volume45206, bucket=bucket25127, key=root_dir/dir1.renamed, dataSize=0, replicationConfig=null} | ret=FAILURE
org.apache.hadoop.ozone.om.exceptions.OMException: Unable to get file status: volume: volume45206 bucket: bucket25127 key: root_dir/dir1.renamed
	at org.apache.hadoop.ozone.om.KeyManagerImpl.getOzoneFileStatus(KeyManagerImpl.java:1196) ~[ozone-manager-1.4.0-SNAPSHOT.jar:?]
	at org.apache.hadoop.ozone.om.KeyManagerImpl.getFileStatus(KeyManagerImpl.java:1114) ~[ozone-manager-1.4.0-SNAPSHOT.jar:?]
	at org.apache.hadoop.ozone.om.OmMetadataReader.getFileStatus(OmMetadataReader.java:288) ~[ozone-manager-1.4.0-SNAPSHOT.jar:?]
	at org.apache.hadoop.ozone.om.OzoneManager.getFileStatus(OzoneManager.java:3494) ~[ozone-manager-1.4.0-SNAPSHOT.jar:?]
	at org.apache.hadoop.ozone.protocolPB.OzoneManagerRequestHandler.getOzoneFileStatus(OzoneManagerRequestHandler.java:933) ~[ozone-manager-1.4.0-SNAPSHOT.jar:?]
	at org.apache.hadoop.ozone.protocolPB.OzoneManagerRequestHandler.handleReadRequest(OzoneManagerRequestHandler.java:238) ~[ozone-manager-1.4.0-SNAPSHOT.jar:?]
	at org.apache.hadoop.ozone.protocolPB.OzoneManagerProtocolServerSideTranslatorPB.submitRequestDirectlyToOM(OzoneManagerProtocolServerSideTranslatorPB.java:272) ~[ozone-manager-1.4.0-SNAPSHOT.jar:?]
	at org.apache.hadoop.ozone.protocolPB.OzoneManagerProtocolServerSideTranslatorPB.processRequest(OzoneManagerProtocolServerSideTranslatorPB.java:173) ~[ozone-manager-1.4.0-SNAPSHOT.jar:?]
	at org.apache.hadoop.hdds.server.OzoneProtocolMessageDispatcher.processRequest(OzoneProtocolMessageDispatcher.java:87) [hdds-server-framework-1.4.0-SNAPSHOT.jar:?]
	at org.apache.hadoop.ozone.protocolPB.OzoneManagerProtocolServerSideTranslatorPB.submitRequest(OzoneManagerProtocolServerSideTranslatorPB.java:147) [ozone-manager-1.4.0-SNAPSHOT.jar:?]
	at org.apache.hadoop.ozone.protocol.proto.OzoneManagerProtocolProtos$OzoneManagerService$2.callBlockingMethod(OzoneManagerProtocolProtos.java) [ozone-interface-client-1.4.0-SNAPSHOT.jar:?]
	at org.apache.hadoop.ipc.ProtobufRpcEngine$Server.processCall(ProtobufRpcEngine.java:465) [hadoop-common-3.3.4.jar:?]
	at org.apache.hadoop.ipc.ProtobufRpcEngine2$Server$ProtoBufRpcInvoker.call(ProtobufRpcEngine2.java:578) [hadoop-common-3.3.4.jar:?]
	at org.apache.hadoop.ipc.ProtobufRpcEngine2$Server$ProtoBufRpcInvoker.call(ProtobufRpcEngine2.java:556) [hadoop-common-3.3.4.jar:?]
	at org.apache.hadoop.ipc.RPC$Server.call(RPC.java:1093) [hadoop-common-3.3.4.jar:?]
	at org.apache.hadoop.ipc.Server$RpcCall.run(Server.java:1043) [hadoop-common-3.3.4.jar:?]
	at org.apache.hadoop.ipc.Server$RpcCall.run(Server.java:971) [hadoop-common-3.3.4.jar:?]
	at java.security.AccessController.doPrivileged(Native Method) ~[?:1.8.0_362]
	at javax.security.auth.Subject.doAs(Subject.java:422) [?:1.8.0_362]
	at org.apache.hadoop.security.UserGroupInformation.doAs(UserGroupInformation.java:1878) [hadoop-common-3.3.4.jar:?]
	at org.apache.hadoop.ipc.Server$Handler.run(Server.java:2976) [hadoop-common-3.3.4.jar:?]
]]></system-out>
  </testcase>
  <testcase name="testRenameDir" classname="TestOzoneFileSystem" time="0.041">
    <system-out><![CDATA[2023-03-16 20:06:49,488 [Time-limited test] INFO  ozone.TestOzoneFileSystem (TestOzoneFileSystem.java:testRenameDir(1430)) - Created dir o3fs://bucket02547.volume46233/root_dir/dir1/sub_dir1
2023-03-16 20:06:49,488 [Time-limited test] INFO  ozone.TestOzoneFileSystem (TestOzoneFileSystem.java:testRenameDir(1431)) - Will move o3fs://bucket02547.volume46233/root_dir/dir1 to o3fs://bucket02547.volume46233/root_dir/dir1.renamed
20:06:49.489 [IPC Server handler 9 on default port 37437] ERROR OMAudit - user=runner | ip=127.0.0.1 | op=GET_FILE_STATUS {volume=volume46233, bucket=bucket02547, key=root_dir/dir1.renamed, dataSize=0, replicationConfig=null} | ret=FAILURE
org.apache.hadoop.ozone.om.exceptions.OMException: Unable to get file status: volume: volume46233 bucket: bucket02547 key: root_dir/dir1.renamed
	at org.apache.hadoop.ozone.om.KeyManagerImpl.getOzoneFileStatus(KeyManagerImpl.java:1196) ~[ozone-manager-1.4.0-SNAPSHOT.jar:?]
	at org.apache.hadoop.ozone.om.KeyManagerImpl.getFileStatus(KeyManagerImpl.java:1114) ~[ozone-manager-1.4.0-SNAPSHOT.jar:?]
	at org.apache.hadoop.ozone.om.OmMetadataReader.getFileStatus(OmMetadataReader.java:288) ~[ozone-manager-1.4.0-SNAPSHOT.jar:?]
	at org.apache.hadoop.ozone.om.OzoneManager.getFileStatus(OzoneManager.java:3494) ~[ozone-manager-1.4.0-SNAPSHOT.jar:?]
	at org.apache.hadoop.ozone.protocolPB.OzoneManagerRequestHandler.getOzoneFileStatus(OzoneManagerRequestHandler.java:933) ~[ozone-manager-1.4.0-SNAPSHOT.jar:?]
	at org.apache.hadoop.ozone.protocolPB.OzoneManagerRequestHandler.handleReadRequest(OzoneManagerRequestHandler.java:238) ~[ozone-manager-1.4.0-SNAPSHOT.jar:?]
	at org.apache.hadoop.ozone.protocolPB.OzoneManagerProtocolServerSideTranslatorPB.submitReadRequestToOM(OzoneManagerProtocolServerSideTranslatorPB.java:223) ~[ozone-manager-1.4.0-SNAPSHOT.jar:?]
	at org.apache.hadoop.ozone.protocolPB.OzoneManagerProtocolServerSideTranslatorPB.processRequest(OzoneManagerProtocolServerSideTranslatorPB.java:177) ~[ozone-manager-1.4.0-SNAPSHOT.jar:?]
	at org.apache.hadoop.hdds.server.OzoneProtocolMessageDispatcher.processRequest(OzoneProtocolMessageDispatcher.java:87) [hdds-server-framework-1.4.0-SNAPSHOT.jar:?]
	at org.apache.hadoop.ozone.protocolPB.OzoneManagerProtocolServerSideTranslatorPB.submitRequest(OzoneManagerProtocolServerSideTranslatorPB.java:147) [ozone-manager-1.4.0-SNAPSHOT.jar:?]
	at org.apache.hadoop.ozone.protocol.proto.OzoneManagerProtocolProtos$OzoneManagerService$2.callBlockingMethod(OzoneManagerProtocolProtos.java) [ozone-interface-client-1.4.0-SNAPSHOT.jar:?]
	at org.apache.hadoop.ipc.ProtobufRpcEngine$Server.processCall(ProtobufRpcEngine.java:465) [hadoop-common-3.3.4.jar:?]
	at org.apache.hadoop.ipc.ProtobufRpcEngine2$Server$ProtoBufRpcInvoker.call(ProtobufRpcEngine2.java:578) [hadoop-common-3.3.4.jar:?]
	at org.apache.hadoop.ipc.ProtobufRpcEngine2$Server$ProtoBufRpcInvoker.call(ProtobufRpcEngine2.java:556) [hadoop-common-3.3.4.jar:?]
	at org.apache.hadoop.ipc.RPC$Server.call(RPC.java:1093) [hadoop-common-3.3.4.jar:?]
	at org.apache.hadoop.ipc.Server$RpcCall.run(Server.java:1043) [hadoop-common-3.3.4.jar:?]
	at org.apache.hadoop.ipc.Server$RpcCall.run(Server.java:971) [hadoop-common-3.3.4.jar:?]
	at java.security.AccessController.doPrivileged(Native Method) ~[?:1.8.0_362]
	at javax.security.auth.Subject.doAs(Subject.java:422) [?:1.8.0_362]
	at org.apache.hadoop.security.UserGroupInformation.doAs(UserGroupInformation.java:1878) [hadoop-common-3.3.4.jar:?]
	at org.apache.hadoop.ipc.Server$Handler.run(Server.java:2976) [hadoop-common-3.3.4.jar:?]
2023-03-16 20:06:49,493 [af19ea06-4a72-4e8e-a05a-645e0b93ca6c@group-EEADFC261C1A-FollowerState] INFO  impl.FollowerState (FollowerState.java:run(143)) - af19ea06-4a72-4e8e-a05a-645e0b93ca6c@group-EEADFC261C1A-FollowerState: change to CANDIDATE, lastRpcElapsedTime:5158874499ns, electionTimeout:5158ms
2023-03-16 20:06:49,493 [af19ea06-4a72-4e8e-a05a-645e0b93ca6c@group-EEADFC261C1A-FollowerState] INFO  impl.RoleInfo (RoleInfo.java:shutdownFollowerState(110)) - af19ea06-4a72-4e8e-a05a-645e0b93ca6c: shutdown af19ea06-4a72-4e8e-a05a-645e0b93ca6c@group-EEADFC261C1A-FollowerState
2023-03-16 20:06:49,494 [af19ea06-4a72-4e8e-a05a-645e0b93ca6c@group-EEADFC261C1A-FollowerState] INFO  server.RaftServer$Division (RaftServerImpl.java:setRole(321)) - af19ea06-4a72-4e8e-a05a-645e0b93ca6c@group-EEADFC261C1A: changes role from  FOLLOWER to CANDIDATE at term 0 for changeToCandidate
2023-03-16 20:06:49,494 [af19ea06-4a72-4e8e-a05a-645e0b93ca6c@group-EEADFC261C1A-FollowerState] INFO  server.RaftServerConfigKeys (ConfUtils.java:logGet(46)) - raft.server.leaderelection.pre-vote = true (default)
2023-03-16 20:06:49,494 [af19ea06-4a72-4e8e-a05a-645e0b93ca6c@group-EEADFC261C1A-FollowerState] INFO  impl.RoleInfo (RoleInfo.java:updateAndGet(139)) - af19ea06-4a72-4e8e-a05a-645e0b93ca6c: start af19ea06-4a72-4e8e-a05a-645e0b93ca6c@group-EEADFC261C1A-LeaderElection25
2023-03-16 20:06:49,504 [af19ea06-4a72-4e8e-a05a-645e0b93ca6c@group-EEADFC261C1A-LeaderElection25] INFO  impl.LeaderElection (LeaderElection.java:askForVotes(312)) - af19ea06-4a72-4e8e-a05a-645e0b93ca6c@group-EEADFC261C1A-LeaderElection25 PRE_VOTE round 0: submit vote requests at term 0 for -1: peers:[af19ea06-4a72-4e8e-a05a-645e0b93ca6c|rpc:10.1.0.41:43583|dataStream:10.1.0.41:40505|priority:1|startupRole:FOLLOWER]|listeners:[], old=null
2023-03-16 20:06:49,505 [af19ea06-4a72-4e8e-a05a-645e0b93ca6c@group-EEADFC261C1A-LeaderElection25] INFO  impl.LeaderElection (LeaderElection.java:askForVotes(314)) - af19ea06-4a72-4e8e-a05a-645e0b93ca6c@group-EEADFC261C1A-LeaderElection25 PRE_VOTE round 0: result PASSED (term=0)
2023-03-16 20:06:49,506 [af19ea06-4a72-4e8e-a05a-645e0b93ca6c@group-EEADFC261C1A-LeaderElection25] INFO  impl.LeaderElection (LeaderElection.java:askForVotes(312)) - af19ea06-4a72-4e8e-a05a-645e0b93ca6c@group-EEADFC261C1A-LeaderElection25 ELECTION round 0: submit vote requests at term 1 for -1: peers:[af19ea06-4a72-4e8e-a05a-645e0b93ca6c|rpc:10.1.0.41:43583|dataStream:10.1.0.41:40505|priority:1|startupRole:FOLLOWER]|listeners:[], old=null
2023-03-16 20:06:49,507 [af19ea06-4a72-4e8e-a05a-645e0b93ca6c@group-EEADFC261C1A-LeaderElection25] INFO  impl.LeaderElection (LeaderElection.java:askForVotes(314)) - af19ea06-4a72-4e8e-a05a-645e0b93ca6c@group-EEADFC261C1A-LeaderElection25 ELECTION round 0: result PASSED (term=1)
2023-03-16 20:06:49,507 [af19ea06-4a72-4e8e-a05a-645e0b93ca6c@group-EEADFC261C1A-LeaderElection25] INFO  impl.RoleInfo (RoleInfo.java:shutdownLeaderElection(130)) - af19ea06-4a72-4e8e-a05a-645e0b93ca6c: shutdown af19ea06-4a72-4e8e-a05a-645e0b93ca6c@group-EEADFC261C1A-LeaderElection25
2023-03-16 20:06:49,507 [af19ea06-4a72-4e8e-a05a-645e0b93ca6c@group-EEADFC261C1A-LeaderElection25] INFO  server.RaftServer$Division (RaftServerImpl.java:setRole(321)) - af19ea06-4a72-4e8e-a05a-645e0b93ca6c@group-EEADFC261C1A: changes role from CANDIDATE to LEADER at term 1 for changeToLeader
2023-03-16 20:06:49,507 [af19ea06-4a72-4e8e-a05a-645e0b93ca6c@group-EEADFC261C1A-LeaderElection25] INFO  ratis.XceiverServerRatis (XceiverServerRatis.java:handleLeaderChangedNotification(905)) - Leader change notification received for group: group-EEADFC261C1A with new leaderId: af19ea06-4a72-4e8e-a05a-645e0b93ca6c
2023-03-16 20:06:49,507 [af19ea06-4a72-4e8e-a05a-645e0b93ca6c@group-EEADFC261C1A-LeaderElection25] INFO  server.RaftServer$Division (ServerState.java:setLeader(313)) - af19ea06-4a72-4e8e-a05a-645e0b93ca6c@group-EEADFC261C1A: change Leader from null to af19ea06-4a72-4e8e-a05a-645e0b93ca6c at term 1 for becomeLeader, leader elected after 5190ms
2023-03-16 20:06:49,508 [af19ea06-4a72-4e8e-a05a-645e0b93ca6c@group-EEADFC261C1A-LeaderElection25] INFO  server.RaftServerConfigKeys (ConfUtils.java:logGet(46)) - raft.server.staging.catchup.gap = 1000 (default)
2023-03-16 20:06:49,508 [af19ea06-4a72-4e8e-a05a-645e0b93ca6c@group-EEADFC261C1A-LeaderElection25] INFO  server.RaftServerConfigKeys (ConfUtils.java:logGet(46)) - raft.server.write.element-limit = 1024 (custom)
2023-03-16 20:06:49,508 [af19ea06-4a72-4e8e-a05a-645e0b93ca6c@group-EEADFC261C1A-LeaderElection25] INFO  server.RaftServerConfigKeys (ConfUtils.java:logGet(46)) - raft.server.write.byte-limit = 1024 M (=1073741824) (custom)
2023-03-16 20:06:49,509 [af19ea06-4a72-4e8e-a05a-645e0b93ca6c@group-EEADFC261C1A-LeaderElection25] INFO  server.RaftServerConfigKeys (ConfUtils.java:logGet(46)) - raft.server.watch.timeout = 180s (custom)
2023-03-16 20:06:49,509 [af19ea06-4a72-4e8e-a05a-645e0b93ca6c@group-EEADFC261C1A-LeaderElection25] INFO  server.RaftServerConfigKeys (ConfUtils.java:logGet(46)) - raft.server.watch.timeout.denomination = 1s (default)
2023-03-16 20:06:49,509 [af19ea06-4a72-4e8e-a05a-645e0b93ca6c@group-EEADFC261C1A-LeaderElection25] INFO  server.RaftServerConfigKeys (ConfUtils.java:logGet(46)) - raft.server.watch.element-limit = 65536 (default)
2023-03-16 20:06:49,509 [af19ea06-4a72-4e8e-a05a-645e0b93ca6c@group-EEADFC261C1A-LeaderElection25] INFO  server.RaftServerConfigKeys (ConfUtils.java:logGet(46)) - raft.server.write.element-limit = 1024 (custom)
2023-03-16 20:06:49,509 [af19ea06-4a72-4e8e-a05a-645e0b93ca6c@group-EEADFC261C1A-LeaderElection25] INFO  server.RaftServerConfigKeys (ConfUtils.java:logGet(46)) - raft.server.write.follower.gap.ratio.max = -1.0 (default)
2023-03-16 20:06:49,509 [af19ea06-4a72-4e8e-a05a-645e0b93ca6c@group-EEADFC261C1A-LeaderElection25] INFO  impl.RoleInfo (RoleInfo.java:updateAndGet(139)) - af19ea06-4a72-4e8e-a05a-645e0b93ca6c: start af19ea06-4a72-4e8e-a05a-645e0b93ca6c@group-EEADFC261C1A-LeaderStateImpl
2023-03-16 20:06:49,509 [af19ea06-4a72-4e8e-a05a-645e0b93ca6c@group-EEADFC261C1A-LeaderElection25] INFO  segmented.SegmentedRaftLogWorker (SegmentedRaftLogWorker.java:startLogSegment(452)) - af19ea06-4a72-4e8e-a05a-645e0b93ca6c@group-EEADFC261C1A-SegmentedRaftLogWorker: Starting segment from index:0
2023-03-16 20:06:49,514 [af19ea06-4a72-4e8e-a05a-645e0b93ca6c@group-EEADFC261C1A-LeaderElection25] INFO  server.RaftServer$Division (ServerState.java:setRaftConf(430)) - af19ea06-4a72-4e8e-a05a-645e0b93ca6c@group-EEADFC261C1A: set configuration 0: peers:[af19ea06-4a72-4e8e-a05a-645e0b93ca6c|rpc:10.1.0.41:43583|dataStream:10.1.0.41:40505|priority:1|startupRole:FOLLOWER]|listeners:[], old=null
2023-03-16 20:06:49,514 [af19ea06-4a72-4e8e-a05a-645e0b93ca6c@group-EEADFC261C1A-SegmentedRaftLogWorker] INFO  segmented.SegmentedRaftLogWorker (SegmentedRaftLogWorker.java:execute(656)) - af19ea06-4a72-4e8e-a05a-645e0b93ca6c@group-EEADFC261C1A-SegmentedRaftLogWorker: created new log segment /home/runner/work/ozone/ozone/hadoop-ozone/integration-test/target/test-dir/MiniOzoneClusterImpl-5d34faf9-8c61-4fd7-9f59-d81d67eb328e/datanode-2/data/ratis/995f7be5-c945-4ad9-acad-eeadfc261c1a/current/log_inprogress_0
]]></system-out>
  </testcase>
  <testcase name="testRenameDir" classname="TestOzoneFileSystem" time="0.013">
    <system-out><![CDATA[2023-03-16 20:08:08,409 [Time-limited test] INFO  ozone.TestOzoneFileSystem (TestOzoneFileSystem.java:testRenameDir(1430)) - Created dir o3fs://bucket92716.volume10450/root_dir/dir1/sub_dir1
2023-03-16 20:08:08,409 [Time-limited test] INFO  ozone.TestOzoneFileSystem (TestOzoneFileSystem.java:testRenameDir(1431)) - Will move o3fs://bucket92716.volume10450/root_dir/dir1 to o3fs://bucket92716.volume10450/root_dir/dir1.renamed
20:08:08.410 [IPC Server handler 4 on default port 41725] ERROR OMAudit - user=runner | ip=127.0.0.1 | op=GET_FILE_STATUS {volume=volume10450, bucket=bucket92716, key=root_dir/dir1.renamed, dataSize=0, replicationConfig=null} | ret=FAILURE
org.apache.hadoop.ozone.om.exceptions.OMException: Unable to get file status: volume: volume10450 bucket: bucket92716 key: root_dir/dir1.renamed
	at org.apache.hadoop.ozone.om.KeyManagerImpl.getOzoneFileStatus(KeyManagerImpl.java:1196) ~[ozone-manager-1.4.0-SNAPSHOT.jar:?]
	at org.apache.hadoop.ozone.om.KeyManagerImpl.getFileStatus(KeyManagerImpl.java:1114) ~[ozone-manager-1.4.0-SNAPSHOT.jar:?]
	at org.apache.hadoop.ozone.om.OmMetadataReader.getFileStatus(OmMetadataReader.java:288) ~[ozone-manager-1.4.0-SNAPSHOT.jar:?]
	at org.apache.hadoop.ozone.om.OzoneManager.getFileStatus(OzoneManager.java:3494) ~[ozone-manager-1.4.0-SNAPSHOT.jar:?]
	at org.apache.hadoop.ozone.protocolPB.OzoneManagerRequestHandler.getOzoneFileStatus(OzoneManagerRequestHandler.java:933) ~[ozone-manager-1.4.0-SNAPSHOT.jar:?]
	at org.apache.hadoop.ozone.protocolPB.OzoneManagerRequestHandler.handleReadRequest(OzoneManagerRequestHandler.java:238) ~[ozone-manager-1.4.0-SNAPSHOT.jar:?]
	at org.apache.hadoop.ozone.protocolPB.OzoneManagerProtocolServerSideTranslatorPB.submitRequestDirectlyToOM(OzoneManagerProtocolServerSideTranslatorPB.java:272) ~[ozone-manager-1.4.0-SNAPSHOT.jar:?]
	at org.apache.hadoop.ozone.protocolPB.OzoneManagerProtocolServerSideTranslatorPB.processRequest(OzoneManagerProtocolServerSideTranslatorPB.java:173) ~[ozone-manager-1.4.0-SNAPSHOT.jar:?]
	at org.apache.hadoop.hdds.server.OzoneProtocolMessageDispatcher.processRequest(OzoneProtocolMessageDispatcher.java:87) [hdds-server-framework-1.4.0-SNAPSHOT.jar:?]
	at org.apache.hadoop.ozone.protocolPB.OzoneManagerProtocolServerSideTranslatorPB.submitRequest(OzoneManagerProtocolServerSideTranslatorPB.java:147) [ozone-manager-1.4.0-SNAPSHOT.jar:?]
	at org.apache.hadoop.ozone.protocol.proto.OzoneManagerProtocolProtos$OzoneManagerService$2.callBlockingMethod(OzoneManagerProtocolProtos.java) [ozone-interface-client-1.4.0-SNAPSHOT.jar:?]
	at org.apache.hadoop.ipc.ProtobufRpcEngine$Server.processCall(ProtobufRpcEngine.java:465) [hadoop-common-3.3.4.jar:?]
	at org.apache.hadoop.ipc.ProtobufRpcEngine2$Server$ProtoBufRpcInvoker.call(ProtobufRpcEngine2.java:578) [hadoop-common-3.3.4.jar:?]
	at org.apache.hadoop.ipc.ProtobufRpcEngine2$Server$ProtoBufRpcInvoker.call(ProtobufRpcEngine2.java:556) [hadoop-common-3.3.4.jar:?]
	at org.apache.hadoop.ipc.RPC$Server.call(RPC.java:1093) [hadoop-common-3.3.4.jar:?]
	at org.apache.hadoop.ipc.Server$RpcCall.run(Server.java:1043) [hadoop-common-3.3.4.jar:?]
	at org.apache.hadoop.ipc.Server$RpcCall.run(Server.java:971) [hadoop-common-3.3.4.jar:?]
	at java.security.AccessController.doPrivileged(Native Method) ~[?:1.8.0_362]
	at javax.security.auth.Subject.doAs(Subject.java:422) [?:1.8.0_362]
	at org.apache.hadoop.security.UserGroupInformation.doAs(UserGroupInformation.java:1878) [hadoop-common-3.3.4.jar:?]
	at org.apache.hadoop.ipc.Server$Handler.run(Server.java:2976) [hadoop-common-3.3.4.jar:?]
]]></system-out>
  </testcase>
  <testcase name="testListStatusIteratorOnSubDirs" classname="TestOzoneFileSystem" time="0.092">
    <system-out><![CDATA[2023-03-16 20:04:10,102 [OM StateMachine ApplyTransaction Thread - 0] INFO  key.OMKeyRequest (OMKeyRequest.java:wrapUncommittedBlocksAsPseudoKey(838)) - Detect allocated but uncommitted blocks [{blockID={containerID=3, localID=111677748019200003}, length=4194304, offset=0, token=null, pipeline=null, createVersion=0, partNumber=0}] in key dir1/dir12/file121.
]]></system-out>
  </testcase>
  <testcase name="testListStatusIteratorOnSubDirs" classname="TestOzoneFileSystem" time="0.026">
    <system-out><![CDATA[2023-03-16 20:05:44,572 [IPC Server handler 15 on default port 40321] INFO  key.OMKeyRequest (OMKeyRequest.java:wrapUncommittedBlocksAsPseudoKey(838)) - Detect allocated but uncommitted blocks [{blockID={containerID=3, localID=111677748019200003}, length=4194304, offset=0, token=null, pipeline=null, createVersion=0, partNumber=0}] in key dir1/dir12/file121.
]]></system-out>
  </testcase>
  <testcase name="testListStatusIteratorOnSubDirs" classname="TestOzoneFileSystem" time="0.031">
    <system-out><![CDATA[2023-03-16 20:06:49,541 [OM StateMachine ApplyTransaction Thread - 0] INFO  key.OMKeyRequest (OMKeyRequest.java:wrapUncommittedBlocksAsPseudoKey(838)) - Detect allocated but uncommitted blocks [{blockID={containerID=3, localID=111677748019200003}, length=4194304, offset=0, token=null, pipeline=null, createVersion=0, partNumber=0}] in key dir1/dir12/file121.
]]></system-out>
  </testcase>
  <testcase name="testListStatusIteratorOnSubDirs" classname="TestOzoneFileSystem" time="0.027">
    <system-out><![CDATA[2023-03-16 20:08:08,438 [IPC Server handler 18 on default port 41725] INFO  key.OMKeyRequest (OMKeyRequest.java:wrapUncommittedBlocksAsPseudoKey(838)) - Detect allocated but uncommitted blocks [{blockID={containerID=3, localID=111677748019200003}, length=4194304, offset=0, token=null, pipeline=null, createVersion=0, partNumber=0}] in key dir1/dir12/file121.
]]></system-out>
  </testcase>
  <testcase name="testAllocateMoreThanOneBlock" classname="TestOzoneFileSystem" time="0.74"/>
  <testcase name="testAllocateMoreThanOneBlock" classname="TestOzoneFileSystem" time="0.459"/>
  <testcase name="testAllocateMoreThanOneBlock" classname="TestOzoneFileSystem" time="0.416">
    <system-out><![CDATA[2023-03-16 20:06:49,939 [7632a000-3617-4d19-89f4-e221b08e3da6@group-E68E4D341B63-FollowerState] INFO  impl.FollowerState (FollowerState.java:run(143)) - 7632a000-3617-4d19-89f4-e221b08e3da6@group-E68E4D341B63-FollowerState: change to CANDIDATE, lastRpcElapsedTime:5131524790ns, electionTimeout:5128ms
2023-03-16 20:06:49,939 [7632a000-3617-4d19-89f4-e221b08e3da6@group-E68E4D341B63-FollowerState] INFO  impl.RoleInfo (RoleInfo.java:shutdownFollowerState(110)) - 7632a000-3617-4d19-89f4-e221b08e3da6: shutdown 7632a000-3617-4d19-89f4-e221b08e3da6@group-E68E4D341B63-FollowerState
2023-03-16 20:06:49,939 [7632a000-3617-4d19-89f4-e221b08e3da6@group-E68E4D341B63-FollowerState] INFO  server.RaftServer$Division (RaftServerImpl.java:setRole(321)) - 7632a000-3617-4d19-89f4-e221b08e3da6@group-E68E4D341B63: changes role from  FOLLOWER to CANDIDATE at term 0 for changeToCandidate
2023-03-16 20:06:49,939 [7632a000-3617-4d19-89f4-e221b08e3da6@group-E68E4D341B63-FollowerState] INFO  server.RaftServerConfigKeys (ConfUtils.java:logGet(46)) - raft.server.leaderelection.pre-vote = true (default)
2023-03-16 20:06:49,939 [7632a000-3617-4d19-89f4-e221b08e3da6@group-E68E4D341B63-FollowerState] INFO  impl.RoleInfo (RoleInfo.java:updateAndGet(139)) - 7632a000-3617-4d19-89f4-e221b08e3da6: start 7632a000-3617-4d19-89f4-e221b08e3da6@group-E68E4D341B63-LeaderElection26
2023-03-16 20:06:49,959 [7632a000-3617-4d19-89f4-e221b08e3da6@group-E68E4D341B63-LeaderElection26] INFO  impl.LeaderElection (LeaderElection.java:askForVotes(312)) - 7632a000-3617-4d19-89f4-e221b08e3da6@group-E68E4D341B63-LeaderElection26 PRE_VOTE round 0: submit vote requests at term 0 for -1: peers:[7632a000-3617-4d19-89f4-e221b08e3da6|rpc:10.1.0.41:44415|dataStream:10.1.0.41:40343|priority:1|startupRole:FOLLOWER]|listeners:[], old=null
2023-03-16 20:06:49,959 [7632a000-3617-4d19-89f4-e221b08e3da6@group-E68E4D341B63-LeaderElection26] INFO  impl.LeaderElection (LeaderElection.java:askForVotes(314)) - 7632a000-3617-4d19-89f4-e221b08e3da6@group-E68E4D341B63-LeaderElection26 PRE_VOTE round 0: result PASSED (term=0)
2023-03-16 20:06:49,969 [7632a000-3617-4d19-89f4-e221b08e3da6@group-E68E4D341B63-LeaderElection26] INFO  impl.LeaderElection (LeaderElection.java:askForVotes(312)) - 7632a000-3617-4d19-89f4-e221b08e3da6@group-E68E4D341B63-LeaderElection26 ELECTION round 0: submit vote requests at term 1 for -1: peers:[7632a000-3617-4d19-89f4-e221b08e3da6|rpc:10.1.0.41:44415|dataStream:10.1.0.41:40343|priority:1|startupRole:FOLLOWER]|listeners:[], old=null
2023-03-16 20:06:49,969 [7632a000-3617-4d19-89f4-e221b08e3da6@group-E68E4D341B63-LeaderElection26] INFO  impl.LeaderElection (LeaderElection.java:askForVotes(314)) - 7632a000-3617-4d19-89f4-e221b08e3da6@group-E68E4D341B63-LeaderElection26 ELECTION round 0: result PASSED (term=1)
2023-03-16 20:06:49,969 [7632a000-3617-4d19-89f4-e221b08e3da6@group-E68E4D341B63-LeaderElection26] INFO  impl.RoleInfo (RoleInfo.java:shutdownLeaderElection(130)) - 7632a000-3617-4d19-89f4-e221b08e3da6: shutdown 7632a000-3617-4d19-89f4-e221b08e3da6@group-E68E4D341B63-LeaderElection26
2023-03-16 20:06:49,970 [7632a000-3617-4d19-89f4-e221b08e3da6@group-E68E4D341B63-LeaderElection26] INFO  server.RaftServer$Division (RaftServerImpl.java:setRole(321)) - 7632a000-3617-4d19-89f4-e221b08e3da6@group-E68E4D341B63: changes role from CANDIDATE to LEADER at term 1 for changeToLeader
2023-03-16 20:06:49,970 [7632a000-3617-4d19-89f4-e221b08e3da6@group-E68E4D341B63-LeaderElection26] INFO  ratis.XceiverServerRatis (XceiverServerRatis.java:handleLeaderChangedNotification(905)) - Leader change notification received for group: group-E68E4D341B63 with new leaderId: 7632a000-3617-4d19-89f4-e221b08e3da6
2023-03-16 20:06:49,970 [7632a000-3617-4d19-89f4-e221b08e3da6@group-E68E4D341B63-LeaderElection26] INFO  server.RaftServer$Division (ServerState.java:setLeader(313)) - 7632a000-3617-4d19-89f4-e221b08e3da6@group-E68E4D341B63: change Leader from null to 7632a000-3617-4d19-89f4-e221b08e3da6 at term 1 for becomeLeader, leader elected after 5188ms
2023-03-16 20:06:49,970 [7632a000-3617-4d19-89f4-e221b08e3da6@group-E68E4D341B63-LeaderElection26] INFO  server.RaftServerConfigKeys (ConfUtils.java:logGet(46)) - raft.server.staging.catchup.gap = 1000 (default)
2023-03-16 20:06:49,971 [7632a000-3617-4d19-89f4-e221b08e3da6@group-E68E4D341B63-LeaderElection26] INFO  server.RaftServerConfigKeys (ConfUtils.java:logGet(46)) - raft.server.write.element-limit = 1024 (custom)
2023-03-16 20:06:49,971 [7632a000-3617-4d19-89f4-e221b08e3da6@group-E68E4D341B63-LeaderElection26] INFO  server.RaftServerConfigKeys (ConfUtils.java:logGet(46)) - raft.server.write.byte-limit = 1024 M (=1073741824) (custom)
2023-03-16 20:06:49,972 [7632a000-3617-4d19-89f4-e221b08e3da6@group-E68E4D341B63-LeaderElection26] INFO  server.RaftServerConfigKeys (ConfUtils.java:logGet(46)) - raft.server.watch.timeout = 180s (custom)
2023-03-16 20:06:49,972 [7632a000-3617-4d19-89f4-e221b08e3da6@group-E68E4D341B63-LeaderElection26] INFO  server.RaftServerConfigKeys (ConfUtils.java:logGet(46)) - raft.server.watch.timeout.denomination = 1s (default)
2023-03-16 20:06:49,972 [7632a000-3617-4d19-89f4-e221b08e3da6@group-E68E4D341B63-LeaderElection26] INFO  server.RaftServerConfigKeys (ConfUtils.java:logGet(46)) - raft.server.watch.element-limit = 65536 (default)
]]></system-out>
  </testcase>
  <testcase name="testAllocateMoreThanOneBlock" classname="TestOzoneFileSystem" time="0.321"/>
  <testcase name="testRenameToExistingDir" classname="TestOzoneFileSystem" time="0.077">
    <system-out><![CDATA[20:04:10.921 [IPC Server handler 10 on default port 35091] ERROR OMAudit - user=runner | ip=127.0.0.1 | op=LIST_STATUS {volume=volume04068, bucket=bucket31801, key=b/a, dataSize=0, replicationConfig=null} | ret=FAILURE
org.apache.hadoop.ozone.om.exceptions.OMException: Unable to get file status: volume: volume04068 bucket: bucket31801 key: b/a
	at org.apache.hadoop.ozone.om.KeyManagerImpl.getOzoneFileStatus(KeyManagerImpl.java:1196) ~[ozone-manager-1.4.0-SNAPSHOT.jar:?]
	at org.apache.hadoop.ozone.om.KeyManagerImpl.getFileStatus(KeyManagerImpl.java:1114) ~[ozone-manager-1.4.0-SNAPSHOT.jar:?]
	at org.apache.hadoop.ozone.om.KeyManagerImpl.listStatus(KeyManagerImpl.java:1504) ~[ozone-manager-1.4.0-SNAPSHOT.jar:?]
	at org.apache.hadoop.ozone.om.OmMetadataReader.listStatus(OmMetadataReader.java:261) ~[ozone-manager-1.4.0-SNAPSHOT.jar:?]
	at org.apache.hadoop.ozone.om.OzoneManager.listStatus(OzoneManager.java:3513) ~[ozone-manager-1.4.0-SNAPSHOT.jar:?]
	at org.apache.hadoop.ozone.protocolPB.OzoneManagerRequestHandler.listStatus(OzoneManagerRequestHandler.java:1097) ~[ozone-manager-1.4.0-SNAPSHOT.jar:?]
	at org.apache.hadoop.ozone.protocolPB.OzoneManagerRequestHandler.handleReadRequest(OzoneManagerRequestHandler.java:249) ~[ozone-manager-1.4.0-SNAPSHOT.jar:?]
	at org.apache.hadoop.ozone.protocolPB.OzoneManagerProtocolServerSideTranslatorPB.submitReadRequestToOM(OzoneManagerProtocolServerSideTranslatorPB.java:223) ~[ozone-manager-1.4.0-SNAPSHOT.jar:?]
	at org.apache.hadoop.ozone.protocolPB.OzoneManagerProtocolServerSideTranslatorPB.processRequest(OzoneManagerProtocolServerSideTranslatorPB.java:177) ~[ozone-manager-1.4.0-SNAPSHOT.jar:?]
	at org.apache.hadoop.hdds.server.OzoneProtocolMessageDispatcher.processRequest(OzoneProtocolMessageDispatcher.java:87) [hdds-server-framework-1.4.0-SNAPSHOT.jar:?]
	at org.apache.hadoop.ozone.protocolPB.OzoneManagerProtocolServerSideTranslatorPB.submitRequest(OzoneManagerProtocolServerSideTranslatorPB.java:147) [ozone-manager-1.4.0-SNAPSHOT.jar:?]
	at org.apache.hadoop.ozone.protocol.proto.OzoneManagerProtocolProtos$OzoneManagerService$2.callBlockingMethod(OzoneManagerProtocolProtos.java) [ozone-interface-client-1.4.0-SNAPSHOT.jar:?]
	at org.apache.hadoop.ipc.ProtobufRpcEngine$Server.processCall(ProtobufRpcEngine.java:465) [hadoop-common-3.3.4.jar:?]
	at org.apache.hadoop.ipc.ProtobufRpcEngine2$Server$ProtoBufRpcInvoker.call(ProtobufRpcEngine2.java:578) [hadoop-common-3.3.4.jar:?]
	at org.apache.hadoop.ipc.ProtobufRpcEngine2$Server$ProtoBufRpcInvoker.call(ProtobufRpcEngine2.java:556) [hadoop-common-3.3.4.jar:?]
	at org.apache.hadoop.ipc.RPC$Server.call(RPC.java:1093) [hadoop-common-3.3.4.jar:?]
	at org.apache.hadoop.ipc.Server$RpcCall.run(Server.java:1043) [hadoop-common-3.3.4.jar:?]
	at org.apache.hadoop.ipc.Server$RpcCall.run(Server.java:971) [hadoop-common-3.3.4.jar:?]
	at java.security.AccessController.doPrivileged(Native Method) ~[?:1.8.0_362]
	at javax.security.auth.Subject.doAs(Subject.java:422) [?:1.8.0_362]
	at org.apache.hadoop.security.UserGroupInformation.doAs(UserGroupInformation.java:1878) [hadoop-common-3.3.4.jar:?]
	at org.apache.hadoop.ipc.Server$Handler.run(Server.java:2976) [hadoop-common-3.3.4.jar:?]
]]></system-out>
  </testcase>
  <testcase name="testRenameToExistingDir" classname="TestOzoneFileSystem" time="0.02">
    <system-out><![CDATA[20:05:45.049 [IPC Server handler 8 on default port 40321] ERROR OMAudit - user=runner | ip=127.0.0.1 | op=LIST_STATUS {volume=volume45206, bucket=bucket25127, key=b/a, dataSize=0, replicationConfig=null} | ret=FAILURE
org.apache.hadoop.ozone.om.exceptions.OMException: Unable to get file status: volume: volume45206 bucket: bucket25127 key: b/a
	at org.apache.hadoop.ozone.om.KeyManagerImpl.getOzoneFileStatus(KeyManagerImpl.java:1196) ~[ozone-manager-1.4.0-SNAPSHOT.jar:?]
	at org.apache.hadoop.ozone.om.KeyManagerImpl.getFileStatus(KeyManagerImpl.java:1114) ~[ozone-manager-1.4.0-SNAPSHOT.jar:?]
	at org.apache.hadoop.ozone.om.KeyManagerImpl.listStatus(KeyManagerImpl.java:1504) ~[ozone-manager-1.4.0-SNAPSHOT.jar:?]
	at org.apache.hadoop.ozone.om.OmMetadataReader.listStatus(OmMetadataReader.java:261) ~[ozone-manager-1.4.0-SNAPSHOT.jar:?]
	at org.apache.hadoop.ozone.om.OzoneManager.listStatus(OzoneManager.java:3513) ~[ozone-manager-1.4.0-SNAPSHOT.jar:?]
	at org.apache.hadoop.ozone.protocolPB.OzoneManagerRequestHandler.listStatus(OzoneManagerRequestHandler.java:1097) ~[ozone-manager-1.4.0-SNAPSHOT.jar:?]
	at org.apache.hadoop.ozone.protocolPB.OzoneManagerRequestHandler.handleReadRequest(OzoneManagerRequestHandler.java:249) ~[ozone-manager-1.4.0-SNAPSHOT.jar:?]
	at org.apache.hadoop.ozone.protocolPB.OzoneManagerProtocolServerSideTranslatorPB.submitRequestDirectlyToOM(OzoneManagerProtocolServerSideTranslatorPB.java:272) ~[ozone-manager-1.4.0-SNAPSHOT.jar:?]
	at org.apache.hadoop.ozone.protocolPB.OzoneManagerProtocolServerSideTranslatorPB.processRequest(OzoneManagerProtocolServerSideTranslatorPB.java:173) ~[ozone-manager-1.4.0-SNAPSHOT.jar:?]
	at org.apache.hadoop.hdds.server.OzoneProtocolMessageDispatcher.processRequest(OzoneProtocolMessageDispatcher.java:87) [hdds-server-framework-1.4.0-SNAPSHOT.jar:?]
	at org.apache.hadoop.ozone.protocolPB.OzoneManagerProtocolServerSideTranslatorPB.submitRequest(OzoneManagerProtocolServerSideTranslatorPB.java:147) [ozone-manager-1.4.0-SNAPSHOT.jar:?]
	at org.apache.hadoop.ozone.protocol.proto.OzoneManagerProtocolProtos$OzoneManagerService$2.callBlockingMethod(OzoneManagerProtocolProtos.java) [ozone-interface-client-1.4.0-SNAPSHOT.jar:?]
	at org.apache.hadoop.ipc.ProtobufRpcEngine$Server.processCall(ProtobufRpcEngine.java:465) [hadoop-common-3.3.4.jar:?]
	at org.apache.hadoop.ipc.ProtobufRpcEngine2$Server$ProtoBufRpcInvoker.call(ProtobufRpcEngine2.java:578) [hadoop-common-3.3.4.jar:?]
	at org.apache.hadoop.ipc.ProtobufRpcEngine2$Server$ProtoBufRpcInvoker.call(ProtobufRpcEngine2.java:556) [hadoop-common-3.3.4.jar:?]
	at org.apache.hadoop.ipc.RPC$Server.call(RPC.java:1093) [hadoop-common-3.3.4.jar:?]
	at org.apache.hadoop.ipc.Server$RpcCall.run(Server.java:1043) [hadoop-common-3.3.4.jar:?]
	at org.apache.hadoop.ipc.Server$RpcCall.run(Server.java:971) [hadoop-common-3.3.4.jar:?]
	at java.security.AccessController.doPrivileged(Native Method) ~[?:1.8.0_362]
	at javax.security.auth.Subject.doAs(Subject.java:422) [?:1.8.0_362]
	at org.apache.hadoop.security.UserGroupInformation.doAs(UserGroupInformation.java:1878) [hadoop-common-3.3.4.jar:?]
	at org.apache.hadoop.ipc.Server$Handler.run(Server.java:2976) [hadoop-common-3.3.4.jar:?]
]]></system-out>
  </testcase>
  <testcase name="testRenameToExistingDir" classname="TestOzoneFileSystem" time="0.032">
    <system-out><![CDATA[2023-03-16 20:06:49,972 [7632a000-3617-4d19-89f4-e221b08e3da6@group-E68E4D341B63-LeaderElection26] INFO  server.RaftServerConfigKeys (ConfUtils.java:logGet(46)) - raft.server.write.element-limit = 1024 (custom)
2023-03-16 20:06:49,973 [7632a000-3617-4d19-89f4-e221b08e3da6@group-E68E4D341B63-LeaderElection26] INFO  server.RaftServerConfigKeys (ConfUtils.java:logGet(46)) - raft.server.write.follower.gap.ratio.max = -1.0 (default)
2023-03-16 20:06:49,973 [7632a000-3617-4d19-89f4-e221b08e3da6@group-E68E4D341B63-LeaderElection26] INFO  impl.RoleInfo (RoleInfo.java:updateAndGet(139)) - 7632a000-3617-4d19-89f4-e221b08e3da6: start 7632a000-3617-4d19-89f4-e221b08e3da6@group-E68E4D341B63-LeaderStateImpl
2023-03-16 20:06:49,973 [7632a000-3617-4d19-89f4-e221b08e3da6@group-E68E4D341B63-LeaderElection26] INFO  segmented.SegmentedRaftLogWorker (SegmentedRaftLogWorker.java:startLogSegment(452)) - 7632a000-3617-4d19-89f4-e221b08e3da6@group-E68E4D341B63-SegmentedRaftLogWorker: Starting segment from index:0
2023-03-16 20:06:49,982 [7632a000-3617-4d19-89f4-e221b08e3da6@group-E68E4D341B63-LeaderElection26] INFO  server.RaftServer$Division (ServerState.java:setRaftConf(430)) - 7632a000-3617-4d19-89f4-e221b08e3da6@group-E68E4D341B63: set configuration 0: peers:[7632a000-3617-4d19-89f4-e221b08e3da6|rpc:10.1.0.41:44415|dataStream:10.1.0.41:40343|priority:1|startupRole:FOLLOWER]|listeners:[], old=null
2023-03-16 20:06:49,984 [7632a000-3617-4d19-89f4-e221b08e3da6@group-E68E4D341B63-SegmentedRaftLogWorker] INFO  segmented.SegmentedRaftLogWorker (SegmentedRaftLogWorker.java:execute(656)) - 7632a000-3617-4d19-89f4-e221b08e3da6@group-E68E4D341B63-SegmentedRaftLogWorker: created new log segment /home/runner/work/ozone/ozone/hadoop-ozone/integration-test/target/test-dir/MiniOzoneClusterImpl-5d34faf9-8c61-4fd7-9f59-d81d67eb328e/datanode-3/data/ratis/9fe02956-08a4-445e-80b2-e68e4d341b63/current/log_inprogress_0
20:06:49.993 [IPC Server handler 16 on default port 37437] ERROR OMAudit - user=runner | ip=127.0.0.1 | op=LIST_STATUS {volume=volume46233, bucket=bucket02547, key=b/a, dataSize=0, replicationConfig=null} | ret=FAILURE
org.apache.hadoop.ozone.om.exceptions.OMException: Unable to get file status: volume: volume46233 bucket: bucket02547 key: b/a
	at org.apache.hadoop.ozone.om.KeyManagerImpl.getOzoneFileStatus(KeyManagerImpl.java:1196) ~[ozone-manager-1.4.0-SNAPSHOT.jar:?]
	at org.apache.hadoop.ozone.om.KeyManagerImpl.getFileStatus(KeyManagerImpl.java:1114) ~[ozone-manager-1.4.0-SNAPSHOT.jar:?]
	at org.apache.hadoop.ozone.om.KeyManagerImpl.listStatus(KeyManagerImpl.java:1504) ~[ozone-manager-1.4.0-SNAPSHOT.jar:?]
	at org.apache.hadoop.ozone.om.OmMetadataReader.listStatus(OmMetadataReader.java:261) ~[ozone-manager-1.4.0-SNAPSHOT.jar:?]
	at org.apache.hadoop.ozone.om.OzoneManager.listStatus(OzoneManager.java:3513) ~[ozone-manager-1.4.0-SNAPSHOT.jar:?]
	at org.apache.hadoop.ozone.protocolPB.OzoneManagerRequestHandler.listStatus(OzoneManagerRequestHandler.java:1097) ~[ozone-manager-1.4.0-SNAPSHOT.jar:?]
	at org.apache.hadoop.ozone.protocolPB.OzoneManagerRequestHandler.handleReadRequest(OzoneManagerRequestHandler.java:249) ~[ozone-manager-1.4.0-SNAPSHOT.jar:?]
	at org.apache.hadoop.ozone.protocolPB.OzoneManagerProtocolServerSideTranslatorPB.submitReadRequestToOM(OzoneManagerProtocolServerSideTranslatorPB.java:223) ~[ozone-manager-1.4.0-SNAPSHOT.jar:?]
	at org.apache.hadoop.ozone.protocolPB.OzoneManagerProtocolServerSideTranslatorPB.processRequest(OzoneManagerProtocolServerSideTranslatorPB.java:177) ~[ozone-manager-1.4.0-SNAPSHOT.jar:?]
	at org.apache.hadoop.hdds.server.OzoneProtocolMessageDispatcher.processRequest(OzoneProtocolMessageDispatcher.java:87) [hdds-server-framework-1.4.0-SNAPSHOT.jar:?]
	at org.apache.hadoop.ozone.protocolPB.OzoneManagerProtocolServerSideTranslatorPB.submitRequest(OzoneManagerProtocolServerSideTranslatorPB.java:147) [ozone-manager-1.4.0-SNAPSHOT.jar:?]
	at org.apache.hadoop.ozone.protocol.proto.OzoneManagerProtocolProtos$OzoneManagerService$2.callBlockingMethod(OzoneManagerProtocolProtos.java) [ozone-interface-client-1.4.0-SNAPSHOT.jar:?]
	at org.apache.hadoop.ipc.ProtobufRpcEngine$Server.processCall(ProtobufRpcEngine.java:465) [hadoop-common-3.3.4.jar:?]
	at org.apache.hadoop.ipc.ProtobufRpcEngine2$Server$ProtoBufRpcInvoker.call(ProtobufRpcEngine2.java:578) [hadoop-common-3.3.4.jar:?]
	at org.apache.hadoop.ipc.ProtobufRpcEngine2$Server$ProtoBufRpcInvoker.call(ProtobufRpcEngine2.java:556) [hadoop-common-3.3.4.jar:?]
	at org.apache.hadoop.ipc.RPC$Server.call(RPC.java:1093) [hadoop-common-3.3.4.jar:?]
	at org.apache.hadoop.ipc.Server$RpcCall.run(Server.java:1043) [hadoop-common-3.3.4.jar:?]
	at org.apache.hadoop.ipc.Server$RpcCall.run(Server.java:971) [hadoop-common-3.3.4.jar:?]
	at java.security.AccessController.doPrivileged(Native Method) ~[?:1.8.0_362]
	at javax.security.auth.Subject.doAs(Subject.java:422) [?:1.8.0_362]
	at org.apache.hadoop.security.UserGroupInformation.doAs(UserGroupInformation.java:1878) [hadoop-common-3.3.4.jar:?]
	at org.apache.hadoop.ipc.Server$Handler.run(Server.java:2976) [hadoop-common-3.3.4.jar:?]
]]></system-out>
  </testcase>
  <testcase name="testRenameToExistingDir" classname="TestOzoneFileSystem" time="0.017">
    <system-out><![CDATA[20:08:08.778 [IPC Server handler 0 on default port 41725] ERROR OMAudit - user=runner | ip=127.0.0.1 | op=LIST_STATUS {volume=volume10450, bucket=bucket92716, key=b/a, dataSize=0, replicationConfig=null} | ret=FAILURE
org.apache.hadoop.ozone.om.exceptions.OMException: Unable to get file status: volume: volume10450 bucket: bucket92716 key: b/a
	at org.apache.hadoop.ozone.om.KeyManagerImpl.getOzoneFileStatus(KeyManagerImpl.java:1196) ~[ozone-manager-1.4.0-SNAPSHOT.jar:?]
	at org.apache.hadoop.ozone.om.KeyManagerImpl.getFileStatus(KeyManagerImpl.java:1114) ~[ozone-manager-1.4.0-SNAPSHOT.jar:?]
	at org.apache.hadoop.ozone.om.KeyManagerImpl.listStatus(KeyManagerImpl.java:1504) ~[ozone-manager-1.4.0-SNAPSHOT.jar:?]
	at org.apache.hadoop.ozone.om.OmMetadataReader.listStatus(OmMetadataReader.java:261) ~[ozone-manager-1.4.0-SNAPSHOT.jar:?]
	at org.apache.hadoop.ozone.om.OzoneManager.listStatus(OzoneManager.java:3513) ~[ozone-manager-1.4.0-SNAPSHOT.jar:?]
	at org.apache.hadoop.ozone.protocolPB.OzoneManagerRequestHandler.listStatus(OzoneManagerRequestHandler.java:1097) ~[ozone-manager-1.4.0-SNAPSHOT.jar:?]
	at org.apache.hadoop.ozone.protocolPB.OzoneManagerRequestHandler.handleReadRequest(OzoneManagerRequestHandler.java:249) ~[ozone-manager-1.4.0-SNAPSHOT.jar:?]
	at org.apache.hadoop.ozone.protocolPB.OzoneManagerProtocolServerSideTranslatorPB.submitRequestDirectlyToOM(OzoneManagerProtocolServerSideTranslatorPB.java:272) ~[ozone-manager-1.4.0-SNAPSHOT.jar:?]
	at org.apache.hadoop.ozone.protocolPB.OzoneManagerProtocolServerSideTranslatorPB.processRequest(OzoneManagerProtocolServerSideTranslatorPB.java:173) ~[ozone-manager-1.4.0-SNAPSHOT.jar:?]
	at org.apache.hadoop.hdds.server.OzoneProtocolMessageDispatcher.processRequest(OzoneProtocolMessageDispatcher.java:87) [hdds-server-framework-1.4.0-SNAPSHOT.jar:?]
	at org.apache.hadoop.ozone.protocolPB.OzoneManagerProtocolServerSideTranslatorPB.submitRequest(OzoneManagerProtocolServerSideTranslatorPB.java:147) [ozone-manager-1.4.0-SNAPSHOT.jar:?]
	at org.apache.hadoop.ozone.protocol.proto.OzoneManagerProtocolProtos$OzoneManagerService$2.callBlockingMethod(OzoneManagerProtocolProtos.java) [ozone-interface-client-1.4.0-SNAPSHOT.jar:?]
	at org.apache.hadoop.ipc.ProtobufRpcEngine$Server.processCall(ProtobufRpcEngine.java:465) [hadoop-common-3.3.4.jar:?]
	at org.apache.hadoop.ipc.ProtobufRpcEngine2$Server$ProtoBufRpcInvoker.call(ProtobufRpcEngine2.java:578) [hadoop-common-3.3.4.jar:?]
	at org.apache.hadoop.ipc.ProtobufRpcEngine2$Server$ProtoBufRpcInvoker.call(ProtobufRpcEngine2.java:556) [hadoop-common-3.3.4.jar:?]
	at org.apache.hadoop.ipc.RPC$Server.call(RPC.java:1093) [hadoop-common-3.3.4.jar:?]
	at org.apache.hadoop.ipc.Server$RpcCall.run(Server.java:1043) [hadoop-common-3.3.4.jar:?]
	at org.apache.hadoop.ipc.Server$RpcCall.run(Server.java:971) [hadoop-common-3.3.4.jar:?]
	at java.security.AccessController.doPrivileged(Native Method) ~[?:1.8.0_362]
	at javax.security.auth.Subject.doAs(Subject.java:422) [?:1.8.0_362]
	at org.apache.hadoop.security.UserGroupInformation.doAs(UserGroupInformation.java:1878) [hadoop-common-3.3.4.jar:?]
	at org.apache.hadoop.ipc.Server$Handler.run(Server.java:2976) [hadoop-common-3.3.4.jar:?]
]]></system-out>
  </testcase>
  <testcase name="testRenameDirToItsOwnSubDir" classname="TestOzoneFileSystem" time="0.036">
    <system-out><![CDATA[2023-03-16 20:04:10,982 [Time-limited test] INFO  ozone.TestOzoneFileSystem (TestOzoneFileSystem.java:testRenameDirToItsOwnSubDir(1169)) - Created dir1 o3fs://bucket31801.volume04068/root/dir1/sub_dir1
2023-03-16 20:04:10,982 [Time-limited test] INFO  ozone.TestOzoneFileSystem (TestOzoneFileSystem.java:testRenameDirToItsOwnSubDir(1172)) - Rename op-> source:o3fs://bucket31801.volume04068/root to destin:o3fs://bucket31801.volume04068/root/dir1/sub_dir1
]]></system-out>
  </testcase>
  <testcase name="testRenameDirToItsOwnSubDir" classname="TestOzoneFileSystem" time="0.009">
    <system-out><![CDATA[2023-03-16 20:05:45,066 [Time-limited test] INFO  ozone.TestOzoneFileSystem (TestOzoneFileSystem.java:testRenameDirToItsOwnSubDir(1169)) - Created dir1 o3fs://bucket25127.volume45206/root/dir1/sub_dir1
2023-03-16 20:05:45,066 [Time-limited test] INFO  ozone.TestOzoneFileSystem (TestOzoneFileSystem.java:testRenameDirToItsOwnSubDir(1172)) - Rename op-> source:o3fs://bucket25127.volume45206/root to destin:o3fs://bucket25127.volume45206/root/dir1/sub_dir1
]]></system-out>
  </testcase>
  <testcase name="testRenameDirToItsOwnSubDir" classname="TestOzoneFileSystem" time="0.013">
    <system-out><![CDATA[2023-03-16 20:06:50,012 [Time-limited test] INFO  ozone.TestOzoneFileSystem (TestOzoneFileSystem.java:testRenameDirToItsOwnSubDir(1169)) - Created dir1 o3fs://bucket02547.volume46233/root/dir1/sub_dir1
2023-03-16 20:06:50,012 [Time-limited test] INFO  ozone.TestOzoneFileSystem (TestOzoneFileSystem.java:testRenameDirToItsOwnSubDir(1172)) - Rename op-> source:o3fs://bucket02547.volume46233/root to destin:o3fs://bucket02547.volume46233/root/dir1/sub_dir1
]]></system-out>
  </testcase>
  <testcase name="testRenameDirToItsOwnSubDir" classname="TestOzoneFileSystem" time="0.01">
    <system-out><![CDATA[2023-03-16 20:08:08,791 [Time-limited test] INFO  ozone.TestOzoneFileSystem (TestOzoneFileSystem.java:testRenameDirToItsOwnSubDir(1169)) - Created dir1 o3fs://bucket92716.volume10450/root/dir1/sub_dir1
2023-03-16 20:08:08,791 [Time-limited test] INFO  ozone.TestOzoneFileSystem (TestOzoneFileSystem.java:testRenameDirToItsOwnSubDir(1172)) - Rename op-> source:o3fs://bucket92716.volume10450/root to destin:o3fs://bucket92716.volume10450/root/dir1/sub_dir1
]]></system-out>
  </testcase>
  <testcase name="testGetDirectoryModificationTime" classname="TestOzoneFileSystem" time="0.188"/>
  <testcase name="testGetDirectoryModificationTime" classname="TestOzoneFileSystem" time="0.125"/>
  <testcase name="testGetDirectoryModificationTime" classname="TestOzoneFileSystem" time="0.129"/>
  <testcase name="testGetDirectoryModificationTime" classname="TestOzoneFileSystem" time="0.132">
    <system-out><![CDATA[2023-03-16 20:08:08,912 [b217dba7-a907-4568-b361-a689a501c82e@group-A5BE19F124C7-FollowerState] INFO  impl.FollowerState (FollowerState.java:run(143)) - b217dba7-a907-4568-b361-a689a501c82e@group-A5BE19F124C7-FollowerState: change to CANDIDATE, lastRpcElapsedTime:5195157969ns, electionTimeout:5194ms
2023-03-16 20:08:08,912 [b217dba7-a907-4568-b361-a689a501c82e@group-A5BE19F124C7-FollowerState] INFO  impl.RoleInfo (RoleInfo.java:shutdownFollowerState(110)) - b217dba7-a907-4568-b361-a689a501c82e: shutdown b217dba7-a907-4568-b361-a689a501c82e@group-A5BE19F124C7-FollowerState
2023-03-16 20:08:08,913 [b217dba7-a907-4568-b361-a689a501c82e@group-A5BE19F124C7-FollowerState] INFO  server.RaftServer$Division (RaftServerImpl.java:setRole(321)) - b217dba7-a907-4568-b361-a689a501c82e@group-A5BE19F124C7: changes role from  FOLLOWER to CANDIDATE at term 0 for changeToCandidate
2023-03-16 20:08:08,913 [b217dba7-a907-4568-b361-a689a501c82e@group-A5BE19F124C7-FollowerState] INFO  server.RaftServerConfigKeys (ConfUtils.java:logGet(46)) - raft.server.leaderelection.pre-vote = true (default)
2023-03-16 20:08:08,913 [b217dba7-a907-4568-b361-a689a501c82e@group-A5BE19F124C7-FollowerState] INFO  impl.RoleInfo (RoleInfo.java:updateAndGet(139)) - b217dba7-a907-4568-b361-a689a501c82e: start b217dba7-a907-4568-b361-a689a501c82e@group-A5BE19F124C7-LeaderElection35
2023-03-16 20:08:08,915 [b217dba7-a907-4568-b361-a689a501c82e@group-A5BE19F124C7-LeaderElection35] INFO  impl.LeaderElection (LeaderElection.java:askForVotes(312)) - b217dba7-a907-4568-b361-a689a501c82e@group-A5BE19F124C7-LeaderElection35 PRE_VOTE round 0: submit vote requests at term 0 for -1: peers:[b217dba7-a907-4568-b361-a689a501c82e|rpc:10.1.0.41:43357|dataStream:10.1.0.41:35569|priority:1|startupRole:FOLLOWER]|listeners:[], old=null
2023-03-16 20:08:08,916 [b217dba7-a907-4568-b361-a689a501c82e@group-A5BE19F124C7-LeaderElection35] INFO  impl.LeaderElection (LeaderElection.java:askForVotes(314)) - b217dba7-a907-4568-b361-a689a501c82e@group-A5BE19F124C7-LeaderElection35 PRE_VOTE round 0: result PASSED (term=0)
2023-03-16 20:08:08,917 [b217dba7-a907-4568-b361-a689a501c82e@group-A5BE19F124C7-LeaderElection35] INFO  impl.LeaderElection (LeaderElection.java:askForVotes(312)) - b217dba7-a907-4568-b361-a689a501c82e@group-A5BE19F124C7-LeaderElection35 ELECTION round 0: submit vote requests at term 1 for -1: peers:[b217dba7-a907-4568-b361-a689a501c82e|rpc:10.1.0.41:43357|dataStream:10.1.0.41:35569|priority:1|startupRole:FOLLOWER]|listeners:[], old=null
2023-03-16 20:08:08,917 [b217dba7-a907-4568-b361-a689a501c82e@group-A5BE19F124C7-LeaderElection35] INFO  impl.LeaderElection (LeaderElection.java:askForVotes(314)) - b217dba7-a907-4568-b361-a689a501c82e@group-A5BE19F124C7-LeaderElection35 ELECTION round 0: result PASSED (term=1)
2023-03-16 20:08:08,917 [b217dba7-a907-4568-b361-a689a501c82e@group-A5BE19F124C7-LeaderElection35] INFO  impl.RoleInfo (RoleInfo.java:shutdownLeaderElection(130)) - b217dba7-a907-4568-b361-a689a501c82e: shutdown b217dba7-a907-4568-b361-a689a501c82e@group-A5BE19F124C7-LeaderElection35
2023-03-16 20:08:08,917 [b217dba7-a907-4568-b361-a689a501c82e@group-A5BE19F124C7-LeaderElection35] INFO  server.RaftServer$Division (RaftServerImpl.java:setRole(321)) - b217dba7-a907-4568-b361-a689a501c82e@group-A5BE19F124C7: changes role from CANDIDATE to LEADER at term 1 for changeToLeader
2023-03-16 20:08:08,917 [b217dba7-a907-4568-b361-a689a501c82e@group-A5BE19F124C7-LeaderElection35] INFO  ratis.XceiverServerRatis (XceiverServerRatis.java:handleLeaderChangedNotification(905)) - Leader change notification received for group: group-A5BE19F124C7 with new leaderId: b217dba7-a907-4568-b361-a689a501c82e
2023-03-16 20:08:08,918 [b217dba7-a907-4568-b361-a689a501c82e@group-A5BE19F124C7-LeaderElection35] INFO  server.RaftServer$Division (ServerState.java:setLeader(313)) - b217dba7-a907-4568-b361-a689a501c82e@group-A5BE19F124C7: change Leader from null to b217dba7-a907-4568-b361-a689a501c82e at term 1 for becomeLeader, leader elected after 5222ms
2023-03-16 20:08:08,918 [b217dba7-a907-4568-b361-a689a501c82e@group-A5BE19F124C7-LeaderElection35] INFO  server.RaftServerConfigKeys (ConfUtils.java:logGet(46)) - raft.server.staging.catchup.gap = 1000 (default)
2023-03-16 20:08:08,918 [b217dba7-a907-4568-b361-a689a501c82e@group-A5BE19F124C7-LeaderElection35] INFO  server.RaftServerConfigKeys (ConfUtils.java:logGet(46)) - raft.server.write.element-limit = 1024 (custom)
2023-03-16 20:08:08,918 [b217dba7-a907-4568-b361-a689a501c82e@group-A5BE19F124C7-LeaderElection35] INFO  server.RaftServerConfigKeys (ConfUtils.java:logGet(46)) - raft.server.write.byte-limit = 1024 M (=1073741824) (custom)
2023-03-16 20:08:08,918 [b217dba7-a907-4568-b361-a689a501c82e@group-A5BE19F124C7-LeaderElection35] INFO  server.RaftServerConfigKeys (ConfUtils.java:logGet(46)) - raft.server.watch.timeout = 180s (custom)
2023-03-16 20:08:08,918 [b217dba7-a907-4568-b361-a689a501c82e@group-A5BE19F124C7-LeaderElection35] INFO  server.RaftServerConfigKeys (ConfUtils.java:logGet(46)) - raft.server.watch.timeout.denomination = 1s (default)
2023-03-16 20:08:08,918 [b217dba7-a907-4568-b361-a689a501c82e@group-A5BE19F124C7-LeaderElection35] INFO  server.RaftServerConfigKeys (ConfUtils.java:logGet(46)) - raft.server.watch.element-limit = 65536 (default)
2023-03-16 20:08:08,919 [b217dba7-a907-4568-b361-a689a501c82e@group-A5BE19F124C7-LeaderElection35] INFO  server.RaftServerConfigKeys (ConfUtils.java:logGet(46)) - raft.server.write.element-limit = 1024 (custom)
2023-03-16 20:08:08,919 [b217dba7-a907-4568-b361-a689a501c82e@group-A5BE19F124C7-LeaderElection35] INFO  server.RaftServerConfigKeys (ConfUtils.java:logGet(46)) - raft.server.write.follower.gap.ratio.max = -1.0 (default)
2023-03-16 20:08:08,919 [b217dba7-a907-4568-b361-a689a501c82e@group-A5BE19F124C7-LeaderElection35] INFO  impl.RoleInfo (RoleInfo.java:updateAndGet(139)) - b217dba7-a907-4568-b361-a689a501c82e: start b217dba7-a907-4568-b361-a689a501c82e@group-A5BE19F124C7-LeaderStateImpl
2023-03-16 20:08:08,919 [b217dba7-a907-4568-b361-a689a501c82e@group-A5BE19F124C7-LeaderElection35] INFO  segmented.SegmentedRaftLogWorker (SegmentedRaftLogWorker.java:startLogSegment(452)) - b217dba7-a907-4568-b361-a689a501c82e@group-A5BE19F124C7-SegmentedRaftLogWorker: Starting segment from index:0
2023-03-16 20:08:08,920 [b217dba7-a907-4568-b361-a689a501c82e@group-A5BE19F124C7-LeaderElection35] INFO  server.RaftServer$Division (ServerState.java:setRaftConf(430)) - b217dba7-a907-4568-b361-a689a501c82e@group-A5BE19F124C7: set configuration 0: peers:[b217dba7-a907-4568-b361-a689a501c82e|rpc:10.1.0.41:43357|dataStream:10.1.0.41:35569|priority:1|startupRole:FOLLOWER]|listeners:[], old=null
2023-03-16 20:08:08,927 [b217dba7-a907-4568-b361-a689a501c82e@group-A5BE19F124C7-SegmentedRaftLogWorker] INFO  segmented.SegmentedRaftLogWorker (SegmentedRaftLogWorker.java:execute(656)) - b217dba7-a907-4568-b361-a689a501c82e@group-A5BE19F124C7-SegmentedRaftLogWorker: created new log segment /home/runner/work/ozone/ozone/hadoop-ozone/integration-test/target/test-dir/MiniOzoneClusterImpl-8f5ebca4-26a9-4ef6-bfab-4eeb6746d3a8/datanode-3/data/ratis/1db6d053-5699-4224-97b0-a5be19f124c7/current/log_inprogress_0
]]></system-out>
  </testcase>
  <testcase name="testOzoneFsServiceLoader" classname="TestOzoneFileSystem" time="0.007"/>
  <testcase name="testOzoneFsServiceLoader" classname="TestOzoneFileSystem" time="0.001"/>
  <testcase name="testOzoneFsServiceLoader" classname="TestOzoneFileSystem" time="0.008"/>
  <testcase name="testOzoneFsServiceLoader" classname="TestOzoneFileSystem" time="0.001"/>
  <testcase name="testTrash" classname="TestOzoneFileSystem" time="4.112">
    <system-out><![CDATA[2023-03-16 20:04:11,224 [OM StateMachine ApplyTransaction Thread - 0] INFO  key.OMKeyRequest (OMKeyRequest.java:wrapUncommittedBlocksAsPseudoKey(838)) - Detect allocated but uncommitted blocks [{blockID={containerID=2, localID=111677748019200006}, length=4194304, offset=0, token=null, pipeline=null, createVersion=0, partNumber=0}] in key testKey2.
20:04:11.239 [IPC Server handler 13 on default port 35091] ERROR OMAudit - user=runner | ip=127.0.0.1 | op=GET_FILE_STATUS {volume=volume04068, bucket=bucket31801, key=.Trash/runner/Current/testKey2, dataSize=0, replicationConfig=null} | ret=FAILURE
org.apache.hadoop.ozone.om.exceptions.OMException: Unable to get file status: volume: volume04068 bucket: bucket31801 key: .Trash/runner/Current/testKey2
	at org.apache.hadoop.ozone.om.KeyManagerImpl.getOzoneFileStatus(KeyManagerImpl.java:1196) ~[ozone-manager-1.4.0-SNAPSHOT.jar:?]
	at org.apache.hadoop.ozone.om.KeyManagerImpl.getFileStatus(KeyManagerImpl.java:1114) ~[ozone-manager-1.4.0-SNAPSHOT.jar:?]
	at org.apache.hadoop.ozone.om.OmMetadataReader.getFileStatus(OmMetadataReader.java:288) ~[ozone-manager-1.4.0-SNAPSHOT.jar:?]
	at org.apache.hadoop.ozone.om.OzoneManager.getFileStatus(OzoneManager.java:3494) ~[ozone-manager-1.4.0-SNAPSHOT.jar:?]
	at org.apache.hadoop.ozone.protocolPB.OzoneManagerRequestHandler.getOzoneFileStatus(OzoneManagerRequestHandler.java:933) ~[ozone-manager-1.4.0-SNAPSHOT.jar:?]
	at org.apache.hadoop.ozone.protocolPB.OzoneManagerRequestHandler.handleReadRequest(OzoneManagerRequestHandler.java:238) ~[ozone-manager-1.4.0-SNAPSHOT.jar:?]
	at org.apache.hadoop.ozone.protocolPB.OzoneManagerProtocolServerSideTranslatorPB.submitReadRequestToOM(OzoneManagerProtocolServerSideTranslatorPB.java:223) ~[ozone-manager-1.4.0-SNAPSHOT.jar:?]
	at org.apache.hadoop.ozone.protocolPB.OzoneManagerProtocolServerSideTranslatorPB.processRequest(OzoneManagerProtocolServerSideTranslatorPB.java:177) ~[ozone-manager-1.4.0-SNAPSHOT.jar:?]
	at org.apache.hadoop.hdds.server.OzoneProtocolMessageDispatcher.processRequest(OzoneProtocolMessageDispatcher.java:87) [hdds-server-framework-1.4.0-SNAPSHOT.jar:?]
	at org.apache.hadoop.ozone.protocolPB.OzoneManagerProtocolServerSideTranslatorPB.submitRequest(OzoneManagerProtocolServerSideTranslatorPB.java:147) [ozone-manager-1.4.0-SNAPSHOT.jar:?]
	at org.apache.hadoop.ozone.protocol.proto.OzoneManagerProtocolProtos$OzoneManagerService$2.callBlockingMethod(OzoneManagerProtocolProtos.java) [ozone-interface-client-1.4.0-SNAPSHOT.jar:?]
	at org.apache.hadoop.ipc.ProtobufRpcEngine$Server.processCall(ProtobufRpcEngine.java:465) [hadoop-common-3.3.4.jar:?]
	at org.apache.hadoop.ipc.ProtobufRpcEngine2$Server$ProtoBufRpcInvoker.call(ProtobufRpcEngine2.java:578) [hadoop-common-3.3.4.jar:?]
	at org.apache.hadoop.ipc.ProtobufRpcEngine2$Server$ProtoBufRpcInvoker.call(ProtobufRpcEngine2.java:556) [hadoop-common-3.3.4.jar:?]
	at org.apache.hadoop.ipc.RPC$Server.call(RPC.java:1093) [hadoop-common-3.3.4.jar:?]
	at org.apache.hadoop.ipc.Server$RpcCall.run(Server.java:1043) [hadoop-common-3.3.4.jar:?]
	at org.apache.hadoop.ipc.Server$RpcCall.run(Server.java:971) [hadoop-common-3.3.4.jar:?]
	at java.security.AccessController.doPrivileged(Native Method) ~[?:1.8.0_362]
	at javax.security.auth.Subject.doAs(Subject.java:422) [?:1.8.0_362]
	at org.apache.hadoop.security.UserGroupInformation.doAs(UserGroupInformation.java:1878) [hadoop-common-3.3.4.jar:?]
	at org.apache.hadoop.ipc.Server$Handler.run(Server.java:2976) [hadoop-common-3.3.4.jar:?]
20:04:11.250 [IPC Server handler 8 on default port 35091] ERROR OMAudit - user=runner | ip=127.0.0.1 | op=GET_FILE_STATUS {volume=volume04068, bucket=bucket31801, key=.Trash/runner/Current/testKey2, dataSize=0, replicationConfig=null} | ret=FAILURE
org.apache.hadoop.ozone.om.exceptions.OMException: Unable to get file status: volume: volume04068 bucket: bucket31801 key: .Trash/runner/Current/testKey2
	at org.apache.hadoop.ozone.om.KeyManagerImpl.getOzoneFileStatus(KeyManagerImpl.java:1196) ~[ozone-manager-1.4.0-SNAPSHOT.jar:?]
	at org.apache.hadoop.ozone.om.KeyManagerImpl.getFileStatus(KeyManagerImpl.java:1114) ~[ozone-manager-1.4.0-SNAPSHOT.jar:?]
	at org.apache.hadoop.ozone.om.OmMetadataReader.getFileStatus(OmMetadataReader.java:288) ~[ozone-manager-1.4.0-SNAPSHOT.jar:?]
	at org.apache.hadoop.ozone.om.OzoneManager.getFileStatus(OzoneManager.java:3494) ~[ozone-manager-1.4.0-SNAPSHOT.jar:?]
	at org.apache.hadoop.ozone.protocolPB.OzoneManagerRequestHandler.getOzoneFileStatus(OzoneManagerRequestHandler.java:933) ~[ozone-manager-1.4.0-SNAPSHOT.jar:?]
	at org.apache.hadoop.ozone.protocolPB.OzoneManagerRequestHandler.handleReadRequest(OzoneManagerRequestHandler.java:238) ~[ozone-manager-1.4.0-SNAPSHOT.jar:?]
	at org.apache.hadoop.ozone.protocolPB.OzoneManagerProtocolServerSideTranslatorPB.submitReadRequestToOM(OzoneManagerProtocolServerSideTranslatorPB.java:223) ~[ozone-manager-1.4.0-SNAPSHOT.jar:?]
	at org.apache.hadoop.ozone.protocolPB.OzoneManagerProtocolServerSideTranslatorPB.processRequest(OzoneManagerProtocolServerSideTranslatorPB.java:177) ~[ozone-manager-1.4.0-SNAPSHOT.jar:?]
	at org.apache.hadoop.hdds.server.OzoneProtocolMessageDispatcher.processRequest(OzoneProtocolMessageDispatcher.java:87) [hdds-server-framework-1.4.0-SNAPSHOT.jar:?]
	at org.apache.hadoop.ozone.protocolPB.OzoneManagerProtocolServerSideTranslatorPB.submitRequest(OzoneManagerProtocolServerSideTranslatorPB.java:147) [ozone-manager-1.4.0-SNAPSHOT.jar:?]
	at org.apache.hadoop.ozone.protocol.proto.OzoneManagerProtocolProtos$OzoneManagerService$2.callBlockingMethod(OzoneManagerProtocolProtos.java) [ozone-interface-client-1.4.0-SNAPSHOT.jar:?]
	at org.apache.hadoop.ipc.ProtobufRpcEngine$Server.processCall(ProtobufRpcEngine.java:465) [hadoop-common-3.3.4.jar:?]
	at org.apache.hadoop.ipc.ProtobufRpcEngine2$Server$ProtoBufRpcInvoker.call(ProtobufRpcEngine2.java:578) [hadoop-common-3.3.4.jar:?]
	at org.apache.hadoop.ipc.ProtobufRpcEngine2$Server$ProtoBufRpcInvoker.call(ProtobufRpcEngine2.java:556) [hadoop-common-3.3.4.jar:?]
	at org.apache.hadoop.ipc.RPC$Server.call(RPC.java:1093) [hadoop-common-3.3.4.jar:?]
	at org.apache.hadoop.ipc.Server$RpcCall.run(Server.java:1043) [hadoop-common-3.3.4.jar:?]
	at org.apache.hadoop.ipc.Server$RpcCall.run(Server.java:971) [hadoop-common-3.3.4.jar:?]
	at java.security.AccessController.doPrivileged(Native Method) ~[?:1.8.0_362]
	at javax.security.auth.Subject.doAs(Subject.java:422) [?:1.8.0_362]
	at org.apache.hadoop.security.UserGroupInformation.doAs(UserGroupInformation.java:1878) [hadoop-common-3.3.4.jar:?]
	at org.apache.hadoop.ipc.Server$Handler.run(Server.java:2976) [hadoop-common-3.3.4.jar:?]
2023-03-16 20:04:11,267 [Time-limited test] INFO  om.TrashPolicyOzone (TrashPolicyOzone.java:moveToTrash(209)) - Moved: '/testKey2' to trash at: /.Trash/runner/Current/testKey2
20:04:12.274 [IPC Server handler 16 on default port 35091] ERROR OMAudit - user=runner | ip=127.0.0.1 | op=GET_FILE_STATUS {volume=volume04068, bucket=bucket31801, key=.Trash/runner/Current/testKey2, dataSize=0, replicationConfig=null} | ret=FAILURE
org.apache.hadoop.ozone.om.exceptions.OMException: Unable to get file status: volume: volume04068 bucket: bucket31801 key: .Trash/runner/Current/testKey2
	at org.apache.hadoop.ozone.om.KeyManagerImpl.getOzoneFileStatus(KeyManagerImpl.java:1196) ~[ozone-manager-1.4.0-SNAPSHOT.jar:?]
	at org.apache.hadoop.ozone.om.KeyManagerImpl.getFileStatus(KeyManagerImpl.java:1114) ~[ozone-manager-1.4.0-SNAPSHOT.jar:?]
	at org.apache.hadoop.ozone.om.OmMetadataReader.getFileStatus(OmMetadataReader.java:288) ~[ozone-manager-1.4.0-SNAPSHOT.jar:?]
	at org.apache.hadoop.ozone.om.OzoneManager.getFileStatus(OzoneManager.java:3494) ~[ozone-manager-1.4.0-SNAPSHOT.jar:?]
	at org.apache.hadoop.ozone.protocolPB.OzoneManagerRequestHandler.getOzoneFileStatus(OzoneManagerRequestHandler.java:933) ~[ozone-manager-1.4.0-SNAPSHOT.jar:?]
	at org.apache.hadoop.ozone.protocolPB.OzoneManagerRequestHandler.handleReadRequest(OzoneManagerRequestHandler.java:238) ~[ozone-manager-1.4.0-SNAPSHOT.jar:?]
	at org.apache.hadoop.ozone.protocolPB.OzoneManagerProtocolServerSideTranslatorPB.submitReadRequestToOM(OzoneManagerProtocolServerSideTranslatorPB.java:223) ~[ozone-manager-1.4.0-SNAPSHOT.jar:?]
	at org.apache.hadoop.ozone.protocolPB.OzoneManagerProtocolServerSideTranslatorPB.processRequest(OzoneManagerProtocolServerSideTranslatorPB.java:177) ~[ozone-manager-1.4.0-SNAPSHOT.jar:?]
	at org.apache.hadoop.hdds.server.OzoneProtocolMessageDispatcher.processRequest(OzoneProtocolMessageDispatcher.java:87) [hdds-server-framework-1.4.0-SNAPSHOT.jar:?]
	at org.apache.hadoop.ozone.protocolPB.OzoneManagerProtocolServerSideTranslatorPB.submitRequest(OzoneManagerProtocolServerSideTranslatorPB.java:147) [ozone-manager-1.4.0-SNAPSHOT.jar:?]
	at org.apache.hadoop.ozone.protocol.proto.OzoneManagerProtocolProtos$OzoneManagerService$2.callBlockingMethod(OzoneManagerProtocolProtos.java) [ozone-interface-client-1.4.0-SNAPSHOT.jar:?]
	at org.apache.hadoop.ipc.ProtobufRpcEngine$Server.processCall(ProtobufRpcEngine.java:465) [hadoop-common-3.3.4.jar:?]
	at org.apache.hadoop.ipc.ProtobufRpcEngine2$Server$ProtoBufRpcInvoker.call(ProtobufRpcEngine2.java:578) [hadoop-common-3.3.4.jar:?]
	at org.apache.hadoop.ipc.ProtobufRpcEngine2$Server$ProtoBufRpcInvoker.call(ProtobufRpcEngine2.java:556) [hadoop-common-3.3.4.jar:?]
	at org.apache.hadoop.ipc.RPC$Server.call(RPC.java:1093) [hadoop-common-3.3.4.jar:?]
	at org.apache.hadoop.ipc.Server$RpcCall.run(Server.java:1043) [hadoop-common-3.3.4.jar:?]
	at org.apache.hadoop.ipc.Server$RpcCall.run(Server.java:971) [hadoop-common-3.3.4.jar:?]
	at java.security.AccessController.doPrivileged(Native Method) ~[?:1.8.0_362]
	at javax.security.auth.Subject.doAs(Subject.java:422) [?:1.8.0_362]
	at org.apache.hadoop.security.UserGroupInformation.doAs(UserGroupInformation.java:1878) [hadoop-common-3.3.4.jar:?]
	at org.apache.hadoop.ipc.Server$Handler.run(Server.java:2976) [hadoop-common-3.3.4.jar:?]
]]></system-out>
  </testcase>
  <testcase name="testTrash" classname="TestOzoneFileSystem" time="5.049">
    <system-out><![CDATA[2023-03-16 20:05:45,212 [IPC Server handler 7 on default port 40321] INFO  key.OMKeyRequest (OMKeyRequest.java:wrapUncommittedBlocksAsPseudoKey(838)) - Detect allocated but uncommitted blocks [{blockID={containerID=2, localID=111677748019200006}, length=4194304, offset=0, token=null, pipeline=null, createVersion=0, partNumber=0}] in key testKey2.
20:05:45.217 [IPC Server handler 0 on default port 40321] ERROR OMAudit - user=runner | ip=127.0.0.1 | op=GET_FILE_STATUS {volume=volume45206, bucket=bucket25127, key=.Trash/runner/Current/testKey2, dataSize=0, replicationConfig=null} | ret=FAILURE
org.apache.hadoop.ozone.om.exceptions.OMException: Unable to get file status: volume: volume45206 bucket: bucket25127 key: .Trash/runner/Current/testKey2
	at org.apache.hadoop.ozone.om.KeyManagerImpl.getOzoneFileStatus(KeyManagerImpl.java:1196) ~[ozone-manager-1.4.0-SNAPSHOT.jar:?]
	at org.apache.hadoop.ozone.om.KeyManagerImpl.getFileStatus(KeyManagerImpl.java:1114) ~[ozone-manager-1.4.0-SNAPSHOT.jar:?]
	at org.apache.hadoop.ozone.om.OmMetadataReader.getFileStatus(OmMetadataReader.java:288) ~[ozone-manager-1.4.0-SNAPSHOT.jar:?]
	at org.apache.hadoop.ozone.om.OzoneManager.getFileStatus(OzoneManager.java:3494) ~[ozone-manager-1.4.0-SNAPSHOT.jar:?]
	at org.apache.hadoop.ozone.protocolPB.OzoneManagerRequestHandler.getOzoneFileStatus(OzoneManagerRequestHandler.java:933) ~[ozone-manager-1.4.0-SNAPSHOT.jar:?]
	at org.apache.hadoop.ozone.protocolPB.OzoneManagerRequestHandler.handleReadRequest(OzoneManagerRequestHandler.java:238) ~[ozone-manager-1.4.0-SNAPSHOT.jar:?]
	at org.apache.hadoop.ozone.protocolPB.OzoneManagerProtocolServerSideTranslatorPB.submitRequestDirectlyToOM(OzoneManagerProtocolServerSideTranslatorPB.java:272) ~[ozone-manager-1.4.0-SNAPSHOT.jar:?]
	at org.apache.hadoop.ozone.protocolPB.OzoneManagerProtocolServerSideTranslatorPB.processRequest(OzoneManagerProtocolServerSideTranslatorPB.java:173) ~[ozone-manager-1.4.0-SNAPSHOT.jar:?]
	at org.apache.hadoop.hdds.server.OzoneProtocolMessageDispatcher.processRequest(OzoneProtocolMessageDispatcher.java:87) [hdds-server-framework-1.4.0-SNAPSHOT.jar:?]
	at org.apache.hadoop.ozone.protocolPB.OzoneManagerProtocolServerSideTranslatorPB.submitRequest(OzoneManagerProtocolServerSideTranslatorPB.java:147) [ozone-manager-1.4.0-SNAPSHOT.jar:?]
	at org.apache.hadoop.ozone.protocol.proto.OzoneManagerProtocolProtos$OzoneManagerService$2.callBlockingMethod(OzoneManagerProtocolProtos.java) [ozone-interface-client-1.4.0-SNAPSHOT.jar:?]
	at org.apache.hadoop.ipc.ProtobufRpcEngine$Server.processCall(ProtobufRpcEngine.java:465) [hadoop-common-3.3.4.jar:?]
	at org.apache.hadoop.ipc.ProtobufRpcEngine2$Server$ProtoBufRpcInvoker.call(ProtobufRpcEngine2.java:578) [hadoop-common-3.3.4.jar:?]
	at org.apache.hadoop.ipc.ProtobufRpcEngine2$Server$ProtoBufRpcInvoker.call(ProtobufRpcEngine2.java:556) [hadoop-common-3.3.4.jar:?]
	at org.apache.hadoop.ipc.RPC$Server.call(RPC.java:1093) [hadoop-common-3.3.4.jar:?]
	at org.apache.hadoop.ipc.Server$RpcCall.run(Server.java:1043) [hadoop-common-3.3.4.jar:?]
	at org.apache.hadoop.ipc.Server$RpcCall.run(Server.java:971) [hadoop-common-3.3.4.jar:?]
	at java.security.AccessController.doPrivileged(Native Method) ~[?:1.8.0_362]
	at javax.security.auth.Subject.doAs(Subject.java:422) [?:1.8.0_362]
	at org.apache.hadoop.security.UserGroupInformation.doAs(UserGroupInformation.java:1878) [hadoop-common-3.3.4.jar:?]
	at org.apache.hadoop.ipc.Server$Handler.run(Server.java:2976) [hadoop-common-3.3.4.jar:?]
20:05:45.220 [IPC Server handler 19 on default port 40321] ERROR OMAudit - user=runner | ip=127.0.0.1 | op=GET_FILE_STATUS {volume=volume45206, bucket=bucket25127, key=.Trash/runner/Current/testKey2, dataSize=0, replicationConfig=null} | ret=FAILURE
org.apache.hadoop.ozone.om.exceptions.OMException: Unable to get file status: volume: volume45206 bucket: bucket25127 key: .Trash/runner/Current/testKey2
	at org.apache.hadoop.ozone.om.KeyManagerImpl.getOzoneFileStatus(KeyManagerImpl.java:1196) ~[ozone-manager-1.4.0-SNAPSHOT.jar:?]
	at org.apache.hadoop.ozone.om.KeyManagerImpl.getFileStatus(KeyManagerImpl.java:1114) ~[ozone-manager-1.4.0-SNAPSHOT.jar:?]
	at org.apache.hadoop.ozone.om.OmMetadataReader.getFileStatus(OmMetadataReader.java:288) ~[ozone-manager-1.4.0-SNAPSHOT.jar:?]
	at org.apache.hadoop.ozone.om.OzoneManager.getFileStatus(OzoneManager.java:3494) ~[ozone-manager-1.4.0-SNAPSHOT.jar:?]
	at org.apache.hadoop.ozone.protocolPB.OzoneManagerRequestHandler.getOzoneFileStatus(OzoneManagerRequestHandler.java:933) ~[ozone-manager-1.4.0-SNAPSHOT.jar:?]
	at org.apache.hadoop.ozone.protocolPB.OzoneManagerRequestHandler.handleReadRequest(OzoneManagerRequestHandler.java:238) ~[ozone-manager-1.4.0-SNAPSHOT.jar:?]
	at org.apache.hadoop.ozone.protocolPB.OzoneManagerProtocolServerSideTranslatorPB.submitRequestDirectlyToOM(OzoneManagerProtocolServerSideTranslatorPB.java:272) ~[ozone-manager-1.4.0-SNAPSHOT.jar:?]
	at org.apache.hadoop.ozone.protocolPB.OzoneManagerProtocolServerSideTranslatorPB.processRequest(OzoneManagerProtocolServerSideTranslatorPB.java:173) ~[ozone-manager-1.4.0-SNAPSHOT.jar:?]
	at org.apache.hadoop.hdds.server.OzoneProtocolMessageDispatcher.processRequest(OzoneProtocolMessageDispatcher.java:87) [hdds-server-framework-1.4.0-SNAPSHOT.jar:?]
	at org.apache.hadoop.ozone.protocolPB.OzoneManagerProtocolServerSideTranslatorPB.submitRequest(OzoneManagerProtocolServerSideTranslatorPB.java:147) [ozone-manager-1.4.0-SNAPSHOT.jar:?]
	at org.apache.hadoop.ozone.protocol.proto.OzoneManagerProtocolProtos$OzoneManagerService$2.callBlockingMethod(OzoneManagerProtocolProtos.java) [ozone-interface-client-1.4.0-SNAPSHOT.jar:?]
	at org.apache.hadoop.ipc.ProtobufRpcEngine$Server.processCall(ProtobufRpcEngine.java:465) [hadoop-common-3.3.4.jar:?]
	at org.apache.hadoop.ipc.ProtobufRpcEngine2$Server$ProtoBufRpcInvoker.call(ProtobufRpcEngine2.java:578) [hadoop-common-3.3.4.jar:?]
	at org.apache.hadoop.ipc.ProtobufRpcEngine2$Server$ProtoBufRpcInvoker.call(ProtobufRpcEngine2.java:556) [hadoop-common-3.3.4.jar:?]
	at org.apache.hadoop.ipc.RPC$Server.call(RPC.java:1093) [hadoop-common-3.3.4.jar:?]
	at org.apache.hadoop.ipc.Server$RpcCall.run(Server.java:1043) [hadoop-common-3.3.4.jar:?]
	at org.apache.hadoop.ipc.Server$RpcCall.run(Server.java:971) [hadoop-common-3.3.4.jar:?]
	at java.security.AccessController.doPrivileged(Native Method) ~[?:1.8.0_362]
	at javax.security.auth.Subject.doAs(Subject.java:422) [?:1.8.0_362]
	at org.apache.hadoop.security.UserGroupInformation.doAs(UserGroupInformation.java:1878) [hadoop-common-3.3.4.jar:?]
	at org.apache.hadoop.ipc.Server$Handler.run(Server.java:2976) [hadoop-common-3.3.4.jar:?]
2023-03-16 20:05:45,230 [Time-limited test] INFO  om.TrashPolicyOzone (TrashPolicyOzone.java:moveToTrash(209)) - Moved: '/testKey2' to trash at: /.Trash/runner/Current/testKey2
20:05:47.234 [IPC Server handler 16 on default port 40321] ERROR OMAudit - user=runner | ip=127.0.0.1 | op=GET_FILE_STATUS {volume=volume45206, bucket=bucket25127, key=.Trash/runner/Current/testKey2, dataSize=0, replicationConfig=null} | ret=FAILURE
org.apache.hadoop.ozone.om.exceptions.OMException: Unable to get file status: volume: volume45206 bucket: bucket25127 key: .Trash/runner/Current/testKey2
	at org.apache.hadoop.ozone.om.KeyManagerImpl.getOzoneFileStatus(KeyManagerImpl.java:1196) ~[ozone-manager-1.4.0-SNAPSHOT.jar:?]
	at org.apache.hadoop.ozone.om.KeyManagerImpl.getFileStatus(KeyManagerImpl.java:1114) ~[ozone-manager-1.4.0-SNAPSHOT.jar:?]
	at org.apache.hadoop.ozone.om.OmMetadataReader.getFileStatus(OmMetadataReader.java:288) ~[ozone-manager-1.4.0-SNAPSHOT.jar:?]
	at org.apache.hadoop.ozone.om.OzoneManager.getFileStatus(OzoneManager.java:3494) ~[ozone-manager-1.4.0-SNAPSHOT.jar:?]
	at org.apache.hadoop.ozone.protocolPB.OzoneManagerRequestHandler.getOzoneFileStatus(OzoneManagerRequestHandler.java:933) ~[ozone-manager-1.4.0-SNAPSHOT.jar:?]
	at org.apache.hadoop.ozone.protocolPB.OzoneManagerRequestHandler.handleReadRequest(OzoneManagerRequestHandler.java:238) ~[ozone-manager-1.4.0-SNAPSHOT.jar:?]
	at org.apache.hadoop.ozone.protocolPB.OzoneManagerProtocolServerSideTranslatorPB.submitRequestDirectlyToOM(OzoneManagerProtocolServerSideTranslatorPB.java:272) ~[ozone-manager-1.4.0-SNAPSHOT.jar:?]
	at org.apache.hadoop.ozone.protocolPB.OzoneManagerProtocolServerSideTranslatorPB.processRequest(OzoneManagerProtocolServerSideTranslatorPB.java:173) ~[ozone-manager-1.4.0-SNAPSHOT.jar:?]
	at org.apache.hadoop.hdds.server.OzoneProtocolMessageDispatcher.processRequest(OzoneProtocolMessageDispatcher.java:87) [hdds-server-framework-1.4.0-SNAPSHOT.jar:?]
	at org.apache.hadoop.ozone.protocolPB.OzoneManagerProtocolServerSideTranslatorPB.submitRequest(OzoneManagerProtocolServerSideTranslatorPB.java:147) [ozone-manager-1.4.0-SNAPSHOT.jar:?]
	at org.apache.hadoop.ozone.protocol.proto.OzoneManagerProtocolProtos$OzoneManagerService$2.callBlockingMethod(OzoneManagerProtocolProtos.java) [ozone-interface-client-1.4.0-SNAPSHOT.jar:?]
	at org.apache.hadoop.ipc.ProtobufRpcEngine$Server.processCall(ProtobufRpcEngine.java:465) [hadoop-common-3.3.4.jar:?]
	at org.apache.hadoop.ipc.ProtobufRpcEngine2$Server$ProtoBufRpcInvoker.call(ProtobufRpcEngine2.java:578) [hadoop-common-3.3.4.jar:?]
	at org.apache.hadoop.ipc.ProtobufRpcEngine2$Server$ProtoBufRpcInvoker.call(ProtobufRpcEngine2.java:556) [hadoop-common-3.3.4.jar:?]
	at org.apache.hadoop.ipc.RPC$Server.call(RPC.java:1093) [hadoop-common-3.3.4.jar:?]
	at org.apache.hadoop.ipc.Server$RpcCall.run(Server.java:1043) [hadoop-common-3.3.4.jar:?]
	at org.apache.hadoop.ipc.Server$RpcCall.run(Server.java:971) [hadoop-common-3.3.4.jar:?]
	at java.security.AccessController.doPrivileged(Native Method) ~[?:1.8.0_362]
	at javax.security.auth.Subject.doAs(Subject.java:422) [?:1.8.0_362]
	at org.apache.hadoop.security.UserGroupInformation.doAs(UserGroupInformation.java:1878) [hadoop-common-3.3.4.jar:?]
	at org.apache.hadoop.ipc.Server$Handler.run(Server.java:2976) [hadoop-common-3.3.4.jar:?]
]]></system-out>
  </testcase>
  <testcase name="testTrash" classname="TestOzoneFileSystem" time="4.038">
    <system-out><![CDATA[2023-03-16 20:06:50,167 [OM StateMachine ApplyTransaction Thread - 0] INFO  key.OMKeyRequest (OMKeyRequest.java:wrapUncommittedBlocksAsPseudoKey(838)) - Detect allocated but uncommitted blocks [{blockID={containerID=4, localID=111677748019200006}, length=4194304, offset=0, token=null, pipeline=null, createVersion=0, partNumber=0}] in key testKey2.
20:06:50.171 [IPC Server handler 8 on default port 37437] ERROR OMAudit - user=runner | ip=127.0.0.1 | op=GET_FILE_STATUS {volume=volume46233, bucket=bucket02547, key=.Trash/runner/Current/testKey2, dataSize=0, replicationConfig=null} | ret=FAILURE
org.apache.hadoop.ozone.om.exceptions.OMException: Unable to get file status: volume: volume46233 bucket: bucket02547 key: .Trash/runner/Current/testKey2
	at org.apache.hadoop.ozone.om.KeyManagerImpl.getOzoneFileStatus(KeyManagerImpl.java:1196) ~[ozone-manager-1.4.0-SNAPSHOT.jar:?]
	at org.apache.hadoop.ozone.om.KeyManagerImpl.getFileStatus(KeyManagerImpl.java:1114) ~[ozone-manager-1.4.0-SNAPSHOT.jar:?]
	at org.apache.hadoop.ozone.om.OmMetadataReader.getFileStatus(OmMetadataReader.java:288) ~[ozone-manager-1.4.0-SNAPSHOT.jar:?]
	at org.apache.hadoop.ozone.om.OzoneManager.getFileStatus(OzoneManager.java:3494) ~[ozone-manager-1.4.0-SNAPSHOT.jar:?]
	at org.apache.hadoop.ozone.protocolPB.OzoneManagerRequestHandler.getOzoneFileStatus(OzoneManagerRequestHandler.java:933) ~[ozone-manager-1.4.0-SNAPSHOT.jar:?]
	at org.apache.hadoop.ozone.protocolPB.OzoneManagerRequestHandler.handleReadRequest(OzoneManagerRequestHandler.java:238) ~[ozone-manager-1.4.0-SNAPSHOT.jar:?]
	at org.apache.hadoop.ozone.protocolPB.OzoneManagerProtocolServerSideTranslatorPB.submitReadRequestToOM(OzoneManagerProtocolServerSideTranslatorPB.java:223) ~[ozone-manager-1.4.0-SNAPSHOT.jar:?]
	at org.apache.hadoop.ozone.protocolPB.OzoneManagerProtocolServerSideTranslatorPB.processRequest(OzoneManagerProtocolServerSideTranslatorPB.java:177) ~[ozone-manager-1.4.0-SNAPSHOT.jar:?]
	at org.apache.hadoop.hdds.server.OzoneProtocolMessageDispatcher.processRequest(OzoneProtocolMessageDispatcher.java:87) [hdds-server-framework-1.4.0-SNAPSHOT.jar:?]
	at org.apache.hadoop.ozone.protocolPB.OzoneManagerProtocolServerSideTranslatorPB.submitRequest(OzoneManagerProtocolServerSideTranslatorPB.java:147) [ozone-manager-1.4.0-SNAPSHOT.jar:?]
	at org.apache.hadoop.ozone.protocol.proto.OzoneManagerProtocolProtos$OzoneManagerService$2.callBlockingMethod(OzoneManagerProtocolProtos.java) [ozone-interface-client-1.4.0-SNAPSHOT.jar:?]
	at org.apache.hadoop.ipc.ProtobufRpcEngine$Server.processCall(ProtobufRpcEngine.java:465) [hadoop-common-3.3.4.jar:?]
	at org.apache.hadoop.ipc.ProtobufRpcEngine2$Server$ProtoBufRpcInvoker.call(ProtobufRpcEngine2.java:578) [hadoop-common-3.3.4.jar:?]
	at org.apache.hadoop.ipc.ProtobufRpcEngine2$Server$ProtoBufRpcInvoker.call(ProtobufRpcEngine2.java:556) [hadoop-common-3.3.4.jar:?]
	at org.apache.hadoop.ipc.RPC$Server.call(RPC.java:1093) [hadoop-common-3.3.4.jar:?]
	at org.apache.hadoop.ipc.Server$RpcCall.run(Server.java:1043) [hadoop-common-3.3.4.jar:?]
	at org.apache.hadoop.ipc.Server$RpcCall.run(Server.java:971) [hadoop-common-3.3.4.jar:?]
	at java.security.AccessController.doPrivileged(Native Method) ~[?:1.8.0_362]
	at javax.security.auth.Subject.doAs(Subject.java:422) [?:1.8.0_362]
	at org.apache.hadoop.security.UserGroupInformation.doAs(UserGroupInformation.java:1878) [hadoop-common-3.3.4.jar:?]
	at org.apache.hadoop.ipc.Server$Handler.run(Server.java:2976) [hadoop-common-3.3.4.jar:?]
20:06:50.173 [IPC Server handler 17 on default port 37437] ERROR OMAudit - user=runner | ip=127.0.0.1 | op=GET_FILE_STATUS {volume=volume46233, bucket=bucket02547, key=.Trash/runner/Current/testKey2, dataSize=0, replicationConfig=null} | ret=FAILURE
org.apache.hadoop.ozone.om.exceptions.OMException: Unable to get file status: volume: volume46233 bucket: bucket02547 key: .Trash/runner/Current/testKey2
	at org.apache.hadoop.ozone.om.KeyManagerImpl.getOzoneFileStatus(KeyManagerImpl.java:1196) ~[ozone-manager-1.4.0-SNAPSHOT.jar:?]
	at org.apache.hadoop.ozone.om.KeyManagerImpl.getFileStatus(KeyManagerImpl.java:1114) ~[ozone-manager-1.4.0-SNAPSHOT.jar:?]
	at org.apache.hadoop.ozone.om.OmMetadataReader.getFileStatus(OmMetadataReader.java:288) ~[ozone-manager-1.4.0-SNAPSHOT.jar:?]
	at org.apache.hadoop.ozone.om.OzoneManager.getFileStatus(OzoneManager.java:3494) ~[ozone-manager-1.4.0-SNAPSHOT.jar:?]
	at org.apache.hadoop.ozone.protocolPB.OzoneManagerRequestHandler.getOzoneFileStatus(OzoneManagerRequestHandler.java:933) ~[ozone-manager-1.4.0-SNAPSHOT.jar:?]
	at org.apache.hadoop.ozone.protocolPB.OzoneManagerRequestHandler.handleReadRequest(OzoneManagerRequestHandler.java:238) ~[ozone-manager-1.4.0-SNAPSHOT.jar:?]
	at org.apache.hadoop.ozone.protocolPB.OzoneManagerProtocolServerSideTranslatorPB.submitReadRequestToOM(OzoneManagerProtocolServerSideTranslatorPB.java:223) ~[ozone-manager-1.4.0-SNAPSHOT.jar:?]
	at org.apache.hadoop.ozone.protocolPB.OzoneManagerProtocolServerSideTranslatorPB.processRequest(OzoneManagerProtocolServerSideTranslatorPB.java:177) ~[ozone-manager-1.4.0-SNAPSHOT.jar:?]
	at org.apache.hadoop.hdds.server.OzoneProtocolMessageDispatcher.processRequest(OzoneProtocolMessageDispatcher.java:87) [hdds-server-framework-1.4.0-SNAPSHOT.jar:?]
	at org.apache.hadoop.ozone.protocolPB.OzoneManagerProtocolServerSideTranslatorPB.submitRequest(OzoneManagerProtocolServerSideTranslatorPB.java:147) [ozone-manager-1.4.0-SNAPSHOT.jar:?]
	at org.apache.hadoop.ozone.protocol.proto.OzoneManagerProtocolProtos$OzoneManagerService$2.callBlockingMethod(OzoneManagerProtocolProtos.java) [ozone-interface-client-1.4.0-SNAPSHOT.jar:?]
	at org.apache.hadoop.ipc.ProtobufRpcEngine$Server.processCall(ProtobufRpcEngine.java:465) [hadoop-common-3.3.4.jar:?]
	at org.apache.hadoop.ipc.ProtobufRpcEngine2$Server$ProtoBufRpcInvoker.call(ProtobufRpcEngine2.java:578) [hadoop-common-3.3.4.jar:?]
	at org.apache.hadoop.ipc.ProtobufRpcEngine2$Server$ProtoBufRpcInvoker.call(ProtobufRpcEngine2.java:556) [hadoop-common-3.3.4.jar:?]
	at org.apache.hadoop.ipc.RPC$Server.call(RPC.java:1093) [hadoop-common-3.3.4.jar:?]
	at org.apache.hadoop.ipc.Server$RpcCall.run(Server.java:1043) [hadoop-common-3.3.4.jar:?]
	at org.apache.hadoop.ipc.Server$RpcCall.run(Server.java:971) [hadoop-common-3.3.4.jar:?]
	at java.security.AccessController.doPrivileged(Native Method) ~[?:1.8.0_362]
	at javax.security.auth.Subject.doAs(Subject.java:422) [?:1.8.0_362]
	at org.apache.hadoop.security.UserGroupInformation.doAs(UserGroupInformation.java:1878) [hadoop-common-3.3.4.jar:?]
	at org.apache.hadoop.ipc.Server$Handler.run(Server.java:2976) [hadoop-common-3.3.4.jar:?]
2023-03-16 20:06:50,179 [Time-limited test] INFO  om.TrashPolicyOzone (TrashPolicyOzone.java:moveToTrash(209)) - Moved: '/testKey2' to trash at: /.Trash/runner/Current/testKey2
2023-03-16 20:06:50,396 [ebbc2a03-53b4-4736-a1f5-3eecd05c2e3b@group-1004FFE59F01-FollowerState] INFO  impl.FollowerState (FollowerState.java:run(143)) - ebbc2a03-53b4-4736-a1f5-3eecd05c2e3b@group-1004FFE59F01-FollowerState: change to CANDIDATE, lastRpcElapsedTime:5160635900ns, electionTimeout:5159ms
2023-03-16 20:06:50,396 [ebbc2a03-53b4-4736-a1f5-3eecd05c2e3b@group-1004FFE59F01-FollowerState] INFO  impl.RoleInfo (RoleInfo.java:shutdownFollowerState(110)) - ebbc2a03-53b4-4736-a1f5-3eecd05c2e3b: shutdown ebbc2a03-53b4-4736-a1f5-3eecd05c2e3b@group-1004FFE59F01-FollowerState
2023-03-16 20:06:50,396 [ebbc2a03-53b4-4736-a1f5-3eecd05c2e3b@group-1004FFE59F01-FollowerState] INFO  server.RaftServer$Division (RaftServerImpl.java:setRole(321)) - ebbc2a03-53b4-4736-a1f5-3eecd05c2e3b@group-1004FFE59F01: changes role from  FOLLOWER to CANDIDATE at term 0 for changeToCandidate
2023-03-16 20:06:50,396 [ebbc2a03-53b4-4736-a1f5-3eecd05c2e3b@group-1004FFE59F01-FollowerState] INFO  server.RaftServerConfigKeys (ConfUtils.java:logGet(46)) - raft.server.leaderelection.pre-vote = true (default)
2023-03-16 20:06:50,396 [ebbc2a03-53b4-4736-a1f5-3eecd05c2e3b@group-1004FFE59F01-FollowerState] INFO  impl.RoleInfo (RoleInfo.java:updateAndGet(139)) - ebbc2a03-53b4-4736-a1f5-3eecd05c2e3b: start ebbc2a03-53b4-4736-a1f5-3eecd05c2e3b@group-1004FFE59F01-LeaderElection27
2023-03-16 20:06:50,399 [ebbc2a03-53b4-4736-a1f5-3eecd05c2e3b@group-1004FFE59F01-LeaderElection27] INFO  impl.LeaderElection (LeaderElection.java:askForVotes(312)) - ebbc2a03-53b4-4736-a1f5-3eecd05c2e3b@group-1004FFE59F01-LeaderElection27 PRE_VOTE round 0: submit vote requests at term 0 for -1: peers:[ebbc2a03-53b4-4736-a1f5-3eecd05c2e3b|rpc:10.1.0.41:34105|dataStream:10.1.0.41:36207|priority:1|startupRole:FOLLOWER]|listeners:[], old=null
2023-03-16 20:06:50,399 [ebbc2a03-53b4-4736-a1f5-3eecd05c2e3b@group-1004FFE59F01-LeaderElection27] INFO  impl.LeaderElection (LeaderElection.java:askForVotes(314)) - ebbc2a03-53b4-4736-a1f5-3eecd05c2e3b@group-1004FFE59F01-LeaderElection27 PRE_VOTE round 0: result PASSED (term=0)
2023-03-16 20:06:50,401 [ebbc2a03-53b4-4736-a1f5-3eecd05c2e3b@group-1004FFE59F01-LeaderElection27] INFO  impl.LeaderElection (LeaderElection.java:askForVotes(312)) - ebbc2a03-53b4-4736-a1f5-3eecd05c2e3b@group-1004FFE59F01-LeaderElection27 ELECTION round 0: submit vote requests at term 1 for -1: peers:[ebbc2a03-53b4-4736-a1f5-3eecd05c2e3b|rpc:10.1.0.41:34105|dataStream:10.1.0.41:36207|priority:1|startupRole:FOLLOWER]|listeners:[], old=null
2023-03-16 20:06:50,401 [ebbc2a03-53b4-4736-a1f5-3eecd05c2e3b@group-1004FFE59F01-LeaderElection27] INFO  impl.LeaderElection (LeaderElection.java:askForVotes(314)) - ebbc2a03-53b4-4736-a1f5-3eecd05c2e3b@group-1004FFE59F01-LeaderElection27 ELECTION round 0: result PASSED (term=1)
2023-03-16 20:06:50,401 [ebbc2a03-53b4-4736-a1f5-3eecd05c2e3b@group-1004FFE59F01-LeaderElection27] INFO  impl.RoleInfo (RoleInfo.java:shutdownLeaderElection(130)) - ebbc2a03-53b4-4736-a1f5-3eecd05c2e3b: shutdown ebbc2a03-53b4-4736-a1f5-3eecd05c2e3b@group-1004FFE59F01-LeaderElection27
2023-03-16 20:06:50,401 [ebbc2a03-53b4-4736-a1f5-3eecd05c2e3b@group-1004FFE59F01-LeaderElection27] INFO  server.RaftServer$Division (RaftServerImpl.java:setRole(321)) - ebbc2a03-53b4-4736-a1f5-3eecd05c2e3b@group-1004FFE59F01: changes role from CANDIDATE to LEADER at term 1 for changeToLeader
2023-03-16 20:06:50,401 [ebbc2a03-53b4-4736-a1f5-3eecd05c2e3b@group-1004FFE59F01-LeaderElection27] INFO  ratis.XceiverServerRatis (XceiverServerRatis.java:handleLeaderChangedNotification(905)) - Leader change notification received for group: group-1004FFE59F01 with new leaderId: ebbc2a03-53b4-4736-a1f5-3eecd05c2e3b
2023-03-16 20:06:50,401 [ebbc2a03-53b4-4736-a1f5-3eecd05c2e3b@group-1004FFE59F01-LeaderElection27] INFO  server.RaftServer$Division (ServerState.java:setLeader(313)) - ebbc2a03-53b4-4736-a1f5-3eecd05c2e3b@group-1004FFE59F01: change Leader from null to ebbc2a03-53b4-4736-a1f5-3eecd05c2e3b at term 1 for becomeLeader, leader elected after 5184ms
2023-03-16 20:06:50,402 [ebbc2a03-53b4-4736-a1f5-3eecd05c2e3b@group-1004FFE59F01-LeaderElection27] INFO  server.RaftServerConfigKeys (ConfUtils.java:logGet(46)) - raft.server.staging.catchup.gap = 1000 (default)
2023-03-16 20:06:50,402 [ebbc2a03-53b4-4736-a1f5-3eecd05c2e3b@group-1004FFE59F01-LeaderElection27] INFO  server.RaftServerConfigKeys (ConfUtils.java:logGet(46)) - raft.server.write.element-limit = 1024 (custom)
2023-03-16 20:06:50,402 [ebbc2a03-53b4-4736-a1f5-3eecd05c2e3b@group-1004FFE59F01-LeaderElection27] INFO  server.RaftServerConfigKeys (ConfUtils.java:logGet(46)) - raft.server.write.byte-limit = 1024 M (=1073741824) (custom)
2023-03-16 20:06:50,402 [ebbc2a03-53b4-4736-a1f5-3eecd05c2e3b@group-1004FFE59F01-LeaderElection27] INFO  server.RaftServerConfigKeys (ConfUtils.java:logGet(46)) - raft.server.watch.timeout = 180s (custom)
2023-03-16 20:06:50,402 [ebbc2a03-53b4-4736-a1f5-3eecd05c2e3b@group-1004FFE59F01-LeaderElection27] INFO  server.RaftServerConfigKeys (ConfUtils.java:logGet(46)) - raft.server.watch.timeout.denomination = 1s (default)
2023-03-16 20:06:50,402 [ebbc2a03-53b4-4736-a1f5-3eecd05c2e3b@group-1004FFE59F01-LeaderElection27] INFO  server.RaftServerConfigKeys (ConfUtils.java:logGet(46)) - raft.server.watch.element-limit = 65536 (default)
2023-03-16 20:06:50,403 [ebbc2a03-53b4-4736-a1f5-3eecd05c2e3b@group-1004FFE59F01-LeaderElection27] INFO  server.RaftServerConfigKeys (ConfUtils.java:logGet(46)) - raft.server.write.element-limit = 1024 (custom)
2023-03-16 20:06:50,403 [ebbc2a03-53b4-4736-a1f5-3eecd05c2e3b@group-1004FFE59F01-LeaderElection27] INFO  server.RaftServerConfigKeys (ConfUtils.java:logGet(46)) - raft.server.write.follower.gap.ratio.max = -1.0 (default)
2023-03-16 20:06:50,403 [ebbc2a03-53b4-4736-a1f5-3eecd05c2e3b@group-1004FFE59F01-LeaderElection27] INFO  impl.RoleInfo (RoleInfo.java:updateAndGet(139)) - ebbc2a03-53b4-4736-a1f5-3eecd05c2e3b: start ebbc2a03-53b4-4736-a1f5-3eecd05c2e3b@group-1004FFE59F01-LeaderStateImpl
2023-03-16 20:06:50,403 [ebbc2a03-53b4-4736-a1f5-3eecd05c2e3b@group-1004FFE59F01-LeaderElection27] INFO  segmented.SegmentedRaftLogWorker (SegmentedRaftLogWorker.java:startLogSegment(452)) - ebbc2a03-53b4-4736-a1f5-3eecd05c2e3b@group-1004FFE59F01-SegmentedRaftLogWorker: Starting segment from index:0
2023-03-16 20:06:50,406 [ebbc2a03-53b4-4736-a1f5-3eecd05c2e3b@group-1004FFE59F01-LeaderElection27] INFO  server.RaftServer$Division (ServerState.java:setRaftConf(430)) - ebbc2a03-53b4-4736-a1f5-3eecd05c2e3b@group-1004FFE59F01: set configuration 0: peers:[ebbc2a03-53b4-4736-a1f5-3eecd05c2e3b|rpc:10.1.0.41:34105|dataStream:10.1.0.41:36207|priority:1|startupRole:FOLLOWER]|listeners:[], old=null
2023-03-16 20:06:50,408 [ebbc2a03-53b4-4736-a1f5-3eecd05c2e3b@group-1004FFE59F01-SegmentedRaftLogWorker] INFO  segmented.SegmentedRaftLogWorker (SegmentedRaftLogWorker.java:execute(656)) - ebbc2a03-53b4-4736-a1f5-3eecd05c2e3b@group-1004FFE59F01-SegmentedRaftLogWorker: created new log segment /home/runner/work/ozone/ozone/hadoop-ozone/integration-test/target/test-dir/MiniOzoneClusterImpl-5d34faf9-8c61-4fd7-9f59-d81d67eb328e/datanode-4/data/ratis/4dd401a9-d0d7-47d8-af33-1004ffe59f01/current/log_inprogress_0
20:06:51.181 [IPC Server handler 9 on default port 37437] ERROR OMAudit - user=runner | ip=127.0.0.1 | op=GET_FILE_STATUS {volume=volume46233, bucket=bucket02547, key=.Trash/runner/Current/testKey2, dataSize=0, replicationConfig=null} | ret=FAILURE
org.apache.hadoop.ozone.om.exceptions.OMException: Unable to get file status: volume: volume46233 bucket: bucket02547 key: .Trash/runner/Current/testKey2
	at org.apache.hadoop.ozone.om.KeyManagerImpl.getOzoneFileStatus(KeyManagerImpl.java:1196) ~[ozone-manager-1.4.0-SNAPSHOT.jar:?]
	at org.apache.hadoop.ozone.om.KeyManagerImpl.getFileStatus(KeyManagerImpl.java:1114) ~[ozone-manager-1.4.0-SNAPSHOT.jar:?]
	at org.apache.hadoop.ozone.om.OmMetadataReader.getFileStatus(OmMetadataReader.java:288) ~[ozone-manager-1.4.0-SNAPSHOT.jar:?]
	at org.apache.hadoop.ozone.om.OzoneManager.getFileStatus(OzoneManager.java:3494) ~[ozone-manager-1.4.0-SNAPSHOT.jar:?]
	at org.apache.hadoop.ozone.protocolPB.OzoneManagerRequestHandler.getOzoneFileStatus(OzoneManagerRequestHandler.java:933) ~[ozone-manager-1.4.0-SNAPSHOT.jar:?]
	at org.apache.hadoop.ozone.protocolPB.OzoneManagerRequestHandler.handleReadRequest(OzoneManagerRequestHandler.java:238) ~[ozone-manager-1.4.0-SNAPSHOT.jar:?]
	at org.apache.hadoop.ozone.protocolPB.OzoneManagerProtocolServerSideTranslatorPB.submitReadRequestToOM(OzoneManagerProtocolServerSideTranslatorPB.java:223) ~[ozone-manager-1.4.0-SNAPSHOT.jar:?]
	at org.apache.hadoop.ozone.protocolPB.OzoneManagerProtocolServerSideTranslatorPB.processRequest(OzoneManagerProtocolServerSideTranslatorPB.java:177) ~[ozone-manager-1.4.0-SNAPSHOT.jar:?]
	at org.apache.hadoop.hdds.server.OzoneProtocolMessageDispatcher.processRequest(OzoneProtocolMessageDispatcher.java:87) [hdds-server-framework-1.4.0-SNAPSHOT.jar:?]
	at org.apache.hadoop.ozone.protocolPB.OzoneManagerProtocolServerSideTranslatorPB.submitRequest(OzoneManagerProtocolServerSideTranslatorPB.java:147) [ozone-manager-1.4.0-SNAPSHOT.jar:?]
	at org.apache.hadoop.ozone.protocol.proto.OzoneManagerProtocolProtos$OzoneManagerService$2.callBlockingMethod(OzoneManagerProtocolProtos.java) [ozone-interface-client-1.4.0-SNAPSHOT.jar:?]
	at org.apache.hadoop.ipc.ProtobufRpcEngine$Server.processCall(ProtobufRpcEngine.java:465) [hadoop-common-3.3.4.jar:?]
	at org.apache.hadoop.ipc.ProtobufRpcEngine2$Server$ProtoBufRpcInvoker.call(ProtobufRpcEngine2.java:578) [hadoop-common-3.3.4.jar:?]
	at org.apache.hadoop.ipc.ProtobufRpcEngine2$Server$ProtoBufRpcInvoker.call(ProtobufRpcEngine2.java:556) [hadoop-common-3.3.4.jar:?]
	at org.apache.hadoop.ipc.RPC$Server.call(RPC.java:1093) [hadoop-common-3.3.4.jar:?]
	at org.apache.hadoop.ipc.Server$RpcCall.run(Server.java:1043) [hadoop-common-3.3.4.jar:?]
	at org.apache.hadoop.ipc.Server$RpcCall.run(Server.java:971) [hadoop-common-3.3.4.jar:?]
	at java.security.AccessController.doPrivileged(Native Method) ~[?:1.8.0_362]
	at javax.security.auth.Subject.doAs(Subject.java:422) [?:1.8.0_362]
	at org.apache.hadoop.security.UserGroupInformation.doAs(UserGroupInformation.java:1878) [hadoop-common-3.3.4.jar:?]
	at org.apache.hadoop.ipc.Server$Handler.run(Server.java:2976) [hadoop-common-3.3.4.jar:?]
]]></system-out>
  </testcase>
  <testcase name="testTrash" classname="TestOzoneFileSystem" time="4.022">
    <system-out><![CDATA[2023-03-16 20:08:08,935 [IPC Server handler 10 on default port 41725] INFO  key.OMKeyRequest (OMKeyRequest.java:wrapUncommittedBlocksAsPseudoKey(838)) - Detect allocated but uncommitted blocks [{blockID={containerID=4, localID=111677748019200006}, length=4194304, offset=0, token=null, pipeline=null, createVersion=0, partNumber=0}] in key testKey2.
20:08:08.938 [IPC Server handler 1 on default port 41725] ERROR OMAudit - user=runner | ip=127.0.0.1 | op=GET_FILE_STATUS {volume=volume10450, bucket=bucket92716, key=.Trash/runner/Current/testKey2, dataSize=0, replicationConfig=null} | ret=FAILURE
org.apache.hadoop.ozone.om.exceptions.OMException: Unable to get file status: volume: volume10450 bucket: bucket92716 key: .Trash/runner/Current/testKey2
	at org.apache.hadoop.ozone.om.KeyManagerImpl.getOzoneFileStatus(KeyManagerImpl.java:1196) ~[ozone-manager-1.4.0-SNAPSHOT.jar:?]
	at org.apache.hadoop.ozone.om.KeyManagerImpl.getFileStatus(KeyManagerImpl.java:1114) ~[ozone-manager-1.4.0-SNAPSHOT.jar:?]
	at org.apache.hadoop.ozone.om.OmMetadataReader.getFileStatus(OmMetadataReader.java:288) ~[ozone-manager-1.4.0-SNAPSHOT.jar:?]
	at org.apache.hadoop.ozone.om.OzoneManager.getFileStatus(OzoneManager.java:3494) ~[ozone-manager-1.4.0-SNAPSHOT.jar:?]
	at org.apache.hadoop.ozone.protocolPB.OzoneManagerRequestHandler.getOzoneFileStatus(OzoneManagerRequestHandler.java:933) ~[ozone-manager-1.4.0-SNAPSHOT.jar:?]
	at org.apache.hadoop.ozone.protocolPB.OzoneManagerRequestHandler.handleReadRequest(OzoneManagerRequestHandler.java:238) ~[ozone-manager-1.4.0-SNAPSHOT.jar:?]
	at org.apache.hadoop.ozone.protocolPB.OzoneManagerProtocolServerSideTranslatorPB.submitRequestDirectlyToOM(OzoneManagerProtocolServerSideTranslatorPB.java:272) ~[ozone-manager-1.4.0-SNAPSHOT.jar:?]
	at org.apache.hadoop.ozone.protocolPB.OzoneManagerProtocolServerSideTranslatorPB.processRequest(OzoneManagerProtocolServerSideTranslatorPB.java:173) ~[ozone-manager-1.4.0-SNAPSHOT.jar:?]
	at org.apache.hadoop.hdds.server.OzoneProtocolMessageDispatcher.processRequest(OzoneProtocolMessageDispatcher.java:87) [hdds-server-framework-1.4.0-SNAPSHOT.jar:?]
	at org.apache.hadoop.ozone.protocolPB.OzoneManagerProtocolServerSideTranslatorPB.submitRequest(OzoneManagerProtocolServerSideTranslatorPB.java:147) [ozone-manager-1.4.0-SNAPSHOT.jar:?]
	at org.apache.hadoop.ozone.protocol.proto.OzoneManagerProtocolProtos$OzoneManagerService$2.callBlockingMethod(OzoneManagerProtocolProtos.java) [ozone-interface-client-1.4.0-SNAPSHOT.jar:?]
	at org.apache.hadoop.ipc.ProtobufRpcEngine$Server.processCall(ProtobufRpcEngine.java:465) [hadoop-common-3.3.4.jar:?]
	at org.apache.hadoop.ipc.ProtobufRpcEngine2$Server$ProtoBufRpcInvoker.call(ProtobufRpcEngine2.java:578) [hadoop-common-3.3.4.jar:?]
	at org.apache.hadoop.ipc.ProtobufRpcEngine2$Server$ProtoBufRpcInvoker.call(ProtobufRpcEngine2.java:556) [hadoop-common-3.3.4.jar:?]
	at org.apache.hadoop.ipc.RPC$Server.call(RPC.java:1093) [hadoop-common-3.3.4.jar:?]
	at org.apache.hadoop.ipc.Server$RpcCall.run(Server.java:1043) [hadoop-common-3.3.4.jar:?]
	at org.apache.hadoop.ipc.Server$RpcCall.run(Server.java:971) [hadoop-common-3.3.4.jar:?]
	at java.security.AccessController.doPrivileged(Native Method) ~[?:1.8.0_362]
	at javax.security.auth.Subject.doAs(Subject.java:422) [?:1.8.0_362]
	at org.apache.hadoop.security.UserGroupInformation.doAs(UserGroupInformation.java:1878) [hadoop-common-3.3.4.jar:?]
	at org.apache.hadoop.ipc.Server$Handler.run(Server.java:2976) [hadoop-common-3.3.4.jar:?]
20:08:08.939 [IPC Server handler 7 on default port 41725] ERROR OMAudit - user=runner | ip=127.0.0.1 | op=GET_FILE_STATUS {volume=volume10450, bucket=bucket92716, key=.Trash/runner/Current/testKey2, dataSize=0, replicationConfig=null} | ret=FAILURE
org.apache.hadoop.ozone.om.exceptions.OMException: Unable to get file status: volume: volume10450 bucket: bucket92716 key: .Trash/runner/Current/testKey2
	at org.apache.hadoop.ozone.om.KeyManagerImpl.getOzoneFileStatus(KeyManagerImpl.java:1196) ~[ozone-manager-1.4.0-SNAPSHOT.jar:?]
	at org.apache.hadoop.ozone.om.KeyManagerImpl.getFileStatus(KeyManagerImpl.java:1114) ~[ozone-manager-1.4.0-SNAPSHOT.jar:?]
	at org.apache.hadoop.ozone.om.OmMetadataReader.getFileStatus(OmMetadataReader.java:288) ~[ozone-manager-1.4.0-SNAPSHOT.jar:?]
	at org.apache.hadoop.ozone.om.OzoneManager.getFileStatus(OzoneManager.java:3494) ~[ozone-manager-1.4.0-SNAPSHOT.jar:?]
	at org.apache.hadoop.ozone.protocolPB.OzoneManagerRequestHandler.getOzoneFileStatus(OzoneManagerRequestHandler.java:933) ~[ozone-manager-1.4.0-SNAPSHOT.jar:?]
	at org.apache.hadoop.ozone.protocolPB.OzoneManagerRequestHandler.handleReadRequest(OzoneManagerRequestHandler.java:238) ~[ozone-manager-1.4.0-SNAPSHOT.jar:?]
	at org.apache.hadoop.ozone.protocolPB.OzoneManagerProtocolServerSideTranslatorPB.submitRequestDirectlyToOM(OzoneManagerProtocolServerSideTranslatorPB.java:272) ~[ozone-manager-1.4.0-SNAPSHOT.jar:?]
	at org.apache.hadoop.ozone.protocolPB.OzoneManagerProtocolServerSideTranslatorPB.processRequest(OzoneManagerProtocolServerSideTranslatorPB.java:173) ~[ozone-manager-1.4.0-SNAPSHOT.jar:?]
	at org.apache.hadoop.hdds.server.OzoneProtocolMessageDispatcher.processRequest(OzoneProtocolMessageDispatcher.java:87) [hdds-server-framework-1.4.0-SNAPSHOT.jar:?]
	at org.apache.hadoop.ozone.protocolPB.OzoneManagerProtocolServerSideTranslatorPB.submitRequest(OzoneManagerProtocolServerSideTranslatorPB.java:147) [ozone-manager-1.4.0-SNAPSHOT.jar:?]
	at org.apache.hadoop.ozone.protocol.proto.OzoneManagerProtocolProtos$OzoneManagerService$2.callBlockingMethod(OzoneManagerProtocolProtos.java) [ozone-interface-client-1.4.0-SNAPSHOT.jar:?]
	at org.apache.hadoop.ipc.ProtobufRpcEngine$Server.processCall(ProtobufRpcEngine.java:465) [hadoop-common-3.3.4.jar:?]
	at org.apache.hadoop.ipc.ProtobufRpcEngine2$Server$ProtoBufRpcInvoker.call(ProtobufRpcEngine2.java:578) [hadoop-common-3.3.4.jar:?]
	at org.apache.hadoop.ipc.ProtobufRpcEngine2$Server$ProtoBufRpcInvoker.call(ProtobufRpcEngine2.java:556) [hadoop-common-3.3.4.jar:?]
	at org.apache.hadoop.ipc.RPC$Server.call(RPC.java:1093) [hadoop-common-3.3.4.jar:?]
	at org.apache.hadoop.ipc.Server$RpcCall.run(Server.java:1043) [hadoop-common-3.3.4.jar:?]
	at org.apache.hadoop.ipc.Server$RpcCall.run(Server.java:971) [hadoop-common-3.3.4.jar:?]
	at java.security.AccessController.doPrivileged(Native Method) ~[?:1.8.0_362]
	at javax.security.auth.Subject.doAs(Subject.java:422) [?:1.8.0_362]
	at org.apache.hadoop.security.UserGroupInformation.doAs(UserGroupInformation.java:1878) [hadoop-common-3.3.4.jar:?]
	at org.apache.hadoop.ipc.Server$Handler.run(Server.java:2976) [hadoop-common-3.3.4.jar:?]
2023-03-16 20:08:08,942 [Time-limited test] INFO  om.TrashPolicyOzone (TrashPolicyOzone.java:moveToTrash(209)) - Moved: '/testKey2' to trash at: /.Trash/runner/Current/testKey2
2023-03-16 20:08:09,226 [f6cec9cd-4412-4a1e-af36-3453d03b0f80@group-211A62C94A0B-FollowerState] INFO  impl.FollowerState (FollowerState.java:run(143)) - f6cec9cd-4412-4a1e-af36-3453d03b0f80@group-211A62C94A0B-FollowerState: change to CANDIDATE, lastRpcElapsedTime:5045291127ns, electionTimeout:5043ms
2023-03-16 20:08:09,227 [f6cec9cd-4412-4a1e-af36-3453d03b0f80@group-211A62C94A0B-FollowerState] INFO  impl.RoleInfo (RoleInfo.java:shutdownFollowerState(110)) - f6cec9cd-4412-4a1e-af36-3453d03b0f80: shutdown f6cec9cd-4412-4a1e-af36-3453d03b0f80@group-211A62C94A0B-FollowerState
2023-03-16 20:08:09,227 [f6cec9cd-4412-4a1e-af36-3453d03b0f80@group-211A62C94A0B-FollowerState] INFO  server.RaftServer$Division (RaftServerImpl.java:setRole(321)) - f6cec9cd-4412-4a1e-af36-3453d03b0f80@group-211A62C94A0B: changes role from  FOLLOWER to CANDIDATE at term 0 for changeToCandidate
2023-03-16 20:08:09,227 [f6cec9cd-4412-4a1e-af36-3453d03b0f80@group-211A62C94A0B-FollowerState] INFO  server.RaftServerConfigKeys (ConfUtils.java:logGet(46)) - raft.server.leaderelection.pre-vote = true (default)
2023-03-16 20:08:09,227 [f6cec9cd-4412-4a1e-af36-3453d03b0f80@group-211A62C94A0B-FollowerState] INFO  impl.RoleInfo (RoleInfo.java:updateAndGet(139)) - f6cec9cd-4412-4a1e-af36-3453d03b0f80: start f6cec9cd-4412-4a1e-af36-3453d03b0f80@group-211A62C94A0B-LeaderElection36
2023-03-16 20:08:09,230 [f6cec9cd-4412-4a1e-af36-3453d03b0f80@group-211A62C94A0B-LeaderElection36] INFO  impl.LeaderElection (LeaderElection.java:askForVotes(312)) - f6cec9cd-4412-4a1e-af36-3453d03b0f80@group-211A62C94A0B-LeaderElection36 PRE_VOTE round 0: submit vote requests at term 0 for -1: peers:[f6cec9cd-4412-4a1e-af36-3453d03b0f80|rpc:10.1.0.41:45065|dataStream:10.1.0.41:36285|priority:1|startupRole:FOLLOWER]|listeners:[], old=null
2023-03-16 20:08:09,230 [f6cec9cd-4412-4a1e-af36-3453d03b0f80@group-211A62C94A0B-LeaderElection36] INFO  impl.LeaderElection (LeaderElection.java:askForVotes(314)) - f6cec9cd-4412-4a1e-af36-3453d03b0f80@group-211A62C94A0B-LeaderElection36 PRE_VOTE round 0: result PASSED (term=0)
2023-03-16 20:08:09,232 [f6cec9cd-4412-4a1e-af36-3453d03b0f80@group-211A62C94A0B-LeaderElection36] INFO  impl.LeaderElection (LeaderElection.java:askForVotes(312)) - f6cec9cd-4412-4a1e-af36-3453d03b0f80@group-211A62C94A0B-LeaderElection36 ELECTION round 0: submit vote requests at term 1 for -1: peers:[f6cec9cd-4412-4a1e-af36-3453d03b0f80|rpc:10.1.0.41:45065|dataStream:10.1.0.41:36285|priority:1|startupRole:FOLLOWER]|listeners:[], old=null
2023-03-16 20:08:09,232 [f6cec9cd-4412-4a1e-af36-3453d03b0f80@group-211A62C94A0B-LeaderElection36] INFO  impl.LeaderElection (LeaderElection.java:askForVotes(314)) - f6cec9cd-4412-4a1e-af36-3453d03b0f80@group-211A62C94A0B-LeaderElection36 ELECTION round 0: result PASSED (term=1)
2023-03-16 20:08:09,232 [f6cec9cd-4412-4a1e-af36-3453d03b0f80@group-211A62C94A0B-LeaderElection36] INFO  impl.RoleInfo (RoleInfo.java:shutdownLeaderElection(130)) - f6cec9cd-4412-4a1e-af36-3453d03b0f80: shutdown f6cec9cd-4412-4a1e-af36-3453d03b0f80@group-211A62C94A0B-LeaderElection36
2023-03-16 20:08:09,232 [f6cec9cd-4412-4a1e-af36-3453d03b0f80@group-211A62C94A0B-LeaderElection36] INFO  server.RaftServer$Division (RaftServerImpl.java:setRole(321)) - f6cec9cd-4412-4a1e-af36-3453d03b0f80@group-211A62C94A0B: changes role from CANDIDATE to LEADER at term 1 for changeToLeader
2023-03-16 20:08:09,232 [f6cec9cd-4412-4a1e-af36-3453d03b0f80@group-211A62C94A0B-LeaderElection36] INFO  ratis.XceiverServerRatis (XceiverServerRatis.java:handleLeaderChangedNotification(905)) - Leader change notification received for group: group-211A62C94A0B with new leaderId: f6cec9cd-4412-4a1e-af36-3453d03b0f80
2023-03-16 20:08:09,232 [f6cec9cd-4412-4a1e-af36-3453d03b0f80@group-211A62C94A0B-LeaderElection36] INFO  server.RaftServer$Division (ServerState.java:setLeader(313)) - f6cec9cd-4412-4a1e-af36-3453d03b0f80@group-211A62C94A0B: change Leader from null to f6cec9cd-4412-4a1e-af36-3453d03b0f80 at term 1 for becomeLeader, leader elected after 5080ms
2023-03-16 20:08:09,232 [f6cec9cd-4412-4a1e-af36-3453d03b0f80@group-211A62C94A0B-LeaderElection36] INFO  server.RaftServerConfigKeys (ConfUtils.java:logGet(46)) - raft.server.staging.catchup.gap = 1000 (default)
2023-03-16 20:08:09,232 [f6cec9cd-4412-4a1e-af36-3453d03b0f80@group-211A62C94A0B-LeaderElection36] INFO  server.RaftServerConfigKeys (ConfUtils.java:logGet(46)) - raft.server.write.element-limit = 1024 (custom)
2023-03-16 20:08:09,233 [f6cec9cd-4412-4a1e-af36-3453d03b0f80@group-211A62C94A0B-LeaderElection36] INFO  server.RaftServerConfigKeys (ConfUtils.java:logGet(46)) - raft.server.write.byte-limit = 1024 M (=1073741824) (custom)
2023-03-16 20:08:09,233 [f6cec9cd-4412-4a1e-af36-3453d03b0f80@group-211A62C94A0B-LeaderElection36] INFO  server.RaftServerConfigKeys (ConfUtils.java:logGet(46)) - raft.server.watch.timeout = 180s (custom)
2023-03-16 20:08:09,233 [f6cec9cd-4412-4a1e-af36-3453d03b0f80@group-211A62C94A0B-LeaderElection36] INFO  server.RaftServerConfigKeys (ConfUtils.java:logGet(46)) - raft.server.watch.timeout.denomination = 1s (default)
2023-03-16 20:08:09,233 [f6cec9cd-4412-4a1e-af36-3453d03b0f80@group-211A62C94A0B-LeaderElection36] INFO  server.RaftServerConfigKeys (ConfUtils.java:logGet(46)) - raft.server.watch.element-limit = 65536 (default)
2023-03-16 20:08:09,233 [f6cec9cd-4412-4a1e-af36-3453d03b0f80@group-211A62C94A0B-LeaderElection36] INFO  server.RaftServerConfigKeys (ConfUtils.java:logGet(46)) - raft.server.write.element-limit = 1024 (custom)
2023-03-16 20:08:09,233 [f6cec9cd-4412-4a1e-af36-3453d03b0f80@group-211A62C94A0B-LeaderElection36] INFO  server.RaftServerConfigKeys (ConfUtils.java:logGet(46)) - raft.server.write.follower.gap.ratio.max = -1.0 (default)
2023-03-16 20:08:09,233 [f6cec9cd-4412-4a1e-af36-3453d03b0f80@group-211A62C94A0B-LeaderElection36] INFO  impl.RoleInfo (RoleInfo.java:updateAndGet(139)) - f6cec9cd-4412-4a1e-af36-3453d03b0f80: start f6cec9cd-4412-4a1e-af36-3453d03b0f80@group-211A62C94A0B-LeaderStateImpl
2023-03-16 20:08:09,233 [f6cec9cd-4412-4a1e-af36-3453d03b0f80@group-211A62C94A0B-LeaderElection36] INFO  segmented.SegmentedRaftLogWorker (SegmentedRaftLogWorker.java:startLogSegment(452)) - f6cec9cd-4412-4a1e-af36-3453d03b0f80@group-211A62C94A0B-SegmentedRaftLogWorker: Starting segment from index:0
2023-03-16 20:08:09,234 [f6cec9cd-4412-4a1e-af36-3453d03b0f80@group-211A62C94A0B-LeaderElection36] INFO  server.RaftServer$Division (ServerState.java:setRaftConf(430)) - f6cec9cd-4412-4a1e-af36-3453d03b0f80@group-211A62C94A0B: set configuration 0: peers:[f6cec9cd-4412-4a1e-af36-3453d03b0f80|rpc:10.1.0.41:45065|dataStream:10.1.0.41:36285|priority:1|startupRole:FOLLOWER]|listeners:[], old=null
2023-03-16 20:08:09,236 [f6cec9cd-4412-4a1e-af36-3453d03b0f80@group-211A62C94A0B-SegmentedRaftLogWorker] INFO  segmented.SegmentedRaftLogWorker (SegmentedRaftLogWorker.java:execute(656)) - f6cec9cd-4412-4a1e-af36-3453d03b0f80@group-211A62C94A0B-SegmentedRaftLogWorker: created new log segment /home/runner/work/ozone/ozone/hadoop-ozone/integration-test/target/test-dir/MiniOzoneClusterImpl-8f5ebca4-26a9-4ef6-bfab-4eeb6746d3a8/datanode-4/data/ratis/4df4f194-2c60-47af-af22-211a62c94a0b/current/log_inprogress_0
20:08:09.944 [IPC Server handler 4 on default port 41725] ERROR OMAudit - user=runner | ip=127.0.0.1 | op=GET_FILE_STATUS {volume=volume10450, bucket=bucket92716, key=.Trash/runner/Current/testKey2, dataSize=0, replicationConfig=null} | ret=FAILURE
org.apache.hadoop.ozone.om.exceptions.OMException: Unable to get file status: volume: volume10450 bucket: bucket92716 key: .Trash/runner/Current/testKey2
	at org.apache.hadoop.ozone.om.KeyManagerImpl.getOzoneFileStatus(KeyManagerImpl.java:1196) ~[ozone-manager-1.4.0-SNAPSHOT.jar:?]
	at org.apache.hadoop.ozone.om.KeyManagerImpl.getFileStatus(KeyManagerImpl.java:1114) ~[ozone-manager-1.4.0-SNAPSHOT.jar:?]
	at org.apache.hadoop.ozone.om.OmMetadataReader.getFileStatus(OmMetadataReader.java:288) ~[ozone-manager-1.4.0-SNAPSHOT.jar:?]
	at org.apache.hadoop.ozone.om.OzoneManager.getFileStatus(OzoneManager.java:3494) ~[ozone-manager-1.4.0-SNAPSHOT.jar:?]
	at org.apache.hadoop.ozone.protocolPB.OzoneManagerRequestHandler.getOzoneFileStatus(OzoneManagerRequestHandler.java:933) ~[ozone-manager-1.4.0-SNAPSHOT.jar:?]
	at org.apache.hadoop.ozone.protocolPB.OzoneManagerRequestHandler.handleReadRequest(OzoneManagerRequestHandler.java:238) ~[ozone-manager-1.4.0-SNAPSHOT.jar:?]
	at org.apache.hadoop.ozone.protocolPB.OzoneManagerProtocolServerSideTranslatorPB.submitRequestDirectlyToOM(OzoneManagerProtocolServerSideTranslatorPB.java:272) ~[ozone-manager-1.4.0-SNAPSHOT.jar:?]
	at org.apache.hadoop.ozone.protocolPB.OzoneManagerProtocolServerSideTranslatorPB.processRequest(OzoneManagerProtocolServerSideTranslatorPB.java:173) ~[ozone-manager-1.4.0-SNAPSHOT.jar:?]
	at org.apache.hadoop.hdds.server.OzoneProtocolMessageDispatcher.processRequest(OzoneProtocolMessageDispatcher.java:87) [hdds-server-framework-1.4.0-SNAPSHOT.jar:?]
	at org.apache.hadoop.ozone.protocolPB.OzoneManagerProtocolServerSideTranslatorPB.submitRequest(OzoneManagerProtocolServerSideTranslatorPB.java:147) [ozone-manager-1.4.0-SNAPSHOT.jar:?]
	at org.apache.hadoop.ozone.protocol.proto.OzoneManagerProtocolProtos$OzoneManagerService$2.callBlockingMethod(OzoneManagerProtocolProtos.java) [ozone-interface-client-1.4.0-SNAPSHOT.jar:?]
	at org.apache.hadoop.ipc.ProtobufRpcEngine$Server.processCall(ProtobufRpcEngine.java:465) [hadoop-common-3.3.4.jar:?]
	at org.apache.hadoop.ipc.ProtobufRpcEngine2$Server$ProtoBufRpcInvoker.call(ProtobufRpcEngine2.java:578) [hadoop-common-3.3.4.jar:?]
	at org.apache.hadoop.ipc.ProtobufRpcEngine2$Server$ProtoBufRpcInvoker.call(ProtobufRpcEngine2.java:556) [hadoop-common-3.3.4.jar:?]
	at org.apache.hadoop.ipc.RPC$Server.call(RPC.java:1093) [hadoop-common-3.3.4.jar:?]
	at org.apache.hadoop.ipc.Server$RpcCall.run(Server.java:1043) [hadoop-common-3.3.4.jar:?]
	at org.apache.hadoop.ipc.Server$RpcCall.run(Server.java:971) [hadoop-common-3.3.4.jar:?]
	at java.security.AccessController.doPrivileged(Native Method) ~[?:1.8.0_362]
	at javax.security.auth.Subject.doAs(Subject.java:422) [?:1.8.0_362]
	at org.apache.hadoop.security.UserGroupInformation.doAs(UserGroupInformation.java:1878) [hadoop-common-3.3.4.jar:?]
	at org.apache.hadoop.ipc.Server$Handler.run(Server.java:2976) [hadoop-common-3.3.4.jar:?]
]]></system-out>
  </testcase>
  <testcase name="testRenameDestinationParentDoesntExist" classname="TestOzoneFileSystem" time="0.078">
    <system-out><![CDATA[20:04:15.331 [IPC Server handler 8 on default port 35091] ERROR OMAudit - user=runner | ip=127.0.0.1 | op=GET_FILE_STATUS {volume=volume04068, bucket=bucket31801, key=root_dir/b/c, dataSize=0, replicationConfig=null} | ret=FAILURE
org.apache.hadoop.ozone.om.exceptions.OMException: Unable to get file status: volume: volume04068 bucket: bucket31801 key: root_dir/b/c
	at org.apache.hadoop.ozone.om.KeyManagerImpl.getOzoneFileStatus(KeyManagerImpl.java:1196) ~[ozone-manager-1.4.0-SNAPSHOT.jar:?]
	at org.apache.hadoop.ozone.om.KeyManagerImpl.getFileStatus(KeyManagerImpl.java:1114) ~[ozone-manager-1.4.0-SNAPSHOT.jar:?]
	at org.apache.hadoop.ozone.om.OmMetadataReader.getFileStatus(OmMetadataReader.java:288) ~[ozone-manager-1.4.0-SNAPSHOT.jar:?]
	at org.apache.hadoop.ozone.om.OzoneManager.getFileStatus(OzoneManager.java:3494) ~[ozone-manager-1.4.0-SNAPSHOT.jar:?]
	at org.apache.hadoop.ozone.protocolPB.OzoneManagerRequestHandler.getOzoneFileStatus(OzoneManagerRequestHandler.java:933) ~[ozone-manager-1.4.0-SNAPSHOT.jar:?]
	at org.apache.hadoop.ozone.protocolPB.OzoneManagerRequestHandler.handleReadRequest(OzoneManagerRequestHandler.java:238) ~[ozone-manager-1.4.0-SNAPSHOT.jar:?]
	at org.apache.hadoop.ozone.protocolPB.OzoneManagerProtocolServerSideTranslatorPB.submitReadRequestToOM(OzoneManagerProtocolServerSideTranslatorPB.java:223) ~[ozone-manager-1.4.0-SNAPSHOT.jar:?]
	at org.apache.hadoop.ozone.protocolPB.OzoneManagerProtocolServerSideTranslatorPB.processRequest(OzoneManagerProtocolServerSideTranslatorPB.java:177) ~[ozone-manager-1.4.0-SNAPSHOT.jar:?]
	at org.apache.hadoop.hdds.server.OzoneProtocolMessageDispatcher.processRequest(OzoneProtocolMessageDispatcher.java:87) [hdds-server-framework-1.4.0-SNAPSHOT.jar:?]
	at org.apache.hadoop.ozone.protocolPB.OzoneManagerProtocolServerSideTranslatorPB.submitRequest(OzoneManagerProtocolServerSideTranslatorPB.java:147) [ozone-manager-1.4.0-SNAPSHOT.jar:?]
	at org.apache.hadoop.ozone.protocol.proto.OzoneManagerProtocolProtos$OzoneManagerService$2.callBlockingMethod(OzoneManagerProtocolProtos.java) [ozone-interface-client-1.4.0-SNAPSHOT.jar:?]
	at org.apache.hadoop.ipc.ProtobufRpcEngine$Server.processCall(ProtobufRpcEngine.java:465) [hadoop-common-3.3.4.jar:?]
	at org.apache.hadoop.ipc.ProtobufRpcEngine2$Server$ProtoBufRpcInvoker.call(ProtobufRpcEngine2.java:578) [hadoop-common-3.3.4.jar:?]
	at org.apache.hadoop.ipc.ProtobufRpcEngine2$Server$ProtoBufRpcInvoker.call(ProtobufRpcEngine2.java:556) [hadoop-common-3.3.4.jar:?]
	at org.apache.hadoop.ipc.RPC$Server.call(RPC.java:1093) [hadoop-common-3.3.4.jar:?]
	at org.apache.hadoop.ipc.Server$RpcCall.run(Server.java:1043) [hadoop-common-3.3.4.jar:?]
	at org.apache.hadoop.ipc.Server$RpcCall.run(Server.java:971) [hadoop-common-3.3.4.jar:?]
	at java.security.AccessController.doPrivileged(Native Method) ~[?:1.8.0_362]
	at javax.security.auth.Subject.doAs(Subject.java:422) [?:1.8.0_362]
	at org.apache.hadoop.security.UserGroupInformation.doAs(UserGroupInformation.java:1878) [hadoop-common-3.3.4.jar:?]
	at org.apache.hadoop.ipc.Server$Handler.run(Server.java:2976) [hadoop-common-3.3.4.jar:?]
20:04:15.334 [IPC Server handler 17 on default port 35091] ERROR OMAudit - user=runner | ip=127.0.0.1 | op=GET_FILE_STATUS {volume=volume04068, bucket=bucket31801, key=root_dir/b, dataSize=0, replicationConfig=null} | ret=FAILURE
org.apache.hadoop.ozone.om.exceptions.OMException: Unable to get file status: volume: volume04068 bucket: bucket31801 key: root_dir/b
	at org.apache.hadoop.ozone.om.KeyManagerImpl.getOzoneFileStatus(KeyManagerImpl.java:1196) ~[ozone-manager-1.4.0-SNAPSHOT.jar:?]
	at org.apache.hadoop.ozone.om.KeyManagerImpl.getFileStatus(KeyManagerImpl.java:1114) ~[ozone-manager-1.4.0-SNAPSHOT.jar:?]
	at org.apache.hadoop.ozone.om.OmMetadataReader.getFileStatus(OmMetadataReader.java:288) ~[ozone-manager-1.4.0-SNAPSHOT.jar:?]
	at org.apache.hadoop.ozone.om.OzoneManager.getFileStatus(OzoneManager.java:3494) ~[ozone-manager-1.4.0-SNAPSHOT.jar:?]
	at org.apache.hadoop.ozone.protocolPB.OzoneManagerRequestHandler.getOzoneFileStatus(OzoneManagerRequestHandler.java:933) ~[ozone-manager-1.4.0-SNAPSHOT.jar:?]
	at org.apache.hadoop.ozone.protocolPB.OzoneManagerRequestHandler.handleReadRequest(OzoneManagerRequestHandler.java:238) ~[ozone-manager-1.4.0-SNAPSHOT.jar:?]
	at org.apache.hadoop.ozone.protocolPB.OzoneManagerProtocolServerSideTranslatorPB.submitReadRequestToOM(OzoneManagerProtocolServerSideTranslatorPB.java:223) ~[ozone-manager-1.4.0-SNAPSHOT.jar:?]
	at org.apache.hadoop.ozone.protocolPB.OzoneManagerProtocolServerSideTranslatorPB.processRequest(OzoneManagerProtocolServerSideTranslatorPB.java:177) ~[ozone-manager-1.4.0-SNAPSHOT.jar:?]
	at org.apache.hadoop.hdds.server.OzoneProtocolMessageDispatcher.processRequest(OzoneProtocolMessageDispatcher.java:87) [hdds-server-framework-1.4.0-SNAPSHOT.jar:?]
	at org.apache.hadoop.ozone.protocolPB.OzoneManagerProtocolServerSideTranslatorPB.submitRequest(OzoneManagerProtocolServerSideTranslatorPB.java:147) [ozone-manager-1.4.0-SNAPSHOT.jar:?]
	at org.apache.hadoop.ozone.protocol.proto.OzoneManagerProtocolProtos$OzoneManagerService$2.callBlockingMethod(OzoneManagerProtocolProtos.java) [ozone-interface-client-1.4.0-SNAPSHOT.jar:?]
	at org.apache.hadoop.ipc.ProtobufRpcEngine$Server.processCall(ProtobufRpcEngine.java:465) [hadoop-common-3.3.4.jar:?]
	at org.apache.hadoop.ipc.ProtobufRpcEngine2$Server$ProtoBufRpcInvoker.call(ProtobufRpcEngine2.java:578) [hadoop-common-3.3.4.jar:?]
	at org.apache.hadoop.ipc.ProtobufRpcEngine2$Server$ProtoBufRpcInvoker.call(ProtobufRpcEngine2.java:556) [hadoop-common-3.3.4.jar:?]
	at org.apache.hadoop.ipc.RPC$Server.call(RPC.java:1093) [hadoop-common-3.3.4.jar:?]
	at org.apache.hadoop.ipc.Server$RpcCall.run(Server.java:1043) [hadoop-common-3.3.4.jar:?]
	at org.apache.hadoop.ipc.Server$RpcCall.run(Server.java:971) [hadoop-common-3.3.4.jar:?]
	at java.security.AccessController.doPrivileged(Native Method) ~[?:1.8.0_362]
	at javax.security.auth.Subject.doAs(Subject.java:422) [?:1.8.0_362]
	at org.apache.hadoop.security.UserGroupInformation.doAs(UserGroupInformation.java:1878) [hadoop-common-3.3.4.jar:?]
	at org.apache.hadoop.ipc.Server$Handler.run(Server.java:2976) [hadoop-common-3.3.4.jar:?]
2023-03-16 20:04:15,362 [OM StateMachine ApplyTransaction Thread - 0] INFO  key.OMKeyRequest (OMKeyRequest.java:wrapUncommittedBlocksAsPseudoKey(838)) - Detect allocated but uncommitted blocks [{blockID={containerID=4, localID=111677748019200007}, length=4194304, offset=0, token=null, pipeline=null, createVersion=0, partNumber=0}] in key root_dir/file1.
20:04:15.369 [IPC Server handler 19 on default port 35091] ERROR OMAudit - user=runner | ip=127.0.0.1 | op=GET_FILE_STATUS {volume=volume04068, bucket=bucket31801, key=root_dir/file1/c, dataSize=0, replicationConfig=null} | ret=FAILURE
org.apache.hadoop.ozone.om.exceptions.OMException: Unable to get file status: volume: volume04068 bucket: bucket31801 key: root_dir/file1/c
	at org.apache.hadoop.ozone.om.KeyManagerImpl.getOzoneFileStatus(KeyManagerImpl.java:1196) ~[ozone-manager-1.4.0-SNAPSHOT.jar:?]
	at org.apache.hadoop.ozone.om.KeyManagerImpl.getFileStatus(KeyManagerImpl.java:1114) ~[ozone-manager-1.4.0-SNAPSHOT.jar:?]
	at org.apache.hadoop.ozone.om.OmMetadataReader.getFileStatus(OmMetadataReader.java:288) ~[ozone-manager-1.4.0-SNAPSHOT.jar:?]
	at org.apache.hadoop.ozone.om.OzoneManager.getFileStatus(OzoneManager.java:3494) ~[ozone-manager-1.4.0-SNAPSHOT.jar:?]
	at org.apache.hadoop.ozone.protocolPB.OzoneManagerRequestHandler.getOzoneFileStatus(OzoneManagerRequestHandler.java:933) ~[ozone-manager-1.4.0-SNAPSHOT.jar:?]
	at org.apache.hadoop.ozone.protocolPB.OzoneManagerRequestHandler.handleReadRequest(OzoneManagerRequestHandler.java:238) ~[ozone-manager-1.4.0-SNAPSHOT.jar:?]
	at org.apache.hadoop.ozone.protocolPB.OzoneManagerProtocolServerSideTranslatorPB.submitReadRequestToOM(OzoneManagerProtocolServerSideTranslatorPB.java:223) ~[ozone-manager-1.4.0-SNAPSHOT.jar:?]
	at org.apache.hadoop.ozone.protocolPB.OzoneManagerProtocolServerSideTranslatorPB.processRequest(OzoneManagerProtocolServerSideTranslatorPB.java:177) ~[ozone-manager-1.4.0-SNAPSHOT.jar:?]
	at org.apache.hadoop.hdds.server.OzoneProtocolMessageDispatcher.processRequest(OzoneProtocolMessageDispatcher.java:87) [hdds-server-framework-1.4.0-SNAPSHOT.jar:?]
	at org.apache.hadoop.ozone.protocolPB.OzoneManagerProtocolServerSideTranslatorPB.submitRequest(OzoneManagerProtocolServerSideTranslatorPB.java:147) [ozone-manager-1.4.0-SNAPSHOT.jar:?]
	at org.apache.hadoop.ozone.protocol.proto.OzoneManagerProtocolProtos$OzoneManagerService$2.callBlockingMethod(OzoneManagerProtocolProtos.java) [ozone-interface-client-1.4.0-SNAPSHOT.jar:?]
	at org.apache.hadoop.ipc.ProtobufRpcEngine$Server.processCall(ProtobufRpcEngine.java:465) [hadoop-common-3.3.4.jar:?]
	at org.apache.hadoop.ipc.ProtobufRpcEngine2$Server$ProtoBufRpcInvoker.call(ProtobufRpcEngine2.java:578) [hadoop-common-3.3.4.jar:?]
	at org.apache.hadoop.ipc.ProtobufRpcEngine2$Server$ProtoBufRpcInvoker.call(ProtobufRpcEngine2.java:556) [hadoop-common-3.3.4.jar:?]
	at org.apache.hadoop.ipc.RPC$Server.call(RPC.java:1093) [hadoop-common-3.3.4.jar:?]
	at org.apache.hadoop.ipc.Server$RpcCall.run(Server.java:1043) [hadoop-common-3.3.4.jar:?]
	at org.apache.hadoop.ipc.Server$RpcCall.run(Server.java:971) [hadoop-common-3.3.4.jar:?]
	at java.security.AccessController.doPrivileged(Native Method) ~[?:1.8.0_362]
	at javax.security.auth.Subject.doAs(Subject.java:422) [?:1.8.0_362]
	at org.apache.hadoop.security.UserGroupInformation.doAs(UserGroupInformation.java:1878) [hadoop-common-3.3.4.jar:?]
	at org.apache.hadoop.ipc.Server$Handler.run(Server.java:2976) [hadoop-common-3.3.4.jar:?]
]]></system-out>
  </testcase>
  <testcase name="testRenameDestinationParentDoesntExist" classname="TestOzoneFileSystem" time="0.023">
    <system-out><![CDATA[20:05:50.254 [IPC Server handler 12 on default port 40321] ERROR OMAudit - user=runner | ip=127.0.0.1 | op=GET_FILE_STATUS {volume=volume45206, bucket=bucket25127, key=root_dir/b/c, dataSize=0, replicationConfig=null} | ret=FAILURE
org.apache.hadoop.ozone.om.exceptions.OMException: Unable to get file status: volume: volume45206 bucket: bucket25127 key: root_dir/b/c
	at org.apache.hadoop.ozone.om.KeyManagerImpl.getOzoneFileStatus(KeyManagerImpl.java:1196) ~[ozone-manager-1.4.0-SNAPSHOT.jar:?]
	at org.apache.hadoop.ozone.om.KeyManagerImpl.getFileStatus(KeyManagerImpl.java:1114) ~[ozone-manager-1.4.0-SNAPSHOT.jar:?]
	at org.apache.hadoop.ozone.om.OmMetadataReader.getFileStatus(OmMetadataReader.java:288) ~[ozone-manager-1.4.0-SNAPSHOT.jar:?]
	at org.apache.hadoop.ozone.om.OzoneManager.getFileStatus(OzoneManager.java:3494) ~[ozone-manager-1.4.0-SNAPSHOT.jar:?]
	at org.apache.hadoop.ozone.protocolPB.OzoneManagerRequestHandler.getOzoneFileStatus(OzoneManagerRequestHandler.java:933) ~[ozone-manager-1.4.0-SNAPSHOT.jar:?]
	at org.apache.hadoop.ozone.protocolPB.OzoneManagerRequestHandler.handleReadRequest(OzoneManagerRequestHandler.java:238) ~[ozone-manager-1.4.0-SNAPSHOT.jar:?]
	at org.apache.hadoop.ozone.protocolPB.OzoneManagerProtocolServerSideTranslatorPB.submitRequestDirectlyToOM(OzoneManagerProtocolServerSideTranslatorPB.java:272) ~[ozone-manager-1.4.0-SNAPSHOT.jar:?]
	at org.apache.hadoop.ozone.protocolPB.OzoneManagerProtocolServerSideTranslatorPB.processRequest(OzoneManagerProtocolServerSideTranslatorPB.java:173) ~[ozone-manager-1.4.0-SNAPSHOT.jar:?]
	at org.apache.hadoop.hdds.server.OzoneProtocolMessageDispatcher.processRequest(OzoneProtocolMessageDispatcher.java:87) [hdds-server-framework-1.4.0-SNAPSHOT.jar:?]
	at org.apache.hadoop.ozone.protocolPB.OzoneManagerProtocolServerSideTranslatorPB.submitRequest(OzoneManagerProtocolServerSideTranslatorPB.java:147) [ozone-manager-1.4.0-SNAPSHOT.jar:?]
	at org.apache.hadoop.ozone.protocol.proto.OzoneManagerProtocolProtos$OzoneManagerService$2.callBlockingMethod(OzoneManagerProtocolProtos.java) [ozone-interface-client-1.4.0-SNAPSHOT.jar:?]
	at org.apache.hadoop.ipc.ProtobufRpcEngine$Server.processCall(ProtobufRpcEngine.java:465) [hadoop-common-3.3.4.jar:?]
	at org.apache.hadoop.ipc.ProtobufRpcEngine2$Server$ProtoBufRpcInvoker.call(ProtobufRpcEngine2.java:578) [hadoop-common-3.3.4.jar:?]
	at org.apache.hadoop.ipc.ProtobufRpcEngine2$Server$ProtoBufRpcInvoker.call(ProtobufRpcEngine2.java:556) [hadoop-common-3.3.4.jar:?]
	at org.apache.hadoop.ipc.RPC$Server.call(RPC.java:1093) [hadoop-common-3.3.4.jar:?]
	at org.apache.hadoop.ipc.Server$RpcCall.run(Server.java:1043) [hadoop-common-3.3.4.jar:?]
	at org.apache.hadoop.ipc.Server$RpcCall.run(Server.java:971) [hadoop-common-3.3.4.jar:?]
	at java.security.AccessController.doPrivileged(Native Method) ~[?:1.8.0_362]
	at javax.security.auth.Subject.doAs(Subject.java:422) [?:1.8.0_362]
	at org.apache.hadoop.security.UserGroupInformation.doAs(UserGroupInformation.java:1878) [hadoop-common-3.3.4.jar:?]
	at org.apache.hadoop.ipc.Server$Handler.run(Server.java:2976) [hadoop-common-3.3.4.jar:?]
20:05:50.255 [IPC Server handler 5 on default port 40321] ERROR OMAudit - user=runner | ip=127.0.0.1 | op=GET_FILE_STATUS {volume=volume45206, bucket=bucket25127, key=root_dir/b, dataSize=0, replicationConfig=null} | ret=FAILURE
org.apache.hadoop.ozone.om.exceptions.OMException: Unable to get file status: volume: volume45206 bucket: bucket25127 key: root_dir/b
	at org.apache.hadoop.ozone.om.KeyManagerImpl.getOzoneFileStatus(KeyManagerImpl.java:1196) ~[ozone-manager-1.4.0-SNAPSHOT.jar:?]
	at org.apache.hadoop.ozone.om.KeyManagerImpl.getFileStatus(KeyManagerImpl.java:1114) ~[ozone-manager-1.4.0-SNAPSHOT.jar:?]
	at org.apache.hadoop.ozone.om.OmMetadataReader.getFileStatus(OmMetadataReader.java:288) ~[ozone-manager-1.4.0-SNAPSHOT.jar:?]
	at org.apache.hadoop.ozone.om.OzoneManager.getFileStatus(OzoneManager.java:3494) ~[ozone-manager-1.4.0-SNAPSHOT.jar:?]
	at org.apache.hadoop.ozone.protocolPB.OzoneManagerRequestHandler.getOzoneFileStatus(OzoneManagerRequestHandler.java:933) ~[ozone-manager-1.4.0-SNAPSHOT.jar:?]
	at org.apache.hadoop.ozone.protocolPB.OzoneManagerRequestHandler.handleReadRequest(OzoneManagerRequestHandler.java:238) ~[ozone-manager-1.4.0-SNAPSHOT.jar:?]
	at org.apache.hadoop.ozone.protocolPB.OzoneManagerProtocolServerSideTranslatorPB.submitRequestDirectlyToOM(OzoneManagerProtocolServerSideTranslatorPB.java:272) ~[ozone-manager-1.4.0-SNAPSHOT.jar:?]
	at org.apache.hadoop.ozone.protocolPB.OzoneManagerProtocolServerSideTranslatorPB.processRequest(OzoneManagerProtocolServerSideTranslatorPB.java:173) ~[ozone-manager-1.4.0-SNAPSHOT.jar:?]
	at org.apache.hadoop.hdds.server.OzoneProtocolMessageDispatcher.processRequest(OzoneProtocolMessageDispatcher.java:87) [hdds-server-framework-1.4.0-SNAPSHOT.jar:?]
	at org.apache.hadoop.ozone.protocolPB.OzoneManagerProtocolServerSideTranslatorPB.submitRequest(OzoneManagerProtocolServerSideTranslatorPB.java:147) [ozone-manager-1.4.0-SNAPSHOT.jar:?]
	at org.apache.hadoop.ozone.protocol.proto.OzoneManagerProtocolProtos$OzoneManagerService$2.callBlockingMethod(OzoneManagerProtocolProtos.java) [ozone-interface-client-1.4.0-SNAPSHOT.jar:?]
	at org.apache.hadoop.ipc.ProtobufRpcEngine$Server.processCall(ProtobufRpcEngine.java:465) [hadoop-common-3.3.4.jar:?]
	at org.apache.hadoop.ipc.ProtobufRpcEngine2$Server$ProtoBufRpcInvoker.call(ProtobufRpcEngine2.java:578) [hadoop-common-3.3.4.jar:?]
	at org.apache.hadoop.ipc.ProtobufRpcEngine2$Server$ProtoBufRpcInvoker.call(ProtobufRpcEngine2.java:556) [hadoop-common-3.3.4.jar:?]
	at org.apache.hadoop.ipc.RPC$Server.call(RPC.java:1093) [hadoop-common-3.3.4.jar:?]
	at org.apache.hadoop.ipc.Server$RpcCall.run(Server.java:1043) [hadoop-common-3.3.4.jar:?]
	at org.apache.hadoop.ipc.Server$RpcCall.run(Server.java:971) [hadoop-common-3.3.4.jar:?]
	at java.security.AccessController.doPrivileged(Native Method) ~[?:1.8.0_362]
	at javax.security.auth.Subject.doAs(Subject.java:422) [?:1.8.0_362]
	at org.apache.hadoop.security.UserGroupInformation.doAs(UserGroupInformation.java:1878) [hadoop-common-3.3.4.jar:?]
	at org.apache.hadoop.ipc.Server$Handler.run(Server.java:2976) [hadoop-common-3.3.4.jar:?]
2023-03-16 20:05:50,263 [IPC Server handler 18 on default port 40321] INFO  key.OMKeyRequest (OMKeyRequest.java:wrapUncommittedBlocksAsPseudoKey(838)) - Detect allocated but uncommitted blocks [{blockID={containerID=4, localID=111677748019200007}, length=4194304, offset=0, token=null, pipeline=null, createVersion=0, partNumber=0}] in key root_dir/file1.
20:05:50.265 [IPC Server handler 17 on default port 40321] ERROR OMAudit - user=runner | ip=127.0.0.1 | op=GET_FILE_STATUS {volume=volume45206, bucket=bucket25127, key=root_dir/file1/c, dataSize=0, replicationConfig=null} | ret=FAILURE
org.apache.hadoop.ozone.om.exceptions.OMException: Unable to get file status: volume: volume45206 bucket: bucket25127 key: root_dir/file1/c
	at org.apache.hadoop.ozone.om.KeyManagerImpl.getOzoneFileStatus(KeyManagerImpl.java:1196) ~[ozone-manager-1.4.0-SNAPSHOT.jar:?]
	at org.apache.hadoop.ozone.om.KeyManagerImpl.getFileStatus(KeyManagerImpl.java:1114) ~[ozone-manager-1.4.0-SNAPSHOT.jar:?]
	at org.apache.hadoop.ozone.om.OmMetadataReader.getFileStatus(OmMetadataReader.java:288) ~[ozone-manager-1.4.0-SNAPSHOT.jar:?]
	at org.apache.hadoop.ozone.om.OzoneManager.getFileStatus(OzoneManager.java:3494) ~[ozone-manager-1.4.0-SNAPSHOT.jar:?]
	at org.apache.hadoop.ozone.protocolPB.OzoneManagerRequestHandler.getOzoneFileStatus(OzoneManagerRequestHandler.java:933) ~[ozone-manager-1.4.0-SNAPSHOT.jar:?]
	at org.apache.hadoop.ozone.protocolPB.OzoneManagerRequestHandler.handleReadRequest(OzoneManagerRequestHandler.java:238) ~[ozone-manager-1.4.0-SNAPSHOT.jar:?]
	at org.apache.hadoop.ozone.protocolPB.OzoneManagerProtocolServerSideTranslatorPB.submitRequestDirectlyToOM(OzoneManagerProtocolServerSideTranslatorPB.java:272) ~[ozone-manager-1.4.0-SNAPSHOT.jar:?]
	at org.apache.hadoop.ozone.protocolPB.OzoneManagerProtocolServerSideTranslatorPB.processRequest(OzoneManagerProtocolServerSideTranslatorPB.java:173) ~[ozone-manager-1.4.0-SNAPSHOT.jar:?]
	at org.apache.hadoop.hdds.server.OzoneProtocolMessageDispatcher.processRequest(OzoneProtocolMessageDispatcher.java:87) [hdds-server-framework-1.4.0-SNAPSHOT.jar:?]
	at org.apache.hadoop.ozone.protocolPB.OzoneManagerProtocolServerSideTranslatorPB.submitRequest(OzoneManagerProtocolServerSideTranslatorPB.java:147) [ozone-manager-1.4.0-SNAPSHOT.jar:?]
	at org.apache.hadoop.ozone.protocol.proto.OzoneManagerProtocolProtos$OzoneManagerService$2.callBlockingMethod(OzoneManagerProtocolProtos.java) [ozone-interface-client-1.4.0-SNAPSHOT.jar:?]
	at org.apache.hadoop.ipc.ProtobufRpcEngine$Server.processCall(ProtobufRpcEngine.java:465) [hadoop-common-3.3.4.jar:?]
	at org.apache.hadoop.ipc.ProtobufRpcEngine2$Server$ProtoBufRpcInvoker.call(ProtobufRpcEngine2.java:578) [hadoop-common-3.3.4.jar:?]
	at org.apache.hadoop.ipc.ProtobufRpcEngine2$Server$ProtoBufRpcInvoker.call(ProtobufRpcEngine2.java:556) [hadoop-common-3.3.4.jar:?]
	at org.apache.hadoop.ipc.RPC$Server.call(RPC.java:1093) [hadoop-common-3.3.4.jar:?]
	at org.apache.hadoop.ipc.Server$RpcCall.run(Server.java:1043) [hadoop-common-3.3.4.jar:?]
	at org.apache.hadoop.ipc.Server$RpcCall.run(Server.java:971) [hadoop-common-3.3.4.jar:?]
	at java.security.AccessController.doPrivileged(Native Method) ~[?:1.8.0_362]
	at javax.security.auth.Subject.doAs(Subject.java:422) [?:1.8.0_362]
	at org.apache.hadoop.security.UserGroupInformation.doAs(UserGroupInformation.java:1878) [hadoop-common-3.3.4.jar:?]
	at org.apache.hadoop.ipc.Server$Handler.run(Server.java:2976) [hadoop-common-3.3.4.jar:?]
]]></system-out>
  </testcase>
  <testcase name="testRenameDestinationParentDoesntExist" classname="TestOzoneFileSystem" time="0.024">
    <system-out><![CDATA[20:06:54.199 [IPC Server handler 17 on default port 37437] ERROR OMAudit - user=runner | ip=127.0.0.1 | op=GET_FILE_STATUS {volume=volume46233, bucket=bucket02547, key=root_dir/b/c, dataSize=0, replicationConfig=null} | ret=FAILURE
org.apache.hadoop.ozone.om.exceptions.OMException: Unable to get file status: volume: volume46233 bucket: bucket02547 key: root_dir/b/c
	at org.apache.hadoop.ozone.om.KeyManagerImpl.getOzoneFileStatus(KeyManagerImpl.java:1196) ~[ozone-manager-1.4.0-SNAPSHOT.jar:?]
	at org.apache.hadoop.ozone.om.KeyManagerImpl.getFileStatus(KeyManagerImpl.java:1114) ~[ozone-manager-1.4.0-SNAPSHOT.jar:?]
	at org.apache.hadoop.ozone.om.OmMetadataReader.getFileStatus(OmMetadataReader.java:288) ~[ozone-manager-1.4.0-SNAPSHOT.jar:?]
	at org.apache.hadoop.ozone.om.OzoneManager.getFileStatus(OzoneManager.java:3494) ~[ozone-manager-1.4.0-SNAPSHOT.jar:?]
	at org.apache.hadoop.ozone.protocolPB.OzoneManagerRequestHandler.getOzoneFileStatus(OzoneManagerRequestHandler.java:933) ~[ozone-manager-1.4.0-SNAPSHOT.jar:?]
	at org.apache.hadoop.ozone.protocolPB.OzoneManagerRequestHandler.handleReadRequest(OzoneManagerRequestHandler.java:238) ~[ozone-manager-1.4.0-SNAPSHOT.jar:?]
	at org.apache.hadoop.ozone.protocolPB.OzoneManagerProtocolServerSideTranslatorPB.submitReadRequestToOM(OzoneManagerProtocolServerSideTranslatorPB.java:223) ~[ozone-manager-1.4.0-SNAPSHOT.jar:?]
	at org.apache.hadoop.ozone.protocolPB.OzoneManagerProtocolServerSideTranslatorPB.processRequest(OzoneManagerProtocolServerSideTranslatorPB.java:177) ~[ozone-manager-1.4.0-SNAPSHOT.jar:?]
	at org.apache.hadoop.hdds.server.OzoneProtocolMessageDispatcher.processRequest(OzoneProtocolMessageDispatcher.java:87) [hdds-server-framework-1.4.0-SNAPSHOT.jar:?]
	at org.apache.hadoop.ozone.protocolPB.OzoneManagerProtocolServerSideTranslatorPB.submitRequest(OzoneManagerProtocolServerSideTranslatorPB.java:147) [ozone-manager-1.4.0-SNAPSHOT.jar:?]
	at org.apache.hadoop.ozone.protocol.proto.OzoneManagerProtocolProtos$OzoneManagerService$2.callBlockingMethod(OzoneManagerProtocolProtos.java) [ozone-interface-client-1.4.0-SNAPSHOT.jar:?]
	at org.apache.hadoop.ipc.ProtobufRpcEngine$Server.processCall(ProtobufRpcEngine.java:465) [hadoop-common-3.3.4.jar:?]
	at org.apache.hadoop.ipc.ProtobufRpcEngine2$Server$ProtoBufRpcInvoker.call(ProtobufRpcEngine2.java:578) [hadoop-common-3.3.4.jar:?]
	at org.apache.hadoop.ipc.ProtobufRpcEngine2$Server$ProtoBufRpcInvoker.call(ProtobufRpcEngine2.java:556) [hadoop-common-3.3.4.jar:?]
	at org.apache.hadoop.ipc.RPC$Server.call(RPC.java:1093) [hadoop-common-3.3.4.jar:?]
	at org.apache.hadoop.ipc.Server$RpcCall.run(Server.java:1043) [hadoop-common-3.3.4.jar:?]
	at org.apache.hadoop.ipc.Server$RpcCall.run(Server.java:971) [hadoop-common-3.3.4.jar:?]
	at java.security.AccessController.doPrivileged(Native Method) ~[?:1.8.0_362]
	at javax.security.auth.Subject.doAs(Subject.java:422) [?:1.8.0_362]
	at org.apache.hadoop.security.UserGroupInformation.doAs(UserGroupInformation.java:1878) [hadoop-common-3.3.4.jar:?]
	at org.apache.hadoop.ipc.Server$Handler.run(Server.java:2976) [hadoop-common-3.3.4.jar:?]
20:06:54.200 [IPC Server handler 13 on default port 37437] ERROR OMAudit - user=runner | ip=127.0.0.1 | op=GET_FILE_STATUS {volume=volume46233, bucket=bucket02547, key=root_dir/b, dataSize=0, replicationConfig=null} | ret=FAILURE
org.apache.hadoop.ozone.om.exceptions.OMException: Unable to get file status: volume: volume46233 bucket: bucket02547 key: root_dir/b
	at org.apache.hadoop.ozone.om.KeyManagerImpl.getOzoneFileStatus(KeyManagerImpl.java:1196) ~[ozone-manager-1.4.0-SNAPSHOT.jar:?]
	at org.apache.hadoop.ozone.om.KeyManagerImpl.getFileStatus(KeyManagerImpl.java:1114) ~[ozone-manager-1.4.0-SNAPSHOT.jar:?]
	at org.apache.hadoop.ozone.om.OmMetadataReader.getFileStatus(OmMetadataReader.java:288) ~[ozone-manager-1.4.0-SNAPSHOT.jar:?]
	at org.apache.hadoop.ozone.om.OzoneManager.getFileStatus(OzoneManager.java:3494) ~[ozone-manager-1.4.0-SNAPSHOT.jar:?]
	at org.apache.hadoop.ozone.protocolPB.OzoneManagerRequestHandler.getOzoneFileStatus(OzoneManagerRequestHandler.java:933) ~[ozone-manager-1.4.0-SNAPSHOT.jar:?]
	at org.apache.hadoop.ozone.protocolPB.OzoneManagerRequestHandler.handleReadRequest(OzoneManagerRequestHandler.java:238) ~[ozone-manager-1.4.0-SNAPSHOT.jar:?]
	at org.apache.hadoop.ozone.protocolPB.OzoneManagerProtocolServerSideTranslatorPB.submitReadRequestToOM(OzoneManagerProtocolServerSideTranslatorPB.java:223) ~[ozone-manager-1.4.0-SNAPSHOT.jar:?]
	at org.apache.hadoop.ozone.protocolPB.OzoneManagerProtocolServerSideTranslatorPB.processRequest(OzoneManagerProtocolServerSideTranslatorPB.java:177) ~[ozone-manager-1.4.0-SNAPSHOT.jar:?]
	at org.apache.hadoop.hdds.server.OzoneProtocolMessageDispatcher.processRequest(OzoneProtocolMessageDispatcher.java:87) [hdds-server-framework-1.4.0-SNAPSHOT.jar:?]
	at org.apache.hadoop.ozone.protocolPB.OzoneManagerProtocolServerSideTranslatorPB.submitRequest(OzoneManagerProtocolServerSideTranslatorPB.java:147) [ozone-manager-1.4.0-SNAPSHOT.jar:?]
	at org.apache.hadoop.ozone.protocol.proto.OzoneManagerProtocolProtos$OzoneManagerService$2.callBlockingMethod(OzoneManagerProtocolProtos.java) [ozone-interface-client-1.4.0-SNAPSHOT.jar:?]
	at org.apache.hadoop.ipc.ProtobufRpcEngine$Server.processCall(ProtobufRpcEngine.java:465) [hadoop-common-3.3.4.jar:?]
	at org.apache.hadoop.ipc.ProtobufRpcEngine2$Server$ProtoBufRpcInvoker.call(ProtobufRpcEngine2.java:578) [hadoop-common-3.3.4.jar:?]
	at org.apache.hadoop.ipc.ProtobufRpcEngine2$Server$ProtoBufRpcInvoker.call(ProtobufRpcEngine2.java:556) [hadoop-common-3.3.4.jar:?]
	at org.apache.hadoop.ipc.RPC$Server.call(RPC.java:1093) [hadoop-common-3.3.4.jar:?]
	at org.apache.hadoop.ipc.Server$RpcCall.run(Server.java:1043) [hadoop-common-3.3.4.jar:?]
	at org.apache.hadoop.ipc.Server$RpcCall.run(Server.java:971) [hadoop-common-3.3.4.jar:?]
	at java.security.AccessController.doPrivileged(Native Method) ~[?:1.8.0_362]
	at javax.security.auth.Subject.doAs(Subject.java:422) [?:1.8.0_362]
	at org.apache.hadoop.security.UserGroupInformation.doAs(UserGroupInformation.java:1878) [hadoop-common-3.3.4.jar:?]
	at org.apache.hadoop.ipc.Server$Handler.run(Server.java:2976) [hadoop-common-3.3.4.jar:?]
2023-03-16 20:06:54,206 [OM StateMachine ApplyTransaction Thread - 0] INFO  key.OMKeyRequest (OMKeyRequest.java:wrapUncommittedBlocksAsPseudoKey(838)) - Detect allocated but uncommitted blocks [{blockID={containerID=1, localID=111677748019200007}, length=4194304, offset=0, token=null, pipeline=null, createVersion=0, partNumber=0}] in key root_dir/file1.
20:06:54.210 [IPC Server handler 18 on default port 37437] ERROR OMAudit - user=runner | ip=127.0.0.1 | op=GET_FILE_STATUS {volume=volume46233, bucket=bucket02547, key=root_dir/file1/c, dataSize=0, replicationConfig=null} | ret=FAILURE
org.apache.hadoop.ozone.om.exceptions.OMException: Unable to get file status: volume: volume46233 bucket: bucket02547 key: root_dir/file1/c
	at org.apache.hadoop.ozone.om.KeyManagerImpl.getOzoneFileStatus(KeyManagerImpl.java:1196) ~[ozone-manager-1.4.0-SNAPSHOT.jar:?]
	at org.apache.hadoop.ozone.om.KeyManagerImpl.getFileStatus(KeyManagerImpl.java:1114) ~[ozone-manager-1.4.0-SNAPSHOT.jar:?]
	at org.apache.hadoop.ozone.om.OmMetadataReader.getFileStatus(OmMetadataReader.java:288) ~[ozone-manager-1.4.0-SNAPSHOT.jar:?]
	at org.apache.hadoop.ozone.om.OzoneManager.getFileStatus(OzoneManager.java:3494) ~[ozone-manager-1.4.0-SNAPSHOT.jar:?]
	at org.apache.hadoop.ozone.protocolPB.OzoneManagerRequestHandler.getOzoneFileStatus(OzoneManagerRequestHandler.java:933) ~[ozone-manager-1.4.0-SNAPSHOT.jar:?]
	at org.apache.hadoop.ozone.protocolPB.OzoneManagerRequestHandler.handleReadRequest(OzoneManagerRequestHandler.java:238) ~[ozone-manager-1.4.0-SNAPSHOT.jar:?]
	at org.apache.hadoop.ozone.protocolPB.OzoneManagerProtocolServerSideTranslatorPB.submitReadRequestToOM(OzoneManagerProtocolServerSideTranslatorPB.java:223) ~[ozone-manager-1.4.0-SNAPSHOT.jar:?]
	at org.apache.hadoop.ozone.protocolPB.OzoneManagerProtocolServerSideTranslatorPB.processRequest(OzoneManagerProtocolServerSideTranslatorPB.java:177) ~[ozone-manager-1.4.0-SNAPSHOT.jar:?]
	at org.apache.hadoop.hdds.server.OzoneProtocolMessageDispatcher.processRequest(OzoneProtocolMessageDispatcher.java:87) [hdds-server-framework-1.4.0-SNAPSHOT.jar:?]
	at org.apache.hadoop.ozone.protocolPB.OzoneManagerProtocolServerSideTranslatorPB.submitRequest(OzoneManagerProtocolServerSideTranslatorPB.java:147) [ozone-manager-1.4.0-SNAPSHOT.jar:?]
	at org.apache.hadoop.ozone.protocol.proto.OzoneManagerProtocolProtos$OzoneManagerService$2.callBlockingMethod(OzoneManagerProtocolProtos.java) [ozone-interface-client-1.4.0-SNAPSHOT.jar:?]
	at org.apache.hadoop.ipc.ProtobufRpcEngine$Server.processCall(ProtobufRpcEngine.java:465) [hadoop-common-3.3.4.jar:?]
	at org.apache.hadoop.ipc.ProtobufRpcEngine2$Server$ProtoBufRpcInvoker.call(ProtobufRpcEngine2.java:578) [hadoop-common-3.3.4.jar:?]
	at org.apache.hadoop.ipc.ProtobufRpcEngine2$Server$ProtoBufRpcInvoker.call(ProtobufRpcEngine2.java:556) [hadoop-common-3.3.4.jar:?]
	at org.apache.hadoop.ipc.RPC$Server.call(RPC.java:1093) [hadoop-common-3.3.4.jar:?]
	at org.apache.hadoop.ipc.Server$RpcCall.run(Server.java:1043) [hadoop-common-3.3.4.jar:?]
	at org.apache.hadoop.ipc.Server$RpcCall.run(Server.java:971) [hadoop-common-3.3.4.jar:?]
	at java.security.AccessController.doPrivileged(Native Method) ~[?:1.8.0_362]
	at javax.security.auth.Subject.doAs(Subject.java:422) [?:1.8.0_362]
	at org.apache.hadoop.security.UserGroupInformation.doAs(UserGroupInformation.java:1878) [hadoop-common-3.3.4.jar:?]
	at org.apache.hadoop.ipc.Server$Handler.run(Server.java:2976) [hadoop-common-3.3.4.jar:?]
]]></system-out>
  </testcase>
  <testcase name="testRenameDestinationParentDoesntExist" classname="TestOzoneFileSystem" time="0.014">
    <system-out><![CDATA[20:08:12.957 [IPC Server handler 7 on default port 41725] ERROR OMAudit - user=runner | ip=127.0.0.1 | op=GET_FILE_STATUS {volume=volume10450, bucket=bucket92716, key=root_dir/b/c, dataSize=0, replicationConfig=null} | ret=FAILURE
org.apache.hadoop.ozone.om.exceptions.OMException: Unable to get file status: volume: volume10450 bucket: bucket92716 key: root_dir/b/c
	at org.apache.hadoop.ozone.om.KeyManagerImpl.getOzoneFileStatus(KeyManagerImpl.java:1196) ~[ozone-manager-1.4.0-SNAPSHOT.jar:?]
	at org.apache.hadoop.ozone.om.KeyManagerImpl.getFileStatus(KeyManagerImpl.java:1114) ~[ozone-manager-1.4.0-SNAPSHOT.jar:?]
	at org.apache.hadoop.ozone.om.OmMetadataReader.getFileStatus(OmMetadataReader.java:288) ~[ozone-manager-1.4.0-SNAPSHOT.jar:?]
	at org.apache.hadoop.ozone.om.OzoneManager.getFileStatus(OzoneManager.java:3494) ~[ozone-manager-1.4.0-SNAPSHOT.jar:?]
	at org.apache.hadoop.ozone.protocolPB.OzoneManagerRequestHandler.getOzoneFileStatus(OzoneManagerRequestHandler.java:933) ~[ozone-manager-1.4.0-SNAPSHOT.jar:?]
	at org.apache.hadoop.ozone.protocolPB.OzoneManagerRequestHandler.handleReadRequest(OzoneManagerRequestHandler.java:238) ~[ozone-manager-1.4.0-SNAPSHOT.jar:?]
	at org.apache.hadoop.ozone.protocolPB.OzoneManagerProtocolServerSideTranslatorPB.submitRequestDirectlyToOM(OzoneManagerProtocolServerSideTranslatorPB.java:272) ~[ozone-manager-1.4.0-SNAPSHOT.jar:?]
	at org.apache.hadoop.ozone.protocolPB.OzoneManagerProtocolServerSideTranslatorPB.processRequest(OzoneManagerProtocolServerSideTranslatorPB.java:173) ~[ozone-manager-1.4.0-SNAPSHOT.jar:?]
	at org.apache.hadoop.hdds.server.OzoneProtocolMessageDispatcher.processRequest(OzoneProtocolMessageDispatcher.java:87) [hdds-server-framework-1.4.0-SNAPSHOT.jar:?]
	at org.apache.hadoop.ozone.protocolPB.OzoneManagerProtocolServerSideTranslatorPB.submitRequest(OzoneManagerProtocolServerSideTranslatorPB.java:147) [ozone-manager-1.4.0-SNAPSHOT.jar:?]
	at org.apache.hadoop.ozone.protocol.proto.OzoneManagerProtocolProtos$OzoneManagerService$2.callBlockingMethod(OzoneManagerProtocolProtos.java) [ozone-interface-client-1.4.0-SNAPSHOT.jar:?]
	at org.apache.hadoop.ipc.ProtobufRpcEngine$Server.processCall(ProtobufRpcEngine.java:465) [hadoop-common-3.3.4.jar:?]
	at org.apache.hadoop.ipc.ProtobufRpcEngine2$Server$ProtoBufRpcInvoker.call(ProtobufRpcEngine2.java:578) [hadoop-common-3.3.4.jar:?]
	at org.apache.hadoop.ipc.ProtobufRpcEngine2$Server$ProtoBufRpcInvoker.call(ProtobufRpcEngine2.java:556) [hadoop-common-3.3.4.jar:?]
	at org.apache.hadoop.ipc.RPC$Server.call(RPC.java:1093) [hadoop-common-3.3.4.jar:?]
	at org.apache.hadoop.ipc.Server$RpcCall.run(Server.java:1043) [hadoop-common-3.3.4.jar:?]
	at org.apache.hadoop.ipc.Server$RpcCall.run(Server.java:971) [hadoop-common-3.3.4.jar:?]
	at java.security.AccessController.doPrivileged(Native Method) ~[?:1.8.0_362]
	at javax.security.auth.Subject.doAs(Subject.java:422) [?:1.8.0_362]
	at org.apache.hadoop.security.UserGroupInformation.doAs(UserGroupInformation.java:1878) [hadoop-common-3.3.4.jar:?]
	at org.apache.hadoop.ipc.Server$Handler.run(Server.java:2976) [hadoop-common-3.3.4.jar:?]
20:08:12.958 [IPC Server handler 11 on default port 41725] ERROR OMAudit - user=runner | ip=127.0.0.1 | op=GET_FILE_STATUS {volume=volume10450, bucket=bucket92716, key=root_dir/b, dataSize=0, replicationConfig=null} | ret=FAILURE
org.apache.hadoop.ozone.om.exceptions.OMException: Unable to get file status: volume: volume10450 bucket: bucket92716 key: root_dir/b
	at org.apache.hadoop.ozone.om.KeyManagerImpl.getOzoneFileStatus(KeyManagerImpl.java:1196) ~[ozone-manager-1.4.0-SNAPSHOT.jar:?]
	at org.apache.hadoop.ozone.om.KeyManagerImpl.getFileStatus(KeyManagerImpl.java:1114) ~[ozone-manager-1.4.0-SNAPSHOT.jar:?]
	at org.apache.hadoop.ozone.om.OmMetadataReader.getFileStatus(OmMetadataReader.java:288) ~[ozone-manager-1.4.0-SNAPSHOT.jar:?]
	at org.apache.hadoop.ozone.om.OzoneManager.getFileStatus(OzoneManager.java:3494) ~[ozone-manager-1.4.0-SNAPSHOT.jar:?]
	at org.apache.hadoop.ozone.protocolPB.OzoneManagerRequestHandler.getOzoneFileStatus(OzoneManagerRequestHandler.java:933) ~[ozone-manager-1.4.0-SNAPSHOT.jar:?]
	at org.apache.hadoop.ozone.protocolPB.OzoneManagerRequestHandler.handleReadRequest(OzoneManagerRequestHandler.java:238) ~[ozone-manager-1.4.0-SNAPSHOT.jar:?]
	at org.apache.hadoop.ozone.protocolPB.OzoneManagerProtocolServerSideTranslatorPB.submitRequestDirectlyToOM(OzoneManagerProtocolServerSideTranslatorPB.java:272) ~[ozone-manager-1.4.0-SNAPSHOT.jar:?]
	at org.apache.hadoop.ozone.protocolPB.OzoneManagerProtocolServerSideTranslatorPB.processRequest(OzoneManagerProtocolServerSideTranslatorPB.java:173) ~[ozone-manager-1.4.0-SNAPSHOT.jar:?]
	at org.apache.hadoop.hdds.server.OzoneProtocolMessageDispatcher.processRequest(OzoneProtocolMessageDispatcher.java:87) [hdds-server-framework-1.4.0-SNAPSHOT.jar:?]
	at org.apache.hadoop.ozone.protocolPB.OzoneManagerProtocolServerSideTranslatorPB.submitRequest(OzoneManagerProtocolServerSideTranslatorPB.java:147) [ozone-manager-1.4.0-SNAPSHOT.jar:?]
	at org.apache.hadoop.ozone.protocol.proto.OzoneManagerProtocolProtos$OzoneManagerService$2.callBlockingMethod(OzoneManagerProtocolProtos.java) [ozone-interface-client-1.4.0-SNAPSHOT.jar:?]
	at org.apache.hadoop.ipc.ProtobufRpcEngine$Server.processCall(ProtobufRpcEngine.java:465) [hadoop-common-3.3.4.jar:?]
	at org.apache.hadoop.ipc.ProtobufRpcEngine2$Server$ProtoBufRpcInvoker.call(ProtobufRpcEngine2.java:578) [hadoop-common-3.3.4.jar:?]
	at org.apache.hadoop.ipc.ProtobufRpcEngine2$Server$ProtoBufRpcInvoker.call(ProtobufRpcEngine2.java:556) [hadoop-common-3.3.4.jar:?]
	at org.apache.hadoop.ipc.RPC$Server.call(RPC.java:1093) [hadoop-common-3.3.4.jar:?]
	at org.apache.hadoop.ipc.Server$RpcCall.run(Server.java:1043) [hadoop-common-3.3.4.jar:?]
	at org.apache.hadoop.ipc.Server$RpcCall.run(Server.java:971) [hadoop-common-3.3.4.jar:?]
	at java.security.AccessController.doPrivileged(Native Method) ~[?:1.8.0_362]
	at javax.security.auth.Subject.doAs(Subject.java:422) [?:1.8.0_362]
	at org.apache.hadoop.security.UserGroupInformation.doAs(UserGroupInformation.java:1878) [hadoop-common-3.3.4.jar:?]
	at org.apache.hadoop.ipc.Server$Handler.run(Server.java:2976) [hadoop-common-3.3.4.jar:?]
2023-03-16 20:08:12,962 [IPC Server handler 9 on default port 41725] INFO  key.OMKeyRequest (OMKeyRequest.java:wrapUncommittedBlocksAsPseudoKey(838)) - Detect allocated but uncommitted blocks [{blockID={containerID=2, localID=111677748019200007}, length=4194304, offset=0, token=null, pipeline=null, createVersion=0, partNumber=0}] in key root_dir/file1.
20:08:12.964 [IPC Server handler 18 on default port 41725] ERROR OMAudit - user=runner | ip=127.0.0.1 | op=GET_FILE_STATUS {volume=volume10450, bucket=bucket92716, key=root_dir/file1/c, dataSize=0, replicationConfig=null} | ret=FAILURE
org.apache.hadoop.ozone.om.exceptions.OMException: Unable to get file status: volume: volume10450 bucket: bucket92716 key: root_dir/file1/c
	at org.apache.hadoop.ozone.om.KeyManagerImpl.getOzoneFileStatus(KeyManagerImpl.java:1196) ~[ozone-manager-1.4.0-SNAPSHOT.jar:?]
	at org.apache.hadoop.ozone.om.KeyManagerImpl.getFileStatus(KeyManagerImpl.java:1114) ~[ozone-manager-1.4.0-SNAPSHOT.jar:?]
	at org.apache.hadoop.ozone.om.OmMetadataReader.getFileStatus(OmMetadataReader.java:288) ~[ozone-manager-1.4.0-SNAPSHOT.jar:?]
	at org.apache.hadoop.ozone.om.OzoneManager.getFileStatus(OzoneManager.java:3494) ~[ozone-manager-1.4.0-SNAPSHOT.jar:?]
	at org.apache.hadoop.ozone.protocolPB.OzoneManagerRequestHandler.getOzoneFileStatus(OzoneManagerRequestHandler.java:933) ~[ozone-manager-1.4.0-SNAPSHOT.jar:?]
	at org.apache.hadoop.ozone.protocolPB.OzoneManagerRequestHandler.handleReadRequest(OzoneManagerRequestHandler.java:238) ~[ozone-manager-1.4.0-SNAPSHOT.jar:?]
	at org.apache.hadoop.ozone.protocolPB.OzoneManagerProtocolServerSideTranslatorPB.submitRequestDirectlyToOM(OzoneManagerProtocolServerSideTranslatorPB.java:272) ~[ozone-manager-1.4.0-SNAPSHOT.jar:?]
	at org.apache.hadoop.ozone.protocolPB.OzoneManagerProtocolServerSideTranslatorPB.processRequest(OzoneManagerProtocolServerSideTranslatorPB.java:173) ~[ozone-manager-1.4.0-SNAPSHOT.jar:?]
	at org.apache.hadoop.hdds.server.OzoneProtocolMessageDispatcher.processRequest(OzoneProtocolMessageDispatcher.java:87) [hdds-server-framework-1.4.0-SNAPSHOT.jar:?]
	at org.apache.hadoop.ozone.protocolPB.OzoneManagerProtocolServerSideTranslatorPB.submitRequest(OzoneManagerProtocolServerSideTranslatorPB.java:147) [ozone-manager-1.4.0-SNAPSHOT.jar:?]
	at org.apache.hadoop.ozone.protocol.proto.OzoneManagerProtocolProtos$OzoneManagerService$2.callBlockingMethod(OzoneManagerProtocolProtos.java) [ozone-interface-client-1.4.0-SNAPSHOT.jar:?]
	at org.apache.hadoop.ipc.ProtobufRpcEngine$Server.processCall(ProtobufRpcEngine.java:465) [hadoop-common-3.3.4.jar:?]
	at org.apache.hadoop.ipc.ProtobufRpcEngine2$Server$ProtoBufRpcInvoker.call(ProtobufRpcEngine2.java:578) [hadoop-common-3.3.4.jar:?]
	at org.apache.hadoop.ipc.ProtobufRpcEngine2$Server$ProtoBufRpcInvoker.call(ProtobufRpcEngine2.java:556) [hadoop-common-3.3.4.jar:?]
	at org.apache.hadoop.ipc.RPC$Server.call(RPC.java:1093) [hadoop-common-3.3.4.jar:?]
	at org.apache.hadoop.ipc.Server$RpcCall.run(Server.java:1043) [hadoop-common-3.3.4.jar:?]
	at org.apache.hadoop.ipc.Server$RpcCall.run(Server.java:971) [hadoop-common-3.3.4.jar:?]
	at java.security.AccessController.doPrivileged(Native Method) ~[?:1.8.0_362]
	at javax.security.auth.Subject.doAs(Subject.java:422) [?:1.8.0_362]
	at org.apache.hadoop.security.UserGroupInformation.doAs(UserGroupInformation.java:1878) [hadoop-common-3.3.4.jar:?]
	at org.apache.hadoop.ipc.Server$Handler.run(Server.java:2976) [hadoop-common-3.3.4.jar:?]
]]></system-out>
  </testcase>
  <testcase name="testCreateWithInvalidPaths" classname="TestOzoneFileSystem" time="0.009"/>
  <testcase name="testCreateWithInvalidPaths" classname="TestOzoneFileSystem" time="0.003"/>
  <testcase name="testCreateWithInvalidPaths" classname="TestOzoneFileSystem" time="0.005"/>
  <testcase name="testCreateWithInvalidPaths" classname="TestOzoneFileSystem" time="0.001"/>
  <testcase name="testListStatusOnRoot" classname="TestOzoneFileSystem" time="0.049"/>
  <testcase name="testListStatusOnRoot" classname="TestOzoneFileSystem" time="0.012"/>
  <testcase name="testListStatusOnRoot" classname="TestOzoneFileSystem" time="0.023"/>
  <testcase name="testListStatusOnRoot" classname="TestOzoneFileSystem" time="0.01"/>
  <testcase name="testRenameWithNonExistentSource" classname="TestOzoneFileSystem" time="0.025">
    <system-out><![CDATA[2023-03-16 20:04:15,460 [Time-limited test] INFO  ozone.TestOzoneFileSystem (TestOzoneFileSystem.java:testRenameWithNonExistentSource(1151)) - Created destin dir: o3fs://bucket31801.volume04068/root/dir2
2023-03-16 20:04:15,460 [Time-limited test] INFO  ozone.TestOzoneFileSystem (TestOzoneFileSystem.java:testRenameWithNonExistentSource(1153)) - Rename op-> source:o3fs://bucket31801.volume04068/root/dir1 to destin:o3fs://bucket31801.volume04068/root/dir2}
20:04:15.461 [IPC Server handler 2 on default port 35091] ERROR OMAudit - user=runner | ip=127.0.0.1 | op=GET_FILE_STATUS {volume=volume04068, bucket=bucket31801, key=root/dir1, dataSize=0, replicationConfig=null} | ret=FAILURE
org.apache.hadoop.ozone.om.exceptions.OMException: Unable to get file status: volume: volume04068 bucket: bucket31801 key: root/dir1
	at org.apache.hadoop.ozone.om.KeyManagerImpl.getOzoneFileStatus(KeyManagerImpl.java:1196) ~[ozone-manager-1.4.0-SNAPSHOT.jar:?]
	at org.apache.hadoop.ozone.om.KeyManagerImpl.getFileStatus(KeyManagerImpl.java:1114) ~[ozone-manager-1.4.0-SNAPSHOT.jar:?]
	at org.apache.hadoop.ozone.om.OmMetadataReader.getFileStatus(OmMetadataReader.java:288) ~[ozone-manager-1.4.0-SNAPSHOT.jar:?]
	at org.apache.hadoop.ozone.om.OzoneManager.getFileStatus(OzoneManager.java:3494) ~[ozone-manager-1.4.0-SNAPSHOT.jar:?]
	at org.apache.hadoop.ozone.protocolPB.OzoneManagerRequestHandler.getOzoneFileStatus(OzoneManagerRequestHandler.java:933) ~[ozone-manager-1.4.0-SNAPSHOT.jar:?]
	at org.apache.hadoop.ozone.protocolPB.OzoneManagerRequestHandler.handleReadRequest(OzoneManagerRequestHandler.java:238) ~[ozone-manager-1.4.0-SNAPSHOT.jar:?]
	at org.apache.hadoop.ozone.protocolPB.OzoneManagerProtocolServerSideTranslatorPB.submitReadRequestToOM(OzoneManagerProtocolServerSideTranslatorPB.java:223) ~[ozone-manager-1.4.0-SNAPSHOT.jar:?]
	at org.apache.hadoop.ozone.protocolPB.OzoneManagerProtocolServerSideTranslatorPB.processRequest(OzoneManagerProtocolServerSideTranslatorPB.java:177) ~[ozone-manager-1.4.0-SNAPSHOT.jar:?]
	at org.apache.hadoop.hdds.server.OzoneProtocolMessageDispatcher.processRequest(OzoneProtocolMessageDispatcher.java:87) [hdds-server-framework-1.4.0-SNAPSHOT.jar:?]
	at org.apache.hadoop.ozone.protocolPB.OzoneManagerProtocolServerSideTranslatorPB.submitRequest(OzoneManagerProtocolServerSideTranslatorPB.java:147) [ozone-manager-1.4.0-SNAPSHOT.jar:?]
	at org.apache.hadoop.ozone.protocol.proto.OzoneManagerProtocolProtos$OzoneManagerService$2.callBlockingMethod(OzoneManagerProtocolProtos.java) [ozone-interface-client-1.4.0-SNAPSHOT.jar:?]
	at org.apache.hadoop.ipc.ProtobufRpcEngine$Server.processCall(ProtobufRpcEngine.java:465) [hadoop-common-3.3.4.jar:?]
	at org.apache.hadoop.ipc.ProtobufRpcEngine2$Server$ProtoBufRpcInvoker.call(ProtobufRpcEngine2.java:578) [hadoop-common-3.3.4.jar:?]
	at org.apache.hadoop.ipc.ProtobufRpcEngine2$Server$ProtoBufRpcInvoker.call(ProtobufRpcEngine2.java:556) [hadoop-common-3.3.4.jar:?]
	at org.apache.hadoop.ipc.RPC$Server.call(RPC.java:1093) [hadoop-common-3.3.4.jar:?]
	at org.apache.hadoop.ipc.Server$RpcCall.run(Server.java:1043) [hadoop-common-3.3.4.jar:?]
	at org.apache.hadoop.ipc.Server$RpcCall.run(Server.java:971) [hadoop-common-3.3.4.jar:?]
	at java.security.AccessController.doPrivileged(Native Method) ~[?:1.8.0_362]
	at javax.security.auth.Subject.doAs(Subject.java:422) [?:1.8.0_362]
	at org.apache.hadoop.security.UserGroupInformation.doAs(UserGroupInformation.java:1878) [hadoop-common-3.3.4.jar:?]
	at org.apache.hadoop.ipc.Server$Handler.run(Server.java:2976) [hadoop-common-3.3.4.jar:?]
]]></system-out>
  </testcase>
  <testcase name="testRenameWithNonExistentSource" classname="TestOzoneFileSystem" time="0.007">
    <system-out><![CDATA[2023-03-16 20:05:50,291 [Time-limited test] INFO  ozone.TestOzoneFileSystem (TestOzoneFileSystem.java:testRenameWithNonExistentSource(1151)) - Created destin dir: o3fs://bucket25127.volume45206/root/dir2
2023-03-16 20:05:50,291 [Time-limited test] INFO  ozone.TestOzoneFileSystem (TestOzoneFileSystem.java:testRenameWithNonExistentSource(1153)) - Rename op-> source:o3fs://bucket25127.volume45206/root/dir1 to destin:o3fs://bucket25127.volume45206/root/dir2}
20:05:50.291 [IPC Server handler 6 on default port 40321] ERROR OMAudit - user=runner | ip=127.0.0.1 | op=GET_FILE_STATUS {volume=volume45206, bucket=bucket25127, key=root/dir1, dataSize=0, replicationConfig=null} | ret=FAILURE
org.apache.hadoop.ozone.om.exceptions.OMException: Unable to get file status: volume: volume45206 bucket: bucket25127 key: root/dir1
	at org.apache.hadoop.ozone.om.KeyManagerImpl.getOzoneFileStatus(KeyManagerImpl.java:1196) ~[ozone-manager-1.4.0-SNAPSHOT.jar:?]
	at org.apache.hadoop.ozone.om.KeyManagerImpl.getFileStatus(KeyManagerImpl.java:1114) ~[ozone-manager-1.4.0-SNAPSHOT.jar:?]
	at org.apache.hadoop.ozone.om.OmMetadataReader.getFileStatus(OmMetadataReader.java:288) ~[ozone-manager-1.4.0-SNAPSHOT.jar:?]
	at org.apache.hadoop.ozone.om.OzoneManager.getFileStatus(OzoneManager.java:3494) ~[ozone-manager-1.4.0-SNAPSHOT.jar:?]
	at org.apache.hadoop.ozone.protocolPB.OzoneManagerRequestHandler.getOzoneFileStatus(OzoneManagerRequestHandler.java:933) ~[ozone-manager-1.4.0-SNAPSHOT.jar:?]
	at org.apache.hadoop.ozone.protocolPB.OzoneManagerRequestHandler.handleReadRequest(OzoneManagerRequestHandler.java:238) ~[ozone-manager-1.4.0-SNAPSHOT.jar:?]
	at org.apache.hadoop.ozone.protocolPB.OzoneManagerProtocolServerSideTranslatorPB.submitRequestDirectlyToOM(OzoneManagerProtocolServerSideTranslatorPB.java:272) ~[ozone-manager-1.4.0-SNAPSHOT.jar:?]
	at org.apache.hadoop.ozone.protocolPB.OzoneManagerProtocolServerSideTranslatorPB.processRequest(OzoneManagerProtocolServerSideTranslatorPB.java:173) ~[ozone-manager-1.4.0-SNAPSHOT.jar:?]
	at org.apache.hadoop.hdds.server.OzoneProtocolMessageDispatcher.processRequest(OzoneProtocolMessageDispatcher.java:87) [hdds-server-framework-1.4.0-SNAPSHOT.jar:?]
	at org.apache.hadoop.ozone.protocolPB.OzoneManagerProtocolServerSideTranslatorPB.submitRequest(OzoneManagerProtocolServerSideTranslatorPB.java:147) [ozone-manager-1.4.0-SNAPSHOT.jar:?]
	at org.apache.hadoop.ozone.protocol.proto.OzoneManagerProtocolProtos$OzoneManagerService$2.callBlockingMethod(OzoneManagerProtocolProtos.java) [ozone-interface-client-1.4.0-SNAPSHOT.jar:?]
	at org.apache.hadoop.ipc.ProtobufRpcEngine$Server.processCall(ProtobufRpcEngine.java:465) [hadoop-common-3.3.4.jar:?]
	at org.apache.hadoop.ipc.ProtobufRpcEngine2$Server$ProtoBufRpcInvoker.call(ProtobufRpcEngine2.java:578) [hadoop-common-3.3.4.jar:?]
	at org.apache.hadoop.ipc.ProtobufRpcEngine2$Server$ProtoBufRpcInvoker.call(ProtobufRpcEngine2.java:556) [hadoop-common-3.3.4.jar:?]
	at org.apache.hadoop.ipc.RPC$Server.call(RPC.java:1093) [hadoop-common-3.3.4.jar:?]
	at org.apache.hadoop.ipc.Server$RpcCall.run(Server.java:1043) [hadoop-common-3.3.4.jar:?]
	at org.apache.hadoop.ipc.Server$RpcCall.run(Server.java:971) [hadoop-common-3.3.4.jar:?]
	at java.security.AccessController.doPrivileged(Native Method) ~[?:1.8.0_362]
	at javax.security.auth.Subject.doAs(Subject.java:422) [?:1.8.0_362]
	at org.apache.hadoop.security.UserGroupInformation.doAs(UserGroupInformation.java:1878) [hadoop-common-3.3.4.jar:?]
	at org.apache.hadoop.ipc.Server$Handler.run(Server.java:2976) [hadoop-common-3.3.4.jar:?]
]]></system-out>
  </testcase>
  <testcase name="testRenameWithNonExistentSource" classname="TestOzoneFileSystem" time="0.009">
    <system-out><![CDATA[2023-03-16 20:06:54,248 [Time-limited test] INFO  ozone.TestOzoneFileSystem (TestOzoneFileSystem.java:testRenameWithNonExistentSource(1151)) - Created destin dir: o3fs://bucket02547.volume46233/root/dir2
2023-03-16 20:06:54,248 [Time-limited test] INFO  ozone.TestOzoneFileSystem (TestOzoneFileSystem.java:testRenameWithNonExistentSource(1153)) - Rename op-> source:o3fs://bucket02547.volume46233/root/dir1 to destin:o3fs://bucket02547.volume46233/root/dir2}
20:06:54.248 [IPC Server handler 5 on default port 37437] ERROR OMAudit - user=runner | ip=127.0.0.1 | op=GET_FILE_STATUS {volume=volume46233, bucket=bucket02547, key=root/dir1, dataSize=0, replicationConfig=null} | ret=FAILURE
org.apache.hadoop.ozone.om.exceptions.OMException: Unable to get file status: volume: volume46233 bucket: bucket02547 key: root/dir1
	at org.apache.hadoop.ozone.om.KeyManagerImpl.getOzoneFileStatus(KeyManagerImpl.java:1196) ~[ozone-manager-1.4.0-SNAPSHOT.jar:?]
	at org.apache.hadoop.ozone.om.KeyManagerImpl.getFileStatus(KeyManagerImpl.java:1114) ~[ozone-manager-1.4.0-SNAPSHOT.jar:?]
	at org.apache.hadoop.ozone.om.OmMetadataReader.getFileStatus(OmMetadataReader.java:288) ~[ozone-manager-1.4.0-SNAPSHOT.jar:?]
	at org.apache.hadoop.ozone.om.OzoneManager.getFileStatus(OzoneManager.java:3494) ~[ozone-manager-1.4.0-SNAPSHOT.jar:?]
	at org.apache.hadoop.ozone.protocolPB.OzoneManagerRequestHandler.getOzoneFileStatus(OzoneManagerRequestHandler.java:933) ~[ozone-manager-1.4.0-SNAPSHOT.jar:?]
	at org.apache.hadoop.ozone.protocolPB.OzoneManagerRequestHandler.handleReadRequest(OzoneManagerRequestHandler.java:238) ~[ozone-manager-1.4.0-SNAPSHOT.jar:?]
	at org.apache.hadoop.ozone.protocolPB.OzoneManagerProtocolServerSideTranslatorPB.submitReadRequestToOM(OzoneManagerProtocolServerSideTranslatorPB.java:223) ~[ozone-manager-1.4.0-SNAPSHOT.jar:?]
	at org.apache.hadoop.ozone.protocolPB.OzoneManagerProtocolServerSideTranslatorPB.processRequest(OzoneManagerProtocolServerSideTranslatorPB.java:177) ~[ozone-manager-1.4.0-SNAPSHOT.jar:?]
	at org.apache.hadoop.hdds.server.OzoneProtocolMessageDispatcher.processRequest(OzoneProtocolMessageDispatcher.java:87) [hdds-server-framework-1.4.0-SNAPSHOT.jar:?]
	at org.apache.hadoop.ozone.protocolPB.OzoneManagerProtocolServerSideTranslatorPB.submitRequest(OzoneManagerProtocolServerSideTranslatorPB.java:147) [ozone-manager-1.4.0-SNAPSHOT.jar:?]
	at org.apache.hadoop.ozone.protocol.proto.OzoneManagerProtocolProtos$OzoneManagerService$2.callBlockingMethod(OzoneManagerProtocolProtos.java) [ozone-interface-client-1.4.0-SNAPSHOT.jar:?]
	at org.apache.hadoop.ipc.ProtobufRpcEngine$Server.processCall(ProtobufRpcEngine.java:465) [hadoop-common-3.3.4.jar:?]
	at org.apache.hadoop.ipc.ProtobufRpcEngine2$Server$ProtoBufRpcInvoker.call(ProtobufRpcEngine2.java:578) [hadoop-common-3.3.4.jar:?]
	at org.apache.hadoop.ipc.ProtobufRpcEngine2$Server$ProtoBufRpcInvoker.call(ProtobufRpcEngine2.java:556) [hadoop-common-3.3.4.jar:?]
	at org.apache.hadoop.ipc.RPC$Server.call(RPC.java:1093) [hadoop-common-3.3.4.jar:?]
	at org.apache.hadoop.ipc.Server$RpcCall.run(Server.java:1043) [hadoop-common-3.3.4.jar:?]
	at org.apache.hadoop.ipc.Server$RpcCall.run(Server.java:971) [hadoop-common-3.3.4.jar:?]
	at java.security.AccessController.doPrivileged(Native Method) ~[?:1.8.0_362]
	at javax.security.auth.Subject.doAs(Subject.java:422) [?:1.8.0_362]
	at org.apache.hadoop.security.UserGroupInformation.doAs(UserGroupInformation.java:1878) [hadoop-common-3.3.4.jar:?]
	at org.apache.hadoop.ipc.Server$Handler.run(Server.java:2976) [hadoop-common-3.3.4.jar:?]
]]></system-out>
  </testcase>
  <testcase name="testRenameWithNonExistentSource" classname="TestOzoneFileSystem" time="0.006">
    <system-out><![CDATA[2023-03-16 20:08:12,982 [Time-limited test] INFO  ozone.TestOzoneFileSystem (TestOzoneFileSystem.java:testRenameWithNonExistentSource(1151)) - Created destin dir: o3fs://bucket92716.volume10450/root/dir2
2023-03-16 20:08:12,982 [Time-limited test] INFO  ozone.TestOzoneFileSystem (TestOzoneFileSystem.java:testRenameWithNonExistentSource(1153)) - Rename op-> source:o3fs://bucket92716.volume10450/root/dir1 to destin:o3fs://bucket92716.volume10450/root/dir2}
20:08:12.983 [IPC Server handler 6 on default port 41725] ERROR OMAudit - user=runner | ip=127.0.0.1 | op=GET_FILE_STATUS {volume=volume10450, bucket=bucket92716, key=root/dir1, dataSize=0, replicationConfig=null} | ret=FAILURE
org.apache.hadoop.ozone.om.exceptions.OMException: Unable to get file status: volume: volume10450 bucket: bucket92716 key: root/dir1
	at org.apache.hadoop.ozone.om.KeyManagerImpl.getOzoneFileStatus(KeyManagerImpl.java:1196) ~[ozone-manager-1.4.0-SNAPSHOT.jar:?]
	at org.apache.hadoop.ozone.om.KeyManagerImpl.getFileStatus(KeyManagerImpl.java:1114) ~[ozone-manager-1.4.0-SNAPSHOT.jar:?]
	at org.apache.hadoop.ozone.om.OmMetadataReader.getFileStatus(OmMetadataReader.java:288) ~[ozone-manager-1.4.0-SNAPSHOT.jar:?]
	at org.apache.hadoop.ozone.om.OzoneManager.getFileStatus(OzoneManager.java:3494) ~[ozone-manager-1.4.0-SNAPSHOT.jar:?]
	at org.apache.hadoop.ozone.protocolPB.OzoneManagerRequestHandler.getOzoneFileStatus(OzoneManagerRequestHandler.java:933) ~[ozone-manager-1.4.0-SNAPSHOT.jar:?]
	at org.apache.hadoop.ozone.protocolPB.OzoneManagerRequestHandler.handleReadRequest(OzoneManagerRequestHandler.java:238) ~[ozone-manager-1.4.0-SNAPSHOT.jar:?]
	at org.apache.hadoop.ozone.protocolPB.OzoneManagerProtocolServerSideTranslatorPB.submitRequestDirectlyToOM(OzoneManagerProtocolServerSideTranslatorPB.java:272) ~[ozone-manager-1.4.0-SNAPSHOT.jar:?]
	at org.apache.hadoop.ozone.protocolPB.OzoneManagerProtocolServerSideTranslatorPB.processRequest(OzoneManagerProtocolServerSideTranslatorPB.java:173) ~[ozone-manager-1.4.0-SNAPSHOT.jar:?]
	at org.apache.hadoop.hdds.server.OzoneProtocolMessageDispatcher.processRequest(OzoneProtocolMessageDispatcher.java:87) [hdds-server-framework-1.4.0-SNAPSHOT.jar:?]
	at org.apache.hadoop.ozone.protocolPB.OzoneManagerProtocolServerSideTranslatorPB.submitRequest(OzoneManagerProtocolServerSideTranslatorPB.java:147) [ozone-manager-1.4.0-SNAPSHOT.jar:?]
	at org.apache.hadoop.ozone.protocol.proto.OzoneManagerProtocolProtos$OzoneManagerService$2.callBlockingMethod(OzoneManagerProtocolProtos.java) [ozone-interface-client-1.4.0-SNAPSHOT.jar:?]
	at org.apache.hadoop.ipc.ProtobufRpcEngine$Server.processCall(ProtobufRpcEngine.java:465) [hadoop-common-3.3.4.jar:?]
	at org.apache.hadoop.ipc.ProtobufRpcEngine2$Server$ProtoBufRpcInvoker.call(ProtobufRpcEngine2.java:578) [hadoop-common-3.3.4.jar:?]
	at org.apache.hadoop.ipc.ProtobufRpcEngine2$Server$ProtoBufRpcInvoker.call(ProtobufRpcEngine2.java:556) [hadoop-common-3.3.4.jar:?]
	at org.apache.hadoop.ipc.RPC$Server.call(RPC.java:1093) [hadoop-common-3.3.4.jar:?]
	at org.apache.hadoop.ipc.Server$RpcCall.run(Server.java:1043) [hadoop-common-3.3.4.jar:?]
	at org.apache.hadoop.ipc.Server$RpcCall.run(Server.java:971) [hadoop-common-3.3.4.jar:?]
	at java.security.AccessController.doPrivileged(Native Method) ~[?:1.8.0_362]
	at javax.security.auth.Subject.doAs(Subject.java:422) [?:1.8.0_362]
	at org.apache.hadoop.security.UserGroupInformation.doAs(UserGroupInformation.java:1878) [hadoop-common-3.3.4.jar:?]
	at org.apache.hadoop.ipc.Server$Handler.run(Server.java:2976) [hadoop-common-3.3.4.jar:?]
]]></system-out>
  </testcase>
  <testcase name="testRenameToParentDir" classname="TestOzoneFileSystem" time="0.095">
    <system-out><![CDATA[2023-03-16 20:04:15,505 [OM StateMachine ApplyTransaction Thread - 0] INFO  key.OMKeyRequest (OMKeyRequest.java:wrapUncommittedBlocksAsPseudoKey(838)) - Detect allocated but uncommitted blocks [{blockID={containerID=3, localID=111677748019200008}, length=4194304, offset=0, token=null, pipeline=null, createVersion=0, partNumber=0}] in key root_dir/dir1/file2.
20:04:15.516 [IPC Server handler 17 on default port 35091] ERROR OMAudit - user=runner | ip=127.0.0.1 | op=LIST_STATUS {volume=volume04068, bucket=bucket31801, key=root_dir/dir2, dataSize=0, replicationConfig=null} | ret=FAILURE
org.apache.hadoop.ozone.om.exceptions.OMException: Unable to get file status: volume: volume04068 bucket: bucket31801 key: root_dir/dir2
	at org.apache.hadoop.ozone.om.KeyManagerImpl.getOzoneFileStatus(KeyManagerImpl.java:1196) ~[ozone-manager-1.4.0-SNAPSHOT.jar:?]
	at org.apache.hadoop.ozone.om.KeyManagerImpl.getFileStatus(KeyManagerImpl.java:1114) ~[ozone-manager-1.4.0-SNAPSHOT.jar:?]
	at org.apache.hadoop.ozone.om.KeyManagerImpl.listStatus(KeyManagerImpl.java:1504) ~[ozone-manager-1.4.0-SNAPSHOT.jar:?]
	at org.apache.hadoop.ozone.om.OmMetadataReader.listStatus(OmMetadataReader.java:261) ~[ozone-manager-1.4.0-SNAPSHOT.jar:?]
	at org.apache.hadoop.ozone.om.OzoneManager.listStatus(OzoneManager.java:3513) ~[ozone-manager-1.4.0-SNAPSHOT.jar:?]
	at org.apache.hadoop.ozone.protocolPB.OzoneManagerRequestHandler.listStatus(OzoneManagerRequestHandler.java:1097) ~[ozone-manager-1.4.0-SNAPSHOT.jar:?]
	at org.apache.hadoop.ozone.protocolPB.OzoneManagerRequestHandler.handleReadRequest(OzoneManagerRequestHandler.java:249) ~[ozone-manager-1.4.0-SNAPSHOT.jar:?]
	at org.apache.hadoop.ozone.protocolPB.OzoneManagerProtocolServerSideTranslatorPB.submitReadRequestToOM(OzoneManagerProtocolServerSideTranslatorPB.java:223) ~[ozone-manager-1.4.0-SNAPSHOT.jar:?]
	at org.apache.hadoop.ozone.protocolPB.OzoneManagerProtocolServerSideTranslatorPB.processRequest(OzoneManagerProtocolServerSideTranslatorPB.java:177) ~[ozone-manager-1.4.0-SNAPSHOT.jar:?]
	at org.apache.hadoop.hdds.server.OzoneProtocolMessageDispatcher.processRequest(OzoneProtocolMessageDispatcher.java:87) [hdds-server-framework-1.4.0-SNAPSHOT.jar:?]
	at org.apache.hadoop.ozone.protocolPB.OzoneManagerProtocolServerSideTranslatorPB.submitRequest(OzoneManagerProtocolServerSideTranslatorPB.java:147) [ozone-manager-1.4.0-SNAPSHOT.jar:?]
	at org.apache.hadoop.ozone.protocol.proto.OzoneManagerProtocolProtos$OzoneManagerService$2.callBlockingMethod(OzoneManagerProtocolProtos.java) [ozone-interface-client-1.4.0-SNAPSHOT.jar:?]
	at org.apache.hadoop.ipc.ProtobufRpcEngine$Server.processCall(ProtobufRpcEngine.java:465) [hadoop-common-3.3.4.jar:?]
	at org.apache.hadoop.ipc.ProtobufRpcEngine2$Server$ProtoBufRpcInvoker.call(ProtobufRpcEngine2.java:578) [hadoop-common-3.3.4.jar:?]
	at org.apache.hadoop.ipc.ProtobufRpcEngine2$Server$ProtoBufRpcInvoker.call(ProtobufRpcEngine2.java:556) [hadoop-common-3.3.4.jar:?]
	at org.apache.hadoop.ipc.RPC$Server.call(RPC.java:1093) [hadoop-common-3.3.4.jar:?]
	at org.apache.hadoop.ipc.Server$RpcCall.run(Server.java:1043) [hadoop-common-3.3.4.jar:?]
	at org.apache.hadoop.ipc.Server$RpcCall.run(Server.java:971) [hadoop-common-3.3.4.jar:?]
	at java.security.AccessController.doPrivileged(Native Method) ~[?:1.8.0_362]
	at javax.security.auth.Subject.doAs(Subject.java:422) [?:1.8.0_362]
	at org.apache.hadoop.security.UserGroupInformation.doAs(UserGroupInformation.java:1878) [hadoop-common-3.3.4.jar:?]
	at org.apache.hadoop.ipc.Server$Handler.run(Server.java:2976) [hadoop-common-3.3.4.jar:?]
20:04:15.537 [IPC Server handler 11 on default port 35091] ERROR OMAudit - user=runner | ip=127.0.0.1 | op=LIST_STATUS {volume=volume04068, bucket=bucket31801, key=root_dir/file2, dataSize=0, replicationConfig=null} | ret=FAILURE
org.apache.hadoop.ozone.om.exceptions.OMException: Unable to get file status: volume: volume04068 bucket: bucket31801 key: root_dir/file2
	at org.apache.hadoop.ozone.om.KeyManagerImpl.getOzoneFileStatus(KeyManagerImpl.java:1196) ~[ozone-manager-1.4.0-SNAPSHOT.jar:?]
	at org.apache.hadoop.ozone.om.KeyManagerImpl.getFileStatus(KeyManagerImpl.java:1114) ~[ozone-manager-1.4.0-SNAPSHOT.jar:?]
	at org.apache.hadoop.ozone.om.KeyManagerImpl.listStatus(KeyManagerImpl.java:1504) ~[ozone-manager-1.4.0-SNAPSHOT.jar:?]
	at org.apache.hadoop.ozone.om.OmMetadataReader.listStatus(OmMetadataReader.java:261) ~[ozone-manager-1.4.0-SNAPSHOT.jar:?]
	at org.apache.hadoop.ozone.om.OzoneManager.listStatus(OzoneManager.java:3513) ~[ozone-manager-1.4.0-SNAPSHOT.jar:?]
	at org.apache.hadoop.ozone.protocolPB.OzoneManagerRequestHandler.listStatus(OzoneManagerRequestHandler.java:1097) ~[ozone-manager-1.4.0-SNAPSHOT.jar:?]
	at org.apache.hadoop.ozone.protocolPB.OzoneManagerRequestHandler.handleReadRequest(OzoneManagerRequestHandler.java:249) ~[ozone-manager-1.4.0-SNAPSHOT.jar:?]
	at org.apache.hadoop.ozone.protocolPB.OzoneManagerProtocolServerSideTranslatorPB.submitReadRequestToOM(OzoneManagerProtocolServerSideTranslatorPB.java:223) ~[ozone-manager-1.4.0-SNAPSHOT.jar:?]
	at org.apache.hadoop.ozone.protocolPB.OzoneManagerProtocolServerSideTranslatorPB.processRequest(OzoneManagerProtocolServerSideTranslatorPB.java:177) ~[ozone-manager-1.4.0-SNAPSHOT.jar:?]
	at org.apache.hadoop.hdds.server.OzoneProtocolMessageDispatcher.processRequest(OzoneProtocolMessageDispatcher.java:87) [hdds-server-framework-1.4.0-SNAPSHOT.jar:?]
	at org.apache.hadoop.ozone.protocolPB.OzoneManagerProtocolServerSideTranslatorPB.submitRequest(OzoneManagerProtocolServerSideTranslatorPB.java:147) [ozone-manager-1.4.0-SNAPSHOT.jar:?]
	at org.apache.hadoop.ozone.protocol.proto.OzoneManagerProtocolProtos$OzoneManagerService$2.callBlockingMethod(OzoneManagerProtocolProtos.java) [ozone-interface-client-1.4.0-SNAPSHOT.jar:?]
	at org.apache.hadoop.ipc.ProtobufRpcEngine$Server.processCall(ProtobufRpcEngine.java:465) [hadoop-common-3.3.4.jar:?]
	at org.apache.hadoop.ipc.ProtobufRpcEngine2$Server$ProtoBufRpcInvoker.call(ProtobufRpcEngine2.java:578) [hadoop-common-3.3.4.jar:?]
	at org.apache.hadoop.ipc.ProtobufRpcEngine2$Server$ProtoBufRpcInvoker.call(ProtobufRpcEngine2.java:556) [hadoop-common-3.3.4.jar:?]
	at org.apache.hadoop.ipc.RPC$Server.call(RPC.java:1093) [hadoop-common-3.3.4.jar:?]
	at org.apache.hadoop.ipc.Server$RpcCall.run(Server.java:1043) [hadoop-common-3.3.4.jar:?]
	at org.apache.hadoop.ipc.Server$RpcCall.run(Server.java:971) [hadoop-common-3.3.4.jar:?]
	at java.security.AccessController.doPrivileged(Native Method) ~[?:1.8.0_362]
	at javax.security.auth.Subject.doAs(Subject.java:422) [?:1.8.0_362]
	at org.apache.hadoop.security.UserGroupInformation.doAs(UserGroupInformation.java:1878) [hadoop-common-3.3.4.jar:?]
	at org.apache.hadoop.ipc.Server$Handler.run(Server.java:2976) [hadoop-common-3.3.4.jar:?]
]]></system-out>
  </testcase>
  <testcase name="testRenameToParentDir" classname="TestOzoneFileSystem" time="0.037">
    <system-out><![CDATA[2023-03-16 20:05:50,315 [IPC Server handler 4 on default port 40321] INFO  key.OMKeyRequest (OMKeyRequest.java:wrapUncommittedBlocksAsPseudoKey(838)) - Detect allocated but uncommitted blocks [{blockID={containerID=1, localID=111677748019200008}, length=4194304, offset=0, token=null, pipeline=null, createVersion=0, partNumber=0}] in key root_dir/dir1/file2.
20:05:50.318 [IPC Server handler 5 on default port 40321] ERROR OMAudit - user=runner | ip=127.0.0.1 | op=LIST_STATUS {volume=volume45206, bucket=bucket25127, key=root_dir/dir2, dataSize=0, replicationConfig=null} | ret=FAILURE
org.apache.hadoop.ozone.om.exceptions.OMException: Unable to get file status: volume: volume45206 bucket: bucket25127 key: root_dir/dir2
	at org.apache.hadoop.ozone.om.KeyManagerImpl.getOzoneFileStatus(KeyManagerImpl.java:1196) ~[ozone-manager-1.4.0-SNAPSHOT.jar:?]
	at org.apache.hadoop.ozone.om.KeyManagerImpl.getFileStatus(KeyManagerImpl.java:1114) ~[ozone-manager-1.4.0-SNAPSHOT.jar:?]
	at org.apache.hadoop.ozone.om.KeyManagerImpl.listStatus(KeyManagerImpl.java:1504) ~[ozone-manager-1.4.0-SNAPSHOT.jar:?]
	at org.apache.hadoop.ozone.om.OmMetadataReader.listStatus(OmMetadataReader.java:261) ~[ozone-manager-1.4.0-SNAPSHOT.jar:?]
	at org.apache.hadoop.ozone.om.OzoneManager.listStatus(OzoneManager.java:3513) ~[ozone-manager-1.4.0-SNAPSHOT.jar:?]
	at org.apache.hadoop.ozone.protocolPB.OzoneManagerRequestHandler.listStatus(OzoneManagerRequestHandler.java:1097) ~[ozone-manager-1.4.0-SNAPSHOT.jar:?]
	at org.apache.hadoop.ozone.protocolPB.OzoneManagerRequestHandler.handleReadRequest(OzoneManagerRequestHandler.java:249) ~[ozone-manager-1.4.0-SNAPSHOT.jar:?]
	at org.apache.hadoop.ozone.protocolPB.OzoneManagerProtocolServerSideTranslatorPB.submitRequestDirectlyToOM(OzoneManagerProtocolServerSideTranslatorPB.java:272) ~[ozone-manager-1.4.0-SNAPSHOT.jar:?]
	at org.apache.hadoop.ozone.protocolPB.OzoneManagerProtocolServerSideTranslatorPB.processRequest(OzoneManagerProtocolServerSideTranslatorPB.java:173) ~[ozone-manager-1.4.0-SNAPSHOT.jar:?]
	at org.apache.hadoop.hdds.server.OzoneProtocolMessageDispatcher.processRequest(OzoneProtocolMessageDispatcher.java:87) [hdds-server-framework-1.4.0-SNAPSHOT.jar:?]
	at org.apache.hadoop.ozone.protocolPB.OzoneManagerProtocolServerSideTranslatorPB.submitRequest(OzoneManagerProtocolServerSideTranslatorPB.java:147) [ozone-manager-1.4.0-SNAPSHOT.jar:?]
	at org.apache.hadoop.ozone.protocol.proto.OzoneManagerProtocolProtos$OzoneManagerService$2.callBlockingMethod(OzoneManagerProtocolProtos.java) [ozone-interface-client-1.4.0-SNAPSHOT.jar:?]
	at org.apache.hadoop.ipc.ProtobufRpcEngine$Server.processCall(ProtobufRpcEngine.java:465) [hadoop-common-3.3.4.jar:?]
	at org.apache.hadoop.ipc.ProtobufRpcEngine2$Server$ProtoBufRpcInvoker.call(ProtobufRpcEngine2.java:578) [hadoop-common-3.3.4.jar:?]
	at org.apache.hadoop.ipc.ProtobufRpcEngine2$Server$ProtoBufRpcInvoker.call(ProtobufRpcEngine2.java:556) [hadoop-common-3.3.4.jar:?]
	at org.apache.hadoop.ipc.RPC$Server.call(RPC.java:1093) [hadoop-common-3.3.4.jar:?]
	at org.apache.hadoop.ipc.Server$RpcCall.run(Server.java:1043) [hadoop-common-3.3.4.jar:?]
	at org.apache.hadoop.ipc.Server$RpcCall.run(Server.java:971) [hadoop-common-3.3.4.jar:?]
	at java.security.AccessController.doPrivileged(Native Method) ~[?:1.8.0_362]
	at javax.security.auth.Subject.doAs(Subject.java:422) [?:1.8.0_362]
	at org.apache.hadoop.security.UserGroupInformation.doAs(UserGroupInformation.java:1878) [hadoop-common-3.3.4.jar:?]
	at org.apache.hadoop.ipc.Server$Handler.run(Server.java:2976) [hadoop-common-3.3.4.jar:?]
20:05:50.325 [IPC Server handler 11 on default port 40321] ERROR OMAudit - user=runner | ip=127.0.0.1 | op=LIST_STATUS {volume=volume45206, bucket=bucket25127, key=root_dir/file2, dataSize=0, replicationConfig=null} | ret=FAILURE
org.apache.hadoop.ozone.om.exceptions.OMException: Unable to get file status: volume: volume45206 bucket: bucket25127 key: root_dir/file2
	at org.apache.hadoop.ozone.om.KeyManagerImpl.getOzoneFileStatus(KeyManagerImpl.java:1196) ~[ozone-manager-1.4.0-SNAPSHOT.jar:?]
	at org.apache.hadoop.ozone.om.KeyManagerImpl.getFileStatus(KeyManagerImpl.java:1114) ~[ozone-manager-1.4.0-SNAPSHOT.jar:?]
	at org.apache.hadoop.ozone.om.KeyManagerImpl.listStatus(KeyManagerImpl.java:1504) ~[ozone-manager-1.4.0-SNAPSHOT.jar:?]
	at org.apache.hadoop.ozone.om.OmMetadataReader.listStatus(OmMetadataReader.java:261) ~[ozone-manager-1.4.0-SNAPSHOT.jar:?]
	at org.apache.hadoop.ozone.om.OzoneManager.listStatus(OzoneManager.java:3513) ~[ozone-manager-1.4.0-SNAPSHOT.jar:?]
	at org.apache.hadoop.ozone.protocolPB.OzoneManagerRequestHandler.listStatus(OzoneManagerRequestHandler.java:1097) ~[ozone-manager-1.4.0-SNAPSHOT.jar:?]
	at org.apache.hadoop.ozone.protocolPB.OzoneManagerRequestHandler.handleReadRequest(OzoneManagerRequestHandler.java:249) ~[ozone-manager-1.4.0-SNAPSHOT.jar:?]
	at org.apache.hadoop.ozone.protocolPB.OzoneManagerProtocolServerSideTranslatorPB.submitRequestDirectlyToOM(OzoneManagerProtocolServerSideTranslatorPB.java:272) ~[ozone-manager-1.4.0-SNAPSHOT.jar:?]
	at org.apache.hadoop.ozone.protocolPB.OzoneManagerProtocolServerSideTranslatorPB.processRequest(OzoneManagerProtocolServerSideTranslatorPB.java:173) ~[ozone-manager-1.4.0-SNAPSHOT.jar:?]
	at org.apache.hadoop.hdds.server.OzoneProtocolMessageDispatcher.processRequest(OzoneProtocolMessageDispatcher.java:87) [hdds-server-framework-1.4.0-SNAPSHOT.jar:?]
	at org.apache.hadoop.ozone.protocolPB.OzoneManagerProtocolServerSideTranslatorPB.submitRequest(OzoneManagerProtocolServerSideTranslatorPB.java:147) [ozone-manager-1.4.0-SNAPSHOT.jar:?]
	at org.apache.hadoop.ozone.protocol.proto.OzoneManagerProtocolProtos$OzoneManagerService$2.callBlockingMethod(OzoneManagerProtocolProtos.java) [ozone-interface-client-1.4.0-SNAPSHOT.jar:?]
	at org.apache.hadoop.ipc.ProtobufRpcEngine$Server.processCall(ProtobufRpcEngine.java:465) [hadoop-common-3.3.4.jar:?]
	at org.apache.hadoop.ipc.ProtobufRpcEngine2$Server$ProtoBufRpcInvoker.call(ProtobufRpcEngine2.java:578) [hadoop-common-3.3.4.jar:?]
	at org.apache.hadoop.ipc.ProtobufRpcEngine2$Server$ProtoBufRpcInvoker.call(ProtobufRpcEngine2.java:556) [hadoop-common-3.3.4.jar:?]
	at org.apache.hadoop.ipc.RPC$Server.call(RPC.java:1093) [hadoop-common-3.3.4.jar:?]
	at org.apache.hadoop.ipc.Server$RpcCall.run(Server.java:1043) [hadoop-common-3.3.4.jar:?]
	at org.apache.hadoop.ipc.Server$RpcCall.run(Server.java:971) [hadoop-common-3.3.4.jar:?]
	at java.security.AccessController.doPrivileged(Native Method) ~[?:1.8.0_362]
	at javax.security.auth.Subject.doAs(Subject.java:422) [?:1.8.0_362]
	at org.apache.hadoop.security.UserGroupInformation.doAs(UserGroupInformation.java:1878) [hadoop-common-3.3.4.jar:?]
	at org.apache.hadoop.ipc.Server$Handler.run(Server.java:2976) [hadoop-common-3.3.4.jar:?]
]]></system-out>
  </testcase>
  <testcase name="testRenameToParentDir" classname="TestOzoneFileSystem" time="0.029">
    <system-out><![CDATA[2023-03-16 20:06:54,263 [OM StateMachine ApplyTransaction Thread - 0] INFO  key.OMKeyRequest (OMKeyRequest.java:wrapUncommittedBlocksAsPseudoKey(838)) - Detect allocated but uncommitted blocks [{blockID={containerID=3, localID=111677748019200008}, length=4194304, offset=0, token=null, pipeline=null, createVersion=0, partNumber=0}] in key root_dir/dir1/file2.
20:06:54.266 [IPC Server handler 13 on default port 37437] ERROR OMAudit - user=runner | ip=127.0.0.1 | op=LIST_STATUS {volume=volume46233, bucket=bucket02547, key=root_dir/dir2, dataSize=0, replicationConfig=null} | ret=FAILURE
org.apache.hadoop.ozone.om.exceptions.OMException: Unable to get file status: volume: volume46233 bucket: bucket02547 key: root_dir/dir2
	at org.apache.hadoop.ozone.om.KeyManagerImpl.getOzoneFileStatus(KeyManagerImpl.java:1196) ~[ozone-manager-1.4.0-SNAPSHOT.jar:?]
	at org.apache.hadoop.ozone.om.KeyManagerImpl.getFileStatus(KeyManagerImpl.java:1114) ~[ozone-manager-1.4.0-SNAPSHOT.jar:?]
	at org.apache.hadoop.ozone.om.KeyManagerImpl.listStatus(KeyManagerImpl.java:1504) ~[ozone-manager-1.4.0-SNAPSHOT.jar:?]
	at org.apache.hadoop.ozone.om.OmMetadataReader.listStatus(OmMetadataReader.java:261) ~[ozone-manager-1.4.0-SNAPSHOT.jar:?]
	at org.apache.hadoop.ozone.om.OzoneManager.listStatus(OzoneManager.java:3513) ~[ozone-manager-1.4.0-SNAPSHOT.jar:?]
	at org.apache.hadoop.ozone.protocolPB.OzoneManagerRequestHandler.listStatus(OzoneManagerRequestHandler.java:1097) ~[ozone-manager-1.4.0-SNAPSHOT.jar:?]
	at org.apache.hadoop.ozone.protocolPB.OzoneManagerRequestHandler.handleReadRequest(OzoneManagerRequestHandler.java:249) ~[ozone-manager-1.4.0-SNAPSHOT.jar:?]
	at org.apache.hadoop.ozone.protocolPB.OzoneManagerProtocolServerSideTranslatorPB.submitReadRequestToOM(OzoneManagerProtocolServerSideTranslatorPB.java:223) ~[ozone-manager-1.4.0-SNAPSHOT.jar:?]
	at org.apache.hadoop.ozone.protocolPB.OzoneManagerProtocolServerSideTranslatorPB.processRequest(OzoneManagerProtocolServerSideTranslatorPB.java:177) ~[ozone-manager-1.4.0-SNAPSHOT.jar:?]
	at org.apache.hadoop.hdds.server.OzoneProtocolMessageDispatcher.processRequest(OzoneProtocolMessageDispatcher.java:87) [hdds-server-framework-1.4.0-SNAPSHOT.jar:?]
	at org.apache.hadoop.ozone.protocolPB.OzoneManagerProtocolServerSideTranslatorPB.submitRequest(OzoneManagerProtocolServerSideTranslatorPB.java:147) [ozone-manager-1.4.0-SNAPSHOT.jar:?]
	at org.apache.hadoop.ozone.protocol.proto.OzoneManagerProtocolProtos$OzoneManagerService$2.callBlockingMethod(OzoneManagerProtocolProtos.java) [ozone-interface-client-1.4.0-SNAPSHOT.jar:?]
	at org.apache.hadoop.ipc.ProtobufRpcEngine$Server.processCall(ProtobufRpcEngine.java:465) [hadoop-common-3.3.4.jar:?]
	at org.apache.hadoop.ipc.ProtobufRpcEngine2$Server$ProtoBufRpcInvoker.call(ProtobufRpcEngine2.java:578) [hadoop-common-3.3.4.jar:?]
	at org.apache.hadoop.ipc.ProtobufRpcEngine2$Server$ProtoBufRpcInvoker.call(ProtobufRpcEngine2.java:556) [hadoop-common-3.3.4.jar:?]
	at org.apache.hadoop.ipc.RPC$Server.call(RPC.java:1093) [hadoop-common-3.3.4.jar:?]
	at org.apache.hadoop.ipc.Server$RpcCall.run(Server.java:1043) [hadoop-common-3.3.4.jar:?]
	at org.apache.hadoop.ipc.Server$RpcCall.run(Server.java:971) [hadoop-common-3.3.4.jar:?]
	at java.security.AccessController.doPrivileged(Native Method) ~[?:1.8.0_362]
	at javax.security.auth.Subject.doAs(Subject.java:422) [?:1.8.0_362]
	at org.apache.hadoop.security.UserGroupInformation.doAs(UserGroupInformation.java:1878) [hadoop-common-3.3.4.jar:?]
	at org.apache.hadoop.ipc.Server$Handler.run(Server.java:2976) [hadoop-common-3.3.4.jar:?]
20:06:54.275 [IPC Server handler 2 on default port 37437] ERROR OMAudit - user=runner | ip=127.0.0.1 | op=LIST_STATUS {volume=volume46233, bucket=bucket02547, key=root_dir/file2, dataSize=0, replicationConfig=null} | ret=FAILURE
org.apache.hadoop.ozone.om.exceptions.OMException: Unable to get file status: volume: volume46233 bucket: bucket02547 key: root_dir/file2
	at org.apache.hadoop.ozone.om.KeyManagerImpl.getOzoneFileStatus(KeyManagerImpl.java:1196) ~[ozone-manager-1.4.0-SNAPSHOT.jar:?]
	at org.apache.hadoop.ozone.om.KeyManagerImpl.getFileStatus(KeyManagerImpl.java:1114) ~[ozone-manager-1.4.0-SNAPSHOT.jar:?]
	at org.apache.hadoop.ozone.om.KeyManagerImpl.listStatus(KeyManagerImpl.java:1504) ~[ozone-manager-1.4.0-SNAPSHOT.jar:?]
	at org.apache.hadoop.ozone.om.OmMetadataReader.listStatus(OmMetadataReader.java:261) ~[ozone-manager-1.4.0-SNAPSHOT.jar:?]
	at org.apache.hadoop.ozone.om.OzoneManager.listStatus(OzoneManager.java:3513) ~[ozone-manager-1.4.0-SNAPSHOT.jar:?]
	at org.apache.hadoop.ozone.protocolPB.OzoneManagerRequestHandler.listStatus(OzoneManagerRequestHandler.java:1097) ~[ozone-manager-1.4.0-SNAPSHOT.jar:?]
	at org.apache.hadoop.ozone.protocolPB.OzoneManagerRequestHandler.handleReadRequest(OzoneManagerRequestHandler.java:249) ~[ozone-manager-1.4.0-SNAPSHOT.jar:?]
	at org.apache.hadoop.ozone.protocolPB.OzoneManagerProtocolServerSideTranslatorPB.submitReadRequestToOM(OzoneManagerProtocolServerSideTranslatorPB.java:223) ~[ozone-manager-1.4.0-SNAPSHOT.jar:?]
	at org.apache.hadoop.ozone.protocolPB.OzoneManagerProtocolServerSideTranslatorPB.processRequest(OzoneManagerProtocolServerSideTranslatorPB.java:177) ~[ozone-manager-1.4.0-SNAPSHOT.jar:?]
	at org.apache.hadoop.hdds.server.OzoneProtocolMessageDispatcher.processRequest(OzoneProtocolMessageDispatcher.java:87) [hdds-server-framework-1.4.0-SNAPSHOT.jar:?]
	at org.apache.hadoop.ozone.protocolPB.OzoneManagerProtocolServerSideTranslatorPB.submitRequest(OzoneManagerProtocolServerSideTranslatorPB.java:147) [ozone-manager-1.4.0-SNAPSHOT.jar:?]
	at org.apache.hadoop.ozone.protocol.proto.OzoneManagerProtocolProtos$OzoneManagerService$2.callBlockingMethod(OzoneManagerProtocolProtos.java) [ozone-interface-client-1.4.0-SNAPSHOT.jar:?]
	at org.apache.hadoop.ipc.ProtobufRpcEngine$Server.processCall(ProtobufRpcEngine.java:465) [hadoop-common-3.3.4.jar:?]
	at org.apache.hadoop.ipc.ProtobufRpcEngine2$Server$ProtoBufRpcInvoker.call(ProtobufRpcEngine2.java:578) [hadoop-common-3.3.4.jar:?]
	at org.apache.hadoop.ipc.ProtobufRpcEngine2$Server$ProtoBufRpcInvoker.call(ProtobufRpcEngine2.java:556) [hadoop-common-3.3.4.jar:?]
	at org.apache.hadoop.ipc.RPC$Server.call(RPC.java:1093) [hadoop-common-3.3.4.jar:?]
	at org.apache.hadoop.ipc.Server$RpcCall.run(Server.java:1043) [hadoop-common-3.3.4.jar:?]
	at org.apache.hadoop.ipc.Server$RpcCall.run(Server.java:971) [hadoop-common-3.3.4.jar:?]
	at java.security.AccessController.doPrivileged(Native Method) ~[?:1.8.0_362]
	at javax.security.auth.Subject.doAs(Subject.java:422) [?:1.8.0_362]
	at org.apache.hadoop.security.UserGroupInformation.doAs(UserGroupInformation.java:1878) [hadoop-common-3.3.4.jar:?]
	at org.apache.hadoop.ipc.Server$Handler.run(Server.java:2976) [hadoop-common-3.3.4.jar:?]
]]></system-out>
  </testcase>
  <testcase name="testRenameToParentDir" classname="TestOzoneFileSystem" time="0.028">
    <system-out><![CDATA[2023-03-16 20:08:12,992 [IPC Server handler 1 on default port 41725] INFO  key.OMKeyRequest (OMKeyRequest.java:wrapUncommittedBlocksAsPseudoKey(838)) - Detect allocated but uncommitted blocks [{blockID={containerID=1, localID=111677748019200008}, length=4194304, offset=0, token=null, pipeline=null, createVersion=0, partNumber=0}] in key root_dir/dir1/file2.
20:08:12.996 [IPC Server handler 11 on default port 41725] ERROR OMAudit - user=runner | ip=127.0.0.1 | op=LIST_STATUS {volume=volume10450, bucket=bucket92716, key=root_dir/dir2, dataSize=0, replicationConfig=null} | ret=FAILURE
org.apache.hadoop.ozone.om.exceptions.OMException: Unable to get file status: volume: volume10450 bucket: bucket92716 key: root_dir/dir2
	at org.apache.hadoop.ozone.om.KeyManagerImpl.getOzoneFileStatus(KeyManagerImpl.java:1196) ~[ozone-manager-1.4.0-SNAPSHOT.jar:?]
	at org.apache.hadoop.ozone.om.KeyManagerImpl.getFileStatus(KeyManagerImpl.java:1114) ~[ozone-manager-1.4.0-SNAPSHOT.jar:?]
	at org.apache.hadoop.ozone.om.KeyManagerImpl.listStatus(KeyManagerImpl.java:1504) ~[ozone-manager-1.4.0-SNAPSHOT.jar:?]
	at org.apache.hadoop.ozone.om.OmMetadataReader.listStatus(OmMetadataReader.java:261) ~[ozone-manager-1.4.0-SNAPSHOT.jar:?]
	at org.apache.hadoop.ozone.om.OzoneManager.listStatus(OzoneManager.java:3513) ~[ozone-manager-1.4.0-SNAPSHOT.jar:?]
	at org.apache.hadoop.ozone.protocolPB.OzoneManagerRequestHandler.listStatus(OzoneManagerRequestHandler.java:1097) ~[ozone-manager-1.4.0-SNAPSHOT.jar:?]
	at org.apache.hadoop.ozone.protocolPB.OzoneManagerRequestHandler.handleReadRequest(OzoneManagerRequestHandler.java:249) ~[ozone-manager-1.4.0-SNAPSHOT.jar:?]
	at org.apache.hadoop.ozone.protocolPB.OzoneManagerProtocolServerSideTranslatorPB.submitRequestDirectlyToOM(OzoneManagerProtocolServerSideTranslatorPB.java:272) ~[ozone-manager-1.4.0-SNAPSHOT.jar:?]
	at org.apache.hadoop.ozone.protocolPB.OzoneManagerProtocolServerSideTranslatorPB.processRequest(OzoneManagerProtocolServerSideTranslatorPB.java:173) ~[ozone-manager-1.4.0-SNAPSHOT.jar:?]
	at org.apache.hadoop.hdds.server.OzoneProtocolMessageDispatcher.processRequest(OzoneProtocolMessageDispatcher.java:87) [hdds-server-framework-1.4.0-SNAPSHOT.jar:?]
	at org.apache.hadoop.ozone.protocolPB.OzoneManagerProtocolServerSideTranslatorPB.submitRequest(OzoneManagerProtocolServerSideTranslatorPB.java:147) [ozone-manager-1.4.0-SNAPSHOT.jar:?]
	at org.apache.hadoop.ozone.protocol.proto.OzoneManagerProtocolProtos$OzoneManagerService$2.callBlockingMethod(OzoneManagerProtocolProtos.java) [ozone-interface-client-1.4.0-SNAPSHOT.jar:?]
	at org.apache.hadoop.ipc.ProtobufRpcEngine$Server.processCall(ProtobufRpcEngine.java:465) [hadoop-common-3.3.4.jar:?]
	at org.apache.hadoop.ipc.ProtobufRpcEngine2$Server$ProtoBufRpcInvoker.call(ProtobufRpcEngine2.java:578) [hadoop-common-3.3.4.jar:?]
	at org.apache.hadoop.ipc.ProtobufRpcEngine2$Server$ProtoBufRpcInvoker.call(ProtobufRpcEngine2.java:556) [hadoop-common-3.3.4.jar:?]
	at org.apache.hadoop.ipc.RPC$Server.call(RPC.java:1093) [hadoop-common-3.3.4.jar:?]
	at org.apache.hadoop.ipc.Server$RpcCall.run(Server.java:1043) [hadoop-common-3.3.4.jar:?]
	at org.apache.hadoop.ipc.Server$RpcCall.run(Server.java:971) [hadoop-common-3.3.4.jar:?]
	at java.security.AccessController.doPrivileged(Native Method) ~[?:1.8.0_362]
	at javax.security.auth.Subject.doAs(Subject.java:422) [?:1.8.0_362]
	at org.apache.hadoop.security.UserGroupInformation.doAs(UserGroupInformation.java:1878) [hadoop-common-3.3.4.jar:?]
	at org.apache.hadoop.ipc.Server$Handler.run(Server.java:2976) [hadoop-common-3.3.4.jar:?]
20:08:13.003 [IPC Server handler 8 on default port 41725] ERROR OMAudit - user=runner | ip=127.0.0.1 | op=LIST_STATUS {volume=volume10450, bucket=bucket92716, key=root_dir/file2, dataSize=0, replicationConfig=null} | ret=FAILURE
org.apache.hadoop.ozone.om.exceptions.OMException: Unable to get file status: volume: volume10450 bucket: bucket92716 key: root_dir/file2
	at org.apache.hadoop.ozone.om.KeyManagerImpl.getOzoneFileStatus(KeyManagerImpl.java:1196) ~[ozone-manager-1.4.0-SNAPSHOT.jar:?]
	at org.apache.hadoop.ozone.om.KeyManagerImpl.getFileStatus(KeyManagerImpl.java:1114) ~[ozone-manager-1.4.0-SNAPSHOT.jar:?]
	at org.apache.hadoop.ozone.om.KeyManagerImpl.listStatus(KeyManagerImpl.java:1504) ~[ozone-manager-1.4.0-SNAPSHOT.jar:?]
	at org.apache.hadoop.ozone.om.OmMetadataReader.listStatus(OmMetadataReader.java:261) ~[ozone-manager-1.4.0-SNAPSHOT.jar:?]
	at org.apache.hadoop.ozone.om.OzoneManager.listStatus(OzoneManager.java:3513) ~[ozone-manager-1.4.0-SNAPSHOT.jar:?]
	at org.apache.hadoop.ozone.protocolPB.OzoneManagerRequestHandler.listStatus(OzoneManagerRequestHandler.java:1097) ~[ozone-manager-1.4.0-SNAPSHOT.jar:?]
	at org.apache.hadoop.ozone.protocolPB.OzoneManagerRequestHandler.handleReadRequest(OzoneManagerRequestHandler.java:249) ~[ozone-manager-1.4.0-SNAPSHOT.jar:?]
	at org.apache.hadoop.ozone.protocolPB.OzoneManagerProtocolServerSideTranslatorPB.submitRequestDirectlyToOM(OzoneManagerProtocolServerSideTranslatorPB.java:272) ~[ozone-manager-1.4.0-SNAPSHOT.jar:?]
	at org.apache.hadoop.ozone.protocolPB.OzoneManagerProtocolServerSideTranslatorPB.processRequest(OzoneManagerProtocolServerSideTranslatorPB.java:173) ~[ozone-manager-1.4.0-SNAPSHOT.jar:?]
	at org.apache.hadoop.hdds.server.OzoneProtocolMessageDispatcher.processRequest(OzoneProtocolMessageDispatcher.java:87) [hdds-server-framework-1.4.0-SNAPSHOT.jar:?]
	at org.apache.hadoop.ozone.protocolPB.OzoneManagerProtocolServerSideTranslatorPB.submitRequest(OzoneManagerProtocolServerSideTranslatorPB.java:147) [ozone-manager-1.4.0-SNAPSHOT.jar:?]
	at org.apache.hadoop.ozone.protocol.proto.OzoneManagerProtocolProtos$OzoneManagerService$2.callBlockingMethod(OzoneManagerProtocolProtos.java) [ozone-interface-client-1.4.0-SNAPSHOT.jar:?]
	at org.apache.hadoop.ipc.ProtobufRpcEngine$Server.processCall(ProtobufRpcEngine.java:465) [hadoop-common-3.3.4.jar:?]
	at org.apache.hadoop.ipc.ProtobufRpcEngine2$Server$ProtoBufRpcInvoker.call(ProtobufRpcEngine2.java:578) [hadoop-common-3.3.4.jar:?]
	at org.apache.hadoop.ipc.ProtobufRpcEngine2$Server$ProtoBufRpcInvoker.call(ProtobufRpcEngine2.java:556) [hadoop-common-3.3.4.jar:?]
	at org.apache.hadoop.ipc.RPC$Server.call(RPC.java:1093) [hadoop-common-3.3.4.jar:?]
	at org.apache.hadoop.ipc.Server$RpcCall.run(Server.java:1043) [hadoop-common-3.3.4.jar:?]
	at org.apache.hadoop.ipc.Server$RpcCall.run(Server.java:971) [hadoop-common-3.3.4.jar:?]
	at java.security.AccessController.doPrivileged(Native Method) ~[?:1.8.0_362]
	at javax.security.auth.Subject.doAs(Subject.java:422) [?:1.8.0_362]
	at org.apache.hadoop.security.UserGroupInformation.doAs(UserGroupInformation.java:1878) [hadoop-common-3.3.4.jar:?]
	at org.apache.hadoop.ipc.Server$Handler.run(Server.java:2976) [hadoop-common-3.3.4.jar:?]
]]></system-out>
  </testcase>
  <testcase name="testListStatusOnSubDirs" classname="TestOzoneFileSystem" time="0.081">
    <system-out><![CDATA[2023-03-16 20:04:15,601 [OM StateMachine ApplyTransaction Thread - 0] INFO  key.OMKeyRequest (OMKeyRequest.java:wrapUncommittedBlocksAsPseudoKey(838)) - Detect allocated but uncommitted blocks [{blockID={containerID=1, localID=111677748019200009}, length=4194304, offset=0, token=null, pipeline=null, createVersion=0, partNumber=0}] in key dir1/dir12/file121.
]]></system-out>
  </testcase>
  <testcase name="testListStatusOnSubDirs" classname="TestOzoneFileSystem" time="0.022">
    <system-out><![CDATA[2023-03-16 20:05:50,343 [IPC Server handler 17 on default port 40321] INFO  key.OMKeyRequest (OMKeyRequest.java:wrapUncommittedBlocksAsPseudoKey(838)) - Detect allocated but uncommitted blocks [{blockID={containerID=3, localID=111677748019200009}, length=4194304, offset=0, token=null, pipeline=null, createVersion=0, partNumber=0}] in key dir1/dir12/file121.
]]></system-out>
  </testcase>
  <testcase name="testListStatusOnSubDirs" classname="TestOzoneFileSystem" time="0.032">
    <system-out><![CDATA[2023-03-16 20:06:54,292 [OM StateMachine ApplyTransaction Thread - 0] INFO  key.OMKeyRequest (OMKeyRequest.java:wrapUncommittedBlocksAsPseudoKey(838)) - Detect allocated but uncommitted blocks [{blockID={containerID=4, localID=111677748019200009}, length=4194304, offset=0, token=null, pipeline=null, createVersion=0, partNumber=0}] in key dir1/dir12/file121.
]]></system-out>
  </testcase>
  <testcase name="testListStatusOnSubDirs" classname="TestOzoneFileSystem" time="0.015">
    <system-out><![CDATA[2023-03-16 20:08:13,023 [IPC Server handler 18 on default port 41725] INFO  key.OMKeyRequest (OMKeyRequest.java:wrapUncommittedBlocksAsPseudoKey(838)) - Detect allocated but uncommitted blocks [{blockID={containerID=3, localID=111677748019200009}, length=4194304, offset=0, token=null, pipeline=null, createVersion=0, partNumber=0}] in key dir1/dir12/file121.
]]></system-out>
  </testcase>
  <testcase name="testListStatus" classname="TestOzoneFileSystem" time="0.188">
    <system-out><![CDATA[2023-03-16 20:04:15,683 [OM StateMachine ApplyTransaction Thread - 0] INFO  key.OMKeyRequest (OMKeyRequest.java:wrapUncommittedBlocksAsPseudoKey(838)) - Detect allocated but uncommitted blocks [{blockID={containerID=3, localID=111677748019200010}, length=4194304, offset=0, token=null, pipeline=null, createVersion=0, partNumber=0}] in key testListStatus/key1.
2023-03-16 20:04:15,730 [OM StateMachine ApplyTransaction Thread - 0] INFO  key.OMKeyRequest (OMKeyRequest.java:wrapUncommittedBlocksAsPseudoKey(838)) - Detect allocated but uncommitted blocks [{blockID={containerID=2, localID=111677748019200011}, length=4194304, offset=0, token=null, pipeline=null, createVersion=0, partNumber=0}] in key testListStatus/key2.
2023-03-16 20:04:15,764 [OM StateMachine ApplyTransaction Thread - 0] INFO  key.OMKeyRequest (OMKeyRequest.java:wrapUncommittedBlocksAsPseudoKey(838)) - Detect allocated but uncommitted blocks [{blockID={containerID=1, localID=111677748019200012}, length=4194304, offset=0, token=null, pipeline=null, createVersion=0, partNumber=0}] in key testListStatus/dir1/key3.
2023-03-16 20:04:15,791 [OM StateMachine ApplyTransaction Thread - 0] INFO  key.OMKeyRequest (OMKeyRequest.java:wrapUncommittedBlocksAsPseudoKey(838)) - Detect allocated but uncommitted blocks [{blockID={containerID=3, localID=111677748019200013}, length=4194304, offset=0, token=null, pipeline=null, createVersion=0, partNumber=0}] in key testListStatus/dir1/key4.
]]></system-out>
  </testcase>
  <testcase name="testListStatus" classname="TestOzoneFileSystem" time="0.036">
    <system-out><![CDATA[2023-03-16 20:05:50,364 [IPC Server handler 5 on default port 40321] INFO  key.OMKeyRequest (OMKeyRequest.java:wrapUncommittedBlocksAsPseudoKey(838)) - Detect allocated but uncommitted blocks [{blockID={containerID=4, localID=111677748019200010}, length=4194304, offset=0, token=null, pipeline=null, createVersion=0, partNumber=0}] in key testListStatus/key1.
2023-03-16 20:05:50,371 [IPC Server handler 18 on default port 40321] INFO  key.OMKeyRequest (OMKeyRequest.java:wrapUncommittedBlocksAsPseudoKey(838)) - Detect allocated but uncommitted blocks [{blockID={containerID=1, localID=111677748019200011}, length=4194304, offset=0, token=null, pipeline=null, createVersion=0, partNumber=0}] in key testListStatus/key2.
2023-03-16 20:05:50,380 [IPC Server handler 10 on default port 40321] INFO  key.OMKeyRequest (OMKeyRequest.java:wrapUncommittedBlocksAsPseudoKey(838)) - Detect allocated but uncommitted blocks [{blockID={containerID=2, localID=111677748019200012}, length=4194304, offset=0, token=null, pipeline=null, createVersion=0, partNumber=0}] in key testListStatus/dir1/key3.
2023-03-16 20:05:50,385 [IPC Server handler 6 on default port 40321] INFO  key.OMKeyRequest (OMKeyRequest.java:wrapUncommittedBlocksAsPseudoKey(838)) - Detect allocated but uncommitted blocks [{blockID={containerID=4, localID=111677748019200013}, length=4194304, offset=0, token=null, pipeline=null, createVersion=0, partNumber=0}] in key testListStatus/dir1/key4.
]]></system-out>
  </testcase>
  <testcase name="testListStatus" classname="TestOzoneFileSystem" time="0.049">
    <system-out><![CDATA[2023-03-16 20:06:54,330 [OM StateMachine ApplyTransaction Thread - 0] INFO  key.OMKeyRequest (OMKeyRequest.java:wrapUncommittedBlocksAsPseudoKey(838)) - Detect allocated but uncommitted blocks [{blockID={containerID=3, localID=111677748019200010}, length=4194304, offset=0, token=null, pipeline=null, createVersion=0, partNumber=0}] in key testListStatus/key1.
2023-03-16 20:06:54,342 [OM StateMachine ApplyTransaction Thread - 0] INFO  key.OMKeyRequest (OMKeyRequest.java:wrapUncommittedBlocksAsPseudoKey(838)) - Detect allocated but uncommitted blocks [{blockID={containerID=2, localID=111677748019200011}, length=4194304, offset=0, token=null, pipeline=null, createVersion=0, partNumber=0}] in key testListStatus/key2.
2023-03-16 20:06:54,351 [OM StateMachine ApplyTransaction Thread - 0] INFO  key.OMKeyRequest (OMKeyRequest.java:wrapUncommittedBlocksAsPseudoKey(838)) - Detect allocated but uncommitted blocks [{blockID={containerID=1, localID=111677748019200012}, length=4194304, offset=0, token=null, pipeline=null, createVersion=0, partNumber=0}] in key testListStatus/dir1/key3.
2023-03-16 20:06:54,358 [OM StateMachine ApplyTransaction Thread - 0] INFO  key.OMKeyRequest (OMKeyRequest.java:wrapUncommittedBlocksAsPseudoKey(838)) - Detect allocated but uncommitted blocks [{blockID={containerID=2, localID=111677748019200013}, length=4194304, offset=0, token=null, pipeline=null, createVersion=0, partNumber=0}] in key testListStatus/dir1/key4.
]]></system-out>
  </testcase>
  <testcase name="testListStatus" classname="TestOzoneFileSystem" time="0.038">
    <system-out><![CDATA[2023-03-16 20:08:13,035 [IPC Server handler 11 on default port 41725] INFO  key.OMKeyRequest (OMKeyRequest.java:wrapUncommittedBlocksAsPseudoKey(838)) - Detect allocated but uncommitted blocks [{blockID={containerID=4, localID=111677748019200010}, length=4194304, offset=0, token=null, pipeline=null, createVersion=0, partNumber=0}] in key testListStatus/key1.
2023-03-16 20:08:13,041 [IPC Server handler 9 on default port 41725] INFO  key.OMKeyRequest (OMKeyRequest.java:wrapUncommittedBlocksAsPseudoKey(838)) - Detect allocated but uncommitted blocks [{blockID={containerID=1, localID=111677748019200011}, length=4194304, offset=0, token=null, pipeline=null, createVersion=0, partNumber=0}] in key testListStatus/key2.
2023-03-16 20:08:13,050 [IPC Server handler 3 on default port 41725] INFO  key.OMKeyRequest (OMKeyRequest.java:wrapUncommittedBlocksAsPseudoKey(838)) - Detect allocated but uncommitted blocks [{blockID={containerID=3, localID=111677748019200012}, length=4194304, offset=0, token=null, pipeline=null, createVersion=0, partNumber=0}] in key testListStatus/dir1/key3.
2023-03-16 20:08:13,063 [IPC Server handler 6 on default port 41725] INFO  key.OMKeyRequest (OMKeyRequest.java:wrapUncommittedBlocksAsPseudoKey(838)) - Detect allocated but uncommitted blocks [{blockID={containerID=2, localID=111677748019200013}, length=4194304, offset=0, token=null, pipeline=null, createVersion=0, partNumber=0}] in key testListStatus/dir1/key4.
]]></system-out>
  </testcase>
  <testcase name="testRecursiveDelete" classname="TestOzoneFileSystem" time="0.548">
    <system-out><![CDATA[2023-03-16 20:04:15,862 [OM StateMachine ApplyTransaction Thread - 0] INFO  key.OMKeyRequest (OMKeyRequest.java:wrapUncommittedBlocksAsPseudoKey(838)) - Detect allocated but uncommitted blocks [{blockID={containerID=4, localID=111677748019200014}, length=4194304, offset=0, token=null, pipeline=null, createVersion=0, partNumber=0}] in key gdir1/pdir1/child.
2023-03-16 20:04:15,877 [OM StateMachine ApplyTransaction Thread - 0] INFO  key.OMKeyRequest (OMKeyRequest.java:wrapUncommittedBlocksAsPseudoKey(838)) - Detect allocated but uncommitted blocks [{blockID={containerID=2, localID=111677748019200015}, length=4194304, offset=0, token=null, pipeline=null, createVersion=0, partNumber=0}] in key gdir1/pdir2/child.
2023-03-16 20:04:15,904 [OM StateMachine ApplyTransaction Thread - 0] INFO  key.OMKeyRequest (OMKeyRequest.java:wrapUncommittedBlocksAsPseudoKey(838)) - Detect allocated but uncommitted blocks [{blockID={containerID=4, localID=111677748019200016}, length=4194304, offset=0, token=null, pipeline=null, createVersion=0, partNumber=0}] in key gdir1/pdir3/child.
2023-03-16 20:04:15,925 [OM StateMachine ApplyTransaction Thread - 0] INFO  key.OMKeyRequest (OMKeyRequest.java:wrapUncommittedBlocksAsPseudoKey(838)) - Detect allocated but uncommitted blocks [{blockID={containerID=1, localID=111677748019200017}, length=4194304, offset=0, token=null, pipeline=null, createVersion=0, partNumber=0}] in key gdir1/pdir4/child.
2023-03-16 20:04:15,944 [OM StateMachine ApplyTransaction Thread - 0] INFO  key.OMKeyRequest (OMKeyRequest.java:wrapUncommittedBlocksAsPseudoKey(838)) - Detect allocated but uncommitted blocks [{blockID={containerID=2, localID=111677748019200018}, length=4194304, offset=0, token=null, pipeline=null, createVersion=0, partNumber=0}] in key gdir1/pdir5/child.
2023-03-16 20:04:15,959 [OM StateMachine ApplyTransaction Thread - 0] INFO  key.OMKeyRequest (OMKeyRequest.java:wrapUncommittedBlocksAsPseudoKey(838)) - Detect allocated but uncommitted blocks [{blockID={containerID=3, localID=111677748019200019}, length=4194304, offset=0, token=null, pipeline=null, createVersion=0, partNumber=0}] in key gdir1/pdir6/child.
2023-03-16 20:04:15,979 [OM StateMachine ApplyTransaction Thread - 0] INFO  key.OMKeyRequest (OMKeyRequest.java:wrapUncommittedBlocksAsPseudoKey(838)) - Detect allocated but uncommitted blocks [{blockID={containerID=1, localID=111677748019200020}, length=4194304, offset=0, token=null, pipeline=null, createVersion=0, partNumber=0}] in key gdir1/pdir7/child.
2023-03-16 20:04:15,993 [OM StateMachine ApplyTransaction Thread - 0] INFO  key.OMKeyRequest (OMKeyRequest.java:wrapUncommittedBlocksAsPseudoKey(838)) - Detect allocated but uncommitted blocks [{blockID={containerID=3, localID=111677748019200021}, length=4194304, offset=0, token=null, pipeline=null, createVersion=0, partNumber=0}] in key gdir1/pdir8/child.
2023-03-16 20:04:16,009 [OM StateMachine ApplyTransaction Thread - 0] INFO  key.OMKeyRequest (OMKeyRequest.java:wrapUncommittedBlocksAsPseudoKey(838)) - Detect allocated but uncommitted blocks [{blockID={containerID=1, localID=111677748019200022}, length=4194304, offset=0, token=null, pipeline=null, createVersion=0, partNumber=0}] in key gdir1/pdir9/child.
2023-03-16 20:04:16,029 [OM StateMachine ApplyTransaction Thread - 0] INFO  key.OMKeyRequest (OMKeyRequest.java:wrapUncommittedBlocksAsPseudoKey(838)) - Detect allocated but uncommitted blocks [{blockID={containerID=3, localID=111677748019200023}, length=4194304, offset=0, token=null, pipeline=null, createVersion=0, partNumber=0}] in key gdir1/pdir10/child.
20:04:16.110 [IPC Server handler 14 on default port 35091] ERROR OMAudit - user=runner | ip=127.0.0.1 | op=GET_FILE_STATUS {volume=volume04068, bucket=bucket31801, key=gdir1, dataSize=0, replicationConfig=null} | ret=FAILURE
org.apache.hadoop.ozone.om.exceptions.OMException: Unable to get file status: volume: volume04068 bucket: bucket31801 key: gdir1
	at org.apache.hadoop.ozone.om.KeyManagerImpl.getOzoneFileStatus(KeyManagerImpl.java:1196) ~[ozone-manager-1.4.0-SNAPSHOT.jar:?]
	at org.apache.hadoop.ozone.om.KeyManagerImpl.getFileStatus(KeyManagerImpl.java:1114) ~[ozone-manager-1.4.0-SNAPSHOT.jar:?]
	at org.apache.hadoop.ozone.om.OmMetadataReader.getFileStatus(OmMetadataReader.java:288) ~[ozone-manager-1.4.0-SNAPSHOT.jar:?]
	at org.apache.hadoop.ozone.om.OzoneManager.getFileStatus(OzoneManager.java:3494) ~[ozone-manager-1.4.0-SNAPSHOT.jar:?]
	at org.apache.hadoop.ozone.protocolPB.OzoneManagerRequestHandler.getOzoneFileStatus(OzoneManagerRequestHandler.java:933) ~[ozone-manager-1.4.0-SNAPSHOT.jar:?]
	at org.apache.hadoop.ozone.protocolPB.OzoneManagerRequestHandler.handleReadRequest(OzoneManagerRequestHandler.java:238) ~[ozone-manager-1.4.0-SNAPSHOT.jar:?]
	at org.apache.hadoop.ozone.protocolPB.OzoneManagerProtocolServerSideTranslatorPB.submitReadRequestToOM(OzoneManagerProtocolServerSideTranslatorPB.java:223) ~[ozone-manager-1.4.0-SNAPSHOT.jar:?]
	at org.apache.hadoop.ozone.protocolPB.OzoneManagerProtocolServerSideTranslatorPB.processRequest(OzoneManagerProtocolServerSideTranslatorPB.java:177) ~[ozone-manager-1.4.0-SNAPSHOT.jar:?]
	at org.apache.hadoop.hdds.server.OzoneProtocolMessageDispatcher.processRequest(OzoneProtocolMessageDispatcher.java:87) [hdds-server-framework-1.4.0-SNAPSHOT.jar:?]
	at org.apache.hadoop.ozone.protocolPB.OzoneManagerProtocolServerSideTranslatorPB.submitRequest(OzoneManagerProtocolServerSideTranslatorPB.java:147) [ozone-manager-1.4.0-SNAPSHOT.jar:?]
	at org.apache.hadoop.ozone.protocol.proto.OzoneManagerProtocolProtos$OzoneManagerService$2.callBlockingMethod(OzoneManagerProtocolProtos.java) [ozone-interface-client-1.4.0-SNAPSHOT.jar:?]
	at org.apache.hadoop.ipc.ProtobufRpcEngine$Server.processCall(ProtobufRpcEngine.java:465) [hadoop-common-3.3.4.jar:?]
	at org.apache.hadoop.ipc.ProtobufRpcEngine2$Server$ProtoBufRpcInvoker.call(ProtobufRpcEngine2.java:578) [hadoop-common-3.3.4.jar:?]
	at org.apache.hadoop.ipc.ProtobufRpcEngine2$Server$ProtoBufRpcInvoker.call(ProtobufRpcEngine2.java:556) [hadoop-common-3.3.4.jar:?]
	at org.apache.hadoop.ipc.RPC$Server.call(RPC.java:1093) [hadoop-common-3.3.4.jar:?]
	at org.apache.hadoop.ipc.Server$RpcCall.run(Server.java:1043) [hadoop-common-3.3.4.jar:?]
	at org.apache.hadoop.ipc.Server$RpcCall.run(Server.java:971) [hadoop-common-3.3.4.jar:?]
	at java.security.AccessController.doPrivileged(Native Method) ~[?:1.8.0_362]
	at javax.security.auth.Subject.doAs(Subject.java:422) [?:1.8.0_362]
	at org.apache.hadoop.security.UserGroupInformation.doAs(UserGroupInformation.java:1878) [hadoop-common-3.3.4.jar:?]
	at org.apache.hadoop.ipc.Server$Handler.run(Server.java:2976) [hadoop-common-3.3.4.jar:?]
20:04:16.112 [IPC Server handler 3 on default port 35091] ERROR OMAudit - user=runner | ip=127.0.0.1 | op=GET_FILE_STATUS {volume=volume04068, bucket=bucket31801, key=gdir1/dir1, dataSize=0, replicationConfig=null} | ret=FAILURE
org.apache.hadoop.ozone.om.exceptions.OMException: Unable to get file status: volume: volume04068 bucket: bucket31801 key: gdir1/dir1
	at org.apache.hadoop.ozone.om.KeyManagerImpl.getOzoneFileStatus(KeyManagerImpl.java:1196) ~[ozone-manager-1.4.0-SNAPSHOT.jar:?]
	at org.apache.hadoop.ozone.om.KeyManagerImpl.getFileStatus(KeyManagerImpl.java:1114) ~[ozone-manager-1.4.0-SNAPSHOT.jar:?]
	at org.apache.hadoop.ozone.om.OmMetadataReader.getFileStatus(OmMetadataReader.java:288) ~[ozone-manager-1.4.0-SNAPSHOT.jar:?]
	at org.apache.hadoop.ozone.om.OzoneManager.getFileStatus(OzoneManager.java:3494) ~[ozone-manager-1.4.0-SNAPSHOT.jar:?]
	at org.apache.hadoop.ozone.protocolPB.OzoneManagerRequestHandler.getOzoneFileStatus(OzoneManagerRequestHandler.java:933) ~[ozone-manager-1.4.0-SNAPSHOT.jar:?]
	at org.apache.hadoop.ozone.protocolPB.OzoneManagerRequestHandler.handleReadRequest(OzoneManagerRequestHandler.java:238) ~[ozone-manager-1.4.0-SNAPSHOT.jar:?]
	at org.apache.hadoop.ozone.protocolPB.OzoneManagerProtocolServerSideTranslatorPB.submitReadRequestToOM(OzoneManagerProtocolServerSideTranslatorPB.java:223) ~[ozone-manager-1.4.0-SNAPSHOT.jar:?]
	at org.apache.hadoop.ozone.protocolPB.OzoneManagerProtocolServerSideTranslatorPB.processRequest(OzoneManagerProtocolServerSideTranslatorPB.java:177) ~[ozone-manager-1.4.0-SNAPSHOT.jar:?]
	at org.apache.hadoop.hdds.server.OzoneProtocolMessageDispatcher.processRequest(OzoneProtocolMessageDispatcher.java:87) [hdds-server-framework-1.4.0-SNAPSHOT.jar:?]
	at org.apache.hadoop.ozone.protocolPB.OzoneManagerProtocolServerSideTranslatorPB.submitRequest(OzoneManagerProtocolServerSideTranslatorPB.java:147) [ozone-manager-1.4.0-SNAPSHOT.jar:?]
	at org.apache.hadoop.ozone.protocol.proto.OzoneManagerProtocolProtos$OzoneManagerService$2.callBlockingMethod(OzoneManagerProtocolProtos.java) [ozone-interface-client-1.4.0-SNAPSHOT.jar:?]
	at org.apache.hadoop.ipc.ProtobufRpcEngine$Server.processCall(ProtobufRpcEngine.java:465) [hadoop-common-3.3.4.jar:?]
	at org.apache.hadoop.ipc.ProtobufRpcEngine2$Server$ProtoBufRpcInvoker.call(ProtobufRpcEngine2.java:578) [hadoop-common-3.3.4.jar:?]
	at org.apache.hadoop.ipc.ProtobufRpcEngine2$Server$ProtoBufRpcInvoker.call(ProtobufRpcEngine2.java:556) [hadoop-common-3.3.4.jar:?]
	at org.apache.hadoop.ipc.RPC$Server.call(RPC.java:1093) [hadoop-common-3.3.4.jar:?]
	at org.apache.hadoop.ipc.Server$RpcCall.run(Server.java:1043) [hadoop-common-3.3.4.jar:?]
	at org.apache.hadoop.ipc.Server$RpcCall.run(Server.java:971) [hadoop-common-3.3.4.jar:?]
	at java.security.AccessController.doPrivileged(Native Method) ~[?:1.8.0_362]
	at javax.security.auth.Subject.doAs(Subject.java:422) [?:1.8.0_362]
	at org.apache.hadoop.security.UserGroupInformation.doAs(UserGroupInformation.java:1878) [hadoop-common-3.3.4.jar:?]
	at org.apache.hadoop.ipc.Server$Handler.run(Server.java:2976) [hadoop-common-3.3.4.jar:?]
20:04:16.114 [IPC Server handler 13 on default port 35091] ERROR OMAudit - user=runner | ip=127.0.0.1 | op=GET_FILE_STATUS {volume=volume04068, bucket=bucket31801, key=gdir1/dir1/child, dataSize=0, replicationConfig=null} | ret=FAILURE
org.apache.hadoop.ozone.om.exceptions.OMException: Unable to get file status: volume: volume04068 bucket: bucket31801 key: gdir1/dir1/child
	at org.apache.hadoop.ozone.om.KeyManagerImpl.getOzoneFileStatus(KeyManagerImpl.java:1196) ~[ozone-manager-1.4.0-SNAPSHOT.jar:?]
	at org.apache.hadoop.ozone.om.KeyManagerImpl.getFileStatus(KeyManagerImpl.java:1114) ~[ozone-manager-1.4.0-SNAPSHOT.jar:?]
	at org.apache.hadoop.ozone.om.OmMetadataReader.getFileStatus(OmMetadataReader.java:288) ~[ozone-manager-1.4.0-SNAPSHOT.jar:?]
	at org.apache.hadoop.ozone.om.OzoneManager.getFileStatus(OzoneManager.java:3494) ~[ozone-manager-1.4.0-SNAPSHOT.jar:?]
	at org.apache.hadoop.ozone.protocolPB.OzoneManagerRequestHandler.getOzoneFileStatus(OzoneManagerRequestHandler.java:933) ~[ozone-manager-1.4.0-SNAPSHOT.jar:?]
	at org.apache.hadoop.ozone.protocolPB.OzoneManagerRequestHandler.handleReadRequest(OzoneManagerRequestHandler.java:238) ~[ozone-manager-1.4.0-SNAPSHOT.jar:?]
	at org.apache.hadoop.ozone.protocolPB.OzoneManagerProtocolServerSideTranslatorPB.submitReadRequestToOM(OzoneManagerProtocolServerSideTranslatorPB.java:223) ~[ozone-manager-1.4.0-SNAPSHOT.jar:?]
	at org.apache.hadoop.ozone.protocolPB.OzoneManagerProtocolServerSideTranslatorPB.processRequest(OzoneManagerProtocolServerSideTranslatorPB.java:177) ~[ozone-manager-1.4.0-SNAPSHOT.jar:?]
	at org.apache.hadoop.hdds.server.OzoneProtocolMessageDispatcher.processRequest(OzoneProtocolMessageDispatcher.java:87) [hdds-server-framework-1.4.0-SNAPSHOT.jar:?]
	at org.apache.hadoop.ozone.protocolPB.OzoneManagerProtocolServerSideTranslatorPB.submitRequest(OzoneManagerProtocolServerSideTranslatorPB.java:147) [ozone-manager-1.4.0-SNAPSHOT.jar:?]
	at org.apache.hadoop.ozone.protocol.proto.OzoneManagerProtocolProtos$OzoneManagerService$2.callBlockingMethod(OzoneManagerProtocolProtos.java) [ozone-interface-client-1.4.0-SNAPSHOT.jar:?]
	at org.apache.hadoop.ipc.ProtobufRpcEngine$Server.processCall(ProtobufRpcEngine.java:465) [hadoop-common-3.3.4.jar:?]
	at org.apache.hadoop.ipc.ProtobufRpcEngine2$Server$ProtoBufRpcInvoker.call(ProtobufRpcEngine2.java:578) [hadoop-common-3.3.4.jar:?]
	at org.apache.hadoop.ipc.ProtobufRpcEngine2$Server$ProtoBufRpcInvoker.call(ProtobufRpcEngine2.java:556) [hadoop-common-3.3.4.jar:?]
	at org.apache.hadoop.ipc.RPC$Server.call(RPC.java:1093) [hadoop-common-3.3.4.jar:?]
	at org.apache.hadoop.ipc.Server$RpcCall.run(Server.java:1043) [hadoop-common-3.3.4.jar:?]
	at org.apache.hadoop.ipc.Server$RpcCall.run(Server.java:971) [hadoop-common-3.3.4.jar:?]
	at java.security.AccessController.doPrivileged(Native Method) ~[?:1.8.0_362]
	at javax.security.auth.Subject.doAs(Subject.java:422) [?:1.8.0_362]
	at org.apache.hadoop.security.UserGroupInformation.doAs(UserGroupInformation.java:1878) [hadoop-common-3.3.4.jar:?]
	at org.apache.hadoop.ipc.Server$Handler.run(Server.java:2976) [hadoop-common-3.3.4.jar:?]
20:04:16.116 [IPC Server handler 9 on default port 35091] ERROR OMAudit - user=runner | ip=127.0.0.1 | op=GET_FILE_STATUS {volume=volume04068, bucket=bucket31801, key=gdir1/dir2, dataSize=0, replicationConfig=null} | ret=FAILURE
org.apache.hadoop.ozone.om.exceptions.OMException: Unable to get file status: volume: volume04068 bucket: bucket31801 key: gdir1/dir2
	at org.apache.hadoop.ozone.om.KeyManagerImpl.getOzoneFileStatus(KeyManagerImpl.java:1196) ~[ozone-manager-1.4.0-SNAPSHOT.jar:?]
	at org.apache.hadoop.ozone.om.KeyManagerImpl.getFileStatus(KeyManagerImpl.java:1114) ~[ozone-manager-1.4.0-SNAPSHOT.jar:?]
	at org.apache.hadoop.ozone.om.OmMetadataReader.getFileStatus(OmMetadataReader.java:288) ~[ozone-manager-1.4.0-SNAPSHOT.jar:?]
	at org.apache.hadoop.ozone.om.OzoneManager.getFileStatus(OzoneManager.java:3494) ~[ozone-manager-1.4.0-SNAPSHOT.jar:?]
	at org.apache.hadoop.ozone.protocolPB.OzoneManagerRequestHandler.getOzoneFileStatus(OzoneManagerRequestHandler.java:933) ~[ozone-manager-1.4.0-SNAPSHOT.jar:?]
	at org.apache.hadoop.ozone.protocolPB.OzoneManagerRequestHandler.handleReadRequest(OzoneManagerRequestHandler.java:238) ~[ozone-manager-1.4.0-SNAPSHOT.jar:?]
	at org.apache.hadoop.ozone.protocolPB.OzoneManagerProtocolServerSideTranslatorPB.submitReadRequestToOM(OzoneManagerProtocolServerSideTranslatorPB.java:223) ~[ozone-manager-1.4.0-SNAPSHOT.jar:?]
	at org.apache.hadoop.ozone.protocolPB.OzoneManagerProtocolServerSideTranslatorPB.processRequest(OzoneManagerProtocolServerSideTranslatorPB.java:177) ~[ozone-manager-1.4.0-SNAPSHOT.jar:?]
	at org.apache.hadoop.hdds.server.OzoneProtocolMessageDispatcher.processRequest(OzoneProtocolMessageDispatcher.java:87) [hdds-server-framework-1.4.0-SNAPSHOT.jar:?]
	at org.apache.hadoop.ozone.protocolPB.OzoneManagerProtocolServerSideTranslatorPB.submitRequest(OzoneManagerProtocolServerSideTranslatorPB.java:147) [ozone-manager-1.4.0-SNAPSHOT.jar:?]
	at org.apache.hadoop.ozone.protocol.proto.OzoneManagerProtocolProtos$OzoneManagerService$2.callBlockingMethod(OzoneManagerProtocolProtos.java) [ozone-interface-client-1.4.0-SNAPSHOT.jar:?]
	at org.apache.hadoop.ipc.ProtobufRpcEngine$Server.processCall(ProtobufRpcEngine.java:465) [hadoop-common-3.3.4.jar:?]
	at org.apache.hadoop.ipc.ProtobufRpcEngine2$Server$ProtoBufRpcInvoker.call(ProtobufRpcEngine2.java:578) [hadoop-common-3.3.4.jar:?]
	at org.apache.hadoop.ipc.ProtobufRpcEngine2$Server$ProtoBufRpcInvoker.call(ProtobufRpcEngine2.java:556) [hadoop-common-3.3.4.jar:?]
	at org.apache.hadoop.ipc.RPC$Server.call(RPC.java:1093) [hadoop-common-3.3.4.jar:?]
	at org.apache.hadoop.ipc.Server$RpcCall.run(Server.java:1043) [hadoop-common-3.3.4.jar:?]
	at org.apache.hadoop.ipc.Server$RpcCall.run(Server.java:971) [hadoop-common-3.3.4.jar:?]
	at java.security.AccessController.doPrivileged(Native Method) ~[?:1.8.0_362]
	at javax.security.auth.Subject.doAs(Subject.java:422) [?:1.8.0_362]
	at org.apache.hadoop.security.UserGroupInformation.doAs(UserGroupInformation.java:1878) [hadoop-common-3.3.4.jar:?]
	at org.apache.hadoop.ipc.Server$Handler.run(Server.java:2976) [hadoop-common-3.3.4.jar:?]
20:04:16.118 [IPC Server handler 8 on default port 35091] ERROR OMAudit - user=runner | ip=127.0.0.1 | op=GET_FILE_STATUS {volume=volume04068, bucket=bucket31801, key=gdir1/dir2/child, dataSize=0, replicationConfig=null} | ret=FAILURE
org.apache.hadoop.ozone.om.exceptions.OMException: Unable to get file status: volume: volume04068 bucket: bucket31801 key: gdir1/dir2/child
	at org.apache.hadoop.ozone.om.KeyManagerImpl.getOzoneFileStatus(KeyManagerImpl.java:1196) ~[ozone-manager-1.4.0-SNAPSHOT.jar:?]
	at org.apache.hadoop.ozone.om.KeyManagerImpl.getFileStatus(KeyManagerImpl.java:1114) ~[ozone-manager-1.4.0-SNAPSHOT.jar:?]
	at org.apache.hadoop.ozone.om.OmMetadataReader.getFileStatus(OmMetadataReader.java:288) ~[ozone-manager-1.4.0-SNAPSHOT.jar:?]
	at org.apache.hadoop.ozone.om.OzoneManager.getFileStatus(OzoneManager.java:3494) ~[ozone-manager-1.4.0-SNAPSHOT.jar:?]
	at org.apache.hadoop.ozone.protocolPB.OzoneManagerRequestHandler.getOzoneFileStatus(OzoneManagerRequestHandler.java:933) ~[ozone-manager-1.4.0-SNAPSHOT.jar:?]
	at org.apache.hadoop.ozone.protocolPB.OzoneManagerRequestHandler.handleReadRequest(OzoneManagerRequestHandler.java:238) ~[ozone-manager-1.4.0-SNAPSHOT.jar:?]
	at org.apache.hadoop.ozone.protocolPB.OzoneManagerProtocolServerSideTranslatorPB.submitReadRequestToOM(OzoneManagerProtocolServerSideTranslatorPB.java:223) ~[ozone-manager-1.4.0-SNAPSHOT.jar:?]
	at org.apache.hadoop.ozone.protocolPB.OzoneManagerProtocolServerSideTranslatorPB.processRequest(OzoneManagerProtocolServerSideTranslatorPB.java:177) ~[ozone-manager-1.4.0-SNAPSHOT.jar:?]
	at org.apache.hadoop.hdds.server.OzoneProtocolMessageDispatcher.processRequest(OzoneProtocolMessageDispatcher.java:87) [hdds-server-framework-1.4.0-SNAPSHOT.jar:?]
	at org.apache.hadoop.ozone.protocolPB.OzoneManagerProtocolServerSideTranslatorPB.submitRequest(OzoneManagerProtocolServerSideTranslatorPB.java:147) [ozone-manager-1.4.0-SNAPSHOT.jar:?]
	at org.apache.hadoop.ozone.protocol.proto.OzoneManagerProtocolProtos$OzoneManagerService$2.callBlockingMethod(OzoneManagerProtocolProtos.java) [ozone-interface-client-1.4.0-SNAPSHOT.jar:?]
	at org.apache.hadoop.ipc.ProtobufRpcEngine$Server.processCall(ProtobufRpcEngine.java:465) [hadoop-common-3.3.4.jar:?]
	at org.apache.hadoop.ipc.ProtobufRpcEngine2$Server$ProtoBufRpcInvoker.call(ProtobufRpcEngine2.java:578) [hadoop-common-3.3.4.jar:?]
	at org.apache.hadoop.ipc.ProtobufRpcEngine2$Server$ProtoBufRpcInvoker.call(ProtobufRpcEngine2.java:556) [hadoop-common-3.3.4.jar:?]
	at org.apache.hadoop.ipc.RPC$Server.call(RPC.java:1093) [hadoop-common-3.3.4.jar:?]
	at org.apache.hadoop.ipc.Server$RpcCall.run(Server.java:1043) [hadoop-common-3.3.4.jar:?]
	at org.apache.hadoop.ipc.Server$RpcCall.run(Server.java:971) [hadoop-common-3.3.4.jar:?]
	at java.security.AccessController.doPrivileged(Native Method) ~[?:1.8.0_362]
	at javax.security.auth.Subject.doAs(Subject.java:422) [?:1.8.0_362]
	at org.apache.hadoop.security.UserGroupInformation.doAs(UserGroupInformation.java:1878) [hadoop-common-3.3.4.jar:?]
	at org.apache.hadoop.ipc.Server$Handler.run(Server.java:2976) [hadoop-common-3.3.4.jar:?]
20:04:16.122 [IPC Server handler 17 on default port 35091] ERROR OMAudit - user=runner | ip=127.0.0.1 | op=GET_FILE_STATUS {volume=volume04068, bucket=bucket31801, key=gdir1/dir3, dataSize=0, replicationConfig=null} | ret=FAILURE
org.apache.hadoop.ozone.om.exceptions.OMException: Unable to get file status: volume: volume04068 bucket: bucket31801 key: gdir1/dir3
	at org.apache.hadoop.ozone.om.KeyManagerImpl.getOzoneFileStatus(KeyManagerImpl.java:1196) ~[ozone-manager-1.4.0-SNAPSHOT.jar:?]
	at org.apache.hadoop.ozone.om.KeyManagerImpl.getFileStatus(KeyManagerImpl.java:1114) ~[ozone-manager-1.4.0-SNAPSHOT.jar:?]
	at org.apache.hadoop.ozone.om.OmMetadataReader.getFileStatus(OmMetadataReader.java:288) ~[ozone-manager-1.4.0-SNAPSHOT.jar:?]
	at org.apache.hadoop.ozone.om.OzoneManager.getFileStatus(OzoneManager.java:3494) ~[ozone-manager-1.4.0-SNAPSHOT.jar:?]
	at org.apache.hadoop.ozone.protocolPB.OzoneManagerRequestHandler.getOzoneFileStatus(OzoneManagerRequestHandler.java:933) ~[ozone-manager-1.4.0-SNAPSHOT.jar:?]
	at org.apache.hadoop.ozone.protocolPB.OzoneManagerRequestHandler.handleReadRequest(OzoneManagerRequestHandler.java:238) ~[ozone-manager-1.4.0-SNAPSHOT.jar:?]
	at org.apache.hadoop.ozone.protocolPB.OzoneManagerProtocolServerSideTranslatorPB.submitReadRequestToOM(OzoneManagerProtocolServerSideTranslatorPB.java:223) ~[ozone-manager-1.4.0-SNAPSHOT.jar:?]
	at org.apache.hadoop.ozone.protocolPB.OzoneManagerProtocolServerSideTranslatorPB.processRequest(OzoneManagerProtocolServerSideTranslatorPB.java:177) ~[ozone-manager-1.4.0-SNAPSHOT.jar:?]
	at org.apache.hadoop.hdds.server.OzoneProtocolMessageDispatcher.processRequest(OzoneProtocolMessageDispatcher.java:87) [hdds-server-framework-1.4.0-SNAPSHOT.jar:?]
	at org.apache.hadoop.ozone.protocolPB.OzoneManagerProtocolServerSideTranslatorPB.submitRequest(OzoneManagerProtocolServerSideTranslatorPB.java:147) [ozone-manager-1.4.0-SNAPSHOT.jar:?]
	at org.apache.hadoop.ozone.protocol.proto.OzoneManagerProtocolProtos$OzoneManagerService$2.callBlockingMethod(OzoneManagerProtocolProtos.java) [ozone-interface-client-1.4.0-SNAPSHOT.jar:?]
	at org.apache.hadoop.ipc.ProtobufRpcEngine$Server.processCall(ProtobufRpcEngine.java:465) [hadoop-common-3.3.4.jar:?]
	at org.apache.hadoop.ipc.ProtobufRpcEngine2$Server$ProtoBufRpcInvoker.call(ProtobufRpcEngine2.java:578) [hadoop-common-3.3.4.jar:?]
	at org.apache.hadoop.ipc.ProtobufRpcEngine2$Server$ProtoBufRpcInvoker.call(ProtobufRpcEngine2.java:556) [hadoop-common-3.3.4.jar:?]
	at org.apache.hadoop.ipc.RPC$Server.call(RPC.java:1093) [hadoop-common-3.3.4.jar:?]
	at org.apache.hadoop.ipc.Server$RpcCall.run(Server.java:1043) [hadoop-common-3.3.4.jar:?]
	at org.apache.hadoop.ipc.Server$RpcCall.run(Server.java:971) [hadoop-common-3.3.4.jar:?]
	at java.security.AccessController.doPrivileged(Native Method) ~[?:1.8.0_362]
	at javax.security.auth.Subject.doAs(Subject.java:422) [?:1.8.0_362]
	at org.apache.hadoop.security.UserGroupInformation.doAs(UserGroupInformation.java:1878) [hadoop-common-3.3.4.jar:?]
	at org.apache.hadoop.ipc.Server$Handler.run(Server.java:2976) [hadoop-common-3.3.4.jar:?]
20:04:16.124 [IPC Server handler 7 on default port 35091] ERROR OMAudit - user=runner | ip=127.0.0.1 | op=GET_FILE_STATUS {volume=volume04068, bucket=bucket31801, key=gdir1/dir3/child, dataSize=0, replicationConfig=null} | ret=FAILURE
org.apache.hadoop.ozone.om.exceptions.OMException: Unable to get file status: volume: volume04068 bucket: bucket31801 key: gdir1/dir3/child
	at org.apache.hadoop.ozone.om.KeyManagerImpl.getOzoneFileStatus(KeyManagerImpl.java:1196) ~[ozone-manager-1.4.0-SNAPSHOT.jar:?]
	at org.apache.hadoop.ozone.om.KeyManagerImpl.getFileStatus(KeyManagerImpl.java:1114) ~[ozone-manager-1.4.0-SNAPSHOT.jar:?]
	at org.apache.hadoop.ozone.om.OmMetadataReader.getFileStatus(OmMetadataReader.java:288) ~[ozone-manager-1.4.0-SNAPSHOT.jar:?]
	at org.apache.hadoop.ozone.om.OzoneManager.getFileStatus(OzoneManager.java:3494) ~[ozone-manager-1.4.0-SNAPSHOT.jar:?]
	at org.apache.hadoop.ozone.protocolPB.OzoneManagerRequestHandler.getOzoneFileStatus(OzoneManagerRequestHandler.java:933) ~[ozone-manager-1.4.0-SNAPSHOT.jar:?]
	at org.apache.hadoop.ozone.protocolPB.OzoneManagerRequestHandler.handleReadRequest(OzoneManagerRequestHandler.java:238) ~[ozone-manager-1.4.0-SNAPSHOT.jar:?]
	at org.apache.hadoop.ozone.protocolPB.OzoneManagerProtocolServerSideTranslatorPB.submitReadRequestToOM(OzoneManagerProtocolServerSideTranslatorPB.java:223) ~[ozone-manager-1.4.0-SNAPSHOT.jar:?]
	at org.apache.hadoop.ozone.protocolPB.OzoneManagerProtocolServerSideTranslatorPB.processRequest(OzoneManagerProtocolServerSideTranslatorPB.java:177) ~[ozone-manager-1.4.0-SNAPSHOT.jar:?]
	at org.apache.hadoop.hdds.server.OzoneProtocolMessageDispatcher.processRequest(OzoneProtocolMessageDispatcher.java:87) [hdds-server-framework-1.4.0-SNAPSHOT.jar:?]
	at org.apache.hadoop.ozone.protocolPB.OzoneManagerProtocolServerSideTranslatorPB.submitRequest(OzoneManagerProtocolServerSideTranslatorPB.java:147) [ozone-manager-1.4.0-SNAPSHOT.jar:?]
	at org.apache.hadoop.ozone.protocol.proto.OzoneManagerProtocolProtos$OzoneManagerService$2.callBlockingMethod(OzoneManagerProtocolProtos.java) [ozone-interface-client-1.4.0-SNAPSHOT.jar:?]
	at org.apache.hadoop.ipc.ProtobufRpcEngine$Server.processCall(ProtobufRpcEngine.java:465) [hadoop-common-3.3.4.jar:?]
	at org.apache.hadoop.ipc.ProtobufRpcEngine2$Server$ProtoBufRpcInvoker.call(ProtobufRpcEngine2.java:578) [hadoop-common-3.3.4.jar:?]
	at org.apache.hadoop.ipc.ProtobufRpcEngine2$Server$ProtoBufRpcInvoker.call(ProtobufRpcEngine2.java:556) [hadoop-common-3.3.4.jar:?]
	at org.apache.hadoop.ipc.RPC$Server.call(RPC.java:1093) [hadoop-common-3.3.4.jar:?]
	at org.apache.hadoop.ipc.Server$RpcCall.run(Server.java:1043) [hadoop-common-3.3.4.jar:?]
	at org.apache.hadoop.ipc.Server$RpcCall.run(Server.java:971) [hadoop-common-3.3.4.jar:?]
	at java.security.AccessController.doPrivileged(Native Method) ~[?:1.8.0_362]
	at javax.security.auth.Subject.doAs(Subject.java:422) [?:1.8.0_362]
	at org.apache.hadoop.security.UserGroupInformation.doAs(UserGroupInformation.java:1878) [hadoop-common-3.3.4.jar:?]
	at org.apache.hadoop.ipc.Server$Handler.run(Server.java:2976) [hadoop-common-3.3.4.jar:?]
20:04:16.129 [IPC Server handler 1 on default port 35091] ERROR OMAudit - user=runner | ip=127.0.0.1 | op=GET_FILE_STATUS {volume=volume04068, bucket=bucket31801, key=gdir1/dir4, dataSize=0, replicationConfig=null} | ret=FAILURE
org.apache.hadoop.ozone.om.exceptions.OMException: Unable to get file status: volume: volume04068 bucket: bucket31801 key: gdir1/dir4
	at org.apache.hadoop.ozone.om.KeyManagerImpl.getOzoneFileStatus(KeyManagerImpl.java:1196) ~[ozone-manager-1.4.0-SNAPSHOT.jar:?]
	at org.apache.hadoop.ozone.om.KeyManagerImpl.getFileStatus(KeyManagerImpl.java:1114) ~[ozone-manager-1.4.0-SNAPSHOT.jar:?]
	at org.apache.hadoop.ozone.om.OmMetadataReader.getFileStatus(OmMetadataReader.java:288) ~[ozone-manager-1.4.0-SNAPSHOT.jar:?]
	at org.apache.hadoop.ozone.om.OzoneManager.getFileStatus(OzoneManager.java:3494) ~[ozone-manager-1.4.0-SNAPSHOT.jar:?]
	at org.apache.hadoop.ozone.protocolPB.OzoneManagerRequestHandler.getOzoneFileStatus(OzoneManagerRequestHandler.java:933) ~[ozone-manager-1.4.0-SNAPSHOT.jar:?]
	at org.apache.hadoop.ozone.protocolPB.OzoneManagerRequestHandler.handleReadRequest(OzoneManagerRequestHandler.java:238) ~[ozone-manager-1.4.0-SNAPSHOT.jar:?]
	at org.apache.hadoop.ozone.protocolPB.OzoneManagerProtocolServerSideTranslatorPB.submitReadRequestToOM(OzoneManagerProtocolServerSideTranslatorPB.java:223) ~[ozone-manager-1.4.0-SNAPSHOT.jar:?]
	at org.apache.hadoop.ozone.protocolPB.OzoneManagerProtocolServerSideTranslatorPB.processRequest(OzoneManagerProtocolServerSideTranslatorPB.java:177) ~[ozone-manager-1.4.0-SNAPSHOT.jar:?]
	at org.apache.hadoop.hdds.server.OzoneProtocolMessageDispatcher.processRequest(OzoneProtocolMessageDispatcher.java:87) [hdds-server-framework-1.4.0-SNAPSHOT.jar:?]
	at org.apache.hadoop.ozone.protocolPB.OzoneManagerProtocolServerSideTranslatorPB.submitRequest(OzoneManagerProtocolServerSideTranslatorPB.java:147) [ozone-manager-1.4.0-SNAPSHOT.jar:?]
	at org.apache.hadoop.ozone.protocol.proto.OzoneManagerProtocolProtos$OzoneManagerService$2.callBlockingMethod(OzoneManagerProtocolProtos.java) [ozone-interface-client-1.4.0-SNAPSHOT.jar:?]
	at org.apache.hadoop.ipc.ProtobufRpcEngine$Server.processCall(ProtobufRpcEngine.java:465) [hadoop-common-3.3.4.jar:?]
	at org.apache.hadoop.ipc.ProtobufRpcEngine2$Server$ProtoBufRpcInvoker.call(ProtobufRpcEngine2.java:578) [hadoop-common-3.3.4.jar:?]
	at org.apache.hadoop.ipc.ProtobufRpcEngine2$Server$ProtoBufRpcInvoker.call(ProtobufRpcEngine2.java:556) [hadoop-common-3.3.4.jar:?]
	at org.apache.hadoop.ipc.RPC$Server.call(RPC.java:1093) [hadoop-common-3.3.4.jar:?]
	at org.apache.hadoop.ipc.Server$RpcCall.run(Server.java:1043) [hadoop-common-3.3.4.jar:?]
	at org.apache.hadoop.ipc.Server$RpcCall.run(Server.java:971) [hadoop-common-3.3.4.jar:?]
	at java.security.AccessController.doPrivileged(Native Method) ~[?:1.8.0_362]
	at javax.security.auth.Subject.doAs(Subject.java:422) [?:1.8.0_362]
	at org.apache.hadoop.security.UserGroupInformation.doAs(UserGroupInformation.java:1878) [hadoop-common-3.3.4.jar:?]
	at org.apache.hadoop.ipc.Server$Handler.run(Server.java:2976) [hadoop-common-3.3.4.jar:?]
20:04:16.130 [IPC Server handler 0 on default port 35091] ERROR OMAudit - user=runner | ip=127.0.0.1 | op=GET_FILE_STATUS {volume=volume04068, bucket=bucket31801, key=gdir1/dir4/child, dataSize=0, replicationConfig=null} | ret=FAILURE
org.apache.hadoop.ozone.om.exceptions.OMException: Unable to get file status: volume: volume04068 bucket: bucket31801 key: gdir1/dir4/child
	at org.apache.hadoop.ozone.om.KeyManagerImpl.getOzoneFileStatus(KeyManagerImpl.java:1196) ~[ozone-manager-1.4.0-SNAPSHOT.jar:?]
	at org.apache.hadoop.ozone.om.KeyManagerImpl.getFileStatus(KeyManagerImpl.java:1114) ~[ozone-manager-1.4.0-SNAPSHOT.jar:?]
	at org.apache.hadoop.ozone.om.OmMetadataReader.getFileStatus(OmMetadataReader.java:288) ~[ozone-manager-1.4.0-SNAPSHOT.jar:?]
	at org.apache.hadoop.ozone.om.OzoneManager.getFileStatus(OzoneManager.java:3494) ~[ozone-manager-1.4.0-SNAPSHOT.jar:?]
	at org.apache.hadoop.ozone.protocolPB.OzoneManagerRequestHandler.getOzoneFileStatus(OzoneManagerRequestHandler.java:933) ~[ozone-manager-1.4.0-SNAPSHOT.jar:?]
	at org.apache.hadoop.ozone.protocolPB.OzoneManagerRequestHandler.handleReadRequest(OzoneManagerRequestHandler.java:238) ~[ozone-manager-1.4.0-SNAPSHOT.jar:?]
	at org.apache.hadoop.ozone.protocolPB.OzoneManagerProtocolServerSideTranslatorPB.submitReadRequestToOM(OzoneManagerProtocolServerSideTranslatorPB.java:223) ~[ozone-manager-1.4.0-SNAPSHOT.jar:?]
	at org.apache.hadoop.ozone.protocolPB.OzoneManagerProtocolServerSideTranslatorPB.processRequest(OzoneManagerProtocolServerSideTranslatorPB.java:177) ~[ozone-manager-1.4.0-SNAPSHOT.jar:?]
	at org.apache.hadoop.hdds.server.OzoneProtocolMessageDispatcher.processRequest(OzoneProtocolMessageDispatcher.java:87) [hdds-server-framework-1.4.0-SNAPSHOT.jar:?]
	at org.apache.hadoop.ozone.protocolPB.OzoneManagerProtocolServerSideTranslatorPB.submitRequest(OzoneManagerProtocolServerSideTranslatorPB.java:147) [ozone-manager-1.4.0-SNAPSHOT.jar:?]
	at org.apache.hadoop.ozone.protocol.proto.OzoneManagerProtocolProtos$OzoneManagerService$2.callBlockingMethod(OzoneManagerProtocolProtos.java) [ozone-interface-client-1.4.0-SNAPSHOT.jar:?]
	at org.apache.hadoop.ipc.ProtobufRpcEngine$Server.processCall(ProtobufRpcEngine.java:465) [hadoop-common-3.3.4.jar:?]
	at org.apache.hadoop.ipc.ProtobufRpcEngine2$Server$ProtoBufRpcInvoker.call(ProtobufRpcEngine2.java:578) [hadoop-common-3.3.4.jar:?]
	at org.apache.hadoop.ipc.ProtobufRpcEngine2$Server$ProtoBufRpcInvoker.call(ProtobufRpcEngine2.java:556) [hadoop-common-3.3.4.jar:?]
	at org.apache.hadoop.ipc.RPC$Server.call(RPC.java:1093) [hadoop-common-3.3.4.jar:?]
	at org.apache.hadoop.ipc.Server$RpcCall.run(Server.java:1043) [hadoop-common-3.3.4.jar:?]
	at org.apache.hadoop.ipc.Server$RpcCall.run(Server.java:971) [hadoop-common-3.3.4.jar:?]
	at java.security.AccessController.doPrivileged(Native Method) ~[?:1.8.0_362]
	at javax.security.auth.Subject.doAs(Subject.java:422) [?:1.8.0_362]
	at org.apache.hadoop.security.UserGroupInformation.doAs(UserGroupInformation.java:1878) [hadoop-common-3.3.4.jar:?]
	at org.apache.hadoop.ipc.Server$Handler.run(Server.java:2976) [hadoop-common-3.3.4.jar:?]
20:04:16.132 [IPC Server handler 19 on default port 35091] ERROR OMAudit - user=runner | ip=127.0.0.1 | op=GET_FILE_STATUS {volume=volume04068, bucket=bucket31801, key=gdir1/dir5, dataSize=0, replicationConfig=null} | ret=FAILURE
org.apache.hadoop.ozone.om.exceptions.OMException: Unable to get file status: volume: volume04068 bucket: bucket31801 key: gdir1/dir5
	at org.apache.hadoop.ozone.om.KeyManagerImpl.getOzoneFileStatus(KeyManagerImpl.java:1196) ~[ozone-manager-1.4.0-SNAPSHOT.jar:?]
	at org.apache.hadoop.ozone.om.KeyManagerImpl.getFileStatus(KeyManagerImpl.java:1114) ~[ozone-manager-1.4.0-SNAPSHOT.jar:?]
	at org.apache.hadoop.ozone.om.OmMetadataReader.getFileStatus(OmMetadataReader.java:288) ~[ozone-manager-1.4.0-SNAPSHOT.jar:?]
	at org.apache.hadoop.ozone.om.OzoneManager.getFileStatus(OzoneManager.java:3494) ~[ozone-manager-1.4.0-SNAPSHOT.jar:?]
	at org.apache.hadoop.ozone.protocolPB.OzoneManagerRequestHandler.getOzoneFileStatus(OzoneManagerRequestHandler.java:933) ~[ozone-manager-1.4.0-SNAPSHOT.jar:?]
	at org.apache.hadoop.ozone.protocolPB.OzoneManagerRequestHandler.handleReadRequest(OzoneManagerRequestHandler.java:238) ~[ozone-manager-1.4.0-SNAPSHOT.jar:?]
	at org.apache.hadoop.ozone.protocolPB.OzoneManagerProtocolServerSideTranslatorPB.submitReadRequestToOM(OzoneManagerProtocolServerSideTranslatorPB.java:223) ~[ozone-manager-1.4.0-SNAPSHOT.jar:?]
	at org.apache.hadoop.ozone.protocolPB.OzoneManagerProtocolServerSideTranslatorPB.processRequest(OzoneManagerProtocolServerSideTranslatorPB.java:177) ~[ozone-manager-1.4.0-SNAPSHOT.jar:?]
	at org.apache.hadoop.hdds.server.OzoneProtocolMessageDispatcher.processRequest(OzoneProtocolMessageDispatcher.java:87) [hdds-server-framework-1.4.0-SNAPSHOT.jar:?]
	at org.apache.hadoop.ozone.protocolPB.OzoneManagerProtocolServerSideTranslatorPB.submitRequest(OzoneManagerProtocolServerSideTranslatorPB.java:147) [ozone-manager-1.4.0-SNAPSHOT.jar:?]
	at org.apache.hadoop.ozone.protocol.proto.OzoneManagerProtocolProtos$OzoneManagerService$2.callBlockingMethod(OzoneManagerProtocolProtos.java) [ozone-interface-client-1.4.0-SNAPSHOT.jar:?]
	at org.apache.hadoop.ipc.ProtobufRpcEngine$Server.processCall(ProtobufRpcEngine.java:465) [hadoop-common-3.3.4.jar:?]
	at org.apache.hadoop.ipc.ProtobufRpcEngine2$Server$ProtoBufRpcInvoker.call(ProtobufRpcEngine2.java:578) [hadoop-common-3.3.4.jar:?]
	at org.apache.hadoop.ipc.ProtobufRpcEngine2$Server$ProtoBufRpcInvoker.call(ProtobufRpcEngine2.java:556) [hadoop-common-3.3.4.jar:?]
	at org.apache.hadoop.ipc.RPC$Server.call(RPC.java:1093) [hadoop-common-3.3.4.jar:?]
	at org.apache.hadoop.ipc.Server$RpcCall.run(Server.java:1043) [hadoop-common-3.3.4.jar:?]
	at org.apache.hadoop.ipc.Server$RpcCall.run(Server.java:971) [hadoop-common-3.3.4.jar:?]
	at java.security.AccessController.doPrivileged(Native Method) ~[?:1.8.0_362]
	at javax.security.auth.Subject.doAs(Subject.java:422) [?:1.8.0_362]
	at org.apache.hadoop.security.UserGroupInformation.doAs(UserGroupInformation.java:1878) [hadoop-common-3.3.4.jar:?]
	at org.apache.hadoop.ipc.Server$Handler.run(Server.java:2976) [hadoop-common-3.3.4.jar:?]
20:04:16.134 [IPC Server handler 16 on default port 35091] ERROR OMAudit - user=runner | ip=127.0.0.1 | op=GET_FILE_STATUS {volume=volume04068, bucket=bucket31801, key=gdir1/dir5/child, dataSize=0, replicationConfig=null} | ret=FAILURE
org.apache.hadoop.ozone.om.exceptions.OMException: Unable to get file status: volume: volume04068 bucket: bucket31801 key: gdir1/dir5/child
	at org.apache.hadoop.ozone.om.KeyManagerImpl.getOzoneFileStatus(KeyManagerImpl.java:1196) ~[ozone-manager-1.4.0-SNAPSHOT.jar:?]
	at org.apache.hadoop.ozone.om.KeyManagerImpl.getFileStatus(KeyManagerImpl.java:1114) ~[ozone-manager-1.4.0-SNAPSHOT.jar:?]
	at org.apache.hadoop.ozone.om.OmMetadataReader.getFileStatus(OmMetadataReader.java:288) ~[ozone-manager-1.4.0-SNAPSHOT.jar:?]
	at org.apache.hadoop.ozone.om.OzoneManager.getFileStatus(OzoneManager.java:3494) ~[ozone-manager-1.4.0-SNAPSHOT.jar:?]
	at org.apache.hadoop.ozone.protocolPB.OzoneManagerRequestHandler.getOzoneFileStatus(OzoneManagerRequestHandler.java:933) ~[ozone-manager-1.4.0-SNAPSHOT.jar:?]
	at org.apache.hadoop.ozone.protocolPB.OzoneManagerRequestHandler.handleReadRequest(OzoneManagerRequestHandler.java:238) ~[ozone-manager-1.4.0-SNAPSHOT.jar:?]
	at org.apache.hadoop.ozone.protocolPB.OzoneManagerProtocolServerSideTranslatorPB.submitReadRequestToOM(OzoneManagerProtocolServerSideTranslatorPB.java:223) ~[ozone-manager-1.4.0-SNAPSHOT.jar:?]
	at org.apache.hadoop.ozone.protocolPB.OzoneManagerProtocolServerSideTranslatorPB.processRequest(OzoneManagerProtocolServerSideTranslatorPB.java:177) ~[ozone-manager-1.4.0-SNAPSHOT.jar:?]
	at org.apache.hadoop.hdds.server.OzoneProtocolMessageDispatcher.processRequest(OzoneProtocolMessageDispatcher.java:87) [hdds-server-framework-1.4.0-SNAPSHOT.jar:?]
	at org.apache.hadoop.ozone.protocolPB.OzoneManagerProtocolServerSideTranslatorPB.submitRequest(OzoneManagerProtocolServerSideTranslatorPB.java:147) [ozone-manager-1.4.0-SNAPSHOT.jar:?]
	at org.apache.hadoop.ozone.protocol.proto.OzoneManagerProtocolProtos$OzoneManagerService$2.callBlockingMethod(OzoneManagerProtocolProtos.java) [ozone-interface-client-1.4.0-SNAPSHOT.jar:?]
	at org.apache.hadoop.ipc.ProtobufRpcEngine$Server.processCall(ProtobufRpcEngine.java:465) [hadoop-common-3.3.4.jar:?]
	at org.apache.hadoop.ipc.ProtobufRpcEngine2$Server$ProtoBufRpcInvoker.call(ProtobufRpcEngine2.java:578) [hadoop-common-3.3.4.jar:?]
	at org.apache.hadoop.ipc.ProtobufRpcEngine2$Server$ProtoBufRpcInvoker.call(ProtobufRpcEngine2.java:556) [hadoop-common-3.3.4.jar:?]
	at org.apache.hadoop.ipc.RPC$Server.call(RPC.java:1093) [hadoop-common-3.3.4.jar:?]
	at org.apache.hadoop.ipc.Server$RpcCall.run(Server.java:1043) [hadoop-common-3.3.4.jar:?]
	at org.apache.hadoop.ipc.Server$RpcCall.run(Server.java:971) [hadoop-common-3.3.4.jar:?]
	at java.security.AccessController.doPrivileged(Native Method) ~[?:1.8.0_362]
	at javax.security.auth.Subject.doAs(Subject.java:422) [?:1.8.0_362]
	at org.apache.hadoop.security.UserGroupInformation.doAs(UserGroupInformation.java:1878) [hadoop-common-3.3.4.jar:?]
	at org.apache.hadoop.ipc.Server$Handler.run(Server.java:2976) [hadoop-common-3.3.4.jar:?]
20:04:16.136 [IPC Server handler 18 on default port 35091] ERROR OMAudit - user=runner | ip=127.0.0.1 | op=GET_FILE_STATUS {volume=volume04068, bucket=bucket31801, key=gdir1/dir6, dataSize=0, replicationConfig=null} | ret=FAILURE
org.apache.hadoop.ozone.om.exceptions.OMException: Unable to get file status: volume: volume04068 bucket: bucket31801 key: gdir1/dir6
	at org.apache.hadoop.ozone.om.KeyManagerImpl.getOzoneFileStatus(KeyManagerImpl.java:1196) ~[ozone-manager-1.4.0-SNAPSHOT.jar:?]
	at org.apache.hadoop.ozone.om.KeyManagerImpl.getFileStatus(KeyManagerImpl.java:1114) ~[ozone-manager-1.4.0-SNAPSHOT.jar:?]
	at org.apache.hadoop.ozone.om.OmMetadataReader.getFileStatus(OmMetadataReader.java:288) ~[ozone-manager-1.4.0-SNAPSHOT.jar:?]
	at org.apache.hadoop.ozone.om.OzoneManager.getFileStatus(OzoneManager.java:3494) ~[ozone-manager-1.4.0-SNAPSHOT.jar:?]
	at org.apache.hadoop.ozone.protocolPB.OzoneManagerRequestHandler.getOzoneFileStatus(OzoneManagerRequestHandler.java:933) ~[ozone-manager-1.4.0-SNAPSHOT.jar:?]
	at org.apache.hadoop.ozone.protocolPB.OzoneManagerRequestHandler.handleReadRequest(OzoneManagerRequestHandler.java:238) ~[ozone-manager-1.4.0-SNAPSHOT.jar:?]
	at org.apache.hadoop.ozone.protocolPB.OzoneManagerProtocolServerSideTranslatorPB.submitReadRequestToOM(OzoneManagerProtocolServerSideTranslatorPB.java:223) ~[ozone-manager-1.4.0-SNAPSHOT.jar:?]
	at org.apache.hadoop.ozone.protocolPB.OzoneManagerProtocolServerSideTranslatorPB.processRequest(OzoneManagerProtocolServerSideTranslatorPB.java:177) ~[ozone-manager-1.4.0-SNAPSHOT.jar:?]
	at org.apache.hadoop.hdds.server.OzoneProtocolMessageDispatcher.processRequest(OzoneProtocolMessageDispatcher.java:87) [hdds-server-framework-1.4.0-SNAPSHOT.jar:?]
	at org.apache.hadoop.ozone.protocolPB.OzoneManagerProtocolServerSideTranslatorPB.submitRequest(OzoneManagerProtocolServerSideTranslatorPB.java:147) [ozone-manager-1.4.0-SNAPSHOT.jar:?]
	at org.apache.hadoop.ozone.protocol.proto.OzoneManagerProtocolProtos$OzoneManagerService$2.callBlockingMethod(OzoneManagerProtocolProtos.java) [ozone-interface-client-1.4.0-SNAPSHOT.jar:?]
	at org.apache.hadoop.ipc.ProtobufRpcEngine$Server.processCall(ProtobufRpcEngine.java:465) [hadoop-common-3.3.4.jar:?]
	at org.apache.hadoop.ipc.ProtobufRpcEngine2$Server$ProtoBufRpcInvoker.call(ProtobufRpcEngine2.java:578) [hadoop-common-3.3.4.jar:?]
	at org.apache.hadoop.ipc.ProtobufRpcEngine2$Server$ProtoBufRpcInvoker.call(ProtobufRpcEngine2.java:556) [hadoop-common-3.3.4.jar:?]
	at org.apache.hadoop.ipc.RPC$Server.call(RPC.java:1093) [hadoop-common-3.3.4.jar:?]
	at org.apache.hadoop.ipc.Server$RpcCall.run(Server.java:1043) [hadoop-common-3.3.4.jar:?]
	at org.apache.hadoop.ipc.Server$RpcCall.run(Server.java:971) [hadoop-common-3.3.4.jar:?]
	at java.security.AccessController.doPrivileged(Native Method) ~[?:1.8.0_362]
	at javax.security.auth.Subject.doAs(Subject.java:422) [?:1.8.0_362]
	at org.apache.hadoop.security.UserGroupInformation.doAs(UserGroupInformation.java:1878) [hadoop-common-3.3.4.jar:?]
	at org.apache.hadoop.ipc.Server$Handler.run(Server.java:2976) [hadoop-common-3.3.4.jar:?]
20:04:16.137 [IPC Server handler 15 on default port 35091] ERROR OMAudit - user=runner | ip=127.0.0.1 | op=GET_FILE_STATUS {volume=volume04068, bucket=bucket31801, key=gdir1/dir6/child, dataSize=0, replicationConfig=null} | ret=FAILURE
org.apache.hadoop.ozone.om.exceptions.OMException: Unable to get file status: volume: volume04068 bucket: bucket31801 key: gdir1/dir6/child
	at org.apache.hadoop.ozone.om.KeyManagerImpl.getOzoneFileStatus(KeyManagerImpl.java:1196) ~[ozone-manager-1.4.0-SNAPSHOT.jar:?]
	at org.apache.hadoop.ozone.om.KeyManagerImpl.getFileStatus(KeyManagerImpl.java:1114) ~[ozone-manager-1.4.0-SNAPSHOT.jar:?]
	at org.apache.hadoop.ozone.om.OmMetadataReader.getFileStatus(OmMetadataReader.java:288) ~[ozone-manager-1.4.0-SNAPSHOT.jar:?]
	at org.apache.hadoop.ozone.om.OzoneManager.getFileStatus(OzoneManager.java:3494) ~[ozone-manager-1.4.0-SNAPSHOT.jar:?]
	at org.apache.hadoop.ozone.protocolPB.OzoneManagerRequestHandler.getOzoneFileStatus(OzoneManagerRequestHandler.java:933) ~[ozone-manager-1.4.0-SNAPSHOT.jar:?]
	at org.apache.hadoop.ozone.protocolPB.OzoneManagerRequestHandler.handleReadRequest(OzoneManagerRequestHandler.java:238) ~[ozone-manager-1.4.0-SNAPSHOT.jar:?]
	at org.apache.hadoop.ozone.protocolPB.OzoneManagerProtocolServerSideTranslatorPB.submitReadRequestToOM(OzoneManagerProtocolServerSideTranslatorPB.java:223) ~[ozone-manager-1.4.0-SNAPSHOT.jar:?]
	at org.apache.hadoop.ozone.protocolPB.OzoneManagerProtocolServerSideTranslatorPB.processRequest(OzoneManagerProtocolServerSideTranslatorPB.java:177) ~[ozone-manager-1.4.0-SNAPSHOT.jar:?]
	at org.apache.hadoop.hdds.server.OzoneProtocolMessageDispatcher.processRequest(OzoneProtocolMessageDispatcher.java:87) [hdds-server-framework-1.4.0-SNAPSHOT.jar:?]
	at org.apache.hadoop.ozone.protocolPB.OzoneManagerProtocolServerSideTranslatorPB.submitRequest(OzoneManagerProtocolServerSideTranslatorPB.java:147) [ozone-manager-1.4.0-SNAPSHOT.jar:?]
	at org.apache.hadoop.ozone.protocol.proto.OzoneManagerProtocolProtos$OzoneManagerService$2.callBlockingMethod(OzoneManagerProtocolProtos.java) [ozone-interface-client-1.4.0-SNAPSHOT.jar:?]
	at org.apache.hadoop.ipc.ProtobufRpcEngine$Server.processCall(ProtobufRpcEngine.java:465) [hadoop-common-3.3.4.jar:?]
	at org.apache.hadoop.ipc.ProtobufRpcEngine2$Server$ProtoBufRpcInvoker.call(ProtobufRpcEngine2.java:578) [hadoop-common-3.3.4.jar:?]
	at org.apache.hadoop.ipc.ProtobufRpcEngine2$Server$ProtoBufRpcInvoker.call(ProtobufRpcEngine2.java:556) [hadoop-common-3.3.4.jar:?]
	at org.apache.hadoop.ipc.RPC$Server.call(RPC.java:1093) [hadoop-common-3.3.4.jar:?]
	at org.apache.hadoop.ipc.Server$RpcCall.run(Server.java:1043) [hadoop-common-3.3.4.jar:?]
	at org.apache.hadoop.ipc.Server$RpcCall.run(Server.java:971) [hadoop-common-3.3.4.jar:?]
	at java.security.AccessController.doPrivileged(Native Method) ~[?:1.8.0_362]
	at javax.security.auth.Subject.doAs(Subject.java:422) [?:1.8.0_362]
	at org.apache.hadoop.security.UserGroupInformation.doAs(UserGroupInformation.java:1878) [hadoop-common-3.3.4.jar:?]
	at org.apache.hadoop.ipc.Server$Handler.run(Server.java:2976) [hadoop-common-3.3.4.jar:?]
20:04:16.142 [IPC Server handler 2 on default port 35091] ERROR OMAudit - user=runner | ip=127.0.0.1 | op=GET_FILE_STATUS {volume=volume04068, bucket=bucket31801, key=gdir1/dir7, dataSize=0, replicationConfig=null} | ret=FAILURE
org.apache.hadoop.ozone.om.exceptions.OMException: Unable to get file status: volume: volume04068 bucket: bucket31801 key: gdir1/dir7
	at org.apache.hadoop.ozone.om.KeyManagerImpl.getOzoneFileStatus(KeyManagerImpl.java:1196) ~[ozone-manager-1.4.0-SNAPSHOT.jar:?]
	at org.apache.hadoop.ozone.om.KeyManagerImpl.getFileStatus(KeyManagerImpl.java:1114) ~[ozone-manager-1.4.0-SNAPSHOT.jar:?]
	at org.apache.hadoop.ozone.om.OmMetadataReader.getFileStatus(OmMetadataReader.java:288) ~[ozone-manager-1.4.0-SNAPSHOT.jar:?]
	at org.apache.hadoop.ozone.om.OzoneManager.getFileStatus(OzoneManager.java:3494) ~[ozone-manager-1.4.0-SNAPSHOT.jar:?]
	at org.apache.hadoop.ozone.protocolPB.OzoneManagerRequestHandler.getOzoneFileStatus(OzoneManagerRequestHandler.java:933) ~[ozone-manager-1.4.0-SNAPSHOT.jar:?]
	at org.apache.hadoop.ozone.protocolPB.OzoneManagerRequestHandler.handleReadRequest(OzoneManagerRequestHandler.java:238) ~[ozone-manager-1.4.0-SNAPSHOT.jar:?]
	at org.apache.hadoop.ozone.protocolPB.OzoneManagerProtocolServerSideTranslatorPB.submitReadRequestToOM(OzoneManagerProtocolServerSideTranslatorPB.java:223) ~[ozone-manager-1.4.0-SNAPSHOT.jar:?]
	at org.apache.hadoop.ozone.protocolPB.OzoneManagerProtocolServerSideTranslatorPB.processRequest(OzoneManagerProtocolServerSideTranslatorPB.java:177) ~[ozone-manager-1.4.0-SNAPSHOT.jar:?]
	at org.apache.hadoop.hdds.server.OzoneProtocolMessageDispatcher.processRequest(OzoneProtocolMessageDispatcher.java:87) [hdds-server-framework-1.4.0-SNAPSHOT.jar:?]
	at org.apache.hadoop.ozone.protocolPB.OzoneManagerProtocolServerSideTranslatorPB.submitRequest(OzoneManagerProtocolServerSideTranslatorPB.java:147) [ozone-manager-1.4.0-SNAPSHOT.jar:?]
	at org.apache.hadoop.ozone.protocol.proto.OzoneManagerProtocolProtos$OzoneManagerService$2.callBlockingMethod(OzoneManagerProtocolProtos.java) [ozone-interface-client-1.4.0-SNAPSHOT.jar:?]
	at org.apache.hadoop.ipc.ProtobufRpcEngine$Server.processCall(ProtobufRpcEngine.java:465) [hadoop-common-3.3.4.jar:?]
	at org.apache.hadoop.ipc.ProtobufRpcEngine2$Server$ProtoBufRpcInvoker.call(ProtobufRpcEngine2.java:578) [hadoop-common-3.3.4.jar:?]
	at org.apache.hadoop.ipc.ProtobufRpcEngine2$Server$ProtoBufRpcInvoker.call(ProtobufRpcEngine2.java:556) [hadoop-common-3.3.4.jar:?]
	at org.apache.hadoop.ipc.RPC$Server.call(RPC.java:1093) [hadoop-common-3.3.4.jar:?]
	at org.apache.hadoop.ipc.Server$RpcCall.run(Server.java:1043) [hadoop-common-3.3.4.jar:?]
	at org.apache.hadoop.ipc.Server$RpcCall.run(Server.java:971) [hadoop-common-3.3.4.jar:?]
	at java.security.AccessController.doPrivileged(Native Method) ~[?:1.8.0_362]
	at javax.security.auth.Subject.doAs(Subject.java:422) [?:1.8.0_362]
	at org.apache.hadoop.security.UserGroupInformation.doAs(UserGroupInformation.java:1878) [hadoop-common-3.3.4.jar:?]
	at org.apache.hadoop.ipc.Server$Handler.run(Server.java:2976) [hadoop-common-3.3.4.jar:?]
20:04:16.145 [IPC Server handler 11 on default port 35091] ERROR OMAudit - user=runner | ip=127.0.0.1 | op=GET_FILE_STATUS {volume=volume04068, bucket=bucket31801, key=gdir1/dir7/child, dataSize=0, replicationConfig=null} | ret=FAILURE
org.apache.hadoop.ozone.om.exceptions.OMException: Unable to get file status: volume: volume04068 bucket: bucket31801 key: gdir1/dir7/child
	at org.apache.hadoop.ozone.om.KeyManagerImpl.getOzoneFileStatus(KeyManagerImpl.java:1196) ~[ozone-manager-1.4.0-SNAPSHOT.jar:?]
	at org.apache.hadoop.ozone.om.KeyManagerImpl.getFileStatus(KeyManagerImpl.java:1114) ~[ozone-manager-1.4.0-SNAPSHOT.jar:?]
	at org.apache.hadoop.ozone.om.OmMetadataReader.getFileStatus(OmMetadataReader.java:288) ~[ozone-manager-1.4.0-SNAPSHOT.jar:?]
	at org.apache.hadoop.ozone.om.OzoneManager.getFileStatus(OzoneManager.java:3494) ~[ozone-manager-1.4.0-SNAPSHOT.jar:?]
	at org.apache.hadoop.ozone.protocolPB.OzoneManagerRequestHandler.getOzoneFileStatus(OzoneManagerRequestHandler.java:933) ~[ozone-manager-1.4.0-SNAPSHOT.jar:?]
	at org.apache.hadoop.ozone.protocolPB.OzoneManagerRequestHandler.handleReadRequest(OzoneManagerRequestHandler.java:238) ~[ozone-manager-1.4.0-SNAPSHOT.jar:?]
	at org.apache.hadoop.ozone.protocolPB.OzoneManagerProtocolServerSideTranslatorPB.submitReadRequestToOM(OzoneManagerProtocolServerSideTranslatorPB.java:223) ~[ozone-manager-1.4.0-SNAPSHOT.jar:?]
	at org.apache.hadoop.ozone.protocolPB.OzoneManagerProtocolServerSideTranslatorPB.processRequest(OzoneManagerProtocolServerSideTranslatorPB.java:177) ~[ozone-manager-1.4.0-SNAPSHOT.jar:?]
	at org.apache.hadoop.hdds.server.OzoneProtocolMessageDispatcher.processRequest(OzoneProtocolMessageDispatcher.java:87) [hdds-server-framework-1.4.0-SNAPSHOT.jar:?]
	at org.apache.hadoop.ozone.protocolPB.OzoneManagerProtocolServerSideTranslatorPB.submitRequest(OzoneManagerProtocolServerSideTranslatorPB.java:147) [ozone-manager-1.4.0-SNAPSHOT.jar:?]
	at org.apache.hadoop.ozone.protocol.proto.OzoneManagerProtocolProtos$OzoneManagerService$2.callBlockingMethod(OzoneManagerProtocolProtos.java) [ozone-interface-client-1.4.0-SNAPSHOT.jar:?]
	at org.apache.hadoop.ipc.ProtobufRpcEngine$Server.processCall(ProtobufRpcEngine.java:465) [hadoop-common-3.3.4.jar:?]
	at org.apache.hadoop.ipc.ProtobufRpcEngine2$Server$ProtoBufRpcInvoker.call(ProtobufRpcEngine2.java:578) [hadoop-common-3.3.4.jar:?]
	at org.apache.hadoop.ipc.ProtobufRpcEngine2$Server$ProtoBufRpcInvoker.call(ProtobufRpcEngine2.java:556) [hadoop-common-3.3.4.jar:?]
	at org.apache.hadoop.ipc.RPC$Server.call(RPC.java:1093) [hadoop-common-3.3.4.jar:?]
	at org.apache.hadoop.ipc.Server$RpcCall.run(Server.java:1043) [hadoop-common-3.3.4.jar:?]
	at org.apache.hadoop.ipc.Server$RpcCall.run(Server.java:971) [hadoop-common-3.3.4.jar:?]
	at java.security.AccessController.doPrivileged(Native Method) ~[?:1.8.0_362]
	at javax.security.auth.Subject.doAs(Subject.java:422) [?:1.8.0_362]
	at org.apache.hadoop.security.UserGroupInformation.doAs(UserGroupInformation.java:1878) [hadoop-common-3.3.4.jar:?]
	at org.apache.hadoop.ipc.Server$Handler.run(Server.java:2976) [hadoop-common-3.3.4.jar:?]
20:04:16.147 [IPC Server handler 4 on default port 35091] ERROR OMAudit - user=runner | ip=127.0.0.1 | op=GET_FILE_STATUS {volume=volume04068, bucket=bucket31801, key=gdir1/dir8, dataSize=0, replicationConfig=null} | ret=FAILURE
org.apache.hadoop.ozone.om.exceptions.OMException: Unable to get file status: volume: volume04068 bucket: bucket31801 key: gdir1/dir8
	at org.apache.hadoop.ozone.om.KeyManagerImpl.getOzoneFileStatus(KeyManagerImpl.java:1196) ~[ozone-manager-1.4.0-SNAPSHOT.jar:?]
	at org.apache.hadoop.ozone.om.KeyManagerImpl.getFileStatus(KeyManagerImpl.java:1114) ~[ozone-manager-1.4.0-SNAPSHOT.jar:?]
	at org.apache.hadoop.ozone.om.OmMetadataReader.getFileStatus(OmMetadataReader.java:288) ~[ozone-manager-1.4.0-SNAPSHOT.jar:?]
	at org.apache.hadoop.ozone.om.OzoneManager.getFileStatus(OzoneManager.java:3494) ~[ozone-manager-1.4.0-SNAPSHOT.jar:?]
	at org.apache.hadoop.ozone.protocolPB.OzoneManagerRequestHandler.getOzoneFileStatus(OzoneManagerRequestHandler.java:933) ~[ozone-manager-1.4.0-SNAPSHOT.jar:?]
	at org.apache.hadoop.ozone.protocolPB.OzoneManagerRequestHandler.handleReadRequest(OzoneManagerRequestHandler.java:238) ~[ozone-manager-1.4.0-SNAPSHOT.jar:?]
	at org.apache.hadoop.ozone.protocolPB.OzoneManagerProtocolServerSideTranslatorPB.submitReadRequestToOM(OzoneManagerProtocolServerSideTranslatorPB.java:223) ~[ozone-manager-1.4.0-SNAPSHOT.jar:?]
	at org.apache.hadoop.ozone.protocolPB.OzoneManagerProtocolServerSideTranslatorPB.processRequest(OzoneManagerProtocolServerSideTranslatorPB.java:177) ~[ozone-manager-1.4.0-SNAPSHOT.jar:?]
	at org.apache.hadoop.hdds.server.OzoneProtocolMessageDispatcher.processRequest(OzoneProtocolMessageDispatcher.java:87) [hdds-server-framework-1.4.0-SNAPSHOT.jar:?]
	at org.apache.hadoop.ozone.protocolPB.OzoneManagerProtocolServerSideTranslatorPB.submitRequest(OzoneManagerProtocolServerSideTranslatorPB.java:147) [ozone-manager-1.4.0-SNAPSHOT.jar:?]
	at org.apache.hadoop.ozone.protocol.proto.OzoneManagerProtocolProtos$OzoneManagerService$2.callBlockingMethod(OzoneManagerProtocolProtos.java) [ozone-interface-client-1.4.0-SNAPSHOT.jar:?]
	at org.apache.hadoop.ipc.ProtobufRpcEngine$Server.processCall(ProtobufRpcEngine.java:465) [hadoop-common-3.3.4.jar:?]
	at org.apache.hadoop.ipc.ProtobufRpcEngine2$Server$ProtoBufRpcInvoker.call(ProtobufRpcEngine2.java:578) [hadoop-common-3.3.4.jar:?]
	at org.apache.hadoop.ipc.ProtobufRpcEngine2$Server$ProtoBufRpcInvoker.call(ProtobufRpcEngine2.java:556) [hadoop-common-3.3.4.jar:?]
	at org.apache.hadoop.ipc.RPC$Server.call(RPC.java:1093) [hadoop-common-3.3.4.jar:?]
	at org.apache.hadoop.ipc.Server$RpcCall.run(Server.java:1043) [hadoop-common-3.3.4.jar:?]
	at org.apache.hadoop.ipc.Server$RpcCall.run(Server.java:971) [hadoop-common-3.3.4.jar:?]
	at java.security.AccessController.doPrivileged(Native Method) ~[?:1.8.0_362]
	at javax.security.auth.Subject.doAs(Subject.java:422) [?:1.8.0_362]
	at org.apache.hadoop.security.UserGroupInformation.doAs(UserGroupInformation.java:1878) [hadoop-common-3.3.4.jar:?]
	at org.apache.hadoop.ipc.Server$Handler.run(Server.java:2976) [hadoop-common-3.3.4.jar:?]
20:04:16.149 [IPC Server handler 10 on default port 35091] ERROR OMAudit - user=runner | ip=127.0.0.1 | op=GET_FILE_STATUS {volume=volume04068, bucket=bucket31801, key=gdir1/dir8/child, dataSize=0, replicationConfig=null} | ret=FAILURE
org.apache.hadoop.ozone.om.exceptions.OMException: Unable to get file status: volume: volume04068 bucket: bucket31801 key: gdir1/dir8/child
	at org.apache.hadoop.ozone.om.KeyManagerImpl.getOzoneFileStatus(KeyManagerImpl.java:1196) ~[ozone-manager-1.4.0-SNAPSHOT.jar:?]
	at org.apache.hadoop.ozone.om.KeyManagerImpl.getFileStatus(KeyManagerImpl.java:1114) ~[ozone-manager-1.4.0-SNAPSHOT.jar:?]
	at org.apache.hadoop.ozone.om.OmMetadataReader.getFileStatus(OmMetadataReader.java:288) ~[ozone-manager-1.4.0-SNAPSHOT.jar:?]
	at org.apache.hadoop.ozone.om.OzoneManager.getFileStatus(OzoneManager.java:3494) ~[ozone-manager-1.4.0-SNAPSHOT.jar:?]
	at org.apache.hadoop.ozone.protocolPB.OzoneManagerRequestHandler.getOzoneFileStatus(OzoneManagerRequestHandler.java:933) ~[ozone-manager-1.4.0-SNAPSHOT.jar:?]
	at org.apache.hadoop.ozone.protocolPB.OzoneManagerRequestHandler.handleReadRequest(OzoneManagerRequestHandler.java:238) ~[ozone-manager-1.4.0-SNAPSHOT.jar:?]
	at org.apache.hadoop.ozone.protocolPB.OzoneManagerProtocolServerSideTranslatorPB.submitReadRequestToOM(OzoneManagerProtocolServerSideTranslatorPB.java:223) ~[ozone-manager-1.4.0-SNAPSHOT.jar:?]
	at org.apache.hadoop.ozone.protocolPB.OzoneManagerProtocolServerSideTranslatorPB.processRequest(OzoneManagerProtocolServerSideTranslatorPB.java:177) ~[ozone-manager-1.4.0-SNAPSHOT.jar:?]
	at org.apache.hadoop.hdds.server.OzoneProtocolMessageDispatcher.processRequest(OzoneProtocolMessageDispatcher.java:87) [hdds-server-framework-1.4.0-SNAPSHOT.jar:?]
	at org.apache.hadoop.ozone.protocolPB.OzoneManagerProtocolServerSideTranslatorPB.submitRequest(OzoneManagerProtocolServerSideTranslatorPB.java:147) [ozone-manager-1.4.0-SNAPSHOT.jar:?]
	at org.apache.hadoop.ozone.protocol.proto.OzoneManagerProtocolProtos$OzoneManagerService$2.callBlockingMethod(OzoneManagerProtocolProtos.java) [ozone-interface-client-1.4.0-SNAPSHOT.jar:?]
	at org.apache.hadoop.ipc.ProtobufRpcEngine$Server.processCall(ProtobufRpcEngine.java:465) [hadoop-common-3.3.4.jar:?]
	at org.apache.hadoop.ipc.ProtobufRpcEngine2$Server$ProtoBufRpcInvoker.call(ProtobufRpcEngine2.java:578) [hadoop-common-3.3.4.jar:?]
	at org.apache.hadoop.ipc.ProtobufRpcEngine2$Server$ProtoBufRpcInvoker.call(ProtobufRpcEngine2.java:556) [hadoop-common-3.3.4.jar:?]
	at org.apache.hadoop.ipc.RPC$Server.call(RPC.java:1093) [hadoop-common-3.3.4.jar:?]
	at org.apache.hadoop.ipc.Server$RpcCall.run(Server.java:1043) [hadoop-common-3.3.4.jar:?]
	at org.apache.hadoop.ipc.Server$RpcCall.run(Server.java:971) [hadoop-common-3.3.4.jar:?]
	at java.security.AccessController.doPrivileged(Native Method) ~[?:1.8.0_362]
	at javax.security.auth.Subject.doAs(Subject.java:422) [?:1.8.0_362]
	at org.apache.hadoop.security.UserGroupInformation.doAs(UserGroupInformation.java:1878) [hadoop-common-3.3.4.jar:?]
	at org.apache.hadoop.ipc.Server$Handler.run(Server.java:2976) [hadoop-common-3.3.4.jar:?]
20:04:16.150 [IPC Server handler 6 on default port 35091] ERROR OMAudit - user=runner | ip=127.0.0.1 | op=GET_FILE_STATUS {volume=volume04068, bucket=bucket31801, key=gdir1/dir9, dataSize=0, replicationConfig=null} | ret=FAILURE
org.apache.hadoop.ozone.om.exceptions.OMException: Unable to get file status: volume: volume04068 bucket: bucket31801 key: gdir1/dir9
	at org.apache.hadoop.ozone.om.KeyManagerImpl.getOzoneFileStatus(KeyManagerImpl.java:1196) ~[ozone-manager-1.4.0-SNAPSHOT.jar:?]
	at org.apache.hadoop.ozone.om.KeyManagerImpl.getFileStatus(KeyManagerImpl.java:1114) ~[ozone-manager-1.4.0-SNAPSHOT.jar:?]
	at org.apache.hadoop.ozone.om.OmMetadataReader.getFileStatus(OmMetadataReader.java:288) ~[ozone-manager-1.4.0-SNAPSHOT.jar:?]
	at org.apache.hadoop.ozone.om.OzoneManager.getFileStatus(OzoneManager.java:3494) ~[ozone-manager-1.4.0-SNAPSHOT.jar:?]
	at org.apache.hadoop.ozone.protocolPB.OzoneManagerRequestHandler.getOzoneFileStatus(OzoneManagerRequestHandler.java:933) ~[ozone-manager-1.4.0-SNAPSHOT.jar:?]
	at org.apache.hadoop.ozone.protocolPB.OzoneManagerRequestHandler.handleReadRequest(OzoneManagerRequestHandler.java:238) ~[ozone-manager-1.4.0-SNAPSHOT.jar:?]
	at org.apache.hadoop.ozone.protocolPB.OzoneManagerProtocolServerSideTranslatorPB.submitReadRequestToOM(OzoneManagerProtocolServerSideTranslatorPB.java:223) ~[ozone-manager-1.4.0-SNAPSHOT.jar:?]
	at org.apache.hadoop.ozone.protocolPB.OzoneManagerProtocolServerSideTranslatorPB.processRequest(OzoneManagerProtocolServerSideTranslatorPB.java:177) ~[ozone-manager-1.4.0-SNAPSHOT.jar:?]
	at org.apache.hadoop.hdds.server.OzoneProtocolMessageDispatcher.processRequest(OzoneProtocolMessageDispatcher.java:87) [hdds-server-framework-1.4.0-SNAPSHOT.jar:?]
	at org.apache.hadoop.ozone.protocolPB.OzoneManagerProtocolServerSideTranslatorPB.submitRequest(OzoneManagerProtocolServerSideTranslatorPB.java:147) [ozone-manager-1.4.0-SNAPSHOT.jar:?]
	at org.apache.hadoop.ozone.protocol.proto.OzoneManagerProtocolProtos$OzoneManagerService$2.callBlockingMethod(OzoneManagerProtocolProtos.java) [ozone-interface-client-1.4.0-SNAPSHOT.jar:?]
	at org.apache.hadoop.ipc.ProtobufRpcEngine$Server.processCall(ProtobufRpcEngine.java:465) [hadoop-common-3.3.4.jar:?]
	at org.apache.hadoop.ipc.ProtobufRpcEngine2$Server$ProtoBufRpcInvoker.call(ProtobufRpcEngine2.java:578) [hadoop-common-3.3.4.jar:?]
	at org.apache.hadoop.ipc.ProtobufRpcEngine2$Server$ProtoBufRpcInvoker.call(ProtobufRpcEngine2.java:556) [hadoop-common-3.3.4.jar:?]
	at org.apache.hadoop.ipc.RPC$Server.call(RPC.java:1093) [hadoop-common-3.3.4.jar:?]
	at org.apache.hadoop.ipc.Server$RpcCall.run(Server.java:1043) [hadoop-common-3.3.4.jar:?]
	at org.apache.hadoop.ipc.Server$RpcCall.run(Server.java:971) [hadoop-common-3.3.4.jar:?]
	at java.security.AccessController.doPrivileged(Native Method) ~[?:1.8.0_362]
	at javax.security.auth.Subject.doAs(Subject.java:422) [?:1.8.0_362]
	at org.apache.hadoop.security.UserGroupInformation.doAs(UserGroupInformation.java:1878) [hadoop-common-3.3.4.jar:?]
	at org.apache.hadoop.ipc.Server$Handler.run(Server.java:2976) [hadoop-common-3.3.4.jar:?]
20:04:16.152 [IPC Server handler 12 on default port 35091] ERROR OMAudit - user=runner | ip=127.0.0.1 | op=GET_FILE_STATUS {volume=volume04068, bucket=bucket31801, key=gdir1/dir9/child, dataSize=0, replicationConfig=null} | ret=FAILURE
org.apache.hadoop.ozone.om.exceptions.OMException: Unable to get file status: volume: volume04068 bucket: bucket31801 key: gdir1/dir9/child
	at org.apache.hadoop.ozone.om.KeyManagerImpl.getOzoneFileStatus(KeyManagerImpl.java:1196) ~[ozone-manager-1.4.0-SNAPSHOT.jar:?]
	at org.apache.hadoop.ozone.om.KeyManagerImpl.getFileStatus(KeyManagerImpl.java:1114) ~[ozone-manager-1.4.0-SNAPSHOT.jar:?]
	at org.apache.hadoop.ozone.om.OmMetadataReader.getFileStatus(OmMetadataReader.java:288) ~[ozone-manager-1.4.0-SNAPSHOT.jar:?]
	at org.apache.hadoop.ozone.om.OzoneManager.getFileStatus(OzoneManager.java:3494) ~[ozone-manager-1.4.0-SNAPSHOT.jar:?]
	at org.apache.hadoop.ozone.protocolPB.OzoneManagerRequestHandler.getOzoneFileStatus(OzoneManagerRequestHandler.java:933) ~[ozone-manager-1.4.0-SNAPSHOT.jar:?]
	at org.apache.hadoop.ozone.protocolPB.OzoneManagerRequestHandler.handleReadRequest(OzoneManagerRequestHandler.java:238) ~[ozone-manager-1.4.0-SNAPSHOT.jar:?]
	at org.apache.hadoop.ozone.protocolPB.OzoneManagerProtocolServerSideTranslatorPB.submitReadRequestToOM(OzoneManagerProtocolServerSideTranslatorPB.java:223) ~[ozone-manager-1.4.0-SNAPSHOT.jar:?]
	at org.apache.hadoop.ozone.protocolPB.OzoneManagerProtocolServerSideTranslatorPB.processRequest(OzoneManagerProtocolServerSideTranslatorPB.java:177) ~[ozone-manager-1.4.0-SNAPSHOT.jar:?]
	at org.apache.hadoop.hdds.server.OzoneProtocolMessageDispatcher.processRequest(OzoneProtocolMessageDispatcher.java:87) [hdds-server-framework-1.4.0-SNAPSHOT.jar:?]
	at org.apache.hadoop.ozone.protocolPB.OzoneManagerProtocolServerSideTranslatorPB.submitRequest(OzoneManagerProtocolServerSideTranslatorPB.java:147) [ozone-manager-1.4.0-SNAPSHOT.jar:?]
	at org.apache.hadoop.ozone.protocol.proto.OzoneManagerProtocolProtos$OzoneManagerService$2.callBlockingMethod(OzoneManagerProtocolProtos.java) [ozone-interface-client-1.4.0-SNAPSHOT.jar:?]
	at org.apache.hadoop.ipc.ProtobufRpcEngine$Server.processCall(ProtobufRpcEngine.java:465) [hadoop-common-3.3.4.jar:?]
	at org.apache.hadoop.ipc.ProtobufRpcEngine2$Server$ProtoBufRpcInvoker.call(ProtobufRpcEngine2.java:578) [hadoop-common-3.3.4.jar:?]
	at org.apache.hadoop.ipc.ProtobufRpcEngine2$Server$ProtoBufRpcInvoker.call(ProtobufRpcEngine2.java:556) [hadoop-common-3.3.4.jar:?]
	at org.apache.hadoop.ipc.RPC$Server.call(RPC.java:1093) [hadoop-common-3.3.4.jar:?]
	at org.apache.hadoop.ipc.Server$RpcCall.run(Server.java:1043) [hadoop-common-3.3.4.jar:?]
	at org.apache.hadoop.ipc.Server$RpcCall.run(Server.java:971) [hadoop-common-3.3.4.jar:?]
	at java.security.AccessController.doPrivileged(Native Method) ~[?:1.8.0_362]
	at javax.security.auth.Subject.doAs(Subject.java:422) [?:1.8.0_362]
	at org.apache.hadoop.security.UserGroupInformation.doAs(UserGroupInformation.java:1878) [hadoop-common-3.3.4.jar:?]
	at org.apache.hadoop.ipc.Server$Handler.run(Server.java:2976) [hadoop-common-3.3.4.jar:?]
20:04:16.156 [IPC Server handler 5 on default port 35091] ERROR OMAudit - user=runner | ip=127.0.0.1 | op=GET_FILE_STATUS {volume=volume04068, bucket=bucket31801, key=gdir1/dir10, dataSize=0, replicationConfig=null} | ret=FAILURE
org.apache.hadoop.ozone.om.exceptions.OMException: Unable to get file status: volume: volume04068 bucket: bucket31801 key: gdir1/dir10
	at org.apache.hadoop.ozone.om.KeyManagerImpl.getOzoneFileStatus(KeyManagerImpl.java:1196) ~[ozone-manager-1.4.0-SNAPSHOT.jar:?]
	at org.apache.hadoop.ozone.om.KeyManagerImpl.getFileStatus(KeyManagerImpl.java:1114) ~[ozone-manager-1.4.0-SNAPSHOT.jar:?]
	at org.apache.hadoop.ozone.om.OmMetadataReader.getFileStatus(OmMetadataReader.java:288) ~[ozone-manager-1.4.0-SNAPSHOT.jar:?]
	at org.apache.hadoop.ozone.om.OzoneManager.getFileStatus(OzoneManager.java:3494) ~[ozone-manager-1.4.0-SNAPSHOT.jar:?]
	at org.apache.hadoop.ozone.protocolPB.OzoneManagerRequestHandler.getOzoneFileStatus(OzoneManagerRequestHandler.java:933) ~[ozone-manager-1.4.0-SNAPSHOT.jar:?]
	at org.apache.hadoop.ozone.protocolPB.OzoneManagerRequestHandler.handleReadRequest(OzoneManagerRequestHandler.java:238) ~[ozone-manager-1.4.0-SNAPSHOT.jar:?]
	at org.apache.hadoop.ozone.protocolPB.OzoneManagerProtocolServerSideTranslatorPB.submitReadRequestToOM(OzoneManagerProtocolServerSideTranslatorPB.java:223) ~[ozone-manager-1.4.0-SNAPSHOT.jar:?]
	at org.apache.hadoop.ozone.protocolPB.OzoneManagerProtocolServerSideTranslatorPB.processRequest(OzoneManagerProtocolServerSideTranslatorPB.java:177) ~[ozone-manager-1.4.0-SNAPSHOT.jar:?]
	at org.apache.hadoop.hdds.server.OzoneProtocolMessageDispatcher.processRequest(OzoneProtocolMessageDispatcher.java:87) [hdds-server-framework-1.4.0-SNAPSHOT.jar:?]
	at org.apache.hadoop.ozone.protocolPB.OzoneManagerProtocolServerSideTranslatorPB.submitRequest(OzoneManagerProtocolServerSideTranslatorPB.java:147) [ozone-manager-1.4.0-SNAPSHOT.jar:?]
	at org.apache.hadoop.ozone.protocol.proto.OzoneManagerProtocolProtos$OzoneManagerService$2.callBlockingMethod(OzoneManagerProtocolProtos.java) [ozone-interface-client-1.4.0-SNAPSHOT.jar:?]
	at org.apache.hadoop.ipc.ProtobufRpcEngine$Server.processCall(ProtobufRpcEngine.java:465) [hadoop-common-3.3.4.jar:?]
	at org.apache.hadoop.ipc.ProtobufRpcEngine2$Server$ProtoBufRpcInvoker.call(ProtobufRpcEngine2.java:578) [hadoop-common-3.3.4.jar:?]
	at org.apache.hadoop.ipc.ProtobufRpcEngine2$Server$ProtoBufRpcInvoker.call(ProtobufRpcEngine2.java:556) [hadoop-common-3.3.4.jar:?]
	at org.apache.hadoop.ipc.RPC$Server.call(RPC.java:1093) [hadoop-common-3.3.4.jar:?]
	at org.apache.hadoop.ipc.Server$RpcCall.run(Server.java:1043) [hadoop-common-3.3.4.jar:?]
	at org.apache.hadoop.ipc.Server$RpcCall.run(Server.java:971) [hadoop-common-3.3.4.jar:?]
	at java.security.AccessController.doPrivileged(Native Method) ~[?:1.8.0_362]
	at javax.security.auth.Subject.doAs(Subject.java:422) [?:1.8.0_362]
	at org.apache.hadoop.security.UserGroupInformation.doAs(UserGroupInformation.java:1878) [hadoop-common-3.3.4.jar:?]
	at org.apache.hadoop.ipc.Server$Handler.run(Server.java:2976) [hadoop-common-3.3.4.jar:?]
20:04:16.158 [IPC Server handler 14 on default port 35091] ERROR OMAudit - user=runner | ip=127.0.0.1 | op=GET_FILE_STATUS {volume=volume04068, bucket=bucket31801, key=gdir1/dir10/child, dataSize=0, replicationConfig=null} | ret=FAILURE
org.apache.hadoop.ozone.om.exceptions.OMException: Unable to get file status: volume: volume04068 bucket: bucket31801 key: gdir1/dir10/child
	at org.apache.hadoop.ozone.om.KeyManagerImpl.getOzoneFileStatus(KeyManagerImpl.java:1196) ~[ozone-manager-1.4.0-SNAPSHOT.jar:?]
	at org.apache.hadoop.ozone.om.KeyManagerImpl.getFileStatus(KeyManagerImpl.java:1114) ~[ozone-manager-1.4.0-SNAPSHOT.jar:?]
	at org.apache.hadoop.ozone.om.OmMetadataReader.getFileStatus(OmMetadataReader.java:288) ~[ozone-manager-1.4.0-SNAPSHOT.jar:?]
	at org.apache.hadoop.ozone.om.OzoneManager.getFileStatus(OzoneManager.java:3494) ~[ozone-manager-1.4.0-SNAPSHOT.jar:?]
	at org.apache.hadoop.ozone.protocolPB.OzoneManagerRequestHandler.getOzoneFileStatus(OzoneManagerRequestHandler.java:933) ~[ozone-manager-1.4.0-SNAPSHOT.jar:?]
	at org.apache.hadoop.ozone.protocolPB.OzoneManagerRequestHandler.handleReadRequest(OzoneManagerRequestHandler.java:238) ~[ozone-manager-1.4.0-SNAPSHOT.jar:?]
	at org.apache.hadoop.ozone.protocolPB.OzoneManagerProtocolServerSideTranslatorPB.submitReadRequestToOM(OzoneManagerProtocolServerSideTranslatorPB.java:223) ~[ozone-manager-1.4.0-SNAPSHOT.jar:?]
	at org.apache.hadoop.ozone.protocolPB.OzoneManagerProtocolServerSideTranslatorPB.processRequest(OzoneManagerProtocolServerSideTranslatorPB.java:177) ~[ozone-manager-1.4.0-SNAPSHOT.jar:?]
	at org.apache.hadoop.hdds.server.OzoneProtocolMessageDispatcher.processRequest(OzoneProtocolMessageDispatcher.java:87) [hdds-server-framework-1.4.0-SNAPSHOT.jar:?]
	at org.apache.hadoop.ozone.protocolPB.OzoneManagerProtocolServerSideTranslatorPB.submitRequest(OzoneManagerProtocolServerSideTranslatorPB.java:147) [ozone-manager-1.4.0-SNAPSHOT.jar:?]
	at org.apache.hadoop.ozone.protocol.proto.OzoneManagerProtocolProtos$OzoneManagerService$2.callBlockingMethod(OzoneManagerProtocolProtos.java) [ozone-interface-client-1.4.0-SNAPSHOT.jar:?]
	at org.apache.hadoop.ipc.ProtobufRpcEngine$Server.processCall(ProtobufRpcEngine.java:465) [hadoop-common-3.3.4.jar:?]
	at org.apache.hadoop.ipc.ProtobufRpcEngine2$Server$ProtoBufRpcInvoker.call(ProtobufRpcEngine2.java:578) [hadoop-common-3.3.4.jar:?]
	at org.apache.hadoop.ipc.ProtobufRpcEngine2$Server$ProtoBufRpcInvoker.call(ProtobufRpcEngine2.java:556) [hadoop-common-3.3.4.jar:?]
	at org.apache.hadoop.ipc.RPC$Server.call(RPC.java:1093) [hadoop-common-3.3.4.jar:?]
	at org.apache.hadoop.ipc.Server$RpcCall.run(Server.java:1043) [hadoop-common-3.3.4.jar:?]
	at org.apache.hadoop.ipc.Server$RpcCall.run(Server.java:971) [hadoop-common-3.3.4.jar:?]
	at java.security.AccessController.doPrivileged(Native Method) ~[?:1.8.0_362]
	at javax.security.auth.Subject.doAs(Subject.java:422) [?:1.8.0_362]
	at org.apache.hadoop.security.UserGroupInformation.doAs(UserGroupInformation.java:1878) [hadoop-common-3.3.4.jar:?]
	at org.apache.hadoop.ipc.Server$Handler.run(Server.java:2976) [hadoop-common-3.3.4.jar:?]
2023-03-16 20:04:16,173 [OM StateMachine ApplyTransaction Thread - 0] INFO  key.OMKeyRequest (OMKeyRequest.java:wrapUncommittedBlocksAsPseudoKey(838)) - Detect allocated but uncommitted blocks [{blockID={containerID=1, localID=111677748019200024}, length=4194304, offset=0, token=null, pipeline=null, createVersion=0, partNumber=0}] in key level0/level1/file1.
2023-03-16 20:04:16,189 [OM StateMachine ApplyTransaction Thread - 0] INFO  key.OMKeyRequest (OMKeyRequest.java:wrapUncommittedBlocksAsPseudoKey(838)) - Detect allocated but uncommitted blocks [{blockID={containerID=3, localID=111677748019200025}, length=4194304, offset=0, token=null, pipeline=null, createVersion=0, partNumber=0}] in key level0/level1/level1/file1.
2023-03-16 20:04:16,209 [OM StateMachine ApplyTransaction Thread - 0] INFO  key.OMKeyRequest (OMKeyRequest.java:wrapUncommittedBlocksAsPseudoKey(838)) - Detect allocated but uncommitted blocks [{blockID={containerID=4, localID=111677748019200026}, length=4194304, offset=0, token=null, pipeline=null, createVersion=0, partNumber=0}] in key level0/level2/file1.
2023-03-16 20:04:16,225 [OM StateMachine ApplyTransaction Thread - 0] INFO  key.OMKeyRequest (OMKeyRequest.java:wrapUncommittedBlocksAsPseudoKey(838)) - Detect allocated but uncommitted blocks [{blockID={containerID=1, localID=111677748019200027}, length=4194304, offset=0, token=null, pipeline=null, createVersion=0, partNumber=0}] in key level0/level2/level2/file1.
2023-03-16 20:04:16,243 [OM StateMachine ApplyTransaction Thread - 0] INFO  key.OMKeyRequest (OMKeyRequest.java:wrapUncommittedBlocksAsPseudoKey(838)) - Detect allocated but uncommitted blocks [{blockID={containerID=3, localID=111677748019200028}, length=4194304, offset=0, token=null, pipeline=null, createVersion=0, partNumber=0}] in key level0/level3/file1.
2023-03-16 20:04:16,258 [OM StateMachine ApplyTransaction Thread - 0] INFO  key.OMKeyRequest (OMKeyRequest.java:wrapUncommittedBlocksAsPseudoKey(838)) - Detect allocated but uncommitted blocks [{blockID={containerID=1, localID=111677748019200029}, length=4194304, offset=0, token=null, pipeline=null, createVersion=0, partNumber=0}] in key level0/level3/level3/file1.
20:04:16.352 [IPC Server handler 11 on default port 35091] ERROR OMAudit - user=runner | ip=127.0.0.1 | op=GET_FILE_STATUS {volume=volume04068, bucket=bucket31801, key=level0, dataSize=0, replicationConfig=null} | ret=FAILURE
org.apache.hadoop.ozone.om.exceptions.OMException: Unable to get file status: volume: volume04068 bucket: bucket31801 key: level0
	at org.apache.hadoop.ozone.om.KeyManagerImpl.getOzoneFileStatus(KeyManagerImpl.java:1196) ~[ozone-manager-1.4.0-SNAPSHOT.jar:?]
	at org.apache.hadoop.ozone.om.KeyManagerImpl.getFileStatus(KeyManagerImpl.java:1114) ~[ozone-manager-1.4.0-SNAPSHOT.jar:?]
	at org.apache.hadoop.ozone.om.OmMetadataReader.getFileStatus(OmMetadataReader.java:288) ~[ozone-manager-1.4.0-SNAPSHOT.jar:?]
	at org.apache.hadoop.ozone.om.OzoneManager.getFileStatus(OzoneManager.java:3494) ~[ozone-manager-1.4.0-SNAPSHOT.jar:?]
	at org.apache.hadoop.ozone.protocolPB.OzoneManagerRequestHandler.getOzoneFileStatus(OzoneManagerRequestHandler.java:933) ~[ozone-manager-1.4.0-SNAPSHOT.jar:?]
	at org.apache.hadoop.ozone.protocolPB.OzoneManagerRequestHandler.handleReadRequest(OzoneManagerRequestHandler.java:238) ~[ozone-manager-1.4.0-SNAPSHOT.jar:?]
	at org.apache.hadoop.ozone.protocolPB.OzoneManagerProtocolServerSideTranslatorPB.submitReadRequestToOM(OzoneManagerProtocolServerSideTranslatorPB.java:223) ~[ozone-manager-1.4.0-SNAPSHOT.jar:?]
	at org.apache.hadoop.ozone.protocolPB.OzoneManagerProtocolServerSideTranslatorPB.processRequest(OzoneManagerProtocolServerSideTranslatorPB.java:177) ~[ozone-manager-1.4.0-SNAPSHOT.jar:?]
	at org.apache.hadoop.hdds.server.OzoneProtocolMessageDispatcher.processRequest(OzoneProtocolMessageDispatcher.java:87) [hdds-server-framework-1.4.0-SNAPSHOT.jar:?]
	at org.apache.hadoop.ozone.protocolPB.OzoneManagerProtocolServerSideTranslatorPB.submitRequest(OzoneManagerProtocolServerSideTranslatorPB.java:147) [ozone-manager-1.4.0-SNAPSHOT.jar:?]
	at org.apache.hadoop.ozone.protocol.proto.OzoneManagerProtocolProtos$OzoneManagerService$2.callBlockingMethod(OzoneManagerProtocolProtos.java) [ozone-interface-client-1.4.0-SNAPSHOT.jar:?]
	at org.apache.hadoop.ipc.ProtobufRpcEngine$Server.processCall(ProtobufRpcEngine.java:465) [hadoop-common-3.3.4.jar:?]
	at org.apache.hadoop.ipc.ProtobufRpcEngine2$Server$ProtoBufRpcInvoker.call(ProtobufRpcEngine2.java:578) [hadoop-common-3.3.4.jar:?]
	at org.apache.hadoop.ipc.ProtobufRpcEngine2$Server$ProtoBufRpcInvoker.call(ProtobufRpcEngine2.java:556) [hadoop-common-3.3.4.jar:?]
	at org.apache.hadoop.ipc.RPC$Server.call(RPC.java:1093) [hadoop-common-3.3.4.jar:?]
	at org.apache.hadoop.ipc.Server$RpcCall.run(Server.java:1043) [hadoop-common-3.3.4.jar:?]
	at org.apache.hadoop.ipc.Server$RpcCall.run(Server.java:971) [hadoop-common-3.3.4.jar:?]
	at java.security.AccessController.doPrivileged(Native Method) ~[?:1.8.0_362]
	at javax.security.auth.Subject.doAs(Subject.java:422) [?:1.8.0_362]
	at org.apache.hadoop.security.UserGroupInformation.doAs(UserGroupInformation.java:1878) [hadoop-common-3.3.4.jar:?]
	at org.apache.hadoop.ipc.Server$Handler.run(Server.java:2976) [hadoop-common-3.3.4.jar:?]
20:04:16.355 [IPC Server handler 4 on default port 35091] ERROR OMAudit - user=runner | ip=127.0.0.1 | op=GET_FILE_STATUS {volume=volume04068, bucket=bucket31801, key=level0/level1, dataSize=0, replicationConfig=null} | ret=FAILURE
org.apache.hadoop.ozone.om.exceptions.OMException: Unable to get file status: volume: volume04068 bucket: bucket31801 key: level0/level1
	at org.apache.hadoop.ozone.om.KeyManagerImpl.getOzoneFileStatus(KeyManagerImpl.java:1196) ~[ozone-manager-1.4.0-SNAPSHOT.jar:?]
	at org.apache.hadoop.ozone.om.KeyManagerImpl.getFileStatus(KeyManagerImpl.java:1114) ~[ozone-manager-1.4.0-SNAPSHOT.jar:?]
	at org.apache.hadoop.ozone.om.OmMetadataReader.getFileStatus(OmMetadataReader.java:288) ~[ozone-manager-1.4.0-SNAPSHOT.jar:?]
	at org.apache.hadoop.ozone.om.OzoneManager.getFileStatus(OzoneManager.java:3494) ~[ozone-manager-1.4.0-SNAPSHOT.jar:?]
	at org.apache.hadoop.ozone.protocolPB.OzoneManagerRequestHandler.getOzoneFileStatus(OzoneManagerRequestHandler.java:933) ~[ozone-manager-1.4.0-SNAPSHOT.jar:?]
	at org.apache.hadoop.ozone.protocolPB.OzoneManagerRequestHandler.handleReadRequest(OzoneManagerRequestHandler.java:238) ~[ozone-manager-1.4.0-SNAPSHOT.jar:?]
	at org.apache.hadoop.ozone.protocolPB.OzoneManagerProtocolServerSideTranslatorPB.submitReadRequestToOM(OzoneManagerProtocolServerSideTranslatorPB.java:223) ~[ozone-manager-1.4.0-SNAPSHOT.jar:?]
	at org.apache.hadoop.ozone.protocolPB.OzoneManagerProtocolServerSideTranslatorPB.processRequest(OzoneManagerProtocolServerSideTranslatorPB.java:177) ~[ozone-manager-1.4.0-SNAPSHOT.jar:?]
	at org.apache.hadoop.hdds.server.OzoneProtocolMessageDispatcher.processRequest(OzoneProtocolMessageDispatcher.java:87) [hdds-server-framework-1.4.0-SNAPSHOT.jar:?]
	at org.apache.hadoop.ozone.protocolPB.OzoneManagerProtocolServerSideTranslatorPB.submitRequest(OzoneManagerProtocolServerSideTranslatorPB.java:147) [ozone-manager-1.4.0-SNAPSHOT.jar:?]
	at org.apache.hadoop.ozone.protocol.proto.OzoneManagerProtocolProtos$OzoneManagerService$2.callBlockingMethod(OzoneManagerProtocolProtos.java) [ozone-interface-client-1.4.0-SNAPSHOT.jar:?]
	at org.apache.hadoop.ipc.ProtobufRpcEngine$Server.processCall(ProtobufRpcEngine.java:465) [hadoop-common-3.3.4.jar:?]
	at org.apache.hadoop.ipc.ProtobufRpcEngine2$Server$ProtoBufRpcInvoker.call(ProtobufRpcEngine2.java:578) [hadoop-common-3.3.4.jar:?]
	at org.apache.hadoop.ipc.ProtobufRpcEngine2$Server$ProtoBufRpcInvoker.call(ProtobufRpcEngine2.java:556) [hadoop-common-3.3.4.jar:?]
	at org.apache.hadoop.ipc.RPC$Server.call(RPC.java:1093) [hadoop-common-3.3.4.jar:?]
	at org.apache.hadoop.ipc.Server$RpcCall.run(Server.java:1043) [hadoop-common-3.3.4.jar:?]
	at org.apache.hadoop.ipc.Server$RpcCall.run(Server.java:971) [hadoop-common-3.3.4.jar:?]
	at java.security.AccessController.doPrivileged(Native Method) ~[?:1.8.0_362]
	at javax.security.auth.Subject.doAs(Subject.java:422) [?:1.8.0_362]
	at org.apache.hadoop.security.UserGroupInformation.doAs(UserGroupInformation.java:1878) [hadoop-common-3.3.4.jar:?]
	at org.apache.hadoop.ipc.Server$Handler.run(Server.java:2976) [hadoop-common-3.3.4.jar:?]
20:04:16.357 [IPC Server handler 10 on default port 35091] ERROR OMAudit - user=runner | ip=127.0.0.1 | op=GET_FILE_STATUS {volume=volume04068, bucket=bucket31801, key=level0/level1/level1, dataSize=0, replicationConfig=null} | ret=FAILURE
org.apache.hadoop.ozone.om.exceptions.OMException: Unable to get file status: volume: volume04068 bucket: bucket31801 key: level0/level1/level1
	at org.apache.hadoop.ozone.om.KeyManagerImpl.getOzoneFileStatus(KeyManagerImpl.java:1196) ~[ozone-manager-1.4.0-SNAPSHOT.jar:?]
	at org.apache.hadoop.ozone.om.KeyManagerImpl.getFileStatus(KeyManagerImpl.java:1114) ~[ozone-manager-1.4.0-SNAPSHOT.jar:?]
	at org.apache.hadoop.ozone.om.OmMetadataReader.getFileStatus(OmMetadataReader.java:288) ~[ozone-manager-1.4.0-SNAPSHOT.jar:?]
	at org.apache.hadoop.ozone.om.OzoneManager.getFileStatus(OzoneManager.java:3494) ~[ozone-manager-1.4.0-SNAPSHOT.jar:?]
	at org.apache.hadoop.ozone.protocolPB.OzoneManagerRequestHandler.getOzoneFileStatus(OzoneManagerRequestHandler.java:933) ~[ozone-manager-1.4.0-SNAPSHOT.jar:?]
	at org.apache.hadoop.ozone.protocolPB.OzoneManagerRequestHandler.handleReadRequest(OzoneManagerRequestHandler.java:238) ~[ozone-manager-1.4.0-SNAPSHOT.jar:?]
	at org.apache.hadoop.ozone.protocolPB.OzoneManagerProtocolServerSideTranslatorPB.submitReadRequestToOM(OzoneManagerProtocolServerSideTranslatorPB.java:223) ~[ozone-manager-1.4.0-SNAPSHOT.jar:?]
	at org.apache.hadoop.ozone.protocolPB.OzoneManagerProtocolServerSideTranslatorPB.processRequest(OzoneManagerProtocolServerSideTranslatorPB.java:177) ~[ozone-manager-1.4.0-SNAPSHOT.jar:?]
	at org.apache.hadoop.hdds.server.OzoneProtocolMessageDispatcher.processRequest(OzoneProtocolMessageDispatcher.java:87) [hdds-server-framework-1.4.0-SNAPSHOT.jar:?]
	at org.apache.hadoop.ozone.protocolPB.OzoneManagerProtocolServerSideTranslatorPB.submitRequest(OzoneManagerProtocolServerSideTranslatorPB.java:147) [ozone-manager-1.4.0-SNAPSHOT.jar:?]
	at org.apache.hadoop.ozone.protocol.proto.OzoneManagerProtocolProtos$OzoneManagerService$2.callBlockingMethod(OzoneManagerProtocolProtos.java) [ozone-interface-client-1.4.0-SNAPSHOT.jar:?]
	at org.apache.hadoop.ipc.ProtobufRpcEngine$Server.processCall(ProtobufRpcEngine.java:465) [hadoop-common-3.3.4.jar:?]
	at org.apache.hadoop.ipc.ProtobufRpcEngine2$Server$ProtoBufRpcInvoker.call(ProtobufRpcEngine2.java:578) [hadoop-common-3.3.4.jar:?]
	at org.apache.hadoop.ipc.ProtobufRpcEngine2$Server$ProtoBufRpcInvoker.call(ProtobufRpcEngine2.java:556) [hadoop-common-3.3.4.jar:?]
	at org.apache.hadoop.ipc.RPC$Server.call(RPC.java:1093) [hadoop-common-3.3.4.jar:?]
	at org.apache.hadoop.ipc.Server$RpcCall.run(Server.java:1043) [hadoop-common-3.3.4.jar:?]
	at org.apache.hadoop.ipc.Server$RpcCall.run(Server.java:971) [hadoop-common-3.3.4.jar:?]
	at java.security.AccessController.doPrivileged(Native Method) ~[?:1.8.0_362]
	at javax.security.auth.Subject.doAs(Subject.java:422) [?:1.8.0_362]
	at org.apache.hadoop.security.UserGroupInformation.doAs(UserGroupInformation.java:1878) [hadoop-common-3.3.4.jar:?]
	at org.apache.hadoop.ipc.Server$Handler.run(Server.java:2976) [hadoop-common-3.3.4.jar:?]
20:04:16.360 [IPC Server handler 6 on default port 35091] ERROR OMAudit - user=runner | ip=127.0.0.1 | op=GET_FILE_STATUS {volume=volume04068, bucket=bucket31801, key=level0/level1/file1, dataSize=0, replicationConfig=null} | ret=FAILURE
org.apache.hadoop.ozone.om.exceptions.OMException: Unable to get file status: volume: volume04068 bucket: bucket31801 key: level0/level1/file1
	at org.apache.hadoop.ozone.om.KeyManagerImpl.getOzoneFileStatus(KeyManagerImpl.java:1196) ~[ozone-manager-1.4.0-SNAPSHOT.jar:?]
	at org.apache.hadoop.ozone.om.KeyManagerImpl.getFileStatus(KeyManagerImpl.java:1114) ~[ozone-manager-1.4.0-SNAPSHOT.jar:?]
	at org.apache.hadoop.ozone.om.OmMetadataReader.getFileStatus(OmMetadataReader.java:288) ~[ozone-manager-1.4.0-SNAPSHOT.jar:?]
	at org.apache.hadoop.ozone.om.OzoneManager.getFileStatus(OzoneManager.java:3494) ~[ozone-manager-1.4.0-SNAPSHOT.jar:?]
	at org.apache.hadoop.ozone.protocolPB.OzoneManagerRequestHandler.getOzoneFileStatus(OzoneManagerRequestHandler.java:933) ~[ozone-manager-1.4.0-SNAPSHOT.jar:?]
	at org.apache.hadoop.ozone.protocolPB.OzoneManagerRequestHandler.handleReadRequest(OzoneManagerRequestHandler.java:238) ~[ozone-manager-1.4.0-SNAPSHOT.jar:?]
	at org.apache.hadoop.ozone.protocolPB.OzoneManagerProtocolServerSideTranslatorPB.submitReadRequestToOM(OzoneManagerProtocolServerSideTranslatorPB.java:223) ~[ozone-manager-1.4.0-SNAPSHOT.jar:?]
	at org.apache.hadoop.ozone.protocolPB.OzoneManagerProtocolServerSideTranslatorPB.processRequest(OzoneManagerProtocolServerSideTranslatorPB.java:177) ~[ozone-manager-1.4.0-SNAPSHOT.jar:?]
	at org.apache.hadoop.hdds.server.OzoneProtocolMessageDispatcher.processRequest(OzoneProtocolMessageDispatcher.java:87) [hdds-server-framework-1.4.0-SNAPSHOT.jar:?]
	at org.apache.hadoop.ozone.protocolPB.OzoneManagerProtocolServerSideTranslatorPB.submitRequest(OzoneManagerProtocolServerSideTranslatorPB.java:147) [ozone-manager-1.4.0-SNAPSHOT.jar:?]
	at org.apache.hadoop.ozone.protocol.proto.OzoneManagerProtocolProtos$OzoneManagerService$2.callBlockingMethod(OzoneManagerProtocolProtos.java) [ozone-interface-client-1.4.0-SNAPSHOT.jar:?]
	at org.apache.hadoop.ipc.ProtobufRpcEngine$Server.processCall(ProtobufRpcEngine.java:465) [hadoop-common-3.3.4.jar:?]
	at org.apache.hadoop.ipc.ProtobufRpcEngine2$Server$ProtoBufRpcInvoker.call(ProtobufRpcEngine2.java:578) [hadoop-common-3.3.4.jar:?]
	at org.apache.hadoop.ipc.ProtobufRpcEngine2$Server$ProtoBufRpcInvoker.call(ProtobufRpcEngine2.java:556) [hadoop-common-3.3.4.jar:?]
	at org.apache.hadoop.ipc.RPC$Server.call(RPC.java:1093) [hadoop-common-3.3.4.jar:?]
	at org.apache.hadoop.ipc.Server$RpcCall.run(Server.java:1043) [hadoop-common-3.3.4.jar:?]
	at org.apache.hadoop.ipc.Server$RpcCall.run(Server.java:971) [hadoop-common-3.3.4.jar:?]
	at java.security.AccessController.doPrivileged(Native Method) ~[?:1.8.0_362]
	at javax.security.auth.Subject.doAs(Subject.java:422) [?:1.8.0_362]
	at org.apache.hadoop.security.UserGroupInformation.doAs(UserGroupInformation.java:1878) [hadoop-common-3.3.4.jar:?]
	at org.apache.hadoop.ipc.Server$Handler.run(Server.java:2976) [hadoop-common-3.3.4.jar:?]
20:04:16.363 [IPC Server handler 12 on default port 35091] ERROR OMAudit - user=runner | ip=127.0.0.1 | op=GET_FILE_STATUS {volume=volume04068, bucket=bucket31801, key=level0/level1/level1/file1, dataSize=0, replicationConfig=null} | ret=FAILURE
org.apache.hadoop.ozone.om.exceptions.OMException: Unable to get file status: volume: volume04068 bucket: bucket31801 key: level0/level1/level1/file1
	at org.apache.hadoop.ozone.om.KeyManagerImpl.getOzoneFileStatus(KeyManagerImpl.java:1196) ~[ozone-manager-1.4.0-SNAPSHOT.jar:?]
	at org.apache.hadoop.ozone.om.KeyManagerImpl.getFileStatus(KeyManagerImpl.java:1114) ~[ozone-manager-1.4.0-SNAPSHOT.jar:?]
	at org.apache.hadoop.ozone.om.OmMetadataReader.getFileStatus(OmMetadataReader.java:288) ~[ozone-manager-1.4.0-SNAPSHOT.jar:?]
	at org.apache.hadoop.ozone.om.OzoneManager.getFileStatus(OzoneManager.java:3494) ~[ozone-manager-1.4.0-SNAPSHOT.jar:?]
	at org.apache.hadoop.ozone.protocolPB.OzoneManagerRequestHandler.getOzoneFileStatus(OzoneManagerRequestHandler.java:933) ~[ozone-manager-1.4.0-SNAPSHOT.jar:?]
	at org.apache.hadoop.ozone.protocolPB.OzoneManagerRequestHandler.handleReadRequest(OzoneManagerRequestHandler.java:238) ~[ozone-manager-1.4.0-SNAPSHOT.jar:?]
	at org.apache.hadoop.ozone.protocolPB.OzoneManagerProtocolServerSideTranslatorPB.submitReadRequestToOM(OzoneManagerProtocolServerSideTranslatorPB.java:223) ~[ozone-manager-1.4.0-SNAPSHOT.jar:?]
	at org.apache.hadoop.ozone.protocolPB.OzoneManagerProtocolServerSideTranslatorPB.processRequest(OzoneManagerProtocolServerSideTranslatorPB.java:177) ~[ozone-manager-1.4.0-SNAPSHOT.jar:?]
	at org.apache.hadoop.hdds.server.OzoneProtocolMessageDispatcher.processRequest(OzoneProtocolMessageDispatcher.java:87) [hdds-server-framework-1.4.0-SNAPSHOT.jar:?]
	at org.apache.hadoop.ozone.protocolPB.OzoneManagerProtocolServerSideTranslatorPB.submitRequest(OzoneManagerProtocolServerSideTranslatorPB.java:147) [ozone-manager-1.4.0-SNAPSHOT.jar:?]
	at org.apache.hadoop.ozone.protocol.proto.OzoneManagerProtocolProtos$OzoneManagerService$2.callBlockingMethod(OzoneManagerProtocolProtos.java) [ozone-interface-client-1.4.0-SNAPSHOT.jar:?]
	at org.apache.hadoop.ipc.ProtobufRpcEngine$Server.processCall(ProtobufRpcEngine.java:465) [hadoop-common-3.3.4.jar:?]
	at org.apache.hadoop.ipc.ProtobufRpcEngine2$Server$ProtoBufRpcInvoker.call(ProtobufRpcEngine2.java:578) [hadoop-common-3.3.4.jar:?]
	at org.apache.hadoop.ipc.ProtobufRpcEngine2$Server$ProtoBufRpcInvoker.call(ProtobufRpcEngine2.java:556) [hadoop-common-3.3.4.jar:?]
	at org.apache.hadoop.ipc.RPC$Server.call(RPC.java:1093) [hadoop-common-3.3.4.jar:?]
	at org.apache.hadoop.ipc.Server$RpcCall.run(Server.java:1043) [hadoop-common-3.3.4.jar:?]
	at org.apache.hadoop.ipc.Server$RpcCall.run(Server.java:971) [hadoop-common-3.3.4.jar:?]
	at java.security.AccessController.doPrivileged(Native Method) ~[?:1.8.0_362]
	at javax.security.auth.Subject.doAs(Subject.java:422) [?:1.8.0_362]
	at org.apache.hadoop.security.UserGroupInformation.doAs(UserGroupInformation.java:1878) [hadoop-common-3.3.4.jar:?]
	at org.apache.hadoop.ipc.Server$Handler.run(Server.java:2976) [hadoop-common-3.3.4.jar:?]
20:04:16.365 [IPC Server handler 5 on default port 35091] ERROR OMAudit - user=runner | ip=127.0.0.1 | op=GET_FILE_STATUS {volume=volume04068, bucket=bucket31801, key=level0/level2, dataSize=0, replicationConfig=null} | ret=FAILURE
org.apache.hadoop.ozone.om.exceptions.OMException: Unable to get file status: volume: volume04068 bucket: bucket31801 key: level0/level2
	at org.apache.hadoop.ozone.om.KeyManagerImpl.getOzoneFileStatus(KeyManagerImpl.java:1196) ~[ozone-manager-1.4.0-SNAPSHOT.jar:?]
	at org.apache.hadoop.ozone.om.KeyManagerImpl.getFileStatus(KeyManagerImpl.java:1114) ~[ozone-manager-1.4.0-SNAPSHOT.jar:?]
	at org.apache.hadoop.ozone.om.OmMetadataReader.getFileStatus(OmMetadataReader.java:288) ~[ozone-manager-1.4.0-SNAPSHOT.jar:?]
	at org.apache.hadoop.ozone.om.OzoneManager.getFileStatus(OzoneManager.java:3494) ~[ozone-manager-1.4.0-SNAPSHOT.jar:?]
	at org.apache.hadoop.ozone.protocolPB.OzoneManagerRequestHandler.getOzoneFileStatus(OzoneManagerRequestHandler.java:933) ~[ozone-manager-1.4.0-SNAPSHOT.jar:?]
	at org.apache.hadoop.ozone.protocolPB.OzoneManagerRequestHandler.handleReadRequest(OzoneManagerRequestHandler.java:238) ~[ozone-manager-1.4.0-SNAPSHOT.jar:?]
	at org.apache.hadoop.ozone.protocolPB.OzoneManagerProtocolServerSideTranslatorPB.submitReadRequestToOM(OzoneManagerProtocolServerSideTranslatorPB.java:223) ~[ozone-manager-1.4.0-SNAPSHOT.jar:?]
	at org.apache.hadoop.ozone.protocolPB.OzoneManagerProtocolServerSideTranslatorPB.processRequest(OzoneManagerProtocolServerSideTranslatorPB.java:177) ~[ozone-manager-1.4.0-SNAPSHOT.jar:?]
	at org.apache.hadoop.hdds.server.OzoneProtocolMessageDispatcher.processRequest(OzoneProtocolMessageDispatcher.java:87) [hdds-server-framework-1.4.0-SNAPSHOT.jar:?]
	at org.apache.hadoop.ozone.protocolPB.OzoneManagerProtocolServerSideTranslatorPB.submitRequest(OzoneManagerProtocolServerSideTranslatorPB.java:147) [ozone-manager-1.4.0-SNAPSHOT.jar:?]
	at org.apache.hadoop.ozone.protocol.proto.OzoneManagerProtocolProtos$OzoneManagerService$2.callBlockingMethod(OzoneManagerProtocolProtos.java) [ozone-interface-client-1.4.0-SNAPSHOT.jar:?]
	at org.apache.hadoop.ipc.ProtobufRpcEngine$Server.processCall(ProtobufRpcEngine.java:465) [hadoop-common-3.3.4.jar:?]
	at org.apache.hadoop.ipc.ProtobufRpcEngine2$Server$ProtoBufRpcInvoker.call(ProtobufRpcEngine2.java:578) [hadoop-common-3.3.4.jar:?]
	at org.apache.hadoop.ipc.ProtobufRpcEngine2$Server$ProtoBufRpcInvoker.call(ProtobufRpcEngine2.java:556) [hadoop-common-3.3.4.jar:?]
	at org.apache.hadoop.ipc.RPC$Server.call(RPC.java:1093) [hadoop-common-3.3.4.jar:?]
	at org.apache.hadoop.ipc.Server$RpcCall.run(Server.java:1043) [hadoop-common-3.3.4.jar:?]
	at org.apache.hadoop.ipc.Server$RpcCall.run(Server.java:971) [hadoop-common-3.3.4.jar:?]
	at java.security.AccessController.doPrivileged(Native Method) ~[?:1.8.0_362]
	at javax.security.auth.Subject.doAs(Subject.java:422) [?:1.8.0_362]
	at org.apache.hadoop.security.UserGroupInformation.doAs(UserGroupInformation.java:1878) [hadoop-common-3.3.4.jar:?]
	at org.apache.hadoop.ipc.Server$Handler.run(Server.java:2976) [hadoop-common-3.3.4.jar:?]
20:04:16.367 [IPC Server handler 14 on default port 35091] ERROR OMAudit - user=runner | ip=127.0.0.1 | op=GET_FILE_STATUS {volume=volume04068, bucket=bucket31801, key=level0/level2/level2, dataSize=0, replicationConfig=null} | ret=FAILURE
org.apache.hadoop.ozone.om.exceptions.OMException: Unable to get file status: volume: volume04068 bucket: bucket31801 key: level0/level2/level2
	at org.apache.hadoop.ozone.om.KeyManagerImpl.getOzoneFileStatus(KeyManagerImpl.java:1196) ~[ozone-manager-1.4.0-SNAPSHOT.jar:?]
	at org.apache.hadoop.ozone.om.KeyManagerImpl.getFileStatus(KeyManagerImpl.java:1114) ~[ozone-manager-1.4.0-SNAPSHOT.jar:?]
	at org.apache.hadoop.ozone.om.OmMetadataReader.getFileStatus(OmMetadataReader.java:288) ~[ozone-manager-1.4.0-SNAPSHOT.jar:?]
	at org.apache.hadoop.ozone.om.OzoneManager.getFileStatus(OzoneManager.java:3494) ~[ozone-manager-1.4.0-SNAPSHOT.jar:?]
	at org.apache.hadoop.ozone.protocolPB.OzoneManagerRequestHandler.getOzoneFileStatus(OzoneManagerRequestHandler.java:933) ~[ozone-manager-1.4.0-SNAPSHOT.jar:?]
	at org.apache.hadoop.ozone.protocolPB.OzoneManagerRequestHandler.handleReadRequest(OzoneManagerRequestHandler.java:238) ~[ozone-manager-1.4.0-SNAPSHOT.jar:?]
	at org.apache.hadoop.ozone.protocolPB.OzoneManagerProtocolServerSideTranslatorPB.submitReadRequestToOM(OzoneManagerProtocolServerSideTranslatorPB.java:223) ~[ozone-manager-1.4.0-SNAPSHOT.jar:?]
	at org.apache.hadoop.ozone.protocolPB.OzoneManagerProtocolServerSideTranslatorPB.processRequest(OzoneManagerProtocolServerSideTranslatorPB.java:177) ~[ozone-manager-1.4.0-SNAPSHOT.jar:?]
	at org.apache.hadoop.hdds.server.OzoneProtocolMessageDispatcher.processRequest(OzoneProtocolMessageDispatcher.java:87) [hdds-server-framework-1.4.0-SNAPSHOT.jar:?]
	at org.apache.hadoop.ozone.protocolPB.OzoneManagerProtocolServerSideTranslatorPB.submitRequest(OzoneManagerProtocolServerSideTranslatorPB.java:147) [ozone-manager-1.4.0-SNAPSHOT.jar:?]
	at org.apache.hadoop.ozone.protocol.proto.OzoneManagerProtocolProtos$OzoneManagerService$2.callBlockingMethod(OzoneManagerProtocolProtos.java) [ozone-interface-client-1.4.0-SNAPSHOT.jar:?]
	at org.apache.hadoop.ipc.ProtobufRpcEngine$Server.processCall(ProtobufRpcEngine.java:465) [hadoop-common-3.3.4.jar:?]
	at org.apache.hadoop.ipc.ProtobufRpcEngine2$Server$ProtoBufRpcInvoker.call(ProtobufRpcEngine2.java:578) [hadoop-common-3.3.4.jar:?]
	at org.apache.hadoop.ipc.ProtobufRpcEngine2$Server$ProtoBufRpcInvoker.call(ProtobufRpcEngine2.java:556) [hadoop-common-3.3.4.jar:?]
	at org.apache.hadoop.ipc.RPC$Server.call(RPC.java:1093) [hadoop-common-3.3.4.jar:?]
	at org.apache.hadoop.ipc.Server$RpcCall.run(Server.java:1043) [hadoop-common-3.3.4.jar:?]
	at org.apache.hadoop.ipc.Server$RpcCall.run(Server.java:971) [hadoop-common-3.3.4.jar:?]
	at java.security.AccessController.doPrivileged(Native Method) ~[?:1.8.0_362]
	at javax.security.auth.Subject.doAs(Subject.java:422) [?:1.8.0_362]
	at org.apache.hadoop.security.UserGroupInformation.doAs(UserGroupInformation.java:1878) [hadoop-common-3.3.4.jar:?]
	at org.apache.hadoop.ipc.Server$Handler.run(Server.java:2976) [hadoop-common-3.3.4.jar:?]
20:04:16.371 [IPC Server handler 3 on default port 35091] ERROR OMAudit - user=runner | ip=127.0.0.1 | op=GET_FILE_STATUS {volume=volume04068, bucket=bucket31801, key=level0/level2/file1, dataSize=0, replicationConfig=null} | ret=FAILURE
org.apache.hadoop.ozone.om.exceptions.OMException: Unable to get file status: volume: volume04068 bucket: bucket31801 key: level0/level2/file1
	at org.apache.hadoop.ozone.om.KeyManagerImpl.getOzoneFileStatus(KeyManagerImpl.java:1196) ~[ozone-manager-1.4.0-SNAPSHOT.jar:?]
	at org.apache.hadoop.ozone.om.KeyManagerImpl.getFileStatus(KeyManagerImpl.java:1114) ~[ozone-manager-1.4.0-SNAPSHOT.jar:?]
	at org.apache.hadoop.ozone.om.OmMetadataReader.getFileStatus(OmMetadataReader.java:288) ~[ozone-manager-1.4.0-SNAPSHOT.jar:?]
	at org.apache.hadoop.ozone.om.OzoneManager.getFileStatus(OzoneManager.java:3494) ~[ozone-manager-1.4.0-SNAPSHOT.jar:?]
	at org.apache.hadoop.ozone.protocolPB.OzoneManagerRequestHandler.getOzoneFileStatus(OzoneManagerRequestHandler.java:933) ~[ozone-manager-1.4.0-SNAPSHOT.jar:?]
	at org.apache.hadoop.ozone.protocolPB.OzoneManagerRequestHandler.handleReadRequest(OzoneManagerRequestHandler.java:238) ~[ozone-manager-1.4.0-SNAPSHOT.jar:?]
	at org.apache.hadoop.ozone.protocolPB.OzoneManagerProtocolServerSideTranslatorPB.submitReadRequestToOM(OzoneManagerProtocolServerSideTranslatorPB.java:223) ~[ozone-manager-1.4.0-SNAPSHOT.jar:?]
	at org.apache.hadoop.ozone.protocolPB.OzoneManagerProtocolServerSideTranslatorPB.processRequest(OzoneManagerProtocolServerSideTranslatorPB.java:177) ~[ozone-manager-1.4.0-SNAPSHOT.jar:?]
	at org.apache.hadoop.hdds.server.OzoneProtocolMessageDispatcher.processRequest(OzoneProtocolMessageDispatcher.java:87) [hdds-server-framework-1.4.0-SNAPSHOT.jar:?]
	at org.apache.hadoop.ozone.protocolPB.OzoneManagerProtocolServerSideTranslatorPB.submitRequest(OzoneManagerProtocolServerSideTranslatorPB.java:147) [ozone-manager-1.4.0-SNAPSHOT.jar:?]
	at org.apache.hadoop.ozone.protocol.proto.OzoneManagerProtocolProtos$OzoneManagerService$2.callBlockingMethod(OzoneManagerProtocolProtos.java) [ozone-interface-client-1.4.0-SNAPSHOT.jar:?]
	at org.apache.hadoop.ipc.ProtobufRpcEngine$Server.processCall(ProtobufRpcEngine.java:465) [hadoop-common-3.3.4.jar:?]
	at org.apache.hadoop.ipc.ProtobufRpcEngine2$Server$ProtoBufRpcInvoker.call(ProtobufRpcEngine2.java:578) [hadoop-common-3.3.4.jar:?]
	at org.apache.hadoop.ipc.ProtobufRpcEngine2$Server$ProtoBufRpcInvoker.call(ProtobufRpcEngine2.java:556) [hadoop-common-3.3.4.jar:?]
	at org.apache.hadoop.ipc.RPC$Server.call(RPC.java:1093) [hadoop-common-3.3.4.jar:?]
	at org.apache.hadoop.ipc.Server$RpcCall.run(Server.java:1043) [hadoop-common-3.3.4.jar:?]
	at org.apache.hadoop.ipc.Server$RpcCall.run(Server.java:971) [hadoop-common-3.3.4.jar:?]
	at java.security.AccessController.doPrivileged(Native Method) ~[?:1.8.0_362]
	at javax.security.auth.Subject.doAs(Subject.java:422) [?:1.8.0_362]
	at org.apache.hadoop.security.UserGroupInformation.doAs(UserGroupInformation.java:1878) [hadoop-common-3.3.4.jar:?]
	at org.apache.hadoop.ipc.Server$Handler.run(Server.java:2976) [hadoop-common-3.3.4.jar:?]
20:04:16.377 [IPC Server handler 13 on default port 35091] ERROR OMAudit - user=runner | ip=127.0.0.1 | op=GET_FILE_STATUS {volume=volume04068, bucket=bucket31801, key=level0/level2/level2/file1, dataSize=0, replicationConfig=null} | ret=FAILURE
org.apache.hadoop.ozone.om.exceptions.OMException: Unable to get file status: volume: volume04068 bucket: bucket31801 key: level0/level2/level2/file1
	at org.apache.hadoop.ozone.om.KeyManagerImpl.getOzoneFileStatus(KeyManagerImpl.java:1196) ~[ozone-manager-1.4.0-SNAPSHOT.jar:?]
	at org.apache.hadoop.ozone.om.KeyManagerImpl.getFileStatus(KeyManagerImpl.java:1114) ~[ozone-manager-1.4.0-SNAPSHOT.jar:?]
	at org.apache.hadoop.ozone.om.OmMetadataReader.getFileStatus(OmMetadataReader.java:288) ~[ozone-manager-1.4.0-SNAPSHOT.jar:?]
	at org.apache.hadoop.ozone.om.OzoneManager.getFileStatus(OzoneManager.java:3494) ~[ozone-manager-1.4.0-SNAPSHOT.jar:?]
	at org.apache.hadoop.ozone.protocolPB.OzoneManagerRequestHandler.getOzoneFileStatus(OzoneManagerRequestHandler.java:933) ~[ozone-manager-1.4.0-SNAPSHOT.jar:?]
	at org.apache.hadoop.ozone.protocolPB.OzoneManagerRequestHandler.handleReadRequest(OzoneManagerRequestHandler.java:238) ~[ozone-manager-1.4.0-SNAPSHOT.jar:?]
	at org.apache.hadoop.ozone.protocolPB.OzoneManagerProtocolServerSideTranslatorPB.submitReadRequestToOM(OzoneManagerProtocolServerSideTranslatorPB.java:223) ~[ozone-manager-1.4.0-SNAPSHOT.jar:?]
	at org.apache.hadoop.ozone.protocolPB.OzoneManagerProtocolServerSideTranslatorPB.processRequest(OzoneManagerProtocolServerSideTranslatorPB.java:177) ~[ozone-manager-1.4.0-SNAPSHOT.jar:?]
	at org.apache.hadoop.hdds.server.OzoneProtocolMessageDispatcher.processRequest(OzoneProtocolMessageDispatcher.java:87) [hdds-server-framework-1.4.0-SNAPSHOT.jar:?]
	at org.apache.hadoop.ozone.protocolPB.OzoneManagerProtocolServerSideTranslatorPB.submitRequest(OzoneManagerProtocolServerSideTranslatorPB.java:147) [ozone-manager-1.4.0-SNAPSHOT.jar:?]
	at org.apache.hadoop.ozone.protocol.proto.OzoneManagerProtocolProtos$OzoneManagerService$2.callBlockingMethod(OzoneManagerProtocolProtos.java) [ozone-interface-client-1.4.0-SNAPSHOT.jar:?]
	at org.apache.hadoop.ipc.ProtobufRpcEngine$Server.processCall(ProtobufRpcEngine.java:465) [hadoop-common-3.3.4.jar:?]
	at org.apache.hadoop.ipc.ProtobufRpcEngine2$Server$ProtoBufRpcInvoker.call(ProtobufRpcEngine2.java:578) [hadoop-common-3.3.4.jar:?]
	at org.apache.hadoop.ipc.ProtobufRpcEngine2$Server$ProtoBufRpcInvoker.call(ProtobufRpcEngine2.java:556) [hadoop-common-3.3.4.jar:?]
	at org.apache.hadoop.ipc.RPC$Server.call(RPC.java:1093) [hadoop-common-3.3.4.jar:?]
	at org.apache.hadoop.ipc.Server$RpcCall.run(Server.java:1043) [hadoop-common-3.3.4.jar:?]
	at org.apache.hadoop.ipc.Server$RpcCall.run(Server.java:971) [hadoop-common-3.3.4.jar:?]
	at java.security.AccessController.doPrivileged(Native Method) ~[?:1.8.0_362]
	at javax.security.auth.Subject.doAs(Subject.java:422) [?:1.8.0_362]
	at org.apache.hadoop.security.UserGroupInformation.doAs(UserGroupInformation.java:1878) [hadoop-common-3.3.4.jar:?]
	at org.apache.hadoop.ipc.Server$Handler.run(Server.java:2976) [hadoop-common-3.3.4.jar:?]
20:04:16.379 [IPC Server handler 9 on default port 35091] ERROR OMAudit - user=runner | ip=127.0.0.1 | op=GET_FILE_STATUS {volume=volume04068, bucket=bucket31801, key=level0/level3, dataSize=0, replicationConfig=null} | ret=FAILURE
org.apache.hadoop.ozone.om.exceptions.OMException: Unable to get file status: volume: volume04068 bucket: bucket31801 key: level0/level3
	at org.apache.hadoop.ozone.om.KeyManagerImpl.getOzoneFileStatus(KeyManagerImpl.java:1196) ~[ozone-manager-1.4.0-SNAPSHOT.jar:?]
	at org.apache.hadoop.ozone.om.KeyManagerImpl.getFileStatus(KeyManagerImpl.java:1114) ~[ozone-manager-1.4.0-SNAPSHOT.jar:?]
	at org.apache.hadoop.ozone.om.OmMetadataReader.getFileStatus(OmMetadataReader.java:288) ~[ozone-manager-1.4.0-SNAPSHOT.jar:?]
	at org.apache.hadoop.ozone.om.OzoneManager.getFileStatus(OzoneManager.java:3494) ~[ozone-manager-1.4.0-SNAPSHOT.jar:?]
	at org.apache.hadoop.ozone.protocolPB.OzoneManagerRequestHandler.getOzoneFileStatus(OzoneManagerRequestHandler.java:933) ~[ozone-manager-1.4.0-SNAPSHOT.jar:?]
	at org.apache.hadoop.ozone.protocolPB.OzoneManagerRequestHandler.handleReadRequest(OzoneManagerRequestHandler.java:238) ~[ozone-manager-1.4.0-SNAPSHOT.jar:?]
	at org.apache.hadoop.ozone.protocolPB.OzoneManagerProtocolServerSideTranslatorPB.submitReadRequestToOM(OzoneManagerProtocolServerSideTranslatorPB.java:223) ~[ozone-manager-1.4.0-SNAPSHOT.jar:?]
	at org.apache.hadoop.ozone.protocolPB.OzoneManagerProtocolServerSideTranslatorPB.processRequest(OzoneManagerProtocolServerSideTranslatorPB.java:177) ~[ozone-manager-1.4.0-SNAPSHOT.jar:?]
	at org.apache.hadoop.hdds.server.OzoneProtocolMessageDispatcher.processRequest(OzoneProtocolMessageDispatcher.java:87) [hdds-server-framework-1.4.0-SNAPSHOT.jar:?]
	at org.apache.hadoop.ozone.protocolPB.OzoneManagerProtocolServerSideTranslatorPB.submitRequest(OzoneManagerProtocolServerSideTranslatorPB.java:147) [ozone-manager-1.4.0-SNAPSHOT.jar:?]
	at org.apache.hadoop.ozone.protocol.proto.OzoneManagerProtocolProtos$OzoneManagerService$2.callBlockingMethod(OzoneManagerProtocolProtos.java) [ozone-interface-client-1.4.0-SNAPSHOT.jar:?]
	at org.apache.hadoop.ipc.ProtobufRpcEngine$Server.processCall(ProtobufRpcEngine.java:465) [hadoop-common-3.3.4.jar:?]
	at org.apache.hadoop.ipc.ProtobufRpcEngine2$Server$ProtoBufRpcInvoker.call(ProtobufRpcEngine2.java:578) [hadoop-common-3.3.4.jar:?]
	at org.apache.hadoop.ipc.ProtobufRpcEngine2$Server$ProtoBufRpcInvoker.call(ProtobufRpcEngine2.java:556) [hadoop-common-3.3.4.jar:?]
	at org.apache.hadoop.ipc.RPC$Server.call(RPC.java:1093) [hadoop-common-3.3.4.jar:?]
	at org.apache.hadoop.ipc.Server$RpcCall.run(Server.java:1043) [hadoop-common-3.3.4.jar:?]
	at org.apache.hadoop.ipc.Server$RpcCall.run(Server.java:971) [hadoop-common-3.3.4.jar:?]
	at java.security.AccessController.doPrivileged(Native Method) ~[?:1.8.0_362]
	at javax.security.auth.Subject.doAs(Subject.java:422) [?:1.8.0_362]
	at org.apache.hadoop.security.UserGroupInformation.doAs(UserGroupInformation.java:1878) [hadoop-common-3.3.4.jar:?]
	at org.apache.hadoop.ipc.Server$Handler.run(Server.java:2976) [hadoop-common-3.3.4.jar:?]
20:04:16.381 [IPC Server handler 8 on default port 35091] ERROR OMAudit - user=runner | ip=127.0.0.1 | op=GET_FILE_STATUS {volume=volume04068, bucket=bucket31801, key=level0/level3/level3, dataSize=0, replicationConfig=null} | ret=FAILURE
org.apache.hadoop.ozone.om.exceptions.OMException: Unable to get file status: volume: volume04068 bucket: bucket31801 key: level0/level3/level3
	at org.apache.hadoop.ozone.om.KeyManagerImpl.getOzoneFileStatus(KeyManagerImpl.java:1196) ~[ozone-manager-1.4.0-SNAPSHOT.jar:?]
	at org.apache.hadoop.ozone.om.KeyManagerImpl.getFileStatus(KeyManagerImpl.java:1114) ~[ozone-manager-1.4.0-SNAPSHOT.jar:?]
	at org.apache.hadoop.ozone.om.OmMetadataReader.getFileStatus(OmMetadataReader.java:288) ~[ozone-manager-1.4.0-SNAPSHOT.jar:?]
	at org.apache.hadoop.ozone.om.OzoneManager.getFileStatus(OzoneManager.java:3494) ~[ozone-manager-1.4.0-SNAPSHOT.jar:?]
	at org.apache.hadoop.ozone.protocolPB.OzoneManagerRequestHandler.getOzoneFileStatus(OzoneManagerRequestHandler.java:933) ~[ozone-manager-1.4.0-SNAPSHOT.jar:?]
	at org.apache.hadoop.ozone.protocolPB.OzoneManagerRequestHandler.handleReadRequest(OzoneManagerRequestHandler.java:238) ~[ozone-manager-1.4.0-SNAPSHOT.jar:?]
	at org.apache.hadoop.ozone.protocolPB.OzoneManagerProtocolServerSideTranslatorPB.submitReadRequestToOM(OzoneManagerProtocolServerSideTranslatorPB.java:223) ~[ozone-manager-1.4.0-SNAPSHOT.jar:?]
	at org.apache.hadoop.ozone.protocolPB.OzoneManagerProtocolServerSideTranslatorPB.processRequest(OzoneManagerProtocolServerSideTranslatorPB.java:177) ~[ozone-manager-1.4.0-SNAPSHOT.jar:?]
	at org.apache.hadoop.hdds.server.OzoneProtocolMessageDispatcher.processRequest(OzoneProtocolMessageDispatcher.java:87) [hdds-server-framework-1.4.0-SNAPSHOT.jar:?]
	at org.apache.hadoop.ozone.protocolPB.OzoneManagerProtocolServerSideTranslatorPB.submitRequest(OzoneManagerProtocolServerSideTranslatorPB.java:147) [ozone-manager-1.4.0-SNAPSHOT.jar:?]
	at org.apache.hadoop.ozone.protocol.proto.OzoneManagerProtocolProtos$OzoneManagerService$2.callBlockingMethod(OzoneManagerProtocolProtos.java) [ozone-interface-client-1.4.0-SNAPSHOT.jar:?]
	at org.apache.hadoop.ipc.ProtobufRpcEngine$Server.processCall(ProtobufRpcEngine.java:465) [hadoop-common-3.3.4.jar:?]
	at org.apache.hadoop.ipc.ProtobufRpcEngine2$Server$ProtoBufRpcInvoker.call(ProtobufRpcEngine2.java:578) [hadoop-common-3.3.4.jar:?]
	at org.apache.hadoop.ipc.ProtobufRpcEngine2$Server$ProtoBufRpcInvoker.call(ProtobufRpcEngine2.java:556) [hadoop-common-3.3.4.jar:?]
	at org.apache.hadoop.ipc.RPC$Server.call(RPC.java:1093) [hadoop-common-3.3.4.jar:?]
	at org.apache.hadoop.ipc.Server$RpcCall.run(Server.java:1043) [hadoop-common-3.3.4.jar:?]
	at org.apache.hadoop.ipc.Server$RpcCall.run(Server.java:971) [hadoop-common-3.3.4.jar:?]
	at java.security.AccessController.doPrivileged(Native Method) ~[?:1.8.0_362]
	at javax.security.auth.Subject.doAs(Subject.java:422) [?:1.8.0_362]
	at org.apache.hadoop.security.UserGroupInformation.doAs(UserGroupInformation.java:1878) [hadoop-common-3.3.4.jar:?]
	at org.apache.hadoop.ipc.Server$Handler.run(Server.java:2976) [hadoop-common-3.3.4.jar:?]
20:04:16.385 [IPC Server handler 17 on default port 35091] ERROR OMAudit - user=runner | ip=127.0.0.1 | op=GET_FILE_STATUS {volume=volume04068, bucket=bucket31801, key=level0/level3/file1, dataSize=0, replicationConfig=null} | ret=FAILURE
org.apache.hadoop.ozone.om.exceptions.OMException: Unable to get file status: volume: volume04068 bucket: bucket31801 key: level0/level3/file1
	at org.apache.hadoop.ozone.om.KeyManagerImpl.getOzoneFileStatus(KeyManagerImpl.java:1196) ~[ozone-manager-1.4.0-SNAPSHOT.jar:?]
	at org.apache.hadoop.ozone.om.KeyManagerImpl.getFileStatus(KeyManagerImpl.java:1114) ~[ozone-manager-1.4.0-SNAPSHOT.jar:?]
	at org.apache.hadoop.ozone.om.OmMetadataReader.getFileStatus(OmMetadataReader.java:288) ~[ozone-manager-1.4.0-SNAPSHOT.jar:?]
	at org.apache.hadoop.ozone.om.OzoneManager.getFileStatus(OzoneManager.java:3494) ~[ozone-manager-1.4.0-SNAPSHOT.jar:?]
	at org.apache.hadoop.ozone.protocolPB.OzoneManagerRequestHandler.getOzoneFileStatus(OzoneManagerRequestHandler.java:933) ~[ozone-manager-1.4.0-SNAPSHOT.jar:?]
	at org.apache.hadoop.ozone.protocolPB.OzoneManagerRequestHandler.handleReadRequest(OzoneManagerRequestHandler.java:238) ~[ozone-manager-1.4.0-SNAPSHOT.jar:?]
	at org.apache.hadoop.ozone.protocolPB.OzoneManagerProtocolServerSideTranslatorPB.submitReadRequestToOM(OzoneManagerProtocolServerSideTranslatorPB.java:223) ~[ozone-manager-1.4.0-SNAPSHOT.jar:?]
	at org.apache.hadoop.ozone.protocolPB.OzoneManagerProtocolServerSideTranslatorPB.processRequest(OzoneManagerProtocolServerSideTranslatorPB.java:177) ~[ozone-manager-1.4.0-SNAPSHOT.jar:?]
	at org.apache.hadoop.hdds.server.OzoneProtocolMessageDispatcher.processRequest(OzoneProtocolMessageDispatcher.java:87) [hdds-server-framework-1.4.0-SNAPSHOT.jar:?]
	at org.apache.hadoop.ozone.protocolPB.OzoneManagerProtocolServerSideTranslatorPB.submitRequest(OzoneManagerProtocolServerSideTranslatorPB.java:147) [ozone-manager-1.4.0-SNAPSHOT.jar:?]
	at org.apache.hadoop.ozone.protocol.proto.OzoneManagerProtocolProtos$OzoneManagerService$2.callBlockingMethod(OzoneManagerProtocolProtos.java) [ozone-interface-client-1.4.0-SNAPSHOT.jar:?]
	at org.apache.hadoop.ipc.ProtobufRpcEngine$Server.processCall(ProtobufRpcEngine.java:465) [hadoop-common-3.3.4.jar:?]
	at org.apache.hadoop.ipc.ProtobufRpcEngine2$Server$ProtoBufRpcInvoker.call(ProtobufRpcEngine2.java:578) [hadoop-common-3.3.4.jar:?]
	at org.apache.hadoop.ipc.ProtobufRpcEngine2$Server$ProtoBufRpcInvoker.call(ProtobufRpcEngine2.java:556) [hadoop-common-3.3.4.jar:?]
	at org.apache.hadoop.ipc.RPC$Server.call(RPC.java:1093) [hadoop-common-3.3.4.jar:?]
	at org.apache.hadoop.ipc.Server$RpcCall.run(Server.java:1043) [hadoop-common-3.3.4.jar:?]
	at org.apache.hadoop.ipc.Server$RpcCall.run(Server.java:971) [hadoop-common-3.3.4.jar:?]
	at java.security.AccessController.doPrivileged(Native Method) ~[?:1.8.0_362]
	at javax.security.auth.Subject.doAs(Subject.java:422) [?:1.8.0_362]
	at org.apache.hadoop.security.UserGroupInformation.doAs(UserGroupInformation.java:1878) [hadoop-common-3.3.4.jar:?]
	at org.apache.hadoop.ipc.Server$Handler.run(Server.java:2976) [hadoop-common-3.3.4.jar:?]
20:04:16.387 [IPC Server handler 7 on default port 35091] ERROR OMAudit - user=runner | ip=127.0.0.1 | op=GET_FILE_STATUS {volume=volume04068, bucket=bucket31801, key=level0/level3/level3/file1, dataSize=0, replicationConfig=null} | ret=FAILURE
org.apache.hadoop.ozone.om.exceptions.OMException: Unable to get file status: volume: volume04068 bucket: bucket31801 key: level0/level3/level3/file1
	at org.apache.hadoop.ozone.om.KeyManagerImpl.getOzoneFileStatus(KeyManagerImpl.java:1196) ~[ozone-manager-1.4.0-SNAPSHOT.jar:?]
	at org.apache.hadoop.ozone.om.KeyManagerImpl.getFileStatus(KeyManagerImpl.java:1114) ~[ozone-manager-1.4.0-SNAPSHOT.jar:?]
	at org.apache.hadoop.ozone.om.OmMetadataReader.getFileStatus(OmMetadataReader.java:288) ~[ozone-manager-1.4.0-SNAPSHOT.jar:?]
	at org.apache.hadoop.ozone.om.OzoneManager.getFileStatus(OzoneManager.java:3494) ~[ozone-manager-1.4.0-SNAPSHOT.jar:?]
	at org.apache.hadoop.ozone.protocolPB.OzoneManagerRequestHandler.getOzoneFileStatus(OzoneManagerRequestHandler.java:933) ~[ozone-manager-1.4.0-SNAPSHOT.jar:?]
	at org.apache.hadoop.ozone.protocolPB.OzoneManagerRequestHandler.handleReadRequest(OzoneManagerRequestHandler.java:238) ~[ozone-manager-1.4.0-SNAPSHOT.jar:?]
	at org.apache.hadoop.ozone.protocolPB.OzoneManagerProtocolServerSideTranslatorPB.submitReadRequestToOM(OzoneManagerProtocolServerSideTranslatorPB.java:223) ~[ozone-manager-1.4.0-SNAPSHOT.jar:?]
	at org.apache.hadoop.ozone.protocolPB.OzoneManagerProtocolServerSideTranslatorPB.processRequest(OzoneManagerProtocolServerSideTranslatorPB.java:177) ~[ozone-manager-1.4.0-SNAPSHOT.jar:?]
	at org.apache.hadoop.hdds.server.OzoneProtocolMessageDispatcher.processRequest(OzoneProtocolMessageDispatcher.java:87) [hdds-server-framework-1.4.0-SNAPSHOT.jar:?]
	at org.apache.hadoop.ozone.protocolPB.OzoneManagerProtocolServerSideTranslatorPB.submitRequest(OzoneManagerProtocolServerSideTranslatorPB.java:147) [ozone-manager-1.4.0-SNAPSHOT.jar:?]
	at org.apache.hadoop.ozone.protocol.proto.OzoneManagerProtocolProtos$OzoneManagerService$2.callBlockingMethod(OzoneManagerProtocolProtos.java) [ozone-interface-client-1.4.0-SNAPSHOT.jar:?]
	at org.apache.hadoop.ipc.ProtobufRpcEngine$Server.processCall(ProtobufRpcEngine.java:465) [hadoop-common-3.3.4.jar:?]
	at org.apache.hadoop.ipc.ProtobufRpcEngine2$Server$ProtoBufRpcInvoker.call(ProtobufRpcEngine2.java:578) [hadoop-common-3.3.4.jar:?]
	at org.apache.hadoop.ipc.ProtobufRpcEngine2$Server$ProtoBufRpcInvoker.call(ProtobufRpcEngine2.java:556) [hadoop-common-3.3.4.jar:?]
	at org.apache.hadoop.ipc.RPC$Server.call(RPC.java:1093) [hadoop-common-3.3.4.jar:?]
	at org.apache.hadoop.ipc.Server$RpcCall.run(Server.java:1043) [hadoop-common-3.3.4.jar:?]
	at org.apache.hadoop.ipc.Server$RpcCall.run(Server.java:971) [hadoop-common-3.3.4.jar:?]
	at java.security.AccessController.doPrivileged(Native Method) ~[?:1.8.0_362]
	at javax.security.auth.Subject.doAs(Subject.java:422) [?:1.8.0_362]
	at org.apache.hadoop.security.UserGroupInformation.doAs(UserGroupInformation.java:1878) [hadoop-common-3.3.4.jar:?]
	at org.apache.hadoop.ipc.Server$Handler.run(Server.java:2976) [hadoop-common-3.3.4.jar:?]
]]></system-out>
  </testcase>
  <testcase name="testRecursiveDelete" classname="TestOzoneFileSystem" time="0.197">
    <system-out><![CDATA[2023-03-16 20:05:50,402 [IPC Server handler 19 on default port 40321] INFO  key.OMKeyRequest (OMKeyRequest.java:wrapUncommittedBlocksAsPseudoKey(838)) - Detect allocated but uncommitted blocks [{blockID={containerID=1, localID=111677748019200014}, length=4194304, offset=0, token=null, pipeline=null, createVersion=0, partNumber=0}] in key gdir1/pdir1/child.
2023-03-16 20:05:50,408 [IPC Server handler 5 on default port 40321] INFO  key.OMKeyRequest (OMKeyRequest.java:wrapUncommittedBlocksAsPseudoKey(838)) - Detect allocated but uncommitted blocks [{blockID={containerID=4, localID=111677748019200015}, length=4194304, offset=0, token=null, pipeline=null, createVersion=0, partNumber=0}] in key gdir1/pdir2/child.
2023-03-16 20:05:50,413 [IPC Server handler 18 on default port 40321] INFO  key.OMKeyRequest (OMKeyRequest.java:wrapUncommittedBlocksAsPseudoKey(838)) - Detect allocated but uncommitted blocks [{blockID={containerID=3, localID=111677748019200016}, length=4194304, offset=0, token=null, pipeline=null, createVersion=0, partNumber=0}] in key gdir1/pdir3/child.
2023-03-16 20:05:50,418 [IPC Server handler 17 on default port 40321] INFO  key.OMKeyRequest (OMKeyRequest.java:wrapUncommittedBlocksAsPseudoKey(838)) - Detect allocated but uncommitted blocks [{blockID={containerID=2, localID=111677748019200017}, length=4194304, offset=0, token=null, pipeline=null, createVersion=0, partNumber=0}] in key gdir1/pdir4/child.
2023-03-16 20:05:50,428 [IPC Server handler 10 on default port 40321] INFO  key.OMKeyRequest (OMKeyRequest.java:wrapUncommittedBlocksAsPseudoKey(838)) - Detect allocated but uncommitted blocks [{blockID={containerID=3, localID=111677748019200018}, length=4194304, offset=0, token=null, pipeline=null, createVersion=0, partNumber=0}] in key gdir1/pdir5/child.
2023-03-16 20:05:50,432 [IPC Server handler 6 on default port 40321] INFO  key.OMKeyRequest (OMKeyRequest.java:wrapUncommittedBlocksAsPseudoKey(838)) - Detect allocated but uncommitted blocks [{blockID={containerID=1, localID=111677748019200019}, length=4194304, offset=0, token=null, pipeline=null, createVersion=0, partNumber=0}] in key gdir1/pdir6/child.
2023-03-16 20:05:50,438 [IPC Server handler 8 on default port 40321] INFO  key.OMKeyRequest (OMKeyRequest.java:wrapUncommittedBlocksAsPseudoKey(838)) - Detect allocated but uncommitted blocks [{blockID={containerID=4, localID=111677748019200020}, length=4194304, offset=0, token=null, pipeline=null, createVersion=0, partNumber=0}] in key gdir1/pdir7/child.
2023-03-16 20:05:50,442 [IPC Server handler 9 on default port 40321] INFO  key.OMKeyRequest (OMKeyRequest.java:wrapUncommittedBlocksAsPseudoKey(838)) - Detect allocated but uncommitted blocks [{blockID={containerID=2, localID=111677748019200021}, length=4194304, offset=0, token=null, pipeline=null, createVersion=0, partNumber=0}] in key gdir1/pdir8/child.
2023-03-16 20:05:50,446 [IPC Server handler 1 on default port 40321] INFO  key.OMKeyRequest (OMKeyRequest.java:wrapUncommittedBlocksAsPseudoKey(838)) - Detect allocated but uncommitted blocks [{blockID={containerID=3, localID=111677748019200022}, length=4194304, offset=0, token=null, pipeline=null, createVersion=0, partNumber=0}] in key gdir1/pdir9/child.
2023-03-16 20:05:50,450 [IPC Server handler 0 on default port 40321] INFO  key.OMKeyRequest (OMKeyRequest.java:wrapUncommittedBlocksAsPseudoKey(838)) - Detect allocated but uncommitted blocks [{blockID={containerID=2, localID=111677748019200023}, length=4194304, offset=0, token=null, pipeline=null, createVersion=0, partNumber=0}] in key gdir1/pdir10/child.
20:05:50.470 [IPC Server handler 2 on default port 40321] ERROR OMAudit - user=runner | ip=127.0.0.1 | op=GET_FILE_STATUS {volume=volume45206, bucket=bucket25127, key=gdir1, dataSize=0, replicationConfig=null} | ret=FAILURE
org.apache.hadoop.ozone.om.exceptions.OMException: Unable to get file status: volume: volume45206 bucket: bucket25127 key: gdir1
	at org.apache.hadoop.ozone.om.KeyManagerImpl.getOzoneFileStatus(KeyManagerImpl.java:1196) ~[ozone-manager-1.4.0-SNAPSHOT.jar:?]
	at org.apache.hadoop.ozone.om.KeyManagerImpl.getFileStatus(KeyManagerImpl.java:1114) ~[ozone-manager-1.4.0-SNAPSHOT.jar:?]
	at org.apache.hadoop.ozone.om.OmMetadataReader.getFileStatus(OmMetadataReader.java:288) ~[ozone-manager-1.4.0-SNAPSHOT.jar:?]
	at org.apache.hadoop.ozone.om.OzoneManager.getFileStatus(OzoneManager.java:3494) ~[ozone-manager-1.4.0-SNAPSHOT.jar:?]
	at org.apache.hadoop.ozone.protocolPB.OzoneManagerRequestHandler.getOzoneFileStatus(OzoneManagerRequestHandler.java:933) ~[ozone-manager-1.4.0-SNAPSHOT.jar:?]
	at org.apache.hadoop.ozone.protocolPB.OzoneManagerRequestHandler.handleReadRequest(OzoneManagerRequestHandler.java:238) ~[ozone-manager-1.4.0-SNAPSHOT.jar:?]
	at org.apache.hadoop.ozone.protocolPB.OzoneManagerProtocolServerSideTranslatorPB.submitRequestDirectlyToOM(OzoneManagerProtocolServerSideTranslatorPB.java:272) ~[ozone-manager-1.4.0-SNAPSHOT.jar:?]
	at org.apache.hadoop.ozone.protocolPB.OzoneManagerProtocolServerSideTranslatorPB.processRequest(OzoneManagerProtocolServerSideTranslatorPB.java:173) ~[ozone-manager-1.4.0-SNAPSHOT.jar:?]
	at org.apache.hadoop.hdds.server.OzoneProtocolMessageDispatcher.processRequest(OzoneProtocolMessageDispatcher.java:87) [hdds-server-framework-1.4.0-SNAPSHOT.jar:?]
	at org.apache.hadoop.ozone.protocolPB.OzoneManagerProtocolServerSideTranslatorPB.submitRequest(OzoneManagerProtocolServerSideTranslatorPB.java:147) [ozone-manager-1.4.0-SNAPSHOT.jar:?]
	at org.apache.hadoop.ozone.protocol.proto.OzoneManagerProtocolProtos$OzoneManagerService$2.callBlockingMethod(OzoneManagerProtocolProtos.java) [ozone-interface-client-1.4.0-SNAPSHOT.jar:?]
	at org.apache.hadoop.ipc.ProtobufRpcEngine$Server.processCall(ProtobufRpcEngine.java:465) [hadoop-common-3.3.4.jar:?]
	at org.apache.hadoop.ipc.ProtobufRpcEngine2$Server$ProtoBufRpcInvoker.call(ProtobufRpcEngine2.java:578) [hadoop-common-3.3.4.jar:?]
	at org.apache.hadoop.ipc.ProtobufRpcEngine2$Server$ProtoBufRpcInvoker.call(ProtobufRpcEngine2.java:556) [hadoop-common-3.3.4.jar:?]
	at org.apache.hadoop.ipc.RPC$Server.call(RPC.java:1093) [hadoop-common-3.3.4.jar:?]
	at org.apache.hadoop.ipc.Server$RpcCall.run(Server.java:1043) [hadoop-common-3.3.4.jar:?]
	at org.apache.hadoop.ipc.Server$RpcCall.run(Server.java:971) [hadoop-common-3.3.4.jar:?]
	at java.security.AccessController.doPrivileged(Native Method) ~[?:1.8.0_362]
	at javax.security.auth.Subject.doAs(Subject.java:422) [?:1.8.0_362]
	at org.apache.hadoop.security.UserGroupInformation.doAs(UserGroupInformation.java:1878) [hadoop-common-3.3.4.jar:?]
	at org.apache.hadoop.ipc.Server$Handler.run(Server.java:2976) [hadoop-common-3.3.4.jar:?]
20:05:50.471 [IPC Server handler 0 on default port 40321] ERROR OMAudit - user=runner | ip=127.0.0.1 | op=GET_FILE_STATUS {volume=volume45206, bucket=bucket25127, key=gdir1/dir1, dataSize=0, replicationConfig=null} | ret=FAILURE
org.apache.hadoop.ozone.om.exceptions.OMException: Unable to get file status: volume: volume45206 bucket: bucket25127 key: gdir1/dir1
	at org.apache.hadoop.ozone.om.KeyManagerImpl.getOzoneFileStatus(KeyManagerImpl.java:1196) ~[ozone-manager-1.4.0-SNAPSHOT.jar:?]
	at org.apache.hadoop.ozone.om.KeyManagerImpl.getFileStatus(KeyManagerImpl.java:1114) ~[ozone-manager-1.4.0-SNAPSHOT.jar:?]
	at org.apache.hadoop.ozone.om.OmMetadataReader.getFileStatus(OmMetadataReader.java:288) ~[ozone-manager-1.4.0-SNAPSHOT.jar:?]
	at org.apache.hadoop.ozone.om.OzoneManager.getFileStatus(OzoneManager.java:3494) ~[ozone-manager-1.4.0-SNAPSHOT.jar:?]
	at org.apache.hadoop.ozone.protocolPB.OzoneManagerRequestHandler.getOzoneFileStatus(OzoneManagerRequestHandler.java:933) ~[ozone-manager-1.4.0-SNAPSHOT.jar:?]
	at org.apache.hadoop.ozone.protocolPB.OzoneManagerRequestHandler.handleReadRequest(OzoneManagerRequestHandler.java:238) ~[ozone-manager-1.4.0-SNAPSHOT.jar:?]
	at org.apache.hadoop.ozone.protocolPB.OzoneManagerProtocolServerSideTranslatorPB.submitRequestDirectlyToOM(OzoneManagerProtocolServerSideTranslatorPB.java:272) ~[ozone-manager-1.4.0-SNAPSHOT.jar:?]
	at org.apache.hadoop.ozone.protocolPB.OzoneManagerProtocolServerSideTranslatorPB.processRequest(OzoneManagerProtocolServerSideTranslatorPB.java:173) ~[ozone-manager-1.4.0-SNAPSHOT.jar:?]
	at org.apache.hadoop.hdds.server.OzoneProtocolMessageDispatcher.processRequest(OzoneProtocolMessageDispatcher.java:87) [hdds-server-framework-1.4.0-SNAPSHOT.jar:?]
	at org.apache.hadoop.ozone.protocolPB.OzoneManagerProtocolServerSideTranslatorPB.submitRequest(OzoneManagerProtocolServerSideTranslatorPB.java:147) [ozone-manager-1.4.0-SNAPSHOT.jar:?]
	at org.apache.hadoop.ozone.protocol.proto.OzoneManagerProtocolProtos$OzoneManagerService$2.callBlockingMethod(OzoneManagerProtocolProtos.java) [ozone-interface-client-1.4.0-SNAPSHOT.jar:?]
	at org.apache.hadoop.ipc.ProtobufRpcEngine$Server.processCall(ProtobufRpcEngine.java:465) [hadoop-common-3.3.4.jar:?]
	at org.apache.hadoop.ipc.ProtobufRpcEngine2$Server$ProtoBufRpcInvoker.call(ProtobufRpcEngine2.java:578) [hadoop-common-3.3.4.jar:?]
	at org.apache.hadoop.ipc.ProtobufRpcEngine2$Server$ProtoBufRpcInvoker.call(ProtobufRpcEngine2.java:556) [hadoop-common-3.3.4.jar:?]
	at org.apache.hadoop.ipc.RPC$Server.call(RPC.java:1093) [hadoop-common-3.3.4.jar:?]
	at org.apache.hadoop.ipc.Server$RpcCall.run(Server.java:1043) [hadoop-common-3.3.4.jar:?]
	at org.apache.hadoop.ipc.Server$RpcCall.run(Server.java:971) [hadoop-common-3.3.4.jar:?]
	at java.security.AccessController.doPrivileged(Native Method) ~[?:1.8.0_362]
	at javax.security.auth.Subject.doAs(Subject.java:422) [?:1.8.0_362]
	at org.apache.hadoop.security.UserGroupInformation.doAs(UserGroupInformation.java:1878) [hadoop-common-3.3.4.jar:?]
	at org.apache.hadoop.ipc.Server$Handler.run(Server.java:2976) [hadoop-common-3.3.4.jar:?]
20:05:50.472 [IPC Server handler 4 on default port 40321] ERROR OMAudit - user=runner | ip=127.0.0.1 | op=GET_FILE_STATUS {volume=volume45206, bucket=bucket25127, key=gdir1/dir1/child, dataSize=0, replicationConfig=null} | ret=FAILURE
org.apache.hadoop.ozone.om.exceptions.OMException: Unable to get file status: volume: volume45206 bucket: bucket25127 key: gdir1/dir1/child
	at org.apache.hadoop.ozone.om.KeyManagerImpl.getOzoneFileStatus(KeyManagerImpl.java:1196) ~[ozone-manager-1.4.0-SNAPSHOT.jar:?]
	at org.apache.hadoop.ozone.om.KeyManagerImpl.getFileStatus(KeyManagerImpl.java:1114) ~[ozone-manager-1.4.0-SNAPSHOT.jar:?]
	at org.apache.hadoop.ozone.om.OmMetadataReader.getFileStatus(OmMetadataReader.java:288) ~[ozone-manager-1.4.0-SNAPSHOT.jar:?]
	at org.apache.hadoop.ozone.om.OzoneManager.getFileStatus(OzoneManager.java:3494) ~[ozone-manager-1.4.0-SNAPSHOT.jar:?]
	at org.apache.hadoop.ozone.protocolPB.OzoneManagerRequestHandler.getOzoneFileStatus(OzoneManagerRequestHandler.java:933) ~[ozone-manager-1.4.0-SNAPSHOT.jar:?]
	at org.apache.hadoop.ozone.protocolPB.OzoneManagerRequestHandler.handleReadRequest(OzoneManagerRequestHandler.java:238) ~[ozone-manager-1.4.0-SNAPSHOT.jar:?]
	at org.apache.hadoop.ozone.protocolPB.OzoneManagerProtocolServerSideTranslatorPB.submitRequestDirectlyToOM(OzoneManagerProtocolServerSideTranslatorPB.java:272) ~[ozone-manager-1.4.0-SNAPSHOT.jar:?]
	at org.apache.hadoop.ozone.protocolPB.OzoneManagerProtocolServerSideTranslatorPB.processRequest(OzoneManagerProtocolServerSideTranslatorPB.java:173) ~[ozone-manager-1.4.0-SNAPSHOT.jar:?]
	at org.apache.hadoop.hdds.server.OzoneProtocolMessageDispatcher.processRequest(OzoneProtocolMessageDispatcher.java:87) [hdds-server-framework-1.4.0-SNAPSHOT.jar:?]
	at org.apache.hadoop.ozone.protocolPB.OzoneManagerProtocolServerSideTranslatorPB.submitRequest(OzoneManagerProtocolServerSideTranslatorPB.java:147) [ozone-manager-1.4.0-SNAPSHOT.jar:?]
	at org.apache.hadoop.ozone.protocol.proto.OzoneManagerProtocolProtos$OzoneManagerService$2.callBlockingMethod(OzoneManagerProtocolProtos.java) [ozone-interface-client-1.4.0-SNAPSHOT.jar:?]
	at org.apache.hadoop.ipc.ProtobufRpcEngine$Server.processCall(ProtobufRpcEngine.java:465) [hadoop-common-3.3.4.jar:?]
	at org.apache.hadoop.ipc.ProtobufRpcEngine2$Server$ProtoBufRpcInvoker.call(ProtobufRpcEngine2.java:578) [hadoop-common-3.3.4.jar:?]
	at org.apache.hadoop.ipc.ProtobufRpcEngine2$Server$ProtoBufRpcInvoker.call(ProtobufRpcEngine2.java:556) [hadoop-common-3.3.4.jar:?]
	at org.apache.hadoop.ipc.RPC$Server.call(RPC.java:1093) [hadoop-common-3.3.4.jar:?]
	at org.apache.hadoop.ipc.Server$RpcCall.run(Server.java:1043) [hadoop-common-3.3.4.jar:?]
	at org.apache.hadoop.ipc.Server$RpcCall.run(Server.java:971) [hadoop-common-3.3.4.jar:?]
	at java.security.AccessController.doPrivileged(Native Method) ~[?:1.8.0_362]
	at javax.security.auth.Subject.doAs(Subject.java:422) [?:1.8.0_362]
	at org.apache.hadoop.security.UserGroupInformation.doAs(UserGroupInformation.java:1878) [hadoop-common-3.3.4.jar:?]
	at org.apache.hadoop.ipc.Server$Handler.run(Server.java:2976) [hadoop-common-3.3.4.jar:?]
20:05:50.473 [IPC Server handler 19 on default port 40321] ERROR OMAudit - user=runner | ip=127.0.0.1 | op=GET_FILE_STATUS {volume=volume45206, bucket=bucket25127, key=gdir1/dir2, dataSize=0, replicationConfig=null} | ret=FAILURE
org.apache.hadoop.ozone.om.exceptions.OMException: Unable to get file status: volume: volume45206 bucket: bucket25127 key: gdir1/dir2
	at org.apache.hadoop.ozone.om.KeyManagerImpl.getOzoneFileStatus(KeyManagerImpl.java:1196) ~[ozone-manager-1.4.0-SNAPSHOT.jar:?]
	at org.apache.hadoop.ozone.om.KeyManagerImpl.getFileStatus(KeyManagerImpl.java:1114) ~[ozone-manager-1.4.0-SNAPSHOT.jar:?]
	at org.apache.hadoop.ozone.om.OmMetadataReader.getFileStatus(OmMetadataReader.java:288) ~[ozone-manager-1.4.0-SNAPSHOT.jar:?]
	at org.apache.hadoop.ozone.om.OzoneManager.getFileStatus(OzoneManager.java:3494) ~[ozone-manager-1.4.0-SNAPSHOT.jar:?]
	at org.apache.hadoop.ozone.protocolPB.OzoneManagerRequestHandler.getOzoneFileStatus(OzoneManagerRequestHandler.java:933) ~[ozone-manager-1.4.0-SNAPSHOT.jar:?]
	at org.apache.hadoop.ozone.protocolPB.OzoneManagerRequestHandler.handleReadRequest(OzoneManagerRequestHandler.java:238) ~[ozone-manager-1.4.0-SNAPSHOT.jar:?]
	at org.apache.hadoop.ozone.protocolPB.OzoneManagerProtocolServerSideTranslatorPB.submitRequestDirectlyToOM(OzoneManagerProtocolServerSideTranslatorPB.java:272) ~[ozone-manager-1.4.0-SNAPSHOT.jar:?]
	at org.apache.hadoop.ozone.protocolPB.OzoneManagerProtocolServerSideTranslatorPB.processRequest(OzoneManagerProtocolServerSideTranslatorPB.java:173) ~[ozone-manager-1.4.0-SNAPSHOT.jar:?]
	at org.apache.hadoop.hdds.server.OzoneProtocolMessageDispatcher.processRequest(OzoneProtocolMessageDispatcher.java:87) [hdds-server-framework-1.4.0-SNAPSHOT.jar:?]
	at org.apache.hadoop.ozone.protocolPB.OzoneManagerProtocolServerSideTranslatorPB.submitRequest(OzoneManagerProtocolServerSideTranslatorPB.java:147) [ozone-manager-1.4.0-SNAPSHOT.jar:?]
	at org.apache.hadoop.ozone.protocol.proto.OzoneManagerProtocolProtos$OzoneManagerService$2.callBlockingMethod(OzoneManagerProtocolProtos.java) [ozone-interface-client-1.4.0-SNAPSHOT.jar:?]
	at org.apache.hadoop.ipc.ProtobufRpcEngine$Server.processCall(ProtobufRpcEngine.java:465) [hadoop-common-3.3.4.jar:?]
	at org.apache.hadoop.ipc.ProtobufRpcEngine2$Server$ProtoBufRpcInvoker.call(ProtobufRpcEngine2.java:578) [hadoop-common-3.3.4.jar:?]
	at org.apache.hadoop.ipc.ProtobufRpcEngine2$Server$ProtoBufRpcInvoker.call(ProtobufRpcEngine2.java:556) [hadoop-common-3.3.4.jar:?]
	at org.apache.hadoop.ipc.RPC$Server.call(RPC.java:1093) [hadoop-common-3.3.4.jar:?]
	at org.apache.hadoop.ipc.Server$RpcCall.run(Server.java:1043) [hadoop-common-3.3.4.jar:?]
	at org.apache.hadoop.ipc.Server$RpcCall.run(Server.java:971) [hadoop-common-3.3.4.jar:?]
	at java.security.AccessController.doPrivileged(Native Method) ~[?:1.8.0_362]
	at javax.security.auth.Subject.doAs(Subject.java:422) [?:1.8.0_362]
	at org.apache.hadoop.security.UserGroupInformation.doAs(UserGroupInformation.java:1878) [hadoop-common-3.3.4.jar:?]
	at org.apache.hadoop.ipc.Server$Handler.run(Server.java:2976) [hadoop-common-3.3.4.jar:?]
20:05:50.474 [IPC Server handler 12 on default port 40321] ERROR OMAudit - user=runner | ip=127.0.0.1 | op=GET_FILE_STATUS {volume=volume45206, bucket=bucket25127, key=gdir1/dir2/child, dataSize=0, replicationConfig=null} | ret=FAILURE
org.apache.hadoop.ozone.om.exceptions.OMException: Unable to get file status: volume: volume45206 bucket: bucket25127 key: gdir1/dir2/child
	at org.apache.hadoop.ozone.om.KeyManagerImpl.getOzoneFileStatus(KeyManagerImpl.java:1196) ~[ozone-manager-1.4.0-SNAPSHOT.jar:?]
	at org.apache.hadoop.ozone.om.KeyManagerImpl.getFileStatus(KeyManagerImpl.java:1114) ~[ozone-manager-1.4.0-SNAPSHOT.jar:?]
	at org.apache.hadoop.ozone.om.OmMetadataReader.getFileStatus(OmMetadataReader.java:288) ~[ozone-manager-1.4.0-SNAPSHOT.jar:?]
	at org.apache.hadoop.ozone.om.OzoneManager.getFileStatus(OzoneManager.java:3494) ~[ozone-manager-1.4.0-SNAPSHOT.jar:?]
	at org.apache.hadoop.ozone.protocolPB.OzoneManagerRequestHandler.getOzoneFileStatus(OzoneManagerRequestHandler.java:933) ~[ozone-manager-1.4.0-SNAPSHOT.jar:?]
	at org.apache.hadoop.ozone.protocolPB.OzoneManagerRequestHandler.handleReadRequest(OzoneManagerRequestHandler.java:238) ~[ozone-manager-1.4.0-SNAPSHOT.jar:?]
	at org.apache.hadoop.ozone.protocolPB.OzoneManagerProtocolServerSideTranslatorPB.submitRequestDirectlyToOM(OzoneManagerProtocolServerSideTranslatorPB.java:272) ~[ozone-manager-1.4.0-SNAPSHOT.jar:?]
	at org.apache.hadoop.ozone.protocolPB.OzoneManagerProtocolServerSideTranslatorPB.processRequest(OzoneManagerProtocolServerSideTranslatorPB.java:173) ~[ozone-manager-1.4.0-SNAPSHOT.jar:?]
	at org.apache.hadoop.hdds.server.OzoneProtocolMessageDispatcher.processRequest(OzoneProtocolMessageDispatcher.java:87) [hdds-server-framework-1.4.0-SNAPSHOT.jar:?]
	at org.apache.hadoop.ozone.protocolPB.OzoneManagerProtocolServerSideTranslatorPB.submitRequest(OzoneManagerProtocolServerSideTranslatorPB.java:147) [ozone-manager-1.4.0-SNAPSHOT.jar:?]
	at org.apache.hadoop.ozone.protocol.proto.OzoneManagerProtocolProtos$OzoneManagerService$2.callBlockingMethod(OzoneManagerProtocolProtos.java) [ozone-interface-client-1.4.0-SNAPSHOT.jar:?]
	at org.apache.hadoop.ipc.ProtobufRpcEngine$Server.processCall(ProtobufRpcEngine.java:465) [hadoop-common-3.3.4.jar:?]
	at org.apache.hadoop.ipc.ProtobufRpcEngine2$Server$ProtoBufRpcInvoker.call(ProtobufRpcEngine2.java:578) [hadoop-common-3.3.4.jar:?]
	at org.apache.hadoop.ipc.ProtobufRpcEngine2$Server$ProtoBufRpcInvoker.call(ProtobufRpcEngine2.java:556) [hadoop-common-3.3.4.jar:?]
	at org.apache.hadoop.ipc.RPC$Server.call(RPC.java:1093) [hadoop-common-3.3.4.jar:?]
	at org.apache.hadoop.ipc.Server$RpcCall.run(Server.java:1043) [hadoop-common-3.3.4.jar:?]
	at org.apache.hadoop.ipc.Server$RpcCall.run(Server.java:971) [hadoop-common-3.3.4.jar:?]
	at java.security.AccessController.doPrivileged(Native Method) ~[?:1.8.0_362]
	at javax.security.auth.Subject.doAs(Subject.java:422) [?:1.8.0_362]
	at org.apache.hadoop.security.UserGroupInformation.doAs(UserGroupInformation.java:1878) [hadoop-common-3.3.4.jar:?]
	at org.apache.hadoop.ipc.Server$Handler.run(Server.java:2976) [hadoop-common-3.3.4.jar:?]
20:05:50.475 [IPC Server handler 5 on default port 40321] ERROR OMAudit - user=runner | ip=127.0.0.1 | op=GET_FILE_STATUS {volume=volume45206, bucket=bucket25127, key=gdir1/dir3, dataSize=0, replicationConfig=null} | ret=FAILURE
org.apache.hadoop.ozone.om.exceptions.OMException: Unable to get file status: volume: volume45206 bucket: bucket25127 key: gdir1/dir3
	at org.apache.hadoop.ozone.om.KeyManagerImpl.getOzoneFileStatus(KeyManagerImpl.java:1196) ~[ozone-manager-1.4.0-SNAPSHOT.jar:?]
	at org.apache.hadoop.ozone.om.KeyManagerImpl.getFileStatus(KeyManagerImpl.java:1114) ~[ozone-manager-1.4.0-SNAPSHOT.jar:?]
	at org.apache.hadoop.ozone.om.OmMetadataReader.getFileStatus(OmMetadataReader.java:288) ~[ozone-manager-1.4.0-SNAPSHOT.jar:?]
	at org.apache.hadoop.ozone.om.OzoneManager.getFileStatus(OzoneManager.java:3494) ~[ozone-manager-1.4.0-SNAPSHOT.jar:?]
	at org.apache.hadoop.ozone.protocolPB.OzoneManagerRequestHandler.getOzoneFileStatus(OzoneManagerRequestHandler.java:933) ~[ozone-manager-1.4.0-SNAPSHOT.jar:?]
	at org.apache.hadoop.ozone.protocolPB.OzoneManagerRequestHandler.handleReadRequest(OzoneManagerRequestHandler.java:238) ~[ozone-manager-1.4.0-SNAPSHOT.jar:?]
	at org.apache.hadoop.ozone.protocolPB.OzoneManagerProtocolServerSideTranslatorPB.submitRequestDirectlyToOM(OzoneManagerProtocolServerSideTranslatorPB.java:272) ~[ozone-manager-1.4.0-SNAPSHOT.jar:?]
	at org.apache.hadoop.ozone.protocolPB.OzoneManagerProtocolServerSideTranslatorPB.processRequest(OzoneManagerProtocolServerSideTranslatorPB.java:173) ~[ozone-manager-1.4.0-SNAPSHOT.jar:?]
	at org.apache.hadoop.hdds.server.OzoneProtocolMessageDispatcher.processRequest(OzoneProtocolMessageDispatcher.java:87) [hdds-server-framework-1.4.0-SNAPSHOT.jar:?]
	at org.apache.hadoop.ozone.protocolPB.OzoneManagerProtocolServerSideTranslatorPB.submitRequest(OzoneManagerProtocolServerSideTranslatorPB.java:147) [ozone-manager-1.4.0-SNAPSHOT.jar:?]
	at org.apache.hadoop.ozone.protocol.proto.OzoneManagerProtocolProtos$OzoneManagerService$2.callBlockingMethod(OzoneManagerProtocolProtos.java) [ozone-interface-client-1.4.0-SNAPSHOT.jar:?]
	at org.apache.hadoop.ipc.ProtobufRpcEngine$Server.processCall(ProtobufRpcEngine.java:465) [hadoop-common-3.3.4.jar:?]
	at org.apache.hadoop.ipc.ProtobufRpcEngine2$Server$ProtoBufRpcInvoker.call(ProtobufRpcEngine2.java:578) [hadoop-common-3.3.4.jar:?]
	at org.apache.hadoop.ipc.ProtobufRpcEngine2$Server$ProtoBufRpcInvoker.call(ProtobufRpcEngine2.java:556) [hadoop-common-3.3.4.jar:?]
	at org.apache.hadoop.ipc.RPC$Server.call(RPC.java:1093) [hadoop-common-3.3.4.jar:?]
	at org.apache.hadoop.ipc.Server$RpcCall.run(Server.java:1043) [hadoop-common-3.3.4.jar:?]
	at org.apache.hadoop.ipc.Server$RpcCall.run(Server.java:971) [hadoop-common-3.3.4.jar:?]
	at java.security.AccessController.doPrivileged(Native Method) ~[?:1.8.0_362]
	at javax.security.auth.Subject.doAs(Subject.java:422) [?:1.8.0_362]
	at org.apache.hadoop.security.UserGroupInformation.doAs(UserGroupInformation.java:1878) [hadoop-common-3.3.4.jar:?]
	at org.apache.hadoop.ipc.Server$Handler.run(Server.java:2976) [hadoop-common-3.3.4.jar:?]
20:05:50.476 [IPC Server handler 14 on default port 40321] ERROR OMAudit - user=runner | ip=127.0.0.1 | op=GET_FILE_STATUS {volume=volume45206, bucket=bucket25127, key=gdir1/dir3/child, dataSize=0, replicationConfig=null} | ret=FAILURE
org.apache.hadoop.ozone.om.exceptions.OMException: Unable to get file status: volume: volume45206 bucket: bucket25127 key: gdir1/dir3/child
	at org.apache.hadoop.ozone.om.KeyManagerImpl.getOzoneFileStatus(KeyManagerImpl.java:1196) ~[ozone-manager-1.4.0-SNAPSHOT.jar:?]
	at org.apache.hadoop.ozone.om.KeyManagerImpl.getFileStatus(KeyManagerImpl.java:1114) ~[ozone-manager-1.4.0-SNAPSHOT.jar:?]
	at org.apache.hadoop.ozone.om.OmMetadataReader.getFileStatus(OmMetadataReader.java:288) ~[ozone-manager-1.4.0-SNAPSHOT.jar:?]
	at org.apache.hadoop.ozone.om.OzoneManager.getFileStatus(OzoneManager.java:3494) ~[ozone-manager-1.4.0-SNAPSHOT.jar:?]
	at org.apache.hadoop.ozone.protocolPB.OzoneManagerRequestHandler.getOzoneFileStatus(OzoneManagerRequestHandler.java:933) ~[ozone-manager-1.4.0-SNAPSHOT.jar:?]
	at org.apache.hadoop.ozone.protocolPB.OzoneManagerRequestHandler.handleReadRequest(OzoneManagerRequestHandler.java:238) ~[ozone-manager-1.4.0-SNAPSHOT.jar:?]
	at org.apache.hadoop.ozone.protocolPB.OzoneManagerProtocolServerSideTranslatorPB.submitRequestDirectlyToOM(OzoneManagerProtocolServerSideTranslatorPB.java:272) ~[ozone-manager-1.4.0-SNAPSHOT.jar:?]
	at org.apache.hadoop.ozone.protocolPB.OzoneManagerProtocolServerSideTranslatorPB.processRequest(OzoneManagerProtocolServerSideTranslatorPB.java:173) ~[ozone-manager-1.4.0-SNAPSHOT.jar:?]
	at org.apache.hadoop.hdds.server.OzoneProtocolMessageDispatcher.processRequest(OzoneProtocolMessageDispatcher.java:87) [hdds-server-framework-1.4.0-SNAPSHOT.jar:?]
	at org.apache.hadoop.ozone.protocolPB.OzoneManagerProtocolServerSideTranslatorPB.submitRequest(OzoneManagerProtocolServerSideTranslatorPB.java:147) [ozone-manager-1.4.0-SNAPSHOT.jar:?]
	at org.apache.hadoop.ozone.protocol.proto.OzoneManagerProtocolProtos$OzoneManagerService$2.callBlockingMethod(OzoneManagerProtocolProtos.java) [ozone-interface-client-1.4.0-SNAPSHOT.jar:?]
	at org.apache.hadoop.ipc.ProtobufRpcEngine$Server.processCall(ProtobufRpcEngine.java:465) [hadoop-common-3.3.4.jar:?]
	at org.apache.hadoop.ipc.ProtobufRpcEngine2$Server$ProtoBufRpcInvoker.call(ProtobufRpcEngine2.java:578) [hadoop-common-3.3.4.jar:?]
	at org.apache.hadoop.ipc.ProtobufRpcEngine2$Server$ProtoBufRpcInvoker.call(ProtobufRpcEngine2.java:556) [hadoop-common-3.3.4.jar:?]
	at org.apache.hadoop.ipc.RPC$Server.call(RPC.java:1093) [hadoop-common-3.3.4.jar:?]
	at org.apache.hadoop.ipc.Server$RpcCall.run(Server.java:1043) [hadoop-common-3.3.4.jar:?]
	at org.apache.hadoop.ipc.Server$RpcCall.run(Server.java:971) [hadoop-common-3.3.4.jar:?]
	at java.security.AccessController.doPrivileged(Native Method) ~[?:1.8.0_362]
	at javax.security.auth.Subject.doAs(Subject.java:422) [?:1.8.0_362]
	at org.apache.hadoop.security.UserGroupInformation.doAs(UserGroupInformation.java:1878) [hadoop-common-3.3.4.jar:?]
	at org.apache.hadoop.ipc.Server$Handler.run(Server.java:2976) [hadoop-common-3.3.4.jar:?]
20:05:50.477 [IPC Server handler 18 on default port 40321] ERROR OMAudit - user=runner | ip=127.0.0.1 | op=GET_FILE_STATUS {volume=volume45206, bucket=bucket25127, key=gdir1/dir4, dataSize=0, replicationConfig=null} | ret=FAILURE
org.apache.hadoop.ozone.om.exceptions.OMException: Unable to get file status: volume: volume45206 bucket: bucket25127 key: gdir1/dir4
	at org.apache.hadoop.ozone.om.KeyManagerImpl.getOzoneFileStatus(KeyManagerImpl.java:1196) ~[ozone-manager-1.4.0-SNAPSHOT.jar:?]
	at org.apache.hadoop.ozone.om.KeyManagerImpl.getFileStatus(KeyManagerImpl.java:1114) ~[ozone-manager-1.4.0-SNAPSHOT.jar:?]
	at org.apache.hadoop.ozone.om.OmMetadataReader.getFileStatus(OmMetadataReader.java:288) ~[ozone-manager-1.4.0-SNAPSHOT.jar:?]
	at org.apache.hadoop.ozone.om.OzoneManager.getFileStatus(OzoneManager.java:3494) ~[ozone-manager-1.4.0-SNAPSHOT.jar:?]
	at org.apache.hadoop.ozone.protocolPB.OzoneManagerRequestHandler.getOzoneFileStatus(OzoneManagerRequestHandler.java:933) ~[ozone-manager-1.4.0-SNAPSHOT.jar:?]
	at org.apache.hadoop.ozone.protocolPB.OzoneManagerRequestHandler.handleReadRequest(OzoneManagerRequestHandler.java:238) ~[ozone-manager-1.4.0-SNAPSHOT.jar:?]
	at org.apache.hadoop.ozone.protocolPB.OzoneManagerProtocolServerSideTranslatorPB.submitRequestDirectlyToOM(OzoneManagerProtocolServerSideTranslatorPB.java:272) ~[ozone-manager-1.4.0-SNAPSHOT.jar:?]
	at org.apache.hadoop.ozone.protocolPB.OzoneManagerProtocolServerSideTranslatorPB.processRequest(OzoneManagerProtocolServerSideTranslatorPB.java:173) ~[ozone-manager-1.4.0-SNAPSHOT.jar:?]
	at org.apache.hadoop.hdds.server.OzoneProtocolMessageDispatcher.processRequest(OzoneProtocolMessageDispatcher.java:87) [hdds-server-framework-1.4.0-SNAPSHOT.jar:?]
	at org.apache.hadoop.ozone.protocolPB.OzoneManagerProtocolServerSideTranslatorPB.submitRequest(OzoneManagerProtocolServerSideTranslatorPB.java:147) [ozone-manager-1.4.0-SNAPSHOT.jar:?]
	at org.apache.hadoop.ozone.protocol.proto.OzoneManagerProtocolProtos$OzoneManagerService$2.callBlockingMethod(OzoneManagerProtocolProtos.java) [ozone-interface-client-1.4.0-SNAPSHOT.jar:?]
	at org.apache.hadoop.ipc.ProtobufRpcEngine$Server.processCall(ProtobufRpcEngine.java:465) [hadoop-common-3.3.4.jar:?]
	at org.apache.hadoop.ipc.ProtobufRpcEngine2$Server$ProtoBufRpcInvoker.call(ProtobufRpcEngine2.java:578) [hadoop-common-3.3.4.jar:?]
	at org.apache.hadoop.ipc.ProtobufRpcEngine2$Server$ProtoBufRpcInvoker.call(ProtobufRpcEngine2.java:556) [hadoop-common-3.3.4.jar:?]
	at org.apache.hadoop.ipc.RPC$Server.call(RPC.java:1093) [hadoop-common-3.3.4.jar:?]
	at org.apache.hadoop.ipc.Server$RpcCall.run(Server.java:1043) [hadoop-common-3.3.4.jar:?]
	at org.apache.hadoop.ipc.Server$RpcCall.run(Server.java:971) [hadoop-common-3.3.4.jar:?]
	at java.security.AccessController.doPrivileged(Native Method) ~[?:1.8.0_362]
	at javax.security.auth.Subject.doAs(Subject.java:422) [?:1.8.0_362]
	at org.apache.hadoop.security.UserGroupInformation.doAs(UserGroupInformation.java:1878) [hadoop-common-3.3.4.jar:?]
	at org.apache.hadoop.ipc.Server$Handler.run(Server.java:2976) [hadoop-common-3.3.4.jar:?]
20:05:50.478 [IPC Server handler 15 on default port 40321] ERROR OMAudit - user=runner | ip=127.0.0.1 | op=GET_FILE_STATUS {volume=volume45206, bucket=bucket25127, key=gdir1/dir4/child, dataSize=0, replicationConfig=null} | ret=FAILURE
org.apache.hadoop.ozone.om.exceptions.OMException: Unable to get file status: volume: volume45206 bucket: bucket25127 key: gdir1/dir4/child
	at org.apache.hadoop.ozone.om.KeyManagerImpl.getOzoneFileStatus(KeyManagerImpl.java:1196) ~[ozone-manager-1.4.0-SNAPSHOT.jar:?]
	at org.apache.hadoop.ozone.om.KeyManagerImpl.getFileStatus(KeyManagerImpl.java:1114) ~[ozone-manager-1.4.0-SNAPSHOT.jar:?]
	at org.apache.hadoop.ozone.om.OmMetadataReader.getFileStatus(OmMetadataReader.java:288) ~[ozone-manager-1.4.0-SNAPSHOT.jar:?]
	at org.apache.hadoop.ozone.om.OzoneManager.getFileStatus(OzoneManager.java:3494) ~[ozone-manager-1.4.0-SNAPSHOT.jar:?]
	at org.apache.hadoop.ozone.protocolPB.OzoneManagerRequestHandler.getOzoneFileStatus(OzoneManagerRequestHandler.java:933) ~[ozone-manager-1.4.0-SNAPSHOT.jar:?]
	at org.apache.hadoop.ozone.protocolPB.OzoneManagerRequestHandler.handleReadRequest(OzoneManagerRequestHandler.java:238) ~[ozone-manager-1.4.0-SNAPSHOT.jar:?]
	at org.apache.hadoop.ozone.protocolPB.OzoneManagerProtocolServerSideTranslatorPB.submitRequestDirectlyToOM(OzoneManagerProtocolServerSideTranslatorPB.java:272) ~[ozone-manager-1.4.0-SNAPSHOT.jar:?]
	at org.apache.hadoop.ozone.protocolPB.OzoneManagerProtocolServerSideTranslatorPB.processRequest(OzoneManagerProtocolServerSideTranslatorPB.java:173) ~[ozone-manager-1.4.0-SNAPSHOT.jar:?]
	at org.apache.hadoop.hdds.server.OzoneProtocolMessageDispatcher.processRequest(OzoneProtocolMessageDispatcher.java:87) [hdds-server-framework-1.4.0-SNAPSHOT.jar:?]
	at org.apache.hadoop.ozone.protocolPB.OzoneManagerProtocolServerSideTranslatorPB.submitRequest(OzoneManagerProtocolServerSideTranslatorPB.java:147) [ozone-manager-1.4.0-SNAPSHOT.jar:?]
	at org.apache.hadoop.ozone.protocol.proto.OzoneManagerProtocolProtos$OzoneManagerService$2.callBlockingMethod(OzoneManagerProtocolProtos.java) [ozone-interface-client-1.4.0-SNAPSHOT.jar:?]
	at org.apache.hadoop.ipc.ProtobufRpcEngine$Server.processCall(ProtobufRpcEngine.java:465) [hadoop-common-3.3.4.jar:?]
	at org.apache.hadoop.ipc.ProtobufRpcEngine2$Server$ProtoBufRpcInvoker.call(ProtobufRpcEngine2.java:578) [hadoop-common-3.3.4.jar:?]
	at org.apache.hadoop.ipc.ProtobufRpcEngine2$Server$ProtoBufRpcInvoker.call(ProtobufRpcEngine2.java:556) [hadoop-common-3.3.4.jar:?]
	at org.apache.hadoop.ipc.RPC$Server.call(RPC.java:1093) [hadoop-common-3.3.4.jar:?]
	at org.apache.hadoop.ipc.Server$RpcCall.run(Server.java:1043) [hadoop-common-3.3.4.jar:?]
	at org.apache.hadoop.ipc.Server$RpcCall.run(Server.java:971) [hadoop-common-3.3.4.jar:?]
	at java.security.AccessController.doPrivileged(Native Method) ~[?:1.8.0_362]
	at javax.security.auth.Subject.doAs(Subject.java:422) [?:1.8.0_362]
	at org.apache.hadoop.security.UserGroupInformation.doAs(UserGroupInformation.java:1878) [hadoop-common-3.3.4.jar:?]
	at org.apache.hadoop.ipc.Server$Handler.run(Server.java:2976) [hadoop-common-3.3.4.jar:?]
20:05:50.479 [IPC Server handler 17 on default port 40321] ERROR OMAudit - user=runner | ip=127.0.0.1 | op=GET_FILE_STATUS {volume=volume45206, bucket=bucket25127, key=gdir1/dir5, dataSize=0, replicationConfig=null} | ret=FAILURE
org.apache.hadoop.ozone.om.exceptions.OMException: Unable to get file status: volume: volume45206 bucket: bucket25127 key: gdir1/dir5
	at org.apache.hadoop.ozone.om.KeyManagerImpl.getOzoneFileStatus(KeyManagerImpl.java:1196) ~[ozone-manager-1.4.0-SNAPSHOT.jar:?]
	at org.apache.hadoop.ozone.om.KeyManagerImpl.getFileStatus(KeyManagerImpl.java:1114) ~[ozone-manager-1.4.0-SNAPSHOT.jar:?]
	at org.apache.hadoop.ozone.om.OmMetadataReader.getFileStatus(OmMetadataReader.java:288) ~[ozone-manager-1.4.0-SNAPSHOT.jar:?]
	at org.apache.hadoop.ozone.om.OzoneManager.getFileStatus(OzoneManager.java:3494) ~[ozone-manager-1.4.0-SNAPSHOT.jar:?]
	at org.apache.hadoop.ozone.protocolPB.OzoneManagerRequestHandler.getOzoneFileStatus(OzoneManagerRequestHandler.java:933) ~[ozone-manager-1.4.0-SNAPSHOT.jar:?]
	at org.apache.hadoop.ozone.protocolPB.OzoneManagerRequestHandler.handleReadRequest(OzoneManagerRequestHandler.java:238) ~[ozone-manager-1.4.0-SNAPSHOT.jar:?]
	at org.apache.hadoop.ozone.protocolPB.OzoneManagerProtocolServerSideTranslatorPB.submitRequestDirectlyToOM(OzoneManagerProtocolServerSideTranslatorPB.java:272) ~[ozone-manager-1.4.0-SNAPSHOT.jar:?]
	at org.apache.hadoop.ozone.protocolPB.OzoneManagerProtocolServerSideTranslatorPB.processRequest(OzoneManagerProtocolServerSideTranslatorPB.java:173) ~[ozone-manager-1.4.0-SNAPSHOT.jar:?]
	at org.apache.hadoop.hdds.server.OzoneProtocolMessageDispatcher.processRequest(OzoneProtocolMessageDispatcher.java:87) [hdds-server-framework-1.4.0-SNAPSHOT.jar:?]
	at org.apache.hadoop.ozone.protocolPB.OzoneManagerProtocolServerSideTranslatorPB.submitRequest(OzoneManagerProtocolServerSideTranslatorPB.java:147) [ozone-manager-1.4.0-SNAPSHOT.jar:?]
	at org.apache.hadoop.ozone.protocol.proto.OzoneManagerProtocolProtos$OzoneManagerService$2.callBlockingMethod(OzoneManagerProtocolProtos.java) [ozone-interface-client-1.4.0-SNAPSHOT.jar:?]
	at org.apache.hadoop.ipc.ProtobufRpcEngine$Server.processCall(ProtobufRpcEngine.java:465) [hadoop-common-3.3.4.jar:?]
	at org.apache.hadoop.ipc.ProtobufRpcEngine2$Server$ProtoBufRpcInvoker.call(ProtobufRpcEngine2.java:578) [hadoop-common-3.3.4.jar:?]
	at org.apache.hadoop.ipc.ProtobufRpcEngine2$Server$ProtoBufRpcInvoker.call(ProtobufRpcEngine2.java:556) [hadoop-common-3.3.4.jar:?]
	at org.apache.hadoop.ipc.RPC$Server.call(RPC.java:1093) [hadoop-common-3.3.4.jar:?]
	at org.apache.hadoop.ipc.Server$RpcCall.run(Server.java:1043) [hadoop-common-3.3.4.jar:?]
	at org.apache.hadoop.ipc.Server$RpcCall.run(Server.java:971) [hadoop-common-3.3.4.jar:?]
	at java.security.AccessController.doPrivileged(Native Method) ~[?:1.8.0_362]
	at javax.security.auth.Subject.doAs(Subject.java:422) [?:1.8.0_362]
	at org.apache.hadoop.security.UserGroupInformation.doAs(UserGroupInformation.java:1878) [hadoop-common-3.3.4.jar:?]
	at org.apache.hadoop.ipc.Server$Handler.run(Server.java:2976) [hadoop-common-3.3.4.jar:?]
20:05:50.480 [IPC Server handler 16 on default port 40321] ERROR OMAudit - user=runner | ip=127.0.0.1 | op=GET_FILE_STATUS {volume=volume45206, bucket=bucket25127, key=gdir1/dir5/child, dataSize=0, replicationConfig=null} | ret=FAILURE
org.apache.hadoop.ozone.om.exceptions.OMException: Unable to get file status: volume: volume45206 bucket: bucket25127 key: gdir1/dir5/child
	at org.apache.hadoop.ozone.om.KeyManagerImpl.getOzoneFileStatus(KeyManagerImpl.java:1196) ~[ozone-manager-1.4.0-SNAPSHOT.jar:?]
	at org.apache.hadoop.ozone.om.KeyManagerImpl.getFileStatus(KeyManagerImpl.java:1114) ~[ozone-manager-1.4.0-SNAPSHOT.jar:?]
	at org.apache.hadoop.ozone.om.OmMetadataReader.getFileStatus(OmMetadataReader.java:288) ~[ozone-manager-1.4.0-SNAPSHOT.jar:?]
	at org.apache.hadoop.ozone.om.OzoneManager.getFileStatus(OzoneManager.java:3494) ~[ozone-manager-1.4.0-SNAPSHOT.jar:?]
	at org.apache.hadoop.ozone.protocolPB.OzoneManagerRequestHandler.getOzoneFileStatus(OzoneManagerRequestHandler.java:933) ~[ozone-manager-1.4.0-SNAPSHOT.jar:?]
	at org.apache.hadoop.ozone.protocolPB.OzoneManagerRequestHandler.handleReadRequest(OzoneManagerRequestHandler.java:238) ~[ozone-manager-1.4.0-SNAPSHOT.jar:?]
	at org.apache.hadoop.ozone.protocolPB.OzoneManagerProtocolServerSideTranslatorPB.submitRequestDirectlyToOM(OzoneManagerProtocolServerSideTranslatorPB.java:272) ~[ozone-manager-1.4.0-SNAPSHOT.jar:?]
	at org.apache.hadoop.ozone.protocolPB.OzoneManagerProtocolServerSideTranslatorPB.processRequest(OzoneManagerProtocolServerSideTranslatorPB.java:173) ~[ozone-manager-1.4.0-SNAPSHOT.jar:?]
	at org.apache.hadoop.hdds.server.OzoneProtocolMessageDispatcher.processRequest(OzoneProtocolMessageDispatcher.java:87) [hdds-server-framework-1.4.0-SNAPSHOT.jar:?]
	at org.apache.hadoop.ozone.protocolPB.OzoneManagerProtocolServerSideTranslatorPB.submitRequest(OzoneManagerProtocolServerSideTranslatorPB.java:147) [ozone-manager-1.4.0-SNAPSHOT.jar:?]
	at org.apache.hadoop.ozone.protocol.proto.OzoneManagerProtocolProtos$OzoneManagerService$2.callBlockingMethod(OzoneManagerProtocolProtos.java) [ozone-interface-client-1.4.0-SNAPSHOT.jar:?]
	at org.apache.hadoop.ipc.ProtobufRpcEngine$Server.processCall(ProtobufRpcEngine.java:465) [hadoop-common-3.3.4.jar:?]
	at org.apache.hadoop.ipc.ProtobufRpcEngine2$Server$ProtoBufRpcInvoker.call(ProtobufRpcEngine2.java:578) [hadoop-common-3.3.4.jar:?]
	at org.apache.hadoop.ipc.ProtobufRpcEngine2$Server$ProtoBufRpcInvoker.call(ProtobufRpcEngine2.java:556) [hadoop-common-3.3.4.jar:?]
	at org.apache.hadoop.ipc.RPC$Server.call(RPC.java:1093) [hadoop-common-3.3.4.jar:?]
	at org.apache.hadoop.ipc.Server$RpcCall.run(Server.java:1043) [hadoop-common-3.3.4.jar:?]
	at org.apache.hadoop.ipc.Server$RpcCall.run(Server.java:971) [hadoop-common-3.3.4.jar:?]
	at java.security.AccessController.doPrivileged(Native Method) ~[?:1.8.0_362]
	at javax.security.auth.Subject.doAs(Subject.java:422) [?:1.8.0_362]
	at org.apache.hadoop.security.UserGroupInformation.doAs(UserGroupInformation.java:1878) [hadoop-common-3.3.4.jar:?]
	at org.apache.hadoop.ipc.Server$Handler.run(Server.java:2976) [hadoop-common-3.3.4.jar:?]
20:05:50.481 [IPC Server handler 10 on default port 40321] ERROR OMAudit - user=runner | ip=127.0.0.1 | op=GET_FILE_STATUS {volume=volume45206, bucket=bucket25127, key=gdir1/dir6, dataSize=0, replicationConfig=null} | ret=FAILURE
org.apache.hadoop.ozone.om.exceptions.OMException: Unable to get file status: volume: volume45206 bucket: bucket25127 key: gdir1/dir6
	at org.apache.hadoop.ozone.om.KeyManagerImpl.getOzoneFileStatus(KeyManagerImpl.java:1196) ~[ozone-manager-1.4.0-SNAPSHOT.jar:?]
	at org.apache.hadoop.ozone.om.KeyManagerImpl.getFileStatus(KeyManagerImpl.java:1114) ~[ozone-manager-1.4.0-SNAPSHOT.jar:?]
	at org.apache.hadoop.ozone.om.OmMetadataReader.getFileStatus(OmMetadataReader.java:288) ~[ozone-manager-1.4.0-SNAPSHOT.jar:?]
	at org.apache.hadoop.ozone.om.OzoneManager.getFileStatus(OzoneManager.java:3494) ~[ozone-manager-1.4.0-SNAPSHOT.jar:?]
	at org.apache.hadoop.ozone.protocolPB.OzoneManagerRequestHandler.getOzoneFileStatus(OzoneManagerRequestHandler.java:933) ~[ozone-manager-1.4.0-SNAPSHOT.jar:?]
	at org.apache.hadoop.ozone.protocolPB.OzoneManagerRequestHandler.handleReadRequest(OzoneManagerRequestHandler.java:238) ~[ozone-manager-1.4.0-SNAPSHOT.jar:?]
	at org.apache.hadoop.ozone.protocolPB.OzoneManagerProtocolServerSideTranslatorPB.submitRequestDirectlyToOM(OzoneManagerProtocolServerSideTranslatorPB.java:272) ~[ozone-manager-1.4.0-SNAPSHOT.jar:?]
	at org.apache.hadoop.ozone.protocolPB.OzoneManagerProtocolServerSideTranslatorPB.processRequest(OzoneManagerProtocolServerSideTranslatorPB.java:173) ~[ozone-manager-1.4.0-SNAPSHOT.jar:?]
	at org.apache.hadoop.hdds.server.OzoneProtocolMessageDispatcher.processRequest(OzoneProtocolMessageDispatcher.java:87) [hdds-server-framework-1.4.0-SNAPSHOT.jar:?]
	at org.apache.hadoop.ozone.protocolPB.OzoneManagerProtocolServerSideTranslatorPB.submitRequest(OzoneManagerProtocolServerSideTranslatorPB.java:147) [ozone-manager-1.4.0-SNAPSHOT.jar:?]
	at org.apache.hadoop.ozone.protocol.proto.OzoneManagerProtocolProtos$OzoneManagerService$2.callBlockingMethod(OzoneManagerProtocolProtos.java) [ozone-interface-client-1.4.0-SNAPSHOT.jar:?]
	at org.apache.hadoop.ipc.ProtobufRpcEngine$Server.processCall(ProtobufRpcEngine.java:465) [hadoop-common-3.3.4.jar:?]
	at org.apache.hadoop.ipc.ProtobufRpcEngine2$Server$ProtoBufRpcInvoker.call(ProtobufRpcEngine2.java:578) [hadoop-common-3.3.4.jar:?]
	at org.apache.hadoop.ipc.ProtobufRpcEngine2$Server$ProtoBufRpcInvoker.call(ProtobufRpcEngine2.java:556) [hadoop-common-3.3.4.jar:?]
	at org.apache.hadoop.ipc.RPC$Server.call(RPC.java:1093) [hadoop-common-3.3.4.jar:?]
	at org.apache.hadoop.ipc.Server$RpcCall.run(Server.java:1043) [hadoop-common-3.3.4.jar:?]
	at org.apache.hadoop.ipc.Server$RpcCall.run(Server.java:971) [hadoop-common-3.3.4.jar:?]
	at java.security.AccessController.doPrivileged(Native Method) ~[?:1.8.0_362]
	at javax.security.auth.Subject.doAs(Subject.java:422) [?:1.8.0_362]
	at org.apache.hadoop.security.UserGroupInformation.doAs(UserGroupInformation.java:1878) [hadoop-common-3.3.4.jar:?]
	at org.apache.hadoop.ipc.Server$Handler.run(Server.java:2976) [hadoop-common-3.3.4.jar:?]
20:05:50.482 [IPC Server handler 13 on default port 40321] ERROR OMAudit - user=runner | ip=127.0.0.1 | op=GET_FILE_STATUS {volume=volume45206, bucket=bucket25127, key=gdir1/dir6/child, dataSize=0, replicationConfig=null} | ret=FAILURE
org.apache.hadoop.ozone.om.exceptions.OMException: Unable to get file status: volume: volume45206 bucket: bucket25127 key: gdir1/dir6/child
	at org.apache.hadoop.ozone.om.KeyManagerImpl.getOzoneFileStatus(KeyManagerImpl.java:1196) ~[ozone-manager-1.4.0-SNAPSHOT.jar:?]
	at org.apache.hadoop.ozone.om.KeyManagerImpl.getFileStatus(KeyManagerImpl.java:1114) ~[ozone-manager-1.4.0-SNAPSHOT.jar:?]
	at org.apache.hadoop.ozone.om.OmMetadataReader.getFileStatus(OmMetadataReader.java:288) ~[ozone-manager-1.4.0-SNAPSHOT.jar:?]
	at org.apache.hadoop.ozone.om.OzoneManager.getFileStatus(OzoneManager.java:3494) ~[ozone-manager-1.4.0-SNAPSHOT.jar:?]
	at org.apache.hadoop.ozone.protocolPB.OzoneManagerRequestHandler.getOzoneFileStatus(OzoneManagerRequestHandler.java:933) ~[ozone-manager-1.4.0-SNAPSHOT.jar:?]
	at org.apache.hadoop.ozone.protocolPB.OzoneManagerRequestHandler.handleReadRequest(OzoneManagerRequestHandler.java:238) ~[ozone-manager-1.4.0-SNAPSHOT.jar:?]
	at org.apache.hadoop.ozone.protocolPB.OzoneManagerProtocolServerSideTranslatorPB.submitRequestDirectlyToOM(OzoneManagerProtocolServerSideTranslatorPB.java:272) ~[ozone-manager-1.4.0-SNAPSHOT.jar:?]
	at org.apache.hadoop.ozone.protocolPB.OzoneManagerProtocolServerSideTranslatorPB.processRequest(OzoneManagerProtocolServerSideTranslatorPB.java:173) ~[ozone-manager-1.4.0-SNAPSHOT.jar:?]
	at org.apache.hadoop.hdds.server.OzoneProtocolMessageDispatcher.processRequest(OzoneProtocolMessageDispatcher.java:87) [hdds-server-framework-1.4.0-SNAPSHOT.jar:?]
	at org.apache.hadoop.ozone.protocolPB.OzoneManagerProtocolServerSideTranslatorPB.submitRequest(OzoneManagerProtocolServerSideTranslatorPB.java:147) [ozone-manager-1.4.0-SNAPSHOT.jar:?]
	at org.apache.hadoop.ozone.protocol.proto.OzoneManagerProtocolProtos$OzoneManagerService$2.callBlockingMethod(OzoneManagerProtocolProtos.java) [ozone-interface-client-1.4.0-SNAPSHOT.jar:?]
	at org.apache.hadoop.ipc.ProtobufRpcEngine$Server.processCall(ProtobufRpcEngine.java:465) [hadoop-common-3.3.4.jar:?]
	at org.apache.hadoop.ipc.ProtobufRpcEngine2$Server$ProtoBufRpcInvoker.call(ProtobufRpcEngine2.java:578) [hadoop-common-3.3.4.jar:?]
	at org.apache.hadoop.ipc.ProtobufRpcEngine2$Server$ProtoBufRpcInvoker.call(ProtobufRpcEngine2.java:556) [hadoop-common-3.3.4.jar:?]
	at org.apache.hadoop.ipc.RPC$Server.call(RPC.java:1093) [hadoop-common-3.3.4.jar:?]
	at org.apache.hadoop.ipc.Server$RpcCall.run(Server.java:1043) [hadoop-common-3.3.4.jar:?]
	at org.apache.hadoop.ipc.Server$RpcCall.run(Server.java:971) [hadoop-common-3.3.4.jar:?]
	at java.security.AccessController.doPrivileged(Native Method) ~[?:1.8.0_362]
	at javax.security.auth.Subject.doAs(Subject.java:422) [?:1.8.0_362]
	at org.apache.hadoop.security.UserGroupInformation.doAs(UserGroupInformation.java:1878) [hadoop-common-3.3.4.jar:?]
	at org.apache.hadoop.ipc.Server$Handler.run(Server.java:2976) [hadoop-common-3.3.4.jar:?]
20:05:50.487 [IPC Server handler 6 on default port 40321] ERROR OMAudit - user=runner | ip=127.0.0.1 | op=GET_FILE_STATUS {volume=volume45206, bucket=bucket25127, key=gdir1/dir7, dataSize=0, replicationConfig=null} | ret=FAILURE
org.apache.hadoop.ozone.om.exceptions.OMException: Unable to get file status: volume: volume45206 bucket: bucket25127 key: gdir1/dir7
	at org.apache.hadoop.ozone.om.KeyManagerImpl.getOzoneFileStatus(KeyManagerImpl.java:1196) ~[ozone-manager-1.4.0-SNAPSHOT.jar:?]
	at org.apache.hadoop.ozone.om.KeyManagerImpl.getFileStatus(KeyManagerImpl.java:1114) ~[ozone-manager-1.4.0-SNAPSHOT.jar:?]
	at org.apache.hadoop.ozone.om.OmMetadataReader.getFileStatus(OmMetadataReader.java:288) ~[ozone-manager-1.4.0-SNAPSHOT.jar:?]
	at org.apache.hadoop.ozone.om.OzoneManager.getFileStatus(OzoneManager.java:3494) ~[ozone-manager-1.4.0-SNAPSHOT.jar:?]
	at org.apache.hadoop.ozone.protocolPB.OzoneManagerRequestHandler.getOzoneFileStatus(OzoneManagerRequestHandler.java:933) ~[ozone-manager-1.4.0-SNAPSHOT.jar:?]
	at org.apache.hadoop.ozone.protocolPB.OzoneManagerRequestHandler.handleReadRequest(OzoneManagerRequestHandler.java:238) ~[ozone-manager-1.4.0-SNAPSHOT.jar:?]
	at org.apache.hadoop.ozone.protocolPB.OzoneManagerProtocolServerSideTranslatorPB.submitRequestDirectlyToOM(OzoneManagerProtocolServerSideTranslatorPB.java:272) ~[ozone-manager-1.4.0-SNAPSHOT.jar:?]
	at org.apache.hadoop.ozone.protocolPB.OzoneManagerProtocolServerSideTranslatorPB.processRequest(OzoneManagerProtocolServerSideTranslatorPB.java:173) ~[ozone-manager-1.4.0-SNAPSHOT.jar:?]
	at org.apache.hadoop.hdds.server.OzoneProtocolMessageDispatcher.processRequest(OzoneProtocolMessageDispatcher.java:87) [hdds-server-framework-1.4.0-SNAPSHOT.jar:?]
	at org.apache.hadoop.ozone.protocolPB.OzoneManagerProtocolServerSideTranslatorPB.submitRequest(OzoneManagerProtocolServerSideTranslatorPB.java:147) [ozone-manager-1.4.0-SNAPSHOT.jar:?]
	at org.apache.hadoop.ozone.protocol.proto.OzoneManagerProtocolProtos$OzoneManagerService$2.callBlockingMethod(OzoneManagerProtocolProtos.java) [ozone-interface-client-1.4.0-SNAPSHOT.jar:?]
	at org.apache.hadoop.ipc.ProtobufRpcEngine$Server.processCall(ProtobufRpcEngine.java:465) [hadoop-common-3.3.4.jar:?]
	at org.apache.hadoop.ipc.ProtobufRpcEngine2$Server$ProtoBufRpcInvoker.call(ProtobufRpcEngine2.java:578) [hadoop-common-3.3.4.jar:?]
	at org.apache.hadoop.ipc.ProtobufRpcEngine2$Server$ProtoBufRpcInvoker.call(ProtobufRpcEngine2.java:556) [hadoop-common-3.3.4.jar:?]
	at org.apache.hadoop.ipc.RPC$Server.call(RPC.java:1093) [hadoop-common-3.3.4.jar:?]
	at org.apache.hadoop.ipc.Server$RpcCall.run(Server.java:1043) [hadoop-common-3.3.4.jar:?]
	at org.apache.hadoop.ipc.Server$RpcCall.run(Server.java:971) [hadoop-common-3.3.4.jar:?]
	at java.security.AccessController.doPrivileged(Native Method) ~[?:1.8.0_362]
	at javax.security.auth.Subject.doAs(Subject.java:422) [?:1.8.0_362]
	at org.apache.hadoop.security.UserGroupInformation.doAs(UserGroupInformation.java:1878) [hadoop-common-3.3.4.jar:?]
	at org.apache.hadoop.ipc.Server$Handler.run(Server.java:2976) [hadoop-common-3.3.4.jar:?]
20:05:50.488 [IPC Server handler 11 on default port 40321] ERROR OMAudit - user=runner | ip=127.0.0.1 | op=GET_FILE_STATUS {volume=volume45206, bucket=bucket25127, key=gdir1/dir7/child, dataSize=0, replicationConfig=null} | ret=FAILURE
org.apache.hadoop.ozone.om.exceptions.OMException: Unable to get file status: volume: volume45206 bucket: bucket25127 key: gdir1/dir7/child
	at org.apache.hadoop.ozone.om.KeyManagerImpl.getOzoneFileStatus(KeyManagerImpl.java:1196) ~[ozone-manager-1.4.0-SNAPSHOT.jar:?]
	at org.apache.hadoop.ozone.om.KeyManagerImpl.getFileStatus(KeyManagerImpl.java:1114) ~[ozone-manager-1.4.0-SNAPSHOT.jar:?]
	at org.apache.hadoop.ozone.om.OmMetadataReader.getFileStatus(OmMetadataReader.java:288) ~[ozone-manager-1.4.0-SNAPSHOT.jar:?]
	at org.apache.hadoop.ozone.om.OzoneManager.getFileStatus(OzoneManager.java:3494) ~[ozone-manager-1.4.0-SNAPSHOT.jar:?]
	at org.apache.hadoop.ozone.protocolPB.OzoneManagerRequestHandler.getOzoneFileStatus(OzoneManagerRequestHandler.java:933) ~[ozone-manager-1.4.0-SNAPSHOT.jar:?]
	at org.apache.hadoop.ozone.protocolPB.OzoneManagerRequestHandler.handleReadRequest(OzoneManagerRequestHandler.java:238) ~[ozone-manager-1.4.0-SNAPSHOT.jar:?]
	at org.apache.hadoop.ozone.protocolPB.OzoneManagerProtocolServerSideTranslatorPB.submitRequestDirectlyToOM(OzoneManagerProtocolServerSideTranslatorPB.java:272) ~[ozone-manager-1.4.0-SNAPSHOT.jar:?]
	at org.apache.hadoop.ozone.protocolPB.OzoneManagerProtocolServerSideTranslatorPB.processRequest(OzoneManagerProtocolServerSideTranslatorPB.java:173) ~[ozone-manager-1.4.0-SNAPSHOT.jar:?]
	at org.apache.hadoop.hdds.server.OzoneProtocolMessageDispatcher.processRequest(OzoneProtocolMessageDispatcher.java:87) [hdds-server-framework-1.4.0-SNAPSHOT.jar:?]
	at org.apache.hadoop.ozone.protocolPB.OzoneManagerProtocolServerSideTranslatorPB.submitRequest(OzoneManagerProtocolServerSideTranslatorPB.java:147) [ozone-manager-1.4.0-SNAPSHOT.jar:?]
	at org.apache.hadoop.ozone.protocol.proto.OzoneManagerProtocolProtos$OzoneManagerService$2.callBlockingMethod(OzoneManagerProtocolProtos.java) [ozone-interface-client-1.4.0-SNAPSHOT.jar:?]
	at org.apache.hadoop.ipc.ProtobufRpcEngine$Server.processCall(ProtobufRpcEngine.java:465) [hadoop-common-3.3.4.jar:?]
	at org.apache.hadoop.ipc.ProtobufRpcEngine2$Server$ProtoBufRpcInvoker.call(ProtobufRpcEngine2.java:578) [hadoop-common-3.3.4.jar:?]
	at org.apache.hadoop.ipc.ProtobufRpcEngine2$Server$ProtoBufRpcInvoker.call(ProtobufRpcEngine2.java:556) [hadoop-common-3.3.4.jar:?]
	at org.apache.hadoop.ipc.RPC$Server.call(RPC.java:1093) [hadoop-common-3.3.4.jar:?]
	at org.apache.hadoop.ipc.Server$RpcCall.run(Server.java:1043) [hadoop-common-3.3.4.jar:?]
	at org.apache.hadoop.ipc.Server$RpcCall.run(Server.java:971) [hadoop-common-3.3.4.jar:?]
	at java.security.AccessController.doPrivileged(Native Method) ~[?:1.8.0_362]
	at javax.security.auth.Subject.doAs(Subject.java:422) [?:1.8.0_362]
	at org.apache.hadoop.security.UserGroupInformation.doAs(UserGroupInformation.java:1878) [hadoop-common-3.3.4.jar:?]
	at org.apache.hadoop.ipc.Server$Handler.run(Server.java:2976) [hadoop-common-3.3.4.jar:?]
20:05:50.491 [IPC Server handler 8 on default port 40321] ERROR OMAudit - user=runner | ip=127.0.0.1 | op=GET_FILE_STATUS {volume=volume45206, bucket=bucket25127, key=gdir1/dir8, dataSize=0, replicationConfig=null} | ret=FAILURE
org.apache.hadoop.ozone.om.exceptions.OMException: Unable to get file status: volume: volume45206 bucket: bucket25127 key: gdir1/dir8
	at org.apache.hadoop.ozone.om.KeyManagerImpl.getOzoneFileStatus(KeyManagerImpl.java:1196) ~[ozone-manager-1.4.0-SNAPSHOT.jar:?]
	at org.apache.hadoop.ozone.om.KeyManagerImpl.getFileStatus(KeyManagerImpl.java:1114) ~[ozone-manager-1.4.0-SNAPSHOT.jar:?]
	at org.apache.hadoop.ozone.om.OmMetadataReader.getFileStatus(OmMetadataReader.java:288) ~[ozone-manager-1.4.0-SNAPSHOT.jar:?]
	at org.apache.hadoop.ozone.om.OzoneManager.getFileStatus(OzoneManager.java:3494) ~[ozone-manager-1.4.0-SNAPSHOT.jar:?]
	at org.apache.hadoop.ozone.protocolPB.OzoneManagerRequestHandler.getOzoneFileStatus(OzoneManagerRequestHandler.java:933) ~[ozone-manager-1.4.0-SNAPSHOT.jar:?]
	at org.apache.hadoop.ozone.protocolPB.OzoneManagerRequestHandler.handleReadRequest(OzoneManagerRequestHandler.java:238) ~[ozone-manager-1.4.0-SNAPSHOT.jar:?]
	at org.apache.hadoop.ozone.protocolPB.OzoneManagerProtocolServerSideTranslatorPB.submitRequestDirectlyToOM(OzoneManagerProtocolServerSideTranslatorPB.java:272) ~[ozone-manager-1.4.0-SNAPSHOT.jar:?]
	at org.apache.hadoop.ozone.protocolPB.OzoneManagerProtocolServerSideTranslatorPB.processRequest(OzoneManagerProtocolServerSideTranslatorPB.java:173) ~[ozone-manager-1.4.0-SNAPSHOT.jar:?]
	at org.apache.hadoop.hdds.server.OzoneProtocolMessageDispatcher.processRequest(OzoneProtocolMessageDispatcher.java:87) [hdds-server-framework-1.4.0-SNAPSHOT.jar:?]
	at org.apache.hadoop.ozone.protocolPB.OzoneManagerProtocolServerSideTranslatorPB.submitRequest(OzoneManagerProtocolServerSideTranslatorPB.java:147) [ozone-manager-1.4.0-SNAPSHOT.jar:?]
	at org.apache.hadoop.ozone.protocol.proto.OzoneManagerProtocolProtos$OzoneManagerService$2.callBlockingMethod(OzoneManagerProtocolProtos.java) [ozone-interface-client-1.4.0-SNAPSHOT.jar:?]
	at org.apache.hadoop.ipc.ProtobufRpcEngine$Server.processCall(ProtobufRpcEngine.java:465) [hadoop-common-3.3.4.jar:?]
	at org.apache.hadoop.ipc.ProtobufRpcEngine2$Server$ProtoBufRpcInvoker.call(ProtobufRpcEngine2.java:578) [hadoop-common-3.3.4.jar:?]
	at org.apache.hadoop.ipc.ProtobufRpcEngine2$Server$ProtoBufRpcInvoker.call(ProtobufRpcEngine2.java:556) [hadoop-common-3.3.4.jar:?]
	at org.apache.hadoop.ipc.RPC$Server.call(RPC.java:1093) [hadoop-common-3.3.4.jar:?]
	at org.apache.hadoop.ipc.Server$RpcCall.run(Server.java:1043) [hadoop-common-3.3.4.jar:?]
	at org.apache.hadoop.ipc.Server$RpcCall.run(Server.java:971) [hadoop-common-3.3.4.jar:?]
	at java.security.AccessController.doPrivileged(Native Method) ~[?:1.8.0_362]
	at javax.security.auth.Subject.doAs(Subject.java:422) [?:1.8.0_362]
	at org.apache.hadoop.security.UserGroupInformation.doAs(UserGroupInformation.java:1878) [hadoop-common-3.3.4.jar:?]
	at org.apache.hadoop.ipc.Server$Handler.run(Server.java:2976) [hadoop-common-3.3.4.jar:?]
20:05:50.492 [IPC Server handler 3 on default port 40321] ERROR OMAudit - user=runner | ip=127.0.0.1 | op=GET_FILE_STATUS {volume=volume45206, bucket=bucket25127, key=gdir1/dir8/child, dataSize=0, replicationConfig=null} | ret=FAILURE
org.apache.hadoop.ozone.om.exceptions.OMException: Unable to get file status: volume: volume45206 bucket: bucket25127 key: gdir1/dir8/child
	at org.apache.hadoop.ozone.om.KeyManagerImpl.getOzoneFileStatus(KeyManagerImpl.java:1196) ~[ozone-manager-1.4.0-SNAPSHOT.jar:?]
	at org.apache.hadoop.ozone.om.KeyManagerImpl.getFileStatus(KeyManagerImpl.java:1114) ~[ozone-manager-1.4.0-SNAPSHOT.jar:?]
	at org.apache.hadoop.ozone.om.OmMetadataReader.getFileStatus(OmMetadataReader.java:288) ~[ozone-manager-1.4.0-SNAPSHOT.jar:?]
	at org.apache.hadoop.ozone.om.OzoneManager.getFileStatus(OzoneManager.java:3494) ~[ozone-manager-1.4.0-SNAPSHOT.jar:?]
	at org.apache.hadoop.ozone.protocolPB.OzoneManagerRequestHandler.getOzoneFileStatus(OzoneManagerRequestHandler.java:933) ~[ozone-manager-1.4.0-SNAPSHOT.jar:?]
	at org.apache.hadoop.ozone.protocolPB.OzoneManagerRequestHandler.handleReadRequest(OzoneManagerRequestHandler.java:238) ~[ozone-manager-1.4.0-SNAPSHOT.jar:?]
	at org.apache.hadoop.ozone.protocolPB.OzoneManagerProtocolServerSideTranslatorPB.submitRequestDirectlyToOM(OzoneManagerProtocolServerSideTranslatorPB.java:272) ~[ozone-manager-1.4.0-SNAPSHOT.jar:?]
	at org.apache.hadoop.ozone.protocolPB.OzoneManagerProtocolServerSideTranslatorPB.processRequest(OzoneManagerProtocolServerSideTranslatorPB.java:173) ~[ozone-manager-1.4.0-SNAPSHOT.jar:?]
	at org.apache.hadoop.hdds.server.OzoneProtocolMessageDispatcher.processRequest(OzoneProtocolMessageDispatcher.java:87) [hdds-server-framework-1.4.0-SNAPSHOT.jar:?]
	at org.apache.hadoop.ozone.protocolPB.OzoneManagerProtocolServerSideTranslatorPB.submitRequest(OzoneManagerProtocolServerSideTranslatorPB.java:147) [ozone-manager-1.4.0-SNAPSHOT.jar:?]
	at org.apache.hadoop.ozone.protocol.proto.OzoneManagerProtocolProtos$OzoneManagerService$2.callBlockingMethod(OzoneManagerProtocolProtos.java) [ozone-interface-client-1.4.0-SNAPSHOT.jar:?]
	at org.apache.hadoop.ipc.ProtobufRpcEngine$Server.processCall(ProtobufRpcEngine.java:465) [hadoop-common-3.3.4.jar:?]
	at org.apache.hadoop.ipc.ProtobufRpcEngine2$Server$ProtoBufRpcInvoker.call(ProtobufRpcEngine2.java:578) [hadoop-common-3.3.4.jar:?]
	at org.apache.hadoop.ipc.ProtobufRpcEngine2$Server$ProtoBufRpcInvoker.call(ProtobufRpcEngine2.java:556) [hadoop-common-3.3.4.jar:?]
	at org.apache.hadoop.ipc.RPC$Server.call(RPC.java:1093) [hadoop-common-3.3.4.jar:?]
	at org.apache.hadoop.ipc.Server$RpcCall.run(Server.java:1043) [hadoop-common-3.3.4.jar:?]
	at org.apache.hadoop.ipc.Server$RpcCall.run(Server.java:971) [hadoop-common-3.3.4.jar:?]
	at java.security.AccessController.doPrivileged(Native Method) ~[?:1.8.0_362]
	at javax.security.auth.Subject.doAs(Subject.java:422) [?:1.8.0_362]
	at org.apache.hadoop.security.UserGroupInformation.doAs(UserGroupInformation.java:1878) [hadoop-common-3.3.4.jar:?]
	at org.apache.hadoop.ipc.Server$Handler.run(Server.java:2976) [hadoop-common-3.3.4.jar:?]
20:05:50.493 [IPC Server handler 9 on default port 40321] ERROR OMAudit - user=runner | ip=127.0.0.1 | op=GET_FILE_STATUS {volume=volume45206, bucket=bucket25127, key=gdir1/dir9, dataSize=0, replicationConfig=null} | ret=FAILURE
org.apache.hadoop.ozone.om.exceptions.OMException: Unable to get file status: volume: volume45206 bucket: bucket25127 key: gdir1/dir9
	at org.apache.hadoop.ozone.om.KeyManagerImpl.getOzoneFileStatus(KeyManagerImpl.java:1196) ~[ozone-manager-1.4.0-SNAPSHOT.jar:?]
	at org.apache.hadoop.ozone.om.KeyManagerImpl.getFileStatus(KeyManagerImpl.java:1114) ~[ozone-manager-1.4.0-SNAPSHOT.jar:?]
	at org.apache.hadoop.ozone.om.OmMetadataReader.getFileStatus(OmMetadataReader.java:288) ~[ozone-manager-1.4.0-SNAPSHOT.jar:?]
	at org.apache.hadoop.ozone.om.OzoneManager.getFileStatus(OzoneManager.java:3494) ~[ozone-manager-1.4.0-SNAPSHOT.jar:?]
	at org.apache.hadoop.ozone.protocolPB.OzoneManagerRequestHandler.getOzoneFileStatus(OzoneManagerRequestHandler.java:933) ~[ozone-manager-1.4.0-SNAPSHOT.jar:?]
	at org.apache.hadoop.ozone.protocolPB.OzoneManagerRequestHandler.handleReadRequest(OzoneManagerRequestHandler.java:238) ~[ozone-manager-1.4.0-SNAPSHOT.jar:?]
	at org.apache.hadoop.ozone.protocolPB.OzoneManagerProtocolServerSideTranslatorPB.submitRequestDirectlyToOM(OzoneManagerProtocolServerSideTranslatorPB.java:272) ~[ozone-manager-1.4.0-SNAPSHOT.jar:?]
	at org.apache.hadoop.ozone.protocolPB.OzoneManagerProtocolServerSideTranslatorPB.processRequest(OzoneManagerProtocolServerSideTranslatorPB.java:173) ~[ozone-manager-1.4.0-SNAPSHOT.jar:?]
	at org.apache.hadoop.hdds.server.OzoneProtocolMessageDispatcher.processRequest(OzoneProtocolMessageDispatcher.java:87) [hdds-server-framework-1.4.0-SNAPSHOT.jar:?]
	at org.apache.hadoop.ozone.protocolPB.OzoneManagerProtocolServerSideTranslatorPB.submitRequest(OzoneManagerProtocolServerSideTranslatorPB.java:147) [ozone-manager-1.4.0-SNAPSHOT.jar:?]
	at org.apache.hadoop.ozone.protocol.proto.OzoneManagerProtocolProtos$OzoneManagerService$2.callBlockingMethod(OzoneManagerProtocolProtos.java) [ozone-interface-client-1.4.0-SNAPSHOT.jar:?]
	at org.apache.hadoop.ipc.ProtobufRpcEngine$Server.processCall(ProtobufRpcEngine.java:465) [hadoop-common-3.3.4.jar:?]
	at org.apache.hadoop.ipc.ProtobufRpcEngine2$Server$ProtoBufRpcInvoker.call(ProtobufRpcEngine2.java:578) [hadoop-common-3.3.4.jar:?]
	at org.apache.hadoop.ipc.ProtobufRpcEngine2$Server$ProtoBufRpcInvoker.call(ProtobufRpcEngine2.java:556) [hadoop-common-3.3.4.jar:?]
	at org.apache.hadoop.ipc.RPC$Server.call(RPC.java:1093) [hadoop-common-3.3.4.jar:?]
	at org.apache.hadoop.ipc.Server$RpcCall.run(Server.java:1043) [hadoop-common-3.3.4.jar:?]
	at org.apache.hadoop.ipc.Server$RpcCall.run(Server.java:971) [hadoop-common-3.3.4.jar:?]
	at java.security.AccessController.doPrivileged(Native Method) ~[?:1.8.0_362]
	at javax.security.auth.Subject.doAs(Subject.java:422) [?:1.8.0_362]
	at org.apache.hadoop.security.UserGroupInformation.doAs(UserGroupInformation.java:1878) [hadoop-common-3.3.4.jar:?]
	at org.apache.hadoop.ipc.Server$Handler.run(Server.java:2976) [hadoop-common-3.3.4.jar:?]
20:05:50.496 [IPC Server handler 7 on default port 40321] ERROR OMAudit - user=runner | ip=127.0.0.1 | op=GET_FILE_STATUS {volume=volume45206, bucket=bucket25127, key=gdir1/dir9/child, dataSize=0, replicationConfig=null} | ret=FAILURE
org.apache.hadoop.ozone.om.exceptions.OMException: Unable to get file status: volume: volume45206 bucket: bucket25127 key: gdir1/dir9/child
	at org.apache.hadoop.ozone.om.KeyManagerImpl.getOzoneFileStatus(KeyManagerImpl.java:1196) ~[ozone-manager-1.4.0-SNAPSHOT.jar:?]
	at org.apache.hadoop.ozone.om.KeyManagerImpl.getFileStatus(KeyManagerImpl.java:1114) ~[ozone-manager-1.4.0-SNAPSHOT.jar:?]
	at org.apache.hadoop.ozone.om.OmMetadataReader.getFileStatus(OmMetadataReader.java:288) ~[ozone-manager-1.4.0-SNAPSHOT.jar:?]
	at org.apache.hadoop.ozone.om.OzoneManager.getFileStatus(OzoneManager.java:3494) ~[ozone-manager-1.4.0-SNAPSHOT.jar:?]
	at org.apache.hadoop.ozone.protocolPB.OzoneManagerRequestHandler.getOzoneFileStatus(OzoneManagerRequestHandler.java:933) ~[ozone-manager-1.4.0-SNAPSHOT.jar:?]
	at org.apache.hadoop.ozone.protocolPB.OzoneManagerRequestHandler.handleReadRequest(OzoneManagerRequestHandler.java:238) ~[ozone-manager-1.4.0-SNAPSHOT.jar:?]
	at org.apache.hadoop.ozone.protocolPB.OzoneManagerProtocolServerSideTranslatorPB.submitRequestDirectlyToOM(OzoneManagerProtocolServerSideTranslatorPB.java:272) ~[ozone-manager-1.4.0-SNAPSHOT.jar:?]
	at org.apache.hadoop.ozone.protocolPB.OzoneManagerProtocolServerSideTranslatorPB.processRequest(OzoneManagerProtocolServerSideTranslatorPB.java:173) ~[ozone-manager-1.4.0-SNAPSHOT.jar:?]
	at org.apache.hadoop.hdds.server.OzoneProtocolMessageDispatcher.processRequest(OzoneProtocolMessageDispatcher.java:87) [hdds-server-framework-1.4.0-SNAPSHOT.jar:?]
	at org.apache.hadoop.ozone.protocolPB.OzoneManagerProtocolServerSideTranslatorPB.submitRequest(OzoneManagerProtocolServerSideTranslatorPB.java:147) [ozone-manager-1.4.0-SNAPSHOT.jar:?]
	at org.apache.hadoop.ozone.protocol.proto.OzoneManagerProtocolProtos$OzoneManagerService$2.callBlockingMethod(OzoneManagerProtocolProtos.java) [ozone-interface-client-1.4.0-SNAPSHOT.jar:?]
	at org.apache.hadoop.ipc.ProtobufRpcEngine$Server.processCall(ProtobufRpcEngine.java:465) [hadoop-common-3.3.4.jar:?]
	at org.apache.hadoop.ipc.ProtobufRpcEngine2$Server$ProtoBufRpcInvoker.call(ProtobufRpcEngine2.java:578) [hadoop-common-3.3.4.jar:?]
	at org.apache.hadoop.ipc.ProtobufRpcEngine2$Server$ProtoBufRpcInvoker.call(ProtobufRpcEngine2.java:556) [hadoop-common-3.3.4.jar:?]
	at org.apache.hadoop.ipc.RPC$Server.call(RPC.java:1093) [hadoop-common-3.3.4.jar:?]
	at org.apache.hadoop.ipc.Server$RpcCall.run(Server.java:1043) [hadoop-common-3.3.4.jar:?]
	at org.apache.hadoop.ipc.Server$RpcCall.run(Server.java:971) [hadoop-common-3.3.4.jar:?]
	at java.security.AccessController.doPrivileged(Native Method) ~[?:1.8.0_362]
	at javax.security.auth.Subject.doAs(Subject.java:422) [?:1.8.0_362]
	at org.apache.hadoop.security.UserGroupInformation.doAs(UserGroupInformation.java:1878) [hadoop-common-3.3.4.jar:?]
	at org.apache.hadoop.ipc.Server$Handler.run(Server.java:2976) [hadoop-common-3.3.4.jar:?]
20:05:50.497 [IPC Server handler 1 on default port 40321] ERROR OMAudit - user=runner | ip=127.0.0.1 | op=GET_FILE_STATUS {volume=volume45206, bucket=bucket25127, key=gdir1/dir10, dataSize=0, replicationConfig=null} | ret=FAILURE
org.apache.hadoop.ozone.om.exceptions.OMException: Unable to get file status: volume: volume45206 bucket: bucket25127 key: gdir1/dir10
	at org.apache.hadoop.ozone.om.KeyManagerImpl.getOzoneFileStatus(KeyManagerImpl.java:1196) ~[ozone-manager-1.4.0-SNAPSHOT.jar:?]
	at org.apache.hadoop.ozone.om.KeyManagerImpl.getFileStatus(KeyManagerImpl.java:1114) ~[ozone-manager-1.4.0-SNAPSHOT.jar:?]
	at org.apache.hadoop.ozone.om.OmMetadataReader.getFileStatus(OmMetadataReader.java:288) ~[ozone-manager-1.4.0-SNAPSHOT.jar:?]
	at org.apache.hadoop.ozone.om.OzoneManager.getFileStatus(OzoneManager.java:3494) ~[ozone-manager-1.4.0-SNAPSHOT.jar:?]
	at org.apache.hadoop.ozone.protocolPB.OzoneManagerRequestHandler.getOzoneFileStatus(OzoneManagerRequestHandler.java:933) ~[ozone-manager-1.4.0-SNAPSHOT.jar:?]
	at org.apache.hadoop.ozone.protocolPB.OzoneManagerRequestHandler.handleReadRequest(OzoneManagerRequestHandler.java:238) ~[ozone-manager-1.4.0-SNAPSHOT.jar:?]
	at org.apache.hadoop.ozone.protocolPB.OzoneManagerProtocolServerSideTranslatorPB.submitRequestDirectlyToOM(OzoneManagerProtocolServerSideTranslatorPB.java:272) ~[ozone-manager-1.4.0-SNAPSHOT.jar:?]
	at org.apache.hadoop.ozone.protocolPB.OzoneManagerProtocolServerSideTranslatorPB.processRequest(OzoneManagerProtocolServerSideTranslatorPB.java:173) ~[ozone-manager-1.4.0-SNAPSHOT.jar:?]
	at org.apache.hadoop.hdds.server.OzoneProtocolMessageDispatcher.processRequest(OzoneProtocolMessageDispatcher.java:87) [hdds-server-framework-1.4.0-SNAPSHOT.jar:?]
	at org.apache.hadoop.ozone.protocolPB.OzoneManagerProtocolServerSideTranslatorPB.submitRequest(OzoneManagerProtocolServerSideTranslatorPB.java:147) [ozone-manager-1.4.0-SNAPSHOT.jar:?]
	at org.apache.hadoop.ozone.protocol.proto.OzoneManagerProtocolProtos$OzoneManagerService$2.callBlockingMethod(OzoneManagerProtocolProtos.java) [ozone-interface-client-1.4.0-SNAPSHOT.jar:?]
	at org.apache.hadoop.ipc.ProtobufRpcEngine$Server.processCall(ProtobufRpcEngine.java:465) [hadoop-common-3.3.4.jar:?]
	at org.apache.hadoop.ipc.ProtobufRpcEngine2$Server$ProtoBufRpcInvoker.call(ProtobufRpcEngine2.java:578) [hadoop-common-3.3.4.jar:?]
	at org.apache.hadoop.ipc.ProtobufRpcEngine2$Server$ProtoBufRpcInvoker.call(ProtobufRpcEngine2.java:556) [hadoop-common-3.3.4.jar:?]
	at org.apache.hadoop.ipc.RPC$Server.call(RPC.java:1093) [hadoop-common-3.3.4.jar:?]
	at org.apache.hadoop.ipc.Server$RpcCall.run(Server.java:1043) [hadoop-common-3.3.4.jar:?]
	at org.apache.hadoop.ipc.Server$RpcCall.run(Server.java:971) [hadoop-common-3.3.4.jar:?]
	at java.security.AccessController.doPrivileged(Native Method) ~[?:1.8.0_362]
	at javax.security.auth.Subject.doAs(Subject.java:422) [?:1.8.0_362]
	at org.apache.hadoop.security.UserGroupInformation.doAs(UserGroupInformation.java:1878) [hadoop-common-3.3.4.jar:?]
	at org.apache.hadoop.ipc.Server$Handler.run(Server.java:2976) [hadoop-common-3.3.4.jar:?]
20:05:50.498 [IPC Server handler 2 on default port 40321] ERROR OMAudit - user=runner | ip=127.0.0.1 | op=GET_FILE_STATUS {volume=volume45206, bucket=bucket25127, key=gdir1/dir10/child, dataSize=0, replicationConfig=null} | ret=FAILURE
org.apache.hadoop.ozone.om.exceptions.OMException: Unable to get file status: volume: volume45206 bucket: bucket25127 key: gdir1/dir10/child
	at org.apache.hadoop.ozone.om.KeyManagerImpl.getOzoneFileStatus(KeyManagerImpl.java:1196) ~[ozone-manager-1.4.0-SNAPSHOT.jar:?]
	at org.apache.hadoop.ozone.om.KeyManagerImpl.getFileStatus(KeyManagerImpl.java:1114) ~[ozone-manager-1.4.0-SNAPSHOT.jar:?]
	at org.apache.hadoop.ozone.om.OmMetadataReader.getFileStatus(OmMetadataReader.java:288) ~[ozone-manager-1.4.0-SNAPSHOT.jar:?]
	at org.apache.hadoop.ozone.om.OzoneManager.getFileStatus(OzoneManager.java:3494) ~[ozone-manager-1.4.0-SNAPSHOT.jar:?]
	at org.apache.hadoop.ozone.protocolPB.OzoneManagerRequestHandler.getOzoneFileStatus(OzoneManagerRequestHandler.java:933) ~[ozone-manager-1.4.0-SNAPSHOT.jar:?]
	at org.apache.hadoop.ozone.protocolPB.OzoneManagerRequestHandler.handleReadRequest(OzoneManagerRequestHandler.java:238) ~[ozone-manager-1.4.0-SNAPSHOT.jar:?]
	at org.apache.hadoop.ozone.protocolPB.OzoneManagerProtocolServerSideTranslatorPB.submitRequestDirectlyToOM(OzoneManagerProtocolServerSideTranslatorPB.java:272) ~[ozone-manager-1.4.0-SNAPSHOT.jar:?]
	at org.apache.hadoop.ozone.protocolPB.OzoneManagerProtocolServerSideTranslatorPB.processRequest(OzoneManagerProtocolServerSideTranslatorPB.java:173) ~[ozone-manager-1.4.0-SNAPSHOT.jar:?]
	at org.apache.hadoop.hdds.server.OzoneProtocolMessageDispatcher.processRequest(OzoneProtocolMessageDispatcher.java:87) [hdds-server-framework-1.4.0-SNAPSHOT.jar:?]
	at org.apache.hadoop.ozone.protocolPB.OzoneManagerProtocolServerSideTranslatorPB.submitRequest(OzoneManagerProtocolServerSideTranslatorPB.java:147) [ozone-manager-1.4.0-SNAPSHOT.jar:?]
	at org.apache.hadoop.ozone.protocol.proto.OzoneManagerProtocolProtos$OzoneManagerService$2.callBlockingMethod(OzoneManagerProtocolProtos.java) [ozone-interface-client-1.4.0-SNAPSHOT.jar:?]
	at org.apache.hadoop.ipc.ProtobufRpcEngine$Server.processCall(ProtobufRpcEngine.java:465) [hadoop-common-3.3.4.jar:?]
	at org.apache.hadoop.ipc.ProtobufRpcEngine2$Server$ProtoBufRpcInvoker.call(ProtobufRpcEngine2.java:578) [hadoop-common-3.3.4.jar:?]
	at org.apache.hadoop.ipc.ProtobufRpcEngine2$Server$ProtoBufRpcInvoker.call(ProtobufRpcEngine2.java:556) [hadoop-common-3.3.4.jar:?]
	at org.apache.hadoop.ipc.RPC$Server.call(RPC.java:1093) [hadoop-common-3.3.4.jar:?]
	at org.apache.hadoop.ipc.Server$RpcCall.run(Server.java:1043) [hadoop-common-3.3.4.jar:?]
	at org.apache.hadoop.ipc.Server$RpcCall.run(Server.java:971) [hadoop-common-3.3.4.jar:?]
	at java.security.AccessController.doPrivileged(Native Method) ~[?:1.8.0_362]
	at javax.security.auth.Subject.doAs(Subject.java:422) [?:1.8.0_362]
	at org.apache.hadoop.security.UserGroupInformation.doAs(UserGroupInformation.java:1878) [hadoop-common-3.3.4.jar:?]
	at org.apache.hadoop.ipc.Server$Handler.run(Server.java:2976) [hadoop-common-3.3.4.jar:?]
2023-03-16 20:05:50,504 [IPC Server handler 4 on default port 40321] INFO  key.OMKeyRequest (OMKeyRequest.java:wrapUncommittedBlocksAsPseudoKey(838)) - Detect allocated but uncommitted blocks [{blockID={containerID=3, localID=111677748019200024}, length=4194304, offset=0, token=null, pipeline=null, createVersion=0, partNumber=0}] in key level0/level1/file1.
2023-03-16 20:05:50,511 [IPC Server handler 12 on default port 40321] INFO  key.OMKeyRequest (OMKeyRequest.java:wrapUncommittedBlocksAsPseudoKey(838)) - Detect allocated but uncommitted blocks [{blockID={containerID=1, localID=111677748019200025}, length=4194304, offset=0, token=null, pipeline=null, createVersion=0, partNumber=0}] in key level0/level1/level1/file1.
2023-03-16 20:05:50,519 [IPC Server handler 14 on default port 40321] INFO  key.OMKeyRequest (OMKeyRequest.java:wrapUncommittedBlocksAsPseudoKey(838)) - Detect allocated but uncommitted blocks [{blockID={containerID=4, localID=111677748019200026}, length=4194304, offset=0, token=null, pipeline=null, createVersion=0, partNumber=0}] in key level0/level2/file1.
2023-03-16 20:05:50,525 [IPC Server handler 15 on default port 40321] INFO  key.OMKeyRequest (OMKeyRequest.java:wrapUncommittedBlocksAsPseudoKey(838)) - Detect allocated but uncommitted blocks [{blockID={containerID=1, localID=111677748019200027}, length=4194304, offset=0, token=null, pipeline=null, createVersion=0, partNumber=0}] in key level0/level2/level2/file1.
2023-03-16 20:05:50,530 [IPC Server handler 16 on default port 40321] INFO  key.OMKeyRequest (OMKeyRequest.java:wrapUncommittedBlocksAsPseudoKey(838)) - Detect allocated but uncommitted blocks [{blockID={containerID=4, localID=111677748019200028}, length=4194304, offset=0, token=null, pipeline=null, createVersion=0, partNumber=0}] in key level0/level3/file1.
2023-03-16 20:05:50,536 [IPC Server handler 13 on default port 40321] INFO  key.OMKeyRequest (OMKeyRequest.java:wrapUncommittedBlocksAsPseudoKey(838)) - Detect allocated but uncommitted blocks [{blockID={containerID=1, localID=111677748019200029}, length=4194304, offset=0, token=null, pipeline=null, createVersion=0, partNumber=0}] in key level0/level3/level3/file1.
20:05:50.568 [IPC Server handler 11 on default port 40321] ERROR OMAudit - user=runner | ip=127.0.0.1 | op=GET_FILE_STATUS {volume=volume45206, bucket=bucket25127, key=level0, dataSize=0, replicationConfig=null} | ret=FAILURE
org.apache.hadoop.ozone.om.exceptions.OMException: Unable to get file status: volume: volume45206 bucket: bucket25127 key: level0
	at org.apache.hadoop.ozone.om.KeyManagerImpl.getOzoneFileStatus(KeyManagerImpl.java:1196) ~[ozone-manager-1.4.0-SNAPSHOT.jar:?]
	at org.apache.hadoop.ozone.om.KeyManagerImpl.getFileStatus(KeyManagerImpl.java:1114) ~[ozone-manager-1.4.0-SNAPSHOT.jar:?]
	at org.apache.hadoop.ozone.om.OmMetadataReader.getFileStatus(OmMetadataReader.java:288) ~[ozone-manager-1.4.0-SNAPSHOT.jar:?]
	at org.apache.hadoop.ozone.om.OzoneManager.getFileStatus(OzoneManager.java:3494) ~[ozone-manager-1.4.0-SNAPSHOT.jar:?]
	at org.apache.hadoop.ozone.protocolPB.OzoneManagerRequestHandler.getOzoneFileStatus(OzoneManagerRequestHandler.java:933) ~[ozone-manager-1.4.0-SNAPSHOT.jar:?]
	at org.apache.hadoop.ozone.protocolPB.OzoneManagerRequestHandler.handleReadRequest(OzoneManagerRequestHandler.java:238) ~[ozone-manager-1.4.0-SNAPSHOT.jar:?]
	at org.apache.hadoop.ozone.protocolPB.OzoneManagerProtocolServerSideTranslatorPB.submitRequestDirectlyToOM(OzoneManagerProtocolServerSideTranslatorPB.java:272) ~[ozone-manager-1.4.0-SNAPSHOT.jar:?]
	at org.apache.hadoop.ozone.protocolPB.OzoneManagerProtocolServerSideTranslatorPB.processRequest(OzoneManagerProtocolServerSideTranslatorPB.java:173) ~[ozone-manager-1.4.0-SNAPSHOT.jar:?]
	at org.apache.hadoop.hdds.server.OzoneProtocolMessageDispatcher.processRequest(OzoneProtocolMessageDispatcher.java:87) [hdds-server-framework-1.4.0-SNAPSHOT.jar:?]
	at org.apache.hadoop.ozone.protocolPB.OzoneManagerProtocolServerSideTranslatorPB.submitRequest(OzoneManagerProtocolServerSideTranslatorPB.java:147) [ozone-manager-1.4.0-SNAPSHOT.jar:?]
	at org.apache.hadoop.ozone.protocol.proto.OzoneManagerProtocolProtos$OzoneManagerService$2.callBlockingMethod(OzoneManagerProtocolProtos.java) [ozone-interface-client-1.4.0-SNAPSHOT.jar:?]
	at org.apache.hadoop.ipc.ProtobufRpcEngine$Server.processCall(ProtobufRpcEngine.java:465) [hadoop-common-3.3.4.jar:?]
	at org.apache.hadoop.ipc.ProtobufRpcEngine2$Server$ProtoBufRpcInvoker.call(ProtobufRpcEngine2.java:578) [hadoop-common-3.3.4.jar:?]
	at org.apache.hadoop.ipc.ProtobufRpcEngine2$Server$ProtoBufRpcInvoker.call(ProtobufRpcEngine2.java:556) [hadoop-common-3.3.4.jar:?]
	at org.apache.hadoop.ipc.RPC$Server.call(RPC.java:1093) [hadoop-common-3.3.4.jar:?]
	at org.apache.hadoop.ipc.Server$RpcCall.run(Server.java:1043) [hadoop-common-3.3.4.jar:?]
	at org.apache.hadoop.ipc.Server$RpcCall.run(Server.java:971) [hadoop-common-3.3.4.jar:?]
	at java.security.AccessController.doPrivileged(Native Method) ~[?:1.8.0_362]
	at javax.security.auth.Subject.doAs(Subject.java:422) [?:1.8.0_362]
	at org.apache.hadoop.security.UserGroupInformation.doAs(UserGroupInformation.java:1878) [hadoop-common-3.3.4.jar:?]
	at org.apache.hadoop.ipc.Server$Handler.run(Server.java:2976) [hadoop-common-3.3.4.jar:?]
20:05:50.569 [IPC Server handler 8 on default port 40321] ERROR OMAudit - user=runner | ip=127.0.0.1 | op=GET_FILE_STATUS {volume=volume45206, bucket=bucket25127, key=level0/level1, dataSize=0, replicationConfig=null} | ret=FAILURE
org.apache.hadoop.ozone.om.exceptions.OMException: Unable to get file status: volume: volume45206 bucket: bucket25127 key: level0/level1
	at org.apache.hadoop.ozone.om.KeyManagerImpl.getOzoneFileStatus(KeyManagerImpl.java:1196) ~[ozone-manager-1.4.0-SNAPSHOT.jar:?]
	at org.apache.hadoop.ozone.om.KeyManagerImpl.getFileStatus(KeyManagerImpl.java:1114) ~[ozone-manager-1.4.0-SNAPSHOT.jar:?]
	at org.apache.hadoop.ozone.om.OmMetadataReader.getFileStatus(OmMetadataReader.java:288) ~[ozone-manager-1.4.0-SNAPSHOT.jar:?]
	at org.apache.hadoop.ozone.om.OzoneManager.getFileStatus(OzoneManager.java:3494) ~[ozone-manager-1.4.0-SNAPSHOT.jar:?]
	at org.apache.hadoop.ozone.protocolPB.OzoneManagerRequestHandler.getOzoneFileStatus(OzoneManagerRequestHandler.java:933) ~[ozone-manager-1.4.0-SNAPSHOT.jar:?]
	at org.apache.hadoop.ozone.protocolPB.OzoneManagerRequestHandler.handleReadRequest(OzoneManagerRequestHandler.java:238) ~[ozone-manager-1.4.0-SNAPSHOT.jar:?]
	at org.apache.hadoop.ozone.protocolPB.OzoneManagerProtocolServerSideTranslatorPB.submitRequestDirectlyToOM(OzoneManagerProtocolServerSideTranslatorPB.java:272) ~[ozone-manager-1.4.0-SNAPSHOT.jar:?]
	at org.apache.hadoop.ozone.protocolPB.OzoneManagerProtocolServerSideTranslatorPB.processRequest(OzoneManagerProtocolServerSideTranslatorPB.java:173) ~[ozone-manager-1.4.0-SNAPSHOT.jar:?]
	at org.apache.hadoop.hdds.server.OzoneProtocolMessageDispatcher.processRequest(OzoneProtocolMessageDispatcher.java:87) [hdds-server-framework-1.4.0-SNAPSHOT.jar:?]
	at org.apache.hadoop.ozone.protocolPB.OzoneManagerProtocolServerSideTranslatorPB.submitRequest(OzoneManagerProtocolServerSideTranslatorPB.java:147) [ozone-manager-1.4.0-SNAPSHOT.jar:?]
	at org.apache.hadoop.ozone.protocol.proto.OzoneManagerProtocolProtos$OzoneManagerService$2.callBlockingMethod(OzoneManagerProtocolProtos.java) [ozone-interface-client-1.4.0-SNAPSHOT.jar:?]
	at org.apache.hadoop.ipc.ProtobufRpcEngine$Server.processCall(ProtobufRpcEngine.java:465) [hadoop-common-3.3.4.jar:?]
	at org.apache.hadoop.ipc.ProtobufRpcEngine2$Server$ProtoBufRpcInvoker.call(ProtobufRpcEngine2.java:578) [hadoop-common-3.3.4.jar:?]
	at org.apache.hadoop.ipc.ProtobufRpcEngine2$Server$ProtoBufRpcInvoker.call(ProtobufRpcEngine2.java:556) [hadoop-common-3.3.4.jar:?]
	at org.apache.hadoop.ipc.RPC$Server.call(RPC.java:1093) [hadoop-common-3.3.4.jar:?]
	at org.apache.hadoop.ipc.Server$RpcCall.run(Server.java:1043) [hadoop-common-3.3.4.jar:?]
	at org.apache.hadoop.ipc.Server$RpcCall.run(Server.java:971) [hadoop-common-3.3.4.jar:?]
	at java.security.AccessController.doPrivileged(Native Method) ~[?:1.8.0_362]
	at javax.security.auth.Subject.doAs(Subject.java:422) [?:1.8.0_362]
	at org.apache.hadoop.security.UserGroupInformation.doAs(UserGroupInformation.java:1878) [hadoop-common-3.3.4.jar:?]
	at org.apache.hadoop.ipc.Server$Handler.run(Server.java:2976) [hadoop-common-3.3.4.jar:?]
20:05:50.571 [IPC Server handler 3 on default port 40321] ERROR OMAudit - user=runner | ip=127.0.0.1 | op=GET_FILE_STATUS {volume=volume45206, bucket=bucket25127, key=level0/level1/level1, dataSize=0, replicationConfig=null} | ret=FAILURE
org.apache.hadoop.ozone.om.exceptions.OMException: Unable to get file status: volume: volume45206 bucket: bucket25127 key: level0/level1/level1
	at org.apache.hadoop.ozone.om.KeyManagerImpl.getOzoneFileStatus(KeyManagerImpl.java:1196) ~[ozone-manager-1.4.0-SNAPSHOT.jar:?]
	at org.apache.hadoop.ozone.om.KeyManagerImpl.getFileStatus(KeyManagerImpl.java:1114) ~[ozone-manager-1.4.0-SNAPSHOT.jar:?]
	at org.apache.hadoop.ozone.om.OmMetadataReader.getFileStatus(OmMetadataReader.java:288) ~[ozone-manager-1.4.0-SNAPSHOT.jar:?]
	at org.apache.hadoop.ozone.om.OzoneManager.getFileStatus(OzoneManager.java:3494) ~[ozone-manager-1.4.0-SNAPSHOT.jar:?]
	at org.apache.hadoop.ozone.protocolPB.OzoneManagerRequestHandler.getOzoneFileStatus(OzoneManagerRequestHandler.java:933) ~[ozone-manager-1.4.0-SNAPSHOT.jar:?]
	at org.apache.hadoop.ozone.protocolPB.OzoneManagerRequestHandler.handleReadRequest(OzoneManagerRequestHandler.java:238) ~[ozone-manager-1.4.0-SNAPSHOT.jar:?]
	at org.apache.hadoop.ozone.protocolPB.OzoneManagerProtocolServerSideTranslatorPB.submitRequestDirectlyToOM(OzoneManagerProtocolServerSideTranslatorPB.java:272) ~[ozone-manager-1.4.0-SNAPSHOT.jar:?]
	at org.apache.hadoop.ozone.protocolPB.OzoneManagerProtocolServerSideTranslatorPB.processRequest(OzoneManagerProtocolServerSideTranslatorPB.java:173) ~[ozone-manager-1.4.0-SNAPSHOT.jar:?]
	at org.apache.hadoop.hdds.server.OzoneProtocolMessageDispatcher.processRequest(OzoneProtocolMessageDispatcher.java:87) [hdds-server-framework-1.4.0-SNAPSHOT.jar:?]
	at org.apache.hadoop.ozone.protocolPB.OzoneManagerProtocolServerSideTranslatorPB.submitRequest(OzoneManagerProtocolServerSideTranslatorPB.java:147) [ozone-manager-1.4.0-SNAPSHOT.jar:?]
	at org.apache.hadoop.ozone.protocol.proto.OzoneManagerProtocolProtos$OzoneManagerService$2.callBlockingMethod(OzoneManagerProtocolProtos.java) [ozone-interface-client-1.4.0-SNAPSHOT.jar:?]
	at org.apache.hadoop.ipc.ProtobufRpcEngine$Server.processCall(ProtobufRpcEngine.java:465) [hadoop-common-3.3.4.jar:?]
	at org.apache.hadoop.ipc.ProtobufRpcEngine2$Server$ProtoBufRpcInvoker.call(ProtobufRpcEngine2.java:578) [hadoop-common-3.3.4.jar:?]
	at org.apache.hadoop.ipc.ProtobufRpcEngine2$Server$ProtoBufRpcInvoker.call(ProtobufRpcEngine2.java:556) [hadoop-common-3.3.4.jar:?]
	at org.apache.hadoop.ipc.RPC$Server.call(RPC.java:1093) [hadoop-common-3.3.4.jar:?]
	at org.apache.hadoop.ipc.Server$RpcCall.run(Server.java:1043) [hadoop-common-3.3.4.jar:?]
	at org.apache.hadoop.ipc.Server$RpcCall.run(Server.java:971) [hadoop-common-3.3.4.jar:?]
	at java.security.AccessController.doPrivileged(Native Method) ~[?:1.8.0_362]
	at javax.security.auth.Subject.doAs(Subject.java:422) [?:1.8.0_362]
	at org.apache.hadoop.security.UserGroupInformation.doAs(UserGroupInformation.java:1878) [hadoop-common-3.3.4.jar:?]
	at org.apache.hadoop.ipc.Server$Handler.run(Server.java:2976) [hadoop-common-3.3.4.jar:?]
20:05:50.572 [IPC Server handler 9 on default port 40321] ERROR OMAudit - user=runner | ip=127.0.0.1 | op=GET_FILE_STATUS {volume=volume45206, bucket=bucket25127, key=level0/level1/file1, dataSize=0, replicationConfig=null} | ret=FAILURE
org.apache.hadoop.ozone.om.exceptions.OMException: Unable to get file status: volume: volume45206 bucket: bucket25127 key: level0/level1/file1
	at org.apache.hadoop.ozone.om.KeyManagerImpl.getOzoneFileStatus(KeyManagerImpl.java:1196) ~[ozone-manager-1.4.0-SNAPSHOT.jar:?]
	at org.apache.hadoop.ozone.om.KeyManagerImpl.getFileStatus(KeyManagerImpl.java:1114) ~[ozone-manager-1.4.0-SNAPSHOT.jar:?]
	at org.apache.hadoop.ozone.om.OmMetadataReader.getFileStatus(OmMetadataReader.java:288) ~[ozone-manager-1.4.0-SNAPSHOT.jar:?]
	at org.apache.hadoop.ozone.om.OzoneManager.getFileStatus(OzoneManager.java:3494) ~[ozone-manager-1.4.0-SNAPSHOT.jar:?]
	at org.apache.hadoop.ozone.protocolPB.OzoneManagerRequestHandler.getOzoneFileStatus(OzoneManagerRequestHandler.java:933) ~[ozone-manager-1.4.0-SNAPSHOT.jar:?]
	at org.apache.hadoop.ozone.protocolPB.OzoneManagerRequestHandler.handleReadRequest(OzoneManagerRequestHandler.java:238) ~[ozone-manager-1.4.0-SNAPSHOT.jar:?]
	at org.apache.hadoop.ozone.protocolPB.OzoneManagerProtocolServerSideTranslatorPB.submitRequestDirectlyToOM(OzoneManagerProtocolServerSideTranslatorPB.java:272) ~[ozone-manager-1.4.0-SNAPSHOT.jar:?]
	at org.apache.hadoop.ozone.protocolPB.OzoneManagerProtocolServerSideTranslatorPB.processRequest(OzoneManagerProtocolServerSideTranslatorPB.java:173) ~[ozone-manager-1.4.0-SNAPSHOT.jar:?]
	at org.apache.hadoop.hdds.server.OzoneProtocolMessageDispatcher.processRequest(OzoneProtocolMessageDispatcher.java:87) [hdds-server-framework-1.4.0-SNAPSHOT.jar:?]
	at org.apache.hadoop.ozone.protocolPB.OzoneManagerProtocolServerSideTranslatorPB.submitRequest(OzoneManagerProtocolServerSideTranslatorPB.java:147) [ozone-manager-1.4.0-SNAPSHOT.jar:?]
	at org.apache.hadoop.ozone.protocol.proto.OzoneManagerProtocolProtos$OzoneManagerService$2.callBlockingMethod(OzoneManagerProtocolProtos.java) [ozone-interface-client-1.4.0-SNAPSHOT.jar:?]
	at org.apache.hadoop.ipc.ProtobufRpcEngine$Server.processCall(ProtobufRpcEngine.java:465) [hadoop-common-3.3.4.jar:?]
	at org.apache.hadoop.ipc.ProtobufRpcEngine2$Server$ProtoBufRpcInvoker.call(ProtobufRpcEngine2.java:578) [hadoop-common-3.3.4.jar:?]
	at org.apache.hadoop.ipc.ProtobufRpcEngine2$Server$ProtoBufRpcInvoker.call(ProtobufRpcEngine2.java:556) [hadoop-common-3.3.4.jar:?]
	at org.apache.hadoop.ipc.RPC$Server.call(RPC.java:1093) [hadoop-common-3.3.4.jar:?]
	at org.apache.hadoop.ipc.Server$RpcCall.run(Server.java:1043) [hadoop-common-3.3.4.jar:?]
	at org.apache.hadoop.ipc.Server$RpcCall.run(Server.java:971) [hadoop-common-3.3.4.jar:?]
	at java.security.AccessController.doPrivileged(Native Method) ~[?:1.8.0_362]
	at javax.security.auth.Subject.doAs(Subject.java:422) [?:1.8.0_362]
	at org.apache.hadoop.security.UserGroupInformation.doAs(UserGroupInformation.java:1878) [hadoop-common-3.3.4.jar:?]
	at org.apache.hadoop.ipc.Server$Handler.run(Server.java:2976) [hadoop-common-3.3.4.jar:?]
20:05:50.573 [IPC Server handler 7 on default port 40321] ERROR OMAudit - user=runner | ip=127.0.0.1 | op=GET_FILE_STATUS {volume=volume45206, bucket=bucket25127, key=level0/level1/level1/file1, dataSize=0, replicationConfig=null} | ret=FAILURE
org.apache.hadoop.ozone.om.exceptions.OMException: Unable to get file status: volume: volume45206 bucket: bucket25127 key: level0/level1/level1/file1
	at org.apache.hadoop.ozone.om.KeyManagerImpl.getOzoneFileStatus(KeyManagerImpl.java:1196) ~[ozone-manager-1.4.0-SNAPSHOT.jar:?]
	at org.apache.hadoop.ozone.om.KeyManagerImpl.getFileStatus(KeyManagerImpl.java:1114) ~[ozone-manager-1.4.0-SNAPSHOT.jar:?]
	at org.apache.hadoop.ozone.om.OmMetadataReader.getFileStatus(OmMetadataReader.java:288) ~[ozone-manager-1.4.0-SNAPSHOT.jar:?]
	at org.apache.hadoop.ozone.om.OzoneManager.getFileStatus(OzoneManager.java:3494) ~[ozone-manager-1.4.0-SNAPSHOT.jar:?]
	at org.apache.hadoop.ozone.protocolPB.OzoneManagerRequestHandler.getOzoneFileStatus(OzoneManagerRequestHandler.java:933) ~[ozone-manager-1.4.0-SNAPSHOT.jar:?]
	at org.apache.hadoop.ozone.protocolPB.OzoneManagerRequestHandler.handleReadRequest(OzoneManagerRequestHandler.java:238) ~[ozone-manager-1.4.0-SNAPSHOT.jar:?]
	at org.apache.hadoop.ozone.protocolPB.OzoneManagerProtocolServerSideTranslatorPB.submitRequestDirectlyToOM(OzoneManagerProtocolServerSideTranslatorPB.java:272) ~[ozone-manager-1.4.0-SNAPSHOT.jar:?]
	at org.apache.hadoop.ozone.protocolPB.OzoneManagerProtocolServerSideTranslatorPB.processRequest(OzoneManagerProtocolServerSideTranslatorPB.java:173) ~[ozone-manager-1.4.0-SNAPSHOT.jar:?]
	at org.apache.hadoop.hdds.server.OzoneProtocolMessageDispatcher.processRequest(OzoneProtocolMessageDispatcher.java:87) [hdds-server-framework-1.4.0-SNAPSHOT.jar:?]
	at org.apache.hadoop.ozone.protocolPB.OzoneManagerProtocolServerSideTranslatorPB.submitRequest(OzoneManagerProtocolServerSideTranslatorPB.java:147) [ozone-manager-1.4.0-SNAPSHOT.jar:?]
	at org.apache.hadoop.ozone.protocol.proto.OzoneManagerProtocolProtos$OzoneManagerService$2.callBlockingMethod(OzoneManagerProtocolProtos.java) [ozone-interface-client-1.4.0-SNAPSHOT.jar:?]
	at org.apache.hadoop.ipc.ProtobufRpcEngine$Server.processCall(ProtobufRpcEngine.java:465) [hadoop-common-3.3.4.jar:?]
	at org.apache.hadoop.ipc.ProtobufRpcEngine2$Server$ProtoBufRpcInvoker.call(ProtobufRpcEngine2.java:578) [hadoop-common-3.3.4.jar:?]
	at org.apache.hadoop.ipc.ProtobufRpcEngine2$Server$ProtoBufRpcInvoker.call(ProtobufRpcEngine2.java:556) [hadoop-common-3.3.4.jar:?]
	at org.apache.hadoop.ipc.RPC$Server.call(RPC.java:1093) [hadoop-common-3.3.4.jar:?]
	at org.apache.hadoop.ipc.Server$RpcCall.run(Server.java:1043) [hadoop-common-3.3.4.jar:?]
	at org.apache.hadoop.ipc.Server$RpcCall.run(Server.java:971) [hadoop-common-3.3.4.jar:?]
	at java.security.AccessController.doPrivileged(Native Method) ~[?:1.8.0_362]
	at javax.security.auth.Subject.doAs(Subject.java:422) [?:1.8.0_362]
	at org.apache.hadoop.security.UserGroupInformation.doAs(UserGroupInformation.java:1878) [hadoop-common-3.3.4.jar:?]
	at org.apache.hadoop.ipc.Server$Handler.run(Server.java:2976) [hadoop-common-3.3.4.jar:?]
20:05:50.575 [IPC Server handler 1 on default port 40321] ERROR OMAudit - user=runner | ip=127.0.0.1 | op=GET_FILE_STATUS {volume=volume45206, bucket=bucket25127, key=level0/level2, dataSize=0, replicationConfig=null} | ret=FAILURE
org.apache.hadoop.ozone.om.exceptions.OMException: Unable to get file status: volume: volume45206 bucket: bucket25127 key: level0/level2
	at org.apache.hadoop.ozone.om.KeyManagerImpl.getOzoneFileStatus(KeyManagerImpl.java:1196) ~[ozone-manager-1.4.0-SNAPSHOT.jar:?]
	at org.apache.hadoop.ozone.om.KeyManagerImpl.getFileStatus(KeyManagerImpl.java:1114) ~[ozone-manager-1.4.0-SNAPSHOT.jar:?]
	at org.apache.hadoop.ozone.om.OmMetadataReader.getFileStatus(OmMetadataReader.java:288) ~[ozone-manager-1.4.0-SNAPSHOT.jar:?]
	at org.apache.hadoop.ozone.om.OzoneManager.getFileStatus(OzoneManager.java:3494) ~[ozone-manager-1.4.0-SNAPSHOT.jar:?]
	at org.apache.hadoop.ozone.protocolPB.OzoneManagerRequestHandler.getOzoneFileStatus(OzoneManagerRequestHandler.java:933) ~[ozone-manager-1.4.0-SNAPSHOT.jar:?]
	at org.apache.hadoop.ozone.protocolPB.OzoneManagerRequestHandler.handleReadRequest(OzoneManagerRequestHandler.java:238) ~[ozone-manager-1.4.0-SNAPSHOT.jar:?]
	at org.apache.hadoop.ozone.protocolPB.OzoneManagerProtocolServerSideTranslatorPB.submitRequestDirectlyToOM(OzoneManagerProtocolServerSideTranslatorPB.java:272) ~[ozone-manager-1.4.0-SNAPSHOT.jar:?]
	at org.apache.hadoop.ozone.protocolPB.OzoneManagerProtocolServerSideTranslatorPB.processRequest(OzoneManagerProtocolServerSideTranslatorPB.java:173) ~[ozone-manager-1.4.0-SNAPSHOT.jar:?]
	at org.apache.hadoop.hdds.server.OzoneProtocolMessageDispatcher.processRequest(OzoneProtocolMessageDispatcher.java:87) [hdds-server-framework-1.4.0-SNAPSHOT.jar:?]
	at org.apache.hadoop.ozone.protocolPB.OzoneManagerProtocolServerSideTranslatorPB.submitRequest(OzoneManagerProtocolServerSideTranslatorPB.java:147) [ozone-manager-1.4.0-SNAPSHOT.jar:?]
	at org.apache.hadoop.ozone.protocol.proto.OzoneManagerProtocolProtos$OzoneManagerService$2.callBlockingMethod(OzoneManagerProtocolProtos.java) [ozone-interface-client-1.4.0-SNAPSHOT.jar:?]
	at org.apache.hadoop.ipc.ProtobufRpcEngine$Server.processCall(ProtobufRpcEngine.java:465) [hadoop-common-3.3.4.jar:?]
	at org.apache.hadoop.ipc.ProtobufRpcEngine2$Server$ProtoBufRpcInvoker.call(ProtobufRpcEngine2.java:578) [hadoop-common-3.3.4.jar:?]
	at org.apache.hadoop.ipc.ProtobufRpcEngine2$Server$ProtoBufRpcInvoker.call(ProtobufRpcEngine2.java:556) [hadoop-common-3.3.4.jar:?]
	at org.apache.hadoop.ipc.RPC$Server.call(RPC.java:1093) [hadoop-common-3.3.4.jar:?]
	at org.apache.hadoop.ipc.Server$RpcCall.run(Server.java:1043) [hadoop-common-3.3.4.jar:?]
	at org.apache.hadoop.ipc.Server$RpcCall.run(Server.java:971) [hadoop-common-3.3.4.jar:?]
	at java.security.AccessController.doPrivileged(Native Method) ~[?:1.8.0_362]
	at javax.security.auth.Subject.doAs(Subject.java:422) [?:1.8.0_362]
	at org.apache.hadoop.security.UserGroupInformation.doAs(UserGroupInformation.java:1878) [hadoop-common-3.3.4.jar:?]
	at org.apache.hadoop.ipc.Server$Handler.run(Server.java:2976) [hadoop-common-3.3.4.jar:?]
20:05:50.576 [IPC Server handler 2 on default port 40321] ERROR OMAudit - user=runner | ip=127.0.0.1 | op=GET_FILE_STATUS {volume=volume45206, bucket=bucket25127, key=level0/level2/level2, dataSize=0, replicationConfig=null} | ret=FAILURE
org.apache.hadoop.ozone.om.exceptions.OMException: Unable to get file status: volume: volume45206 bucket: bucket25127 key: level0/level2/level2
	at org.apache.hadoop.ozone.om.KeyManagerImpl.getOzoneFileStatus(KeyManagerImpl.java:1196) ~[ozone-manager-1.4.0-SNAPSHOT.jar:?]
	at org.apache.hadoop.ozone.om.KeyManagerImpl.getFileStatus(KeyManagerImpl.java:1114) ~[ozone-manager-1.4.0-SNAPSHOT.jar:?]
	at org.apache.hadoop.ozone.om.OmMetadataReader.getFileStatus(OmMetadataReader.java:288) ~[ozone-manager-1.4.0-SNAPSHOT.jar:?]
	at org.apache.hadoop.ozone.om.OzoneManager.getFileStatus(OzoneManager.java:3494) ~[ozone-manager-1.4.0-SNAPSHOT.jar:?]
	at org.apache.hadoop.ozone.protocolPB.OzoneManagerRequestHandler.getOzoneFileStatus(OzoneManagerRequestHandler.java:933) ~[ozone-manager-1.4.0-SNAPSHOT.jar:?]
	at org.apache.hadoop.ozone.protocolPB.OzoneManagerRequestHandler.handleReadRequest(OzoneManagerRequestHandler.java:238) ~[ozone-manager-1.4.0-SNAPSHOT.jar:?]
	at org.apache.hadoop.ozone.protocolPB.OzoneManagerProtocolServerSideTranslatorPB.submitRequestDirectlyToOM(OzoneManagerProtocolServerSideTranslatorPB.java:272) ~[ozone-manager-1.4.0-SNAPSHOT.jar:?]
	at org.apache.hadoop.ozone.protocolPB.OzoneManagerProtocolServerSideTranslatorPB.processRequest(OzoneManagerProtocolServerSideTranslatorPB.java:173) ~[ozone-manager-1.4.0-SNAPSHOT.jar:?]
	at org.apache.hadoop.hdds.server.OzoneProtocolMessageDispatcher.processRequest(OzoneProtocolMessageDispatcher.java:87) [hdds-server-framework-1.4.0-SNAPSHOT.jar:?]
	at org.apache.hadoop.ozone.protocolPB.OzoneManagerProtocolServerSideTranslatorPB.submitRequest(OzoneManagerProtocolServerSideTranslatorPB.java:147) [ozone-manager-1.4.0-SNAPSHOT.jar:?]
	at org.apache.hadoop.ozone.protocol.proto.OzoneManagerProtocolProtos$OzoneManagerService$2.callBlockingMethod(OzoneManagerProtocolProtos.java) [ozone-interface-client-1.4.0-SNAPSHOT.jar:?]
	at org.apache.hadoop.ipc.ProtobufRpcEngine$Server.processCall(ProtobufRpcEngine.java:465) [hadoop-common-3.3.4.jar:?]
	at org.apache.hadoop.ipc.ProtobufRpcEngine2$Server$ProtoBufRpcInvoker.call(ProtobufRpcEngine2.java:578) [hadoop-common-3.3.4.jar:?]
	at org.apache.hadoop.ipc.ProtobufRpcEngine2$Server$ProtoBufRpcInvoker.call(ProtobufRpcEngine2.java:556) [hadoop-common-3.3.4.jar:?]
	at org.apache.hadoop.ipc.RPC$Server.call(RPC.java:1093) [hadoop-common-3.3.4.jar:?]
	at org.apache.hadoop.ipc.Server$RpcCall.run(Server.java:1043) [hadoop-common-3.3.4.jar:?]
	at org.apache.hadoop.ipc.Server$RpcCall.run(Server.java:971) [hadoop-common-3.3.4.jar:?]
	at java.security.AccessController.doPrivileged(Native Method) ~[?:1.8.0_362]
	at javax.security.auth.Subject.doAs(Subject.java:422) [?:1.8.0_362]
	at org.apache.hadoop.security.UserGroupInformation.doAs(UserGroupInformation.java:1878) [hadoop-common-3.3.4.jar:?]
	at org.apache.hadoop.ipc.Server$Handler.run(Server.java:2976) [hadoop-common-3.3.4.jar:?]
20:05:50.577 [IPC Server handler 0 on default port 40321] ERROR OMAudit - user=runner | ip=127.0.0.1 | op=GET_FILE_STATUS {volume=volume45206, bucket=bucket25127, key=level0/level2/file1, dataSize=0, replicationConfig=null} | ret=FAILURE
org.apache.hadoop.ozone.om.exceptions.OMException: Unable to get file status: volume: volume45206 bucket: bucket25127 key: level0/level2/file1
	at org.apache.hadoop.ozone.om.KeyManagerImpl.getOzoneFileStatus(KeyManagerImpl.java:1196) ~[ozone-manager-1.4.0-SNAPSHOT.jar:?]
	at org.apache.hadoop.ozone.om.KeyManagerImpl.getFileStatus(KeyManagerImpl.java:1114) ~[ozone-manager-1.4.0-SNAPSHOT.jar:?]
	at org.apache.hadoop.ozone.om.OmMetadataReader.getFileStatus(OmMetadataReader.java:288) ~[ozone-manager-1.4.0-SNAPSHOT.jar:?]
	at org.apache.hadoop.ozone.om.OzoneManager.getFileStatus(OzoneManager.java:3494) ~[ozone-manager-1.4.0-SNAPSHOT.jar:?]
	at org.apache.hadoop.ozone.protocolPB.OzoneManagerRequestHandler.getOzoneFileStatus(OzoneManagerRequestHandler.java:933) ~[ozone-manager-1.4.0-SNAPSHOT.jar:?]
	at org.apache.hadoop.ozone.protocolPB.OzoneManagerRequestHandler.handleReadRequest(OzoneManagerRequestHandler.java:238) ~[ozone-manager-1.4.0-SNAPSHOT.jar:?]
	at org.apache.hadoop.ozone.protocolPB.OzoneManagerProtocolServerSideTranslatorPB.submitRequestDirectlyToOM(OzoneManagerProtocolServerSideTranslatorPB.java:272) ~[ozone-manager-1.4.0-SNAPSHOT.jar:?]
	at org.apache.hadoop.ozone.protocolPB.OzoneManagerProtocolServerSideTranslatorPB.processRequest(OzoneManagerProtocolServerSideTranslatorPB.java:173) ~[ozone-manager-1.4.0-SNAPSHOT.jar:?]
	at org.apache.hadoop.hdds.server.OzoneProtocolMessageDispatcher.processRequest(OzoneProtocolMessageDispatcher.java:87) [hdds-server-framework-1.4.0-SNAPSHOT.jar:?]
	at org.apache.hadoop.ozone.protocolPB.OzoneManagerProtocolServerSideTranslatorPB.submitRequest(OzoneManagerProtocolServerSideTranslatorPB.java:147) [ozone-manager-1.4.0-SNAPSHOT.jar:?]
	at org.apache.hadoop.ozone.protocol.proto.OzoneManagerProtocolProtos$OzoneManagerService$2.callBlockingMethod(OzoneManagerProtocolProtos.java) [ozone-interface-client-1.4.0-SNAPSHOT.jar:?]
	at org.apache.hadoop.ipc.ProtobufRpcEngine$Server.processCall(ProtobufRpcEngine.java:465) [hadoop-common-3.3.4.jar:?]
	at org.apache.hadoop.ipc.ProtobufRpcEngine2$Server$ProtoBufRpcInvoker.call(ProtobufRpcEngine2.java:578) [hadoop-common-3.3.4.jar:?]
	at org.apache.hadoop.ipc.ProtobufRpcEngine2$Server$ProtoBufRpcInvoker.call(ProtobufRpcEngine2.java:556) [hadoop-common-3.3.4.jar:?]
	at org.apache.hadoop.ipc.RPC$Server.call(RPC.java:1093) [hadoop-common-3.3.4.jar:?]
	at org.apache.hadoop.ipc.Server$RpcCall.run(Server.java:1043) [hadoop-common-3.3.4.jar:?]
	at org.apache.hadoop.ipc.Server$RpcCall.run(Server.java:971) [hadoop-common-3.3.4.jar:?]
	at java.security.AccessController.doPrivileged(Native Method) ~[?:1.8.0_362]
	at javax.security.auth.Subject.doAs(Subject.java:422) [?:1.8.0_362]
	at org.apache.hadoop.security.UserGroupInformation.doAs(UserGroupInformation.java:1878) [hadoop-common-3.3.4.jar:?]
	at org.apache.hadoop.ipc.Server$Handler.run(Server.java:2976) [hadoop-common-3.3.4.jar:?]
20:05:50.579 [IPC Server handler 4 on default port 40321] ERROR OMAudit - user=runner | ip=127.0.0.1 | op=GET_FILE_STATUS {volume=volume45206, bucket=bucket25127, key=level0/level2/level2/file1, dataSize=0, replicationConfig=null} | ret=FAILURE
org.apache.hadoop.ozone.om.exceptions.OMException: Unable to get file status: volume: volume45206 bucket: bucket25127 key: level0/level2/level2/file1
	at org.apache.hadoop.ozone.om.KeyManagerImpl.getOzoneFileStatus(KeyManagerImpl.java:1196) ~[ozone-manager-1.4.0-SNAPSHOT.jar:?]
	at org.apache.hadoop.ozone.om.KeyManagerImpl.getFileStatus(KeyManagerImpl.java:1114) ~[ozone-manager-1.4.0-SNAPSHOT.jar:?]
	at org.apache.hadoop.ozone.om.OmMetadataReader.getFileStatus(OmMetadataReader.java:288) ~[ozone-manager-1.4.0-SNAPSHOT.jar:?]
	at org.apache.hadoop.ozone.om.OzoneManager.getFileStatus(OzoneManager.java:3494) ~[ozone-manager-1.4.0-SNAPSHOT.jar:?]
	at org.apache.hadoop.ozone.protocolPB.OzoneManagerRequestHandler.getOzoneFileStatus(OzoneManagerRequestHandler.java:933) ~[ozone-manager-1.4.0-SNAPSHOT.jar:?]
	at org.apache.hadoop.ozone.protocolPB.OzoneManagerRequestHandler.handleReadRequest(OzoneManagerRequestHandler.java:238) ~[ozone-manager-1.4.0-SNAPSHOT.jar:?]
	at org.apache.hadoop.ozone.protocolPB.OzoneManagerProtocolServerSideTranslatorPB.submitRequestDirectlyToOM(OzoneManagerProtocolServerSideTranslatorPB.java:272) ~[ozone-manager-1.4.0-SNAPSHOT.jar:?]
	at org.apache.hadoop.ozone.protocolPB.OzoneManagerProtocolServerSideTranslatorPB.processRequest(OzoneManagerProtocolServerSideTranslatorPB.java:173) ~[ozone-manager-1.4.0-SNAPSHOT.jar:?]
	at org.apache.hadoop.hdds.server.OzoneProtocolMessageDispatcher.processRequest(OzoneProtocolMessageDispatcher.java:87) [hdds-server-framework-1.4.0-SNAPSHOT.jar:?]
	at org.apache.hadoop.ozone.protocolPB.OzoneManagerProtocolServerSideTranslatorPB.submitRequest(OzoneManagerProtocolServerSideTranslatorPB.java:147) [ozone-manager-1.4.0-SNAPSHOT.jar:?]
	at org.apache.hadoop.ozone.protocol.proto.OzoneManagerProtocolProtos$OzoneManagerService$2.callBlockingMethod(OzoneManagerProtocolProtos.java) [ozone-interface-client-1.4.0-SNAPSHOT.jar:?]
	at org.apache.hadoop.ipc.ProtobufRpcEngine$Server.processCall(ProtobufRpcEngine.java:465) [hadoop-common-3.3.4.jar:?]
	at org.apache.hadoop.ipc.ProtobufRpcEngine2$Server$ProtoBufRpcInvoker.call(ProtobufRpcEngine2.java:578) [hadoop-common-3.3.4.jar:?]
	at org.apache.hadoop.ipc.ProtobufRpcEngine2$Server$ProtoBufRpcInvoker.call(ProtobufRpcEngine2.java:556) [hadoop-common-3.3.4.jar:?]
	at org.apache.hadoop.ipc.RPC$Server.call(RPC.java:1093) [hadoop-common-3.3.4.jar:?]
	at org.apache.hadoop.ipc.Server$RpcCall.run(Server.java:1043) [hadoop-common-3.3.4.jar:?]
	at org.apache.hadoop.ipc.Server$RpcCall.run(Server.java:971) [hadoop-common-3.3.4.jar:?]
	at java.security.AccessController.doPrivileged(Native Method) ~[?:1.8.0_362]
	at javax.security.auth.Subject.doAs(Subject.java:422) [?:1.8.0_362]
	at org.apache.hadoop.security.UserGroupInformation.doAs(UserGroupInformation.java:1878) [hadoop-common-3.3.4.jar:?]
	at org.apache.hadoop.ipc.Server$Handler.run(Server.java:2976) [hadoop-common-3.3.4.jar:?]
20:05:50.584 [IPC Server handler 19 on default port 40321] ERROR OMAudit - user=runner | ip=127.0.0.1 | op=GET_FILE_STATUS {volume=volume45206, bucket=bucket25127, key=level0/level3, dataSize=0, replicationConfig=null} | ret=FAILURE
org.apache.hadoop.ozone.om.exceptions.OMException: Unable to get file status: volume: volume45206 bucket: bucket25127 key: level0/level3
	at org.apache.hadoop.ozone.om.KeyManagerImpl.getOzoneFileStatus(KeyManagerImpl.java:1196) ~[ozone-manager-1.4.0-SNAPSHOT.jar:?]
	at org.apache.hadoop.ozone.om.KeyManagerImpl.getFileStatus(KeyManagerImpl.java:1114) ~[ozone-manager-1.4.0-SNAPSHOT.jar:?]
	at org.apache.hadoop.ozone.om.OmMetadataReader.getFileStatus(OmMetadataReader.java:288) ~[ozone-manager-1.4.0-SNAPSHOT.jar:?]
	at org.apache.hadoop.ozone.om.OzoneManager.getFileStatus(OzoneManager.java:3494) ~[ozone-manager-1.4.0-SNAPSHOT.jar:?]
	at org.apache.hadoop.ozone.protocolPB.OzoneManagerRequestHandler.getOzoneFileStatus(OzoneManagerRequestHandler.java:933) ~[ozone-manager-1.4.0-SNAPSHOT.jar:?]
	at org.apache.hadoop.ozone.protocolPB.OzoneManagerRequestHandler.handleReadRequest(OzoneManagerRequestHandler.java:238) ~[ozone-manager-1.4.0-SNAPSHOT.jar:?]
	at org.apache.hadoop.ozone.protocolPB.OzoneManagerProtocolServerSideTranslatorPB.submitRequestDirectlyToOM(OzoneManagerProtocolServerSideTranslatorPB.java:272) ~[ozone-manager-1.4.0-SNAPSHOT.jar:?]
	at org.apache.hadoop.ozone.protocolPB.OzoneManagerProtocolServerSideTranslatorPB.processRequest(OzoneManagerProtocolServerSideTranslatorPB.java:173) ~[ozone-manager-1.4.0-SNAPSHOT.jar:?]
	at org.apache.hadoop.hdds.server.OzoneProtocolMessageDispatcher.processRequest(OzoneProtocolMessageDispatcher.java:87) [hdds-server-framework-1.4.0-SNAPSHOT.jar:?]
	at org.apache.hadoop.ozone.protocolPB.OzoneManagerProtocolServerSideTranslatorPB.submitRequest(OzoneManagerProtocolServerSideTranslatorPB.java:147) [ozone-manager-1.4.0-SNAPSHOT.jar:?]
	at org.apache.hadoop.ozone.protocol.proto.OzoneManagerProtocolProtos$OzoneManagerService$2.callBlockingMethod(OzoneManagerProtocolProtos.java) [ozone-interface-client-1.4.0-SNAPSHOT.jar:?]
	at org.apache.hadoop.ipc.ProtobufRpcEngine$Server.processCall(ProtobufRpcEngine.java:465) [hadoop-common-3.3.4.jar:?]
	at org.apache.hadoop.ipc.ProtobufRpcEngine2$Server$ProtoBufRpcInvoker.call(ProtobufRpcEngine2.java:578) [hadoop-common-3.3.4.jar:?]
	at org.apache.hadoop.ipc.ProtobufRpcEngine2$Server$ProtoBufRpcInvoker.call(ProtobufRpcEngine2.java:556) [hadoop-common-3.3.4.jar:?]
	at org.apache.hadoop.ipc.RPC$Server.call(RPC.java:1093) [hadoop-common-3.3.4.jar:?]
	at org.apache.hadoop.ipc.Server$RpcCall.run(Server.java:1043) [hadoop-common-3.3.4.jar:?]
	at org.apache.hadoop.ipc.Server$RpcCall.run(Server.java:971) [hadoop-common-3.3.4.jar:?]
	at java.security.AccessController.doPrivileged(Native Method) ~[?:1.8.0_362]
	at javax.security.auth.Subject.doAs(Subject.java:422) [?:1.8.0_362]
	at org.apache.hadoop.security.UserGroupInformation.doAs(UserGroupInformation.java:1878) [hadoop-common-3.3.4.jar:?]
	at org.apache.hadoop.ipc.Server$Handler.run(Server.java:2976) [hadoop-common-3.3.4.jar:?]
20:05:50.585 [IPC Server handler 12 on default port 40321] ERROR OMAudit - user=runner | ip=127.0.0.1 | op=GET_FILE_STATUS {volume=volume45206, bucket=bucket25127, key=level0/level3/level3, dataSize=0, replicationConfig=null} | ret=FAILURE
org.apache.hadoop.ozone.om.exceptions.OMException: Unable to get file status: volume: volume45206 bucket: bucket25127 key: level0/level3/level3
	at org.apache.hadoop.ozone.om.KeyManagerImpl.getOzoneFileStatus(KeyManagerImpl.java:1196) ~[ozone-manager-1.4.0-SNAPSHOT.jar:?]
	at org.apache.hadoop.ozone.om.KeyManagerImpl.getFileStatus(KeyManagerImpl.java:1114) ~[ozone-manager-1.4.0-SNAPSHOT.jar:?]
	at org.apache.hadoop.ozone.om.OmMetadataReader.getFileStatus(OmMetadataReader.java:288) ~[ozone-manager-1.4.0-SNAPSHOT.jar:?]
	at org.apache.hadoop.ozone.om.OzoneManager.getFileStatus(OzoneManager.java:3494) ~[ozone-manager-1.4.0-SNAPSHOT.jar:?]
	at org.apache.hadoop.ozone.protocolPB.OzoneManagerRequestHandler.getOzoneFileStatus(OzoneManagerRequestHandler.java:933) ~[ozone-manager-1.4.0-SNAPSHOT.jar:?]
	at org.apache.hadoop.ozone.protocolPB.OzoneManagerRequestHandler.handleReadRequest(OzoneManagerRequestHandler.java:238) ~[ozone-manager-1.4.0-SNAPSHOT.jar:?]
	at org.apache.hadoop.ozone.protocolPB.OzoneManagerProtocolServerSideTranslatorPB.submitRequestDirectlyToOM(OzoneManagerProtocolServerSideTranslatorPB.java:272) ~[ozone-manager-1.4.0-SNAPSHOT.jar:?]
	at org.apache.hadoop.ozone.protocolPB.OzoneManagerProtocolServerSideTranslatorPB.processRequest(OzoneManagerProtocolServerSideTranslatorPB.java:173) ~[ozone-manager-1.4.0-SNAPSHOT.jar:?]
	at org.apache.hadoop.hdds.server.OzoneProtocolMessageDispatcher.processRequest(OzoneProtocolMessageDispatcher.java:87) [hdds-server-framework-1.4.0-SNAPSHOT.jar:?]
	at org.apache.hadoop.ozone.protocolPB.OzoneManagerProtocolServerSideTranslatorPB.submitRequest(OzoneManagerProtocolServerSideTranslatorPB.java:147) [ozone-manager-1.4.0-SNAPSHOT.jar:?]
	at org.apache.hadoop.ozone.protocol.proto.OzoneManagerProtocolProtos$OzoneManagerService$2.callBlockingMethod(OzoneManagerProtocolProtos.java) [ozone-interface-client-1.4.0-SNAPSHOT.jar:?]
	at org.apache.hadoop.ipc.ProtobufRpcEngine$Server.processCall(ProtobufRpcEngine.java:465) [hadoop-common-3.3.4.jar:?]
	at org.apache.hadoop.ipc.ProtobufRpcEngine2$Server$ProtoBufRpcInvoker.call(ProtobufRpcEngine2.java:578) [hadoop-common-3.3.4.jar:?]
	at org.apache.hadoop.ipc.ProtobufRpcEngine2$Server$ProtoBufRpcInvoker.call(ProtobufRpcEngine2.java:556) [hadoop-common-3.3.4.jar:?]
	at org.apache.hadoop.ipc.RPC$Server.call(RPC.java:1093) [hadoop-common-3.3.4.jar:?]
	at org.apache.hadoop.ipc.Server$RpcCall.run(Server.java:1043) [hadoop-common-3.3.4.jar:?]
	at org.apache.hadoop.ipc.Server$RpcCall.run(Server.java:971) [hadoop-common-3.3.4.jar:?]
	at java.security.AccessController.doPrivileged(Native Method) ~[?:1.8.0_362]
	at javax.security.auth.Subject.doAs(Subject.java:422) [?:1.8.0_362]
	at org.apache.hadoop.security.UserGroupInformation.doAs(UserGroupInformation.java:1878) [hadoop-common-3.3.4.jar:?]
	at org.apache.hadoop.ipc.Server$Handler.run(Server.java:2976) [hadoop-common-3.3.4.jar:?]
20:05:50.586 [IPC Server handler 5 on default port 40321] ERROR OMAudit - user=runner | ip=127.0.0.1 | op=GET_FILE_STATUS {volume=volume45206, bucket=bucket25127, key=level0/level3/file1, dataSize=0, replicationConfig=null} | ret=FAILURE
org.apache.hadoop.ozone.om.exceptions.OMException: Unable to get file status: volume: volume45206 bucket: bucket25127 key: level0/level3/file1
	at org.apache.hadoop.ozone.om.KeyManagerImpl.getOzoneFileStatus(KeyManagerImpl.java:1196) ~[ozone-manager-1.4.0-SNAPSHOT.jar:?]
	at org.apache.hadoop.ozone.om.KeyManagerImpl.getFileStatus(KeyManagerImpl.java:1114) ~[ozone-manager-1.4.0-SNAPSHOT.jar:?]
	at org.apache.hadoop.ozone.om.OmMetadataReader.getFileStatus(OmMetadataReader.java:288) ~[ozone-manager-1.4.0-SNAPSHOT.jar:?]
	at org.apache.hadoop.ozone.om.OzoneManager.getFileStatus(OzoneManager.java:3494) ~[ozone-manager-1.4.0-SNAPSHOT.jar:?]
	at org.apache.hadoop.ozone.protocolPB.OzoneManagerRequestHandler.getOzoneFileStatus(OzoneManagerRequestHandler.java:933) ~[ozone-manager-1.4.0-SNAPSHOT.jar:?]
	at org.apache.hadoop.ozone.protocolPB.OzoneManagerRequestHandler.handleReadRequest(OzoneManagerRequestHandler.java:238) ~[ozone-manager-1.4.0-SNAPSHOT.jar:?]
	at org.apache.hadoop.ozone.protocolPB.OzoneManagerProtocolServerSideTranslatorPB.submitRequestDirectlyToOM(OzoneManagerProtocolServerSideTranslatorPB.java:272) ~[ozone-manager-1.4.0-SNAPSHOT.jar:?]
	at org.apache.hadoop.ozone.protocolPB.OzoneManagerProtocolServerSideTranslatorPB.processRequest(OzoneManagerProtocolServerSideTranslatorPB.java:173) ~[ozone-manager-1.4.0-SNAPSHOT.jar:?]
	at org.apache.hadoop.hdds.server.OzoneProtocolMessageDispatcher.processRequest(OzoneProtocolMessageDispatcher.java:87) [hdds-server-framework-1.4.0-SNAPSHOT.jar:?]
	at org.apache.hadoop.ozone.protocolPB.OzoneManagerProtocolServerSideTranslatorPB.submitRequest(OzoneManagerProtocolServerSideTranslatorPB.java:147) [ozone-manager-1.4.0-SNAPSHOT.jar:?]
	at org.apache.hadoop.ozone.protocol.proto.OzoneManagerProtocolProtos$OzoneManagerService$2.callBlockingMethod(OzoneManagerProtocolProtos.java) [ozone-interface-client-1.4.0-SNAPSHOT.jar:?]
	at org.apache.hadoop.ipc.ProtobufRpcEngine$Server.processCall(ProtobufRpcEngine.java:465) [hadoop-common-3.3.4.jar:?]
	at org.apache.hadoop.ipc.ProtobufRpcEngine2$Server$ProtoBufRpcInvoker.call(ProtobufRpcEngine2.java:578) [hadoop-common-3.3.4.jar:?]
	at org.apache.hadoop.ipc.ProtobufRpcEngine2$Server$ProtoBufRpcInvoker.call(ProtobufRpcEngine2.java:556) [hadoop-common-3.3.4.jar:?]
	at org.apache.hadoop.ipc.RPC$Server.call(RPC.java:1093) [hadoop-common-3.3.4.jar:?]
	at org.apache.hadoop.ipc.Server$RpcCall.run(Server.java:1043) [hadoop-common-3.3.4.jar:?]
	at org.apache.hadoop.ipc.Server$RpcCall.run(Server.java:971) [hadoop-common-3.3.4.jar:?]
	at java.security.AccessController.doPrivileged(Native Method) ~[?:1.8.0_362]
	at javax.security.auth.Subject.doAs(Subject.java:422) [?:1.8.0_362]
	at org.apache.hadoop.security.UserGroupInformation.doAs(UserGroupInformation.java:1878) [hadoop-common-3.3.4.jar:?]
	at org.apache.hadoop.ipc.Server$Handler.run(Server.java:2976) [hadoop-common-3.3.4.jar:?]
20:05:50.587 [IPC Server handler 14 on default port 40321] ERROR OMAudit - user=runner | ip=127.0.0.1 | op=GET_FILE_STATUS {volume=volume45206, bucket=bucket25127, key=level0/level3/level3/file1, dataSize=0, replicationConfig=null} | ret=FAILURE
org.apache.hadoop.ozone.om.exceptions.OMException: Unable to get file status: volume: volume45206 bucket: bucket25127 key: level0/level3/level3/file1
	at org.apache.hadoop.ozone.om.KeyManagerImpl.getOzoneFileStatus(KeyManagerImpl.java:1196) ~[ozone-manager-1.4.0-SNAPSHOT.jar:?]
	at org.apache.hadoop.ozone.om.KeyManagerImpl.getFileStatus(KeyManagerImpl.java:1114) ~[ozone-manager-1.4.0-SNAPSHOT.jar:?]
	at org.apache.hadoop.ozone.om.OmMetadataReader.getFileStatus(OmMetadataReader.java:288) ~[ozone-manager-1.4.0-SNAPSHOT.jar:?]
	at org.apache.hadoop.ozone.om.OzoneManager.getFileStatus(OzoneManager.java:3494) ~[ozone-manager-1.4.0-SNAPSHOT.jar:?]
	at org.apache.hadoop.ozone.protocolPB.OzoneManagerRequestHandler.getOzoneFileStatus(OzoneManagerRequestHandler.java:933) ~[ozone-manager-1.4.0-SNAPSHOT.jar:?]
	at org.apache.hadoop.ozone.protocolPB.OzoneManagerRequestHandler.handleReadRequest(OzoneManagerRequestHandler.java:238) ~[ozone-manager-1.4.0-SNAPSHOT.jar:?]
	at org.apache.hadoop.ozone.protocolPB.OzoneManagerProtocolServerSideTranslatorPB.submitRequestDirectlyToOM(OzoneManagerProtocolServerSideTranslatorPB.java:272) ~[ozone-manager-1.4.0-SNAPSHOT.jar:?]
	at org.apache.hadoop.ozone.protocolPB.OzoneManagerProtocolServerSideTranslatorPB.processRequest(OzoneManagerProtocolServerSideTranslatorPB.java:173) ~[ozone-manager-1.4.0-SNAPSHOT.jar:?]
	at org.apache.hadoop.hdds.server.OzoneProtocolMessageDispatcher.processRequest(OzoneProtocolMessageDispatcher.java:87) [hdds-server-framework-1.4.0-SNAPSHOT.jar:?]
	at org.apache.hadoop.ozone.protocolPB.OzoneManagerProtocolServerSideTranslatorPB.submitRequest(OzoneManagerProtocolServerSideTranslatorPB.java:147) [ozone-manager-1.4.0-SNAPSHOT.jar:?]
	at org.apache.hadoop.ozone.protocol.proto.OzoneManagerProtocolProtos$OzoneManagerService$2.callBlockingMethod(OzoneManagerProtocolProtos.java) [ozone-interface-client-1.4.0-SNAPSHOT.jar:?]
	at org.apache.hadoop.ipc.ProtobufRpcEngine$Server.processCall(ProtobufRpcEngine.java:465) [hadoop-common-3.3.4.jar:?]
	at org.apache.hadoop.ipc.ProtobufRpcEngine2$Server$ProtoBufRpcInvoker.call(ProtobufRpcEngine2.java:578) [hadoop-common-3.3.4.jar:?]
	at org.apache.hadoop.ipc.ProtobufRpcEngine2$Server$ProtoBufRpcInvoker.call(ProtobufRpcEngine2.java:556) [hadoop-common-3.3.4.jar:?]
	at org.apache.hadoop.ipc.RPC$Server.call(RPC.java:1093) [hadoop-common-3.3.4.jar:?]
	at org.apache.hadoop.ipc.Server$RpcCall.run(Server.java:1043) [hadoop-common-3.3.4.jar:?]
	at org.apache.hadoop.ipc.Server$RpcCall.run(Server.java:971) [hadoop-common-3.3.4.jar:?]
	at java.security.AccessController.doPrivileged(Native Method) ~[?:1.8.0_362]
	at javax.security.auth.Subject.doAs(Subject.java:422) [?:1.8.0_362]
	at org.apache.hadoop.security.UserGroupInformation.doAs(UserGroupInformation.java:1878) [hadoop-common-3.3.4.jar:?]
	at org.apache.hadoop.ipc.Server$Handler.run(Server.java:2976) [hadoop-common-3.3.4.jar:?]
]]></system-out>
  </testcase>
  <testcase name="testRecursiveDelete" classname="TestOzoneFileSystem" time="0.206">
    <system-out><![CDATA[2023-03-16 20:06:54,377 [OM StateMachine ApplyTransaction Thread - 0] INFO  key.OMKeyRequest (OMKeyRequest.java:wrapUncommittedBlocksAsPseudoKey(838)) - Detect allocated but uncommitted blocks [{blockID={containerID=1, localID=111677748019200014}, length=4194304, offset=0, token=null, pipeline=null, createVersion=0, partNumber=0}] in key gdir1/pdir1/child.
2023-03-16 20:06:54,386 [OM StateMachine ApplyTransaction Thread - 0] INFO  key.OMKeyRequest (OMKeyRequest.java:wrapUncommittedBlocksAsPseudoKey(838)) - Detect allocated but uncommitted blocks [{blockID={containerID=4, localID=111677748019200015}, length=4194304, offset=0, token=null, pipeline=null, createVersion=0, partNumber=0}] in key gdir1/pdir2/child.
2023-03-16 20:06:54,393 [OM StateMachine ApplyTransaction Thread - 0] INFO  key.OMKeyRequest (OMKeyRequest.java:wrapUncommittedBlocksAsPseudoKey(838)) - Detect allocated but uncommitted blocks [{blockID={containerID=3, localID=111677748019200016}, length=4194304, offset=0, token=null, pipeline=null, createVersion=0, partNumber=0}] in key gdir1/pdir3/child.
2023-03-16 20:06:54,399 [OM StateMachine ApplyTransaction Thread - 0] INFO  key.OMKeyRequest (OMKeyRequest.java:wrapUncommittedBlocksAsPseudoKey(838)) - Detect allocated but uncommitted blocks [{blockID={containerID=4, localID=111677748019200017}, length=4194304, offset=0, token=null, pipeline=null, createVersion=0, partNumber=0}] in key gdir1/pdir4/child.
2023-03-16 20:06:54,405 [OM StateMachine ApplyTransaction Thread - 0] INFO  key.OMKeyRequest (OMKeyRequest.java:wrapUncommittedBlocksAsPseudoKey(838)) - Detect allocated but uncommitted blocks [{blockID={containerID=3, localID=111677748019200018}, length=4194304, offset=0, token=null, pipeline=null, createVersion=0, partNumber=0}] in key gdir1/pdir5/child.
2023-03-16 20:06:54,416 [OM StateMachine ApplyTransaction Thread - 0] INFO  key.OMKeyRequest (OMKeyRequest.java:wrapUncommittedBlocksAsPseudoKey(838)) - Detect allocated but uncommitted blocks [{blockID={containerID=2, localID=111677748019200019}, length=4194304, offset=0, token=null, pipeline=null, createVersion=0, partNumber=0}] in key gdir1/pdir6/child.
2023-03-16 20:06:54,423 [OM StateMachine ApplyTransaction Thread - 0] INFO  key.OMKeyRequest (OMKeyRequest.java:wrapUncommittedBlocksAsPseudoKey(838)) - Detect allocated but uncommitted blocks [{blockID={containerID=1, localID=111677748019200020}, length=4194304, offset=0, token=null, pipeline=null, createVersion=0, partNumber=0}] in key gdir1/pdir7/child.
2023-03-16 20:06:54,430 [OM StateMachine ApplyTransaction Thread - 0] INFO  key.OMKeyRequest (OMKeyRequest.java:wrapUncommittedBlocksAsPseudoKey(838)) - Detect allocated but uncommitted blocks [{blockID={containerID=2, localID=111677748019200021}, length=4194304, offset=0, token=null, pipeline=null, createVersion=0, partNumber=0}] in key gdir1/pdir8/child.
2023-03-16 20:06:54,438 [OM StateMachine ApplyTransaction Thread - 0] INFO  key.OMKeyRequest (OMKeyRequest.java:wrapUncommittedBlocksAsPseudoKey(838)) - Detect allocated but uncommitted blocks [{blockID={containerID=1, localID=111677748019200022}, length=4194304, offset=0, token=null, pipeline=null, createVersion=0, partNumber=0}] in key gdir1/pdir9/child.
2023-03-16 20:06:54,450 [OM StateMachine ApplyTransaction Thread - 0] INFO  key.OMKeyRequest (OMKeyRequest.java:wrapUncommittedBlocksAsPseudoKey(838)) - Detect allocated but uncommitted blocks [{blockID={containerID=4, localID=111677748019200023}, length=4194304, offset=0, token=null, pipeline=null, createVersion=0, partNumber=0}] in key gdir1/pdir10/child.
20:06:54.470 [IPC Server handler 14 on default port 37437] ERROR OMAudit - user=runner | ip=127.0.0.1 | op=GET_FILE_STATUS {volume=volume46233, bucket=bucket02547, key=gdir1, dataSize=0, replicationConfig=null} | ret=FAILURE
org.apache.hadoop.ozone.om.exceptions.OMException: Unable to get file status: volume: volume46233 bucket: bucket02547 key: gdir1
	at org.apache.hadoop.ozone.om.KeyManagerImpl.getOzoneFileStatus(KeyManagerImpl.java:1196) ~[ozone-manager-1.4.0-SNAPSHOT.jar:?]
	at org.apache.hadoop.ozone.om.KeyManagerImpl.getFileStatus(KeyManagerImpl.java:1114) ~[ozone-manager-1.4.0-SNAPSHOT.jar:?]
	at org.apache.hadoop.ozone.om.OmMetadataReader.getFileStatus(OmMetadataReader.java:288) ~[ozone-manager-1.4.0-SNAPSHOT.jar:?]
	at org.apache.hadoop.ozone.om.OzoneManager.getFileStatus(OzoneManager.java:3494) ~[ozone-manager-1.4.0-SNAPSHOT.jar:?]
	at org.apache.hadoop.ozone.protocolPB.OzoneManagerRequestHandler.getOzoneFileStatus(OzoneManagerRequestHandler.java:933) ~[ozone-manager-1.4.0-SNAPSHOT.jar:?]
	at org.apache.hadoop.ozone.protocolPB.OzoneManagerRequestHandler.handleReadRequest(OzoneManagerRequestHandler.java:238) ~[ozone-manager-1.4.0-SNAPSHOT.jar:?]
	at org.apache.hadoop.ozone.protocolPB.OzoneManagerProtocolServerSideTranslatorPB.submitReadRequestToOM(OzoneManagerProtocolServerSideTranslatorPB.java:223) ~[ozone-manager-1.4.0-SNAPSHOT.jar:?]
	at org.apache.hadoop.ozone.protocolPB.OzoneManagerProtocolServerSideTranslatorPB.processRequest(OzoneManagerProtocolServerSideTranslatorPB.java:177) ~[ozone-manager-1.4.0-SNAPSHOT.jar:?]
	at org.apache.hadoop.hdds.server.OzoneProtocolMessageDispatcher.processRequest(OzoneProtocolMessageDispatcher.java:87) [hdds-server-framework-1.4.0-SNAPSHOT.jar:?]
	at org.apache.hadoop.ozone.protocolPB.OzoneManagerProtocolServerSideTranslatorPB.submitRequest(OzoneManagerProtocolServerSideTranslatorPB.java:147) [ozone-manager-1.4.0-SNAPSHOT.jar:?]
	at org.apache.hadoop.ozone.protocol.proto.OzoneManagerProtocolProtos$OzoneManagerService$2.callBlockingMethod(OzoneManagerProtocolProtos.java) [ozone-interface-client-1.4.0-SNAPSHOT.jar:?]
	at org.apache.hadoop.ipc.ProtobufRpcEngine$Server.processCall(ProtobufRpcEngine.java:465) [hadoop-common-3.3.4.jar:?]
	at org.apache.hadoop.ipc.ProtobufRpcEngine2$Server$ProtoBufRpcInvoker.call(ProtobufRpcEngine2.java:578) [hadoop-common-3.3.4.jar:?]
	at org.apache.hadoop.ipc.ProtobufRpcEngine2$Server$ProtoBufRpcInvoker.call(ProtobufRpcEngine2.java:556) [hadoop-common-3.3.4.jar:?]
	at org.apache.hadoop.ipc.RPC$Server.call(RPC.java:1093) [hadoop-common-3.3.4.jar:?]
	at org.apache.hadoop.ipc.Server$RpcCall.run(Server.java:1043) [hadoop-common-3.3.4.jar:?]
	at org.apache.hadoop.ipc.Server$RpcCall.run(Server.java:971) [hadoop-common-3.3.4.jar:?]
	at java.security.AccessController.doPrivileged(Native Method) ~[?:1.8.0_362]
	at javax.security.auth.Subject.doAs(Subject.java:422) [?:1.8.0_362]
	at org.apache.hadoop.security.UserGroupInformation.doAs(UserGroupInformation.java:1878) [hadoop-common-3.3.4.jar:?]
	at org.apache.hadoop.ipc.Server$Handler.run(Server.java:2976) [hadoop-common-3.3.4.jar:?]
20:06:54.471 [IPC Server handler 11 on default port 37437] ERROR OMAudit - user=runner | ip=127.0.0.1 | op=GET_FILE_STATUS {volume=volume46233, bucket=bucket02547, key=gdir1/dir1, dataSize=0, replicationConfig=null} | ret=FAILURE
org.apache.hadoop.ozone.om.exceptions.OMException: Unable to get file status: volume: volume46233 bucket: bucket02547 key: gdir1/dir1
	at org.apache.hadoop.ozone.om.KeyManagerImpl.getOzoneFileStatus(KeyManagerImpl.java:1196) ~[ozone-manager-1.4.0-SNAPSHOT.jar:?]
	at org.apache.hadoop.ozone.om.KeyManagerImpl.getFileStatus(KeyManagerImpl.java:1114) ~[ozone-manager-1.4.0-SNAPSHOT.jar:?]
	at org.apache.hadoop.ozone.om.OmMetadataReader.getFileStatus(OmMetadataReader.java:288) ~[ozone-manager-1.4.0-SNAPSHOT.jar:?]
	at org.apache.hadoop.ozone.om.OzoneManager.getFileStatus(OzoneManager.java:3494) ~[ozone-manager-1.4.0-SNAPSHOT.jar:?]
	at org.apache.hadoop.ozone.protocolPB.OzoneManagerRequestHandler.getOzoneFileStatus(OzoneManagerRequestHandler.java:933) ~[ozone-manager-1.4.0-SNAPSHOT.jar:?]
	at org.apache.hadoop.ozone.protocolPB.OzoneManagerRequestHandler.handleReadRequest(OzoneManagerRequestHandler.java:238) ~[ozone-manager-1.4.0-SNAPSHOT.jar:?]
	at org.apache.hadoop.ozone.protocolPB.OzoneManagerProtocolServerSideTranslatorPB.submitReadRequestToOM(OzoneManagerProtocolServerSideTranslatorPB.java:223) ~[ozone-manager-1.4.0-SNAPSHOT.jar:?]
	at org.apache.hadoop.ozone.protocolPB.OzoneManagerProtocolServerSideTranslatorPB.processRequest(OzoneManagerProtocolServerSideTranslatorPB.java:177) ~[ozone-manager-1.4.0-SNAPSHOT.jar:?]
	at org.apache.hadoop.hdds.server.OzoneProtocolMessageDispatcher.processRequest(OzoneProtocolMessageDispatcher.java:87) [hdds-server-framework-1.4.0-SNAPSHOT.jar:?]
	at org.apache.hadoop.ozone.protocolPB.OzoneManagerProtocolServerSideTranslatorPB.submitRequest(OzoneManagerProtocolServerSideTranslatorPB.java:147) [ozone-manager-1.4.0-SNAPSHOT.jar:?]
	at org.apache.hadoop.ozone.protocol.proto.OzoneManagerProtocolProtos$OzoneManagerService$2.callBlockingMethod(OzoneManagerProtocolProtos.java) [ozone-interface-client-1.4.0-SNAPSHOT.jar:?]
	at org.apache.hadoop.ipc.ProtobufRpcEngine$Server.processCall(ProtobufRpcEngine.java:465) [hadoop-common-3.3.4.jar:?]
	at org.apache.hadoop.ipc.ProtobufRpcEngine2$Server$ProtoBufRpcInvoker.call(ProtobufRpcEngine2.java:578) [hadoop-common-3.3.4.jar:?]
	at org.apache.hadoop.ipc.ProtobufRpcEngine2$Server$ProtoBufRpcInvoker.call(ProtobufRpcEngine2.java:556) [hadoop-common-3.3.4.jar:?]
	at org.apache.hadoop.ipc.RPC$Server.call(RPC.java:1093) [hadoop-common-3.3.4.jar:?]
	at org.apache.hadoop.ipc.Server$RpcCall.run(Server.java:1043) [hadoop-common-3.3.4.jar:?]
	at org.apache.hadoop.ipc.Server$RpcCall.run(Server.java:971) [hadoop-common-3.3.4.jar:?]
	at java.security.AccessController.doPrivileged(Native Method) ~[?:1.8.0_362]
	at javax.security.auth.Subject.doAs(Subject.java:422) [?:1.8.0_362]
	at org.apache.hadoop.security.UserGroupInformation.doAs(UserGroupInformation.java:1878) [hadoop-common-3.3.4.jar:?]
	at org.apache.hadoop.ipc.Server$Handler.run(Server.java:2976) [hadoop-common-3.3.4.jar:?]
20:06:54.472 [IPC Server handler 8 on default port 37437] ERROR OMAudit - user=runner | ip=127.0.0.1 | op=GET_FILE_STATUS {volume=volume46233, bucket=bucket02547, key=gdir1/dir1/child, dataSize=0, replicationConfig=null} | ret=FAILURE
org.apache.hadoop.ozone.om.exceptions.OMException: Unable to get file status: volume: volume46233 bucket: bucket02547 key: gdir1/dir1/child
	at org.apache.hadoop.ozone.om.KeyManagerImpl.getOzoneFileStatus(KeyManagerImpl.java:1196) ~[ozone-manager-1.4.0-SNAPSHOT.jar:?]
	at org.apache.hadoop.ozone.om.KeyManagerImpl.getFileStatus(KeyManagerImpl.java:1114) ~[ozone-manager-1.4.0-SNAPSHOT.jar:?]
	at org.apache.hadoop.ozone.om.OmMetadataReader.getFileStatus(OmMetadataReader.java:288) ~[ozone-manager-1.4.0-SNAPSHOT.jar:?]
	at org.apache.hadoop.ozone.om.OzoneManager.getFileStatus(OzoneManager.java:3494) ~[ozone-manager-1.4.0-SNAPSHOT.jar:?]
	at org.apache.hadoop.ozone.protocolPB.OzoneManagerRequestHandler.getOzoneFileStatus(OzoneManagerRequestHandler.java:933) ~[ozone-manager-1.4.0-SNAPSHOT.jar:?]
	at org.apache.hadoop.ozone.protocolPB.OzoneManagerRequestHandler.handleReadRequest(OzoneManagerRequestHandler.java:238) ~[ozone-manager-1.4.0-SNAPSHOT.jar:?]
	at org.apache.hadoop.ozone.protocolPB.OzoneManagerProtocolServerSideTranslatorPB.submitReadRequestToOM(OzoneManagerProtocolServerSideTranslatorPB.java:223) ~[ozone-manager-1.4.0-SNAPSHOT.jar:?]
	at org.apache.hadoop.ozone.protocolPB.OzoneManagerProtocolServerSideTranslatorPB.processRequest(OzoneManagerProtocolServerSideTranslatorPB.java:177) ~[ozone-manager-1.4.0-SNAPSHOT.jar:?]
	at org.apache.hadoop.hdds.server.OzoneProtocolMessageDispatcher.processRequest(OzoneProtocolMessageDispatcher.java:87) [hdds-server-framework-1.4.0-SNAPSHOT.jar:?]
	at org.apache.hadoop.ozone.protocolPB.OzoneManagerProtocolServerSideTranslatorPB.submitRequest(OzoneManagerProtocolServerSideTranslatorPB.java:147) [ozone-manager-1.4.0-SNAPSHOT.jar:?]
	at org.apache.hadoop.ozone.protocol.proto.OzoneManagerProtocolProtos$OzoneManagerService$2.callBlockingMethod(OzoneManagerProtocolProtos.java) [ozone-interface-client-1.4.0-SNAPSHOT.jar:?]
	at org.apache.hadoop.ipc.ProtobufRpcEngine$Server.processCall(ProtobufRpcEngine.java:465) [hadoop-common-3.3.4.jar:?]
	at org.apache.hadoop.ipc.ProtobufRpcEngine2$Server$ProtoBufRpcInvoker.call(ProtobufRpcEngine2.java:578) [hadoop-common-3.3.4.jar:?]
	at org.apache.hadoop.ipc.ProtobufRpcEngine2$Server$ProtoBufRpcInvoker.call(ProtobufRpcEngine2.java:556) [hadoop-common-3.3.4.jar:?]
	at org.apache.hadoop.ipc.RPC$Server.call(RPC.java:1093) [hadoop-common-3.3.4.jar:?]
	at org.apache.hadoop.ipc.Server$RpcCall.run(Server.java:1043) [hadoop-common-3.3.4.jar:?]
	at org.apache.hadoop.ipc.Server$RpcCall.run(Server.java:971) [hadoop-common-3.3.4.jar:?]
	at java.security.AccessController.doPrivileged(Native Method) ~[?:1.8.0_362]
	at javax.security.auth.Subject.doAs(Subject.java:422) [?:1.8.0_362]
	at org.apache.hadoop.security.UserGroupInformation.doAs(UserGroupInformation.java:1878) [hadoop-common-3.3.4.jar:?]
	at org.apache.hadoop.ipc.Server$Handler.run(Server.java:2976) [hadoop-common-3.3.4.jar:?]
20:06:54.473 [IPC Server handler 3 on default port 37437] ERROR OMAudit - user=runner | ip=127.0.0.1 | op=GET_FILE_STATUS {volume=volume46233, bucket=bucket02547, key=gdir1/dir2, dataSize=0, replicationConfig=null} | ret=FAILURE
org.apache.hadoop.ozone.om.exceptions.OMException: Unable to get file status: volume: volume46233 bucket: bucket02547 key: gdir1/dir2
	at org.apache.hadoop.ozone.om.KeyManagerImpl.getOzoneFileStatus(KeyManagerImpl.java:1196) ~[ozone-manager-1.4.0-SNAPSHOT.jar:?]
	at org.apache.hadoop.ozone.om.KeyManagerImpl.getFileStatus(KeyManagerImpl.java:1114) ~[ozone-manager-1.4.0-SNAPSHOT.jar:?]
	at org.apache.hadoop.ozone.om.OmMetadataReader.getFileStatus(OmMetadataReader.java:288) ~[ozone-manager-1.4.0-SNAPSHOT.jar:?]
	at org.apache.hadoop.ozone.om.OzoneManager.getFileStatus(OzoneManager.java:3494) ~[ozone-manager-1.4.0-SNAPSHOT.jar:?]
	at org.apache.hadoop.ozone.protocolPB.OzoneManagerRequestHandler.getOzoneFileStatus(OzoneManagerRequestHandler.java:933) ~[ozone-manager-1.4.0-SNAPSHOT.jar:?]
	at org.apache.hadoop.ozone.protocolPB.OzoneManagerRequestHandler.handleReadRequest(OzoneManagerRequestHandler.java:238) ~[ozone-manager-1.4.0-SNAPSHOT.jar:?]
	at org.apache.hadoop.ozone.protocolPB.OzoneManagerProtocolServerSideTranslatorPB.submitReadRequestToOM(OzoneManagerProtocolServerSideTranslatorPB.java:223) ~[ozone-manager-1.4.0-SNAPSHOT.jar:?]
	at org.apache.hadoop.ozone.protocolPB.OzoneManagerProtocolServerSideTranslatorPB.processRequest(OzoneManagerProtocolServerSideTranslatorPB.java:177) ~[ozone-manager-1.4.0-SNAPSHOT.jar:?]
	at org.apache.hadoop.hdds.server.OzoneProtocolMessageDispatcher.processRequest(OzoneProtocolMessageDispatcher.java:87) [hdds-server-framework-1.4.0-SNAPSHOT.jar:?]
	at org.apache.hadoop.ozone.protocolPB.OzoneManagerProtocolServerSideTranslatorPB.submitRequest(OzoneManagerProtocolServerSideTranslatorPB.java:147) [ozone-manager-1.4.0-SNAPSHOT.jar:?]
	at org.apache.hadoop.ozone.protocol.proto.OzoneManagerProtocolProtos$OzoneManagerService$2.callBlockingMethod(OzoneManagerProtocolProtos.java) [ozone-interface-client-1.4.0-SNAPSHOT.jar:?]
	at org.apache.hadoop.ipc.ProtobufRpcEngine$Server.processCall(ProtobufRpcEngine.java:465) [hadoop-common-3.3.4.jar:?]
	at org.apache.hadoop.ipc.ProtobufRpcEngine2$Server$ProtoBufRpcInvoker.call(ProtobufRpcEngine2.java:578) [hadoop-common-3.3.4.jar:?]
	at org.apache.hadoop.ipc.ProtobufRpcEngine2$Server$ProtoBufRpcInvoker.call(ProtobufRpcEngine2.java:556) [hadoop-common-3.3.4.jar:?]
	at org.apache.hadoop.ipc.RPC$Server.call(RPC.java:1093) [hadoop-common-3.3.4.jar:?]
	at org.apache.hadoop.ipc.Server$RpcCall.run(Server.java:1043) [hadoop-common-3.3.4.jar:?]
	at org.apache.hadoop.ipc.Server$RpcCall.run(Server.java:971) [hadoop-common-3.3.4.jar:?]
	at java.security.AccessController.doPrivileged(Native Method) ~[?:1.8.0_362]
	at javax.security.auth.Subject.doAs(Subject.java:422) [?:1.8.0_362]
	at org.apache.hadoop.security.UserGroupInformation.doAs(UserGroupInformation.java:1878) [hadoop-common-3.3.4.jar:?]
	at org.apache.hadoop.ipc.Server$Handler.run(Server.java:2976) [hadoop-common-3.3.4.jar:?]
20:06:54.473 [IPC Server handler 17 on default port 37437] ERROR OMAudit - user=runner | ip=127.0.0.1 | op=GET_FILE_STATUS {volume=volume46233, bucket=bucket02547, key=gdir1/dir2/child, dataSize=0, replicationConfig=null} | ret=FAILURE
org.apache.hadoop.ozone.om.exceptions.OMException: Unable to get file status: volume: volume46233 bucket: bucket02547 key: gdir1/dir2/child
	at org.apache.hadoop.ozone.om.KeyManagerImpl.getOzoneFileStatus(KeyManagerImpl.java:1196) ~[ozone-manager-1.4.0-SNAPSHOT.jar:?]
	at org.apache.hadoop.ozone.om.KeyManagerImpl.getFileStatus(KeyManagerImpl.java:1114) ~[ozone-manager-1.4.0-SNAPSHOT.jar:?]
	at org.apache.hadoop.ozone.om.OmMetadataReader.getFileStatus(OmMetadataReader.java:288) ~[ozone-manager-1.4.0-SNAPSHOT.jar:?]
	at org.apache.hadoop.ozone.om.OzoneManager.getFileStatus(OzoneManager.java:3494) ~[ozone-manager-1.4.0-SNAPSHOT.jar:?]
	at org.apache.hadoop.ozone.protocolPB.OzoneManagerRequestHandler.getOzoneFileStatus(OzoneManagerRequestHandler.java:933) ~[ozone-manager-1.4.0-SNAPSHOT.jar:?]
	at org.apache.hadoop.ozone.protocolPB.OzoneManagerRequestHandler.handleReadRequest(OzoneManagerRequestHandler.java:238) ~[ozone-manager-1.4.0-SNAPSHOT.jar:?]
	at org.apache.hadoop.ozone.protocolPB.OzoneManagerProtocolServerSideTranslatorPB.submitReadRequestToOM(OzoneManagerProtocolServerSideTranslatorPB.java:223) ~[ozone-manager-1.4.0-SNAPSHOT.jar:?]
	at org.apache.hadoop.ozone.protocolPB.OzoneManagerProtocolServerSideTranslatorPB.processRequest(OzoneManagerProtocolServerSideTranslatorPB.java:177) ~[ozone-manager-1.4.0-SNAPSHOT.jar:?]
	at org.apache.hadoop.hdds.server.OzoneProtocolMessageDispatcher.processRequest(OzoneProtocolMessageDispatcher.java:87) [hdds-server-framework-1.4.0-SNAPSHOT.jar:?]
	at org.apache.hadoop.ozone.protocolPB.OzoneManagerProtocolServerSideTranslatorPB.submitRequest(OzoneManagerProtocolServerSideTranslatorPB.java:147) [ozone-manager-1.4.0-SNAPSHOT.jar:?]
	at org.apache.hadoop.ozone.protocol.proto.OzoneManagerProtocolProtos$OzoneManagerService$2.callBlockingMethod(OzoneManagerProtocolProtos.java) [ozone-interface-client-1.4.0-SNAPSHOT.jar:?]
	at org.apache.hadoop.ipc.ProtobufRpcEngine$Server.processCall(ProtobufRpcEngine.java:465) [hadoop-common-3.3.4.jar:?]
	at org.apache.hadoop.ipc.ProtobufRpcEngine2$Server$ProtoBufRpcInvoker.call(ProtobufRpcEngine2.java:578) [hadoop-common-3.3.4.jar:?]
	at org.apache.hadoop.ipc.ProtobufRpcEngine2$Server$ProtoBufRpcInvoker.call(ProtobufRpcEngine2.java:556) [hadoop-common-3.3.4.jar:?]
	at org.apache.hadoop.ipc.RPC$Server.call(RPC.java:1093) [hadoop-common-3.3.4.jar:?]
	at org.apache.hadoop.ipc.Server$RpcCall.run(Server.java:1043) [hadoop-common-3.3.4.jar:?]
	at org.apache.hadoop.ipc.Server$RpcCall.run(Server.java:971) [hadoop-common-3.3.4.jar:?]
	at java.security.AccessController.doPrivileged(Native Method) ~[?:1.8.0_362]
	at javax.security.auth.Subject.doAs(Subject.java:422) [?:1.8.0_362]
	at org.apache.hadoop.security.UserGroupInformation.doAs(UserGroupInformation.java:1878) [hadoop-common-3.3.4.jar:?]
	at org.apache.hadoop.ipc.Server$Handler.run(Server.java:2976) [hadoop-common-3.3.4.jar:?]
20:06:54.474 [IPC Server handler 13 on default port 37437] ERROR OMAudit - user=runner | ip=127.0.0.1 | op=GET_FILE_STATUS {volume=volume46233, bucket=bucket02547, key=gdir1/dir3, dataSize=0, replicationConfig=null} | ret=FAILURE
org.apache.hadoop.ozone.om.exceptions.OMException: Unable to get file status: volume: volume46233 bucket: bucket02547 key: gdir1/dir3
	at org.apache.hadoop.ozone.om.KeyManagerImpl.getOzoneFileStatus(KeyManagerImpl.java:1196) ~[ozone-manager-1.4.0-SNAPSHOT.jar:?]
	at org.apache.hadoop.ozone.om.KeyManagerImpl.getFileStatus(KeyManagerImpl.java:1114) ~[ozone-manager-1.4.0-SNAPSHOT.jar:?]
	at org.apache.hadoop.ozone.om.OmMetadataReader.getFileStatus(OmMetadataReader.java:288) ~[ozone-manager-1.4.0-SNAPSHOT.jar:?]
	at org.apache.hadoop.ozone.om.OzoneManager.getFileStatus(OzoneManager.java:3494) ~[ozone-manager-1.4.0-SNAPSHOT.jar:?]
	at org.apache.hadoop.ozone.protocolPB.OzoneManagerRequestHandler.getOzoneFileStatus(OzoneManagerRequestHandler.java:933) ~[ozone-manager-1.4.0-SNAPSHOT.jar:?]
	at org.apache.hadoop.ozone.protocolPB.OzoneManagerRequestHandler.handleReadRequest(OzoneManagerRequestHandler.java:238) ~[ozone-manager-1.4.0-SNAPSHOT.jar:?]
	at org.apache.hadoop.ozone.protocolPB.OzoneManagerProtocolServerSideTranslatorPB.submitReadRequestToOM(OzoneManagerProtocolServerSideTranslatorPB.java:223) ~[ozone-manager-1.4.0-SNAPSHOT.jar:?]
	at org.apache.hadoop.ozone.protocolPB.OzoneManagerProtocolServerSideTranslatorPB.processRequest(OzoneManagerProtocolServerSideTranslatorPB.java:177) ~[ozone-manager-1.4.0-SNAPSHOT.jar:?]
	at org.apache.hadoop.hdds.server.OzoneProtocolMessageDispatcher.processRequest(OzoneProtocolMessageDispatcher.java:87) [hdds-server-framework-1.4.0-SNAPSHOT.jar:?]
	at org.apache.hadoop.ozone.protocolPB.OzoneManagerProtocolServerSideTranslatorPB.submitRequest(OzoneManagerProtocolServerSideTranslatorPB.java:147) [ozone-manager-1.4.0-SNAPSHOT.jar:?]
	at org.apache.hadoop.ozone.protocol.proto.OzoneManagerProtocolProtos$OzoneManagerService$2.callBlockingMethod(OzoneManagerProtocolProtos.java) [ozone-interface-client-1.4.0-SNAPSHOT.jar:?]
	at org.apache.hadoop.ipc.ProtobufRpcEngine$Server.processCall(ProtobufRpcEngine.java:465) [hadoop-common-3.3.4.jar:?]
	at org.apache.hadoop.ipc.ProtobufRpcEngine2$Server$ProtoBufRpcInvoker.call(ProtobufRpcEngine2.java:578) [hadoop-common-3.3.4.jar:?]
	at org.apache.hadoop.ipc.ProtobufRpcEngine2$Server$ProtoBufRpcInvoker.call(ProtobufRpcEngine2.java:556) [hadoop-common-3.3.4.jar:?]
	at org.apache.hadoop.ipc.RPC$Server.call(RPC.java:1093) [hadoop-common-3.3.4.jar:?]
	at org.apache.hadoop.ipc.Server$RpcCall.run(Server.java:1043) [hadoop-common-3.3.4.jar:?]
	at org.apache.hadoop.ipc.Server$RpcCall.run(Server.java:971) [hadoop-common-3.3.4.jar:?]
	at java.security.AccessController.doPrivileged(Native Method) ~[?:1.8.0_362]
	at javax.security.auth.Subject.doAs(Subject.java:422) [?:1.8.0_362]
	at org.apache.hadoop.security.UserGroupInformation.doAs(UserGroupInformation.java:1878) [hadoop-common-3.3.4.jar:?]
	at org.apache.hadoop.ipc.Server$Handler.run(Server.java:2976) [hadoop-common-3.3.4.jar:?]
20:06:54.475 [IPC Server handler 10 on default port 37437] ERROR OMAudit - user=runner | ip=127.0.0.1 | op=GET_FILE_STATUS {volume=volume46233, bucket=bucket02547, key=gdir1/dir3/child, dataSize=0, replicationConfig=null} | ret=FAILURE
org.apache.hadoop.ozone.om.exceptions.OMException: Unable to get file status: volume: volume46233 bucket: bucket02547 key: gdir1/dir3/child
	at org.apache.hadoop.ozone.om.KeyManagerImpl.getOzoneFileStatus(KeyManagerImpl.java:1196) ~[ozone-manager-1.4.0-SNAPSHOT.jar:?]
	at org.apache.hadoop.ozone.om.KeyManagerImpl.getFileStatus(KeyManagerImpl.java:1114) ~[ozone-manager-1.4.0-SNAPSHOT.jar:?]
	at org.apache.hadoop.ozone.om.OmMetadataReader.getFileStatus(OmMetadataReader.java:288) ~[ozone-manager-1.4.0-SNAPSHOT.jar:?]
	at org.apache.hadoop.ozone.om.OzoneManager.getFileStatus(OzoneManager.java:3494) ~[ozone-manager-1.4.0-SNAPSHOT.jar:?]
	at org.apache.hadoop.ozone.protocolPB.OzoneManagerRequestHandler.getOzoneFileStatus(OzoneManagerRequestHandler.java:933) ~[ozone-manager-1.4.0-SNAPSHOT.jar:?]
	at org.apache.hadoop.ozone.protocolPB.OzoneManagerRequestHandler.handleReadRequest(OzoneManagerRequestHandler.java:238) ~[ozone-manager-1.4.0-SNAPSHOT.jar:?]
	at org.apache.hadoop.ozone.protocolPB.OzoneManagerProtocolServerSideTranslatorPB.submitReadRequestToOM(OzoneManagerProtocolServerSideTranslatorPB.java:223) ~[ozone-manager-1.4.0-SNAPSHOT.jar:?]
	at org.apache.hadoop.ozone.protocolPB.OzoneManagerProtocolServerSideTranslatorPB.processRequest(OzoneManagerProtocolServerSideTranslatorPB.java:177) ~[ozone-manager-1.4.0-SNAPSHOT.jar:?]
	at org.apache.hadoop.hdds.server.OzoneProtocolMessageDispatcher.processRequest(OzoneProtocolMessageDispatcher.java:87) [hdds-server-framework-1.4.0-SNAPSHOT.jar:?]
	at org.apache.hadoop.ozone.protocolPB.OzoneManagerProtocolServerSideTranslatorPB.submitRequest(OzoneManagerProtocolServerSideTranslatorPB.java:147) [ozone-manager-1.4.0-SNAPSHOT.jar:?]
	at org.apache.hadoop.ozone.protocol.proto.OzoneManagerProtocolProtos$OzoneManagerService$2.callBlockingMethod(OzoneManagerProtocolProtos.java) [ozone-interface-client-1.4.0-SNAPSHOT.jar:?]
	at org.apache.hadoop.ipc.ProtobufRpcEngine$Server.processCall(ProtobufRpcEngine.java:465) [hadoop-common-3.3.4.jar:?]
	at org.apache.hadoop.ipc.ProtobufRpcEngine2$Server$ProtoBufRpcInvoker.call(ProtobufRpcEngine2.java:578) [hadoop-common-3.3.4.jar:?]
	at org.apache.hadoop.ipc.ProtobufRpcEngine2$Server$ProtoBufRpcInvoker.call(ProtobufRpcEngine2.java:556) [hadoop-common-3.3.4.jar:?]
	at org.apache.hadoop.ipc.RPC$Server.call(RPC.java:1093) [hadoop-common-3.3.4.jar:?]
	at org.apache.hadoop.ipc.Server$RpcCall.run(Server.java:1043) [hadoop-common-3.3.4.jar:?]
	at org.apache.hadoop.ipc.Server$RpcCall.run(Server.java:971) [hadoop-common-3.3.4.jar:?]
	at java.security.AccessController.doPrivileged(Native Method) ~[?:1.8.0_362]
	at javax.security.auth.Subject.doAs(Subject.java:422) [?:1.8.0_362]
	at org.apache.hadoop.security.UserGroupInformation.doAs(UserGroupInformation.java:1878) [hadoop-common-3.3.4.jar:?]
	at org.apache.hadoop.ipc.Server$Handler.run(Server.java:2976) [hadoop-common-3.3.4.jar:?]
20:06:54.476 [IPC Server handler 19 on default port 37437] ERROR OMAudit - user=runner | ip=127.0.0.1 | op=GET_FILE_STATUS {volume=volume46233, bucket=bucket02547, key=gdir1/dir4, dataSize=0, replicationConfig=null} | ret=FAILURE
org.apache.hadoop.ozone.om.exceptions.OMException: Unable to get file status: volume: volume46233 bucket: bucket02547 key: gdir1/dir4
	at org.apache.hadoop.ozone.om.KeyManagerImpl.getOzoneFileStatus(KeyManagerImpl.java:1196) ~[ozone-manager-1.4.0-SNAPSHOT.jar:?]
	at org.apache.hadoop.ozone.om.KeyManagerImpl.getFileStatus(KeyManagerImpl.java:1114) ~[ozone-manager-1.4.0-SNAPSHOT.jar:?]
	at org.apache.hadoop.ozone.om.OmMetadataReader.getFileStatus(OmMetadataReader.java:288) ~[ozone-manager-1.4.0-SNAPSHOT.jar:?]
	at org.apache.hadoop.ozone.om.OzoneManager.getFileStatus(OzoneManager.java:3494) ~[ozone-manager-1.4.0-SNAPSHOT.jar:?]
	at org.apache.hadoop.ozone.protocolPB.OzoneManagerRequestHandler.getOzoneFileStatus(OzoneManagerRequestHandler.java:933) ~[ozone-manager-1.4.0-SNAPSHOT.jar:?]
	at org.apache.hadoop.ozone.protocolPB.OzoneManagerRequestHandler.handleReadRequest(OzoneManagerRequestHandler.java:238) ~[ozone-manager-1.4.0-SNAPSHOT.jar:?]
	at org.apache.hadoop.ozone.protocolPB.OzoneManagerProtocolServerSideTranslatorPB.submitReadRequestToOM(OzoneManagerProtocolServerSideTranslatorPB.java:223) ~[ozone-manager-1.4.0-SNAPSHOT.jar:?]
	at org.apache.hadoop.ozone.protocolPB.OzoneManagerProtocolServerSideTranslatorPB.processRequest(OzoneManagerProtocolServerSideTranslatorPB.java:177) ~[ozone-manager-1.4.0-SNAPSHOT.jar:?]
	at org.apache.hadoop.hdds.server.OzoneProtocolMessageDispatcher.processRequest(OzoneProtocolMessageDispatcher.java:87) [hdds-server-framework-1.4.0-SNAPSHOT.jar:?]
	at org.apache.hadoop.ozone.protocolPB.OzoneManagerProtocolServerSideTranslatorPB.submitRequest(OzoneManagerProtocolServerSideTranslatorPB.java:147) [ozone-manager-1.4.0-SNAPSHOT.jar:?]
	at org.apache.hadoop.ozone.protocol.proto.OzoneManagerProtocolProtos$OzoneManagerService$2.callBlockingMethod(OzoneManagerProtocolProtos.java) [ozone-interface-client-1.4.0-SNAPSHOT.jar:?]
	at org.apache.hadoop.ipc.ProtobufRpcEngine$Server.processCall(ProtobufRpcEngine.java:465) [hadoop-common-3.3.4.jar:?]
	at org.apache.hadoop.ipc.ProtobufRpcEngine2$Server$ProtoBufRpcInvoker.call(ProtobufRpcEngine2.java:578) [hadoop-common-3.3.4.jar:?]
	at org.apache.hadoop.ipc.ProtobufRpcEngine2$Server$ProtoBufRpcInvoker.call(ProtobufRpcEngine2.java:556) [hadoop-common-3.3.4.jar:?]
	at org.apache.hadoop.ipc.RPC$Server.call(RPC.java:1093) [hadoop-common-3.3.4.jar:?]
	at org.apache.hadoop.ipc.Server$RpcCall.run(Server.java:1043) [hadoop-common-3.3.4.jar:?]
	at org.apache.hadoop.ipc.Server$RpcCall.run(Server.java:971) [hadoop-common-3.3.4.jar:?]
	at java.security.AccessController.doPrivileged(Native Method) ~[?:1.8.0_362]
	at javax.security.auth.Subject.doAs(Subject.java:422) [?:1.8.0_362]
	at org.apache.hadoop.security.UserGroupInformation.doAs(UserGroupInformation.java:1878) [hadoop-common-3.3.4.jar:?]
	at org.apache.hadoop.ipc.Server$Handler.run(Server.java:2976) [hadoop-common-3.3.4.jar:?]
20:06:54.477 [IPC Server handler 12 on default port 37437] ERROR OMAudit - user=runner | ip=127.0.0.1 | op=GET_FILE_STATUS {volume=volume46233, bucket=bucket02547, key=gdir1/dir4/child, dataSize=0, replicationConfig=null} | ret=FAILURE
org.apache.hadoop.ozone.om.exceptions.OMException: Unable to get file status: volume: volume46233 bucket: bucket02547 key: gdir1/dir4/child
	at org.apache.hadoop.ozone.om.KeyManagerImpl.getOzoneFileStatus(KeyManagerImpl.java:1196) ~[ozone-manager-1.4.0-SNAPSHOT.jar:?]
	at org.apache.hadoop.ozone.om.KeyManagerImpl.getFileStatus(KeyManagerImpl.java:1114) ~[ozone-manager-1.4.0-SNAPSHOT.jar:?]
	at org.apache.hadoop.ozone.om.OmMetadataReader.getFileStatus(OmMetadataReader.java:288) ~[ozone-manager-1.4.0-SNAPSHOT.jar:?]
	at org.apache.hadoop.ozone.om.OzoneManager.getFileStatus(OzoneManager.java:3494) ~[ozone-manager-1.4.0-SNAPSHOT.jar:?]
	at org.apache.hadoop.ozone.protocolPB.OzoneManagerRequestHandler.getOzoneFileStatus(OzoneManagerRequestHandler.java:933) ~[ozone-manager-1.4.0-SNAPSHOT.jar:?]
	at org.apache.hadoop.ozone.protocolPB.OzoneManagerRequestHandler.handleReadRequest(OzoneManagerRequestHandler.java:238) ~[ozone-manager-1.4.0-SNAPSHOT.jar:?]
	at org.apache.hadoop.ozone.protocolPB.OzoneManagerProtocolServerSideTranslatorPB.submitReadRequestToOM(OzoneManagerProtocolServerSideTranslatorPB.java:223) ~[ozone-manager-1.4.0-SNAPSHOT.jar:?]
	at org.apache.hadoop.ozone.protocolPB.OzoneManagerProtocolServerSideTranslatorPB.processRequest(OzoneManagerProtocolServerSideTranslatorPB.java:177) ~[ozone-manager-1.4.0-SNAPSHOT.jar:?]
	at org.apache.hadoop.hdds.server.OzoneProtocolMessageDispatcher.processRequest(OzoneProtocolMessageDispatcher.java:87) [hdds-server-framework-1.4.0-SNAPSHOT.jar:?]
	at org.apache.hadoop.ozone.protocolPB.OzoneManagerProtocolServerSideTranslatorPB.submitRequest(OzoneManagerProtocolServerSideTranslatorPB.java:147) [ozone-manager-1.4.0-SNAPSHOT.jar:?]
	at org.apache.hadoop.ozone.protocol.proto.OzoneManagerProtocolProtos$OzoneManagerService$2.callBlockingMethod(OzoneManagerProtocolProtos.java) [ozone-interface-client-1.4.0-SNAPSHOT.jar:?]
	at org.apache.hadoop.ipc.ProtobufRpcEngine$Server.processCall(ProtobufRpcEngine.java:465) [hadoop-common-3.3.4.jar:?]
	at org.apache.hadoop.ipc.ProtobufRpcEngine2$Server$ProtoBufRpcInvoker.call(ProtobufRpcEngine2.java:578) [hadoop-common-3.3.4.jar:?]
	at org.apache.hadoop.ipc.ProtobufRpcEngine2$Server$ProtoBufRpcInvoker.call(ProtobufRpcEngine2.java:556) [hadoop-common-3.3.4.jar:?]
	at org.apache.hadoop.ipc.RPC$Server.call(RPC.java:1093) [hadoop-common-3.3.4.jar:?]
	at org.apache.hadoop.ipc.Server$RpcCall.run(Server.java:1043) [hadoop-common-3.3.4.jar:?]
	at org.apache.hadoop.ipc.Server$RpcCall.run(Server.java:971) [hadoop-common-3.3.4.jar:?]
	at java.security.AccessController.doPrivileged(Native Method) ~[?:1.8.0_362]
	at javax.security.auth.Subject.doAs(Subject.java:422) [?:1.8.0_362]
	at org.apache.hadoop.security.UserGroupInformation.doAs(UserGroupInformation.java:1878) [hadoop-common-3.3.4.jar:?]
	at org.apache.hadoop.ipc.Server$Handler.run(Server.java:2976) [hadoop-common-3.3.4.jar:?]
20:06:54.477 [IPC Server handler 18 on default port 37437] ERROR OMAudit - user=runner | ip=127.0.0.1 | op=GET_FILE_STATUS {volume=volume46233, bucket=bucket02547, key=gdir1/dir5, dataSize=0, replicationConfig=null} | ret=FAILURE
org.apache.hadoop.ozone.om.exceptions.OMException: Unable to get file status: volume: volume46233 bucket: bucket02547 key: gdir1/dir5
	at org.apache.hadoop.ozone.om.KeyManagerImpl.getOzoneFileStatus(KeyManagerImpl.java:1196) ~[ozone-manager-1.4.0-SNAPSHOT.jar:?]
	at org.apache.hadoop.ozone.om.KeyManagerImpl.getFileStatus(KeyManagerImpl.java:1114) ~[ozone-manager-1.4.0-SNAPSHOT.jar:?]
	at org.apache.hadoop.ozone.om.OmMetadataReader.getFileStatus(OmMetadataReader.java:288) ~[ozone-manager-1.4.0-SNAPSHOT.jar:?]
	at org.apache.hadoop.ozone.om.OzoneManager.getFileStatus(OzoneManager.java:3494) ~[ozone-manager-1.4.0-SNAPSHOT.jar:?]
	at org.apache.hadoop.ozone.protocolPB.OzoneManagerRequestHandler.getOzoneFileStatus(OzoneManagerRequestHandler.java:933) ~[ozone-manager-1.4.0-SNAPSHOT.jar:?]
	at org.apache.hadoop.ozone.protocolPB.OzoneManagerRequestHandler.handleReadRequest(OzoneManagerRequestHandler.java:238) ~[ozone-manager-1.4.0-SNAPSHOT.jar:?]
	at org.apache.hadoop.ozone.protocolPB.OzoneManagerProtocolServerSideTranslatorPB.submitReadRequestToOM(OzoneManagerProtocolServerSideTranslatorPB.java:223) ~[ozone-manager-1.4.0-SNAPSHOT.jar:?]
	at org.apache.hadoop.ozone.protocolPB.OzoneManagerProtocolServerSideTranslatorPB.processRequest(OzoneManagerProtocolServerSideTranslatorPB.java:177) ~[ozone-manager-1.4.0-SNAPSHOT.jar:?]
	at org.apache.hadoop.hdds.server.OzoneProtocolMessageDispatcher.processRequest(OzoneProtocolMessageDispatcher.java:87) [hdds-server-framework-1.4.0-SNAPSHOT.jar:?]
	at org.apache.hadoop.ozone.protocolPB.OzoneManagerProtocolServerSideTranslatorPB.submitRequest(OzoneManagerProtocolServerSideTranslatorPB.java:147) [ozone-manager-1.4.0-SNAPSHOT.jar:?]
	at org.apache.hadoop.ozone.protocol.proto.OzoneManagerProtocolProtos$OzoneManagerService$2.callBlockingMethod(OzoneManagerProtocolProtos.java) [ozone-interface-client-1.4.0-SNAPSHOT.jar:?]
	at org.apache.hadoop.ipc.ProtobufRpcEngine$Server.processCall(ProtobufRpcEngine.java:465) [hadoop-common-3.3.4.jar:?]
	at org.apache.hadoop.ipc.ProtobufRpcEngine2$Server$ProtoBufRpcInvoker.call(ProtobufRpcEngine2.java:578) [hadoop-common-3.3.4.jar:?]
	at org.apache.hadoop.ipc.ProtobufRpcEngine2$Server$ProtoBufRpcInvoker.call(ProtobufRpcEngine2.java:556) [hadoop-common-3.3.4.jar:?]
	at org.apache.hadoop.ipc.RPC$Server.call(RPC.java:1093) [hadoop-common-3.3.4.jar:?]
	at org.apache.hadoop.ipc.Server$RpcCall.run(Server.java:1043) [hadoop-common-3.3.4.jar:?]
	at org.apache.hadoop.ipc.Server$RpcCall.run(Server.java:971) [hadoop-common-3.3.4.jar:?]
	at java.security.AccessController.doPrivileged(Native Method) ~[?:1.8.0_362]
	at javax.security.auth.Subject.doAs(Subject.java:422) [?:1.8.0_362]
	at org.apache.hadoop.security.UserGroupInformation.doAs(UserGroupInformation.java:1878) [hadoop-common-3.3.4.jar:?]
	at org.apache.hadoop.ipc.Server$Handler.run(Server.java:2976) [hadoop-common-3.3.4.jar:?]
20:06:54.480 [IPC Server handler 9 on default port 37437] ERROR OMAudit - user=runner | ip=127.0.0.1 | op=GET_FILE_STATUS {volume=volume46233, bucket=bucket02547, key=gdir1/dir5/child, dataSize=0, replicationConfig=null} | ret=FAILURE
org.apache.hadoop.ozone.om.exceptions.OMException: Unable to get file status: volume: volume46233 bucket: bucket02547 key: gdir1/dir5/child
	at org.apache.hadoop.ozone.om.KeyManagerImpl.getOzoneFileStatus(KeyManagerImpl.java:1196) ~[ozone-manager-1.4.0-SNAPSHOT.jar:?]
	at org.apache.hadoop.ozone.om.KeyManagerImpl.getFileStatus(KeyManagerImpl.java:1114) ~[ozone-manager-1.4.0-SNAPSHOT.jar:?]
	at org.apache.hadoop.ozone.om.OmMetadataReader.getFileStatus(OmMetadataReader.java:288) ~[ozone-manager-1.4.0-SNAPSHOT.jar:?]
	at org.apache.hadoop.ozone.om.OzoneManager.getFileStatus(OzoneManager.java:3494) ~[ozone-manager-1.4.0-SNAPSHOT.jar:?]
	at org.apache.hadoop.ozone.protocolPB.OzoneManagerRequestHandler.getOzoneFileStatus(OzoneManagerRequestHandler.java:933) ~[ozone-manager-1.4.0-SNAPSHOT.jar:?]
	at org.apache.hadoop.ozone.protocolPB.OzoneManagerRequestHandler.handleReadRequest(OzoneManagerRequestHandler.java:238) ~[ozone-manager-1.4.0-SNAPSHOT.jar:?]
	at org.apache.hadoop.ozone.protocolPB.OzoneManagerProtocolServerSideTranslatorPB.submitReadRequestToOM(OzoneManagerProtocolServerSideTranslatorPB.java:223) ~[ozone-manager-1.4.0-SNAPSHOT.jar:?]
	at org.apache.hadoop.ozone.protocolPB.OzoneManagerProtocolServerSideTranslatorPB.processRequest(OzoneManagerProtocolServerSideTranslatorPB.java:177) ~[ozone-manager-1.4.0-SNAPSHOT.jar:?]
	at org.apache.hadoop.hdds.server.OzoneProtocolMessageDispatcher.processRequest(OzoneProtocolMessageDispatcher.java:87) [hdds-server-framework-1.4.0-SNAPSHOT.jar:?]
	at org.apache.hadoop.ozone.protocolPB.OzoneManagerProtocolServerSideTranslatorPB.submitRequest(OzoneManagerProtocolServerSideTranslatorPB.java:147) [ozone-manager-1.4.0-SNAPSHOT.jar:?]
	at org.apache.hadoop.ozone.protocol.proto.OzoneManagerProtocolProtos$OzoneManagerService$2.callBlockingMethod(OzoneManagerProtocolProtos.java) [ozone-interface-client-1.4.0-SNAPSHOT.jar:?]
	at org.apache.hadoop.ipc.ProtobufRpcEngine$Server.processCall(ProtobufRpcEngine.java:465) [hadoop-common-3.3.4.jar:?]
	at org.apache.hadoop.ipc.ProtobufRpcEngine2$Server$ProtoBufRpcInvoker.call(ProtobufRpcEngine2.java:578) [hadoop-common-3.3.4.jar:?]
	at org.apache.hadoop.ipc.ProtobufRpcEngine2$Server$ProtoBufRpcInvoker.call(ProtobufRpcEngine2.java:556) [hadoop-common-3.3.4.jar:?]
	at org.apache.hadoop.ipc.RPC$Server.call(RPC.java:1093) [hadoop-common-3.3.4.jar:?]
	at org.apache.hadoop.ipc.Server$RpcCall.run(Server.java:1043) [hadoop-common-3.3.4.jar:?]
	at org.apache.hadoop.ipc.Server$RpcCall.run(Server.java:971) [hadoop-common-3.3.4.jar:?]
	at java.security.AccessController.doPrivileged(Native Method) ~[?:1.8.0_362]
	at javax.security.auth.Subject.doAs(Subject.java:422) [?:1.8.0_362]
	at org.apache.hadoop.security.UserGroupInformation.doAs(UserGroupInformation.java:1878) [hadoop-common-3.3.4.jar:?]
	at org.apache.hadoop.ipc.Server$Handler.run(Server.java:2976) [hadoop-common-3.3.4.jar:?]
20:06:54.480 [IPC Server handler 7 on default port 37437] ERROR OMAudit - user=runner | ip=127.0.0.1 | op=GET_FILE_STATUS {volume=volume46233, bucket=bucket02547, key=gdir1/dir6, dataSize=0, replicationConfig=null} | ret=FAILURE
org.apache.hadoop.ozone.om.exceptions.OMException: Unable to get file status: volume: volume46233 bucket: bucket02547 key: gdir1/dir6
	at org.apache.hadoop.ozone.om.KeyManagerImpl.getOzoneFileStatus(KeyManagerImpl.java:1196) ~[ozone-manager-1.4.0-SNAPSHOT.jar:?]
	at org.apache.hadoop.ozone.om.KeyManagerImpl.getFileStatus(KeyManagerImpl.java:1114) ~[ozone-manager-1.4.0-SNAPSHOT.jar:?]
	at org.apache.hadoop.ozone.om.OmMetadataReader.getFileStatus(OmMetadataReader.java:288) ~[ozone-manager-1.4.0-SNAPSHOT.jar:?]
	at org.apache.hadoop.ozone.om.OzoneManager.getFileStatus(OzoneManager.java:3494) ~[ozone-manager-1.4.0-SNAPSHOT.jar:?]
	at org.apache.hadoop.ozone.protocolPB.OzoneManagerRequestHandler.getOzoneFileStatus(OzoneManagerRequestHandler.java:933) ~[ozone-manager-1.4.0-SNAPSHOT.jar:?]
	at org.apache.hadoop.ozone.protocolPB.OzoneManagerRequestHandler.handleReadRequest(OzoneManagerRequestHandler.java:238) ~[ozone-manager-1.4.0-SNAPSHOT.jar:?]
	at org.apache.hadoop.ozone.protocolPB.OzoneManagerProtocolServerSideTranslatorPB.submitReadRequestToOM(OzoneManagerProtocolServerSideTranslatorPB.java:223) ~[ozone-manager-1.4.0-SNAPSHOT.jar:?]
	at org.apache.hadoop.ozone.protocolPB.OzoneManagerProtocolServerSideTranslatorPB.processRequest(OzoneManagerProtocolServerSideTranslatorPB.java:177) ~[ozone-manager-1.4.0-SNAPSHOT.jar:?]
	at org.apache.hadoop.hdds.server.OzoneProtocolMessageDispatcher.processRequest(OzoneProtocolMessageDispatcher.java:87) [hdds-server-framework-1.4.0-SNAPSHOT.jar:?]
	at org.apache.hadoop.ozone.protocolPB.OzoneManagerProtocolServerSideTranslatorPB.submitRequest(OzoneManagerProtocolServerSideTranslatorPB.java:147) [ozone-manager-1.4.0-SNAPSHOT.jar:?]
	at org.apache.hadoop.ozone.protocol.proto.OzoneManagerProtocolProtos$OzoneManagerService$2.callBlockingMethod(OzoneManagerProtocolProtos.java) [ozone-interface-client-1.4.0-SNAPSHOT.jar:?]
	at org.apache.hadoop.ipc.ProtobufRpcEngine$Server.processCall(ProtobufRpcEngine.java:465) [hadoop-common-3.3.4.jar:?]
	at org.apache.hadoop.ipc.ProtobufRpcEngine2$Server$ProtoBufRpcInvoker.call(ProtobufRpcEngine2.java:578) [hadoop-common-3.3.4.jar:?]
	at org.apache.hadoop.ipc.ProtobufRpcEngine2$Server$ProtoBufRpcInvoker.call(ProtobufRpcEngine2.java:556) [hadoop-common-3.3.4.jar:?]
	at org.apache.hadoop.ipc.RPC$Server.call(RPC.java:1093) [hadoop-common-3.3.4.jar:?]
	at org.apache.hadoop.ipc.Server$RpcCall.run(Server.java:1043) [hadoop-common-3.3.4.jar:?]
	at org.apache.hadoop.ipc.Server$RpcCall.run(Server.java:971) [hadoop-common-3.3.4.jar:?]
	at java.security.AccessController.doPrivileged(Native Method) ~[?:1.8.0_362]
	at javax.security.auth.Subject.doAs(Subject.java:422) [?:1.8.0_362]
	at org.apache.hadoop.security.UserGroupInformation.doAs(UserGroupInformation.java:1878) [hadoop-common-3.3.4.jar:?]
	at org.apache.hadoop.ipc.Server$Handler.run(Server.java:2976) [hadoop-common-3.3.4.jar:?]
20:06:54.481 [IPC Server handler 6 on default port 37437] ERROR OMAudit - user=runner | ip=127.0.0.1 | op=GET_FILE_STATUS {volume=volume46233, bucket=bucket02547, key=gdir1/dir6/child, dataSize=0, replicationConfig=null} | ret=FAILURE
org.apache.hadoop.ozone.om.exceptions.OMException: Unable to get file status: volume: volume46233 bucket: bucket02547 key: gdir1/dir6/child
	at org.apache.hadoop.ozone.om.KeyManagerImpl.getOzoneFileStatus(KeyManagerImpl.java:1196) ~[ozone-manager-1.4.0-SNAPSHOT.jar:?]
	at org.apache.hadoop.ozone.om.KeyManagerImpl.getFileStatus(KeyManagerImpl.java:1114) ~[ozone-manager-1.4.0-SNAPSHOT.jar:?]
	at org.apache.hadoop.ozone.om.OmMetadataReader.getFileStatus(OmMetadataReader.java:288) ~[ozone-manager-1.4.0-SNAPSHOT.jar:?]
	at org.apache.hadoop.ozone.om.OzoneManager.getFileStatus(OzoneManager.java:3494) ~[ozone-manager-1.4.0-SNAPSHOT.jar:?]
	at org.apache.hadoop.ozone.protocolPB.OzoneManagerRequestHandler.getOzoneFileStatus(OzoneManagerRequestHandler.java:933) ~[ozone-manager-1.4.0-SNAPSHOT.jar:?]
	at org.apache.hadoop.ozone.protocolPB.OzoneManagerRequestHandler.handleReadRequest(OzoneManagerRequestHandler.java:238) ~[ozone-manager-1.4.0-SNAPSHOT.jar:?]
	at org.apache.hadoop.ozone.protocolPB.OzoneManagerProtocolServerSideTranslatorPB.submitReadRequestToOM(OzoneManagerProtocolServerSideTranslatorPB.java:223) ~[ozone-manager-1.4.0-SNAPSHOT.jar:?]
	at org.apache.hadoop.ozone.protocolPB.OzoneManagerProtocolServerSideTranslatorPB.processRequest(OzoneManagerProtocolServerSideTranslatorPB.java:177) ~[ozone-manager-1.4.0-SNAPSHOT.jar:?]
	at org.apache.hadoop.hdds.server.OzoneProtocolMessageDispatcher.processRequest(OzoneProtocolMessageDispatcher.java:87) [hdds-server-framework-1.4.0-SNAPSHOT.jar:?]
	at org.apache.hadoop.ozone.protocolPB.OzoneManagerProtocolServerSideTranslatorPB.submitRequest(OzoneManagerProtocolServerSideTranslatorPB.java:147) [ozone-manager-1.4.0-SNAPSHOT.jar:?]
	at org.apache.hadoop.ozone.protocol.proto.OzoneManagerProtocolProtos$OzoneManagerService$2.callBlockingMethod(OzoneManagerProtocolProtos.java) [ozone-interface-client-1.4.0-SNAPSHOT.jar:?]
	at org.apache.hadoop.ipc.ProtobufRpcEngine$Server.processCall(ProtobufRpcEngine.java:465) [hadoop-common-3.3.4.jar:?]
	at org.apache.hadoop.ipc.ProtobufRpcEngine2$Server$ProtoBufRpcInvoker.call(ProtobufRpcEngine2.java:578) [hadoop-common-3.3.4.jar:?]
	at org.apache.hadoop.ipc.ProtobufRpcEngine2$Server$ProtoBufRpcInvoker.call(ProtobufRpcEngine2.java:556) [hadoop-common-3.3.4.jar:?]
	at org.apache.hadoop.ipc.RPC$Server.call(RPC.java:1093) [hadoop-common-3.3.4.jar:?]
	at org.apache.hadoop.ipc.Server$RpcCall.run(Server.java:1043) [hadoop-common-3.3.4.jar:?]
	at org.apache.hadoop.ipc.Server$RpcCall.run(Server.java:971) [hadoop-common-3.3.4.jar:?]
	at java.security.AccessController.doPrivileged(Native Method) ~[?:1.8.0_362]
	at javax.security.auth.Subject.doAs(Subject.java:422) [?:1.8.0_362]
	at org.apache.hadoop.security.UserGroupInformation.doAs(UserGroupInformation.java:1878) [hadoop-common-3.3.4.jar:?]
	at org.apache.hadoop.ipc.Server$Handler.run(Server.java:2976) [hadoop-common-3.3.4.jar:?]
20:06:54.482 [IPC Server handler 5 on default port 37437] ERROR OMAudit - user=runner | ip=127.0.0.1 | op=GET_FILE_STATUS {volume=volume46233, bucket=bucket02547, key=gdir1/dir7, dataSize=0, replicationConfig=null} | ret=FAILURE
org.apache.hadoop.ozone.om.exceptions.OMException: Unable to get file status: volume: volume46233 bucket: bucket02547 key: gdir1/dir7
	at org.apache.hadoop.ozone.om.KeyManagerImpl.getOzoneFileStatus(KeyManagerImpl.java:1196) ~[ozone-manager-1.4.0-SNAPSHOT.jar:?]
	at org.apache.hadoop.ozone.om.KeyManagerImpl.getFileStatus(KeyManagerImpl.java:1114) ~[ozone-manager-1.4.0-SNAPSHOT.jar:?]
	at org.apache.hadoop.ozone.om.OmMetadataReader.getFileStatus(OmMetadataReader.java:288) ~[ozone-manager-1.4.0-SNAPSHOT.jar:?]
	at org.apache.hadoop.ozone.om.OzoneManager.getFileStatus(OzoneManager.java:3494) ~[ozone-manager-1.4.0-SNAPSHOT.jar:?]
	at org.apache.hadoop.ozone.protocolPB.OzoneManagerRequestHandler.getOzoneFileStatus(OzoneManagerRequestHandler.java:933) ~[ozone-manager-1.4.0-SNAPSHOT.jar:?]
	at org.apache.hadoop.ozone.protocolPB.OzoneManagerRequestHandler.handleReadRequest(OzoneManagerRequestHandler.java:238) ~[ozone-manager-1.4.0-SNAPSHOT.jar:?]
	at org.apache.hadoop.ozone.protocolPB.OzoneManagerProtocolServerSideTranslatorPB.submitReadRequestToOM(OzoneManagerProtocolServerSideTranslatorPB.java:223) ~[ozone-manager-1.4.0-SNAPSHOT.jar:?]
	at org.apache.hadoop.ozone.protocolPB.OzoneManagerProtocolServerSideTranslatorPB.processRequest(OzoneManagerProtocolServerSideTranslatorPB.java:177) ~[ozone-manager-1.4.0-SNAPSHOT.jar:?]
	at org.apache.hadoop.hdds.server.OzoneProtocolMessageDispatcher.processRequest(OzoneProtocolMessageDispatcher.java:87) [hdds-server-framework-1.4.0-SNAPSHOT.jar:?]
	at org.apache.hadoop.ozone.protocolPB.OzoneManagerProtocolServerSideTranslatorPB.submitRequest(OzoneManagerProtocolServerSideTranslatorPB.java:147) [ozone-manager-1.4.0-SNAPSHOT.jar:?]
	at org.apache.hadoop.ozone.protocol.proto.OzoneManagerProtocolProtos$OzoneManagerService$2.callBlockingMethod(OzoneManagerProtocolProtos.java) [ozone-interface-client-1.4.0-SNAPSHOT.jar:?]
	at org.apache.hadoop.ipc.ProtobufRpcEngine$Server.processCall(ProtobufRpcEngine.java:465) [hadoop-common-3.3.4.jar:?]
	at org.apache.hadoop.ipc.ProtobufRpcEngine2$Server$ProtoBufRpcInvoker.call(ProtobufRpcEngine2.java:578) [hadoop-common-3.3.4.jar:?]
	at org.apache.hadoop.ipc.ProtobufRpcEngine2$Server$ProtoBufRpcInvoker.call(ProtobufRpcEngine2.java:556) [hadoop-common-3.3.4.jar:?]
	at org.apache.hadoop.ipc.RPC$Server.call(RPC.java:1093) [hadoop-common-3.3.4.jar:?]
	at org.apache.hadoop.ipc.Server$RpcCall.run(Server.java:1043) [hadoop-common-3.3.4.jar:?]
	at org.apache.hadoop.ipc.Server$RpcCall.run(Server.java:971) [hadoop-common-3.3.4.jar:?]
	at java.security.AccessController.doPrivileged(Native Method) ~[?:1.8.0_362]
	at javax.security.auth.Subject.doAs(Subject.java:422) [?:1.8.0_362]
	at org.apache.hadoop.security.UserGroupInformation.doAs(UserGroupInformation.java:1878) [hadoop-common-3.3.4.jar:?]
	at org.apache.hadoop.ipc.Server$Handler.run(Server.java:2976) [hadoop-common-3.3.4.jar:?]
20:06:54.483 [IPC Server handler 2 on default port 37437] ERROR OMAudit - user=runner | ip=127.0.0.1 | op=GET_FILE_STATUS {volume=volume46233, bucket=bucket02547, key=gdir1/dir7/child, dataSize=0, replicationConfig=null} | ret=FAILURE
org.apache.hadoop.ozone.om.exceptions.OMException: Unable to get file status: volume: volume46233 bucket: bucket02547 key: gdir1/dir7/child
	at org.apache.hadoop.ozone.om.KeyManagerImpl.getOzoneFileStatus(KeyManagerImpl.java:1196) ~[ozone-manager-1.4.0-SNAPSHOT.jar:?]
	at org.apache.hadoop.ozone.om.KeyManagerImpl.getFileStatus(KeyManagerImpl.java:1114) ~[ozone-manager-1.4.0-SNAPSHOT.jar:?]
	at org.apache.hadoop.ozone.om.OmMetadataReader.getFileStatus(OmMetadataReader.java:288) ~[ozone-manager-1.4.0-SNAPSHOT.jar:?]
	at org.apache.hadoop.ozone.om.OzoneManager.getFileStatus(OzoneManager.java:3494) ~[ozone-manager-1.4.0-SNAPSHOT.jar:?]
	at org.apache.hadoop.ozone.protocolPB.OzoneManagerRequestHandler.getOzoneFileStatus(OzoneManagerRequestHandler.java:933) ~[ozone-manager-1.4.0-SNAPSHOT.jar:?]
	at org.apache.hadoop.ozone.protocolPB.OzoneManagerRequestHandler.handleReadRequest(OzoneManagerRequestHandler.java:238) ~[ozone-manager-1.4.0-SNAPSHOT.jar:?]
	at org.apache.hadoop.ozone.protocolPB.OzoneManagerProtocolServerSideTranslatorPB.submitReadRequestToOM(OzoneManagerProtocolServerSideTranslatorPB.java:223) ~[ozone-manager-1.4.0-SNAPSHOT.jar:?]
	at org.apache.hadoop.ozone.protocolPB.OzoneManagerProtocolServerSideTranslatorPB.processRequest(OzoneManagerProtocolServerSideTranslatorPB.java:177) ~[ozone-manager-1.4.0-SNAPSHOT.jar:?]
	at org.apache.hadoop.hdds.server.OzoneProtocolMessageDispatcher.processRequest(OzoneProtocolMessageDispatcher.java:87) [hdds-server-framework-1.4.0-SNAPSHOT.jar:?]
	at org.apache.hadoop.ozone.protocolPB.OzoneManagerProtocolServerSideTranslatorPB.submitRequest(OzoneManagerProtocolServerSideTranslatorPB.java:147) [ozone-manager-1.4.0-SNAPSHOT.jar:?]
	at org.apache.hadoop.ozone.protocol.proto.OzoneManagerProtocolProtos$OzoneManagerService$2.callBlockingMethod(OzoneManagerProtocolProtos.java) [ozone-interface-client-1.4.0-SNAPSHOT.jar:?]
	at org.apache.hadoop.ipc.ProtobufRpcEngine$Server.processCall(ProtobufRpcEngine.java:465) [hadoop-common-3.3.4.jar:?]
	at org.apache.hadoop.ipc.ProtobufRpcEngine2$Server$ProtoBufRpcInvoker.call(ProtobufRpcEngine2.java:578) [hadoop-common-3.3.4.jar:?]
	at org.apache.hadoop.ipc.ProtobufRpcEngine2$Server$ProtoBufRpcInvoker.call(ProtobufRpcEngine2.java:556) [hadoop-common-3.3.4.jar:?]
	at org.apache.hadoop.ipc.RPC$Server.call(RPC.java:1093) [hadoop-common-3.3.4.jar:?]
	at org.apache.hadoop.ipc.Server$RpcCall.run(Server.java:1043) [hadoop-common-3.3.4.jar:?]
	at org.apache.hadoop.ipc.Server$RpcCall.run(Server.java:971) [hadoop-common-3.3.4.jar:?]
	at java.security.AccessController.doPrivileged(Native Method) ~[?:1.8.0_362]
	at javax.security.auth.Subject.doAs(Subject.java:422) [?:1.8.0_362]
	at org.apache.hadoop.security.UserGroupInformation.doAs(UserGroupInformation.java:1878) [hadoop-common-3.3.4.jar:?]
	at org.apache.hadoop.ipc.Server$Handler.run(Server.java:2976) [hadoop-common-3.3.4.jar:?]
20:06:54.485 [IPC Server handler 15 on default port 37437] ERROR OMAudit - user=runner | ip=127.0.0.1 | op=GET_FILE_STATUS {volume=volume46233, bucket=bucket02547, key=gdir1/dir8, dataSize=0, replicationConfig=null} | ret=FAILURE
org.apache.hadoop.ozone.om.exceptions.OMException: Unable to get file status: volume: volume46233 bucket: bucket02547 key: gdir1/dir8
	at org.apache.hadoop.ozone.om.KeyManagerImpl.getOzoneFileStatus(KeyManagerImpl.java:1196) ~[ozone-manager-1.4.0-SNAPSHOT.jar:?]
	at org.apache.hadoop.ozone.om.KeyManagerImpl.getFileStatus(KeyManagerImpl.java:1114) ~[ozone-manager-1.4.0-SNAPSHOT.jar:?]
	at org.apache.hadoop.ozone.om.OmMetadataReader.getFileStatus(OmMetadataReader.java:288) ~[ozone-manager-1.4.0-SNAPSHOT.jar:?]
	at org.apache.hadoop.ozone.om.OzoneManager.getFileStatus(OzoneManager.java:3494) ~[ozone-manager-1.4.0-SNAPSHOT.jar:?]
	at org.apache.hadoop.ozone.protocolPB.OzoneManagerRequestHandler.getOzoneFileStatus(OzoneManagerRequestHandler.java:933) ~[ozone-manager-1.4.0-SNAPSHOT.jar:?]
	at org.apache.hadoop.ozone.protocolPB.OzoneManagerRequestHandler.handleReadRequest(OzoneManagerRequestHandler.java:238) ~[ozone-manager-1.4.0-SNAPSHOT.jar:?]
	at org.apache.hadoop.ozone.protocolPB.OzoneManagerProtocolServerSideTranslatorPB.submitReadRequestToOM(OzoneManagerProtocolServerSideTranslatorPB.java:223) ~[ozone-manager-1.4.0-SNAPSHOT.jar:?]
	at org.apache.hadoop.ozone.protocolPB.OzoneManagerProtocolServerSideTranslatorPB.processRequest(OzoneManagerProtocolServerSideTranslatorPB.java:177) ~[ozone-manager-1.4.0-SNAPSHOT.jar:?]
	at org.apache.hadoop.hdds.server.OzoneProtocolMessageDispatcher.processRequest(OzoneProtocolMessageDispatcher.java:87) [hdds-server-framework-1.4.0-SNAPSHOT.jar:?]
	at org.apache.hadoop.ozone.protocolPB.OzoneManagerProtocolServerSideTranslatorPB.submitRequest(OzoneManagerProtocolServerSideTranslatorPB.java:147) [ozone-manager-1.4.0-SNAPSHOT.jar:?]
	at org.apache.hadoop.ozone.protocol.proto.OzoneManagerProtocolProtos$OzoneManagerService$2.callBlockingMethod(OzoneManagerProtocolProtos.java) [ozone-interface-client-1.4.0-SNAPSHOT.jar:?]
	at org.apache.hadoop.ipc.ProtobufRpcEngine$Server.processCall(ProtobufRpcEngine.java:465) [hadoop-common-3.3.4.jar:?]
	at org.apache.hadoop.ipc.ProtobufRpcEngine2$Server$ProtoBufRpcInvoker.call(ProtobufRpcEngine2.java:578) [hadoop-common-3.3.4.jar:?]
	at org.apache.hadoop.ipc.ProtobufRpcEngine2$Server$ProtoBufRpcInvoker.call(ProtobufRpcEngine2.java:556) [hadoop-common-3.3.4.jar:?]
	at org.apache.hadoop.ipc.RPC$Server.call(RPC.java:1093) [hadoop-common-3.3.4.jar:?]
	at org.apache.hadoop.ipc.Server$RpcCall.run(Server.java:1043) [hadoop-common-3.3.4.jar:?]
	at org.apache.hadoop.ipc.Server$RpcCall.run(Server.java:971) [hadoop-common-3.3.4.jar:?]
	at java.security.AccessController.doPrivileged(Native Method) ~[?:1.8.0_362]
	at javax.security.auth.Subject.doAs(Subject.java:422) [?:1.8.0_362]
	at org.apache.hadoop.security.UserGroupInformation.doAs(UserGroupInformation.java:1878) [hadoop-common-3.3.4.jar:?]
	at org.apache.hadoop.ipc.Server$Handler.run(Server.java:2976) [hadoop-common-3.3.4.jar:?]
20:06:54.486 [IPC Server handler 16 on default port 37437] ERROR OMAudit - user=runner | ip=127.0.0.1 | op=GET_FILE_STATUS {volume=volume46233, bucket=bucket02547, key=gdir1/dir8/child, dataSize=0, replicationConfig=null} | ret=FAILURE
org.apache.hadoop.ozone.om.exceptions.OMException: Unable to get file status: volume: volume46233 bucket: bucket02547 key: gdir1/dir8/child
	at org.apache.hadoop.ozone.om.KeyManagerImpl.getOzoneFileStatus(KeyManagerImpl.java:1196) ~[ozone-manager-1.4.0-SNAPSHOT.jar:?]
	at org.apache.hadoop.ozone.om.KeyManagerImpl.getFileStatus(KeyManagerImpl.java:1114) ~[ozone-manager-1.4.0-SNAPSHOT.jar:?]
	at org.apache.hadoop.ozone.om.OmMetadataReader.getFileStatus(OmMetadataReader.java:288) ~[ozone-manager-1.4.0-SNAPSHOT.jar:?]
	at org.apache.hadoop.ozone.om.OzoneManager.getFileStatus(OzoneManager.java:3494) ~[ozone-manager-1.4.0-SNAPSHOT.jar:?]
	at org.apache.hadoop.ozone.protocolPB.OzoneManagerRequestHandler.getOzoneFileStatus(OzoneManagerRequestHandler.java:933) ~[ozone-manager-1.4.0-SNAPSHOT.jar:?]
	at org.apache.hadoop.ozone.protocolPB.OzoneManagerRequestHandler.handleReadRequest(OzoneManagerRequestHandler.java:238) ~[ozone-manager-1.4.0-SNAPSHOT.jar:?]
	at org.apache.hadoop.ozone.protocolPB.OzoneManagerProtocolServerSideTranslatorPB.submitReadRequestToOM(OzoneManagerProtocolServerSideTranslatorPB.java:223) ~[ozone-manager-1.4.0-SNAPSHOT.jar:?]
	at org.apache.hadoop.ozone.protocolPB.OzoneManagerProtocolServerSideTranslatorPB.processRequest(OzoneManagerProtocolServerSideTranslatorPB.java:177) ~[ozone-manager-1.4.0-SNAPSHOT.jar:?]
	at org.apache.hadoop.hdds.server.OzoneProtocolMessageDispatcher.processRequest(OzoneProtocolMessageDispatcher.java:87) [hdds-server-framework-1.4.0-SNAPSHOT.jar:?]
	at org.apache.hadoop.ozone.protocolPB.OzoneManagerProtocolServerSideTranslatorPB.submitRequest(OzoneManagerProtocolServerSideTranslatorPB.java:147) [ozone-manager-1.4.0-SNAPSHOT.jar:?]
	at org.apache.hadoop.ozone.protocol.proto.OzoneManagerProtocolProtos$OzoneManagerService$2.callBlockingMethod(OzoneManagerProtocolProtos.java) [ozone-interface-client-1.4.0-SNAPSHOT.jar:?]
	at org.apache.hadoop.ipc.ProtobufRpcEngine$Server.processCall(ProtobufRpcEngine.java:465) [hadoop-common-3.3.4.jar:?]
	at org.apache.hadoop.ipc.ProtobufRpcEngine2$Server$ProtoBufRpcInvoker.call(ProtobufRpcEngine2.java:578) [hadoop-common-3.3.4.jar:?]
	at org.apache.hadoop.ipc.ProtobufRpcEngine2$Server$ProtoBufRpcInvoker.call(ProtobufRpcEngine2.java:556) [hadoop-common-3.3.4.jar:?]
	at org.apache.hadoop.ipc.RPC$Server.call(RPC.java:1093) [hadoop-common-3.3.4.jar:?]
	at org.apache.hadoop.ipc.Server$RpcCall.run(Server.java:1043) [hadoop-common-3.3.4.jar:?]
	at org.apache.hadoop.ipc.Server$RpcCall.run(Server.java:971) [hadoop-common-3.3.4.jar:?]
	at java.security.AccessController.doPrivileged(Native Method) ~[?:1.8.0_362]
	at javax.security.auth.Subject.doAs(Subject.java:422) [?:1.8.0_362]
	at org.apache.hadoop.security.UserGroupInformation.doAs(UserGroupInformation.java:1878) [hadoop-common-3.3.4.jar:?]
	at org.apache.hadoop.ipc.Server$Handler.run(Server.java:2976) [hadoop-common-3.3.4.jar:?]
20:06:54.487 [IPC Server handler 1 on default port 37437] ERROR OMAudit - user=runner | ip=127.0.0.1 | op=GET_FILE_STATUS {volume=volume46233, bucket=bucket02547, key=gdir1/dir9, dataSize=0, replicationConfig=null} | ret=FAILURE
org.apache.hadoop.ozone.om.exceptions.OMException: Unable to get file status: volume: volume46233 bucket: bucket02547 key: gdir1/dir9
	at org.apache.hadoop.ozone.om.KeyManagerImpl.getOzoneFileStatus(KeyManagerImpl.java:1196) ~[ozone-manager-1.4.0-SNAPSHOT.jar:?]
	at org.apache.hadoop.ozone.om.KeyManagerImpl.getFileStatus(KeyManagerImpl.java:1114) ~[ozone-manager-1.4.0-SNAPSHOT.jar:?]
	at org.apache.hadoop.ozone.om.OmMetadataReader.getFileStatus(OmMetadataReader.java:288) ~[ozone-manager-1.4.0-SNAPSHOT.jar:?]
	at org.apache.hadoop.ozone.om.OzoneManager.getFileStatus(OzoneManager.java:3494) ~[ozone-manager-1.4.0-SNAPSHOT.jar:?]
	at org.apache.hadoop.ozone.protocolPB.OzoneManagerRequestHandler.getOzoneFileStatus(OzoneManagerRequestHandler.java:933) ~[ozone-manager-1.4.0-SNAPSHOT.jar:?]
	at org.apache.hadoop.ozone.protocolPB.OzoneManagerRequestHandler.handleReadRequest(OzoneManagerRequestHandler.java:238) ~[ozone-manager-1.4.0-SNAPSHOT.jar:?]
	at org.apache.hadoop.ozone.protocolPB.OzoneManagerProtocolServerSideTranslatorPB.submitReadRequestToOM(OzoneManagerProtocolServerSideTranslatorPB.java:223) ~[ozone-manager-1.4.0-SNAPSHOT.jar:?]
	at org.apache.hadoop.ozone.protocolPB.OzoneManagerProtocolServerSideTranslatorPB.processRequest(OzoneManagerProtocolServerSideTranslatorPB.java:177) ~[ozone-manager-1.4.0-SNAPSHOT.jar:?]
	at org.apache.hadoop.hdds.server.OzoneProtocolMessageDispatcher.processRequest(OzoneProtocolMessageDispatcher.java:87) [hdds-server-framework-1.4.0-SNAPSHOT.jar:?]
	at org.apache.hadoop.ozone.protocolPB.OzoneManagerProtocolServerSideTranslatorPB.submitRequest(OzoneManagerProtocolServerSideTranslatorPB.java:147) [ozone-manager-1.4.0-SNAPSHOT.jar:?]
	at org.apache.hadoop.ozone.protocol.proto.OzoneManagerProtocolProtos$OzoneManagerService$2.callBlockingMethod(OzoneManagerProtocolProtos.java) [ozone-interface-client-1.4.0-SNAPSHOT.jar:?]
	at org.apache.hadoop.ipc.ProtobufRpcEngine$Server.processCall(ProtobufRpcEngine.java:465) [hadoop-common-3.3.4.jar:?]
	at org.apache.hadoop.ipc.ProtobufRpcEngine2$Server$ProtoBufRpcInvoker.call(ProtobufRpcEngine2.java:578) [hadoop-common-3.3.4.jar:?]
	at org.apache.hadoop.ipc.ProtobufRpcEngine2$Server$ProtoBufRpcInvoker.call(ProtobufRpcEngine2.java:556) [hadoop-common-3.3.4.jar:?]
	at org.apache.hadoop.ipc.RPC$Server.call(RPC.java:1093) [hadoop-common-3.3.4.jar:?]
	at org.apache.hadoop.ipc.Server$RpcCall.run(Server.java:1043) [hadoop-common-3.3.4.jar:?]
	at org.apache.hadoop.ipc.Server$RpcCall.run(Server.java:971) [hadoop-common-3.3.4.jar:?]
	at java.security.AccessController.doPrivileged(Native Method) ~[?:1.8.0_362]
	at javax.security.auth.Subject.doAs(Subject.java:422) [?:1.8.0_362]
	at org.apache.hadoop.security.UserGroupInformation.doAs(UserGroupInformation.java:1878) [hadoop-common-3.3.4.jar:?]
	at org.apache.hadoop.ipc.Server$Handler.run(Server.java:2976) [hadoop-common-3.3.4.jar:?]
20:06:54.488 [IPC Server handler 0 on default port 37437] ERROR OMAudit - user=runner | ip=127.0.0.1 | op=GET_FILE_STATUS {volume=volume46233, bucket=bucket02547, key=gdir1/dir9/child, dataSize=0, replicationConfig=null} | ret=FAILURE
org.apache.hadoop.ozone.om.exceptions.OMException: Unable to get file status: volume: volume46233 bucket: bucket02547 key: gdir1/dir9/child
	at org.apache.hadoop.ozone.om.KeyManagerImpl.getOzoneFileStatus(KeyManagerImpl.java:1196) ~[ozone-manager-1.4.0-SNAPSHOT.jar:?]
	at org.apache.hadoop.ozone.om.KeyManagerImpl.getFileStatus(KeyManagerImpl.java:1114) ~[ozone-manager-1.4.0-SNAPSHOT.jar:?]
	at org.apache.hadoop.ozone.om.OmMetadataReader.getFileStatus(OmMetadataReader.java:288) ~[ozone-manager-1.4.0-SNAPSHOT.jar:?]
	at org.apache.hadoop.ozone.om.OzoneManager.getFileStatus(OzoneManager.java:3494) ~[ozone-manager-1.4.0-SNAPSHOT.jar:?]
	at org.apache.hadoop.ozone.protocolPB.OzoneManagerRequestHandler.getOzoneFileStatus(OzoneManagerRequestHandler.java:933) ~[ozone-manager-1.4.0-SNAPSHOT.jar:?]
	at org.apache.hadoop.ozone.protocolPB.OzoneManagerRequestHandler.handleReadRequest(OzoneManagerRequestHandler.java:238) ~[ozone-manager-1.4.0-SNAPSHOT.jar:?]
	at org.apache.hadoop.ozone.protocolPB.OzoneManagerProtocolServerSideTranslatorPB.submitReadRequestToOM(OzoneManagerProtocolServerSideTranslatorPB.java:223) ~[ozone-manager-1.4.0-SNAPSHOT.jar:?]
	at org.apache.hadoop.ozone.protocolPB.OzoneManagerProtocolServerSideTranslatorPB.processRequest(OzoneManagerProtocolServerSideTranslatorPB.java:177) ~[ozone-manager-1.4.0-SNAPSHOT.jar:?]
	at org.apache.hadoop.hdds.server.OzoneProtocolMessageDispatcher.processRequest(OzoneProtocolMessageDispatcher.java:87) [hdds-server-framework-1.4.0-SNAPSHOT.jar:?]
	at org.apache.hadoop.ozone.protocolPB.OzoneManagerProtocolServerSideTranslatorPB.submitRequest(OzoneManagerProtocolServerSideTranslatorPB.java:147) [ozone-manager-1.4.0-SNAPSHOT.jar:?]
	at org.apache.hadoop.ozone.protocol.proto.OzoneManagerProtocolProtos$OzoneManagerService$2.callBlockingMethod(OzoneManagerProtocolProtos.java) [ozone-interface-client-1.4.0-SNAPSHOT.jar:?]
	at org.apache.hadoop.ipc.ProtobufRpcEngine$Server.processCall(ProtobufRpcEngine.java:465) [hadoop-common-3.3.4.jar:?]
	at org.apache.hadoop.ipc.ProtobufRpcEngine2$Server$ProtoBufRpcInvoker.call(ProtobufRpcEngine2.java:578) [hadoop-common-3.3.4.jar:?]
	at org.apache.hadoop.ipc.ProtobufRpcEngine2$Server$ProtoBufRpcInvoker.call(ProtobufRpcEngine2.java:556) [hadoop-common-3.3.4.jar:?]
	at org.apache.hadoop.ipc.RPC$Server.call(RPC.java:1093) [hadoop-common-3.3.4.jar:?]
	at org.apache.hadoop.ipc.Server$RpcCall.run(Server.java:1043) [hadoop-common-3.3.4.jar:?]
	at org.apache.hadoop.ipc.Server$RpcCall.run(Server.java:971) [hadoop-common-3.3.4.jar:?]
	at java.security.AccessController.doPrivileged(Native Method) ~[?:1.8.0_362]
	at javax.security.auth.Subject.doAs(Subject.java:422) [?:1.8.0_362]
	at org.apache.hadoop.security.UserGroupInformation.doAs(UserGroupInformation.java:1878) [hadoop-common-3.3.4.jar:?]
	at org.apache.hadoop.ipc.Server$Handler.run(Server.java:2976) [hadoop-common-3.3.4.jar:?]
20:06:54.489 [IPC Server handler 4 on default port 37437] ERROR OMAudit - user=runner | ip=127.0.0.1 | op=GET_FILE_STATUS {volume=volume46233, bucket=bucket02547, key=gdir1/dir10, dataSize=0, replicationConfig=null} | ret=FAILURE
org.apache.hadoop.ozone.om.exceptions.OMException: Unable to get file status: volume: volume46233 bucket: bucket02547 key: gdir1/dir10
	at org.apache.hadoop.ozone.om.KeyManagerImpl.getOzoneFileStatus(KeyManagerImpl.java:1196) ~[ozone-manager-1.4.0-SNAPSHOT.jar:?]
	at org.apache.hadoop.ozone.om.KeyManagerImpl.getFileStatus(KeyManagerImpl.java:1114) ~[ozone-manager-1.4.0-SNAPSHOT.jar:?]
	at org.apache.hadoop.ozone.om.OmMetadataReader.getFileStatus(OmMetadataReader.java:288) ~[ozone-manager-1.4.0-SNAPSHOT.jar:?]
	at org.apache.hadoop.ozone.om.OzoneManager.getFileStatus(OzoneManager.java:3494) ~[ozone-manager-1.4.0-SNAPSHOT.jar:?]
	at org.apache.hadoop.ozone.protocolPB.OzoneManagerRequestHandler.getOzoneFileStatus(OzoneManagerRequestHandler.java:933) ~[ozone-manager-1.4.0-SNAPSHOT.jar:?]
	at org.apache.hadoop.ozone.protocolPB.OzoneManagerRequestHandler.handleReadRequest(OzoneManagerRequestHandler.java:238) ~[ozone-manager-1.4.0-SNAPSHOT.jar:?]
	at org.apache.hadoop.ozone.protocolPB.OzoneManagerProtocolServerSideTranslatorPB.submitReadRequestToOM(OzoneManagerProtocolServerSideTranslatorPB.java:223) ~[ozone-manager-1.4.0-SNAPSHOT.jar:?]
	at org.apache.hadoop.ozone.protocolPB.OzoneManagerProtocolServerSideTranslatorPB.processRequest(OzoneManagerProtocolServerSideTranslatorPB.java:177) ~[ozone-manager-1.4.0-SNAPSHOT.jar:?]
	at org.apache.hadoop.hdds.server.OzoneProtocolMessageDispatcher.processRequest(OzoneProtocolMessageDispatcher.java:87) [hdds-server-framework-1.4.0-SNAPSHOT.jar:?]
	at org.apache.hadoop.ozone.protocolPB.OzoneManagerProtocolServerSideTranslatorPB.submitRequest(OzoneManagerProtocolServerSideTranslatorPB.java:147) [ozone-manager-1.4.0-SNAPSHOT.jar:?]
	at org.apache.hadoop.ozone.protocol.proto.OzoneManagerProtocolProtos$OzoneManagerService$2.callBlockingMethod(OzoneManagerProtocolProtos.java) [ozone-interface-client-1.4.0-SNAPSHOT.jar:?]
	at org.apache.hadoop.ipc.ProtobufRpcEngine$Server.processCall(ProtobufRpcEngine.java:465) [hadoop-common-3.3.4.jar:?]
	at org.apache.hadoop.ipc.ProtobufRpcEngine2$Server$ProtoBufRpcInvoker.call(ProtobufRpcEngine2.java:578) [hadoop-common-3.3.4.jar:?]
	at org.apache.hadoop.ipc.ProtobufRpcEngine2$Server$ProtoBufRpcInvoker.call(ProtobufRpcEngine2.java:556) [hadoop-common-3.3.4.jar:?]
	at org.apache.hadoop.ipc.RPC$Server.call(RPC.java:1093) [hadoop-common-3.3.4.jar:?]
	at org.apache.hadoop.ipc.Server$RpcCall.run(Server.java:1043) [hadoop-common-3.3.4.jar:?]
	at org.apache.hadoop.ipc.Server$RpcCall.run(Server.java:971) [hadoop-common-3.3.4.jar:?]
	at java.security.AccessController.doPrivileged(Native Method) ~[?:1.8.0_362]
	at javax.security.auth.Subject.doAs(Subject.java:422) [?:1.8.0_362]
	at org.apache.hadoop.security.UserGroupInformation.doAs(UserGroupInformation.java:1878) [hadoop-common-3.3.4.jar:?]
	at org.apache.hadoop.ipc.Server$Handler.run(Server.java:2976) [hadoop-common-3.3.4.jar:?]
20:06:54.489 [IPC Server handler 14 on default port 37437] ERROR OMAudit - user=runner | ip=127.0.0.1 | op=GET_FILE_STATUS {volume=volume46233, bucket=bucket02547, key=gdir1/dir10/child, dataSize=0, replicationConfig=null} | ret=FAILURE
org.apache.hadoop.ozone.om.exceptions.OMException: Unable to get file status: volume: volume46233 bucket: bucket02547 key: gdir1/dir10/child
	at org.apache.hadoop.ozone.om.KeyManagerImpl.getOzoneFileStatus(KeyManagerImpl.java:1196) ~[ozone-manager-1.4.0-SNAPSHOT.jar:?]
	at org.apache.hadoop.ozone.om.KeyManagerImpl.getFileStatus(KeyManagerImpl.java:1114) ~[ozone-manager-1.4.0-SNAPSHOT.jar:?]
	at org.apache.hadoop.ozone.om.OmMetadataReader.getFileStatus(OmMetadataReader.java:288) ~[ozone-manager-1.4.0-SNAPSHOT.jar:?]
	at org.apache.hadoop.ozone.om.OzoneManager.getFileStatus(OzoneManager.java:3494) ~[ozone-manager-1.4.0-SNAPSHOT.jar:?]
	at org.apache.hadoop.ozone.protocolPB.OzoneManagerRequestHandler.getOzoneFileStatus(OzoneManagerRequestHandler.java:933) ~[ozone-manager-1.4.0-SNAPSHOT.jar:?]
	at org.apache.hadoop.ozone.protocolPB.OzoneManagerRequestHandler.handleReadRequest(OzoneManagerRequestHandler.java:238) ~[ozone-manager-1.4.0-SNAPSHOT.jar:?]
	at org.apache.hadoop.ozone.protocolPB.OzoneManagerProtocolServerSideTranslatorPB.submitReadRequestToOM(OzoneManagerProtocolServerSideTranslatorPB.java:223) ~[ozone-manager-1.4.0-SNAPSHOT.jar:?]
	at org.apache.hadoop.ozone.protocolPB.OzoneManagerProtocolServerSideTranslatorPB.processRequest(OzoneManagerProtocolServerSideTranslatorPB.java:177) ~[ozone-manager-1.4.0-SNAPSHOT.jar:?]
	at org.apache.hadoop.hdds.server.OzoneProtocolMessageDispatcher.processRequest(OzoneProtocolMessageDispatcher.java:87) [hdds-server-framework-1.4.0-SNAPSHOT.jar:?]
	at org.apache.hadoop.ozone.protocolPB.OzoneManagerProtocolServerSideTranslatorPB.submitRequest(OzoneManagerProtocolServerSideTranslatorPB.java:147) [ozone-manager-1.4.0-SNAPSHOT.jar:?]
	at org.apache.hadoop.ozone.protocol.proto.OzoneManagerProtocolProtos$OzoneManagerService$2.callBlockingMethod(OzoneManagerProtocolProtos.java) [ozone-interface-client-1.4.0-SNAPSHOT.jar:?]
	at org.apache.hadoop.ipc.ProtobufRpcEngine$Server.processCall(ProtobufRpcEngine.java:465) [hadoop-common-3.3.4.jar:?]
	at org.apache.hadoop.ipc.ProtobufRpcEngine2$Server$ProtoBufRpcInvoker.call(ProtobufRpcEngine2.java:578) [hadoop-common-3.3.4.jar:?]
	at org.apache.hadoop.ipc.ProtobufRpcEngine2$Server$ProtoBufRpcInvoker.call(ProtobufRpcEngine2.java:556) [hadoop-common-3.3.4.jar:?]
	at org.apache.hadoop.ipc.RPC$Server.call(RPC.java:1093) [hadoop-common-3.3.4.jar:?]
	at org.apache.hadoop.ipc.Server$RpcCall.run(Server.java:1043) [hadoop-common-3.3.4.jar:?]
	at org.apache.hadoop.ipc.Server$RpcCall.run(Server.java:971) [hadoop-common-3.3.4.jar:?]
	at java.security.AccessController.doPrivileged(Native Method) ~[?:1.8.0_362]
	at javax.security.auth.Subject.doAs(Subject.java:422) [?:1.8.0_362]
	at org.apache.hadoop.security.UserGroupInformation.doAs(UserGroupInformation.java:1878) [hadoop-common-3.3.4.jar:?]
	at org.apache.hadoop.ipc.Server$Handler.run(Server.java:2976) [hadoop-common-3.3.4.jar:?]
2023-03-16 20:06:54,501 [OM StateMachine ApplyTransaction Thread - 0] INFO  key.OMKeyRequest (OMKeyRequest.java:wrapUncommittedBlocksAsPseudoKey(838)) - Detect allocated but uncommitted blocks [{blockID={containerID=3, localID=111677748019200024}, length=4194304, offset=0, token=null, pipeline=null, createVersion=0, partNumber=0}] in key level0/level1/file1.
2023-03-16 20:06:54,507 [OM StateMachine ApplyTransaction Thread - 0] INFO  key.OMKeyRequest (OMKeyRequest.java:wrapUncommittedBlocksAsPseudoKey(838)) - Detect allocated but uncommitted blocks [{blockID={containerID=2, localID=111677748019200025}, length=4194304, offset=0, token=null, pipeline=null, createVersion=0, partNumber=0}] in key level0/level1/level1/file1.
2023-03-16 20:06:54,513 [OM StateMachine ApplyTransaction Thread - 0] INFO  key.OMKeyRequest (OMKeyRequest.java:wrapUncommittedBlocksAsPseudoKey(838)) - Detect allocated but uncommitted blocks [{blockID={containerID=1, localID=111677748019200026}, length=4194304, offset=0, token=null, pipeline=null, createVersion=0, partNumber=0}] in key level0/level2/file1.
2023-03-16 20:06:54,519 [OM StateMachine ApplyTransaction Thread - 0] INFO  key.OMKeyRequest (OMKeyRequest.java:wrapUncommittedBlocksAsPseudoKey(838)) - Detect allocated but uncommitted blocks [{blockID={containerID=4, localID=111677748019200027}, length=4194304, offset=0, token=null, pipeline=null, createVersion=0, partNumber=0}] in key level0/level2/level2/file1.
2023-03-16 20:06:54,524 [OM StateMachine ApplyTransaction Thread - 0] INFO  key.OMKeyRequest (OMKeyRequest.java:wrapUncommittedBlocksAsPseudoKey(838)) - Detect allocated but uncommitted blocks [{blockID={containerID=3, localID=111677748019200028}, length=4194304, offset=0, token=null, pipeline=null, createVersion=0, partNumber=0}] in key level0/level3/file1.
2023-03-16 20:06:54,530 [OM StateMachine ApplyTransaction Thread - 0] INFO  key.OMKeyRequest (OMKeyRequest.java:wrapUncommittedBlocksAsPseudoKey(838)) - Detect allocated but uncommitted blocks [{blockID={containerID=4, localID=111677748019200029}, length=4194304, offset=0, token=null, pipeline=null, createVersion=0, partNumber=0}] in key level0/level3/level3/file1.
20:06:54.558 [IPC Server handler 2 on default port 37437] ERROR OMAudit - user=runner | ip=127.0.0.1 | op=GET_FILE_STATUS {volume=volume46233, bucket=bucket02547, key=level0, dataSize=0, replicationConfig=null} | ret=FAILURE
org.apache.hadoop.ozone.om.exceptions.OMException: Unable to get file status: volume: volume46233 bucket: bucket02547 key: level0
	at org.apache.hadoop.ozone.om.KeyManagerImpl.getOzoneFileStatus(KeyManagerImpl.java:1196) ~[ozone-manager-1.4.0-SNAPSHOT.jar:?]
	at org.apache.hadoop.ozone.om.KeyManagerImpl.getFileStatus(KeyManagerImpl.java:1114) ~[ozone-manager-1.4.0-SNAPSHOT.jar:?]
	at org.apache.hadoop.ozone.om.OmMetadataReader.getFileStatus(OmMetadataReader.java:288) ~[ozone-manager-1.4.0-SNAPSHOT.jar:?]
	at org.apache.hadoop.ozone.om.OzoneManager.getFileStatus(OzoneManager.java:3494) ~[ozone-manager-1.4.0-SNAPSHOT.jar:?]
	at org.apache.hadoop.ozone.protocolPB.OzoneManagerRequestHandler.getOzoneFileStatus(OzoneManagerRequestHandler.java:933) ~[ozone-manager-1.4.0-SNAPSHOT.jar:?]
	at org.apache.hadoop.ozone.protocolPB.OzoneManagerRequestHandler.handleReadRequest(OzoneManagerRequestHandler.java:238) ~[ozone-manager-1.4.0-SNAPSHOT.jar:?]
	at org.apache.hadoop.ozone.protocolPB.OzoneManagerProtocolServerSideTranslatorPB.submitReadRequestToOM(OzoneManagerProtocolServerSideTranslatorPB.java:223) ~[ozone-manager-1.4.0-SNAPSHOT.jar:?]
	at org.apache.hadoop.ozone.protocolPB.OzoneManagerProtocolServerSideTranslatorPB.processRequest(OzoneManagerProtocolServerSideTranslatorPB.java:177) ~[ozone-manager-1.4.0-SNAPSHOT.jar:?]
	at org.apache.hadoop.hdds.server.OzoneProtocolMessageDispatcher.processRequest(OzoneProtocolMessageDispatcher.java:87) [hdds-server-framework-1.4.0-SNAPSHOT.jar:?]
	at org.apache.hadoop.ozone.protocolPB.OzoneManagerProtocolServerSideTranslatorPB.submitRequest(OzoneManagerProtocolServerSideTranslatorPB.java:147) [ozone-manager-1.4.0-SNAPSHOT.jar:?]
	at org.apache.hadoop.ozone.protocol.proto.OzoneManagerProtocolProtos$OzoneManagerService$2.callBlockingMethod(OzoneManagerProtocolProtos.java) [ozone-interface-client-1.4.0-SNAPSHOT.jar:?]
	at org.apache.hadoop.ipc.ProtobufRpcEngine$Server.processCall(ProtobufRpcEngine.java:465) [hadoop-common-3.3.4.jar:?]
	at org.apache.hadoop.ipc.ProtobufRpcEngine2$Server$ProtoBufRpcInvoker.call(ProtobufRpcEngine2.java:578) [hadoop-common-3.3.4.jar:?]
	at org.apache.hadoop.ipc.ProtobufRpcEngine2$Server$ProtoBufRpcInvoker.call(ProtobufRpcEngine2.java:556) [hadoop-common-3.3.4.jar:?]
	at org.apache.hadoop.ipc.RPC$Server.call(RPC.java:1093) [hadoop-common-3.3.4.jar:?]
	at org.apache.hadoop.ipc.Server$RpcCall.run(Server.java:1043) [hadoop-common-3.3.4.jar:?]
	at org.apache.hadoop.ipc.Server$RpcCall.run(Server.java:971) [hadoop-common-3.3.4.jar:?]
	at java.security.AccessController.doPrivileged(Native Method) ~[?:1.8.0_362]
	at javax.security.auth.Subject.doAs(Subject.java:422) [?:1.8.0_362]
	at org.apache.hadoop.security.UserGroupInformation.doAs(UserGroupInformation.java:1878) [hadoop-common-3.3.4.jar:?]
	at org.apache.hadoop.ipc.Server$Handler.run(Server.java:2976) [hadoop-common-3.3.4.jar:?]
20:06:54.559 [IPC Server handler 15 on default port 37437] ERROR OMAudit - user=runner | ip=127.0.0.1 | op=GET_FILE_STATUS {volume=volume46233, bucket=bucket02547, key=level0/level1, dataSize=0, replicationConfig=null} | ret=FAILURE
org.apache.hadoop.ozone.om.exceptions.OMException: Unable to get file status: volume: volume46233 bucket: bucket02547 key: level0/level1
	at org.apache.hadoop.ozone.om.KeyManagerImpl.getOzoneFileStatus(KeyManagerImpl.java:1196) ~[ozone-manager-1.4.0-SNAPSHOT.jar:?]
	at org.apache.hadoop.ozone.om.KeyManagerImpl.getFileStatus(KeyManagerImpl.java:1114) ~[ozone-manager-1.4.0-SNAPSHOT.jar:?]
	at org.apache.hadoop.ozone.om.OmMetadataReader.getFileStatus(OmMetadataReader.java:288) ~[ozone-manager-1.4.0-SNAPSHOT.jar:?]
	at org.apache.hadoop.ozone.om.OzoneManager.getFileStatus(OzoneManager.java:3494) ~[ozone-manager-1.4.0-SNAPSHOT.jar:?]
	at org.apache.hadoop.ozone.protocolPB.OzoneManagerRequestHandler.getOzoneFileStatus(OzoneManagerRequestHandler.java:933) ~[ozone-manager-1.4.0-SNAPSHOT.jar:?]
	at org.apache.hadoop.ozone.protocolPB.OzoneManagerRequestHandler.handleReadRequest(OzoneManagerRequestHandler.java:238) ~[ozone-manager-1.4.0-SNAPSHOT.jar:?]
	at org.apache.hadoop.ozone.protocolPB.OzoneManagerProtocolServerSideTranslatorPB.submitReadRequestToOM(OzoneManagerProtocolServerSideTranslatorPB.java:223) ~[ozone-manager-1.4.0-SNAPSHOT.jar:?]
	at org.apache.hadoop.ozone.protocolPB.OzoneManagerProtocolServerSideTranslatorPB.processRequest(OzoneManagerProtocolServerSideTranslatorPB.java:177) ~[ozone-manager-1.4.0-SNAPSHOT.jar:?]
	at org.apache.hadoop.hdds.server.OzoneProtocolMessageDispatcher.processRequest(OzoneProtocolMessageDispatcher.java:87) [hdds-server-framework-1.4.0-SNAPSHOT.jar:?]
	at org.apache.hadoop.ozone.protocolPB.OzoneManagerProtocolServerSideTranslatorPB.submitRequest(OzoneManagerProtocolServerSideTranslatorPB.java:147) [ozone-manager-1.4.0-SNAPSHOT.jar:?]
	at org.apache.hadoop.ozone.protocol.proto.OzoneManagerProtocolProtos$OzoneManagerService$2.callBlockingMethod(OzoneManagerProtocolProtos.java) [ozone-interface-client-1.4.0-SNAPSHOT.jar:?]
	at org.apache.hadoop.ipc.ProtobufRpcEngine$Server.processCall(ProtobufRpcEngine.java:465) [hadoop-common-3.3.4.jar:?]
	at org.apache.hadoop.ipc.ProtobufRpcEngine2$Server$ProtoBufRpcInvoker.call(ProtobufRpcEngine2.java:578) [hadoop-common-3.3.4.jar:?]
	at org.apache.hadoop.ipc.ProtobufRpcEngine2$Server$ProtoBufRpcInvoker.call(ProtobufRpcEngine2.java:556) [hadoop-common-3.3.4.jar:?]
	at org.apache.hadoop.ipc.RPC$Server.call(RPC.java:1093) [hadoop-common-3.3.4.jar:?]
	at org.apache.hadoop.ipc.Server$RpcCall.run(Server.java:1043) [hadoop-common-3.3.4.jar:?]
	at org.apache.hadoop.ipc.Server$RpcCall.run(Server.java:971) [hadoop-common-3.3.4.jar:?]
	at java.security.AccessController.doPrivileged(Native Method) ~[?:1.8.0_362]
	at javax.security.auth.Subject.doAs(Subject.java:422) [?:1.8.0_362]
	at org.apache.hadoop.security.UserGroupInformation.doAs(UserGroupInformation.java:1878) [hadoop-common-3.3.4.jar:?]
	at org.apache.hadoop.ipc.Server$Handler.run(Server.java:2976) [hadoop-common-3.3.4.jar:?]
20:06:54.560 [IPC Server handler 16 on default port 37437] ERROR OMAudit - user=runner | ip=127.0.0.1 | op=GET_FILE_STATUS {volume=volume46233, bucket=bucket02547, key=level0/level1/level1, dataSize=0, replicationConfig=null} | ret=FAILURE
org.apache.hadoop.ozone.om.exceptions.OMException: Unable to get file status: volume: volume46233 bucket: bucket02547 key: level0/level1/level1
	at org.apache.hadoop.ozone.om.KeyManagerImpl.getOzoneFileStatus(KeyManagerImpl.java:1196) ~[ozone-manager-1.4.0-SNAPSHOT.jar:?]
	at org.apache.hadoop.ozone.om.KeyManagerImpl.getFileStatus(KeyManagerImpl.java:1114) ~[ozone-manager-1.4.0-SNAPSHOT.jar:?]
	at org.apache.hadoop.ozone.om.OmMetadataReader.getFileStatus(OmMetadataReader.java:288) ~[ozone-manager-1.4.0-SNAPSHOT.jar:?]
	at org.apache.hadoop.ozone.om.OzoneManager.getFileStatus(OzoneManager.java:3494) ~[ozone-manager-1.4.0-SNAPSHOT.jar:?]
	at org.apache.hadoop.ozone.protocolPB.OzoneManagerRequestHandler.getOzoneFileStatus(OzoneManagerRequestHandler.java:933) ~[ozone-manager-1.4.0-SNAPSHOT.jar:?]
	at org.apache.hadoop.ozone.protocolPB.OzoneManagerRequestHandler.handleReadRequest(OzoneManagerRequestHandler.java:238) ~[ozone-manager-1.4.0-SNAPSHOT.jar:?]
	at org.apache.hadoop.ozone.protocolPB.OzoneManagerProtocolServerSideTranslatorPB.submitReadRequestToOM(OzoneManagerProtocolServerSideTranslatorPB.java:223) ~[ozone-manager-1.4.0-SNAPSHOT.jar:?]
	at org.apache.hadoop.ozone.protocolPB.OzoneManagerProtocolServerSideTranslatorPB.processRequest(OzoneManagerProtocolServerSideTranslatorPB.java:177) ~[ozone-manager-1.4.0-SNAPSHOT.jar:?]
	at org.apache.hadoop.hdds.server.OzoneProtocolMessageDispatcher.processRequest(OzoneProtocolMessageDispatcher.java:87) [hdds-server-framework-1.4.0-SNAPSHOT.jar:?]
	at org.apache.hadoop.ozone.protocolPB.OzoneManagerProtocolServerSideTranslatorPB.submitRequest(OzoneManagerProtocolServerSideTranslatorPB.java:147) [ozone-manager-1.4.0-SNAPSHOT.jar:?]
	at org.apache.hadoop.ozone.protocol.proto.OzoneManagerProtocolProtos$OzoneManagerService$2.callBlockingMethod(OzoneManagerProtocolProtos.java) [ozone-interface-client-1.4.0-SNAPSHOT.jar:?]
	at org.apache.hadoop.ipc.ProtobufRpcEngine$Server.processCall(ProtobufRpcEngine.java:465) [hadoop-common-3.3.4.jar:?]
	at org.apache.hadoop.ipc.ProtobufRpcEngine2$Server$ProtoBufRpcInvoker.call(ProtobufRpcEngine2.java:578) [hadoop-common-3.3.4.jar:?]
	at org.apache.hadoop.ipc.ProtobufRpcEngine2$Server$ProtoBufRpcInvoker.call(ProtobufRpcEngine2.java:556) [hadoop-common-3.3.4.jar:?]
	at org.apache.hadoop.ipc.RPC$Server.call(RPC.java:1093) [hadoop-common-3.3.4.jar:?]
	at org.apache.hadoop.ipc.Server$RpcCall.run(Server.java:1043) [hadoop-common-3.3.4.jar:?]
	at org.apache.hadoop.ipc.Server$RpcCall.run(Server.java:971) [hadoop-common-3.3.4.jar:?]
	at java.security.AccessController.doPrivileged(Native Method) ~[?:1.8.0_362]
	at javax.security.auth.Subject.doAs(Subject.java:422) [?:1.8.0_362]
	at org.apache.hadoop.security.UserGroupInformation.doAs(UserGroupInformation.java:1878) [hadoop-common-3.3.4.jar:?]
	at org.apache.hadoop.ipc.Server$Handler.run(Server.java:2976) [hadoop-common-3.3.4.jar:?]
20:06:54.561 [IPC Server handler 1 on default port 37437] ERROR OMAudit - user=runner | ip=127.0.0.1 | op=GET_FILE_STATUS {volume=volume46233, bucket=bucket02547, key=level0/level1/file1, dataSize=0, replicationConfig=null} | ret=FAILURE
org.apache.hadoop.ozone.om.exceptions.OMException: Unable to get file status: volume: volume46233 bucket: bucket02547 key: level0/level1/file1
	at org.apache.hadoop.ozone.om.KeyManagerImpl.getOzoneFileStatus(KeyManagerImpl.java:1196) ~[ozone-manager-1.4.0-SNAPSHOT.jar:?]
	at org.apache.hadoop.ozone.om.KeyManagerImpl.getFileStatus(KeyManagerImpl.java:1114) ~[ozone-manager-1.4.0-SNAPSHOT.jar:?]
	at org.apache.hadoop.ozone.om.OmMetadataReader.getFileStatus(OmMetadataReader.java:288) ~[ozone-manager-1.4.0-SNAPSHOT.jar:?]
	at org.apache.hadoop.ozone.om.OzoneManager.getFileStatus(OzoneManager.java:3494) ~[ozone-manager-1.4.0-SNAPSHOT.jar:?]
	at org.apache.hadoop.ozone.protocolPB.OzoneManagerRequestHandler.getOzoneFileStatus(OzoneManagerRequestHandler.java:933) ~[ozone-manager-1.4.0-SNAPSHOT.jar:?]
	at org.apache.hadoop.ozone.protocolPB.OzoneManagerRequestHandler.handleReadRequest(OzoneManagerRequestHandler.java:238) ~[ozone-manager-1.4.0-SNAPSHOT.jar:?]
	at org.apache.hadoop.ozone.protocolPB.OzoneManagerProtocolServerSideTranslatorPB.submitReadRequestToOM(OzoneManagerProtocolServerSideTranslatorPB.java:223) ~[ozone-manager-1.4.0-SNAPSHOT.jar:?]
	at org.apache.hadoop.ozone.protocolPB.OzoneManagerProtocolServerSideTranslatorPB.processRequest(OzoneManagerProtocolServerSideTranslatorPB.java:177) ~[ozone-manager-1.4.0-SNAPSHOT.jar:?]
	at org.apache.hadoop.hdds.server.OzoneProtocolMessageDispatcher.processRequest(OzoneProtocolMessageDispatcher.java:87) [hdds-server-framework-1.4.0-SNAPSHOT.jar:?]
	at org.apache.hadoop.ozone.protocolPB.OzoneManagerProtocolServerSideTranslatorPB.submitRequest(OzoneManagerProtocolServerSideTranslatorPB.java:147) [ozone-manager-1.4.0-SNAPSHOT.jar:?]
	at org.apache.hadoop.ozone.protocol.proto.OzoneManagerProtocolProtos$OzoneManagerService$2.callBlockingMethod(OzoneManagerProtocolProtos.java) [ozone-interface-client-1.4.0-SNAPSHOT.jar:?]
	at org.apache.hadoop.ipc.ProtobufRpcEngine$Server.processCall(ProtobufRpcEngine.java:465) [hadoop-common-3.3.4.jar:?]
	at org.apache.hadoop.ipc.ProtobufRpcEngine2$Server$ProtoBufRpcInvoker.call(ProtobufRpcEngine2.java:578) [hadoop-common-3.3.4.jar:?]
	at org.apache.hadoop.ipc.ProtobufRpcEngine2$Server$ProtoBufRpcInvoker.call(ProtobufRpcEngine2.java:556) [hadoop-common-3.3.4.jar:?]
	at org.apache.hadoop.ipc.RPC$Server.call(RPC.java:1093) [hadoop-common-3.3.4.jar:?]
	at org.apache.hadoop.ipc.Server$RpcCall.run(Server.java:1043) [hadoop-common-3.3.4.jar:?]
	at org.apache.hadoop.ipc.Server$RpcCall.run(Server.java:971) [hadoop-common-3.3.4.jar:?]
	at java.security.AccessController.doPrivileged(Native Method) ~[?:1.8.0_362]
	at javax.security.auth.Subject.doAs(Subject.java:422) [?:1.8.0_362]
	at org.apache.hadoop.security.UserGroupInformation.doAs(UserGroupInformation.java:1878) [hadoop-common-3.3.4.jar:?]
	at org.apache.hadoop.ipc.Server$Handler.run(Server.java:2976) [hadoop-common-3.3.4.jar:?]
20:06:54.562 [IPC Server handler 0 on default port 37437] ERROR OMAudit - user=runner | ip=127.0.0.1 | op=GET_FILE_STATUS {volume=volume46233, bucket=bucket02547, key=level0/level1/level1/file1, dataSize=0, replicationConfig=null} | ret=FAILURE
org.apache.hadoop.ozone.om.exceptions.OMException: Unable to get file status: volume: volume46233 bucket: bucket02547 key: level0/level1/level1/file1
	at org.apache.hadoop.ozone.om.KeyManagerImpl.getOzoneFileStatus(KeyManagerImpl.java:1196) ~[ozone-manager-1.4.0-SNAPSHOT.jar:?]
	at org.apache.hadoop.ozone.om.KeyManagerImpl.getFileStatus(KeyManagerImpl.java:1114) ~[ozone-manager-1.4.0-SNAPSHOT.jar:?]
	at org.apache.hadoop.ozone.om.OmMetadataReader.getFileStatus(OmMetadataReader.java:288) ~[ozone-manager-1.4.0-SNAPSHOT.jar:?]
	at org.apache.hadoop.ozone.om.OzoneManager.getFileStatus(OzoneManager.java:3494) ~[ozone-manager-1.4.0-SNAPSHOT.jar:?]
	at org.apache.hadoop.ozone.protocolPB.OzoneManagerRequestHandler.getOzoneFileStatus(OzoneManagerRequestHandler.java:933) ~[ozone-manager-1.4.0-SNAPSHOT.jar:?]
	at org.apache.hadoop.ozone.protocolPB.OzoneManagerRequestHandler.handleReadRequest(OzoneManagerRequestHandler.java:238) ~[ozone-manager-1.4.0-SNAPSHOT.jar:?]
	at org.apache.hadoop.ozone.protocolPB.OzoneManagerProtocolServerSideTranslatorPB.submitReadRequestToOM(OzoneManagerProtocolServerSideTranslatorPB.java:223) ~[ozone-manager-1.4.0-SNAPSHOT.jar:?]
	at org.apache.hadoop.ozone.protocolPB.OzoneManagerProtocolServerSideTranslatorPB.processRequest(OzoneManagerProtocolServerSideTranslatorPB.java:177) ~[ozone-manager-1.4.0-SNAPSHOT.jar:?]
	at org.apache.hadoop.hdds.server.OzoneProtocolMessageDispatcher.processRequest(OzoneProtocolMessageDispatcher.java:87) [hdds-server-framework-1.4.0-SNAPSHOT.jar:?]
	at org.apache.hadoop.ozone.protocolPB.OzoneManagerProtocolServerSideTranslatorPB.submitRequest(OzoneManagerProtocolServerSideTranslatorPB.java:147) [ozone-manager-1.4.0-SNAPSHOT.jar:?]
	at org.apache.hadoop.ozone.protocol.proto.OzoneManagerProtocolProtos$OzoneManagerService$2.callBlockingMethod(OzoneManagerProtocolProtos.java) [ozone-interface-client-1.4.0-SNAPSHOT.jar:?]
	at org.apache.hadoop.ipc.ProtobufRpcEngine$Server.processCall(ProtobufRpcEngine.java:465) [hadoop-common-3.3.4.jar:?]
	at org.apache.hadoop.ipc.ProtobufRpcEngine2$Server$ProtoBufRpcInvoker.call(ProtobufRpcEngine2.java:578) [hadoop-common-3.3.4.jar:?]
	at org.apache.hadoop.ipc.ProtobufRpcEngine2$Server$ProtoBufRpcInvoker.call(ProtobufRpcEngine2.java:556) [hadoop-common-3.3.4.jar:?]
	at org.apache.hadoop.ipc.RPC$Server.call(RPC.java:1093) [hadoop-common-3.3.4.jar:?]
	at org.apache.hadoop.ipc.Server$RpcCall.run(Server.java:1043) [hadoop-common-3.3.4.jar:?]
	at org.apache.hadoop.ipc.Server$RpcCall.run(Server.java:971) [hadoop-common-3.3.4.jar:?]
	at java.security.AccessController.doPrivileged(Native Method) ~[?:1.8.0_362]
	at javax.security.auth.Subject.doAs(Subject.java:422) [?:1.8.0_362]
	at org.apache.hadoop.security.UserGroupInformation.doAs(UserGroupInformation.java:1878) [hadoop-common-3.3.4.jar:?]
	at org.apache.hadoop.ipc.Server$Handler.run(Server.java:2976) [hadoop-common-3.3.4.jar:?]
20:06:54.563 [IPC Server handler 4 on default port 37437] ERROR OMAudit - user=runner | ip=127.0.0.1 | op=GET_FILE_STATUS {volume=volume46233, bucket=bucket02547, key=level0/level2, dataSize=0, replicationConfig=null} | ret=FAILURE
org.apache.hadoop.ozone.om.exceptions.OMException: Unable to get file status: volume: volume46233 bucket: bucket02547 key: level0/level2
	at org.apache.hadoop.ozone.om.KeyManagerImpl.getOzoneFileStatus(KeyManagerImpl.java:1196) ~[ozone-manager-1.4.0-SNAPSHOT.jar:?]
	at org.apache.hadoop.ozone.om.KeyManagerImpl.getFileStatus(KeyManagerImpl.java:1114) ~[ozone-manager-1.4.0-SNAPSHOT.jar:?]
	at org.apache.hadoop.ozone.om.OmMetadataReader.getFileStatus(OmMetadataReader.java:288) ~[ozone-manager-1.4.0-SNAPSHOT.jar:?]
	at org.apache.hadoop.ozone.om.OzoneManager.getFileStatus(OzoneManager.java:3494) ~[ozone-manager-1.4.0-SNAPSHOT.jar:?]
	at org.apache.hadoop.ozone.protocolPB.OzoneManagerRequestHandler.getOzoneFileStatus(OzoneManagerRequestHandler.java:933) ~[ozone-manager-1.4.0-SNAPSHOT.jar:?]
	at org.apache.hadoop.ozone.protocolPB.OzoneManagerRequestHandler.handleReadRequest(OzoneManagerRequestHandler.java:238) ~[ozone-manager-1.4.0-SNAPSHOT.jar:?]
	at org.apache.hadoop.ozone.protocolPB.OzoneManagerProtocolServerSideTranslatorPB.submitReadRequestToOM(OzoneManagerProtocolServerSideTranslatorPB.java:223) ~[ozone-manager-1.4.0-SNAPSHOT.jar:?]
	at org.apache.hadoop.ozone.protocolPB.OzoneManagerProtocolServerSideTranslatorPB.processRequest(OzoneManagerProtocolServerSideTranslatorPB.java:177) ~[ozone-manager-1.4.0-SNAPSHOT.jar:?]
	at org.apache.hadoop.hdds.server.OzoneProtocolMessageDispatcher.processRequest(OzoneProtocolMessageDispatcher.java:87) [hdds-server-framework-1.4.0-SNAPSHOT.jar:?]
	at org.apache.hadoop.ozone.protocolPB.OzoneManagerProtocolServerSideTranslatorPB.submitRequest(OzoneManagerProtocolServerSideTranslatorPB.java:147) [ozone-manager-1.4.0-SNAPSHOT.jar:?]
	at org.apache.hadoop.ozone.protocol.proto.OzoneManagerProtocolProtos$OzoneManagerService$2.callBlockingMethod(OzoneManagerProtocolProtos.java) [ozone-interface-client-1.4.0-SNAPSHOT.jar:?]
	at org.apache.hadoop.ipc.ProtobufRpcEngine$Server.processCall(ProtobufRpcEngine.java:465) [hadoop-common-3.3.4.jar:?]
	at org.apache.hadoop.ipc.ProtobufRpcEngine2$Server$ProtoBufRpcInvoker.call(ProtobufRpcEngine2.java:578) [hadoop-common-3.3.4.jar:?]
	at org.apache.hadoop.ipc.ProtobufRpcEngine2$Server$ProtoBufRpcInvoker.call(ProtobufRpcEngine2.java:556) [hadoop-common-3.3.4.jar:?]
	at org.apache.hadoop.ipc.RPC$Server.call(RPC.java:1093) [hadoop-common-3.3.4.jar:?]
	at org.apache.hadoop.ipc.Server$RpcCall.run(Server.java:1043) [hadoop-common-3.3.4.jar:?]
	at org.apache.hadoop.ipc.Server$RpcCall.run(Server.java:971) [hadoop-common-3.3.4.jar:?]
	at java.security.AccessController.doPrivileged(Native Method) ~[?:1.8.0_362]
	at javax.security.auth.Subject.doAs(Subject.java:422) [?:1.8.0_362]
	at org.apache.hadoop.security.UserGroupInformation.doAs(UserGroupInformation.java:1878) [hadoop-common-3.3.4.jar:?]
	at org.apache.hadoop.ipc.Server$Handler.run(Server.java:2976) [hadoop-common-3.3.4.jar:?]
20:06:54.563 [IPC Server handler 14 on default port 37437] ERROR OMAudit - user=runner | ip=127.0.0.1 | op=GET_FILE_STATUS {volume=volume46233, bucket=bucket02547, key=level0/level2/level2, dataSize=0, replicationConfig=null} | ret=FAILURE
org.apache.hadoop.ozone.om.exceptions.OMException: Unable to get file status: volume: volume46233 bucket: bucket02547 key: level0/level2/level2
	at org.apache.hadoop.ozone.om.KeyManagerImpl.getOzoneFileStatus(KeyManagerImpl.java:1196) ~[ozone-manager-1.4.0-SNAPSHOT.jar:?]
	at org.apache.hadoop.ozone.om.KeyManagerImpl.getFileStatus(KeyManagerImpl.java:1114) ~[ozone-manager-1.4.0-SNAPSHOT.jar:?]
	at org.apache.hadoop.ozone.om.OmMetadataReader.getFileStatus(OmMetadataReader.java:288) ~[ozone-manager-1.4.0-SNAPSHOT.jar:?]
	at org.apache.hadoop.ozone.om.OzoneManager.getFileStatus(OzoneManager.java:3494) ~[ozone-manager-1.4.0-SNAPSHOT.jar:?]
	at org.apache.hadoop.ozone.protocolPB.OzoneManagerRequestHandler.getOzoneFileStatus(OzoneManagerRequestHandler.java:933) ~[ozone-manager-1.4.0-SNAPSHOT.jar:?]
	at org.apache.hadoop.ozone.protocolPB.OzoneManagerRequestHandler.handleReadRequest(OzoneManagerRequestHandler.java:238) ~[ozone-manager-1.4.0-SNAPSHOT.jar:?]
	at org.apache.hadoop.ozone.protocolPB.OzoneManagerProtocolServerSideTranslatorPB.submitReadRequestToOM(OzoneManagerProtocolServerSideTranslatorPB.java:223) ~[ozone-manager-1.4.0-SNAPSHOT.jar:?]
	at org.apache.hadoop.ozone.protocolPB.OzoneManagerProtocolServerSideTranslatorPB.processRequest(OzoneManagerProtocolServerSideTranslatorPB.java:177) ~[ozone-manager-1.4.0-SNAPSHOT.jar:?]
	at org.apache.hadoop.hdds.server.OzoneProtocolMessageDispatcher.processRequest(OzoneProtocolMessageDispatcher.java:87) [hdds-server-framework-1.4.0-SNAPSHOT.jar:?]
	at org.apache.hadoop.ozone.protocolPB.OzoneManagerProtocolServerSideTranslatorPB.submitRequest(OzoneManagerProtocolServerSideTranslatorPB.java:147) [ozone-manager-1.4.0-SNAPSHOT.jar:?]
	at org.apache.hadoop.ozone.protocol.proto.OzoneManagerProtocolProtos$OzoneManagerService$2.callBlockingMethod(OzoneManagerProtocolProtos.java) [ozone-interface-client-1.4.0-SNAPSHOT.jar:?]
	at org.apache.hadoop.ipc.ProtobufRpcEngine$Server.processCall(ProtobufRpcEngine.java:465) [hadoop-common-3.3.4.jar:?]
	at org.apache.hadoop.ipc.ProtobufRpcEngine2$Server$ProtoBufRpcInvoker.call(ProtobufRpcEngine2.java:578) [hadoop-common-3.3.4.jar:?]
	at org.apache.hadoop.ipc.ProtobufRpcEngine2$Server$ProtoBufRpcInvoker.call(ProtobufRpcEngine2.java:556) [hadoop-common-3.3.4.jar:?]
	at org.apache.hadoop.ipc.RPC$Server.call(RPC.java:1093) [hadoop-common-3.3.4.jar:?]
	at org.apache.hadoop.ipc.Server$RpcCall.run(Server.java:1043) [hadoop-common-3.3.4.jar:?]
	at org.apache.hadoop.ipc.Server$RpcCall.run(Server.java:971) [hadoop-common-3.3.4.jar:?]
	at java.security.AccessController.doPrivileged(Native Method) ~[?:1.8.0_362]
	at javax.security.auth.Subject.doAs(Subject.java:422) [?:1.8.0_362]
	at org.apache.hadoop.security.UserGroupInformation.doAs(UserGroupInformation.java:1878) [hadoop-common-3.3.4.jar:?]
	at org.apache.hadoop.ipc.Server$Handler.run(Server.java:2976) [hadoop-common-3.3.4.jar:?]
20:06:54.564 [IPC Server handler 11 on default port 37437] ERROR OMAudit - user=runner | ip=127.0.0.1 | op=GET_FILE_STATUS {volume=volume46233, bucket=bucket02547, key=level0/level2/file1, dataSize=0, replicationConfig=null} | ret=FAILURE
org.apache.hadoop.ozone.om.exceptions.OMException: Unable to get file status: volume: volume46233 bucket: bucket02547 key: level0/level2/file1
	at org.apache.hadoop.ozone.om.KeyManagerImpl.getOzoneFileStatus(KeyManagerImpl.java:1196) ~[ozone-manager-1.4.0-SNAPSHOT.jar:?]
	at org.apache.hadoop.ozone.om.KeyManagerImpl.getFileStatus(KeyManagerImpl.java:1114) ~[ozone-manager-1.4.0-SNAPSHOT.jar:?]
	at org.apache.hadoop.ozone.om.OmMetadataReader.getFileStatus(OmMetadataReader.java:288) ~[ozone-manager-1.4.0-SNAPSHOT.jar:?]
	at org.apache.hadoop.ozone.om.OzoneManager.getFileStatus(OzoneManager.java:3494) ~[ozone-manager-1.4.0-SNAPSHOT.jar:?]
	at org.apache.hadoop.ozone.protocolPB.OzoneManagerRequestHandler.getOzoneFileStatus(OzoneManagerRequestHandler.java:933) ~[ozone-manager-1.4.0-SNAPSHOT.jar:?]
	at org.apache.hadoop.ozone.protocolPB.OzoneManagerRequestHandler.handleReadRequest(OzoneManagerRequestHandler.java:238) ~[ozone-manager-1.4.0-SNAPSHOT.jar:?]
	at org.apache.hadoop.ozone.protocolPB.OzoneManagerProtocolServerSideTranslatorPB.submitReadRequestToOM(OzoneManagerProtocolServerSideTranslatorPB.java:223) ~[ozone-manager-1.4.0-SNAPSHOT.jar:?]
	at org.apache.hadoop.ozone.protocolPB.OzoneManagerProtocolServerSideTranslatorPB.processRequest(OzoneManagerProtocolServerSideTranslatorPB.java:177) ~[ozone-manager-1.4.0-SNAPSHOT.jar:?]
	at org.apache.hadoop.hdds.server.OzoneProtocolMessageDispatcher.processRequest(OzoneProtocolMessageDispatcher.java:87) [hdds-server-framework-1.4.0-SNAPSHOT.jar:?]
	at org.apache.hadoop.ozone.protocolPB.OzoneManagerProtocolServerSideTranslatorPB.submitRequest(OzoneManagerProtocolServerSideTranslatorPB.java:147) [ozone-manager-1.4.0-SNAPSHOT.jar:?]
	at org.apache.hadoop.ozone.protocol.proto.OzoneManagerProtocolProtos$OzoneManagerService$2.callBlockingMethod(OzoneManagerProtocolProtos.java) [ozone-interface-client-1.4.0-SNAPSHOT.jar:?]
	at org.apache.hadoop.ipc.ProtobufRpcEngine$Server.processCall(ProtobufRpcEngine.java:465) [hadoop-common-3.3.4.jar:?]
	at org.apache.hadoop.ipc.ProtobufRpcEngine2$Server$ProtoBufRpcInvoker.call(ProtobufRpcEngine2.java:578) [hadoop-common-3.3.4.jar:?]
	at org.apache.hadoop.ipc.ProtobufRpcEngine2$Server$ProtoBufRpcInvoker.call(ProtobufRpcEngine2.java:556) [hadoop-common-3.3.4.jar:?]
	at org.apache.hadoop.ipc.RPC$Server.call(RPC.java:1093) [hadoop-common-3.3.4.jar:?]
	at org.apache.hadoop.ipc.Server$RpcCall.run(Server.java:1043) [hadoop-common-3.3.4.jar:?]
	at org.apache.hadoop.ipc.Server$RpcCall.run(Server.java:971) [hadoop-common-3.3.4.jar:?]
	at java.security.AccessController.doPrivileged(Native Method) ~[?:1.8.0_362]
	at javax.security.auth.Subject.doAs(Subject.java:422) [?:1.8.0_362]
	at org.apache.hadoop.security.UserGroupInformation.doAs(UserGroupInformation.java:1878) [hadoop-common-3.3.4.jar:?]
	at org.apache.hadoop.ipc.Server$Handler.run(Server.java:2976) [hadoop-common-3.3.4.jar:?]
20:06:54.566 [IPC Server handler 8 on default port 37437] ERROR OMAudit - user=runner | ip=127.0.0.1 | op=GET_FILE_STATUS {volume=volume46233, bucket=bucket02547, key=level0/level2/level2/file1, dataSize=0, replicationConfig=null} | ret=FAILURE
org.apache.hadoop.ozone.om.exceptions.OMException: Unable to get file status: volume: volume46233 bucket: bucket02547 key: level0/level2/level2/file1
	at org.apache.hadoop.ozone.om.KeyManagerImpl.getOzoneFileStatus(KeyManagerImpl.java:1196) ~[ozone-manager-1.4.0-SNAPSHOT.jar:?]
	at org.apache.hadoop.ozone.om.KeyManagerImpl.getFileStatus(KeyManagerImpl.java:1114) ~[ozone-manager-1.4.0-SNAPSHOT.jar:?]
	at org.apache.hadoop.ozone.om.OmMetadataReader.getFileStatus(OmMetadataReader.java:288) ~[ozone-manager-1.4.0-SNAPSHOT.jar:?]
	at org.apache.hadoop.ozone.om.OzoneManager.getFileStatus(OzoneManager.java:3494) ~[ozone-manager-1.4.0-SNAPSHOT.jar:?]
	at org.apache.hadoop.ozone.protocolPB.OzoneManagerRequestHandler.getOzoneFileStatus(OzoneManagerRequestHandler.java:933) ~[ozone-manager-1.4.0-SNAPSHOT.jar:?]
	at org.apache.hadoop.ozone.protocolPB.OzoneManagerRequestHandler.handleReadRequest(OzoneManagerRequestHandler.java:238) ~[ozone-manager-1.4.0-SNAPSHOT.jar:?]
	at org.apache.hadoop.ozone.protocolPB.OzoneManagerProtocolServerSideTranslatorPB.submitReadRequestToOM(OzoneManagerProtocolServerSideTranslatorPB.java:223) ~[ozone-manager-1.4.0-SNAPSHOT.jar:?]
	at org.apache.hadoop.ozone.protocolPB.OzoneManagerProtocolServerSideTranslatorPB.processRequest(OzoneManagerProtocolServerSideTranslatorPB.java:177) ~[ozone-manager-1.4.0-SNAPSHOT.jar:?]
	at org.apache.hadoop.hdds.server.OzoneProtocolMessageDispatcher.processRequest(OzoneProtocolMessageDispatcher.java:87) [hdds-server-framework-1.4.0-SNAPSHOT.jar:?]
	at org.apache.hadoop.ozone.protocolPB.OzoneManagerProtocolServerSideTranslatorPB.submitRequest(OzoneManagerProtocolServerSideTranslatorPB.java:147) [ozone-manager-1.4.0-SNAPSHOT.jar:?]
	at org.apache.hadoop.ozone.protocol.proto.OzoneManagerProtocolProtos$OzoneManagerService$2.callBlockingMethod(OzoneManagerProtocolProtos.java) [ozone-interface-client-1.4.0-SNAPSHOT.jar:?]
	at org.apache.hadoop.ipc.ProtobufRpcEngine$Server.processCall(ProtobufRpcEngine.java:465) [hadoop-common-3.3.4.jar:?]
	at org.apache.hadoop.ipc.ProtobufRpcEngine2$Server$ProtoBufRpcInvoker.call(ProtobufRpcEngine2.java:578) [hadoop-common-3.3.4.jar:?]
	at org.apache.hadoop.ipc.ProtobufRpcEngine2$Server$ProtoBufRpcInvoker.call(ProtobufRpcEngine2.java:556) [hadoop-common-3.3.4.jar:?]
	at org.apache.hadoop.ipc.RPC$Server.call(RPC.java:1093) [hadoop-common-3.3.4.jar:?]
	at org.apache.hadoop.ipc.Server$RpcCall.run(Server.java:1043) [hadoop-common-3.3.4.jar:?]
	at org.apache.hadoop.ipc.Server$RpcCall.run(Server.java:971) [hadoop-common-3.3.4.jar:?]
	at java.security.AccessController.doPrivileged(Native Method) ~[?:1.8.0_362]
	at javax.security.auth.Subject.doAs(Subject.java:422) [?:1.8.0_362]
	at org.apache.hadoop.security.UserGroupInformation.doAs(UserGroupInformation.java:1878) [hadoop-common-3.3.4.jar:?]
	at org.apache.hadoop.ipc.Server$Handler.run(Server.java:2976) [hadoop-common-3.3.4.jar:?]
20:06:54.567 [IPC Server handler 3 on default port 37437] ERROR OMAudit - user=runner | ip=127.0.0.1 | op=GET_FILE_STATUS {volume=volume46233, bucket=bucket02547, key=level0/level3, dataSize=0, replicationConfig=null} | ret=FAILURE
org.apache.hadoop.ozone.om.exceptions.OMException: Unable to get file status: volume: volume46233 bucket: bucket02547 key: level0/level3
	at org.apache.hadoop.ozone.om.KeyManagerImpl.getOzoneFileStatus(KeyManagerImpl.java:1196) ~[ozone-manager-1.4.0-SNAPSHOT.jar:?]
	at org.apache.hadoop.ozone.om.KeyManagerImpl.getFileStatus(KeyManagerImpl.java:1114) ~[ozone-manager-1.4.0-SNAPSHOT.jar:?]
	at org.apache.hadoop.ozone.om.OmMetadataReader.getFileStatus(OmMetadataReader.java:288) ~[ozone-manager-1.4.0-SNAPSHOT.jar:?]
	at org.apache.hadoop.ozone.om.OzoneManager.getFileStatus(OzoneManager.java:3494) ~[ozone-manager-1.4.0-SNAPSHOT.jar:?]
	at org.apache.hadoop.ozone.protocolPB.OzoneManagerRequestHandler.getOzoneFileStatus(OzoneManagerRequestHandler.java:933) ~[ozone-manager-1.4.0-SNAPSHOT.jar:?]
	at org.apache.hadoop.ozone.protocolPB.OzoneManagerRequestHandler.handleReadRequest(OzoneManagerRequestHandler.java:238) ~[ozone-manager-1.4.0-SNAPSHOT.jar:?]
	at org.apache.hadoop.ozone.protocolPB.OzoneManagerProtocolServerSideTranslatorPB.submitReadRequestToOM(OzoneManagerProtocolServerSideTranslatorPB.java:223) ~[ozone-manager-1.4.0-SNAPSHOT.jar:?]
	at org.apache.hadoop.ozone.protocolPB.OzoneManagerProtocolServerSideTranslatorPB.processRequest(OzoneManagerProtocolServerSideTranslatorPB.java:177) ~[ozone-manager-1.4.0-SNAPSHOT.jar:?]
	at org.apache.hadoop.hdds.server.OzoneProtocolMessageDispatcher.processRequest(OzoneProtocolMessageDispatcher.java:87) [hdds-server-framework-1.4.0-SNAPSHOT.jar:?]
	at org.apache.hadoop.ozone.protocolPB.OzoneManagerProtocolServerSideTranslatorPB.submitRequest(OzoneManagerProtocolServerSideTranslatorPB.java:147) [ozone-manager-1.4.0-SNAPSHOT.jar:?]
	at org.apache.hadoop.ozone.protocol.proto.OzoneManagerProtocolProtos$OzoneManagerService$2.callBlockingMethod(OzoneManagerProtocolProtos.java) [ozone-interface-client-1.4.0-SNAPSHOT.jar:?]
	at org.apache.hadoop.ipc.ProtobufRpcEngine$Server.processCall(ProtobufRpcEngine.java:465) [hadoop-common-3.3.4.jar:?]
	at org.apache.hadoop.ipc.ProtobufRpcEngine2$Server$ProtoBufRpcInvoker.call(ProtobufRpcEngine2.java:578) [hadoop-common-3.3.4.jar:?]
	at org.apache.hadoop.ipc.ProtobufRpcEngine2$Server$ProtoBufRpcInvoker.call(ProtobufRpcEngine2.java:556) [hadoop-common-3.3.4.jar:?]
	at org.apache.hadoop.ipc.RPC$Server.call(RPC.java:1093) [hadoop-common-3.3.4.jar:?]
	at org.apache.hadoop.ipc.Server$RpcCall.run(Server.java:1043) [hadoop-common-3.3.4.jar:?]
	at org.apache.hadoop.ipc.Server$RpcCall.run(Server.java:971) [hadoop-common-3.3.4.jar:?]
	at java.security.AccessController.doPrivileged(Native Method) ~[?:1.8.0_362]
	at javax.security.auth.Subject.doAs(Subject.java:422) [?:1.8.0_362]
	at org.apache.hadoop.security.UserGroupInformation.doAs(UserGroupInformation.java:1878) [hadoop-common-3.3.4.jar:?]
	at org.apache.hadoop.ipc.Server$Handler.run(Server.java:2976) [hadoop-common-3.3.4.jar:?]
20:06:54.569 [IPC Server handler 17 on default port 37437] ERROR OMAudit - user=runner | ip=127.0.0.1 | op=GET_FILE_STATUS {volume=volume46233, bucket=bucket02547, key=level0/level3/level3, dataSize=0, replicationConfig=null} | ret=FAILURE
org.apache.hadoop.ozone.om.exceptions.OMException: Unable to get file status: volume: volume46233 bucket: bucket02547 key: level0/level3/level3
	at org.apache.hadoop.ozone.om.KeyManagerImpl.getOzoneFileStatus(KeyManagerImpl.java:1196) ~[ozone-manager-1.4.0-SNAPSHOT.jar:?]
	at org.apache.hadoop.ozone.om.KeyManagerImpl.getFileStatus(KeyManagerImpl.java:1114) ~[ozone-manager-1.4.0-SNAPSHOT.jar:?]
	at org.apache.hadoop.ozone.om.OmMetadataReader.getFileStatus(OmMetadataReader.java:288) ~[ozone-manager-1.4.0-SNAPSHOT.jar:?]
	at org.apache.hadoop.ozone.om.OzoneManager.getFileStatus(OzoneManager.java:3494) ~[ozone-manager-1.4.0-SNAPSHOT.jar:?]
	at org.apache.hadoop.ozone.protocolPB.OzoneManagerRequestHandler.getOzoneFileStatus(OzoneManagerRequestHandler.java:933) ~[ozone-manager-1.4.0-SNAPSHOT.jar:?]
	at org.apache.hadoop.ozone.protocolPB.OzoneManagerRequestHandler.handleReadRequest(OzoneManagerRequestHandler.java:238) ~[ozone-manager-1.4.0-SNAPSHOT.jar:?]
	at org.apache.hadoop.ozone.protocolPB.OzoneManagerProtocolServerSideTranslatorPB.submitReadRequestToOM(OzoneManagerProtocolServerSideTranslatorPB.java:223) ~[ozone-manager-1.4.0-SNAPSHOT.jar:?]
	at org.apache.hadoop.ozone.protocolPB.OzoneManagerProtocolServerSideTranslatorPB.processRequest(OzoneManagerProtocolServerSideTranslatorPB.java:177) ~[ozone-manager-1.4.0-SNAPSHOT.jar:?]
	at org.apache.hadoop.hdds.server.OzoneProtocolMessageDispatcher.processRequest(OzoneProtocolMessageDispatcher.java:87) [hdds-server-framework-1.4.0-SNAPSHOT.jar:?]
	at org.apache.hadoop.ozone.protocolPB.OzoneManagerProtocolServerSideTranslatorPB.submitRequest(OzoneManagerProtocolServerSideTranslatorPB.java:147) [ozone-manager-1.4.0-SNAPSHOT.jar:?]
	at org.apache.hadoop.ozone.protocol.proto.OzoneManagerProtocolProtos$OzoneManagerService$2.callBlockingMethod(OzoneManagerProtocolProtos.java) [ozone-interface-client-1.4.0-SNAPSHOT.jar:?]
	at org.apache.hadoop.ipc.ProtobufRpcEngine$Server.processCall(ProtobufRpcEngine.java:465) [hadoop-common-3.3.4.jar:?]
	at org.apache.hadoop.ipc.ProtobufRpcEngine2$Server$ProtoBufRpcInvoker.call(ProtobufRpcEngine2.java:578) [hadoop-common-3.3.4.jar:?]
	at org.apache.hadoop.ipc.ProtobufRpcEngine2$Server$ProtoBufRpcInvoker.call(ProtobufRpcEngine2.java:556) [hadoop-common-3.3.4.jar:?]
	at org.apache.hadoop.ipc.RPC$Server.call(RPC.java:1093) [hadoop-common-3.3.4.jar:?]
	at org.apache.hadoop.ipc.Server$RpcCall.run(Server.java:1043) [hadoop-common-3.3.4.jar:?]
	at org.apache.hadoop.ipc.Server$RpcCall.run(Server.java:971) [hadoop-common-3.3.4.jar:?]
	at java.security.AccessController.doPrivileged(Native Method) ~[?:1.8.0_362]
	at javax.security.auth.Subject.doAs(Subject.java:422) [?:1.8.0_362]
	at org.apache.hadoop.security.UserGroupInformation.doAs(UserGroupInformation.java:1878) [hadoop-common-3.3.4.jar:?]
	at org.apache.hadoop.ipc.Server$Handler.run(Server.java:2976) [hadoop-common-3.3.4.jar:?]
20:06:54.570 [IPC Server handler 13 on default port 37437] ERROR OMAudit - user=runner | ip=127.0.0.1 | op=GET_FILE_STATUS {volume=volume46233, bucket=bucket02547, key=level0/level3/file1, dataSize=0, replicationConfig=null} | ret=FAILURE
org.apache.hadoop.ozone.om.exceptions.OMException: Unable to get file status: volume: volume46233 bucket: bucket02547 key: level0/level3/file1
	at org.apache.hadoop.ozone.om.KeyManagerImpl.getOzoneFileStatus(KeyManagerImpl.java:1196) ~[ozone-manager-1.4.0-SNAPSHOT.jar:?]
	at org.apache.hadoop.ozone.om.KeyManagerImpl.getFileStatus(KeyManagerImpl.java:1114) ~[ozone-manager-1.4.0-SNAPSHOT.jar:?]
	at org.apache.hadoop.ozone.om.OmMetadataReader.getFileStatus(OmMetadataReader.java:288) ~[ozone-manager-1.4.0-SNAPSHOT.jar:?]
	at org.apache.hadoop.ozone.om.OzoneManager.getFileStatus(OzoneManager.java:3494) ~[ozone-manager-1.4.0-SNAPSHOT.jar:?]
	at org.apache.hadoop.ozone.protocolPB.OzoneManagerRequestHandler.getOzoneFileStatus(OzoneManagerRequestHandler.java:933) ~[ozone-manager-1.4.0-SNAPSHOT.jar:?]
	at org.apache.hadoop.ozone.protocolPB.OzoneManagerRequestHandler.handleReadRequest(OzoneManagerRequestHandler.java:238) ~[ozone-manager-1.4.0-SNAPSHOT.jar:?]
	at org.apache.hadoop.ozone.protocolPB.OzoneManagerProtocolServerSideTranslatorPB.submitReadRequestToOM(OzoneManagerProtocolServerSideTranslatorPB.java:223) ~[ozone-manager-1.4.0-SNAPSHOT.jar:?]
	at org.apache.hadoop.ozone.protocolPB.OzoneManagerProtocolServerSideTranslatorPB.processRequest(OzoneManagerProtocolServerSideTranslatorPB.java:177) ~[ozone-manager-1.4.0-SNAPSHOT.jar:?]
	at org.apache.hadoop.hdds.server.OzoneProtocolMessageDispatcher.processRequest(OzoneProtocolMessageDispatcher.java:87) [hdds-server-framework-1.4.0-SNAPSHOT.jar:?]
	at org.apache.hadoop.ozone.protocolPB.OzoneManagerProtocolServerSideTranslatorPB.submitRequest(OzoneManagerProtocolServerSideTranslatorPB.java:147) [ozone-manager-1.4.0-SNAPSHOT.jar:?]
	at org.apache.hadoop.ozone.protocol.proto.OzoneManagerProtocolProtos$OzoneManagerService$2.callBlockingMethod(OzoneManagerProtocolProtos.java) [ozone-interface-client-1.4.0-SNAPSHOT.jar:?]
	at org.apache.hadoop.ipc.ProtobufRpcEngine$Server.processCall(ProtobufRpcEngine.java:465) [hadoop-common-3.3.4.jar:?]
	at org.apache.hadoop.ipc.ProtobufRpcEngine2$Server$ProtoBufRpcInvoker.call(ProtobufRpcEngine2.java:578) [hadoop-common-3.3.4.jar:?]
	at org.apache.hadoop.ipc.ProtobufRpcEngine2$Server$ProtoBufRpcInvoker.call(ProtobufRpcEngine2.java:556) [hadoop-common-3.3.4.jar:?]
	at org.apache.hadoop.ipc.RPC$Server.call(RPC.java:1093) [hadoop-common-3.3.4.jar:?]
	at org.apache.hadoop.ipc.Server$RpcCall.run(Server.java:1043) [hadoop-common-3.3.4.jar:?]
	at org.apache.hadoop.ipc.Server$RpcCall.run(Server.java:971) [hadoop-common-3.3.4.jar:?]
	at java.security.AccessController.doPrivileged(Native Method) ~[?:1.8.0_362]
	at javax.security.auth.Subject.doAs(Subject.java:422) [?:1.8.0_362]
	at org.apache.hadoop.security.UserGroupInformation.doAs(UserGroupInformation.java:1878) [hadoop-common-3.3.4.jar:?]
	at org.apache.hadoop.ipc.Server$Handler.run(Server.java:2976) [hadoop-common-3.3.4.jar:?]
20:06:54.571 [IPC Server handler 10 on default port 37437] ERROR OMAudit - user=runner | ip=127.0.0.1 | op=GET_FILE_STATUS {volume=volume46233, bucket=bucket02547, key=level0/level3/level3/file1, dataSize=0, replicationConfig=null} | ret=FAILURE
org.apache.hadoop.ozone.om.exceptions.OMException: Unable to get file status: volume: volume46233 bucket: bucket02547 key: level0/level3/level3/file1
	at org.apache.hadoop.ozone.om.KeyManagerImpl.getOzoneFileStatus(KeyManagerImpl.java:1196) ~[ozone-manager-1.4.0-SNAPSHOT.jar:?]
	at org.apache.hadoop.ozone.om.KeyManagerImpl.getFileStatus(KeyManagerImpl.java:1114) ~[ozone-manager-1.4.0-SNAPSHOT.jar:?]
	at org.apache.hadoop.ozone.om.OmMetadataReader.getFileStatus(OmMetadataReader.java:288) ~[ozone-manager-1.4.0-SNAPSHOT.jar:?]
	at org.apache.hadoop.ozone.om.OzoneManager.getFileStatus(OzoneManager.java:3494) ~[ozone-manager-1.4.0-SNAPSHOT.jar:?]
	at org.apache.hadoop.ozone.protocolPB.OzoneManagerRequestHandler.getOzoneFileStatus(OzoneManagerRequestHandler.java:933) ~[ozone-manager-1.4.0-SNAPSHOT.jar:?]
	at org.apache.hadoop.ozone.protocolPB.OzoneManagerRequestHandler.handleReadRequest(OzoneManagerRequestHandler.java:238) ~[ozone-manager-1.4.0-SNAPSHOT.jar:?]
	at org.apache.hadoop.ozone.protocolPB.OzoneManagerProtocolServerSideTranslatorPB.submitReadRequestToOM(OzoneManagerProtocolServerSideTranslatorPB.java:223) ~[ozone-manager-1.4.0-SNAPSHOT.jar:?]
	at org.apache.hadoop.ozone.protocolPB.OzoneManagerProtocolServerSideTranslatorPB.processRequest(OzoneManagerProtocolServerSideTranslatorPB.java:177) ~[ozone-manager-1.4.0-SNAPSHOT.jar:?]
	at org.apache.hadoop.hdds.server.OzoneProtocolMessageDispatcher.processRequest(OzoneProtocolMessageDispatcher.java:87) [hdds-server-framework-1.4.0-SNAPSHOT.jar:?]
	at org.apache.hadoop.ozone.protocolPB.OzoneManagerProtocolServerSideTranslatorPB.submitRequest(OzoneManagerProtocolServerSideTranslatorPB.java:147) [ozone-manager-1.4.0-SNAPSHOT.jar:?]
	at org.apache.hadoop.ozone.protocol.proto.OzoneManagerProtocolProtos$OzoneManagerService$2.callBlockingMethod(OzoneManagerProtocolProtos.java) [ozone-interface-client-1.4.0-SNAPSHOT.jar:?]
	at org.apache.hadoop.ipc.ProtobufRpcEngine$Server.processCall(ProtobufRpcEngine.java:465) [hadoop-common-3.3.4.jar:?]
	at org.apache.hadoop.ipc.ProtobufRpcEngine2$Server$ProtoBufRpcInvoker.call(ProtobufRpcEngine2.java:578) [hadoop-common-3.3.4.jar:?]
	at org.apache.hadoop.ipc.ProtobufRpcEngine2$Server$ProtoBufRpcInvoker.call(ProtobufRpcEngine2.java:556) [hadoop-common-3.3.4.jar:?]
	at org.apache.hadoop.ipc.RPC$Server.call(RPC.java:1093) [hadoop-common-3.3.4.jar:?]
	at org.apache.hadoop.ipc.Server$RpcCall.run(Server.java:1043) [hadoop-common-3.3.4.jar:?]
	at org.apache.hadoop.ipc.Server$RpcCall.run(Server.java:971) [hadoop-common-3.3.4.jar:?]
	at java.security.AccessController.doPrivileged(Native Method) ~[?:1.8.0_362]
	at javax.security.auth.Subject.doAs(Subject.java:422) [?:1.8.0_362]
	at org.apache.hadoop.security.UserGroupInformation.doAs(UserGroupInformation.java:1878) [hadoop-common-3.3.4.jar:?]
	at org.apache.hadoop.ipc.Server$Handler.run(Server.java:2976) [hadoop-common-3.3.4.jar:?]
]]></system-out>
  </testcase>
  <testcase name="testRecursiveDelete" classname="TestOzoneFileSystem" time="0.15">
    <system-out><![CDATA[2023-03-16 20:08:13,072 [IPC Server handler 2 on default port 41725] INFO  key.OMKeyRequest (OMKeyRequest.java:wrapUncommittedBlocksAsPseudoKey(838)) - Detect allocated but uncommitted blocks [{blockID={containerID=4, localID=111677748019200014}, length=4194304, offset=0, token=null, pipeline=null, createVersion=0, partNumber=0}] in key gdir1/pdir1/child.
2023-03-16 20:08:13,077 [IPC Server handler 11 on default port 41725] INFO  key.OMKeyRequest (OMKeyRequest.java:wrapUncommittedBlocksAsPseudoKey(838)) - Detect allocated but uncommitted blocks [{blockID={containerID=1, localID=111677748019200015}, length=4194304, offset=0, token=null, pipeline=null, createVersion=0, partNumber=0}] in key gdir1/pdir2/child.
2023-03-16 20:08:13,081 [IPC Server handler 9 on default port 41725] INFO  key.OMKeyRequest (OMKeyRequest.java:wrapUncommittedBlocksAsPseudoKey(838)) - Detect allocated but uncommitted blocks [{blockID={containerID=2, localID=111677748019200016}, length=4194304, offset=0, token=null, pipeline=null, createVersion=0, partNumber=0}] in key gdir1/pdir3/child.
2023-03-16 20:08:13,085 [IPC Server handler 18 on default port 41725] INFO  key.OMKeyRequest (OMKeyRequest.java:wrapUncommittedBlocksAsPseudoKey(838)) - Detect allocated but uncommitted blocks [{blockID={containerID=3, localID=111677748019200017}, length=4194304, offset=0, token=null, pipeline=null, createVersion=0, partNumber=0}] in key gdir1/pdir4/child.
2023-03-16 20:08:13,088 [IPC Server handler 3 on default port 41725] INFO  key.OMKeyRequest (OMKeyRequest.java:wrapUncommittedBlocksAsPseudoKey(838)) - Detect allocated but uncommitted blocks [{blockID={containerID=4, localID=111677748019200018}, length=4194304, offset=0, token=null, pipeline=null, createVersion=0, partNumber=0}] in key gdir1/pdir5/child.
2023-03-16 20:08:13,092 [IPC Server handler 6 on default port 41725] INFO  key.OMKeyRequest (OMKeyRequest.java:wrapUncommittedBlocksAsPseudoKey(838)) - Detect allocated but uncommitted blocks [{blockID={containerID=1, localID=111677748019200019}, length=4194304, offset=0, token=null, pipeline=null, createVersion=0, partNumber=0}] in key gdir1/pdir6/child.
2023-03-16 20:08:13,097 [IPC Server handler 12 on default port 41725] INFO  key.OMKeyRequest (OMKeyRequest.java:wrapUncommittedBlocksAsPseudoKey(838)) - Detect allocated but uncommitted blocks [{blockID={containerID=2, localID=111677748019200020}, length=4194304, offset=0, token=null, pipeline=null, createVersion=0, partNumber=0}] in key gdir1/pdir7/child.
2023-03-16 20:08:13,102 [IPC Server handler 14 on default port 41725] INFO  key.OMKeyRequest (OMKeyRequest.java:wrapUncommittedBlocksAsPseudoKey(838)) - Detect allocated but uncommitted blocks [{blockID={containerID=3, localID=111677748019200021}, length=4194304, offset=0, token=null, pipeline=null, createVersion=0, partNumber=0}] in key gdir1/pdir8/child.
2023-03-16 20:08:13,105 [IPC Server handler 10 on default port 41725] INFO  key.OMKeyRequest (OMKeyRequest.java:wrapUncommittedBlocksAsPseudoKey(838)) - Detect allocated but uncommitted blocks [{blockID={containerID=4, localID=111677748019200022}, length=4194304, offset=0, token=null, pipeline=null, createVersion=0, partNumber=0}] in key gdir1/pdir9/child.
2023-03-16 20:08:13,108 [IPC Server handler 17 on default port 41725] INFO  key.OMKeyRequest (OMKeyRequest.java:wrapUncommittedBlocksAsPseudoKey(838)) - Detect allocated but uncommitted blocks [{blockID={containerID=1, localID=111677748019200023}, length=4194304, offset=0, token=null, pipeline=null, createVersion=0, partNumber=0}] in key gdir1/pdir10/child.
20:08:13.121 [IPC Server handler 15 on default port 41725] ERROR OMAudit - user=runner | ip=127.0.0.1 | op=GET_FILE_STATUS {volume=volume10450, bucket=bucket92716, key=gdir1, dataSize=0, replicationConfig=null} | ret=FAILURE
org.apache.hadoop.ozone.om.exceptions.OMException: Unable to get file status: volume: volume10450 bucket: bucket92716 key: gdir1
	at org.apache.hadoop.ozone.om.KeyManagerImpl.getOzoneFileStatus(KeyManagerImpl.java:1196) ~[ozone-manager-1.4.0-SNAPSHOT.jar:?]
	at org.apache.hadoop.ozone.om.KeyManagerImpl.getFileStatus(KeyManagerImpl.java:1114) ~[ozone-manager-1.4.0-SNAPSHOT.jar:?]
	at org.apache.hadoop.ozone.om.OmMetadataReader.getFileStatus(OmMetadataReader.java:288) ~[ozone-manager-1.4.0-SNAPSHOT.jar:?]
	at org.apache.hadoop.ozone.om.OzoneManager.getFileStatus(OzoneManager.java:3494) ~[ozone-manager-1.4.0-SNAPSHOT.jar:?]
	at org.apache.hadoop.ozone.protocolPB.OzoneManagerRequestHandler.getOzoneFileStatus(OzoneManagerRequestHandler.java:933) ~[ozone-manager-1.4.0-SNAPSHOT.jar:?]
	at org.apache.hadoop.ozone.protocolPB.OzoneManagerRequestHandler.handleReadRequest(OzoneManagerRequestHandler.java:238) ~[ozone-manager-1.4.0-SNAPSHOT.jar:?]
	at org.apache.hadoop.ozone.protocolPB.OzoneManagerProtocolServerSideTranslatorPB.submitRequestDirectlyToOM(OzoneManagerProtocolServerSideTranslatorPB.java:272) ~[ozone-manager-1.4.0-SNAPSHOT.jar:?]
	at org.apache.hadoop.ozone.protocolPB.OzoneManagerProtocolServerSideTranslatorPB.processRequest(OzoneManagerProtocolServerSideTranslatorPB.java:173) ~[ozone-manager-1.4.0-SNAPSHOT.jar:?]
	at org.apache.hadoop.hdds.server.OzoneProtocolMessageDispatcher.processRequest(OzoneProtocolMessageDispatcher.java:87) [hdds-server-framework-1.4.0-SNAPSHOT.jar:?]
	at org.apache.hadoop.ozone.protocolPB.OzoneManagerProtocolServerSideTranslatorPB.submitRequest(OzoneManagerProtocolServerSideTranslatorPB.java:147) [ozone-manager-1.4.0-SNAPSHOT.jar:?]
	at org.apache.hadoop.ozone.protocol.proto.OzoneManagerProtocolProtos$OzoneManagerService$2.callBlockingMethod(OzoneManagerProtocolProtos.java) [ozone-interface-client-1.4.0-SNAPSHOT.jar:?]
	at org.apache.hadoop.ipc.ProtobufRpcEngine$Server.processCall(ProtobufRpcEngine.java:465) [hadoop-common-3.3.4.jar:?]
	at org.apache.hadoop.ipc.ProtobufRpcEngine2$Server$ProtoBufRpcInvoker.call(ProtobufRpcEngine2.java:578) [hadoop-common-3.3.4.jar:?]
	at org.apache.hadoop.ipc.ProtobufRpcEngine2$Server$ProtoBufRpcInvoker.call(ProtobufRpcEngine2.java:556) [hadoop-common-3.3.4.jar:?]
	at org.apache.hadoop.ipc.RPC$Server.call(RPC.java:1093) [hadoop-common-3.3.4.jar:?]
	at org.apache.hadoop.ipc.Server$RpcCall.run(Server.java:1043) [hadoop-common-3.3.4.jar:?]
	at org.apache.hadoop.ipc.Server$RpcCall.run(Server.java:971) [hadoop-common-3.3.4.jar:?]
	at java.security.AccessController.doPrivileged(Native Method) ~[?:1.8.0_362]
	at javax.security.auth.Subject.doAs(Subject.java:422) [?:1.8.0_362]
	at org.apache.hadoop.security.UserGroupInformation.doAs(UserGroupInformation.java:1878) [hadoop-common-3.3.4.jar:?]
	at org.apache.hadoop.ipc.Server$Handler.run(Server.java:2976) [hadoop-common-3.3.4.jar:?]
20:08:13.122 [IPC Server handler 17 on default port 41725] ERROR OMAudit - user=runner | ip=127.0.0.1 | op=GET_FILE_STATUS {volume=volume10450, bucket=bucket92716, key=gdir1/dir1, dataSize=0, replicationConfig=null} | ret=FAILURE
org.apache.hadoop.ozone.om.exceptions.OMException: Unable to get file status: volume: volume10450 bucket: bucket92716 key: gdir1/dir1
	at org.apache.hadoop.ozone.om.KeyManagerImpl.getOzoneFileStatus(KeyManagerImpl.java:1196) ~[ozone-manager-1.4.0-SNAPSHOT.jar:?]
	at org.apache.hadoop.ozone.om.KeyManagerImpl.getFileStatus(KeyManagerImpl.java:1114) ~[ozone-manager-1.4.0-SNAPSHOT.jar:?]
	at org.apache.hadoop.ozone.om.OmMetadataReader.getFileStatus(OmMetadataReader.java:288) ~[ozone-manager-1.4.0-SNAPSHOT.jar:?]
	at org.apache.hadoop.ozone.om.OzoneManager.getFileStatus(OzoneManager.java:3494) ~[ozone-manager-1.4.0-SNAPSHOT.jar:?]
	at org.apache.hadoop.ozone.protocolPB.OzoneManagerRequestHandler.getOzoneFileStatus(OzoneManagerRequestHandler.java:933) ~[ozone-manager-1.4.0-SNAPSHOT.jar:?]
	at org.apache.hadoop.ozone.protocolPB.OzoneManagerRequestHandler.handleReadRequest(OzoneManagerRequestHandler.java:238) ~[ozone-manager-1.4.0-SNAPSHOT.jar:?]
	at org.apache.hadoop.ozone.protocolPB.OzoneManagerProtocolServerSideTranslatorPB.submitRequestDirectlyToOM(OzoneManagerProtocolServerSideTranslatorPB.java:272) ~[ozone-manager-1.4.0-SNAPSHOT.jar:?]
	at org.apache.hadoop.ozone.protocolPB.OzoneManagerProtocolServerSideTranslatorPB.processRequest(OzoneManagerProtocolServerSideTranslatorPB.java:173) ~[ozone-manager-1.4.0-SNAPSHOT.jar:?]
	at org.apache.hadoop.hdds.server.OzoneProtocolMessageDispatcher.processRequest(OzoneProtocolMessageDispatcher.java:87) [hdds-server-framework-1.4.0-SNAPSHOT.jar:?]
	at org.apache.hadoop.ozone.protocolPB.OzoneManagerProtocolServerSideTranslatorPB.submitRequest(OzoneManagerProtocolServerSideTranslatorPB.java:147) [ozone-manager-1.4.0-SNAPSHOT.jar:?]
	at org.apache.hadoop.ozone.protocol.proto.OzoneManagerProtocolProtos$OzoneManagerService$2.callBlockingMethod(OzoneManagerProtocolProtos.java) [ozone-interface-client-1.4.0-SNAPSHOT.jar:?]
	at org.apache.hadoop.ipc.ProtobufRpcEngine$Server.processCall(ProtobufRpcEngine.java:465) [hadoop-common-3.3.4.jar:?]
	at org.apache.hadoop.ipc.ProtobufRpcEngine2$Server$ProtoBufRpcInvoker.call(ProtobufRpcEngine2.java:578) [hadoop-common-3.3.4.jar:?]
	at org.apache.hadoop.ipc.ProtobufRpcEngine2$Server$ProtoBufRpcInvoker.call(ProtobufRpcEngine2.java:556) [hadoop-common-3.3.4.jar:?]
	at org.apache.hadoop.ipc.RPC$Server.call(RPC.java:1093) [hadoop-common-3.3.4.jar:?]
	at org.apache.hadoop.ipc.Server$RpcCall.run(Server.java:1043) [hadoop-common-3.3.4.jar:?]
	at org.apache.hadoop.ipc.Server$RpcCall.run(Server.java:971) [hadoop-common-3.3.4.jar:?]
	at java.security.AccessController.doPrivileged(Native Method) ~[?:1.8.0_362]
	at javax.security.auth.Subject.doAs(Subject.java:422) [?:1.8.0_362]
	at org.apache.hadoop.security.UserGroupInformation.doAs(UserGroupInformation.java:1878) [hadoop-common-3.3.4.jar:?]
	at org.apache.hadoop.ipc.Server$Handler.run(Server.java:2976) [hadoop-common-3.3.4.jar:?]
20:08:13.124 [IPC Server handler 1 on default port 41725] ERROR OMAudit - user=runner | ip=127.0.0.1 | op=GET_FILE_STATUS {volume=volume10450, bucket=bucket92716, key=gdir1/dir1/child, dataSize=0, replicationConfig=null} | ret=FAILURE
org.apache.hadoop.ozone.om.exceptions.OMException: Unable to get file status: volume: volume10450 bucket: bucket92716 key: gdir1/dir1/child
	at org.apache.hadoop.ozone.om.KeyManagerImpl.getOzoneFileStatus(KeyManagerImpl.java:1196) ~[ozone-manager-1.4.0-SNAPSHOT.jar:?]
	at org.apache.hadoop.ozone.om.KeyManagerImpl.getFileStatus(KeyManagerImpl.java:1114) ~[ozone-manager-1.4.0-SNAPSHOT.jar:?]
	at org.apache.hadoop.ozone.om.OmMetadataReader.getFileStatus(OmMetadataReader.java:288) ~[ozone-manager-1.4.0-SNAPSHOT.jar:?]
	at org.apache.hadoop.ozone.om.OzoneManager.getFileStatus(OzoneManager.java:3494) ~[ozone-manager-1.4.0-SNAPSHOT.jar:?]
	at org.apache.hadoop.ozone.protocolPB.OzoneManagerRequestHandler.getOzoneFileStatus(OzoneManagerRequestHandler.java:933) ~[ozone-manager-1.4.0-SNAPSHOT.jar:?]
	at org.apache.hadoop.ozone.protocolPB.OzoneManagerRequestHandler.handleReadRequest(OzoneManagerRequestHandler.java:238) ~[ozone-manager-1.4.0-SNAPSHOT.jar:?]
	at org.apache.hadoop.ozone.protocolPB.OzoneManagerProtocolServerSideTranslatorPB.submitRequestDirectlyToOM(OzoneManagerProtocolServerSideTranslatorPB.java:272) ~[ozone-manager-1.4.0-SNAPSHOT.jar:?]
	at org.apache.hadoop.ozone.protocolPB.OzoneManagerProtocolServerSideTranslatorPB.processRequest(OzoneManagerProtocolServerSideTranslatorPB.java:173) ~[ozone-manager-1.4.0-SNAPSHOT.jar:?]
	at org.apache.hadoop.hdds.server.OzoneProtocolMessageDispatcher.processRequest(OzoneProtocolMessageDispatcher.java:87) [hdds-server-framework-1.4.0-SNAPSHOT.jar:?]
	at org.apache.hadoop.ozone.protocolPB.OzoneManagerProtocolServerSideTranslatorPB.submitRequest(OzoneManagerProtocolServerSideTranslatorPB.java:147) [ozone-manager-1.4.0-SNAPSHOT.jar:?]
	at org.apache.hadoop.ozone.protocol.proto.OzoneManagerProtocolProtos$OzoneManagerService$2.callBlockingMethod(OzoneManagerProtocolProtos.java) [ozone-interface-client-1.4.0-SNAPSHOT.jar:?]
	at org.apache.hadoop.ipc.ProtobufRpcEngine$Server.processCall(ProtobufRpcEngine.java:465) [hadoop-common-3.3.4.jar:?]
	at org.apache.hadoop.ipc.ProtobufRpcEngine2$Server$ProtoBufRpcInvoker.call(ProtobufRpcEngine2.java:578) [hadoop-common-3.3.4.jar:?]
	at org.apache.hadoop.ipc.ProtobufRpcEngine2$Server$ProtoBufRpcInvoker.call(ProtobufRpcEngine2.java:556) [hadoop-common-3.3.4.jar:?]
	at org.apache.hadoop.ipc.RPC$Server.call(RPC.java:1093) [hadoop-common-3.3.4.jar:?]
	at org.apache.hadoop.ipc.Server$RpcCall.run(Server.java:1043) [hadoop-common-3.3.4.jar:?]
	at org.apache.hadoop.ipc.Server$RpcCall.run(Server.java:971) [hadoop-common-3.3.4.jar:?]
	at java.security.AccessController.doPrivileged(Native Method) ~[?:1.8.0_362]
	at javax.security.auth.Subject.doAs(Subject.java:422) [?:1.8.0_362]
	at org.apache.hadoop.security.UserGroupInformation.doAs(UserGroupInformation.java:1878) [hadoop-common-3.3.4.jar:?]
	at org.apache.hadoop.ipc.Server$Handler.run(Server.java:2976) [hadoop-common-3.3.4.jar:?]
20:08:13.125 [IPC Server handler 2 on default port 41725] ERROR OMAudit - user=runner | ip=127.0.0.1 | op=GET_FILE_STATUS {volume=volume10450, bucket=bucket92716, key=gdir1/dir2, dataSize=0, replicationConfig=null} | ret=FAILURE
org.apache.hadoop.ozone.om.exceptions.OMException: Unable to get file status: volume: volume10450 bucket: bucket92716 key: gdir1/dir2
	at org.apache.hadoop.ozone.om.KeyManagerImpl.getOzoneFileStatus(KeyManagerImpl.java:1196) ~[ozone-manager-1.4.0-SNAPSHOT.jar:?]
	at org.apache.hadoop.ozone.om.KeyManagerImpl.getFileStatus(KeyManagerImpl.java:1114) ~[ozone-manager-1.4.0-SNAPSHOT.jar:?]
	at org.apache.hadoop.ozone.om.OmMetadataReader.getFileStatus(OmMetadataReader.java:288) ~[ozone-manager-1.4.0-SNAPSHOT.jar:?]
	at org.apache.hadoop.ozone.om.OzoneManager.getFileStatus(OzoneManager.java:3494) ~[ozone-manager-1.4.0-SNAPSHOT.jar:?]
	at org.apache.hadoop.ozone.protocolPB.OzoneManagerRequestHandler.getOzoneFileStatus(OzoneManagerRequestHandler.java:933) ~[ozone-manager-1.4.0-SNAPSHOT.jar:?]
	at org.apache.hadoop.ozone.protocolPB.OzoneManagerRequestHandler.handleReadRequest(OzoneManagerRequestHandler.java:238) ~[ozone-manager-1.4.0-SNAPSHOT.jar:?]
	at org.apache.hadoop.ozone.protocolPB.OzoneManagerProtocolServerSideTranslatorPB.submitRequestDirectlyToOM(OzoneManagerProtocolServerSideTranslatorPB.java:272) ~[ozone-manager-1.4.0-SNAPSHOT.jar:?]
	at org.apache.hadoop.ozone.protocolPB.OzoneManagerProtocolServerSideTranslatorPB.processRequest(OzoneManagerProtocolServerSideTranslatorPB.java:173) ~[ozone-manager-1.4.0-SNAPSHOT.jar:?]
	at org.apache.hadoop.hdds.server.OzoneProtocolMessageDispatcher.processRequest(OzoneProtocolMessageDispatcher.java:87) [hdds-server-framework-1.4.0-SNAPSHOT.jar:?]
	at org.apache.hadoop.ozone.protocolPB.OzoneManagerProtocolServerSideTranslatorPB.submitRequest(OzoneManagerProtocolServerSideTranslatorPB.java:147) [ozone-manager-1.4.0-SNAPSHOT.jar:?]
	at org.apache.hadoop.ozone.protocol.proto.OzoneManagerProtocolProtos$OzoneManagerService$2.callBlockingMethod(OzoneManagerProtocolProtos.java) [ozone-interface-client-1.4.0-SNAPSHOT.jar:?]
	at org.apache.hadoop.ipc.ProtobufRpcEngine$Server.processCall(ProtobufRpcEngine.java:465) [hadoop-common-3.3.4.jar:?]
	at org.apache.hadoop.ipc.ProtobufRpcEngine2$Server$ProtoBufRpcInvoker.call(ProtobufRpcEngine2.java:578) [hadoop-common-3.3.4.jar:?]
	at org.apache.hadoop.ipc.ProtobufRpcEngine2$Server$ProtoBufRpcInvoker.call(ProtobufRpcEngine2.java:556) [hadoop-common-3.3.4.jar:?]
	at org.apache.hadoop.ipc.RPC$Server.call(RPC.java:1093) [hadoop-common-3.3.4.jar:?]
	at org.apache.hadoop.ipc.Server$RpcCall.run(Server.java:1043) [hadoop-common-3.3.4.jar:?]
	at org.apache.hadoop.ipc.Server$RpcCall.run(Server.java:971) [hadoop-common-3.3.4.jar:?]
	at java.security.AccessController.doPrivileged(Native Method) ~[?:1.8.0_362]
	at javax.security.auth.Subject.doAs(Subject.java:422) [?:1.8.0_362]
	at org.apache.hadoop.security.UserGroupInformation.doAs(UserGroupInformation.java:1878) [hadoop-common-3.3.4.jar:?]
	at org.apache.hadoop.ipc.Server$Handler.run(Server.java:2976) [hadoop-common-3.3.4.jar:?]
20:08:13.126 [IPC Server handler 7 on default port 41725] ERROR OMAudit - user=runner | ip=127.0.0.1 | op=GET_FILE_STATUS {volume=volume10450, bucket=bucket92716, key=gdir1/dir2/child, dataSize=0, replicationConfig=null} | ret=FAILURE
org.apache.hadoop.ozone.om.exceptions.OMException: Unable to get file status: volume: volume10450 bucket: bucket92716 key: gdir1/dir2/child
	at org.apache.hadoop.ozone.om.KeyManagerImpl.getOzoneFileStatus(KeyManagerImpl.java:1196) ~[ozone-manager-1.4.0-SNAPSHOT.jar:?]
	at org.apache.hadoop.ozone.om.KeyManagerImpl.getFileStatus(KeyManagerImpl.java:1114) ~[ozone-manager-1.4.0-SNAPSHOT.jar:?]
	at org.apache.hadoop.ozone.om.OmMetadataReader.getFileStatus(OmMetadataReader.java:288) ~[ozone-manager-1.4.0-SNAPSHOT.jar:?]
	at org.apache.hadoop.ozone.om.OzoneManager.getFileStatus(OzoneManager.java:3494) ~[ozone-manager-1.4.0-SNAPSHOT.jar:?]
	at org.apache.hadoop.ozone.protocolPB.OzoneManagerRequestHandler.getOzoneFileStatus(OzoneManagerRequestHandler.java:933) ~[ozone-manager-1.4.0-SNAPSHOT.jar:?]
	at org.apache.hadoop.ozone.protocolPB.OzoneManagerRequestHandler.handleReadRequest(OzoneManagerRequestHandler.java:238) ~[ozone-manager-1.4.0-SNAPSHOT.jar:?]
	at org.apache.hadoop.ozone.protocolPB.OzoneManagerProtocolServerSideTranslatorPB.submitRequestDirectlyToOM(OzoneManagerProtocolServerSideTranslatorPB.java:272) ~[ozone-manager-1.4.0-SNAPSHOT.jar:?]
	at org.apache.hadoop.ozone.protocolPB.OzoneManagerProtocolServerSideTranslatorPB.processRequest(OzoneManagerProtocolServerSideTranslatorPB.java:173) ~[ozone-manager-1.4.0-SNAPSHOT.jar:?]
	at org.apache.hadoop.hdds.server.OzoneProtocolMessageDispatcher.processRequest(OzoneProtocolMessageDispatcher.java:87) [hdds-server-framework-1.4.0-SNAPSHOT.jar:?]
	at org.apache.hadoop.ozone.protocolPB.OzoneManagerProtocolServerSideTranslatorPB.submitRequest(OzoneManagerProtocolServerSideTranslatorPB.java:147) [ozone-manager-1.4.0-SNAPSHOT.jar:?]
	at org.apache.hadoop.ozone.protocol.proto.OzoneManagerProtocolProtos$OzoneManagerService$2.callBlockingMethod(OzoneManagerProtocolProtos.java) [ozone-interface-client-1.4.0-SNAPSHOT.jar:?]
	at org.apache.hadoop.ipc.ProtobufRpcEngine$Server.processCall(ProtobufRpcEngine.java:465) [hadoop-common-3.3.4.jar:?]
	at org.apache.hadoop.ipc.ProtobufRpcEngine2$Server$ProtoBufRpcInvoker.call(ProtobufRpcEngine2.java:578) [hadoop-common-3.3.4.jar:?]
	at org.apache.hadoop.ipc.ProtobufRpcEngine2$Server$ProtoBufRpcInvoker.call(ProtobufRpcEngine2.java:556) [hadoop-common-3.3.4.jar:?]
	at org.apache.hadoop.ipc.RPC$Server.call(RPC.java:1093) [hadoop-common-3.3.4.jar:?]
	at org.apache.hadoop.ipc.Server$RpcCall.run(Server.java:1043) [hadoop-common-3.3.4.jar:?]
	at org.apache.hadoop.ipc.Server$RpcCall.run(Server.java:971) [hadoop-common-3.3.4.jar:?]
	at java.security.AccessController.doPrivileged(Native Method) ~[?:1.8.0_362]
	at javax.security.auth.Subject.doAs(Subject.java:422) [?:1.8.0_362]
	at org.apache.hadoop.security.UserGroupInformation.doAs(UserGroupInformation.java:1878) [hadoop-common-3.3.4.jar:?]
	at org.apache.hadoop.ipc.Server$Handler.run(Server.java:2976) [hadoop-common-3.3.4.jar:?]
20:08:13.127 [IPC Server handler 11 on default port 41725] ERROR OMAudit - user=runner | ip=127.0.0.1 | op=GET_FILE_STATUS {volume=volume10450, bucket=bucket92716, key=gdir1/dir3, dataSize=0, replicationConfig=null} | ret=FAILURE
org.apache.hadoop.ozone.om.exceptions.OMException: Unable to get file status: volume: volume10450 bucket: bucket92716 key: gdir1/dir3
	at org.apache.hadoop.ozone.om.KeyManagerImpl.getOzoneFileStatus(KeyManagerImpl.java:1196) ~[ozone-manager-1.4.0-SNAPSHOT.jar:?]
	at org.apache.hadoop.ozone.om.KeyManagerImpl.getFileStatus(KeyManagerImpl.java:1114) ~[ozone-manager-1.4.0-SNAPSHOT.jar:?]
	at org.apache.hadoop.ozone.om.OmMetadataReader.getFileStatus(OmMetadataReader.java:288) ~[ozone-manager-1.4.0-SNAPSHOT.jar:?]
	at org.apache.hadoop.ozone.om.OzoneManager.getFileStatus(OzoneManager.java:3494) ~[ozone-manager-1.4.0-SNAPSHOT.jar:?]
	at org.apache.hadoop.ozone.protocolPB.OzoneManagerRequestHandler.getOzoneFileStatus(OzoneManagerRequestHandler.java:933) ~[ozone-manager-1.4.0-SNAPSHOT.jar:?]
	at org.apache.hadoop.ozone.protocolPB.OzoneManagerRequestHandler.handleReadRequest(OzoneManagerRequestHandler.java:238) ~[ozone-manager-1.4.0-SNAPSHOT.jar:?]
	at org.apache.hadoop.ozone.protocolPB.OzoneManagerProtocolServerSideTranslatorPB.submitRequestDirectlyToOM(OzoneManagerProtocolServerSideTranslatorPB.java:272) ~[ozone-manager-1.4.0-SNAPSHOT.jar:?]
	at org.apache.hadoop.ozone.protocolPB.OzoneManagerProtocolServerSideTranslatorPB.processRequest(OzoneManagerProtocolServerSideTranslatorPB.java:173) ~[ozone-manager-1.4.0-SNAPSHOT.jar:?]
	at org.apache.hadoop.hdds.server.OzoneProtocolMessageDispatcher.processRequest(OzoneProtocolMessageDispatcher.java:87) [hdds-server-framework-1.4.0-SNAPSHOT.jar:?]
	at org.apache.hadoop.ozone.protocolPB.OzoneManagerProtocolServerSideTranslatorPB.submitRequest(OzoneManagerProtocolServerSideTranslatorPB.java:147) [ozone-manager-1.4.0-SNAPSHOT.jar:?]
	at org.apache.hadoop.ozone.protocol.proto.OzoneManagerProtocolProtos$OzoneManagerService$2.callBlockingMethod(OzoneManagerProtocolProtos.java) [ozone-interface-client-1.4.0-SNAPSHOT.jar:?]
	at org.apache.hadoop.ipc.ProtobufRpcEngine$Server.processCall(ProtobufRpcEngine.java:465) [hadoop-common-3.3.4.jar:?]
	at org.apache.hadoop.ipc.ProtobufRpcEngine2$Server$ProtoBufRpcInvoker.call(ProtobufRpcEngine2.java:578) [hadoop-common-3.3.4.jar:?]
	at org.apache.hadoop.ipc.ProtobufRpcEngine2$Server$ProtoBufRpcInvoker.call(ProtobufRpcEngine2.java:556) [hadoop-common-3.3.4.jar:?]
	at org.apache.hadoop.ipc.RPC$Server.call(RPC.java:1093) [hadoop-common-3.3.4.jar:?]
	at org.apache.hadoop.ipc.Server$RpcCall.run(Server.java:1043) [hadoop-common-3.3.4.jar:?]
	at org.apache.hadoop.ipc.Server$RpcCall.run(Server.java:971) [hadoop-common-3.3.4.jar:?]
	at java.security.AccessController.doPrivileged(Native Method) ~[?:1.8.0_362]
	at javax.security.auth.Subject.doAs(Subject.java:422) [?:1.8.0_362]
	at org.apache.hadoop.security.UserGroupInformation.doAs(UserGroupInformation.java:1878) [hadoop-common-3.3.4.jar:?]
	at org.apache.hadoop.ipc.Server$Handler.run(Server.java:2976) [hadoop-common-3.3.4.jar:?]
20:08:13.128 [IPC Server handler 13 on default port 41725] ERROR OMAudit - user=runner | ip=127.0.0.1 | op=GET_FILE_STATUS {volume=volume10450, bucket=bucket92716, key=gdir1/dir3/child, dataSize=0, replicationConfig=null} | ret=FAILURE
org.apache.hadoop.ozone.om.exceptions.OMException: Unable to get file status: volume: volume10450 bucket: bucket92716 key: gdir1/dir3/child
	at org.apache.hadoop.ozone.om.KeyManagerImpl.getOzoneFileStatus(KeyManagerImpl.java:1196) ~[ozone-manager-1.4.0-SNAPSHOT.jar:?]
	at org.apache.hadoop.ozone.om.KeyManagerImpl.getFileStatus(KeyManagerImpl.java:1114) ~[ozone-manager-1.4.0-SNAPSHOT.jar:?]
	at org.apache.hadoop.ozone.om.OmMetadataReader.getFileStatus(OmMetadataReader.java:288) ~[ozone-manager-1.4.0-SNAPSHOT.jar:?]
	at org.apache.hadoop.ozone.om.OzoneManager.getFileStatus(OzoneManager.java:3494) ~[ozone-manager-1.4.0-SNAPSHOT.jar:?]
	at org.apache.hadoop.ozone.protocolPB.OzoneManagerRequestHandler.getOzoneFileStatus(OzoneManagerRequestHandler.java:933) ~[ozone-manager-1.4.0-SNAPSHOT.jar:?]
	at org.apache.hadoop.ozone.protocolPB.OzoneManagerRequestHandler.handleReadRequest(OzoneManagerRequestHandler.java:238) ~[ozone-manager-1.4.0-SNAPSHOT.jar:?]
	at org.apache.hadoop.ozone.protocolPB.OzoneManagerProtocolServerSideTranslatorPB.submitRequestDirectlyToOM(OzoneManagerProtocolServerSideTranslatorPB.java:272) ~[ozone-manager-1.4.0-SNAPSHOT.jar:?]
	at org.apache.hadoop.ozone.protocolPB.OzoneManagerProtocolServerSideTranslatorPB.processRequest(OzoneManagerProtocolServerSideTranslatorPB.java:173) ~[ozone-manager-1.4.0-SNAPSHOT.jar:?]
	at org.apache.hadoop.hdds.server.OzoneProtocolMessageDispatcher.processRequest(OzoneProtocolMessageDispatcher.java:87) [hdds-server-framework-1.4.0-SNAPSHOT.jar:?]
	at org.apache.hadoop.ozone.protocolPB.OzoneManagerProtocolServerSideTranslatorPB.submitRequest(OzoneManagerProtocolServerSideTranslatorPB.java:147) [ozone-manager-1.4.0-SNAPSHOT.jar:?]
	at org.apache.hadoop.ozone.protocol.proto.OzoneManagerProtocolProtos$OzoneManagerService$2.callBlockingMethod(OzoneManagerProtocolProtos.java) [ozone-interface-client-1.4.0-SNAPSHOT.jar:?]
	at org.apache.hadoop.ipc.ProtobufRpcEngine$Server.processCall(ProtobufRpcEngine.java:465) [hadoop-common-3.3.4.jar:?]
	at org.apache.hadoop.ipc.ProtobufRpcEngine2$Server$ProtoBufRpcInvoker.call(ProtobufRpcEngine2.java:578) [hadoop-common-3.3.4.jar:?]
	at org.apache.hadoop.ipc.ProtobufRpcEngine2$Server$ProtoBufRpcInvoker.call(ProtobufRpcEngine2.java:556) [hadoop-common-3.3.4.jar:?]
	at org.apache.hadoop.ipc.RPC$Server.call(RPC.java:1093) [hadoop-common-3.3.4.jar:?]
	at org.apache.hadoop.ipc.Server$RpcCall.run(Server.java:1043) [hadoop-common-3.3.4.jar:?]
	at org.apache.hadoop.ipc.Server$RpcCall.run(Server.java:971) [hadoop-common-3.3.4.jar:?]
	at java.security.AccessController.doPrivileged(Native Method) ~[?:1.8.0_362]
	at javax.security.auth.Subject.doAs(Subject.java:422) [?:1.8.0_362]
	at org.apache.hadoop.security.UserGroupInformation.doAs(UserGroupInformation.java:1878) [hadoop-common-3.3.4.jar:?]
	at org.apache.hadoop.ipc.Server$Handler.run(Server.java:2976) [hadoop-common-3.3.4.jar:?]
20:08:13.129 [IPC Server handler 9 on default port 41725] ERROR OMAudit - user=runner | ip=127.0.0.1 | op=GET_FILE_STATUS {volume=volume10450, bucket=bucket92716, key=gdir1/dir4, dataSize=0, replicationConfig=null} | ret=FAILURE
org.apache.hadoop.ozone.om.exceptions.OMException: Unable to get file status: volume: volume10450 bucket: bucket92716 key: gdir1/dir4
	at org.apache.hadoop.ozone.om.KeyManagerImpl.getOzoneFileStatus(KeyManagerImpl.java:1196) ~[ozone-manager-1.4.0-SNAPSHOT.jar:?]
	at org.apache.hadoop.ozone.om.KeyManagerImpl.getFileStatus(KeyManagerImpl.java:1114) ~[ozone-manager-1.4.0-SNAPSHOT.jar:?]
	at org.apache.hadoop.ozone.om.OmMetadataReader.getFileStatus(OmMetadataReader.java:288) ~[ozone-manager-1.4.0-SNAPSHOT.jar:?]
	at org.apache.hadoop.ozone.om.OzoneManager.getFileStatus(OzoneManager.java:3494) ~[ozone-manager-1.4.0-SNAPSHOT.jar:?]
	at org.apache.hadoop.ozone.protocolPB.OzoneManagerRequestHandler.getOzoneFileStatus(OzoneManagerRequestHandler.java:933) ~[ozone-manager-1.4.0-SNAPSHOT.jar:?]
	at org.apache.hadoop.ozone.protocolPB.OzoneManagerRequestHandler.handleReadRequest(OzoneManagerRequestHandler.java:238) ~[ozone-manager-1.4.0-SNAPSHOT.jar:?]
	at org.apache.hadoop.ozone.protocolPB.OzoneManagerProtocolServerSideTranslatorPB.submitRequestDirectlyToOM(OzoneManagerProtocolServerSideTranslatorPB.java:272) ~[ozone-manager-1.4.0-SNAPSHOT.jar:?]
	at org.apache.hadoop.ozone.protocolPB.OzoneManagerProtocolServerSideTranslatorPB.processRequest(OzoneManagerProtocolServerSideTranslatorPB.java:173) ~[ozone-manager-1.4.0-SNAPSHOT.jar:?]
	at org.apache.hadoop.hdds.server.OzoneProtocolMessageDispatcher.processRequest(OzoneProtocolMessageDispatcher.java:87) [hdds-server-framework-1.4.0-SNAPSHOT.jar:?]
	at org.apache.hadoop.ozone.protocolPB.OzoneManagerProtocolServerSideTranslatorPB.submitRequest(OzoneManagerProtocolServerSideTranslatorPB.java:147) [ozone-manager-1.4.0-SNAPSHOT.jar:?]
	at org.apache.hadoop.ozone.protocol.proto.OzoneManagerProtocolProtos$OzoneManagerService$2.callBlockingMethod(OzoneManagerProtocolProtos.java) [ozone-interface-client-1.4.0-SNAPSHOT.jar:?]
	at org.apache.hadoop.ipc.ProtobufRpcEngine$Server.processCall(ProtobufRpcEngine.java:465) [hadoop-common-3.3.4.jar:?]
	at org.apache.hadoop.ipc.ProtobufRpcEngine2$Server$ProtoBufRpcInvoker.call(ProtobufRpcEngine2.java:578) [hadoop-common-3.3.4.jar:?]
	at org.apache.hadoop.ipc.ProtobufRpcEngine2$Server$ProtoBufRpcInvoker.call(ProtobufRpcEngine2.java:556) [hadoop-common-3.3.4.jar:?]
	at org.apache.hadoop.ipc.RPC$Server.call(RPC.java:1093) [hadoop-common-3.3.4.jar:?]
	at org.apache.hadoop.ipc.Server$RpcCall.run(Server.java:1043) [hadoop-common-3.3.4.jar:?]
	at org.apache.hadoop.ipc.Server$RpcCall.run(Server.java:971) [hadoop-common-3.3.4.jar:?]
	at java.security.AccessController.doPrivileged(Native Method) ~[?:1.8.0_362]
	at javax.security.auth.Subject.doAs(Subject.java:422) [?:1.8.0_362]
	at org.apache.hadoop.security.UserGroupInformation.doAs(UserGroupInformation.java:1878) [hadoop-common-3.3.4.jar:?]
	at org.apache.hadoop.ipc.Server$Handler.run(Server.java:2976) [hadoop-common-3.3.4.jar:?]
20:08:13.130 [IPC Server handler 16 on default port 41725] ERROR OMAudit - user=runner | ip=127.0.0.1 | op=GET_FILE_STATUS {volume=volume10450, bucket=bucket92716, key=gdir1/dir4/child, dataSize=0, replicationConfig=null} | ret=FAILURE
org.apache.hadoop.ozone.om.exceptions.OMException: Unable to get file status: volume: volume10450 bucket: bucket92716 key: gdir1/dir4/child
	at org.apache.hadoop.ozone.om.KeyManagerImpl.getOzoneFileStatus(KeyManagerImpl.java:1196) ~[ozone-manager-1.4.0-SNAPSHOT.jar:?]
	at org.apache.hadoop.ozone.om.KeyManagerImpl.getFileStatus(KeyManagerImpl.java:1114) ~[ozone-manager-1.4.0-SNAPSHOT.jar:?]
	at org.apache.hadoop.ozone.om.OmMetadataReader.getFileStatus(OmMetadataReader.java:288) ~[ozone-manager-1.4.0-SNAPSHOT.jar:?]
	at org.apache.hadoop.ozone.om.OzoneManager.getFileStatus(OzoneManager.java:3494) ~[ozone-manager-1.4.0-SNAPSHOT.jar:?]
	at org.apache.hadoop.ozone.protocolPB.OzoneManagerRequestHandler.getOzoneFileStatus(OzoneManagerRequestHandler.java:933) ~[ozone-manager-1.4.0-SNAPSHOT.jar:?]
	at org.apache.hadoop.ozone.protocolPB.OzoneManagerRequestHandler.handleReadRequest(OzoneManagerRequestHandler.java:238) ~[ozone-manager-1.4.0-SNAPSHOT.jar:?]
	at org.apache.hadoop.ozone.protocolPB.OzoneManagerProtocolServerSideTranslatorPB.submitRequestDirectlyToOM(OzoneManagerProtocolServerSideTranslatorPB.java:272) ~[ozone-manager-1.4.0-SNAPSHOT.jar:?]
	at org.apache.hadoop.ozone.protocolPB.OzoneManagerProtocolServerSideTranslatorPB.processRequest(OzoneManagerProtocolServerSideTranslatorPB.java:173) ~[ozone-manager-1.4.0-SNAPSHOT.jar:?]
	at org.apache.hadoop.hdds.server.OzoneProtocolMessageDispatcher.processRequest(OzoneProtocolMessageDispatcher.java:87) [hdds-server-framework-1.4.0-SNAPSHOT.jar:?]
	at org.apache.hadoop.ozone.protocolPB.OzoneManagerProtocolServerSideTranslatorPB.submitRequest(OzoneManagerProtocolServerSideTranslatorPB.java:147) [ozone-manager-1.4.0-SNAPSHOT.jar:?]
	at org.apache.hadoop.ozone.protocol.proto.OzoneManagerProtocolProtos$OzoneManagerService$2.callBlockingMethod(OzoneManagerProtocolProtos.java) [ozone-interface-client-1.4.0-SNAPSHOT.jar:?]
	at org.apache.hadoop.ipc.ProtobufRpcEngine$Server.processCall(ProtobufRpcEngine.java:465) [hadoop-common-3.3.4.jar:?]
	at org.apache.hadoop.ipc.ProtobufRpcEngine2$Server$ProtoBufRpcInvoker.call(ProtobufRpcEngine2.java:578) [hadoop-common-3.3.4.jar:?]
	at org.apache.hadoop.ipc.ProtobufRpcEngine2$Server$ProtoBufRpcInvoker.call(ProtobufRpcEngine2.java:556) [hadoop-common-3.3.4.jar:?]
	at org.apache.hadoop.ipc.RPC$Server.call(RPC.java:1093) [hadoop-common-3.3.4.jar:?]
	at org.apache.hadoop.ipc.Server$RpcCall.run(Server.java:1043) [hadoop-common-3.3.4.jar:?]
	at org.apache.hadoop.ipc.Server$RpcCall.run(Server.java:971) [hadoop-common-3.3.4.jar:?]
	at java.security.AccessController.doPrivileged(Native Method) ~[?:1.8.0_362]
	at javax.security.auth.Subject.doAs(Subject.java:422) [?:1.8.0_362]
	at org.apache.hadoop.security.UserGroupInformation.doAs(UserGroupInformation.java:1878) [hadoop-common-3.3.4.jar:?]
	at org.apache.hadoop.ipc.Server$Handler.run(Server.java:2976) [hadoop-common-3.3.4.jar:?]
20:08:13.133 [IPC Server handler 18 on default port 41725] ERROR OMAudit - user=runner | ip=127.0.0.1 | op=GET_FILE_STATUS {volume=volume10450, bucket=bucket92716, key=gdir1/dir5, dataSize=0, replicationConfig=null} | ret=FAILURE
org.apache.hadoop.ozone.om.exceptions.OMException: Unable to get file status: volume: volume10450 bucket: bucket92716 key: gdir1/dir5
	at org.apache.hadoop.ozone.om.KeyManagerImpl.getOzoneFileStatus(KeyManagerImpl.java:1196) ~[ozone-manager-1.4.0-SNAPSHOT.jar:?]
	at org.apache.hadoop.ozone.om.KeyManagerImpl.getFileStatus(KeyManagerImpl.java:1114) ~[ozone-manager-1.4.0-SNAPSHOT.jar:?]
	at org.apache.hadoop.ozone.om.OmMetadataReader.getFileStatus(OmMetadataReader.java:288) ~[ozone-manager-1.4.0-SNAPSHOT.jar:?]
	at org.apache.hadoop.ozone.om.OzoneManager.getFileStatus(OzoneManager.java:3494) ~[ozone-manager-1.4.0-SNAPSHOT.jar:?]
	at org.apache.hadoop.ozone.protocolPB.OzoneManagerRequestHandler.getOzoneFileStatus(OzoneManagerRequestHandler.java:933) ~[ozone-manager-1.4.0-SNAPSHOT.jar:?]
	at org.apache.hadoop.ozone.protocolPB.OzoneManagerRequestHandler.handleReadRequest(OzoneManagerRequestHandler.java:238) ~[ozone-manager-1.4.0-SNAPSHOT.jar:?]
	at org.apache.hadoop.ozone.protocolPB.OzoneManagerProtocolServerSideTranslatorPB.submitRequestDirectlyToOM(OzoneManagerProtocolServerSideTranslatorPB.java:272) ~[ozone-manager-1.4.0-SNAPSHOT.jar:?]
	at org.apache.hadoop.ozone.protocolPB.OzoneManagerProtocolServerSideTranslatorPB.processRequest(OzoneManagerProtocolServerSideTranslatorPB.java:173) ~[ozone-manager-1.4.0-SNAPSHOT.jar:?]
	at org.apache.hadoop.hdds.server.OzoneProtocolMessageDispatcher.processRequest(OzoneProtocolMessageDispatcher.java:87) [hdds-server-framework-1.4.0-SNAPSHOT.jar:?]
	at org.apache.hadoop.ozone.protocolPB.OzoneManagerProtocolServerSideTranslatorPB.submitRequest(OzoneManagerProtocolServerSideTranslatorPB.java:147) [ozone-manager-1.4.0-SNAPSHOT.jar:?]
	at org.apache.hadoop.ozone.protocol.proto.OzoneManagerProtocolProtos$OzoneManagerService$2.callBlockingMethod(OzoneManagerProtocolProtos.java) [ozone-interface-client-1.4.0-SNAPSHOT.jar:?]
	at org.apache.hadoop.ipc.ProtobufRpcEngine$Server.processCall(ProtobufRpcEngine.java:465) [hadoop-common-3.3.4.jar:?]
	at org.apache.hadoop.ipc.ProtobufRpcEngine2$Server$ProtoBufRpcInvoker.call(ProtobufRpcEngine2.java:578) [hadoop-common-3.3.4.jar:?]
	at org.apache.hadoop.ipc.ProtobufRpcEngine2$Server$ProtoBufRpcInvoker.call(ProtobufRpcEngine2.java:556) [hadoop-common-3.3.4.jar:?]
	at org.apache.hadoop.ipc.RPC$Server.call(RPC.java:1093) [hadoop-common-3.3.4.jar:?]
	at org.apache.hadoop.ipc.Server$RpcCall.run(Server.java:1043) [hadoop-common-3.3.4.jar:?]
	at org.apache.hadoop.ipc.Server$RpcCall.run(Server.java:971) [hadoop-common-3.3.4.jar:?]
	at java.security.AccessController.doPrivileged(Native Method) ~[?:1.8.0_362]
	at javax.security.auth.Subject.doAs(Subject.java:422) [?:1.8.0_362]
	at org.apache.hadoop.security.UserGroupInformation.doAs(UserGroupInformation.java:1878) [hadoop-common-3.3.4.jar:?]
	at org.apache.hadoop.ipc.Server$Handler.run(Server.java:2976) [hadoop-common-3.3.4.jar:?]
20:08:13.134 [IPC Server handler 4 on default port 41725] ERROR OMAudit - user=runner | ip=127.0.0.1 | op=GET_FILE_STATUS {volume=volume10450, bucket=bucket92716, key=gdir1/dir5/child, dataSize=0, replicationConfig=null} | ret=FAILURE
org.apache.hadoop.ozone.om.exceptions.OMException: Unable to get file status: volume: volume10450 bucket: bucket92716 key: gdir1/dir5/child
	at org.apache.hadoop.ozone.om.KeyManagerImpl.getOzoneFileStatus(KeyManagerImpl.java:1196) ~[ozone-manager-1.4.0-SNAPSHOT.jar:?]
	at org.apache.hadoop.ozone.om.KeyManagerImpl.getFileStatus(KeyManagerImpl.java:1114) ~[ozone-manager-1.4.0-SNAPSHOT.jar:?]
	at org.apache.hadoop.ozone.om.OmMetadataReader.getFileStatus(OmMetadataReader.java:288) ~[ozone-manager-1.4.0-SNAPSHOT.jar:?]
	at org.apache.hadoop.ozone.om.OzoneManager.getFileStatus(OzoneManager.java:3494) ~[ozone-manager-1.4.0-SNAPSHOT.jar:?]
	at org.apache.hadoop.ozone.protocolPB.OzoneManagerRequestHandler.getOzoneFileStatus(OzoneManagerRequestHandler.java:933) ~[ozone-manager-1.4.0-SNAPSHOT.jar:?]
	at org.apache.hadoop.ozone.protocolPB.OzoneManagerRequestHandler.handleReadRequest(OzoneManagerRequestHandler.java:238) ~[ozone-manager-1.4.0-SNAPSHOT.jar:?]
	at org.apache.hadoop.ozone.protocolPB.OzoneManagerProtocolServerSideTranslatorPB.submitRequestDirectlyToOM(OzoneManagerProtocolServerSideTranslatorPB.java:272) ~[ozone-manager-1.4.0-SNAPSHOT.jar:?]
	at org.apache.hadoop.ozone.protocolPB.OzoneManagerProtocolServerSideTranslatorPB.processRequest(OzoneManagerProtocolServerSideTranslatorPB.java:173) ~[ozone-manager-1.4.0-SNAPSHOT.jar:?]
	at org.apache.hadoop.hdds.server.OzoneProtocolMessageDispatcher.processRequest(OzoneProtocolMessageDispatcher.java:87) [hdds-server-framework-1.4.0-SNAPSHOT.jar:?]
	at org.apache.hadoop.ozone.protocolPB.OzoneManagerProtocolServerSideTranslatorPB.submitRequest(OzoneManagerProtocolServerSideTranslatorPB.java:147) [ozone-manager-1.4.0-SNAPSHOT.jar:?]
	at org.apache.hadoop.ozone.protocol.proto.OzoneManagerProtocolProtos$OzoneManagerService$2.callBlockingMethod(OzoneManagerProtocolProtos.java) [ozone-interface-client-1.4.0-SNAPSHOT.jar:?]
	at org.apache.hadoop.ipc.ProtobufRpcEngine$Server.processCall(ProtobufRpcEngine.java:465) [hadoop-common-3.3.4.jar:?]
	at org.apache.hadoop.ipc.ProtobufRpcEngine2$Server$ProtoBufRpcInvoker.call(ProtobufRpcEngine2.java:578) [hadoop-common-3.3.4.jar:?]
	at org.apache.hadoop.ipc.ProtobufRpcEngine2$Server$ProtoBufRpcInvoker.call(ProtobufRpcEngine2.java:556) [hadoop-common-3.3.4.jar:?]
	at org.apache.hadoop.ipc.RPC$Server.call(RPC.java:1093) [hadoop-common-3.3.4.jar:?]
	at org.apache.hadoop.ipc.Server$RpcCall.run(Server.java:1043) [hadoop-common-3.3.4.jar:?]
	at org.apache.hadoop.ipc.Server$RpcCall.run(Server.java:971) [hadoop-common-3.3.4.jar:?]
	at java.security.AccessController.doPrivileged(Native Method) ~[?:1.8.0_362]
	at javax.security.auth.Subject.doAs(Subject.java:422) [?:1.8.0_362]
	at org.apache.hadoop.security.UserGroupInformation.doAs(UserGroupInformation.java:1878) [hadoop-common-3.3.4.jar:?]
	at org.apache.hadoop.ipc.Server$Handler.run(Server.java:2976) [hadoop-common-3.3.4.jar:?]
20:08:13.136 [IPC Server handler 3 on default port 41725] ERROR OMAudit - user=runner | ip=127.0.0.1 | op=GET_FILE_STATUS {volume=volume10450, bucket=bucket92716, key=gdir1/dir6, dataSize=0, replicationConfig=null} | ret=FAILURE
org.apache.hadoop.ozone.om.exceptions.OMException: Unable to get file status: volume: volume10450 bucket: bucket92716 key: gdir1/dir6
	at org.apache.hadoop.ozone.om.KeyManagerImpl.getOzoneFileStatus(KeyManagerImpl.java:1196) ~[ozone-manager-1.4.0-SNAPSHOT.jar:?]
	at org.apache.hadoop.ozone.om.KeyManagerImpl.getFileStatus(KeyManagerImpl.java:1114) ~[ozone-manager-1.4.0-SNAPSHOT.jar:?]
	at org.apache.hadoop.ozone.om.OmMetadataReader.getFileStatus(OmMetadataReader.java:288) ~[ozone-manager-1.4.0-SNAPSHOT.jar:?]
	at org.apache.hadoop.ozone.om.OzoneManager.getFileStatus(OzoneManager.java:3494) ~[ozone-manager-1.4.0-SNAPSHOT.jar:?]
	at org.apache.hadoop.ozone.protocolPB.OzoneManagerRequestHandler.getOzoneFileStatus(OzoneManagerRequestHandler.java:933) ~[ozone-manager-1.4.0-SNAPSHOT.jar:?]
	at org.apache.hadoop.ozone.protocolPB.OzoneManagerRequestHandler.handleReadRequest(OzoneManagerRequestHandler.java:238) ~[ozone-manager-1.4.0-SNAPSHOT.jar:?]
	at org.apache.hadoop.ozone.protocolPB.OzoneManagerProtocolServerSideTranslatorPB.submitRequestDirectlyToOM(OzoneManagerProtocolServerSideTranslatorPB.java:272) ~[ozone-manager-1.4.0-SNAPSHOT.jar:?]
	at org.apache.hadoop.ozone.protocolPB.OzoneManagerProtocolServerSideTranslatorPB.processRequest(OzoneManagerProtocolServerSideTranslatorPB.java:173) ~[ozone-manager-1.4.0-SNAPSHOT.jar:?]
	at org.apache.hadoop.hdds.server.OzoneProtocolMessageDispatcher.processRequest(OzoneProtocolMessageDispatcher.java:87) [hdds-server-framework-1.4.0-SNAPSHOT.jar:?]
	at org.apache.hadoop.ozone.protocolPB.OzoneManagerProtocolServerSideTranslatorPB.submitRequest(OzoneManagerProtocolServerSideTranslatorPB.java:147) [ozone-manager-1.4.0-SNAPSHOT.jar:?]
	at org.apache.hadoop.ozone.protocol.proto.OzoneManagerProtocolProtos$OzoneManagerService$2.callBlockingMethod(OzoneManagerProtocolProtos.java) [ozone-interface-client-1.4.0-SNAPSHOT.jar:?]
	at org.apache.hadoop.ipc.ProtobufRpcEngine$Server.processCall(ProtobufRpcEngine.java:465) [hadoop-common-3.3.4.jar:?]
	at org.apache.hadoop.ipc.ProtobufRpcEngine2$Server$ProtoBufRpcInvoker.call(ProtobufRpcEngine2.java:578) [hadoop-common-3.3.4.jar:?]
	at org.apache.hadoop.ipc.ProtobufRpcEngine2$Server$ProtoBufRpcInvoker.call(ProtobufRpcEngine2.java:556) [hadoop-common-3.3.4.jar:?]
	at org.apache.hadoop.ipc.RPC$Server.call(RPC.java:1093) [hadoop-common-3.3.4.jar:?]
	at org.apache.hadoop.ipc.Server$RpcCall.run(Server.java:1043) [hadoop-common-3.3.4.jar:?]
	at org.apache.hadoop.ipc.Server$RpcCall.run(Server.java:971) [hadoop-common-3.3.4.jar:?]
	at java.security.AccessController.doPrivileged(Native Method) ~[?:1.8.0_362]
	at javax.security.auth.Subject.doAs(Subject.java:422) [?:1.8.0_362]
	at org.apache.hadoop.security.UserGroupInformation.doAs(UserGroupInformation.java:1878) [hadoop-common-3.3.4.jar:?]
	at org.apache.hadoop.ipc.Server$Handler.run(Server.java:2976) [hadoop-common-3.3.4.jar:?]
20:08:13.137 [IPC Server handler 19 on default port 41725] ERROR OMAudit - user=runner | ip=127.0.0.1 | op=GET_FILE_STATUS {volume=volume10450, bucket=bucket92716, key=gdir1/dir6/child, dataSize=0, replicationConfig=null} | ret=FAILURE
org.apache.hadoop.ozone.om.exceptions.OMException: Unable to get file status: volume: volume10450 bucket: bucket92716 key: gdir1/dir6/child
	at org.apache.hadoop.ozone.om.KeyManagerImpl.getOzoneFileStatus(KeyManagerImpl.java:1196) ~[ozone-manager-1.4.0-SNAPSHOT.jar:?]
	at org.apache.hadoop.ozone.om.KeyManagerImpl.getFileStatus(KeyManagerImpl.java:1114) ~[ozone-manager-1.4.0-SNAPSHOT.jar:?]
	at org.apache.hadoop.ozone.om.OmMetadataReader.getFileStatus(OmMetadataReader.java:288) ~[ozone-manager-1.4.0-SNAPSHOT.jar:?]
	at org.apache.hadoop.ozone.om.OzoneManager.getFileStatus(OzoneManager.java:3494) ~[ozone-manager-1.4.0-SNAPSHOT.jar:?]
	at org.apache.hadoop.ozone.protocolPB.OzoneManagerRequestHandler.getOzoneFileStatus(OzoneManagerRequestHandler.java:933) ~[ozone-manager-1.4.0-SNAPSHOT.jar:?]
	at org.apache.hadoop.ozone.protocolPB.OzoneManagerRequestHandler.handleReadRequest(OzoneManagerRequestHandler.java:238) ~[ozone-manager-1.4.0-SNAPSHOT.jar:?]
	at org.apache.hadoop.ozone.protocolPB.OzoneManagerProtocolServerSideTranslatorPB.submitRequestDirectlyToOM(OzoneManagerProtocolServerSideTranslatorPB.java:272) ~[ozone-manager-1.4.0-SNAPSHOT.jar:?]
	at org.apache.hadoop.ozone.protocolPB.OzoneManagerProtocolServerSideTranslatorPB.processRequest(OzoneManagerProtocolServerSideTranslatorPB.java:173) ~[ozone-manager-1.4.0-SNAPSHOT.jar:?]
	at org.apache.hadoop.hdds.server.OzoneProtocolMessageDispatcher.processRequest(OzoneProtocolMessageDispatcher.java:87) [hdds-server-framework-1.4.0-SNAPSHOT.jar:?]
	at org.apache.hadoop.ozone.protocolPB.OzoneManagerProtocolServerSideTranslatorPB.submitRequest(OzoneManagerProtocolServerSideTranslatorPB.java:147) [ozone-manager-1.4.0-SNAPSHOT.jar:?]
	at org.apache.hadoop.ozone.protocol.proto.OzoneManagerProtocolProtos$OzoneManagerService$2.callBlockingMethod(OzoneManagerProtocolProtos.java) [ozone-interface-client-1.4.0-SNAPSHOT.jar:?]
	at org.apache.hadoop.ipc.ProtobufRpcEngine$Server.processCall(ProtobufRpcEngine.java:465) [hadoop-common-3.3.4.jar:?]
	at org.apache.hadoop.ipc.ProtobufRpcEngine2$Server$ProtoBufRpcInvoker.call(ProtobufRpcEngine2.java:578) [hadoop-common-3.3.4.jar:?]
	at org.apache.hadoop.ipc.ProtobufRpcEngine2$Server$ProtoBufRpcInvoker.call(ProtobufRpcEngine2.java:556) [hadoop-common-3.3.4.jar:?]
	at org.apache.hadoop.ipc.RPC$Server.call(RPC.java:1093) [hadoop-common-3.3.4.jar:?]
	at org.apache.hadoop.ipc.Server$RpcCall.run(Server.java:1043) [hadoop-common-3.3.4.jar:?]
	at org.apache.hadoop.ipc.Server$RpcCall.run(Server.java:971) [hadoop-common-3.3.4.jar:?]
	at java.security.AccessController.doPrivileged(Native Method) ~[?:1.8.0_362]
	at javax.security.auth.Subject.doAs(Subject.java:422) [?:1.8.0_362]
	at org.apache.hadoop.security.UserGroupInformation.doAs(UserGroupInformation.java:1878) [hadoop-common-3.3.4.jar:?]
	at org.apache.hadoop.ipc.Server$Handler.run(Server.java:2976) [hadoop-common-3.3.4.jar:?]
20:08:13.139 [IPC Server handler 6 on default port 41725] ERROR OMAudit - user=runner | ip=127.0.0.1 | op=GET_FILE_STATUS {volume=volume10450, bucket=bucket92716, key=gdir1/dir7, dataSize=0, replicationConfig=null} | ret=FAILURE
org.apache.hadoop.ozone.om.exceptions.OMException: Unable to get file status: volume: volume10450 bucket: bucket92716 key: gdir1/dir7
	at org.apache.hadoop.ozone.om.KeyManagerImpl.getOzoneFileStatus(KeyManagerImpl.java:1196) ~[ozone-manager-1.4.0-SNAPSHOT.jar:?]
	at org.apache.hadoop.ozone.om.KeyManagerImpl.getFileStatus(KeyManagerImpl.java:1114) ~[ozone-manager-1.4.0-SNAPSHOT.jar:?]
	at org.apache.hadoop.ozone.om.OmMetadataReader.getFileStatus(OmMetadataReader.java:288) ~[ozone-manager-1.4.0-SNAPSHOT.jar:?]
	at org.apache.hadoop.ozone.om.OzoneManager.getFileStatus(OzoneManager.java:3494) ~[ozone-manager-1.4.0-SNAPSHOT.jar:?]
	at org.apache.hadoop.ozone.protocolPB.OzoneManagerRequestHandler.getOzoneFileStatus(OzoneManagerRequestHandler.java:933) ~[ozone-manager-1.4.0-SNAPSHOT.jar:?]
	at org.apache.hadoop.ozone.protocolPB.OzoneManagerRequestHandler.handleReadRequest(OzoneManagerRequestHandler.java:238) ~[ozone-manager-1.4.0-SNAPSHOT.jar:?]
	at org.apache.hadoop.ozone.protocolPB.OzoneManagerProtocolServerSideTranslatorPB.submitRequestDirectlyToOM(OzoneManagerProtocolServerSideTranslatorPB.java:272) ~[ozone-manager-1.4.0-SNAPSHOT.jar:?]
	at org.apache.hadoop.ozone.protocolPB.OzoneManagerProtocolServerSideTranslatorPB.processRequest(OzoneManagerProtocolServerSideTranslatorPB.java:173) ~[ozone-manager-1.4.0-SNAPSHOT.jar:?]
	at org.apache.hadoop.hdds.server.OzoneProtocolMessageDispatcher.processRequest(OzoneProtocolMessageDispatcher.java:87) [hdds-server-framework-1.4.0-SNAPSHOT.jar:?]
	at org.apache.hadoop.ozone.protocolPB.OzoneManagerProtocolServerSideTranslatorPB.submitRequest(OzoneManagerProtocolServerSideTranslatorPB.java:147) [ozone-manager-1.4.0-SNAPSHOT.jar:?]
	at org.apache.hadoop.ozone.protocol.proto.OzoneManagerProtocolProtos$OzoneManagerService$2.callBlockingMethod(OzoneManagerProtocolProtos.java) [ozone-interface-client-1.4.0-SNAPSHOT.jar:?]
	at org.apache.hadoop.ipc.ProtobufRpcEngine$Server.processCall(ProtobufRpcEngine.java:465) [hadoop-common-3.3.4.jar:?]
	at org.apache.hadoop.ipc.ProtobufRpcEngine2$Server$ProtoBufRpcInvoker.call(ProtobufRpcEngine2.java:578) [hadoop-common-3.3.4.jar:?]
	at org.apache.hadoop.ipc.ProtobufRpcEngine2$Server$ProtoBufRpcInvoker.call(ProtobufRpcEngine2.java:556) [hadoop-common-3.3.4.jar:?]
	at org.apache.hadoop.ipc.RPC$Server.call(RPC.java:1093) [hadoop-common-3.3.4.jar:?]
	at org.apache.hadoop.ipc.Server$RpcCall.run(Server.java:1043) [hadoop-common-3.3.4.jar:?]
	at org.apache.hadoop.ipc.Server$RpcCall.run(Server.java:971) [hadoop-common-3.3.4.jar:?]
	at java.security.AccessController.doPrivileged(Native Method) ~[?:1.8.0_362]
	at javax.security.auth.Subject.doAs(Subject.java:422) [?:1.8.0_362]
	at org.apache.hadoop.security.UserGroupInformation.doAs(UserGroupInformation.java:1878) [hadoop-common-3.3.4.jar:?]
	at org.apache.hadoop.ipc.Server$Handler.run(Server.java:2976) [hadoop-common-3.3.4.jar:?]
20:08:13.139 [IPC Server handler 8 on default port 41725] ERROR OMAudit - user=runner | ip=127.0.0.1 | op=GET_FILE_STATUS {volume=volume10450, bucket=bucket92716, key=gdir1/dir7/child, dataSize=0, replicationConfig=null} | ret=FAILURE
org.apache.hadoop.ozone.om.exceptions.OMException: Unable to get file status: volume: volume10450 bucket: bucket92716 key: gdir1/dir7/child
	at org.apache.hadoop.ozone.om.KeyManagerImpl.getOzoneFileStatus(KeyManagerImpl.java:1196) ~[ozone-manager-1.4.0-SNAPSHOT.jar:?]
	at org.apache.hadoop.ozone.om.KeyManagerImpl.getFileStatus(KeyManagerImpl.java:1114) ~[ozone-manager-1.4.0-SNAPSHOT.jar:?]
	at org.apache.hadoop.ozone.om.OmMetadataReader.getFileStatus(OmMetadataReader.java:288) ~[ozone-manager-1.4.0-SNAPSHOT.jar:?]
	at org.apache.hadoop.ozone.om.OzoneManager.getFileStatus(OzoneManager.java:3494) ~[ozone-manager-1.4.0-SNAPSHOT.jar:?]
	at org.apache.hadoop.ozone.protocolPB.OzoneManagerRequestHandler.getOzoneFileStatus(OzoneManagerRequestHandler.java:933) ~[ozone-manager-1.4.0-SNAPSHOT.jar:?]
	at org.apache.hadoop.ozone.protocolPB.OzoneManagerRequestHandler.handleReadRequest(OzoneManagerRequestHandler.java:238) ~[ozone-manager-1.4.0-SNAPSHOT.jar:?]
	at org.apache.hadoop.ozone.protocolPB.OzoneManagerProtocolServerSideTranslatorPB.submitRequestDirectlyToOM(OzoneManagerProtocolServerSideTranslatorPB.java:272) ~[ozone-manager-1.4.0-SNAPSHOT.jar:?]
	at org.apache.hadoop.ozone.protocolPB.OzoneManagerProtocolServerSideTranslatorPB.processRequest(OzoneManagerProtocolServerSideTranslatorPB.java:173) ~[ozone-manager-1.4.0-SNAPSHOT.jar:?]
	at org.apache.hadoop.hdds.server.OzoneProtocolMessageDispatcher.processRequest(OzoneProtocolMessageDispatcher.java:87) [hdds-server-framework-1.4.0-SNAPSHOT.jar:?]
	at org.apache.hadoop.ozone.protocolPB.OzoneManagerProtocolServerSideTranslatorPB.submitRequest(OzoneManagerProtocolServerSideTranslatorPB.java:147) [ozone-manager-1.4.0-SNAPSHOT.jar:?]
	at org.apache.hadoop.ozone.protocol.proto.OzoneManagerProtocolProtos$OzoneManagerService$2.callBlockingMethod(OzoneManagerProtocolProtos.java) [ozone-interface-client-1.4.0-SNAPSHOT.jar:?]
	at org.apache.hadoop.ipc.ProtobufRpcEngine$Server.processCall(ProtobufRpcEngine.java:465) [hadoop-common-3.3.4.jar:?]
	at org.apache.hadoop.ipc.ProtobufRpcEngine2$Server$ProtoBufRpcInvoker.call(ProtobufRpcEngine2.java:578) [hadoop-common-3.3.4.jar:?]
	at org.apache.hadoop.ipc.ProtobufRpcEngine2$Server$ProtoBufRpcInvoker.call(ProtobufRpcEngine2.java:556) [hadoop-common-3.3.4.jar:?]
	at org.apache.hadoop.ipc.RPC$Server.call(RPC.java:1093) [hadoop-common-3.3.4.jar:?]
	at org.apache.hadoop.ipc.Server$RpcCall.run(Server.java:1043) [hadoop-common-3.3.4.jar:?]
	at org.apache.hadoop.ipc.Server$RpcCall.run(Server.java:971) [hadoop-common-3.3.4.jar:?]
	at java.security.AccessController.doPrivileged(Native Method) ~[?:1.8.0_362]
	at javax.security.auth.Subject.doAs(Subject.java:422) [?:1.8.0_362]
	at org.apache.hadoop.security.UserGroupInformation.doAs(UserGroupInformation.java:1878) [hadoop-common-3.3.4.jar:?]
	at org.apache.hadoop.ipc.Server$Handler.run(Server.java:2976) [hadoop-common-3.3.4.jar:?]
20:08:13.142 [IPC Server handler 12 on default port 41725] ERROR OMAudit - user=runner | ip=127.0.0.1 | op=GET_FILE_STATUS {volume=volume10450, bucket=bucket92716, key=gdir1/dir8, dataSize=0, replicationConfig=null} | ret=FAILURE
org.apache.hadoop.ozone.om.exceptions.OMException: Unable to get file status: volume: volume10450 bucket: bucket92716 key: gdir1/dir8
	at org.apache.hadoop.ozone.om.KeyManagerImpl.getOzoneFileStatus(KeyManagerImpl.java:1196) ~[ozone-manager-1.4.0-SNAPSHOT.jar:?]
	at org.apache.hadoop.ozone.om.KeyManagerImpl.getFileStatus(KeyManagerImpl.java:1114) ~[ozone-manager-1.4.0-SNAPSHOT.jar:?]
	at org.apache.hadoop.ozone.om.OmMetadataReader.getFileStatus(OmMetadataReader.java:288) ~[ozone-manager-1.4.0-SNAPSHOT.jar:?]
	at org.apache.hadoop.ozone.om.OzoneManager.getFileStatus(OzoneManager.java:3494) ~[ozone-manager-1.4.0-SNAPSHOT.jar:?]
	at org.apache.hadoop.ozone.protocolPB.OzoneManagerRequestHandler.getOzoneFileStatus(OzoneManagerRequestHandler.java:933) ~[ozone-manager-1.4.0-SNAPSHOT.jar:?]
	at org.apache.hadoop.ozone.protocolPB.OzoneManagerRequestHandler.handleReadRequest(OzoneManagerRequestHandler.java:238) ~[ozone-manager-1.4.0-SNAPSHOT.jar:?]
	at org.apache.hadoop.ozone.protocolPB.OzoneManagerProtocolServerSideTranslatorPB.submitRequestDirectlyToOM(OzoneManagerProtocolServerSideTranslatorPB.java:272) ~[ozone-manager-1.4.0-SNAPSHOT.jar:?]
	at org.apache.hadoop.ozone.protocolPB.OzoneManagerProtocolServerSideTranslatorPB.processRequest(OzoneManagerProtocolServerSideTranslatorPB.java:173) ~[ozone-manager-1.4.0-SNAPSHOT.jar:?]
	at org.apache.hadoop.hdds.server.OzoneProtocolMessageDispatcher.processRequest(OzoneProtocolMessageDispatcher.java:87) [hdds-server-framework-1.4.0-SNAPSHOT.jar:?]
	at org.apache.hadoop.ozone.protocolPB.OzoneManagerProtocolServerSideTranslatorPB.submitRequest(OzoneManagerProtocolServerSideTranslatorPB.java:147) [ozone-manager-1.4.0-SNAPSHOT.jar:?]
	at org.apache.hadoop.ozone.protocol.proto.OzoneManagerProtocolProtos$OzoneManagerService$2.callBlockingMethod(OzoneManagerProtocolProtos.java) [ozone-interface-client-1.4.0-SNAPSHOT.jar:?]
	at org.apache.hadoop.ipc.ProtobufRpcEngine$Server.processCall(ProtobufRpcEngine.java:465) [hadoop-common-3.3.4.jar:?]
	at org.apache.hadoop.ipc.ProtobufRpcEngine2$Server$ProtoBufRpcInvoker.call(ProtobufRpcEngine2.java:578) [hadoop-common-3.3.4.jar:?]
	at org.apache.hadoop.ipc.ProtobufRpcEngine2$Server$ProtoBufRpcInvoker.call(ProtobufRpcEngine2.java:556) [hadoop-common-3.3.4.jar:?]
	at org.apache.hadoop.ipc.RPC$Server.call(RPC.java:1093) [hadoop-common-3.3.4.jar:?]
	at org.apache.hadoop.ipc.Server$RpcCall.run(Server.java:1043) [hadoop-common-3.3.4.jar:?]
	at org.apache.hadoop.ipc.Server$RpcCall.run(Server.java:971) [hadoop-common-3.3.4.jar:?]
	at java.security.AccessController.doPrivileged(Native Method) ~[?:1.8.0_362]
	at javax.security.auth.Subject.doAs(Subject.java:422) [?:1.8.0_362]
	at org.apache.hadoop.security.UserGroupInformation.doAs(UserGroupInformation.java:1878) [hadoop-common-3.3.4.jar:?]
	at org.apache.hadoop.ipc.Server$Handler.run(Server.java:2976) [hadoop-common-3.3.4.jar:?]
20:08:13.143 [IPC Server handler 0 on default port 41725] ERROR OMAudit - user=runner | ip=127.0.0.1 | op=GET_FILE_STATUS {volume=volume10450, bucket=bucket92716, key=gdir1/dir8/child, dataSize=0, replicationConfig=null} | ret=FAILURE
org.apache.hadoop.ozone.om.exceptions.OMException: Unable to get file status: volume: volume10450 bucket: bucket92716 key: gdir1/dir8/child
	at org.apache.hadoop.ozone.om.KeyManagerImpl.getOzoneFileStatus(KeyManagerImpl.java:1196) ~[ozone-manager-1.4.0-SNAPSHOT.jar:?]
	at org.apache.hadoop.ozone.om.KeyManagerImpl.getFileStatus(KeyManagerImpl.java:1114) ~[ozone-manager-1.4.0-SNAPSHOT.jar:?]
	at org.apache.hadoop.ozone.om.OmMetadataReader.getFileStatus(OmMetadataReader.java:288) ~[ozone-manager-1.4.0-SNAPSHOT.jar:?]
	at org.apache.hadoop.ozone.om.OzoneManager.getFileStatus(OzoneManager.java:3494) ~[ozone-manager-1.4.0-SNAPSHOT.jar:?]
	at org.apache.hadoop.ozone.protocolPB.OzoneManagerRequestHandler.getOzoneFileStatus(OzoneManagerRequestHandler.java:933) ~[ozone-manager-1.4.0-SNAPSHOT.jar:?]
	at org.apache.hadoop.ozone.protocolPB.OzoneManagerRequestHandler.handleReadRequest(OzoneManagerRequestHandler.java:238) ~[ozone-manager-1.4.0-SNAPSHOT.jar:?]
	at org.apache.hadoop.ozone.protocolPB.OzoneManagerProtocolServerSideTranslatorPB.submitRequestDirectlyToOM(OzoneManagerProtocolServerSideTranslatorPB.java:272) ~[ozone-manager-1.4.0-SNAPSHOT.jar:?]
	at org.apache.hadoop.ozone.protocolPB.OzoneManagerProtocolServerSideTranslatorPB.processRequest(OzoneManagerProtocolServerSideTranslatorPB.java:173) ~[ozone-manager-1.4.0-SNAPSHOT.jar:?]
	at org.apache.hadoop.hdds.server.OzoneProtocolMessageDispatcher.processRequest(OzoneProtocolMessageDispatcher.java:87) [hdds-server-framework-1.4.0-SNAPSHOT.jar:?]
	at org.apache.hadoop.ozone.protocolPB.OzoneManagerProtocolServerSideTranslatorPB.submitRequest(OzoneManagerProtocolServerSideTranslatorPB.java:147) [ozone-manager-1.4.0-SNAPSHOT.jar:?]
	at org.apache.hadoop.ozone.protocol.proto.OzoneManagerProtocolProtos$OzoneManagerService$2.callBlockingMethod(OzoneManagerProtocolProtos.java) [ozone-interface-client-1.4.0-SNAPSHOT.jar:?]
	at org.apache.hadoop.ipc.ProtobufRpcEngine$Server.processCall(ProtobufRpcEngine.java:465) [hadoop-common-3.3.4.jar:?]
	at org.apache.hadoop.ipc.ProtobufRpcEngine2$Server$ProtoBufRpcInvoker.call(ProtobufRpcEngine2.java:578) [hadoop-common-3.3.4.jar:?]
	at org.apache.hadoop.ipc.ProtobufRpcEngine2$Server$ProtoBufRpcInvoker.call(ProtobufRpcEngine2.java:556) [hadoop-common-3.3.4.jar:?]
	at org.apache.hadoop.ipc.RPC$Server.call(RPC.java:1093) [hadoop-common-3.3.4.jar:?]
	at org.apache.hadoop.ipc.Server$RpcCall.run(Server.java:1043) [hadoop-common-3.3.4.jar:?]
	at org.apache.hadoop.ipc.Server$RpcCall.run(Server.java:971) [hadoop-common-3.3.4.jar:?]
	at java.security.AccessController.doPrivileged(Native Method) ~[?:1.8.0_362]
	at javax.security.auth.Subject.doAs(Subject.java:422) [?:1.8.0_362]
	at org.apache.hadoop.security.UserGroupInformation.doAs(UserGroupInformation.java:1878) [hadoop-common-3.3.4.jar:?]
	at org.apache.hadoop.ipc.Server$Handler.run(Server.java:2976) [hadoop-common-3.3.4.jar:?]
20:08:13.144 [IPC Server handler 14 on default port 41725] ERROR OMAudit - user=runner | ip=127.0.0.1 | op=GET_FILE_STATUS {volume=volume10450, bucket=bucket92716, key=gdir1/dir9, dataSize=0, replicationConfig=null} | ret=FAILURE
org.apache.hadoop.ozone.om.exceptions.OMException: Unable to get file status: volume: volume10450 bucket: bucket92716 key: gdir1/dir9
	at org.apache.hadoop.ozone.om.KeyManagerImpl.getOzoneFileStatus(KeyManagerImpl.java:1196) ~[ozone-manager-1.4.0-SNAPSHOT.jar:?]
	at org.apache.hadoop.ozone.om.KeyManagerImpl.getFileStatus(KeyManagerImpl.java:1114) ~[ozone-manager-1.4.0-SNAPSHOT.jar:?]
	at org.apache.hadoop.ozone.om.OmMetadataReader.getFileStatus(OmMetadataReader.java:288) ~[ozone-manager-1.4.0-SNAPSHOT.jar:?]
	at org.apache.hadoop.ozone.om.OzoneManager.getFileStatus(OzoneManager.java:3494) ~[ozone-manager-1.4.0-SNAPSHOT.jar:?]
	at org.apache.hadoop.ozone.protocolPB.OzoneManagerRequestHandler.getOzoneFileStatus(OzoneManagerRequestHandler.java:933) ~[ozone-manager-1.4.0-SNAPSHOT.jar:?]
	at org.apache.hadoop.ozone.protocolPB.OzoneManagerRequestHandler.handleReadRequest(OzoneManagerRequestHandler.java:238) ~[ozone-manager-1.4.0-SNAPSHOT.jar:?]
	at org.apache.hadoop.ozone.protocolPB.OzoneManagerProtocolServerSideTranslatorPB.submitRequestDirectlyToOM(OzoneManagerProtocolServerSideTranslatorPB.java:272) ~[ozone-manager-1.4.0-SNAPSHOT.jar:?]
	at org.apache.hadoop.ozone.protocolPB.OzoneManagerProtocolServerSideTranslatorPB.processRequest(OzoneManagerProtocolServerSideTranslatorPB.java:173) ~[ozone-manager-1.4.0-SNAPSHOT.jar:?]
	at org.apache.hadoop.hdds.server.OzoneProtocolMessageDispatcher.processRequest(OzoneProtocolMessageDispatcher.java:87) [hdds-server-framework-1.4.0-SNAPSHOT.jar:?]
	at org.apache.hadoop.ozone.protocolPB.OzoneManagerProtocolServerSideTranslatorPB.submitRequest(OzoneManagerProtocolServerSideTranslatorPB.java:147) [ozone-manager-1.4.0-SNAPSHOT.jar:?]
	at org.apache.hadoop.ozone.protocol.proto.OzoneManagerProtocolProtos$OzoneManagerService$2.callBlockingMethod(OzoneManagerProtocolProtos.java) [ozone-interface-client-1.4.0-SNAPSHOT.jar:?]
	at org.apache.hadoop.ipc.ProtobufRpcEngine$Server.processCall(ProtobufRpcEngine.java:465) [hadoop-common-3.3.4.jar:?]
	at org.apache.hadoop.ipc.ProtobufRpcEngine2$Server$ProtoBufRpcInvoker.call(ProtobufRpcEngine2.java:578) [hadoop-common-3.3.4.jar:?]
	at org.apache.hadoop.ipc.ProtobufRpcEngine2$Server$ProtoBufRpcInvoker.call(ProtobufRpcEngine2.java:556) [hadoop-common-3.3.4.jar:?]
	at org.apache.hadoop.ipc.RPC$Server.call(RPC.java:1093) [hadoop-common-3.3.4.jar:?]
	at org.apache.hadoop.ipc.Server$RpcCall.run(Server.java:1043) [hadoop-common-3.3.4.jar:?]
	at org.apache.hadoop.ipc.Server$RpcCall.run(Server.java:971) [hadoop-common-3.3.4.jar:?]
	at java.security.AccessController.doPrivileged(Native Method) ~[?:1.8.0_362]
	at javax.security.auth.Subject.doAs(Subject.java:422) [?:1.8.0_362]
	at org.apache.hadoop.security.UserGroupInformation.doAs(UserGroupInformation.java:1878) [hadoop-common-3.3.4.jar:?]
	at org.apache.hadoop.ipc.Server$Handler.run(Server.java:2976) [hadoop-common-3.3.4.jar:?]
20:08:13.145 [IPC Server handler 5 on default port 41725] ERROR OMAudit - user=runner | ip=127.0.0.1 | op=GET_FILE_STATUS {volume=volume10450, bucket=bucket92716, key=gdir1/dir9/child, dataSize=0, replicationConfig=null} | ret=FAILURE
org.apache.hadoop.ozone.om.exceptions.OMException: Unable to get file status: volume: volume10450 bucket: bucket92716 key: gdir1/dir9/child
	at org.apache.hadoop.ozone.om.KeyManagerImpl.getOzoneFileStatus(KeyManagerImpl.java:1196) ~[ozone-manager-1.4.0-SNAPSHOT.jar:?]
	at org.apache.hadoop.ozone.om.KeyManagerImpl.getFileStatus(KeyManagerImpl.java:1114) ~[ozone-manager-1.4.0-SNAPSHOT.jar:?]
	at org.apache.hadoop.ozone.om.OmMetadataReader.getFileStatus(OmMetadataReader.java:288) ~[ozone-manager-1.4.0-SNAPSHOT.jar:?]
	at org.apache.hadoop.ozone.om.OzoneManager.getFileStatus(OzoneManager.java:3494) ~[ozone-manager-1.4.0-SNAPSHOT.jar:?]
	at org.apache.hadoop.ozone.protocolPB.OzoneManagerRequestHandler.getOzoneFileStatus(OzoneManagerRequestHandler.java:933) ~[ozone-manager-1.4.0-SNAPSHOT.jar:?]
	at org.apache.hadoop.ozone.protocolPB.OzoneManagerRequestHandler.handleReadRequest(OzoneManagerRequestHandler.java:238) ~[ozone-manager-1.4.0-SNAPSHOT.jar:?]
	at org.apache.hadoop.ozone.protocolPB.OzoneManagerProtocolServerSideTranslatorPB.submitRequestDirectlyToOM(OzoneManagerProtocolServerSideTranslatorPB.java:272) ~[ozone-manager-1.4.0-SNAPSHOT.jar:?]
	at org.apache.hadoop.ozone.protocolPB.OzoneManagerProtocolServerSideTranslatorPB.processRequest(OzoneManagerProtocolServerSideTranslatorPB.java:173) ~[ozone-manager-1.4.0-SNAPSHOT.jar:?]
	at org.apache.hadoop.hdds.server.OzoneProtocolMessageDispatcher.processRequest(OzoneProtocolMessageDispatcher.java:87) [hdds-server-framework-1.4.0-SNAPSHOT.jar:?]
	at org.apache.hadoop.ozone.protocolPB.OzoneManagerProtocolServerSideTranslatorPB.submitRequest(OzoneManagerProtocolServerSideTranslatorPB.java:147) [ozone-manager-1.4.0-SNAPSHOT.jar:?]
	at org.apache.hadoop.ozone.protocol.proto.OzoneManagerProtocolProtos$OzoneManagerService$2.callBlockingMethod(OzoneManagerProtocolProtos.java) [ozone-interface-client-1.4.0-SNAPSHOT.jar:?]
	at org.apache.hadoop.ipc.ProtobufRpcEngine$Server.processCall(ProtobufRpcEngine.java:465) [hadoop-common-3.3.4.jar:?]
	at org.apache.hadoop.ipc.ProtobufRpcEngine2$Server$ProtoBufRpcInvoker.call(ProtobufRpcEngine2.java:578) [hadoop-common-3.3.4.jar:?]
	at org.apache.hadoop.ipc.ProtobufRpcEngine2$Server$ProtoBufRpcInvoker.call(ProtobufRpcEngine2.java:556) [hadoop-common-3.3.4.jar:?]
	at org.apache.hadoop.ipc.RPC$Server.call(RPC.java:1093) [hadoop-common-3.3.4.jar:?]
	at org.apache.hadoop.ipc.Server$RpcCall.run(Server.java:1043) [hadoop-common-3.3.4.jar:?]
	at org.apache.hadoop.ipc.Server$RpcCall.run(Server.java:971) [hadoop-common-3.3.4.jar:?]
	at java.security.AccessController.doPrivileged(Native Method) ~[?:1.8.0_362]
	at javax.security.auth.Subject.doAs(Subject.java:422) [?:1.8.0_362]
	at org.apache.hadoop.security.UserGroupInformation.doAs(UserGroupInformation.java:1878) [hadoop-common-3.3.4.jar:?]
	at org.apache.hadoop.ipc.Server$Handler.run(Server.java:2976) [hadoop-common-3.3.4.jar:?]
20:08:13.146 [IPC Server handler 10 on default port 41725] ERROR OMAudit - user=runner | ip=127.0.0.1 | op=GET_FILE_STATUS {volume=volume10450, bucket=bucket92716, key=gdir1/dir10, dataSize=0, replicationConfig=null} | ret=FAILURE
org.apache.hadoop.ozone.om.exceptions.OMException: Unable to get file status: volume: volume10450 bucket: bucket92716 key: gdir1/dir10
	at org.apache.hadoop.ozone.om.KeyManagerImpl.getOzoneFileStatus(KeyManagerImpl.java:1196) ~[ozone-manager-1.4.0-SNAPSHOT.jar:?]
	at org.apache.hadoop.ozone.om.KeyManagerImpl.getFileStatus(KeyManagerImpl.java:1114) ~[ozone-manager-1.4.0-SNAPSHOT.jar:?]
	at org.apache.hadoop.ozone.om.OmMetadataReader.getFileStatus(OmMetadataReader.java:288) ~[ozone-manager-1.4.0-SNAPSHOT.jar:?]
	at org.apache.hadoop.ozone.om.OzoneManager.getFileStatus(OzoneManager.java:3494) ~[ozone-manager-1.4.0-SNAPSHOT.jar:?]
	at org.apache.hadoop.ozone.protocolPB.OzoneManagerRequestHandler.getOzoneFileStatus(OzoneManagerRequestHandler.java:933) ~[ozone-manager-1.4.0-SNAPSHOT.jar:?]
	at org.apache.hadoop.ozone.protocolPB.OzoneManagerRequestHandler.handleReadRequest(OzoneManagerRequestHandler.java:238) ~[ozone-manager-1.4.0-SNAPSHOT.jar:?]
	at org.apache.hadoop.ozone.protocolPB.OzoneManagerProtocolServerSideTranslatorPB.submitRequestDirectlyToOM(OzoneManagerProtocolServerSideTranslatorPB.java:272) ~[ozone-manager-1.4.0-SNAPSHOT.jar:?]
	at org.apache.hadoop.ozone.protocolPB.OzoneManagerProtocolServerSideTranslatorPB.processRequest(OzoneManagerProtocolServerSideTranslatorPB.java:173) ~[ozone-manager-1.4.0-SNAPSHOT.jar:?]
	at org.apache.hadoop.hdds.server.OzoneProtocolMessageDispatcher.processRequest(OzoneProtocolMessageDispatcher.java:87) [hdds-server-framework-1.4.0-SNAPSHOT.jar:?]
	at org.apache.hadoop.ozone.protocolPB.OzoneManagerProtocolServerSideTranslatorPB.submitRequest(OzoneManagerProtocolServerSideTranslatorPB.java:147) [ozone-manager-1.4.0-SNAPSHOT.jar:?]
	at org.apache.hadoop.ozone.protocol.proto.OzoneManagerProtocolProtos$OzoneManagerService$2.callBlockingMethod(OzoneManagerProtocolProtos.java) [ozone-interface-client-1.4.0-SNAPSHOT.jar:?]
	at org.apache.hadoop.ipc.ProtobufRpcEngine$Server.processCall(ProtobufRpcEngine.java:465) [hadoop-common-3.3.4.jar:?]
	at org.apache.hadoop.ipc.ProtobufRpcEngine2$Server$ProtoBufRpcInvoker.call(ProtobufRpcEngine2.java:578) [hadoop-common-3.3.4.jar:?]
	at org.apache.hadoop.ipc.ProtobufRpcEngine2$Server$ProtoBufRpcInvoker.call(ProtobufRpcEngine2.java:556) [hadoop-common-3.3.4.jar:?]
	at org.apache.hadoop.ipc.RPC$Server.call(RPC.java:1093) [hadoop-common-3.3.4.jar:?]
	at org.apache.hadoop.ipc.Server$RpcCall.run(Server.java:1043) [hadoop-common-3.3.4.jar:?]
	at org.apache.hadoop.ipc.Server$RpcCall.run(Server.java:971) [hadoop-common-3.3.4.jar:?]
	at java.security.AccessController.doPrivileged(Native Method) ~[?:1.8.0_362]
	at javax.security.auth.Subject.doAs(Subject.java:422) [?:1.8.0_362]
	at org.apache.hadoop.security.UserGroupInformation.doAs(UserGroupInformation.java:1878) [hadoop-common-3.3.4.jar:?]
	at org.apache.hadoop.ipc.Server$Handler.run(Server.java:2976) [hadoop-common-3.3.4.jar:?]
20:08:13.147 [IPC Server handler 15 on default port 41725] ERROR OMAudit - user=runner | ip=127.0.0.1 | op=GET_FILE_STATUS {volume=volume10450, bucket=bucket92716, key=gdir1/dir10/child, dataSize=0, replicationConfig=null} | ret=FAILURE
org.apache.hadoop.ozone.om.exceptions.OMException: Unable to get file status: volume: volume10450 bucket: bucket92716 key: gdir1/dir10/child
	at org.apache.hadoop.ozone.om.KeyManagerImpl.getOzoneFileStatus(KeyManagerImpl.java:1196) ~[ozone-manager-1.4.0-SNAPSHOT.jar:?]
	at org.apache.hadoop.ozone.om.KeyManagerImpl.getFileStatus(KeyManagerImpl.java:1114) ~[ozone-manager-1.4.0-SNAPSHOT.jar:?]
	at org.apache.hadoop.ozone.om.OmMetadataReader.getFileStatus(OmMetadataReader.java:288) ~[ozone-manager-1.4.0-SNAPSHOT.jar:?]
	at org.apache.hadoop.ozone.om.OzoneManager.getFileStatus(OzoneManager.java:3494) ~[ozone-manager-1.4.0-SNAPSHOT.jar:?]
	at org.apache.hadoop.ozone.protocolPB.OzoneManagerRequestHandler.getOzoneFileStatus(OzoneManagerRequestHandler.java:933) ~[ozone-manager-1.4.0-SNAPSHOT.jar:?]
	at org.apache.hadoop.ozone.protocolPB.OzoneManagerRequestHandler.handleReadRequest(OzoneManagerRequestHandler.java:238) ~[ozone-manager-1.4.0-SNAPSHOT.jar:?]
	at org.apache.hadoop.ozone.protocolPB.OzoneManagerProtocolServerSideTranslatorPB.submitRequestDirectlyToOM(OzoneManagerProtocolServerSideTranslatorPB.java:272) ~[ozone-manager-1.4.0-SNAPSHOT.jar:?]
	at org.apache.hadoop.ozone.protocolPB.OzoneManagerProtocolServerSideTranslatorPB.processRequest(OzoneManagerProtocolServerSideTranslatorPB.java:173) ~[ozone-manager-1.4.0-SNAPSHOT.jar:?]
	at org.apache.hadoop.hdds.server.OzoneProtocolMessageDispatcher.processRequest(OzoneProtocolMessageDispatcher.java:87) [hdds-server-framework-1.4.0-SNAPSHOT.jar:?]
	at org.apache.hadoop.ozone.protocolPB.OzoneManagerProtocolServerSideTranslatorPB.submitRequest(OzoneManagerProtocolServerSideTranslatorPB.java:147) [ozone-manager-1.4.0-SNAPSHOT.jar:?]
	at org.apache.hadoop.ozone.protocol.proto.OzoneManagerProtocolProtos$OzoneManagerService$2.callBlockingMethod(OzoneManagerProtocolProtos.java) [ozone-interface-client-1.4.0-SNAPSHOT.jar:?]
	at org.apache.hadoop.ipc.ProtobufRpcEngine$Server.processCall(ProtobufRpcEngine.java:465) [hadoop-common-3.3.4.jar:?]
	at org.apache.hadoop.ipc.ProtobufRpcEngine2$Server$ProtoBufRpcInvoker.call(ProtobufRpcEngine2.java:578) [hadoop-common-3.3.4.jar:?]
	at org.apache.hadoop.ipc.ProtobufRpcEngine2$Server$ProtoBufRpcInvoker.call(ProtobufRpcEngine2.java:556) [hadoop-common-3.3.4.jar:?]
	at org.apache.hadoop.ipc.RPC$Server.call(RPC.java:1093) [hadoop-common-3.3.4.jar:?]
	at org.apache.hadoop.ipc.Server$RpcCall.run(Server.java:1043) [hadoop-common-3.3.4.jar:?]
	at org.apache.hadoop.ipc.Server$RpcCall.run(Server.java:971) [hadoop-common-3.3.4.jar:?]
	at java.security.AccessController.doPrivileged(Native Method) ~[?:1.8.0_362]
	at javax.security.auth.Subject.doAs(Subject.java:422) [?:1.8.0_362]
	at org.apache.hadoop.security.UserGroupInformation.doAs(UserGroupInformation.java:1878) [hadoop-common-3.3.4.jar:?]
	at org.apache.hadoop.ipc.Server$Handler.run(Server.java:2976) [hadoop-common-3.3.4.jar:?]
2023-03-16 20:08:13,151 [IPC Server handler 1 on default port 41725] INFO  key.OMKeyRequest (OMKeyRequest.java:wrapUncommittedBlocksAsPseudoKey(838)) - Detect allocated but uncommitted blocks [{blockID={containerID=3, localID=111677748019200024}, length=4194304, offset=0, token=null, pipeline=null, createVersion=0, partNumber=0}] in key level0/level1/file1.
2023-03-16 20:08:13,155 [IPC Server handler 7 on default port 41725] INFO  key.OMKeyRequest (OMKeyRequest.java:wrapUncommittedBlocksAsPseudoKey(838)) - Detect allocated but uncommitted blocks [{blockID={containerID=2, localID=111677748019200025}, length=4194304, offset=0, token=null, pipeline=null, createVersion=0, partNumber=0}] in key level0/level1/level1/file1.
2023-03-16 20:08:13,161 [IPC Server handler 13 on default port 41725] INFO  key.OMKeyRequest (OMKeyRequest.java:wrapUncommittedBlocksAsPseudoKey(838)) - Detect allocated but uncommitted blocks [{blockID={containerID=4, localID=111677748019200026}, length=4194304, offset=0, token=null, pipeline=null, createVersion=0, partNumber=0}] in key level0/level2/file1.
2023-03-16 20:08:13,165 [IPC Server handler 16 on default port 41725] INFO  key.OMKeyRequest (OMKeyRequest.java:wrapUncommittedBlocksAsPseudoKey(838)) - Detect allocated but uncommitted blocks [{blockID={containerID=1, localID=111677748019200027}, length=4194304, offset=0, token=null, pipeline=null, createVersion=0, partNumber=0}] in key level0/level2/level2/file1.
2023-03-16 20:08:13,170 [IPC Server handler 4 on default port 41725] INFO  key.OMKeyRequest (OMKeyRequest.java:wrapUncommittedBlocksAsPseudoKey(838)) - Detect allocated but uncommitted blocks [{blockID={containerID=2, localID=111677748019200028}, length=4194304, offset=0, token=null, pipeline=null, createVersion=0, partNumber=0}] in key level0/level3/file1.
2023-03-16 20:08:13,175 [IPC Server handler 19 on default port 41725] INFO  key.OMKeyRequest (OMKeyRequest.java:wrapUncommittedBlocksAsPseudoKey(838)) - Detect allocated but uncommitted blocks [{blockID={containerID=4, localID=111677748019200029}, length=4194304, offset=0, token=null, pipeline=null, createVersion=0, partNumber=0}] in key level0/level3/level3/file1.
20:08:13.206 [IPC Server handler 8 on default port 41725] ERROR OMAudit - user=runner | ip=127.0.0.1 | op=GET_FILE_STATUS {volume=volume10450, bucket=bucket92716, key=level0, dataSize=0, replicationConfig=null} | ret=FAILURE
org.apache.hadoop.ozone.om.exceptions.OMException: Unable to get file status: volume: volume10450 bucket: bucket92716 key: level0
	at org.apache.hadoop.ozone.om.KeyManagerImpl.getOzoneFileStatus(KeyManagerImpl.java:1196) ~[ozone-manager-1.4.0-SNAPSHOT.jar:?]
	at org.apache.hadoop.ozone.om.KeyManagerImpl.getFileStatus(KeyManagerImpl.java:1114) ~[ozone-manager-1.4.0-SNAPSHOT.jar:?]
	at org.apache.hadoop.ozone.om.OmMetadataReader.getFileStatus(OmMetadataReader.java:288) ~[ozone-manager-1.4.0-SNAPSHOT.jar:?]
	at org.apache.hadoop.ozone.om.OzoneManager.getFileStatus(OzoneManager.java:3494) ~[ozone-manager-1.4.0-SNAPSHOT.jar:?]
	at org.apache.hadoop.ozone.protocolPB.OzoneManagerRequestHandler.getOzoneFileStatus(OzoneManagerRequestHandler.java:933) ~[ozone-manager-1.4.0-SNAPSHOT.jar:?]
	at org.apache.hadoop.ozone.protocolPB.OzoneManagerRequestHandler.handleReadRequest(OzoneManagerRequestHandler.java:238) ~[ozone-manager-1.4.0-SNAPSHOT.jar:?]
	at org.apache.hadoop.ozone.protocolPB.OzoneManagerProtocolServerSideTranslatorPB.submitRequestDirectlyToOM(OzoneManagerProtocolServerSideTranslatorPB.java:272) ~[ozone-manager-1.4.0-SNAPSHOT.jar:?]
	at org.apache.hadoop.ozone.protocolPB.OzoneManagerProtocolServerSideTranslatorPB.processRequest(OzoneManagerProtocolServerSideTranslatorPB.java:173) ~[ozone-manager-1.4.0-SNAPSHOT.jar:?]
	at org.apache.hadoop.hdds.server.OzoneProtocolMessageDispatcher.processRequest(OzoneProtocolMessageDispatcher.java:87) [hdds-server-framework-1.4.0-SNAPSHOT.jar:?]
	at org.apache.hadoop.ozone.protocolPB.OzoneManagerProtocolServerSideTranslatorPB.submitRequest(OzoneManagerProtocolServerSideTranslatorPB.java:147) [ozone-manager-1.4.0-SNAPSHOT.jar:?]
	at org.apache.hadoop.ozone.protocol.proto.OzoneManagerProtocolProtos$OzoneManagerService$2.callBlockingMethod(OzoneManagerProtocolProtos.java) [ozone-interface-client-1.4.0-SNAPSHOT.jar:?]
	at org.apache.hadoop.ipc.ProtobufRpcEngine$Server.processCall(ProtobufRpcEngine.java:465) [hadoop-common-3.3.4.jar:?]
	at org.apache.hadoop.ipc.ProtobufRpcEngine2$Server$ProtoBufRpcInvoker.call(ProtobufRpcEngine2.java:578) [hadoop-common-3.3.4.jar:?]
	at org.apache.hadoop.ipc.ProtobufRpcEngine2$Server$ProtoBufRpcInvoker.call(ProtobufRpcEngine2.java:556) [hadoop-common-3.3.4.jar:?]
	at org.apache.hadoop.ipc.RPC$Server.call(RPC.java:1093) [hadoop-common-3.3.4.jar:?]
	at org.apache.hadoop.ipc.Server$RpcCall.run(Server.java:1043) [hadoop-common-3.3.4.jar:?]
	at org.apache.hadoop.ipc.Server$RpcCall.run(Server.java:971) [hadoop-common-3.3.4.jar:?]
	at java.security.AccessController.doPrivileged(Native Method) ~[?:1.8.0_362]
	at javax.security.auth.Subject.doAs(Subject.java:422) [?:1.8.0_362]
	at org.apache.hadoop.security.UserGroupInformation.doAs(UserGroupInformation.java:1878) [hadoop-common-3.3.4.jar:?]
	at org.apache.hadoop.ipc.Server$Handler.run(Server.java:2976) [hadoop-common-3.3.4.jar:?]
20:08:13.207 [IPC Server handler 12 on default port 41725] ERROR OMAudit - user=runner | ip=127.0.0.1 | op=GET_FILE_STATUS {volume=volume10450, bucket=bucket92716, key=level0/level1, dataSize=0, replicationConfig=null} | ret=FAILURE
org.apache.hadoop.ozone.om.exceptions.OMException: Unable to get file status: volume: volume10450 bucket: bucket92716 key: level0/level1
	at org.apache.hadoop.ozone.om.KeyManagerImpl.getOzoneFileStatus(KeyManagerImpl.java:1196) ~[ozone-manager-1.4.0-SNAPSHOT.jar:?]
	at org.apache.hadoop.ozone.om.KeyManagerImpl.getFileStatus(KeyManagerImpl.java:1114) ~[ozone-manager-1.4.0-SNAPSHOT.jar:?]
	at org.apache.hadoop.ozone.om.OmMetadataReader.getFileStatus(OmMetadataReader.java:288) ~[ozone-manager-1.4.0-SNAPSHOT.jar:?]
	at org.apache.hadoop.ozone.om.OzoneManager.getFileStatus(OzoneManager.java:3494) ~[ozone-manager-1.4.0-SNAPSHOT.jar:?]
	at org.apache.hadoop.ozone.protocolPB.OzoneManagerRequestHandler.getOzoneFileStatus(OzoneManagerRequestHandler.java:933) ~[ozone-manager-1.4.0-SNAPSHOT.jar:?]
	at org.apache.hadoop.ozone.protocolPB.OzoneManagerRequestHandler.handleReadRequest(OzoneManagerRequestHandler.java:238) ~[ozone-manager-1.4.0-SNAPSHOT.jar:?]
	at org.apache.hadoop.ozone.protocolPB.OzoneManagerProtocolServerSideTranslatorPB.submitRequestDirectlyToOM(OzoneManagerProtocolServerSideTranslatorPB.java:272) ~[ozone-manager-1.4.0-SNAPSHOT.jar:?]
	at org.apache.hadoop.ozone.protocolPB.OzoneManagerProtocolServerSideTranslatorPB.processRequest(OzoneManagerProtocolServerSideTranslatorPB.java:173) ~[ozone-manager-1.4.0-SNAPSHOT.jar:?]
	at org.apache.hadoop.hdds.server.OzoneProtocolMessageDispatcher.processRequest(OzoneProtocolMessageDispatcher.java:87) [hdds-server-framework-1.4.0-SNAPSHOT.jar:?]
	at org.apache.hadoop.ozone.protocolPB.OzoneManagerProtocolServerSideTranslatorPB.submitRequest(OzoneManagerProtocolServerSideTranslatorPB.java:147) [ozone-manager-1.4.0-SNAPSHOT.jar:?]
	at org.apache.hadoop.ozone.protocol.proto.OzoneManagerProtocolProtos$OzoneManagerService$2.callBlockingMethod(OzoneManagerProtocolProtos.java) [ozone-interface-client-1.4.0-SNAPSHOT.jar:?]
	at org.apache.hadoop.ipc.ProtobufRpcEngine$Server.processCall(ProtobufRpcEngine.java:465) [hadoop-common-3.3.4.jar:?]
	at org.apache.hadoop.ipc.ProtobufRpcEngine2$Server$ProtoBufRpcInvoker.call(ProtobufRpcEngine2.java:578) [hadoop-common-3.3.4.jar:?]
	at org.apache.hadoop.ipc.ProtobufRpcEngine2$Server$ProtoBufRpcInvoker.call(ProtobufRpcEngine2.java:556) [hadoop-common-3.3.4.jar:?]
	at org.apache.hadoop.ipc.RPC$Server.call(RPC.java:1093) [hadoop-common-3.3.4.jar:?]
	at org.apache.hadoop.ipc.Server$RpcCall.run(Server.java:1043) [hadoop-common-3.3.4.jar:?]
	at org.apache.hadoop.ipc.Server$RpcCall.run(Server.java:971) [hadoop-common-3.3.4.jar:?]
	at java.security.AccessController.doPrivileged(Native Method) ~[?:1.8.0_362]
	at javax.security.auth.Subject.doAs(Subject.java:422) [?:1.8.0_362]
	at org.apache.hadoop.security.UserGroupInformation.doAs(UserGroupInformation.java:1878) [hadoop-common-3.3.4.jar:?]
	at org.apache.hadoop.ipc.Server$Handler.run(Server.java:2976) [hadoop-common-3.3.4.jar:?]
20:08:13.208 [IPC Server handler 0 on default port 41725] ERROR OMAudit - user=runner | ip=127.0.0.1 | op=GET_FILE_STATUS {volume=volume10450, bucket=bucket92716, key=level0/level1/level1, dataSize=0, replicationConfig=null} | ret=FAILURE
org.apache.hadoop.ozone.om.exceptions.OMException: Unable to get file status: volume: volume10450 bucket: bucket92716 key: level0/level1/level1
	at org.apache.hadoop.ozone.om.KeyManagerImpl.getOzoneFileStatus(KeyManagerImpl.java:1196) ~[ozone-manager-1.4.0-SNAPSHOT.jar:?]
	at org.apache.hadoop.ozone.om.KeyManagerImpl.getFileStatus(KeyManagerImpl.java:1114) ~[ozone-manager-1.4.0-SNAPSHOT.jar:?]
	at org.apache.hadoop.ozone.om.OmMetadataReader.getFileStatus(OmMetadataReader.java:288) ~[ozone-manager-1.4.0-SNAPSHOT.jar:?]
	at org.apache.hadoop.ozone.om.OzoneManager.getFileStatus(OzoneManager.java:3494) ~[ozone-manager-1.4.0-SNAPSHOT.jar:?]
	at org.apache.hadoop.ozone.protocolPB.OzoneManagerRequestHandler.getOzoneFileStatus(OzoneManagerRequestHandler.java:933) ~[ozone-manager-1.4.0-SNAPSHOT.jar:?]
	at org.apache.hadoop.ozone.protocolPB.OzoneManagerRequestHandler.handleReadRequest(OzoneManagerRequestHandler.java:238) ~[ozone-manager-1.4.0-SNAPSHOT.jar:?]
	at org.apache.hadoop.ozone.protocolPB.OzoneManagerProtocolServerSideTranslatorPB.submitRequestDirectlyToOM(OzoneManagerProtocolServerSideTranslatorPB.java:272) ~[ozone-manager-1.4.0-SNAPSHOT.jar:?]
	at org.apache.hadoop.ozone.protocolPB.OzoneManagerProtocolServerSideTranslatorPB.processRequest(OzoneManagerProtocolServerSideTranslatorPB.java:173) ~[ozone-manager-1.4.0-SNAPSHOT.jar:?]
	at org.apache.hadoop.hdds.server.OzoneProtocolMessageDispatcher.processRequest(OzoneProtocolMessageDispatcher.java:87) [hdds-server-framework-1.4.0-SNAPSHOT.jar:?]
	at org.apache.hadoop.ozone.protocolPB.OzoneManagerProtocolServerSideTranslatorPB.submitRequest(OzoneManagerProtocolServerSideTranslatorPB.java:147) [ozone-manager-1.4.0-SNAPSHOT.jar:?]
	at org.apache.hadoop.ozone.protocol.proto.OzoneManagerProtocolProtos$OzoneManagerService$2.callBlockingMethod(OzoneManagerProtocolProtos.java) [ozone-interface-client-1.4.0-SNAPSHOT.jar:?]
	at org.apache.hadoop.ipc.ProtobufRpcEngine$Server.processCall(ProtobufRpcEngine.java:465) [hadoop-common-3.3.4.jar:?]
	at org.apache.hadoop.ipc.ProtobufRpcEngine2$Server$ProtoBufRpcInvoker.call(ProtobufRpcEngine2.java:578) [hadoop-common-3.3.4.jar:?]
	at org.apache.hadoop.ipc.ProtobufRpcEngine2$Server$ProtoBufRpcInvoker.call(ProtobufRpcEngine2.java:556) [hadoop-common-3.3.4.jar:?]
	at org.apache.hadoop.ipc.RPC$Server.call(RPC.java:1093) [hadoop-common-3.3.4.jar:?]
	at org.apache.hadoop.ipc.Server$RpcCall.run(Server.java:1043) [hadoop-common-3.3.4.jar:?]
	at org.apache.hadoop.ipc.Server$RpcCall.run(Server.java:971) [hadoop-common-3.3.4.jar:?]
	at java.security.AccessController.doPrivileged(Native Method) ~[?:1.8.0_362]
	at javax.security.auth.Subject.doAs(Subject.java:422) [?:1.8.0_362]
	at org.apache.hadoop.security.UserGroupInformation.doAs(UserGroupInformation.java:1878) [hadoop-common-3.3.4.jar:?]
	at org.apache.hadoop.ipc.Server$Handler.run(Server.java:2976) [hadoop-common-3.3.4.jar:?]
20:08:13.208 [IPC Server handler 14 on default port 41725] ERROR OMAudit - user=runner | ip=127.0.0.1 | op=GET_FILE_STATUS {volume=volume10450, bucket=bucket92716, key=level0/level1/file1, dataSize=0, replicationConfig=null} | ret=FAILURE
org.apache.hadoop.ozone.om.exceptions.OMException: Unable to get file status: volume: volume10450 bucket: bucket92716 key: level0/level1/file1
	at org.apache.hadoop.ozone.om.KeyManagerImpl.getOzoneFileStatus(KeyManagerImpl.java:1196) ~[ozone-manager-1.4.0-SNAPSHOT.jar:?]
	at org.apache.hadoop.ozone.om.KeyManagerImpl.getFileStatus(KeyManagerImpl.java:1114) ~[ozone-manager-1.4.0-SNAPSHOT.jar:?]
	at org.apache.hadoop.ozone.om.OmMetadataReader.getFileStatus(OmMetadataReader.java:288) ~[ozone-manager-1.4.0-SNAPSHOT.jar:?]
	at org.apache.hadoop.ozone.om.OzoneManager.getFileStatus(OzoneManager.java:3494) ~[ozone-manager-1.4.0-SNAPSHOT.jar:?]
	at org.apache.hadoop.ozone.protocolPB.OzoneManagerRequestHandler.getOzoneFileStatus(OzoneManagerRequestHandler.java:933) ~[ozone-manager-1.4.0-SNAPSHOT.jar:?]
	at org.apache.hadoop.ozone.protocolPB.OzoneManagerRequestHandler.handleReadRequest(OzoneManagerRequestHandler.java:238) ~[ozone-manager-1.4.0-SNAPSHOT.jar:?]
	at org.apache.hadoop.ozone.protocolPB.OzoneManagerProtocolServerSideTranslatorPB.submitRequestDirectlyToOM(OzoneManagerProtocolServerSideTranslatorPB.java:272) ~[ozone-manager-1.4.0-SNAPSHOT.jar:?]
	at org.apache.hadoop.ozone.protocolPB.OzoneManagerProtocolServerSideTranslatorPB.processRequest(OzoneManagerProtocolServerSideTranslatorPB.java:173) ~[ozone-manager-1.4.0-SNAPSHOT.jar:?]
	at org.apache.hadoop.hdds.server.OzoneProtocolMessageDispatcher.processRequest(OzoneProtocolMessageDispatcher.java:87) [hdds-server-framework-1.4.0-SNAPSHOT.jar:?]
	at org.apache.hadoop.ozone.protocolPB.OzoneManagerProtocolServerSideTranslatorPB.submitRequest(OzoneManagerProtocolServerSideTranslatorPB.java:147) [ozone-manager-1.4.0-SNAPSHOT.jar:?]
	at org.apache.hadoop.ozone.protocol.proto.OzoneManagerProtocolProtos$OzoneManagerService$2.callBlockingMethod(OzoneManagerProtocolProtos.java) [ozone-interface-client-1.4.0-SNAPSHOT.jar:?]
	at org.apache.hadoop.ipc.ProtobufRpcEngine$Server.processCall(ProtobufRpcEngine.java:465) [hadoop-common-3.3.4.jar:?]
	at org.apache.hadoop.ipc.ProtobufRpcEngine2$Server$ProtoBufRpcInvoker.call(ProtobufRpcEngine2.java:578) [hadoop-common-3.3.4.jar:?]
	at org.apache.hadoop.ipc.ProtobufRpcEngine2$Server$ProtoBufRpcInvoker.call(ProtobufRpcEngine2.java:556) [hadoop-common-3.3.4.jar:?]
	at org.apache.hadoop.ipc.RPC$Server.call(RPC.java:1093) [hadoop-common-3.3.4.jar:?]
	at org.apache.hadoop.ipc.Server$RpcCall.run(Server.java:1043) [hadoop-common-3.3.4.jar:?]
	at org.apache.hadoop.ipc.Server$RpcCall.run(Server.java:971) [hadoop-common-3.3.4.jar:?]
	at java.security.AccessController.doPrivileged(Native Method) ~[?:1.8.0_362]
	at javax.security.auth.Subject.doAs(Subject.java:422) [?:1.8.0_362]
	at org.apache.hadoop.security.UserGroupInformation.doAs(UserGroupInformation.java:1878) [hadoop-common-3.3.4.jar:?]
	at org.apache.hadoop.ipc.Server$Handler.run(Server.java:2976) [hadoop-common-3.3.4.jar:?]
20:08:13.209 [IPC Server handler 5 on default port 41725] ERROR OMAudit - user=runner | ip=127.0.0.1 | op=GET_FILE_STATUS {volume=volume10450, bucket=bucket92716, key=level0/level1/level1/file1, dataSize=0, replicationConfig=null} | ret=FAILURE
org.apache.hadoop.ozone.om.exceptions.OMException: Unable to get file status: volume: volume10450 bucket: bucket92716 key: level0/level1/level1/file1
	at org.apache.hadoop.ozone.om.KeyManagerImpl.getOzoneFileStatus(KeyManagerImpl.java:1196) ~[ozone-manager-1.4.0-SNAPSHOT.jar:?]
	at org.apache.hadoop.ozone.om.KeyManagerImpl.getFileStatus(KeyManagerImpl.java:1114) ~[ozone-manager-1.4.0-SNAPSHOT.jar:?]
	at org.apache.hadoop.ozone.om.OmMetadataReader.getFileStatus(OmMetadataReader.java:288) ~[ozone-manager-1.4.0-SNAPSHOT.jar:?]
	at org.apache.hadoop.ozone.om.OzoneManager.getFileStatus(OzoneManager.java:3494) ~[ozone-manager-1.4.0-SNAPSHOT.jar:?]
	at org.apache.hadoop.ozone.protocolPB.OzoneManagerRequestHandler.getOzoneFileStatus(OzoneManagerRequestHandler.java:933) ~[ozone-manager-1.4.0-SNAPSHOT.jar:?]
	at org.apache.hadoop.ozone.protocolPB.OzoneManagerRequestHandler.handleReadRequest(OzoneManagerRequestHandler.java:238) ~[ozone-manager-1.4.0-SNAPSHOT.jar:?]
	at org.apache.hadoop.ozone.protocolPB.OzoneManagerProtocolServerSideTranslatorPB.submitRequestDirectlyToOM(OzoneManagerProtocolServerSideTranslatorPB.java:272) ~[ozone-manager-1.4.0-SNAPSHOT.jar:?]
	at org.apache.hadoop.ozone.protocolPB.OzoneManagerProtocolServerSideTranslatorPB.processRequest(OzoneManagerProtocolServerSideTranslatorPB.java:173) ~[ozone-manager-1.4.0-SNAPSHOT.jar:?]
	at org.apache.hadoop.hdds.server.OzoneProtocolMessageDispatcher.processRequest(OzoneProtocolMessageDispatcher.java:87) [hdds-server-framework-1.4.0-SNAPSHOT.jar:?]
	at org.apache.hadoop.ozone.protocolPB.OzoneManagerProtocolServerSideTranslatorPB.submitRequest(OzoneManagerProtocolServerSideTranslatorPB.java:147) [ozone-manager-1.4.0-SNAPSHOT.jar:?]
	at org.apache.hadoop.ozone.protocol.proto.OzoneManagerProtocolProtos$OzoneManagerService$2.callBlockingMethod(OzoneManagerProtocolProtos.java) [ozone-interface-client-1.4.0-SNAPSHOT.jar:?]
	at org.apache.hadoop.ipc.ProtobufRpcEngine$Server.processCall(ProtobufRpcEngine.java:465) [hadoop-common-3.3.4.jar:?]
	at org.apache.hadoop.ipc.ProtobufRpcEngine2$Server$ProtoBufRpcInvoker.call(ProtobufRpcEngine2.java:578) [hadoop-common-3.3.4.jar:?]
	at org.apache.hadoop.ipc.ProtobufRpcEngine2$Server$ProtoBufRpcInvoker.call(ProtobufRpcEngine2.java:556) [hadoop-common-3.3.4.jar:?]
	at org.apache.hadoop.ipc.RPC$Server.call(RPC.java:1093) [hadoop-common-3.3.4.jar:?]
	at org.apache.hadoop.ipc.Server$RpcCall.run(Server.java:1043) [hadoop-common-3.3.4.jar:?]
	at org.apache.hadoop.ipc.Server$RpcCall.run(Server.java:971) [hadoop-common-3.3.4.jar:?]
	at java.security.AccessController.doPrivileged(Native Method) ~[?:1.8.0_362]
	at javax.security.auth.Subject.doAs(Subject.java:422) [?:1.8.0_362]
	at org.apache.hadoop.security.UserGroupInformation.doAs(UserGroupInformation.java:1878) [hadoop-common-3.3.4.jar:?]
	at org.apache.hadoop.ipc.Server$Handler.run(Server.java:2976) [hadoop-common-3.3.4.jar:?]
20:08:13.210 [IPC Server handler 10 on default port 41725] ERROR OMAudit - user=runner | ip=127.0.0.1 | op=GET_FILE_STATUS {volume=volume10450, bucket=bucket92716, key=level0/level2, dataSize=0, replicationConfig=null} | ret=FAILURE
org.apache.hadoop.ozone.om.exceptions.OMException: Unable to get file status: volume: volume10450 bucket: bucket92716 key: level0/level2
	at org.apache.hadoop.ozone.om.KeyManagerImpl.getOzoneFileStatus(KeyManagerImpl.java:1196) ~[ozone-manager-1.4.0-SNAPSHOT.jar:?]
	at org.apache.hadoop.ozone.om.KeyManagerImpl.getFileStatus(KeyManagerImpl.java:1114) ~[ozone-manager-1.4.0-SNAPSHOT.jar:?]
	at org.apache.hadoop.ozone.om.OmMetadataReader.getFileStatus(OmMetadataReader.java:288) ~[ozone-manager-1.4.0-SNAPSHOT.jar:?]
	at org.apache.hadoop.ozone.om.OzoneManager.getFileStatus(OzoneManager.java:3494) ~[ozone-manager-1.4.0-SNAPSHOT.jar:?]
	at org.apache.hadoop.ozone.protocolPB.OzoneManagerRequestHandler.getOzoneFileStatus(OzoneManagerRequestHandler.java:933) ~[ozone-manager-1.4.0-SNAPSHOT.jar:?]
	at org.apache.hadoop.ozone.protocolPB.OzoneManagerRequestHandler.handleReadRequest(OzoneManagerRequestHandler.java:238) ~[ozone-manager-1.4.0-SNAPSHOT.jar:?]
	at org.apache.hadoop.ozone.protocolPB.OzoneManagerProtocolServerSideTranslatorPB.submitRequestDirectlyToOM(OzoneManagerProtocolServerSideTranslatorPB.java:272) ~[ozone-manager-1.4.0-SNAPSHOT.jar:?]
	at org.apache.hadoop.ozone.protocolPB.OzoneManagerProtocolServerSideTranslatorPB.processRequest(OzoneManagerProtocolServerSideTranslatorPB.java:173) ~[ozone-manager-1.4.0-SNAPSHOT.jar:?]
	at org.apache.hadoop.hdds.server.OzoneProtocolMessageDispatcher.processRequest(OzoneProtocolMessageDispatcher.java:87) [hdds-server-framework-1.4.0-SNAPSHOT.jar:?]
	at org.apache.hadoop.ozone.protocolPB.OzoneManagerProtocolServerSideTranslatorPB.submitRequest(OzoneManagerProtocolServerSideTranslatorPB.java:147) [ozone-manager-1.4.0-SNAPSHOT.jar:?]
	at org.apache.hadoop.ozone.protocol.proto.OzoneManagerProtocolProtos$OzoneManagerService$2.callBlockingMethod(OzoneManagerProtocolProtos.java) [ozone-interface-client-1.4.0-SNAPSHOT.jar:?]
	at org.apache.hadoop.ipc.ProtobufRpcEngine$Server.processCall(ProtobufRpcEngine.java:465) [hadoop-common-3.3.4.jar:?]
	at org.apache.hadoop.ipc.ProtobufRpcEngine2$Server$ProtoBufRpcInvoker.call(ProtobufRpcEngine2.java:578) [hadoop-common-3.3.4.jar:?]
	at org.apache.hadoop.ipc.ProtobufRpcEngine2$Server$ProtoBufRpcInvoker.call(ProtobufRpcEngine2.java:556) [hadoop-common-3.3.4.jar:?]
	at org.apache.hadoop.ipc.RPC$Server.call(RPC.java:1093) [hadoop-common-3.3.4.jar:?]
	at org.apache.hadoop.ipc.Server$RpcCall.run(Server.java:1043) [hadoop-common-3.3.4.jar:?]
	at org.apache.hadoop.ipc.Server$RpcCall.run(Server.java:971) [hadoop-common-3.3.4.jar:?]
	at java.security.AccessController.doPrivileged(Native Method) ~[?:1.8.0_362]
	at javax.security.auth.Subject.doAs(Subject.java:422) [?:1.8.0_362]
	at org.apache.hadoop.security.UserGroupInformation.doAs(UserGroupInformation.java:1878) [hadoop-common-3.3.4.jar:?]
	at org.apache.hadoop.ipc.Server$Handler.run(Server.java:2976) [hadoop-common-3.3.4.jar:?]
20:08:13.211 [IPC Server handler 15 on default port 41725] ERROR OMAudit - user=runner | ip=127.0.0.1 | op=GET_FILE_STATUS {volume=volume10450, bucket=bucket92716, key=level0/level2/level2, dataSize=0, replicationConfig=null} | ret=FAILURE
org.apache.hadoop.ozone.om.exceptions.OMException: Unable to get file status: volume: volume10450 bucket: bucket92716 key: level0/level2/level2
	at org.apache.hadoop.ozone.om.KeyManagerImpl.getOzoneFileStatus(KeyManagerImpl.java:1196) ~[ozone-manager-1.4.0-SNAPSHOT.jar:?]
	at org.apache.hadoop.ozone.om.KeyManagerImpl.getFileStatus(KeyManagerImpl.java:1114) ~[ozone-manager-1.4.0-SNAPSHOT.jar:?]
	at org.apache.hadoop.ozone.om.OmMetadataReader.getFileStatus(OmMetadataReader.java:288) ~[ozone-manager-1.4.0-SNAPSHOT.jar:?]
	at org.apache.hadoop.ozone.om.OzoneManager.getFileStatus(OzoneManager.java:3494) ~[ozone-manager-1.4.0-SNAPSHOT.jar:?]
	at org.apache.hadoop.ozone.protocolPB.OzoneManagerRequestHandler.getOzoneFileStatus(OzoneManagerRequestHandler.java:933) ~[ozone-manager-1.4.0-SNAPSHOT.jar:?]
	at org.apache.hadoop.ozone.protocolPB.OzoneManagerRequestHandler.handleReadRequest(OzoneManagerRequestHandler.java:238) ~[ozone-manager-1.4.0-SNAPSHOT.jar:?]
	at org.apache.hadoop.ozone.protocolPB.OzoneManagerProtocolServerSideTranslatorPB.submitRequestDirectlyToOM(OzoneManagerProtocolServerSideTranslatorPB.java:272) ~[ozone-manager-1.4.0-SNAPSHOT.jar:?]
	at org.apache.hadoop.ozone.protocolPB.OzoneManagerProtocolServerSideTranslatorPB.processRequest(OzoneManagerProtocolServerSideTranslatorPB.java:173) ~[ozone-manager-1.4.0-SNAPSHOT.jar:?]
	at org.apache.hadoop.hdds.server.OzoneProtocolMessageDispatcher.processRequest(OzoneProtocolMessageDispatcher.java:87) [hdds-server-framework-1.4.0-SNAPSHOT.jar:?]
	at org.apache.hadoop.ozone.protocolPB.OzoneManagerProtocolServerSideTranslatorPB.submitRequest(OzoneManagerProtocolServerSideTranslatorPB.java:147) [ozone-manager-1.4.0-SNAPSHOT.jar:?]
	at org.apache.hadoop.ozone.protocol.proto.OzoneManagerProtocolProtos$OzoneManagerService$2.callBlockingMethod(OzoneManagerProtocolProtos.java) [ozone-interface-client-1.4.0-SNAPSHOT.jar:?]
	at org.apache.hadoop.ipc.ProtobufRpcEngine$Server.processCall(ProtobufRpcEngine.java:465) [hadoop-common-3.3.4.jar:?]
	at org.apache.hadoop.ipc.ProtobufRpcEngine2$Server$ProtoBufRpcInvoker.call(ProtobufRpcEngine2.java:578) [hadoop-common-3.3.4.jar:?]
	at org.apache.hadoop.ipc.ProtobufRpcEngine2$Server$ProtoBufRpcInvoker.call(ProtobufRpcEngine2.java:556) [hadoop-common-3.3.4.jar:?]
	at org.apache.hadoop.ipc.RPC$Server.call(RPC.java:1093) [hadoop-common-3.3.4.jar:?]
	at org.apache.hadoop.ipc.Server$RpcCall.run(Server.java:1043) [hadoop-common-3.3.4.jar:?]
	at org.apache.hadoop.ipc.Server$RpcCall.run(Server.java:971) [hadoop-common-3.3.4.jar:?]
	at java.security.AccessController.doPrivileged(Native Method) ~[?:1.8.0_362]
	at javax.security.auth.Subject.doAs(Subject.java:422) [?:1.8.0_362]
	at org.apache.hadoop.security.UserGroupInformation.doAs(UserGroupInformation.java:1878) [hadoop-common-3.3.4.jar:?]
	at org.apache.hadoop.ipc.Server$Handler.run(Server.java:2976) [hadoop-common-3.3.4.jar:?]
20:08:13.212 [IPC Server handler 17 on default port 41725] ERROR OMAudit - user=runner | ip=127.0.0.1 | op=GET_FILE_STATUS {volume=volume10450, bucket=bucket92716, key=level0/level2/file1, dataSize=0, replicationConfig=null} | ret=FAILURE
org.apache.hadoop.ozone.om.exceptions.OMException: Unable to get file status: volume: volume10450 bucket: bucket92716 key: level0/level2/file1
	at org.apache.hadoop.ozone.om.KeyManagerImpl.getOzoneFileStatus(KeyManagerImpl.java:1196) ~[ozone-manager-1.4.0-SNAPSHOT.jar:?]
	at org.apache.hadoop.ozone.om.KeyManagerImpl.getFileStatus(KeyManagerImpl.java:1114) ~[ozone-manager-1.4.0-SNAPSHOT.jar:?]
	at org.apache.hadoop.ozone.om.OmMetadataReader.getFileStatus(OmMetadataReader.java:288) ~[ozone-manager-1.4.0-SNAPSHOT.jar:?]
	at org.apache.hadoop.ozone.om.OzoneManager.getFileStatus(OzoneManager.java:3494) ~[ozone-manager-1.4.0-SNAPSHOT.jar:?]
	at org.apache.hadoop.ozone.protocolPB.OzoneManagerRequestHandler.getOzoneFileStatus(OzoneManagerRequestHandler.java:933) ~[ozone-manager-1.4.0-SNAPSHOT.jar:?]
	at org.apache.hadoop.ozone.protocolPB.OzoneManagerRequestHandler.handleReadRequest(OzoneManagerRequestHandler.java:238) ~[ozone-manager-1.4.0-SNAPSHOT.jar:?]
	at org.apache.hadoop.ozone.protocolPB.OzoneManagerProtocolServerSideTranslatorPB.submitRequestDirectlyToOM(OzoneManagerProtocolServerSideTranslatorPB.java:272) ~[ozone-manager-1.4.0-SNAPSHOT.jar:?]
	at org.apache.hadoop.ozone.protocolPB.OzoneManagerProtocolServerSideTranslatorPB.processRequest(OzoneManagerProtocolServerSideTranslatorPB.java:173) ~[ozone-manager-1.4.0-SNAPSHOT.jar:?]
	at org.apache.hadoop.hdds.server.OzoneProtocolMessageDispatcher.processRequest(OzoneProtocolMessageDispatcher.java:87) [hdds-server-framework-1.4.0-SNAPSHOT.jar:?]
	at org.apache.hadoop.ozone.protocolPB.OzoneManagerProtocolServerSideTranslatorPB.submitRequest(OzoneManagerProtocolServerSideTranslatorPB.java:147) [ozone-manager-1.4.0-SNAPSHOT.jar:?]
	at org.apache.hadoop.ozone.protocol.proto.OzoneManagerProtocolProtos$OzoneManagerService$2.callBlockingMethod(OzoneManagerProtocolProtos.java) [ozone-interface-client-1.4.0-SNAPSHOT.jar:?]
	at org.apache.hadoop.ipc.ProtobufRpcEngine$Server.processCall(ProtobufRpcEngine.java:465) [hadoop-common-3.3.4.jar:?]
	at org.apache.hadoop.ipc.ProtobufRpcEngine2$Server$ProtoBufRpcInvoker.call(ProtobufRpcEngine2.java:578) [hadoop-common-3.3.4.jar:?]
	at org.apache.hadoop.ipc.ProtobufRpcEngine2$Server$ProtoBufRpcInvoker.call(ProtobufRpcEngine2.java:556) [hadoop-common-3.3.4.jar:?]
	at org.apache.hadoop.ipc.RPC$Server.call(RPC.java:1093) [hadoop-common-3.3.4.jar:?]
	at org.apache.hadoop.ipc.Server$RpcCall.run(Server.java:1043) [hadoop-common-3.3.4.jar:?]
	at org.apache.hadoop.ipc.Server$RpcCall.run(Server.java:971) [hadoop-common-3.3.4.jar:?]
	at java.security.AccessController.doPrivileged(Native Method) ~[?:1.8.0_362]
	at javax.security.auth.Subject.doAs(Subject.java:422) [?:1.8.0_362]
	at org.apache.hadoop.security.UserGroupInformation.doAs(UserGroupInformation.java:1878) [hadoop-common-3.3.4.jar:?]
	at org.apache.hadoop.ipc.Server$Handler.run(Server.java:2976) [hadoop-common-3.3.4.jar:?]
20:08:13.213 [IPC Server handler 1 on default port 41725] ERROR OMAudit - user=runner | ip=127.0.0.1 | op=GET_FILE_STATUS {volume=volume10450, bucket=bucket92716, key=level0/level2/level2/file1, dataSize=0, replicationConfig=null} | ret=FAILURE
org.apache.hadoop.ozone.om.exceptions.OMException: Unable to get file status: volume: volume10450 bucket: bucket92716 key: level0/level2/level2/file1
	at org.apache.hadoop.ozone.om.KeyManagerImpl.getOzoneFileStatus(KeyManagerImpl.java:1196) ~[ozone-manager-1.4.0-SNAPSHOT.jar:?]
	at org.apache.hadoop.ozone.om.KeyManagerImpl.getFileStatus(KeyManagerImpl.java:1114) ~[ozone-manager-1.4.0-SNAPSHOT.jar:?]
	at org.apache.hadoop.ozone.om.OmMetadataReader.getFileStatus(OmMetadataReader.java:288) ~[ozone-manager-1.4.0-SNAPSHOT.jar:?]
	at org.apache.hadoop.ozone.om.OzoneManager.getFileStatus(OzoneManager.java:3494) ~[ozone-manager-1.4.0-SNAPSHOT.jar:?]
	at org.apache.hadoop.ozone.protocolPB.OzoneManagerRequestHandler.getOzoneFileStatus(OzoneManagerRequestHandler.java:933) ~[ozone-manager-1.4.0-SNAPSHOT.jar:?]
	at org.apache.hadoop.ozone.protocolPB.OzoneManagerRequestHandler.handleReadRequest(OzoneManagerRequestHandler.java:238) ~[ozone-manager-1.4.0-SNAPSHOT.jar:?]
	at org.apache.hadoop.ozone.protocolPB.OzoneManagerProtocolServerSideTranslatorPB.submitRequestDirectlyToOM(OzoneManagerProtocolServerSideTranslatorPB.java:272) ~[ozone-manager-1.4.0-SNAPSHOT.jar:?]
	at org.apache.hadoop.ozone.protocolPB.OzoneManagerProtocolServerSideTranslatorPB.processRequest(OzoneManagerProtocolServerSideTranslatorPB.java:173) ~[ozone-manager-1.4.0-SNAPSHOT.jar:?]
	at org.apache.hadoop.hdds.server.OzoneProtocolMessageDispatcher.processRequest(OzoneProtocolMessageDispatcher.java:87) [hdds-server-framework-1.4.0-SNAPSHOT.jar:?]
	at org.apache.hadoop.ozone.protocolPB.OzoneManagerProtocolServerSideTranslatorPB.submitRequest(OzoneManagerProtocolServerSideTranslatorPB.java:147) [ozone-manager-1.4.0-SNAPSHOT.jar:?]
	at org.apache.hadoop.ozone.protocol.proto.OzoneManagerProtocolProtos$OzoneManagerService$2.callBlockingMethod(OzoneManagerProtocolProtos.java) [ozone-interface-client-1.4.0-SNAPSHOT.jar:?]
	at org.apache.hadoop.ipc.ProtobufRpcEngine$Server.processCall(ProtobufRpcEngine.java:465) [hadoop-common-3.3.4.jar:?]
	at org.apache.hadoop.ipc.ProtobufRpcEngine2$Server$ProtoBufRpcInvoker.call(ProtobufRpcEngine2.java:578) [hadoop-common-3.3.4.jar:?]
	at org.apache.hadoop.ipc.ProtobufRpcEngine2$Server$ProtoBufRpcInvoker.call(ProtobufRpcEngine2.java:556) [hadoop-common-3.3.4.jar:?]
	at org.apache.hadoop.ipc.RPC$Server.call(RPC.java:1093) [hadoop-common-3.3.4.jar:?]
	at org.apache.hadoop.ipc.Server$RpcCall.run(Server.java:1043) [hadoop-common-3.3.4.jar:?]
	at org.apache.hadoop.ipc.Server$RpcCall.run(Server.java:971) [hadoop-common-3.3.4.jar:?]
	at java.security.AccessController.doPrivileged(Native Method) ~[?:1.8.0_362]
	at javax.security.auth.Subject.doAs(Subject.java:422) [?:1.8.0_362]
	at org.apache.hadoop.security.UserGroupInformation.doAs(UserGroupInformation.java:1878) [hadoop-common-3.3.4.jar:?]
	at org.apache.hadoop.ipc.Server$Handler.run(Server.java:2976) [hadoop-common-3.3.4.jar:?]
20:08:13.214 [IPC Server handler 2 on default port 41725] ERROR OMAudit - user=runner | ip=127.0.0.1 | op=GET_FILE_STATUS {volume=volume10450, bucket=bucket92716, key=level0/level3, dataSize=0, replicationConfig=null} | ret=FAILURE
org.apache.hadoop.ozone.om.exceptions.OMException: Unable to get file status: volume: volume10450 bucket: bucket92716 key: level0/level3
	at org.apache.hadoop.ozone.om.KeyManagerImpl.getOzoneFileStatus(KeyManagerImpl.java:1196) ~[ozone-manager-1.4.0-SNAPSHOT.jar:?]
	at org.apache.hadoop.ozone.om.KeyManagerImpl.getFileStatus(KeyManagerImpl.java:1114) ~[ozone-manager-1.4.0-SNAPSHOT.jar:?]
	at org.apache.hadoop.ozone.om.OmMetadataReader.getFileStatus(OmMetadataReader.java:288) ~[ozone-manager-1.4.0-SNAPSHOT.jar:?]
	at org.apache.hadoop.ozone.om.OzoneManager.getFileStatus(OzoneManager.java:3494) ~[ozone-manager-1.4.0-SNAPSHOT.jar:?]
	at org.apache.hadoop.ozone.protocolPB.OzoneManagerRequestHandler.getOzoneFileStatus(OzoneManagerRequestHandler.java:933) ~[ozone-manager-1.4.0-SNAPSHOT.jar:?]
	at org.apache.hadoop.ozone.protocolPB.OzoneManagerRequestHandler.handleReadRequest(OzoneManagerRequestHandler.java:238) ~[ozone-manager-1.4.0-SNAPSHOT.jar:?]
	at org.apache.hadoop.ozone.protocolPB.OzoneManagerProtocolServerSideTranslatorPB.submitRequestDirectlyToOM(OzoneManagerProtocolServerSideTranslatorPB.java:272) ~[ozone-manager-1.4.0-SNAPSHOT.jar:?]
	at org.apache.hadoop.ozone.protocolPB.OzoneManagerProtocolServerSideTranslatorPB.processRequest(OzoneManagerProtocolServerSideTranslatorPB.java:173) ~[ozone-manager-1.4.0-SNAPSHOT.jar:?]
	at org.apache.hadoop.hdds.server.OzoneProtocolMessageDispatcher.processRequest(OzoneProtocolMessageDispatcher.java:87) [hdds-server-framework-1.4.0-SNAPSHOT.jar:?]
	at org.apache.hadoop.ozone.protocolPB.OzoneManagerProtocolServerSideTranslatorPB.submitRequest(OzoneManagerProtocolServerSideTranslatorPB.java:147) [ozone-manager-1.4.0-SNAPSHOT.jar:?]
	at org.apache.hadoop.ozone.protocol.proto.OzoneManagerProtocolProtos$OzoneManagerService$2.callBlockingMethod(OzoneManagerProtocolProtos.java) [ozone-interface-client-1.4.0-SNAPSHOT.jar:?]
	at org.apache.hadoop.ipc.ProtobufRpcEngine$Server.processCall(ProtobufRpcEngine.java:465) [hadoop-common-3.3.4.jar:?]
	at org.apache.hadoop.ipc.ProtobufRpcEngine2$Server$ProtoBufRpcInvoker.call(ProtobufRpcEngine2.java:578) [hadoop-common-3.3.4.jar:?]
	at org.apache.hadoop.ipc.ProtobufRpcEngine2$Server$ProtoBufRpcInvoker.call(ProtobufRpcEngine2.java:556) [hadoop-common-3.3.4.jar:?]
	at org.apache.hadoop.ipc.RPC$Server.call(RPC.java:1093) [hadoop-common-3.3.4.jar:?]
	at org.apache.hadoop.ipc.Server$RpcCall.run(Server.java:1043) [hadoop-common-3.3.4.jar:?]
	at org.apache.hadoop.ipc.Server$RpcCall.run(Server.java:971) [hadoop-common-3.3.4.jar:?]
	at java.security.AccessController.doPrivileged(Native Method) ~[?:1.8.0_362]
	at javax.security.auth.Subject.doAs(Subject.java:422) [?:1.8.0_362]
	at org.apache.hadoop.security.UserGroupInformation.doAs(UserGroupInformation.java:1878) [hadoop-common-3.3.4.jar:?]
	at org.apache.hadoop.ipc.Server$Handler.run(Server.java:2976) [hadoop-common-3.3.4.jar:?]
20:08:13.215 [IPC Server handler 7 on default port 41725] ERROR OMAudit - user=runner | ip=127.0.0.1 | op=GET_FILE_STATUS {volume=volume10450, bucket=bucket92716, key=level0/level3/level3, dataSize=0, replicationConfig=null} | ret=FAILURE
org.apache.hadoop.ozone.om.exceptions.OMException: Unable to get file status: volume: volume10450 bucket: bucket92716 key: level0/level3/level3
	at org.apache.hadoop.ozone.om.KeyManagerImpl.getOzoneFileStatus(KeyManagerImpl.java:1196) ~[ozone-manager-1.4.0-SNAPSHOT.jar:?]
	at org.apache.hadoop.ozone.om.KeyManagerImpl.getFileStatus(KeyManagerImpl.java:1114) ~[ozone-manager-1.4.0-SNAPSHOT.jar:?]
	at org.apache.hadoop.ozone.om.OmMetadataReader.getFileStatus(OmMetadataReader.java:288) ~[ozone-manager-1.4.0-SNAPSHOT.jar:?]
	at org.apache.hadoop.ozone.om.OzoneManager.getFileStatus(OzoneManager.java:3494) ~[ozone-manager-1.4.0-SNAPSHOT.jar:?]
	at org.apache.hadoop.ozone.protocolPB.OzoneManagerRequestHandler.getOzoneFileStatus(OzoneManagerRequestHandler.java:933) ~[ozone-manager-1.4.0-SNAPSHOT.jar:?]
	at org.apache.hadoop.ozone.protocolPB.OzoneManagerRequestHandler.handleReadRequest(OzoneManagerRequestHandler.java:238) ~[ozone-manager-1.4.0-SNAPSHOT.jar:?]
	at org.apache.hadoop.ozone.protocolPB.OzoneManagerProtocolServerSideTranslatorPB.submitRequestDirectlyToOM(OzoneManagerProtocolServerSideTranslatorPB.java:272) ~[ozone-manager-1.4.0-SNAPSHOT.jar:?]
	at org.apache.hadoop.ozone.protocolPB.OzoneManagerProtocolServerSideTranslatorPB.processRequest(OzoneManagerProtocolServerSideTranslatorPB.java:173) ~[ozone-manager-1.4.0-SNAPSHOT.jar:?]
	at org.apache.hadoop.hdds.server.OzoneProtocolMessageDispatcher.processRequest(OzoneProtocolMessageDispatcher.java:87) [hdds-server-framework-1.4.0-SNAPSHOT.jar:?]
	at org.apache.hadoop.ozone.protocolPB.OzoneManagerProtocolServerSideTranslatorPB.submitRequest(OzoneManagerProtocolServerSideTranslatorPB.java:147) [ozone-manager-1.4.0-SNAPSHOT.jar:?]
	at org.apache.hadoop.ozone.protocol.proto.OzoneManagerProtocolProtos$OzoneManagerService$2.callBlockingMethod(OzoneManagerProtocolProtos.java) [ozone-interface-client-1.4.0-SNAPSHOT.jar:?]
	at org.apache.hadoop.ipc.ProtobufRpcEngine$Server.processCall(ProtobufRpcEngine.java:465) [hadoop-common-3.3.4.jar:?]
	at org.apache.hadoop.ipc.ProtobufRpcEngine2$Server$ProtoBufRpcInvoker.call(ProtobufRpcEngine2.java:578) [hadoop-common-3.3.4.jar:?]
	at org.apache.hadoop.ipc.ProtobufRpcEngine2$Server$ProtoBufRpcInvoker.call(ProtobufRpcEngine2.java:556) [hadoop-common-3.3.4.jar:?]
	at org.apache.hadoop.ipc.RPC$Server.call(RPC.java:1093) [hadoop-common-3.3.4.jar:?]
	at org.apache.hadoop.ipc.Server$RpcCall.run(Server.java:1043) [hadoop-common-3.3.4.jar:?]
	at org.apache.hadoop.ipc.Server$RpcCall.run(Server.java:971) [hadoop-common-3.3.4.jar:?]
	at java.security.AccessController.doPrivileged(Native Method) ~[?:1.8.0_362]
	at javax.security.auth.Subject.doAs(Subject.java:422) [?:1.8.0_362]
	at org.apache.hadoop.security.UserGroupInformation.doAs(UserGroupInformation.java:1878) [hadoop-common-3.3.4.jar:?]
	at org.apache.hadoop.ipc.Server$Handler.run(Server.java:2976) [hadoop-common-3.3.4.jar:?]
20:08:13.216 [IPC Server handler 11 on default port 41725] ERROR OMAudit - user=runner | ip=127.0.0.1 | op=GET_FILE_STATUS {volume=volume10450, bucket=bucket92716, key=level0/level3/file1, dataSize=0, replicationConfig=null} | ret=FAILURE
org.apache.hadoop.ozone.om.exceptions.OMException: Unable to get file status: volume: volume10450 bucket: bucket92716 key: level0/level3/file1
	at org.apache.hadoop.ozone.om.KeyManagerImpl.getOzoneFileStatus(KeyManagerImpl.java:1196) ~[ozone-manager-1.4.0-SNAPSHOT.jar:?]
	at org.apache.hadoop.ozone.om.KeyManagerImpl.getFileStatus(KeyManagerImpl.java:1114) ~[ozone-manager-1.4.0-SNAPSHOT.jar:?]
	at org.apache.hadoop.ozone.om.OmMetadataReader.getFileStatus(OmMetadataReader.java:288) ~[ozone-manager-1.4.0-SNAPSHOT.jar:?]
	at org.apache.hadoop.ozone.om.OzoneManager.getFileStatus(OzoneManager.java:3494) ~[ozone-manager-1.4.0-SNAPSHOT.jar:?]
	at org.apache.hadoop.ozone.protocolPB.OzoneManagerRequestHandler.getOzoneFileStatus(OzoneManagerRequestHandler.java:933) ~[ozone-manager-1.4.0-SNAPSHOT.jar:?]
	at org.apache.hadoop.ozone.protocolPB.OzoneManagerRequestHandler.handleReadRequest(OzoneManagerRequestHandler.java:238) ~[ozone-manager-1.4.0-SNAPSHOT.jar:?]
	at org.apache.hadoop.ozone.protocolPB.OzoneManagerProtocolServerSideTranslatorPB.submitRequestDirectlyToOM(OzoneManagerProtocolServerSideTranslatorPB.java:272) ~[ozone-manager-1.4.0-SNAPSHOT.jar:?]
	at org.apache.hadoop.ozone.protocolPB.OzoneManagerProtocolServerSideTranslatorPB.processRequest(OzoneManagerProtocolServerSideTranslatorPB.java:173) ~[ozone-manager-1.4.0-SNAPSHOT.jar:?]
	at org.apache.hadoop.hdds.server.OzoneProtocolMessageDispatcher.processRequest(OzoneProtocolMessageDispatcher.java:87) [hdds-server-framework-1.4.0-SNAPSHOT.jar:?]
	at org.apache.hadoop.ozone.protocolPB.OzoneManagerProtocolServerSideTranslatorPB.submitRequest(OzoneManagerProtocolServerSideTranslatorPB.java:147) [ozone-manager-1.4.0-SNAPSHOT.jar:?]
	at org.apache.hadoop.ozone.protocol.proto.OzoneManagerProtocolProtos$OzoneManagerService$2.callBlockingMethod(OzoneManagerProtocolProtos.java) [ozone-interface-client-1.4.0-SNAPSHOT.jar:?]
	at org.apache.hadoop.ipc.ProtobufRpcEngine$Server.processCall(ProtobufRpcEngine.java:465) [hadoop-common-3.3.4.jar:?]
	at org.apache.hadoop.ipc.ProtobufRpcEngine2$Server$ProtoBufRpcInvoker.call(ProtobufRpcEngine2.java:578) [hadoop-common-3.3.4.jar:?]
	at org.apache.hadoop.ipc.ProtobufRpcEngine2$Server$ProtoBufRpcInvoker.call(ProtobufRpcEngine2.java:556) [hadoop-common-3.3.4.jar:?]
	at org.apache.hadoop.ipc.RPC$Server.call(RPC.java:1093) [hadoop-common-3.3.4.jar:?]
	at org.apache.hadoop.ipc.Server$RpcCall.run(Server.java:1043) [hadoop-common-3.3.4.jar:?]
	at org.apache.hadoop.ipc.Server$RpcCall.run(Server.java:971) [hadoop-common-3.3.4.jar:?]
	at java.security.AccessController.doPrivileged(Native Method) ~[?:1.8.0_362]
	at javax.security.auth.Subject.doAs(Subject.java:422) [?:1.8.0_362]
	at org.apache.hadoop.security.UserGroupInformation.doAs(UserGroupInformation.java:1878) [hadoop-common-3.3.4.jar:?]
	at org.apache.hadoop.ipc.Server$Handler.run(Server.java:2976) [hadoop-common-3.3.4.jar:?]
20:08:13.217 [IPC Server handler 13 on default port 41725] ERROR OMAudit - user=runner | ip=127.0.0.1 | op=GET_FILE_STATUS {volume=volume10450, bucket=bucket92716, key=level0/level3/level3/file1, dataSize=0, replicationConfig=null} | ret=FAILURE
org.apache.hadoop.ozone.om.exceptions.OMException: Unable to get file status: volume: volume10450 bucket: bucket92716 key: level0/level3/level3/file1
	at org.apache.hadoop.ozone.om.KeyManagerImpl.getOzoneFileStatus(KeyManagerImpl.java:1196) ~[ozone-manager-1.4.0-SNAPSHOT.jar:?]
	at org.apache.hadoop.ozone.om.KeyManagerImpl.getFileStatus(KeyManagerImpl.java:1114) ~[ozone-manager-1.4.0-SNAPSHOT.jar:?]
	at org.apache.hadoop.ozone.om.OmMetadataReader.getFileStatus(OmMetadataReader.java:288) ~[ozone-manager-1.4.0-SNAPSHOT.jar:?]
	at org.apache.hadoop.ozone.om.OzoneManager.getFileStatus(OzoneManager.java:3494) ~[ozone-manager-1.4.0-SNAPSHOT.jar:?]
	at org.apache.hadoop.ozone.protocolPB.OzoneManagerRequestHandler.getOzoneFileStatus(OzoneManagerRequestHandler.java:933) ~[ozone-manager-1.4.0-SNAPSHOT.jar:?]
	at org.apache.hadoop.ozone.protocolPB.OzoneManagerRequestHandler.handleReadRequest(OzoneManagerRequestHandler.java:238) ~[ozone-manager-1.4.0-SNAPSHOT.jar:?]
	at org.apache.hadoop.ozone.protocolPB.OzoneManagerProtocolServerSideTranslatorPB.submitRequestDirectlyToOM(OzoneManagerProtocolServerSideTranslatorPB.java:272) ~[ozone-manager-1.4.0-SNAPSHOT.jar:?]
	at org.apache.hadoop.ozone.protocolPB.OzoneManagerProtocolServerSideTranslatorPB.processRequest(OzoneManagerProtocolServerSideTranslatorPB.java:173) ~[ozone-manager-1.4.0-SNAPSHOT.jar:?]
	at org.apache.hadoop.hdds.server.OzoneProtocolMessageDispatcher.processRequest(OzoneProtocolMessageDispatcher.java:87) [hdds-server-framework-1.4.0-SNAPSHOT.jar:?]
	at org.apache.hadoop.ozone.protocolPB.OzoneManagerProtocolServerSideTranslatorPB.submitRequest(OzoneManagerProtocolServerSideTranslatorPB.java:147) [ozone-manager-1.4.0-SNAPSHOT.jar:?]
	at org.apache.hadoop.ozone.protocol.proto.OzoneManagerProtocolProtos$OzoneManagerService$2.callBlockingMethod(OzoneManagerProtocolProtos.java) [ozone-interface-client-1.4.0-SNAPSHOT.jar:?]
	at org.apache.hadoop.ipc.ProtobufRpcEngine$Server.processCall(ProtobufRpcEngine.java:465) [hadoop-common-3.3.4.jar:?]
	at org.apache.hadoop.ipc.ProtobufRpcEngine2$Server$ProtoBufRpcInvoker.call(ProtobufRpcEngine2.java:578) [hadoop-common-3.3.4.jar:?]
	at org.apache.hadoop.ipc.ProtobufRpcEngine2$Server$ProtoBufRpcInvoker.call(ProtobufRpcEngine2.java:556) [hadoop-common-3.3.4.jar:?]
	at org.apache.hadoop.ipc.RPC$Server.call(RPC.java:1093) [hadoop-common-3.3.4.jar:?]
	at org.apache.hadoop.ipc.Server$RpcCall.run(Server.java:1043) [hadoop-common-3.3.4.jar:?]
	at org.apache.hadoop.ipc.Server$RpcCall.run(Server.java:971) [hadoop-common-3.3.4.jar:?]
	at java.security.AccessController.doPrivileged(Native Method) ~[?:1.8.0_362]
	at javax.security.auth.Subject.doAs(Subject.java:422) [?:1.8.0_362]
	at org.apache.hadoop.security.UserGroupInformation.doAs(UserGroupInformation.java:1878) [hadoop-common-3.3.4.jar:?]
	at org.apache.hadoop.ipc.Server$Handler.run(Server.java:2976) [hadoop-common-3.3.4.jar:?]
]]></system-out>
  </testcase>
  <testcase name="testGetTrashRoots" classname="TestOzoneFileSystem" time="0.101">
    <system-out><![CDATA[20:04:16.397 [IPC Server handler 0 on default port 35091] ERROR OMAudit - user=runner | ip=127.0.0.1 | op=GET_FILE_STATUS {volume=volume04068, bucket=bucket31801, key=.Trash/runner, dataSize=0, replicationConfig=null} | ret=FAILURE
org.apache.hadoop.ozone.om.exceptions.OMException: Unable to get file status: volume: volume04068 bucket: bucket31801 key: .Trash/runner
	at org.apache.hadoop.ozone.om.KeyManagerImpl.getOzoneFileStatus(KeyManagerImpl.java:1196) ~[ozone-manager-1.4.0-SNAPSHOT.jar:?]
	at org.apache.hadoop.ozone.om.KeyManagerImpl.getFileStatus(KeyManagerImpl.java:1114) ~[ozone-manager-1.4.0-SNAPSHOT.jar:?]
	at org.apache.hadoop.ozone.om.OmMetadataReader.getFileStatus(OmMetadataReader.java:288) ~[ozone-manager-1.4.0-SNAPSHOT.jar:?]
	at org.apache.hadoop.ozone.om.OzoneManager.getFileStatus(OzoneManager.java:3494) ~[ozone-manager-1.4.0-SNAPSHOT.jar:?]
	at org.apache.hadoop.ozone.protocolPB.OzoneManagerRequestHandler.getOzoneFileStatus(OzoneManagerRequestHandler.java:933) ~[ozone-manager-1.4.0-SNAPSHOT.jar:?]
	at org.apache.hadoop.ozone.protocolPB.OzoneManagerRequestHandler.handleReadRequest(OzoneManagerRequestHandler.java:238) ~[ozone-manager-1.4.0-SNAPSHOT.jar:?]
	at org.apache.hadoop.ozone.protocolPB.OzoneManagerProtocolServerSideTranslatorPB.submitReadRequestToOM(OzoneManagerProtocolServerSideTranslatorPB.java:223) ~[ozone-manager-1.4.0-SNAPSHOT.jar:?]
	at org.apache.hadoop.ozone.protocolPB.OzoneManagerProtocolServerSideTranslatorPB.processRequest(OzoneManagerProtocolServerSideTranslatorPB.java:177) ~[ozone-manager-1.4.0-SNAPSHOT.jar:?]
	at org.apache.hadoop.hdds.server.OzoneProtocolMessageDispatcher.processRequest(OzoneProtocolMessageDispatcher.java:87) [hdds-server-framework-1.4.0-SNAPSHOT.jar:?]
	at org.apache.hadoop.ozone.protocolPB.OzoneManagerProtocolServerSideTranslatorPB.submitRequest(OzoneManagerProtocolServerSideTranslatorPB.java:147) [ozone-manager-1.4.0-SNAPSHOT.jar:?]
	at org.apache.hadoop.ozone.protocol.proto.OzoneManagerProtocolProtos$OzoneManagerService$2.callBlockingMethod(OzoneManagerProtocolProtos.java) [ozone-interface-client-1.4.0-SNAPSHOT.jar:?]
	at org.apache.hadoop.ipc.ProtobufRpcEngine$Server.processCall(ProtobufRpcEngine.java:465) [hadoop-common-3.3.4.jar:?]
	at org.apache.hadoop.ipc.ProtobufRpcEngine2$Server$ProtoBufRpcInvoker.call(ProtobufRpcEngine2.java:578) [hadoop-common-3.3.4.jar:?]
	at org.apache.hadoop.ipc.ProtobufRpcEngine2$Server$ProtoBufRpcInvoker.call(ProtobufRpcEngine2.java:556) [hadoop-common-3.3.4.jar:?]
	at org.apache.hadoop.ipc.RPC$Server.call(RPC.java:1093) [hadoop-common-3.3.4.jar:?]
	at org.apache.hadoop.ipc.Server$RpcCall.run(Server.java:1043) [hadoop-common-3.3.4.jar:?]
	at org.apache.hadoop.ipc.Server$RpcCall.run(Server.java:971) [hadoop-common-3.3.4.jar:?]
	at java.security.AccessController.doPrivileged(Native Method) ~[?:1.8.0_362]
	at javax.security.auth.Subject.doAs(Subject.java:422) [?:1.8.0_362]
	at org.apache.hadoop.security.UserGroupInformation.doAs(UserGroupInformation.java:1878) [hadoop-common-3.3.4.jar:?]
	at org.apache.hadoop.ipc.Server$Handler.run(Server.java:2976) [hadoop-common-3.3.4.jar:?]
]]></system-out>
  </testcase>
  <testcase name="testGetTrashRoots" classname="TestOzoneFileSystem" time="0.029">
    <system-out><![CDATA[20:05:50.594 [IPC Server handler 15 on default port 40321] ERROR OMAudit - user=runner | ip=127.0.0.1 | op=GET_FILE_STATUS {volume=volume45206, bucket=bucket25127, key=.Trash/runner, dataSize=0, replicationConfig=null} | ret=FAILURE
org.apache.hadoop.ozone.om.exceptions.OMException: Unable to get file status: volume: volume45206 bucket: bucket25127 key: .Trash/runner
	at org.apache.hadoop.ozone.om.KeyManagerImpl.getOzoneFileStatus(KeyManagerImpl.java:1196) ~[ozone-manager-1.4.0-SNAPSHOT.jar:?]
	at org.apache.hadoop.ozone.om.KeyManagerImpl.getFileStatus(KeyManagerImpl.java:1114) ~[ozone-manager-1.4.0-SNAPSHOT.jar:?]
	at org.apache.hadoop.ozone.om.OmMetadataReader.getFileStatus(OmMetadataReader.java:288) ~[ozone-manager-1.4.0-SNAPSHOT.jar:?]
	at org.apache.hadoop.ozone.om.OzoneManager.getFileStatus(OzoneManager.java:3494) ~[ozone-manager-1.4.0-SNAPSHOT.jar:?]
	at org.apache.hadoop.ozone.protocolPB.OzoneManagerRequestHandler.getOzoneFileStatus(OzoneManagerRequestHandler.java:933) ~[ozone-manager-1.4.0-SNAPSHOT.jar:?]
	at org.apache.hadoop.ozone.protocolPB.OzoneManagerRequestHandler.handleReadRequest(OzoneManagerRequestHandler.java:238) ~[ozone-manager-1.4.0-SNAPSHOT.jar:?]
	at org.apache.hadoop.ozone.protocolPB.OzoneManagerProtocolServerSideTranslatorPB.submitRequestDirectlyToOM(OzoneManagerProtocolServerSideTranslatorPB.java:272) ~[ozone-manager-1.4.0-SNAPSHOT.jar:?]
	at org.apache.hadoop.ozone.protocolPB.OzoneManagerProtocolServerSideTranslatorPB.processRequest(OzoneManagerProtocolServerSideTranslatorPB.java:173) ~[ozone-manager-1.4.0-SNAPSHOT.jar:?]
	at org.apache.hadoop.hdds.server.OzoneProtocolMessageDispatcher.processRequest(OzoneProtocolMessageDispatcher.java:87) [hdds-server-framework-1.4.0-SNAPSHOT.jar:?]
	at org.apache.hadoop.ozone.protocolPB.OzoneManagerProtocolServerSideTranslatorPB.submitRequest(OzoneManagerProtocolServerSideTranslatorPB.java:147) [ozone-manager-1.4.0-SNAPSHOT.jar:?]
	at org.apache.hadoop.ozone.protocol.proto.OzoneManagerProtocolProtos$OzoneManagerService$2.callBlockingMethod(OzoneManagerProtocolProtos.java) [ozone-interface-client-1.4.0-SNAPSHOT.jar:?]
	at org.apache.hadoop.ipc.ProtobufRpcEngine$Server.processCall(ProtobufRpcEngine.java:465) [hadoop-common-3.3.4.jar:?]
	at org.apache.hadoop.ipc.ProtobufRpcEngine2$Server$ProtoBufRpcInvoker.call(ProtobufRpcEngine2.java:578) [hadoop-common-3.3.4.jar:?]
	at org.apache.hadoop.ipc.ProtobufRpcEngine2$Server$ProtoBufRpcInvoker.call(ProtobufRpcEngine2.java:556) [hadoop-common-3.3.4.jar:?]
	at org.apache.hadoop.ipc.RPC$Server.call(RPC.java:1093) [hadoop-common-3.3.4.jar:?]
	at org.apache.hadoop.ipc.Server$RpcCall.run(Server.java:1043) [hadoop-common-3.3.4.jar:?]
	at org.apache.hadoop.ipc.Server$RpcCall.run(Server.java:971) [hadoop-common-3.3.4.jar:?]
	at java.security.AccessController.doPrivileged(Native Method) ~[?:1.8.0_362]
	at javax.security.auth.Subject.doAs(Subject.java:422) [?:1.8.0_362]
	at org.apache.hadoop.security.UserGroupInformation.doAs(UserGroupInformation.java:1878) [hadoop-common-3.3.4.jar:?]
	at org.apache.hadoop.ipc.Server$Handler.run(Server.java:2976) [hadoop-common-3.3.4.jar:?]
]]></system-out>
  </testcase>
  <testcase name="testGetTrashRoots" classname="TestOzoneFileSystem" time="0.032">
    <system-out><![CDATA[20:06:54.577 [IPC Server handler 12 on default port 37437] ERROR OMAudit - user=runner | ip=127.0.0.1 | op=GET_FILE_STATUS {volume=volume46233, bucket=bucket02547, key=.Trash/runner, dataSize=0, replicationConfig=null} | ret=FAILURE
org.apache.hadoop.ozone.om.exceptions.OMException: Unable to get file status: volume: volume46233 bucket: bucket02547 key: .Trash/runner
	at org.apache.hadoop.ozone.om.KeyManagerImpl.getOzoneFileStatus(KeyManagerImpl.java:1196) ~[ozone-manager-1.4.0-SNAPSHOT.jar:?]
	at org.apache.hadoop.ozone.om.KeyManagerImpl.getFileStatus(KeyManagerImpl.java:1114) ~[ozone-manager-1.4.0-SNAPSHOT.jar:?]
	at org.apache.hadoop.ozone.om.OmMetadataReader.getFileStatus(OmMetadataReader.java:288) ~[ozone-manager-1.4.0-SNAPSHOT.jar:?]
	at org.apache.hadoop.ozone.om.OzoneManager.getFileStatus(OzoneManager.java:3494) ~[ozone-manager-1.4.0-SNAPSHOT.jar:?]
	at org.apache.hadoop.ozone.protocolPB.OzoneManagerRequestHandler.getOzoneFileStatus(OzoneManagerRequestHandler.java:933) ~[ozone-manager-1.4.0-SNAPSHOT.jar:?]
	at org.apache.hadoop.ozone.protocolPB.OzoneManagerRequestHandler.handleReadRequest(OzoneManagerRequestHandler.java:238) ~[ozone-manager-1.4.0-SNAPSHOT.jar:?]
	at org.apache.hadoop.ozone.protocolPB.OzoneManagerProtocolServerSideTranslatorPB.submitReadRequestToOM(OzoneManagerProtocolServerSideTranslatorPB.java:223) ~[ozone-manager-1.4.0-SNAPSHOT.jar:?]
	at org.apache.hadoop.ozone.protocolPB.OzoneManagerProtocolServerSideTranslatorPB.processRequest(OzoneManagerProtocolServerSideTranslatorPB.java:177) ~[ozone-manager-1.4.0-SNAPSHOT.jar:?]
	at org.apache.hadoop.hdds.server.OzoneProtocolMessageDispatcher.processRequest(OzoneProtocolMessageDispatcher.java:87) [hdds-server-framework-1.4.0-SNAPSHOT.jar:?]
	at org.apache.hadoop.ozone.protocolPB.OzoneManagerProtocolServerSideTranslatorPB.submitRequest(OzoneManagerProtocolServerSideTranslatorPB.java:147) [ozone-manager-1.4.0-SNAPSHOT.jar:?]
	at org.apache.hadoop.ozone.protocol.proto.OzoneManagerProtocolProtos$OzoneManagerService$2.callBlockingMethod(OzoneManagerProtocolProtos.java) [ozone-interface-client-1.4.0-SNAPSHOT.jar:?]
	at org.apache.hadoop.ipc.ProtobufRpcEngine$Server.processCall(ProtobufRpcEngine.java:465) [hadoop-common-3.3.4.jar:?]
	at org.apache.hadoop.ipc.ProtobufRpcEngine2$Server$ProtoBufRpcInvoker.call(ProtobufRpcEngine2.java:578) [hadoop-common-3.3.4.jar:?]
	at org.apache.hadoop.ipc.ProtobufRpcEngine2$Server$ProtoBufRpcInvoker.call(ProtobufRpcEngine2.java:556) [hadoop-common-3.3.4.jar:?]
	at org.apache.hadoop.ipc.RPC$Server.call(RPC.java:1093) [hadoop-common-3.3.4.jar:?]
	at org.apache.hadoop.ipc.Server$RpcCall.run(Server.java:1043) [hadoop-common-3.3.4.jar:?]
	at org.apache.hadoop.ipc.Server$RpcCall.run(Server.java:971) [hadoop-common-3.3.4.jar:?]
	at java.security.AccessController.doPrivileged(Native Method) ~[?:1.8.0_362]
	at javax.security.auth.Subject.doAs(Subject.java:422) [?:1.8.0_362]
	at org.apache.hadoop.security.UserGroupInformation.doAs(UserGroupInformation.java:1878) [hadoop-common-3.3.4.jar:?]
	at org.apache.hadoop.ipc.Server$Handler.run(Server.java:2976) [hadoop-common-3.3.4.jar:?]
]]></system-out>
  </testcase>
  <testcase name="testGetTrashRoots" classname="TestOzoneFileSystem" time="0.022">
    <system-out><![CDATA[20:08:13.221 [IPC Server handler 16 on default port 41725] ERROR OMAudit - user=runner | ip=127.0.0.1 | op=GET_FILE_STATUS {volume=volume10450, bucket=bucket92716, key=.Trash/runner, dataSize=0, replicationConfig=null} | ret=FAILURE
org.apache.hadoop.ozone.om.exceptions.OMException: Unable to get file status: volume: volume10450 bucket: bucket92716 key: .Trash/runner
	at org.apache.hadoop.ozone.om.KeyManagerImpl.getOzoneFileStatus(KeyManagerImpl.java:1196) ~[ozone-manager-1.4.0-SNAPSHOT.jar:?]
	at org.apache.hadoop.ozone.om.KeyManagerImpl.getFileStatus(KeyManagerImpl.java:1114) ~[ozone-manager-1.4.0-SNAPSHOT.jar:?]
	at org.apache.hadoop.ozone.om.OmMetadataReader.getFileStatus(OmMetadataReader.java:288) ~[ozone-manager-1.4.0-SNAPSHOT.jar:?]
	at org.apache.hadoop.ozone.om.OzoneManager.getFileStatus(OzoneManager.java:3494) ~[ozone-manager-1.4.0-SNAPSHOT.jar:?]
	at org.apache.hadoop.ozone.protocolPB.OzoneManagerRequestHandler.getOzoneFileStatus(OzoneManagerRequestHandler.java:933) ~[ozone-manager-1.4.0-SNAPSHOT.jar:?]
	at org.apache.hadoop.ozone.protocolPB.OzoneManagerRequestHandler.handleReadRequest(OzoneManagerRequestHandler.java:238) ~[ozone-manager-1.4.0-SNAPSHOT.jar:?]
	at org.apache.hadoop.ozone.protocolPB.OzoneManagerProtocolServerSideTranslatorPB.submitRequestDirectlyToOM(OzoneManagerProtocolServerSideTranslatorPB.java:272) ~[ozone-manager-1.4.0-SNAPSHOT.jar:?]
	at org.apache.hadoop.ozone.protocolPB.OzoneManagerProtocolServerSideTranslatorPB.processRequest(OzoneManagerProtocolServerSideTranslatorPB.java:173) ~[ozone-manager-1.4.0-SNAPSHOT.jar:?]
	at org.apache.hadoop.hdds.server.OzoneProtocolMessageDispatcher.processRequest(OzoneProtocolMessageDispatcher.java:87) [hdds-server-framework-1.4.0-SNAPSHOT.jar:?]
	at org.apache.hadoop.ozone.protocolPB.OzoneManagerProtocolServerSideTranslatorPB.submitRequest(OzoneManagerProtocolServerSideTranslatorPB.java:147) [ozone-manager-1.4.0-SNAPSHOT.jar:?]
	at org.apache.hadoop.ozone.protocol.proto.OzoneManagerProtocolProtos$OzoneManagerService$2.callBlockingMethod(OzoneManagerProtocolProtos.java) [ozone-interface-client-1.4.0-SNAPSHOT.jar:?]
	at org.apache.hadoop.ipc.ProtobufRpcEngine$Server.processCall(ProtobufRpcEngine.java:465) [hadoop-common-3.3.4.jar:?]
	at org.apache.hadoop.ipc.ProtobufRpcEngine2$Server$ProtoBufRpcInvoker.call(ProtobufRpcEngine2.java:578) [hadoop-common-3.3.4.jar:?]
	at org.apache.hadoop.ipc.ProtobufRpcEngine2$Server$ProtoBufRpcInvoker.call(ProtobufRpcEngine2.java:556) [hadoop-common-3.3.4.jar:?]
	at org.apache.hadoop.ipc.RPC$Server.call(RPC.java:1093) [hadoop-common-3.3.4.jar:?]
	at org.apache.hadoop.ipc.Server$RpcCall.run(Server.java:1043) [hadoop-common-3.3.4.jar:?]
	at org.apache.hadoop.ipc.Server$RpcCall.run(Server.java:971) [hadoop-common-3.3.4.jar:?]
	at java.security.AccessController.doPrivileged(Native Method) ~[?:1.8.0_362]
	at javax.security.auth.Subject.doAs(Subject.java:422) [?:1.8.0_362]
	at org.apache.hadoop.security.UserGroupInformation.doAs(UserGroupInformation.java:1878) [hadoop-common-3.3.4.jar:?]
	at org.apache.hadoop.ipc.Server$Handler.run(Server.java:2976) [hadoop-common-3.3.4.jar:?]
]]></system-out>
  </testcase>
  <testcase name="testCreateDoesNotAddParentDirKeys" classname="TestOzoneFileSystem" time="0.072">
    <system-out><![CDATA[2023-03-16 20:04:16,515 [OM StateMachine ApplyTransaction Thread - 0] INFO  key.OMKeyRequest (OMKeyRequest.java:wrapUncommittedBlocksAsPseudoKey(838)) - Detect allocated but uncommitted blocks [{blockID={containerID=2, localID=111677748019200031}, length=4194304, offset=0, token=null, pipeline=null, createVersion=0, partNumber=0}] in key testCreateDoesNotAddParentDirKeys/parent/child.
]]></system-out>
  </testcase>
  <testcase name="testCreateDoesNotAddParentDirKeys" classname="TestOzoneFileSystem" time="0.021">
    <system-out><![CDATA[2023-03-16 20:05:50,628 [IPC Server handler 11 on default port 40321] INFO  key.OMKeyRequest (OMKeyRequest.java:wrapUncommittedBlocksAsPseudoKey(838)) - Detect allocated but uncommitted blocks [{blockID={containerID=4, localID=111677748019200031}, length=4194304, offset=0, token=null, pipeline=null, createVersion=0, partNumber=0}] in key testCreateDoesNotAddParentDirKeys/parent/child.
]]></system-out>
  </testcase>
  <testcase name="testCreateDoesNotAddParentDirKeys" classname="TestOzoneFileSystem" time="0.02">
    <system-out><![CDATA[2023-03-16 20:06:54,613 [OM StateMachine ApplyTransaction Thread - 0] INFO  key.OMKeyRequest (OMKeyRequest.java:wrapUncommittedBlocksAsPseudoKey(838)) - Detect allocated but uncommitted blocks [{blockID={containerID=4, localID=111677748019200031}, length=4194304, offset=0, token=null, pipeline=null, createVersion=0, partNumber=0}] in key testCreateDoesNotAddParentDirKeys/parent/child.
]]></system-out>
  </testcase>
  <testcase name="testCreateDoesNotAddParentDirKeys" classname="TestOzoneFileSystem" time="0.023">
    <system-out><![CDATA[2023-03-16 20:08:13,253 [IPC Server handler 8 on default port 41725] INFO  key.OMKeyRequest (OMKeyRequest.java:wrapUncommittedBlocksAsPseudoKey(838)) - Detect allocated but uncommitted blocks [{blockID={containerID=3, localID=111677748019200031}, length=4194304, offset=0, token=null, pipeline=null, createVersion=0, partNumber=0}] in key testCreateDoesNotAddParentDirKeys/parent/child.
]]></system-out>
  </testcase>
  <testcase name="testDeleteCreatesFakeParentDir" classname="TestOzoneFileSystem" time="0.044">
    <system-out><![CDATA[2023-03-16 20:04:16,579 [OM StateMachine ApplyTransaction Thread - 0] INFO  key.OMKeyRequest (OMKeyRequest.java:wrapUncommittedBlocksAsPseudoKey(838)) - Detect allocated but uncommitted blocks [{blockID={containerID=1, localID=111677748019200032}, length=4194304, offset=0, token=null, pipeline=null, createVersion=0, partNumber=0}] in key testDeleteCreatesFakeParentDir/parent/child.
]]></system-out>
  </testcase>
  <testcase name="testDeleteCreatesFakeParentDir" classname="TestOzoneFileSystem" time="0.023">
    <system-out><![CDATA[2023-03-16 20:05:50,653 [IPC Server handler 16 on default port 40321] INFO  key.OMKeyRequest (OMKeyRequest.java:wrapUncommittedBlocksAsPseudoKey(838)) - Detect allocated but uncommitted blocks [{blockID={containerID=1, localID=111677748019200032}, length=4194304, offset=0, token=null, pipeline=null, createVersion=0, partNumber=0}] in key testDeleteCreatesFakeParentDir/parent/child.
]]></system-out>
  </testcase>
  <testcase name="testDeleteCreatesFakeParentDir" classname="TestOzoneFileSystem" time="0.021">
    <system-out><![CDATA[2023-03-16 20:06:54,636 [OM StateMachine ApplyTransaction Thread - 0] INFO  key.OMKeyRequest (OMKeyRequest.java:wrapUncommittedBlocksAsPseudoKey(838)) - Detect allocated but uncommitted blocks [{blockID={containerID=2, localID=111677748019200032}, length=4194304, offset=0, token=null, pipeline=null, createVersion=0, partNumber=0}] in key testDeleteCreatesFakeParentDir/parent/child.
]]></system-out>
  </testcase>
  <testcase name="testDeleteCreatesFakeParentDir" classname="TestOzoneFileSystem" time="0.016">
    <system-out><![CDATA[2023-03-16 20:08:13,272 [IPC Server handler 4 on default port 41725] INFO  key.OMKeyRequest (OMKeyRequest.java:wrapUncommittedBlocksAsPseudoKey(838)) - Detect allocated but uncommitted blocks [{blockID={containerID=1, localID=111677748019200032}, length=4194304, offset=0, token=null, pipeline=null, createVersion=0, partNumber=0}] in key testDeleteCreatesFakeParentDir/parent/child.
]]></system-out>
  </testcase>
  <testcase name="testListStatusOnKeyNameContainDelimiter" classname="TestOzoneFileSystem" time="0.059">
    <system-out><![CDATA[2023-03-16 20:04:16,640 [OM StateMachine ApplyTransaction Thread - 0] INFO  key.OMKeyRequest (OMKeyRequest.java:wrapUncommittedBlocksAsPseudoKey(838)) - Detect allocated but uncommitted blocks [{blockID={containerID=5, localID=111677748019200033}, length=4194304, offset=0, token=null, pipeline=null, createVersion=0, partNumber=0}] in key dir1/dir2/key1.
]]></system-out>
  </testcase>
  <testcase name="testListStatusOnKeyNameContainDelimiter" classname="TestOzoneFileSystem" time="0.014">
    <system-out><![CDATA[2023-03-16 20:05:50,671 [IPC Server handler 5 on default port 40321] INFO  key.OMKeyRequest (OMKeyRequest.java:wrapUncommittedBlocksAsPseudoKey(838)) - Detect allocated but uncommitted blocks [{blockID={containerID=5, localID=111677748019200033}, length=4194304, offset=0, token=null, pipeline=null, createVersion=0, partNumber=0}] in key dir1/dir2/key1.
]]></system-out>
  </testcase>
  <testcase name="testListStatusOnKeyNameContainDelimiter" classname="TestOzoneFileSystem" time="0.02">
    <system-out><![CDATA[2023-03-16 20:06:54,657 [OM StateMachine ApplyTransaction Thread - 0] INFO  key.OMKeyRequest (OMKeyRequest.java:wrapUncommittedBlocksAsPseudoKey(838)) - Detect allocated but uncommitted blocks [{blockID={containerID=5, localID=111677748019200033}, length=4194304, offset=0, token=null, pipeline=null, createVersion=0, partNumber=0}] in key dir1/dir2/key1.
]]></system-out>
  </testcase>
  <testcase name="testListStatusOnKeyNameContainDelimiter" classname="TestOzoneFileSystem" time="0.016">
    <system-out><![CDATA[2023-03-16 20:08:13,288 [IPC Server handler 11 on default port 41725] INFO  key.OMKeyRequest (OMKeyRequest.java:wrapUncommittedBlocksAsPseudoKey(838)) - Detect allocated but uncommitted blocks [{blockID={containerID=5, localID=111677748019200033}, length=4194304, offset=0, token=null, pipeline=null, createVersion=0, partNumber=0}] in key dir1/dir2/key1.
]]></system-out>
  </testcase>
  <testcase name="testNonExplicitlyCreatedPathExistsAfterItsLeafsWereRemoved" classname="TestOzoneFileSystem" time="0.063">
    <system-out><![CDATA[20:04:16.691 [IPC Server handler 5 on default port 35091] ERROR OMAudit - user=runner | ip=127.0.0.1 | op=GET_FILE_STATUS {volume=volume04068, bucket=bucket31801, key=target/leaf, dataSize=0, replicationConfig=null} | ret=FAILURE
org.apache.hadoop.ozone.om.exceptions.OMException: Unable to get file status: volume: volume04068 bucket: bucket31801 key: target/leaf
	at org.apache.hadoop.ozone.om.KeyManagerImpl.getOzoneFileStatus(KeyManagerImpl.java:1196) ~[ozone-manager-1.4.0-SNAPSHOT.jar:?]
	at org.apache.hadoop.ozone.om.KeyManagerImpl.getFileStatus(KeyManagerImpl.java:1114) ~[ozone-manager-1.4.0-SNAPSHOT.jar:?]
	at org.apache.hadoop.ozone.om.OmMetadataReader.getFileStatus(OmMetadataReader.java:288) ~[ozone-manager-1.4.0-SNAPSHOT.jar:?]
	at org.apache.hadoop.ozone.om.OzoneManager.getFileStatus(OzoneManager.java:3494) ~[ozone-manager-1.4.0-SNAPSHOT.jar:?]
	at org.apache.hadoop.ozone.protocolPB.OzoneManagerRequestHandler.getOzoneFileStatus(OzoneManagerRequestHandler.java:933) ~[ozone-manager-1.4.0-SNAPSHOT.jar:?]
	at org.apache.hadoop.ozone.protocolPB.OzoneManagerRequestHandler.handleReadRequest(OzoneManagerRequestHandler.java:238) ~[ozone-manager-1.4.0-SNAPSHOT.jar:?]
	at org.apache.hadoop.ozone.protocolPB.OzoneManagerProtocolServerSideTranslatorPB.submitReadRequestToOM(OzoneManagerProtocolServerSideTranslatorPB.java:223) ~[ozone-manager-1.4.0-SNAPSHOT.jar:?]
	at org.apache.hadoop.ozone.protocolPB.OzoneManagerProtocolServerSideTranslatorPB.processRequest(OzoneManagerProtocolServerSideTranslatorPB.java:177) ~[ozone-manager-1.4.0-SNAPSHOT.jar:?]
	at org.apache.hadoop.hdds.server.OzoneProtocolMessageDispatcher.processRequest(OzoneProtocolMessageDispatcher.java:87) [hdds-server-framework-1.4.0-SNAPSHOT.jar:?]
	at org.apache.hadoop.ozone.protocolPB.OzoneManagerProtocolServerSideTranslatorPB.submitRequest(OzoneManagerProtocolServerSideTranslatorPB.java:147) [ozone-manager-1.4.0-SNAPSHOT.jar:?]
	at org.apache.hadoop.ozone.protocol.proto.OzoneManagerProtocolProtos$OzoneManagerService$2.callBlockingMethod(OzoneManagerProtocolProtos.java) [ozone-interface-client-1.4.0-SNAPSHOT.jar:?]
	at org.apache.hadoop.ipc.ProtobufRpcEngine$Server.processCall(ProtobufRpcEngine.java:465) [hadoop-common-3.3.4.jar:?]
	at org.apache.hadoop.ipc.ProtobufRpcEngine2$Server$ProtoBufRpcInvoker.call(ProtobufRpcEngine2.java:578) [hadoop-common-3.3.4.jar:?]
	at org.apache.hadoop.ipc.ProtobufRpcEngine2$Server$ProtoBufRpcInvoker.call(ProtobufRpcEngine2.java:556) [hadoop-common-3.3.4.jar:?]
	at org.apache.hadoop.ipc.RPC$Server.call(RPC.java:1093) [hadoop-common-3.3.4.jar:?]
	at org.apache.hadoop.ipc.Server$RpcCall.run(Server.java:1043) [hadoop-common-3.3.4.jar:?]
	at org.apache.hadoop.ipc.Server$RpcCall.run(Server.java:971) [hadoop-common-3.3.4.jar:?]
	at java.security.AccessController.doPrivileged(Native Method) ~[?:1.8.0_362]
	at javax.security.auth.Subject.doAs(Subject.java:422) [?:1.8.0_362]
	at org.apache.hadoop.security.UserGroupInformation.doAs(UserGroupInformation.java:1878) [hadoop-common-3.3.4.jar:?]
	at org.apache.hadoop.ipc.Server$Handler.run(Server.java:2976) [hadoop-common-3.3.4.jar:?]
]]></system-out>
  </testcase>
  <testcase name="testNonExplicitlyCreatedPathExistsAfterItsLeafsWereRemoved" classname="TestOzoneFileSystem" time="0.019">
    <system-out><![CDATA[20:05:50.684 [IPC Server handler 1 on default port 40321] ERROR OMAudit - user=runner | ip=127.0.0.1 | op=GET_FILE_STATUS {volume=volume45206, bucket=bucket25127, key=target/leaf, dataSize=0, replicationConfig=null} | ret=FAILURE
org.apache.hadoop.ozone.om.exceptions.OMException: Unable to get file status: volume: volume45206 bucket: bucket25127 key: target/leaf
	at org.apache.hadoop.ozone.om.KeyManagerImpl.getOzoneFileStatus(KeyManagerImpl.java:1196) ~[ozone-manager-1.4.0-SNAPSHOT.jar:?]
	at org.apache.hadoop.ozone.om.KeyManagerImpl.getFileStatus(KeyManagerImpl.java:1114) ~[ozone-manager-1.4.0-SNAPSHOT.jar:?]
	at org.apache.hadoop.ozone.om.OmMetadataReader.getFileStatus(OmMetadataReader.java:288) ~[ozone-manager-1.4.0-SNAPSHOT.jar:?]
	at org.apache.hadoop.ozone.om.OzoneManager.getFileStatus(OzoneManager.java:3494) ~[ozone-manager-1.4.0-SNAPSHOT.jar:?]
	at org.apache.hadoop.ozone.protocolPB.OzoneManagerRequestHandler.getOzoneFileStatus(OzoneManagerRequestHandler.java:933) ~[ozone-manager-1.4.0-SNAPSHOT.jar:?]
	at org.apache.hadoop.ozone.protocolPB.OzoneManagerRequestHandler.handleReadRequest(OzoneManagerRequestHandler.java:238) ~[ozone-manager-1.4.0-SNAPSHOT.jar:?]
	at org.apache.hadoop.ozone.protocolPB.OzoneManagerProtocolServerSideTranslatorPB.submitRequestDirectlyToOM(OzoneManagerProtocolServerSideTranslatorPB.java:272) ~[ozone-manager-1.4.0-SNAPSHOT.jar:?]
	at org.apache.hadoop.ozone.protocolPB.OzoneManagerProtocolServerSideTranslatorPB.processRequest(OzoneManagerProtocolServerSideTranslatorPB.java:173) ~[ozone-manager-1.4.0-SNAPSHOT.jar:?]
	at org.apache.hadoop.hdds.server.OzoneProtocolMessageDispatcher.processRequest(OzoneProtocolMessageDispatcher.java:87) [hdds-server-framework-1.4.0-SNAPSHOT.jar:?]
	at org.apache.hadoop.ozone.protocolPB.OzoneManagerProtocolServerSideTranslatorPB.submitRequest(OzoneManagerProtocolServerSideTranslatorPB.java:147) [ozone-manager-1.4.0-SNAPSHOT.jar:?]
	at org.apache.hadoop.ozone.protocol.proto.OzoneManagerProtocolProtos$OzoneManagerService$2.callBlockingMethod(OzoneManagerProtocolProtos.java) [ozone-interface-client-1.4.0-SNAPSHOT.jar:?]
	at org.apache.hadoop.ipc.ProtobufRpcEngine$Server.processCall(ProtobufRpcEngine.java:465) [hadoop-common-3.3.4.jar:?]
	at org.apache.hadoop.ipc.ProtobufRpcEngine2$Server$ProtoBufRpcInvoker.call(ProtobufRpcEngine2.java:578) [hadoop-common-3.3.4.jar:?]
	at org.apache.hadoop.ipc.ProtobufRpcEngine2$Server$ProtoBufRpcInvoker.call(ProtobufRpcEngine2.java:556) [hadoop-common-3.3.4.jar:?]
	at org.apache.hadoop.ipc.RPC$Server.call(RPC.java:1093) [hadoop-common-3.3.4.jar:?]
	at org.apache.hadoop.ipc.Server$RpcCall.run(Server.java:1043) [hadoop-common-3.3.4.jar:?]
	at org.apache.hadoop.ipc.Server$RpcCall.run(Server.java:971) [hadoop-common-3.3.4.jar:?]
	at java.security.AccessController.doPrivileged(Native Method) ~[?:1.8.0_362]
	at javax.security.auth.Subject.doAs(Subject.java:422) [?:1.8.0_362]
	at org.apache.hadoop.security.UserGroupInformation.doAs(UserGroupInformation.java:1878) [hadoop-common-3.3.4.jar:?]
	at org.apache.hadoop.ipc.Server$Handler.run(Server.java:2976) [hadoop-common-3.3.4.jar:?]
]]></system-out>
  </testcase>
  <testcase name="testNonExplicitlyCreatedPathExistsAfterItsLeafsWereRemoved" classname="TestOzoneFileSystem" time="0.032">
    <system-out><![CDATA[20:06:54.682 [IPC Server handler 4 on default port 37437] ERROR OMAudit - user=runner | ip=127.0.0.1 | op=GET_FILE_STATUS {volume=volume46233, bucket=bucket02547, key=target/leaf, dataSize=0, replicationConfig=null} | ret=FAILURE
org.apache.hadoop.ozone.om.exceptions.OMException: Unable to get file status: volume: volume46233 bucket: bucket02547 key: target/leaf
	at org.apache.hadoop.ozone.om.KeyManagerImpl.getOzoneFileStatus(KeyManagerImpl.java:1196) ~[ozone-manager-1.4.0-SNAPSHOT.jar:?]
	at org.apache.hadoop.ozone.om.KeyManagerImpl.getFileStatus(KeyManagerImpl.java:1114) ~[ozone-manager-1.4.0-SNAPSHOT.jar:?]
	at org.apache.hadoop.ozone.om.OmMetadataReader.getFileStatus(OmMetadataReader.java:288) ~[ozone-manager-1.4.0-SNAPSHOT.jar:?]
	at org.apache.hadoop.ozone.om.OzoneManager.getFileStatus(OzoneManager.java:3494) ~[ozone-manager-1.4.0-SNAPSHOT.jar:?]
	at org.apache.hadoop.ozone.protocolPB.OzoneManagerRequestHandler.getOzoneFileStatus(OzoneManagerRequestHandler.java:933) ~[ozone-manager-1.4.0-SNAPSHOT.jar:?]
	at org.apache.hadoop.ozone.protocolPB.OzoneManagerRequestHandler.handleReadRequest(OzoneManagerRequestHandler.java:238) ~[ozone-manager-1.4.0-SNAPSHOT.jar:?]
	at org.apache.hadoop.ozone.protocolPB.OzoneManagerProtocolServerSideTranslatorPB.submitReadRequestToOM(OzoneManagerProtocolServerSideTranslatorPB.java:223) ~[ozone-manager-1.4.0-SNAPSHOT.jar:?]
	at org.apache.hadoop.ozone.protocolPB.OzoneManagerProtocolServerSideTranslatorPB.processRequest(OzoneManagerProtocolServerSideTranslatorPB.java:177) ~[ozone-manager-1.4.0-SNAPSHOT.jar:?]
	at org.apache.hadoop.hdds.server.OzoneProtocolMessageDispatcher.processRequest(OzoneProtocolMessageDispatcher.java:87) [hdds-server-framework-1.4.0-SNAPSHOT.jar:?]
	at org.apache.hadoop.ozone.protocolPB.OzoneManagerProtocolServerSideTranslatorPB.submitRequest(OzoneManagerProtocolServerSideTranslatorPB.java:147) [ozone-manager-1.4.0-SNAPSHOT.jar:?]
	at org.apache.hadoop.ozone.protocol.proto.OzoneManagerProtocolProtos$OzoneManagerService$2.callBlockingMethod(OzoneManagerProtocolProtos.java) [ozone-interface-client-1.4.0-SNAPSHOT.jar:?]
	at org.apache.hadoop.ipc.ProtobufRpcEngine$Server.processCall(ProtobufRpcEngine.java:465) [hadoop-common-3.3.4.jar:?]
	at org.apache.hadoop.ipc.ProtobufRpcEngine2$Server$ProtoBufRpcInvoker.call(ProtobufRpcEngine2.java:578) [hadoop-common-3.3.4.jar:?]
	at org.apache.hadoop.ipc.ProtobufRpcEngine2$Server$ProtoBufRpcInvoker.call(ProtobufRpcEngine2.java:556) [hadoop-common-3.3.4.jar:?]
	at org.apache.hadoop.ipc.RPC$Server.call(RPC.java:1093) [hadoop-common-3.3.4.jar:?]
	at org.apache.hadoop.ipc.Server$RpcCall.run(Server.java:1043) [hadoop-common-3.3.4.jar:?]
	at org.apache.hadoop.ipc.Server$RpcCall.run(Server.java:971) [hadoop-common-3.3.4.jar:?]
	at java.security.AccessController.doPrivileged(Native Method) ~[?:1.8.0_362]
	at javax.security.auth.Subject.doAs(Subject.java:422) [?:1.8.0_362]
	at org.apache.hadoop.security.UserGroupInformation.doAs(UserGroupInformation.java:1878) [hadoop-common-3.3.4.jar:?]
	at org.apache.hadoop.ipc.Server$Handler.run(Server.java:2976) [hadoop-common-3.3.4.jar:?]
]]></system-out>
  </testcase>
  <testcase name="testNonExplicitlyCreatedPathExistsAfterItsLeafsWereRemoved" classname="TestOzoneFileSystem" time="0.015">
    <system-out><![CDATA[20:08:13.300 [IPC Server handler 10 on default port 41725] ERROR OMAudit - user=runner | ip=127.0.0.1 | op=GET_FILE_STATUS {volume=volume10450, bucket=bucket92716, key=target/leaf, dataSize=0, replicationConfig=null} | ret=FAILURE
org.apache.hadoop.ozone.om.exceptions.OMException: Unable to get file status: volume: volume10450 bucket: bucket92716 key: target/leaf
	at org.apache.hadoop.ozone.om.KeyManagerImpl.getOzoneFileStatus(KeyManagerImpl.java:1196) ~[ozone-manager-1.4.0-SNAPSHOT.jar:?]
	at org.apache.hadoop.ozone.om.KeyManagerImpl.getFileStatus(KeyManagerImpl.java:1114) ~[ozone-manager-1.4.0-SNAPSHOT.jar:?]
	at org.apache.hadoop.ozone.om.OmMetadataReader.getFileStatus(OmMetadataReader.java:288) ~[ozone-manager-1.4.0-SNAPSHOT.jar:?]
	at org.apache.hadoop.ozone.om.OzoneManager.getFileStatus(OzoneManager.java:3494) ~[ozone-manager-1.4.0-SNAPSHOT.jar:?]
	at org.apache.hadoop.ozone.protocolPB.OzoneManagerRequestHandler.getOzoneFileStatus(OzoneManagerRequestHandler.java:933) ~[ozone-manager-1.4.0-SNAPSHOT.jar:?]
	at org.apache.hadoop.ozone.protocolPB.OzoneManagerRequestHandler.handleReadRequest(OzoneManagerRequestHandler.java:238) ~[ozone-manager-1.4.0-SNAPSHOT.jar:?]
	at org.apache.hadoop.ozone.protocolPB.OzoneManagerProtocolServerSideTranslatorPB.submitRequestDirectlyToOM(OzoneManagerProtocolServerSideTranslatorPB.java:272) ~[ozone-manager-1.4.0-SNAPSHOT.jar:?]
	at org.apache.hadoop.ozone.protocolPB.OzoneManagerProtocolServerSideTranslatorPB.processRequest(OzoneManagerProtocolServerSideTranslatorPB.java:173) ~[ozone-manager-1.4.0-SNAPSHOT.jar:?]
	at org.apache.hadoop.hdds.server.OzoneProtocolMessageDispatcher.processRequest(OzoneProtocolMessageDispatcher.java:87) [hdds-server-framework-1.4.0-SNAPSHOT.jar:?]
	at org.apache.hadoop.ozone.protocolPB.OzoneManagerProtocolServerSideTranslatorPB.submitRequest(OzoneManagerProtocolServerSideTranslatorPB.java:147) [ozone-manager-1.4.0-SNAPSHOT.jar:?]
	at org.apache.hadoop.ozone.protocol.proto.OzoneManagerProtocolProtos$OzoneManagerService$2.callBlockingMethod(OzoneManagerProtocolProtos.java) [ozone-interface-client-1.4.0-SNAPSHOT.jar:?]
	at org.apache.hadoop.ipc.ProtobufRpcEngine$Server.processCall(ProtobufRpcEngine.java:465) [hadoop-common-3.3.4.jar:?]
	at org.apache.hadoop.ipc.ProtobufRpcEngine2$Server$ProtoBufRpcInvoker.call(ProtobufRpcEngine2.java:578) [hadoop-common-3.3.4.jar:?]
	at org.apache.hadoop.ipc.ProtobufRpcEngine2$Server$ProtoBufRpcInvoker.call(ProtobufRpcEngine2.java:556) [hadoop-common-3.3.4.jar:?]
	at org.apache.hadoop.ipc.RPC$Server.call(RPC.java:1093) [hadoop-common-3.3.4.jar:?]
	at org.apache.hadoop.ipc.Server$RpcCall.run(Server.java:1043) [hadoop-common-3.3.4.jar:?]
	at org.apache.hadoop.ipc.Server$RpcCall.run(Server.java:971) [hadoop-common-3.3.4.jar:?]
	at java.security.AccessController.doPrivileged(Native Method) ~[?:1.8.0_362]
	at javax.security.auth.Subject.doAs(Subject.java:422) [?:1.8.0_362]
	at org.apache.hadoop.security.UserGroupInformation.doAs(UserGroupInformation.java:1878) [hadoop-common-3.3.4.jar:?]
	at org.apache.hadoop.ipc.Server$Handler.run(Server.java:2976) [hadoop-common-3.3.4.jar:?]
]]></system-out>
  </testcase>
  <testcase name="testCreateFileShouldCheckExistenceOfDirWithSameName" classname="TestOzoneFileSystem" time="0.099">
    <system-out><![CDATA[2023-03-16 20:04:16,750 [OM StateMachine ApplyTransaction Thread - 0] INFO  key.OMKeyRequest (OMKeyRequest.java:wrapUncommittedBlocksAsPseudoKey(838)) - Detect allocated but uncommitted blocks [{blockID={containerID=4, localID=111677748019200034}, length=4194304, offset=0, token=null, pipeline=null, createVersion=0, partNumber=0}] in key d1/d2/d3/d4/key1.
20:04:16.762 [OM StateMachine ApplyTransaction Thread - 0] ERROR OMAudit - user=runner | ip=127.0.0.1 | op=CREATE_FILE {volume=volume04068, bucket=bucket31801, key=d1/d2/d3/d4/key2, dataSize=4194304, replicationType=RATIS, replicationFactor=THREE} | ret=FAILURE
org.apache.hadoop.ozone.om.exceptions.OMException: Can not write to directory: d1/d2/d3/d4/key2
	at org.apache.hadoop.ozone.om.request.file.OMFileCreateRequest.checkDirectoryResult(OMFileCreateRequest.java:363) ~[ozone-manager-1.4.0-SNAPSHOT.jar:?]
	at org.apache.hadoop.ozone.om.request.file.OMFileCreateRequest.validateAndUpdateCache(OMFileCreateRequest.java:238) ~[ozone-manager-1.4.0-SNAPSHOT.jar:?]
	at org.apache.hadoop.ozone.protocolPB.OzoneManagerRequestHandler.handleWriteRequest(OzoneManagerRequestHandler.java:337) ~[ozone-manager-1.4.0-SNAPSHOT.jar:?]
	at org.apache.hadoop.ozone.om.ratis.OzoneManagerStateMachine.runCommand(OzoneManagerStateMachine.java:533) ~[ozone-manager-1.4.0-SNAPSHOT.jar:?]
	at org.apache.hadoop.ozone.om.ratis.OzoneManagerStateMachine.lambda$1(OzoneManagerStateMachine.java:324) ~[ozone-manager-1.4.0-SNAPSHOT.jar:?]
	at java.util.concurrent.CompletableFuture$AsyncSupply.run(CompletableFuture.java:1604) [?:1.8.0_362]
	at java.util.concurrent.ThreadPoolExecutor.runWorker(ThreadPoolExecutor.java:1149) [?:1.8.0_362]
	at java.util.concurrent.ThreadPoolExecutor$Worker.run(ThreadPoolExecutor.java:624) [?:1.8.0_362]
	at java.lang.Thread.run(Thread.java:750) [?:1.8.0_362]
2023-03-16 20:04:16,763 [OM StateMachine ApplyTransaction Thread - 0] ERROR file.OMFileCreateRequest (OMFileCreateRequest.java:validateAndUpdateCache(336)) - File create failed. Volume:volume04068, Bucket:bucket31801, Keyd1/d2/d3/d4/key2.
NOT_A_FILE org.apache.hadoop.ozone.om.exceptions.OMException: Can not write to directory: d1/d2/d3/d4/key2
	at org.apache.hadoop.ozone.om.request.file.OMFileCreateRequest.checkDirectoryResult(OMFileCreateRequest.java:363)
	at org.apache.hadoop.ozone.om.request.file.OMFileCreateRequest.validateAndUpdateCache(OMFileCreateRequest.java:238)
	at org.apache.hadoop.ozone.protocolPB.OzoneManagerRequestHandler.handleWriteRequest(OzoneManagerRequestHandler.java:337)
	at org.apache.hadoop.ozone.om.ratis.OzoneManagerStateMachine.runCommand(OzoneManagerStateMachine.java:533)
	at org.apache.hadoop.ozone.om.ratis.OzoneManagerStateMachine.lambda$1(OzoneManagerStateMachine.java:324)
	at java.util.concurrent.CompletableFuture$AsyncSupply.run(CompletableFuture.java:1604)
	at java.util.concurrent.ThreadPoolExecutor.runWorker(ThreadPoolExecutor.java:1149)
	at java.util.concurrent.ThreadPoolExecutor$Worker.run(ThreadPoolExecutor.java:624)
	at java.lang.Thread.run(Thread.java:750)
2023-03-16 20:04:16,779 [OM StateMachine ApplyTransaction Thread - 0] INFO  key.OMKeyRequest (OMKeyRequest.java:wrapUncommittedBlocksAsPseudoKey(838)) - Detect allocated but uncommitted blocks [{blockID={containerID=1, localID=111677748019200036}, length=4194304, offset=0, token=null, pipeline=null, createVersion=0, partNumber=0}] in key d1/d2/d3/d4/key3.
20:04:16.784 [OM StateMachine ApplyTransaction Thread - 0] ERROR OMAudit - user=runner | ip=127.0.0.1 | op=CREATE_DIRECTORY {volume=volume04068, bucket=bucket31801, key=d1/d2/d3/d4/key3, dataSize=0, replicationType=NONE, replicationFactor=ZERO} | ret=FAILURE
org.apache.hadoop.ozone.om.exceptions.OMException: Unable to create directory: d1/d2/d3/d4/key3 in volume/bucket: volume04068/bucket31801
	at org.apache.hadoop.ozone.om.request.file.OMDirectoryCreateRequest.validateAndUpdateCache(OMDirectoryCreateRequest.java:196) ~[ozone-manager-1.4.0-SNAPSHOT.jar:?]
	at org.apache.hadoop.ozone.protocolPB.OzoneManagerRequestHandler.handleWriteRequest(OzoneManagerRequestHandler.java:337) ~[ozone-manager-1.4.0-SNAPSHOT.jar:?]
	at org.apache.hadoop.ozone.om.ratis.OzoneManagerStateMachine.runCommand(OzoneManagerStateMachine.java:533) ~[ozone-manager-1.4.0-SNAPSHOT.jar:?]
	at org.apache.hadoop.ozone.om.ratis.OzoneManagerStateMachine.lambda$1(OzoneManagerStateMachine.java:324) ~[ozone-manager-1.4.0-SNAPSHOT.jar:?]
	at java.util.concurrent.CompletableFuture$AsyncSupply.run(CompletableFuture.java:1604) [?:1.8.0_362]
	at java.util.concurrent.ThreadPoolExecutor.runWorker(ThreadPoolExecutor.java:1149) [?:1.8.0_362]
	at java.util.concurrent.ThreadPoolExecutor$Worker.run(ThreadPoolExecutor.java:624) [?:1.8.0_362]
	at java.lang.Thread.run(Thread.java:750) [?:1.8.0_362]
2023-03-16 20:04:16,784 [OM StateMachine ApplyTransaction Thread - 0] ERROR file.OMDirectoryCreateRequest (OMDirectoryCreateRequest.java:logResult(335)) - Directory creation failed. Volume:volume04068, Bucket:bucket31801, Keyd1/d2/d3/d4/key3. Exception:{}
FILE_ALREADY_EXISTS org.apache.hadoop.ozone.om.exceptions.OMException: Unable to create directory: d1/d2/d3/d4/key3 in volume/bucket: volume04068/bucket31801
	at org.apache.hadoop.ozone.om.request.file.OMDirectoryCreateRequest.validateAndUpdateCache(OMDirectoryCreateRequest.java:196)
	at org.apache.hadoop.ozone.protocolPB.OzoneManagerRequestHandler.handleWriteRequest(OzoneManagerRequestHandler.java:337)
	at org.apache.hadoop.ozone.om.ratis.OzoneManagerStateMachine.runCommand(OzoneManagerStateMachine.java:533)
	at org.apache.hadoop.ozone.om.ratis.OzoneManagerStateMachine.lambda$1(OzoneManagerStateMachine.java:324)
	at java.util.concurrent.CompletableFuture$AsyncSupply.run(CompletableFuture.java:1604)
	at java.util.concurrent.ThreadPoolExecutor.runWorker(ThreadPoolExecutor.java:1149)
	at java.util.concurrent.ThreadPoolExecutor$Worker.run(ThreadPoolExecutor.java:624)
	at java.lang.Thread.run(Thread.java:750)
20:04:16.793 [OM StateMachine ApplyTransaction Thread - 0] ERROR OMAudit - user=runner | ip=127.0.0.1 | op=CREATE_FILE {volume=volume04068, bucket=bucket31801, key=d1/d2/d3, dataSize=4194304, replicationType=RATIS, replicationFactor=THREE} | ret=FAILURE
org.apache.hadoop.ozone.om.exceptions.OMException: Can not write to directory: d1/d2/d3
	at org.apache.hadoop.ozone.om.request.file.OMFileCreateRequest.checkDirectoryResult(OMFileCreateRequest.java:363) ~[ozone-manager-1.4.0-SNAPSHOT.jar:?]
	at org.apache.hadoop.ozone.om.request.file.OMFileCreateRequest.validateAndUpdateCache(OMFileCreateRequest.java:238) ~[ozone-manager-1.4.0-SNAPSHOT.jar:?]
	at org.apache.hadoop.ozone.protocolPB.OzoneManagerRequestHandler.handleWriteRequest(OzoneManagerRequestHandler.java:337) ~[ozone-manager-1.4.0-SNAPSHOT.jar:?]
	at org.apache.hadoop.ozone.om.ratis.OzoneManagerStateMachine.runCommand(OzoneManagerStateMachine.java:533) ~[ozone-manager-1.4.0-SNAPSHOT.jar:?]
	at org.apache.hadoop.ozone.om.ratis.OzoneManagerStateMachine.lambda$1(OzoneManagerStateMachine.java:324) ~[ozone-manager-1.4.0-SNAPSHOT.jar:?]
	at java.util.concurrent.CompletableFuture$AsyncSupply.run(CompletableFuture.java:1604) [?:1.8.0_362]
	at java.util.concurrent.ThreadPoolExecutor.runWorker(ThreadPoolExecutor.java:1149) [?:1.8.0_362]
	at java.util.concurrent.ThreadPoolExecutor$Worker.run(ThreadPoolExecutor.java:624) [?:1.8.0_362]
	at java.lang.Thread.run(Thread.java:750) [?:1.8.0_362]
2023-03-16 20:04:16,793 [OM StateMachine ApplyTransaction Thread - 0] ERROR file.OMFileCreateRequest (OMFileCreateRequest.java:validateAndUpdateCache(336)) - File create failed. Volume:volume04068, Bucket:bucket31801, Keyd1/d2/d3.
NOT_A_FILE org.apache.hadoop.ozone.om.exceptions.OMException: Can not write to directory: d1/d2/d3
	at org.apache.hadoop.ozone.om.request.file.OMFileCreateRequest.checkDirectoryResult(OMFileCreateRequest.java:363)
	at org.apache.hadoop.ozone.om.request.file.OMFileCreateRequest.validateAndUpdateCache(OMFileCreateRequest.java:238)
	at org.apache.hadoop.ozone.protocolPB.OzoneManagerRequestHandler.handleWriteRequest(OzoneManagerRequestHandler.java:337)
	at org.apache.hadoop.ozone.om.ratis.OzoneManagerStateMachine.runCommand(OzoneManagerStateMachine.java:533)
	at org.apache.hadoop.ozone.om.ratis.OzoneManagerStateMachine.lambda$1(OzoneManagerStateMachine.java:324)
	at java.util.concurrent.CompletableFuture$AsyncSupply.run(CompletableFuture.java:1604)
	at java.util.concurrent.ThreadPoolExecutor.runWorker(ThreadPoolExecutor.java:1149)
	at java.util.concurrent.ThreadPoolExecutor$Worker.run(ThreadPoolExecutor.java:624)
	at java.lang.Thread.run(Thread.java:750)
20:04:16.805 [IPC Server handler 0 on default port 35091] ERROR OMAudit - user=runner | ip=127.0.0.1 | op=GET_FILE_STATUS {volume=volume04068, bucket=bucket31801, key=d1/d2/d3/d4/key3/invalid, dataSize=0, replicationConfig=null} | ret=FAILURE
org.apache.hadoop.ozone.om.exceptions.OMException: Unable to get file status: volume: volume04068 bucket: bucket31801 key: d1/d2/d3/d4/key3/invalid
	at org.apache.hadoop.ozone.om.KeyManagerImpl.getOzoneFileStatus(KeyManagerImpl.java:1196) ~[ozone-manager-1.4.0-SNAPSHOT.jar:?]
	at org.apache.hadoop.ozone.om.KeyManagerImpl.getFileStatus(KeyManagerImpl.java:1114) ~[ozone-manager-1.4.0-SNAPSHOT.jar:?]
	at org.apache.hadoop.ozone.om.OmMetadataReader.getFileStatus(OmMetadataReader.java:288) ~[ozone-manager-1.4.0-SNAPSHOT.jar:?]
	at org.apache.hadoop.ozone.om.OzoneManager.getFileStatus(OzoneManager.java:3494) ~[ozone-manager-1.4.0-SNAPSHOT.jar:?]
	at org.apache.hadoop.ozone.protocolPB.OzoneManagerRequestHandler.getOzoneFileStatus(OzoneManagerRequestHandler.java:933) ~[ozone-manager-1.4.0-SNAPSHOT.jar:?]
	at org.apache.hadoop.ozone.protocolPB.OzoneManagerRequestHandler.handleReadRequest(OzoneManagerRequestHandler.java:238) ~[ozone-manager-1.4.0-SNAPSHOT.jar:?]
	at org.apache.hadoop.ozone.protocolPB.OzoneManagerProtocolServerSideTranslatorPB.submitReadRequestToOM(OzoneManagerProtocolServerSideTranslatorPB.java:223) ~[ozone-manager-1.4.0-SNAPSHOT.jar:?]
	at org.apache.hadoop.ozone.protocolPB.OzoneManagerProtocolServerSideTranslatorPB.processRequest(OzoneManagerProtocolServerSideTranslatorPB.java:177) ~[ozone-manager-1.4.0-SNAPSHOT.jar:?]
	at org.apache.hadoop.hdds.server.OzoneProtocolMessageDispatcher.processRequest(OzoneProtocolMessageDispatcher.java:87) [hdds-server-framework-1.4.0-SNAPSHOT.jar:?]
	at org.apache.hadoop.ozone.protocolPB.OzoneManagerProtocolServerSideTranslatorPB.submitRequest(OzoneManagerProtocolServerSideTranslatorPB.java:147) [ozone-manager-1.4.0-SNAPSHOT.jar:?]
	at org.apache.hadoop.ozone.protocol.proto.OzoneManagerProtocolProtos$OzoneManagerService$2.callBlockingMethod(OzoneManagerProtocolProtos.java) [ozone-interface-client-1.4.0-SNAPSHOT.jar:?]
	at org.apache.hadoop.ipc.ProtobufRpcEngine$Server.processCall(ProtobufRpcEngine.java:465) [hadoop-common-3.3.4.jar:?]
	at org.apache.hadoop.ipc.ProtobufRpcEngine2$Server$ProtoBufRpcInvoker.call(ProtobufRpcEngine2.java:578) [hadoop-common-3.3.4.jar:?]
	at org.apache.hadoop.ipc.ProtobufRpcEngine2$Server$ProtoBufRpcInvoker.call(ProtobufRpcEngine2.java:556) [hadoop-common-3.3.4.jar:?]
	at org.apache.hadoop.ipc.RPC$Server.call(RPC.java:1093) [hadoop-common-3.3.4.jar:?]
	at org.apache.hadoop.ipc.Server$RpcCall.run(Server.java:1043) [hadoop-common-3.3.4.jar:?]
	at org.apache.hadoop.ipc.Server$RpcCall.run(Server.java:971) [hadoop-common-3.3.4.jar:?]
	at java.security.AccessController.doPrivileged(Native Method) ~[?:1.8.0_362]
	at javax.security.auth.Subject.doAs(Subject.java:422) [?:1.8.0_362]
	at org.apache.hadoop.security.UserGroupInformation.doAs(UserGroupInformation.java:1878) [hadoop-common-3.3.4.jar:?]
	at org.apache.hadoop.ipc.Server$Handler.run(Server.java:2976) [hadoop-common-3.3.4.jar:?]
20:04:16.806 [IPC Server handler 19 on default port 35091] ERROR OMAudit - user=runner | ip=127.0.0.1 | op=GET_FILE_STATUS {volume=volume04068, bucket=bucket31801, key=d1/d2/d3/d4/invalidkey, dataSize=0, replicationConfig=null} | ret=FAILURE
org.apache.hadoop.ozone.om.exceptions.OMException: Unable to get file status: volume: volume04068 bucket: bucket31801 key: d1/d2/d3/d4/invalidkey
	at org.apache.hadoop.ozone.om.KeyManagerImpl.getOzoneFileStatus(KeyManagerImpl.java:1196) ~[ozone-manager-1.4.0-SNAPSHOT.jar:?]
	at org.apache.hadoop.ozone.om.KeyManagerImpl.getFileStatus(KeyManagerImpl.java:1114) ~[ozone-manager-1.4.0-SNAPSHOT.jar:?]
	at org.apache.hadoop.ozone.om.OmMetadataReader.getFileStatus(OmMetadataReader.java:288) ~[ozone-manager-1.4.0-SNAPSHOT.jar:?]
	at org.apache.hadoop.ozone.om.OzoneManager.getFileStatus(OzoneManager.java:3494) ~[ozone-manager-1.4.0-SNAPSHOT.jar:?]
	at org.apache.hadoop.ozone.protocolPB.OzoneManagerRequestHandler.getOzoneFileStatus(OzoneManagerRequestHandler.java:933) ~[ozone-manager-1.4.0-SNAPSHOT.jar:?]
	at org.apache.hadoop.ozone.protocolPB.OzoneManagerRequestHandler.handleReadRequest(OzoneManagerRequestHandler.java:238) ~[ozone-manager-1.4.0-SNAPSHOT.jar:?]
	at org.apache.hadoop.ozone.protocolPB.OzoneManagerProtocolServerSideTranslatorPB.submitReadRequestToOM(OzoneManagerProtocolServerSideTranslatorPB.java:223) ~[ozone-manager-1.4.0-SNAPSHOT.jar:?]
	at org.apache.hadoop.ozone.protocolPB.OzoneManagerProtocolServerSideTranslatorPB.processRequest(OzoneManagerProtocolServerSideTranslatorPB.java:177) ~[ozone-manager-1.4.0-SNAPSHOT.jar:?]
	at org.apache.hadoop.hdds.server.OzoneProtocolMessageDispatcher.processRequest(OzoneProtocolMessageDispatcher.java:87) [hdds-server-framework-1.4.0-SNAPSHOT.jar:?]
	at org.apache.hadoop.ozone.protocolPB.OzoneManagerProtocolServerSideTranslatorPB.submitRequest(OzoneManagerProtocolServerSideTranslatorPB.java:147) [ozone-manager-1.4.0-SNAPSHOT.jar:?]
	at org.apache.hadoop.ozone.protocol.proto.OzoneManagerProtocolProtos$OzoneManagerService$2.callBlockingMethod(OzoneManagerProtocolProtos.java) [ozone-interface-client-1.4.0-SNAPSHOT.jar:?]
	at org.apache.hadoop.ipc.ProtobufRpcEngine$Server.processCall(ProtobufRpcEngine.java:465) [hadoop-common-3.3.4.jar:?]
	at org.apache.hadoop.ipc.ProtobufRpcEngine2$Server$ProtoBufRpcInvoker.call(ProtobufRpcEngine2.java:578) [hadoop-common-3.3.4.jar:?]
	at org.apache.hadoop.ipc.ProtobufRpcEngine2$Server$ProtoBufRpcInvoker.call(ProtobufRpcEngine2.java:556) [hadoop-common-3.3.4.jar:?]
	at org.apache.hadoop.ipc.RPC$Server.call(RPC.java:1093) [hadoop-common-3.3.4.jar:?]
	at org.apache.hadoop.ipc.Server$RpcCall.run(Server.java:1043) [hadoop-common-3.3.4.jar:?]
	at org.apache.hadoop.ipc.Server$RpcCall.run(Server.java:971) [hadoop-common-3.3.4.jar:?]
	at java.security.AccessController.doPrivileged(Native Method) ~[?:1.8.0_362]
	at javax.security.auth.Subject.doAs(Subject.java:422) [?:1.8.0_362]
	at org.apache.hadoop.security.UserGroupInformation.doAs(UserGroupInformation.java:1878) [hadoop-common-3.3.4.jar:?]
	at org.apache.hadoop.ipc.Server$Handler.run(Server.java:2976) [hadoop-common-3.3.4.jar:?]
]]></system-out>
  </testcase>
  <testcase name="testCreateFileShouldCheckExistenceOfDirWithSameName" classname="TestOzoneFileSystem" time="0.03">
    <system-out><![CDATA[2023-03-16 20:05:50,703 [IPC Server handler 2 on default port 40321] INFO  key.OMKeyRequest (OMKeyRequest.java:wrapUncommittedBlocksAsPseudoKey(838)) - Detect allocated but uncommitted blocks [{blockID={containerID=4, localID=111677748019200034}, length=4194304, offset=0, token=null, pipeline=null, createVersion=0, partNumber=0}] in key d1/d2/d3/d4/key1.
20:05:50.707 [IPC Server handler 4 on default port 40321] ERROR OMAudit - user=runner | ip=127.0.0.1 | op=CREATE_FILE {volume=volume45206, bucket=bucket25127, key=d1/d2/d3/d4/key2, dataSize=4194304, replicationType=RATIS, replicationFactor=THREE} | ret=FAILURE
org.apache.hadoop.ozone.om.exceptions.OMException: Can not write to directory: d1/d2/d3/d4/key2
	at org.apache.hadoop.ozone.om.request.file.OMFileCreateRequest.checkDirectoryResult(OMFileCreateRequest.java:363) ~[ozone-manager-1.4.0-SNAPSHOT.jar:?]
	at org.apache.hadoop.ozone.om.request.file.OMFileCreateRequest.validateAndUpdateCache(OMFileCreateRequest.java:238) ~[ozone-manager-1.4.0-SNAPSHOT.jar:?]
	at org.apache.hadoop.ozone.protocolPB.OzoneManagerRequestHandler.handleWriteRequest(OzoneManagerRequestHandler.java:337) ~[ozone-manager-1.4.0-SNAPSHOT.jar:?]
	at org.apache.hadoop.ozone.protocolPB.OzoneManagerProtocolServerSideTranslatorPB.submitRequestDirectlyToOM(OzoneManagerProtocolServerSideTranslatorPB.java:278) ~[ozone-manager-1.4.0-SNAPSHOT.jar:?]
	at org.apache.hadoop.ozone.protocolPB.OzoneManagerProtocolServerSideTranslatorPB.processRequest(OzoneManagerProtocolServerSideTranslatorPB.java:173) ~[ozone-manager-1.4.0-SNAPSHOT.jar:?]
	at org.apache.hadoop.hdds.server.OzoneProtocolMessageDispatcher.processRequest(OzoneProtocolMessageDispatcher.java:87) [hdds-server-framework-1.4.0-SNAPSHOT.jar:?]
	at org.apache.hadoop.ozone.protocolPB.OzoneManagerProtocolServerSideTranslatorPB.submitRequest(OzoneManagerProtocolServerSideTranslatorPB.java:147) [ozone-manager-1.4.0-SNAPSHOT.jar:?]
	at org.apache.hadoop.ozone.protocol.proto.OzoneManagerProtocolProtos$OzoneManagerService$2.callBlockingMethod(OzoneManagerProtocolProtos.java) [ozone-interface-client-1.4.0-SNAPSHOT.jar:?]
	at org.apache.hadoop.ipc.ProtobufRpcEngine$Server.processCall(ProtobufRpcEngine.java:465) [hadoop-common-3.3.4.jar:?]
	at org.apache.hadoop.ipc.ProtobufRpcEngine2$Server$ProtoBufRpcInvoker.call(ProtobufRpcEngine2.java:578) [hadoop-common-3.3.4.jar:?]
	at org.apache.hadoop.ipc.ProtobufRpcEngine2$Server$ProtoBufRpcInvoker.call(ProtobufRpcEngine2.java:556) [hadoop-common-3.3.4.jar:?]
	at org.apache.hadoop.ipc.RPC$Server.call(RPC.java:1093) [hadoop-common-3.3.4.jar:?]
	at org.apache.hadoop.ipc.Server$RpcCall.run(Server.java:1043) [hadoop-common-3.3.4.jar:?]
	at org.apache.hadoop.ipc.Server$RpcCall.run(Server.java:971) [hadoop-common-3.3.4.jar:?]
	at java.security.AccessController.doPrivileged(Native Method) ~[?:1.8.0_362]
	at javax.security.auth.Subject.doAs(Subject.java:422) [?:1.8.0_362]
	at org.apache.hadoop.security.UserGroupInformation.doAs(UserGroupInformation.java:1878) [hadoop-common-3.3.4.jar:?]
	at org.apache.hadoop.ipc.Server$Handler.run(Server.java:2976) [hadoop-common-3.3.4.jar:?]
2023-03-16 20:05:50,707 [IPC Server handler 4 on default port 40321] ERROR file.OMFileCreateRequest (OMFileCreateRequest.java:validateAndUpdateCache(336)) - File create failed. Volume:volume45206, Bucket:bucket25127, Keyd1/d2/d3/d4/key2.
NOT_A_FILE org.apache.hadoop.ozone.om.exceptions.OMException: Can not write to directory: d1/d2/d3/d4/key2
	at org.apache.hadoop.ozone.om.request.file.OMFileCreateRequest.checkDirectoryResult(OMFileCreateRequest.java:363)
	at org.apache.hadoop.ozone.om.request.file.OMFileCreateRequest.validateAndUpdateCache(OMFileCreateRequest.java:238)
	at org.apache.hadoop.ozone.protocolPB.OzoneManagerRequestHandler.handleWriteRequest(OzoneManagerRequestHandler.java:337)
	at org.apache.hadoop.ozone.protocolPB.OzoneManagerProtocolServerSideTranslatorPB.submitRequestDirectlyToOM(OzoneManagerProtocolServerSideTranslatorPB.java:278)
	at org.apache.hadoop.ozone.protocolPB.OzoneManagerProtocolServerSideTranslatorPB.processRequest(OzoneManagerProtocolServerSideTranslatorPB.java:173)
	at org.apache.hadoop.hdds.server.OzoneProtocolMessageDispatcher.processRequest(OzoneProtocolMessageDispatcher.java:87)
	at org.apache.hadoop.ozone.protocolPB.OzoneManagerProtocolServerSideTranslatorPB.submitRequest(OzoneManagerProtocolServerSideTranslatorPB.java:147)
	at org.apache.hadoop.ozone.protocol.proto.OzoneManagerProtocolProtos$OzoneManagerService$2.callBlockingMethod(OzoneManagerProtocolProtos.java)
	at org.apache.hadoop.ipc.ProtobufRpcEngine$Server.processCall(ProtobufRpcEngine.java:465)
	at org.apache.hadoop.ipc.ProtobufRpcEngine2$Server$ProtoBufRpcInvoker.call(ProtobufRpcEngine2.java:578)
	at org.apache.hadoop.ipc.ProtobufRpcEngine2$Server$ProtoBufRpcInvoker.call(ProtobufRpcEngine2.java:556)
	at org.apache.hadoop.ipc.RPC$Server.call(RPC.java:1093)
	at org.apache.hadoop.ipc.Server$RpcCall.run(Server.java:1043)
	at org.apache.hadoop.ipc.Server$RpcCall.run(Server.java:971)
	at java.security.AccessController.doPrivileged(Native Method)
	at javax.security.auth.Subject.doAs(Subject.java:422)
	at org.apache.hadoop.security.UserGroupInformation.doAs(UserGroupInformation.java:1878)
	at org.apache.hadoop.ipc.Server$Handler.run(Server.java:2976)
2023-03-16 20:05:50,712 [IPC Server handler 12 on default port 40321] INFO  key.OMKeyRequest (OMKeyRequest.java:wrapUncommittedBlocksAsPseudoKey(838)) - Detect allocated but uncommitted blocks [{blockID={containerID=4, localID=111677748019200036}, length=4194304, offset=0, token=null, pipeline=null, createVersion=0, partNumber=0}] in key d1/d2/d3/d4/key3.
20:05:50.713 [IPC Server handler 5 on default port 40321] ERROR OMAudit - user=runner | ip=127.0.0.1 | op=CREATE_DIRECTORY {volume=volume45206, bucket=bucket25127, key=d1/d2/d3/d4/key3, dataSize=0, replicationType=NONE, replicationFactor=ZERO} | ret=FAILURE
org.apache.hadoop.ozone.om.exceptions.OMException: Unable to create directory: d1/d2/d3/d4/key3 in volume/bucket: volume45206/bucket25127
	at org.apache.hadoop.ozone.om.request.file.OMDirectoryCreateRequest.validateAndUpdateCache(OMDirectoryCreateRequest.java:196) ~[ozone-manager-1.4.0-SNAPSHOT.jar:?]
	at org.apache.hadoop.ozone.protocolPB.OzoneManagerRequestHandler.handleWriteRequest(OzoneManagerRequestHandler.java:337) ~[ozone-manager-1.4.0-SNAPSHOT.jar:?]
	at org.apache.hadoop.ozone.protocolPB.OzoneManagerProtocolServerSideTranslatorPB.submitRequestDirectlyToOM(OzoneManagerProtocolServerSideTranslatorPB.java:278) ~[ozone-manager-1.4.0-SNAPSHOT.jar:?]
	at org.apache.hadoop.ozone.protocolPB.OzoneManagerProtocolServerSideTranslatorPB.processRequest(OzoneManagerProtocolServerSideTranslatorPB.java:173) ~[ozone-manager-1.4.0-SNAPSHOT.jar:?]
	at org.apache.hadoop.hdds.server.OzoneProtocolMessageDispatcher.processRequest(OzoneProtocolMessageDispatcher.java:87) [hdds-server-framework-1.4.0-SNAPSHOT.jar:?]
	at org.apache.hadoop.ozone.protocolPB.OzoneManagerProtocolServerSideTranslatorPB.submitRequest(OzoneManagerProtocolServerSideTranslatorPB.java:147) [ozone-manager-1.4.0-SNAPSHOT.jar:?]
	at org.apache.hadoop.ozone.protocol.proto.OzoneManagerProtocolProtos$OzoneManagerService$2.callBlockingMethod(OzoneManagerProtocolProtos.java) [ozone-interface-client-1.4.0-SNAPSHOT.jar:?]
	at org.apache.hadoop.ipc.ProtobufRpcEngine$Server.processCall(ProtobufRpcEngine.java:465) [hadoop-common-3.3.4.jar:?]
	at org.apache.hadoop.ipc.ProtobufRpcEngine2$Server$ProtoBufRpcInvoker.call(ProtobufRpcEngine2.java:578) [hadoop-common-3.3.4.jar:?]
	at org.apache.hadoop.ipc.ProtobufRpcEngine2$Server$ProtoBufRpcInvoker.call(ProtobufRpcEngine2.java:556) [hadoop-common-3.3.4.jar:?]
	at org.apache.hadoop.ipc.RPC$Server.call(RPC.java:1093) [hadoop-common-3.3.4.jar:?]
	at org.apache.hadoop.ipc.Server$RpcCall.run(Server.java:1043) [hadoop-common-3.3.4.jar:?]
	at org.apache.hadoop.ipc.Server$RpcCall.run(Server.java:971) [hadoop-common-3.3.4.jar:?]
	at java.security.AccessController.doPrivileged(Native Method) ~[?:1.8.0_362]
	at javax.security.auth.Subject.doAs(Subject.java:422) [?:1.8.0_362]
	at org.apache.hadoop.security.UserGroupInformation.doAs(UserGroupInformation.java:1878) [hadoop-common-3.3.4.jar:?]
	at org.apache.hadoop.ipc.Server$Handler.run(Server.java:2976) [hadoop-common-3.3.4.jar:?]
2023-03-16 20:05:50,714 [IPC Server handler 5 on default port 40321] ERROR file.OMDirectoryCreateRequest (OMDirectoryCreateRequest.java:logResult(335)) - Directory creation failed. Volume:volume45206, Bucket:bucket25127, Keyd1/d2/d3/d4/key3. Exception:{}
FILE_ALREADY_EXISTS org.apache.hadoop.ozone.om.exceptions.OMException: Unable to create directory: d1/d2/d3/d4/key3 in volume/bucket: volume45206/bucket25127
	at org.apache.hadoop.ozone.om.request.file.OMDirectoryCreateRequest.validateAndUpdateCache(OMDirectoryCreateRequest.java:196)
	at org.apache.hadoop.ozone.protocolPB.OzoneManagerRequestHandler.handleWriteRequest(OzoneManagerRequestHandler.java:337)
	at org.apache.hadoop.ozone.protocolPB.OzoneManagerProtocolServerSideTranslatorPB.submitRequestDirectlyToOM(OzoneManagerProtocolServerSideTranslatorPB.java:278)
	at org.apache.hadoop.ozone.protocolPB.OzoneManagerProtocolServerSideTranslatorPB.processRequest(OzoneManagerProtocolServerSideTranslatorPB.java:173)
	at org.apache.hadoop.hdds.server.OzoneProtocolMessageDispatcher.processRequest(OzoneProtocolMessageDispatcher.java:87)
	at org.apache.hadoop.ozone.protocolPB.OzoneManagerProtocolServerSideTranslatorPB.submitRequest(OzoneManagerProtocolServerSideTranslatorPB.java:147)
	at org.apache.hadoop.ozone.protocol.proto.OzoneManagerProtocolProtos$OzoneManagerService$2.callBlockingMethod(OzoneManagerProtocolProtos.java)
	at org.apache.hadoop.ipc.ProtobufRpcEngine$Server.processCall(ProtobufRpcEngine.java:465)
	at org.apache.hadoop.ipc.ProtobufRpcEngine2$Server$ProtoBufRpcInvoker.call(ProtobufRpcEngine2.java:578)
	at org.apache.hadoop.ipc.ProtobufRpcEngine2$Server$ProtoBufRpcInvoker.call(ProtobufRpcEngine2.java:556)
	at org.apache.hadoop.ipc.RPC$Server.call(RPC.java:1093)
	at org.apache.hadoop.ipc.Server$RpcCall.run(Server.java:1043)
	at org.apache.hadoop.ipc.Server$RpcCall.run(Server.java:971)
	at java.security.AccessController.doPrivileged(Native Method)
	at javax.security.auth.Subject.doAs(Subject.java:422)
	at org.apache.hadoop.security.UserGroupInformation.doAs(UserGroupInformation.java:1878)
	at org.apache.hadoop.ipc.Server$Handler.run(Server.java:2976)
20:05:50.716 [IPC Server handler 14 on default port 40321] ERROR OMAudit - user=runner | ip=127.0.0.1 | op=CREATE_FILE {volume=volume45206, bucket=bucket25127, key=d1/d2/d3, dataSize=4194304, replicationType=RATIS, replicationFactor=THREE} | ret=FAILURE
org.apache.hadoop.ozone.om.exceptions.OMException: Can not write to directory: d1/d2/d3
	at org.apache.hadoop.ozone.om.request.file.OMFileCreateRequest.checkDirectoryResult(OMFileCreateRequest.java:363) ~[ozone-manager-1.4.0-SNAPSHOT.jar:?]
	at org.apache.hadoop.ozone.om.request.file.OMFileCreateRequest.validateAndUpdateCache(OMFileCreateRequest.java:238) ~[ozone-manager-1.4.0-SNAPSHOT.jar:?]
	at org.apache.hadoop.ozone.protocolPB.OzoneManagerRequestHandler.handleWriteRequest(OzoneManagerRequestHandler.java:337) ~[ozone-manager-1.4.0-SNAPSHOT.jar:?]
	at org.apache.hadoop.ozone.protocolPB.OzoneManagerProtocolServerSideTranslatorPB.submitRequestDirectlyToOM(OzoneManagerProtocolServerSideTranslatorPB.java:278) ~[ozone-manager-1.4.0-SNAPSHOT.jar:?]
	at org.apache.hadoop.ozone.protocolPB.OzoneManagerProtocolServerSideTranslatorPB.processRequest(OzoneManagerProtocolServerSideTranslatorPB.java:173) ~[ozone-manager-1.4.0-SNAPSHOT.jar:?]
	at org.apache.hadoop.hdds.server.OzoneProtocolMessageDispatcher.processRequest(OzoneProtocolMessageDispatcher.java:87) [hdds-server-framework-1.4.0-SNAPSHOT.jar:?]
	at org.apache.hadoop.ozone.protocolPB.OzoneManagerProtocolServerSideTranslatorPB.submitRequest(OzoneManagerProtocolServerSideTranslatorPB.java:147) [ozone-manager-1.4.0-SNAPSHOT.jar:?]
	at org.apache.hadoop.ozone.protocol.proto.OzoneManagerProtocolProtos$OzoneManagerService$2.callBlockingMethod(OzoneManagerProtocolProtos.java) [ozone-interface-client-1.4.0-SNAPSHOT.jar:?]
	at org.apache.hadoop.ipc.ProtobufRpcEngine$Server.processCall(ProtobufRpcEngine.java:465) [hadoop-common-3.3.4.jar:?]
	at org.apache.hadoop.ipc.ProtobufRpcEngine2$Server$ProtoBufRpcInvoker.call(ProtobufRpcEngine2.java:578) [hadoop-common-3.3.4.jar:?]
	at org.apache.hadoop.ipc.ProtobufRpcEngine2$Server$ProtoBufRpcInvoker.call(ProtobufRpcEngine2.java:556) [hadoop-common-3.3.4.jar:?]
	at org.apache.hadoop.ipc.RPC$Server.call(RPC.java:1093) [hadoop-common-3.3.4.jar:?]
	at org.apache.hadoop.ipc.Server$RpcCall.run(Server.java:1043) [hadoop-common-3.3.4.jar:?]
	at org.apache.hadoop.ipc.Server$RpcCall.run(Server.java:971) [hadoop-common-3.3.4.jar:?]
	at java.security.AccessController.doPrivileged(Native Method) ~[?:1.8.0_362]
	at javax.security.auth.Subject.doAs(Subject.java:422) [?:1.8.0_362]
	at org.apache.hadoop.security.UserGroupInformation.doAs(UserGroupInformation.java:1878) [hadoop-common-3.3.4.jar:?]
	at org.apache.hadoop.ipc.Server$Handler.run(Server.java:2976) [hadoop-common-3.3.4.jar:?]
2023-03-16 20:05:50,717 [IPC Server handler 14 on default port 40321] ERROR file.OMFileCreateRequest (OMFileCreateRequest.java:validateAndUpdateCache(336)) - File create failed. Volume:volume45206, Bucket:bucket25127, Keyd1/d2/d3.
NOT_A_FILE org.apache.hadoop.ozone.om.exceptions.OMException: Can not write to directory: d1/d2/d3
	at org.apache.hadoop.ozone.om.request.file.OMFileCreateRequest.checkDirectoryResult(OMFileCreateRequest.java:363)
	at org.apache.hadoop.ozone.om.request.file.OMFileCreateRequest.validateAndUpdateCache(OMFileCreateRequest.java:238)
	at org.apache.hadoop.ozone.protocolPB.OzoneManagerRequestHandler.handleWriteRequest(OzoneManagerRequestHandler.java:337)
	at org.apache.hadoop.ozone.protocolPB.OzoneManagerProtocolServerSideTranslatorPB.submitRequestDirectlyToOM(OzoneManagerProtocolServerSideTranslatorPB.java:278)
	at org.apache.hadoop.ozone.protocolPB.OzoneManagerProtocolServerSideTranslatorPB.processRequest(OzoneManagerProtocolServerSideTranslatorPB.java:173)
	at org.apache.hadoop.hdds.server.OzoneProtocolMessageDispatcher.processRequest(OzoneProtocolMessageDispatcher.java:87)
	at org.apache.hadoop.ozone.protocolPB.OzoneManagerProtocolServerSideTranslatorPB.submitRequest(OzoneManagerProtocolServerSideTranslatorPB.java:147)
	at org.apache.hadoop.ozone.protocol.proto.OzoneManagerProtocolProtos$OzoneManagerService$2.callBlockingMethod(OzoneManagerProtocolProtos.java)
	at org.apache.hadoop.ipc.ProtobufRpcEngine$Server.processCall(ProtobufRpcEngine.java:465)
	at org.apache.hadoop.ipc.ProtobufRpcEngine2$Server$ProtoBufRpcInvoker.call(ProtobufRpcEngine2.java:578)
	at org.apache.hadoop.ipc.ProtobufRpcEngine2$Server$ProtoBufRpcInvoker.call(ProtobufRpcEngine2.java:556)
	at org.apache.hadoop.ipc.RPC$Server.call(RPC.java:1093)
	at org.apache.hadoop.ipc.Server$RpcCall.run(Server.java:1043)
	at org.apache.hadoop.ipc.Server$RpcCall.run(Server.java:971)
	at java.security.AccessController.doPrivileged(Native Method)
	at javax.security.auth.Subject.doAs(Subject.java:422)
	at org.apache.hadoop.security.UserGroupInformation.doAs(UserGroupInformation.java:1878)
	at org.apache.hadoop.ipc.Server$Handler.run(Server.java:2976)
20:05:50.720 [IPC Server handler 15 on default port 40321] ERROR OMAudit - user=runner | ip=127.0.0.1 | op=GET_FILE_STATUS {volume=volume45206, bucket=bucket25127, key=d1/d2/d3/d4/key3/invalid, dataSize=0, replicationConfig=null} | ret=FAILURE
org.apache.hadoop.ozone.om.exceptions.OMException: Unable to get file status: volume: volume45206 bucket: bucket25127 key: d1/d2/d3/d4/key3/invalid
	at org.apache.hadoop.ozone.om.KeyManagerImpl.getOzoneFileStatus(KeyManagerImpl.java:1196) ~[ozone-manager-1.4.0-SNAPSHOT.jar:?]
	at org.apache.hadoop.ozone.om.KeyManagerImpl.getFileStatus(KeyManagerImpl.java:1114) ~[ozone-manager-1.4.0-SNAPSHOT.jar:?]
	at org.apache.hadoop.ozone.om.OmMetadataReader.getFileStatus(OmMetadataReader.java:288) ~[ozone-manager-1.4.0-SNAPSHOT.jar:?]
	at org.apache.hadoop.ozone.om.OzoneManager.getFileStatus(OzoneManager.java:3494) ~[ozone-manager-1.4.0-SNAPSHOT.jar:?]
	at org.apache.hadoop.ozone.protocolPB.OzoneManagerRequestHandler.getOzoneFileStatus(OzoneManagerRequestHandler.java:933) ~[ozone-manager-1.4.0-SNAPSHOT.jar:?]
	at org.apache.hadoop.ozone.protocolPB.OzoneManagerRequestHandler.handleReadRequest(OzoneManagerRequestHandler.java:238) ~[ozone-manager-1.4.0-SNAPSHOT.jar:?]
	at org.apache.hadoop.ozone.protocolPB.OzoneManagerProtocolServerSideTranslatorPB.submitRequestDirectlyToOM(OzoneManagerProtocolServerSideTranslatorPB.java:272) ~[ozone-manager-1.4.0-SNAPSHOT.jar:?]
	at org.apache.hadoop.ozone.protocolPB.OzoneManagerProtocolServerSideTranslatorPB.processRequest(OzoneManagerProtocolServerSideTranslatorPB.java:173) ~[ozone-manager-1.4.0-SNAPSHOT.jar:?]
	at org.apache.hadoop.hdds.server.OzoneProtocolMessageDispatcher.processRequest(OzoneProtocolMessageDispatcher.java:87) [hdds-server-framework-1.4.0-SNAPSHOT.jar:?]
	at org.apache.hadoop.ozone.protocolPB.OzoneManagerProtocolServerSideTranslatorPB.submitRequest(OzoneManagerProtocolServerSideTranslatorPB.java:147) [ozone-manager-1.4.0-SNAPSHOT.jar:?]
	at org.apache.hadoop.ozone.protocol.proto.OzoneManagerProtocolProtos$OzoneManagerService$2.callBlockingMethod(OzoneManagerProtocolProtos.java) [ozone-interface-client-1.4.0-SNAPSHOT.jar:?]
	at org.apache.hadoop.ipc.ProtobufRpcEngine$Server.processCall(ProtobufRpcEngine.java:465) [hadoop-common-3.3.4.jar:?]
	at org.apache.hadoop.ipc.ProtobufRpcEngine2$Server$ProtoBufRpcInvoker.call(ProtobufRpcEngine2.java:578) [hadoop-common-3.3.4.jar:?]
	at org.apache.hadoop.ipc.ProtobufRpcEngine2$Server$ProtoBufRpcInvoker.call(ProtobufRpcEngine2.java:556) [hadoop-common-3.3.4.jar:?]
	at org.apache.hadoop.ipc.RPC$Server.call(RPC.java:1093) [hadoop-common-3.3.4.jar:?]
	at org.apache.hadoop.ipc.Server$RpcCall.run(Server.java:1043) [hadoop-common-3.3.4.jar:?]
	at org.apache.hadoop.ipc.Server$RpcCall.run(Server.java:971) [hadoop-common-3.3.4.jar:?]
	at java.security.AccessController.doPrivileged(Native Method) ~[?:1.8.0_362]
	at javax.security.auth.Subject.doAs(Subject.java:422) [?:1.8.0_362]
	at org.apache.hadoop.security.UserGroupInformation.doAs(UserGroupInformation.java:1878) [hadoop-common-3.3.4.jar:?]
	at org.apache.hadoop.ipc.Server$Handler.run(Server.java:2976) [hadoop-common-3.3.4.jar:?]
20:05:50.721 [IPC Server handler 17 on default port 40321] ERROR OMAudit - user=runner | ip=127.0.0.1 | op=GET_FILE_STATUS {volume=volume45206, bucket=bucket25127, key=d1/d2/d3/d4/invalidkey, dataSize=0, replicationConfig=null} | ret=FAILURE
org.apache.hadoop.ozone.om.exceptions.OMException: Unable to get file status: volume: volume45206 bucket: bucket25127 key: d1/d2/d3/d4/invalidkey
	at org.apache.hadoop.ozone.om.KeyManagerImpl.getOzoneFileStatus(KeyManagerImpl.java:1196) ~[ozone-manager-1.4.0-SNAPSHOT.jar:?]
	at org.apache.hadoop.ozone.om.KeyManagerImpl.getFileStatus(KeyManagerImpl.java:1114) ~[ozone-manager-1.4.0-SNAPSHOT.jar:?]
	at org.apache.hadoop.ozone.om.OmMetadataReader.getFileStatus(OmMetadataReader.java:288) ~[ozone-manager-1.4.0-SNAPSHOT.jar:?]
	at org.apache.hadoop.ozone.om.OzoneManager.getFileStatus(OzoneManager.java:3494) ~[ozone-manager-1.4.0-SNAPSHOT.jar:?]
	at org.apache.hadoop.ozone.protocolPB.OzoneManagerRequestHandler.getOzoneFileStatus(OzoneManagerRequestHandler.java:933) ~[ozone-manager-1.4.0-SNAPSHOT.jar:?]
	at org.apache.hadoop.ozone.protocolPB.OzoneManagerRequestHandler.handleReadRequest(OzoneManagerRequestHandler.java:238) ~[ozone-manager-1.4.0-SNAPSHOT.jar:?]
	at org.apache.hadoop.ozone.protocolPB.OzoneManagerProtocolServerSideTranslatorPB.submitRequestDirectlyToOM(OzoneManagerProtocolServerSideTranslatorPB.java:272) ~[ozone-manager-1.4.0-SNAPSHOT.jar:?]
	at org.apache.hadoop.ozone.protocolPB.OzoneManagerProtocolServerSideTranslatorPB.processRequest(OzoneManagerProtocolServerSideTranslatorPB.java:173) ~[ozone-manager-1.4.0-SNAPSHOT.jar:?]
	at org.apache.hadoop.hdds.server.OzoneProtocolMessageDispatcher.processRequest(OzoneProtocolMessageDispatcher.java:87) [hdds-server-framework-1.4.0-SNAPSHOT.jar:?]
	at org.apache.hadoop.ozone.protocolPB.OzoneManagerProtocolServerSideTranslatorPB.submitRequest(OzoneManagerProtocolServerSideTranslatorPB.java:147) [ozone-manager-1.4.0-SNAPSHOT.jar:?]
	at org.apache.hadoop.ozone.protocol.proto.OzoneManagerProtocolProtos$OzoneManagerService$2.callBlockingMethod(OzoneManagerProtocolProtos.java) [ozone-interface-client-1.4.0-SNAPSHOT.jar:?]
	at org.apache.hadoop.ipc.ProtobufRpcEngine$Server.processCall(ProtobufRpcEngine.java:465) [hadoop-common-3.3.4.jar:?]
	at org.apache.hadoop.ipc.ProtobufRpcEngine2$Server$ProtoBufRpcInvoker.call(ProtobufRpcEngine2.java:578) [hadoop-common-3.3.4.jar:?]
	at org.apache.hadoop.ipc.ProtobufRpcEngine2$Server$ProtoBufRpcInvoker.call(ProtobufRpcEngine2.java:556) [hadoop-common-3.3.4.jar:?]
	at org.apache.hadoop.ipc.RPC$Server.call(RPC.java:1093) [hadoop-common-3.3.4.jar:?]
	at org.apache.hadoop.ipc.Server$RpcCall.run(Server.java:1043) [hadoop-common-3.3.4.jar:?]
	at org.apache.hadoop.ipc.Server$RpcCall.run(Server.java:971) [hadoop-common-3.3.4.jar:?]
	at java.security.AccessController.doPrivileged(Native Method) ~[?:1.8.0_362]
	at javax.security.auth.Subject.doAs(Subject.java:422) [?:1.8.0_362]
	at org.apache.hadoop.security.UserGroupInformation.doAs(UserGroupInformation.java:1878) [hadoop-common-3.3.4.jar:?]
	at org.apache.hadoop.ipc.Server$Handler.run(Server.java:2976) [hadoop-common-3.3.4.jar:?]
]]></system-out>
  </testcase>
  <testcase name="testCreateFileShouldCheckExistenceOfDirWithSameName" classname="TestOzoneFileSystem" time="0.036">
    <system-out><![CDATA[2023-03-16 20:06:54,705 [OM StateMachine ApplyTransaction Thread - 0] INFO  key.OMKeyRequest (OMKeyRequest.java:wrapUncommittedBlocksAsPseudoKey(838)) - Detect allocated but uncommitted blocks [{blockID={containerID=3, localID=111677748019200034}, length=4194304, offset=0, token=null, pipeline=null, createVersion=0, partNumber=0}] in key d1/d2/d3/d4/key1.
20:06:54.710 [OM StateMachine ApplyTransaction Thread - 0] ERROR OMAudit - user=runner | ip=127.0.0.1 | op=CREATE_FILE {volume=volume46233, bucket=bucket02547, key=d1/d2/d3/d4/key2, dataSize=4194304, replicationType=RATIS, replicationFactor=THREE} | ret=FAILURE
org.apache.hadoop.ozone.om.exceptions.OMException: Can not write to directory: d1/d2/d3/d4/key2
	at org.apache.hadoop.ozone.om.request.file.OMFileCreateRequest.checkDirectoryResult(OMFileCreateRequest.java:363) ~[ozone-manager-1.4.0-SNAPSHOT.jar:?]
	at org.apache.hadoop.ozone.om.request.file.OMFileCreateRequest.validateAndUpdateCache(OMFileCreateRequest.java:238) ~[ozone-manager-1.4.0-SNAPSHOT.jar:?]
	at org.apache.hadoop.ozone.protocolPB.OzoneManagerRequestHandler.handleWriteRequest(OzoneManagerRequestHandler.java:337) ~[ozone-manager-1.4.0-SNAPSHOT.jar:?]
	at org.apache.hadoop.ozone.om.ratis.OzoneManagerStateMachine.runCommand(OzoneManagerStateMachine.java:533) ~[ozone-manager-1.4.0-SNAPSHOT.jar:?]
	at org.apache.hadoop.ozone.om.ratis.OzoneManagerStateMachine.lambda$1(OzoneManagerStateMachine.java:324) ~[ozone-manager-1.4.0-SNAPSHOT.jar:?]
	at java.util.concurrent.CompletableFuture$AsyncSupply.run(CompletableFuture.java:1604) [?:1.8.0_362]
	at java.util.concurrent.ThreadPoolExecutor.runWorker(ThreadPoolExecutor.java:1149) [?:1.8.0_362]
	at java.util.concurrent.ThreadPoolExecutor$Worker.run(ThreadPoolExecutor.java:624) [?:1.8.0_362]
	at java.lang.Thread.run(Thread.java:750) [?:1.8.0_362]
2023-03-16 20:06:54,710 [OM StateMachine ApplyTransaction Thread - 0] ERROR file.OMFileCreateRequest (OMFileCreateRequest.java:validateAndUpdateCache(336)) - File create failed. Volume:volume46233, Bucket:bucket02547, Keyd1/d2/d3/d4/key2.
NOT_A_FILE org.apache.hadoop.ozone.om.exceptions.OMException: Can not write to directory: d1/d2/d3/d4/key2
	at org.apache.hadoop.ozone.om.request.file.OMFileCreateRequest.checkDirectoryResult(OMFileCreateRequest.java:363)
	at org.apache.hadoop.ozone.om.request.file.OMFileCreateRequest.validateAndUpdateCache(OMFileCreateRequest.java:238)
	at org.apache.hadoop.ozone.protocolPB.OzoneManagerRequestHandler.handleWriteRequest(OzoneManagerRequestHandler.java:337)
	at org.apache.hadoop.ozone.om.ratis.OzoneManagerStateMachine.runCommand(OzoneManagerStateMachine.java:533)
	at org.apache.hadoop.ozone.om.ratis.OzoneManagerStateMachine.lambda$1(OzoneManagerStateMachine.java:324)
	at java.util.concurrent.CompletableFuture$AsyncSupply.run(CompletableFuture.java:1604)
	at java.util.concurrent.ThreadPoolExecutor.runWorker(ThreadPoolExecutor.java:1149)
	at java.util.concurrent.ThreadPoolExecutor$Worker.run(ThreadPoolExecutor.java:624)
	at java.lang.Thread.run(Thread.java:750)
2023-03-16 20:06:54,718 [OM StateMachine ApplyTransaction Thread - 0] INFO  key.OMKeyRequest (OMKeyRequest.java:wrapUncommittedBlocksAsPseudoKey(838)) - Detect allocated but uncommitted blocks [{blockID={containerID=4, localID=111677748019200036}, length=4194304, offset=0, token=null, pipeline=null, createVersion=0, partNumber=0}] in key d1/d2/d3/d4/key3.
20:06:54.720 [OM StateMachine ApplyTransaction Thread - 0] ERROR OMAudit - user=runner | ip=127.0.0.1 | op=CREATE_DIRECTORY {volume=volume46233, bucket=bucket02547, key=d1/d2/d3/d4/key3, dataSize=0, replicationType=NONE, replicationFactor=ZERO} | ret=FAILURE
org.apache.hadoop.ozone.om.exceptions.OMException: Unable to create directory: d1/d2/d3/d4/key3 in volume/bucket: volume46233/bucket02547
	at org.apache.hadoop.ozone.om.request.file.OMDirectoryCreateRequest.validateAndUpdateCache(OMDirectoryCreateRequest.java:196) ~[ozone-manager-1.4.0-SNAPSHOT.jar:?]
	at org.apache.hadoop.ozone.protocolPB.OzoneManagerRequestHandler.handleWriteRequest(OzoneManagerRequestHandler.java:337) ~[ozone-manager-1.4.0-SNAPSHOT.jar:?]
	at org.apache.hadoop.ozone.om.ratis.OzoneManagerStateMachine.runCommand(OzoneManagerStateMachine.java:533) ~[ozone-manager-1.4.0-SNAPSHOT.jar:?]
	at org.apache.hadoop.ozone.om.ratis.OzoneManagerStateMachine.lambda$1(OzoneManagerStateMachine.java:324) ~[ozone-manager-1.4.0-SNAPSHOT.jar:?]
	at java.util.concurrent.CompletableFuture$AsyncSupply.run(CompletableFuture.java:1604) [?:1.8.0_362]
	at java.util.concurrent.ThreadPoolExecutor.runWorker(ThreadPoolExecutor.java:1149) [?:1.8.0_362]
	at java.util.concurrent.ThreadPoolExecutor$Worker.run(ThreadPoolExecutor.java:624) [?:1.8.0_362]
	at java.lang.Thread.run(Thread.java:750) [?:1.8.0_362]
2023-03-16 20:06:54,720 [OM StateMachine ApplyTransaction Thread - 0] ERROR file.OMDirectoryCreateRequest (OMDirectoryCreateRequest.java:logResult(335)) - Directory creation failed. Volume:volume46233, Bucket:bucket02547, Keyd1/d2/d3/d4/key3. Exception:{}
FILE_ALREADY_EXISTS org.apache.hadoop.ozone.om.exceptions.OMException: Unable to create directory: d1/d2/d3/d4/key3 in volume/bucket: volume46233/bucket02547
	at org.apache.hadoop.ozone.om.request.file.OMDirectoryCreateRequest.validateAndUpdateCache(OMDirectoryCreateRequest.java:196)
	at org.apache.hadoop.ozone.protocolPB.OzoneManagerRequestHandler.handleWriteRequest(OzoneManagerRequestHandler.java:337)
	at org.apache.hadoop.ozone.om.ratis.OzoneManagerStateMachine.runCommand(OzoneManagerStateMachine.java:533)
	at org.apache.hadoop.ozone.om.ratis.OzoneManagerStateMachine.lambda$1(OzoneManagerStateMachine.java:324)
	at java.util.concurrent.CompletableFuture$AsyncSupply.run(CompletableFuture.java:1604)
	at java.util.concurrent.ThreadPoolExecutor.runWorker(ThreadPoolExecutor.java:1149)
	at java.util.concurrent.ThreadPoolExecutor$Worker.run(ThreadPoolExecutor.java:624)
	at java.lang.Thread.run(Thread.java:750)
20:06:54.726 [OM StateMachine ApplyTransaction Thread - 0] ERROR OMAudit - user=runner | ip=127.0.0.1 | op=CREATE_FILE {volume=volume46233, bucket=bucket02547, key=d1/d2/d3, dataSize=4194304, replicationType=RATIS, replicationFactor=THREE} | ret=FAILURE
org.apache.hadoop.ozone.om.exceptions.OMException: Can not write to directory: d1/d2/d3
	at org.apache.hadoop.ozone.om.request.file.OMFileCreateRequest.checkDirectoryResult(OMFileCreateRequest.java:363) ~[ozone-manager-1.4.0-SNAPSHOT.jar:?]
	at org.apache.hadoop.ozone.om.request.file.OMFileCreateRequest.validateAndUpdateCache(OMFileCreateRequest.java:238) ~[ozone-manager-1.4.0-SNAPSHOT.jar:?]
	at org.apache.hadoop.ozone.protocolPB.OzoneManagerRequestHandler.handleWriteRequest(OzoneManagerRequestHandler.java:337) ~[ozone-manager-1.4.0-SNAPSHOT.jar:?]
	at org.apache.hadoop.ozone.om.ratis.OzoneManagerStateMachine.runCommand(OzoneManagerStateMachine.java:533) ~[ozone-manager-1.4.0-SNAPSHOT.jar:?]
	at org.apache.hadoop.ozone.om.ratis.OzoneManagerStateMachine.lambda$1(OzoneManagerStateMachine.java:324) ~[ozone-manager-1.4.0-SNAPSHOT.jar:?]
	at java.util.concurrent.CompletableFuture$AsyncSupply.run(CompletableFuture.java:1604) [?:1.8.0_362]
	at java.util.concurrent.ThreadPoolExecutor.runWorker(ThreadPoolExecutor.java:1149) [?:1.8.0_362]
	at java.util.concurrent.ThreadPoolExecutor$Worker.run(ThreadPoolExecutor.java:624) [?:1.8.0_362]
	at java.lang.Thread.run(Thread.java:750) [?:1.8.0_362]
2023-03-16 20:06:54,726 [OM StateMachine ApplyTransaction Thread - 0] ERROR file.OMFileCreateRequest (OMFileCreateRequest.java:validateAndUpdateCache(336)) - File create failed. Volume:volume46233, Bucket:bucket02547, Keyd1/d2/d3.
NOT_A_FILE org.apache.hadoop.ozone.om.exceptions.OMException: Can not write to directory: d1/d2/d3
	at org.apache.hadoop.ozone.om.request.file.OMFileCreateRequest.checkDirectoryResult(OMFileCreateRequest.java:363)
	at org.apache.hadoop.ozone.om.request.file.OMFileCreateRequest.validateAndUpdateCache(OMFileCreateRequest.java:238)
	at org.apache.hadoop.ozone.protocolPB.OzoneManagerRequestHandler.handleWriteRequest(OzoneManagerRequestHandler.java:337)
	at org.apache.hadoop.ozone.om.ratis.OzoneManagerStateMachine.runCommand(OzoneManagerStateMachine.java:533)
	at org.apache.hadoop.ozone.om.ratis.OzoneManagerStateMachine.lambda$1(OzoneManagerStateMachine.java:324)
	at java.util.concurrent.CompletableFuture$AsyncSupply.run(CompletableFuture.java:1604)
	at java.util.concurrent.ThreadPoolExecutor.runWorker(ThreadPoolExecutor.java:1149)
	at java.util.concurrent.ThreadPoolExecutor$Worker.run(ThreadPoolExecutor.java:624)
	at java.lang.Thread.run(Thread.java:750)
20:06:54.728 [IPC Server handler 12 on default port 37437] ERROR OMAudit - user=runner | ip=127.0.0.1 | op=GET_FILE_STATUS {volume=volume46233, bucket=bucket02547, key=d1/d2/d3/d4/key3/invalid, dataSize=0, replicationConfig=null} | ret=FAILURE
org.apache.hadoop.ozone.om.exceptions.OMException: Unable to get file status: volume: volume46233 bucket: bucket02547 key: d1/d2/d3/d4/key3/invalid
	at org.apache.hadoop.ozone.om.KeyManagerImpl.getOzoneFileStatus(KeyManagerImpl.java:1196) ~[ozone-manager-1.4.0-SNAPSHOT.jar:?]
	at org.apache.hadoop.ozone.om.KeyManagerImpl.getFileStatus(KeyManagerImpl.java:1114) ~[ozone-manager-1.4.0-SNAPSHOT.jar:?]
	at org.apache.hadoop.ozone.om.OmMetadataReader.getFileStatus(OmMetadataReader.java:288) ~[ozone-manager-1.4.0-SNAPSHOT.jar:?]
	at org.apache.hadoop.ozone.om.OzoneManager.getFileStatus(OzoneManager.java:3494) ~[ozone-manager-1.4.0-SNAPSHOT.jar:?]
	at org.apache.hadoop.ozone.protocolPB.OzoneManagerRequestHandler.getOzoneFileStatus(OzoneManagerRequestHandler.java:933) ~[ozone-manager-1.4.0-SNAPSHOT.jar:?]
	at org.apache.hadoop.ozone.protocolPB.OzoneManagerRequestHandler.handleReadRequest(OzoneManagerRequestHandler.java:238) ~[ozone-manager-1.4.0-SNAPSHOT.jar:?]
	at org.apache.hadoop.ozone.protocolPB.OzoneManagerProtocolServerSideTranslatorPB.submitReadRequestToOM(OzoneManagerProtocolServerSideTranslatorPB.java:223) ~[ozone-manager-1.4.0-SNAPSHOT.jar:?]
	at org.apache.hadoop.ozone.protocolPB.OzoneManagerProtocolServerSideTranslatorPB.processRequest(OzoneManagerProtocolServerSideTranslatorPB.java:177) ~[ozone-manager-1.4.0-SNAPSHOT.jar:?]
	at org.apache.hadoop.hdds.server.OzoneProtocolMessageDispatcher.processRequest(OzoneProtocolMessageDispatcher.java:87) [hdds-server-framework-1.4.0-SNAPSHOT.jar:?]
	at org.apache.hadoop.ozone.protocolPB.OzoneManagerProtocolServerSideTranslatorPB.submitRequest(OzoneManagerProtocolServerSideTranslatorPB.java:147) [ozone-manager-1.4.0-SNAPSHOT.jar:?]
	at org.apache.hadoop.ozone.protocol.proto.OzoneManagerProtocolProtos$OzoneManagerService$2.callBlockingMethod(OzoneManagerProtocolProtos.java) [ozone-interface-client-1.4.0-SNAPSHOT.jar:?]
	at org.apache.hadoop.ipc.ProtobufRpcEngine$Server.processCall(ProtobufRpcEngine.java:465) [hadoop-common-3.3.4.jar:?]
	at org.apache.hadoop.ipc.ProtobufRpcEngine2$Server$ProtoBufRpcInvoker.call(ProtobufRpcEngine2.java:578) [hadoop-common-3.3.4.jar:?]
	at org.apache.hadoop.ipc.ProtobufRpcEngine2$Server$ProtoBufRpcInvoker.call(ProtobufRpcEngine2.java:556) [hadoop-common-3.3.4.jar:?]
	at org.apache.hadoop.ipc.RPC$Server.call(RPC.java:1093) [hadoop-common-3.3.4.jar:?]
	at org.apache.hadoop.ipc.Server$RpcCall.run(Server.java:1043) [hadoop-common-3.3.4.jar:?]
	at org.apache.hadoop.ipc.Server$RpcCall.run(Server.java:971) [hadoop-common-3.3.4.jar:?]
	at java.security.AccessController.doPrivileged(Native Method) ~[?:1.8.0_362]
	at javax.security.auth.Subject.doAs(Subject.java:422) [?:1.8.0_362]
	at org.apache.hadoop.security.UserGroupInformation.doAs(UserGroupInformation.java:1878) [hadoop-common-3.3.4.jar:?]
	at org.apache.hadoop.ipc.Server$Handler.run(Server.java:2976) [hadoop-common-3.3.4.jar:?]
20:06:54.729 [IPC Server handler 18 on default port 37437] ERROR OMAudit - user=runner | ip=127.0.0.1 | op=GET_FILE_STATUS {volume=volume46233, bucket=bucket02547, key=d1/d2/d3/d4/invalidkey, dataSize=0, replicationConfig=null} | ret=FAILURE
org.apache.hadoop.ozone.om.exceptions.OMException: Unable to get file status: volume: volume46233 bucket: bucket02547 key: d1/d2/d3/d4/invalidkey
	at org.apache.hadoop.ozone.om.KeyManagerImpl.getOzoneFileStatus(KeyManagerImpl.java:1196) ~[ozone-manager-1.4.0-SNAPSHOT.jar:?]
	at org.apache.hadoop.ozone.om.KeyManagerImpl.getFileStatus(KeyManagerImpl.java:1114) ~[ozone-manager-1.4.0-SNAPSHOT.jar:?]
	at org.apache.hadoop.ozone.om.OmMetadataReader.getFileStatus(OmMetadataReader.java:288) ~[ozone-manager-1.4.0-SNAPSHOT.jar:?]
	at org.apache.hadoop.ozone.om.OzoneManager.getFileStatus(OzoneManager.java:3494) ~[ozone-manager-1.4.0-SNAPSHOT.jar:?]
	at org.apache.hadoop.ozone.protocolPB.OzoneManagerRequestHandler.getOzoneFileStatus(OzoneManagerRequestHandler.java:933) ~[ozone-manager-1.4.0-SNAPSHOT.jar:?]
	at org.apache.hadoop.ozone.protocolPB.OzoneManagerRequestHandler.handleReadRequest(OzoneManagerRequestHandler.java:238) ~[ozone-manager-1.4.0-SNAPSHOT.jar:?]
	at org.apache.hadoop.ozone.protocolPB.OzoneManagerProtocolServerSideTranslatorPB.submitReadRequestToOM(OzoneManagerProtocolServerSideTranslatorPB.java:223) ~[ozone-manager-1.4.0-SNAPSHOT.jar:?]
	at org.apache.hadoop.ozone.protocolPB.OzoneManagerProtocolServerSideTranslatorPB.processRequest(OzoneManagerProtocolServerSideTranslatorPB.java:177) ~[ozone-manager-1.4.0-SNAPSHOT.jar:?]
	at org.apache.hadoop.hdds.server.OzoneProtocolMessageDispatcher.processRequest(OzoneProtocolMessageDispatcher.java:87) [hdds-server-framework-1.4.0-SNAPSHOT.jar:?]
	at org.apache.hadoop.ozone.protocolPB.OzoneManagerProtocolServerSideTranslatorPB.submitRequest(OzoneManagerProtocolServerSideTranslatorPB.java:147) [ozone-manager-1.4.0-SNAPSHOT.jar:?]
	at org.apache.hadoop.ozone.protocol.proto.OzoneManagerProtocolProtos$OzoneManagerService$2.callBlockingMethod(OzoneManagerProtocolProtos.java) [ozone-interface-client-1.4.0-SNAPSHOT.jar:?]
	at org.apache.hadoop.ipc.ProtobufRpcEngine$Server.processCall(ProtobufRpcEngine.java:465) [hadoop-common-3.3.4.jar:?]
	at org.apache.hadoop.ipc.ProtobufRpcEngine2$Server$ProtoBufRpcInvoker.call(ProtobufRpcEngine2.java:578) [hadoop-common-3.3.4.jar:?]
	at org.apache.hadoop.ipc.ProtobufRpcEngine2$Server$ProtoBufRpcInvoker.call(ProtobufRpcEngine2.java:556) [hadoop-common-3.3.4.jar:?]
	at org.apache.hadoop.ipc.RPC$Server.call(RPC.java:1093) [hadoop-common-3.3.4.jar:?]
	at org.apache.hadoop.ipc.Server$RpcCall.run(Server.java:1043) [hadoop-common-3.3.4.jar:?]
	at org.apache.hadoop.ipc.Server$RpcCall.run(Server.java:971) [hadoop-common-3.3.4.jar:?]
	at java.security.AccessController.doPrivileged(Native Method) ~[?:1.8.0_362]
	at javax.security.auth.Subject.doAs(Subject.java:422) [?:1.8.0_362]
	at org.apache.hadoop.security.UserGroupInformation.doAs(UserGroupInformation.java:1878) [hadoop-common-3.3.4.jar:?]
	at org.apache.hadoop.ipc.Server$Handler.run(Server.java:2976) [hadoop-common-3.3.4.jar:?]
]]></system-out>
  </testcase>
  <testcase name="testCreateFileShouldCheckExistenceOfDirWithSameName" classname="TestOzoneFileSystem" time="0.026">
    <system-out><![CDATA[2023-03-16 20:08:13,317 [IPC Server handler 15 on default port 41725] INFO  key.OMKeyRequest (OMKeyRequest.java:wrapUncommittedBlocksAsPseudoKey(838)) - Detect allocated but uncommitted blocks [{blockID={containerID=4, localID=111677748019200034}, length=4194304, offset=0, token=null, pipeline=null, createVersion=0, partNumber=0}] in key d1/d2/d3/d4/key1.
20:08:13.320 [IPC Server handler 1 on default port 41725] ERROR OMAudit - user=runner | ip=127.0.0.1 | op=CREATE_FILE {volume=volume10450, bucket=bucket92716, key=d1/d2/d3/d4/key2, dataSize=4194304, replicationType=RATIS, replicationFactor=THREE} | ret=FAILURE
org.apache.hadoop.ozone.om.exceptions.OMException: Can not write to directory: d1/d2/d3/d4/key2
	at org.apache.hadoop.ozone.om.request.file.OMFileCreateRequest.checkDirectoryResult(OMFileCreateRequest.java:363) ~[ozone-manager-1.4.0-SNAPSHOT.jar:?]
	at org.apache.hadoop.ozone.om.request.file.OMFileCreateRequest.validateAndUpdateCache(OMFileCreateRequest.java:238) ~[ozone-manager-1.4.0-SNAPSHOT.jar:?]
	at org.apache.hadoop.ozone.protocolPB.OzoneManagerRequestHandler.handleWriteRequest(OzoneManagerRequestHandler.java:337) ~[ozone-manager-1.4.0-SNAPSHOT.jar:?]
	at org.apache.hadoop.ozone.protocolPB.OzoneManagerProtocolServerSideTranslatorPB.submitRequestDirectlyToOM(OzoneManagerProtocolServerSideTranslatorPB.java:278) ~[ozone-manager-1.4.0-SNAPSHOT.jar:?]
	at org.apache.hadoop.ozone.protocolPB.OzoneManagerProtocolServerSideTranslatorPB.processRequest(OzoneManagerProtocolServerSideTranslatorPB.java:173) ~[ozone-manager-1.4.0-SNAPSHOT.jar:?]
	at org.apache.hadoop.hdds.server.OzoneProtocolMessageDispatcher.processRequest(OzoneProtocolMessageDispatcher.java:87) [hdds-server-framework-1.4.0-SNAPSHOT.jar:?]
	at org.apache.hadoop.ozone.protocolPB.OzoneManagerProtocolServerSideTranslatorPB.submitRequest(OzoneManagerProtocolServerSideTranslatorPB.java:147) [ozone-manager-1.4.0-SNAPSHOT.jar:?]
	at org.apache.hadoop.ozone.protocol.proto.OzoneManagerProtocolProtos$OzoneManagerService$2.callBlockingMethod(OzoneManagerProtocolProtos.java) [ozone-interface-client-1.4.0-SNAPSHOT.jar:?]
	at org.apache.hadoop.ipc.ProtobufRpcEngine$Server.processCall(ProtobufRpcEngine.java:465) [hadoop-common-3.3.4.jar:?]
	at org.apache.hadoop.ipc.ProtobufRpcEngine2$Server$ProtoBufRpcInvoker.call(ProtobufRpcEngine2.java:578) [hadoop-common-3.3.4.jar:?]
	at org.apache.hadoop.ipc.ProtobufRpcEngine2$Server$ProtoBufRpcInvoker.call(ProtobufRpcEngine2.java:556) [hadoop-common-3.3.4.jar:?]
	at org.apache.hadoop.ipc.RPC$Server.call(RPC.java:1093) [hadoop-common-3.3.4.jar:?]
	at org.apache.hadoop.ipc.Server$RpcCall.run(Server.java:1043) [hadoop-common-3.3.4.jar:?]
	at org.apache.hadoop.ipc.Server$RpcCall.run(Server.java:971) [hadoop-common-3.3.4.jar:?]
	at java.security.AccessController.doPrivileged(Native Method) ~[?:1.8.0_362]
	at javax.security.auth.Subject.doAs(Subject.java:422) [?:1.8.0_362]
	at org.apache.hadoop.security.UserGroupInformation.doAs(UserGroupInformation.java:1878) [hadoop-common-3.3.4.jar:?]
	at org.apache.hadoop.ipc.Server$Handler.run(Server.java:2976) [hadoop-common-3.3.4.jar:?]
2023-03-16 20:08:13,321 [IPC Server handler 1 on default port 41725] ERROR file.OMFileCreateRequest (OMFileCreateRequest.java:validateAndUpdateCache(336)) - File create failed. Volume:volume10450, Bucket:bucket92716, Keyd1/d2/d3/d4/key2.
NOT_A_FILE org.apache.hadoop.ozone.om.exceptions.OMException: Can not write to directory: d1/d2/d3/d4/key2
	at org.apache.hadoop.ozone.om.request.file.OMFileCreateRequest.checkDirectoryResult(OMFileCreateRequest.java:363)
	at org.apache.hadoop.ozone.om.request.file.OMFileCreateRequest.validateAndUpdateCache(OMFileCreateRequest.java:238)
	at org.apache.hadoop.ozone.protocolPB.OzoneManagerRequestHandler.handleWriteRequest(OzoneManagerRequestHandler.java:337)
	at org.apache.hadoop.ozone.protocolPB.OzoneManagerProtocolServerSideTranslatorPB.submitRequestDirectlyToOM(OzoneManagerProtocolServerSideTranslatorPB.java:278)
	at org.apache.hadoop.ozone.protocolPB.OzoneManagerProtocolServerSideTranslatorPB.processRequest(OzoneManagerProtocolServerSideTranslatorPB.java:173)
	at org.apache.hadoop.hdds.server.OzoneProtocolMessageDispatcher.processRequest(OzoneProtocolMessageDispatcher.java:87)
	at org.apache.hadoop.ozone.protocolPB.OzoneManagerProtocolServerSideTranslatorPB.submitRequest(OzoneManagerProtocolServerSideTranslatorPB.java:147)
	at org.apache.hadoop.ozone.protocol.proto.OzoneManagerProtocolProtos$OzoneManagerService$2.callBlockingMethod(OzoneManagerProtocolProtos.java)
	at org.apache.hadoop.ipc.ProtobufRpcEngine$Server.processCall(ProtobufRpcEngine.java:465)
	at org.apache.hadoop.ipc.ProtobufRpcEngine2$Server$ProtoBufRpcInvoker.call(ProtobufRpcEngine2.java:578)
	at org.apache.hadoop.ipc.ProtobufRpcEngine2$Server$ProtoBufRpcInvoker.call(ProtobufRpcEngine2.java:556)
	at org.apache.hadoop.ipc.RPC$Server.call(RPC.java:1093)
	at org.apache.hadoop.ipc.Server$RpcCall.run(Server.java:1043)
	at org.apache.hadoop.ipc.Server$RpcCall.run(Server.java:971)
	at java.security.AccessController.doPrivileged(Native Method)
	at javax.security.auth.Subject.doAs(Subject.java:422)
	at org.apache.hadoop.security.UserGroupInformation.doAs(UserGroupInformation.java:1878)
	at org.apache.hadoop.ipc.Server$Handler.run(Server.java:2976)
2023-03-16 20:08:13,324 [IPC Server handler 7 on default port 41725] INFO  key.OMKeyRequest (OMKeyRequest.java:wrapUncommittedBlocksAsPseudoKey(838)) - Detect allocated but uncommitted blocks [{blockID={containerID=1, localID=111677748019200036}, length=4194304, offset=0, token=null, pipeline=null, createVersion=0, partNumber=0}] in key d1/d2/d3/d4/key3.
20:08:13.325 [IPC Server handler 11 on default port 41725] ERROR OMAudit - user=runner | ip=127.0.0.1 | op=CREATE_DIRECTORY {volume=volume10450, bucket=bucket92716, key=d1/d2/d3/d4/key3, dataSize=0, replicationType=NONE, replicationFactor=ZERO} | ret=FAILURE
org.apache.hadoop.ozone.om.exceptions.OMException: Unable to create directory: d1/d2/d3/d4/key3 in volume/bucket: volume10450/bucket92716
	at org.apache.hadoop.ozone.om.request.file.OMDirectoryCreateRequest.validateAndUpdateCache(OMDirectoryCreateRequest.java:196) ~[ozone-manager-1.4.0-SNAPSHOT.jar:?]
	at org.apache.hadoop.ozone.protocolPB.OzoneManagerRequestHandler.handleWriteRequest(OzoneManagerRequestHandler.java:337) ~[ozone-manager-1.4.0-SNAPSHOT.jar:?]
	at org.apache.hadoop.ozone.protocolPB.OzoneManagerProtocolServerSideTranslatorPB.submitRequestDirectlyToOM(OzoneManagerProtocolServerSideTranslatorPB.java:278) ~[ozone-manager-1.4.0-SNAPSHOT.jar:?]
	at org.apache.hadoop.ozone.protocolPB.OzoneManagerProtocolServerSideTranslatorPB.processRequest(OzoneManagerProtocolServerSideTranslatorPB.java:173) ~[ozone-manager-1.4.0-SNAPSHOT.jar:?]
	at org.apache.hadoop.hdds.server.OzoneProtocolMessageDispatcher.processRequest(OzoneProtocolMessageDispatcher.java:87) [hdds-server-framework-1.4.0-SNAPSHOT.jar:?]
	at org.apache.hadoop.ozone.protocolPB.OzoneManagerProtocolServerSideTranslatorPB.submitRequest(OzoneManagerProtocolServerSideTranslatorPB.java:147) [ozone-manager-1.4.0-SNAPSHOT.jar:?]
	at org.apache.hadoop.ozone.protocol.proto.OzoneManagerProtocolProtos$OzoneManagerService$2.callBlockingMethod(OzoneManagerProtocolProtos.java) [ozone-interface-client-1.4.0-SNAPSHOT.jar:?]
	at org.apache.hadoop.ipc.ProtobufRpcEngine$Server.processCall(ProtobufRpcEngine.java:465) [hadoop-common-3.3.4.jar:?]
	at org.apache.hadoop.ipc.ProtobufRpcEngine2$Server$ProtoBufRpcInvoker.call(ProtobufRpcEngine2.java:578) [hadoop-common-3.3.4.jar:?]
	at org.apache.hadoop.ipc.ProtobufRpcEngine2$Server$ProtoBufRpcInvoker.call(ProtobufRpcEngine2.java:556) [hadoop-common-3.3.4.jar:?]
	at org.apache.hadoop.ipc.RPC$Server.call(RPC.java:1093) [hadoop-common-3.3.4.jar:?]
	at org.apache.hadoop.ipc.Server$RpcCall.run(Server.java:1043) [hadoop-common-3.3.4.jar:?]
	at org.apache.hadoop.ipc.Server$RpcCall.run(Server.java:971) [hadoop-common-3.3.4.jar:?]
	at java.security.AccessController.doPrivileged(Native Method) ~[?:1.8.0_362]
	at javax.security.auth.Subject.doAs(Subject.java:422) [?:1.8.0_362]
	at org.apache.hadoop.security.UserGroupInformation.doAs(UserGroupInformation.java:1878) [hadoop-common-3.3.4.jar:?]
	at org.apache.hadoop.ipc.Server$Handler.run(Server.java:2976) [hadoop-common-3.3.4.jar:?]
2023-03-16 20:08:13,326 [IPC Server handler 11 on default port 41725] ERROR file.OMDirectoryCreateRequest (OMDirectoryCreateRequest.java:logResult(335)) - Directory creation failed. Volume:volume10450, Bucket:bucket92716, Keyd1/d2/d3/d4/key3. Exception:{}
FILE_ALREADY_EXISTS org.apache.hadoop.ozone.om.exceptions.OMException: Unable to create directory: d1/d2/d3/d4/key3 in volume/bucket: volume10450/bucket92716
	at org.apache.hadoop.ozone.om.request.file.OMDirectoryCreateRequest.validateAndUpdateCache(OMDirectoryCreateRequest.java:196)
	at org.apache.hadoop.ozone.protocolPB.OzoneManagerRequestHandler.handleWriteRequest(OzoneManagerRequestHandler.java:337)
	at org.apache.hadoop.ozone.protocolPB.OzoneManagerProtocolServerSideTranslatorPB.submitRequestDirectlyToOM(OzoneManagerProtocolServerSideTranslatorPB.java:278)
	at org.apache.hadoop.ozone.protocolPB.OzoneManagerProtocolServerSideTranslatorPB.processRequest(OzoneManagerProtocolServerSideTranslatorPB.java:173)
	at org.apache.hadoop.hdds.server.OzoneProtocolMessageDispatcher.processRequest(OzoneProtocolMessageDispatcher.java:87)
	at org.apache.hadoop.ozone.protocolPB.OzoneManagerProtocolServerSideTranslatorPB.submitRequest(OzoneManagerProtocolServerSideTranslatorPB.java:147)
	at org.apache.hadoop.ozone.protocol.proto.OzoneManagerProtocolProtos$OzoneManagerService$2.callBlockingMethod(OzoneManagerProtocolProtos.java)
	at org.apache.hadoop.ipc.ProtobufRpcEngine$Server.processCall(ProtobufRpcEngine.java:465)
	at org.apache.hadoop.ipc.ProtobufRpcEngine2$Server$ProtoBufRpcInvoker.call(ProtobufRpcEngine2.java:578)
	at org.apache.hadoop.ipc.ProtobufRpcEngine2$Server$ProtoBufRpcInvoker.call(ProtobufRpcEngine2.java:556)
	at org.apache.hadoop.ipc.RPC$Server.call(RPC.java:1093)
	at org.apache.hadoop.ipc.Server$RpcCall.run(Server.java:1043)
	at org.apache.hadoop.ipc.Server$RpcCall.run(Server.java:971)
	at java.security.AccessController.doPrivileged(Native Method)
	at javax.security.auth.Subject.doAs(Subject.java:422)
	at org.apache.hadoop.security.UserGroupInformation.doAs(UserGroupInformation.java:1878)
	at org.apache.hadoop.ipc.Server$Handler.run(Server.java:2976)
20:08:13.330 [IPC Server handler 13 on default port 41725] ERROR OMAudit - user=runner | ip=127.0.0.1 | op=CREATE_FILE {volume=volume10450, bucket=bucket92716, key=d1/d2/d3, dataSize=4194304, replicationType=RATIS, replicationFactor=THREE} | ret=FAILURE
org.apache.hadoop.ozone.om.exceptions.OMException: Can not write to directory: d1/d2/d3
	at org.apache.hadoop.ozone.om.request.file.OMFileCreateRequest.checkDirectoryResult(OMFileCreateRequest.java:363) ~[ozone-manager-1.4.0-SNAPSHOT.jar:?]
	at org.apache.hadoop.ozone.om.request.file.OMFileCreateRequest.validateAndUpdateCache(OMFileCreateRequest.java:238) ~[ozone-manager-1.4.0-SNAPSHOT.jar:?]
	at org.apache.hadoop.ozone.protocolPB.OzoneManagerRequestHandler.handleWriteRequest(OzoneManagerRequestHandler.java:337) ~[ozone-manager-1.4.0-SNAPSHOT.jar:?]
	at org.apache.hadoop.ozone.protocolPB.OzoneManagerProtocolServerSideTranslatorPB.submitRequestDirectlyToOM(OzoneManagerProtocolServerSideTranslatorPB.java:278) ~[ozone-manager-1.4.0-SNAPSHOT.jar:?]
	at org.apache.hadoop.ozone.protocolPB.OzoneManagerProtocolServerSideTranslatorPB.processRequest(OzoneManagerProtocolServerSideTranslatorPB.java:173) ~[ozone-manager-1.4.0-SNAPSHOT.jar:?]
	at org.apache.hadoop.hdds.server.OzoneProtocolMessageDispatcher.processRequest(OzoneProtocolMessageDispatcher.java:87) [hdds-server-framework-1.4.0-SNAPSHOT.jar:?]
	at org.apache.hadoop.ozone.protocolPB.OzoneManagerProtocolServerSideTranslatorPB.submitRequest(OzoneManagerProtocolServerSideTranslatorPB.java:147) [ozone-manager-1.4.0-SNAPSHOT.jar:?]
	at org.apache.hadoop.ozone.protocol.proto.OzoneManagerProtocolProtos$OzoneManagerService$2.callBlockingMethod(OzoneManagerProtocolProtos.java) [ozone-interface-client-1.4.0-SNAPSHOT.jar:?]
	at org.apache.hadoop.ipc.ProtobufRpcEngine$Server.processCall(ProtobufRpcEngine.java:465) [hadoop-common-3.3.4.jar:?]
	at org.apache.hadoop.ipc.ProtobufRpcEngine2$Server$ProtoBufRpcInvoker.call(ProtobufRpcEngine2.java:578) [hadoop-common-3.3.4.jar:?]
	at org.apache.hadoop.ipc.ProtobufRpcEngine2$Server$ProtoBufRpcInvoker.call(ProtobufRpcEngine2.java:556) [hadoop-common-3.3.4.jar:?]
	at org.apache.hadoop.ipc.RPC$Server.call(RPC.java:1093) [hadoop-common-3.3.4.jar:?]
	at org.apache.hadoop.ipc.Server$RpcCall.run(Server.java:1043) [hadoop-common-3.3.4.jar:?]
	at org.apache.hadoop.ipc.Server$RpcCall.run(Server.java:971) [hadoop-common-3.3.4.jar:?]
	at java.security.AccessController.doPrivileged(Native Method) ~[?:1.8.0_362]
	at javax.security.auth.Subject.doAs(Subject.java:422) [?:1.8.0_362]
	at org.apache.hadoop.security.UserGroupInformation.doAs(UserGroupInformation.java:1878) [hadoop-common-3.3.4.jar:?]
	at org.apache.hadoop.ipc.Server$Handler.run(Server.java:2976) [hadoop-common-3.3.4.jar:?]
2023-03-16 20:08:13,330 [IPC Server handler 13 on default port 41725] ERROR file.OMFileCreateRequest (OMFileCreateRequest.java:validateAndUpdateCache(336)) - File create failed. Volume:volume10450, Bucket:bucket92716, Keyd1/d2/d3.
NOT_A_FILE org.apache.hadoop.ozone.om.exceptions.OMException: Can not write to directory: d1/d2/d3
	at org.apache.hadoop.ozone.om.request.file.OMFileCreateRequest.checkDirectoryResult(OMFileCreateRequest.java:363)
	at org.apache.hadoop.ozone.om.request.file.OMFileCreateRequest.validateAndUpdateCache(OMFileCreateRequest.java:238)
	at org.apache.hadoop.ozone.protocolPB.OzoneManagerRequestHandler.handleWriteRequest(OzoneManagerRequestHandler.java:337)
	at org.apache.hadoop.ozone.protocolPB.OzoneManagerProtocolServerSideTranslatorPB.submitRequestDirectlyToOM(OzoneManagerProtocolServerSideTranslatorPB.java:278)
	at org.apache.hadoop.ozone.protocolPB.OzoneManagerProtocolServerSideTranslatorPB.processRequest(OzoneManagerProtocolServerSideTranslatorPB.java:173)
	at org.apache.hadoop.hdds.server.OzoneProtocolMessageDispatcher.processRequest(OzoneProtocolMessageDispatcher.java:87)
	at org.apache.hadoop.ozone.protocolPB.OzoneManagerProtocolServerSideTranslatorPB.submitRequest(OzoneManagerProtocolServerSideTranslatorPB.java:147)
	at org.apache.hadoop.ozone.protocol.proto.OzoneManagerProtocolProtos$OzoneManagerService$2.callBlockingMethod(OzoneManagerProtocolProtos.java)
	at org.apache.hadoop.ipc.ProtobufRpcEngine$Server.processCall(ProtobufRpcEngine.java:465)
	at org.apache.hadoop.ipc.ProtobufRpcEngine2$Server$ProtoBufRpcInvoker.call(ProtobufRpcEngine2.java:578)
	at org.apache.hadoop.ipc.ProtobufRpcEngine2$Server$ProtoBufRpcInvoker.call(ProtobufRpcEngine2.java:556)
	at org.apache.hadoop.ipc.RPC$Server.call(RPC.java:1093)
	at org.apache.hadoop.ipc.Server$RpcCall.run(Server.java:1043)
	at org.apache.hadoop.ipc.Server$RpcCall.run(Server.java:971)
	at java.security.AccessController.doPrivileged(Native Method)
	at javax.security.auth.Subject.doAs(Subject.java:422)
	at org.apache.hadoop.security.UserGroupInformation.doAs(UserGroupInformation.java:1878)
	at org.apache.hadoop.ipc.Server$Handler.run(Server.java:2976)
20:08:13.332 [IPC Server handler 16 on default port 41725] ERROR OMAudit - user=runner | ip=127.0.0.1 | op=GET_FILE_STATUS {volume=volume10450, bucket=bucket92716, key=d1/d2/d3/d4/key3/invalid, dataSize=0, replicationConfig=null} | ret=FAILURE
org.apache.hadoop.ozone.om.exceptions.OMException: Unable to get file status: volume: volume10450 bucket: bucket92716 key: d1/d2/d3/d4/key3/invalid
	at org.apache.hadoop.ozone.om.KeyManagerImpl.getOzoneFileStatus(KeyManagerImpl.java:1196) ~[ozone-manager-1.4.0-SNAPSHOT.jar:?]
	at org.apache.hadoop.ozone.om.KeyManagerImpl.getFileStatus(KeyManagerImpl.java:1114) ~[ozone-manager-1.4.0-SNAPSHOT.jar:?]
	at org.apache.hadoop.ozone.om.OmMetadataReader.getFileStatus(OmMetadataReader.java:288) ~[ozone-manager-1.4.0-SNAPSHOT.jar:?]
	at org.apache.hadoop.ozone.om.OzoneManager.getFileStatus(OzoneManager.java:3494) ~[ozone-manager-1.4.0-SNAPSHOT.jar:?]
	at org.apache.hadoop.ozone.protocolPB.OzoneManagerRequestHandler.getOzoneFileStatus(OzoneManagerRequestHandler.java:933) ~[ozone-manager-1.4.0-SNAPSHOT.jar:?]
	at org.apache.hadoop.ozone.protocolPB.OzoneManagerRequestHandler.handleReadRequest(OzoneManagerRequestHandler.java:238) ~[ozone-manager-1.4.0-SNAPSHOT.jar:?]
	at org.apache.hadoop.ozone.protocolPB.OzoneManagerProtocolServerSideTranslatorPB.submitRequestDirectlyToOM(OzoneManagerProtocolServerSideTranslatorPB.java:272) ~[ozone-manager-1.4.0-SNAPSHOT.jar:?]
	at org.apache.hadoop.ozone.protocolPB.OzoneManagerProtocolServerSideTranslatorPB.processRequest(OzoneManagerProtocolServerSideTranslatorPB.java:173) ~[ozone-manager-1.4.0-SNAPSHOT.jar:?]
	at org.apache.hadoop.hdds.server.OzoneProtocolMessageDispatcher.processRequest(OzoneProtocolMessageDispatcher.java:87) [hdds-server-framework-1.4.0-SNAPSHOT.jar:?]
	at org.apache.hadoop.ozone.protocolPB.OzoneManagerProtocolServerSideTranslatorPB.submitRequest(OzoneManagerProtocolServerSideTranslatorPB.java:147) [ozone-manager-1.4.0-SNAPSHOT.jar:?]
	at org.apache.hadoop.ozone.protocol.proto.OzoneManagerProtocolProtos$OzoneManagerService$2.callBlockingMethod(OzoneManagerProtocolProtos.java) [ozone-interface-client-1.4.0-SNAPSHOT.jar:?]
	at org.apache.hadoop.ipc.ProtobufRpcEngine$Server.processCall(ProtobufRpcEngine.java:465) [hadoop-common-3.3.4.jar:?]
	at org.apache.hadoop.ipc.ProtobufRpcEngine2$Server$ProtoBufRpcInvoker.call(ProtobufRpcEngine2.java:578) [hadoop-common-3.3.4.jar:?]
	at org.apache.hadoop.ipc.ProtobufRpcEngine2$Server$ProtoBufRpcInvoker.call(ProtobufRpcEngine2.java:556) [hadoop-common-3.3.4.jar:?]
	at org.apache.hadoop.ipc.RPC$Server.call(RPC.java:1093) [hadoop-common-3.3.4.jar:?]
	at org.apache.hadoop.ipc.Server$RpcCall.run(Server.java:1043) [hadoop-common-3.3.4.jar:?]
	at org.apache.hadoop.ipc.Server$RpcCall.run(Server.java:971) [hadoop-common-3.3.4.jar:?]
	at java.security.AccessController.doPrivileged(Native Method) ~[?:1.8.0_362]
	at javax.security.auth.Subject.doAs(Subject.java:422) [?:1.8.0_362]
	at org.apache.hadoop.security.UserGroupInformation.doAs(UserGroupInformation.java:1878) [hadoop-common-3.3.4.jar:?]
	at org.apache.hadoop.ipc.Server$Handler.run(Server.java:2976) [hadoop-common-3.3.4.jar:?]
20:08:13.333 [IPC Server handler 18 on default port 41725] ERROR OMAudit - user=runner | ip=127.0.0.1 | op=GET_FILE_STATUS {volume=volume10450, bucket=bucket92716, key=d1/d2/d3/d4/invalidkey, dataSize=0, replicationConfig=null} | ret=FAILURE
org.apache.hadoop.ozone.om.exceptions.OMException: Unable to get file status: volume: volume10450 bucket: bucket92716 key: d1/d2/d3/d4/invalidkey
	at org.apache.hadoop.ozone.om.KeyManagerImpl.getOzoneFileStatus(KeyManagerImpl.java:1196) ~[ozone-manager-1.4.0-SNAPSHOT.jar:?]
	at org.apache.hadoop.ozone.om.KeyManagerImpl.getFileStatus(KeyManagerImpl.java:1114) ~[ozone-manager-1.4.0-SNAPSHOT.jar:?]
	at org.apache.hadoop.ozone.om.OmMetadataReader.getFileStatus(OmMetadataReader.java:288) ~[ozone-manager-1.4.0-SNAPSHOT.jar:?]
	at org.apache.hadoop.ozone.om.OzoneManager.getFileStatus(OzoneManager.java:3494) ~[ozone-manager-1.4.0-SNAPSHOT.jar:?]
	at org.apache.hadoop.ozone.protocolPB.OzoneManagerRequestHandler.getOzoneFileStatus(OzoneManagerRequestHandler.java:933) ~[ozone-manager-1.4.0-SNAPSHOT.jar:?]
	at org.apache.hadoop.ozone.protocolPB.OzoneManagerRequestHandler.handleReadRequest(OzoneManagerRequestHandler.java:238) ~[ozone-manager-1.4.0-SNAPSHOT.jar:?]
	at org.apache.hadoop.ozone.protocolPB.OzoneManagerProtocolServerSideTranslatorPB.submitRequestDirectlyToOM(OzoneManagerProtocolServerSideTranslatorPB.java:272) ~[ozone-manager-1.4.0-SNAPSHOT.jar:?]
	at org.apache.hadoop.ozone.protocolPB.OzoneManagerProtocolServerSideTranslatorPB.processRequest(OzoneManagerProtocolServerSideTranslatorPB.java:173) ~[ozone-manager-1.4.0-SNAPSHOT.jar:?]
	at org.apache.hadoop.hdds.server.OzoneProtocolMessageDispatcher.processRequest(OzoneProtocolMessageDispatcher.java:87) [hdds-server-framework-1.4.0-SNAPSHOT.jar:?]
	at org.apache.hadoop.ozone.protocolPB.OzoneManagerProtocolServerSideTranslatorPB.submitRequest(OzoneManagerProtocolServerSideTranslatorPB.java:147) [ozone-manager-1.4.0-SNAPSHOT.jar:?]
	at org.apache.hadoop.ozone.protocol.proto.OzoneManagerProtocolProtos$OzoneManagerService$2.callBlockingMethod(OzoneManagerProtocolProtos.java) [ozone-interface-client-1.4.0-SNAPSHOT.jar:?]
	at org.apache.hadoop.ipc.ProtobufRpcEngine$Server.processCall(ProtobufRpcEngine.java:465) [hadoop-common-3.3.4.jar:?]
	at org.apache.hadoop.ipc.ProtobufRpcEngine2$Server$ProtoBufRpcInvoker.call(ProtobufRpcEngine2.java:578) [hadoop-common-3.3.4.jar:?]
	at org.apache.hadoop.ipc.ProtobufRpcEngine2$Server$ProtoBufRpcInvoker.call(ProtobufRpcEngine2.java:556) [hadoop-common-3.3.4.jar:?]
	at org.apache.hadoop.ipc.RPC$Server.call(RPC.java:1093) [hadoop-common-3.3.4.jar:?]
	at org.apache.hadoop.ipc.Server$RpcCall.run(Server.java:1043) [hadoop-common-3.3.4.jar:?]
	at org.apache.hadoop.ipc.Server$RpcCall.run(Server.java:971) [hadoop-common-3.3.4.jar:?]
	at java.security.AccessController.doPrivileged(Native Method) ~[?:1.8.0_362]
	at javax.security.auth.Subject.doAs(Subject.java:422) [?:1.8.0_362]
	at org.apache.hadoop.security.UserGroupInformation.doAs(UserGroupInformation.java:1878) [hadoop-common-3.3.4.jar:?]
	at org.apache.hadoop.ipc.Server$Handler.run(Server.java:2976) [hadoop-common-3.3.4.jar:?]
]]></system-out>
  </testcase>
  <testcase name="testRenameContainDelimiterFile" classname="TestOzoneFileSystem" time="0.061">
    <system-out><![CDATA[2023-03-16 20:04:16,847 [OM StateMachine ApplyTransaction Thread - 0] INFO  key.OMKeyRequest (OMKeyRequest.java:wrapUncommittedBlocksAsPseudoKey(838)) - Detect allocated but uncommitted blocks [{blockID={containerID=6, localID=111677748019200038}, length=4194304, offset=0, token=null, pipeline=null, createVersion=0, partNumber=0}] in key dir1/dir2/key1.
20:04:16.852 [IPC Server handler 14 on default port 35091] ERROR OMAudit - user=runner | ip=127.0.0.1 | op=GET_FILE_STATUS {volume=volume04068, bucket=bucket31801, key=dir1/dir2/key2, dataSize=0, replicationConfig=null} | ret=FAILURE
org.apache.hadoop.ozone.om.exceptions.OMException: Unable to get file status: volume: volume04068 bucket: bucket31801 key: dir1/dir2/key2
	at org.apache.hadoop.ozone.om.KeyManagerImpl.getOzoneFileStatus(KeyManagerImpl.java:1196) ~[ozone-manager-1.4.0-SNAPSHOT.jar:?]
	at org.apache.hadoop.ozone.om.KeyManagerImpl.getFileStatus(KeyManagerImpl.java:1114) ~[ozone-manager-1.4.0-SNAPSHOT.jar:?]
	at org.apache.hadoop.ozone.om.OmMetadataReader.getFileStatus(OmMetadataReader.java:288) ~[ozone-manager-1.4.0-SNAPSHOT.jar:?]
	at org.apache.hadoop.ozone.om.OzoneManager.getFileStatus(OzoneManager.java:3494) ~[ozone-manager-1.4.0-SNAPSHOT.jar:?]
	at org.apache.hadoop.ozone.protocolPB.OzoneManagerRequestHandler.getOzoneFileStatus(OzoneManagerRequestHandler.java:933) ~[ozone-manager-1.4.0-SNAPSHOT.jar:?]
	at org.apache.hadoop.ozone.protocolPB.OzoneManagerRequestHandler.handleReadRequest(OzoneManagerRequestHandler.java:238) ~[ozone-manager-1.4.0-SNAPSHOT.jar:?]
	at org.apache.hadoop.ozone.protocolPB.OzoneManagerProtocolServerSideTranslatorPB.submitReadRequestToOM(OzoneManagerProtocolServerSideTranslatorPB.java:223) ~[ozone-manager-1.4.0-SNAPSHOT.jar:?]
	at org.apache.hadoop.ozone.protocolPB.OzoneManagerProtocolServerSideTranslatorPB.processRequest(OzoneManagerProtocolServerSideTranslatorPB.java:177) ~[ozone-manager-1.4.0-SNAPSHOT.jar:?]
	at org.apache.hadoop.hdds.server.OzoneProtocolMessageDispatcher.processRequest(OzoneProtocolMessageDispatcher.java:87) [hdds-server-framework-1.4.0-SNAPSHOT.jar:?]
	at org.apache.hadoop.ozone.protocolPB.OzoneManagerProtocolServerSideTranslatorPB.submitRequest(OzoneManagerProtocolServerSideTranslatorPB.java:147) [ozone-manager-1.4.0-SNAPSHOT.jar:?]
	at org.apache.hadoop.ozone.protocol.proto.OzoneManagerProtocolProtos$OzoneManagerService$2.callBlockingMethod(OzoneManagerProtocolProtos.java) [ozone-interface-client-1.4.0-SNAPSHOT.jar:?]
	at org.apache.hadoop.ipc.ProtobufRpcEngine$Server.processCall(ProtobufRpcEngine.java:465) [hadoop-common-3.3.4.jar:?]
	at org.apache.hadoop.ipc.ProtobufRpcEngine2$Server$ProtoBufRpcInvoker.call(ProtobufRpcEngine2.java:578) [hadoop-common-3.3.4.jar:?]
	at org.apache.hadoop.ipc.ProtobufRpcEngine2$Server$ProtoBufRpcInvoker.call(ProtobufRpcEngine2.java:556) [hadoop-common-3.3.4.jar:?]
	at org.apache.hadoop.ipc.RPC$Server.call(RPC.java:1093) [hadoop-common-3.3.4.jar:?]
	at org.apache.hadoop.ipc.Server$RpcCall.run(Server.java:1043) [hadoop-common-3.3.4.jar:?]
	at org.apache.hadoop.ipc.Server$RpcCall.run(Server.java:971) [hadoop-common-3.3.4.jar:?]
	at java.security.AccessController.doPrivileged(Native Method) ~[?:1.8.0_362]
	at javax.security.auth.Subject.doAs(Subject.java:422) [?:1.8.0_362]
	at org.apache.hadoop.security.UserGroupInformation.doAs(UserGroupInformation.java:1878) [hadoop-common-3.3.4.jar:?]
	at org.apache.hadoop.ipc.Server$Handler.run(Server.java:2976) [hadoop-common-3.3.4.jar:?]
20:04:16.868 [IPC Server handler 7 on default port 35091] ERROR OMAudit - user=runner | ip=127.0.0.1 | op=GET_FILE_STATUS {volume=volume04068, bucket=bucket31801, key=dir1/dir2/key1, dataSize=0, replicationConfig=null} | ret=FAILURE
org.apache.hadoop.ozone.om.exceptions.OMException: Unable to get file status: volume: volume04068 bucket: bucket31801 key: dir1/dir2/key1
	at org.apache.hadoop.ozone.om.KeyManagerImpl.getOzoneFileStatus(KeyManagerImpl.java:1196) ~[ozone-manager-1.4.0-SNAPSHOT.jar:?]
	at org.apache.hadoop.ozone.om.KeyManagerImpl.getFileStatus(KeyManagerImpl.java:1114) ~[ozone-manager-1.4.0-SNAPSHOT.jar:?]
	at org.apache.hadoop.ozone.om.OmMetadataReader.getFileStatus(OmMetadataReader.java:288) ~[ozone-manager-1.4.0-SNAPSHOT.jar:?]
	at org.apache.hadoop.ozone.om.OzoneManager.getFileStatus(OzoneManager.java:3494) ~[ozone-manager-1.4.0-SNAPSHOT.jar:?]
	at org.apache.hadoop.ozone.protocolPB.OzoneManagerRequestHandler.getOzoneFileStatus(OzoneManagerRequestHandler.java:933) ~[ozone-manager-1.4.0-SNAPSHOT.jar:?]
	at org.apache.hadoop.ozone.protocolPB.OzoneManagerRequestHandler.handleReadRequest(OzoneManagerRequestHandler.java:238) ~[ozone-manager-1.4.0-SNAPSHOT.jar:?]
	at org.apache.hadoop.ozone.protocolPB.OzoneManagerProtocolServerSideTranslatorPB.submitReadRequestToOM(OzoneManagerProtocolServerSideTranslatorPB.java:223) ~[ozone-manager-1.4.0-SNAPSHOT.jar:?]
	at org.apache.hadoop.ozone.protocolPB.OzoneManagerProtocolServerSideTranslatorPB.processRequest(OzoneManagerProtocolServerSideTranslatorPB.java:177) ~[ozone-manager-1.4.0-SNAPSHOT.jar:?]
	at org.apache.hadoop.hdds.server.OzoneProtocolMessageDispatcher.processRequest(OzoneProtocolMessageDispatcher.java:87) [hdds-server-framework-1.4.0-SNAPSHOT.jar:?]
	at org.apache.hadoop.ozone.protocolPB.OzoneManagerProtocolServerSideTranslatorPB.submitRequest(OzoneManagerProtocolServerSideTranslatorPB.java:147) [ozone-manager-1.4.0-SNAPSHOT.jar:?]
	at org.apache.hadoop.ozone.protocol.proto.OzoneManagerProtocolProtos$OzoneManagerService$2.callBlockingMethod(OzoneManagerProtocolProtos.java) [ozone-interface-client-1.4.0-SNAPSHOT.jar:?]
	at org.apache.hadoop.ipc.ProtobufRpcEngine$Server.processCall(ProtobufRpcEngine.java:465) [hadoop-common-3.3.4.jar:?]
	at org.apache.hadoop.ipc.ProtobufRpcEngine2$Server$ProtoBufRpcInvoker.call(ProtobufRpcEngine2.java:578) [hadoop-common-3.3.4.jar:?]
	at org.apache.hadoop.ipc.ProtobufRpcEngine2$Server$ProtoBufRpcInvoker.call(ProtobufRpcEngine2.java:556) [hadoop-common-3.3.4.jar:?]
	at org.apache.hadoop.ipc.RPC$Server.call(RPC.java:1093) [hadoop-common-3.3.4.jar:?]
	at org.apache.hadoop.ipc.Server$RpcCall.run(Server.java:1043) [hadoop-common-3.3.4.jar:?]
	at org.apache.hadoop.ipc.Server$RpcCall.run(Server.java:971) [hadoop-common-3.3.4.jar:?]
	at java.security.AccessController.doPrivileged(Native Method) ~[?:1.8.0_362]
	at javax.security.auth.Subject.doAs(Subject.java:422) [?:1.8.0_362]
	at org.apache.hadoop.security.UserGroupInformation.doAs(UserGroupInformation.java:1878) [hadoop-common-3.3.4.jar:?]
	at org.apache.hadoop.ipc.Server$Handler.run(Server.java:2976) [hadoop-common-3.3.4.jar:?]
20:04:16.871 [IPC Server handler 0 on default port 35091] ERROR OMAudit - user=runner | ip=127.0.0.1 | op=GET_FILE_STATUS {volume=volume04068, bucket=bucket31801, key=user/runner/dir1, dataSize=0, replicationConfig=null} | ret=FAILURE
org.apache.hadoop.ozone.om.exceptions.OMException: Unable to get file status: volume: volume04068 bucket: bucket31801 key: user/runner/dir1
	at org.apache.hadoop.ozone.om.KeyManagerImpl.getOzoneFileStatus(KeyManagerImpl.java:1196) ~[ozone-manager-1.4.0-SNAPSHOT.jar:?]
	at org.apache.hadoop.ozone.om.KeyManagerImpl.getFileStatus(KeyManagerImpl.java:1114) ~[ozone-manager-1.4.0-SNAPSHOT.jar:?]
	at org.apache.hadoop.ozone.om.OmMetadataReader.getFileStatus(OmMetadataReader.java:288) ~[ozone-manager-1.4.0-SNAPSHOT.jar:?]
	at org.apache.hadoop.ozone.om.OzoneManager.getFileStatus(OzoneManager.java:3494) ~[ozone-manager-1.4.0-SNAPSHOT.jar:?]
	at org.apache.hadoop.ozone.protocolPB.OzoneManagerRequestHandler.getOzoneFileStatus(OzoneManagerRequestHandler.java:933) ~[ozone-manager-1.4.0-SNAPSHOT.jar:?]
	at org.apache.hadoop.ozone.protocolPB.OzoneManagerRequestHandler.handleReadRequest(OzoneManagerRequestHandler.java:238) ~[ozone-manager-1.4.0-SNAPSHOT.jar:?]
	at org.apache.hadoop.ozone.protocolPB.OzoneManagerProtocolServerSideTranslatorPB.submitReadRequestToOM(OzoneManagerProtocolServerSideTranslatorPB.java:223) ~[ozone-manager-1.4.0-SNAPSHOT.jar:?]
	at org.apache.hadoop.ozone.protocolPB.OzoneManagerProtocolServerSideTranslatorPB.processRequest(OzoneManagerProtocolServerSideTranslatorPB.java:177) ~[ozone-manager-1.4.0-SNAPSHOT.jar:?]
	at org.apache.hadoop.hdds.server.OzoneProtocolMessageDispatcher.processRequest(OzoneProtocolMessageDispatcher.java:87) [hdds-server-framework-1.4.0-SNAPSHOT.jar:?]
	at org.apache.hadoop.ozone.protocolPB.OzoneManagerProtocolServerSideTranslatorPB.submitRequest(OzoneManagerProtocolServerSideTranslatorPB.java:147) [ozone-manager-1.4.0-SNAPSHOT.jar:?]
	at org.apache.hadoop.ozone.protocol.proto.OzoneManagerProtocolProtos$OzoneManagerService$2.callBlockingMethod(OzoneManagerProtocolProtos.java) [ozone-interface-client-1.4.0-SNAPSHOT.jar:?]
	at org.apache.hadoop.ipc.ProtobufRpcEngine$Server.processCall(ProtobufRpcEngine.java:465) [hadoop-common-3.3.4.jar:?]
	at org.apache.hadoop.ipc.ProtobufRpcEngine2$Server$ProtoBufRpcInvoker.call(ProtobufRpcEngine2.java:578) [hadoop-common-3.3.4.jar:?]
	at org.apache.hadoop.ipc.ProtobufRpcEngine2$Server$ProtoBufRpcInvoker.call(ProtobufRpcEngine2.java:556) [hadoop-common-3.3.4.jar:?]
	at org.apache.hadoop.ipc.RPC$Server.call(RPC.java:1093) [hadoop-common-3.3.4.jar:?]
	at org.apache.hadoop.ipc.Server$RpcCall.run(Server.java:1043) [hadoop-common-3.3.4.jar:?]
	at org.apache.hadoop.ipc.Server$RpcCall.run(Server.java:971) [hadoop-common-3.3.4.jar:?]
	at java.security.AccessController.doPrivileged(Native Method) ~[?:1.8.0_362]
	at javax.security.auth.Subject.doAs(Subject.java:422) [?:1.8.0_362]
	at org.apache.hadoop.security.UserGroupInformation.doAs(UserGroupInformation.java:1878) [hadoop-common-3.3.4.jar:?]
	at org.apache.hadoop.ipc.Server$Handler.run(Server.java:2976) [hadoop-common-3.3.4.jar:?]
20:04:16.874 [IPC Server handler 19 on default port 35091] ERROR OMAudit - user=runner | ip=127.0.0.1 | op=GET_FILE_STATUS {volume=volume04068, bucket=bucket31801, key=user/runner/dir1/dir2, dataSize=0, replicationConfig=null} | ret=FAILURE
org.apache.hadoop.ozone.om.exceptions.OMException: Unable to get file status: volume: volume04068 bucket: bucket31801 key: user/runner/dir1/dir2
	at org.apache.hadoop.ozone.om.KeyManagerImpl.getOzoneFileStatus(KeyManagerImpl.java:1196) ~[ozone-manager-1.4.0-SNAPSHOT.jar:?]
	at org.apache.hadoop.ozone.om.KeyManagerImpl.getFileStatus(KeyManagerImpl.java:1114) ~[ozone-manager-1.4.0-SNAPSHOT.jar:?]
	at org.apache.hadoop.ozone.om.OmMetadataReader.getFileStatus(OmMetadataReader.java:288) ~[ozone-manager-1.4.0-SNAPSHOT.jar:?]
	at org.apache.hadoop.ozone.om.OzoneManager.getFileStatus(OzoneManager.java:3494) ~[ozone-manager-1.4.0-SNAPSHOT.jar:?]
	at org.apache.hadoop.ozone.protocolPB.OzoneManagerRequestHandler.getOzoneFileStatus(OzoneManagerRequestHandler.java:933) ~[ozone-manager-1.4.0-SNAPSHOT.jar:?]
	at org.apache.hadoop.ozone.protocolPB.OzoneManagerRequestHandler.handleReadRequest(OzoneManagerRequestHandler.java:238) ~[ozone-manager-1.4.0-SNAPSHOT.jar:?]
	at org.apache.hadoop.ozone.protocolPB.OzoneManagerProtocolServerSideTranslatorPB.submitReadRequestToOM(OzoneManagerProtocolServerSideTranslatorPB.java:223) ~[ozone-manager-1.4.0-SNAPSHOT.jar:?]
	at org.apache.hadoop.ozone.protocolPB.OzoneManagerProtocolServerSideTranslatorPB.processRequest(OzoneManagerProtocolServerSideTranslatorPB.java:177) ~[ozone-manager-1.4.0-SNAPSHOT.jar:?]
	at org.apache.hadoop.hdds.server.OzoneProtocolMessageDispatcher.processRequest(OzoneProtocolMessageDispatcher.java:87) [hdds-server-framework-1.4.0-SNAPSHOT.jar:?]
	at org.apache.hadoop.ozone.protocolPB.OzoneManagerProtocolServerSideTranslatorPB.submitRequest(OzoneManagerProtocolServerSideTranslatorPB.java:147) [ozone-manager-1.4.0-SNAPSHOT.jar:?]
	at org.apache.hadoop.ozone.protocol.proto.OzoneManagerProtocolProtos$OzoneManagerService$2.callBlockingMethod(OzoneManagerProtocolProtos.java) [ozone-interface-client-1.4.0-SNAPSHOT.jar:?]
	at org.apache.hadoop.ipc.ProtobufRpcEngine$Server.processCall(ProtobufRpcEngine.java:465) [hadoop-common-3.3.4.jar:?]
	at org.apache.hadoop.ipc.ProtobufRpcEngine2$Server$ProtoBufRpcInvoker.call(ProtobufRpcEngine2.java:578) [hadoop-common-3.3.4.jar:?]
	at org.apache.hadoop.ipc.ProtobufRpcEngine2$Server$ProtoBufRpcInvoker.call(ProtobufRpcEngine2.java:556) [hadoop-common-3.3.4.jar:?]
	at org.apache.hadoop.ipc.RPC$Server.call(RPC.java:1093) [hadoop-common-3.3.4.jar:?]
	at org.apache.hadoop.ipc.Server$RpcCall.run(Server.java:1043) [hadoop-common-3.3.4.jar:?]
	at org.apache.hadoop.ipc.Server$RpcCall.run(Server.java:971) [hadoop-common-3.3.4.jar:?]
	at java.security.AccessController.doPrivileged(Native Method) ~[?:1.8.0_362]
	at javax.security.auth.Subject.doAs(Subject.java:422) [?:1.8.0_362]
	at org.apache.hadoop.security.UserGroupInformation.doAs(UserGroupInformation.java:1878) [hadoop-common-3.3.4.jar:?]
	at org.apache.hadoop.ipc.Server$Handler.run(Server.java:2976) [hadoop-common-3.3.4.jar:?]
]]></system-out>
  </testcase>
  <testcase name="testRenameContainDelimiterFile" classname="TestOzoneFileSystem" time="0.026">
    <system-out><![CDATA[2023-03-16 20:05:50,735 [IPC Server handler 7 on default port 40321] INFO  key.OMKeyRequest (OMKeyRequest.java:wrapUncommittedBlocksAsPseudoKey(838)) - Detect allocated but uncommitted blocks [{blockID={containerID=6, localID=111677748019200038}, length=4194304, offset=0, token=null, pipeline=null, createVersion=0, partNumber=0}] in key dir1/dir2/key1.
20:05:50.738 [IPC Server handler 2 on default port 40321] ERROR OMAudit - user=runner | ip=127.0.0.1 | op=GET_FILE_STATUS {volume=volume45206, bucket=bucket25127, key=dir1/dir2/key2, dataSize=0, replicationConfig=null} | ret=FAILURE
org.apache.hadoop.ozone.om.exceptions.OMException: Unable to get file status: volume: volume45206 bucket: bucket25127 key: dir1/dir2/key2
	at org.apache.hadoop.ozone.om.KeyManagerImpl.getOzoneFileStatus(KeyManagerImpl.java:1196) ~[ozone-manager-1.4.0-SNAPSHOT.jar:?]
	at org.apache.hadoop.ozone.om.KeyManagerImpl.getFileStatus(KeyManagerImpl.java:1114) ~[ozone-manager-1.4.0-SNAPSHOT.jar:?]
	at org.apache.hadoop.ozone.om.OmMetadataReader.getFileStatus(OmMetadataReader.java:288) ~[ozone-manager-1.4.0-SNAPSHOT.jar:?]
	at org.apache.hadoop.ozone.om.OzoneManager.getFileStatus(OzoneManager.java:3494) ~[ozone-manager-1.4.0-SNAPSHOT.jar:?]
	at org.apache.hadoop.ozone.protocolPB.OzoneManagerRequestHandler.getOzoneFileStatus(OzoneManagerRequestHandler.java:933) ~[ozone-manager-1.4.0-SNAPSHOT.jar:?]
	at org.apache.hadoop.ozone.protocolPB.OzoneManagerRequestHandler.handleReadRequest(OzoneManagerRequestHandler.java:238) ~[ozone-manager-1.4.0-SNAPSHOT.jar:?]
	at org.apache.hadoop.ozone.protocolPB.OzoneManagerProtocolServerSideTranslatorPB.submitRequestDirectlyToOM(OzoneManagerProtocolServerSideTranslatorPB.java:272) ~[ozone-manager-1.4.0-SNAPSHOT.jar:?]
	at org.apache.hadoop.ozone.protocolPB.OzoneManagerProtocolServerSideTranslatorPB.processRequest(OzoneManagerProtocolServerSideTranslatorPB.java:173) ~[ozone-manager-1.4.0-SNAPSHOT.jar:?]
	at org.apache.hadoop.hdds.server.OzoneProtocolMessageDispatcher.processRequest(OzoneProtocolMessageDispatcher.java:87) [hdds-server-framework-1.4.0-SNAPSHOT.jar:?]
	at org.apache.hadoop.ozone.protocolPB.OzoneManagerProtocolServerSideTranslatorPB.submitRequest(OzoneManagerProtocolServerSideTranslatorPB.java:147) [ozone-manager-1.4.0-SNAPSHOT.jar:?]
	at org.apache.hadoop.ozone.protocol.proto.OzoneManagerProtocolProtos$OzoneManagerService$2.callBlockingMethod(OzoneManagerProtocolProtos.java) [ozone-interface-client-1.4.0-SNAPSHOT.jar:?]
	at org.apache.hadoop.ipc.ProtobufRpcEngine$Server.processCall(ProtobufRpcEngine.java:465) [hadoop-common-3.3.4.jar:?]
	at org.apache.hadoop.ipc.ProtobufRpcEngine2$Server$ProtoBufRpcInvoker.call(ProtobufRpcEngine2.java:578) [hadoop-common-3.3.4.jar:?]
	at org.apache.hadoop.ipc.ProtobufRpcEngine2$Server$ProtoBufRpcInvoker.call(ProtobufRpcEngine2.java:556) [hadoop-common-3.3.4.jar:?]
	at org.apache.hadoop.ipc.RPC$Server.call(RPC.java:1093) [hadoop-common-3.3.4.jar:?]
	at org.apache.hadoop.ipc.Server$RpcCall.run(Server.java:1043) [hadoop-common-3.3.4.jar:?]
	at org.apache.hadoop.ipc.Server$RpcCall.run(Server.java:971) [hadoop-common-3.3.4.jar:?]
	at java.security.AccessController.doPrivileged(Native Method) ~[?:1.8.0_362]
	at javax.security.auth.Subject.doAs(Subject.java:422) [?:1.8.0_362]
	at org.apache.hadoop.security.UserGroupInformation.doAs(UserGroupInformation.java:1878) [hadoop-common-3.3.4.jar:?]
	at org.apache.hadoop.ipc.Server$Handler.run(Server.java:2976) [hadoop-common-3.3.4.jar:?]
20:05:50.744 [IPC Server handler 14 on default port 40321] ERROR OMAudit - user=runner | ip=127.0.0.1 | op=GET_FILE_STATUS {volume=volume45206, bucket=bucket25127, key=dir1/dir2/key1, dataSize=0, replicationConfig=null} | ret=FAILURE
org.apache.hadoop.ozone.om.exceptions.OMException: Unable to get file status: volume: volume45206 bucket: bucket25127 key: dir1/dir2/key1
	at org.apache.hadoop.ozone.om.KeyManagerImpl.getOzoneFileStatus(KeyManagerImpl.java:1196) ~[ozone-manager-1.4.0-SNAPSHOT.jar:?]
	at org.apache.hadoop.ozone.om.KeyManagerImpl.getFileStatus(KeyManagerImpl.java:1114) ~[ozone-manager-1.4.0-SNAPSHOT.jar:?]
	at org.apache.hadoop.ozone.om.OmMetadataReader.getFileStatus(OmMetadataReader.java:288) ~[ozone-manager-1.4.0-SNAPSHOT.jar:?]
	at org.apache.hadoop.ozone.om.OzoneManager.getFileStatus(OzoneManager.java:3494) ~[ozone-manager-1.4.0-SNAPSHOT.jar:?]
	at org.apache.hadoop.ozone.protocolPB.OzoneManagerRequestHandler.getOzoneFileStatus(OzoneManagerRequestHandler.java:933) ~[ozone-manager-1.4.0-SNAPSHOT.jar:?]
	at org.apache.hadoop.ozone.protocolPB.OzoneManagerRequestHandler.handleReadRequest(OzoneManagerRequestHandler.java:238) ~[ozone-manager-1.4.0-SNAPSHOT.jar:?]
	at org.apache.hadoop.ozone.protocolPB.OzoneManagerProtocolServerSideTranslatorPB.submitRequestDirectlyToOM(OzoneManagerProtocolServerSideTranslatorPB.java:272) ~[ozone-manager-1.4.0-SNAPSHOT.jar:?]
	at org.apache.hadoop.ozone.protocolPB.OzoneManagerProtocolServerSideTranslatorPB.processRequest(OzoneManagerProtocolServerSideTranslatorPB.java:173) ~[ozone-manager-1.4.0-SNAPSHOT.jar:?]
	at org.apache.hadoop.hdds.server.OzoneProtocolMessageDispatcher.processRequest(OzoneProtocolMessageDispatcher.java:87) [hdds-server-framework-1.4.0-SNAPSHOT.jar:?]
	at org.apache.hadoop.ozone.protocolPB.OzoneManagerProtocolServerSideTranslatorPB.submitRequest(OzoneManagerProtocolServerSideTranslatorPB.java:147) [ozone-manager-1.4.0-SNAPSHOT.jar:?]
	at org.apache.hadoop.ozone.protocol.proto.OzoneManagerProtocolProtos$OzoneManagerService$2.callBlockingMethod(OzoneManagerProtocolProtos.java) [ozone-interface-client-1.4.0-SNAPSHOT.jar:?]
	at org.apache.hadoop.ipc.ProtobufRpcEngine$Server.processCall(ProtobufRpcEngine.java:465) [hadoop-common-3.3.4.jar:?]
	at org.apache.hadoop.ipc.ProtobufRpcEngine2$Server$ProtoBufRpcInvoker.call(ProtobufRpcEngine2.java:578) [hadoop-common-3.3.4.jar:?]
	at org.apache.hadoop.ipc.ProtobufRpcEngine2$Server$ProtoBufRpcInvoker.call(ProtobufRpcEngine2.java:556) [hadoop-common-3.3.4.jar:?]
	at org.apache.hadoop.ipc.RPC$Server.call(RPC.java:1093) [hadoop-common-3.3.4.jar:?]
	at org.apache.hadoop.ipc.Server$RpcCall.run(Server.java:1043) [hadoop-common-3.3.4.jar:?]
	at org.apache.hadoop.ipc.Server$RpcCall.run(Server.java:971) [hadoop-common-3.3.4.jar:?]
	at java.security.AccessController.doPrivileged(Native Method) ~[?:1.8.0_362]
	at javax.security.auth.Subject.doAs(Subject.java:422) [?:1.8.0_362]
	at org.apache.hadoop.security.UserGroupInformation.doAs(UserGroupInformation.java:1878) [hadoop-common-3.3.4.jar:?]
	at org.apache.hadoop.ipc.Server$Handler.run(Server.java:2976) [hadoop-common-3.3.4.jar:?]
20:05:50.745 [IPC Server handler 15 on default port 40321] ERROR OMAudit - user=runner | ip=127.0.0.1 | op=GET_FILE_STATUS {volume=volume45206, bucket=bucket25127, key=user/runner/dir1, dataSize=0, replicationConfig=null} | ret=FAILURE
org.apache.hadoop.ozone.om.exceptions.OMException: Unable to get file status: volume: volume45206 bucket: bucket25127 key: user/runner/dir1
	at org.apache.hadoop.ozone.om.KeyManagerImpl.getOzoneFileStatus(KeyManagerImpl.java:1196) ~[ozone-manager-1.4.0-SNAPSHOT.jar:?]
	at org.apache.hadoop.ozone.om.KeyManagerImpl.getFileStatus(KeyManagerImpl.java:1114) ~[ozone-manager-1.4.0-SNAPSHOT.jar:?]
	at org.apache.hadoop.ozone.om.OmMetadataReader.getFileStatus(OmMetadataReader.java:288) ~[ozone-manager-1.4.0-SNAPSHOT.jar:?]
	at org.apache.hadoop.ozone.om.OzoneManager.getFileStatus(OzoneManager.java:3494) ~[ozone-manager-1.4.0-SNAPSHOT.jar:?]
	at org.apache.hadoop.ozone.protocolPB.OzoneManagerRequestHandler.getOzoneFileStatus(OzoneManagerRequestHandler.java:933) ~[ozone-manager-1.4.0-SNAPSHOT.jar:?]
	at org.apache.hadoop.ozone.protocolPB.OzoneManagerRequestHandler.handleReadRequest(OzoneManagerRequestHandler.java:238) ~[ozone-manager-1.4.0-SNAPSHOT.jar:?]
	at org.apache.hadoop.ozone.protocolPB.OzoneManagerProtocolServerSideTranslatorPB.submitRequestDirectlyToOM(OzoneManagerProtocolServerSideTranslatorPB.java:272) ~[ozone-manager-1.4.0-SNAPSHOT.jar:?]
	at org.apache.hadoop.ozone.protocolPB.OzoneManagerProtocolServerSideTranslatorPB.processRequest(OzoneManagerProtocolServerSideTranslatorPB.java:173) ~[ozone-manager-1.4.0-SNAPSHOT.jar:?]
	at org.apache.hadoop.hdds.server.OzoneProtocolMessageDispatcher.processRequest(OzoneProtocolMessageDispatcher.java:87) [hdds-server-framework-1.4.0-SNAPSHOT.jar:?]
	at org.apache.hadoop.ozone.protocolPB.OzoneManagerProtocolServerSideTranslatorPB.submitRequest(OzoneManagerProtocolServerSideTranslatorPB.java:147) [ozone-manager-1.4.0-SNAPSHOT.jar:?]
	at org.apache.hadoop.ozone.protocol.proto.OzoneManagerProtocolProtos$OzoneManagerService$2.callBlockingMethod(OzoneManagerProtocolProtos.java) [ozone-interface-client-1.4.0-SNAPSHOT.jar:?]
	at org.apache.hadoop.ipc.ProtobufRpcEngine$Server.processCall(ProtobufRpcEngine.java:465) [hadoop-common-3.3.4.jar:?]
	at org.apache.hadoop.ipc.ProtobufRpcEngine2$Server$ProtoBufRpcInvoker.call(ProtobufRpcEngine2.java:578) [hadoop-common-3.3.4.jar:?]
	at org.apache.hadoop.ipc.ProtobufRpcEngine2$Server$ProtoBufRpcInvoker.call(ProtobufRpcEngine2.java:556) [hadoop-common-3.3.4.jar:?]
	at org.apache.hadoop.ipc.RPC$Server.call(RPC.java:1093) [hadoop-common-3.3.4.jar:?]
	at org.apache.hadoop.ipc.Server$RpcCall.run(Server.java:1043) [hadoop-common-3.3.4.jar:?]
	at org.apache.hadoop.ipc.Server$RpcCall.run(Server.java:971) [hadoop-common-3.3.4.jar:?]
	at java.security.AccessController.doPrivileged(Native Method) ~[?:1.8.0_362]
	at javax.security.auth.Subject.doAs(Subject.java:422) [?:1.8.0_362]
	at org.apache.hadoop.security.UserGroupInformation.doAs(UserGroupInformation.java:1878) [hadoop-common-3.3.4.jar:?]
	at org.apache.hadoop.ipc.Server$Handler.run(Server.java:2976) [hadoop-common-3.3.4.jar:?]
20:05:50.748 [IPC Server handler 17 on default port 40321] ERROR OMAudit - user=runner | ip=127.0.0.1 | op=GET_FILE_STATUS {volume=volume45206, bucket=bucket25127, key=user/runner/dir1/dir2, dataSize=0, replicationConfig=null} | ret=FAILURE
org.apache.hadoop.ozone.om.exceptions.OMException: Unable to get file status: volume: volume45206 bucket: bucket25127 key: user/runner/dir1/dir2
	at org.apache.hadoop.ozone.om.KeyManagerImpl.getOzoneFileStatus(KeyManagerImpl.java:1196) ~[ozone-manager-1.4.0-SNAPSHOT.jar:?]
	at org.apache.hadoop.ozone.om.KeyManagerImpl.getFileStatus(KeyManagerImpl.java:1114) ~[ozone-manager-1.4.0-SNAPSHOT.jar:?]
	at org.apache.hadoop.ozone.om.OmMetadataReader.getFileStatus(OmMetadataReader.java:288) ~[ozone-manager-1.4.0-SNAPSHOT.jar:?]
	at org.apache.hadoop.ozone.om.OzoneManager.getFileStatus(OzoneManager.java:3494) ~[ozone-manager-1.4.0-SNAPSHOT.jar:?]
	at org.apache.hadoop.ozone.protocolPB.OzoneManagerRequestHandler.getOzoneFileStatus(OzoneManagerRequestHandler.java:933) ~[ozone-manager-1.4.0-SNAPSHOT.jar:?]
	at org.apache.hadoop.ozone.protocolPB.OzoneManagerRequestHandler.handleReadRequest(OzoneManagerRequestHandler.java:238) ~[ozone-manager-1.4.0-SNAPSHOT.jar:?]
	at org.apache.hadoop.ozone.protocolPB.OzoneManagerProtocolServerSideTranslatorPB.submitRequestDirectlyToOM(OzoneManagerProtocolServerSideTranslatorPB.java:272) ~[ozone-manager-1.4.0-SNAPSHOT.jar:?]
	at org.apache.hadoop.ozone.protocolPB.OzoneManagerProtocolServerSideTranslatorPB.processRequest(OzoneManagerProtocolServerSideTranslatorPB.java:173) ~[ozone-manager-1.4.0-SNAPSHOT.jar:?]
	at org.apache.hadoop.hdds.server.OzoneProtocolMessageDispatcher.processRequest(OzoneProtocolMessageDispatcher.java:87) [hdds-server-framework-1.4.0-SNAPSHOT.jar:?]
	at org.apache.hadoop.ozone.protocolPB.OzoneManagerProtocolServerSideTranslatorPB.submitRequest(OzoneManagerProtocolServerSideTranslatorPB.java:147) [ozone-manager-1.4.0-SNAPSHOT.jar:?]
	at org.apache.hadoop.ozone.protocol.proto.OzoneManagerProtocolProtos$OzoneManagerService$2.callBlockingMethod(OzoneManagerProtocolProtos.java) [ozone-interface-client-1.4.0-SNAPSHOT.jar:?]
	at org.apache.hadoop.ipc.ProtobufRpcEngine$Server.processCall(ProtobufRpcEngine.java:465) [hadoop-common-3.3.4.jar:?]
	at org.apache.hadoop.ipc.ProtobufRpcEngine2$Server$ProtoBufRpcInvoker.call(ProtobufRpcEngine2.java:578) [hadoop-common-3.3.4.jar:?]
	at org.apache.hadoop.ipc.ProtobufRpcEngine2$Server$ProtoBufRpcInvoker.call(ProtobufRpcEngine2.java:556) [hadoop-common-3.3.4.jar:?]
	at org.apache.hadoop.ipc.RPC$Server.call(RPC.java:1093) [hadoop-common-3.3.4.jar:?]
	at org.apache.hadoop.ipc.Server$RpcCall.run(Server.java:1043) [hadoop-common-3.3.4.jar:?]
	at org.apache.hadoop.ipc.Server$RpcCall.run(Server.java:971) [hadoop-common-3.3.4.jar:?]
	at java.security.AccessController.doPrivileged(Native Method) ~[?:1.8.0_362]
	at javax.security.auth.Subject.doAs(Subject.java:422) [?:1.8.0_362]
	at org.apache.hadoop.security.UserGroupInformation.doAs(UserGroupInformation.java:1878) [hadoop-common-3.3.4.jar:?]
	at org.apache.hadoop.ipc.Server$Handler.run(Server.java:2976) [hadoop-common-3.3.4.jar:?]
]]></system-out>
  </testcase>
  <testcase name="testRenameContainDelimiterFile" classname="TestOzoneFileSystem" time="0.024">
    <system-out><![CDATA[2023-03-16 20:06:54,744 [OM StateMachine ApplyTransaction Thread - 0] INFO  key.OMKeyRequest (OMKeyRequest.java:wrapUncommittedBlocksAsPseudoKey(838)) - Detect allocated but uncommitted blocks [{blockID={containerID=6, localID=111677748019200038}, length=4194304, offset=0, token=null, pipeline=null, createVersion=0, partNumber=0}] in key dir1/dir2/key1.
20:06:54.746 [IPC Server handler 14 on default port 37437] ERROR OMAudit - user=runner | ip=127.0.0.1 | op=GET_FILE_STATUS {volume=volume46233, bucket=bucket02547, key=dir1/dir2/key2, dataSize=0, replicationConfig=null} | ret=FAILURE
org.apache.hadoop.ozone.om.exceptions.OMException: Unable to get file status: volume: volume46233 bucket: bucket02547 key: dir1/dir2/key2
	at org.apache.hadoop.ozone.om.KeyManagerImpl.getOzoneFileStatus(KeyManagerImpl.java:1196) ~[ozone-manager-1.4.0-SNAPSHOT.jar:?]
	at org.apache.hadoop.ozone.om.KeyManagerImpl.getFileStatus(KeyManagerImpl.java:1114) ~[ozone-manager-1.4.0-SNAPSHOT.jar:?]
	at org.apache.hadoop.ozone.om.OmMetadataReader.getFileStatus(OmMetadataReader.java:288) ~[ozone-manager-1.4.0-SNAPSHOT.jar:?]
	at org.apache.hadoop.ozone.om.OzoneManager.getFileStatus(OzoneManager.java:3494) ~[ozone-manager-1.4.0-SNAPSHOT.jar:?]
	at org.apache.hadoop.ozone.protocolPB.OzoneManagerRequestHandler.getOzoneFileStatus(OzoneManagerRequestHandler.java:933) ~[ozone-manager-1.4.0-SNAPSHOT.jar:?]
	at org.apache.hadoop.ozone.protocolPB.OzoneManagerRequestHandler.handleReadRequest(OzoneManagerRequestHandler.java:238) ~[ozone-manager-1.4.0-SNAPSHOT.jar:?]
	at org.apache.hadoop.ozone.protocolPB.OzoneManagerProtocolServerSideTranslatorPB.submitReadRequestToOM(OzoneManagerProtocolServerSideTranslatorPB.java:223) ~[ozone-manager-1.4.0-SNAPSHOT.jar:?]
	at org.apache.hadoop.ozone.protocolPB.OzoneManagerProtocolServerSideTranslatorPB.processRequest(OzoneManagerProtocolServerSideTranslatorPB.java:177) ~[ozone-manager-1.4.0-SNAPSHOT.jar:?]
	at org.apache.hadoop.hdds.server.OzoneProtocolMessageDispatcher.processRequest(OzoneProtocolMessageDispatcher.java:87) [hdds-server-framework-1.4.0-SNAPSHOT.jar:?]
	at org.apache.hadoop.ozone.protocolPB.OzoneManagerProtocolServerSideTranslatorPB.submitRequest(OzoneManagerProtocolServerSideTranslatorPB.java:147) [ozone-manager-1.4.0-SNAPSHOT.jar:?]
	at org.apache.hadoop.ozone.protocol.proto.OzoneManagerProtocolProtos$OzoneManagerService$2.callBlockingMethod(OzoneManagerProtocolProtos.java) [ozone-interface-client-1.4.0-SNAPSHOT.jar:?]
	at org.apache.hadoop.ipc.ProtobufRpcEngine$Server.processCall(ProtobufRpcEngine.java:465) [hadoop-common-3.3.4.jar:?]
	at org.apache.hadoop.ipc.ProtobufRpcEngine2$Server$ProtoBufRpcInvoker.call(ProtobufRpcEngine2.java:578) [hadoop-common-3.3.4.jar:?]
	at org.apache.hadoop.ipc.ProtobufRpcEngine2$Server$ProtoBufRpcInvoker.call(ProtobufRpcEngine2.java:556) [hadoop-common-3.3.4.jar:?]
	at org.apache.hadoop.ipc.RPC$Server.call(RPC.java:1093) [hadoop-common-3.3.4.jar:?]
	at org.apache.hadoop.ipc.Server$RpcCall.run(Server.java:1043) [hadoop-common-3.3.4.jar:?]
	at org.apache.hadoop.ipc.Server$RpcCall.run(Server.java:971) [hadoop-common-3.3.4.jar:?]
	at java.security.AccessController.doPrivileged(Native Method) ~[?:1.8.0_362]
	at javax.security.auth.Subject.doAs(Subject.java:422) [?:1.8.0_362]
	at org.apache.hadoop.security.UserGroupInformation.doAs(UserGroupInformation.java:1878) [hadoop-common-3.3.4.jar:?]
	at org.apache.hadoop.ipc.Server$Handler.run(Server.java:2976) [hadoop-common-3.3.4.jar:?]
20:06:54.751 [IPC Server handler 10 on default port 37437] ERROR OMAudit - user=runner | ip=127.0.0.1 | op=GET_FILE_STATUS {volume=volume46233, bucket=bucket02547, key=dir1/dir2/key1, dataSize=0, replicationConfig=null} | ret=FAILURE
org.apache.hadoop.ozone.om.exceptions.OMException: Unable to get file status: volume: volume46233 bucket: bucket02547 key: dir1/dir2/key1
	at org.apache.hadoop.ozone.om.KeyManagerImpl.getOzoneFileStatus(KeyManagerImpl.java:1196) ~[ozone-manager-1.4.0-SNAPSHOT.jar:?]
	at org.apache.hadoop.ozone.om.KeyManagerImpl.getFileStatus(KeyManagerImpl.java:1114) ~[ozone-manager-1.4.0-SNAPSHOT.jar:?]
	at org.apache.hadoop.ozone.om.OmMetadataReader.getFileStatus(OmMetadataReader.java:288) ~[ozone-manager-1.4.0-SNAPSHOT.jar:?]
	at org.apache.hadoop.ozone.om.OzoneManager.getFileStatus(OzoneManager.java:3494) ~[ozone-manager-1.4.0-SNAPSHOT.jar:?]
	at org.apache.hadoop.ozone.protocolPB.OzoneManagerRequestHandler.getOzoneFileStatus(OzoneManagerRequestHandler.java:933) ~[ozone-manager-1.4.0-SNAPSHOT.jar:?]
	at org.apache.hadoop.ozone.protocolPB.OzoneManagerRequestHandler.handleReadRequest(OzoneManagerRequestHandler.java:238) ~[ozone-manager-1.4.0-SNAPSHOT.jar:?]
	at org.apache.hadoop.ozone.protocolPB.OzoneManagerProtocolServerSideTranslatorPB.submitReadRequestToOM(OzoneManagerProtocolServerSideTranslatorPB.java:223) ~[ozone-manager-1.4.0-SNAPSHOT.jar:?]
	at org.apache.hadoop.ozone.protocolPB.OzoneManagerProtocolServerSideTranslatorPB.processRequest(OzoneManagerProtocolServerSideTranslatorPB.java:177) ~[ozone-manager-1.4.0-SNAPSHOT.jar:?]
	at org.apache.hadoop.hdds.server.OzoneProtocolMessageDispatcher.processRequest(OzoneProtocolMessageDispatcher.java:87) [hdds-server-framework-1.4.0-SNAPSHOT.jar:?]
	at org.apache.hadoop.ozone.protocolPB.OzoneManagerProtocolServerSideTranslatorPB.submitRequest(OzoneManagerProtocolServerSideTranslatorPB.java:147) [ozone-manager-1.4.0-SNAPSHOT.jar:?]
	at org.apache.hadoop.ozone.protocol.proto.OzoneManagerProtocolProtos$OzoneManagerService$2.callBlockingMethod(OzoneManagerProtocolProtos.java) [ozone-interface-client-1.4.0-SNAPSHOT.jar:?]
	at org.apache.hadoop.ipc.ProtobufRpcEngine$Server.processCall(ProtobufRpcEngine.java:465) [hadoop-common-3.3.4.jar:?]
	at org.apache.hadoop.ipc.ProtobufRpcEngine2$Server$ProtoBufRpcInvoker.call(ProtobufRpcEngine2.java:578) [hadoop-common-3.3.4.jar:?]
	at org.apache.hadoop.ipc.ProtobufRpcEngine2$Server$ProtoBufRpcInvoker.call(ProtobufRpcEngine2.java:556) [hadoop-common-3.3.4.jar:?]
	at org.apache.hadoop.ipc.RPC$Server.call(RPC.java:1093) [hadoop-common-3.3.4.jar:?]
	at org.apache.hadoop.ipc.Server$RpcCall.run(Server.java:1043) [hadoop-common-3.3.4.jar:?]
	at org.apache.hadoop.ipc.Server$RpcCall.run(Server.java:971) [hadoop-common-3.3.4.jar:?]
	at java.security.AccessController.doPrivileged(Native Method) ~[?:1.8.0_362]
	at javax.security.auth.Subject.doAs(Subject.java:422) [?:1.8.0_362]
	at org.apache.hadoop.security.UserGroupInformation.doAs(UserGroupInformation.java:1878) [hadoop-common-3.3.4.jar:?]
	at org.apache.hadoop.ipc.Server$Handler.run(Server.java:2976) [hadoop-common-3.3.4.jar:?]
20:06:54.752 [IPC Server handler 12 on default port 37437] ERROR OMAudit - user=runner | ip=127.0.0.1 | op=GET_FILE_STATUS {volume=volume46233, bucket=bucket02547, key=user/runner/dir1, dataSize=0, replicationConfig=null} | ret=FAILURE
org.apache.hadoop.ozone.om.exceptions.OMException: Unable to get file status: volume: volume46233 bucket: bucket02547 key: user/runner/dir1
	at org.apache.hadoop.ozone.om.KeyManagerImpl.getOzoneFileStatus(KeyManagerImpl.java:1196) ~[ozone-manager-1.4.0-SNAPSHOT.jar:?]
	at org.apache.hadoop.ozone.om.KeyManagerImpl.getFileStatus(KeyManagerImpl.java:1114) ~[ozone-manager-1.4.0-SNAPSHOT.jar:?]
	at org.apache.hadoop.ozone.om.OmMetadataReader.getFileStatus(OmMetadataReader.java:288) ~[ozone-manager-1.4.0-SNAPSHOT.jar:?]
	at org.apache.hadoop.ozone.om.OzoneManager.getFileStatus(OzoneManager.java:3494) ~[ozone-manager-1.4.0-SNAPSHOT.jar:?]
	at org.apache.hadoop.ozone.protocolPB.OzoneManagerRequestHandler.getOzoneFileStatus(OzoneManagerRequestHandler.java:933) ~[ozone-manager-1.4.0-SNAPSHOT.jar:?]
	at org.apache.hadoop.ozone.protocolPB.OzoneManagerRequestHandler.handleReadRequest(OzoneManagerRequestHandler.java:238) ~[ozone-manager-1.4.0-SNAPSHOT.jar:?]
	at org.apache.hadoop.ozone.protocolPB.OzoneManagerProtocolServerSideTranslatorPB.submitReadRequestToOM(OzoneManagerProtocolServerSideTranslatorPB.java:223) ~[ozone-manager-1.4.0-SNAPSHOT.jar:?]
	at org.apache.hadoop.ozone.protocolPB.OzoneManagerProtocolServerSideTranslatorPB.processRequest(OzoneManagerProtocolServerSideTranslatorPB.java:177) ~[ozone-manager-1.4.0-SNAPSHOT.jar:?]
	at org.apache.hadoop.hdds.server.OzoneProtocolMessageDispatcher.processRequest(OzoneProtocolMessageDispatcher.java:87) [hdds-server-framework-1.4.0-SNAPSHOT.jar:?]
	at org.apache.hadoop.ozone.protocolPB.OzoneManagerProtocolServerSideTranslatorPB.submitRequest(OzoneManagerProtocolServerSideTranslatorPB.java:147) [ozone-manager-1.4.0-SNAPSHOT.jar:?]
	at org.apache.hadoop.ozone.protocol.proto.OzoneManagerProtocolProtos$OzoneManagerService$2.callBlockingMethod(OzoneManagerProtocolProtos.java) [ozone-interface-client-1.4.0-SNAPSHOT.jar:?]
	at org.apache.hadoop.ipc.ProtobufRpcEngine$Server.processCall(ProtobufRpcEngine.java:465) [hadoop-common-3.3.4.jar:?]
	at org.apache.hadoop.ipc.ProtobufRpcEngine2$Server$ProtoBufRpcInvoker.call(ProtobufRpcEngine2.java:578) [hadoop-common-3.3.4.jar:?]
	at org.apache.hadoop.ipc.ProtobufRpcEngine2$Server$ProtoBufRpcInvoker.call(ProtobufRpcEngine2.java:556) [hadoop-common-3.3.4.jar:?]
	at org.apache.hadoop.ipc.RPC$Server.call(RPC.java:1093) [hadoop-common-3.3.4.jar:?]
	at org.apache.hadoop.ipc.Server$RpcCall.run(Server.java:1043) [hadoop-common-3.3.4.jar:?]
	at org.apache.hadoop.ipc.Server$RpcCall.run(Server.java:971) [hadoop-common-3.3.4.jar:?]
	at java.security.AccessController.doPrivileged(Native Method) ~[?:1.8.0_362]
	at javax.security.auth.Subject.doAs(Subject.java:422) [?:1.8.0_362]
	at org.apache.hadoop.security.UserGroupInformation.doAs(UserGroupInformation.java:1878) [hadoop-common-3.3.4.jar:?]
	at org.apache.hadoop.ipc.Server$Handler.run(Server.java:2976) [hadoop-common-3.3.4.jar:?]
20:06:54.753 [IPC Server handler 18 on default port 37437] ERROR OMAudit - user=runner | ip=127.0.0.1 | op=GET_FILE_STATUS {volume=volume46233, bucket=bucket02547, key=user/runner/dir1/dir2, dataSize=0, replicationConfig=null} | ret=FAILURE
org.apache.hadoop.ozone.om.exceptions.OMException: Unable to get file status: volume: volume46233 bucket: bucket02547 key: user/runner/dir1/dir2
	at org.apache.hadoop.ozone.om.KeyManagerImpl.getOzoneFileStatus(KeyManagerImpl.java:1196) ~[ozone-manager-1.4.0-SNAPSHOT.jar:?]
	at org.apache.hadoop.ozone.om.KeyManagerImpl.getFileStatus(KeyManagerImpl.java:1114) ~[ozone-manager-1.4.0-SNAPSHOT.jar:?]
	at org.apache.hadoop.ozone.om.OmMetadataReader.getFileStatus(OmMetadataReader.java:288) ~[ozone-manager-1.4.0-SNAPSHOT.jar:?]
	at org.apache.hadoop.ozone.om.OzoneManager.getFileStatus(OzoneManager.java:3494) ~[ozone-manager-1.4.0-SNAPSHOT.jar:?]
	at org.apache.hadoop.ozone.protocolPB.OzoneManagerRequestHandler.getOzoneFileStatus(OzoneManagerRequestHandler.java:933) ~[ozone-manager-1.4.0-SNAPSHOT.jar:?]
	at org.apache.hadoop.ozone.protocolPB.OzoneManagerRequestHandler.handleReadRequest(OzoneManagerRequestHandler.java:238) ~[ozone-manager-1.4.0-SNAPSHOT.jar:?]
	at org.apache.hadoop.ozone.protocolPB.OzoneManagerProtocolServerSideTranslatorPB.submitReadRequestToOM(OzoneManagerProtocolServerSideTranslatorPB.java:223) ~[ozone-manager-1.4.0-SNAPSHOT.jar:?]
	at org.apache.hadoop.ozone.protocolPB.OzoneManagerProtocolServerSideTranslatorPB.processRequest(OzoneManagerProtocolServerSideTranslatorPB.java:177) ~[ozone-manager-1.4.0-SNAPSHOT.jar:?]
	at org.apache.hadoop.hdds.server.OzoneProtocolMessageDispatcher.processRequest(OzoneProtocolMessageDispatcher.java:87) [hdds-server-framework-1.4.0-SNAPSHOT.jar:?]
	at org.apache.hadoop.ozone.protocolPB.OzoneManagerProtocolServerSideTranslatorPB.submitRequest(OzoneManagerProtocolServerSideTranslatorPB.java:147) [ozone-manager-1.4.0-SNAPSHOT.jar:?]
	at org.apache.hadoop.ozone.protocol.proto.OzoneManagerProtocolProtos$OzoneManagerService$2.callBlockingMethod(OzoneManagerProtocolProtos.java) [ozone-interface-client-1.4.0-SNAPSHOT.jar:?]
	at org.apache.hadoop.ipc.ProtobufRpcEngine$Server.processCall(ProtobufRpcEngine.java:465) [hadoop-common-3.3.4.jar:?]
	at org.apache.hadoop.ipc.ProtobufRpcEngine2$Server$ProtoBufRpcInvoker.call(ProtobufRpcEngine2.java:578) [hadoop-common-3.3.4.jar:?]
	at org.apache.hadoop.ipc.ProtobufRpcEngine2$Server$ProtoBufRpcInvoker.call(ProtobufRpcEngine2.java:556) [hadoop-common-3.3.4.jar:?]
	at org.apache.hadoop.ipc.RPC$Server.call(RPC.java:1093) [hadoop-common-3.3.4.jar:?]
	at org.apache.hadoop.ipc.Server$RpcCall.run(Server.java:1043) [hadoop-common-3.3.4.jar:?]
	at org.apache.hadoop.ipc.Server$RpcCall.run(Server.java:971) [hadoop-common-3.3.4.jar:?]
	at java.security.AccessController.doPrivileged(Native Method) ~[?:1.8.0_362]
	at javax.security.auth.Subject.doAs(Subject.java:422) [?:1.8.0_362]
	at org.apache.hadoop.security.UserGroupInformation.doAs(UserGroupInformation.java:1878) [hadoop-common-3.3.4.jar:?]
	at org.apache.hadoop.ipc.Server$Handler.run(Server.java:2976) [hadoop-common-3.3.4.jar:?]
]]></system-out>
  </testcase>
  <testcase name="testRenameContainDelimiterFile" classname="TestOzoneFileSystem" time="0.019">
    <system-out><![CDATA[2023-03-16 20:08:13,345 [IPC Server handler 5 on default port 41725] INFO  key.OMKeyRequest (OMKeyRequest.java:wrapUncommittedBlocksAsPseudoKey(838)) - Detect allocated but uncommitted blocks [{blockID={containerID=6, localID=111677748019200038}, length=4194304, offset=0, token=null, pipeline=null, createVersion=0, partNumber=0}] in key dir1/dir2/key1.
20:08:13.347 [IPC Server handler 15 on default port 41725] ERROR OMAudit - user=runner | ip=127.0.0.1 | op=GET_FILE_STATUS {volume=volume10450, bucket=bucket92716, key=dir1/dir2/key2, dataSize=0, replicationConfig=null} | ret=FAILURE
org.apache.hadoop.ozone.om.exceptions.OMException: Unable to get file status: volume: volume10450 bucket: bucket92716 key: dir1/dir2/key2
	at org.apache.hadoop.ozone.om.KeyManagerImpl.getOzoneFileStatus(KeyManagerImpl.java:1196) ~[ozone-manager-1.4.0-SNAPSHOT.jar:?]
	at org.apache.hadoop.ozone.om.KeyManagerImpl.getFileStatus(KeyManagerImpl.java:1114) ~[ozone-manager-1.4.0-SNAPSHOT.jar:?]
	at org.apache.hadoop.ozone.om.OmMetadataReader.getFileStatus(OmMetadataReader.java:288) ~[ozone-manager-1.4.0-SNAPSHOT.jar:?]
	at org.apache.hadoop.ozone.om.OzoneManager.getFileStatus(OzoneManager.java:3494) ~[ozone-manager-1.4.0-SNAPSHOT.jar:?]
	at org.apache.hadoop.ozone.protocolPB.OzoneManagerRequestHandler.getOzoneFileStatus(OzoneManagerRequestHandler.java:933) ~[ozone-manager-1.4.0-SNAPSHOT.jar:?]
	at org.apache.hadoop.ozone.protocolPB.OzoneManagerRequestHandler.handleReadRequest(OzoneManagerRequestHandler.java:238) ~[ozone-manager-1.4.0-SNAPSHOT.jar:?]
	at org.apache.hadoop.ozone.protocolPB.OzoneManagerProtocolServerSideTranslatorPB.submitRequestDirectlyToOM(OzoneManagerProtocolServerSideTranslatorPB.java:272) ~[ozone-manager-1.4.0-SNAPSHOT.jar:?]
	at org.apache.hadoop.ozone.protocolPB.OzoneManagerProtocolServerSideTranslatorPB.processRequest(OzoneManagerProtocolServerSideTranslatorPB.java:173) ~[ozone-manager-1.4.0-SNAPSHOT.jar:?]
	at org.apache.hadoop.hdds.server.OzoneProtocolMessageDispatcher.processRequest(OzoneProtocolMessageDispatcher.java:87) [hdds-server-framework-1.4.0-SNAPSHOT.jar:?]
	at org.apache.hadoop.ozone.protocolPB.OzoneManagerProtocolServerSideTranslatorPB.submitRequest(OzoneManagerProtocolServerSideTranslatorPB.java:147) [ozone-manager-1.4.0-SNAPSHOT.jar:?]
	at org.apache.hadoop.ozone.protocol.proto.OzoneManagerProtocolProtos$OzoneManagerService$2.callBlockingMethod(OzoneManagerProtocolProtos.java) [ozone-interface-client-1.4.0-SNAPSHOT.jar:?]
	at org.apache.hadoop.ipc.ProtobufRpcEngine$Server.processCall(ProtobufRpcEngine.java:465) [hadoop-common-3.3.4.jar:?]
	at org.apache.hadoop.ipc.ProtobufRpcEngine2$Server$ProtoBufRpcInvoker.call(ProtobufRpcEngine2.java:578) [hadoop-common-3.3.4.jar:?]
	at org.apache.hadoop.ipc.ProtobufRpcEngine2$Server$ProtoBufRpcInvoker.call(ProtobufRpcEngine2.java:556) [hadoop-common-3.3.4.jar:?]
	at org.apache.hadoop.ipc.RPC$Server.call(RPC.java:1093) [hadoop-common-3.3.4.jar:?]
	at org.apache.hadoop.ipc.Server$RpcCall.run(Server.java:1043) [hadoop-common-3.3.4.jar:?]
	at org.apache.hadoop.ipc.Server$RpcCall.run(Server.java:971) [hadoop-common-3.3.4.jar:?]
	at java.security.AccessController.doPrivileged(Native Method) ~[?:1.8.0_362]
	at javax.security.auth.Subject.doAs(Subject.java:422) [?:1.8.0_362]
	at org.apache.hadoop.security.UserGroupInformation.doAs(UserGroupInformation.java:1878) [hadoop-common-3.3.4.jar:?]
	at org.apache.hadoop.ipc.Server$Handler.run(Server.java:2976) [hadoop-common-3.3.4.jar:?]
20:08:13.351 [IPC Server handler 13 on default port 41725] ERROR OMAudit - user=runner | ip=127.0.0.1 | op=GET_FILE_STATUS {volume=volume10450, bucket=bucket92716, key=dir1/dir2/key1, dataSize=0, replicationConfig=null} | ret=FAILURE
org.apache.hadoop.ozone.om.exceptions.OMException: Unable to get file status: volume: volume10450 bucket: bucket92716 key: dir1/dir2/key1
	at org.apache.hadoop.ozone.om.KeyManagerImpl.getOzoneFileStatus(KeyManagerImpl.java:1196) ~[ozone-manager-1.4.0-SNAPSHOT.jar:?]
	at org.apache.hadoop.ozone.om.KeyManagerImpl.getFileStatus(KeyManagerImpl.java:1114) ~[ozone-manager-1.4.0-SNAPSHOT.jar:?]
	at org.apache.hadoop.ozone.om.OmMetadataReader.getFileStatus(OmMetadataReader.java:288) ~[ozone-manager-1.4.0-SNAPSHOT.jar:?]
	at org.apache.hadoop.ozone.om.OzoneManager.getFileStatus(OzoneManager.java:3494) ~[ozone-manager-1.4.0-SNAPSHOT.jar:?]
	at org.apache.hadoop.ozone.protocolPB.OzoneManagerRequestHandler.getOzoneFileStatus(OzoneManagerRequestHandler.java:933) ~[ozone-manager-1.4.0-SNAPSHOT.jar:?]
	at org.apache.hadoop.ozone.protocolPB.OzoneManagerRequestHandler.handleReadRequest(OzoneManagerRequestHandler.java:238) ~[ozone-manager-1.4.0-SNAPSHOT.jar:?]
	at org.apache.hadoop.ozone.protocolPB.OzoneManagerProtocolServerSideTranslatorPB.submitRequestDirectlyToOM(OzoneManagerProtocolServerSideTranslatorPB.java:272) ~[ozone-manager-1.4.0-SNAPSHOT.jar:?]
	at org.apache.hadoop.ozone.protocolPB.OzoneManagerProtocolServerSideTranslatorPB.processRequest(OzoneManagerProtocolServerSideTranslatorPB.java:173) ~[ozone-manager-1.4.0-SNAPSHOT.jar:?]
	at org.apache.hadoop.hdds.server.OzoneProtocolMessageDispatcher.processRequest(OzoneProtocolMessageDispatcher.java:87) [hdds-server-framework-1.4.0-SNAPSHOT.jar:?]
	at org.apache.hadoop.ozone.protocolPB.OzoneManagerProtocolServerSideTranslatorPB.submitRequest(OzoneManagerProtocolServerSideTranslatorPB.java:147) [ozone-manager-1.4.0-SNAPSHOT.jar:?]
	at org.apache.hadoop.ozone.protocol.proto.OzoneManagerProtocolProtos$OzoneManagerService$2.callBlockingMethod(OzoneManagerProtocolProtos.java) [ozone-interface-client-1.4.0-SNAPSHOT.jar:?]
	at org.apache.hadoop.ipc.ProtobufRpcEngine$Server.processCall(ProtobufRpcEngine.java:465) [hadoop-common-3.3.4.jar:?]
	at org.apache.hadoop.ipc.ProtobufRpcEngine2$Server$ProtoBufRpcInvoker.call(ProtobufRpcEngine2.java:578) [hadoop-common-3.3.4.jar:?]
	at org.apache.hadoop.ipc.ProtobufRpcEngine2$Server$ProtoBufRpcInvoker.call(ProtobufRpcEngine2.java:556) [hadoop-common-3.3.4.jar:?]
	at org.apache.hadoop.ipc.RPC$Server.call(RPC.java:1093) [hadoop-common-3.3.4.jar:?]
	at org.apache.hadoop.ipc.Server$RpcCall.run(Server.java:1043) [hadoop-common-3.3.4.jar:?]
	at org.apache.hadoop.ipc.Server$RpcCall.run(Server.java:971) [hadoop-common-3.3.4.jar:?]
	at java.security.AccessController.doPrivileged(Native Method) ~[?:1.8.0_362]
	at javax.security.auth.Subject.doAs(Subject.java:422) [?:1.8.0_362]
	at org.apache.hadoop.security.UserGroupInformation.doAs(UserGroupInformation.java:1878) [hadoop-common-3.3.4.jar:?]
	at org.apache.hadoop.ipc.Server$Handler.run(Server.java:2976) [hadoop-common-3.3.4.jar:?]
20:08:13.352 [IPC Server handler 16 on default port 41725] ERROR OMAudit - user=runner | ip=127.0.0.1 | op=GET_FILE_STATUS {volume=volume10450, bucket=bucket92716, key=user/runner/dir1, dataSize=0, replicationConfig=null} | ret=FAILURE
org.apache.hadoop.ozone.om.exceptions.OMException: Unable to get file status: volume: volume10450 bucket: bucket92716 key: user/runner/dir1
	at org.apache.hadoop.ozone.om.KeyManagerImpl.getOzoneFileStatus(KeyManagerImpl.java:1196) ~[ozone-manager-1.4.0-SNAPSHOT.jar:?]
	at org.apache.hadoop.ozone.om.KeyManagerImpl.getFileStatus(KeyManagerImpl.java:1114) ~[ozone-manager-1.4.0-SNAPSHOT.jar:?]
	at org.apache.hadoop.ozone.om.OmMetadataReader.getFileStatus(OmMetadataReader.java:288) ~[ozone-manager-1.4.0-SNAPSHOT.jar:?]
	at org.apache.hadoop.ozone.om.OzoneManager.getFileStatus(OzoneManager.java:3494) ~[ozone-manager-1.4.0-SNAPSHOT.jar:?]
	at org.apache.hadoop.ozone.protocolPB.OzoneManagerRequestHandler.getOzoneFileStatus(OzoneManagerRequestHandler.java:933) ~[ozone-manager-1.4.0-SNAPSHOT.jar:?]
	at org.apache.hadoop.ozone.protocolPB.OzoneManagerRequestHandler.handleReadRequest(OzoneManagerRequestHandler.java:238) ~[ozone-manager-1.4.0-SNAPSHOT.jar:?]
	at org.apache.hadoop.ozone.protocolPB.OzoneManagerProtocolServerSideTranslatorPB.submitRequestDirectlyToOM(OzoneManagerProtocolServerSideTranslatorPB.java:272) ~[ozone-manager-1.4.0-SNAPSHOT.jar:?]
	at org.apache.hadoop.ozone.protocolPB.OzoneManagerProtocolServerSideTranslatorPB.processRequest(OzoneManagerProtocolServerSideTranslatorPB.java:173) ~[ozone-manager-1.4.0-SNAPSHOT.jar:?]
	at org.apache.hadoop.hdds.server.OzoneProtocolMessageDispatcher.processRequest(OzoneProtocolMessageDispatcher.java:87) [hdds-server-framework-1.4.0-SNAPSHOT.jar:?]
	at org.apache.hadoop.ozone.protocolPB.OzoneManagerProtocolServerSideTranslatorPB.submitRequest(OzoneManagerProtocolServerSideTranslatorPB.java:147) [ozone-manager-1.4.0-SNAPSHOT.jar:?]
	at org.apache.hadoop.ozone.protocol.proto.OzoneManagerProtocolProtos$OzoneManagerService$2.callBlockingMethod(OzoneManagerProtocolProtos.java) [ozone-interface-client-1.4.0-SNAPSHOT.jar:?]
	at org.apache.hadoop.ipc.ProtobufRpcEngine$Server.processCall(ProtobufRpcEngine.java:465) [hadoop-common-3.3.4.jar:?]
	at org.apache.hadoop.ipc.ProtobufRpcEngine2$Server$ProtoBufRpcInvoker.call(ProtobufRpcEngine2.java:578) [hadoop-common-3.3.4.jar:?]
	at org.apache.hadoop.ipc.ProtobufRpcEngine2$Server$ProtoBufRpcInvoker.call(ProtobufRpcEngine2.java:556) [hadoop-common-3.3.4.jar:?]
	at org.apache.hadoop.ipc.RPC$Server.call(RPC.java:1093) [hadoop-common-3.3.4.jar:?]
	at org.apache.hadoop.ipc.Server$RpcCall.run(Server.java:1043) [hadoop-common-3.3.4.jar:?]
	at org.apache.hadoop.ipc.Server$RpcCall.run(Server.java:971) [hadoop-common-3.3.4.jar:?]
	at java.security.AccessController.doPrivileged(Native Method) ~[?:1.8.0_362]
	at javax.security.auth.Subject.doAs(Subject.java:422) [?:1.8.0_362]
	at org.apache.hadoop.security.UserGroupInformation.doAs(UserGroupInformation.java:1878) [hadoop-common-3.3.4.jar:?]
	at org.apache.hadoop.ipc.Server$Handler.run(Server.java:2976) [hadoop-common-3.3.4.jar:?]
20:08:13.353 [IPC Server handler 18 on default port 41725] ERROR OMAudit - user=runner | ip=127.0.0.1 | op=GET_FILE_STATUS {volume=volume10450, bucket=bucket92716, key=user/runner/dir1/dir2, dataSize=0, replicationConfig=null} | ret=FAILURE
org.apache.hadoop.ozone.om.exceptions.OMException: Unable to get file status: volume: volume10450 bucket: bucket92716 key: user/runner/dir1/dir2
	at org.apache.hadoop.ozone.om.KeyManagerImpl.getOzoneFileStatus(KeyManagerImpl.java:1196) ~[ozone-manager-1.4.0-SNAPSHOT.jar:?]
	at org.apache.hadoop.ozone.om.KeyManagerImpl.getFileStatus(KeyManagerImpl.java:1114) ~[ozone-manager-1.4.0-SNAPSHOT.jar:?]
	at org.apache.hadoop.ozone.om.OmMetadataReader.getFileStatus(OmMetadataReader.java:288) ~[ozone-manager-1.4.0-SNAPSHOT.jar:?]
	at org.apache.hadoop.ozone.om.OzoneManager.getFileStatus(OzoneManager.java:3494) ~[ozone-manager-1.4.0-SNAPSHOT.jar:?]
	at org.apache.hadoop.ozone.protocolPB.OzoneManagerRequestHandler.getOzoneFileStatus(OzoneManagerRequestHandler.java:933) ~[ozone-manager-1.4.0-SNAPSHOT.jar:?]
	at org.apache.hadoop.ozone.protocolPB.OzoneManagerRequestHandler.handleReadRequest(OzoneManagerRequestHandler.java:238) ~[ozone-manager-1.4.0-SNAPSHOT.jar:?]
	at org.apache.hadoop.ozone.protocolPB.OzoneManagerProtocolServerSideTranslatorPB.submitRequestDirectlyToOM(OzoneManagerProtocolServerSideTranslatorPB.java:272) ~[ozone-manager-1.4.0-SNAPSHOT.jar:?]
	at org.apache.hadoop.ozone.protocolPB.OzoneManagerProtocolServerSideTranslatorPB.processRequest(OzoneManagerProtocolServerSideTranslatorPB.java:173) ~[ozone-manager-1.4.0-SNAPSHOT.jar:?]
	at org.apache.hadoop.hdds.server.OzoneProtocolMessageDispatcher.processRequest(OzoneProtocolMessageDispatcher.java:87) [hdds-server-framework-1.4.0-SNAPSHOT.jar:?]
	at org.apache.hadoop.ozone.protocolPB.OzoneManagerProtocolServerSideTranslatorPB.submitRequest(OzoneManagerProtocolServerSideTranslatorPB.java:147) [ozone-manager-1.4.0-SNAPSHOT.jar:?]
	at org.apache.hadoop.ozone.protocol.proto.OzoneManagerProtocolProtos$OzoneManagerService$2.callBlockingMethod(OzoneManagerProtocolProtos.java) [ozone-interface-client-1.4.0-SNAPSHOT.jar:?]
	at org.apache.hadoop.ipc.ProtobufRpcEngine$Server.processCall(ProtobufRpcEngine.java:465) [hadoop-common-3.3.4.jar:?]
	at org.apache.hadoop.ipc.ProtobufRpcEngine2$Server$ProtoBufRpcInvoker.call(ProtobufRpcEngine2.java:578) [hadoop-common-3.3.4.jar:?]
	at org.apache.hadoop.ipc.ProtobufRpcEngine2$Server$ProtoBufRpcInvoker.call(ProtobufRpcEngine2.java:556) [hadoop-common-3.3.4.jar:?]
	at org.apache.hadoop.ipc.RPC$Server.call(RPC.java:1093) [hadoop-common-3.3.4.jar:?]
	at org.apache.hadoop.ipc.Server$RpcCall.run(Server.java:1043) [hadoop-common-3.3.4.jar:?]
	at org.apache.hadoop.ipc.Server$RpcCall.run(Server.java:971) [hadoop-common-3.3.4.jar:?]
	at java.security.AccessController.doPrivileged(Native Method) ~[?:1.8.0_362]
	at javax.security.auth.Subject.doAs(Subject.java:422) [?:1.8.0_362]
	at org.apache.hadoop.security.UserGroupInformation.doAs(UserGroupInformation.java:1878) [hadoop-common-3.3.4.jar:?]
	at org.apache.hadoop.ipc.Server$Handler.run(Server.java:2976) [hadoop-common-3.3.4.jar:?]
]]></system-out>
  </testcase>
  <testcase name="testMakeDirsWithAnFakeDirectory" classname="TestOzoneFileSystem" time="0.061">
    <system-out><![CDATA[2023-03-16 20:04:16,908 [OM StateMachine ApplyTransaction Thread - 0] INFO  key.OMKeyRequest (OMKeyRequest.java:wrapUncommittedBlocksAsPseudoKey(838)) - Detect allocated but uncommitted blocks [{blockID={containerID=7, localID=111677748019200039}, length=4194304, offset=0, token=null, pipeline=null, createVersion=0, partNumber=0}] in key dir1/dir2/key1.
20:04:16.915 [IPC Server handler 12 on default port 35091] ERROR OMAudit - user=runner | ip=127.0.0.1 | op=GET_FILE_STATUS {volume=volume04068, bucket=bucket31801, key=user/runner/dir1/dir2, dataSize=0, replicationConfig=null} | ret=FAILURE
org.apache.hadoop.ozone.om.exceptions.OMException: Unable to get file status: volume: volume04068 bucket: bucket31801 key: user/runner/dir1/dir2
	at org.apache.hadoop.ozone.om.KeyManagerImpl.getOzoneFileStatus(KeyManagerImpl.java:1196) ~[ozone-manager-1.4.0-SNAPSHOT.jar:?]
	at org.apache.hadoop.ozone.om.KeyManagerImpl.getFileStatus(KeyManagerImpl.java:1114) ~[ozone-manager-1.4.0-SNAPSHOT.jar:?]
	at org.apache.hadoop.ozone.om.OmMetadataReader.getFileStatus(OmMetadataReader.java:288) ~[ozone-manager-1.4.0-SNAPSHOT.jar:?]
	at org.apache.hadoop.ozone.om.OzoneManager.getFileStatus(OzoneManager.java:3494) ~[ozone-manager-1.4.0-SNAPSHOT.jar:?]
	at org.apache.hadoop.ozone.protocolPB.OzoneManagerRequestHandler.getOzoneFileStatus(OzoneManagerRequestHandler.java:933) ~[ozone-manager-1.4.0-SNAPSHOT.jar:?]
	at org.apache.hadoop.ozone.protocolPB.OzoneManagerRequestHandler.handleReadRequest(OzoneManagerRequestHandler.java:238) ~[ozone-manager-1.4.0-SNAPSHOT.jar:?]
	at org.apache.hadoop.ozone.protocolPB.OzoneManagerProtocolServerSideTranslatorPB.submitReadRequestToOM(OzoneManagerProtocolServerSideTranslatorPB.java:223) ~[ozone-manager-1.4.0-SNAPSHOT.jar:?]
	at org.apache.hadoop.ozone.protocolPB.OzoneManagerProtocolServerSideTranslatorPB.processRequest(OzoneManagerProtocolServerSideTranslatorPB.java:177) ~[ozone-manager-1.4.0-SNAPSHOT.jar:?]
	at org.apache.hadoop.hdds.server.OzoneProtocolMessageDispatcher.processRequest(OzoneProtocolMessageDispatcher.java:87) [hdds-server-framework-1.4.0-SNAPSHOT.jar:?]
	at org.apache.hadoop.ozone.protocolPB.OzoneManagerProtocolServerSideTranslatorPB.submitRequest(OzoneManagerProtocolServerSideTranslatorPB.java:147) [ozone-manager-1.4.0-SNAPSHOT.jar:?]
	at org.apache.hadoop.ozone.protocol.proto.OzoneManagerProtocolProtos$OzoneManagerService$2.callBlockingMethod(OzoneManagerProtocolProtos.java) [ozone-interface-client-1.4.0-SNAPSHOT.jar:?]
	at org.apache.hadoop.ipc.ProtobufRpcEngine$Server.processCall(ProtobufRpcEngine.java:465) [hadoop-common-3.3.4.jar:?]
	at org.apache.hadoop.ipc.ProtobufRpcEngine2$Server$ProtoBufRpcInvoker.call(ProtobufRpcEngine2.java:578) [hadoop-common-3.3.4.jar:?]
	at org.apache.hadoop.ipc.ProtobufRpcEngine2$Server$ProtoBufRpcInvoker.call(ProtobufRpcEngine2.java:556) [hadoop-common-3.3.4.jar:?]
	at org.apache.hadoop.ipc.RPC$Server.call(RPC.java:1093) [hadoop-common-3.3.4.jar:?]
	at org.apache.hadoop.ipc.Server$RpcCall.run(Server.java:1043) [hadoop-common-3.3.4.jar:?]
	at org.apache.hadoop.ipc.Server$RpcCall.run(Server.java:971) [hadoop-common-3.3.4.jar:?]
	at java.security.AccessController.doPrivileged(Native Method) ~[?:1.8.0_362]
	at javax.security.auth.Subject.doAs(Subject.java:422) [?:1.8.0_362]
	at org.apache.hadoop.security.UserGroupInformation.doAs(UserGroupInformation.java:1878) [hadoop-common-3.3.4.jar:?]
	at org.apache.hadoop.ipc.Server$Handler.run(Server.java:2976) [hadoop-common-3.3.4.jar:?]
]]></system-out>
  </testcase>
  <testcase name="testMakeDirsWithAnFakeDirectory" classname="TestOzoneFileSystem" time="0.023">
    <system-out><![CDATA[2023-03-16 20:05:50,766 [IPC Server handler 9 on default port 40321] INFO  key.OMKeyRequest (OMKeyRequest.java:wrapUncommittedBlocksAsPseudoKey(838)) - Detect allocated but uncommitted blocks [{blockID={containerID=7, localID=111677748019200039}, length=4194304, offset=0, token=null, pipeline=null, createVersion=0, partNumber=0}] in key dir1/dir2/key1.
20:05:50.767 [IPC Server handler 7 on default port 40321] ERROR OMAudit - user=runner | ip=127.0.0.1 | op=GET_FILE_STATUS {volume=volume45206, bucket=bucket25127, key=user/runner/dir1/dir2, dataSize=0, replicationConfig=null} | ret=FAILURE
org.apache.hadoop.ozone.om.exceptions.OMException: Unable to get file status: volume: volume45206 bucket: bucket25127 key: user/runner/dir1/dir2
	at org.apache.hadoop.ozone.om.KeyManagerImpl.getOzoneFileStatus(KeyManagerImpl.java:1196) ~[ozone-manager-1.4.0-SNAPSHOT.jar:?]
	at org.apache.hadoop.ozone.om.KeyManagerImpl.getFileStatus(KeyManagerImpl.java:1114) ~[ozone-manager-1.4.0-SNAPSHOT.jar:?]
	at org.apache.hadoop.ozone.om.OmMetadataReader.getFileStatus(OmMetadataReader.java:288) ~[ozone-manager-1.4.0-SNAPSHOT.jar:?]
	at org.apache.hadoop.ozone.om.OzoneManager.getFileStatus(OzoneManager.java:3494) ~[ozone-manager-1.4.0-SNAPSHOT.jar:?]
	at org.apache.hadoop.ozone.protocolPB.OzoneManagerRequestHandler.getOzoneFileStatus(OzoneManagerRequestHandler.java:933) ~[ozone-manager-1.4.0-SNAPSHOT.jar:?]
	at org.apache.hadoop.ozone.protocolPB.OzoneManagerRequestHandler.handleReadRequest(OzoneManagerRequestHandler.java:238) ~[ozone-manager-1.4.0-SNAPSHOT.jar:?]
	at org.apache.hadoop.ozone.protocolPB.OzoneManagerProtocolServerSideTranslatorPB.submitRequestDirectlyToOM(OzoneManagerProtocolServerSideTranslatorPB.java:272) ~[ozone-manager-1.4.0-SNAPSHOT.jar:?]
	at org.apache.hadoop.ozone.protocolPB.OzoneManagerProtocolServerSideTranslatorPB.processRequest(OzoneManagerProtocolServerSideTranslatorPB.java:173) ~[ozone-manager-1.4.0-SNAPSHOT.jar:?]
	at org.apache.hadoop.hdds.server.OzoneProtocolMessageDispatcher.processRequest(OzoneProtocolMessageDispatcher.java:87) [hdds-server-framework-1.4.0-SNAPSHOT.jar:?]
	at org.apache.hadoop.ozone.protocolPB.OzoneManagerProtocolServerSideTranslatorPB.submitRequest(OzoneManagerProtocolServerSideTranslatorPB.java:147) [ozone-manager-1.4.0-SNAPSHOT.jar:?]
	at org.apache.hadoop.ozone.protocol.proto.OzoneManagerProtocolProtos$OzoneManagerService$2.callBlockingMethod(OzoneManagerProtocolProtos.java) [ozone-interface-client-1.4.0-SNAPSHOT.jar:?]
	at org.apache.hadoop.ipc.ProtobufRpcEngine$Server.processCall(ProtobufRpcEngine.java:465) [hadoop-common-3.3.4.jar:?]
	at org.apache.hadoop.ipc.ProtobufRpcEngine2$Server$ProtoBufRpcInvoker.call(ProtobufRpcEngine2.java:578) [hadoop-common-3.3.4.jar:?]
	at org.apache.hadoop.ipc.ProtobufRpcEngine2$Server$ProtoBufRpcInvoker.call(ProtobufRpcEngine2.java:556) [hadoop-common-3.3.4.jar:?]
	at org.apache.hadoop.ipc.RPC$Server.call(RPC.java:1093) [hadoop-common-3.3.4.jar:?]
	at org.apache.hadoop.ipc.Server$RpcCall.run(Server.java:1043) [hadoop-common-3.3.4.jar:?]
	at org.apache.hadoop.ipc.Server$RpcCall.run(Server.java:971) [hadoop-common-3.3.4.jar:?]
	at java.security.AccessController.doPrivileged(Native Method) ~[?:1.8.0_362]
	at javax.security.auth.Subject.doAs(Subject.java:422) [?:1.8.0_362]
	at org.apache.hadoop.security.UserGroupInformation.doAs(UserGroupInformation.java:1878) [hadoop-common-3.3.4.jar:?]
	at org.apache.hadoop.ipc.Server$Handler.run(Server.java:2976) [hadoop-common-3.3.4.jar:?]
]]></system-out>
  </testcase>
  <testcase name="testMakeDirsWithAnFakeDirectory" classname="TestOzoneFileSystem" time="0.02">
    <system-out><![CDATA[2023-03-16 20:06:54,767 [OM StateMachine ApplyTransaction Thread - 0] INFO  key.OMKeyRequest (OMKeyRequest.java:wrapUncommittedBlocksAsPseudoKey(838)) - Detect allocated but uncommitted blocks [{blockID={containerID=7, localID=111677748019200039}, length=4194304, offset=0, token=null, pipeline=null, createVersion=0, partNumber=0}] in key dir1/dir2/key1.
20:06:54.768 [IPC Server handler 0 on default port 37437] ERROR OMAudit - user=runner | ip=127.0.0.1 | op=GET_FILE_STATUS {volume=volume46233, bucket=bucket02547, key=user/runner/dir1/dir2, dataSize=0, replicationConfig=null} | ret=FAILURE
org.apache.hadoop.ozone.om.exceptions.OMException: Unable to get file status: volume: volume46233 bucket: bucket02547 key: user/runner/dir1/dir2
	at org.apache.hadoop.ozone.om.KeyManagerImpl.getOzoneFileStatus(KeyManagerImpl.java:1196) ~[ozone-manager-1.4.0-SNAPSHOT.jar:?]
	at org.apache.hadoop.ozone.om.KeyManagerImpl.getFileStatus(KeyManagerImpl.java:1114) ~[ozone-manager-1.4.0-SNAPSHOT.jar:?]
	at org.apache.hadoop.ozone.om.OmMetadataReader.getFileStatus(OmMetadataReader.java:288) ~[ozone-manager-1.4.0-SNAPSHOT.jar:?]
	at org.apache.hadoop.ozone.om.OzoneManager.getFileStatus(OzoneManager.java:3494) ~[ozone-manager-1.4.0-SNAPSHOT.jar:?]
	at org.apache.hadoop.ozone.protocolPB.OzoneManagerRequestHandler.getOzoneFileStatus(OzoneManagerRequestHandler.java:933) ~[ozone-manager-1.4.0-SNAPSHOT.jar:?]
	at org.apache.hadoop.ozone.protocolPB.OzoneManagerRequestHandler.handleReadRequest(OzoneManagerRequestHandler.java:238) ~[ozone-manager-1.4.0-SNAPSHOT.jar:?]
	at org.apache.hadoop.ozone.protocolPB.OzoneManagerProtocolServerSideTranslatorPB.submitReadRequestToOM(OzoneManagerProtocolServerSideTranslatorPB.java:223) ~[ozone-manager-1.4.0-SNAPSHOT.jar:?]
	at org.apache.hadoop.ozone.protocolPB.OzoneManagerProtocolServerSideTranslatorPB.processRequest(OzoneManagerProtocolServerSideTranslatorPB.java:177) ~[ozone-manager-1.4.0-SNAPSHOT.jar:?]
	at org.apache.hadoop.hdds.server.OzoneProtocolMessageDispatcher.processRequest(OzoneProtocolMessageDispatcher.java:87) [hdds-server-framework-1.4.0-SNAPSHOT.jar:?]
	at org.apache.hadoop.ozone.protocolPB.OzoneManagerProtocolServerSideTranslatorPB.submitRequest(OzoneManagerProtocolServerSideTranslatorPB.java:147) [ozone-manager-1.4.0-SNAPSHOT.jar:?]
	at org.apache.hadoop.ozone.protocol.proto.OzoneManagerProtocolProtos$OzoneManagerService$2.callBlockingMethod(OzoneManagerProtocolProtos.java) [ozone-interface-client-1.4.0-SNAPSHOT.jar:?]
	at org.apache.hadoop.ipc.ProtobufRpcEngine$Server.processCall(ProtobufRpcEngine.java:465) [hadoop-common-3.3.4.jar:?]
	at org.apache.hadoop.ipc.ProtobufRpcEngine2$Server$ProtoBufRpcInvoker.call(ProtobufRpcEngine2.java:578) [hadoop-common-3.3.4.jar:?]
	at org.apache.hadoop.ipc.ProtobufRpcEngine2$Server$ProtoBufRpcInvoker.call(ProtobufRpcEngine2.java:556) [hadoop-common-3.3.4.jar:?]
	at org.apache.hadoop.ipc.RPC$Server.call(RPC.java:1093) [hadoop-common-3.3.4.jar:?]
	at org.apache.hadoop.ipc.Server$RpcCall.run(Server.java:1043) [hadoop-common-3.3.4.jar:?]
	at org.apache.hadoop.ipc.Server$RpcCall.run(Server.java:971) [hadoop-common-3.3.4.jar:?]
	at java.security.AccessController.doPrivileged(Native Method) ~[?:1.8.0_362]
	at javax.security.auth.Subject.doAs(Subject.java:422) [?:1.8.0_362]
	at org.apache.hadoop.security.UserGroupInformation.doAs(UserGroupInformation.java:1878) [hadoop-common-3.3.4.jar:?]
	at org.apache.hadoop.ipc.Server$Handler.run(Server.java:2976) [hadoop-common-3.3.4.jar:?]
]]></system-out>
  </testcase>
  <testcase name="testMakeDirsWithAnFakeDirectory" classname="TestOzoneFileSystem" time="0.014">
    <system-out><![CDATA[2023-03-16 20:08:13,362 [IPC Server handler 14 on default port 41725] INFO  key.OMKeyRequest (OMKeyRequest.java:wrapUncommittedBlocksAsPseudoKey(838)) - Detect allocated but uncommitted blocks [{blockID={containerID=5, localID=111677748019200039}, length=4194304, offset=0, token=null, pipeline=null, createVersion=0, partNumber=0}] in key dir1/dir2/key1.
20:08:13.363 [IPC Server handler 5 on default port 41725] ERROR OMAudit - user=runner | ip=127.0.0.1 | op=GET_FILE_STATUS {volume=volume10450, bucket=bucket92716, key=user/runner/dir1/dir2, dataSize=0, replicationConfig=null} | ret=FAILURE
org.apache.hadoop.ozone.om.exceptions.OMException: Unable to get file status: volume: volume10450 bucket: bucket92716 key: user/runner/dir1/dir2
	at org.apache.hadoop.ozone.om.KeyManagerImpl.getOzoneFileStatus(KeyManagerImpl.java:1196) ~[ozone-manager-1.4.0-SNAPSHOT.jar:?]
	at org.apache.hadoop.ozone.om.KeyManagerImpl.getFileStatus(KeyManagerImpl.java:1114) ~[ozone-manager-1.4.0-SNAPSHOT.jar:?]
	at org.apache.hadoop.ozone.om.OmMetadataReader.getFileStatus(OmMetadataReader.java:288) ~[ozone-manager-1.4.0-SNAPSHOT.jar:?]
	at org.apache.hadoop.ozone.om.OzoneManager.getFileStatus(OzoneManager.java:3494) ~[ozone-manager-1.4.0-SNAPSHOT.jar:?]
	at org.apache.hadoop.ozone.protocolPB.OzoneManagerRequestHandler.getOzoneFileStatus(OzoneManagerRequestHandler.java:933) ~[ozone-manager-1.4.0-SNAPSHOT.jar:?]
	at org.apache.hadoop.ozone.protocolPB.OzoneManagerRequestHandler.handleReadRequest(OzoneManagerRequestHandler.java:238) ~[ozone-manager-1.4.0-SNAPSHOT.jar:?]
	at org.apache.hadoop.ozone.protocolPB.OzoneManagerProtocolServerSideTranslatorPB.submitRequestDirectlyToOM(OzoneManagerProtocolServerSideTranslatorPB.java:272) ~[ozone-manager-1.4.0-SNAPSHOT.jar:?]
	at org.apache.hadoop.ozone.protocolPB.OzoneManagerProtocolServerSideTranslatorPB.processRequest(OzoneManagerProtocolServerSideTranslatorPB.java:173) ~[ozone-manager-1.4.0-SNAPSHOT.jar:?]
	at org.apache.hadoop.hdds.server.OzoneProtocolMessageDispatcher.processRequest(OzoneProtocolMessageDispatcher.java:87) [hdds-server-framework-1.4.0-SNAPSHOT.jar:?]
	at org.apache.hadoop.ozone.protocolPB.OzoneManagerProtocolServerSideTranslatorPB.submitRequest(OzoneManagerProtocolServerSideTranslatorPB.java:147) [ozone-manager-1.4.0-SNAPSHOT.jar:?]
	at org.apache.hadoop.ozone.protocol.proto.OzoneManagerProtocolProtos$OzoneManagerService$2.callBlockingMethod(OzoneManagerProtocolProtos.java) [ozone-interface-client-1.4.0-SNAPSHOT.jar:?]
	at org.apache.hadoop.ipc.ProtobufRpcEngine$Server.processCall(ProtobufRpcEngine.java:465) [hadoop-common-3.3.4.jar:?]
	at org.apache.hadoop.ipc.ProtobufRpcEngine2$Server$ProtoBufRpcInvoker.call(ProtobufRpcEngine2.java:578) [hadoop-common-3.3.4.jar:?]
	at org.apache.hadoop.ipc.ProtobufRpcEngine2$Server$ProtoBufRpcInvoker.call(ProtobufRpcEngine2.java:556) [hadoop-common-3.3.4.jar:?]
	at org.apache.hadoop.ipc.RPC$Server.call(RPC.java:1093) [hadoop-common-3.3.4.jar:?]
	at org.apache.hadoop.ipc.Server$RpcCall.run(Server.java:1043) [hadoop-common-3.3.4.jar:?]
	at org.apache.hadoop.ipc.Server$RpcCall.run(Server.java:971) [hadoop-common-3.3.4.jar:?]
	at java.security.AccessController.doPrivileged(Native Method) ~[?:1.8.0_362]
	at javax.security.auth.Subject.doAs(Subject.java:422) [?:1.8.0_362]
	at org.apache.hadoop.security.UserGroupInformation.doAs(UserGroupInformation.java:1878) [hadoop-common-3.3.4.jar:?]
	at org.apache.hadoop.ipc.Server$Handler.run(Server.java:2976) [hadoop-common-3.3.4.jar:?]
]]></system-out>
  </testcase>
  <testcase name="testFileDelete" classname="TestOzoneFileSystem" time="0.302">
    <system-out><![CDATA[2023-03-16 20:04:16,975 [OM StateMachine ApplyTransaction Thread - 0] INFO  key.OMKeyRequest (OMKeyRequest.java:wrapUncommittedBlocksAsPseudoKey(838)) - Detect allocated but uncommitted blocks [{blockID={containerID=4, localID=111677748019200040}, length=4194304, offset=0, token=null, pipeline=null, createVersion=0, partNumber=0}] in key testBatchDelete/parent/child0.
2023-03-16 20:04:16,989 [OM StateMachine ApplyTransaction Thread - 0] INFO  key.OMKeyRequest (OMKeyRequest.java:wrapUncommittedBlocksAsPseudoKey(838)) - Detect allocated but uncommitted blocks [{blockID={containerID=3, localID=111677748019200041}, length=4194304, offset=0, token=null, pipeline=null, createVersion=0, partNumber=0}] in key testBatchDelete/parent/childFolder/child0.
2023-03-16 20:04:17,002 [OM StateMachine ApplyTransaction Thread - 0] INFO  key.OMKeyRequest (OMKeyRequest.java:wrapUncommittedBlocksAsPseudoKey(838)) - Detect allocated but uncommitted blocks [{blockID={containerID=1, localID=111677748019200042}, length=4194304, offset=0, token=null, pipeline=null, createVersion=0, partNumber=0}] in key testBatchDelete/parent/child1.
2023-03-16 20:04:17,014 [OM StateMachine ApplyTransaction Thread - 0] INFO  key.OMKeyRequest (OMKeyRequest.java:wrapUncommittedBlocksAsPseudoKey(838)) - Detect allocated but uncommitted blocks [{blockID={containerID=3, localID=111677748019200043}, length=4194304, offset=0, token=null, pipeline=null, createVersion=0, partNumber=0}] in key testBatchDelete/parent/childFolder/child1.
2023-03-16 20:04:17,028 [OM StateMachine ApplyTransaction Thread - 0] INFO  key.OMKeyRequest (OMKeyRequest.java:wrapUncommittedBlocksAsPseudoKey(838)) - Detect allocated but uncommitted blocks [{blockID={containerID=2, localID=111677748019200044}, length=4194304, offset=0, token=null, pipeline=null, createVersion=0, partNumber=0}] in key testBatchDelete/parent/child2.
2023-03-16 20:04:17,043 [OM StateMachine ApplyTransaction Thread - 0] INFO  key.OMKeyRequest (OMKeyRequest.java:wrapUncommittedBlocksAsPseudoKey(838)) - Detect allocated but uncommitted blocks [{blockID={containerID=4, localID=111677748019200045}, length=4194304, offset=0, token=null, pipeline=null, createVersion=0, partNumber=0}] in key testBatchDelete/parent/childFolder/child2.
2023-03-16 20:04:17,055 [OM StateMachine ApplyTransaction Thread - 0] INFO  key.OMKeyRequest (OMKeyRequest.java:wrapUncommittedBlocksAsPseudoKey(838)) - Detect allocated but uncommitted blocks [{blockID={containerID=1, localID=111677748019200046}, length=4194304, offset=0, token=null, pipeline=null, createVersion=0, partNumber=0}] in key testBatchDelete/parent/child3.
2023-03-16 20:04:17,075 [OM StateMachine ApplyTransaction Thread - 0] INFO  key.OMKeyRequest (OMKeyRequest.java:wrapUncommittedBlocksAsPseudoKey(838)) - Detect allocated but uncommitted blocks [{blockID={containerID=2, localID=111677748019200047}, length=4194304, offset=0, token=null, pipeline=null, createVersion=0, partNumber=0}] in key testBatchDelete/parent/childFolder/child3.
2023-03-16 20:04:17,093 [OM StateMachine ApplyTransaction Thread - 0] INFO  key.OMKeyRequest (OMKeyRequest.java:wrapUncommittedBlocksAsPseudoKey(838)) - Detect allocated but uncommitted blocks [{blockID={containerID=4, localID=111677748019200048}, length=4194304, offset=0, token=null, pipeline=null, createVersion=0, partNumber=0}] in key testBatchDelete/parent/child4.
2023-03-16 20:04:17,108 [OM StateMachine ApplyTransaction Thread - 0] INFO  key.OMKeyRequest (OMKeyRequest.java:wrapUncommittedBlocksAsPseudoKey(838)) - Detect allocated but uncommitted blocks [{blockID={containerID=2, localID=111677748019200049}, length=4194304, offset=0, token=null, pipeline=null, createVersion=0, partNumber=0}] in key testBatchDelete/parent/childFolder/child4.
2023-03-16 20:04:17,122 [OM StateMachine ApplyTransaction Thread - 0] INFO  key.OMKeyRequest (OMKeyRequest.java:wrapUncommittedBlocksAsPseudoKey(838)) - Detect allocated but uncommitted blocks [{blockID={containerID=4, localID=111677748019200050}, length=4194304, offset=0, token=null, pipeline=null, createVersion=0, partNumber=0}] in key testBatchDelete/parent/child5.
2023-03-16 20:04:17,136 [OM StateMachine ApplyTransaction Thread - 0] INFO  key.OMKeyRequest (OMKeyRequest.java:wrapUncommittedBlocksAsPseudoKey(838)) - Detect allocated but uncommitted blocks [{blockID={containerID=2, localID=111677748019200051}, length=4194304, offset=0, token=null, pipeline=null, createVersion=0, partNumber=0}] in key testBatchDelete/parent/childFolder/child5.
2023-03-16 20:04:17,149 [OM StateMachine ApplyTransaction Thread - 0] INFO  key.OMKeyRequest (OMKeyRequest.java:wrapUncommittedBlocksAsPseudoKey(838)) - Detect allocated but uncommitted blocks [{blockID={containerID=3, localID=111677748019200052}, length=4194304, offset=0, token=null, pipeline=null, createVersion=0, partNumber=0}] in key testBatchDelete/parent/child6.
2023-03-16 20:04:17,164 [OM StateMachine ApplyTransaction Thread - 0] INFO  key.OMKeyRequest (OMKeyRequest.java:wrapUncommittedBlocksAsPseudoKey(838)) - Detect allocated but uncommitted blocks [{blockID={containerID=4, localID=111677748019200053}, length=4194304, offset=0, token=null, pipeline=null, createVersion=0, partNumber=0}] in key testBatchDelete/parent/childFolder/child6.
2023-03-16 20:04:17,177 [OM StateMachine ApplyTransaction Thread - 0] INFO  key.OMKeyRequest (OMKeyRequest.java:wrapUncommittedBlocksAsPseudoKey(838)) - Detect allocated but uncommitted blocks [{blockID={containerID=1, localID=111677748019200054}, length=4194304, offset=0, token=null, pipeline=null, createVersion=0, partNumber=0}] in key testBatchDelete/parent/child7.
2023-03-16 20:04:17,190 [OM StateMachine ApplyTransaction Thread - 0] INFO  key.OMKeyRequest (OMKeyRequest.java:wrapUncommittedBlocksAsPseudoKey(838)) - Detect allocated but uncommitted blocks [{blockID={containerID=3, localID=111677748019200055}, length=4194304, offset=0, token=null, pipeline=null, createVersion=0, partNumber=0}] in key testBatchDelete/parent/childFolder/child7.
20:04:17.222 [IPC Server handler 10 on default port 35091] ERROR OMAudit - user=runner | ip=127.0.0.1 | op=GET_FILE_STATUS {volume=volume04068, bucket=bucket31801, key=testBatchDelete, dataSize=0, replicationConfig=null} | ret=FAILURE
org.apache.hadoop.ozone.om.exceptions.OMException: Unable to get file status: volume: volume04068 bucket: bucket31801 key: testBatchDelete
	at org.apache.hadoop.ozone.om.KeyManagerImpl.getOzoneFileStatus(KeyManagerImpl.java:1196) ~[ozone-manager-1.4.0-SNAPSHOT.jar:?]
	at org.apache.hadoop.ozone.om.KeyManagerImpl.getFileStatus(KeyManagerImpl.java:1114) ~[ozone-manager-1.4.0-SNAPSHOT.jar:?]
	at org.apache.hadoop.ozone.om.OmMetadataReader.getFileStatus(OmMetadataReader.java:288) ~[ozone-manager-1.4.0-SNAPSHOT.jar:?]
	at org.apache.hadoop.ozone.om.OzoneManager.getFileStatus(OzoneManager.java:3494) ~[ozone-manager-1.4.0-SNAPSHOT.jar:?]
	at org.apache.hadoop.ozone.protocolPB.OzoneManagerRequestHandler.getOzoneFileStatus(OzoneManagerRequestHandler.java:933) ~[ozone-manager-1.4.0-SNAPSHOT.jar:?]
	at org.apache.hadoop.ozone.protocolPB.OzoneManagerRequestHandler.handleReadRequest(OzoneManagerRequestHandler.java:238) ~[ozone-manager-1.4.0-SNAPSHOT.jar:?]
	at org.apache.hadoop.ozone.protocolPB.OzoneManagerProtocolServerSideTranslatorPB.submitReadRequestToOM(OzoneManagerProtocolServerSideTranslatorPB.java:223) ~[ozone-manager-1.4.0-SNAPSHOT.jar:?]
	at org.apache.hadoop.ozone.protocolPB.OzoneManagerProtocolServerSideTranslatorPB.processRequest(OzoneManagerProtocolServerSideTranslatorPB.java:177) ~[ozone-manager-1.4.0-SNAPSHOT.jar:?]
	at org.apache.hadoop.hdds.server.OzoneProtocolMessageDispatcher.processRequest(OzoneProtocolMessageDispatcher.java:87) [hdds-server-framework-1.4.0-SNAPSHOT.jar:?]
	at org.apache.hadoop.ozone.protocolPB.OzoneManagerProtocolServerSideTranslatorPB.submitRequest(OzoneManagerProtocolServerSideTranslatorPB.java:147) [ozone-manager-1.4.0-SNAPSHOT.jar:?]
	at org.apache.hadoop.ozone.protocol.proto.OzoneManagerProtocolProtos$OzoneManagerService$2.callBlockingMethod(OzoneManagerProtocolProtos.java) [ozone-interface-client-1.4.0-SNAPSHOT.jar:?]
	at org.apache.hadoop.ipc.ProtobufRpcEngine$Server.processCall(ProtobufRpcEngine.java:465) [hadoop-common-3.3.4.jar:?]
	at org.apache.hadoop.ipc.ProtobufRpcEngine2$Server$ProtoBufRpcInvoker.call(ProtobufRpcEngine2.java:578) [hadoop-common-3.3.4.jar:?]
	at org.apache.hadoop.ipc.ProtobufRpcEngine2$Server$ProtoBufRpcInvoker.call(ProtobufRpcEngine2.java:556) [hadoop-common-3.3.4.jar:?]
	at org.apache.hadoop.ipc.RPC$Server.call(RPC.java:1093) [hadoop-common-3.3.4.jar:?]
	at org.apache.hadoop.ipc.Server$RpcCall.run(Server.java:1043) [hadoop-common-3.3.4.jar:?]
	at org.apache.hadoop.ipc.Server$RpcCall.run(Server.java:971) [hadoop-common-3.3.4.jar:?]
	at java.security.AccessController.doPrivileged(Native Method) ~[?:1.8.0_362]
	at javax.security.auth.Subject.doAs(Subject.java:422) [?:1.8.0_362]
	at org.apache.hadoop.security.UserGroupInformation.doAs(UserGroupInformation.java:1878) [hadoop-common-3.3.4.jar:?]
	at org.apache.hadoop.ipc.Server$Handler.run(Server.java:2976) [hadoop-common-3.3.4.jar:?]
20:04:17.225 [IPC Server handler 6 on default port 35091] ERROR OMAudit - user=runner | ip=127.0.0.1 | op=GET_FILE_STATUS {volume=volume04068, bucket=bucket31801, key=testBatchDelete/parent/child0, dataSize=0, replicationConfig=null} | ret=FAILURE
org.apache.hadoop.ozone.om.exceptions.OMException: Unable to get file status: volume: volume04068 bucket: bucket31801 key: testBatchDelete/parent/child0
	at org.apache.hadoop.ozone.om.KeyManagerImpl.getOzoneFileStatus(KeyManagerImpl.java:1196) ~[ozone-manager-1.4.0-SNAPSHOT.jar:?]
	at org.apache.hadoop.ozone.om.KeyManagerImpl.getFileStatus(KeyManagerImpl.java:1114) ~[ozone-manager-1.4.0-SNAPSHOT.jar:?]
	at org.apache.hadoop.ozone.om.OmMetadataReader.getFileStatus(OmMetadataReader.java:288) ~[ozone-manager-1.4.0-SNAPSHOT.jar:?]
	at org.apache.hadoop.ozone.om.OzoneManager.getFileStatus(OzoneManager.java:3494) ~[ozone-manager-1.4.0-SNAPSHOT.jar:?]
	at org.apache.hadoop.ozone.protocolPB.OzoneManagerRequestHandler.getOzoneFileStatus(OzoneManagerRequestHandler.java:933) ~[ozone-manager-1.4.0-SNAPSHOT.jar:?]
	at org.apache.hadoop.ozone.protocolPB.OzoneManagerRequestHandler.handleReadRequest(OzoneManagerRequestHandler.java:238) ~[ozone-manager-1.4.0-SNAPSHOT.jar:?]
	at org.apache.hadoop.ozone.protocolPB.OzoneManagerProtocolServerSideTranslatorPB.submitReadRequestToOM(OzoneManagerProtocolServerSideTranslatorPB.java:223) ~[ozone-manager-1.4.0-SNAPSHOT.jar:?]
	at org.apache.hadoop.ozone.protocolPB.OzoneManagerProtocolServerSideTranslatorPB.processRequest(OzoneManagerProtocolServerSideTranslatorPB.java:177) ~[ozone-manager-1.4.0-SNAPSHOT.jar:?]
	at org.apache.hadoop.hdds.server.OzoneProtocolMessageDispatcher.processRequest(OzoneProtocolMessageDispatcher.java:87) [hdds-server-framework-1.4.0-SNAPSHOT.jar:?]
	at org.apache.hadoop.ozone.protocolPB.OzoneManagerProtocolServerSideTranslatorPB.submitRequest(OzoneManagerProtocolServerSideTranslatorPB.java:147) [ozone-manager-1.4.0-SNAPSHOT.jar:?]
	at org.apache.hadoop.ozone.protocol.proto.OzoneManagerProtocolProtos$OzoneManagerService$2.callBlockingMethod(OzoneManagerProtocolProtos.java) [ozone-interface-client-1.4.0-SNAPSHOT.jar:?]
	at org.apache.hadoop.ipc.ProtobufRpcEngine$Server.processCall(ProtobufRpcEngine.java:465) [hadoop-common-3.3.4.jar:?]
	at org.apache.hadoop.ipc.ProtobufRpcEngine2$Server$ProtoBufRpcInvoker.call(ProtobufRpcEngine2.java:578) [hadoop-common-3.3.4.jar:?]
	at org.apache.hadoop.ipc.ProtobufRpcEngine2$Server$ProtoBufRpcInvoker.call(ProtobufRpcEngine2.java:556) [hadoop-common-3.3.4.jar:?]
	at org.apache.hadoop.ipc.RPC$Server.call(RPC.java:1093) [hadoop-common-3.3.4.jar:?]
	at org.apache.hadoop.ipc.Server$RpcCall.run(Server.java:1043) [hadoop-common-3.3.4.jar:?]
	at org.apache.hadoop.ipc.Server$RpcCall.run(Server.java:971) [hadoop-common-3.3.4.jar:?]
	at java.security.AccessController.doPrivileged(Native Method) ~[?:1.8.0_362]
	at javax.security.auth.Subject.doAs(Subject.java:422) [?:1.8.0_362]
	at org.apache.hadoop.security.UserGroupInformation.doAs(UserGroupInformation.java:1878) [hadoop-common-3.3.4.jar:?]
	at org.apache.hadoop.ipc.Server$Handler.run(Server.java:2976) [hadoop-common-3.3.4.jar:?]
20:04:17.227 [IPC Server handler 12 on default port 35091] ERROR OMAudit - user=runner | ip=127.0.0.1 | op=GET_FILE_STATUS {volume=volume04068, bucket=bucket31801, key=testBatchDelete/parent/childFolder/child0, dataSize=0, replicationConfig=null} | ret=FAILURE
org.apache.hadoop.ozone.om.exceptions.OMException: Unable to get file status: volume: volume04068 bucket: bucket31801 key: testBatchDelete/parent/childFolder/child0
	at org.apache.hadoop.ozone.om.KeyManagerImpl.getOzoneFileStatus(KeyManagerImpl.java:1196) ~[ozone-manager-1.4.0-SNAPSHOT.jar:?]
	at org.apache.hadoop.ozone.om.KeyManagerImpl.getFileStatus(KeyManagerImpl.java:1114) ~[ozone-manager-1.4.0-SNAPSHOT.jar:?]
	at org.apache.hadoop.ozone.om.OmMetadataReader.getFileStatus(OmMetadataReader.java:288) ~[ozone-manager-1.4.0-SNAPSHOT.jar:?]
	at org.apache.hadoop.ozone.om.OzoneManager.getFileStatus(OzoneManager.java:3494) ~[ozone-manager-1.4.0-SNAPSHOT.jar:?]
	at org.apache.hadoop.ozone.protocolPB.OzoneManagerRequestHandler.getOzoneFileStatus(OzoneManagerRequestHandler.java:933) ~[ozone-manager-1.4.0-SNAPSHOT.jar:?]
	at org.apache.hadoop.ozone.protocolPB.OzoneManagerRequestHandler.handleReadRequest(OzoneManagerRequestHandler.java:238) ~[ozone-manager-1.4.0-SNAPSHOT.jar:?]
	at org.apache.hadoop.ozone.protocolPB.OzoneManagerProtocolServerSideTranslatorPB.submitReadRequestToOM(OzoneManagerProtocolServerSideTranslatorPB.java:223) ~[ozone-manager-1.4.0-SNAPSHOT.jar:?]
	at org.apache.hadoop.ozone.protocolPB.OzoneManagerProtocolServerSideTranslatorPB.processRequest(OzoneManagerProtocolServerSideTranslatorPB.java:177) ~[ozone-manager-1.4.0-SNAPSHOT.jar:?]
	at org.apache.hadoop.hdds.server.OzoneProtocolMessageDispatcher.processRequest(OzoneProtocolMessageDispatcher.java:87) [hdds-server-framework-1.4.0-SNAPSHOT.jar:?]
	at org.apache.hadoop.ozone.protocolPB.OzoneManagerProtocolServerSideTranslatorPB.submitRequest(OzoneManagerProtocolServerSideTranslatorPB.java:147) [ozone-manager-1.4.0-SNAPSHOT.jar:?]
	at org.apache.hadoop.ozone.protocol.proto.OzoneManagerProtocolProtos$OzoneManagerService$2.callBlockingMethod(OzoneManagerProtocolProtos.java) [ozone-interface-client-1.4.0-SNAPSHOT.jar:?]
	at org.apache.hadoop.ipc.ProtobufRpcEngine$Server.processCall(ProtobufRpcEngine.java:465) [hadoop-common-3.3.4.jar:?]
	at org.apache.hadoop.ipc.ProtobufRpcEngine2$Server$ProtoBufRpcInvoker.call(ProtobufRpcEngine2.java:578) [hadoop-common-3.3.4.jar:?]
	at org.apache.hadoop.ipc.ProtobufRpcEngine2$Server$ProtoBufRpcInvoker.call(ProtobufRpcEngine2.java:556) [hadoop-common-3.3.4.jar:?]
	at org.apache.hadoop.ipc.RPC$Server.call(RPC.java:1093) [hadoop-common-3.3.4.jar:?]
	at org.apache.hadoop.ipc.Server$RpcCall.run(Server.java:1043) [hadoop-common-3.3.4.jar:?]
	at org.apache.hadoop.ipc.Server$RpcCall.run(Server.java:971) [hadoop-common-3.3.4.jar:?]
	at java.security.AccessController.doPrivileged(Native Method) ~[?:1.8.0_362]
	at javax.security.auth.Subject.doAs(Subject.java:422) [?:1.8.0_362]
	at org.apache.hadoop.security.UserGroupInformation.doAs(UserGroupInformation.java:1878) [hadoop-common-3.3.4.jar:?]
	at org.apache.hadoop.ipc.Server$Handler.run(Server.java:2976) [hadoop-common-3.3.4.jar:?]
20:04:17.229 [IPC Server handler 5 on default port 35091] ERROR OMAudit - user=runner | ip=127.0.0.1 | op=GET_FILE_STATUS {volume=volume04068, bucket=bucket31801, key=testBatchDelete/parent/child1, dataSize=0, replicationConfig=null} | ret=FAILURE
org.apache.hadoop.ozone.om.exceptions.OMException: Unable to get file status: volume: volume04068 bucket: bucket31801 key: testBatchDelete/parent/child1
	at org.apache.hadoop.ozone.om.KeyManagerImpl.getOzoneFileStatus(KeyManagerImpl.java:1196) ~[ozone-manager-1.4.0-SNAPSHOT.jar:?]
	at org.apache.hadoop.ozone.om.KeyManagerImpl.getFileStatus(KeyManagerImpl.java:1114) ~[ozone-manager-1.4.0-SNAPSHOT.jar:?]
	at org.apache.hadoop.ozone.om.OmMetadataReader.getFileStatus(OmMetadataReader.java:288) ~[ozone-manager-1.4.0-SNAPSHOT.jar:?]
	at org.apache.hadoop.ozone.om.OzoneManager.getFileStatus(OzoneManager.java:3494) ~[ozone-manager-1.4.0-SNAPSHOT.jar:?]
	at org.apache.hadoop.ozone.protocolPB.OzoneManagerRequestHandler.getOzoneFileStatus(OzoneManagerRequestHandler.java:933) ~[ozone-manager-1.4.0-SNAPSHOT.jar:?]
	at org.apache.hadoop.ozone.protocolPB.OzoneManagerRequestHandler.handleReadRequest(OzoneManagerRequestHandler.java:238) ~[ozone-manager-1.4.0-SNAPSHOT.jar:?]
	at org.apache.hadoop.ozone.protocolPB.OzoneManagerProtocolServerSideTranslatorPB.submitReadRequestToOM(OzoneManagerProtocolServerSideTranslatorPB.java:223) ~[ozone-manager-1.4.0-SNAPSHOT.jar:?]
	at org.apache.hadoop.ozone.protocolPB.OzoneManagerProtocolServerSideTranslatorPB.processRequest(OzoneManagerProtocolServerSideTranslatorPB.java:177) ~[ozone-manager-1.4.0-SNAPSHOT.jar:?]
	at org.apache.hadoop.hdds.server.OzoneProtocolMessageDispatcher.processRequest(OzoneProtocolMessageDispatcher.java:87) [hdds-server-framework-1.4.0-SNAPSHOT.jar:?]
	at org.apache.hadoop.ozone.protocolPB.OzoneManagerProtocolServerSideTranslatorPB.submitRequest(OzoneManagerProtocolServerSideTranslatorPB.java:147) [ozone-manager-1.4.0-SNAPSHOT.jar:?]
	at org.apache.hadoop.ozone.protocol.proto.OzoneManagerProtocolProtos$OzoneManagerService$2.callBlockingMethod(OzoneManagerProtocolProtos.java) [ozone-interface-client-1.4.0-SNAPSHOT.jar:?]
	at org.apache.hadoop.ipc.ProtobufRpcEngine$Server.processCall(ProtobufRpcEngine.java:465) [hadoop-common-3.3.4.jar:?]
	at org.apache.hadoop.ipc.ProtobufRpcEngine2$Server$ProtoBufRpcInvoker.call(ProtobufRpcEngine2.java:578) [hadoop-common-3.3.4.jar:?]
	at org.apache.hadoop.ipc.ProtobufRpcEngine2$Server$ProtoBufRpcInvoker.call(ProtobufRpcEngine2.java:556) [hadoop-common-3.3.4.jar:?]
	at org.apache.hadoop.ipc.RPC$Server.call(RPC.java:1093) [hadoop-common-3.3.4.jar:?]
	at org.apache.hadoop.ipc.Server$RpcCall.run(Server.java:1043) [hadoop-common-3.3.4.jar:?]
	at org.apache.hadoop.ipc.Server$RpcCall.run(Server.java:971) [hadoop-common-3.3.4.jar:?]
	at java.security.AccessController.doPrivileged(Native Method) ~[?:1.8.0_362]
	at javax.security.auth.Subject.doAs(Subject.java:422) [?:1.8.0_362]
	at org.apache.hadoop.security.UserGroupInformation.doAs(UserGroupInformation.java:1878) [hadoop-common-3.3.4.jar:?]
	at org.apache.hadoop.ipc.Server$Handler.run(Server.java:2976) [hadoop-common-3.3.4.jar:?]
20:04:17.231 [IPC Server handler 14 on default port 35091] ERROR OMAudit - user=runner | ip=127.0.0.1 | op=GET_FILE_STATUS {volume=volume04068, bucket=bucket31801, key=testBatchDelete/parent/childFolder/child1, dataSize=0, replicationConfig=null} | ret=FAILURE
org.apache.hadoop.ozone.om.exceptions.OMException: Unable to get file status: volume: volume04068 bucket: bucket31801 key: testBatchDelete/parent/childFolder/child1
	at org.apache.hadoop.ozone.om.KeyManagerImpl.getOzoneFileStatus(KeyManagerImpl.java:1196) ~[ozone-manager-1.4.0-SNAPSHOT.jar:?]
	at org.apache.hadoop.ozone.om.KeyManagerImpl.getFileStatus(KeyManagerImpl.java:1114) ~[ozone-manager-1.4.0-SNAPSHOT.jar:?]
	at org.apache.hadoop.ozone.om.OmMetadataReader.getFileStatus(OmMetadataReader.java:288) ~[ozone-manager-1.4.0-SNAPSHOT.jar:?]
	at org.apache.hadoop.ozone.om.OzoneManager.getFileStatus(OzoneManager.java:3494) ~[ozone-manager-1.4.0-SNAPSHOT.jar:?]
	at org.apache.hadoop.ozone.protocolPB.OzoneManagerRequestHandler.getOzoneFileStatus(OzoneManagerRequestHandler.java:933) ~[ozone-manager-1.4.0-SNAPSHOT.jar:?]
	at org.apache.hadoop.ozone.protocolPB.OzoneManagerRequestHandler.handleReadRequest(OzoneManagerRequestHandler.java:238) ~[ozone-manager-1.4.0-SNAPSHOT.jar:?]
	at org.apache.hadoop.ozone.protocolPB.OzoneManagerProtocolServerSideTranslatorPB.submitReadRequestToOM(OzoneManagerProtocolServerSideTranslatorPB.java:223) ~[ozone-manager-1.4.0-SNAPSHOT.jar:?]
	at org.apache.hadoop.ozone.protocolPB.OzoneManagerProtocolServerSideTranslatorPB.processRequest(OzoneManagerProtocolServerSideTranslatorPB.java:177) ~[ozone-manager-1.4.0-SNAPSHOT.jar:?]
	at org.apache.hadoop.hdds.server.OzoneProtocolMessageDispatcher.processRequest(OzoneProtocolMessageDispatcher.java:87) [hdds-server-framework-1.4.0-SNAPSHOT.jar:?]
	at org.apache.hadoop.ozone.protocolPB.OzoneManagerProtocolServerSideTranslatorPB.submitRequest(OzoneManagerProtocolServerSideTranslatorPB.java:147) [ozone-manager-1.4.0-SNAPSHOT.jar:?]
	at org.apache.hadoop.ozone.protocol.proto.OzoneManagerProtocolProtos$OzoneManagerService$2.callBlockingMethod(OzoneManagerProtocolProtos.java) [ozone-interface-client-1.4.0-SNAPSHOT.jar:?]
	at org.apache.hadoop.ipc.ProtobufRpcEngine$Server.processCall(ProtobufRpcEngine.java:465) [hadoop-common-3.3.4.jar:?]
	at org.apache.hadoop.ipc.ProtobufRpcEngine2$Server$ProtoBufRpcInvoker.call(ProtobufRpcEngine2.java:578) [hadoop-common-3.3.4.jar:?]
	at org.apache.hadoop.ipc.ProtobufRpcEngine2$Server$ProtoBufRpcInvoker.call(ProtobufRpcEngine2.java:556) [hadoop-common-3.3.4.jar:?]
	at org.apache.hadoop.ipc.RPC$Server.call(RPC.java:1093) [hadoop-common-3.3.4.jar:?]
	at org.apache.hadoop.ipc.Server$RpcCall.run(Server.java:1043) [hadoop-common-3.3.4.jar:?]
	at org.apache.hadoop.ipc.Server$RpcCall.run(Server.java:971) [hadoop-common-3.3.4.jar:?]
	at java.security.AccessController.doPrivileged(Native Method) ~[?:1.8.0_362]
	at javax.security.auth.Subject.doAs(Subject.java:422) [?:1.8.0_362]
	at org.apache.hadoop.security.UserGroupInformation.doAs(UserGroupInformation.java:1878) [hadoop-common-3.3.4.jar:?]
	at org.apache.hadoop.ipc.Server$Handler.run(Server.java:2976) [hadoop-common-3.3.4.jar:?]
20:04:17.233 [IPC Server handler 3 on default port 35091] ERROR OMAudit - user=runner | ip=127.0.0.1 | op=GET_FILE_STATUS {volume=volume04068, bucket=bucket31801, key=testBatchDelete/parent/child2, dataSize=0, replicationConfig=null} | ret=FAILURE
org.apache.hadoop.ozone.om.exceptions.OMException: Unable to get file status: volume: volume04068 bucket: bucket31801 key: testBatchDelete/parent/child2
	at org.apache.hadoop.ozone.om.KeyManagerImpl.getOzoneFileStatus(KeyManagerImpl.java:1196) ~[ozone-manager-1.4.0-SNAPSHOT.jar:?]
	at org.apache.hadoop.ozone.om.KeyManagerImpl.getFileStatus(KeyManagerImpl.java:1114) ~[ozone-manager-1.4.0-SNAPSHOT.jar:?]
	at org.apache.hadoop.ozone.om.OmMetadataReader.getFileStatus(OmMetadataReader.java:288) ~[ozone-manager-1.4.0-SNAPSHOT.jar:?]
	at org.apache.hadoop.ozone.om.OzoneManager.getFileStatus(OzoneManager.java:3494) ~[ozone-manager-1.4.0-SNAPSHOT.jar:?]
	at org.apache.hadoop.ozone.protocolPB.OzoneManagerRequestHandler.getOzoneFileStatus(OzoneManagerRequestHandler.java:933) ~[ozone-manager-1.4.0-SNAPSHOT.jar:?]
	at org.apache.hadoop.ozone.protocolPB.OzoneManagerRequestHandler.handleReadRequest(OzoneManagerRequestHandler.java:238) ~[ozone-manager-1.4.0-SNAPSHOT.jar:?]
	at org.apache.hadoop.ozone.protocolPB.OzoneManagerProtocolServerSideTranslatorPB.submitReadRequestToOM(OzoneManagerProtocolServerSideTranslatorPB.java:223) ~[ozone-manager-1.4.0-SNAPSHOT.jar:?]
	at org.apache.hadoop.ozone.protocolPB.OzoneManagerProtocolServerSideTranslatorPB.processRequest(OzoneManagerProtocolServerSideTranslatorPB.java:177) ~[ozone-manager-1.4.0-SNAPSHOT.jar:?]
	at org.apache.hadoop.hdds.server.OzoneProtocolMessageDispatcher.processRequest(OzoneProtocolMessageDispatcher.java:87) [hdds-server-framework-1.4.0-SNAPSHOT.jar:?]
	at org.apache.hadoop.ozone.protocolPB.OzoneManagerProtocolServerSideTranslatorPB.submitRequest(OzoneManagerProtocolServerSideTranslatorPB.java:147) [ozone-manager-1.4.0-SNAPSHOT.jar:?]
	at org.apache.hadoop.ozone.protocol.proto.OzoneManagerProtocolProtos$OzoneManagerService$2.callBlockingMethod(OzoneManagerProtocolProtos.java) [ozone-interface-client-1.4.0-SNAPSHOT.jar:?]
	at org.apache.hadoop.ipc.ProtobufRpcEngine$Server.processCall(ProtobufRpcEngine.java:465) [hadoop-common-3.3.4.jar:?]
	at org.apache.hadoop.ipc.ProtobufRpcEngine2$Server$ProtoBufRpcInvoker.call(ProtobufRpcEngine2.java:578) [hadoop-common-3.3.4.jar:?]
	at org.apache.hadoop.ipc.ProtobufRpcEngine2$Server$ProtoBufRpcInvoker.call(ProtobufRpcEngine2.java:556) [hadoop-common-3.3.4.jar:?]
	at org.apache.hadoop.ipc.RPC$Server.call(RPC.java:1093) [hadoop-common-3.3.4.jar:?]
	at org.apache.hadoop.ipc.Server$RpcCall.run(Server.java:1043) [hadoop-common-3.3.4.jar:?]
	at org.apache.hadoop.ipc.Server$RpcCall.run(Server.java:971) [hadoop-common-3.3.4.jar:?]
	at java.security.AccessController.doPrivileged(Native Method) ~[?:1.8.0_362]
	at javax.security.auth.Subject.doAs(Subject.java:422) [?:1.8.0_362]
	at org.apache.hadoop.security.UserGroupInformation.doAs(UserGroupInformation.java:1878) [hadoop-common-3.3.4.jar:?]
	at org.apache.hadoop.ipc.Server$Handler.run(Server.java:2976) [hadoop-common-3.3.4.jar:?]
20:04:17.234 [IPC Server handler 13 on default port 35091] ERROR OMAudit - user=runner | ip=127.0.0.1 | op=GET_FILE_STATUS {volume=volume04068, bucket=bucket31801, key=testBatchDelete/parent/childFolder/child2, dataSize=0, replicationConfig=null} | ret=FAILURE
org.apache.hadoop.ozone.om.exceptions.OMException: Unable to get file status: volume: volume04068 bucket: bucket31801 key: testBatchDelete/parent/childFolder/child2
	at org.apache.hadoop.ozone.om.KeyManagerImpl.getOzoneFileStatus(KeyManagerImpl.java:1196) ~[ozone-manager-1.4.0-SNAPSHOT.jar:?]
	at org.apache.hadoop.ozone.om.KeyManagerImpl.getFileStatus(KeyManagerImpl.java:1114) ~[ozone-manager-1.4.0-SNAPSHOT.jar:?]
	at org.apache.hadoop.ozone.om.OmMetadataReader.getFileStatus(OmMetadataReader.java:288) ~[ozone-manager-1.4.0-SNAPSHOT.jar:?]
	at org.apache.hadoop.ozone.om.OzoneManager.getFileStatus(OzoneManager.java:3494) ~[ozone-manager-1.4.0-SNAPSHOT.jar:?]
	at org.apache.hadoop.ozone.protocolPB.OzoneManagerRequestHandler.getOzoneFileStatus(OzoneManagerRequestHandler.java:933) ~[ozone-manager-1.4.0-SNAPSHOT.jar:?]
	at org.apache.hadoop.ozone.protocolPB.OzoneManagerRequestHandler.handleReadRequest(OzoneManagerRequestHandler.java:238) ~[ozone-manager-1.4.0-SNAPSHOT.jar:?]
	at org.apache.hadoop.ozone.protocolPB.OzoneManagerProtocolServerSideTranslatorPB.submitReadRequestToOM(OzoneManagerProtocolServerSideTranslatorPB.java:223) ~[ozone-manager-1.4.0-SNAPSHOT.jar:?]
	at org.apache.hadoop.ozone.protocolPB.OzoneManagerProtocolServerSideTranslatorPB.processRequest(OzoneManagerProtocolServerSideTranslatorPB.java:177) ~[ozone-manager-1.4.0-SNAPSHOT.jar:?]
	at org.apache.hadoop.hdds.server.OzoneProtocolMessageDispatcher.processRequest(OzoneProtocolMessageDispatcher.java:87) [hdds-server-framework-1.4.0-SNAPSHOT.jar:?]
	at org.apache.hadoop.ozone.protocolPB.OzoneManagerProtocolServerSideTranslatorPB.submitRequest(OzoneManagerProtocolServerSideTranslatorPB.java:147) [ozone-manager-1.4.0-SNAPSHOT.jar:?]
	at org.apache.hadoop.ozone.protocol.proto.OzoneManagerProtocolProtos$OzoneManagerService$2.callBlockingMethod(OzoneManagerProtocolProtos.java) [ozone-interface-client-1.4.0-SNAPSHOT.jar:?]
	at org.apache.hadoop.ipc.ProtobufRpcEngine$Server.processCall(ProtobufRpcEngine.java:465) [hadoop-common-3.3.4.jar:?]
	at org.apache.hadoop.ipc.ProtobufRpcEngine2$Server$ProtoBufRpcInvoker.call(ProtobufRpcEngine2.java:578) [hadoop-common-3.3.4.jar:?]
	at org.apache.hadoop.ipc.ProtobufRpcEngine2$Server$ProtoBufRpcInvoker.call(ProtobufRpcEngine2.java:556) [hadoop-common-3.3.4.jar:?]
	at org.apache.hadoop.ipc.RPC$Server.call(RPC.java:1093) [hadoop-common-3.3.4.jar:?]
	at org.apache.hadoop.ipc.Server$RpcCall.run(Server.java:1043) [hadoop-common-3.3.4.jar:?]
	at org.apache.hadoop.ipc.Server$RpcCall.run(Server.java:971) [hadoop-common-3.3.4.jar:?]
	at java.security.AccessController.doPrivileged(Native Method) ~[?:1.8.0_362]
	at javax.security.auth.Subject.doAs(Subject.java:422) [?:1.8.0_362]
	at org.apache.hadoop.security.UserGroupInformation.doAs(UserGroupInformation.java:1878) [hadoop-common-3.3.4.jar:?]
	at org.apache.hadoop.ipc.Server$Handler.run(Server.java:2976) [hadoop-common-3.3.4.jar:?]
20:04:17.236 [IPC Server handler 9 on default port 35091] ERROR OMAudit - user=runner | ip=127.0.0.1 | op=GET_FILE_STATUS {volume=volume04068, bucket=bucket31801, key=testBatchDelete/parent/child3, dataSize=0, replicationConfig=null} | ret=FAILURE
org.apache.hadoop.ozone.om.exceptions.OMException: Unable to get file status: volume: volume04068 bucket: bucket31801 key: testBatchDelete/parent/child3
	at org.apache.hadoop.ozone.om.KeyManagerImpl.getOzoneFileStatus(KeyManagerImpl.java:1196) ~[ozone-manager-1.4.0-SNAPSHOT.jar:?]
	at org.apache.hadoop.ozone.om.KeyManagerImpl.getFileStatus(KeyManagerImpl.java:1114) ~[ozone-manager-1.4.0-SNAPSHOT.jar:?]
	at org.apache.hadoop.ozone.om.OmMetadataReader.getFileStatus(OmMetadataReader.java:288) ~[ozone-manager-1.4.0-SNAPSHOT.jar:?]
	at org.apache.hadoop.ozone.om.OzoneManager.getFileStatus(OzoneManager.java:3494) ~[ozone-manager-1.4.0-SNAPSHOT.jar:?]
	at org.apache.hadoop.ozone.protocolPB.OzoneManagerRequestHandler.getOzoneFileStatus(OzoneManagerRequestHandler.java:933) ~[ozone-manager-1.4.0-SNAPSHOT.jar:?]
	at org.apache.hadoop.ozone.protocolPB.OzoneManagerRequestHandler.handleReadRequest(OzoneManagerRequestHandler.java:238) ~[ozone-manager-1.4.0-SNAPSHOT.jar:?]
	at org.apache.hadoop.ozone.protocolPB.OzoneManagerProtocolServerSideTranslatorPB.submitReadRequestToOM(OzoneManagerProtocolServerSideTranslatorPB.java:223) ~[ozone-manager-1.4.0-SNAPSHOT.jar:?]
	at org.apache.hadoop.ozone.protocolPB.OzoneManagerProtocolServerSideTranslatorPB.processRequest(OzoneManagerProtocolServerSideTranslatorPB.java:177) ~[ozone-manager-1.4.0-SNAPSHOT.jar:?]
	at org.apache.hadoop.hdds.server.OzoneProtocolMessageDispatcher.processRequest(OzoneProtocolMessageDispatcher.java:87) [hdds-server-framework-1.4.0-SNAPSHOT.jar:?]
	at org.apache.hadoop.ozone.protocolPB.OzoneManagerProtocolServerSideTranslatorPB.submitRequest(OzoneManagerProtocolServerSideTranslatorPB.java:147) [ozone-manager-1.4.0-SNAPSHOT.jar:?]
	at org.apache.hadoop.ozone.protocol.proto.OzoneManagerProtocolProtos$OzoneManagerService$2.callBlockingMethod(OzoneManagerProtocolProtos.java) [ozone-interface-client-1.4.0-SNAPSHOT.jar:?]
	at org.apache.hadoop.ipc.ProtobufRpcEngine$Server.processCall(ProtobufRpcEngine.java:465) [hadoop-common-3.3.4.jar:?]
	at org.apache.hadoop.ipc.ProtobufRpcEngine2$Server$ProtoBufRpcInvoker.call(ProtobufRpcEngine2.java:578) [hadoop-common-3.3.4.jar:?]
	at org.apache.hadoop.ipc.ProtobufRpcEngine2$Server$ProtoBufRpcInvoker.call(ProtobufRpcEngine2.java:556) [hadoop-common-3.3.4.jar:?]
	at org.apache.hadoop.ipc.RPC$Server.call(RPC.java:1093) [hadoop-common-3.3.4.jar:?]
	at org.apache.hadoop.ipc.Server$RpcCall.run(Server.java:1043) [hadoop-common-3.3.4.jar:?]
	at org.apache.hadoop.ipc.Server$RpcCall.run(Server.java:971) [hadoop-common-3.3.4.jar:?]
	at java.security.AccessController.doPrivileged(Native Method) ~[?:1.8.0_362]
	at javax.security.auth.Subject.doAs(Subject.java:422) [?:1.8.0_362]
	at org.apache.hadoop.security.UserGroupInformation.doAs(UserGroupInformation.java:1878) [hadoop-common-3.3.4.jar:?]
	at org.apache.hadoop.ipc.Server$Handler.run(Server.java:2976) [hadoop-common-3.3.4.jar:?]
20:04:17.237 [IPC Server handler 8 on default port 35091] ERROR OMAudit - user=runner | ip=127.0.0.1 | op=GET_FILE_STATUS {volume=volume04068, bucket=bucket31801, key=testBatchDelete/parent/childFolder/child3, dataSize=0, replicationConfig=null} | ret=FAILURE
org.apache.hadoop.ozone.om.exceptions.OMException: Unable to get file status: volume: volume04068 bucket: bucket31801 key: testBatchDelete/parent/childFolder/child3
	at org.apache.hadoop.ozone.om.KeyManagerImpl.getOzoneFileStatus(KeyManagerImpl.java:1196) ~[ozone-manager-1.4.0-SNAPSHOT.jar:?]
	at org.apache.hadoop.ozone.om.KeyManagerImpl.getFileStatus(KeyManagerImpl.java:1114) ~[ozone-manager-1.4.0-SNAPSHOT.jar:?]
	at org.apache.hadoop.ozone.om.OmMetadataReader.getFileStatus(OmMetadataReader.java:288) ~[ozone-manager-1.4.0-SNAPSHOT.jar:?]
	at org.apache.hadoop.ozone.om.OzoneManager.getFileStatus(OzoneManager.java:3494) ~[ozone-manager-1.4.0-SNAPSHOT.jar:?]
	at org.apache.hadoop.ozone.protocolPB.OzoneManagerRequestHandler.getOzoneFileStatus(OzoneManagerRequestHandler.java:933) ~[ozone-manager-1.4.0-SNAPSHOT.jar:?]
	at org.apache.hadoop.ozone.protocolPB.OzoneManagerRequestHandler.handleReadRequest(OzoneManagerRequestHandler.java:238) ~[ozone-manager-1.4.0-SNAPSHOT.jar:?]
	at org.apache.hadoop.ozone.protocolPB.OzoneManagerProtocolServerSideTranslatorPB.submitReadRequestToOM(OzoneManagerProtocolServerSideTranslatorPB.java:223) ~[ozone-manager-1.4.0-SNAPSHOT.jar:?]
	at org.apache.hadoop.ozone.protocolPB.OzoneManagerProtocolServerSideTranslatorPB.processRequest(OzoneManagerProtocolServerSideTranslatorPB.java:177) ~[ozone-manager-1.4.0-SNAPSHOT.jar:?]
	at org.apache.hadoop.hdds.server.OzoneProtocolMessageDispatcher.processRequest(OzoneProtocolMessageDispatcher.java:87) [hdds-server-framework-1.4.0-SNAPSHOT.jar:?]
	at org.apache.hadoop.ozone.protocolPB.OzoneManagerProtocolServerSideTranslatorPB.submitRequest(OzoneManagerProtocolServerSideTranslatorPB.java:147) [ozone-manager-1.4.0-SNAPSHOT.jar:?]
	at org.apache.hadoop.ozone.protocol.proto.OzoneManagerProtocolProtos$OzoneManagerService$2.callBlockingMethod(OzoneManagerProtocolProtos.java) [ozone-interface-client-1.4.0-SNAPSHOT.jar:?]
	at org.apache.hadoop.ipc.ProtobufRpcEngine$Server.processCall(ProtobufRpcEngine.java:465) [hadoop-common-3.3.4.jar:?]
	at org.apache.hadoop.ipc.ProtobufRpcEngine2$Server$ProtoBufRpcInvoker.call(ProtobufRpcEngine2.java:578) [hadoop-common-3.3.4.jar:?]
	at org.apache.hadoop.ipc.ProtobufRpcEngine2$Server$ProtoBufRpcInvoker.call(ProtobufRpcEngine2.java:556) [hadoop-common-3.3.4.jar:?]
	at org.apache.hadoop.ipc.RPC$Server.call(RPC.java:1093) [hadoop-common-3.3.4.jar:?]
	at org.apache.hadoop.ipc.Server$RpcCall.run(Server.java:1043) [hadoop-common-3.3.4.jar:?]
	at org.apache.hadoop.ipc.Server$RpcCall.run(Server.java:971) [hadoop-common-3.3.4.jar:?]
	at java.security.AccessController.doPrivileged(Native Method) ~[?:1.8.0_362]
	at javax.security.auth.Subject.doAs(Subject.java:422) [?:1.8.0_362]
	at org.apache.hadoop.security.UserGroupInformation.doAs(UserGroupInformation.java:1878) [hadoop-common-3.3.4.jar:?]
	at org.apache.hadoop.ipc.Server$Handler.run(Server.java:2976) [hadoop-common-3.3.4.jar:?]
20:04:17.239 [IPC Server handler 17 on default port 35091] ERROR OMAudit - user=runner | ip=127.0.0.1 | op=GET_FILE_STATUS {volume=volume04068, bucket=bucket31801, key=testBatchDelete/parent/child4, dataSize=0, replicationConfig=null} | ret=FAILURE
org.apache.hadoop.ozone.om.exceptions.OMException: Unable to get file status: volume: volume04068 bucket: bucket31801 key: testBatchDelete/parent/child4
	at org.apache.hadoop.ozone.om.KeyManagerImpl.getOzoneFileStatus(KeyManagerImpl.java:1196) ~[ozone-manager-1.4.0-SNAPSHOT.jar:?]
	at org.apache.hadoop.ozone.om.KeyManagerImpl.getFileStatus(KeyManagerImpl.java:1114) ~[ozone-manager-1.4.0-SNAPSHOT.jar:?]
	at org.apache.hadoop.ozone.om.OmMetadataReader.getFileStatus(OmMetadataReader.java:288) ~[ozone-manager-1.4.0-SNAPSHOT.jar:?]
	at org.apache.hadoop.ozone.om.OzoneManager.getFileStatus(OzoneManager.java:3494) ~[ozone-manager-1.4.0-SNAPSHOT.jar:?]
	at org.apache.hadoop.ozone.protocolPB.OzoneManagerRequestHandler.getOzoneFileStatus(OzoneManagerRequestHandler.java:933) ~[ozone-manager-1.4.0-SNAPSHOT.jar:?]
	at org.apache.hadoop.ozone.protocolPB.OzoneManagerRequestHandler.handleReadRequest(OzoneManagerRequestHandler.java:238) ~[ozone-manager-1.4.0-SNAPSHOT.jar:?]
	at org.apache.hadoop.ozone.protocolPB.OzoneManagerProtocolServerSideTranslatorPB.submitReadRequestToOM(OzoneManagerProtocolServerSideTranslatorPB.java:223) ~[ozone-manager-1.4.0-SNAPSHOT.jar:?]
	at org.apache.hadoop.ozone.protocolPB.OzoneManagerProtocolServerSideTranslatorPB.processRequest(OzoneManagerProtocolServerSideTranslatorPB.java:177) ~[ozone-manager-1.4.0-SNAPSHOT.jar:?]
	at org.apache.hadoop.hdds.server.OzoneProtocolMessageDispatcher.processRequest(OzoneProtocolMessageDispatcher.java:87) [hdds-server-framework-1.4.0-SNAPSHOT.jar:?]
	at org.apache.hadoop.ozone.protocolPB.OzoneManagerProtocolServerSideTranslatorPB.submitRequest(OzoneManagerProtocolServerSideTranslatorPB.java:147) [ozone-manager-1.4.0-SNAPSHOT.jar:?]
	at org.apache.hadoop.ozone.protocol.proto.OzoneManagerProtocolProtos$OzoneManagerService$2.callBlockingMethod(OzoneManagerProtocolProtos.java) [ozone-interface-client-1.4.0-SNAPSHOT.jar:?]
	at org.apache.hadoop.ipc.ProtobufRpcEngine$Server.processCall(ProtobufRpcEngine.java:465) [hadoop-common-3.3.4.jar:?]
	at org.apache.hadoop.ipc.ProtobufRpcEngine2$Server$ProtoBufRpcInvoker.call(ProtobufRpcEngine2.java:578) [hadoop-common-3.3.4.jar:?]
	at org.apache.hadoop.ipc.ProtobufRpcEngine2$Server$ProtoBufRpcInvoker.call(ProtobufRpcEngine2.java:556) [hadoop-common-3.3.4.jar:?]
	at org.apache.hadoop.ipc.RPC$Server.call(RPC.java:1093) [hadoop-common-3.3.4.jar:?]
	at org.apache.hadoop.ipc.Server$RpcCall.run(Server.java:1043) [hadoop-common-3.3.4.jar:?]
	at org.apache.hadoop.ipc.Server$RpcCall.run(Server.java:971) [hadoop-common-3.3.4.jar:?]
	at java.security.AccessController.doPrivileged(Native Method) ~[?:1.8.0_362]
	at javax.security.auth.Subject.doAs(Subject.java:422) [?:1.8.0_362]
	at org.apache.hadoop.security.UserGroupInformation.doAs(UserGroupInformation.java:1878) [hadoop-common-3.3.4.jar:?]
	at org.apache.hadoop.ipc.Server$Handler.run(Server.java:2976) [hadoop-common-3.3.4.jar:?]
20:04:17.241 [IPC Server handler 7 on default port 35091] ERROR OMAudit - user=runner | ip=127.0.0.1 | op=GET_FILE_STATUS {volume=volume04068, bucket=bucket31801, key=testBatchDelete/parent/childFolder/child4, dataSize=0, replicationConfig=null} | ret=FAILURE
org.apache.hadoop.ozone.om.exceptions.OMException: Unable to get file status: volume: volume04068 bucket: bucket31801 key: testBatchDelete/parent/childFolder/child4
	at org.apache.hadoop.ozone.om.KeyManagerImpl.getOzoneFileStatus(KeyManagerImpl.java:1196) ~[ozone-manager-1.4.0-SNAPSHOT.jar:?]
	at org.apache.hadoop.ozone.om.KeyManagerImpl.getFileStatus(KeyManagerImpl.java:1114) ~[ozone-manager-1.4.0-SNAPSHOT.jar:?]
	at org.apache.hadoop.ozone.om.OmMetadataReader.getFileStatus(OmMetadataReader.java:288) ~[ozone-manager-1.4.0-SNAPSHOT.jar:?]
	at org.apache.hadoop.ozone.om.OzoneManager.getFileStatus(OzoneManager.java:3494) ~[ozone-manager-1.4.0-SNAPSHOT.jar:?]
	at org.apache.hadoop.ozone.protocolPB.OzoneManagerRequestHandler.getOzoneFileStatus(OzoneManagerRequestHandler.java:933) ~[ozone-manager-1.4.0-SNAPSHOT.jar:?]
	at org.apache.hadoop.ozone.protocolPB.OzoneManagerRequestHandler.handleReadRequest(OzoneManagerRequestHandler.java:238) ~[ozone-manager-1.4.0-SNAPSHOT.jar:?]
	at org.apache.hadoop.ozone.protocolPB.OzoneManagerProtocolServerSideTranslatorPB.submitReadRequestToOM(OzoneManagerProtocolServerSideTranslatorPB.java:223) ~[ozone-manager-1.4.0-SNAPSHOT.jar:?]
	at org.apache.hadoop.ozone.protocolPB.OzoneManagerProtocolServerSideTranslatorPB.processRequest(OzoneManagerProtocolServerSideTranslatorPB.java:177) ~[ozone-manager-1.4.0-SNAPSHOT.jar:?]
	at org.apache.hadoop.hdds.server.OzoneProtocolMessageDispatcher.processRequest(OzoneProtocolMessageDispatcher.java:87) [hdds-server-framework-1.4.0-SNAPSHOT.jar:?]
	at org.apache.hadoop.ozone.protocolPB.OzoneManagerProtocolServerSideTranslatorPB.submitRequest(OzoneManagerProtocolServerSideTranslatorPB.java:147) [ozone-manager-1.4.0-SNAPSHOT.jar:?]
	at org.apache.hadoop.ozone.protocol.proto.OzoneManagerProtocolProtos$OzoneManagerService$2.callBlockingMethod(OzoneManagerProtocolProtos.java) [ozone-interface-client-1.4.0-SNAPSHOT.jar:?]
	at org.apache.hadoop.ipc.ProtobufRpcEngine$Server.processCall(ProtobufRpcEngine.java:465) [hadoop-common-3.3.4.jar:?]
	at org.apache.hadoop.ipc.ProtobufRpcEngine2$Server$ProtoBufRpcInvoker.call(ProtobufRpcEngine2.java:578) [hadoop-common-3.3.4.jar:?]
	at org.apache.hadoop.ipc.ProtobufRpcEngine2$Server$ProtoBufRpcInvoker.call(ProtobufRpcEngine2.java:556) [hadoop-common-3.3.4.jar:?]
	at org.apache.hadoop.ipc.RPC$Server.call(RPC.java:1093) [hadoop-common-3.3.4.jar:?]
	at org.apache.hadoop.ipc.Server$RpcCall.run(Server.java:1043) [hadoop-common-3.3.4.jar:?]
	at org.apache.hadoop.ipc.Server$RpcCall.run(Server.java:971) [hadoop-common-3.3.4.jar:?]
	at java.security.AccessController.doPrivileged(Native Method) ~[?:1.8.0_362]
	at javax.security.auth.Subject.doAs(Subject.java:422) [?:1.8.0_362]
	at org.apache.hadoop.security.UserGroupInformation.doAs(UserGroupInformation.java:1878) [hadoop-common-3.3.4.jar:?]
	at org.apache.hadoop.ipc.Server$Handler.run(Server.java:2976) [hadoop-common-3.3.4.jar:?]
20:04:17.242 [IPC Server handler 1 on default port 35091] ERROR OMAudit - user=runner | ip=127.0.0.1 | op=GET_FILE_STATUS {volume=volume04068, bucket=bucket31801, key=testBatchDelete/parent/child5, dataSize=0, replicationConfig=null} | ret=FAILURE
org.apache.hadoop.ozone.om.exceptions.OMException: Unable to get file status: volume: volume04068 bucket: bucket31801 key: testBatchDelete/parent/child5
	at org.apache.hadoop.ozone.om.KeyManagerImpl.getOzoneFileStatus(KeyManagerImpl.java:1196) ~[ozone-manager-1.4.0-SNAPSHOT.jar:?]
	at org.apache.hadoop.ozone.om.KeyManagerImpl.getFileStatus(KeyManagerImpl.java:1114) ~[ozone-manager-1.4.0-SNAPSHOT.jar:?]
	at org.apache.hadoop.ozone.om.OmMetadataReader.getFileStatus(OmMetadataReader.java:288) ~[ozone-manager-1.4.0-SNAPSHOT.jar:?]
	at org.apache.hadoop.ozone.om.OzoneManager.getFileStatus(OzoneManager.java:3494) ~[ozone-manager-1.4.0-SNAPSHOT.jar:?]
	at org.apache.hadoop.ozone.protocolPB.OzoneManagerRequestHandler.getOzoneFileStatus(OzoneManagerRequestHandler.java:933) ~[ozone-manager-1.4.0-SNAPSHOT.jar:?]
	at org.apache.hadoop.ozone.protocolPB.OzoneManagerRequestHandler.handleReadRequest(OzoneManagerRequestHandler.java:238) ~[ozone-manager-1.4.0-SNAPSHOT.jar:?]
	at org.apache.hadoop.ozone.protocolPB.OzoneManagerProtocolServerSideTranslatorPB.submitReadRequestToOM(OzoneManagerProtocolServerSideTranslatorPB.java:223) ~[ozone-manager-1.4.0-SNAPSHOT.jar:?]
	at org.apache.hadoop.ozone.protocolPB.OzoneManagerProtocolServerSideTranslatorPB.processRequest(OzoneManagerProtocolServerSideTranslatorPB.java:177) ~[ozone-manager-1.4.0-SNAPSHOT.jar:?]
	at org.apache.hadoop.hdds.server.OzoneProtocolMessageDispatcher.processRequest(OzoneProtocolMessageDispatcher.java:87) [hdds-server-framework-1.4.0-SNAPSHOT.jar:?]
	at org.apache.hadoop.ozone.protocolPB.OzoneManagerProtocolServerSideTranslatorPB.submitRequest(OzoneManagerProtocolServerSideTranslatorPB.java:147) [ozone-manager-1.4.0-SNAPSHOT.jar:?]
	at org.apache.hadoop.ozone.protocol.proto.OzoneManagerProtocolProtos$OzoneManagerService$2.callBlockingMethod(OzoneManagerProtocolProtos.java) [ozone-interface-client-1.4.0-SNAPSHOT.jar:?]
	at org.apache.hadoop.ipc.ProtobufRpcEngine$Server.processCall(ProtobufRpcEngine.java:465) [hadoop-common-3.3.4.jar:?]
	at org.apache.hadoop.ipc.ProtobufRpcEngine2$Server$ProtoBufRpcInvoker.call(ProtobufRpcEngine2.java:578) [hadoop-common-3.3.4.jar:?]
	at org.apache.hadoop.ipc.ProtobufRpcEngine2$Server$ProtoBufRpcInvoker.call(ProtobufRpcEngine2.java:556) [hadoop-common-3.3.4.jar:?]
	at org.apache.hadoop.ipc.RPC$Server.call(RPC.java:1093) [hadoop-common-3.3.4.jar:?]
	at org.apache.hadoop.ipc.Server$RpcCall.run(Server.java:1043) [hadoop-common-3.3.4.jar:?]
	at org.apache.hadoop.ipc.Server$RpcCall.run(Server.java:971) [hadoop-common-3.3.4.jar:?]
	at java.security.AccessController.doPrivileged(Native Method) ~[?:1.8.0_362]
	at javax.security.auth.Subject.doAs(Subject.java:422) [?:1.8.0_362]
	at org.apache.hadoop.security.UserGroupInformation.doAs(UserGroupInformation.java:1878) [hadoop-common-3.3.4.jar:?]
	at org.apache.hadoop.ipc.Server$Handler.run(Server.java:2976) [hadoop-common-3.3.4.jar:?]
20:04:17.244 [IPC Server handler 0 on default port 35091] ERROR OMAudit - user=runner | ip=127.0.0.1 | op=GET_FILE_STATUS {volume=volume04068, bucket=bucket31801, key=testBatchDelete/parent/childFolder/child5, dataSize=0, replicationConfig=null} | ret=FAILURE
org.apache.hadoop.ozone.om.exceptions.OMException: Unable to get file status: volume: volume04068 bucket: bucket31801 key: testBatchDelete/parent/childFolder/child5
	at org.apache.hadoop.ozone.om.KeyManagerImpl.getOzoneFileStatus(KeyManagerImpl.java:1196) ~[ozone-manager-1.4.0-SNAPSHOT.jar:?]
	at org.apache.hadoop.ozone.om.KeyManagerImpl.getFileStatus(KeyManagerImpl.java:1114) ~[ozone-manager-1.4.0-SNAPSHOT.jar:?]
	at org.apache.hadoop.ozone.om.OmMetadataReader.getFileStatus(OmMetadataReader.java:288) ~[ozone-manager-1.4.0-SNAPSHOT.jar:?]
	at org.apache.hadoop.ozone.om.OzoneManager.getFileStatus(OzoneManager.java:3494) ~[ozone-manager-1.4.0-SNAPSHOT.jar:?]
	at org.apache.hadoop.ozone.protocolPB.OzoneManagerRequestHandler.getOzoneFileStatus(OzoneManagerRequestHandler.java:933) ~[ozone-manager-1.4.0-SNAPSHOT.jar:?]
	at org.apache.hadoop.ozone.protocolPB.OzoneManagerRequestHandler.handleReadRequest(OzoneManagerRequestHandler.java:238) ~[ozone-manager-1.4.0-SNAPSHOT.jar:?]
	at org.apache.hadoop.ozone.protocolPB.OzoneManagerProtocolServerSideTranslatorPB.submitReadRequestToOM(OzoneManagerProtocolServerSideTranslatorPB.java:223) ~[ozone-manager-1.4.0-SNAPSHOT.jar:?]
	at org.apache.hadoop.ozone.protocolPB.OzoneManagerProtocolServerSideTranslatorPB.processRequest(OzoneManagerProtocolServerSideTranslatorPB.java:177) ~[ozone-manager-1.4.0-SNAPSHOT.jar:?]
	at org.apache.hadoop.hdds.server.OzoneProtocolMessageDispatcher.processRequest(OzoneProtocolMessageDispatcher.java:87) [hdds-server-framework-1.4.0-SNAPSHOT.jar:?]
	at org.apache.hadoop.ozone.protocolPB.OzoneManagerProtocolServerSideTranslatorPB.submitRequest(OzoneManagerProtocolServerSideTranslatorPB.java:147) [ozone-manager-1.4.0-SNAPSHOT.jar:?]
	at org.apache.hadoop.ozone.protocol.proto.OzoneManagerProtocolProtos$OzoneManagerService$2.callBlockingMethod(OzoneManagerProtocolProtos.java) [ozone-interface-client-1.4.0-SNAPSHOT.jar:?]
	at org.apache.hadoop.ipc.ProtobufRpcEngine$Server.processCall(ProtobufRpcEngine.java:465) [hadoop-common-3.3.4.jar:?]
	at org.apache.hadoop.ipc.ProtobufRpcEngine2$Server$ProtoBufRpcInvoker.call(ProtobufRpcEngine2.java:578) [hadoop-common-3.3.4.jar:?]
	at org.apache.hadoop.ipc.ProtobufRpcEngine2$Server$ProtoBufRpcInvoker.call(ProtobufRpcEngine2.java:556) [hadoop-common-3.3.4.jar:?]
	at org.apache.hadoop.ipc.RPC$Server.call(RPC.java:1093) [hadoop-common-3.3.4.jar:?]
	at org.apache.hadoop.ipc.Server$RpcCall.run(Server.java:1043) [hadoop-common-3.3.4.jar:?]
	at org.apache.hadoop.ipc.Server$RpcCall.run(Server.java:971) [hadoop-common-3.3.4.jar:?]
	at java.security.AccessController.doPrivileged(Native Method) ~[?:1.8.0_362]
	at javax.security.auth.Subject.doAs(Subject.java:422) [?:1.8.0_362]
	at org.apache.hadoop.security.UserGroupInformation.doAs(UserGroupInformation.java:1878) [hadoop-common-3.3.4.jar:?]
	at org.apache.hadoop.ipc.Server$Handler.run(Server.java:2976) [hadoop-common-3.3.4.jar:?]
20:04:17.246 [IPC Server handler 19 on default port 35091] ERROR OMAudit - user=runner | ip=127.0.0.1 | op=GET_FILE_STATUS {volume=volume04068, bucket=bucket31801, key=testBatchDelete/parent/child6, dataSize=0, replicationConfig=null} | ret=FAILURE
org.apache.hadoop.ozone.om.exceptions.OMException: Unable to get file status: volume: volume04068 bucket: bucket31801 key: testBatchDelete/parent/child6
	at org.apache.hadoop.ozone.om.KeyManagerImpl.getOzoneFileStatus(KeyManagerImpl.java:1196) ~[ozone-manager-1.4.0-SNAPSHOT.jar:?]
	at org.apache.hadoop.ozone.om.KeyManagerImpl.getFileStatus(KeyManagerImpl.java:1114) ~[ozone-manager-1.4.0-SNAPSHOT.jar:?]
	at org.apache.hadoop.ozone.om.OmMetadataReader.getFileStatus(OmMetadataReader.java:288) ~[ozone-manager-1.4.0-SNAPSHOT.jar:?]
	at org.apache.hadoop.ozone.om.OzoneManager.getFileStatus(OzoneManager.java:3494) ~[ozone-manager-1.4.0-SNAPSHOT.jar:?]
	at org.apache.hadoop.ozone.protocolPB.OzoneManagerRequestHandler.getOzoneFileStatus(OzoneManagerRequestHandler.java:933) ~[ozone-manager-1.4.0-SNAPSHOT.jar:?]
	at org.apache.hadoop.ozone.protocolPB.OzoneManagerRequestHandler.handleReadRequest(OzoneManagerRequestHandler.java:238) ~[ozone-manager-1.4.0-SNAPSHOT.jar:?]
	at org.apache.hadoop.ozone.protocolPB.OzoneManagerProtocolServerSideTranslatorPB.submitReadRequestToOM(OzoneManagerProtocolServerSideTranslatorPB.java:223) ~[ozone-manager-1.4.0-SNAPSHOT.jar:?]
	at org.apache.hadoop.ozone.protocolPB.OzoneManagerProtocolServerSideTranslatorPB.processRequest(OzoneManagerProtocolServerSideTranslatorPB.java:177) ~[ozone-manager-1.4.0-SNAPSHOT.jar:?]
	at org.apache.hadoop.hdds.server.OzoneProtocolMessageDispatcher.processRequest(OzoneProtocolMessageDispatcher.java:87) [hdds-server-framework-1.4.0-SNAPSHOT.jar:?]
	at org.apache.hadoop.ozone.protocolPB.OzoneManagerProtocolServerSideTranslatorPB.submitRequest(OzoneManagerProtocolServerSideTranslatorPB.java:147) [ozone-manager-1.4.0-SNAPSHOT.jar:?]
	at org.apache.hadoop.ozone.protocol.proto.OzoneManagerProtocolProtos$OzoneManagerService$2.callBlockingMethod(OzoneManagerProtocolProtos.java) [ozone-interface-client-1.4.0-SNAPSHOT.jar:?]
	at org.apache.hadoop.ipc.ProtobufRpcEngine$Server.processCall(ProtobufRpcEngine.java:465) [hadoop-common-3.3.4.jar:?]
	at org.apache.hadoop.ipc.ProtobufRpcEngine2$Server$ProtoBufRpcInvoker.call(ProtobufRpcEngine2.java:578) [hadoop-common-3.3.4.jar:?]
	at org.apache.hadoop.ipc.ProtobufRpcEngine2$Server$ProtoBufRpcInvoker.call(ProtobufRpcEngine2.java:556) [hadoop-common-3.3.4.jar:?]
	at org.apache.hadoop.ipc.RPC$Server.call(RPC.java:1093) [hadoop-common-3.3.4.jar:?]
	at org.apache.hadoop.ipc.Server$RpcCall.run(Server.java:1043) [hadoop-common-3.3.4.jar:?]
	at org.apache.hadoop.ipc.Server$RpcCall.run(Server.java:971) [hadoop-common-3.3.4.jar:?]
	at java.security.AccessController.doPrivileged(Native Method) ~[?:1.8.0_362]
	at javax.security.auth.Subject.doAs(Subject.java:422) [?:1.8.0_362]
	at org.apache.hadoop.security.UserGroupInformation.doAs(UserGroupInformation.java:1878) [hadoop-common-3.3.4.jar:?]
	at org.apache.hadoop.ipc.Server$Handler.run(Server.java:2976) [hadoop-common-3.3.4.jar:?]
20:04:17.248 [IPC Server handler 18 on default port 35091] ERROR OMAudit - user=runner | ip=127.0.0.1 | op=GET_FILE_STATUS {volume=volume04068, bucket=bucket31801, key=testBatchDelete/parent/childFolder/child6, dataSize=0, replicationConfig=null} | ret=FAILURE
org.apache.hadoop.ozone.om.exceptions.OMException: Unable to get file status: volume: volume04068 bucket: bucket31801 key: testBatchDelete/parent/childFolder/child6
	at org.apache.hadoop.ozone.om.KeyManagerImpl.getOzoneFileStatus(KeyManagerImpl.java:1196) ~[ozone-manager-1.4.0-SNAPSHOT.jar:?]
	at org.apache.hadoop.ozone.om.KeyManagerImpl.getFileStatus(KeyManagerImpl.java:1114) ~[ozone-manager-1.4.0-SNAPSHOT.jar:?]
	at org.apache.hadoop.ozone.om.OmMetadataReader.getFileStatus(OmMetadataReader.java:288) ~[ozone-manager-1.4.0-SNAPSHOT.jar:?]
	at org.apache.hadoop.ozone.om.OzoneManager.getFileStatus(OzoneManager.java:3494) ~[ozone-manager-1.4.0-SNAPSHOT.jar:?]
	at org.apache.hadoop.ozone.protocolPB.OzoneManagerRequestHandler.getOzoneFileStatus(OzoneManagerRequestHandler.java:933) ~[ozone-manager-1.4.0-SNAPSHOT.jar:?]
	at org.apache.hadoop.ozone.protocolPB.OzoneManagerRequestHandler.handleReadRequest(OzoneManagerRequestHandler.java:238) ~[ozone-manager-1.4.0-SNAPSHOT.jar:?]
	at org.apache.hadoop.ozone.protocolPB.OzoneManagerProtocolServerSideTranslatorPB.submitReadRequestToOM(OzoneManagerProtocolServerSideTranslatorPB.java:223) ~[ozone-manager-1.4.0-SNAPSHOT.jar:?]
	at org.apache.hadoop.ozone.protocolPB.OzoneManagerProtocolServerSideTranslatorPB.processRequest(OzoneManagerProtocolServerSideTranslatorPB.java:177) ~[ozone-manager-1.4.0-SNAPSHOT.jar:?]
	at org.apache.hadoop.hdds.server.OzoneProtocolMessageDispatcher.processRequest(OzoneProtocolMessageDispatcher.java:87) [hdds-server-framework-1.4.0-SNAPSHOT.jar:?]
	at org.apache.hadoop.ozone.protocolPB.OzoneManagerProtocolServerSideTranslatorPB.submitRequest(OzoneManagerProtocolServerSideTranslatorPB.java:147) [ozone-manager-1.4.0-SNAPSHOT.jar:?]
	at org.apache.hadoop.ozone.protocol.proto.OzoneManagerProtocolProtos$OzoneManagerService$2.callBlockingMethod(OzoneManagerProtocolProtos.java) [ozone-interface-client-1.4.0-SNAPSHOT.jar:?]
	at org.apache.hadoop.ipc.ProtobufRpcEngine$Server.processCall(ProtobufRpcEngine.java:465) [hadoop-common-3.3.4.jar:?]
	at org.apache.hadoop.ipc.ProtobufRpcEngine2$Server$ProtoBufRpcInvoker.call(ProtobufRpcEngine2.java:578) [hadoop-common-3.3.4.jar:?]
	at org.apache.hadoop.ipc.ProtobufRpcEngine2$Server$ProtoBufRpcInvoker.call(ProtobufRpcEngine2.java:556) [hadoop-common-3.3.4.jar:?]
	at org.apache.hadoop.ipc.RPC$Server.call(RPC.java:1093) [hadoop-common-3.3.4.jar:?]
	at org.apache.hadoop.ipc.Server$RpcCall.run(Server.java:1043) [hadoop-common-3.3.4.jar:?]
	at org.apache.hadoop.ipc.Server$RpcCall.run(Server.java:971) [hadoop-common-3.3.4.jar:?]
	at java.security.AccessController.doPrivileged(Native Method) ~[?:1.8.0_362]
	at javax.security.auth.Subject.doAs(Subject.java:422) [?:1.8.0_362]
	at org.apache.hadoop.security.UserGroupInformation.doAs(UserGroupInformation.java:1878) [hadoop-common-3.3.4.jar:?]
	at org.apache.hadoop.ipc.Server$Handler.run(Server.java:2976) [hadoop-common-3.3.4.jar:?]
20:04:17.250 [IPC Server handler 15 on default port 35091] ERROR OMAudit - user=runner | ip=127.0.0.1 | op=GET_FILE_STATUS {volume=volume04068, bucket=bucket31801, key=testBatchDelete/parent/child7, dataSize=0, replicationConfig=null} | ret=FAILURE
org.apache.hadoop.ozone.om.exceptions.OMException: Unable to get file status: volume: volume04068 bucket: bucket31801 key: testBatchDelete/parent/child7
	at org.apache.hadoop.ozone.om.KeyManagerImpl.getOzoneFileStatus(KeyManagerImpl.java:1196) ~[ozone-manager-1.4.0-SNAPSHOT.jar:?]
	at org.apache.hadoop.ozone.om.KeyManagerImpl.getFileStatus(KeyManagerImpl.java:1114) ~[ozone-manager-1.4.0-SNAPSHOT.jar:?]
	at org.apache.hadoop.ozone.om.OmMetadataReader.getFileStatus(OmMetadataReader.java:288) ~[ozone-manager-1.4.0-SNAPSHOT.jar:?]
	at org.apache.hadoop.ozone.om.OzoneManager.getFileStatus(OzoneManager.java:3494) ~[ozone-manager-1.4.0-SNAPSHOT.jar:?]
	at org.apache.hadoop.ozone.protocolPB.OzoneManagerRequestHandler.getOzoneFileStatus(OzoneManagerRequestHandler.java:933) ~[ozone-manager-1.4.0-SNAPSHOT.jar:?]
	at org.apache.hadoop.ozone.protocolPB.OzoneManagerRequestHandler.handleReadRequest(OzoneManagerRequestHandler.java:238) ~[ozone-manager-1.4.0-SNAPSHOT.jar:?]
	at org.apache.hadoop.ozone.protocolPB.OzoneManagerProtocolServerSideTranslatorPB.submitReadRequestToOM(OzoneManagerProtocolServerSideTranslatorPB.java:223) ~[ozone-manager-1.4.0-SNAPSHOT.jar:?]
	at org.apache.hadoop.ozone.protocolPB.OzoneManagerProtocolServerSideTranslatorPB.processRequest(OzoneManagerProtocolServerSideTranslatorPB.java:177) ~[ozone-manager-1.4.0-SNAPSHOT.jar:?]
	at org.apache.hadoop.hdds.server.OzoneProtocolMessageDispatcher.processRequest(OzoneProtocolMessageDispatcher.java:87) [hdds-server-framework-1.4.0-SNAPSHOT.jar:?]
	at org.apache.hadoop.ozone.protocolPB.OzoneManagerProtocolServerSideTranslatorPB.submitRequest(OzoneManagerProtocolServerSideTranslatorPB.java:147) [ozone-manager-1.4.0-SNAPSHOT.jar:?]
	at org.apache.hadoop.ozone.protocol.proto.OzoneManagerProtocolProtos$OzoneManagerService$2.callBlockingMethod(OzoneManagerProtocolProtos.java) [ozone-interface-client-1.4.0-SNAPSHOT.jar:?]
	at org.apache.hadoop.ipc.ProtobufRpcEngine$Server.processCall(ProtobufRpcEngine.java:465) [hadoop-common-3.3.4.jar:?]
	at org.apache.hadoop.ipc.ProtobufRpcEngine2$Server$ProtoBufRpcInvoker.call(ProtobufRpcEngine2.java:578) [hadoop-common-3.3.4.jar:?]
	at org.apache.hadoop.ipc.ProtobufRpcEngine2$Server$ProtoBufRpcInvoker.call(ProtobufRpcEngine2.java:556) [hadoop-common-3.3.4.jar:?]
	at org.apache.hadoop.ipc.RPC$Server.call(RPC.java:1093) [hadoop-common-3.3.4.jar:?]
	at org.apache.hadoop.ipc.Server$RpcCall.run(Server.java:1043) [hadoop-common-3.3.4.jar:?]
	at org.apache.hadoop.ipc.Server$RpcCall.run(Server.java:971) [hadoop-common-3.3.4.jar:?]
	at java.security.AccessController.doPrivileged(Native Method) ~[?:1.8.0_362]
	at javax.security.auth.Subject.doAs(Subject.java:422) [?:1.8.0_362]
	at org.apache.hadoop.security.UserGroupInformation.doAs(UserGroupInformation.java:1878) [hadoop-common-3.3.4.jar:?]
	at org.apache.hadoop.ipc.Server$Handler.run(Server.java:2976) [hadoop-common-3.3.4.jar:?]
20:04:17.252 [IPC Server handler 16 on default port 35091] ERROR OMAudit - user=runner | ip=127.0.0.1 | op=GET_FILE_STATUS {volume=volume04068, bucket=bucket31801, key=testBatchDelete/parent/childFolder/child7, dataSize=0, replicationConfig=null} | ret=FAILURE
org.apache.hadoop.ozone.om.exceptions.OMException: Unable to get file status: volume: volume04068 bucket: bucket31801 key: testBatchDelete/parent/childFolder/child7
	at org.apache.hadoop.ozone.om.KeyManagerImpl.getOzoneFileStatus(KeyManagerImpl.java:1196) ~[ozone-manager-1.4.0-SNAPSHOT.jar:?]
	at org.apache.hadoop.ozone.om.KeyManagerImpl.getFileStatus(KeyManagerImpl.java:1114) ~[ozone-manager-1.4.0-SNAPSHOT.jar:?]
	at org.apache.hadoop.ozone.om.OmMetadataReader.getFileStatus(OmMetadataReader.java:288) ~[ozone-manager-1.4.0-SNAPSHOT.jar:?]
	at org.apache.hadoop.ozone.om.OzoneManager.getFileStatus(OzoneManager.java:3494) ~[ozone-manager-1.4.0-SNAPSHOT.jar:?]
	at org.apache.hadoop.ozone.protocolPB.OzoneManagerRequestHandler.getOzoneFileStatus(OzoneManagerRequestHandler.java:933) ~[ozone-manager-1.4.0-SNAPSHOT.jar:?]
	at org.apache.hadoop.ozone.protocolPB.OzoneManagerRequestHandler.handleReadRequest(OzoneManagerRequestHandler.java:238) ~[ozone-manager-1.4.0-SNAPSHOT.jar:?]
	at org.apache.hadoop.ozone.protocolPB.OzoneManagerProtocolServerSideTranslatorPB.submitReadRequestToOM(OzoneManagerProtocolServerSideTranslatorPB.java:223) ~[ozone-manager-1.4.0-SNAPSHOT.jar:?]
	at org.apache.hadoop.ozone.protocolPB.OzoneManagerProtocolServerSideTranslatorPB.processRequest(OzoneManagerProtocolServerSideTranslatorPB.java:177) ~[ozone-manager-1.4.0-SNAPSHOT.jar:?]
	at org.apache.hadoop.hdds.server.OzoneProtocolMessageDispatcher.processRequest(OzoneProtocolMessageDispatcher.java:87) [hdds-server-framework-1.4.0-SNAPSHOT.jar:?]
	at org.apache.hadoop.ozone.protocolPB.OzoneManagerProtocolServerSideTranslatorPB.submitRequest(OzoneManagerProtocolServerSideTranslatorPB.java:147) [ozone-manager-1.4.0-SNAPSHOT.jar:?]
	at org.apache.hadoop.ozone.protocol.proto.OzoneManagerProtocolProtos$OzoneManagerService$2.callBlockingMethod(OzoneManagerProtocolProtos.java) [ozone-interface-client-1.4.0-SNAPSHOT.jar:?]
	at org.apache.hadoop.ipc.ProtobufRpcEngine$Server.processCall(ProtobufRpcEngine.java:465) [hadoop-common-3.3.4.jar:?]
	at org.apache.hadoop.ipc.ProtobufRpcEngine2$Server$ProtoBufRpcInvoker.call(ProtobufRpcEngine2.java:578) [hadoop-common-3.3.4.jar:?]
	at org.apache.hadoop.ipc.ProtobufRpcEngine2$Server$ProtoBufRpcInvoker.call(ProtobufRpcEngine2.java:556) [hadoop-common-3.3.4.jar:?]
	at org.apache.hadoop.ipc.RPC$Server.call(RPC.java:1093) [hadoop-common-3.3.4.jar:?]
	at org.apache.hadoop.ipc.Server$RpcCall.run(Server.java:1043) [hadoop-common-3.3.4.jar:?]
	at org.apache.hadoop.ipc.Server$RpcCall.run(Server.java:971) [hadoop-common-3.3.4.jar:?]
	at java.security.AccessController.doPrivileged(Native Method) ~[?:1.8.0_362]
	at javax.security.auth.Subject.doAs(Subject.java:422) [?:1.8.0_362]
	at org.apache.hadoop.security.UserGroupInformation.doAs(UserGroupInformation.java:1878) [hadoop-common-3.3.4.jar:?]
	at org.apache.hadoop.ipc.Server$Handler.run(Server.java:2976) [hadoop-common-3.3.4.jar:?]
20:04:17.253 [IPC Server handler 2 on default port 35091] ERROR OMAudit - user=runner | ip=127.0.0.1 | op=GET_FILE_STATUS {volume=volume04068, bucket=bucket31801, key=testBatchDelete/parent, dataSize=0, replicationConfig=null} | ret=FAILURE
org.apache.hadoop.ozone.om.exceptions.OMException: Unable to get file status: volume: volume04068 bucket: bucket31801 key: testBatchDelete/parent
	at org.apache.hadoop.ozone.om.KeyManagerImpl.getOzoneFileStatus(KeyManagerImpl.java:1196) ~[ozone-manager-1.4.0-SNAPSHOT.jar:?]
	at org.apache.hadoop.ozone.om.KeyManagerImpl.getFileStatus(KeyManagerImpl.java:1114) ~[ozone-manager-1.4.0-SNAPSHOT.jar:?]
	at org.apache.hadoop.ozone.om.OmMetadataReader.getFileStatus(OmMetadataReader.java:288) ~[ozone-manager-1.4.0-SNAPSHOT.jar:?]
	at org.apache.hadoop.ozone.om.OzoneManager.getFileStatus(OzoneManager.java:3494) ~[ozone-manager-1.4.0-SNAPSHOT.jar:?]
	at org.apache.hadoop.ozone.protocolPB.OzoneManagerRequestHandler.getOzoneFileStatus(OzoneManagerRequestHandler.java:933) ~[ozone-manager-1.4.0-SNAPSHOT.jar:?]
	at org.apache.hadoop.ozone.protocolPB.OzoneManagerRequestHandler.handleReadRequest(OzoneManagerRequestHandler.java:238) ~[ozone-manager-1.4.0-SNAPSHOT.jar:?]
	at org.apache.hadoop.ozone.protocolPB.OzoneManagerProtocolServerSideTranslatorPB.submitReadRequestToOM(OzoneManagerProtocolServerSideTranslatorPB.java:223) ~[ozone-manager-1.4.0-SNAPSHOT.jar:?]
	at org.apache.hadoop.ozone.protocolPB.OzoneManagerProtocolServerSideTranslatorPB.processRequest(OzoneManagerProtocolServerSideTranslatorPB.java:177) ~[ozone-manager-1.4.0-SNAPSHOT.jar:?]
	at org.apache.hadoop.hdds.server.OzoneProtocolMessageDispatcher.processRequest(OzoneProtocolMessageDispatcher.java:87) [hdds-server-framework-1.4.0-SNAPSHOT.jar:?]
	at org.apache.hadoop.ozone.protocolPB.OzoneManagerProtocolServerSideTranslatorPB.submitRequest(OzoneManagerProtocolServerSideTranslatorPB.java:147) [ozone-manager-1.4.0-SNAPSHOT.jar:?]
	at org.apache.hadoop.ozone.protocol.proto.OzoneManagerProtocolProtos$OzoneManagerService$2.callBlockingMethod(OzoneManagerProtocolProtos.java) [ozone-interface-client-1.4.0-SNAPSHOT.jar:?]
	at org.apache.hadoop.ipc.ProtobufRpcEngine$Server.processCall(ProtobufRpcEngine.java:465) [hadoop-common-3.3.4.jar:?]
	at org.apache.hadoop.ipc.ProtobufRpcEngine2$Server$ProtoBufRpcInvoker.call(ProtobufRpcEngine2.java:578) [hadoop-common-3.3.4.jar:?]
	at org.apache.hadoop.ipc.ProtobufRpcEngine2$Server$ProtoBufRpcInvoker.call(ProtobufRpcEngine2.java:556) [hadoop-common-3.3.4.jar:?]
	at org.apache.hadoop.ipc.RPC$Server.call(RPC.java:1093) [hadoop-common-3.3.4.jar:?]
	at org.apache.hadoop.ipc.Server$RpcCall.run(Server.java:1043) [hadoop-common-3.3.4.jar:?]
	at org.apache.hadoop.ipc.Server$RpcCall.run(Server.java:971) [hadoop-common-3.3.4.jar:?]
	at java.security.AccessController.doPrivileged(Native Method) ~[?:1.8.0_362]
	at javax.security.auth.Subject.doAs(Subject.java:422) [?:1.8.0_362]
	at org.apache.hadoop.security.UserGroupInformation.doAs(UserGroupInformation.java:1878) [hadoop-common-3.3.4.jar:?]
	at org.apache.hadoop.ipc.Server$Handler.run(Server.java:2976) [hadoop-common-3.3.4.jar:?]
2023-03-16 20:04:17,254 [Time-limited test] WARN  ozone.BasicOzoneFileSystem (BasicOzoneFileSystem.java:delete(559)) - delete: Path does not exist: /testBatchDelete/parent
]]></system-out>
  </testcase>
  <testcase name="testFileDelete" classname="TestOzoneFileSystem" time="0.124">
    <system-out><![CDATA[2023-03-16 20:05:50,785 [IPC Server handler 11 on default port 40321] INFO  key.OMKeyRequest (OMKeyRequest.java:wrapUncommittedBlocksAsPseudoKey(838)) - Detect allocated but uncommitted blocks [{blockID={containerID=3, localID=111677748019200040}, length=4194304, offset=0, token=null, pipeline=null, createVersion=0, partNumber=0}] in key testBatchDelete/parent/child0.
2023-03-16 20:05:50,804 [IPC Server handler 3 on default port 40321] INFO  key.OMKeyRequest (OMKeyRequest.java:wrapUncommittedBlocksAsPseudoKey(838)) - Detect allocated but uncommitted blocks [{blockID={containerID=4, localID=111677748019200041}, length=4194304, offset=0, token=null, pipeline=null, createVersion=0, partNumber=0}] in key testBatchDelete/parent/childFolder/child0.
2023-03-16 20:05:50,813 [IPC Server handler 7 on default port 40321] INFO  key.OMKeyRequest (OMKeyRequest.java:wrapUncommittedBlocksAsPseudoKey(838)) - Detect allocated but uncommitted blocks [{blockID={containerID=2, localID=111677748019200042}, length=4194304, offset=0, token=null, pipeline=null, createVersion=0, partNumber=0}] in key testBatchDelete/parent/child1.
2023-03-16 20:05:50,818 [IPC Server handler 2 on default port 40321] INFO  key.OMKeyRequest (OMKeyRequest.java:wrapUncommittedBlocksAsPseudoKey(838)) - Detect allocated but uncommitted blocks [{blockID={containerID=3, localID=111677748019200043}, length=4194304, offset=0, token=null, pipeline=null, createVersion=0, partNumber=0}] in key testBatchDelete/parent/childFolder/child1.
2023-03-16 20:05:50,825 [IPC Server handler 4 on default port 40321] INFO  key.OMKeyRequest (OMKeyRequest.java:wrapUncommittedBlocksAsPseudoKey(838)) - Detect allocated but uncommitted blocks [{blockID={containerID=1, localID=111677748019200044}, length=4194304, offset=0, token=null, pipeline=null, createVersion=0, partNumber=0}] in key testBatchDelete/parent/child2.
2023-03-16 20:05:50,830 [IPC Server handler 12 on default port 40321] INFO  key.OMKeyRequest (OMKeyRequest.java:wrapUncommittedBlocksAsPseudoKey(838)) - Detect allocated but uncommitted blocks [{blockID={containerID=2, localID=111677748019200045}, length=4194304, offset=0, token=null, pipeline=null, createVersion=0, partNumber=0}] in key testBatchDelete/parent/childFolder/child2.
2023-03-16 20:05:50,834 [IPC Server handler 14 on default port 40321] INFO  key.OMKeyRequest (OMKeyRequest.java:wrapUncommittedBlocksAsPseudoKey(838)) - Detect allocated but uncommitted blocks [{blockID={containerID=3, localID=111677748019200046}, length=4194304, offset=0, token=null, pipeline=null, createVersion=0, partNumber=0}] in key testBatchDelete/parent/child3.
2023-03-16 20:05:50,839 [IPC Server handler 15 on default port 40321] INFO  key.OMKeyRequest (OMKeyRequest.java:wrapUncommittedBlocksAsPseudoKey(838)) - Detect allocated but uncommitted blocks [{blockID={containerID=2, localID=111677748019200047}, length=4194304, offset=0, token=null, pipeline=null, createVersion=0, partNumber=0}] in key testBatchDelete/parent/childFolder/child3.
2023-03-16 20:05:50,843 [IPC Server handler 16 on default port 40321] INFO  key.OMKeyRequest (OMKeyRequest.java:wrapUncommittedBlocksAsPseudoKey(838)) - Detect allocated but uncommitted blocks [{blockID={containerID=4, localID=111677748019200048}, length=4194304, offset=0, token=null, pipeline=null, createVersion=0, partNumber=0}] in key testBatchDelete/parent/child4.
2023-03-16 20:05:50,848 [IPC Server handler 13 on default port 40321] INFO  key.OMKeyRequest (OMKeyRequest.java:wrapUncommittedBlocksAsPseudoKey(838)) - Detect allocated but uncommitted blocks [{blockID={containerID=3, localID=111677748019200049}, length=4194304, offset=0, token=null, pipeline=null, createVersion=0, partNumber=0}] in key testBatchDelete/parent/childFolder/child4.
2023-03-16 20:05:50,852 [IPC Server handler 11 on default port 40321] INFO  key.OMKeyRequest (OMKeyRequest.java:wrapUncommittedBlocksAsPseudoKey(838)) - Detect allocated but uncommitted blocks [{blockID={containerID=1, localID=111677748019200050}, length=4194304, offset=0, token=null, pipeline=null, createVersion=0, partNumber=0}] in key testBatchDelete/parent/child5.
2023-03-16 20:05:50,856 [IPC Server handler 3 on default port 40321] INFO  key.OMKeyRequest (OMKeyRequest.java:wrapUncommittedBlocksAsPseudoKey(838)) - Detect allocated but uncommitted blocks [{blockID={containerID=2, localID=111677748019200051}, length=4194304, offset=0, token=null, pipeline=null, createVersion=0, partNumber=0}] in key testBatchDelete/parent/childFolder/child5.
2023-03-16 20:05:50,860 [IPC Server handler 7 on default port 40321] INFO  key.OMKeyRequest (OMKeyRequest.java:wrapUncommittedBlocksAsPseudoKey(838)) - Detect allocated but uncommitted blocks [{blockID={containerID=4, localID=111677748019200052}, length=4194304, offset=0, token=null, pipeline=null, createVersion=0, partNumber=0}] in key testBatchDelete/parent/child6.
2023-03-16 20:05:50,864 [IPC Server handler 2 on default port 40321] INFO  key.OMKeyRequest (OMKeyRequest.java:wrapUncommittedBlocksAsPseudoKey(838)) - Detect allocated but uncommitted blocks [{blockID={containerID=1, localID=111677748019200053}, length=4194304, offset=0, token=null, pipeline=null, createVersion=0, partNumber=0}] in key testBatchDelete/parent/childFolder/child6.
2023-03-16 20:05:50,868 [IPC Server handler 4 on default port 40321] INFO  key.OMKeyRequest (OMKeyRequest.java:wrapUncommittedBlocksAsPseudoKey(838)) - Detect allocated but uncommitted blocks [{blockID={containerID=3, localID=111677748019200054}, length=4194304, offset=0, token=null, pipeline=null, createVersion=0, partNumber=0}] in key testBatchDelete/parent/child7.
2023-03-16 20:05:50,872 [IPC Server handler 12 on default port 40321] INFO  key.OMKeyRequest (OMKeyRequest.java:wrapUncommittedBlocksAsPseudoKey(838)) - Detect allocated but uncommitted blocks [{blockID={containerID=4, localID=111677748019200055}, length=4194304, offset=0, token=null, pipeline=null, createVersion=0, partNumber=0}] in key testBatchDelete/parent/childFolder/child7.
20:05:50.883 [IPC Server handler 3 on default port 40321] ERROR OMAudit - user=runner | ip=127.0.0.1 | op=GET_FILE_STATUS {volume=volume45206, bucket=bucket25127, key=testBatchDelete, dataSize=0, replicationConfig=null} | ret=FAILURE
org.apache.hadoop.ozone.om.exceptions.OMException: Unable to get file status: volume: volume45206 bucket: bucket25127 key: testBatchDelete
	at org.apache.hadoop.ozone.om.KeyManagerImpl.getOzoneFileStatus(KeyManagerImpl.java:1196) ~[ozone-manager-1.4.0-SNAPSHOT.jar:?]
	at org.apache.hadoop.ozone.om.KeyManagerImpl.getFileStatus(KeyManagerImpl.java:1114) ~[ozone-manager-1.4.0-SNAPSHOT.jar:?]
	at org.apache.hadoop.ozone.om.OmMetadataReader.getFileStatus(OmMetadataReader.java:288) ~[ozone-manager-1.4.0-SNAPSHOT.jar:?]
	at org.apache.hadoop.ozone.om.OzoneManager.getFileStatus(OzoneManager.java:3494) ~[ozone-manager-1.4.0-SNAPSHOT.jar:?]
	at org.apache.hadoop.ozone.protocolPB.OzoneManagerRequestHandler.getOzoneFileStatus(OzoneManagerRequestHandler.java:933) ~[ozone-manager-1.4.0-SNAPSHOT.jar:?]
	at org.apache.hadoop.ozone.protocolPB.OzoneManagerRequestHandler.handleReadRequest(OzoneManagerRequestHandler.java:238) ~[ozone-manager-1.4.0-SNAPSHOT.jar:?]
	at org.apache.hadoop.ozone.protocolPB.OzoneManagerProtocolServerSideTranslatorPB.submitRequestDirectlyToOM(OzoneManagerProtocolServerSideTranslatorPB.java:272) ~[ozone-manager-1.4.0-SNAPSHOT.jar:?]
	at org.apache.hadoop.ozone.protocolPB.OzoneManagerProtocolServerSideTranslatorPB.processRequest(OzoneManagerProtocolServerSideTranslatorPB.java:173) ~[ozone-manager-1.4.0-SNAPSHOT.jar:?]
	at org.apache.hadoop.hdds.server.OzoneProtocolMessageDispatcher.processRequest(OzoneProtocolMessageDispatcher.java:87) [hdds-server-framework-1.4.0-SNAPSHOT.jar:?]
	at org.apache.hadoop.ozone.protocolPB.OzoneManagerProtocolServerSideTranslatorPB.submitRequest(OzoneManagerProtocolServerSideTranslatorPB.java:147) [ozone-manager-1.4.0-SNAPSHOT.jar:?]
	at org.apache.hadoop.ozone.protocol.proto.OzoneManagerProtocolProtos$OzoneManagerService$2.callBlockingMethod(OzoneManagerProtocolProtos.java) [ozone-interface-client-1.4.0-SNAPSHOT.jar:?]
	at org.apache.hadoop.ipc.ProtobufRpcEngine$Server.processCall(ProtobufRpcEngine.java:465) [hadoop-common-3.3.4.jar:?]
	at org.apache.hadoop.ipc.ProtobufRpcEngine2$Server$ProtoBufRpcInvoker.call(ProtobufRpcEngine2.java:578) [hadoop-common-3.3.4.jar:?]
	at org.apache.hadoop.ipc.ProtobufRpcEngine2$Server$ProtoBufRpcInvoker.call(ProtobufRpcEngine2.java:556) [hadoop-common-3.3.4.jar:?]
	at org.apache.hadoop.ipc.RPC$Server.call(RPC.java:1093) [hadoop-common-3.3.4.jar:?]
	at org.apache.hadoop.ipc.Server$RpcCall.run(Server.java:1043) [hadoop-common-3.3.4.jar:?]
	at org.apache.hadoop.ipc.Server$RpcCall.run(Server.java:971) [hadoop-common-3.3.4.jar:?]
	at java.security.AccessController.doPrivileged(Native Method) ~[?:1.8.0_362]
	at javax.security.auth.Subject.doAs(Subject.java:422) [?:1.8.0_362]
	at org.apache.hadoop.security.UserGroupInformation.doAs(UserGroupInformation.java:1878) [hadoop-common-3.3.4.jar:?]
	at org.apache.hadoop.ipc.Server$Handler.run(Server.java:2976) [hadoop-common-3.3.4.jar:?]
20:05:50.884 [IPC Server handler 9 on default port 40321] ERROR OMAudit - user=runner | ip=127.0.0.1 | op=GET_FILE_STATUS {volume=volume45206, bucket=bucket25127, key=testBatchDelete/parent/child0, dataSize=0, replicationConfig=null} | ret=FAILURE
org.apache.hadoop.ozone.om.exceptions.OMException: Unable to get file status: volume: volume45206 bucket: bucket25127 key: testBatchDelete/parent/child0
	at org.apache.hadoop.ozone.om.KeyManagerImpl.getOzoneFileStatus(KeyManagerImpl.java:1196) ~[ozone-manager-1.4.0-SNAPSHOT.jar:?]
	at org.apache.hadoop.ozone.om.KeyManagerImpl.getFileStatus(KeyManagerImpl.java:1114) ~[ozone-manager-1.4.0-SNAPSHOT.jar:?]
	at org.apache.hadoop.ozone.om.OmMetadataReader.getFileStatus(OmMetadataReader.java:288) ~[ozone-manager-1.4.0-SNAPSHOT.jar:?]
	at org.apache.hadoop.ozone.om.OzoneManager.getFileStatus(OzoneManager.java:3494) ~[ozone-manager-1.4.0-SNAPSHOT.jar:?]
	at org.apache.hadoop.ozone.protocolPB.OzoneManagerRequestHandler.getOzoneFileStatus(OzoneManagerRequestHandler.java:933) ~[ozone-manager-1.4.0-SNAPSHOT.jar:?]
	at org.apache.hadoop.ozone.protocolPB.OzoneManagerRequestHandler.handleReadRequest(OzoneManagerRequestHandler.java:238) ~[ozone-manager-1.4.0-SNAPSHOT.jar:?]
	at org.apache.hadoop.ozone.protocolPB.OzoneManagerProtocolServerSideTranslatorPB.submitRequestDirectlyToOM(OzoneManagerProtocolServerSideTranslatorPB.java:272) ~[ozone-manager-1.4.0-SNAPSHOT.jar:?]
	at org.apache.hadoop.ozone.protocolPB.OzoneManagerProtocolServerSideTranslatorPB.processRequest(OzoneManagerProtocolServerSideTranslatorPB.java:173) ~[ozone-manager-1.4.0-SNAPSHOT.jar:?]
	at org.apache.hadoop.hdds.server.OzoneProtocolMessageDispatcher.processRequest(OzoneProtocolMessageDispatcher.java:87) [hdds-server-framework-1.4.0-SNAPSHOT.jar:?]
	at org.apache.hadoop.ozone.protocolPB.OzoneManagerProtocolServerSideTranslatorPB.submitRequest(OzoneManagerProtocolServerSideTranslatorPB.java:147) [ozone-manager-1.4.0-SNAPSHOT.jar:?]
	at org.apache.hadoop.ozone.protocol.proto.OzoneManagerProtocolProtos$OzoneManagerService$2.callBlockingMethod(OzoneManagerProtocolProtos.java) [ozone-interface-client-1.4.0-SNAPSHOT.jar:?]
	at org.apache.hadoop.ipc.ProtobufRpcEngine$Server.processCall(ProtobufRpcEngine.java:465) [hadoop-common-3.3.4.jar:?]
	at org.apache.hadoop.ipc.ProtobufRpcEngine2$Server$ProtoBufRpcInvoker.call(ProtobufRpcEngine2.java:578) [hadoop-common-3.3.4.jar:?]
	at org.apache.hadoop.ipc.ProtobufRpcEngine2$Server$ProtoBufRpcInvoker.call(ProtobufRpcEngine2.java:556) [hadoop-common-3.3.4.jar:?]
	at org.apache.hadoop.ipc.RPC$Server.call(RPC.java:1093) [hadoop-common-3.3.4.jar:?]
	at org.apache.hadoop.ipc.Server$RpcCall.run(Server.java:1043) [hadoop-common-3.3.4.jar:?]
	at org.apache.hadoop.ipc.Server$RpcCall.run(Server.java:971) [hadoop-common-3.3.4.jar:?]
	at java.security.AccessController.doPrivileged(Native Method) ~[?:1.8.0_362]
	at javax.security.auth.Subject.doAs(Subject.java:422) [?:1.8.0_362]
	at org.apache.hadoop.security.UserGroupInformation.doAs(UserGroupInformation.java:1878) [hadoop-common-3.3.4.jar:?]
	at org.apache.hadoop.ipc.Server$Handler.run(Server.java:2976) [hadoop-common-3.3.4.jar:?]
20:05:50.885 [IPC Server handler 7 on default port 40321] ERROR OMAudit - user=runner | ip=127.0.0.1 | op=GET_FILE_STATUS {volume=volume45206, bucket=bucket25127, key=testBatchDelete/parent/childFolder/child0, dataSize=0, replicationConfig=null} | ret=FAILURE
org.apache.hadoop.ozone.om.exceptions.OMException: Unable to get file status: volume: volume45206 bucket: bucket25127 key: testBatchDelete/parent/childFolder/child0
	at org.apache.hadoop.ozone.om.KeyManagerImpl.getOzoneFileStatus(KeyManagerImpl.java:1196) ~[ozone-manager-1.4.0-SNAPSHOT.jar:?]
	at org.apache.hadoop.ozone.om.KeyManagerImpl.getFileStatus(KeyManagerImpl.java:1114) ~[ozone-manager-1.4.0-SNAPSHOT.jar:?]
	at org.apache.hadoop.ozone.om.OmMetadataReader.getFileStatus(OmMetadataReader.java:288) ~[ozone-manager-1.4.0-SNAPSHOT.jar:?]
	at org.apache.hadoop.ozone.om.OzoneManager.getFileStatus(OzoneManager.java:3494) ~[ozone-manager-1.4.0-SNAPSHOT.jar:?]
	at org.apache.hadoop.ozone.protocolPB.OzoneManagerRequestHandler.getOzoneFileStatus(OzoneManagerRequestHandler.java:933) ~[ozone-manager-1.4.0-SNAPSHOT.jar:?]
	at org.apache.hadoop.ozone.protocolPB.OzoneManagerRequestHandler.handleReadRequest(OzoneManagerRequestHandler.java:238) ~[ozone-manager-1.4.0-SNAPSHOT.jar:?]
	at org.apache.hadoop.ozone.protocolPB.OzoneManagerProtocolServerSideTranslatorPB.submitRequestDirectlyToOM(OzoneManagerProtocolServerSideTranslatorPB.java:272) ~[ozone-manager-1.4.0-SNAPSHOT.jar:?]
	at org.apache.hadoop.ozone.protocolPB.OzoneManagerProtocolServerSideTranslatorPB.processRequest(OzoneManagerProtocolServerSideTranslatorPB.java:173) ~[ozone-manager-1.4.0-SNAPSHOT.jar:?]
	at org.apache.hadoop.hdds.server.OzoneProtocolMessageDispatcher.processRequest(OzoneProtocolMessageDispatcher.java:87) [hdds-server-framework-1.4.0-SNAPSHOT.jar:?]
	at org.apache.hadoop.ozone.protocolPB.OzoneManagerProtocolServerSideTranslatorPB.submitRequest(OzoneManagerProtocolServerSideTranslatorPB.java:147) [ozone-manager-1.4.0-SNAPSHOT.jar:?]
	at org.apache.hadoop.ozone.protocol.proto.OzoneManagerProtocolProtos$OzoneManagerService$2.callBlockingMethod(OzoneManagerProtocolProtos.java) [ozone-interface-client-1.4.0-SNAPSHOT.jar:?]
	at org.apache.hadoop.ipc.ProtobufRpcEngine$Server.processCall(ProtobufRpcEngine.java:465) [hadoop-common-3.3.4.jar:?]
	at org.apache.hadoop.ipc.ProtobufRpcEngine2$Server$ProtoBufRpcInvoker.call(ProtobufRpcEngine2.java:578) [hadoop-common-3.3.4.jar:?]
	at org.apache.hadoop.ipc.ProtobufRpcEngine2$Server$ProtoBufRpcInvoker.call(ProtobufRpcEngine2.java:556) [hadoop-common-3.3.4.jar:?]
	at org.apache.hadoop.ipc.RPC$Server.call(RPC.java:1093) [hadoop-common-3.3.4.jar:?]
	at org.apache.hadoop.ipc.Server$RpcCall.run(Server.java:1043) [hadoop-common-3.3.4.jar:?]
	at org.apache.hadoop.ipc.Server$RpcCall.run(Server.java:971) [hadoop-common-3.3.4.jar:?]
	at java.security.AccessController.doPrivileged(Native Method) ~[?:1.8.0_362]
	at javax.security.auth.Subject.doAs(Subject.java:422) [?:1.8.0_362]
	at org.apache.hadoop.security.UserGroupInformation.doAs(UserGroupInformation.java:1878) [hadoop-common-3.3.4.jar:?]
	at org.apache.hadoop.ipc.Server$Handler.run(Server.java:2976) [hadoop-common-3.3.4.jar:?]
20:05:50.886 [IPC Server handler 1 on default port 40321] ERROR OMAudit - user=runner | ip=127.0.0.1 | op=GET_FILE_STATUS {volume=volume45206, bucket=bucket25127, key=testBatchDelete/parent/child1, dataSize=0, replicationConfig=null} | ret=FAILURE
org.apache.hadoop.ozone.om.exceptions.OMException: Unable to get file status: volume: volume45206 bucket: bucket25127 key: testBatchDelete/parent/child1
	at org.apache.hadoop.ozone.om.KeyManagerImpl.getOzoneFileStatus(KeyManagerImpl.java:1196) ~[ozone-manager-1.4.0-SNAPSHOT.jar:?]
	at org.apache.hadoop.ozone.om.KeyManagerImpl.getFileStatus(KeyManagerImpl.java:1114) ~[ozone-manager-1.4.0-SNAPSHOT.jar:?]
	at org.apache.hadoop.ozone.om.OmMetadataReader.getFileStatus(OmMetadataReader.java:288) ~[ozone-manager-1.4.0-SNAPSHOT.jar:?]
	at org.apache.hadoop.ozone.om.OzoneManager.getFileStatus(OzoneManager.java:3494) ~[ozone-manager-1.4.0-SNAPSHOT.jar:?]
	at org.apache.hadoop.ozone.protocolPB.OzoneManagerRequestHandler.getOzoneFileStatus(OzoneManagerRequestHandler.java:933) ~[ozone-manager-1.4.0-SNAPSHOT.jar:?]
	at org.apache.hadoop.ozone.protocolPB.OzoneManagerRequestHandler.handleReadRequest(OzoneManagerRequestHandler.java:238) ~[ozone-manager-1.4.0-SNAPSHOT.jar:?]
	at org.apache.hadoop.ozone.protocolPB.OzoneManagerProtocolServerSideTranslatorPB.submitRequestDirectlyToOM(OzoneManagerProtocolServerSideTranslatorPB.java:272) ~[ozone-manager-1.4.0-SNAPSHOT.jar:?]
	at org.apache.hadoop.ozone.protocolPB.OzoneManagerProtocolServerSideTranslatorPB.processRequest(OzoneManagerProtocolServerSideTranslatorPB.java:173) ~[ozone-manager-1.4.0-SNAPSHOT.jar:?]
	at org.apache.hadoop.hdds.server.OzoneProtocolMessageDispatcher.processRequest(OzoneProtocolMessageDispatcher.java:87) [hdds-server-framework-1.4.0-SNAPSHOT.jar:?]
	at org.apache.hadoop.ozone.protocolPB.OzoneManagerProtocolServerSideTranslatorPB.submitRequest(OzoneManagerProtocolServerSideTranslatorPB.java:147) [ozone-manager-1.4.0-SNAPSHOT.jar:?]
	at org.apache.hadoop.ozone.protocol.proto.OzoneManagerProtocolProtos$OzoneManagerService$2.callBlockingMethod(OzoneManagerProtocolProtos.java) [ozone-interface-client-1.4.0-SNAPSHOT.jar:?]
	at org.apache.hadoop.ipc.ProtobufRpcEngine$Server.processCall(ProtobufRpcEngine.java:465) [hadoop-common-3.3.4.jar:?]
	at org.apache.hadoop.ipc.ProtobufRpcEngine2$Server$ProtoBufRpcInvoker.call(ProtobufRpcEngine2.java:578) [hadoop-common-3.3.4.jar:?]
	at org.apache.hadoop.ipc.ProtobufRpcEngine2$Server$ProtoBufRpcInvoker.call(ProtobufRpcEngine2.java:556) [hadoop-common-3.3.4.jar:?]
	at org.apache.hadoop.ipc.RPC$Server.call(RPC.java:1093) [hadoop-common-3.3.4.jar:?]
	at org.apache.hadoop.ipc.Server$RpcCall.run(Server.java:1043) [hadoop-common-3.3.4.jar:?]
	at org.apache.hadoop.ipc.Server$RpcCall.run(Server.java:971) [hadoop-common-3.3.4.jar:?]
	at java.security.AccessController.doPrivileged(Native Method) ~[?:1.8.0_362]
	at javax.security.auth.Subject.doAs(Subject.java:422) [?:1.8.0_362]
	at org.apache.hadoop.security.UserGroupInformation.doAs(UserGroupInformation.java:1878) [hadoop-common-3.3.4.jar:?]
	at org.apache.hadoop.ipc.Server$Handler.run(Server.java:2976) [hadoop-common-3.3.4.jar:?]
20:05:50.887 [IPC Server handler 2 on default port 40321] ERROR OMAudit - user=runner | ip=127.0.0.1 | op=GET_FILE_STATUS {volume=volume45206, bucket=bucket25127, key=testBatchDelete/parent/childFolder/child1, dataSize=0, replicationConfig=null} | ret=FAILURE
org.apache.hadoop.ozone.om.exceptions.OMException: Unable to get file status: volume: volume45206 bucket: bucket25127 key: testBatchDelete/parent/childFolder/child1
	at org.apache.hadoop.ozone.om.KeyManagerImpl.getOzoneFileStatus(KeyManagerImpl.java:1196) ~[ozone-manager-1.4.0-SNAPSHOT.jar:?]
	at org.apache.hadoop.ozone.om.KeyManagerImpl.getFileStatus(KeyManagerImpl.java:1114) ~[ozone-manager-1.4.0-SNAPSHOT.jar:?]
	at org.apache.hadoop.ozone.om.OmMetadataReader.getFileStatus(OmMetadataReader.java:288) ~[ozone-manager-1.4.0-SNAPSHOT.jar:?]
	at org.apache.hadoop.ozone.om.OzoneManager.getFileStatus(OzoneManager.java:3494) ~[ozone-manager-1.4.0-SNAPSHOT.jar:?]
	at org.apache.hadoop.ozone.protocolPB.OzoneManagerRequestHandler.getOzoneFileStatus(OzoneManagerRequestHandler.java:933) ~[ozone-manager-1.4.0-SNAPSHOT.jar:?]
	at org.apache.hadoop.ozone.protocolPB.OzoneManagerRequestHandler.handleReadRequest(OzoneManagerRequestHandler.java:238) ~[ozone-manager-1.4.0-SNAPSHOT.jar:?]
	at org.apache.hadoop.ozone.protocolPB.OzoneManagerProtocolServerSideTranslatorPB.submitRequestDirectlyToOM(OzoneManagerProtocolServerSideTranslatorPB.java:272) ~[ozone-manager-1.4.0-SNAPSHOT.jar:?]
	at org.apache.hadoop.ozone.protocolPB.OzoneManagerProtocolServerSideTranslatorPB.processRequest(OzoneManagerProtocolServerSideTranslatorPB.java:173) ~[ozone-manager-1.4.0-SNAPSHOT.jar:?]
	at org.apache.hadoop.hdds.server.OzoneProtocolMessageDispatcher.processRequest(OzoneProtocolMessageDispatcher.java:87) [hdds-server-framework-1.4.0-SNAPSHOT.jar:?]
	at org.apache.hadoop.ozone.protocolPB.OzoneManagerProtocolServerSideTranslatorPB.submitRequest(OzoneManagerProtocolServerSideTranslatorPB.java:147) [ozone-manager-1.4.0-SNAPSHOT.jar:?]
	at org.apache.hadoop.ozone.protocol.proto.OzoneManagerProtocolProtos$OzoneManagerService$2.callBlockingMethod(OzoneManagerProtocolProtos.java) [ozone-interface-client-1.4.0-SNAPSHOT.jar:?]
	at org.apache.hadoop.ipc.ProtobufRpcEngine$Server.processCall(ProtobufRpcEngine.java:465) [hadoop-common-3.3.4.jar:?]
	at org.apache.hadoop.ipc.ProtobufRpcEngine2$Server$ProtoBufRpcInvoker.call(ProtobufRpcEngine2.java:578) [hadoop-common-3.3.4.jar:?]
	at org.apache.hadoop.ipc.ProtobufRpcEngine2$Server$ProtoBufRpcInvoker.call(ProtobufRpcEngine2.java:556) [hadoop-common-3.3.4.jar:?]
	at org.apache.hadoop.ipc.RPC$Server.call(RPC.java:1093) [hadoop-common-3.3.4.jar:?]
	at org.apache.hadoop.ipc.Server$RpcCall.run(Server.java:1043) [hadoop-common-3.3.4.jar:?]
	at org.apache.hadoop.ipc.Server$RpcCall.run(Server.java:971) [hadoop-common-3.3.4.jar:?]
	at java.security.AccessController.doPrivileged(Native Method) ~[?:1.8.0_362]
	at javax.security.auth.Subject.doAs(Subject.java:422) [?:1.8.0_362]
	at org.apache.hadoop.security.UserGroupInformation.doAs(UserGroupInformation.java:1878) [hadoop-common-3.3.4.jar:?]
	at org.apache.hadoop.ipc.Server$Handler.run(Server.java:2976) [hadoop-common-3.3.4.jar:?]
20:05:50.888 [IPC Server handler 0 on default port 40321] ERROR OMAudit - user=runner | ip=127.0.0.1 | op=GET_FILE_STATUS {volume=volume45206, bucket=bucket25127, key=testBatchDelete/parent/child2, dataSize=0, replicationConfig=null} | ret=FAILURE
org.apache.hadoop.ozone.om.exceptions.OMException: Unable to get file status: volume: volume45206 bucket: bucket25127 key: testBatchDelete/parent/child2
	at org.apache.hadoop.ozone.om.KeyManagerImpl.getOzoneFileStatus(KeyManagerImpl.java:1196) ~[ozone-manager-1.4.0-SNAPSHOT.jar:?]
	at org.apache.hadoop.ozone.om.KeyManagerImpl.getFileStatus(KeyManagerImpl.java:1114) ~[ozone-manager-1.4.0-SNAPSHOT.jar:?]
	at org.apache.hadoop.ozone.om.OmMetadataReader.getFileStatus(OmMetadataReader.java:288) ~[ozone-manager-1.4.0-SNAPSHOT.jar:?]
	at org.apache.hadoop.ozone.om.OzoneManager.getFileStatus(OzoneManager.java:3494) ~[ozone-manager-1.4.0-SNAPSHOT.jar:?]
	at org.apache.hadoop.ozone.protocolPB.OzoneManagerRequestHandler.getOzoneFileStatus(OzoneManagerRequestHandler.java:933) ~[ozone-manager-1.4.0-SNAPSHOT.jar:?]
	at org.apache.hadoop.ozone.protocolPB.OzoneManagerRequestHandler.handleReadRequest(OzoneManagerRequestHandler.java:238) ~[ozone-manager-1.4.0-SNAPSHOT.jar:?]
	at org.apache.hadoop.ozone.protocolPB.OzoneManagerProtocolServerSideTranslatorPB.submitRequestDirectlyToOM(OzoneManagerProtocolServerSideTranslatorPB.java:272) ~[ozone-manager-1.4.0-SNAPSHOT.jar:?]
	at org.apache.hadoop.ozone.protocolPB.OzoneManagerProtocolServerSideTranslatorPB.processRequest(OzoneManagerProtocolServerSideTranslatorPB.java:173) ~[ozone-manager-1.4.0-SNAPSHOT.jar:?]
	at org.apache.hadoop.hdds.server.OzoneProtocolMessageDispatcher.processRequest(OzoneProtocolMessageDispatcher.java:87) [hdds-server-framework-1.4.0-SNAPSHOT.jar:?]
	at org.apache.hadoop.ozone.protocolPB.OzoneManagerProtocolServerSideTranslatorPB.submitRequest(OzoneManagerProtocolServerSideTranslatorPB.java:147) [ozone-manager-1.4.0-SNAPSHOT.jar:?]
	at org.apache.hadoop.ozone.protocol.proto.OzoneManagerProtocolProtos$OzoneManagerService$2.callBlockingMethod(OzoneManagerProtocolProtos.java) [ozone-interface-client-1.4.0-SNAPSHOT.jar:?]
	at org.apache.hadoop.ipc.ProtobufRpcEngine$Server.processCall(ProtobufRpcEngine.java:465) [hadoop-common-3.3.4.jar:?]
	at org.apache.hadoop.ipc.ProtobufRpcEngine2$Server$ProtoBufRpcInvoker.call(ProtobufRpcEngine2.java:578) [hadoop-common-3.3.4.jar:?]
	at org.apache.hadoop.ipc.ProtobufRpcEngine2$Server$ProtoBufRpcInvoker.call(ProtobufRpcEngine2.java:556) [hadoop-common-3.3.4.jar:?]
	at org.apache.hadoop.ipc.RPC$Server.call(RPC.java:1093) [hadoop-common-3.3.4.jar:?]
	at org.apache.hadoop.ipc.Server$RpcCall.run(Server.java:1043) [hadoop-common-3.3.4.jar:?]
	at org.apache.hadoop.ipc.Server$RpcCall.run(Server.java:971) [hadoop-common-3.3.4.jar:?]
	at java.security.AccessController.doPrivileged(Native Method) ~[?:1.8.0_362]
	at javax.security.auth.Subject.doAs(Subject.java:422) [?:1.8.0_362]
	at org.apache.hadoop.security.UserGroupInformation.doAs(UserGroupInformation.java:1878) [hadoop-common-3.3.4.jar:?]
	at org.apache.hadoop.ipc.Server$Handler.run(Server.java:2976) [hadoop-common-3.3.4.jar:?]
20:05:50.889 [IPC Server handler 4 on default port 40321] ERROR OMAudit - user=runner | ip=127.0.0.1 | op=GET_FILE_STATUS {volume=volume45206, bucket=bucket25127, key=testBatchDelete/parent/childFolder/child2, dataSize=0, replicationConfig=null} | ret=FAILURE
org.apache.hadoop.ozone.om.exceptions.OMException: Unable to get file status: volume: volume45206 bucket: bucket25127 key: testBatchDelete/parent/childFolder/child2
	at org.apache.hadoop.ozone.om.KeyManagerImpl.getOzoneFileStatus(KeyManagerImpl.java:1196) ~[ozone-manager-1.4.0-SNAPSHOT.jar:?]
	at org.apache.hadoop.ozone.om.KeyManagerImpl.getFileStatus(KeyManagerImpl.java:1114) ~[ozone-manager-1.4.0-SNAPSHOT.jar:?]
	at org.apache.hadoop.ozone.om.OmMetadataReader.getFileStatus(OmMetadataReader.java:288) ~[ozone-manager-1.4.0-SNAPSHOT.jar:?]
	at org.apache.hadoop.ozone.om.OzoneManager.getFileStatus(OzoneManager.java:3494) ~[ozone-manager-1.4.0-SNAPSHOT.jar:?]
	at org.apache.hadoop.ozone.protocolPB.OzoneManagerRequestHandler.getOzoneFileStatus(OzoneManagerRequestHandler.java:933) ~[ozone-manager-1.4.0-SNAPSHOT.jar:?]
	at org.apache.hadoop.ozone.protocolPB.OzoneManagerRequestHandler.handleReadRequest(OzoneManagerRequestHandler.java:238) ~[ozone-manager-1.4.0-SNAPSHOT.jar:?]
	at org.apache.hadoop.ozone.protocolPB.OzoneManagerProtocolServerSideTranslatorPB.submitRequestDirectlyToOM(OzoneManagerProtocolServerSideTranslatorPB.java:272) ~[ozone-manager-1.4.0-SNAPSHOT.jar:?]
	at org.apache.hadoop.ozone.protocolPB.OzoneManagerProtocolServerSideTranslatorPB.processRequest(OzoneManagerProtocolServerSideTranslatorPB.java:173) ~[ozone-manager-1.4.0-SNAPSHOT.jar:?]
	at org.apache.hadoop.hdds.server.OzoneProtocolMessageDispatcher.processRequest(OzoneProtocolMessageDispatcher.java:87) [hdds-server-framework-1.4.0-SNAPSHOT.jar:?]
	at org.apache.hadoop.ozone.protocolPB.OzoneManagerProtocolServerSideTranslatorPB.submitRequest(OzoneManagerProtocolServerSideTranslatorPB.java:147) [ozone-manager-1.4.0-SNAPSHOT.jar:?]
	at org.apache.hadoop.ozone.protocol.proto.OzoneManagerProtocolProtos$OzoneManagerService$2.callBlockingMethod(OzoneManagerProtocolProtos.java) [ozone-interface-client-1.4.0-SNAPSHOT.jar:?]
	at org.apache.hadoop.ipc.ProtobufRpcEngine$Server.processCall(ProtobufRpcEngine.java:465) [hadoop-common-3.3.4.jar:?]
	at org.apache.hadoop.ipc.ProtobufRpcEngine2$Server$ProtoBufRpcInvoker.call(ProtobufRpcEngine2.java:578) [hadoop-common-3.3.4.jar:?]
	at org.apache.hadoop.ipc.ProtobufRpcEngine2$Server$ProtoBufRpcInvoker.call(ProtobufRpcEngine2.java:556) [hadoop-common-3.3.4.jar:?]
	at org.apache.hadoop.ipc.RPC$Server.call(RPC.java:1093) [hadoop-common-3.3.4.jar:?]
	at org.apache.hadoop.ipc.Server$RpcCall.run(Server.java:1043) [hadoop-common-3.3.4.jar:?]
	at org.apache.hadoop.ipc.Server$RpcCall.run(Server.java:971) [hadoop-common-3.3.4.jar:?]
	at java.security.AccessController.doPrivileged(Native Method) ~[?:1.8.0_362]
	at javax.security.auth.Subject.doAs(Subject.java:422) [?:1.8.0_362]
	at org.apache.hadoop.security.UserGroupInformation.doAs(UserGroupInformation.java:1878) [hadoop-common-3.3.4.jar:?]
	at org.apache.hadoop.ipc.Server$Handler.run(Server.java:2976) [hadoop-common-3.3.4.jar:?]
20:05:50.890 [IPC Server handler 19 on default port 40321] ERROR OMAudit - user=runner | ip=127.0.0.1 | op=GET_FILE_STATUS {volume=volume45206, bucket=bucket25127, key=testBatchDelete/parent/child3, dataSize=0, replicationConfig=null} | ret=FAILURE
org.apache.hadoop.ozone.om.exceptions.OMException: Unable to get file status: volume: volume45206 bucket: bucket25127 key: testBatchDelete/parent/child3
	at org.apache.hadoop.ozone.om.KeyManagerImpl.getOzoneFileStatus(KeyManagerImpl.java:1196) ~[ozone-manager-1.4.0-SNAPSHOT.jar:?]
	at org.apache.hadoop.ozone.om.KeyManagerImpl.getFileStatus(KeyManagerImpl.java:1114) ~[ozone-manager-1.4.0-SNAPSHOT.jar:?]
	at org.apache.hadoop.ozone.om.OmMetadataReader.getFileStatus(OmMetadataReader.java:288) ~[ozone-manager-1.4.0-SNAPSHOT.jar:?]
	at org.apache.hadoop.ozone.om.OzoneManager.getFileStatus(OzoneManager.java:3494) ~[ozone-manager-1.4.0-SNAPSHOT.jar:?]
	at org.apache.hadoop.ozone.protocolPB.OzoneManagerRequestHandler.getOzoneFileStatus(OzoneManagerRequestHandler.java:933) ~[ozone-manager-1.4.0-SNAPSHOT.jar:?]
	at org.apache.hadoop.ozone.protocolPB.OzoneManagerRequestHandler.handleReadRequest(OzoneManagerRequestHandler.java:238) ~[ozone-manager-1.4.0-SNAPSHOT.jar:?]
	at org.apache.hadoop.ozone.protocolPB.OzoneManagerProtocolServerSideTranslatorPB.submitRequestDirectlyToOM(OzoneManagerProtocolServerSideTranslatorPB.java:272) ~[ozone-manager-1.4.0-SNAPSHOT.jar:?]
	at org.apache.hadoop.ozone.protocolPB.OzoneManagerProtocolServerSideTranslatorPB.processRequest(OzoneManagerProtocolServerSideTranslatorPB.java:173) ~[ozone-manager-1.4.0-SNAPSHOT.jar:?]
	at org.apache.hadoop.hdds.server.OzoneProtocolMessageDispatcher.processRequest(OzoneProtocolMessageDispatcher.java:87) [hdds-server-framework-1.4.0-SNAPSHOT.jar:?]
	at org.apache.hadoop.ozone.protocolPB.OzoneManagerProtocolServerSideTranslatorPB.submitRequest(OzoneManagerProtocolServerSideTranslatorPB.java:147) [ozone-manager-1.4.0-SNAPSHOT.jar:?]
	at org.apache.hadoop.ozone.protocol.proto.OzoneManagerProtocolProtos$OzoneManagerService$2.callBlockingMethod(OzoneManagerProtocolProtos.java) [ozone-interface-client-1.4.0-SNAPSHOT.jar:?]
	at org.apache.hadoop.ipc.ProtobufRpcEngine$Server.processCall(ProtobufRpcEngine.java:465) [hadoop-common-3.3.4.jar:?]
	at org.apache.hadoop.ipc.ProtobufRpcEngine2$Server$ProtoBufRpcInvoker.call(ProtobufRpcEngine2.java:578) [hadoop-common-3.3.4.jar:?]
	at org.apache.hadoop.ipc.ProtobufRpcEngine2$Server$ProtoBufRpcInvoker.call(ProtobufRpcEngine2.java:556) [hadoop-common-3.3.4.jar:?]
	at org.apache.hadoop.ipc.RPC$Server.call(RPC.java:1093) [hadoop-common-3.3.4.jar:?]
	at org.apache.hadoop.ipc.Server$RpcCall.run(Server.java:1043) [hadoop-common-3.3.4.jar:?]
	at org.apache.hadoop.ipc.Server$RpcCall.run(Server.java:971) [hadoop-common-3.3.4.jar:?]
	at java.security.AccessController.doPrivileged(Native Method) ~[?:1.8.0_362]
	at javax.security.auth.Subject.doAs(Subject.java:422) [?:1.8.0_362]
	at org.apache.hadoop.security.UserGroupInformation.doAs(UserGroupInformation.java:1878) [hadoop-common-3.3.4.jar:?]
	at org.apache.hadoop.ipc.Server$Handler.run(Server.java:2976) [hadoop-common-3.3.4.jar:?]
20:05:50.891 [IPC Server handler 12 on default port 40321] ERROR OMAudit - user=runner | ip=127.0.0.1 | op=GET_FILE_STATUS {volume=volume45206, bucket=bucket25127, key=testBatchDelete/parent/childFolder/child3, dataSize=0, replicationConfig=null} | ret=FAILURE
org.apache.hadoop.ozone.om.exceptions.OMException: Unable to get file status: volume: volume45206 bucket: bucket25127 key: testBatchDelete/parent/childFolder/child3
	at org.apache.hadoop.ozone.om.KeyManagerImpl.getOzoneFileStatus(KeyManagerImpl.java:1196) ~[ozone-manager-1.4.0-SNAPSHOT.jar:?]
	at org.apache.hadoop.ozone.om.KeyManagerImpl.getFileStatus(KeyManagerImpl.java:1114) ~[ozone-manager-1.4.0-SNAPSHOT.jar:?]
	at org.apache.hadoop.ozone.om.OmMetadataReader.getFileStatus(OmMetadataReader.java:288) ~[ozone-manager-1.4.0-SNAPSHOT.jar:?]
	at org.apache.hadoop.ozone.om.OzoneManager.getFileStatus(OzoneManager.java:3494) ~[ozone-manager-1.4.0-SNAPSHOT.jar:?]
	at org.apache.hadoop.ozone.protocolPB.OzoneManagerRequestHandler.getOzoneFileStatus(OzoneManagerRequestHandler.java:933) ~[ozone-manager-1.4.0-SNAPSHOT.jar:?]
	at org.apache.hadoop.ozone.protocolPB.OzoneManagerRequestHandler.handleReadRequest(OzoneManagerRequestHandler.java:238) ~[ozone-manager-1.4.0-SNAPSHOT.jar:?]
	at org.apache.hadoop.ozone.protocolPB.OzoneManagerProtocolServerSideTranslatorPB.submitRequestDirectlyToOM(OzoneManagerProtocolServerSideTranslatorPB.java:272) ~[ozone-manager-1.4.0-SNAPSHOT.jar:?]
	at org.apache.hadoop.ozone.protocolPB.OzoneManagerProtocolServerSideTranslatorPB.processRequest(OzoneManagerProtocolServerSideTranslatorPB.java:173) ~[ozone-manager-1.4.0-SNAPSHOT.jar:?]
	at org.apache.hadoop.hdds.server.OzoneProtocolMessageDispatcher.processRequest(OzoneProtocolMessageDispatcher.java:87) [hdds-server-framework-1.4.0-SNAPSHOT.jar:?]
	at org.apache.hadoop.ozone.protocolPB.OzoneManagerProtocolServerSideTranslatorPB.submitRequest(OzoneManagerProtocolServerSideTranslatorPB.java:147) [ozone-manager-1.4.0-SNAPSHOT.jar:?]
	at org.apache.hadoop.ozone.protocol.proto.OzoneManagerProtocolProtos$OzoneManagerService$2.callBlockingMethod(OzoneManagerProtocolProtos.java) [ozone-interface-client-1.4.0-SNAPSHOT.jar:?]
	at org.apache.hadoop.ipc.ProtobufRpcEngine$Server.processCall(ProtobufRpcEngine.java:465) [hadoop-common-3.3.4.jar:?]
	at org.apache.hadoop.ipc.ProtobufRpcEngine2$Server$ProtoBufRpcInvoker.call(ProtobufRpcEngine2.java:578) [hadoop-common-3.3.4.jar:?]
	at org.apache.hadoop.ipc.ProtobufRpcEngine2$Server$ProtoBufRpcInvoker.call(ProtobufRpcEngine2.java:556) [hadoop-common-3.3.4.jar:?]
	at org.apache.hadoop.ipc.RPC$Server.call(RPC.java:1093) [hadoop-common-3.3.4.jar:?]
	at org.apache.hadoop.ipc.Server$RpcCall.run(Server.java:1043) [hadoop-common-3.3.4.jar:?]
	at org.apache.hadoop.ipc.Server$RpcCall.run(Server.java:971) [hadoop-common-3.3.4.jar:?]
	at java.security.AccessController.doPrivileged(Native Method) ~[?:1.8.0_362]
	at javax.security.auth.Subject.doAs(Subject.java:422) [?:1.8.0_362]
	at org.apache.hadoop.security.UserGroupInformation.doAs(UserGroupInformation.java:1878) [hadoop-common-3.3.4.jar:?]
	at org.apache.hadoop.ipc.Server$Handler.run(Server.java:2976) [hadoop-common-3.3.4.jar:?]
20:05:50.891 [IPC Server handler 5 on default port 40321] ERROR OMAudit - user=runner | ip=127.0.0.1 | op=GET_FILE_STATUS {volume=volume45206, bucket=bucket25127, key=testBatchDelete/parent/child4, dataSize=0, replicationConfig=null} | ret=FAILURE
org.apache.hadoop.ozone.om.exceptions.OMException: Unable to get file status: volume: volume45206 bucket: bucket25127 key: testBatchDelete/parent/child4
	at org.apache.hadoop.ozone.om.KeyManagerImpl.getOzoneFileStatus(KeyManagerImpl.java:1196) ~[ozone-manager-1.4.0-SNAPSHOT.jar:?]
	at org.apache.hadoop.ozone.om.KeyManagerImpl.getFileStatus(KeyManagerImpl.java:1114) ~[ozone-manager-1.4.0-SNAPSHOT.jar:?]
	at org.apache.hadoop.ozone.om.OmMetadataReader.getFileStatus(OmMetadataReader.java:288) ~[ozone-manager-1.4.0-SNAPSHOT.jar:?]
	at org.apache.hadoop.ozone.om.OzoneManager.getFileStatus(OzoneManager.java:3494) ~[ozone-manager-1.4.0-SNAPSHOT.jar:?]
	at org.apache.hadoop.ozone.protocolPB.OzoneManagerRequestHandler.getOzoneFileStatus(OzoneManagerRequestHandler.java:933) ~[ozone-manager-1.4.0-SNAPSHOT.jar:?]
	at org.apache.hadoop.ozone.protocolPB.OzoneManagerRequestHandler.handleReadRequest(OzoneManagerRequestHandler.java:238) ~[ozone-manager-1.4.0-SNAPSHOT.jar:?]
	at org.apache.hadoop.ozone.protocolPB.OzoneManagerProtocolServerSideTranslatorPB.submitRequestDirectlyToOM(OzoneManagerProtocolServerSideTranslatorPB.java:272) ~[ozone-manager-1.4.0-SNAPSHOT.jar:?]
	at org.apache.hadoop.ozone.protocolPB.OzoneManagerProtocolServerSideTranslatorPB.processRequest(OzoneManagerProtocolServerSideTranslatorPB.java:173) ~[ozone-manager-1.4.0-SNAPSHOT.jar:?]
	at org.apache.hadoop.hdds.server.OzoneProtocolMessageDispatcher.processRequest(OzoneProtocolMessageDispatcher.java:87) [hdds-server-framework-1.4.0-SNAPSHOT.jar:?]
	at org.apache.hadoop.ozone.protocolPB.OzoneManagerProtocolServerSideTranslatorPB.submitRequest(OzoneManagerProtocolServerSideTranslatorPB.java:147) [ozone-manager-1.4.0-SNAPSHOT.jar:?]
	at org.apache.hadoop.ozone.protocol.proto.OzoneManagerProtocolProtos$OzoneManagerService$2.callBlockingMethod(OzoneManagerProtocolProtos.java) [ozone-interface-client-1.4.0-SNAPSHOT.jar:?]
	at org.apache.hadoop.ipc.ProtobufRpcEngine$Server.processCall(ProtobufRpcEngine.java:465) [hadoop-common-3.3.4.jar:?]
	at org.apache.hadoop.ipc.ProtobufRpcEngine2$Server$ProtoBufRpcInvoker.call(ProtobufRpcEngine2.java:578) [hadoop-common-3.3.4.jar:?]
	at org.apache.hadoop.ipc.ProtobufRpcEngine2$Server$ProtoBufRpcInvoker.call(ProtobufRpcEngine2.java:556) [hadoop-common-3.3.4.jar:?]
	at org.apache.hadoop.ipc.RPC$Server.call(RPC.java:1093) [hadoop-common-3.3.4.jar:?]
	at org.apache.hadoop.ipc.Server$RpcCall.run(Server.java:1043) [hadoop-common-3.3.4.jar:?]
	at org.apache.hadoop.ipc.Server$RpcCall.run(Server.java:971) [hadoop-common-3.3.4.jar:?]
	at java.security.AccessController.doPrivileged(Native Method) ~[?:1.8.0_362]
	at javax.security.auth.Subject.doAs(Subject.java:422) [?:1.8.0_362]
	at org.apache.hadoop.security.UserGroupInformation.doAs(UserGroupInformation.java:1878) [hadoop-common-3.3.4.jar:?]
	at org.apache.hadoop.ipc.Server$Handler.run(Server.java:2976) [hadoop-common-3.3.4.jar:?]
20:05:50.892 [IPC Server handler 14 on default port 40321] ERROR OMAudit - user=runner | ip=127.0.0.1 | op=GET_FILE_STATUS {volume=volume45206, bucket=bucket25127, key=testBatchDelete/parent/childFolder/child4, dataSize=0, replicationConfig=null} | ret=FAILURE
org.apache.hadoop.ozone.om.exceptions.OMException: Unable to get file status: volume: volume45206 bucket: bucket25127 key: testBatchDelete/parent/childFolder/child4
	at org.apache.hadoop.ozone.om.KeyManagerImpl.getOzoneFileStatus(KeyManagerImpl.java:1196) ~[ozone-manager-1.4.0-SNAPSHOT.jar:?]
	at org.apache.hadoop.ozone.om.KeyManagerImpl.getFileStatus(KeyManagerImpl.java:1114) ~[ozone-manager-1.4.0-SNAPSHOT.jar:?]
	at org.apache.hadoop.ozone.om.OmMetadataReader.getFileStatus(OmMetadataReader.java:288) ~[ozone-manager-1.4.0-SNAPSHOT.jar:?]
	at org.apache.hadoop.ozone.om.OzoneManager.getFileStatus(OzoneManager.java:3494) ~[ozone-manager-1.4.0-SNAPSHOT.jar:?]
	at org.apache.hadoop.ozone.protocolPB.OzoneManagerRequestHandler.getOzoneFileStatus(OzoneManagerRequestHandler.java:933) ~[ozone-manager-1.4.0-SNAPSHOT.jar:?]
	at org.apache.hadoop.ozone.protocolPB.OzoneManagerRequestHandler.handleReadRequest(OzoneManagerRequestHandler.java:238) ~[ozone-manager-1.4.0-SNAPSHOT.jar:?]
	at org.apache.hadoop.ozone.protocolPB.OzoneManagerProtocolServerSideTranslatorPB.submitRequestDirectlyToOM(OzoneManagerProtocolServerSideTranslatorPB.java:272) ~[ozone-manager-1.4.0-SNAPSHOT.jar:?]
	at org.apache.hadoop.ozone.protocolPB.OzoneManagerProtocolServerSideTranslatorPB.processRequest(OzoneManagerProtocolServerSideTranslatorPB.java:173) ~[ozone-manager-1.4.0-SNAPSHOT.jar:?]
	at org.apache.hadoop.hdds.server.OzoneProtocolMessageDispatcher.processRequest(OzoneProtocolMessageDispatcher.java:87) [hdds-server-framework-1.4.0-SNAPSHOT.jar:?]
	at org.apache.hadoop.ozone.protocolPB.OzoneManagerProtocolServerSideTranslatorPB.submitRequest(OzoneManagerProtocolServerSideTranslatorPB.java:147) [ozone-manager-1.4.0-SNAPSHOT.jar:?]
	at org.apache.hadoop.ozone.protocol.proto.OzoneManagerProtocolProtos$OzoneManagerService$2.callBlockingMethod(OzoneManagerProtocolProtos.java) [ozone-interface-client-1.4.0-SNAPSHOT.jar:?]
	at org.apache.hadoop.ipc.ProtobufRpcEngine$Server.processCall(ProtobufRpcEngine.java:465) [hadoop-common-3.3.4.jar:?]
	at org.apache.hadoop.ipc.ProtobufRpcEngine2$Server$ProtoBufRpcInvoker.call(ProtobufRpcEngine2.java:578) [hadoop-common-3.3.4.jar:?]
	at org.apache.hadoop.ipc.ProtobufRpcEngine2$Server$ProtoBufRpcInvoker.call(ProtobufRpcEngine2.java:556) [hadoop-common-3.3.4.jar:?]
	at org.apache.hadoop.ipc.RPC$Server.call(RPC.java:1093) [hadoop-common-3.3.4.jar:?]
	at org.apache.hadoop.ipc.Server$RpcCall.run(Server.java:1043) [hadoop-common-3.3.4.jar:?]
	at org.apache.hadoop.ipc.Server$RpcCall.run(Server.java:971) [hadoop-common-3.3.4.jar:?]
	at java.security.AccessController.doPrivileged(Native Method) ~[?:1.8.0_362]
	at javax.security.auth.Subject.doAs(Subject.java:422) [?:1.8.0_362]
	at org.apache.hadoop.security.UserGroupInformation.doAs(UserGroupInformation.java:1878) [hadoop-common-3.3.4.jar:?]
	at org.apache.hadoop.ipc.Server$Handler.run(Server.java:2976) [hadoop-common-3.3.4.jar:?]
20:05:50.893 [IPC Server handler 18 on default port 40321] ERROR OMAudit - user=runner | ip=127.0.0.1 | op=GET_FILE_STATUS {volume=volume45206, bucket=bucket25127, key=testBatchDelete/parent/child5, dataSize=0, replicationConfig=null} | ret=FAILURE
org.apache.hadoop.ozone.om.exceptions.OMException: Unable to get file status: volume: volume45206 bucket: bucket25127 key: testBatchDelete/parent/child5
	at org.apache.hadoop.ozone.om.KeyManagerImpl.getOzoneFileStatus(KeyManagerImpl.java:1196) ~[ozone-manager-1.4.0-SNAPSHOT.jar:?]
	at org.apache.hadoop.ozone.om.KeyManagerImpl.getFileStatus(KeyManagerImpl.java:1114) ~[ozone-manager-1.4.0-SNAPSHOT.jar:?]
	at org.apache.hadoop.ozone.om.OmMetadataReader.getFileStatus(OmMetadataReader.java:288) ~[ozone-manager-1.4.0-SNAPSHOT.jar:?]
	at org.apache.hadoop.ozone.om.OzoneManager.getFileStatus(OzoneManager.java:3494) ~[ozone-manager-1.4.0-SNAPSHOT.jar:?]
	at org.apache.hadoop.ozone.protocolPB.OzoneManagerRequestHandler.getOzoneFileStatus(OzoneManagerRequestHandler.java:933) ~[ozone-manager-1.4.0-SNAPSHOT.jar:?]
	at org.apache.hadoop.ozone.protocolPB.OzoneManagerRequestHandler.handleReadRequest(OzoneManagerRequestHandler.java:238) ~[ozone-manager-1.4.0-SNAPSHOT.jar:?]
	at org.apache.hadoop.ozone.protocolPB.OzoneManagerProtocolServerSideTranslatorPB.submitRequestDirectlyToOM(OzoneManagerProtocolServerSideTranslatorPB.java:272) ~[ozone-manager-1.4.0-SNAPSHOT.jar:?]
	at org.apache.hadoop.ozone.protocolPB.OzoneManagerProtocolServerSideTranslatorPB.processRequest(OzoneManagerProtocolServerSideTranslatorPB.java:173) ~[ozone-manager-1.4.0-SNAPSHOT.jar:?]
	at org.apache.hadoop.hdds.server.OzoneProtocolMessageDispatcher.processRequest(OzoneProtocolMessageDispatcher.java:87) [hdds-server-framework-1.4.0-SNAPSHOT.jar:?]
	at org.apache.hadoop.ozone.protocolPB.OzoneManagerProtocolServerSideTranslatorPB.submitRequest(OzoneManagerProtocolServerSideTranslatorPB.java:147) [ozone-manager-1.4.0-SNAPSHOT.jar:?]
	at org.apache.hadoop.ozone.protocol.proto.OzoneManagerProtocolProtos$OzoneManagerService$2.callBlockingMethod(OzoneManagerProtocolProtos.java) [ozone-interface-client-1.4.0-SNAPSHOT.jar:?]
	at org.apache.hadoop.ipc.ProtobufRpcEngine$Server.processCall(ProtobufRpcEngine.java:465) [hadoop-common-3.3.4.jar:?]
	at org.apache.hadoop.ipc.ProtobufRpcEngine2$Server$ProtoBufRpcInvoker.call(ProtobufRpcEngine2.java:578) [hadoop-common-3.3.4.jar:?]
	at org.apache.hadoop.ipc.ProtobufRpcEngine2$Server$ProtoBufRpcInvoker.call(ProtobufRpcEngine2.java:556) [hadoop-common-3.3.4.jar:?]
	at org.apache.hadoop.ipc.RPC$Server.call(RPC.java:1093) [hadoop-common-3.3.4.jar:?]
	at org.apache.hadoop.ipc.Server$RpcCall.run(Server.java:1043) [hadoop-common-3.3.4.jar:?]
	at org.apache.hadoop.ipc.Server$RpcCall.run(Server.java:971) [hadoop-common-3.3.4.jar:?]
	at java.security.AccessController.doPrivileged(Native Method) ~[?:1.8.0_362]
	at javax.security.auth.Subject.doAs(Subject.java:422) [?:1.8.0_362]
	at org.apache.hadoop.security.UserGroupInformation.doAs(UserGroupInformation.java:1878) [hadoop-common-3.3.4.jar:?]
	at org.apache.hadoop.ipc.Server$Handler.run(Server.java:2976) [hadoop-common-3.3.4.jar:?]
20:05:50.894 [IPC Server handler 15 on default port 40321] ERROR OMAudit - user=runner | ip=127.0.0.1 | op=GET_FILE_STATUS {volume=volume45206, bucket=bucket25127, key=testBatchDelete/parent/childFolder/child5, dataSize=0, replicationConfig=null} | ret=FAILURE
org.apache.hadoop.ozone.om.exceptions.OMException: Unable to get file status: volume: volume45206 bucket: bucket25127 key: testBatchDelete/parent/childFolder/child5
	at org.apache.hadoop.ozone.om.KeyManagerImpl.getOzoneFileStatus(KeyManagerImpl.java:1196) ~[ozone-manager-1.4.0-SNAPSHOT.jar:?]
	at org.apache.hadoop.ozone.om.KeyManagerImpl.getFileStatus(KeyManagerImpl.java:1114) ~[ozone-manager-1.4.0-SNAPSHOT.jar:?]
	at org.apache.hadoop.ozone.om.OmMetadataReader.getFileStatus(OmMetadataReader.java:288) ~[ozone-manager-1.4.0-SNAPSHOT.jar:?]
	at org.apache.hadoop.ozone.om.OzoneManager.getFileStatus(OzoneManager.java:3494) ~[ozone-manager-1.4.0-SNAPSHOT.jar:?]
	at org.apache.hadoop.ozone.protocolPB.OzoneManagerRequestHandler.getOzoneFileStatus(OzoneManagerRequestHandler.java:933) ~[ozone-manager-1.4.0-SNAPSHOT.jar:?]
	at org.apache.hadoop.ozone.protocolPB.OzoneManagerRequestHandler.handleReadRequest(OzoneManagerRequestHandler.java:238) ~[ozone-manager-1.4.0-SNAPSHOT.jar:?]
	at org.apache.hadoop.ozone.protocolPB.OzoneManagerProtocolServerSideTranslatorPB.submitRequestDirectlyToOM(OzoneManagerProtocolServerSideTranslatorPB.java:272) ~[ozone-manager-1.4.0-SNAPSHOT.jar:?]
	at org.apache.hadoop.ozone.protocolPB.OzoneManagerProtocolServerSideTranslatorPB.processRequest(OzoneManagerProtocolServerSideTranslatorPB.java:173) ~[ozone-manager-1.4.0-SNAPSHOT.jar:?]
	at org.apache.hadoop.hdds.server.OzoneProtocolMessageDispatcher.processRequest(OzoneProtocolMessageDispatcher.java:87) [hdds-server-framework-1.4.0-SNAPSHOT.jar:?]
	at org.apache.hadoop.ozone.protocolPB.OzoneManagerProtocolServerSideTranslatorPB.submitRequest(OzoneManagerProtocolServerSideTranslatorPB.java:147) [ozone-manager-1.4.0-SNAPSHOT.jar:?]
	at org.apache.hadoop.ozone.protocol.proto.OzoneManagerProtocolProtos$OzoneManagerService$2.callBlockingMethod(OzoneManagerProtocolProtos.java) [ozone-interface-client-1.4.0-SNAPSHOT.jar:?]
	at org.apache.hadoop.ipc.ProtobufRpcEngine$Server.processCall(ProtobufRpcEngine.java:465) [hadoop-common-3.3.4.jar:?]
	at org.apache.hadoop.ipc.ProtobufRpcEngine2$Server$ProtoBufRpcInvoker.call(ProtobufRpcEngine2.java:578) [hadoop-common-3.3.4.jar:?]
	at org.apache.hadoop.ipc.ProtobufRpcEngine2$Server$ProtoBufRpcInvoker.call(ProtobufRpcEngine2.java:556) [hadoop-common-3.3.4.jar:?]
	at org.apache.hadoop.ipc.RPC$Server.call(RPC.java:1093) [hadoop-common-3.3.4.jar:?]
	at org.apache.hadoop.ipc.Server$RpcCall.run(Server.java:1043) [hadoop-common-3.3.4.jar:?]
	at org.apache.hadoop.ipc.Server$RpcCall.run(Server.java:971) [hadoop-common-3.3.4.jar:?]
	at java.security.AccessController.doPrivileged(Native Method) ~[?:1.8.0_362]
	at javax.security.auth.Subject.doAs(Subject.java:422) [?:1.8.0_362]
	at org.apache.hadoop.security.UserGroupInformation.doAs(UserGroupInformation.java:1878) [hadoop-common-3.3.4.jar:?]
	at org.apache.hadoop.ipc.Server$Handler.run(Server.java:2976) [hadoop-common-3.3.4.jar:?]
20:05:50.895 [IPC Server handler 17 on default port 40321] ERROR OMAudit - user=runner | ip=127.0.0.1 | op=GET_FILE_STATUS {volume=volume45206, bucket=bucket25127, key=testBatchDelete/parent/child6, dataSize=0, replicationConfig=null} | ret=FAILURE
org.apache.hadoop.ozone.om.exceptions.OMException: Unable to get file status: volume: volume45206 bucket: bucket25127 key: testBatchDelete/parent/child6
	at org.apache.hadoop.ozone.om.KeyManagerImpl.getOzoneFileStatus(KeyManagerImpl.java:1196) ~[ozone-manager-1.4.0-SNAPSHOT.jar:?]
	at org.apache.hadoop.ozone.om.KeyManagerImpl.getFileStatus(KeyManagerImpl.java:1114) ~[ozone-manager-1.4.0-SNAPSHOT.jar:?]
	at org.apache.hadoop.ozone.om.OmMetadataReader.getFileStatus(OmMetadataReader.java:288) ~[ozone-manager-1.4.0-SNAPSHOT.jar:?]
	at org.apache.hadoop.ozone.om.OzoneManager.getFileStatus(OzoneManager.java:3494) ~[ozone-manager-1.4.0-SNAPSHOT.jar:?]
	at org.apache.hadoop.ozone.protocolPB.OzoneManagerRequestHandler.getOzoneFileStatus(OzoneManagerRequestHandler.java:933) ~[ozone-manager-1.4.0-SNAPSHOT.jar:?]
	at org.apache.hadoop.ozone.protocolPB.OzoneManagerRequestHandler.handleReadRequest(OzoneManagerRequestHandler.java:238) ~[ozone-manager-1.4.0-SNAPSHOT.jar:?]
	at org.apache.hadoop.ozone.protocolPB.OzoneManagerProtocolServerSideTranslatorPB.submitRequestDirectlyToOM(OzoneManagerProtocolServerSideTranslatorPB.java:272) ~[ozone-manager-1.4.0-SNAPSHOT.jar:?]
	at org.apache.hadoop.ozone.protocolPB.OzoneManagerProtocolServerSideTranslatorPB.processRequest(OzoneManagerProtocolServerSideTranslatorPB.java:173) ~[ozone-manager-1.4.0-SNAPSHOT.jar:?]
	at org.apache.hadoop.hdds.server.OzoneProtocolMessageDispatcher.processRequest(OzoneProtocolMessageDispatcher.java:87) [hdds-server-framework-1.4.0-SNAPSHOT.jar:?]
	at org.apache.hadoop.ozone.protocolPB.OzoneManagerProtocolServerSideTranslatorPB.submitRequest(OzoneManagerProtocolServerSideTranslatorPB.java:147) [ozone-manager-1.4.0-SNAPSHOT.jar:?]
	at org.apache.hadoop.ozone.protocol.proto.OzoneManagerProtocolProtos$OzoneManagerService$2.callBlockingMethod(OzoneManagerProtocolProtos.java) [ozone-interface-client-1.4.0-SNAPSHOT.jar:?]
	at org.apache.hadoop.ipc.ProtobufRpcEngine$Server.processCall(ProtobufRpcEngine.java:465) [hadoop-common-3.3.4.jar:?]
	at org.apache.hadoop.ipc.ProtobufRpcEngine2$Server$ProtoBufRpcInvoker.call(ProtobufRpcEngine2.java:578) [hadoop-common-3.3.4.jar:?]
	at org.apache.hadoop.ipc.ProtobufRpcEngine2$Server$ProtoBufRpcInvoker.call(ProtobufRpcEngine2.java:556) [hadoop-common-3.3.4.jar:?]
	at org.apache.hadoop.ipc.RPC$Server.call(RPC.java:1093) [hadoop-common-3.3.4.jar:?]
	at org.apache.hadoop.ipc.Server$RpcCall.run(Server.java:1043) [hadoop-common-3.3.4.jar:?]
	at org.apache.hadoop.ipc.Server$RpcCall.run(Server.java:971) [hadoop-common-3.3.4.jar:?]
	at java.security.AccessController.doPrivileged(Native Method) ~[?:1.8.0_362]
	at javax.security.auth.Subject.doAs(Subject.java:422) [?:1.8.0_362]
	at org.apache.hadoop.security.UserGroupInformation.doAs(UserGroupInformation.java:1878) [hadoop-common-3.3.4.jar:?]
	at org.apache.hadoop.ipc.Server$Handler.run(Server.java:2976) [hadoop-common-3.3.4.jar:?]
20:05:50.898 [IPC Server handler 16 on default port 40321] ERROR OMAudit - user=runner | ip=127.0.0.1 | op=GET_FILE_STATUS {volume=volume45206, bucket=bucket25127, key=testBatchDelete/parent/childFolder/child6, dataSize=0, replicationConfig=null} | ret=FAILURE
org.apache.hadoop.ozone.om.exceptions.OMException: Unable to get file status: volume: volume45206 bucket: bucket25127 key: testBatchDelete/parent/childFolder/child6
	at org.apache.hadoop.ozone.om.KeyManagerImpl.getOzoneFileStatus(KeyManagerImpl.java:1196) ~[ozone-manager-1.4.0-SNAPSHOT.jar:?]
	at org.apache.hadoop.ozone.om.KeyManagerImpl.getFileStatus(KeyManagerImpl.java:1114) ~[ozone-manager-1.4.0-SNAPSHOT.jar:?]
	at org.apache.hadoop.ozone.om.OmMetadataReader.getFileStatus(OmMetadataReader.java:288) ~[ozone-manager-1.4.0-SNAPSHOT.jar:?]
	at org.apache.hadoop.ozone.om.OzoneManager.getFileStatus(OzoneManager.java:3494) ~[ozone-manager-1.4.0-SNAPSHOT.jar:?]
	at org.apache.hadoop.ozone.protocolPB.OzoneManagerRequestHandler.getOzoneFileStatus(OzoneManagerRequestHandler.java:933) ~[ozone-manager-1.4.0-SNAPSHOT.jar:?]
	at org.apache.hadoop.ozone.protocolPB.OzoneManagerRequestHandler.handleReadRequest(OzoneManagerRequestHandler.java:238) ~[ozone-manager-1.4.0-SNAPSHOT.jar:?]
	at org.apache.hadoop.ozone.protocolPB.OzoneManagerProtocolServerSideTranslatorPB.submitRequestDirectlyToOM(OzoneManagerProtocolServerSideTranslatorPB.java:272) ~[ozone-manager-1.4.0-SNAPSHOT.jar:?]
	at org.apache.hadoop.ozone.protocolPB.OzoneManagerProtocolServerSideTranslatorPB.processRequest(OzoneManagerProtocolServerSideTranslatorPB.java:173) ~[ozone-manager-1.4.0-SNAPSHOT.jar:?]
	at org.apache.hadoop.hdds.server.OzoneProtocolMessageDispatcher.processRequest(OzoneProtocolMessageDispatcher.java:87) [hdds-server-framework-1.4.0-SNAPSHOT.jar:?]
	at org.apache.hadoop.ozone.protocolPB.OzoneManagerProtocolServerSideTranslatorPB.submitRequest(OzoneManagerProtocolServerSideTranslatorPB.java:147) [ozone-manager-1.4.0-SNAPSHOT.jar:?]
	at org.apache.hadoop.ozone.protocol.proto.OzoneManagerProtocolProtos$OzoneManagerService$2.callBlockingMethod(OzoneManagerProtocolProtos.java) [ozone-interface-client-1.4.0-SNAPSHOT.jar:?]
	at org.apache.hadoop.ipc.ProtobufRpcEngine$Server.processCall(ProtobufRpcEngine.java:465) [hadoop-common-3.3.4.jar:?]
	at org.apache.hadoop.ipc.ProtobufRpcEngine2$Server$ProtoBufRpcInvoker.call(ProtobufRpcEngine2.java:578) [hadoop-common-3.3.4.jar:?]
	at org.apache.hadoop.ipc.ProtobufRpcEngine2$Server$ProtoBufRpcInvoker.call(ProtobufRpcEngine2.java:556) [hadoop-common-3.3.4.jar:?]
	at org.apache.hadoop.ipc.RPC$Server.call(RPC.java:1093) [hadoop-common-3.3.4.jar:?]
	at org.apache.hadoop.ipc.Server$RpcCall.run(Server.java:1043) [hadoop-common-3.3.4.jar:?]
	at org.apache.hadoop.ipc.Server$RpcCall.run(Server.java:971) [hadoop-common-3.3.4.jar:?]
	at java.security.AccessController.doPrivileged(Native Method) ~[?:1.8.0_362]
	at javax.security.auth.Subject.doAs(Subject.java:422) [?:1.8.0_362]
	at org.apache.hadoop.security.UserGroupInformation.doAs(UserGroupInformation.java:1878) [hadoop-common-3.3.4.jar:?]
	at org.apache.hadoop.ipc.Server$Handler.run(Server.java:2976) [hadoop-common-3.3.4.jar:?]
20:05:50.898 [IPC Server handler 10 on default port 40321] ERROR OMAudit - user=runner | ip=127.0.0.1 | op=GET_FILE_STATUS {volume=volume45206, bucket=bucket25127, key=testBatchDelete/parent/child7, dataSize=0, replicationConfig=null} | ret=FAILURE
org.apache.hadoop.ozone.om.exceptions.OMException: Unable to get file status: volume: volume45206 bucket: bucket25127 key: testBatchDelete/parent/child7
	at org.apache.hadoop.ozone.om.KeyManagerImpl.getOzoneFileStatus(KeyManagerImpl.java:1196) ~[ozone-manager-1.4.0-SNAPSHOT.jar:?]
	at org.apache.hadoop.ozone.om.KeyManagerImpl.getFileStatus(KeyManagerImpl.java:1114) ~[ozone-manager-1.4.0-SNAPSHOT.jar:?]
	at org.apache.hadoop.ozone.om.OmMetadataReader.getFileStatus(OmMetadataReader.java:288) ~[ozone-manager-1.4.0-SNAPSHOT.jar:?]
	at org.apache.hadoop.ozone.om.OzoneManager.getFileStatus(OzoneManager.java:3494) ~[ozone-manager-1.4.0-SNAPSHOT.jar:?]
	at org.apache.hadoop.ozone.protocolPB.OzoneManagerRequestHandler.getOzoneFileStatus(OzoneManagerRequestHandler.java:933) ~[ozone-manager-1.4.0-SNAPSHOT.jar:?]
	at org.apache.hadoop.ozone.protocolPB.OzoneManagerRequestHandler.handleReadRequest(OzoneManagerRequestHandler.java:238) ~[ozone-manager-1.4.0-SNAPSHOT.jar:?]
	at org.apache.hadoop.ozone.protocolPB.OzoneManagerProtocolServerSideTranslatorPB.submitRequestDirectlyToOM(OzoneManagerProtocolServerSideTranslatorPB.java:272) ~[ozone-manager-1.4.0-SNAPSHOT.jar:?]
	at org.apache.hadoop.ozone.protocolPB.OzoneManagerProtocolServerSideTranslatorPB.processRequest(OzoneManagerProtocolServerSideTranslatorPB.java:173) ~[ozone-manager-1.4.0-SNAPSHOT.jar:?]
	at org.apache.hadoop.hdds.server.OzoneProtocolMessageDispatcher.processRequest(OzoneProtocolMessageDispatcher.java:87) [hdds-server-framework-1.4.0-SNAPSHOT.jar:?]
	at org.apache.hadoop.ozone.protocolPB.OzoneManagerProtocolServerSideTranslatorPB.submitRequest(OzoneManagerProtocolServerSideTranslatorPB.java:147) [ozone-manager-1.4.0-SNAPSHOT.jar:?]
	at org.apache.hadoop.ozone.protocol.proto.OzoneManagerProtocolProtos$OzoneManagerService$2.callBlockingMethod(OzoneManagerProtocolProtos.java) [ozone-interface-client-1.4.0-SNAPSHOT.jar:?]
	at org.apache.hadoop.ipc.ProtobufRpcEngine$Server.processCall(ProtobufRpcEngine.java:465) [hadoop-common-3.3.4.jar:?]
	at org.apache.hadoop.ipc.ProtobufRpcEngine2$Server$ProtoBufRpcInvoker.call(ProtobufRpcEngine2.java:578) [hadoop-common-3.3.4.jar:?]
	at org.apache.hadoop.ipc.ProtobufRpcEngine2$Server$ProtoBufRpcInvoker.call(ProtobufRpcEngine2.java:556) [hadoop-common-3.3.4.jar:?]
	at org.apache.hadoop.ipc.RPC$Server.call(RPC.java:1093) [hadoop-common-3.3.4.jar:?]
	at org.apache.hadoop.ipc.Server$RpcCall.run(Server.java:1043) [hadoop-common-3.3.4.jar:?]
	at org.apache.hadoop.ipc.Server$RpcCall.run(Server.java:971) [hadoop-common-3.3.4.jar:?]
	at java.security.AccessController.doPrivileged(Native Method) ~[?:1.8.0_362]
	at javax.security.auth.Subject.doAs(Subject.java:422) [?:1.8.0_362]
	at org.apache.hadoop.security.UserGroupInformation.doAs(UserGroupInformation.java:1878) [hadoop-common-3.3.4.jar:?]
	at org.apache.hadoop.ipc.Server$Handler.run(Server.java:2976) [hadoop-common-3.3.4.jar:?]
20:05:50.899 [IPC Server handler 13 on default port 40321] ERROR OMAudit - user=runner | ip=127.0.0.1 | op=GET_FILE_STATUS {volume=volume45206, bucket=bucket25127, key=testBatchDelete/parent/childFolder/child7, dataSize=0, replicationConfig=null} | ret=FAILURE
org.apache.hadoop.ozone.om.exceptions.OMException: Unable to get file status: volume: volume45206 bucket: bucket25127 key: testBatchDelete/parent/childFolder/child7
	at org.apache.hadoop.ozone.om.KeyManagerImpl.getOzoneFileStatus(KeyManagerImpl.java:1196) ~[ozone-manager-1.4.0-SNAPSHOT.jar:?]
	at org.apache.hadoop.ozone.om.KeyManagerImpl.getFileStatus(KeyManagerImpl.java:1114) ~[ozone-manager-1.4.0-SNAPSHOT.jar:?]
	at org.apache.hadoop.ozone.om.OmMetadataReader.getFileStatus(OmMetadataReader.java:288) ~[ozone-manager-1.4.0-SNAPSHOT.jar:?]
	at org.apache.hadoop.ozone.om.OzoneManager.getFileStatus(OzoneManager.java:3494) ~[ozone-manager-1.4.0-SNAPSHOT.jar:?]
	at org.apache.hadoop.ozone.protocolPB.OzoneManagerRequestHandler.getOzoneFileStatus(OzoneManagerRequestHandler.java:933) ~[ozone-manager-1.4.0-SNAPSHOT.jar:?]
	at org.apache.hadoop.ozone.protocolPB.OzoneManagerRequestHandler.handleReadRequest(OzoneManagerRequestHandler.java:238) ~[ozone-manager-1.4.0-SNAPSHOT.jar:?]
	at org.apache.hadoop.ozone.protocolPB.OzoneManagerProtocolServerSideTranslatorPB.submitRequestDirectlyToOM(OzoneManagerProtocolServerSideTranslatorPB.java:272) ~[ozone-manager-1.4.0-SNAPSHOT.jar:?]
	at org.apache.hadoop.ozone.protocolPB.OzoneManagerProtocolServerSideTranslatorPB.processRequest(OzoneManagerProtocolServerSideTranslatorPB.java:173) ~[ozone-manager-1.4.0-SNAPSHOT.jar:?]
	at org.apache.hadoop.hdds.server.OzoneProtocolMessageDispatcher.processRequest(OzoneProtocolMessageDispatcher.java:87) [hdds-server-framework-1.4.0-SNAPSHOT.jar:?]
	at org.apache.hadoop.ozone.protocolPB.OzoneManagerProtocolServerSideTranslatorPB.submitRequest(OzoneManagerProtocolServerSideTranslatorPB.java:147) [ozone-manager-1.4.0-SNAPSHOT.jar:?]
	at org.apache.hadoop.ozone.protocol.proto.OzoneManagerProtocolProtos$OzoneManagerService$2.callBlockingMethod(OzoneManagerProtocolProtos.java) [ozone-interface-client-1.4.0-SNAPSHOT.jar:?]
	at org.apache.hadoop.ipc.ProtobufRpcEngine$Server.processCall(ProtobufRpcEngine.java:465) [hadoop-common-3.3.4.jar:?]
	at org.apache.hadoop.ipc.ProtobufRpcEngine2$Server$ProtoBufRpcInvoker.call(ProtobufRpcEngine2.java:578) [hadoop-common-3.3.4.jar:?]
	at org.apache.hadoop.ipc.ProtobufRpcEngine2$Server$ProtoBufRpcInvoker.call(ProtobufRpcEngine2.java:556) [hadoop-common-3.3.4.jar:?]
	at org.apache.hadoop.ipc.RPC$Server.call(RPC.java:1093) [hadoop-common-3.3.4.jar:?]
	at org.apache.hadoop.ipc.Server$RpcCall.run(Server.java:1043) [hadoop-common-3.3.4.jar:?]
	at org.apache.hadoop.ipc.Server$RpcCall.run(Server.java:971) [hadoop-common-3.3.4.jar:?]
	at java.security.AccessController.doPrivileged(Native Method) ~[?:1.8.0_362]
	at javax.security.auth.Subject.doAs(Subject.java:422) [?:1.8.0_362]
	at org.apache.hadoop.security.UserGroupInformation.doAs(UserGroupInformation.java:1878) [hadoop-common-3.3.4.jar:?]
	at org.apache.hadoop.ipc.Server$Handler.run(Server.java:2976) [hadoop-common-3.3.4.jar:?]
20:05:50.900 [IPC Server handler 6 on default port 40321] ERROR OMAudit - user=runner | ip=127.0.0.1 | op=GET_FILE_STATUS {volume=volume45206, bucket=bucket25127, key=testBatchDelete/parent, dataSize=0, replicationConfig=null} | ret=FAILURE
org.apache.hadoop.ozone.om.exceptions.OMException: Unable to get file status: volume: volume45206 bucket: bucket25127 key: testBatchDelete/parent
	at org.apache.hadoop.ozone.om.KeyManagerImpl.getOzoneFileStatus(KeyManagerImpl.java:1196) ~[ozone-manager-1.4.0-SNAPSHOT.jar:?]
	at org.apache.hadoop.ozone.om.KeyManagerImpl.getFileStatus(KeyManagerImpl.java:1114) ~[ozone-manager-1.4.0-SNAPSHOT.jar:?]
	at org.apache.hadoop.ozone.om.OmMetadataReader.getFileStatus(OmMetadataReader.java:288) ~[ozone-manager-1.4.0-SNAPSHOT.jar:?]
	at org.apache.hadoop.ozone.om.OzoneManager.getFileStatus(OzoneManager.java:3494) ~[ozone-manager-1.4.0-SNAPSHOT.jar:?]
	at org.apache.hadoop.ozone.protocolPB.OzoneManagerRequestHandler.getOzoneFileStatus(OzoneManagerRequestHandler.java:933) ~[ozone-manager-1.4.0-SNAPSHOT.jar:?]
	at org.apache.hadoop.ozone.protocolPB.OzoneManagerRequestHandler.handleReadRequest(OzoneManagerRequestHandler.java:238) ~[ozone-manager-1.4.0-SNAPSHOT.jar:?]
	at org.apache.hadoop.ozone.protocolPB.OzoneManagerProtocolServerSideTranslatorPB.submitRequestDirectlyToOM(OzoneManagerProtocolServerSideTranslatorPB.java:272) ~[ozone-manager-1.4.0-SNAPSHOT.jar:?]
	at org.apache.hadoop.ozone.protocolPB.OzoneManagerProtocolServerSideTranslatorPB.processRequest(OzoneManagerProtocolServerSideTranslatorPB.java:173) ~[ozone-manager-1.4.0-SNAPSHOT.jar:?]
	at org.apache.hadoop.hdds.server.OzoneProtocolMessageDispatcher.processRequest(OzoneProtocolMessageDispatcher.java:87) [hdds-server-framework-1.4.0-SNAPSHOT.jar:?]
	at org.apache.hadoop.ozone.protocolPB.OzoneManagerProtocolServerSideTranslatorPB.submitRequest(OzoneManagerProtocolServerSideTranslatorPB.java:147) [ozone-manager-1.4.0-SNAPSHOT.jar:?]
	at org.apache.hadoop.ozone.protocol.proto.OzoneManagerProtocolProtos$OzoneManagerService$2.callBlockingMethod(OzoneManagerProtocolProtos.java) [ozone-interface-client-1.4.0-SNAPSHOT.jar:?]
	at org.apache.hadoop.ipc.ProtobufRpcEngine$Server.processCall(ProtobufRpcEngine.java:465) [hadoop-common-3.3.4.jar:?]
	at org.apache.hadoop.ipc.ProtobufRpcEngine2$Server$ProtoBufRpcInvoker.call(ProtobufRpcEngine2.java:578) [hadoop-common-3.3.4.jar:?]
	at org.apache.hadoop.ipc.ProtobufRpcEngine2$Server$ProtoBufRpcInvoker.call(ProtobufRpcEngine2.java:556) [hadoop-common-3.3.4.jar:?]
	at org.apache.hadoop.ipc.RPC$Server.call(RPC.java:1093) [hadoop-common-3.3.4.jar:?]
	at org.apache.hadoop.ipc.Server$RpcCall.run(Server.java:1043) [hadoop-common-3.3.4.jar:?]
	at org.apache.hadoop.ipc.Server$RpcCall.run(Server.java:971) [hadoop-common-3.3.4.jar:?]
	at java.security.AccessController.doPrivileged(Native Method) ~[?:1.8.0_362]
	at javax.security.auth.Subject.doAs(Subject.java:422) [?:1.8.0_362]
	at org.apache.hadoop.security.UserGroupInformation.doAs(UserGroupInformation.java:1878) [hadoop-common-3.3.4.jar:?]
	at org.apache.hadoop.ipc.Server$Handler.run(Server.java:2976) [hadoop-common-3.3.4.jar:?]
2023-03-16 20:05:50,901 [Time-limited test] WARN  ozone.BasicOzoneFileSystem (BasicOzoneFileSystem.java:delete(559)) - delete: Path does not exist: /testBatchDelete/parent
]]></system-out>
  </testcase>
  <testcase name="testFileDelete" classname="TestOzoneFileSystem" time="0.161">
    <system-out><![CDATA[2023-03-16 20:06:54,790 [OM StateMachine ApplyTransaction Thread - 0] INFO  key.OMKeyRequest (OMKeyRequest.java:wrapUncommittedBlocksAsPseudoKey(838)) - Detect allocated but uncommitted blocks [{blockID={containerID=2, localID=111677748019200040}, length=4194304, offset=0, token=null, pipeline=null, createVersion=0, partNumber=0}] in key testBatchDelete/parent/child0.
2023-03-16 20:06:54,796 [OM StateMachine ApplyTransaction Thread - 0] INFO  key.OMKeyRequest (OMKeyRequest.java:wrapUncommittedBlocksAsPseudoKey(838)) - Detect allocated but uncommitted blocks [{blockID={containerID=4, localID=111677748019200041}, length=4194304, offset=0, token=null, pipeline=null, createVersion=0, partNumber=0}] in key testBatchDelete/parent/childFolder/child0.
2023-03-16 20:06:54,804 [OM StateMachine ApplyTransaction Thread - 0] INFO  key.OMKeyRequest (OMKeyRequest.java:wrapUncommittedBlocksAsPseudoKey(838)) - Detect allocated but uncommitted blocks [{blockID={containerID=3, localID=111677748019200042}, length=4194304, offset=0, token=null, pipeline=null, createVersion=0, partNumber=0}] in key testBatchDelete/parent/child1.
2023-03-16 20:06:54,812 [OM StateMachine ApplyTransaction Thread - 0] INFO  key.OMKeyRequest (OMKeyRequest.java:wrapUncommittedBlocksAsPseudoKey(838)) - Detect allocated but uncommitted blocks [{blockID={containerID=1, localID=111677748019200043}, length=4194304, offset=0, token=null, pipeline=null, createVersion=0, partNumber=0}] in key testBatchDelete/parent/childFolder/child1.
2023-03-16 20:06:54,825 [OM StateMachine ApplyTransaction Thread - 0] INFO  key.OMKeyRequest (OMKeyRequest.java:wrapUncommittedBlocksAsPseudoKey(838)) - Detect allocated but uncommitted blocks [{blockID={containerID=2, localID=111677748019200044}, length=4194304, offset=0, token=null, pipeline=null, createVersion=0, partNumber=0}] in key testBatchDelete/parent/child2.
2023-03-16 20:06:54,831 [OM StateMachine ApplyTransaction Thread - 0] INFO  key.OMKeyRequest (OMKeyRequest.java:wrapUncommittedBlocksAsPseudoKey(838)) - Detect allocated but uncommitted blocks [{blockID={containerID=4, localID=111677748019200045}, length=4194304, offset=0, token=null, pipeline=null, createVersion=0, partNumber=0}] in key testBatchDelete/parent/childFolder/child2.
2023-03-16 20:06:54,837 [OM StateMachine ApplyTransaction Thread - 0] INFO  key.OMKeyRequest (OMKeyRequest.java:wrapUncommittedBlocksAsPseudoKey(838)) - Detect allocated but uncommitted blocks [{blockID={containerID=3, localID=111677748019200046}, length=4194304, offset=0, token=null, pipeline=null, createVersion=0, partNumber=0}] in key testBatchDelete/parent/child3.
2023-03-16 20:06:54,845 [OM StateMachine ApplyTransaction Thread - 0] INFO  key.OMKeyRequest (OMKeyRequest.java:wrapUncommittedBlocksAsPseudoKey(838)) - Detect allocated but uncommitted blocks [{blockID={containerID=1, localID=111677748019200047}, length=4194304, offset=0, token=null, pipeline=null, createVersion=0, partNumber=0}] in key testBatchDelete/parent/childFolder/child3.
2023-03-16 20:06:54,853 [OM StateMachine ApplyTransaction Thread - 0] INFO  key.OMKeyRequest (OMKeyRequest.java:wrapUncommittedBlocksAsPseudoKey(838)) - Detect allocated but uncommitted blocks [{blockID={containerID=4, localID=111677748019200048}, length=4194304, offset=0, token=null, pipeline=null, createVersion=0, partNumber=0}] in key testBatchDelete/parent/child4.
2023-03-16 20:06:54,858 [OM StateMachine ApplyTransaction Thread - 0] INFO  key.OMKeyRequest (OMKeyRequest.java:wrapUncommittedBlocksAsPseudoKey(838)) - Detect allocated but uncommitted blocks [{blockID={containerID=3, localID=111677748019200049}, length=4194304, offset=0, token=null, pipeline=null, createVersion=0, partNumber=0}] in key testBatchDelete/parent/childFolder/child4.
2023-03-16 20:06:54,865 [OM StateMachine ApplyTransaction Thread - 0] INFO  key.OMKeyRequest (OMKeyRequest.java:wrapUncommittedBlocksAsPseudoKey(838)) - Detect allocated but uncommitted blocks [{blockID={containerID=2, localID=111677748019200050}, length=4194304, offset=0, token=null, pipeline=null, createVersion=0, partNumber=0}] in key testBatchDelete/parent/child5.
2023-03-16 20:06:54,870 [OM StateMachine ApplyTransaction Thread - 0] INFO  key.OMKeyRequest (OMKeyRequest.java:wrapUncommittedBlocksAsPseudoKey(838)) - Detect allocated but uncommitted blocks [{blockID={containerID=1, localID=111677748019200051}, length=4194304, offset=0, token=null, pipeline=null, createVersion=0, partNumber=0}] in key testBatchDelete/parent/childFolder/child5.
2023-03-16 20:06:54,875 [OM StateMachine ApplyTransaction Thread - 0] INFO  key.OMKeyRequest (OMKeyRequest.java:wrapUncommittedBlocksAsPseudoKey(838)) - Detect allocated but uncommitted blocks [{blockID={containerID=4, localID=111677748019200052}, length=4194304, offset=0, token=null, pipeline=null, createVersion=0, partNumber=0}] in key testBatchDelete/parent/child6.
2023-03-16 20:06:54,882 [OM StateMachine ApplyTransaction Thread - 0] INFO  key.OMKeyRequest (OMKeyRequest.java:wrapUncommittedBlocksAsPseudoKey(838)) - Detect allocated but uncommitted blocks [{blockID={containerID=3, localID=111677748019200053}, length=4194304, offset=0, token=null, pipeline=null, createVersion=0, partNumber=0}] in key testBatchDelete/parent/childFolder/child6.
2023-03-16 20:06:54,888 [OM StateMachine ApplyTransaction Thread - 0] INFO  key.OMKeyRequest (OMKeyRequest.java:wrapUncommittedBlocksAsPseudoKey(838)) - Detect allocated but uncommitted blocks [{blockID={containerID=2, localID=111677748019200054}, length=4194304, offset=0, token=null, pipeline=null, createVersion=0, partNumber=0}] in key testBatchDelete/parent/child7.
2023-03-16 20:06:54,897 [OM StateMachine ApplyTransaction Thread - 0] INFO  key.OMKeyRequest (OMKeyRequest.java:wrapUncommittedBlocksAsPseudoKey(838)) - Detect allocated but uncommitted blocks [{blockID={containerID=1, localID=111677748019200055}, length=4194304, offset=0, token=null, pipeline=null, createVersion=0, partNumber=0}] in key testBatchDelete/parent/childFolder/child7.
20:06:54.912 [IPC Server handler 16 on default port 37437] ERROR OMAudit - user=runner | ip=127.0.0.1 | op=GET_FILE_STATUS {volume=volume46233, bucket=bucket02547, key=testBatchDelete, dataSize=0, replicationConfig=null} | ret=FAILURE
org.apache.hadoop.ozone.om.exceptions.OMException: Unable to get file status: volume: volume46233 bucket: bucket02547 key: testBatchDelete
	at org.apache.hadoop.ozone.om.KeyManagerImpl.getOzoneFileStatus(KeyManagerImpl.java:1196) ~[ozone-manager-1.4.0-SNAPSHOT.jar:?]
	at org.apache.hadoop.ozone.om.KeyManagerImpl.getFileStatus(KeyManagerImpl.java:1114) ~[ozone-manager-1.4.0-SNAPSHOT.jar:?]
	at org.apache.hadoop.ozone.om.OmMetadataReader.getFileStatus(OmMetadataReader.java:288) ~[ozone-manager-1.4.0-SNAPSHOT.jar:?]
	at org.apache.hadoop.ozone.om.OzoneManager.getFileStatus(OzoneManager.java:3494) ~[ozone-manager-1.4.0-SNAPSHOT.jar:?]
	at org.apache.hadoop.ozone.protocolPB.OzoneManagerRequestHandler.getOzoneFileStatus(OzoneManagerRequestHandler.java:933) ~[ozone-manager-1.4.0-SNAPSHOT.jar:?]
	at org.apache.hadoop.ozone.protocolPB.OzoneManagerRequestHandler.handleReadRequest(OzoneManagerRequestHandler.java:238) ~[ozone-manager-1.4.0-SNAPSHOT.jar:?]
	at org.apache.hadoop.ozone.protocolPB.OzoneManagerProtocolServerSideTranslatorPB.submitReadRequestToOM(OzoneManagerProtocolServerSideTranslatorPB.java:223) ~[ozone-manager-1.4.0-SNAPSHOT.jar:?]
	at org.apache.hadoop.ozone.protocolPB.OzoneManagerProtocolServerSideTranslatorPB.processRequest(OzoneManagerProtocolServerSideTranslatorPB.java:177) ~[ozone-manager-1.4.0-SNAPSHOT.jar:?]
	at org.apache.hadoop.hdds.server.OzoneProtocolMessageDispatcher.processRequest(OzoneProtocolMessageDispatcher.java:87) [hdds-server-framework-1.4.0-SNAPSHOT.jar:?]
	at org.apache.hadoop.ozone.protocolPB.OzoneManagerProtocolServerSideTranslatorPB.submitRequest(OzoneManagerProtocolServerSideTranslatorPB.java:147) [ozone-manager-1.4.0-SNAPSHOT.jar:?]
	at org.apache.hadoop.ozone.protocol.proto.OzoneManagerProtocolProtos$OzoneManagerService$2.callBlockingMethod(OzoneManagerProtocolProtos.java) [ozone-interface-client-1.4.0-SNAPSHOT.jar:?]
	at org.apache.hadoop.ipc.ProtobufRpcEngine$Server.processCall(ProtobufRpcEngine.java:465) [hadoop-common-3.3.4.jar:?]
	at org.apache.hadoop.ipc.ProtobufRpcEngine2$Server$ProtoBufRpcInvoker.call(ProtobufRpcEngine2.java:578) [hadoop-common-3.3.4.jar:?]
	at org.apache.hadoop.ipc.ProtobufRpcEngine2$Server$ProtoBufRpcInvoker.call(ProtobufRpcEngine2.java:556) [hadoop-common-3.3.4.jar:?]
	at org.apache.hadoop.ipc.RPC$Server.call(RPC.java:1093) [hadoop-common-3.3.4.jar:?]
	at org.apache.hadoop.ipc.Server$RpcCall.run(Server.java:1043) [hadoop-common-3.3.4.jar:?]
	at org.apache.hadoop.ipc.Server$RpcCall.run(Server.java:971) [hadoop-common-3.3.4.jar:?]
	at java.security.AccessController.doPrivileged(Native Method) ~[?:1.8.0_362]
	at javax.security.auth.Subject.doAs(Subject.java:422) [?:1.8.0_362]
	at org.apache.hadoop.security.UserGroupInformation.doAs(UserGroupInformation.java:1878) [hadoop-common-3.3.4.jar:?]
	at org.apache.hadoop.ipc.Server$Handler.run(Server.java:2976) [hadoop-common-3.3.4.jar:?]
20:06:54.913 [IPC Server handler 1 on default port 37437] ERROR OMAudit - user=runner | ip=127.0.0.1 | op=GET_FILE_STATUS {volume=volume46233, bucket=bucket02547, key=testBatchDelete/parent/child0, dataSize=0, replicationConfig=null} | ret=FAILURE
org.apache.hadoop.ozone.om.exceptions.OMException: Unable to get file status: volume: volume46233 bucket: bucket02547 key: testBatchDelete/parent/child0
	at org.apache.hadoop.ozone.om.KeyManagerImpl.getOzoneFileStatus(KeyManagerImpl.java:1196) ~[ozone-manager-1.4.0-SNAPSHOT.jar:?]
	at org.apache.hadoop.ozone.om.KeyManagerImpl.getFileStatus(KeyManagerImpl.java:1114) ~[ozone-manager-1.4.0-SNAPSHOT.jar:?]
	at org.apache.hadoop.ozone.om.OmMetadataReader.getFileStatus(OmMetadataReader.java:288) ~[ozone-manager-1.4.0-SNAPSHOT.jar:?]
	at org.apache.hadoop.ozone.om.OzoneManager.getFileStatus(OzoneManager.java:3494) ~[ozone-manager-1.4.0-SNAPSHOT.jar:?]
	at org.apache.hadoop.ozone.protocolPB.OzoneManagerRequestHandler.getOzoneFileStatus(OzoneManagerRequestHandler.java:933) ~[ozone-manager-1.4.0-SNAPSHOT.jar:?]
	at org.apache.hadoop.ozone.protocolPB.OzoneManagerRequestHandler.handleReadRequest(OzoneManagerRequestHandler.java:238) ~[ozone-manager-1.4.0-SNAPSHOT.jar:?]
	at org.apache.hadoop.ozone.protocolPB.OzoneManagerProtocolServerSideTranslatorPB.submitReadRequestToOM(OzoneManagerProtocolServerSideTranslatorPB.java:223) ~[ozone-manager-1.4.0-SNAPSHOT.jar:?]
	at org.apache.hadoop.ozone.protocolPB.OzoneManagerProtocolServerSideTranslatorPB.processRequest(OzoneManagerProtocolServerSideTranslatorPB.java:177) ~[ozone-manager-1.4.0-SNAPSHOT.jar:?]
	at org.apache.hadoop.hdds.server.OzoneProtocolMessageDispatcher.processRequest(OzoneProtocolMessageDispatcher.java:87) [hdds-server-framework-1.4.0-SNAPSHOT.jar:?]
	at org.apache.hadoop.ozone.protocolPB.OzoneManagerProtocolServerSideTranslatorPB.submitRequest(OzoneManagerProtocolServerSideTranslatorPB.java:147) [ozone-manager-1.4.0-SNAPSHOT.jar:?]
	at org.apache.hadoop.ozone.protocol.proto.OzoneManagerProtocolProtos$OzoneManagerService$2.callBlockingMethod(OzoneManagerProtocolProtos.java) [ozone-interface-client-1.4.0-SNAPSHOT.jar:?]
	at org.apache.hadoop.ipc.ProtobufRpcEngine$Server.processCall(ProtobufRpcEngine.java:465) [hadoop-common-3.3.4.jar:?]
	at org.apache.hadoop.ipc.ProtobufRpcEngine2$Server$ProtoBufRpcInvoker.call(ProtobufRpcEngine2.java:578) [hadoop-common-3.3.4.jar:?]
	at org.apache.hadoop.ipc.ProtobufRpcEngine2$Server$ProtoBufRpcInvoker.call(ProtobufRpcEngine2.java:556) [hadoop-common-3.3.4.jar:?]
	at org.apache.hadoop.ipc.RPC$Server.call(RPC.java:1093) [hadoop-common-3.3.4.jar:?]
	at org.apache.hadoop.ipc.Server$RpcCall.run(Server.java:1043) [hadoop-common-3.3.4.jar:?]
	at org.apache.hadoop.ipc.Server$RpcCall.run(Server.java:971) [hadoop-common-3.3.4.jar:?]
	at java.security.AccessController.doPrivileged(Native Method) ~[?:1.8.0_362]
	at javax.security.auth.Subject.doAs(Subject.java:422) [?:1.8.0_362]
	at org.apache.hadoop.security.UserGroupInformation.doAs(UserGroupInformation.java:1878) [hadoop-common-3.3.4.jar:?]
	at org.apache.hadoop.ipc.Server$Handler.run(Server.java:2976) [hadoop-common-3.3.4.jar:?]
20:06:54.914 [IPC Server handler 0 on default port 37437] ERROR OMAudit - user=runner | ip=127.0.0.1 | op=GET_FILE_STATUS {volume=volume46233, bucket=bucket02547, key=testBatchDelete/parent/childFolder/child0, dataSize=0, replicationConfig=null} | ret=FAILURE
org.apache.hadoop.ozone.om.exceptions.OMException: Unable to get file status: volume: volume46233 bucket: bucket02547 key: testBatchDelete/parent/childFolder/child0
	at org.apache.hadoop.ozone.om.KeyManagerImpl.getOzoneFileStatus(KeyManagerImpl.java:1196) ~[ozone-manager-1.4.0-SNAPSHOT.jar:?]
	at org.apache.hadoop.ozone.om.KeyManagerImpl.getFileStatus(KeyManagerImpl.java:1114) ~[ozone-manager-1.4.0-SNAPSHOT.jar:?]
	at org.apache.hadoop.ozone.om.OmMetadataReader.getFileStatus(OmMetadataReader.java:288) ~[ozone-manager-1.4.0-SNAPSHOT.jar:?]
	at org.apache.hadoop.ozone.om.OzoneManager.getFileStatus(OzoneManager.java:3494) ~[ozone-manager-1.4.0-SNAPSHOT.jar:?]
	at org.apache.hadoop.ozone.protocolPB.OzoneManagerRequestHandler.getOzoneFileStatus(OzoneManagerRequestHandler.java:933) ~[ozone-manager-1.4.0-SNAPSHOT.jar:?]
	at org.apache.hadoop.ozone.protocolPB.OzoneManagerRequestHandler.handleReadRequest(OzoneManagerRequestHandler.java:238) ~[ozone-manager-1.4.0-SNAPSHOT.jar:?]
	at org.apache.hadoop.ozone.protocolPB.OzoneManagerProtocolServerSideTranslatorPB.submitReadRequestToOM(OzoneManagerProtocolServerSideTranslatorPB.java:223) ~[ozone-manager-1.4.0-SNAPSHOT.jar:?]
	at org.apache.hadoop.ozone.protocolPB.OzoneManagerProtocolServerSideTranslatorPB.processRequest(OzoneManagerProtocolServerSideTranslatorPB.java:177) ~[ozone-manager-1.4.0-SNAPSHOT.jar:?]
	at org.apache.hadoop.hdds.server.OzoneProtocolMessageDispatcher.processRequest(OzoneProtocolMessageDispatcher.java:87) [hdds-server-framework-1.4.0-SNAPSHOT.jar:?]
	at org.apache.hadoop.ozone.protocolPB.OzoneManagerProtocolServerSideTranslatorPB.submitRequest(OzoneManagerProtocolServerSideTranslatorPB.java:147) [ozone-manager-1.4.0-SNAPSHOT.jar:?]
	at org.apache.hadoop.ozone.protocol.proto.OzoneManagerProtocolProtos$OzoneManagerService$2.callBlockingMethod(OzoneManagerProtocolProtos.java) [ozone-interface-client-1.4.0-SNAPSHOT.jar:?]
	at org.apache.hadoop.ipc.ProtobufRpcEngine$Server.processCall(ProtobufRpcEngine.java:465) [hadoop-common-3.3.4.jar:?]
	at org.apache.hadoop.ipc.ProtobufRpcEngine2$Server$ProtoBufRpcInvoker.call(ProtobufRpcEngine2.java:578) [hadoop-common-3.3.4.jar:?]
	at org.apache.hadoop.ipc.ProtobufRpcEngine2$Server$ProtoBufRpcInvoker.call(ProtobufRpcEngine2.java:556) [hadoop-common-3.3.4.jar:?]
	at org.apache.hadoop.ipc.RPC$Server.call(RPC.java:1093) [hadoop-common-3.3.4.jar:?]
	at org.apache.hadoop.ipc.Server$RpcCall.run(Server.java:1043) [hadoop-common-3.3.4.jar:?]
	at org.apache.hadoop.ipc.Server$RpcCall.run(Server.java:971) [hadoop-common-3.3.4.jar:?]
	at java.security.AccessController.doPrivileged(Native Method) ~[?:1.8.0_362]
	at javax.security.auth.Subject.doAs(Subject.java:422) [?:1.8.0_362]
	at org.apache.hadoop.security.UserGroupInformation.doAs(UserGroupInformation.java:1878) [hadoop-common-3.3.4.jar:?]
	at org.apache.hadoop.ipc.Server$Handler.run(Server.java:2976) [hadoop-common-3.3.4.jar:?]
20:06:54.915 [IPC Server handler 4 on default port 37437] ERROR OMAudit - user=runner | ip=127.0.0.1 | op=GET_FILE_STATUS {volume=volume46233, bucket=bucket02547, key=testBatchDelete/parent/child1, dataSize=0, replicationConfig=null} | ret=FAILURE
org.apache.hadoop.ozone.om.exceptions.OMException: Unable to get file status: volume: volume46233 bucket: bucket02547 key: testBatchDelete/parent/child1
	at org.apache.hadoop.ozone.om.KeyManagerImpl.getOzoneFileStatus(KeyManagerImpl.java:1196) ~[ozone-manager-1.4.0-SNAPSHOT.jar:?]
	at org.apache.hadoop.ozone.om.KeyManagerImpl.getFileStatus(KeyManagerImpl.java:1114) ~[ozone-manager-1.4.0-SNAPSHOT.jar:?]
	at org.apache.hadoop.ozone.om.OmMetadataReader.getFileStatus(OmMetadataReader.java:288) ~[ozone-manager-1.4.0-SNAPSHOT.jar:?]
	at org.apache.hadoop.ozone.om.OzoneManager.getFileStatus(OzoneManager.java:3494) ~[ozone-manager-1.4.0-SNAPSHOT.jar:?]
	at org.apache.hadoop.ozone.protocolPB.OzoneManagerRequestHandler.getOzoneFileStatus(OzoneManagerRequestHandler.java:933) ~[ozone-manager-1.4.0-SNAPSHOT.jar:?]
	at org.apache.hadoop.ozone.protocolPB.OzoneManagerRequestHandler.handleReadRequest(OzoneManagerRequestHandler.java:238) ~[ozone-manager-1.4.0-SNAPSHOT.jar:?]
	at org.apache.hadoop.ozone.protocolPB.OzoneManagerProtocolServerSideTranslatorPB.submitReadRequestToOM(OzoneManagerProtocolServerSideTranslatorPB.java:223) ~[ozone-manager-1.4.0-SNAPSHOT.jar:?]
	at org.apache.hadoop.ozone.protocolPB.OzoneManagerProtocolServerSideTranslatorPB.processRequest(OzoneManagerProtocolServerSideTranslatorPB.java:177) ~[ozone-manager-1.4.0-SNAPSHOT.jar:?]
	at org.apache.hadoop.hdds.server.OzoneProtocolMessageDispatcher.processRequest(OzoneProtocolMessageDispatcher.java:87) [hdds-server-framework-1.4.0-SNAPSHOT.jar:?]
	at org.apache.hadoop.ozone.protocolPB.OzoneManagerProtocolServerSideTranslatorPB.submitRequest(OzoneManagerProtocolServerSideTranslatorPB.java:147) [ozone-manager-1.4.0-SNAPSHOT.jar:?]
	at org.apache.hadoop.ozone.protocol.proto.OzoneManagerProtocolProtos$OzoneManagerService$2.callBlockingMethod(OzoneManagerProtocolProtos.java) [ozone-interface-client-1.4.0-SNAPSHOT.jar:?]
	at org.apache.hadoop.ipc.ProtobufRpcEngine$Server.processCall(ProtobufRpcEngine.java:465) [hadoop-common-3.3.4.jar:?]
	at org.apache.hadoop.ipc.ProtobufRpcEngine2$Server$ProtoBufRpcInvoker.call(ProtobufRpcEngine2.java:578) [hadoop-common-3.3.4.jar:?]
	at org.apache.hadoop.ipc.ProtobufRpcEngine2$Server$ProtoBufRpcInvoker.call(ProtobufRpcEngine2.java:556) [hadoop-common-3.3.4.jar:?]
	at org.apache.hadoop.ipc.RPC$Server.call(RPC.java:1093) [hadoop-common-3.3.4.jar:?]
	at org.apache.hadoop.ipc.Server$RpcCall.run(Server.java:1043) [hadoop-common-3.3.4.jar:?]
	at org.apache.hadoop.ipc.Server$RpcCall.run(Server.java:971) [hadoop-common-3.3.4.jar:?]
	at java.security.AccessController.doPrivileged(Native Method) ~[?:1.8.0_362]
	at javax.security.auth.Subject.doAs(Subject.java:422) [?:1.8.0_362]
	at org.apache.hadoop.security.UserGroupInformation.doAs(UserGroupInformation.java:1878) [hadoop-common-3.3.4.jar:?]
	at org.apache.hadoop.ipc.Server$Handler.run(Server.java:2976) [hadoop-common-3.3.4.jar:?]
20:06:54.916 [IPC Server handler 14 on default port 37437] ERROR OMAudit - user=runner | ip=127.0.0.1 | op=GET_FILE_STATUS {volume=volume46233, bucket=bucket02547, key=testBatchDelete/parent/childFolder/child1, dataSize=0, replicationConfig=null} | ret=FAILURE
org.apache.hadoop.ozone.om.exceptions.OMException: Unable to get file status: volume: volume46233 bucket: bucket02547 key: testBatchDelete/parent/childFolder/child1
	at org.apache.hadoop.ozone.om.KeyManagerImpl.getOzoneFileStatus(KeyManagerImpl.java:1196) ~[ozone-manager-1.4.0-SNAPSHOT.jar:?]
	at org.apache.hadoop.ozone.om.KeyManagerImpl.getFileStatus(KeyManagerImpl.java:1114) ~[ozone-manager-1.4.0-SNAPSHOT.jar:?]
	at org.apache.hadoop.ozone.om.OmMetadataReader.getFileStatus(OmMetadataReader.java:288) ~[ozone-manager-1.4.0-SNAPSHOT.jar:?]
	at org.apache.hadoop.ozone.om.OzoneManager.getFileStatus(OzoneManager.java:3494) ~[ozone-manager-1.4.0-SNAPSHOT.jar:?]
	at org.apache.hadoop.ozone.protocolPB.OzoneManagerRequestHandler.getOzoneFileStatus(OzoneManagerRequestHandler.java:933) ~[ozone-manager-1.4.0-SNAPSHOT.jar:?]
	at org.apache.hadoop.ozone.protocolPB.OzoneManagerRequestHandler.handleReadRequest(OzoneManagerRequestHandler.java:238) ~[ozone-manager-1.4.0-SNAPSHOT.jar:?]
	at org.apache.hadoop.ozone.protocolPB.OzoneManagerProtocolServerSideTranslatorPB.submitReadRequestToOM(OzoneManagerProtocolServerSideTranslatorPB.java:223) ~[ozone-manager-1.4.0-SNAPSHOT.jar:?]
	at org.apache.hadoop.ozone.protocolPB.OzoneManagerProtocolServerSideTranslatorPB.processRequest(OzoneManagerProtocolServerSideTranslatorPB.java:177) ~[ozone-manager-1.4.0-SNAPSHOT.jar:?]
	at org.apache.hadoop.hdds.server.OzoneProtocolMessageDispatcher.processRequest(OzoneProtocolMessageDispatcher.java:87) [hdds-server-framework-1.4.0-SNAPSHOT.jar:?]
	at org.apache.hadoop.ozone.protocolPB.OzoneManagerProtocolServerSideTranslatorPB.submitRequest(OzoneManagerProtocolServerSideTranslatorPB.java:147) [ozone-manager-1.4.0-SNAPSHOT.jar:?]
	at org.apache.hadoop.ozone.protocol.proto.OzoneManagerProtocolProtos$OzoneManagerService$2.callBlockingMethod(OzoneManagerProtocolProtos.java) [ozone-interface-client-1.4.0-SNAPSHOT.jar:?]
	at org.apache.hadoop.ipc.ProtobufRpcEngine$Server.processCall(ProtobufRpcEngine.java:465) [hadoop-common-3.3.4.jar:?]
	at org.apache.hadoop.ipc.ProtobufRpcEngine2$Server$ProtoBufRpcInvoker.call(ProtobufRpcEngine2.java:578) [hadoop-common-3.3.4.jar:?]
	at org.apache.hadoop.ipc.ProtobufRpcEngine2$Server$ProtoBufRpcInvoker.call(ProtobufRpcEngine2.java:556) [hadoop-common-3.3.4.jar:?]
	at org.apache.hadoop.ipc.RPC$Server.call(RPC.java:1093) [hadoop-common-3.3.4.jar:?]
	at org.apache.hadoop.ipc.Server$RpcCall.run(Server.java:1043) [hadoop-common-3.3.4.jar:?]
	at org.apache.hadoop.ipc.Server$RpcCall.run(Server.java:971) [hadoop-common-3.3.4.jar:?]
	at java.security.AccessController.doPrivileged(Native Method) ~[?:1.8.0_362]
	at javax.security.auth.Subject.doAs(Subject.java:422) [?:1.8.0_362]
	at org.apache.hadoop.security.UserGroupInformation.doAs(UserGroupInformation.java:1878) [hadoop-common-3.3.4.jar:?]
	at org.apache.hadoop.ipc.Server$Handler.run(Server.java:2976) [hadoop-common-3.3.4.jar:?]
20:06:54.917 [IPC Server handler 11 on default port 37437] ERROR OMAudit - user=runner | ip=127.0.0.1 | op=GET_FILE_STATUS {volume=volume46233, bucket=bucket02547, key=testBatchDelete/parent/child2, dataSize=0, replicationConfig=null} | ret=FAILURE
org.apache.hadoop.ozone.om.exceptions.OMException: Unable to get file status: volume: volume46233 bucket: bucket02547 key: testBatchDelete/parent/child2
	at org.apache.hadoop.ozone.om.KeyManagerImpl.getOzoneFileStatus(KeyManagerImpl.java:1196) ~[ozone-manager-1.4.0-SNAPSHOT.jar:?]
	at org.apache.hadoop.ozone.om.KeyManagerImpl.getFileStatus(KeyManagerImpl.java:1114) ~[ozone-manager-1.4.0-SNAPSHOT.jar:?]
	at org.apache.hadoop.ozone.om.OmMetadataReader.getFileStatus(OmMetadataReader.java:288) ~[ozone-manager-1.4.0-SNAPSHOT.jar:?]
	at org.apache.hadoop.ozone.om.OzoneManager.getFileStatus(OzoneManager.java:3494) ~[ozone-manager-1.4.0-SNAPSHOT.jar:?]
	at org.apache.hadoop.ozone.protocolPB.OzoneManagerRequestHandler.getOzoneFileStatus(OzoneManagerRequestHandler.java:933) ~[ozone-manager-1.4.0-SNAPSHOT.jar:?]
	at org.apache.hadoop.ozone.protocolPB.OzoneManagerRequestHandler.handleReadRequest(OzoneManagerRequestHandler.java:238) ~[ozone-manager-1.4.0-SNAPSHOT.jar:?]
	at org.apache.hadoop.ozone.protocolPB.OzoneManagerProtocolServerSideTranslatorPB.submitReadRequestToOM(OzoneManagerProtocolServerSideTranslatorPB.java:223) ~[ozone-manager-1.4.0-SNAPSHOT.jar:?]
	at org.apache.hadoop.ozone.protocolPB.OzoneManagerProtocolServerSideTranslatorPB.processRequest(OzoneManagerProtocolServerSideTranslatorPB.java:177) ~[ozone-manager-1.4.0-SNAPSHOT.jar:?]
	at org.apache.hadoop.hdds.server.OzoneProtocolMessageDispatcher.processRequest(OzoneProtocolMessageDispatcher.java:87) [hdds-server-framework-1.4.0-SNAPSHOT.jar:?]
	at org.apache.hadoop.ozone.protocolPB.OzoneManagerProtocolServerSideTranslatorPB.submitRequest(OzoneManagerProtocolServerSideTranslatorPB.java:147) [ozone-manager-1.4.0-SNAPSHOT.jar:?]
	at org.apache.hadoop.ozone.protocol.proto.OzoneManagerProtocolProtos$OzoneManagerService$2.callBlockingMethod(OzoneManagerProtocolProtos.java) [ozone-interface-client-1.4.0-SNAPSHOT.jar:?]
	at org.apache.hadoop.ipc.ProtobufRpcEngine$Server.processCall(ProtobufRpcEngine.java:465) [hadoop-common-3.3.4.jar:?]
	at org.apache.hadoop.ipc.ProtobufRpcEngine2$Server$ProtoBufRpcInvoker.call(ProtobufRpcEngine2.java:578) [hadoop-common-3.3.4.jar:?]
	at org.apache.hadoop.ipc.ProtobufRpcEngine2$Server$ProtoBufRpcInvoker.call(ProtobufRpcEngine2.java:556) [hadoop-common-3.3.4.jar:?]
	at org.apache.hadoop.ipc.RPC$Server.call(RPC.java:1093) [hadoop-common-3.3.4.jar:?]
	at org.apache.hadoop.ipc.Server$RpcCall.run(Server.java:1043) [hadoop-common-3.3.4.jar:?]
	at org.apache.hadoop.ipc.Server$RpcCall.run(Server.java:971) [hadoop-common-3.3.4.jar:?]
	at java.security.AccessController.doPrivileged(Native Method) ~[?:1.8.0_362]
	at javax.security.auth.Subject.doAs(Subject.java:422) [?:1.8.0_362]
	at org.apache.hadoop.security.UserGroupInformation.doAs(UserGroupInformation.java:1878) [hadoop-common-3.3.4.jar:?]
	at org.apache.hadoop.ipc.Server$Handler.run(Server.java:2976) [hadoop-common-3.3.4.jar:?]
20:06:54.918 [IPC Server handler 8 on default port 37437] ERROR OMAudit - user=runner | ip=127.0.0.1 | op=GET_FILE_STATUS {volume=volume46233, bucket=bucket02547, key=testBatchDelete/parent/childFolder/child2, dataSize=0, replicationConfig=null} | ret=FAILURE
org.apache.hadoop.ozone.om.exceptions.OMException: Unable to get file status: volume: volume46233 bucket: bucket02547 key: testBatchDelete/parent/childFolder/child2
	at org.apache.hadoop.ozone.om.KeyManagerImpl.getOzoneFileStatus(KeyManagerImpl.java:1196) ~[ozone-manager-1.4.0-SNAPSHOT.jar:?]
	at org.apache.hadoop.ozone.om.KeyManagerImpl.getFileStatus(KeyManagerImpl.java:1114) ~[ozone-manager-1.4.0-SNAPSHOT.jar:?]
	at org.apache.hadoop.ozone.om.OmMetadataReader.getFileStatus(OmMetadataReader.java:288) ~[ozone-manager-1.4.0-SNAPSHOT.jar:?]
	at org.apache.hadoop.ozone.om.OzoneManager.getFileStatus(OzoneManager.java:3494) ~[ozone-manager-1.4.0-SNAPSHOT.jar:?]
	at org.apache.hadoop.ozone.protocolPB.OzoneManagerRequestHandler.getOzoneFileStatus(OzoneManagerRequestHandler.java:933) ~[ozone-manager-1.4.0-SNAPSHOT.jar:?]
	at org.apache.hadoop.ozone.protocolPB.OzoneManagerRequestHandler.handleReadRequest(OzoneManagerRequestHandler.java:238) ~[ozone-manager-1.4.0-SNAPSHOT.jar:?]
	at org.apache.hadoop.ozone.protocolPB.OzoneManagerProtocolServerSideTranslatorPB.submitReadRequestToOM(OzoneManagerProtocolServerSideTranslatorPB.java:223) ~[ozone-manager-1.4.0-SNAPSHOT.jar:?]
	at org.apache.hadoop.ozone.protocolPB.OzoneManagerProtocolServerSideTranslatorPB.processRequest(OzoneManagerProtocolServerSideTranslatorPB.java:177) ~[ozone-manager-1.4.0-SNAPSHOT.jar:?]
	at org.apache.hadoop.hdds.server.OzoneProtocolMessageDispatcher.processRequest(OzoneProtocolMessageDispatcher.java:87) [hdds-server-framework-1.4.0-SNAPSHOT.jar:?]
	at org.apache.hadoop.ozone.protocolPB.OzoneManagerProtocolServerSideTranslatorPB.submitRequest(OzoneManagerProtocolServerSideTranslatorPB.java:147) [ozone-manager-1.4.0-SNAPSHOT.jar:?]
	at org.apache.hadoop.ozone.protocol.proto.OzoneManagerProtocolProtos$OzoneManagerService$2.callBlockingMethod(OzoneManagerProtocolProtos.java) [ozone-interface-client-1.4.0-SNAPSHOT.jar:?]
	at org.apache.hadoop.ipc.ProtobufRpcEngine$Server.processCall(ProtobufRpcEngine.java:465) [hadoop-common-3.3.4.jar:?]
	at org.apache.hadoop.ipc.ProtobufRpcEngine2$Server$ProtoBufRpcInvoker.call(ProtobufRpcEngine2.java:578) [hadoop-common-3.3.4.jar:?]
	at org.apache.hadoop.ipc.ProtobufRpcEngine2$Server$ProtoBufRpcInvoker.call(ProtobufRpcEngine2.java:556) [hadoop-common-3.3.4.jar:?]
	at org.apache.hadoop.ipc.RPC$Server.call(RPC.java:1093) [hadoop-common-3.3.4.jar:?]
	at org.apache.hadoop.ipc.Server$RpcCall.run(Server.java:1043) [hadoop-common-3.3.4.jar:?]
	at org.apache.hadoop.ipc.Server$RpcCall.run(Server.java:971) [hadoop-common-3.3.4.jar:?]
	at java.security.AccessController.doPrivileged(Native Method) ~[?:1.8.0_362]
	at javax.security.auth.Subject.doAs(Subject.java:422) [?:1.8.0_362]
	at org.apache.hadoop.security.UserGroupInformation.doAs(UserGroupInformation.java:1878) [hadoop-common-3.3.4.jar:?]
	at org.apache.hadoop.ipc.Server$Handler.run(Server.java:2976) [hadoop-common-3.3.4.jar:?]
20:06:54.918 [IPC Server handler 3 on default port 37437] ERROR OMAudit - user=runner | ip=127.0.0.1 | op=GET_FILE_STATUS {volume=volume46233, bucket=bucket02547, key=testBatchDelete/parent/child3, dataSize=0, replicationConfig=null} | ret=FAILURE
org.apache.hadoop.ozone.om.exceptions.OMException: Unable to get file status: volume: volume46233 bucket: bucket02547 key: testBatchDelete/parent/child3
	at org.apache.hadoop.ozone.om.KeyManagerImpl.getOzoneFileStatus(KeyManagerImpl.java:1196) ~[ozone-manager-1.4.0-SNAPSHOT.jar:?]
	at org.apache.hadoop.ozone.om.KeyManagerImpl.getFileStatus(KeyManagerImpl.java:1114) ~[ozone-manager-1.4.0-SNAPSHOT.jar:?]
	at org.apache.hadoop.ozone.om.OmMetadataReader.getFileStatus(OmMetadataReader.java:288) ~[ozone-manager-1.4.0-SNAPSHOT.jar:?]
	at org.apache.hadoop.ozone.om.OzoneManager.getFileStatus(OzoneManager.java:3494) ~[ozone-manager-1.4.0-SNAPSHOT.jar:?]
	at org.apache.hadoop.ozone.protocolPB.OzoneManagerRequestHandler.getOzoneFileStatus(OzoneManagerRequestHandler.java:933) ~[ozone-manager-1.4.0-SNAPSHOT.jar:?]
	at org.apache.hadoop.ozone.protocolPB.OzoneManagerRequestHandler.handleReadRequest(OzoneManagerRequestHandler.java:238) ~[ozone-manager-1.4.0-SNAPSHOT.jar:?]
	at org.apache.hadoop.ozone.protocolPB.OzoneManagerProtocolServerSideTranslatorPB.submitReadRequestToOM(OzoneManagerProtocolServerSideTranslatorPB.java:223) ~[ozone-manager-1.4.0-SNAPSHOT.jar:?]
	at org.apache.hadoop.ozone.protocolPB.OzoneManagerProtocolServerSideTranslatorPB.processRequest(OzoneManagerProtocolServerSideTranslatorPB.java:177) ~[ozone-manager-1.4.0-SNAPSHOT.jar:?]
	at org.apache.hadoop.hdds.server.OzoneProtocolMessageDispatcher.processRequest(OzoneProtocolMessageDispatcher.java:87) [hdds-server-framework-1.4.0-SNAPSHOT.jar:?]
	at org.apache.hadoop.ozone.protocolPB.OzoneManagerProtocolServerSideTranslatorPB.submitRequest(OzoneManagerProtocolServerSideTranslatorPB.java:147) [ozone-manager-1.4.0-SNAPSHOT.jar:?]
	at org.apache.hadoop.ozone.protocol.proto.OzoneManagerProtocolProtos$OzoneManagerService$2.callBlockingMethod(OzoneManagerProtocolProtos.java) [ozone-interface-client-1.4.0-SNAPSHOT.jar:?]
	at org.apache.hadoop.ipc.ProtobufRpcEngine$Server.processCall(ProtobufRpcEngine.java:465) [hadoop-common-3.3.4.jar:?]
	at org.apache.hadoop.ipc.ProtobufRpcEngine2$Server$ProtoBufRpcInvoker.call(ProtobufRpcEngine2.java:578) [hadoop-common-3.3.4.jar:?]
	at org.apache.hadoop.ipc.ProtobufRpcEngine2$Server$ProtoBufRpcInvoker.call(ProtobufRpcEngine2.java:556) [hadoop-common-3.3.4.jar:?]
	at org.apache.hadoop.ipc.RPC$Server.call(RPC.java:1093) [hadoop-common-3.3.4.jar:?]
	at org.apache.hadoop.ipc.Server$RpcCall.run(Server.java:1043) [hadoop-common-3.3.4.jar:?]
	at org.apache.hadoop.ipc.Server$RpcCall.run(Server.java:971) [hadoop-common-3.3.4.jar:?]
	at java.security.AccessController.doPrivileged(Native Method) ~[?:1.8.0_362]
	at javax.security.auth.Subject.doAs(Subject.java:422) [?:1.8.0_362]
	at org.apache.hadoop.security.UserGroupInformation.doAs(UserGroupInformation.java:1878) [hadoop-common-3.3.4.jar:?]
	at org.apache.hadoop.ipc.Server$Handler.run(Server.java:2976) [hadoop-common-3.3.4.jar:?]
20:06:54.919 [IPC Server handler 17 on default port 37437] ERROR OMAudit - user=runner | ip=127.0.0.1 | op=GET_FILE_STATUS {volume=volume46233, bucket=bucket02547, key=testBatchDelete/parent/childFolder/child3, dataSize=0, replicationConfig=null} | ret=FAILURE
org.apache.hadoop.ozone.om.exceptions.OMException: Unable to get file status: volume: volume46233 bucket: bucket02547 key: testBatchDelete/parent/childFolder/child3
	at org.apache.hadoop.ozone.om.KeyManagerImpl.getOzoneFileStatus(KeyManagerImpl.java:1196) ~[ozone-manager-1.4.0-SNAPSHOT.jar:?]
	at org.apache.hadoop.ozone.om.KeyManagerImpl.getFileStatus(KeyManagerImpl.java:1114) ~[ozone-manager-1.4.0-SNAPSHOT.jar:?]
	at org.apache.hadoop.ozone.om.OmMetadataReader.getFileStatus(OmMetadataReader.java:288) ~[ozone-manager-1.4.0-SNAPSHOT.jar:?]
	at org.apache.hadoop.ozone.om.OzoneManager.getFileStatus(OzoneManager.java:3494) ~[ozone-manager-1.4.0-SNAPSHOT.jar:?]
	at org.apache.hadoop.ozone.protocolPB.OzoneManagerRequestHandler.getOzoneFileStatus(OzoneManagerRequestHandler.java:933) ~[ozone-manager-1.4.0-SNAPSHOT.jar:?]
	at org.apache.hadoop.ozone.protocolPB.OzoneManagerRequestHandler.handleReadRequest(OzoneManagerRequestHandler.java:238) ~[ozone-manager-1.4.0-SNAPSHOT.jar:?]
	at org.apache.hadoop.ozone.protocolPB.OzoneManagerProtocolServerSideTranslatorPB.submitReadRequestToOM(OzoneManagerProtocolServerSideTranslatorPB.java:223) ~[ozone-manager-1.4.0-SNAPSHOT.jar:?]
	at org.apache.hadoop.ozone.protocolPB.OzoneManagerProtocolServerSideTranslatorPB.processRequest(OzoneManagerProtocolServerSideTranslatorPB.java:177) ~[ozone-manager-1.4.0-SNAPSHOT.jar:?]
	at org.apache.hadoop.hdds.server.OzoneProtocolMessageDispatcher.processRequest(OzoneProtocolMessageDispatcher.java:87) [hdds-server-framework-1.4.0-SNAPSHOT.jar:?]
	at org.apache.hadoop.ozone.protocolPB.OzoneManagerProtocolServerSideTranslatorPB.submitRequest(OzoneManagerProtocolServerSideTranslatorPB.java:147) [ozone-manager-1.4.0-SNAPSHOT.jar:?]
	at org.apache.hadoop.ozone.protocol.proto.OzoneManagerProtocolProtos$OzoneManagerService$2.callBlockingMethod(OzoneManagerProtocolProtos.java) [ozone-interface-client-1.4.0-SNAPSHOT.jar:?]
	at org.apache.hadoop.ipc.ProtobufRpcEngine$Server.processCall(ProtobufRpcEngine.java:465) [hadoop-common-3.3.4.jar:?]
	at org.apache.hadoop.ipc.ProtobufRpcEngine2$Server$ProtoBufRpcInvoker.call(ProtobufRpcEngine2.java:578) [hadoop-common-3.3.4.jar:?]
	at org.apache.hadoop.ipc.ProtobufRpcEngine2$Server$ProtoBufRpcInvoker.call(ProtobufRpcEngine2.java:556) [hadoop-common-3.3.4.jar:?]
	at org.apache.hadoop.ipc.RPC$Server.call(RPC.java:1093) [hadoop-common-3.3.4.jar:?]
	at org.apache.hadoop.ipc.Server$RpcCall.run(Server.java:1043) [hadoop-common-3.3.4.jar:?]
	at org.apache.hadoop.ipc.Server$RpcCall.run(Server.java:971) [hadoop-common-3.3.4.jar:?]
	at java.security.AccessController.doPrivileged(Native Method) ~[?:1.8.0_362]
	at javax.security.auth.Subject.doAs(Subject.java:422) [?:1.8.0_362]
	at org.apache.hadoop.security.UserGroupInformation.doAs(UserGroupInformation.java:1878) [hadoop-common-3.3.4.jar:?]
	at org.apache.hadoop.ipc.Server$Handler.run(Server.java:2976) [hadoop-common-3.3.4.jar:?]
20:06:54.920 [IPC Server handler 13 on default port 37437] ERROR OMAudit - user=runner | ip=127.0.0.1 | op=GET_FILE_STATUS {volume=volume46233, bucket=bucket02547, key=testBatchDelete/parent/child4, dataSize=0, replicationConfig=null} | ret=FAILURE
org.apache.hadoop.ozone.om.exceptions.OMException: Unable to get file status: volume: volume46233 bucket: bucket02547 key: testBatchDelete/parent/child4
	at org.apache.hadoop.ozone.om.KeyManagerImpl.getOzoneFileStatus(KeyManagerImpl.java:1196) ~[ozone-manager-1.4.0-SNAPSHOT.jar:?]
	at org.apache.hadoop.ozone.om.KeyManagerImpl.getFileStatus(KeyManagerImpl.java:1114) ~[ozone-manager-1.4.0-SNAPSHOT.jar:?]
	at org.apache.hadoop.ozone.om.OmMetadataReader.getFileStatus(OmMetadataReader.java:288) ~[ozone-manager-1.4.0-SNAPSHOT.jar:?]
	at org.apache.hadoop.ozone.om.OzoneManager.getFileStatus(OzoneManager.java:3494) ~[ozone-manager-1.4.0-SNAPSHOT.jar:?]
	at org.apache.hadoop.ozone.protocolPB.OzoneManagerRequestHandler.getOzoneFileStatus(OzoneManagerRequestHandler.java:933) ~[ozone-manager-1.4.0-SNAPSHOT.jar:?]
	at org.apache.hadoop.ozone.protocolPB.OzoneManagerRequestHandler.handleReadRequest(OzoneManagerRequestHandler.java:238) ~[ozone-manager-1.4.0-SNAPSHOT.jar:?]
	at org.apache.hadoop.ozone.protocolPB.OzoneManagerProtocolServerSideTranslatorPB.submitReadRequestToOM(OzoneManagerProtocolServerSideTranslatorPB.java:223) ~[ozone-manager-1.4.0-SNAPSHOT.jar:?]
	at org.apache.hadoop.ozone.protocolPB.OzoneManagerProtocolServerSideTranslatorPB.processRequest(OzoneManagerProtocolServerSideTranslatorPB.java:177) ~[ozone-manager-1.4.0-SNAPSHOT.jar:?]
	at org.apache.hadoop.hdds.server.OzoneProtocolMessageDispatcher.processRequest(OzoneProtocolMessageDispatcher.java:87) [hdds-server-framework-1.4.0-SNAPSHOT.jar:?]
	at org.apache.hadoop.ozone.protocolPB.OzoneManagerProtocolServerSideTranslatorPB.submitRequest(OzoneManagerProtocolServerSideTranslatorPB.java:147) [ozone-manager-1.4.0-SNAPSHOT.jar:?]
	at org.apache.hadoop.ozone.protocol.proto.OzoneManagerProtocolProtos$OzoneManagerService$2.callBlockingMethod(OzoneManagerProtocolProtos.java) [ozone-interface-client-1.4.0-SNAPSHOT.jar:?]
	at org.apache.hadoop.ipc.ProtobufRpcEngine$Server.processCall(ProtobufRpcEngine.java:465) [hadoop-common-3.3.4.jar:?]
	at org.apache.hadoop.ipc.ProtobufRpcEngine2$Server$ProtoBufRpcInvoker.call(ProtobufRpcEngine2.java:578) [hadoop-common-3.3.4.jar:?]
	at org.apache.hadoop.ipc.ProtobufRpcEngine2$Server$ProtoBufRpcInvoker.call(ProtobufRpcEngine2.java:556) [hadoop-common-3.3.4.jar:?]
	at org.apache.hadoop.ipc.RPC$Server.call(RPC.java:1093) [hadoop-common-3.3.4.jar:?]
	at org.apache.hadoop.ipc.Server$RpcCall.run(Server.java:1043) [hadoop-common-3.3.4.jar:?]
	at org.apache.hadoop.ipc.Server$RpcCall.run(Server.java:971) [hadoop-common-3.3.4.jar:?]
	at java.security.AccessController.doPrivileged(Native Method) ~[?:1.8.0_362]
	at javax.security.auth.Subject.doAs(Subject.java:422) [?:1.8.0_362]
	at org.apache.hadoop.security.UserGroupInformation.doAs(UserGroupInformation.java:1878) [hadoop-common-3.3.4.jar:?]
	at org.apache.hadoop.ipc.Server$Handler.run(Server.java:2976) [hadoop-common-3.3.4.jar:?]
20:06:54.921 [IPC Server handler 10 on default port 37437] ERROR OMAudit - user=runner | ip=127.0.0.1 | op=GET_FILE_STATUS {volume=volume46233, bucket=bucket02547, key=testBatchDelete/parent/childFolder/child4, dataSize=0, replicationConfig=null} | ret=FAILURE
org.apache.hadoop.ozone.om.exceptions.OMException: Unable to get file status: volume: volume46233 bucket: bucket02547 key: testBatchDelete/parent/childFolder/child4
	at org.apache.hadoop.ozone.om.KeyManagerImpl.getOzoneFileStatus(KeyManagerImpl.java:1196) ~[ozone-manager-1.4.0-SNAPSHOT.jar:?]
	at org.apache.hadoop.ozone.om.KeyManagerImpl.getFileStatus(KeyManagerImpl.java:1114) ~[ozone-manager-1.4.0-SNAPSHOT.jar:?]
	at org.apache.hadoop.ozone.om.OmMetadataReader.getFileStatus(OmMetadataReader.java:288) ~[ozone-manager-1.4.0-SNAPSHOT.jar:?]
	at org.apache.hadoop.ozone.om.OzoneManager.getFileStatus(OzoneManager.java:3494) ~[ozone-manager-1.4.0-SNAPSHOT.jar:?]
	at org.apache.hadoop.ozone.protocolPB.OzoneManagerRequestHandler.getOzoneFileStatus(OzoneManagerRequestHandler.java:933) ~[ozone-manager-1.4.0-SNAPSHOT.jar:?]
	at org.apache.hadoop.ozone.protocolPB.OzoneManagerRequestHandler.handleReadRequest(OzoneManagerRequestHandler.java:238) ~[ozone-manager-1.4.0-SNAPSHOT.jar:?]
	at org.apache.hadoop.ozone.protocolPB.OzoneManagerProtocolServerSideTranslatorPB.submitReadRequestToOM(OzoneManagerProtocolServerSideTranslatorPB.java:223) ~[ozone-manager-1.4.0-SNAPSHOT.jar:?]
	at org.apache.hadoop.ozone.protocolPB.OzoneManagerProtocolServerSideTranslatorPB.processRequest(OzoneManagerProtocolServerSideTranslatorPB.java:177) ~[ozone-manager-1.4.0-SNAPSHOT.jar:?]
	at org.apache.hadoop.hdds.server.OzoneProtocolMessageDispatcher.processRequest(OzoneProtocolMessageDispatcher.java:87) [hdds-server-framework-1.4.0-SNAPSHOT.jar:?]
	at org.apache.hadoop.ozone.protocolPB.OzoneManagerProtocolServerSideTranslatorPB.submitRequest(OzoneManagerProtocolServerSideTranslatorPB.java:147) [ozone-manager-1.4.0-SNAPSHOT.jar:?]
	at org.apache.hadoop.ozone.protocol.proto.OzoneManagerProtocolProtos$OzoneManagerService$2.callBlockingMethod(OzoneManagerProtocolProtos.java) [ozone-interface-client-1.4.0-SNAPSHOT.jar:?]
	at org.apache.hadoop.ipc.ProtobufRpcEngine$Server.processCall(ProtobufRpcEngine.java:465) [hadoop-common-3.3.4.jar:?]
	at org.apache.hadoop.ipc.ProtobufRpcEngine2$Server$ProtoBufRpcInvoker.call(ProtobufRpcEngine2.java:578) [hadoop-common-3.3.4.jar:?]
	at org.apache.hadoop.ipc.ProtobufRpcEngine2$Server$ProtoBufRpcInvoker.call(ProtobufRpcEngine2.java:556) [hadoop-common-3.3.4.jar:?]
	at org.apache.hadoop.ipc.RPC$Server.call(RPC.java:1093) [hadoop-common-3.3.4.jar:?]
	at org.apache.hadoop.ipc.Server$RpcCall.run(Server.java:1043) [hadoop-common-3.3.4.jar:?]
	at org.apache.hadoop.ipc.Server$RpcCall.run(Server.java:971) [hadoop-common-3.3.4.jar:?]
	at java.security.AccessController.doPrivileged(Native Method) ~[?:1.8.0_362]
	at javax.security.auth.Subject.doAs(Subject.java:422) [?:1.8.0_362]
	at org.apache.hadoop.security.UserGroupInformation.doAs(UserGroupInformation.java:1878) [hadoop-common-3.3.4.jar:?]
	at org.apache.hadoop.ipc.Server$Handler.run(Server.java:2976) [hadoop-common-3.3.4.jar:?]
20:06:54.922 [IPC Server handler 19 on default port 37437] ERROR OMAudit - user=runner | ip=127.0.0.1 | op=GET_FILE_STATUS {volume=volume46233, bucket=bucket02547, key=testBatchDelete/parent/child5, dataSize=0, replicationConfig=null} | ret=FAILURE
org.apache.hadoop.ozone.om.exceptions.OMException: Unable to get file status: volume: volume46233 bucket: bucket02547 key: testBatchDelete/parent/child5
	at org.apache.hadoop.ozone.om.KeyManagerImpl.getOzoneFileStatus(KeyManagerImpl.java:1196) ~[ozone-manager-1.4.0-SNAPSHOT.jar:?]
	at org.apache.hadoop.ozone.om.KeyManagerImpl.getFileStatus(KeyManagerImpl.java:1114) ~[ozone-manager-1.4.0-SNAPSHOT.jar:?]
	at org.apache.hadoop.ozone.om.OmMetadataReader.getFileStatus(OmMetadataReader.java:288) ~[ozone-manager-1.4.0-SNAPSHOT.jar:?]
	at org.apache.hadoop.ozone.om.OzoneManager.getFileStatus(OzoneManager.java:3494) ~[ozone-manager-1.4.0-SNAPSHOT.jar:?]
	at org.apache.hadoop.ozone.protocolPB.OzoneManagerRequestHandler.getOzoneFileStatus(OzoneManagerRequestHandler.java:933) ~[ozone-manager-1.4.0-SNAPSHOT.jar:?]
	at org.apache.hadoop.ozone.protocolPB.OzoneManagerRequestHandler.handleReadRequest(OzoneManagerRequestHandler.java:238) ~[ozone-manager-1.4.0-SNAPSHOT.jar:?]
	at org.apache.hadoop.ozone.protocolPB.OzoneManagerProtocolServerSideTranslatorPB.submitReadRequestToOM(OzoneManagerProtocolServerSideTranslatorPB.java:223) ~[ozone-manager-1.4.0-SNAPSHOT.jar:?]
	at org.apache.hadoop.ozone.protocolPB.OzoneManagerProtocolServerSideTranslatorPB.processRequest(OzoneManagerProtocolServerSideTranslatorPB.java:177) ~[ozone-manager-1.4.0-SNAPSHOT.jar:?]
	at org.apache.hadoop.hdds.server.OzoneProtocolMessageDispatcher.processRequest(OzoneProtocolMessageDispatcher.java:87) [hdds-server-framework-1.4.0-SNAPSHOT.jar:?]
	at org.apache.hadoop.ozone.protocolPB.OzoneManagerProtocolServerSideTranslatorPB.submitRequest(OzoneManagerProtocolServerSideTranslatorPB.java:147) [ozone-manager-1.4.0-SNAPSHOT.jar:?]
	at org.apache.hadoop.ozone.protocol.proto.OzoneManagerProtocolProtos$OzoneManagerService$2.callBlockingMethod(OzoneManagerProtocolProtos.java) [ozone-interface-client-1.4.0-SNAPSHOT.jar:?]
	at org.apache.hadoop.ipc.ProtobufRpcEngine$Server.processCall(ProtobufRpcEngine.java:465) [hadoop-common-3.3.4.jar:?]
	at org.apache.hadoop.ipc.ProtobufRpcEngine2$Server$ProtoBufRpcInvoker.call(ProtobufRpcEngine2.java:578) [hadoop-common-3.3.4.jar:?]
	at org.apache.hadoop.ipc.ProtobufRpcEngine2$Server$ProtoBufRpcInvoker.call(ProtobufRpcEngine2.java:556) [hadoop-common-3.3.4.jar:?]
	at org.apache.hadoop.ipc.RPC$Server.call(RPC.java:1093) [hadoop-common-3.3.4.jar:?]
	at org.apache.hadoop.ipc.Server$RpcCall.run(Server.java:1043) [hadoop-common-3.3.4.jar:?]
	at org.apache.hadoop.ipc.Server$RpcCall.run(Server.java:971) [hadoop-common-3.3.4.jar:?]
	at java.security.AccessController.doPrivileged(Native Method) ~[?:1.8.0_362]
	at javax.security.auth.Subject.doAs(Subject.java:422) [?:1.8.0_362]
	at org.apache.hadoop.security.UserGroupInformation.doAs(UserGroupInformation.java:1878) [hadoop-common-3.3.4.jar:?]
	at org.apache.hadoop.ipc.Server$Handler.run(Server.java:2976) [hadoop-common-3.3.4.jar:?]
20:06:54.923 [IPC Server handler 12 on default port 37437] ERROR OMAudit - user=runner | ip=127.0.0.1 | op=GET_FILE_STATUS {volume=volume46233, bucket=bucket02547, key=testBatchDelete/parent/childFolder/child5, dataSize=0, replicationConfig=null} | ret=FAILURE
org.apache.hadoop.ozone.om.exceptions.OMException: Unable to get file status: volume: volume46233 bucket: bucket02547 key: testBatchDelete/parent/childFolder/child5
	at org.apache.hadoop.ozone.om.KeyManagerImpl.getOzoneFileStatus(KeyManagerImpl.java:1196) ~[ozone-manager-1.4.0-SNAPSHOT.jar:?]
	at org.apache.hadoop.ozone.om.KeyManagerImpl.getFileStatus(KeyManagerImpl.java:1114) ~[ozone-manager-1.4.0-SNAPSHOT.jar:?]
	at org.apache.hadoop.ozone.om.OmMetadataReader.getFileStatus(OmMetadataReader.java:288) ~[ozone-manager-1.4.0-SNAPSHOT.jar:?]
	at org.apache.hadoop.ozone.om.OzoneManager.getFileStatus(OzoneManager.java:3494) ~[ozone-manager-1.4.0-SNAPSHOT.jar:?]
	at org.apache.hadoop.ozone.protocolPB.OzoneManagerRequestHandler.getOzoneFileStatus(OzoneManagerRequestHandler.java:933) ~[ozone-manager-1.4.0-SNAPSHOT.jar:?]
	at org.apache.hadoop.ozone.protocolPB.OzoneManagerRequestHandler.handleReadRequest(OzoneManagerRequestHandler.java:238) ~[ozone-manager-1.4.0-SNAPSHOT.jar:?]
	at org.apache.hadoop.ozone.protocolPB.OzoneManagerProtocolServerSideTranslatorPB.submitReadRequestToOM(OzoneManagerProtocolServerSideTranslatorPB.java:223) ~[ozone-manager-1.4.0-SNAPSHOT.jar:?]
	at org.apache.hadoop.ozone.protocolPB.OzoneManagerProtocolServerSideTranslatorPB.processRequest(OzoneManagerProtocolServerSideTranslatorPB.java:177) ~[ozone-manager-1.4.0-SNAPSHOT.jar:?]
	at org.apache.hadoop.hdds.server.OzoneProtocolMessageDispatcher.processRequest(OzoneProtocolMessageDispatcher.java:87) [hdds-server-framework-1.4.0-SNAPSHOT.jar:?]
	at org.apache.hadoop.ozone.protocolPB.OzoneManagerProtocolServerSideTranslatorPB.submitRequest(OzoneManagerProtocolServerSideTranslatorPB.java:147) [ozone-manager-1.4.0-SNAPSHOT.jar:?]
	at org.apache.hadoop.ozone.protocol.proto.OzoneManagerProtocolProtos$OzoneManagerService$2.callBlockingMethod(OzoneManagerProtocolProtos.java) [ozone-interface-client-1.4.0-SNAPSHOT.jar:?]
	at org.apache.hadoop.ipc.ProtobufRpcEngine$Server.processCall(ProtobufRpcEngine.java:465) [hadoop-common-3.3.4.jar:?]
	at org.apache.hadoop.ipc.ProtobufRpcEngine2$Server$ProtoBufRpcInvoker.call(ProtobufRpcEngine2.java:578) [hadoop-common-3.3.4.jar:?]
	at org.apache.hadoop.ipc.ProtobufRpcEngine2$Server$ProtoBufRpcInvoker.call(ProtobufRpcEngine2.java:556) [hadoop-common-3.3.4.jar:?]
	at org.apache.hadoop.ipc.RPC$Server.call(RPC.java:1093) [hadoop-common-3.3.4.jar:?]
	at org.apache.hadoop.ipc.Server$RpcCall.run(Server.java:1043) [hadoop-common-3.3.4.jar:?]
	at org.apache.hadoop.ipc.Server$RpcCall.run(Server.java:971) [hadoop-common-3.3.4.jar:?]
	at java.security.AccessController.doPrivileged(Native Method) ~[?:1.8.0_362]
	at javax.security.auth.Subject.doAs(Subject.java:422) [?:1.8.0_362]
	at org.apache.hadoop.security.UserGroupInformation.doAs(UserGroupInformation.java:1878) [hadoop-common-3.3.4.jar:?]
	at org.apache.hadoop.ipc.Server$Handler.run(Server.java:2976) [hadoop-common-3.3.4.jar:?]
20:06:54.924 [IPC Server handler 18 on default port 37437] ERROR OMAudit - user=runner | ip=127.0.0.1 | op=GET_FILE_STATUS {volume=volume46233, bucket=bucket02547, key=testBatchDelete/parent/child6, dataSize=0, replicationConfig=null} | ret=FAILURE
org.apache.hadoop.ozone.om.exceptions.OMException: Unable to get file status: volume: volume46233 bucket: bucket02547 key: testBatchDelete/parent/child6
	at org.apache.hadoop.ozone.om.KeyManagerImpl.getOzoneFileStatus(KeyManagerImpl.java:1196) ~[ozone-manager-1.4.0-SNAPSHOT.jar:?]
	at org.apache.hadoop.ozone.om.KeyManagerImpl.getFileStatus(KeyManagerImpl.java:1114) ~[ozone-manager-1.4.0-SNAPSHOT.jar:?]
	at org.apache.hadoop.ozone.om.OmMetadataReader.getFileStatus(OmMetadataReader.java:288) ~[ozone-manager-1.4.0-SNAPSHOT.jar:?]
	at org.apache.hadoop.ozone.om.OzoneManager.getFileStatus(OzoneManager.java:3494) ~[ozone-manager-1.4.0-SNAPSHOT.jar:?]
	at org.apache.hadoop.ozone.protocolPB.OzoneManagerRequestHandler.getOzoneFileStatus(OzoneManagerRequestHandler.java:933) ~[ozone-manager-1.4.0-SNAPSHOT.jar:?]
	at org.apache.hadoop.ozone.protocolPB.OzoneManagerRequestHandler.handleReadRequest(OzoneManagerRequestHandler.java:238) ~[ozone-manager-1.4.0-SNAPSHOT.jar:?]
	at org.apache.hadoop.ozone.protocolPB.OzoneManagerProtocolServerSideTranslatorPB.submitReadRequestToOM(OzoneManagerProtocolServerSideTranslatorPB.java:223) ~[ozone-manager-1.4.0-SNAPSHOT.jar:?]
	at org.apache.hadoop.ozone.protocolPB.OzoneManagerProtocolServerSideTranslatorPB.processRequest(OzoneManagerProtocolServerSideTranslatorPB.java:177) ~[ozone-manager-1.4.0-SNAPSHOT.jar:?]
	at org.apache.hadoop.hdds.server.OzoneProtocolMessageDispatcher.processRequest(OzoneProtocolMessageDispatcher.java:87) [hdds-server-framework-1.4.0-SNAPSHOT.jar:?]
	at org.apache.hadoop.ozone.protocolPB.OzoneManagerProtocolServerSideTranslatorPB.submitRequest(OzoneManagerProtocolServerSideTranslatorPB.java:147) [ozone-manager-1.4.0-SNAPSHOT.jar:?]
	at org.apache.hadoop.ozone.protocol.proto.OzoneManagerProtocolProtos$OzoneManagerService$2.callBlockingMethod(OzoneManagerProtocolProtos.java) [ozone-interface-client-1.4.0-SNAPSHOT.jar:?]
	at org.apache.hadoop.ipc.ProtobufRpcEngine$Server.processCall(ProtobufRpcEngine.java:465) [hadoop-common-3.3.4.jar:?]
	at org.apache.hadoop.ipc.ProtobufRpcEngine2$Server$ProtoBufRpcInvoker.call(ProtobufRpcEngine2.java:578) [hadoop-common-3.3.4.jar:?]
	at org.apache.hadoop.ipc.ProtobufRpcEngine2$Server$ProtoBufRpcInvoker.call(ProtobufRpcEngine2.java:556) [hadoop-common-3.3.4.jar:?]
	at org.apache.hadoop.ipc.RPC$Server.call(RPC.java:1093) [hadoop-common-3.3.4.jar:?]
	at org.apache.hadoop.ipc.Server$RpcCall.run(Server.java:1043) [hadoop-common-3.3.4.jar:?]
	at org.apache.hadoop.ipc.Server$RpcCall.run(Server.java:971) [hadoop-common-3.3.4.jar:?]
	at java.security.AccessController.doPrivileged(Native Method) ~[?:1.8.0_362]
	at javax.security.auth.Subject.doAs(Subject.java:422) [?:1.8.0_362]
	at org.apache.hadoop.security.UserGroupInformation.doAs(UserGroupInformation.java:1878) [hadoop-common-3.3.4.jar:?]
	at org.apache.hadoop.ipc.Server$Handler.run(Server.java:2976) [hadoop-common-3.3.4.jar:?]
20:06:54.933 [IPC Server handler 9 on default port 37437] ERROR OMAudit - user=runner | ip=127.0.0.1 | op=GET_FILE_STATUS {volume=volume46233, bucket=bucket02547, key=testBatchDelete/parent/childFolder/child6, dataSize=0, replicationConfig=null} | ret=FAILURE
org.apache.hadoop.ozone.om.exceptions.OMException: Unable to get file status: volume: volume46233 bucket: bucket02547 key: testBatchDelete/parent/childFolder/child6
	at org.apache.hadoop.ozone.om.KeyManagerImpl.getOzoneFileStatus(KeyManagerImpl.java:1196) ~[ozone-manager-1.4.0-SNAPSHOT.jar:?]
	at org.apache.hadoop.ozone.om.KeyManagerImpl.getFileStatus(KeyManagerImpl.java:1114) ~[ozone-manager-1.4.0-SNAPSHOT.jar:?]
	at org.apache.hadoop.ozone.om.OmMetadataReader.getFileStatus(OmMetadataReader.java:288) ~[ozone-manager-1.4.0-SNAPSHOT.jar:?]
	at org.apache.hadoop.ozone.om.OzoneManager.getFileStatus(OzoneManager.java:3494) ~[ozone-manager-1.4.0-SNAPSHOT.jar:?]
	at org.apache.hadoop.ozone.protocolPB.OzoneManagerRequestHandler.getOzoneFileStatus(OzoneManagerRequestHandler.java:933) ~[ozone-manager-1.4.0-SNAPSHOT.jar:?]
	at org.apache.hadoop.ozone.protocolPB.OzoneManagerRequestHandler.handleReadRequest(OzoneManagerRequestHandler.java:238) ~[ozone-manager-1.4.0-SNAPSHOT.jar:?]
	at org.apache.hadoop.ozone.protocolPB.OzoneManagerProtocolServerSideTranslatorPB.submitReadRequestToOM(OzoneManagerProtocolServerSideTranslatorPB.java:223) ~[ozone-manager-1.4.0-SNAPSHOT.jar:?]
	at org.apache.hadoop.ozone.protocolPB.OzoneManagerProtocolServerSideTranslatorPB.processRequest(OzoneManagerProtocolServerSideTranslatorPB.java:177) ~[ozone-manager-1.4.0-SNAPSHOT.jar:?]
	at org.apache.hadoop.hdds.server.OzoneProtocolMessageDispatcher.processRequest(OzoneProtocolMessageDispatcher.java:87) [hdds-server-framework-1.4.0-SNAPSHOT.jar:?]
	at org.apache.hadoop.ozone.protocolPB.OzoneManagerProtocolServerSideTranslatorPB.submitRequest(OzoneManagerProtocolServerSideTranslatorPB.java:147) [ozone-manager-1.4.0-SNAPSHOT.jar:?]
	at org.apache.hadoop.ozone.protocol.proto.OzoneManagerProtocolProtos$OzoneManagerService$2.callBlockingMethod(OzoneManagerProtocolProtos.java) [ozone-interface-client-1.4.0-SNAPSHOT.jar:?]
	at org.apache.hadoop.ipc.ProtobufRpcEngine$Server.processCall(ProtobufRpcEngine.java:465) [hadoop-common-3.3.4.jar:?]
	at org.apache.hadoop.ipc.ProtobufRpcEngine2$Server$ProtoBufRpcInvoker.call(ProtobufRpcEngine2.java:578) [hadoop-common-3.3.4.jar:?]
	at org.apache.hadoop.ipc.ProtobufRpcEngine2$Server$ProtoBufRpcInvoker.call(ProtobufRpcEngine2.java:556) [hadoop-common-3.3.4.jar:?]
	at org.apache.hadoop.ipc.RPC$Server.call(RPC.java:1093) [hadoop-common-3.3.4.jar:?]
	at org.apache.hadoop.ipc.Server$RpcCall.run(Server.java:1043) [hadoop-common-3.3.4.jar:?]
	at org.apache.hadoop.ipc.Server$RpcCall.run(Server.java:971) [hadoop-common-3.3.4.jar:?]
	at java.security.AccessController.doPrivileged(Native Method) ~[?:1.8.0_362]
	at javax.security.auth.Subject.doAs(Subject.java:422) [?:1.8.0_362]
	at org.apache.hadoop.security.UserGroupInformation.doAs(UserGroupInformation.java:1878) [hadoop-common-3.3.4.jar:?]
	at org.apache.hadoop.ipc.Server$Handler.run(Server.java:2976) [hadoop-common-3.3.4.jar:?]
20:06:54.936 [IPC Server handler 7 on default port 37437] ERROR OMAudit - user=runner | ip=127.0.0.1 | op=GET_FILE_STATUS {volume=volume46233, bucket=bucket02547, key=testBatchDelete/parent/child7, dataSize=0, replicationConfig=null} | ret=FAILURE
org.apache.hadoop.ozone.om.exceptions.OMException: Unable to get file status: volume: volume46233 bucket: bucket02547 key: testBatchDelete/parent/child7
	at org.apache.hadoop.ozone.om.KeyManagerImpl.getOzoneFileStatus(KeyManagerImpl.java:1196) ~[ozone-manager-1.4.0-SNAPSHOT.jar:?]
	at org.apache.hadoop.ozone.om.KeyManagerImpl.getFileStatus(KeyManagerImpl.java:1114) ~[ozone-manager-1.4.0-SNAPSHOT.jar:?]
	at org.apache.hadoop.ozone.om.OmMetadataReader.getFileStatus(OmMetadataReader.java:288) ~[ozone-manager-1.4.0-SNAPSHOT.jar:?]
	at org.apache.hadoop.ozone.om.OzoneManager.getFileStatus(OzoneManager.java:3494) ~[ozone-manager-1.4.0-SNAPSHOT.jar:?]
	at org.apache.hadoop.ozone.protocolPB.OzoneManagerRequestHandler.getOzoneFileStatus(OzoneManagerRequestHandler.java:933) ~[ozone-manager-1.4.0-SNAPSHOT.jar:?]
	at org.apache.hadoop.ozone.protocolPB.OzoneManagerRequestHandler.handleReadRequest(OzoneManagerRequestHandler.java:238) ~[ozone-manager-1.4.0-SNAPSHOT.jar:?]
	at org.apache.hadoop.ozone.protocolPB.OzoneManagerProtocolServerSideTranslatorPB.submitReadRequestToOM(OzoneManagerProtocolServerSideTranslatorPB.java:223) ~[ozone-manager-1.4.0-SNAPSHOT.jar:?]
	at org.apache.hadoop.ozone.protocolPB.OzoneManagerProtocolServerSideTranslatorPB.processRequest(OzoneManagerProtocolServerSideTranslatorPB.java:177) ~[ozone-manager-1.4.0-SNAPSHOT.jar:?]
	at org.apache.hadoop.hdds.server.OzoneProtocolMessageDispatcher.processRequest(OzoneProtocolMessageDispatcher.java:87) [hdds-server-framework-1.4.0-SNAPSHOT.jar:?]
	at org.apache.hadoop.ozone.protocolPB.OzoneManagerProtocolServerSideTranslatorPB.submitRequest(OzoneManagerProtocolServerSideTranslatorPB.java:147) [ozone-manager-1.4.0-SNAPSHOT.jar:?]
	at org.apache.hadoop.ozone.protocol.proto.OzoneManagerProtocolProtos$OzoneManagerService$2.callBlockingMethod(OzoneManagerProtocolProtos.java) [ozone-interface-client-1.4.0-SNAPSHOT.jar:?]
	at org.apache.hadoop.ipc.ProtobufRpcEngine$Server.processCall(ProtobufRpcEngine.java:465) [hadoop-common-3.3.4.jar:?]
	at org.apache.hadoop.ipc.ProtobufRpcEngine2$Server$ProtoBufRpcInvoker.call(ProtobufRpcEngine2.java:578) [hadoop-common-3.3.4.jar:?]
	at org.apache.hadoop.ipc.ProtobufRpcEngine2$Server$ProtoBufRpcInvoker.call(ProtobufRpcEngine2.java:556) [hadoop-common-3.3.4.jar:?]
	at org.apache.hadoop.ipc.RPC$Server.call(RPC.java:1093) [hadoop-common-3.3.4.jar:?]
	at org.apache.hadoop.ipc.Server$RpcCall.run(Server.java:1043) [hadoop-common-3.3.4.jar:?]
	at org.apache.hadoop.ipc.Server$RpcCall.run(Server.java:971) [hadoop-common-3.3.4.jar:?]
	at java.security.AccessController.doPrivileged(Native Method) ~[?:1.8.0_362]
	at javax.security.auth.Subject.doAs(Subject.java:422) [?:1.8.0_362]
	at org.apache.hadoop.security.UserGroupInformation.doAs(UserGroupInformation.java:1878) [hadoop-common-3.3.4.jar:?]
	at org.apache.hadoop.ipc.Server$Handler.run(Server.java:2976) [hadoop-common-3.3.4.jar:?]
20:06:54.937 [IPC Server handler 6 on default port 37437] ERROR OMAudit - user=runner | ip=127.0.0.1 | op=GET_FILE_STATUS {volume=volume46233, bucket=bucket02547, key=testBatchDelete/parent/childFolder/child7, dataSize=0, replicationConfig=null} | ret=FAILURE
org.apache.hadoop.ozone.om.exceptions.OMException: Unable to get file status: volume: volume46233 bucket: bucket02547 key: testBatchDelete/parent/childFolder/child7
	at org.apache.hadoop.ozone.om.KeyManagerImpl.getOzoneFileStatus(KeyManagerImpl.java:1196) ~[ozone-manager-1.4.0-SNAPSHOT.jar:?]
	at org.apache.hadoop.ozone.om.KeyManagerImpl.getFileStatus(KeyManagerImpl.java:1114) ~[ozone-manager-1.4.0-SNAPSHOT.jar:?]
	at org.apache.hadoop.ozone.om.OmMetadataReader.getFileStatus(OmMetadataReader.java:288) ~[ozone-manager-1.4.0-SNAPSHOT.jar:?]
	at org.apache.hadoop.ozone.om.OzoneManager.getFileStatus(OzoneManager.java:3494) ~[ozone-manager-1.4.0-SNAPSHOT.jar:?]
	at org.apache.hadoop.ozone.protocolPB.OzoneManagerRequestHandler.getOzoneFileStatus(OzoneManagerRequestHandler.java:933) ~[ozone-manager-1.4.0-SNAPSHOT.jar:?]
	at org.apache.hadoop.ozone.protocolPB.OzoneManagerRequestHandler.handleReadRequest(OzoneManagerRequestHandler.java:238) ~[ozone-manager-1.4.0-SNAPSHOT.jar:?]
	at org.apache.hadoop.ozone.protocolPB.OzoneManagerProtocolServerSideTranslatorPB.submitReadRequestToOM(OzoneManagerProtocolServerSideTranslatorPB.java:223) ~[ozone-manager-1.4.0-SNAPSHOT.jar:?]
	at org.apache.hadoop.ozone.protocolPB.OzoneManagerProtocolServerSideTranslatorPB.processRequest(OzoneManagerProtocolServerSideTranslatorPB.java:177) ~[ozone-manager-1.4.0-SNAPSHOT.jar:?]
	at org.apache.hadoop.hdds.server.OzoneProtocolMessageDispatcher.processRequest(OzoneProtocolMessageDispatcher.java:87) [hdds-server-framework-1.4.0-SNAPSHOT.jar:?]
	at org.apache.hadoop.ozone.protocolPB.OzoneManagerProtocolServerSideTranslatorPB.submitRequest(OzoneManagerProtocolServerSideTranslatorPB.java:147) [ozone-manager-1.4.0-SNAPSHOT.jar:?]
	at org.apache.hadoop.ozone.protocol.proto.OzoneManagerProtocolProtos$OzoneManagerService$2.callBlockingMethod(OzoneManagerProtocolProtos.java) [ozone-interface-client-1.4.0-SNAPSHOT.jar:?]
	at org.apache.hadoop.ipc.ProtobufRpcEngine$Server.processCall(ProtobufRpcEngine.java:465) [hadoop-common-3.3.4.jar:?]
	at org.apache.hadoop.ipc.ProtobufRpcEngine2$Server$ProtoBufRpcInvoker.call(ProtobufRpcEngine2.java:578) [hadoop-common-3.3.4.jar:?]
	at org.apache.hadoop.ipc.ProtobufRpcEngine2$Server$ProtoBufRpcInvoker.call(ProtobufRpcEngine2.java:556) [hadoop-common-3.3.4.jar:?]
	at org.apache.hadoop.ipc.RPC$Server.call(RPC.java:1093) [hadoop-common-3.3.4.jar:?]
	at org.apache.hadoop.ipc.Server$RpcCall.run(Server.java:1043) [hadoop-common-3.3.4.jar:?]
	at org.apache.hadoop.ipc.Server$RpcCall.run(Server.java:971) [hadoop-common-3.3.4.jar:?]
	at java.security.AccessController.doPrivileged(Native Method) ~[?:1.8.0_362]
	at javax.security.auth.Subject.doAs(Subject.java:422) [?:1.8.0_362]
	at org.apache.hadoop.security.UserGroupInformation.doAs(UserGroupInformation.java:1878) [hadoop-common-3.3.4.jar:?]
	at org.apache.hadoop.ipc.Server$Handler.run(Server.java:2976) [hadoop-common-3.3.4.jar:?]
20:06:54.938 [IPC Server handler 5 on default port 37437] ERROR OMAudit - user=runner | ip=127.0.0.1 | op=GET_FILE_STATUS {volume=volume46233, bucket=bucket02547, key=testBatchDelete/parent, dataSize=0, replicationConfig=null} | ret=FAILURE
org.apache.hadoop.ozone.om.exceptions.OMException: Unable to get file status: volume: volume46233 bucket: bucket02547 key: testBatchDelete/parent
	at org.apache.hadoop.ozone.om.KeyManagerImpl.getOzoneFileStatus(KeyManagerImpl.java:1196) ~[ozone-manager-1.4.0-SNAPSHOT.jar:?]
	at org.apache.hadoop.ozone.om.KeyManagerImpl.getFileStatus(KeyManagerImpl.java:1114) ~[ozone-manager-1.4.0-SNAPSHOT.jar:?]
	at org.apache.hadoop.ozone.om.OmMetadataReader.getFileStatus(OmMetadataReader.java:288) ~[ozone-manager-1.4.0-SNAPSHOT.jar:?]
	at org.apache.hadoop.ozone.om.OzoneManager.getFileStatus(OzoneManager.java:3494) ~[ozone-manager-1.4.0-SNAPSHOT.jar:?]
	at org.apache.hadoop.ozone.protocolPB.OzoneManagerRequestHandler.getOzoneFileStatus(OzoneManagerRequestHandler.java:933) ~[ozone-manager-1.4.0-SNAPSHOT.jar:?]
	at org.apache.hadoop.ozone.protocolPB.OzoneManagerRequestHandler.handleReadRequest(OzoneManagerRequestHandler.java:238) ~[ozone-manager-1.4.0-SNAPSHOT.jar:?]
	at org.apache.hadoop.ozone.protocolPB.OzoneManagerProtocolServerSideTranslatorPB.submitReadRequestToOM(OzoneManagerProtocolServerSideTranslatorPB.java:223) ~[ozone-manager-1.4.0-SNAPSHOT.jar:?]
	at org.apache.hadoop.ozone.protocolPB.OzoneManagerProtocolServerSideTranslatorPB.processRequest(OzoneManagerProtocolServerSideTranslatorPB.java:177) ~[ozone-manager-1.4.0-SNAPSHOT.jar:?]
	at org.apache.hadoop.hdds.server.OzoneProtocolMessageDispatcher.processRequest(OzoneProtocolMessageDispatcher.java:87) [hdds-server-framework-1.4.0-SNAPSHOT.jar:?]
	at org.apache.hadoop.ozone.protocolPB.OzoneManagerProtocolServerSideTranslatorPB.submitRequest(OzoneManagerProtocolServerSideTranslatorPB.java:147) [ozone-manager-1.4.0-SNAPSHOT.jar:?]
	at org.apache.hadoop.ozone.protocol.proto.OzoneManagerProtocolProtos$OzoneManagerService$2.callBlockingMethod(OzoneManagerProtocolProtos.java) [ozone-interface-client-1.4.0-SNAPSHOT.jar:?]
	at org.apache.hadoop.ipc.ProtobufRpcEngine$Server.processCall(ProtobufRpcEngine.java:465) [hadoop-common-3.3.4.jar:?]
	at org.apache.hadoop.ipc.ProtobufRpcEngine2$Server$ProtoBufRpcInvoker.call(ProtobufRpcEngine2.java:578) [hadoop-common-3.3.4.jar:?]
	at org.apache.hadoop.ipc.ProtobufRpcEngine2$Server$ProtoBufRpcInvoker.call(ProtobufRpcEngine2.java:556) [hadoop-common-3.3.4.jar:?]
	at org.apache.hadoop.ipc.RPC$Server.call(RPC.java:1093) [hadoop-common-3.3.4.jar:?]
	at org.apache.hadoop.ipc.Server$RpcCall.run(Server.java:1043) [hadoop-common-3.3.4.jar:?]
	at org.apache.hadoop.ipc.Server$RpcCall.run(Server.java:971) [hadoop-common-3.3.4.jar:?]
	at java.security.AccessController.doPrivileged(Native Method) ~[?:1.8.0_362]
	at javax.security.auth.Subject.doAs(Subject.java:422) [?:1.8.0_362]
	at org.apache.hadoop.security.UserGroupInformation.doAs(UserGroupInformation.java:1878) [hadoop-common-3.3.4.jar:?]
	at org.apache.hadoop.ipc.Server$Handler.run(Server.java:2976) [hadoop-common-3.3.4.jar:?]
2023-03-16 20:06:54,939 [Time-limited test] WARN  ozone.BasicOzoneFileSystem (BasicOzoneFileSystem.java:delete(559)) - delete: Path does not exist: /testBatchDelete/parent
]]></system-out>
  </testcase>
  <testcase name="testFileDelete" classname="TestOzoneFileSystem" time="0.09">
    <system-out><![CDATA[2023-03-16 20:08:13,384 [IPC Server handler 8 on default port 41725] INFO  key.OMKeyRequest (OMKeyRequest.java:wrapUncommittedBlocksAsPseudoKey(838)) - Detect allocated but uncommitted blocks [{blockID={containerID=4, localID=111677748019200040}, length=4194304, offset=0, token=null, pipeline=null, createVersion=0, partNumber=0}] in key testBatchDelete/parent/child0.
2023-03-16 20:08:13,389 [IPC Server handler 0 on default port 41725] INFO  key.OMKeyRequest (OMKeyRequest.java:wrapUncommittedBlocksAsPseudoKey(838)) - Detect allocated but uncommitted blocks [{blockID={containerID=2, localID=111677748019200041}, length=4194304, offset=0, token=null, pipeline=null, createVersion=0, partNumber=0}] in key testBatchDelete/parent/childFolder/child0.
2023-03-16 20:08:13,392 [IPC Server handler 5 on default port 41725] INFO  key.OMKeyRequest (OMKeyRequest.java:wrapUncommittedBlocksAsPseudoKey(838)) - Detect allocated but uncommitted blocks [{blockID={containerID=3, localID=111677748019200042}, length=4194304, offset=0, token=null, pipeline=null, createVersion=0, partNumber=0}] in key testBatchDelete/parent/child1.
2023-03-16 20:08:13,395 [IPC Server handler 15 on default port 41725] INFO  key.OMKeyRequest (OMKeyRequest.java:wrapUncommittedBlocksAsPseudoKey(838)) - Detect allocated but uncommitted blocks [{blockID={containerID=4, localID=111677748019200043}, length=4194304, offset=0, token=null, pipeline=null, createVersion=0, partNumber=0}] in key testBatchDelete/parent/childFolder/child1.
2023-03-16 20:08:13,399 [IPC Server handler 1 on default port 41725] INFO  key.OMKeyRequest (OMKeyRequest.java:wrapUncommittedBlocksAsPseudoKey(838)) - Detect allocated but uncommitted blocks [{blockID={containerID=1, localID=111677748019200044}, length=4194304, offset=0, token=null, pipeline=null, createVersion=0, partNumber=0}] in key testBatchDelete/parent/child2.
2023-03-16 20:08:13,402 [IPC Server handler 7 on default port 41725] INFO  key.OMKeyRequest (OMKeyRequest.java:wrapUncommittedBlocksAsPseudoKey(838)) - Detect allocated but uncommitted blocks [{blockID={containerID=3, localID=111677748019200045}, length=4194304, offset=0, token=null, pipeline=null, createVersion=0, partNumber=0}] in key testBatchDelete/parent/childFolder/child2.
2023-03-16 20:08:13,405 [IPC Server handler 13 on default port 41725] INFO  key.OMKeyRequest (OMKeyRequest.java:wrapUncommittedBlocksAsPseudoKey(838)) - Detect allocated but uncommitted blocks [{blockID={containerID=2, localID=111677748019200046}, length=4194304, offset=0, token=null, pipeline=null, createVersion=0, partNumber=0}] in key testBatchDelete/parent/child3.
2023-03-16 20:08:13,409 [IPC Server handler 16 on default port 41725] INFO  key.OMKeyRequest (OMKeyRequest.java:wrapUncommittedBlocksAsPseudoKey(838)) - Detect allocated but uncommitted blocks [{blockID={containerID=4, localID=111677748019200047}, length=4194304, offset=0, token=null, pipeline=null, createVersion=0, partNumber=0}] in key testBatchDelete/parent/childFolder/child3.
2023-03-16 20:08:13,412 [IPC Server handler 4 on default port 41725] INFO  key.OMKeyRequest (OMKeyRequest.java:wrapUncommittedBlocksAsPseudoKey(838)) - Detect allocated but uncommitted blocks [{blockID={containerID=2, localID=111677748019200048}, length=4194304, offset=0, token=null, pipeline=null, createVersion=0, partNumber=0}] in key testBatchDelete/parent/child4.
2023-03-16 20:08:13,415 [IPC Server handler 19 on default port 41725] INFO  key.OMKeyRequest (OMKeyRequest.java:wrapUncommittedBlocksAsPseudoKey(838)) - Detect allocated but uncommitted blocks [{blockID={containerID=4, localID=111677748019200049}, length=4194304, offset=0, token=null, pipeline=null, createVersion=0, partNumber=0}] in key testBatchDelete/parent/childFolder/child4.
2023-03-16 20:08:13,418 [IPC Server handler 8 on default port 41725] INFO  key.OMKeyRequest (OMKeyRequest.java:wrapUncommittedBlocksAsPseudoKey(838)) - Detect allocated but uncommitted blocks [{blockID={containerID=2, localID=111677748019200050}, length=4194304, offset=0, token=null, pipeline=null, createVersion=0, partNumber=0}] in key testBatchDelete/parent/child5.
2023-03-16 20:08:13,422 [IPC Server handler 0 on default port 41725] INFO  key.OMKeyRequest (OMKeyRequest.java:wrapUncommittedBlocksAsPseudoKey(838)) - Detect allocated but uncommitted blocks [{blockID={containerID=4, localID=111677748019200051}, length=4194304, offset=0, token=null, pipeline=null, createVersion=0, partNumber=0}] in key testBatchDelete/parent/childFolder/child5.
2023-03-16 20:08:13,425 [IPC Server handler 5 on default port 41725] INFO  key.OMKeyRequest (OMKeyRequest.java:wrapUncommittedBlocksAsPseudoKey(838)) - Detect allocated but uncommitted blocks [{blockID={containerID=2, localID=111677748019200052}, length=4194304, offset=0, token=null, pipeline=null, createVersion=0, partNumber=0}] in key testBatchDelete/parent/child6.
2023-03-16 20:08:13,429 [IPC Server handler 15 on default port 41725] INFO  key.OMKeyRequest (OMKeyRequest.java:wrapUncommittedBlocksAsPseudoKey(838)) - Detect allocated but uncommitted blocks [{blockID={containerID=4, localID=111677748019200053}, length=4194304, offset=0, token=null, pipeline=null, createVersion=0, partNumber=0}] in key testBatchDelete/parent/childFolder/child6.
2023-03-16 20:08:13,432 [IPC Server handler 1 on default port 41725] INFO  key.OMKeyRequest (OMKeyRequest.java:wrapUncommittedBlocksAsPseudoKey(838)) - Detect allocated but uncommitted blocks [{blockID={containerID=2, localID=111677748019200054}, length=4194304, offset=0, token=null, pipeline=null, createVersion=0, partNumber=0}] in key testBatchDelete/parent/child7.
2023-03-16 20:08:13,436 [IPC Server handler 7 on default port 41725] INFO  key.OMKeyRequest (OMKeyRequest.java:wrapUncommittedBlocksAsPseudoKey(838)) - Detect allocated but uncommitted blocks [{blockID={containerID=1, localID=111677748019200055}, length=4194304, offset=0, token=null, pipeline=null, createVersion=0, partNumber=0}] in key testBatchDelete/parent/childFolder/child7.
20:08:13.446 [IPC Server handler 0 on default port 41725] ERROR OMAudit - user=runner | ip=127.0.0.1 | op=GET_FILE_STATUS {volume=volume10450, bucket=bucket92716, key=testBatchDelete, dataSize=0, replicationConfig=null} | ret=FAILURE
org.apache.hadoop.ozone.om.exceptions.OMException: Unable to get file status: volume: volume10450 bucket: bucket92716 key: testBatchDelete
	at org.apache.hadoop.ozone.om.KeyManagerImpl.getOzoneFileStatus(KeyManagerImpl.java:1196) ~[ozone-manager-1.4.0-SNAPSHOT.jar:?]
	at org.apache.hadoop.ozone.om.KeyManagerImpl.getFileStatus(KeyManagerImpl.java:1114) ~[ozone-manager-1.4.0-SNAPSHOT.jar:?]
	at org.apache.hadoop.ozone.om.OmMetadataReader.getFileStatus(OmMetadataReader.java:288) ~[ozone-manager-1.4.0-SNAPSHOT.jar:?]
	at org.apache.hadoop.ozone.om.OzoneManager.getFileStatus(OzoneManager.java:3494) ~[ozone-manager-1.4.0-SNAPSHOT.jar:?]
	at org.apache.hadoop.ozone.protocolPB.OzoneManagerRequestHandler.getOzoneFileStatus(OzoneManagerRequestHandler.java:933) ~[ozone-manager-1.4.0-SNAPSHOT.jar:?]
	at org.apache.hadoop.ozone.protocolPB.OzoneManagerRequestHandler.handleReadRequest(OzoneManagerRequestHandler.java:238) ~[ozone-manager-1.4.0-SNAPSHOT.jar:?]
	at org.apache.hadoop.ozone.protocolPB.OzoneManagerProtocolServerSideTranslatorPB.submitRequestDirectlyToOM(OzoneManagerProtocolServerSideTranslatorPB.java:272) ~[ozone-manager-1.4.0-SNAPSHOT.jar:?]
	at org.apache.hadoop.ozone.protocolPB.OzoneManagerProtocolServerSideTranslatorPB.processRequest(OzoneManagerProtocolServerSideTranslatorPB.java:173) ~[ozone-manager-1.4.0-SNAPSHOT.jar:?]
	at org.apache.hadoop.hdds.server.OzoneProtocolMessageDispatcher.processRequest(OzoneProtocolMessageDispatcher.java:87) [hdds-server-framework-1.4.0-SNAPSHOT.jar:?]
	at org.apache.hadoop.ozone.protocolPB.OzoneManagerProtocolServerSideTranslatorPB.submitRequest(OzoneManagerProtocolServerSideTranslatorPB.java:147) [ozone-manager-1.4.0-SNAPSHOT.jar:?]
	at org.apache.hadoop.ozone.protocol.proto.OzoneManagerProtocolProtos$OzoneManagerService$2.callBlockingMethod(OzoneManagerProtocolProtos.java) [ozone-interface-client-1.4.0-SNAPSHOT.jar:?]
	at org.apache.hadoop.ipc.ProtobufRpcEngine$Server.processCall(ProtobufRpcEngine.java:465) [hadoop-common-3.3.4.jar:?]
	at org.apache.hadoop.ipc.ProtobufRpcEngine2$Server$ProtoBufRpcInvoker.call(ProtobufRpcEngine2.java:578) [hadoop-common-3.3.4.jar:?]
	at org.apache.hadoop.ipc.ProtobufRpcEngine2$Server$ProtoBufRpcInvoker.call(ProtobufRpcEngine2.java:556) [hadoop-common-3.3.4.jar:?]
	at org.apache.hadoop.ipc.RPC$Server.call(RPC.java:1093) [hadoop-common-3.3.4.jar:?]
	at org.apache.hadoop.ipc.Server$RpcCall.run(Server.java:1043) [hadoop-common-3.3.4.jar:?]
	at org.apache.hadoop.ipc.Server$RpcCall.run(Server.java:971) [hadoop-common-3.3.4.jar:?]
	at java.security.AccessController.doPrivileged(Native Method) ~[?:1.8.0_362]
	at javax.security.auth.Subject.doAs(Subject.java:422) [?:1.8.0_362]
	at org.apache.hadoop.security.UserGroupInformation.doAs(UserGroupInformation.java:1878) [hadoop-common-3.3.4.jar:?]
	at org.apache.hadoop.ipc.Server$Handler.run(Server.java:2976) [hadoop-common-3.3.4.jar:?]
20:08:13.447 [IPC Server handler 14 on default port 41725] ERROR OMAudit - user=runner | ip=127.0.0.1 | op=GET_FILE_STATUS {volume=volume10450, bucket=bucket92716, key=testBatchDelete/parent/child0, dataSize=0, replicationConfig=null} | ret=FAILURE
org.apache.hadoop.ozone.om.exceptions.OMException: Unable to get file status: volume: volume10450 bucket: bucket92716 key: testBatchDelete/parent/child0
	at org.apache.hadoop.ozone.om.KeyManagerImpl.getOzoneFileStatus(KeyManagerImpl.java:1196) ~[ozone-manager-1.4.0-SNAPSHOT.jar:?]
	at org.apache.hadoop.ozone.om.KeyManagerImpl.getFileStatus(KeyManagerImpl.java:1114) ~[ozone-manager-1.4.0-SNAPSHOT.jar:?]
	at org.apache.hadoop.ozone.om.OmMetadataReader.getFileStatus(OmMetadataReader.java:288) ~[ozone-manager-1.4.0-SNAPSHOT.jar:?]
	at org.apache.hadoop.ozone.om.OzoneManager.getFileStatus(OzoneManager.java:3494) ~[ozone-manager-1.4.0-SNAPSHOT.jar:?]
	at org.apache.hadoop.ozone.protocolPB.OzoneManagerRequestHandler.getOzoneFileStatus(OzoneManagerRequestHandler.java:933) ~[ozone-manager-1.4.0-SNAPSHOT.jar:?]
	at org.apache.hadoop.ozone.protocolPB.OzoneManagerRequestHandler.handleReadRequest(OzoneManagerRequestHandler.java:238) ~[ozone-manager-1.4.0-SNAPSHOT.jar:?]
	at org.apache.hadoop.ozone.protocolPB.OzoneManagerProtocolServerSideTranslatorPB.submitRequestDirectlyToOM(OzoneManagerProtocolServerSideTranslatorPB.java:272) ~[ozone-manager-1.4.0-SNAPSHOT.jar:?]
	at org.apache.hadoop.ozone.protocolPB.OzoneManagerProtocolServerSideTranslatorPB.processRequest(OzoneManagerProtocolServerSideTranslatorPB.java:173) ~[ozone-manager-1.4.0-SNAPSHOT.jar:?]
	at org.apache.hadoop.hdds.server.OzoneProtocolMessageDispatcher.processRequest(OzoneProtocolMessageDispatcher.java:87) [hdds-server-framework-1.4.0-SNAPSHOT.jar:?]
	at org.apache.hadoop.ozone.protocolPB.OzoneManagerProtocolServerSideTranslatorPB.submitRequest(OzoneManagerProtocolServerSideTranslatorPB.java:147) [ozone-manager-1.4.0-SNAPSHOT.jar:?]
	at org.apache.hadoop.ozone.protocol.proto.OzoneManagerProtocolProtos$OzoneManagerService$2.callBlockingMethod(OzoneManagerProtocolProtos.java) [ozone-interface-client-1.4.0-SNAPSHOT.jar:?]
	at org.apache.hadoop.ipc.ProtobufRpcEngine$Server.processCall(ProtobufRpcEngine.java:465) [hadoop-common-3.3.4.jar:?]
	at org.apache.hadoop.ipc.ProtobufRpcEngine2$Server$ProtoBufRpcInvoker.call(ProtobufRpcEngine2.java:578) [hadoop-common-3.3.4.jar:?]
	at org.apache.hadoop.ipc.ProtobufRpcEngine2$Server$ProtoBufRpcInvoker.call(ProtobufRpcEngine2.java:556) [hadoop-common-3.3.4.jar:?]
	at org.apache.hadoop.ipc.RPC$Server.call(RPC.java:1093) [hadoop-common-3.3.4.jar:?]
	at org.apache.hadoop.ipc.Server$RpcCall.run(Server.java:1043) [hadoop-common-3.3.4.jar:?]
	at org.apache.hadoop.ipc.Server$RpcCall.run(Server.java:971) [hadoop-common-3.3.4.jar:?]
	at java.security.AccessController.doPrivileged(Native Method) ~[?:1.8.0_362]
	at javax.security.auth.Subject.doAs(Subject.java:422) [?:1.8.0_362]
	at org.apache.hadoop.security.UserGroupInformation.doAs(UserGroupInformation.java:1878) [hadoop-common-3.3.4.jar:?]
	at org.apache.hadoop.ipc.Server$Handler.run(Server.java:2976) [hadoop-common-3.3.4.jar:?]
20:08:13.447 [IPC Server handler 5 on default port 41725] ERROR OMAudit - user=runner | ip=127.0.0.1 | op=GET_FILE_STATUS {volume=volume10450, bucket=bucket92716, key=testBatchDelete/parent/childFolder/child0, dataSize=0, replicationConfig=null} | ret=FAILURE
org.apache.hadoop.ozone.om.exceptions.OMException: Unable to get file status: volume: volume10450 bucket: bucket92716 key: testBatchDelete/parent/childFolder/child0
	at org.apache.hadoop.ozone.om.KeyManagerImpl.getOzoneFileStatus(KeyManagerImpl.java:1196) ~[ozone-manager-1.4.0-SNAPSHOT.jar:?]
	at org.apache.hadoop.ozone.om.KeyManagerImpl.getFileStatus(KeyManagerImpl.java:1114) ~[ozone-manager-1.4.0-SNAPSHOT.jar:?]
	at org.apache.hadoop.ozone.om.OmMetadataReader.getFileStatus(OmMetadataReader.java:288) ~[ozone-manager-1.4.0-SNAPSHOT.jar:?]
	at org.apache.hadoop.ozone.om.OzoneManager.getFileStatus(OzoneManager.java:3494) ~[ozone-manager-1.4.0-SNAPSHOT.jar:?]
	at org.apache.hadoop.ozone.protocolPB.OzoneManagerRequestHandler.getOzoneFileStatus(OzoneManagerRequestHandler.java:933) ~[ozone-manager-1.4.0-SNAPSHOT.jar:?]
	at org.apache.hadoop.ozone.protocolPB.OzoneManagerRequestHandler.handleReadRequest(OzoneManagerRequestHandler.java:238) ~[ozone-manager-1.4.0-SNAPSHOT.jar:?]
	at org.apache.hadoop.ozone.protocolPB.OzoneManagerProtocolServerSideTranslatorPB.submitRequestDirectlyToOM(OzoneManagerProtocolServerSideTranslatorPB.java:272) ~[ozone-manager-1.4.0-SNAPSHOT.jar:?]
	at org.apache.hadoop.ozone.protocolPB.OzoneManagerProtocolServerSideTranslatorPB.processRequest(OzoneManagerProtocolServerSideTranslatorPB.java:173) ~[ozone-manager-1.4.0-SNAPSHOT.jar:?]
	at org.apache.hadoop.hdds.server.OzoneProtocolMessageDispatcher.processRequest(OzoneProtocolMessageDispatcher.java:87) [hdds-server-framework-1.4.0-SNAPSHOT.jar:?]
	at org.apache.hadoop.ozone.protocolPB.OzoneManagerProtocolServerSideTranslatorPB.submitRequest(OzoneManagerProtocolServerSideTranslatorPB.java:147) [ozone-manager-1.4.0-SNAPSHOT.jar:?]
	at org.apache.hadoop.ozone.protocol.proto.OzoneManagerProtocolProtos$OzoneManagerService$2.callBlockingMethod(OzoneManagerProtocolProtos.java) [ozone-interface-client-1.4.0-SNAPSHOT.jar:?]
	at org.apache.hadoop.ipc.ProtobufRpcEngine$Server.processCall(ProtobufRpcEngine.java:465) [hadoop-common-3.3.4.jar:?]
	at org.apache.hadoop.ipc.ProtobufRpcEngine2$Server$ProtoBufRpcInvoker.call(ProtobufRpcEngine2.java:578) [hadoop-common-3.3.4.jar:?]
	at org.apache.hadoop.ipc.ProtobufRpcEngine2$Server$ProtoBufRpcInvoker.call(ProtobufRpcEngine2.java:556) [hadoop-common-3.3.4.jar:?]
	at org.apache.hadoop.ipc.RPC$Server.call(RPC.java:1093) [hadoop-common-3.3.4.jar:?]
	at org.apache.hadoop.ipc.Server$RpcCall.run(Server.java:1043) [hadoop-common-3.3.4.jar:?]
	at org.apache.hadoop.ipc.Server$RpcCall.run(Server.java:971) [hadoop-common-3.3.4.jar:?]
	at java.security.AccessController.doPrivileged(Native Method) ~[?:1.8.0_362]
	at javax.security.auth.Subject.doAs(Subject.java:422) [?:1.8.0_362]
	at org.apache.hadoop.security.UserGroupInformation.doAs(UserGroupInformation.java:1878) [hadoop-common-3.3.4.jar:?]
	at org.apache.hadoop.ipc.Server$Handler.run(Server.java:2976) [hadoop-common-3.3.4.jar:?]
20:08:13.448 [IPC Server handler 10 on default port 41725] ERROR OMAudit - user=runner | ip=127.0.0.1 | op=GET_FILE_STATUS {volume=volume10450, bucket=bucket92716, key=testBatchDelete/parent/child1, dataSize=0, replicationConfig=null} | ret=FAILURE
org.apache.hadoop.ozone.om.exceptions.OMException: Unable to get file status: volume: volume10450 bucket: bucket92716 key: testBatchDelete/parent/child1
	at org.apache.hadoop.ozone.om.KeyManagerImpl.getOzoneFileStatus(KeyManagerImpl.java:1196) ~[ozone-manager-1.4.0-SNAPSHOT.jar:?]
	at org.apache.hadoop.ozone.om.KeyManagerImpl.getFileStatus(KeyManagerImpl.java:1114) ~[ozone-manager-1.4.0-SNAPSHOT.jar:?]
	at org.apache.hadoop.ozone.om.OmMetadataReader.getFileStatus(OmMetadataReader.java:288) ~[ozone-manager-1.4.0-SNAPSHOT.jar:?]
	at org.apache.hadoop.ozone.om.OzoneManager.getFileStatus(OzoneManager.java:3494) ~[ozone-manager-1.4.0-SNAPSHOT.jar:?]
	at org.apache.hadoop.ozone.protocolPB.OzoneManagerRequestHandler.getOzoneFileStatus(OzoneManagerRequestHandler.java:933) ~[ozone-manager-1.4.0-SNAPSHOT.jar:?]
	at org.apache.hadoop.ozone.protocolPB.OzoneManagerRequestHandler.handleReadRequest(OzoneManagerRequestHandler.java:238) ~[ozone-manager-1.4.0-SNAPSHOT.jar:?]
	at org.apache.hadoop.ozone.protocolPB.OzoneManagerProtocolServerSideTranslatorPB.submitRequestDirectlyToOM(OzoneManagerProtocolServerSideTranslatorPB.java:272) ~[ozone-manager-1.4.0-SNAPSHOT.jar:?]
	at org.apache.hadoop.ozone.protocolPB.OzoneManagerProtocolServerSideTranslatorPB.processRequest(OzoneManagerProtocolServerSideTranslatorPB.java:173) ~[ozone-manager-1.4.0-SNAPSHOT.jar:?]
	at org.apache.hadoop.hdds.server.OzoneProtocolMessageDispatcher.processRequest(OzoneProtocolMessageDispatcher.java:87) [hdds-server-framework-1.4.0-SNAPSHOT.jar:?]
	at org.apache.hadoop.ozone.protocolPB.OzoneManagerProtocolServerSideTranslatorPB.submitRequest(OzoneManagerProtocolServerSideTranslatorPB.java:147) [ozone-manager-1.4.0-SNAPSHOT.jar:?]
	at org.apache.hadoop.ozone.protocol.proto.OzoneManagerProtocolProtos$OzoneManagerService$2.callBlockingMethod(OzoneManagerProtocolProtos.java) [ozone-interface-client-1.4.0-SNAPSHOT.jar:?]
	at org.apache.hadoop.ipc.ProtobufRpcEngine$Server.processCall(ProtobufRpcEngine.java:465) [hadoop-common-3.3.4.jar:?]
	at org.apache.hadoop.ipc.ProtobufRpcEngine2$Server$ProtoBufRpcInvoker.call(ProtobufRpcEngine2.java:578) [hadoop-common-3.3.4.jar:?]
	at org.apache.hadoop.ipc.ProtobufRpcEngine2$Server$ProtoBufRpcInvoker.call(ProtobufRpcEngine2.java:556) [hadoop-common-3.3.4.jar:?]
	at org.apache.hadoop.ipc.RPC$Server.call(RPC.java:1093) [hadoop-common-3.3.4.jar:?]
	at org.apache.hadoop.ipc.Server$RpcCall.run(Server.java:1043) [hadoop-common-3.3.4.jar:?]
	at org.apache.hadoop.ipc.Server$RpcCall.run(Server.java:971) [hadoop-common-3.3.4.jar:?]
	at java.security.AccessController.doPrivileged(Native Method) ~[?:1.8.0_362]
	at javax.security.auth.Subject.doAs(Subject.java:422) [?:1.8.0_362]
	at org.apache.hadoop.security.UserGroupInformation.doAs(UserGroupInformation.java:1878) [hadoop-common-3.3.4.jar:?]
	at org.apache.hadoop.ipc.Server$Handler.run(Server.java:2976) [hadoop-common-3.3.4.jar:?]
20:08:13.449 [IPC Server handler 15 on default port 41725] ERROR OMAudit - user=runner | ip=127.0.0.1 | op=GET_FILE_STATUS {volume=volume10450, bucket=bucket92716, key=testBatchDelete/parent/childFolder/child1, dataSize=0, replicationConfig=null} | ret=FAILURE
org.apache.hadoop.ozone.om.exceptions.OMException: Unable to get file status: volume: volume10450 bucket: bucket92716 key: testBatchDelete/parent/childFolder/child1
	at org.apache.hadoop.ozone.om.KeyManagerImpl.getOzoneFileStatus(KeyManagerImpl.java:1196) ~[ozone-manager-1.4.0-SNAPSHOT.jar:?]
	at org.apache.hadoop.ozone.om.KeyManagerImpl.getFileStatus(KeyManagerImpl.java:1114) ~[ozone-manager-1.4.0-SNAPSHOT.jar:?]
	at org.apache.hadoop.ozone.om.OmMetadataReader.getFileStatus(OmMetadataReader.java:288) ~[ozone-manager-1.4.0-SNAPSHOT.jar:?]
	at org.apache.hadoop.ozone.om.OzoneManager.getFileStatus(OzoneManager.java:3494) ~[ozone-manager-1.4.0-SNAPSHOT.jar:?]
	at org.apache.hadoop.ozone.protocolPB.OzoneManagerRequestHandler.getOzoneFileStatus(OzoneManagerRequestHandler.java:933) ~[ozone-manager-1.4.0-SNAPSHOT.jar:?]
	at org.apache.hadoop.ozone.protocolPB.OzoneManagerRequestHandler.handleReadRequest(OzoneManagerRequestHandler.java:238) ~[ozone-manager-1.4.0-SNAPSHOT.jar:?]
	at org.apache.hadoop.ozone.protocolPB.OzoneManagerProtocolServerSideTranslatorPB.submitRequestDirectlyToOM(OzoneManagerProtocolServerSideTranslatorPB.java:272) ~[ozone-manager-1.4.0-SNAPSHOT.jar:?]
	at org.apache.hadoop.ozone.protocolPB.OzoneManagerProtocolServerSideTranslatorPB.processRequest(OzoneManagerProtocolServerSideTranslatorPB.java:173) ~[ozone-manager-1.4.0-SNAPSHOT.jar:?]
	at org.apache.hadoop.hdds.server.OzoneProtocolMessageDispatcher.processRequest(OzoneProtocolMessageDispatcher.java:87) [hdds-server-framework-1.4.0-SNAPSHOT.jar:?]
	at org.apache.hadoop.ozone.protocolPB.OzoneManagerProtocolServerSideTranslatorPB.submitRequest(OzoneManagerProtocolServerSideTranslatorPB.java:147) [ozone-manager-1.4.0-SNAPSHOT.jar:?]
	at org.apache.hadoop.ozone.protocol.proto.OzoneManagerProtocolProtos$OzoneManagerService$2.callBlockingMethod(OzoneManagerProtocolProtos.java) [ozone-interface-client-1.4.0-SNAPSHOT.jar:?]
	at org.apache.hadoop.ipc.ProtobufRpcEngine$Server.processCall(ProtobufRpcEngine.java:465) [hadoop-common-3.3.4.jar:?]
	at org.apache.hadoop.ipc.ProtobufRpcEngine2$Server$ProtoBufRpcInvoker.call(ProtobufRpcEngine2.java:578) [hadoop-common-3.3.4.jar:?]
	at org.apache.hadoop.ipc.ProtobufRpcEngine2$Server$ProtoBufRpcInvoker.call(ProtobufRpcEngine2.java:556) [hadoop-common-3.3.4.jar:?]
	at org.apache.hadoop.ipc.RPC$Server.call(RPC.java:1093) [hadoop-common-3.3.4.jar:?]
	at org.apache.hadoop.ipc.Server$RpcCall.run(Server.java:1043) [hadoop-common-3.3.4.jar:?]
	at org.apache.hadoop.ipc.Server$RpcCall.run(Server.java:971) [hadoop-common-3.3.4.jar:?]
	at java.security.AccessController.doPrivileged(Native Method) ~[?:1.8.0_362]
	at javax.security.auth.Subject.doAs(Subject.java:422) [?:1.8.0_362]
	at org.apache.hadoop.security.UserGroupInformation.doAs(UserGroupInformation.java:1878) [hadoop-common-3.3.4.jar:?]
	at org.apache.hadoop.ipc.Server$Handler.run(Server.java:2976) [hadoop-common-3.3.4.jar:?]
20:08:13.450 [IPC Server handler 17 on default port 41725] ERROR OMAudit - user=runner | ip=127.0.0.1 | op=GET_FILE_STATUS {volume=volume10450, bucket=bucket92716, key=testBatchDelete/parent/child2, dataSize=0, replicationConfig=null} | ret=FAILURE
org.apache.hadoop.ozone.om.exceptions.OMException: Unable to get file status: volume: volume10450 bucket: bucket92716 key: testBatchDelete/parent/child2
	at org.apache.hadoop.ozone.om.KeyManagerImpl.getOzoneFileStatus(KeyManagerImpl.java:1196) ~[ozone-manager-1.4.0-SNAPSHOT.jar:?]
	at org.apache.hadoop.ozone.om.KeyManagerImpl.getFileStatus(KeyManagerImpl.java:1114) ~[ozone-manager-1.4.0-SNAPSHOT.jar:?]
	at org.apache.hadoop.ozone.om.OmMetadataReader.getFileStatus(OmMetadataReader.java:288) ~[ozone-manager-1.4.0-SNAPSHOT.jar:?]
	at org.apache.hadoop.ozone.om.OzoneManager.getFileStatus(OzoneManager.java:3494) ~[ozone-manager-1.4.0-SNAPSHOT.jar:?]
	at org.apache.hadoop.ozone.protocolPB.OzoneManagerRequestHandler.getOzoneFileStatus(OzoneManagerRequestHandler.java:933) ~[ozone-manager-1.4.0-SNAPSHOT.jar:?]
	at org.apache.hadoop.ozone.protocolPB.OzoneManagerRequestHandler.handleReadRequest(OzoneManagerRequestHandler.java:238) ~[ozone-manager-1.4.0-SNAPSHOT.jar:?]
	at org.apache.hadoop.ozone.protocolPB.OzoneManagerProtocolServerSideTranslatorPB.submitRequestDirectlyToOM(OzoneManagerProtocolServerSideTranslatorPB.java:272) ~[ozone-manager-1.4.0-SNAPSHOT.jar:?]
	at org.apache.hadoop.ozone.protocolPB.OzoneManagerProtocolServerSideTranslatorPB.processRequest(OzoneManagerProtocolServerSideTranslatorPB.java:173) ~[ozone-manager-1.4.0-SNAPSHOT.jar:?]
	at org.apache.hadoop.hdds.server.OzoneProtocolMessageDispatcher.processRequest(OzoneProtocolMessageDispatcher.java:87) [hdds-server-framework-1.4.0-SNAPSHOT.jar:?]
	at org.apache.hadoop.ozone.protocolPB.OzoneManagerProtocolServerSideTranslatorPB.submitRequest(OzoneManagerProtocolServerSideTranslatorPB.java:147) [ozone-manager-1.4.0-SNAPSHOT.jar:?]
	at org.apache.hadoop.ozone.protocol.proto.OzoneManagerProtocolProtos$OzoneManagerService$2.callBlockingMethod(OzoneManagerProtocolProtos.java) [ozone-interface-client-1.4.0-SNAPSHOT.jar:?]
	at org.apache.hadoop.ipc.ProtobufRpcEngine$Server.processCall(ProtobufRpcEngine.java:465) [hadoop-common-3.3.4.jar:?]
	at org.apache.hadoop.ipc.ProtobufRpcEngine2$Server$ProtoBufRpcInvoker.call(ProtobufRpcEngine2.java:578) [hadoop-common-3.3.4.jar:?]
	at org.apache.hadoop.ipc.ProtobufRpcEngine2$Server$ProtoBufRpcInvoker.call(ProtobufRpcEngine2.java:556) [hadoop-common-3.3.4.jar:?]
	at org.apache.hadoop.ipc.RPC$Server.call(RPC.java:1093) [hadoop-common-3.3.4.jar:?]
	at org.apache.hadoop.ipc.Server$RpcCall.run(Server.java:1043) [hadoop-common-3.3.4.jar:?]
	at org.apache.hadoop.ipc.Server$RpcCall.run(Server.java:971) [hadoop-common-3.3.4.jar:?]
	at java.security.AccessController.doPrivileged(Native Method) ~[?:1.8.0_362]
	at javax.security.auth.Subject.doAs(Subject.java:422) [?:1.8.0_362]
	at org.apache.hadoop.security.UserGroupInformation.doAs(UserGroupInformation.java:1878) [hadoop-common-3.3.4.jar:?]
	at org.apache.hadoop.ipc.Server$Handler.run(Server.java:2976) [hadoop-common-3.3.4.jar:?]
20:08:13.450 [IPC Server handler 1 on default port 41725] ERROR OMAudit - user=runner | ip=127.0.0.1 | op=GET_FILE_STATUS {volume=volume10450, bucket=bucket92716, key=testBatchDelete/parent/childFolder/child2, dataSize=0, replicationConfig=null} | ret=FAILURE
org.apache.hadoop.ozone.om.exceptions.OMException: Unable to get file status: volume: volume10450 bucket: bucket92716 key: testBatchDelete/parent/childFolder/child2
	at org.apache.hadoop.ozone.om.KeyManagerImpl.getOzoneFileStatus(KeyManagerImpl.java:1196) ~[ozone-manager-1.4.0-SNAPSHOT.jar:?]
	at org.apache.hadoop.ozone.om.KeyManagerImpl.getFileStatus(KeyManagerImpl.java:1114) ~[ozone-manager-1.4.0-SNAPSHOT.jar:?]
	at org.apache.hadoop.ozone.om.OmMetadataReader.getFileStatus(OmMetadataReader.java:288) ~[ozone-manager-1.4.0-SNAPSHOT.jar:?]
	at org.apache.hadoop.ozone.om.OzoneManager.getFileStatus(OzoneManager.java:3494) ~[ozone-manager-1.4.0-SNAPSHOT.jar:?]
	at org.apache.hadoop.ozone.protocolPB.OzoneManagerRequestHandler.getOzoneFileStatus(OzoneManagerRequestHandler.java:933) ~[ozone-manager-1.4.0-SNAPSHOT.jar:?]
	at org.apache.hadoop.ozone.protocolPB.OzoneManagerRequestHandler.handleReadRequest(OzoneManagerRequestHandler.java:238) ~[ozone-manager-1.4.0-SNAPSHOT.jar:?]
	at org.apache.hadoop.ozone.protocolPB.OzoneManagerProtocolServerSideTranslatorPB.submitRequestDirectlyToOM(OzoneManagerProtocolServerSideTranslatorPB.java:272) ~[ozone-manager-1.4.0-SNAPSHOT.jar:?]
	at org.apache.hadoop.ozone.protocolPB.OzoneManagerProtocolServerSideTranslatorPB.processRequest(OzoneManagerProtocolServerSideTranslatorPB.java:173) ~[ozone-manager-1.4.0-SNAPSHOT.jar:?]
	at org.apache.hadoop.hdds.server.OzoneProtocolMessageDispatcher.processRequest(OzoneProtocolMessageDispatcher.java:87) [hdds-server-framework-1.4.0-SNAPSHOT.jar:?]
	at org.apache.hadoop.ozone.protocolPB.OzoneManagerProtocolServerSideTranslatorPB.submitRequest(OzoneManagerProtocolServerSideTranslatorPB.java:147) [ozone-manager-1.4.0-SNAPSHOT.jar:?]
	at org.apache.hadoop.ozone.protocol.proto.OzoneManagerProtocolProtos$OzoneManagerService$2.callBlockingMethod(OzoneManagerProtocolProtos.java) [ozone-interface-client-1.4.0-SNAPSHOT.jar:?]
	at org.apache.hadoop.ipc.ProtobufRpcEngine$Server.processCall(ProtobufRpcEngine.java:465) [hadoop-common-3.3.4.jar:?]
	at org.apache.hadoop.ipc.ProtobufRpcEngine2$Server$ProtoBufRpcInvoker.call(ProtobufRpcEngine2.java:578) [hadoop-common-3.3.4.jar:?]
	at org.apache.hadoop.ipc.ProtobufRpcEngine2$Server$ProtoBufRpcInvoker.call(ProtobufRpcEngine2.java:556) [hadoop-common-3.3.4.jar:?]
	at org.apache.hadoop.ipc.RPC$Server.call(RPC.java:1093) [hadoop-common-3.3.4.jar:?]
	at org.apache.hadoop.ipc.Server$RpcCall.run(Server.java:1043) [hadoop-common-3.3.4.jar:?]
	at org.apache.hadoop.ipc.Server$RpcCall.run(Server.java:971) [hadoop-common-3.3.4.jar:?]
	at java.security.AccessController.doPrivileged(Native Method) ~[?:1.8.0_362]
	at javax.security.auth.Subject.doAs(Subject.java:422) [?:1.8.0_362]
	at org.apache.hadoop.security.UserGroupInformation.doAs(UserGroupInformation.java:1878) [hadoop-common-3.3.4.jar:?]
	at org.apache.hadoop.ipc.Server$Handler.run(Server.java:2976) [hadoop-common-3.3.4.jar:?]
20:08:13.451 [IPC Server handler 2 on default port 41725] ERROR OMAudit - user=runner | ip=127.0.0.1 | op=GET_FILE_STATUS {volume=volume10450, bucket=bucket92716, key=testBatchDelete/parent/child3, dataSize=0, replicationConfig=null} | ret=FAILURE
org.apache.hadoop.ozone.om.exceptions.OMException: Unable to get file status: volume: volume10450 bucket: bucket92716 key: testBatchDelete/parent/child3
	at org.apache.hadoop.ozone.om.KeyManagerImpl.getOzoneFileStatus(KeyManagerImpl.java:1196) ~[ozone-manager-1.4.0-SNAPSHOT.jar:?]
	at org.apache.hadoop.ozone.om.KeyManagerImpl.getFileStatus(KeyManagerImpl.java:1114) ~[ozone-manager-1.4.0-SNAPSHOT.jar:?]
	at org.apache.hadoop.ozone.om.OmMetadataReader.getFileStatus(OmMetadataReader.java:288) ~[ozone-manager-1.4.0-SNAPSHOT.jar:?]
	at org.apache.hadoop.ozone.om.OzoneManager.getFileStatus(OzoneManager.java:3494) ~[ozone-manager-1.4.0-SNAPSHOT.jar:?]
	at org.apache.hadoop.ozone.protocolPB.OzoneManagerRequestHandler.getOzoneFileStatus(OzoneManagerRequestHandler.java:933) ~[ozone-manager-1.4.0-SNAPSHOT.jar:?]
	at org.apache.hadoop.ozone.protocolPB.OzoneManagerRequestHandler.handleReadRequest(OzoneManagerRequestHandler.java:238) ~[ozone-manager-1.4.0-SNAPSHOT.jar:?]
	at org.apache.hadoop.ozone.protocolPB.OzoneManagerProtocolServerSideTranslatorPB.submitRequestDirectlyToOM(OzoneManagerProtocolServerSideTranslatorPB.java:272) ~[ozone-manager-1.4.0-SNAPSHOT.jar:?]
	at org.apache.hadoop.ozone.protocolPB.OzoneManagerProtocolServerSideTranslatorPB.processRequest(OzoneManagerProtocolServerSideTranslatorPB.java:173) ~[ozone-manager-1.4.0-SNAPSHOT.jar:?]
	at org.apache.hadoop.hdds.server.OzoneProtocolMessageDispatcher.processRequest(OzoneProtocolMessageDispatcher.java:87) [hdds-server-framework-1.4.0-SNAPSHOT.jar:?]
	at org.apache.hadoop.ozone.protocolPB.OzoneManagerProtocolServerSideTranslatorPB.submitRequest(OzoneManagerProtocolServerSideTranslatorPB.java:147) [ozone-manager-1.4.0-SNAPSHOT.jar:?]
	at org.apache.hadoop.ozone.protocol.proto.OzoneManagerProtocolProtos$OzoneManagerService$2.callBlockingMethod(OzoneManagerProtocolProtos.java) [ozone-interface-client-1.4.0-SNAPSHOT.jar:?]
	at org.apache.hadoop.ipc.ProtobufRpcEngine$Server.processCall(ProtobufRpcEngine.java:465) [hadoop-common-3.3.4.jar:?]
	at org.apache.hadoop.ipc.ProtobufRpcEngine2$Server$ProtoBufRpcInvoker.call(ProtobufRpcEngine2.java:578) [hadoop-common-3.3.4.jar:?]
	at org.apache.hadoop.ipc.ProtobufRpcEngine2$Server$ProtoBufRpcInvoker.call(ProtobufRpcEngine2.java:556) [hadoop-common-3.3.4.jar:?]
	at org.apache.hadoop.ipc.RPC$Server.call(RPC.java:1093) [hadoop-common-3.3.4.jar:?]
	at org.apache.hadoop.ipc.Server$RpcCall.run(Server.java:1043) [hadoop-common-3.3.4.jar:?]
	at org.apache.hadoop.ipc.Server$RpcCall.run(Server.java:971) [hadoop-common-3.3.4.jar:?]
	at java.security.AccessController.doPrivileged(Native Method) ~[?:1.8.0_362]
	at javax.security.auth.Subject.doAs(Subject.java:422) [?:1.8.0_362]
	at org.apache.hadoop.security.UserGroupInformation.doAs(UserGroupInformation.java:1878) [hadoop-common-3.3.4.jar:?]
	at org.apache.hadoop.ipc.Server$Handler.run(Server.java:2976) [hadoop-common-3.3.4.jar:?]
20:08:13.452 [IPC Server handler 7 on default port 41725] ERROR OMAudit - user=runner | ip=127.0.0.1 | op=GET_FILE_STATUS {volume=volume10450, bucket=bucket92716, key=testBatchDelete/parent/childFolder/child3, dataSize=0, replicationConfig=null} | ret=FAILURE
org.apache.hadoop.ozone.om.exceptions.OMException: Unable to get file status: volume: volume10450 bucket: bucket92716 key: testBatchDelete/parent/childFolder/child3
	at org.apache.hadoop.ozone.om.KeyManagerImpl.getOzoneFileStatus(KeyManagerImpl.java:1196) ~[ozone-manager-1.4.0-SNAPSHOT.jar:?]
	at org.apache.hadoop.ozone.om.KeyManagerImpl.getFileStatus(KeyManagerImpl.java:1114) ~[ozone-manager-1.4.0-SNAPSHOT.jar:?]
	at org.apache.hadoop.ozone.om.OmMetadataReader.getFileStatus(OmMetadataReader.java:288) ~[ozone-manager-1.4.0-SNAPSHOT.jar:?]
	at org.apache.hadoop.ozone.om.OzoneManager.getFileStatus(OzoneManager.java:3494) ~[ozone-manager-1.4.0-SNAPSHOT.jar:?]
	at org.apache.hadoop.ozone.protocolPB.OzoneManagerRequestHandler.getOzoneFileStatus(OzoneManagerRequestHandler.java:933) ~[ozone-manager-1.4.0-SNAPSHOT.jar:?]
	at org.apache.hadoop.ozone.protocolPB.OzoneManagerRequestHandler.handleReadRequest(OzoneManagerRequestHandler.java:238) ~[ozone-manager-1.4.0-SNAPSHOT.jar:?]
	at org.apache.hadoop.ozone.protocolPB.OzoneManagerProtocolServerSideTranslatorPB.submitRequestDirectlyToOM(OzoneManagerProtocolServerSideTranslatorPB.java:272) ~[ozone-manager-1.4.0-SNAPSHOT.jar:?]
	at org.apache.hadoop.ozone.protocolPB.OzoneManagerProtocolServerSideTranslatorPB.processRequest(OzoneManagerProtocolServerSideTranslatorPB.java:173) ~[ozone-manager-1.4.0-SNAPSHOT.jar:?]
	at org.apache.hadoop.hdds.server.OzoneProtocolMessageDispatcher.processRequest(OzoneProtocolMessageDispatcher.java:87) [hdds-server-framework-1.4.0-SNAPSHOT.jar:?]
	at org.apache.hadoop.ozone.protocolPB.OzoneManagerProtocolServerSideTranslatorPB.submitRequest(OzoneManagerProtocolServerSideTranslatorPB.java:147) [ozone-manager-1.4.0-SNAPSHOT.jar:?]
	at org.apache.hadoop.ozone.protocol.proto.OzoneManagerProtocolProtos$OzoneManagerService$2.callBlockingMethod(OzoneManagerProtocolProtos.java) [ozone-interface-client-1.4.0-SNAPSHOT.jar:?]
	at org.apache.hadoop.ipc.ProtobufRpcEngine$Server.processCall(ProtobufRpcEngine.java:465) [hadoop-common-3.3.4.jar:?]
	at org.apache.hadoop.ipc.ProtobufRpcEngine2$Server$ProtoBufRpcInvoker.call(ProtobufRpcEngine2.java:578) [hadoop-common-3.3.4.jar:?]
	at org.apache.hadoop.ipc.ProtobufRpcEngine2$Server$ProtoBufRpcInvoker.call(ProtobufRpcEngine2.java:556) [hadoop-common-3.3.4.jar:?]
	at org.apache.hadoop.ipc.RPC$Server.call(RPC.java:1093) [hadoop-common-3.3.4.jar:?]
	at org.apache.hadoop.ipc.Server$RpcCall.run(Server.java:1043) [hadoop-common-3.3.4.jar:?]
	at org.apache.hadoop.ipc.Server$RpcCall.run(Server.java:971) [hadoop-common-3.3.4.jar:?]
	at java.security.AccessController.doPrivileged(Native Method) ~[?:1.8.0_362]
	at javax.security.auth.Subject.doAs(Subject.java:422) [?:1.8.0_362]
	at org.apache.hadoop.security.UserGroupInformation.doAs(UserGroupInformation.java:1878) [hadoop-common-3.3.4.jar:?]
	at org.apache.hadoop.ipc.Server$Handler.run(Server.java:2976) [hadoop-common-3.3.4.jar:?]
20:08:13.452 [IPC Server handler 11 on default port 41725] ERROR OMAudit - user=runner | ip=127.0.0.1 | op=GET_FILE_STATUS {volume=volume10450, bucket=bucket92716, key=testBatchDelete/parent/child4, dataSize=0, replicationConfig=null} | ret=FAILURE
org.apache.hadoop.ozone.om.exceptions.OMException: Unable to get file status: volume: volume10450 bucket: bucket92716 key: testBatchDelete/parent/child4
	at org.apache.hadoop.ozone.om.KeyManagerImpl.getOzoneFileStatus(KeyManagerImpl.java:1196) ~[ozone-manager-1.4.0-SNAPSHOT.jar:?]
	at org.apache.hadoop.ozone.om.KeyManagerImpl.getFileStatus(KeyManagerImpl.java:1114) ~[ozone-manager-1.4.0-SNAPSHOT.jar:?]
	at org.apache.hadoop.ozone.om.OmMetadataReader.getFileStatus(OmMetadataReader.java:288) ~[ozone-manager-1.4.0-SNAPSHOT.jar:?]
	at org.apache.hadoop.ozone.om.OzoneManager.getFileStatus(OzoneManager.java:3494) ~[ozone-manager-1.4.0-SNAPSHOT.jar:?]
	at org.apache.hadoop.ozone.protocolPB.OzoneManagerRequestHandler.getOzoneFileStatus(OzoneManagerRequestHandler.java:933) ~[ozone-manager-1.4.0-SNAPSHOT.jar:?]
	at org.apache.hadoop.ozone.protocolPB.OzoneManagerRequestHandler.handleReadRequest(OzoneManagerRequestHandler.java:238) ~[ozone-manager-1.4.0-SNAPSHOT.jar:?]
	at org.apache.hadoop.ozone.protocolPB.OzoneManagerProtocolServerSideTranslatorPB.submitRequestDirectlyToOM(OzoneManagerProtocolServerSideTranslatorPB.java:272) ~[ozone-manager-1.4.0-SNAPSHOT.jar:?]
	at org.apache.hadoop.ozone.protocolPB.OzoneManagerProtocolServerSideTranslatorPB.processRequest(OzoneManagerProtocolServerSideTranslatorPB.java:173) ~[ozone-manager-1.4.0-SNAPSHOT.jar:?]
	at org.apache.hadoop.hdds.server.OzoneProtocolMessageDispatcher.processRequest(OzoneProtocolMessageDispatcher.java:87) [hdds-server-framework-1.4.0-SNAPSHOT.jar:?]
	at org.apache.hadoop.ozone.protocolPB.OzoneManagerProtocolServerSideTranslatorPB.submitRequest(OzoneManagerProtocolServerSideTranslatorPB.java:147) [ozone-manager-1.4.0-SNAPSHOT.jar:?]
	at org.apache.hadoop.ozone.protocol.proto.OzoneManagerProtocolProtos$OzoneManagerService$2.callBlockingMethod(OzoneManagerProtocolProtos.java) [ozone-interface-client-1.4.0-SNAPSHOT.jar:?]
	at org.apache.hadoop.ipc.ProtobufRpcEngine$Server.processCall(ProtobufRpcEngine.java:465) [hadoop-common-3.3.4.jar:?]
	at org.apache.hadoop.ipc.ProtobufRpcEngine2$Server$ProtoBufRpcInvoker.call(ProtobufRpcEngine2.java:578) [hadoop-common-3.3.4.jar:?]
	at org.apache.hadoop.ipc.ProtobufRpcEngine2$Server$ProtoBufRpcInvoker.call(ProtobufRpcEngine2.java:556) [hadoop-common-3.3.4.jar:?]
	at org.apache.hadoop.ipc.RPC$Server.call(RPC.java:1093) [hadoop-common-3.3.4.jar:?]
	at org.apache.hadoop.ipc.Server$RpcCall.run(Server.java:1043) [hadoop-common-3.3.4.jar:?]
	at org.apache.hadoop.ipc.Server$RpcCall.run(Server.java:971) [hadoop-common-3.3.4.jar:?]
	at java.security.AccessController.doPrivileged(Native Method) ~[?:1.8.0_362]
	at javax.security.auth.Subject.doAs(Subject.java:422) [?:1.8.0_362]
	at org.apache.hadoop.security.UserGroupInformation.doAs(UserGroupInformation.java:1878) [hadoop-common-3.3.4.jar:?]
	at org.apache.hadoop.ipc.Server$Handler.run(Server.java:2976) [hadoop-common-3.3.4.jar:?]
20:08:13.453 [IPC Server handler 13 on default port 41725] ERROR OMAudit - user=runner | ip=127.0.0.1 | op=GET_FILE_STATUS {volume=volume10450, bucket=bucket92716, key=testBatchDelete/parent/childFolder/child4, dataSize=0, replicationConfig=null} | ret=FAILURE
org.apache.hadoop.ozone.om.exceptions.OMException: Unable to get file status: volume: volume10450 bucket: bucket92716 key: testBatchDelete/parent/childFolder/child4
	at org.apache.hadoop.ozone.om.KeyManagerImpl.getOzoneFileStatus(KeyManagerImpl.java:1196) ~[ozone-manager-1.4.0-SNAPSHOT.jar:?]
	at org.apache.hadoop.ozone.om.KeyManagerImpl.getFileStatus(KeyManagerImpl.java:1114) ~[ozone-manager-1.4.0-SNAPSHOT.jar:?]
	at org.apache.hadoop.ozone.om.OmMetadataReader.getFileStatus(OmMetadataReader.java:288) ~[ozone-manager-1.4.0-SNAPSHOT.jar:?]
	at org.apache.hadoop.ozone.om.OzoneManager.getFileStatus(OzoneManager.java:3494) ~[ozone-manager-1.4.0-SNAPSHOT.jar:?]
	at org.apache.hadoop.ozone.protocolPB.OzoneManagerRequestHandler.getOzoneFileStatus(OzoneManagerRequestHandler.java:933) ~[ozone-manager-1.4.0-SNAPSHOT.jar:?]
	at org.apache.hadoop.ozone.protocolPB.OzoneManagerRequestHandler.handleReadRequest(OzoneManagerRequestHandler.java:238) ~[ozone-manager-1.4.0-SNAPSHOT.jar:?]
	at org.apache.hadoop.ozone.protocolPB.OzoneManagerProtocolServerSideTranslatorPB.submitRequestDirectlyToOM(OzoneManagerProtocolServerSideTranslatorPB.java:272) ~[ozone-manager-1.4.0-SNAPSHOT.jar:?]
	at org.apache.hadoop.ozone.protocolPB.OzoneManagerProtocolServerSideTranslatorPB.processRequest(OzoneManagerProtocolServerSideTranslatorPB.java:173) ~[ozone-manager-1.4.0-SNAPSHOT.jar:?]
	at org.apache.hadoop.hdds.server.OzoneProtocolMessageDispatcher.processRequest(OzoneProtocolMessageDispatcher.java:87) [hdds-server-framework-1.4.0-SNAPSHOT.jar:?]
	at org.apache.hadoop.ozone.protocolPB.OzoneManagerProtocolServerSideTranslatorPB.submitRequest(OzoneManagerProtocolServerSideTranslatorPB.java:147) [ozone-manager-1.4.0-SNAPSHOT.jar:?]
	at org.apache.hadoop.ozone.protocol.proto.OzoneManagerProtocolProtos$OzoneManagerService$2.callBlockingMethod(OzoneManagerProtocolProtos.java) [ozone-interface-client-1.4.0-SNAPSHOT.jar:?]
	at org.apache.hadoop.ipc.ProtobufRpcEngine$Server.processCall(ProtobufRpcEngine.java:465) [hadoop-common-3.3.4.jar:?]
	at org.apache.hadoop.ipc.ProtobufRpcEngine2$Server$ProtoBufRpcInvoker.call(ProtobufRpcEngine2.java:578) [hadoop-common-3.3.4.jar:?]
	at org.apache.hadoop.ipc.ProtobufRpcEngine2$Server$ProtoBufRpcInvoker.call(ProtobufRpcEngine2.java:556) [hadoop-common-3.3.4.jar:?]
	at org.apache.hadoop.ipc.RPC$Server.call(RPC.java:1093) [hadoop-common-3.3.4.jar:?]
	at org.apache.hadoop.ipc.Server$RpcCall.run(Server.java:1043) [hadoop-common-3.3.4.jar:?]
	at org.apache.hadoop.ipc.Server$RpcCall.run(Server.java:971) [hadoop-common-3.3.4.jar:?]
	at java.security.AccessController.doPrivileged(Native Method) ~[?:1.8.0_362]
	at javax.security.auth.Subject.doAs(Subject.java:422) [?:1.8.0_362]
	at org.apache.hadoop.security.UserGroupInformation.doAs(UserGroupInformation.java:1878) [hadoop-common-3.3.4.jar:?]
	at org.apache.hadoop.ipc.Server$Handler.run(Server.java:2976) [hadoop-common-3.3.4.jar:?]
20:08:13.454 [IPC Server handler 9 on default port 41725] ERROR OMAudit - user=runner | ip=127.0.0.1 | op=GET_FILE_STATUS {volume=volume10450, bucket=bucket92716, key=testBatchDelete/parent/child5, dataSize=0, replicationConfig=null} | ret=FAILURE
org.apache.hadoop.ozone.om.exceptions.OMException: Unable to get file status: volume: volume10450 bucket: bucket92716 key: testBatchDelete/parent/child5
	at org.apache.hadoop.ozone.om.KeyManagerImpl.getOzoneFileStatus(KeyManagerImpl.java:1196) ~[ozone-manager-1.4.0-SNAPSHOT.jar:?]
	at org.apache.hadoop.ozone.om.KeyManagerImpl.getFileStatus(KeyManagerImpl.java:1114) ~[ozone-manager-1.4.0-SNAPSHOT.jar:?]
	at org.apache.hadoop.ozone.om.OmMetadataReader.getFileStatus(OmMetadataReader.java:288) ~[ozone-manager-1.4.0-SNAPSHOT.jar:?]
	at org.apache.hadoop.ozone.om.OzoneManager.getFileStatus(OzoneManager.java:3494) ~[ozone-manager-1.4.0-SNAPSHOT.jar:?]
	at org.apache.hadoop.ozone.protocolPB.OzoneManagerRequestHandler.getOzoneFileStatus(OzoneManagerRequestHandler.java:933) ~[ozone-manager-1.4.0-SNAPSHOT.jar:?]
	at org.apache.hadoop.ozone.protocolPB.OzoneManagerRequestHandler.handleReadRequest(OzoneManagerRequestHandler.java:238) ~[ozone-manager-1.4.0-SNAPSHOT.jar:?]
	at org.apache.hadoop.ozone.protocolPB.OzoneManagerProtocolServerSideTranslatorPB.submitRequestDirectlyToOM(OzoneManagerProtocolServerSideTranslatorPB.java:272) ~[ozone-manager-1.4.0-SNAPSHOT.jar:?]
	at org.apache.hadoop.ozone.protocolPB.OzoneManagerProtocolServerSideTranslatorPB.processRequest(OzoneManagerProtocolServerSideTranslatorPB.java:173) ~[ozone-manager-1.4.0-SNAPSHOT.jar:?]
	at org.apache.hadoop.hdds.server.OzoneProtocolMessageDispatcher.processRequest(OzoneProtocolMessageDispatcher.java:87) [hdds-server-framework-1.4.0-SNAPSHOT.jar:?]
	at org.apache.hadoop.ozone.protocolPB.OzoneManagerProtocolServerSideTranslatorPB.submitRequest(OzoneManagerProtocolServerSideTranslatorPB.java:147) [ozone-manager-1.4.0-SNAPSHOT.jar:?]
	at org.apache.hadoop.ozone.protocol.proto.OzoneManagerProtocolProtos$OzoneManagerService$2.callBlockingMethod(OzoneManagerProtocolProtos.java) [ozone-interface-client-1.4.0-SNAPSHOT.jar:?]
	at org.apache.hadoop.ipc.ProtobufRpcEngine$Server.processCall(ProtobufRpcEngine.java:465) [hadoop-common-3.3.4.jar:?]
	at org.apache.hadoop.ipc.ProtobufRpcEngine2$Server$ProtoBufRpcInvoker.call(ProtobufRpcEngine2.java:578) [hadoop-common-3.3.4.jar:?]
	at org.apache.hadoop.ipc.ProtobufRpcEngine2$Server$ProtoBufRpcInvoker.call(ProtobufRpcEngine2.java:556) [hadoop-common-3.3.4.jar:?]
	at org.apache.hadoop.ipc.RPC$Server.call(RPC.java:1093) [hadoop-common-3.3.4.jar:?]
	at org.apache.hadoop.ipc.Server$RpcCall.run(Server.java:1043) [hadoop-common-3.3.4.jar:?]
	at org.apache.hadoop.ipc.Server$RpcCall.run(Server.java:971) [hadoop-common-3.3.4.jar:?]
	at java.security.AccessController.doPrivileged(Native Method) ~[?:1.8.0_362]
	at javax.security.auth.Subject.doAs(Subject.java:422) [?:1.8.0_362]
	at org.apache.hadoop.security.UserGroupInformation.doAs(UserGroupInformation.java:1878) [hadoop-common-3.3.4.jar:?]
	at org.apache.hadoop.ipc.Server$Handler.run(Server.java:2976) [hadoop-common-3.3.4.jar:?]
20:08:13.455 [IPC Server handler 16 on default port 41725] ERROR OMAudit - user=runner | ip=127.0.0.1 | op=GET_FILE_STATUS {volume=volume10450, bucket=bucket92716, key=testBatchDelete/parent/childFolder/child5, dataSize=0, replicationConfig=null} | ret=FAILURE
org.apache.hadoop.ozone.om.exceptions.OMException: Unable to get file status: volume: volume10450 bucket: bucket92716 key: testBatchDelete/parent/childFolder/child5
	at org.apache.hadoop.ozone.om.KeyManagerImpl.getOzoneFileStatus(KeyManagerImpl.java:1196) ~[ozone-manager-1.4.0-SNAPSHOT.jar:?]
	at org.apache.hadoop.ozone.om.KeyManagerImpl.getFileStatus(KeyManagerImpl.java:1114) ~[ozone-manager-1.4.0-SNAPSHOT.jar:?]
	at org.apache.hadoop.ozone.om.OmMetadataReader.getFileStatus(OmMetadataReader.java:288) ~[ozone-manager-1.4.0-SNAPSHOT.jar:?]
	at org.apache.hadoop.ozone.om.OzoneManager.getFileStatus(OzoneManager.java:3494) ~[ozone-manager-1.4.0-SNAPSHOT.jar:?]
	at org.apache.hadoop.ozone.protocolPB.OzoneManagerRequestHandler.getOzoneFileStatus(OzoneManagerRequestHandler.java:933) ~[ozone-manager-1.4.0-SNAPSHOT.jar:?]
	at org.apache.hadoop.ozone.protocolPB.OzoneManagerRequestHandler.handleReadRequest(OzoneManagerRequestHandler.java:238) ~[ozone-manager-1.4.0-SNAPSHOT.jar:?]
	at org.apache.hadoop.ozone.protocolPB.OzoneManagerProtocolServerSideTranslatorPB.submitRequestDirectlyToOM(OzoneManagerProtocolServerSideTranslatorPB.java:272) ~[ozone-manager-1.4.0-SNAPSHOT.jar:?]
	at org.apache.hadoop.ozone.protocolPB.OzoneManagerProtocolServerSideTranslatorPB.processRequest(OzoneManagerProtocolServerSideTranslatorPB.java:173) ~[ozone-manager-1.4.0-SNAPSHOT.jar:?]
	at org.apache.hadoop.hdds.server.OzoneProtocolMessageDispatcher.processRequest(OzoneProtocolMessageDispatcher.java:87) [hdds-server-framework-1.4.0-SNAPSHOT.jar:?]
	at org.apache.hadoop.ozone.protocolPB.OzoneManagerProtocolServerSideTranslatorPB.submitRequest(OzoneManagerProtocolServerSideTranslatorPB.java:147) [ozone-manager-1.4.0-SNAPSHOT.jar:?]
	at org.apache.hadoop.ozone.protocol.proto.OzoneManagerProtocolProtos$OzoneManagerService$2.callBlockingMethod(OzoneManagerProtocolProtos.java) [ozone-interface-client-1.4.0-SNAPSHOT.jar:?]
	at org.apache.hadoop.ipc.ProtobufRpcEngine$Server.processCall(ProtobufRpcEngine.java:465) [hadoop-common-3.3.4.jar:?]
	at org.apache.hadoop.ipc.ProtobufRpcEngine2$Server$ProtoBufRpcInvoker.call(ProtobufRpcEngine2.java:578) [hadoop-common-3.3.4.jar:?]
	at org.apache.hadoop.ipc.ProtobufRpcEngine2$Server$ProtoBufRpcInvoker.call(ProtobufRpcEngine2.java:556) [hadoop-common-3.3.4.jar:?]
	at org.apache.hadoop.ipc.RPC$Server.call(RPC.java:1093) [hadoop-common-3.3.4.jar:?]
	at org.apache.hadoop.ipc.Server$RpcCall.run(Server.java:1043) [hadoop-common-3.3.4.jar:?]
	at org.apache.hadoop.ipc.Server$RpcCall.run(Server.java:971) [hadoop-common-3.3.4.jar:?]
	at java.security.AccessController.doPrivileged(Native Method) ~[?:1.8.0_362]
	at javax.security.auth.Subject.doAs(Subject.java:422) [?:1.8.0_362]
	at org.apache.hadoop.security.UserGroupInformation.doAs(UserGroupInformation.java:1878) [hadoop-common-3.3.4.jar:?]
	at org.apache.hadoop.ipc.Server$Handler.run(Server.java:2976) [hadoop-common-3.3.4.jar:?]
20:08:13.455 [IPC Server handler 18 on default port 41725] ERROR OMAudit - user=runner | ip=127.0.0.1 | op=GET_FILE_STATUS {volume=volume10450, bucket=bucket92716, key=testBatchDelete/parent/child6, dataSize=0, replicationConfig=null} | ret=FAILURE
org.apache.hadoop.ozone.om.exceptions.OMException: Unable to get file status: volume: volume10450 bucket: bucket92716 key: testBatchDelete/parent/child6
	at org.apache.hadoop.ozone.om.KeyManagerImpl.getOzoneFileStatus(KeyManagerImpl.java:1196) ~[ozone-manager-1.4.0-SNAPSHOT.jar:?]
	at org.apache.hadoop.ozone.om.KeyManagerImpl.getFileStatus(KeyManagerImpl.java:1114) ~[ozone-manager-1.4.0-SNAPSHOT.jar:?]
	at org.apache.hadoop.ozone.om.OmMetadataReader.getFileStatus(OmMetadataReader.java:288) ~[ozone-manager-1.4.0-SNAPSHOT.jar:?]
	at org.apache.hadoop.ozone.om.OzoneManager.getFileStatus(OzoneManager.java:3494) ~[ozone-manager-1.4.0-SNAPSHOT.jar:?]
	at org.apache.hadoop.ozone.protocolPB.OzoneManagerRequestHandler.getOzoneFileStatus(OzoneManagerRequestHandler.java:933) ~[ozone-manager-1.4.0-SNAPSHOT.jar:?]
	at org.apache.hadoop.ozone.protocolPB.OzoneManagerRequestHandler.handleReadRequest(OzoneManagerRequestHandler.java:238) ~[ozone-manager-1.4.0-SNAPSHOT.jar:?]
	at org.apache.hadoop.ozone.protocolPB.OzoneManagerProtocolServerSideTranslatorPB.submitRequestDirectlyToOM(OzoneManagerProtocolServerSideTranslatorPB.java:272) ~[ozone-manager-1.4.0-SNAPSHOT.jar:?]
	at org.apache.hadoop.ozone.protocolPB.OzoneManagerProtocolServerSideTranslatorPB.processRequest(OzoneManagerProtocolServerSideTranslatorPB.java:173) ~[ozone-manager-1.4.0-SNAPSHOT.jar:?]
	at org.apache.hadoop.hdds.server.OzoneProtocolMessageDispatcher.processRequest(OzoneProtocolMessageDispatcher.java:87) [hdds-server-framework-1.4.0-SNAPSHOT.jar:?]
	at org.apache.hadoop.ozone.protocolPB.OzoneManagerProtocolServerSideTranslatorPB.submitRequest(OzoneManagerProtocolServerSideTranslatorPB.java:147) [ozone-manager-1.4.0-SNAPSHOT.jar:?]
	at org.apache.hadoop.ozone.protocol.proto.OzoneManagerProtocolProtos$OzoneManagerService$2.callBlockingMethod(OzoneManagerProtocolProtos.java) [ozone-interface-client-1.4.0-SNAPSHOT.jar:?]
	at org.apache.hadoop.ipc.ProtobufRpcEngine$Server.processCall(ProtobufRpcEngine.java:465) [hadoop-common-3.3.4.jar:?]
	at org.apache.hadoop.ipc.ProtobufRpcEngine2$Server$ProtoBufRpcInvoker.call(ProtobufRpcEngine2.java:578) [hadoop-common-3.3.4.jar:?]
	at org.apache.hadoop.ipc.ProtobufRpcEngine2$Server$ProtoBufRpcInvoker.call(ProtobufRpcEngine2.java:556) [hadoop-common-3.3.4.jar:?]
	at org.apache.hadoop.ipc.RPC$Server.call(RPC.java:1093) [hadoop-common-3.3.4.jar:?]
	at org.apache.hadoop.ipc.Server$RpcCall.run(Server.java:1043) [hadoop-common-3.3.4.jar:?]
	at org.apache.hadoop.ipc.Server$RpcCall.run(Server.java:971) [hadoop-common-3.3.4.jar:?]
	at java.security.AccessController.doPrivileged(Native Method) ~[?:1.8.0_362]
	at javax.security.auth.Subject.doAs(Subject.java:422) [?:1.8.0_362]
	at org.apache.hadoop.security.UserGroupInformation.doAs(UserGroupInformation.java:1878) [hadoop-common-3.3.4.jar:?]
	at org.apache.hadoop.ipc.Server$Handler.run(Server.java:2976) [hadoop-common-3.3.4.jar:?]
20:08:13.458 [IPC Server handler 4 on default port 41725] ERROR OMAudit - user=runner | ip=127.0.0.1 | op=GET_FILE_STATUS {volume=volume10450, bucket=bucket92716, key=testBatchDelete/parent/childFolder/child6, dataSize=0, replicationConfig=null} | ret=FAILURE
org.apache.hadoop.ozone.om.exceptions.OMException: Unable to get file status: volume: volume10450 bucket: bucket92716 key: testBatchDelete/parent/childFolder/child6
	at org.apache.hadoop.ozone.om.KeyManagerImpl.getOzoneFileStatus(KeyManagerImpl.java:1196) ~[ozone-manager-1.4.0-SNAPSHOT.jar:?]
	at org.apache.hadoop.ozone.om.KeyManagerImpl.getFileStatus(KeyManagerImpl.java:1114) ~[ozone-manager-1.4.0-SNAPSHOT.jar:?]
	at org.apache.hadoop.ozone.om.OmMetadataReader.getFileStatus(OmMetadataReader.java:288) ~[ozone-manager-1.4.0-SNAPSHOT.jar:?]
	at org.apache.hadoop.ozone.om.OzoneManager.getFileStatus(OzoneManager.java:3494) ~[ozone-manager-1.4.0-SNAPSHOT.jar:?]
	at org.apache.hadoop.ozone.protocolPB.OzoneManagerRequestHandler.getOzoneFileStatus(OzoneManagerRequestHandler.java:933) ~[ozone-manager-1.4.0-SNAPSHOT.jar:?]
	at org.apache.hadoop.ozone.protocolPB.OzoneManagerRequestHandler.handleReadRequest(OzoneManagerRequestHandler.java:238) ~[ozone-manager-1.4.0-SNAPSHOT.jar:?]
	at org.apache.hadoop.ozone.protocolPB.OzoneManagerProtocolServerSideTranslatorPB.submitRequestDirectlyToOM(OzoneManagerProtocolServerSideTranslatorPB.java:272) ~[ozone-manager-1.4.0-SNAPSHOT.jar:?]
	at org.apache.hadoop.ozone.protocolPB.OzoneManagerProtocolServerSideTranslatorPB.processRequest(OzoneManagerProtocolServerSideTranslatorPB.java:173) ~[ozone-manager-1.4.0-SNAPSHOT.jar:?]
	at org.apache.hadoop.hdds.server.OzoneProtocolMessageDispatcher.processRequest(OzoneProtocolMessageDispatcher.java:87) [hdds-server-framework-1.4.0-SNAPSHOT.jar:?]
	at org.apache.hadoop.ozone.protocolPB.OzoneManagerProtocolServerSideTranslatorPB.submitRequest(OzoneManagerProtocolServerSideTranslatorPB.java:147) [ozone-manager-1.4.0-SNAPSHOT.jar:?]
	at org.apache.hadoop.ozone.protocol.proto.OzoneManagerProtocolProtos$OzoneManagerService$2.callBlockingMethod(OzoneManagerProtocolProtos.java) [ozone-interface-client-1.4.0-SNAPSHOT.jar:?]
	at org.apache.hadoop.ipc.ProtobufRpcEngine$Server.processCall(ProtobufRpcEngine.java:465) [hadoop-common-3.3.4.jar:?]
	at org.apache.hadoop.ipc.ProtobufRpcEngine2$Server$ProtoBufRpcInvoker.call(ProtobufRpcEngine2.java:578) [hadoop-common-3.3.4.jar:?]
	at org.apache.hadoop.ipc.ProtobufRpcEngine2$Server$ProtoBufRpcInvoker.call(ProtobufRpcEngine2.java:556) [hadoop-common-3.3.4.jar:?]
	at org.apache.hadoop.ipc.RPC$Server.call(RPC.java:1093) [hadoop-common-3.3.4.jar:?]
	at org.apache.hadoop.ipc.Server$RpcCall.run(Server.java:1043) [hadoop-common-3.3.4.jar:?]
	at org.apache.hadoop.ipc.Server$RpcCall.run(Server.java:971) [hadoop-common-3.3.4.jar:?]
	at java.security.AccessController.doPrivileged(Native Method) ~[?:1.8.0_362]
	at javax.security.auth.Subject.doAs(Subject.java:422) [?:1.8.0_362]
	at org.apache.hadoop.security.UserGroupInformation.doAs(UserGroupInformation.java:1878) [hadoop-common-3.3.4.jar:?]
	at org.apache.hadoop.ipc.Server$Handler.run(Server.java:2976) [hadoop-common-3.3.4.jar:?]
20:08:13.459 [IPC Server handler 3 on default port 41725] ERROR OMAudit - user=runner | ip=127.0.0.1 | op=GET_FILE_STATUS {volume=volume10450, bucket=bucket92716, key=testBatchDelete/parent/child7, dataSize=0, replicationConfig=null} | ret=FAILURE
org.apache.hadoop.ozone.om.exceptions.OMException: Unable to get file status: volume: volume10450 bucket: bucket92716 key: testBatchDelete/parent/child7
	at org.apache.hadoop.ozone.om.KeyManagerImpl.getOzoneFileStatus(KeyManagerImpl.java:1196) ~[ozone-manager-1.4.0-SNAPSHOT.jar:?]
	at org.apache.hadoop.ozone.om.KeyManagerImpl.getFileStatus(KeyManagerImpl.java:1114) ~[ozone-manager-1.4.0-SNAPSHOT.jar:?]
	at org.apache.hadoop.ozone.om.OmMetadataReader.getFileStatus(OmMetadataReader.java:288) ~[ozone-manager-1.4.0-SNAPSHOT.jar:?]
	at org.apache.hadoop.ozone.om.OzoneManager.getFileStatus(OzoneManager.java:3494) ~[ozone-manager-1.4.0-SNAPSHOT.jar:?]
	at org.apache.hadoop.ozone.protocolPB.OzoneManagerRequestHandler.getOzoneFileStatus(OzoneManagerRequestHandler.java:933) ~[ozone-manager-1.4.0-SNAPSHOT.jar:?]
	at org.apache.hadoop.ozone.protocolPB.OzoneManagerRequestHandler.handleReadRequest(OzoneManagerRequestHandler.java:238) ~[ozone-manager-1.4.0-SNAPSHOT.jar:?]
	at org.apache.hadoop.ozone.protocolPB.OzoneManagerProtocolServerSideTranslatorPB.submitRequestDirectlyToOM(OzoneManagerProtocolServerSideTranslatorPB.java:272) ~[ozone-manager-1.4.0-SNAPSHOT.jar:?]
	at org.apache.hadoop.ozone.protocolPB.OzoneManagerProtocolServerSideTranslatorPB.processRequest(OzoneManagerProtocolServerSideTranslatorPB.java:173) ~[ozone-manager-1.4.0-SNAPSHOT.jar:?]
	at org.apache.hadoop.hdds.server.OzoneProtocolMessageDispatcher.processRequest(OzoneProtocolMessageDispatcher.java:87) [hdds-server-framework-1.4.0-SNAPSHOT.jar:?]
	at org.apache.hadoop.ozone.protocolPB.OzoneManagerProtocolServerSideTranslatorPB.submitRequest(OzoneManagerProtocolServerSideTranslatorPB.java:147) [ozone-manager-1.4.0-SNAPSHOT.jar:?]
	at org.apache.hadoop.ozone.protocol.proto.OzoneManagerProtocolProtos$OzoneManagerService$2.callBlockingMethod(OzoneManagerProtocolProtos.java) [ozone-interface-client-1.4.0-SNAPSHOT.jar:?]
	at org.apache.hadoop.ipc.ProtobufRpcEngine$Server.processCall(ProtobufRpcEngine.java:465) [hadoop-common-3.3.4.jar:?]
	at org.apache.hadoop.ipc.ProtobufRpcEngine2$Server$ProtoBufRpcInvoker.call(ProtobufRpcEngine2.java:578) [hadoop-common-3.3.4.jar:?]
	at org.apache.hadoop.ipc.ProtobufRpcEngine2$Server$ProtoBufRpcInvoker.call(ProtobufRpcEngine2.java:556) [hadoop-common-3.3.4.jar:?]
	at org.apache.hadoop.ipc.RPC$Server.call(RPC.java:1093) [hadoop-common-3.3.4.jar:?]
	at org.apache.hadoop.ipc.Server$RpcCall.run(Server.java:1043) [hadoop-common-3.3.4.jar:?]
	at org.apache.hadoop.ipc.Server$RpcCall.run(Server.java:971) [hadoop-common-3.3.4.jar:?]
	at java.security.AccessController.doPrivileged(Native Method) ~[?:1.8.0_362]
	at javax.security.auth.Subject.doAs(Subject.java:422) [?:1.8.0_362]
	at org.apache.hadoop.security.UserGroupInformation.doAs(UserGroupInformation.java:1878) [hadoop-common-3.3.4.jar:?]
	at org.apache.hadoop.ipc.Server$Handler.run(Server.java:2976) [hadoop-common-3.3.4.jar:?]
20:08:13.459 [IPC Server handler 19 on default port 41725] ERROR OMAudit - user=runner | ip=127.0.0.1 | op=GET_FILE_STATUS {volume=volume10450, bucket=bucket92716, key=testBatchDelete/parent/childFolder/child7, dataSize=0, replicationConfig=null} | ret=FAILURE
org.apache.hadoop.ozone.om.exceptions.OMException: Unable to get file status: volume: volume10450 bucket: bucket92716 key: testBatchDelete/parent/childFolder/child7
	at org.apache.hadoop.ozone.om.KeyManagerImpl.getOzoneFileStatus(KeyManagerImpl.java:1196) ~[ozone-manager-1.4.0-SNAPSHOT.jar:?]
	at org.apache.hadoop.ozone.om.KeyManagerImpl.getFileStatus(KeyManagerImpl.java:1114) ~[ozone-manager-1.4.0-SNAPSHOT.jar:?]
	at org.apache.hadoop.ozone.om.OmMetadataReader.getFileStatus(OmMetadataReader.java:288) ~[ozone-manager-1.4.0-SNAPSHOT.jar:?]
	at org.apache.hadoop.ozone.om.OzoneManager.getFileStatus(OzoneManager.java:3494) ~[ozone-manager-1.4.0-SNAPSHOT.jar:?]
	at org.apache.hadoop.ozone.protocolPB.OzoneManagerRequestHandler.getOzoneFileStatus(OzoneManagerRequestHandler.java:933) ~[ozone-manager-1.4.0-SNAPSHOT.jar:?]
	at org.apache.hadoop.ozone.protocolPB.OzoneManagerRequestHandler.handleReadRequest(OzoneManagerRequestHandler.java:238) ~[ozone-manager-1.4.0-SNAPSHOT.jar:?]
	at org.apache.hadoop.ozone.protocolPB.OzoneManagerProtocolServerSideTranslatorPB.submitRequestDirectlyToOM(OzoneManagerProtocolServerSideTranslatorPB.java:272) ~[ozone-manager-1.4.0-SNAPSHOT.jar:?]
	at org.apache.hadoop.ozone.protocolPB.OzoneManagerProtocolServerSideTranslatorPB.processRequest(OzoneManagerProtocolServerSideTranslatorPB.java:173) ~[ozone-manager-1.4.0-SNAPSHOT.jar:?]
	at org.apache.hadoop.hdds.server.OzoneProtocolMessageDispatcher.processRequest(OzoneProtocolMessageDispatcher.java:87) [hdds-server-framework-1.4.0-SNAPSHOT.jar:?]
	at org.apache.hadoop.ozone.protocolPB.OzoneManagerProtocolServerSideTranslatorPB.submitRequest(OzoneManagerProtocolServerSideTranslatorPB.java:147) [ozone-manager-1.4.0-SNAPSHOT.jar:?]
	at org.apache.hadoop.ozone.protocol.proto.OzoneManagerProtocolProtos$OzoneManagerService$2.callBlockingMethod(OzoneManagerProtocolProtos.java) [ozone-interface-client-1.4.0-SNAPSHOT.jar:?]
	at org.apache.hadoop.ipc.ProtobufRpcEngine$Server.processCall(ProtobufRpcEngine.java:465) [hadoop-common-3.3.4.jar:?]
	at org.apache.hadoop.ipc.ProtobufRpcEngine2$Server$ProtoBufRpcInvoker.call(ProtobufRpcEngine2.java:578) [hadoop-common-3.3.4.jar:?]
	at org.apache.hadoop.ipc.ProtobufRpcEngine2$Server$ProtoBufRpcInvoker.call(ProtobufRpcEngine2.java:556) [hadoop-common-3.3.4.jar:?]
	at org.apache.hadoop.ipc.RPC$Server.call(RPC.java:1093) [hadoop-common-3.3.4.jar:?]
	at org.apache.hadoop.ipc.Server$RpcCall.run(Server.java:1043) [hadoop-common-3.3.4.jar:?]
	at org.apache.hadoop.ipc.Server$RpcCall.run(Server.java:971) [hadoop-common-3.3.4.jar:?]
	at java.security.AccessController.doPrivileged(Native Method) ~[?:1.8.0_362]
	at javax.security.auth.Subject.doAs(Subject.java:422) [?:1.8.0_362]
	at org.apache.hadoop.security.UserGroupInformation.doAs(UserGroupInformation.java:1878) [hadoop-common-3.3.4.jar:?]
	at org.apache.hadoop.ipc.Server$Handler.run(Server.java:2976) [hadoop-common-3.3.4.jar:?]
20:08:13.460 [IPC Server handler 6 on default port 41725] ERROR OMAudit - user=runner | ip=127.0.0.1 | op=GET_FILE_STATUS {volume=volume10450, bucket=bucket92716, key=testBatchDelete/parent, dataSize=0, replicationConfig=null} | ret=FAILURE
org.apache.hadoop.ozone.om.exceptions.OMException: Unable to get file status: volume: volume10450 bucket: bucket92716 key: testBatchDelete/parent
	at org.apache.hadoop.ozone.om.KeyManagerImpl.getOzoneFileStatus(KeyManagerImpl.java:1196) ~[ozone-manager-1.4.0-SNAPSHOT.jar:?]
	at org.apache.hadoop.ozone.om.KeyManagerImpl.getFileStatus(KeyManagerImpl.java:1114) ~[ozone-manager-1.4.0-SNAPSHOT.jar:?]
	at org.apache.hadoop.ozone.om.OmMetadataReader.getFileStatus(OmMetadataReader.java:288) ~[ozone-manager-1.4.0-SNAPSHOT.jar:?]
	at org.apache.hadoop.ozone.om.OzoneManager.getFileStatus(OzoneManager.java:3494) ~[ozone-manager-1.4.0-SNAPSHOT.jar:?]
	at org.apache.hadoop.ozone.protocolPB.OzoneManagerRequestHandler.getOzoneFileStatus(OzoneManagerRequestHandler.java:933) ~[ozone-manager-1.4.0-SNAPSHOT.jar:?]
	at org.apache.hadoop.ozone.protocolPB.OzoneManagerRequestHandler.handleReadRequest(OzoneManagerRequestHandler.java:238) ~[ozone-manager-1.4.0-SNAPSHOT.jar:?]
	at org.apache.hadoop.ozone.protocolPB.OzoneManagerProtocolServerSideTranslatorPB.submitRequestDirectlyToOM(OzoneManagerProtocolServerSideTranslatorPB.java:272) ~[ozone-manager-1.4.0-SNAPSHOT.jar:?]
	at org.apache.hadoop.ozone.protocolPB.OzoneManagerProtocolServerSideTranslatorPB.processRequest(OzoneManagerProtocolServerSideTranslatorPB.java:173) ~[ozone-manager-1.4.0-SNAPSHOT.jar:?]
	at org.apache.hadoop.hdds.server.OzoneProtocolMessageDispatcher.processRequest(OzoneProtocolMessageDispatcher.java:87) [hdds-server-framework-1.4.0-SNAPSHOT.jar:?]
	at org.apache.hadoop.ozone.protocolPB.OzoneManagerProtocolServerSideTranslatorPB.submitRequest(OzoneManagerProtocolServerSideTranslatorPB.java:147) [ozone-manager-1.4.0-SNAPSHOT.jar:?]
	at org.apache.hadoop.ozone.protocol.proto.OzoneManagerProtocolProtos$OzoneManagerService$2.callBlockingMethod(OzoneManagerProtocolProtos.java) [ozone-interface-client-1.4.0-SNAPSHOT.jar:?]
	at org.apache.hadoop.ipc.ProtobufRpcEngine$Server.processCall(ProtobufRpcEngine.java:465) [hadoop-common-3.3.4.jar:?]
	at org.apache.hadoop.ipc.ProtobufRpcEngine2$Server$ProtoBufRpcInvoker.call(ProtobufRpcEngine2.java:578) [hadoop-common-3.3.4.jar:?]
	at org.apache.hadoop.ipc.ProtobufRpcEngine2$Server$ProtoBufRpcInvoker.call(ProtobufRpcEngine2.java:556) [hadoop-common-3.3.4.jar:?]
	at org.apache.hadoop.ipc.RPC$Server.call(RPC.java:1093) [hadoop-common-3.3.4.jar:?]
	at org.apache.hadoop.ipc.Server$RpcCall.run(Server.java:1043) [hadoop-common-3.3.4.jar:?]
	at org.apache.hadoop.ipc.Server$RpcCall.run(Server.java:971) [hadoop-common-3.3.4.jar:?]
	at java.security.AccessController.doPrivileged(Native Method) ~[?:1.8.0_362]
	at javax.security.auth.Subject.doAs(Subject.java:422) [?:1.8.0_362]
	at org.apache.hadoop.security.UserGroupInformation.doAs(UserGroupInformation.java:1878) [hadoop-common-3.3.4.jar:?]
	at org.apache.hadoop.ipc.Server$Handler.run(Server.java:2976) [hadoop-common-3.3.4.jar:?]
2023-03-16 20:08:13,461 [Time-limited test] WARN  ozone.BasicOzoneFileSystem (BasicOzoneFileSystem.java:delete(559)) - delete: Path does not exist: /testBatchDelete/parent
]]></system-out>
  </testcase>
  <testcase name="testListStatusIteratorOnPageSize" classname="TestOzoneFileSystem" time="50.119">
    <system-out><![CDATA[2023-03-16 20:04:53,090 [IPC Server handler 8 on default port 42293] INFO  ha.SequenceIdGenerator (SequenceIdGenerator.java:getNextId(128)) - Allocate a batch for delTxnId, change lastId from 0 to 1000.
2023-03-16 20:04:56,779 [BlockDeletingService#0] INFO  interfaces.ContainerDeletionChoosingPolicyTemplate (ContainerDeletionChoosingPolicyTemplate.java:chooseContainerForBlockDeletion(83)) - Chosen 0/5000 blocks from 0 candidate containers.
2023-03-16 20:04:57,305 [BlockDeletingService#0] INFO  interfaces.ContainerDeletionChoosingPolicyTemplate (ContainerDeletionChoosingPolicyTemplate.java:chooseContainerForBlockDeletion(83)) - Chosen 0/5000 blocks from 0 candidate containers.
2023-03-16 20:04:57,838 [BlockDeletingService#0] INFO  interfaces.ContainerDeletionChoosingPolicyTemplate (ContainerDeletionChoosingPolicyTemplate.java:chooseContainerForBlockDeletion(83)) - Chosen 0/5000 blocks from 0 candidate containers.
2023-03-16 20:04:58,341 [BlockDeletingService#0] INFO  interfaces.ContainerDeletionChoosingPolicyTemplate (ContainerDeletionChoosingPolicyTemplate.java:chooseContainerForBlockDeletion(83)) - Chosen 0/5000 blocks from 0 candidate containers.
2023-03-16 20:04:58,964 [BlockDeletingService#0] INFO  interfaces.ContainerDeletionChoosingPolicyTemplate (ContainerDeletionChoosingPolicyTemplate.java:chooseContainerForBlockDeletion(83)) - Chosen 0/5000 blocks from 0 candidate containers.
]]></system-out>
  </testcase>
  <testcase name="testListStatusIteratorOnPageSize" classname="TestOzoneFileSystem" time="28.845">
    <system-out><![CDATA[2023-03-16 20:05:55,349 [JvmPauseMonitor10] WARN  util.JvmPauseMonitor (JvmPauseMonitor.java:detectPause(126)) - JvmPauseMonitor-9af49bef-8086-45bf-a9fe-0593dfe94cbe: Detected pause in JVM or host machine (eg GC): pause of approximately 243094724ns.
GC pool 'PS MarkSweep' had collection(s): count=1 time=310ms
GC pool 'PS Scavenge' had collection(s): count=1 time=64ms
2023-03-16 20:05:55,349 [JvmPauseMonitor9] WARN  util.JvmPauseMonitor (JvmPauseMonitor.java:detectPause(126)) - JvmPauseMonitor-b8c04efc-d1c9-41eb-be33-8d90dc945da6: Detected pause in JVM or host machine (eg GC): pause of approximately 244697425ns.
GC pool 'PS MarkSweep' had collection(s): count=1 time=310ms
GC pool 'PS Scavenge' had collection(s): count=1 time=64ms
2023-03-16 20:05:55,349 [JvmPauseMonitor7] WARN  util.JvmPauseMonitor (JvmPauseMonitor.java:detectPause(126)) - JvmPauseMonitor-c4e89383-110e-4923-8697-fad4fff4e184: Detected pause in JVM or host machine (eg GC): pause of approximately 244806925ns.
GC pool 'PS MarkSweep' had collection(s): count=1 time=310ms
GC pool 'PS Scavenge' had collection(s): count=1 time=64ms
2023-03-16 20:05:55,349 [JvmPauseMonitor8] WARN  util.JvmPauseMonitor (JvmPauseMonitor.java:detectPause(126)) - JvmPauseMonitor-8a432d69-9095-4d8b-a714-320becebd573: Detected pause in JVM or host machine (eg GC): pause of approximately 244925525ns.
GC pool 'PS MarkSweep' had collection(s): count=1 time=310ms
GC pool 'PS Scavenge' had collection(s): count=1 time=64ms
2023-03-16 20:05:55,350 [JvmPauseMonitor6] WARN  util.JvmPauseMonitor (JvmPauseMonitor.java:detectPause(126)) - JvmPauseMonitor-77c004ef-6c20-479a-84fb-1570edc7ba10: Detected pause in JVM or host machine (eg GC): pause of approximately 246005826ns.
GC pool 'PS MarkSweep' had collection(s): count=1 time=310ms
GC pool 'PS Scavenge' had collection(s): count=1 time=64ms
]]></system-out>
  </testcase>
  <testcase name="testListStatusIteratorOnPageSize" classname="TestOzoneFileSystem" time="39.439">
    <system-out><![CDATA[2023-03-16 20:07:01,552 [JvmPauseMonitor13] WARN  util.JvmPauseMonitor (JvmPauseMonitor.java:detectPause(126)) - JvmPauseMonitor-682b4d9c-96c0-4a75-8400-2841f36046f6: Detected pause in JVM or host machine (eg GC): pause of approximately 131702737ns.
GC pool 'PS MarkSweep' had collection(s): count=1 time=396ms
GC pool 'PS Scavenge' had collection(s): count=1 time=103ms
2023-03-16 20:07:01,553 [JvmPauseMonitor14] WARN  util.JvmPauseMonitor (JvmPauseMonitor.java:detectPause(126)) - JvmPauseMonitor-af19ea06-4a72-4e8e-a05a-645e0b93ca6c: Detected pause in JVM or host machine (eg GC): pause of approximately 162123848ns.
GC pool 'PS MarkSweep' had collection(s): count=1 time=396ms
GC pool 'PS Scavenge' had collection(s): count=1 time=103ms
2023-03-16 20:07:01,553 [JvmPauseMonitor11] WARN  util.JvmPauseMonitor (JvmPauseMonitor.java:detectPause(126)) - JvmPauseMonitor-om1: Detected pause in JVM or host machine (eg GC): pause of approximately 169061750ns.
GC pool 'PS MarkSweep' had collection(s): count=1 time=396ms
GC pool 'PS Scavenge' had collection(s): count=1 time=103ms
2023-03-16 20:07:01,554 [JvmPauseMonitor15] WARN  util.JvmPauseMonitor (JvmPauseMonitor.java:detectPause(126)) - JvmPauseMonitor-7632a000-3617-4d19-89f4-e221b08e3da6: Detected pause in JVM or host machine (eg GC): pause of approximately 205135863ns.
GC pool 'PS MarkSweep' had collection(s): count=1 time=396ms
GC pool 'PS Scavenge' had collection(s): count=1 time=103ms
2023-03-16 20:07:01,554 [JvmPauseMonitor16] WARN  util.JvmPauseMonitor (JvmPauseMonitor.java:detectPause(126)) - JvmPauseMonitor-ebbc2a03-53b4-4736-a1f5-3eecd05c2e3b: Detected pause in JVM or host machine (eg GC): pause of approximately 246616779ns.
GC pool 'PS MarkSweep' had collection(s): count=1 time=396ms
GC pool 'PS Scavenge' had collection(s): count=1 time=103ms
]]></system-out>
  </testcase>
  <testcase name="testListStatusIteratorOnPageSize" classname="TestOzoneFileSystem" time="25.807">
    <system-out><![CDATA[2023-03-16 20:08:18,002 [JvmPauseMonitor19] WARN  util.JvmPauseMonitor (JvmPauseMonitor.java:detectPause(126)) - JvmPauseMonitor-5bf8ace6-d9a7-430b-8471-debd47753f31: Detected pause in JVM or host machine (eg GC): pause of approximately 109736682ns.
GC pool 'PS Scavenge' had collection(s): count=1 time=122ms
2023-03-16 20:08:18,002 [JvmPauseMonitor18] WARN  util.JvmPauseMonitor (JvmPauseMonitor.java:detectPause(126)) - JvmPauseMonitor-317f44fb-1afb-4ae0-a6b8-d51e7e741648: Detected pause in JVM or host machine (eg GC): pause of approximately 116281184ns.
GC pool 'PS Scavenge' had collection(s): count=1 time=122ms
]]></system-out>
  </testcase>
  <testcase name="testRenameToTrashEnabled" classname="TestOzoneFileSystem" time="0.17">
    <system-out><![CDATA[20:05:07.505 [IPC Server handler 6 on default port 35091] ERROR OMAudit - user=runner | ip=127.0.0.1 | op=GET_FILE_STATUS {volume=volume04068, bucket=bucket31801, key=.Trash/runner/Current/testKey1, dataSize=0, replicationConfig=null} | ret=FAILURE
org.apache.hadoop.ozone.om.exceptions.OMException: Unable to get file status: volume: volume04068 bucket: bucket31801 key: .Trash/runner/Current/testKey1
	at org.apache.hadoop.ozone.om.KeyManagerImpl.getOzoneFileStatus(KeyManagerImpl.java:1196) ~[ozone-manager-1.4.0-SNAPSHOT.jar:?]
	at org.apache.hadoop.ozone.om.KeyManagerImpl.getFileStatus(KeyManagerImpl.java:1114) ~[ozone-manager-1.4.0-SNAPSHOT.jar:?]
	at org.apache.hadoop.ozone.om.OmMetadataReader.getFileStatus(OmMetadataReader.java:288) ~[ozone-manager-1.4.0-SNAPSHOT.jar:?]
	at org.apache.hadoop.ozone.om.OzoneManager.getFileStatus(OzoneManager.java:3494) ~[ozone-manager-1.4.0-SNAPSHOT.jar:?]
	at org.apache.hadoop.ozone.protocolPB.OzoneManagerRequestHandler.getOzoneFileStatus(OzoneManagerRequestHandler.java:933) ~[ozone-manager-1.4.0-SNAPSHOT.jar:?]
	at org.apache.hadoop.ozone.protocolPB.OzoneManagerRequestHandler.handleReadRequest(OzoneManagerRequestHandler.java:238) ~[ozone-manager-1.4.0-SNAPSHOT.jar:?]
	at org.apache.hadoop.ozone.protocolPB.OzoneManagerProtocolServerSideTranslatorPB.submitReadRequestToOM(OzoneManagerProtocolServerSideTranslatorPB.java:223) ~[ozone-manager-1.4.0-SNAPSHOT.jar:?]
	at org.apache.hadoop.ozone.protocolPB.OzoneManagerProtocolServerSideTranslatorPB.processRequest(OzoneManagerProtocolServerSideTranslatorPB.java:177) ~[ozone-manager-1.4.0-SNAPSHOT.jar:?]
	at org.apache.hadoop.hdds.server.OzoneProtocolMessageDispatcher.processRequest(OzoneProtocolMessageDispatcher.java:87) [hdds-server-framework-1.4.0-SNAPSHOT.jar:?]
	at org.apache.hadoop.ozone.protocolPB.OzoneManagerProtocolServerSideTranslatorPB.submitRequest(OzoneManagerProtocolServerSideTranslatorPB.java:147) [ozone-manager-1.4.0-SNAPSHOT.jar:?]
	at org.apache.hadoop.ozone.protocol.proto.OzoneManagerProtocolProtos$OzoneManagerService$2.callBlockingMethod(OzoneManagerProtocolProtos.java) [ozone-interface-client-1.4.0-SNAPSHOT.jar:?]
	at org.apache.hadoop.ipc.ProtobufRpcEngine$Server.processCall(ProtobufRpcEngine.java:465) [hadoop-common-3.3.4.jar:?]
	at org.apache.hadoop.ipc.ProtobufRpcEngine2$Server$ProtoBufRpcInvoker.call(ProtobufRpcEngine2.java:578) [hadoop-common-3.3.4.jar:?]
	at org.apache.hadoop.ipc.ProtobufRpcEngine2$Server$ProtoBufRpcInvoker.call(ProtobufRpcEngine2.java:556) [hadoop-common-3.3.4.jar:?]
	at org.apache.hadoop.ipc.RPC$Server.call(RPC.java:1093) [hadoop-common-3.3.4.jar:?]
	at org.apache.hadoop.ipc.Server$RpcCall.run(Server.java:1043) [hadoop-common-3.3.4.jar:?]
	at org.apache.hadoop.ipc.Server$RpcCall.run(Server.java:971) [hadoop-common-3.3.4.jar:?]
	at java.security.AccessController.doPrivileged(Native Method) ~[?:1.8.0_362]
	at javax.security.auth.Subject.doAs(Subject.java:422) [?:1.8.0_362]
	at org.apache.hadoop.security.UserGroupInformation.doAs(UserGroupInformation.java:1878) [hadoop-common-3.3.4.jar:?]
	at org.apache.hadoop.ipc.Server$Handler.run(Server.java:2976) [hadoop-common-3.3.4.jar:?]
20:05:07.515 [IPC Server handler 5 on default port 35091] ERROR OMAudit - user=runner | ip=127.0.0.1 | op=GET_FILE_STATUS {volume=volume04068, bucket=bucket31801, key=.Trash/runner/Current/testKey1, dataSize=0, replicationConfig=null} | ret=FAILURE
org.apache.hadoop.ozone.om.exceptions.OMException: Unable to get file status: volume: volume04068 bucket: bucket31801 key: .Trash/runner/Current/testKey1
	at org.apache.hadoop.ozone.om.KeyManagerImpl.getOzoneFileStatus(KeyManagerImpl.java:1196) ~[ozone-manager-1.4.0-SNAPSHOT.jar:?]
	at org.apache.hadoop.ozone.om.KeyManagerImpl.getFileStatus(KeyManagerImpl.java:1114) ~[ozone-manager-1.4.0-SNAPSHOT.jar:?]
	at org.apache.hadoop.ozone.om.OmMetadataReader.getFileStatus(OmMetadataReader.java:288) ~[ozone-manager-1.4.0-SNAPSHOT.jar:?]
	at org.apache.hadoop.ozone.om.OzoneManager.getFileStatus(OzoneManager.java:3494) ~[ozone-manager-1.4.0-SNAPSHOT.jar:?]
	at org.apache.hadoop.ozone.protocolPB.OzoneManagerRequestHandler.getOzoneFileStatus(OzoneManagerRequestHandler.java:933) ~[ozone-manager-1.4.0-SNAPSHOT.jar:?]
	at org.apache.hadoop.ozone.protocolPB.OzoneManagerRequestHandler.handleReadRequest(OzoneManagerRequestHandler.java:238) ~[ozone-manager-1.4.0-SNAPSHOT.jar:?]
	at org.apache.hadoop.ozone.protocolPB.OzoneManagerProtocolServerSideTranslatorPB.submitReadRequestToOM(OzoneManagerProtocolServerSideTranslatorPB.java:223) ~[ozone-manager-1.4.0-SNAPSHOT.jar:?]
	at org.apache.hadoop.ozone.protocolPB.OzoneManagerProtocolServerSideTranslatorPB.processRequest(OzoneManagerProtocolServerSideTranslatorPB.java:177) ~[ozone-manager-1.4.0-SNAPSHOT.jar:?]
	at org.apache.hadoop.hdds.server.OzoneProtocolMessageDispatcher.processRequest(OzoneProtocolMessageDispatcher.java:87) [hdds-server-framework-1.4.0-SNAPSHOT.jar:?]
	at org.apache.hadoop.ozone.protocolPB.OzoneManagerProtocolServerSideTranslatorPB.submitRequest(OzoneManagerProtocolServerSideTranslatorPB.java:147) [ozone-manager-1.4.0-SNAPSHOT.jar:?]
	at org.apache.hadoop.ozone.protocol.proto.OzoneManagerProtocolProtos$OzoneManagerService$2.callBlockingMethod(OzoneManagerProtocolProtos.java) [ozone-interface-client-1.4.0-SNAPSHOT.jar:?]
	at org.apache.hadoop.ipc.ProtobufRpcEngine$Server.processCall(ProtobufRpcEngine.java:465) [hadoop-common-3.3.4.jar:?]
	at org.apache.hadoop.ipc.ProtobufRpcEngine2$Server$ProtoBufRpcInvoker.call(ProtobufRpcEngine2.java:578) [hadoop-common-3.3.4.jar:?]
	at org.apache.hadoop.ipc.ProtobufRpcEngine2$Server$ProtoBufRpcInvoker.call(ProtobufRpcEngine2.java:556) [hadoop-common-3.3.4.jar:?]
	at org.apache.hadoop.ipc.RPC$Server.call(RPC.java:1093) [hadoop-common-3.3.4.jar:?]
	at org.apache.hadoop.ipc.Server$RpcCall.run(Server.java:1043) [hadoop-common-3.3.4.jar:?]
	at org.apache.hadoop.ipc.Server$RpcCall.run(Server.java:971) [hadoop-common-3.3.4.jar:?]
	at java.security.AccessController.doPrivileged(Native Method) ~[?:1.8.0_362]
	at javax.security.auth.Subject.doAs(Subject.java:422) [?:1.8.0_362]
	at org.apache.hadoop.security.UserGroupInformation.doAs(UserGroupInformation.java:1878) [hadoop-common-3.3.4.jar:?]
	at org.apache.hadoop.ipc.Server$Handler.run(Server.java:2976) [hadoop-common-3.3.4.jar:?]
2023-03-16 20:05:07,526 [Time-limited test] INFO  om.TrashPolicyOzone (TrashPolicyOzone.java:moveToTrash(209)) - Moved: '/testKey1' to trash at: /.Trash/runner/Current/testKey1
2023-03-16 20:05:07,544 [OM StateMachine ApplyTransaction Thread - 0] ERROR key.OMKeysDeleteRequest (OMKeysDeleteRequest.java:validateAndUpdateCache(146)) - Received a request to delete a Key does not exist /volume04068/bucket31801/.Trash/runner/Current/
2023-03-16 20:05:07,545 [Time-limited test] ERROR ozone.BasicOzoneClientAdapterImpl (BasicOzoneClientAdapterImpl.java:deleteObjects(378)) - delete key failed 
20:05:07.546 [OM StateMachine ApplyTransaction Thread - 0] ERROR OMAudit - user=runner | ip=127.0.0.1 | op=RENAME_KEY {volume=volume04068, bucket=bucket31801, dataSize=0, replicationType=NONE, replicationFactor=ZERO, srcKey=.Trash/runner/Current/testKey1, dstKey=.Trash/runner/230316200507/testKey1} | ret=FAILURE
org.apache.hadoop.ozone.om.exceptions.OMException: Key not found /volume04068/bucket31801/.Trash/runner/Current/testKey1
	at org.apache.hadoop.ozone.om.request.key.OMKeyRenameRequest.validateAndUpdateCache(OMKeyRenameRequest.java:187) ~[ozone-manager-1.4.0-SNAPSHOT.jar:?]
	at org.apache.hadoop.ozone.protocolPB.OzoneManagerRequestHandler.handleWriteRequest(OzoneManagerRequestHandler.java:337) ~[ozone-manager-1.4.0-SNAPSHOT.jar:?]
	at org.apache.hadoop.ozone.om.ratis.OzoneManagerStateMachine.runCommand(OzoneManagerStateMachine.java:533) ~[ozone-manager-1.4.0-SNAPSHOT.jar:?]
	at org.apache.hadoop.ozone.om.ratis.OzoneManagerStateMachine.lambda$1(OzoneManagerStateMachine.java:324) ~[ozone-manager-1.4.0-SNAPSHOT.jar:?]
	at java.util.concurrent.CompletableFuture$AsyncSupply.run(CompletableFuture.java:1604) [?:1.8.0_362]
	at java.util.concurrent.ThreadPoolExecutor.runWorker(ThreadPoolExecutor.java:1149) [?:1.8.0_362]
	at java.util.concurrent.ThreadPoolExecutor$Worker.run(ThreadPoolExecutor.java:624) [?:1.8.0_362]
	at java.lang.Thread.run(Thread.java:750) [?:1.8.0_362]
2023-03-16 20:05:07,546 [OM StateMachine ApplyTransaction Thread - 0] ERROR key.OMKeyRenameRequest (OMKeyRenameRequest.java:validateAndUpdateCache(239)) - Rename key failed for volume:volume04068 bucket:bucket31801 fromKey:.Trash/runner/Current/testKey1 toKey:.Trash/runner/230316200507/testKey1. Key: .Trash/runner/Current/testKey1 not found.
]]></system-out>
  </testcase>
  <testcase name="testRenameToTrashEnabled" classname="TestOzoneFileSystem" time="0.152">
    <system-out><![CDATA[20:06:19.866 [IPC Server handler 3 on default port 40321] ERROR OMAudit - user=runner | ip=127.0.0.1 | op=GET_FILE_STATUS {volume=volume45206, bucket=bucket25127, key=.Trash/runner/Current/testKey1, dataSize=0, replicationConfig=null} | ret=FAILURE
org.apache.hadoop.ozone.om.exceptions.OMException: Unable to get file status: volume: volume45206 bucket: bucket25127 key: .Trash/runner/Current/testKey1
	at org.apache.hadoop.ozone.om.KeyManagerImpl.getOzoneFileStatus(KeyManagerImpl.java:1196) ~[ozone-manager-1.4.0-SNAPSHOT.jar:?]
	at org.apache.hadoop.ozone.om.KeyManagerImpl.getFileStatus(KeyManagerImpl.java:1114) ~[ozone-manager-1.4.0-SNAPSHOT.jar:?]
	at org.apache.hadoop.ozone.om.OmMetadataReader.getFileStatus(OmMetadataReader.java:288) ~[ozone-manager-1.4.0-SNAPSHOT.jar:?]
	at org.apache.hadoop.ozone.om.OzoneManager.getFileStatus(OzoneManager.java:3494) ~[ozone-manager-1.4.0-SNAPSHOT.jar:?]
	at org.apache.hadoop.ozone.protocolPB.OzoneManagerRequestHandler.getOzoneFileStatus(OzoneManagerRequestHandler.java:933) ~[ozone-manager-1.4.0-SNAPSHOT.jar:?]
	at org.apache.hadoop.ozone.protocolPB.OzoneManagerRequestHandler.handleReadRequest(OzoneManagerRequestHandler.java:238) ~[ozone-manager-1.4.0-SNAPSHOT.jar:?]
	at org.apache.hadoop.ozone.protocolPB.OzoneManagerProtocolServerSideTranslatorPB.submitRequestDirectlyToOM(OzoneManagerProtocolServerSideTranslatorPB.java:272) ~[ozone-manager-1.4.0-SNAPSHOT.jar:?]
	at org.apache.hadoop.ozone.protocolPB.OzoneManagerProtocolServerSideTranslatorPB.processRequest(OzoneManagerProtocolServerSideTranslatorPB.java:173) ~[ozone-manager-1.4.0-SNAPSHOT.jar:?]
	at org.apache.hadoop.hdds.server.OzoneProtocolMessageDispatcher.processRequest(OzoneProtocolMessageDispatcher.java:87) [hdds-server-framework-1.4.0-SNAPSHOT.jar:?]
	at org.apache.hadoop.ozone.protocolPB.OzoneManagerProtocolServerSideTranslatorPB.submitRequest(OzoneManagerProtocolServerSideTranslatorPB.java:147) [ozone-manager-1.4.0-SNAPSHOT.jar:?]
	at org.apache.hadoop.ozone.protocol.proto.OzoneManagerProtocolProtos$OzoneManagerService$2.callBlockingMethod(OzoneManagerProtocolProtos.java) [ozone-interface-client-1.4.0-SNAPSHOT.jar:?]
	at org.apache.hadoop.ipc.ProtobufRpcEngine$Server.processCall(ProtobufRpcEngine.java:465) [hadoop-common-3.3.4.jar:?]
	at org.apache.hadoop.ipc.ProtobufRpcEngine2$Server$ProtoBufRpcInvoker.call(ProtobufRpcEngine2.java:578) [hadoop-common-3.3.4.jar:?]
	at org.apache.hadoop.ipc.ProtobufRpcEngine2$Server$ProtoBufRpcInvoker.call(ProtobufRpcEngine2.java:556) [hadoop-common-3.3.4.jar:?]
	at org.apache.hadoop.ipc.RPC$Server.call(RPC.java:1093) [hadoop-common-3.3.4.jar:?]
	at org.apache.hadoop.ipc.Server$RpcCall.run(Server.java:1043) [hadoop-common-3.3.4.jar:?]
	at org.apache.hadoop.ipc.Server$RpcCall.run(Server.java:971) [hadoop-common-3.3.4.jar:?]
	at java.security.AccessController.doPrivileged(Native Method) ~[?:1.8.0_362]
	at javax.security.auth.Subject.doAs(Subject.java:422) [?:1.8.0_362]
	at org.apache.hadoop.security.UserGroupInformation.doAs(UserGroupInformation.java:1878) [hadoop-common-3.3.4.jar:?]
	at org.apache.hadoop.ipc.Server$Handler.run(Server.java:2976) [hadoop-common-3.3.4.jar:?]
20:06:19.873 [IPC Server handler 7 on default port 40321] ERROR OMAudit - user=runner | ip=127.0.0.1 | op=GET_FILE_STATUS {volume=volume45206, bucket=bucket25127, key=.Trash/runner/Current/testKey1, dataSize=0, replicationConfig=null} | ret=FAILURE
org.apache.hadoop.ozone.om.exceptions.OMException: Unable to get file status: volume: volume45206 bucket: bucket25127 key: .Trash/runner/Current/testKey1
	at org.apache.hadoop.ozone.om.KeyManagerImpl.getOzoneFileStatus(KeyManagerImpl.java:1196) ~[ozone-manager-1.4.0-SNAPSHOT.jar:?]
	at org.apache.hadoop.ozone.om.KeyManagerImpl.getFileStatus(KeyManagerImpl.java:1114) ~[ozone-manager-1.4.0-SNAPSHOT.jar:?]
	at org.apache.hadoop.ozone.om.OmMetadataReader.getFileStatus(OmMetadataReader.java:288) ~[ozone-manager-1.4.0-SNAPSHOT.jar:?]
	at org.apache.hadoop.ozone.om.OzoneManager.getFileStatus(OzoneManager.java:3494) ~[ozone-manager-1.4.0-SNAPSHOT.jar:?]
	at org.apache.hadoop.ozone.protocolPB.OzoneManagerRequestHandler.getOzoneFileStatus(OzoneManagerRequestHandler.java:933) ~[ozone-manager-1.4.0-SNAPSHOT.jar:?]
	at org.apache.hadoop.ozone.protocolPB.OzoneManagerRequestHandler.handleReadRequest(OzoneManagerRequestHandler.java:238) ~[ozone-manager-1.4.0-SNAPSHOT.jar:?]
	at org.apache.hadoop.ozone.protocolPB.OzoneManagerProtocolServerSideTranslatorPB.submitRequestDirectlyToOM(OzoneManagerProtocolServerSideTranslatorPB.java:272) ~[ozone-manager-1.4.0-SNAPSHOT.jar:?]
	at org.apache.hadoop.ozone.protocolPB.OzoneManagerProtocolServerSideTranslatorPB.processRequest(OzoneManagerProtocolServerSideTranslatorPB.java:173) ~[ozone-manager-1.4.0-SNAPSHOT.jar:?]
	at org.apache.hadoop.hdds.server.OzoneProtocolMessageDispatcher.processRequest(OzoneProtocolMessageDispatcher.java:87) [hdds-server-framework-1.4.0-SNAPSHOT.jar:?]
	at org.apache.hadoop.ozone.protocolPB.OzoneManagerProtocolServerSideTranslatorPB.submitRequest(OzoneManagerProtocolServerSideTranslatorPB.java:147) [ozone-manager-1.4.0-SNAPSHOT.jar:?]
	at org.apache.hadoop.ozone.protocol.proto.OzoneManagerProtocolProtos$OzoneManagerService$2.callBlockingMethod(OzoneManagerProtocolProtos.java) [ozone-interface-client-1.4.0-SNAPSHOT.jar:?]
	at org.apache.hadoop.ipc.ProtobufRpcEngine$Server.processCall(ProtobufRpcEngine.java:465) [hadoop-common-3.3.4.jar:?]
	at org.apache.hadoop.ipc.ProtobufRpcEngine2$Server$ProtoBufRpcInvoker.call(ProtobufRpcEngine2.java:578) [hadoop-common-3.3.4.jar:?]
	at org.apache.hadoop.ipc.ProtobufRpcEngine2$Server$ProtoBufRpcInvoker.call(ProtobufRpcEngine2.java:556) [hadoop-common-3.3.4.jar:?]
	at org.apache.hadoop.ipc.RPC$Server.call(RPC.java:1093) [hadoop-common-3.3.4.jar:?]
	at org.apache.hadoop.ipc.Server$RpcCall.run(Server.java:1043) [hadoop-common-3.3.4.jar:?]
	at org.apache.hadoop.ipc.Server$RpcCall.run(Server.java:971) [hadoop-common-3.3.4.jar:?]
	at java.security.AccessController.doPrivileged(Native Method) ~[?:1.8.0_362]
	at javax.security.auth.Subject.doAs(Subject.java:422) [?:1.8.0_362]
	at org.apache.hadoop.security.UserGroupInformation.doAs(UserGroupInformation.java:1878) [hadoop-common-3.3.4.jar:?]
	at org.apache.hadoop.ipc.Server$Handler.run(Server.java:2976) [hadoop-common-3.3.4.jar:?]
2023-03-16 20:06:19,886 [Time-limited test] INFO  om.TrashPolicyOzone (TrashPolicyOzone.java:moveToTrash(209)) - Moved: '/testKey1' to trash at: /.Trash/runner/Current/testKey1
]]></system-out>
  </testcase>
  <testcase name="testRenameToTrashEnabled" classname="TestOzoneFileSystem" time="0.163">
    <system-out><![CDATA[20:07:34.498 [IPC Server handler 1 on default port 37437] ERROR OMAudit - user=runner | ip=127.0.0.1 | op=GET_FILE_STATUS {volume=volume46233, bucket=bucket02547, key=.Trash/runner/Current/testKey1, dataSize=0, replicationConfig=null} | ret=FAILURE
org.apache.hadoop.ozone.om.exceptions.OMException: Unable to get file status: volume: volume46233 bucket: bucket02547 key: .Trash/runner/Current/testKey1
	at org.apache.hadoop.ozone.om.KeyManagerImpl.getOzoneFileStatus(KeyManagerImpl.java:1196) ~[ozone-manager-1.4.0-SNAPSHOT.jar:?]
	at org.apache.hadoop.ozone.om.KeyManagerImpl.getFileStatus(KeyManagerImpl.java:1114) ~[ozone-manager-1.4.0-SNAPSHOT.jar:?]
	at org.apache.hadoop.ozone.om.OmMetadataReader.getFileStatus(OmMetadataReader.java:288) ~[ozone-manager-1.4.0-SNAPSHOT.jar:?]
	at org.apache.hadoop.ozone.om.OzoneManager.getFileStatus(OzoneManager.java:3494) ~[ozone-manager-1.4.0-SNAPSHOT.jar:?]
	at org.apache.hadoop.ozone.protocolPB.OzoneManagerRequestHandler.getOzoneFileStatus(OzoneManagerRequestHandler.java:933) ~[ozone-manager-1.4.0-SNAPSHOT.jar:?]
	at org.apache.hadoop.ozone.protocolPB.OzoneManagerRequestHandler.handleReadRequest(OzoneManagerRequestHandler.java:238) ~[ozone-manager-1.4.0-SNAPSHOT.jar:?]
	at org.apache.hadoop.ozone.protocolPB.OzoneManagerProtocolServerSideTranslatorPB.submitReadRequestToOM(OzoneManagerProtocolServerSideTranslatorPB.java:223) ~[ozone-manager-1.4.0-SNAPSHOT.jar:?]
	at org.apache.hadoop.ozone.protocolPB.OzoneManagerProtocolServerSideTranslatorPB.processRequest(OzoneManagerProtocolServerSideTranslatorPB.java:177) ~[ozone-manager-1.4.0-SNAPSHOT.jar:?]
	at org.apache.hadoop.hdds.server.OzoneProtocolMessageDispatcher.processRequest(OzoneProtocolMessageDispatcher.java:87) [hdds-server-framework-1.4.0-SNAPSHOT.jar:?]
	at org.apache.hadoop.ozone.protocolPB.OzoneManagerProtocolServerSideTranslatorPB.submitRequest(OzoneManagerProtocolServerSideTranslatorPB.java:147) [ozone-manager-1.4.0-SNAPSHOT.jar:?]
	at org.apache.hadoop.ozone.protocol.proto.OzoneManagerProtocolProtos$OzoneManagerService$2.callBlockingMethod(OzoneManagerProtocolProtos.java) [ozone-interface-client-1.4.0-SNAPSHOT.jar:?]
	at org.apache.hadoop.ipc.ProtobufRpcEngine$Server.processCall(ProtobufRpcEngine.java:465) [hadoop-common-3.3.4.jar:?]
	at org.apache.hadoop.ipc.ProtobufRpcEngine2$Server$ProtoBufRpcInvoker.call(ProtobufRpcEngine2.java:578) [hadoop-common-3.3.4.jar:?]
	at org.apache.hadoop.ipc.ProtobufRpcEngine2$Server$ProtoBufRpcInvoker.call(ProtobufRpcEngine2.java:556) [hadoop-common-3.3.4.jar:?]
	at org.apache.hadoop.ipc.RPC$Server.call(RPC.java:1093) [hadoop-common-3.3.4.jar:?]
	at org.apache.hadoop.ipc.Server$RpcCall.run(Server.java:1043) [hadoop-common-3.3.4.jar:?]
	at org.apache.hadoop.ipc.Server$RpcCall.run(Server.java:971) [hadoop-common-3.3.4.jar:?]
	at java.security.AccessController.doPrivileged(Native Method) ~[?:1.8.0_362]
	at javax.security.auth.Subject.doAs(Subject.java:422) [?:1.8.0_362]
	at org.apache.hadoop.security.UserGroupInformation.doAs(UserGroupInformation.java:1878) [hadoop-common-3.3.4.jar:?]
	at org.apache.hadoop.ipc.Server$Handler.run(Server.java:2976) [hadoop-common-3.3.4.jar:?]
20:07:34.506 [IPC Server handler 4 on default port 37437] ERROR OMAudit - user=runner | ip=127.0.0.1 | op=GET_FILE_STATUS {volume=volume46233, bucket=bucket02547, key=.Trash/runner/Current/testKey1, dataSize=0, replicationConfig=null} | ret=FAILURE
org.apache.hadoop.ozone.om.exceptions.OMException: Unable to get file status: volume: volume46233 bucket: bucket02547 key: .Trash/runner/Current/testKey1
	at org.apache.hadoop.ozone.om.KeyManagerImpl.getOzoneFileStatus(KeyManagerImpl.java:1196) ~[ozone-manager-1.4.0-SNAPSHOT.jar:?]
	at org.apache.hadoop.ozone.om.KeyManagerImpl.getFileStatus(KeyManagerImpl.java:1114) ~[ozone-manager-1.4.0-SNAPSHOT.jar:?]
	at org.apache.hadoop.ozone.om.OmMetadataReader.getFileStatus(OmMetadataReader.java:288) ~[ozone-manager-1.4.0-SNAPSHOT.jar:?]
	at org.apache.hadoop.ozone.om.OzoneManager.getFileStatus(OzoneManager.java:3494) ~[ozone-manager-1.4.0-SNAPSHOT.jar:?]
	at org.apache.hadoop.ozone.protocolPB.OzoneManagerRequestHandler.getOzoneFileStatus(OzoneManagerRequestHandler.java:933) ~[ozone-manager-1.4.0-SNAPSHOT.jar:?]
	at org.apache.hadoop.ozone.protocolPB.OzoneManagerRequestHandler.handleReadRequest(OzoneManagerRequestHandler.java:238) ~[ozone-manager-1.4.0-SNAPSHOT.jar:?]
	at org.apache.hadoop.ozone.protocolPB.OzoneManagerProtocolServerSideTranslatorPB.submitReadRequestToOM(OzoneManagerProtocolServerSideTranslatorPB.java:223) ~[ozone-manager-1.4.0-SNAPSHOT.jar:?]
	at org.apache.hadoop.ozone.protocolPB.OzoneManagerProtocolServerSideTranslatorPB.processRequest(OzoneManagerProtocolServerSideTranslatorPB.java:177) ~[ozone-manager-1.4.0-SNAPSHOT.jar:?]
	at org.apache.hadoop.hdds.server.OzoneProtocolMessageDispatcher.processRequest(OzoneProtocolMessageDispatcher.java:87) [hdds-server-framework-1.4.0-SNAPSHOT.jar:?]
	at org.apache.hadoop.ozone.protocolPB.OzoneManagerProtocolServerSideTranslatorPB.submitRequest(OzoneManagerProtocolServerSideTranslatorPB.java:147) [ozone-manager-1.4.0-SNAPSHOT.jar:?]
	at org.apache.hadoop.ozone.protocol.proto.OzoneManagerProtocolProtos$OzoneManagerService$2.callBlockingMethod(OzoneManagerProtocolProtos.java) [ozone-interface-client-1.4.0-SNAPSHOT.jar:?]
	at org.apache.hadoop.ipc.ProtobufRpcEngine$Server.processCall(ProtobufRpcEngine.java:465) [hadoop-common-3.3.4.jar:?]
	at org.apache.hadoop.ipc.ProtobufRpcEngine2$Server$ProtoBufRpcInvoker.call(ProtobufRpcEngine2.java:578) [hadoop-common-3.3.4.jar:?]
	at org.apache.hadoop.ipc.ProtobufRpcEngine2$Server$ProtoBufRpcInvoker.call(ProtobufRpcEngine2.java:556) [hadoop-common-3.3.4.jar:?]
	at org.apache.hadoop.ipc.RPC$Server.call(RPC.java:1093) [hadoop-common-3.3.4.jar:?]
	at org.apache.hadoop.ipc.Server$RpcCall.run(Server.java:1043) [hadoop-common-3.3.4.jar:?]
	at org.apache.hadoop.ipc.Server$RpcCall.run(Server.java:971) [hadoop-common-3.3.4.jar:?]
	at java.security.AccessController.doPrivileged(Native Method) ~[?:1.8.0_362]
	at javax.security.auth.Subject.doAs(Subject.java:422) [?:1.8.0_362]
	at org.apache.hadoop.security.UserGroupInformation.doAs(UserGroupInformation.java:1878) [hadoop-common-3.3.4.jar:?]
	at org.apache.hadoop.ipc.Server$Handler.run(Server.java:2976) [hadoop-common-3.3.4.jar:?]
2023-03-16 20:07:34,524 [Time-limited test] INFO  om.TrashPolicyOzone (TrashPolicyOzone.java:moveToTrash(209)) - Moved: '/testKey1' to trash at: /.Trash/runner/Current/testKey1
]]></system-out>
  </testcase>
  <testcase name="testRenameToTrashEnabled" classname="TestOzoneFileSystem" time="0.118">
    <system-out><![CDATA[20:08:39.360 [IPC Server handler 14 on default port 41725] ERROR OMAudit - user=runner | ip=127.0.0.1 | op=GET_FILE_STATUS {volume=volume10450, bucket=bucket92716, key=.Trash/runner/Current/testKey1, dataSize=0, replicationConfig=null} | ret=FAILURE
org.apache.hadoop.ozone.om.exceptions.OMException: Unable to get file status: volume: volume10450 bucket: bucket92716 key: .Trash/runner/Current/testKey1
	at org.apache.hadoop.ozone.om.KeyManagerImpl.getOzoneFileStatus(KeyManagerImpl.java:1196) ~[ozone-manager-1.4.0-SNAPSHOT.jar:?]
	at org.apache.hadoop.ozone.om.KeyManagerImpl.getFileStatus(KeyManagerImpl.java:1114) ~[ozone-manager-1.4.0-SNAPSHOT.jar:?]
	at org.apache.hadoop.ozone.om.OmMetadataReader.getFileStatus(OmMetadataReader.java:288) ~[ozone-manager-1.4.0-SNAPSHOT.jar:?]
	at org.apache.hadoop.ozone.om.OzoneManager.getFileStatus(OzoneManager.java:3494) ~[ozone-manager-1.4.0-SNAPSHOT.jar:?]
	at org.apache.hadoop.ozone.protocolPB.OzoneManagerRequestHandler.getOzoneFileStatus(OzoneManagerRequestHandler.java:933) ~[ozone-manager-1.4.0-SNAPSHOT.jar:?]
	at org.apache.hadoop.ozone.protocolPB.OzoneManagerRequestHandler.handleReadRequest(OzoneManagerRequestHandler.java:238) ~[ozone-manager-1.4.0-SNAPSHOT.jar:?]
	at org.apache.hadoop.ozone.protocolPB.OzoneManagerProtocolServerSideTranslatorPB.submitRequestDirectlyToOM(OzoneManagerProtocolServerSideTranslatorPB.java:272) ~[ozone-manager-1.4.0-SNAPSHOT.jar:?]
	at org.apache.hadoop.ozone.protocolPB.OzoneManagerProtocolServerSideTranslatorPB.processRequest(OzoneManagerProtocolServerSideTranslatorPB.java:173) ~[ozone-manager-1.4.0-SNAPSHOT.jar:?]
	at org.apache.hadoop.hdds.server.OzoneProtocolMessageDispatcher.processRequest(OzoneProtocolMessageDispatcher.java:87) [hdds-server-framework-1.4.0-SNAPSHOT.jar:?]
	at org.apache.hadoop.ozone.protocolPB.OzoneManagerProtocolServerSideTranslatorPB.submitRequest(OzoneManagerProtocolServerSideTranslatorPB.java:147) [ozone-manager-1.4.0-SNAPSHOT.jar:?]
	at org.apache.hadoop.ozone.protocol.proto.OzoneManagerProtocolProtos$OzoneManagerService$2.callBlockingMethod(OzoneManagerProtocolProtos.java) [ozone-interface-client-1.4.0-SNAPSHOT.jar:?]
	at org.apache.hadoop.ipc.ProtobufRpcEngine$Server.processCall(ProtobufRpcEngine.java:465) [hadoop-common-3.3.4.jar:?]
	at org.apache.hadoop.ipc.ProtobufRpcEngine2$Server$ProtoBufRpcInvoker.call(ProtobufRpcEngine2.java:578) [hadoop-common-3.3.4.jar:?]
	at org.apache.hadoop.ipc.ProtobufRpcEngine2$Server$ProtoBufRpcInvoker.call(ProtobufRpcEngine2.java:556) [hadoop-common-3.3.4.jar:?]
	at org.apache.hadoop.ipc.RPC$Server.call(RPC.java:1093) [hadoop-common-3.3.4.jar:?]
	at org.apache.hadoop.ipc.Server$RpcCall.run(Server.java:1043) [hadoop-common-3.3.4.jar:?]
	at org.apache.hadoop.ipc.Server$RpcCall.run(Server.java:971) [hadoop-common-3.3.4.jar:?]
	at java.security.AccessController.doPrivileged(Native Method) ~[?:1.8.0_362]
	at javax.security.auth.Subject.doAs(Subject.java:422) [?:1.8.0_362]
	at org.apache.hadoop.security.UserGroupInformation.doAs(UserGroupInformation.java:1878) [hadoop-common-3.3.4.jar:?]
	at org.apache.hadoop.ipc.Server$Handler.run(Server.java:2976) [hadoop-common-3.3.4.jar:?]
20:08:39.366 [IPC Server handler 15 on default port 41725] ERROR OMAudit - user=runner | ip=127.0.0.1 | op=GET_FILE_STATUS {volume=volume10450, bucket=bucket92716, key=.Trash/runner/Current/testKey1, dataSize=0, replicationConfig=null} | ret=FAILURE
org.apache.hadoop.ozone.om.exceptions.OMException: Unable to get file status: volume: volume10450 bucket: bucket92716 key: .Trash/runner/Current/testKey1
	at org.apache.hadoop.ozone.om.KeyManagerImpl.getOzoneFileStatus(KeyManagerImpl.java:1196) ~[ozone-manager-1.4.0-SNAPSHOT.jar:?]
	at org.apache.hadoop.ozone.om.KeyManagerImpl.getFileStatus(KeyManagerImpl.java:1114) ~[ozone-manager-1.4.0-SNAPSHOT.jar:?]
	at org.apache.hadoop.ozone.om.OmMetadataReader.getFileStatus(OmMetadataReader.java:288) ~[ozone-manager-1.4.0-SNAPSHOT.jar:?]
	at org.apache.hadoop.ozone.om.OzoneManager.getFileStatus(OzoneManager.java:3494) ~[ozone-manager-1.4.0-SNAPSHOT.jar:?]
	at org.apache.hadoop.ozone.protocolPB.OzoneManagerRequestHandler.getOzoneFileStatus(OzoneManagerRequestHandler.java:933) ~[ozone-manager-1.4.0-SNAPSHOT.jar:?]
	at org.apache.hadoop.ozone.protocolPB.OzoneManagerRequestHandler.handleReadRequest(OzoneManagerRequestHandler.java:238) ~[ozone-manager-1.4.0-SNAPSHOT.jar:?]
	at org.apache.hadoop.ozone.protocolPB.OzoneManagerProtocolServerSideTranslatorPB.submitRequestDirectlyToOM(OzoneManagerProtocolServerSideTranslatorPB.java:272) ~[ozone-manager-1.4.0-SNAPSHOT.jar:?]
	at org.apache.hadoop.ozone.protocolPB.OzoneManagerProtocolServerSideTranslatorPB.processRequest(OzoneManagerProtocolServerSideTranslatorPB.java:173) ~[ozone-manager-1.4.0-SNAPSHOT.jar:?]
	at org.apache.hadoop.hdds.server.OzoneProtocolMessageDispatcher.processRequest(OzoneProtocolMessageDispatcher.java:87) [hdds-server-framework-1.4.0-SNAPSHOT.jar:?]
	at org.apache.hadoop.ozone.protocolPB.OzoneManagerProtocolServerSideTranslatorPB.submitRequest(OzoneManagerProtocolServerSideTranslatorPB.java:147) [ozone-manager-1.4.0-SNAPSHOT.jar:?]
	at org.apache.hadoop.ozone.protocol.proto.OzoneManagerProtocolProtos$OzoneManagerService$2.callBlockingMethod(OzoneManagerProtocolProtos.java) [ozone-interface-client-1.4.0-SNAPSHOT.jar:?]
	at org.apache.hadoop.ipc.ProtobufRpcEngine$Server.processCall(ProtobufRpcEngine.java:465) [hadoop-common-3.3.4.jar:?]
	at org.apache.hadoop.ipc.ProtobufRpcEngine2$Server$ProtoBufRpcInvoker.call(ProtobufRpcEngine2.java:578) [hadoop-common-3.3.4.jar:?]
	at org.apache.hadoop.ipc.ProtobufRpcEngine2$Server$ProtoBufRpcInvoker.call(ProtobufRpcEngine2.java:556) [hadoop-common-3.3.4.jar:?]
	at org.apache.hadoop.ipc.RPC$Server.call(RPC.java:1093) [hadoop-common-3.3.4.jar:?]
	at org.apache.hadoop.ipc.Server$RpcCall.run(Server.java:1043) [hadoop-common-3.3.4.jar:?]
	at org.apache.hadoop.ipc.Server$RpcCall.run(Server.java:971) [hadoop-common-3.3.4.jar:?]
	at java.security.AccessController.doPrivileged(Native Method) ~[?:1.8.0_362]
	at javax.security.auth.Subject.doAs(Subject.java:422) [?:1.8.0_362]
	at org.apache.hadoop.security.UserGroupInformation.doAs(UserGroupInformation.java:1878) [hadoop-common-3.3.4.jar:?]
	at org.apache.hadoop.ipc.Server$Handler.run(Server.java:2976) [hadoop-common-3.3.4.jar:?]
2023-03-16 20:08:39,373 [Time-limited test] INFO  om.TrashPolicyOzone (TrashPolicyOzone.java:moveToTrash(209)) - Moved: '/testKey1' to trash at: /.Trash/runner/Current/testKey1
]]></system-out>
  </testcase>
  <testcase name="testListStatusWithIntermediateDir" classname="TestOzoneFileSystem" time="0.083">
    <failure type="java.lang.AssertionError"><![CDATA[java.lang.AssertionError: expected:<1> but was:<2>
	at org.junit.Assert.fail(Assert.java:89)
	at org.junit.Assert.failNotEquals(Assert.java:835)
	at org.junit.Assert.assertEquals(Assert.java:647)
	at org.junit.Assert.assertEquals(Assert.java:633)
	at org.apache.hadoop.fs.ozone.TestOzoneFileSystem.testListStatusWithIntermediateDir(TestOzoneFileSystem.java:642)
	at sun.reflect.NativeMethodAccessorImpl.invoke0(Native Method)
	at sun.reflect.NativeMethodAccessorImpl.invoke(NativeMethodAccessorImpl.java:62)
	at sun.reflect.DelegatingMethodAccessorImpl.invoke(DelegatingMethodAccessorImpl.java:43)
	at java.lang.reflect.Method.invoke(Method.java:498)
	at org.junit.runners.model.FrameworkMethod$1.runReflectiveCall(FrameworkMethod.java:59)
	at org.junit.internal.runners.model.ReflectiveCallable.run(ReflectiveCallable.java:12)
	at org.junit.runners.model.FrameworkMethod.invokeExplosively(FrameworkMethod.java:56)
	at org.junit.internal.runners.statements.InvokeMethod.evaluate(InvokeMethod.java:17)
	at org.junit.internal.runners.statements.RunAfters.evaluate(RunAfters.java:27)
	at org.junit.internal.runners.statements.FailOnTimeout$CallableStatement.call(FailOnTimeout.java:288)
	at org.junit.internal.runners.statements.FailOnTimeout$CallableStatement.call(FailOnTimeout.java:282)
	at java.util.concurrent.FutureTask.run(FutureTask.java:266)
	at java.lang.Thread.run(Thread.java:750)
]]></failure>
    <system-out><![CDATA[2023-03-16 20:05:07,583 [IPC Server handler 13 on default port 42293] INFO  pipeline.PipelineStateManagerImpl (PipelineStateManagerImpl.java:addPipeline(103)) - Created pipeline Pipeline[ Id: 3518a483-d75d-4022-9eb1-f067b5d40e30, Nodes: c8f26da1-2406-40b8-bbe6-f78547910a7f(fv-az371-917/10.1.0.41), ReplicationConfig: STANDALONE/ONE, State:OPEN, leaderId:, CreationTimestamp2023-03-16T20:05:07.582Z[Etc/UTC]].
2023-03-16 20:05:07,597 [OM StateMachine ApplyTransaction Thread - 0] INFO  key.OMKeyRequest (OMKeyRequest.java:wrapUncommittedBlocksAsPseudoKey(838)) - Detect allocated but uncommitted blocks [{blockID={containerID=8, localID=111677748019200057}, length=4194304, offset=0, token=null, pipeline=null, createVersion=0, partNumber=0}] in key object-dir/object-name.
]]></system-out>
  </testcase>
  <testcase name="testListStatusWithIntermediateDir" classname="TestOzoneFileSystem" time="0.06">
    <system-out><![CDATA[2023-03-16 20:06:19,928 [IPC Server handler 12 on default port 46383] INFO  pipeline.PipelineStateManagerImpl (PipelineStateManagerImpl.java:addPipeline(103)) - Created pipeline Pipeline[ Id: d9045080-44d7-4648-adc7-9912cb3a6235, Nodes: 8a432d69-9095-4d8b-a714-320becebd573(fv-az371-917/10.1.0.41), ReplicationConfig: STANDALONE/ONE, State:OPEN, leaderId:, CreationTimestamp2023-03-16T20:06:19.927Z[Etc/UTC]].
2023-03-16 20:06:19,935 [IPC Server handler 6 on default port 40321] INFO  key.OMKeyRequest (OMKeyRequest.java:wrapUncommittedBlocksAsPseudoKey(838)) - Detect allocated but uncommitted blocks [{blockID={containerID=8, localID=111677748019200057}, length=4194304, offset=0, token=null, pipeline=null, createVersion=0, partNumber=0}] in key object-dir/object-name.
]]></system-out>
  </testcase>
  <testcase name="testListStatusWithIntermediateDir" classname="TestOzoneFileSystem" time="0.042">
    <system-out><![CDATA[2023-03-16 20:07:34,551 [IPC Server handler 11 on default port 45515] INFO  pipeline.PipelineStateManagerImpl (PipelineStateManagerImpl.java:addPipeline(103)) - Created pipeline Pipeline[ Id: 2b596e62-a5be-4f8c-90c2-12b491c48d5e, Nodes: 7632a000-3617-4d19-89f4-e221b08e3da6(fv-az371-917/10.1.0.41), ReplicationConfig: STANDALONE/ONE, State:OPEN, leaderId:, CreationTimestamp2023-03-16T20:07:34.549Z[Etc/UTC]].
2023-03-16 20:07:34,558 [OM StateMachine ApplyTransaction Thread - 0] INFO  key.OMKeyRequest (OMKeyRequest.java:wrapUncommittedBlocksAsPseudoKey(838)) - Detect allocated but uncommitted blocks [{blockID={containerID=8, localID=111677748019200057}, length=4194304, offset=0, token=null, pipeline=null, createVersion=0, partNumber=0}] in key object-dir/object-name.
]]></system-out>
  </testcase>
  <testcase name="testListStatusWithIntermediateDir" classname="TestOzoneFileSystem" time="0.032">
    <system-out><![CDATA[2023-03-16 20:08:39,394 [IPC Server handler 12 on default port 40921] INFO  pipeline.PipelineStateManagerImpl (PipelineStateManagerImpl.java:addPipeline(103)) - Created pipeline Pipeline[ Id: 95f5c7e9-cecf-4fe3-bf42-d6d80a96e313, Nodes: f6cec9cd-4412-4a1e-af36-3453d03b0f80(fv-az371-917/10.1.0.41), ReplicationConfig: STANDALONE/ONE, State:OPEN, leaderId:, CreationTimestamp2023-03-16T20:08:39.393Z[Etc/UTC]].
2023-03-16 20:08:39,399 [IPC Server handler 6 on default port 41725] INFO  key.OMKeyRequest (OMKeyRequest.java:wrapUncommittedBlocksAsPseudoKey(838)) - Detect allocated but uncommitted blocks [{blockID={containerID=7, localID=111677748019200057}, length=4194304, offset=0, token=null, pipeline=null, createVersion=0, partNumber=0}] in key object-dir/object-name.
]]></system-out>
  </testcase>
  <testcase name="testRenameSourceAndDestinAreSame" classname="TestOzoneFileSystem" time="0.034">
    <system-out><![CDATA[2023-03-16 20:05:07,662 [OM StateMachine ApplyTransaction Thread - 0] INFO  key.OMKeyRequest (OMKeyRequest.java:wrapUncommittedBlocksAsPseudoKey(838)) - Detect allocated but uncommitted blocks [{blockID={containerID=3, localID=111677748019200058}, length=4194304, offset=0, token=null, pipeline=null, createVersion=0, partNumber=0}] in key root/dir1/dir2/file1.
]]></system-out>
  </testcase>
  <testcase name="testRenameSourceAndDestinAreSame" classname="TestOzoneFileSystem" time="0.021">
    <system-out><![CDATA[2023-03-16 20:06:19,968 [IPC Server handler 12 on default port 40321] INFO  key.OMKeyRequest (OMKeyRequest.java:wrapUncommittedBlocksAsPseudoKey(838)) - Detect allocated but uncommitted blocks [{blockID={containerID=2, localID=111677748019200058}, length=4194304, offset=0, token=null, pipeline=null, createVersion=0, partNumber=0}] in key root/dir1/dir2/file1.
]]></system-out>
  </testcase>
  <testcase name="testRenameSourceAndDestinAreSame" classname="TestOzoneFileSystem" time="0.028">
    <system-out><![CDATA[2023-03-16 20:07:34,592 [OM StateMachine ApplyTransaction Thread - 0] INFO  key.OMKeyRequest (OMKeyRequest.java:wrapUncommittedBlocksAsPseudoKey(838)) - Detect allocated but uncommitted blocks [{blockID={containerID=1, localID=111677748019200058}, length=4194304, offset=0, token=null, pipeline=null, createVersion=0, partNumber=0}] in key root/dir1/dir2/file1.
]]></system-out>
  </testcase>
  <testcase name="testRenameSourceAndDestinAreSame" classname="TestOzoneFileSystem" time="0.016">
    <system-out><![CDATA[2023-03-16 20:08:39,424 [IPC Server handler 10 on default port 41725] INFO  key.OMKeyRequest (OMKeyRequest.java:wrapUncommittedBlocksAsPseudoKey(838)) - Detect allocated but uncommitted blocks [{blockID={containerID=3, localID=111677748019200058}, length=4194304, offset=0, token=null, pipeline=null, createVersion=0, partNumber=0}] in key root/dir1/dir2/file1.
]]></system-out>
  </testcase>
  <testcase name="testListStatusIteratorWithDir" classname="TestOzoneFileSystem" time="0.072">
    <system-out><![CDATA[2023-03-16 20:05:07,697 [OM StateMachine ApplyTransaction Thread - 0] INFO  key.OMKeyRequest (OMKeyRequest.java:wrapUncommittedBlocksAsPseudoKey(838)) - Detect allocated but uncommitted blocks [{blockID={containerID=2, localID=111677748019200059}, length=4194304, offset=0, token=null, pipeline=null, createVersion=0, partNumber=0}] in key testListStatus/key1.
2023-03-16 20:05:07,705 [OM StateMachine ApplyTransaction Thread - 0] INFO  key.OMKeyRequest (OMKeyRequest.java:wrapUncommittedBlocksAsPseudoKey(838)) - Detect allocated but uncommitted blocks [{blockID={containerID=4, localID=111677748019200060}, length=4194304, offset=0, token=null, pipeline=null, createVersion=0, partNumber=0}] in key testListStatus/key2.
2023-03-16 20:05:07,720 [OM StateMachine ApplyTransaction Thread - 0] INFO  key.OMKeyRequest (OMKeyRequest.java:wrapUncommittedBlocksAsPseudoKey(838)) - Detect allocated but uncommitted blocks [{blockID={containerID=1, localID=111677748019200061}, length=4194304, offset=0, token=null, pipeline=null, createVersion=0, partNumber=0}] in key testListStatus/dir1/key3.
2023-03-16 20:05:07,727 [OM StateMachine ApplyTransaction Thread - 0] INFO  key.OMKeyRequest (OMKeyRequest.java:wrapUncommittedBlocksAsPseudoKey(838)) - Detect allocated but uncommitted blocks [{blockID={containerID=2, localID=111677748019200062}, length=4194304, offset=0, token=null, pipeline=null, createVersion=0, partNumber=0}] in key testListStatus/dir1/key4.
]]></system-out>
  </testcase>
  <testcase name="testListStatusIteratorWithDir" classname="TestOzoneFileSystem" time="0.062">
    <system-out><![CDATA[2023-03-16 20:06:20,002 [IPC Server handler 6 on default port 40321] INFO  key.OMKeyRequest (OMKeyRequest.java:wrapUncommittedBlocksAsPseudoKey(838)) - Detect allocated but uncommitted blocks [{blockID={containerID=4, localID=111677748019200059}, length=4194304, offset=0, token=null, pipeline=null, createVersion=0, partNumber=0}] in key testListStatus/key1.
2023-03-16 20:06:20,007 [IPC Server handler 8 on default port 40321] INFO  key.OMKeyRequest (OMKeyRequest.java:wrapUncommittedBlocksAsPseudoKey(838)) - Detect allocated but uncommitted blocks [{blockID={containerID=1, localID=111677748019200060}, length=4194304, offset=0, token=null, pipeline=null, createVersion=0, partNumber=0}] in key testListStatus/key2.
2023-03-16 20:06:20,019 [IPC Server handler 7 on default port 40321] INFO  key.OMKeyRequest (OMKeyRequest.java:wrapUncommittedBlocksAsPseudoKey(838)) - Detect allocated but uncommitted blocks [{blockID={containerID=4, localID=111677748019200061}, length=4194304, offset=0, token=null, pipeline=null, createVersion=0, partNumber=0}] in key testListStatus/dir1/key3.
2023-03-16 20:06:20,023 [IPC Server handler 0 on default port 40321] INFO  key.OMKeyRequest (OMKeyRequest.java:wrapUncommittedBlocksAsPseudoKey(838)) - Detect allocated but uncommitted blocks [{blockID={containerID=1, localID=111677748019200062}, length=4194304, offset=0, token=null, pipeline=null, createVersion=0, partNumber=0}] in key testListStatus/dir1/key4.
]]></system-out>
  </testcase>
  <testcase name="testListStatusIteratorWithDir" classname="TestOzoneFileSystem" time="0.076">
    <system-out><![CDATA[2023-03-16 20:07:34,629 [OM StateMachine ApplyTransaction Thread - 0] INFO  key.OMKeyRequest (OMKeyRequest.java:wrapUncommittedBlocksAsPseudoKey(838)) - Detect allocated but uncommitted blocks [{blockID={containerID=4, localID=111677748019200059}, length=4194304, offset=0, token=null, pipeline=null, createVersion=0, partNumber=0}] in key testListStatus/key1.
2023-03-16 20:07:34,636 [OM StateMachine ApplyTransaction Thread - 0] INFO  key.OMKeyRequest (OMKeyRequest.java:wrapUncommittedBlocksAsPseudoKey(838)) - Detect allocated but uncommitted blocks [{blockID={containerID=2, localID=111677748019200060}, length=4194304, offset=0, token=null, pipeline=null, createVersion=0, partNumber=0}] in key testListStatus/key2.
2023-03-16 20:07:34,650 [OM StateMachine ApplyTransaction Thread - 0] INFO  key.OMKeyRequest (OMKeyRequest.java:wrapUncommittedBlocksAsPseudoKey(838)) - Detect allocated but uncommitted blocks [{blockID={containerID=1, localID=111677748019200061}, length=4194304, offset=0, token=null, pipeline=null, createVersion=0, partNumber=0}] in key testListStatus/dir1/key3.
2023-03-16 20:07:34,657 [OM StateMachine ApplyTransaction Thread - 0] INFO  key.OMKeyRequest (OMKeyRequest.java:wrapUncommittedBlocksAsPseudoKey(838)) - Detect allocated but uncommitted blocks [{blockID={containerID=2, localID=111677748019200062}, length=4194304, offset=0, token=null, pipeline=null, createVersion=0, partNumber=0}] in key testListStatus/dir1/key4.
]]></system-out>
  </testcase>
  <testcase name="testListStatusIteratorWithDir" classname="TestOzoneFileSystem" time="0.056">
    <system-out><![CDATA[2023-03-16 20:08:39,446 [IPC Server handler 18 on default port 41725] INFO  key.OMKeyRequest (OMKeyRequest.java:wrapUncommittedBlocksAsPseudoKey(838)) - Detect allocated but uncommitted blocks [{blockID={containerID=2, localID=111677748019200059}, length=4194304, offset=0, token=null, pipeline=null, createVersion=0, partNumber=0}] in key testListStatus/key1.
2023-03-16 20:08:39,457 [IPC Server handler 3 on default port 41725] INFO  key.OMKeyRequest (OMKeyRequest.java:wrapUncommittedBlocksAsPseudoKey(838)) - Detect allocated but uncommitted blocks [{blockID={containerID=1, localID=111677748019200060}, length=4194304, offset=0, token=null, pipeline=null, createVersion=0, partNumber=0}] in key testListStatus/key2.
2023-03-16 20:08:39,468 [IPC Server handler 12 on default port 41725] INFO  key.OMKeyRequest (OMKeyRequest.java:wrapUncommittedBlocksAsPseudoKey(838)) - Detect allocated but uncommitted blocks [{blockID={containerID=4, localID=111677748019200061}, length=4194304, offset=0, token=null, pipeline=null, createVersion=0, partNumber=0}] in key testListStatus/dir1/key3.
2023-03-16 20:08:39,472 [IPC Server handler 14 on default port 41725] INFO  key.OMKeyRequest (OMKeyRequest.java:wrapUncommittedBlocksAsPseudoKey(838)) - Detect allocated but uncommitted blocks [{blockID={containerID=3, localID=111677748019200062}, length=4194304, offset=0, token=null, pipeline=null, createVersion=0, partNumber=0}] in key testListStatus/dir1/key4.
]]></system-out>
  </testcase>
  <testcase name="testListStatusOnLargeDirectory" classname="TestOzoneFileSystem" time="8.968"/>
  <testcase name="testListStatusOnLargeDirectory" classname="TestOzoneFileSystem" time="5.503"/>
  <testcase name="testListStatusOnLargeDirectory" classname="TestOzoneFileSystem" time="9.227">
    <system-out><![CDATA[2023-03-16 20:07:35,904 [IPC Server handler 18 on default port 45515] INFO  ha.SequenceIdGenerator (SequenceIdGenerator.java:getNextId(128)) - Allocate a batch for delTxnId, change lastId from 0 to 1000.
2023-03-16 20:07:38,499 [BlockDeletingService#0] INFO  interfaces.ContainerDeletionChoosingPolicyTemplate (ContainerDeletionChoosingPolicyTemplate.java:chooseContainerForBlockDeletion(83)) - Chosen 0/5000 blocks from 0 candidate containers.
2023-03-16 20:07:38,941 [BlockDeletingService#0] INFO  interfaces.ContainerDeletionChoosingPolicyTemplate (ContainerDeletionChoosingPolicyTemplate.java:chooseContainerForBlockDeletion(83)) - Chosen 0/5000 blocks from 0 candidate containers.
2023-03-16 20:07:39,402 [BlockDeletingService#0] INFO  interfaces.ContainerDeletionChoosingPolicyTemplate (ContainerDeletionChoosingPolicyTemplate.java:chooseContainerForBlockDeletion(83)) - Chosen 0/5000 blocks from 0 candidate containers.
2023-03-16 20:07:39,843 [BlockDeletingService#0] INFO  interfaces.ContainerDeletionChoosingPolicyTemplate (ContainerDeletionChoosingPolicyTemplate.java:chooseContainerForBlockDeletion(83)) - Chosen 0/5000 blocks from 0 candidate containers.
2023-03-16 20:07:40,277 [BlockDeletingService#0] INFO  interfaces.ContainerDeletionChoosingPolicyTemplate (ContainerDeletionChoosingPolicyTemplate.java:chooseContainerForBlockDeletion(83)) - Chosen 0/5000 blocks from 0 candidate containers.
]]></system-out>
  </testcase>
  <testcase name="testListStatusOnLargeDirectory" classname="TestOzoneFileSystem" time="5.478"/>
  <testcase name="testCreateKeyShouldUseRefreshedBucketReplicationConfig" classname="TestOzoneFileSystem" time="0.432">
    <system-out><![CDATA[2023-03-16 20:05:16,739 [Time-limited test] INFO  rpc.RpcClient (RpcClient.java:createVolume(476)) - Creating Volume: volume18350, with user03117 as owner and space quota set to -1 bytes, counts quota set to -1
2023-03-16 20:05:16,743 [OM StateMachine ApplyTransaction Thread - 0] INFO  volume.OMVolumeCreateRequest (OMVolumeCreateRequest.java:validateAndUpdateCache(195)) - created volume:volume18350 for user:user03117
2023-03-16 20:05:16,749 [Time-limited test] INFO  rpc.RpcClient (RpcClient.java:createBucket(698)) - Creating Bucket: volume18350/bucket90443, with bucket layout LEGACY, runner as owner, Versioning false, Storage Type set to DISK and Encryption set to false, Replication Type set to server-side default replication type, Namespace Quota set to -1, Space Quota set to -1 
2023-03-16 20:05:16,752 [OM StateMachine ApplyTransaction Thread - 0] INFO  bucket.OMBucketCreateRequest (OMBucketCreateRequest.java:validateAndUpdateCache(263)) - created bucket: bucket90443 of layout LEGACY in volume: volume18350
2023-03-16 20:05:16,794 [OM StateMachine ApplyTransaction Thread - 0] INFO  key.OMKeyRequest (OMKeyRequest.java:wrapUncommittedBlocksAsPseudoKey(838)) - Detect allocated but uncommitted blocks [{blockID={containerID=4, localID=111677748019200063}, length=4194304, offset=0, token=null, pipeline=null, createVersion=0, partNumber=0}] in key key.
2023-03-16 20:05:16,844 [OM StateMachine ApplyTransaction Thread - 0] INFO  key.OMKeyRequest (OMKeyRequest.java:wrapUncommittedBlocksAsPseudoKey(838)) - Detect allocated but uncommitted blocks [{blockID={containerID=2, localID=111677748019200064}, length=4194304, offset=0, token=null, pipeline=null, createVersion=0, partNumber=0}] in key key1.
2023-03-16 20:05:16,859 [IPC Server handler 7 on default port 42293] INFO  pipeline.PipelineStateManagerImpl (PipelineStateManagerImpl.java:addPipeline(103)) - Created pipeline Pipeline[ Id: 532e2da8-f22e-44e4-a73a-3cf18da4e540, Nodes: 2de148b0-f597-457b-b70e-3e9a456efa0b(fv-az371-917/10.1.0.41)f9f49075-6b76-4a07-b0c3-cad8e972cd7f(fv-az371-917/10.1.0.41)c8f26da1-2406-40b8-bbe6-f78547910a7f(fv-az371-917/10.1.0.41)c86eb04d-3968-498e-b9b0-20c907963056(fv-az371-917/10.1.0.41)c5189d4b-3145-494e-80fe-2ee109b29a1b(fv-az371-917/10.1.0.41), ReplicationConfig: EC{rs-3-2-1048576}, State:ALLOCATED, leaderId:, CreationTimestamp2023-03-16T20:05:16.859Z[Etc/UTC]].
2023-03-16 20:05:16,862 [IPC Server handler 7 on default port 42293] INFO  pipeline.PipelineManagerImpl (PipelineManagerImpl.java:openPipeline(367)) - Pipeline Pipeline[ Id: 532e2da8-f22e-44e4-a73a-3cf18da4e540, Nodes: 2de148b0-f597-457b-b70e-3e9a456efa0b(fv-az371-917/10.1.0.41)f9f49075-6b76-4a07-b0c3-cad8e972cd7f(fv-az371-917/10.1.0.41)c8f26da1-2406-40b8-bbe6-f78547910a7f(fv-az371-917/10.1.0.41)c86eb04d-3968-498e-b9b0-20c907963056(fv-az371-917/10.1.0.41)c5189d4b-3145-494e-80fe-2ee109b29a1b(fv-az371-917/10.1.0.41), ReplicationConfig: EC{rs-3-2-1048576}, State:ALLOCATED, leaderId:, CreationTimestamp2023-03-16T20:05:16.859Z[Etc/UTC]] moved to OPEN state
2023-03-16 20:05:16,948 [Time-limited test] WARN  erasurecode.ErasureCodeNative (ErasureCodeNative.java:<clinit>(55)) - ISA-L support is not available in your platform... using builtin-java codec where applicable
2023-03-16 20:05:17,069 [OM StateMachine ApplyTransaction Thread - 0] INFO  key.OMKeyRequest (OMKeyRequest.java:wrapUncommittedBlocksAsPseudoKey(838)) - Detect allocated but uncommitted blocks [{blockID={containerID=9, localID=111677748019200065}, length=4194304, offset=0, token=null, pipeline=null, createVersion=0, partNumber=0}] in key key2.
2023-03-16 20:05:17,082 [IPC Server handler 6 on default port 42293] INFO  pipeline.PipelineStateManagerImpl (PipelineStateManagerImpl.java:addPipeline(103)) - Created pipeline Pipeline[ Id: 2ba77681-bbb2-4d1f-b3b9-9cd3840d85cd, Nodes: c5189d4b-3145-494e-80fe-2ee109b29a1b(fv-az371-917/10.1.0.41)c86eb04d-3968-498e-b9b0-20c907963056(fv-az371-917/10.1.0.41)f9f49075-6b76-4a07-b0c3-cad8e972cd7f(fv-az371-917/10.1.0.41)2de148b0-f597-457b-b70e-3e9a456efa0b(fv-az371-917/10.1.0.41)c8f26da1-2406-40b8-bbe6-f78547910a7f(fv-az371-917/10.1.0.41), ReplicationConfig: EC{rs-3-2-1048576}, State:ALLOCATED, leaderId:, CreationTimestamp2023-03-16T20:05:17.082Z[Etc/UTC]].
2023-03-16 20:05:17,083 [IPC Server handler 6 on default port 42293] INFO  pipeline.PipelineManagerImpl (PipelineManagerImpl.java:openPipeline(367)) - Pipeline Pipeline[ Id: 2ba77681-bbb2-4d1f-b3b9-9cd3840d85cd, Nodes: c5189d4b-3145-494e-80fe-2ee109b29a1b(fv-az371-917/10.1.0.41)c86eb04d-3968-498e-b9b0-20c907963056(fv-az371-917/10.1.0.41)f9f49075-6b76-4a07-b0c3-cad8e972cd7f(fv-az371-917/10.1.0.41)2de148b0-f597-457b-b70e-3e9a456efa0b(fv-az371-917/10.1.0.41)c8f26da1-2406-40b8-bbe6-f78547910a7f(fv-az371-917/10.1.0.41), ReplicationConfig: EC{rs-3-2-1048576}, State:ALLOCATED, leaderId:, CreationTimestamp2023-03-16T20:05:17.082Z[Etc/UTC]] moved to OPEN state
2023-03-16 20:05:17,126 [OM StateMachine ApplyTransaction Thread - 0] INFO  key.OMKeyRequest (OMKeyRequest.java:wrapUncommittedBlocksAsPseudoKey(838)) - Detect allocated but uncommitted blocks [{blockID={containerID=10, localID=111677748019200066}, length=4194304, offset=0, token=null, pipeline=null, createVersion=0, partNumber=0}] in key key3.
2023-03-16 20:05:17,142 [OM StateMachine ApplyTransaction Thread - 0] INFO  key.OMKeyRequest (OMKeyRequest.java:wrapUncommittedBlocksAsPseudoKey(838)) - Detect allocated but uncommitted blocks [{blockID={containerID=4, localID=111677748019200067}, length=4194304, offset=0, token=null, pipeline=null, createVersion=0, partNumber=0}] in key key4.
]]></system-out>
  </testcase>
  <testcase name="testCreateKeyShouldUseRefreshedBucketReplicationConfig" classname="TestOzoneFileSystem" time="0.147">
    <system-out><![CDATA[2023-03-16 20:06:25,569 [Time-limited test] INFO  rpc.RpcClient (RpcClient.java:createVolume(476)) - Creating Volume: volume89464, with user34690 as owner and space quota set to -1 bytes, counts quota set to -1
2023-03-16 20:06:25,572 [IPC Server handler 13 on default port 40321] INFO  volume.OMVolumeCreateRequest (OMVolumeCreateRequest.java:validateAndUpdateCache(195)) - created volume:volume89464 for user:user34690
2023-03-16 20:06:25,574 [Time-limited test] INFO  rpc.RpcClient (RpcClient.java:createBucket(698)) - Creating Bucket: volume89464/bucket08502, with bucket layout LEGACY, runner as owner, Versioning false, Storage Type set to DISK and Encryption set to false, Replication Type set to server-side default replication type, Namespace Quota set to -1, Space Quota set to -1 
2023-03-16 20:06:25,575 [IPC Server handler 11 on default port 40321] INFO  bucket.OMBucketCreateRequest (OMBucketCreateRequest.java:validateAndUpdateCache(263)) - created bucket: bucket08502 of layout LEGACY in volume: volume89464
2023-03-16 20:06:25,601 [IPC Server handler 2 on default port 40321] INFO  key.OMKeyRequest (OMKeyRequest.java:wrapUncommittedBlocksAsPseudoKey(838)) - Detect allocated but uncommitted blocks [{blockID={containerID=3, localID=111677748019200063}, length=4194304, offset=0, token=null, pipeline=null, createVersion=0, partNumber=0}] in key key.
2023-03-16 20:06:25,607 [IPC Server handler 12 on default port 40321] INFO  key.OMKeyRequest (OMKeyRequest.java:wrapUncommittedBlocksAsPseudoKey(838)) - Detect allocated but uncommitted blocks [{blockID={containerID=2, localID=111677748019200064}, length=4194304, offset=0, token=null, pipeline=null, createVersion=0, partNumber=0}] in key key1.
2023-03-16 20:06:25,612 [IPC Server handler 4 on default port 46383] INFO  pipeline.PipelineStateManagerImpl (PipelineStateManagerImpl.java:addPipeline(103)) - Created pipeline Pipeline[ Id: 99d3d74b-5d40-4bfb-89e1-1e71f246195a, Nodes: b8c04efc-d1c9-41eb-be33-8d90dc945da6(fv-az371-917/10.1.0.41)77c004ef-6c20-479a-84fb-1570edc7ba10(fv-az371-917/10.1.0.41)c4e89383-110e-4923-8697-fad4fff4e184(fv-az371-917/10.1.0.41)9af49bef-8086-45bf-a9fe-0593dfe94cbe(fv-az371-917/10.1.0.41)8a432d69-9095-4d8b-a714-320becebd573(fv-az371-917/10.1.0.41), ReplicationConfig: EC{rs-3-2-1048576}, State:ALLOCATED, leaderId:, CreationTimestamp2023-03-16T20:06:25.611Z[Etc/UTC]].
2023-03-16 20:06:25,612 [IPC Server handler 4 on default port 46383] INFO  pipeline.PipelineManagerImpl (PipelineManagerImpl.java:openPipeline(367)) - Pipeline Pipeline[ Id: 99d3d74b-5d40-4bfb-89e1-1e71f246195a, Nodes: b8c04efc-d1c9-41eb-be33-8d90dc945da6(fv-az371-917/10.1.0.41)77c004ef-6c20-479a-84fb-1570edc7ba10(fv-az371-917/10.1.0.41)c4e89383-110e-4923-8697-fad4fff4e184(fv-az371-917/10.1.0.41)9af49bef-8086-45bf-a9fe-0593dfe94cbe(fv-az371-917/10.1.0.41)8a432d69-9095-4d8b-a714-320becebd573(fv-az371-917/10.1.0.41), ReplicationConfig: EC{rs-3-2-1048576}, State:ALLOCATED, leaderId:, CreationTimestamp2023-03-16T20:06:25.611Z[Etc/UTC]] moved to OPEN state
2023-03-16 20:06:25,642 [IPC Server handler 15 on default port 40321] INFO  key.OMKeyRequest (OMKeyRequest.java:wrapUncommittedBlocksAsPseudoKey(838)) - Detect allocated but uncommitted blocks [{blockID={containerID=9, localID=111677748019200065}, length=4194304, offset=0, token=null, pipeline=null, createVersion=0, partNumber=0}] in key key2.
2023-03-16 20:06:25,649 [IPC Server handler 2 on default port 46383] INFO  pipeline.PipelineStateManagerImpl (PipelineStateManagerImpl.java:addPipeline(103)) - Created pipeline Pipeline[ Id: c07be4b5-c8de-48bb-b255-455df0e9ea02, Nodes: 8a432d69-9095-4d8b-a714-320becebd573(fv-az371-917/10.1.0.41)77c004ef-6c20-479a-84fb-1570edc7ba10(fv-az371-917/10.1.0.41)9af49bef-8086-45bf-a9fe-0593dfe94cbe(fv-az371-917/10.1.0.41)c4e89383-110e-4923-8697-fad4fff4e184(fv-az371-917/10.1.0.41)b8c04efc-d1c9-41eb-be33-8d90dc945da6(fv-az371-917/10.1.0.41), ReplicationConfig: EC{rs-3-2-1048576}, State:ALLOCATED, leaderId:, CreationTimestamp2023-03-16T20:06:25.649Z[Etc/UTC]].
2023-03-16 20:06:25,650 [IPC Server handler 2 on default port 46383] INFO  pipeline.PipelineManagerImpl (PipelineManagerImpl.java:openPipeline(367)) - Pipeline Pipeline[ Id: c07be4b5-c8de-48bb-b255-455df0e9ea02, Nodes: 8a432d69-9095-4d8b-a714-320becebd573(fv-az371-917/10.1.0.41)77c004ef-6c20-479a-84fb-1570edc7ba10(fv-az371-917/10.1.0.41)9af49bef-8086-45bf-a9fe-0593dfe94cbe(fv-az371-917/10.1.0.41)c4e89383-110e-4923-8697-fad4fff4e184(fv-az371-917/10.1.0.41)b8c04efc-d1c9-41eb-be33-8d90dc945da6(fv-az371-917/10.1.0.41), ReplicationConfig: EC{rs-3-2-1048576}, State:ALLOCATED, leaderId:, CreationTimestamp2023-03-16T20:06:25.649Z[Etc/UTC]] moved to OPEN state
2023-03-16 20:06:25,678 [IPC Server handler 13 on default port 40321] INFO  key.OMKeyRequest (OMKeyRequest.java:wrapUncommittedBlocksAsPseudoKey(838)) - Detect allocated but uncommitted blocks [{blockID={containerID=10, localID=111677748019200066}, length=4194304, offset=0, token=null, pipeline=null, createVersion=0, partNumber=0}] in key key3.
2023-03-16 20:06:25,686 [IPC Server handler 9 on default port 40321] INFO  key.OMKeyRequest (OMKeyRequest.java:wrapUncommittedBlocksAsPseudoKey(838)) - Detect allocated but uncommitted blocks [{blockID={containerID=3, localID=111677748019200067}, length=4194304, offset=0, token=null, pipeline=null, createVersion=0, partNumber=0}] in key key4.
]]></system-out>
  </testcase>
  <testcase name="testCreateKeyShouldUseRefreshedBucketReplicationConfig" classname="TestOzoneFileSystem" time="0.155">
    <system-out><![CDATA[2023-03-16 20:07:43,937 [Time-limited test] INFO  rpc.RpcClient (RpcClient.java:createVolume(476)) - Creating Volume: volume09341, with user32839 as owner and space quota set to -1 bytes, counts quota set to -1
2023-03-16 20:07:43,939 [OM StateMachine ApplyTransaction Thread - 0] INFO  volume.OMVolumeCreateRequest (OMVolumeCreateRequest.java:validateAndUpdateCache(195)) - created volume:volume09341 for user:user32839
2023-03-16 20:07:43,942 [Time-limited test] INFO  rpc.RpcClient (RpcClient.java:createBucket(698)) - Creating Bucket: volume09341/bucket21721, with bucket layout LEGACY, runner as owner, Versioning false, Storage Type set to DISK and Encryption set to false, Replication Type set to server-side default replication type, Namespace Quota set to -1, Space Quota set to -1 
2023-03-16 20:07:43,944 [OM StateMachine ApplyTransaction Thread - 0] INFO  bucket.OMBucketCreateRequest (OMBucketCreateRequest.java:validateAndUpdateCache(263)) - created bucket: bucket21721 of layout LEGACY in volume: volume09341
2023-03-16 20:07:43,974 [OM StateMachine ApplyTransaction Thread - 0] INFO  key.OMKeyRequest (OMKeyRequest.java:wrapUncommittedBlocksAsPseudoKey(838)) - Detect allocated but uncommitted blocks [{blockID={containerID=1, localID=111677748019200063}, length=4194304, offset=0, token=null, pipeline=null, createVersion=0, partNumber=0}] in key key.
2023-03-16 20:07:43,982 [OM StateMachine ApplyTransaction Thread - 0] INFO  key.OMKeyRequest (OMKeyRequest.java:wrapUncommittedBlocksAsPseudoKey(838)) - Detect allocated but uncommitted blocks [{blockID={containerID=2, localID=111677748019200064}, length=4194304, offset=0, token=null, pipeline=null, createVersion=0, partNumber=0}] in key key1.
2023-03-16 20:07:43,987 [IPC Server handler 12 on default port 45515] INFO  pipeline.PipelineStateManagerImpl (PipelineStateManagerImpl.java:addPipeline(103)) - Created pipeline Pipeline[ Id: d1109926-12bc-4e87-bd63-f5e6e2ee5459, Nodes: 7632a000-3617-4d19-89f4-e221b08e3da6(fv-az371-917/10.1.0.41)67a302da-c3a9-4d3b-a81a-6dae531b3b12(fv-az371-917/10.1.0.41)682b4d9c-96c0-4a75-8400-2841f36046f6(fv-az371-917/10.1.0.41)af19ea06-4a72-4e8e-a05a-645e0b93ca6c(fv-az371-917/10.1.0.41)ebbc2a03-53b4-4736-a1f5-3eecd05c2e3b(fv-az371-917/10.1.0.41), ReplicationConfig: EC{rs-3-2-1048576}, State:ALLOCATED, leaderId:, CreationTimestamp2023-03-16T20:07:43.986Z[Etc/UTC]].
2023-03-16 20:07:43,987 [IPC Server handler 12 on default port 45515] INFO  pipeline.PipelineManagerImpl (PipelineManagerImpl.java:openPipeline(367)) - Pipeline Pipeline[ Id: d1109926-12bc-4e87-bd63-f5e6e2ee5459, Nodes: 7632a000-3617-4d19-89f4-e221b08e3da6(fv-az371-917/10.1.0.41)67a302da-c3a9-4d3b-a81a-6dae531b3b12(fv-az371-917/10.1.0.41)682b4d9c-96c0-4a75-8400-2841f36046f6(fv-az371-917/10.1.0.41)af19ea06-4a72-4e8e-a05a-645e0b93ca6c(fv-az371-917/10.1.0.41)ebbc2a03-53b4-4736-a1f5-3eecd05c2e3b(fv-az371-917/10.1.0.41), ReplicationConfig: EC{rs-3-2-1048576}, State:ALLOCATED, leaderId:, CreationTimestamp2023-03-16T20:07:43.986Z[Etc/UTC]] moved to OPEN state
2023-03-16 20:07:44,016 [OM StateMachine ApplyTransaction Thread - 0] INFO  key.OMKeyRequest (OMKeyRequest.java:wrapUncommittedBlocksAsPseudoKey(838)) - Detect allocated but uncommitted blocks [{blockID={containerID=9, localID=111677748019200065}, length=4194304, offset=0, token=null, pipeline=null, createVersion=0, partNumber=0}] in key key2.
2023-03-16 20:07:44,024 [IPC Server handler 19 on default port 45515] INFO  pipeline.PipelineStateManagerImpl (PipelineStateManagerImpl.java:addPipeline(103)) - Created pipeline Pipeline[ Id: 793435db-4787-4373-aa98-c42bd694f794, Nodes: ebbc2a03-53b4-4736-a1f5-3eecd05c2e3b(fv-az371-917/10.1.0.41)af19ea06-4a72-4e8e-a05a-645e0b93ca6c(fv-az371-917/10.1.0.41)682b4d9c-96c0-4a75-8400-2841f36046f6(fv-az371-917/10.1.0.41)7632a000-3617-4d19-89f4-e221b08e3da6(fv-az371-917/10.1.0.41)67a302da-c3a9-4d3b-a81a-6dae531b3b12(fv-az371-917/10.1.0.41), ReplicationConfig: EC{rs-3-2-1048576}, State:ALLOCATED, leaderId:, CreationTimestamp2023-03-16T20:07:44.024Z[Etc/UTC]].
2023-03-16 20:07:44,025 [IPC Server handler 19 on default port 45515] INFO  pipeline.PipelineManagerImpl (PipelineManagerImpl.java:openPipeline(367)) - Pipeline Pipeline[ Id: 793435db-4787-4373-aa98-c42bd694f794, Nodes: ebbc2a03-53b4-4736-a1f5-3eecd05c2e3b(fv-az371-917/10.1.0.41)af19ea06-4a72-4e8e-a05a-645e0b93ca6c(fv-az371-917/10.1.0.41)682b4d9c-96c0-4a75-8400-2841f36046f6(fv-az371-917/10.1.0.41)7632a000-3617-4d19-89f4-e221b08e3da6(fv-az371-917/10.1.0.41)67a302da-c3a9-4d3b-a81a-6dae531b3b12(fv-az371-917/10.1.0.41), ReplicationConfig: EC{rs-3-2-1048576}, State:ALLOCATED, leaderId:, CreationTimestamp2023-03-16T20:07:44.024Z[Etc/UTC]] moved to OPEN state
2023-03-16 20:07:44,053 [OM StateMachine ApplyTransaction Thread - 0] INFO  key.OMKeyRequest (OMKeyRequest.java:wrapUncommittedBlocksAsPseudoKey(838)) - Detect allocated but uncommitted blocks [{blockID={containerID=10, localID=111677748019200066}, length=4194304, offset=0, token=null, pipeline=null, createVersion=0, partNumber=0}] in key key3.
2023-03-16 20:07:44,066 [OM StateMachine ApplyTransaction Thread - 0] INFO  key.OMKeyRequest (OMKeyRequest.java:wrapUncommittedBlocksAsPseudoKey(838)) - Detect allocated but uncommitted blocks [{blockID={containerID=1, localID=111677748019200067}, length=4194304, offset=0, token=null, pipeline=null, createVersion=0, partNumber=0}] in key key4.
]]></system-out>
  </testcase>
  <testcase name="testCreateKeyShouldUseRefreshedBucketReplicationConfig" classname="TestOzoneFileSystem" time="0.139">
    <system-out><![CDATA[2023-03-16 20:08:44,988 [Time-limited test] INFO  rpc.RpcClient (RpcClient.java:createVolume(476)) - Creating Volume: volume18171, with user61315 as owner and space quota set to -1 bytes, counts quota set to -1
2023-03-16 20:08:44,992 [IPC Server handler 16 on default port 41725] INFO  volume.OMVolumeCreateRequest (OMVolumeCreateRequest.java:validateAndUpdateCache(195)) - created volume:volume18171 for user:user61315
2023-03-16 20:08:44,993 [Time-limited test] INFO  rpc.RpcClient (RpcClient.java:createBucket(698)) - Creating Bucket: volume18171/bucket32961, with bucket layout LEGACY, runner as owner, Versioning false, Storage Type set to DISK and Encryption set to false, Replication Type set to server-side default replication type, Namespace Quota set to -1, Space Quota set to -1 
2023-03-16 20:08:44,994 [IPC Server handler 4 on default port 41725] INFO  bucket.OMBucketCreateRequest (OMBucketCreateRequest.java:validateAndUpdateCache(263)) - created bucket: bucket32961 of layout LEGACY in volume: volume18171
2023-03-16 20:08:45,018 [IPC Server handler 0 on default port 41725] INFO  key.OMKeyRequest (OMKeyRequest.java:wrapUncommittedBlocksAsPseudoKey(838)) - Detect allocated but uncommitted blocks [{blockID={containerID=1, localID=111677748019200063}, length=4194304, offset=0, token=null, pipeline=null, createVersion=0, partNumber=0}] in key key.
2023-03-16 20:08:45,025 [IPC Server handler 10 on default port 41725] INFO  key.OMKeyRequest (OMKeyRequest.java:wrapUncommittedBlocksAsPseudoKey(838)) - Detect allocated but uncommitted blocks [{blockID={containerID=3, localID=111677748019200064}, length=4194304, offset=0, token=null, pipeline=null, createVersion=0, partNumber=0}] in key key1.
2023-03-16 20:08:45,031 [IPC Server handler 12 on default port 40921] INFO  pipeline.PipelineStateManagerImpl (PipelineStateManagerImpl.java:addPipeline(103)) - Created pipeline Pipeline[ Id: 2f166af1-604e-4c8d-b9f0-309fbc992a3c, Nodes: b217dba7-a907-4568-b361-a689a501c82e(fv-az371-917/10.1.0.41)5bf8ace6-d9a7-430b-8471-debd47753f31(fv-az371-917/10.1.0.41)f6cec9cd-4412-4a1e-af36-3453d03b0f80(fv-az371-917/10.1.0.41)317f44fb-1afb-4ae0-a6b8-d51e7e741648(fv-az371-917/10.1.0.41)a92d4c5c-0e58-445a-9596-01977366270e(fv-az371-917/10.1.0.41), ReplicationConfig: EC{rs-3-2-1048576}, State:ALLOCATED, leaderId:, CreationTimestamp2023-03-16T20:08:45.030Z[Etc/UTC]].
2023-03-16 20:08:45,032 [IPC Server handler 12 on default port 40921] INFO  pipeline.PipelineManagerImpl (PipelineManagerImpl.java:openPipeline(367)) - Pipeline Pipeline[ Id: 2f166af1-604e-4c8d-b9f0-309fbc992a3c, Nodes: b217dba7-a907-4568-b361-a689a501c82e(fv-az371-917/10.1.0.41)5bf8ace6-d9a7-430b-8471-debd47753f31(fv-az371-917/10.1.0.41)f6cec9cd-4412-4a1e-af36-3453d03b0f80(fv-az371-917/10.1.0.41)317f44fb-1afb-4ae0-a6b8-d51e7e741648(fv-az371-917/10.1.0.41)a92d4c5c-0e58-445a-9596-01977366270e(fv-az371-917/10.1.0.41), ReplicationConfig: EC{rs-3-2-1048576}, State:ALLOCATED, leaderId:, CreationTimestamp2023-03-16T20:08:45.030Z[Etc/UTC]] moved to OPEN state
2023-03-16 20:08:45,058 [IPC Server handler 7 on default port 41725] INFO  key.OMKeyRequest (OMKeyRequest.java:wrapUncommittedBlocksAsPseudoKey(838)) - Detect allocated but uncommitted blocks [{blockID={containerID=8, localID=111677748019200065}, length=4194304, offset=0, token=null, pipeline=null, createVersion=0, partNumber=0}] in key key2.
2023-03-16 20:08:45,067 [IPC Server handler 19 on default port 40921] INFO  pipeline.PipelineStateManagerImpl (PipelineStateManagerImpl.java:addPipeline(103)) - Created pipeline Pipeline[ Id: 035ebdae-d0eb-4196-aec1-96a1f2a7609c, Nodes: f6cec9cd-4412-4a1e-af36-3453d03b0f80(fv-az371-917/10.1.0.41)a92d4c5c-0e58-445a-9596-01977366270e(fv-az371-917/10.1.0.41)5bf8ace6-d9a7-430b-8471-debd47753f31(fv-az371-917/10.1.0.41)317f44fb-1afb-4ae0-a6b8-d51e7e741648(fv-az371-917/10.1.0.41)b217dba7-a907-4568-b361-a689a501c82e(fv-az371-917/10.1.0.41), ReplicationConfig: EC{rs-3-2-1048576}, State:ALLOCATED, leaderId:, CreationTimestamp2023-03-16T20:08:45.066Z[Etc/UTC]].
2023-03-16 20:08:45,068 [IPC Server handler 19 on default port 40921] INFO  pipeline.PipelineManagerImpl (PipelineManagerImpl.java:openPipeline(367)) - Pipeline Pipeline[ Id: 035ebdae-d0eb-4196-aec1-96a1f2a7609c, Nodes: f6cec9cd-4412-4a1e-af36-3453d03b0f80(fv-az371-917/10.1.0.41)a92d4c5c-0e58-445a-9596-01977366270e(fv-az371-917/10.1.0.41)5bf8ace6-d9a7-430b-8471-debd47753f31(fv-az371-917/10.1.0.41)317f44fb-1afb-4ae0-a6b8-d51e7e741648(fv-az371-917/10.1.0.41)b217dba7-a907-4568-b361-a689a501c82e(fv-az371-917/10.1.0.41), ReplicationConfig: EC{rs-3-2-1048576}, State:ALLOCATED, leaderId:, CreationTimestamp2023-03-16T20:08:45.066Z[Etc/UTC]] moved to OPEN state
2023-03-16 20:08:45,095 [IPC Server handler 16 on default port 41725] INFO  key.OMKeyRequest (OMKeyRequest.java:wrapUncommittedBlocksAsPseudoKey(838)) - Detect allocated but uncommitted blocks [{blockID={containerID=9, localID=111677748019200066}, length=4194304, offset=0, token=null, pipeline=null, createVersion=0, partNumber=0}] in key key3.
2023-03-16 20:08:45,101 [IPC Server handler 19 on default port 41725] INFO  key.OMKeyRequest (OMKeyRequest.java:wrapUncommittedBlocksAsPseudoKey(838)) - Detect allocated but uncommitted blocks [{blockID={containerID=1, localID=111677748019200067}, length=4194304, offset=0, token=null, pipeline=null, createVersion=0, partNumber=0}] in key key4.
]]></system-out>
  </testcase>
  <testcase name="testListStatusIteratorOnRoot" classname="TestOzoneFileSystem" time="0.054"/>
  <testcase name="testListStatusIteratorOnRoot" classname="TestOzoneFileSystem" time="0.04"/>
  <testcase name="testListStatusIteratorOnRoot" classname="TestOzoneFileSystem" time="0.033"/>
  <testcase name="testListStatusIteratorOnRoot" classname="TestOzoneFileSystem" time="0.028"/>
  <testcase name="testRenameDirToFile" classname="TestOzoneFileSystem" time="0.047">
    <system-out><![CDATA[2023-03-16 20:05:17,222 [OM StateMachine ApplyTransaction Thread - 0] INFO  key.OMKeyRequest (OMKeyRequest.java:wrapUncommittedBlocksAsPseudoKey(838)) - Detect allocated but uncommitted blocks [{blockID={containerID=3, localID=111677748019200068}, length=4194304, offset=0, token=null, pipeline=null, createVersion=0, partNumber=0}] in key root/file1.
2023-03-16 20:05:17,227 [Time-limited test] WARN  ozone.BasicOzoneFileSystem (BasicOzoneFileSystem.java:rename(423)) - Failed to rename o3fs://bucket31801.volume04068/a/b/c to o3fs://bucket31801.volume04068/root/file1, file already exists!
]]></system-out>
  </testcase>
  <testcase name="testRenameDirToFile" classname="TestOzoneFileSystem" time="0.025">
    <system-out><![CDATA[2023-03-16 20:06:25,740 [IPC Server handler 8 on default port 40321] INFO  key.OMKeyRequest (OMKeyRequest.java:wrapUncommittedBlocksAsPseudoKey(838)) - Detect allocated but uncommitted blocks [{blockID={containerID=4, localID=111677748019200068}, length=4194304, offset=0, token=null, pipeline=null, createVersion=0, partNumber=0}] in key root/file1.
2023-03-16 20:06:25,743 [Time-limited test] WARN  ozone.BasicOzoneFileSystem (BasicOzoneFileSystem.java:rename(423)) - Failed to rename o3fs://bucket25127.volume45206/a/b/c to o3fs://bucket25127.volume45206/root/file1, file already exists!
]]></system-out>
  </testcase>
  <testcase name="testRenameDirToFile" classname="TestOzoneFileSystem" time="0.029">
    <system-out><![CDATA[2023-03-16 20:07:44,113 [OM StateMachine ApplyTransaction Thread - 0] INFO  key.OMKeyRequest (OMKeyRequest.java:wrapUncommittedBlocksAsPseudoKey(838)) - Detect allocated but uncommitted blocks [{blockID={containerID=2, localID=111677748019200068}, length=4194304, offset=0, token=null, pipeline=null, createVersion=0, partNumber=0}] in key root/file1.
2023-03-16 20:07:44,118 [Time-limited test] WARN  ozone.BasicOzoneFileSystem (BasicOzoneFileSystem.java:rename(423)) - Failed to rename o3fs://bucket02547.volume46233/a/b/c to o3fs://bucket02547.volume46233/root/file1, file already exists!
]]></system-out>
  </testcase>
  <testcase name="testRenameDirToFile" classname="TestOzoneFileSystem" time="0.022">
    <system-out><![CDATA[2023-03-16 20:08:45,141 [IPC Server handler 3 on default port 41725] INFO  key.OMKeyRequest (OMKeyRequest.java:wrapUncommittedBlocksAsPseudoKey(838)) - Detect allocated but uncommitted blocks [{blockID={containerID=2, localID=111677748019200068}, length=4194304, offset=0, token=null, pipeline=null, createVersion=0, partNumber=0}] in key root/file1.
2023-03-16 20:08:45,143 [Time-limited test] WARN  ozone.BasicOzoneFileSystem (BasicOzoneFileSystem.java:rename(423)) - Failed to rename o3fs://bucket92716.volume10450/a/b/c to o3fs://bucket92716.volume10450/root/file1, file already exists!
]]></system-out>
  </testcase>
  <testcase name="testRenameToNewSubDirShouldNotExist" classname="TestOzoneFileSystem" time="0.068">
    <system-out><![CDATA[2023-03-16 20:05:17,271 [Time-limited test] WARN  ozone.BasicOzoneFileSystem (BasicOzoneFileSystem.java:rename(417)) - Failed to rename o3fs://bucket31801.volume04068/a to o3fs://bucket31801.volume04068/b/a, file already exists or not empty!
2023-03-16 20:05:17,281 [OM StateMachine ApplyTransaction Thread - 0] INFO  key.OMKeyRequest (OMKeyRequest.java:wrapUncommittedBlocksAsPseudoKey(838)) - Detect allocated but uncommitted blocks [{blockID={containerID=1, localID=111677748019200069}, length=4194304, offset=0, token=null, pipeline=null, createVersion=0, partNumber=0}] in key file1.
2023-03-16 20:05:17,288 [OM StateMachine ApplyTransaction Thread - 0] INFO  key.OMKeyRequest (OMKeyRequest.java:wrapUncommittedBlocksAsPseudoKey(838)) - Detect allocated but uncommitted blocks [{blockID={containerID=3, localID=111677748019200070}, length=4194304, offset=0, token=null, pipeline=null, createVersion=0, partNumber=0}] in key a/file1.
2023-03-16 20:05:17,292 [Time-limited test] WARN  ozone.BasicOzoneFileSystem (BasicOzoneFileSystem.java:rename(417)) - Failed to rename o3fs://bucket31801.volume04068/file1 to o3fs://bucket31801.volume04068/a/file1, file already exists or not empty!
]]></system-out>
  </testcase>
  <testcase name="testRenameToNewSubDirShouldNotExist" classname="TestOzoneFileSystem" time="0.053">
    <system-out><![CDATA[2023-03-16 20:06:25,781 [Time-limited test] WARN  ozone.BasicOzoneFileSystem (BasicOzoneFileSystem.java:rename(417)) - Failed to rename o3fs://bucket25127.volume45206/a to o3fs://bucket25127.volume45206/b/a, file already exists or not empty!
2023-03-16 20:06:25,787 [IPC Server handler 1 on default port 40321] INFO  key.OMKeyRequest (OMKeyRequest.java:wrapUncommittedBlocksAsPseudoKey(838)) - Detect allocated but uncommitted blocks [{blockID={containerID=1, localID=111677748019200069}, length=4194304, offset=0, token=null, pipeline=null, createVersion=0, partNumber=0}] in key file1.
2023-03-16 20:06:25,793 [IPC Server handler 2 on default port 40321] INFO  key.OMKeyRequest (OMKeyRequest.java:wrapUncommittedBlocksAsPseudoKey(838)) - Detect allocated but uncommitted blocks [{blockID={containerID=2, localID=111677748019200070}, length=4194304, offset=0, token=null, pipeline=null, createVersion=0, partNumber=0}] in key a/file1.
2023-03-16 20:06:25,795 [Time-limited test] WARN  ozone.BasicOzoneFileSystem (BasicOzoneFileSystem.java:rename(417)) - Failed to rename o3fs://bucket25127.volume45206/file1 to o3fs://bucket25127.volume45206/a/file1, file already exists or not empty!
]]></system-out>
  </testcase>
  <testcase name="testRenameToNewSubDirShouldNotExist" classname="TestOzoneFileSystem" time="0.049">
    <system-out><![CDATA[2023-03-16 20:07:44,148 [Time-limited test] WARN  ozone.BasicOzoneFileSystem (BasicOzoneFileSystem.java:rename(417)) - Failed to rename o3fs://bucket02547.volume46233/a to o3fs://bucket02547.volume46233/b/a, file already exists or not empty!
2023-03-16 20:07:44,155 [OM StateMachine ApplyTransaction Thread - 0] INFO  key.OMKeyRequest (OMKeyRequest.java:wrapUncommittedBlocksAsPseudoKey(838)) - Detect allocated but uncommitted blocks [{blockID={containerID=1, localID=111677748019200069}, length=4194304, offset=0, token=null, pipeline=null, createVersion=0, partNumber=0}] in key file1.
2023-03-16 20:07:44,162 [OM StateMachine ApplyTransaction Thread - 0] INFO  key.OMKeyRequest (OMKeyRequest.java:wrapUncommittedBlocksAsPseudoKey(838)) - Detect allocated but uncommitted blocks [{blockID={containerID=2, localID=111677748019200070}, length=4194304, offset=0, token=null, pipeline=null, createVersion=0, partNumber=0}] in key a/file1.
2023-03-16 20:07:44,164 [Time-limited test] WARN  ozone.BasicOzoneFileSystem (BasicOzoneFileSystem.java:rename(417)) - Failed to rename o3fs://bucket02547.volume46233/file1 to o3fs://bucket02547.volume46233/a/file1, file already exists or not empty!
]]></system-out>
  </testcase>
  <testcase name="testRenameToNewSubDirShouldNotExist" classname="TestOzoneFileSystem" time="0.038">
    <system-out><![CDATA[2023-03-16 20:08:45,168 [Time-limited test] WARN  ozone.BasicOzoneFileSystem (BasicOzoneFileSystem.java:rename(417)) - Failed to rename o3fs://bucket92716.volume10450/a to o3fs://bucket92716.volume10450/b/a, file already exists or not empty!
2023-03-16 20:08:45,173 [IPC Server handler 8 on default port 41725] INFO  key.OMKeyRequest (OMKeyRequest.java:wrapUncommittedBlocksAsPseudoKey(838)) - Detect allocated but uncommitted blocks [{blockID={containerID=3, localID=111677748019200069}, length=4194304, offset=0, token=null, pipeline=null, createVersion=0, partNumber=0}] in key file1.
2023-03-16 20:08:45,177 [IPC Server handler 0 on default port 41725] INFO  key.OMKeyRequest (OMKeyRequest.java:wrapUncommittedBlocksAsPseudoKey(838)) - Detect allocated but uncommitted blocks [{blockID={containerID=1, localID=111677748019200070}, length=4194304, offset=0, token=null, pipeline=null, createVersion=0, partNumber=0}] in key a/file1.
2023-03-16 20:08:45,179 [Time-limited test] WARN  ozone.BasicOzoneFileSystem (BasicOzoneFileSystem.java:rename(417)) - Failed to rename o3fs://bucket92716.volume10450/file1 to o3fs://bucket92716.volume10450/a/file1, file already exists or not empty!
]]></system-out>
  </testcase>
  <testcase name="testListStatusOnLargeDirectoryForACLCheck" classname="TestOzoneFileSystem" time="3.957">
    <system-out><![CDATA[2023-03-16 20:05:21,206 [om1-client-thread1] INFO  segmented.SegmentedRaftLogWorker (SegmentedRaftLogWorker.java:rollLogSegment(457)) - om1@group-C5BA1605619E-SegmentedRaftLogWorker: Rolling segment log-0_36947 to index:36947
2023-03-16 20:05:21,208 [om1@group-C5BA1605619E-SegmentedRaftLogWorker] INFO  segmented.SegmentedRaftLogWorker (SegmentedRaftLogWorker.java:execute(613)) - om1@group-C5BA1605619E-SegmentedRaftLogWorker: Rolled log segment from /home/runner/work/ozone/ozone/hadoop-ozone/integration-test/target/test-dir/MiniOzoneClusterImpl-77d2372e-e00f-46e1-a11d-7f7bb0f90484/ozone-meta/ratis/bf265839-605b-3f16-9796-c5ba1605619e/current/log_inprogress_0 to /home/runner/work/ozone/ozone/hadoop-ozone/integration-test/target/test-dir/MiniOzoneClusterImpl-77d2372e-e00f-46e1-a11d-7f7bb0f90484/ozone-meta/ratis/bf265839-605b-3f16-9796-c5ba1605619e/current/log_0-36947
2023-03-16 20:05:21,222 [om1@group-C5BA1605619E-SegmentedRaftLogWorker] INFO  segmented.SegmentedRaftLogWorker (SegmentedRaftLogWorker.java:execute(656)) - om1@group-C5BA1605619E-SegmentedRaftLogWorker: created new log segment /home/runner/work/ozone/ozone/hadoop-ozone/integration-test/target/test-dir/MiniOzoneClusterImpl-77d2372e-e00f-46e1-a11d-7f7bb0f90484/ozone-meta/ratis/bf265839-605b-3f16-9796-c5ba1605619e/current/log_inprogress_36948
]]></system-out>
  </testcase>
  <testcase name="testListStatusOnLargeDirectoryForACLCheck" classname="TestOzoneFileSystem" time="2.022"/>
  <testcase name="testListStatusOnLargeDirectoryForACLCheck" classname="TestOzoneFileSystem" time="2.683">
    <system-out><![CDATA[2023-03-16 20:07:46,808 [om1-client-thread2] INFO  segmented.SegmentedRaftLogWorker (SegmentedRaftLogWorker.java:rollLogSegment(457)) - om1@group-C5BA1605619E-SegmentedRaftLogWorker: Rolling segment log-0_36921 to index:36921
2023-03-16 20:07:46,809 [om1@group-C5BA1605619E-SegmentedRaftLogWorker] INFO  segmented.SegmentedRaftLogWorker (SegmentedRaftLogWorker.java:execute(613)) - om1@group-C5BA1605619E-SegmentedRaftLogWorker: Rolled log segment from /home/runner/work/ozone/ozone/hadoop-ozone/integration-test/target/test-dir/MiniOzoneClusterImpl-5d34faf9-8c61-4fd7-9f59-d81d67eb328e/ozone-meta/ratis/bf265839-605b-3f16-9796-c5ba1605619e/current/log_inprogress_0 to /home/runner/work/ozone/ozone/hadoop-ozone/integration-test/target/test-dir/MiniOzoneClusterImpl-5d34faf9-8c61-4fd7-9f59-d81d67eb328e/ozone-meta/ratis/bf265839-605b-3f16-9796-c5ba1605619e/current/log_0-36921
2023-03-16 20:07:46,822 [om1@group-C5BA1605619E-SegmentedRaftLogWorker] INFO  segmented.SegmentedRaftLogWorker (SegmentedRaftLogWorker.java:execute(656)) - om1@group-C5BA1605619E-SegmentedRaftLogWorker: created new log segment /home/runner/work/ozone/ozone/hadoop-ozone/integration-test/target/test-dir/MiniOzoneClusterImpl-5d34faf9-8c61-4fd7-9f59-d81d67eb328e/ozone-meta/ratis/bf265839-605b-3f16-9796-c5ba1605619e/current/log_inprogress_36922
]]></system-out>
  </testcase>
  <testcase name="testListStatusOnLargeDirectoryForACLCheck" classname="TestOzoneFileSystem" time="1.955">
    <system-out><![CDATA[2023-03-16 20:08:47,097 [timer6] WARN  server.GrpcLogAppender (GrpcLogAppender.java:timeoutAppendRequest(314)) - 682b4d9c-96c0-4a75-8400-2841f36046f6@group-5B64B89C4C6D->af19ea06-4a72-4e8e-a05a-645e0b93ca6c-GrpcLogAppender:  appendEntries Timeout, request=AppendEntriesRequest:cid=531,entriesCount=1,lastEntry=(t:1, i:8)
]]></system-out>
  </testcase>
  <testcase name="testRenameFileToDir" classname="TestOzoneFileSystem" time="0.064">
    <system-out><![CDATA[2023-03-16 20:05:21,291 [OM StateMachine ApplyTransaction Thread - 0] INFO  key.OMKeyRequest (OMKeyRequest.java:wrapUncommittedBlocksAsPseudoKey(838)) - Detect allocated but uncommitted blocks [{blockID={containerID=1, localID=111677748019200071}, length=4194304, offset=0, token=null, pipeline=null, createVersion=0, partNumber=0}] in key root/file1.
20:05:21.296 [IPC Server handler 6 on default port 35091] ERROR OMAudit - user=runner | ip=127.0.0.1 | op=LIST_STATUS {volume=volume04068, bucket=bucket31801, key=a/b/c/file1, dataSize=0, replicationConfig=null} | ret=FAILURE
org.apache.hadoop.ozone.om.exceptions.OMException: Unable to get file status: volume: volume04068 bucket: bucket31801 key: a/b/c/file1
	at org.apache.hadoop.ozone.om.KeyManagerImpl.getOzoneFileStatus(KeyManagerImpl.java:1196) ~[ozone-manager-1.4.0-SNAPSHOT.jar:?]
	at org.apache.hadoop.ozone.om.KeyManagerImpl.getFileStatus(KeyManagerImpl.java:1114) ~[ozone-manager-1.4.0-SNAPSHOT.jar:?]
	at org.apache.hadoop.ozone.om.KeyManagerImpl.listStatus(KeyManagerImpl.java:1504) ~[ozone-manager-1.4.0-SNAPSHOT.jar:?]
	at org.apache.hadoop.ozone.om.OmMetadataReader.listStatus(OmMetadataReader.java:261) ~[ozone-manager-1.4.0-SNAPSHOT.jar:?]
	at org.apache.hadoop.ozone.om.OzoneManager.listStatus(OzoneManager.java:3513) ~[ozone-manager-1.4.0-SNAPSHOT.jar:?]
	at org.apache.hadoop.ozone.protocolPB.OzoneManagerRequestHandler.listStatus(OzoneManagerRequestHandler.java:1097) ~[ozone-manager-1.4.0-SNAPSHOT.jar:?]
	at org.apache.hadoop.ozone.protocolPB.OzoneManagerRequestHandler.handleReadRequest(OzoneManagerRequestHandler.java:249) ~[ozone-manager-1.4.0-SNAPSHOT.jar:?]
	at org.apache.hadoop.ozone.protocolPB.OzoneManagerProtocolServerSideTranslatorPB.submitReadRequestToOM(OzoneManagerProtocolServerSideTranslatorPB.java:223) ~[ozone-manager-1.4.0-SNAPSHOT.jar:?]
	at org.apache.hadoop.ozone.protocolPB.OzoneManagerProtocolServerSideTranslatorPB.processRequest(OzoneManagerProtocolServerSideTranslatorPB.java:177) ~[ozone-manager-1.4.0-SNAPSHOT.jar:?]
	at org.apache.hadoop.hdds.server.OzoneProtocolMessageDispatcher.processRequest(OzoneProtocolMessageDispatcher.java:87) [hdds-server-framework-1.4.0-SNAPSHOT.jar:?]
	at org.apache.hadoop.ozone.protocolPB.OzoneManagerProtocolServerSideTranslatorPB.submitRequest(OzoneManagerProtocolServerSideTranslatorPB.java:147) [ozone-manager-1.4.0-SNAPSHOT.jar:?]
	at org.apache.hadoop.ozone.protocol.proto.OzoneManagerProtocolProtos$OzoneManagerService$2.callBlockingMethod(OzoneManagerProtocolProtos.java) [ozone-interface-client-1.4.0-SNAPSHOT.jar:?]
	at org.apache.hadoop.ipc.ProtobufRpcEngine$Server.processCall(ProtobufRpcEngine.java:465) [hadoop-common-3.3.4.jar:?]
	at org.apache.hadoop.ipc.ProtobufRpcEngine2$Server$ProtoBufRpcInvoker.call(ProtobufRpcEngine2.java:578) [hadoop-common-3.3.4.jar:?]
	at org.apache.hadoop.ipc.ProtobufRpcEngine2$Server$ProtoBufRpcInvoker.call(ProtobufRpcEngine2.java:556) [hadoop-common-3.3.4.jar:?]
	at org.apache.hadoop.ipc.RPC$Server.call(RPC.java:1093) [hadoop-common-3.3.4.jar:?]
	at org.apache.hadoop.ipc.Server$RpcCall.run(Server.java:1043) [hadoop-common-3.3.4.jar:?]
	at org.apache.hadoop.ipc.Server$RpcCall.run(Server.java:971) [hadoop-common-3.3.4.jar:?]
	at java.security.AccessController.doPrivileged(Native Method) ~[?:1.8.0_362]
	at javax.security.auth.Subject.doAs(Subject.java:422) [?:1.8.0_362]
	at org.apache.hadoop.security.UserGroupInformation.doAs(UserGroupInformation.java:1878) [hadoop-common-3.3.4.jar:?]
	at org.apache.hadoop.ipc.Server$Handler.run(Server.java:2976) [hadoop-common-3.3.4.jar:?]
]]></system-out>
  </testcase>
  <testcase name="testRenameFileToDir" classname="TestOzoneFileSystem" time="0.045">
    <system-out><![CDATA[2023-03-16 20:06:27,841 [IPC Server handler 17 on default port 40321] INFO  key.OMKeyRequest (OMKeyRequest.java:wrapUncommittedBlocksAsPseudoKey(838)) - Detect allocated but uncommitted blocks [{blockID={containerID=3, localID=111677748019200071}, length=4194304, offset=0, token=null, pipeline=null, createVersion=0, partNumber=0}] in key root/file1.
20:06:27.845 [IPC Server handler 6 on default port 40321] ERROR OMAudit - user=runner | ip=127.0.0.1 | op=LIST_STATUS {volume=volume45206, bucket=bucket25127, key=a/b/c/file1, dataSize=0, replicationConfig=null} | ret=FAILURE
org.apache.hadoop.ozone.om.exceptions.OMException: Unable to get file status: volume: volume45206 bucket: bucket25127 key: a/b/c/file1
	at org.apache.hadoop.ozone.om.KeyManagerImpl.getOzoneFileStatus(KeyManagerImpl.java:1196) ~[ozone-manager-1.4.0-SNAPSHOT.jar:?]
	at org.apache.hadoop.ozone.om.KeyManagerImpl.getFileStatus(KeyManagerImpl.java:1114) ~[ozone-manager-1.4.0-SNAPSHOT.jar:?]
	at org.apache.hadoop.ozone.om.KeyManagerImpl.listStatus(KeyManagerImpl.java:1504) ~[ozone-manager-1.4.0-SNAPSHOT.jar:?]
	at org.apache.hadoop.ozone.om.OmMetadataReader.listStatus(OmMetadataReader.java:261) ~[ozone-manager-1.4.0-SNAPSHOT.jar:?]
	at org.apache.hadoop.ozone.om.OzoneManager.listStatus(OzoneManager.java:3513) ~[ozone-manager-1.4.0-SNAPSHOT.jar:?]
	at org.apache.hadoop.ozone.protocolPB.OzoneManagerRequestHandler.listStatus(OzoneManagerRequestHandler.java:1097) ~[ozone-manager-1.4.0-SNAPSHOT.jar:?]
	at org.apache.hadoop.ozone.protocolPB.OzoneManagerRequestHandler.handleReadRequest(OzoneManagerRequestHandler.java:249) ~[ozone-manager-1.4.0-SNAPSHOT.jar:?]
	at org.apache.hadoop.ozone.protocolPB.OzoneManagerProtocolServerSideTranslatorPB.submitRequestDirectlyToOM(OzoneManagerProtocolServerSideTranslatorPB.java:272) ~[ozone-manager-1.4.0-SNAPSHOT.jar:?]
	at org.apache.hadoop.ozone.protocolPB.OzoneManagerProtocolServerSideTranslatorPB.processRequest(OzoneManagerProtocolServerSideTranslatorPB.java:173) ~[ozone-manager-1.4.0-SNAPSHOT.jar:?]
	at org.apache.hadoop.hdds.server.OzoneProtocolMessageDispatcher.processRequest(OzoneProtocolMessageDispatcher.java:87) [hdds-server-framework-1.4.0-SNAPSHOT.jar:?]
	at org.apache.hadoop.ozone.protocolPB.OzoneManagerProtocolServerSideTranslatorPB.submitRequest(OzoneManagerProtocolServerSideTranslatorPB.java:147) [ozone-manager-1.4.0-SNAPSHOT.jar:?]
	at org.apache.hadoop.ozone.protocol.proto.OzoneManagerProtocolProtos$OzoneManagerService$2.callBlockingMethod(OzoneManagerProtocolProtos.java) [ozone-interface-client-1.4.0-SNAPSHOT.jar:?]
	at org.apache.hadoop.ipc.ProtobufRpcEngine$Server.processCall(ProtobufRpcEngine.java:465) [hadoop-common-3.3.4.jar:?]
	at org.apache.hadoop.ipc.ProtobufRpcEngine2$Server$ProtoBufRpcInvoker.call(ProtobufRpcEngine2.java:578) [hadoop-common-3.3.4.jar:?]
	at org.apache.hadoop.ipc.ProtobufRpcEngine2$Server$ProtoBufRpcInvoker.call(ProtobufRpcEngine2.java:556) [hadoop-common-3.3.4.jar:?]
	at org.apache.hadoop.ipc.RPC$Server.call(RPC.java:1093) [hadoop-common-3.3.4.jar:?]
	at org.apache.hadoop.ipc.Server$RpcCall.run(Server.java:1043) [hadoop-common-3.3.4.jar:?]
	at org.apache.hadoop.ipc.Server$RpcCall.run(Server.java:971) [hadoop-common-3.3.4.jar:?]
	at java.security.AccessController.doPrivileged(Native Method) ~[?:1.8.0_362]
	at javax.security.auth.Subject.doAs(Subject.java:422) [?:1.8.0_362]
	at org.apache.hadoop.security.UserGroupInformation.doAs(UserGroupInformation.java:1878) [hadoop-common-3.3.4.jar:?]
	at org.apache.hadoop.ipc.Server$Handler.run(Server.java:2976) [hadoop-common-3.3.4.jar:?]
]]></system-out>
  </testcase>
  <testcase name="testRenameFileToDir" classname="TestOzoneFileSystem" time="0.047">
    <system-out><![CDATA[2023-03-16 20:07:46,874 [OM StateMachine ApplyTransaction Thread - 0] INFO  key.OMKeyRequest (OMKeyRequest.java:wrapUncommittedBlocksAsPseudoKey(838)) - Detect allocated but uncommitted blocks [{blockID={containerID=1, localID=111677748019200071}, length=4194304, offset=0, token=null, pipeline=null, createVersion=0, partNumber=0}] in key root/file1.
20:07:46.886 [IPC Server handler 18 on default port 37437] ERROR OMAudit - user=runner | ip=127.0.0.1 | op=LIST_STATUS {volume=volume46233, bucket=bucket02547, key=a/b/c/file1, dataSize=0, replicationConfig=null} | ret=FAILURE
org.apache.hadoop.ozone.om.exceptions.OMException: Unable to get file status: volume: volume46233 bucket: bucket02547 key: a/b/c/file1
	at org.apache.hadoop.ozone.om.KeyManagerImpl.getOzoneFileStatus(KeyManagerImpl.java:1196) ~[ozone-manager-1.4.0-SNAPSHOT.jar:?]
	at org.apache.hadoop.ozone.om.KeyManagerImpl.getFileStatus(KeyManagerImpl.java:1114) ~[ozone-manager-1.4.0-SNAPSHOT.jar:?]
	at org.apache.hadoop.ozone.om.KeyManagerImpl.listStatus(KeyManagerImpl.java:1504) ~[ozone-manager-1.4.0-SNAPSHOT.jar:?]
	at org.apache.hadoop.ozone.om.OmMetadataReader.listStatus(OmMetadataReader.java:261) ~[ozone-manager-1.4.0-SNAPSHOT.jar:?]
	at org.apache.hadoop.ozone.om.OzoneManager.listStatus(OzoneManager.java:3513) ~[ozone-manager-1.4.0-SNAPSHOT.jar:?]
	at org.apache.hadoop.ozone.protocolPB.OzoneManagerRequestHandler.listStatus(OzoneManagerRequestHandler.java:1097) ~[ozone-manager-1.4.0-SNAPSHOT.jar:?]
	at org.apache.hadoop.ozone.protocolPB.OzoneManagerRequestHandler.handleReadRequest(OzoneManagerRequestHandler.java:249) ~[ozone-manager-1.4.0-SNAPSHOT.jar:?]
	at org.apache.hadoop.ozone.protocolPB.OzoneManagerProtocolServerSideTranslatorPB.submitReadRequestToOM(OzoneManagerProtocolServerSideTranslatorPB.java:223) ~[ozone-manager-1.4.0-SNAPSHOT.jar:?]
	at org.apache.hadoop.ozone.protocolPB.OzoneManagerProtocolServerSideTranslatorPB.processRequest(OzoneManagerProtocolServerSideTranslatorPB.java:177) ~[ozone-manager-1.4.0-SNAPSHOT.jar:?]
	at org.apache.hadoop.hdds.server.OzoneProtocolMessageDispatcher.processRequest(OzoneProtocolMessageDispatcher.java:87) [hdds-server-framework-1.4.0-SNAPSHOT.jar:?]
	at org.apache.hadoop.ozone.protocolPB.OzoneManagerProtocolServerSideTranslatorPB.submitRequest(OzoneManagerProtocolServerSideTranslatorPB.java:147) [ozone-manager-1.4.0-SNAPSHOT.jar:?]
	at org.apache.hadoop.ozone.protocol.proto.OzoneManagerProtocolProtos$OzoneManagerService$2.callBlockingMethod(OzoneManagerProtocolProtos.java) [ozone-interface-client-1.4.0-SNAPSHOT.jar:?]
	at org.apache.hadoop.ipc.ProtobufRpcEngine$Server.processCall(ProtobufRpcEngine.java:465) [hadoop-common-3.3.4.jar:?]
	at org.apache.hadoop.ipc.ProtobufRpcEngine2$Server$ProtoBufRpcInvoker.call(ProtobufRpcEngine2.java:578) [hadoop-common-3.3.4.jar:?]
	at org.apache.hadoop.ipc.ProtobufRpcEngine2$Server$ProtoBufRpcInvoker.call(ProtobufRpcEngine2.java:556) [hadoop-common-3.3.4.jar:?]
	at org.apache.hadoop.ipc.RPC$Server.call(RPC.java:1093) [hadoop-common-3.3.4.jar:?]
	at org.apache.hadoop.ipc.Server$RpcCall.run(Server.java:1043) [hadoop-common-3.3.4.jar:?]
	at org.apache.hadoop.ipc.Server$RpcCall.run(Server.java:971) [hadoop-common-3.3.4.jar:?]
	at java.security.AccessController.doPrivileged(Native Method) ~[?:1.8.0_362]
	at javax.security.auth.Subject.doAs(Subject.java:422) [?:1.8.0_362]
	at org.apache.hadoop.security.UserGroupInformation.doAs(UserGroupInformation.java:1878) [hadoop-common-3.3.4.jar:?]
	at org.apache.hadoop.ipc.Server$Handler.run(Server.java:2976) [hadoop-common-3.3.4.jar:?]
]]></system-out>
  </testcase>
  <testcase name="testRenameFileToDir" classname="TestOzoneFileSystem" time="0.041">
    <system-out><![CDATA[2023-03-16 20:08:47,160 [IPC Server handler 11 on default port 41725] INFO  key.OMKeyRequest (OMKeyRequest.java:wrapUncommittedBlocksAsPseudoKey(838)) - Detect allocated but uncommitted blocks [{blockID={containerID=3, localID=111677748019200071}, length=4194304, offset=0, token=null, pipeline=null, createVersion=0, partNumber=0}] in key root/file1.
20:08:47.163 [IPC Server handler 18 on default port 41725] ERROR OMAudit - user=runner | ip=127.0.0.1 | op=LIST_STATUS {volume=volume10450, bucket=bucket92716, key=a/b/c/file1, dataSize=0, replicationConfig=null} | ret=FAILURE
org.apache.hadoop.ozone.om.exceptions.OMException: Unable to get file status: volume: volume10450 bucket: bucket92716 key: a/b/c/file1
	at org.apache.hadoop.ozone.om.KeyManagerImpl.getOzoneFileStatus(KeyManagerImpl.java:1196) ~[ozone-manager-1.4.0-SNAPSHOT.jar:?]
	at org.apache.hadoop.ozone.om.KeyManagerImpl.getFileStatus(KeyManagerImpl.java:1114) ~[ozone-manager-1.4.0-SNAPSHOT.jar:?]
	at org.apache.hadoop.ozone.om.KeyManagerImpl.listStatus(KeyManagerImpl.java:1504) ~[ozone-manager-1.4.0-SNAPSHOT.jar:?]
	at org.apache.hadoop.ozone.om.OmMetadataReader.listStatus(OmMetadataReader.java:261) ~[ozone-manager-1.4.0-SNAPSHOT.jar:?]
	at org.apache.hadoop.ozone.om.OzoneManager.listStatus(OzoneManager.java:3513) ~[ozone-manager-1.4.0-SNAPSHOT.jar:?]
	at org.apache.hadoop.ozone.protocolPB.OzoneManagerRequestHandler.listStatus(OzoneManagerRequestHandler.java:1097) ~[ozone-manager-1.4.0-SNAPSHOT.jar:?]
	at org.apache.hadoop.ozone.protocolPB.OzoneManagerRequestHandler.handleReadRequest(OzoneManagerRequestHandler.java:249) ~[ozone-manager-1.4.0-SNAPSHOT.jar:?]
	at org.apache.hadoop.ozone.protocolPB.OzoneManagerProtocolServerSideTranslatorPB.submitRequestDirectlyToOM(OzoneManagerProtocolServerSideTranslatorPB.java:272) ~[ozone-manager-1.4.0-SNAPSHOT.jar:?]
	at org.apache.hadoop.ozone.protocolPB.OzoneManagerProtocolServerSideTranslatorPB.processRequest(OzoneManagerProtocolServerSideTranslatorPB.java:173) ~[ozone-manager-1.4.0-SNAPSHOT.jar:?]
	at org.apache.hadoop.hdds.server.OzoneProtocolMessageDispatcher.processRequest(OzoneProtocolMessageDispatcher.java:87) [hdds-server-framework-1.4.0-SNAPSHOT.jar:?]
	at org.apache.hadoop.ozone.protocolPB.OzoneManagerProtocolServerSideTranslatorPB.submitRequest(OzoneManagerProtocolServerSideTranslatorPB.java:147) [ozone-manager-1.4.0-SNAPSHOT.jar:?]
	at org.apache.hadoop.ozone.protocol.proto.OzoneManagerProtocolProtos$OzoneManagerService$2.callBlockingMethod(OzoneManagerProtocolProtos.java) [ozone-interface-client-1.4.0-SNAPSHOT.jar:?]
	at org.apache.hadoop.ipc.ProtobufRpcEngine$Server.processCall(ProtobufRpcEngine.java:465) [hadoop-common-3.3.4.jar:?]
	at org.apache.hadoop.ipc.ProtobufRpcEngine2$Server$ProtoBufRpcInvoker.call(ProtobufRpcEngine2.java:578) [hadoop-common-3.3.4.jar:?]
	at org.apache.hadoop.ipc.ProtobufRpcEngine2$Server$ProtoBufRpcInvoker.call(ProtobufRpcEngine2.java:556) [hadoop-common-3.3.4.jar:?]
	at org.apache.hadoop.ipc.RPC$Server.call(RPC.java:1093) [hadoop-common-3.3.4.jar:?]
	at org.apache.hadoop.ipc.Server$RpcCall.run(Server.java:1043) [hadoop-common-3.3.4.jar:?]
	at org.apache.hadoop.ipc.Server$RpcCall.run(Server.java:971) [hadoop-common-3.3.4.jar:?]
	at java.security.AccessController.doPrivileged(Native Method) ~[?:1.8.0_362]
	at javax.security.auth.Subject.doAs(Subject.java:422) [?:1.8.0_362]
	at org.apache.hadoop.security.UserGroupInformation.doAs(UserGroupInformation.java:1878) [hadoop-common-3.3.4.jar:?]
	at org.apache.hadoop.ipc.Server$Handler.run(Server.java:2976) [hadoop-common-3.3.4.jar:?]
]]></system-out>
  </testcase>
  <testcase name="testListStatusWithIntermediateDirWithECEnabled" classname="TestOzoneFileSystem" time="0.059">
    <system-out><![CDATA[2023-03-16 20:05:21,352 [IPC Server handler 5 on default port 42293] INFO  pipeline.PipelineStateManagerImpl (PipelineStateManagerImpl.java:addPipeline(103)) - Created pipeline Pipeline[ Id: 9d933009-2a33-4600-abf2-01171a7b13fe, Nodes: c5189d4b-3145-494e-80fe-2ee109b29a1b(fv-az371-917/10.1.0.41)f9f49075-6b76-4a07-b0c3-cad8e972cd7f(fv-az371-917/10.1.0.41)2de148b0-f597-457b-b70e-3e9a456efa0b(fv-az371-917/10.1.0.41)c86eb04d-3968-498e-b9b0-20c907963056(fv-az371-917/10.1.0.41)c8f26da1-2406-40b8-bbe6-f78547910a7f(fv-az371-917/10.1.0.41), ReplicationConfig: EC{rs-3-2-1048576}, State:ALLOCATED, leaderId:, CreationTimestamp2023-03-16T20:05:21.351Z[Etc/UTC]].
2023-03-16 20:05:21,353 [IPC Server handler 5 on default port 42293] INFO  pipeline.PipelineManagerImpl (PipelineManagerImpl.java:openPipeline(367)) - Pipeline Pipeline[ Id: 9d933009-2a33-4600-abf2-01171a7b13fe, Nodes: c5189d4b-3145-494e-80fe-2ee109b29a1b(fv-az371-917/10.1.0.41)f9f49075-6b76-4a07-b0c3-cad8e972cd7f(fv-az371-917/10.1.0.41)2de148b0-f597-457b-b70e-3e9a456efa0b(fv-az371-917/10.1.0.41)c86eb04d-3968-498e-b9b0-20c907963056(fv-az371-917/10.1.0.41)c8f26da1-2406-40b8-bbe6-f78547910a7f(fv-az371-917/10.1.0.41), ReplicationConfig: EC{rs-3-2-1048576}, State:ALLOCATED, leaderId:, CreationTimestamp2023-03-16T20:05:21.351Z[Etc/UTC]] moved to OPEN state
2023-03-16 20:05:21,363 [OM StateMachine ApplyTransaction Thread - 0] INFO  key.OMKeyRequest (OMKeyRequest.java:wrapUncommittedBlocksAsPseudoKey(838)) - Detect allocated but uncommitted blocks [{blockID={containerID=11, localID=111677748019200072}, length=4194304, offset=0, token=null, pipeline=null, createVersion=0, partNumber=0}] in key object-dir/object-name1.
]]></system-out>
  </testcase>
  <testcase name="testListStatusWithIntermediateDirWithECEnabled" classname="TestOzoneFileSystem" time="0.043">
    <system-out><![CDATA[2023-03-16 20:06:27,887 [IPC Server handler 12 on default port 46383] INFO  pipeline.PipelineStateManagerImpl (PipelineStateManagerImpl.java:addPipeline(103)) - Created pipeline Pipeline[ Id: d1cd2822-fa64-4ca0-b93a-9aa146224cc2, Nodes: 9af49bef-8086-45bf-a9fe-0593dfe94cbe(fv-az371-917/10.1.0.41)77c004ef-6c20-479a-84fb-1570edc7ba10(fv-az371-917/10.1.0.41)8a432d69-9095-4d8b-a714-320becebd573(fv-az371-917/10.1.0.41)c4e89383-110e-4923-8697-fad4fff4e184(fv-az371-917/10.1.0.41)b8c04efc-d1c9-41eb-be33-8d90dc945da6(fv-az371-917/10.1.0.41), ReplicationConfig: EC{rs-3-2-1048576}, State:ALLOCATED, leaderId:, CreationTimestamp2023-03-16T20:06:27.887Z[Etc/UTC]].
2023-03-16 20:06:27,888 [IPC Server handler 12 on default port 46383] INFO  pipeline.PipelineManagerImpl (PipelineManagerImpl.java:openPipeline(367)) - Pipeline Pipeline[ Id: d1cd2822-fa64-4ca0-b93a-9aa146224cc2, Nodes: 9af49bef-8086-45bf-a9fe-0593dfe94cbe(fv-az371-917/10.1.0.41)77c004ef-6c20-479a-84fb-1570edc7ba10(fv-az371-917/10.1.0.41)8a432d69-9095-4d8b-a714-320becebd573(fv-az371-917/10.1.0.41)c4e89383-110e-4923-8697-fad4fff4e184(fv-az371-917/10.1.0.41)b8c04efc-d1c9-41eb-be33-8d90dc945da6(fv-az371-917/10.1.0.41), ReplicationConfig: EC{rs-3-2-1048576}, State:ALLOCATED, leaderId:, CreationTimestamp2023-03-16T20:06:27.887Z[Etc/UTC]] moved to OPEN state
2023-03-16 20:06:27,895 [IPC Server handler 10 on default port 40321] INFO  key.OMKeyRequest (OMKeyRequest.java:wrapUncommittedBlocksAsPseudoKey(838)) - Detect allocated but uncommitted blocks [{blockID={containerID=11, localID=111677748019200072}, length=4194304, offset=0, token=null, pipeline=null, createVersion=0, partNumber=0}] in key object-dir/object-name1.
]]></system-out>
  </testcase>
  <testcase name="testListStatusWithIntermediateDirWithECEnabled" classname="TestOzoneFileSystem" time="0.03">
    <system-out><![CDATA[2023-03-16 20:07:46,919 [IPC Server handler 6 on default port 45515] INFO  pipeline.PipelineStateManagerImpl (PipelineStateManagerImpl.java:addPipeline(103)) - Created pipeline Pipeline[ Id: ff5fb13e-50fb-4974-8d5e-1401bd278794, Nodes: 67a302da-c3a9-4d3b-a81a-6dae531b3b12(fv-az371-917/10.1.0.41)af19ea06-4a72-4e8e-a05a-645e0b93ca6c(fv-az371-917/10.1.0.41)ebbc2a03-53b4-4736-a1f5-3eecd05c2e3b(fv-az371-917/10.1.0.41)682b4d9c-96c0-4a75-8400-2841f36046f6(fv-az371-917/10.1.0.41)7632a000-3617-4d19-89f4-e221b08e3da6(fv-az371-917/10.1.0.41), ReplicationConfig: EC{rs-3-2-1048576}, State:ALLOCATED, leaderId:, CreationTimestamp2023-03-16T20:07:46.919Z[Etc/UTC]].
2023-03-16 20:07:46,920 [IPC Server handler 6 on default port 45515] INFO  pipeline.PipelineManagerImpl (PipelineManagerImpl.java:openPipeline(367)) - Pipeline Pipeline[ Id: ff5fb13e-50fb-4974-8d5e-1401bd278794, Nodes: 67a302da-c3a9-4d3b-a81a-6dae531b3b12(fv-az371-917/10.1.0.41)af19ea06-4a72-4e8e-a05a-645e0b93ca6c(fv-az371-917/10.1.0.41)ebbc2a03-53b4-4736-a1f5-3eecd05c2e3b(fv-az371-917/10.1.0.41)682b4d9c-96c0-4a75-8400-2841f36046f6(fv-az371-917/10.1.0.41)7632a000-3617-4d19-89f4-e221b08e3da6(fv-az371-917/10.1.0.41), ReplicationConfig: EC{rs-3-2-1048576}, State:ALLOCATED, leaderId:, CreationTimestamp2023-03-16T20:07:46.919Z[Etc/UTC]] moved to OPEN state
2023-03-16 20:07:46,924 [OM StateMachine ApplyTransaction Thread - 0] INFO  key.OMKeyRequest (OMKeyRequest.java:wrapUncommittedBlocksAsPseudoKey(838)) - Detect allocated but uncommitted blocks [{blockID={containerID=11, localID=111677748019200072}, length=4194304, offset=0, token=null, pipeline=null, createVersion=0, partNumber=0}] in key object-dir/object-name1.
]]></system-out>
  </testcase>
  <testcase name="testListStatusWithIntermediateDirWithECEnabled" classname="TestOzoneFileSystem" time="0.033">
    <system-out><![CDATA[2023-03-16 20:08:47,197 [IPC Server handler 15 on default port 40921] INFO  pipeline.PipelineStateManagerImpl (PipelineStateManagerImpl.java:addPipeline(103)) - Created pipeline Pipeline[ Id: c44432b1-0cd5-4c68-bcf1-4576e8726706, Nodes: a92d4c5c-0e58-445a-9596-01977366270e(fv-az371-917/10.1.0.41)317f44fb-1afb-4ae0-a6b8-d51e7e741648(fv-az371-917/10.1.0.41)b217dba7-a907-4568-b361-a689a501c82e(fv-az371-917/10.1.0.41)5bf8ace6-d9a7-430b-8471-debd47753f31(fv-az371-917/10.1.0.41)f6cec9cd-4412-4a1e-af36-3453d03b0f80(fv-az371-917/10.1.0.41), ReplicationConfig: EC{rs-3-2-1048576}, State:ALLOCATED, leaderId:, CreationTimestamp2023-03-16T20:08:47.197Z[Etc/UTC]].
2023-03-16 20:08:47,198 [IPC Server handler 15 on default port 40921] INFO  pipeline.PipelineManagerImpl (PipelineManagerImpl.java:openPipeline(367)) - Pipeline Pipeline[ Id: c44432b1-0cd5-4c68-bcf1-4576e8726706, Nodes: a92d4c5c-0e58-445a-9596-01977366270e(fv-az371-917/10.1.0.41)317f44fb-1afb-4ae0-a6b8-d51e7e741648(fv-az371-917/10.1.0.41)b217dba7-a907-4568-b361-a689a501c82e(fv-az371-917/10.1.0.41)5bf8ace6-d9a7-430b-8471-debd47753f31(fv-az371-917/10.1.0.41)f6cec9cd-4412-4a1e-af36-3453d03b0f80(fv-az371-917/10.1.0.41), ReplicationConfig: EC{rs-3-2-1048576}, State:ALLOCATED, leaderId:, CreationTimestamp2023-03-16T20:08:47.197Z[Etc/UTC]] moved to OPEN state
2023-03-16 20:08:47,201 [IPC Server handler 9 on default port 41725] INFO  key.OMKeyRequest (OMKeyRequest.java:wrapUncommittedBlocksAsPseudoKey(838)) - Detect allocated but uncommitted blocks [{blockID={containerID=10, localID=111677748019200072}, length=4194304, offset=0, token=null, pipeline=null, createVersion=0, partNumber=0}] in key object-dir/object-name1.
]]></system-out>
  </testcase>
  <testcase name="testMakeDirsWithAnExistingDirectoryPath" classname="TestOzoneFileSystem" time="0.034">
    <system-out><![CDATA[2023-03-16 20:05:21,412 [OM StateMachine ApplyTransaction Thread - 0] INFO  key.OMKeyRequest (OMKeyRequest.java:wrapUncommittedBlocksAsPseudoKey(838)) - Detect allocated but uncommitted blocks [{blockID={containerID=2, localID=111677748019200073}, length=4194304, offset=0, token=null, pipeline=null, createVersion=0, partNumber=0}] in key d1/d2/d3/d4/key1.
]]></system-out>
  </testcase>
  <testcase name="testMakeDirsWithAnExistingDirectoryPath" classname="TestOzoneFileSystem" time="0.025">
    <system-out><![CDATA[2023-03-16 20:06:27,933 [IPC Server handler 3 on default port 40321] INFO  key.OMKeyRequest (OMKeyRequest.java:wrapUncommittedBlocksAsPseudoKey(838)) - Detect allocated but uncommitted blocks [{blockID={containerID=2, localID=111677748019200073}, length=4194304, offset=0, token=null, pipeline=null, createVersion=0, partNumber=0}] in key d1/d2/d3/d4/key1.
]]></system-out>
  </testcase>
  <testcase name="testMakeDirsWithAnExistingDirectoryPath" classname="TestOzoneFileSystem" time="0.021">
    <system-out><![CDATA[2023-03-16 20:07:46,951 [OM StateMachine ApplyTransaction Thread - 0] INFO  key.OMKeyRequest (OMKeyRequest.java:wrapUncommittedBlocksAsPseudoKey(838)) - Detect allocated but uncommitted blocks [{blockID={containerID=2, localID=111677748019200073}, length=4194304, offset=0, token=null, pipeline=null, createVersion=0, partNumber=0}] in key d1/d2/d3/d4/key1.
]]></system-out>
  </testcase>
  <testcase name="testMakeDirsWithAnExistingDirectoryPath" classname="TestOzoneFileSystem" time="0.029">
    <system-out><![CDATA[2023-03-16 20:08:47,236 [IPC Server handler 8 on default port 41725] INFO  key.OMKeyRequest (OMKeyRequest.java:wrapUncommittedBlocksAsPseudoKey(838)) - Detect allocated but uncommitted blocks [{blockID={containerID=4, localID=111677748019200073}, length=4194304, offset=0, token=null, pipeline=null, createVersion=0, partNumber=0}] in key d1/d2/d3/d4/key1.
]]></system-out>
  </testcase>
</testsuite>