<?xml version="1.0" encoding="UTF-8"?>
<testsuite xmlns:xsi="http://www.w3.org/2001/XMLSchema-instance" xsi:noNamespaceSchemaLocation="https://maven.apache.org/surefire/maven-surefire-plugin/xsd/surefire-test-report-3.0.xsd" version="3.0" name="org.apache.hadoop.ozone.freon.TestOMSnapshotDAG" time="75.222" tests="2" errors="0" skipped="0" failures="1">
  <properties>
    <property name="awt.toolkit" value="sun.awt.X11.XToolkit"/>
    <property name="file.encoding.pkg" value="sun.io"/>
    <property name="java.specification.version" value="1.8"/>
    <property name="sun.cpu.isalist" value=""/>
    <property name="sun.jnu.encoding" value="UTF-8"/>
    <property name="java.class.path" value="/home/runner/work/ozone/ozone/hadoop-ozone/integration-test/target/test-classes:/home/runner/work/ozone/ozone/hadoop-ozone/integration-test/target/classes:/home/runner/.m2/repository/org/apache/ozone/ozone-common/1.4.0-SNAPSHOT/ozone-common-1.4.0-SNAPSHOT.jar:/home/runner/.m2/repository/io/grpc/grpc-netty/1.51.1/grpc-netty-1.51.1.jar:/home/runner/.m2/repository/io/grpc/grpc-core/1.51.1/grpc-core-1.51.1.jar:/home/runner/.m2/repository/com/google/android/annotations/4.1.1.4/annotations-4.1.1.4.jar:/home/runner/.m2/repository/org/codehaus/mojo/animal-sniffer-annotations/1.21/animal-sniffer-annotations-1.21.jar:/home/runner/.m2/repository/com/google/errorprone/error_prone_annotations/2.2.0/error_prone_annotations-2.2.0.jar:/home/runner/.m2/repository/io/perfmark/perfmark-api/0.25.0/perfmark-api-0.25.0.jar:/home/runner/.m2/repository/io/netty/netty-codec-http2/4.1.86.Final/netty-codec-http2-4.1.86.Final.jar:/home/runner/.m2/repository/io/netty/netty-common/4.1.86.Final/netty-common-4.1.86.Final.jar:/home/runner/.m2/repository/io/netty/netty-buffer/4.1.86.Final/netty-buffer-4.1.86.Final.jar:/home/runner/.m2/repository/io/netty/netty-codec-http/4.1.86.Final/netty-codec-http-4.1.86.Final.jar:/home/runner/.m2/repository/io/netty/netty-handler-proxy/4.1.86.Final/netty-handler-proxy-4.1.86.Final.jar:/home/runner/.m2/repository/io/netty/netty-codec-socks/4.1.86.Final/netty-codec-socks-4.1.86.Final.jar:/home/runner/.m2/repository/io/netty/netty-tcnative-boringssl-static/2.0.54.Final/netty-tcnative-boringssl-static-2.0.54.Final.jar:/home/runner/.m2/repository/io/netty/netty-tcnative-classes/2.0.54.Final/netty-tcnative-classes-2.0.54.Final.jar:/home/runner/.m2/repository/io/netty/netty-tcnative-boringssl-static/2.0.54.Final/netty-tcnative-boringssl-static-2.0.54.Final-linux-x86_64.jar:/home/runner/.m2/repository/io/netty/netty-tcnative-boringssl-static/2.0.54.Final/netty-tcnative-boringssl-static-2.0.54.Final-linux-aarch_64.jar:/home/runner/.m2/repository/io/netty/netty-tcnative-boringssl-static/2.0.54.Final/netty-tcnative-boringssl-static-2.0.54.Final-osx-x86_64.jar:/home/runner/.m2/repository/io/netty/netty-tcnative-boringssl-static/2.0.54.Final/netty-tcnative-boringssl-static-2.0.54.Final-osx-aarch_64.jar:/home/runner/.m2/repository/io/netty/netty-tcnative-boringssl-static/2.0.54.Final/netty-tcnative-boringssl-static-2.0.54.Final-windows-x86_64.jar:/home/runner/.m2/repository/org/apache/commons/commons-compress/1.21/commons-compress-1.21.jar:/home/runner/.m2/repository/org/apache/ozone/hdds-common/1.4.0-SNAPSHOT/hdds-common-1.4.0-SNAPSHOT.jar:/home/runner/.m2/repository/org/apache/ozone/hdds-client/1.4.0-SNAPSHOT/hdds-client-1.4.0-SNAPSHOT.jar:/home/runner/.m2/repository/org/apache/ozone/ozone-interface-client/1.4.0-SNAPSHOT/ozone-interface-client-1.4.0-SNAPSHOT.jar:/home/runner/.m2/repository/org/apache/hadoop/hadoop-hdfs-client/3.3.6/hadoop-hdfs-client-3.3.6.jar:/home/runner/.m2/repository/com/squareup/okhttp3/okhttp/4.9.3/okhttp-4.9.3.jar:/home/runner/.m2/repository/com/squareup/okio/okio/3.4.0/okio-3.4.0.jar:/home/runner/.m2/repository/com/squareup/okio/okio-jvm/3.4.0/okio-jvm-3.4.0.jar:/home/runner/.m2/repository/org/jetbrains/kotlin/kotlin-stdlib-jdk8/1.8.0/kotlin-stdlib-jdk8-1.8.0.jar:/home/runner/.m2/repository/org/jetbrains/kotlin/kotlin-stdlib-jdk7/1.8.0/kotlin-stdlib-jdk7-1.8.0.jar:/home/runner/.m2/repository/org/jetbrains/kotlin/kotlin-stdlib-common/1.6.21/kotlin-stdlib-common-1.6.21.jar:/home/runner/.m2/repository/org/apache/ozone/hdds-test-utils/1.4.0-SNAPSHOT/hdds-test-utils-1.4.0-SNAPSHOT.jar:/home/runner/.m2/repository/com/google/guava/guava/32.0.0-jre/guava-32.0.0-jre.jar:/home/runner/.m2/repository/com/google/guava/failureaccess/1.0.1/failureaccess-1.0.1.jar:/home/runner/.m2/repository/com/google/guava/listenablefuture/9999.0-empty-to-avoid-conflict-with-guava/listenablefuture-9999.0-empty-to-avoid-conflict-with-guava.jar:/home/runner/.m2/repository/com/google/code/findbugs/jsr305/3.0.0/jsr305-3.0.0.jar:/home/runner/.m2/repository/org/checkerframework/checker-qual/3.33.0/checker-qual-3.33.0.jar:/home/runner/.m2/repository/com/google/j2objc/j2objc-annotations/2.8/j2objc-annotations-2.8.jar:/home/runner/.m2/repository/commons-io/commons-io/2.11.0/commons-io-2.11.0.jar:/home/runner/.m2/repository/commons-logging/commons-logging/1.2/commons-logging-1.2.jar:/home/runner/.m2/repository/ch/qos/reload4j/reload4j/1.2.22/reload4j-1.2.22.jar:/home/runner/.m2/repository/org/slf4j/slf4j-api/1.7.36/slf4j-api-1.7.36.jar:/home/runner/.m2/repository/org/apache/logging/log4j/log4j-api/2.17.1/log4j-api-2.17.1.jar:/home/runner/.m2/repository/org/apache/ozone/hdds-server-scm/1.4.0-SNAPSHOT/hdds-server-scm-1.4.0-SNAPSHOT.jar:/home/runner/.m2/repository/org/apache/ozone/hdds-container-service/1.4.0-SNAPSHOT/hdds-container-service-1.4.0-SNAPSHOT.jar:/home/runner/.m2/repository/org/apache/ozone/hdds-hadoop-dependency-server/1.4.0-SNAPSHOT/hdds-hadoop-dependency-server-1.4.0-SNAPSHOT.jar:/home/runner/.m2/repository/org/apache/hadoop/hadoop-hdfs/3.3.6/hadoop-hdfs-3.3.6.jar:/home/runner/.m2/repository/commons-daemon/commons-daemon/1.0.13/commons-daemon-1.0.13.jar:/home/runner/.m2/repository/org/apache/ozone/hdds-server-framework/1.4.0-SNAPSHOT/hdds-server-framework-1.4.0-SNAPSHOT.jar:/home/runner/.m2/repository/io/dropwizard/metrics/metrics-core/3.2.4/metrics-core-3.2.4.jar:/home/runner/.m2/repository/org/apache/commons/commons-text/1.10.0/commons-text-1.10.0.jar:/home/runner/.m2/repository/org/bouncycastle/bcprov-jdk15on/1.67/bcprov-jdk15on-1.67.jar:/home/runner/.m2/repository/com/google/protobuf/protobuf-java/2.5.0/protobuf-java-2.5.0.jar:/home/runner/.m2/repository/org/apache/ozone/hdds-server-framework/1.4.0-SNAPSHOT/hdds-server-framework-1.4.0-SNAPSHOT-tests.jar:/home/runner/.m2/repository/org/apache/ozone/hdds-interface-server/1.4.0-SNAPSHOT/hdds-interface-server-1.4.0-SNAPSHOT.jar:/home/runner/.m2/repository/org/apache/ozone/hdds-interface-admin/1.4.0-SNAPSHOT/hdds-interface-admin-1.4.0-SNAPSHOT.jar:/home/runner/.m2/repository/org/apache/ozone/hdds-managed-rocksdb/1.4.0-SNAPSHOT/hdds-managed-rocksdb-1.4.0-SNAPSHOT.jar:/home/runner/.m2/repository/org/rocksdb/rocksdbjni/7.7.3/rocksdbjni-7.7.3.jar:/home/runner/.m2/repository/org/slf4j/slf4j-reload4j/1.7.36/slf4j-reload4j-1.7.36.jar:/home/runner/.m2/repository/org/apache/commons/commons-configuration2/2.1.1/commons-configuration2-2.1.1.jar:/home/runner/.m2/repository/commons-fileupload/commons-fileupload/1.5/commons-fileupload-1.5.jar:/home/runner/.m2/repository/org/apache/logging/log4j/log4j-core/2.17.1/log4j-core-2.17.1.jar:/home/runner/.m2/repository/com/lmax/disruptor/3.4.2/disruptor-3.4.2.jar:/home/runner/.m2/repository/org/eclipse/jetty/jetty-util/9.4.51.v20230217/jetty-util-9.4.51.v20230217.jar:/home/runner/.m2/repository/org/eclipse/jetty/jetty-server/9.4.51.v20230217/jetty-server-9.4.51.v20230217.jar:/home/runner/.m2/repository/org/eclipse/jetty/jetty-http/9.4.51.v20230217/jetty-http-9.4.51.v20230217.jar:/home/runner/.m2/repository/org/eclipse/jetty/jetty-io/9.4.51.v20230217/jetty-io-9.4.51.v20230217.jar:/home/runner/.m2/repository/org/eclipse/jetty/jetty-servlet/9.4.51.v20230217/jetty-servlet-9.4.51.v20230217.jar:/home/runner/.m2/repository/org/eclipse/jetty/jetty-security/9.4.51.v20230217/jetty-security-9.4.51.v20230217.jar:/home/runner/.m2/repository/org/eclipse/jetty/jetty-util-ajax/9.4.51.v20230217/jetty-util-ajax-9.4.51.v20230217.jar:/home/runner/.m2/repository/org/eclipse/jetty/jetty-webapp/9.4.51.v20230217/jetty-webapp-9.4.51.v20230217.jar:/home/runner/.m2/repository/org/eclipse/jetty/jetty-xml/9.4.51.v20230217/jetty-xml-9.4.51.v20230217.jar:/home/runner/.m2/repository/org/apache/ratis/ratis-server/2.5.1/ratis-server-2.5.1.jar:/home/runner/.m2/repository/org/apache/ratis/ratis-thirdparty-misc/1.0.4/ratis-thirdparty-misc-1.0.4.jar:/home/runner/.m2/repository/org/apache/ratis/ratis-proto/2.5.1/ratis-proto-2.5.1.jar:/home/runner/.m2/repository/org/apache/ratis/ratis-common/2.5.1/ratis-common-2.5.1.jar:/home/runner/.m2/repository/org/apache/ratis/ratis-client/2.5.1/ratis-client-2.5.1.jar:/home/runner/.m2/repository/org/apache/ratis/ratis-server-api/2.5.1/ratis-server-api-2.5.1.jar:/home/runner/.m2/repository/org/apache/ratis/ratis-metrics/2.5.1/ratis-metrics-2.5.1.jar:/home/runner/.m2/repository/io/prometheus/simpleclient_dropwizard/0.7.0/simpleclient_dropwizard-0.7.0.jar:/home/runner/.m2/repository/io/prometheus/simpleclient/0.7.0/simpleclient-0.7.0.jar:/home/runner/.m2/repository/io/prometheus/simpleclient_common/0.7.0/simpleclient_common-0.7.0.jar:/home/runner/.m2/repository/com/fasterxml/jackson/datatype/jackson-datatype-jsr310/2.13.4/jackson-datatype-jsr310-2.13.4.jar:/home/runner/.m2/repository/com/fasterxml/jackson/core/jackson-core/2.13.4/jackson-core-2.13.4.jar:/home/runner/.m2/repository/com/github/spotbugs/spotbugs-annotations/3.1.12/spotbugs-annotations-3.1.12.jar:/home/runner/.m2/repository/org/apache/ozone/rocksdb-checkpoint-differ/1.4.0-SNAPSHOT/rocksdb-checkpoint-differ-1.4.0-SNAPSHOT.jar:/home/runner/.m2/repository/org/jgrapht/jgrapht-core/1.0.1/jgrapht-core-1.0.1.jar:/home/runner/.m2/repository/org/jgrapht/jgrapht-ext/1.0.1/jgrapht-ext-1.0.1.jar:/home/runner/.m2/repository/org/tinyjee/jgraphx/jgraphx/2.0.0.1/jgraphx-2.0.0.1.jar:/home/runner/.m2/repository/jgraph/jgraph/5.13.0.0/jgraph-5.13.0.0.jar:/home/runner/.m2/repository/org/antlr/antlr4-runtime/4.5.3/antlr4-runtime-4.5.3.jar:/home/runner/.m2/repository/org/awaitility/awaitility/4.2.0/awaitility-4.2.0.jar:/home/runner/.m2/repository/org/hamcrest/hamcrest/2.1/hamcrest-2.1.jar:/home/runner/.m2/repository/org/apache/ozone/ozone-manager/1.4.0-SNAPSHOT/ozone-manager-1.4.0-SNAPSHOT.jar:/home/runner/.m2/repository/org/aspectj/aspectjrt/1.9.7/aspectjrt-1.9.7.jar:/home/runner/.m2/repository/org/aspectj/aspectjweaver/1.9.7/aspectjweaver-1.9.7.jar:/home/runner/.m2/repository/org/apache/ozone/hdds-interface-client/1.4.0-SNAPSHOT/hdds-interface-client-1.4.0-SNAPSHOT.jar:/home/runner/.m2/repository/org/apache/hadoop/thirdparty/hadoop-shaded-protobuf_3_7/1.1.1/hadoop-shaded-protobuf_3_7-1.1.1.jar:/home/runner/.m2/repository/org/apache/ozone/ozone-interface-storage/1.4.0-SNAPSHOT/ozone-interface-storage-1.4.0-SNAPSHOT.jar:/home/runner/.m2/repository/org/reflections/reflections/0.9.11/reflections-0.9.11.jar:/home/runner/.m2/repository/com/sun/jersey/jersey-client/1.19/jersey-client-1.19.jar:/home/runner/.m2/repository/org/codehaus/jackson/jackson-core-asl/1.9.13/jackson-core-asl-1.9.13.jar:/home/runner/.m2/repository/org/codehaus/jackson/jackson-mapper-asl/1.9.13/jackson-mapper-asl-1.9.13.jar:/home/runner/.m2/repository/org/codehaus/jackson/jackson-jaxrs/1.9.13/jackson-jaxrs-1.9.13.jar:/home/runner/.m2/repository/org/apache/ranger/ranger-intg/2.3.0/ranger-intg-2.3.0.jar:/home/runner/.m2/repository/org/apache/ranger/ranger-plugins-common/2.3.0/ranger-plugins-common-2.3.0.jar:/home/runner/.m2/repository/commons-lang/commons-lang/2.6/commons-lang-2.6.jar:/home/runner/.m2/repository/org/apache/ranger/ranger-plugins-cred/2.3.0/ranger-plugins-cred-2.3.0.jar:/home/runner/.m2/repository/org/apache/ranger/ranger-plugins-audit/2.3.0/ranger-plugins-audit-2.3.0.jar:/home/runner/.m2/repository/org/eclipse/jetty/jetty-client/9.4.51.v20230217/jetty-client-9.4.51.v20230217.jar:/home/runner/.m2/repository/org/apache/httpcomponents/httpmime/4.5.6/httpmime-4.5.6.jar:/home/runner/.m2/repository/org/apache/httpcomponents/httpcore-nio/4.4.13/httpcore-nio-4.4.13.jar:/home/runner/.m2/repository/org/apache/httpcomponents/httpasyncclient/4.1.3/httpasyncclient-4.1.3.jar:/home/runner/.m2/repository/com/carrotsearch/hppc/0.8.0/hppc-0.8.0.jar:/home/runner/.m2/repository/org/apache/orc/orc-core/1.5.8/orc-core-1.5.8.jar:/home/runner/.m2/repository/net/java/dev/jna/jna/5.2.0/jna-5.2.0.jar:/home/runner/.m2/repository/net/java/dev/jna/jna-platform/5.2.0/jna-platform-5.2.0.jar:/home/runner/.m2/repository/com/kstruct/gethostname4j/0.0.2/gethostname4j-0.0.2.jar:/home/runner/.m2/repository/org/apache/ranger/ranger-plugin-classloader/2.3.0/ranger-plugin-classloader-2.3.0.jar:/home/runner/.m2/repository/org/apache/ozone/hdds-rocks-native/1.4.0-SNAPSHOT/hdds-rocks-native-1.4.0-SNAPSHOT.jar:/home/runner/.m2/repository/org/apache/hadoop/hadoop-minikdc/3.3.6/hadoop-minikdc-3.3.6.jar:/home/runner/.m2/repository/org/apache/kerby/kerb-simplekdc/1.0.1/kerb-simplekdc-1.0.1.jar:/home/runner/.m2/repository/org/apache/kerby/kerb-client/1.0.1/kerb-client-1.0.1.jar:/home/runner/.m2/repository/org/apache/kerby/kerby-config/1.0.1/kerby-config-1.0.1.jar:/home/runner/.m2/repository/org/apache/kerby/kerb-common/1.0.1/kerb-common-1.0.1.jar:/home/runner/.m2/repository/org/apache/kerby/kerb-crypto/1.0.1/kerb-crypto-1.0.1.jar:/home/runner/.m2/repository/org/apache/kerby/kerb-util/1.0.1/kerb-util-1.0.1.jar:/home/runner/.m2/repository/org/apache/kerby/token-provider/1.0.1/token-provider-1.0.1.jar:/home/runner/.m2/repository/org/apache/kerby/kerb-admin/1.0.1/kerb-admin-1.0.1.jar:/home/runner/.m2/repository/org/apache/kerby/kerb-server/1.0.1/kerb-server-1.0.1.jar:/home/runner/.m2/repository/org/apache/kerby/kerb-identity/1.0.1/kerb-identity-1.0.1.jar:/home/runner/.m2/repository/org/apache/kerby/kerby-xdr/1.0.1/kerby-xdr-1.0.1.jar:/home/runner/.m2/repository/org/apache/ozone/ozone-s3gateway/1.4.0-SNAPSHOT/ozone-s3gateway-1.4.0-SNAPSHOT.jar:/home/runner/.m2/repository/org/javassist/javassist/3.21.0-GA/javassist-3.21.0-GA.jar:/home/runner/.m2/repository/org/jboss/weld/servlet/weld-servlet-shaded/3.1.9.Final/weld-servlet-shaded-3.1.9.Final.jar:/home/runner/.m2/repository/org/glassfish/jersey/containers/jersey-container-servlet-core/2.34/jersey-container-servlet-core-2.34.jar:/home/runner/.m2/repository/org/glassfish/hk2/external/jakarta.inject/2.6.1/jakarta.inject-2.6.1.jar:/home/runner/.m2/repository/org/glassfish/jersey/core/jersey-common/2.34/jersey-common-2.34.jar:/home/runner/.m2/repository/jakarta/ws/rs/jakarta.ws.rs-api/2.1.6/jakarta.ws.rs-api-2.1.6.jar:/home/runner/.m2/repository/org/glassfish/jersey/ext/cdi/jersey-cdi1x/2.34/jersey-cdi1x-2.34.jar:/home/runner/.m2/repository/org/glassfish/jersey/inject/jersey-hk2/2.34/jersey-hk2-2.34.jar:/home/runner/.m2/repository/org/glassfish/hk2/hk2-locator/2.6.1/hk2-locator-2.6.1.jar:/home/runner/.m2/repository/org/glassfish/jersey/media/jersey-media-jaxb/2.34/jersey-media-jaxb-2.34.jar:/home/runner/.m2/repository/org/glassfish/hk2/osgi-resource-locator/1.0.3/osgi-resource-locator-1.0.3.jar:/home/runner/.m2/repository/org/glassfish/hk2/hk2-api/2.5.0/hk2-api-2.5.0.jar:/home/runner/.m2/repository/org/glassfish/hk2/hk2-utils/2.5.0/hk2-utils-2.5.0.jar:/home/runner/.m2/repository/org/glassfish/hk2/external/aopalliance-repackaged/2.5.0/aopalliance-repackaged-2.5.0.jar:/home/runner/.m2/repository/com/fasterxml/jackson/dataformat/jackson-dataformat-xml/2.13.4/jackson-dataformat-xml-2.13.4.jar:/home/runner/.m2/repository/org/codehaus/woodstox/stax2-api/4.2.1/stax2-api-4.2.1.jar:/home/runner/.m2/repository/com/fasterxml/woodstox/woodstox-core/5.4.0/woodstox-core-5.4.0.jar:/home/runner/.m2/repository/com/fasterxml/jackson/module/jackson-module-jaxb-annotations/2.13.4/jackson-module-jaxb-annotations-2.13.4.jar:/home/runner/.m2/repository/jakarta/xml/bind/jakarta.xml.bind-api/2.3.3/jakarta.xml.bind-api-2.3.3.jar:/home/runner/.m2/repository/jakarta/activation/jakarta.activation-api/1.2.2/jakarta.activation-api-1.2.2.jar:/home/runner/.m2/repository/javax/enterprise/cdi-api/2.0/cdi-api-2.0.jar:/home/runner/.m2/repository/javax/el/javax.el-api/3.0.0/javax.el-api-3.0.0.jar:/home/runner/.m2/repository/javax/interceptor/javax.interceptor-api/1.2/javax.interceptor-api-1.2.jar:/home/runner/.m2/repository/javax/inject/javax.inject/1/javax.inject-1.jar:/home/runner/.m2/repository/javax/xml/bind/jaxb-api/2.3.0/jaxb-api-2.3.0.jar:/home/runner/.m2/repository/org/glassfish/jaxb/jaxb-runtime/2.3.0.1/jaxb-runtime-2.3.0.1.jar:/home/runner/.m2/repository/org/glassfish/jaxb/jaxb-core/2.3.0.1/jaxb-core-2.3.0.1.jar:/home/runner/.m2/repository/org/glassfish/jaxb/txw2/2.3.0.1/txw2-2.3.0.1.jar:/home/runner/.m2/repository/com/sun/istack/istack-commons-runtime/3.0.5/istack-commons-runtime-3.0.5.jar:/home/runner/.m2/repository/org/jvnet/staxex/stax-ex/1.7.8/stax-ex-1.7.8.jar:/home/runner/.m2/repository/com/sun/xml/fastinfoset/FastInfoset/1.2.13/FastInfoset-1.2.13.jar:/home/runner/.m2/repository/javax/activation/activation/1.1.1/activation-1.1.1.jar:/home/runner/.m2/repository/io/grpc/grpc-protobuf/1.51.1/grpc-protobuf-1.51.1.jar:/home/runner/.m2/repository/com/google/api/grpc/proto-google-common-protos/2.9.0/proto-google-common-protos-2.9.0.jar:/home/runner/.m2/repository/io/grpc/grpc-protobuf-lite/1.51.1/grpc-protobuf-lite-1.51.1.jar:/home/runner/.m2/repository/io/grpc/grpc-stub/1.51.1/grpc-stub-1.51.1.jar:/home/runner/.m2/repository/io/netty/netty-transport/4.1.86.Final/netty-transport-4.1.86.Final.jar:/home/runner/.m2/repository/io/netty/netty-resolver/4.1.86.Final/netty-resolver-4.1.86.Final.jar:/home/runner/.m2/repository/org/apache/ozone/ozone-csi/1.4.0-SNAPSHOT/ozone-csi-1.4.0-SNAPSHOT.jar:/home/runner/.m2/repository/com/google/protobuf/protobuf-java-util/3.19.6/protobuf-java-util-3.19.6.jar:/home/runner/.m2/repository/com/google/code/gson/gson/2.9.0/gson-2.9.0.jar:/home/runner/.m2/repository/org/apache/ozone/hdds-config/1.4.0-SNAPSHOT/hdds-config-1.4.0-SNAPSHOT.jar:/home/runner/.m2/repository/io/netty/netty-transport-native-epoll/4.1.86.Final/netty-transport-native-epoll-4.1.86.Final-linux-x86_64.jar:/home/runner/.m2/repository/io/netty/netty-transport-classes-epoll/4.1.86.Final/netty-transport-classes-epoll-4.1.86.Final.jar:/home/runner/.m2/repository/io/netty/netty-transport-native-unix-common/4.1.86.Final/netty-transport-native-unix-common-4.1.86.Final.jar:/home/runner/.m2/repository/org/apache/ozone/ozone-recon/1.4.0-SNAPSHOT/ozone-recon-1.4.0-SNAPSHOT.jar:/home/runner/.m2/repository/org/apache/ozone/ozone-reconcodegen/1.4.0-SNAPSHOT/ozone-reconcodegen-1.4.0-SNAPSHOT.jar:/home/runner/.m2/repository/com/google/inject/guice/5.1.0/guice-5.1.0.jar:/home/runner/.m2/repository/aopalliance/aopalliance/1.0/aopalliance-1.0.jar:/home/runner/.m2/repository/com/google/inject/extensions/guice-assistedinject/5.1.0/guice-assistedinject-5.1.0.jar:/home/runner/.m2/repository/com/google/inject/extensions/guice-servlet/5.1.0/guice-servlet-5.1.0.jar:/home/runner/.m2/repository/org/glassfish/jersey/containers/jersey-container-servlet/2.34/jersey-container-servlet-2.34.jar:/home/runner/.m2/repository/org/glassfish/hk2/guice-bridge/2.5.0/guice-bridge-2.5.0.jar:/home/runner/.m2/repository/org/glassfish/jersey/core/jersey-server/2.34/jersey-server-2.34.jar:/home/runner/.m2/repository/org/glassfish/jersey/core/jersey-client/2.34/jersey-client-2.34.jar:/home/runner/.m2/repository/jakarta/annotation/jakarta.annotation-api/1.3.5/jakarta.annotation-api-1.3.5.jar:/home/runner/.m2/repository/jakarta/validation/jakarta.validation-api/2.0.2/jakarta.validation-api-2.0.2.jar:/home/runner/.m2/repository/org/glassfish/jersey/media/jersey-media-json-jackson/2.34/jersey-media-json-jackson-2.34.jar:/home/runner/.m2/repository/org/glassfish/jersey/ext/jersey-entity-filtering/2.34/jersey-entity-filtering-2.34.jar:/home/runner/.m2/repository/org/jooq/jooq/3.11.10/jooq-3.11.10.jar:/home/runner/.m2/repository/org/jooq/jooq-meta/3.11.10/jooq-meta-3.11.10.jar:/home/runner/.m2/repository/org/jooq/jooq-codegen/3.11.10/jooq-codegen-3.11.10.jar:/home/runner/.m2/repository/com/jolbox/bonecp/0.8.0.RELEASE/bonecp-0.8.0.RELEASE.jar:/home/runner/.m2/repository/org/apache/derby/derby/10.14.2.0/derby-10.14.2.0.jar:/home/runner/.m2/repository/org/xerial/sqlite-jdbc/3.41.2.2/sqlite-jdbc-3.41.2.2.jar:/home/runner/.m2/repository/org/springframework/spring-jdbc/5.3.27/spring-jdbc-5.3.27.jar:/home/runner/.m2/repository/org/springframework/spring-beans/5.3.27/spring-beans-5.3.27.jar:/home/runner/.m2/repository/org/springframework/spring-core/5.3.27/spring-core-5.3.27.jar:/home/runner/.m2/repository/org/springframework/spring-tx/5.3.27/spring-tx-5.3.27.jar:/home/runner/.m2/repository/org/apache/ozone/ozone-client/1.4.0-SNAPSHOT/ozone-client-1.4.0-SNAPSHOT.jar:/home/runner/.m2/repository/org/apache/ozone/hdds-erasurecode/1.4.0-SNAPSHOT/hdds-erasurecode-1.4.0-SNAPSHOT.jar:/home/runner/.m2/repository/org/apache/ozone/ozone-filesystem/1.4.0-SNAPSHOT/ozone-filesystem-1.4.0-SNAPSHOT.jar:/home/runner/.m2/repository/org/apache/ozone/ozone-filesystem-common/1.4.0-SNAPSHOT/ozone-filesystem-common-1.4.0-SNAPSHOT.jar:/home/runner/.m2/repository/org/apache/ozone/ozone-tools/1.4.0-SNAPSHOT/ozone-tools-1.4.0-SNAPSHOT.jar:/home/runner/.m2/repository/com/amazonaws/aws-java-sdk-core/1.12.261/aws-java-sdk-core-1.12.261.jar:/home/runner/.m2/repository/org/apache/httpcomponents/httpclient/4.5.13/httpclient-4.5.13.jar:/home/runner/.m2/repository/org/apache/httpcomponents/httpcore/4.4.13/httpcore-4.4.13.jar:/home/runner/.m2/repository/software/amazon/ion/ion-java/1.0.2/ion-java-1.0.2.jar:/home/runner/.m2/repository/com/fasterxml/jackson/dataformat/jackson-dataformat-cbor/2.13.4/jackson-dataformat-cbor-2.13.4.jar:/home/runner/.m2/repository/joda-time/joda-time/2.10.6/joda-time-2.10.6.jar:/home/runner/.m2/repository/com/amazonaws/aws-java-sdk-s3/1.12.261/aws-java-sdk-s3-1.12.261.jar:/home/runner/.m2/repository/com/amazonaws/aws-java-sdk-kms/1.12.261/aws-java-sdk-kms-1.12.261.jar:/home/runner/.m2/repository/com/amazonaws/jmespath-java/1.12.261/jmespath-java-1.12.261.jar:/home/runner/.m2/repository/org/kohsuke/metainf-services/metainf-services/1.8/metainf-services-1.8.jar:/home/runner/.m2/repository/org/apache/ozone/hdds-tools/1.4.0-SNAPSHOT/hdds-tools-1.4.0-SNAPSHOT.jar:/home/runner/.m2/repository/org/apache/ratis/ratis-tools/2.5.1/ratis-tools-2.5.1.jar:/home/runner/.m2/repository/commons-cli/commons-cli/1.2/commons-cli-1.2.jar:/home/runner/.m2/repository/org/apache/commons/commons-lang3/3.7/commons-lang3-3.7.jar:/home/runner/.m2/repository/org/apache/ozone/ozone-manager/1.4.0-SNAPSHOT/ozone-manager-1.4.0-SNAPSHOT-tests.jar:/home/runner/.m2/repository/org/apache/ozone/hdds-common/1.4.0-SNAPSHOT/hdds-common-1.4.0-SNAPSHOT-tests.jar:/home/runner/.m2/repository/org/apache/ozone/hdds-hadoop-dependency-client/1.4.0-SNAPSHOT/hdds-hadoop-dependency-client-1.4.0-SNAPSHOT.jar:/home/runner/.m2/repository/info/picocli/picocli/4.6.1/picocli-4.6.1.jar:/home/runner/.m2/repository/com/fasterxml/jackson/core/jackson-annotations/2.13.4/jackson-annotations-2.13.4.jar:/home/runner/.m2/repository/org/apache/ozone/hdds-annotation-processing/1.4.0-SNAPSHOT/hdds-annotation-processing-1.4.0-SNAPSHOT.jar:/home/runner/.m2/repository/javax/annotation/javax.annotation-api/1.2/javax.annotation-api-1.2.jar:/home/runner/.m2/repository/org/apache/ratis/ratis-netty/2.5.1/ratis-netty-2.5.1.jar:/home/runner/.m2/repository/org/apache/ratis/ratis-grpc/2.5.1/ratis-grpc-2.5.1.jar:/home/runner/.m2/repository/org/apache/commons/commons-pool2/2.6.0/commons-pool2-2.6.0.jar:/home/runner/.m2/repository/org/bouncycastle/bcpkix-jdk15on/1.67/bcpkix-jdk15on-1.67.jar:/home/runner/.m2/repository/commons-validator/commons-validator/1.6/commons-validator-1.6.jar:/home/runner/.m2/repository/commons-beanutils/commons-beanutils/1.9.4/commons-beanutils-1.9.4.jar:/home/runner/.m2/repository/commons-digester/commons-digester/1.8.1/commons-digester-1.8.1.jar:/home/runner/.m2/repository/commons-collections/commons-collections/3.2.2/commons-collections-3.2.2.jar:/home/runner/.m2/repository/io/jaegertracing/jaeger-client/1.6.0/jaeger-client-1.6.0.jar:/home/runner/.m2/repository/io/jaegertracing/jaeger-thrift/1.6.0/jaeger-thrift-1.6.0.jar:/home/runner/.m2/repository/org/apache/thrift/libthrift/0.14.1/libthrift-0.14.1.jar:/home/runner/.m2/repository/io/jaegertracing/jaeger-core/1.6.0/jaeger-core-1.6.0.jar:/home/runner/.m2/repository/io/jaegertracing/jaeger-tracerresolver/1.6.0/jaeger-tracerresolver-1.6.0.jar:/home/runner/.m2/repository/io/opentracing/contrib/opentracing-tracerresolver/0.1.8/opentracing-tracerresolver-0.1.8.jar:/home/runner/.m2/repository/org/jetbrains/kotlin/kotlin-stdlib/1.6.21/kotlin-stdlib-1.6.21.jar:/home/runner/.m2/repository/org/jetbrains/annotations/13.0/annotations-13.0.jar:/home/runner/.m2/repository/io/opentracing/opentracing-util/0.33.0/opentracing-util-0.33.0.jar:/home/runner/.m2/repository/io/opentracing/opentracing-api/0.33.0/opentracing-api-0.33.0.jar:/home/runner/.m2/repository/io/opentracing/opentracing-noop/0.33.0/opentracing-noop-0.33.0.jar:/home/runner/.m2/repository/org/yaml/snakeyaml/2.0/snakeyaml-2.0.jar:/home/runner/.m2/repository/io/grpc/grpc-api/1.51.1/grpc-api-1.51.1.jar:/home/runner/.m2/repository/io/grpc/grpc-context/1.51.1/grpc-context-1.51.1.jar:/home/runner/.m2/repository/junit/junit/4.13.1/junit-4.13.1.jar:/home/runner/.m2/repository/org/hamcrest/hamcrest-core/1.3/hamcrest-core-1.3.jar:/home/runner/.m2/repository/org/junit/jupiter/junit-jupiter-api/5.8.2/junit-jupiter-api-5.8.2.jar:/home/runner/.m2/repository/org/opentest4j/opentest4j/1.2.0/opentest4j-1.2.0.jar:/home/runner/.m2/repository/org/junit/platform/junit-platform-commons/1.8.2/junit-platform-commons-1.8.2.jar:/home/runner/.m2/repository/org/apiguardian/apiguardian-api/1.1.2/apiguardian-api-1.1.2.jar:/home/runner/.m2/repository/org/junit/jupiter/junit-jupiter-params/5.8.2/junit-jupiter-params-5.8.2.jar:/home/runner/.m2/repository/org/junit/jupiter/junit-jupiter-migrationsupport/5.8.2/junit-jupiter-migrationsupport-5.8.2.jar:/home/runner/.m2/repository/org/junit/jupiter/junit-jupiter-engine/5.8.2/junit-jupiter-engine-5.8.2.jar:/home/runner/.m2/repository/org/junit/platform/junit-platform-engine/1.8.2/junit-platform-engine-1.8.2.jar:/home/runner/.m2/repository/org/junit/vintage/junit-vintage-engine/5.8.2/junit-vintage-engine-5.8.2.jar:/home/runner/.m2/repository/org/junit/platform/junit-platform-launcher/1.8.2/junit-platform-launcher-1.8.2.jar:/home/runner/.m2/repository/org/mockito/mockito-core/3.5.9/mockito-core-3.5.9.jar:/home/runner/.m2/repository/net/bytebuddy/byte-buddy/1.10.13/byte-buddy-1.10.13.jar:/home/runner/.m2/repository/net/bytebuddy/byte-buddy-agent/1.10.13/byte-buddy-agent-1.10.13.jar:/home/runner/.m2/repository/org/objenesis/objenesis/1.0/objenesis-1.0.jar:/home/runner/.m2/repository/org/apache/hadoop/hadoop-kms/3.3.6/hadoop-kms-3.3.6.jar:/home/runner/.m2/repository/org/apache/hadoop/hadoop-auth/3.3.6/hadoop-auth-3.3.6.jar:/home/runner/.m2/repository/com/nimbusds/nimbus-jose-jwt/9.8.1/nimbus-jose-jwt-9.8.1.jar:/home/runner/.m2/repository/com/github/stephenc/jcip/jcip-annotations/1.0-1/jcip-annotations-1.0-1.jar:/home/runner/.m2/repository/org/apache/zookeeper/zookeeper/3.5.6/zookeeper-3.5.6.jar:/home/runner/.m2/repository/org/apache/zookeeper/zookeeper-jute/3.5.6/zookeeper-jute-3.5.6.jar:/home/runner/.m2/repository/org/apache/yetus/audience-annotations/0.5.0/audience-annotations-0.5.0.jar:/home/runner/.m2/repository/org/apache/curator/curator-framework/4.2.0/curator-framework-4.2.0.jar:/home/runner/.m2/repository/org/apache/hadoop/thirdparty/hadoop-shaded-guava/1.1.1/hadoop-shaded-guava-1.1.1.jar:/home/runner/.m2/repository/com/sun/jersey/jersey-core/1.19/jersey-core-1.19.jar:/home/runner/.m2/repository/javax/ws/rs/jsr311-api/1.1.1/jsr311-api-1.1.1.jar:/home/runner/.m2/repository/com/sun/jersey/jersey-server/1.19/jersey-server-1.19.jar:/home/runner/.m2/repository/javax/servlet/javax.servlet-api/3.1.0/javax.servlet-api-3.1.0.jar:/home/runner/.m2/repository/org/apache/hadoop/hadoop-common/3.3.6/hadoop-common-3.3.6.jar:/home/runner/.m2/repository/org/apache/commons/commons-math3/3.1.1/commons-math3-3.1.1.jar:/home/runner/.m2/repository/commons-net/commons-net/3.9.0/commons-net-3.9.0.jar:/home/runner/.m2/repository/com/sun/jersey/jersey-servlet/1.19/jersey-servlet-1.19.jar:/home/runner/.m2/repository/com/github/pjfanning/jersey-json/1.20/jersey-json-1.20.jar:/home/runner/.m2/repository/org/codehaus/jettison/jettison/1.1/jettison-1.1.jar:/home/runner/.m2/repository/com/sun/xml/bind/jaxb-impl/2.2.3-1/jaxb-impl-2.2.3-1.jar:/home/runner/.m2/repository/com/google/re2j/re2j/1.1/re2j-1.1.jar:/home/runner/.m2/repository/com/jcraft/jsch/0.1.54/jsch-0.1.54.jar:/home/runner/.m2/repository/org/apache/curator/curator-client/4.2.0/curator-client-4.2.0.jar:/home/runner/.m2/repository/org/apache/curator/curator-recipes/5.2.0/curator-recipes-5.2.0.jar:/home/runner/.m2/repository/org/apache/kerby/kerb-core/1.0.1/kerb-core-1.0.1.jar:/home/runner/.m2/repository/org/apache/kerby/kerby-pkix/1.0.1/kerby-pkix-1.0.1.jar:/home/runner/.m2/repository/org/apache/kerby/kerby-asn1/1.0.1/kerby-asn1-1.0.1.jar:/home/runner/.m2/repository/org/apache/kerby/kerby-util/1.0.1/kerby-util-1.0.1.jar:/home/runner/.m2/repository/dnsjava/dnsjava/2.1.7/dnsjava-2.1.7.jar:/home/runner/.m2/repository/org/xerial/snappy/snappy-java/1.1.8.2/snappy-java-1.1.8.2.jar:/home/runner/.m2/repository/com/fasterxml/jackson/core/jackson-databind/2.13.4.2/jackson-databind-2.13.4.2.jar:/home/runner/.m2/repository/org/apache/hadoop/hadoop-kms/3.3.6/hadoop-kms-3.3.6-tests.jar:/home/runner/.m2/repository/org/apache/ozone/hdds-server-scm/1.4.0-SNAPSHOT/hdds-server-scm-1.4.0-SNAPSHOT-tests.jar:/home/runner/.m2/repository/org/apache/ozone/hdds-container-service/1.4.0-SNAPSHOT/hdds-container-service-1.4.0-SNAPSHOT-tests.jar:/home/runner/.m2/repository/com/github/luben/zstd-jni/1.5.2-5/zstd-jni-1.5.2-5.jar:/home/runner/.m2/repository/commons-codec/commons-codec/1.15/commons-codec-1.15.jar:/home/runner/.m2/repository/io/netty/netty-codec/4.1.86.Final/netty-codec-4.1.86.Final.jar:/home/runner/.m2/repository/io/netty/netty-handler/4.1.86.Final/netty-handler-4.1.86.Final.jar:/home/runner/.m2/repository/org/apache/ozone/hdds-hadoop-dependency-test/1.4.0-SNAPSHOT/hdds-hadoop-dependency-test-1.4.0-SNAPSHOT.jar:/home/runner/.m2/repository/org/apache/hadoop/hadoop-common/3.3.6/hadoop-common-3.3.6-tests.jar:/home/runner/.m2/repository/org/apache/hadoop/hadoop-hdfs/3.3.6/hadoop-hdfs-3.3.6-tests.jar:/home/runner/.m2/repository/org/assertj/assertj-core/3.12.2/assertj-core-3.12.2.jar:/home/runner/.m2/repository/org/apache/hadoop/hadoop-distcp/3.3.6/hadoop-distcp-3.3.6.jar:/home/runner/.m2/repository/org/apache/hadoop/hadoop-mapreduce-client-jobclient/3.3.6/hadoop-mapreduce-client-jobclient-3.3.6.jar:/home/runner/.m2/repository/org/apache/hadoop/hadoop-mapreduce-client-common/3.3.6/hadoop-mapreduce-client-common-3.3.6.jar:/home/runner/.m2/repository/org/apache/hadoop/hadoop-yarn-common/3.3.6/hadoop-yarn-common-3.3.6.jar:/home/runner/.m2/repository/org/apache/hadoop/hadoop-yarn-api/3.3.6/hadoop-yarn-api-3.3.6.jar:/home/runner/.m2/repository/com/sun/jersey/contribs/jersey-guice/1.19/jersey-guice-1.19.jar:/home/runner/.m2/repository/com/fasterxml/jackson/jaxrs/jackson-jaxrs-json-provider/2.13.4/jackson-jaxrs-json-provider-2.13.4.jar:/home/runner/.m2/repository/com/fasterxml/jackson/jaxrs/jackson-jaxrs-base/2.13.4/jackson-jaxrs-base-2.13.4.jar:/home/runner/.m2/repository/org/apache/hadoop/hadoop-yarn-client/3.3.6/hadoop-yarn-client-3.3.6.jar:/home/runner/.m2/repository/org/eclipse/jetty/websocket/websocket-client/9.4.51.v20230217/websocket-client-9.4.51.v20230217.jar:/home/runner/.m2/repository/org/eclipse/jetty/websocket/websocket-common/9.4.51.v20230217/websocket-common-9.4.51.v20230217.jar:/home/runner/.m2/repository/org/eclipse/jetty/websocket/websocket-api/9.4.51.v20230217/websocket-api-9.4.51.v20230217.jar:/home/runner/.m2/repository/org/jline/jline/3.9.0/jline-3.9.0.jar:/home/runner/.m2/repository/org/apache/hadoop/hadoop-mapreduce-client-core/3.3.6/hadoop-mapreduce-client-core-3.3.6.jar:/home/runner/.m2/repository/org/apache/avro/avro/1.7.7/avro-1.7.7.jar:/home/runner/.m2/repository/com/thoughtworks/paranamer/paranamer/2.3/paranamer-2.3.jar:/home/runner/.m2/repository/org/apache/hadoop/hadoop-annotations/3.3.6/hadoop-annotations-3.3.6.jar:/usr/lib/jvm/temurin-8-jdk-amd64/jre/../lib/tools.jar:/home/runner/.m2/repository/io/netty/netty/3.10.6.Final/netty-3.10.6.Final.jar:/home/runner/.m2/repository/org/apache/hadoop/hadoop-distcp/3.3.6/hadoop-distcp-3.3.6-tests.jar:/home/runner/.m2/repository/org/slf4j/jul-to-slf4j/1.7.36/jul-to-slf4j-1.7.36.jar:"/>
    <property name="java.vm.vendor" value="Temurin"/>
    <property name="sun.arch.data.model" value="64"/>
    <property name="test.build.dir" value="/home/runner/work/ozone/ozone/hadoop-ozone/integration-test/target/test-dir"/>
    <property name="test.cache.data" value=""/>
    <property name="java.vendor.url" value="https://adoptium.net/"/>
    <property name="user.timezone" value="Etc/UTC"/>
    <property name="java.vm.specification.version" value="1.8"/>
    <property name="os.name" value="Linux"/>
    <property name="test.build.data" value="/home/runner/work/ozone/ozone/hadoop-ozone/integration-test/target/test-dir"/>
    <property name="sun.java.launcher" value="SUN_STANDARD"/>
    <property name="sun.boot.library.path" value="/usr/lib/jvm/temurin-8-jdk-amd64/jre/lib/amd64"/>
    <property name="sun.java.command" value="/home/runner/work/ozone/ozone/hadoop-ozone/integration-test/target/surefire/surefirebooter2458357654747856731.jar /home/runner/work/ozone/ozone/hadoop-ozone/integration-test/target/surefire 2023-07-16T18-26-59_227-jvmRun1 surefire2497341088761464005tmp surefire_188044478116903101353tmp"/>
    <property name="native.lib.tmp.dir" value="/tmp"/>
    <property name="surefire.test.class.path" value="/home/runner/work/ozone/ozone/hadoop-ozone/integration-test/target/test-classes:/home/runner/work/ozone/ozone/hadoop-ozone/integration-test/target/classes:/home/runner/.m2/repository/org/apache/ozone/ozone-common/1.4.0-SNAPSHOT/ozone-common-1.4.0-SNAPSHOT.jar:/home/runner/.m2/repository/io/grpc/grpc-netty/1.51.1/grpc-netty-1.51.1.jar:/home/runner/.m2/repository/io/grpc/grpc-core/1.51.1/grpc-core-1.51.1.jar:/home/runner/.m2/repository/com/google/android/annotations/4.1.1.4/annotations-4.1.1.4.jar:/home/runner/.m2/repository/org/codehaus/mojo/animal-sniffer-annotations/1.21/animal-sniffer-annotations-1.21.jar:/home/runner/.m2/repository/com/google/errorprone/error_prone_annotations/2.2.0/error_prone_annotations-2.2.0.jar:/home/runner/.m2/repository/io/perfmark/perfmark-api/0.25.0/perfmark-api-0.25.0.jar:/home/runner/.m2/repository/io/netty/netty-codec-http2/4.1.86.Final/netty-codec-http2-4.1.86.Final.jar:/home/runner/.m2/repository/io/netty/netty-common/4.1.86.Final/netty-common-4.1.86.Final.jar:/home/runner/.m2/repository/io/netty/netty-buffer/4.1.86.Final/netty-buffer-4.1.86.Final.jar:/home/runner/.m2/repository/io/netty/netty-codec-http/4.1.86.Final/netty-codec-http-4.1.86.Final.jar:/home/runner/.m2/repository/io/netty/netty-handler-proxy/4.1.86.Final/netty-handler-proxy-4.1.86.Final.jar:/home/runner/.m2/repository/io/netty/netty-codec-socks/4.1.86.Final/netty-codec-socks-4.1.86.Final.jar:/home/runner/.m2/repository/io/netty/netty-tcnative-boringssl-static/2.0.54.Final/netty-tcnative-boringssl-static-2.0.54.Final.jar:/home/runner/.m2/repository/io/netty/netty-tcnative-classes/2.0.54.Final/netty-tcnative-classes-2.0.54.Final.jar:/home/runner/.m2/repository/io/netty/netty-tcnative-boringssl-static/2.0.54.Final/netty-tcnative-boringssl-static-2.0.54.Final-linux-x86_64.jar:/home/runner/.m2/repository/io/netty/netty-tcnative-boringssl-static/2.0.54.Final/netty-tcnative-boringssl-static-2.0.54.Final-linux-aarch_64.jar:/home/runner/.m2/repository/io/netty/netty-tcnative-boringssl-static/2.0.54.Final/netty-tcnative-boringssl-static-2.0.54.Final-osx-x86_64.jar:/home/runner/.m2/repository/io/netty/netty-tcnative-boringssl-static/2.0.54.Final/netty-tcnative-boringssl-static-2.0.54.Final-osx-aarch_64.jar:/home/runner/.m2/repository/io/netty/netty-tcnative-boringssl-static/2.0.54.Final/netty-tcnative-boringssl-static-2.0.54.Final-windows-x86_64.jar:/home/runner/.m2/repository/org/apache/commons/commons-compress/1.21/commons-compress-1.21.jar:/home/runner/.m2/repository/org/apache/ozone/hdds-common/1.4.0-SNAPSHOT/hdds-common-1.4.0-SNAPSHOT.jar:/home/runner/.m2/repository/org/apache/ozone/hdds-client/1.4.0-SNAPSHOT/hdds-client-1.4.0-SNAPSHOT.jar:/home/runner/.m2/repository/org/apache/ozone/ozone-interface-client/1.4.0-SNAPSHOT/ozone-interface-client-1.4.0-SNAPSHOT.jar:/home/runner/.m2/repository/org/apache/hadoop/hadoop-hdfs-client/3.3.6/hadoop-hdfs-client-3.3.6.jar:/home/runner/.m2/repository/com/squareup/okhttp3/okhttp/4.9.3/okhttp-4.9.3.jar:/home/runner/.m2/repository/com/squareup/okio/okio/3.4.0/okio-3.4.0.jar:/home/runner/.m2/repository/com/squareup/okio/okio-jvm/3.4.0/okio-jvm-3.4.0.jar:/home/runner/.m2/repository/org/jetbrains/kotlin/kotlin-stdlib-jdk8/1.8.0/kotlin-stdlib-jdk8-1.8.0.jar:/home/runner/.m2/repository/org/jetbrains/kotlin/kotlin-stdlib-jdk7/1.8.0/kotlin-stdlib-jdk7-1.8.0.jar:/home/runner/.m2/repository/org/jetbrains/kotlin/kotlin-stdlib-common/1.6.21/kotlin-stdlib-common-1.6.21.jar:/home/runner/.m2/repository/org/apache/ozone/hdds-test-utils/1.4.0-SNAPSHOT/hdds-test-utils-1.4.0-SNAPSHOT.jar:/home/runner/.m2/repository/com/google/guava/guava/32.0.0-jre/guava-32.0.0-jre.jar:/home/runner/.m2/repository/com/google/guava/failureaccess/1.0.1/failureaccess-1.0.1.jar:/home/runner/.m2/repository/com/google/guava/listenablefuture/9999.0-empty-to-avoid-conflict-with-guava/listenablefuture-9999.0-empty-to-avoid-conflict-with-guava.jar:/home/runner/.m2/repository/com/google/code/findbugs/jsr305/3.0.0/jsr305-3.0.0.jar:/home/runner/.m2/repository/org/checkerframework/checker-qual/3.33.0/checker-qual-3.33.0.jar:/home/runner/.m2/repository/com/google/j2objc/j2objc-annotations/2.8/j2objc-annotations-2.8.jar:/home/runner/.m2/repository/commons-io/commons-io/2.11.0/commons-io-2.11.0.jar:/home/runner/.m2/repository/commons-logging/commons-logging/1.2/commons-logging-1.2.jar:/home/runner/.m2/repository/ch/qos/reload4j/reload4j/1.2.22/reload4j-1.2.22.jar:/home/runner/.m2/repository/org/slf4j/slf4j-api/1.7.36/slf4j-api-1.7.36.jar:/home/runner/.m2/repository/org/apache/logging/log4j/log4j-api/2.17.1/log4j-api-2.17.1.jar:/home/runner/.m2/repository/org/apache/ozone/hdds-server-scm/1.4.0-SNAPSHOT/hdds-server-scm-1.4.0-SNAPSHOT.jar:/home/runner/.m2/repository/org/apache/ozone/hdds-container-service/1.4.0-SNAPSHOT/hdds-container-service-1.4.0-SNAPSHOT.jar:/home/runner/.m2/repository/org/apache/ozone/hdds-hadoop-dependency-server/1.4.0-SNAPSHOT/hdds-hadoop-dependency-server-1.4.0-SNAPSHOT.jar:/home/runner/.m2/repository/org/apache/hadoop/hadoop-hdfs/3.3.6/hadoop-hdfs-3.3.6.jar:/home/runner/.m2/repository/commons-daemon/commons-daemon/1.0.13/commons-daemon-1.0.13.jar:/home/runner/.m2/repository/org/apache/ozone/hdds-server-framework/1.4.0-SNAPSHOT/hdds-server-framework-1.4.0-SNAPSHOT.jar:/home/runner/.m2/repository/io/dropwizard/metrics/metrics-core/3.2.4/metrics-core-3.2.4.jar:/home/runner/.m2/repository/org/apache/commons/commons-text/1.10.0/commons-text-1.10.0.jar:/home/runner/.m2/repository/org/bouncycastle/bcprov-jdk15on/1.67/bcprov-jdk15on-1.67.jar:/home/runner/.m2/repository/com/google/protobuf/protobuf-java/2.5.0/protobuf-java-2.5.0.jar:/home/runner/.m2/repository/org/apache/ozone/hdds-server-framework/1.4.0-SNAPSHOT/hdds-server-framework-1.4.0-SNAPSHOT-tests.jar:/home/runner/.m2/repository/org/apache/ozone/hdds-interface-server/1.4.0-SNAPSHOT/hdds-interface-server-1.4.0-SNAPSHOT.jar:/home/runner/.m2/repository/org/apache/ozone/hdds-interface-admin/1.4.0-SNAPSHOT/hdds-interface-admin-1.4.0-SNAPSHOT.jar:/home/runner/.m2/repository/org/apache/ozone/hdds-managed-rocksdb/1.4.0-SNAPSHOT/hdds-managed-rocksdb-1.4.0-SNAPSHOT.jar:/home/runner/.m2/repository/org/rocksdb/rocksdbjni/7.7.3/rocksdbjni-7.7.3.jar:/home/runner/.m2/repository/org/slf4j/slf4j-reload4j/1.7.36/slf4j-reload4j-1.7.36.jar:/home/runner/.m2/repository/org/apache/commons/commons-configuration2/2.1.1/commons-configuration2-2.1.1.jar:/home/runner/.m2/repository/commons-fileupload/commons-fileupload/1.5/commons-fileupload-1.5.jar:/home/runner/.m2/repository/org/apache/logging/log4j/log4j-core/2.17.1/log4j-core-2.17.1.jar:/home/runner/.m2/repository/com/lmax/disruptor/3.4.2/disruptor-3.4.2.jar:/home/runner/.m2/repository/org/eclipse/jetty/jetty-util/9.4.51.v20230217/jetty-util-9.4.51.v20230217.jar:/home/runner/.m2/repository/org/eclipse/jetty/jetty-server/9.4.51.v20230217/jetty-server-9.4.51.v20230217.jar:/home/runner/.m2/repository/org/eclipse/jetty/jetty-http/9.4.51.v20230217/jetty-http-9.4.51.v20230217.jar:/home/runner/.m2/repository/org/eclipse/jetty/jetty-io/9.4.51.v20230217/jetty-io-9.4.51.v20230217.jar:/home/runner/.m2/repository/org/eclipse/jetty/jetty-servlet/9.4.51.v20230217/jetty-servlet-9.4.51.v20230217.jar:/home/runner/.m2/repository/org/eclipse/jetty/jetty-security/9.4.51.v20230217/jetty-security-9.4.51.v20230217.jar:/home/runner/.m2/repository/org/eclipse/jetty/jetty-util-ajax/9.4.51.v20230217/jetty-util-ajax-9.4.51.v20230217.jar:/home/runner/.m2/repository/org/eclipse/jetty/jetty-webapp/9.4.51.v20230217/jetty-webapp-9.4.51.v20230217.jar:/home/runner/.m2/repository/org/eclipse/jetty/jetty-xml/9.4.51.v20230217/jetty-xml-9.4.51.v20230217.jar:/home/runner/.m2/repository/org/apache/ratis/ratis-server/2.5.1/ratis-server-2.5.1.jar:/home/runner/.m2/repository/org/apache/ratis/ratis-thirdparty-misc/1.0.4/ratis-thirdparty-misc-1.0.4.jar:/home/runner/.m2/repository/org/apache/ratis/ratis-proto/2.5.1/ratis-proto-2.5.1.jar:/home/runner/.m2/repository/org/apache/ratis/ratis-common/2.5.1/ratis-common-2.5.1.jar:/home/runner/.m2/repository/org/apache/ratis/ratis-client/2.5.1/ratis-client-2.5.1.jar:/home/runner/.m2/repository/org/apache/ratis/ratis-server-api/2.5.1/ratis-server-api-2.5.1.jar:/home/runner/.m2/repository/org/apache/ratis/ratis-metrics/2.5.1/ratis-metrics-2.5.1.jar:/home/runner/.m2/repository/io/prometheus/simpleclient_dropwizard/0.7.0/simpleclient_dropwizard-0.7.0.jar:/home/runner/.m2/repository/io/prometheus/simpleclient/0.7.0/simpleclient-0.7.0.jar:/home/runner/.m2/repository/io/prometheus/simpleclient_common/0.7.0/simpleclient_common-0.7.0.jar:/home/runner/.m2/repository/com/fasterxml/jackson/datatype/jackson-datatype-jsr310/2.13.4/jackson-datatype-jsr310-2.13.4.jar:/home/runner/.m2/repository/com/fasterxml/jackson/core/jackson-core/2.13.4/jackson-core-2.13.4.jar:/home/runner/.m2/repository/com/github/spotbugs/spotbugs-annotations/3.1.12/spotbugs-annotations-3.1.12.jar:/home/runner/.m2/repository/org/apache/ozone/rocksdb-checkpoint-differ/1.4.0-SNAPSHOT/rocksdb-checkpoint-differ-1.4.0-SNAPSHOT.jar:/home/runner/.m2/repository/org/jgrapht/jgrapht-core/1.0.1/jgrapht-core-1.0.1.jar:/home/runner/.m2/repository/org/jgrapht/jgrapht-ext/1.0.1/jgrapht-ext-1.0.1.jar:/home/runner/.m2/repository/org/tinyjee/jgraphx/jgraphx/2.0.0.1/jgraphx-2.0.0.1.jar:/home/runner/.m2/repository/jgraph/jgraph/5.13.0.0/jgraph-5.13.0.0.jar:/home/runner/.m2/repository/org/antlr/antlr4-runtime/4.5.3/antlr4-runtime-4.5.3.jar:/home/runner/.m2/repository/org/awaitility/awaitility/4.2.0/awaitility-4.2.0.jar:/home/runner/.m2/repository/org/hamcrest/hamcrest/2.1/hamcrest-2.1.jar:/home/runner/.m2/repository/org/apache/ozone/ozone-manager/1.4.0-SNAPSHOT/ozone-manager-1.4.0-SNAPSHOT.jar:/home/runner/.m2/repository/org/aspectj/aspectjrt/1.9.7/aspectjrt-1.9.7.jar:/home/runner/.m2/repository/org/aspectj/aspectjweaver/1.9.7/aspectjweaver-1.9.7.jar:/home/runner/.m2/repository/org/apache/ozone/hdds-interface-client/1.4.0-SNAPSHOT/hdds-interface-client-1.4.0-SNAPSHOT.jar:/home/runner/.m2/repository/org/apache/hadoop/thirdparty/hadoop-shaded-protobuf_3_7/1.1.1/hadoop-shaded-protobuf_3_7-1.1.1.jar:/home/runner/.m2/repository/org/apache/ozone/ozone-interface-storage/1.4.0-SNAPSHOT/ozone-interface-storage-1.4.0-SNAPSHOT.jar:/home/runner/.m2/repository/org/reflections/reflections/0.9.11/reflections-0.9.11.jar:/home/runner/.m2/repository/com/sun/jersey/jersey-client/1.19/jersey-client-1.19.jar:/home/runner/.m2/repository/org/codehaus/jackson/jackson-core-asl/1.9.13/jackson-core-asl-1.9.13.jar:/home/runner/.m2/repository/org/codehaus/jackson/jackson-mapper-asl/1.9.13/jackson-mapper-asl-1.9.13.jar:/home/runner/.m2/repository/org/codehaus/jackson/jackson-jaxrs/1.9.13/jackson-jaxrs-1.9.13.jar:/home/runner/.m2/repository/org/apache/ranger/ranger-intg/2.3.0/ranger-intg-2.3.0.jar:/home/runner/.m2/repository/org/apache/ranger/ranger-plugins-common/2.3.0/ranger-plugins-common-2.3.0.jar:/home/runner/.m2/repository/commons-lang/commons-lang/2.6/commons-lang-2.6.jar:/home/runner/.m2/repository/org/apache/ranger/ranger-plugins-cred/2.3.0/ranger-plugins-cred-2.3.0.jar:/home/runner/.m2/repository/org/apache/ranger/ranger-plugins-audit/2.3.0/ranger-plugins-audit-2.3.0.jar:/home/runner/.m2/repository/org/eclipse/jetty/jetty-client/9.4.51.v20230217/jetty-client-9.4.51.v20230217.jar:/home/runner/.m2/repository/org/apache/httpcomponents/httpmime/4.5.6/httpmime-4.5.6.jar:/home/runner/.m2/repository/org/apache/httpcomponents/httpcore-nio/4.4.13/httpcore-nio-4.4.13.jar:/home/runner/.m2/repository/org/apache/httpcomponents/httpasyncclient/4.1.3/httpasyncclient-4.1.3.jar:/home/runner/.m2/repository/com/carrotsearch/hppc/0.8.0/hppc-0.8.0.jar:/home/runner/.m2/repository/org/apache/orc/orc-core/1.5.8/orc-core-1.5.8.jar:/home/runner/.m2/repository/net/java/dev/jna/jna/5.2.0/jna-5.2.0.jar:/home/runner/.m2/repository/net/java/dev/jna/jna-platform/5.2.0/jna-platform-5.2.0.jar:/home/runner/.m2/repository/com/kstruct/gethostname4j/0.0.2/gethostname4j-0.0.2.jar:/home/runner/.m2/repository/org/apache/ranger/ranger-plugin-classloader/2.3.0/ranger-plugin-classloader-2.3.0.jar:/home/runner/.m2/repository/org/apache/ozone/hdds-rocks-native/1.4.0-SNAPSHOT/hdds-rocks-native-1.4.0-SNAPSHOT.jar:/home/runner/.m2/repository/org/apache/hadoop/hadoop-minikdc/3.3.6/hadoop-minikdc-3.3.6.jar:/home/runner/.m2/repository/org/apache/kerby/kerb-simplekdc/1.0.1/kerb-simplekdc-1.0.1.jar:/home/runner/.m2/repository/org/apache/kerby/kerb-client/1.0.1/kerb-client-1.0.1.jar:/home/runner/.m2/repository/org/apache/kerby/kerby-config/1.0.1/kerby-config-1.0.1.jar:/home/runner/.m2/repository/org/apache/kerby/kerb-common/1.0.1/kerb-common-1.0.1.jar:/home/runner/.m2/repository/org/apache/kerby/kerb-crypto/1.0.1/kerb-crypto-1.0.1.jar:/home/runner/.m2/repository/org/apache/kerby/kerb-util/1.0.1/kerb-util-1.0.1.jar:/home/runner/.m2/repository/org/apache/kerby/token-provider/1.0.1/token-provider-1.0.1.jar:/home/runner/.m2/repository/org/apache/kerby/kerb-admin/1.0.1/kerb-admin-1.0.1.jar:/home/runner/.m2/repository/org/apache/kerby/kerb-server/1.0.1/kerb-server-1.0.1.jar:/home/runner/.m2/repository/org/apache/kerby/kerb-identity/1.0.1/kerb-identity-1.0.1.jar:/home/runner/.m2/repository/org/apache/kerby/kerby-xdr/1.0.1/kerby-xdr-1.0.1.jar:/home/runner/.m2/repository/org/apache/ozone/ozone-s3gateway/1.4.0-SNAPSHOT/ozone-s3gateway-1.4.0-SNAPSHOT.jar:/home/runner/.m2/repository/org/javassist/javassist/3.21.0-GA/javassist-3.21.0-GA.jar:/home/runner/.m2/repository/org/jboss/weld/servlet/weld-servlet-shaded/3.1.9.Final/weld-servlet-shaded-3.1.9.Final.jar:/home/runner/.m2/repository/org/glassfish/jersey/containers/jersey-container-servlet-core/2.34/jersey-container-servlet-core-2.34.jar:/home/runner/.m2/repository/org/glassfish/hk2/external/jakarta.inject/2.6.1/jakarta.inject-2.6.1.jar:/home/runner/.m2/repository/org/glassfish/jersey/core/jersey-common/2.34/jersey-common-2.34.jar:/home/runner/.m2/repository/jakarta/ws/rs/jakarta.ws.rs-api/2.1.6/jakarta.ws.rs-api-2.1.6.jar:/home/runner/.m2/repository/org/glassfish/jersey/ext/cdi/jersey-cdi1x/2.34/jersey-cdi1x-2.34.jar:/home/runner/.m2/repository/org/glassfish/jersey/inject/jersey-hk2/2.34/jersey-hk2-2.34.jar:/home/runner/.m2/repository/org/glassfish/hk2/hk2-locator/2.6.1/hk2-locator-2.6.1.jar:/home/runner/.m2/repository/org/glassfish/jersey/media/jersey-media-jaxb/2.34/jersey-media-jaxb-2.34.jar:/home/runner/.m2/repository/org/glassfish/hk2/osgi-resource-locator/1.0.3/osgi-resource-locator-1.0.3.jar:/home/runner/.m2/repository/org/glassfish/hk2/hk2-api/2.5.0/hk2-api-2.5.0.jar:/home/runner/.m2/repository/org/glassfish/hk2/hk2-utils/2.5.0/hk2-utils-2.5.0.jar:/home/runner/.m2/repository/org/glassfish/hk2/external/aopalliance-repackaged/2.5.0/aopalliance-repackaged-2.5.0.jar:/home/runner/.m2/repository/com/fasterxml/jackson/dataformat/jackson-dataformat-xml/2.13.4/jackson-dataformat-xml-2.13.4.jar:/home/runner/.m2/repository/org/codehaus/woodstox/stax2-api/4.2.1/stax2-api-4.2.1.jar:/home/runner/.m2/repository/com/fasterxml/woodstox/woodstox-core/5.4.0/woodstox-core-5.4.0.jar:/home/runner/.m2/repository/com/fasterxml/jackson/module/jackson-module-jaxb-annotations/2.13.4/jackson-module-jaxb-annotations-2.13.4.jar:/home/runner/.m2/repository/jakarta/xml/bind/jakarta.xml.bind-api/2.3.3/jakarta.xml.bind-api-2.3.3.jar:/home/runner/.m2/repository/jakarta/activation/jakarta.activation-api/1.2.2/jakarta.activation-api-1.2.2.jar:/home/runner/.m2/repository/javax/enterprise/cdi-api/2.0/cdi-api-2.0.jar:/home/runner/.m2/repository/javax/el/javax.el-api/3.0.0/javax.el-api-3.0.0.jar:/home/runner/.m2/repository/javax/interceptor/javax.interceptor-api/1.2/javax.interceptor-api-1.2.jar:/home/runner/.m2/repository/javax/inject/javax.inject/1/javax.inject-1.jar:/home/runner/.m2/repository/javax/xml/bind/jaxb-api/2.3.0/jaxb-api-2.3.0.jar:/home/runner/.m2/repository/org/glassfish/jaxb/jaxb-runtime/2.3.0.1/jaxb-runtime-2.3.0.1.jar:/home/runner/.m2/repository/org/glassfish/jaxb/jaxb-core/2.3.0.1/jaxb-core-2.3.0.1.jar:/home/runner/.m2/repository/org/glassfish/jaxb/txw2/2.3.0.1/txw2-2.3.0.1.jar:/home/runner/.m2/repository/com/sun/istack/istack-commons-runtime/3.0.5/istack-commons-runtime-3.0.5.jar:/home/runner/.m2/repository/org/jvnet/staxex/stax-ex/1.7.8/stax-ex-1.7.8.jar:/home/runner/.m2/repository/com/sun/xml/fastinfoset/FastInfoset/1.2.13/FastInfoset-1.2.13.jar:/home/runner/.m2/repository/javax/activation/activation/1.1.1/activation-1.1.1.jar:/home/runner/.m2/repository/io/grpc/grpc-protobuf/1.51.1/grpc-protobuf-1.51.1.jar:/home/runner/.m2/repository/com/google/api/grpc/proto-google-common-protos/2.9.0/proto-google-common-protos-2.9.0.jar:/home/runner/.m2/repository/io/grpc/grpc-protobuf-lite/1.51.1/grpc-protobuf-lite-1.51.1.jar:/home/runner/.m2/repository/io/grpc/grpc-stub/1.51.1/grpc-stub-1.51.1.jar:/home/runner/.m2/repository/io/netty/netty-transport/4.1.86.Final/netty-transport-4.1.86.Final.jar:/home/runner/.m2/repository/io/netty/netty-resolver/4.1.86.Final/netty-resolver-4.1.86.Final.jar:/home/runner/.m2/repository/org/apache/ozone/ozone-csi/1.4.0-SNAPSHOT/ozone-csi-1.4.0-SNAPSHOT.jar:/home/runner/.m2/repository/com/google/protobuf/protobuf-java-util/3.19.6/protobuf-java-util-3.19.6.jar:/home/runner/.m2/repository/com/google/code/gson/gson/2.9.0/gson-2.9.0.jar:/home/runner/.m2/repository/org/apache/ozone/hdds-config/1.4.0-SNAPSHOT/hdds-config-1.4.0-SNAPSHOT.jar:/home/runner/.m2/repository/io/netty/netty-transport-native-epoll/4.1.86.Final/netty-transport-native-epoll-4.1.86.Final-linux-x86_64.jar:/home/runner/.m2/repository/io/netty/netty-transport-classes-epoll/4.1.86.Final/netty-transport-classes-epoll-4.1.86.Final.jar:/home/runner/.m2/repository/io/netty/netty-transport-native-unix-common/4.1.86.Final/netty-transport-native-unix-common-4.1.86.Final.jar:/home/runner/.m2/repository/org/apache/ozone/ozone-recon/1.4.0-SNAPSHOT/ozone-recon-1.4.0-SNAPSHOT.jar:/home/runner/.m2/repository/org/apache/ozone/ozone-reconcodegen/1.4.0-SNAPSHOT/ozone-reconcodegen-1.4.0-SNAPSHOT.jar:/home/runner/.m2/repository/com/google/inject/guice/5.1.0/guice-5.1.0.jar:/home/runner/.m2/repository/aopalliance/aopalliance/1.0/aopalliance-1.0.jar:/home/runner/.m2/repository/com/google/inject/extensions/guice-assistedinject/5.1.0/guice-assistedinject-5.1.0.jar:/home/runner/.m2/repository/com/google/inject/extensions/guice-servlet/5.1.0/guice-servlet-5.1.0.jar:/home/runner/.m2/repository/org/glassfish/jersey/containers/jersey-container-servlet/2.34/jersey-container-servlet-2.34.jar:/home/runner/.m2/repository/org/glassfish/hk2/guice-bridge/2.5.0/guice-bridge-2.5.0.jar:/home/runner/.m2/repository/org/glassfish/jersey/core/jersey-server/2.34/jersey-server-2.34.jar:/home/runner/.m2/repository/org/glassfish/jersey/core/jersey-client/2.34/jersey-client-2.34.jar:/home/runner/.m2/repository/jakarta/annotation/jakarta.annotation-api/1.3.5/jakarta.annotation-api-1.3.5.jar:/home/runner/.m2/repository/jakarta/validation/jakarta.validation-api/2.0.2/jakarta.validation-api-2.0.2.jar:/home/runner/.m2/repository/org/glassfish/jersey/media/jersey-media-json-jackson/2.34/jersey-media-json-jackson-2.34.jar:/home/runner/.m2/repository/org/glassfish/jersey/ext/jersey-entity-filtering/2.34/jersey-entity-filtering-2.34.jar:/home/runner/.m2/repository/org/jooq/jooq/3.11.10/jooq-3.11.10.jar:/home/runner/.m2/repository/org/jooq/jooq-meta/3.11.10/jooq-meta-3.11.10.jar:/home/runner/.m2/repository/org/jooq/jooq-codegen/3.11.10/jooq-codegen-3.11.10.jar:/home/runner/.m2/repository/com/jolbox/bonecp/0.8.0.RELEASE/bonecp-0.8.0.RELEASE.jar:/home/runner/.m2/repository/org/apache/derby/derby/10.14.2.0/derby-10.14.2.0.jar:/home/runner/.m2/repository/org/xerial/sqlite-jdbc/3.41.2.2/sqlite-jdbc-3.41.2.2.jar:/home/runner/.m2/repository/org/springframework/spring-jdbc/5.3.27/spring-jdbc-5.3.27.jar:/home/runner/.m2/repository/org/springframework/spring-beans/5.3.27/spring-beans-5.3.27.jar:/home/runner/.m2/repository/org/springframework/spring-core/5.3.27/spring-core-5.3.27.jar:/home/runner/.m2/repository/org/springframework/spring-tx/5.3.27/spring-tx-5.3.27.jar:/home/runner/.m2/repository/org/apache/ozone/ozone-client/1.4.0-SNAPSHOT/ozone-client-1.4.0-SNAPSHOT.jar:/home/runner/.m2/repository/org/apache/ozone/hdds-erasurecode/1.4.0-SNAPSHOT/hdds-erasurecode-1.4.0-SNAPSHOT.jar:/home/runner/.m2/repository/org/apache/ozone/ozone-filesystem/1.4.0-SNAPSHOT/ozone-filesystem-1.4.0-SNAPSHOT.jar:/home/runner/.m2/repository/org/apache/ozone/ozone-filesystem-common/1.4.0-SNAPSHOT/ozone-filesystem-common-1.4.0-SNAPSHOT.jar:/home/runner/.m2/repository/org/apache/ozone/ozone-tools/1.4.0-SNAPSHOT/ozone-tools-1.4.0-SNAPSHOT.jar:/home/runner/.m2/repository/com/amazonaws/aws-java-sdk-core/1.12.261/aws-java-sdk-core-1.12.261.jar:/home/runner/.m2/repository/org/apache/httpcomponents/httpclient/4.5.13/httpclient-4.5.13.jar:/home/runner/.m2/repository/org/apache/httpcomponents/httpcore/4.4.13/httpcore-4.4.13.jar:/home/runner/.m2/repository/software/amazon/ion/ion-java/1.0.2/ion-java-1.0.2.jar:/home/runner/.m2/repository/com/fasterxml/jackson/dataformat/jackson-dataformat-cbor/2.13.4/jackson-dataformat-cbor-2.13.4.jar:/home/runner/.m2/repository/joda-time/joda-time/2.10.6/joda-time-2.10.6.jar:/home/runner/.m2/repository/com/amazonaws/aws-java-sdk-s3/1.12.261/aws-java-sdk-s3-1.12.261.jar:/home/runner/.m2/repository/com/amazonaws/aws-java-sdk-kms/1.12.261/aws-java-sdk-kms-1.12.261.jar:/home/runner/.m2/repository/com/amazonaws/jmespath-java/1.12.261/jmespath-java-1.12.261.jar:/home/runner/.m2/repository/org/kohsuke/metainf-services/metainf-services/1.8/metainf-services-1.8.jar:/home/runner/.m2/repository/org/apache/ozone/hdds-tools/1.4.0-SNAPSHOT/hdds-tools-1.4.0-SNAPSHOT.jar:/home/runner/.m2/repository/org/apache/ratis/ratis-tools/2.5.1/ratis-tools-2.5.1.jar:/home/runner/.m2/repository/commons-cli/commons-cli/1.2/commons-cli-1.2.jar:/home/runner/.m2/repository/org/apache/commons/commons-lang3/3.7/commons-lang3-3.7.jar:/home/runner/.m2/repository/org/apache/ozone/ozone-manager/1.4.0-SNAPSHOT/ozone-manager-1.4.0-SNAPSHOT-tests.jar:/home/runner/.m2/repository/org/apache/ozone/hdds-common/1.4.0-SNAPSHOT/hdds-common-1.4.0-SNAPSHOT-tests.jar:/home/runner/.m2/repository/org/apache/ozone/hdds-hadoop-dependency-client/1.4.0-SNAPSHOT/hdds-hadoop-dependency-client-1.4.0-SNAPSHOT.jar:/home/runner/.m2/repository/info/picocli/picocli/4.6.1/picocli-4.6.1.jar:/home/runner/.m2/repository/com/fasterxml/jackson/core/jackson-annotations/2.13.4/jackson-annotations-2.13.4.jar:/home/runner/.m2/repository/org/apache/ozone/hdds-annotation-processing/1.4.0-SNAPSHOT/hdds-annotation-processing-1.4.0-SNAPSHOT.jar:/home/runner/.m2/repository/javax/annotation/javax.annotation-api/1.2/javax.annotation-api-1.2.jar:/home/runner/.m2/repository/org/apache/ratis/ratis-netty/2.5.1/ratis-netty-2.5.1.jar:/home/runner/.m2/repository/org/apache/ratis/ratis-grpc/2.5.1/ratis-grpc-2.5.1.jar:/home/runner/.m2/repository/org/apache/commons/commons-pool2/2.6.0/commons-pool2-2.6.0.jar:/home/runner/.m2/repository/org/bouncycastle/bcpkix-jdk15on/1.67/bcpkix-jdk15on-1.67.jar:/home/runner/.m2/repository/commons-validator/commons-validator/1.6/commons-validator-1.6.jar:/home/runner/.m2/repository/commons-beanutils/commons-beanutils/1.9.4/commons-beanutils-1.9.4.jar:/home/runner/.m2/repository/commons-digester/commons-digester/1.8.1/commons-digester-1.8.1.jar:/home/runner/.m2/repository/commons-collections/commons-collections/3.2.2/commons-collections-3.2.2.jar:/home/runner/.m2/repository/io/jaegertracing/jaeger-client/1.6.0/jaeger-client-1.6.0.jar:/home/runner/.m2/repository/io/jaegertracing/jaeger-thrift/1.6.0/jaeger-thrift-1.6.0.jar:/home/runner/.m2/repository/org/apache/thrift/libthrift/0.14.1/libthrift-0.14.1.jar:/home/runner/.m2/repository/io/jaegertracing/jaeger-core/1.6.0/jaeger-core-1.6.0.jar:/home/runner/.m2/repository/io/jaegertracing/jaeger-tracerresolver/1.6.0/jaeger-tracerresolver-1.6.0.jar:/home/runner/.m2/repository/io/opentracing/contrib/opentracing-tracerresolver/0.1.8/opentracing-tracerresolver-0.1.8.jar:/home/runner/.m2/repository/org/jetbrains/kotlin/kotlin-stdlib/1.6.21/kotlin-stdlib-1.6.21.jar:/home/runner/.m2/repository/org/jetbrains/annotations/13.0/annotations-13.0.jar:/home/runner/.m2/repository/io/opentracing/opentracing-util/0.33.0/opentracing-util-0.33.0.jar:/home/runner/.m2/repository/io/opentracing/opentracing-api/0.33.0/opentracing-api-0.33.0.jar:/home/runner/.m2/repository/io/opentracing/opentracing-noop/0.33.0/opentracing-noop-0.33.0.jar:/home/runner/.m2/repository/org/yaml/snakeyaml/2.0/snakeyaml-2.0.jar:/home/runner/.m2/repository/io/grpc/grpc-api/1.51.1/grpc-api-1.51.1.jar:/home/runner/.m2/repository/io/grpc/grpc-context/1.51.1/grpc-context-1.51.1.jar:/home/runner/.m2/repository/junit/junit/4.13.1/junit-4.13.1.jar:/home/runner/.m2/repository/org/hamcrest/hamcrest-core/1.3/hamcrest-core-1.3.jar:/home/runner/.m2/repository/org/junit/jupiter/junit-jupiter-api/5.8.2/junit-jupiter-api-5.8.2.jar:/home/runner/.m2/repository/org/opentest4j/opentest4j/1.2.0/opentest4j-1.2.0.jar:/home/runner/.m2/repository/org/junit/platform/junit-platform-commons/1.8.2/junit-platform-commons-1.8.2.jar:/home/runner/.m2/repository/org/apiguardian/apiguardian-api/1.1.2/apiguardian-api-1.1.2.jar:/home/runner/.m2/repository/org/junit/jupiter/junit-jupiter-params/5.8.2/junit-jupiter-params-5.8.2.jar:/home/runner/.m2/repository/org/junit/jupiter/junit-jupiter-migrationsupport/5.8.2/junit-jupiter-migrationsupport-5.8.2.jar:/home/runner/.m2/repository/org/junit/jupiter/junit-jupiter-engine/5.8.2/junit-jupiter-engine-5.8.2.jar:/home/runner/.m2/repository/org/junit/platform/junit-platform-engine/1.8.2/junit-platform-engine-1.8.2.jar:/home/runner/.m2/repository/org/junit/vintage/junit-vintage-engine/5.8.2/junit-vintage-engine-5.8.2.jar:/home/runner/.m2/repository/org/junit/platform/junit-platform-launcher/1.8.2/junit-platform-launcher-1.8.2.jar:/home/runner/.m2/repository/org/mockito/mockito-core/3.5.9/mockito-core-3.5.9.jar:/home/runner/.m2/repository/net/bytebuddy/byte-buddy/1.10.13/byte-buddy-1.10.13.jar:/home/runner/.m2/repository/net/bytebuddy/byte-buddy-agent/1.10.13/byte-buddy-agent-1.10.13.jar:/home/runner/.m2/repository/org/objenesis/objenesis/1.0/objenesis-1.0.jar:/home/runner/.m2/repository/org/apache/hadoop/hadoop-kms/3.3.6/hadoop-kms-3.3.6.jar:/home/runner/.m2/repository/org/apache/hadoop/hadoop-auth/3.3.6/hadoop-auth-3.3.6.jar:/home/runner/.m2/repository/com/nimbusds/nimbus-jose-jwt/9.8.1/nimbus-jose-jwt-9.8.1.jar:/home/runner/.m2/repository/com/github/stephenc/jcip/jcip-annotations/1.0-1/jcip-annotations-1.0-1.jar:/home/runner/.m2/repository/org/apache/zookeeper/zookeeper/3.5.6/zookeeper-3.5.6.jar:/home/runner/.m2/repository/org/apache/zookeeper/zookeeper-jute/3.5.6/zookeeper-jute-3.5.6.jar:/home/runner/.m2/repository/org/apache/yetus/audience-annotations/0.5.0/audience-annotations-0.5.0.jar:/home/runner/.m2/repository/org/apache/curator/curator-framework/4.2.0/curator-framework-4.2.0.jar:/home/runner/.m2/repository/org/apache/hadoop/thirdparty/hadoop-shaded-guava/1.1.1/hadoop-shaded-guava-1.1.1.jar:/home/runner/.m2/repository/com/sun/jersey/jersey-core/1.19/jersey-core-1.19.jar:/home/runner/.m2/repository/javax/ws/rs/jsr311-api/1.1.1/jsr311-api-1.1.1.jar:/home/runner/.m2/repository/com/sun/jersey/jersey-server/1.19/jersey-server-1.19.jar:/home/runner/.m2/repository/javax/servlet/javax.servlet-api/3.1.0/javax.servlet-api-3.1.0.jar:/home/runner/.m2/repository/org/apache/hadoop/hadoop-common/3.3.6/hadoop-common-3.3.6.jar:/home/runner/.m2/repository/org/apache/commons/commons-math3/3.1.1/commons-math3-3.1.1.jar:/home/runner/.m2/repository/commons-net/commons-net/3.9.0/commons-net-3.9.0.jar:/home/runner/.m2/repository/com/sun/jersey/jersey-servlet/1.19/jersey-servlet-1.19.jar:/home/runner/.m2/repository/com/github/pjfanning/jersey-json/1.20/jersey-json-1.20.jar:/home/runner/.m2/repository/org/codehaus/jettison/jettison/1.1/jettison-1.1.jar:/home/runner/.m2/repository/com/sun/xml/bind/jaxb-impl/2.2.3-1/jaxb-impl-2.2.3-1.jar:/home/runner/.m2/repository/com/google/re2j/re2j/1.1/re2j-1.1.jar:/home/runner/.m2/repository/com/jcraft/jsch/0.1.54/jsch-0.1.54.jar:/home/runner/.m2/repository/org/apache/curator/curator-client/4.2.0/curator-client-4.2.0.jar:/home/runner/.m2/repository/org/apache/curator/curator-recipes/5.2.0/curator-recipes-5.2.0.jar:/home/runner/.m2/repository/org/apache/kerby/kerb-core/1.0.1/kerb-core-1.0.1.jar:/home/runner/.m2/repository/org/apache/kerby/kerby-pkix/1.0.1/kerby-pkix-1.0.1.jar:/home/runner/.m2/repository/org/apache/kerby/kerby-asn1/1.0.1/kerby-asn1-1.0.1.jar:/home/runner/.m2/repository/org/apache/kerby/kerby-util/1.0.1/kerby-util-1.0.1.jar:/home/runner/.m2/repository/dnsjava/dnsjava/2.1.7/dnsjava-2.1.7.jar:/home/runner/.m2/repository/org/xerial/snappy/snappy-java/1.1.8.2/snappy-java-1.1.8.2.jar:/home/runner/.m2/repository/com/fasterxml/jackson/core/jackson-databind/2.13.4.2/jackson-databind-2.13.4.2.jar:/home/runner/.m2/repository/org/apache/hadoop/hadoop-kms/3.3.6/hadoop-kms-3.3.6-tests.jar:/home/runner/.m2/repository/org/apache/ozone/hdds-server-scm/1.4.0-SNAPSHOT/hdds-server-scm-1.4.0-SNAPSHOT-tests.jar:/home/runner/.m2/repository/org/apache/ozone/hdds-container-service/1.4.0-SNAPSHOT/hdds-container-service-1.4.0-SNAPSHOT-tests.jar:/home/runner/.m2/repository/com/github/luben/zstd-jni/1.5.2-5/zstd-jni-1.5.2-5.jar:/home/runner/.m2/repository/commons-codec/commons-codec/1.15/commons-codec-1.15.jar:/home/runner/.m2/repository/io/netty/netty-codec/4.1.86.Final/netty-codec-4.1.86.Final.jar:/home/runner/.m2/repository/io/netty/netty-handler/4.1.86.Final/netty-handler-4.1.86.Final.jar:/home/runner/.m2/repository/org/apache/ozone/hdds-hadoop-dependency-test/1.4.0-SNAPSHOT/hdds-hadoop-dependency-test-1.4.0-SNAPSHOT.jar:/home/runner/.m2/repository/org/apache/hadoop/hadoop-common/3.3.6/hadoop-common-3.3.6-tests.jar:/home/runner/.m2/repository/org/apache/hadoop/hadoop-hdfs/3.3.6/hadoop-hdfs-3.3.6-tests.jar:/home/runner/.m2/repository/org/assertj/assertj-core/3.12.2/assertj-core-3.12.2.jar:/home/runner/.m2/repository/org/apache/hadoop/hadoop-distcp/3.3.6/hadoop-distcp-3.3.6.jar:/home/runner/.m2/repository/org/apache/hadoop/hadoop-mapreduce-client-jobclient/3.3.6/hadoop-mapreduce-client-jobclient-3.3.6.jar:/home/runner/.m2/repository/org/apache/hadoop/hadoop-mapreduce-client-common/3.3.6/hadoop-mapreduce-client-common-3.3.6.jar:/home/runner/.m2/repository/org/apache/hadoop/hadoop-yarn-common/3.3.6/hadoop-yarn-common-3.3.6.jar:/home/runner/.m2/repository/org/apache/hadoop/hadoop-yarn-api/3.3.6/hadoop-yarn-api-3.3.6.jar:/home/runner/.m2/repository/com/sun/jersey/contribs/jersey-guice/1.19/jersey-guice-1.19.jar:/home/runner/.m2/repository/com/fasterxml/jackson/jaxrs/jackson-jaxrs-json-provider/2.13.4/jackson-jaxrs-json-provider-2.13.4.jar:/home/runner/.m2/repository/com/fasterxml/jackson/jaxrs/jackson-jaxrs-base/2.13.4/jackson-jaxrs-base-2.13.4.jar:/home/runner/.m2/repository/org/apache/hadoop/hadoop-yarn-client/3.3.6/hadoop-yarn-client-3.3.6.jar:/home/runner/.m2/repository/org/eclipse/jetty/websocket/websocket-client/9.4.51.v20230217/websocket-client-9.4.51.v20230217.jar:/home/runner/.m2/repository/org/eclipse/jetty/websocket/websocket-common/9.4.51.v20230217/websocket-common-9.4.51.v20230217.jar:/home/runner/.m2/repository/org/eclipse/jetty/websocket/websocket-api/9.4.51.v20230217/websocket-api-9.4.51.v20230217.jar:/home/runner/.m2/repository/org/jline/jline/3.9.0/jline-3.9.0.jar:/home/runner/.m2/repository/org/apache/hadoop/hadoop-mapreduce-client-core/3.3.6/hadoop-mapreduce-client-core-3.3.6.jar:/home/runner/.m2/repository/org/apache/avro/avro/1.7.7/avro-1.7.7.jar:/home/runner/.m2/repository/com/thoughtworks/paranamer/paranamer/2.3/paranamer-2.3.jar:/home/runner/.m2/repository/org/apache/hadoop/hadoop-annotations/3.3.6/hadoop-annotations-3.3.6.jar:/usr/lib/jvm/temurin-8-jdk-amd64/jre/../lib/tools.jar:/home/runner/.m2/repository/io/netty/netty/3.10.6.Final/netty-3.10.6.Final.jar:/home/runner/.m2/repository/org/apache/hadoop/hadoop-distcp/3.3.6/hadoop-distcp-3.3.6-tests.jar:/home/runner/.m2/repository/org/slf4j/jul-to-slf4j/1.7.36/jul-to-slf4j-1.7.36.jar:"/>
    <property name="sun.cpu.endian" value="little"/>
    <property name="user.home" value="/home/runner"/>
    <property name="user.language" value="en"/>
    <property name="java.specification.vendor" value="Oracle Corporation"/>
    <property name="java.home" value="/usr/lib/jvm/temurin-8-jdk-amd64/jre"/>
    <property name="java.security.krb5.conf" value="/home/runner/work/ozone/ozone/hadoop-ozone/integration-test/target/test-classes/krb5.conf"/>
    <property name="basedir" value="/home/runner/work/ozone/ozone/hadoop-ozone/integration-test"/>
    <property name="file.separator" value="/"/>
    <property name="line.separator" value="&#10;"/>
    <property name="java.vm.specification.vendor" value="Oracle Corporation"/>
    <property name="java.specification.name" value="Java Platform API Specification"/>
    <property name="java.awt.graphicsenv" value="sun.awt.X11GraphicsEnvironment"/>
    <property name="skip.installnpx" value="true"/>
    <property name="surefire.real.class.path" value="/home/runner/work/ozone/ozone/hadoop-ozone/integration-test/target/surefire/surefirebooter2458357654747856731.jar:/home/runner/.m2/repository/org/jacoco/org.jacoco.agent/0.8.5/org.jacoco.agent-0.8.5-runtime.jar"/>
    <property name="hadoop.log.dir" value="/home/runner/work/ozone/ozone/hadoop-ozone/integration-test/target/log"/>
    <property name="sun.boot.class.path" value="/usr/lib/jvm/temurin-8-jdk-amd64/jre/lib/resources.jar:/usr/lib/jvm/temurin-8-jdk-amd64/jre/lib/rt.jar:/usr/lib/jvm/temurin-8-jdk-amd64/jre/lib/sunrsasign.jar:/usr/lib/jvm/temurin-8-jdk-amd64/jre/lib/jsse.jar:/usr/lib/jvm/temurin-8-jdk-amd64/jre/lib/jce.jar:/usr/lib/jvm/temurin-8-jdk-amd64/jre/lib/charsets.jar:/usr/lib/jvm/temurin-8-jdk-amd64/jre/lib/jfr.jar:/usr/lib/jvm/temurin-8-jdk-amd64/jre/classes"/>
    <property name="sun.management.compiler" value="HotSpot 64-Bit Tiered Compilers"/>
    <property name="skip.npx" value="true"/>
    <property name="java.runtime.version" value="1.8.0_372-b07"/>
    <property name="java.net.preferIPv4Stack" value="true"/>
    <property name="user.name" value="runner"/>
    <property name="path.separator" value=":"/>
    <property name="java.security.egd" value="file:///dev/urandom"/>
    <property name="os.version" value="5.15.0-1041-azure"/>
    <property name="java.endorsed.dirs" value="/usr/lib/jvm/temurin-8-jdk-amd64/jre/lib/endorsed"/>
    <property name="java.runtime.name" value="OpenJDK Runtime Environment"/>
    <property name="file.encoding" value="UTF-8"/>
    <property name="java.vm.name" value="OpenJDK 64-Bit Server VM"/>
    <property name="test.build.webapps" value=""/>
    <property name="localRepository" value="/home/runner/.m2/repository"/>
    <property name="jetty.git.hash" value="b45c405e4544384de066f814ed42ae3dceacdd49"/>
    <property name="java.vendor.url.bug" value="https://github.com/adoptium/adoptium-support/issues"/>
    <property name="java.io.tmpdir" value="/tmp"/>
    <property name="require.test.libhadoop" value=""/>
    <property name="java.version" value="1.8.0_372"/>
    <property name="user.dir" value="/home/runner/work/ozone/ozone/hadoop-ozone/integration-test"/>
    <property name="os.arch" value="amd64"/>
    <property name="java.vm.specification.name" value="Java Virtual Machine Specification"/>
    <property name="test.build.classes" value="/home/runner/work/ozone/ozone/hadoop-ozone/integration-test/target/test-classes"/>
    <property name="java.awt.printerjob" value="sun.print.PSPrinterJob"/>
    <property name="sun.os.patch.level" value="unknown"/>
    <property name="org.apache.ratis.thirdparty.io.netty.allocator.useCacheForAllThreads" value="false"/>
    <property name="hadoop.tmp.dir" value="/home/runner/work/ozone/ozone/hadoop-ozone/integration-test/target/tmp"/>
    <property name="java.library.path" value="/usr/java/packages/lib/amd64:/usr/lib64:/lib64:/lib:/usr/lib"/>
    <property name="java.vm.info" value="mixed mode"/>
    <property name="java.vendor" value="Temurin"/>
    <property name="java.vm.version" value="25.372-b07"/>
    <property name="java.specification.maintenance.version" value="4"/>
    <property name="java.ext.dirs" value="/usr/lib/jvm/temurin-8-jdk-amd64/jre/lib/ext:/usr/java/packages/lib/ext"/>
    <property name="sun.io.unicode.encoding" value="UnicodeLittle"/>
    <property name="java.class.version" value="52.0"/>
  </properties>
  <testcase name="testSkipTrackingWithZeroSnapshot" classname="org.apache.hadoop.ozone.freon.TestOMSnapshotDAG" time="18.172">
    <system-out><![CDATA[2023-07-16 18:47:32,290 [main] WARN  server.ServerUtils (ServerUtils.java:getScmDbDir(155)) - ozone.scm.db.dirs is not configured. We recommend adding this setting. Falling back to ozone.metadata.dirs instead.
2023-07-16 18:47:32,594 [main] INFO  reflections.Reflections (Reflections.java:scan(232)) - Reflections took 224 ms to scan 7 urls, producing 160 keys and 377 values 
2023-07-16 18:47:32,816 [main] WARN  server.ServerUtils (ServerUtils.java:getScmDbDir(155)) - ozone.scm.db.dirs is not configured. We recommend adding this setting. Falling back to ozone.metadata.dirs instead.
2023-07-16 18:47:32,820 [main] INFO  ha.SCMHANodeDetails (SCMHANodeDetails.java:loadSCMHAConfig(210)) - ServiceID for StorageContainerManager is null
2023-07-16 18:47:32,830 [main] WARN  ha.SCMHANodeDetails (SCMHANodeDetails.java:validateSCMHAConfig(183)) - Invalid config ozone.scm.ratis.enable. The config was not specified, but the default value true conflicts with the expected config value false. Falling back to the expected value. Current State of SCM: SCM is running in Non-HA without Ratis Ratis SCM -> Non Ratis SCM or Non HA SCM -> HA SCM is not supported
2023-07-16 18:47:32,830 [main] INFO  ha.SCMHANodeDetails (SCMHANodeDetails.java:loadSCMHAConfig(215)) - ozone.scm.default.service.id is not defined, falling back to ozone.scm.service.ids to find serviceID for StorageContainerManager if it is HA enabled cluster
2023-07-16 18:47:33,876 [main] WARN  utils.HAUtils (HAUtils.java:getMetaDir(339)) - ozone.scm.db.dirs is not configured. We recommend adding this setting. Falling back to ozone.metadata.dirs instead.
2023-07-16 18:47:34,057 [main] WARN  db.DBStoreBuilder (DBStoreBuilder.java:applyDBDefinition(166)) - ozone.scm.db.dirs is not configured. We recommend adding this setting. Falling back to ozone.metadata.dirs instead.
2023-07-16 18:47:34,362 [main] INFO  net.NodeSchemaLoader (NodeSchemaLoader.java:loadSchemaFromFile(129)) - Loading schema from [jar:file:/home/runner/.m2/repository/org/apache/ozone/hdds-common/1.4.0-SNAPSHOT/hdds-common-1.4.0-SNAPSHOT.jar!/network-topology-default.xml]
2023-07-16 18:47:34,364 [main] INFO  net.NodeSchemaLoader (NodeSchemaLoader.java:loadSchema(176)) - Loading network topology layer schema file
2023-07-16 18:47:34,434 [main] INFO  metrics.MetricRegistries (MetricRegistriesLoader.java:load(64)) - Loaded MetricRegistries class org.apache.ratis.metrics.impl.MetricRegistriesImpl
2023-07-16 18:47:34,456 [main] INFO  upgrade.AbstractLayoutVersionManager (AbstractLayoutVersionManager.java:init(83)) - Initializing Layout version manager with metadata layout = HADOOP_PRC_PORTS_IN_DATANODEDETAILS (version = 7), software layout = HADOOP_PRC_PORTS_IN_DATANODEDETAILS (version = 7)
2023-07-16 18:47:34,730 [main] INFO  ha.SequenceIdGenerator (SequenceIdGenerator.java:upgradeToSequenceId(361)) - upgrade localId to 111677748019200000
2023-07-16 18:47:34,732 [main] INFO  ha.SequenceIdGenerator (SequenceIdGenerator.java:upgradeToSequenceId(371)) - upgrade delTxnId to 0
2023-07-16 18:47:34,741 [main] INFO  ha.SequenceIdGenerator (SequenceIdGenerator.java:upgradeToSequenceId(388)) - upgrade containerId to 0
2023-07-16 18:47:34,745 [main] INFO  ha.SequenceIdGenerator (SequenceIdGenerator.java:upgradeToSequenceId(424)) - upgrade rootCertificateId to 1
2023-07-16 18:47:34,747 [main] INFO  ha.SequenceIdGenerator (SequenceIdGenerator.java:<init>(232)) - Init the HA SequenceIdGenerator.
2023-07-16 18:47:34,825 [main] WARN  server.ServerUtils (ServerUtils.java:sanitizeUserArgs(80)) - ozone.scm.stale.node.interval value = 300000 is larger than max = 100000 based on the key value of ozone.scm.heartbeat.thread.interval, reset to the max value 100000.
2023-07-16 18:47:34,826 [main] WARN  server.ServerUtils (ServerUtils.java:sanitizeUserArgs(80)) - ozone.scm.stale.node.interval value = 300000 is larger than max = 100000 based on the key value of ozone.scm.heartbeat.thread.interval, reset to the max value 100000.
2023-07-16 18:47:34,833 [main] INFO  node.SCMNodeManager (SCMNodeManager.java:<init>(157)) - Entering startup safe mode.
2023-07-16 18:47:34,853 [main] INFO  algorithms.ContainerPlacementPolicyFactory (ContainerPlacementPolicyFactory.java:getPolicyInternal(86)) - Create container placement policy of type org.apache.hadoop.hdds.scm.container.placement.algorithms.SCMContainerPlacementRackAware
2023-07-16 18:47:34,856 [main] INFO  algorithms.ContainerPlacementPolicyFactory (ContainerPlacementPolicyFactory.java:getPolicyInternal(86)) - Create container placement policy of type org.apache.hadoop.hdds.scm.container.placement.algorithms.SCMContainerPlacementRackScatter
2023-07-16 18:47:34,867 [main] INFO  pipeline.PipelineStateManagerImpl (PipelineStateManagerImpl.java:initialize(78)) - No pipeline exists in current db
2023-07-16 18:47:34,884 [main] INFO  algorithms.LeaderChoosePolicyFactory (LeaderChoosePolicyFactory.java:getPolicy(57)) - Create leader choose policy of type org.apache.hadoop.hdds.scm.pipeline.leader.choose.algorithms.MinLeaderCountChoosePolicy
2023-07-16 18:47:34,884 [main] INFO  algorithms.ContainerPlacementPolicyFactory (ContainerPlacementPolicyFactory.java:getPolicyInternal(86)) - Create container placement policy of type org.apache.hadoop.hdds.scm.container.placement.algorithms.SCMContainerPlacementRackScatter
2023-07-16 18:47:34,892 [main] INFO  ha.SCMServiceManager (SCMServiceManager.java:register(42)) - Registering service BackgroundPipelineCreator.
2023-07-16 18:47:34,893 [main] INFO  pipeline.BackgroundPipelineCreator (BackgroundPipelineCreator.java:start(124)) - Starting RatisPipelineUtilsThread.
2023-07-16 18:47:34,896 [main] INFO  BackgroundPipelineScrubber (BackgroundSCMService.java:start(68)) - Starting BackgroundPipelineScrubber Service.
2023-07-16 18:47:34,900 [main] INFO  ha.SCMServiceManager (SCMServiceManager.java:register(42)) - Registering service BackgroundPipelineScrubber.
2023-07-16 18:47:34,910 [main] INFO  ExpiredContainerReplicaOpScrubber (BackgroundSCMService.java:start(68)) - Starting ExpiredContainerReplicaOpScrubber Service.
2023-07-16 18:47:34,924 [main] INFO  ha.SCMServiceManager (SCMServiceManager.java:register(42)) - Registering service ExpiredContainerReplicaOpScrubber.
2023-07-16 18:47:34,967 [main] INFO  algorithms.PipelineChoosePolicyFactory (PipelineChoosePolicyFactory.java:createPipelineChoosePolicyFromClass(78)) - Create pipeline choose policy of type org.apache.hadoop.hdds.scm.pipeline.choose.algorithms.RandomPipelineChoosePolicy
2023-07-16 18:47:34,972 [main] INFO  algorithms.PipelineChoosePolicyFactory (PipelineChoosePolicyFactory.java:createPipelineChoosePolicyFromClass(78)) - Create pipeline choose policy of type org.apache.hadoop.hdds.scm.pipeline.choose.algorithms.RandomPipelineChoosePolicy
2023-07-16 18:47:35,002 [main] INFO  ha.SCMServiceManager (SCMServiceManager.java:register(42)) - Registering service SCMBlockDeletingService.
2023-07-16 18:47:35,068 [main] INFO  replication.ReplicationManager (ReplicationManager.java:start(286)) - Starting Replication Monitor Thread.
2023-07-16 18:47:35,080 [main] INFO  ha.SCMServiceManager (SCMServiceManager.java:register(42)) - Registering service ReplicationManager.
2023-07-16 18:47:35,084 [ReplicationMonitor] INFO  replication.ReplicationManager (ReplicationManager.java:processAll(361)) - Replication Manager is not ready to run until 3000ms after safemode exit
2023-07-16 18:47:35,108 [main] INFO  safemode.ContainerSafeModeRule (ContainerSafeModeRule.java:<init>(89)) - containers with one replica threshold count 0
2023-07-16 18:47:35,117 [main] INFO  safemode.HealthyPipelineSafeModeRule (HealthyPipelineSafeModeRule.java:initializeRule(169)) - Total pipeline count is 0, healthy pipeline threshold count is 1
2023-07-16 18:47:35,120 [main] INFO  safemode.OneReplicaPipelineSafeModeRule (OneReplicaPipelineSafeModeRule.java:initializeRule(180)) - Total pipeline count is 0, pipeline's with at least one datanode reported threshold count is 0
2023-07-16 18:47:35,183 [main] INFO  server.StorageContainerManager (StorageContainerManager.java:<init>(424)) - SCM start with adminUsers: [runner]
2023-07-16 18:47:35,665 [main] INFO  audit.AuditLogger (AuditLogger.java:refreshDebugCmdSet(126)) - Refresh DebugCmdSet for SCMAudit to [].
2023-07-16 18:47:35,705 [main] INFO  ipc.CallQueueManager (CallQueueManager.java:<init>(90)) - Using callQueue: class java.util.concurrent.LinkedBlockingQueue, queueCapacity: 2000, scheduler: class org.apache.hadoop.ipc.DefaultRpcScheduler, ipcBackoff: false.
2023-07-16 18:47:35,751 [main] INFO  ipc.Server (Server.java:<init>(1287)) - Listener at 0.0.0.0:15002
2023-07-16 18:47:35,755 [Socket Reader #1 for port 15002] INFO  ipc.Server (Server.java:run(1323)) - Starting Socket Reader #1 for port 15002
2023-07-16 18:47:35,847 [main] INFO  audit.AuditLogger (AuditLogger.java:refreshDebugCmdSet(126)) - Refresh DebugCmdSet for SCMAudit to [].
2023-07-16 18:47:35,854 [main] INFO  ipc.CallQueueManager (CallQueueManager.java:<init>(90)) - Using callQueue: class java.util.concurrent.LinkedBlockingQueue, queueCapacity: 2000, scheduler: class org.apache.hadoop.ipc.DefaultRpcScheduler, ipcBackoff: false.
2023-07-16 18:47:35,854 [main] INFO  ipc.Server (Server.java:<init>(1287)) - Listener at 0.0.0.0:15001
2023-07-16 18:47:35,855 [Socket Reader #1 for port 15001] INFO  ipc.Server (Server.java:run(1323)) - Starting Socket Reader #1 for port 15001
2023-07-16 18:47:35,914 [main] INFO  audit.AuditLogger (AuditLogger.java:refreshDebugCmdSet(126)) - Refresh DebugCmdSet for SCMAudit to [].
2023-07-16 18:47:35,927 [main] INFO  ipc.CallQueueManager (CallQueueManager.java:<init>(90)) - Using callQueue: class java.util.concurrent.LinkedBlockingQueue, queueCapacity: 2000, scheduler: class org.apache.hadoop.ipc.DefaultRpcScheduler, ipcBackoff: false.
2023-07-16 18:47:35,927 [main] INFO  ipc.Server (Server.java:<init>(1287)) - Listener at 0.0.0.0:15000
2023-07-16 18:47:35,928 [Socket Reader #1 for port 15000] INFO  ipc.Server (Server.java:run(1323)) - Starting Socket Reader #1 for port 15000
2023-07-16 18:47:36,028 [main] INFO  ha.SCMServiceManager (SCMServiceManager.java:register(42)) - Registering service ContainerBalancer.
2023-07-16 18:47:36,031 [main] INFO  server.StorageContainerManager (StorageContainerManager.java:<init>(437)) - 
Container Balancer status:
Key                            Value
Running                        false
Container Balancer Configuration values:
Key                                                Value
Threshold                                          10
Max Datanodes to Involve per Iteration(percent)    20
Max Size to Move per Iteration                     500GB
Max Size Entering Target per Iteration             26GB
Max Size Leaving Source per Iteration              26GB

2023-07-16 18:47:36,032 [main] INFO  ha.SCMContext (SCMContext.java:updateSafeModeStatus(228)) - Update SafeModeStatus from SafeModeStatus{safeModeStatus=true, preCheckPassed=false} to SafeModeStatus{safeModeStatus=true, preCheckPassed=false}.
2023-07-16 18:47:36,039 [main] INFO  server.StorageContainerManager (StorageContainerManager.java:start(1491)) - StorageContainerLocationProtocol RPC server is listening at /0.0.0.0:15000
2023-07-16 18:47:36,123 [main] WARN  impl.MetricsConfig (MetricsConfig.java:loadFirst(136)) - Cannot locate configuration: tried hadoop-metrics2-storagecontainermanager.properties,hadoop-metrics2.properties
2023-07-16 18:47:36,141 [main] INFO  impl.MetricsSystemImpl (MetricsSystemImpl.java:startTimer(378)) - Scheduled Metric snapshot period at 10 second(s).
2023-07-16 18:47:36,141 [main] INFO  impl.MetricsSystemImpl (MetricsSystemImpl.java:start(191)) - StorageContainerManager metrics system started
2023-07-16 18:47:36,485 [main] INFO  server.SCMClientProtocolServer (SCMClientProtocolServer.java:start(200)) - RPC server for Client  is listening at /0.0.0.0:15000
2023-07-16 18:47:36,486 [IPC Server Responder] INFO  ipc.Server (Server.java:run(1562)) - IPC Server Responder: starting
2023-07-16 18:47:36,501 [main] INFO  server.StorageContainerManager (StorageContainerManager.java:start(1504)) - ScmBlockLocationProtocol RPC server is listening at /0.0.0.0:15001
2023-07-16 18:47:36,502 [main] INFO  server.SCMBlockProtocolServer (SCMBlockProtocolServer.java:start(152)) - RPC server for Block Protocol is listening at /0.0.0.0:15001
2023-07-16 18:47:36,558 [main] INFO  server.SCMDatanodeProtocolServer (SCMDatanodeProtocolServer.java:start(193)) - ScmDatanodeProtocol RPC server for DataNodes is listening at /0.0.0.0:15002
2023-07-16 18:47:36,618 [IPC Server Responder] INFO  ipc.Server (Server.java:run(1562)) - IPC Server Responder: starting
2023-07-16 18:47:36,619 [IPC Server listener on 15001] INFO  ipc.Server (Server.java:run(1402)) - IPC Server listener on 15001: starting
2023-07-16 18:47:36,619 [IPC Server listener on 15000] INFO  ipc.Server (Server.java:run(1402)) - IPC Server listener on 15000: starting
2023-07-16 18:47:36,620 [IPC Server Responder] INFO  ipc.Server (Server.java:run(1562)) - IPC Server Responder: starting
2023-07-16 18:47:36,618 [IPC Server listener on 15002] INFO  ipc.Server (Server.java:run(1402)) - IPC Server listener on 15002: starting
2023-07-16 18:47:36,647 [JvmPauseMonitor0] INFO  util.JvmPauseMonitor (JvmPauseMonitor.java:run(103)) - JvmPauseMonitor-5c7cd9d8-45e7-438e-a966-903e50fd0a77: Started
2023-07-16 18:47:36,662 [main] INFO  http.BaseHttpServer (BaseHttpServer.java:newHttpServer2BuilderForOzone(224)) - Starting Web-server for scm at: http://0.0.0.0:15003
2023-07-16 18:47:36,662 [main] INFO  http.BaseHttpServer (BaseHttpServer.java:<init>(111)) - Hadoop Security Enabled: false Ozone Security Enabled: false Ozone HTTP Security Enabled: false 
2023-07-16 18:47:36,699 [main] INFO  util.log (Log.java:initialized(170)) - Logging initialized @6316ms to org.eclipse.jetty.util.log.Slf4jLog
2023-07-16 18:47:36,836 [main] WARN  server.AuthenticationFilter (AuthenticationFilter.java:constructSecretProvider(240)) - Unable to initialize FileSignerSecretProvider, falling back to use random secrets. Reason: Could not read signature secret file: /home/runner/hadoop-http-auth-signature-secret
2023-07-16 18:47:36,853 [main] INFO  http.HttpRequestLog (HttpRequestLog.java:getRequestLog(86)) - Http request log for http.requests.scm is not defined
2023-07-16 18:47:36,864 [main] INFO  http.HttpServer2 (HttpServer2.java:addGlobalFilter(1031)) - Added global filter 'safety' (class=org.apache.hadoop.hdds.server.http.HttpServer2$QuotingInputFilter)
2023-07-16 18:47:36,868 [main] INFO  http.HttpServer2 (HttpServer2.java:addFilter(1007)) - Added filter static_user_filter (class=org.apache.hadoop.http.lib.StaticUserWebFilter$StaticUserFilter) to context scm
2023-07-16 18:47:36,868 [main] INFO  http.HttpServer2 (HttpServer2.java:addFilter(1015)) - Added filter static_user_filter (class=org.apache.hadoop.http.lib.StaticUserWebFilter$StaticUserFilter) to context logs
2023-07-16 18:47:36,868 [main] INFO  http.HttpServer2 (HttpServer2.java:addFilter(1015)) - Added filter static_user_filter (class=org.apache.hadoop.http.lib.StaticUserWebFilter$StaticUserFilter) to context static
2023-07-16 18:47:36,926 [main] INFO  http.BaseHttpServer (BaseHttpServer.java:<init>(190)) - HTTP server of scm uses base directory /home/runner/work/ozone/ozone/hadoop-ozone/integration-test/target/test-dir/MiniOzoneClusterImpl-5b665439-b9a5-4360-aef4-da1357485736/ozone-meta/webserver
2023-07-16 18:47:36,928 [main] INFO  http.HttpServer2 (HttpServer2.java:bindListener(1250)) - Jetty bound to port 15003
2023-07-16 18:47:36,930 [main] INFO  server.Server (Server.java:doStart(375)) - jetty-9.4.51.v20230217; built: 2023-02-17T08:19:37.309Z; git: b45c405e4544384de066f814ed42ae3dceacdd49; jvm 1.8.0_372-b07
2023-07-16 18:47:36,981 [main] INFO  server.session (DefaultSessionIdManager.java:doStart(334)) - DefaultSessionIdManager workerName=node0
2023-07-16 18:47:36,982 [main] INFO  server.session (DefaultSessionIdManager.java:doStart(339)) - No SessionScavenger set, using defaults
2023-07-16 18:47:36,986 [main] INFO  server.session (HouseKeeper.java:startScavenging(132)) - node0 Scavenging every 600000ms
2023-07-16 18:47:37,004 [main] INFO  handler.ContextHandler (ContextHandler.java:doStart(921)) - Started o.e.j.s.ServletContextHandler@475fb7{logs,/logs,file:///home/runner/work/ozone/ozone/hadoop-ozone/integration-test/target/log,AVAILABLE}
2023-07-16 18:47:37,009 [main] INFO  handler.ContextHandler (ContextHandler.java:doStart(921)) - Started o.e.j.s.ServletContextHandler@21d478f3{static,/static,file:///home/runner/work/ozone/ozone/hadoop-ozone/integration-test/target/test-classes/webapps/static,AVAILABLE}
2023-07-16 18:47:37,081 [main] INFO  handler.ContextHandler (ContextHandler.java:doStart(921)) - Started o.e.j.w.WebAppContext@6f7e5e11{scm,/,file:///home/runner/work/ozone/ozone/hadoop-ozone/integration-test/target/test-classes/webapps/scm/,AVAILABLE}{file:/home/runner/work/ozone/ozone/hadoop-ozone/integration-test/target/test-classes/webapps/scm}
2023-07-16 18:47:37,094 [main] INFO  server.AbstractConnector (AbstractConnector.java:doStart(333)) - Started ServerConnector@18918ab9{HTTP/1.1, (http/1.1)}{0.0.0.0:15003}
2023-07-16 18:47:37,095 [main] INFO  server.Server (Server.java:doStart(415)) - Started @6711ms
2023-07-16 18:47:37,100 [main] INFO  impl.MetricsSinkAdapter (MetricsSinkAdapter.java:start(204)) - Sink prometheus started
2023-07-16 18:47:37,100 [main] INFO  impl.MetricsSystemImpl (MetricsSystemImpl.java:registerSink(305)) - Registered sink prometheus
2023-07-16 18:47:37,102 [main] INFO  http.BaseHttpServer (BaseHttpServer.java:updateConnectorAddress(344)) - HTTP server of scm listening at http://0.0.0.0:15003
2023-07-16 18:47:37,107 [main] WARN  server.ServerUtils (ServerUtils.java:getDBPath(311)) - ozone.om.db.dirs is not configured. We recommend adding this setting. Falling back to ozone.metadata.dirs instead.
2023-07-16 18:47:37,209 [main] INFO  audit.AuditLogger (AuditLogger.java:refreshDebugCmdSet(126)) - Refresh DebugCmdSet for OMAudit to [].
2023-07-16 18:47:37,318 [main] INFO  ha.OMHANodeDetails (OMHANodeDetails.java:loadOMHAConfig(115)) - ozone.om.internal.service.id is not defined, falling back to ozone.om.service.ids to find serviceID for OzoneManager if it is HA enabled cluster
2023-07-16 18:47:37,322 [main] INFO  ha.OMHANodeDetails (OMHANodeDetails.java:loadOMHAConfig(226)) - Configuration does not have ozone.om.address set. Falling back to the default OM address /127.0.0.1:15004
2023-07-16 18:47:37,322 [main] INFO  ha.OMHANodeDetails (OMHANodeDetails.java:getOMNodeDetailsForNonHA(254)) - OM Service ID is not set. Setting it to the default ID: omServiceIdDefault
2023-07-16 18:47:37,322 [main] INFO  ha.OMHANodeDetails (OMHANodeDetails.java:getOMNodeDetailsForNonHA(261)) - OM Node ID is not set. Setting it to the default ID: om1
2023-07-16 18:47:37,329 [main] WARN  server.ServerUtils (ServerUtils.java:getDBPath(311)) - ozone.om.db.dirs is not configured. We recommend adding this setting. Falling back to ozone.metadata.dirs instead.
2023-07-16 18:47:37,335 [main] INFO  upgrade.AbstractLayoutVersionManager (AbstractLayoutVersionManager.java:init(83)) - Initializing Layout version manager with metadata layout = QUOTA (version = 6), software layout = QUOTA (version = 6)
2023-07-16 18:47:37,488 [main] INFO  reflections.Reflections (Reflections.java:scan(232)) - Reflections took 145 ms to scan 2 urls, producing 187 keys and 510 values [using 2 cores]
2023-07-16 18:47:37,495 [main] INFO  upgrade.OMLayoutVersionManager (OMLayoutVersionManager.java:lambda$0(115)) - Skipping Upgrade Action QuotaRepairUpgradeAction since it has been finalized.
2023-07-16 18:47:37,498 [main] INFO  upgrade.OMLayoutVersionManager (OMLayoutVersionManager.java:lambda$0(115)) - Skipping Upgrade Action MockOmUpgradeAction since it has been finalized.
2023-07-16 18:47:37,500 [main] WARN  server.ServerUtils (ServerUtils.java:getDBPath(311)) - ozone.om.db.dirs is not configured. We recommend adding this setting. Falling back to ozone.metadata.dirs instead.
2023-07-16 18:47:37,732 [main] INFO  proxy.SCMBlockLocationFailoverProxyProvider (SCMBlockLocationFailoverProxyProvider.java:<init>(114)) - Created block location fail-over proxy with 1 nodes: [nodeId=scmNodeId,nodeAddress=/0.0.0.0:15001]
2023-07-16 18:47:37,779 [main] INFO  proxy.SCMBlockLocationFailoverProxyProvider (SCMBlockLocationFailoverProxyProvider.java:<init>(114)) - Created block location fail-over proxy with 1 nodes: [nodeId=scmNodeId,nodeAddress=/0.0.0.0:15001]
2023-07-16 18:47:38,105 [main] INFO  om.OzoneManager (OzoneManager.java:<init>(662)) - OM start with adminUsers: [runner]
2023-07-16 18:47:38,143 [main] WARN  server.ServerUtils (ServerUtils.java:getDBPath(311)) - ozone.om.db.dirs is not configured. We recommend adding this setting. Falling back to ozone.metadata.dirs instead.
2023-07-16 18:47:38,182 [main] INFO  helpers.OmKeyInfo (OmKeyInfo.java:getCodec(71)) - OmKeyInfo.getCodec ignorePipeline = true
2023-07-16 18:47:38,584 [main] INFO  om.OzoneManager (OzoneManager.java:instantiateServices(791)) - S3 Multi-Tenancy is disabled
2023-07-16 18:47:38,629 [main] INFO  om.OmSnapshotManager (OmSnapshotManager.java:<init>(175)) - Ozone filesystem snapshot feature is enabled.
2023-07-16 18:47:38,641 [main] WARN  server.ServerUtils (ServerUtils.java:getDBPath(311)) - ozone.om.snapshot.diff.db.dir is not configured. We recommend adding this setting. Falling back to ozone.metadata.dirs instead.
2023-07-16 18:47:38,701 [main] INFO  utils.NativeLibraryLoader (NativeLibraryLoader.java:loadLibrary(105)) - Loading Library: ozone_rocksdb_tools
2023-07-16 18:47:38,703 [main] INFO  snapshot.SnapshotDiffManager (SnapshotDiffManager.java:closeExecutorService(1720)) - Shutting down executorService: 'SstDumpToolExecutor'
2023-07-16 18:47:38,801 [main] INFO  om.OzoneManager (OzoneManager.java:addS3GVolumeToDB(4296)) - Created Volume s3v With Owner runner required for S3Gateway operations.
2023-07-16 18:47:38,884 [main] WARN  server.ServerUtils (ServerUtils.java:getDefaultRatisDirectory(323)) - Storage directory for Ratis is not configured. It is a good idea to map this to an SSD disk. Falling back to ozone.metadata.dirs
2023-07-16 18:47:38,885 [main] WARN  utils.OzoneManagerRatisUtils (OzoneManagerRatisUtils.java:getOMRatisSnapshotDirectory(461)) - ozone.om.ratis.snapshot.dir is not configured. Falling back to ozone.metadata.dirs config
2023-07-16 18:47:38,902 [main] WARN  server.ServerUtils (ServerUtils.java:getDefaultRatisDirectory(323)) - Storage directory for Ratis is not configured. It is a good idea to map this to an SSD disk. Falling back to ozone.metadata.dirs
2023-07-16 18:47:38,936 [main] INFO  ratis.OzoneManagerRatisServer (OzoneManagerRatisServer.java:<init>(163)) - Instantiating OM Ratis server with groupID: omServiceIdDefault and peers: localhost:15007
2023-07-16 18:47:38,949 [main] INFO  ratis.OzoneManagerStateMachine (OzoneManagerStateMachine.java:loadSnapshotInfoFromDB(670)) - LastAppliedIndex is set from TransactionInfo from OM DB as (t:0, i:~)
2023-07-16 18:47:39,025 [main] INFO  server.RaftServer (ConfUtils.java:logGet(46)) - raft.rpc.type = GRPC (default)
2023-07-16 18:47:39,037 [main] INFO  grpc.GrpcConfigKeys (ConfUtils.java:logFallback(53)) - raft.grpc.admin.host = null (fallback to raft.grpc.server.host)
2023-07-16 18:47:39,039 [main] INFO  grpc.GrpcConfigKeys (ConfUtils.java:logFallback(53)) - raft.grpc.admin.port = 15007 (fallback to raft.grpc.server.port)
2023-07-16 18:47:39,040 [main] INFO  grpc.GrpcConfigKeys (ConfUtils.java:logFallback(53)) - raft.grpc.client.host = null (fallback to raft.grpc.server.host)
2023-07-16 18:47:39,042 [main] INFO  grpc.GrpcConfigKeys (ConfUtils.java:logFallback(53)) - raft.grpc.client.port = 15007 (fallback to raft.grpc.server.port)
2023-07-16 18:47:39,042 [main] INFO  grpc.GrpcConfigKeys (ConfUtils.java:logGet(46)) - raft.grpc.server.host = null (default)
2023-07-16 18:47:39,043 [main] INFO  grpc.GrpcConfigKeys (ConfUtils.java:logGet(46)) - raft.grpc.server.port = 15007 (custom)
2023-07-16 18:47:39,044 [main] INFO  server.GrpcService (ConfUtils.java:logGet(46)) - raft.grpc.message.size.max = 33554432 (custom)
2023-07-16 18:47:39,045 [main] INFO  server.RaftServerConfigKeys (ConfUtils.java:logGet(46)) - raft.server.log.appender.buffer.byte-limit = 33554432 (custom)
2023-07-16 18:47:39,046 [main] INFO  server.GrpcService (ConfUtils.java:logGet(46)) - raft.grpc.flow.control.window = 1MB (=1048576) (default)
2023-07-16 18:47:39,047 [main] INFO  server.RaftServerConfigKeys (ConfUtils.java:logGet(46)) - raft.server.rpc.request.timeout = 3000ms (default)
2023-07-16 18:47:39,063 [main] INFO  grpc.GrpcConfigKeys (ConfUtils.java:logGet(46)) - raft.grpc.server.heartbeat.channel = true (default)
2023-07-16 18:47:39,068 [main] INFO  grpc.GrpcConfigKeys (ConfUtils.java:logGet(46)) - raft.grpc.server.async.request.thread.pool.cached = true (default)
2023-07-16 18:47:39,069 [main] INFO  grpc.GrpcConfigKeys (ConfUtils.java:logGet(46)) - raft.grpc.server.async.request.thread.pool.size = 32 (default)
2023-07-16 18:47:39,351 [main] INFO  impl.DataStreamServerImpl (ConfUtils.java:logGet(46)) - raft.datastream.type = DISABLED (default)
2023-07-16 18:47:39,357 [main] INFO  server.RaftServerConfigKeys (ConfUtils.java:logGet(46)) - raft.server.threadpool.proxy.cached = true (default)
2023-07-16 18:47:39,357 [main] INFO  server.RaftServerConfigKeys (ConfUtils.java:logGet(46)) - raft.server.threadpool.proxy.size = 0 (default)
2023-07-16 18:47:39,358 [main] INFO  server.RaftServerConfigKeys (ConfUtils.java:logGet(46)) - raft.server.rpc.slowness.timeout = 120s (custom)
2023-07-16 18:47:39,358 [main] INFO  server.RaftServerConfigKeys (ConfUtils.java:logGet(46)) - raft.server.leaderelection.leader.step-down.wait-time = 10s (default)
2023-07-16 18:47:39,360 [main] INFO  server.RaftServerConfigKeys (ConfUtils.java:logGet(46)) - raft.server.storage.dir = [/home/runner/work/ozone/ozone/hadoop-ozone/integration-test/target/test-dir/MiniOzoneClusterImpl-5b665439-b9a5-4360-aef4-da1357485736/ozone-meta/ratis] (custom)
2023-07-16 18:47:39,373 [main] INFO  server.RaftServer (RaftServerProxy.java:addNew(98)) - om1: addNew group-C5BA1605619E:[om1|rpc:localhost:15007|priority:0|startupRole:FOLLOWER] returns group-C5BA1605619E:java.util.concurrent.CompletableFuture@1bf9d2dc[Not completed]
2023-07-16 18:47:39,373 [main] INFO  om.OzoneManager (OzoneManager.java:initializeRatisServer(2137)) - OzoneManager Ratis server initialized at port 15007
2023-07-16 18:47:39,387 [main] INFO  om.OzoneManager (OzoneManager.java:getRpcServer(1192)) - Creating RPC Server
2023-07-16 18:47:39,409 [om1-groupManagement] INFO  server.RaftServer$Division (RaftServerImpl.java:<init>(198)) - om1: new RaftServerImpl for group-C5BA1605619E:[om1|rpc:localhost:15007|priority:0|startupRole:FOLLOWER] with OzoneManagerStateMachine:uninitialized
2023-07-16 18:47:39,413 [om1-groupManagement] INFO  server.RaftServerConfigKeys (ConfUtils.java:logGet(46)) - raft.server.rpc.timeout.min = 1s (custom)
2023-07-16 18:47:39,414 [om1-groupManagement] INFO  server.RaftServerConfigKeys (ConfUtils.java:logGet(46)) - raft.server.rpc.timeout.max = 1200ms (custom)
2023-07-16 18:47:39,414 [om1-groupManagement] INFO  server.RaftServerConfigKeys (ConfUtils.java:logGet(46)) - raft.server.rpc.sleep.time = 25ms (default)
2023-07-16 18:47:39,414 [om1-groupManagement] INFO  server.RaftServerConfigKeys (ConfUtils.java:logGet(46)) - raft.server.rpc.slowness.timeout = 120s (custom)
2023-07-16 18:47:39,414 [om1-groupManagement] INFO  server.RaftServerConfigKeys (ConfUtils.java:logGet(46)) - raft.server.leaderelection.leader.step-down.wait-time = 10s (default)
2023-07-16 18:47:39,415 [om1-groupManagement] INFO  server.RaftServerConfigKeys (ConfUtils.java:logGet(46)) - raft.server.sleep.deviation.threshold = 300ms (default)
2023-07-16 18:47:39,602 [om1-groupManagement] INFO  server.RaftServer$Division (ServerState.java:<init>(120)) - om1@group-C5BA1605619E: ConfigurationManager, init=-1: peers:[om1|rpc:localhost:15007|priority:0|startupRole:FOLLOWER]|listeners:[], old=null, confs=<EMPTY_MAP>
2023-07-16 18:47:39,603 [om1-groupManagement] INFO  server.RaftServerConfigKeys (ConfUtils.java:logGet(46)) - raft.server.storage.dir = [/home/runner/work/ozone/ozone/hadoop-ozone/integration-test/target/test-dir/MiniOzoneClusterImpl-5b665439-b9a5-4360-aef4-da1357485736/ozone-meta/ratis] (custom)
2023-07-16 18:47:39,616 [om1-groupManagement] INFO  server.RaftServerConfigKeys (ConfUtils.java:logGet(46)) - raft.server.log.corruption.policy = EXCEPTION (default)
2023-07-16 18:47:39,617 [om1-groupManagement] INFO  server.RaftServerConfigKeys (ConfUtils.java:logGet(46)) - raft.server.storage.free-space.min = 0MB (=0) (default)
2023-07-16 18:47:39,636 [om1-groupManagement] INFO  server.RaftServerConfigKeys (ConfUtils.java:logGet(46)) - raft.server.notification.no-leader.timeout = 120s (custom)
2023-07-16 18:47:39,646 [om1-groupManagement] INFO  server.RaftServerConfigKeys (ConfUtils.java:logGet(46)) - raft.server.read.timeout = 10s (default)
2023-07-16 18:47:39,652 [om1-groupManagement] INFO  server.RaftServerConfigKeys (ConfUtils.java:logGet(46)) - raft.server.retrycache.expirytime = 300s (custom)
2023-07-16 18:47:39,652 [om1-groupManagement] INFO  server.RaftServerConfigKeys (ConfUtils.java:logGet(46)) - raft.server.retrycache.statistics.expirytime = 100μs (default)
2023-07-16 18:47:39,715 [om1-groupManagement] INFO  server.RaftServerConfigKeys (ConfUtils.java:logGet(46)) - raft.server.read.option = DEFAULT (default)
2023-07-16 18:47:39,765 [om1-groupManagement] INFO  server.RaftServerConfigKeys (ConfUtils.java:logGet(46)) - raft.server.rpc.request.timeout = 3000ms (default)
2023-07-16 18:47:39,770 [om1-groupManagement] INFO  server.RaftServerConfigKeys (ConfUtils.java:logGet(46)) - raft.server.log.appender.install.snapshot.enabled = false (custom)
2023-07-16 18:47:39,770 [om1-groupManagement] INFO  server.RaftServerConfigKeys (ConfUtils.java:logGet(46)) - raft.server.threadpool.server.cached = true (default)
2023-07-16 18:47:39,771 [om1-groupManagement] INFO  server.RaftServerConfigKeys (ConfUtils.java:logGet(46)) - raft.server.threadpool.server.size = 0 (default)
2023-07-16 18:47:39,772 [om1-groupManagement] INFO  server.RaftServerConfigKeys (ConfUtils.java:logGet(46)) - raft.server.threadpool.client.cached = true (default)
2023-07-16 18:47:39,772 [om1-groupManagement] INFO  server.RaftServerConfigKeys (ConfUtils.java:logGet(46)) - raft.server.threadpool.client.size = 0 (default)
2023-07-16 18:47:40,522 [main] INFO  reflections.Reflections (Reflections.java:scan(232)) - Reflections took 873 ms to scan 19 urls, producing 70 keys and 5547 values [using 2 cores]
2023-07-16 18:47:40,729 [main] INFO  ipc.CallQueueManager (CallQueueManager.java:<init>(90)) - Using callQueue: class java.util.concurrent.LinkedBlockingQueue, queueCapacity: 2000, scheduler: class org.apache.hadoop.ipc.DefaultRpcScheduler, ipcBackoff: false.
2023-07-16 18:47:40,729 [main] INFO  ipc.Server (Server.java:<init>(1287)) - Listener at 127.0.0.1:15004
2023-07-16 18:47:40,730 [Socket Reader #1 for port 15004] INFO  ipc.Server (Server.java:run(1323)) - Starting Socket Reader #1 for port 15004
2023-07-16 18:47:40,774 [main] INFO  impl.MetricsSystemImpl (MetricsSystemImpl.java:init(158)) - OzoneManager metrics system started (again)
2023-07-16 18:47:40,791 [main] INFO  om.OzoneManager (OzoneManager.java:start(1622)) - OzoneManager RPC server is listening at localhost/127.0.0.1:15004
2023-07-16 18:47:40,792 [main] INFO  ratis.OzoneManagerRatisServer (OzoneManagerRatisServer.java:start(558)) - Starting OzoneManagerRatisServer om1 at port 15007
2023-07-16 18:47:40,797 [om1-impl-thread1] INFO  storage.RaftStorageDirectory (RaftStorageDirectoryImpl.java:analyzeStorage(137)) - The storage directory /home/runner/work/ozone/ozone/hadoop-ozone/integration-test/target/test-dir/MiniOzoneClusterImpl-5b665439-b9a5-4360-aef4-da1357485736/ozone-meta/ratis/bf265839-605b-3f16-9796-c5ba1605619e does not exist. Creating ...
2023-07-16 18:47:40,803 [om1-impl-thread1] INFO  storage.RaftStorageDirectory (RaftStorageDirectoryImpl.java:tryLock(231)) - Lock on /home/runner/work/ozone/ozone/hadoop-ozone/integration-test/target/test-dir/MiniOzoneClusterImpl-5b665439-b9a5-4360-aef4-da1357485736/ozone-meta/ratis/bf265839-605b-3f16-9796-c5ba1605619e/in_use.lock acquired by nodename 29753@fv-az447-333
2023-07-16 18:47:40,809 [om1-impl-thread1] INFO  storage.RaftStorage (RaftStorageImpl.java:format(96)) - Storage directory /home/runner/work/ozone/ozone/hadoop-ozone/integration-test/target/test-dir/MiniOzoneClusterImpl-5b665439-b9a5-4360-aef4-da1357485736/ozone-meta/ratis/bf265839-605b-3f16-9796-c5ba1605619e has been successfully formatted.
2023-07-16 18:47:40,813 [om1-impl-thread1] INFO  server.RaftServerConfigKeys (ConfUtils.java:logGet(46)) - raft.server.log.use.memory = false (default)
2023-07-16 18:47:40,821 [om1-impl-thread1] INFO  server.RaftServerConfigKeys (ConfUtils.java:logGet(46)) - raft.server.log.purge.gap = 1000000 (custom)
2023-07-16 18:47:40,821 [om1-impl-thread1] INFO  server.RaftServerConfigKeys (ConfUtils.java:logGet(46)) - raft.server.log.appender.buffer.byte-limit = 33554432 (custom)
2023-07-16 18:47:40,824 [om1-impl-thread1] INFO  server.RaftServerConfigKeys (ConfUtils.java:logGet(46)) - raft.server.log.statemachine.data.read.timeout = 1000ms (default)
2023-07-16 18:47:40,824 [om1-impl-thread1] INFO  server.RaftServerConfigKeys (ConfUtils.java:logGet(46)) - raft.server.log.purge.preservation.log.num = 0 (default)
2023-07-16 18:47:40,827 [om1-impl-thread1] INFO  server.RaftServerConfigKeys (ConfUtils.java:logGet(46)) - raft.server.log.segment.size.max = 4194304 (custom)
2023-07-16 18:47:40,835 [om1-impl-thread1] INFO  server.RaftServerConfigKeys (ConfUtils.java:logGet(46)) - raft.server.log.segment.cache.num.max = 2 (custom)
2023-07-16 18:47:40,836 [om1-impl-thread1] INFO  server.RaftServerConfigKeys (ConfUtils.java:logGet(46)) - raft.server.log.segment.cache.size.max = 200MB (=209715200) (default)
2023-07-16 18:47:40,836 [om1-impl-thread1] INFO  server.RaftServerConfigKeys (ConfUtils.java:logGet(46)) - raft.server.log.appender.buffer.byte-limit = 33554432 (custom)
2023-07-16 18:47:40,842 [om1-impl-thread1] INFO  segmented.SegmentedRaftLogWorker (SegmentedRaftLogWorker.java:<init>(188)) - new om1@group-C5BA1605619E-SegmentedRaftLogWorker for RaftStorageImpl:Storage Directory /home/runner/work/ozone/ozone/hadoop-ozone/integration-test/target/test-dir/MiniOzoneClusterImpl-5b665439-b9a5-4360-aef4-da1357485736/ozone-meta/ratis/bf265839-605b-3f16-9796-c5ba1605619e
2023-07-16 18:47:40,842 [om1-impl-thread1] INFO  server.RaftServerConfigKeys (ConfUtils.java:logGet(46)) - raft.server.log.queue.byte-limit = 64MB (=67108864) (default)
2023-07-16 18:47:40,843 [om1-impl-thread1] INFO  server.RaftServerConfigKeys (ConfUtils.java:logGet(46)) - raft.server.log.queue.element-limit = 4096 (default)
2023-07-16 18:47:40,844 [om1-impl-thread1] INFO  server.RaftServerConfigKeys (ConfUtils.java:logGet(46)) - raft.server.log.segment.size.max = 4194304 (custom)
2023-07-16 18:47:40,845 [om1-impl-thread1] INFO  server.RaftServerConfigKeys (ConfUtils.java:logGet(46)) - raft.server.log.preallocated.size = 4194304 (custom)
2023-07-16 18:47:40,845 [om1-impl-thread1] INFO  server.RaftServerConfigKeys (ConfUtils.java:logGet(46)) - raft.server.log.force.sync.num = 128 (default)
2023-07-16 18:47:40,846 [om1-impl-thread1] INFO  server.RaftServerConfigKeys (ConfUtils.java:logGet(46)) - raft.server.log.statemachine.data.sync = true (default)
2023-07-16 18:47:40,846 [om1-impl-thread1] INFO  server.RaftServerConfigKeys (ConfUtils.java:logGet(46)) - raft.server.log.statemachine.data.sync.timeout = 10s (default)
2023-07-16 18:47:40,847 [om1-impl-thread1] INFO  server.RaftServerConfigKeys (ConfUtils.java:logGet(46)) - raft.server.log.statemachine.data.sync.timeout.retry = -1 (default)
2023-07-16 18:47:40,858 [om1-impl-thread1] INFO  server.RaftServerConfigKeys (ConfUtils.java:logGet(46)) - raft.server.log.write.buffer.size = 64KB (=65536) (default)
2023-07-16 18:47:40,858 [om1-impl-thread1] INFO  server.RaftServerConfigKeys (ConfUtils.java:logGet(46)) - raft.server.log.appender.buffer.byte-limit = 33554432 (custom)
2023-07-16 18:47:40,896 [om1-impl-thread1] INFO  server.RaftServerConfigKeys (ConfUtils.java:logGet(46)) - raft.server.log.unsafe-flush.enabled = false (default)
2023-07-16 18:47:40,896 [om1-impl-thread1] INFO  server.RaftServerConfigKeys (ConfUtils.java:logGet(46)) - raft.server.log.async-flush.enabled = false (default)
2023-07-16 18:47:40,897 [om1-impl-thread1] INFO  server.RaftServerConfigKeys (ConfUtils.java:logGet(46)) - raft.server.log.statemachine.data.caching.enabled = false (default)
2023-07-16 18:47:40,903 [om1-impl-thread1] INFO  segmented.SegmentedRaftLogWorker (SegmentedRaftLogWorker.java:lambda$new$0(135)) - om1@group-C5BA1605619E-SegmentedRaftLogWorker: flushIndex: setUnconditionally 0 -> -1
2023-07-16 18:47:40,903 [om1-impl-thread1] INFO  segmented.SegmentedRaftLogWorker (SegmentedRaftLogWorker.java:lambda$new$0(135)) - om1@group-C5BA1605619E-SegmentedRaftLogWorker: safeCacheEvictIndex: setUnconditionally 0 -> -1
2023-07-16 18:47:40,906 [om1-impl-thread1] INFO  server.RaftServer$Division (RaftServerImpl.java:start(342)) - om1@group-C5BA1605619E: start as a follower, conf=-1: peers:[om1|rpc:localhost:15007|priority:0|startupRole:FOLLOWER]|listeners:[], old=null
2023-07-16 18:47:40,906 [om1-impl-thread1] INFO  server.RaftServer$Division (RaftServerImpl.java:setRole(329)) - om1@group-C5BA1605619E: changes role from      null to FOLLOWER at term 0 for startAsFollower
2023-07-16 18:47:40,908 [om1-impl-thread1] INFO  impl.RoleInfo (RoleInfo.java:updateAndGet(139)) - om1: start om1@group-C5BA1605619E-FollowerState
2023-07-16 18:47:40,913 [om1-impl-thread1] INFO  util.JmxRegister (JmxRegister.java:tryRegister(44)) - Successfully registered JMX Bean with object name Ratis:service=RaftServer,group=group-C5BA1605619E,id=om1
2023-07-16 18:47:40,916 [om1@group-C5BA1605619E-FollowerState] INFO  server.RaftServerConfigKeys (ConfUtils.java:logFallback(53)) - raft.server.rpc.first-election.timeout.min = 1s (fallback to raft.server.rpc.timeout.min)
2023-07-16 18:47:40,916 [om1@group-C5BA1605619E-FollowerState] INFO  server.RaftServerConfigKeys (ConfUtils.java:logFallback(53)) - raft.server.rpc.first-election.timeout.max = 1200ms (fallback to raft.server.rpc.timeout.max)
2023-07-16 18:47:40,917 [om1-impl-thread1] INFO  server.RaftServerConfigKeys (ConfUtils.java:logGet(46)) - raft.server.snapshot.auto.trigger.enabled = true (custom)
2023-07-16 18:47:40,917 [om1-impl-thread1] INFO  server.RaftServerConfigKeys (ConfUtils.java:logGet(46)) - raft.server.snapshot.auto.trigger.threshold = 400000 (default)
2023-07-16 18:47:40,918 [om1-impl-thread1] INFO  server.RaftServerConfigKeys (ConfUtils.java:logGet(46)) - raft.server.snapshot.retention.file.num = -1 (default)
2023-07-16 18:47:40,919 [om1-impl-thread1] INFO  server.RaftServerConfigKeys (ConfUtils.java:logGet(46)) - raft.server.log.purge.upto.snapshot.index = true (custom)
2023-07-16 18:47:40,922 [main] INFO  server.RaftServer (RaftServerProxy.java:startImpl(400)) - om1: start RPC server
2023-07-16 18:47:40,983 [main] INFO  server.GrpcService (GrpcService.java:startImpl(302)) - om1: GrpcService started, listening on 15007
2023-07-16 18:47:40,986 [main] INFO  om.OzoneManager (OzoneManager.java:start(1638)) - Version File has different layout version (6) than OM DB (null). That is expected if this OM has never been finalized to a newer layout version.
2023-07-16 18:47:40,992 [JvmPauseMonitor1] INFO  util.JvmPauseMonitor (JvmPauseMonitor.java:run(103)) - JvmPauseMonitor-om1: Started
2023-07-16 18:47:41,027 [main] INFO  http.BaseHttpServer (BaseHttpServer.java:newHttpServer2BuilderForOzone(224)) - Starting Web-server for ozoneManager at: http://0.0.0.0:15005
2023-07-16 18:47:41,027 [main] INFO  http.BaseHttpServer (BaseHttpServer.java:<init>(111)) - Hadoop Security Enabled: false Ozone Security Enabled: false Ozone HTTP Security Enabled: false 
2023-07-16 18:47:41,032 [main] WARN  server.AuthenticationFilter (AuthenticationFilter.java:constructSecretProvider(240)) - Unable to initialize FileSignerSecretProvider, falling back to use random secrets. Reason: Could not read signature secret file: /home/runner/hadoop-http-auth-signature-secret
2023-07-16 18:47:41,039 [main] INFO  http.HttpRequestLog (HttpRequestLog.java:getRequestLog(86)) - Http request log for http.requests.ozoneManager is not defined
2023-07-16 18:47:41,041 [main] INFO  http.HttpServer2 (HttpServer2.java:addGlobalFilter(1031)) - Added global filter 'safety' (class=org.apache.hadoop.hdds.server.http.HttpServer2$QuotingInputFilter)
2023-07-16 18:47:41,043 [main] INFO  http.HttpServer2 (HttpServer2.java:addFilter(1007)) - Added filter static_user_filter (class=org.apache.hadoop.http.lib.StaticUserWebFilter$StaticUserFilter) to context ozoneManager
2023-07-16 18:47:41,043 [main] INFO  http.HttpServer2 (HttpServer2.java:addFilter(1015)) - Added filter static_user_filter (class=org.apache.hadoop.http.lib.StaticUserWebFilter$StaticUserFilter) to context logs
2023-07-16 18:47:41,043 [main] INFO  http.HttpServer2 (HttpServer2.java:addFilter(1015)) - Added filter static_user_filter (class=org.apache.hadoop.http.lib.StaticUserWebFilter$StaticUserFilter) to context static
2023-07-16 18:47:41,044 [main] INFO  http.BaseHttpServer (BaseHttpServer.java:<init>(190)) - HTTP server of ozoneManager uses base directory /home/runner/work/ozone/ozone/hadoop-ozone/integration-test/target/test-dir/MiniOzoneClusterImpl-5b665439-b9a5-4360-aef4-da1357485736/ozone-meta/webserver
2023-07-16 18:47:41,048 [main] INFO  http.HttpServer2 (HttpServer2.java:bindListener(1250)) - Jetty bound to port 15005
2023-07-16 18:47:41,048 [main] INFO  server.Server (Server.java:doStart(375)) - jetty-9.4.51.v20230217; built: 2023-02-17T08:19:37.309Z; git: b45c405e4544384de066f814ed42ae3dceacdd49; jvm 1.8.0_372-b07
2023-07-16 18:47:41,058 [main] INFO  server.session (DefaultSessionIdManager.java:doStart(334)) - DefaultSessionIdManager workerName=node0
2023-07-16 18:47:41,058 [main] INFO  server.session (DefaultSessionIdManager.java:doStart(339)) - No SessionScavenger set, using defaults
2023-07-16 18:47:41,059 [main] INFO  server.session (HouseKeeper.java:startScavenging(132)) - node0 Scavenging every 600000ms
2023-07-16 18:47:41,060 [main] INFO  handler.ContextHandler (ContextHandler.java:doStart(921)) - Started o.e.j.s.ServletContextHandler@f5ebccc{logs,/logs,file:///home/runner/work/ozone/ozone/hadoop-ozone/integration-test/target/log,AVAILABLE}
2023-07-16 18:47:41,060 [main] INFO  handler.ContextHandler (ContextHandler.java:doStart(921)) - Started o.e.j.s.ServletContextHandler@76a89ffa{static,/static,file:///home/runner/work/ozone/ozone/hadoop-ozone/integration-test/target/test-classes/webapps/static,AVAILABLE}
2023-07-16 18:47:41,068 [main] INFO  handler.ContextHandler (ContextHandler.java:doStart(921)) - Started o.e.j.w.WebAppContext@8847a1d{ozoneManager,/,file:///home/runner/work/ozone/ozone/hadoop-ozone/integration-test/target/test-classes/webapps/ozoneManager/,AVAILABLE}{file:/home/runner/work/ozone/ozone/hadoop-ozone/integration-test/target/test-classes/webapps/ozoneManager}
2023-07-16 18:47:41,071 [main] INFO  server.AbstractConnector (AbstractConnector.java:doStart(333)) - Started ServerConnector@43e32f01{HTTP/1.1, (http/1.1)}{0.0.0.0:15005}
2023-07-16 18:47:41,071 [main] INFO  server.Server (Server.java:doStart(415)) - Started @10688ms
2023-07-16 18:47:41,072 [main] WARN  impl.MetricsSystemImpl (MetricsSystemImpl.java:register(279)) - Sink prometheus already exists!
2023-07-16 18:47:41,073 [main] INFO  http.BaseHttpServer (BaseHttpServer.java:updateConnectorAddress(344)) - HTTP server of ozoneManager listening at http://0.0.0.0:15005
2023-07-16 18:47:41,074 [IPC Server Responder] INFO  ipc.Server (Server.java:run(1562)) - IPC Server Responder: starting
2023-07-16 18:47:41,074 [IPC Server listener on 15004] INFO  ipc.Server (Server.java:run(1402)) - IPC Server listener on 15004: starting
2023-07-16 18:47:41,088 [main] INFO  om.OzoneManager (OzoneManager.java:startTrashEmptier(2090)) - Trash Interval set to 0. Files deleted won't move to trash
2023-07-16 18:47:41,251 [main] WARN  impl.MetricRegistriesImpl (MetricRegistriesImpl.java:addReporterRegistration(111)) - New reporters are added after registries were created. Some metrics will be missing from the reporter. Please add reporter before adding any new registry.
2023-07-16 18:47:41,252 [main] WARN  impl.MetricRegistriesImpl (MetricRegistriesImpl.java:addReporterRegistration(111)) - New reporters are added after registries were created. Some metrics will be missing from the reporter. Please add reporter before adding any new registry.
2023-07-16 18:47:41,252 [main] INFO  impl.MetricsSystemImpl (MetricsSystemImpl.java:init(158)) - HddsDatanode metrics system started (again)
2023-07-16 18:47:41,275 [main] INFO  ozone.HddsDatanodeService (HddsDatanodeService.java:start(237)) - HddsDatanodeService host:fv-az447-333.tnmeiuxxsqeu3byeydcnbj0j5d.dx.internal.cloudapp.net ip:10.1.0.39
2023-07-16 18:47:41,319 [main] INFO  upgrade.AbstractLayoutVersionManager (AbstractLayoutVersionManager.java:init(83)) - Initializing Layout version manager with metadata layout = HADOOP_PRC_PORTS_IN_DATANODEDETAILS (version = 7), software layout = HADOOP_PRC_PORTS_IN_DATANODEDETAILS (version = 7)
2023-07-16 18:47:41,327 [main] INFO  statemachine.DatanodeStateMachine (DatanodeStateMachine.java:getEndPointTaskThreadPoolSize(279)) - Datanode State Machine Task Thread Pool size 2
2023-07-16 18:47:41,408 [main] INFO  volume.HddsVolume (HddsVolume.java:<init>(126)) - Creating HddsVolume: /home/runner/work/ozone/ozone/hadoop-ozone/integration-test/target/test-dir/MiniOzoneClusterImpl-5b665439-b9a5-4360-aef4-da1357485736/datanode-0/data-0/containers/hdds of storage type : DISK capacity : 9223372036854775807
2023-07-16 18:47:41,412 [main] INFO  volume.MutableVolumeSet (MutableVolumeSet.java:initializeVolumeSet(175)) - Added Volume : /home/runner/work/ozone/ozone/hadoop-ozone/integration-test/target/test-dir/MiniOzoneClusterImpl-5b665439-b9a5-4360-aef4-da1357485736/datanode-0/data-0/containers/hdds to VolumeSet
2023-07-16 18:47:41,413 [main] INFO  volume.ThrottledAsyncChecker (ThrottledAsyncChecker.java:schedule(141)) - Scheduling a check for /home/runner/work/ozone/ozone/hadoop-ozone/integration-test/target/test-dir/MiniOzoneClusterImpl-5b665439-b9a5-4360-aef4-da1357485736/datanode-0/data-0/containers/hdds
2023-07-16 18:47:41,443 [main] INFO  volume.StorageVolumeChecker (StorageVolumeChecker.java:checkAllVolumes(202)) - Scheduled health check for volume /home/runner/work/ozone/ozone/hadoop-ozone/integration-test/target/test-dir/MiniOzoneClusterImpl-5b665439-b9a5-4360-aef4-da1357485736/datanode-0/data-0/containers/hdds
2023-07-16 18:47:41,449 [main] INFO  volume.MutableVolumeSet (MutableVolumeSet.java:initializeVolumeSet(175)) - Added Volume : /home/runner/work/ozone/ozone/hadoop-ozone/integration-test/target/test-dir/MiniOzoneClusterImpl-5b665439-b9a5-4360-aef4-da1357485736/datanode-0/data/ratis to VolumeSet
2023-07-16 18:47:41,450 [main] INFO  volume.ThrottledAsyncChecker (ThrottledAsyncChecker.java:schedule(141)) - Scheduling a check for /home/runner/work/ozone/ozone/hadoop-ozone/integration-test/target/test-dir/MiniOzoneClusterImpl-5b665439-b9a5-4360-aef4-da1357485736/datanode-0/data/ratis
2023-07-16 18:47:41,450 [main] INFO  volume.StorageVolumeChecker (StorageVolumeChecker.java:checkAllVolumes(202)) - Scheduled health check for volume /home/runner/work/ozone/ozone/hadoop-ozone/integration-test/target/test-dir/MiniOzoneClusterImpl-5b665439-b9a5-4360-aef4-da1357485736/datanode-0/data/ratis
2023-07-16 18:47:41,473 [Thread-139] INFO  ozoneimpl.ContainerReader (ContainerReader.java:readVolume(177)) - Finish verifying containers on volume /home/runner/work/ozone/ozone/hadoop-ozone/integration-test/target/test-dir/MiniOzoneClusterImpl-5b665439-b9a5-4360-aef4-da1357485736/datanode-0/data-0/containers/hdds
2023-07-16 18:47:41,473 [main] INFO  ozoneimpl.OzoneContainer (OzoneContainer.java:buildContainerSet(316)) - Build ContainerSet costs 0s
2023-07-16 18:47:41,546 [main] INFO  audit.AuditLogger (AuditLogger.java:refreshDebugCmdSet(126)) - Refresh DebugCmdSet for DNAudit to [].
2023-07-16 18:47:41,581 [main] INFO  server.RaftServer (ConfUtils.java:logGet(46)) - raft.rpc.type = GRPC (default)
2023-07-16 18:47:41,583 [main] INFO  grpc.GrpcConfigKeys (ConfUtils.java:logFallback(53)) - raft.grpc.admin.host = null (fallback to raft.grpc.server.host)
2023-07-16 18:47:41,583 [main] INFO  grpc.GrpcConfigKeys (ConfUtils.java:logGet(46)) - raft.grpc.admin.port = 15013 (custom)
2023-07-16 18:47:41,583 [main] INFO  grpc.GrpcConfigKeys (ConfUtils.java:logFallback(53)) - raft.grpc.client.host = null (fallback to raft.grpc.server.host)
2023-07-16 18:47:41,584 [main] INFO  grpc.GrpcConfigKeys (ConfUtils.java:logGet(46)) - raft.grpc.client.port = 15012 (custom)
2023-07-16 18:47:41,584 [main] INFO  grpc.GrpcConfigKeys (ConfUtils.java:logGet(46)) - raft.grpc.server.host = null (default)
2023-07-16 18:47:41,585 [main] INFO  grpc.GrpcConfigKeys (ConfUtils.java:logGet(46)) - raft.grpc.server.port = 15014 (custom)
2023-07-16 18:47:41,585 [main] INFO  server.GrpcService (ConfUtils.java:logGet(46)) - raft.grpc.message.size.max = 32MB (=33554432) (custom)
2023-07-16 18:47:41,585 [main] INFO  server.RaftServerConfigKeys (ConfUtils.java:logGet(46)) - raft.server.log.appender.buffer.byte-limit = 33554432 (custom)
2023-07-16 18:47:41,585 [main] INFO  server.GrpcService (ConfUtils.java:logGet(46)) - raft.grpc.flow.control.window = 5MB (=5242880) (custom)
2023-07-16 18:47:41,586 [main] INFO  server.RaftServerConfigKeys (ConfUtils.java:logGet(46)) - raft.server.rpc.request.timeout = 3000ms (default)
2023-07-16 18:47:41,586 [main] INFO  grpc.GrpcConfigKeys (ConfUtils.java:logGet(46)) - raft.grpc.server.heartbeat.channel = true (default)
2023-07-16 18:47:41,587 [main] INFO  grpc.GrpcConfigKeys (ConfUtils.java:logGet(46)) - raft.grpc.server.async.request.thread.pool.cached = true (default)
2023-07-16 18:47:41,587 [main] INFO  grpc.GrpcConfigKeys (ConfUtils.java:logGet(46)) - raft.grpc.server.async.request.thread.pool.size = 32 (default)
2023-07-16 18:47:41,591 [main] INFO  impl.DataStreamServerImpl (ConfUtils.java:logGet(46)) - raft.datastream.type = NETTY (custom)
2023-07-16 18:47:41,603 [main] INFO  server.RaftServerConfigKeys (ConfUtils.java:logGet(46)) - raft.server.data-stream.async.request.thread.pool.cached = false (default)
2023-07-16 18:47:41,603 [main] INFO  server.RaftServerConfigKeys (ConfUtils.java:logGet(46)) - raft.server.data-stream.async.request.thread.pool.size = 20 (custom)
2023-07-16 18:47:41,604 [main] INFO  server.RaftServerConfigKeys (ConfUtils.java:logGet(46)) - raft.server.data-stream.async.write.thread.pool.size = 16 (default)
2023-07-16 18:47:41,605 [main] INFO  server.RaftServerConfigKeys (ConfUtils.java:logGet(46)) - raft.server.data-stream.client.pool.size = 10 (default)
2023-07-16 18:47:41,609 [main] INFO  netty.NettyConfigKeys$DataStream (ConfUtils.java:logGet(46)) - raft.netty.dataStream.server.use-epoll = false (default)
2023-07-16 18:47:41,609 [main] INFO  netty.NettyConfigKeys$DataStream (ConfUtils.java:logGet(46)) - raft.netty.dataStream.server.boss-group.size = 0 (default)
2023-07-16 18:47:41,617 [main] INFO  netty.NettyConfigKeys$DataStream (ConfUtils.java:logGet(46)) - raft.netty.dataStream.server.worker-group.size = 0 (default)
2023-07-16 18:47:41,633 [main] INFO  netty.NettyConfigKeys$DataStream (ConfUtils.java:logGet(46)) - raft.netty.dataStream.server.tls.conf = null (default)
2023-07-16 18:47:41,635 [main] INFO  netty.NettyConfigKeys$DataStream (ConfUtils.java:logGet(46)) - raft.netty.dataStream.host = null (default)
2023-07-16 18:47:41,636 [main] INFO  netty.NettyConfigKeys$DataStream (ConfUtils.java:logGet(46)) - raft.netty.dataStream.port = 15015 (custom)
2023-07-16 18:47:41,654 [main] INFO  server.RaftServerConfigKeys (ConfUtils.java:logGet(46)) - raft.server.threadpool.proxy.cached = true (default)
2023-07-16 18:47:41,654 [main] INFO  server.RaftServerConfigKeys (ConfUtils.java:logGet(46)) - raft.server.threadpool.proxy.size = 0 (default)
2023-07-16 18:47:41,655 [main] INFO  server.RaftServerConfigKeys (ConfUtils.java:logGet(46)) - raft.server.rpc.slowness.timeout = 300000ms (custom)
2023-07-16 18:47:41,655 [main] INFO  server.RaftServerConfigKeys (ConfUtils.java:logGet(46)) - raft.server.leaderelection.leader.step-down.wait-time = 10s (default)
2023-07-16 18:47:41,656 [main] INFO  server.RaftServerConfigKeys (ConfUtils.java:logGet(46)) - raft.server.storage.dir = [/home/runner/work/ozone/ozone/hadoop-ozone/integration-test/target/test-dir/MiniOzoneClusterImpl-5b665439-b9a5-4360-aef4-da1357485736/datanode-0/data/ratis] (custom)
2023-07-16 18:47:41,670 [ff8dcbe0-085a-4b37-9405-11cf2c6e7733-NettyServerStreamRpc-bossGroup--thread1] INFO  logging.LoggingHandler (AbstractInternalLogger.java:log(148)) - [id: 0x80c0a2ef] REGISTERED
2023-07-16 18:47:41,671 [ff8dcbe0-085a-4b37-9405-11cf2c6e7733-NettyServerStreamRpc-bossGroup--thread1] INFO  logging.LoggingHandler (AbstractInternalLogger.java:log(148)) - [id: 0x80c0a2ef] BIND: 0.0.0.0/0.0.0.0:15015
2023-07-16 18:47:41,671 [ff8dcbe0-085a-4b37-9405-11cf2c6e7733-NettyServerStreamRpc-bossGroup--thread1] INFO  logging.LoggingHandler (AbstractInternalLogger.java:log(148)) - [id: 0x80c0a2ef, L:/0:0:0:0:0:0:0:0:15015] ACTIVE
2023-07-16 18:47:41,685 [main] INFO  server.XceiverServerGrpc (XceiverServerGrpc.java:<init>(132)) - GrpcServer channel type EpollServerSocketChannel
2023-07-16 18:47:41,743 [main] INFO  replication.ReplicationSupervisor (ReplicationSupervisor.java:nodeStateUpdated(305)) - Node state updated to IN_SERVICE, scaling executor pool size to 10
2023-07-16 18:47:41,813 [main] INFO  http.BaseHttpServer (BaseHttpServer.java:newHttpServer2BuilderForOzone(224)) - Starting Web-server for hddsDatanode at: http://0.0.0.0:15009
2023-07-16 18:47:41,813 [main] INFO  http.BaseHttpServer (BaseHttpServer.java:<init>(111)) - Hadoop Security Enabled: false Ozone Security Enabled: false Ozone HTTP Security Enabled: false 
2023-07-16 18:47:41,817 [main] WARN  server.AuthenticationFilter (AuthenticationFilter.java:constructSecretProvider(240)) - Unable to initialize FileSignerSecretProvider, falling back to use random secrets. Reason: Could not read signature secret file: /home/runner/hadoop-http-auth-signature-secret
2023-07-16 18:47:41,820 [main] INFO  http.HttpRequestLog (HttpRequestLog.java:getRequestLog(86)) - Http request log for http.requests.hddsDatanode is not defined
2023-07-16 18:47:41,823 [main] INFO  http.HttpServer2 (HttpServer2.java:addGlobalFilter(1031)) - Added global filter 'safety' (class=org.apache.hadoop.hdds.server.http.HttpServer2$QuotingInputFilter)
2023-07-16 18:47:41,824 [main] INFO  http.HttpServer2 (HttpServer2.java:addFilter(1007)) - Added filter static_user_filter (class=org.apache.hadoop.http.lib.StaticUserWebFilter$StaticUserFilter) to context hddsDatanode
2023-07-16 18:47:41,825 [main] INFO  http.HttpServer2 (HttpServer2.java:addFilter(1015)) - Added filter static_user_filter (class=org.apache.hadoop.http.lib.StaticUserWebFilter$StaticUserFilter) to context logs
2023-07-16 18:47:41,825 [main] INFO  http.HttpServer2 (HttpServer2.java:addFilter(1015)) - Added filter static_user_filter (class=org.apache.hadoop.http.lib.StaticUserWebFilter$StaticUserFilter) to context static
2023-07-16 18:47:41,829 [main] INFO  http.BaseHttpServer (BaseHttpServer.java:<init>(190)) - HTTP server of hddsDatanode uses base directory /home/runner/work/ozone/ozone/hadoop-ozone/integration-test/target/test-dir/MiniOzoneClusterImpl-5b665439-b9a5-4360-aef4-da1357485736/datanode-0/meta/webserver
2023-07-16 18:47:41,829 [main] INFO  http.HttpServer2 (HttpServer2.java:bindListener(1250)) - Jetty bound to port 15009
2023-07-16 18:47:41,829 [main] INFO  server.Server (Server.java:doStart(375)) - jetty-9.4.51.v20230217; built: 2023-02-17T08:19:37.309Z; git: b45c405e4544384de066f814ed42ae3dceacdd49; jvm 1.8.0_372-b07
2023-07-16 18:47:41,838 [main] INFO  server.session (DefaultSessionIdManager.java:doStart(334)) - DefaultSessionIdManager workerName=node0
2023-07-16 18:47:41,838 [main] INFO  server.session (DefaultSessionIdManager.java:doStart(339)) - No SessionScavenger set, using defaults
2023-07-16 18:47:41,838 [main] INFO  server.session (HouseKeeper.java:startScavenging(132)) - node0 Scavenging every 660000ms
2023-07-16 18:47:41,839 [main] INFO  handler.ContextHandler (ContextHandler.java:doStart(921)) - Started o.e.j.s.ServletContextHandler@542b3be9{logs,/logs,file:///home/runner/work/ozone/ozone/hadoop-ozone/integration-test/target/log,AVAILABLE}
2023-07-16 18:47:41,840 [main] INFO  handler.ContextHandler (ContextHandler.java:doStart(921)) - Started o.e.j.s.ServletContextHandler@4147625b{static,/static,jar:file:/home/runner/.m2/repository/org/apache/ozone/hdds-container-service/1.4.0-SNAPSHOT/hdds-container-service-1.4.0-SNAPSHOT.jar!/webapps/static,AVAILABLE}
2023-07-16 18:47:42,037 [om1@group-C5BA1605619E-FollowerState] INFO  impl.FollowerState (FollowerState.java:run(143)) - om1@group-C5BA1605619E-FollowerState: change to CANDIDATE, lastRpcElapsedTime:1130175626ns, electionTimeout:1119ms
2023-07-16 18:47:42,039 [om1@group-C5BA1605619E-FollowerState] INFO  impl.RoleInfo (RoleInfo.java:shutdownFollowerState(110)) - om1: shutdown om1@group-C5BA1605619E-FollowerState
2023-07-16 18:47:42,040 [om1@group-C5BA1605619E-FollowerState] INFO  server.RaftServer$Division (RaftServerImpl.java:setRole(329)) - om1@group-C5BA1605619E: changes role from  FOLLOWER to CANDIDATE at term 0 for changeToCandidate
2023-07-16 18:47:42,043 [om1@group-C5BA1605619E-FollowerState] INFO  server.RaftServerConfigKeys (ConfUtils.java:logGet(46)) - raft.server.leaderelection.pre-vote = true (default)
2023-07-16 18:47:42,044 [om1@group-C5BA1605619E-FollowerState] INFO  impl.RoleInfo (RoleInfo.java:updateAndGet(139)) - om1: start om1@group-C5BA1605619E-LeaderElection1
2023-07-16 18:47:42,047 [om1@group-C5BA1605619E-LeaderElection1] INFO  impl.LeaderElection (LeaderElection.java:askForVotes(321)) - om1@group-C5BA1605619E-LeaderElection1 PRE_VOTE round 0: submit vote requests at term 0 for -1: peers:[om1|rpc:localhost:15007|priority:0|startupRole:FOLLOWER]|listeners:[], old=null
2023-07-16 18:47:42,048 [om1@group-C5BA1605619E-LeaderElection1] INFO  impl.LeaderElection (LeaderElection.java:askForVotes(323)) - om1@group-C5BA1605619E-LeaderElection1 PRE_VOTE round 0: result PASSED (term=0)
2023-07-16 18:47:42,050 [om1@group-C5BA1605619E-LeaderElection1] INFO  impl.LeaderElection (LeaderElection.java:askForVotes(321)) - om1@group-C5BA1605619E-LeaderElection1 ELECTION round 0: submit vote requests at term 1 for -1: peers:[om1|rpc:localhost:15007|priority:0|startupRole:FOLLOWER]|listeners:[], old=null
2023-07-16 18:47:42,051 [om1@group-C5BA1605619E-LeaderElection1] INFO  impl.LeaderElection (LeaderElection.java:askForVotes(323)) - om1@group-C5BA1605619E-LeaderElection1 ELECTION round 0: result PASSED (term=1)
2023-07-16 18:47:42,052 [om1@group-C5BA1605619E-LeaderElection1] INFO  impl.RoleInfo (RoleInfo.java:shutdownLeaderElection(130)) - om1: shutdown om1@group-C5BA1605619E-LeaderElection1
2023-07-16 18:47:42,053 [om1@group-C5BA1605619E-LeaderElection1] INFO  server.RaftServer$Division (RaftServerImpl.java:setRole(329)) - om1@group-C5BA1605619E: changes role from CANDIDATE to LEADER at term 1 for changeToLeader
2023-07-16 18:47:42,056 [om1@group-C5BA1605619E-LeaderElection1] INFO  server.RaftServer$Division (ServerState.java:setLeader(317)) - om1@group-C5BA1605619E: change Leader from null to om1 at term 1 for becomeLeader, leader elected after 2417ms
2023-07-16 18:47:42,065 [om1@group-C5BA1605619E-LeaderElection1] INFO  server.RaftServerConfigKeys (ConfUtils.java:logGet(46)) - raft.server.staging.catchup.gap = 1000 (default)
2023-07-16 18:47:42,077 [om1@group-C5BA1605619E-LeaderElection1] INFO  server.RaftServerConfigKeys (ConfUtils.java:logGet(46)) - raft.server.write.element-limit = 4096 (default)
2023-07-16 18:47:42,079 [om1@group-C5BA1605619E-LeaderElection1] INFO  server.RaftServerConfigKeys (ConfUtils.java:logGet(46)) - raft.server.write.byte-limit = 64MB (=67108864) (default)
2023-07-16 18:47:42,086 [om1@group-C5BA1605619E-LeaderElection1] INFO  server.RaftServerConfigKeys (ConfUtils.java:logGet(46)) - raft.server.watch.timeout = 10s (default)
2023-07-16 18:47:42,086 [om1@group-C5BA1605619E-LeaderElection1] INFO  server.RaftServerConfigKeys (ConfUtils.java:logGet(46)) - raft.server.watch.timeout.denomination = 1s (default)
2023-07-16 18:47:42,087 [om1@group-C5BA1605619E-LeaderElection1] INFO  server.RaftServerConfigKeys (ConfUtils.java:logGet(46)) - raft.server.watch.element-limit = 65536 (default)
2023-07-16 18:47:42,104 [om1@group-C5BA1605619E-LeaderElection1] INFO  server.RaftServerConfigKeys (ConfUtils.java:logGet(46)) - raft.server.write.element-limit = 4096 (default)
2023-07-16 18:47:42,108 [om1@group-C5BA1605619E-LeaderElection1] INFO  server.RaftServerConfigKeys (ConfUtils.java:logGet(46)) - raft.server.write.follower.gap.ratio.max = -1.0 (default)
2023-07-16 18:47:42,110 [om1@group-C5BA1605619E-LeaderElection1] INFO  impl.RoleInfo (RoleInfo.java:updateAndGet(139)) - om1: start om1@group-C5BA1605619E-LeaderStateImpl
2023-07-16 18:47:42,141 [om1@group-C5BA1605619E-LeaderElection1] INFO  segmented.SegmentedRaftLogWorker (SegmentedRaftLogWorker.java:startLogSegment(447)) - om1@group-C5BA1605619E-SegmentedRaftLogWorker: Starting segment from index:0
2023-07-16 18:47:42,212 [main] INFO  handler.ContextHandler (ContextHandler.java:doStart(921)) - Started o.e.j.w.WebAppContext@5a358e59{hddsDatanode,/,file:///home/runner/work/ozone/ozone/hadoop-ozone/integration-test/target/test-dir/MiniOzoneClusterImpl-5b665439-b9a5-4360-aef4-da1357485736/datanode-0/meta/webserver/jetty-0_0_0_0-15009-hdds-container-service-1_4_0-SNAPSHOT_jar-_-any-3297675486664533977/webapp/,AVAILABLE}{jar:file:/home/runner/.m2/repository/org/apache/ozone/hdds-container-service/1.4.0-SNAPSHOT/hdds-container-service-1.4.0-SNAPSHOT.jar!/webapps/hddsDatanode}
2023-07-16 18:47:42,220 [main] INFO  server.AbstractConnector (AbstractConnector.java:doStart(333)) - Started ServerConnector@746cae96{HTTP/1.1, (http/1.1)}{0.0.0.0:15009}
2023-07-16 18:47:42,220 [main] INFO  server.Server (Server.java:doStart(415)) - Started @11837ms
2023-07-16 18:47:42,220 [main] WARN  impl.MetricsSystemImpl (MetricsSystemImpl.java:register(279)) - Sink prometheus already exists!
2023-07-16 18:47:42,221 [main] INFO  http.BaseHttpServer (BaseHttpServer.java:updateConnectorAddress(344)) - HTTP server of hddsDatanode listening at http://0.0.0.0:15009
2023-07-16 18:47:42,227 [main] INFO  ipc.CallQueueManager (CallQueueManager.java:<init>(90)) - Using callQueue: class java.util.concurrent.LinkedBlockingQueue, queueCapacity: 100, scheduler: class org.apache.hadoop.ipc.DefaultRpcScheduler, ipcBackoff: false.
2023-07-16 18:47:42,229 [main] INFO  ipc.Server (Server.java:<init>(1287)) - Listener at 0.0.0.0:15010
2023-07-16 18:47:42,231 [om1@group-C5BA1605619E-LeaderElection1] INFO  server.RaftServer$Division (ServerState.java:setRaftConf(434)) - om1@group-C5BA1605619E: set configuration 0: peers:[om1|rpc:localhost:15007|admin:|client:|dataStream:|priority:0|startupRole:FOLLOWER]|listeners:[], old=null
2023-07-16 18:47:42,244 [main] INFO  ozone.HddsDatanodeService (HddsDatanodeService.java:start(315)) - Datanode start with admins: [runner]
2023-07-16 18:47:42,255 [main] INFO  ozone.HddsDatanodeClientProtocolServer (HddsDatanodeClientProtocolServer.java:start(72)) - RPC server for Client /0.0.0.0:15010
2023-07-16 18:47:42,237 [Socket Reader #1 for port 15010] INFO  ipc.Server (Server.java:run(1323)) - Starting Socket Reader #1 for port 15010
2023-07-16 18:47:42,256 [IPC Server Responder] INFO  ipc.Server (Server.java:run(1562)) - IPC Server Responder: starting
2023-07-16 18:47:42,256 [IPC Server listener on 15010] INFO  ipc.Server (Server.java:run(1402)) - IPC Server listener on 15010: starting
2023-07-16 18:47:42,258 [main] WARN  impl.MetricRegistriesImpl (MetricRegistriesImpl.java:addReporterRegistration(111)) - New reporters are added after registries were created. Some metrics will be missing from the reporter. Please add reporter before adding any new registry.
2023-07-16 18:47:42,258 [main] WARN  impl.MetricRegistriesImpl (MetricRegistriesImpl.java:addReporterRegistration(111)) - New reporters are added after registries were created. Some metrics will be missing from the reporter. Please add reporter before adding any new registry.
2023-07-16 18:47:42,258 [main] INFO  impl.MetricsSystemImpl (MetricsSystemImpl.java:init(158)) - HddsDatanode metrics system started (again)
2023-07-16 18:47:42,276 [Datanode State Machine Daemon Thread] INFO  statemachine.DatanodeStateMachine (DatanodeStateMachine.java:lambda$startDaemon$0(531)) - Ozone container server started.
2023-07-16 18:47:42,286 [main] INFO  ozone.HddsDatanodeService (HddsDatanodeService.java:start(237)) - HddsDatanodeService host:fv-az447-333.tnmeiuxxsqeu3byeydcnbj0j5d.dx.internal.cloudapp.net ip:10.1.0.39
2023-07-16 18:47:42,334 [main] INFO  upgrade.AbstractLayoutVersionManager (AbstractLayoutVersionManager.java:init(83)) - Initializing Layout version manager with metadata layout = HADOOP_PRC_PORTS_IN_DATANODEDETAILS (version = 7), software layout = HADOOP_PRC_PORTS_IN_DATANODEDETAILS (version = 7)
2023-07-16 18:47:42,338 [main] INFO  statemachine.DatanodeStateMachine (DatanodeStateMachine.java:getEndPointTaskThreadPoolSize(279)) - Datanode State Machine Task Thread Pool size 2
2023-07-16 18:47:42,357 [main] INFO  volume.HddsVolume (HddsVolume.java:<init>(126)) - Creating HddsVolume: /home/runner/work/ozone/ozone/hadoop-ozone/integration-test/target/test-dir/MiniOzoneClusterImpl-5b665439-b9a5-4360-aef4-da1357485736/datanode-1/data-0/containers/hdds of storage type : DISK capacity : 9223372036854775807
2023-07-16 18:47:42,358 [main] INFO  volume.MutableVolumeSet (MutableVolumeSet.java:initializeVolumeSet(175)) - Added Volume : /home/runner/work/ozone/ozone/hadoop-ozone/integration-test/target/test-dir/MiniOzoneClusterImpl-5b665439-b9a5-4360-aef4-da1357485736/datanode-1/data-0/containers/hdds to VolumeSet
2023-07-16 18:47:42,358 [main] INFO  volume.ThrottledAsyncChecker (ThrottledAsyncChecker.java:schedule(141)) - Scheduling a check for /home/runner/work/ozone/ozone/hadoop-ozone/integration-test/target/test-dir/MiniOzoneClusterImpl-5b665439-b9a5-4360-aef4-da1357485736/datanode-1/data-0/containers/hdds
2023-07-16 18:47:42,376 [main] INFO  volume.StorageVolumeChecker (StorageVolumeChecker.java:checkAllVolumes(202)) - Scheduled health check for volume /home/runner/work/ozone/ozone/hadoop-ozone/integration-test/target/test-dir/MiniOzoneClusterImpl-5b665439-b9a5-4360-aef4-da1357485736/datanode-1/data-0/containers/hdds
2023-07-16 18:47:42,378 [main] INFO  volume.MutableVolumeSet (MutableVolumeSet.java:initializeVolumeSet(175)) - Added Volume : /home/runner/work/ozone/ozone/hadoop-ozone/integration-test/target/test-dir/MiniOzoneClusterImpl-5b665439-b9a5-4360-aef4-da1357485736/datanode-1/data/ratis to VolumeSet
2023-07-16 18:47:42,378 [main] INFO  volume.ThrottledAsyncChecker (ThrottledAsyncChecker.java:schedule(141)) - Scheduling a check for /home/runner/work/ozone/ozone/hadoop-ozone/integration-test/target/test-dir/MiniOzoneClusterImpl-5b665439-b9a5-4360-aef4-da1357485736/datanode-1/data/ratis
2023-07-16 18:47:42,378 [main] INFO  volume.StorageVolumeChecker (StorageVolumeChecker.java:checkAllVolumes(202)) - Scheduled health check for volume /home/runner/work/ozone/ozone/hadoop-ozone/integration-test/target/test-dir/MiniOzoneClusterImpl-5b665439-b9a5-4360-aef4-da1357485736/datanode-1/data/ratis
2023-07-16 18:47:42,381 [Thread-158] INFO  ozoneimpl.ContainerReader (ContainerReader.java:readVolume(177)) - Finish verifying containers on volume /home/runner/work/ozone/ozone/hadoop-ozone/integration-test/target/test-dir/MiniOzoneClusterImpl-5b665439-b9a5-4360-aef4-da1357485736/datanode-1/data-0/containers/hdds
2023-07-16 18:47:42,390 [main] INFO  ozoneimpl.OzoneContainer (OzoneContainer.java:buildContainerSet(316)) - Build ContainerSet costs 0s
2023-07-16 18:47:42,396 [main] INFO  server.RaftServer (ConfUtils.java:logGet(46)) - raft.rpc.type = GRPC (default)
2023-07-16 18:47:42,396 [main] INFO  grpc.GrpcConfigKeys (ConfUtils.java:logFallback(53)) - raft.grpc.admin.host = null (fallback to raft.grpc.server.host)
2023-07-16 18:47:42,397 [main] INFO  grpc.GrpcConfigKeys (ConfUtils.java:logGet(46)) - raft.grpc.admin.port = 15022 (custom)
2023-07-16 18:47:42,397 [main] INFO  grpc.GrpcConfigKeys (ConfUtils.java:logFallback(53)) - raft.grpc.client.host = null (fallback to raft.grpc.server.host)
2023-07-16 18:47:42,397 [main] INFO  grpc.GrpcConfigKeys (ConfUtils.java:logGet(46)) - raft.grpc.client.port = 15021 (custom)
2023-07-16 18:47:42,397 [main] INFO  grpc.GrpcConfigKeys (ConfUtils.java:logGet(46)) - raft.grpc.server.host = null (default)
2023-07-16 18:47:42,398 [main] INFO  grpc.GrpcConfigKeys (ConfUtils.java:logGet(46)) - raft.grpc.server.port = 15023 (custom)
2023-07-16 18:47:42,399 [main] INFO  server.GrpcService (ConfUtils.java:logGet(46)) - raft.grpc.message.size.max = 32MB (=33554432) (custom)
2023-07-16 18:47:42,399 [main] INFO  server.RaftServerConfigKeys (ConfUtils.java:logGet(46)) - raft.server.log.appender.buffer.byte-limit = 33554432 (custom)
2023-07-16 18:47:42,399 [main] INFO  server.GrpcService (ConfUtils.java:logGet(46)) - raft.grpc.flow.control.window = 5MB (=5242880) (custom)
2023-07-16 18:47:42,402 [main] INFO  server.RaftServerConfigKeys (ConfUtils.java:logGet(46)) - raft.server.rpc.request.timeout = 3000ms (default)
2023-07-16 18:47:42,402 [main] INFO  grpc.GrpcConfigKeys (ConfUtils.java:logGet(46)) - raft.grpc.server.heartbeat.channel = true (default)
2023-07-16 18:47:42,402 [main] INFO  grpc.GrpcConfigKeys (ConfUtils.java:logGet(46)) - raft.grpc.server.async.request.thread.pool.cached = true (default)
2023-07-16 18:47:42,403 [main] INFO  grpc.GrpcConfigKeys (ConfUtils.java:logGet(46)) - raft.grpc.server.async.request.thread.pool.size = 32 (default)
2023-07-16 18:47:42,412 [main] INFO  impl.DataStreamServerImpl (ConfUtils.java:logGet(46)) - raft.datastream.type = NETTY (custom)
2023-07-16 18:47:42,425 [main] INFO  server.RaftServerConfigKeys (ConfUtils.java:logGet(46)) - raft.server.data-stream.async.request.thread.pool.cached = false (default)
2023-07-16 18:47:42,425 [main] INFO  server.RaftServerConfigKeys (ConfUtils.java:logGet(46)) - raft.server.data-stream.async.request.thread.pool.size = 20 (custom)
2023-07-16 18:47:42,425 [main] INFO  server.RaftServerConfigKeys (ConfUtils.java:logGet(46)) - raft.server.data-stream.async.write.thread.pool.size = 16 (default)
2023-07-16 18:47:42,426 [main] INFO  server.RaftServerConfigKeys (ConfUtils.java:logGet(46)) - raft.server.data-stream.client.pool.size = 10 (default)
2023-07-16 18:47:42,426 [main] INFO  netty.NettyConfigKeys$DataStream (ConfUtils.java:logGet(46)) - raft.netty.dataStream.server.use-epoll = false (default)
2023-07-16 18:47:42,426 [main] INFO  netty.NettyConfigKeys$DataStream (ConfUtils.java:logGet(46)) - raft.netty.dataStream.server.boss-group.size = 0 (default)
2023-07-16 18:47:42,427 [main] INFO  netty.NettyConfigKeys$DataStream (ConfUtils.java:logGet(46)) - raft.netty.dataStream.server.worker-group.size = 0 (default)
2023-07-16 18:47:42,427 [main] INFO  netty.NettyConfigKeys$DataStream (ConfUtils.java:logGet(46)) - raft.netty.dataStream.server.tls.conf = null (default)
2023-07-16 18:47:42,427 [main] INFO  netty.NettyConfigKeys$DataStream (ConfUtils.java:logGet(46)) - raft.netty.dataStream.host = null (default)
2023-07-16 18:47:42,427 [main] INFO  netty.NettyConfigKeys$DataStream (ConfUtils.java:logGet(46)) - raft.netty.dataStream.port = 15024 (custom)
2023-07-16 18:47:42,432 [main] INFO  server.RaftServerConfigKeys (ConfUtils.java:logGet(46)) - raft.server.threadpool.proxy.cached = true (default)
2023-07-16 18:47:42,438 [main] INFO  server.RaftServerConfigKeys (ConfUtils.java:logGet(46)) - raft.server.threadpool.proxy.size = 0 (default)
2023-07-16 18:47:42,439 [main] INFO  server.RaftServerConfigKeys (ConfUtils.java:logGet(46)) - raft.server.rpc.slowness.timeout = 300000ms (custom)
2023-07-16 18:47:42,439 [main] INFO  server.RaftServerConfigKeys (ConfUtils.java:logGet(46)) - raft.server.leaderelection.leader.step-down.wait-time = 10s (default)
2023-07-16 18:47:42,440 [main] INFO  server.RaftServerConfigKeys (ConfUtils.java:logGet(46)) - raft.server.storage.dir = [/home/runner/work/ozone/ozone/hadoop-ozone/integration-test/target/test-dir/MiniOzoneClusterImpl-5b665439-b9a5-4360-aef4-da1357485736/datanode-1/data/ratis] (custom)
2023-07-16 18:47:42,462 [om1@group-C5BA1605619E-SegmentedRaftLogWorker] INFO  segmented.SegmentedRaftLogWorker (SegmentedRaftLogWorker.java:execute(651)) - om1@group-C5BA1605619E-SegmentedRaftLogWorker: created new log segment /home/runner/work/ozone/ozone/hadoop-ozone/integration-test/target/test-dir/MiniOzoneClusterImpl-5b665439-b9a5-4360-aef4-da1357485736/ozone-meta/ratis/bf265839-605b-3f16-9796-c5ba1605619e/current/log_inprogress_0
2023-07-16 18:47:42,488 [main] INFO  server.XceiverServerGrpc (XceiverServerGrpc.java:<init>(132)) - GrpcServer channel type EpollServerSocketChannel
2023-07-16 18:47:42,491 [main] INFO  replication.ReplicationSupervisor (ReplicationSupervisor.java:nodeStateUpdated(305)) - Node state updated to IN_SERVICE, scaling executor pool size to 10
2023-07-16 18:47:42,510 [main] INFO  http.BaseHttpServer (BaseHttpServer.java:newHttpServer2BuilderForOzone(224)) - Starting Web-server for hddsDatanode at: http://0.0.0.0:15018
2023-07-16 18:47:42,510 [main] INFO  http.BaseHttpServer (BaseHttpServer.java:<init>(111)) - Hadoop Security Enabled: false Ozone Security Enabled: false Ozone HTTP Security Enabled: false 
2023-07-16 18:47:42,514 [main] WARN  server.AuthenticationFilter (AuthenticationFilter.java:constructSecretProvider(240)) - Unable to initialize FileSignerSecretProvider, falling back to use random secrets. Reason: Could not read signature secret file: /home/runner/hadoop-http-auth-signature-secret
2023-07-16 18:47:42,520 [main] INFO  http.HttpRequestLog (HttpRequestLog.java:getRequestLog(86)) - Http request log for http.requests.hddsDatanode is not defined
2023-07-16 18:47:42,486 [12eac62c-7669-4502-8935-23b1d5049dac-NettyServerStreamRpc-bossGroup--thread1] INFO  logging.LoggingHandler (AbstractInternalLogger.java:log(148)) - [id: 0xd3e50e87] REGISTERED
2023-07-16 18:47:42,521 [12eac62c-7669-4502-8935-23b1d5049dac-NettyServerStreamRpc-bossGroup--thread1] INFO  logging.LoggingHandler (AbstractInternalLogger.java:log(148)) - [id: 0xd3e50e87] BIND: 0.0.0.0/0.0.0.0:15024
2023-07-16 18:47:42,521 [12eac62c-7669-4502-8935-23b1d5049dac-NettyServerStreamRpc-bossGroup--thread1] INFO  logging.LoggingHandler (AbstractInternalLogger.java:log(148)) - [id: 0xd3e50e87, L:/0:0:0:0:0:0:0:0:15024] ACTIVE
2023-07-16 18:47:42,525 [main] INFO  http.HttpServer2 (HttpServer2.java:addGlobalFilter(1031)) - Added global filter 'safety' (class=org.apache.hadoop.hdds.server.http.HttpServer2$QuotingInputFilter)
2023-07-16 18:47:42,526 [main] INFO  http.HttpServer2 (HttpServer2.java:addFilter(1007)) - Added filter static_user_filter (class=org.apache.hadoop.http.lib.StaticUserWebFilter$StaticUserFilter) to context hddsDatanode
2023-07-16 18:47:42,527 [main] INFO  http.HttpServer2 (HttpServer2.java:addFilter(1015)) - Added filter static_user_filter (class=org.apache.hadoop.http.lib.StaticUserWebFilter$StaticUserFilter) to context static
2023-07-16 18:47:42,527 [main] INFO  http.HttpServer2 (HttpServer2.java:addFilter(1015)) - Added filter static_user_filter (class=org.apache.hadoop.http.lib.StaticUserWebFilter$StaticUserFilter) to context logs
2023-07-16 18:47:42,530 [main] INFO  http.BaseHttpServer (BaseHttpServer.java:<init>(190)) - HTTP server of hddsDatanode uses base directory /home/runner/work/ozone/ozone/hadoop-ozone/integration-test/target/test-dir/MiniOzoneClusterImpl-5b665439-b9a5-4360-aef4-da1357485736/datanode-1/meta/webserver
2023-07-16 18:47:42,531 [main] INFO  http.HttpServer2 (HttpServer2.java:bindListener(1250)) - Jetty bound to port 15018
2023-07-16 18:47:42,532 [main] INFO  server.Server (Server.java:doStart(375)) - jetty-9.4.51.v20230217; built: 2023-02-17T08:19:37.309Z; git: b45c405e4544384de066f814ed42ae3dceacdd49; jvm 1.8.0_372-b07
2023-07-16 18:47:42,558 [main] INFO  server.session (DefaultSessionIdManager.java:doStart(334)) - DefaultSessionIdManager workerName=node0
2023-07-16 18:47:42,559 [main] INFO  server.session (DefaultSessionIdManager.java:doStart(339)) - No SessionScavenger set, using defaults
2023-07-16 18:47:42,559 [main] INFO  server.session (HouseKeeper.java:startScavenging(132)) - node0 Scavenging every 600000ms
2023-07-16 18:47:42,564 [main] INFO  handler.ContextHandler (ContextHandler.java:doStart(921)) - Started o.e.j.s.ServletContextHandler@3082c3d{logs,/logs,file:///home/runner/work/ozone/ozone/hadoop-ozone/integration-test/target/log,AVAILABLE}
2023-07-16 18:47:42,565 [main] INFO  handler.ContextHandler (ContextHandler.java:doStart(921)) - Started o.e.j.s.ServletContextHandler@514c684d{static,/static,jar:file:/home/runner/.m2/repository/org/apache/ozone/hdds-container-service/1.4.0-SNAPSHOT/hdds-container-service-1.4.0-SNAPSHOT.jar!/webapps/static,AVAILABLE}
2023-07-16 18:47:42,697 [Datanode State Machine Task Thread - 0] INFO  datanode.InitDatanodeState (InitDatanodeState.java:persistContainerDatanodeDetails(138)) - DatanodeDetails is persisted to /home/runner/work/ozone/ozone/hadoop-ozone/integration-test/target/test-dir/MiniOzoneClusterImpl-5b665439-b9a5-4360-aef4-da1357485736/datanode-0/meta/datanode.id
2023-07-16 18:47:42,736 [om1@group-C5BA1605619E-StateMachineUpdater] INFO  ratis.OzoneManagerStateMachine (OzoneManagerStateMachine.java:notifyConfigurationChanged(201)) - Received Configuration change notification from Ratis. New Peer list:
[id: "om1"
address: "localhost:15007"
startupRole: FOLLOWER
]
2023-07-16 18:47:42,895 [main] INFO  handler.ContextHandler (ContextHandler.java:doStart(921)) - Started o.e.j.w.WebAppContext@4f06acb7{hddsDatanode,/,file:///home/runner/work/ozone/ozone/hadoop-ozone/integration-test/target/test-dir/MiniOzoneClusterImpl-5b665439-b9a5-4360-aef4-da1357485736/datanode-1/meta/webserver/jetty-0_0_0_0-15018-hdds-container-service-1_4_0-SNAPSHOT_jar-_-any-8451983165377439610/webapp/,AVAILABLE}{jar:file:/home/runner/.m2/repository/org/apache/ozone/hdds-container-service/1.4.0-SNAPSHOT/hdds-container-service-1.4.0-SNAPSHOT.jar!/webapps/hddsDatanode}
2023-07-16 18:47:42,897 [main] INFO  server.AbstractConnector (AbstractConnector.java:doStart(333)) - Started ServerConnector@18ac5b83{HTTP/1.1, (http/1.1)}{0.0.0.0:15018}
2023-07-16 18:47:42,897 [main] INFO  server.Server (Server.java:doStart(415)) - Started @12514ms
2023-07-16 18:47:42,897 [main] WARN  impl.MetricsSystemImpl (MetricsSystemImpl.java:register(279)) - Sink prometheus already exists!
2023-07-16 18:47:42,899 [main] INFO  http.BaseHttpServer (BaseHttpServer.java:updateConnectorAddress(344)) - HTTP server of hddsDatanode listening at http://0.0.0.0:15018
2023-07-16 18:47:42,899 [main] INFO  ipc.CallQueueManager (CallQueueManager.java:<init>(90)) - Using callQueue: class java.util.concurrent.LinkedBlockingQueue, queueCapacity: 100, scheduler: class org.apache.hadoop.ipc.DefaultRpcScheduler, ipcBackoff: false.
2023-07-16 18:47:42,900 [main] INFO  ipc.Server (Server.java:<init>(1287)) - Listener at 0.0.0.0:15019
2023-07-16 18:47:42,905 [Socket Reader #1 for port 15019] INFO  ipc.Server (Server.java:run(1323)) - Starting Socket Reader #1 for port 15019
2023-07-16 18:47:42,911 [main] INFO  ozone.HddsDatanodeService (HddsDatanodeService.java:start(315)) - Datanode start with admins: [runner]
2023-07-16 18:47:42,912 [main] INFO  ozone.HddsDatanodeClientProtocolServer (HddsDatanodeClientProtocolServer.java:start(72)) - RPC server for Client /0.0.0.0:15019
2023-07-16 18:47:42,912 [IPC Server Responder] INFO  ipc.Server (Server.java:run(1562)) - IPC Server Responder: starting
2023-07-16 18:47:42,912 [IPC Server listener on 15019] INFO  ipc.Server (Server.java:run(1402)) - IPC Server listener on 15019: starting
2023-07-16 18:47:42,913 [main] WARN  impl.MetricRegistriesImpl (MetricRegistriesImpl.java:addReporterRegistration(111)) - New reporters are added after registries were created. Some metrics will be missing from the reporter. Please add reporter before adding any new registry.
2023-07-16 18:47:42,913 [main] WARN  impl.MetricRegistriesImpl (MetricRegistriesImpl.java:addReporterRegistration(111)) - New reporters are added after registries were created. Some metrics will be missing from the reporter. Please add reporter before adding any new registry.
2023-07-16 18:47:42,913 [main] INFO  impl.MetricsSystemImpl (MetricsSystemImpl.java:init(158)) - HddsDatanode metrics system started (again)
2023-07-16 18:47:42,920 [Datanode State Machine Daemon Thread] INFO  statemachine.DatanodeStateMachine (DatanodeStateMachine.java:lambda$startDaemon$0(531)) - Ozone container server started.
2023-07-16 18:47:42,930 [main] INFO  ozone.HddsDatanodeService (HddsDatanodeService.java:start(237)) - HddsDatanodeService host:fv-az447-333.tnmeiuxxsqeu3byeydcnbj0j5d.dx.internal.cloudapp.net ip:10.1.0.39
2023-07-16 18:47:43,006 [Datanode State Machine Task Thread - 0] INFO  datanode.InitDatanodeState (InitDatanodeState.java:persistContainerDatanodeDetails(138)) - DatanodeDetails is persisted to /home/runner/work/ozone/ozone/hadoop-ozone/integration-test/target/test-dir/MiniOzoneClusterImpl-5b665439-b9a5-4360-aef4-da1357485736/datanode-1/meta/datanode.id
2023-07-16 18:47:43,010 [main] INFO  upgrade.AbstractLayoutVersionManager (AbstractLayoutVersionManager.java:init(83)) - Initializing Layout version manager with metadata layout = HADOOP_PRC_PORTS_IN_DATANODEDETAILS (version = 7), software layout = HADOOP_PRC_PORTS_IN_DATANODEDETAILS (version = 7)
2023-07-16 18:47:43,011 [main] INFO  statemachine.DatanodeStateMachine (DatanodeStateMachine.java:getEndPointTaskThreadPoolSize(279)) - Datanode State Machine Task Thread Pool size 2
2023-07-16 18:47:43,014 [main] INFO  volume.HddsVolume (HddsVolume.java:<init>(126)) - Creating HddsVolume: /home/runner/work/ozone/ozone/hadoop-ozone/integration-test/target/test-dir/MiniOzoneClusterImpl-5b665439-b9a5-4360-aef4-da1357485736/datanode-2/data-0/containers/hdds of storage type : DISK capacity : 9223372036854775807
2023-07-16 18:47:43,015 [main] INFO  volume.MutableVolumeSet (MutableVolumeSet.java:initializeVolumeSet(175)) - Added Volume : /home/runner/work/ozone/ozone/hadoop-ozone/integration-test/target/test-dir/MiniOzoneClusterImpl-5b665439-b9a5-4360-aef4-da1357485736/datanode-2/data-0/containers/hdds to VolumeSet
2023-07-16 18:47:43,015 [main] INFO  volume.ThrottledAsyncChecker (ThrottledAsyncChecker.java:schedule(141)) - Scheduling a check for /home/runner/work/ozone/ozone/hadoop-ozone/integration-test/target/test-dir/MiniOzoneClusterImpl-5b665439-b9a5-4360-aef4-da1357485736/datanode-2/data-0/containers/hdds
2023-07-16 18:47:43,030 [main] INFO  volume.StorageVolumeChecker (StorageVolumeChecker.java:checkAllVolumes(202)) - Scheduled health check for volume /home/runner/work/ozone/ozone/hadoop-ozone/integration-test/target/test-dir/MiniOzoneClusterImpl-5b665439-b9a5-4360-aef4-da1357485736/datanode-2/data-0/containers/hdds
2023-07-16 18:47:43,031 [main] INFO  volume.MutableVolumeSet (MutableVolumeSet.java:initializeVolumeSet(175)) - Added Volume : /home/runner/work/ozone/ozone/hadoop-ozone/integration-test/target/test-dir/MiniOzoneClusterImpl-5b665439-b9a5-4360-aef4-da1357485736/datanode-2/data/ratis to VolumeSet
2023-07-16 18:47:43,031 [main] INFO  volume.ThrottledAsyncChecker (ThrottledAsyncChecker.java:schedule(141)) - Scheduling a check for /home/runner/work/ozone/ozone/hadoop-ozone/integration-test/target/test-dir/MiniOzoneClusterImpl-5b665439-b9a5-4360-aef4-da1357485736/datanode-2/data/ratis
2023-07-16 18:47:43,031 [main] INFO  volume.StorageVolumeChecker (StorageVolumeChecker.java:checkAllVolumes(202)) - Scheduled health check for volume /home/runner/work/ozone/ozone/hadoop-ozone/integration-test/target/test-dir/MiniOzoneClusterImpl-5b665439-b9a5-4360-aef4-da1357485736/datanode-2/data/ratis
2023-07-16 18:47:43,040 [Thread-175] INFO  ozoneimpl.ContainerReader (ContainerReader.java:readVolume(177)) - Finish verifying containers on volume /home/runner/work/ozone/ozone/hadoop-ozone/integration-test/target/test-dir/MiniOzoneClusterImpl-5b665439-b9a5-4360-aef4-da1357485736/datanode-2/data-0/containers/hdds
2023-07-16 18:47:43,041 [main] INFO  ozoneimpl.OzoneContainer (OzoneContainer.java:buildContainerSet(316)) - Build ContainerSet costs 0s
2023-07-16 18:47:43,046 [main] INFO  server.RaftServer (ConfUtils.java:logGet(46)) - raft.rpc.type = GRPC (default)
2023-07-16 18:47:43,046 [main] INFO  grpc.GrpcConfigKeys (ConfUtils.java:logFallback(53)) - raft.grpc.admin.host = null (fallback to raft.grpc.server.host)
2023-07-16 18:47:43,046 [main] INFO  grpc.GrpcConfigKeys (ConfUtils.java:logGet(46)) - raft.grpc.admin.port = 15031 (custom)
2023-07-16 18:47:43,047 [main] INFO  grpc.GrpcConfigKeys (ConfUtils.java:logFallback(53)) - raft.grpc.client.host = null (fallback to raft.grpc.server.host)
2023-07-16 18:47:43,047 [main] INFO  grpc.GrpcConfigKeys (ConfUtils.java:logGet(46)) - raft.grpc.client.port = 15030 (custom)
2023-07-16 18:47:43,047 [main] INFO  grpc.GrpcConfigKeys (ConfUtils.java:logGet(46)) - raft.grpc.server.host = null (default)
2023-07-16 18:47:43,047 [main] INFO  grpc.GrpcConfigKeys (ConfUtils.java:logGet(46)) - raft.grpc.server.port = 15032 (custom)
2023-07-16 18:47:43,047 [main] INFO  server.GrpcService (ConfUtils.java:logGet(46)) - raft.grpc.message.size.max = 32MB (=33554432) (custom)
2023-07-16 18:47:43,048 [main] INFO  server.RaftServerConfigKeys (ConfUtils.java:logGet(46)) - raft.server.log.appender.buffer.byte-limit = 33554432 (custom)
2023-07-16 18:47:43,048 [main] INFO  server.GrpcService (ConfUtils.java:logGet(46)) - raft.grpc.flow.control.window = 5MB (=5242880) (custom)
2023-07-16 18:47:43,048 [main] INFO  server.RaftServerConfigKeys (ConfUtils.java:logGet(46)) - raft.server.rpc.request.timeout = 3000ms (default)
2023-07-16 18:47:43,050 [main] INFO  grpc.GrpcConfigKeys (ConfUtils.java:logGet(46)) - raft.grpc.server.heartbeat.channel = true (default)
2023-07-16 18:47:43,050 [main] INFO  grpc.GrpcConfigKeys (ConfUtils.java:logGet(46)) - raft.grpc.server.async.request.thread.pool.cached = true (default)
2023-07-16 18:47:43,050 [main] INFO  grpc.GrpcConfigKeys (ConfUtils.java:logGet(46)) - raft.grpc.server.async.request.thread.pool.size = 32 (default)
2023-07-16 18:47:43,058 [main] INFO  impl.DataStreamServerImpl (ConfUtils.java:logGet(46)) - raft.datastream.type = NETTY (custom)
2023-07-16 18:47:43,060 [main] INFO  server.RaftServerConfigKeys (ConfUtils.java:logGet(46)) - raft.server.data-stream.async.request.thread.pool.cached = false (default)
2023-07-16 18:47:43,061 [main] INFO  server.RaftServerConfigKeys (ConfUtils.java:logGet(46)) - raft.server.data-stream.async.request.thread.pool.size = 20 (custom)
2023-07-16 18:47:43,061 [main] INFO  server.RaftServerConfigKeys (ConfUtils.java:logGet(46)) - raft.server.data-stream.async.write.thread.pool.size = 16 (default)
2023-07-16 18:47:43,061 [main] INFO  server.RaftServerConfigKeys (ConfUtils.java:logGet(46)) - raft.server.data-stream.client.pool.size = 10 (default)
2023-07-16 18:47:43,062 [main] INFO  netty.NettyConfigKeys$DataStream (ConfUtils.java:logGet(46)) - raft.netty.dataStream.server.use-epoll = false (default)
2023-07-16 18:47:43,063 [main] INFO  netty.NettyConfigKeys$DataStream (ConfUtils.java:logGet(46)) - raft.netty.dataStream.server.boss-group.size = 0 (default)
2023-07-16 18:47:43,065 [main] INFO  netty.NettyConfigKeys$DataStream (ConfUtils.java:logGet(46)) - raft.netty.dataStream.server.worker-group.size = 0 (default)
2023-07-16 18:47:43,068 [main] INFO  netty.NettyConfigKeys$DataStream (ConfUtils.java:logGet(46)) - raft.netty.dataStream.server.tls.conf = null (default)
2023-07-16 18:47:43,069 [main] INFO  netty.NettyConfigKeys$DataStream (ConfUtils.java:logGet(46)) - raft.netty.dataStream.host = null (default)
2023-07-16 18:47:43,069 [main] INFO  netty.NettyConfigKeys$DataStream (ConfUtils.java:logGet(46)) - raft.netty.dataStream.port = 15033 (custom)
2023-07-16 18:47:43,070 [main] INFO  server.RaftServerConfigKeys (ConfUtils.java:logGet(46)) - raft.server.threadpool.proxy.cached = true (default)
2023-07-16 18:47:43,070 [main] INFO  server.RaftServerConfigKeys (ConfUtils.java:logGet(46)) - raft.server.threadpool.proxy.size = 0 (default)
2023-07-16 18:47:43,070 [main] INFO  server.RaftServerConfigKeys (ConfUtils.java:logGet(46)) - raft.server.rpc.slowness.timeout = 300000ms (custom)
2023-07-16 18:47:43,070 [main] INFO  server.RaftServerConfigKeys (ConfUtils.java:logGet(46)) - raft.server.leaderelection.leader.step-down.wait-time = 10s (default)
2023-07-16 18:47:43,071 [main] INFO  server.RaftServerConfigKeys (ConfUtils.java:logGet(46)) - raft.server.storage.dir = [/home/runner/work/ozone/ozone/hadoop-ozone/integration-test/target/test-dir/MiniOzoneClusterImpl-5b665439-b9a5-4360-aef4-da1357485736/datanode-2/data/ratis] (custom)
2023-07-16 18:47:43,073 [0df23656-1af4-40f8-982d-5a520b8c88ee-NettyServerStreamRpc-bossGroup--thread1] INFO  logging.LoggingHandler (AbstractInternalLogger.java:log(148)) - [id: 0x51b10955] REGISTERED
2023-07-16 18:47:43,073 [0df23656-1af4-40f8-982d-5a520b8c88ee-NettyServerStreamRpc-bossGroup--thread1] INFO  logging.LoggingHandler (AbstractInternalLogger.java:log(148)) - [id: 0x51b10955] BIND: 0.0.0.0/0.0.0.0:15033
2023-07-16 18:47:43,073 [0df23656-1af4-40f8-982d-5a520b8c88ee-NettyServerStreamRpc-bossGroup--thread1] INFO  logging.LoggingHandler (AbstractInternalLogger.java:log(148)) - [id: 0x51b10955, L:/0:0:0:0:0:0:0:0:15033] ACTIVE
2023-07-16 18:47:43,077 [main] INFO  server.XceiverServerGrpc (XceiverServerGrpc.java:<init>(132)) - GrpcServer channel type EpollServerSocketChannel
2023-07-16 18:47:43,081 [main] INFO  replication.ReplicationSupervisor (ReplicationSupervisor.java:nodeStateUpdated(305)) - Node state updated to IN_SERVICE, scaling executor pool size to 10
2023-07-16 18:47:43,084 [main] INFO  http.BaseHttpServer (BaseHttpServer.java:newHttpServer2BuilderForOzone(224)) - Starting Web-server for hddsDatanode at: http://0.0.0.0:15027
2023-07-16 18:47:43,085 [main] INFO  http.BaseHttpServer (BaseHttpServer.java:<init>(111)) - Hadoop Security Enabled: false Ozone Security Enabled: false Ozone HTTP Security Enabled: false 
2023-07-16 18:47:43,087 [main] WARN  server.AuthenticationFilter (AuthenticationFilter.java:constructSecretProvider(240)) - Unable to initialize FileSignerSecretProvider, falling back to use random secrets. Reason: Could not read signature secret file: /home/runner/hadoop-http-auth-signature-secret
2023-07-16 18:47:43,088 [main] INFO  http.HttpRequestLog (HttpRequestLog.java:getRequestLog(86)) - Http request log for http.requests.hddsDatanode is not defined
2023-07-16 18:47:43,090 [main] INFO  http.HttpServer2 (HttpServer2.java:addGlobalFilter(1031)) - Added global filter 'safety' (class=org.apache.hadoop.hdds.server.http.HttpServer2$QuotingInputFilter)
2023-07-16 18:47:43,091 [main] INFO  http.HttpServer2 (HttpServer2.java:addFilter(1007)) - Added filter static_user_filter (class=org.apache.hadoop.http.lib.StaticUserWebFilter$StaticUserFilter) to context hddsDatanode
2023-07-16 18:47:43,091 [main] INFO  http.HttpServer2 (HttpServer2.java:addFilter(1015)) - Added filter static_user_filter (class=org.apache.hadoop.http.lib.StaticUserWebFilter$StaticUserFilter) to context static
2023-07-16 18:47:43,092 [main] INFO  http.HttpServer2 (HttpServer2.java:addFilter(1015)) - Added filter static_user_filter (class=org.apache.hadoop.http.lib.StaticUserWebFilter$StaticUserFilter) to context logs
2023-07-16 18:47:43,093 [main] INFO  http.BaseHttpServer (BaseHttpServer.java:<init>(190)) - HTTP server of hddsDatanode uses base directory /home/runner/work/ozone/ozone/hadoop-ozone/integration-test/target/test-dir/MiniOzoneClusterImpl-5b665439-b9a5-4360-aef4-da1357485736/datanode-2/meta/webserver
2023-07-16 18:47:43,093 [main] INFO  http.HttpServer2 (HttpServer2.java:bindListener(1250)) - Jetty bound to port 15027
2023-07-16 18:47:43,093 [main] INFO  server.Server (Server.java:doStart(375)) - jetty-9.4.51.v20230217; built: 2023-02-17T08:19:37.309Z; git: b45c405e4544384de066f814ed42ae3dceacdd49; jvm 1.8.0_372-b07
2023-07-16 18:47:43,105 [main] INFO  server.session (DefaultSessionIdManager.java:doStart(334)) - DefaultSessionIdManager workerName=node0
2023-07-16 18:47:43,105 [main] INFO  server.session (DefaultSessionIdManager.java:doStart(339)) - No SessionScavenger set, using defaults
2023-07-16 18:47:43,105 [main] INFO  server.session (HouseKeeper.java:startScavenging(132)) - node0 Scavenging every 600000ms
2023-07-16 18:47:43,106 [main] INFO  handler.ContextHandler (ContextHandler.java:doStart(921)) - Started o.e.j.s.ServletContextHandler@134323ec{logs,/logs,file:///home/runner/work/ozone/ozone/hadoop-ozone/integration-test/target/log,AVAILABLE}
2023-07-16 18:47:43,107 [main] INFO  handler.ContextHandler (ContextHandler.java:doStart(921)) - Started o.e.j.s.ServletContextHandler@6d9dba8d{static,/static,jar:file:/home/runner/.m2/repository/org/apache/ozone/hdds-container-service/1.4.0-SNAPSHOT/hdds-container-service-1.4.0-SNAPSHOT.jar!/webapps/static,AVAILABLE}
2023-07-16 18:47:43,356 [main] INFO  handler.ContextHandler (ContextHandler.java:doStart(921)) - Started o.e.j.w.WebAppContext@253fefea{hddsDatanode,/,file:///home/runner/work/ozone/ozone/hadoop-ozone/integration-test/target/test-dir/MiniOzoneClusterImpl-5b665439-b9a5-4360-aef4-da1357485736/datanode-2/meta/webserver/jetty-0_0_0_0-15027-hdds-container-service-1_4_0-SNAPSHOT_jar-_-any-5547736652615256137/webapp/,AVAILABLE}{jar:file:/home/runner/.m2/repository/org/apache/ozone/hdds-container-service/1.4.0-SNAPSHOT/hdds-container-service-1.4.0-SNAPSHOT.jar!/webapps/hddsDatanode}
2023-07-16 18:47:43,359 [main] INFO  server.AbstractConnector (AbstractConnector.java:doStart(333)) - Started ServerConnector@6abe68f6{HTTP/1.1, (http/1.1)}{0.0.0.0:15027}
2023-07-16 18:47:43,359 [main] INFO  server.Server (Server.java:doStart(415)) - Started @12976ms
2023-07-16 18:47:43,360 [main] WARN  impl.MetricsSystemImpl (MetricsSystemImpl.java:register(279)) - Sink prometheus already exists!
2023-07-16 18:47:43,360 [main] INFO  http.BaseHttpServer (BaseHttpServer.java:updateConnectorAddress(344)) - HTTP server of hddsDatanode listening at http://0.0.0.0:15027
2023-07-16 18:47:43,361 [main] INFO  ipc.CallQueueManager (CallQueueManager.java:<init>(90)) - Using callQueue: class java.util.concurrent.LinkedBlockingQueue, queueCapacity: 100, scheduler: class org.apache.hadoop.ipc.DefaultRpcScheduler, ipcBackoff: false.
2023-07-16 18:47:43,361 [main] INFO  ipc.Server (Server.java:<init>(1287)) - Listener at 0.0.0.0:15028
2023-07-16 18:47:43,363 [Socket Reader #1 for port 15028] INFO  ipc.Server (Server.java:run(1323)) - Starting Socket Reader #1 for port 15028
2023-07-16 18:47:43,368 [main] INFO  ozone.HddsDatanodeService (HddsDatanodeService.java:start(315)) - Datanode start with admins: [runner]
2023-07-16 18:47:43,368 [main] INFO  ozone.HddsDatanodeClientProtocolServer (HddsDatanodeClientProtocolServer.java:start(72)) - RPC server for Client /0.0.0.0:15028
2023-07-16 18:47:43,372 [IPC Server Responder] INFO  ipc.Server (Server.java:run(1562)) - IPC Server Responder: starting
2023-07-16 18:47:43,372 [IPC Server listener on 15028] INFO  ipc.Server (Server.java:run(1402)) - IPC Server listener on 15028: starting
2023-07-16 18:47:43,385 [Datanode State Machine Daemon Thread] INFO  statemachine.DatanodeStateMachine (DatanodeStateMachine.java:lambda$startDaemon$0(531)) - Ozone container server started.
2023-07-16 18:47:43,387 [main] INFO  ozone.MiniOzoneClusterImpl (MiniOzoneClusterImpl.java:lambda$waitForClusterToBeReady$0(224)) - Waiting for nodes to be ready. Got 0 of 3 DN Heartbeats.
2023-07-16 18:47:43,388 [main] INFO  ozone.MiniOzoneClusterImpl (MiniOzoneClusterImpl.java:lambda$waitForClusterToBeReady$0(227)) - Waiting for cluster to exit safe mode
2023-07-16 18:47:43,388 [main] INFO  ozone.MiniOzoneClusterImpl (MiniOzoneClusterImpl.java:lambda$waitForClusterToBeReady$0(229)) - SCM became leader
2023-07-16 18:47:43,395 [Datanode State Machine Task Thread - 0] INFO  datanode.InitDatanodeState (InitDatanodeState.java:persistContainerDatanodeDetails(138)) - DatanodeDetails is persisted to /home/runner/work/ozone/ozone/hadoop-ozone/integration-test/target/test-dir/MiniOzoneClusterImpl-5b665439-b9a5-4360-aef4-da1357485736/datanode-2/meta/datanode.id
2023-07-16 18:47:44,388 [main] INFO  ozone.MiniOzoneClusterImpl (MiniOzoneClusterImpl.java:lambda$waitForClusterToBeReady$0(224)) - Waiting for nodes to be ready. Got 0 of 3 DN Heartbeats.
2023-07-16 18:47:44,388 [main] INFO  ozone.MiniOzoneClusterImpl (MiniOzoneClusterImpl.java:lambda$waitForClusterToBeReady$0(227)) - Waiting for cluster to exit safe mode
2023-07-16 18:47:44,389 [main] INFO  ozone.MiniOzoneClusterImpl (MiniOzoneClusterImpl.java:lambda$waitForClusterToBeReady$0(229)) - SCM became leader
2023-07-16 18:47:44,452 [EndpointStateMachine task thread for /0.0.0.0:15002 - 0 ] INFO  utils.DatanodeStoreCache (DatanodeStoreCache.java:addDB(66)) - Added db /home/runner/work/ozone/ozone/hadoop-ozone/integration-test/target/test-dir/MiniOzoneClusterImpl-5b665439-b9a5-4360-aef4-da1357485736/datanode-0/data-0/containers/hdds/5b665439-b9a5-4360-aef4-da1357485736/DS-b04a954c-d0dd-4cd7-b8e8-4ad1561447d4/container.db to cache
2023-07-16 18:47:44,453 [EndpointStateMachine task thread for /0.0.0.0:15002 - 0 ] INFO  volume.HddsVolume (HddsVolume.java:createDbStore(422)) - SchemaV3 db is created and loaded at /home/runner/work/ozone/ozone/hadoop-ozone/integration-test/target/test-dir/MiniOzoneClusterImpl-5b665439-b9a5-4360-aef4-da1357485736/datanode-0/data-0/containers/hdds/5b665439-b9a5-4360-aef4-da1357485736/DS-b04a954c-d0dd-4cd7-b8e8-4ad1561447d4/container.db for volume DS-b04a954c-d0dd-4cd7-b8e8-4ad1561447d4
2023-07-16 18:47:44,456 [EndpointStateMachine task thread for /0.0.0.0:15002 - 0 ] INFO  ozoneimpl.OzoneContainer (OzoneContainer.java:start(419)) - Attempting to start container services.
2023-07-16 18:47:44,458 [EndpointStateMachine task thread for /0.0.0.0:15002 - 0 ] INFO  ozoneimpl.OzoneContainer (OzoneContainer.java:startContainerScrub(327)) - Scheduled background container scanners and the on-demand container scanner have been disabled.
2023-07-16 18:47:44,462 [EndpointStateMachine task thread for /0.0.0.0:15002 - 0 ] INFO  replication.ReplicationServer (ReplicationServer.java:start(128)) - ReplicationServer is started using port 15016
2023-07-16 18:47:44,462 [EndpointStateMachine task thread for /0.0.0.0:15002 - 0 ] INFO  ratis.XceiverServerRatis (XceiverServerRatis.java:start(517)) - Starting XceiverServerRatis ff8dcbe0-085a-4b37-9405-11cf2c6e7733
2023-07-16 18:47:44,463 [EndpointStateMachine task thread for /0.0.0.0:15002 - 0 ] INFO  server.RaftServer (RaftServerProxy.java:startImpl(400)) - ff8dcbe0-085a-4b37-9405-11cf2c6e7733: start RPC server
2023-07-16 18:47:44,474 [EndpointStateMachine task thread for /0.0.0.0:15002 - 0 ] INFO  server.GrpcService (GrpcService.java:startImpl(302)) - ff8dcbe0-085a-4b37-9405-11cf2c6e7733: GrpcService started, listening on 15012
2023-07-16 18:47:44,476 [EndpointStateMachine task thread for /0.0.0.0:15002 - 0 ] INFO  server.GrpcService (GrpcService.java:startImpl(302)) - ff8dcbe0-085a-4b37-9405-11cf2c6e7733: GrpcService started, listening on 15014
2023-07-16 18:47:44,478 [EndpointStateMachine task thread for /0.0.0.0:15002 - 0 ] INFO  server.GrpcService (GrpcService.java:startImpl(302)) - ff8dcbe0-085a-4b37-9405-11cf2c6e7733: GrpcService started, listening on 15013
2023-07-16 18:47:44,478 [EndpointStateMachine task thread for /0.0.0.0:15002 - 0 ] INFO  ratis.XceiverServerRatis (XceiverServerRatis.java:getRealPort(543)) - XceiverServerRatis ff8dcbe0-085a-4b37-9405-11cf2c6e7733 is started using port 15012 for RATIS
2023-07-16 18:47:44,478 [JvmPauseMonitor2] INFO  util.JvmPauseMonitor (JvmPauseMonitor.java:run(103)) - JvmPauseMonitor-ff8dcbe0-085a-4b37-9405-11cf2c6e7733: Started
2023-07-16 18:47:44,478 [EndpointStateMachine task thread for /0.0.0.0:15002 - 0 ] INFO  ratis.XceiverServerRatis (XceiverServerRatis.java:getRealPort(543)) - XceiverServerRatis ff8dcbe0-085a-4b37-9405-11cf2c6e7733 is started using port 15013 for RATIS_ADMIN
2023-07-16 18:47:44,478 [EndpointStateMachine task thread for /0.0.0.0:15002 - 0 ] INFO  ratis.XceiverServerRatis (XceiverServerRatis.java:getRealPort(543)) - XceiverServerRatis ff8dcbe0-085a-4b37-9405-11cf2c6e7733 is started using port 15014 for RATIS_SERVER
2023-07-16 18:47:44,478 [EndpointStateMachine task thread for /0.0.0.0:15002 - 0 ] INFO  ratis.XceiverServerRatis (XceiverServerRatis.java:getRealPort(543)) - XceiverServerRatis ff8dcbe0-085a-4b37-9405-11cf2c6e7733 is started using port 15015 for RATIS_DATASTREAM
2023-07-16 18:47:44,496 [BlockDeletingService#0] INFO  interfaces.ContainerDeletionChoosingPolicyTemplate (ContainerDeletionChoosingPolicyTemplate.java:chooseContainerForBlockDeletion(83)) - Chosen 0/5000 blocks from 0 candidate containers.
2023-07-16 18:47:45,011 [EndpointStateMachine task thread for /0.0.0.0:15002 - 0 ] INFO  utils.DatanodeStoreCache (DatanodeStoreCache.java:addDB(66)) - Added db /home/runner/work/ozone/ozone/hadoop-ozone/integration-test/target/test-dir/MiniOzoneClusterImpl-5b665439-b9a5-4360-aef4-da1357485736/datanode-1/data-0/containers/hdds/5b665439-b9a5-4360-aef4-da1357485736/DS-254868b6-599a-4873-ab3d-99db9437836f/container.db to cache
2023-07-16 18:47:45,011 [EndpointStateMachine task thread for /0.0.0.0:15002 - 0 ] INFO  volume.HddsVolume (HddsVolume.java:createDbStore(422)) - SchemaV3 db is created and loaded at /home/runner/work/ozone/ozone/hadoop-ozone/integration-test/target/test-dir/MiniOzoneClusterImpl-5b665439-b9a5-4360-aef4-da1357485736/datanode-1/data-0/containers/hdds/5b665439-b9a5-4360-aef4-da1357485736/DS-254868b6-599a-4873-ab3d-99db9437836f/container.db for volume DS-254868b6-599a-4873-ab3d-99db9437836f
2023-07-16 18:47:45,013 [EndpointStateMachine task thread for /0.0.0.0:15002 - 0 ] INFO  ozoneimpl.OzoneContainer (OzoneContainer.java:start(419)) - Attempting to start container services.
2023-07-16 18:47:45,013 [EndpointStateMachine task thread for /0.0.0.0:15002 - 0 ] INFO  ozoneimpl.OzoneContainer (OzoneContainer.java:startContainerScrub(327)) - Scheduled background container scanners and the on-demand container scanner have been disabled.
2023-07-16 18:47:45,015 [EndpointStateMachine task thread for /0.0.0.0:15002 - 0 ] INFO  replication.ReplicationServer (ReplicationServer.java:start(128)) - ReplicationServer is started using port 15025
2023-07-16 18:47:45,016 [EndpointStateMachine task thread for /0.0.0.0:15002 - 0 ] INFO  ratis.XceiverServerRatis (XceiverServerRatis.java:start(517)) - Starting XceiverServerRatis 12eac62c-7669-4502-8935-23b1d5049dac
2023-07-16 18:47:45,017 [EndpointStateMachine task thread for /0.0.0.0:15002 - 0 ] INFO  server.RaftServer (RaftServerProxy.java:startImpl(400)) - 12eac62c-7669-4502-8935-23b1d5049dac: start RPC server
2023-07-16 18:47:45,018 [EndpointStateMachine task thread for /0.0.0.0:15002 - 0 ] INFO  server.GrpcService (GrpcService.java:startImpl(302)) - 12eac62c-7669-4502-8935-23b1d5049dac: GrpcService started, listening on 15021
2023-07-16 18:47:45,020 [EndpointStateMachine task thread for /0.0.0.0:15002 - 0 ] INFO  server.GrpcService (GrpcService.java:startImpl(302)) - 12eac62c-7669-4502-8935-23b1d5049dac: GrpcService started, listening on 15023
2023-07-16 18:47:45,024 [EndpointStateMachine task thread for /0.0.0.0:15002 - 0 ] INFO  server.GrpcService (GrpcService.java:startImpl(302)) - 12eac62c-7669-4502-8935-23b1d5049dac: GrpcService started, listening on 15022
2023-07-16 18:47:45,026 [EndpointStateMachine task thread for /0.0.0.0:15002 - 0 ] INFO  ratis.XceiverServerRatis (XceiverServerRatis.java:getRealPort(543)) - XceiverServerRatis 12eac62c-7669-4502-8935-23b1d5049dac is started using port 15021 for RATIS
2023-07-16 18:47:45,026 [EndpointStateMachine task thread for /0.0.0.0:15002 - 0 ] INFO  ratis.XceiverServerRatis (XceiverServerRatis.java:getRealPort(543)) - XceiverServerRatis 12eac62c-7669-4502-8935-23b1d5049dac is started using port 15022 for RATIS_ADMIN
2023-07-16 18:47:45,026 [EndpointStateMachine task thread for /0.0.0.0:15002 - 0 ] INFO  ratis.XceiverServerRatis (XceiverServerRatis.java:getRealPort(543)) - XceiverServerRatis 12eac62c-7669-4502-8935-23b1d5049dac is started using port 15023 for RATIS_SERVER
2023-07-16 18:47:45,026 [EndpointStateMachine task thread for /0.0.0.0:15002 - 0 ] INFO  ratis.XceiverServerRatis (XceiverServerRatis.java:getRealPort(543)) - XceiverServerRatis 12eac62c-7669-4502-8935-23b1d5049dac is started using port 15024 for RATIS_DATASTREAM
2023-07-16 18:47:45,027 [JvmPauseMonitor3] INFO  util.JvmPauseMonitor (JvmPauseMonitor.java:run(103)) - JvmPauseMonitor-12eac62c-7669-4502-8935-23b1d5049dac: Started
2023-07-16 18:47:45,032 [BlockDeletingService#0] INFO  interfaces.ContainerDeletionChoosingPolicyTemplate (ContainerDeletionChoosingPolicyTemplate.java:chooseContainerForBlockDeletion(83)) - Chosen 0/5000 blocks from 0 candidate containers.
2023-07-16 18:47:45,389 [main] INFO  ozone.MiniOzoneClusterImpl (MiniOzoneClusterImpl.java:lambda$waitForClusterToBeReady$0(224)) - Waiting for nodes to be ready. Got 0 of 3 DN Heartbeats.
2023-07-16 18:47:45,389 [main] INFO  ozone.MiniOzoneClusterImpl (MiniOzoneClusterImpl.java:lambda$waitForClusterToBeReady$0(227)) - Waiting for cluster to exit safe mode
2023-07-16 18:47:45,389 [main] INFO  ozone.MiniOzoneClusterImpl (MiniOzoneClusterImpl.java:lambda$waitForClusterToBeReady$0(229)) - SCM became leader
2023-07-16 18:47:45,441 [EndpointStateMachine task thread for /0.0.0.0:15002 - 0 ] INFO  utils.DatanodeStoreCache (DatanodeStoreCache.java:addDB(66)) - Added db /home/runner/work/ozone/ozone/hadoop-ozone/integration-test/target/test-dir/MiniOzoneClusterImpl-5b665439-b9a5-4360-aef4-da1357485736/datanode-2/data-0/containers/hdds/5b665439-b9a5-4360-aef4-da1357485736/DS-bf77ae85-269a-4342-b4e4-57d5cc984375/container.db to cache
2023-07-16 18:47:45,441 [EndpointStateMachine task thread for /0.0.0.0:15002 - 0 ] INFO  volume.HddsVolume (HddsVolume.java:createDbStore(422)) - SchemaV3 db is created and loaded at /home/runner/work/ozone/ozone/hadoop-ozone/integration-test/target/test-dir/MiniOzoneClusterImpl-5b665439-b9a5-4360-aef4-da1357485736/datanode-2/data-0/containers/hdds/5b665439-b9a5-4360-aef4-da1357485736/DS-bf77ae85-269a-4342-b4e4-57d5cc984375/container.db for volume DS-bf77ae85-269a-4342-b4e4-57d5cc984375
2023-07-16 18:47:45,442 [EndpointStateMachine task thread for /0.0.0.0:15002 - 0 ] INFO  ozoneimpl.OzoneContainer (OzoneContainer.java:start(419)) - Attempting to start container services.
2023-07-16 18:47:45,442 [EndpointStateMachine task thread for /0.0.0.0:15002 - 0 ] INFO  ozoneimpl.OzoneContainer (OzoneContainer.java:startContainerScrub(327)) - Scheduled background container scanners and the on-demand container scanner have been disabled.
2023-07-16 18:47:45,449 [EndpointStateMachine task thread for /0.0.0.0:15002 - 0 ] INFO  replication.ReplicationServer (ReplicationServer.java:start(128)) - ReplicationServer is started using port 15034
2023-07-16 18:47:45,449 [EndpointStateMachine task thread for /0.0.0.0:15002 - 0 ] INFO  ratis.XceiverServerRatis (XceiverServerRatis.java:start(517)) - Starting XceiverServerRatis 0df23656-1af4-40f8-982d-5a520b8c88ee
2023-07-16 18:47:45,450 [EndpointStateMachine task thread for /0.0.0.0:15002 - 0 ] INFO  server.RaftServer (RaftServerProxy.java:startImpl(400)) - 0df23656-1af4-40f8-982d-5a520b8c88ee: start RPC server
2023-07-16 18:47:45,452 [EndpointStateMachine task thread for /0.0.0.0:15002 - 0 ] INFO  server.GrpcService (GrpcService.java:startImpl(302)) - 0df23656-1af4-40f8-982d-5a520b8c88ee: GrpcService started, listening on 15030
2023-07-16 18:47:45,453 [EndpointStateMachine task thread for /0.0.0.0:15002 - 0 ] INFO  server.GrpcService (GrpcService.java:startImpl(302)) - 0df23656-1af4-40f8-982d-5a520b8c88ee: GrpcService started, listening on 15032
2023-07-16 18:47:45,461 [EndpointStateMachine task thread for /0.0.0.0:15002 - 0 ] INFO  server.GrpcService (GrpcService.java:startImpl(302)) - 0df23656-1af4-40f8-982d-5a520b8c88ee: GrpcService started, listening on 15031
2023-07-16 18:47:45,462 [EndpointStateMachine task thread for /0.0.0.0:15002 - 0 ] INFO  ratis.XceiverServerRatis (XceiverServerRatis.java:getRealPort(543)) - XceiverServerRatis 0df23656-1af4-40f8-982d-5a520b8c88ee is started using port 15030 for RATIS
2023-07-16 18:47:45,462 [JvmPauseMonitor4] INFO  util.JvmPauseMonitor (JvmPauseMonitor.java:run(103)) - JvmPauseMonitor-0df23656-1af4-40f8-982d-5a520b8c88ee: Started
2023-07-16 18:47:45,462 [EndpointStateMachine task thread for /0.0.0.0:15002 - 0 ] INFO  ratis.XceiverServerRatis (XceiverServerRatis.java:getRealPort(543)) - XceiverServerRatis 0df23656-1af4-40f8-982d-5a520b8c88ee is started using port 15031 for RATIS_ADMIN
2023-07-16 18:47:45,462 [EndpointStateMachine task thread for /0.0.0.0:15002 - 0 ] INFO  ratis.XceiverServerRatis (XceiverServerRatis.java:getRealPort(543)) - XceiverServerRatis 0df23656-1af4-40f8-982d-5a520b8c88ee is started using port 15032 for RATIS_SERVER
2023-07-16 18:47:45,462 [EndpointStateMachine task thread for /0.0.0.0:15002 - 0 ] INFO  ratis.XceiverServerRatis (XceiverServerRatis.java:getRealPort(543)) - XceiverServerRatis 0df23656-1af4-40f8-982d-5a520b8c88ee is started using port 15033 for RATIS_DATASTREAM
2023-07-16 18:47:45,468 [BlockDeletingService#0] INFO  interfaces.ContainerDeletionChoosingPolicyTemplate (ContainerDeletionChoosingPolicyTemplate.java:chooseContainerForBlockDeletion(83)) - Chosen 0/5000 blocks from 0 candidate containers.
2023-07-16 18:47:46,340 [IPC Server handler 12 on default port 15002] INFO  net.NetworkTopologyImpl (NetworkTopologyImpl.java:add(112)) - Added a new node: /default-rack/ff8dcbe0-085a-4b37-9405-11cf2c6e7733
2023-07-16 18:47:46,343 [IPC Server handler 12 on default port 15002] INFO  node.SCMNodeManager (SCMNodeManager.java:register(405)) - Registered Data node : ff8dcbe0-085a-4b37-9405-11cf2c6e7733{ip: 10.1.0.39, host: fv-az447-333.tnmeiuxxsqeu3byeydcnbj0j5d.dx.internal.cloudapp.net, ports: [HTTP=15009, CLIENT_RPC=15010, REPLICATION=15016, RATIS=15012, RATIS_ADMIN=15013, RATIS_SERVER=15014, RATIS_DATASTREAM=15015, STANDALONE=15011], networkLocation: /default-rack, certSerialId: null, persistedOpState: null, persistedOpStateExpiryEpochSec: 0}
2023-07-16 18:47:46,354 [EventQueue-NodeRegistrationContainerReportForContainerSafeModeRule] INFO  safemode.SCMSafeModeManager (SCMSafeModeManager.java:validateSafeModeExitRules(200)) - ContainerSafeModeRule rule is successfully validated
2023-07-16 18:47:46,354 [EventQueue-NewNodeForNewNodeHandler] INFO  pipeline.BackgroundPipelineCreator (BackgroundPipelineCreator.java:notifyEventTriggered(277)) - trigger a one-shot run on RatisPipelineUtilsThread.
2023-07-16 18:47:46,354 [EventQueue-NodeRegistrationContainerReportForDataNodeSafeModeRule] INFO  safemode.SCMSafeModeManager (DataNodeSafeModeRule.java:process(71)) - SCM in safe mode. 1 DataNodes registered, 3 required.
2023-07-16 18:47:46,364 [EventQueue-PipelineReportForOneReplicaPipelineSafeModeRule] INFO  safemode.SCMSafeModeManager (SCMSafeModeManager.java:validateSafeModeExitRules(200)) - AtleastOneDatanodeReportedRule rule is successfully validated
2023-07-16 18:47:46,376 [RatisPipelineUtilsThread - 0] INFO  pipeline.RatisPipelineProvider (RatisPipelineProvider.java:lambda$create$0(206)) - Sending CreatePipelineCommand for pipeline:PipelineID=97354931-5c90-4424-9e3b-cab8592bca06 to datanode:ff8dcbe0-085a-4b37-9405-11cf2c6e7733
2023-07-16 18:47:46,390 [main] INFO  ozone.MiniOzoneClusterImpl (MiniOzoneClusterImpl.java:lambda$waitForClusterToBeReady$0(224)) - Waiting for nodes to be ready. Got 1 of 3 DN Heartbeats.
2023-07-16 18:47:46,390 [main] INFO  ozone.MiniOzoneClusterImpl (MiniOzoneClusterImpl.java:lambda$waitForClusterToBeReady$0(227)) - Waiting for cluster to exit safe mode
2023-07-16 18:47:46,390 [main] INFO  ozone.MiniOzoneClusterImpl (MiniOzoneClusterImpl.java:lambda$waitForClusterToBeReady$0(229)) - SCM became leader
2023-07-16 18:47:46,392 [RatisPipelineUtilsThread - 0] INFO  pipeline.BackgroundPipelineCreator (BackgroundPipelineCreator.java:createPipelines(233)) - Created new pipeline Pipeline[ Id: 97354931-5c90-4424-9e3b-cab8592bca06, Nodes: ff8dcbe0-085a-4b37-9405-11cf2c6e7733(fv-az447-333.tnmeiuxxsqeu3byeydcnbj0j5d.dx.internal.cloudapp.net/10.1.0.39), ReplicationConfig: RATIS/ONE, State:ALLOCATED, leaderId:, CreationTimestamp2023-07-16T18:47:46.374Z[Etc/UTC]]
2023-07-16 18:47:46,970 [IPC Server handler 17 on default port 15002] INFO  net.NetworkTopologyImpl (NetworkTopologyImpl.java:add(112)) - Added a new node: /default-rack/12eac62c-7669-4502-8935-23b1d5049dac
2023-07-16 18:47:46,970 [IPC Server handler 17 on default port 15002] INFO  node.SCMNodeManager (SCMNodeManager.java:register(405)) - Registered Data node : 12eac62c-7669-4502-8935-23b1d5049dac{ip: 10.1.0.39, host: fv-az447-333.tnmeiuxxsqeu3byeydcnbj0j5d.dx.internal.cloudapp.net, ports: [HTTP=15018, CLIENT_RPC=15019, REPLICATION=15025, RATIS=15021, RATIS_ADMIN=15022, RATIS_SERVER=15023, RATIS_DATASTREAM=15024, STANDALONE=15020], networkLocation: /default-rack, certSerialId: null, persistedOpState: null, persistedOpStateExpiryEpochSec: 0}
2023-07-16 18:47:46,971 [EventQueue-NodeRegistrationContainerReportForDataNodeSafeModeRule] INFO  safemode.SCMSafeModeManager (DataNodeSafeModeRule.java:process(71)) - SCM in safe mode. 2 DataNodes registered, 3 required.
2023-07-16 18:47:46,971 [EventQueue-NewNodeForNewNodeHandler] INFO  pipeline.BackgroundPipelineCreator (BackgroundPipelineCreator.java:notifyEventTriggered(277)) - trigger a one-shot run on RatisPipelineUtilsThread.
2023-07-16 18:47:46,973 [RatisPipelineUtilsThread - 0] INFO  pipeline.RatisPipelineProvider (RatisPipelineProvider.java:lambda$create$0(206)) - Sending CreatePipelineCommand for pipeline:PipelineID=6d964a98-c328-4037-96dd-2541cb3d4c42 to datanode:12eac62c-7669-4502-8935-23b1d5049dac
2023-07-16 18:47:46,974 [RatisPipelineUtilsThread - 0] INFO  pipeline.BackgroundPipelineCreator (BackgroundPipelineCreator.java:createPipelines(233)) - Created new pipeline Pipeline[ Id: 6d964a98-c328-4037-96dd-2541cb3d4c42, Nodes: 12eac62c-7669-4502-8935-23b1d5049dac(fv-az447-333.tnmeiuxxsqeu3byeydcnbj0j5d.dx.internal.cloudapp.net/10.1.0.39), ReplicationConfig: RATIS/ONE, State:ALLOCATED, leaderId:, CreationTimestamp2023-07-16T18:47:46.973Z[Etc/UTC]]
2023-07-16 18:47:47,391 [main] INFO  ozone.MiniOzoneClusterImpl (MiniOzoneClusterImpl.java:lambda$waitForClusterToBeReady$0(224)) - Waiting for nodes to be ready. Got 2 of 3 DN Heartbeats.
2023-07-16 18:47:47,392 [main] INFO  ozone.MiniOzoneClusterImpl (MiniOzoneClusterImpl.java:lambda$waitForClusterToBeReady$0(227)) - Waiting for cluster to exit safe mode
2023-07-16 18:47:47,392 [main] INFO  ozone.MiniOzoneClusterImpl (MiniOzoneClusterImpl.java:lambda$waitForClusterToBeReady$0(229)) - SCM became leader
2023-07-16 18:47:47,393 [IPC Server handler 15 on default port 15002] INFO  net.NetworkTopologyImpl (NetworkTopologyImpl.java:add(112)) - Added a new node: /default-rack/0df23656-1af4-40f8-982d-5a520b8c88ee
2023-07-16 18:47:47,393 [IPC Server handler 15 on default port 15002] INFO  node.SCMNodeManager (SCMNodeManager.java:register(405)) - Registered Data node : 0df23656-1af4-40f8-982d-5a520b8c88ee{ip: 10.1.0.39, host: fv-az447-333.tnmeiuxxsqeu3byeydcnbj0j5d.dx.internal.cloudapp.net, ports: [HTTP=15027, CLIENT_RPC=15028, REPLICATION=15034, RATIS=15030, RATIS_ADMIN=15031, RATIS_SERVER=15032, RATIS_DATASTREAM=15033, STANDALONE=15029], networkLocation: /default-rack, certSerialId: null, persistedOpState: null, persistedOpStateExpiryEpochSec: 0}
2023-07-16 18:47:47,393 [EventQueue-NewNodeForNewNodeHandler] INFO  pipeline.BackgroundPipelineCreator (BackgroundPipelineCreator.java:notifyEventTriggered(277)) - trigger a one-shot run on RatisPipelineUtilsThread.
2023-07-16 18:47:47,394 [RatisPipelineUtilsThread - 0] INFO  pipeline.RatisPipelineProvider (RatisPipelineProvider.java:lambda$create$0(206)) - Sending CreatePipelineCommand for pipeline:PipelineID=bd837de2-6fcd-42f8-8c12-00a09f9e151f to datanode:0df23656-1af4-40f8-982d-5a520b8c88ee
2023-07-16 18:47:47,396 [RatisPipelineUtilsThread - 0] INFO  pipeline.BackgroundPipelineCreator (BackgroundPipelineCreator.java:createPipelines(233)) - Created new pipeline Pipeline[ Id: bd837de2-6fcd-42f8-8c12-00a09f9e151f, Nodes: 0df23656-1af4-40f8-982d-5a520b8c88ee(fv-az447-333.tnmeiuxxsqeu3byeydcnbj0j5d.dx.internal.cloudapp.net/10.1.0.39), ReplicationConfig: RATIS/ONE, State:ALLOCATED, leaderId:, CreationTimestamp2023-07-16T18:47:47.394Z[Etc/UTC]]
2023-07-16 18:47:47,395 [EventQueue-NodeRegistrationContainerReportForDataNodeSafeModeRule] INFO  safemode.SCMSafeModeManager (DataNodeSafeModeRule.java:process(71)) - SCM in safe mode. 3 DataNodes registered, 3 required.
2023-07-16 18:47:47,397 [EventQueue-NodeRegistrationContainerReportForDataNodeSafeModeRule] INFO  safemode.SCMSafeModeManager (SCMSafeModeManager.java:validateSafeModeExitRules(200)) - DataNodeSafeModeRule rule is successfully validated
2023-07-16 18:47:47,397 [EventQueue-NodeRegistrationContainerReportForDataNodeSafeModeRule] INFO  safemode.SCMSafeModeManager (SCMSafeModeManager.java:completePreCheck(229)) - All SCM safe mode pre check rules have passed
2023-07-16 18:47:47,397 [EventQueue-NodeRegistrationContainerReportForDataNodeSafeModeRule] INFO  ha.SCMContext (SCMContext.java:updateSafeModeStatus(228)) - Update SafeModeStatus from SafeModeStatus{safeModeStatus=true, preCheckPassed=false} to SafeModeStatus{safeModeStatus=true, preCheckPassed=true}.
2023-07-16 18:47:47,397 [EventQueue-NodeRegistrationContainerReportForDataNodeSafeModeRule] INFO  pipeline.BackgroundPipelineCreator (BackgroundPipelineCreator.java:notifyEventTriggered(277)) - trigger a one-shot run on RatisPipelineUtilsThread.
2023-07-16 18:47:47,403 [RatisPipelineUtilsThread - 0] INFO  pipeline.RatisPipelineProvider (RatisPipelineProvider.java:lambda$create$0(206)) - Sending CreatePipelineCommand for pipeline:PipelineID=7a45457c-fcb7-4323-9a96-0327fc8ecce3 to datanode:12eac62c-7669-4502-8935-23b1d5049dac
2023-07-16 18:47:47,403 [RatisPipelineUtilsThread - 0] INFO  pipeline.RatisPipelineProvider (RatisPipelineProvider.java:lambda$create$0(206)) - Sending CreatePipelineCommand for pipeline:PipelineID=7a45457c-fcb7-4323-9a96-0327fc8ecce3 to datanode:0df23656-1af4-40f8-982d-5a520b8c88ee
2023-07-16 18:47:47,403 [RatisPipelineUtilsThread - 0] INFO  pipeline.RatisPipelineProvider (RatisPipelineProvider.java:lambda$create$0(206)) - Sending CreatePipelineCommand for pipeline:PipelineID=7a45457c-fcb7-4323-9a96-0327fc8ecce3 to datanode:ff8dcbe0-085a-4b37-9405-11cf2c6e7733
2023-07-16 18:47:47,405 [RatisPipelineUtilsThread - 0] INFO  pipeline.BackgroundPipelineCreator (BackgroundPipelineCreator.java:createPipelines(233)) - Created new pipeline Pipeline[ Id: 7a45457c-fcb7-4323-9a96-0327fc8ecce3, Nodes: 12eac62c-7669-4502-8935-23b1d5049dac(fv-az447-333.tnmeiuxxsqeu3byeydcnbj0j5d.dx.internal.cloudapp.net/10.1.0.39)0df23656-1af4-40f8-982d-5a520b8c88ee(fv-az447-333.tnmeiuxxsqeu3byeydcnbj0j5d.dx.internal.cloudapp.net/10.1.0.39)ff8dcbe0-085a-4b37-9405-11cf2c6e7733(fv-az447-333.tnmeiuxxsqeu3byeydcnbj0j5d.dx.internal.cloudapp.net/10.1.0.39), ReplicationConfig: RATIS/THREE, State:ALLOCATED, leaderId:, CreationTimestamp2023-07-16T18:47:47.403Z[Etc/UTC]]
2023-07-16 18:47:47,406 [RatisPipelineUtilsThread - 0] INFO  pipeline.RatisPipelineProvider (RatisPipelineProvider.java:lambda$create$0(206)) - Sending CreatePipelineCommand for pipeline:PipelineID=c9813f36-3b9b-4c67-8c0a-f88bf0ae4851 to datanode:ff8dcbe0-085a-4b37-9405-11cf2c6e7733
2023-07-16 18:47:47,406 [RatisPipelineUtilsThread - 0] INFO  pipeline.RatisPipelineProvider (RatisPipelineProvider.java:lambda$create$0(206)) - Sending CreatePipelineCommand for pipeline:PipelineID=c9813f36-3b9b-4c67-8c0a-f88bf0ae4851 to datanode:12eac62c-7669-4502-8935-23b1d5049dac
2023-07-16 18:47:47,407 [RatisPipelineUtilsThread - 0] INFO  pipeline.RatisPipelineProvider (RatisPipelineProvider.java:lambda$create$0(206)) - Sending CreatePipelineCommand for pipeline:PipelineID=c9813f36-3b9b-4c67-8c0a-f88bf0ae4851 to datanode:0df23656-1af4-40f8-982d-5a520b8c88ee
2023-07-16 18:47:47,408 [RatisPipelineUtilsThread - 0] INFO  pipeline.PipelineManagerImpl (PipelineManagerImpl.java:recordMetricsForPipeline(895)) - Pipeline: PipelineID=c9813f36-3b9b-4c67-8c0a-f88bf0ae4851 contains same datanodes as previous pipelines: PipelineID=7a45457c-fcb7-4323-9a96-0327fc8ecce3 nodeIds: ff8dcbe0-085a-4b37-9405-11cf2c6e7733, 12eac62c-7669-4502-8935-23b1d5049dac, 0df23656-1af4-40f8-982d-5a520b8c88ee
2023-07-16 18:47:47,408 [RatisPipelineUtilsThread - 0] INFO  pipeline.BackgroundPipelineCreator (BackgroundPipelineCreator.java:createPipelines(233)) - Created new pipeline Pipeline[ Id: c9813f36-3b9b-4c67-8c0a-f88bf0ae4851, Nodes: ff8dcbe0-085a-4b37-9405-11cf2c6e7733(fv-az447-333.tnmeiuxxsqeu3byeydcnbj0j5d.dx.internal.cloudapp.net/10.1.0.39)12eac62c-7669-4502-8935-23b1d5049dac(fv-az447-333.tnmeiuxxsqeu3byeydcnbj0j5d.dx.internal.cloudapp.net/10.1.0.39)0df23656-1af4-40f8-982d-5a520b8c88ee(fv-az447-333.tnmeiuxxsqeu3byeydcnbj0j5d.dx.internal.cloudapp.net/10.1.0.39), ReplicationConfig: RATIS/THREE, State:ALLOCATED, leaderId:, CreationTimestamp2023-07-16T18:47:47.406Z[Etc/UTC]]
2023-07-16 18:47:47,409 [RatisPipelineUtilsThread - 0] WARN  pipeline.PipelinePlacementPolicy (PipelinePlacementPolicy.java:filterViableNodes(166)) - Pipeline creation failed due to no sufficient healthy datanodes. Required 3. Found 0. Excluded 3.
2023-07-16 18:47:48,392 [main] INFO  ozone.MiniOzoneClusterImpl (MiniOzoneClusterImpl.java:lambda$waitForClusterToBeReady$0(224)) - Nodes are ready. Got 3 of 3 DN Heartbeats.
2023-07-16 18:47:48,393 [main] INFO  ozone.MiniOzoneClusterImpl (MiniOzoneClusterImpl.java:lambda$waitForClusterToBeReady$0(227)) - Waiting for cluster to exit safe mode
2023-07-16 18:47:48,393 [main] INFO  ozone.MiniOzoneClusterImpl (MiniOzoneClusterImpl.java:lambda$waitForClusterToBeReady$0(229)) - SCM became leader
2023-07-16 18:47:49,337 [PipelineCommandHandlerThread-0] INFO  server.RaftServer (RaftServerProxy.java:addNew(98)) - ff8dcbe0-085a-4b37-9405-11cf2c6e7733: addNew group-CAB8592BCA06:[ff8dcbe0-085a-4b37-9405-11cf2c6e7733|rpc:10.1.0.39:15014|admin:10.1.0.39:15013|client:10.1.0.39:15012|dataStream:10.1.0.39:15015|priority:1|startupRole:FOLLOWER] returns group-CAB8592BCA06:java.util.concurrent.CompletableFuture@5e5ffabf[Not completed]
2023-07-16 18:47:49,357 [ff8dcbe0-085a-4b37-9405-11cf2c6e7733-groupManagement] INFO  server.RaftServer$Division (RaftServerImpl.java:<init>(198)) - ff8dcbe0-085a-4b37-9405-11cf2c6e7733: new RaftServerImpl for group-CAB8592BCA06:[ff8dcbe0-085a-4b37-9405-11cf2c6e7733|rpc:10.1.0.39:15014|admin:10.1.0.39:15013|client:10.1.0.39:15012|dataStream:10.1.0.39:15015|priority:1|startupRole:FOLLOWER] with ContainerStateMachine:uninitialized
2023-07-16 18:47:49,357 [ff8dcbe0-085a-4b37-9405-11cf2c6e7733-groupManagement] INFO  server.RaftServerConfigKeys (ConfUtils.java:logGet(46)) - raft.server.rpc.timeout.min = 5s (custom)
2023-07-16 18:47:49,359 [ff8dcbe0-085a-4b37-9405-11cf2c6e7733-groupManagement] INFO  server.RaftServerConfigKeys (ConfUtils.java:logGet(46)) - raft.server.rpc.timeout.max = 5200ms (custom)
2023-07-16 18:47:49,359 [ff8dcbe0-085a-4b37-9405-11cf2c6e7733-groupManagement] INFO  server.RaftServerConfigKeys (ConfUtils.java:logGet(46)) - raft.server.rpc.sleep.time = 25ms (default)
2023-07-16 18:47:49,359 [ff8dcbe0-085a-4b37-9405-11cf2c6e7733-groupManagement] INFO  server.RaftServerConfigKeys (ConfUtils.java:logGet(46)) - raft.server.rpc.slowness.timeout = 300000ms (custom)
2023-07-16 18:47:49,359 [ff8dcbe0-085a-4b37-9405-11cf2c6e7733-groupManagement] INFO  server.RaftServerConfigKeys (ConfUtils.java:logGet(46)) - raft.server.leaderelection.leader.step-down.wait-time = 10s (default)
2023-07-16 18:47:49,359 [ff8dcbe0-085a-4b37-9405-11cf2c6e7733-groupManagement] INFO  server.RaftServerConfigKeys (ConfUtils.java:logGet(46)) - raft.server.sleep.deviation.threshold = 300ms (default)
2023-07-16 18:47:49,359 [ff8dcbe0-085a-4b37-9405-11cf2c6e7733-groupManagement] INFO  server.RaftServer$Division (ServerState.java:<init>(120)) - ff8dcbe0-085a-4b37-9405-11cf2c6e7733@group-CAB8592BCA06: ConfigurationManager, init=-1: peers:[ff8dcbe0-085a-4b37-9405-11cf2c6e7733|rpc:10.1.0.39:15014|admin:10.1.0.39:15013|client:10.1.0.39:15012|dataStream:10.1.0.39:15015|priority:1|startupRole:FOLLOWER]|listeners:[], old=null, confs=<EMPTY_MAP>
2023-07-16 18:47:49,360 [ff8dcbe0-085a-4b37-9405-11cf2c6e7733-groupManagement] INFO  server.RaftServerConfigKeys (ConfUtils.java:logGet(46)) - raft.server.storage.dir = [/home/runner/work/ozone/ozone/hadoop-ozone/integration-test/target/test-dir/MiniOzoneClusterImpl-5b665439-b9a5-4360-aef4-da1357485736/datanode-0/data/ratis] (custom)
2023-07-16 18:47:49,360 [ff8dcbe0-085a-4b37-9405-11cf2c6e7733-groupManagement] INFO  server.RaftServerConfigKeys (ConfUtils.java:logGet(46)) - raft.server.log.corruption.policy = EXCEPTION (default)
2023-07-16 18:47:49,360 [ff8dcbe0-085a-4b37-9405-11cf2c6e7733-groupManagement] INFO  server.RaftServerConfigKeys (ConfUtils.java:logGet(46)) - raft.server.storage.free-space.min = 0MB (=0) (default)
2023-07-16 18:47:49,361 [ff8dcbe0-085a-4b37-9405-11cf2c6e7733-groupManagement] INFO  server.RaftServerConfigKeys (ConfUtils.java:logGet(46)) - raft.server.notification.no-leader.timeout = 300000ms (custom)
2023-07-16 18:47:49,362 [ff8dcbe0-085a-4b37-9405-11cf2c6e7733-groupManagement] INFO  server.RaftServerConfigKeys (ConfUtils.java:logGet(46)) - raft.server.read.timeout = 10s (default)
2023-07-16 18:47:49,362 [ff8dcbe0-085a-4b37-9405-11cf2c6e7733-groupManagement] INFO  server.RaftServerConfigKeys (ConfUtils.java:logGet(46)) - raft.server.retrycache.expirytime = 600000ms (custom)
2023-07-16 18:47:49,362 [ff8dcbe0-085a-4b37-9405-11cf2c6e7733-groupManagement] INFO  server.RaftServerConfigKeys (ConfUtils.java:logGet(46)) - raft.server.retrycache.statistics.expirytime = 100μs (default)
2023-07-16 18:47:49,362 [ff8dcbe0-085a-4b37-9405-11cf2c6e7733-groupManagement] INFO  server.RaftServerConfigKeys (ConfUtils.java:logGet(46)) - raft.server.read.option = DEFAULT (default)
2023-07-16 18:47:49,373 [ff8dcbe0-085a-4b37-9405-11cf2c6e7733-groupManagement] INFO  server.RaftServerConfigKeys (ConfUtils.java:logGet(46)) - raft.server.rpc.request.timeout = 3000ms (default)
2023-07-16 18:47:49,373 [ff8dcbe0-085a-4b37-9405-11cf2c6e7733-groupManagement] INFO  server.RaftServerConfigKeys (ConfUtils.java:logGet(46)) - raft.server.log.appender.install.snapshot.enabled = false (custom)
2023-07-16 18:47:49,373 [ff8dcbe0-085a-4b37-9405-11cf2c6e7733-groupManagement] INFO  server.RaftServerConfigKeys (ConfUtils.java:logGet(46)) - raft.server.threadpool.server.cached = true (default)
2023-07-16 18:47:49,373 [ff8dcbe0-085a-4b37-9405-11cf2c6e7733-groupManagement] INFO  server.RaftServerConfigKeys (ConfUtils.java:logGet(46)) - raft.server.threadpool.server.size = 0 (default)
2023-07-16 18:47:49,373 [ff8dcbe0-085a-4b37-9405-11cf2c6e7733-groupManagement] INFO  server.RaftServerConfigKeys (ConfUtils.java:logGet(46)) - raft.server.threadpool.client.cached = true (default)
2023-07-16 18:47:49,373 [ff8dcbe0-085a-4b37-9405-11cf2c6e7733-groupManagement] INFO  server.RaftServerConfigKeys (ConfUtils.java:logGet(46)) - raft.server.threadpool.client.size = 0 (default)
2023-07-16 18:47:49,373 [ff8dcbe0-085a-4b37-9405-11cf2c6e7733-groupManagement] INFO  storage.RaftStorageDirectory (RaftStorageDirectoryImpl.java:analyzeStorage(137)) - The storage directory /home/runner/work/ozone/ozone/hadoop-ozone/integration-test/target/test-dir/MiniOzoneClusterImpl-5b665439-b9a5-4360-aef4-da1357485736/datanode-0/data/ratis/97354931-5c90-4424-9e3b-cab8592bca06 does not exist. Creating ...
2023-07-16 18:47:49,379 [ff8dcbe0-085a-4b37-9405-11cf2c6e7733-groupManagement] INFO  storage.RaftStorageDirectory (RaftStorageDirectoryImpl.java:tryLock(231)) - Lock on /home/runner/work/ozone/ozone/hadoop-ozone/integration-test/target/test-dir/MiniOzoneClusterImpl-5b665439-b9a5-4360-aef4-da1357485736/datanode-0/data/ratis/97354931-5c90-4424-9e3b-cab8592bca06/in_use.lock acquired by nodename 29753@fv-az447-333
2023-07-16 18:47:49,381 [ff8dcbe0-085a-4b37-9405-11cf2c6e7733-groupManagement] INFO  storage.RaftStorage (RaftStorageImpl.java:format(96)) - Storage directory /home/runner/work/ozone/ozone/hadoop-ozone/integration-test/target/test-dir/MiniOzoneClusterImpl-5b665439-b9a5-4360-aef4-da1357485736/datanode-0/data/ratis/97354931-5c90-4424-9e3b-cab8592bca06 has been successfully formatted.
2023-07-16 18:47:49,398 [main] INFO  ozone.MiniOzoneClusterImpl (MiniOzoneClusterImpl.java:lambda$waitForClusterToBeReady$0(224)) - Nodes are ready. Got 3 of 3 DN Heartbeats.
2023-07-16 18:47:49,399 [main] INFO  ozone.MiniOzoneClusterImpl (MiniOzoneClusterImpl.java:lambda$waitForClusterToBeReady$0(227)) - Waiting for cluster to exit safe mode
2023-07-16 18:47:49,399 [main] INFO  ozone.MiniOzoneClusterImpl (MiniOzoneClusterImpl.java:lambda$waitForClusterToBeReady$0(229)) - SCM became leader
2023-07-16 18:47:49,413 [ff8dcbe0-085a-4b37-9405-11cf2c6e7733-groupManagement] INFO  ratis.ContainerStateMachine (ContainerStateMachine.java:loadSnapshot(262)) - group-CAB8592BCA06: The snapshot info is null. Setting the last applied indexto:(t:0, i:~)
2023-07-16 18:47:49,413 [ff8dcbe0-085a-4b37-9405-11cf2c6e7733-groupManagement] INFO  server.RaftServerConfigKeys (ConfUtils.java:logGet(46)) - raft.server.log.use.memory = false (default)
2023-07-16 18:47:49,414 [ff8dcbe0-085a-4b37-9405-11cf2c6e7733-groupManagement] INFO  server.RaftServerConfigKeys (ConfUtils.java:logGet(46)) - raft.server.log.purge.gap = 1000000 (custom)
2023-07-16 18:47:49,414 [ff8dcbe0-085a-4b37-9405-11cf2c6e7733-groupManagement] INFO  server.RaftServerConfigKeys (ConfUtils.java:logGet(46)) - raft.server.log.appender.buffer.byte-limit = 33554432 (custom)
2023-07-16 18:47:49,414 [ff8dcbe0-085a-4b37-9405-11cf2c6e7733-groupManagement] INFO  server.RaftServerConfigKeys (ConfUtils.java:logGet(46)) - raft.server.log.statemachine.data.read.timeout = 1000ms (default)
2023-07-16 18:47:49,414 [ff8dcbe0-085a-4b37-9405-11cf2c6e7733-groupManagement] INFO  server.RaftServerConfigKeys (ConfUtils.java:logGet(46)) - raft.server.log.purge.preservation.log.num = 0 (default)
2023-07-16 18:47:49,417 [ff8dcbe0-085a-4b37-9405-11cf2c6e7733-groupManagement] INFO  server.RaftServerConfigKeys (ConfUtils.java:logGet(46)) - raft.server.log.segment.size.max = 1048576 (custom)
2023-07-16 18:47:49,421 [ff8dcbe0-085a-4b37-9405-11cf2c6e7733-groupManagement] INFO  server.RaftServerConfigKeys (ConfUtils.java:logGet(46)) - raft.server.log.segment.cache.num.max = 2 (custom)
2023-07-16 18:47:49,421 [ff8dcbe0-085a-4b37-9405-11cf2c6e7733-groupManagement] INFO  server.RaftServerConfigKeys (ConfUtils.java:logGet(46)) - raft.server.log.segment.cache.size.max = 200MB (=209715200) (default)
2023-07-16 18:47:49,421 [ff8dcbe0-085a-4b37-9405-11cf2c6e7733-groupManagement] INFO  server.RaftServerConfigKeys (ConfUtils.java:logGet(46)) - raft.server.log.appender.buffer.byte-limit = 33554432 (custom)
2023-07-16 18:47:49,421 [ff8dcbe0-085a-4b37-9405-11cf2c6e7733-groupManagement] INFO  segmented.SegmentedRaftLogWorker (SegmentedRaftLogWorker.java:<init>(188)) - new ff8dcbe0-085a-4b37-9405-11cf2c6e7733@group-CAB8592BCA06-SegmentedRaftLogWorker for RaftStorageImpl:Storage Directory /home/runner/work/ozone/ozone/hadoop-ozone/integration-test/target/test-dir/MiniOzoneClusterImpl-5b665439-b9a5-4360-aef4-da1357485736/datanode-0/data/ratis/97354931-5c90-4424-9e3b-cab8592bca06
2023-07-16 18:47:49,422 [ff8dcbe0-085a-4b37-9405-11cf2c6e7733-groupManagement] INFO  server.RaftServerConfigKeys (ConfUtils.java:logGet(46)) - raft.server.log.queue.byte-limit = 4294967296 (custom)
2023-07-16 18:47:49,422 [ff8dcbe0-085a-4b37-9405-11cf2c6e7733-groupManagement] INFO  server.RaftServerConfigKeys (ConfUtils.java:logGet(46)) - raft.server.log.queue.element-limit = 1024 (custom)
2023-07-16 18:47:49,422 [ff8dcbe0-085a-4b37-9405-11cf2c6e7733-groupManagement] INFO  server.RaftServerConfigKeys (ConfUtils.java:logGet(46)) - raft.server.log.segment.size.max = 1048576 (custom)
2023-07-16 18:47:49,422 [ff8dcbe0-085a-4b37-9405-11cf2c6e7733-groupManagement] INFO  server.RaftServerConfigKeys (ConfUtils.java:logGet(46)) - raft.server.log.preallocated.size = 16384 (custom)
2023-07-16 18:47:49,422 [ff8dcbe0-085a-4b37-9405-11cf2c6e7733-groupManagement] INFO  server.RaftServerConfigKeys (ConfUtils.java:logGet(46)) - raft.server.log.force.sync.num = 128 (default)
2023-07-16 18:47:49,422 [ff8dcbe0-085a-4b37-9405-11cf2c6e7733-groupManagement] INFO  server.RaftServerConfigKeys (ConfUtils.java:logGet(46)) - raft.server.log.statemachine.data.sync = true (default)
2023-07-16 18:47:49,422 [ff8dcbe0-085a-4b37-9405-11cf2c6e7733-groupManagement] INFO  server.RaftServerConfigKeys (ConfUtils.java:logGet(46)) - raft.server.log.statemachine.data.sync.timeout = 10s (default)
2023-07-16 18:47:49,422 [ff8dcbe0-085a-4b37-9405-11cf2c6e7733-groupManagement] INFO  server.RaftServerConfigKeys (ConfUtils.java:logGet(46)) - raft.server.log.statemachine.data.sync.timeout.retry = -1 (default)
2023-07-16 18:47:49,425 [ff8dcbe0-085a-4b37-9405-11cf2c6e7733-groupManagement] INFO  server.RaftServerConfigKeys (ConfUtils.java:logGet(46)) - raft.server.log.write.buffer.size = 1048576 (custom)
2023-07-16 18:47:49,425 [EventQueue-PipelineReportForPipelineReportHandler] INFO  pipeline.PipelineReportHandler (PipelineReportHandler.java:processPipelineReport(136)) - Opened pipeline PipelineID=97354931-5c90-4424-9e3b-cab8592bca06
2023-07-16 18:47:49,426 [ff8dcbe0-085a-4b37-9405-11cf2c6e7733-groupManagement] INFO  server.RaftServerConfigKeys (ConfUtils.java:logGet(46)) - raft.server.log.appender.buffer.byte-limit = 33554432 (custom)
2023-07-16 18:47:49,435 [ff8dcbe0-085a-4b37-9405-11cf2c6e7733-groupManagement] INFO  server.RaftServerConfigKeys (ConfUtils.java:logGet(46)) - raft.server.log.unsafe-flush.enabled = false (default)
2023-07-16 18:47:49,439 [ff8dcbe0-085a-4b37-9405-11cf2c6e7733-groupManagement] INFO  server.RaftServerConfigKeys (ConfUtils.java:logGet(46)) - raft.server.log.async-flush.enabled = false (default)
2023-07-16 18:47:49,439 [ff8dcbe0-085a-4b37-9405-11cf2c6e7733-groupManagement] INFO  server.RaftServerConfigKeys (ConfUtils.java:logGet(46)) - raft.server.log.statemachine.data.caching.enabled = true (custom)
2023-07-16 18:47:49,439 [ff8dcbe0-085a-4b37-9405-11cf2c6e7733-groupManagement] INFO  segmented.SegmentedRaftLogWorker (SegmentedRaftLogWorker.java:lambda$new$0(135)) - ff8dcbe0-085a-4b37-9405-11cf2c6e7733@group-CAB8592BCA06-SegmentedRaftLogWorker: flushIndex: setUnconditionally 0 -> -1
2023-07-16 18:47:49,437 [EventQueue-OpenPipelineForHealthyPipelineSafeModeRule] INFO  safemode.SCMSafeModeManager (HealthyPipelineSafeModeRule.java:process(137)) - SCM in safe mode. Healthy pipelines reported count is 0, required healthy pipeline reported count is 1
2023-07-16 18:47:49,439 [ff8dcbe0-085a-4b37-9405-11cf2c6e7733-groupManagement] INFO  segmented.SegmentedRaftLogWorker (SegmentedRaftLogWorker.java:lambda$new$0(135)) - ff8dcbe0-085a-4b37-9405-11cf2c6e7733@group-CAB8592BCA06-SegmentedRaftLogWorker: safeCacheEvictIndex: setUnconditionally 0 -> -1
2023-07-16 18:47:49,440 [ff8dcbe0-085a-4b37-9405-11cf2c6e7733-groupManagement] INFO  server.RaftServer$Division (RaftServerImpl.java:start(342)) - ff8dcbe0-085a-4b37-9405-11cf2c6e7733@group-CAB8592BCA06: start as a follower, conf=-1: peers:[ff8dcbe0-085a-4b37-9405-11cf2c6e7733|rpc:10.1.0.39:15014|admin:10.1.0.39:15013|client:10.1.0.39:15012|dataStream:10.1.0.39:15015|priority:1|startupRole:FOLLOWER]|listeners:[], old=null
2023-07-16 18:47:49,440 [ff8dcbe0-085a-4b37-9405-11cf2c6e7733-groupManagement] INFO  server.RaftServer$Division (RaftServerImpl.java:setRole(329)) - ff8dcbe0-085a-4b37-9405-11cf2c6e7733@group-CAB8592BCA06: changes role from      null to FOLLOWER at term 0 for startAsFollower
2023-07-16 18:47:49,440 [ff8dcbe0-085a-4b37-9405-11cf2c6e7733-groupManagement] INFO  impl.RoleInfo (RoleInfo.java:updateAndGet(139)) - ff8dcbe0-085a-4b37-9405-11cf2c6e7733: start ff8dcbe0-085a-4b37-9405-11cf2c6e7733@group-CAB8592BCA06-FollowerState
2023-07-16 18:47:49,444 [ff8dcbe0-085a-4b37-9405-11cf2c6e7733-groupManagement] INFO  util.JmxRegister (JmxRegister.java:tryRegister(44)) - Successfully registered JMX Bean with object name Ratis:service=RaftServer,group=group-CAB8592BCA06,id=ff8dcbe0-085a-4b37-9405-11cf2c6e7733
2023-07-16 18:47:49,444 [ff8dcbe0-085a-4b37-9405-11cf2c6e7733-groupManagement] INFO  server.RaftServerConfigKeys (ConfUtils.java:logGet(46)) - raft.server.snapshot.auto.trigger.enabled = true (custom)
2023-07-16 18:47:49,444 [ff8dcbe0-085a-4b37-9405-11cf2c6e7733-groupManagement] INFO  server.RaftServerConfigKeys (ConfUtils.java:logGet(46)) - raft.server.snapshot.auto.trigger.threshold = 10000 (custom)
2023-07-16 18:47:49,444 [ff8dcbe0-085a-4b37-9405-11cf2c6e7733-groupManagement] INFO  server.RaftServerConfigKeys (ConfUtils.java:logGet(46)) - raft.server.snapshot.retention.file.num = 5 (custom)
2023-07-16 18:47:49,444 [ff8dcbe0-085a-4b37-9405-11cf2c6e7733-groupManagement] INFO  server.RaftServerConfigKeys (ConfUtils.java:logGet(46)) - raft.server.log.purge.upto.snapshot.index = false (default)
2023-07-16 18:47:49,457 [ff8dcbe0-085a-4b37-9405-11cf2c6e7733@group-CAB8592BCA06-FollowerState] INFO  server.RaftServerConfigKeys (ConfUtils.java:logFallback(53)) - raft.server.rpc.first-election.timeout.min = 5s (fallback to raft.server.rpc.timeout.min)
2023-07-16 18:47:49,457 [ff8dcbe0-085a-4b37-9405-11cf2c6e7733@group-CAB8592BCA06-FollowerState] INFO  server.RaftServerConfigKeys (ConfUtils.java:logFallback(53)) - raft.server.rpc.first-election.timeout.max = 5200ms (fallback to raft.server.rpc.timeout.max)
2023-07-16 18:47:49,463 [PipelineCommandHandlerThread-0] INFO  ratis.XceiverServerRatis (XceiverServerRatis.java:addGroup(804)) - Created group PipelineID=97354931-5c90-4424-9e3b-cab8592bca06
2023-07-16 18:47:49,464 [PipelineCommandHandlerThread-0] INFO  commandhandler.CreatePipelineCommandHandler (CreatePipelineCommandHandler.java:lambda$handle$2(124)) - Created Pipeline RATIS ONE PipelineID=97354931-5c90-4424-9e3b-cab8592bca06.
2023-07-16 18:47:49,464 [PipelineCommandHandlerThread-0] INFO  server.RaftServer (RaftServerProxy.java:addNew(98)) - ff8dcbe0-085a-4b37-9405-11cf2c6e7733: addNew group-0327FC8ECCE3:[0df23656-1af4-40f8-982d-5a520b8c88ee|rpc:10.1.0.39:15032|admin:10.1.0.39:15031|client:10.1.0.39:15030|dataStream:10.1.0.39:15033|priority:0|startupRole:FOLLOWER, ff8dcbe0-085a-4b37-9405-11cf2c6e7733|rpc:10.1.0.39:15014|admin:10.1.0.39:15013|client:10.1.0.39:15012|dataStream:10.1.0.39:15015|priority:0|startupRole:FOLLOWER, 12eac62c-7669-4502-8935-23b1d5049dac|rpc:10.1.0.39:15023|admin:10.1.0.39:15022|client:10.1.0.39:15021|dataStream:10.1.0.39:15024|priority:1|startupRole:FOLLOWER] returns group-0327FC8ECCE3:java.util.concurrent.CompletableFuture@33a407c3[Not completed]
2023-07-16 18:47:49,471 [ff8dcbe0-085a-4b37-9405-11cf2c6e7733-groupManagement] INFO  server.RaftServer$Division (RaftServerImpl.java:<init>(198)) - ff8dcbe0-085a-4b37-9405-11cf2c6e7733: new RaftServerImpl for group-0327FC8ECCE3:[0df23656-1af4-40f8-982d-5a520b8c88ee|rpc:10.1.0.39:15032|admin:10.1.0.39:15031|client:10.1.0.39:15030|dataStream:10.1.0.39:15033|priority:0|startupRole:FOLLOWER, ff8dcbe0-085a-4b37-9405-11cf2c6e7733|rpc:10.1.0.39:15014|admin:10.1.0.39:15013|client:10.1.0.39:15012|dataStream:10.1.0.39:15015|priority:0|startupRole:FOLLOWER, 12eac62c-7669-4502-8935-23b1d5049dac|rpc:10.1.0.39:15023|admin:10.1.0.39:15022|client:10.1.0.39:15021|dataStream:10.1.0.39:15024|priority:1|startupRole:FOLLOWER] with ContainerStateMachine:uninitialized
2023-07-16 18:47:49,474 [ff8dcbe0-085a-4b37-9405-11cf2c6e7733-groupManagement] INFO  server.RaftServerConfigKeys (ConfUtils.java:logGet(46)) - raft.server.rpc.timeout.min = 5s (custom)
2023-07-16 18:47:49,474 [ff8dcbe0-085a-4b37-9405-11cf2c6e7733-groupManagement] INFO  server.RaftServerConfigKeys (ConfUtils.java:logGet(46)) - raft.server.rpc.timeout.max = 5200ms (custom)
2023-07-16 18:47:49,474 [ff8dcbe0-085a-4b37-9405-11cf2c6e7733-groupManagement] INFO  server.RaftServerConfigKeys (ConfUtils.java:logGet(46)) - raft.server.rpc.sleep.time = 25ms (default)
2023-07-16 18:47:49,475 [ff8dcbe0-085a-4b37-9405-11cf2c6e7733-groupManagement] INFO  server.RaftServerConfigKeys (ConfUtils.java:logGet(46)) - raft.server.rpc.slowness.timeout = 300000ms (custom)
2023-07-16 18:47:49,475 [ff8dcbe0-085a-4b37-9405-11cf2c6e7733-groupManagement] INFO  server.RaftServerConfigKeys (ConfUtils.java:logGet(46)) - raft.server.leaderelection.leader.step-down.wait-time = 10s (default)
2023-07-16 18:47:49,475 [ff8dcbe0-085a-4b37-9405-11cf2c6e7733-groupManagement] INFO  server.RaftServerConfigKeys (ConfUtils.java:logGet(46)) - raft.server.sleep.deviation.threshold = 300ms (default)
2023-07-16 18:47:49,475 [ff8dcbe0-085a-4b37-9405-11cf2c6e7733-groupManagement] INFO  server.RaftServer$Division (ServerState.java:<init>(120)) - ff8dcbe0-085a-4b37-9405-11cf2c6e7733@group-0327FC8ECCE3: ConfigurationManager, init=-1: peers:[0df23656-1af4-40f8-982d-5a520b8c88ee|rpc:10.1.0.39:15032|admin:10.1.0.39:15031|client:10.1.0.39:15030|dataStream:10.1.0.39:15033|priority:0|startupRole:FOLLOWER, ff8dcbe0-085a-4b37-9405-11cf2c6e7733|rpc:10.1.0.39:15014|admin:10.1.0.39:15013|client:10.1.0.39:15012|dataStream:10.1.0.39:15015|priority:0|startupRole:FOLLOWER, 12eac62c-7669-4502-8935-23b1d5049dac|rpc:10.1.0.39:15023|admin:10.1.0.39:15022|client:10.1.0.39:15021|dataStream:10.1.0.39:15024|priority:1|startupRole:FOLLOWER]|listeners:[], old=null, confs=<EMPTY_MAP>
2023-07-16 18:47:49,475 [ff8dcbe0-085a-4b37-9405-11cf2c6e7733-groupManagement] INFO  server.RaftServerConfigKeys (ConfUtils.java:logGet(46)) - raft.server.storage.dir = [/home/runner/work/ozone/ozone/hadoop-ozone/integration-test/target/test-dir/MiniOzoneClusterImpl-5b665439-b9a5-4360-aef4-da1357485736/datanode-0/data/ratis] (custom)
2023-07-16 18:47:49,476 [ff8dcbe0-085a-4b37-9405-11cf2c6e7733-groupManagement] INFO  server.RaftServerConfigKeys (ConfUtils.java:logGet(46)) - raft.server.log.corruption.policy = EXCEPTION (default)
2023-07-16 18:47:49,476 [ff8dcbe0-085a-4b37-9405-11cf2c6e7733-groupManagement] INFO  server.RaftServerConfigKeys (ConfUtils.java:logGet(46)) - raft.server.storage.free-space.min = 0MB (=0) (default)
2023-07-16 18:47:49,476 [ff8dcbe0-085a-4b37-9405-11cf2c6e7733-groupManagement] INFO  server.RaftServerConfigKeys (ConfUtils.java:logGet(46)) - raft.server.notification.no-leader.timeout = 300000ms (custom)
2023-07-16 18:47:49,476 [ff8dcbe0-085a-4b37-9405-11cf2c6e7733-groupManagement] INFO  server.RaftServerConfigKeys (ConfUtils.java:logGet(46)) - raft.server.read.timeout = 10s (default)
2023-07-16 18:47:49,476 [ff8dcbe0-085a-4b37-9405-11cf2c6e7733-groupManagement] INFO  server.RaftServerConfigKeys (ConfUtils.java:logGet(46)) - raft.server.retrycache.expirytime = 600000ms (custom)
2023-07-16 18:47:49,478 [ff8dcbe0-085a-4b37-9405-11cf2c6e7733-groupManagement] INFO  server.RaftServerConfigKeys (ConfUtils.java:logGet(46)) - raft.server.retrycache.statistics.expirytime = 100μs (default)
2023-07-16 18:47:49,478 [ff8dcbe0-085a-4b37-9405-11cf2c6e7733-groupManagement] INFO  server.RaftServerConfigKeys (ConfUtils.java:logGet(46)) - raft.server.read.option = DEFAULT (default)
2023-07-16 18:47:49,482 [ff8dcbe0-085a-4b37-9405-11cf2c6e7733-groupManagement] INFO  server.RaftServerConfigKeys (ConfUtils.java:logGet(46)) - raft.server.rpc.request.timeout = 3000ms (default)
2023-07-16 18:47:49,482 [ff8dcbe0-085a-4b37-9405-11cf2c6e7733-groupManagement] INFO  server.RaftServerConfigKeys (ConfUtils.java:logGet(46)) - raft.server.log.appender.install.snapshot.enabled = false (custom)
2023-07-16 18:47:49,482 [ff8dcbe0-085a-4b37-9405-11cf2c6e7733-groupManagement] INFO  server.RaftServerConfigKeys (ConfUtils.java:logGet(46)) - raft.server.threadpool.server.cached = true (default)
2023-07-16 18:47:49,482 [ff8dcbe0-085a-4b37-9405-11cf2c6e7733-groupManagement] INFO  server.RaftServerConfigKeys (ConfUtils.java:logGet(46)) - raft.server.threadpool.server.size = 0 (default)
2023-07-16 18:47:49,482 [ff8dcbe0-085a-4b37-9405-11cf2c6e7733-groupManagement] INFO  server.RaftServerConfigKeys (ConfUtils.java:logGet(46)) - raft.server.threadpool.client.cached = true (default)
2023-07-16 18:47:49,482 [ff8dcbe0-085a-4b37-9405-11cf2c6e7733-groupManagement] INFO  server.RaftServerConfigKeys (ConfUtils.java:logGet(46)) - raft.server.threadpool.client.size = 0 (default)
2023-07-16 18:47:49,483 [ff8dcbe0-085a-4b37-9405-11cf2c6e7733-groupManagement] INFO  storage.RaftStorageDirectory (RaftStorageDirectoryImpl.java:analyzeStorage(137)) - The storage directory /home/runner/work/ozone/ozone/hadoop-ozone/integration-test/target/test-dir/MiniOzoneClusterImpl-5b665439-b9a5-4360-aef4-da1357485736/datanode-0/data/ratis/7a45457c-fcb7-4323-9a96-0327fc8ecce3 does not exist. Creating ...
2023-07-16 18:47:49,486 [ff8dcbe0-085a-4b37-9405-11cf2c6e7733-groupManagement] INFO  storage.RaftStorageDirectory (RaftStorageDirectoryImpl.java:tryLock(231)) - Lock on /home/runner/work/ozone/ozone/hadoop-ozone/integration-test/target/test-dir/MiniOzoneClusterImpl-5b665439-b9a5-4360-aef4-da1357485736/datanode-0/data/ratis/7a45457c-fcb7-4323-9a96-0327fc8ecce3/in_use.lock acquired by nodename 29753@fv-az447-333
2023-07-16 18:47:49,488 [ff8dcbe0-085a-4b37-9405-11cf2c6e7733-groupManagement] INFO  storage.RaftStorage (RaftStorageImpl.java:format(96)) - Storage directory /home/runner/work/ozone/ozone/hadoop-ozone/integration-test/target/test-dir/MiniOzoneClusterImpl-5b665439-b9a5-4360-aef4-da1357485736/datanode-0/data/ratis/7a45457c-fcb7-4323-9a96-0327fc8ecce3 has been successfully formatted.
2023-07-16 18:47:49,491 [ff8dcbe0-085a-4b37-9405-11cf2c6e7733-groupManagement] INFO  ratis.ContainerStateMachine (ContainerStateMachine.java:loadSnapshot(262)) - group-0327FC8ECCE3: The snapshot info is null. Setting the last applied indexto:(t:0, i:~)
2023-07-16 18:47:49,491 [ff8dcbe0-085a-4b37-9405-11cf2c6e7733-groupManagement] INFO  server.RaftServerConfigKeys (ConfUtils.java:logGet(46)) - raft.server.log.use.memory = false (default)
2023-07-16 18:47:49,491 [ff8dcbe0-085a-4b37-9405-11cf2c6e7733-groupManagement] INFO  server.RaftServerConfigKeys (ConfUtils.java:logGet(46)) - raft.server.log.purge.gap = 1000000 (custom)
2023-07-16 18:47:49,492 [ff8dcbe0-085a-4b37-9405-11cf2c6e7733-groupManagement] INFO  server.RaftServerConfigKeys (ConfUtils.java:logGet(46)) - raft.server.log.appender.buffer.byte-limit = 33554432 (custom)
2023-07-16 18:47:49,492 [ff8dcbe0-085a-4b37-9405-11cf2c6e7733-groupManagement] INFO  server.RaftServerConfigKeys (ConfUtils.java:logGet(46)) - raft.server.log.statemachine.data.read.timeout = 1000ms (default)
2023-07-16 18:47:49,492 [ff8dcbe0-085a-4b37-9405-11cf2c6e7733-groupManagement] INFO  server.RaftServerConfigKeys (ConfUtils.java:logGet(46)) - raft.server.log.purge.preservation.log.num = 0 (default)
2023-07-16 18:47:49,492 [ff8dcbe0-085a-4b37-9405-11cf2c6e7733-groupManagement] INFO  server.RaftServerConfigKeys (ConfUtils.java:logGet(46)) - raft.server.log.segment.size.max = 1048576 (custom)
2023-07-16 18:47:49,492 [EventQueue-OpenPipelineForHealthyPipelineSafeModeRule] INFO  safemode.SCMSafeModeManager (HealthyPipelineSafeModeRule.java:process(137)) - SCM in safe mode. Healthy pipelines reported count is 0, required healthy pipeline reported count is 1
2023-07-16 18:47:49,494 [ff8dcbe0-085a-4b37-9405-11cf2c6e7733-groupManagement] INFO  server.RaftServerConfigKeys (ConfUtils.java:logGet(46)) - raft.server.log.segment.cache.num.max = 2 (custom)
2023-07-16 18:47:49,494 [ff8dcbe0-085a-4b37-9405-11cf2c6e7733-groupManagement] INFO  server.RaftServerConfigKeys (ConfUtils.java:logGet(46)) - raft.server.log.segment.cache.size.max = 200MB (=209715200) (default)
2023-07-16 18:47:49,494 [ff8dcbe0-085a-4b37-9405-11cf2c6e7733-groupManagement] INFO  server.RaftServerConfigKeys (ConfUtils.java:logGet(46)) - raft.server.log.appender.buffer.byte-limit = 33554432 (custom)
2023-07-16 18:47:49,494 [ff8dcbe0-085a-4b37-9405-11cf2c6e7733-groupManagement] INFO  segmented.SegmentedRaftLogWorker (SegmentedRaftLogWorker.java:<init>(188)) - new ff8dcbe0-085a-4b37-9405-11cf2c6e7733@group-0327FC8ECCE3-SegmentedRaftLogWorker for RaftStorageImpl:Storage Directory /home/runner/work/ozone/ozone/hadoop-ozone/integration-test/target/test-dir/MiniOzoneClusterImpl-5b665439-b9a5-4360-aef4-da1357485736/datanode-0/data/ratis/7a45457c-fcb7-4323-9a96-0327fc8ecce3
2023-07-16 18:47:49,494 [ff8dcbe0-085a-4b37-9405-11cf2c6e7733-groupManagement] INFO  server.RaftServerConfigKeys (ConfUtils.java:logGet(46)) - raft.server.log.queue.byte-limit = 4294967296 (custom)
2023-07-16 18:47:49,494 [ff8dcbe0-085a-4b37-9405-11cf2c6e7733-groupManagement] INFO  server.RaftServerConfigKeys (ConfUtils.java:logGet(46)) - raft.server.log.queue.element-limit = 1024 (custom)
2023-07-16 18:47:49,495 [ff8dcbe0-085a-4b37-9405-11cf2c6e7733-groupManagement] INFO  server.RaftServerConfigKeys (ConfUtils.java:logGet(46)) - raft.server.log.segment.size.max = 1048576 (custom)
2023-07-16 18:47:49,495 [ff8dcbe0-085a-4b37-9405-11cf2c6e7733-groupManagement] INFO  server.RaftServerConfigKeys (ConfUtils.java:logGet(46)) - raft.server.log.preallocated.size = 16384 (custom)
2023-07-16 18:47:49,495 [ff8dcbe0-085a-4b37-9405-11cf2c6e7733-groupManagement] INFO  server.RaftServerConfigKeys (ConfUtils.java:logGet(46)) - raft.server.log.force.sync.num = 128 (default)
2023-07-16 18:47:49,495 [ff8dcbe0-085a-4b37-9405-11cf2c6e7733-groupManagement] INFO  server.RaftServerConfigKeys (ConfUtils.java:logGet(46)) - raft.server.log.statemachine.data.sync = true (default)
2023-07-16 18:47:49,496 [ff8dcbe0-085a-4b37-9405-11cf2c6e7733-groupManagement] INFO  server.RaftServerConfigKeys (ConfUtils.java:logGet(46)) - raft.server.log.statemachine.data.sync.timeout = 10s (default)
2023-07-16 18:47:49,496 [ff8dcbe0-085a-4b37-9405-11cf2c6e7733-groupManagement] INFO  server.RaftServerConfigKeys (ConfUtils.java:logGet(46)) - raft.server.log.statemachine.data.sync.timeout.retry = -1 (default)
2023-07-16 18:47:49,499 [ff8dcbe0-085a-4b37-9405-11cf2c6e7733-groupManagement] INFO  server.RaftServerConfigKeys (ConfUtils.java:logGet(46)) - raft.server.log.write.buffer.size = 1048576 (custom)
2023-07-16 18:47:49,500 [ff8dcbe0-085a-4b37-9405-11cf2c6e7733-groupManagement] INFO  server.RaftServerConfigKeys (ConfUtils.java:logGet(46)) - raft.server.log.appender.buffer.byte-limit = 33554432 (custom)
2023-07-16 18:47:49,508 [ff8dcbe0-085a-4b37-9405-11cf2c6e7733-groupManagement] INFO  server.RaftServerConfigKeys (ConfUtils.java:logGet(46)) - raft.server.log.unsafe-flush.enabled = false (default)
2023-07-16 18:47:49,508 [ff8dcbe0-085a-4b37-9405-11cf2c6e7733-groupManagement] INFO  server.RaftServerConfigKeys (ConfUtils.java:logGet(46)) - raft.server.log.async-flush.enabled = false (default)
2023-07-16 18:47:49,508 [ff8dcbe0-085a-4b37-9405-11cf2c6e7733-groupManagement] INFO  server.RaftServerConfigKeys (ConfUtils.java:logGet(46)) - raft.server.log.statemachine.data.caching.enabled = true (custom)
2023-07-16 18:47:49,509 [ff8dcbe0-085a-4b37-9405-11cf2c6e7733-groupManagement] INFO  segmented.SegmentedRaftLogWorker (SegmentedRaftLogWorker.java:lambda$new$0(135)) - ff8dcbe0-085a-4b37-9405-11cf2c6e7733@group-0327FC8ECCE3-SegmentedRaftLogWorker: flushIndex: setUnconditionally 0 -> -1
2023-07-16 18:47:49,509 [ff8dcbe0-085a-4b37-9405-11cf2c6e7733-groupManagement] INFO  segmented.SegmentedRaftLogWorker (SegmentedRaftLogWorker.java:lambda$new$0(135)) - ff8dcbe0-085a-4b37-9405-11cf2c6e7733@group-0327FC8ECCE3-SegmentedRaftLogWorker: safeCacheEvictIndex: setUnconditionally 0 -> -1
2023-07-16 18:47:49,509 [ff8dcbe0-085a-4b37-9405-11cf2c6e7733-groupManagement] INFO  server.RaftServer$Division (RaftServerImpl.java:start(342)) - ff8dcbe0-085a-4b37-9405-11cf2c6e7733@group-0327FC8ECCE3: start as a follower, conf=-1: peers:[0df23656-1af4-40f8-982d-5a520b8c88ee|rpc:10.1.0.39:15032|admin:10.1.0.39:15031|client:10.1.0.39:15030|dataStream:10.1.0.39:15033|priority:0|startupRole:FOLLOWER, ff8dcbe0-085a-4b37-9405-11cf2c6e7733|rpc:10.1.0.39:15014|admin:10.1.0.39:15013|client:10.1.0.39:15012|dataStream:10.1.0.39:15015|priority:0|startupRole:FOLLOWER, 12eac62c-7669-4502-8935-23b1d5049dac|rpc:10.1.0.39:15023|admin:10.1.0.39:15022|client:10.1.0.39:15021|dataStream:10.1.0.39:15024|priority:1|startupRole:FOLLOWER]|listeners:[], old=null
2023-07-16 18:47:49,509 [ff8dcbe0-085a-4b37-9405-11cf2c6e7733-groupManagement] INFO  server.RaftServer$Division (RaftServerImpl.java:setRole(329)) - ff8dcbe0-085a-4b37-9405-11cf2c6e7733@group-0327FC8ECCE3: changes role from      null to FOLLOWER at term 0 for startAsFollower
2023-07-16 18:47:49,509 [ff8dcbe0-085a-4b37-9405-11cf2c6e7733-groupManagement] INFO  impl.RoleInfo (RoleInfo.java:updateAndGet(139)) - ff8dcbe0-085a-4b37-9405-11cf2c6e7733: start ff8dcbe0-085a-4b37-9405-11cf2c6e7733@group-0327FC8ECCE3-FollowerState
2023-07-16 18:47:49,510 [ff8dcbe0-085a-4b37-9405-11cf2c6e7733-groupManagement] INFO  util.JmxRegister (JmxRegister.java:tryRegister(44)) - Successfully registered JMX Bean with object name Ratis:service=RaftServer,group=group-0327FC8ECCE3,id=ff8dcbe0-085a-4b37-9405-11cf2c6e7733
2023-07-16 18:47:49,510 [ff8dcbe0-085a-4b37-9405-11cf2c6e7733-groupManagement] INFO  server.RaftServerConfigKeys (ConfUtils.java:logGet(46)) - raft.server.snapshot.auto.trigger.enabled = true (custom)
2023-07-16 18:47:49,510 [ff8dcbe0-085a-4b37-9405-11cf2c6e7733-groupManagement] INFO  server.RaftServerConfigKeys (ConfUtils.java:logGet(46)) - raft.server.snapshot.auto.trigger.threshold = 10000 (custom)
2023-07-16 18:47:49,510 [ff8dcbe0-085a-4b37-9405-11cf2c6e7733-groupManagement] INFO  server.RaftServerConfigKeys (ConfUtils.java:logGet(46)) - raft.server.snapshot.retention.file.num = 5 (custom)
2023-07-16 18:47:49,510 [ff8dcbe0-085a-4b37-9405-11cf2c6e7733-groupManagement] INFO  server.RaftServerConfigKeys (ConfUtils.java:logGet(46)) - raft.server.log.purge.upto.snapshot.index = false (default)
2023-07-16 18:47:49,511 [ff8dcbe0-085a-4b37-9405-11cf2c6e7733@group-0327FC8ECCE3-FollowerState] INFO  server.RaftServerConfigKeys (ConfUtils.java:logFallback(53)) - raft.server.rpc.first-election.timeout.min = 5s (fallback to raft.server.rpc.timeout.min)
2023-07-16 18:47:49,513 [ff8dcbe0-085a-4b37-9405-11cf2c6e7733@group-0327FC8ECCE3-FollowerState] INFO  server.RaftServerConfigKeys (ConfUtils.java:logFallback(53)) - raft.server.rpc.first-election.timeout.max = 5200ms (fallback to raft.server.rpc.timeout.max)
2023-07-16 18:47:49,513 [PipelineCommandHandlerThread-0] INFO  ratis.XceiverServerRatis (XceiverServerRatis.java:addGroup(804)) - Created group PipelineID=7a45457c-fcb7-4323-9a96-0327fc8ecce3
2023-07-16 18:47:49,977 [PipelineCommandHandlerThread-0] INFO  server.RaftServer (RaftServerProxy.java:addNew(98)) - 12eac62c-7669-4502-8935-23b1d5049dac: addNew group-2541CB3D4C42:[12eac62c-7669-4502-8935-23b1d5049dac|rpc:10.1.0.39:15023|admin:10.1.0.39:15022|client:10.1.0.39:15021|dataStream:10.1.0.39:15024|priority:1|startupRole:FOLLOWER] returns group-2541CB3D4C42:java.util.concurrent.CompletableFuture@48783550[Not completed]
2023-07-16 18:47:49,980 [12eac62c-7669-4502-8935-23b1d5049dac-groupManagement] INFO  server.RaftServer$Division (RaftServerImpl.java:<init>(198)) - 12eac62c-7669-4502-8935-23b1d5049dac: new RaftServerImpl for group-2541CB3D4C42:[12eac62c-7669-4502-8935-23b1d5049dac|rpc:10.1.0.39:15023|admin:10.1.0.39:15022|client:10.1.0.39:15021|dataStream:10.1.0.39:15024|priority:1|startupRole:FOLLOWER] with ContainerStateMachine:uninitialized
2023-07-16 18:47:49,980 [12eac62c-7669-4502-8935-23b1d5049dac-groupManagement] INFO  server.RaftServerConfigKeys (ConfUtils.java:logGet(46)) - raft.server.rpc.timeout.min = 5s (custom)
2023-07-16 18:47:49,980 [12eac62c-7669-4502-8935-23b1d5049dac-groupManagement] INFO  server.RaftServerConfigKeys (ConfUtils.java:logGet(46)) - raft.server.rpc.timeout.max = 5200ms (custom)
2023-07-16 18:47:49,980 [12eac62c-7669-4502-8935-23b1d5049dac-groupManagement] INFO  server.RaftServerConfigKeys (ConfUtils.java:logGet(46)) - raft.server.rpc.sleep.time = 25ms (default)
2023-07-16 18:47:49,981 [12eac62c-7669-4502-8935-23b1d5049dac-groupManagement] INFO  server.RaftServerConfigKeys (ConfUtils.java:logGet(46)) - raft.server.rpc.slowness.timeout = 300000ms (custom)
2023-07-16 18:47:49,981 [12eac62c-7669-4502-8935-23b1d5049dac-groupManagement] INFO  server.RaftServerConfigKeys (ConfUtils.java:logGet(46)) - raft.server.leaderelection.leader.step-down.wait-time = 10s (default)
2023-07-16 18:47:49,981 [12eac62c-7669-4502-8935-23b1d5049dac-groupManagement] INFO  server.RaftServerConfigKeys (ConfUtils.java:logGet(46)) - raft.server.sleep.deviation.threshold = 300ms (default)
2023-07-16 18:47:49,981 [12eac62c-7669-4502-8935-23b1d5049dac-groupManagement] INFO  server.RaftServer$Division (ServerState.java:<init>(120)) - 12eac62c-7669-4502-8935-23b1d5049dac@group-2541CB3D4C42: ConfigurationManager, init=-1: peers:[12eac62c-7669-4502-8935-23b1d5049dac|rpc:10.1.0.39:15023|admin:10.1.0.39:15022|client:10.1.0.39:15021|dataStream:10.1.0.39:15024|priority:1|startupRole:FOLLOWER]|listeners:[], old=null, confs=<EMPTY_MAP>
2023-07-16 18:47:49,981 [12eac62c-7669-4502-8935-23b1d5049dac-groupManagement] INFO  server.RaftServerConfigKeys (ConfUtils.java:logGet(46)) - raft.server.storage.dir = [/home/runner/work/ozone/ozone/hadoop-ozone/integration-test/target/test-dir/MiniOzoneClusterImpl-5b665439-b9a5-4360-aef4-da1357485736/datanode-1/data/ratis] (custom)
2023-07-16 18:47:49,981 [12eac62c-7669-4502-8935-23b1d5049dac-groupManagement] INFO  server.RaftServerConfigKeys (ConfUtils.java:logGet(46)) - raft.server.log.corruption.policy = EXCEPTION (default)
2023-07-16 18:47:49,982 [12eac62c-7669-4502-8935-23b1d5049dac-groupManagement] INFO  server.RaftServerConfigKeys (ConfUtils.java:logGet(46)) - raft.server.storage.free-space.min = 0MB (=0) (default)
2023-07-16 18:47:49,982 [12eac62c-7669-4502-8935-23b1d5049dac-groupManagement] INFO  server.RaftServerConfigKeys (ConfUtils.java:logGet(46)) - raft.server.notification.no-leader.timeout = 300000ms (custom)
2023-07-16 18:47:49,982 [12eac62c-7669-4502-8935-23b1d5049dac-groupManagement] INFO  server.RaftServerConfigKeys (ConfUtils.java:logGet(46)) - raft.server.read.timeout = 10s (default)
2023-07-16 18:47:49,982 [12eac62c-7669-4502-8935-23b1d5049dac-groupManagement] INFO  server.RaftServerConfigKeys (ConfUtils.java:logGet(46)) - raft.server.retrycache.expirytime = 600000ms (custom)
2023-07-16 18:47:49,982 [12eac62c-7669-4502-8935-23b1d5049dac-groupManagement] INFO  server.RaftServerConfigKeys (ConfUtils.java:logGet(46)) - raft.server.retrycache.statistics.expirytime = 100μs (default)
2023-07-16 18:47:49,982 [12eac62c-7669-4502-8935-23b1d5049dac-groupManagement] INFO  server.RaftServerConfigKeys (ConfUtils.java:logGet(46)) - raft.server.read.option = DEFAULT (default)
2023-07-16 18:47:49,985 [12eac62c-7669-4502-8935-23b1d5049dac-groupManagement] INFO  server.RaftServerConfigKeys (ConfUtils.java:logGet(46)) - raft.server.rpc.request.timeout = 3000ms (default)
2023-07-16 18:47:49,985 [12eac62c-7669-4502-8935-23b1d5049dac-groupManagement] INFO  server.RaftServerConfigKeys (ConfUtils.java:logGet(46)) - raft.server.log.appender.install.snapshot.enabled = false (custom)
2023-07-16 18:47:49,985 [12eac62c-7669-4502-8935-23b1d5049dac-groupManagement] INFO  server.RaftServerConfigKeys (ConfUtils.java:logGet(46)) - raft.server.threadpool.server.cached = true (default)
2023-07-16 18:47:49,985 [12eac62c-7669-4502-8935-23b1d5049dac-groupManagement] INFO  server.RaftServerConfigKeys (ConfUtils.java:logGet(46)) - raft.server.threadpool.server.size = 0 (default)
2023-07-16 18:47:49,985 [12eac62c-7669-4502-8935-23b1d5049dac-groupManagement] INFO  server.RaftServerConfigKeys (ConfUtils.java:logGet(46)) - raft.server.threadpool.client.cached = true (default)
2023-07-16 18:47:49,985 [12eac62c-7669-4502-8935-23b1d5049dac-groupManagement] INFO  server.RaftServerConfigKeys (ConfUtils.java:logGet(46)) - raft.server.threadpool.client.size = 0 (default)
2023-07-16 18:47:49,985 [12eac62c-7669-4502-8935-23b1d5049dac-groupManagement] INFO  storage.RaftStorageDirectory (RaftStorageDirectoryImpl.java:analyzeStorage(137)) - The storage directory /home/runner/work/ozone/ozone/hadoop-ozone/integration-test/target/test-dir/MiniOzoneClusterImpl-5b665439-b9a5-4360-aef4-da1357485736/datanode-1/data/ratis/6d964a98-c328-4037-96dd-2541cb3d4c42 does not exist. Creating ...
2023-07-16 18:47:49,987 [12eac62c-7669-4502-8935-23b1d5049dac-groupManagement] INFO  storage.RaftStorageDirectory (RaftStorageDirectoryImpl.java:tryLock(231)) - Lock on /home/runner/work/ozone/ozone/hadoop-ozone/integration-test/target/test-dir/MiniOzoneClusterImpl-5b665439-b9a5-4360-aef4-da1357485736/datanode-1/data/ratis/6d964a98-c328-4037-96dd-2541cb3d4c42/in_use.lock acquired by nodename 29753@fv-az447-333
2023-07-16 18:47:49,989 [12eac62c-7669-4502-8935-23b1d5049dac-groupManagement] INFO  storage.RaftStorage (RaftStorageImpl.java:format(96)) - Storage directory /home/runner/work/ozone/ozone/hadoop-ozone/integration-test/target/test-dir/MiniOzoneClusterImpl-5b665439-b9a5-4360-aef4-da1357485736/datanode-1/data/ratis/6d964a98-c328-4037-96dd-2541cb3d4c42 has been successfully formatted.
2023-07-16 18:47:49,990 [12eac62c-7669-4502-8935-23b1d5049dac-groupManagement] INFO  ratis.ContainerStateMachine (ContainerStateMachine.java:loadSnapshot(262)) - group-2541CB3D4C42: The snapshot info is null. Setting the last applied indexto:(t:0, i:~)
2023-07-16 18:47:49,991 [12eac62c-7669-4502-8935-23b1d5049dac-groupManagement] INFO  server.RaftServerConfigKeys (ConfUtils.java:logGet(46)) - raft.server.log.use.memory = false (default)
2023-07-16 18:47:49,991 [12eac62c-7669-4502-8935-23b1d5049dac-groupManagement] INFO  server.RaftServerConfigKeys (ConfUtils.java:logGet(46)) - raft.server.log.purge.gap = 1000000 (custom)
2023-07-16 18:47:49,991 [12eac62c-7669-4502-8935-23b1d5049dac-groupManagement] INFO  server.RaftServerConfigKeys (ConfUtils.java:logGet(46)) - raft.server.log.appender.buffer.byte-limit = 33554432 (custom)
2023-07-16 18:47:49,992 [12eac62c-7669-4502-8935-23b1d5049dac-groupManagement] INFO  server.RaftServerConfigKeys (ConfUtils.java:logGet(46)) - raft.server.log.statemachine.data.read.timeout = 1000ms (default)
2023-07-16 18:47:49,992 [12eac62c-7669-4502-8935-23b1d5049dac-groupManagement] INFO  server.RaftServerConfigKeys (ConfUtils.java:logGet(46)) - raft.server.log.purge.preservation.log.num = 0 (default)
2023-07-16 18:47:49,992 [12eac62c-7669-4502-8935-23b1d5049dac-groupManagement] INFO  server.RaftServerConfigKeys (ConfUtils.java:logGet(46)) - raft.server.log.segment.size.max = 1048576 (custom)
2023-07-16 18:47:49,993 [12eac62c-7669-4502-8935-23b1d5049dac-groupManagement] INFO  server.RaftServerConfigKeys (ConfUtils.java:logGet(46)) - raft.server.log.segment.cache.num.max = 2 (custom)
2023-07-16 18:47:49,993 [12eac62c-7669-4502-8935-23b1d5049dac-groupManagement] INFO  server.RaftServerConfigKeys (ConfUtils.java:logGet(46)) - raft.server.log.segment.cache.size.max = 200MB (=209715200) (default)
2023-07-16 18:47:49,993 [12eac62c-7669-4502-8935-23b1d5049dac-groupManagement] INFO  server.RaftServerConfigKeys (ConfUtils.java:logGet(46)) - raft.server.log.appender.buffer.byte-limit = 33554432 (custom)
2023-07-16 18:47:49,993 [12eac62c-7669-4502-8935-23b1d5049dac-groupManagement] INFO  segmented.SegmentedRaftLogWorker (SegmentedRaftLogWorker.java:<init>(188)) - new 12eac62c-7669-4502-8935-23b1d5049dac@group-2541CB3D4C42-SegmentedRaftLogWorker for RaftStorageImpl:Storage Directory /home/runner/work/ozone/ozone/hadoop-ozone/integration-test/target/test-dir/MiniOzoneClusterImpl-5b665439-b9a5-4360-aef4-da1357485736/datanode-1/data/ratis/6d964a98-c328-4037-96dd-2541cb3d4c42
2023-07-16 18:47:49,993 [12eac62c-7669-4502-8935-23b1d5049dac-groupManagement] INFO  server.RaftServerConfigKeys (ConfUtils.java:logGet(46)) - raft.server.log.queue.byte-limit = 4294967296 (custom)
2023-07-16 18:47:49,993 [12eac62c-7669-4502-8935-23b1d5049dac-groupManagement] INFO  server.RaftServerConfigKeys (ConfUtils.java:logGet(46)) - raft.server.log.queue.element-limit = 1024 (custom)
2023-07-16 18:47:49,993 [12eac62c-7669-4502-8935-23b1d5049dac-groupManagement] INFO  server.RaftServerConfigKeys (ConfUtils.java:logGet(46)) - raft.server.log.segment.size.max = 1048576 (custom)
2023-07-16 18:47:49,994 [12eac62c-7669-4502-8935-23b1d5049dac-groupManagement] INFO  server.RaftServerConfigKeys (ConfUtils.java:logGet(46)) - raft.server.log.preallocated.size = 16384 (custom)
2023-07-16 18:47:49,994 [12eac62c-7669-4502-8935-23b1d5049dac-groupManagement] INFO  server.RaftServerConfigKeys (ConfUtils.java:logGet(46)) - raft.server.log.force.sync.num = 128 (default)
2023-07-16 18:47:49,994 [12eac62c-7669-4502-8935-23b1d5049dac-groupManagement] INFO  server.RaftServerConfigKeys (ConfUtils.java:logGet(46)) - raft.server.log.statemachine.data.sync = true (default)
2023-07-16 18:47:49,994 [12eac62c-7669-4502-8935-23b1d5049dac-groupManagement] INFO  server.RaftServerConfigKeys (ConfUtils.java:logGet(46)) - raft.server.log.statemachine.data.sync.timeout = 10s (default)
2023-07-16 18:47:49,994 [12eac62c-7669-4502-8935-23b1d5049dac-groupManagement] INFO  server.RaftServerConfigKeys (ConfUtils.java:logGet(46)) - raft.server.log.statemachine.data.sync.timeout.retry = -1 (default)
2023-07-16 18:47:50,003 [EventQueue-PipelineReportForPipelineReportHandler] INFO  pipeline.PipelineReportHandler (PipelineReportHandler.java:processPipelineReport(136)) - Opened pipeline PipelineID=6d964a98-c328-4037-96dd-2541cb3d4c42
2023-07-16 18:47:50,003 [EventQueue-OpenPipelineForHealthyPipelineSafeModeRule] INFO  safemode.SCMSafeModeManager (HealthyPipelineSafeModeRule.java:process(137)) - SCM in safe mode. Healthy pipelines reported count is 0, required healthy pipeline reported count is 1
2023-07-16 18:47:50,011 [12eac62c-7669-4502-8935-23b1d5049dac-groupManagement] INFO  server.RaftServerConfigKeys (ConfUtils.java:logGet(46)) - raft.server.log.write.buffer.size = 1048576 (custom)
2023-07-16 18:47:50,011 [12eac62c-7669-4502-8935-23b1d5049dac-groupManagement] INFO  server.RaftServerConfigKeys (ConfUtils.java:logGet(46)) - raft.server.log.appender.buffer.byte-limit = 33554432 (custom)
2023-07-16 18:47:50,024 [12eac62c-7669-4502-8935-23b1d5049dac-groupManagement] INFO  server.RaftServerConfigKeys (ConfUtils.java:logGet(46)) - raft.server.log.unsafe-flush.enabled = false (default)
2023-07-16 18:47:50,026 [12eac62c-7669-4502-8935-23b1d5049dac-groupManagement] INFO  server.RaftServerConfigKeys (ConfUtils.java:logGet(46)) - raft.server.log.async-flush.enabled = false (default)
2023-07-16 18:47:50,026 [12eac62c-7669-4502-8935-23b1d5049dac-groupManagement] INFO  server.RaftServerConfigKeys (ConfUtils.java:logGet(46)) - raft.server.log.statemachine.data.caching.enabled = true (custom)
2023-07-16 18:47:50,034 [12eac62c-7669-4502-8935-23b1d5049dac-groupManagement] INFO  segmented.SegmentedRaftLogWorker (SegmentedRaftLogWorker.java:lambda$new$0(135)) - 12eac62c-7669-4502-8935-23b1d5049dac@group-2541CB3D4C42-SegmentedRaftLogWorker: flushIndex: setUnconditionally 0 -> -1
2023-07-16 18:47:50,034 [12eac62c-7669-4502-8935-23b1d5049dac-groupManagement] INFO  segmented.SegmentedRaftLogWorker (SegmentedRaftLogWorker.java:lambda$new$0(135)) - 12eac62c-7669-4502-8935-23b1d5049dac@group-2541CB3D4C42-SegmentedRaftLogWorker: safeCacheEvictIndex: setUnconditionally 0 -> -1
2023-07-16 18:47:50,034 [12eac62c-7669-4502-8935-23b1d5049dac-groupManagement] INFO  server.RaftServer$Division (RaftServerImpl.java:start(342)) - 12eac62c-7669-4502-8935-23b1d5049dac@group-2541CB3D4C42: start as a follower, conf=-1: peers:[12eac62c-7669-4502-8935-23b1d5049dac|rpc:10.1.0.39:15023|admin:10.1.0.39:15022|client:10.1.0.39:15021|dataStream:10.1.0.39:15024|priority:1|startupRole:FOLLOWER]|listeners:[], old=null
2023-07-16 18:47:50,034 [12eac62c-7669-4502-8935-23b1d5049dac-groupManagement] INFO  server.RaftServer$Division (RaftServerImpl.java:setRole(329)) - 12eac62c-7669-4502-8935-23b1d5049dac@group-2541CB3D4C42: changes role from      null to FOLLOWER at term 0 for startAsFollower
2023-07-16 18:47:50,034 [12eac62c-7669-4502-8935-23b1d5049dac-groupManagement] INFO  impl.RoleInfo (RoleInfo.java:updateAndGet(139)) - 12eac62c-7669-4502-8935-23b1d5049dac: start 12eac62c-7669-4502-8935-23b1d5049dac@group-2541CB3D4C42-FollowerState
2023-07-16 18:47:50,035 [12eac62c-7669-4502-8935-23b1d5049dac-groupManagement] INFO  util.JmxRegister (JmxRegister.java:tryRegister(44)) - Successfully registered JMX Bean with object name Ratis:service=RaftServer,group=group-2541CB3D4C42,id=12eac62c-7669-4502-8935-23b1d5049dac
2023-07-16 18:47:50,038 [12eac62c-7669-4502-8935-23b1d5049dac-groupManagement] INFO  server.RaftServerConfigKeys (ConfUtils.java:logGet(46)) - raft.server.snapshot.auto.trigger.enabled = true (custom)
2023-07-16 18:47:50,039 [12eac62c-7669-4502-8935-23b1d5049dac-groupManagement] INFO  server.RaftServerConfigKeys (ConfUtils.java:logGet(46)) - raft.server.snapshot.auto.trigger.threshold = 10000 (custom)
2023-07-16 18:47:50,039 [12eac62c-7669-4502-8935-23b1d5049dac-groupManagement] INFO  server.RaftServerConfigKeys (ConfUtils.java:logGet(46)) - raft.server.snapshot.retention.file.num = 5 (custom)
2023-07-16 18:47:50,039 [12eac62c-7669-4502-8935-23b1d5049dac-groupManagement] INFO  server.RaftServerConfigKeys (ConfUtils.java:logGet(46)) - raft.server.log.purge.upto.snapshot.index = false (default)
2023-07-16 18:47:50,047 [PipelineCommandHandlerThread-0] INFO  ratis.XceiverServerRatis (XceiverServerRatis.java:addGroup(804)) - Created group PipelineID=6d964a98-c328-4037-96dd-2541cb3d4c42
2023-07-16 18:47:50,047 [PipelineCommandHandlerThread-0] INFO  commandhandler.CreatePipelineCommandHandler (CreatePipelineCommandHandler.java:lambda$handle$2(124)) - Created Pipeline RATIS ONE PipelineID=6d964a98-c328-4037-96dd-2541cb3d4c42.
2023-07-16 18:47:50,048 [PipelineCommandHandlerThread-0] INFO  server.RaftServer (RaftServerProxy.java:addNew(98)) - 12eac62c-7669-4502-8935-23b1d5049dac: addNew group-0327FC8ECCE3:[0df23656-1af4-40f8-982d-5a520b8c88ee|rpc:10.1.0.39:15032|admin:10.1.0.39:15031|client:10.1.0.39:15030|dataStream:10.1.0.39:15033|priority:0|startupRole:FOLLOWER, ff8dcbe0-085a-4b37-9405-11cf2c6e7733|rpc:10.1.0.39:15014|admin:10.1.0.39:15013|client:10.1.0.39:15012|dataStream:10.1.0.39:15015|priority:0|startupRole:FOLLOWER, 12eac62c-7669-4502-8935-23b1d5049dac|rpc:10.1.0.39:15023|admin:10.1.0.39:15022|client:10.1.0.39:15021|dataStream:10.1.0.39:15024|priority:1|startupRole:FOLLOWER] returns group-0327FC8ECCE3:java.util.concurrent.CompletableFuture@4c47b887[Not completed]
2023-07-16 18:47:50,050 [12eac62c-7669-4502-8935-23b1d5049dac-groupManagement] INFO  server.RaftServer$Division (RaftServerImpl.java:<init>(198)) - 12eac62c-7669-4502-8935-23b1d5049dac: new RaftServerImpl for group-0327FC8ECCE3:[0df23656-1af4-40f8-982d-5a520b8c88ee|rpc:10.1.0.39:15032|admin:10.1.0.39:15031|client:10.1.0.39:15030|dataStream:10.1.0.39:15033|priority:0|startupRole:FOLLOWER, ff8dcbe0-085a-4b37-9405-11cf2c6e7733|rpc:10.1.0.39:15014|admin:10.1.0.39:15013|client:10.1.0.39:15012|dataStream:10.1.0.39:15015|priority:0|startupRole:FOLLOWER, 12eac62c-7669-4502-8935-23b1d5049dac|rpc:10.1.0.39:15023|admin:10.1.0.39:15022|client:10.1.0.39:15021|dataStream:10.1.0.39:15024|priority:1|startupRole:FOLLOWER] with ContainerStateMachine:uninitialized
2023-07-16 18:47:50,051 [12eac62c-7669-4502-8935-23b1d5049dac-groupManagement] INFO  server.RaftServerConfigKeys (ConfUtils.java:logGet(46)) - raft.server.rpc.timeout.min = 5s (custom)
2023-07-16 18:47:50,051 [12eac62c-7669-4502-8935-23b1d5049dac-groupManagement] INFO  server.RaftServerConfigKeys (ConfUtils.java:logGet(46)) - raft.server.rpc.timeout.max = 5200ms (custom)
2023-07-16 18:47:50,051 [12eac62c-7669-4502-8935-23b1d5049dac-groupManagement] INFO  server.RaftServerConfigKeys (ConfUtils.java:logGet(46)) - raft.server.rpc.sleep.time = 25ms (default)
2023-07-16 18:47:50,051 [12eac62c-7669-4502-8935-23b1d5049dac-groupManagement] INFO  server.RaftServerConfigKeys (ConfUtils.java:logGet(46)) - raft.server.rpc.slowness.timeout = 300000ms (custom)
2023-07-16 18:47:50,051 [12eac62c-7669-4502-8935-23b1d5049dac-groupManagement] INFO  server.RaftServerConfigKeys (ConfUtils.java:logGet(46)) - raft.server.leaderelection.leader.step-down.wait-time = 10s (default)
2023-07-16 18:47:50,051 [12eac62c-7669-4502-8935-23b1d5049dac-groupManagement] INFO  server.RaftServerConfigKeys (ConfUtils.java:logGet(46)) - raft.server.sleep.deviation.threshold = 300ms (default)
2023-07-16 18:47:50,051 [12eac62c-7669-4502-8935-23b1d5049dac-groupManagement] INFO  server.RaftServer$Division (ServerState.java:<init>(120)) - 12eac62c-7669-4502-8935-23b1d5049dac@group-0327FC8ECCE3: ConfigurationManager, init=-1: peers:[0df23656-1af4-40f8-982d-5a520b8c88ee|rpc:10.1.0.39:15032|admin:10.1.0.39:15031|client:10.1.0.39:15030|dataStream:10.1.0.39:15033|priority:0|startupRole:FOLLOWER, ff8dcbe0-085a-4b37-9405-11cf2c6e7733|rpc:10.1.0.39:15014|admin:10.1.0.39:15013|client:10.1.0.39:15012|dataStream:10.1.0.39:15015|priority:0|startupRole:FOLLOWER, 12eac62c-7669-4502-8935-23b1d5049dac|rpc:10.1.0.39:15023|admin:10.1.0.39:15022|client:10.1.0.39:15021|dataStream:10.1.0.39:15024|priority:1|startupRole:FOLLOWER]|listeners:[], old=null, confs=<EMPTY_MAP>
2023-07-16 18:47:50,051 [12eac62c-7669-4502-8935-23b1d5049dac-groupManagement] INFO  server.RaftServerConfigKeys (ConfUtils.java:logGet(46)) - raft.server.storage.dir = [/home/runner/work/ozone/ozone/hadoop-ozone/integration-test/target/test-dir/MiniOzoneClusterImpl-5b665439-b9a5-4360-aef4-da1357485736/datanode-1/data/ratis] (custom)
2023-07-16 18:47:50,052 [12eac62c-7669-4502-8935-23b1d5049dac-groupManagement] INFO  server.RaftServerConfigKeys (ConfUtils.java:logGet(46)) - raft.server.log.corruption.policy = EXCEPTION (default)
2023-07-16 18:47:50,053 [12eac62c-7669-4502-8935-23b1d5049dac-groupManagement] INFO  server.RaftServerConfigKeys (ConfUtils.java:logGet(46)) - raft.server.storage.free-space.min = 0MB (=0) (default)
2023-07-16 18:47:50,054 [12eac62c-7669-4502-8935-23b1d5049dac-groupManagement] INFO  server.RaftServerConfigKeys (ConfUtils.java:logGet(46)) - raft.server.notification.no-leader.timeout = 300000ms (custom)
2023-07-16 18:47:50,054 [12eac62c-7669-4502-8935-23b1d5049dac-groupManagement] INFO  server.RaftServerConfigKeys (ConfUtils.java:logGet(46)) - raft.server.read.timeout = 10s (default)
2023-07-16 18:47:50,054 [12eac62c-7669-4502-8935-23b1d5049dac-groupManagement] INFO  server.RaftServerConfigKeys (ConfUtils.java:logGet(46)) - raft.server.retrycache.expirytime = 600000ms (custom)
2023-07-16 18:47:50,054 [12eac62c-7669-4502-8935-23b1d5049dac-groupManagement] INFO  server.RaftServerConfigKeys (ConfUtils.java:logGet(46)) - raft.server.retrycache.statistics.expirytime = 100μs (default)
2023-07-16 18:47:50,054 [12eac62c-7669-4502-8935-23b1d5049dac-groupManagement] INFO  server.RaftServerConfigKeys (ConfUtils.java:logGet(46)) - raft.server.read.option = DEFAULT (default)
2023-07-16 18:47:50,062 [12eac62c-7669-4502-8935-23b1d5049dac-groupManagement] INFO  server.RaftServerConfigKeys (ConfUtils.java:logGet(46)) - raft.server.rpc.request.timeout = 3000ms (default)
2023-07-16 18:47:50,062 [12eac62c-7669-4502-8935-23b1d5049dac-groupManagement] INFO  server.RaftServerConfigKeys (ConfUtils.java:logGet(46)) - raft.server.log.appender.install.snapshot.enabled = false (custom)
2023-07-16 18:47:50,062 [12eac62c-7669-4502-8935-23b1d5049dac-groupManagement] INFO  server.RaftServerConfigKeys (ConfUtils.java:logGet(46)) - raft.server.threadpool.server.cached = true (default)
2023-07-16 18:47:50,062 [12eac62c-7669-4502-8935-23b1d5049dac-groupManagement] INFO  server.RaftServerConfigKeys (ConfUtils.java:logGet(46)) - raft.server.threadpool.server.size = 0 (default)
2023-07-16 18:47:50,063 [12eac62c-7669-4502-8935-23b1d5049dac-groupManagement] INFO  server.RaftServerConfigKeys (ConfUtils.java:logGet(46)) - raft.server.threadpool.client.cached = true (default)
2023-07-16 18:47:50,063 [12eac62c-7669-4502-8935-23b1d5049dac-groupManagement] INFO  server.RaftServerConfigKeys (ConfUtils.java:logGet(46)) - raft.server.threadpool.client.size = 0 (default)
2023-07-16 18:47:50,063 [12eac62c-7669-4502-8935-23b1d5049dac-groupManagement] INFO  storage.RaftStorageDirectory (RaftStorageDirectoryImpl.java:analyzeStorage(137)) - The storage directory /home/runner/work/ozone/ozone/hadoop-ozone/integration-test/target/test-dir/MiniOzoneClusterImpl-5b665439-b9a5-4360-aef4-da1357485736/datanode-1/data/ratis/7a45457c-fcb7-4323-9a96-0327fc8ecce3 does not exist. Creating ...
2023-07-16 18:47:50,064 [12eac62c-7669-4502-8935-23b1d5049dac@group-2541CB3D4C42-FollowerState] INFO  server.RaftServerConfigKeys (ConfUtils.java:logFallback(53)) - raft.server.rpc.first-election.timeout.min = 5s (fallback to raft.server.rpc.timeout.min)
2023-07-16 18:47:50,066 [12eac62c-7669-4502-8935-23b1d5049dac@group-2541CB3D4C42-FollowerState] INFO  server.RaftServerConfigKeys (ConfUtils.java:logFallback(53)) - raft.server.rpc.first-election.timeout.max = 5200ms (fallback to raft.server.rpc.timeout.max)
2023-07-16 18:47:50,073 [12eac62c-7669-4502-8935-23b1d5049dac-groupManagement] INFO  storage.RaftStorageDirectory (RaftStorageDirectoryImpl.java:tryLock(231)) - Lock on /home/runner/work/ozone/ozone/hadoop-ozone/integration-test/target/test-dir/MiniOzoneClusterImpl-5b665439-b9a5-4360-aef4-da1357485736/datanode-1/data/ratis/7a45457c-fcb7-4323-9a96-0327fc8ecce3/in_use.lock acquired by nodename 29753@fv-az447-333
2023-07-16 18:47:50,079 [12eac62c-7669-4502-8935-23b1d5049dac-groupManagement] INFO  storage.RaftStorage (RaftStorageImpl.java:format(96)) - Storage directory /home/runner/work/ozone/ozone/hadoop-ozone/integration-test/target/test-dir/MiniOzoneClusterImpl-5b665439-b9a5-4360-aef4-da1357485736/datanode-1/data/ratis/7a45457c-fcb7-4323-9a96-0327fc8ecce3 has been successfully formatted.
2023-07-16 18:47:50,080 [12eac62c-7669-4502-8935-23b1d5049dac-groupManagement] INFO  ratis.ContainerStateMachine (ContainerStateMachine.java:loadSnapshot(262)) - group-0327FC8ECCE3: The snapshot info is null. Setting the last applied indexto:(t:0, i:~)
2023-07-16 18:47:50,080 [12eac62c-7669-4502-8935-23b1d5049dac-groupManagement] INFO  server.RaftServerConfigKeys (ConfUtils.java:logGet(46)) - raft.server.log.use.memory = false (default)
2023-07-16 18:47:50,080 [12eac62c-7669-4502-8935-23b1d5049dac-groupManagement] INFO  server.RaftServerConfigKeys (ConfUtils.java:logGet(46)) - raft.server.log.purge.gap = 1000000 (custom)
2023-07-16 18:47:50,081 [12eac62c-7669-4502-8935-23b1d5049dac-groupManagement] INFO  server.RaftServerConfigKeys (ConfUtils.java:logGet(46)) - raft.server.log.appender.buffer.byte-limit = 33554432 (custom)
2023-07-16 18:47:50,081 [12eac62c-7669-4502-8935-23b1d5049dac-groupManagement] INFO  server.RaftServerConfigKeys (ConfUtils.java:logGet(46)) - raft.server.log.statemachine.data.read.timeout = 1000ms (default)
2023-07-16 18:47:50,081 [12eac62c-7669-4502-8935-23b1d5049dac-groupManagement] INFO  server.RaftServerConfigKeys (ConfUtils.java:logGet(46)) - raft.server.log.purge.preservation.log.num = 0 (default)
2023-07-16 18:47:50,090 [EventQueue-OpenPipelineForHealthyPipelineSafeModeRule] INFO  safemode.SCMSafeModeManager (HealthyPipelineSafeModeRule.java:process(137)) - SCM in safe mode. Healthy pipelines reported count is 0, required healthy pipeline reported count is 1
2023-07-16 18:47:50,094 [12eac62c-7669-4502-8935-23b1d5049dac-groupManagement] INFO  server.RaftServerConfigKeys (ConfUtils.java:logGet(46)) - raft.server.log.segment.size.max = 1048576 (custom)
2023-07-16 18:47:50,095 [12eac62c-7669-4502-8935-23b1d5049dac-groupManagement] INFO  server.RaftServerConfigKeys (ConfUtils.java:logGet(46)) - raft.server.log.segment.cache.num.max = 2 (custom)
2023-07-16 18:47:50,095 [12eac62c-7669-4502-8935-23b1d5049dac-groupManagement] INFO  server.RaftServerConfigKeys (ConfUtils.java:logGet(46)) - raft.server.log.segment.cache.size.max = 200MB (=209715200) (default)
2023-07-16 18:47:50,095 [12eac62c-7669-4502-8935-23b1d5049dac-groupManagement] INFO  server.RaftServerConfigKeys (ConfUtils.java:logGet(46)) - raft.server.log.appender.buffer.byte-limit = 33554432 (custom)
2023-07-16 18:47:50,095 [12eac62c-7669-4502-8935-23b1d5049dac-groupManagement] INFO  segmented.SegmentedRaftLogWorker (SegmentedRaftLogWorker.java:<init>(188)) - new 12eac62c-7669-4502-8935-23b1d5049dac@group-0327FC8ECCE3-SegmentedRaftLogWorker for RaftStorageImpl:Storage Directory /home/runner/work/ozone/ozone/hadoop-ozone/integration-test/target/test-dir/MiniOzoneClusterImpl-5b665439-b9a5-4360-aef4-da1357485736/datanode-1/data/ratis/7a45457c-fcb7-4323-9a96-0327fc8ecce3
2023-07-16 18:47:50,095 [12eac62c-7669-4502-8935-23b1d5049dac-groupManagement] INFO  server.RaftServerConfigKeys (ConfUtils.java:logGet(46)) - raft.server.log.queue.byte-limit = 4294967296 (custom)
2023-07-16 18:47:50,095 [12eac62c-7669-4502-8935-23b1d5049dac-groupManagement] INFO  server.RaftServerConfigKeys (ConfUtils.java:logGet(46)) - raft.server.log.queue.element-limit = 1024 (custom)
2023-07-16 18:47:50,096 [12eac62c-7669-4502-8935-23b1d5049dac-groupManagement] INFO  server.RaftServerConfigKeys (ConfUtils.java:logGet(46)) - raft.server.log.segment.size.max = 1048576 (custom)
2023-07-16 18:47:50,096 [12eac62c-7669-4502-8935-23b1d5049dac-groupManagement] INFO  server.RaftServerConfigKeys (ConfUtils.java:logGet(46)) - raft.server.log.preallocated.size = 16384 (custom)
2023-07-16 18:47:50,096 [12eac62c-7669-4502-8935-23b1d5049dac-groupManagement] INFO  server.RaftServerConfigKeys (ConfUtils.java:logGet(46)) - raft.server.log.force.sync.num = 128 (default)
2023-07-16 18:47:50,096 [12eac62c-7669-4502-8935-23b1d5049dac-groupManagement] INFO  server.RaftServerConfigKeys (ConfUtils.java:logGet(46)) - raft.server.log.statemachine.data.sync = true (default)
2023-07-16 18:47:50,096 [12eac62c-7669-4502-8935-23b1d5049dac-groupManagement] INFO  server.RaftServerConfigKeys (ConfUtils.java:logGet(46)) - raft.server.log.statemachine.data.sync.timeout = 10s (default)
2023-07-16 18:47:50,096 [12eac62c-7669-4502-8935-23b1d5049dac-groupManagement] INFO  server.RaftServerConfigKeys (ConfUtils.java:logGet(46)) - raft.server.log.statemachine.data.sync.timeout.retry = -1 (default)
2023-07-16 18:47:50,097 [12eac62c-7669-4502-8935-23b1d5049dac-groupManagement] INFO  server.RaftServerConfigKeys (ConfUtils.java:logGet(46)) - raft.server.log.write.buffer.size = 1048576 (custom)
2023-07-16 18:47:50,097 [12eac62c-7669-4502-8935-23b1d5049dac-groupManagement] INFO  server.RaftServerConfigKeys (ConfUtils.java:logGet(46)) - raft.server.log.appender.buffer.byte-limit = 33554432 (custom)
2023-07-16 18:47:50,322 [JvmPauseMonitor0] WARN  util.JvmPauseMonitor (JvmPauseMonitor.java:detectPause(124)) - JvmPauseMonitor-5c7cd9d8-45e7-438e-a966-903e50fd0a77: Detected pause in JVM or host machine approximately 0.130s with 0.216s GC time.
GC pool 'PS MarkSweep' had collection(s): count=1 time=167ms
GC pool 'PS Scavenge' had collection(s): count=1 time=49ms
2023-07-16 18:47:50,334 [12eac62c-7669-4502-8935-23b1d5049dac-groupManagement] INFO  server.RaftServerConfigKeys (ConfUtils.java:logGet(46)) - raft.server.log.unsafe-flush.enabled = false (default)
2023-07-16 18:47:50,336 [12eac62c-7669-4502-8935-23b1d5049dac-groupManagement] INFO  server.RaftServerConfigKeys (ConfUtils.java:logGet(46)) - raft.server.log.async-flush.enabled = false (default)
2023-07-16 18:47:50,336 [12eac62c-7669-4502-8935-23b1d5049dac-groupManagement] INFO  server.RaftServerConfigKeys (ConfUtils.java:logGet(46)) - raft.server.log.statemachine.data.caching.enabled = true (custom)
2023-07-16 18:47:50,336 [12eac62c-7669-4502-8935-23b1d5049dac-groupManagement] INFO  segmented.SegmentedRaftLogWorker (SegmentedRaftLogWorker.java:lambda$new$0(135)) - 12eac62c-7669-4502-8935-23b1d5049dac@group-0327FC8ECCE3-SegmentedRaftLogWorker: flushIndex: setUnconditionally 0 -> -1
2023-07-16 18:47:50,337 [12eac62c-7669-4502-8935-23b1d5049dac-groupManagement] INFO  segmented.SegmentedRaftLogWorker (SegmentedRaftLogWorker.java:lambda$new$0(135)) - 12eac62c-7669-4502-8935-23b1d5049dac@group-0327FC8ECCE3-SegmentedRaftLogWorker: safeCacheEvictIndex: setUnconditionally 0 -> -1
2023-07-16 18:47:50,340 [12eac62c-7669-4502-8935-23b1d5049dac-groupManagement] INFO  server.RaftServer$Division (RaftServerImpl.java:start(342)) - 12eac62c-7669-4502-8935-23b1d5049dac@group-0327FC8ECCE3: start as a follower, conf=-1: peers:[0df23656-1af4-40f8-982d-5a520b8c88ee|rpc:10.1.0.39:15032|admin:10.1.0.39:15031|client:10.1.0.39:15030|dataStream:10.1.0.39:15033|priority:0|startupRole:FOLLOWER, ff8dcbe0-085a-4b37-9405-11cf2c6e7733|rpc:10.1.0.39:15014|admin:10.1.0.39:15013|client:10.1.0.39:15012|dataStream:10.1.0.39:15015|priority:0|startupRole:FOLLOWER, 12eac62c-7669-4502-8935-23b1d5049dac|rpc:10.1.0.39:15023|admin:10.1.0.39:15022|client:10.1.0.39:15021|dataStream:10.1.0.39:15024|priority:1|startupRole:FOLLOWER]|listeners:[], old=null
2023-07-16 18:47:50,340 [12eac62c-7669-4502-8935-23b1d5049dac-groupManagement] INFO  server.RaftServer$Division (RaftServerImpl.java:setRole(329)) - 12eac62c-7669-4502-8935-23b1d5049dac@group-0327FC8ECCE3: changes role from      null to FOLLOWER at term 0 for startAsFollower
2023-07-16 18:47:50,343 [12eac62c-7669-4502-8935-23b1d5049dac-groupManagement] INFO  impl.RoleInfo (RoleInfo.java:updateAndGet(139)) - 12eac62c-7669-4502-8935-23b1d5049dac: start 12eac62c-7669-4502-8935-23b1d5049dac@group-0327FC8ECCE3-FollowerState
2023-07-16 18:47:50,349 [12eac62c-7669-4502-8935-23b1d5049dac-groupManagement] INFO  util.JmxRegister (JmxRegister.java:tryRegister(44)) - Successfully registered JMX Bean with object name Ratis:service=RaftServer,group=group-0327FC8ECCE3,id=12eac62c-7669-4502-8935-23b1d5049dac
2023-07-16 18:47:50,349 [12eac62c-7669-4502-8935-23b1d5049dac-groupManagement] INFO  server.RaftServerConfigKeys (ConfUtils.java:logGet(46)) - raft.server.snapshot.auto.trigger.enabled = true (custom)
2023-07-16 18:47:50,350 [12eac62c-7669-4502-8935-23b1d5049dac-groupManagement] INFO  server.RaftServerConfigKeys (ConfUtils.java:logGet(46)) - raft.server.snapshot.auto.trigger.threshold = 10000 (custom)
2023-07-16 18:47:50,350 [12eac62c-7669-4502-8935-23b1d5049dac-groupManagement] INFO  server.RaftServerConfigKeys (ConfUtils.java:logGet(46)) - raft.server.snapshot.retention.file.num = 5 (custom)
2023-07-16 18:47:50,350 [12eac62c-7669-4502-8935-23b1d5049dac-groupManagement] INFO  server.RaftServerConfigKeys (ConfUtils.java:logGet(46)) - raft.server.log.purge.upto.snapshot.index = false (default)
2023-07-16 18:47:50,353 [12eac62c-7669-4502-8935-23b1d5049dac@group-0327FC8ECCE3-FollowerState] INFO  server.RaftServerConfigKeys (ConfUtils.java:logFallback(53)) - raft.server.rpc.first-election.timeout.min = 5s (fallback to raft.server.rpc.timeout.min)
2023-07-16 18:47:50,356 [PipelineCommandHandlerThread-0] INFO  ratis.XceiverServerRatis (XceiverServerRatis.java:addGroup(804)) - Created group PipelineID=7a45457c-fcb7-4323-9a96-0327fc8ecce3
2023-07-16 18:47:50,373 [12eac62c-7669-4502-8935-23b1d5049dac@group-0327FC8ECCE3-FollowerState] INFO  server.RaftServerConfigKeys (ConfUtils.java:logFallback(53)) - raft.server.rpc.first-election.timeout.max = 5200ms (fallback to raft.server.rpc.timeout.max)
2023-07-16 18:47:50,404 [main] INFO  ozone.MiniOzoneClusterImpl (MiniOzoneClusterImpl.java:lambda$waitForClusterToBeReady$0(224)) - Nodes are ready. Got 3 of 3 DN Heartbeats.
2023-07-16 18:47:50,406 [main] INFO  ozone.MiniOzoneClusterImpl (MiniOzoneClusterImpl.java:lambda$waitForClusterToBeReady$0(227)) - Waiting for cluster to exit safe mode
2023-07-16 18:47:50,406 [main] INFO  ozone.MiniOzoneClusterImpl (MiniOzoneClusterImpl.java:lambda$waitForClusterToBeReady$0(229)) - SCM became leader
2023-07-16 18:47:50,414 [PipelineCommandHandlerThread-0] INFO  server.RaftServer (RaftServerProxy.java:addNew(98)) - 0df23656-1af4-40f8-982d-5a520b8c88ee: addNew group-00A09F9E151F:[0df23656-1af4-40f8-982d-5a520b8c88ee|rpc:10.1.0.39:15032|admin:10.1.0.39:15031|client:10.1.0.39:15030|dataStream:10.1.0.39:15033|priority:1|startupRole:FOLLOWER] returns group-00A09F9E151F:java.util.concurrent.CompletableFuture@578cfc0b[Not completed]
2023-07-16 18:47:50,423 [grpc-default-executor-1] INFO  server.RaftServer (RaftServerProxy.java:addNew(98)) - 0df23656-1af4-40f8-982d-5a520b8c88ee: addNew group-0327FC8ECCE3:[0df23656-1af4-40f8-982d-5a520b8c88ee|rpc:10.1.0.39:15032|admin:10.1.0.39:15031|client:10.1.0.39:15030|dataStream:10.1.0.39:15033|priority:0|startupRole:FOLLOWER, ff8dcbe0-085a-4b37-9405-11cf2c6e7733|rpc:10.1.0.39:15014|admin:10.1.0.39:15013|client:10.1.0.39:15012|dataStream:10.1.0.39:15015|priority:0|startupRole:FOLLOWER, 12eac62c-7669-4502-8935-23b1d5049dac|rpc:10.1.0.39:15023|admin:10.1.0.39:15022|client:10.1.0.39:15021|dataStream:10.1.0.39:15024|priority:1|startupRole:FOLLOWER] returns group-0327FC8ECCE3:java.util.concurrent.CompletableFuture@5c879807[Not completed]
2023-07-16 18:47:50,424 [0df23656-1af4-40f8-982d-5a520b8c88ee-groupManagement] INFO  server.RaftServer$Division (RaftServerImpl.java:<init>(198)) - 0df23656-1af4-40f8-982d-5a520b8c88ee: new RaftServerImpl for group-00A09F9E151F:[0df23656-1af4-40f8-982d-5a520b8c88ee|rpc:10.1.0.39:15032|admin:10.1.0.39:15031|client:10.1.0.39:15030|dataStream:10.1.0.39:15033|priority:1|startupRole:FOLLOWER] with ContainerStateMachine:uninitialized
2023-07-16 18:47:50,424 [0df23656-1af4-40f8-982d-5a520b8c88ee-groupManagement] INFO  server.RaftServerConfigKeys (ConfUtils.java:logGet(46)) - raft.server.rpc.timeout.min = 5s (custom)
2023-07-16 18:47:50,425 [0df23656-1af4-40f8-982d-5a520b8c88ee-groupManagement] INFO  server.RaftServerConfigKeys (ConfUtils.java:logGet(46)) - raft.server.rpc.timeout.max = 5200ms (custom)
2023-07-16 18:47:50,425 [0df23656-1af4-40f8-982d-5a520b8c88ee-groupManagement] INFO  server.RaftServerConfigKeys (ConfUtils.java:logGet(46)) - raft.server.rpc.sleep.time = 25ms (default)
2023-07-16 18:47:50,425 [0df23656-1af4-40f8-982d-5a520b8c88ee-groupManagement] INFO  server.RaftServerConfigKeys (ConfUtils.java:logGet(46)) - raft.server.rpc.slowness.timeout = 300000ms (custom)
2023-07-16 18:47:50,425 [0df23656-1af4-40f8-982d-5a520b8c88ee-groupManagement] INFO  server.RaftServerConfigKeys (ConfUtils.java:logGet(46)) - raft.server.leaderelection.leader.step-down.wait-time = 10s (default)
2023-07-16 18:47:50,425 [0df23656-1af4-40f8-982d-5a520b8c88ee-groupManagement] INFO  server.RaftServerConfigKeys (ConfUtils.java:logGet(46)) - raft.server.sleep.deviation.threshold = 300ms (default)
2023-07-16 18:47:50,425 [0df23656-1af4-40f8-982d-5a520b8c88ee-groupManagement] INFO  server.RaftServer$Division (ServerState.java:<init>(120)) - 0df23656-1af4-40f8-982d-5a520b8c88ee@group-00A09F9E151F: ConfigurationManager, init=-1: peers:[0df23656-1af4-40f8-982d-5a520b8c88ee|rpc:10.1.0.39:15032|admin:10.1.0.39:15031|client:10.1.0.39:15030|dataStream:10.1.0.39:15033|priority:1|startupRole:FOLLOWER]|listeners:[], old=null, confs=<EMPTY_MAP>
2023-07-16 18:47:50,425 [0df23656-1af4-40f8-982d-5a520b8c88ee-groupManagement] INFO  server.RaftServerConfigKeys (ConfUtils.java:logGet(46)) - raft.server.storage.dir = [/home/runner/work/ozone/ozone/hadoop-ozone/integration-test/target/test-dir/MiniOzoneClusterImpl-5b665439-b9a5-4360-aef4-da1357485736/datanode-2/data/ratis] (custom)
2023-07-16 18:47:50,425 [0df23656-1af4-40f8-982d-5a520b8c88ee-groupManagement] INFO  server.RaftServerConfigKeys (ConfUtils.java:logGet(46)) - raft.server.log.corruption.policy = EXCEPTION (default)
2023-07-16 18:47:50,425 [0df23656-1af4-40f8-982d-5a520b8c88ee-groupManagement] INFO  server.RaftServerConfigKeys (ConfUtils.java:logGet(46)) - raft.server.storage.free-space.min = 0MB (=0) (default)
2023-07-16 18:47:50,426 [0df23656-1af4-40f8-982d-5a520b8c88ee-groupManagement] INFO  server.RaftServerConfigKeys (ConfUtils.java:logGet(46)) - raft.server.notification.no-leader.timeout = 300000ms (custom)
2023-07-16 18:47:50,426 [0df23656-1af4-40f8-982d-5a520b8c88ee-groupManagement] INFO  server.RaftServerConfigKeys (ConfUtils.java:logGet(46)) - raft.server.read.timeout = 10s (default)
2023-07-16 18:47:50,426 [0df23656-1af4-40f8-982d-5a520b8c88ee-groupManagement] INFO  server.RaftServerConfigKeys (ConfUtils.java:logGet(46)) - raft.server.retrycache.expirytime = 600000ms (custom)
2023-07-16 18:47:50,426 [0df23656-1af4-40f8-982d-5a520b8c88ee-groupManagement] INFO  server.RaftServerConfigKeys (ConfUtils.java:logGet(46)) - raft.server.retrycache.statistics.expirytime = 100μs (default)
2023-07-16 18:47:50,426 [0df23656-1af4-40f8-982d-5a520b8c88ee-groupManagement] INFO  server.RaftServerConfigKeys (ConfUtils.java:logGet(46)) - raft.server.read.option = DEFAULT (default)
2023-07-16 18:47:50,446 [0df23656-1af4-40f8-982d-5a520b8c88ee-groupManagement] INFO  server.RaftServerConfigKeys (ConfUtils.java:logGet(46)) - raft.server.rpc.request.timeout = 3000ms (default)
2023-07-16 18:47:50,447 [0df23656-1af4-40f8-982d-5a520b8c88ee-groupManagement] INFO  server.RaftServerConfigKeys (ConfUtils.java:logGet(46)) - raft.server.log.appender.install.snapshot.enabled = false (custom)
2023-07-16 18:47:50,447 [0df23656-1af4-40f8-982d-5a520b8c88ee-groupManagement] INFO  server.RaftServerConfigKeys (ConfUtils.java:logGet(46)) - raft.server.threadpool.server.cached = true (default)
2023-07-16 18:47:50,447 [0df23656-1af4-40f8-982d-5a520b8c88ee-groupManagement] INFO  server.RaftServerConfigKeys (ConfUtils.java:logGet(46)) - raft.server.threadpool.server.size = 0 (default)
2023-07-16 18:47:50,447 [0df23656-1af4-40f8-982d-5a520b8c88ee-groupManagement] INFO  server.RaftServerConfigKeys (ConfUtils.java:logGet(46)) - raft.server.threadpool.client.cached = true (default)
2023-07-16 18:47:50,447 [0df23656-1af4-40f8-982d-5a520b8c88ee-groupManagement] INFO  server.RaftServerConfigKeys (ConfUtils.java:logGet(46)) - raft.server.threadpool.client.size = 0 (default)
2023-07-16 18:47:50,454 [0df23656-1af4-40f8-982d-5a520b8c88ee-groupManagement] INFO  server.RaftServer$Division (RaftServerImpl.java:<init>(198)) - 0df23656-1af4-40f8-982d-5a520b8c88ee: new RaftServerImpl for group-0327FC8ECCE3:[0df23656-1af4-40f8-982d-5a520b8c88ee|rpc:10.1.0.39:15032|admin:10.1.0.39:15031|client:10.1.0.39:15030|dataStream:10.1.0.39:15033|priority:0|startupRole:FOLLOWER, ff8dcbe0-085a-4b37-9405-11cf2c6e7733|rpc:10.1.0.39:15014|admin:10.1.0.39:15013|client:10.1.0.39:15012|dataStream:10.1.0.39:15015|priority:0|startupRole:FOLLOWER, 12eac62c-7669-4502-8935-23b1d5049dac|rpc:10.1.0.39:15023|admin:10.1.0.39:15022|client:10.1.0.39:15021|dataStream:10.1.0.39:15024|priority:1|startupRole:FOLLOWER] with ContainerStateMachine:uninitialized
2023-07-16 18:47:50,454 [0df23656-1af4-40f8-982d-5a520b8c88ee-groupManagement] INFO  server.RaftServerConfigKeys (ConfUtils.java:logGet(46)) - raft.server.rpc.timeout.min = 5s (custom)
2023-07-16 18:47:50,454 [0df23656-1af4-40f8-982d-5a520b8c88ee-groupManagement] INFO  server.RaftServerConfigKeys (ConfUtils.java:logGet(46)) - raft.server.rpc.timeout.max = 5200ms (custom)
2023-07-16 18:47:50,454 [0df23656-1af4-40f8-982d-5a520b8c88ee-groupManagement] INFO  server.RaftServerConfigKeys (ConfUtils.java:logGet(46)) - raft.server.rpc.sleep.time = 25ms (default)
2023-07-16 18:47:50,454 [0df23656-1af4-40f8-982d-5a520b8c88ee-groupManagement] INFO  server.RaftServerConfigKeys (ConfUtils.java:logGet(46)) - raft.server.rpc.slowness.timeout = 300000ms (custom)
2023-07-16 18:47:50,455 [0df23656-1af4-40f8-982d-5a520b8c88ee-groupManagement] INFO  server.RaftServerConfigKeys (ConfUtils.java:logGet(46)) - raft.server.leaderelection.leader.step-down.wait-time = 10s (default)
2023-07-16 18:47:50,455 [0df23656-1af4-40f8-982d-5a520b8c88ee-groupManagement] INFO  server.RaftServerConfigKeys (ConfUtils.java:logGet(46)) - raft.server.sleep.deviation.threshold = 300ms (default)
2023-07-16 18:47:50,455 [0df23656-1af4-40f8-982d-5a520b8c88ee-groupManagement] INFO  server.RaftServer$Division (ServerState.java:<init>(120)) - 0df23656-1af4-40f8-982d-5a520b8c88ee@group-0327FC8ECCE3: ConfigurationManager, init=-1: peers:[0df23656-1af4-40f8-982d-5a520b8c88ee|rpc:10.1.0.39:15032|admin:10.1.0.39:15031|client:10.1.0.39:15030|dataStream:10.1.0.39:15033|priority:0|startupRole:FOLLOWER, ff8dcbe0-085a-4b37-9405-11cf2c6e7733|rpc:10.1.0.39:15014|admin:10.1.0.39:15013|client:10.1.0.39:15012|dataStream:10.1.0.39:15015|priority:0|startupRole:FOLLOWER, 12eac62c-7669-4502-8935-23b1d5049dac|rpc:10.1.0.39:15023|admin:10.1.0.39:15022|client:10.1.0.39:15021|dataStream:10.1.0.39:15024|priority:1|startupRole:FOLLOWER]|listeners:[], old=null, confs=<EMPTY_MAP>
2023-07-16 18:47:50,455 [0df23656-1af4-40f8-982d-5a520b8c88ee-groupManagement] INFO  server.RaftServerConfigKeys (ConfUtils.java:logGet(46)) - raft.server.storage.dir = [/home/runner/work/ozone/ozone/hadoop-ozone/integration-test/target/test-dir/MiniOzoneClusterImpl-5b665439-b9a5-4360-aef4-da1357485736/datanode-2/data/ratis] (custom)
2023-07-16 18:47:50,464 [0df23656-1af4-40f8-982d-5a520b8c88ee-groupManagement] INFO  server.RaftServerConfigKeys (ConfUtils.java:logGet(46)) - raft.server.log.corruption.policy = EXCEPTION (default)
2023-07-16 18:47:50,464 [0df23656-1af4-40f8-982d-5a520b8c88ee-groupManagement] INFO  server.RaftServerConfigKeys (ConfUtils.java:logGet(46)) - raft.server.storage.free-space.min = 0MB (=0) (default)
2023-07-16 18:47:50,464 [0df23656-1af4-40f8-982d-5a520b8c88ee-groupManagement] INFO  server.RaftServerConfigKeys (ConfUtils.java:logGet(46)) - raft.server.notification.no-leader.timeout = 300000ms (custom)
2023-07-16 18:47:50,464 [0df23656-1af4-40f8-982d-5a520b8c88ee-groupManagement] INFO  server.RaftServerConfigKeys (ConfUtils.java:logGet(46)) - raft.server.read.timeout = 10s (default)
2023-07-16 18:47:50,465 [0df23656-1af4-40f8-982d-5a520b8c88ee-groupManagement] INFO  server.RaftServerConfigKeys (ConfUtils.java:logGet(46)) - raft.server.retrycache.expirytime = 600000ms (custom)
2023-07-16 18:47:50,465 [0df23656-1af4-40f8-982d-5a520b8c88ee-groupManagement] INFO  server.RaftServerConfigKeys (ConfUtils.java:logGet(46)) - raft.server.retrycache.statistics.expirytime = 100μs (default)
2023-07-16 18:47:50,465 [0df23656-1af4-40f8-982d-5a520b8c88ee-groupManagement] INFO  server.RaftServerConfigKeys (ConfUtils.java:logGet(46)) - raft.server.read.option = DEFAULT (default)
2023-07-16 18:47:50,468 [0df23656-1af4-40f8-982d-5a520b8c88ee-groupManagement] INFO  server.RaftServerConfigKeys (ConfUtils.java:logGet(46)) - raft.server.rpc.request.timeout = 3000ms (default)
2023-07-16 18:47:50,469 [0df23656-1af4-40f8-982d-5a520b8c88ee-groupManagement] INFO  server.RaftServerConfigKeys (ConfUtils.java:logGet(46)) - raft.server.log.appender.install.snapshot.enabled = false (custom)
2023-07-16 18:47:50,469 [0df23656-1af4-40f8-982d-5a520b8c88ee-groupManagement] INFO  server.RaftServerConfigKeys (ConfUtils.java:logGet(46)) - raft.server.threadpool.server.cached = true (default)
2023-07-16 18:47:50,469 [0df23656-1af4-40f8-982d-5a520b8c88ee-groupManagement] INFO  server.RaftServerConfigKeys (ConfUtils.java:logGet(46)) - raft.server.threadpool.server.size = 0 (default)
2023-07-16 18:47:50,470 [0df23656-1af4-40f8-982d-5a520b8c88ee-groupManagement] INFO  server.RaftServerConfigKeys (ConfUtils.java:logGet(46)) - raft.server.threadpool.client.cached = true (default)
2023-07-16 18:47:50,470 [0df23656-1af4-40f8-982d-5a520b8c88ee-groupManagement] INFO  server.RaftServerConfigKeys (ConfUtils.java:logGet(46)) - raft.server.threadpool.client.size = 0 (default)
2023-07-16 18:47:50,471 [0df23656-1af4-40f8-982d-5a520b8c88ee-groupManagement] INFO  storage.RaftStorageDirectory (RaftStorageDirectoryImpl.java:analyzeStorage(137)) - The storage directory /home/runner/work/ozone/ozone/hadoop-ozone/integration-test/target/test-dir/MiniOzoneClusterImpl-5b665439-b9a5-4360-aef4-da1357485736/datanode-2/data/ratis/bd837de2-6fcd-42f8-8c12-00a09f9e151f does not exist. Creating ...
2023-07-16 18:47:50,473 [0df23656-1af4-40f8-982d-5a520b8c88ee-groupManagement] INFO  storage.RaftStorageDirectory (RaftStorageDirectoryImpl.java:tryLock(231)) - Lock on /home/runner/work/ozone/ozone/hadoop-ozone/integration-test/target/test-dir/MiniOzoneClusterImpl-5b665439-b9a5-4360-aef4-da1357485736/datanode-2/data/ratis/bd837de2-6fcd-42f8-8c12-00a09f9e151f/in_use.lock acquired by nodename 29753@fv-az447-333
2023-07-16 18:47:50,475 [0df23656-1af4-40f8-982d-5a520b8c88ee-groupManagement] INFO  storage.RaftStorage (RaftStorageImpl.java:format(96)) - Storage directory /home/runner/work/ozone/ozone/hadoop-ozone/integration-test/target/test-dir/MiniOzoneClusterImpl-5b665439-b9a5-4360-aef4-da1357485736/datanode-2/data/ratis/bd837de2-6fcd-42f8-8c12-00a09f9e151f has been successfully formatted.
2023-07-16 18:47:50,477 [0df23656-1af4-40f8-982d-5a520b8c88ee-groupManagement] INFO  ratis.ContainerStateMachine (ContainerStateMachine.java:loadSnapshot(262)) - group-00A09F9E151F: The snapshot info is null. Setting the last applied indexto:(t:0, i:~)
2023-07-16 18:47:50,477 [0df23656-1af4-40f8-982d-5a520b8c88ee-groupManagement] INFO  server.RaftServerConfigKeys (ConfUtils.java:logGet(46)) - raft.server.log.use.memory = false (default)
2023-07-16 18:47:50,477 [0df23656-1af4-40f8-982d-5a520b8c88ee-groupManagement] INFO  server.RaftServerConfigKeys (ConfUtils.java:logGet(46)) - raft.server.log.purge.gap = 1000000 (custom)
2023-07-16 18:47:50,478 [0df23656-1af4-40f8-982d-5a520b8c88ee-groupManagement] INFO  server.RaftServerConfigKeys (ConfUtils.java:logGet(46)) - raft.server.log.appender.buffer.byte-limit = 33554432 (custom)
2023-07-16 18:47:50,478 [0df23656-1af4-40f8-982d-5a520b8c88ee-groupManagement] INFO  server.RaftServerConfigKeys (ConfUtils.java:logGet(46)) - raft.server.log.statemachine.data.read.timeout = 1000ms (default)
2023-07-16 18:47:50,478 [0df23656-1af4-40f8-982d-5a520b8c88ee-groupManagement] INFO  server.RaftServerConfigKeys (ConfUtils.java:logGet(46)) - raft.server.log.purge.preservation.log.num = 0 (default)
2023-07-16 18:47:50,494 [EventQueue-PipelineReportForPipelineReportHandler] INFO  pipeline.PipelineReportHandler (PipelineReportHandler.java:processPipelineReport(136)) - Opened pipeline PipelineID=bd837de2-6fcd-42f8-8c12-00a09f9e151f
2023-07-16 18:47:50,495 [0df23656-1af4-40f8-982d-5a520b8c88ee-groupManagement] INFO  server.RaftServerConfigKeys (ConfUtils.java:logGet(46)) - raft.server.log.segment.size.max = 1048576 (custom)
2023-07-16 18:47:50,499 [EventQueue-OpenPipelineForHealthyPipelineSafeModeRule] INFO  safemode.SCMSafeModeManager (HealthyPipelineSafeModeRule.java:process(137)) - SCM in safe mode. Healthy pipelines reported count is 0, required healthy pipeline reported count is 1
2023-07-16 18:47:50,500 [0df23656-1af4-40f8-982d-5a520b8c88ee-groupManagement] INFO  server.RaftServerConfigKeys (ConfUtils.java:logGet(46)) - raft.server.log.segment.cache.num.max = 2 (custom)
2023-07-16 18:47:50,500 [0df23656-1af4-40f8-982d-5a520b8c88ee-groupManagement] INFO  server.RaftServerConfigKeys (ConfUtils.java:logGet(46)) - raft.server.log.segment.cache.size.max = 200MB (=209715200) (default)
2023-07-16 18:47:50,500 [0df23656-1af4-40f8-982d-5a520b8c88ee-groupManagement] INFO  server.RaftServerConfigKeys (ConfUtils.java:logGet(46)) - raft.server.log.appender.buffer.byte-limit = 33554432 (custom)
2023-07-16 18:47:50,500 [0df23656-1af4-40f8-982d-5a520b8c88ee-groupManagement] INFO  segmented.SegmentedRaftLogWorker (SegmentedRaftLogWorker.java:<init>(188)) - new 0df23656-1af4-40f8-982d-5a520b8c88ee@group-00A09F9E151F-SegmentedRaftLogWorker for RaftStorageImpl:Storage Directory /home/runner/work/ozone/ozone/hadoop-ozone/integration-test/target/test-dir/MiniOzoneClusterImpl-5b665439-b9a5-4360-aef4-da1357485736/datanode-2/data/ratis/bd837de2-6fcd-42f8-8c12-00a09f9e151f
2023-07-16 18:47:50,500 [0df23656-1af4-40f8-982d-5a520b8c88ee-groupManagement] INFO  server.RaftServerConfigKeys (ConfUtils.java:logGet(46)) - raft.server.log.queue.byte-limit = 4294967296 (custom)
2023-07-16 18:47:50,500 [0df23656-1af4-40f8-982d-5a520b8c88ee-groupManagement] INFO  server.RaftServerConfigKeys (ConfUtils.java:logGet(46)) - raft.server.log.queue.element-limit = 1024 (custom)
2023-07-16 18:47:50,500 [0df23656-1af4-40f8-982d-5a520b8c88ee-groupManagement] INFO  server.RaftServerConfigKeys (ConfUtils.java:logGet(46)) - raft.server.log.segment.size.max = 1048576 (custom)
2023-07-16 18:47:50,500 [0df23656-1af4-40f8-982d-5a520b8c88ee-groupManagement] INFO  server.RaftServerConfigKeys (ConfUtils.java:logGet(46)) - raft.server.log.preallocated.size = 16384 (custom)
2023-07-16 18:47:50,501 [0df23656-1af4-40f8-982d-5a520b8c88ee-groupManagement] INFO  server.RaftServerConfigKeys (ConfUtils.java:logGet(46)) - raft.server.log.force.sync.num = 128 (default)
2023-07-16 18:47:50,501 [0df23656-1af4-40f8-982d-5a520b8c88ee-groupManagement] INFO  server.RaftServerConfigKeys (ConfUtils.java:logGet(46)) - raft.server.log.statemachine.data.sync = true (default)
2023-07-16 18:47:50,501 [0df23656-1af4-40f8-982d-5a520b8c88ee-groupManagement] INFO  server.RaftServerConfigKeys (ConfUtils.java:logGet(46)) - raft.server.log.statemachine.data.sync.timeout = 10s (default)
2023-07-16 18:47:50,501 [0df23656-1af4-40f8-982d-5a520b8c88ee-groupManagement] INFO  server.RaftServerConfigKeys (ConfUtils.java:logGet(46)) - raft.server.log.statemachine.data.sync.timeout.retry = -1 (default)
2023-07-16 18:47:50,506 [0df23656-1af4-40f8-982d-5a520b8c88ee-groupManagement] INFO  server.RaftServerConfigKeys (ConfUtils.java:logGet(46)) - raft.server.log.write.buffer.size = 1048576 (custom)
2023-07-16 18:47:50,507 [0df23656-1af4-40f8-982d-5a520b8c88ee-groupManagement] INFO  server.RaftServerConfigKeys (ConfUtils.java:logGet(46)) - raft.server.log.appender.buffer.byte-limit = 33554432 (custom)
2023-07-16 18:47:50,521 [0df23656-1af4-40f8-982d-5a520b8c88ee-groupManagement] INFO  server.RaftServerConfigKeys (ConfUtils.java:logGet(46)) - raft.server.log.unsafe-flush.enabled = false (default)
2023-07-16 18:47:50,521 [0df23656-1af4-40f8-982d-5a520b8c88ee-groupManagement] INFO  server.RaftServerConfigKeys (ConfUtils.java:logGet(46)) - raft.server.log.async-flush.enabled = false (default)
2023-07-16 18:47:50,521 [0df23656-1af4-40f8-982d-5a520b8c88ee-groupManagement] INFO  server.RaftServerConfigKeys (ConfUtils.java:logGet(46)) - raft.server.log.statemachine.data.caching.enabled = true (custom)
2023-07-16 18:47:50,522 [0df23656-1af4-40f8-982d-5a520b8c88ee-groupManagement] INFO  segmented.SegmentedRaftLogWorker (SegmentedRaftLogWorker.java:lambda$new$0(135)) - 0df23656-1af4-40f8-982d-5a520b8c88ee@group-00A09F9E151F-SegmentedRaftLogWorker: flushIndex: setUnconditionally 0 -> -1
2023-07-16 18:47:50,522 [0df23656-1af4-40f8-982d-5a520b8c88ee-groupManagement] INFO  segmented.SegmentedRaftLogWorker (SegmentedRaftLogWorker.java:lambda$new$0(135)) - 0df23656-1af4-40f8-982d-5a520b8c88ee@group-00A09F9E151F-SegmentedRaftLogWorker: safeCacheEvictIndex: setUnconditionally 0 -> -1
2023-07-16 18:47:50,522 [0df23656-1af4-40f8-982d-5a520b8c88ee-groupManagement] INFO  server.RaftServer$Division (RaftServerImpl.java:start(342)) - 0df23656-1af4-40f8-982d-5a520b8c88ee@group-00A09F9E151F: start as a follower, conf=-1: peers:[0df23656-1af4-40f8-982d-5a520b8c88ee|rpc:10.1.0.39:15032|admin:10.1.0.39:15031|client:10.1.0.39:15030|dataStream:10.1.0.39:15033|priority:1|startupRole:FOLLOWER]|listeners:[], old=null
2023-07-16 18:47:50,522 [0df23656-1af4-40f8-982d-5a520b8c88ee-groupManagement] INFO  server.RaftServer$Division (RaftServerImpl.java:setRole(329)) - 0df23656-1af4-40f8-982d-5a520b8c88ee@group-00A09F9E151F: changes role from      null to FOLLOWER at term 0 for startAsFollower
2023-07-16 18:47:50,522 [0df23656-1af4-40f8-982d-5a520b8c88ee-groupManagement] INFO  impl.RoleInfo (RoleInfo.java:updateAndGet(139)) - 0df23656-1af4-40f8-982d-5a520b8c88ee: start 0df23656-1af4-40f8-982d-5a520b8c88ee@group-00A09F9E151F-FollowerState
2023-07-16 18:47:50,523 [0df23656-1af4-40f8-982d-5a520b8c88ee-groupManagement] INFO  util.JmxRegister (JmxRegister.java:tryRegister(44)) - Successfully registered JMX Bean with object name Ratis:service=RaftServer,group=group-00A09F9E151F,id=0df23656-1af4-40f8-982d-5a520b8c88ee
2023-07-16 18:47:50,523 [0df23656-1af4-40f8-982d-5a520b8c88ee-groupManagement] INFO  server.RaftServerConfigKeys (ConfUtils.java:logGet(46)) - raft.server.snapshot.auto.trigger.enabled = true (custom)
2023-07-16 18:47:50,523 [0df23656-1af4-40f8-982d-5a520b8c88ee-groupManagement] INFO  server.RaftServerConfigKeys (ConfUtils.java:logGet(46)) - raft.server.snapshot.auto.trigger.threshold = 10000 (custom)
2023-07-16 18:47:50,523 [0df23656-1af4-40f8-982d-5a520b8c88ee-groupManagement] INFO  server.RaftServerConfigKeys (ConfUtils.java:logGet(46)) - raft.server.snapshot.retention.file.num = 5 (custom)
2023-07-16 18:47:50,523 [0df23656-1af4-40f8-982d-5a520b8c88ee-groupManagement] INFO  server.RaftServerConfigKeys (ConfUtils.java:logGet(46)) - raft.server.log.purge.upto.snapshot.index = false (default)
2023-07-16 18:47:50,524 [0df23656-1af4-40f8-982d-5a520b8c88ee@group-00A09F9E151F-FollowerState] INFO  server.RaftServerConfigKeys (ConfUtils.java:logFallback(53)) - raft.server.rpc.first-election.timeout.min = 5s (fallback to raft.server.rpc.timeout.min)
2023-07-16 18:47:50,524 [0df23656-1af4-40f8-982d-5a520b8c88ee@group-00A09F9E151F-FollowerState] INFO  server.RaftServerConfigKeys (ConfUtils.java:logFallback(53)) - raft.server.rpc.first-election.timeout.max = 5200ms (fallback to raft.server.rpc.timeout.max)
2023-07-16 18:47:50,528 [0df23656-1af4-40f8-982d-5a520b8c88ee-groupManagement] INFO  storage.RaftStorageDirectory (RaftStorageDirectoryImpl.java:analyzeStorage(137)) - The storage directory /home/runner/work/ozone/ozone/hadoop-ozone/integration-test/target/test-dir/MiniOzoneClusterImpl-5b665439-b9a5-4360-aef4-da1357485736/datanode-2/data/ratis/7a45457c-fcb7-4323-9a96-0327fc8ecce3 does not exist. Creating ...
2023-07-16 18:47:50,529 [PipelineCommandHandlerThread-0] INFO  ratis.XceiverServerRatis (XceiverServerRatis.java:addGroup(804)) - Created group PipelineID=bd837de2-6fcd-42f8-8c12-00a09f9e151f
2023-07-16 18:47:50,529 [PipelineCommandHandlerThread-0] INFO  commandhandler.CreatePipelineCommandHandler (CreatePipelineCommandHandler.java:lambda$handle$2(124)) - Created Pipeline RATIS ONE PipelineID=bd837de2-6fcd-42f8-8c12-00a09f9e151f.
2023-07-16 18:47:50,530 [PipelineCommandHandlerThread-0] INFO  server.RaftServer (RaftServerProxy.java:addNew(98)) - 0df23656-1af4-40f8-982d-5a520b8c88ee: addNew group-F88BF0AE4851:[0df23656-1af4-40f8-982d-5a520b8c88ee|rpc:10.1.0.39:15032|admin:10.1.0.39:15031|client:10.1.0.39:15030|dataStream:10.1.0.39:15033|priority:1|startupRole:FOLLOWER, ff8dcbe0-085a-4b37-9405-11cf2c6e7733|rpc:10.1.0.39:15014|admin:10.1.0.39:15013|client:10.1.0.39:15012|dataStream:10.1.0.39:15015|priority:0|startupRole:FOLLOWER, 12eac62c-7669-4502-8935-23b1d5049dac|rpc:10.1.0.39:15023|admin:10.1.0.39:15022|client:10.1.0.39:15021|dataStream:10.1.0.39:15024|priority:0|startupRole:FOLLOWER] returns group-F88BF0AE4851:java.util.concurrent.CompletableFuture@53b37222[Not completed]
2023-07-16 18:47:50,534 [0df23656-1af4-40f8-982d-5a520b8c88ee-groupManagement] INFO  storage.RaftStorageDirectory (RaftStorageDirectoryImpl.java:tryLock(231)) - Lock on /home/runner/work/ozone/ozone/hadoop-ozone/integration-test/target/test-dir/MiniOzoneClusterImpl-5b665439-b9a5-4360-aef4-da1357485736/datanode-2/data/ratis/7a45457c-fcb7-4323-9a96-0327fc8ecce3/in_use.lock acquired by nodename 29753@fv-az447-333
2023-07-16 18:47:50,537 [0df23656-1af4-40f8-982d-5a520b8c88ee-groupManagement] INFO  storage.RaftStorage (RaftStorageImpl.java:format(96)) - Storage directory /home/runner/work/ozone/ozone/hadoop-ozone/integration-test/target/test-dir/MiniOzoneClusterImpl-5b665439-b9a5-4360-aef4-da1357485736/datanode-2/data/ratis/7a45457c-fcb7-4323-9a96-0327fc8ecce3 has been successfully formatted.
2023-07-16 18:47:50,545 [EventQueue-OpenPipelineForHealthyPipelineSafeModeRule] INFO  safemode.SCMSafeModeManager (HealthyPipelineSafeModeRule.java:process(137)) - SCM in safe mode. Healthy pipelines reported count is 0, required healthy pipeline reported count is 1
2023-07-16 18:47:50,546 [0df23656-1af4-40f8-982d-5a520b8c88ee-groupManagement] INFO  ratis.ContainerStateMachine (ContainerStateMachine.java:loadSnapshot(262)) - group-0327FC8ECCE3: The snapshot info is null. Setting the last applied indexto:(t:0, i:~)
2023-07-16 18:47:50,546 [0df23656-1af4-40f8-982d-5a520b8c88ee-groupManagement] INFO  server.RaftServerConfigKeys (ConfUtils.java:logGet(46)) - raft.server.log.use.memory = false (default)
2023-07-16 18:47:50,546 [0df23656-1af4-40f8-982d-5a520b8c88ee-groupManagement] INFO  server.RaftServerConfigKeys (ConfUtils.java:logGet(46)) - raft.server.log.purge.gap = 1000000 (custom)
2023-07-16 18:47:50,547 [0df23656-1af4-40f8-982d-5a520b8c88ee-groupManagement] INFO  server.RaftServerConfigKeys (ConfUtils.java:logGet(46)) - raft.server.log.appender.buffer.byte-limit = 33554432 (custom)
2023-07-16 18:47:50,547 [0df23656-1af4-40f8-982d-5a520b8c88ee-groupManagement] INFO  server.RaftServerConfigKeys (ConfUtils.java:logGet(46)) - raft.server.log.statemachine.data.read.timeout = 1000ms (default)
2023-07-16 18:47:50,547 [0df23656-1af4-40f8-982d-5a520b8c88ee-groupManagement] INFO  server.RaftServerConfigKeys (ConfUtils.java:logGet(46)) - raft.server.log.purge.preservation.log.num = 0 (default)
2023-07-16 18:47:50,548 [0df23656-1af4-40f8-982d-5a520b8c88ee-groupManagement] INFO  server.RaftServerConfigKeys (ConfUtils.java:logGet(46)) - raft.server.log.segment.size.max = 1048576 (custom)
2023-07-16 18:47:50,549 [0df23656-1af4-40f8-982d-5a520b8c88ee-groupManagement] INFO  server.RaftServerConfigKeys (ConfUtils.java:logGet(46)) - raft.server.log.segment.cache.num.max = 2 (custom)
2023-07-16 18:47:50,549 [0df23656-1af4-40f8-982d-5a520b8c88ee-groupManagement] INFO  server.RaftServerConfigKeys (ConfUtils.java:logGet(46)) - raft.server.log.segment.cache.size.max = 200MB (=209715200) (default)
2023-07-16 18:47:50,549 [0df23656-1af4-40f8-982d-5a520b8c88ee-groupManagement] INFO  server.RaftServerConfigKeys (ConfUtils.java:logGet(46)) - raft.server.log.appender.buffer.byte-limit = 33554432 (custom)
2023-07-16 18:47:50,549 [0df23656-1af4-40f8-982d-5a520b8c88ee-groupManagement] INFO  segmented.SegmentedRaftLogWorker (SegmentedRaftLogWorker.java:<init>(188)) - new 0df23656-1af4-40f8-982d-5a520b8c88ee@group-0327FC8ECCE3-SegmentedRaftLogWorker for RaftStorageImpl:Storage Directory /home/runner/work/ozone/ozone/hadoop-ozone/integration-test/target/test-dir/MiniOzoneClusterImpl-5b665439-b9a5-4360-aef4-da1357485736/datanode-2/data/ratis/7a45457c-fcb7-4323-9a96-0327fc8ecce3
2023-07-16 18:47:50,549 [0df23656-1af4-40f8-982d-5a520b8c88ee-groupManagement] INFO  server.RaftServerConfigKeys (ConfUtils.java:logGet(46)) - raft.server.log.queue.byte-limit = 4294967296 (custom)
2023-07-16 18:47:50,550 [0df23656-1af4-40f8-982d-5a520b8c88ee-groupManagement] INFO  server.RaftServerConfigKeys (ConfUtils.java:logGet(46)) - raft.server.log.queue.element-limit = 1024 (custom)
2023-07-16 18:47:50,550 [0df23656-1af4-40f8-982d-5a520b8c88ee-groupManagement] INFO  server.RaftServerConfigKeys (ConfUtils.java:logGet(46)) - raft.server.log.segment.size.max = 1048576 (custom)
2023-07-16 18:47:50,551 [0df23656-1af4-40f8-982d-5a520b8c88ee-groupManagement] INFO  server.RaftServerConfigKeys (ConfUtils.java:logGet(46)) - raft.server.log.preallocated.size = 16384 (custom)
2023-07-16 18:47:50,551 [0df23656-1af4-40f8-982d-5a520b8c88ee-groupManagement] INFO  server.RaftServerConfigKeys (ConfUtils.java:logGet(46)) - raft.server.log.force.sync.num = 128 (default)
2023-07-16 18:47:50,551 [0df23656-1af4-40f8-982d-5a520b8c88ee-groupManagement] INFO  server.RaftServerConfigKeys (ConfUtils.java:logGet(46)) - raft.server.log.statemachine.data.sync = true (default)
2023-07-16 18:47:50,551 [0df23656-1af4-40f8-982d-5a520b8c88ee-groupManagement] INFO  server.RaftServerConfigKeys (ConfUtils.java:logGet(46)) - raft.server.log.statemachine.data.sync.timeout = 10s (default)
2023-07-16 18:47:50,551 [0df23656-1af4-40f8-982d-5a520b8c88ee-groupManagement] INFO  server.RaftServerConfigKeys (ConfUtils.java:logGet(46)) - raft.server.log.statemachine.data.sync.timeout.retry = -1 (default)
2023-07-16 18:47:50,553 [0df23656-1af4-40f8-982d-5a520b8c88ee-groupManagement] INFO  server.RaftServerConfigKeys (ConfUtils.java:logGet(46)) - raft.server.log.write.buffer.size = 1048576 (custom)
2023-07-16 18:47:50,556 [0df23656-1af4-40f8-982d-5a520b8c88ee-groupManagement] INFO  server.RaftServerConfigKeys (ConfUtils.java:logGet(46)) - raft.server.log.appender.buffer.byte-limit = 33554432 (custom)
2023-07-16 18:47:50,565 [0df23656-1af4-40f8-982d-5a520b8c88ee-groupManagement] INFO  server.RaftServerConfigKeys (ConfUtils.java:logGet(46)) - raft.server.log.unsafe-flush.enabled = false (default)
2023-07-16 18:47:50,566 [0df23656-1af4-40f8-982d-5a520b8c88ee-groupManagement] INFO  server.RaftServerConfigKeys (ConfUtils.java:logGet(46)) - raft.server.log.async-flush.enabled = false (default)
2023-07-16 18:47:50,566 [0df23656-1af4-40f8-982d-5a520b8c88ee-groupManagement] INFO  server.RaftServerConfigKeys (ConfUtils.java:logGet(46)) - raft.server.log.statemachine.data.caching.enabled = true (custom)
2023-07-16 18:47:50,566 [0df23656-1af4-40f8-982d-5a520b8c88ee-groupManagement] INFO  segmented.SegmentedRaftLogWorker (SegmentedRaftLogWorker.java:lambda$new$0(135)) - 0df23656-1af4-40f8-982d-5a520b8c88ee@group-0327FC8ECCE3-SegmentedRaftLogWorker: flushIndex: setUnconditionally 0 -> -1
2023-07-16 18:47:50,566 [0df23656-1af4-40f8-982d-5a520b8c88ee-groupManagement] INFO  segmented.SegmentedRaftLogWorker (SegmentedRaftLogWorker.java:lambda$new$0(135)) - 0df23656-1af4-40f8-982d-5a520b8c88ee@group-0327FC8ECCE3-SegmentedRaftLogWorker: safeCacheEvictIndex: setUnconditionally 0 -> -1
2023-07-16 18:47:50,571 [0df23656-1af4-40f8-982d-5a520b8c88ee-groupManagement] INFO  server.RaftServer$Division (RaftServerImpl.java:start(342)) - 0df23656-1af4-40f8-982d-5a520b8c88ee@group-0327FC8ECCE3: start as a follower, conf=-1: peers:[0df23656-1af4-40f8-982d-5a520b8c88ee|rpc:10.1.0.39:15032|admin:10.1.0.39:15031|client:10.1.0.39:15030|dataStream:10.1.0.39:15033|priority:0|startupRole:FOLLOWER, ff8dcbe0-085a-4b37-9405-11cf2c6e7733|rpc:10.1.0.39:15014|admin:10.1.0.39:15013|client:10.1.0.39:15012|dataStream:10.1.0.39:15015|priority:0|startupRole:FOLLOWER, 12eac62c-7669-4502-8935-23b1d5049dac|rpc:10.1.0.39:15023|admin:10.1.0.39:15022|client:10.1.0.39:15021|dataStream:10.1.0.39:15024|priority:1|startupRole:FOLLOWER]|listeners:[], old=null
2023-07-16 18:47:50,571 [0df23656-1af4-40f8-982d-5a520b8c88ee-groupManagement] INFO  server.RaftServer$Division (RaftServerImpl.java:setRole(329)) - 0df23656-1af4-40f8-982d-5a520b8c88ee@group-0327FC8ECCE3: changes role from      null to FOLLOWER at term 0 for startAsFollower
2023-07-16 18:47:50,575 [0df23656-1af4-40f8-982d-5a520b8c88ee-groupManagement] INFO  impl.RoleInfo (RoleInfo.java:updateAndGet(139)) - 0df23656-1af4-40f8-982d-5a520b8c88ee: start 0df23656-1af4-40f8-982d-5a520b8c88ee@group-0327FC8ECCE3-FollowerState
2023-07-16 18:47:50,577 [0df23656-1af4-40f8-982d-5a520b8c88ee-groupManagement] INFO  util.JmxRegister (JmxRegister.java:tryRegister(44)) - Successfully registered JMX Bean with object name Ratis:service=RaftServer,group=group-0327FC8ECCE3,id=0df23656-1af4-40f8-982d-5a520b8c88ee
2023-07-16 18:47:50,577 [0df23656-1af4-40f8-982d-5a520b8c88ee-groupManagement] INFO  server.RaftServerConfigKeys (ConfUtils.java:logGet(46)) - raft.server.snapshot.auto.trigger.enabled = true (custom)
2023-07-16 18:47:50,577 [0df23656-1af4-40f8-982d-5a520b8c88ee-groupManagement] INFO  server.RaftServerConfigKeys (ConfUtils.java:logGet(46)) - raft.server.snapshot.auto.trigger.threshold = 10000 (custom)
2023-07-16 18:47:50,577 [0df23656-1af4-40f8-982d-5a520b8c88ee-groupManagement] INFO  server.RaftServerConfigKeys (ConfUtils.java:logGet(46)) - raft.server.snapshot.retention.file.num = 5 (custom)
2023-07-16 18:47:50,577 [0df23656-1af4-40f8-982d-5a520b8c88ee-groupManagement] INFO  server.RaftServerConfigKeys (ConfUtils.java:logGet(46)) - raft.server.log.purge.upto.snapshot.index = false (default)
2023-07-16 18:47:50,580 [0df23656-1af4-40f8-982d-5a520b8c88ee-groupManagement] INFO  server.RaftServer$Division (RaftServerImpl.java:<init>(198)) - 0df23656-1af4-40f8-982d-5a520b8c88ee: new RaftServerImpl for group-F88BF0AE4851:[0df23656-1af4-40f8-982d-5a520b8c88ee|rpc:10.1.0.39:15032|admin:10.1.0.39:15031|client:10.1.0.39:15030|dataStream:10.1.0.39:15033|priority:1|startupRole:FOLLOWER, ff8dcbe0-085a-4b37-9405-11cf2c6e7733|rpc:10.1.0.39:15014|admin:10.1.0.39:15013|client:10.1.0.39:15012|dataStream:10.1.0.39:15015|priority:0|startupRole:FOLLOWER, 12eac62c-7669-4502-8935-23b1d5049dac|rpc:10.1.0.39:15023|admin:10.1.0.39:15022|client:10.1.0.39:15021|dataStream:10.1.0.39:15024|priority:0|startupRole:FOLLOWER] with ContainerStateMachine:uninitialized
2023-07-16 18:47:50,587 [0df23656-1af4-40f8-982d-5a520b8c88ee-groupManagement] INFO  server.RaftServerConfigKeys (ConfUtils.java:logGet(46)) - raft.server.rpc.timeout.min = 5s (custom)
2023-07-16 18:47:50,587 [0df23656-1af4-40f8-982d-5a520b8c88ee@group-0327FC8ECCE3-FollowerState] INFO  server.RaftServerConfigKeys (ConfUtils.java:logFallback(53)) - raft.server.rpc.first-election.timeout.min = 5s (fallback to raft.server.rpc.timeout.min)
2023-07-16 18:47:50,596 [0df23656-1af4-40f8-982d-5a520b8c88ee-groupManagement] INFO  server.RaftServerConfigKeys (ConfUtils.java:logGet(46)) - raft.server.rpc.timeout.max = 5200ms (custom)
2023-07-16 18:47:50,603 [0df23656-1af4-40f8-982d-5a520b8c88ee-groupManagement] INFO  server.RaftServerConfigKeys (ConfUtils.java:logGet(46)) - raft.server.rpc.sleep.time = 25ms (default)
2023-07-16 18:47:50,603 [0df23656-1af4-40f8-982d-5a520b8c88ee-groupManagement] INFO  server.RaftServerConfigKeys (ConfUtils.java:logGet(46)) - raft.server.rpc.slowness.timeout = 300000ms (custom)
2023-07-16 18:47:50,603 [0df23656-1af4-40f8-982d-5a520b8c88ee-groupManagement] INFO  server.RaftServerConfigKeys (ConfUtils.java:logGet(46)) - raft.server.leaderelection.leader.step-down.wait-time = 10s (default)
2023-07-16 18:47:50,603 [0df23656-1af4-40f8-982d-5a520b8c88ee-groupManagement] INFO  server.RaftServerConfigKeys (ConfUtils.java:logGet(46)) - raft.server.sleep.deviation.threshold = 300ms (default)
2023-07-16 18:47:50,604 [0df23656-1af4-40f8-982d-5a520b8c88ee-groupManagement] INFO  server.RaftServer$Division (ServerState.java:<init>(120)) - 0df23656-1af4-40f8-982d-5a520b8c88ee@group-F88BF0AE4851: ConfigurationManager, init=-1: peers:[0df23656-1af4-40f8-982d-5a520b8c88ee|rpc:10.1.0.39:15032|admin:10.1.0.39:15031|client:10.1.0.39:15030|dataStream:10.1.0.39:15033|priority:1|startupRole:FOLLOWER, ff8dcbe0-085a-4b37-9405-11cf2c6e7733|rpc:10.1.0.39:15014|admin:10.1.0.39:15013|client:10.1.0.39:15012|dataStream:10.1.0.39:15015|priority:0|startupRole:FOLLOWER, 12eac62c-7669-4502-8935-23b1d5049dac|rpc:10.1.0.39:15023|admin:10.1.0.39:15022|client:10.1.0.39:15021|dataStream:10.1.0.39:15024|priority:0|startupRole:FOLLOWER]|listeners:[], old=null, confs=<EMPTY_MAP>
2023-07-16 18:47:50,604 [0df23656-1af4-40f8-982d-5a520b8c88ee-groupManagement] INFO  server.RaftServerConfigKeys (ConfUtils.java:logGet(46)) - raft.server.storage.dir = [/home/runner/work/ozone/ozone/hadoop-ozone/integration-test/target/test-dir/MiniOzoneClusterImpl-5b665439-b9a5-4360-aef4-da1357485736/datanode-2/data/ratis] (custom)
2023-07-16 18:47:50,604 [0df23656-1af4-40f8-982d-5a520b8c88ee-groupManagement] INFO  server.RaftServerConfigKeys (ConfUtils.java:logGet(46)) - raft.server.log.corruption.policy = EXCEPTION (default)
2023-07-16 18:47:50,604 [0df23656-1af4-40f8-982d-5a520b8c88ee-groupManagement] INFO  server.RaftServerConfigKeys (ConfUtils.java:logGet(46)) - raft.server.storage.free-space.min = 0MB (=0) (default)
2023-07-16 18:47:50,604 [0df23656-1af4-40f8-982d-5a520b8c88ee-groupManagement] INFO  server.RaftServerConfigKeys (ConfUtils.java:logGet(46)) - raft.server.notification.no-leader.timeout = 300000ms (custom)
2023-07-16 18:47:50,604 [0df23656-1af4-40f8-982d-5a520b8c88ee-groupManagement] INFO  server.RaftServerConfigKeys (ConfUtils.java:logGet(46)) - raft.server.read.timeout = 10s (default)
2023-07-16 18:47:50,605 [0df23656-1af4-40f8-982d-5a520b8c88ee-groupManagement] INFO  server.RaftServerConfigKeys (ConfUtils.java:logGet(46)) - raft.server.retrycache.expirytime = 600000ms (custom)
2023-07-16 18:47:50,605 [0df23656-1af4-40f8-982d-5a520b8c88ee-groupManagement] INFO  server.RaftServerConfigKeys (ConfUtils.java:logGet(46)) - raft.server.retrycache.statistics.expirytime = 100μs (default)
2023-07-16 18:47:50,605 [0df23656-1af4-40f8-982d-5a520b8c88ee-groupManagement] INFO  server.RaftServerConfigKeys (ConfUtils.java:logGet(46)) - raft.server.read.option = DEFAULT (default)
2023-07-16 18:47:50,606 [0df23656-1af4-40f8-982d-5a520b8c88ee-groupManagement] INFO  server.RaftServerConfigKeys (ConfUtils.java:logGet(46)) - raft.server.rpc.request.timeout = 3000ms (default)
2023-07-16 18:47:50,606 [0df23656-1af4-40f8-982d-5a520b8c88ee-groupManagement] INFO  server.RaftServerConfigKeys (ConfUtils.java:logGet(46)) - raft.server.log.appender.install.snapshot.enabled = false (custom)
2023-07-16 18:47:50,606 [0df23656-1af4-40f8-982d-5a520b8c88ee-groupManagement] INFO  server.RaftServerConfigKeys (ConfUtils.java:logGet(46)) - raft.server.threadpool.server.cached = true (default)
2023-07-16 18:47:50,606 [0df23656-1af4-40f8-982d-5a520b8c88ee-groupManagement] INFO  server.RaftServerConfigKeys (ConfUtils.java:logGet(46)) - raft.server.threadpool.server.size = 0 (default)
2023-07-16 18:47:50,606 [0df23656-1af4-40f8-982d-5a520b8c88ee-groupManagement] INFO  server.RaftServerConfigKeys (ConfUtils.java:logGet(46)) - raft.server.threadpool.client.cached = true (default)
2023-07-16 18:47:50,606 [0df23656-1af4-40f8-982d-5a520b8c88ee-groupManagement] INFO  server.RaftServerConfigKeys (ConfUtils.java:logGet(46)) - raft.server.threadpool.client.size = 0 (default)
2023-07-16 18:47:50,607 [0df23656-1af4-40f8-982d-5a520b8c88ee-groupManagement] INFO  storage.RaftStorageDirectory (RaftStorageDirectoryImpl.java:analyzeStorage(137)) - The storage directory /home/runner/work/ozone/ozone/hadoop-ozone/integration-test/target/test-dir/MiniOzoneClusterImpl-5b665439-b9a5-4360-aef4-da1357485736/datanode-2/data/ratis/c9813f36-3b9b-4c67-8c0a-f88bf0ae4851 does not exist. Creating ...
2023-07-16 18:47:50,607 [0df23656-1af4-40f8-982d-5a520b8c88ee@group-0327FC8ECCE3-FollowerState] INFO  server.RaftServerConfigKeys (ConfUtils.java:logFallback(53)) - raft.server.rpc.first-election.timeout.max = 5200ms (fallback to raft.server.rpc.timeout.max)
2023-07-16 18:47:50,610 [0df23656-1af4-40f8-982d-5a520b8c88ee-groupManagement] INFO  storage.RaftStorageDirectory (RaftStorageDirectoryImpl.java:tryLock(231)) - Lock on /home/runner/work/ozone/ozone/hadoop-ozone/integration-test/target/test-dir/MiniOzoneClusterImpl-5b665439-b9a5-4360-aef4-da1357485736/datanode-2/data/ratis/c9813f36-3b9b-4c67-8c0a-f88bf0ae4851/in_use.lock acquired by nodename 29753@fv-az447-333
2023-07-16 18:47:50,614 [0df23656-1af4-40f8-982d-5a520b8c88ee-groupManagement] INFO  storage.RaftStorage (RaftStorageImpl.java:format(96)) - Storage directory /home/runner/work/ozone/ozone/hadoop-ozone/integration-test/target/test-dir/MiniOzoneClusterImpl-5b665439-b9a5-4360-aef4-da1357485736/datanode-2/data/ratis/c9813f36-3b9b-4c67-8c0a-f88bf0ae4851 has been successfully formatted.
2023-07-16 18:47:50,625 [0df23656-1af4-40f8-982d-5a520b8c88ee-groupManagement] INFO  ratis.ContainerStateMachine (ContainerStateMachine.java:loadSnapshot(262)) - group-F88BF0AE4851: The snapshot info is null. Setting the last applied indexto:(t:0, i:~)
2023-07-16 18:47:50,625 [0df23656-1af4-40f8-982d-5a520b8c88ee-groupManagement] INFO  server.RaftServerConfigKeys (ConfUtils.java:logGet(46)) - raft.server.log.use.memory = false (default)
2023-07-16 18:47:50,625 [0df23656-1af4-40f8-982d-5a520b8c88ee-groupManagement] INFO  server.RaftServerConfigKeys (ConfUtils.java:logGet(46)) - raft.server.log.purge.gap = 1000000 (custom)
2023-07-16 18:47:50,625 [0df23656-1af4-40f8-982d-5a520b8c88ee-groupManagement] INFO  server.RaftServerConfigKeys (ConfUtils.java:logGet(46)) - raft.server.log.appender.buffer.byte-limit = 33554432 (custom)
2023-07-16 18:47:50,625 [0df23656-1af4-40f8-982d-5a520b8c88ee-groupManagement] INFO  server.RaftServerConfigKeys (ConfUtils.java:logGet(46)) - raft.server.log.statemachine.data.read.timeout = 1000ms (default)
2023-07-16 18:47:50,626 [0df23656-1af4-40f8-982d-5a520b8c88ee-groupManagement] INFO  server.RaftServerConfigKeys (ConfUtils.java:logGet(46)) - raft.server.log.purge.preservation.log.num = 0 (default)
2023-07-16 18:47:50,625 [PipelineCommandHandlerThread-0] INFO  commandhandler.CreatePipelineCommandHandler (CreatePipelineCommandHandler.java:lambda$handle$2(124)) - Created Pipeline RATIS THREE PipelineID=7a45457c-fcb7-4323-9a96-0327fc8ecce3.
2023-07-16 18:47:50,626 [0df23656-1af4-40f8-982d-5a520b8c88ee-groupManagement] INFO  server.RaftServerConfigKeys (ConfUtils.java:logGet(46)) - raft.server.log.segment.size.max = 1048576 (custom)
2023-07-16 18:47:50,626 [PipelineCommandHandlerThread-0] INFO  server.RaftServer (RaftServerProxy.java:addNew(98)) - ff8dcbe0-085a-4b37-9405-11cf2c6e7733: addNew group-F88BF0AE4851:[0df23656-1af4-40f8-982d-5a520b8c88ee|rpc:10.1.0.39:15032|admin:10.1.0.39:15031|client:10.1.0.39:15030|dataStream:10.1.0.39:15033|priority:1|startupRole:FOLLOWER, ff8dcbe0-085a-4b37-9405-11cf2c6e7733|rpc:10.1.0.39:15014|admin:10.1.0.39:15013|client:10.1.0.39:15012|dataStream:10.1.0.39:15015|priority:0|startupRole:FOLLOWER, 12eac62c-7669-4502-8935-23b1d5049dac|rpc:10.1.0.39:15023|admin:10.1.0.39:15022|client:10.1.0.39:15021|dataStream:10.1.0.39:15024|priority:0|startupRole:FOLLOWER] returns group-F88BF0AE4851:java.util.concurrent.CompletableFuture@1c38e619[Not completed]
2023-07-16 18:47:50,626 [0df23656-1af4-40f8-982d-5a520b8c88ee-groupManagement] INFO  server.RaftServerConfigKeys (ConfUtils.java:logGet(46)) - raft.server.log.segment.cache.num.max = 2 (custom)
2023-07-16 18:47:50,626 [0df23656-1af4-40f8-982d-5a520b8c88ee-groupManagement] INFO  server.RaftServerConfigKeys (ConfUtils.java:logGet(46)) - raft.server.log.segment.cache.size.max = 200MB (=209715200) (default)
2023-07-16 18:47:50,626 [0df23656-1af4-40f8-982d-5a520b8c88ee-groupManagement] INFO  server.RaftServerConfigKeys (ConfUtils.java:logGet(46)) - raft.server.log.appender.buffer.byte-limit = 33554432 (custom)
2023-07-16 18:47:50,626 [0df23656-1af4-40f8-982d-5a520b8c88ee-groupManagement] INFO  segmented.SegmentedRaftLogWorker (SegmentedRaftLogWorker.java:<init>(188)) - new 0df23656-1af4-40f8-982d-5a520b8c88ee@group-F88BF0AE4851-SegmentedRaftLogWorker for RaftStorageImpl:Storage Directory /home/runner/work/ozone/ozone/hadoop-ozone/integration-test/target/test-dir/MiniOzoneClusterImpl-5b665439-b9a5-4360-aef4-da1357485736/datanode-2/data/ratis/c9813f36-3b9b-4c67-8c0a-f88bf0ae4851
2023-07-16 18:47:50,626 [0df23656-1af4-40f8-982d-5a520b8c88ee-groupManagement] INFO  server.RaftServerConfigKeys (ConfUtils.java:logGet(46)) - raft.server.log.queue.byte-limit = 4294967296 (custom)
2023-07-16 18:47:50,627 [0df23656-1af4-40f8-982d-5a520b8c88ee-groupManagement] INFO  server.RaftServerConfigKeys (ConfUtils.java:logGet(46)) - raft.server.log.queue.element-limit = 1024 (custom)
2023-07-16 18:47:50,627 [0df23656-1af4-40f8-982d-5a520b8c88ee-groupManagement] INFO  server.RaftServerConfigKeys (ConfUtils.java:logGet(46)) - raft.server.log.segment.size.max = 1048576 (custom)
2023-07-16 18:47:50,627 [0df23656-1af4-40f8-982d-5a520b8c88ee-groupManagement] INFO  server.RaftServerConfigKeys (ConfUtils.java:logGet(46)) - raft.server.log.preallocated.size = 16384 (custom)
2023-07-16 18:47:50,627 [0df23656-1af4-40f8-982d-5a520b8c88ee-groupManagement] INFO  server.RaftServerConfigKeys (ConfUtils.java:logGet(46)) - raft.server.log.force.sync.num = 128 (default)
2023-07-16 18:47:50,627 [0df23656-1af4-40f8-982d-5a520b8c88ee-groupManagement] INFO  server.RaftServerConfigKeys (ConfUtils.java:logGet(46)) - raft.server.log.statemachine.data.sync = true (default)
2023-07-16 18:47:50,627 [0df23656-1af4-40f8-982d-5a520b8c88ee-groupManagement] INFO  server.RaftServerConfigKeys (ConfUtils.java:logGet(46)) - raft.server.log.statemachine.data.sync.timeout = 10s (default)
2023-07-16 18:47:50,627 [0df23656-1af4-40f8-982d-5a520b8c88ee-groupManagement] INFO  server.RaftServerConfigKeys (ConfUtils.java:logGet(46)) - raft.server.log.statemachine.data.sync.timeout.retry = -1 (default)
2023-07-16 18:47:50,627 [ff8dcbe0-085a-4b37-9405-11cf2c6e7733-groupManagement] INFO  server.RaftServer$Division (RaftServerImpl.java:<init>(198)) - ff8dcbe0-085a-4b37-9405-11cf2c6e7733: new RaftServerImpl for group-F88BF0AE4851:[0df23656-1af4-40f8-982d-5a520b8c88ee|rpc:10.1.0.39:15032|admin:10.1.0.39:15031|client:10.1.0.39:15030|dataStream:10.1.0.39:15033|priority:1|startupRole:FOLLOWER, ff8dcbe0-085a-4b37-9405-11cf2c6e7733|rpc:10.1.0.39:15014|admin:10.1.0.39:15013|client:10.1.0.39:15012|dataStream:10.1.0.39:15015|priority:0|startupRole:FOLLOWER, 12eac62c-7669-4502-8935-23b1d5049dac|rpc:10.1.0.39:15023|admin:10.1.0.39:15022|client:10.1.0.39:15021|dataStream:10.1.0.39:15024|priority:0|startupRole:FOLLOWER] with ContainerStateMachine:uninitialized
2023-07-16 18:47:50,628 [0df23656-1af4-40f8-982d-5a520b8c88ee-groupManagement] INFO  server.RaftServerConfigKeys (ConfUtils.java:logGet(46)) - raft.server.log.write.buffer.size = 1048576 (custom)
2023-07-16 18:47:50,631 [ff8dcbe0-085a-4b37-9405-11cf2c6e7733-groupManagement] INFO  server.RaftServerConfigKeys (ConfUtils.java:logGet(46)) - raft.server.rpc.timeout.min = 5s (custom)
2023-07-16 18:47:50,633 [ff8dcbe0-085a-4b37-9405-11cf2c6e7733-groupManagement] INFO  server.RaftServerConfigKeys (ConfUtils.java:logGet(46)) - raft.server.rpc.timeout.max = 5200ms (custom)
2023-07-16 18:47:50,633 [ff8dcbe0-085a-4b37-9405-11cf2c6e7733-groupManagement] INFO  server.RaftServerConfigKeys (ConfUtils.java:logGet(46)) - raft.server.rpc.sleep.time = 25ms (default)
2023-07-16 18:47:50,633 [ff8dcbe0-085a-4b37-9405-11cf2c6e7733-groupManagement] INFO  server.RaftServerConfigKeys (ConfUtils.java:logGet(46)) - raft.server.rpc.slowness.timeout = 300000ms (custom)
2023-07-16 18:47:50,633 [ff8dcbe0-085a-4b37-9405-11cf2c6e7733-groupManagement] INFO  server.RaftServerConfigKeys (ConfUtils.java:logGet(46)) - raft.server.leaderelection.leader.step-down.wait-time = 10s (default)
2023-07-16 18:47:50,633 [ff8dcbe0-085a-4b37-9405-11cf2c6e7733-groupManagement] INFO  server.RaftServerConfigKeys (ConfUtils.java:logGet(46)) - raft.server.sleep.deviation.threshold = 300ms (default)
2023-07-16 18:47:50,633 [ff8dcbe0-085a-4b37-9405-11cf2c6e7733-groupManagement] INFO  server.RaftServer$Division (ServerState.java:<init>(120)) - ff8dcbe0-085a-4b37-9405-11cf2c6e7733@group-F88BF0AE4851: ConfigurationManager, init=-1: peers:[0df23656-1af4-40f8-982d-5a520b8c88ee|rpc:10.1.0.39:15032|admin:10.1.0.39:15031|client:10.1.0.39:15030|dataStream:10.1.0.39:15033|priority:1|startupRole:FOLLOWER, ff8dcbe0-085a-4b37-9405-11cf2c6e7733|rpc:10.1.0.39:15014|admin:10.1.0.39:15013|client:10.1.0.39:15012|dataStream:10.1.0.39:15015|priority:0|startupRole:FOLLOWER, 12eac62c-7669-4502-8935-23b1d5049dac|rpc:10.1.0.39:15023|admin:10.1.0.39:15022|client:10.1.0.39:15021|dataStream:10.1.0.39:15024|priority:0|startupRole:FOLLOWER]|listeners:[], old=null, confs=<EMPTY_MAP>
2023-07-16 18:47:50,633 [ff8dcbe0-085a-4b37-9405-11cf2c6e7733-groupManagement] INFO  server.RaftServerConfigKeys (ConfUtils.java:logGet(46)) - raft.server.storage.dir = [/home/runner/work/ozone/ozone/hadoop-ozone/integration-test/target/test-dir/MiniOzoneClusterImpl-5b665439-b9a5-4360-aef4-da1357485736/datanode-0/data/ratis] (custom)
2023-07-16 18:47:50,633 [ff8dcbe0-085a-4b37-9405-11cf2c6e7733-groupManagement] INFO  server.RaftServerConfigKeys (ConfUtils.java:logGet(46)) - raft.server.log.corruption.policy = EXCEPTION (default)
2023-07-16 18:47:50,633 [ff8dcbe0-085a-4b37-9405-11cf2c6e7733-groupManagement] INFO  server.RaftServerConfigKeys (ConfUtils.java:logGet(46)) - raft.server.storage.free-space.min = 0MB (=0) (default)
2023-07-16 18:47:50,634 [ff8dcbe0-085a-4b37-9405-11cf2c6e7733-groupManagement] INFO  server.RaftServerConfigKeys (ConfUtils.java:logGet(46)) - raft.server.notification.no-leader.timeout = 300000ms (custom)
2023-07-16 18:47:50,634 [ff8dcbe0-085a-4b37-9405-11cf2c6e7733-groupManagement] INFO  server.RaftServerConfigKeys (ConfUtils.java:logGet(46)) - raft.server.read.timeout = 10s (default)
2023-07-16 18:47:50,634 [ff8dcbe0-085a-4b37-9405-11cf2c6e7733-groupManagement] INFO  server.RaftServerConfigKeys (ConfUtils.java:logGet(46)) - raft.server.retrycache.expirytime = 600000ms (custom)
2023-07-16 18:47:50,634 [ff8dcbe0-085a-4b37-9405-11cf2c6e7733-groupManagement] INFO  server.RaftServerConfigKeys (ConfUtils.java:logGet(46)) - raft.server.retrycache.statistics.expirytime = 100μs (default)
2023-07-16 18:47:50,634 [ff8dcbe0-085a-4b37-9405-11cf2c6e7733-groupManagement] INFO  server.RaftServerConfigKeys (ConfUtils.java:logGet(46)) - raft.server.read.option = DEFAULT (default)
2023-07-16 18:47:50,635 [ff8dcbe0-085a-4b37-9405-11cf2c6e7733-groupManagement] INFO  server.RaftServerConfigKeys (ConfUtils.java:logGet(46)) - raft.server.rpc.request.timeout = 3000ms (default)
2023-07-16 18:47:50,635 [ff8dcbe0-085a-4b37-9405-11cf2c6e7733-groupManagement] INFO  server.RaftServerConfigKeys (ConfUtils.java:logGet(46)) - raft.server.log.appender.install.snapshot.enabled = false (custom)
2023-07-16 18:47:50,635 [ff8dcbe0-085a-4b37-9405-11cf2c6e7733-groupManagement] INFO  server.RaftServerConfigKeys (ConfUtils.java:logGet(46)) - raft.server.threadpool.server.cached = true (default)
2023-07-16 18:47:50,635 [ff8dcbe0-085a-4b37-9405-11cf2c6e7733-groupManagement] INFO  server.RaftServerConfigKeys (ConfUtils.java:logGet(46)) - raft.server.threadpool.server.size = 0 (default)
2023-07-16 18:47:50,635 [ff8dcbe0-085a-4b37-9405-11cf2c6e7733-groupManagement] INFO  server.RaftServerConfigKeys (ConfUtils.java:logGet(46)) - raft.server.threadpool.client.cached = true (default)
2023-07-16 18:47:50,636 [ff8dcbe0-085a-4b37-9405-11cf2c6e7733-groupManagement] INFO  server.RaftServerConfigKeys (ConfUtils.java:logGet(46)) - raft.server.threadpool.client.size = 0 (default)
2023-07-16 18:47:50,636 [ff8dcbe0-085a-4b37-9405-11cf2c6e7733-groupManagement] INFO  storage.RaftStorageDirectory (RaftStorageDirectoryImpl.java:analyzeStorage(137)) - The storage directory /home/runner/work/ozone/ozone/hadoop-ozone/integration-test/target/test-dir/MiniOzoneClusterImpl-5b665439-b9a5-4360-aef4-da1357485736/datanode-0/data/ratis/c9813f36-3b9b-4c67-8c0a-f88bf0ae4851 does not exist. Creating ...
2023-07-16 18:47:50,636 [EventQueue-OpenPipelineForHealthyPipelineSafeModeRule] INFO  safemode.SCMSafeModeManager (HealthyPipelineSafeModeRule.java:process(137)) - SCM in safe mode. Healthy pipelines reported count is 0, required healthy pipeline reported count is 1
2023-07-16 18:47:50,638 [0df23656-1af4-40f8-982d-5a520b8c88ee-groupManagement] INFO  server.RaftServerConfigKeys (ConfUtils.java:logGet(46)) - raft.server.log.appender.buffer.byte-limit = 33554432 (custom)
2023-07-16 18:47:50,638 [ff8dcbe0-085a-4b37-9405-11cf2c6e7733-groupManagement] INFO  storage.RaftStorageDirectory (RaftStorageDirectoryImpl.java:tryLock(231)) - Lock on /home/runner/work/ozone/ozone/hadoop-ozone/integration-test/target/test-dir/MiniOzoneClusterImpl-5b665439-b9a5-4360-aef4-da1357485736/datanode-0/data/ratis/c9813f36-3b9b-4c67-8c0a-f88bf0ae4851/in_use.lock acquired by nodename 29753@fv-az447-333
2023-07-16 18:47:50,640 [ff8dcbe0-085a-4b37-9405-11cf2c6e7733-groupManagement] INFO  storage.RaftStorage (RaftStorageImpl.java:format(96)) - Storage directory /home/runner/work/ozone/ozone/hadoop-ozone/integration-test/target/test-dir/MiniOzoneClusterImpl-5b665439-b9a5-4360-aef4-da1357485736/datanode-0/data/ratis/c9813f36-3b9b-4c67-8c0a-f88bf0ae4851 has been successfully formatted.
2023-07-16 18:47:50,647 [0df23656-1af4-40f8-982d-5a520b8c88ee-groupManagement] INFO  server.RaftServerConfigKeys (ConfUtils.java:logGet(46)) - raft.server.log.unsafe-flush.enabled = false (default)
2023-07-16 18:47:50,647 [0df23656-1af4-40f8-982d-5a520b8c88ee-groupManagement] INFO  server.RaftServerConfigKeys (ConfUtils.java:logGet(46)) - raft.server.log.async-flush.enabled = false (default)
2023-07-16 18:47:50,647 [0df23656-1af4-40f8-982d-5a520b8c88ee-groupManagement] INFO  server.RaftServerConfigKeys (ConfUtils.java:logGet(46)) - raft.server.log.statemachine.data.caching.enabled = true (custom)
2023-07-16 18:47:50,647 [0df23656-1af4-40f8-982d-5a520b8c88ee-groupManagement] INFO  segmented.SegmentedRaftLogWorker (SegmentedRaftLogWorker.java:lambda$new$0(135)) - 0df23656-1af4-40f8-982d-5a520b8c88ee@group-F88BF0AE4851-SegmentedRaftLogWorker: flushIndex: setUnconditionally 0 -> -1
2023-07-16 18:47:50,647 [0df23656-1af4-40f8-982d-5a520b8c88ee-groupManagement] INFO  segmented.SegmentedRaftLogWorker (SegmentedRaftLogWorker.java:lambda$new$0(135)) - 0df23656-1af4-40f8-982d-5a520b8c88ee@group-F88BF0AE4851-SegmentedRaftLogWorker: safeCacheEvictIndex: setUnconditionally 0 -> -1
2023-07-16 18:47:50,648 [ff8dcbe0-085a-4b37-9405-11cf2c6e7733-groupManagement] INFO  ratis.ContainerStateMachine (ContainerStateMachine.java:loadSnapshot(262)) - group-F88BF0AE4851: The snapshot info is null. Setting the last applied indexto:(t:0, i:~)
2023-07-16 18:47:50,659 [ff8dcbe0-085a-4b37-9405-11cf2c6e7733-groupManagement] INFO  server.RaftServerConfigKeys (ConfUtils.java:logGet(46)) - raft.server.log.use.memory = false (default)
2023-07-16 18:47:50,659 [ff8dcbe0-085a-4b37-9405-11cf2c6e7733-groupManagement] INFO  server.RaftServerConfigKeys (ConfUtils.java:logGet(46)) - raft.server.log.purge.gap = 1000000 (custom)
2023-07-16 18:47:50,659 [ff8dcbe0-085a-4b37-9405-11cf2c6e7733-groupManagement] INFO  server.RaftServerConfigKeys (ConfUtils.java:logGet(46)) - raft.server.log.appender.buffer.byte-limit = 33554432 (custom)
2023-07-16 18:47:50,660 [ff8dcbe0-085a-4b37-9405-11cf2c6e7733-groupManagement] INFO  server.RaftServerConfigKeys (ConfUtils.java:logGet(46)) - raft.server.log.statemachine.data.read.timeout = 1000ms (default)
2023-07-16 18:47:50,660 [ff8dcbe0-085a-4b37-9405-11cf2c6e7733-groupManagement] INFO  server.RaftServerConfigKeys (ConfUtils.java:logGet(46)) - raft.server.log.purge.preservation.log.num = 0 (default)
2023-07-16 18:47:50,660 [ff8dcbe0-085a-4b37-9405-11cf2c6e7733-groupManagement] INFO  server.RaftServerConfigKeys (ConfUtils.java:logGet(46)) - raft.server.log.segment.size.max = 1048576 (custom)
2023-07-16 18:47:50,660 [ff8dcbe0-085a-4b37-9405-11cf2c6e7733-groupManagement] INFO  server.RaftServerConfigKeys (ConfUtils.java:logGet(46)) - raft.server.log.segment.cache.num.max = 2 (custom)
2023-07-16 18:47:50,660 [ff8dcbe0-085a-4b37-9405-11cf2c6e7733-groupManagement] INFO  server.RaftServerConfigKeys (ConfUtils.java:logGet(46)) - raft.server.log.segment.cache.size.max = 200MB (=209715200) (default)
2023-07-16 18:47:50,661 [ff8dcbe0-085a-4b37-9405-11cf2c6e7733-groupManagement] INFO  server.RaftServerConfigKeys (ConfUtils.java:logGet(46)) - raft.server.log.appender.buffer.byte-limit = 33554432 (custom)
2023-07-16 18:47:50,661 [ff8dcbe0-085a-4b37-9405-11cf2c6e7733-groupManagement] INFO  segmented.SegmentedRaftLogWorker (SegmentedRaftLogWorker.java:<init>(188)) - new ff8dcbe0-085a-4b37-9405-11cf2c6e7733@group-F88BF0AE4851-SegmentedRaftLogWorker for RaftStorageImpl:Storage Directory /home/runner/work/ozone/ozone/hadoop-ozone/integration-test/target/test-dir/MiniOzoneClusterImpl-5b665439-b9a5-4360-aef4-da1357485736/datanode-0/data/ratis/c9813f36-3b9b-4c67-8c0a-f88bf0ae4851
2023-07-16 18:47:50,661 [ff8dcbe0-085a-4b37-9405-11cf2c6e7733-groupManagement] INFO  server.RaftServerConfigKeys (ConfUtils.java:logGet(46)) - raft.server.log.queue.byte-limit = 4294967296 (custom)
2023-07-16 18:47:50,661 [ff8dcbe0-085a-4b37-9405-11cf2c6e7733-groupManagement] INFO  server.RaftServerConfigKeys (ConfUtils.java:logGet(46)) - raft.server.log.queue.element-limit = 1024 (custom)
2023-07-16 18:47:50,661 [ff8dcbe0-085a-4b37-9405-11cf2c6e7733-groupManagement] INFO  server.RaftServerConfigKeys (ConfUtils.java:logGet(46)) - raft.server.log.segment.size.max = 1048576 (custom)
2023-07-16 18:47:50,661 [ff8dcbe0-085a-4b37-9405-11cf2c6e7733-groupManagement] INFO  server.RaftServerConfigKeys (ConfUtils.java:logGet(46)) - raft.server.log.preallocated.size = 16384 (custom)
2023-07-16 18:47:50,661 [ff8dcbe0-085a-4b37-9405-11cf2c6e7733-groupManagement] INFO  server.RaftServerConfigKeys (ConfUtils.java:logGet(46)) - raft.server.log.force.sync.num = 128 (default)
2023-07-16 18:47:50,661 [ff8dcbe0-085a-4b37-9405-11cf2c6e7733-groupManagement] INFO  server.RaftServerConfigKeys (ConfUtils.java:logGet(46)) - raft.server.log.statemachine.data.sync = true (default)
2023-07-16 18:47:50,661 [ff8dcbe0-085a-4b37-9405-11cf2c6e7733-groupManagement] INFO  server.RaftServerConfigKeys (ConfUtils.java:logGet(46)) - raft.server.log.statemachine.data.sync.timeout = 10s (default)
2023-07-16 18:47:50,661 [ff8dcbe0-085a-4b37-9405-11cf2c6e7733-groupManagement] INFO  server.RaftServerConfigKeys (ConfUtils.java:logGet(46)) - raft.server.log.statemachine.data.sync.timeout.retry = -1 (default)
2023-07-16 18:47:50,662 [ff8dcbe0-085a-4b37-9405-11cf2c6e7733-groupManagement] INFO  server.RaftServerConfigKeys (ConfUtils.java:logGet(46)) - raft.server.log.write.buffer.size = 1048576 (custom)
2023-07-16 18:47:50,662 [ff8dcbe0-085a-4b37-9405-11cf2c6e7733-groupManagement] INFO  server.RaftServerConfigKeys (ConfUtils.java:logGet(46)) - raft.server.log.appender.buffer.byte-limit = 33554432 (custom)
2023-07-16 18:47:50,666 [EventQueue-OpenPipelineForHealthyPipelineSafeModeRule] INFO  safemode.SCMSafeModeManager (HealthyPipelineSafeModeRule.java:process(137)) - SCM in safe mode. Healthy pipelines reported count is 0, required healthy pipeline reported count is 1
2023-07-16 18:47:50,671 [ff8dcbe0-085a-4b37-9405-11cf2c6e7733-groupManagement] INFO  server.RaftServerConfigKeys (ConfUtils.java:logGet(46)) - raft.server.log.unsafe-flush.enabled = false (default)
2023-07-16 18:47:50,671 [ff8dcbe0-085a-4b37-9405-11cf2c6e7733-groupManagement] INFO  server.RaftServerConfigKeys (ConfUtils.java:logGet(46)) - raft.server.log.async-flush.enabled = false (default)
2023-07-16 18:47:50,671 [ff8dcbe0-085a-4b37-9405-11cf2c6e7733-groupManagement] INFO  server.RaftServerConfigKeys (ConfUtils.java:logGet(46)) - raft.server.log.statemachine.data.caching.enabled = true (custom)
2023-07-16 18:47:50,671 [ff8dcbe0-085a-4b37-9405-11cf2c6e7733-groupManagement] INFO  segmented.SegmentedRaftLogWorker (SegmentedRaftLogWorker.java:lambda$new$0(135)) - ff8dcbe0-085a-4b37-9405-11cf2c6e7733@group-F88BF0AE4851-SegmentedRaftLogWorker: flushIndex: setUnconditionally 0 -> -1
2023-07-16 18:47:50,671 [ff8dcbe0-085a-4b37-9405-11cf2c6e7733-groupManagement] INFO  segmented.SegmentedRaftLogWorker (SegmentedRaftLogWorker.java:lambda$new$0(135)) - ff8dcbe0-085a-4b37-9405-11cf2c6e7733@group-F88BF0AE4851-SegmentedRaftLogWorker: safeCacheEvictIndex: setUnconditionally 0 -> -1
2023-07-16 18:47:50,672 [ff8dcbe0-085a-4b37-9405-11cf2c6e7733-groupManagement] INFO  server.RaftServer$Division (RaftServerImpl.java:start(342)) - ff8dcbe0-085a-4b37-9405-11cf2c6e7733@group-F88BF0AE4851: start as a follower, conf=-1: peers:[0df23656-1af4-40f8-982d-5a520b8c88ee|rpc:10.1.0.39:15032|admin:10.1.0.39:15031|client:10.1.0.39:15030|dataStream:10.1.0.39:15033|priority:1|startupRole:FOLLOWER, ff8dcbe0-085a-4b37-9405-11cf2c6e7733|rpc:10.1.0.39:15014|admin:10.1.0.39:15013|client:10.1.0.39:15012|dataStream:10.1.0.39:15015|priority:0|startupRole:FOLLOWER, 12eac62c-7669-4502-8935-23b1d5049dac|rpc:10.1.0.39:15023|admin:10.1.0.39:15022|client:10.1.0.39:15021|dataStream:10.1.0.39:15024|priority:0|startupRole:FOLLOWER]|listeners:[], old=null
2023-07-16 18:47:50,672 [ff8dcbe0-085a-4b37-9405-11cf2c6e7733-groupManagement] INFO  server.RaftServer$Division (RaftServerImpl.java:setRole(329)) - ff8dcbe0-085a-4b37-9405-11cf2c6e7733@group-F88BF0AE4851: changes role from      null to FOLLOWER at term 0 for startAsFollower
2023-07-16 18:47:50,672 [ff8dcbe0-085a-4b37-9405-11cf2c6e7733-groupManagement] INFO  impl.RoleInfo (RoleInfo.java:updateAndGet(139)) - ff8dcbe0-085a-4b37-9405-11cf2c6e7733: start ff8dcbe0-085a-4b37-9405-11cf2c6e7733@group-F88BF0AE4851-FollowerState
2023-07-16 18:47:50,676 [ff8dcbe0-085a-4b37-9405-11cf2c6e7733-groupManagement] INFO  util.JmxRegister (JmxRegister.java:tryRegister(44)) - Successfully registered JMX Bean with object name Ratis:service=RaftServer,group=group-F88BF0AE4851,id=ff8dcbe0-085a-4b37-9405-11cf2c6e7733
2023-07-16 18:47:50,676 [ff8dcbe0-085a-4b37-9405-11cf2c6e7733-groupManagement] INFO  server.RaftServerConfigKeys (ConfUtils.java:logGet(46)) - raft.server.snapshot.auto.trigger.enabled = true (custom)
2023-07-16 18:47:50,676 [ff8dcbe0-085a-4b37-9405-11cf2c6e7733-groupManagement] INFO  server.RaftServerConfigKeys (ConfUtils.java:logGet(46)) - raft.server.snapshot.auto.trigger.threshold = 10000 (custom)
2023-07-16 18:47:50,676 [ff8dcbe0-085a-4b37-9405-11cf2c6e7733-groupManagement] INFO  server.RaftServerConfigKeys (ConfUtils.java:logGet(46)) - raft.server.snapshot.retention.file.num = 5 (custom)
2023-07-16 18:47:50,676 [ff8dcbe0-085a-4b37-9405-11cf2c6e7733-groupManagement] INFO  server.RaftServerConfigKeys (ConfUtils.java:logGet(46)) - raft.server.log.purge.upto.snapshot.index = false (default)
2023-07-16 18:47:50,677 [ff8dcbe0-085a-4b37-9405-11cf2c6e7733@group-F88BF0AE4851-FollowerState] INFO  server.RaftServerConfigKeys (ConfUtils.java:logFallback(53)) - raft.server.rpc.first-election.timeout.min = 5s (fallback to raft.server.rpc.timeout.min)
2023-07-16 18:47:50,685 [ff8dcbe0-085a-4b37-9405-11cf2c6e7733@group-F88BF0AE4851-FollowerState] INFO  server.RaftServerConfigKeys (ConfUtils.java:logFallback(53)) - raft.server.rpc.first-election.timeout.max = 5200ms (fallback to raft.server.rpc.timeout.max)
2023-07-16 18:47:50,678 [0df23656-1af4-40f8-982d-5a520b8c88ee-groupManagement] INFO  server.RaftServer$Division (RaftServerImpl.java:start(342)) - 0df23656-1af4-40f8-982d-5a520b8c88ee@group-F88BF0AE4851: start as a follower, conf=-1: peers:[0df23656-1af4-40f8-982d-5a520b8c88ee|rpc:10.1.0.39:15032|admin:10.1.0.39:15031|client:10.1.0.39:15030|dataStream:10.1.0.39:15033|priority:1|startupRole:FOLLOWER, ff8dcbe0-085a-4b37-9405-11cf2c6e7733|rpc:10.1.0.39:15014|admin:10.1.0.39:15013|client:10.1.0.39:15012|dataStream:10.1.0.39:15015|priority:0|startupRole:FOLLOWER, 12eac62c-7669-4502-8935-23b1d5049dac|rpc:10.1.0.39:15023|admin:10.1.0.39:15022|client:10.1.0.39:15021|dataStream:10.1.0.39:15024|priority:0|startupRole:FOLLOWER]|listeners:[], old=null
2023-07-16 18:47:50,688 [0df23656-1af4-40f8-982d-5a520b8c88ee-groupManagement] INFO  server.RaftServer$Division (RaftServerImpl.java:setRole(329)) - 0df23656-1af4-40f8-982d-5a520b8c88ee@group-F88BF0AE4851: changes role from      null to FOLLOWER at term 0 for startAsFollower
2023-07-16 18:47:50,688 [0df23656-1af4-40f8-982d-5a520b8c88ee-groupManagement] INFO  impl.RoleInfo (RoleInfo.java:updateAndGet(139)) - 0df23656-1af4-40f8-982d-5a520b8c88ee: start 0df23656-1af4-40f8-982d-5a520b8c88ee@group-F88BF0AE4851-FollowerState
2023-07-16 18:47:50,678 [PipelineCommandHandlerThread-0] INFO  ratis.XceiverServerRatis (XceiverServerRatis.java:addGroup(804)) - Created group PipelineID=c9813f36-3b9b-4c67-8c0a-f88bf0ae4851
2023-07-16 18:47:50,695 [0df23656-1af4-40f8-982d-5a520b8c88ee@group-F88BF0AE4851-FollowerState] INFO  server.RaftServerConfigKeys (ConfUtils.java:logFallback(53)) - raft.server.rpc.first-election.timeout.min = 5s (fallback to raft.server.rpc.timeout.min)
2023-07-16 18:47:50,695 [0df23656-1af4-40f8-982d-5a520b8c88ee@group-F88BF0AE4851-FollowerState] INFO  server.RaftServerConfigKeys (ConfUtils.java:logFallback(53)) - raft.server.rpc.first-election.timeout.max = 5200ms (fallback to raft.server.rpc.timeout.max)
2023-07-16 18:47:50,688 [0df23656-1af4-40f8-982d-5a520b8c88ee-groupManagement] INFO  util.JmxRegister (JmxRegister.java:tryRegister(44)) - Successfully registered JMX Bean with object name Ratis:service=RaftServer,group=group-F88BF0AE4851,id=0df23656-1af4-40f8-982d-5a520b8c88ee
2023-07-16 18:47:50,697 [0df23656-1af4-40f8-982d-5a520b8c88ee-groupManagement] INFO  server.RaftServerConfigKeys (ConfUtils.java:logGet(46)) - raft.server.snapshot.auto.trigger.enabled = true (custom)
2023-07-16 18:47:50,697 [0df23656-1af4-40f8-982d-5a520b8c88ee-groupManagement] INFO  server.RaftServerConfigKeys (ConfUtils.java:logGet(46)) - raft.server.snapshot.auto.trigger.threshold = 10000 (custom)
2023-07-16 18:47:50,697 [0df23656-1af4-40f8-982d-5a520b8c88ee-groupManagement] INFO  server.RaftServerConfigKeys (ConfUtils.java:logGet(46)) - raft.server.snapshot.retention.file.num = 5 (custom)
2023-07-16 18:47:50,697 [0df23656-1af4-40f8-982d-5a520b8c88ee-groupManagement] INFO  server.RaftServerConfigKeys (ConfUtils.java:logGet(46)) - raft.server.log.purge.upto.snapshot.index = false (default)
2023-07-16 18:47:50,713 [PipelineCommandHandlerThread-0] INFO  ratis.XceiverServerRatis (XceiverServerRatis.java:addGroup(804)) - Created group PipelineID=c9813f36-3b9b-4c67-8c0a-f88bf0ae4851
2023-07-16 18:47:50,731 [grpc-default-executor-1] INFO  server.RaftServer (RaftServerProxy.java:addNew(98)) - 12eac62c-7669-4502-8935-23b1d5049dac: addNew group-F88BF0AE4851:[0df23656-1af4-40f8-982d-5a520b8c88ee|rpc:10.1.0.39:15032|admin:10.1.0.39:15031|client:10.1.0.39:15030|dataStream:10.1.0.39:15033|priority:1|startupRole:FOLLOWER, ff8dcbe0-085a-4b37-9405-11cf2c6e7733|rpc:10.1.0.39:15014|admin:10.1.0.39:15013|client:10.1.0.39:15012|dataStream:10.1.0.39:15015|priority:0|startupRole:FOLLOWER, 12eac62c-7669-4502-8935-23b1d5049dac|rpc:10.1.0.39:15023|admin:10.1.0.39:15022|client:10.1.0.39:15021|dataStream:10.1.0.39:15024|priority:0|startupRole:FOLLOWER] returns group-F88BF0AE4851:java.util.concurrent.CompletableFuture@2bcbc00b[Not completed]
2023-07-16 18:47:50,734 [12eac62c-7669-4502-8935-23b1d5049dac-groupManagement] INFO  server.RaftServer$Division (RaftServerImpl.java:<init>(198)) - 12eac62c-7669-4502-8935-23b1d5049dac: new RaftServerImpl for group-F88BF0AE4851:[0df23656-1af4-40f8-982d-5a520b8c88ee|rpc:10.1.0.39:15032|admin:10.1.0.39:15031|client:10.1.0.39:15030|dataStream:10.1.0.39:15033|priority:1|startupRole:FOLLOWER, ff8dcbe0-085a-4b37-9405-11cf2c6e7733|rpc:10.1.0.39:15014|admin:10.1.0.39:15013|client:10.1.0.39:15012|dataStream:10.1.0.39:15015|priority:0|startupRole:FOLLOWER, 12eac62c-7669-4502-8935-23b1d5049dac|rpc:10.1.0.39:15023|admin:10.1.0.39:15022|client:10.1.0.39:15021|dataStream:10.1.0.39:15024|priority:0|startupRole:FOLLOWER] with ContainerStateMachine:uninitialized
2023-07-16 18:47:50,734 [12eac62c-7669-4502-8935-23b1d5049dac-groupManagement] INFO  server.RaftServerConfigKeys (ConfUtils.java:logGet(46)) - raft.server.rpc.timeout.min = 5s (custom)
2023-07-16 18:47:50,734 [12eac62c-7669-4502-8935-23b1d5049dac-groupManagement] INFO  server.RaftServerConfigKeys (ConfUtils.java:logGet(46)) - raft.server.rpc.timeout.max = 5200ms (custom)
2023-07-16 18:47:50,734 [12eac62c-7669-4502-8935-23b1d5049dac-groupManagement] INFO  server.RaftServerConfigKeys (ConfUtils.java:logGet(46)) - raft.server.rpc.sleep.time = 25ms (default)
2023-07-16 18:47:50,734 [12eac62c-7669-4502-8935-23b1d5049dac-groupManagement] INFO  server.RaftServerConfigKeys (ConfUtils.java:logGet(46)) - raft.server.rpc.slowness.timeout = 300000ms (custom)
2023-07-16 18:47:50,734 [12eac62c-7669-4502-8935-23b1d5049dac-groupManagement] INFO  server.RaftServerConfigKeys (ConfUtils.java:logGet(46)) - raft.server.leaderelection.leader.step-down.wait-time = 10s (default)
2023-07-16 18:47:50,734 [12eac62c-7669-4502-8935-23b1d5049dac-groupManagement] INFO  server.RaftServerConfigKeys (ConfUtils.java:logGet(46)) - raft.server.sleep.deviation.threshold = 300ms (default)
2023-07-16 18:47:50,734 [12eac62c-7669-4502-8935-23b1d5049dac-groupManagement] INFO  server.RaftServer$Division (ServerState.java:<init>(120)) - 12eac62c-7669-4502-8935-23b1d5049dac@group-F88BF0AE4851: ConfigurationManager, init=-1: peers:[0df23656-1af4-40f8-982d-5a520b8c88ee|rpc:10.1.0.39:15032|admin:10.1.0.39:15031|client:10.1.0.39:15030|dataStream:10.1.0.39:15033|priority:1|startupRole:FOLLOWER, ff8dcbe0-085a-4b37-9405-11cf2c6e7733|rpc:10.1.0.39:15014|admin:10.1.0.39:15013|client:10.1.0.39:15012|dataStream:10.1.0.39:15015|priority:0|startupRole:FOLLOWER, 12eac62c-7669-4502-8935-23b1d5049dac|rpc:10.1.0.39:15023|admin:10.1.0.39:15022|client:10.1.0.39:15021|dataStream:10.1.0.39:15024|priority:0|startupRole:FOLLOWER]|listeners:[], old=null, confs=<EMPTY_MAP>
2023-07-16 18:47:50,734 [12eac62c-7669-4502-8935-23b1d5049dac-groupManagement] INFO  server.RaftServerConfigKeys (ConfUtils.java:logGet(46)) - raft.server.storage.dir = [/home/runner/work/ozone/ozone/hadoop-ozone/integration-test/target/test-dir/MiniOzoneClusterImpl-5b665439-b9a5-4360-aef4-da1357485736/datanode-1/data/ratis] (custom)
2023-07-16 18:47:50,735 [12eac62c-7669-4502-8935-23b1d5049dac-groupManagement] INFO  server.RaftServerConfigKeys (ConfUtils.java:logGet(46)) - raft.server.log.corruption.policy = EXCEPTION (default)
2023-07-16 18:47:50,735 [12eac62c-7669-4502-8935-23b1d5049dac-groupManagement] INFO  server.RaftServerConfigKeys (ConfUtils.java:logGet(46)) - raft.server.storage.free-space.min = 0MB (=0) (default)
2023-07-16 18:47:50,735 [12eac62c-7669-4502-8935-23b1d5049dac-groupManagement] INFO  server.RaftServerConfigKeys (ConfUtils.java:logGet(46)) - raft.server.notification.no-leader.timeout = 300000ms (custom)
2023-07-16 18:47:50,735 [12eac62c-7669-4502-8935-23b1d5049dac-groupManagement] INFO  server.RaftServerConfigKeys (ConfUtils.java:logGet(46)) - raft.server.read.timeout = 10s (default)
2023-07-16 18:47:50,735 [12eac62c-7669-4502-8935-23b1d5049dac-groupManagement] INFO  server.RaftServerConfigKeys (ConfUtils.java:logGet(46)) - raft.server.retrycache.expirytime = 600000ms (custom)
2023-07-16 18:47:50,736 [12eac62c-7669-4502-8935-23b1d5049dac-groupManagement] INFO  server.RaftServerConfigKeys (ConfUtils.java:logGet(46)) - raft.server.retrycache.statistics.expirytime = 100μs (default)
2023-07-16 18:47:50,736 [12eac62c-7669-4502-8935-23b1d5049dac-groupManagement] INFO  server.RaftServerConfigKeys (ConfUtils.java:logGet(46)) - raft.server.read.option = DEFAULT (default)
2023-07-16 18:47:50,737 [12eac62c-7669-4502-8935-23b1d5049dac-groupManagement] INFO  server.RaftServerConfigKeys (ConfUtils.java:logGet(46)) - raft.server.rpc.request.timeout = 3000ms (default)
2023-07-16 18:47:50,737 [12eac62c-7669-4502-8935-23b1d5049dac-groupManagement] INFO  server.RaftServerConfigKeys (ConfUtils.java:logGet(46)) - raft.server.log.appender.install.snapshot.enabled = false (custom)
2023-07-16 18:47:50,737 [12eac62c-7669-4502-8935-23b1d5049dac-groupManagement] INFO  server.RaftServerConfigKeys (ConfUtils.java:logGet(46)) - raft.server.threadpool.server.cached = true (default)
2023-07-16 18:47:50,737 [12eac62c-7669-4502-8935-23b1d5049dac-groupManagement] INFO  server.RaftServerConfigKeys (ConfUtils.java:logGet(46)) - raft.server.threadpool.server.size = 0 (default)
2023-07-16 18:47:50,737 [12eac62c-7669-4502-8935-23b1d5049dac-groupManagement] INFO  server.RaftServerConfigKeys (ConfUtils.java:logGet(46)) - raft.server.threadpool.client.cached = true (default)
2023-07-16 18:47:50,737 [12eac62c-7669-4502-8935-23b1d5049dac-groupManagement] INFO  server.RaftServerConfigKeys (ConfUtils.java:logGet(46)) - raft.server.threadpool.client.size = 0 (default)
2023-07-16 18:47:50,737 [12eac62c-7669-4502-8935-23b1d5049dac-groupManagement] INFO  storage.RaftStorageDirectory (RaftStorageDirectoryImpl.java:analyzeStorage(137)) - The storage directory /home/runner/work/ozone/ozone/hadoop-ozone/integration-test/target/test-dir/MiniOzoneClusterImpl-5b665439-b9a5-4360-aef4-da1357485736/datanode-1/data/ratis/c9813f36-3b9b-4c67-8c0a-f88bf0ae4851 does not exist. Creating ...
2023-07-16 18:47:50,740 [12eac62c-7669-4502-8935-23b1d5049dac-groupManagement] INFO  storage.RaftStorageDirectory (RaftStorageDirectoryImpl.java:tryLock(231)) - Lock on /home/runner/work/ozone/ozone/hadoop-ozone/integration-test/target/test-dir/MiniOzoneClusterImpl-5b665439-b9a5-4360-aef4-da1357485736/datanode-1/data/ratis/c9813f36-3b9b-4c67-8c0a-f88bf0ae4851/in_use.lock acquired by nodename 29753@fv-az447-333
2023-07-16 18:47:50,742 [12eac62c-7669-4502-8935-23b1d5049dac-groupManagement] INFO  storage.RaftStorage (RaftStorageImpl.java:format(96)) - Storage directory /home/runner/work/ozone/ozone/hadoop-ozone/integration-test/target/test-dir/MiniOzoneClusterImpl-5b665439-b9a5-4360-aef4-da1357485736/datanode-1/data/ratis/c9813f36-3b9b-4c67-8c0a-f88bf0ae4851 has been successfully formatted.
2023-07-16 18:47:50,743 [12eac62c-7669-4502-8935-23b1d5049dac-groupManagement] INFO  ratis.ContainerStateMachine (ContainerStateMachine.java:loadSnapshot(262)) - group-F88BF0AE4851: The snapshot info is null. Setting the last applied indexto:(t:0, i:~)
2023-07-16 18:47:50,744 [12eac62c-7669-4502-8935-23b1d5049dac-groupManagement] INFO  server.RaftServerConfigKeys (ConfUtils.java:logGet(46)) - raft.server.log.use.memory = false (default)
2023-07-16 18:47:50,744 [12eac62c-7669-4502-8935-23b1d5049dac-groupManagement] INFO  server.RaftServerConfigKeys (ConfUtils.java:logGet(46)) - raft.server.log.purge.gap = 1000000 (custom)
2023-07-16 18:47:50,744 [12eac62c-7669-4502-8935-23b1d5049dac-groupManagement] INFO  server.RaftServerConfigKeys (ConfUtils.java:logGet(46)) - raft.server.log.appender.buffer.byte-limit = 33554432 (custom)
2023-07-16 18:47:50,744 [12eac62c-7669-4502-8935-23b1d5049dac-groupManagement] INFO  server.RaftServerConfigKeys (ConfUtils.java:logGet(46)) - raft.server.log.statemachine.data.read.timeout = 1000ms (default)
2023-07-16 18:47:50,744 [12eac62c-7669-4502-8935-23b1d5049dac-groupManagement] INFO  server.RaftServerConfigKeys (ConfUtils.java:logGet(46)) - raft.server.log.purge.preservation.log.num = 0 (default)
2023-07-16 18:47:50,744 [12eac62c-7669-4502-8935-23b1d5049dac-groupManagement] INFO  server.RaftServerConfigKeys (ConfUtils.java:logGet(46)) - raft.server.log.segment.size.max = 1048576 (custom)
2023-07-16 18:47:50,745 [12eac62c-7669-4502-8935-23b1d5049dac-groupManagement] INFO  server.RaftServerConfigKeys (ConfUtils.java:logGet(46)) - raft.server.log.segment.cache.num.max = 2 (custom)
2023-07-16 18:47:50,745 [12eac62c-7669-4502-8935-23b1d5049dac-groupManagement] INFO  server.RaftServerConfigKeys (ConfUtils.java:logGet(46)) - raft.server.log.segment.cache.size.max = 200MB (=209715200) (default)
2023-07-16 18:47:50,745 [12eac62c-7669-4502-8935-23b1d5049dac-groupManagement] INFO  server.RaftServerConfigKeys (ConfUtils.java:logGet(46)) - raft.server.log.appender.buffer.byte-limit = 33554432 (custom)
2023-07-16 18:47:50,745 [12eac62c-7669-4502-8935-23b1d5049dac-groupManagement] INFO  segmented.SegmentedRaftLogWorker (SegmentedRaftLogWorker.java:<init>(188)) - new 12eac62c-7669-4502-8935-23b1d5049dac@group-F88BF0AE4851-SegmentedRaftLogWorker for RaftStorageImpl:Storage Directory /home/runner/work/ozone/ozone/hadoop-ozone/integration-test/target/test-dir/MiniOzoneClusterImpl-5b665439-b9a5-4360-aef4-da1357485736/datanode-1/data/ratis/c9813f36-3b9b-4c67-8c0a-f88bf0ae4851
2023-07-16 18:47:50,745 [12eac62c-7669-4502-8935-23b1d5049dac-groupManagement] INFO  server.RaftServerConfigKeys (ConfUtils.java:logGet(46)) - raft.server.log.queue.byte-limit = 4294967296 (custom)
2023-07-16 18:47:50,745 [12eac62c-7669-4502-8935-23b1d5049dac-groupManagement] INFO  server.RaftServerConfigKeys (ConfUtils.java:logGet(46)) - raft.server.log.queue.element-limit = 1024 (custom)
2023-07-16 18:47:50,745 [12eac62c-7669-4502-8935-23b1d5049dac-groupManagement] INFO  server.RaftServerConfigKeys (ConfUtils.java:logGet(46)) - raft.server.log.segment.size.max = 1048576 (custom)
2023-07-16 18:47:50,745 [12eac62c-7669-4502-8935-23b1d5049dac-groupManagement] INFO  server.RaftServerConfigKeys (ConfUtils.java:logGet(46)) - raft.server.log.preallocated.size = 16384 (custom)
2023-07-16 18:47:50,745 [12eac62c-7669-4502-8935-23b1d5049dac-groupManagement] INFO  server.RaftServerConfigKeys (ConfUtils.java:logGet(46)) - raft.server.log.force.sync.num = 128 (default)
2023-07-16 18:47:50,745 [12eac62c-7669-4502-8935-23b1d5049dac-groupManagement] INFO  server.RaftServerConfigKeys (ConfUtils.java:logGet(46)) - raft.server.log.statemachine.data.sync = true (default)
2023-07-16 18:47:50,745 [12eac62c-7669-4502-8935-23b1d5049dac-groupManagement] INFO  server.RaftServerConfigKeys (ConfUtils.java:logGet(46)) - raft.server.log.statemachine.data.sync.timeout = 10s (default)
2023-07-16 18:47:50,745 [12eac62c-7669-4502-8935-23b1d5049dac-groupManagement] INFO  server.RaftServerConfigKeys (ConfUtils.java:logGet(46)) - raft.server.log.statemachine.data.sync.timeout.retry = -1 (default)
2023-07-16 18:47:50,746 [12eac62c-7669-4502-8935-23b1d5049dac-groupManagement] INFO  server.RaftServerConfigKeys (ConfUtils.java:logGet(46)) - raft.server.log.write.buffer.size = 1048576 (custom)
2023-07-16 18:47:50,747 [12eac62c-7669-4502-8935-23b1d5049dac-groupManagement] INFO  server.RaftServerConfigKeys (ConfUtils.java:logGet(46)) - raft.server.log.appender.buffer.byte-limit = 33554432 (custom)
2023-07-16 18:47:50,763 [EventQueue-OpenPipelineForHealthyPipelineSafeModeRule] INFO  safemode.SCMSafeModeManager (HealthyPipelineSafeModeRule.java:process(137)) - SCM in safe mode. Healthy pipelines reported count is 0, required healthy pipeline reported count is 1
2023-07-16 18:47:50,768 [12eac62c-7669-4502-8935-23b1d5049dac-groupManagement] INFO  server.RaftServerConfigKeys (ConfUtils.java:logGet(46)) - raft.server.log.unsafe-flush.enabled = false (default)
2023-07-16 18:47:50,769 [12eac62c-7669-4502-8935-23b1d5049dac-groupManagement] INFO  server.RaftServerConfigKeys (ConfUtils.java:logGet(46)) - raft.server.log.async-flush.enabled = false (default)
2023-07-16 18:47:50,769 [12eac62c-7669-4502-8935-23b1d5049dac-groupManagement] INFO  server.RaftServerConfigKeys (ConfUtils.java:logGet(46)) - raft.server.log.statemachine.data.caching.enabled = true (custom)
2023-07-16 18:47:50,769 [12eac62c-7669-4502-8935-23b1d5049dac-groupManagement] INFO  segmented.SegmentedRaftLogWorker (SegmentedRaftLogWorker.java:lambda$new$0(135)) - 12eac62c-7669-4502-8935-23b1d5049dac@group-F88BF0AE4851-SegmentedRaftLogWorker: flushIndex: setUnconditionally 0 -> -1
2023-07-16 18:47:50,769 [12eac62c-7669-4502-8935-23b1d5049dac-groupManagement] INFO  segmented.SegmentedRaftLogWorker (SegmentedRaftLogWorker.java:lambda$new$0(135)) - 12eac62c-7669-4502-8935-23b1d5049dac@group-F88BF0AE4851-SegmentedRaftLogWorker: safeCacheEvictIndex: setUnconditionally 0 -> -1
2023-07-16 18:47:50,773 [12eac62c-7669-4502-8935-23b1d5049dac-groupManagement] INFO  server.RaftServer$Division (RaftServerImpl.java:start(342)) - 12eac62c-7669-4502-8935-23b1d5049dac@group-F88BF0AE4851: start as a follower, conf=-1: peers:[0df23656-1af4-40f8-982d-5a520b8c88ee|rpc:10.1.0.39:15032|admin:10.1.0.39:15031|client:10.1.0.39:15030|dataStream:10.1.0.39:15033|priority:1|startupRole:FOLLOWER, ff8dcbe0-085a-4b37-9405-11cf2c6e7733|rpc:10.1.0.39:15014|admin:10.1.0.39:15013|client:10.1.0.39:15012|dataStream:10.1.0.39:15015|priority:0|startupRole:FOLLOWER, 12eac62c-7669-4502-8935-23b1d5049dac|rpc:10.1.0.39:15023|admin:10.1.0.39:15022|client:10.1.0.39:15021|dataStream:10.1.0.39:15024|priority:0|startupRole:FOLLOWER]|listeners:[], old=null
2023-07-16 18:47:50,773 [12eac62c-7669-4502-8935-23b1d5049dac-groupManagement] INFO  server.RaftServer$Division (RaftServerImpl.java:setRole(329)) - 12eac62c-7669-4502-8935-23b1d5049dac@group-F88BF0AE4851: changes role from      null to FOLLOWER at term 0 for startAsFollower
2023-07-16 18:47:50,774 [12eac62c-7669-4502-8935-23b1d5049dac-groupManagement] INFO  impl.RoleInfo (RoleInfo.java:updateAndGet(139)) - 12eac62c-7669-4502-8935-23b1d5049dac: start 12eac62c-7669-4502-8935-23b1d5049dac@group-F88BF0AE4851-FollowerState
2023-07-16 18:47:50,774 [12eac62c-7669-4502-8935-23b1d5049dac-groupManagement] INFO  util.JmxRegister (JmxRegister.java:tryRegister(44)) - Successfully registered JMX Bean with object name Ratis:service=RaftServer,group=group-F88BF0AE4851,id=12eac62c-7669-4502-8935-23b1d5049dac
2023-07-16 18:47:50,774 [12eac62c-7669-4502-8935-23b1d5049dac-groupManagement] INFO  server.RaftServerConfigKeys (ConfUtils.java:logGet(46)) - raft.server.snapshot.auto.trigger.enabled = true (custom)
2023-07-16 18:47:50,774 [12eac62c-7669-4502-8935-23b1d5049dac-groupManagement] INFO  server.RaftServerConfigKeys (ConfUtils.java:logGet(46)) - raft.server.snapshot.auto.trigger.threshold = 10000 (custom)
2023-07-16 18:47:50,774 [12eac62c-7669-4502-8935-23b1d5049dac-groupManagement] INFO  server.RaftServerConfigKeys (ConfUtils.java:logGet(46)) - raft.server.snapshot.retention.file.num = 5 (custom)
2023-07-16 18:47:50,774 [12eac62c-7669-4502-8935-23b1d5049dac-groupManagement] INFO  server.RaftServerConfigKeys (ConfUtils.java:logGet(46)) - raft.server.log.purge.upto.snapshot.index = false (default)
2023-07-16 18:47:50,795 [12eac62c-7669-4502-8935-23b1d5049dac@group-F88BF0AE4851-FollowerState] INFO  server.RaftServerConfigKeys (ConfUtils.java:logFallback(53)) - raft.server.rpc.first-election.timeout.min = 5s (fallback to raft.server.rpc.timeout.min)
2023-07-16 18:47:50,797 [12eac62c-7669-4502-8935-23b1d5049dac@group-F88BF0AE4851-FollowerState] INFO  server.RaftServerConfigKeys (ConfUtils.java:logFallback(53)) - raft.server.rpc.first-election.timeout.max = 5200ms (fallback to raft.server.rpc.timeout.max)
2023-07-16 18:47:50,825 [PipelineCommandHandlerThread-0] INFO  commandhandler.CreatePipelineCommandHandler (CreatePipelineCommandHandler.java:lambda$handle$2(124)) - Created Pipeline RATIS THREE PipelineID=7a45457c-fcb7-4323-9a96-0327fc8ecce3.
2023-07-16 18:47:50,891 [PipelineCommandHandlerThread-0] INFO  commandhandler.CreatePipelineCommandHandler (CreatePipelineCommandHandler.java:lambda$handle$2(124)) - Created Pipeline RATIS THREE PipelineID=c9813f36-3b9b-4c67-8c0a-f88bf0ae4851.
2023-07-16 18:47:50,899 [PipelineCommandHandlerThread-0] INFO  commandhandler.CreatePipelineCommandHandler (CreatePipelineCommandHandler.java:lambda$handle$2(124)) - Created Pipeline RATIS THREE PipelineID=c9813f36-3b9b-4c67-8c0a-f88bf0ae4851.
2023-07-16 18:47:51,406 [main] INFO  ozone.MiniOzoneClusterImpl (MiniOzoneClusterImpl.java:lambda$waitForClusterToBeReady$0(224)) - Nodes are ready. Got 3 of 3 DN Heartbeats.
2023-07-16 18:47:51,407 [main] INFO  ozone.MiniOzoneClusterImpl (MiniOzoneClusterImpl.java:lambda$waitForClusterToBeReady$0(227)) - Waiting for cluster to exit safe mode
2023-07-16 18:47:51,407 [main] INFO  ozone.MiniOzoneClusterImpl (MiniOzoneClusterImpl.java:lambda$waitForClusterToBeReady$0(229)) - SCM became leader
2023-07-16 18:47:52,407 [main] INFO  ozone.MiniOzoneClusterImpl (MiniOzoneClusterImpl.java:lambda$waitForClusterToBeReady$0(224)) - Nodes are ready. Got 3 of 3 DN Heartbeats.
2023-07-16 18:47:52,408 [main] INFO  ozone.MiniOzoneClusterImpl (MiniOzoneClusterImpl.java:lambda$waitForClusterToBeReady$0(227)) - Waiting for cluster to exit safe mode
2023-07-16 18:47:52,408 [main] INFO  ozone.MiniOzoneClusterImpl (MiniOzoneClusterImpl.java:lambda$waitForClusterToBeReady$0(229)) - SCM became leader
2023-07-16 18:47:53,408 [main] INFO  ozone.MiniOzoneClusterImpl (MiniOzoneClusterImpl.java:lambda$waitForClusterToBeReady$0(224)) - Nodes are ready. Got 3 of 3 DN Heartbeats.
2023-07-16 18:47:53,408 [main] INFO  ozone.MiniOzoneClusterImpl (MiniOzoneClusterImpl.java:lambda$waitForClusterToBeReady$0(227)) - Waiting for cluster to exit safe mode
2023-07-16 18:47:53,409 [main] INFO  ozone.MiniOzoneClusterImpl (MiniOzoneClusterImpl.java:lambda$waitForClusterToBeReady$0(229)) - SCM became leader
2023-07-16 18:47:54,409 [main] INFO  ozone.MiniOzoneClusterImpl (MiniOzoneClusterImpl.java:lambda$waitForClusterToBeReady$0(224)) - Nodes are ready. Got 3 of 3 DN Heartbeats.
2023-07-16 18:47:54,409 [main] INFO  ozone.MiniOzoneClusterImpl (MiniOzoneClusterImpl.java:lambda$waitForClusterToBeReady$0(227)) - Waiting for cluster to exit safe mode
2023-07-16 18:47:54,409 [main] INFO  ozone.MiniOzoneClusterImpl (MiniOzoneClusterImpl.java:lambda$waitForClusterToBeReady$0(229)) - SCM became leader
2023-07-16 18:47:54,554 [ff8dcbe0-085a-4b37-9405-11cf2c6e7733@group-CAB8592BCA06-FollowerState] INFO  impl.FollowerState (FollowerState.java:run(143)) - ff8dcbe0-085a-4b37-9405-11cf2c6e7733@group-CAB8592BCA06-FollowerState: change to CANDIDATE, lastRpcElapsedTime:5114096531ns, electionTimeout:5097ms
2023-07-16 18:47:54,555 [ff8dcbe0-085a-4b37-9405-11cf2c6e7733@group-CAB8592BCA06-FollowerState] INFO  impl.RoleInfo (RoleInfo.java:shutdownFollowerState(110)) - ff8dcbe0-085a-4b37-9405-11cf2c6e7733: shutdown ff8dcbe0-085a-4b37-9405-11cf2c6e7733@group-CAB8592BCA06-FollowerState
2023-07-16 18:47:54,555 [ff8dcbe0-085a-4b37-9405-11cf2c6e7733@group-CAB8592BCA06-FollowerState] INFO  server.RaftServer$Division (RaftServerImpl.java:setRole(329)) - ff8dcbe0-085a-4b37-9405-11cf2c6e7733@group-CAB8592BCA06: changes role from  FOLLOWER to CANDIDATE at term 0 for changeToCandidate
2023-07-16 18:47:54,556 [ff8dcbe0-085a-4b37-9405-11cf2c6e7733@group-CAB8592BCA06-FollowerState] INFO  server.RaftServerConfigKeys (ConfUtils.java:logGet(46)) - raft.server.leaderelection.pre-vote = true (default)
2023-07-16 18:47:54,556 [ff8dcbe0-085a-4b37-9405-11cf2c6e7733@group-CAB8592BCA06-FollowerState] INFO  impl.RoleInfo (RoleInfo.java:updateAndGet(139)) - ff8dcbe0-085a-4b37-9405-11cf2c6e7733: start ff8dcbe0-085a-4b37-9405-11cf2c6e7733@group-CAB8592BCA06-LeaderElection2
2023-07-16 18:47:54,558 [ff8dcbe0-085a-4b37-9405-11cf2c6e7733@group-CAB8592BCA06-LeaderElection2] INFO  impl.LeaderElection (LeaderElection.java:askForVotes(321)) - ff8dcbe0-085a-4b37-9405-11cf2c6e7733@group-CAB8592BCA06-LeaderElection2 PRE_VOTE round 0: submit vote requests at term 0 for -1: peers:[ff8dcbe0-085a-4b37-9405-11cf2c6e7733|rpc:10.1.0.39:15014|admin:10.1.0.39:15013|client:10.1.0.39:15012|dataStream:10.1.0.39:15015|priority:1|startupRole:FOLLOWER]|listeners:[], old=null
2023-07-16 18:47:54,558 [ff8dcbe0-085a-4b37-9405-11cf2c6e7733@group-CAB8592BCA06-LeaderElection2] INFO  impl.LeaderElection (LeaderElection.java:askForVotes(323)) - ff8dcbe0-085a-4b37-9405-11cf2c6e7733@group-CAB8592BCA06-LeaderElection2 PRE_VOTE round 0: result PASSED (term=0)
2023-07-16 18:47:54,561 [ff8dcbe0-085a-4b37-9405-11cf2c6e7733@group-CAB8592BCA06-LeaderElection2] INFO  impl.LeaderElection (LeaderElection.java:askForVotes(321)) - ff8dcbe0-085a-4b37-9405-11cf2c6e7733@group-CAB8592BCA06-LeaderElection2 ELECTION round 0: submit vote requests at term 1 for -1: peers:[ff8dcbe0-085a-4b37-9405-11cf2c6e7733|rpc:10.1.0.39:15014|admin:10.1.0.39:15013|client:10.1.0.39:15012|dataStream:10.1.0.39:15015|priority:1|startupRole:FOLLOWER]|listeners:[], old=null
2023-07-16 18:47:54,561 [ff8dcbe0-085a-4b37-9405-11cf2c6e7733@group-CAB8592BCA06-LeaderElection2] INFO  impl.LeaderElection (LeaderElection.java:askForVotes(323)) - ff8dcbe0-085a-4b37-9405-11cf2c6e7733@group-CAB8592BCA06-LeaderElection2 ELECTION round 0: result PASSED (term=1)
2023-07-16 18:47:54,561 [ff8dcbe0-085a-4b37-9405-11cf2c6e7733@group-CAB8592BCA06-LeaderElection2] INFO  impl.RoleInfo (RoleInfo.java:shutdownLeaderElection(130)) - ff8dcbe0-085a-4b37-9405-11cf2c6e7733: shutdown ff8dcbe0-085a-4b37-9405-11cf2c6e7733@group-CAB8592BCA06-LeaderElection2
2023-07-16 18:47:54,561 [ff8dcbe0-085a-4b37-9405-11cf2c6e7733@group-CAB8592BCA06-LeaderElection2] INFO  server.RaftServer$Division (RaftServerImpl.java:setRole(329)) - ff8dcbe0-085a-4b37-9405-11cf2c6e7733@group-CAB8592BCA06: changes role from CANDIDATE to LEADER at term 1 for changeToLeader
2023-07-16 18:47:54,561 [ff8dcbe0-085a-4b37-9405-11cf2c6e7733@group-CAB8592BCA06-LeaderElection2] INFO  ratis.XceiverServerRatis (XceiverServerRatis.java:handleLeaderChangedNotification(902)) - Leader change notification received for group: group-CAB8592BCA06 with new leaderId: ff8dcbe0-085a-4b37-9405-11cf2c6e7733
2023-07-16 18:47:54,561 [ff8dcbe0-085a-4b37-9405-11cf2c6e7733@group-CAB8592BCA06-LeaderElection2] INFO  server.RaftServer$Division (ServerState.java:setLeader(317)) - ff8dcbe0-085a-4b37-9405-11cf2c6e7733@group-CAB8592BCA06: change Leader from null to ff8dcbe0-085a-4b37-9405-11cf2c6e7733 at term 1 for becomeLeader, leader elected after 5200ms
2023-07-16 18:47:54,561 [ff8dcbe0-085a-4b37-9405-11cf2c6e7733@group-CAB8592BCA06-LeaderElection2] INFO  server.RaftServerConfigKeys (ConfUtils.java:logGet(46)) - raft.server.staging.catchup.gap = 1000 (default)
2023-07-16 18:47:54,565 [EventQueue-OpenPipelineForHealthyPipelineSafeModeRule] INFO  safemode.SCMSafeModeManager (HealthyPipelineSafeModeRule.java:process(137)) - SCM in safe mode. Healthy pipelines reported count is 0, required healthy pipeline reported count is 1
2023-07-16 18:47:54,566 [ff8dcbe0-085a-4b37-9405-11cf2c6e7733@group-CAB8592BCA06-LeaderElection2] INFO  server.RaftServerConfigKeys (ConfUtils.java:logGet(46)) - raft.server.write.element-limit = 1024 (custom)
2023-07-16 18:47:54,566 [ff8dcbe0-085a-4b37-9405-11cf2c6e7733@group-CAB8592BCA06-LeaderElection2] INFO  server.RaftServerConfigKeys (ConfUtils.java:logGet(46)) - raft.server.write.byte-limit = 1024 M (=1073741824) (custom)
2023-07-16 18:47:54,567 [ff8dcbe0-085a-4b37-9405-11cf2c6e7733@group-CAB8592BCA06-LeaderElection2] INFO  server.RaftServerConfigKeys (ConfUtils.java:logGet(46)) - raft.server.watch.timeout = 3000ms (custom)
2023-07-16 18:47:54,567 [ff8dcbe0-085a-4b37-9405-11cf2c6e7733@group-CAB8592BCA06-LeaderElection2] INFO  server.RaftServerConfigKeys (ConfUtils.java:logGet(46)) - raft.server.watch.timeout.denomination = 1s (default)
2023-07-16 18:47:54,567 [ff8dcbe0-085a-4b37-9405-11cf2c6e7733@group-CAB8592BCA06-LeaderElection2] INFO  server.RaftServerConfigKeys (ConfUtils.java:logGet(46)) - raft.server.watch.element-limit = 65536 (default)
2023-07-16 18:47:54,567 [ff8dcbe0-085a-4b37-9405-11cf2c6e7733@group-CAB8592BCA06-LeaderElection2] INFO  server.RaftServerConfigKeys (ConfUtils.java:logGet(46)) - raft.server.write.element-limit = 1024 (custom)
2023-07-16 18:47:54,567 [ff8dcbe0-085a-4b37-9405-11cf2c6e7733@group-CAB8592BCA06-LeaderElection2] INFO  server.RaftServerConfigKeys (ConfUtils.java:logGet(46)) - raft.server.write.follower.gap.ratio.max = -1.0 (default)
2023-07-16 18:47:54,567 [ff8dcbe0-085a-4b37-9405-11cf2c6e7733@group-CAB8592BCA06-LeaderElection2] INFO  impl.RoleInfo (RoleInfo.java:updateAndGet(139)) - ff8dcbe0-085a-4b37-9405-11cf2c6e7733: start ff8dcbe0-085a-4b37-9405-11cf2c6e7733@group-CAB8592BCA06-LeaderStateImpl
2023-07-16 18:47:54,568 [ff8dcbe0-085a-4b37-9405-11cf2c6e7733@group-CAB8592BCA06-LeaderElection2] INFO  segmented.SegmentedRaftLogWorker (SegmentedRaftLogWorker.java:startLogSegment(447)) - ff8dcbe0-085a-4b37-9405-11cf2c6e7733@group-CAB8592BCA06-SegmentedRaftLogWorker: Starting segment from index:0
2023-07-16 18:47:54,570 [ff8dcbe0-085a-4b37-9405-11cf2c6e7733@group-CAB8592BCA06-SegmentedRaftLogWorker] INFO  segmented.SegmentedRaftLogWorker (SegmentedRaftLogWorker.java:execute(651)) - ff8dcbe0-085a-4b37-9405-11cf2c6e7733@group-CAB8592BCA06-SegmentedRaftLogWorker: created new log segment /home/runner/work/ozone/ozone/hadoop-ozone/integration-test/target/test-dir/MiniOzoneClusterImpl-5b665439-b9a5-4360-aef4-da1357485736/datanode-0/data/ratis/97354931-5c90-4424-9e3b-cab8592bca06/current/log_inprogress_0
2023-07-16 18:47:54,571 [ff8dcbe0-085a-4b37-9405-11cf2c6e7733@group-CAB8592BCA06-LeaderElection2] INFO  server.RaftServer$Division (ServerState.java:setRaftConf(434)) - ff8dcbe0-085a-4b37-9405-11cf2c6e7733@group-CAB8592BCA06: set configuration 0: peers:[ff8dcbe0-085a-4b37-9405-11cf2c6e7733|rpc:10.1.0.39:15014|admin:10.1.0.39:15013|client:10.1.0.39:15012|dataStream:10.1.0.39:15015|priority:1|startupRole:FOLLOWER]|listeners:[], old=null
2023-07-16 18:47:54,635 [ff8dcbe0-085a-4b37-9405-11cf2c6e7733@group-0327FC8ECCE3-FollowerState] INFO  impl.FollowerState (FollowerState.java:run(143)) - ff8dcbe0-085a-4b37-9405-11cf2c6e7733@group-0327FC8ECCE3-FollowerState: change to CANDIDATE, lastRpcElapsedTime:5125645761ns, electionTimeout:5122ms
2023-07-16 18:47:54,636 [ff8dcbe0-085a-4b37-9405-11cf2c6e7733@group-0327FC8ECCE3-FollowerState] INFO  impl.RoleInfo (RoleInfo.java:shutdownFollowerState(110)) - ff8dcbe0-085a-4b37-9405-11cf2c6e7733: shutdown ff8dcbe0-085a-4b37-9405-11cf2c6e7733@group-0327FC8ECCE3-FollowerState
2023-07-16 18:47:54,636 [ff8dcbe0-085a-4b37-9405-11cf2c6e7733@group-0327FC8ECCE3-FollowerState] INFO  server.RaftServer$Division (RaftServerImpl.java:setRole(329)) - ff8dcbe0-085a-4b37-9405-11cf2c6e7733@group-0327FC8ECCE3: changes role from  FOLLOWER to CANDIDATE at term 0 for changeToCandidate
2023-07-16 18:47:54,638 [ff8dcbe0-085a-4b37-9405-11cf2c6e7733@group-0327FC8ECCE3-FollowerState] INFO  server.RaftServerConfigKeys (ConfUtils.java:logGet(46)) - raft.server.leaderelection.pre-vote = true (default)
2023-07-16 18:47:54,639 [ff8dcbe0-085a-4b37-9405-11cf2c6e7733@group-0327FC8ECCE3-FollowerState] INFO  impl.RoleInfo (RoleInfo.java:updateAndGet(139)) - ff8dcbe0-085a-4b37-9405-11cf2c6e7733: start ff8dcbe0-085a-4b37-9405-11cf2c6e7733@group-0327FC8ECCE3-LeaderElection3
2023-07-16 18:47:54,645 [ff8dcbe0-085a-4b37-9405-11cf2c6e7733@group-0327FC8ECCE3-LeaderElection3] INFO  impl.LeaderElection (LeaderElection.java:askForVotes(321)) - ff8dcbe0-085a-4b37-9405-11cf2c6e7733@group-0327FC8ECCE3-LeaderElection3 PRE_VOTE round 0: submit vote requests at term 0 for -1: peers:[0df23656-1af4-40f8-982d-5a520b8c88ee|rpc:10.1.0.39:15032|admin:10.1.0.39:15031|client:10.1.0.39:15030|dataStream:10.1.0.39:15033|priority:0|startupRole:FOLLOWER, ff8dcbe0-085a-4b37-9405-11cf2c6e7733|rpc:10.1.0.39:15014|admin:10.1.0.39:15013|client:10.1.0.39:15012|dataStream:10.1.0.39:15015|priority:0|startupRole:FOLLOWER, 12eac62c-7669-4502-8935-23b1d5049dac|rpc:10.1.0.39:15023|admin:10.1.0.39:15022|client:10.1.0.39:15021|dataStream:10.1.0.39:15024|priority:1|startupRole:FOLLOWER]|listeners:[], old=null
2023-07-16 18:47:54,652 [ff8dcbe0-085a-4b37-9405-11cf2c6e7733@group-0327FC8ECCE3-LeaderElection3] INFO  server.RaftServerConfigKeys (ConfUtils.java:logFallback(53)) - raft.server.rpc.first-election.timeout.min = 5s (fallback to raft.server.rpc.timeout.min)
2023-07-16 18:47:54,652 [ff8dcbe0-085a-4b37-9405-11cf2c6e7733@group-0327FC8ECCE3-LeaderElection3] INFO  server.RaftServerConfigKeys (ConfUtils.java:logFallback(53)) - raft.server.rpc.first-election.timeout.max = 5200ms (fallback to raft.server.rpc.timeout.max)
2023-07-16 18:47:54,654 [ff8dcbe0-085a-4b37-9405-11cf2c6e7733@group-0327FC8ECCE3-LeaderElection3-1] INFO  server.GrpcServerProtocolClient (GrpcServerProtocolClient.java:<init>(65)) - Build channel for 0df23656-1af4-40f8-982d-5a520b8c88ee
2023-07-16 18:47:54,659 [ff8dcbe0-085a-4b37-9405-11cf2c6e7733@group-0327FC8ECCE3-LeaderElection3-2] INFO  server.GrpcServerProtocolClient (GrpcServerProtocolClient.java:<init>(65)) - Build channel for 12eac62c-7669-4502-8935-23b1d5049dac
2023-07-16 18:47:54,678 [grpc-default-executor-0] INFO  server.RaftServer$Division (RaftServerImpl.java:requestVote(1302)) - 0df23656-1af4-40f8-982d-5a520b8c88ee@group-0327FC8ECCE3: receive requestVote(PRE_VOTE, ff8dcbe0-085a-4b37-9405-11cf2c6e7733, group-0327FC8ECCE3, 0, (t:0, i:0))
2023-07-16 18:47:54,680 [grpc-default-executor-0] INFO  impl.VoteContext (VoteContext.java:log(49)) - 0df23656-1af4-40f8-982d-5a520b8c88ee@group-0327FC8ECCE3-FOLLOWER: accept PRE_VOTE from ff8dcbe0-085a-4b37-9405-11cf2c6e7733: our priority 0 <= candidate's priority 0
2023-07-16 18:47:54,685 [grpc-default-executor-0] INFO  server.RaftServer$Division (RaftServerImpl.java:requestVote(1335)) - 0df23656-1af4-40f8-982d-5a520b8c88ee@group-0327FC8ECCE3 replies to PRE_VOTE vote request: ff8dcbe0-085a-4b37-9405-11cf2c6e7733<-0df23656-1af4-40f8-982d-5a520b8c88ee#0:OK-t0. Peer's state: 0df23656-1af4-40f8-982d-5a520b8c88ee@group-0327FC8ECCE3:t0, leader=null, voted=, raftlog=Memoized:0df23656-1af4-40f8-982d-5a520b8c88ee@group-0327FC8ECCE3-SegmentedRaftLog:OPENED:c-1, conf=-1: peers:[0df23656-1af4-40f8-982d-5a520b8c88ee|rpc:10.1.0.39:15032|admin:10.1.0.39:15031|client:10.1.0.39:15030|dataStream:10.1.0.39:15033|priority:0|startupRole:FOLLOWER, ff8dcbe0-085a-4b37-9405-11cf2c6e7733|rpc:10.1.0.39:15014|admin:10.1.0.39:15013|client:10.1.0.39:15012|dataStream:10.1.0.39:15015|priority:0|startupRole:FOLLOWER, 12eac62c-7669-4502-8935-23b1d5049dac|rpc:10.1.0.39:15023|admin:10.1.0.39:15022|client:10.1.0.39:15021|dataStream:10.1.0.39:15024|priority:1|startupRole:FOLLOWER]|listeners:[], old=null
2023-07-16 18:47:54,694 [grpc-default-executor-1] INFO  server.RaftServer$Division (RaftServerImpl.java:requestVote(1302)) - 12eac62c-7669-4502-8935-23b1d5049dac@group-0327FC8ECCE3: receive requestVote(PRE_VOTE, ff8dcbe0-085a-4b37-9405-11cf2c6e7733, group-0327FC8ECCE3, 0, (t:0, i:0))
2023-07-16 18:47:54,694 [grpc-default-executor-1] INFO  impl.VoteContext (VoteContext.java:log(49)) - 12eac62c-7669-4502-8935-23b1d5049dac@group-0327FC8ECCE3-FOLLOWER: reject PRE_VOTE from ff8dcbe0-085a-4b37-9405-11cf2c6e7733: our priority 1 > candidate's priority 0
2023-07-16 18:47:54,695 [grpc-default-executor-1] INFO  server.RaftServer$Division (RaftServerImpl.java:requestVote(1335)) - 12eac62c-7669-4502-8935-23b1d5049dac@group-0327FC8ECCE3 replies to PRE_VOTE vote request: ff8dcbe0-085a-4b37-9405-11cf2c6e7733<-12eac62c-7669-4502-8935-23b1d5049dac#0:FAIL-t0. Peer's state: 12eac62c-7669-4502-8935-23b1d5049dac@group-0327FC8ECCE3:t0, leader=null, voted=, raftlog=Memoized:12eac62c-7669-4502-8935-23b1d5049dac@group-0327FC8ECCE3-SegmentedRaftLog:OPENED:c-1, conf=-1: peers:[0df23656-1af4-40f8-982d-5a520b8c88ee|rpc:10.1.0.39:15032|admin:10.1.0.39:15031|client:10.1.0.39:15030|dataStream:10.1.0.39:15033|priority:0|startupRole:FOLLOWER, ff8dcbe0-085a-4b37-9405-11cf2c6e7733|rpc:10.1.0.39:15014|admin:10.1.0.39:15013|client:10.1.0.39:15012|dataStream:10.1.0.39:15015|priority:0|startupRole:FOLLOWER, 12eac62c-7669-4502-8935-23b1d5049dac|rpc:10.1.0.39:15023|admin:10.1.0.39:15022|client:10.1.0.39:15021|dataStream:10.1.0.39:15024|priority:1|startupRole:FOLLOWER]|listeners:[], old=null
2023-07-16 18:47:54,700 [ff8dcbe0-085a-4b37-9405-11cf2c6e7733@group-0327FC8ECCE3-LeaderElection3] INFO  impl.LeaderElection (LeaderElection.java:logAndReturn(90)) - ff8dcbe0-085a-4b37-9405-11cf2c6e7733@group-0327FC8ECCE3-LeaderElection3: PRE_VOTE REJECTED received 2 response(s) and 0 exception(s):
2023-07-16 18:47:54,701 [ff8dcbe0-085a-4b37-9405-11cf2c6e7733@group-0327FC8ECCE3-LeaderElection3] INFO  impl.LeaderElection (LeaderElection.java:logAndReturn(94)) -   Response 0: ff8dcbe0-085a-4b37-9405-11cf2c6e7733<-0df23656-1af4-40f8-982d-5a520b8c88ee#0:OK-t0
2023-07-16 18:47:54,701 [ff8dcbe0-085a-4b37-9405-11cf2c6e7733@group-0327FC8ECCE3-LeaderElection3] INFO  impl.LeaderElection (LeaderElection.java:logAndReturn(94)) -   Response 1: ff8dcbe0-085a-4b37-9405-11cf2c6e7733<-12eac62c-7669-4502-8935-23b1d5049dac#0:FAIL-t0
2023-07-16 18:47:54,701 [ff8dcbe0-085a-4b37-9405-11cf2c6e7733@group-0327FC8ECCE3-LeaderElection3] INFO  impl.LeaderElection (LeaderElection.java:askForVotes(323)) - ff8dcbe0-085a-4b37-9405-11cf2c6e7733@group-0327FC8ECCE3-LeaderElection3 PRE_VOTE round 0: result REJECTED
2023-07-16 18:47:54,701 [ff8dcbe0-085a-4b37-9405-11cf2c6e7733@group-0327FC8ECCE3-LeaderElection3] INFO  server.RaftServer$Division (RaftServerImpl.java:setRole(329)) - ff8dcbe0-085a-4b37-9405-11cf2c6e7733@group-0327FC8ECCE3: changes role from CANDIDATE to FOLLOWER at term 0 for REJECTED
2023-07-16 18:47:54,702 [ff8dcbe0-085a-4b37-9405-11cf2c6e7733@group-0327FC8ECCE3-LeaderElection3] INFO  impl.RoleInfo (RoleInfo.java:shutdownLeaderElection(130)) - ff8dcbe0-085a-4b37-9405-11cf2c6e7733: shutdown ff8dcbe0-085a-4b37-9405-11cf2c6e7733@group-0327FC8ECCE3-LeaderElection3
2023-07-16 18:47:54,702 [ff8dcbe0-085a-4b37-9405-11cf2c6e7733@group-0327FC8ECCE3-LeaderElection3] INFO  impl.RoleInfo (RoleInfo.java:updateAndGet(139)) - ff8dcbe0-085a-4b37-9405-11cf2c6e7733: start ff8dcbe0-085a-4b37-9405-11cf2c6e7733@group-0327FC8ECCE3-FollowerState
2023-07-16 18:47:55,167 [12eac62c-7669-4502-8935-23b1d5049dac@group-2541CB3D4C42-FollowerState] INFO  impl.FollowerState (FollowerState.java:run(143)) - 12eac62c-7669-4502-8935-23b1d5049dac@group-2541CB3D4C42-FollowerState: change to CANDIDATE, lastRpcElapsedTime:5132379211ns, electionTimeout:5101ms
2023-07-16 18:47:55,168 [12eac62c-7669-4502-8935-23b1d5049dac@group-2541CB3D4C42-FollowerState] INFO  impl.RoleInfo (RoleInfo.java:shutdownFollowerState(110)) - 12eac62c-7669-4502-8935-23b1d5049dac: shutdown 12eac62c-7669-4502-8935-23b1d5049dac@group-2541CB3D4C42-FollowerState
2023-07-16 18:47:55,168 [12eac62c-7669-4502-8935-23b1d5049dac@group-2541CB3D4C42-FollowerState] INFO  server.RaftServer$Division (RaftServerImpl.java:setRole(329)) - 12eac62c-7669-4502-8935-23b1d5049dac@group-2541CB3D4C42: changes role from  FOLLOWER to CANDIDATE at term 0 for changeToCandidate
2023-07-16 18:47:55,169 [12eac62c-7669-4502-8935-23b1d5049dac@group-2541CB3D4C42-FollowerState] INFO  server.RaftServerConfigKeys (ConfUtils.java:logGet(46)) - raft.server.leaderelection.pre-vote = true (default)
2023-07-16 18:47:55,169 [12eac62c-7669-4502-8935-23b1d5049dac@group-2541CB3D4C42-FollowerState] INFO  impl.RoleInfo (RoleInfo.java:updateAndGet(139)) - 12eac62c-7669-4502-8935-23b1d5049dac: start 12eac62c-7669-4502-8935-23b1d5049dac@group-2541CB3D4C42-LeaderElection4
2023-07-16 18:47:55,171 [12eac62c-7669-4502-8935-23b1d5049dac@group-2541CB3D4C42-LeaderElection4] INFO  impl.LeaderElection (LeaderElection.java:askForVotes(321)) - 12eac62c-7669-4502-8935-23b1d5049dac@group-2541CB3D4C42-LeaderElection4 PRE_VOTE round 0: submit vote requests at term 0 for -1: peers:[12eac62c-7669-4502-8935-23b1d5049dac|rpc:10.1.0.39:15023|admin:10.1.0.39:15022|client:10.1.0.39:15021|dataStream:10.1.0.39:15024|priority:1|startupRole:FOLLOWER]|listeners:[], old=null
2023-07-16 18:47:55,171 [12eac62c-7669-4502-8935-23b1d5049dac@group-2541CB3D4C42-LeaderElection4] INFO  impl.LeaderElection (LeaderElection.java:askForVotes(323)) - 12eac62c-7669-4502-8935-23b1d5049dac@group-2541CB3D4C42-LeaderElection4 PRE_VOTE round 0: result PASSED (term=0)
2023-07-16 18:47:55,173 [12eac62c-7669-4502-8935-23b1d5049dac@group-2541CB3D4C42-LeaderElection4] INFO  impl.LeaderElection (LeaderElection.java:askForVotes(321)) - 12eac62c-7669-4502-8935-23b1d5049dac@group-2541CB3D4C42-LeaderElection4 ELECTION round 0: submit vote requests at term 1 for -1: peers:[12eac62c-7669-4502-8935-23b1d5049dac|rpc:10.1.0.39:15023|admin:10.1.0.39:15022|client:10.1.0.39:15021|dataStream:10.1.0.39:15024|priority:1|startupRole:FOLLOWER]|listeners:[], old=null
2023-07-16 18:47:55,174 [12eac62c-7669-4502-8935-23b1d5049dac@group-2541CB3D4C42-LeaderElection4] INFO  impl.LeaderElection (LeaderElection.java:askForVotes(323)) - 12eac62c-7669-4502-8935-23b1d5049dac@group-2541CB3D4C42-LeaderElection4 ELECTION round 0: result PASSED (term=1)
2023-07-16 18:47:55,174 [12eac62c-7669-4502-8935-23b1d5049dac@group-2541CB3D4C42-LeaderElection4] INFO  impl.RoleInfo (RoleInfo.java:shutdownLeaderElection(130)) - 12eac62c-7669-4502-8935-23b1d5049dac: shutdown 12eac62c-7669-4502-8935-23b1d5049dac@group-2541CB3D4C42-LeaderElection4
2023-07-16 18:47:55,174 [12eac62c-7669-4502-8935-23b1d5049dac@group-2541CB3D4C42-LeaderElection4] INFO  server.RaftServer$Division (RaftServerImpl.java:setRole(329)) - 12eac62c-7669-4502-8935-23b1d5049dac@group-2541CB3D4C42: changes role from CANDIDATE to LEADER at term 1 for changeToLeader
2023-07-16 18:47:55,174 [12eac62c-7669-4502-8935-23b1d5049dac@group-2541CB3D4C42-LeaderElection4] INFO  ratis.XceiverServerRatis (XceiverServerRatis.java:handleLeaderChangedNotification(902)) - Leader change notification received for group: group-2541CB3D4C42 with new leaderId: 12eac62c-7669-4502-8935-23b1d5049dac
2023-07-16 18:47:55,174 [12eac62c-7669-4502-8935-23b1d5049dac@group-2541CB3D4C42-LeaderElection4] INFO  server.RaftServer$Division (ServerState.java:setLeader(317)) - 12eac62c-7669-4502-8935-23b1d5049dac@group-2541CB3D4C42: change Leader from null to 12eac62c-7669-4502-8935-23b1d5049dac at term 1 for becomeLeader, leader elected after 5192ms
2023-07-16 18:47:55,174 [12eac62c-7669-4502-8935-23b1d5049dac@group-2541CB3D4C42-LeaderElection4] INFO  server.RaftServerConfigKeys (ConfUtils.java:logGet(46)) - raft.server.staging.catchup.gap = 1000 (default)
2023-07-16 18:47:55,175 [12eac62c-7669-4502-8935-23b1d5049dac@group-2541CB3D4C42-LeaderElection4] INFO  server.RaftServerConfigKeys (ConfUtils.java:logGet(46)) - raft.server.write.element-limit = 1024 (custom)
2023-07-16 18:47:55,175 [12eac62c-7669-4502-8935-23b1d5049dac@group-2541CB3D4C42-LeaderElection4] INFO  server.RaftServerConfigKeys (ConfUtils.java:logGet(46)) - raft.server.write.byte-limit = 1024 M (=1073741824) (custom)
2023-07-16 18:47:55,177 [12eac62c-7669-4502-8935-23b1d5049dac@group-2541CB3D4C42-LeaderElection4] INFO  server.RaftServerConfigKeys (ConfUtils.java:logGet(46)) - raft.server.watch.timeout = 3000ms (custom)
2023-07-16 18:47:55,177 [12eac62c-7669-4502-8935-23b1d5049dac@group-2541CB3D4C42-LeaderElection4] INFO  server.RaftServerConfigKeys (ConfUtils.java:logGet(46)) - raft.server.watch.timeout.denomination = 1s (default)
2023-07-16 18:47:55,177 [12eac62c-7669-4502-8935-23b1d5049dac@group-2541CB3D4C42-LeaderElection4] INFO  server.RaftServerConfigKeys (ConfUtils.java:logGet(46)) - raft.server.watch.element-limit = 65536 (default)
2023-07-16 18:47:55,177 [12eac62c-7669-4502-8935-23b1d5049dac@group-2541CB3D4C42-LeaderElection4] INFO  server.RaftServerConfigKeys (ConfUtils.java:logGet(46)) - raft.server.write.element-limit = 1024 (custom)
2023-07-16 18:47:55,177 [12eac62c-7669-4502-8935-23b1d5049dac@group-2541CB3D4C42-LeaderElection4] INFO  server.RaftServerConfigKeys (ConfUtils.java:logGet(46)) - raft.server.write.follower.gap.ratio.max = -1.0 (default)
2023-07-16 18:47:55,177 [12eac62c-7669-4502-8935-23b1d5049dac@group-2541CB3D4C42-LeaderElection4] INFO  impl.RoleInfo (RoleInfo.java:updateAndGet(139)) - 12eac62c-7669-4502-8935-23b1d5049dac: start 12eac62c-7669-4502-8935-23b1d5049dac@group-2541CB3D4C42-LeaderStateImpl
2023-07-16 18:47:55,178 [EventQueue-OpenPipelineForHealthyPipelineSafeModeRule] INFO  safemode.SCMSafeModeManager (HealthyPipelineSafeModeRule.java:process(137)) - SCM in safe mode. Healthy pipelines reported count is 0, required healthy pipeline reported count is 1
2023-07-16 18:47:55,178 [12eac62c-7669-4502-8935-23b1d5049dac@group-2541CB3D4C42-LeaderElection4] INFO  segmented.SegmentedRaftLogWorker (SegmentedRaftLogWorker.java:startLogSegment(447)) - 12eac62c-7669-4502-8935-23b1d5049dac@group-2541CB3D4C42-SegmentedRaftLogWorker: Starting segment from index:0
2023-07-16 18:47:55,180 [12eac62c-7669-4502-8935-23b1d5049dac@group-2541CB3D4C42-LeaderElection4] INFO  server.RaftServer$Division (ServerState.java:setRaftConf(434)) - 12eac62c-7669-4502-8935-23b1d5049dac@group-2541CB3D4C42: set configuration 0: peers:[12eac62c-7669-4502-8935-23b1d5049dac|rpc:10.1.0.39:15023|admin:10.1.0.39:15022|client:10.1.0.39:15021|dataStream:10.1.0.39:15024|priority:1|startupRole:FOLLOWER]|listeners:[], old=null
2023-07-16 18:47:55,184 [12eac62c-7669-4502-8935-23b1d5049dac@group-2541CB3D4C42-SegmentedRaftLogWorker] INFO  segmented.SegmentedRaftLogWorker (SegmentedRaftLogWorker.java:execute(651)) - 12eac62c-7669-4502-8935-23b1d5049dac@group-2541CB3D4C42-SegmentedRaftLogWorker: created new log segment /home/runner/work/ozone/ozone/hadoop-ozone/integration-test/target/test-dir/MiniOzoneClusterImpl-5b665439-b9a5-4360-aef4-da1357485736/datanode-1/data/ratis/6d964a98-c328-4037-96dd-2541cb3d4c42/current/log_inprogress_0
2023-07-16 18:47:55,410 [main] INFO  ozone.MiniOzoneClusterImpl (MiniOzoneClusterImpl.java:lambda$waitForClusterToBeReady$0(224)) - Nodes are ready. Got 3 of 3 DN Heartbeats.
2023-07-16 18:47:55,410 [main] INFO  ozone.MiniOzoneClusterImpl (MiniOzoneClusterImpl.java:lambda$waitForClusterToBeReady$0(227)) - Waiting for cluster to exit safe mode
2023-07-16 18:47:55,410 [main] INFO  ozone.MiniOzoneClusterImpl (MiniOzoneClusterImpl.java:lambda$waitForClusterToBeReady$0(229)) - SCM became leader
2023-07-16 18:47:55,494 [12eac62c-7669-4502-8935-23b1d5049dac@group-0327FC8ECCE3-FollowerState] INFO  impl.FollowerState (FollowerState.java:run(143)) - 12eac62c-7669-4502-8935-23b1d5049dac@group-0327FC8ECCE3-FollowerState: change to CANDIDATE, lastRpcElapsedTime:5153617760ns, electionTimeout:5118ms
2023-07-16 18:47:55,494 [12eac62c-7669-4502-8935-23b1d5049dac@group-0327FC8ECCE3-FollowerState] INFO  impl.RoleInfo (RoleInfo.java:shutdownFollowerState(110)) - 12eac62c-7669-4502-8935-23b1d5049dac: shutdown 12eac62c-7669-4502-8935-23b1d5049dac@group-0327FC8ECCE3-FollowerState
2023-07-16 18:47:55,494 [12eac62c-7669-4502-8935-23b1d5049dac@group-0327FC8ECCE3-FollowerState] INFO  server.RaftServer$Division (RaftServerImpl.java:setRole(329)) - 12eac62c-7669-4502-8935-23b1d5049dac@group-0327FC8ECCE3: changes role from  FOLLOWER to CANDIDATE at term 0 for changeToCandidate
2023-07-16 18:47:55,494 [12eac62c-7669-4502-8935-23b1d5049dac@group-0327FC8ECCE3-FollowerState] INFO  server.RaftServerConfigKeys (ConfUtils.java:logGet(46)) - raft.server.leaderelection.pre-vote = true (default)
2023-07-16 18:47:55,494 [12eac62c-7669-4502-8935-23b1d5049dac@group-0327FC8ECCE3-FollowerState] INFO  impl.RoleInfo (RoleInfo.java:updateAndGet(139)) - 12eac62c-7669-4502-8935-23b1d5049dac: start 12eac62c-7669-4502-8935-23b1d5049dac@group-0327FC8ECCE3-LeaderElection5
2023-07-16 18:47:55,496 [12eac62c-7669-4502-8935-23b1d5049dac@group-0327FC8ECCE3-LeaderElection5] INFO  impl.LeaderElection (LeaderElection.java:askForVotes(321)) - 12eac62c-7669-4502-8935-23b1d5049dac@group-0327FC8ECCE3-LeaderElection5 PRE_VOTE round 0: submit vote requests at term 0 for -1: peers:[0df23656-1af4-40f8-982d-5a520b8c88ee|rpc:10.1.0.39:15032|admin:10.1.0.39:15031|client:10.1.0.39:15030|dataStream:10.1.0.39:15033|priority:0|startupRole:FOLLOWER, ff8dcbe0-085a-4b37-9405-11cf2c6e7733|rpc:10.1.0.39:15014|admin:10.1.0.39:15013|client:10.1.0.39:15012|dataStream:10.1.0.39:15015|priority:0|startupRole:FOLLOWER, 12eac62c-7669-4502-8935-23b1d5049dac|rpc:10.1.0.39:15023|admin:10.1.0.39:15022|client:10.1.0.39:15021|dataStream:10.1.0.39:15024|priority:1|startupRole:FOLLOWER]|listeners:[], old=null
2023-07-16 18:47:55,497 [12eac62c-7669-4502-8935-23b1d5049dac@group-0327FC8ECCE3-LeaderElection5-1] INFO  server.GrpcServerProtocolClient (GrpcServerProtocolClient.java:<init>(65)) - Build channel for 0df23656-1af4-40f8-982d-5a520b8c88ee
2023-07-16 18:47:55,497 [12eac62c-7669-4502-8935-23b1d5049dac@group-0327FC8ECCE3-LeaderElection5-2] INFO  server.GrpcServerProtocolClient (GrpcServerProtocolClient.java:<init>(65)) - Build channel for ff8dcbe0-085a-4b37-9405-11cf2c6e7733
2023-07-16 18:47:55,497 [12eac62c-7669-4502-8935-23b1d5049dac@group-0327FC8ECCE3-LeaderElection5] INFO  server.RaftServerConfigKeys (ConfUtils.java:logFallback(53)) - raft.server.rpc.first-election.timeout.min = 5s (fallback to raft.server.rpc.timeout.min)
2023-07-16 18:47:55,502 [12eac62c-7669-4502-8935-23b1d5049dac@group-0327FC8ECCE3-LeaderElection5] INFO  server.RaftServerConfigKeys (ConfUtils.java:logFallback(53)) - raft.server.rpc.first-election.timeout.max = 5200ms (fallback to raft.server.rpc.timeout.max)
2023-07-16 18:47:55,519 [grpc-default-executor-0] INFO  server.RaftServer$Division (RaftServerImpl.java:requestVote(1302)) - ff8dcbe0-085a-4b37-9405-11cf2c6e7733@group-0327FC8ECCE3: receive requestVote(PRE_VOTE, 12eac62c-7669-4502-8935-23b1d5049dac, group-0327FC8ECCE3, 0, (t:0, i:0))
2023-07-16 18:47:55,520 [grpc-default-executor-0] INFO  impl.VoteContext (VoteContext.java:log(49)) - ff8dcbe0-085a-4b37-9405-11cf2c6e7733@group-0327FC8ECCE3-FOLLOWER: accept PRE_VOTE from 12eac62c-7669-4502-8935-23b1d5049dac: our priority 0 <= candidate's priority 1
2023-07-16 18:47:55,520 [grpc-default-executor-0] INFO  server.RaftServer$Division (RaftServerImpl.java:requestVote(1335)) - ff8dcbe0-085a-4b37-9405-11cf2c6e7733@group-0327FC8ECCE3 replies to PRE_VOTE vote request: 12eac62c-7669-4502-8935-23b1d5049dac<-ff8dcbe0-085a-4b37-9405-11cf2c6e7733#0:OK-t0. Peer's state: ff8dcbe0-085a-4b37-9405-11cf2c6e7733@group-0327FC8ECCE3:t0, leader=null, voted=, raftlog=Memoized:ff8dcbe0-085a-4b37-9405-11cf2c6e7733@group-0327FC8ECCE3-SegmentedRaftLog:OPENED:c-1, conf=-1: peers:[0df23656-1af4-40f8-982d-5a520b8c88ee|rpc:10.1.0.39:15032|admin:10.1.0.39:15031|client:10.1.0.39:15030|dataStream:10.1.0.39:15033|priority:0|startupRole:FOLLOWER, ff8dcbe0-085a-4b37-9405-11cf2c6e7733|rpc:10.1.0.39:15014|admin:10.1.0.39:15013|client:10.1.0.39:15012|dataStream:10.1.0.39:15015|priority:0|startupRole:FOLLOWER, 12eac62c-7669-4502-8935-23b1d5049dac|rpc:10.1.0.39:15023|admin:10.1.0.39:15022|client:10.1.0.39:15021|dataStream:10.1.0.39:15024|priority:1|startupRole:FOLLOWER]|listeners:[], old=null
2023-07-16 18:47:55,528 [12eac62c-7669-4502-8935-23b1d5049dac@group-0327FC8ECCE3-LeaderElection5] INFO  impl.LeaderElection (LeaderElection.java:logAndReturn(90)) - 12eac62c-7669-4502-8935-23b1d5049dac@group-0327FC8ECCE3-LeaderElection5: PRE_VOTE PASSED received 1 response(s) and 0 exception(s):
2023-07-16 18:47:55,528 [12eac62c-7669-4502-8935-23b1d5049dac@group-0327FC8ECCE3-LeaderElection5] INFO  impl.LeaderElection (LeaderElection.java:logAndReturn(94)) -   Response 0: 12eac62c-7669-4502-8935-23b1d5049dac<-ff8dcbe0-085a-4b37-9405-11cf2c6e7733#0:OK-t0
2023-07-16 18:47:55,528 [12eac62c-7669-4502-8935-23b1d5049dac@group-0327FC8ECCE3-LeaderElection5] INFO  impl.LeaderElection (LeaderElection.java:askForVotes(323)) - 12eac62c-7669-4502-8935-23b1d5049dac@group-0327FC8ECCE3-LeaderElection5 PRE_VOTE round 0: result PASSED
2023-07-16 18:47:55,530 [12eac62c-7669-4502-8935-23b1d5049dac@group-0327FC8ECCE3-LeaderElection5] INFO  impl.LeaderElection (LeaderElection.java:askForVotes(321)) - 12eac62c-7669-4502-8935-23b1d5049dac@group-0327FC8ECCE3-LeaderElection5 ELECTION round 0: submit vote requests at term 1 for -1: peers:[0df23656-1af4-40f8-982d-5a520b8c88ee|rpc:10.1.0.39:15032|admin:10.1.0.39:15031|client:10.1.0.39:15030|dataStream:10.1.0.39:15033|priority:0|startupRole:FOLLOWER, ff8dcbe0-085a-4b37-9405-11cf2c6e7733|rpc:10.1.0.39:15014|admin:10.1.0.39:15013|client:10.1.0.39:15012|dataStream:10.1.0.39:15015|priority:0|startupRole:FOLLOWER, 12eac62c-7669-4502-8935-23b1d5049dac|rpc:10.1.0.39:15023|admin:10.1.0.39:15022|client:10.1.0.39:15021|dataStream:10.1.0.39:15024|priority:1|startupRole:FOLLOWER]|listeners:[], old=null
2023-07-16 18:47:55,534 [12eac62c-7669-4502-8935-23b1d5049dac@group-0327FC8ECCE3-LeaderElection5] INFO  server.RaftServerConfigKeys (ConfUtils.java:logFallback(53)) - raft.server.rpc.first-election.timeout.min = 5s (fallback to raft.server.rpc.timeout.min)
2023-07-16 18:47:55,534 [12eac62c-7669-4502-8935-23b1d5049dac@group-0327FC8ECCE3-LeaderElection5] INFO  server.RaftServerConfigKeys (ConfUtils.java:logFallback(53)) - raft.server.rpc.first-election.timeout.max = 5200ms (fallback to raft.server.rpc.timeout.max)
2023-07-16 18:47:55,541 [grpc-default-executor-1] INFO  server.RaftServer$Division (RaftServerImpl.java:requestVote(1302)) - 0df23656-1af4-40f8-982d-5a520b8c88ee@group-0327FC8ECCE3: receive requestVote(ELECTION, 12eac62c-7669-4502-8935-23b1d5049dac, group-0327FC8ECCE3, 1, (t:0, i:0))
2023-07-16 18:47:55,541 [grpc-default-executor-0] INFO  server.RaftServer$Division (RaftServerImpl.java:requestVote(1302)) - 0df23656-1af4-40f8-982d-5a520b8c88ee@group-0327FC8ECCE3: receive requestVote(PRE_VOTE, 12eac62c-7669-4502-8935-23b1d5049dac, group-0327FC8ECCE3, 0, (t:0, i:0))
2023-07-16 18:47:55,545 [grpc-default-executor-0] INFO  impl.VoteContext (VoteContext.java:log(49)) - 0df23656-1af4-40f8-982d-5a520b8c88ee@group-0327FC8ECCE3-FOLLOWER: accept PRE_VOTE from 12eac62c-7669-4502-8935-23b1d5049dac: our priority 0 <= candidate's priority 1
2023-07-16 18:47:55,545 [grpc-default-executor-0] INFO  server.RaftServer$Division (RaftServerImpl.java:requestVote(1335)) - 0df23656-1af4-40f8-982d-5a520b8c88ee@group-0327FC8ECCE3 replies to PRE_VOTE vote request: 12eac62c-7669-4502-8935-23b1d5049dac<-0df23656-1af4-40f8-982d-5a520b8c88ee#0:OK-t0. Peer's state: 0df23656-1af4-40f8-982d-5a520b8c88ee@group-0327FC8ECCE3:t0, leader=null, voted=, raftlog=Memoized:0df23656-1af4-40f8-982d-5a520b8c88ee@group-0327FC8ECCE3-SegmentedRaftLog:OPENED:c-1, conf=-1: peers:[0df23656-1af4-40f8-982d-5a520b8c88ee|rpc:10.1.0.39:15032|admin:10.1.0.39:15031|client:10.1.0.39:15030|dataStream:10.1.0.39:15033|priority:0|startupRole:FOLLOWER, ff8dcbe0-085a-4b37-9405-11cf2c6e7733|rpc:10.1.0.39:15014|admin:10.1.0.39:15013|client:10.1.0.39:15012|dataStream:10.1.0.39:15015|priority:0|startupRole:FOLLOWER, 12eac62c-7669-4502-8935-23b1d5049dac|rpc:10.1.0.39:15023|admin:10.1.0.39:15022|client:10.1.0.39:15021|dataStream:10.1.0.39:15024|priority:1|startupRole:FOLLOWER]|listeners:[], old=null
2023-07-16 18:47:55,546 [grpc-default-executor-2] INFO  server.RaftServer$Division (RaftServerImpl.java:requestVote(1302)) - ff8dcbe0-085a-4b37-9405-11cf2c6e7733@group-0327FC8ECCE3: receive requestVote(ELECTION, 12eac62c-7669-4502-8935-23b1d5049dac, group-0327FC8ECCE3, 1, (t:0, i:0))
2023-07-16 18:47:55,546 [grpc-default-executor-1] INFO  impl.VoteContext (VoteContext.java:log(49)) - 0df23656-1af4-40f8-982d-5a520b8c88ee@group-0327FC8ECCE3-FOLLOWER: accept ELECTION from 12eac62c-7669-4502-8935-23b1d5049dac: our priority 0 <= candidate's priority 1
2023-07-16 18:47:55,547 [grpc-default-executor-1] INFO  server.RaftServer$Division (RaftServerImpl.java:setRole(329)) - 0df23656-1af4-40f8-982d-5a520b8c88ee@group-0327FC8ECCE3: changes role from  FOLLOWER to FOLLOWER at term 1 for candidate:12eac62c-7669-4502-8935-23b1d5049dac
2023-07-16 18:47:55,547 [grpc-default-executor-1] INFO  impl.RoleInfo (RoleInfo.java:shutdownFollowerState(110)) - 0df23656-1af4-40f8-982d-5a520b8c88ee: shutdown 0df23656-1af4-40f8-982d-5a520b8c88ee@group-0327FC8ECCE3-FollowerState
2023-07-16 18:47:55,547 [grpc-default-executor-1] INFO  impl.RoleInfo (RoleInfo.java:updateAndGet(139)) - 0df23656-1af4-40f8-982d-5a520b8c88ee: start 0df23656-1af4-40f8-982d-5a520b8c88ee@group-0327FC8ECCE3-FollowerState
2023-07-16 18:47:55,547 [0df23656-1af4-40f8-982d-5a520b8c88ee@group-0327FC8ECCE3-FollowerState] INFO  impl.FollowerState (FollowerState.java:run(152)) - 0df23656-1af4-40f8-982d-5a520b8c88ee@group-0327FC8ECCE3-FollowerState was interrupted
2023-07-16 18:47:55,546 [grpc-default-executor-2] INFO  impl.VoteContext (VoteContext.java:log(49)) - ff8dcbe0-085a-4b37-9405-11cf2c6e7733@group-0327FC8ECCE3-FOLLOWER: accept ELECTION from 12eac62c-7669-4502-8935-23b1d5049dac: our priority 0 <= candidate's priority 1
2023-07-16 18:47:55,548 [grpc-default-executor-2] INFO  server.RaftServer$Division (RaftServerImpl.java:setRole(329)) - ff8dcbe0-085a-4b37-9405-11cf2c6e7733@group-0327FC8ECCE3: changes role from  FOLLOWER to FOLLOWER at term 1 for candidate:12eac62c-7669-4502-8935-23b1d5049dac
2023-07-16 18:47:55,549 [grpc-default-executor-2] INFO  impl.RoleInfo (RoleInfo.java:shutdownFollowerState(110)) - ff8dcbe0-085a-4b37-9405-11cf2c6e7733: shutdown ff8dcbe0-085a-4b37-9405-11cf2c6e7733@group-0327FC8ECCE3-FollowerState
2023-07-16 18:47:55,549 [ff8dcbe0-085a-4b37-9405-11cf2c6e7733@group-0327FC8ECCE3-FollowerState] INFO  impl.FollowerState (FollowerState.java:run(152)) - ff8dcbe0-085a-4b37-9405-11cf2c6e7733@group-0327FC8ECCE3-FollowerState was interrupted
2023-07-16 18:47:55,549 [grpc-default-executor-2] INFO  impl.RoleInfo (RoleInfo.java:updateAndGet(139)) - ff8dcbe0-085a-4b37-9405-11cf2c6e7733: start ff8dcbe0-085a-4b37-9405-11cf2c6e7733@group-0327FC8ECCE3-FollowerState
2023-07-16 18:47:55,551 [grpc-default-executor-1] INFO  server.RaftServer$Division (RaftServerImpl.java:requestVote(1335)) - 0df23656-1af4-40f8-982d-5a520b8c88ee@group-0327FC8ECCE3 replies to ELECTION vote request: 12eac62c-7669-4502-8935-23b1d5049dac<-0df23656-1af4-40f8-982d-5a520b8c88ee#0:OK-t1. Peer's state: 0df23656-1af4-40f8-982d-5a520b8c88ee@group-0327FC8ECCE3:t1, leader=null, voted=12eac62c-7669-4502-8935-23b1d5049dac, raftlog=Memoized:0df23656-1af4-40f8-982d-5a520b8c88ee@group-0327FC8ECCE3-SegmentedRaftLog:OPENED:c-1, conf=-1: peers:[0df23656-1af4-40f8-982d-5a520b8c88ee|rpc:10.1.0.39:15032|admin:10.1.0.39:15031|client:10.1.0.39:15030|dataStream:10.1.0.39:15033|priority:0|startupRole:FOLLOWER, ff8dcbe0-085a-4b37-9405-11cf2c6e7733|rpc:10.1.0.39:15014|admin:10.1.0.39:15013|client:10.1.0.39:15012|dataStream:10.1.0.39:15015|priority:0|startupRole:FOLLOWER, 12eac62c-7669-4502-8935-23b1d5049dac|rpc:10.1.0.39:15023|admin:10.1.0.39:15022|client:10.1.0.39:15021|dataStream:10.1.0.39:15024|priority:1|startupRole:FOLLOWER]|listeners:[], old=null
2023-07-16 18:47:55,553 [grpc-default-executor-2] INFO  server.RaftServer$Division (RaftServerImpl.java:requestVote(1335)) - ff8dcbe0-085a-4b37-9405-11cf2c6e7733@group-0327FC8ECCE3 replies to ELECTION vote request: 12eac62c-7669-4502-8935-23b1d5049dac<-ff8dcbe0-085a-4b37-9405-11cf2c6e7733#0:OK-t1. Peer's state: ff8dcbe0-085a-4b37-9405-11cf2c6e7733@group-0327FC8ECCE3:t1, leader=null, voted=12eac62c-7669-4502-8935-23b1d5049dac, raftlog=Memoized:ff8dcbe0-085a-4b37-9405-11cf2c6e7733@group-0327FC8ECCE3-SegmentedRaftLog:OPENED:c-1, conf=-1: peers:[0df23656-1af4-40f8-982d-5a520b8c88ee|rpc:10.1.0.39:15032|admin:10.1.0.39:15031|client:10.1.0.39:15030|dataStream:10.1.0.39:15033|priority:0|startupRole:FOLLOWER, ff8dcbe0-085a-4b37-9405-11cf2c6e7733|rpc:10.1.0.39:15014|admin:10.1.0.39:15013|client:10.1.0.39:15012|dataStream:10.1.0.39:15015|priority:0|startupRole:FOLLOWER, 12eac62c-7669-4502-8935-23b1d5049dac|rpc:10.1.0.39:15023|admin:10.1.0.39:15022|client:10.1.0.39:15021|dataStream:10.1.0.39:15024|priority:1|startupRole:FOLLOWER]|listeners:[], old=null
2023-07-16 18:47:55,558 [12eac62c-7669-4502-8935-23b1d5049dac@group-0327FC8ECCE3-LeaderElection5] INFO  impl.LeaderElection (LeaderElection.java:logAndReturn(90)) - 12eac62c-7669-4502-8935-23b1d5049dac@group-0327FC8ECCE3-LeaderElection5: ELECTION PASSED received 1 response(s) and 0 exception(s):
2023-07-16 18:47:55,559 [12eac62c-7669-4502-8935-23b1d5049dac@group-0327FC8ECCE3-LeaderElection5] INFO  impl.LeaderElection (LeaderElection.java:logAndReturn(94)) -   Response 0: 12eac62c-7669-4502-8935-23b1d5049dac<-0df23656-1af4-40f8-982d-5a520b8c88ee#0:OK-t1
2023-07-16 18:47:55,559 [12eac62c-7669-4502-8935-23b1d5049dac@group-0327FC8ECCE3-LeaderElection5] INFO  impl.LeaderElection (LeaderElection.java:askForVotes(323)) - 12eac62c-7669-4502-8935-23b1d5049dac@group-0327FC8ECCE3-LeaderElection5 ELECTION round 0: result PASSED
2023-07-16 18:47:55,559 [12eac62c-7669-4502-8935-23b1d5049dac@group-0327FC8ECCE3-LeaderElection5] INFO  impl.RoleInfo (RoleInfo.java:shutdownLeaderElection(130)) - 12eac62c-7669-4502-8935-23b1d5049dac: shutdown 12eac62c-7669-4502-8935-23b1d5049dac@group-0327FC8ECCE3-LeaderElection5
2023-07-16 18:47:55,559 [12eac62c-7669-4502-8935-23b1d5049dac@group-0327FC8ECCE3-LeaderElection5] INFO  server.RaftServer$Division (RaftServerImpl.java:setRole(329)) - 12eac62c-7669-4502-8935-23b1d5049dac@group-0327FC8ECCE3: changes role from CANDIDATE to LEADER at term 1 for changeToLeader
2023-07-16 18:47:55,560 [12eac62c-7669-4502-8935-23b1d5049dac@group-0327FC8ECCE3-LeaderElection5] INFO  ratis.XceiverServerRatis (XceiverServerRatis.java:handleLeaderChangedNotification(902)) - Leader change notification received for group: group-0327FC8ECCE3 with new leaderId: 12eac62c-7669-4502-8935-23b1d5049dac
2023-07-16 18:47:55,560 [12eac62c-7669-4502-8935-23b1d5049dac@group-0327FC8ECCE3-LeaderElection5] INFO  server.RaftServer$Division (ServerState.java:setLeader(317)) - 12eac62c-7669-4502-8935-23b1d5049dac@group-0327FC8ECCE3: change Leader from null to 12eac62c-7669-4502-8935-23b1d5049dac at term 1 for becomeLeader, leader elected after 5506ms
2023-07-16 18:47:55,560 [12eac62c-7669-4502-8935-23b1d5049dac@group-0327FC8ECCE3-LeaderElection5] INFO  server.RaftServerConfigKeys (ConfUtils.java:logGet(46)) - raft.server.staging.catchup.gap = 1000 (default)
2023-07-16 18:47:55,560 [12eac62c-7669-4502-8935-23b1d5049dac@group-0327FC8ECCE3-LeaderElection5] INFO  server.RaftServerConfigKeys (ConfUtils.java:logGet(46)) - raft.server.write.element-limit = 1024 (custom)
2023-07-16 18:47:55,560 [12eac62c-7669-4502-8935-23b1d5049dac@group-0327FC8ECCE3-LeaderElection5] INFO  server.RaftServerConfigKeys (ConfUtils.java:logGet(46)) - raft.server.write.byte-limit = 1024 M (=1073741824) (custom)
2023-07-16 18:47:55,561 [12eac62c-7669-4502-8935-23b1d5049dac@group-0327FC8ECCE3-LeaderElection5] INFO  server.RaftServerConfigKeys (ConfUtils.java:logGet(46)) - raft.server.watch.timeout = 3000ms (custom)
2023-07-16 18:47:55,561 [12eac62c-7669-4502-8935-23b1d5049dac@group-0327FC8ECCE3-LeaderElection5] INFO  server.RaftServerConfigKeys (ConfUtils.java:logGet(46)) - raft.server.watch.timeout.denomination = 1s (default)
2023-07-16 18:47:55,561 [12eac62c-7669-4502-8935-23b1d5049dac@group-0327FC8ECCE3-LeaderElection5] INFO  server.RaftServerConfigKeys (ConfUtils.java:logGet(46)) - raft.server.watch.element-limit = 65536 (default)
2023-07-16 18:47:55,561 [12eac62c-7669-4502-8935-23b1d5049dac@group-0327FC8ECCE3-LeaderElection5] INFO  server.RaftServerConfigKeys (ConfUtils.java:logGet(46)) - raft.server.write.element-limit = 1024 (custom)
2023-07-16 18:47:55,561 [12eac62c-7669-4502-8935-23b1d5049dac@group-0327FC8ECCE3-LeaderElection5] INFO  server.RaftServerConfigKeys (ConfUtils.java:logGet(46)) - raft.server.write.follower.gap.ratio.max = -1.0 (default)
2023-07-16 18:47:55,566 [EventQueue-PipelineReportForPipelineReportHandler] INFO  pipeline.PipelineReportHandler (PipelineReportHandler.java:processPipelineReport(136)) - Opened pipeline PipelineID=7a45457c-fcb7-4323-9a96-0327fc8ecce3
2023-07-16 18:47:55,568 [EventQueue-OpenPipelineForHealthyPipelineSafeModeRule] INFO  safemode.SCMSafeModeManager (HealthyPipelineSafeModeRule.java:process(137)) - SCM in safe mode. Healthy pipelines reported count is 1, required healthy pipeline reported count is 1
2023-07-16 18:47:55,568 [EventQueue-OpenPipelineForHealthyPipelineSafeModeRule] INFO  safemode.SCMSafeModeManager (SCMSafeModeManager.java:validateSafeModeExitRules(200)) - HealthyPipelineSafeModeRule rule is successfully validated
2023-07-16 18:47:55,568 [EventQueue-OpenPipelineForHealthyPipelineSafeModeRule] INFO  safemode.SCMSafeModeManager (SCMSafeModeManager.java:validateSafeModeExitRules(215)) - ScmSafeModeManager, all rules are successfully validated
2023-07-16 18:47:55,568 [EventQueue-OpenPipelineForHealthyPipelineSafeModeRule] INFO  safemode.SCMSafeModeManager (SCMSafeModeManager.java:exitSafeMode(244)) - SCM exiting safe mode.
2023-07-16 18:47:55,568 [EventQueue-OpenPipelineForHealthyPipelineSafeModeRule] INFO  ha.SCMContext (SCMContext.java:updateSafeModeStatus(228)) - Update SafeModeStatus from SafeModeStatus{safeModeStatus=true, preCheckPassed=true} to SafeModeStatus{safeModeStatus=false, preCheckPassed=true}.
2023-07-16 18:47:55,568 [EventQueue-OpenPipelineForHealthyPipelineSafeModeRule] INFO  pipeline.BackgroundPipelineCreator (BackgroundPipelineCreator.java:notifyStatusChanged(255)) - Service BackgroundPipelineCreator transitions to RUNNING.
2023-07-16 18:47:55,568 [EventQueue-OpenPipelineForHealthyPipelineSafeModeRule] INFO  BackgroundPipelineScrubber (BackgroundSCMService.java:notifyStatusChanged(82)) - Service BackgroundPipelineScrubber transitions to RUNNING.
2023-07-16 18:47:55,568 [EventQueue-OpenPipelineForHealthyPipelineSafeModeRule] INFO  ExpiredContainerReplicaOpScrubber (BackgroundSCMService.java:notifyStatusChanged(82)) - Service ExpiredContainerReplicaOpScrubber transitions to RUNNING.
2023-07-16 18:47:55,569 [EventQueue-OpenPipelineForHealthyPipelineSafeModeRule] INFO  replication.ReplicationManager (ReplicationManager.java:notifyStatusChanged(1366)) - Service ReplicationManager transitions to RUNNING.
2023-07-16 18:47:55,574 [EventQueue-OpenPipelineForHealthyPipelineSafeModeRule] WARN  balancer.ContainerBalancer (ContainerBalancer.java:shouldRun(134)) - Could not find persisted configuration for ContainerBalancer when checking if ContainerBalancer should run. ContainerBalancer should not run now.
2023-07-16 18:47:55,586 [12eac62c-7669-4502-8935-23b1d5049dac@group-0327FC8ECCE3-LeaderElection5] INFO  server.RaftServerConfigKeys (ConfUtils.java:logGet(46)) - raft.server.log.appender.snapshot.chunk.size.max = 16MB (=16777216) (default)
2023-07-16 18:47:55,586 [12eac62c-7669-4502-8935-23b1d5049dac@group-0327FC8ECCE3-LeaderElection5] INFO  server.RaftServerConfigKeys (ConfUtils.java:logGet(46)) - raft.server.log.appender.buffer.byte-limit = 33554432 (custom)
2023-07-16 18:47:55,587 [12eac62c-7669-4502-8935-23b1d5049dac@group-0327FC8ECCE3-LeaderElection5] INFO  server.RaftServerConfigKeys (ConfUtils.java:logGet(46)) - raft.server.log.appender.buffer.element-limit = 1 (custom)
2023-07-16 18:47:55,589 [12eac62c-7669-4502-8935-23b1d5049dac@group-0327FC8ECCE3-LeaderElection5] INFO  server.RaftServerConfigKeys (ConfUtils.java:logGet(46)) - raft.server.log.appender.wait-time.min = 10ms (default)
2023-07-16 18:47:55,590 [12eac62c-7669-4502-8935-23b1d5049dac@group-0327FC8ECCE3-LeaderElection5] INFO  grpc.GrpcConfigKeys (ConfUtils.java:logGet(46)) - raft.grpc.server.leader.outstanding.appends.max = 128 (default)
2023-07-16 18:47:55,590 [12eac62c-7669-4502-8935-23b1d5049dac@group-0327FC8ECCE3-LeaderElection5] INFO  server.RaftServerConfigKeys (ConfUtils.java:logGet(46)) - raft.server.rpc.request.timeout = 3000ms (default)
2023-07-16 18:47:55,591 [12eac62c-7669-4502-8935-23b1d5049dac@group-0327FC8ECCE3-LeaderElection5] INFO  grpc.GrpcConfigKeys (ConfUtils.java:logGet(46)) - raft.grpc.server.install_snapshot.request.element-limit = 8 (default)
2023-07-16 18:47:55,591 [12eac62c-7669-4502-8935-23b1d5049dac@group-0327FC8ECCE3-LeaderElection5] INFO  grpc.GrpcConfigKeys (ConfUtils.java:logGet(46)) - raft.grpc.server.install_snapshot.request.timeout = 3000ms (default)
2023-07-16 18:47:55,591 [12eac62c-7669-4502-8935-23b1d5049dac@group-0327FC8ECCE3-LeaderElection5] INFO  server.RaftServerConfigKeys (ConfUtils.java:logGet(46)) - raft.server.log.appender.install.snapshot.enabled = false (custom)
2023-07-16 18:47:55,591 [12eac62c-7669-4502-8935-23b1d5049dac@group-0327FC8ECCE3-LeaderElection5] INFO  grpc.GrpcConfigKeys (ConfUtils.java:logGet(46)) - raft.grpc.server.heartbeat.channel = true (default)
2023-07-16 18:47:55,594 [12eac62c-7669-4502-8935-23b1d5049dac@group-0327FC8ECCE3-LeaderElection5] INFO  server.RaftServerConfigKeys (ConfUtils.java:logGet(46)) - raft.server.log.appender.snapshot.chunk.size.max = 16MB (=16777216) (default)
2023-07-16 18:47:55,594 [12eac62c-7669-4502-8935-23b1d5049dac@group-0327FC8ECCE3-LeaderElection5] INFO  server.RaftServerConfigKeys (ConfUtils.java:logGet(46)) - raft.server.log.appender.buffer.byte-limit = 33554432 (custom)
2023-07-16 18:47:55,594 [12eac62c-7669-4502-8935-23b1d5049dac@group-0327FC8ECCE3-LeaderElection5] INFO  server.RaftServerConfigKeys (ConfUtils.java:logGet(46)) - raft.server.log.appender.buffer.element-limit = 1 (custom)
2023-07-16 18:47:55,594 [12eac62c-7669-4502-8935-23b1d5049dac@group-0327FC8ECCE3-LeaderElection5] INFO  server.RaftServerConfigKeys (ConfUtils.java:logGet(46)) - raft.server.log.appender.wait-time.min = 10ms (default)
2023-07-16 18:47:55,594 [12eac62c-7669-4502-8935-23b1d5049dac@group-0327FC8ECCE3-LeaderElection5] INFO  grpc.GrpcConfigKeys (ConfUtils.java:logGet(46)) - raft.grpc.server.leader.outstanding.appends.max = 128 (default)
2023-07-16 18:47:55,594 [12eac62c-7669-4502-8935-23b1d5049dac@group-0327FC8ECCE3-LeaderElection5] INFO  server.RaftServerConfigKeys (ConfUtils.java:logGet(46)) - raft.server.rpc.request.timeout = 3000ms (default)
2023-07-16 18:47:55,594 [12eac62c-7669-4502-8935-23b1d5049dac@group-0327FC8ECCE3-LeaderElection5] INFO  grpc.GrpcConfigKeys (ConfUtils.java:logGet(46)) - raft.grpc.server.install_snapshot.request.element-limit = 8 (default)
2023-07-16 18:47:55,594 [12eac62c-7669-4502-8935-23b1d5049dac@group-0327FC8ECCE3-LeaderElection5] INFO  grpc.GrpcConfigKeys (ConfUtils.java:logGet(46)) - raft.grpc.server.install_snapshot.request.timeout = 3000ms (default)
2023-07-16 18:47:55,594 [12eac62c-7669-4502-8935-23b1d5049dac@group-0327FC8ECCE3-LeaderElection5] INFO  server.RaftServerConfigKeys (ConfUtils.java:logGet(46)) - raft.server.log.appender.install.snapshot.enabled = false (custom)
2023-07-16 18:47:55,594 [12eac62c-7669-4502-8935-23b1d5049dac@group-0327FC8ECCE3-LeaderElection5] INFO  grpc.GrpcConfigKeys (ConfUtils.java:logGet(46)) - raft.grpc.server.heartbeat.channel = true (default)
2023-07-16 18:47:55,597 [12eac62c-7669-4502-8935-23b1d5049dac@group-0327FC8ECCE3-LeaderElection5] INFO  impl.RoleInfo (RoleInfo.java:updateAndGet(139)) - 12eac62c-7669-4502-8935-23b1d5049dac: start 12eac62c-7669-4502-8935-23b1d5049dac@group-0327FC8ECCE3-LeaderStateImpl
2023-07-16 18:47:55,598 [12eac62c-7669-4502-8935-23b1d5049dac@group-0327FC8ECCE3-LeaderElection5] INFO  segmented.SegmentedRaftLogWorker (SegmentedRaftLogWorker.java:startLogSegment(447)) - 12eac62c-7669-4502-8935-23b1d5049dac@group-0327FC8ECCE3-SegmentedRaftLogWorker: Starting segment from index:0
2023-07-16 18:47:55,600 [12eac62c-7669-4502-8935-23b1d5049dac@group-0327FC8ECCE3-SegmentedRaftLogWorker] INFO  segmented.SegmentedRaftLogWorker (SegmentedRaftLogWorker.java:execute(651)) - 12eac62c-7669-4502-8935-23b1d5049dac@group-0327FC8ECCE3-SegmentedRaftLogWorker: created new log segment /home/runner/work/ozone/ozone/hadoop-ozone/integration-test/target/test-dir/MiniOzoneClusterImpl-5b665439-b9a5-4360-aef4-da1357485736/datanode-1/data/ratis/7a45457c-fcb7-4323-9a96-0327fc8ecce3/current/log_inprogress_0
2023-07-16 18:47:55,613 [12eac62c-7669-4502-8935-23b1d5049dac@group-0327FC8ECCE3-LeaderElection5] INFO  server.RaftServer$Division (ServerState.java:setRaftConf(434)) - 12eac62c-7669-4502-8935-23b1d5049dac@group-0327FC8ECCE3: set configuration 0: peers:[0df23656-1af4-40f8-982d-5a520b8c88ee|rpc:10.1.0.39:15032|admin:10.1.0.39:15031|client:10.1.0.39:15030|dataStream:10.1.0.39:15033|priority:0|startupRole:FOLLOWER, ff8dcbe0-085a-4b37-9405-11cf2c6e7733|rpc:10.1.0.39:15014|admin:10.1.0.39:15013|client:10.1.0.39:15012|dataStream:10.1.0.39:15015|priority:0|startupRole:FOLLOWER, 12eac62c-7669-4502-8935-23b1d5049dac|rpc:10.1.0.39:15023|admin:10.1.0.39:15022|client:10.1.0.39:15021|dataStream:10.1.0.39:15024|priority:1|startupRole:FOLLOWER]|listeners:[], old=null
2023-07-16 18:47:55,642 [0df23656-1af4-40f8-982d-5a520b8c88ee@group-00A09F9E151F-FollowerState] INFO  impl.FollowerState (FollowerState.java:run(143)) - 0df23656-1af4-40f8-982d-5a520b8c88ee@group-00A09F9E151F-FollowerState: change to CANDIDATE, lastRpcElapsedTime:5120113636ns, electionTimeout:5118ms
2023-07-16 18:47:55,643 [0df23656-1af4-40f8-982d-5a520b8c88ee@group-00A09F9E151F-FollowerState] INFO  impl.RoleInfo (RoleInfo.java:shutdownFollowerState(110)) - 0df23656-1af4-40f8-982d-5a520b8c88ee: shutdown 0df23656-1af4-40f8-982d-5a520b8c88ee@group-00A09F9E151F-FollowerState
2023-07-16 18:47:55,643 [0df23656-1af4-40f8-982d-5a520b8c88ee@group-00A09F9E151F-FollowerState] INFO  server.RaftServer$Division (RaftServerImpl.java:setRole(329)) - 0df23656-1af4-40f8-982d-5a520b8c88ee@group-00A09F9E151F: changes role from  FOLLOWER to CANDIDATE at term 0 for changeToCandidate
2023-07-16 18:47:55,647 [0df23656-1af4-40f8-982d-5a520b8c88ee@group-00A09F9E151F-FollowerState] INFO  server.RaftServerConfigKeys (ConfUtils.java:logGet(46)) - raft.server.leaderelection.pre-vote = true (default)
2023-07-16 18:47:55,647 [0df23656-1af4-40f8-982d-5a520b8c88ee@group-00A09F9E151F-FollowerState] INFO  impl.RoleInfo (RoleInfo.java:updateAndGet(139)) - 0df23656-1af4-40f8-982d-5a520b8c88ee: start 0df23656-1af4-40f8-982d-5a520b8c88ee@group-00A09F9E151F-LeaderElection6
2023-07-16 18:47:55,653 [0df23656-1af4-40f8-982d-5a520b8c88ee@group-00A09F9E151F-LeaderElection6] INFO  impl.LeaderElection (LeaderElection.java:askForVotes(321)) - 0df23656-1af4-40f8-982d-5a520b8c88ee@group-00A09F9E151F-LeaderElection6 PRE_VOTE round 0: submit vote requests at term 0 for -1: peers:[0df23656-1af4-40f8-982d-5a520b8c88ee|rpc:10.1.0.39:15032|admin:10.1.0.39:15031|client:10.1.0.39:15030|dataStream:10.1.0.39:15033|priority:1|startupRole:FOLLOWER]|listeners:[], old=null
2023-07-16 18:47:55,672 [0df23656-1af4-40f8-982d-5a520b8c88ee@group-00A09F9E151F-LeaderElection6] INFO  impl.LeaderElection (LeaderElection.java:askForVotes(323)) - 0df23656-1af4-40f8-982d-5a520b8c88ee@group-00A09F9E151F-LeaderElection6 PRE_VOTE round 0: result PASSED (term=0)
2023-07-16 18:47:55,674 [0df23656-1af4-40f8-982d-5a520b8c88ee@group-00A09F9E151F-LeaderElection6] INFO  impl.LeaderElection (LeaderElection.java:askForVotes(321)) - 0df23656-1af4-40f8-982d-5a520b8c88ee@group-00A09F9E151F-LeaderElection6 ELECTION round 0: submit vote requests at term 1 for -1: peers:[0df23656-1af4-40f8-982d-5a520b8c88ee|rpc:10.1.0.39:15032|admin:10.1.0.39:15031|client:10.1.0.39:15030|dataStream:10.1.0.39:15033|priority:1|startupRole:FOLLOWER]|listeners:[], old=null
2023-07-16 18:47:55,674 [0df23656-1af4-40f8-982d-5a520b8c88ee@group-00A09F9E151F-LeaderElection6] INFO  impl.LeaderElection (LeaderElection.java:askForVotes(323)) - 0df23656-1af4-40f8-982d-5a520b8c88ee@group-00A09F9E151F-LeaderElection6 ELECTION round 0: result PASSED (term=1)
2023-07-16 18:47:55,674 [0df23656-1af4-40f8-982d-5a520b8c88ee@group-00A09F9E151F-LeaderElection6] INFO  impl.RoleInfo (RoleInfo.java:shutdownLeaderElection(130)) - 0df23656-1af4-40f8-982d-5a520b8c88ee: shutdown 0df23656-1af4-40f8-982d-5a520b8c88ee@group-00A09F9E151F-LeaderElection6
2023-07-16 18:47:55,674 [0df23656-1af4-40f8-982d-5a520b8c88ee@group-00A09F9E151F-LeaderElection6] INFO  server.RaftServer$Division (RaftServerImpl.java:setRole(329)) - 0df23656-1af4-40f8-982d-5a520b8c88ee@group-00A09F9E151F: changes role from CANDIDATE to LEADER at term 1 for changeToLeader
2023-07-16 18:47:55,674 [0df23656-1af4-40f8-982d-5a520b8c88ee@group-00A09F9E151F-LeaderElection6] INFO  ratis.XceiverServerRatis (XceiverServerRatis.java:handleLeaderChangedNotification(902)) - Leader change notification received for group: group-00A09F9E151F with new leaderId: 0df23656-1af4-40f8-982d-5a520b8c88ee
2023-07-16 18:47:55,675 [0df23656-1af4-40f8-982d-5a520b8c88ee@group-00A09F9E151F-LeaderElection6] INFO  server.RaftServer$Division (ServerState.java:setLeader(317)) - 0df23656-1af4-40f8-982d-5a520b8c88ee@group-00A09F9E151F: change Leader from null to 0df23656-1af4-40f8-982d-5a520b8c88ee at term 1 for becomeLeader, leader elected after 5248ms
2023-07-16 18:47:55,675 [0df23656-1af4-40f8-982d-5a520b8c88ee@group-00A09F9E151F-LeaderElection6] INFO  server.RaftServerConfigKeys (ConfUtils.java:logGet(46)) - raft.server.staging.catchup.gap = 1000 (default)
2023-07-16 18:47:55,677 [0df23656-1af4-40f8-982d-5a520b8c88ee@group-00A09F9E151F-LeaderElection6] INFO  server.RaftServerConfigKeys (ConfUtils.java:logGet(46)) - raft.server.write.element-limit = 1024 (custom)
2023-07-16 18:47:55,677 [0df23656-1af4-40f8-982d-5a520b8c88ee@group-00A09F9E151F-LeaderElection6] INFO  server.RaftServerConfigKeys (ConfUtils.java:logGet(46)) - raft.server.write.byte-limit = 1024 M (=1073741824) (custom)
2023-07-16 18:47:55,677 [0df23656-1af4-40f8-982d-5a520b8c88ee@group-00A09F9E151F-LeaderElection6] INFO  server.RaftServerConfigKeys (ConfUtils.java:logGet(46)) - raft.server.watch.timeout = 3000ms (custom)
2023-07-16 18:47:55,677 [0df23656-1af4-40f8-982d-5a520b8c88ee@group-00A09F9E151F-LeaderElection6] INFO  server.RaftServerConfigKeys (ConfUtils.java:logGet(46)) - raft.server.watch.timeout.denomination = 1s (default)
2023-07-16 18:47:55,677 [0df23656-1af4-40f8-982d-5a520b8c88ee@group-00A09F9E151F-LeaderElection6] INFO  server.RaftServerConfigKeys (ConfUtils.java:logGet(46)) - raft.server.watch.element-limit = 65536 (default)
2023-07-16 18:47:55,678 [0df23656-1af4-40f8-982d-5a520b8c88ee@group-00A09F9E151F-LeaderElection6] INFO  server.RaftServerConfigKeys (ConfUtils.java:logGet(46)) - raft.server.write.element-limit = 1024 (custom)
2023-07-16 18:47:55,678 [0df23656-1af4-40f8-982d-5a520b8c88ee@group-00A09F9E151F-LeaderElection6] INFO  server.RaftServerConfigKeys (ConfUtils.java:logGet(46)) - raft.server.write.follower.gap.ratio.max = -1.0 (default)
2023-07-16 18:47:55,678 [0df23656-1af4-40f8-982d-5a520b8c88ee@group-00A09F9E151F-LeaderElection6] INFO  impl.RoleInfo (RoleInfo.java:updateAndGet(139)) - 0df23656-1af4-40f8-982d-5a520b8c88ee: start 0df23656-1af4-40f8-982d-5a520b8c88ee@group-00A09F9E151F-LeaderStateImpl
2023-07-16 18:47:55,678 [0df23656-1af4-40f8-982d-5a520b8c88ee@group-00A09F9E151F-LeaderElection6] INFO  segmented.SegmentedRaftLogWorker (SegmentedRaftLogWorker.java:startLogSegment(447)) - 0df23656-1af4-40f8-982d-5a520b8c88ee@group-00A09F9E151F-SegmentedRaftLogWorker: Starting segment from index:0
2023-07-16 18:47:55,678 [0df23656-1af4-40f8-982d-5a520b8c88ee-server-thread1] INFO  ratis.XceiverServerRatis (XceiverServerRatis.java:handleLeaderChangedNotification(902)) - Leader change notification received for group: group-0327FC8ECCE3 with new leaderId: 12eac62c-7669-4502-8935-23b1d5049dac
2023-07-16 18:47:55,688 [0df23656-1af4-40f8-982d-5a520b8c88ee-server-thread1] INFO  server.RaftServer$Division (ServerState.java:setLeader(317)) - 0df23656-1af4-40f8-982d-5a520b8c88ee@group-0327FC8ECCE3: change Leader from null to 12eac62c-7669-4502-8935-23b1d5049dac at term 1 for appendEntries, leader elected after 5214ms
2023-07-16 18:47:55,685 [0df23656-1af4-40f8-982d-5a520b8c88ee@group-00A09F9E151F-LeaderElection6] INFO  server.RaftServer$Division (ServerState.java:setRaftConf(434)) - 0df23656-1af4-40f8-982d-5a520b8c88ee@group-00A09F9E151F: set configuration 0: peers:[0df23656-1af4-40f8-982d-5a520b8c88ee|rpc:10.1.0.39:15032|admin:10.1.0.39:15031|client:10.1.0.39:15030|dataStream:10.1.0.39:15033|priority:1|startupRole:FOLLOWER]|listeners:[], old=null
2023-07-16 18:47:55,680 [ff8dcbe0-085a-4b37-9405-11cf2c6e7733-server-thread2] INFO  ratis.XceiverServerRatis (XceiverServerRatis.java:handleLeaderChangedNotification(902)) - Leader change notification received for group: group-0327FC8ECCE3 with new leaderId: 12eac62c-7669-4502-8935-23b1d5049dac
2023-07-16 18:47:55,690 [ff8dcbe0-085a-4b37-9405-11cf2c6e7733-server-thread2] INFO  server.RaftServer$Division (ServerState.java:setLeader(317)) - ff8dcbe0-085a-4b37-9405-11cf2c6e7733@group-0327FC8ECCE3: change Leader from null to 12eac62c-7669-4502-8935-23b1d5049dac at term 1 for appendEntries, leader elected after 6203ms
2023-07-16 18:47:55,691 [0df23656-1af4-40f8-982d-5a520b8c88ee@group-00A09F9E151F-SegmentedRaftLogWorker] INFO  segmented.SegmentedRaftLogWorker (SegmentedRaftLogWorker.java:execute(651)) - 0df23656-1af4-40f8-982d-5a520b8c88ee@group-00A09F9E151F-SegmentedRaftLogWorker: created new log segment /home/runner/work/ozone/ozone/hadoop-ozone/integration-test/target/test-dir/MiniOzoneClusterImpl-5b665439-b9a5-4360-aef4-da1357485736/datanode-2/data/ratis/bd837de2-6fcd-42f8-8c12-00a09f9e151f/current/log_inprogress_0
2023-07-16 18:47:55,715 [0df23656-1af4-40f8-982d-5a520b8c88ee-server-thread2] INFO  server.RaftServer$Division (ServerState.java:setRaftConf(434)) - 0df23656-1af4-40f8-982d-5a520b8c88ee@group-0327FC8ECCE3: set configuration 0: peers:[0df23656-1af4-40f8-982d-5a520b8c88ee|rpc:10.1.0.39:15032|admin:10.1.0.39:15031|client:10.1.0.39:15030|dataStream:10.1.0.39:15033|priority:0|startupRole:FOLLOWER, ff8dcbe0-085a-4b37-9405-11cf2c6e7733|rpc:10.1.0.39:15014|admin:10.1.0.39:15013|client:10.1.0.39:15012|dataStream:10.1.0.39:15015|priority:0|startupRole:FOLLOWER, 12eac62c-7669-4502-8935-23b1d5049dac|rpc:10.1.0.39:15023|admin:10.1.0.39:15022|client:10.1.0.39:15021|dataStream:10.1.0.39:15024|priority:1|startupRole:FOLLOWER]|listeners:[], old=null
2023-07-16 18:47:55,715 [0df23656-1af4-40f8-982d-5a520b8c88ee-server-thread2] INFO  segmented.SegmentedRaftLogWorker (SegmentedRaftLogWorker.java:startLogSegment(447)) - 0df23656-1af4-40f8-982d-5a520b8c88ee@group-0327FC8ECCE3-SegmentedRaftLogWorker: Starting segment from index:0
2023-07-16 18:47:55,716 [ff8dcbe0-085a-4b37-9405-11cf2c6e7733-server-thread1] INFO  server.RaftServer$Division (ServerState.java:setRaftConf(434)) - ff8dcbe0-085a-4b37-9405-11cf2c6e7733@group-0327FC8ECCE3: set configuration 0: peers:[0df23656-1af4-40f8-982d-5a520b8c88ee|rpc:10.1.0.39:15032|admin:10.1.0.39:15031|client:10.1.0.39:15030|dataStream:10.1.0.39:15033|priority:0|startupRole:FOLLOWER, ff8dcbe0-085a-4b37-9405-11cf2c6e7733|rpc:10.1.0.39:15014|admin:10.1.0.39:15013|client:10.1.0.39:15012|dataStream:10.1.0.39:15015|priority:0|startupRole:FOLLOWER, 12eac62c-7669-4502-8935-23b1d5049dac|rpc:10.1.0.39:15023|admin:10.1.0.39:15022|client:10.1.0.39:15021|dataStream:10.1.0.39:15024|priority:1|startupRole:FOLLOWER]|listeners:[], old=null
2023-07-16 18:47:55,718 [0df23656-1af4-40f8-982d-5a520b8c88ee@group-0327FC8ECCE3-SegmentedRaftLogWorker] INFO  segmented.SegmentedRaftLogWorker (SegmentedRaftLogWorker.java:execute(651)) - 0df23656-1af4-40f8-982d-5a520b8c88ee@group-0327FC8ECCE3-SegmentedRaftLogWorker: created new log segment /home/runner/work/ozone/ozone/hadoop-ozone/integration-test/target/test-dir/MiniOzoneClusterImpl-5b665439-b9a5-4360-aef4-da1357485736/datanode-2/data/ratis/7a45457c-fcb7-4323-9a96-0327fc8ecce3/current/log_inprogress_0
2023-07-16 18:47:55,718 [ff8dcbe0-085a-4b37-9405-11cf2c6e7733-server-thread1] INFO  segmented.SegmentedRaftLogWorker (SegmentedRaftLogWorker.java:startLogSegment(447)) - ff8dcbe0-085a-4b37-9405-11cf2c6e7733@group-0327FC8ECCE3-SegmentedRaftLogWorker: Starting segment from index:0
2023-07-16 18:47:55,721 [ff8dcbe0-085a-4b37-9405-11cf2c6e7733@group-0327FC8ECCE3-SegmentedRaftLogWorker] INFO  segmented.SegmentedRaftLogWorker (SegmentedRaftLogWorker.java:execute(651)) - ff8dcbe0-085a-4b37-9405-11cf2c6e7733@group-0327FC8ECCE3-SegmentedRaftLogWorker: created new log segment /home/runner/work/ozone/ozone/hadoop-ozone/integration-test/target/test-dir/MiniOzoneClusterImpl-5b665439-b9a5-4360-aef4-da1357485736/datanode-0/data/ratis/7a45457c-fcb7-4323-9a96-0327fc8ecce3/current/log_inprogress_0
2023-07-16 18:47:55,826 [ff8dcbe0-085a-4b37-9405-11cf2c6e7733@group-F88BF0AE4851-FollowerState] INFO  impl.FollowerState (FollowerState.java:run(143)) - ff8dcbe0-085a-4b37-9405-11cf2c6e7733@group-F88BF0AE4851-FollowerState: change to CANDIDATE, lastRpcElapsedTime:5153851630ns, electionTimeout:5140ms
2023-07-16 18:47:55,826 [ff8dcbe0-085a-4b37-9405-11cf2c6e7733@group-F88BF0AE4851-FollowerState] INFO  impl.RoleInfo (RoleInfo.java:shutdownFollowerState(110)) - ff8dcbe0-085a-4b37-9405-11cf2c6e7733: shutdown ff8dcbe0-085a-4b37-9405-11cf2c6e7733@group-F88BF0AE4851-FollowerState
2023-07-16 18:47:55,826 [ff8dcbe0-085a-4b37-9405-11cf2c6e7733@group-F88BF0AE4851-FollowerState] INFO  server.RaftServer$Division (RaftServerImpl.java:setRole(329)) - ff8dcbe0-085a-4b37-9405-11cf2c6e7733@group-F88BF0AE4851: changes role from  FOLLOWER to CANDIDATE at term 0 for changeToCandidate
2023-07-16 18:47:55,827 [ff8dcbe0-085a-4b37-9405-11cf2c6e7733@group-F88BF0AE4851-FollowerState] INFO  server.RaftServerConfigKeys (ConfUtils.java:logGet(46)) - raft.server.leaderelection.pre-vote = true (default)
2023-07-16 18:47:55,827 [ff8dcbe0-085a-4b37-9405-11cf2c6e7733@group-F88BF0AE4851-FollowerState] INFO  impl.RoleInfo (RoleInfo.java:updateAndGet(139)) - ff8dcbe0-085a-4b37-9405-11cf2c6e7733: start ff8dcbe0-085a-4b37-9405-11cf2c6e7733@group-F88BF0AE4851-LeaderElection7
2023-07-16 18:47:55,834 [ff8dcbe0-085a-4b37-9405-11cf2c6e7733@group-F88BF0AE4851-LeaderElection7] INFO  impl.LeaderElection (LeaderElection.java:askForVotes(321)) - ff8dcbe0-085a-4b37-9405-11cf2c6e7733@group-F88BF0AE4851-LeaderElection7 PRE_VOTE round 0: submit vote requests at term 0 for -1: peers:[0df23656-1af4-40f8-982d-5a520b8c88ee|rpc:10.1.0.39:15032|admin:10.1.0.39:15031|client:10.1.0.39:15030|dataStream:10.1.0.39:15033|priority:1|startupRole:FOLLOWER, ff8dcbe0-085a-4b37-9405-11cf2c6e7733|rpc:10.1.0.39:15014|admin:10.1.0.39:15013|client:10.1.0.39:15012|dataStream:10.1.0.39:15015|priority:0|startupRole:FOLLOWER, 12eac62c-7669-4502-8935-23b1d5049dac|rpc:10.1.0.39:15023|admin:10.1.0.39:15022|client:10.1.0.39:15021|dataStream:10.1.0.39:15024|priority:0|startupRole:FOLLOWER]|listeners:[], old=null
2023-07-16 18:47:55,836 [ff8dcbe0-085a-4b37-9405-11cf2c6e7733@group-F88BF0AE4851-LeaderElection7] INFO  server.RaftServerConfigKeys (ConfUtils.java:logFallback(53)) - raft.server.rpc.first-election.timeout.min = 5s (fallback to raft.server.rpc.timeout.min)
2023-07-16 18:47:55,836 [ff8dcbe0-085a-4b37-9405-11cf2c6e7733@group-F88BF0AE4851-LeaderElection7] INFO  server.RaftServerConfigKeys (ConfUtils.java:logFallback(53)) - raft.server.rpc.first-election.timeout.max = 5200ms (fallback to raft.server.rpc.timeout.max)
2023-07-16 18:47:55,838 [grpc-default-executor-2] INFO  server.RaftServer$Division (RaftServerImpl.java:requestVote(1302)) - 0df23656-1af4-40f8-982d-5a520b8c88ee@group-F88BF0AE4851: receive requestVote(PRE_VOTE, ff8dcbe0-085a-4b37-9405-11cf2c6e7733, group-F88BF0AE4851, 0, (t:0, i:0))
2023-07-16 18:47:55,839 [grpc-default-executor-2] INFO  impl.VoteContext (VoteContext.java:log(49)) - 0df23656-1af4-40f8-982d-5a520b8c88ee@group-F88BF0AE4851-FOLLOWER: reject PRE_VOTE from ff8dcbe0-085a-4b37-9405-11cf2c6e7733: our priority 1 > candidate's priority 0
2023-07-16 18:47:55,839 [grpc-default-executor-2] INFO  server.RaftServer$Division (RaftServerImpl.java:requestVote(1335)) - 0df23656-1af4-40f8-982d-5a520b8c88ee@group-F88BF0AE4851 replies to PRE_VOTE vote request: ff8dcbe0-085a-4b37-9405-11cf2c6e7733<-0df23656-1af4-40f8-982d-5a520b8c88ee#0:FAIL-t0. Peer's state: 0df23656-1af4-40f8-982d-5a520b8c88ee@group-F88BF0AE4851:t0, leader=null, voted=, raftlog=Memoized:0df23656-1af4-40f8-982d-5a520b8c88ee@group-F88BF0AE4851-SegmentedRaftLog:OPENED:c-1, conf=-1: peers:[0df23656-1af4-40f8-982d-5a520b8c88ee|rpc:10.1.0.39:15032|admin:10.1.0.39:15031|client:10.1.0.39:15030|dataStream:10.1.0.39:15033|priority:1|startupRole:FOLLOWER, ff8dcbe0-085a-4b37-9405-11cf2c6e7733|rpc:10.1.0.39:15014|admin:10.1.0.39:15013|client:10.1.0.39:15012|dataStream:10.1.0.39:15015|priority:0|startupRole:FOLLOWER, 12eac62c-7669-4502-8935-23b1d5049dac|rpc:10.1.0.39:15023|admin:10.1.0.39:15022|client:10.1.0.39:15021|dataStream:10.1.0.39:15024|priority:0|startupRole:FOLLOWER]|listeners:[], old=null
2023-07-16 18:47:55,840 [ff8dcbe0-085a-4b37-9405-11cf2c6e7733@group-F88BF0AE4851-LeaderElection7] INFO  impl.LeaderElection (LeaderElection.java:logAndReturn(90)) - ff8dcbe0-085a-4b37-9405-11cf2c6e7733@group-F88BF0AE4851-LeaderElection7: PRE_VOTE REJECTED received 1 response(s) and 0 exception(s):
2023-07-16 18:47:55,840 [ff8dcbe0-085a-4b37-9405-11cf2c6e7733@group-F88BF0AE4851-LeaderElection7] INFO  impl.LeaderElection (LeaderElection.java:logAndReturn(94)) -   Response 0: ff8dcbe0-085a-4b37-9405-11cf2c6e7733<-0df23656-1af4-40f8-982d-5a520b8c88ee#0:FAIL-t0
2023-07-16 18:47:55,840 [ff8dcbe0-085a-4b37-9405-11cf2c6e7733@group-F88BF0AE4851-LeaderElection7] INFO  impl.LeaderElection (LeaderElection.java:askForVotes(323)) - ff8dcbe0-085a-4b37-9405-11cf2c6e7733@group-F88BF0AE4851-LeaderElection7 PRE_VOTE round 0: result REJECTED
2023-07-16 18:47:55,840 [ff8dcbe0-085a-4b37-9405-11cf2c6e7733@group-F88BF0AE4851-LeaderElection7] INFO  server.RaftServer$Division (RaftServerImpl.java:setRole(329)) - ff8dcbe0-085a-4b37-9405-11cf2c6e7733@group-F88BF0AE4851: changes role from CANDIDATE to FOLLOWER at term 0 for REJECTED
2023-07-16 18:47:55,841 [ff8dcbe0-085a-4b37-9405-11cf2c6e7733@group-F88BF0AE4851-LeaderElection7] INFO  impl.RoleInfo (RoleInfo.java:shutdownLeaderElection(130)) - ff8dcbe0-085a-4b37-9405-11cf2c6e7733: shutdown ff8dcbe0-085a-4b37-9405-11cf2c6e7733@group-F88BF0AE4851-LeaderElection7
2023-07-16 18:47:55,841 [ff8dcbe0-085a-4b37-9405-11cf2c6e7733@group-F88BF0AE4851-LeaderElection7] INFO  impl.RoleInfo (RoleInfo.java:updateAndGet(139)) - ff8dcbe0-085a-4b37-9405-11cf2c6e7733: start ff8dcbe0-085a-4b37-9405-11cf2c6e7733@group-F88BF0AE4851-FollowerState
2023-07-16 18:47:55,842 [grpc-default-executor-2] INFO  server.RaftServer$Division (RaftServerImpl.java:requestVote(1302)) - 12eac62c-7669-4502-8935-23b1d5049dac@group-F88BF0AE4851: receive requestVote(PRE_VOTE, ff8dcbe0-085a-4b37-9405-11cf2c6e7733, group-F88BF0AE4851, 0, (t:0, i:0))
2023-07-16 18:47:55,844 [grpc-default-executor-2] INFO  impl.VoteContext (VoteContext.java:log(49)) - 12eac62c-7669-4502-8935-23b1d5049dac@group-F88BF0AE4851-FOLLOWER: accept PRE_VOTE from ff8dcbe0-085a-4b37-9405-11cf2c6e7733: our priority 0 <= candidate's priority 0
2023-07-16 18:47:55,844 [grpc-default-executor-2] INFO  server.RaftServer$Division (RaftServerImpl.java:requestVote(1335)) - 12eac62c-7669-4502-8935-23b1d5049dac@group-F88BF0AE4851 replies to PRE_VOTE vote request: ff8dcbe0-085a-4b37-9405-11cf2c6e7733<-12eac62c-7669-4502-8935-23b1d5049dac#0:OK-t0. Peer's state: 12eac62c-7669-4502-8935-23b1d5049dac@group-F88BF0AE4851:t0, leader=null, voted=, raftlog=Memoized:12eac62c-7669-4502-8935-23b1d5049dac@group-F88BF0AE4851-SegmentedRaftLog:OPENED:c-1, conf=-1: peers:[0df23656-1af4-40f8-982d-5a520b8c88ee|rpc:10.1.0.39:15032|admin:10.1.0.39:15031|client:10.1.0.39:15030|dataStream:10.1.0.39:15033|priority:1|startupRole:FOLLOWER, ff8dcbe0-085a-4b37-9405-11cf2c6e7733|rpc:10.1.0.39:15014|admin:10.1.0.39:15013|client:10.1.0.39:15012|dataStream:10.1.0.39:15015|priority:0|startupRole:FOLLOWER, 12eac62c-7669-4502-8935-23b1d5049dac|rpc:10.1.0.39:15023|admin:10.1.0.39:15022|client:10.1.0.39:15021|dataStream:10.1.0.39:15024|priority:0|startupRole:FOLLOWER]|listeners:[], old=null
2023-07-16 18:47:55,889 [0df23656-1af4-40f8-982d-5a520b8c88ee@group-F88BF0AE4851-FollowerState] INFO  impl.FollowerState (FollowerState.java:run(143)) - 0df23656-1af4-40f8-982d-5a520b8c88ee@group-F88BF0AE4851-FollowerState: change to CANDIDATE, lastRpcElapsedTime:5201258017ns, electionTimeout:5193ms
2023-07-16 18:47:55,890 [0df23656-1af4-40f8-982d-5a520b8c88ee@group-F88BF0AE4851-FollowerState] INFO  impl.RoleInfo (RoleInfo.java:shutdownFollowerState(110)) - 0df23656-1af4-40f8-982d-5a520b8c88ee: shutdown 0df23656-1af4-40f8-982d-5a520b8c88ee@group-F88BF0AE4851-FollowerState
2023-07-16 18:47:55,890 [0df23656-1af4-40f8-982d-5a520b8c88ee@group-F88BF0AE4851-FollowerState] INFO  server.RaftServer$Division (RaftServerImpl.java:setRole(329)) - 0df23656-1af4-40f8-982d-5a520b8c88ee@group-F88BF0AE4851: changes role from  FOLLOWER to CANDIDATE at term 0 for changeToCandidate
2023-07-16 18:47:55,890 [0df23656-1af4-40f8-982d-5a520b8c88ee@group-F88BF0AE4851-FollowerState] INFO  server.RaftServerConfigKeys (ConfUtils.java:logGet(46)) - raft.server.leaderelection.pre-vote = true (default)
2023-07-16 18:47:55,890 [0df23656-1af4-40f8-982d-5a520b8c88ee@group-F88BF0AE4851-FollowerState] INFO  impl.RoleInfo (RoleInfo.java:updateAndGet(139)) - 0df23656-1af4-40f8-982d-5a520b8c88ee: start 0df23656-1af4-40f8-982d-5a520b8c88ee@group-F88BF0AE4851-LeaderElection8
2023-07-16 18:47:55,893 [0df23656-1af4-40f8-982d-5a520b8c88ee@group-F88BF0AE4851-LeaderElection8] INFO  impl.LeaderElection (LeaderElection.java:askForVotes(321)) - 0df23656-1af4-40f8-982d-5a520b8c88ee@group-F88BF0AE4851-LeaderElection8 PRE_VOTE round 0: submit vote requests at term 0 for -1: peers:[0df23656-1af4-40f8-982d-5a520b8c88ee|rpc:10.1.0.39:15032|admin:10.1.0.39:15031|client:10.1.0.39:15030|dataStream:10.1.0.39:15033|priority:1|startupRole:FOLLOWER, ff8dcbe0-085a-4b37-9405-11cf2c6e7733|rpc:10.1.0.39:15014|admin:10.1.0.39:15013|client:10.1.0.39:15012|dataStream:10.1.0.39:15015|priority:0|startupRole:FOLLOWER, 12eac62c-7669-4502-8935-23b1d5049dac|rpc:10.1.0.39:15023|admin:10.1.0.39:15022|client:10.1.0.39:15021|dataStream:10.1.0.39:15024|priority:0|startupRole:FOLLOWER]|listeners:[], old=null
2023-07-16 18:47:55,894 [0df23656-1af4-40f8-982d-5a520b8c88ee@group-F88BF0AE4851-LeaderElection8] INFO  server.RaftServerConfigKeys (ConfUtils.java:logFallback(53)) - raft.server.rpc.first-election.timeout.min = 5s (fallback to raft.server.rpc.timeout.min)
2023-07-16 18:47:55,894 [0df23656-1af4-40f8-982d-5a520b8c88ee@group-F88BF0AE4851-LeaderElection8-1] INFO  server.GrpcServerProtocolClient (GrpcServerProtocolClient.java:<init>(65)) - Build channel for ff8dcbe0-085a-4b37-9405-11cf2c6e7733
2023-07-16 18:47:55,895 [0df23656-1af4-40f8-982d-5a520b8c88ee@group-F88BF0AE4851-LeaderElection8-2] INFO  server.GrpcServerProtocolClient (GrpcServerProtocolClient.java:<init>(65)) - Build channel for 12eac62c-7669-4502-8935-23b1d5049dac
2023-07-16 18:47:55,895 [0df23656-1af4-40f8-982d-5a520b8c88ee@group-F88BF0AE4851-LeaderElection8] INFO  server.RaftServerConfigKeys (ConfUtils.java:logFallback(53)) - raft.server.rpc.first-election.timeout.max = 5200ms (fallback to raft.server.rpc.timeout.max)
2023-07-16 18:47:55,921 [grpc-default-executor-4] INFO  server.RaftServer$Division (RaftServerImpl.java:requestVote(1302)) - 12eac62c-7669-4502-8935-23b1d5049dac@group-F88BF0AE4851: receive requestVote(PRE_VOTE, 0df23656-1af4-40f8-982d-5a520b8c88ee, group-F88BF0AE4851, 0, (t:0, i:0))
2023-07-16 18:47:55,922 [grpc-default-executor-4] INFO  impl.VoteContext (VoteContext.java:log(49)) - 12eac62c-7669-4502-8935-23b1d5049dac@group-F88BF0AE4851-FOLLOWER: accept PRE_VOTE from 0df23656-1af4-40f8-982d-5a520b8c88ee: our priority 0 <= candidate's priority 1
2023-07-16 18:47:55,922 [grpc-default-executor-4] INFO  server.RaftServer$Division (RaftServerImpl.java:requestVote(1335)) - 12eac62c-7669-4502-8935-23b1d5049dac@group-F88BF0AE4851 replies to PRE_VOTE vote request: 0df23656-1af4-40f8-982d-5a520b8c88ee<-12eac62c-7669-4502-8935-23b1d5049dac#0:OK-t0. Peer's state: 12eac62c-7669-4502-8935-23b1d5049dac@group-F88BF0AE4851:t0, leader=null, voted=, raftlog=Memoized:12eac62c-7669-4502-8935-23b1d5049dac@group-F88BF0AE4851-SegmentedRaftLog:OPENED:c-1, conf=-1: peers:[0df23656-1af4-40f8-982d-5a520b8c88ee|rpc:10.1.0.39:15032|admin:10.1.0.39:15031|client:10.1.0.39:15030|dataStream:10.1.0.39:15033|priority:1|startupRole:FOLLOWER, ff8dcbe0-085a-4b37-9405-11cf2c6e7733|rpc:10.1.0.39:15014|admin:10.1.0.39:15013|client:10.1.0.39:15012|dataStream:10.1.0.39:15015|priority:0|startupRole:FOLLOWER, 12eac62c-7669-4502-8935-23b1d5049dac|rpc:10.1.0.39:15023|admin:10.1.0.39:15022|client:10.1.0.39:15021|dataStream:10.1.0.39:15024|priority:0|startupRole:FOLLOWER]|listeners:[], old=null
2023-07-16 18:47:55,925 [grpc-default-executor-4] INFO  server.RaftServer$Division (RaftServerImpl.java:requestVote(1302)) - ff8dcbe0-085a-4b37-9405-11cf2c6e7733@group-F88BF0AE4851: receive requestVote(PRE_VOTE, 0df23656-1af4-40f8-982d-5a520b8c88ee, group-F88BF0AE4851, 0, (t:0, i:0))
2023-07-16 18:47:55,925 [grpc-default-executor-4] INFO  impl.VoteContext (VoteContext.java:log(49)) - ff8dcbe0-085a-4b37-9405-11cf2c6e7733@group-F88BF0AE4851-FOLLOWER: accept PRE_VOTE from 0df23656-1af4-40f8-982d-5a520b8c88ee: our priority 0 <= candidate's priority 1
2023-07-16 18:47:55,926 [grpc-default-executor-4] INFO  server.RaftServer$Division (RaftServerImpl.java:requestVote(1335)) - ff8dcbe0-085a-4b37-9405-11cf2c6e7733@group-F88BF0AE4851 replies to PRE_VOTE vote request: 0df23656-1af4-40f8-982d-5a520b8c88ee<-ff8dcbe0-085a-4b37-9405-11cf2c6e7733#0:OK-t0. Peer's state: ff8dcbe0-085a-4b37-9405-11cf2c6e7733@group-F88BF0AE4851:t0, leader=null, voted=, raftlog=Memoized:ff8dcbe0-085a-4b37-9405-11cf2c6e7733@group-F88BF0AE4851-SegmentedRaftLog:OPENED:c-1, conf=-1: peers:[0df23656-1af4-40f8-982d-5a520b8c88ee|rpc:10.1.0.39:15032|admin:10.1.0.39:15031|client:10.1.0.39:15030|dataStream:10.1.0.39:15033|priority:1|startupRole:FOLLOWER, ff8dcbe0-085a-4b37-9405-11cf2c6e7733|rpc:10.1.0.39:15014|admin:10.1.0.39:15013|client:10.1.0.39:15012|dataStream:10.1.0.39:15015|priority:0|startupRole:FOLLOWER, 12eac62c-7669-4502-8935-23b1d5049dac|rpc:10.1.0.39:15023|admin:10.1.0.39:15022|client:10.1.0.39:15021|dataStream:10.1.0.39:15024|priority:0|startupRole:FOLLOWER]|listeners:[], old=null
2023-07-16 18:47:55,926 [0df23656-1af4-40f8-982d-5a520b8c88ee@group-F88BF0AE4851-LeaderElection8] INFO  impl.LeaderElection (LeaderElection.java:logAndReturn(90)) - 0df23656-1af4-40f8-982d-5a520b8c88ee@group-F88BF0AE4851-LeaderElection8: PRE_VOTE PASSED received 1 response(s) and 0 exception(s):
2023-07-16 18:47:55,928 [0df23656-1af4-40f8-982d-5a520b8c88ee@group-F88BF0AE4851-LeaderElection8] INFO  impl.LeaderElection (LeaderElection.java:logAndReturn(94)) -   Response 0: 0df23656-1af4-40f8-982d-5a520b8c88ee<-12eac62c-7669-4502-8935-23b1d5049dac#0:OK-t0
2023-07-16 18:47:55,928 [0df23656-1af4-40f8-982d-5a520b8c88ee@group-F88BF0AE4851-LeaderElection8] INFO  impl.LeaderElection (LeaderElection.java:askForVotes(323)) - 0df23656-1af4-40f8-982d-5a520b8c88ee@group-F88BF0AE4851-LeaderElection8 PRE_VOTE round 0: result PASSED
2023-07-16 18:47:55,930 [0df23656-1af4-40f8-982d-5a520b8c88ee@group-F88BF0AE4851-LeaderElection8] INFO  impl.LeaderElection (LeaderElection.java:askForVotes(321)) - 0df23656-1af4-40f8-982d-5a520b8c88ee@group-F88BF0AE4851-LeaderElection8 ELECTION round 0: submit vote requests at term 1 for -1: peers:[0df23656-1af4-40f8-982d-5a520b8c88ee|rpc:10.1.0.39:15032|admin:10.1.0.39:15031|client:10.1.0.39:15030|dataStream:10.1.0.39:15033|priority:1|startupRole:FOLLOWER, ff8dcbe0-085a-4b37-9405-11cf2c6e7733|rpc:10.1.0.39:15014|admin:10.1.0.39:15013|client:10.1.0.39:15012|dataStream:10.1.0.39:15015|priority:0|startupRole:FOLLOWER, 12eac62c-7669-4502-8935-23b1d5049dac|rpc:10.1.0.39:15023|admin:10.1.0.39:15022|client:10.1.0.39:15021|dataStream:10.1.0.39:15024|priority:0|startupRole:FOLLOWER]|listeners:[], old=null
2023-07-16 18:47:55,936 [0df23656-1af4-40f8-982d-5a520b8c88ee@group-F88BF0AE4851-LeaderElection8] INFO  server.RaftServerConfigKeys (ConfUtils.java:logFallback(53)) - raft.server.rpc.first-election.timeout.min = 5s (fallback to raft.server.rpc.timeout.min)
2023-07-16 18:47:55,936 [0df23656-1af4-40f8-982d-5a520b8c88ee@group-F88BF0AE4851-LeaderElection8] INFO  server.RaftServerConfigKeys (ConfUtils.java:logFallback(53)) - raft.server.rpc.first-election.timeout.max = 5200ms (fallback to raft.server.rpc.timeout.max)
2023-07-16 18:47:55,940 [grpc-default-executor-4] INFO  server.RaftServer$Division (RaftServerImpl.java:requestVote(1302)) - ff8dcbe0-085a-4b37-9405-11cf2c6e7733@group-F88BF0AE4851: receive requestVote(ELECTION, 0df23656-1af4-40f8-982d-5a520b8c88ee, group-F88BF0AE4851, 1, (t:0, i:0))
2023-07-16 18:47:55,941 [grpc-default-executor-4] INFO  impl.VoteContext (VoteContext.java:log(49)) - ff8dcbe0-085a-4b37-9405-11cf2c6e7733@group-F88BF0AE4851-FOLLOWER: accept ELECTION from 0df23656-1af4-40f8-982d-5a520b8c88ee: our priority 0 <= candidate's priority 1
2023-07-16 18:47:55,941 [grpc-default-executor-4] INFO  server.RaftServer$Division (RaftServerImpl.java:setRole(329)) - ff8dcbe0-085a-4b37-9405-11cf2c6e7733@group-F88BF0AE4851: changes role from  FOLLOWER to FOLLOWER at term 1 for candidate:0df23656-1af4-40f8-982d-5a520b8c88ee
2023-07-16 18:47:55,941 [grpc-default-executor-4] INFO  impl.RoleInfo (RoleInfo.java:shutdownFollowerState(110)) - ff8dcbe0-085a-4b37-9405-11cf2c6e7733: shutdown ff8dcbe0-085a-4b37-9405-11cf2c6e7733@group-F88BF0AE4851-FollowerState
2023-07-16 18:47:55,941 [grpc-default-executor-4] INFO  impl.RoleInfo (RoleInfo.java:updateAndGet(139)) - ff8dcbe0-085a-4b37-9405-11cf2c6e7733: start ff8dcbe0-085a-4b37-9405-11cf2c6e7733@group-F88BF0AE4851-FollowerState
2023-07-16 18:47:55,941 [ff8dcbe0-085a-4b37-9405-11cf2c6e7733@group-F88BF0AE4851-FollowerState] INFO  impl.FollowerState (FollowerState.java:run(152)) - ff8dcbe0-085a-4b37-9405-11cf2c6e7733@group-F88BF0AE4851-FollowerState was interrupted
2023-07-16 18:47:55,944 [12eac62c-7669-4502-8935-23b1d5049dac@group-F88BF0AE4851-FollowerState] INFO  server.RaftServerConfigKeys (ConfUtils.java:logFallback(53)) - raft.server.rpc.first-election.timeout.min = 5s (fallback to raft.server.rpc.timeout.min)
2023-07-16 18:47:55,945 [12eac62c-7669-4502-8935-23b1d5049dac@group-F88BF0AE4851-FollowerState] INFO  server.RaftServerConfigKeys (ConfUtils.java:logFallback(53)) - raft.server.rpc.first-election.timeout.max = 5200ms (fallback to raft.server.rpc.timeout.max)
2023-07-16 18:47:55,947 [grpc-default-executor-4] INFO  server.RaftServer$Division (RaftServerImpl.java:requestVote(1335)) - ff8dcbe0-085a-4b37-9405-11cf2c6e7733@group-F88BF0AE4851 replies to ELECTION vote request: 0df23656-1af4-40f8-982d-5a520b8c88ee<-ff8dcbe0-085a-4b37-9405-11cf2c6e7733#0:OK-t1. Peer's state: ff8dcbe0-085a-4b37-9405-11cf2c6e7733@group-F88BF0AE4851:t1, leader=null, voted=0df23656-1af4-40f8-982d-5a520b8c88ee, raftlog=Memoized:ff8dcbe0-085a-4b37-9405-11cf2c6e7733@group-F88BF0AE4851-SegmentedRaftLog:OPENED:c-1, conf=-1: peers:[0df23656-1af4-40f8-982d-5a520b8c88ee|rpc:10.1.0.39:15032|admin:10.1.0.39:15031|client:10.1.0.39:15030|dataStream:10.1.0.39:15033|priority:1|startupRole:FOLLOWER, ff8dcbe0-085a-4b37-9405-11cf2c6e7733|rpc:10.1.0.39:15014|admin:10.1.0.39:15013|client:10.1.0.39:15012|dataStream:10.1.0.39:15015|priority:0|startupRole:FOLLOWER, 12eac62c-7669-4502-8935-23b1d5049dac|rpc:10.1.0.39:15023|admin:10.1.0.39:15022|client:10.1.0.39:15021|dataStream:10.1.0.39:15024|priority:0|startupRole:FOLLOWER]|listeners:[], old=null
2023-07-16 18:47:55,949 [0df23656-1af4-40f8-982d-5a520b8c88ee@group-F88BF0AE4851-LeaderElection8] INFO  impl.LeaderElection (LeaderElection.java:logAndReturn(90)) - 0df23656-1af4-40f8-982d-5a520b8c88ee@group-F88BF0AE4851-LeaderElection8: ELECTION PASSED received 1 response(s) and 0 exception(s):
2023-07-16 18:47:55,949 [0df23656-1af4-40f8-982d-5a520b8c88ee@group-F88BF0AE4851-LeaderElection8] INFO  impl.LeaderElection (LeaderElection.java:logAndReturn(94)) -   Response 0: 0df23656-1af4-40f8-982d-5a520b8c88ee<-ff8dcbe0-085a-4b37-9405-11cf2c6e7733#0:OK-t1
2023-07-16 18:47:55,949 [0df23656-1af4-40f8-982d-5a520b8c88ee@group-F88BF0AE4851-LeaderElection8] INFO  impl.LeaderElection (LeaderElection.java:askForVotes(323)) - 0df23656-1af4-40f8-982d-5a520b8c88ee@group-F88BF0AE4851-LeaderElection8 ELECTION round 0: result PASSED
2023-07-16 18:47:55,949 [0df23656-1af4-40f8-982d-5a520b8c88ee@group-F88BF0AE4851-LeaderElection8] INFO  impl.RoleInfo (RoleInfo.java:shutdownLeaderElection(130)) - 0df23656-1af4-40f8-982d-5a520b8c88ee: shutdown 0df23656-1af4-40f8-982d-5a520b8c88ee@group-F88BF0AE4851-LeaderElection8
2023-07-16 18:47:55,949 [0df23656-1af4-40f8-982d-5a520b8c88ee@group-F88BF0AE4851-LeaderElection8] INFO  server.RaftServer$Division (RaftServerImpl.java:setRole(329)) - 0df23656-1af4-40f8-982d-5a520b8c88ee@group-F88BF0AE4851: changes role from CANDIDATE to LEADER at term 1 for changeToLeader
2023-07-16 18:47:55,949 [0df23656-1af4-40f8-982d-5a520b8c88ee@group-F88BF0AE4851-LeaderElection8] INFO  ratis.XceiverServerRatis (XceiverServerRatis.java:handleLeaderChangedNotification(902)) - Leader change notification received for group: group-F88BF0AE4851 with new leaderId: 0df23656-1af4-40f8-982d-5a520b8c88ee
2023-07-16 18:47:55,949 [0df23656-1af4-40f8-982d-5a520b8c88ee@group-F88BF0AE4851-LeaderElection8] INFO  server.RaftServer$Division (ServerState.java:setLeader(317)) - 0df23656-1af4-40f8-982d-5a520b8c88ee@group-F88BF0AE4851: change Leader from null to 0df23656-1af4-40f8-982d-5a520b8c88ee at term 1 for becomeLeader, leader elected after 5344ms
2023-07-16 18:47:55,951 [0df23656-1af4-40f8-982d-5a520b8c88ee@group-F88BF0AE4851-LeaderElection8] INFO  server.RaftServerConfigKeys (ConfUtils.java:logGet(46)) - raft.server.staging.catchup.gap = 1000 (default)
2023-07-16 18:47:55,952 [0df23656-1af4-40f8-982d-5a520b8c88ee@group-F88BF0AE4851-LeaderElection8] INFO  server.RaftServerConfigKeys (ConfUtils.java:logGet(46)) - raft.server.write.element-limit = 1024 (custom)
2023-07-16 18:47:55,952 [0df23656-1af4-40f8-982d-5a520b8c88ee@group-F88BF0AE4851-LeaderElection8] INFO  server.RaftServerConfigKeys (ConfUtils.java:logGet(46)) - raft.server.write.byte-limit = 1024 M (=1073741824) (custom)
2023-07-16 18:47:55,952 [grpc-default-executor-4] INFO  server.RaftServer$Division (RaftServerImpl.java:requestVote(1302)) - 12eac62c-7669-4502-8935-23b1d5049dac@group-F88BF0AE4851: receive requestVote(ELECTION, 0df23656-1af4-40f8-982d-5a520b8c88ee, group-F88BF0AE4851, 1, (t:0, i:0))
2023-07-16 18:47:55,952 [grpc-default-executor-4] INFO  impl.VoteContext (VoteContext.java:log(49)) - 12eac62c-7669-4502-8935-23b1d5049dac@group-F88BF0AE4851-FOLLOWER: accept ELECTION from 0df23656-1af4-40f8-982d-5a520b8c88ee: our priority 0 <= candidate's priority 1
2023-07-16 18:47:55,952 [0df23656-1af4-40f8-982d-5a520b8c88ee@group-F88BF0AE4851-LeaderElection8] INFO  server.RaftServerConfigKeys (ConfUtils.java:logGet(46)) - raft.server.watch.timeout = 3000ms (custom)
2023-07-16 18:47:55,952 [grpc-default-executor-4] INFO  server.RaftServer$Division (RaftServerImpl.java:setRole(329)) - 12eac62c-7669-4502-8935-23b1d5049dac@group-F88BF0AE4851: changes role from  FOLLOWER to FOLLOWER at term 1 for candidate:0df23656-1af4-40f8-982d-5a520b8c88ee
2023-07-16 18:47:55,953 [grpc-default-executor-4] INFO  impl.RoleInfo (RoleInfo.java:shutdownFollowerState(110)) - 12eac62c-7669-4502-8935-23b1d5049dac: shutdown 12eac62c-7669-4502-8935-23b1d5049dac@group-F88BF0AE4851-FollowerState
2023-07-16 18:47:55,953 [grpc-default-executor-4] INFO  impl.RoleInfo (RoleInfo.java:updateAndGet(139)) - 12eac62c-7669-4502-8935-23b1d5049dac: start 12eac62c-7669-4502-8935-23b1d5049dac@group-F88BF0AE4851-FollowerState
2023-07-16 18:47:55,953 [12eac62c-7669-4502-8935-23b1d5049dac@group-F88BF0AE4851-FollowerState] INFO  impl.FollowerState (FollowerState.java:run(152)) - 12eac62c-7669-4502-8935-23b1d5049dac@group-F88BF0AE4851-FollowerState was interrupted
2023-07-16 18:47:55,953 [0df23656-1af4-40f8-982d-5a520b8c88ee@group-F88BF0AE4851-LeaderElection8] INFO  server.RaftServerConfigKeys (ConfUtils.java:logGet(46)) - raft.server.watch.timeout.denomination = 1s (default)
2023-07-16 18:47:55,953 [0df23656-1af4-40f8-982d-5a520b8c88ee@group-F88BF0AE4851-LeaderElection8] INFO  server.RaftServerConfigKeys (ConfUtils.java:logGet(46)) - raft.server.watch.element-limit = 65536 (default)
2023-07-16 18:47:55,953 [0df23656-1af4-40f8-982d-5a520b8c88ee@group-F88BF0AE4851-LeaderElection8] INFO  server.RaftServerConfigKeys (ConfUtils.java:logGet(46)) - raft.server.write.element-limit = 1024 (custom)
2023-07-16 18:47:55,953 [0df23656-1af4-40f8-982d-5a520b8c88ee@group-F88BF0AE4851-LeaderElection8] INFO  server.RaftServerConfigKeys (ConfUtils.java:logGet(46)) - raft.server.write.follower.gap.ratio.max = -1.0 (default)
2023-07-16 18:47:55,955 [0df23656-1af4-40f8-982d-5a520b8c88ee@group-F88BF0AE4851-LeaderElection8] INFO  server.RaftServerConfigKeys (ConfUtils.java:logGet(46)) - raft.server.log.appender.snapshot.chunk.size.max = 16MB (=16777216) (default)
2023-07-16 18:47:55,955 [0df23656-1af4-40f8-982d-5a520b8c88ee@group-F88BF0AE4851-LeaderElection8] INFO  server.RaftServerConfigKeys (ConfUtils.java:logGet(46)) - raft.server.log.appender.buffer.byte-limit = 33554432 (custom)
2023-07-16 18:47:55,955 [0df23656-1af4-40f8-982d-5a520b8c88ee@group-F88BF0AE4851-LeaderElection8] INFO  server.RaftServerConfigKeys (ConfUtils.java:logGet(46)) - raft.server.log.appender.buffer.element-limit = 1 (custom)
2023-07-16 18:47:55,955 [EventQueue-PipelineReportForPipelineReportHandler] INFO  pipeline.PipelineReportHandler (PipelineReportHandler.java:processPipelineReport(136)) - Opened pipeline PipelineID=c9813f36-3b9b-4c67-8c0a-f88bf0ae4851
2023-07-16 18:47:55,959 [0df23656-1af4-40f8-982d-5a520b8c88ee@group-F88BF0AE4851-LeaderElection8] INFO  server.RaftServerConfigKeys (ConfUtils.java:logGet(46)) - raft.server.log.appender.wait-time.min = 10ms (default)
2023-07-16 18:47:55,959 [0df23656-1af4-40f8-982d-5a520b8c88ee@group-F88BF0AE4851-LeaderElection8] INFO  grpc.GrpcConfigKeys (ConfUtils.java:logGet(46)) - raft.grpc.server.leader.outstanding.appends.max = 128 (default)
2023-07-16 18:47:55,963 [0df23656-1af4-40f8-982d-5a520b8c88ee@group-F88BF0AE4851-LeaderElection8] INFO  server.RaftServerConfigKeys (ConfUtils.java:logGet(46)) - raft.server.rpc.request.timeout = 3000ms (default)
2023-07-16 18:47:55,963 [grpc-default-executor-4] INFO  server.RaftServer$Division (RaftServerImpl.java:requestVote(1335)) - 12eac62c-7669-4502-8935-23b1d5049dac@group-F88BF0AE4851 replies to ELECTION vote request: 0df23656-1af4-40f8-982d-5a520b8c88ee<-12eac62c-7669-4502-8935-23b1d5049dac#0:OK-t1. Peer's state: 12eac62c-7669-4502-8935-23b1d5049dac@group-F88BF0AE4851:t1, leader=null, voted=0df23656-1af4-40f8-982d-5a520b8c88ee, raftlog=Memoized:12eac62c-7669-4502-8935-23b1d5049dac@group-F88BF0AE4851-SegmentedRaftLog:OPENED:c-1, conf=-1: peers:[0df23656-1af4-40f8-982d-5a520b8c88ee|rpc:10.1.0.39:15032|admin:10.1.0.39:15031|client:10.1.0.39:15030|dataStream:10.1.0.39:15033|priority:1|startupRole:FOLLOWER, ff8dcbe0-085a-4b37-9405-11cf2c6e7733|rpc:10.1.0.39:15014|admin:10.1.0.39:15013|client:10.1.0.39:15012|dataStream:10.1.0.39:15015|priority:0|startupRole:FOLLOWER, 12eac62c-7669-4502-8935-23b1d5049dac|rpc:10.1.0.39:15023|admin:10.1.0.39:15022|client:10.1.0.39:15021|dataStream:10.1.0.39:15024|priority:0|startupRole:FOLLOWER]|listeners:[], old=null
2023-07-16 18:47:55,963 [0df23656-1af4-40f8-982d-5a520b8c88ee@group-F88BF0AE4851-LeaderElection8] INFO  grpc.GrpcConfigKeys (ConfUtils.java:logGet(46)) - raft.grpc.server.install_snapshot.request.element-limit = 8 (default)
2023-07-16 18:47:55,963 [0df23656-1af4-40f8-982d-5a520b8c88ee@group-F88BF0AE4851-LeaderElection8] INFO  grpc.GrpcConfigKeys (ConfUtils.java:logGet(46)) - raft.grpc.server.install_snapshot.request.timeout = 3000ms (default)
2023-07-16 18:47:55,963 [0df23656-1af4-40f8-982d-5a520b8c88ee@group-F88BF0AE4851-LeaderElection8] INFO  server.RaftServerConfigKeys (ConfUtils.java:logGet(46)) - raft.server.log.appender.install.snapshot.enabled = false (custom)
2023-07-16 18:47:55,963 [0df23656-1af4-40f8-982d-5a520b8c88ee@group-F88BF0AE4851-LeaderElection8] INFO  grpc.GrpcConfigKeys (ConfUtils.java:logGet(46)) - raft.grpc.server.heartbeat.channel = true (default)
2023-07-16 18:47:55,964 [0df23656-1af4-40f8-982d-5a520b8c88ee@group-F88BF0AE4851-LeaderElection8] INFO  server.RaftServerConfigKeys (ConfUtils.java:logGet(46)) - raft.server.log.appender.snapshot.chunk.size.max = 16MB (=16777216) (default)
2023-07-16 18:47:55,964 [0df23656-1af4-40f8-982d-5a520b8c88ee@group-F88BF0AE4851-LeaderElection8] INFO  server.RaftServerConfigKeys (ConfUtils.java:logGet(46)) - raft.server.log.appender.buffer.byte-limit = 33554432 (custom)
2023-07-16 18:47:55,964 [0df23656-1af4-40f8-982d-5a520b8c88ee@group-F88BF0AE4851-LeaderElection8] INFO  server.RaftServerConfigKeys (ConfUtils.java:logGet(46)) - raft.server.log.appender.buffer.element-limit = 1 (custom)
2023-07-16 18:47:55,965 [0df23656-1af4-40f8-982d-5a520b8c88ee@group-F88BF0AE4851-LeaderElection8] INFO  server.RaftServerConfigKeys (ConfUtils.java:logGet(46)) - raft.server.log.appender.wait-time.min = 10ms (default)
2023-07-16 18:47:55,965 [0df23656-1af4-40f8-982d-5a520b8c88ee@group-F88BF0AE4851-LeaderElection8] INFO  grpc.GrpcConfigKeys (ConfUtils.java:logGet(46)) - raft.grpc.server.leader.outstanding.appends.max = 128 (default)
2023-07-16 18:47:55,965 [0df23656-1af4-40f8-982d-5a520b8c88ee@group-F88BF0AE4851-LeaderElection8] INFO  server.RaftServerConfigKeys (ConfUtils.java:logGet(46)) - raft.server.rpc.request.timeout = 3000ms (default)
2023-07-16 18:47:55,966 [0df23656-1af4-40f8-982d-5a520b8c88ee@group-F88BF0AE4851-LeaderElection8] INFO  grpc.GrpcConfigKeys (ConfUtils.java:logGet(46)) - raft.grpc.server.install_snapshot.request.element-limit = 8 (default)
2023-07-16 18:47:55,966 [0df23656-1af4-40f8-982d-5a520b8c88ee@group-F88BF0AE4851-LeaderElection8] INFO  grpc.GrpcConfigKeys (ConfUtils.java:logGet(46)) - raft.grpc.server.install_snapshot.request.timeout = 3000ms (default)
2023-07-16 18:47:55,966 [0df23656-1af4-40f8-982d-5a520b8c88ee@group-F88BF0AE4851-LeaderElection8] INFO  server.RaftServerConfigKeys (ConfUtils.java:logGet(46)) - raft.server.log.appender.install.snapshot.enabled = false (custom)
2023-07-16 18:47:55,966 [0df23656-1af4-40f8-982d-5a520b8c88ee@group-F88BF0AE4851-LeaderElection8] INFO  grpc.GrpcConfigKeys (ConfUtils.java:logGet(46)) - raft.grpc.server.heartbeat.channel = true (default)
2023-07-16 18:47:55,966 [0df23656-1af4-40f8-982d-5a520b8c88ee@group-F88BF0AE4851-LeaderElection8] INFO  impl.RoleInfo (RoleInfo.java:updateAndGet(139)) - 0df23656-1af4-40f8-982d-5a520b8c88ee: start 0df23656-1af4-40f8-982d-5a520b8c88ee@group-F88BF0AE4851-LeaderStateImpl
2023-07-16 18:47:55,966 [0df23656-1af4-40f8-982d-5a520b8c88ee@group-F88BF0AE4851-LeaderElection8] INFO  segmented.SegmentedRaftLogWorker (SegmentedRaftLogWorker.java:startLogSegment(447)) - 0df23656-1af4-40f8-982d-5a520b8c88ee@group-F88BF0AE4851-SegmentedRaftLogWorker: Starting segment from index:0
2023-07-16 18:47:55,968 [0df23656-1af4-40f8-982d-5a520b8c88ee@group-F88BF0AE4851-SegmentedRaftLogWorker] INFO  segmented.SegmentedRaftLogWorker (SegmentedRaftLogWorker.java:execute(651)) - 0df23656-1af4-40f8-982d-5a520b8c88ee@group-F88BF0AE4851-SegmentedRaftLogWorker: created new log segment /home/runner/work/ozone/ozone/hadoop-ozone/integration-test/target/test-dir/MiniOzoneClusterImpl-5b665439-b9a5-4360-aef4-da1357485736/datanode-2/data/ratis/c9813f36-3b9b-4c67-8c0a-f88bf0ae4851/current/log_inprogress_0
2023-07-16 18:47:55,988 [0df23656-1af4-40f8-982d-5a520b8c88ee@group-F88BF0AE4851-LeaderElection8] INFO  server.RaftServer$Division (ServerState.java:setRaftConf(434)) - 0df23656-1af4-40f8-982d-5a520b8c88ee@group-F88BF0AE4851: set configuration 0: peers:[0df23656-1af4-40f8-982d-5a520b8c88ee|rpc:10.1.0.39:15032|admin:10.1.0.39:15031|client:10.1.0.39:15030|dataStream:10.1.0.39:15033|priority:1|startupRole:FOLLOWER, ff8dcbe0-085a-4b37-9405-11cf2c6e7733|rpc:10.1.0.39:15014|admin:10.1.0.39:15013|client:10.1.0.39:15012|dataStream:10.1.0.39:15015|priority:0|startupRole:FOLLOWER, 12eac62c-7669-4502-8935-23b1d5049dac|rpc:10.1.0.39:15023|admin:10.1.0.39:15022|client:10.1.0.39:15021|dataStream:10.1.0.39:15024|priority:0|startupRole:FOLLOWER]|listeners:[], old=null
2023-07-16 18:47:55,998 [ff8dcbe0-085a-4b37-9405-11cf2c6e7733-server-thread1] INFO  ratis.XceiverServerRatis (XceiverServerRatis.java:handleLeaderChangedNotification(902)) - Leader change notification received for group: group-F88BF0AE4851 with new leaderId: 0df23656-1af4-40f8-982d-5a520b8c88ee
2023-07-16 18:47:55,998 [ff8dcbe0-085a-4b37-9405-11cf2c6e7733-server-thread1] INFO  server.RaftServer$Division (ServerState.java:setLeader(317)) - ff8dcbe0-085a-4b37-9405-11cf2c6e7733@group-F88BF0AE4851: change Leader from null to 0df23656-1af4-40f8-982d-5a520b8c88ee at term 1 for appendEntries, leader elected after 5364ms
2023-07-16 18:47:56,002 [ff8dcbe0-085a-4b37-9405-11cf2c6e7733-server-thread2] INFO  server.RaftServer$Division (ServerState.java:setRaftConf(434)) - ff8dcbe0-085a-4b37-9405-11cf2c6e7733@group-F88BF0AE4851: set configuration 0: peers:[0df23656-1af4-40f8-982d-5a520b8c88ee|rpc:10.1.0.39:15032|admin:10.1.0.39:15031|client:10.1.0.39:15030|dataStream:10.1.0.39:15033|priority:1|startupRole:FOLLOWER, ff8dcbe0-085a-4b37-9405-11cf2c6e7733|rpc:10.1.0.39:15014|admin:10.1.0.39:15013|client:10.1.0.39:15012|dataStream:10.1.0.39:15015|priority:0|startupRole:FOLLOWER, 12eac62c-7669-4502-8935-23b1d5049dac|rpc:10.1.0.39:15023|admin:10.1.0.39:15022|client:10.1.0.39:15021|dataStream:10.1.0.39:15024|priority:0|startupRole:FOLLOWER]|listeners:[], old=null
2023-07-16 18:47:56,003 [ff8dcbe0-085a-4b37-9405-11cf2c6e7733-server-thread2] INFO  segmented.SegmentedRaftLogWorker (SegmentedRaftLogWorker.java:startLogSegment(447)) - ff8dcbe0-085a-4b37-9405-11cf2c6e7733@group-F88BF0AE4851-SegmentedRaftLogWorker: Starting segment from index:0
2023-07-16 18:47:56,005 [ff8dcbe0-085a-4b37-9405-11cf2c6e7733@group-F88BF0AE4851-SegmentedRaftLogWorker] INFO  segmented.SegmentedRaftLogWorker (SegmentedRaftLogWorker.java:execute(651)) - ff8dcbe0-085a-4b37-9405-11cf2c6e7733@group-F88BF0AE4851-SegmentedRaftLogWorker: created new log segment /home/runner/work/ozone/ozone/hadoop-ozone/integration-test/target/test-dir/MiniOzoneClusterImpl-5b665439-b9a5-4360-aef4-da1357485736/datanode-0/data/ratis/c9813f36-3b9b-4c67-8c0a-f88bf0ae4851/current/log_inprogress_0
2023-07-16 18:47:56,005 [12eac62c-7669-4502-8935-23b1d5049dac-server-thread1] INFO  ratis.XceiverServerRatis (XceiverServerRatis.java:handleLeaderChangedNotification(902)) - Leader change notification received for group: group-F88BF0AE4851 with new leaderId: 0df23656-1af4-40f8-982d-5a520b8c88ee
2023-07-16 18:47:56,005 [12eac62c-7669-4502-8935-23b1d5049dac-server-thread1] INFO  server.RaftServer$Division (ServerState.java:setLeader(317)) - 12eac62c-7669-4502-8935-23b1d5049dac@group-F88BF0AE4851: change Leader from null to 0df23656-1af4-40f8-982d-5a520b8c88ee at term 1 for appendEntries, leader elected after 5270ms
2023-07-16 18:47:56,020 [12eac62c-7669-4502-8935-23b1d5049dac-server-thread1] INFO  server.RaftServer$Division (ServerState.java:setRaftConf(434)) - 12eac62c-7669-4502-8935-23b1d5049dac@group-F88BF0AE4851: set configuration 0: peers:[0df23656-1af4-40f8-982d-5a520b8c88ee|rpc:10.1.0.39:15032|admin:10.1.0.39:15031|client:10.1.0.39:15030|dataStream:10.1.0.39:15033|priority:1|startupRole:FOLLOWER, ff8dcbe0-085a-4b37-9405-11cf2c6e7733|rpc:10.1.0.39:15014|admin:10.1.0.39:15013|client:10.1.0.39:15012|dataStream:10.1.0.39:15015|priority:0|startupRole:FOLLOWER, 12eac62c-7669-4502-8935-23b1d5049dac|rpc:10.1.0.39:15023|admin:10.1.0.39:15022|client:10.1.0.39:15021|dataStream:10.1.0.39:15024|priority:0|startupRole:FOLLOWER]|listeners:[], old=null
2023-07-16 18:47:56,021 [12eac62c-7669-4502-8935-23b1d5049dac-server-thread1] INFO  segmented.SegmentedRaftLogWorker (SegmentedRaftLogWorker.java:startLogSegment(447)) - 12eac62c-7669-4502-8935-23b1d5049dac@group-F88BF0AE4851-SegmentedRaftLogWorker: Starting segment from index:0
2023-07-16 18:47:56,024 [12eac62c-7669-4502-8935-23b1d5049dac@group-F88BF0AE4851-SegmentedRaftLogWorker] INFO  segmented.SegmentedRaftLogWorker (SegmentedRaftLogWorker.java:execute(651)) - 12eac62c-7669-4502-8935-23b1d5049dac@group-F88BF0AE4851-SegmentedRaftLogWorker: created new log segment /home/runner/work/ozone/ozone/hadoop-ozone/integration-test/target/test-dir/MiniOzoneClusterImpl-5b665439-b9a5-4360-aef4-da1357485736/datanode-1/data/ratis/c9813f36-3b9b-4c67-8c0a-f88bf0ae4851/current/log_inprogress_0
2023-07-16 18:47:56,411 [main] INFO  ozone.MiniOzoneClusterImpl (MiniOzoneClusterImpl.java:lambda$waitForClusterToBeReady$0(224)) - Nodes are ready. Got 3 of 3 DN Heartbeats.
2023-07-16 18:47:56,411 [main] INFO  ozone.MiniOzoneClusterImpl (MiniOzoneClusterImpl.java:lambda$waitForClusterToBeReady$0(227)) - Cluster exits safe mode
2023-07-16 18:47:56,411 [main] INFO  ozone.MiniOzoneClusterImpl (MiniOzoneClusterImpl.java:lambda$waitForClusterToBeReady$0(229)) - SCM became leader
2023-07-16 18:47:57,073 [JvmPauseMonitor4] WARN  util.JvmPauseMonitor (JvmPauseMonitor.java:detectPause(124)) - JvmPauseMonitor-0df23656-1af4-40f8-982d-5a520b8c88ee: Detected pause in JVM or host machine approximately 0.103s with 0.374s GC time.
GC pool 'PS MarkSweep' had collection(s): count=1 time=305ms
GC pool 'PS Scavenge' had collection(s): count=1 time=69ms
2023-07-16 18:47:57,077 [JvmPauseMonitor0] WARN  util.JvmPauseMonitor (JvmPauseMonitor.java:detectPause(124)) - JvmPauseMonitor-5c7cd9d8-45e7-438e-a966-903e50fd0a77: Detected pause in JVM or host machine approximately 0.244s with 0.374s GC time.
GC pool 'PS MarkSweep' had collection(s): count=1 time=305ms
GC pool 'PS Scavenge' had collection(s): count=1 time=69ms
2023-07-16 18:47:57,462 [main] INFO  freon.RandomKeyGenerator (RandomKeyGenerator.java:call(315)) - Number of Threads: 1
2023-07-16 18:47:57,489 [main] INFO  freon.RandomKeyGenerator (RandomKeyGenerator.java:call(320)) - Number of Volumes: 1.
2023-07-16 18:47:57,490 [main] INFO  freon.RandomKeyGenerator (RandomKeyGenerator.java:call(321)) - Number of Buckets per Volume: 1.
2023-07-16 18:47:57,490 [main] INFO  freon.RandomKeyGenerator (RandomKeyGenerator.java:call(322)) - Number of Keys per Bucket: 1000.
2023-07-16 18:47:57,490 [main] INFO  freon.RandomKeyGenerator (RandomKeyGenerator.java:call(323)) - Key size: 0 bytes
2023-07-16 18:47:57,490 [main] INFO  freon.RandomKeyGenerator (RandomKeyGenerator.java:call(324)) - Buffer size: 4096 bytes
2023-07-16 18:47:57,492 [main] INFO  freon.RandomKeyGenerator (RandomKeyGenerator.java:call(325)) - validateWrites : true
2023-07-16 18:47:57,492 [main] INFO  freon.RandomKeyGenerator (RandomKeyGenerator.java:call(326)) - Number of Validate Threads: 1
2023-07-16 18:47:57,492 [main] INFO  freon.RandomKeyGenerator (RandomKeyGenerator.java:call(327)) - cleanObjects : false
2023-07-16 18:47:57,497 [main] INFO  freon.RandomKeyGenerator (RandomKeyGenerator.java:call(343)) - Data validation is enabled.
2023-07-16 18:47:57,499 [main] INFO  freon.RandomKeyGenerator (RandomKeyGenerator.java:call(349)) - Starting progress bar Thread.
2023-07-16 18:47:57,499 [pool-160-thread-1] INFO  rpc.RpcClient (RpcClient.java:createVolume(460)) - Creating Volume: vol-0-66711, with runner as owner and space quota set to -1 bytes, counts quota set to -1
2023-07-16 18:47:57,500 [Thread-334] INFO  freon.ProgressBar (ProgressBar.java:logProgressBar(168)) - Progress: 0.00 % (0 out of 1000)
2023-07-16 18:47:57,578 [OM StateMachine ApplyTransaction Thread - 0] INFO  volume.OMVolumeCreateRequest (OMVolumeCreateRequest.java:validateAndUpdateCache(196)) - created volume:vol-0-66711 for user:runner
2023-07-16 18:47:57,605 [pool-160-thread-1] INFO  rpc.RpcClient (RpcClient.java:createBucket(687)) - Creating Bucket: vol-0-66711/bucket-0-70145, with server-side default bucket layout, runner as owner, Versioning false, Storage Type set to DISK and Encryption set to false, Replication Type set to server-side default replication type, Namespace Quota set to -1, Space Quota set to -1 
2023-07-16 18:47:57,628 [OM StateMachine ApplyTransaction Thread - 0] INFO  bucket.OMBucketCreateRequest (OMBucketCreateRequest.java:validateAndUpdateCache(270)) - created bucket: bucket-0-70145 of layout FILE_SYSTEM_OPTIMIZED in volume: vol-0-66711
2023-07-16 18:47:57,713 [IPC Server handler 19 on default port 15001] INFO  ha.SequenceIdGenerator (SequenceIdGenerator.java:getNextId(140)) - Allocate a batch for containerId, change lastId from 0 to 1000.
2023-07-16 18:47:57,725 [IPC Server handler 19 on default port 15001] WARN  ha.SequenceIdGenerator (SequenceIdGenerator.java:allocateBatch(249)) - Failed to allocate a batch for localId, expected lastId is 0, actual lastId is 111677748019200000.
2023-07-16 18:47:57,725 [IPC Server handler 19 on default port 15001] INFO  ha.SequenceIdGenerator (SequenceIdGenerator.java:getNextId(140)) - Allocate a batch for localId, change lastId from 111677748019200000 to 111677748019201000.
2023-07-16 18:47:58,500 [Thread-334] INFO  freon.ProgressBar (ProgressBar.java:logProgressBar(168)) - Progress: 2.70 % (27 out of 1000)
2023-07-16 18:47:59,500 [Thread-334] INFO  freon.ProgressBar (ProgressBar.java:logProgressBar(168)) - Progress: 7.90 % (79 out of 1000)
2023-07-16 18:48:00,501 [Thread-334] INFO  freon.ProgressBar (ProgressBar.java:logProgressBar(168)) - Progress: 13.80 % (138 out of 1000)
2023-07-16 18:48:01,503 [Thread-334] INFO  freon.ProgressBar (ProgressBar.java:logProgressBar(168)) - Progress: 20.70 % (207 out of 1000)
2023-07-16 18:48:02,503 [Thread-334] INFO  freon.ProgressBar (ProgressBar.java:logProgressBar(168)) - Progress: 28.00 % (280 out of 1000)
2023-07-16 18:48:03,504 [Thread-334] INFO  freon.ProgressBar (ProgressBar.java:logProgressBar(168)) - Progress: 35.50 % (355 out of 1000)
2023-07-16 18:48:04,504 [Thread-334] INFO  freon.ProgressBar (ProgressBar.java:logProgressBar(168)) - Progress: 43.70 % (437 out of 1000)
2023-07-16 18:48:05,509 [Thread-334] INFO  freon.ProgressBar (ProgressBar.java:logProgressBar(168)) - Progress: 52.20 % (522 out of 1000)
2023-07-16 18:48:06,510 [Thread-334] INFO  freon.ProgressBar (ProgressBar.java:logProgressBar(168)) - Progress: 60.60 % (606 out of 1000)
2023-07-16 18:48:07,511 [Thread-334] INFO  freon.ProgressBar (ProgressBar.java:logProgressBar(168)) - Progress: 70.30 % (703 out of 1000)
2023-07-16 18:48:08,511 [Thread-334] INFO  freon.ProgressBar (ProgressBar.java:logProgressBar(168)) - Progress: 80.30 % (803 out of 1000)
2023-07-16 18:48:09,512 [Thread-334] INFO  freon.ProgressBar (ProgressBar.java:logProgressBar(168)) - Progress: 89.60 % (896 out of 1000)
2023-07-16 18:48:10,513 [Thread-334] INFO  freon.ProgressBar (ProgressBar.java:logProgressBar(168)) - Progress: 99.80 % (998 out of 1000)
2023-07-16 18:48:11,513 [Thread-334] INFO  freon.ProgressBar (ProgressBar.java:logProgressBar(168)) - Progress: 100.00 % (1000 out of 1000)
]]></system-out>
  </testcase>
  <testcase name="testDAGReconstruction" classname="org.apache.hadoop.ozone.freon.TestOMSnapshotDAG" time="27.977">
    <failure type="org.opentest4j.AssertionFailedError"><![CDATA[org.opentest4j.AssertionFailedError: expected: <[000078, 000091, 000098]> but was: <[000098]>
	at org.junit.jupiter.api.AssertionUtils.fail(AssertionUtils.java:55)
	at org.junit.jupiter.api.AssertionUtils.failNotEqual(AssertionUtils.java:62)
	at org.junit.jupiter.api.AssertEquals.assertEquals(AssertEquals.java:182)
	at org.junit.jupiter.api.AssertEquals.assertEquals(AssertEquals.java:177)
	at org.junit.jupiter.api.Assertions.assertEquals(Assertions.java:1141)
	at org.apache.hadoop.ozone.freon.TestOMSnapshotDAG.testDAGReconstruction(TestOMSnapshotDAG.java:312)
	at sun.reflect.NativeMethodAccessorImpl.invoke0(Native Method)
	at sun.reflect.NativeMethodAccessorImpl.invoke(NativeMethodAccessorImpl.java:62)
	at sun.reflect.DelegatingMethodAccessorImpl.invoke(DelegatingMethodAccessorImpl.java:43)
	at java.lang.reflect.Method.invoke(Method.java:498)
	at org.junit.platform.commons.util.ReflectionUtils.invokeMethod(ReflectionUtils.java:725)
	at org.junit.jupiter.engine.execution.MethodInvocation.proceed(MethodInvocation.java:60)
	at org.junit.jupiter.engine.execution.InvocationInterceptorChain$ValidatingInvocation.proceed(InvocationInterceptorChain.java:131)
	at org.junit.jupiter.engine.extension.TimeoutExtension.intercept(TimeoutExtension.java:149)
	at org.junit.jupiter.engine.extension.TimeoutExtension.interceptTestableMethod(TimeoutExtension.java:140)
	at org.junit.jupiter.engine.extension.TimeoutExtension.interceptTestMethod(TimeoutExtension.java:84)
	at org.junit.jupiter.engine.execution.ExecutableInvoker$ReflectiveInterceptorCall.lambda$ofVoidMethod$0(ExecutableInvoker.java:115)
	at org.junit.jupiter.engine.execution.ExecutableInvoker.lambda$invoke$0(ExecutableInvoker.java:105)
	at org.junit.jupiter.engine.execution.InvocationInterceptorChain$InterceptedInvocation.proceed(InvocationInterceptorChain.java:106)
	at org.junit.jupiter.engine.execution.InvocationInterceptorChain.proceed(InvocationInterceptorChain.java:64)
	at org.junit.jupiter.engine.execution.InvocationInterceptorChain.chainAndInvoke(InvocationInterceptorChain.java:45)
	at org.junit.jupiter.engine.execution.InvocationInterceptorChain.invoke(InvocationInterceptorChain.java:37)
	at org.junit.jupiter.engine.execution.ExecutableInvoker.invoke(ExecutableInvoker.java:104)
	at org.junit.jupiter.engine.execution.ExecutableInvoker.invoke(ExecutableInvoker.java:98)
	at org.junit.jupiter.engine.descriptor.TestMethodTestDescriptor.lambda$invokeTestMethod$7(TestMethodTestDescriptor.java:214)
	at org.junit.platform.engine.support.hierarchical.ThrowableCollector.execute(ThrowableCollector.java:73)
	at org.junit.jupiter.engine.descriptor.TestMethodTestDescriptor.invokeTestMethod(TestMethodTestDescriptor.java:210)
	at org.junit.jupiter.engine.descriptor.TestMethodTestDescriptor.execute(TestMethodTestDescriptor.java:135)
	at org.junit.jupiter.engine.descriptor.TestMethodTestDescriptor.execute(TestMethodTestDescriptor.java:66)
	at org.junit.platform.engine.support.hierarchical.NodeTestTask.lambda$executeRecursively$6(NodeTestTask.java:151)
	at org.junit.platform.engine.support.hierarchical.ThrowableCollector.execute(ThrowableCollector.java:73)
	at org.junit.platform.engine.support.hierarchical.NodeTestTask.lambda$executeRecursively$8(NodeTestTask.java:141)
	at org.junit.platform.engine.support.hierarchical.Node.around(Node.java:137)
	at org.junit.platform.engine.support.hierarchical.NodeTestTask.lambda$executeRecursively$9(NodeTestTask.java:139)
	at org.junit.platform.engine.support.hierarchical.ThrowableCollector.execute(ThrowableCollector.java:73)
	at org.junit.platform.engine.support.hierarchical.NodeTestTask.executeRecursively(NodeTestTask.java:138)
	at org.junit.platform.engine.support.hierarchical.NodeTestTask.execute(NodeTestTask.java:95)
	at java.util.ArrayList.forEach(ArrayList.java:1259)
	at org.junit.platform.engine.support.hierarchical.SameThreadHierarchicalTestExecutorService.invokeAll(SameThreadHierarchicalTestExecutorService.java:41)
	at org.junit.platform.engine.support.hierarchical.NodeTestTask.lambda$executeRecursively$6(NodeTestTask.java:155)
	at org.junit.platform.engine.support.hierarchical.ThrowableCollector.execute(ThrowableCollector.java:73)
	at org.junit.platform.engine.support.hierarchical.NodeTestTask.lambda$executeRecursively$8(NodeTestTask.java:141)
	at org.junit.platform.engine.support.hierarchical.Node.around(Node.java:137)
	at org.junit.platform.engine.support.hierarchical.NodeTestTask.lambda$executeRecursively$9(NodeTestTask.java:139)
	at org.junit.platform.engine.support.hierarchical.ThrowableCollector.execute(ThrowableCollector.java:73)
	at org.junit.platform.engine.support.hierarchical.NodeTestTask.executeRecursively(NodeTestTask.java:138)
	at org.junit.platform.engine.support.hierarchical.NodeTestTask.execute(NodeTestTask.java:95)
	at java.util.ArrayList.forEach(ArrayList.java:1259)
	at org.junit.platform.engine.support.hierarchical.SameThreadHierarchicalTestExecutorService.invokeAll(SameThreadHierarchicalTestExecutorService.java:41)
	at org.junit.platform.engine.support.hierarchical.NodeTestTask.lambda$executeRecursively$6(NodeTestTask.java:155)
	at org.junit.platform.engine.support.hierarchical.ThrowableCollector.execute(ThrowableCollector.java:73)
	at org.junit.platform.engine.support.hierarchical.NodeTestTask.lambda$executeRecursively$8(NodeTestTask.java:141)
	at org.junit.platform.engine.support.hierarchical.Node.around(Node.java:137)
	at org.junit.platform.engine.support.hierarchical.NodeTestTask.lambda$executeRecursively$9(NodeTestTask.java:139)
	at org.junit.platform.engine.support.hierarchical.ThrowableCollector.execute(ThrowableCollector.java:73)
	at org.junit.platform.engine.support.hierarchical.NodeTestTask.executeRecursively(NodeTestTask.java:138)
	at org.junit.platform.engine.support.hierarchical.NodeTestTask.execute(NodeTestTask.java:95)
	at org.junit.platform.engine.support.hierarchical.SameThreadHierarchicalTestExecutorService.submit(SameThreadHierarchicalTestExecutorService.java:35)
	at org.junit.platform.engine.support.hierarchical.HierarchicalTestExecutor.execute(HierarchicalTestExecutor.java:57)
	at org.junit.platform.engine.support.hierarchical.HierarchicalTestEngine.execute(HierarchicalTestEngine.java:54)
	at org.junit.platform.launcher.core.EngineExecutionOrchestrator.execute(EngineExecutionOrchestrator.java:107)
	at org.junit.platform.launcher.core.EngineExecutionOrchestrator.execute(EngineExecutionOrchestrator.java:88)
	at org.junit.platform.launcher.core.EngineExecutionOrchestrator.lambda$execute$0(EngineExecutionOrchestrator.java:54)
	at org.junit.platform.launcher.core.EngineExecutionOrchestrator.withInterceptedStreams(EngineExecutionOrchestrator.java:67)
	at org.junit.platform.launcher.core.EngineExecutionOrchestrator.execute(EngineExecutionOrchestrator.java:52)
	at org.junit.platform.launcher.core.DefaultLauncher.execute(DefaultLauncher.java:114)
	at org.junit.platform.launcher.core.DefaultLauncher.execute(DefaultLauncher.java:86)
	at org.junit.platform.launcher.core.DefaultLauncherSession$DelegatingLauncher.execute(DefaultLauncherSession.java:86)
	at org.junit.platform.launcher.core.SessionPerRequestLauncher.execute(SessionPerRequestLauncher.java:53)
	at org.apache.maven.surefire.junitplatform.JUnitPlatformProvider.execute(JUnitPlatformProvider.java:188)
	at org.apache.maven.surefire.junitplatform.JUnitPlatformProvider.invokeAllTests(JUnitPlatformProvider.java:154)
	at org.apache.maven.surefire.junitplatform.JUnitPlatformProvider.invoke(JUnitPlatformProvider.java:124)
	at org.apache.maven.surefire.booter.ForkedBooter.runSuitesInProcess(ForkedBooter.java:428)
	at org.apache.maven.surefire.booter.ForkedBooter.execute(ForkedBooter.java:162)
	at org.apache.maven.surefire.booter.ForkedBooter.run(ForkedBooter.java:562)
	at org.apache.maven.surefire.booter.ForkedBooter.main(ForkedBooter.java:548)
]]></failure>
    <system-out><![CDATA[2023-07-16 18:48:15,583 [main] INFO  freon.RandomKeyGenerator (RandomKeyGenerator.java:call(315)) - Number of Threads: 1
2023-07-16 18:48:15,611 [main] INFO  freon.RandomKeyGenerator (RandomKeyGenerator.java:call(320)) - Number of Volumes: 1.
2023-07-16 18:48:15,611 [main] INFO  freon.RandomKeyGenerator (RandomKeyGenerator.java:call(321)) - Number of Buckets per Volume: 1.
2023-07-16 18:48:15,611 [main] INFO  freon.RandomKeyGenerator (RandomKeyGenerator.java:call(322)) - Number of Keys per Bucket: 500.
2023-07-16 18:48:15,611 [main] INFO  freon.RandomKeyGenerator (RandomKeyGenerator.java:call(323)) - Key size: 0 bytes
2023-07-16 18:48:15,611 [main] INFO  freon.RandomKeyGenerator (RandomKeyGenerator.java:call(324)) - Buffer size: 4096 bytes
2023-07-16 18:48:15,611 [main] INFO  freon.RandomKeyGenerator (RandomKeyGenerator.java:call(325)) - validateWrites : true
2023-07-16 18:48:15,611 [main] INFO  freon.RandomKeyGenerator (RandomKeyGenerator.java:call(326)) - Number of Validate Threads: 1
2023-07-16 18:48:15,612 [main] INFO  freon.RandomKeyGenerator (RandomKeyGenerator.java:call(327)) - cleanObjects : false
2023-07-16 18:48:15,620 [main] INFO  freon.RandomKeyGenerator (RandomKeyGenerator.java:call(343)) - Data validation is enabled.
2023-07-16 18:48:15,621 [main] INFO  freon.RandomKeyGenerator (RandomKeyGenerator.java:call(349)) - Starting progress bar Thread.
2023-07-16 18:48:15,616 [pool-162-thread-1] INFO  rpc.RpcClient (RpcClient.java:createVolume(460)) - Creating Volume: vol-0-74749, with runner as owner and space quota set to -1 bytes, counts quota set to -1
2023-07-16 18:48:15,623 [Thread-386] INFO  freon.ProgressBar (ProgressBar.java:logProgressBar(168)) - Progress: 0.00 % (0 out of 500)
2023-07-16 18:48:15,629 [OM StateMachine ApplyTransaction Thread - 0] INFO  volume.OMVolumeCreateRequest (OMVolumeCreateRequest.java:validateAndUpdateCache(196)) - created volume:vol-0-74749 for user:runner
2023-07-16 18:48:15,632 [pool-162-thread-1] INFO  rpc.RpcClient (RpcClient.java:createBucket(687)) - Creating Bucket: vol-0-74749/bucket-0-47303, with server-side default bucket layout, runner as owner, Versioning false, Storage Type set to DISK and Encryption set to false, Replication Type set to server-side default replication type, Namespace Quota set to -1, Space Quota set to -1 
2023-07-16 18:48:15,634 [OM StateMachine ApplyTransaction Thread - 0] INFO  bucket.OMBucketCreateRequest (OMBucketCreateRequest.java:validateAndUpdateCache(270)) - created bucket: bucket-0-47303 of layout FILE_SYSTEM_OPTIMIZED in volume: vol-0-74749
2023-07-16 18:48:15,639 [IPC Server handler 19 on default port 15001] INFO  ha.SequenceIdGenerator (SequenceIdGenerator.java:getNextId(140)) - Allocate a batch for localId, change lastId from 111677748019201000 to 111677748019202000.
2023-07-16 18:48:16,625 [Thread-386] INFO  freon.ProgressBar (ProgressBar.java:logProgressBar(168)) - Progress: 21.20 % (106 out of 500)
2023-07-16 18:48:17,626 [Thread-386] INFO  freon.ProgressBar (ProgressBar.java:logProgressBar(168)) - Progress: 41.20 % (206 out of 500)
2023-07-16 18:48:18,626 [Thread-386] INFO  freon.ProgressBar (ProgressBar.java:logProgressBar(168)) - Progress: 65.80 % (329 out of 500)
2023-07-16 18:48:19,627 [Thread-386] INFO  freon.ProgressBar (ProgressBar.java:logProgressBar(168)) - Progress: 90.40 % (452 out of 500)
2023-07-16 18:48:20,628 [Thread-386] INFO  freon.ProgressBar (ProgressBar.java:logProgressBar(168)) - Progress: 100.00 % (500 out of 500)
2023-07-16 18:48:25,013 [OM StateMachine ApplyTransaction Thread - 0] INFO  snapshot.OMSnapshotCreateRequest (OMSnapshotCreateRequest.java:validateAndUpdateCache(193)) - Created snapshot: 'snap1' with snapshotId: '5a9327fe-7bab-4836-bdb6-9f1337dc7f9f' under path 'vol-0-66711/bucket-0-70145'
2023-07-16 18:48:25,069 [OMDoubleBufferFlushThread] INFO  db.RDBCheckpointManager (RDBCheckpointManager.java:createCheckpoint(89)) - Created checkpoint in rocksDB at /home/runner/work/ozone/ozone/hadoop-ozone/integration-test/target/test-dir/MiniOzoneClusterImpl-5b665439-b9a5-4360-aef4-da1357485736/ozone-meta/db.snapshots/checkpointState/om.db-5a9327fe-7bab-4836-bdb6-9f1337dc7f9f in 54 milliseconds
2023-07-16 18:48:25,138 [OMDoubleBufferFlushThread] INFO  db.RDBCheckpointUtils (RDBCheckpointUtils.java:waitForCheckpointDirectoryExist(59)) - Waited for 67 milliseconds for checkpoint directory /home/runner/work/ozone/ozone/hadoop-ozone/integration-test/target/test-dir/MiniOzoneClusterImpl-5b665439-b9a5-4360-aef4-da1357485736/ozone-meta/db.snapshots/checkpointState/om.db-5a9327fe-7bab-4836-bdb6-9f1337dc7f9f availability.
2023-07-16 18:48:25,420 [OMDoubleBufferFlushThread] WARN  om.OmSnapshotManager (OmSnapshotManager.java:findEndKeyGivenPrefix(593)) - Took 274420873 ns to find endKey. Caller is deleteKeysFromDelKeyTableInSnapshotScope
2023-07-16 18:48:25,422 [OMDoubleBufferFlushThread] INFO  om.OmSnapshotManager (OmSnapshotManager.java:createOmSnapshotCheckpoint(463)) - Created checkpoint : /home/runner/work/ozone/ozone/hadoop-ozone/integration-test/target/test-dir/MiniOzoneClusterImpl-5b665439-b9a5-4360-aef4-da1357485736/ozone-meta/db.snapshots/checkpointState/om.db-5a9327fe-7bab-4836-bdb6-9f1337dc7f9f for snapshot snap1
2023-07-16 18:48:28,599 [IPC Server handler 19 on default port 15001] INFO  ha.SequenceIdGenerator (SequenceIdGenerator.java:getNextId(140)) - Allocate a batch for localId, change lastId from 111677748019202000 to 111677748019203000.
2023-07-16 18:48:32,278 [om1-client-thread1] INFO  segmented.SegmentedRaftLogWorker (SegmentedRaftLogWorker.java:rollLogSegment(452)) - om1@group-C5BA1605619E-SegmentedRaftLogWorker: Rolling segment log-0_10122 to index:10122
2023-07-16 18:48:32,280 [om1@group-C5BA1605619E-SegmentedRaftLogWorker] INFO  segmented.SegmentedRaftLogWorker (SegmentedRaftLogWorker.java:execute(608)) - om1@group-C5BA1605619E-SegmentedRaftLogWorker: Rolled log segment from /home/runner/work/ozone/ozone/hadoop-ozone/integration-test/target/test-dir/MiniOzoneClusterImpl-5b665439-b9a5-4360-aef4-da1357485736/ozone-meta/ratis/bf265839-605b-3f16-9796-c5ba1605619e/current/log_inprogress_0 to /home/runner/work/ozone/ozone/hadoop-ozone/integration-test/target/test-dir/MiniOzoneClusterImpl-5b665439-b9a5-4360-aef4-da1357485736/ozone-meta/ratis/bf265839-605b-3f16-9796-c5ba1605619e/current/log_0-10122
2023-07-16 18:48:32,293 [om1@group-C5BA1605619E-SegmentedRaftLogWorker] INFO  segmented.SegmentedRaftLogWorker (SegmentedRaftLogWorker.java:execute(651)) - om1@group-C5BA1605619E-SegmentedRaftLogWorker: created new log segment /home/runner/work/ozone/ozone/hadoop-ozone/integration-test/target/test-dir/MiniOzoneClusterImpl-5b665439-b9a5-4360-aef4-da1357485736/ozone-meta/ratis/bf265839-605b-3f16-9796-c5ba1605619e/current/log_inprogress_10123
2023-07-16 18:48:35,111 [IPC Server handler 19 on default port 15001] INFO  ha.SequenceIdGenerator (SequenceIdGenerator.java:getNextId(140)) - Allocate a batch for localId, change lastId from 111677748019203000 to 111677748019204000.
2023-07-16 18:48:38,190 [OM StateMachine ApplyTransaction Thread - 0] INFO  snapshot.OMSnapshotCreateRequest (OMSnapshotCreateRequest.java:validateAndUpdateCache(193)) - Created snapshot: 'snap2' with snapshotId: '3fda00c6-80f5-4259-8a32-1d9f37fbcb53' under path 'vol-0-66711/bucket-0-70145'
2023-07-16 18:48:38,191 [main] INFO  snapshot.SnapshotCache (SnapshotCache.java:lambda$1(166)) - Loading snapshot. Table key: /vol-0-66711/bucket-0-70145/snap1
2023-07-16 18:48:38,201 [main] WARN  server.ServerUtils (ServerUtils.java:getDBPath(311)) - ozone.om.db.dirs is not configured. We recommend adding this setting. Falling back to ozone.metadata.dirs instead.
2023-07-16 18:48:38,203 [main] INFO  helpers.OmKeyInfo (OmKeyInfo.java:getCodec(71)) - OmKeyInfo.getCodec ignorePipeline = true
2023-07-16 18:48:38,233 [OMDoubleBufferFlushThread] INFO  db.RDBCheckpointManager (RDBCheckpointManager.java:createCheckpoint(89)) - Created checkpoint in rocksDB at /home/runner/work/ozone/ozone/hadoop-ozone/integration-test/target/test-dir/MiniOzoneClusterImpl-5b665439-b9a5-4360-aef4-da1357485736/ozone-meta/db.snapshots/checkpointState/om.db-3fda00c6-80f5-4259-8a32-1d9f37fbcb53 in 39 milliseconds
2023-07-16 18:48:38,236 [OMDoubleBufferFlushThread] INFO  db.RDBCheckpointUtils (RDBCheckpointUtils.java:waitForCheckpointDirectoryExist(59)) - Waited for 3 milliseconds for checkpoint directory /home/runner/work/ozone/ozone/hadoop-ozone/integration-test/target/test-dir/MiniOzoneClusterImpl-5b665439-b9a5-4360-aef4-da1357485736/ozone-meta/db.snapshots/checkpointState/om.db-3fda00c6-80f5-4259-8a32-1d9f37fbcb53 availability.
2023-07-16 18:48:38,292 [OMDoubleBufferFlushThread] WARN  om.OmSnapshotManager (OmSnapshotManager.java:findEndKeyGivenPrefix(593)) - Took 55263322 ns to find endKey. Caller is deleteKeysFromDelKeyTableInSnapshotScope
2023-07-16 18:48:38,294 [OMDoubleBufferFlushThread] INFO  om.OmSnapshotManager (OmSnapshotManager.java:createOmSnapshotCheckpoint(463)) - Created checkpoint : /home/runner/work/ozone/ozone/hadoop-ozone/integration-test/target/test-dir/MiniOzoneClusterImpl-5b665439-b9a5-4360-aef4-da1357485736/ozone-meta/db.snapshots/checkpointState/om.db-3fda00c6-80f5-4259-8a32-1d9f37fbcb53 for snapshot snap2
2023-07-16 18:48:38,381 [main] INFO  audit.AuditLogger (AuditLogger.java:refreshDebugCmdSet(126)) - Refresh DebugCmdSet for OMAudit to [].
2023-07-16 18:48:38,390 [main] INFO  snapshot.SnapshotCache (SnapshotCache.java:lambda$1(166)) - Loading snapshot. Table key: /vol-0-66711/bucket-0-70145/snap2
2023-07-16 18:48:38,390 [main] WARN  server.ServerUtils (ServerUtils.java:getDBPath(311)) - ozone.om.db.dirs is not configured. We recommend adding this setting. Falling back to ozone.metadata.dirs instead.
2023-07-16 18:48:38,391 [main] INFO  helpers.OmKeyInfo (OmKeyInfo.java:getCodec(71)) - OmKeyInfo.getCodec ignorePipeline = true
2023-07-16 18:48:38,452 [main] WARN  server.ServerUtils (ServerUtils.java:getDBPath(311)) - ozone.om.db.dirs is not configured. We recommend adding this setting. Falling back to ozone.metadata.dirs instead.
2023-07-16 18:48:38,453 [main] WARN  server.ServerUtils (ServerUtils.java:getDBPath(311)) - ozone.om.db.dirs is not configured. We recommend adding this setting. Falling back to ozone.metadata.dirs instead.
2023-07-16 18:48:41,025 [SstFilteringService#0] WARN  server.ServerUtils (ServerUtils.java:getDBPath(311)) - ozone.om.db.dirs is not configured. We recommend adding this setting. Falling back to ozone.metadata.dirs instead.
2023-07-16 18:48:41,025 [SstFilteringService#0] INFO  snapshot.SnapshotCache (SnapshotCache.java:lambda$1(166)) - Loading snapshot. Table key: /vol-0-66711/bucket-0-70145/snap1
2023-07-16 18:48:41,032 [SstFilteringService#0] WARN  server.ServerUtils (ServerUtils.java:getDBPath(311)) - ozone.om.db.dirs is not configured. We recommend adding this setting. Falling back to ozone.metadata.dirs instead.
2023-07-16 18:48:41,033 [SstFilteringService#0] INFO  snapshot.SnapshotCache (SnapshotCache.java:lambda$1(166)) - Loading snapshot. Table key: /vol-0-66711/bucket-0-70145/snap2
2023-07-16 18:48:41,036 [SstFilteringService#0] INFO  db.RocksDatabase (RocksDatabase.java:deleteFilesNotMatchingPrefix(986)) - Deleting sst file /000092.sst corresponding to column family fileTable from db: /home/runner/work/ozone/ozone/hadoop-ozone/integration-test/target/test-dir/MiniOzoneClusterImpl-5b665439-b9a5-4360-aef4-da1357485736/ozone-meta/db.snapshots/checkpointState/om.db-3fda00c6-80f5-4259-8a32-1d9f37fbcb53
2023-07-16 18:48:41,055 [SstFilteringService#0] INFO  managed.ManagedRocksObjectUtils (ManagedRocksObjectUtils.java:waitForFileDelete(95)) - Waited for 14 milliseconds for file /home/runner/work/ozone/ozone/hadoop-ozone/integration-test/target/test-dir/MiniOzoneClusterImpl-5b665439-b9a5-4360-aef4-da1357485736/ozone-meta/db.snapshots/checkpointState/om.db-3fda00c6-80f5-4259-8a32-1d9f37fbcb53/000092.sst deletion.
2023-07-16 18:48:41,135 [OM StateMachine ApplyTransaction Thread - 0] INFO  snapshot.OMSnapshotCreateRequest (OMSnapshotCreateRequest.java:validateAndUpdateCache(193)) - Created snapshot: 'snap3' with snapshotId: '047d7966-caa2-42ff-a98b-53753bf4548a' under path 'vol-0-66711/bucket-0-70145'
2023-07-16 18:48:41,136 [main] INFO  snapshot.SnapshotCache (SnapshotCache.java:lambda$1(166)) - Loading snapshot. Table key: /vol-0-66711/bucket-0-70145/snap3
2023-07-16 18:48:41,137 [main] WARN  server.ServerUtils (ServerUtils.java:getDBPath(311)) - ozone.om.db.dirs is not configured. We recommend adding this setting. Falling back to ozone.metadata.dirs instead.
2023-07-16 18:48:41,145 [IPC Server handler 16 on default port 15001] INFO  ha.SequenceIdGenerator (SequenceIdGenerator.java:getNextId(140)) - Allocate a batch for delTxnId, change lastId from 0 to 1000.
2023-07-16 18:48:41,205 [KeyDeletingService#0] INFO  snapshot.SnapshotCache (SnapshotCache.java:lambda$1(166)) - Loading snapshot. Table key: /vol-0-66711/bucket-0-70145/snap1
2023-07-16 18:48:41,238 [OMDoubleBufferFlushThread] INFO  db.RDBCheckpointManager (RDBCheckpointManager.java:createCheckpoint(89)) - Created checkpoint in rocksDB at /home/runner/work/ozone/ozone/hadoop-ozone/integration-test/target/test-dir/MiniOzoneClusterImpl-5b665439-b9a5-4360-aef4-da1357485736/ozone-meta/db.snapshots/checkpointState/om.db-047d7966-caa2-42ff-a98b-53753bf4548a in 33 milliseconds
2023-07-16 18:48:41,243 [OMDoubleBufferFlushThread] INFO  db.RDBCheckpointUtils (RDBCheckpointUtils.java:waitForCheckpointDirectoryExist(59)) - Waited for 5 milliseconds for checkpoint directory /home/runner/work/ozone/ozone/hadoop-ozone/integration-test/target/test-dir/MiniOzoneClusterImpl-5b665439-b9a5-4360-aef4-da1357485736/ozone-meta/db.snapshots/checkpointState/om.db-047d7966-caa2-42ff-a98b-53753bf4548a availability.
2023-07-16 18:48:41,243 [main] INFO  db.RDBCheckpointUtils (RDBCheckpointUtils.java:waitForCheckpointDirectoryExist(59)) - Waited for 106 milliseconds for checkpoint directory /home/runner/work/ozone/ozone/hadoop-ozone/integration-test/target/test-dir/MiniOzoneClusterImpl-5b665439-b9a5-4360-aef4-da1357485736/ozone-meta/db.snapshots/checkpointState/om.db-047d7966-caa2-42ff-a98b-53753bf4548a availability.
2023-07-16 18:48:41,257 [main] INFO  helpers.OmKeyInfo (OmKeyInfo.java:getCodec(71)) - OmKeyInfo.getCodec ignorePipeline = true
2023-07-16 18:48:41,281 [OMDoubleBufferFlushThread] WARN  om.OmSnapshotManager (OmSnapshotManager.java:findEndKeyGivenPrefix(593)) - Took 24564706 ns to find endKey. Caller is deleteKeysFromDelKeyTableInSnapshotScope
2023-07-16 18:48:41,283 [OMDoubleBufferFlushThread] INFO  om.OmSnapshotManager (OmSnapshotManager.java:createOmSnapshotCheckpoint(463)) - Created checkpoint : /home/runner/work/ozone/ozone/hadoop-ozone/integration-test/target/test-dir/MiniOzoneClusterImpl-5b665439-b9a5-4360-aef4-da1357485736/ozone-meta/db.snapshots/checkpointState/om.db-047d7966-caa2-42ff-a98b-53753bf4548a for snapshot snap3
2023-07-16 18:48:41,393 [main] WARN  server.ServerUtils (ServerUtils.java:getDBPath(311)) - ozone.om.db.dirs is not configured. We recommend adding this setting. Falling back to ozone.metadata.dirs instead.
2023-07-16 18:48:41,407 [main] INFO  om.OzoneManager (OzoneManager.java:stop(2196)) - om1[localhost:15004]: Stopping Ozone Manager
2023-07-16 18:48:41,421 [main] INFO  ipc.Server (Server.java:stop(3523)) - Stopping server on 15004
2023-07-16 18:48:41,439 [IPC Server Responder] INFO  ipc.Server (Server.java:run(1567)) - Stopping IPC Server Responder
2023-07-16 18:48:41,439 [IPC Server listener on 15004] INFO  ipc.Server (Server.java:run(1434)) - Stopping IPC Server listener on 15004
2023-07-16 18:48:41,441 [main] INFO  server.RaftServer (RaftServerProxy.java:lambda$close$6(416)) - om1: close
2023-07-16 18:48:41,453 [main] INFO  server.GrpcService (GrpcService.java:closeImpl(311)) - om1: shutdown server GrpcServerProtocolService now
2023-07-16 18:48:41,467 [om1-impl-thread2] INFO  server.RaftServer$Division (RaftServerImpl.java:lambda$close$4(466)) - om1@group-C5BA1605619E: shutdown
2023-07-16 18:48:41,467 [om1-impl-thread2] INFO  util.JmxRegister (JmxRegister.java:unregister(73)) - Successfully un-registered JMX Bean with object name Ratis:service=RaftServer,group=group-C5BA1605619E,id=om1
2023-07-16 18:48:41,467 [om1-impl-thread2] INFO  impl.RoleInfo (RoleInfo.java:shutdownLeaderState(93)) - om1: shutdown om1@group-C5BA1605619E-LeaderStateImpl
2023-07-16 18:48:41,468 [om1-impl-thread2] INFO  impl.PendingRequests (PendingRequests.java:sendNotLeaderResponses(289)) - om1@group-C5BA1605619E-PendingRequests: sendNotLeaderResponses
2023-07-16 18:48:41,481 [main] INFO  server.GrpcService (GrpcService.java:closeImpl(320)) - om1: shutdown server GrpcServerProtocolService successfully
2023-07-16 18:48:41,490 [KeyDeletingService#0] ERROR utils.BackgroundService (AbstractKeyDeletingService.java:submitPurgeKeysRequest(243)) - PurgeKey request failed. Will retry at next run.
2023-07-16 18:48:41,490 [KeyDeletingService#0] INFO  snapshot.SnapshotCache (SnapshotCache.java:lambda$1(166)) - Loading snapshot. Table key: /vol-0-66711/bucket-0-70145/snap2
2023-07-16 18:48:41,490 [KeyDeletingService#0] INFO  snapshot.SnapshotCache (SnapshotCache.java:lambda$1(166)) - Loading snapshot. Table key: /vol-0-66711/bucket-0-70145/snap1
2023-07-16 18:48:41,495 [om1-impl-thread2] INFO  impl.StateMachineUpdater (StateMachineUpdater.java:stopAndJoin(155)) - om1@group-C5BA1605619E-StateMachineUpdater: set stopIndex = 16016
2023-07-16 18:48:41,495 [om1@group-C5BA1605619E-StateMachineUpdater] INFO  ratis.OzoneManagerStateMachine (OzoneManagerStateMachine.java:takeSnapshot(479)) - Current Snapshot Index (t:1, i:16016)
2023-07-16 18:48:41,507 [Thread-877] INFO  rocksdiff.RocksDBCheckpointDiffer (RocksDBCheckpointDiffer.java:onCompactionCompleted(534)) - Skipped the compaction entry. Compaction input files: [/home/runner/work/ozone/ozone/hadoop-ozone/integration-test/target/test-dir/MiniOzoneClusterImpl-5b665439-b9a5-4360-aef4-da1357485736/ozone-meta/om.db/000109.sst, /home/runner/work/ozone/ozone/hadoop-ozone/integration-test/target/test-dir/MiniOzoneClusterImpl-5b665439-b9a5-4360-aef4-da1357485736/ozone-meta/om.db/000104.sst, /home/runner/work/ozone/ozone/hadoop-ozone/integration-test/target/test-dir/MiniOzoneClusterImpl-5b665439-b9a5-4360-aef4-da1357485736/ozone-meta/om.db/000097.sst, /home/runner/work/ozone/ozone/hadoop-ozone/integration-test/target/test-dir/MiniOzoneClusterImpl-5b665439-b9a5-4360-aef4-da1357485736/ozone-meta/om.db/000066.sst] and output files: [/home/runner/work/ozone/ozone/hadoop-ozone/integration-test/target/test-dir/MiniOzoneClusterImpl-5b665439-b9a5-4360-aef4-da1357485736/ozone-meta/om.db/000109.sst, /home/runner/work/ozone/ozone/hadoop-ozone/integration-test/target/test-dir/MiniOzoneClusterImpl-5b665439-b9a5-4360-aef4-da1357485736/ozone-meta/om.db/000104.sst, /home/runner/work/ozone/ozone/hadoop-ozone/integration-test/target/test-dir/MiniOzoneClusterImpl-5b665439-b9a5-4360-aef4-da1357485736/ozone-meta/om.db/000097.sst, /home/runner/work/ozone/ozone/hadoop-ozone/integration-test/target/test-dir/MiniOzoneClusterImpl-5b665439-b9a5-4360-aef4-da1357485736/ozone-meta/om.db/000066.sst] are same.
2023-07-16 18:48:41,510 [om1@group-C5BA1605619E-StateMachineUpdater] INFO  impl.StateMachineUpdater (StateMachineUpdater.java:takeSnapshot(291)) - om1@group-C5BA1605619E-StateMachineUpdater: Took a snapshot at index 16016
2023-07-16 18:48:41,511 [om1@group-C5BA1605619E-StateMachineUpdater] INFO  impl.StateMachineUpdater (StateMachineUpdater.java:lambda$new$0(97)) - om1@group-C5BA1605619E-StateMachineUpdater: snapshotIndex: updateIncreasingly -1 -> 16016
2023-07-16 18:48:41,511 [om1@group-C5BA1605619E-StateMachineUpdater] INFO  ratis.OzoneManagerStateMachine (OzoneManagerStateMachine.java:close(533)) - StateMachine has shutdown. Shutdown OzoneManager if not already shutdown.
2023-07-16 18:48:41,512 [om1@group-C5BA1605619E-StateMachineUpdater] INFO  ratis.OzoneManagerDoubleBuffer (OzoneManagerDoubleBuffer.java:stopDaemon(551)) - Stopping OMDoubleBuffer flush thread
2023-07-16 18:48:41,512 [OMDoubleBufferFlushThread] INFO  ratis.OzoneManagerDoubleBuffer (OzoneManagerDoubleBuffer.java:canFlush(638)) - OMDoubleBuffer flush thread OMDoubleBufferFlushThread is interrupted and will exit.
2023-07-16 18:48:41,514 [om1-impl-thread2] INFO  server.RaftServer$Division (ServerState.java:close(472)) - om1@group-C5BA1605619E: closes. applyIndex: 16016
2023-07-16 18:48:41,837 [KeyDeletingService#0] ERROR utils.BackgroundService (AbstractKeyDeletingService.java:submitPurgeKeysRequest(243)) - PurgeKey request failed. Will retry at next run.
2023-07-16 18:48:41,841 [KeyDeletingService#0] ERROR service.KeyDeletingService (KeyDeletingService.java:submitRequest(397)) - Snapshot deep cleaning request failed. Will retry at next run.
com.google.protobuf.ServiceException: org.apache.ratis.protocol.exceptions.ServerNotReadyException: om1@group-C5BA1605619E is not in [RUNNING]: current state is CLOSING
	at org.apache.hadoop.ozone.om.ratis.OzoneManagerRatisServer.submitRequestToRatis(OzoneManagerRatisServer.java:290)
	at org.apache.hadoop.ozone.om.ratis.OzoneManagerRatisServer.submitRequest(OzoneManagerRatisServer.java:280)
	at org.apache.hadoop.ozone.om.service.KeyDeletingService$KeyDeletingTask.submitRequest(KeyDeletingService.java:391)
	at org.apache.hadoop.ozone.om.service.KeyDeletingService$KeyDeletingTask.updateDeepCleanedSnapshots(KeyDeletingService.java:372)
	at org.apache.hadoop.ozone.om.service.KeyDeletingService$KeyDeletingTask.processSnapshotDeepClean(KeyDeletingService.java:356)
	at org.apache.hadoop.ozone.om.service.KeyDeletingService$KeyDeletingTask.call(KeyDeletingService.java:203)
	at org.apache.hadoop.hdds.utils.BackgroundService$PeriodicalTask.lambda$run$0(BackgroundService.java:121)
	at java.util.concurrent.CompletableFuture$AsyncRun.run(CompletableFuture.java:1640)
	at java.util.concurrent.Executors$RunnableAdapter.call(Executors.java:511)
	at java.util.concurrent.FutureTask.run(FutureTask.java:266)
	at java.util.concurrent.ScheduledThreadPoolExecutor$ScheduledFutureTask.access$201(ScheduledThreadPoolExecutor.java:180)
	at java.util.concurrent.ScheduledThreadPoolExecutor$ScheduledFutureTask.run(ScheduledThreadPoolExecutor.java:293)
	at java.util.concurrent.ThreadPoolExecutor.runWorker(ThreadPoolExecutor.java:1149)
	at java.util.concurrent.ThreadPoolExecutor$Worker.run(ThreadPoolExecutor.java:624)
	at java.lang.Thread.run(Thread.java:750)
Caused by: java.util.concurrent.ExecutionException: org.apache.ratis.protocol.exceptions.ServerNotReadyException: om1@group-C5BA1605619E is not in [RUNNING]: current state is CLOSING
	at java.util.concurrent.CompletableFuture.reportGet(CompletableFuture.java:357)
	at java.util.concurrent.CompletableFuture.get(CompletableFuture.java:1908)
	at org.apache.hadoop.ozone.om.ratis.OzoneManagerRatisServer.submitRequestToRatis(OzoneManagerRatisServer.java:288)
	... 14 more
Caused by: org.apache.ratis.protocol.exceptions.ServerNotReadyException: om1@group-C5BA1605619E is not in [RUNNING]: current state is CLOSING
	at org.apache.ratis.server.impl.RaftServerImpl.lambda$assertLifeCycleState$9(RaftServerImpl.java:749)
	at org.apache.ratis.util.LifeCycle.assertCurrentState(LifeCycle.java:253)
	at org.apache.ratis.server.impl.RaftServerImpl.assertLifeCycleState(RaftServerImpl.java:748)
	at org.apache.ratis.server.impl.RaftServerImpl.submitClientRequestAsync(RaftServerImpl.java:838)
	at org.apache.ratis.server.impl.RaftServerImpl.lambda$null$12(RaftServerImpl.java:831)
	at org.apache.ratis.util.JavaUtils.callAsUnchecked(JavaUtils.java:117)
	at org.apache.ratis.server.impl.RaftServerImpl.lambda$executeSubmitClientRequestAsync$13(RaftServerImpl.java:831)
	at java.util.concurrent.CompletableFuture$AsyncSupply.run(CompletableFuture.java:1604)
	... 3 more
2023-07-16 18:48:42,204 [om1-impl-thread2] INFO  segmented.SegmentedRaftLogWorker (SegmentedRaftLogWorker.java:close(252)) - om1@group-C5BA1605619E-SegmentedRaftLogWorker close()
2023-07-16 18:48:42,207 [JvmPauseMonitor1] INFO  util.JvmPauseMonitor (JvmPauseMonitor.java:run(109)) - JvmPauseMonitor-om1: Stopped
2023-07-16 18:48:42,207 [main] INFO  ratis.OzoneManagerStateMachine (OzoneManagerStateMachine.java:close(533)) - StateMachine has shutdown. Shutdown OzoneManager if not already shutdown.
2023-07-16 18:48:42,207 [main] INFO  ratis.OzoneManagerDoubleBuffer (OzoneManagerDoubleBuffer.java:stopDaemon(560)) - OMDoubleBuffer flush thread is not running.
2023-07-16 18:48:42,208 [main] INFO  utils.BackgroundService (BackgroundService.java:shutdown(141)) - Shutting down service KeyDeletingService
2023-07-16 18:48:42,211 [main] INFO  utils.BackgroundService (BackgroundService.java:shutdown(141)) - Shutting down service KeyDeletingService
2023-07-16 18:48:42,211 [main] INFO  utils.BackgroundService (BackgroundService.java:shutdown(141)) - Shutting down service OpenKeyCleanupService
2023-07-16 18:48:42,212 [main] INFO  utils.BackgroundService (BackgroundService.java:shutdown(141)) - Shutting down service SstFilteringService
2023-07-16 18:48:42,212 [main] INFO  utils.BackgroundService (BackgroundService.java:shutdown(141)) - Shutting down service SnapshotDeletingService
2023-07-16 18:48:42,215 [main] INFO  handler.ContextHandler (ContextHandler.java:doStop(1159)) - Stopped o.e.j.w.WebAppContext@8847a1d{ozoneManager,/,null,STOPPED}{file:/home/runner/work/ozone/ozone/hadoop-ozone/integration-test/target/test-classes/webapps/ozoneManager}
2023-07-16 18:48:42,219 [main] INFO  server.AbstractConnector (AbstractConnector.java:doStop(383)) - Stopped ServerConnector@43e32f01{HTTP/1.1, (http/1.1)}{0.0.0.0:15005}
2023-07-16 18:48:42,220 [main] INFO  server.session (HouseKeeper.java:stopScavenging(149)) - node0 Stopped scavenging
2023-07-16 18:48:42,220 [main] INFO  handler.ContextHandler (ContextHandler.java:doStop(1159)) - Stopped o.e.j.s.ServletContextHandler@76a89ffa{static,/static,file:///home/runner/work/ozone/ozone/hadoop-ozone/integration-test/target/test-classes/webapps/static,STOPPED}
2023-07-16 18:48:42,220 [main] INFO  handler.ContextHandler (ContextHandler.java:doStop(1159)) - Stopped o.e.j.s.ServletContextHandler@f5ebccc{logs,/logs,file:///home/runner/work/ozone/ozone/hadoop-ozone/integration-test/target/log,STOPPED}
2023-07-16 18:48:42,231 [main] INFO  snapshot.SnapshotDiffManager (SnapshotDiffManager.java:closeExecutorService(1720)) - Shutting down executorService: 'SnapDiffExecutor'
2023-07-16 18:48:42,231 [main] INFO  snapshot.SnapshotDiffManager (SnapshotDiffManager.java:closeExecutorService(1720)) - Shutting down executorService: 'SstDumpToolExecutor'
2023-07-16 18:48:42,235 [main] INFO  utils.BackgroundService (BackgroundService.java:shutdown(141)) - Shutting down service SnapshotDiffCleanupService
2023-07-16 18:48:42,238 [main] INFO  om.OzoneManager (OzoneManager.java:restart(1704)) - OzoneManager RPC server is listening at localhost/127.0.0.1:15004
2023-07-16 18:48:42,238 [main] INFO  impl.MetricsSystemImpl (MetricsSystemImpl.java:init(158)) - OzoneManager metrics system started (again)
2023-07-16 18:48:42,253 [main] WARN  server.ServerUtils (ServerUtils.java:getDBPath(311)) - ozone.om.db.dirs is not configured. We recommend adding this setting. Falling back to ozone.metadata.dirs instead.
2023-07-16 18:48:42,254 [main] INFO  helpers.OmKeyInfo (OmKeyInfo.java:getCodec(71)) - OmKeyInfo.getCodec ignorePipeline = true
2023-07-16 18:48:42,332 [main] INFO  om.OzoneManager (OzoneManager.java:instantiateServices(791)) - S3 Multi-Tenancy is disabled
2023-07-16 18:48:42,333 [main] INFO  om.OmSnapshotManager (OmSnapshotManager.java:<init>(175)) - Ozone filesystem snapshot feature is enabled.
2023-07-16 18:48:42,334 [main] WARN  server.ServerUtils (ServerUtils.java:getDBPath(311)) - ozone.om.snapshot.diff.db.dir is not configured. We recommend adding this setting. Falling back to ozone.metadata.dirs instead.
2023-07-16 18:48:42,372 [main] INFO  snapshot.SnapshotDiffManager (SnapshotDiffManager.java:closeExecutorService(1720)) - Shutting down executorService: 'SstDumpToolExecutor'
2023-07-16 18:48:42,388 [main] WARN  server.ServerUtils (ServerUtils.java:getDefaultRatisDirectory(323)) - Storage directory for Ratis is not configured. It is a good idea to map this to an SSD disk. Falling back to ozone.metadata.dirs
2023-07-16 18:48:42,392 [main] INFO  ratis.OzoneManagerRatisServer (OzoneManagerRatisServer.java:<init>(163)) - Instantiating OM Ratis server with groupID: omServiceIdDefault and peers: localhost:15007
2023-07-16 18:48:42,392 [main] INFO  ratis.OzoneManagerStateMachine (OzoneManagerStateMachine.java:loadSnapshotInfoFromDB(670)) - LastAppliedIndex is set from TransactionInfo from OM DB as (t:1, i:16016)
2023-07-16 18:48:42,393 [main] INFO  server.RaftServer (ConfUtils.java:logGet(46)) - raft.rpc.type = GRPC (default)
2023-07-16 18:48:42,393 [main] INFO  grpc.GrpcConfigKeys (ConfUtils.java:logFallback(53)) - raft.grpc.admin.host = null (fallback to raft.grpc.server.host)
2023-07-16 18:48:42,393 [main] INFO  grpc.GrpcConfigKeys (ConfUtils.java:logFallback(53)) - raft.grpc.admin.port = 15007 (fallback to raft.grpc.server.port)
2023-07-16 18:48:42,393 [main] INFO  grpc.GrpcConfigKeys (ConfUtils.java:logFallback(53)) - raft.grpc.client.host = null (fallback to raft.grpc.server.host)
2023-07-16 18:48:42,394 [main] INFO  grpc.GrpcConfigKeys (ConfUtils.java:logFallback(53)) - raft.grpc.client.port = 15007 (fallback to raft.grpc.server.port)
2023-07-16 18:48:42,394 [main] INFO  grpc.GrpcConfigKeys (ConfUtils.java:logGet(46)) - raft.grpc.server.host = null (default)
2023-07-16 18:48:42,394 [main] INFO  grpc.GrpcConfigKeys (ConfUtils.java:logGet(46)) - raft.grpc.server.port = 15007 (custom)
2023-07-16 18:48:42,394 [main] INFO  server.GrpcService (ConfUtils.java:logGet(46)) - raft.grpc.message.size.max = 33554432 (custom)
2023-07-16 18:48:42,394 [main] INFO  server.RaftServerConfigKeys (ConfUtils.java:logGet(46)) - raft.server.log.appender.buffer.byte-limit = 33554432 (custom)
2023-07-16 18:48:42,395 [main] INFO  server.GrpcService (ConfUtils.java:logGet(46)) - raft.grpc.flow.control.window = 1MB (=1048576) (default)
2023-07-16 18:48:42,395 [main] INFO  server.RaftServerConfigKeys (ConfUtils.java:logGet(46)) - raft.server.rpc.request.timeout = 3000ms (default)
2023-07-16 18:48:42,395 [main] INFO  grpc.GrpcConfigKeys (ConfUtils.java:logGet(46)) - raft.grpc.server.heartbeat.channel = true (default)
2023-07-16 18:48:42,395 [main] INFO  grpc.GrpcConfigKeys (ConfUtils.java:logGet(46)) - raft.grpc.server.async.request.thread.pool.cached = true (default)
2023-07-16 18:48:42,395 [main] INFO  grpc.GrpcConfigKeys (ConfUtils.java:logGet(46)) - raft.grpc.server.async.request.thread.pool.size = 32 (default)
2023-07-16 18:48:42,397 [main] INFO  impl.DataStreamServerImpl (ConfUtils.java:logGet(46)) - raft.datastream.type = DISABLED (default)
2023-07-16 18:48:42,397 [main] INFO  server.RaftServerConfigKeys (ConfUtils.java:logGet(46)) - raft.server.threadpool.proxy.cached = true (default)
2023-07-16 18:48:42,397 [main] INFO  server.RaftServerConfigKeys (ConfUtils.java:logGet(46)) - raft.server.threadpool.proxy.size = 0 (default)
2023-07-16 18:48:42,398 [main] INFO  server.RaftServerConfigKeys (ConfUtils.java:logGet(46)) - raft.server.rpc.slowness.timeout = 120s (custom)
2023-07-16 18:48:42,398 [main] INFO  server.RaftServerConfigKeys (ConfUtils.java:logGet(46)) - raft.server.leaderelection.leader.step-down.wait-time = 10s (default)
2023-07-16 18:48:42,398 [main] INFO  server.RaftServerConfigKeys (ConfUtils.java:logGet(46)) - raft.server.storage.dir = [/home/runner/work/ozone/ozone/hadoop-ozone/integration-test/target/test-dir/MiniOzoneClusterImpl-5b665439-b9a5-4360-aef4-da1357485736/ozone-meta/ratis] (custom)
2023-07-16 18:48:42,399 [om1-impl-thread1] INFO  server.RaftServer (RaftServerProxy.java:initGroupDir(258)) - om1: found a subdirectory /home/runner/work/ozone/ozone/hadoop-ozone/integration-test/target/test-dir/MiniOzoneClusterImpl-5b665439-b9a5-4360-aef4-da1357485736/ozone-meta/ratis/bf265839-605b-3f16-9796-c5ba1605619e
2023-07-16 18:48:42,400 [main] INFO  server.RaftServer (RaftServerProxy.java:addNew(98)) - om1: addNew group-C5BA1605619E:[om1|rpc:localhost:15007|priority:0|startupRole:FOLLOWER] returns group-C5BA1605619E:java.util.concurrent.CompletableFuture@45507d66[Not completed]
2023-07-16 18:48:42,401 [main] INFO  om.OzoneManager (OzoneManager.java:initializeRatisServer(2137)) - OzoneManager Ratis server initialized at port 15007
2023-07-16 18:48:42,401 [main] INFO  ratis.OzoneManagerRatisServer (OzoneManagerRatisServer.java:start(558)) - Starting OzoneManagerRatisServer om1 at port 15007
2023-07-16 18:48:42,401 [om1-groupManagement] INFO  server.RaftServer$Division (RaftServerImpl.java:<init>(198)) - om1: new RaftServerImpl for group-C5BA1605619E:[om1|rpc:localhost:15007|priority:0|startupRole:FOLLOWER] with OzoneManagerStateMachine:uninitialized
2023-07-16 18:48:42,401 [om1-groupManagement] INFO  server.RaftServerConfigKeys (ConfUtils.java:logGet(46)) - raft.server.rpc.timeout.min = 1s (custom)
2023-07-16 18:48:42,401 [om1-groupManagement] INFO  server.RaftServerConfigKeys (ConfUtils.java:logGet(46)) - raft.server.rpc.timeout.max = 1200ms (custom)
2023-07-16 18:48:42,401 [om1-groupManagement] INFO  server.RaftServerConfigKeys (ConfUtils.java:logGet(46)) - raft.server.rpc.sleep.time = 25ms (default)
2023-07-16 18:48:42,401 [om1-groupManagement] INFO  server.RaftServerConfigKeys (ConfUtils.java:logGet(46)) - raft.server.rpc.slowness.timeout = 120s (custom)
2023-07-16 18:48:42,402 [om1-groupManagement] INFO  server.RaftServerConfigKeys (ConfUtils.java:logGet(46)) - raft.server.leaderelection.leader.step-down.wait-time = 10s (default)
2023-07-16 18:48:42,402 [om1-groupManagement] INFO  server.RaftServerConfigKeys (ConfUtils.java:logGet(46)) - raft.server.sleep.deviation.threshold = 300ms (default)
2023-07-16 18:48:42,402 [om1-groupManagement] INFO  server.RaftServer$Division (ServerState.java:<init>(120)) - om1@group-C5BA1605619E: ConfigurationManager, init=-1: peers:[om1|rpc:localhost:15007|priority:0|startupRole:FOLLOWER]|listeners:[], old=null, confs=<EMPTY_MAP>
2023-07-16 18:48:42,402 [om1-groupManagement] INFO  server.RaftServerConfigKeys (ConfUtils.java:logGet(46)) - raft.server.storage.dir = [/home/runner/work/ozone/ozone/hadoop-ozone/integration-test/target/test-dir/MiniOzoneClusterImpl-5b665439-b9a5-4360-aef4-da1357485736/ozone-meta/ratis] (custom)
2023-07-16 18:48:42,402 [om1-groupManagement] INFO  server.RaftServerConfigKeys (ConfUtils.java:logGet(46)) - raft.server.log.corruption.policy = EXCEPTION (default)
2023-07-16 18:48:42,402 [om1-groupManagement] INFO  server.RaftServerConfigKeys (ConfUtils.java:logGet(46)) - raft.server.storage.free-space.min = 0MB (=0) (default)
2023-07-16 18:48:42,402 [om1-groupManagement] INFO  server.RaftServerConfigKeys (ConfUtils.java:logGet(46)) - raft.server.notification.no-leader.timeout = 120s (custom)
2023-07-16 18:48:42,402 [om1-groupManagement] INFO  server.RaftServerConfigKeys (ConfUtils.java:logGet(46)) - raft.server.read.timeout = 10s (default)
2023-07-16 18:48:42,402 [om1-groupManagement] INFO  server.RaftServerConfigKeys (ConfUtils.java:logGet(46)) - raft.server.retrycache.expirytime = 300s (custom)
2023-07-16 18:48:42,402 [om1-groupManagement] INFO  server.RaftServerConfigKeys (ConfUtils.java:logGet(46)) - raft.server.retrycache.statistics.expirytime = 100μs (default)
2023-07-16 18:48:42,403 [om1-groupManagement] INFO  server.RaftServerConfigKeys (ConfUtils.java:logGet(46)) - raft.server.read.option = DEFAULT (default)
2023-07-16 18:48:42,404 [om1-groupManagement] INFO  server.RaftServerConfigKeys (ConfUtils.java:logGet(46)) - raft.server.rpc.request.timeout = 3000ms (default)
2023-07-16 18:48:42,404 [om1-groupManagement] INFO  server.RaftServerConfigKeys (ConfUtils.java:logGet(46)) - raft.server.log.appender.install.snapshot.enabled = false (custom)
2023-07-16 18:48:42,404 [om1-groupManagement] INFO  server.RaftServerConfigKeys (ConfUtils.java:logGet(46)) - raft.server.threadpool.server.cached = true (default)
2023-07-16 18:48:42,404 [om1-groupManagement] INFO  server.RaftServerConfigKeys (ConfUtils.java:logGet(46)) - raft.server.threadpool.server.size = 0 (default)
2023-07-16 18:48:42,404 [om1-groupManagement] INFO  server.RaftServerConfigKeys (ConfUtils.java:logGet(46)) - raft.server.threadpool.client.cached = true (default)
2023-07-16 18:48:42,404 [om1-groupManagement] INFO  server.RaftServerConfigKeys (ConfUtils.java:logGet(46)) - raft.server.threadpool.client.size = 0 (default)
2023-07-16 18:48:42,407 [om1-impl-thread1] INFO  storage.RaftStorageDirectory (RaftStorageDirectoryImpl.java:tryLock(231)) - Lock on /home/runner/work/ozone/ozone/hadoop-ozone/integration-test/target/test-dir/MiniOzoneClusterImpl-5b665439-b9a5-4360-aef4-da1357485736/ozone-meta/ratis/bf265839-605b-3f16-9796-c5ba1605619e/in_use.lock acquired by nodename 29753@fv-az447-333
2023-07-16 18:48:42,408 [om1-impl-thread1] INFO  storage.RaftStorage (RaftStorageImpl.java:analyzeAndRecoverStorage(117)) - Read RaftStorageMetadata{term=1, votedFor=om1} from /home/runner/work/ozone/ozone/hadoop-ozone/integration-test/target/test-dir/MiniOzoneClusterImpl-5b665439-b9a5-4360-aef4-da1357485736/ozone-meta/ratis/bf265839-605b-3f16-9796-c5ba1605619e/current/raft-meta
2023-07-16 18:48:42,410 [om1-impl-thread1] INFO  server.RaftServer$Division (ServerState.java:setRaftConf(434)) - om1@group-C5BA1605619E: set configuration 0: peers:[om1|rpc:localhost:15007|admin:|client:|dataStream:|priority:0|startupRole:FOLLOWER]|listeners:[], old=null
2023-07-16 18:48:42,410 [om1-impl-thread1] INFO  server.RaftServerConfigKeys (ConfUtils.java:logGet(46)) - raft.server.log.use.memory = false (default)
2023-07-16 18:48:42,410 [om1-impl-thread1] INFO  server.RaftServerConfigKeys (ConfUtils.java:logGet(46)) - raft.server.log.purge.gap = 1000000 (custom)
2023-07-16 18:48:42,410 [om1-impl-thread1] INFO  server.RaftServerConfigKeys (ConfUtils.java:logGet(46)) - raft.server.log.appender.buffer.byte-limit = 33554432 (custom)
2023-07-16 18:48:42,410 [om1-impl-thread1] INFO  server.RaftServerConfigKeys (ConfUtils.java:logGet(46)) - raft.server.log.statemachine.data.read.timeout = 1000ms (default)
2023-07-16 18:48:42,410 [om1-impl-thread1] INFO  server.RaftServerConfigKeys (ConfUtils.java:logGet(46)) - raft.server.log.purge.preservation.log.num = 0 (default)
2023-07-16 18:48:42,411 [om1-impl-thread1] INFO  server.RaftServerConfigKeys (ConfUtils.java:logGet(46)) - raft.server.log.segment.size.max = 4194304 (custom)
2023-07-16 18:48:42,411 [om1-impl-thread1] INFO  server.RaftServerConfigKeys (ConfUtils.java:logGet(46)) - raft.server.log.segment.cache.num.max = 2 (custom)
2023-07-16 18:48:42,411 [om1-impl-thread1] INFO  server.RaftServerConfigKeys (ConfUtils.java:logGet(46)) - raft.server.log.segment.cache.size.max = 200MB (=209715200) (default)
2023-07-16 18:48:42,411 [om1-impl-thread1] INFO  server.RaftServerConfigKeys (ConfUtils.java:logGet(46)) - raft.server.log.appender.buffer.byte-limit = 33554432 (custom)
2023-07-16 18:48:42,411 [om1-impl-thread1] INFO  segmented.SegmentedRaftLogWorker (SegmentedRaftLogWorker.java:<init>(188)) - new om1@group-C5BA1605619E-SegmentedRaftLogWorker for RaftStorageImpl:Storage Directory /home/runner/work/ozone/ozone/hadoop-ozone/integration-test/target/test-dir/MiniOzoneClusterImpl-5b665439-b9a5-4360-aef4-da1357485736/ozone-meta/ratis/bf265839-605b-3f16-9796-c5ba1605619e
2023-07-16 18:48:42,411 [om1-impl-thread1] INFO  server.RaftServerConfigKeys (ConfUtils.java:logGet(46)) - raft.server.log.queue.byte-limit = 64MB (=67108864) (default)
2023-07-16 18:48:42,411 [om1-impl-thread1] INFO  server.RaftServerConfigKeys (ConfUtils.java:logGet(46)) - raft.server.log.queue.element-limit = 4096 (default)
2023-07-16 18:48:42,412 [om1-impl-thread1] INFO  server.RaftServerConfigKeys (ConfUtils.java:logGet(46)) - raft.server.log.segment.size.max = 4194304 (custom)
2023-07-16 18:48:42,412 [om1-impl-thread1] INFO  server.RaftServerConfigKeys (ConfUtils.java:logGet(46)) - raft.server.log.preallocated.size = 4194304 (custom)
2023-07-16 18:48:42,412 [om1-impl-thread1] INFO  server.RaftServerConfigKeys (ConfUtils.java:logGet(46)) - raft.server.log.force.sync.num = 128 (default)
2023-07-16 18:48:42,412 [om1-impl-thread1] INFO  server.RaftServerConfigKeys (ConfUtils.java:logGet(46)) - raft.server.log.statemachine.data.sync = true (default)
2023-07-16 18:48:42,413 [om1-impl-thread1] INFO  server.RaftServerConfigKeys (ConfUtils.java:logGet(46)) - raft.server.log.statemachine.data.sync.timeout = 10s (default)
2023-07-16 18:48:42,413 [om1-impl-thread1] INFO  server.RaftServerConfigKeys (ConfUtils.java:logGet(46)) - raft.server.log.statemachine.data.sync.timeout.retry = -1 (default)
2023-07-16 18:48:42,414 [om1-impl-thread1] INFO  server.RaftServerConfigKeys (ConfUtils.java:logGet(46)) - raft.server.log.write.buffer.size = 64KB (=65536) (default)
2023-07-16 18:48:42,414 [om1-impl-thread1] INFO  server.RaftServerConfigKeys (ConfUtils.java:logGet(46)) - raft.server.log.appender.buffer.byte-limit = 33554432 (custom)
2023-07-16 18:48:42,423 [om1-impl-thread1] INFO  server.RaftServerConfigKeys (ConfUtils.java:logGet(46)) - raft.server.log.unsafe-flush.enabled = false (default)
2023-07-16 18:48:42,423 [om1-impl-thread1] INFO  server.RaftServerConfigKeys (ConfUtils.java:logGet(46)) - raft.server.log.async-flush.enabled = false (default)
2023-07-16 18:48:42,423 [om1-impl-thread1] INFO  server.RaftServerConfigKeys (ConfUtils.java:logGet(46)) - raft.server.log.statemachine.data.caching.enabled = false (default)
2023-07-16 18:48:42,432 [om1-impl-thread1] INFO  server.RaftServer$Division (ServerState.java:setRaftConf(434)) - om1@group-C5BA1605619E: set configuration 0: peers:[om1|rpc:localhost:15007|admin:|client:|dataStream:|priority:0|startupRole:FOLLOWER]|listeners:[], old=null
2023-07-16 18:48:42,540 [om1-impl-thread1] INFO  segmented.LogSegment (LogSegment.java:loadSegment(170)) - Successfully read 10123 entries from segment file /home/runner/work/ozone/ozone/hadoop-ozone/integration-test/target/test-dir/MiniOzoneClusterImpl-5b665439-b9a5-4360-aef4-da1357485736/ozone-meta/ratis/bf265839-605b-3f16-9796-c5ba1605619e/current/log_0-10122
2023-07-16 18:48:42,682 [om1-impl-thread1] INFO  segmented.LogSegment (LogSegment.java:loadSegment(170)) - Successfully read 5894 entries from segment file /home/runner/work/ozone/ozone/hadoop-ozone/integration-test/target/test-dir/MiniOzoneClusterImpl-5b665439-b9a5-4360-aef4-da1357485736/ozone-meta/ratis/bf265839-605b-3f16-9796-c5ba1605619e/current/log_inprogress_10123
2023-07-16 18:48:42,685 [om1-impl-thread1] INFO  segmented.SegmentedRaftLogWorker (SegmentedRaftLogWorker.java:lambda$new$0(135)) - om1@group-C5BA1605619E-SegmentedRaftLogWorker: flushIndex: setUnconditionally 0 -> 16016
2023-07-16 18:48:42,685 [om1-impl-thread1] INFO  segmented.SegmentedRaftLogWorker (SegmentedRaftLogWorker.java:lambda$new$0(135)) - om1@group-C5BA1605619E-SegmentedRaftLogWorker: safeCacheEvictIndex: setUnconditionally 0 -> 10122
2023-07-16 18:48:42,688 [om1-impl-thread1] INFO  server.RaftServer$Division (RaftServerImpl.java:start(342)) - om1@group-C5BA1605619E: start as a follower, conf=0: peers:[om1|rpc:localhost:15007|admin:|client:|dataStream:|priority:0|startupRole:FOLLOWER]|listeners:[], old=null
2023-07-16 18:48:42,688 [om1-impl-thread1] INFO  server.RaftServer$Division (RaftServerImpl.java:setRole(329)) - om1@group-C5BA1605619E: changes role from      null to FOLLOWER at term 1 for startAsFollower
2023-07-16 18:48:42,688 [om1-impl-thread1] INFO  impl.RoleInfo (RoleInfo.java:updateAndGet(139)) - om1: start om1@group-C5BA1605619E-FollowerState
2023-07-16 18:48:42,691 [om1-impl-thread1] INFO  util.JmxRegister (JmxRegister.java:tryRegister(44)) - Successfully registered JMX Bean with object name Ratis:service=RaftServer,group=group-C5BA1605619E,id=om1
2023-07-16 18:48:42,691 [om1-impl-thread1] INFO  server.RaftServerConfigKeys (ConfUtils.java:logGet(46)) - raft.server.snapshot.auto.trigger.enabled = true (custom)
2023-07-16 18:48:42,691 [om1-impl-thread1] INFO  server.RaftServerConfigKeys (ConfUtils.java:logGet(46)) - raft.server.snapshot.auto.trigger.threshold = 400000 (default)
2023-07-16 18:48:42,691 [om1-impl-thread1] INFO  server.RaftServerConfigKeys (ConfUtils.java:logGet(46)) - raft.server.snapshot.retention.file.num = -1 (default)
2023-07-16 18:48:42,691 [om1-impl-thread1] INFO  server.RaftServerConfigKeys (ConfUtils.java:logGet(46)) - raft.server.log.purge.upto.snapshot.index = true (custom)
2023-07-16 18:48:42,692 [om1@group-C5BA1605619E-FollowerState] INFO  server.RaftServerConfigKeys (ConfUtils.java:logFallback(53)) - raft.server.rpc.first-election.timeout.min = 1s (fallback to raft.server.rpc.timeout.min)
2023-07-16 18:48:42,692 [om1@group-C5BA1605619E-FollowerState] INFO  server.RaftServerConfigKeys (ConfUtils.java:logFallback(53)) - raft.server.rpc.first-election.timeout.max = 1200ms (fallback to raft.server.rpc.timeout.max)
2023-07-16 18:48:42,692 [main] INFO  server.RaftServer (RaftServerProxy.java:startImpl(400)) - om1: start RPC server
2023-07-16 18:48:42,696 [main] INFO  server.GrpcService (GrpcService.java:startImpl(302)) - om1: GrpcService started, listening on 15007
2023-07-16 18:48:42,696 [main] INFO  om.OzoneManager (OzoneManager.java:getRpcServer(1192)) - Creating RPC Server
2023-07-16 18:48:42,698 [JvmPauseMonitor5] INFO  util.JvmPauseMonitor (JvmPauseMonitor.java:run(103)) - JvmPauseMonitor-om1: Started
2023-07-16 18:48:43,311 [main] INFO  reflections.Reflections (Reflections.java:scan(232)) - Reflections took 613 ms to scan 19 urls, producing 70 keys and 5547 values [using 2 cores]
2023-07-16 18:48:43,313 [main] INFO  ipc.CallQueueManager (CallQueueManager.java:<init>(90)) - Using callQueue: class java.util.concurrent.LinkedBlockingQueue, queueCapacity: 2000, scheduler: class org.apache.hadoop.ipc.DefaultRpcScheduler, ipcBackoff: false.
2023-07-16 18:48:43,314 [main] INFO  ipc.Server (Server.java:<init>(1287)) - Listener at localhost:15004
2023-07-16 18:48:43,314 [Socket Reader #1 for port 15004] INFO  ipc.Server (Server.java:run(1323)) - Starting Socket Reader #1 for port 15004
2023-07-16 18:48:43,322 [main] INFO  http.BaseHttpServer (BaseHttpServer.java:newHttpServer2BuilderForOzone(224)) - Starting Web-server for ozoneManager at: http://0.0.0.0:15005
2023-07-16 18:48:43,323 [main] INFO  http.BaseHttpServer (BaseHttpServer.java:<init>(111)) - Hadoop Security Enabled: false Ozone Security Enabled: false Ozone HTTP Security Enabled: false 
2023-07-16 18:48:43,327 [main] WARN  server.AuthenticationFilter (AuthenticationFilter.java:constructSecretProvider(240)) - Unable to initialize FileSignerSecretProvider, falling back to use random secrets. Reason: Could not read signature secret file: /home/runner/hadoop-http-auth-signature-secret
2023-07-16 18:48:43,328 [main] INFO  http.HttpRequestLog (HttpRequestLog.java:getRequestLog(86)) - Http request log for http.requests.ozoneManager is not defined
2023-07-16 18:48:43,330 [main] INFO  http.HttpServer2 (HttpServer2.java:addGlobalFilter(1031)) - Added global filter 'safety' (class=org.apache.hadoop.hdds.server.http.HttpServer2$QuotingInputFilter)
2023-07-16 18:48:43,331 [main] INFO  http.HttpServer2 (HttpServer2.java:addFilter(1007)) - Added filter static_user_filter (class=org.apache.hadoop.http.lib.StaticUserWebFilter$StaticUserFilter) to context ozoneManager
2023-07-16 18:48:43,332 [main] INFO  http.HttpServer2 (HttpServer2.java:addFilter(1015)) - Added filter static_user_filter (class=org.apache.hadoop.http.lib.StaticUserWebFilter$StaticUserFilter) to context static
2023-07-16 18:48:43,332 [main] INFO  http.HttpServer2 (HttpServer2.java:addFilter(1015)) - Added filter static_user_filter (class=org.apache.hadoop.http.lib.StaticUserWebFilter$StaticUserFilter) to context logs
2023-07-16 18:48:43,333 [main] INFO  http.BaseHttpServer (BaseHttpServer.java:<init>(190)) - HTTP server of ozoneManager uses base directory /home/runner/work/ozone/ozone/hadoop-ozone/integration-test/target/test-dir/MiniOzoneClusterImpl-5b665439-b9a5-4360-aef4-da1357485736/ozone-meta/webserver
2023-07-16 18:48:43,333 [main] INFO  http.HttpServer2 (HttpServer2.java:bindListener(1250)) - Jetty bound to port 15005
2023-07-16 18:48:43,333 [main] INFO  server.Server (Server.java:doStart(375)) - jetty-9.4.51.v20230217; built: 2023-02-17T08:19:37.309Z; git: b45c405e4544384de066f814ed42ae3dceacdd49; jvm 1.8.0_372-b07
2023-07-16 18:48:43,338 [main] INFO  server.session (DefaultSessionIdManager.java:doStart(334)) - DefaultSessionIdManager workerName=node0
2023-07-16 18:48:43,338 [main] INFO  server.session (DefaultSessionIdManager.java:doStart(339)) - No SessionScavenger set, using defaults
2023-07-16 18:48:43,338 [main] INFO  server.session (HouseKeeper.java:startScavenging(132)) - node0 Scavenging every 660000ms
2023-07-16 18:48:43,340 [main] INFO  handler.ContextHandler (ContextHandler.java:doStart(921)) - Started o.e.j.s.ServletContextHandler@e283976{logs,/logs,file:///home/runner/work/ozone/ozone/hadoop-ozone/integration-test/target/log,AVAILABLE}
2023-07-16 18:48:43,341 [main] INFO  handler.ContextHandler (ContextHandler.java:doStart(921)) - Started o.e.j.s.ServletContextHandler@31f75da7{static,/static,file:///home/runner/work/ozone/ozone/hadoop-ozone/integration-test/target/test-classes/webapps/static,AVAILABLE}
2023-07-16 18:48:43,346 [main] INFO  handler.ContextHandler (ContextHandler.java:doStart(921)) - Started o.e.j.w.WebAppContext@6545b369{ozoneManager,/,file:///home/runner/work/ozone/ozone/hadoop-ozone/integration-test/target/test-classes/webapps/ozoneManager/,AVAILABLE}{file:/home/runner/work/ozone/ozone/hadoop-ozone/integration-test/target/test-classes/webapps/ozoneManager}
2023-07-16 18:48:43,350 [main] INFO  server.AbstractConnector (AbstractConnector.java:doStart(333)) - Started ServerConnector@50c92abd{HTTP/1.1, (http/1.1)}{0.0.0.0:15005}
2023-07-16 18:48:43,352 [main] INFO  server.Server (Server.java:doStart(415)) - Started @72967ms
2023-07-16 18:48:43,352 [main] WARN  impl.MetricsSystemImpl (MetricsSystemImpl.java:register(279)) - Sink prometheus already exists!
2023-07-16 18:48:43,353 [main] INFO  http.BaseHttpServer (BaseHttpServer.java:updateConnectorAddress(344)) - HTTP server of ozoneManager listening at http://0.0.0.0:15005
2023-07-16 18:48:43,354 [IPC Server Responder] INFO  ipc.Server (Server.java:run(1562)) - IPC Server Responder: starting
2023-07-16 18:48:43,355 [IPC Server listener on 15004] INFO  ipc.Server (Server.java:run(1402)) - IPC Server listener on 15004: starting
2023-07-16 18:48:43,362 [main] INFO  om.OzoneManager (OzoneManager.java:startTrashEmptier(2090)) - Trash Interval set to 0. Files deleted won't move to trash
2023-07-16 18:48:43,363 [main] INFO  snapshot.SnapshotCache (SnapshotCache.java:lambda$1(166)) - Loading snapshot. Table key: /vol-0-66711/bucket-0-70145/snap1
2023-07-16 18:48:43,364 [main] WARN  server.ServerUtils (ServerUtils.java:getDBPath(311)) - ozone.om.db.dirs is not configured. We recommend adding this setting. Falling back to ozone.metadata.dirs instead.
2023-07-16 18:48:43,366 [main] INFO  helpers.OmKeyInfo (OmKeyInfo.java:getCodec(71)) - OmKeyInfo.getCodec ignorePipeline = true
2023-07-16 18:48:43,422 [main] INFO  snapshot.SnapshotCache (SnapshotCache.java:lambda$1(166)) - Loading snapshot. Table key: /vol-0-66711/bucket-0-70145/snap2
2023-07-16 18:48:43,424 [main] WARN  server.ServerUtils (ServerUtils.java:getDBPath(311)) - ozone.om.db.dirs is not configured. We recommend adding this setting. Falling back to ozone.metadata.dirs instead.
2023-07-16 18:48:43,426 [main] INFO  helpers.OmKeyInfo (OmKeyInfo.java:getCodec(71)) - OmKeyInfo.getCodec ignorePipeline = true
2023-07-16 18:48:43,474 [main] WARN  server.ServerUtils (ServerUtils.java:getDBPath(311)) - ozone.om.db.dirs is not configured. We recommend adding this setting. Falling back to ozone.metadata.dirs instead.
2023-07-16 18:48:43,474 [main] WARN  server.ServerUtils (ServerUtils.java:getDBPath(311)) - ozone.om.db.dirs is not configured. We recommend adding this setting. Falling back to ozone.metadata.dirs instead.
2023-07-16 18:48:43,475 [main] INFO  snapshot.SnapshotCache (SnapshotCache.java:lambda$1(166)) - Loading snapshot. Table key: /vol-0-66711/bucket-0-70145/snap3
2023-07-16 18:48:43,475 [main] WARN  server.ServerUtils (ServerUtils.java:getDBPath(311)) - ozone.om.db.dirs is not configured. We recommend adding this setting. Falling back to ozone.metadata.dirs instead.
2023-07-16 18:48:43,476 [main] INFO  helpers.OmKeyInfo (OmKeyInfo.java:getCodec(71)) - OmKeyInfo.getCodec ignorePipeline = true
2023-07-16 18:48:43,523 [main] WARN  server.ServerUtils (ServerUtils.java:getDBPath(311)) - ozone.om.db.dirs is not configured. We recommend adding this setting. Falling back to ozone.metadata.dirs instead.
]]></system-out>
  </testcase>
</testsuite>