<?xml version="1.0" encoding="UTF-8"?>
<testsuite xmlns:xsi="http://www.w3.org/2001/XMLSchema-instance" xsi:noNamespaceSchemaLocation="https://maven.apache.org/surefire/maven-surefire-plugin/xsd/surefire-test-report.xsd" name="org.apache.hadoop.ozone.client.rpc.TestBlockOutputStreamWithFailuresFlushDelay" time="473.464" tests="8" errors="0" skipped="0" failures="1">
  <properties>
    <property name="awt.toolkit" value="sun.awt.X11.XToolkit"/>
    <property name="file.encoding.pkg" value="sun.io"/>
    <property name="java.specification.version" value="1.8"/>
    <property name="sun.cpu.isalist" value=""/>
    <property name="sun.jnu.encoding" value="ANSI_X3.4-1968"/>
    <property name="java.class.path" value="/github/workspace/mnt/ozone/hadoop-ozone/integration-test/target/test-classes:/github/workspace/mnt/ozone/hadoop-ozone/integration-test/target/classes:/home/user/.m2/repository/org/apache/hadoop/hadoop-ozone-common/1.1.0-SNAPSHOT/hadoop-ozone-common-1.1.0-SNAPSHOT.jar:/home/user/.m2/repository/org/apache/commons/commons-compress/1.4.1/commons-compress-1.4.1.jar:/home/user/.m2/repository/org/tukaani/xz/1.0/xz-1.0.jar:/home/user/.m2/repository/org/apache/hadoop/hadoop-hdds-common/1.1.0-SNAPSHOT/hadoop-hdds-common-1.1.0-SNAPSHOT.jar:/home/user/.m2/repository/org/apache/hadoop/hadoop-hdds-client/1.1.0-SNAPSHOT/hadoop-hdds-client-1.1.0-SNAPSHOT.jar:/home/user/.m2/repository/org/apache/hadoop/hadoop-ozone-interface-client/1.1.0-SNAPSHOT/hadoop-ozone-interface-client-1.1.0-SNAPSHOT.jar:/home/user/.m2/repository/org/apache/hadoop/hadoop-hdds-test-utils/1.1.0-SNAPSHOT/hadoop-hdds-test-utils-1.1.0-SNAPSHOT.jar:/home/user/.m2/repository/com/google/guava/guava/28.2-jre/guava-28.2-jre.jar:/home/user/.m2/repository/com/google/guava/failureaccess/1.0.1/failureaccess-1.0.1.jar:/home/user/.m2/repository/com/google/guava/listenablefuture/9999.0-empty-to-avoid-conflict-with-guava/listenablefuture-9999.0-empty-to-avoid-conflict-with-guava.jar:/home/user/.m2/repository/com/google/code/findbugs/jsr305/3.0.0/jsr305-3.0.0.jar:/home/user/.m2/repository/org/checkerframework/checker-qual/2.10.0/checker-qual-2.10.0.jar:/home/user/.m2/repository/com/google/errorprone/error_prone_annotations/2.2.0/error_prone_annotations-2.2.0.jar:/home/user/.m2/repository/com/google/j2objc/j2objc-annotations/1.3/j2objc-annotations-1.3.jar:/home/user/.m2/repository/commons-io/commons-io/2.5/commons-io-2.5.jar:/home/user/.m2/repository/commons-logging/commons-logging/1.2/commons-logging-1.2.jar:/home/user/.m2/repository/log4j/log4j/1.2.17/log4j-1.2.17.jar:/home/user/.m2/repository/org/slf4j/slf4j-api/1.7.30/slf4j-api-1.7.30.jar:/home/user/.m2/repository/org/apache/hadoop/hadoop-hdds-server-scm/1.1.0-SNAPSHOT/hadoop-hdds-server-scm-1.1.0-SNAPSHOT.jar:/home/user/.m2/repository/org/apache/hadoop/hadoop-hdds-container-service/1.1.0-SNAPSHOT/hadoop-hdds-container-service-1.1.0-SNAPSHOT.jar:/home/user/.m2/repository/org/apache/hadoop/hadoop-hdds-hadoop-dependency-server/1.1.0-SNAPSHOT/hadoop-hdds-hadoop-dependency-server-1.1.0-SNAPSHOT.jar:/home/user/.m2/repository/org/apache/hadoop/hadoop-hdfs/3.2.2/hadoop-hdfs-3.2.2.jar:/home/user/.m2/repository/org/apache/hadoop/hadoop-hdds-server-framework/1.1.0-SNAPSHOT/hadoop-hdds-server-framework-1.1.0-SNAPSHOT.jar:/home/user/.m2/repository/org/apache/hadoop/hadoop-hdds-interface-server/1.1.0-SNAPSHOT/hadoop-hdds-interface-server-1.1.0-SNAPSHOT.jar:/home/user/.m2/repository/org/apache/hadoop/hadoop-hdds-interface-admin/1.1.0-SNAPSHOT/hadoop-hdds-interface-admin-1.1.0-SNAPSHOT.jar:/home/user/.m2/repository/org/eclipse/jetty/jetty-servlet/9.4.35.v20201120/jetty-servlet-9.4.35.v20201120.jar:/home/user/.m2/repository/org/eclipse/jetty/jetty-security/9.4.35.v20201120/jetty-security-9.4.35.v20201120.jar:/home/user/.m2/repository/org/rocksdb/rocksdbjni/6.8.1/rocksdbjni-6.8.1.jar:/home/user/.m2/repository/io/prometheus/simpleclient_dropwizard/0.7.0/simpleclient_dropwizard-0.7.0.jar:/home/user/.m2/repository/io/prometheus/simpleclient/0.7.0/simpleclient-0.7.0.jar:/home/user/.m2/repository/io/prometheus/simpleclient_common/0.7.0/simpleclient_common-0.7.0.jar:/home/user/.m2/repository/com/fasterxml/jackson/datatype/jackson-datatype-jsr310/2.12.1/jackson-datatype-jsr310-2.12.1.jar:/home/user/.m2/repository/io/dropwizard/metrics/metrics-core/3.2.4/metrics-core-3.2.4.jar:/home/user/.m2/repository/org/apache/hadoop/hadoop-hdfs-client/3.2.2/hadoop-hdfs-client-3.2.2.jar:/home/user/.m2/repository/org/bouncycastle/bcprov-jdk15on/1.67/bcprov-jdk15on-1.67.jar:/home/user/.m2/repository/org/apache/hadoop/hadoop-ozone-ozone-manager/1.1.0-SNAPSHOT/hadoop-ozone-ozone-manager-1.1.0-SNAPSHOT.jar:/home/user/.m2/repository/org/apache/hadoop/hadoop-hdds-interface-client/1.1.0-SNAPSHOT/hadoop-hdds-interface-client-1.1.0-SNAPSHOT.jar:/home/user/.m2/repository/org/apache/ratis/ratis-thirdparty-misc/0.6.0/ratis-thirdparty-misc-0.6.0.jar:/home/user/.m2/repository/org/apache/hadoop/hadoop-ozone-interface-storage/1.1.0-SNAPSHOT/hadoop-ozone-interface-storage-1.1.0-SNAPSHOT.jar:/home/user/.m2/repository/org/apache/hadoop/hadoop-minikdc/3.2.2/hadoop-minikdc-3.2.2.jar:/home/user/.m2/repository/org/apache/kerby/kerb-simplekdc/1.0.1/kerb-simplekdc-1.0.1.jar:/home/user/.m2/repository/org/apache/kerby/kerb-client/1.0.1/kerb-client-1.0.1.jar:/home/user/.m2/repository/org/apache/kerby/kerby-config/1.0.1/kerby-config-1.0.1.jar:/home/user/.m2/repository/org/apache/kerby/kerb-core/1.0.1/kerb-core-1.0.1.jar:/home/user/.m2/repository/org/apache/kerby/kerby-pkix/1.0.1/kerby-pkix-1.0.1.jar:/home/user/.m2/repository/org/apache/kerby/kerby-asn1/1.0.1/kerby-asn1-1.0.1.jar:/home/user/.m2/repository/org/apache/kerby/kerby-util/1.0.1/kerby-util-1.0.1.jar:/home/user/.m2/repository/org/apache/kerby/kerb-common/1.0.1/kerb-common-1.0.1.jar:/home/user/.m2/repository/org/apache/kerby/kerb-crypto/1.0.1/kerb-crypto-1.0.1.jar:/home/user/.m2/repository/org/apache/kerby/kerb-util/1.0.1/kerb-util-1.0.1.jar:/home/user/.m2/repository/org/apache/kerby/token-provider/1.0.1/token-provider-1.0.1.jar:/home/user/.m2/repository/org/apache/kerby/kerb-admin/1.0.1/kerb-admin-1.0.1.jar:/home/user/.m2/repository/org/apache/kerby/kerb-server/1.0.1/kerb-server-1.0.1.jar:/home/user/.m2/repository/org/apache/kerby/kerb-identity/1.0.1/kerb-identity-1.0.1.jar:/home/user/.m2/repository/org/apache/kerby/kerby-xdr/1.0.1/kerby-xdr-1.0.1.jar:/home/user/.m2/repository/org/slf4j/slf4j-log4j12/1.7.30/slf4j-log4j12-1.7.30.jar:/home/user/.m2/repository/org/apache/hadoop/hadoop-ozone-s3gateway/1.1.0-SNAPSHOT/hadoop-ozone-s3gateway-1.1.0-SNAPSHOT.jar:/home/user/.m2/repository/org/jboss/weld/servlet/weld-servlet/2.4.7.Final/weld-servlet-2.4.7.Final.jar:/home/user/.m2/repository/org/glassfish/jersey/containers/jersey-container-servlet-core/2.27/jersey-container-servlet-core-2.27.jar:/home/user/.m2/repository/org/glassfish/hk2/external/javax.inject/2.5.0-b42/javax.inject-2.5.0-b42.jar:/home/user/.m2/repository/org/glassfish/jersey/core/jersey-common/2.27/jersey-common-2.27.jar:/home/user/.m2/repository/org/glassfish/hk2/osgi-resource-locator/1.0.1/osgi-resource-locator-1.0.1.jar:/home/user/.m2/repository/javax/ws/rs/javax.ws.rs-api/2.1/javax.ws.rs-api-2.1.jar:/home/user/.m2/repository/org/glassfish/jersey/ext/cdi/jersey-cdi1x/2.27/jersey-cdi1x-2.27.jar:/home/user/.m2/repository/org/glassfish/jersey/inject/jersey-hk2/2.27/jersey-hk2-2.27.jar:/home/user/.m2/repository/org/glassfish/hk2/hk2-locator/2.5.0-b42/hk2-locator-2.5.0-b42.jar:/home/user/.m2/repository/org/javassist/javassist/3.22.0-CR2/javassist-3.22.0-CR2.jar:/home/user/.m2/repository/org/glassfish/hk2/hk2-api/2.5.0/hk2-api-2.5.0.jar:/home/user/.m2/repository/org/glassfish/hk2/external/jakarta.inject/2.5.0/jakarta.inject-2.5.0.jar:/home/user/.m2/repository/org/glassfish/hk2/hk2-utils/2.5.0/hk2-utils-2.5.0.jar:/home/user/.m2/repository/jakarta/annotation/jakarta.annotation-api/1.3.4/jakarta.annotation-api-1.3.4.jar:/home/user/.m2/repository/org/glassfish/hk2/external/aopalliance-repackaged/2.5.0/aopalliance-repackaged-2.5.0.jar:/home/user/.m2/repository/com/fasterxml/jackson/dataformat/jackson-dataformat-xml/2.12.1/jackson-dataformat-xml-2.12.1.jar:/home/user/.m2/repository/com/fasterxml/jackson/core/jackson-core/2.12.1/jackson-core-2.12.1.jar:/home/user/.m2/repository/com/fasterxml/jackson/module/jackson-module-jaxb-annotations/2.12.1/jackson-module-jaxb-annotations-2.12.1.jar:/home/user/.m2/repository/jakarta/xml/bind/jakarta.xml.bind-api/2.3.2/jakarta.xml.bind-api-2.3.2.jar:/home/user/.m2/repository/jakarta/activation/jakarta.activation-api/1.2.1/jakarta.activation-api-1.2.1.jar:/home/user/.m2/repository/org/codehaus/woodstox/stax2-api/3.1.4/stax2-api-3.1.4.jar:/home/user/.m2/repository/com/fasterxml/woodstox/woodstox-core/5.0.3/woodstox-core-5.0.3.jar:/home/user/.m2/repository/javax/enterprise/cdi-api/1.2/cdi-api-1.2.jar:/home/user/.m2/repository/javax/el/javax.el-api/3.0.0/javax.el-api-3.0.0.jar:/home/user/.m2/repository/javax/interceptor/javax.interceptor-api/1.2/javax.interceptor-api-1.2.jar:/home/user/.m2/repository/javax/inject/javax.inject/1/javax.inject-1.jar:/home/user/.m2/repository/com/sun/xml/bind/jaxb-impl/2.3.0.1/jaxb-impl-2.3.0.1.jar:/home/user/.m2/repository/com/sun/xml/bind/jaxb-core/2.3.0.1/jaxb-core-2.3.0.1.jar:/home/user/.m2/repository/javax/xml/bind/jaxb-api/2.3.0/jaxb-api-2.3.0.jar:/home/user/.m2/repository/javax/activation/activation/1.1.1/activation-1.1.1.jar:/home/user/.m2/repository/org/apache/hadoop/hadoop-ozone-csi/1.1.0-SNAPSHOT/hadoop-ozone-csi-1.1.0-SNAPSHOT.jar:/home/user/.m2/repository/com/google/protobuf/protobuf-java-util/3.12.0/protobuf-java-util-3.12.0.jar:/home/user/.m2/repository/com/google/code/gson/gson/2.2.4/gson-2.2.4.jar:/home/user/.m2/repository/org/apache/hadoop/hadoop-hdds-config/1.1.0-SNAPSHOT/hadoop-hdds-config-1.1.0-SNAPSHOT.jar:/home/user/.m2/repository/com/google/protobuf/protobuf-java/2.5.0/protobuf-java-2.5.0.jar:/home/user/.m2/repository/io/grpc/grpc-netty/1.33.0/grpc-netty-1.33.0.jar:/home/user/.m2/repository/io/grpc/grpc-core/1.33.0/grpc-core-1.33.0.jar:/home/user/.m2/repository/com/google/android/annotations/4.1.1.4/annotations-4.1.1.4.jar:/home/user/.m2/repository/io/netty/netty-codec-http2/4.1.51.Final/netty-codec-http2-4.1.51.Final.jar:/home/user/.m2/repository/io/netty/netty-codec/4.1.51.Final/netty-codec-4.1.51.Final.jar:/home/user/.m2/repository/io/netty/netty-handler/4.1.51.Final/netty-handler-4.1.51.Final.jar:/home/user/.m2/repository/io/netty/netty-codec-http/4.1.51.Final/netty-codec-http-4.1.51.Final.jar:/home/user/.m2/repository/io/netty/netty-handler-proxy/4.1.51.Final/netty-handler-proxy-4.1.51.Final.jar:/home/user/.m2/repository/io/netty/netty-codec-socks/4.1.51.Final/netty-codec-socks-4.1.51.Final.jar:/home/user/.m2/repository/io/perfmark/perfmark-api/0.19.0/perfmark-api-0.19.0.jar:/home/user/.m2/repository/org/codehaus/mojo/animal-sniffer-annotations/1.18/animal-sniffer-annotations-1.18.jar:/home/user/.m2/repository/io/netty/netty-transport-native-epoll/4.1.51.Final/netty-transport-native-epoll-4.1.51.Final.jar:/home/user/.m2/repository/io/netty/netty-common/4.1.51.Final/netty-common-4.1.51.Final.jar:/home/user/.m2/repository/io/netty/netty-buffer/4.1.51.Final/netty-buffer-4.1.51.Final.jar:/home/user/.m2/repository/io/netty/netty-transport/4.1.51.Final/netty-transport-4.1.51.Final.jar:/home/user/.m2/repository/io/netty/netty-resolver/4.1.51.Final/netty-resolver-4.1.51.Final.jar:/home/user/.m2/repository/io/netty/netty-transport-native-unix-common/4.1.51.Final/netty-transport-native-unix-common-4.1.51.Final.jar:/home/user/.m2/repository/io/grpc/grpc-protobuf/1.33.0/grpc-protobuf-1.33.0.jar:/home/user/.m2/repository/io/grpc/grpc-api/1.33.0/grpc-api-1.33.0.jar:/home/user/.m2/repository/io/grpc/grpc-context/1.33.0/grpc-context-1.33.0.jar:/home/user/.m2/repository/com/google/api/grpc/proto-google-common-protos/1.17.0/proto-google-common-protos-1.17.0.jar:/home/user/.m2/repository/io/grpc/grpc-protobuf-lite/1.33.0/grpc-protobuf-lite-1.33.0.jar:/home/user/.m2/repository/io/grpc/grpc-stub/1.33.0/grpc-stub-1.33.0.jar:/home/user/.m2/repository/org/apache/hadoop/hadoop-ozone-recon/1.1.0-SNAPSHOT/hadoop-ozone-recon-1.1.0-SNAPSHOT.jar:/home/user/.m2/repository/org/apache/hadoop/hadoop-ozone-reconcodegen/1.1.0-SNAPSHOT/hadoop-ozone-reconcodegen-1.1.0-SNAPSHOT.jar:/home/user/.m2/repository/com/google/inject/extensions/guice-multibindings/4.0/guice-multibindings-4.0.jar:/home/user/.m2/repository/com/google/inject/guice/4.0/guice-4.0.jar:/home/user/.m2/repository/aopalliance/aopalliance/1.0/aopalliance-1.0.jar:/home/user/.m2/repository/com/google/inject/extensions/guice-assistedinject/4.0/guice-assistedinject-4.0.jar:/home/user/.m2/repository/com/google/inject/extensions/guice-servlet/4.0/guice-servlet-4.0.jar:/home/user/.m2/repository/org/glassfish/jersey/containers/jersey-container-servlet/2.27/jersey-container-servlet-2.27.jar:/home/user/.m2/repository/org/glassfish/hk2/guice-bridge/2.5.0/guice-bridge-2.5.0.jar:/home/user/.m2/repository/org/glassfish/jersey/core/jersey-server/2.27/jersey-server-2.27.jar:/home/user/.m2/repository/org/glassfish/jersey/core/jersey-client/2.27/jersey-client-2.27.jar:/home/user/.m2/repository/org/glassfish/jersey/media/jersey-media-jaxb/2.27/jersey-media-jaxb-2.27.jar:/home/user/.m2/repository/javax/validation/validation-api/1.1.0.Final/validation-api-1.1.0.Final.jar:/home/user/.m2/repository/org/glassfish/jersey/media/jersey-media-json-jackson/2.27/jersey-media-json-jackson-2.27.jar:/home/user/.m2/repository/org/glassfish/jersey/ext/jersey-entity-filtering/2.27/jersey-entity-filtering-2.27.jar:/home/user/.m2/repository/org/jooq/jooq/3.11.10/jooq-3.11.10.jar:/home/user/.m2/repository/org/jooq/jooq-meta/3.11.10/jooq-meta-3.11.10.jar:/home/user/.m2/repository/org/jooq/jooq-codegen/3.11.10/jooq-codegen-3.11.10.jar:/home/user/.m2/repository/com/jolbox/bonecp/0.8.0.RELEASE/bonecp-0.8.0.RELEASE.jar:/home/user/.m2/repository/org/apache/derby/derby/10.14.2.0/derby-10.14.2.0.jar:/home/user/.m2/repository/org/xerial/sqlite-jdbc/3.25.2/sqlite-jdbc-3.25.2.jar:/home/user/.m2/repository/org/springframework/spring-jdbc/5.2.11.RELEASE/spring-jdbc-5.2.11.RELEASE.jar:/home/user/.m2/repository/org/springframework/spring-beans/5.2.11.RELEASE/spring-beans-5.2.11.RELEASE.jar:/home/user/.m2/repository/org/springframework/spring-core/5.2.11.RELEASE/spring-core-5.2.11.RELEASE.jar:/home/user/.m2/repository/org/springframework/spring-jcl/5.2.11.RELEASE/spring-jcl-5.2.11.RELEASE.jar:/home/user/.m2/repository/org/springframework/spring-tx/5.2.11.RELEASE/spring-tx-5.2.11.RELEASE.jar:/home/user/.m2/repository/org/apache/hadoop/hadoop-ozone-client/1.1.0-SNAPSHOT/hadoop-ozone-client-1.1.0-SNAPSHOT.jar:/home/user/.m2/repository/org/apache/hadoop/hadoop-ozone-filesystem/1.1.0-SNAPSHOT/hadoop-ozone-filesystem-1.1.0-SNAPSHOT.jar:/home/user/.m2/repository/org/apache/hadoop/hadoop-ozone-filesystem-common/1.1.0-SNAPSHOT/hadoop-ozone-filesystem-common-1.1.0-SNAPSHOT.jar:/home/user/.m2/repository/org/apache/hadoop/hadoop-ozone-tools/1.1.0-SNAPSHOT/hadoop-ozone-tools-1.1.0-SNAPSHOT.jar:/home/user/.m2/repository/org/apache/ratis/ratis-tools/1.1.0-0bdf24f-SNAPSHOT/ratis-tools-1.1.0-0bdf24f-SNAPSHOT.jar:/home/user/.m2/repository/org/apache/ratis/ratis-proto/1.1.0-0bdf24f-SNAPSHOT/ratis-proto-1.1.0-0bdf24f-SNAPSHOT.jar:/home/user/.m2/repository/org/apache/ratis/ratis-common/1.1.0-0bdf24f-SNAPSHOT/ratis-common-1.1.0-0bdf24f-SNAPSHOT.jar:/home/user/.m2/repository/com/amazonaws/aws-java-sdk-core/1.11.901/aws-java-sdk-core-1.11.901.jar:/home/user/.m2/repository/org/apache/httpcomponents/httpclient/4.5.13/httpclient-4.5.13.jar:/home/user/.m2/repository/org/apache/httpcomponents/httpcore/4.4.13/httpcore-4.4.13.jar:/home/user/.m2/repository/software/amazon/ion/ion-java/1.0.2/ion-java-1.0.2.jar:/home/user/.m2/repository/com/fasterxml/jackson/dataformat/jackson-dataformat-cbor/2.12.1/jackson-dataformat-cbor-2.12.1.jar:/home/user/.m2/repository/joda-time/joda-time/2.8.1/joda-time-2.8.1.jar:/home/user/.m2/repository/com/amazonaws/aws-java-sdk-s3/1.11.901/aws-java-sdk-s3-1.11.901.jar:/home/user/.m2/repository/com/amazonaws/aws-java-sdk-kms/1.11.901/aws-java-sdk-kms-1.11.901.jar:/home/user/.m2/repository/com/amazonaws/jmespath-java/1.11.901/jmespath-java-1.11.901.jar:/home/user/.m2/repository/org/kohsuke/metainf-services/metainf-services/1.8/metainf-services-1.8.jar:/home/user/.m2/repository/org/apache/hadoop/hadoop-hdds-tools/1.1.0-SNAPSHOT/hadoop-hdds-tools-1.1.0-SNAPSHOT.jar:/home/user/.m2/repository/commons-cli/commons-cli/1.2/commons-cli-1.2.jar:/home/user/.m2/repository/org/apache/commons/commons-lang3/3.7/commons-lang3-3.7.jar:/home/user/.m2/repository/org/apache/hadoop/hadoop-ozone-ozone-manager/1.1.0-SNAPSHOT/hadoop-ozone-ozone-manager-1.1.0-SNAPSHOT-tests.jar:/home/user/.m2/repository/org/apache/hadoop/hadoop-hdds-common/1.1.0-SNAPSHOT/hadoop-hdds-common-1.1.0-SNAPSHOT-tests.jar:/home/user/.m2/repository/org/apache/hadoop/hadoop-hdds-hadoop-dependency-client/1.1.0-SNAPSHOT/hadoop-hdds-hadoop-dependency-client-1.1.0-SNAPSHOT.jar:/home/user/.m2/repository/info/picocli/picocli/4.4.0/picocli-4.4.0.jar:/home/user/.m2/repository/com/fasterxml/jackson/core/jackson-annotations/2.12.1/jackson-annotations-2.12.1.jar:/home/user/.m2/repository/javax/annotation/javax.annotation-api/1.2/javax.annotation-api-1.2.jar:/home/user/.m2/repository/org/fusesource/leveldbjni/leveldbjni-all/1.8/leveldbjni-all-1.8.jar:/home/user/.m2/repository/org/apache/ratis/ratis-server/1.1.0-0bdf24f-SNAPSHOT/ratis-server-1.1.0-0bdf24f-SNAPSHOT.jar:/home/user/.m2/repository/org/apache/ratis/ratis-client/1.1.0-0bdf24f-SNAPSHOT/ratis-client-1.1.0-0bdf24f-SNAPSHOT.jar:/home/user/.m2/repository/org/apache/ratis/ratis-server-api/1.1.0-0bdf24f-SNAPSHOT/ratis-server-api-1.1.0-0bdf24f-SNAPSHOT.jar:/home/user/.m2/repository/org/apache/ratis/ratis-metrics/1.1.0-0bdf24f-SNAPSHOT/ratis-metrics-1.1.0-0bdf24f-SNAPSHOT.jar:/home/user/.m2/repository/org/apache/ratis/ratis-netty/1.1.0-0bdf24f-SNAPSHOT/ratis-netty-1.1.0-0bdf24f-SNAPSHOT.jar:/home/user/.m2/repository/org/apache/ratis/ratis-grpc/1.1.0-0bdf24f-SNAPSHOT/ratis-grpc-1.1.0-0bdf24f-SNAPSHOT.jar:/home/user/.m2/repository/org/apache/logging/log4j/log4j-api/2.13.3/log4j-api-2.13.3.jar:/home/user/.m2/repository/org/apache/logging/log4j/log4j-core/2.13.3/log4j-core-2.13.3.jar:/home/user/.m2/repository/com/lmax/disruptor/3.4.2/disruptor-3.4.2.jar:/home/user/.m2/repository/org/apache/commons/commons-pool2/2.6.0/commons-pool2-2.6.0.jar:/home/user/.m2/repository/org/bouncycastle/bcpkix-jdk15on/1.67/bcpkix-jdk15on-1.67.jar:/home/user/.m2/repository/commons-validator/commons-validator/1.6/commons-validator-1.6.jar:/home/user/.m2/repository/commons-beanutils/commons-beanutils/1.9.4/commons-beanutils-1.9.4.jar:/home/user/.m2/repository/commons-digester/commons-digester/1.8.1/commons-digester-1.8.1.jar:/home/user/.m2/repository/commons-collections/commons-collections/3.2.2/commons-collections-3.2.2.jar:/home/user/.m2/repository/io/jaegertracing/jaeger-client/1.2.0/jaeger-client-1.2.0.jar:/home/user/.m2/repository/io/jaegertracing/jaeger-thrift/1.2.0/jaeger-thrift-1.2.0.jar:/home/user/.m2/repository/org/apache/thrift/libthrift/0.13.0/libthrift-0.13.0.jar:/home/user/.m2/repository/com/squareup/okhttp3/okhttp/4.2.2/okhttp-4.2.2.jar:/home/user/.m2/repository/com/squareup/okio/okio/2.2.2/okio-2.2.2.jar:/home/user/.m2/repository/org/jetbrains/kotlin/kotlin-stdlib/1.3.50/kotlin-stdlib-1.3.50.jar:/home/user/.m2/repository/org/jetbrains/kotlin/kotlin-stdlib-common/1.3.50/kotlin-stdlib-common-1.3.50.jar:/home/user/.m2/repository/org/jetbrains/annotations/13.0/annotations-13.0.jar:/home/user/.m2/repository/io/jaegertracing/jaeger-core/1.2.0/jaeger-core-1.2.0.jar:/home/user/.m2/repository/io/jaegertracing/jaeger-tracerresolver/1.2.0/jaeger-tracerresolver-1.2.0.jar:/home/user/.m2/repository/io/opentracing/contrib/opentracing-tracerresolver/0.1.8/opentracing-tracerresolver-0.1.8.jar:/home/user/.m2/repository/io/opentracing/opentracing-util/0.33.0/opentracing-util-0.33.0.jar:/home/user/.m2/repository/io/opentracing/opentracing-api/0.33.0/opentracing-api-0.33.0.jar:/home/user/.m2/repository/io/opentracing/opentracing-noop/0.33.0/opentracing-noop-0.33.0.jar:/home/user/.m2/repository/org/yaml/snakeyaml/1.26/snakeyaml-1.26.jar:/home/user/.m2/repository/junit/junit/4.13.1/junit-4.13.1.jar:/home/user/.m2/repository/org/hamcrest/hamcrest-core/1.3/hamcrest-core-1.3.jar:/home/user/.m2/repository/org/junit/jupiter/junit-jupiter-api/5.7.0/junit-jupiter-api-5.7.0.jar:/home/user/.m2/repository/org/apiguardian/apiguardian-api/1.1.0/apiguardian-api-1.1.0.jar:/home/user/.m2/repository/org/opentest4j/opentest4j/1.2.0/opentest4j-1.2.0.jar:/home/user/.m2/repository/org/junit/platform/junit-platform-commons/1.7.0/junit-platform-commons-1.7.0.jar:/home/user/.m2/repository/org/junit/jupiter/junit-jupiter-engine/5.7.0/junit-jupiter-engine-5.7.0.jar:/home/user/.m2/repository/org/junit/platform/junit-platform-engine/1.7.0/junit-platform-engine-1.7.0.jar:/home/user/.m2/repository/org/junit/vintage/junit-vintage-engine/5.7.0/junit-vintage-engine-5.7.0.jar:/home/user/.m2/repository/org/junit/platform/junit-platform-launcher/1.7.0/junit-platform-launcher-1.7.0.jar:/home/user/.m2/repository/org/openjdk/jmh/jmh-core/1.19/jmh-core-1.19.jar:/home/user/.m2/repository/net/sf/jopt-simple/jopt-simple/4.6/jopt-simple-4.6.jar:/home/user/.m2/repository/org/apache/commons/commons-math3/3.1.1/commons-math3-3.1.1.jar:/home/user/.m2/repository/org/openjdk/jmh/jmh-generator-annprocess/1.19/jmh-generator-annprocess-1.19.jar:/home/user/.m2/repository/org/mockito/mockito-all/1.8.5/mockito-all-1.8.5.jar:/home/user/.m2/repository/org/apache/hadoop/hadoop-kms/3.2.2/hadoop-kms-3.2.2.jar:/home/user/.m2/repository/org/apache/hadoop/hadoop-auth/3.2.2/hadoop-auth-3.2.2.jar:/home/user/.m2/repository/com/nimbusds/nimbus-jose-jwt/7.9/nimbus-jose-jwt-7.9.jar:/home/user/.m2/repository/com/github/stephenc/jcip/jcip-annotations/1.0-1/jcip-annotations-1.0-1.jar:/home/user/.m2/repository/net/minidev/json-smart/2.3/json-smart-2.3.jar:/home/user/.m2/repository/net/minidev/accessors-smart/1.2/accessors-smart-1.2.jar:/home/user/.m2/repository/org/ow2/asm/asm/5.0.4/asm-5.0.4.jar:/home/user/.m2/repository/org/apache/zookeeper/zookeeper/3.4.13/zookeeper-3.4.13.jar:/home/user/.m2/repository/org/apache/yetus/audience-annotations/0.5.0/audience-annotations-0.5.0.jar:/home/user/.m2/repository/org/apache/curator/curator-framework/2.13.0/curator-framework-2.13.0.jar:/home/user/.m2/repository/com/sun/jersey/jersey-core/1.19/jersey-core-1.19.jar:/home/user/.m2/repository/javax/ws/rs/jsr311-api/1.1.1/jsr311-api-1.1.1.jar:/home/user/.m2/repository/com/sun/jersey/jersey-server/1.19/jersey-server-1.19.jar:/home/user/.m2/repository/javax/servlet/javax.servlet-api/3.1.0/javax.servlet-api-3.1.0.jar:/home/user/.m2/repository/org/eclipse/jetty/jetty-server/9.4.35.v20201120/jetty-server-9.4.35.v20201120.jar:/home/user/.m2/repository/org/eclipse/jetty/jetty-http/9.4.35.v20201120/jetty-http-9.4.35.v20201120.jar:/home/user/.m2/repository/org/eclipse/jetty/jetty-io/9.4.35.v20201120/jetty-io-9.4.35.v20201120.jar:/home/user/.m2/repository/org/eclipse/jetty/jetty-webapp/9.4.35.v20201120/jetty-webapp-9.4.35.v20201120.jar:/home/user/.m2/repository/org/eclipse/jetty/jetty-xml/9.4.35.v20201120/jetty-xml-9.4.35.v20201120.jar:/home/user/.m2/repository/org/apache/hadoop/hadoop-common/3.2.2/hadoop-common-3.2.2.jar:/home/user/.m2/repository/commons-net/commons-net/3.6/commons-net-3.6.jar:/home/user/.m2/repository/javax/activation/javax.activation-api/1.2.0/javax.activation-api-1.2.0.jar:/home/user/.m2/repository/com/sun/jersey/jersey-servlet/1.19/jersey-servlet-1.19.jar:/home/user/.m2/repository/com/sun/jersey/jersey-json/1.19/jersey-json-1.19.jar:/home/user/.m2/repository/org/codehaus/jettison/jettison/1.1/jettison-1.1.jar:/home/user/.m2/repository/org/codehaus/jackson/jackson-jaxrs/1.9.2/jackson-jaxrs-1.9.2.jar:/home/user/.m2/repository/org/codehaus/jackson/jackson-xc/1.9.2/jackson-xc-1.9.2.jar:/home/user/.m2/repository/org/apache/commons/commons-configuration2/2.1.1/commons-configuration2-2.1.1.jar:/home/user/.m2/repository/org/apache/commons/commons-text/1.4/commons-text-1.4.jar:/home/user/.m2/repository/com/google/re2j/re2j/1.1/re2j-1.1.jar:/home/user/.m2/repository/com/jcraft/jsch/0.1.54/jsch-0.1.54.jar:/home/user/.m2/repository/org/apache/curator/curator-client/2.13.0/curator-client-2.13.0.jar:/home/user/.m2/repository/org/apache/curator/curator-recipes/2.13.0/curator-recipes-2.13.0.jar:/home/user/.m2/repository/dnsjava/dnsjava/2.1.7/dnsjava-2.1.7.jar:/home/user/.m2/repository/org/slf4j/jul-to-slf4j/1.7.30/jul-to-slf4j-1.7.30.jar:/home/user/.m2/repository/org/eclipse/jetty/jetty-util/9.4.35.v20201120/jetty-util-9.4.35.v20201120.jar:/home/user/.m2/repository/com/fasterxml/jackson/core/jackson-databind/2.12.1/jackson-databind-2.12.1.jar:/home/user/.m2/repository/org/apache/hadoop/hadoop-kms/3.2.2/hadoop-kms-3.2.2-tests.jar:/home/user/.m2/repository/org/apache/hadoop/hadoop-hdds-server-scm/1.1.0-SNAPSHOT/hadoop-hdds-server-scm-1.1.0-SNAPSHOT-tests.jar:/home/user/.m2/repository/org/apache/hadoop/hadoop-hdds-container-service/1.1.0-SNAPSHOT/hadoop-hdds-container-service-1.1.0-SNAPSHOT-tests.jar:/home/user/.m2/repository/commons-codec/commons-codec/1.11/commons-codec-1.11.jar:/home/user/.m2/repository/org/apache/hadoop/hadoop-hdds-hadoop-dependency-test/1.1.0-SNAPSHOT/hadoop-hdds-hadoop-dependency-test-1.1.0-SNAPSHOT.jar:/home/user/.m2/repository/org/apache/hadoop/hadoop-common/3.2.2/hadoop-common-3.2.2-tests.jar:/home/user/.m2/repository/org/apache/hadoop/hadoop-hdfs/3.2.2/hadoop-hdfs-3.2.2-tests.jar:/home/user/.m2/repository/org/eclipse/jetty/jetty-util-ajax/9.4.35.v20201120/jetty-util-ajax-9.4.35.v20201120.jar:/home/user/.m2/repository/commons-daemon/commons-daemon/1.0.13/commons-daemon-1.0.13.jar:/home/user/.m2/repository/io/netty/netty/3.10.6.Final/netty-3.10.6.Final.jar:/home/user/.m2/repository/io/netty/netty-all/4.1.51.Final/netty-all-4.1.51.Final.jar:/home/user/.m2/repository/org/apache/htrace/htrace-core4/4.1.0-incubating/htrace-core4-4.1.0-incubating.jar:/home/user/.m2/repository/org/apache/hadoop/hadoop-distcp/3.2.2/hadoop-distcp-3.2.2.jar:/home/user/.m2/repository/org/apache/hadoop/hadoop-mapreduce-client-jobclient/3.2.2/hadoop-mapreduce-client-jobclient-3.2.2.jar:/home/user/.m2/repository/org/apache/hadoop/hadoop-mapreduce-client-common/3.2.2/hadoop-mapreduce-client-common-3.2.2.jar:/home/user/.m2/repository/org/apache/hadoop/hadoop-yarn-common/3.2.2/hadoop-yarn-common-3.2.2.jar:/home/user/.m2/repository/org/apache/hadoop/hadoop-yarn-api/3.2.2/hadoop-yarn-api-3.2.2.jar:/home/user/.m2/repository/com/sun/jersey/jersey-client/1.19/jersey-client-1.19.jar:/home/user/.m2/repository/com/sun/jersey/contribs/jersey-guice/1.19/jersey-guice-1.19.jar:/home/user/.m2/repository/com/fasterxml/jackson/jaxrs/jackson-jaxrs-json-provider/2.12.1/jackson-jaxrs-json-provider-2.12.1.jar:/home/user/.m2/repository/com/fasterxml/jackson/jaxrs/jackson-jaxrs-base/2.12.1/jackson-jaxrs-base-2.12.1.jar:/home/user/.m2/repository/org/apache/hadoop/hadoop-yarn-client/3.2.2/hadoop-yarn-client-3.2.2.jar:/home/user/.m2/repository/org/apache/hadoop/hadoop-mapreduce-client-core/3.2.2/hadoop-mapreduce-client-core-3.2.2.jar:/home/user/.m2/repository/org/apache/avro/avro/1.7.7/avro-1.7.7.jar:/home/user/.m2/repository/org/codehaus/jackson/jackson-core-asl/1.9.13/jackson-core-asl-1.9.13.jar:/home/user/.m2/repository/org/codehaus/jackson/jackson-mapper-asl/1.9.13/jackson-mapper-asl-1.9.13.jar:/home/user/.m2/repository/com/thoughtworks/paranamer/paranamer/2.3/paranamer-2.3.jar:/home/user/.m2/repository/org/xerial/snappy/snappy-java/1.0.5/snappy-java-1.0.5.jar:/home/user/.m2/repository/org/apache/hadoop/hadoop-annotations/3.2.2/hadoop-annotations-3.2.2.jar:/usr/lib/jvm/java-1.8.0-openjdk-1.8.0.232.b09-0.el7_7.x86_64/jre/../lib/tools.jar:/home/user/.m2/repository/org/apache/hadoop/hadoop-distcp/3.2.2/hadoop-distcp-3.2.2-tests.jar:"/>
    <property name="java.vm.vendor" value="Oracle Corporation"/>
    <property name="sun.arch.data.model" value="64"/>
    <property name="test.build.dir" value="/github/workspace/mnt/ozone/hadoop-ozone/integration-test/target/test-dir"/>
    <property name="test.cache.data" value=""/>
    <property name="java.vendor.url" value="http://java.oracle.com/"/>
    <property name="user.timezone" value=""/>
    <property name="java.vm.specification.version" value="1.8"/>
    <property name="os.name" value="Linux"/>
    <property name="test.build.data" value="/github/workspace/mnt/ozone/hadoop-ozone/integration-test/target/test-dir"/>
    <property name="user.country" value="US"/>
    <property name="sun.java.launcher" value="SUN_STANDARD"/>
    <property name="sun.boot.library.path" value="/usr/lib/jvm/java-1.8.0-openjdk-1.8.0.232.b09-0.el7_7.x86_64/jre/lib/amd64"/>
    <property name="sun.java.command" value="/github/workspace/mnt/ozone/hadoop-ozone/integration-test/target/surefire/surefirebooter8156947425737735028.jar /github/workspace/mnt/ozone/hadoop-ozone/integration-test/target/surefire 2021-03-01T18-02-49_269-jvmRun1 surefire5020311935346716593tmp surefire_126439374074026291tmp"/>
    <property name="surefire.test.class.path" value="/github/workspace/mnt/ozone/hadoop-ozone/integration-test/target/test-classes:/github/workspace/mnt/ozone/hadoop-ozone/integration-test/target/classes:/home/user/.m2/repository/org/apache/hadoop/hadoop-ozone-common/1.1.0-SNAPSHOT/hadoop-ozone-common-1.1.0-SNAPSHOT.jar:/home/user/.m2/repository/org/apache/commons/commons-compress/1.4.1/commons-compress-1.4.1.jar:/home/user/.m2/repository/org/tukaani/xz/1.0/xz-1.0.jar:/home/user/.m2/repository/org/apache/hadoop/hadoop-hdds-common/1.1.0-SNAPSHOT/hadoop-hdds-common-1.1.0-SNAPSHOT.jar:/home/user/.m2/repository/org/apache/hadoop/hadoop-hdds-client/1.1.0-SNAPSHOT/hadoop-hdds-client-1.1.0-SNAPSHOT.jar:/home/user/.m2/repository/org/apache/hadoop/hadoop-ozone-interface-client/1.1.0-SNAPSHOT/hadoop-ozone-interface-client-1.1.0-SNAPSHOT.jar:/home/user/.m2/repository/org/apache/hadoop/hadoop-hdds-test-utils/1.1.0-SNAPSHOT/hadoop-hdds-test-utils-1.1.0-SNAPSHOT.jar:/home/user/.m2/repository/com/google/guava/guava/28.2-jre/guava-28.2-jre.jar:/home/user/.m2/repository/com/google/guava/failureaccess/1.0.1/failureaccess-1.0.1.jar:/home/user/.m2/repository/com/google/guava/listenablefuture/9999.0-empty-to-avoid-conflict-with-guava/listenablefuture-9999.0-empty-to-avoid-conflict-with-guava.jar:/home/user/.m2/repository/com/google/code/findbugs/jsr305/3.0.0/jsr305-3.0.0.jar:/home/user/.m2/repository/org/checkerframework/checker-qual/2.10.0/checker-qual-2.10.0.jar:/home/user/.m2/repository/com/google/errorprone/error_prone_annotations/2.2.0/error_prone_annotations-2.2.0.jar:/home/user/.m2/repository/com/google/j2objc/j2objc-annotations/1.3/j2objc-annotations-1.3.jar:/home/user/.m2/repository/commons-io/commons-io/2.5/commons-io-2.5.jar:/home/user/.m2/repository/commons-logging/commons-logging/1.2/commons-logging-1.2.jar:/home/user/.m2/repository/log4j/log4j/1.2.17/log4j-1.2.17.jar:/home/user/.m2/repository/org/slf4j/slf4j-api/1.7.30/slf4j-api-1.7.30.jar:/home/user/.m2/repository/org/apache/hadoop/hadoop-hdds-server-scm/1.1.0-SNAPSHOT/hadoop-hdds-server-scm-1.1.0-SNAPSHOT.jar:/home/user/.m2/repository/org/apache/hadoop/hadoop-hdds-container-service/1.1.0-SNAPSHOT/hadoop-hdds-container-service-1.1.0-SNAPSHOT.jar:/home/user/.m2/repository/org/apache/hadoop/hadoop-hdds-hadoop-dependency-server/1.1.0-SNAPSHOT/hadoop-hdds-hadoop-dependency-server-1.1.0-SNAPSHOT.jar:/home/user/.m2/repository/org/apache/hadoop/hadoop-hdfs/3.2.2/hadoop-hdfs-3.2.2.jar:/home/user/.m2/repository/org/apache/hadoop/hadoop-hdds-server-framework/1.1.0-SNAPSHOT/hadoop-hdds-server-framework-1.1.0-SNAPSHOT.jar:/home/user/.m2/repository/org/apache/hadoop/hadoop-hdds-interface-server/1.1.0-SNAPSHOT/hadoop-hdds-interface-server-1.1.0-SNAPSHOT.jar:/home/user/.m2/repository/org/apache/hadoop/hadoop-hdds-interface-admin/1.1.0-SNAPSHOT/hadoop-hdds-interface-admin-1.1.0-SNAPSHOT.jar:/home/user/.m2/repository/org/eclipse/jetty/jetty-servlet/9.4.35.v20201120/jetty-servlet-9.4.35.v20201120.jar:/home/user/.m2/repository/org/eclipse/jetty/jetty-security/9.4.35.v20201120/jetty-security-9.4.35.v20201120.jar:/home/user/.m2/repository/org/rocksdb/rocksdbjni/6.8.1/rocksdbjni-6.8.1.jar:/home/user/.m2/repository/io/prometheus/simpleclient_dropwizard/0.7.0/simpleclient_dropwizard-0.7.0.jar:/home/user/.m2/repository/io/prometheus/simpleclient/0.7.0/simpleclient-0.7.0.jar:/home/user/.m2/repository/io/prometheus/simpleclient_common/0.7.0/simpleclient_common-0.7.0.jar:/home/user/.m2/repository/com/fasterxml/jackson/datatype/jackson-datatype-jsr310/2.12.1/jackson-datatype-jsr310-2.12.1.jar:/home/user/.m2/repository/io/dropwizard/metrics/metrics-core/3.2.4/metrics-core-3.2.4.jar:/home/user/.m2/repository/org/apache/hadoop/hadoop-hdfs-client/3.2.2/hadoop-hdfs-client-3.2.2.jar:/home/user/.m2/repository/org/bouncycastle/bcprov-jdk15on/1.67/bcprov-jdk15on-1.67.jar:/home/user/.m2/repository/org/apache/hadoop/hadoop-ozone-ozone-manager/1.1.0-SNAPSHOT/hadoop-ozone-ozone-manager-1.1.0-SNAPSHOT.jar:/home/user/.m2/repository/org/apache/hadoop/hadoop-hdds-interface-client/1.1.0-SNAPSHOT/hadoop-hdds-interface-client-1.1.0-SNAPSHOT.jar:/home/user/.m2/repository/org/apache/ratis/ratis-thirdparty-misc/0.6.0/ratis-thirdparty-misc-0.6.0.jar:/home/user/.m2/repository/org/apache/hadoop/hadoop-ozone-interface-storage/1.1.0-SNAPSHOT/hadoop-ozone-interface-storage-1.1.0-SNAPSHOT.jar:/home/user/.m2/repository/org/apache/hadoop/hadoop-minikdc/3.2.2/hadoop-minikdc-3.2.2.jar:/home/user/.m2/repository/org/apache/kerby/kerb-simplekdc/1.0.1/kerb-simplekdc-1.0.1.jar:/home/user/.m2/repository/org/apache/kerby/kerb-client/1.0.1/kerb-client-1.0.1.jar:/home/user/.m2/repository/org/apache/kerby/kerby-config/1.0.1/kerby-config-1.0.1.jar:/home/user/.m2/repository/org/apache/kerby/kerb-core/1.0.1/kerb-core-1.0.1.jar:/home/user/.m2/repository/org/apache/kerby/kerby-pkix/1.0.1/kerby-pkix-1.0.1.jar:/home/user/.m2/repository/org/apache/kerby/kerby-asn1/1.0.1/kerby-asn1-1.0.1.jar:/home/user/.m2/repository/org/apache/kerby/kerby-util/1.0.1/kerby-util-1.0.1.jar:/home/user/.m2/repository/org/apache/kerby/kerb-common/1.0.1/kerb-common-1.0.1.jar:/home/user/.m2/repository/org/apache/kerby/kerb-crypto/1.0.1/kerb-crypto-1.0.1.jar:/home/user/.m2/repository/org/apache/kerby/kerb-util/1.0.1/kerb-util-1.0.1.jar:/home/user/.m2/repository/org/apache/kerby/token-provider/1.0.1/token-provider-1.0.1.jar:/home/user/.m2/repository/org/apache/kerby/kerb-admin/1.0.1/kerb-admin-1.0.1.jar:/home/user/.m2/repository/org/apache/kerby/kerb-server/1.0.1/kerb-server-1.0.1.jar:/home/user/.m2/repository/org/apache/kerby/kerb-identity/1.0.1/kerb-identity-1.0.1.jar:/home/user/.m2/repository/org/apache/kerby/kerby-xdr/1.0.1/kerby-xdr-1.0.1.jar:/home/user/.m2/repository/org/slf4j/slf4j-log4j12/1.7.30/slf4j-log4j12-1.7.30.jar:/home/user/.m2/repository/org/apache/hadoop/hadoop-ozone-s3gateway/1.1.0-SNAPSHOT/hadoop-ozone-s3gateway-1.1.0-SNAPSHOT.jar:/home/user/.m2/repository/org/jboss/weld/servlet/weld-servlet/2.4.7.Final/weld-servlet-2.4.7.Final.jar:/home/user/.m2/repository/org/glassfish/jersey/containers/jersey-container-servlet-core/2.27/jersey-container-servlet-core-2.27.jar:/home/user/.m2/repository/org/glassfish/hk2/external/javax.inject/2.5.0-b42/javax.inject-2.5.0-b42.jar:/home/user/.m2/repository/org/glassfish/jersey/core/jersey-common/2.27/jersey-common-2.27.jar:/home/user/.m2/repository/org/glassfish/hk2/osgi-resource-locator/1.0.1/osgi-resource-locator-1.0.1.jar:/home/user/.m2/repository/javax/ws/rs/javax.ws.rs-api/2.1/javax.ws.rs-api-2.1.jar:/home/user/.m2/repository/org/glassfish/jersey/ext/cdi/jersey-cdi1x/2.27/jersey-cdi1x-2.27.jar:/home/user/.m2/repository/org/glassfish/jersey/inject/jersey-hk2/2.27/jersey-hk2-2.27.jar:/home/user/.m2/repository/org/glassfish/hk2/hk2-locator/2.5.0-b42/hk2-locator-2.5.0-b42.jar:/home/user/.m2/repository/org/javassist/javassist/3.22.0-CR2/javassist-3.22.0-CR2.jar:/home/user/.m2/repository/org/glassfish/hk2/hk2-api/2.5.0/hk2-api-2.5.0.jar:/home/user/.m2/repository/org/glassfish/hk2/external/jakarta.inject/2.5.0/jakarta.inject-2.5.0.jar:/home/user/.m2/repository/org/glassfish/hk2/hk2-utils/2.5.0/hk2-utils-2.5.0.jar:/home/user/.m2/repository/jakarta/annotation/jakarta.annotation-api/1.3.4/jakarta.annotation-api-1.3.4.jar:/home/user/.m2/repository/org/glassfish/hk2/external/aopalliance-repackaged/2.5.0/aopalliance-repackaged-2.5.0.jar:/home/user/.m2/repository/com/fasterxml/jackson/dataformat/jackson-dataformat-xml/2.12.1/jackson-dataformat-xml-2.12.1.jar:/home/user/.m2/repository/com/fasterxml/jackson/core/jackson-core/2.12.1/jackson-core-2.12.1.jar:/home/user/.m2/repository/com/fasterxml/jackson/module/jackson-module-jaxb-annotations/2.12.1/jackson-module-jaxb-annotations-2.12.1.jar:/home/user/.m2/repository/jakarta/xml/bind/jakarta.xml.bind-api/2.3.2/jakarta.xml.bind-api-2.3.2.jar:/home/user/.m2/repository/jakarta/activation/jakarta.activation-api/1.2.1/jakarta.activation-api-1.2.1.jar:/home/user/.m2/repository/org/codehaus/woodstox/stax2-api/3.1.4/stax2-api-3.1.4.jar:/home/user/.m2/repository/com/fasterxml/woodstox/woodstox-core/5.0.3/woodstox-core-5.0.3.jar:/home/user/.m2/repository/javax/enterprise/cdi-api/1.2/cdi-api-1.2.jar:/home/user/.m2/repository/javax/el/javax.el-api/3.0.0/javax.el-api-3.0.0.jar:/home/user/.m2/repository/javax/interceptor/javax.interceptor-api/1.2/javax.interceptor-api-1.2.jar:/home/user/.m2/repository/javax/inject/javax.inject/1/javax.inject-1.jar:/home/user/.m2/repository/com/sun/xml/bind/jaxb-impl/2.3.0.1/jaxb-impl-2.3.0.1.jar:/home/user/.m2/repository/com/sun/xml/bind/jaxb-core/2.3.0.1/jaxb-core-2.3.0.1.jar:/home/user/.m2/repository/javax/xml/bind/jaxb-api/2.3.0/jaxb-api-2.3.0.jar:/home/user/.m2/repository/javax/activation/activation/1.1.1/activation-1.1.1.jar:/home/user/.m2/repository/org/apache/hadoop/hadoop-ozone-csi/1.1.0-SNAPSHOT/hadoop-ozone-csi-1.1.0-SNAPSHOT.jar:/home/user/.m2/repository/com/google/protobuf/protobuf-java-util/3.12.0/protobuf-java-util-3.12.0.jar:/home/user/.m2/repository/com/google/code/gson/gson/2.2.4/gson-2.2.4.jar:/home/user/.m2/repository/org/apache/hadoop/hadoop-hdds-config/1.1.0-SNAPSHOT/hadoop-hdds-config-1.1.0-SNAPSHOT.jar:/home/user/.m2/repository/com/google/protobuf/protobuf-java/2.5.0/protobuf-java-2.5.0.jar:/home/user/.m2/repository/io/grpc/grpc-netty/1.33.0/grpc-netty-1.33.0.jar:/home/user/.m2/repository/io/grpc/grpc-core/1.33.0/grpc-core-1.33.0.jar:/home/user/.m2/repository/com/google/android/annotations/4.1.1.4/annotations-4.1.1.4.jar:/home/user/.m2/repository/io/netty/netty-codec-http2/4.1.51.Final/netty-codec-http2-4.1.51.Final.jar:/home/user/.m2/repository/io/netty/netty-codec/4.1.51.Final/netty-codec-4.1.51.Final.jar:/home/user/.m2/repository/io/netty/netty-handler/4.1.51.Final/netty-handler-4.1.51.Final.jar:/home/user/.m2/repository/io/netty/netty-codec-http/4.1.51.Final/netty-codec-http-4.1.51.Final.jar:/home/user/.m2/repository/io/netty/netty-handler-proxy/4.1.51.Final/netty-handler-proxy-4.1.51.Final.jar:/home/user/.m2/repository/io/netty/netty-codec-socks/4.1.51.Final/netty-codec-socks-4.1.51.Final.jar:/home/user/.m2/repository/io/perfmark/perfmark-api/0.19.0/perfmark-api-0.19.0.jar:/home/user/.m2/repository/org/codehaus/mojo/animal-sniffer-annotations/1.18/animal-sniffer-annotations-1.18.jar:/home/user/.m2/repository/io/netty/netty-transport-native-epoll/4.1.51.Final/netty-transport-native-epoll-4.1.51.Final.jar:/home/user/.m2/repository/io/netty/netty-common/4.1.51.Final/netty-common-4.1.51.Final.jar:/home/user/.m2/repository/io/netty/netty-buffer/4.1.51.Final/netty-buffer-4.1.51.Final.jar:/home/user/.m2/repository/io/netty/netty-transport/4.1.51.Final/netty-transport-4.1.51.Final.jar:/home/user/.m2/repository/io/netty/netty-resolver/4.1.51.Final/netty-resolver-4.1.51.Final.jar:/home/user/.m2/repository/io/netty/netty-transport-native-unix-common/4.1.51.Final/netty-transport-native-unix-common-4.1.51.Final.jar:/home/user/.m2/repository/io/grpc/grpc-protobuf/1.33.0/grpc-protobuf-1.33.0.jar:/home/user/.m2/repository/io/grpc/grpc-api/1.33.0/grpc-api-1.33.0.jar:/home/user/.m2/repository/io/grpc/grpc-context/1.33.0/grpc-context-1.33.0.jar:/home/user/.m2/repository/com/google/api/grpc/proto-google-common-protos/1.17.0/proto-google-common-protos-1.17.0.jar:/home/user/.m2/repository/io/grpc/grpc-protobuf-lite/1.33.0/grpc-protobuf-lite-1.33.0.jar:/home/user/.m2/repository/io/grpc/grpc-stub/1.33.0/grpc-stub-1.33.0.jar:/home/user/.m2/repository/org/apache/hadoop/hadoop-ozone-recon/1.1.0-SNAPSHOT/hadoop-ozone-recon-1.1.0-SNAPSHOT.jar:/home/user/.m2/repository/org/apache/hadoop/hadoop-ozone-reconcodegen/1.1.0-SNAPSHOT/hadoop-ozone-reconcodegen-1.1.0-SNAPSHOT.jar:/home/user/.m2/repository/com/google/inject/extensions/guice-multibindings/4.0/guice-multibindings-4.0.jar:/home/user/.m2/repository/com/google/inject/guice/4.0/guice-4.0.jar:/home/user/.m2/repository/aopalliance/aopalliance/1.0/aopalliance-1.0.jar:/home/user/.m2/repository/com/google/inject/extensions/guice-assistedinject/4.0/guice-assistedinject-4.0.jar:/home/user/.m2/repository/com/google/inject/extensions/guice-servlet/4.0/guice-servlet-4.0.jar:/home/user/.m2/repository/org/glassfish/jersey/containers/jersey-container-servlet/2.27/jersey-container-servlet-2.27.jar:/home/user/.m2/repository/org/glassfish/hk2/guice-bridge/2.5.0/guice-bridge-2.5.0.jar:/home/user/.m2/repository/org/glassfish/jersey/core/jersey-server/2.27/jersey-server-2.27.jar:/home/user/.m2/repository/org/glassfish/jersey/core/jersey-client/2.27/jersey-client-2.27.jar:/home/user/.m2/repository/org/glassfish/jersey/media/jersey-media-jaxb/2.27/jersey-media-jaxb-2.27.jar:/home/user/.m2/repository/javax/validation/validation-api/1.1.0.Final/validation-api-1.1.0.Final.jar:/home/user/.m2/repository/org/glassfish/jersey/media/jersey-media-json-jackson/2.27/jersey-media-json-jackson-2.27.jar:/home/user/.m2/repository/org/glassfish/jersey/ext/jersey-entity-filtering/2.27/jersey-entity-filtering-2.27.jar:/home/user/.m2/repository/org/jooq/jooq/3.11.10/jooq-3.11.10.jar:/home/user/.m2/repository/org/jooq/jooq-meta/3.11.10/jooq-meta-3.11.10.jar:/home/user/.m2/repository/org/jooq/jooq-codegen/3.11.10/jooq-codegen-3.11.10.jar:/home/user/.m2/repository/com/jolbox/bonecp/0.8.0.RELEASE/bonecp-0.8.0.RELEASE.jar:/home/user/.m2/repository/org/apache/derby/derby/10.14.2.0/derby-10.14.2.0.jar:/home/user/.m2/repository/org/xerial/sqlite-jdbc/3.25.2/sqlite-jdbc-3.25.2.jar:/home/user/.m2/repository/org/springframework/spring-jdbc/5.2.11.RELEASE/spring-jdbc-5.2.11.RELEASE.jar:/home/user/.m2/repository/org/springframework/spring-beans/5.2.11.RELEASE/spring-beans-5.2.11.RELEASE.jar:/home/user/.m2/repository/org/springframework/spring-core/5.2.11.RELEASE/spring-core-5.2.11.RELEASE.jar:/home/user/.m2/repository/org/springframework/spring-jcl/5.2.11.RELEASE/spring-jcl-5.2.11.RELEASE.jar:/home/user/.m2/repository/org/springframework/spring-tx/5.2.11.RELEASE/spring-tx-5.2.11.RELEASE.jar:/home/user/.m2/repository/org/apache/hadoop/hadoop-ozone-client/1.1.0-SNAPSHOT/hadoop-ozone-client-1.1.0-SNAPSHOT.jar:/home/user/.m2/repository/org/apache/hadoop/hadoop-ozone-filesystem/1.1.0-SNAPSHOT/hadoop-ozone-filesystem-1.1.0-SNAPSHOT.jar:/home/user/.m2/repository/org/apache/hadoop/hadoop-ozone-filesystem-common/1.1.0-SNAPSHOT/hadoop-ozone-filesystem-common-1.1.0-SNAPSHOT.jar:/home/user/.m2/repository/org/apache/hadoop/hadoop-ozone-tools/1.1.0-SNAPSHOT/hadoop-ozone-tools-1.1.0-SNAPSHOT.jar:/home/user/.m2/repository/org/apache/ratis/ratis-tools/1.1.0-0bdf24f-SNAPSHOT/ratis-tools-1.1.0-0bdf24f-SNAPSHOT.jar:/home/user/.m2/repository/org/apache/ratis/ratis-proto/1.1.0-0bdf24f-SNAPSHOT/ratis-proto-1.1.0-0bdf24f-SNAPSHOT.jar:/home/user/.m2/repository/org/apache/ratis/ratis-common/1.1.0-0bdf24f-SNAPSHOT/ratis-common-1.1.0-0bdf24f-SNAPSHOT.jar:/home/user/.m2/repository/com/amazonaws/aws-java-sdk-core/1.11.901/aws-java-sdk-core-1.11.901.jar:/home/user/.m2/repository/org/apache/httpcomponents/httpclient/4.5.13/httpclient-4.5.13.jar:/home/user/.m2/repository/org/apache/httpcomponents/httpcore/4.4.13/httpcore-4.4.13.jar:/home/user/.m2/repository/software/amazon/ion/ion-java/1.0.2/ion-java-1.0.2.jar:/home/user/.m2/repository/com/fasterxml/jackson/dataformat/jackson-dataformat-cbor/2.12.1/jackson-dataformat-cbor-2.12.1.jar:/home/user/.m2/repository/joda-time/joda-time/2.8.1/joda-time-2.8.1.jar:/home/user/.m2/repository/com/amazonaws/aws-java-sdk-s3/1.11.901/aws-java-sdk-s3-1.11.901.jar:/home/user/.m2/repository/com/amazonaws/aws-java-sdk-kms/1.11.901/aws-java-sdk-kms-1.11.901.jar:/home/user/.m2/repository/com/amazonaws/jmespath-java/1.11.901/jmespath-java-1.11.901.jar:/home/user/.m2/repository/org/kohsuke/metainf-services/metainf-services/1.8/metainf-services-1.8.jar:/home/user/.m2/repository/org/apache/hadoop/hadoop-hdds-tools/1.1.0-SNAPSHOT/hadoop-hdds-tools-1.1.0-SNAPSHOT.jar:/home/user/.m2/repository/commons-cli/commons-cli/1.2/commons-cli-1.2.jar:/home/user/.m2/repository/org/apache/commons/commons-lang3/3.7/commons-lang3-3.7.jar:/home/user/.m2/repository/org/apache/hadoop/hadoop-ozone-ozone-manager/1.1.0-SNAPSHOT/hadoop-ozone-ozone-manager-1.1.0-SNAPSHOT-tests.jar:/home/user/.m2/repository/org/apache/hadoop/hadoop-hdds-common/1.1.0-SNAPSHOT/hadoop-hdds-common-1.1.0-SNAPSHOT-tests.jar:/home/user/.m2/repository/org/apache/hadoop/hadoop-hdds-hadoop-dependency-client/1.1.0-SNAPSHOT/hadoop-hdds-hadoop-dependency-client-1.1.0-SNAPSHOT.jar:/home/user/.m2/repository/info/picocli/picocli/4.4.0/picocli-4.4.0.jar:/home/user/.m2/repository/com/fasterxml/jackson/core/jackson-annotations/2.12.1/jackson-annotations-2.12.1.jar:/home/user/.m2/repository/javax/annotation/javax.annotation-api/1.2/javax.annotation-api-1.2.jar:/home/user/.m2/repository/org/fusesource/leveldbjni/leveldbjni-all/1.8/leveldbjni-all-1.8.jar:/home/user/.m2/repository/org/apache/ratis/ratis-server/1.1.0-0bdf24f-SNAPSHOT/ratis-server-1.1.0-0bdf24f-SNAPSHOT.jar:/home/user/.m2/repository/org/apache/ratis/ratis-client/1.1.0-0bdf24f-SNAPSHOT/ratis-client-1.1.0-0bdf24f-SNAPSHOT.jar:/home/user/.m2/repository/org/apache/ratis/ratis-server-api/1.1.0-0bdf24f-SNAPSHOT/ratis-server-api-1.1.0-0bdf24f-SNAPSHOT.jar:/home/user/.m2/repository/org/apache/ratis/ratis-metrics/1.1.0-0bdf24f-SNAPSHOT/ratis-metrics-1.1.0-0bdf24f-SNAPSHOT.jar:/home/user/.m2/repository/org/apache/ratis/ratis-netty/1.1.0-0bdf24f-SNAPSHOT/ratis-netty-1.1.0-0bdf24f-SNAPSHOT.jar:/home/user/.m2/repository/org/apache/ratis/ratis-grpc/1.1.0-0bdf24f-SNAPSHOT/ratis-grpc-1.1.0-0bdf24f-SNAPSHOT.jar:/home/user/.m2/repository/org/apache/logging/log4j/log4j-api/2.13.3/log4j-api-2.13.3.jar:/home/user/.m2/repository/org/apache/logging/log4j/log4j-core/2.13.3/log4j-core-2.13.3.jar:/home/user/.m2/repository/com/lmax/disruptor/3.4.2/disruptor-3.4.2.jar:/home/user/.m2/repository/org/apache/commons/commons-pool2/2.6.0/commons-pool2-2.6.0.jar:/home/user/.m2/repository/org/bouncycastle/bcpkix-jdk15on/1.67/bcpkix-jdk15on-1.67.jar:/home/user/.m2/repository/commons-validator/commons-validator/1.6/commons-validator-1.6.jar:/home/user/.m2/repository/commons-beanutils/commons-beanutils/1.9.4/commons-beanutils-1.9.4.jar:/home/user/.m2/repository/commons-digester/commons-digester/1.8.1/commons-digester-1.8.1.jar:/home/user/.m2/repository/commons-collections/commons-collections/3.2.2/commons-collections-3.2.2.jar:/home/user/.m2/repository/io/jaegertracing/jaeger-client/1.2.0/jaeger-client-1.2.0.jar:/home/user/.m2/repository/io/jaegertracing/jaeger-thrift/1.2.0/jaeger-thrift-1.2.0.jar:/home/user/.m2/repository/org/apache/thrift/libthrift/0.13.0/libthrift-0.13.0.jar:/home/user/.m2/repository/com/squareup/okhttp3/okhttp/4.2.2/okhttp-4.2.2.jar:/home/user/.m2/repository/com/squareup/okio/okio/2.2.2/okio-2.2.2.jar:/home/user/.m2/repository/org/jetbrains/kotlin/kotlin-stdlib/1.3.50/kotlin-stdlib-1.3.50.jar:/home/user/.m2/repository/org/jetbrains/kotlin/kotlin-stdlib-common/1.3.50/kotlin-stdlib-common-1.3.50.jar:/home/user/.m2/repository/org/jetbrains/annotations/13.0/annotations-13.0.jar:/home/user/.m2/repository/io/jaegertracing/jaeger-core/1.2.0/jaeger-core-1.2.0.jar:/home/user/.m2/repository/io/jaegertracing/jaeger-tracerresolver/1.2.0/jaeger-tracerresolver-1.2.0.jar:/home/user/.m2/repository/io/opentracing/contrib/opentracing-tracerresolver/0.1.8/opentracing-tracerresolver-0.1.8.jar:/home/user/.m2/repository/io/opentracing/opentracing-util/0.33.0/opentracing-util-0.33.0.jar:/home/user/.m2/repository/io/opentracing/opentracing-api/0.33.0/opentracing-api-0.33.0.jar:/home/user/.m2/repository/io/opentracing/opentracing-noop/0.33.0/opentracing-noop-0.33.0.jar:/home/user/.m2/repository/org/yaml/snakeyaml/1.26/snakeyaml-1.26.jar:/home/user/.m2/repository/junit/junit/4.13.1/junit-4.13.1.jar:/home/user/.m2/repository/org/hamcrest/hamcrest-core/1.3/hamcrest-core-1.3.jar:/home/user/.m2/repository/org/junit/jupiter/junit-jupiter-api/5.7.0/junit-jupiter-api-5.7.0.jar:/home/user/.m2/repository/org/apiguardian/apiguardian-api/1.1.0/apiguardian-api-1.1.0.jar:/home/user/.m2/repository/org/opentest4j/opentest4j/1.2.0/opentest4j-1.2.0.jar:/home/user/.m2/repository/org/junit/platform/junit-platform-commons/1.7.0/junit-platform-commons-1.7.0.jar:/home/user/.m2/repository/org/junit/jupiter/junit-jupiter-engine/5.7.0/junit-jupiter-engine-5.7.0.jar:/home/user/.m2/repository/org/junit/platform/junit-platform-engine/1.7.0/junit-platform-engine-1.7.0.jar:/home/user/.m2/repository/org/junit/vintage/junit-vintage-engine/5.7.0/junit-vintage-engine-5.7.0.jar:/home/user/.m2/repository/org/junit/platform/junit-platform-launcher/1.7.0/junit-platform-launcher-1.7.0.jar:/home/user/.m2/repository/org/openjdk/jmh/jmh-core/1.19/jmh-core-1.19.jar:/home/user/.m2/repository/net/sf/jopt-simple/jopt-simple/4.6/jopt-simple-4.6.jar:/home/user/.m2/repository/org/apache/commons/commons-math3/3.1.1/commons-math3-3.1.1.jar:/home/user/.m2/repository/org/openjdk/jmh/jmh-generator-annprocess/1.19/jmh-generator-annprocess-1.19.jar:/home/user/.m2/repository/org/mockito/mockito-all/1.8.5/mockito-all-1.8.5.jar:/home/user/.m2/repository/org/apache/hadoop/hadoop-kms/3.2.2/hadoop-kms-3.2.2.jar:/home/user/.m2/repository/org/apache/hadoop/hadoop-auth/3.2.2/hadoop-auth-3.2.2.jar:/home/user/.m2/repository/com/nimbusds/nimbus-jose-jwt/7.9/nimbus-jose-jwt-7.9.jar:/home/user/.m2/repository/com/github/stephenc/jcip/jcip-annotations/1.0-1/jcip-annotations-1.0-1.jar:/home/user/.m2/repository/net/minidev/json-smart/2.3/json-smart-2.3.jar:/home/user/.m2/repository/net/minidev/accessors-smart/1.2/accessors-smart-1.2.jar:/home/user/.m2/repository/org/ow2/asm/asm/5.0.4/asm-5.0.4.jar:/home/user/.m2/repository/org/apache/zookeeper/zookeeper/3.4.13/zookeeper-3.4.13.jar:/home/user/.m2/repository/org/apache/yetus/audience-annotations/0.5.0/audience-annotations-0.5.0.jar:/home/user/.m2/repository/org/apache/curator/curator-framework/2.13.0/curator-framework-2.13.0.jar:/home/user/.m2/repository/com/sun/jersey/jersey-core/1.19/jersey-core-1.19.jar:/home/user/.m2/repository/javax/ws/rs/jsr311-api/1.1.1/jsr311-api-1.1.1.jar:/home/user/.m2/repository/com/sun/jersey/jersey-server/1.19/jersey-server-1.19.jar:/home/user/.m2/repository/javax/servlet/javax.servlet-api/3.1.0/javax.servlet-api-3.1.0.jar:/home/user/.m2/repository/org/eclipse/jetty/jetty-server/9.4.35.v20201120/jetty-server-9.4.35.v20201120.jar:/home/user/.m2/repository/org/eclipse/jetty/jetty-http/9.4.35.v20201120/jetty-http-9.4.35.v20201120.jar:/home/user/.m2/repository/org/eclipse/jetty/jetty-io/9.4.35.v20201120/jetty-io-9.4.35.v20201120.jar:/home/user/.m2/repository/org/eclipse/jetty/jetty-webapp/9.4.35.v20201120/jetty-webapp-9.4.35.v20201120.jar:/home/user/.m2/repository/org/eclipse/jetty/jetty-xml/9.4.35.v20201120/jetty-xml-9.4.35.v20201120.jar:/home/user/.m2/repository/org/apache/hadoop/hadoop-common/3.2.2/hadoop-common-3.2.2.jar:/home/user/.m2/repository/commons-net/commons-net/3.6/commons-net-3.6.jar:/home/user/.m2/repository/javax/activation/javax.activation-api/1.2.0/javax.activation-api-1.2.0.jar:/home/user/.m2/repository/com/sun/jersey/jersey-servlet/1.19/jersey-servlet-1.19.jar:/home/user/.m2/repository/com/sun/jersey/jersey-json/1.19/jersey-json-1.19.jar:/home/user/.m2/repository/org/codehaus/jettison/jettison/1.1/jettison-1.1.jar:/home/user/.m2/repository/org/codehaus/jackson/jackson-jaxrs/1.9.2/jackson-jaxrs-1.9.2.jar:/home/user/.m2/repository/org/codehaus/jackson/jackson-xc/1.9.2/jackson-xc-1.9.2.jar:/home/user/.m2/repository/org/apache/commons/commons-configuration2/2.1.1/commons-configuration2-2.1.1.jar:/home/user/.m2/repository/org/apache/commons/commons-text/1.4/commons-text-1.4.jar:/home/user/.m2/repository/com/google/re2j/re2j/1.1/re2j-1.1.jar:/home/user/.m2/repository/com/jcraft/jsch/0.1.54/jsch-0.1.54.jar:/home/user/.m2/repository/org/apache/curator/curator-client/2.13.0/curator-client-2.13.0.jar:/home/user/.m2/repository/org/apache/curator/curator-recipes/2.13.0/curator-recipes-2.13.0.jar:/home/user/.m2/repository/dnsjava/dnsjava/2.1.7/dnsjava-2.1.7.jar:/home/user/.m2/repository/org/slf4j/jul-to-slf4j/1.7.30/jul-to-slf4j-1.7.30.jar:/home/user/.m2/repository/org/eclipse/jetty/jetty-util/9.4.35.v20201120/jetty-util-9.4.35.v20201120.jar:/home/user/.m2/repository/com/fasterxml/jackson/core/jackson-databind/2.12.1/jackson-databind-2.12.1.jar:/home/user/.m2/repository/org/apache/hadoop/hadoop-kms/3.2.2/hadoop-kms-3.2.2-tests.jar:/home/user/.m2/repository/org/apache/hadoop/hadoop-hdds-server-scm/1.1.0-SNAPSHOT/hadoop-hdds-server-scm-1.1.0-SNAPSHOT-tests.jar:/home/user/.m2/repository/org/apache/hadoop/hadoop-hdds-container-service/1.1.0-SNAPSHOT/hadoop-hdds-container-service-1.1.0-SNAPSHOT-tests.jar:/home/user/.m2/repository/commons-codec/commons-codec/1.11/commons-codec-1.11.jar:/home/user/.m2/repository/org/apache/hadoop/hadoop-hdds-hadoop-dependency-test/1.1.0-SNAPSHOT/hadoop-hdds-hadoop-dependency-test-1.1.0-SNAPSHOT.jar:/home/user/.m2/repository/org/apache/hadoop/hadoop-common/3.2.2/hadoop-common-3.2.2-tests.jar:/home/user/.m2/repository/org/apache/hadoop/hadoop-hdfs/3.2.2/hadoop-hdfs-3.2.2-tests.jar:/home/user/.m2/repository/org/eclipse/jetty/jetty-util-ajax/9.4.35.v20201120/jetty-util-ajax-9.4.35.v20201120.jar:/home/user/.m2/repository/commons-daemon/commons-daemon/1.0.13/commons-daemon-1.0.13.jar:/home/user/.m2/repository/io/netty/netty/3.10.6.Final/netty-3.10.6.Final.jar:/home/user/.m2/repository/io/netty/netty-all/4.1.51.Final/netty-all-4.1.51.Final.jar:/home/user/.m2/repository/org/apache/htrace/htrace-core4/4.1.0-incubating/htrace-core4-4.1.0-incubating.jar:/home/user/.m2/repository/org/apache/hadoop/hadoop-distcp/3.2.2/hadoop-distcp-3.2.2.jar:/home/user/.m2/repository/org/apache/hadoop/hadoop-mapreduce-client-jobclient/3.2.2/hadoop-mapreduce-client-jobclient-3.2.2.jar:/home/user/.m2/repository/org/apache/hadoop/hadoop-mapreduce-client-common/3.2.2/hadoop-mapreduce-client-common-3.2.2.jar:/home/user/.m2/repository/org/apache/hadoop/hadoop-yarn-common/3.2.2/hadoop-yarn-common-3.2.2.jar:/home/user/.m2/repository/org/apache/hadoop/hadoop-yarn-api/3.2.2/hadoop-yarn-api-3.2.2.jar:/home/user/.m2/repository/com/sun/jersey/jersey-client/1.19/jersey-client-1.19.jar:/home/user/.m2/repository/com/sun/jersey/contribs/jersey-guice/1.19/jersey-guice-1.19.jar:/home/user/.m2/repository/com/fasterxml/jackson/jaxrs/jackson-jaxrs-json-provider/2.12.1/jackson-jaxrs-json-provider-2.12.1.jar:/home/user/.m2/repository/com/fasterxml/jackson/jaxrs/jackson-jaxrs-base/2.12.1/jackson-jaxrs-base-2.12.1.jar:/home/user/.m2/repository/org/apache/hadoop/hadoop-yarn-client/3.2.2/hadoop-yarn-client-3.2.2.jar:/home/user/.m2/repository/org/apache/hadoop/hadoop-mapreduce-client-core/3.2.2/hadoop-mapreduce-client-core-3.2.2.jar:/home/user/.m2/repository/org/apache/avro/avro/1.7.7/avro-1.7.7.jar:/home/user/.m2/repository/org/codehaus/jackson/jackson-core-asl/1.9.13/jackson-core-asl-1.9.13.jar:/home/user/.m2/repository/org/codehaus/jackson/jackson-mapper-asl/1.9.13/jackson-mapper-asl-1.9.13.jar:/home/user/.m2/repository/com/thoughtworks/paranamer/paranamer/2.3/paranamer-2.3.jar:/home/user/.m2/repository/org/xerial/snappy/snappy-java/1.0.5/snappy-java-1.0.5.jar:/home/user/.m2/repository/org/apache/hadoop/hadoop-annotations/3.2.2/hadoop-annotations-3.2.2.jar:/usr/lib/jvm/java-1.8.0-openjdk-1.8.0.232.b09-0.el7_7.x86_64/jre/../lib/tools.jar:/home/user/.m2/repository/org/apache/hadoop/hadoop-distcp/3.2.2/hadoop-distcp-3.2.2-tests.jar:"/>
    <property name="sun.cpu.endian" value="little"/>
    <property name="user.home" value="/home/user"/>
    <property name="user.language" value="en"/>
    <property name="java.specification.vendor" value="Oracle Corporation"/>
    <property name="java.home" value="/usr/lib/jvm/java-1.8.0-openjdk-1.8.0.232.b09-0.el7_7.x86_64/jre"/>
    <property name="java.security.krb5.conf" value="/github/workspace/mnt/ozone/hadoop-ozone/integration-test/target/test-classes/krb5.conf"/>
    <property name="basedir" value="/github/workspace/mnt/ozone/hadoop-ozone/integration-test"/>
    <property name="file.separator" value="/"/>
    <property name="line.separator" value="&#10;"/>
    <property name="java.vm.specification.vendor" value="Oracle Corporation"/>
    <property name="java.specification.name" value="Java Platform API Specification"/>
    <property name="java.awt.graphicsenv" value="sun.awt.X11GraphicsEnvironment"/>
    <property name="skip.installnpx" value="true"/>
    <property name="surefire.real.class.path" value="/github/workspace/mnt/ozone/hadoop-ozone/integration-test/target/surefire/surefirebooter8156947425737735028.jar:/home/user/.m2/repository/org/jacoco/org.jacoco.agent/0.8.5/org.jacoco.agent-0.8.5-runtime.jar"/>
    <property name="hadoop.log.dir" value="/github/workspace/mnt/ozone/hadoop-ozone/integration-test/target/log"/>
    <property name="sun.boot.class.path" value="/usr/lib/jvm/java-1.8.0-openjdk-1.8.0.232.b09-0.el7_7.x86_64/jre/lib/resources.jar:/usr/lib/jvm/java-1.8.0-openjdk-1.8.0.232.b09-0.el7_7.x86_64/jre/lib/rt.jar:/usr/lib/jvm/java-1.8.0-openjdk-1.8.0.232.b09-0.el7_7.x86_64/jre/lib/sunrsasign.jar:/usr/lib/jvm/java-1.8.0-openjdk-1.8.0.232.b09-0.el7_7.x86_64/jre/lib/jsse.jar:/usr/lib/jvm/java-1.8.0-openjdk-1.8.0.232.b09-0.el7_7.x86_64/jre/lib/jce.jar:/usr/lib/jvm/java-1.8.0-openjdk-1.8.0.232.b09-0.el7_7.x86_64/jre/lib/charsets.jar:/usr/lib/jvm/java-1.8.0-openjdk-1.8.0.232.b09-0.el7_7.x86_64/jre/lib/jfr.jar:/usr/lib/jvm/java-1.8.0-openjdk-1.8.0.232.b09-0.el7_7.x86_64/jre/classes"/>
    <property name="sun.management.compiler" value="HotSpot 64-Bit Tiered Compilers"/>
    <property name="skip.npx" value="true"/>
    <property name="java.runtime.version" value="1.8.0_232-b09"/>
    <property name="java.net.preferIPv4Stack" value="true"/>
    <property name="user.name" value="jenkins1001"/>
    <property name="path.separator" value=":"/>
    <property name="java.security.egd" value="file:///dev/urandom"/>
    <property name="os.version" value="5.4.0-1039-azure"/>
    <property name="java.endorsed.dirs" value="/usr/lib/jvm/java-1.8.0-openjdk-1.8.0.232.b09-0.el7_7.x86_64/jre/lib/endorsed"/>
    <property name="java.runtime.name" value="OpenJDK Runtime Environment"/>
    <property name="file.encoding" value="ANSI_X3.4-1968"/>
    <property name="java.vm.name" value="OpenJDK 64-Bit Server VM"/>
    <property name="test.build.webapps" value=""/>
    <property name="localRepository" value="/home/user/.m2/repository"/>
    <property name="java.vendor.url.bug" value="http://bugreport.sun.com/bugreport/"/>
    <property name="java.io.tmpdir" value="/tmp"/>
    <property name="require.test.libhadoop" value=""/>
    <property name="java.version" value="1.8.0_232"/>
    <property name="user.dir" value="/github/workspace/mnt/ozone/hadoop-ozone/integration-test"/>
    <property name="os.arch" value="amd64"/>
    <property name="java.vm.specification.name" value="Java Virtual Machine Specification"/>
    <property name="test.build.classes" value="/github/workspace/mnt/ozone/hadoop-ozone/integration-test/target/test-classes"/>
    <property name="java.awt.printerjob" value="sun.print.PSPrinterJob"/>
    <property name="sun.os.patch.level" value="unknown"/>
    <property name="hadoop.tmp.dir" value="/github/workspace/mnt/ozone/hadoop-ozone/integration-test/target/tmp"/>
    <property name="java.library.path" value="/usr/lib:/usr/java/packages/lib/amd64:/usr/lib64:/lib64:/lib:/usr/lib"/>
    <property name="java.vm.info" value="mixed mode"/>
    <property name="java.vendor" value="Oracle Corporation"/>
    <property name="java.vm.version" value="25.232-b09"/>
    <property name="java.ext.dirs" value="/usr/lib/jvm/java-1.8.0-openjdk-1.8.0.232.b09-0.el7_7.x86_64/jre/lib/ext:/usr/java/packages/lib/ext"/>
    <property name="sun.io.unicode.encoding" value="UnicodeLittle"/>
    <property name="java.class.version" value="52.0"/>
  </properties>
  <testcase name="test2DatanodesFailure" classname="org.apache.hadoop.ozone.client.rpc.TestBlockOutputStreamWithFailuresFlushDelay" time="73.864"/>
  <testcase name="testDatanodeFailureWithPreAllocation" classname="org.apache.hadoop.ozone.client.rpc.TestBlockOutputStreamWithFailuresFlushDelay" time="82.324"/>
  <testcase name="testDatanodeFailureWithSingleNodeRatis" classname="org.apache.hadoop.ozone.client.rpc.TestBlockOutputStreamWithFailuresFlushDelay" time="85.25"/>
  <testcase name="testWatchForCommitWithSingleNodeRatis" classname="org.apache.hadoop.ozone.client.rpc.TestBlockOutputStreamWithFailuresFlushDelay" time="40.777"/>
  <testcase name="testWatchForCommitDatanodeFailure" classname="org.apache.hadoop.ozone.client.rpc.TestBlockOutputStreamWithFailuresFlushDelay" time="48.612"/>
  <testcase name="testFailureWithPrimeSizedData" classname="org.apache.hadoop.ozone.client.rpc.TestBlockOutputStreamWithFailuresFlushDelay" time="36.549"/>
  <testcase name="testWatchForCommitWithCloseContainerException" classname="org.apache.hadoop.ozone.client.rpc.TestBlockOutputStreamWithFailuresFlushDelay" time="64.501">
    <failure type="java.lang.AssertionError">java.lang.AssertionError
	at org.junit.Assert.fail(Assert.java:87)
	at org.junit.Assert.assertTrue(Assert.java:42)
	at org.junit.Assert.assertTrue(Assert.java:53)
	at org.apache.hadoop.ozone.client.rpc.TestBlockOutputStreamWithFailuresFlushDelay.testWatchForCommitWithCloseContainerException(TestBlockOutputStreamWithFailuresFlushDelay.java:178)
	at sun.reflect.NativeMethodAccessorImpl.invoke0(Native Method)
	at sun.reflect.NativeMethodAccessorImpl.invoke(NativeMethodAccessorImpl.java:62)
	at sun.reflect.DelegatingMethodAccessorImpl.invoke(DelegatingMethodAccessorImpl.java:43)
	at java.lang.reflect.Method.invoke(Method.java:498)
	at org.junit.runners.model.FrameworkMethod$1.runReflectiveCall(FrameworkMethod.java:59)
	at org.junit.internal.runners.model.ReflectiveCallable.run(ReflectiveCallable.java:12)
	at org.junit.runners.model.FrameworkMethod.invokeExplosively(FrameworkMethod.java:56)
	at org.junit.internal.runners.statements.InvokeMethod.evaluate(InvokeMethod.java:17)
	at org.junit.internal.runners.statements.RunBefores.evaluate(RunBefores.java:26)
	at org.junit.internal.runners.statements.RunAfters.evaluate(RunAfters.java:27)
	at org.junit.internal.runners.statements.FailOnTimeout$CallableStatement.call(FailOnTimeout.java:288)
	at org.junit.internal.runners.statements.FailOnTimeout$CallableStatement.call(FailOnTimeout.java:282)
	at java.util.concurrent.FutureTask.run(FutureTask.java:266)
	at java.lang.Thread.run(Thread.java:748)
</failure>
    <system-out><![CDATA[2021-03-01 18:11:30,093 [Time-limited test] WARN  server.ServerUtils (ServerUtils.java:getScmDbDir(148)) - ozone.scm.db.dirs is not configured. We recommend adding this setting. Falling back to ozone.metadata.dirs instead.
2021-03-01 18:11:30,095 [Time-limited test] WARN  server.ServerUtils (ServerUtils.java:getScmDbDir(148)) - ozone.scm.db.dirs is not configured. We recommend adding this setting. Falling back to ozone.metadata.dirs instead.
2021-03-01 18:11:30,096 [Time-limited test] WARN  db.DBStoreBuilder (DBStoreBuilder.java:applyDBDefinition(145)) - ozone.scm.db.dirs is not configured. We recommend adding this setting. Falling back to ozone.metadata.dirs instead.
2021-03-01 18:11:30,129 [Time-limited test] INFO  net.NodeSchemaLoader (NodeSchemaLoader.java:loadSchemaFromFile(126)) - Loading file from sun.misc.CompoundEnumeration@36095b38
2021-03-01 18:11:30,129 [Time-limited test] INFO  net.NodeSchemaLoader (NodeSchemaLoader.java:loadSchema(172)) - Loading network topology layer schema file
2021-03-01 18:11:30,131 [Time-limited test] WARN  server.ServerUtils (ServerUtils.java:sanitizeUserArgs(67)) - ozone.scm.dead.node.interval value = 10000 is smaller than min = 20000 based on the key value of ozone.scm.stale.node.interval, reset to the min value 20000.
2021-03-01 18:11:30,133 [Time-limited test] INFO  node.SCMNodeManager (SCMNodeManager.java:<init>(123)) - Entering startup safe mode.
2021-03-01 18:11:30,134 [Time-limited test] INFO  algorithms.ContainerPlacementPolicyFactory (ContainerPlacementPolicyFactory.java:getPolicy(60)) - Create container placement policy of type org.apache.hadoop.hdds.scm.container.placement.algorithms.SCMContainerPlacementRandom
2021-03-01 18:11:30,134 [Time-limited test] INFO  algorithms.LeaderChoosePolicyFactory (LeaderChoosePolicyFactory.java:getPolicy(57)) - Create leader choose policy of type org.apache.hadoop.hdds.scm.pipeline.leader.choose.algorithms.MinLeaderCountChoosePolicy
2021-03-01 18:11:30,134 [Time-limited test] INFO  pipeline.SCMPipelineManager (SCMPipelineManager.java:initializePipelineState(161)) - No pipeline exists in current db
2021-03-01 18:11:30,134 [Time-limited test] INFO  algorithms.PipelineChoosePolicyFactory (PipelineChoosePolicyFactory.java:createPipelineChoosePolicyFromClass(73)) - Create pipeline choose policy of type org.apache.hadoop.hdds.scm.pipeline.choose.algorithms.RandomPipelineChoosePolicy
2021-03-01 18:11:30,135 [Time-limited test] INFO  safemode.HealthyPipelineSafeModeRule (HealthyPipelineSafeModeRule.java:<init>(89)) - Total pipeline count is 0, healthy pipeline threshold count is 0
2021-03-01 18:11:30,135 [Time-limited test] INFO  safemode.OneReplicaPipelineSafeModeRule (OneReplicaPipelineSafeModeRule.java:<init>(85)) - Total pipeline count is 0, pipeline's with at least one datanode reported threshold count is 0
2021-03-01 18:11:30,136 [Time-limited test] INFO  ipc.CallQueueManager (CallQueueManager.java:<init>(85)) - Using callQueue: class java.util.concurrent.LinkedBlockingQueue, queueCapacity: 2000, scheduler: class org.apache.hadoop.ipc.DefaultRpcScheduler, ipcBackoff: false.
2021-03-01 18:11:30,137 [Socket Reader #1 for port 0] INFO  ipc.Server (Server.java:run(1255)) - Starting Socket Reader #1 for port 0
2021-03-01 18:11:30,137 [Listener at 0.0.0.0/34409] INFO  ipc.CallQueueManager (CallQueueManager.java:<init>(85)) - Using callQueue: class java.util.concurrent.LinkedBlockingQueue, queueCapacity: 2000, scheduler: class org.apache.hadoop.ipc.DefaultRpcScheduler, ipcBackoff: false.
2021-03-01 18:11:30,139 [Listener at 0.0.0.0/34445] INFO  ipc.CallQueueManager (CallQueueManager.java:<init>(85)) - Using callQueue: class java.util.concurrent.LinkedBlockingQueue, queueCapacity: 2000, scheduler: class org.apache.hadoop.ipc.DefaultRpcScheduler, ipcBackoff: false.
2021-03-01 18:11:30,140 [Socket Reader #1 for port 0] INFO  ipc.Server (Server.java:run(1255)) - Starting Socket Reader #1 for port 0
2021-03-01 18:11:30,140 [Socket Reader #1 for port 0] INFO  ipc.Server (Server.java:run(1255)) - Starting Socket Reader #1 for port 0
2021-03-01 18:11:30,141 [Listener at 0.0.0.0/38509] INFO  server.StorageContainerManager (StorageContainerManager.java:start(810)) - StorageContainerLocationProtocol RPC server is listening at /0.0.0.0:38509
2021-03-01 18:11:30,142 [Listener at 0.0.0.0/38509] WARN  impl.MetricsConfig (MetricsConfig.java:loadFirst(136)) - Cannot locate configuration: tried hadoop-metrics2-storagecontainermanager.properties,hadoop-metrics2.properties
2021-03-01 18:11:30,144 [Listener at 0.0.0.0/38509] INFO  impl.MetricsSystemImpl (MetricsSystemImpl.java:startTimer(378)) - Scheduled Metric snapshot period at 10 second(s).
2021-03-01 18:11:30,144 [Listener at 0.0.0.0/38509] INFO  impl.MetricsSystemImpl (MetricsSystemImpl.java:start(191)) - StorageContainerManager metrics system started
2021-03-01 18:11:30,159 [Listener at 0.0.0.0/38509] INFO  impl.MetricsSinkAdapter (MetricsSinkAdapter.java:start(204)) - Sink prometheus started
2021-03-01 18:11:30,159 [Listener at 0.0.0.0/38509] INFO  impl.MetricsSystemImpl (MetricsSystemImpl.java:registerSink(305)) - Registered sink prometheus
2021-03-01 18:11:30,167 [Listener at 0.0.0.0/38509] INFO  server.SCMClientProtocolServer (SCMClientProtocolServer.java:start(161)) - RPC server for Client  is listening at /0.0.0.0:38509
2021-03-01 18:11:30,167 [IPC Server Responder] INFO  ipc.Server (Server.java:run(1497)) - IPC Server Responder: starting
2021-03-01 18:11:30,171 [IPC Server listener on 0] INFO  ipc.Server (Server.java:run(1334)) - IPC Server listener on 0: starting
2021-03-01 18:11:30,175 [Listener at 0.0.0.0/38509] INFO  server.StorageContainerManager (StorageContainerManager.java:start(822)) - ScmBlockLocationProtocol RPC server is listening at /0.0.0.0:34445
2021-03-01 18:11:30,175 [Listener at 0.0.0.0/38509] INFO  server.SCMBlockProtocolServer (SCMBlockProtocolServer.java:start(150)) - RPC server for Block Protocol is listening at /0.0.0.0:34445
2021-03-01 18:11:30,175 [IPC Server Responder] INFO  ipc.Server (Server.java:run(1497)) - IPC Server Responder: starting
2021-03-01 18:11:30,176 [IPC Server listener on 0] INFO  ipc.Server (Server.java:run(1334)) - IPC Server listener on 0: starting
2021-03-01 18:11:30,179 [Listener at 0.0.0.0/38509] INFO  server.StorageContainerManager (StorageContainerManager.java:start(828)) - ScmDatanodeProtocl RPC server is listening at /0.0.0.0:34409
2021-03-01 18:11:30,179 [Listener at 0.0.0.0/38509] INFO  server.SCMDatanodeProtocolServer (SCMDatanodeProtocolServer.java:start(174)) - RPC server for DataNodes is listening at /0.0.0.0:34409
2021-03-01 18:11:30,179 [IPC Server Responder] INFO  ipc.Server (Server.java:run(1497)) - IPC Server Responder: starting
2021-03-01 18:11:30,179 [IPC Server listener on 0] INFO  ipc.Server (Server.java:run(1334)) - IPC Server listener on 0: starting
2021-03-01 18:11:30,188 [Listener at 0.0.0.0/38509] INFO  http.BaseHttpServer (BaseHttpServer.java:newHttpServer2BuilderForOzone(207)) - Starting Web-server for scm at: http://0.0.0.0:0
2021-03-01 18:11:30,188 [Listener at 0.0.0.0/38509] INFO  http.BaseHttpServer (BaseHttpServer.java:<init>(106)) - Hadoop Security Enabled: false Ozone Security Enabled: false Ozone HTTP Security Enabled: false 
2021-03-01 18:11:30,188 [org.apache.hadoop.util.JvmPauseMonitor$Monitor@10dbd5b0] INFO  util.JvmPauseMonitor (JvmPauseMonitor.java:run(188)) - Starting JVM pause monitor
2021-03-01 18:11:30,189 [Listener at 0.0.0.0/38509] INFO  server.AuthenticationFilter (AuthenticationFilter.java:constructSecretProvider(240)) - Unable to initialize FileSignerSecretProvider, falling back to use random secrets.
2021-03-01 18:11:30,189 [Listener at 0.0.0.0/38509] WARN  http.HttpRequestLog (HttpRequestLog.java:getRequestLog(103)) - Jetty request log can only be enabled using Log4j
2021-03-01 18:11:30,190 [Listener at 0.0.0.0/38509] INFO  http.HttpServer2 (HttpServer2.java:addGlobalFilter(1020)) - Added global filter 'safety' (class=org.apache.hadoop.hdds.server.http.HttpServer2$QuotingInputFilter)
2021-03-01 18:11:30,190 [Listener at 0.0.0.0/38509] INFO  http.HttpServer2 (HttpServer2.java:addFilter(996)) - Added filter static_user_filter (class=org.apache.hadoop.http.lib.StaticUserWebFilter$StaticUserFilter) to context scm
2021-03-01 18:11:30,190 [Listener at 0.0.0.0/38509] INFO  http.HttpServer2 (HttpServer2.java:addFilter(1004)) - Added filter static_user_filter (class=org.apache.hadoop.http.lib.StaticUserWebFilter$StaticUserFilter) to context logs
2021-03-01 18:11:30,190 [Listener at 0.0.0.0/38509] INFO  http.HttpServer2 (HttpServer2.java:addFilter(1004)) - Added filter static_user_filter (class=org.apache.hadoop.http.lib.StaticUserWebFilter$StaticUserFilter) to context static
2021-03-01 18:11:30,191 [Listener at 0.0.0.0/38509] INFO  http.HttpServer2 (HttpServer2.java:bindListener(1238)) - Jetty bound to port 32987
2021-03-01 18:11:30,191 [Listener at 0.0.0.0/38509] INFO  server.Server (Server.java:doStart(375)) - jetty-9.4.35.v20201120; built: 2020-11-20T21:17:03.964Z; git: bdc54f03a5e0a7e280fab27f55c3c75ee8da89fb; jvm 1.8.0_232-b09
2021-03-01 18:11:30,192 [Listener at 0.0.0.0/38509] INFO  server.session (DefaultSessionIdManager.java:doStart(334)) - DefaultSessionIdManager workerName=node0
2021-03-01 18:11:30,192 [Listener at 0.0.0.0/38509] INFO  server.session (DefaultSessionIdManager.java:doStart(339)) - No SessionScavenger set, using defaults
2021-03-01 18:11:30,192 [Listener at 0.0.0.0/38509] INFO  server.session (HouseKeeper.java:startScavenging(132)) - node0 Scavenging every 660000ms
2021-03-01 18:11:30,192 [Listener at 0.0.0.0/38509] INFO  handler.ContextHandler (ContextHandler.java:doStart(916)) - Started o.e.j.s.ServletContextHandler@5d2ef7d9{logs,/logs,file:///github/workspace/mnt/ozone/hadoop-ozone/integration-test/target/log,AVAILABLE}
2021-03-01 18:11:30,193 [Listener at 0.0.0.0/38509] INFO  handler.ContextHandler (ContextHandler.java:doStart(916)) - Started o.e.j.s.ServletContextHandler@41102978{static,/static,file:///github/workspace/mnt/ozone/hadoop-ozone/integration-test/target/test-classes/webapps/static,AVAILABLE}
2021-03-01 18:11:30,195 [Listener at 0.0.0.0/38509] INFO  handler.ContextHandler (ContextHandler.java:doStart(916)) - Started o.e.j.w.WebAppContext@4a3b2942{scm,/,file:///github/workspace/mnt/ozone/hadoop-ozone/integration-test/target/test-classes/webapps/scm/,AVAILABLE}{file:/github/workspace/mnt/ozone/hadoop-ozone/integration-test/target/test-classes/webapps/scm}
2021-03-01 18:11:30,203 [Listener at 0.0.0.0/38509] INFO  server.AbstractConnector (AbstractConnector.java:doStart(331)) - Started ServerConnector@595b150{HTTP/1.1, (http/1.1)}{0.0.0.0:32987}
2021-03-01 18:11:30,203 [Listener at 0.0.0.0/38509] INFO  server.Server (Server.java:doStart(415)) - Started @368392ms
2021-03-01 18:11:30,203 [Listener at 0.0.0.0/38509] WARN  impl.MetricsSystemImpl (MetricsSystemImpl.java:register(279)) - Sink prometheus already exists!
2021-03-01 18:11:30,207 [Listener at 0.0.0.0/38509] INFO  http.BaseHttpServer (BaseHttpServer.java:updateConnectorAddress(327)) - HTTP server of scm listening at http://0.0.0.0:32987
2021-03-01 18:11:30,207 [Listener at 0.0.0.0/38509] WARN  server.ServerUtils (ServerUtils.java:getDBPath(225)) - ozone.om.db.dirs is not configured. We recommend adding this setting. Falling back to ozone.metadata.dirs instead.
2021-03-01 18:11:30,208 [Listener at 0.0.0.0/38509] INFO  ha.OMHANodeDetails (OMHANodeDetails.java:loadOMHAConfig(104)) - ozone.om.internal.service.id is not defined, falling back to ozone.om.service.ids to find serviceID for OzoneManager if it is HA enabled cluster
2021-03-01 18:11:30,208 [Listener at 0.0.0.0/38509] INFO  ha.OMHANodeDetails (OMHANodeDetails.java:loadOMHAConfig(210)) - Configuration does not have ozone.om.address set. Falling back to the default OM address /127.0.0.1:0
2021-03-01 18:11:30,209 [Listener at 0.0.0.0/38509] INFO  ha.OMHANodeDetails (OMHANodeDetails.java:getOMNodeDetails(238)) - OM Service ID is not set. Setting it to the default ID: omServiceIdDefault
2021-03-01 18:11:30,209 [Listener at 0.0.0.0/38509] INFO  ha.OMHANodeDetails (OMHANodeDetails.java:getOMNodeDetails(245)) - OM Node ID is not set. Setting it to the default ID: om1
2021-03-01 18:11:30,209 [Listener at 0.0.0.0/38509] WARN  server.ServerUtils (ServerUtils.java:getDBPath(225)) - ozone.om.db.dirs is not configured. We recommend adding this setting. Falling back to ozone.metadata.dirs instead.
2021-03-01 18:11:30,209 [Listener at 0.0.0.0/38509] WARN  server.ServerUtils (ServerUtils.java:getDBPath(225)) - ozone.om.db.dirs is not configured. We recommend adding this setting. Falling back to ozone.metadata.dirs instead.
2021-03-01 18:11:30,216 [Listener at 0.0.0.0/38509] WARN  server.ServerUtils (ServerUtils.java:getDBPath(225)) - ozone.om.db.dirs is not configured. We recommend adding this setting. Falling back to ozone.metadata.dirs instead.
2021-03-01 18:11:30,217 [Listener at 0.0.0.0/38509] INFO  codec.OmKeyInfoCodec (OmKeyInfoCodec.java:<init>(43)) - OmKeyInfoCodec ignorePipeline = true
2021-03-01 18:11:30,217 [Listener at 0.0.0.0/38509] INFO  codec.RepeatedOmKeyInfoCodec (RepeatedOmKeyInfoCodec.java:<init>(42)) - RepeatedOmKeyInfoCodec ignorePipeline = true
2021-03-01 18:11:30,259 [Listener at 0.0.0.0/38509] INFO  om.OzoneManager (OzoneManager.java:addS3GVolumeToDB(3757)) - Created Volume s3v With Owner jenkins1001 required for S3Gateway operations.
2021-03-01 18:11:30,259 [Listener at 0.0.0.0/38509] WARN  server.ServerUtils (ServerUtils.java:getDefaultRatisDirectory(237)) - Storage directory for Ratis is not configured. It is a good idea to map this to an SSD disk. Falling back to ozone.metadata.dirs
2021-03-01 18:11:30,260 [Listener at 0.0.0.0/38509] WARN  ratis.OzoneManagerRatisServer (OzoneManagerRatisServer.java:getOMRatisSnapshotDirectory(632)) - ozone.om.ratis.snapshot.dir is not configured. Falling back to ozone.metadata.dirs config
2021-03-01 18:11:30,260 [Listener at 0.0.0.0/38509] WARN  server.ServerUtils (ServerUtils.java:getDefaultRatisDirectory(237)) - Storage directory for Ratis is not configured. It is a good idea to map this to an SSD disk. Falling back to ozone.metadata.dirs
2021-03-01 18:11:30,260 [Listener at 0.0.0.0/38509] INFO  ratis.OzoneManagerRatisServer (OzoneManagerRatisServer.java:<init>(286)) - Instantiating OM Ratis server with GroupID: omServiceIdDefault and Raft Peers: localhost:9872
2021-03-01 18:11:30,261 [Listener at 0.0.0.0/38509] INFO  ratis.OzoneManagerStateMachine (OzoneManagerStateMachine.java:loadSnapshotInfoFromDB(518)) - LastAppliedIndex is set from TransactionInfo from OM DB as (t:0, i:~)
2021-03-01 18:11:30,261 [Listener at 0.0.0.0/38509] INFO  server.RaftServer (ConfUtils.java:logGet(44)) - raft.rpc.type = GRPC (default)
2021-03-01 18:11:30,261 [Listener at 0.0.0.0/38509] INFO  grpc.GrpcFactory (GrpcFactory.java:checkPooledByteBufAllocatorUseCacheForAllThreads(48)) - PERFORMANCE WARNING: useCacheForAllThreads is true that may cause Netty to create a lot garbage objects and, as a result, trigger GC.
	It is recommended to disable useCacheForAllThreads by setting -Dorg.apache.ratis.thirdparty.io.netty.allocator.useCacheForAllThreads=false in command line.
2021-03-01 18:11:30,261 [Listener at 0.0.0.0/38509] INFO  grpc.GrpcConfigKeys (ConfUtils.java:logGet(44)) - raft.grpc.admin.port = -1 (default)
2021-03-01 18:11:30,261 [Listener at 0.0.0.0/38509] INFO  grpc.GrpcConfigKeys (ConfUtils.java:logGet(44)) - raft.grpc.server.port = 9872 (custom)
2021-03-01 18:11:30,261 [Listener at 0.0.0.0/38509] INFO  grpc.GrpcConfigKeys (ConfUtils.java:logGet(44)) - raft.grpc.client.port = -1 (default)
2021-03-01 18:11:30,261 [Listener at 0.0.0.0/38509] INFO  grpc.GrpcConfigKeys (ConfUtils.java:logGet(44)) - raft.grpc.server.port = 9872 (custom)
2021-03-01 18:11:30,261 [Listener at 0.0.0.0/38509] INFO  grpc.GrpcConfigKeys (ConfUtils.java:logGet(44)) - raft.grpc.server.port = 9872 (custom)
2021-03-01 18:11:30,261 [Listener at 0.0.0.0/38509] INFO  server.GrpcService (ConfUtils.java:logGet(44)) - raft.grpc.message.size.max = 33554432 (custom)
2021-03-01 18:11:30,262 [Listener at 0.0.0.0/38509] INFO  server.RaftServerConfigKeys (ConfUtils.java:logGet(44)) - raft.server.log.appender.buffer.byte-limit = 33554432 (custom)
2021-03-01 18:11:30,262 [Listener at 0.0.0.0/38509] INFO  server.GrpcService (ConfUtils.java:logGet(44)) - raft.grpc.flow.control.window = 1MB (=1048576) (default)
2021-03-01 18:11:30,262 [Listener at 0.0.0.0/38509] INFO  server.RaftServerConfigKeys (ConfUtils.java:logGet(44)) - raft.server.rpc.request.timeout = 3000ms (default)
2021-03-01 18:11:30,263 [Listener at 0.0.0.0/38509] INFO  impl.DataStreamServerImpl (ConfUtils.java:logGet(44)) - raft.datastream.type = DISABLED (default)
2021-03-01 18:11:30,263 [Listener at 0.0.0.0/38509] INFO  server.RaftServerConfigKeys (ConfUtils.java:logGet(44)) - raft.server.rpc.slowness.timeout = 120s (custom)
2021-03-01 18:11:30,263 [Listener at 0.0.0.0/38509] INFO  server.RaftServerConfigKeys (ConfUtils.java:logGet(44)) - raft.server.leaderelection.leader.step-down.wait-time = 10s (default)
2021-03-01 18:11:30,263 [Listener at 0.0.0.0/38509] INFO  server.RaftServerConfigKeys (ConfUtils.java:logGet(44)) - raft.server.storage.dir = [/github/workspace/mnt/ozone/hadoop-ozone/integration-test/target/test-dir/MiniOzoneClusterImpl-5b5774a2-bf3c-4723-a113-e238e3f8131c/ozone-meta/ratis] (custom)
2021-03-01 18:11:30,263 [Listener at 0.0.0.0/38509] INFO  server.RaftServer (RaftServerProxy.java:addNew(95)) - om1: addNew group-C5BA1605619E:[om1|rpc:localhost:9872|priority:0] returns group-C5BA1605619E:java.util.concurrent.CompletableFuture@70b4b2df[Not completed]
2021-03-01 18:11:30,263 [Listener at 0.0.0.0/38509] INFO  om.OzoneManager (OzoneManager.java:initializeRatisServer(1336)) - OzoneManager Ratis server initialized at port 9872
2021-03-01 18:11:30,263 [pool-1002-thread-1] INFO  server.RaftServer$Division (RaftServerImpl.java:<init>(180)) - om1: new RaftServerImpl for group-C5BA1605619E:[om1|rpc:localhost:9872|priority:0] with OzoneManagerStateMachine:uninitialized
2021-03-01 18:11:30,264 [pool-1002-thread-1] INFO  server.RaftServerConfigKeys (ConfUtils.java:logGet(44)) - raft.server.rpc.timeout.min = 1s (custom)
2021-03-01 18:11:30,264 [pool-1002-thread-1] INFO  server.RaftServerConfigKeys (ConfUtils.java:logGet(44)) - raft.server.rpc.timeout.max = 1200ms (custom)
2021-03-01 18:11:30,264 [pool-1002-thread-1] INFO  server.RaftServerConfigKeys (ConfUtils.java:logGet(44)) - raft.server.rpc.sleep.time = 25ms (default)
2021-03-01 18:11:30,264 [pool-1002-thread-1] INFO  server.RaftServerConfigKeys (ConfUtils.java:logGet(44)) - raft.server.rpc.slowness.timeout = 120s (custom)
2021-03-01 18:11:30,264 [pool-1002-thread-1] INFO  server.RaftServerConfigKeys (ConfUtils.java:logGet(44)) - raft.server.leaderelection.leader.step-down.wait-time = 10s (default)
2021-03-01 18:11:30,264 [Listener at 0.0.0.0/38509] INFO  ipc.CallQueueManager (CallQueueManager.java:<init>(85)) - Using callQueue: class java.util.concurrent.LinkedBlockingQueue, queueCapacity: 2000, scheduler: class org.apache.hadoop.ipc.DefaultRpcScheduler, ipcBackoff: false.
2021-03-01 18:11:30,265 [pool-1002-thread-1] INFO  server.RaftServerConfigKeys (ConfUtils.java:logGet(44)) - raft.server.sleep.deviation.threshold = 300ms (default)
2021-03-01 18:11:30,265 [pool-1002-thread-1] INFO  server.RaftServerConfigKeys (ConfUtils.java:logGet(44)) - raft.server.log.appender.install.snapshot.enabled = false (custom)
2021-03-01 18:11:30,266 [pool-1002-thread-1] INFO  server.RaftServer$Division (ServerState.java:<init>(105)) - om1@group-C5BA1605619E: ConfigurationManager, init=-1: [om1|rpc:localhost:9872|priority:0], old=null, confs=<EMPTY_MAP>
2021-03-01 18:11:30,266 [pool-1002-thread-1] INFO  server.RaftServerConfigKeys (ConfUtils.java:logGet(44)) - raft.server.storage.dir = [/github/workspace/mnt/ozone/hadoop-ozone/integration-test/target/test-dir/MiniOzoneClusterImpl-5b5774a2-bf3c-4723-a113-e238e3f8131c/ozone-meta/ratis] (custom)
2021-03-01 18:11:30,266 [pool-1002-thread-1] INFO  server.RaftServerConfigKeys (ConfUtils.java:logGet(44)) - raft.server.log.corruption.policy = EXCEPTION (default)
2021-03-01 18:11:30,267 [pool-1002-thread-1] INFO  storage.RaftStorageDirectory (RaftStorageDirectoryImpl.java:analyzeStorage(132)) - The storage directory /github/workspace/mnt/ozone/hadoop-ozone/integration-test/target/test-dir/MiniOzoneClusterImpl-5b5774a2-bf3c-4723-a113-e238e3f8131c/ozone-meta/ratis/bf265839-605b-3f16-9796-c5ba1605619e does not exist. Creating ...
2021-03-01 18:11:30,267 [Socket Reader #1 for port 0] INFO  ipc.Server (Server.java:run(1255)) - Starting Socket Reader #1 for port 0
2021-03-01 18:11:30,271 [pool-1002-thread-1] INFO  storage.RaftStorageDirectory (RaftStorageDirectoryImpl.java:tryLock(215)) - Lock on /github/workspace/mnt/ozone/hadoop-ozone/integration-test/target/test-dir/MiniOzoneClusterImpl-5b5774a2-bf3c-4723-a113-e238e3f8131c/ozone-meta/ratis/bf265839-605b-3f16-9796-c5ba1605619e/in_use.lock acquired by nodename 4952@83787af071e2
2021-03-01 18:11:30,272 [pool-1002-thread-1] INFO  storage.RaftStorage (RaftStorageImpl.java:format(87)) - Storage directory /github/workspace/mnt/ozone/hadoop-ozone/integration-test/target/test-dir/MiniOzoneClusterImpl-5b5774a2-bf3c-4723-a113-e238e3f8131c/ozone-meta/ratis/bf265839-605b-3f16-9796-c5ba1605619e has been successfully formatted.
2021-03-01 18:11:30,272 [pool-1002-thread-1] ERROR storage.RaftStorage (RaftStorageImpl.java:readRaftConfiguration(147)) - Failed reading configuration from file:/github/workspace/mnt/ozone/hadoop-ozone/integration-test/target/test-dir/MiniOzoneClusterImpl-5b5774a2-bf3c-4723-a113-e238e3f8131c/ozone-meta/ratis/bf265839-605b-3f16-9796-c5ba1605619e/current/raft-meta.conf
java.io.FileNotFoundException: /github/workspace/mnt/ozone/hadoop-ozone/integration-test/target/test-dir/MiniOzoneClusterImpl-5b5774a2-bf3c-4723-a113-e238e3f8131c/ozone-meta/ratis/bf265839-605b-3f16-9796-c5ba1605619e/current/raft-meta.conf (No such file or directory)
	at java.io.FileInputStream.open0(Native Method)
	at java.io.FileInputStream.open(FileInputStream.java:195)
	at java.io.FileInputStream.<init>(FileInputStream.java:138)
	at org.apache.ratis.server.storage.RaftStorageImpl.readRaftConfiguration(RaftStorageImpl.java:143)
	at org.apache.ratis.server.impl.ServerState.<init>(ServerState.java:122)
	at org.apache.ratis.server.impl.RaftServerImpl.<init>(RaftServerImpl.java:193)
	at org.apache.ratis.server.impl.RaftServerProxy.lambda$newRaftServerImpl$4(RaftServerProxy.java:266)
	at java.util.concurrent.CompletableFuture$AsyncSupply.run(CompletableFuture.java:1604)
	at java.util.concurrent.ThreadPoolExecutor.runWorker(ThreadPoolExecutor.java:1149)
	at java.util.concurrent.ThreadPoolExecutor$Worker.run(ThreadPoolExecutor.java:624)
	at java.lang.Thread.run(Thread.java:748)
2021-03-01 18:11:30,272 [pool-1002-thread-1] INFO  server.RaftServerConfigKeys (ConfUtils.java:logGet(44)) - raft.server.notification.no-leader.timeout = 120s (custom)
2021-03-01 18:11:30,272 [pool-1002-thread-1] INFO  server.RaftServerConfigKeys (ConfUtils.java:logGet(44)) - raft.server.log.use.memory = false (default)
2021-03-01 18:11:30,272 [pool-1002-thread-1] INFO  server.RaftServerConfigKeys (ConfUtils.java:logGet(44)) - raft.server.log.purge.gap = 1000000 (custom)
2021-03-01 18:11:30,273 [pool-1002-thread-1] INFO  server.RaftServerConfigKeys (ConfUtils.java:logGet(44)) - raft.server.log.appender.buffer.byte-limit = 33554432 (custom)
2021-03-01 18:11:30,273 [pool-1002-thread-1] INFO  metrics.RatisMetrics (RatisMetrics.java:lambda$create$0(36)) - Creating Metrics Registry : ratis.log_worker.om1@group-C5BA1605619E
2021-03-01 18:11:30,273 [pool-1002-thread-1] INFO  server.RaftServerConfigKeys (ConfUtils.java:logGet(44)) - raft.server.log.segment.size.max = 4194304 (custom)
2021-03-01 18:11:30,274 [pool-1002-thread-1] INFO  server.RaftServerConfigKeys (ConfUtils.java:logGet(44)) - raft.server.log.segment.cache.num.max = 2 (custom)
2021-03-01 18:11:30,274 [pool-1002-thread-1] INFO  server.RaftServerConfigKeys (ConfUtils.java:logGet(44)) - raft.server.log.segment.cache.size.max = 200MB (=209715200) (default)
2021-03-01 18:11:30,274 [pool-1002-thread-1] INFO  segmented.SegmentedRaftLogWorker (SegmentedRaftLogWorker.java:<init>(181)) - new om1@group-C5BA1605619E-SegmentedRaftLogWorker for RaftStorageImpl:Storage Directory /github/workspace/mnt/ozone/hadoop-ozone/integration-test/target/test-dir/MiniOzoneClusterImpl-5b5774a2-bf3c-4723-a113-e238e3f8131c/ozone-meta/ratis/bf265839-605b-3f16-9796-c5ba1605619e
2021-03-01 18:11:30,274 [pool-1002-thread-1] INFO  server.RaftServerConfigKeys (ConfUtils.java:logGet(44)) - raft.server.log.queue.byte-limit = 64MB (=67108864) (default)
2021-03-01 18:11:30,274 [pool-1002-thread-1] INFO  server.RaftServerConfigKeys (ConfUtils.java:logGet(44)) - raft.server.log.queue.element-limit = 4096 (default)
2021-03-01 18:11:30,274 [pool-1002-thread-1] INFO  server.RaftServerConfigKeys (ConfUtils.java:logGet(44)) - raft.server.log.segment.size.max = 4194304 (custom)
2021-03-01 18:11:30,274 [pool-1002-thread-1] INFO  server.RaftServerConfigKeys (ConfUtils.java:logGet(44)) - raft.server.log.preallocated.size = 4194304 (custom)
2021-03-01 18:11:30,274 [pool-1002-thread-1] INFO  server.RaftServerConfigKeys (ConfUtils.java:logGet(44)) - raft.server.log.force.sync.num = 128 (default)
2021-03-01 18:11:30,274 [pool-1002-thread-1] INFO  server.RaftServerConfigKeys (ConfUtils.java:logGet(44)) - raft.server.log.statemachine.data.sync = true (default)
2021-03-01 18:11:30,274 [pool-1002-thread-1] INFO  server.RaftServerConfigKeys (ConfUtils.java:logGet(44)) - raft.server.log.statemachine.data.sync.timeout = 10s (default)
2021-03-01 18:11:30,274 [pool-1002-thread-1] INFO  server.RaftServerConfigKeys (ConfUtils.java:logGet(44)) - raft.server.log.statemachine.data.sync.timeout.retry = -1 (default)
2021-03-01 18:11:30,276 [pool-1002-thread-1] INFO  server.RaftServerConfigKeys (ConfUtils.java:logGet(44)) - raft.server.log.write.buffer.size = 64KB (=65536) (default)
2021-03-01 18:11:30,276 [pool-1002-thread-1] INFO  server.RaftServerConfigKeys (ConfUtils.java:logGet(44)) - raft.server.log.statemachine.data.caching.enabled = false (default)
2021-03-01 18:11:30,276 [pool-1002-thread-1] INFO  segmented.SegmentedRaftLogWorker (SegmentedRaftLogWorker.java:lambda$new$0(132)) - om1@group-C5BA1605619E-SegmentedRaftLogWorker: flushIndex: setUnconditionally 0 -> -1
2021-03-01 18:11:30,276 [pool-1002-thread-1] INFO  segmented.SegmentedRaftLogWorker (SegmentedRaftLogWorker.java:lambda$new$0(132)) - om1@group-C5BA1605619E-SegmentedRaftLogWorker: safeCacheEvictIndex: setUnconditionally 0 -> -1
2021-03-01 18:11:30,283 [pool-1002-thread-1] INFO  server.RaftServerConfigKeys (ConfUtils.java:logGet(44)) - raft.server.snapshot.auto.trigger.enabled = true (custom)
2021-03-01 18:11:30,283 [pool-1002-thread-1] INFO  server.RaftServerConfigKeys (ConfUtils.java:logGet(44)) - raft.server.snapshot.auto.trigger.threshold = 400000 (default)
2021-03-01 18:11:30,283 [pool-1002-thread-1] INFO  server.RaftServerConfigKeys (ConfUtils.java:logGet(44)) - raft.server.snapshot.retention.file.num = -1 (default)
2021-03-01 18:11:30,283 [pool-1002-thread-1] INFO  server.RaftServerConfigKeys (ConfUtils.java:logGet(44)) - raft.server.log.purge.upto.snapshot.index = true (custom)
2021-03-01 18:11:30,283 [pool-1002-thread-1] INFO  server.RaftServerConfigKeys (ConfUtils.java:logGet(44)) - raft.server.retrycache.expirytime = 300s (custom)
2021-03-01 18:11:30,283 [pool-1002-thread-1] INFO  server.RaftServerConfigKeys (ConfUtils.java:logGet(44)) - raft.server.retrycache.statistics.expirytime = 100?s (default)
2021-03-01 18:11:30,283 [pool-1002-thread-1] INFO  metrics.RatisMetrics (RatisMetrics.java:lambda$create$0(36)) - Creating Metrics Registry : ratis.leader_election.om1@group-C5BA1605619E
2021-03-01 18:11:30,284 [pool-1002-thread-1] INFO  metrics.RatisMetrics (RatisMetrics.java:lambda$create$0(36)) - Creating Metrics Registry : ratis.server.om1@group-C5BA1605619E
2021-03-01 18:11:30,284 [Listener at 127.0.0.1/41333] INFO  impl.MetricsSystemImpl (MetricsSystemImpl.java:init(158)) - OzoneManager metrics system started (again)
2021-03-01 18:11:30,285 [Listener at 127.0.0.1/41333] INFO  om.OzoneManager (OzoneManager.java:start(1155)) - OzoneManager RPC server is listening at localhost/127.0.0.1:41333
2021-03-01 18:11:30,285 [Listener at 127.0.0.1/41333] INFO  ratis.OzoneManagerRatisServer (OzoneManagerRatisServer.java:start(386)) - Starting OzoneManagerRatisServer om1 at port 9872
2021-03-01 18:11:30,288 [Listener at 127.0.0.1/41333] INFO  server.RaftServer$Division (RaftServerImpl.java:start(295)) - om1@group-C5BA1605619E: start as a follower, conf=-1: [om1|rpc:localhost:9872|priority:0], old=null
2021-03-01 18:11:30,288 [Listener at 127.0.0.1/41333] INFO  server.RaftServer$Division (RaftServerImpl.java:setRole(284)) - om1@group-C5BA1605619E: changes role from      null to FOLLOWER at term 0 for startAsFollower
2021-03-01 18:11:30,288 [Listener at 127.0.0.1/41333] INFO  impl.RoleInfo (RoleInfo.java:updateAndGet(130)) - om1: start om1@group-C5BA1605619E-FollowerState
2021-03-01 18:11:30,288 [Listener at 127.0.0.1/41333] INFO  util.JmxRegister (JmxRegister.java:tryRegister(44)) - Successfully registered JMX Bean with object name Ratis:service=RaftServer,group=group-C5BA1605619E,id=om1
2021-03-01 18:11:30,288 [Listener at 127.0.0.1/41333] INFO  metrics.RatisMetrics (RatisMetrics.java:lambda$create$0(36)) - Creating Metrics Registry : ratis.state_machine.om1@group-C5BA1605619E
2021-03-01 18:11:30,289 [Listener at 127.0.0.1/41333] INFO  server.RaftServer (RaftServerProxy.java:lambda$start$5(374)) - om1: start RPC server
2021-03-01 18:11:30,290 [Listener at 127.0.0.1/41333] INFO  server.GrpcService (GrpcService.java:startImpl(253)) - om1: GrpcService started, listening on 9872
2021-03-01 18:11:30,290 [org.apache.ratis.util.JvmPauseMonitor$$Lambda$504/1874703858@73bb55ed] INFO  util.JvmPauseMonitor (JvmPauseMonitor.java:run(103)) - JvmPauseMonitor-om1: Started
2021-03-01 18:11:30,420 [Listener at 127.0.0.1/41333] INFO  http.BaseHttpServer (BaseHttpServer.java:newHttpServer2BuilderForOzone(207)) - Starting Web-server for ozoneManager at: http://0.0.0.0:0
2021-03-01 18:11:30,420 [Listener at 127.0.0.1/41333] INFO  http.BaseHttpServer (BaseHttpServer.java:<init>(106)) - Hadoop Security Enabled: false Ozone Security Enabled: false Ozone HTTP Security Enabled: false 
2021-03-01 18:11:30,421 [Listener at 127.0.0.1/41333] INFO  server.AuthenticationFilter (AuthenticationFilter.java:constructSecretProvider(240)) - Unable to initialize FileSignerSecretProvider, falling back to use random secrets.
2021-03-01 18:11:30,422 [Listener at 127.0.0.1/41333] WARN  http.HttpRequestLog (HttpRequestLog.java:getRequestLog(103)) - Jetty request log can only be enabled using Log4j
2021-03-01 18:11:30,422 [Listener at 127.0.0.1/41333] INFO  http.HttpServer2 (HttpServer2.java:addGlobalFilter(1020)) - Added global filter 'safety' (class=org.apache.hadoop.hdds.server.http.HttpServer2$QuotingInputFilter)
2021-03-01 18:11:30,423 [Listener at 127.0.0.1/41333] INFO  http.HttpServer2 (HttpServer2.java:addFilter(996)) - Added filter static_user_filter (class=org.apache.hadoop.http.lib.StaticUserWebFilter$StaticUserFilter) to context ozoneManager
2021-03-01 18:11:30,423 [Listener at 127.0.0.1/41333] INFO  http.HttpServer2 (HttpServer2.java:addFilter(1004)) - Added filter static_user_filter (class=org.apache.hadoop.http.lib.StaticUserWebFilter$StaticUserFilter) to context logs
2021-03-01 18:11:30,423 [Listener at 127.0.0.1/41333] INFO  http.HttpServer2 (HttpServer2.java:addFilter(1004)) - Added filter static_user_filter (class=org.apache.hadoop.http.lib.StaticUserWebFilter$StaticUserFilter) to context static
2021-03-01 18:11:30,423 [Listener at 127.0.0.1/41333] INFO  http.HttpServer2 (HttpServer2.java:bindListener(1238)) - Jetty bound to port 44621
2021-03-01 18:11:30,423 [Listener at 127.0.0.1/41333] INFO  server.Server (Server.java:doStart(375)) - jetty-9.4.35.v20201120; built: 2020-11-20T21:17:03.964Z; git: bdc54f03a5e0a7e280fab27f55c3c75ee8da89fb; jvm 1.8.0_232-b09
2021-03-01 18:11:30,424 [Listener at 127.0.0.1/41333] INFO  server.session (DefaultSessionIdManager.java:doStart(334)) - DefaultSessionIdManager workerName=node0
2021-03-01 18:11:30,424 [Listener at 127.0.0.1/41333] INFO  server.session (DefaultSessionIdManager.java:doStart(339)) - No SessionScavenger set, using defaults
2021-03-01 18:11:30,424 [Listener at 127.0.0.1/41333] INFO  server.session (HouseKeeper.java:startScavenging(132)) - node0 Scavenging every 660000ms
2021-03-01 18:11:30,425 [Listener at 127.0.0.1/41333] INFO  handler.ContextHandler (ContextHandler.java:doStart(916)) - Started o.e.j.s.ServletContextHandler@6f50f132{logs,/logs,file:///github/workspace/mnt/ozone/hadoop-ozone/integration-test/target/log,AVAILABLE}
2021-03-01 18:11:30,425 [Listener at 127.0.0.1/41333] INFO  handler.ContextHandler (ContextHandler.java:doStart(916)) - Started o.e.j.s.ServletContextHandler@2f12b860{static,/static,file:///github/workspace/mnt/ozone/hadoop-ozone/integration-test/target/test-classes/webapps/static,AVAILABLE}
2021-03-01 18:11:30,427 [Listener at 127.0.0.1/41333] INFO  handler.ContextHandler (ContextHandler.java:doStart(916)) - Started o.e.j.w.WebAppContext@7ad596f4{ozoneManager,/,file:///github/workspace/mnt/ozone/hadoop-ozone/integration-test/target/test-classes/webapps/ozoneManager/,AVAILABLE}{file:/github/workspace/mnt/ozone/hadoop-ozone/integration-test/target/test-classes/webapps/ozoneManager}
2021-03-01 18:11:30,428 [Listener at 127.0.0.1/41333] INFO  server.AbstractConnector (AbstractConnector.java:doStart(331)) - Started ServerConnector@24ce4f06{HTTP/1.1, (http/1.1)}{0.0.0.0:44621}
2021-03-01 18:11:30,428 [Listener at 127.0.0.1/41333] INFO  server.Server (Server.java:doStart(415)) - Started @368617ms
2021-03-01 18:11:30,428 [Listener at 127.0.0.1/41333] WARN  impl.MetricsSystemImpl (MetricsSystemImpl.java:register(279)) - Sink prometheus already exists!
2021-03-01 18:11:30,433 [Listener at 127.0.0.1/41333] INFO  http.BaseHttpServer (BaseHttpServer.java:updateConnectorAddress(327)) - HTTP server of ozoneManager listening at http://0.0.0.0:44621
2021-03-01 18:11:30,433 [IPC Server listener on 0] INFO  ipc.Server (Server.java:run(1334)) - IPC Server listener on 0: starting
2021-03-01 18:11:30,433 [IPC Server Responder] INFO  ipc.Server (Server.java:run(1497)) - IPC Server Responder: starting
2021-03-01 18:11:30,440 [Listener at 127.0.0.1/41333] INFO  om.OzoneManager (OzoneManager.java:startTrashEmptier(1276)) - Trash Interval set to 0. Files deleted will not move to trash
2021-03-01 18:11:30,440 [org.apache.hadoop.util.JvmPauseMonitor$Monitor@1176196c] INFO  util.JvmPauseMonitor (JvmPauseMonitor.java:run(188)) - Starting JVM pause monitor
2021-03-01 18:11:30,451 [Listener at 127.0.0.1/41333] INFO  impl.MetricsSystemImpl (MetricsSystemImpl.java:init(158)) - HddsDatanode metrics system started (again)
2021-03-01 18:11:30,452 [Listener at 127.0.0.1/41333] INFO  ozone.HddsDatanodeService (HddsDatanodeService.java:start(217)) - HddsDatanodeService host:83787af071e2 ip:172.17.0.2
2021-03-01 18:11:30,457 [Listener at 127.0.0.1/41333] INFO  volume.HddsVolume (HddsVolume.java:<init>(176)) - Creating Volume: /github/workspace/mnt/ozone/hadoop-ozone/integration-test/target/test-dir/MiniOzoneClusterImpl-5b5774a2-bf3c-4723-a113-e238e3f8131c/datanode-0/data-0/containers/hdds of storage type : DISK and capacity : 9223372036854775807
2021-03-01 18:11:30,457 [Listener at 127.0.0.1/41333] INFO  volume.MutableVolumeSet (MutableVolumeSet.java:initializeVolumeSet(179)) - Added Volume : /github/workspace/mnt/ozone/hadoop-ozone/integration-test/target/test-dir/MiniOzoneClusterImpl-5b5774a2-bf3c-4723-a113-e238e3f8131c/datanode-0/data-0/containers/hdds to VolumeSet
2021-03-01 18:11:30,457 [Listener at 127.0.0.1/41333] INFO  volume.ThrottledAsyncChecker (ThrottledAsyncChecker.java:schedule(141)) - Scheduling a check for /github/workspace/mnt/ozone/hadoop-ozone/integration-test/target/test-dir/MiniOzoneClusterImpl-5b5774a2-bf3c-4723-a113-e238e3f8131c/datanode-0/data-0/containers/hdds
2021-03-01 18:11:30,458 [Listener at 127.0.0.1/41333] INFO  volume.HddsVolumeChecker (HddsVolumeChecker.java:checkAllVolumes(200)) - Scheduled health check for volume /github/workspace/mnt/ozone/hadoop-ozone/integration-test/target/test-dir/MiniOzoneClusterImpl-5b5774a2-bf3c-4723-a113-e238e3f8131c/datanode-0/data-0/containers/hdds
2021-03-01 18:11:30,469 [Thread-4238] INFO  ozoneimpl.ContainerReader (ContainerReader.java:readVolume(125)) - Start to verify containers on volume /github/workspace/mnt/ozone/hadoop-ozone/integration-test/target/test-dir/MiniOzoneClusterImpl-5b5774a2-bf3c-4723-a113-e238e3f8131c/datanode-0/data-0/containers/hdds
2021-03-01 18:11:30,469 [Thread-4238] INFO  ozoneimpl.ContainerReader (ContainerReader.java:readVolume(150)) - Finish verifying containers on volume /github/workspace/mnt/ozone/hadoop-ozone/integration-test/target/test-dir/MiniOzoneClusterImpl-5b5774a2-bf3c-4723-a113-e238e3f8131c/datanode-0/data-0/containers/hdds
2021-03-01 18:11:30,469 [Listener at 127.0.0.1/41333] INFO  ozoneimpl.OzoneContainer (OzoneContainer.java:buildContainerSet(206)) - Build ContainerSet costs 0s
2021-03-01 18:11:30,470 [Listener at 127.0.0.1/41333] INFO  server.RaftServer (ConfUtils.java:logGet(44)) - raft.rpc.type = GRPC (default)
2021-03-01 18:11:30,470 [Listener at 127.0.0.1/41333] INFO  grpc.GrpcFactory (GrpcFactory.java:checkPooledByteBufAllocatorUseCacheForAllThreads(48)) - PERFORMANCE WARNING: useCacheForAllThreads is true that may cause Netty to create a lot garbage objects and, as a result, trigger GC.
	It is recommended to disable useCacheForAllThreads by setting -Dorg.apache.ratis.thirdparty.io.netty.allocator.useCacheForAllThreads=false in command line.
2021-03-01 18:11:30,470 [Listener at 127.0.0.1/41333] INFO  grpc.GrpcConfigKeys (ConfUtils.java:logGet(44)) - raft.grpc.admin.port = 0 (custom)
2021-03-01 18:11:30,471 [Listener at 127.0.0.1/41333] INFO  grpc.GrpcConfigKeys (ConfUtils.java:logGet(44)) - raft.grpc.client.port = 0 (custom)
2021-03-01 18:11:30,471 [Listener at 127.0.0.1/41333] INFO  grpc.GrpcConfigKeys (ConfUtils.java:logGet(44)) - raft.grpc.server.port = 0 (default)
2021-03-01 18:11:30,471 [Listener at 127.0.0.1/41333] INFO  server.GrpcService (ConfUtils.java:logGet(44)) - raft.grpc.message.size.max = 32MB (=33554432) (custom)
2021-03-01 18:11:30,471 [Listener at 127.0.0.1/41333] INFO  server.RaftServerConfigKeys (ConfUtils.java:logGet(44)) - raft.server.log.appender.buffer.byte-limit = 33554432 (custom)
2021-03-01 18:11:30,471 [Listener at 127.0.0.1/41333] INFO  server.GrpcService (ConfUtils.java:logGet(44)) - raft.grpc.flow.control.window = 5MB (=5242880) (custom)
2021-03-01 18:11:30,471 [Listener at 127.0.0.1/41333] INFO  server.RaftServerConfigKeys (ConfUtils.java:logGet(44)) - raft.server.rpc.request.timeout = 3000ms (default)
2021-03-01 18:11:30,472 [Listener at 127.0.0.1/41333] INFO  impl.DataStreamServerImpl (ConfUtils.java:logGet(44)) - raft.datastream.type = DISABLED (default)
2021-03-01 18:11:30,472 [Listener at 127.0.0.1/41333] INFO  server.RaftServerConfigKeys (ConfUtils.java:logGet(44)) - raft.server.rpc.slowness.timeout = 300000ms (custom)
2021-03-01 18:11:30,472 [Listener at 127.0.0.1/41333] INFO  server.RaftServerConfigKeys (ConfUtils.java:logGet(44)) - raft.server.leaderelection.leader.step-down.wait-time = 10s (default)
2021-03-01 18:11:30,472 [Listener at 127.0.0.1/41333] INFO  server.RaftServerConfigKeys (ConfUtils.java:logGet(44)) - raft.server.storage.dir = [/github/workspace/mnt/ozone/hadoop-ozone/integration-test/target/test-dir/MiniOzoneClusterImpl-5b5774a2-bf3c-4723-a113-e238e3f8131c/datanode-0/data/ratis] (custom)
2021-03-01 18:11:30,478 [Listener at 127.0.0.1/41333] INFO  http.BaseHttpServer (BaseHttpServer.java:newHttpServer2BuilderForOzone(207)) - Starting Web-server for hddsDatanode at: http://0.0.0.0:0
2021-03-01 18:11:30,478 [Listener at 127.0.0.1/41333] INFO  http.BaseHttpServer (BaseHttpServer.java:<init>(106)) - Hadoop Security Enabled: false Ozone Security Enabled: false Ozone HTTP Security Enabled: false 
2021-03-01 18:11:30,479 [Listener at 127.0.0.1/41333] INFO  server.AuthenticationFilter (AuthenticationFilter.java:constructSecretProvider(240)) - Unable to initialize FileSignerSecretProvider, falling back to use random secrets.
2021-03-01 18:11:30,479 [Listener at 127.0.0.1/41333] WARN  http.HttpRequestLog (HttpRequestLog.java:getRequestLog(103)) - Jetty request log can only be enabled using Log4j
2021-03-01 18:11:30,480 [Listener at 127.0.0.1/41333] INFO  http.HttpServer2 (HttpServer2.java:addGlobalFilter(1020)) - Added global filter 'safety' (class=org.apache.hadoop.hdds.server.http.HttpServer2$QuotingInputFilter)
2021-03-01 18:11:30,480 [Listener at 127.0.0.1/41333] INFO  http.HttpServer2 (HttpServer2.java:addFilter(996)) - Added filter static_user_filter (class=org.apache.hadoop.http.lib.StaticUserWebFilter$StaticUserFilter) to context hddsDatanode
2021-03-01 18:11:30,480 [Listener at 127.0.0.1/41333] INFO  http.HttpServer2 (HttpServer2.java:addFilter(1004)) - Added filter static_user_filter (class=org.apache.hadoop.http.lib.StaticUserWebFilter$StaticUserFilter) to context logs
2021-03-01 18:11:30,480 [Listener at 127.0.0.1/41333] INFO  http.HttpServer2 (HttpServer2.java:addFilter(1004)) - Added filter static_user_filter (class=org.apache.hadoop.http.lib.StaticUserWebFilter$StaticUserFilter) to context static
2021-03-01 18:11:30,481 [Listener at 127.0.0.1/41333] INFO  http.HttpServer2 (HttpServer2.java:bindListener(1238)) - Jetty bound to port 42489
2021-03-01 18:11:30,481 [Listener at 127.0.0.1/41333] INFO  server.Server (Server.java:doStart(375)) - jetty-9.4.35.v20201120; built: 2020-11-20T21:17:03.964Z; git: bdc54f03a5e0a7e280fab27f55c3c75ee8da89fb; jvm 1.8.0_232-b09
2021-03-01 18:11:30,481 [Listener at 127.0.0.1/41333] INFO  server.session (DefaultSessionIdManager.java:doStart(334)) - DefaultSessionIdManager workerName=node0
2021-03-01 18:11:30,482 [Listener at 127.0.0.1/41333] INFO  server.session (DefaultSessionIdManager.java:doStart(339)) - No SessionScavenger set, using defaults
2021-03-01 18:11:30,482 [Listener at 127.0.0.1/41333] INFO  server.session (HouseKeeper.java:startScavenging(132)) - node0 Scavenging every 660000ms
2021-03-01 18:11:30,482 [Listener at 127.0.0.1/41333] INFO  handler.ContextHandler (ContextHandler.java:doStart(916)) - Started o.e.j.s.ServletContextHandler@2c258764{logs,/logs,file:///github/workspace/mnt/ozone/hadoop-ozone/integration-test/target/log,AVAILABLE}
2021-03-01 18:11:30,482 [Listener at 127.0.0.1/41333] INFO  handler.ContextHandler (ContextHandler.java:doStart(916)) - Started o.e.j.s.ServletContextHandler@1142d973{static,/static,jar:file:/home/user/.m2/repository/org/apache/hadoop/hadoop-hdds-container-service/1.1.0-SNAPSHOT/hadoop-hdds-container-service-1.1.0-SNAPSHOT.jar!/webapps/static,AVAILABLE}
2021-03-01 18:11:30,618 [Listener at 127.0.0.1/41333] INFO  handler.ContextHandler (ContextHandler.java:doStart(916)) - Started o.e.j.w.WebAppContext@66bcbbc4{hddsDatanode,/,file:///tmp/jetty-0_0_0_0-42489-hadoop-hdds-container-service-1_1_0-SNAPSHOT_jar-_-any-1445761208466675617/webapp/,AVAILABLE}{jar:file:/home/user/.m2/repository/org/apache/hadoop/hadoop-hdds-container-service/1.1.0-SNAPSHOT/hadoop-hdds-container-service-1.1.0-SNAPSHOT.jar!/webapps/hddsDatanode}
2021-03-01 18:11:30,619 [Listener at 127.0.0.1/41333] INFO  server.AbstractConnector (AbstractConnector.java:doStart(331)) - Started ServerConnector@665157a3{HTTP/1.1, (http/1.1)}{0.0.0.0:42489}
2021-03-01 18:11:30,619 [Listener at 127.0.0.1/41333] INFO  server.Server (Server.java:doStart(415)) - Started @368808ms
2021-03-01 18:11:30,619 [Listener at 127.0.0.1/41333] WARN  impl.MetricsSystemImpl (MetricsSystemImpl.java:register(279)) - Sink prometheus already exists!
2021-03-01 18:11:30,624 [Listener at 127.0.0.1/41333] INFO  http.BaseHttpServer (BaseHttpServer.java:updateConnectorAddress(327)) - HTTP server of hddsDatanode listening at http://0.0.0.0:42489
2021-03-01 18:11:30,625 [Listener at 127.0.0.1/41333] INFO  impl.MetricsSystemImpl (MetricsSystemImpl.java:init(158)) - HddsDatanode metrics system started (again)
2021-03-01 18:11:30,626 [Listener at 127.0.0.1/41333] INFO  ozone.HddsDatanodeService (HddsDatanodeService.java:start(217)) - HddsDatanodeService host:83787af071e2 ip:172.17.0.2
2021-03-01 18:11:30,631 [org.apache.hadoop.util.JvmPauseMonitor$Monitor@394f1d8e] INFO  util.JvmPauseMonitor (JvmPauseMonitor.java:run(188)) - Starting JVM pause monitor
2021-03-01 18:11:30,631 [Listener at 127.0.0.1/41333] INFO  volume.HddsVolume (HddsVolume.java:<init>(176)) - Creating Volume: /github/workspace/mnt/ozone/hadoop-ozone/integration-test/target/test-dir/MiniOzoneClusterImpl-5b5774a2-bf3c-4723-a113-e238e3f8131c/datanode-1/data-0/containers/hdds of storage type : DISK and capacity : 9223372036854775807
2021-03-01 18:11:30,632 [Listener at 127.0.0.1/41333] INFO  volume.MutableVolumeSet (MutableVolumeSet.java:initializeVolumeSet(179)) - Added Volume : /github/workspace/mnt/ozone/hadoop-ozone/integration-test/target/test-dir/MiniOzoneClusterImpl-5b5774a2-bf3c-4723-a113-e238e3f8131c/datanode-1/data-0/containers/hdds to VolumeSet
2021-03-01 18:11:30,632 [Listener at 127.0.0.1/41333] INFO  volume.ThrottledAsyncChecker (ThrottledAsyncChecker.java:schedule(141)) - Scheduling a check for /github/workspace/mnt/ozone/hadoop-ozone/integration-test/target/test-dir/MiniOzoneClusterImpl-5b5774a2-bf3c-4723-a113-e238e3f8131c/datanode-1/data-0/containers/hdds
2021-03-01 18:11:30,635 [Datanode State Machine Task Thread - 0] INFO  datanode.InitDatanodeState (InitDatanodeState.java:persistContainerDatanodeDetails(145)) - DatanodeDetails is persisted to /github/workspace/mnt/ozone/hadoop-ozone/integration-test/target/test-dir/MiniOzoneClusterImpl-5b5774a2-bf3c-4723-a113-e238e3f8131c/datanode-0/meta/datanode.id
2021-03-01 18:11:30,635 [Listener at 127.0.0.1/41333] INFO  volume.HddsVolumeChecker (HddsVolumeChecker.java:checkAllVolumes(200)) - Scheduled health check for volume /github/workspace/mnt/ozone/hadoop-ozone/integration-test/target/test-dir/MiniOzoneClusterImpl-5b5774a2-bf3c-4723-a113-e238e3f8131c/datanode-1/data-0/containers/hdds
2021-03-01 18:11:30,646 [Thread-4249] INFO  ozoneimpl.ContainerReader (ContainerReader.java:readVolume(125)) - Start to verify containers on volume /github/workspace/mnt/ozone/hadoop-ozone/integration-test/target/test-dir/MiniOzoneClusterImpl-5b5774a2-bf3c-4723-a113-e238e3f8131c/datanode-1/data-0/containers/hdds
2021-03-01 18:11:30,646 [Thread-4249] INFO  ozoneimpl.ContainerReader (ContainerReader.java:readVolume(150)) - Finish verifying containers on volume /github/workspace/mnt/ozone/hadoop-ozone/integration-test/target/test-dir/MiniOzoneClusterImpl-5b5774a2-bf3c-4723-a113-e238e3f8131c/datanode-1/data-0/containers/hdds
2021-03-01 18:11:30,646 [Listener at 127.0.0.1/41333] INFO  ozoneimpl.OzoneContainer (OzoneContainer.java:buildContainerSet(206)) - Build ContainerSet costs 0s
2021-03-01 18:11:30,647 [Listener at 127.0.0.1/41333] INFO  server.RaftServer (ConfUtils.java:logGet(44)) - raft.rpc.type = GRPC (default)
2021-03-01 18:11:30,647 [Listener at 127.0.0.1/41333] INFO  grpc.GrpcFactory (GrpcFactory.java:checkPooledByteBufAllocatorUseCacheForAllThreads(48)) - PERFORMANCE WARNING: useCacheForAllThreads is true that may cause Netty to create a lot garbage objects and, as a result, trigger GC.
	It is recommended to disable useCacheForAllThreads by setting -Dorg.apache.ratis.thirdparty.io.netty.allocator.useCacheForAllThreads=false in command line.
2021-03-01 18:11:30,647 [Listener at 127.0.0.1/41333] INFO  grpc.GrpcConfigKeys (ConfUtils.java:logGet(44)) - raft.grpc.admin.port = 0 (custom)
2021-03-01 18:11:30,647 [Listener at 127.0.0.1/41333] INFO  grpc.GrpcConfigKeys (ConfUtils.java:logGet(44)) - raft.grpc.client.port = 0 (custom)
2021-03-01 18:11:30,647 [Listener at 127.0.0.1/41333] INFO  grpc.GrpcConfigKeys (ConfUtils.java:logGet(44)) - raft.grpc.server.port = 0 (default)
2021-03-01 18:11:30,648 [Listener at 127.0.0.1/41333] INFO  server.GrpcService (ConfUtils.java:logGet(44)) - raft.grpc.message.size.max = 32MB (=33554432) (custom)
2021-03-01 18:11:30,648 [Listener at 127.0.0.1/41333] INFO  server.RaftServerConfigKeys (ConfUtils.java:logGet(44)) - raft.server.log.appender.buffer.byte-limit = 33554432 (custom)
2021-03-01 18:11:30,648 [Listener at 127.0.0.1/41333] INFO  server.GrpcService (ConfUtils.java:logGet(44)) - raft.grpc.flow.control.window = 5MB (=5242880) (custom)
2021-03-01 18:11:30,648 [Listener at 127.0.0.1/41333] INFO  server.RaftServerConfigKeys (ConfUtils.java:logGet(44)) - raft.server.rpc.request.timeout = 3000ms (default)
2021-03-01 18:11:30,649 [Listener at 127.0.0.1/41333] INFO  impl.DataStreamServerImpl (ConfUtils.java:logGet(44)) - raft.datastream.type = DISABLED (default)
2021-03-01 18:11:30,649 [Listener at 127.0.0.1/41333] INFO  server.RaftServerConfigKeys (ConfUtils.java:logGet(44)) - raft.server.rpc.slowness.timeout = 300000ms (custom)
2021-03-01 18:11:30,649 [Listener at 127.0.0.1/41333] INFO  server.RaftServerConfigKeys (ConfUtils.java:logGet(44)) - raft.server.leaderelection.leader.step-down.wait-time = 10s (default)
2021-03-01 18:11:30,649 [Listener at 127.0.0.1/41333] INFO  server.RaftServerConfigKeys (ConfUtils.java:logGet(44)) - raft.server.storage.dir = [/github/workspace/mnt/ozone/hadoop-ozone/integration-test/target/test-dir/MiniOzoneClusterImpl-5b5774a2-bf3c-4723-a113-e238e3f8131c/datanode-1/data/ratis] (custom)
2021-03-01 18:11:30,655 [Listener at 127.0.0.1/41333] INFO  http.BaseHttpServer (BaseHttpServer.java:newHttpServer2BuilderForOzone(207)) - Starting Web-server for hddsDatanode at: http://0.0.0.0:0
2021-03-01 18:11:30,655 [Listener at 127.0.0.1/41333] INFO  http.BaseHttpServer (BaseHttpServer.java:<init>(106)) - Hadoop Security Enabled: false Ozone Security Enabled: false Ozone HTTP Security Enabled: false 
2021-03-01 18:11:30,656 [Listener at 127.0.0.1/41333] INFO  server.AuthenticationFilter (AuthenticationFilter.java:constructSecretProvider(240)) - Unable to initialize FileSignerSecretProvider, falling back to use random secrets.
2021-03-01 18:11:30,656 [Listener at 127.0.0.1/41333] WARN  http.HttpRequestLog (HttpRequestLog.java:getRequestLog(103)) - Jetty request log can only be enabled using Log4j
2021-03-01 18:11:30,657 [Listener at 127.0.0.1/41333] INFO  http.HttpServer2 (HttpServer2.java:addGlobalFilter(1020)) - Added global filter 'safety' (class=org.apache.hadoop.hdds.server.http.HttpServer2$QuotingInputFilter)
2021-03-01 18:11:30,657 [Listener at 127.0.0.1/41333] INFO  http.HttpServer2 (HttpServer2.java:addFilter(996)) - Added filter static_user_filter (class=org.apache.hadoop.http.lib.StaticUserWebFilter$StaticUserFilter) to context hddsDatanode
2021-03-01 18:11:30,657 [Listener at 127.0.0.1/41333] INFO  http.HttpServer2 (HttpServer2.java:addFilter(1004)) - Added filter static_user_filter (class=org.apache.hadoop.http.lib.StaticUserWebFilter$StaticUserFilter) to context logs
2021-03-01 18:11:30,657 [Listener at 127.0.0.1/41333] INFO  http.HttpServer2 (HttpServer2.java:addFilter(1004)) - Added filter static_user_filter (class=org.apache.hadoop.http.lib.StaticUserWebFilter$StaticUserFilter) to context static
2021-03-01 18:11:30,658 [Listener at 127.0.0.1/41333] INFO  http.HttpServer2 (HttpServer2.java:bindListener(1238)) - Jetty bound to port 34247
2021-03-01 18:11:30,658 [Listener at 127.0.0.1/41333] INFO  server.Server (Server.java:doStart(375)) - jetty-9.4.35.v20201120; built: 2020-11-20T21:17:03.964Z; git: bdc54f03a5e0a7e280fab27f55c3c75ee8da89fb; jvm 1.8.0_232-b09
2021-03-01 18:11:30,658 [Listener at 127.0.0.1/41333] INFO  server.session (DefaultSessionIdManager.java:doStart(334)) - DefaultSessionIdManager workerName=node0
2021-03-01 18:11:30,659 [Listener at 127.0.0.1/41333] INFO  server.session (DefaultSessionIdManager.java:doStart(339)) - No SessionScavenger set, using defaults
2021-03-01 18:11:30,659 [Listener at 127.0.0.1/41333] INFO  server.session (HouseKeeper.java:startScavenging(132)) - node0 Scavenging every 600000ms
2021-03-01 18:11:30,659 [Listener at 127.0.0.1/41333] INFO  handler.ContextHandler (ContextHandler.java:doStart(916)) - Started o.e.j.s.ServletContextHandler@65861bc6{logs,/logs,file:///github/workspace/mnt/ozone/hadoop-ozone/integration-test/target/log,AVAILABLE}
2021-03-01 18:11:30,659 [Listener at 127.0.0.1/41333] INFO  handler.ContextHandler (ContextHandler.java:doStart(916)) - Started o.e.j.s.ServletContextHandler@6155bfa4{static,/static,jar:file:/home/user/.m2/repository/org/apache/hadoop/hadoop-hdds-container-service/1.1.0-SNAPSHOT/hadoop-hdds-container-service-1.1.0-SNAPSHOT.jar!/webapps/static,AVAILABLE}
2021-03-01 18:11:30,794 [Listener at 127.0.0.1/41333] INFO  handler.ContextHandler (ContextHandler.java:doStart(916)) - Started o.e.j.w.WebAppContext@10375288{hddsDatanode,/,file:///tmp/jetty-0_0_0_0-34247-hadoop-hdds-container-service-1_1_0-SNAPSHOT_jar-_-any-4802215687072453481/webapp/,AVAILABLE}{jar:file:/home/user/.m2/repository/org/apache/hadoop/hadoop-hdds-container-service/1.1.0-SNAPSHOT/hadoop-hdds-container-service-1.1.0-SNAPSHOT.jar!/webapps/hddsDatanode}
2021-03-01 18:11:30,795 [Listener at 127.0.0.1/41333] INFO  server.AbstractConnector (AbstractConnector.java:doStart(331)) - Started ServerConnector@36fe19e{HTTP/1.1, (http/1.1)}{0.0.0.0:34247}
2021-03-01 18:11:30,795 [Listener at 127.0.0.1/41333] INFO  server.Server (Server.java:doStart(415)) - Started @368984ms
2021-03-01 18:11:30,795 [Listener at 127.0.0.1/41333] WARN  impl.MetricsSystemImpl (MetricsSystemImpl.java:register(279)) - Sink prometheus already exists!
2021-03-01 18:11:30,801 [Listener at 127.0.0.1/41333] INFO  http.BaseHttpServer (BaseHttpServer.java:updateConnectorAddress(327)) - HTTP server of hddsDatanode listening at http://0.0.0.0:34247
2021-03-01 18:11:30,804 [Listener at 127.0.0.1/41333] INFO  impl.MetricsSystemImpl (MetricsSystemImpl.java:init(158)) - HddsDatanode metrics system started (again)
2021-03-01 18:11:30,805 [Listener at 127.0.0.1/41333] INFO  ozone.HddsDatanodeService (HddsDatanodeService.java:start(217)) - HddsDatanodeService host:83787af071e2 ip:172.17.0.2
2021-03-01 18:11:30,807 [org.apache.hadoop.util.JvmPauseMonitor$Monitor@14e56754] INFO  util.JvmPauseMonitor (JvmPauseMonitor.java:run(188)) - Starting JVM pause monitor
2021-03-01 18:11:30,814 [Datanode State Machine Task Thread - 0] INFO  datanode.InitDatanodeState (InitDatanodeState.java:persistContainerDatanodeDetails(145)) - DatanodeDetails is persisted to /github/workspace/mnt/ozone/hadoop-ozone/integration-test/target/test-dir/MiniOzoneClusterImpl-5b5774a2-bf3c-4723-a113-e238e3f8131c/datanode-1/meta/datanode.id
2021-03-01 18:11:30,814 [Listener at 127.0.0.1/41333] INFO  volume.HddsVolume (HddsVolume.java:<init>(176)) - Creating Volume: /github/workspace/mnt/ozone/hadoop-ozone/integration-test/target/test-dir/MiniOzoneClusterImpl-5b5774a2-bf3c-4723-a113-e238e3f8131c/datanode-2/data-0/containers/hdds of storage type : DISK and capacity : 9223372036854775807
2021-03-01 18:11:30,814 [Listener at 127.0.0.1/41333] INFO  volume.MutableVolumeSet (MutableVolumeSet.java:initializeVolumeSet(179)) - Added Volume : /github/workspace/mnt/ozone/hadoop-ozone/integration-test/target/test-dir/MiniOzoneClusterImpl-5b5774a2-bf3c-4723-a113-e238e3f8131c/datanode-2/data-0/containers/hdds to VolumeSet
2021-03-01 18:11:30,815 [Listener at 127.0.0.1/41333] INFO  volume.ThrottledAsyncChecker (ThrottledAsyncChecker.java:schedule(141)) - Scheduling a check for /github/workspace/mnt/ozone/hadoop-ozone/integration-test/target/test-dir/MiniOzoneClusterImpl-5b5774a2-bf3c-4723-a113-e238e3f8131c/datanode-2/data-0/containers/hdds
2021-03-01 18:11:30,815 [Listener at 127.0.0.1/41333] INFO  volume.HddsVolumeChecker (HddsVolumeChecker.java:checkAllVolumes(200)) - Scheduled health check for volume /github/workspace/mnt/ozone/hadoop-ozone/integration-test/target/test-dir/MiniOzoneClusterImpl-5b5774a2-bf3c-4723-a113-e238e3f8131c/datanode-2/data-0/containers/hdds
2021-03-01 18:11:30,826 [Thread-4260] INFO  ozoneimpl.ContainerReader (ContainerReader.java:readVolume(125)) - Start to verify containers on volume /github/workspace/mnt/ozone/hadoop-ozone/integration-test/target/test-dir/MiniOzoneClusterImpl-5b5774a2-bf3c-4723-a113-e238e3f8131c/datanode-2/data-0/containers/hdds
2021-03-01 18:11:30,827 [Thread-4260] INFO  ozoneimpl.ContainerReader (ContainerReader.java:readVolume(150)) - Finish verifying containers on volume /github/workspace/mnt/ozone/hadoop-ozone/integration-test/target/test-dir/MiniOzoneClusterImpl-5b5774a2-bf3c-4723-a113-e238e3f8131c/datanode-2/data-0/containers/hdds
2021-03-01 18:11:30,827 [Listener at 127.0.0.1/41333] INFO  ozoneimpl.OzoneContainer (OzoneContainer.java:buildContainerSet(206)) - Build ContainerSet costs 0s
2021-03-01 18:11:30,828 [Listener at 127.0.0.1/41333] INFO  server.RaftServer (ConfUtils.java:logGet(44)) - raft.rpc.type = GRPC (default)
2021-03-01 18:11:30,828 [Listener at 127.0.0.1/41333] INFO  grpc.GrpcFactory (GrpcFactory.java:checkPooledByteBufAllocatorUseCacheForAllThreads(48)) - PERFORMANCE WARNING: useCacheForAllThreads is true that may cause Netty to create a lot garbage objects and, as a result, trigger GC.
	It is recommended to disable useCacheForAllThreads by setting -Dorg.apache.ratis.thirdparty.io.netty.allocator.useCacheForAllThreads=false in command line.
2021-03-01 18:11:30,828 [Listener at 127.0.0.1/41333] INFO  grpc.GrpcConfigKeys (ConfUtils.java:logGet(44)) - raft.grpc.admin.port = 0 (custom)
2021-03-01 18:11:30,828 [Listener at 127.0.0.1/41333] INFO  grpc.GrpcConfigKeys (ConfUtils.java:logGet(44)) - raft.grpc.client.port = 0 (custom)
2021-03-01 18:11:30,828 [Listener at 127.0.0.1/41333] INFO  grpc.GrpcConfigKeys (ConfUtils.java:logGet(44)) - raft.grpc.server.port = 0 (default)
2021-03-01 18:11:30,828 [Listener at 127.0.0.1/41333] INFO  server.GrpcService (ConfUtils.java:logGet(44)) - raft.grpc.message.size.max = 32MB (=33554432) (custom)
2021-03-01 18:11:30,828 [Listener at 127.0.0.1/41333] INFO  server.RaftServerConfigKeys (ConfUtils.java:logGet(44)) - raft.server.log.appender.buffer.byte-limit = 33554432 (custom)
2021-03-01 18:11:30,828 [Listener at 127.0.0.1/41333] INFO  server.GrpcService (ConfUtils.java:logGet(44)) - raft.grpc.flow.control.window = 5MB (=5242880) (custom)
2021-03-01 18:11:30,828 [Listener at 127.0.0.1/41333] INFO  server.RaftServerConfigKeys (ConfUtils.java:logGet(44)) - raft.server.rpc.request.timeout = 3000ms (default)
2021-03-01 18:11:30,829 [Listener at 127.0.0.1/41333] INFO  impl.DataStreamServerImpl (ConfUtils.java:logGet(44)) - raft.datastream.type = DISABLED (default)
2021-03-01 18:11:30,829 [Listener at 127.0.0.1/41333] INFO  server.RaftServerConfigKeys (ConfUtils.java:logGet(44)) - raft.server.rpc.slowness.timeout = 300000ms (custom)
2021-03-01 18:11:30,829 [Listener at 127.0.0.1/41333] INFO  server.RaftServerConfigKeys (ConfUtils.java:logGet(44)) - raft.server.leaderelection.leader.step-down.wait-time = 10s (default)
2021-03-01 18:11:30,830 [Listener at 127.0.0.1/41333] INFO  server.RaftServerConfigKeys (ConfUtils.java:logGet(44)) - raft.server.storage.dir = [/github/workspace/mnt/ozone/hadoop-ozone/integration-test/target/test-dir/MiniOzoneClusterImpl-5b5774a2-bf3c-4723-a113-e238e3f8131c/datanode-2/data/ratis] (custom)
2021-03-01 18:11:30,838 [Listener at 127.0.0.1/41333] INFO  http.BaseHttpServer (BaseHttpServer.java:newHttpServer2BuilderForOzone(207)) - Starting Web-server for hddsDatanode at: http://0.0.0.0:0
2021-03-01 18:11:30,838 [Listener at 127.0.0.1/41333] INFO  http.BaseHttpServer (BaseHttpServer.java:<init>(106)) - Hadoop Security Enabled: false Ozone Security Enabled: false Ozone HTTP Security Enabled: false 
2021-03-01 18:11:30,839 [Listener at 127.0.0.1/41333] INFO  server.AuthenticationFilter (AuthenticationFilter.java:constructSecretProvider(240)) - Unable to initialize FileSignerSecretProvider, falling back to use random secrets.
2021-03-01 18:11:30,839 [Listener at 127.0.0.1/41333] WARN  http.HttpRequestLog (HttpRequestLog.java:getRequestLog(103)) - Jetty request log can only be enabled using Log4j
2021-03-01 18:11:30,840 [Listener at 127.0.0.1/41333] INFO  http.HttpServer2 (HttpServer2.java:addGlobalFilter(1020)) - Added global filter 'safety' (class=org.apache.hadoop.hdds.server.http.HttpServer2$QuotingInputFilter)
2021-03-01 18:11:30,840 [Listener at 127.0.0.1/41333] INFO  http.HttpServer2 (HttpServer2.java:addFilter(996)) - Added filter static_user_filter (class=org.apache.hadoop.http.lib.StaticUserWebFilter$StaticUserFilter) to context hddsDatanode
2021-03-01 18:11:30,840 [Listener at 127.0.0.1/41333] INFO  http.HttpServer2 (HttpServer2.java:addFilter(1004)) - Added filter static_user_filter (class=org.apache.hadoop.http.lib.StaticUserWebFilter$StaticUserFilter) to context logs
2021-03-01 18:11:30,841 [Listener at 127.0.0.1/41333] INFO  http.HttpServer2 (HttpServer2.java:addFilter(1004)) - Added filter static_user_filter (class=org.apache.hadoop.http.lib.StaticUserWebFilter$StaticUserFilter) to context static
2021-03-01 18:11:30,841 [Listener at 127.0.0.1/41333] INFO  http.HttpServer2 (HttpServer2.java:bindListener(1238)) - Jetty bound to port 46419
2021-03-01 18:11:30,841 [Listener at 127.0.0.1/41333] INFO  server.Server (Server.java:doStart(375)) - jetty-9.4.35.v20201120; built: 2020-11-20T21:17:03.964Z; git: bdc54f03a5e0a7e280fab27f55c3c75ee8da89fb; jvm 1.8.0_232-b09
2021-03-01 18:11:30,842 [Listener at 127.0.0.1/41333] INFO  server.session (DefaultSessionIdManager.java:doStart(334)) - DefaultSessionIdManager workerName=node0
2021-03-01 18:11:30,842 [Listener at 127.0.0.1/41333] INFO  server.session (DefaultSessionIdManager.java:doStart(339)) - No SessionScavenger set, using defaults
2021-03-01 18:11:30,842 [Listener at 127.0.0.1/41333] INFO  server.session (HouseKeeper.java:startScavenging(132)) - node0 Scavenging every 660000ms
2021-03-01 18:11:30,842 [Listener at 127.0.0.1/41333] INFO  handler.ContextHandler (ContextHandler.java:doStart(916)) - Started o.e.j.s.ServletContextHandler@769255{logs,/logs,file:///github/workspace/mnt/ozone/hadoop-ozone/integration-test/target/log,AVAILABLE}
2021-03-01 18:11:30,843 [Listener at 127.0.0.1/41333] INFO  handler.ContextHandler (ContextHandler.java:doStart(916)) - Started o.e.j.s.ServletContextHandler@70cf8809{static,/static,jar:file:/home/user/.m2/repository/org/apache/hadoop/hadoop-hdds-container-service/1.1.0-SNAPSHOT/hadoop-hdds-container-service-1.1.0-SNAPSHOT.jar!/webapps/static,AVAILABLE}
2021-03-01 18:11:30,978 [Listener at 127.0.0.1/41333] INFO  handler.ContextHandler (ContextHandler.java:doStart(916)) - Started o.e.j.w.WebAppContext@239c3862{hddsDatanode,/,file:///tmp/jetty-0_0_0_0-46419-hadoop-hdds-container-service-1_1_0-SNAPSHOT_jar-_-any-6734662011358764369/webapp/,AVAILABLE}{jar:file:/home/user/.m2/repository/org/apache/hadoop/hadoop-hdds-container-service/1.1.0-SNAPSHOT/hadoop-hdds-container-service-1.1.0-SNAPSHOT.jar!/webapps/hddsDatanode}
2021-03-01 18:11:30,979 [Listener at 127.0.0.1/41333] INFO  server.AbstractConnector (AbstractConnector.java:doStart(331)) - Started ServerConnector@3ad1b78b{HTTP/1.1, (http/1.1)}{0.0.0.0:46419}
2021-03-01 18:11:30,980 [Listener at 127.0.0.1/41333] INFO  server.Server (Server.java:doStart(415)) - Started @369168ms
2021-03-01 18:11:30,980 [Listener at 127.0.0.1/41333] WARN  impl.MetricsSystemImpl (MetricsSystemImpl.java:register(279)) - Sink prometheus already exists!
2021-03-01 18:11:30,984 [Listener at 127.0.0.1/41333] INFO  http.BaseHttpServer (BaseHttpServer.java:updateConnectorAddress(327)) - HTTP server of hddsDatanode listening at http://0.0.0.0:46419
2021-03-01 18:11:30,987 [Listener at 127.0.0.1/41333] INFO  impl.MetricsSystemImpl (MetricsSystemImpl.java:init(158)) - HddsDatanode metrics system started (again)
2021-03-01 18:11:30,989 [Listener at 127.0.0.1/41333] INFO  ozone.HddsDatanodeService (HddsDatanodeService.java:start(217)) - HddsDatanodeService host:83787af071e2 ip:172.17.0.2
2021-03-01 18:11:30,991 [org.apache.hadoop.util.JvmPauseMonitor$Monitor@3356d80c] INFO  util.JvmPauseMonitor (JvmPauseMonitor.java:run(188)) - Starting JVM pause monitor
2021-03-01 18:11:30,991 [Listener at 127.0.0.1/41333] INFO  volume.HddsVolume (HddsVolume.java:<init>(176)) - Creating Volume: /github/workspace/mnt/ozone/hadoop-ozone/integration-test/target/test-dir/MiniOzoneClusterImpl-5b5774a2-bf3c-4723-a113-e238e3f8131c/datanode-3/data-0/containers/hdds of storage type : DISK and capacity : 9223372036854775807
2021-03-01 18:11:30,991 [Listener at 127.0.0.1/41333] INFO  volume.MutableVolumeSet (MutableVolumeSet.java:initializeVolumeSet(179)) - Added Volume : /github/workspace/mnt/ozone/hadoop-ozone/integration-test/target/test-dir/MiniOzoneClusterImpl-5b5774a2-bf3c-4723-a113-e238e3f8131c/datanode-3/data-0/containers/hdds to VolumeSet
2021-03-01 18:11:30,991 [Listener at 127.0.0.1/41333] INFO  volume.ThrottledAsyncChecker (ThrottledAsyncChecker.java:schedule(141)) - Scheduling a check for /github/workspace/mnt/ozone/hadoop-ozone/integration-test/target/test-dir/MiniOzoneClusterImpl-5b5774a2-bf3c-4723-a113-e238e3f8131c/datanode-3/data-0/containers/hdds
2021-03-01 18:11:30,992 [Listener at 127.0.0.1/41333] INFO  volume.HddsVolumeChecker (HddsVolumeChecker.java:checkAllVolumes(200)) - Scheduled health check for volume /github/workspace/mnt/ozone/hadoop-ozone/integration-test/target/test-dir/MiniOzoneClusterImpl-5b5774a2-bf3c-4723-a113-e238e3f8131c/datanode-3/data-0/containers/hdds
2021-03-01 18:11:30,992 [Datanode State Machine Task Thread - 0] INFO  datanode.InitDatanodeState (InitDatanodeState.java:persistContainerDatanodeDetails(145)) - DatanodeDetails is persisted to /github/workspace/mnt/ozone/hadoop-ozone/integration-test/target/test-dir/MiniOzoneClusterImpl-5b5774a2-bf3c-4723-a113-e238e3f8131c/datanode-2/meta/datanode.id
2021-03-01 18:11:31,003 [Thread-4271] INFO  ozoneimpl.ContainerReader (ContainerReader.java:readVolume(125)) - Start to verify containers on volume /github/workspace/mnt/ozone/hadoop-ozone/integration-test/target/test-dir/MiniOzoneClusterImpl-5b5774a2-bf3c-4723-a113-e238e3f8131c/datanode-3/data-0/containers/hdds
2021-03-01 18:11:31,003 [Thread-4271] INFO  ozoneimpl.ContainerReader (ContainerReader.java:readVolume(150)) - Finish verifying containers on volume /github/workspace/mnt/ozone/hadoop-ozone/integration-test/target/test-dir/MiniOzoneClusterImpl-5b5774a2-bf3c-4723-a113-e238e3f8131c/datanode-3/data-0/containers/hdds
2021-03-01 18:11:31,003 [Listener at 127.0.0.1/41333] INFO  ozoneimpl.OzoneContainer (OzoneContainer.java:buildContainerSet(206)) - Build ContainerSet costs 0s
2021-03-01 18:11:31,005 [Listener at 127.0.0.1/41333] INFO  server.RaftServer (ConfUtils.java:logGet(44)) - raft.rpc.type = GRPC (default)
2021-03-01 18:11:31,005 [Listener at 127.0.0.1/41333] INFO  grpc.GrpcFactory (GrpcFactory.java:checkPooledByteBufAllocatorUseCacheForAllThreads(48)) - PERFORMANCE WARNING: useCacheForAllThreads is true that may cause Netty to create a lot garbage objects and, as a result, trigger GC.
	It is recommended to disable useCacheForAllThreads by setting -Dorg.apache.ratis.thirdparty.io.netty.allocator.useCacheForAllThreads=false in command line.
2021-03-01 18:11:31,005 [Listener at 127.0.0.1/41333] INFO  grpc.GrpcConfigKeys (ConfUtils.java:logGet(44)) - raft.grpc.admin.port = 0 (custom)
2021-03-01 18:11:31,005 [Listener at 127.0.0.1/41333] INFO  grpc.GrpcConfigKeys (ConfUtils.java:logGet(44)) - raft.grpc.client.port = 0 (custom)
2021-03-01 18:11:31,005 [Listener at 127.0.0.1/41333] INFO  grpc.GrpcConfigKeys (ConfUtils.java:logGet(44)) - raft.grpc.server.port = 0 (default)
2021-03-01 18:11:31,005 [Listener at 127.0.0.1/41333] INFO  server.GrpcService (ConfUtils.java:logGet(44)) - raft.grpc.message.size.max = 32MB (=33554432) (custom)
2021-03-01 18:11:31,005 [Listener at 127.0.0.1/41333] INFO  server.RaftServerConfigKeys (ConfUtils.java:logGet(44)) - raft.server.log.appender.buffer.byte-limit = 33554432 (custom)
2021-03-01 18:11:31,005 [Listener at 127.0.0.1/41333] INFO  server.GrpcService (ConfUtils.java:logGet(44)) - raft.grpc.flow.control.window = 5MB (=5242880) (custom)
2021-03-01 18:11:31,005 [Listener at 127.0.0.1/41333] INFO  server.RaftServerConfigKeys (ConfUtils.java:logGet(44)) - raft.server.rpc.request.timeout = 3000ms (default)
2021-03-01 18:11:31,006 [Listener at 127.0.0.1/41333] INFO  impl.DataStreamServerImpl (ConfUtils.java:logGet(44)) - raft.datastream.type = DISABLED (default)
2021-03-01 18:11:31,006 [Listener at 127.0.0.1/41333] INFO  server.RaftServerConfigKeys (ConfUtils.java:logGet(44)) - raft.server.rpc.slowness.timeout = 300000ms (custom)
2021-03-01 18:11:31,006 [Listener at 127.0.0.1/41333] INFO  server.RaftServerConfigKeys (ConfUtils.java:logGet(44)) - raft.server.leaderelection.leader.step-down.wait-time = 10s (default)
2021-03-01 18:11:31,007 [Listener at 127.0.0.1/41333] INFO  server.RaftServerConfigKeys (ConfUtils.java:logGet(44)) - raft.server.storage.dir = [/github/workspace/mnt/ozone/hadoop-ozone/integration-test/target/test-dir/MiniOzoneClusterImpl-5b5774a2-bf3c-4723-a113-e238e3f8131c/datanode-3/data/ratis] (custom)
2021-03-01 18:11:31,012 [Listener at 127.0.0.1/41333] INFO  http.BaseHttpServer (BaseHttpServer.java:newHttpServer2BuilderForOzone(207)) - Starting Web-server for hddsDatanode at: http://0.0.0.0:0
2021-03-01 18:11:31,012 [Listener at 127.0.0.1/41333] INFO  http.BaseHttpServer (BaseHttpServer.java:<init>(106)) - Hadoop Security Enabled: false Ozone Security Enabled: false Ozone HTTP Security Enabled: false 
2021-03-01 18:11:31,014 [Listener at 127.0.0.1/41333] INFO  server.AuthenticationFilter (AuthenticationFilter.java:constructSecretProvider(240)) - Unable to initialize FileSignerSecretProvider, falling back to use random secrets.
2021-03-01 18:11:31,014 [Listener at 127.0.0.1/41333] WARN  http.HttpRequestLog (HttpRequestLog.java:getRequestLog(103)) - Jetty request log can only be enabled using Log4j
2021-03-01 18:11:31,015 [Listener at 127.0.0.1/41333] INFO  http.HttpServer2 (HttpServer2.java:addGlobalFilter(1020)) - Added global filter 'safety' (class=org.apache.hadoop.hdds.server.http.HttpServer2$QuotingInputFilter)
2021-03-01 18:11:31,016 [Listener at 127.0.0.1/41333] INFO  http.HttpServer2 (HttpServer2.java:addFilter(996)) - Added filter static_user_filter (class=org.apache.hadoop.http.lib.StaticUserWebFilter$StaticUserFilter) to context hddsDatanode
2021-03-01 18:11:31,016 [Listener at 127.0.0.1/41333] INFO  http.HttpServer2 (HttpServer2.java:addFilter(1004)) - Added filter static_user_filter (class=org.apache.hadoop.http.lib.StaticUserWebFilter$StaticUserFilter) to context static
2021-03-01 18:11:31,016 [Listener at 127.0.0.1/41333] INFO  http.HttpServer2 (HttpServer2.java:addFilter(1004)) - Added filter static_user_filter (class=org.apache.hadoop.http.lib.StaticUserWebFilter$StaticUserFilter) to context logs
2021-03-01 18:11:31,016 [Listener at 127.0.0.1/41333] INFO  http.HttpServer2 (HttpServer2.java:bindListener(1238)) - Jetty bound to port 33779
2021-03-01 18:11:31,017 [Listener at 127.0.0.1/41333] INFO  server.Server (Server.java:doStart(375)) - jetty-9.4.35.v20201120; built: 2020-11-20T21:17:03.964Z; git: bdc54f03a5e0a7e280fab27f55c3c75ee8da89fb; jvm 1.8.0_232-b09
2021-03-01 18:11:31,017 [Listener at 127.0.0.1/41333] INFO  server.session (DefaultSessionIdManager.java:doStart(334)) - DefaultSessionIdManager workerName=node0
2021-03-01 18:11:31,018 [Listener at 127.0.0.1/41333] INFO  server.session (DefaultSessionIdManager.java:doStart(339)) - No SessionScavenger set, using defaults
2021-03-01 18:11:31,018 [Listener at 127.0.0.1/41333] INFO  server.session (HouseKeeper.java:startScavenging(132)) - node0 Scavenging every 660000ms
2021-03-01 18:11:31,018 [Listener at 127.0.0.1/41333] INFO  handler.ContextHandler (ContextHandler.java:doStart(916)) - Started o.e.j.s.ServletContextHandler@bbc71f9{logs,/logs,file:///github/workspace/mnt/ozone/hadoop-ozone/integration-test/target/log,AVAILABLE}
2021-03-01 18:11:31,018 [Listener at 127.0.0.1/41333] INFO  handler.ContextHandler (ContextHandler.java:doStart(916)) - Started o.e.j.s.ServletContextHandler@6fdcbbf8{static,/static,jar:file:/home/user/.m2/repository/org/apache/hadoop/hadoop-hdds-container-service/1.1.0-SNAPSHOT/hadoop-hdds-container-service-1.1.0-SNAPSHOT.jar!/webapps/static,AVAILABLE}
2021-03-01 18:11:31,153 [Listener at 127.0.0.1/41333] INFO  handler.ContextHandler (ContextHandler.java:doStart(916)) - Started o.e.j.w.WebAppContext@108d54c8{hddsDatanode,/,file:///tmp/jetty-0_0_0_0-33779-hadoop-hdds-container-service-1_1_0-SNAPSHOT_jar-_-any-8950545250378194209/webapp/,AVAILABLE}{jar:file:/home/user/.m2/repository/org/apache/hadoop/hadoop-hdds-container-service/1.1.0-SNAPSHOT/hadoop-hdds-container-service-1.1.0-SNAPSHOT.jar!/webapps/hddsDatanode}
2021-03-01 18:11:31,154 [Listener at 127.0.0.1/41333] INFO  server.AbstractConnector (AbstractConnector.java:doStart(331)) - Started ServerConnector@2651601f{HTTP/1.1, (http/1.1)}{0.0.0.0:33779}
2021-03-01 18:11:31,155 [Listener at 127.0.0.1/41333] INFO  server.Server (Server.java:doStart(415)) - Started @369343ms
2021-03-01 18:11:31,155 [Listener at 127.0.0.1/41333] WARN  impl.MetricsSystemImpl (MetricsSystemImpl.java:register(279)) - Sink prometheus already exists!
2021-03-01 18:11:31,160 [Listener at 127.0.0.1/41333] INFO  http.BaseHttpServer (BaseHttpServer.java:updateConnectorAddress(327)) - HTTP server of hddsDatanode listening at http://0.0.0.0:33779
2021-03-01 18:11:31,163 [Listener at 127.0.0.1/41333] INFO  impl.MetricsSystemImpl (MetricsSystemImpl.java:init(158)) - HddsDatanode metrics system started (again)
2021-03-01 18:11:31,165 [Listener at 127.0.0.1/41333] INFO  ozone.HddsDatanodeService (HddsDatanodeService.java:start(217)) - HddsDatanodeService host:83787af071e2 ip:172.17.0.2
2021-03-01 18:11:31,166 [org.apache.hadoop.util.JvmPauseMonitor$Monitor@58ac17c] INFO  util.JvmPauseMonitor (JvmPauseMonitor.java:run(188)) - Starting JVM pause monitor
2021-03-01 18:11:31,166 [Datanode State Machine Task Thread - 0] INFO  datanode.InitDatanodeState (InitDatanodeState.java:persistContainerDatanodeDetails(145)) - DatanodeDetails is persisted to /github/workspace/mnt/ozone/hadoop-ozone/integration-test/target/test-dir/MiniOzoneClusterImpl-5b5774a2-bf3c-4723-a113-e238e3f8131c/datanode-3/meta/datanode.id
2021-03-01 18:11:31,167 [Listener at 127.0.0.1/41333] INFO  volume.HddsVolume (HddsVolume.java:<init>(176)) - Creating Volume: /github/workspace/mnt/ozone/hadoop-ozone/integration-test/target/test-dir/MiniOzoneClusterImpl-5b5774a2-bf3c-4723-a113-e238e3f8131c/datanode-4/data-0/containers/hdds of storage type : DISK and capacity : 9223372036854775807
2021-03-01 18:11:31,167 [Listener at 127.0.0.1/41333] INFO  volume.MutableVolumeSet (MutableVolumeSet.java:initializeVolumeSet(179)) - Added Volume : /github/workspace/mnt/ozone/hadoop-ozone/integration-test/target/test-dir/MiniOzoneClusterImpl-5b5774a2-bf3c-4723-a113-e238e3f8131c/datanode-4/data-0/containers/hdds to VolumeSet
2021-03-01 18:11:31,167 [Listener at 127.0.0.1/41333] INFO  volume.ThrottledAsyncChecker (ThrottledAsyncChecker.java:schedule(141)) - Scheduling a check for /github/workspace/mnt/ozone/hadoop-ozone/integration-test/target/test-dir/MiniOzoneClusterImpl-5b5774a2-bf3c-4723-a113-e238e3f8131c/datanode-4/data-0/containers/hdds
2021-03-01 18:11:31,171 [Listener at 127.0.0.1/41333] INFO  volume.HddsVolumeChecker (HddsVolumeChecker.java:checkAllVolumes(200)) - Scheduled health check for volume /github/workspace/mnt/ozone/hadoop-ozone/integration-test/target/test-dir/MiniOzoneClusterImpl-5b5774a2-bf3c-4723-a113-e238e3f8131c/datanode-4/data-0/containers/hdds
2021-03-01 18:11:31,182 [Thread-4282] INFO  ozoneimpl.ContainerReader (ContainerReader.java:readVolume(125)) - Start to verify containers on volume /github/workspace/mnt/ozone/hadoop-ozone/integration-test/target/test-dir/MiniOzoneClusterImpl-5b5774a2-bf3c-4723-a113-e238e3f8131c/datanode-4/data-0/containers/hdds
2021-03-01 18:11:31,182 [Thread-4282] INFO  ozoneimpl.ContainerReader (ContainerReader.java:readVolume(150)) - Finish verifying containers on volume /github/workspace/mnt/ozone/hadoop-ozone/integration-test/target/test-dir/MiniOzoneClusterImpl-5b5774a2-bf3c-4723-a113-e238e3f8131c/datanode-4/data-0/containers/hdds
2021-03-01 18:11:31,182 [Listener at 127.0.0.1/41333] INFO  ozoneimpl.OzoneContainer (OzoneContainer.java:buildContainerSet(206)) - Build ContainerSet costs 0s
2021-03-01 18:11:31,184 [Listener at 127.0.0.1/41333] INFO  server.RaftServer (ConfUtils.java:logGet(44)) - raft.rpc.type = GRPC (default)
2021-03-01 18:11:31,184 [Listener at 127.0.0.1/41333] INFO  grpc.GrpcFactory (GrpcFactory.java:checkPooledByteBufAllocatorUseCacheForAllThreads(48)) - PERFORMANCE WARNING: useCacheForAllThreads is true that may cause Netty to create a lot garbage objects and, as a result, trigger GC.
	It is recommended to disable useCacheForAllThreads by setting -Dorg.apache.ratis.thirdparty.io.netty.allocator.useCacheForAllThreads=false in command line.
2021-03-01 18:11:31,184 [Listener at 127.0.0.1/41333] INFO  grpc.GrpcConfigKeys (ConfUtils.java:logGet(44)) - raft.grpc.admin.port = 0 (custom)
2021-03-01 18:11:31,184 [Listener at 127.0.0.1/41333] INFO  grpc.GrpcConfigKeys (ConfUtils.java:logGet(44)) - raft.grpc.client.port = 0 (custom)
2021-03-01 18:11:31,184 [Listener at 127.0.0.1/41333] INFO  grpc.GrpcConfigKeys (ConfUtils.java:logGet(44)) - raft.grpc.server.port = 0 (default)
2021-03-01 18:11:31,184 [Listener at 127.0.0.1/41333] INFO  server.GrpcService (ConfUtils.java:logGet(44)) - raft.grpc.message.size.max = 32MB (=33554432) (custom)
2021-03-01 18:11:31,184 [Listener at 127.0.0.1/41333] INFO  server.RaftServerConfigKeys (ConfUtils.java:logGet(44)) - raft.server.log.appender.buffer.byte-limit = 33554432 (custom)
2021-03-01 18:11:31,184 [Listener at 127.0.0.1/41333] INFO  server.GrpcService (ConfUtils.java:logGet(44)) - raft.grpc.flow.control.window = 5MB (=5242880) (custom)
2021-03-01 18:11:31,184 [Listener at 127.0.0.1/41333] INFO  server.RaftServerConfigKeys (ConfUtils.java:logGet(44)) - raft.server.rpc.request.timeout = 3000ms (default)
2021-03-01 18:11:31,185 [Listener at 127.0.0.1/41333] INFO  impl.DataStreamServerImpl (ConfUtils.java:logGet(44)) - raft.datastream.type = DISABLED (default)
2021-03-01 18:11:31,185 [Listener at 127.0.0.1/41333] INFO  server.RaftServerConfigKeys (ConfUtils.java:logGet(44)) - raft.server.rpc.slowness.timeout = 300000ms (custom)
2021-03-01 18:11:31,185 [Listener at 127.0.0.1/41333] INFO  server.RaftServerConfigKeys (ConfUtils.java:logGet(44)) - raft.server.leaderelection.leader.step-down.wait-time = 10s (default)
2021-03-01 18:11:31,185 [Listener at 127.0.0.1/41333] INFO  server.RaftServerConfigKeys (ConfUtils.java:logGet(44)) - raft.server.storage.dir = [/github/workspace/mnt/ozone/hadoop-ozone/integration-test/target/test-dir/MiniOzoneClusterImpl-5b5774a2-bf3c-4723-a113-e238e3f8131c/datanode-4/data/ratis] (custom)
2021-03-01 18:11:31,191 [Listener at 127.0.0.1/41333] INFO  http.BaseHttpServer (BaseHttpServer.java:newHttpServer2BuilderForOzone(207)) - Starting Web-server for hddsDatanode at: http://0.0.0.0:0
2021-03-01 18:11:31,191 [Listener at 127.0.0.1/41333] INFO  http.BaseHttpServer (BaseHttpServer.java:<init>(106)) - Hadoop Security Enabled: false Ozone Security Enabled: false Ozone HTTP Security Enabled: false 
2021-03-01 18:11:31,192 [Listener at 127.0.0.1/41333] INFO  server.AuthenticationFilter (AuthenticationFilter.java:constructSecretProvider(240)) - Unable to initialize FileSignerSecretProvider, falling back to use random secrets.
2021-03-01 18:11:31,192 [Listener at 127.0.0.1/41333] WARN  http.HttpRequestLog (HttpRequestLog.java:getRequestLog(103)) - Jetty request log can only be enabled using Log4j
2021-03-01 18:11:31,192 [Listener at 127.0.0.1/41333] INFO  http.HttpServer2 (HttpServer2.java:addGlobalFilter(1020)) - Added global filter 'safety' (class=org.apache.hadoop.hdds.server.http.HttpServer2$QuotingInputFilter)
2021-03-01 18:11:31,193 [Listener at 127.0.0.1/41333] INFO  http.HttpServer2 (HttpServer2.java:addFilter(996)) - Added filter static_user_filter (class=org.apache.hadoop.http.lib.StaticUserWebFilter$StaticUserFilter) to context hddsDatanode
2021-03-01 18:11:31,193 [Listener at 127.0.0.1/41333] INFO  http.HttpServer2 (HttpServer2.java:addFilter(1004)) - Added filter static_user_filter (class=org.apache.hadoop.http.lib.StaticUserWebFilter$StaticUserFilter) to context static
2021-03-01 18:11:31,193 [Listener at 127.0.0.1/41333] INFO  http.HttpServer2 (HttpServer2.java:addFilter(1004)) - Added filter static_user_filter (class=org.apache.hadoop.http.lib.StaticUserWebFilter$StaticUserFilter) to context logs
2021-03-01 18:11:31,193 [Listener at 127.0.0.1/41333] INFO  http.HttpServer2 (HttpServer2.java:bindListener(1238)) - Jetty bound to port 36695
2021-03-01 18:11:31,193 [Listener at 127.0.0.1/41333] INFO  server.Server (Server.java:doStart(375)) - jetty-9.4.35.v20201120; built: 2020-11-20T21:17:03.964Z; git: bdc54f03a5e0a7e280fab27f55c3c75ee8da89fb; jvm 1.8.0_232-b09
2021-03-01 18:11:31,194 [Listener at 127.0.0.1/41333] INFO  server.session (DefaultSessionIdManager.java:doStart(334)) - DefaultSessionIdManager workerName=node0
2021-03-01 18:11:31,194 [Listener at 127.0.0.1/41333] INFO  server.session (DefaultSessionIdManager.java:doStart(339)) - No SessionScavenger set, using defaults
2021-03-01 18:11:31,194 [Listener at 127.0.0.1/41333] INFO  server.session (HouseKeeper.java:startScavenging(132)) - node0 Scavenging every 660000ms
2021-03-01 18:11:31,195 [Listener at 127.0.0.1/41333] INFO  handler.ContextHandler (ContextHandler.java:doStart(916)) - Started o.e.j.s.ServletContextHandler@ef8a98d{logs,/logs,file:///github/workspace/mnt/ozone/hadoop-ozone/integration-test/target/log,AVAILABLE}
2021-03-01 18:11:31,195 [Listener at 127.0.0.1/41333] INFO  handler.ContextHandler (ContextHandler.java:doStart(916)) - Started o.e.j.s.ServletContextHandler@410339f1{static,/static,jar:file:/home/user/.m2/repository/org/apache/hadoop/hadoop-hdds-container-service/1.1.0-SNAPSHOT/hadoop-hdds-container-service-1.1.0-SNAPSHOT.jar!/webapps/static,AVAILABLE}
2021-03-01 18:11:31,291 [Thread-4205] INFO  impl.FollowerState (FollowerState.java:run(133)) - om1@group-C5BA1605619E-FollowerState: change to CANDIDATE, lastRpcElapsedTime:1003331981ns, electionTimeout:1003ms
2021-03-01 18:11:31,291 [Thread-4205] INFO  impl.RoleInfo (RoleInfo.java:shutdownFollowerState(108)) - om1: shutdown om1@group-C5BA1605619E-FollowerState
2021-03-01 18:11:31,291 [Thread-4205] INFO  server.RaftServer$Division (RaftServerImpl.java:setRole(284)) - om1@group-C5BA1605619E: changes role from  FOLLOWER to CANDIDATE at term 0 for changeToCandidate
2021-03-01 18:11:31,292 [Thread-4205] INFO  server.RaftServerConfigKeys (ConfUtils.java:logGet(44)) - raft.server.leaderelection.pre-vote = false (custom)
2021-03-01 18:11:31,292 [Thread-4205] INFO  impl.RoleInfo (RoleInfo.java:updateAndGet(130)) - om1: start om1@group-C5BA1605619E-LeaderElection196
2021-03-01 18:11:31,299 [om1@group-C5BA1605619E-LeaderElection196] INFO  impl.LeaderElection (LeaderElection.java:askForVotes(307)) - om1@group-C5BA1605619E-LeaderElection196 ELECTION round 0: submit vote requests at term 1 for -1: [om1|rpc:localhost:9872|priority:0], old=null
2021-03-01 18:11:31,300 [om1@group-C5BA1605619E-LeaderElection196] INFO  impl.LeaderElection (LeaderElection.java:askForVotes(309)) - om1@group-C5BA1605619E-LeaderElection196 ELECTION round 0: result PASSED (term=1)
2021-03-01 18:11:31,300 [om1@group-C5BA1605619E-LeaderElection196] INFO  impl.RoleInfo (RoleInfo.java:shutdownLeaderElection(121)) - om1: shutdown om1@group-C5BA1605619E-LeaderElection196
2021-03-01 18:11:31,300 [om1@group-C5BA1605619E-LeaderElection196] INFO  server.RaftServer$Division (RaftServerImpl.java:setRole(284)) - om1@group-C5BA1605619E: changes role from CANDIDATE to LEADER at term 1 for changeToLeader
2021-03-01 18:11:31,300 [om1@group-C5BA1605619E-LeaderElection196] INFO  server.RaftServer$Division (ServerState.java:setLeader(271)) - om1@group-C5BA1605619E: change Leader from null to om1 at term 1 for becomeLeader, leader elected after 1027ms
2021-03-01 18:11:31,300 [om1@group-C5BA1605619E-LeaderElection196] INFO  server.RaftServerConfigKeys (ConfUtils.java:logGet(44)) - raft.server.staging.catchup.gap = 1000 (default)
2021-03-01 18:11:31,300 [om1@group-C5BA1605619E-LeaderElection196] INFO  metrics.RatisMetrics (RatisMetrics.java:lambda$create$0(36)) - Creating Metrics Registry : ratis.log_appender.om1@group-C5BA1605619E
2021-03-01 18:11:31,300 [om1@group-C5BA1605619E-LeaderElection196] INFO  server.RaftServerConfigKeys (ConfUtils.java:logGet(44)) - raft.server.write.element-limit = 4096 (default)
2021-03-01 18:11:31,300 [om1@group-C5BA1605619E-LeaderElection196] INFO  server.RaftServerConfigKeys (ConfUtils.java:logGet(44)) - raft.server.write.byte-limit = 64MB (=67108864) (default)
2021-03-01 18:11:31,301 [om1@group-C5BA1605619E-LeaderElection196] INFO  server.RaftServerConfigKeys (ConfUtils.java:logGet(44)) - raft.server.watch.timeout = 10s (default)
2021-03-01 18:11:31,301 [om1@group-C5BA1605619E-LeaderElection196] INFO  server.RaftServerConfigKeys (ConfUtils.java:logGet(44)) - raft.server.watch.timeout.denomination = 1s (default)
2021-03-01 18:11:31,301 [om1@group-C5BA1605619E-LeaderElection196] INFO  server.RaftServerConfigKeys (ConfUtils.java:logGet(44)) - raft.server.watch.element-limit = 65536 (default)
2021-03-01 18:11:31,301 [om1@group-C5BA1605619E-LeaderElection196] INFO  impl.RoleInfo (RoleInfo.java:updateAndGet(130)) - om1: start om1@group-C5BA1605619E-LeaderStateImpl
2021-03-01 18:11:31,301 [om1@group-C5BA1605619E-LeaderElection196] INFO  segmented.SegmentedRaftLogWorker (SegmentedRaftLogWorker.java:startLogSegment(392)) - om1@group-C5BA1605619E-SegmentedRaftLogWorker: Starting segment from index:0
2021-03-01 18:11:31,311 [om1@group-C5BA1605619E-LeaderElection196] INFO  server.RaftServer$Division (ServerState.java:setRaftConf(373)) - om1@group-C5BA1605619E: set configuration 0: [om1|rpc:localhost:9872|admin:|client:|dataStream:|priority:0], old=null
2021-03-01 18:11:31,317 [om1@group-C5BA1605619E-SegmentedRaftLogWorker] INFO  segmented.SegmentedRaftLogWorker (SegmentedRaftLogWorker.java:execute(599)) - om1@group-C5BA1605619E-SegmentedRaftLogWorker: created new log segment /github/workspace/mnt/ozone/hadoop-ozone/integration-test/target/test-dir/MiniOzoneClusterImpl-5b5774a2-bf3c-4723-a113-e238e3f8131c/ozone-meta/ratis/bf265839-605b-3f16-9796-c5ba1605619e/current/log_inprogress_0
2021-03-01 18:11:31,337 [Listener at 127.0.0.1/41333] INFO  handler.ContextHandler (ContextHandler.java:doStart(916)) - Started o.e.j.w.WebAppContext@311c52e3{hddsDatanode,/,file:///tmp/jetty-0_0_0_0-36695-hadoop-hdds-container-service-1_1_0-SNAPSHOT_jar-_-any-7571217945186285499/webapp/,AVAILABLE}{jar:file:/home/user/.m2/repository/org/apache/hadoop/hadoop-hdds-container-service/1.1.0-SNAPSHOT/hadoop-hdds-container-service-1.1.0-SNAPSHOT.jar!/webapps/hddsDatanode}
2021-03-01 18:11:31,339 [Listener at 127.0.0.1/41333] INFO  server.AbstractConnector (AbstractConnector.java:doStart(331)) - Started ServerConnector@12ac0bb{HTTP/1.1, (http/1.1)}{0.0.0.0:36695}
2021-03-01 18:11:31,339 [Listener at 127.0.0.1/41333] INFO  server.Server (Server.java:doStart(415)) - Started @369528ms
2021-03-01 18:11:31,339 [Listener at 127.0.0.1/41333] WARN  impl.MetricsSystemImpl (MetricsSystemImpl.java:register(279)) - Sink prometheus already exists!
2021-03-01 18:11:31,345 [Listener at 127.0.0.1/41333] INFO  http.BaseHttpServer (BaseHttpServer.java:updateConnectorAddress(327)) - HTTP server of hddsDatanode listening at http://0.0.0.0:36695
2021-03-01 18:11:31,345 [Listener at 127.0.0.1/41333] INFO  impl.MetricsSystemImpl (MetricsSystemImpl.java:init(158)) - HddsDatanode metrics system started (again)
2021-03-01 18:11:31,347 [Listener at 127.0.0.1/41333] INFO  ozone.HddsDatanodeService (HddsDatanodeService.java:start(217)) - HddsDatanodeService host:83787af071e2 ip:172.17.0.2
2021-03-01 18:11:31,348 [Listener at 127.0.0.1/41333] INFO  volume.HddsVolume (HddsVolume.java:<init>(176)) - Creating Volume: /github/workspace/mnt/ozone/hadoop-ozone/integration-test/target/test-dir/MiniOzoneClusterImpl-5b5774a2-bf3c-4723-a113-e238e3f8131c/datanode-5/data-0/containers/hdds of storage type : DISK and capacity : 9223372036854775807
2021-03-01 18:11:31,348 [Listener at 127.0.0.1/41333] INFO  volume.MutableVolumeSet (MutableVolumeSet.java:initializeVolumeSet(179)) - Added Volume : /github/workspace/mnt/ozone/hadoop-ozone/integration-test/target/test-dir/MiniOzoneClusterImpl-5b5774a2-bf3c-4723-a113-e238e3f8131c/datanode-5/data-0/containers/hdds to VolumeSet
2021-03-01 18:11:31,348 [Listener at 127.0.0.1/41333] INFO  volume.ThrottledAsyncChecker (ThrottledAsyncChecker.java:schedule(141)) - Scheduling a check for /github/workspace/mnt/ozone/hadoop-ozone/integration-test/target/test-dir/MiniOzoneClusterImpl-5b5774a2-bf3c-4723-a113-e238e3f8131c/datanode-5/data-0/containers/hdds
2021-03-01 18:11:31,348 [Listener at 127.0.0.1/41333] INFO  volume.HddsVolumeChecker (HddsVolumeChecker.java:checkAllVolumes(200)) - Scheduled health check for volume /github/workspace/mnt/ozone/hadoop-ozone/integration-test/target/test-dir/MiniOzoneClusterImpl-5b5774a2-bf3c-4723-a113-e238e3f8131c/datanode-5/data-0/containers/hdds
2021-03-01 18:11:31,363 [org.apache.hadoop.util.JvmPauseMonitor$Monitor@41672e33] INFO  util.JvmPauseMonitor (JvmPauseMonitor.java:run(188)) - Starting JVM pause monitor
2021-03-01 18:11:31,364 [Datanode State Machine Task Thread - 0] INFO  datanode.InitDatanodeState (InitDatanodeState.java:persistContainerDatanodeDetails(145)) - DatanodeDetails is persisted to /github/workspace/mnt/ozone/hadoop-ozone/integration-test/target/test-dir/MiniOzoneClusterImpl-5b5774a2-bf3c-4723-a113-e238e3f8131c/datanode-4/meta/datanode.id
2021-03-01 18:11:31,368 [Thread-4295] INFO  ozoneimpl.ContainerReader (ContainerReader.java:readVolume(125)) - Start to verify containers on volume /github/workspace/mnt/ozone/hadoop-ozone/integration-test/target/test-dir/MiniOzoneClusterImpl-5b5774a2-bf3c-4723-a113-e238e3f8131c/datanode-5/data-0/containers/hdds
2021-03-01 18:11:31,368 [Thread-4295] INFO  ozoneimpl.ContainerReader (ContainerReader.java:readVolume(150)) - Finish verifying containers on volume /github/workspace/mnt/ozone/hadoop-ozone/integration-test/target/test-dir/MiniOzoneClusterImpl-5b5774a2-bf3c-4723-a113-e238e3f8131c/datanode-5/data-0/containers/hdds
2021-03-01 18:11:31,368 [Listener at 127.0.0.1/41333] INFO  ozoneimpl.OzoneContainer (OzoneContainer.java:buildContainerSet(206)) - Build ContainerSet costs 0s
2021-03-01 18:11:31,369 [Listener at 127.0.0.1/41333] INFO  server.RaftServer (ConfUtils.java:logGet(44)) - raft.rpc.type = GRPC (default)
2021-03-01 18:11:31,369 [Listener at 127.0.0.1/41333] INFO  grpc.GrpcFactory (GrpcFactory.java:checkPooledByteBufAllocatorUseCacheForAllThreads(48)) - PERFORMANCE WARNING: useCacheForAllThreads is true that may cause Netty to create a lot garbage objects and, as a result, trigger GC.
	It is recommended to disable useCacheForAllThreads by setting -Dorg.apache.ratis.thirdparty.io.netty.allocator.useCacheForAllThreads=false in command line.
2021-03-01 18:11:31,369 [Listener at 127.0.0.1/41333] INFO  grpc.GrpcConfigKeys (ConfUtils.java:logGet(44)) - raft.grpc.admin.port = 0 (custom)
2021-03-01 18:11:31,370 [Listener at 127.0.0.1/41333] INFO  grpc.GrpcConfigKeys (ConfUtils.java:logGet(44)) - raft.grpc.client.port = 0 (custom)
2021-03-01 18:11:31,370 [Listener at 127.0.0.1/41333] INFO  grpc.GrpcConfigKeys (ConfUtils.java:logGet(44)) - raft.grpc.server.port = 0 (default)
2021-03-01 18:11:31,370 [Listener at 127.0.0.1/41333] INFO  server.GrpcService (ConfUtils.java:logGet(44)) - raft.grpc.message.size.max = 32MB (=33554432) (custom)
2021-03-01 18:11:31,370 [Listener at 127.0.0.1/41333] INFO  server.RaftServerConfigKeys (ConfUtils.java:logGet(44)) - raft.server.log.appender.buffer.byte-limit = 33554432 (custom)
2021-03-01 18:11:31,370 [Listener at 127.0.0.1/41333] INFO  server.GrpcService (ConfUtils.java:logGet(44)) - raft.grpc.flow.control.window = 5MB (=5242880) (custom)
2021-03-01 18:11:31,370 [Listener at 127.0.0.1/41333] INFO  server.RaftServerConfigKeys (ConfUtils.java:logGet(44)) - raft.server.rpc.request.timeout = 3000ms (default)
2021-03-01 18:11:31,371 [Listener at 127.0.0.1/41333] INFO  impl.DataStreamServerImpl (ConfUtils.java:logGet(44)) - raft.datastream.type = DISABLED (default)
2021-03-01 18:11:31,371 [Listener at 127.0.0.1/41333] INFO  server.RaftServerConfigKeys (ConfUtils.java:logGet(44)) - raft.server.rpc.slowness.timeout = 300000ms (custom)
2021-03-01 18:11:31,371 [Listener at 127.0.0.1/41333] INFO  server.RaftServerConfigKeys (ConfUtils.java:logGet(44)) - raft.server.leaderelection.leader.step-down.wait-time = 10s (default)
2021-03-01 18:11:31,371 [Listener at 127.0.0.1/41333] INFO  server.RaftServerConfigKeys (ConfUtils.java:logGet(44)) - raft.server.storage.dir = [/github/workspace/mnt/ozone/hadoop-ozone/integration-test/target/test-dir/MiniOzoneClusterImpl-5b5774a2-bf3c-4723-a113-e238e3f8131c/datanode-5/data/ratis] (custom)
2021-03-01 18:11:31,502 [Listener at 127.0.0.1/41333] INFO  http.BaseHttpServer (BaseHttpServer.java:newHttpServer2BuilderForOzone(207)) - Starting Web-server for hddsDatanode at: http://0.0.0.0:0
2021-03-01 18:11:31,502 [Listener at 127.0.0.1/41333] INFO  http.BaseHttpServer (BaseHttpServer.java:<init>(106)) - Hadoop Security Enabled: false Ozone Security Enabled: false Ozone HTTP Security Enabled: false 
2021-03-01 18:11:31,503 [Listener at 127.0.0.1/41333] INFO  server.AuthenticationFilter (AuthenticationFilter.java:constructSecretProvider(240)) - Unable to initialize FileSignerSecretProvider, falling back to use random secrets.
2021-03-01 18:11:31,504 [Listener at 127.0.0.1/41333] WARN  http.HttpRequestLog (HttpRequestLog.java:getRequestLog(103)) - Jetty request log can only be enabled using Log4j
2021-03-01 18:11:31,504 [Listener at 127.0.0.1/41333] INFO  http.HttpServer2 (HttpServer2.java:addGlobalFilter(1020)) - Added global filter 'safety' (class=org.apache.hadoop.hdds.server.http.HttpServer2$QuotingInputFilter)
2021-03-01 18:11:31,505 [Listener at 127.0.0.1/41333] INFO  http.HttpServer2 (HttpServer2.java:addFilter(996)) - Added filter static_user_filter (class=org.apache.hadoop.http.lib.StaticUserWebFilter$StaticUserFilter) to context hddsDatanode
2021-03-01 18:11:31,505 [Listener at 127.0.0.1/41333] INFO  http.HttpServer2 (HttpServer2.java:addFilter(1004)) - Added filter static_user_filter (class=org.apache.hadoop.http.lib.StaticUserWebFilter$StaticUserFilter) to context logs
2021-03-01 18:11:31,505 [Listener at 127.0.0.1/41333] INFO  http.HttpServer2 (HttpServer2.java:addFilter(1004)) - Added filter static_user_filter (class=org.apache.hadoop.http.lib.StaticUserWebFilter$StaticUserFilter) to context static
2021-03-01 18:11:31,505 [Listener at 127.0.0.1/41333] INFO  http.HttpServer2 (HttpServer2.java:bindListener(1238)) - Jetty bound to port 37969
2021-03-01 18:11:31,505 [Listener at 127.0.0.1/41333] INFO  server.Server (Server.java:doStart(375)) - jetty-9.4.35.v20201120; built: 2020-11-20T21:17:03.964Z; git: bdc54f03a5e0a7e280fab27f55c3c75ee8da89fb; jvm 1.8.0_232-b09
2021-03-01 18:11:31,506 [Listener at 127.0.0.1/41333] INFO  server.session (DefaultSessionIdManager.java:doStart(334)) - DefaultSessionIdManager workerName=node0
2021-03-01 18:11:31,507 [Listener at 127.0.0.1/41333] INFO  server.session (DefaultSessionIdManager.java:doStart(339)) - No SessionScavenger set, using defaults
2021-03-01 18:11:31,507 [Listener at 127.0.0.1/41333] INFO  server.session (HouseKeeper.java:startScavenging(132)) - node0 Scavenging every 600000ms
2021-03-01 18:11:31,507 [Listener at 127.0.0.1/41333] INFO  handler.ContextHandler (ContextHandler.java:doStart(916)) - Started o.e.j.s.ServletContextHandler@28efcb4f{logs,/logs,file:///github/workspace/mnt/ozone/hadoop-ozone/integration-test/target/log,AVAILABLE}
2021-03-01 18:11:31,508 [Listener at 127.0.0.1/41333] INFO  handler.ContextHandler (ContextHandler.java:doStart(916)) - Started o.e.j.s.ServletContextHandler@3c8f775{static,/static,jar:file:/home/user/.m2/repository/org/apache/hadoop/hadoop-hdds-container-service/1.1.0-SNAPSHOT/hadoop-hdds-container-service-1.1.0-SNAPSHOT.jar!/webapps/static,AVAILABLE}
2021-03-01 18:11:31,649 [Listener at 127.0.0.1/41333] INFO  handler.ContextHandler (ContextHandler.java:doStart(916)) - Started o.e.j.w.WebAppContext@50e70004{hddsDatanode,/,file:///tmp/jetty-0_0_0_0-37969-hadoop-hdds-container-service-1_1_0-SNAPSHOT_jar-_-any-4461742438764457576/webapp/,AVAILABLE}{jar:file:/home/user/.m2/repository/org/apache/hadoop/hadoop-hdds-container-service/1.1.0-SNAPSHOT/hadoop-hdds-container-service-1.1.0-SNAPSHOT.jar!/webapps/hddsDatanode}
2021-03-01 18:11:31,651 [Listener at 127.0.0.1/41333] INFO  server.AbstractConnector (AbstractConnector.java:doStart(331)) - Started ServerConnector@46e8ddd7{HTTP/1.1, (http/1.1)}{0.0.0.0:37969}
2021-03-01 18:11:31,651 [Listener at 127.0.0.1/41333] INFO  server.Server (Server.java:doStart(415)) - Started @369840ms
2021-03-01 18:11:31,651 [Listener at 127.0.0.1/41333] WARN  impl.MetricsSystemImpl (MetricsSystemImpl.java:register(279)) - Sink prometheus already exists!
2021-03-01 18:11:31,656 [Listener at 127.0.0.1/41333] INFO  http.BaseHttpServer (BaseHttpServer.java:updateConnectorAddress(327)) - HTTP server of hddsDatanode listening at http://0.0.0.0:37969
2021-03-01 18:11:31,659 [Listener at 127.0.0.1/41333] INFO  impl.MetricsSystemImpl (MetricsSystemImpl.java:init(158)) - HddsDatanode metrics system started (again)
2021-03-01 18:11:31,661 [Listener at 127.0.0.1/41333] INFO  ozone.HddsDatanodeService (HddsDatanodeService.java:start(217)) - HddsDatanodeService host:83787af071e2 ip:172.17.0.2
2021-03-01 18:11:31,662 [Listener at 127.0.0.1/41333] INFO  volume.HddsVolume (HddsVolume.java:<init>(176)) - Creating Volume: /github/workspace/mnt/ozone/hadoop-ozone/integration-test/target/test-dir/MiniOzoneClusterImpl-5b5774a2-bf3c-4723-a113-e238e3f8131c/datanode-6/data-0/containers/hdds of storage type : DISK and capacity : 9223372036854775807
2021-03-01 18:11:31,662 [Listener at 127.0.0.1/41333] INFO  volume.MutableVolumeSet (MutableVolumeSet.java:initializeVolumeSet(179)) - Added Volume : /github/workspace/mnt/ozone/hadoop-ozone/integration-test/target/test-dir/MiniOzoneClusterImpl-5b5774a2-bf3c-4723-a113-e238e3f8131c/datanode-6/data-0/containers/hdds to VolumeSet
2021-03-01 18:11:31,663 [Listener at 127.0.0.1/41333] INFO  volume.ThrottledAsyncChecker (ThrottledAsyncChecker.java:schedule(141)) - Scheduling a check for /github/workspace/mnt/ozone/hadoop-ozone/integration-test/target/test-dir/MiniOzoneClusterImpl-5b5774a2-bf3c-4723-a113-e238e3f8131c/datanode-6/data-0/containers/hdds
2021-03-01 18:11:31,667 [Listener at 127.0.0.1/41333] INFO  volume.HddsVolumeChecker (HddsVolumeChecker.java:checkAllVolumes(200)) - Scheduled health check for volume /github/workspace/mnt/ozone/hadoop-ozone/integration-test/target/test-dir/MiniOzoneClusterImpl-5b5774a2-bf3c-4723-a113-e238e3f8131c/datanode-6/data-0/containers/hdds
2021-03-01 18:11:31,667 [org.apache.hadoop.util.JvmPauseMonitor$Monitor@55d6bcc8] INFO  util.JvmPauseMonitor (JvmPauseMonitor.java:run(188)) - Starting JVM pause monitor
2021-03-01 18:11:31,668 [Datanode State Machine Task Thread - 0] INFO  datanode.InitDatanodeState (InitDatanodeState.java:persistContainerDatanodeDetails(145)) - DatanodeDetails is persisted to /github/workspace/mnt/ozone/hadoop-ozone/integration-test/target/test-dir/MiniOzoneClusterImpl-5b5774a2-bf3c-4723-a113-e238e3f8131c/datanode-5/meta/datanode.id
2021-03-01 18:11:31,678 [Thread-4306] INFO  ozoneimpl.ContainerReader (ContainerReader.java:readVolume(125)) - Start to verify containers on volume /github/workspace/mnt/ozone/hadoop-ozone/integration-test/target/test-dir/MiniOzoneClusterImpl-5b5774a2-bf3c-4723-a113-e238e3f8131c/datanode-6/data-0/containers/hdds
2021-03-01 18:11:31,678 [Thread-4306] INFO  ozoneimpl.ContainerReader (ContainerReader.java:readVolume(150)) - Finish verifying containers on volume /github/workspace/mnt/ozone/hadoop-ozone/integration-test/target/test-dir/MiniOzoneClusterImpl-5b5774a2-bf3c-4723-a113-e238e3f8131c/datanode-6/data-0/containers/hdds
2021-03-01 18:11:31,678 [Listener at 127.0.0.1/41333] INFO  ozoneimpl.OzoneContainer (OzoneContainer.java:buildContainerSet(206)) - Build ContainerSet costs 0s
2021-03-01 18:11:31,679 [Listener at 127.0.0.1/41333] INFO  server.RaftServer (ConfUtils.java:logGet(44)) - raft.rpc.type = GRPC (default)
2021-03-01 18:11:31,679 [Listener at 127.0.0.1/41333] INFO  grpc.GrpcFactory (GrpcFactory.java:checkPooledByteBufAllocatorUseCacheForAllThreads(48)) - PERFORMANCE WARNING: useCacheForAllThreads is true that may cause Netty to create a lot garbage objects and, as a result, trigger GC.
	It is recommended to disable useCacheForAllThreads by setting -Dorg.apache.ratis.thirdparty.io.netty.allocator.useCacheForAllThreads=false in command line.
2021-03-01 18:11:31,679 [Listener at 127.0.0.1/41333] INFO  grpc.GrpcConfigKeys (ConfUtils.java:logGet(44)) - raft.grpc.admin.port = 0 (custom)
2021-03-01 18:11:31,679 [Listener at 127.0.0.1/41333] INFO  grpc.GrpcConfigKeys (ConfUtils.java:logGet(44)) - raft.grpc.client.port = 0 (custom)
2021-03-01 18:11:31,680 [Listener at 127.0.0.1/41333] INFO  grpc.GrpcConfigKeys (ConfUtils.java:logGet(44)) - raft.grpc.server.port = 0 (default)
2021-03-01 18:11:31,680 [Listener at 127.0.0.1/41333] INFO  server.GrpcService (ConfUtils.java:logGet(44)) - raft.grpc.message.size.max = 32MB (=33554432) (custom)
2021-03-01 18:11:31,680 [Listener at 127.0.0.1/41333] INFO  server.RaftServerConfigKeys (ConfUtils.java:logGet(44)) - raft.server.log.appender.buffer.byte-limit = 33554432 (custom)
2021-03-01 18:11:31,680 [Listener at 127.0.0.1/41333] INFO  server.GrpcService (ConfUtils.java:logGet(44)) - raft.grpc.flow.control.window = 5MB (=5242880) (custom)
2021-03-01 18:11:31,680 [Listener at 127.0.0.1/41333] INFO  server.RaftServerConfigKeys (ConfUtils.java:logGet(44)) - raft.server.rpc.request.timeout = 3000ms (default)
2021-03-01 18:11:31,681 [Listener at 127.0.0.1/41333] INFO  impl.DataStreamServerImpl (ConfUtils.java:logGet(44)) - raft.datastream.type = DISABLED (default)
2021-03-01 18:11:31,681 [Listener at 127.0.0.1/41333] INFO  server.RaftServerConfigKeys (ConfUtils.java:logGet(44)) - raft.server.rpc.slowness.timeout = 300000ms (custom)
2021-03-01 18:11:31,681 [Listener at 127.0.0.1/41333] INFO  server.RaftServerConfigKeys (ConfUtils.java:logGet(44)) - raft.server.leaderelection.leader.step-down.wait-time = 10s (default)
2021-03-01 18:11:31,681 [Listener at 127.0.0.1/41333] INFO  server.RaftServerConfigKeys (ConfUtils.java:logGet(44)) - raft.server.storage.dir = [/github/workspace/mnt/ozone/hadoop-ozone/integration-test/target/test-dir/MiniOzoneClusterImpl-5b5774a2-bf3c-4723-a113-e238e3f8131c/datanode-6/data/ratis] (custom)
2021-03-01 18:11:31,688 [Listener at 127.0.0.1/41333] INFO  http.BaseHttpServer (BaseHttpServer.java:newHttpServer2BuilderForOzone(207)) - Starting Web-server for hddsDatanode at: http://0.0.0.0:0
2021-03-01 18:11:31,688 [Listener at 127.0.0.1/41333] INFO  http.BaseHttpServer (BaseHttpServer.java:<init>(106)) - Hadoop Security Enabled: false Ozone Security Enabled: false Ozone HTTP Security Enabled: false 
2021-03-01 18:11:31,688 [Listener at 127.0.0.1/41333] INFO  server.AuthenticationFilter (AuthenticationFilter.java:constructSecretProvider(240)) - Unable to initialize FileSignerSecretProvider, falling back to use random secrets.
2021-03-01 18:11:31,689 [Listener at 127.0.0.1/41333] WARN  http.HttpRequestLog (HttpRequestLog.java:getRequestLog(103)) - Jetty request log can only be enabled using Log4j
2021-03-01 18:11:31,689 [Listener at 127.0.0.1/41333] INFO  http.HttpServer2 (HttpServer2.java:addGlobalFilter(1020)) - Added global filter 'safety' (class=org.apache.hadoop.hdds.server.http.HttpServer2$QuotingInputFilter)
2021-03-01 18:11:31,690 [Listener at 127.0.0.1/41333] INFO  http.HttpServer2 (HttpServer2.java:addFilter(996)) - Added filter static_user_filter (class=org.apache.hadoop.http.lib.StaticUserWebFilter$StaticUserFilter) to context hddsDatanode
2021-03-01 18:11:31,690 [Listener at 127.0.0.1/41333] INFO  http.HttpServer2 (HttpServer2.java:addFilter(1004)) - Added filter static_user_filter (class=org.apache.hadoop.http.lib.StaticUserWebFilter$StaticUserFilter) to context static
2021-03-01 18:11:31,690 [Listener at 127.0.0.1/41333] INFO  http.HttpServer2 (HttpServer2.java:addFilter(1004)) - Added filter static_user_filter (class=org.apache.hadoop.http.lib.StaticUserWebFilter$StaticUserFilter) to context logs
2021-03-01 18:11:31,690 [Listener at 127.0.0.1/41333] INFO  http.HttpServer2 (HttpServer2.java:bindListener(1238)) - Jetty bound to port 40173
2021-03-01 18:11:31,690 [Listener at 127.0.0.1/41333] INFO  server.Server (Server.java:doStart(375)) - jetty-9.4.35.v20201120; built: 2020-11-20T21:17:03.964Z; git: bdc54f03a5e0a7e280fab27f55c3c75ee8da89fb; jvm 1.8.0_232-b09
2021-03-01 18:11:31,691 [Listener at 127.0.0.1/41333] INFO  server.session (DefaultSessionIdManager.java:doStart(334)) - DefaultSessionIdManager workerName=node0
2021-03-01 18:11:31,691 [Listener at 127.0.0.1/41333] INFO  server.session (DefaultSessionIdManager.java:doStart(339)) - No SessionScavenger set, using defaults
2021-03-01 18:11:31,691 [Listener at 127.0.0.1/41333] INFO  server.session (HouseKeeper.java:startScavenging(132)) - node0 Scavenging every 600000ms
2021-03-01 18:11:31,692 [Listener at 127.0.0.1/41333] INFO  handler.ContextHandler (ContextHandler.java:doStart(916)) - Started o.e.j.s.ServletContextHandler@3cc31d54{logs,/logs,file:///github/workspace/mnt/ozone/hadoop-ozone/integration-test/target/log,AVAILABLE}
2021-03-01 18:11:31,692 [Listener at 127.0.0.1/41333] INFO  handler.ContextHandler (ContextHandler.java:doStart(916)) - Started o.e.j.s.ServletContextHandler@2f6bae5a{static,/static,jar:file:/home/user/.m2/repository/org/apache/hadoop/hadoop-hdds-container-service/1.1.0-SNAPSHOT/hadoop-hdds-container-service-1.1.0-SNAPSHOT.jar!/webapps/static,AVAILABLE}
2021-03-01 18:11:31,827 [Listener at 127.0.0.1/41333] INFO  handler.ContextHandler (ContextHandler.java:doStart(916)) - Started o.e.j.w.WebAppContext@5fc880b7{hddsDatanode,/,file:///tmp/jetty-0_0_0_0-40173-hadoop-hdds-container-service-1_1_0-SNAPSHOT_jar-_-any-4366923207986278904/webapp/,AVAILABLE}{jar:file:/home/user/.m2/repository/org/apache/hadoop/hadoop-hdds-container-service/1.1.0-SNAPSHOT/hadoop-hdds-container-service-1.1.0-SNAPSHOT.jar!/webapps/hddsDatanode}
2021-03-01 18:11:31,828 [Listener at 127.0.0.1/41333] INFO  server.AbstractConnector (AbstractConnector.java:doStart(331)) - Started ServerConnector@19d9915e{HTTP/1.1, (http/1.1)}{0.0.0.0:40173}
2021-03-01 18:11:31,828 [Listener at 127.0.0.1/41333] INFO  server.Server (Server.java:doStart(415)) - Started @370017ms
2021-03-01 18:11:31,828 [Listener at 127.0.0.1/41333] WARN  impl.MetricsSystemImpl (MetricsSystemImpl.java:register(279)) - Sink prometheus already exists!
2021-03-01 18:11:31,836 [Listener at 127.0.0.1/41333] INFO  http.BaseHttpServer (BaseHttpServer.java:updateConnectorAddress(327)) - HTTP server of hddsDatanode listening at http://0.0.0.0:40173
2021-03-01 18:11:31,840 [Listener at 127.0.0.1/41333] INFO  ozone.MiniOzoneClusterImpl (MiniOzoneClusterImpl.java:lambda$waitForClusterToBeReady$0(187)) - Waiting for nodes to be ready. Got 0 of 7 DN Heartbeats.
2021-03-01 18:11:31,840 [Listener at 127.0.0.1/41333] INFO  ozone.MiniOzoneClusterImpl (MiniOzoneClusterImpl.java:lambda$waitForClusterToBeReady$0(190)) - Waiting for cluster to exit safe mode
2021-03-01 18:11:31,840 [org.apache.hadoop.util.JvmPauseMonitor$Monitor@632fe383] INFO  util.JvmPauseMonitor (JvmPauseMonitor.java:run(188)) - Starting JVM pause monitor
2021-03-01 18:11:31,841 [Datanode State Machine Task Thread - 0] INFO  datanode.InitDatanodeState (InitDatanodeState.java:persistContainerDatanodeDetails(145)) - DatanodeDetails is persisted to /github/workspace/mnt/ozone/hadoop-ozone/integration-test/target/test-dir/MiniOzoneClusterImpl-5b5774a2-bf3c-4723-a113-e238e3f8131c/datanode-6/meta/datanode.id
2021-03-01 18:11:32,635 [EndpointStateMachine task thread for /0.0.0.0:34409 - 0 ] INFO  ozoneimpl.OzoneContainer (OzoneContainer.java:start(255)) - Attempting to start container services.
2021-03-01 18:11:32,635 [EndpointStateMachine task thread for /0.0.0.0:34409 - 0 ] INFO  ozoneimpl.OzoneContainer (OzoneContainer.java:startContainerScrub(219)) - Background container scanner has been disabled.
2021-03-01 18:11:32,636 [EndpointStateMachine task thread for /0.0.0.0:34409 - 0 ] INFO  replication.ReplicationServer (ReplicationServer.java:start(106)) - ReplicationServer is started using port 39923
2021-03-01 18:11:32,636 [EndpointStateMachine task thread for /0.0.0.0:34409 - 0 ] INFO  ratis.XceiverServerRatis (XceiverServerRatis.java:start(486)) - Starting XceiverServerRatis 0f049040-6e0c-4cd4-a487-c7f09e7e4ba1
2021-03-01 18:11:32,636 [EndpointStateMachine task thread for /0.0.0.0:34409 - 0 ] INFO  server.RaftServer (RaftServerProxy.java:lambda$start$5(374)) - 0f049040-6e0c-4cd4-a487-c7f09e7e4ba1: start RPC server
2021-03-01 18:11:32,636 [EndpointStateMachine task thread for /0.0.0.0:34409 - 0 ] INFO  server.GrpcService (GrpcService.java:startImpl(253)) - 0f049040-6e0c-4cd4-a487-c7f09e7e4ba1: GrpcService started, listening on 45527
2021-03-01 18:11:32,637 [EndpointStateMachine task thread for /0.0.0.0:34409 - 0 ] INFO  ratis.XceiverServerRatis (XceiverServerRatis.java:getRealPort(507)) - XceiverServerRatis 0f049040-6e0c-4cd4-a487-c7f09e7e4ba1 is started using port 45527 for RATIS
2021-03-01 18:11:32,637 [org.apache.ratis.util.JvmPauseMonitor$$Lambda$504/1874703858@15a7de76] INFO  util.JvmPauseMonitor (JvmPauseMonitor.java:run(103)) - JvmPauseMonitor-0f049040-6e0c-4cd4-a487-c7f09e7e4ba1: Started
2021-03-01 18:11:32,637 [EndpointStateMachine task thread for /0.0.0.0:34409 - 0 ] INFO  ratis.XceiverServerRatis (XceiverServerRatis.java:getRealPort(507)) - XceiverServerRatis 0f049040-6e0c-4cd4-a487-c7f09e7e4ba1 is started using port 45527 for RATIS_ADMIN
2021-03-01 18:11:32,637 [EndpointStateMachine task thread for /0.0.0.0:34409 - 0 ] INFO  ratis.XceiverServerRatis (XceiverServerRatis.java:getRealPort(507)) - XceiverServerRatis 0f049040-6e0c-4cd4-a487-c7f09e7e4ba1 is started using port 45527 for RATIS_SERVER
2021-03-01 18:11:32,637 [EndpointStateMachine task thread for /0.0.0.0:34409 - 0 ] INFO  server.XceiverServerGrpc (XceiverServerGrpc.java:start(135)) - XceiverServerGrpc 0f049040-6e0c-4cd4-a487-c7f09e7e4ba1 is started using port 32999
2021-03-01 18:11:32,809 [EndpointStateMachine task thread for /0.0.0.0:34409 - 0 ] INFO  ozoneimpl.OzoneContainer (OzoneContainer.java:start(255)) - Attempting to start container services.
2021-03-01 18:11:32,809 [EndpointStateMachine task thread for /0.0.0.0:34409 - 0 ] INFO  ozoneimpl.OzoneContainer (OzoneContainer.java:startContainerScrub(219)) - Background container scanner has been disabled.
2021-03-01 18:11:32,810 [EndpointStateMachine task thread for /0.0.0.0:34409 - 0 ] INFO  replication.ReplicationServer (ReplicationServer.java:start(106)) - ReplicationServer is started using port 37693
2021-03-01 18:11:32,810 [EndpointStateMachine task thread for /0.0.0.0:34409 - 0 ] INFO  ratis.XceiverServerRatis (XceiverServerRatis.java:start(486)) - Starting XceiverServerRatis f258d114-ea47-4d12-8964-639f425ab8d0
2021-03-01 18:11:32,810 [EndpointStateMachine task thread for /0.0.0.0:34409 - 0 ] INFO  server.RaftServer (RaftServerProxy.java:lambda$start$5(374)) - f258d114-ea47-4d12-8964-639f425ab8d0: start RPC server
2021-03-01 18:11:32,810 [EndpointStateMachine task thread for /0.0.0.0:34409 - 0 ] INFO  server.GrpcService (GrpcService.java:startImpl(253)) - f258d114-ea47-4d12-8964-639f425ab8d0: GrpcService started, listening on 45265
2021-03-01 18:11:32,815 [EndpointStateMachine task thread for /0.0.0.0:34409 - 0 ] INFO  ratis.XceiverServerRatis (XceiverServerRatis.java:getRealPort(507)) - XceiverServerRatis f258d114-ea47-4d12-8964-639f425ab8d0 is started using port 45265 for RATIS
2021-03-01 18:11:32,815 [EndpointStateMachine task thread for /0.0.0.0:34409 - 0 ] INFO  ratis.XceiverServerRatis (XceiverServerRatis.java:getRealPort(507)) - XceiverServerRatis f258d114-ea47-4d12-8964-639f425ab8d0 is started using port 45265 for RATIS_ADMIN
2021-03-01 18:11:32,815 [EndpointStateMachine task thread for /0.0.0.0:34409 - 0 ] INFO  ratis.XceiverServerRatis (XceiverServerRatis.java:getRealPort(507)) - XceiverServerRatis f258d114-ea47-4d12-8964-639f425ab8d0 is started using port 45265 for RATIS_SERVER
2021-03-01 18:11:32,815 [EndpointStateMachine task thread for /0.0.0.0:34409 - 0 ] INFO  server.XceiverServerGrpc (XceiverServerGrpc.java:start(135)) - XceiverServerGrpc f258d114-ea47-4d12-8964-639f425ab8d0 is started using port 34123
2021-03-01 18:11:32,815 [org.apache.ratis.util.JvmPauseMonitor$$Lambda$504/1874703858@4ea8b925] INFO  util.JvmPauseMonitor (JvmPauseMonitor.java:run(103)) - JvmPauseMonitor-f258d114-ea47-4d12-8964-639f425ab8d0: Started
2021-03-01 18:11:32,840 [Listener at 127.0.0.1/41333] INFO  ozone.MiniOzoneClusterImpl (MiniOzoneClusterImpl.java:lambda$waitForClusterToBeReady$0(187)) - Waiting for nodes to be ready. Got 0 of 7 DN Heartbeats.
2021-03-01 18:11:32,840 [Listener at 127.0.0.1/41333] INFO  ozone.MiniOzoneClusterImpl (MiniOzoneClusterImpl.java:lambda$waitForClusterToBeReady$0(190)) - Waiting for cluster to exit safe mode
2021-03-01 18:11:32,993 [EndpointStateMachine task thread for /0.0.0.0:34409 - 0 ] INFO  ozoneimpl.OzoneContainer (OzoneContainer.java:start(255)) - Attempting to start container services.
2021-03-01 18:11:32,993 [EndpointStateMachine task thread for /0.0.0.0:34409 - 0 ] INFO  ozoneimpl.OzoneContainer (OzoneContainer.java:startContainerScrub(219)) - Background container scanner has been disabled.
2021-03-01 18:11:32,994 [EndpointStateMachine task thread for /0.0.0.0:34409 - 0 ] INFO  replication.ReplicationServer (ReplicationServer.java:start(106)) - ReplicationServer is started using port 35041
2021-03-01 18:11:32,994 [EndpointStateMachine task thread for /0.0.0.0:34409 - 0 ] INFO  ratis.XceiverServerRatis (XceiverServerRatis.java:start(486)) - Starting XceiverServerRatis a5a3f093-0768-4d4b-b08f-053c130678b3
2021-03-01 18:11:32,994 [EndpointStateMachine task thread for /0.0.0.0:34409 - 0 ] INFO  server.RaftServer (RaftServerProxy.java:lambda$start$5(374)) - a5a3f093-0768-4d4b-b08f-053c130678b3: start RPC server
2021-03-01 18:11:32,995 [EndpointStateMachine task thread for /0.0.0.0:34409 - 0 ] INFO  server.GrpcService (GrpcService.java:startImpl(253)) - a5a3f093-0768-4d4b-b08f-053c130678b3: GrpcService started, listening on 40499
2021-03-01 18:11:32,995 [EndpointStateMachine task thread for /0.0.0.0:34409 - 0 ] INFO  ratis.XceiverServerRatis (XceiverServerRatis.java:getRealPort(507)) - XceiverServerRatis a5a3f093-0768-4d4b-b08f-053c130678b3 is started using port 40499 for RATIS
2021-03-01 18:11:32,995 [EndpointStateMachine task thread for /0.0.0.0:34409 - 0 ] INFO  ratis.XceiverServerRatis (XceiverServerRatis.java:getRealPort(507)) - XceiverServerRatis a5a3f093-0768-4d4b-b08f-053c130678b3 is started using port 40499 for RATIS_ADMIN
2021-03-01 18:11:32,995 [org.apache.ratis.util.JvmPauseMonitor$$Lambda$504/1874703858@2ea48f2a] INFO  util.JvmPauseMonitor (JvmPauseMonitor.java:run(103)) - JvmPauseMonitor-a5a3f093-0768-4d4b-b08f-053c130678b3: Started
2021-03-01 18:11:32,995 [EndpointStateMachine task thread for /0.0.0.0:34409 - 0 ] INFO  ratis.XceiverServerRatis (XceiverServerRatis.java:getRealPort(507)) - XceiverServerRatis a5a3f093-0768-4d4b-b08f-053c130678b3 is started using port 40499 for RATIS_SERVER
2021-03-01 18:11:32,996 [EndpointStateMachine task thread for /0.0.0.0:34409 - 0 ] INFO  server.XceiverServerGrpc (XceiverServerGrpc.java:start(135)) - XceiverServerGrpc a5a3f093-0768-4d4b-b08f-053c130678b3 is started using port 42875
2021-03-01 18:11:33,168 [EndpointStateMachine task thread for /0.0.0.0:34409 - 0 ] INFO  ozoneimpl.OzoneContainer (OzoneContainer.java:start(255)) - Attempting to start container services.
2021-03-01 18:11:33,168 [EndpointStateMachine task thread for /0.0.0.0:34409 - 0 ] INFO  ozoneimpl.OzoneContainer (OzoneContainer.java:startContainerScrub(219)) - Background container scanner has been disabled.
2021-03-01 18:11:33,168 [EndpointStateMachine task thread for /0.0.0.0:34409 - 0 ] INFO  replication.ReplicationServer (ReplicationServer.java:start(106)) - ReplicationServer is started using port 42543
2021-03-01 18:11:33,168 [EndpointStateMachine task thread for /0.0.0.0:34409 - 0 ] INFO  ratis.XceiverServerRatis (XceiverServerRatis.java:start(486)) - Starting XceiverServerRatis ca5fd955-873f-4bac-9f2a-538d93af5c77
2021-03-01 18:11:33,169 [EndpointStateMachine task thread for /0.0.0.0:34409 - 0 ] INFO  server.RaftServer (RaftServerProxy.java:lambda$start$5(374)) - ca5fd955-873f-4bac-9f2a-538d93af5c77: start RPC server
2021-03-01 18:11:33,169 [EndpointStateMachine task thread for /0.0.0.0:34409 - 0 ] INFO  server.GrpcService (GrpcService.java:startImpl(253)) - ca5fd955-873f-4bac-9f2a-538d93af5c77: GrpcService started, listening on 36703
2021-03-01 18:11:33,169 [EndpointStateMachine task thread for /0.0.0.0:34409 - 0 ] INFO  ratis.XceiverServerRatis (XceiverServerRatis.java:getRealPort(507)) - XceiverServerRatis ca5fd955-873f-4bac-9f2a-538d93af5c77 is started using port 36703 for RATIS
2021-03-01 18:11:33,169 [EndpointStateMachine task thread for /0.0.0.0:34409 - 0 ] INFO  ratis.XceiverServerRatis (XceiverServerRatis.java:getRealPort(507)) - XceiverServerRatis ca5fd955-873f-4bac-9f2a-538d93af5c77 is started using port 36703 for RATIS_ADMIN
2021-03-01 18:11:33,169 [EndpointStateMachine task thread for /0.0.0.0:34409 - 0 ] INFO  ratis.XceiverServerRatis (XceiverServerRatis.java:getRealPort(507)) - XceiverServerRatis ca5fd955-873f-4bac-9f2a-538d93af5c77 is started using port 36703 for RATIS_SERVER
2021-03-01 18:11:33,169 [org.apache.ratis.util.JvmPauseMonitor$$Lambda$504/1874703858@32be2050] INFO  util.JvmPauseMonitor (JvmPauseMonitor.java:run(103)) - JvmPauseMonitor-ca5fd955-873f-4bac-9f2a-538d93af5c77: Started
2021-03-01 18:11:33,171 [EndpointStateMachine task thread for /0.0.0.0:34409 - 0 ] INFO  server.XceiverServerGrpc (XceiverServerGrpc.java:start(135)) - XceiverServerGrpc ca5fd955-873f-4bac-9f2a-538d93af5c77 is started using port 39671
2021-03-01 18:11:33,365 [EndpointStateMachine task thread for /0.0.0.0:34409 - 0 ] INFO  ozoneimpl.OzoneContainer (OzoneContainer.java:start(255)) - Attempting to start container services.
2021-03-01 18:11:33,365 [EndpointStateMachine task thread for /0.0.0.0:34409 - 0 ] INFO  ozoneimpl.OzoneContainer (OzoneContainer.java:startContainerScrub(219)) - Background container scanner has been disabled.
2021-03-01 18:11:33,365 [EndpointStateMachine task thread for /0.0.0.0:34409 - 0 ] INFO  replication.ReplicationServer (ReplicationServer.java:start(106)) - ReplicationServer is started using port 36853
2021-03-01 18:11:33,366 [EndpointStateMachine task thread for /0.0.0.0:34409 - 0 ] INFO  ratis.XceiverServerRatis (XceiverServerRatis.java:start(486)) - Starting XceiverServerRatis a7136ecb-4465-4bae-b158-9cfc61718915
2021-03-01 18:11:33,366 [EndpointStateMachine task thread for /0.0.0.0:34409 - 0 ] INFO  server.RaftServer (RaftServerProxy.java:lambda$start$5(374)) - a7136ecb-4465-4bae-b158-9cfc61718915: start RPC server
2021-03-01 18:11:33,366 [EndpointStateMachine task thread for /0.0.0.0:34409 - 0 ] INFO  server.GrpcService (GrpcService.java:startImpl(253)) - a7136ecb-4465-4bae-b158-9cfc61718915: GrpcService started, listening on 42023
2021-03-01 18:11:33,367 [EndpointStateMachine task thread for /0.0.0.0:34409 - 0 ] INFO  ratis.XceiverServerRatis (XceiverServerRatis.java:getRealPort(507)) - XceiverServerRatis a7136ecb-4465-4bae-b158-9cfc61718915 is started using port 42023 for RATIS
2021-03-01 18:11:33,367 [EndpointStateMachine task thread for /0.0.0.0:34409 - 0 ] INFO  ratis.XceiverServerRatis (XceiverServerRatis.java:getRealPort(507)) - XceiverServerRatis a7136ecb-4465-4bae-b158-9cfc61718915 is started using port 42023 for RATIS_ADMIN
2021-03-01 18:11:33,367 [org.apache.ratis.util.JvmPauseMonitor$$Lambda$504/1874703858@1d83950c] INFO  util.JvmPauseMonitor (JvmPauseMonitor.java:run(103)) - JvmPauseMonitor-a7136ecb-4465-4bae-b158-9cfc61718915: Started
2021-03-01 18:11:33,367 [EndpointStateMachine task thread for /0.0.0.0:34409 - 0 ] INFO  ratis.XceiverServerRatis (XceiverServerRatis.java:getRealPort(507)) - XceiverServerRatis a7136ecb-4465-4bae-b158-9cfc61718915 is started using port 42023 for RATIS_SERVER
2021-03-01 18:11:33,367 [EndpointStateMachine task thread for /0.0.0.0:34409 - 0 ] INFO  server.XceiverServerGrpc (XceiverServerGrpc.java:start(135)) - XceiverServerGrpc a7136ecb-4465-4bae-b158-9cfc61718915 is started using port 36443
2021-03-01 18:11:33,707 [EndpointStateMachine task thread for /0.0.0.0:34409 - 0 ] INFO  ozoneimpl.OzoneContainer (OzoneContainer.java:start(255)) - Attempting to start container services.
2021-03-01 18:11:33,707 [EndpointStateMachine task thread for /0.0.0.0:34409 - 0 ] INFO  ozoneimpl.OzoneContainer (OzoneContainer.java:startContainerScrub(219)) - Background container scanner has been disabled.
2021-03-01 18:11:33,708 [EndpointStateMachine task thread for /0.0.0.0:34409 - 0 ] INFO  replication.ReplicationServer (ReplicationServer.java:start(106)) - ReplicationServer is started using port 34019
2021-03-01 18:11:33,708 [EndpointStateMachine task thread for /0.0.0.0:34409 - 0 ] INFO  ratis.XceiverServerRatis (XceiverServerRatis.java:start(486)) - Starting XceiverServerRatis b303f36a-f963-4721-9f7a-b5e9e54e4468
2021-03-01 18:11:33,727 [EndpointStateMachine task thread for /0.0.0.0:34409 - 0 ] INFO  server.RaftServer (RaftServerProxy.java:lambda$start$5(374)) - b303f36a-f963-4721-9f7a-b5e9e54e4468: start RPC server
2021-03-01 18:11:33,727 [EndpointStateMachine task thread for /0.0.0.0:34409 - 0 ] INFO  server.GrpcService (GrpcService.java:startImpl(253)) - b303f36a-f963-4721-9f7a-b5e9e54e4468: GrpcService started, listening on 32969
2021-03-01 18:11:33,727 [EndpointStateMachine task thread for /0.0.0.0:34409 - 0 ] INFO  ratis.XceiverServerRatis (XceiverServerRatis.java:getRealPort(507)) - XceiverServerRatis b303f36a-f963-4721-9f7a-b5e9e54e4468 is started using port 32969 for RATIS
2021-03-01 18:11:33,727 [EndpointStateMachine task thread for /0.0.0.0:34409 - 0 ] INFO  ratis.XceiverServerRatis (XceiverServerRatis.java:getRealPort(507)) - XceiverServerRatis b303f36a-f963-4721-9f7a-b5e9e54e4468 is started using port 32969 for RATIS_ADMIN
2021-03-01 18:11:33,727 [EndpointStateMachine task thread for /0.0.0.0:34409 - 0 ] INFO  ratis.XceiverServerRatis (XceiverServerRatis.java:getRealPort(507)) - XceiverServerRatis b303f36a-f963-4721-9f7a-b5e9e54e4468 is started using port 32969 for RATIS_SERVER
2021-03-01 18:11:33,728 [EndpointStateMachine task thread for /0.0.0.0:34409 - 0 ] INFO  server.XceiverServerGrpc (XceiverServerGrpc.java:start(135)) - XceiverServerGrpc b303f36a-f963-4721-9f7a-b5e9e54e4468 is started using port 39419
2021-03-01 18:11:33,728 [org.apache.ratis.util.JvmPauseMonitor$$Lambda$504/1874703858@17a0cc0] INFO  util.JvmPauseMonitor (JvmPauseMonitor.java:run(103)) - JvmPauseMonitor-b303f36a-f963-4721-9f7a-b5e9e54e4468: Started
2021-03-01 18:11:33,840 [Listener at 127.0.0.1/41333] INFO  ozone.MiniOzoneClusterImpl (MiniOzoneClusterImpl.java:lambda$waitForClusterToBeReady$0(187)) - Waiting for nodes to be ready. Got 0 of 7 DN Heartbeats.
2021-03-01 18:11:33,841 [Listener at 127.0.0.1/41333] INFO  ozone.MiniOzoneClusterImpl (MiniOzoneClusterImpl.java:lambda$waitForClusterToBeReady$0(190)) - Waiting for cluster to exit safe mode
2021-03-01 18:11:33,842 [EndpointStateMachine task thread for /0.0.0.0:34409 - 0 ] INFO  ozoneimpl.OzoneContainer (OzoneContainer.java:start(255)) - Attempting to start container services.
2021-03-01 18:11:33,842 [EndpointStateMachine task thread for /0.0.0.0:34409 - 0 ] INFO  ozoneimpl.OzoneContainer (OzoneContainer.java:startContainerScrub(219)) - Background container scanner has been disabled.
2021-03-01 18:11:33,843 [EndpointStateMachine task thread for /0.0.0.0:34409 - 0 ] INFO  replication.ReplicationServer (ReplicationServer.java:start(106)) - ReplicationServer is started using port 34149
2021-03-01 18:11:33,843 [EndpointStateMachine task thread for /0.0.0.0:34409 - 0 ] INFO  ratis.XceiverServerRatis (XceiverServerRatis.java:start(486)) - Starting XceiverServerRatis 71037dd0-5a6b-4f94-9c1b-4fa0a4e676f4
2021-03-01 18:11:33,844 [EndpointStateMachine task thread for /0.0.0.0:34409 - 0 ] INFO  server.RaftServer (RaftServerProxy.java:lambda$start$5(374)) - 71037dd0-5a6b-4f94-9c1b-4fa0a4e676f4: start RPC server
2021-03-01 18:11:33,846 [EndpointStateMachine task thread for /0.0.0.0:34409 - 0 ] INFO  server.GrpcService (GrpcService.java:startImpl(253)) - 71037dd0-5a6b-4f94-9c1b-4fa0a4e676f4: GrpcService started, listening on 34359
2021-03-01 18:11:33,847 [EndpointStateMachine task thread for /0.0.0.0:34409 - 0 ] INFO  ratis.XceiverServerRatis (XceiverServerRatis.java:getRealPort(507)) - XceiverServerRatis 71037dd0-5a6b-4f94-9c1b-4fa0a4e676f4 is started using port 34359 for RATIS
2021-03-01 18:11:33,847 [EndpointStateMachine task thread for /0.0.0.0:34409 - 0 ] INFO  ratis.XceiverServerRatis (XceiverServerRatis.java:getRealPort(507)) - XceiverServerRatis 71037dd0-5a6b-4f94-9c1b-4fa0a4e676f4 is started using port 34359 for RATIS_ADMIN
2021-03-01 18:11:33,847 [EndpointStateMachine task thread for /0.0.0.0:34409 - 0 ] INFO  ratis.XceiverServerRatis (XceiverServerRatis.java:getRealPort(507)) - XceiverServerRatis 71037dd0-5a6b-4f94-9c1b-4fa0a4e676f4 is started using port 34359 for RATIS_SERVER
2021-03-01 18:11:33,847 [EndpointStateMachine task thread for /0.0.0.0:34409 - 0 ] INFO  server.XceiverServerGrpc (XceiverServerGrpc.java:start(135)) - XceiverServerGrpc 71037dd0-5a6b-4f94-9c1b-4fa0a4e676f4 is started using port 43883
2021-03-01 18:11:33,847 [org.apache.ratis.util.JvmPauseMonitor$$Lambda$504/1874703858@1c7e5dbc] INFO  util.JvmPauseMonitor (JvmPauseMonitor.java:run(103)) - JvmPauseMonitor-71037dd0-5a6b-4f94-9c1b-4fa0a4e676f4: Started
2021-03-01 18:11:34,633 [IPC Server handler 1 on default port 34409] INFO  net.NetworkTopologyImpl (NetworkTopologyImpl.java:add(112)) - Added a new node: /default-rack/0f049040-6e0c-4cd4-a487-c7f09e7e4ba1
2021-03-01 18:11:34,634 [IPC Server handler 1 on default port 34409] INFO  node.SCMNodeManager (SCMNodeManager.java:register(345)) - Registered Data node : 0f049040-6e0c-4cd4-a487-c7f09e7e4ba1{ip: 172.17.0.2, host: 83787af071e2, ports: [REPLICATION=39923, RATIS=45527, RATIS_ADMIN=45527, RATIS_SERVER=45527, STANDALONE=32999], networkLocation: /default-rack, certSerialId: null, persistedOpState: null, persistedOpStateExpiryEpochSec: 0}
2021-03-01 18:11:34,634 [RatisPipelineUtilsThread] INFO  pipeline.RatisPipelineProvider (RatisPipelineProvider.java:lambda$create$0(161)) - Sending CreatePipelineCommand for pipeline:PipelineID=349ecc55-d885-4713-aba4-3969b6352859 to datanode:0f049040-6e0c-4cd4-a487-c7f09e7e4ba1
2021-03-01 18:11:34,635 [EventQueue-NodeRegistrationContainerReportForContainerSafeModeRule] INFO  safemode.SCMSafeModeManager (SCMSafeModeManager.java:validateSafeModeExitRules(214)) - ContainerSafeModeRule rule is successfully validated
2021-03-01 18:11:34,635 [RatisPipelineUtilsThread] INFO  pipeline.PipelineStateManager (PipelineStateManager.java:addPipeline(54)) - Created pipeline Pipeline[ Id: 349ecc55-d885-4713-aba4-3969b6352859, Nodes: 0f049040-6e0c-4cd4-a487-c7f09e7e4ba1{ip: 172.17.0.2, host: 83787af071e2, ports: [REPLICATION=39923, RATIS=45527, RATIS_ADMIN=45527, RATIS_SERVER=45527, STANDALONE=32999], networkLocation: /default-rack, certSerialId: null, persistedOpState: IN_SERVICE, persistedOpStateExpiryEpochSec: 0}, Type:RATIS, Factor:ONE, State:ALLOCATED, leaderId:, CreationTimestamp2021-03-01T18:11:34.634Z]
2021-03-01 18:11:34,635 [EventQueue-NodeRegistrationContainerReportForDataNodeSafeModeRule] INFO  safemode.SCMSafeModeManager (DataNodeSafeModeRule.java:process(71)) - SCM in safe mode. 1 DataNodes registered, 1 required.
2021-03-01 18:11:34,636 [EventQueue-NodeRegistrationContainerReportForDataNodeSafeModeRule] INFO  safemode.SCMSafeModeManager (SCMSafeModeManager.java:validateSafeModeExitRules(214)) - DataNodeSafeModeRule rule is successfully validated
2021-03-01 18:11:34,636 [EventQueue-NodeRegistrationContainerReportForDataNodeSafeModeRule] INFO  safemode.SCMSafeModeManager (SCMSafeModeManager.java:completePreCheck(242)) - All SCM safe mode pre check rules have passed
2021-03-01 18:11:34,637 [RatisPipelineUtilsThread] WARN  pipeline.PipelinePlacementPolicy (PipelinePlacementPolicy.java:filterViableNodes(142)) - Pipeline creation failed due to no sufficient healthy datanodes. Required 3. Found 1.
2021-03-01 18:11:34,637 [EventQueue-PipelineReportForOneReplicaPipelineSafeModeRule] INFO  safemode.SCMSafeModeManager (SCMSafeModeManager.java:validateSafeModeExitRules(214)) - AtleastOneDatanodeReportedRule rule is successfully validated
2021-03-01 18:11:34,808 [IPC Server handler 2 on default port 34409] INFO  net.NetworkTopologyImpl (NetworkTopologyImpl.java:add(112)) - Added a new node: /default-rack/f258d114-ea47-4d12-8964-639f425ab8d0
2021-03-01 18:11:34,808 [IPC Server handler 2 on default port 34409] INFO  node.SCMNodeManager (SCMNodeManager.java:register(345)) - Registered Data node : f258d114-ea47-4d12-8964-639f425ab8d0{ip: 172.17.0.2, host: 83787af071e2, ports: [REPLICATION=37693, RATIS=45265, RATIS_ADMIN=45265, RATIS_SERVER=45265, STANDALONE=34123], networkLocation: /default-rack, certSerialId: null, persistedOpState: null, persistedOpStateExpiryEpochSec: 0}
2021-03-01 18:11:34,808 [EventQueue-PipelineReportForOneReplicaPipelineSafeModeRule] INFO  safemode.SCMSafeModeManager (SCMSafeModeManager.java:validateSafeModeExitRules(214)) - AtleastOneDatanodeReportedRule rule is successfully validated
2021-03-01 18:11:34,809 [EventQueue-NodeRegistrationContainerReportForContainerSafeModeRule] INFO  safemode.SCMSafeModeManager (SCMSafeModeManager.java:validateSafeModeExitRules(214)) - ContainerSafeModeRule rule is successfully validated
2021-03-01 18:11:34,809 [EventQueue-NodeRegistrationContainerReportForDataNodeSafeModeRule] INFO  safemode.SCMSafeModeManager (SCMSafeModeManager.java:validateSafeModeExitRules(214)) - DataNodeSafeModeRule rule is successfully validated
2021-03-01 18:11:34,809 [RatisPipelineUtilsThread] INFO  pipeline.RatisPipelineProvider (RatisPipelineProvider.java:lambda$create$0(161)) - Sending CreatePipelineCommand for pipeline:PipelineID=625e2d19-b980-4c0a-8209-c1d2d21887d4 to datanode:f258d114-ea47-4d12-8964-639f425ab8d0
2021-03-01 18:11:34,809 [RatisPipelineUtilsThread] INFO  pipeline.PipelineStateManager (PipelineStateManager.java:addPipeline(54)) - Created pipeline Pipeline[ Id: 625e2d19-b980-4c0a-8209-c1d2d21887d4, Nodes: f258d114-ea47-4d12-8964-639f425ab8d0{ip: 172.17.0.2, host: 83787af071e2, ports: [REPLICATION=37693, RATIS=45265, RATIS_ADMIN=45265, RATIS_SERVER=45265, STANDALONE=34123], networkLocation: /default-rack, certSerialId: null, persistedOpState: IN_SERVICE, persistedOpStateExpiryEpochSec: 0}, Type:RATIS, Factor:ONE, State:ALLOCATED, leaderId:, CreationTimestamp2021-03-01T18:11:34.809Z]
2021-03-01 18:11:34,809 [RatisPipelineUtilsThread] WARN  pipeline.PipelinePlacementPolicy (PipelinePlacementPolicy.java:filterViableNodes(142)) - Pipeline creation failed due to no sufficient healthy datanodes. Required 3. Found 2.
2021-03-01 18:11:34,841 [Listener at 127.0.0.1/41333] INFO  ozone.MiniOzoneClusterImpl (MiniOzoneClusterImpl.java:lambda$waitForClusterToBeReady$0(187)) - Waiting for nodes to be ready. Got 2 of 7 DN Heartbeats.
2021-03-01 18:11:34,841 [Listener at 127.0.0.1/41333] INFO  ozone.MiniOzoneClusterImpl (MiniOzoneClusterImpl.java:lambda$waitForClusterToBeReady$0(190)) - Waiting for cluster to exit safe mode
2021-03-01 18:11:34,993 [IPC Server handler 3 on default port 34409] INFO  net.NetworkTopologyImpl (NetworkTopologyImpl.java:add(112)) - Added a new node: /default-rack/a5a3f093-0768-4d4b-b08f-053c130678b3
2021-03-01 18:11:34,993 [IPC Server handler 3 on default port 34409] INFO  node.SCMNodeManager (SCMNodeManager.java:register(345)) - Registered Data node : a5a3f093-0768-4d4b-b08f-053c130678b3{ip: 172.17.0.2, host: 83787af071e2, ports: [REPLICATION=35041, RATIS=40499, RATIS_ADMIN=40499, RATIS_SERVER=40499, STANDALONE=42875], networkLocation: /default-rack, certSerialId: null, persistedOpState: null, persistedOpStateExpiryEpochSec: 0}
2021-03-01 18:11:34,993 [EventQueue-NodeRegistrationContainerReportForContainerSafeModeRule] INFO  safemode.SCMSafeModeManager (SCMSafeModeManager.java:validateSafeModeExitRules(214)) - ContainerSafeModeRule rule is successfully validated
2021-03-01 18:11:34,993 [RatisPipelineUtilsThread] INFO  pipeline.RatisPipelineProvider (RatisPipelineProvider.java:lambda$create$0(161)) - Sending CreatePipelineCommand for pipeline:PipelineID=bada6328-bb35-467d-beb6-23af959e1599 to datanode:a5a3f093-0768-4d4b-b08f-053c130678b3
2021-03-01 18:11:34,994 [RatisPipelineUtilsThread] INFO  pipeline.PipelineStateManager (PipelineStateManager.java:addPipeline(54)) - Created pipeline Pipeline[ Id: bada6328-bb35-467d-beb6-23af959e1599, Nodes: a5a3f093-0768-4d4b-b08f-053c130678b3{ip: 172.17.0.2, host: 83787af071e2, ports: [REPLICATION=35041, RATIS=40499, RATIS_ADMIN=40499, RATIS_SERVER=40499, STANDALONE=42875], networkLocation: /default-rack, certSerialId: null, persistedOpState: IN_SERVICE, persistedOpStateExpiryEpochSec: 0}, Type:RATIS, Factor:ONE, State:ALLOCATED, leaderId:, CreationTimestamp2021-03-01T18:11:34.993Z]
2021-03-01 18:11:34,994 [RatisPipelineUtilsThread] INFO  pipeline.RatisPipelineProvider (RatisPipelineProvider.java:lambda$create$0(161)) - Sending CreatePipelineCommand for pipeline:PipelineID=6a91cd44-6d96-4d75-88f7-183949e5868d to datanode:0f049040-6e0c-4cd4-a487-c7f09e7e4ba1
2021-03-01 18:11:34,994 [RatisPipelineUtilsThread] INFO  pipeline.RatisPipelineProvider (RatisPipelineProvider.java:lambda$create$0(161)) - Sending CreatePipelineCommand for pipeline:PipelineID=6a91cd44-6d96-4d75-88f7-183949e5868d to datanode:a5a3f093-0768-4d4b-b08f-053c130678b3
2021-03-01 18:11:34,994 [RatisPipelineUtilsThread] INFO  pipeline.RatisPipelineProvider (RatisPipelineProvider.java:lambda$create$0(161)) - Sending CreatePipelineCommand for pipeline:PipelineID=6a91cd44-6d96-4d75-88f7-183949e5868d to datanode:f258d114-ea47-4d12-8964-639f425ab8d0
2021-03-01 18:11:34,994 [RatisPipelineUtilsThread] INFO  pipeline.PipelineStateManager (PipelineStateManager.java:addPipeline(54)) - Created pipeline Pipeline[ Id: 6a91cd44-6d96-4d75-88f7-183949e5868d, Nodes: 0f049040-6e0c-4cd4-a487-c7f09e7e4ba1{ip: 172.17.0.2, host: 83787af071e2, ports: [REPLICATION=39923, RATIS=45527, RATIS_ADMIN=45527, RATIS_SERVER=45527, STANDALONE=32999], networkLocation: /default-rack, certSerialId: null, persistedOpState: IN_SERVICE, persistedOpStateExpiryEpochSec: 0}a5a3f093-0768-4d4b-b08f-053c130678b3{ip: 172.17.0.2, host: 83787af071e2, ports: [REPLICATION=35041, RATIS=40499, RATIS_ADMIN=40499, RATIS_SERVER=40499, STANDALONE=42875], networkLocation: /default-rack, certSerialId: null, persistedOpState: IN_SERVICE, persistedOpStateExpiryEpochSec: 0}f258d114-ea47-4d12-8964-639f425ab8d0{ip: 172.17.0.2, host: 83787af071e2, ports: [REPLICATION=37693, RATIS=45265, RATIS_ADMIN=45265, RATIS_SERVER=45265, STANDALONE=34123], networkLocation: /default-rack, certSerialId: null, persistedOpState: IN_SERVICE, persistedOpStateExpiryEpochSec: 0}, Type:RATIS, Factor:THREE, State:ALLOCATED, leaderId:, CreationTimestamp2021-03-01T18:11:34.994Z]
2021-03-01 18:11:34,994 [RatisPipelineUtilsThread] INFO  pipeline.RatisPipelineProvider (RatisPipelineProvider.java:lambda$create$0(161)) - Sending CreatePipelineCommand for pipeline:PipelineID=d7d51450-7844-4544-a5b2-56e890c13fb3 to datanode:0f049040-6e0c-4cd4-a487-c7f09e7e4ba1
2021-03-01 18:11:34,994 [RatisPipelineUtilsThread] INFO  pipeline.RatisPipelineProvider (RatisPipelineProvider.java:lambda$create$0(161)) - Sending CreatePipelineCommand for pipeline:PipelineID=d7d51450-7844-4544-a5b2-56e890c13fb3 to datanode:a5a3f093-0768-4d4b-b08f-053c130678b3
2021-03-01 18:11:34,994 [RatisPipelineUtilsThread] INFO  pipeline.RatisPipelineProvider (RatisPipelineProvider.java:lambda$create$0(161)) - Sending CreatePipelineCommand for pipeline:PipelineID=d7d51450-7844-4544-a5b2-56e890c13fb3 to datanode:f258d114-ea47-4d12-8964-639f425ab8d0
2021-03-01 18:11:34,995 [RatisPipelineUtilsThread] INFO  pipeline.PipelineStateManager (PipelineStateManager.java:addPipeline(54)) - Created pipeline Pipeline[ Id: d7d51450-7844-4544-a5b2-56e890c13fb3, Nodes: 0f049040-6e0c-4cd4-a487-c7f09e7e4ba1{ip: 172.17.0.2, host: 83787af071e2, ports: [REPLICATION=39923, RATIS=45527, RATIS_ADMIN=45527, RATIS_SERVER=45527, STANDALONE=32999], networkLocation: /default-rack, certSerialId: null, persistedOpState: IN_SERVICE, persistedOpStateExpiryEpochSec: 0}a5a3f093-0768-4d4b-b08f-053c130678b3{ip: 172.17.0.2, host: 83787af071e2, ports: [REPLICATION=35041, RATIS=40499, RATIS_ADMIN=40499, RATIS_SERVER=40499, STANDALONE=42875], networkLocation: /default-rack, certSerialId: null, persistedOpState: IN_SERVICE, persistedOpStateExpiryEpochSec: 0}f258d114-ea47-4d12-8964-639f425ab8d0{ip: 172.17.0.2, host: 83787af071e2, ports: [REPLICATION=37693, RATIS=45265, RATIS_ADMIN=45265, RATIS_SERVER=45265, STANDALONE=34123], networkLocation: /default-rack, certSerialId: null, persistedOpState: IN_SERVICE, persistedOpStateExpiryEpochSec: 0}, Type:RATIS, Factor:THREE, State:ALLOCATED, leaderId:, CreationTimestamp2021-03-01T18:11:34.994Z]
2021-03-01 18:11:34,995 [RatisPipelineUtilsThread] INFO  pipeline.SCMPipelineManager (SCMPipelineManager.java:recordMetricsForPipeline(243)) - Pipeline: PipelineID=d7d51450-7844-4544-a5b2-56e890c13fb3 contains same datanodes as previous pipelines: PipelineID=6a91cd44-6d96-4d75-88f7-183949e5868d nodeIds: 0f049040-6e0c-4cd4-a487-c7f09e7e4ba1, a5a3f093-0768-4d4b-b08f-053c130678b3, f258d114-ea47-4d12-8964-639f425ab8d0
2021-03-01 18:11:34,995 [RatisPipelineUtilsThread] INFO  pipeline.RatisPipelineProvider (RatisPipelineProvider.java:lambda$create$0(161)) - Sending CreatePipelineCommand for pipeline:PipelineID=da80ac3f-35d5-4acd-b79a-617fbae04f80 to datanode:f258d114-ea47-4d12-8964-639f425ab8d0
2021-03-01 18:11:34,995 [RatisPipelineUtilsThread] INFO  pipeline.RatisPipelineProvider (RatisPipelineProvider.java:lambda$create$0(161)) - Sending CreatePipelineCommand for pipeline:PipelineID=da80ac3f-35d5-4acd-b79a-617fbae04f80 to datanode:0f049040-6e0c-4cd4-a487-c7f09e7e4ba1
2021-03-01 18:11:34,995 [RatisPipelineUtilsThread] INFO  pipeline.RatisPipelineProvider (RatisPipelineProvider.java:lambda$create$0(161)) - Sending CreatePipelineCommand for pipeline:PipelineID=da80ac3f-35d5-4acd-b79a-617fbae04f80 to datanode:a5a3f093-0768-4d4b-b08f-053c130678b3
2021-03-01 18:11:34,995 [RatisPipelineUtilsThread] INFO  pipeline.PipelineStateManager (PipelineStateManager.java:addPipeline(54)) - Created pipeline Pipeline[ Id: da80ac3f-35d5-4acd-b79a-617fbae04f80, Nodes: f258d114-ea47-4d12-8964-639f425ab8d0{ip: 172.17.0.2, host: 83787af071e2, ports: [REPLICATION=37693, RATIS=45265, RATIS_ADMIN=45265, RATIS_SERVER=45265, STANDALONE=34123], networkLocation: /default-rack, certSerialId: null, persistedOpState: IN_SERVICE, persistedOpStateExpiryEpochSec: 0}0f049040-6e0c-4cd4-a487-c7f09e7e4ba1{ip: 172.17.0.2, host: 83787af071e2, ports: [REPLICATION=39923, RATIS=45527, RATIS_ADMIN=45527, RATIS_SERVER=45527, STANDALONE=32999], networkLocation: /default-rack, certSerialId: null, persistedOpState: IN_SERVICE, persistedOpStateExpiryEpochSec: 0}a5a3f093-0768-4d4b-b08f-053c130678b3{ip: 172.17.0.2, host: 83787af071e2, ports: [REPLICATION=35041, RATIS=40499, RATIS_ADMIN=40499, RATIS_SERVER=40499, STANDALONE=42875], networkLocation: /default-rack, certSerialId: null, persistedOpState: IN_SERVICE, persistedOpStateExpiryEpochSec: 0}, Type:RATIS, Factor:THREE, State:ALLOCATED, leaderId:, CreationTimestamp2021-03-01T18:11:34.995Z]
2021-03-01 18:11:34,995 [RatisPipelineUtilsThread] INFO  pipeline.SCMPipelineManager (SCMPipelineManager.java:recordMetricsForPipeline(243)) - Pipeline: PipelineID=da80ac3f-35d5-4acd-b79a-617fbae04f80 contains same datanodes as previous pipelines: PipelineID=6a91cd44-6d96-4d75-88f7-183949e5868d nodeIds: f258d114-ea47-4d12-8964-639f425ab8d0, 0f049040-6e0c-4cd4-a487-c7f09e7e4ba1, a5a3f093-0768-4d4b-b08f-053c130678b3
2021-03-01 18:11:34,995 [RatisPipelineUtilsThread] INFO  pipeline.SCMPipelineManager (SCMPipelineManager.java:recordMetricsForPipeline(243)) - Pipeline: PipelineID=da80ac3f-35d5-4acd-b79a-617fbae04f80 contains same datanodes as previous pipelines: PipelineID=d7d51450-7844-4544-a5b2-56e890c13fb3 nodeIds: f258d114-ea47-4d12-8964-639f425ab8d0, 0f049040-6e0c-4cd4-a487-c7f09e7e4ba1, a5a3f093-0768-4d4b-b08f-053c130678b3
2021-03-01 18:11:34,993 [EventQueue-PipelineReportForOneReplicaPipelineSafeModeRule] INFO  safemode.SCMSafeModeManager (SCMSafeModeManager.java:validateSafeModeExitRules(214)) - AtleastOneDatanodeReportedRule rule is successfully validated
2021-03-01 18:11:34,996 [EventQueue-NodeRegistrationContainerReportForDataNodeSafeModeRule] INFO  safemode.SCMSafeModeManager (SCMSafeModeManager.java:validateSafeModeExitRules(214)) - DataNodeSafeModeRule rule is successfully validated
2021-03-01 18:11:35,166 [IPC Server handler 4 on default port 34409] INFO  net.NetworkTopologyImpl (NetworkTopologyImpl.java:add(112)) - Added a new node: /default-rack/ca5fd955-873f-4bac-9f2a-538d93af5c77
2021-03-01 18:11:35,167 [IPC Server handler 4 on default port 34409] INFO  node.SCMNodeManager (SCMNodeManager.java:register(345)) - Registered Data node : ca5fd955-873f-4bac-9f2a-538d93af5c77{ip: 172.17.0.2, host: 83787af071e2, ports: [REPLICATION=42543, RATIS=36703, RATIS_ADMIN=36703, RATIS_SERVER=36703, STANDALONE=39671], networkLocation: /default-rack, certSerialId: null, persistedOpState: null, persistedOpStateExpiryEpochSec: 0}
2021-03-01 18:11:35,167 [EventQueue-NodeRegistrationContainerReportForContainerSafeModeRule] INFO  safemode.SCMSafeModeManager (SCMSafeModeManager.java:validateSafeModeExitRules(214)) - ContainerSafeModeRule rule is successfully validated
2021-03-01 18:11:35,167 [EventQueue-NodeRegistrationContainerReportForDataNodeSafeModeRule] INFO  safemode.SCMSafeModeManager (SCMSafeModeManager.java:validateSafeModeExitRules(214)) - DataNodeSafeModeRule rule is successfully validated
2021-03-01 18:11:35,167 [RatisPipelineUtilsThread] INFO  pipeline.RatisPipelineProvider (RatisPipelineProvider.java:lambda$create$0(161)) - Sending CreatePipelineCommand for pipeline:PipelineID=1319189b-64a6-42c0-a324-124e35ea2158 to datanode:ca5fd955-873f-4bac-9f2a-538d93af5c77
2021-03-01 18:11:35,167 [EventQueue-PipelineReportForOneReplicaPipelineSafeModeRule] INFO  safemode.SCMSafeModeManager (SCMSafeModeManager.java:validateSafeModeExitRules(214)) - AtleastOneDatanodeReportedRule rule is successfully validated
2021-03-01 18:11:35,168 [RatisPipelineUtilsThread] INFO  pipeline.PipelineStateManager (PipelineStateManager.java:addPipeline(54)) - Created pipeline Pipeline[ Id: 1319189b-64a6-42c0-a324-124e35ea2158, Nodes: ca5fd955-873f-4bac-9f2a-538d93af5c77{ip: 172.17.0.2, host: 83787af071e2, ports: [REPLICATION=42543, RATIS=36703, RATIS_ADMIN=36703, RATIS_SERVER=36703, STANDALONE=39671], networkLocation: /default-rack, certSerialId: null, persistedOpState: IN_SERVICE, persistedOpStateExpiryEpochSec: 0}, Type:RATIS, Factor:ONE, State:ALLOCATED, leaderId:, CreationTimestamp2021-03-01T18:11:35.167Z]
2021-03-01 18:11:35,363 [IPC Server handler 0 on default port 34409] INFO  net.NetworkTopologyImpl (NetworkTopologyImpl.java:add(112)) - Added a new node: /default-rack/a7136ecb-4465-4bae-b158-9cfc61718915
2021-03-01 18:11:35,363 [IPC Server handler 0 on default port 34409] INFO  node.SCMNodeManager (SCMNodeManager.java:register(345)) - Registered Data node : a7136ecb-4465-4bae-b158-9cfc61718915{ip: 172.17.0.2, host: 83787af071e2, ports: [REPLICATION=36853, RATIS=42023, RATIS_ADMIN=42023, RATIS_SERVER=42023, STANDALONE=36443], networkLocation: /default-rack, certSerialId: null, persistedOpState: null, persistedOpStateExpiryEpochSec: 0}
2021-03-01 18:11:35,364 [EventQueue-NodeRegistrationContainerReportForContainerSafeModeRule] INFO  safemode.SCMSafeModeManager (SCMSafeModeManager.java:validateSafeModeExitRules(214)) - ContainerSafeModeRule rule is successfully validated
2021-03-01 18:11:35,364 [EventQueue-NodeRegistrationContainerReportForDataNodeSafeModeRule] INFO  safemode.SCMSafeModeManager (SCMSafeModeManager.java:validateSafeModeExitRules(214)) - DataNodeSafeModeRule rule is successfully validated
2021-03-01 18:11:35,364 [EventQueue-PipelineReportForOneReplicaPipelineSafeModeRule] INFO  safemode.SCMSafeModeManager (SCMSafeModeManager.java:validateSafeModeExitRules(214)) - AtleastOneDatanodeReportedRule rule is successfully validated
2021-03-01 18:11:35,364 [RatisPipelineUtilsThread] INFO  pipeline.RatisPipelineProvider (RatisPipelineProvider.java:lambda$create$0(161)) - Sending CreatePipelineCommand for pipeline:PipelineID=690edf50-8935-46fd-b96b-65a188f6751a to datanode:a7136ecb-4465-4bae-b158-9cfc61718915
2021-03-01 18:11:35,364 [RatisPipelineUtilsThread] INFO  pipeline.PipelineStateManager (PipelineStateManager.java:addPipeline(54)) - Created pipeline Pipeline[ Id: 690edf50-8935-46fd-b96b-65a188f6751a, Nodes: a7136ecb-4465-4bae-b158-9cfc61718915{ip: 172.17.0.2, host: 83787af071e2, ports: [REPLICATION=36853, RATIS=42023, RATIS_ADMIN=42023, RATIS_SERVER=42023, STANDALONE=36443], networkLocation: /default-rack, certSerialId: null, persistedOpState: IN_SERVICE, persistedOpStateExpiryEpochSec: 0}, Type:RATIS, Factor:ONE, State:ALLOCATED, leaderId:, CreationTimestamp2021-03-01T18:11:35.364Z]
2021-03-01 18:11:35,667 [IPC Server handler 2 on default port 34409] INFO  net.NetworkTopologyImpl (NetworkTopologyImpl.java:add(112)) - Added a new node: /default-rack/b303f36a-f963-4721-9f7a-b5e9e54e4468
2021-03-01 18:11:35,667 [IPC Server handler 2 on default port 34409] INFO  node.SCMNodeManager (SCMNodeManager.java:register(345)) - Registered Data node : b303f36a-f963-4721-9f7a-b5e9e54e4468{ip: 172.17.0.2, host: 83787af071e2, ports: [REPLICATION=34019, RATIS=32969, RATIS_ADMIN=32969, RATIS_SERVER=32969, STANDALONE=39419], networkLocation: /default-rack, certSerialId: null, persistedOpState: null, persistedOpStateExpiryEpochSec: 0}
2021-03-01 18:11:35,668 [RatisPipelineUtilsThread] INFO  pipeline.RatisPipelineProvider (RatisPipelineProvider.java:lambda$create$0(161)) - Sending CreatePipelineCommand for pipeline:PipelineID=8c898d1a-493f-4263-bb67-57bbeb97fb30 to datanode:b303f36a-f963-4721-9f7a-b5e9e54e4468
2021-03-01 18:11:35,668 [RatisPipelineUtilsThread] INFO  pipeline.PipelineStateManager (PipelineStateManager.java:addPipeline(54)) - Created pipeline Pipeline[ Id: 8c898d1a-493f-4263-bb67-57bbeb97fb30, Nodes: b303f36a-f963-4721-9f7a-b5e9e54e4468{ip: 172.17.0.2, host: 83787af071e2, ports: [REPLICATION=34019, RATIS=32969, RATIS_ADMIN=32969, RATIS_SERVER=32969, STANDALONE=39419], networkLocation: /default-rack, certSerialId: null, persistedOpState: IN_SERVICE, persistedOpStateExpiryEpochSec: 0}, Type:RATIS, Factor:ONE, State:ALLOCATED, leaderId:, CreationTimestamp2021-03-01T18:11:35.668Z]
2021-03-01 18:11:35,668 [EventQueue-NodeRegistrationContainerReportForContainerSafeModeRule] INFO  safemode.SCMSafeModeManager (SCMSafeModeManager.java:validateSafeModeExitRules(214)) - ContainerSafeModeRule rule is successfully validated
2021-03-01 18:11:35,668 [EventQueue-PipelineReportForOneReplicaPipelineSafeModeRule] INFO  safemode.SCMSafeModeManager (SCMSafeModeManager.java:validateSafeModeExitRules(214)) - AtleastOneDatanodeReportedRule rule is successfully validated
2021-03-01 18:11:35,668 [RatisPipelineUtilsThread] INFO  pipeline.RatisPipelineProvider (RatisPipelineProvider.java:lambda$create$0(161)) - Sending CreatePipelineCommand for pipeline:PipelineID=2f262e5f-c32b-47ed-b451-3e8ca9905f22 to datanode:b303f36a-f963-4721-9f7a-b5e9e54e4468
2021-03-01 18:11:35,668 [RatisPipelineUtilsThread] INFO  pipeline.RatisPipelineProvider (RatisPipelineProvider.java:lambda$create$0(161)) - Sending CreatePipelineCommand for pipeline:PipelineID=2f262e5f-c32b-47ed-b451-3e8ca9905f22 to datanode:a7136ecb-4465-4bae-b158-9cfc61718915
2021-03-01 18:11:35,668 [RatisPipelineUtilsThread] INFO  pipeline.RatisPipelineProvider (RatisPipelineProvider.java:lambda$create$0(161)) - Sending CreatePipelineCommand for pipeline:PipelineID=2f262e5f-c32b-47ed-b451-3e8ca9905f22 to datanode:ca5fd955-873f-4bac-9f2a-538d93af5c77
2021-03-01 18:11:35,668 [RatisPipelineUtilsThread] INFO  pipeline.PipelineStateManager (PipelineStateManager.java:addPipeline(54)) - Created pipeline Pipeline[ Id: 2f262e5f-c32b-47ed-b451-3e8ca9905f22, Nodes: b303f36a-f963-4721-9f7a-b5e9e54e4468{ip: 172.17.0.2, host: 83787af071e2, ports: [REPLICATION=34019, RATIS=32969, RATIS_ADMIN=32969, RATIS_SERVER=32969, STANDALONE=39419], networkLocation: /default-rack, certSerialId: null, persistedOpState: IN_SERVICE, persistedOpStateExpiryEpochSec: 0}a7136ecb-4465-4bae-b158-9cfc61718915{ip: 172.17.0.2, host: 83787af071e2, ports: [REPLICATION=36853, RATIS=42023, RATIS_ADMIN=42023, RATIS_SERVER=42023, STANDALONE=36443], networkLocation: /default-rack, certSerialId: null, persistedOpState: IN_SERVICE, persistedOpStateExpiryEpochSec: 0}ca5fd955-873f-4bac-9f2a-538d93af5c77{ip: 172.17.0.2, host: 83787af071e2, ports: [REPLICATION=42543, RATIS=36703, RATIS_ADMIN=36703, RATIS_SERVER=36703, STANDALONE=39671], networkLocation: /default-rack, certSerialId: null, persistedOpState: IN_SERVICE, persistedOpStateExpiryEpochSec: 0}, Type:RATIS, Factor:THREE, State:ALLOCATED, leaderId:, CreationTimestamp2021-03-01T18:11:35.668Z]
2021-03-01 18:11:35,669 [RatisPipelineUtilsThread] INFO  pipeline.RatisPipelineProvider (RatisPipelineProvider.java:lambda$create$0(161)) - Sending CreatePipelineCommand for pipeline:PipelineID=a1cc7fb7-1dfd-47c2-8159-1c1384e55287 to datanode:b303f36a-f963-4721-9f7a-b5e9e54e4468
2021-03-01 18:11:35,669 [RatisPipelineUtilsThread] INFO  pipeline.RatisPipelineProvider (RatisPipelineProvider.java:lambda$create$0(161)) - Sending CreatePipelineCommand for pipeline:PipelineID=a1cc7fb7-1dfd-47c2-8159-1c1384e55287 to datanode:a7136ecb-4465-4bae-b158-9cfc61718915
2021-03-01 18:11:35,669 [RatisPipelineUtilsThread] INFO  pipeline.RatisPipelineProvider (RatisPipelineProvider.java:lambda$create$0(161)) - Sending CreatePipelineCommand for pipeline:PipelineID=a1cc7fb7-1dfd-47c2-8159-1c1384e55287 to datanode:ca5fd955-873f-4bac-9f2a-538d93af5c77
2021-03-01 18:11:35,669 [RatisPipelineUtilsThread] INFO  pipeline.PipelineStateManager (PipelineStateManager.java:addPipeline(54)) - Created pipeline Pipeline[ Id: a1cc7fb7-1dfd-47c2-8159-1c1384e55287, Nodes: b303f36a-f963-4721-9f7a-b5e9e54e4468{ip: 172.17.0.2, host: 83787af071e2, ports: [REPLICATION=34019, RATIS=32969, RATIS_ADMIN=32969, RATIS_SERVER=32969, STANDALONE=39419], networkLocation: /default-rack, certSerialId: null, persistedOpState: IN_SERVICE, persistedOpStateExpiryEpochSec: 0}a7136ecb-4465-4bae-b158-9cfc61718915{ip: 172.17.0.2, host: 83787af071e2, ports: [REPLICATION=36853, RATIS=42023, RATIS_ADMIN=42023, RATIS_SERVER=42023, STANDALONE=36443], networkLocation: /default-rack, certSerialId: null, persistedOpState: IN_SERVICE, persistedOpStateExpiryEpochSec: 0}ca5fd955-873f-4bac-9f2a-538d93af5c77{ip: 172.17.0.2, host: 83787af071e2, ports: [REPLICATION=42543, RATIS=36703, RATIS_ADMIN=36703, RATIS_SERVER=36703, STANDALONE=39671], networkLocation: /default-rack, certSerialId: null, persistedOpState: IN_SERVICE, persistedOpStateExpiryEpochSec: 0}, Type:RATIS, Factor:THREE, State:ALLOCATED, leaderId:, CreationTimestamp2021-03-01T18:11:35.669Z]
2021-03-01 18:11:35,669 [RatisPipelineUtilsThread] INFO  pipeline.SCMPipelineManager (SCMPipelineManager.java:recordMetricsForPipeline(243)) - Pipeline: PipelineID=a1cc7fb7-1dfd-47c2-8159-1c1384e55287 contains same datanodes as previous pipelines: PipelineID=2f262e5f-c32b-47ed-b451-3e8ca9905f22 nodeIds: b303f36a-f963-4721-9f7a-b5e9e54e4468, a7136ecb-4465-4bae-b158-9cfc61718915, ca5fd955-873f-4bac-9f2a-538d93af5c77
2021-03-01 18:11:35,668 [EventQueue-NodeRegistrationContainerReportForDataNodeSafeModeRule] INFO  safemode.SCMSafeModeManager (SCMSafeModeManager.java:validateSafeModeExitRules(214)) - DataNodeSafeModeRule rule is successfully validated
2021-03-01 18:11:35,669 [RatisPipelineUtilsThread] INFO  pipeline.RatisPipelineProvider (RatisPipelineProvider.java:lambda$create$0(161)) - Sending CreatePipelineCommand for pipeline:PipelineID=274eb337-03e6-4118-9bb7-6f3b09d344dd to datanode:a7136ecb-4465-4bae-b158-9cfc61718915
2021-03-01 18:11:35,669 [RatisPipelineUtilsThread] INFO  pipeline.RatisPipelineProvider (RatisPipelineProvider.java:lambda$create$0(161)) - Sending CreatePipelineCommand for pipeline:PipelineID=274eb337-03e6-4118-9bb7-6f3b09d344dd to datanode:ca5fd955-873f-4bac-9f2a-538d93af5c77
2021-03-01 18:11:35,669 [RatisPipelineUtilsThread] INFO  pipeline.RatisPipelineProvider (RatisPipelineProvider.java:lambda$create$0(161)) - Sending CreatePipelineCommand for pipeline:PipelineID=274eb337-03e6-4118-9bb7-6f3b09d344dd to datanode:b303f36a-f963-4721-9f7a-b5e9e54e4468
2021-03-01 18:11:35,669 [RatisPipelineUtilsThread] INFO  pipeline.PipelineStateManager (PipelineStateManager.java:addPipeline(54)) - Created pipeline Pipeline[ Id: 274eb337-03e6-4118-9bb7-6f3b09d344dd, Nodes: a7136ecb-4465-4bae-b158-9cfc61718915{ip: 172.17.0.2, host: 83787af071e2, ports: [REPLICATION=36853, RATIS=42023, RATIS_ADMIN=42023, RATIS_SERVER=42023, STANDALONE=36443], networkLocation: /default-rack, certSerialId: null, persistedOpState: IN_SERVICE, persistedOpStateExpiryEpochSec: 0}ca5fd955-873f-4bac-9f2a-538d93af5c77{ip: 172.17.0.2, host: 83787af071e2, ports: [REPLICATION=42543, RATIS=36703, RATIS_ADMIN=36703, RATIS_SERVER=36703, STANDALONE=39671], networkLocation: /default-rack, certSerialId: null, persistedOpState: IN_SERVICE, persistedOpStateExpiryEpochSec: 0}b303f36a-f963-4721-9f7a-b5e9e54e4468{ip: 172.17.0.2, host: 83787af071e2, ports: [REPLICATION=34019, RATIS=32969, RATIS_ADMIN=32969, RATIS_SERVER=32969, STANDALONE=39419], networkLocation: /default-rack, certSerialId: null, persistedOpState: IN_SERVICE, persistedOpStateExpiryEpochSec: 0}, Type:RATIS, Factor:THREE, State:ALLOCATED, leaderId:, CreationTimestamp2021-03-01T18:11:35.669Z]
2021-03-01 18:11:35,670 [RatisPipelineUtilsThread] INFO  pipeline.SCMPipelineManager (SCMPipelineManager.java:recordMetricsForPipeline(243)) - Pipeline: PipelineID=274eb337-03e6-4118-9bb7-6f3b09d344dd contains same datanodes as previous pipelines: PipelineID=a1cc7fb7-1dfd-47c2-8159-1c1384e55287 nodeIds: a7136ecb-4465-4bae-b158-9cfc61718915, ca5fd955-873f-4bac-9f2a-538d93af5c77, b303f36a-f963-4721-9f7a-b5e9e54e4468
2021-03-01 18:11:35,670 [RatisPipelineUtilsThread] INFO  pipeline.SCMPipelineManager (SCMPipelineManager.java:recordMetricsForPipeline(243)) - Pipeline: PipelineID=274eb337-03e6-4118-9bb7-6f3b09d344dd contains same datanodes as previous pipelines: PipelineID=2f262e5f-c32b-47ed-b451-3e8ca9905f22 nodeIds: a7136ecb-4465-4bae-b158-9cfc61718915, ca5fd955-873f-4bac-9f2a-538d93af5c77, b303f36a-f963-4721-9f7a-b5e9e54e4468
2021-03-01 18:11:35,841 [Listener at 127.0.0.1/41333] INFO  ozone.MiniOzoneClusterImpl (MiniOzoneClusterImpl.java:lambda$waitForClusterToBeReady$0(187)) - Waiting for nodes to be ready. Got 6 of 7 DN Heartbeats.
2021-03-01 18:11:35,841 [Listener at 127.0.0.1/41333] INFO  ozone.MiniOzoneClusterImpl (MiniOzoneClusterImpl.java:lambda$waitForClusterToBeReady$0(190)) - Waiting for cluster to exit safe mode
2021-03-01 18:11:35,841 [IPC Server handler 3 on default port 34409] INFO  net.NetworkTopologyImpl (NetworkTopologyImpl.java:add(112)) - Added a new node: /default-rack/71037dd0-5a6b-4f94-9c1b-4fa0a4e676f4
2021-03-01 18:11:35,842 [IPC Server handler 3 on default port 34409] INFO  node.SCMNodeManager (SCMNodeManager.java:register(345)) - Registered Data node : 71037dd0-5a6b-4f94-9c1b-4fa0a4e676f4{ip: 172.17.0.2, host: 83787af071e2, ports: [REPLICATION=34149, RATIS=34359, RATIS_ADMIN=34359, RATIS_SERVER=34359, STANDALONE=43883], networkLocation: /default-rack, certSerialId: null, persistedOpState: null, persistedOpStateExpiryEpochSec: 0}
2021-03-01 18:11:35,842 [RatisPipelineUtilsThread] INFO  pipeline.RatisPipelineProvider (RatisPipelineProvider.java:lambda$create$0(161)) - Sending CreatePipelineCommand for pipeline:PipelineID=b9276fcd-15cd-49bc-b74b-4f4db0bbc152 to datanode:71037dd0-5a6b-4f94-9c1b-4fa0a4e676f4
2021-03-01 18:11:35,842 [EventQueue-NodeRegistrationContainerReportForDataNodeSafeModeRule] INFO  safemode.SCMSafeModeManager (SCMSafeModeManager.java:validateSafeModeExitRules(214)) - DataNodeSafeModeRule rule is successfully validated
2021-03-01 18:11:35,842 [EventQueue-NodeRegistrationContainerReportForContainerSafeModeRule] INFO  safemode.SCMSafeModeManager (SCMSafeModeManager.java:validateSafeModeExitRules(214)) - ContainerSafeModeRule rule is successfully validated
2021-03-01 18:11:35,842 [EventQueue-PipelineReportForOneReplicaPipelineSafeModeRule] INFO  safemode.SCMSafeModeManager (SCMSafeModeManager.java:validateSafeModeExitRules(214)) - AtleastOneDatanodeReportedRule rule is successfully validated
2021-03-01 18:11:35,842 [RatisPipelineUtilsThread] INFO  pipeline.PipelineStateManager (PipelineStateManager.java:addPipeline(54)) - Created pipeline Pipeline[ Id: b9276fcd-15cd-49bc-b74b-4f4db0bbc152, Nodes: 71037dd0-5a6b-4f94-9c1b-4fa0a4e676f4{ip: 172.17.0.2, host: 83787af071e2, ports: [REPLICATION=34149, RATIS=34359, RATIS_ADMIN=34359, RATIS_SERVER=34359, STANDALONE=43883], networkLocation: /default-rack, certSerialId: null, persistedOpState: IN_SERVICE, persistedOpStateExpiryEpochSec: 0}, Type:RATIS, Factor:ONE, State:ALLOCATED, leaderId:, CreationTimestamp2021-03-01T18:11:35.842Z]
2021-03-01 18:11:36,842 [Listener at 127.0.0.1/41333] INFO  ozone.MiniOzoneClusterImpl (MiniOzoneClusterImpl.java:lambda$waitForClusterToBeReady$0(187)) - Nodes are ready. Got 7 of 7 DN Heartbeats.
2021-03-01 18:11:36,842 [Listener at 127.0.0.1/41333] INFO  ozone.MiniOzoneClusterImpl (MiniOzoneClusterImpl.java:lambda$waitForClusterToBeReady$0(190)) - Waiting for cluster to exit safe mode
2021-03-01 18:11:37,632 [Command processor thread] INFO  server.RaftServer (RaftServerProxy.java:addNew(95)) - 0f049040-6e0c-4cd4-a487-c7f09e7e4ba1: addNew group-3969B6352859:[0f049040-6e0c-4cd4-a487-c7f09e7e4ba1|rpc:172.17.0.2:45527|priority:1] returns group-3969B6352859:java.util.concurrent.CompletableFuture@a900707[Not completed]
2021-03-01 18:11:37,633 [pool-1013-thread-1] INFO  server.RaftServer$Division (RaftServerImpl.java:<init>(180)) - 0f049040-6e0c-4cd4-a487-c7f09e7e4ba1: new RaftServerImpl for group-3969B6352859:[0f049040-6e0c-4cd4-a487-c7f09e7e4ba1|rpc:172.17.0.2:45527|priority:1] with ContainerStateMachine:uninitialized
2021-03-01 18:11:37,634 [pool-1013-thread-1] INFO  server.RaftServerConfigKeys (ConfUtils.java:logGet(44)) - raft.server.rpc.timeout.min = 5s (custom)
2021-03-01 18:11:37,634 [pool-1013-thread-1] INFO  server.RaftServerConfigKeys (ConfUtils.java:logGet(44)) - raft.server.rpc.timeout.max = 5200ms (custom)
2021-03-01 18:11:37,634 [pool-1013-thread-1] INFO  server.RaftServerConfigKeys (ConfUtils.java:logGet(44)) - raft.server.rpc.sleep.time = 25ms (default)
2021-03-01 18:11:37,634 [pool-1013-thread-1] INFO  server.RaftServerConfigKeys (ConfUtils.java:logGet(44)) - raft.server.rpc.slowness.timeout = 300000ms (custom)
2021-03-01 18:11:37,634 [pool-1013-thread-1] INFO  server.RaftServerConfigKeys (ConfUtils.java:logGet(44)) - raft.server.leaderelection.leader.step-down.wait-time = 10s (default)
2021-03-01 18:11:37,634 [pool-1013-thread-1] INFO  server.RaftServerConfigKeys (ConfUtils.java:logGet(44)) - raft.server.sleep.deviation.threshold = 300ms (default)
2021-03-01 18:11:37,634 [pool-1013-thread-1] INFO  server.RaftServerConfigKeys (ConfUtils.java:logGet(44)) - raft.server.log.appender.install.snapshot.enabled = false (custom)
2021-03-01 18:11:37,635 [pool-1013-thread-1] INFO  server.RaftServer$Division (ServerState.java:<init>(105)) - 0f049040-6e0c-4cd4-a487-c7f09e7e4ba1@group-3969B6352859: ConfigurationManager, init=-1: [0f049040-6e0c-4cd4-a487-c7f09e7e4ba1|rpc:172.17.0.2:45527|priority:1], old=null, confs=<EMPTY_MAP>
2021-03-01 18:11:37,635 [pool-1013-thread-1] INFO  server.RaftServerConfigKeys (ConfUtils.java:logGet(44)) - raft.server.storage.dir = [/github/workspace/mnt/ozone/hadoop-ozone/integration-test/target/test-dir/MiniOzoneClusterImpl-5b5774a2-bf3c-4723-a113-e238e3f8131c/datanode-0/data/ratis] (custom)
2021-03-01 18:11:37,635 [pool-1013-thread-1] INFO  server.RaftServerConfigKeys (ConfUtils.java:logGet(44)) - raft.server.log.corruption.policy = EXCEPTION (default)
2021-03-01 18:11:37,635 [pool-1013-thread-1] INFO  storage.RaftStorageDirectory (RaftStorageDirectoryImpl.java:analyzeStorage(132)) - The storage directory /github/workspace/mnt/ozone/hadoop-ozone/integration-test/target/test-dir/MiniOzoneClusterImpl-5b5774a2-bf3c-4723-a113-e238e3f8131c/datanode-0/data/ratis/349ecc55-d885-4713-aba4-3969b6352859 does not exist. Creating ...
2021-03-01 18:11:37,636 [pool-1013-thread-1] INFO  storage.RaftStorageDirectory (RaftStorageDirectoryImpl.java:tryLock(215)) - Lock on /github/workspace/mnt/ozone/hadoop-ozone/integration-test/target/test-dir/MiniOzoneClusterImpl-5b5774a2-bf3c-4723-a113-e238e3f8131c/datanode-0/data/ratis/349ecc55-d885-4713-aba4-3969b6352859/in_use.lock acquired by nodename 4952@83787af071e2
2021-03-01 18:11:37,637 [pool-1013-thread-1] INFO  storage.RaftStorage (RaftStorageImpl.java:format(87)) - Storage directory /github/workspace/mnt/ozone/hadoop-ozone/integration-test/target/test-dir/MiniOzoneClusterImpl-5b5774a2-bf3c-4723-a113-e238e3f8131c/datanode-0/data/ratis/349ecc55-d885-4713-aba4-3969b6352859 has been successfully formatted.
2021-03-01 18:11:37,637 [pool-1013-thread-1] INFO  ratis.ContainerStateMachine (ContainerStateMachine.java:loadSnapshot(223)) - group-3969B6352859: The snapshot info is null. Setting the last applied indexto:(t:0, i:~)
2021-03-01 18:11:37,637 [pool-1013-thread-1] ERROR storage.RaftStorage (RaftStorageImpl.java:readRaftConfiguration(147)) - Failed reading configuration from file:/github/workspace/mnt/ozone/hadoop-ozone/integration-test/target/test-dir/MiniOzoneClusterImpl-5b5774a2-bf3c-4723-a113-e238e3f8131c/datanode-0/data/ratis/349ecc55-d885-4713-aba4-3969b6352859/current/raft-meta.conf
java.io.FileNotFoundException: /github/workspace/mnt/ozone/hadoop-ozone/integration-test/target/test-dir/MiniOzoneClusterImpl-5b5774a2-bf3c-4723-a113-e238e3f8131c/datanode-0/data/ratis/349ecc55-d885-4713-aba4-3969b6352859/current/raft-meta.conf (No such file or directory)
	at java.io.FileInputStream.open0(Native Method)
	at java.io.FileInputStream.open(FileInputStream.java:195)
	at java.io.FileInputStream.<init>(FileInputStream.java:138)
	at org.apache.ratis.server.storage.RaftStorageImpl.readRaftConfiguration(RaftStorageImpl.java:143)
	at org.apache.ratis.server.impl.ServerState.<init>(ServerState.java:122)
	at org.apache.ratis.server.impl.RaftServerImpl.<init>(RaftServerImpl.java:193)
	at org.apache.ratis.server.impl.RaftServerProxy.lambda$newRaftServerImpl$4(RaftServerProxy.java:266)
	at java.util.concurrent.CompletableFuture$AsyncSupply.run(CompletableFuture.java:1604)
	at java.util.concurrent.ThreadPoolExecutor.runWorker(ThreadPoolExecutor.java:1149)
	at java.util.concurrent.ThreadPoolExecutor$Worker.run(ThreadPoolExecutor.java:624)
	at java.lang.Thread.run(Thread.java:748)
2021-03-01 18:11:37,638 [EventQueue-PipelineReportForOneReplicaPipelineSafeModeRule] INFO  safemode.SCMSafeModeManager (SCMSafeModeManager.java:validateSafeModeExitRules(214)) - AtleastOneDatanodeReportedRule rule is successfully validated
2021-03-01 18:11:37,638 [EventQueue-PipelineReportForPipelineReportHandler] INFO  pipeline.PipelineStateManager (PipelineStateManager.java:openPipeline(132)) - Pipeline Pipeline[ Id: 349ecc55-d885-4713-aba4-3969b6352859, Nodes: 0f049040-6e0c-4cd4-a487-c7f09e7e4ba1{ip: 172.17.0.2, host: 83787af071e2, ports: [REPLICATION=39923, RATIS=45527, RATIS_ADMIN=45527, RATIS_SERVER=45527, STANDALONE=32999], networkLocation: /default-rack, certSerialId: null, persistedOpState: IN_SERVICE, persistedOpStateExpiryEpochSec: 0}, Type:RATIS, Factor:ONE, State:ALLOCATED, leaderId:0f049040-6e0c-4cd4-a487-c7f09e7e4ba1, CreationTimestamp2021-03-01T18:11:34.634Z] moved to OPEN state
2021-03-01 18:11:37,638 [pool-1013-thread-1] INFO  server.RaftServerConfigKeys (ConfUtils.java:logGet(44)) - raft.server.notification.no-leader.timeout = 300000ms (custom)
2021-03-01 18:11:37,638 [pool-1013-thread-1] INFO  server.RaftServerConfigKeys (ConfUtils.java:logGet(44)) - raft.server.log.use.memory = false (default)
2021-03-01 18:11:37,638 [pool-1013-thread-1] INFO  server.RaftServerConfigKeys (ConfUtils.java:logGet(44)) - raft.server.log.purge.gap = 1000000 (custom)
2021-03-01 18:11:37,638 [pool-1013-thread-1] INFO  server.RaftServerConfigKeys (ConfUtils.java:logGet(44)) - raft.server.log.appender.buffer.byte-limit = 33554432 (custom)
2021-03-01 18:11:37,638 [pool-1013-thread-1] INFO  metrics.RatisMetrics (RatisMetrics.java:lambda$create$0(36)) - Creating Metrics Registry : ratis.log_worker.0f049040-6e0c-4cd4-a487-c7f09e7e4ba1@group-3969B6352859
2021-03-01 18:11:37,639 [EventQueue-OpenPipelineForHealthyPipelineSafeModeRule] INFO  safemode.SCMSafeModeManager (HealthyPipelineSafeModeRule.java:process(128)) - SCM in safe mode. Healthy pipelines reported count is 0, required healthy pipeline reported count is 1
2021-03-01 18:11:37,639 [pool-1013-thread-1] INFO  server.RaftServerConfigKeys (ConfUtils.java:logGet(44)) - raft.server.log.segment.size.max = 1048576 (custom)
2021-03-01 18:11:37,640 [pool-1013-thread-1] INFO  server.RaftServerConfigKeys (ConfUtils.java:logGet(44)) - raft.server.log.segment.cache.num.max = 2 (custom)
2021-03-01 18:11:37,640 [pool-1013-thread-1] INFO  server.RaftServerConfigKeys (ConfUtils.java:logGet(44)) - raft.server.log.segment.cache.size.max = 200MB (=209715200) (default)
2021-03-01 18:11:37,640 [pool-1013-thread-1] INFO  segmented.SegmentedRaftLogWorker (SegmentedRaftLogWorker.java:<init>(181)) - new 0f049040-6e0c-4cd4-a487-c7f09e7e4ba1@group-3969B6352859-SegmentedRaftLogWorker for RaftStorageImpl:Storage Directory /github/workspace/mnt/ozone/hadoop-ozone/integration-test/target/test-dir/MiniOzoneClusterImpl-5b5774a2-bf3c-4723-a113-e238e3f8131c/datanode-0/data/ratis/349ecc55-d885-4713-aba4-3969b6352859
2021-03-01 18:11:37,640 [pool-1013-thread-1] INFO  server.RaftServerConfigKeys (ConfUtils.java:logGet(44)) - raft.server.log.queue.byte-limit = 2147483647 (custom)
2021-03-01 18:11:37,640 [pool-1013-thread-1] INFO  server.RaftServerConfigKeys (ConfUtils.java:logGet(44)) - raft.server.log.queue.element-limit = 1024 (custom)
2021-03-01 18:11:37,640 [pool-1013-thread-1] INFO  server.RaftServerConfigKeys (ConfUtils.java:logGet(44)) - raft.server.log.segment.size.max = 1048576 (custom)
2021-03-01 18:11:37,641 [pool-1013-thread-1] INFO  server.RaftServerConfigKeys (ConfUtils.java:logGet(44)) - raft.server.log.preallocated.size = 16384 (custom)
2021-03-01 18:11:37,641 [pool-1013-thread-1] INFO  server.RaftServerConfigKeys (ConfUtils.java:logGet(44)) - raft.server.log.force.sync.num = 128 (default)
2021-03-01 18:11:37,641 [pool-1013-thread-1] INFO  server.RaftServerConfigKeys (ConfUtils.java:logGet(44)) - raft.server.log.statemachine.data.sync = true (default)
2021-03-01 18:11:37,641 [pool-1013-thread-1] INFO  server.RaftServerConfigKeys (ConfUtils.java:logGet(44)) - raft.server.log.statemachine.data.sync.timeout = 10s (default)
2021-03-01 18:11:37,641 [pool-1013-thread-1] INFO  server.RaftServerConfigKeys (ConfUtils.java:logGet(44)) - raft.server.log.statemachine.data.sync.timeout.retry = -1 (default)
2021-03-01 18:11:37,643 [pool-1013-thread-1] INFO  server.RaftServerConfigKeys (ConfUtils.java:logGet(44)) - raft.server.log.write.buffer.size = 1048576 (custom)
2021-03-01 18:11:37,643 [pool-1013-thread-1] INFO  server.RaftServerConfigKeys (ConfUtils.java:logGet(44)) - raft.server.log.statemachine.data.caching.enabled = true (custom)
2021-03-01 18:11:37,644 [pool-1013-thread-1] INFO  segmented.SegmentedRaftLogWorker (SegmentedRaftLogWorker.java:lambda$new$0(132)) - 0f049040-6e0c-4cd4-a487-c7f09e7e4ba1@group-3969B6352859-SegmentedRaftLogWorker: flushIndex: setUnconditionally 0 -> -1
2021-03-01 18:11:37,644 [pool-1013-thread-1] INFO  segmented.SegmentedRaftLogWorker (SegmentedRaftLogWorker.java:lambda$new$0(132)) - 0f049040-6e0c-4cd4-a487-c7f09e7e4ba1@group-3969B6352859-SegmentedRaftLogWorker: safeCacheEvictIndex: setUnconditionally 0 -> -1
2021-03-01 18:11:37,645 [pool-1013-thread-1] INFO  server.RaftServerConfigKeys (ConfUtils.java:logGet(44)) - raft.server.snapshot.auto.trigger.enabled = true (custom)
2021-03-01 18:11:37,645 [pool-1013-thread-1] INFO  server.RaftServerConfigKeys (ConfUtils.java:logGet(44)) - raft.server.snapshot.auto.trigger.threshold = 10000 (custom)
2021-03-01 18:11:37,645 [pool-1013-thread-1] INFO  server.RaftServerConfigKeys (ConfUtils.java:logGet(44)) - raft.server.snapshot.retention.file.num = 5 (custom)
2021-03-01 18:11:37,645 [pool-1013-thread-1] INFO  server.RaftServerConfigKeys (ConfUtils.java:logGet(44)) - raft.server.log.purge.upto.snapshot.index = false (default)
2021-03-01 18:11:37,645 [pool-1013-thread-1] INFO  server.RaftServerConfigKeys (ConfUtils.java:logGet(44)) - raft.server.retrycache.expirytime = 600000ms (custom)
2021-03-01 18:11:37,645 [pool-1013-thread-1] INFO  server.RaftServerConfigKeys (ConfUtils.java:logGet(44)) - raft.server.retrycache.statistics.expirytime = 100?s (default)
2021-03-01 18:11:37,645 [pool-1013-thread-1] INFO  metrics.RatisMetrics (RatisMetrics.java:lambda$create$0(36)) - Creating Metrics Registry : ratis.leader_election.0f049040-6e0c-4cd4-a487-c7f09e7e4ba1@group-3969B6352859
2021-03-01 18:11:37,647 [pool-1013-thread-1] INFO  metrics.RatisMetrics (RatisMetrics.java:lambda$create$0(36)) - Creating Metrics Registry : ratis.server.0f049040-6e0c-4cd4-a487-c7f09e7e4ba1@group-3969B6352859
2021-03-01 18:11:37,649 [pool-1013-thread-1] INFO  server.RaftServer$Division (RaftServerImpl.java:start(295)) - 0f049040-6e0c-4cd4-a487-c7f09e7e4ba1@group-3969B6352859: start as a follower, conf=-1: [0f049040-6e0c-4cd4-a487-c7f09e7e4ba1|rpc:172.17.0.2:45527|priority:1], old=null
2021-03-01 18:11:37,649 [pool-1013-thread-1] INFO  server.RaftServer$Division (RaftServerImpl.java:setRole(284)) - 0f049040-6e0c-4cd4-a487-c7f09e7e4ba1@group-3969B6352859: changes role from      null to FOLLOWER at term 0 for startAsFollower
2021-03-01 18:11:37,649 [pool-1013-thread-1] INFO  impl.RoleInfo (RoleInfo.java:updateAndGet(130)) - 0f049040-6e0c-4cd4-a487-c7f09e7e4ba1: start 0f049040-6e0c-4cd4-a487-c7f09e7e4ba1@group-3969B6352859-FollowerState
2021-03-01 18:11:37,649 [pool-1013-thread-1] INFO  util.JmxRegister (JmxRegister.java:tryRegister(44)) - Successfully registered JMX Bean with object name Ratis:service=RaftServer,group=group-3969B6352859,id=0f049040-6e0c-4cd4-a487-c7f09e7e4ba1
2021-03-01 18:11:37,649 [pool-1013-thread-1] INFO  metrics.RatisMetrics (RatisMetrics.java:lambda$create$0(36)) - Creating Metrics Registry : ratis.state_machine.0f049040-6e0c-4cd4-a487-c7f09e7e4ba1@group-3969B6352859
2021-03-01 18:11:37,650 [Command processor thread] INFO  commandhandler.CreatePipelineCommandHandler (CreatePipelineCommandHandler.java:handle(106)) - Created Pipeline RATIS ONE PipelineID=349ecc55-d885-4713-aba4-3969b6352859.
2021-03-01 18:11:37,650 [Command processor thread] INFO  server.RaftServer (RaftServerProxy.java:addNew(95)) - 0f049040-6e0c-4cd4-a487-c7f09e7e4ba1: addNew group-183949E5868D:[f258d114-ea47-4d12-8964-639f425ab8d0|rpc:172.17.0.2:45265|priority:0, a5a3f093-0768-4d4b-b08f-053c130678b3|rpc:172.17.0.2:40499|priority:0, 0f049040-6e0c-4cd4-a487-c7f09e7e4ba1|rpc:172.17.0.2:45527|priority:1] returns group-183949E5868D:java.util.concurrent.CompletableFuture@eaf828d[Not completed]
2021-03-01 18:11:37,651 [pool-1013-thread-1] INFO  server.RaftServer$Division (RaftServerImpl.java:<init>(180)) - 0f049040-6e0c-4cd4-a487-c7f09e7e4ba1: new RaftServerImpl for group-183949E5868D:[f258d114-ea47-4d12-8964-639f425ab8d0|rpc:172.17.0.2:45265|priority:0, a5a3f093-0768-4d4b-b08f-053c130678b3|rpc:172.17.0.2:40499|priority:0, 0f049040-6e0c-4cd4-a487-c7f09e7e4ba1|rpc:172.17.0.2:45527|priority:1] with ContainerStateMachine:uninitialized
2021-03-01 18:11:37,651 [pool-1013-thread-1] INFO  server.RaftServerConfigKeys (ConfUtils.java:logGet(44)) - raft.server.rpc.timeout.min = 5s (custom)
2021-03-01 18:11:37,651 [pool-1013-thread-1] INFO  server.RaftServerConfigKeys (ConfUtils.java:logGet(44)) - raft.server.rpc.timeout.max = 5200ms (custom)
2021-03-01 18:11:37,651 [pool-1013-thread-1] INFO  server.RaftServerConfigKeys (ConfUtils.java:logGet(44)) - raft.server.rpc.sleep.time = 25ms (default)
2021-03-01 18:11:37,651 [pool-1013-thread-1] INFO  server.RaftServerConfigKeys (ConfUtils.java:logGet(44)) - raft.server.rpc.slowness.timeout = 300000ms (custom)
2021-03-01 18:11:37,651 [pool-1013-thread-1] INFO  server.RaftServerConfigKeys (ConfUtils.java:logGet(44)) - raft.server.leaderelection.leader.step-down.wait-time = 10s (default)
2021-03-01 18:11:37,651 [pool-1013-thread-1] INFO  server.RaftServerConfigKeys (ConfUtils.java:logGet(44)) - raft.server.sleep.deviation.threshold = 300ms (default)
2021-03-01 18:11:37,651 [pool-1013-thread-1] INFO  server.RaftServerConfigKeys (ConfUtils.java:logGet(44)) - raft.server.log.appender.install.snapshot.enabled = false (custom)
2021-03-01 18:11:37,651 [pool-1013-thread-1] INFO  server.RaftServer$Division (ServerState.java:<init>(105)) - 0f049040-6e0c-4cd4-a487-c7f09e7e4ba1@group-183949E5868D: ConfigurationManager, init=-1: [f258d114-ea47-4d12-8964-639f425ab8d0|rpc:172.17.0.2:45265|priority:0, a5a3f093-0768-4d4b-b08f-053c130678b3|rpc:172.17.0.2:40499|priority:0, 0f049040-6e0c-4cd4-a487-c7f09e7e4ba1|rpc:172.17.0.2:45527|priority:1], old=null, confs=<EMPTY_MAP>
2021-03-01 18:11:37,651 [pool-1013-thread-1] INFO  server.RaftServerConfigKeys (ConfUtils.java:logGet(44)) - raft.server.storage.dir = [/github/workspace/mnt/ozone/hadoop-ozone/integration-test/target/test-dir/MiniOzoneClusterImpl-5b5774a2-bf3c-4723-a113-e238e3f8131c/datanode-0/data/ratis] (custom)
2021-03-01 18:11:37,652 [pool-1013-thread-1] INFO  server.RaftServerConfigKeys (ConfUtils.java:logGet(44)) - raft.server.log.corruption.policy = EXCEPTION (default)
2021-03-01 18:11:37,652 [pool-1013-thread-1] INFO  storage.RaftStorageDirectory (RaftStorageDirectoryImpl.java:analyzeStorage(132)) - The storage directory /github/workspace/mnt/ozone/hadoop-ozone/integration-test/target/test-dir/MiniOzoneClusterImpl-5b5774a2-bf3c-4723-a113-e238e3f8131c/datanode-0/data/ratis/6a91cd44-6d96-4d75-88f7-183949e5868d does not exist. Creating ...
2021-03-01 18:11:37,653 [pool-1013-thread-1] INFO  storage.RaftStorageDirectory (RaftStorageDirectoryImpl.java:tryLock(215)) - Lock on /github/workspace/mnt/ozone/hadoop-ozone/integration-test/target/test-dir/MiniOzoneClusterImpl-5b5774a2-bf3c-4723-a113-e238e3f8131c/datanode-0/data/ratis/6a91cd44-6d96-4d75-88f7-183949e5868d/in_use.lock acquired by nodename 4952@83787af071e2
2021-03-01 18:11:37,653 [pool-1013-thread-1] INFO  storage.RaftStorage (RaftStorageImpl.java:format(87)) - Storage directory /github/workspace/mnt/ozone/hadoop-ozone/integration-test/target/test-dir/MiniOzoneClusterImpl-5b5774a2-bf3c-4723-a113-e238e3f8131c/datanode-0/data/ratis/6a91cd44-6d96-4d75-88f7-183949e5868d has been successfully formatted.
2021-03-01 18:11:37,653 [pool-1013-thread-1] INFO  ratis.ContainerStateMachine (ContainerStateMachine.java:loadSnapshot(223)) - group-183949E5868D: The snapshot info is null. Setting the last applied indexto:(t:0, i:~)
2021-03-01 18:11:37,654 [pool-1013-thread-1] ERROR storage.RaftStorage (RaftStorageImpl.java:readRaftConfiguration(147)) - Failed reading configuration from file:/github/workspace/mnt/ozone/hadoop-ozone/integration-test/target/test-dir/MiniOzoneClusterImpl-5b5774a2-bf3c-4723-a113-e238e3f8131c/datanode-0/data/ratis/6a91cd44-6d96-4d75-88f7-183949e5868d/current/raft-meta.conf
java.io.FileNotFoundException: /github/workspace/mnt/ozone/hadoop-ozone/integration-test/target/test-dir/MiniOzoneClusterImpl-5b5774a2-bf3c-4723-a113-e238e3f8131c/datanode-0/data/ratis/6a91cd44-6d96-4d75-88f7-183949e5868d/current/raft-meta.conf (No such file or directory)
	at java.io.FileInputStream.open0(Native Method)
	at java.io.FileInputStream.open(FileInputStream.java:195)
	at java.io.FileInputStream.<init>(FileInputStream.java:138)
	at org.apache.ratis.server.storage.RaftStorageImpl.readRaftConfiguration(RaftStorageImpl.java:143)
	at org.apache.ratis.server.impl.ServerState.<init>(ServerState.java:122)
	at org.apache.ratis.server.impl.RaftServerImpl.<init>(RaftServerImpl.java:193)
	at org.apache.ratis.server.impl.RaftServerProxy.lambda$newRaftServerImpl$4(RaftServerProxy.java:266)
	at java.util.concurrent.CompletableFuture$AsyncSupply.run(CompletableFuture.java:1604)
	at java.util.concurrent.ThreadPoolExecutor.runWorker(ThreadPoolExecutor.java:1149)
	at java.util.concurrent.ThreadPoolExecutor$Worker.run(ThreadPoolExecutor.java:624)
	at java.lang.Thread.run(Thread.java:748)
2021-03-01 18:11:37,654 [pool-1013-thread-1] INFO  server.RaftServerConfigKeys (ConfUtils.java:logGet(44)) - raft.server.notification.no-leader.timeout = 300000ms (custom)
2021-03-01 18:11:37,654 [pool-1013-thread-1] INFO  server.RaftServerConfigKeys (ConfUtils.java:logGet(44)) - raft.server.log.use.memory = false (default)
2021-03-01 18:11:37,654 [pool-1013-thread-1] INFO  server.RaftServerConfigKeys (ConfUtils.java:logGet(44)) - raft.server.log.purge.gap = 1000000 (custom)
2021-03-01 18:11:37,654 [pool-1013-thread-1] INFO  server.RaftServerConfigKeys (ConfUtils.java:logGet(44)) - raft.server.log.appender.buffer.byte-limit = 33554432 (custom)
2021-03-01 18:11:37,654 [pool-1013-thread-1] INFO  metrics.RatisMetrics (RatisMetrics.java:lambda$create$0(36)) - Creating Metrics Registry : ratis.log_worker.0f049040-6e0c-4cd4-a487-c7f09e7e4ba1@group-183949E5868D
2021-03-01 18:11:37,654 [EventQueue-OpenPipelineForHealthyPipelineSafeModeRule] INFO  safemode.SCMSafeModeManager (HealthyPipelineSafeModeRule.java:process(128)) - SCM in safe mode. Healthy pipelines reported count is 0, required healthy pipeline reported count is 1
2021-03-01 18:11:37,654 [EventQueue-PipelineReportForOneReplicaPipelineSafeModeRule] INFO  safemode.SCMSafeModeManager (SCMSafeModeManager.java:validateSafeModeExitRules(214)) - AtleastOneDatanodeReportedRule rule is successfully validated
2021-03-01 18:11:37,654 [pool-1013-thread-1] INFO  server.RaftServerConfigKeys (ConfUtils.java:logGet(44)) - raft.server.log.segment.size.max = 1048576 (custom)
2021-03-01 18:11:37,655 [pool-1013-thread-1] INFO  server.RaftServerConfigKeys (ConfUtils.java:logGet(44)) - raft.server.log.segment.cache.num.max = 2 (custom)
2021-03-01 18:11:37,655 [pool-1013-thread-1] INFO  server.RaftServerConfigKeys (ConfUtils.java:logGet(44)) - raft.server.log.segment.cache.size.max = 200MB (=209715200) (default)
2021-03-01 18:11:37,655 [pool-1013-thread-1] INFO  segmented.SegmentedRaftLogWorker (SegmentedRaftLogWorker.java:<init>(181)) - new 0f049040-6e0c-4cd4-a487-c7f09e7e4ba1@group-183949E5868D-SegmentedRaftLogWorker for RaftStorageImpl:Storage Directory /github/workspace/mnt/ozone/hadoop-ozone/integration-test/target/test-dir/MiniOzoneClusterImpl-5b5774a2-bf3c-4723-a113-e238e3f8131c/datanode-0/data/ratis/6a91cd44-6d96-4d75-88f7-183949e5868d
2021-03-01 18:11:37,655 [pool-1013-thread-1] INFO  server.RaftServerConfigKeys (ConfUtils.java:logGet(44)) - raft.server.log.queue.byte-limit = 2147483647 (custom)
2021-03-01 18:11:37,655 [pool-1013-thread-1] INFO  server.RaftServerConfigKeys (ConfUtils.java:logGet(44)) - raft.server.log.queue.element-limit = 1024 (custom)
2021-03-01 18:11:37,655 [pool-1013-thread-1] INFO  server.RaftServerConfigKeys (ConfUtils.java:logGet(44)) - raft.server.log.segment.size.max = 1048576 (custom)
2021-03-01 18:11:37,655 [pool-1013-thread-1] INFO  server.RaftServerConfigKeys (ConfUtils.java:logGet(44)) - raft.server.log.preallocated.size = 16384 (custom)
2021-03-01 18:11:37,656 [pool-1013-thread-1] INFO  server.RaftServerConfigKeys (ConfUtils.java:logGet(44)) - raft.server.log.force.sync.num = 128 (default)
2021-03-01 18:11:37,656 [pool-1013-thread-1] INFO  server.RaftServerConfigKeys (ConfUtils.java:logGet(44)) - raft.server.log.statemachine.data.sync = true (default)
2021-03-01 18:11:37,656 [pool-1013-thread-1] INFO  server.RaftServerConfigKeys (ConfUtils.java:logGet(44)) - raft.server.log.statemachine.data.sync.timeout = 10s (default)
2021-03-01 18:11:37,656 [pool-1013-thread-1] INFO  server.RaftServerConfigKeys (ConfUtils.java:logGet(44)) - raft.server.log.statemachine.data.sync.timeout.retry = -1 (default)
2021-03-01 18:11:37,658 [pool-1013-thread-1] INFO  server.RaftServerConfigKeys (ConfUtils.java:logGet(44)) - raft.server.log.write.buffer.size = 1048576 (custom)
2021-03-01 18:11:37,658 [pool-1013-thread-1] INFO  server.RaftServerConfigKeys (ConfUtils.java:logGet(44)) - raft.server.log.statemachine.data.caching.enabled = true (custom)
2021-03-01 18:11:37,658 [pool-1013-thread-1] INFO  segmented.SegmentedRaftLogWorker (SegmentedRaftLogWorker.java:lambda$new$0(132)) - 0f049040-6e0c-4cd4-a487-c7f09e7e4ba1@group-183949E5868D-SegmentedRaftLogWorker: flushIndex: setUnconditionally 0 -> -1
2021-03-01 18:11:37,658 [pool-1013-thread-1] INFO  segmented.SegmentedRaftLogWorker (SegmentedRaftLogWorker.java:lambda$new$0(132)) - 0f049040-6e0c-4cd4-a487-c7f09e7e4ba1@group-183949E5868D-SegmentedRaftLogWorker: safeCacheEvictIndex: setUnconditionally 0 -> -1
2021-03-01 18:11:37,658 [pool-1013-thread-1] INFO  server.RaftServerConfigKeys (ConfUtils.java:logGet(44)) - raft.server.snapshot.auto.trigger.enabled = true (custom)
2021-03-01 18:11:37,658 [pool-1013-thread-1] INFO  server.RaftServerConfigKeys (ConfUtils.java:logGet(44)) - raft.server.snapshot.auto.trigger.threshold = 10000 (custom)
2021-03-01 18:11:37,658 [pool-1013-thread-1] INFO  server.RaftServerConfigKeys (ConfUtils.java:logGet(44)) - raft.server.snapshot.retention.file.num = 5 (custom)
2021-03-01 18:11:37,659 [pool-1013-thread-1] INFO  server.RaftServerConfigKeys (ConfUtils.java:logGet(44)) - raft.server.log.purge.upto.snapshot.index = false (default)
2021-03-01 18:11:37,659 [pool-1013-thread-1] INFO  server.RaftServerConfigKeys (ConfUtils.java:logGet(44)) - raft.server.retrycache.expirytime = 600000ms (custom)
2021-03-01 18:11:37,659 [pool-1013-thread-1] INFO  server.RaftServerConfigKeys (ConfUtils.java:logGet(44)) - raft.server.retrycache.statistics.expirytime = 100?s (default)
2021-03-01 18:11:37,659 [pool-1013-thread-1] INFO  metrics.RatisMetrics (RatisMetrics.java:lambda$create$0(36)) - Creating Metrics Registry : ratis.leader_election.0f049040-6e0c-4cd4-a487-c7f09e7e4ba1@group-183949E5868D
2021-03-01 18:11:37,659 [pool-1013-thread-1] INFO  metrics.RatisMetrics (RatisMetrics.java:lambda$create$0(36)) - Creating Metrics Registry : ratis.server.0f049040-6e0c-4cd4-a487-c7f09e7e4ba1@group-183949E5868D
2021-03-01 18:11:37,661 [pool-1013-thread-1] INFO  server.RaftServer$Division (RaftServerImpl.java:start(295)) - 0f049040-6e0c-4cd4-a487-c7f09e7e4ba1@group-183949E5868D: start as a follower, conf=-1: [f258d114-ea47-4d12-8964-639f425ab8d0|rpc:172.17.0.2:45265|priority:0, a5a3f093-0768-4d4b-b08f-053c130678b3|rpc:172.17.0.2:40499|priority:0, 0f049040-6e0c-4cd4-a487-c7f09e7e4ba1|rpc:172.17.0.2:45527|priority:1], old=null
2021-03-01 18:11:37,662 [pool-1013-thread-1] INFO  server.RaftServer$Division (RaftServerImpl.java:setRole(284)) - 0f049040-6e0c-4cd4-a487-c7f09e7e4ba1@group-183949E5868D: changes role from      null to FOLLOWER at term 0 for startAsFollower
2021-03-01 18:11:37,662 [pool-1013-thread-1] INFO  impl.RoleInfo (RoleInfo.java:updateAndGet(130)) - 0f049040-6e0c-4cd4-a487-c7f09e7e4ba1: start 0f049040-6e0c-4cd4-a487-c7f09e7e4ba1@group-183949E5868D-FollowerState
2021-03-01 18:11:37,662 [pool-1013-thread-1] INFO  util.JmxRegister (JmxRegister.java:tryRegister(44)) - Successfully registered JMX Bean with object name Ratis:service=RaftServer,group=group-183949E5868D,id=0f049040-6e0c-4cd4-a487-c7f09e7e4ba1
2021-03-01 18:11:37,662 [pool-1013-thread-1] INFO  metrics.RatisMetrics (RatisMetrics.java:lambda$create$0(36)) - Creating Metrics Registry : ratis.state_machine.0f049040-6e0c-4cd4-a487-c7f09e7e4ba1@group-183949E5868D
2021-03-01 18:11:37,663 [Command processor thread] INFO  metrics.RatisMetrics (RatisMetrics.java:lambda$create$0(36)) - Creating Metrics Registry : ratis.client_message_metrics.client-DFD17FA03984->a5a3f093-0768-4d4b-b08f-053c130678b3
2021-03-01 18:11:37,668 [grpc-default-executor-2] INFO  metrics.RatisMetrics (RatisMetrics.java:lambda$create$0(36)) - Creating Metrics Registry : ratis.server_message_metrics.a5a3f093-0768-4d4b-b08f-053c130678b3
2021-03-01 18:11:37,671 [grpc-default-executor-2] INFO  server.RaftServer (RaftServerProxy.java:addNew(95)) - a5a3f093-0768-4d4b-b08f-053c130678b3: addNew group-183949E5868D:[f258d114-ea47-4d12-8964-639f425ab8d0|rpc:172.17.0.2:45265|dataStream:|priority:0, a5a3f093-0768-4d4b-b08f-053c130678b3|rpc:172.17.0.2:40499|dataStream:|priority:0, 0f049040-6e0c-4cd4-a487-c7f09e7e4ba1|rpc:172.17.0.2:45527|dataStream:|priority:1] returns group-183949E5868D:java.util.concurrent.CompletableFuture@64d98c73[Not completed]
2021-03-01 18:11:37,671 [pool-1045-thread-1] INFO  server.RaftServer$Division (RaftServerImpl.java:<init>(180)) - a5a3f093-0768-4d4b-b08f-053c130678b3: new RaftServerImpl for group-183949E5868D:[f258d114-ea47-4d12-8964-639f425ab8d0|rpc:172.17.0.2:45265|dataStream:|priority:0, a5a3f093-0768-4d4b-b08f-053c130678b3|rpc:172.17.0.2:40499|dataStream:|priority:0, 0f049040-6e0c-4cd4-a487-c7f09e7e4ba1|rpc:172.17.0.2:45527|dataStream:|priority:1] with ContainerStateMachine:uninitialized
2021-03-01 18:11:37,674 [pool-1045-thread-1] INFO  server.RaftServerConfigKeys (ConfUtils.java:logGet(44)) - raft.server.rpc.timeout.min = 5s (custom)
2021-03-01 18:11:37,674 [pool-1045-thread-1] INFO  server.RaftServerConfigKeys (ConfUtils.java:logGet(44)) - raft.server.rpc.timeout.max = 5200ms (custom)
2021-03-01 18:11:37,674 [pool-1045-thread-1] INFO  server.RaftServerConfigKeys (ConfUtils.java:logGet(44)) - raft.server.rpc.sleep.time = 25ms (default)
2021-03-01 18:11:37,674 [pool-1045-thread-1] INFO  server.RaftServerConfigKeys (ConfUtils.java:logGet(44)) - raft.server.rpc.slowness.timeout = 300000ms (custom)
2021-03-01 18:11:37,674 [pool-1045-thread-1] INFO  server.RaftServerConfigKeys (ConfUtils.java:logGet(44)) - raft.server.leaderelection.leader.step-down.wait-time = 10s (default)
2021-03-01 18:11:37,674 [pool-1045-thread-1] INFO  server.RaftServerConfigKeys (ConfUtils.java:logGet(44)) - raft.server.sleep.deviation.threshold = 300ms (default)
2021-03-01 18:11:37,674 [pool-1045-thread-1] INFO  server.RaftServerConfigKeys (ConfUtils.java:logGet(44)) - raft.server.log.appender.install.snapshot.enabled = false (custom)
2021-03-01 18:11:37,674 [pool-1045-thread-1] INFO  server.RaftServer$Division (ServerState.java:<init>(105)) - a5a3f093-0768-4d4b-b08f-053c130678b3@group-183949E5868D: ConfigurationManager, init=-1: [f258d114-ea47-4d12-8964-639f425ab8d0|rpc:172.17.0.2:45265|dataStream:|priority:0, a5a3f093-0768-4d4b-b08f-053c130678b3|rpc:172.17.0.2:40499|dataStream:|priority:0, 0f049040-6e0c-4cd4-a487-c7f09e7e4ba1|rpc:172.17.0.2:45527|dataStream:|priority:1], old=null, confs=<EMPTY_MAP>
2021-03-01 18:11:37,674 [pool-1045-thread-1] INFO  server.RaftServerConfigKeys (ConfUtils.java:logGet(44)) - raft.server.storage.dir = [/github/workspace/mnt/ozone/hadoop-ozone/integration-test/target/test-dir/MiniOzoneClusterImpl-5b5774a2-bf3c-4723-a113-e238e3f8131c/datanode-2/data/ratis] (custom)
2021-03-01 18:11:37,674 [pool-1045-thread-1] INFO  server.RaftServerConfigKeys (ConfUtils.java:logGet(44)) - raft.server.log.corruption.policy = EXCEPTION (default)
2021-03-01 18:11:37,674 [pool-1045-thread-1] INFO  storage.RaftStorageDirectory (RaftStorageDirectoryImpl.java:analyzeStorage(132)) - The storage directory /github/workspace/mnt/ozone/hadoop-ozone/integration-test/target/test-dir/MiniOzoneClusterImpl-5b5774a2-bf3c-4723-a113-e238e3f8131c/datanode-2/data/ratis/6a91cd44-6d96-4d75-88f7-183949e5868d does not exist. Creating ...
2021-03-01 18:11:37,675 [pool-1045-thread-1] INFO  storage.RaftStorageDirectory (RaftStorageDirectoryImpl.java:tryLock(215)) - Lock on /github/workspace/mnt/ozone/hadoop-ozone/integration-test/target/test-dir/MiniOzoneClusterImpl-5b5774a2-bf3c-4723-a113-e238e3f8131c/datanode-2/data/ratis/6a91cd44-6d96-4d75-88f7-183949e5868d/in_use.lock acquired by nodename 4952@83787af071e2
2021-03-01 18:11:37,676 [pool-1045-thread-1] INFO  storage.RaftStorage (RaftStorageImpl.java:format(87)) - Storage directory /github/workspace/mnt/ozone/hadoop-ozone/integration-test/target/test-dir/MiniOzoneClusterImpl-5b5774a2-bf3c-4723-a113-e238e3f8131c/datanode-2/data/ratis/6a91cd44-6d96-4d75-88f7-183949e5868d has been successfully formatted.
2021-03-01 18:11:37,676 [pool-1045-thread-1] INFO  ratis.ContainerStateMachine (ContainerStateMachine.java:loadSnapshot(223)) - group-183949E5868D: The snapshot info is null. Setting the last applied indexto:(t:0, i:~)
2021-03-01 18:11:37,677 [EventQueue-PipelineReportForOneReplicaPipelineSafeModeRule] INFO  safemode.SCMSafeModeManager (SCMSafeModeManager.java:validateSafeModeExitRules(214)) - AtleastOneDatanodeReportedRule rule is successfully validated
2021-03-01 18:11:37,677 [pool-1045-thread-1] ERROR storage.RaftStorage (RaftStorageImpl.java:readRaftConfiguration(147)) - Failed reading configuration from file:/github/workspace/mnt/ozone/hadoop-ozone/integration-test/target/test-dir/MiniOzoneClusterImpl-5b5774a2-bf3c-4723-a113-e238e3f8131c/datanode-2/data/ratis/6a91cd44-6d96-4d75-88f7-183949e5868d/current/raft-meta.conf
java.io.FileNotFoundException: /github/workspace/mnt/ozone/hadoop-ozone/integration-test/target/test-dir/MiniOzoneClusterImpl-5b5774a2-bf3c-4723-a113-e238e3f8131c/datanode-2/data/ratis/6a91cd44-6d96-4d75-88f7-183949e5868d/current/raft-meta.conf (No such file or directory)
	at java.io.FileInputStream.open0(Native Method)
	at java.io.FileInputStream.open(FileInputStream.java:195)
	at java.io.FileInputStream.<init>(FileInputStream.java:138)
	at org.apache.ratis.server.storage.RaftStorageImpl.readRaftConfiguration(RaftStorageImpl.java:143)
	at org.apache.ratis.server.impl.ServerState.<init>(ServerState.java:122)
	at org.apache.ratis.server.impl.RaftServerImpl.<init>(RaftServerImpl.java:193)
	at org.apache.ratis.server.impl.RaftServerProxy.lambda$newRaftServerImpl$4(RaftServerProxy.java:266)
	at java.util.concurrent.CompletableFuture$AsyncSupply.run(CompletableFuture.java:1604)
	at java.util.concurrent.ThreadPoolExecutor.runWorker(ThreadPoolExecutor.java:1149)
	at java.util.concurrent.ThreadPoolExecutor$Worker.run(ThreadPoolExecutor.java:624)
	at java.lang.Thread.run(Thread.java:748)
2021-03-01 18:11:37,677 [pool-1045-thread-1] INFO  server.RaftServerConfigKeys (ConfUtils.java:logGet(44)) - raft.server.notification.no-leader.timeout = 300000ms (custom)
2021-03-01 18:11:37,677 [pool-1045-thread-1] INFO  server.RaftServerConfigKeys (ConfUtils.java:logGet(44)) - raft.server.log.use.memory = false (default)
2021-03-01 18:11:37,677 [pool-1045-thread-1] INFO  server.RaftServerConfigKeys (ConfUtils.java:logGet(44)) - raft.server.log.purge.gap = 1000000 (custom)
2021-03-01 18:11:37,678 [pool-1045-thread-1] INFO  server.RaftServerConfigKeys (ConfUtils.java:logGet(44)) - raft.server.log.appender.buffer.byte-limit = 33554432 (custom)
2021-03-01 18:11:37,678 [pool-1045-thread-1] INFO  metrics.RatisMetrics (RatisMetrics.java:lambda$create$0(36)) - Creating Metrics Registry : ratis.log_worker.a5a3f093-0768-4d4b-b08f-053c130678b3@group-183949E5868D
2021-03-01 18:11:37,678 [pool-1045-thread-1] INFO  server.RaftServerConfigKeys (ConfUtils.java:logGet(44)) - raft.server.log.segment.size.max = 1048576 (custom)
2021-03-01 18:11:37,679 [pool-1045-thread-1] INFO  server.RaftServerConfigKeys (ConfUtils.java:logGet(44)) - raft.server.log.segment.cache.num.max = 2 (custom)
2021-03-01 18:11:37,679 [pool-1045-thread-1] INFO  server.RaftServerConfigKeys (ConfUtils.java:logGet(44)) - raft.server.log.segment.cache.size.max = 200MB (=209715200) (default)
2021-03-01 18:11:37,679 [pool-1045-thread-1] INFO  segmented.SegmentedRaftLogWorker (SegmentedRaftLogWorker.java:<init>(181)) - new a5a3f093-0768-4d4b-b08f-053c130678b3@group-183949E5868D-SegmentedRaftLogWorker for RaftStorageImpl:Storage Directory /github/workspace/mnt/ozone/hadoop-ozone/integration-test/target/test-dir/MiniOzoneClusterImpl-5b5774a2-bf3c-4723-a113-e238e3f8131c/datanode-2/data/ratis/6a91cd44-6d96-4d75-88f7-183949e5868d
2021-03-01 18:11:37,679 [pool-1045-thread-1] INFO  server.RaftServerConfigKeys (ConfUtils.java:logGet(44)) - raft.server.log.queue.byte-limit = 2147483647 (custom)
2021-03-01 18:11:37,679 [pool-1045-thread-1] INFO  server.RaftServerConfigKeys (ConfUtils.java:logGet(44)) - raft.server.log.queue.element-limit = 1024 (custom)
2021-03-01 18:11:37,679 [pool-1045-thread-1] INFO  server.RaftServerConfigKeys (ConfUtils.java:logGet(44)) - raft.server.log.segment.size.max = 1048576 (custom)
2021-03-01 18:11:37,679 [pool-1045-thread-1] INFO  server.RaftServerConfigKeys (ConfUtils.java:logGet(44)) - raft.server.log.preallocated.size = 16384 (custom)
2021-03-01 18:11:37,679 [pool-1045-thread-1] INFO  server.RaftServerConfigKeys (ConfUtils.java:logGet(44)) - raft.server.log.force.sync.num = 128 (default)
2021-03-01 18:11:37,679 [pool-1045-thread-1] INFO  server.RaftServerConfigKeys (ConfUtils.java:logGet(44)) - raft.server.log.statemachine.data.sync = true (default)
2021-03-01 18:11:37,679 [pool-1045-thread-1] INFO  server.RaftServerConfigKeys (ConfUtils.java:logGet(44)) - raft.server.log.statemachine.data.sync.timeout = 10s (default)
2021-03-01 18:11:37,679 [pool-1045-thread-1] INFO  server.RaftServerConfigKeys (ConfUtils.java:logGet(44)) - raft.server.log.statemachine.data.sync.timeout.retry = -1 (default)
2021-03-01 18:11:37,682 [pool-1045-thread-1] INFO  server.RaftServerConfigKeys (ConfUtils.java:logGet(44)) - raft.server.log.write.buffer.size = 1048576 (custom)
2021-03-01 18:11:37,682 [pool-1045-thread-1] INFO  server.RaftServerConfigKeys (ConfUtils.java:logGet(44)) - raft.server.log.statemachine.data.caching.enabled = true (custom)
2021-03-01 18:11:37,682 [pool-1045-thread-1] INFO  segmented.SegmentedRaftLogWorker (SegmentedRaftLogWorker.java:lambda$new$0(132)) - a5a3f093-0768-4d4b-b08f-053c130678b3@group-183949E5868D-SegmentedRaftLogWorker: flushIndex: setUnconditionally 0 -> -1
2021-03-01 18:11:37,682 [pool-1045-thread-1] INFO  segmented.SegmentedRaftLogWorker (SegmentedRaftLogWorker.java:lambda$new$0(132)) - a5a3f093-0768-4d4b-b08f-053c130678b3@group-183949E5868D-SegmentedRaftLogWorker: safeCacheEvictIndex: setUnconditionally 0 -> -1
2021-03-01 18:11:37,682 [pool-1045-thread-1] INFO  server.RaftServerConfigKeys (ConfUtils.java:logGet(44)) - raft.server.snapshot.auto.trigger.enabled = true (custom)
2021-03-01 18:11:37,682 [pool-1045-thread-1] INFO  server.RaftServerConfigKeys (ConfUtils.java:logGet(44)) - raft.server.snapshot.auto.trigger.threshold = 10000 (custom)
2021-03-01 18:11:37,682 [pool-1045-thread-1] INFO  server.RaftServerConfigKeys (ConfUtils.java:logGet(44)) - raft.server.snapshot.retention.file.num = 5 (custom)
2021-03-01 18:11:37,682 [pool-1045-thread-1] INFO  server.RaftServerConfigKeys (ConfUtils.java:logGet(44)) - raft.server.log.purge.upto.snapshot.index = false (default)
2021-03-01 18:11:37,682 [pool-1045-thread-1] INFO  server.RaftServerConfigKeys (ConfUtils.java:logGet(44)) - raft.server.retrycache.expirytime = 600000ms (custom)
2021-03-01 18:11:37,682 [pool-1045-thread-1] INFO  server.RaftServerConfigKeys (ConfUtils.java:logGet(44)) - raft.server.retrycache.statistics.expirytime = 100?s (default)
2021-03-01 18:11:37,682 [pool-1045-thread-1] INFO  metrics.RatisMetrics (RatisMetrics.java:lambda$create$0(36)) - Creating Metrics Registry : ratis.leader_election.a5a3f093-0768-4d4b-b08f-053c130678b3@group-183949E5868D
2021-03-01 18:11:37,683 [pool-1045-thread-1] INFO  metrics.RatisMetrics (RatisMetrics.java:lambda$create$0(36)) - Creating Metrics Registry : ratis.server.a5a3f093-0768-4d4b-b08f-053c130678b3@group-183949E5868D
2021-03-01 18:11:37,685 [pool-1045-thread-1] INFO  server.RaftServer$Division (RaftServerImpl.java:start(295)) - a5a3f093-0768-4d4b-b08f-053c130678b3@group-183949E5868D: start as a follower, conf=-1: [f258d114-ea47-4d12-8964-639f425ab8d0|rpc:172.17.0.2:45265|dataStream:|priority:0, a5a3f093-0768-4d4b-b08f-053c130678b3|rpc:172.17.0.2:40499|dataStream:|priority:0, 0f049040-6e0c-4cd4-a487-c7f09e7e4ba1|rpc:172.17.0.2:45527|dataStream:|priority:1], old=null
2021-03-01 18:11:37,685 [pool-1045-thread-1] INFO  server.RaftServer$Division (RaftServerImpl.java:setRole(284)) - a5a3f093-0768-4d4b-b08f-053c130678b3@group-183949E5868D: changes role from      null to FOLLOWER at term 0 for startAsFollower
2021-03-01 18:11:37,685 [pool-1045-thread-1] INFO  impl.RoleInfo (RoleInfo.java:updateAndGet(130)) - a5a3f093-0768-4d4b-b08f-053c130678b3: start a5a3f093-0768-4d4b-b08f-053c130678b3@group-183949E5868D-FollowerState
2021-03-01 18:11:37,686 [pool-1045-thread-1] INFO  util.JmxRegister (JmxRegister.java:tryRegister(44)) - Successfully registered JMX Bean with object name Ratis:service=RaftServer,group=group-183949E5868D,id=a5a3f093-0768-4d4b-b08f-053c130678b3
2021-03-01 18:11:37,686 [pool-1045-thread-1] INFO  metrics.RatisMetrics (RatisMetrics.java:lambda$create$0(36)) - Creating Metrics Registry : ratis.state_machine.a5a3f093-0768-4d4b-b08f-053c130678b3@group-183949E5868D
2021-03-01 18:11:37,694 [Command processor thread] INFO  metrics.RatisMetrics (RatisMetrics.java:lambda$create$0(36)) - Creating Metrics Registry : ratis.client_message_metrics.client-268A51288D63->f258d114-ea47-4d12-8964-639f425ab8d0
2021-03-01 18:11:37,703 [grpc-default-executor-2] INFO  metrics.RatisMetrics (RatisMetrics.java:lambda$create$0(36)) - Creating Metrics Registry : ratis.server_message_metrics.f258d114-ea47-4d12-8964-639f425ab8d0
2021-03-01 18:11:37,706 [grpc-default-executor-2] INFO  server.RaftServer (RaftServerProxy.java:addNew(95)) - f258d114-ea47-4d12-8964-639f425ab8d0: addNew group-183949E5868D:[f258d114-ea47-4d12-8964-639f425ab8d0|rpc:172.17.0.2:45265|dataStream:|priority:0, a5a3f093-0768-4d4b-b08f-053c130678b3|rpc:172.17.0.2:40499|dataStream:|priority:0, 0f049040-6e0c-4cd4-a487-c7f09e7e4ba1|rpc:172.17.0.2:45527|dataStream:|priority:1] returns group-183949E5868D:java.util.concurrent.CompletableFuture@1b45869e[Not completed]
2021-03-01 18:11:37,707 [pool-1029-thread-1] INFO  server.RaftServer$Division (RaftServerImpl.java:<init>(180)) - f258d114-ea47-4d12-8964-639f425ab8d0: new RaftServerImpl for group-183949E5868D:[f258d114-ea47-4d12-8964-639f425ab8d0|rpc:172.17.0.2:45265|dataStream:|priority:0, a5a3f093-0768-4d4b-b08f-053c130678b3|rpc:172.17.0.2:40499|dataStream:|priority:0, 0f049040-6e0c-4cd4-a487-c7f09e7e4ba1|rpc:172.17.0.2:45527|dataStream:|priority:1] with ContainerStateMachine:uninitialized
2021-03-01 18:11:37,707 [pool-1029-thread-1] INFO  server.RaftServerConfigKeys (ConfUtils.java:logGet(44)) - raft.server.rpc.timeout.min = 5s (custom)
2021-03-01 18:11:37,707 [pool-1029-thread-1] INFO  server.RaftServerConfigKeys (ConfUtils.java:logGet(44)) - raft.server.rpc.timeout.max = 5200ms (custom)
2021-03-01 18:11:37,707 [pool-1029-thread-1] INFO  server.RaftServerConfigKeys (ConfUtils.java:logGet(44)) - raft.server.rpc.sleep.time = 25ms (default)
2021-03-01 18:11:37,707 [pool-1029-thread-1] INFO  server.RaftServerConfigKeys (ConfUtils.java:logGet(44)) - raft.server.rpc.slowness.timeout = 300000ms (custom)
2021-03-01 18:11:37,707 [pool-1029-thread-1] INFO  server.RaftServerConfigKeys (ConfUtils.java:logGet(44)) - raft.server.leaderelection.leader.step-down.wait-time = 10s (default)
2021-03-01 18:11:37,707 [pool-1029-thread-1] INFO  server.RaftServerConfigKeys (ConfUtils.java:logGet(44)) - raft.server.sleep.deviation.threshold = 300ms (default)
2021-03-01 18:11:37,707 [pool-1029-thread-1] INFO  server.RaftServerConfigKeys (ConfUtils.java:logGet(44)) - raft.server.log.appender.install.snapshot.enabled = false (custom)
2021-03-01 18:11:37,707 [pool-1029-thread-1] INFO  server.RaftServer$Division (ServerState.java:<init>(105)) - f258d114-ea47-4d12-8964-639f425ab8d0@group-183949E5868D: ConfigurationManager, init=-1: [f258d114-ea47-4d12-8964-639f425ab8d0|rpc:172.17.0.2:45265|dataStream:|priority:0, a5a3f093-0768-4d4b-b08f-053c130678b3|rpc:172.17.0.2:40499|dataStream:|priority:0, 0f049040-6e0c-4cd4-a487-c7f09e7e4ba1|rpc:172.17.0.2:45527|dataStream:|priority:1], old=null, confs=<EMPTY_MAP>
2021-03-01 18:11:37,708 [pool-1029-thread-1] INFO  server.RaftServerConfigKeys (ConfUtils.java:logGet(44)) - raft.server.storage.dir = [/github/workspace/mnt/ozone/hadoop-ozone/integration-test/target/test-dir/MiniOzoneClusterImpl-5b5774a2-bf3c-4723-a113-e238e3f8131c/datanode-1/data/ratis] (custom)
2021-03-01 18:11:37,708 [pool-1029-thread-1] INFO  server.RaftServerConfigKeys (ConfUtils.java:logGet(44)) - raft.server.log.corruption.policy = EXCEPTION (default)
2021-03-01 18:11:37,708 [pool-1029-thread-1] INFO  storage.RaftStorageDirectory (RaftStorageDirectoryImpl.java:analyzeStorage(132)) - The storage directory /github/workspace/mnt/ozone/hadoop-ozone/integration-test/target/test-dir/MiniOzoneClusterImpl-5b5774a2-bf3c-4723-a113-e238e3f8131c/datanode-1/data/ratis/6a91cd44-6d96-4d75-88f7-183949e5868d does not exist. Creating ...
2021-03-01 18:11:37,709 [pool-1029-thread-1] INFO  storage.RaftStorageDirectory (RaftStorageDirectoryImpl.java:tryLock(215)) - Lock on /github/workspace/mnt/ozone/hadoop-ozone/integration-test/target/test-dir/MiniOzoneClusterImpl-5b5774a2-bf3c-4723-a113-e238e3f8131c/datanode-1/data/ratis/6a91cd44-6d96-4d75-88f7-183949e5868d/in_use.lock acquired by nodename 4952@83787af071e2
2021-03-01 18:11:37,709 [pool-1029-thread-1] INFO  storage.RaftStorage (RaftStorageImpl.java:format(87)) - Storage directory /github/workspace/mnt/ozone/hadoop-ozone/integration-test/target/test-dir/MiniOzoneClusterImpl-5b5774a2-bf3c-4723-a113-e238e3f8131c/datanode-1/data/ratis/6a91cd44-6d96-4d75-88f7-183949e5868d has been successfully formatted.
2021-03-01 18:11:37,710 [pool-1029-thread-1] INFO  ratis.ContainerStateMachine (ContainerStateMachine.java:loadSnapshot(223)) - group-183949E5868D: The snapshot info is null. Setting the last applied indexto:(t:0, i:~)
2021-03-01 18:11:37,710 [EventQueue-PipelineReportForOneReplicaPipelineSafeModeRule] INFO  safemode.SCMSafeModeManager (SCMSafeModeManager.java:validateSafeModeExitRules(214)) - AtleastOneDatanodeReportedRule rule is successfully validated
2021-03-01 18:11:37,711 [pool-1029-thread-1] ERROR storage.RaftStorage (RaftStorageImpl.java:readRaftConfiguration(147)) - Failed reading configuration from file:/github/workspace/mnt/ozone/hadoop-ozone/integration-test/target/test-dir/MiniOzoneClusterImpl-5b5774a2-bf3c-4723-a113-e238e3f8131c/datanode-1/data/ratis/6a91cd44-6d96-4d75-88f7-183949e5868d/current/raft-meta.conf
java.io.FileNotFoundException: /github/workspace/mnt/ozone/hadoop-ozone/integration-test/target/test-dir/MiniOzoneClusterImpl-5b5774a2-bf3c-4723-a113-e238e3f8131c/datanode-1/data/ratis/6a91cd44-6d96-4d75-88f7-183949e5868d/current/raft-meta.conf (No such file or directory)
	at java.io.FileInputStream.open0(Native Method)
	at java.io.FileInputStream.open(FileInputStream.java:195)
	at java.io.FileInputStream.<init>(FileInputStream.java:138)
	at org.apache.ratis.server.storage.RaftStorageImpl.readRaftConfiguration(RaftStorageImpl.java:143)
	at org.apache.ratis.server.impl.ServerState.<init>(ServerState.java:122)
	at org.apache.ratis.server.impl.RaftServerImpl.<init>(RaftServerImpl.java:193)
	at org.apache.ratis.server.impl.RaftServerProxy.lambda$newRaftServerImpl$4(RaftServerProxy.java:266)
	at java.util.concurrent.CompletableFuture$AsyncSupply.run(CompletableFuture.java:1604)
	at java.util.concurrent.ThreadPoolExecutor.runWorker(ThreadPoolExecutor.java:1149)
	at java.util.concurrent.ThreadPoolExecutor$Worker.run(ThreadPoolExecutor.java:624)
	at java.lang.Thread.run(Thread.java:748)
2021-03-01 18:11:37,711 [pool-1029-thread-1] INFO  server.RaftServerConfigKeys (ConfUtils.java:logGet(44)) - raft.server.notification.no-leader.timeout = 300000ms (custom)
2021-03-01 18:11:37,711 [pool-1029-thread-1] INFO  server.RaftServerConfigKeys (ConfUtils.java:logGet(44)) - raft.server.log.use.memory = false (default)
2021-03-01 18:11:37,711 [pool-1029-thread-1] INFO  server.RaftServerConfigKeys (ConfUtils.java:logGet(44)) - raft.server.log.purge.gap = 1000000 (custom)
2021-03-01 18:11:37,711 [pool-1029-thread-1] INFO  server.RaftServerConfigKeys (ConfUtils.java:logGet(44)) - raft.server.log.appender.buffer.byte-limit = 33554432 (custom)
2021-03-01 18:11:37,711 [pool-1029-thread-1] INFO  metrics.RatisMetrics (RatisMetrics.java:lambda$create$0(36)) - Creating Metrics Registry : ratis.log_worker.f258d114-ea47-4d12-8964-639f425ab8d0@group-183949E5868D
2021-03-01 18:11:37,711 [pool-1029-thread-1] INFO  server.RaftServerConfigKeys (ConfUtils.java:logGet(44)) - raft.server.log.segment.size.max = 1048576 (custom)
2021-03-01 18:11:37,712 [pool-1029-thread-1] INFO  server.RaftServerConfigKeys (ConfUtils.java:logGet(44)) - raft.server.log.segment.cache.num.max = 2 (custom)
2021-03-01 18:11:37,712 [pool-1029-thread-1] INFO  server.RaftServerConfigKeys (ConfUtils.java:logGet(44)) - raft.server.log.segment.cache.size.max = 200MB (=209715200) (default)
2021-03-01 18:11:37,712 [pool-1029-thread-1] INFO  segmented.SegmentedRaftLogWorker (SegmentedRaftLogWorker.java:<init>(181)) - new f258d114-ea47-4d12-8964-639f425ab8d0@group-183949E5868D-SegmentedRaftLogWorker for RaftStorageImpl:Storage Directory /github/workspace/mnt/ozone/hadoop-ozone/integration-test/target/test-dir/MiniOzoneClusterImpl-5b5774a2-bf3c-4723-a113-e238e3f8131c/datanode-1/data/ratis/6a91cd44-6d96-4d75-88f7-183949e5868d
2021-03-01 18:11:37,712 [pool-1029-thread-1] INFO  server.RaftServerConfigKeys (ConfUtils.java:logGet(44)) - raft.server.log.queue.byte-limit = 2147483647 (custom)
2021-03-01 18:11:37,712 [pool-1029-thread-1] INFO  server.RaftServerConfigKeys (ConfUtils.java:logGet(44)) - raft.server.log.queue.element-limit = 1024 (custom)
2021-03-01 18:11:37,712 [pool-1029-thread-1] INFO  server.RaftServerConfigKeys (ConfUtils.java:logGet(44)) - raft.server.log.segment.size.max = 1048576 (custom)
2021-03-01 18:11:37,713 [pool-1029-thread-1] INFO  server.RaftServerConfigKeys (ConfUtils.java:logGet(44)) - raft.server.log.preallocated.size = 16384 (custom)
2021-03-01 18:11:37,713 [pool-1029-thread-1] INFO  server.RaftServerConfigKeys (ConfUtils.java:logGet(44)) - raft.server.log.force.sync.num = 128 (default)
2021-03-01 18:11:37,713 [pool-1029-thread-1] INFO  server.RaftServerConfigKeys (ConfUtils.java:logGet(44)) - raft.server.log.statemachine.data.sync = true (default)
2021-03-01 18:11:37,713 [pool-1029-thread-1] INFO  server.RaftServerConfigKeys (ConfUtils.java:logGet(44)) - raft.server.log.statemachine.data.sync.timeout = 10s (default)
2021-03-01 18:11:37,713 [pool-1029-thread-1] INFO  server.RaftServerConfigKeys (ConfUtils.java:logGet(44)) - raft.server.log.statemachine.data.sync.timeout.retry = -1 (default)
2021-03-01 18:11:37,715 [pool-1029-thread-1] INFO  server.RaftServerConfigKeys (ConfUtils.java:logGet(44)) - raft.server.log.write.buffer.size = 1048576 (custom)
2021-03-01 18:11:37,716 [pool-1029-thread-1] INFO  server.RaftServerConfigKeys (ConfUtils.java:logGet(44)) - raft.server.log.statemachine.data.caching.enabled = true (custom)
2021-03-01 18:11:37,716 [pool-1029-thread-1] INFO  segmented.SegmentedRaftLogWorker (SegmentedRaftLogWorker.java:lambda$new$0(132)) - f258d114-ea47-4d12-8964-639f425ab8d0@group-183949E5868D-SegmentedRaftLogWorker: flushIndex: setUnconditionally 0 -> -1
2021-03-01 18:11:37,716 [pool-1029-thread-1] INFO  segmented.SegmentedRaftLogWorker (SegmentedRaftLogWorker.java:lambda$new$0(132)) - f258d114-ea47-4d12-8964-639f425ab8d0@group-183949E5868D-SegmentedRaftLogWorker: safeCacheEvictIndex: setUnconditionally 0 -> -1
2021-03-01 18:11:37,719 [pool-1029-thread-1] INFO  server.RaftServerConfigKeys (ConfUtils.java:logGet(44)) - raft.server.snapshot.auto.trigger.enabled = true (custom)
2021-03-01 18:11:37,719 [pool-1029-thread-1] INFO  server.RaftServerConfigKeys (ConfUtils.java:logGet(44)) - raft.server.snapshot.auto.trigger.threshold = 10000 (custom)
2021-03-01 18:11:37,719 [pool-1029-thread-1] INFO  server.RaftServerConfigKeys (ConfUtils.java:logGet(44)) - raft.server.snapshot.retention.file.num = 5 (custom)
2021-03-01 18:11:37,719 [pool-1029-thread-1] INFO  server.RaftServerConfigKeys (ConfUtils.java:logGet(44)) - raft.server.log.purge.upto.snapshot.index = false (default)
2021-03-01 18:11:37,719 [pool-1029-thread-1] INFO  server.RaftServerConfigKeys (ConfUtils.java:logGet(44)) - raft.server.retrycache.expirytime = 600000ms (custom)
2021-03-01 18:11:37,719 [pool-1029-thread-1] INFO  server.RaftServerConfigKeys (ConfUtils.java:logGet(44)) - raft.server.retrycache.statistics.expirytime = 100?s (default)
2021-03-01 18:11:37,719 [pool-1029-thread-1] INFO  metrics.RatisMetrics (RatisMetrics.java:lambda$create$0(36)) - Creating Metrics Registry : ratis.leader_election.f258d114-ea47-4d12-8964-639f425ab8d0@group-183949E5868D
2021-03-01 18:11:37,720 [pool-1029-thread-1] INFO  metrics.RatisMetrics (RatisMetrics.java:lambda$create$0(36)) - Creating Metrics Registry : ratis.server.f258d114-ea47-4d12-8964-639f425ab8d0@group-183949E5868D
2021-03-01 18:11:37,722 [pool-1029-thread-1] INFO  server.RaftServer$Division (RaftServerImpl.java:start(295)) - f258d114-ea47-4d12-8964-639f425ab8d0@group-183949E5868D: start as a follower, conf=-1: [f258d114-ea47-4d12-8964-639f425ab8d0|rpc:172.17.0.2:45265|dataStream:|priority:0, a5a3f093-0768-4d4b-b08f-053c130678b3|rpc:172.17.0.2:40499|dataStream:|priority:0, 0f049040-6e0c-4cd4-a487-c7f09e7e4ba1|rpc:172.17.0.2:45527|dataStream:|priority:1], old=null
2021-03-01 18:11:37,722 [pool-1029-thread-1] INFO  server.RaftServer$Division (RaftServerImpl.java:setRole(284)) - f258d114-ea47-4d12-8964-639f425ab8d0@group-183949E5868D: changes role from      null to FOLLOWER at term 0 for startAsFollower
2021-03-01 18:11:37,722 [pool-1029-thread-1] INFO  impl.RoleInfo (RoleInfo.java:updateAndGet(130)) - f258d114-ea47-4d12-8964-639f425ab8d0: start f258d114-ea47-4d12-8964-639f425ab8d0@group-183949E5868D-FollowerState
2021-03-01 18:11:37,722 [pool-1029-thread-1] INFO  util.JmxRegister (JmxRegister.java:tryRegister(44)) - Successfully registered JMX Bean with object name Ratis:service=RaftServer,group=group-183949E5868D,id=f258d114-ea47-4d12-8964-639f425ab8d0
2021-03-01 18:11:37,722 [pool-1029-thread-1] INFO  metrics.RatisMetrics (RatisMetrics.java:lambda$create$0(36)) - Creating Metrics Registry : ratis.state_machine.f258d114-ea47-4d12-8964-639f425ab8d0@group-183949E5868D
2021-03-01 18:11:37,730 [Command processor thread] INFO  commandhandler.CreatePipelineCommandHandler (CreatePipelineCommandHandler.java:handle(106)) - Created Pipeline RATIS THREE PipelineID=6a91cd44-6d96-4d75-88f7-183949e5868d.
2021-03-01 18:11:37,731 [Command processor thread] INFO  server.RaftServer (RaftServerProxy.java:addNew(95)) - 0f049040-6e0c-4cd4-a487-c7f09e7e4ba1: addNew group-56E890C13FB3:[f258d114-ea47-4d12-8964-639f425ab8d0|rpc:172.17.0.2:45265|priority:0, a5a3f093-0768-4d4b-b08f-053c130678b3|rpc:172.17.0.2:40499|priority:1, 0f049040-6e0c-4cd4-a487-c7f09e7e4ba1|rpc:172.17.0.2:45527|priority:0] returns group-56E890C13FB3:java.util.concurrent.CompletableFuture@1ed183f6[Not completed]
2021-03-01 18:11:37,731 [pool-1013-thread-1] INFO  server.RaftServer$Division (RaftServerImpl.java:<init>(180)) - 0f049040-6e0c-4cd4-a487-c7f09e7e4ba1: new RaftServerImpl for group-56E890C13FB3:[f258d114-ea47-4d12-8964-639f425ab8d0|rpc:172.17.0.2:45265|priority:0, a5a3f093-0768-4d4b-b08f-053c130678b3|rpc:172.17.0.2:40499|priority:1, 0f049040-6e0c-4cd4-a487-c7f09e7e4ba1|rpc:172.17.0.2:45527|priority:0] with ContainerStateMachine:uninitialized
2021-03-01 18:11:37,731 [pool-1013-thread-1] INFO  server.RaftServerConfigKeys (ConfUtils.java:logGet(44)) - raft.server.rpc.timeout.min = 5s (custom)
2021-03-01 18:11:37,731 [pool-1013-thread-1] INFO  server.RaftServerConfigKeys (ConfUtils.java:logGet(44)) - raft.server.rpc.timeout.max = 5200ms (custom)
2021-03-01 18:11:37,731 [pool-1013-thread-1] INFO  server.RaftServerConfigKeys (ConfUtils.java:logGet(44)) - raft.server.rpc.sleep.time = 25ms (default)
2021-03-01 18:11:37,731 [pool-1013-thread-1] INFO  server.RaftServerConfigKeys (ConfUtils.java:logGet(44)) - raft.server.rpc.slowness.timeout = 300000ms (custom)
2021-03-01 18:11:37,731 [pool-1013-thread-1] INFO  server.RaftServerConfigKeys (ConfUtils.java:logGet(44)) - raft.server.leaderelection.leader.step-down.wait-time = 10s (default)
2021-03-01 18:11:37,731 [pool-1013-thread-1] INFO  server.RaftServerConfigKeys (ConfUtils.java:logGet(44)) - raft.server.sleep.deviation.threshold = 300ms (default)
2021-03-01 18:11:37,731 [pool-1013-thread-1] INFO  server.RaftServerConfigKeys (ConfUtils.java:logGet(44)) - raft.server.log.appender.install.snapshot.enabled = false (custom)
2021-03-01 18:11:37,731 [pool-1013-thread-1] INFO  server.RaftServer$Division (ServerState.java:<init>(105)) - 0f049040-6e0c-4cd4-a487-c7f09e7e4ba1@group-56E890C13FB3: ConfigurationManager, init=-1: [f258d114-ea47-4d12-8964-639f425ab8d0|rpc:172.17.0.2:45265|priority:0, a5a3f093-0768-4d4b-b08f-053c130678b3|rpc:172.17.0.2:40499|priority:1, 0f049040-6e0c-4cd4-a487-c7f09e7e4ba1|rpc:172.17.0.2:45527|priority:0], old=null, confs=<EMPTY_MAP>
2021-03-01 18:11:37,732 [pool-1013-thread-1] INFO  server.RaftServerConfigKeys (ConfUtils.java:logGet(44)) - raft.server.storage.dir = [/github/workspace/mnt/ozone/hadoop-ozone/integration-test/target/test-dir/MiniOzoneClusterImpl-5b5774a2-bf3c-4723-a113-e238e3f8131c/datanode-0/data/ratis] (custom)
2021-03-01 18:11:37,732 [pool-1013-thread-1] INFO  server.RaftServerConfigKeys (ConfUtils.java:logGet(44)) - raft.server.log.corruption.policy = EXCEPTION (default)
2021-03-01 18:11:37,732 [pool-1013-thread-1] INFO  storage.RaftStorageDirectory (RaftStorageDirectoryImpl.java:analyzeStorage(132)) - The storage directory /github/workspace/mnt/ozone/hadoop-ozone/integration-test/target/test-dir/MiniOzoneClusterImpl-5b5774a2-bf3c-4723-a113-e238e3f8131c/datanode-0/data/ratis/d7d51450-7844-4544-a5b2-56e890c13fb3 does not exist. Creating ...
2021-03-01 18:11:37,733 [pool-1013-thread-1] INFO  storage.RaftStorageDirectory (RaftStorageDirectoryImpl.java:tryLock(215)) - Lock on /github/workspace/mnt/ozone/hadoop-ozone/integration-test/target/test-dir/MiniOzoneClusterImpl-5b5774a2-bf3c-4723-a113-e238e3f8131c/datanode-0/data/ratis/d7d51450-7844-4544-a5b2-56e890c13fb3/in_use.lock acquired by nodename 4952@83787af071e2
2021-03-01 18:11:37,733 [pool-1013-thread-1] INFO  storage.RaftStorage (RaftStorageImpl.java:format(87)) - Storage directory /github/workspace/mnt/ozone/hadoop-ozone/integration-test/target/test-dir/MiniOzoneClusterImpl-5b5774a2-bf3c-4723-a113-e238e3f8131c/datanode-0/data/ratis/d7d51450-7844-4544-a5b2-56e890c13fb3 has been successfully formatted.
2021-03-01 18:11:37,734 [EventQueue-PipelineReportForOneReplicaPipelineSafeModeRule] INFO  safemode.SCMSafeModeManager (SCMSafeModeManager.java:validateSafeModeExitRules(214)) - AtleastOneDatanodeReportedRule rule is successfully validated
2021-03-01 18:11:37,734 [EventQueue-OpenPipelineForHealthyPipelineSafeModeRule] INFO  safemode.SCMSafeModeManager (HealthyPipelineSafeModeRule.java:process(128)) - SCM in safe mode. Healthy pipelines reported count is 0, required healthy pipeline reported count is 1
2021-03-01 18:11:37,734 [pool-1013-thread-1] INFO  ratis.ContainerStateMachine (ContainerStateMachine.java:loadSnapshot(223)) - group-56E890C13FB3: The snapshot info is null. Setting the last applied indexto:(t:0, i:~)
2021-03-01 18:11:37,735 [pool-1013-thread-1] ERROR storage.RaftStorage (RaftStorageImpl.java:readRaftConfiguration(147)) - Failed reading configuration from file:/github/workspace/mnt/ozone/hadoop-ozone/integration-test/target/test-dir/MiniOzoneClusterImpl-5b5774a2-bf3c-4723-a113-e238e3f8131c/datanode-0/data/ratis/d7d51450-7844-4544-a5b2-56e890c13fb3/current/raft-meta.conf
java.io.FileNotFoundException: /github/workspace/mnt/ozone/hadoop-ozone/integration-test/target/test-dir/MiniOzoneClusterImpl-5b5774a2-bf3c-4723-a113-e238e3f8131c/datanode-0/data/ratis/d7d51450-7844-4544-a5b2-56e890c13fb3/current/raft-meta.conf (No such file or directory)
	at java.io.FileInputStream.open0(Native Method)
	at java.io.FileInputStream.open(FileInputStream.java:195)
	at java.io.FileInputStream.<init>(FileInputStream.java:138)
	at org.apache.ratis.server.storage.RaftStorageImpl.readRaftConfiguration(RaftStorageImpl.java:143)
	at org.apache.ratis.server.impl.ServerState.<init>(ServerState.java:122)
	at org.apache.ratis.server.impl.RaftServerImpl.<init>(RaftServerImpl.java:193)
	at org.apache.ratis.server.impl.RaftServerProxy.lambda$newRaftServerImpl$4(RaftServerProxy.java:266)
	at java.util.concurrent.CompletableFuture$AsyncSupply.run(CompletableFuture.java:1604)
	at java.util.concurrent.ThreadPoolExecutor.runWorker(ThreadPoolExecutor.java:1149)
	at java.util.concurrent.ThreadPoolExecutor$Worker.run(ThreadPoolExecutor.java:624)
	at java.lang.Thread.run(Thread.java:748)
2021-03-01 18:11:37,735 [pool-1013-thread-1] INFO  server.RaftServerConfigKeys (ConfUtils.java:logGet(44)) - raft.server.notification.no-leader.timeout = 300000ms (custom)
2021-03-01 18:11:37,735 [pool-1013-thread-1] INFO  server.RaftServerConfigKeys (ConfUtils.java:logGet(44)) - raft.server.log.use.memory = false (default)
2021-03-01 18:11:37,735 [pool-1013-thread-1] INFO  server.RaftServerConfigKeys (ConfUtils.java:logGet(44)) - raft.server.log.purge.gap = 1000000 (custom)
2021-03-01 18:11:37,735 [pool-1013-thread-1] INFO  server.RaftServerConfigKeys (ConfUtils.java:logGet(44)) - raft.server.log.appender.buffer.byte-limit = 33554432 (custom)
2021-03-01 18:11:37,735 [pool-1013-thread-1] INFO  metrics.RatisMetrics (RatisMetrics.java:lambda$create$0(36)) - Creating Metrics Registry : ratis.log_worker.0f049040-6e0c-4cd4-a487-c7f09e7e4ba1@group-56E890C13FB3
2021-03-01 18:11:37,735 [pool-1013-thread-1] INFO  server.RaftServerConfigKeys (ConfUtils.java:logGet(44)) - raft.server.log.segment.size.max = 1048576 (custom)
2021-03-01 18:11:37,736 [pool-1013-thread-1] INFO  server.RaftServerConfigKeys (ConfUtils.java:logGet(44)) - raft.server.log.segment.cache.num.max = 2 (custom)
2021-03-01 18:11:37,736 [pool-1013-thread-1] INFO  server.RaftServerConfigKeys (ConfUtils.java:logGet(44)) - raft.server.log.segment.cache.size.max = 200MB (=209715200) (default)
2021-03-01 18:11:37,736 [pool-1013-thread-1] INFO  segmented.SegmentedRaftLogWorker (SegmentedRaftLogWorker.java:<init>(181)) - new 0f049040-6e0c-4cd4-a487-c7f09e7e4ba1@group-56E890C13FB3-SegmentedRaftLogWorker for RaftStorageImpl:Storage Directory /github/workspace/mnt/ozone/hadoop-ozone/integration-test/target/test-dir/MiniOzoneClusterImpl-5b5774a2-bf3c-4723-a113-e238e3f8131c/datanode-0/data/ratis/d7d51450-7844-4544-a5b2-56e890c13fb3
2021-03-01 18:11:37,736 [pool-1013-thread-1] INFO  server.RaftServerConfigKeys (ConfUtils.java:logGet(44)) - raft.server.log.queue.byte-limit = 2147483647 (custom)
2021-03-01 18:11:37,736 [pool-1013-thread-1] INFO  server.RaftServerConfigKeys (ConfUtils.java:logGet(44)) - raft.server.log.queue.element-limit = 1024 (custom)
2021-03-01 18:11:37,736 [pool-1013-thread-1] INFO  server.RaftServerConfigKeys (ConfUtils.java:logGet(44)) - raft.server.log.segment.size.max = 1048576 (custom)
2021-03-01 18:11:37,736 [pool-1013-thread-1] INFO  server.RaftServerConfigKeys (ConfUtils.java:logGet(44)) - raft.server.log.preallocated.size = 16384 (custom)
2021-03-01 18:11:37,736 [pool-1013-thread-1] INFO  server.RaftServerConfigKeys (ConfUtils.java:logGet(44)) - raft.server.log.force.sync.num = 128 (default)
2021-03-01 18:11:37,736 [pool-1013-thread-1] INFO  server.RaftServerConfigKeys (ConfUtils.java:logGet(44)) - raft.server.log.statemachine.data.sync = true (default)
2021-03-01 18:11:37,737 [pool-1013-thread-1] INFO  server.RaftServerConfigKeys (ConfUtils.java:logGet(44)) - raft.server.log.statemachine.data.sync.timeout = 10s (default)
2021-03-01 18:11:37,737 [pool-1013-thread-1] INFO  server.RaftServerConfigKeys (ConfUtils.java:logGet(44)) - raft.server.log.statemachine.data.sync.timeout.retry = -1 (default)
2021-03-01 18:11:37,739 [pool-1013-thread-1] INFO  server.RaftServerConfigKeys (ConfUtils.java:logGet(44)) - raft.server.log.write.buffer.size = 1048576 (custom)
2021-03-01 18:11:37,739 [pool-1013-thread-1] INFO  server.RaftServerConfigKeys (ConfUtils.java:logGet(44)) - raft.server.log.statemachine.data.caching.enabled = true (custom)
2021-03-01 18:11:37,740 [pool-1013-thread-1] INFO  segmented.SegmentedRaftLogWorker (SegmentedRaftLogWorker.java:lambda$new$0(132)) - 0f049040-6e0c-4cd4-a487-c7f09e7e4ba1@group-56E890C13FB3-SegmentedRaftLogWorker: flushIndex: setUnconditionally 0 -> -1
2021-03-01 18:11:37,740 [pool-1013-thread-1] INFO  segmented.SegmentedRaftLogWorker (SegmentedRaftLogWorker.java:lambda$new$0(132)) - 0f049040-6e0c-4cd4-a487-c7f09e7e4ba1@group-56E890C13FB3-SegmentedRaftLogWorker: safeCacheEvictIndex: setUnconditionally 0 -> -1
2021-03-01 18:11:37,740 [pool-1013-thread-1] INFO  server.RaftServerConfigKeys (ConfUtils.java:logGet(44)) - raft.server.snapshot.auto.trigger.enabled = true (custom)
2021-03-01 18:11:37,740 [pool-1013-thread-1] INFO  server.RaftServerConfigKeys (ConfUtils.java:logGet(44)) - raft.server.snapshot.auto.trigger.threshold = 10000 (custom)
2021-03-01 18:11:37,740 [pool-1013-thread-1] INFO  server.RaftServerConfigKeys (ConfUtils.java:logGet(44)) - raft.server.snapshot.retention.file.num = 5 (custom)
2021-03-01 18:11:37,740 [pool-1013-thread-1] INFO  server.RaftServerConfigKeys (ConfUtils.java:logGet(44)) - raft.server.log.purge.upto.snapshot.index = false (default)
2021-03-01 18:11:37,740 [pool-1013-thread-1] INFO  server.RaftServerConfigKeys (ConfUtils.java:logGet(44)) - raft.server.retrycache.expirytime = 600000ms (custom)
2021-03-01 18:11:37,740 [pool-1013-thread-1] INFO  server.RaftServerConfigKeys (ConfUtils.java:logGet(44)) - raft.server.retrycache.statistics.expirytime = 100?s (default)
2021-03-01 18:11:37,740 [pool-1013-thread-1] INFO  metrics.RatisMetrics (RatisMetrics.java:lambda$create$0(36)) - Creating Metrics Registry : ratis.leader_election.0f049040-6e0c-4cd4-a487-c7f09e7e4ba1@group-56E890C13FB3
2021-03-01 18:11:37,741 [pool-1013-thread-1] INFO  metrics.RatisMetrics (RatisMetrics.java:lambda$create$0(36)) - Creating Metrics Registry : ratis.server.0f049040-6e0c-4cd4-a487-c7f09e7e4ba1@group-56E890C13FB3
2021-03-01 18:11:37,743 [pool-1013-thread-1] INFO  server.RaftServer$Division (RaftServerImpl.java:start(295)) - 0f049040-6e0c-4cd4-a487-c7f09e7e4ba1@group-56E890C13FB3: start as a follower, conf=-1: [f258d114-ea47-4d12-8964-639f425ab8d0|rpc:172.17.0.2:45265|priority:0, a5a3f093-0768-4d4b-b08f-053c130678b3|rpc:172.17.0.2:40499|priority:1, 0f049040-6e0c-4cd4-a487-c7f09e7e4ba1|rpc:172.17.0.2:45527|priority:0], old=null
2021-03-01 18:11:37,743 [pool-1013-thread-1] INFO  server.RaftServer$Division (RaftServerImpl.java:setRole(284)) - 0f049040-6e0c-4cd4-a487-c7f09e7e4ba1@group-56E890C13FB3: changes role from      null to FOLLOWER at term 0 for startAsFollower
2021-03-01 18:11:37,743 [pool-1013-thread-1] INFO  impl.RoleInfo (RoleInfo.java:updateAndGet(130)) - 0f049040-6e0c-4cd4-a487-c7f09e7e4ba1: start 0f049040-6e0c-4cd4-a487-c7f09e7e4ba1@group-56E890C13FB3-FollowerState
2021-03-01 18:11:37,743 [pool-1013-thread-1] INFO  util.JmxRegister (JmxRegister.java:tryRegister(44)) - Successfully registered JMX Bean with object name Ratis:service=RaftServer,group=group-56E890C13FB3,id=0f049040-6e0c-4cd4-a487-c7f09e7e4ba1
2021-03-01 18:11:37,743 [pool-1013-thread-1] INFO  metrics.RatisMetrics (RatisMetrics.java:lambda$create$0(36)) - Creating Metrics Registry : ratis.state_machine.0f049040-6e0c-4cd4-a487-c7f09e7e4ba1@group-56E890C13FB3
2021-03-01 18:11:37,745 [Command processor thread] INFO  metrics.RatisMetrics (RatisMetrics.java:lambda$create$0(36)) - Creating Metrics Registry : ratis.client_message_metrics.client-0C5B03CA72A4->a5a3f093-0768-4d4b-b08f-053c130678b3
2021-03-01 18:11:37,749 [grpc-default-executor-2] INFO  server.RaftServer (RaftServerProxy.java:addNew(95)) - a5a3f093-0768-4d4b-b08f-053c130678b3: addNew group-56E890C13FB3:[f258d114-ea47-4d12-8964-639f425ab8d0|rpc:172.17.0.2:45265|dataStream:|priority:0, a5a3f093-0768-4d4b-b08f-053c130678b3|rpc:172.17.0.2:40499|dataStream:|priority:1, 0f049040-6e0c-4cd4-a487-c7f09e7e4ba1|rpc:172.17.0.2:45527|dataStream:|priority:0] returns group-56E890C13FB3:java.util.concurrent.CompletableFuture@55dfd958[Not completed]
2021-03-01 18:11:37,749 [pool-1045-thread-1] INFO  server.RaftServer$Division (RaftServerImpl.java:<init>(180)) - a5a3f093-0768-4d4b-b08f-053c130678b3: new RaftServerImpl for group-56E890C13FB3:[f258d114-ea47-4d12-8964-639f425ab8d0|rpc:172.17.0.2:45265|dataStream:|priority:0, a5a3f093-0768-4d4b-b08f-053c130678b3|rpc:172.17.0.2:40499|dataStream:|priority:1, 0f049040-6e0c-4cd4-a487-c7f09e7e4ba1|rpc:172.17.0.2:45527|dataStream:|priority:0] with ContainerStateMachine:uninitialized
2021-03-01 18:11:37,749 [pool-1045-thread-1] INFO  server.RaftServerConfigKeys (ConfUtils.java:logGet(44)) - raft.server.rpc.timeout.min = 5s (custom)
2021-03-01 18:11:37,749 [pool-1045-thread-1] INFO  server.RaftServerConfigKeys (ConfUtils.java:logGet(44)) - raft.server.rpc.timeout.max = 5200ms (custom)
2021-03-01 18:11:37,749 [pool-1045-thread-1] INFO  server.RaftServerConfigKeys (ConfUtils.java:logGet(44)) - raft.server.rpc.sleep.time = 25ms (default)
2021-03-01 18:11:37,749 [pool-1045-thread-1] INFO  server.RaftServerConfigKeys (ConfUtils.java:logGet(44)) - raft.server.rpc.slowness.timeout = 300000ms (custom)
2021-03-01 18:11:37,749 [pool-1045-thread-1] INFO  server.RaftServerConfigKeys (ConfUtils.java:logGet(44)) - raft.server.leaderelection.leader.step-down.wait-time = 10s (default)
2021-03-01 18:11:37,749 [pool-1045-thread-1] INFO  server.RaftServerConfigKeys (ConfUtils.java:logGet(44)) - raft.server.sleep.deviation.threshold = 300ms (default)
2021-03-01 18:11:37,749 [pool-1045-thread-1] INFO  server.RaftServerConfigKeys (ConfUtils.java:logGet(44)) - raft.server.log.appender.install.snapshot.enabled = false (custom)
2021-03-01 18:11:37,749 [pool-1045-thread-1] INFO  server.RaftServer$Division (ServerState.java:<init>(105)) - a5a3f093-0768-4d4b-b08f-053c130678b3@group-56E890C13FB3: ConfigurationManager, init=-1: [f258d114-ea47-4d12-8964-639f425ab8d0|rpc:172.17.0.2:45265|dataStream:|priority:0, a5a3f093-0768-4d4b-b08f-053c130678b3|rpc:172.17.0.2:40499|dataStream:|priority:1, 0f049040-6e0c-4cd4-a487-c7f09e7e4ba1|rpc:172.17.0.2:45527|dataStream:|priority:0], old=null, confs=<EMPTY_MAP>
2021-03-01 18:11:37,749 [pool-1045-thread-1] INFO  server.RaftServerConfigKeys (ConfUtils.java:logGet(44)) - raft.server.storage.dir = [/github/workspace/mnt/ozone/hadoop-ozone/integration-test/target/test-dir/MiniOzoneClusterImpl-5b5774a2-bf3c-4723-a113-e238e3f8131c/datanode-2/data/ratis] (custom)
2021-03-01 18:11:37,749 [pool-1045-thread-1] INFO  server.RaftServerConfigKeys (ConfUtils.java:logGet(44)) - raft.server.log.corruption.policy = EXCEPTION (default)
2021-03-01 18:11:37,750 [pool-1045-thread-1] INFO  storage.RaftStorageDirectory (RaftStorageDirectoryImpl.java:analyzeStorage(132)) - The storage directory /github/workspace/mnt/ozone/hadoop-ozone/integration-test/target/test-dir/MiniOzoneClusterImpl-5b5774a2-bf3c-4723-a113-e238e3f8131c/datanode-2/data/ratis/d7d51450-7844-4544-a5b2-56e890c13fb3 does not exist. Creating ...
2021-03-01 18:11:37,750 [pool-1045-thread-1] INFO  storage.RaftStorageDirectory (RaftStorageDirectoryImpl.java:tryLock(215)) - Lock on /github/workspace/mnt/ozone/hadoop-ozone/integration-test/target/test-dir/MiniOzoneClusterImpl-5b5774a2-bf3c-4723-a113-e238e3f8131c/datanode-2/data/ratis/d7d51450-7844-4544-a5b2-56e890c13fb3/in_use.lock acquired by nodename 4952@83787af071e2
2021-03-01 18:11:37,751 [pool-1045-thread-1] INFO  storage.RaftStorage (RaftStorageImpl.java:format(87)) - Storage directory /github/workspace/mnt/ozone/hadoop-ozone/integration-test/target/test-dir/MiniOzoneClusterImpl-5b5774a2-bf3c-4723-a113-e238e3f8131c/datanode-2/data/ratis/d7d51450-7844-4544-a5b2-56e890c13fb3 has been successfully formatted.
2021-03-01 18:11:37,751 [pool-1045-thread-1] INFO  ratis.ContainerStateMachine (ContainerStateMachine.java:loadSnapshot(223)) - group-56E890C13FB3: The snapshot info is null. Setting the last applied indexto:(t:0, i:~)
2021-03-01 18:11:37,752 [pool-1045-thread-1] ERROR storage.RaftStorage (RaftStorageImpl.java:readRaftConfiguration(147)) - Failed reading configuration from file:/github/workspace/mnt/ozone/hadoop-ozone/integration-test/target/test-dir/MiniOzoneClusterImpl-5b5774a2-bf3c-4723-a113-e238e3f8131c/datanode-2/data/ratis/d7d51450-7844-4544-a5b2-56e890c13fb3/current/raft-meta.conf
java.io.FileNotFoundException: /github/workspace/mnt/ozone/hadoop-ozone/integration-test/target/test-dir/MiniOzoneClusterImpl-5b5774a2-bf3c-4723-a113-e238e3f8131c/datanode-2/data/ratis/d7d51450-7844-4544-a5b2-56e890c13fb3/current/raft-meta.conf (No such file or directory)
	at java.io.FileInputStream.open0(Native Method)
	at java.io.FileInputStream.open(FileInputStream.java:195)
	at java.io.FileInputStream.<init>(FileInputStream.java:138)
	at org.apache.ratis.server.storage.RaftStorageImpl.readRaftConfiguration(RaftStorageImpl.java:143)
	at org.apache.ratis.server.impl.ServerState.<init>(ServerState.java:122)
	at org.apache.ratis.server.impl.RaftServerImpl.<init>(RaftServerImpl.java:193)
	at org.apache.ratis.server.impl.RaftServerProxy.lambda$newRaftServerImpl$4(RaftServerProxy.java:266)
	at java.util.concurrent.CompletableFuture$AsyncSupply.run(CompletableFuture.java:1604)
	at java.util.concurrent.ThreadPoolExecutor.runWorker(ThreadPoolExecutor.java:1149)
	at java.util.concurrent.ThreadPoolExecutor$Worker.run(ThreadPoolExecutor.java:624)
	at java.lang.Thread.run(Thread.java:748)
2021-03-01 18:11:37,752 [EventQueue-PipelineReportForOneReplicaPipelineSafeModeRule] INFO  safemode.SCMSafeModeManager (SCMSafeModeManager.java:validateSafeModeExitRules(214)) - AtleastOneDatanodeReportedRule rule is successfully validated
2021-03-01 18:11:37,752 [pool-1045-thread-1] INFO  server.RaftServerConfigKeys (ConfUtils.java:logGet(44)) - raft.server.notification.no-leader.timeout = 300000ms (custom)
2021-03-01 18:11:37,752 [pool-1045-thread-1] INFO  server.RaftServerConfigKeys (ConfUtils.java:logGet(44)) - raft.server.log.use.memory = false (default)
2021-03-01 18:11:37,752 [pool-1045-thread-1] INFO  server.RaftServerConfigKeys (ConfUtils.java:logGet(44)) - raft.server.log.purge.gap = 1000000 (custom)
2021-03-01 18:11:37,752 [pool-1045-thread-1] INFO  server.RaftServerConfigKeys (ConfUtils.java:logGet(44)) - raft.server.log.appender.buffer.byte-limit = 33554432 (custom)
2021-03-01 18:11:37,752 [pool-1045-thread-1] INFO  metrics.RatisMetrics (RatisMetrics.java:lambda$create$0(36)) - Creating Metrics Registry : ratis.log_worker.a5a3f093-0768-4d4b-b08f-053c130678b3@group-56E890C13FB3
2021-03-01 18:11:37,753 [pool-1045-thread-1] INFO  server.RaftServerConfigKeys (ConfUtils.java:logGet(44)) - raft.server.log.segment.size.max = 1048576 (custom)
2021-03-01 18:11:37,754 [pool-1045-thread-1] INFO  server.RaftServerConfigKeys (ConfUtils.java:logGet(44)) - raft.server.log.segment.cache.num.max = 2 (custom)
2021-03-01 18:11:37,754 [pool-1045-thread-1] INFO  server.RaftServerConfigKeys (ConfUtils.java:logGet(44)) - raft.server.log.segment.cache.size.max = 200MB (=209715200) (default)
2021-03-01 18:11:37,754 [pool-1045-thread-1] INFO  segmented.SegmentedRaftLogWorker (SegmentedRaftLogWorker.java:<init>(181)) - new a5a3f093-0768-4d4b-b08f-053c130678b3@group-56E890C13FB3-SegmentedRaftLogWorker for RaftStorageImpl:Storage Directory /github/workspace/mnt/ozone/hadoop-ozone/integration-test/target/test-dir/MiniOzoneClusterImpl-5b5774a2-bf3c-4723-a113-e238e3f8131c/datanode-2/data/ratis/d7d51450-7844-4544-a5b2-56e890c13fb3
2021-03-01 18:11:37,754 [pool-1045-thread-1] INFO  server.RaftServerConfigKeys (ConfUtils.java:logGet(44)) - raft.server.log.queue.byte-limit = 2147483647 (custom)
2021-03-01 18:11:37,754 [pool-1045-thread-1] INFO  server.RaftServerConfigKeys (ConfUtils.java:logGet(44)) - raft.server.log.queue.element-limit = 1024 (custom)
2021-03-01 18:11:37,754 [pool-1045-thread-1] INFO  server.RaftServerConfigKeys (ConfUtils.java:logGet(44)) - raft.server.log.segment.size.max = 1048576 (custom)
2021-03-01 18:11:37,754 [pool-1045-thread-1] INFO  server.RaftServerConfigKeys (ConfUtils.java:logGet(44)) - raft.server.log.preallocated.size = 16384 (custom)
2021-03-01 18:11:37,754 [pool-1045-thread-1] INFO  server.RaftServerConfigKeys (ConfUtils.java:logGet(44)) - raft.server.log.force.sync.num = 128 (default)
2021-03-01 18:11:37,754 [pool-1045-thread-1] INFO  server.RaftServerConfigKeys (ConfUtils.java:logGet(44)) - raft.server.log.statemachine.data.sync = true (default)
2021-03-01 18:11:37,754 [pool-1045-thread-1] INFO  server.RaftServerConfigKeys (ConfUtils.java:logGet(44)) - raft.server.log.statemachine.data.sync.timeout = 10s (default)
2021-03-01 18:11:37,754 [pool-1045-thread-1] INFO  server.RaftServerConfigKeys (ConfUtils.java:logGet(44)) - raft.server.log.statemachine.data.sync.timeout.retry = -1 (default)
2021-03-01 18:11:37,756 [pool-1045-thread-1] INFO  server.RaftServerConfigKeys (ConfUtils.java:logGet(44)) - raft.server.log.write.buffer.size = 1048576 (custom)
2021-03-01 18:11:37,757 [pool-1045-thread-1] INFO  server.RaftServerConfigKeys (ConfUtils.java:logGet(44)) - raft.server.log.statemachine.data.caching.enabled = true (custom)
2021-03-01 18:11:37,757 [pool-1045-thread-1] INFO  segmented.SegmentedRaftLogWorker (SegmentedRaftLogWorker.java:lambda$new$0(132)) - a5a3f093-0768-4d4b-b08f-053c130678b3@group-56E890C13FB3-SegmentedRaftLogWorker: flushIndex: setUnconditionally 0 -> -1
2021-03-01 18:11:37,757 [pool-1045-thread-1] INFO  segmented.SegmentedRaftLogWorker (SegmentedRaftLogWorker.java:lambda$new$0(132)) - a5a3f093-0768-4d4b-b08f-053c130678b3@group-56E890C13FB3-SegmentedRaftLogWorker: safeCacheEvictIndex: setUnconditionally 0 -> -1
2021-03-01 18:11:37,758 [pool-1045-thread-1] INFO  server.RaftServerConfigKeys (ConfUtils.java:logGet(44)) - raft.server.snapshot.auto.trigger.enabled = true (custom)
2021-03-01 18:11:37,758 [pool-1045-thread-1] INFO  server.RaftServerConfigKeys (ConfUtils.java:logGet(44)) - raft.server.snapshot.auto.trigger.threshold = 10000 (custom)
2021-03-01 18:11:37,758 [pool-1045-thread-1] INFO  server.RaftServerConfigKeys (ConfUtils.java:logGet(44)) - raft.server.snapshot.retention.file.num = 5 (custom)
2021-03-01 18:11:37,758 [pool-1045-thread-1] INFO  server.RaftServerConfigKeys (ConfUtils.java:logGet(44)) - raft.server.log.purge.upto.snapshot.index = false (default)
2021-03-01 18:11:37,758 [pool-1045-thread-1] INFO  server.RaftServerConfigKeys (ConfUtils.java:logGet(44)) - raft.server.retrycache.expirytime = 600000ms (custom)
2021-03-01 18:11:37,758 [pool-1045-thread-1] INFO  server.RaftServerConfigKeys (ConfUtils.java:logGet(44)) - raft.server.retrycache.statistics.expirytime = 100?s (default)
2021-03-01 18:11:37,758 [pool-1045-thread-1] INFO  metrics.RatisMetrics (RatisMetrics.java:lambda$create$0(36)) - Creating Metrics Registry : ratis.leader_election.a5a3f093-0768-4d4b-b08f-053c130678b3@group-56E890C13FB3
2021-03-01 18:11:37,759 [pool-1045-thread-1] INFO  metrics.RatisMetrics (RatisMetrics.java:lambda$create$0(36)) - Creating Metrics Registry : ratis.server.a5a3f093-0768-4d4b-b08f-053c130678b3@group-56E890C13FB3
2021-03-01 18:11:37,761 [pool-1045-thread-1] INFO  server.RaftServer$Division (RaftServerImpl.java:start(295)) - a5a3f093-0768-4d4b-b08f-053c130678b3@group-56E890C13FB3: start as a follower, conf=-1: [f258d114-ea47-4d12-8964-639f425ab8d0|rpc:172.17.0.2:45265|dataStream:|priority:0, a5a3f093-0768-4d4b-b08f-053c130678b3|rpc:172.17.0.2:40499|dataStream:|priority:1, 0f049040-6e0c-4cd4-a487-c7f09e7e4ba1|rpc:172.17.0.2:45527|dataStream:|priority:0], old=null
2021-03-01 18:11:37,761 [pool-1045-thread-1] INFO  server.RaftServer$Division (RaftServerImpl.java:setRole(284)) - a5a3f093-0768-4d4b-b08f-053c130678b3@group-56E890C13FB3: changes role from      null to FOLLOWER at term 0 for startAsFollower
2021-03-01 18:11:37,761 [pool-1045-thread-1] INFO  impl.RoleInfo (RoleInfo.java:updateAndGet(130)) - a5a3f093-0768-4d4b-b08f-053c130678b3: start a5a3f093-0768-4d4b-b08f-053c130678b3@group-56E890C13FB3-FollowerState
2021-03-01 18:11:37,761 [pool-1045-thread-1] INFO  util.JmxRegister (JmxRegister.java:tryRegister(44)) - Successfully registered JMX Bean with object name Ratis:service=RaftServer,group=group-56E890C13FB3,id=a5a3f093-0768-4d4b-b08f-053c130678b3
2021-03-01 18:11:37,761 [pool-1045-thread-1] INFO  metrics.RatisMetrics (RatisMetrics.java:lambda$create$0(36)) - Creating Metrics Registry : ratis.state_machine.a5a3f093-0768-4d4b-b08f-053c130678b3@group-56E890C13FB3
2021-03-01 18:11:37,765 [Command processor thread] INFO  metrics.RatisMetrics (RatisMetrics.java:lambda$create$0(36)) - Creating Metrics Registry : ratis.client_message_metrics.client-CB99CB5C52E5->f258d114-ea47-4d12-8964-639f425ab8d0
2021-03-01 18:11:37,773 [grpc-default-executor-2] INFO  server.RaftServer (RaftServerProxy.java:addNew(95)) - f258d114-ea47-4d12-8964-639f425ab8d0: addNew group-56E890C13FB3:[f258d114-ea47-4d12-8964-639f425ab8d0|rpc:172.17.0.2:45265|dataStream:|priority:0, a5a3f093-0768-4d4b-b08f-053c130678b3|rpc:172.17.0.2:40499|dataStream:|priority:1, 0f049040-6e0c-4cd4-a487-c7f09e7e4ba1|rpc:172.17.0.2:45527|dataStream:|priority:0] returns group-56E890C13FB3:java.util.concurrent.CompletableFuture@51d755dd[Not completed]
2021-03-01 18:11:37,774 [pool-1029-thread-1] INFO  server.RaftServer$Division (RaftServerImpl.java:<init>(180)) - f258d114-ea47-4d12-8964-639f425ab8d0: new RaftServerImpl for group-56E890C13FB3:[f258d114-ea47-4d12-8964-639f425ab8d0|rpc:172.17.0.2:45265|dataStream:|priority:0, a5a3f093-0768-4d4b-b08f-053c130678b3|rpc:172.17.0.2:40499|dataStream:|priority:1, 0f049040-6e0c-4cd4-a487-c7f09e7e4ba1|rpc:172.17.0.2:45527|dataStream:|priority:0] with ContainerStateMachine:uninitialized
2021-03-01 18:11:37,774 [pool-1029-thread-1] INFO  server.RaftServerConfigKeys (ConfUtils.java:logGet(44)) - raft.server.rpc.timeout.min = 5s (custom)
2021-03-01 18:11:37,774 [pool-1029-thread-1] INFO  server.RaftServerConfigKeys (ConfUtils.java:logGet(44)) - raft.server.rpc.timeout.max = 5200ms (custom)
2021-03-01 18:11:37,774 [pool-1029-thread-1] INFO  server.RaftServerConfigKeys (ConfUtils.java:logGet(44)) - raft.server.rpc.sleep.time = 25ms (default)
2021-03-01 18:11:37,774 [pool-1029-thread-1] INFO  server.RaftServerConfigKeys (ConfUtils.java:logGet(44)) - raft.server.rpc.slowness.timeout = 300000ms (custom)
2021-03-01 18:11:37,774 [pool-1029-thread-1] INFO  server.RaftServerConfigKeys (ConfUtils.java:logGet(44)) - raft.server.leaderelection.leader.step-down.wait-time = 10s (default)
2021-03-01 18:11:37,774 [pool-1029-thread-1] INFO  server.RaftServerConfigKeys (ConfUtils.java:logGet(44)) - raft.server.sleep.deviation.threshold = 300ms (default)
2021-03-01 18:11:37,774 [pool-1029-thread-1] INFO  server.RaftServerConfigKeys (ConfUtils.java:logGet(44)) - raft.server.log.appender.install.snapshot.enabled = false (custom)
2021-03-01 18:11:37,774 [pool-1029-thread-1] INFO  server.RaftServer$Division (ServerState.java:<init>(105)) - f258d114-ea47-4d12-8964-639f425ab8d0@group-56E890C13FB3: ConfigurationManager, init=-1: [f258d114-ea47-4d12-8964-639f425ab8d0|rpc:172.17.0.2:45265|dataStream:|priority:0, a5a3f093-0768-4d4b-b08f-053c130678b3|rpc:172.17.0.2:40499|dataStream:|priority:1, 0f049040-6e0c-4cd4-a487-c7f09e7e4ba1|rpc:172.17.0.2:45527|dataStream:|priority:0], old=null, confs=<EMPTY_MAP>
2021-03-01 18:11:37,774 [pool-1029-thread-1] INFO  server.RaftServerConfigKeys (ConfUtils.java:logGet(44)) - raft.server.storage.dir = [/github/workspace/mnt/ozone/hadoop-ozone/integration-test/target/test-dir/MiniOzoneClusterImpl-5b5774a2-bf3c-4723-a113-e238e3f8131c/datanode-1/data/ratis] (custom)
2021-03-01 18:11:37,774 [pool-1029-thread-1] INFO  server.RaftServerConfigKeys (ConfUtils.java:logGet(44)) - raft.server.log.corruption.policy = EXCEPTION (default)
2021-03-01 18:11:37,775 [pool-1029-thread-1] INFO  storage.RaftStorageDirectory (RaftStorageDirectoryImpl.java:analyzeStorage(132)) - The storage directory /github/workspace/mnt/ozone/hadoop-ozone/integration-test/target/test-dir/MiniOzoneClusterImpl-5b5774a2-bf3c-4723-a113-e238e3f8131c/datanode-1/data/ratis/d7d51450-7844-4544-a5b2-56e890c13fb3 does not exist. Creating ...
2021-03-01 18:11:37,775 [pool-1029-thread-1] INFO  storage.RaftStorageDirectory (RaftStorageDirectoryImpl.java:tryLock(215)) - Lock on /github/workspace/mnt/ozone/hadoop-ozone/integration-test/target/test-dir/MiniOzoneClusterImpl-5b5774a2-bf3c-4723-a113-e238e3f8131c/datanode-1/data/ratis/d7d51450-7844-4544-a5b2-56e890c13fb3/in_use.lock acquired by nodename 4952@83787af071e2
2021-03-01 18:11:37,776 [pool-1029-thread-1] INFO  storage.RaftStorage (RaftStorageImpl.java:format(87)) - Storage directory /github/workspace/mnt/ozone/hadoop-ozone/integration-test/target/test-dir/MiniOzoneClusterImpl-5b5774a2-bf3c-4723-a113-e238e3f8131c/datanode-1/data/ratis/d7d51450-7844-4544-a5b2-56e890c13fb3 has been successfully formatted.
2021-03-01 18:11:37,776 [pool-1029-thread-1] INFO  ratis.ContainerStateMachine (ContainerStateMachine.java:loadSnapshot(223)) - group-56E890C13FB3: The snapshot info is null. Setting the last applied indexto:(t:0, i:~)
2021-03-01 18:11:37,777 [pool-1029-thread-1] ERROR storage.RaftStorage (RaftStorageImpl.java:readRaftConfiguration(147)) - Failed reading configuration from file:/github/workspace/mnt/ozone/hadoop-ozone/integration-test/target/test-dir/MiniOzoneClusterImpl-5b5774a2-bf3c-4723-a113-e238e3f8131c/datanode-1/data/ratis/d7d51450-7844-4544-a5b2-56e890c13fb3/current/raft-meta.conf
java.io.FileNotFoundException: /github/workspace/mnt/ozone/hadoop-ozone/integration-test/target/test-dir/MiniOzoneClusterImpl-5b5774a2-bf3c-4723-a113-e238e3f8131c/datanode-1/data/ratis/d7d51450-7844-4544-a5b2-56e890c13fb3/current/raft-meta.conf (No such file or directory)
	at java.io.FileInputStream.open0(Native Method)
	at java.io.FileInputStream.open(FileInputStream.java:195)
	at java.io.FileInputStream.<init>(FileInputStream.java:138)
	at org.apache.ratis.server.storage.RaftStorageImpl.readRaftConfiguration(RaftStorageImpl.java:143)
	at org.apache.ratis.server.impl.ServerState.<init>(ServerState.java:122)
	at org.apache.ratis.server.impl.RaftServerImpl.<init>(RaftServerImpl.java:193)
	at org.apache.ratis.server.impl.RaftServerProxy.lambda$newRaftServerImpl$4(RaftServerProxy.java:266)
	at java.util.concurrent.CompletableFuture$AsyncSupply.run(CompletableFuture.java:1604)
	at java.util.concurrent.ThreadPoolExecutor.runWorker(ThreadPoolExecutor.java:1149)
	at java.util.concurrent.ThreadPoolExecutor$Worker.run(ThreadPoolExecutor.java:624)
	at java.lang.Thread.run(Thread.java:748)
2021-03-01 18:11:37,777 [pool-1029-thread-1] INFO  server.RaftServerConfigKeys (ConfUtils.java:logGet(44)) - raft.server.notification.no-leader.timeout = 300000ms (custom)
2021-03-01 18:11:37,777 [pool-1029-thread-1] INFO  server.RaftServerConfigKeys (ConfUtils.java:logGet(44)) - raft.server.log.use.memory = false (default)
2021-03-01 18:11:37,777 [pool-1029-thread-1] INFO  server.RaftServerConfigKeys (ConfUtils.java:logGet(44)) - raft.server.log.purge.gap = 1000000 (custom)
2021-03-01 18:11:37,777 [pool-1029-thread-1] INFO  server.RaftServerConfigKeys (ConfUtils.java:logGet(44)) - raft.server.log.appender.buffer.byte-limit = 33554432 (custom)
2021-03-01 18:11:37,777 [pool-1029-thread-1] INFO  metrics.RatisMetrics (RatisMetrics.java:lambda$create$0(36)) - Creating Metrics Registry : ratis.log_worker.f258d114-ea47-4d12-8964-639f425ab8d0@group-56E890C13FB3
2021-03-01 18:11:37,777 [pool-1029-thread-1] INFO  server.RaftServerConfigKeys (ConfUtils.java:logGet(44)) - raft.server.log.segment.size.max = 1048576 (custom)
2021-03-01 18:11:37,778 [pool-1029-thread-1] INFO  server.RaftServerConfigKeys (ConfUtils.java:logGet(44)) - raft.server.log.segment.cache.num.max = 2 (custom)
2021-03-01 18:11:37,778 [pool-1029-thread-1] INFO  server.RaftServerConfigKeys (ConfUtils.java:logGet(44)) - raft.server.log.segment.cache.size.max = 200MB (=209715200) (default)
2021-03-01 18:11:37,778 [pool-1029-thread-1] INFO  segmented.SegmentedRaftLogWorker (SegmentedRaftLogWorker.java:<init>(181)) - new f258d114-ea47-4d12-8964-639f425ab8d0@group-56E890C13FB3-SegmentedRaftLogWorker for RaftStorageImpl:Storage Directory /github/workspace/mnt/ozone/hadoop-ozone/integration-test/target/test-dir/MiniOzoneClusterImpl-5b5774a2-bf3c-4723-a113-e238e3f8131c/datanode-1/data/ratis/d7d51450-7844-4544-a5b2-56e890c13fb3
2021-03-01 18:11:37,778 [pool-1029-thread-1] INFO  server.RaftServerConfigKeys (ConfUtils.java:logGet(44)) - raft.server.log.queue.byte-limit = 2147483647 (custom)
2021-03-01 18:11:37,778 [pool-1029-thread-1] INFO  server.RaftServerConfigKeys (ConfUtils.java:logGet(44)) - raft.server.log.queue.element-limit = 1024 (custom)
2021-03-01 18:11:37,778 [pool-1029-thread-1] INFO  server.RaftServerConfigKeys (ConfUtils.java:logGet(44)) - raft.server.log.segment.size.max = 1048576 (custom)
2021-03-01 18:11:37,778 [pool-1029-thread-1] INFO  server.RaftServerConfigKeys (ConfUtils.java:logGet(44)) - raft.server.log.preallocated.size = 16384 (custom)
2021-03-01 18:11:37,778 [pool-1029-thread-1] INFO  server.RaftServerConfigKeys (ConfUtils.java:logGet(44)) - raft.server.log.force.sync.num = 128 (default)
2021-03-01 18:11:37,778 [pool-1029-thread-1] INFO  server.RaftServerConfigKeys (ConfUtils.java:logGet(44)) - raft.server.log.statemachine.data.sync = true (default)
2021-03-01 18:11:37,779 [pool-1029-thread-1] INFO  server.RaftServerConfigKeys (ConfUtils.java:logGet(44)) - raft.server.log.statemachine.data.sync.timeout = 10s (default)
2021-03-01 18:11:37,779 [pool-1029-thread-1] INFO  server.RaftServerConfigKeys (ConfUtils.java:logGet(44)) - raft.server.log.statemachine.data.sync.timeout.retry = -1 (default)
2021-03-01 18:11:37,781 [pool-1029-thread-1] INFO  server.RaftServerConfigKeys (ConfUtils.java:logGet(44)) - raft.server.log.write.buffer.size = 1048576 (custom)
2021-03-01 18:11:37,781 [pool-1029-thread-1] INFO  server.RaftServerConfigKeys (ConfUtils.java:logGet(44)) - raft.server.log.statemachine.data.caching.enabled = true (custom)
2021-03-01 18:11:37,781 [pool-1029-thread-1] INFO  segmented.SegmentedRaftLogWorker (SegmentedRaftLogWorker.java:lambda$new$0(132)) - f258d114-ea47-4d12-8964-639f425ab8d0@group-56E890C13FB3-SegmentedRaftLogWorker: flushIndex: setUnconditionally 0 -> -1
2021-03-01 18:11:37,781 [pool-1029-thread-1] INFO  segmented.SegmentedRaftLogWorker (SegmentedRaftLogWorker.java:lambda$new$0(132)) - f258d114-ea47-4d12-8964-639f425ab8d0@group-56E890C13FB3-SegmentedRaftLogWorker: safeCacheEvictIndex: setUnconditionally 0 -> -1
2021-03-01 18:11:37,787 [pool-1029-thread-1] INFO  server.RaftServerConfigKeys (ConfUtils.java:logGet(44)) - raft.server.snapshot.auto.trigger.enabled = true (custom)
2021-03-01 18:11:37,787 [pool-1029-thread-1] INFO  server.RaftServerConfigKeys (ConfUtils.java:logGet(44)) - raft.server.snapshot.auto.trigger.threshold = 10000 (custom)
2021-03-01 18:11:37,787 [pool-1029-thread-1] INFO  server.RaftServerConfigKeys (ConfUtils.java:logGet(44)) - raft.server.snapshot.retention.file.num = 5 (custom)
2021-03-01 18:11:37,787 [pool-1029-thread-1] INFO  server.RaftServerConfigKeys (ConfUtils.java:logGet(44)) - raft.server.log.purge.upto.snapshot.index = false (default)
2021-03-01 18:11:37,787 [pool-1029-thread-1] INFO  server.RaftServerConfigKeys (ConfUtils.java:logGet(44)) - raft.server.retrycache.expirytime = 600000ms (custom)
2021-03-01 18:11:37,787 [pool-1029-thread-1] INFO  server.RaftServerConfigKeys (ConfUtils.java:logGet(44)) - raft.server.retrycache.statistics.expirytime = 100?s (default)
2021-03-01 18:11:37,787 [pool-1029-thread-1] INFO  metrics.RatisMetrics (RatisMetrics.java:lambda$create$0(36)) - Creating Metrics Registry : ratis.leader_election.f258d114-ea47-4d12-8964-639f425ab8d0@group-56E890C13FB3
2021-03-01 18:11:37,788 [pool-1029-thread-1] INFO  metrics.RatisMetrics (RatisMetrics.java:lambda$create$0(36)) - Creating Metrics Registry : ratis.server.f258d114-ea47-4d12-8964-639f425ab8d0@group-56E890C13FB3
2021-03-01 18:11:37,790 [pool-1029-thread-1] INFO  server.RaftServer$Division (RaftServerImpl.java:start(295)) - f258d114-ea47-4d12-8964-639f425ab8d0@group-56E890C13FB3: start as a follower, conf=-1: [f258d114-ea47-4d12-8964-639f425ab8d0|rpc:172.17.0.2:45265|dataStream:|priority:0, a5a3f093-0768-4d4b-b08f-053c130678b3|rpc:172.17.0.2:40499|dataStream:|priority:1, 0f049040-6e0c-4cd4-a487-c7f09e7e4ba1|rpc:172.17.0.2:45527|dataStream:|priority:0], old=null
2021-03-01 18:11:37,790 [pool-1029-thread-1] INFO  server.RaftServer$Division (RaftServerImpl.java:setRole(284)) - f258d114-ea47-4d12-8964-639f425ab8d0@group-56E890C13FB3: changes role from      null to FOLLOWER at term 0 for startAsFollower
2021-03-01 18:11:37,790 [pool-1029-thread-1] INFO  impl.RoleInfo (RoleInfo.java:updateAndGet(130)) - f258d114-ea47-4d12-8964-639f425ab8d0: start f258d114-ea47-4d12-8964-639f425ab8d0@group-56E890C13FB3-FollowerState
2021-03-01 18:11:37,790 [EventQueue-PipelineReportForOneReplicaPipelineSafeModeRule] INFO  safemode.SCMSafeModeManager (SCMSafeModeManager.java:validateSafeModeExitRules(214)) - AtleastOneDatanodeReportedRule rule is successfully validated
2021-03-01 18:11:37,791 [pool-1029-thread-1] INFO  util.JmxRegister (JmxRegister.java:tryRegister(44)) - Successfully registered JMX Bean with object name Ratis:service=RaftServer,group=group-56E890C13FB3,id=f258d114-ea47-4d12-8964-639f425ab8d0
2021-03-01 18:11:37,791 [pool-1029-thread-1] INFO  metrics.RatisMetrics (RatisMetrics.java:lambda$create$0(36)) - Creating Metrics Registry : ratis.state_machine.f258d114-ea47-4d12-8964-639f425ab8d0@group-56E890C13FB3
2021-03-01 18:11:37,796 [Command processor thread] INFO  commandhandler.CreatePipelineCommandHandler (CreatePipelineCommandHandler.java:handle(106)) - Created Pipeline RATIS THREE PipelineID=d7d51450-7844-4544-a5b2-56e890c13fb3.
2021-03-01 18:11:37,796 [Command processor thread] INFO  server.RaftServer (RaftServerProxy.java:addNew(95)) - 0f049040-6e0c-4cd4-a487-c7f09e7e4ba1: addNew group-617FBAE04F80:[f258d114-ea47-4d12-8964-639f425ab8d0|rpc:172.17.0.2:45265|priority:1, a5a3f093-0768-4d4b-b08f-053c130678b3|rpc:172.17.0.2:40499|priority:0, 0f049040-6e0c-4cd4-a487-c7f09e7e4ba1|rpc:172.17.0.2:45527|priority:0] returns group-617FBAE04F80:java.util.concurrent.CompletableFuture@6576771b[Not completed]
2021-03-01 18:11:37,796 [pool-1013-thread-1] INFO  server.RaftServer$Division (RaftServerImpl.java:<init>(180)) - 0f049040-6e0c-4cd4-a487-c7f09e7e4ba1: new RaftServerImpl for group-617FBAE04F80:[f258d114-ea47-4d12-8964-639f425ab8d0|rpc:172.17.0.2:45265|priority:1, a5a3f093-0768-4d4b-b08f-053c130678b3|rpc:172.17.0.2:40499|priority:0, 0f049040-6e0c-4cd4-a487-c7f09e7e4ba1|rpc:172.17.0.2:45527|priority:0] with ContainerStateMachine:uninitialized
2021-03-01 18:11:37,796 [pool-1013-thread-1] INFO  server.RaftServerConfigKeys (ConfUtils.java:logGet(44)) - raft.server.rpc.timeout.min = 5s (custom)
2021-03-01 18:11:37,796 [pool-1013-thread-1] INFO  server.RaftServerConfigKeys (ConfUtils.java:logGet(44)) - raft.server.rpc.timeout.max = 5200ms (custom)
2021-03-01 18:11:37,796 [pool-1013-thread-1] INFO  server.RaftServerConfigKeys (ConfUtils.java:logGet(44)) - raft.server.rpc.sleep.time = 25ms (default)
2021-03-01 18:11:37,796 [pool-1013-thread-1] INFO  server.RaftServerConfigKeys (ConfUtils.java:logGet(44)) - raft.server.rpc.slowness.timeout = 300000ms (custom)
2021-03-01 18:11:37,796 [pool-1013-thread-1] INFO  server.RaftServerConfigKeys (ConfUtils.java:logGet(44)) - raft.server.leaderelection.leader.step-down.wait-time = 10s (default)
2021-03-01 18:11:37,796 [pool-1013-thread-1] INFO  server.RaftServerConfigKeys (ConfUtils.java:logGet(44)) - raft.server.sleep.deviation.threshold = 300ms (default)
2021-03-01 18:11:37,796 [pool-1013-thread-1] INFO  server.RaftServerConfigKeys (ConfUtils.java:logGet(44)) - raft.server.log.appender.install.snapshot.enabled = false (custom)
2021-03-01 18:11:37,796 [pool-1013-thread-1] INFO  server.RaftServer$Division (ServerState.java:<init>(105)) - 0f049040-6e0c-4cd4-a487-c7f09e7e4ba1@group-617FBAE04F80: ConfigurationManager, init=-1: [f258d114-ea47-4d12-8964-639f425ab8d0|rpc:172.17.0.2:45265|priority:1, a5a3f093-0768-4d4b-b08f-053c130678b3|rpc:172.17.0.2:40499|priority:0, 0f049040-6e0c-4cd4-a487-c7f09e7e4ba1|rpc:172.17.0.2:45527|priority:0], old=null, confs=<EMPTY_MAP>
2021-03-01 18:11:37,797 [pool-1013-thread-1] INFO  server.RaftServerConfigKeys (ConfUtils.java:logGet(44)) - raft.server.storage.dir = [/github/workspace/mnt/ozone/hadoop-ozone/integration-test/target/test-dir/MiniOzoneClusterImpl-5b5774a2-bf3c-4723-a113-e238e3f8131c/datanode-0/data/ratis] (custom)
2021-03-01 18:11:37,797 [pool-1013-thread-1] INFO  server.RaftServerConfigKeys (ConfUtils.java:logGet(44)) - raft.server.log.corruption.policy = EXCEPTION (default)
2021-03-01 18:11:37,797 [pool-1013-thread-1] INFO  storage.RaftStorageDirectory (RaftStorageDirectoryImpl.java:analyzeStorage(132)) - The storage directory /github/workspace/mnt/ozone/hadoop-ozone/integration-test/target/test-dir/MiniOzoneClusterImpl-5b5774a2-bf3c-4723-a113-e238e3f8131c/datanode-0/data/ratis/da80ac3f-35d5-4acd-b79a-617fbae04f80 does not exist. Creating ...
2021-03-01 18:11:37,798 [pool-1013-thread-1] INFO  storage.RaftStorageDirectory (RaftStorageDirectoryImpl.java:tryLock(215)) - Lock on /github/workspace/mnt/ozone/hadoop-ozone/integration-test/target/test-dir/MiniOzoneClusterImpl-5b5774a2-bf3c-4723-a113-e238e3f8131c/datanode-0/data/ratis/da80ac3f-35d5-4acd-b79a-617fbae04f80/in_use.lock acquired by nodename 4952@83787af071e2
2021-03-01 18:11:37,798 [pool-1013-thread-1] INFO  storage.RaftStorage (RaftStorageImpl.java:format(87)) - Storage directory /github/workspace/mnt/ozone/hadoop-ozone/integration-test/target/test-dir/MiniOzoneClusterImpl-5b5774a2-bf3c-4723-a113-e238e3f8131c/datanode-0/data/ratis/da80ac3f-35d5-4acd-b79a-617fbae04f80 has been successfully formatted.
2021-03-01 18:11:37,799 [pool-1013-thread-1] INFO  ratis.ContainerStateMachine (ContainerStateMachine.java:loadSnapshot(223)) - group-617FBAE04F80: The snapshot info is null. Setting the last applied indexto:(t:0, i:~)
2021-03-01 18:11:37,799 [pool-1013-thread-1] ERROR storage.RaftStorage (RaftStorageImpl.java:readRaftConfiguration(147)) - Failed reading configuration from file:/github/workspace/mnt/ozone/hadoop-ozone/integration-test/target/test-dir/MiniOzoneClusterImpl-5b5774a2-bf3c-4723-a113-e238e3f8131c/datanode-0/data/ratis/da80ac3f-35d5-4acd-b79a-617fbae04f80/current/raft-meta.conf
java.io.FileNotFoundException: /github/workspace/mnt/ozone/hadoop-ozone/integration-test/target/test-dir/MiniOzoneClusterImpl-5b5774a2-bf3c-4723-a113-e238e3f8131c/datanode-0/data/ratis/da80ac3f-35d5-4acd-b79a-617fbae04f80/current/raft-meta.conf (No such file or directory)
	at java.io.FileInputStream.open0(Native Method)
	at java.io.FileInputStream.open(FileInputStream.java:195)
	at java.io.FileInputStream.<init>(FileInputStream.java:138)
	at org.apache.ratis.server.storage.RaftStorageImpl.readRaftConfiguration(RaftStorageImpl.java:143)
	at org.apache.ratis.server.impl.ServerState.<init>(ServerState.java:122)
	at org.apache.ratis.server.impl.RaftServerImpl.<init>(RaftServerImpl.java:193)
	at org.apache.ratis.server.impl.RaftServerProxy.lambda$newRaftServerImpl$4(RaftServerProxy.java:266)
	at java.util.concurrent.CompletableFuture$AsyncSupply.run(CompletableFuture.java:1604)
	at java.util.concurrent.ThreadPoolExecutor.runWorker(ThreadPoolExecutor.java:1149)
	at java.util.concurrent.ThreadPoolExecutor$Worker.run(ThreadPoolExecutor.java:624)
	at java.lang.Thread.run(Thread.java:748)
2021-03-01 18:11:37,799 [pool-1013-thread-1] INFO  server.RaftServerConfigKeys (ConfUtils.java:logGet(44)) - raft.server.notification.no-leader.timeout = 300000ms (custom)
2021-03-01 18:11:37,799 [pool-1013-thread-1] INFO  server.RaftServerConfigKeys (ConfUtils.java:logGet(44)) - raft.server.log.use.memory = false (default)
2021-03-01 18:11:37,799 [pool-1013-thread-1] INFO  server.RaftServerConfigKeys (ConfUtils.java:logGet(44)) - raft.server.log.purge.gap = 1000000 (custom)
2021-03-01 18:11:37,799 [pool-1013-thread-1] INFO  server.RaftServerConfigKeys (ConfUtils.java:logGet(44)) - raft.server.log.appender.buffer.byte-limit = 33554432 (custom)
2021-03-01 18:11:37,799 [pool-1013-thread-1] INFO  metrics.RatisMetrics (RatisMetrics.java:lambda$create$0(36)) - Creating Metrics Registry : ratis.log_worker.0f049040-6e0c-4cd4-a487-c7f09e7e4ba1@group-617FBAE04F80
2021-03-01 18:11:37,799 [EventQueue-PipelineReportForOneReplicaPipelineSafeModeRule] INFO  safemode.SCMSafeModeManager (SCMSafeModeManager.java:validateSafeModeExitRules(214)) - AtleastOneDatanodeReportedRule rule is successfully validated
2021-03-01 18:11:37,799 [EventQueue-OpenPipelineForHealthyPipelineSafeModeRule] INFO  safemode.SCMSafeModeManager (HealthyPipelineSafeModeRule.java:process(128)) - SCM in safe mode. Healthy pipelines reported count is 0, required healthy pipeline reported count is 1
2021-03-01 18:11:37,799 [pool-1013-thread-1] INFO  server.RaftServerConfigKeys (ConfUtils.java:logGet(44)) - raft.server.log.segment.size.max = 1048576 (custom)
2021-03-01 18:11:37,800 [pool-1013-thread-1] INFO  server.RaftServerConfigKeys (ConfUtils.java:logGet(44)) - raft.server.log.segment.cache.num.max = 2 (custom)
2021-03-01 18:11:37,800 [pool-1013-thread-1] INFO  server.RaftServerConfigKeys (ConfUtils.java:logGet(44)) - raft.server.log.segment.cache.size.max = 200MB (=209715200) (default)
2021-03-01 18:11:37,801 [pool-1013-thread-1] INFO  segmented.SegmentedRaftLogWorker (SegmentedRaftLogWorker.java:<init>(181)) - new 0f049040-6e0c-4cd4-a487-c7f09e7e4ba1@group-617FBAE04F80-SegmentedRaftLogWorker for RaftStorageImpl:Storage Directory /github/workspace/mnt/ozone/hadoop-ozone/integration-test/target/test-dir/MiniOzoneClusterImpl-5b5774a2-bf3c-4723-a113-e238e3f8131c/datanode-0/data/ratis/da80ac3f-35d5-4acd-b79a-617fbae04f80
2021-03-01 18:11:37,801 [pool-1013-thread-1] INFO  server.RaftServerConfigKeys (ConfUtils.java:logGet(44)) - raft.server.log.queue.byte-limit = 2147483647 (custom)
2021-03-01 18:11:37,801 [pool-1013-thread-1] INFO  server.RaftServerConfigKeys (ConfUtils.java:logGet(44)) - raft.server.log.queue.element-limit = 1024 (custom)
2021-03-01 18:11:37,801 [pool-1013-thread-1] INFO  server.RaftServerConfigKeys (ConfUtils.java:logGet(44)) - raft.server.log.segment.size.max = 1048576 (custom)
2021-03-01 18:11:37,801 [pool-1013-thread-1] INFO  server.RaftServerConfigKeys (ConfUtils.java:logGet(44)) - raft.server.log.preallocated.size = 16384 (custom)
2021-03-01 18:11:37,801 [pool-1013-thread-1] INFO  server.RaftServerConfigKeys (ConfUtils.java:logGet(44)) - raft.server.log.force.sync.num = 128 (default)
2021-03-01 18:11:37,801 [pool-1013-thread-1] INFO  server.RaftServerConfigKeys (ConfUtils.java:logGet(44)) - raft.server.log.statemachine.data.sync = true (default)
2021-03-01 18:11:37,801 [pool-1013-thread-1] INFO  server.RaftServerConfigKeys (ConfUtils.java:logGet(44)) - raft.server.log.statemachine.data.sync.timeout = 10s (default)
2021-03-01 18:11:37,801 [pool-1013-thread-1] INFO  server.RaftServerConfigKeys (ConfUtils.java:logGet(44)) - raft.server.log.statemachine.data.sync.timeout.retry = -1 (default)
2021-03-01 18:11:37,803 [pool-1013-thread-1] INFO  server.RaftServerConfigKeys (ConfUtils.java:logGet(44)) - raft.server.log.write.buffer.size = 1048576 (custom)
2021-03-01 18:11:37,804 [pool-1013-thread-1] INFO  server.RaftServerConfigKeys (ConfUtils.java:logGet(44)) - raft.server.log.statemachine.data.caching.enabled = true (custom)
2021-03-01 18:11:37,804 [pool-1013-thread-1] INFO  segmented.SegmentedRaftLogWorker (SegmentedRaftLogWorker.java:lambda$new$0(132)) - 0f049040-6e0c-4cd4-a487-c7f09e7e4ba1@group-617FBAE04F80-SegmentedRaftLogWorker: flushIndex: setUnconditionally 0 -> -1
2021-03-01 18:11:37,804 [pool-1013-thread-1] INFO  segmented.SegmentedRaftLogWorker (SegmentedRaftLogWorker.java:lambda$new$0(132)) - 0f049040-6e0c-4cd4-a487-c7f09e7e4ba1@group-617FBAE04F80-SegmentedRaftLogWorker: safeCacheEvictIndex: setUnconditionally 0 -> -1
2021-03-01 18:11:37,804 [pool-1013-thread-1] INFO  server.RaftServerConfigKeys (ConfUtils.java:logGet(44)) - raft.server.snapshot.auto.trigger.enabled = true (custom)
2021-03-01 18:11:37,804 [pool-1013-thread-1] INFO  server.RaftServerConfigKeys (ConfUtils.java:logGet(44)) - raft.server.snapshot.auto.trigger.threshold = 10000 (custom)
2021-03-01 18:11:37,805 [pool-1013-thread-1] INFO  server.RaftServerConfigKeys (ConfUtils.java:logGet(44)) - raft.server.snapshot.retention.file.num = 5 (custom)
2021-03-01 18:11:37,805 [pool-1013-thread-1] INFO  server.RaftServerConfigKeys (ConfUtils.java:logGet(44)) - raft.server.log.purge.upto.snapshot.index = false (default)
2021-03-01 18:11:37,805 [pool-1013-thread-1] INFO  server.RaftServerConfigKeys (ConfUtils.java:logGet(44)) - raft.server.retrycache.expirytime = 600000ms (custom)
2021-03-01 18:11:37,805 [pool-1013-thread-1] INFO  server.RaftServerConfigKeys (ConfUtils.java:logGet(44)) - raft.server.retrycache.statistics.expirytime = 100?s (default)
2021-03-01 18:11:37,805 [pool-1013-thread-1] INFO  metrics.RatisMetrics (RatisMetrics.java:lambda$create$0(36)) - Creating Metrics Registry : ratis.leader_election.0f049040-6e0c-4cd4-a487-c7f09e7e4ba1@group-617FBAE04F80
2021-03-01 18:11:37,806 [pool-1013-thread-1] INFO  metrics.RatisMetrics (RatisMetrics.java:lambda$create$0(36)) - Creating Metrics Registry : ratis.server.0f049040-6e0c-4cd4-a487-c7f09e7e4ba1@group-617FBAE04F80
2021-03-01 18:11:37,806 [Command processor thread] INFO  server.RaftServer (RaftServerProxy.java:addNew(95)) - f258d114-ea47-4d12-8964-639f425ab8d0: addNew group-C1D2D21887D4:[f258d114-ea47-4d12-8964-639f425ab8d0|rpc:172.17.0.2:45265|priority:1] returns group-C1D2D21887D4:java.util.concurrent.CompletableFuture@1217d297[Not completed]
2021-03-01 18:11:37,807 [pool-1029-thread-1] INFO  server.RaftServer$Division (RaftServerImpl.java:<init>(180)) - f258d114-ea47-4d12-8964-639f425ab8d0: new RaftServerImpl for group-C1D2D21887D4:[f258d114-ea47-4d12-8964-639f425ab8d0|rpc:172.17.0.2:45265|priority:1] with ContainerStateMachine:uninitialized
2021-03-01 18:11:37,807 [pool-1029-thread-1] INFO  server.RaftServerConfigKeys (ConfUtils.java:logGet(44)) - raft.server.rpc.timeout.min = 5s (custom)
2021-03-01 18:11:37,807 [pool-1029-thread-1] INFO  server.RaftServerConfigKeys (ConfUtils.java:logGet(44)) - raft.server.rpc.timeout.max = 5200ms (custom)
2021-03-01 18:11:37,807 [pool-1029-thread-1] INFO  server.RaftServerConfigKeys (ConfUtils.java:logGet(44)) - raft.server.rpc.sleep.time = 25ms (default)
2021-03-01 18:11:37,807 [pool-1029-thread-1] INFO  server.RaftServerConfigKeys (ConfUtils.java:logGet(44)) - raft.server.rpc.slowness.timeout = 300000ms (custom)
2021-03-01 18:11:37,807 [pool-1029-thread-1] INFO  server.RaftServerConfigKeys (ConfUtils.java:logGet(44)) - raft.server.leaderelection.leader.step-down.wait-time = 10s (default)
2021-03-01 18:11:37,807 [pool-1029-thread-1] INFO  server.RaftServerConfigKeys (ConfUtils.java:logGet(44)) - raft.server.sleep.deviation.threshold = 300ms (default)
2021-03-01 18:11:37,807 [pool-1029-thread-1] INFO  server.RaftServerConfigKeys (ConfUtils.java:logGet(44)) - raft.server.log.appender.install.snapshot.enabled = false (custom)
2021-03-01 18:11:37,807 [pool-1029-thread-1] INFO  server.RaftServer$Division (ServerState.java:<init>(105)) - f258d114-ea47-4d12-8964-639f425ab8d0@group-C1D2D21887D4: ConfigurationManager, init=-1: [f258d114-ea47-4d12-8964-639f425ab8d0|rpc:172.17.0.2:45265|priority:1], old=null, confs=<EMPTY_MAP>
2021-03-01 18:11:37,807 [pool-1029-thread-1] INFO  server.RaftServerConfigKeys (ConfUtils.java:logGet(44)) - raft.server.storage.dir = [/github/workspace/mnt/ozone/hadoop-ozone/integration-test/target/test-dir/MiniOzoneClusterImpl-5b5774a2-bf3c-4723-a113-e238e3f8131c/datanode-1/data/ratis] (custom)
2021-03-01 18:11:37,807 [pool-1029-thread-1] INFO  server.RaftServerConfigKeys (ConfUtils.java:logGet(44)) - raft.server.log.corruption.policy = EXCEPTION (default)
2021-03-01 18:11:37,808 [pool-1013-thread-1] INFO  server.RaftServer$Division (RaftServerImpl.java:start(295)) - 0f049040-6e0c-4cd4-a487-c7f09e7e4ba1@group-617FBAE04F80: start as a follower, conf=-1: [f258d114-ea47-4d12-8964-639f425ab8d0|rpc:172.17.0.2:45265|priority:1, a5a3f093-0768-4d4b-b08f-053c130678b3|rpc:172.17.0.2:40499|priority:0, 0f049040-6e0c-4cd4-a487-c7f09e7e4ba1|rpc:172.17.0.2:45527|priority:0], old=null
2021-03-01 18:11:37,808 [pool-1013-thread-1] INFO  server.RaftServer$Division (RaftServerImpl.java:setRole(284)) - 0f049040-6e0c-4cd4-a487-c7f09e7e4ba1@group-617FBAE04F80: changes role from      null to FOLLOWER at term 0 for startAsFollower
2021-03-01 18:11:37,808 [pool-1013-thread-1] INFO  impl.RoleInfo (RoleInfo.java:updateAndGet(130)) - 0f049040-6e0c-4cd4-a487-c7f09e7e4ba1: start 0f049040-6e0c-4cd4-a487-c7f09e7e4ba1@group-617FBAE04F80-FollowerState
2021-03-01 18:11:37,808 [pool-1029-thread-1] INFO  storage.RaftStorageDirectory (RaftStorageDirectoryImpl.java:analyzeStorage(132)) - The storage directory /github/workspace/mnt/ozone/hadoop-ozone/integration-test/target/test-dir/MiniOzoneClusterImpl-5b5774a2-bf3c-4723-a113-e238e3f8131c/datanode-1/data/ratis/625e2d19-b980-4c0a-8209-c1d2d21887d4 does not exist. Creating ...
2021-03-01 18:11:37,808 [pool-1013-thread-1] INFO  util.JmxRegister (JmxRegister.java:tryRegister(44)) - Successfully registered JMX Bean with object name Ratis:service=RaftServer,group=group-617FBAE04F80,id=0f049040-6e0c-4cd4-a487-c7f09e7e4ba1
2021-03-01 18:11:37,808 [pool-1013-thread-1] INFO  metrics.RatisMetrics (RatisMetrics.java:lambda$create$0(36)) - Creating Metrics Registry : ratis.state_machine.0f049040-6e0c-4cd4-a487-c7f09e7e4ba1@group-617FBAE04F80
2021-03-01 18:11:37,809 [pool-1029-thread-1] INFO  storage.RaftStorageDirectory (RaftStorageDirectoryImpl.java:tryLock(215)) - Lock on /github/workspace/mnt/ozone/hadoop-ozone/integration-test/target/test-dir/MiniOzoneClusterImpl-5b5774a2-bf3c-4723-a113-e238e3f8131c/datanode-1/data/ratis/625e2d19-b980-4c0a-8209-c1d2d21887d4/in_use.lock acquired by nodename 4952@83787af071e2
2021-03-01 18:11:37,809 [pool-1029-thread-1] INFO  storage.RaftStorage (RaftStorageImpl.java:format(87)) - Storage directory /github/workspace/mnt/ozone/hadoop-ozone/integration-test/target/test-dir/MiniOzoneClusterImpl-5b5774a2-bf3c-4723-a113-e238e3f8131c/datanode-1/data/ratis/625e2d19-b980-4c0a-8209-c1d2d21887d4 has been successfully formatted.
2021-03-01 18:11:37,809 [pool-1029-thread-1] INFO  ratis.ContainerStateMachine (ContainerStateMachine.java:loadSnapshot(223)) - group-C1D2D21887D4: The snapshot info is null. Setting the last applied indexto:(t:0, i:~)
2021-03-01 18:11:37,809 [pool-1029-thread-1] ERROR storage.RaftStorage (RaftStorageImpl.java:readRaftConfiguration(147)) - Failed reading configuration from file:/github/workspace/mnt/ozone/hadoop-ozone/integration-test/target/test-dir/MiniOzoneClusterImpl-5b5774a2-bf3c-4723-a113-e238e3f8131c/datanode-1/data/ratis/625e2d19-b980-4c0a-8209-c1d2d21887d4/current/raft-meta.conf
java.io.FileNotFoundException: /github/workspace/mnt/ozone/hadoop-ozone/integration-test/target/test-dir/MiniOzoneClusterImpl-5b5774a2-bf3c-4723-a113-e238e3f8131c/datanode-1/data/ratis/625e2d19-b980-4c0a-8209-c1d2d21887d4/current/raft-meta.conf (No such file or directory)
	at java.io.FileInputStream.open0(Native Method)
	at java.io.FileInputStream.open(FileInputStream.java:195)
	at java.io.FileInputStream.<init>(FileInputStream.java:138)
	at org.apache.ratis.server.storage.RaftStorageImpl.readRaftConfiguration(RaftStorageImpl.java:143)
	at org.apache.ratis.server.impl.ServerState.<init>(ServerState.java:122)
	at org.apache.ratis.server.impl.RaftServerImpl.<init>(RaftServerImpl.java:193)
	at org.apache.ratis.server.impl.RaftServerProxy.lambda$newRaftServerImpl$4(RaftServerProxy.java:266)
	at java.util.concurrent.CompletableFuture$AsyncSupply.run(CompletableFuture.java:1604)
	at java.util.concurrent.ThreadPoolExecutor.runWorker(ThreadPoolExecutor.java:1149)
	at java.util.concurrent.ThreadPoolExecutor$Worker.run(ThreadPoolExecutor.java:624)
	at java.lang.Thread.run(Thread.java:748)
2021-03-01 18:11:37,810 [pool-1029-thread-1] INFO  server.RaftServerConfigKeys (ConfUtils.java:logGet(44)) - raft.server.notification.no-leader.timeout = 300000ms (custom)
2021-03-01 18:11:37,810 [pool-1029-thread-1] INFO  server.RaftServerConfigKeys (ConfUtils.java:logGet(44)) - raft.server.log.use.memory = false (default)
2021-03-01 18:11:37,810 [pool-1029-thread-1] INFO  server.RaftServerConfigKeys (ConfUtils.java:logGet(44)) - raft.server.log.purge.gap = 1000000 (custom)
2021-03-01 18:11:37,810 [pool-1029-thread-1] INFO  server.RaftServerConfigKeys (ConfUtils.java:logGet(44)) - raft.server.log.appender.buffer.byte-limit = 33554432 (custom)
2021-03-01 18:11:37,810 [pool-1029-thread-1] INFO  metrics.RatisMetrics (RatisMetrics.java:lambda$create$0(36)) - Creating Metrics Registry : ratis.log_worker.f258d114-ea47-4d12-8964-639f425ab8d0@group-C1D2D21887D4
2021-03-01 18:11:37,810 [Command processor thread] INFO  metrics.RatisMetrics (RatisMetrics.java:lambda$create$0(36)) - Creating Metrics Registry : ratis.client_message_metrics.client-1A8C97C620FB->f258d114-ea47-4d12-8964-639f425ab8d0
2021-03-01 18:11:37,810 [pool-1029-thread-1] INFO  server.RaftServerConfigKeys (ConfUtils.java:logGet(44)) - raft.server.log.segment.size.max = 1048576 (custom)
2021-03-01 18:11:37,811 [EventQueue-PipelineReportForPipelineReportHandler] INFO  pipeline.PipelineStateManager (PipelineStateManager.java:openPipeline(132)) - Pipeline Pipeline[ Id: 625e2d19-b980-4c0a-8209-c1d2d21887d4, Nodes: f258d114-ea47-4d12-8964-639f425ab8d0{ip: 172.17.0.2, host: 83787af071e2, ports: [REPLICATION=37693, RATIS=45265, RATIS_ADMIN=45265, RATIS_SERVER=45265, STANDALONE=34123], networkLocation: /default-rack, certSerialId: null, persistedOpState: IN_SERVICE, persistedOpStateExpiryEpochSec: 0}, Type:RATIS, Factor:ONE, State:ALLOCATED, leaderId:f258d114-ea47-4d12-8964-639f425ab8d0, CreationTimestamp2021-03-01T18:11:34.809Z] moved to OPEN state
2021-03-01 18:11:37,811 [pool-1029-thread-1] INFO  server.RaftServerConfigKeys (ConfUtils.java:logGet(44)) - raft.server.log.segment.cache.num.max = 2 (custom)
2021-03-01 18:11:37,811 [pool-1029-thread-1] INFO  server.RaftServerConfigKeys (ConfUtils.java:logGet(44)) - raft.server.log.segment.cache.size.max = 200MB (=209715200) (default)
2021-03-01 18:11:37,811 [pool-1029-thread-1] INFO  segmented.SegmentedRaftLogWorker (SegmentedRaftLogWorker.java:<init>(181)) - new f258d114-ea47-4d12-8964-639f425ab8d0@group-C1D2D21887D4-SegmentedRaftLogWorker for RaftStorageImpl:Storage Directory /github/workspace/mnt/ozone/hadoop-ozone/integration-test/target/test-dir/MiniOzoneClusterImpl-5b5774a2-bf3c-4723-a113-e238e3f8131c/datanode-1/data/ratis/625e2d19-b980-4c0a-8209-c1d2d21887d4
2021-03-01 18:11:37,811 [pool-1029-thread-1] INFO  server.RaftServerConfigKeys (ConfUtils.java:logGet(44)) - raft.server.log.queue.byte-limit = 2147483647 (custom)
2021-03-01 18:11:37,811 [pool-1029-thread-1] INFO  server.RaftServerConfigKeys (ConfUtils.java:logGet(44)) - raft.server.log.queue.element-limit = 1024 (custom)
2021-03-01 18:11:37,811 [pool-1029-thread-1] INFO  server.RaftServerConfigKeys (ConfUtils.java:logGet(44)) - raft.server.log.segment.size.max = 1048576 (custom)
2021-03-01 18:11:37,811 [pool-1029-thread-1] INFO  server.RaftServerConfigKeys (ConfUtils.java:logGet(44)) - raft.server.log.preallocated.size = 16384 (custom)
2021-03-01 18:11:37,811 [pool-1029-thread-1] INFO  server.RaftServerConfigKeys (ConfUtils.java:logGet(44)) - raft.server.log.force.sync.num = 128 (default)
2021-03-01 18:11:37,812 [pool-1029-thread-1] INFO  server.RaftServerConfigKeys (ConfUtils.java:logGet(44)) - raft.server.log.statemachine.data.sync = true (default)
2021-03-01 18:11:37,812 [pool-1029-thread-1] INFO  server.RaftServerConfigKeys (ConfUtils.java:logGet(44)) - raft.server.log.statemachine.data.sync.timeout = 10s (default)
2021-03-01 18:11:37,812 [pool-1029-thread-1] INFO  server.RaftServerConfigKeys (ConfUtils.java:logGet(44)) - raft.server.log.statemachine.data.sync.timeout.retry = -1 (default)
2021-03-01 18:11:37,811 [EventQueue-OpenPipelineForHealthyPipelineSafeModeRule] INFO  safemode.SCMSafeModeManager (HealthyPipelineSafeModeRule.java:process(128)) - SCM in safe mode. Healthy pipelines reported count is 0, required healthy pipeline reported count is 1
2021-03-01 18:11:37,811 [EventQueue-PipelineReportForOneReplicaPipelineSafeModeRule] INFO  safemode.SCMSafeModeManager (SCMSafeModeManager.java:validateSafeModeExitRules(214)) - AtleastOneDatanodeReportedRule rule is successfully validated
2021-03-01 18:11:37,814 [pool-1029-thread-1] INFO  server.RaftServerConfigKeys (ConfUtils.java:logGet(44)) - raft.server.log.write.buffer.size = 1048576 (custom)
2021-03-01 18:11:37,816 [grpc-default-executor-2] INFO  server.RaftServer (RaftServerProxy.java:addNew(95)) - f258d114-ea47-4d12-8964-639f425ab8d0: addNew group-617FBAE04F80:[f258d114-ea47-4d12-8964-639f425ab8d0|rpc:172.17.0.2:45265|dataStream:|priority:1, a5a3f093-0768-4d4b-b08f-053c130678b3|rpc:172.17.0.2:40499|dataStream:|priority:0, 0f049040-6e0c-4cd4-a487-c7f09e7e4ba1|rpc:172.17.0.2:45527|dataStream:|priority:0] returns group-617FBAE04F80:java.util.concurrent.CompletableFuture@7a6943a6[Not completed]
2021-03-01 18:11:37,816 [pool-1029-thread-1] INFO  server.RaftServerConfigKeys (ConfUtils.java:logGet(44)) - raft.server.log.statemachine.data.caching.enabled = true (custom)
2021-03-01 18:11:37,816 [pool-1029-thread-1] INFO  segmented.SegmentedRaftLogWorker (SegmentedRaftLogWorker.java:lambda$new$0(132)) - f258d114-ea47-4d12-8964-639f425ab8d0@group-C1D2D21887D4-SegmentedRaftLogWorker: flushIndex: setUnconditionally 0 -> -1
2021-03-01 18:11:37,816 [pool-1029-thread-1] INFO  segmented.SegmentedRaftLogWorker (SegmentedRaftLogWorker.java:lambda$new$0(132)) - f258d114-ea47-4d12-8964-639f425ab8d0@group-C1D2D21887D4-SegmentedRaftLogWorker: safeCacheEvictIndex: setUnconditionally 0 -> -1
2021-03-01 18:11:37,817 [pool-1029-thread-1] INFO  server.RaftServerConfigKeys (ConfUtils.java:logGet(44)) - raft.server.snapshot.auto.trigger.enabled = true (custom)
2021-03-01 18:11:37,817 [pool-1029-thread-1] INFO  server.RaftServerConfigKeys (ConfUtils.java:logGet(44)) - raft.server.snapshot.auto.trigger.threshold = 10000 (custom)
2021-03-01 18:11:37,817 [pool-1029-thread-1] INFO  server.RaftServerConfigKeys (ConfUtils.java:logGet(44)) - raft.server.snapshot.retention.file.num = 5 (custom)
2021-03-01 18:11:37,817 [pool-1029-thread-1] INFO  server.RaftServerConfigKeys (ConfUtils.java:logGet(44)) - raft.server.log.purge.upto.snapshot.index = false (default)
2021-03-01 18:11:37,817 [pool-1029-thread-1] INFO  server.RaftServerConfigKeys (ConfUtils.java:logGet(44)) - raft.server.retrycache.expirytime = 600000ms (custom)
2021-03-01 18:11:37,817 [pool-1029-thread-1] INFO  server.RaftServerConfigKeys (ConfUtils.java:logGet(44)) - raft.server.retrycache.statistics.expirytime = 100?s (default)
2021-03-01 18:11:37,817 [pool-1029-thread-1] INFO  metrics.RatisMetrics (RatisMetrics.java:lambda$create$0(36)) - Creating Metrics Registry : ratis.leader_election.f258d114-ea47-4d12-8964-639f425ab8d0@group-C1D2D21887D4
2021-03-01 18:11:37,818 [pool-1029-thread-1] INFO  metrics.RatisMetrics (RatisMetrics.java:lambda$create$0(36)) - Creating Metrics Registry : ratis.server.f258d114-ea47-4d12-8964-639f425ab8d0@group-C1D2D21887D4
2021-03-01 18:11:37,820 [pool-1029-thread-1] INFO  server.RaftServer$Division (RaftServerImpl.java:<init>(180)) - f258d114-ea47-4d12-8964-639f425ab8d0: new RaftServerImpl for group-617FBAE04F80:[f258d114-ea47-4d12-8964-639f425ab8d0|rpc:172.17.0.2:45265|dataStream:|priority:1, a5a3f093-0768-4d4b-b08f-053c130678b3|rpc:172.17.0.2:40499|dataStream:|priority:0, 0f049040-6e0c-4cd4-a487-c7f09e7e4ba1|rpc:172.17.0.2:45527|dataStream:|priority:0] with ContainerStateMachine:uninitialized
2021-03-01 18:11:37,820 [pool-1029-thread-1] INFO  server.RaftServerConfigKeys (ConfUtils.java:logGet(44)) - raft.server.rpc.timeout.min = 5s (custom)
2021-03-01 18:11:37,820 [pool-1029-thread-1] INFO  server.RaftServerConfigKeys (ConfUtils.java:logGet(44)) - raft.server.rpc.timeout.max = 5200ms (custom)
2021-03-01 18:11:37,820 [pool-1029-thread-1] INFO  server.RaftServerConfigKeys (ConfUtils.java:logGet(44)) - raft.server.rpc.sleep.time = 25ms (default)
2021-03-01 18:11:37,820 [pool-1029-thread-1] INFO  server.RaftServerConfigKeys (ConfUtils.java:logGet(44)) - raft.server.rpc.slowness.timeout = 300000ms (custom)
2021-03-01 18:11:37,820 [pool-1029-thread-1] INFO  server.RaftServerConfigKeys (ConfUtils.java:logGet(44)) - raft.server.leaderelection.leader.step-down.wait-time = 10s (default)
2021-03-01 18:11:37,820 [pool-1029-thread-1] INFO  server.RaftServerConfigKeys (ConfUtils.java:logGet(44)) - raft.server.sleep.deviation.threshold = 300ms (default)
2021-03-01 18:11:37,820 [pool-1029-thread-1] INFO  server.RaftServerConfigKeys (ConfUtils.java:logGet(44)) - raft.server.log.appender.install.snapshot.enabled = false (custom)
2021-03-01 18:11:37,820 [pool-1029-thread-1] INFO  server.RaftServer$Division (ServerState.java:<init>(105)) - f258d114-ea47-4d12-8964-639f425ab8d0@group-617FBAE04F80: ConfigurationManager, init=-1: [f258d114-ea47-4d12-8964-639f425ab8d0|rpc:172.17.0.2:45265|dataStream:|priority:1, a5a3f093-0768-4d4b-b08f-053c130678b3|rpc:172.17.0.2:40499|dataStream:|priority:0, 0f049040-6e0c-4cd4-a487-c7f09e7e4ba1|rpc:172.17.0.2:45527|dataStream:|priority:0], old=null, confs=<EMPTY_MAP>
2021-03-01 18:11:37,820 [pool-1029-thread-1] INFO  server.RaftServerConfigKeys (ConfUtils.java:logGet(44)) - raft.server.storage.dir = [/github/workspace/mnt/ozone/hadoop-ozone/integration-test/target/test-dir/MiniOzoneClusterImpl-5b5774a2-bf3c-4723-a113-e238e3f8131c/datanode-1/data/ratis] (custom)
2021-03-01 18:11:37,821 [pool-1029-thread-1] INFO  server.RaftServerConfigKeys (ConfUtils.java:logGet(44)) - raft.server.log.corruption.policy = EXCEPTION (default)
2021-03-01 18:11:37,821 [pool-1029-thread-1] INFO  storage.RaftStorageDirectory (RaftStorageDirectoryImpl.java:analyzeStorage(132)) - The storage directory /github/workspace/mnt/ozone/hadoop-ozone/integration-test/target/test-dir/MiniOzoneClusterImpl-5b5774a2-bf3c-4723-a113-e238e3f8131c/datanode-1/data/ratis/da80ac3f-35d5-4acd-b79a-617fbae04f80 does not exist. Creating ...
2021-03-01 18:11:37,822 [pool-1029-thread-1] INFO  storage.RaftStorageDirectory (RaftStorageDirectoryImpl.java:tryLock(215)) - Lock on /github/workspace/mnt/ozone/hadoop-ozone/integration-test/target/test-dir/MiniOzoneClusterImpl-5b5774a2-bf3c-4723-a113-e238e3f8131c/datanode-1/data/ratis/da80ac3f-35d5-4acd-b79a-617fbae04f80/in_use.lock acquired by nodename 4952@83787af071e2
2021-03-01 18:11:37,822 [pool-1029-thread-1] INFO  storage.RaftStorage (RaftStorageImpl.java:format(87)) - Storage directory /github/workspace/mnt/ozone/hadoop-ozone/integration-test/target/test-dir/MiniOzoneClusterImpl-5b5774a2-bf3c-4723-a113-e238e3f8131c/datanode-1/data/ratis/da80ac3f-35d5-4acd-b79a-617fbae04f80 has been successfully formatted.
2021-03-01 18:11:37,822 [pool-1029-thread-1] INFO  ratis.ContainerStateMachine (ContainerStateMachine.java:loadSnapshot(223)) - group-617FBAE04F80: The snapshot info is null. Setting the last applied indexto:(t:0, i:~)
2021-03-01 18:11:37,823 [pool-1029-thread-1] ERROR storage.RaftStorage (RaftStorageImpl.java:readRaftConfiguration(147)) - Failed reading configuration from file:/github/workspace/mnt/ozone/hadoop-ozone/integration-test/target/test-dir/MiniOzoneClusterImpl-5b5774a2-bf3c-4723-a113-e238e3f8131c/datanode-1/data/ratis/da80ac3f-35d5-4acd-b79a-617fbae04f80/current/raft-meta.conf
java.io.FileNotFoundException: /github/workspace/mnt/ozone/hadoop-ozone/integration-test/target/test-dir/MiniOzoneClusterImpl-5b5774a2-bf3c-4723-a113-e238e3f8131c/datanode-1/data/ratis/da80ac3f-35d5-4acd-b79a-617fbae04f80/current/raft-meta.conf (No such file or directory)
	at java.io.FileInputStream.open0(Native Method)
	at java.io.FileInputStream.open(FileInputStream.java:195)
	at java.io.FileInputStream.<init>(FileInputStream.java:138)
	at org.apache.ratis.server.storage.RaftStorageImpl.readRaftConfiguration(RaftStorageImpl.java:143)
	at org.apache.ratis.server.impl.ServerState.<init>(ServerState.java:122)
	at org.apache.ratis.server.impl.RaftServerImpl.<init>(RaftServerImpl.java:193)
	at org.apache.ratis.server.impl.RaftServerProxy.lambda$newRaftServerImpl$4(RaftServerProxy.java:266)
	at java.util.concurrent.CompletableFuture$AsyncSupply.run(CompletableFuture.java:1604)
	at java.util.concurrent.ThreadPoolExecutor.runWorker(ThreadPoolExecutor.java:1149)
	at java.util.concurrent.ThreadPoolExecutor$Worker.run(ThreadPoolExecutor.java:624)
	at java.lang.Thread.run(Thread.java:748)
2021-03-01 18:11:37,823 [pool-1029-thread-1] INFO  server.RaftServerConfigKeys (ConfUtils.java:logGet(44)) - raft.server.notification.no-leader.timeout = 300000ms (custom)
2021-03-01 18:11:37,823 [pool-1029-thread-1] INFO  server.RaftServerConfigKeys (ConfUtils.java:logGet(44)) - raft.server.log.use.memory = false (default)
2021-03-01 18:11:37,823 [EventQueue-OpenPipelineForHealthyPipelineSafeModeRule] INFO  safemode.SCMSafeModeManager (HealthyPipelineSafeModeRule.java:process(128)) - SCM in safe mode. Healthy pipelines reported count is 0, required healthy pipeline reported count is 1
2021-03-01 18:11:37,823 [pool-1029-thread-1] INFO  server.RaftServerConfigKeys (ConfUtils.java:logGet(44)) - raft.server.log.purge.gap = 1000000 (custom)
2021-03-01 18:11:37,823 [pool-1029-thread-1] INFO  server.RaftServerConfigKeys (ConfUtils.java:logGet(44)) - raft.server.log.appender.buffer.byte-limit = 33554432 (custom)
2021-03-01 18:11:37,823 [EventQueue-PipelineReportForOneReplicaPipelineSafeModeRule] INFO  safemode.SCMSafeModeManager (SCMSafeModeManager.java:validateSafeModeExitRules(214)) - AtleastOneDatanodeReportedRule rule is successfully validated
2021-03-01 18:11:37,823 [pool-1029-thread-1] INFO  metrics.RatisMetrics (RatisMetrics.java:lambda$create$0(36)) - Creating Metrics Registry : ratis.log_worker.f258d114-ea47-4d12-8964-639f425ab8d0@group-617FBAE04F80
2021-03-01 18:11:37,823 [pool-1029-thread-1] INFO  server.RaftServerConfigKeys (ConfUtils.java:logGet(44)) - raft.server.log.segment.size.max = 1048576 (custom)
2021-03-01 18:11:37,824 [pool-1029-thread-1] INFO  server.RaftServerConfigKeys (ConfUtils.java:logGet(44)) - raft.server.log.segment.cache.num.max = 2 (custom)
2021-03-01 18:11:37,824 [pool-1029-thread-1] INFO  server.RaftServerConfigKeys (ConfUtils.java:logGet(44)) - raft.server.log.segment.cache.size.max = 200MB (=209715200) (default)
2021-03-01 18:11:37,824 [pool-1029-thread-1] INFO  segmented.SegmentedRaftLogWorker (SegmentedRaftLogWorker.java:<init>(181)) - new f258d114-ea47-4d12-8964-639f425ab8d0@group-617FBAE04F80-SegmentedRaftLogWorker for RaftStorageImpl:Storage Directory /github/workspace/mnt/ozone/hadoop-ozone/integration-test/target/test-dir/MiniOzoneClusterImpl-5b5774a2-bf3c-4723-a113-e238e3f8131c/datanode-1/data/ratis/da80ac3f-35d5-4acd-b79a-617fbae04f80
2021-03-01 18:11:37,825 [pool-1029-thread-1] INFO  server.RaftServerConfigKeys (ConfUtils.java:logGet(44)) - raft.server.log.queue.byte-limit = 2147483647 (custom)
2021-03-01 18:11:37,825 [pool-1029-thread-1] INFO  server.RaftServerConfigKeys (ConfUtils.java:logGet(44)) - raft.server.log.queue.element-limit = 1024 (custom)
2021-03-01 18:11:37,825 [pool-1029-thread-1] INFO  server.RaftServerConfigKeys (ConfUtils.java:logGet(44)) - raft.server.log.segment.size.max = 1048576 (custom)
2021-03-01 18:11:37,825 [pool-1029-thread-1] INFO  server.RaftServerConfigKeys (ConfUtils.java:logGet(44)) - raft.server.log.preallocated.size = 16384 (custom)
2021-03-01 18:11:37,825 [pool-1029-thread-1] INFO  server.RaftServerConfigKeys (ConfUtils.java:logGet(44)) - raft.server.log.force.sync.num = 128 (default)
2021-03-01 18:11:37,825 [pool-1029-thread-1] INFO  server.RaftServerConfigKeys (ConfUtils.java:logGet(44)) - raft.server.log.statemachine.data.sync = true (default)
2021-03-01 18:11:37,825 [pool-1029-thread-1] INFO  server.RaftServerConfigKeys (ConfUtils.java:logGet(44)) - raft.server.log.statemachine.data.sync.timeout = 10s (default)
2021-03-01 18:11:37,825 [pool-1029-thread-1] INFO  server.RaftServerConfigKeys (ConfUtils.java:logGet(44)) - raft.server.log.statemachine.data.sync.timeout.retry = -1 (default)
2021-03-01 18:11:37,827 [pool-1029-thread-1] INFO  server.RaftServerConfigKeys (ConfUtils.java:logGet(44)) - raft.server.log.write.buffer.size = 1048576 (custom)
2021-03-01 18:11:37,827 [pool-1029-thread-1] INFO  server.RaftServerConfigKeys (ConfUtils.java:logGet(44)) - raft.server.log.statemachine.data.caching.enabled = true (custom)
2021-03-01 18:11:37,827 [pool-1029-thread-1] INFO  segmented.SegmentedRaftLogWorker (SegmentedRaftLogWorker.java:lambda$new$0(132)) - f258d114-ea47-4d12-8964-639f425ab8d0@group-617FBAE04F80-SegmentedRaftLogWorker: flushIndex: setUnconditionally 0 -> -1
2021-03-01 18:11:37,827 [pool-1029-thread-1] INFO  segmented.SegmentedRaftLogWorker (SegmentedRaftLogWorker.java:lambda$new$0(132)) - f258d114-ea47-4d12-8964-639f425ab8d0@group-617FBAE04F80-SegmentedRaftLogWorker: safeCacheEvictIndex: setUnconditionally 0 -> -1
2021-03-01 18:11:37,828 [pool-1029-thread-1] INFO  server.RaftServerConfigKeys (ConfUtils.java:logGet(44)) - raft.server.snapshot.auto.trigger.enabled = true (custom)
2021-03-01 18:11:37,828 [pool-1029-thread-1] INFO  server.RaftServerConfigKeys (ConfUtils.java:logGet(44)) - raft.server.snapshot.auto.trigger.threshold = 10000 (custom)
2021-03-01 18:11:37,828 [pool-1029-thread-1] INFO  server.RaftServerConfigKeys (ConfUtils.java:logGet(44)) - raft.server.snapshot.retention.file.num = 5 (custom)
2021-03-01 18:11:37,828 [pool-1029-thread-1] INFO  server.RaftServerConfigKeys (ConfUtils.java:logGet(44)) - raft.server.log.purge.upto.snapshot.index = false (default)
2021-03-01 18:11:37,828 [pool-1029-thread-1] INFO  server.RaftServerConfigKeys (ConfUtils.java:logGet(44)) - raft.server.retrycache.expirytime = 600000ms (custom)
2021-03-01 18:11:37,828 [pool-1029-thread-1] INFO  server.RaftServerConfigKeys (ConfUtils.java:logGet(44)) - raft.server.retrycache.statistics.expirytime = 100?s (default)
2021-03-01 18:11:37,828 [pool-1029-thread-1] INFO  metrics.RatisMetrics (RatisMetrics.java:lambda$create$0(36)) - Creating Metrics Registry : ratis.leader_election.f258d114-ea47-4d12-8964-639f425ab8d0@group-617FBAE04F80
2021-03-01 18:11:37,829 [pool-1029-thread-1] INFO  metrics.RatisMetrics (RatisMetrics.java:lambda$create$0(36)) - Creating Metrics Registry : ratis.server.f258d114-ea47-4d12-8964-639f425ab8d0@group-617FBAE04F80
2021-03-01 18:11:37,831 [pool-1029-thread-1] INFO  server.RaftServer$Division (RaftServerImpl.java:start(295)) - f258d114-ea47-4d12-8964-639f425ab8d0@group-C1D2D21887D4: start as a follower, conf=-1: [f258d114-ea47-4d12-8964-639f425ab8d0|rpc:172.17.0.2:45265|priority:1], old=null
2021-03-01 18:11:37,831 [pool-1029-thread-1] INFO  server.RaftServer$Division (RaftServerImpl.java:setRole(284)) - f258d114-ea47-4d12-8964-639f425ab8d0@group-C1D2D21887D4: changes role from      null to FOLLOWER at term 0 for startAsFollower
2021-03-01 18:11:37,831 [pool-1029-thread-1] INFO  impl.RoleInfo (RoleInfo.java:updateAndGet(130)) - f258d114-ea47-4d12-8964-639f425ab8d0: start f258d114-ea47-4d12-8964-639f425ab8d0@group-C1D2D21887D4-FollowerState
2021-03-01 18:11:37,831 [pool-1029-thread-1] INFO  util.JmxRegister (JmxRegister.java:tryRegister(44)) - Successfully registered JMX Bean with object name Ratis:service=RaftServer,group=group-C1D2D21887D4,id=f258d114-ea47-4d12-8964-639f425ab8d0
2021-03-01 18:11:37,831 [pool-1029-thread-1] INFO  metrics.RatisMetrics (RatisMetrics.java:lambda$create$0(36)) - Creating Metrics Registry : ratis.state_machine.f258d114-ea47-4d12-8964-639f425ab8d0@group-C1D2D21887D4
2021-03-01 18:11:37,832 [pool-1029-thread-1] INFO  server.RaftServer$Division (RaftServerImpl.java:start(295)) - f258d114-ea47-4d12-8964-639f425ab8d0@group-617FBAE04F80: start as a follower, conf=-1: [f258d114-ea47-4d12-8964-639f425ab8d0|rpc:172.17.0.2:45265|dataStream:|priority:1, a5a3f093-0768-4d4b-b08f-053c130678b3|rpc:172.17.0.2:40499|dataStream:|priority:0, 0f049040-6e0c-4cd4-a487-c7f09e7e4ba1|rpc:172.17.0.2:45527|dataStream:|priority:0], old=null
2021-03-01 18:11:37,832 [pool-1029-thread-1] INFO  server.RaftServer$Division (RaftServerImpl.java:setRole(284)) - f258d114-ea47-4d12-8964-639f425ab8d0@group-617FBAE04F80: changes role from      null to FOLLOWER at term 0 for startAsFollower
2021-03-01 18:11:37,832 [pool-1029-thread-1] INFO  impl.RoleInfo (RoleInfo.java:updateAndGet(130)) - f258d114-ea47-4d12-8964-639f425ab8d0: start f258d114-ea47-4d12-8964-639f425ab8d0@group-617FBAE04F80-FollowerState
2021-03-01 18:11:37,832 [Command processor thread] INFO  commandhandler.CreatePipelineCommandHandler (CreatePipelineCommandHandler.java:handle(106)) - Created Pipeline RATIS ONE PipelineID=625e2d19-b980-4c0a-8209-c1d2d21887d4.
2021-03-01 18:11:37,832 [pool-1029-thread-1] INFO  util.JmxRegister (JmxRegister.java:tryRegister(44)) - Successfully registered JMX Bean with object name Ratis:service=RaftServer,group=group-617FBAE04F80,id=f258d114-ea47-4d12-8964-639f425ab8d0
2021-03-01 18:11:37,833 [pool-1029-thread-1] INFO  metrics.RatisMetrics (RatisMetrics.java:lambda$create$0(36)) - Creating Metrics Registry : ratis.state_machine.f258d114-ea47-4d12-8964-639f425ab8d0@group-617FBAE04F80
2021-03-01 18:11:37,839 [Command processor thread] INFO  metrics.RatisMetrics (RatisMetrics.java:lambda$create$0(36)) - Creating Metrics Registry : ratis.client_message_metrics.client-3DD51EF0BA7E->a5a3f093-0768-4d4b-b08f-053c130678b3
2021-03-01 18:11:37,843 [Listener at 127.0.0.1/41333] INFO  ozone.MiniOzoneClusterImpl (MiniOzoneClusterImpl.java:lambda$waitForClusterToBeReady$0(187)) - Nodes are ready. Got 7 of 7 DN Heartbeats.
2021-03-01 18:11:37,843 [Listener at 127.0.0.1/41333] INFO  ozone.MiniOzoneClusterImpl (MiniOzoneClusterImpl.java:lambda$waitForClusterToBeReady$0(190)) - Waiting for cluster to exit safe mode
2021-03-01 18:11:37,844 [grpc-default-executor-2] INFO  server.RaftServer (RaftServerProxy.java:addNew(95)) - a5a3f093-0768-4d4b-b08f-053c130678b3: addNew group-617FBAE04F80:[f258d114-ea47-4d12-8964-639f425ab8d0|rpc:172.17.0.2:45265|dataStream:|priority:1, a5a3f093-0768-4d4b-b08f-053c130678b3|rpc:172.17.0.2:40499|dataStream:|priority:0, 0f049040-6e0c-4cd4-a487-c7f09e7e4ba1|rpc:172.17.0.2:45527|dataStream:|priority:0] returns group-617FBAE04F80:java.util.concurrent.CompletableFuture@313bcc54[Not completed]
2021-03-01 18:11:37,845 [pool-1045-thread-1] INFO  server.RaftServer$Division (RaftServerImpl.java:<init>(180)) - a5a3f093-0768-4d4b-b08f-053c130678b3: new RaftServerImpl for group-617FBAE04F80:[f258d114-ea47-4d12-8964-639f425ab8d0|rpc:172.17.0.2:45265|dataStream:|priority:1, a5a3f093-0768-4d4b-b08f-053c130678b3|rpc:172.17.0.2:40499|dataStream:|priority:0, 0f049040-6e0c-4cd4-a487-c7f09e7e4ba1|rpc:172.17.0.2:45527|dataStream:|priority:0] with ContainerStateMachine:uninitialized
2021-03-01 18:11:37,845 [pool-1045-thread-1] INFO  server.RaftServerConfigKeys (ConfUtils.java:logGet(44)) - raft.server.rpc.timeout.min = 5s (custom)
2021-03-01 18:11:37,845 [pool-1045-thread-1] INFO  server.RaftServerConfigKeys (ConfUtils.java:logGet(44)) - raft.server.rpc.timeout.max = 5200ms (custom)
2021-03-01 18:11:37,845 [pool-1045-thread-1] INFO  server.RaftServerConfigKeys (ConfUtils.java:logGet(44)) - raft.server.rpc.sleep.time = 25ms (default)
2021-03-01 18:11:37,845 [pool-1045-thread-1] INFO  server.RaftServerConfigKeys (ConfUtils.java:logGet(44)) - raft.server.rpc.slowness.timeout = 300000ms (custom)
2021-03-01 18:11:37,845 [pool-1045-thread-1] INFO  server.RaftServerConfigKeys (ConfUtils.java:logGet(44)) - raft.server.leaderelection.leader.step-down.wait-time = 10s (default)
2021-03-01 18:11:37,845 [pool-1045-thread-1] INFO  server.RaftServerConfigKeys (ConfUtils.java:logGet(44)) - raft.server.sleep.deviation.threshold = 300ms (default)
2021-03-01 18:11:37,845 [pool-1045-thread-1] INFO  server.RaftServerConfigKeys (ConfUtils.java:logGet(44)) - raft.server.log.appender.install.snapshot.enabled = false (custom)
2021-03-01 18:11:37,845 [pool-1045-thread-1] INFO  server.RaftServer$Division (ServerState.java:<init>(105)) - a5a3f093-0768-4d4b-b08f-053c130678b3@group-617FBAE04F80: ConfigurationManager, init=-1: [f258d114-ea47-4d12-8964-639f425ab8d0|rpc:172.17.0.2:45265|dataStream:|priority:1, a5a3f093-0768-4d4b-b08f-053c130678b3|rpc:172.17.0.2:40499|dataStream:|priority:0, 0f049040-6e0c-4cd4-a487-c7f09e7e4ba1|rpc:172.17.0.2:45527|dataStream:|priority:0], old=null, confs=<EMPTY_MAP>
2021-03-01 18:11:37,845 [pool-1045-thread-1] INFO  server.RaftServerConfigKeys (ConfUtils.java:logGet(44)) - raft.server.storage.dir = [/github/workspace/mnt/ozone/hadoop-ozone/integration-test/target/test-dir/MiniOzoneClusterImpl-5b5774a2-bf3c-4723-a113-e238e3f8131c/datanode-2/data/ratis] (custom)
2021-03-01 18:11:37,845 [pool-1045-thread-1] INFO  server.RaftServerConfigKeys (ConfUtils.java:logGet(44)) - raft.server.log.corruption.policy = EXCEPTION (default)
2021-03-01 18:11:37,845 [pool-1045-thread-1] INFO  storage.RaftStorageDirectory (RaftStorageDirectoryImpl.java:analyzeStorage(132)) - The storage directory /github/workspace/mnt/ozone/hadoop-ozone/integration-test/target/test-dir/MiniOzoneClusterImpl-5b5774a2-bf3c-4723-a113-e238e3f8131c/datanode-2/data/ratis/da80ac3f-35d5-4acd-b79a-617fbae04f80 does not exist. Creating ...
2021-03-01 18:11:37,846 [pool-1045-thread-1] INFO  storage.RaftStorageDirectory (RaftStorageDirectoryImpl.java:tryLock(215)) - Lock on /github/workspace/mnt/ozone/hadoop-ozone/integration-test/target/test-dir/MiniOzoneClusterImpl-5b5774a2-bf3c-4723-a113-e238e3f8131c/datanode-2/data/ratis/da80ac3f-35d5-4acd-b79a-617fbae04f80/in_use.lock acquired by nodename 4952@83787af071e2
2021-03-01 18:11:37,847 [pool-1045-thread-1] INFO  storage.RaftStorage (RaftStorageImpl.java:format(87)) - Storage directory /github/workspace/mnt/ozone/hadoop-ozone/integration-test/target/test-dir/MiniOzoneClusterImpl-5b5774a2-bf3c-4723-a113-e238e3f8131c/datanode-2/data/ratis/da80ac3f-35d5-4acd-b79a-617fbae04f80 has been successfully formatted.
2021-03-01 18:11:37,848 [pool-1045-thread-1] INFO  ratis.ContainerStateMachine (ContainerStateMachine.java:loadSnapshot(223)) - group-617FBAE04F80: The snapshot info is null. Setting the last applied indexto:(t:0, i:~)
2021-03-01 18:11:37,848 [pool-1045-thread-1] ERROR storage.RaftStorage (RaftStorageImpl.java:readRaftConfiguration(147)) - Failed reading configuration from file:/github/workspace/mnt/ozone/hadoop-ozone/integration-test/target/test-dir/MiniOzoneClusterImpl-5b5774a2-bf3c-4723-a113-e238e3f8131c/datanode-2/data/ratis/da80ac3f-35d5-4acd-b79a-617fbae04f80/current/raft-meta.conf
java.io.FileNotFoundException: /github/workspace/mnt/ozone/hadoop-ozone/integration-test/target/test-dir/MiniOzoneClusterImpl-5b5774a2-bf3c-4723-a113-e238e3f8131c/datanode-2/data/ratis/da80ac3f-35d5-4acd-b79a-617fbae04f80/current/raft-meta.conf (No such file or directory)
	at java.io.FileInputStream.open0(Native Method)
	at java.io.FileInputStream.open(FileInputStream.java:195)
	at java.io.FileInputStream.<init>(FileInputStream.java:138)
	at org.apache.ratis.server.storage.RaftStorageImpl.readRaftConfiguration(RaftStorageImpl.java:143)
	at org.apache.ratis.server.impl.ServerState.<init>(ServerState.java:122)
	at org.apache.ratis.server.impl.RaftServerImpl.<init>(RaftServerImpl.java:193)
	at org.apache.ratis.server.impl.RaftServerProxy.lambda$newRaftServerImpl$4(RaftServerProxy.java:266)
	at java.util.concurrent.CompletableFuture$AsyncSupply.run(CompletableFuture.java:1604)
	at java.util.concurrent.ThreadPoolExecutor.runWorker(ThreadPoolExecutor.java:1149)
	at java.util.concurrent.ThreadPoolExecutor$Worker.run(ThreadPoolExecutor.java:624)
	at java.lang.Thread.run(Thread.java:748)
2021-03-01 18:11:37,848 [EventQueue-PipelineReportForOneReplicaPipelineSafeModeRule] INFO  safemode.SCMSafeModeManager (SCMSafeModeManager.java:validateSafeModeExitRules(214)) - AtleastOneDatanodeReportedRule rule is successfully validated
2021-03-01 18:11:37,848 [pool-1045-thread-1] INFO  server.RaftServerConfigKeys (ConfUtils.java:logGet(44)) - raft.server.notification.no-leader.timeout = 300000ms (custom)
2021-03-01 18:11:37,848 [pool-1045-thread-1] INFO  server.RaftServerConfigKeys (ConfUtils.java:logGet(44)) - raft.server.log.use.memory = false (default)
2021-03-01 18:11:37,848 [pool-1045-thread-1] INFO  server.RaftServerConfigKeys (ConfUtils.java:logGet(44)) - raft.server.log.purge.gap = 1000000 (custom)
2021-03-01 18:11:37,848 [pool-1045-thread-1] INFO  server.RaftServerConfigKeys (ConfUtils.java:logGet(44)) - raft.server.log.appender.buffer.byte-limit = 33554432 (custom)
2021-03-01 18:11:37,848 [pool-1045-thread-1] INFO  metrics.RatisMetrics (RatisMetrics.java:lambda$create$0(36)) - Creating Metrics Registry : ratis.log_worker.a5a3f093-0768-4d4b-b08f-053c130678b3@group-617FBAE04F80
2021-03-01 18:11:37,849 [pool-1045-thread-1] INFO  server.RaftServerConfigKeys (ConfUtils.java:logGet(44)) - raft.server.log.segment.size.max = 1048576 (custom)
2021-03-01 18:11:37,850 [pool-1045-thread-1] INFO  server.RaftServerConfigKeys (ConfUtils.java:logGet(44)) - raft.server.log.segment.cache.num.max = 2 (custom)
2021-03-01 18:11:37,852 [pool-1045-thread-1] INFO  server.RaftServerConfigKeys (ConfUtils.java:logGet(44)) - raft.server.log.segment.cache.size.max = 200MB (=209715200) (default)
2021-03-01 18:11:37,852 [pool-1045-thread-1] INFO  segmented.SegmentedRaftLogWorker (SegmentedRaftLogWorker.java:<init>(181)) - new a5a3f093-0768-4d4b-b08f-053c130678b3@group-617FBAE04F80-SegmentedRaftLogWorker for RaftStorageImpl:Storage Directory /github/workspace/mnt/ozone/hadoop-ozone/integration-test/target/test-dir/MiniOzoneClusterImpl-5b5774a2-bf3c-4723-a113-e238e3f8131c/datanode-2/data/ratis/da80ac3f-35d5-4acd-b79a-617fbae04f80
2021-03-01 18:11:37,852 [pool-1045-thread-1] INFO  server.RaftServerConfigKeys (ConfUtils.java:logGet(44)) - raft.server.log.queue.byte-limit = 2147483647 (custom)
2021-03-01 18:11:37,852 [pool-1045-thread-1] INFO  server.RaftServerConfigKeys (ConfUtils.java:logGet(44)) - raft.server.log.queue.element-limit = 1024 (custom)
2021-03-01 18:11:37,853 [pool-1045-thread-1] INFO  server.RaftServerConfigKeys (ConfUtils.java:logGet(44)) - raft.server.log.segment.size.max = 1048576 (custom)
2021-03-01 18:11:37,853 [pool-1045-thread-1] INFO  server.RaftServerConfigKeys (ConfUtils.java:logGet(44)) - raft.server.log.preallocated.size = 16384 (custom)
2021-03-01 18:11:37,853 [pool-1045-thread-1] INFO  server.RaftServerConfigKeys (ConfUtils.java:logGet(44)) - raft.server.log.force.sync.num = 128 (default)
2021-03-01 18:11:37,853 [pool-1045-thread-1] INFO  server.RaftServerConfigKeys (ConfUtils.java:logGet(44)) - raft.server.log.statemachine.data.sync = true (default)
2021-03-01 18:11:37,853 [pool-1045-thread-1] INFO  server.RaftServerConfigKeys (ConfUtils.java:logGet(44)) - raft.server.log.statemachine.data.sync.timeout = 10s (default)
2021-03-01 18:11:37,853 [pool-1045-thread-1] INFO  server.RaftServerConfigKeys (ConfUtils.java:logGet(44)) - raft.server.log.statemachine.data.sync.timeout.retry = -1 (default)
2021-03-01 18:11:37,855 [pool-1045-thread-1] INFO  server.RaftServerConfigKeys (ConfUtils.java:logGet(44)) - raft.server.log.write.buffer.size = 1048576 (custom)
2021-03-01 18:11:37,856 [pool-1045-thread-1] INFO  server.RaftServerConfigKeys (ConfUtils.java:logGet(44)) - raft.server.log.statemachine.data.caching.enabled = true (custom)
2021-03-01 18:11:37,856 [pool-1045-thread-1] INFO  segmented.SegmentedRaftLogWorker (SegmentedRaftLogWorker.java:lambda$new$0(132)) - a5a3f093-0768-4d4b-b08f-053c130678b3@group-617FBAE04F80-SegmentedRaftLogWorker: flushIndex: setUnconditionally 0 -> -1
2021-03-01 18:11:37,856 [pool-1045-thread-1] INFO  segmented.SegmentedRaftLogWorker (SegmentedRaftLogWorker.java:lambda$new$0(132)) - a5a3f093-0768-4d4b-b08f-053c130678b3@group-617FBAE04F80-SegmentedRaftLogWorker: safeCacheEvictIndex: setUnconditionally 0 -> -1
2021-03-01 18:11:37,856 [pool-1045-thread-1] INFO  server.RaftServerConfigKeys (ConfUtils.java:logGet(44)) - raft.server.snapshot.auto.trigger.enabled = true (custom)
2021-03-01 18:11:37,856 [pool-1045-thread-1] INFO  server.RaftServerConfigKeys (ConfUtils.java:logGet(44)) - raft.server.snapshot.auto.trigger.threshold = 10000 (custom)
2021-03-01 18:11:37,857 [pool-1045-thread-1] INFO  server.RaftServerConfigKeys (ConfUtils.java:logGet(44)) - raft.server.snapshot.retention.file.num = 5 (custom)
2021-03-01 18:11:37,857 [pool-1045-thread-1] INFO  server.RaftServerConfigKeys (ConfUtils.java:logGet(44)) - raft.server.log.purge.upto.snapshot.index = false (default)
2021-03-01 18:11:37,857 [pool-1045-thread-1] INFO  server.RaftServerConfigKeys (ConfUtils.java:logGet(44)) - raft.server.retrycache.expirytime = 600000ms (custom)
2021-03-01 18:11:37,857 [pool-1045-thread-1] INFO  server.RaftServerConfigKeys (ConfUtils.java:logGet(44)) - raft.server.retrycache.statistics.expirytime = 100?s (default)
2021-03-01 18:11:37,857 [pool-1045-thread-1] INFO  metrics.RatisMetrics (RatisMetrics.java:lambda$create$0(36)) - Creating Metrics Registry : ratis.leader_election.a5a3f093-0768-4d4b-b08f-053c130678b3@group-617FBAE04F80
2021-03-01 18:11:37,858 [pool-1045-thread-1] INFO  metrics.RatisMetrics (RatisMetrics.java:lambda$create$0(36)) - Creating Metrics Registry : ratis.server.a5a3f093-0768-4d4b-b08f-053c130678b3@group-617FBAE04F80
2021-03-01 18:11:37,860 [pool-1045-thread-1] INFO  server.RaftServer$Division (RaftServerImpl.java:start(295)) - a5a3f093-0768-4d4b-b08f-053c130678b3@group-617FBAE04F80: start as a follower, conf=-1: [f258d114-ea47-4d12-8964-639f425ab8d0|rpc:172.17.0.2:45265|dataStream:|priority:1, a5a3f093-0768-4d4b-b08f-053c130678b3|rpc:172.17.0.2:40499|dataStream:|priority:0, 0f049040-6e0c-4cd4-a487-c7f09e7e4ba1|rpc:172.17.0.2:45527|dataStream:|priority:0], old=null
2021-03-01 18:11:37,860 [pool-1045-thread-1] INFO  server.RaftServer$Division (RaftServerImpl.java:setRole(284)) - a5a3f093-0768-4d4b-b08f-053c130678b3@group-617FBAE04F80: changes role from      null to FOLLOWER at term 0 for startAsFollower
2021-03-01 18:11:37,860 [pool-1045-thread-1] INFO  impl.RoleInfo (RoleInfo.java:updateAndGet(130)) - a5a3f093-0768-4d4b-b08f-053c130678b3: start a5a3f093-0768-4d4b-b08f-053c130678b3@group-617FBAE04F80-FollowerState
2021-03-01 18:11:37,860 [pool-1045-thread-1] INFO  util.JmxRegister (JmxRegister.java:tryRegister(44)) - Successfully registered JMX Bean with object name Ratis:service=RaftServer,group=group-617FBAE04F80,id=a5a3f093-0768-4d4b-b08f-053c130678b3
2021-03-01 18:11:37,860 [pool-1045-thread-1] INFO  metrics.RatisMetrics (RatisMetrics.java:lambda$create$0(36)) - Creating Metrics Registry : ratis.state_machine.a5a3f093-0768-4d4b-b08f-053c130678b3@group-617FBAE04F80
2021-03-01 18:11:37,864 [Command processor thread] INFO  commandhandler.CreatePipelineCommandHandler (CreatePipelineCommandHandler.java:handle(106)) - Created Pipeline RATIS THREE PipelineID=da80ac3f-35d5-4acd-b79a-617fbae04f80.
2021-03-01 18:11:37,993 [Command processor thread] INFO  server.RaftServer (RaftServerProxy.java:addNew(95)) - a5a3f093-0768-4d4b-b08f-053c130678b3: addNew group-23AF959E1599:[a5a3f093-0768-4d4b-b08f-053c130678b3|rpc:172.17.0.2:40499|priority:1] returns group-23AF959E1599:java.util.concurrent.CompletableFuture@5bd6e18f[Not completed]
2021-03-01 18:11:37,993 [pool-1045-thread-1] INFO  server.RaftServer$Division (RaftServerImpl.java:<init>(180)) - a5a3f093-0768-4d4b-b08f-053c130678b3: new RaftServerImpl for group-23AF959E1599:[a5a3f093-0768-4d4b-b08f-053c130678b3|rpc:172.17.0.2:40499|priority:1] with ContainerStateMachine:uninitialized
2021-03-01 18:11:37,994 [pool-1045-thread-1] INFO  server.RaftServerConfigKeys (ConfUtils.java:logGet(44)) - raft.server.rpc.timeout.min = 5s (custom)
2021-03-01 18:11:37,994 [pool-1045-thread-1] INFO  server.RaftServerConfigKeys (ConfUtils.java:logGet(44)) - raft.server.rpc.timeout.max = 5200ms (custom)
2021-03-01 18:11:37,994 [pool-1045-thread-1] INFO  server.RaftServerConfigKeys (ConfUtils.java:logGet(44)) - raft.server.rpc.sleep.time = 25ms (default)
2021-03-01 18:11:37,994 [pool-1045-thread-1] INFO  server.RaftServerConfigKeys (ConfUtils.java:logGet(44)) - raft.server.rpc.slowness.timeout = 300000ms (custom)
2021-03-01 18:11:37,994 [pool-1045-thread-1] INFO  server.RaftServerConfigKeys (ConfUtils.java:logGet(44)) - raft.server.leaderelection.leader.step-down.wait-time = 10s (default)
2021-03-01 18:11:37,994 [pool-1045-thread-1] INFO  server.RaftServerConfigKeys (ConfUtils.java:logGet(44)) - raft.server.sleep.deviation.threshold = 300ms (default)
2021-03-01 18:11:37,994 [pool-1045-thread-1] INFO  server.RaftServerConfigKeys (ConfUtils.java:logGet(44)) - raft.server.log.appender.install.snapshot.enabled = false (custom)
2021-03-01 18:11:37,994 [pool-1045-thread-1] INFO  server.RaftServer$Division (ServerState.java:<init>(105)) - a5a3f093-0768-4d4b-b08f-053c130678b3@group-23AF959E1599: ConfigurationManager, init=-1: [a5a3f093-0768-4d4b-b08f-053c130678b3|rpc:172.17.0.2:40499|priority:1], old=null, confs=<EMPTY_MAP>
2021-03-01 18:11:37,994 [pool-1045-thread-1] INFO  server.RaftServerConfigKeys (ConfUtils.java:logGet(44)) - raft.server.storage.dir = [/github/workspace/mnt/ozone/hadoop-ozone/integration-test/target/test-dir/MiniOzoneClusterImpl-5b5774a2-bf3c-4723-a113-e238e3f8131c/datanode-2/data/ratis] (custom)
2021-03-01 18:11:37,994 [pool-1045-thread-1] INFO  server.RaftServerConfigKeys (ConfUtils.java:logGet(44)) - raft.server.log.corruption.policy = EXCEPTION (default)
2021-03-01 18:11:37,994 [pool-1045-thread-1] INFO  storage.RaftStorageDirectory (RaftStorageDirectoryImpl.java:analyzeStorage(132)) - The storage directory /github/workspace/mnt/ozone/hadoop-ozone/integration-test/target/test-dir/MiniOzoneClusterImpl-5b5774a2-bf3c-4723-a113-e238e3f8131c/datanode-2/data/ratis/bada6328-bb35-467d-beb6-23af959e1599 does not exist. Creating ...
2021-03-01 18:11:37,995 [pool-1045-thread-1] INFO  storage.RaftStorageDirectory (RaftStorageDirectoryImpl.java:tryLock(215)) - Lock on /github/workspace/mnt/ozone/hadoop-ozone/integration-test/target/test-dir/MiniOzoneClusterImpl-5b5774a2-bf3c-4723-a113-e238e3f8131c/datanode-2/data/ratis/bada6328-bb35-467d-beb6-23af959e1599/in_use.lock acquired by nodename 4952@83787af071e2
2021-03-01 18:11:37,996 [pool-1045-thread-1] INFO  storage.RaftStorage (RaftStorageImpl.java:format(87)) - Storage directory /github/workspace/mnt/ozone/hadoop-ozone/integration-test/target/test-dir/MiniOzoneClusterImpl-5b5774a2-bf3c-4723-a113-e238e3f8131c/datanode-2/data/ratis/bada6328-bb35-467d-beb6-23af959e1599 has been successfully formatted.
2021-03-01 18:11:37,996 [pool-1045-thread-1] INFO  ratis.ContainerStateMachine (ContainerStateMachine.java:loadSnapshot(223)) - group-23AF959E1599: The snapshot info is null. Setting the last applied indexto:(t:0, i:~)
2021-03-01 18:11:37,996 [pool-1045-thread-1] ERROR storage.RaftStorage (RaftStorageImpl.java:readRaftConfiguration(147)) - Failed reading configuration from file:/github/workspace/mnt/ozone/hadoop-ozone/integration-test/target/test-dir/MiniOzoneClusterImpl-5b5774a2-bf3c-4723-a113-e238e3f8131c/datanode-2/data/ratis/bada6328-bb35-467d-beb6-23af959e1599/current/raft-meta.conf
java.io.FileNotFoundException: /github/workspace/mnt/ozone/hadoop-ozone/integration-test/target/test-dir/MiniOzoneClusterImpl-5b5774a2-bf3c-4723-a113-e238e3f8131c/datanode-2/data/ratis/bada6328-bb35-467d-beb6-23af959e1599/current/raft-meta.conf (No such file or directory)
	at java.io.FileInputStream.open0(Native Method)
	at java.io.FileInputStream.open(FileInputStream.java:195)
	at java.io.FileInputStream.<init>(FileInputStream.java:138)
	at org.apache.ratis.server.storage.RaftStorageImpl.readRaftConfiguration(RaftStorageImpl.java:143)
	at org.apache.ratis.server.impl.ServerState.<init>(ServerState.java:122)
	at org.apache.ratis.server.impl.RaftServerImpl.<init>(RaftServerImpl.java:193)
	at org.apache.ratis.server.impl.RaftServerProxy.lambda$newRaftServerImpl$4(RaftServerProxy.java:266)
	at java.util.concurrent.CompletableFuture$AsyncSupply.run(CompletableFuture.java:1604)
	at java.util.concurrent.ThreadPoolExecutor.runWorker(ThreadPoolExecutor.java:1149)
	at java.util.concurrent.ThreadPoolExecutor$Worker.run(ThreadPoolExecutor.java:624)
	at java.lang.Thread.run(Thread.java:748)
2021-03-01 18:11:37,997 [pool-1045-thread-1] INFO  server.RaftServerConfigKeys (ConfUtils.java:logGet(44)) - raft.server.notification.no-leader.timeout = 300000ms (custom)
2021-03-01 18:11:37,997 [pool-1045-thread-1] INFO  server.RaftServerConfigKeys (ConfUtils.java:logGet(44)) - raft.server.log.use.memory = false (default)
2021-03-01 18:11:37,997 [pool-1045-thread-1] INFO  server.RaftServerConfigKeys (ConfUtils.java:logGet(44)) - raft.server.log.purge.gap = 1000000 (custom)
2021-03-01 18:11:37,997 [pool-1045-thread-1] INFO  server.RaftServerConfigKeys (ConfUtils.java:logGet(44)) - raft.server.log.appender.buffer.byte-limit = 33554432 (custom)
2021-03-01 18:11:37,997 [pool-1045-thread-1] INFO  metrics.RatisMetrics (RatisMetrics.java:lambda$create$0(36)) - Creating Metrics Registry : ratis.log_worker.a5a3f093-0768-4d4b-b08f-053c130678b3@group-23AF959E1599
2021-03-01 18:11:37,997 [EventQueue-PipelineReportForOneReplicaPipelineSafeModeRule] INFO  safemode.SCMSafeModeManager (SCMSafeModeManager.java:validateSafeModeExitRules(214)) - AtleastOneDatanodeReportedRule rule is successfully validated
2021-03-01 18:11:37,997 [EventQueue-PipelineReportForPipelineReportHandler] INFO  pipeline.PipelineStateManager (PipelineStateManager.java:openPipeline(132)) - Pipeline Pipeline[ Id: bada6328-bb35-467d-beb6-23af959e1599, Nodes: a5a3f093-0768-4d4b-b08f-053c130678b3{ip: 172.17.0.2, host: 83787af071e2, ports: [REPLICATION=35041, RATIS=40499, RATIS_ADMIN=40499, RATIS_SERVER=40499, STANDALONE=42875], networkLocation: /default-rack, certSerialId: null, persistedOpState: IN_SERVICE, persistedOpStateExpiryEpochSec: 0}, Type:RATIS, Factor:ONE, State:ALLOCATED, leaderId:a5a3f093-0768-4d4b-b08f-053c130678b3, CreationTimestamp2021-03-01T18:11:34.993Z] moved to OPEN state
2021-03-01 18:11:37,997 [pool-1045-thread-1] INFO  server.RaftServerConfigKeys (ConfUtils.java:logGet(44)) - raft.server.log.segment.size.max = 1048576 (custom)
2021-03-01 18:11:37,997 [EventQueue-OpenPipelineForHealthyPipelineSafeModeRule] INFO  safemode.SCMSafeModeManager (HealthyPipelineSafeModeRule.java:process(128)) - SCM in safe mode. Healthy pipelines reported count is 0, required healthy pipeline reported count is 1
2021-03-01 18:11:37,998 [pool-1045-thread-1] INFO  server.RaftServerConfigKeys (ConfUtils.java:logGet(44)) - raft.server.log.segment.cache.num.max = 2 (custom)
2021-03-01 18:11:37,998 [pool-1045-thread-1] INFO  server.RaftServerConfigKeys (ConfUtils.java:logGet(44)) - raft.server.log.segment.cache.size.max = 200MB (=209715200) (default)
2021-03-01 18:11:37,998 [pool-1045-thread-1] INFO  segmented.SegmentedRaftLogWorker (SegmentedRaftLogWorker.java:<init>(181)) - new a5a3f093-0768-4d4b-b08f-053c130678b3@group-23AF959E1599-SegmentedRaftLogWorker for RaftStorageImpl:Storage Directory /github/workspace/mnt/ozone/hadoop-ozone/integration-test/target/test-dir/MiniOzoneClusterImpl-5b5774a2-bf3c-4723-a113-e238e3f8131c/datanode-2/data/ratis/bada6328-bb35-467d-beb6-23af959e1599
2021-03-01 18:11:37,998 [pool-1045-thread-1] INFO  server.RaftServerConfigKeys (ConfUtils.java:logGet(44)) - raft.server.log.queue.byte-limit = 2147483647 (custom)
2021-03-01 18:11:37,998 [pool-1045-thread-1] INFO  server.RaftServerConfigKeys (ConfUtils.java:logGet(44)) - raft.server.log.queue.element-limit = 1024 (custom)
2021-03-01 18:11:37,998 [pool-1045-thread-1] INFO  server.RaftServerConfigKeys (ConfUtils.java:logGet(44)) - raft.server.log.segment.size.max = 1048576 (custom)
2021-03-01 18:11:37,998 [pool-1045-thread-1] INFO  server.RaftServerConfigKeys (ConfUtils.java:logGet(44)) - raft.server.log.preallocated.size = 16384 (custom)
2021-03-01 18:11:37,998 [pool-1045-thread-1] INFO  server.RaftServerConfigKeys (ConfUtils.java:logGet(44)) - raft.server.log.force.sync.num = 128 (default)
2021-03-01 18:11:37,999 [pool-1045-thread-1] INFO  server.RaftServerConfigKeys (ConfUtils.java:logGet(44)) - raft.server.log.statemachine.data.sync = true (default)
2021-03-01 18:11:37,999 [pool-1045-thread-1] INFO  server.RaftServerConfigKeys (ConfUtils.java:logGet(44)) - raft.server.log.statemachine.data.sync.timeout = 10s (default)
2021-03-01 18:11:37,999 [pool-1045-thread-1] INFO  server.RaftServerConfigKeys (ConfUtils.java:logGet(44)) - raft.server.log.statemachine.data.sync.timeout.retry = -1 (default)
2021-03-01 18:11:38,001 [pool-1045-thread-1] INFO  server.RaftServerConfigKeys (ConfUtils.java:logGet(44)) - raft.server.log.write.buffer.size = 1048576 (custom)
2021-03-01 18:11:38,001 [pool-1045-thread-1] INFO  server.RaftServerConfigKeys (ConfUtils.java:logGet(44)) - raft.server.log.statemachine.data.caching.enabled = true (custom)
2021-03-01 18:11:38,002 [pool-1045-thread-1] INFO  segmented.SegmentedRaftLogWorker (SegmentedRaftLogWorker.java:lambda$new$0(132)) - a5a3f093-0768-4d4b-b08f-053c130678b3@group-23AF959E1599-SegmentedRaftLogWorker: flushIndex: setUnconditionally 0 -> -1
2021-03-01 18:11:38,002 [pool-1045-thread-1] INFO  segmented.SegmentedRaftLogWorker (SegmentedRaftLogWorker.java:lambda$new$0(132)) - a5a3f093-0768-4d4b-b08f-053c130678b3@group-23AF959E1599-SegmentedRaftLogWorker: safeCacheEvictIndex: setUnconditionally 0 -> -1
2021-03-01 18:11:38,002 [pool-1045-thread-1] INFO  server.RaftServerConfigKeys (ConfUtils.java:logGet(44)) - raft.server.snapshot.auto.trigger.enabled = true (custom)
2021-03-01 18:11:38,002 [pool-1045-thread-1] INFO  server.RaftServerConfigKeys (ConfUtils.java:logGet(44)) - raft.server.snapshot.auto.trigger.threshold = 10000 (custom)
2021-03-01 18:11:38,002 [pool-1045-thread-1] INFO  server.RaftServerConfigKeys (ConfUtils.java:logGet(44)) - raft.server.snapshot.retention.file.num = 5 (custom)
2021-03-01 18:11:38,002 [pool-1045-thread-1] INFO  server.RaftServerConfigKeys (ConfUtils.java:logGet(44)) - raft.server.log.purge.upto.snapshot.index = false (default)
2021-03-01 18:11:38,002 [pool-1045-thread-1] INFO  server.RaftServerConfigKeys (ConfUtils.java:logGet(44)) - raft.server.retrycache.expirytime = 600000ms (custom)
2021-03-01 18:11:38,002 [pool-1045-thread-1] INFO  server.RaftServerConfigKeys (ConfUtils.java:logGet(44)) - raft.server.retrycache.statistics.expirytime = 100?s (default)
2021-03-01 18:11:38,002 [pool-1045-thread-1] INFO  metrics.RatisMetrics (RatisMetrics.java:lambda$create$0(36)) - Creating Metrics Registry : ratis.leader_election.a5a3f093-0768-4d4b-b08f-053c130678b3@group-23AF959E1599
2021-03-01 18:11:38,003 [pool-1045-thread-1] INFO  metrics.RatisMetrics (RatisMetrics.java:lambda$create$0(36)) - Creating Metrics Registry : ratis.server.a5a3f093-0768-4d4b-b08f-053c130678b3@group-23AF959E1599
2021-03-01 18:11:38,005 [pool-1045-thread-1] INFO  server.RaftServer$Division (RaftServerImpl.java:start(295)) - a5a3f093-0768-4d4b-b08f-053c130678b3@group-23AF959E1599: start as a follower, conf=-1: [a5a3f093-0768-4d4b-b08f-053c130678b3|rpc:172.17.0.2:40499|priority:1], old=null
2021-03-01 18:11:38,005 [pool-1045-thread-1] INFO  server.RaftServer$Division (RaftServerImpl.java:setRole(284)) - a5a3f093-0768-4d4b-b08f-053c130678b3@group-23AF959E1599: changes role from      null to FOLLOWER at term 0 for startAsFollower
2021-03-01 18:11:38,005 [pool-1045-thread-1] INFO  impl.RoleInfo (RoleInfo.java:updateAndGet(130)) - a5a3f093-0768-4d4b-b08f-053c130678b3: start a5a3f093-0768-4d4b-b08f-053c130678b3@group-23AF959E1599-FollowerState
2021-03-01 18:11:38,005 [pool-1045-thread-1] INFO  util.JmxRegister (JmxRegister.java:tryRegister(44)) - Successfully registered JMX Bean with object name Ratis:service=RaftServer,group=group-23AF959E1599,id=a5a3f093-0768-4d4b-b08f-053c130678b3
2021-03-01 18:11:38,005 [pool-1045-thread-1] INFO  metrics.RatisMetrics (RatisMetrics.java:lambda$create$0(36)) - Creating Metrics Registry : ratis.state_machine.a5a3f093-0768-4d4b-b08f-053c130678b3@group-23AF959E1599
2021-03-01 18:11:38,006 [Command processor thread] INFO  commandhandler.CreatePipelineCommandHandler (CreatePipelineCommandHandler.java:handle(106)) - Created Pipeline RATIS ONE PipelineID=bada6328-bb35-467d-beb6-23af959e1599.
2021-03-01 18:11:38,166 [Command processor thread] INFO  server.RaftServer (RaftServerProxy.java:addNew(95)) - ca5fd955-873f-4bac-9f2a-538d93af5c77: addNew group-124E35EA2158:[ca5fd955-873f-4bac-9f2a-538d93af5c77|rpc:172.17.0.2:36703|priority:1] returns group-124E35EA2158:java.util.concurrent.CompletableFuture@8ea1c68[Not completed]
2021-03-01 18:11:38,167 [pool-1061-thread-1] INFO  server.RaftServer$Division (RaftServerImpl.java:<init>(180)) - ca5fd955-873f-4bac-9f2a-538d93af5c77: new RaftServerImpl for group-124E35EA2158:[ca5fd955-873f-4bac-9f2a-538d93af5c77|rpc:172.17.0.2:36703|priority:1] with ContainerStateMachine:uninitialized
2021-03-01 18:11:38,167 [pool-1061-thread-1] INFO  server.RaftServerConfigKeys (ConfUtils.java:logGet(44)) - raft.server.rpc.timeout.min = 5s (custom)
2021-03-01 18:11:38,167 [pool-1061-thread-1] INFO  server.RaftServerConfigKeys (ConfUtils.java:logGet(44)) - raft.server.rpc.timeout.max = 5200ms (custom)
2021-03-01 18:11:38,167 [pool-1061-thread-1] INFO  server.RaftServerConfigKeys (ConfUtils.java:logGet(44)) - raft.server.rpc.sleep.time = 25ms (default)
2021-03-01 18:11:38,167 [pool-1061-thread-1] INFO  server.RaftServerConfigKeys (ConfUtils.java:logGet(44)) - raft.server.rpc.slowness.timeout = 300000ms (custom)
2021-03-01 18:11:38,167 [pool-1061-thread-1] INFO  server.RaftServerConfigKeys (ConfUtils.java:logGet(44)) - raft.server.leaderelection.leader.step-down.wait-time = 10s (default)
2021-03-01 18:11:38,167 [pool-1061-thread-1] INFO  server.RaftServerConfigKeys (ConfUtils.java:logGet(44)) - raft.server.sleep.deviation.threshold = 300ms (default)
2021-03-01 18:11:38,167 [pool-1061-thread-1] INFO  server.RaftServerConfigKeys (ConfUtils.java:logGet(44)) - raft.server.log.appender.install.snapshot.enabled = false (custom)
2021-03-01 18:11:38,167 [pool-1061-thread-1] INFO  server.RaftServer$Division (ServerState.java:<init>(105)) - ca5fd955-873f-4bac-9f2a-538d93af5c77@group-124E35EA2158: ConfigurationManager, init=-1: [ca5fd955-873f-4bac-9f2a-538d93af5c77|rpc:172.17.0.2:36703|priority:1], old=null, confs=<EMPTY_MAP>
2021-03-01 18:11:38,168 [pool-1061-thread-1] INFO  server.RaftServerConfigKeys (ConfUtils.java:logGet(44)) - raft.server.storage.dir = [/github/workspace/mnt/ozone/hadoop-ozone/integration-test/target/test-dir/MiniOzoneClusterImpl-5b5774a2-bf3c-4723-a113-e238e3f8131c/datanode-3/data/ratis] (custom)
2021-03-01 18:11:38,168 [pool-1061-thread-1] INFO  server.RaftServerConfigKeys (ConfUtils.java:logGet(44)) - raft.server.log.corruption.policy = EXCEPTION (default)
2021-03-01 18:11:38,168 [pool-1061-thread-1] INFO  storage.RaftStorageDirectory (RaftStorageDirectoryImpl.java:analyzeStorage(132)) - The storage directory /github/workspace/mnt/ozone/hadoop-ozone/integration-test/target/test-dir/MiniOzoneClusterImpl-5b5774a2-bf3c-4723-a113-e238e3f8131c/datanode-3/data/ratis/1319189b-64a6-42c0-a324-124e35ea2158 does not exist. Creating ...
2021-03-01 18:11:38,169 [pool-1061-thread-1] INFO  storage.RaftStorageDirectory (RaftStorageDirectoryImpl.java:tryLock(215)) - Lock on /github/workspace/mnt/ozone/hadoop-ozone/integration-test/target/test-dir/MiniOzoneClusterImpl-5b5774a2-bf3c-4723-a113-e238e3f8131c/datanode-3/data/ratis/1319189b-64a6-42c0-a324-124e35ea2158/in_use.lock acquired by nodename 4952@83787af071e2
2021-03-01 18:11:38,169 [pool-1061-thread-1] INFO  storage.RaftStorage (RaftStorageImpl.java:format(87)) - Storage directory /github/workspace/mnt/ozone/hadoop-ozone/integration-test/target/test-dir/MiniOzoneClusterImpl-5b5774a2-bf3c-4723-a113-e238e3f8131c/datanode-3/data/ratis/1319189b-64a6-42c0-a324-124e35ea2158 has been successfully formatted.
2021-03-01 18:11:38,170 [pool-1061-thread-1] INFO  ratis.ContainerStateMachine (ContainerStateMachine.java:loadSnapshot(223)) - group-124E35EA2158: The snapshot info is null. Setting the last applied indexto:(t:0, i:~)
2021-03-01 18:11:38,170 [pool-1061-thread-1] ERROR storage.RaftStorage (RaftStorageImpl.java:readRaftConfiguration(147)) - Failed reading configuration from file:/github/workspace/mnt/ozone/hadoop-ozone/integration-test/target/test-dir/MiniOzoneClusterImpl-5b5774a2-bf3c-4723-a113-e238e3f8131c/datanode-3/data/ratis/1319189b-64a6-42c0-a324-124e35ea2158/current/raft-meta.conf
java.io.FileNotFoundException: /github/workspace/mnt/ozone/hadoop-ozone/integration-test/target/test-dir/MiniOzoneClusterImpl-5b5774a2-bf3c-4723-a113-e238e3f8131c/datanode-3/data/ratis/1319189b-64a6-42c0-a324-124e35ea2158/current/raft-meta.conf (No such file or directory)
	at java.io.FileInputStream.open0(Native Method)
	at java.io.FileInputStream.open(FileInputStream.java:195)
	at java.io.FileInputStream.<init>(FileInputStream.java:138)
	at org.apache.ratis.server.storage.RaftStorageImpl.readRaftConfiguration(RaftStorageImpl.java:143)
	at org.apache.ratis.server.impl.ServerState.<init>(ServerState.java:122)
	at org.apache.ratis.server.impl.RaftServerImpl.<init>(RaftServerImpl.java:193)
	at org.apache.ratis.server.impl.RaftServerProxy.lambda$newRaftServerImpl$4(RaftServerProxy.java:266)
	at java.util.concurrent.CompletableFuture$AsyncSupply.run(CompletableFuture.java:1604)
	at java.util.concurrent.ThreadPoolExecutor.runWorker(ThreadPoolExecutor.java:1149)
	at java.util.concurrent.ThreadPoolExecutor$Worker.run(ThreadPoolExecutor.java:624)
	at java.lang.Thread.run(Thread.java:748)
2021-03-01 18:11:38,170 [pool-1061-thread-1] INFO  server.RaftServerConfigKeys (ConfUtils.java:logGet(44)) - raft.server.notification.no-leader.timeout = 300000ms (custom)
2021-03-01 18:11:38,170 [pool-1061-thread-1] INFO  server.RaftServerConfigKeys (ConfUtils.java:logGet(44)) - raft.server.log.use.memory = false (default)
2021-03-01 18:11:38,170 [pool-1061-thread-1] INFO  server.RaftServerConfigKeys (ConfUtils.java:logGet(44)) - raft.server.log.purge.gap = 1000000 (custom)
2021-03-01 18:11:38,170 [pool-1061-thread-1] INFO  server.RaftServerConfigKeys (ConfUtils.java:logGet(44)) - raft.server.log.appender.buffer.byte-limit = 33554432 (custom)
2021-03-01 18:11:38,170 [EventQueue-PipelineReportForOneReplicaPipelineSafeModeRule] INFO  safemode.SCMSafeModeManager (SCMSafeModeManager.java:validateSafeModeExitRules(214)) - AtleastOneDatanodeReportedRule rule is successfully validated
2021-03-01 18:11:38,170 [EventQueue-PipelineReportForPipelineReportHandler] INFO  pipeline.PipelineStateManager (PipelineStateManager.java:openPipeline(132)) - Pipeline Pipeline[ Id: 1319189b-64a6-42c0-a324-124e35ea2158, Nodes: ca5fd955-873f-4bac-9f2a-538d93af5c77{ip: 172.17.0.2, host: 83787af071e2, ports: [REPLICATION=42543, RATIS=36703, RATIS_ADMIN=36703, RATIS_SERVER=36703, STANDALONE=39671], networkLocation: /default-rack, certSerialId: null, persistedOpState: IN_SERVICE, persistedOpStateExpiryEpochSec: 0}, Type:RATIS, Factor:ONE, State:ALLOCATED, leaderId:ca5fd955-873f-4bac-9f2a-538d93af5c77, CreationTimestamp2021-03-01T18:11:35.167Z] moved to OPEN state
2021-03-01 18:11:38,170 [pool-1061-thread-1] INFO  metrics.RatisMetrics (RatisMetrics.java:lambda$create$0(36)) - Creating Metrics Registry : ratis.log_worker.ca5fd955-873f-4bac-9f2a-538d93af5c77@group-124E35EA2158
2021-03-01 18:11:38,170 [EventQueue-OpenPipelineForHealthyPipelineSafeModeRule] INFO  safemode.SCMSafeModeManager (HealthyPipelineSafeModeRule.java:process(128)) - SCM in safe mode. Healthy pipelines reported count is 0, required healthy pipeline reported count is 1
2021-03-01 18:11:38,170 [pool-1061-thread-1] INFO  server.RaftServerConfigKeys (ConfUtils.java:logGet(44)) - raft.server.log.segment.size.max = 1048576 (custom)
2021-03-01 18:11:38,171 [pool-1061-thread-1] INFO  server.RaftServerConfigKeys (ConfUtils.java:logGet(44)) - raft.server.log.segment.cache.num.max = 2 (custom)
2021-03-01 18:11:38,172 [pool-1061-thread-1] INFO  server.RaftServerConfigKeys (ConfUtils.java:logGet(44)) - raft.server.log.segment.cache.size.max = 200MB (=209715200) (default)
2021-03-01 18:11:38,172 [pool-1061-thread-1] INFO  segmented.SegmentedRaftLogWorker (SegmentedRaftLogWorker.java:<init>(181)) - new ca5fd955-873f-4bac-9f2a-538d93af5c77@group-124E35EA2158-SegmentedRaftLogWorker for RaftStorageImpl:Storage Directory /github/workspace/mnt/ozone/hadoop-ozone/integration-test/target/test-dir/MiniOzoneClusterImpl-5b5774a2-bf3c-4723-a113-e238e3f8131c/datanode-3/data/ratis/1319189b-64a6-42c0-a324-124e35ea2158
2021-03-01 18:11:38,172 [pool-1061-thread-1] INFO  server.RaftServerConfigKeys (ConfUtils.java:logGet(44)) - raft.server.log.queue.byte-limit = 2147483647 (custom)
2021-03-01 18:11:38,172 [pool-1061-thread-1] INFO  server.RaftServerConfigKeys (ConfUtils.java:logGet(44)) - raft.server.log.queue.element-limit = 1024 (custom)
2021-03-01 18:11:38,172 [pool-1061-thread-1] INFO  server.RaftServerConfigKeys (ConfUtils.java:logGet(44)) - raft.server.log.segment.size.max = 1048576 (custom)
2021-03-01 18:11:38,172 [pool-1061-thread-1] INFO  server.RaftServerConfigKeys (ConfUtils.java:logGet(44)) - raft.server.log.preallocated.size = 16384 (custom)
2021-03-01 18:11:38,172 [pool-1061-thread-1] INFO  server.RaftServerConfigKeys (ConfUtils.java:logGet(44)) - raft.server.log.force.sync.num = 128 (default)
2021-03-01 18:11:38,172 [pool-1061-thread-1] INFO  server.RaftServerConfigKeys (ConfUtils.java:logGet(44)) - raft.server.log.statemachine.data.sync = true (default)
2021-03-01 18:11:38,172 [pool-1061-thread-1] INFO  server.RaftServerConfigKeys (ConfUtils.java:logGet(44)) - raft.server.log.statemachine.data.sync.timeout = 10s (default)
2021-03-01 18:11:38,172 [pool-1061-thread-1] INFO  server.RaftServerConfigKeys (ConfUtils.java:logGet(44)) - raft.server.log.statemachine.data.sync.timeout.retry = -1 (default)
2021-03-01 18:11:38,174 [pool-1061-thread-1] INFO  server.RaftServerConfigKeys (ConfUtils.java:logGet(44)) - raft.server.log.write.buffer.size = 1048576 (custom)
2021-03-01 18:11:38,175 [pool-1061-thread-1] INFO  server.RaftServerConfigKeys (ConfUtils.java:logGet(44)) - raft.server.log.statemachine.data.caching.enabled = true (custom)
2021-03-01 18:11:38,175 [pool-1061-thread-1] INFO  segmented.SegmentedRaftLogWorker (SegmentedRaftLogWorker.java:lambda$new$0(132)) - ca5fd955-873f-4bac-9f2a-538d93af5c77@group-124E35EA2158-SegmentedRaftLogWorker: flushIndex: setUnconditionally 0 -> -1
2021-03-01 18:11:38,175 [pool-1061-thread-1] INFO  segmented.SegmentedRaftLogWorker (SegmentedRaftLogWorker.java:lambda$new$0(132)) - ca5fd955-873f-4bac-9f2a-538d93af5c77@group-124E35EA2158-SegmentedRaftLogWorker: safeCacheEvictIndex: setUnconditionally 0 -> -1
2021-03-01 18:11:38,175 [pool-1061-thread-1] INFO  server.RaftServerConfigKeys (ConfUtils.java:logGet(44)) - raft.server.snapshot.auto.trigger.enabled = true (custom)
2021-03-01 18:11:38,176 [pool-1061-thread-1] INFO  server.RaftServerConfigKeys (ConfUtils.java:logGet(44)) - raft.server.snapshot.auto.trigger.threshold = 10000 (custom)
2021-03-01 18:11:38,176 [pool-1061-thread-1] INFO  server.RaftServerConfigKeys (ConfUtils.java:logGet(44)) - raft.server.snapshot.retention.file.num = 5 (custom)
2021-03-01 18:11:38,176 [pool-1061-thread-1] INFO  server.RaftServerConfigKeys (ConfUtils.java:logGet(44)) - raft.server.log.purge.upto.snapshot.index = false (default)
2021-03-01 18:11:38,176 [pool-1061-thread-1] INFO  server.RaftServerConfigKeys (ConfUtils.java:logGet(44)) - raft.server.retrycache.expirytime = 600000ms (custom)
2021-03-01 18:11:38,176 [pool-1061-thread-1] INFO  server.RaftServerConfigKeys (ConfUtils.java:logGet(44)) - raft.server.retrycache.statistics.expirytime = 100?s (default)
2021-03-01 18:11:38,176 [pool-1061-thread-1] INFO  metrics.RatisMetrics (RatisMetrics.java:lambda$create$0(36)) - Creating Metrics Registry : ratis.leader_election.ca5fd955-873f-4bac-9f2a-538d93af5c77@group-124E35EA2158
2021-03-01 18:11:38,177 [pool-1061-thread-1] INFO  metrics.RatisMetrics (RatisMetrics.java:lambda$create$0(36)) - Creating Metrics Registry : ratis.server.ca5fd955-873f-4bac-9f2a-538d93af5c77@group-124E35EA2158
2021-03-01 18:11:38,179 [pool-1061-thread-1] INFO  server.RaftServer$Division (RaftServerImpl.java:start(295)) - ca5fd955-873f-4bac-9f2a-538d93af5c77@group-124E35EA2158: start as a follower, conf=-1: [ca5fd955-873f-4bac-9f2a-538d93af5c77|rpc:172.17.0.2:36703|priority:1], old=null
2021-03-01 18:11:38,179 [pool-1061-thread-1] INFO  server.RaftServer$Division (RaftServerImpl.java:setRole(284)) - ca5fd955-873f-4bac-9f2a-538d93af5c77@group-124E35EA2158: changes role from      null to FOLLOWER at term 0 for startAsFollower
2021-03-01 18:11:38,179 [pool-1061-thread-1] INFO  impl.RoleInfo (RoleInfo.java:updateAndGet(130)) - ca5fd955-873f-4bac-9f2a-538d93af5c77: start ca5fd955-873f-4bac-9f2a-538d93af5c77@group-124E35EA2158-FollowerState
2021-03-01 18:11:38,180 [pool-1061-thread-1] INFO  util.JmxRegister (JmxRegister.java:tryRegister(44)) - Successfully registered JMX Bean with object name Ratis:service=RaftServer,group=group-124E35EA2158,id=ca5fd955-873f-4bac-9f2a-538d93af5c77
2021-03-01 18:11:38,180 [pool-1061-thread-1] INFO  metrics.RatisMetrics (RatisMetrics.java:lambda$create$0(36)) - Creating Metrics Registry : ratis.state_machine.ca5fd955-873f-4bac-9f2a-538d93af5c77@group-124E35EA2158
2021-03-01 18:11:38,181 [Command processor thread] INFO  commandhandler.CreatePipelineCommandHandler (CreatePipelineCommandHandler.java:handle(106)) - Created Pipeline RATIS ONE PipelineID=1319189b-64a6-42c0-a324-124e35ea2158.
2021-03-01 18:11:38,181 [Command processor thread] INFO  server.RaftServer (RaftServerProxy.java:addNew(95)) - ca5fd955-873f-4bac-9f2a-538d93af5c77: addNew group-3E8CA9905F22:[b303f36a-f963-4721-9f7a-b5e9e54e4468|rpc:172.17.0.2:32969|priority:0, a7136ecb-4465-4bae-b158-9cfc61718915|rpc:172.17.0.2:42023|priority:1, ca5fd955-873f-4bac-9f2a-538d93af5c77|rpc:172.17.0.2:36703|priority:0] returns group-3E8CA9905F22:java.util.concurrent.CompletableFuture@cd599ad[Not completed]
2021-03-01 18:11:38,181 [pool-1061-thread-1] INFO  server.RaftServer$Division (RaftServerImpl.java:<init>(180)) - ca5fd955-873f-4bac-9f2a-538d93af5c77: new RaftServerImpl for group-3E8CA9905F22:[b303f36a-f963-4721-9f7a-b5e9e54e4468|rpc:172.17.0.2:32969|priority:0, a7136ecb-4465-4bae-b158-9cfc61718915|rpc:172.17.0.2:42023|priority:1, ca5fd955-873f-4bac-9f2a-538d93af5c77|rpc:172.17.0.2:36703|priority:0] with ContainerStateMachine:uninitialized
2021-03-01 18:11:38,181 [pool-1061-thread-1] INFO  server.RaftServerConfigKeys (ConfUtils.java:logGet(44)) - raft.server.rpc.timeout.min = 5s (custom)
2021-03-01 18:11:38,182 [pool-1061-thread-1] INFO  server.RaftServerConfigKeys (ConfUtils.java:logGet(44)) - raft.server.rpc.timeout.max = 5200ms (custom)
2021-03-01 18:11:38,182 [pool-1061-thread-1] INFO  server.RaftServerConfigKeys (ConfUtils.java:logGet(44)) - raft.server.rpc.sleep.time = 25ms (default)
2021-03-01 18:11:38,182 [pool-1061-thread-1] INFO  server.RaftServerConfigKeys (ConfUtils.java:logGet(44)) - raft.server.rpc.slowness.timeout = 300000ms (custom)
2021-03-01 18:11:38,182 [pool-1061-thread-1] INFO  server.RaftServerConfigKeys (ConfUtils.java:logGet(44)) - raft.server.leaderelection.leader.step-down.wait-time = 10s (default)
2021-03-01 18:11:38,182 [pool-1061-thread-1] INFO  server.RaftServerConfigKeys (ConfUtils.java:logGet(44)) - raft.server.sleep.deviation.threshold = 300ms (default)
2021-03-01 18:11:38,182 [pool-1061-thread-1] INFO  server.RaftServerConfigKeys (ConfUtils.java:logGet(44)) - raft.server.log.appender.install.snapshot.enabled = false (custom)
2021-03-01 18:11:38,182 [pool-1061-thread-1] INFO  server.RaftServer$Division (ServerState.java:<init>(105)) - ca5fd955-873f-4bac-9f2a-538d93af5c77@group-3E8CA9905F22: ConfigurationManager, init=-1: [b303f36a-f963-4721-9f7a-b5e9e54e4468|rpc:172.17.0.2:32969|priority:0, a7136ecb-4465-4bae-b158-9cfc61718915|rpc:172.17.0.2:42023|priority:1, ca5fd955-873f-4bac-9f2a-538d93af5c77|rpc:172.17.0.2:36703|priority:0], old=null, confs=<EMPTY_MAP>
2021-03-01 18:11:38,182 [pool-1061-thread-1] INFO  server.RaftServerConfigKeys (ConfUtils.java:logGet(44)) - raft.server.storage.dir = [/github/workspace/mnt/ozone/hadoop-ozone/integration-test/target/test-dir/MiniOzoneClusterImpl-5b5774a2-bf3c-4723-a113-e238e3f8131c/datanode-3/data/ratis] (custom)
2021-03-01 18:11:38,182 [pool-1061-thread-1] INFO  server.RaftServerConfigKeys (ConfUtils.java:logGet(44)) - raft.server.log.corruption.policy = EXCEPTION (default)
2021-03-01 18:11:38,182 [pool-1061-thread-1] INFO  storage.RaftStorageDirectory (RaftStorageDirectoryImpl.java:analyzeStorage(132)) - The storage directory /github/workspace/mnt/ozone/hadoop-ozone/integration-test/target/test-dir/MiniOzoneClusterImpl-5b5774a2-bf3c-4723-a113-e238e3f8131c/datanode-3/data/ratis/2f262e5f-c32b-47ed-b451-3e8ca9905f22 does not exist. Creating ...
2021-03-01 18:11:38,183 [pool-1061-thread-1] INFO  storage.RaftStorageDirectory (RaftStorageDirectoryImpl.java:tryLock(215)) - Lock on /github/workspace/mnt/ozone/hadoop-ozone/integration-test/target/test-dir/MiniOzoneClusterImpl-5b5774a2-bf3c-4723-a113-e238e3f8131c/datanode-3/data/ratis/2f262e5f-c32b-47ed-b451-3e8ca9905f22/in_use.lock acquired by nodename 4952@83787af071e2
2021-03-01 18:11:38,184 [pool-1061-thread-1] INFO  storage.RaftStorage (RaftStorageImpl.java:format(87)) - Storage directory /github/workspace/mnt/ozone/hadoop-ozone/integration-test/target/test-dir/MiniOzoneClusterImpl-5b5774a2-bf3c-4723-a113-e238e3f8131c/datanode-3/data/ratis/2f262e5f-c32b-47ed-b451-3e8ca9905f22 has been successfully formatted.
2021-03-01 18:11:38,184 [pool-1061-thread-1] INFO  ratis.ContainerStateMachine (ContainerStateMachine.java:loadSnapshot(223)) - group-3E8CA9905F22: The snapshot info is null. Setting the last applied indexto:(t:0, i:~)
2021-03-01 18:11:38,184 [pool-1061-thread-1] ERROR storage.RaftStorage (RaftStorageImpl.java:readRaftConfiguration(147)) - Failed reading configuration from file:/github/workspace/mnt/ozone/hadoop-ozone/integration-test/target/test-dir/MiniOzoneClusterImpl-5b5774a2-bf3c-4723-a113-e238e3f8131c/datanode-3/data/ratis/2f262e5f-c32b-47ed-b451-3e8ca9905f22/current/raft-meta.conf
java.io.FileNotFoundException: /github/workspace/mnt/ozone/hadoop-ozone/integration-test/target/test-dir/MiniOzoneClusterImpl-5b5774a2-bf3c-4723-a113-e238e3f8131c/datanode-3/data/ratis/2f262e5f-c32b-47ed-b451-3e8ca9905f22/current/raft-meta.conf (No such file or directory)
	at java.io.FileInputStream.open0(Native Method)
	at java.io.FileInputStream.open(FileInputStream.java:195)
	at java.io.FileInputStream.<init>(FileInputStream.java:138)
	at org.apache.ratis.server.storage.RaftStorageImpl.readRaftConfiguration(RaftStorageImpl.java:143)
	at org.apache.ratis.server.impl.ServerState.<init>(ServerState.java:122)
	at org.apache.ratis.server.impl.RaftServerImpl.<init>(RaftServerImpl.java:193)
	at org.apache.ratis.server.impl.RaftServerProxy.lambda$newRaftServerImpl$4(RaftServerProxy.java:266)
	at java.util.concurrent.CompletableFuture$AsyncSupply.run(CompletableFuture.java:1604)
	at java.util.concurrent.ThreadPoolExecutor.runWorker(ThreadPoolExecutor.java:1149)
	at java.util.concurrent.ThreadPoolExecutor$Worker.run(ThreadPoolExecutor.java:624)
	at java.lang.Thread.run(Thread.java:748)
2021-03-01 18:11:38,184 [pool-1061-thread-1] INFO  server.RaftServerConfigKeys (ConfUtils.java:logGet(44)) - raft.server.notification.no-leader.timeout = 300000ms (custom)
2021-03-01 18:11:38,184 [pool-1061-thread-1] INFO  server.RaftServerConfigKeys (ConfUtils.java:logGet(44)) - raft.server.log.use.memory = false (default)
2021-03-01 18:11:38,184 [EventQueue-OpenPipelineForHealthyPipelineSafeModeRule] INFO  safemode.SCMSafeModeManager (HealthyPipelineSafeModeRule.java:process(128)) - SCM in safe mode. Healthy pipelines reported count is 0, required healthy pipeline reported count is 1
2021-03-01 18:11:38,184 [EventQueue-PipelineReportForOneReplicaPipelineSafeModeRule] INFO  safemode.SCMSafeModeManager (SCMSafeModeManager.java:validateSafeModeExitRules(214)) - AtleastOneDatanodeReportedRule rule is successfully validated
2021-03-01 18:11:38,184 [pool-1061-thread-1] INFO  server.RaftServerConfigKeys (ConfUtils.java:logGet(44)) - raft.server.log.purge.gap = 1000000 (custom)
2021-03-01 18:11:38,184 [pool-1061-thread-1] INFO  server.RaftServerConfigKeys (ConfUtils.java:logGet(44)) - raft.server.log.appender.buffer.byte-limit = 33554432 (custom)
2021-03-01 18:11:38,185 [pool-1061-thread-1] INFO  metrics.RatisMetrics (RatisMetrics.java:lambda$create$0(36)) - Creating Metrics Registry : ratis.log_worker.ca5fd955-873f-4bac-9f2a-538d93af5c77@group-3E8CA9905F22
2021-03-01 18:11:38,185 [pool-1061-thread-1] INFO  server.RaftServerConfigKeys (ConfUtils.java:logGet(44)) - raft.server.log.segment.size.max = 1048576 (custom)
2021-03-01 18:11:38,186 [pool-1061-thread-1] INFO  server.RaftServerConfigKeys (ConfUtils.java:logGet(44)) - raft.server.log.segment.cache.num.max = 2 (custom)
2021-03-01 18:11:38,186 [pool-1061-thread-1] INFO  server.RaftServerConfigKeys (ConfUtils.java:logGet(44)) - raft.server.log.segment.cache.size.max = 200MB (=209715200) (default)
2021-03-01 18:11:38,186 [pool-1061-thread-1] INFO  segmented.SegmentedRaftLogWorker (SegmentedRaftLogWorker.java:<init>(181)) - new ca5fd955-873f-4bac-9f2a-538d93af5c77@group-3E8CA9905F22-SegmentedRaftLogWorker for RaftStorageImpl:Storage Directory /github/workspace/mnt/ozone/hadoop-ozone/integration-test/target/test-dir/MiniOzoneClusterImpl-5b5774a2-bf3c-4723-a113-e238e3f8131c/datanode-3/data/ratis/2f262e5f-c32b-47ed-b451-3e8ca9905f22
2021-03-01 18:11:38,186 [pool-1061-thread-1] INFO  server.RaftServerConfigKeys (ConfUtils.java:logGet(44)) - raft.server.log.queue.byte-limit = 2147483647 (custom)
2021-03-01 18:11:38,186 [pool-1061-thread-1] INFO  server.RaftServerConfigKeys (ConfUtils.java:logGet(44)) - raft.server.log.queue.element-limit = 1024 (custom)
2021-03-01 18:11:38,186 [pool-1061-thread-1] INFO  server.RaftServerConfigKeys (ConfUtils.java:logGet(44)) - raft.server.log.segment.size.max = 1048576 (custom)
2021-03-01 18:11:38,186 [pool-1061-thread-1] INFO  server.RaftServerConfigKeys (ConfUtils.java:logGet(44)) - raft.server.log.preallocated.size = 16384 (custom)
2021-03-01 18:11:38,186 [pool-1061-thread-1] INFO  server.RaftServerConfigKeys (ConfUtils.java:logGet(44)) - raft.server.log.force.sync.num = 128 (default)
2021-03-01 18:11:38,186 [pool-1061-thread-1] INFO  server.RaftServerConfigKeys (ConfUtils.java:logGet(44)) - raft.server.log.statemachine.data.sync = true (default)
2021-03-01 18:11:38,186 [pool-1061-thread-1] INFO  server.RaftServerConfigKeys (ConfUtils.java:logGet(44)) - raft.server.log.statemachine.data.sync.timeout = 10s (default)
2021-03-01 18:11:38,186 [pool-1061-thread-1] INFO  server.RaftServerConfigKeys (ConfUtils.java:logGet(44)) - raft.server.log.statemachine.data.sync.timeout.retry = -1 (default)
2021-03-01 18:11:38,188 [pool-1061-thread-1] INFO  server.RaftServerConfigKeys (ConfUtils.java:logGet(44)) - raft.server.log.write.buffer.size = 1048576 (custom)
2021-03-01 18:11:38,189 [pool-1061-thread-1] INFO  server.RaftServerConfigKeys (ConfUtils.java:logGet(44)) - raft.server.log.statemachine.data.caching.enabled = true (custom)
2021-03-01 18:11:38,189 [pool-1061-thread-1] INFO  segmented.SegmentedRaftLogWorker (SegmentedRaftLogWorker.java:lambda$new$0(132)) - ca5fd955-873f-4bac-9f2a-538d93af5c77@group-3E8CA9905F22-SegmentedRaftLogWorker: flushIndex: setUnconditionally 0 -> -1
2021-03-01 18:11:38,189 [pool-1061-thread-1] INFO  segmented.SegmentedRaftLogWorker (SegmentedRaftLogWorker.java:lambda$new$0(132)) - ca5fd955-873f-4bac-9f2a-538d93af5c77@group-3E8CA9905F22-SegmentedRaftLogWorker: safeCacheEvictIndex: setUnconditionally 0 -> -1
2021-03-01 18:11:38,189 [pool-1061-thread-1] INFO  server.RaftServerConfigKeys (ConfUtils.java:logGet(44)) - raft.server.snapshot.auto.trigger.enabled = true (custom)
2021-03-01 18:11:38,189 [pool-1061-thread-1] INFO  server.RaftServerConfigKeys (ConfUtils.java:logGet(44)) - raft.server.snapshot.auto.trigger.threshold = 10000 (custom)
2021-03-01 18:11:38,189 [pool-1061-thread-1] INFO  server.RaftServerConfigKeys (ConfUtils.java:logGet(44)) - raft.server.snapshot.retention.file.num = 5 (custom)
2021-03-01 18:11:38,190 [pool-1061-thread-1] INFO  server.RaftServerConfigKeys (ConfUtils.java:logGet(44)) - raft.server.log.purge.upto.snapshot.index = false (default)
2021-03-01 18:11:38,190 [pool-1061-thread-1] INFO  server.RaftServerConfigKeys (ConfUtils.java:logGet(44)) - raft.server.retrycache.expirytime = 600000ms (custom)
2021-03-01 18:11:38,190 [pool-1061-thread-1] INFO  server.RaftServerConfigKeys (ConfUtils.java:logGet(44)) - raft.server.retrycache.statistics.expirytime = 100?s (default)
2021-03-01 18:11:38,190 [pool-1061-thread-1] INFO  metrics.RatisMetrics (RatisMetrics.java:lambda$create$0(36)) - Creating Metrics Registry : ratis.leader_election.ca5fd955-873f-4bac-9f2a-538d93af5c77@group-3E8CA9905F22
2021-03-01 18:11:38,191 [pool-1061-thread-1] INFO  metrics.RatisMetrics (RatisMetrics.java:lambda$create$0(36)) - Creating Metrics Registry : ratis.server.ca5fd955-873f-4bac-9f2a-538d93af5c77@group-3E8CA9905F22
2021-03-01 18:11:38,192 [pool-1061-thread-1] INFO  server.RaftServer$Division (RaftServerImpl.java:start(295)) - ca5fd955-873f-4bac-9f2a-538d93af5c77@group-3E8CA9905F22: start as a follower, conf=-1: [b303f36a-f963-4721-9f7a-b5e9e54e4468|rpc:172.17.0.2:32969|priority:0, a7136ecb-4465-4bae-b158-9cfc61718915|rpc:172.17.0.2:42023|priority:1, ca5fd955-873f-4bac-9f2a-538d93af5c77|rpc:172.17.0.2:36703|priority:0], old=null
2021-03-01 18:11:38,193 [pool-1061-thread-1] INFO  server.RaftServer$Division (RaftServerImpl.java:setRole(284)) - ca5fd955-873f-4bac-9f2a-538d93af5c77@group-3E8CA9905F22: changes role from      null to FOLLOWER at term 0 for startAsFollower
2021-03-01 18:11:38,193 [pool-1061-thread-1] INFO  impl.RoleInfo (RoleInfo.java:updateAndGet(130)) - ca5fd955-873f-4bac-9f2a-538d93af5c77: start ca5fd955-873f-4bac-9f2a-538d93af5c77@group-3E8CA9905F22-FollowerState
2021-03-01 18:11:38,193 [pool-1061-thread-1] INFO  util.JmxRegister (JmxRegister.java:tryRegister(44)) - Successfully registered JMX Bean with object name Ratis:service=RaftServer,group=group-3E8CA9905F22,id=ca5fd955-873f-4bac-9f2a-538d93af5c77
2021-03-01 18:11:38,193 [pool-1061-thread-1] INFO  metrics.RatisMetrics (RatisMetrics.java:lambda$create$0(36)) - Creating Metrics Registry : ratis.state_machine.ca5fd955-873f-4bac-9f2a-538d93af5c77@group-3E8CA9905F22
2021-03-01 18:11:38,196 [Command processor thread] INFO  metrics.RatisMetrics (RatisMetrics.java:lambda$create$0(36)) - Creating Metrics Registry : ratis.client_message_metrics.client-7A8895D5DDC9->b303f36a-f963-4721-9f7a-b5e9e54e4468
2021-03-01 18:11:38,199 [grpc-default-executor-2] INFO  metrics.RatisMetrics (RatisMetrics.java:lambda$create$0(36)) - Creating Metrics Registry : ratis.server_message_metrics.b303f36a-f963-4721-9f7a-b5e9e54e4468
2021-03-01 18:11:38,201 [grpc-default-executor-2] INFO  server.RaftServer (RaftServerProxy.java:addNew(95)) - b303f36a-f963-4721-9f7a-b5e9e54e4468: addNew group-3E8CA9905F22:[b303f36a-f963-4721-9f7a-b5e9e54e4468|rpc:172.17.0.2:32969|dataStream:|priority:0, a7136ecb-4465-4bae-b158-9cfc61718915|rpc:172.17.0.2:42023|dataStream:|priority:1, ca5fd955-873f-4bac-9f2a-538d93af5c77|rpc:172.17.0.2:36703|dataStream:|priority:0] returns group-3E8CA9905F22:java.util.concurrent.CompletableFuture@a2274ad[Not completed]
2021-03-01 18:11:38,202 [pool-1093-thread-1] INFO  server.RaftServer$Division (RaftServerImpl.java:<init>(180)) - b303f36a-f963-4721-9f7a-b5e9e54e4468: new RaftServerImpl for group-3E8CA9905F22:[b303f36a-f963-4721-9f7a-b5e9e54e4468|rpc:172.17.0.2:32969|dataStream:|priority:0, a7136ecb-4465-4bae-b158-9cfc61718915|rpc:172.17.0.2:42023|dataStream:|priority:1, ca5fd955-873f-4bac-9f2a-538d93af5c77|rpc:172.17.0.2:36703|dataStream:|priority:0] with ContainerStateMachine:uninitialized
2021-03-01 18:11:38,202 [pool-1093-thread-1] INFO  server.RaftServerConfigKeys (ConfUtils.java:logGet(44)) - raft.server.rpc.timeout.min = 5s (custom)
2021-03-01 18:11:38,202 [pool-1093-thread-1] INFO  server.RaftServerConfigKeys (ConfUtils.java:logGet(44)) - raft.server.rpc.timeout.max = 5200ms (custom)
2021-03-01 18:11:38,202 [pool-1093-thread-1] INFO  server.RaftServerConfigKeys (ConfUtils.java:logGet(44)) - raft.server.rpc.sleep.time = 25ms (default)
2021-03-01 18:11:38,202 [pool-1093-thread-1] INFO  server.RaftServerConfigKeys (ConfUtils.java:logGet(44)) - raft.server.rpc.slowness.timeout = 300000ms (custom)
2021-03-01 18:11:38,202 [pool-1093-thread-1] INFO  server.RaftServerConfigKeys (ConfUtils.java:logGet(44)) - raft.server.leaderelection.leader.step-down.wait-time = 10s (default)
2021-03-01 18:11:38,202 [pool-1093-thread-1] INFO  server.RaftServerConfigKeys (ConfUtils.java:logGet(44)) - raft.server.sleep.deviation.threshold = 300ms (default)
2021-03-01 18:11:38,202 [pool-1093-thread-1] INFO  server.RaftServerConfigKeys (ConfUtils.java:logGet(44)) - raft.server.log.appender.install.snapshot.enabled = false (custom)
2021-03-01 18:11:38,202 [pool-1093-thread-1] INFO  server.RaftServer$Division (ServerState.java:<init>(105)) - b303f36a-f963-4721-9f7a-b5e9e54e4468@group-3E8CA9905F22: ConfigurationManager, init=-1: [b303f36a-f963-4721-9f7a-b5e9e54e4468|rpc:172.17.0.2:32969|dataStream:|priority:0, a7136ecb-4465-4bae-b158-9cfc61718915|rpc:172.17.0.2:42023|dataStream:|priority:1, ca5fd955-873f-4bac-9f2a-538d93af5c77|rpc:172.17.0.2:36703|dataStream:|priority:0], old=null, confs=<EMPTY_MAP>
2021-03-01 18:11:38,202 [pool-1093-thread-1] INFO  server.RaftServerConfigKeys (ConfUtils.java:logGet(44)) - raft.server.storage.dir = [/github/workspace/mnt/ozone/hadoop-ozone/integration-test/target/test-dir/MiniOzoneClusterImpl-5b5774a2-bf3c-4723-a113-e238e3f8131c/datanode-5/data/ratis] (custom)
2021-03-01 18:11:38,202 [pool-1093-thread-1] INFO  server.RaftServerConfigKeys (ConfUtils.java:logGet(44)) - raft.server.log.corruption.policy = EXCEPTION (default)
2021-03-01 18:11:38,202 [pool-1093-thread-1] INFO  storage.RaftStorageDirectory (RaftStorageDirectoryImpl.java:analyzeStorage(132)) - The storage directory /github/workspace/mnt/ozone/hadoop-ozone/integration-test/target/test-dir/MiniOzoneClusterImpl-5b5774a2-bf3c-4723-a113-e238e3f8131c/datanode-5/data/ratis/2f262e5f-c32b-47ed-b451-3e8ca9905f22 does not exist. Creating ...
2021-03-01 18:11:38,203 [pool-1093-thread-1] INFO  storage.RaftStorageDirectory (RaftStorageDirectoryImpl.java:tryLock(215)) - Lock on /github/workspace/mnt/ozone/hadoop-ozone/integration-test/target/test-dir/MiniOzoneClusterImpl-5b5774a2-bf3c-4723-a113-e238e3f8131c/datanode-5/data/ratis/2f262e5f-c32b-47ed-b451-3e8ca9905f22/in_use.lock acquired by nodename 4952@83787af071e2
2021-03-01 18:11:38,204 [pool-1093-thread-1] INFO  storage.RaftStorage (RaftStorageImpl.java:format(87)) - Storage directory /github/workspace/mnt/ozone/hadoop-ozone/integration-test/target/test-dir/MiniOzoneClusterImpl-5b5774a2-bf3c-4723-a113-e238e3f8131c/datanode-5/data/ratis/2f262e5f-c32b-47ed-b451-3e8ca9905f22 has been successfully formatted.
2021-03-01 18:11:38,204 [pool-1093-thread-1] INFO  ratis.ContainerStateMachine (ContainerStateMachine.java:loadSnapshot(223)) - group-3E8CA9905F22: The snapshot info is null. Setting the last applied indexto:(t:0, i:~)
2021-03-01 18:11:38,205 [pool-1093-thread-1] ERROR storage.RaftStorage (RaftStorageImpl.java:readRaftConfiguration(147)) - Failed reading configuration from file:/github/workspace/mnt/ozone/hadoop-ozone/integration-test/target/test-dir/MiniOzoneClusterImpl-5b5774a2-bf3c-4723-a113-e238e3f8131c/datanode-5/data/ratis/2f262e5f-c32b-47ed-b451-3e8ca9905f22/current/raft-meta.conf
java.io.FileNotFoundException: /github/workspace/mnt/ozone/hadoop-ozone/integration-test/target/test-dir/MiniOzoneClusterImpl-5b5774a2-bf3c-4723-a113-e238e3f8131c/datanode-5/data/ratis/2f262e5f-c32b-47ed-b451-3e8ca9905f22/current/raft-meta.conf (No such file or directory)
	at java.io.FileInputStream.open0(Native Method)
	at java.io.FileInputStream.open(FileInputStream.java:195)
	at java.io.FileInputStream.<init>(FileInputStream.java:138)
	at org.apache.ratis.server.storage.RaftStorageImpl.readRaftConfiguration(RaftStorageImpl.java:143)
	at org.apache.ratis.server.impl.ServerState.<init>(ServerState.java:122)
	at org.apache.ratis.server.impl.RaftServerImpl.<init>(RaftServerImpl.java:193)
	at org.apache.ratis.server.impl.RaftServerProxy.lambda$newRaftServerImpl$4(RaftServerProxy.java:266)
	at java.util.concurrent.CompletableFuture$AsyncSupply.run(CompletableFuture.java:1604)
	at java.util.concurrent.ThreadPoolExecutor.runWorker(ThreadPoolExecutor.java:1149)
	at java.util.concurrent.ThreadPoolExecutor$Worker.run(ThreadPoolExecutor.java:624)
	at java.lang.Thread.run(Thread.java:748)
2021-03-01 18:11:38,205 [EventQueue-PipelineReportForOneReplicaPipelineSafeModeRule] INFO  safemode.SCMSafeModeManager (SCMSafeModeManager.java:validateSafeModeExitRules(214)) - AtleastOneDatanodeReportedRule rule is successfully validated
2021-03-01 18:11:38,205 [pool-1093-thread-1] INFO  server.RaftServerConfigKeys (ConfUtils.java:logGet(44)) - raft.server.notification.no-leader.timeout = 300000ms (custom)
2021-03-01 18:11:38,205 [pool-1093-thread-1] INFO  server.RaftServerConfigKeys (ConfUtils.java:logGet(44)) - raft.server.log.use.memory = false (default)
2021-03-01 18:11:38,205 [pool-1093-thread-1] INFO  server.RaftServerConfigKeys (ConfUtils.java:logGet(44)) - raft.server.log.purge.gap = 1000000 (custom)
2021-03-01 18:11:38,205 [pool-1093-thread-1] INFO  server.RaftServerConfigKeys (ConfUtils.java:logGet(44)) - raft.server.log.appender.buffer.byte-limit = 33554432 (custom)
2021-03-01 18:11:38,205 [pool-1093-thread-1] INFO  metrics.RatisMetrics (RatisMetrics.java:lambda$create$0(36)) - Creating Metrics Registry : ratis.log_worker.b303f36a-f963-4721-9f7a-b5e9e54e4468@group-3E8CA9905F22
2021-03-01 18:11:38,205 [pool-1093-thread-1] INFO  server.RaftServerConfigKeys (ConfUtils.java:logGet(44)) - raft.server.log.segment.size.max = 1048576 (custom)
2021-03-01 18:11:38,206 [pool-1093-thread-1] INFO  server.RaftServerConfigKeys (ConfUtils.java:logGet(44)) - raft.server.log.segment.cache.num.max = 2 (custom)
2021-03-01 18:11:38,206 [pool-1093-thread-1] INFO  server.RaftServerConfigKeys (ConfUtils.java:logGet(44)) - raft.server.log.segment.cache.size.max = 200MB (=209715200) (default)
2021-03-01 18:11:38,206 [pool-1093-thread-1] INFO  segmented.SegmentedRaftLogWorker (SegmentedRaftLogWorker.java:<init>(181)) - new b303f36a-f963-4721-9f7a-b5e9e54e4468@group-3E8CA9905F22-SegmentedRaftLogWorker for RaftStorageImpl:Storage Directory /github/workspace/mnt/ozone/hadoop-ozone/integration-test/target/test-dir/MiniOzoneClusterImpl-5b5774a2-bf3c-4723-a113-e238e3f8131c/datanode-5/data/ratis/2f262e5f-c32b-47ed-b451-3e8ca9905f22
2021-03-01 18:11:38,206 [pool-1093-thread-1] INFO  server.RaftServerConfigKeys (ConfUtils.java:logGet(44)) - raft.server.log.queue.byte-limit = 2147483647 (custom)
2021-03-01 18:11:38,206 [pool-1093-thread-1] INFO  server.RaftServerConfigKeys (ConfUtils.java:logGet(44)) - raft.server.log.queue.element-limit = 1024 (custom)
2021-03-01 18:11:38,206 [pool-1093-thread-1] INFO  server.RaftServerConfigKeys (ConfUtils.java:logGet(44)) - raft.server.log.segment.size.max = 1048576 (custom)
2021-03-01 18:11:38,207 [pool-1093-thread-1] INFO  server.RaftServerConfigKeys (ConfUtils.java:logGet(44)) - raft.server.log.preallocated.size = 16384 (custom)
2021-03-01 18:11:38,207 [pool-1093-thread-1] INFO  server.RaftServerConfigKeys (ConfUtils.java:logGet(44)) - raft.server.log.force.sync.num = 128 (default)
2021-03-01 18:11:38,207 [pool-1093-thread-1] INFO  server.RaftServerConfigKeys (ConfUtils.java:logGet(44)) - raft.server.log.statemachine.data.sync = true (default)
2021-03-01 18:11:38,207 [pool-1093-thread-1] INFO  server.RaftServerConfigKeys (ConfUtils.java:logGet(44)) - raft.server.log.statemachine.data.sync.timeout = 10s (default)
2021-03-01 18:11:38,207 [pool-1093-thread-1] INFO  server.RaftServerConfigKeys (ConfUtils.java:logGet(44)) - raft.server.log.statemachine.data.sync.timeout.retry = -1 (default)
2021-03-01 18:11:38,209 [pool-1093-thread-1] INFO  server.RaftServerConfigKeys (ConfUtils.java:logGet(44)) - raft.server.log.write.buffer.size = 1048576 (custom)
2021-03-01 18:11:38,210 [pool-1093-thread-1] INFO  server.RaftServerConfigKeys (ConfUtils.java:logGet(44)) - raft.server.log.statemachine.data.caching.enabled = true (custom)
2021-03-01 18:11:38,210 [pool-1093-thread-1] INFO  segmented.SegmentedRaftLogWorker (SegmentedRaftLogWorker.java:lambda$new$0(132)) - b303f36a-f963-4721-9f7a-b5e9e54e4468@group-3E8CA9905F22-SegmentedRaftLogWorker: flushIndex: setUnconditionally 0 -> -1
2021-03-01 18:11:38,210 [pool-1093-thread-1] INFO  segmented.SegmentedRaftLogWorker (SegmentedRaftLogWorker.java:lambda$new$0(132)) - b303f36a-f963-4721-9f7a-b5e9e54e4468@group-3E8CA9905F22-SegmentedRaftLogWorker: safeCacheEvictIndex: setUnconditionally 0 -> -1
2021-03-01 18:11:38,210 [pool-1093-thread-1] INFO  server.RaftServerConfigKeys (ConfUtils.java:logGet(44)) - raft.server.snapshot.auto.trigger.enabled = true (custom)
2021-03-01 18:11:38,210 [pool-1093-thread-1] INFO  server.RaftServerConfigKeys (ConfUtils.java:logGet(44)) - raft.server.snapshot.auto.trigger.threshold = 10000 (custom)
2021-03-01 18:11:38,210 [pool-1093-thread-1] INFO  server.RaftServerConfigKeys (ConfUtils.java:logGet(44)) - raft.server.snapshot.retention.file.num = 5 (custom)
2021-03-01 18:11:38,210 [pool-1093-thread-1] INFO  server.RaftServerConfigKeys (ConfUtils.java:logGet(44)) - raft.server.log.purge.upto.snapshot.index = false (default)
2021-03-01 18:11:38,210 [pool-1093-thread-1] INFO  server.RaftServerConfigKeys (ConfUtils.java:logGet(44)) - raft.server.retrycache.expirytime = 600000ms (custom)
2021-03-01 18:11:38,210 [pool-1093-thread-1] INFO  server.RaftServerConfigKeys (ConfUtils.java:logGet(44)) - raft.server.retrycache.statistics.expirytime = 100?s (default)
2021-03-01 18:11:38,210 [pool-1093-thread-1] INFO  metrics.RatisMetrics (RatisMetrics.java:lambda$create$0(36)) - Creating Metrics Registry : ratis.leader_election.b303f36a-f963-4721-9f7a-b5e9e54e4468@group-3E8CA9905F22
2021-03-01 18:11:38,211 [pool-1093-thread-1] INFO  metrics.RatisMetrics (RatisMetrics.java:lambda$create$0(36)) - Creating Metrics Registry : ratis.server.b303f36a-f963-4721-9f7a-b5e9e54e4468@group-3E8CA9905F22
2021-03-01 18:11:38,213 [pool-1093-thread-1] INFO  server.RaftServer$Division (RaftServerImpl.java:start(295)) - b303f36a-f963-4721-9f7a-b5e9e54e4468@group-3E8CA9905F22: start as a follower, conf=-1: [b303f36a-f963-4721-9f7a-b5e9e54e4468|rpc:172.17.0.2:32969|dataStream:|priority:0, a7136ecb-4465-4bae-b158-9cfc61718915|rpc:172.17.0.2:42023|dataStream:|priority:1, ca5fd955-873f-4bac-9f2a-538d93af5c77|rpc:172.17.0.2:36703|dataStream:|priority:0], old=null
2021-03-01 18:11:38,213 [pool-1093-thread-1] INFO  server.RaftServer$Division (RaftServerImpl.java:setRole(284)) - b303f36a-f963-4721-9f7a-b5e9e54e4468@group-3E8CA9905F22: changes role from      null to FOLLOWER at term 0 for startAsFollower
2021-03-01 18:11:38,213 [pool-1093-thread-1] INFO  impl.RoleInfo (RoleInfo.java:updateAndGet(130)) - b303f36a-f963-4721-9f7a-b5e9e54e4468: start b303f36a-f963-4721-9f7a-b5e9e54e4468@group-3E8CA9905F22-FollowerState
2021-03-01 18:11:38,213 [pool-1093-thread-1] INFO  util.JmxRegister (JmxRegister.java:tryRegister(44)) - Successfully registered JMX Bean with object name Ratis:service=RaftServer,group=group-3E8CA9905F22,id=b303f36a-f963-4721-9f7a-b5e9e54e4468
2021-03-01 18:11:38,214 [pool-1093-thread-1] INFO  metrics.RatisMetrics (RatisMetrics.java:lambda$create$0(36)) - Creating Metrics Registry : ratis.state_machine.b303f36a-f963-4721-9f7a-b5e9e54e4468@group-3E8CA9905F22
2021-03-01 18:11:38,222 [Command processor thread] INFO  metrics.RatisMetrics (RatisMetrics.java:lambda$create$0(36)) - Creating Metrics Registry : ratis.client_message_metrics.client-9C9F4B6EB01A->a7136ecb-4465-4bae-b158-9cfc61718915
2021-03-01 18:11:38,225 [grpc-default-executor-2] INFO  metrics.RatisMetrics (RatisMetrics.java:lambda$create$0(36)) - Creating Metrics Registry : ratis.server_message_metrics.a7136ecb-4465-4bae-b158-9cfc61718915
2021-03-01 18:11:38,227 [grpc-default-executor-2] INFO  server.RaftServer (RaftServerProxy.java:addNew(95)) - a7136ecb-4465-4bae-b158-9cfc61718915: addNew group-3E8CA9905F22:[b303f36a-f963-4721-9f7a-b5e9e54e4468|rpc:172.17.0.2:32969|dataStream:|priority:0, a7136ecb-4465-4bae-b158-9cfc61718915|rpc:172.17.0.2:42023|dataStream:|priority:1, ca5fd955-873f-4bac-9f2a-538d93af5c77|rpc:172.17.0.2:36703|dataStream:|priority:0] returns group-3E8CA9905F22:java.util.concurrent.CompletableFuture@556c5d89[Not completed]
2021-03-01 18:11:38,227 [pool-1077-thread-1] INFO  server.RaftServer$Division (RaftServerImpl.java:<init>(180)) - a7136ecb-4465-4bae-b158-9cfc61718915: new RaftServerImpl for group-3E8CA9905F22:[b303f36a-f963-4721-9f7a-b5e9e54e4468|rpc:172.17.0.2:32969|dataStream:|priority:0, a7136ecb-4465-4bae-b158-9cfc61718915|rpc:172.17.0.2:42023|dataStream:|priority:1, ca5fd955-873f-4bac-9f2a-538d93af5c77|rpc:172.17.0.2:36703|dataStream:|priority:0] with ContainerStateMachine:uninitialized
2021-03-01 18:11:38,227 [pool-1077-thread-1] INFO  server.RaftServerConfigKeys (ConfUtils.java:logGet(44)) - raft.server.rpc.timeout.min = 5s (custom)
2021-03-01 18:11:38,227 [pool-1077-thread-1] INFO  server.RaftServerConfigKeys (ConfUtils.java:logGet(44)) - raft.server.rpc.timeout.max = 5200ms (custom)
2021-03-01 18:11:38,228 [pool-1077-thread-1] INFO  server.RaftServerConfigKeys (ConfUtils.java:logGet(44)) - raft.server.rpc.sleep.time = 25ms (default)
2021-03-01 18:11:38,228 [pool-1077-thread-1] INFO  server.RaftServerConfigKeys (ConfUtils.java:logGet(44)) - raft.server.rpc.slowness.timeout = 300000ms (custom)
2021-03-01 18:11:38,228 [pool-1077-thread-1] INFO  server.RaftServerConfigKeys (ConfUtils.java:logGet(44)) - raft.server.leaderelection.leader.step-down.wait-time = 10s (default)
2021-03-01 18:11:38,228 [pool-1077-thread-1] INFO  server.RaftServerConfigKeys (ConfUtils.java:logGet(44)) - raft.server.sleep.deviation.threshold = 300ms (default)
2021-03-01 18:11:38,228 [pool-1077-thread-1] INFO  server.RaftServerConfigKeys (ConfUtils.java:logGet(44)) - raft.server.log.appender.install.snapshot.enabled = false (custom)
2021-03-01 18:11:38,228 [pool-1077-thread-1] INFO  server.RaftServer$Division (ServerState.java:<init>(105)) - a7136ecb-4465-4bae-b158-9cfc61718915@group-3E8CA9905F22: ConfigurationManager, init=-1: [b303f36a-f963-4721-9f7a-b5e9e54e4468|rpc:172.17.0.2:32969|dataStream:|priority:0, a7136ecb-4465-4bae-b158-9cfc61718915|rpc:172.17.0.2:42023|dataStream:|priority:1, ca5fd955-873f-4bac-9f2a-538d93af5c77|rpc:172.17.0.2:36703|dataStream:|priority:0], old=null, confs=<EMPTY_MAP>
2021-03-01 18:11:38,228 [pool-1077-thread-1] INFO  server.RaftServerConfigKeys (ConfUtils.java:logGet(44)) - raft.server.storage.dir = [/github/workspace/mnt/ozone/hadoop-ozone/integration-test/target/test-dir/MiniOzoneClusterImpl-5b5774a2-bf3c-4723-a113-e238e3f8131c/datanode-4/data/ratis] (custom)
2021-03-01 18:11:38,228 [pool-1077-thread-1] INFO  server.RaftServerConfigKeys (ConfUtils.java:logGet(44)) - raft.server.log.corruption.policy = EXCEPTION (default)
2021-03-01 18:11:38,228 [pool-1077-thread-1] INFO  storage.RaftStorageDirectory (RaftStorageDirectoryImpl.java:analyzeStorage(132)) - The storage directory /github/workspace/mnt/ozone/hadoop-ozone/integration-test/target/test-dir/MiniOzoneClusterImpl-5b5774a2-bf3c-4723-a113-e238e3f8131c/datanode-4/data/ratis/2f262e5f-c32b-47ed-b451-3e8ca9905f22 does not exist. Creating ...
2021-03-01 18:11:38,229 [pool-1077-thread-1] INFO  storage.RaftStorageDirectory (RaftStorageDirectoryImpl.java:tryLock(215)) - Lock on /github/workspace/mnt/ozone/hadoop-ozone/integration-test/target/test-dir/MiniOzoneClusterImpl-5b5774a2-bf3c-4723-a113-e238e3f8131c/datanode-4/data/ratis/2f262e5f-c32b-47ed-b451-3e8ca9905f22/in_use.lock acquired by nodename 4952@83787af071e2
2021-03-01 18:11:38,230 [pool-1077-thread-1] INFO  storage.RaftStorage (RaftStorageImpl.java:format(87)) - Storage directory /github/workspace/mnt/ozone/hadoop-ozone/integration-test/target/test-dir/MiniOzoneClusterImpl-5b5774a2-bf3c-4723-a113-e238e3f8131c/datanode-4/data/ratis/2f262e5f-c32b-47ed-b451-3e8ca9905f22 has been successfully formatted.
2021-03-01 18:11:38,230 [pool-1077-thread-1] INFO  ratis.ContainerStateMachine (ContainerStateMachine.java:loadSnapshot(223)) - group-3E8CA9905F22: The snapshot info is null. Setting the last applied indexto:(t:0, i:~)
2021-03-01 18:11:38,231 [EventQueue-PipelineReportForOneReplicaPipelineSafeModeRule] INFO  safemode.SCMSafeModeManager (SCMSafeModeManager.java:validateSafeModeExitRules(214)) - AtleastOneDatanodeReportedRule rule is successfully validated
2021-03-01 18:11:38,231 [pool-1077-thread-1] ERROR storage.RaftStorage (RaftStorageImpl.java:readRaftConfiguration(147)) - Failed reading configuration from file:/github/workspace/mnt/ozone/hadoop-ozone/integration-test/target/test-dir/MiniOzoneClusterImpl-5b5774a2-bf3c-4723-a113-e238e3f8131c/datanode-4/data/ratis/2f262e5f-c32b-47ed-b451-3e8ca9905f22/current/raft-meta.conf
java.io.FileNotFoundException: /github/workspace/mnt/ozone/hadoop-ozone/integration-test/target/test-dir/MiniOzoneClusterImpl-5b5774a2-bf3c-4723-a113-e238e3f8131c/datanode-4/data/ratis/2f262e5f-c32b-47ed-b451-3e8ca9905f22/current/raft-meta.conf (No such file or directory)
	at java.io.FileInputStream.open0(Native Method)
	at java.io.FileInputStream.open(FileInputStream.java:195)
	at java.io.FileInputStream.<init>(FileInputStream.java:138)
	at org.apache.ratis.server.storage.RaftStorageImpl.readRaftConfiguration(RaftStorageImpl.java:143)
	at org.apache.ratis.server.impl.ServerState.<init>(ServerState.java:122)
	at org.apache.ratis.server.impl.RaftServerImpl.<init>(RaftServerImpl.java:193)
	at org.apache.ratis.server.impl.RaftServerProxy.lambda$newRaftServerImpl$4(RaftServerProxy.java:266)
	at java.util.concurrent.CompletableFuture$AsyncSupply.run(CompletableFuture.java:1604)
	at java.util.concurrent.ThreadPoolExecutor.runWorker(ThreadPoolExecutor.java:1149)
	at java.util.concurrent.ThreadPoolExecutor$Worker.run(ThreadPoolExecutor.java:624)
	at java.lang.Thread.run(Thread.java:748)
2021-03-01 18:11:38,231 [pool-1077-thread-1] INFO  server.RaftServerConfigKeys (ConfUtils.java:logGet(44)) - raft.server.notification.no-leader.timeout = 300000ms (custom)
2021-03-01 18:11:38,231 [pool-1077-thread-1] INFO  server.RaftServerConfigKeys (ConfUtils.java:logGet(44)) - raft.server.log.use.memory = false (default)
2021-03-01 18:11:38,231 [pool-1077-thread-1] INFO  server.RaftServerConfigKeys (ConfUtils.java:logGet(44)) - raft.server.log.purge.gap = 1000000 (custom)
2021-03-01 18:11:38,231 [pool-1077-thread-1] INFO  server.RaftServerConfigKeys (ConfUtils.java:logGet(44)) - raft.server.log.appender.buffer.byte-limit = 33554432 (custom)
2021-03-01 18:11:38,231 [pool-1077-thread-1] INFO  metrics.RatisMetrics (RatisMetrics.java:lambda$create$0(36)) - Creating Metrics Registry : ratis.log_worker.a7136ecb-4465-4bae-b158-9cfc61718915@group-3E8CA9905F22
2021-03-01 18:11:38,231 [pool-1077-thread-1] INFO  server.RaftServerConfigKeys (ConfUtils.java:logGet(44)) - raft.server.log.segment.size.max = 1048576 (custom)
2021-03-01 18:11:38,232 [pool-1077-thread-1] INFO  server.RaftServerConfigKeys (ConfUtils.java:logGet(44)) - raft.server.log.segment.cache.num.max = 2 (custom)
2021-03-01 18:11:38,232 [pool-1077-thread-1] INFO  server.RaftServerConfigKeys (ConfUtils.java:logGet(44)) - raft.server.log.segment.cache.size.max = 200MB (=209715200) (default)
2021-03-01 18:11:38,232 [pool-1077-thread-1] INFO  segmented.SegmentedRaftLogWorker (SegmentedRaftLogWorker.java:<init>(181)) - new a7136ecb-4465-4bae-b158-9cfc61718915@group-3E8CA9905F22-SegmentedRaftLogWorker for RaftStorageImpl:Storage Directory /github/workspace/mnt/ozone/hadoop-ozone/integration-test/target/test-dir/MiniOzoneClusterImpl-5b5774a2-bf3c-4723-a113-e238e3f8131c/datanode-4/data/ratis/2f262e5f-c32b-47ed-b451-3e8ca9905f22
2021-03-01 18:11:38,232 [pool-1077-thread-1] INFO  server.RaftServerConfigKeys (ConfUtils.java:logGet(44)) - raft.server.log.queue.byte-limit = 2147483647 (custom)
2021-03-01 18:11:38,232 [pool-1077-thread-1] INFO  server.RaftServerConfigKeys (ConfUtils.java:logGet(44)) - raft.server.log.queue.element-limit = 1024 (custom)
2021-03-01 18:11:38,232 [pool-1077-thread-1] INFO  server.RaftServerConfigKeys (ConfUtils.java:logGet(44)) - raft.server.log.segment.size.max = 1048576 (custom)
2021-03-01 18:11:38,232 [pool-1077-thread-1] INFO  server.RaftServerConfigKeys (ConfUtils.java:logGet(44)) - raft.server.log.preallocated.size = 16384 (custom)
2021-03-01 18:11:38,233 [pool-1077-thread-1] INFO  server.RaftServerConfigKeys (ConfUtils.java:logGet(44)) - raft.server.log.force.sync.num = 128 (default)
2021-03-01 18:11:38,233 [pool-1077-thread-1] INFO  server.RaftServerConfigKeys (ConfUtils.java:logGet(44)) - raft.server.log.statemachine.data.sync = true (default)
2021-03-01 18:11:38,233 [pool-1077-thread-1] INFO  server.RaftServerConfigKeys (ConfUtils.java:logGet(44)) - raft.server.log.statemachine.data.sync.timeout = 10s (default)
2021-03-01 18:11:38,233 [pool-1077-thread-1] INFO  server.RaftServerConfigKeys (ConfUtils.java:logGet(44)) - raft.server.log.statemachine.data.sync.timeout.retry = -1 (default)
2021-03-01 18:11:38,235 [pool-1077-thread-1] INFO  server.RaftServerConfigKeys (ConfUtils.java:logGet(44)) - raft.server.log.write.buffer.size = 1048576 (custom)
2021-03-01 18:11:38,236 [pool-1077-thread-1] INFO  server.RaftServerConfigKeys (ConfUtils.java:logGet(44)) - raft.server.log.statemachine.data.caching.enabled = true (custom)
2021-03-01 18:11:38,236 [pool-1077-thread-1] INFO  segmented.SegmentedRaftLogWorker (SegmentedRaftLogWorker.java:lambda$new$0(132)) - a7136ecb-4465-4bae-b158-9cfc61718915@group-3E8CA9905F22-SegmentedRaftLogWorker: flushIndex: setUnconditionally 0 -> -1
2021-03-01 18:11:38,236 [pool-1077-thread-1] INFO  segmented.SegmentedRaftLogWorker (SegmentedRaftLogWorker.java:lambda$new$0(132)) - a7136ecb-4465-4bae-b158-9cfc61718915@group-3E8CA9905F22-SegmentedRaftLogWorker: safeCacheEvictIndex: setUnconditionally 0 -> -1
2021-03-01 18:11:38,236 [pool-1077-thread-1] INFO  server.RaftServerConfigKeys (ConfUtils.java:logGet(44)) - raft.server.snapshot.auto.trigger.enabled = true (custom)
2021-03-01 18:11:38,236 [pool-1077-thread-1] INFO  server.RaftServerConfigKeys (ConfUtils.java:logGet(44)) - raft.server.snapshot.auto.trigger.threshold = 10000 (custom)
2021-03-01 18:11:38,236 [pool-1077-thread-1] INFO  server.RaftServerConfigKeys (ConfUtils.java:logGet(44)) - raft.server.snapshot.retention.file.num = 5 (custom)
2021-03-01 18:11:38,236 [pool-1077-thread-1] INFO  server.RaftServerConfigKeys (ConfUtils.java:logGet(44)) - raft.server.log.purge.upto.snapshot.index = false (default)
2021-03-01 18:11:38,236 [pool-1077-thread-1] INFO  server.RaftServerConfigKeys (ConfUtils.java:logGet(44)) - raft.server.retrycache.expirytime = 600000ms (custom)
2021-03-01 18:11:38,236 [pool-1077-thread-1] INFO  server.RaftServerConfigKeys (ConfUtils.java:logGet(44)) - raft.server.retrycache.statistics.expirytime = 100?s (default)
2021-03-01 18:11:38,236 [pool-1077-thread-1] INFO  metrics.RatisMetrics (RatisMetrics.java:lambda$create$0(36)) - Creating Metrics Registry : ratis.leader_election.a7136ecb-4465-4bae-b158-9cfc61718915@group-3E8CA9905F22
2021-03-01 18:11:38,237 [pool-1077-thread-1] INFO  metrics.RatisMetrics (RatisMetrics.java:lambda$create$0(36)) - Creating Metrics Registry : ratis.server.a7136ecb-4465-4bae-b158-9cfc61718915@group-3E8CA9905F22
2021-03-01 18:11:38,239 [pool-1077-thread-1] INFO  server.RaftServer$Division (RaftServerImpl.java:start(295)) - a7136ecb-4465-4bae-b158-9cfc61718915@group-3E8CA9905F22: start as a follower, conf=-1: [b303f36a-f963-4721-9f7a-b5e9e54e4468|rpc:172.17.0.2:32969|dataStream:|priority:0, a7136ecb-4465-4bae-b158-9cfc61718915|rpc:172.17.0.2:42023|dataStream:|priority:1, ca5fd955-873f-4bac-9f2a-538d93af5c77|rpc:172.17.0.2:36703|dataStream:|priority:0], old=null
2021-03-01 18:11:38,239 [pool-1077-thread-1] INFO  server.RaftServer$Division (RaftServerImpl.java:setRole(284)) - a7136ecb-4465-4bae-b158-9cfc61718915@group-3E8CA9905F22: changes role from      null to FOLLOWER at term 0 for startAsFollower
2021-03-01 18:11:38,239 [pool-1077-thread-1] INFO  impl.RoleInfo (RoleInfo.java:updateAndGet(130)) - a7136ecb-4465-4bae-b158-9cfc61718915: start a7136ecb-4465-4bae-b158-9cfc61718915@group-3E8CA9905F22-FollowerState
2021-03-01 18:11:38,239 [pool-1077-thread-1] INFO  util.JmxRegister (JmxRegister.java:tryRegister(44)) - Successfully registered JMX Bean with object name Ratis:service=RaftServer,group=group-3E8CA9905F22,id=a7136ecb-4465-4bae-b158-9cfc61718915
2021-03-01 18:11:38,239 [pool-1077-thread-1] INFO  metrics.RatisMetrics (RatisMetrics.java:lambda$create$0(36)) - Creating Metrics Registry : ratis.state_machine.a7136ecb-4465-4bae-b158-9cfc61718915@group-3E8CA9905F22
2021-03-01 18:11:38,245 [Command processor thread] INFO  commandhandler.CreatePipelineCommandHandler (CreatePipelineCommandHandler.java:handle(106)) - Created Pipeline RATIS THREE PipelineID=2f262e5f-c32b-47ed-b451-3e8ca9905f22.
2021-03-01 18:11:38,245 [Command processor thread] INFO  server.RaftServer (RaftServerProxy.java:addNew(95)) - ca5fd955-873f-4bac-9f2a-538d93af5c77: addNew group-1C1384E55287:[b303f36a-f963-4721-9f7a-b5e9e54e4468|rpc:172.17.0.2:32969|priority:0, a7136ecb-4465-4bae-b158-9cfc61718915|rpc:172.17.0.2:42023|priority:0, ca5fd955-873f-4bac-9f2a-538d93af5c77|rpc:172.17.0.2:36703|priority:1] returns group-1C1384E55287:java.util.concurrent.CompletableFuture@7ba7f917[Not completed]
2021-03-01 18:11:38,245 [pool-1061-thread-1] INFO  server.RaftServer$Division (RaftServerImpl.java:<init>(180)) - ca5fd955-873f-4bac-9f2a-538d93af5c77: new RaftServerImpl for group-1C1384E55287:[b303f36a-f963-4721-9f7a-b5e9e54e4468|rpc:172.17.0.2:32969|priority:0, a7136ecb-4465-4bae-b158-9cfc61718915|rpc:172.17.0.2:42023|priority:0, ca5fd955-873f-4bac-9f2a-538d93af5c77|rpc:172.17.0.2:36703|priority:1] with ContainerStateMachine:uninitialized
2021-03-01 18:11:38,245 [pool-1061-thread-1] INFO  server.RaftServerConfigKeys (ConfUtils.java:logGet(44)) - raft.server.rpc.timeout.min = 5s (custom)
2021-03-01 18:11:38,246 [pool-1061-thread-1] INFO  server.RaftServerConfigKeys (ConfUtils.java:logGet(44)) - raft.server.rpc.timeout.max = 5200ms (custom)
2021-03-01 18:11:38,246 [pool-1061-thread-1] INFO  server.RaftServerConfigKeys (ConfUtils.java:logGet(44)) - raft.server.rpc.sleep.time = 25ms (default)
2021-03-01 18:11:38,246 [pool-1061-thread-1] INFO  server.RaftServerConfigKeys (ConfUtils.java:logGet(44)) - raft.server.rpc.slowness.timeout = 300000ms (custom)
2021-03-01 18:11:38,246 [pool-1061-thread-1] INFO  server.RaftServerConfigKeys (ConfUtils.java:logGet(44)) - raft.server.leaderelection.leader.step-down.wait-time = 10s (default)
2021-03-01 18:11:38,246 [pool-1061-thread-1] INFO  server.RaftServerConfigKeys (ConfUtils.java:logGet(44)) - raft.server.sleep.deviation.threshold = 300ms (default)
2021-03-01 18:11:38,246 [pool-1061-thread-1] INFO  server.RaftServerConfigKeys (ConfUtils.java:logGet(44)) - raft.server.log.appender.install.snapshot.enabled = false (custom)
2021-03-01 18:11:38,246 [pool-1061-thread-1] INFO  server.RaftServer$Division (ServerState.java:<init>(105)) - ca5fd955-873f-4bac-9f2a-538d93af5c77@group-1C1384E55287: ConfigurationManager, init=-1: [b303f36a-f963-4721-9f7a-b5e9e54e4468|rpc:172.17.0.2:32969|priority:0, a7136ecb-4465-4bae-b158-9cfc61718915|rpc:172.17.0.2:42023|priority:0, ca5fd955-873f-4bac-9f2a-538d93af5c77|rpc:172.17.0.2:36703|priority:1], old=null, confs=<EMPTY_MAP>
2021-03-01 18:11:38,246 [pool-1061-thread-1] INFO  server.RaftServerConfigKeys (ConfUtils.java:logGet(44)) - raft.server.storage.dir = [/github/workspace/mnt/ozone/hadoop-ozone/integration-test/target/test-dir/MiniOzoneClusterImpl-5b5774a2-bf3c-4723-a113-e238e3f8131c/datanode-3/data/ratis] (custom)
2021-03-01 18:11:38,246 [pool-1061-thread-1] INFO  server.RaftServerConfigKeys (ConfUtils.java:logGet(44)) - raft.server.log.corruption.policy = EXCEPTION (default)
2021-03-01 18:11:38,246 [pool-1061-thread-1] INFO  storage.RaftStorageDirectory (RaftStorageDirectoryImpl.java:analyzeStorage(132)) - The storage directory /github/workspace/mnt/ozone/hadoop-ozone/integration-test/target/test-dir/MiniOzoneClusterImpl-5b5774a2-bf3c-4723-a113-e238e3f8131c/datanode-3/data/ratis/a1cc7fb7-1dfd-47c2-8159-1c1384e55287 does not exist. Creating ...
2021-03-01 18:11:38,247 [pool-1061-thread-1] INFO  storage.RaftStorageDirectory (RaftStorageDirectoryImpl.java:tryLock(215)) - Lock on /github/workspace/mnt/ozone/hadoop-ozone/integration-test/target/test-dir/MiniOzoneClusterImpl-5b5774a2-bf3c-4723-a113-e238e3f8131c/datanode-3/data/ratis/a1cc7fb7-1dfd-47c2-8159-1c1384e55287/in_use.lock acquired by nodename 4952@83787af071e2
2021-03-01 18:11:38,248 [pool-1061-thread-1] INFO  storage.RaftStorage (RaftStorageImpl.java:format(87)) - Storage directory /github/workspace/mnt/ozone/hadoop-ozone/integration-test/target/test-dir/MiniOzoneClusterImpl-5b5774a2-bf3c-4723-a113-e238e3f8131c/datanode-3/data/ratis/a1cc7fb7-1dfd-47c2-8159-1c1384e55287 has been successfully formatted.
2021-03-01 18:11:38,249 [pool-1061-thread-1] INFO  ratis.ContainerStateMachine (ContainerStateMachine.java:loadSnapshot(223)) - group-1C1384E55287: The snapshot info is null. Setting the last applied indexto:(t:0, i:~)
2021-03-01 18:11:38,249 [pool-1061-thread-1] ERROR storage.RaftStorage (RaftStorageImpl.java:readRaftConfiguration(147)) - Failed reading configuration from file:/github/workspace/mnt/ozone/hadoop-ozone/integration-test/target/test-dir/MiniOzoneClusterImpl-5b5774a2-bf3c-4723-a113-e238e3f8131c/datanode-3/data/ratis/a1cc7fb7-1dfd-47c2-8159-1c1384e55287/current/raft-meta.conf
java.io.FileNotFoundException: /github/workspace/mnt/ozone/hadoop-ozone/integration-test/target/test-dir/MiniOzoneClusterImpl-5b5774a2-bf3c-4723-a113-e238e3f8131c/datanode-3/data/ratis/a1cc7fb7-1dfd-47c2-8159-1c1384e55287/current/raft-meta.conf (No such file or directory)
	at java.io.FileInputStream.open0(Native Method)
	at java.io.FileInputStream.open(FileInputStream.java:195)
	at java.io.FileInputStream.<init>(FileInputStream.java:138)
	at org.apache.ratis.server.storage.RaftStorageImpl.readRaftConfiguration(RaftStorageImpl.java:143)
	at org.apache.ratis.server.impl.ServerState.<init>(ServerState.java:122)
	at org.apache.ratis.server.impl.RaftServerImpl.<init>(RaftServerImpl.java:193)
	at org.apache.ratis.server.impl.RaftServerProxy.lambda$newRaftServerImpl$4(RaftServerProxy.java:266)
	at java.util.concurrent.CompletableFuture$AsyncSupply.run(CompletableFuture.java:1604)
	at java.util.concurrent.ThreadPoolExecutor.runWorker(ThreadPoolExecutor.java:1149)
	at java.util.concurrent.ThreadPoolExecutor$Worker.run(ThreadPoolExecutor.java:624)
	at java.lang.Thread.run(Thread.java:748)
2021-03-01 18:11:38,250 [pool-1061-thread-1] INFO  server.RaftServerConfigKeys (ConfUtils.java:logGet(44)) - raft.server.notification.no-leader.timeout = 300000ms (custom)
2021-03-01 18:11:38,250 [pool-1061-thread-1] INFO  server.RaftServerConfigKeys (ConfUtils.java:logGet(44)) - raft.server.log.use.memory = false (default)
2021-03-01 18:11:38,250 [pool-1061-thread-1] INFO  server.RaftServerConfigKeys (ConfUtils.java:logGet(44)) - raft.server.log.purge.gap = 1000000 (custom)
2021-03-01 18:11:38,250 [pool-1061-thread-1] INFO  server.RaftServerConfigKeys (ConfUtils.java:logGet(44)) - raft.server.log.appender.buffer.byte-limit = 33554432 (custom)
2021-03-01 18:11:38,250 [pool-1061-thread-1] INFO  metrics.RatisMetrics (RatisMetrics.java:lambda$create$0(36)) - Creating Metrics Registry : ratis.log_worker.ca5fd955-873f-4bac-9f2a-538d93af5c77@group-1C1384E55287
2021-03-01 18:11:38,250 [EventQueue-OpenPipelineForHealthyPipelineSafeModeRule] INFO  safemode.SCMSafeModeManager (HealthyPipelineSafeModeRule.java:process(128)) - SCM in safe mode. Healthy pipelines reported count is 0, required healthy pipeline reported count is 1
2021-03-01 18:11:38,250 [EventQueue-PipelineReportForOneReplicaPipelineSafeModeRule] INFO  safemode.SCMSafeModeManager (SCMSafeModeManager.java:validateSafeModeExitRules(214)) - AtleastOneDatanodeReportedRule rule is successfully validated
2021-03-01 18:11:38,250 [pool-1061-thread-1] INFO  server.RaftServerConfigKeys (ConfUtils.java:logGet(44)) - raft.server.log.segment.size.max = 1048576 (custom)
2021-03-01 18:11:38,251 [pool-1061-thread-1] INFO  server.RaftServerConfigKeys (ConfUtils.java:logGet(44)) - raft.server.log.segment.cache.num.max = 2 (custom)
2021-03-01 18:11:38,251 [pool-1061-thread-1] INFO  server.RaftServerConfigKeys (ConfUtils.java:logGet(44)) - raft.server.log.segment.cache.size.max = 200MB (=209715200) (default)
2021-03-01 18:11:38,251 [pool-1061-thread-1] INFO  segmented.SegmentedRaftLogWorker (SegmentedRaftLogWorker.java:<init>(181)) - new ca5fd955-873f-4bac-9f2a-538d93af5c77@group-1C1384E55287-SegmentedRaftLogWorker for RaftStorageImpl:Storage Directory /github/workspace/mnt/ozone/hadoop-ozone/integration-test/target/test-dir/MiniOzoneClusterImpl-5b5774a2-bf3c-4723-a113-e238e3f8131c/datanode-3/data/ratis/a1cc7fb7-1dfd-47c2-8159-1c1384e55287
2021-03-01 18:11:38,251 [pool-1061-thread-1] INFO  server.RaftServerConfigKeys (ConfUtils.java:logGet(44)) - raft.server.log.queue.byte-limit = 2147483647 (custom)
2021-03-01 18:11:38,251 [pool-1061-thread-1] INFO  server.RaftServerConfigKeys (ConfUtils.java:logGet(44)) - raft.server.log.queue.element-limit = 1024 (custom)
2021-03-01 18:11:38,251 [pool-1061-thread-1] INFO  server.RaftServerConfigKeys (ConfUtils.java:logGet(44)) - raft.server.log.segment.size.max = 1048576 (custom)
2021-03-01 18:11:38,251 [pool-1061-thread-1] INFO  server.RaftServerConfigKeys (ConfUtils.java:logGet(44)) - raft.server.log.preallocated.size = 16384 (custom)
2021-03-01 18:11:38,251 [pool-1061-thread-1] INFO  server.RaftServerConfigKeys (ConfUtils.java:logGet(44)) - raft.server.log.force.sync.num = 128 (default)
2021-03-01 18:11:38,252 [pool-1061-thread-1] INFO  server.RaftServerConfigKeys (ConfUtils.java:logGet(44)) - raft.server.log.statemachine.data.sync = true (default)
2021-03-01 18:11:38,252 [pool-1061-thread-1] INFO  server.RaftServerConfigKeys (ConfUtils.java:logGet(44)) - raft.server.log.statemachine.data.sync.timeout = 10s (default)
2021-03-01 18:11:38,252 [pool-1061-thread-1] INFO  server.RaftServerConfigKeys (ConfUtils.java:logGet(44)) - raft.server.log.statemachine.data.sync.timeout.retry = -1 (default)
2021-03-01 18:11:38,254 [pool-1061-thread-1] INFO  server.RaftServerConfigKeys (ConfUtils.java:logGet(44)) - raft.server.log.write.buffer.size = 1048576 (custom)
2021-03-01 18:11:38,254 [pool-1061-thread-1] INFO  server.RaftServerConfigKeys (ConfUtils.java:logGet(44)) - raft.server.log.statemachine.data.caching.enabled = true (custom)
2021-03-01 18:11:38,255 [pool-1061-thread-1] INFO  segmented.SegmentedRaftLogWorker (SegmentedRaftLogWorker.java:lambda$new$0(132)) - ca5fd955-873f-4bac-9f2a-538d93af5c77@group-1C1384E55287-SegmentedRaftLogWorker: flushIndex: setUnconditionally 0 -> -1
2021-03-01 18:11:38,255 [pool-1061-thread-1] INFO  segmented.SegmentedRaftLogWorker (SegmentedRaftLogWorker.java:lambda$new$0(132)) - ca5fd955-873f-4bac-9f2a-538d93af5c77@group-1C1384E55287-SegmentedRaftLogWorker: safeCacheEvictIndex: setUnconditionally 0 -> -1
2021-03-01 18:11:38,255 [pool-1061-thread-1] INFO  server.RaftServerConfigKeys (ConfUtils.java:logGet(44)) - raft.server.snapshot.auto.trigger.enabled = true (custom)
2021-03-01 18:11:38,255 [pool-1061-thread-1] INFO  server.RaftServerConfigKeys (ConfUtils.java:logGet(44)) - raft.server.snapshot.auto.trigger.threshold = 10000 (custom)
2021-03-01 18:11:38,255 [pool-1061-thread-1] INFO  server.RaftServerConfigKeys (ConfUtils.java:logGet(44)) - raft.server.snapshot.retention.file.num = 5 (custom)
2021-03-01 18:11:38,255 [pool-1061-thread-1] INFO  server.RaftServerConfigKeys (ConfUtils.java:logGet(44)) - raft.server.log.purge.upto.snapshot.index = false (default)
2021-03-01 18:11:38,255 [pool-1061-thread-1] INFO  server.RaftServerConfigKeys (ConfUtils.java:logGet(44)) - raft.server.retrycache.expirytime = 600000ms (custom)
2021-03-01 18:11:38,255 [pool-1061-thread-1] INFO  server.RaftServerConfigKeys (ConfUtils.java:logGet(44)) - raft.server.retrycache.statistics.expirytime = 100?s (default)
2021-03-01 18:11:38,255 [pool-1061-thread-1] INFO  metrics.RatisMetrics (RatisMetrics.java:lambda$create$0(36)) - Creating Metrics Registry : ratis.leader_election.ca5fd955-873f-4bac-9f2a-538d93af5c77@group-1C1384E55287
2021-03-01 18:11:38,256 [pool-1061-thread-1] INFO  metrics.RatisMetrics (RatisMetrics.java:lambda$create$0(36)) - Creating Metrics Registry : ratis.server.ca5fd955-873f-4bac-9f2a-538d93af5c77@group-1C1384E55287
2021-03-01 18:11:38,258 [pool-1061-thread-1] INFO  server.RaftServer$Division (RaftServerImpl.java:start(295)) - ca5fd955-873f-4bac-9f2a-538d93af5c77@group-1C1384E55287: start as a follower, conf=-1: [b303f36a-f963-4721-9f7a-b5e9e54e4468|rpc:172.17.0.2:32969|priority:0, a7136ecb-4465-4bae-b158-9cfc61718915|rpc:172.17.0.2:42023|priority:0, ca5fd955-873f-4bac-9f2a-538d93af5c77|rpc:172.17.0.2:36703|priority:1], old=null
2021-03-01 18:11:38,258 [pool-1061-thread-1] INFO  server.RaftServer$Division (RaftServerImpl.java:setRole(284)) - ca5fd955-873f-4bac-9f2a-538d93af5c77@group-1C1384E55287: changes role from      null to FOLLOWER at term 0 for startAsFollower
2021-03-01 18:11:38,258 [pool-1061-thread-1] INFO  impl.RoleInfo (RoleInfo.java:updateAndGet(130)) - ca5fd955-873f-4bac-9f2a-538d93af5c77: start ca5fd955-873f-4bac-9f2a-538d93af5c77@group-1C1384E55287-FollowerState
2021-03-01 18:11:38,258 [pool-1061-thread-1] INFO  util.JmxRegister (JmxRegister.java:tryRegister(44)) - Successfully registered JMX Bean with object name Ratis:service=RaftServer,group=group-1C1384E55287,id=ca5fd955-873f-4bac-9f2a-538d93af5c77
2021-03-01 18:11:38,258 [pool-1061-thread-1] INFO  metrics.RatisMetrics (RatisMetrics.java:lambda$create$0(36)) - Creating Metrics Registry : ratis.state_machine.ca5fd955-873f-4bac-9f2a-538d93af5c77@group-1C1384E55287
2021-03-01 18:11:38,260 [Command processor thread] INFO  metrics.RatisMetrics (RatisMetrics.java:lambda$create$0(36)) - Creating Metrics Registry : ratis.client_message_metrics.client-545346A32DEC->b303f36a-f963-4721-9f7a-b5e9e54e4468
2021-03-01 18:11:38,263 [grpc-default-executor-2] INFO  server.RaftServer (RaftServerProxy.java:addNew(95)) - b303f36a-f963-4721-9f7a-b5e9e54e4468: addNew group-1C1384E55287:[b303f36a-f963-4721-9f7a-b5e9e54e4468|rpc:172.17.0.2:32969|dataStream:|priority:0, a7136ecb-4465-4bae-b158-9cfc61718915|rpc:172.17.0.2:42023|dataStream:|priority:0, ca5fd955-873f-4bac-9f2a-538d93af5c77|rpc:172.17.0.2:36703|dataStream:|priority:1] returns group-1C1384E55287:java.util.concurrent.CompletableFuture@4a942a08[Not completed]
2021-03-01 18:11:38,263 [pool-1093-thread-1] INFO  server.RaftServer$Division (RaftServerImpl.java:<init>(180)) - b303f36a-f963-4721-9f7a-b5e9e54e4468: new RaftServerImpl for group-1C1384E55287:[b303f36a-f963-4721-9f7a-b5e9e54e4468|rpc:172.17.0.2:32969|dataStream:|priority:0, a7136ecb-4465-4bae-b158-9cfc61718915|rpc:172.17.0.2:42023|dataStream:|priority:0, ca5fd955-873f-4bac-9f2a-538d93af5c77|rpc:172.17.0.2:36703|dataStream:|priority:1] with ContainerStateMachine:uninitialized
2021-03-01 18:11:38,263 [pool-1093-thread-1] INFO  server.RaftServerConfigKeys (ConfUtils.java:logGet(44)) - raft.server.rpc.timeout.min = 5s (custom)
2021-03-01 18:11:38,263 [pool-1093-thread-1] INFO  server.RaftServerConfigKeys (ConfUtils.java:logGet(44)) - raft.server.rpc.timeout.max = 5200ms (custom)
2021-03-01 18:11:38,263 [pool-1093-thread-1] INFO  server.RaftServerConfigKeys (ConfUtils.java:logGet(44)) - raft.server.rpc.sleep.time = 25ms (default)
2021-03-01 18:11:38,263 [pool-1093-thread-1] INFO  server.RaftServerConfigKeys (ConfUtils.java:logGet(44)) - raft.server.rpc.slowness.timeout = 300000ms (custom)
2021-03-01 18:11:38,263 [pool-1093-thread-1] INFO  server.RaftServerConfigKeys (ConfUtils.java:logGet(44)) - raft.server.leaderelection.leader.step-down.wait-time = 10s (default)
2021-03-01 18:11:38,264 [pool-1093-thread-1] INFO  server.RaftServerConfigKeys (ConfUtils.java:logGet(44)) - raft.server.sleep.deviation.threshold = 300ms (default)
2021-03-01 18:11:38,264 [pool-1093-thread-1] INFO  server.RaftServerConfigKeys (ConfUtils.java:logGet(44)) - raft.server.log.appender.install.snapshot.enabled = false (custom)
2021-03-01 18:11:38,264 [pool-1093-thread-1] INFO  server.RaftServer$Division (ServerState.java:<init>(105)) - b303f36a-f963-4721-9f7a-b5e9e54e4468@group-1C1384E55287: ConfigurationManager, init=-1: [b303f36a-f963-4721-9f7a-b5e9e54e4468|rpc:172.17.0.2:32969|dataStream:|priority:0, a7136ecb-4465-4bae-b158-9cfc61718915|rpc:172.17.0.2:42023|dataStream:|priority:0, ca5fd955-873f-4bac-9f2a-538d93af5c77|rpc:172.17.0.2:36703|dataStream:|priority:1], old=null, confs=<EMPTY_MAP>
2021-03-01 18:11:38,264 [pool-1093-thread-1] INFO  server.RaftServerConfigKeys (ConfUtils.java:logGet(44)) - raft.server.storage.dir = [/github/workspace/mnt/ozone/hadoop-ozone/integration-test/target/test-dir/MiniOzoneClusterImpl-5b5774a2-bf3c-4723-a113-e238e3f8131c/datanode-5/data/ratis] (custom)
2021-03-01 18:11:38,264 [pool-1093-thread-1] INFO  server.RaftServerConfigKeys (ConfUtils.java:logGet(44)) - raft.server.log.corruption.policy = EXCEPTION (default)
2021-03-01 18:11:38,264 [pool-1093-thread-1] INFO  storage.RaftStorageDirectory (RaftStorageDirectoryImpl.java:analyzeStorage(132)) - The storage directory /github/workspace/mnt/ozone/hadoop-ozone/integration-test/target/test-dir/MiniOzoneClusterImpl-5b5774a2-bf3c-4723-a113-e238e3f8131c/datanode-5/data/ratis/a1cc7fb7-1dfd-47c2-8159-1c1384e55287 does not exist. Creating ...
2021-03-01 18:11:38,265 [pool-1093-thread-1] INFO  storage.RaftStorageDirectory (RaftStorageDirectoryImpl.java:tryLock(215)) - Lock on /github/workspace/mnt/ozone/hadoop-ozone/integration-test/target/test-dir/MiniOzoneClusterImpl-5b5774a2-bf3c-4723-a113-e238e3f8131c/datanode-5/data/ratis/a1cc7fb7-1dfd-47c2-8159-1c1384e55287/in_use.lock acquired by nodename 4952@83787af071e2
2021-03-01 18:11:38,266 [pool-1093-thread-1] INFO  storage.RaftStorage (RaftStorageImpl.java:format(87)) - Storage directory /github/workspace/mnt/ozone/hadoop-ozone/integration-test/target/test-dir/MiniOzoneClusterImpl-5b5774a2-bf3c-4723-a113-e238e3f8131c/datanode-5/data/ratis/a1cc7fb7-1dfd-47c2-8159-1c1384e55287 has been successfully formatted.
2021-03-01 18:11:38,266 [pool-1093-thread-1] INFO  ratis.ContainerStateMachine (ContainerStateMachine.java:loadSnapshot(223)) - group-1C1384E55287: The snapshot info is null. Setting the last applied indexto:(t:0, i:~)
2021-03-01 18:11:38,266 [pool-1093-thread-1] ERROR storage.RaftStorage (RaftStorageImpl.java:readRaftConfiguration(147)) - Failed reading configuration from file:/github/workspace/mnt/ozone/hadoop-ozone/integration-test/target/test-dir/MiniOzoneClusterImpl-5b5774a2-bf3c-4723-a113-e238e3f8131c/datanode-5/data/ratis/a1cc7fb7-1dfd-47c2-8159-1c1384e55287/current/raft-meta.conf
java.io.FileNotFoundException: /github/workspace/mnt/ozone/hadoop-ozone/integration-test/target/test-dir/MiniOzoneClusterImpl-5b5774a2-bf3c-4723-a113-e238e3f8131c/datanode-5/data/ratis/a1cc7fb7-1dfd-47c2-8159-1c1384e55287/current/raft-meta.conf (No such file or directory)
	at java.io.FileInputStream.open0(Native Method)
	at java.io.FileInputStream.open(FileInputStream.java:195)
	at java.io.FileInputStream.<init>(FileInputStream.java:138)
	at org.apache.ratis.server.storage.RaftStorageImpl.readRaftConfiguration(RaftStorageImpl.java:143)
	at org.apache.ratis.server.impl.ServerState.<init>(ServerState.java:122)
	at org.apache.ratis.server.impl.RaftServerImpl.<init>(RaftServerImpl.java:193)
	at org.apache.ratis.server.impl.RaftServerProxy.lambda$newRaftServerImpl$4(RaftServerProxy.java:266)
	at java.util.concurrent.CompletableFuture$AsyncSupply.run(CompletableFuture.java:1604)
	at java.util.concurrent.ThreadPoolExecutor.runWorker(ThreadPoolExecutor.java:1149)
	at java.util.concurrent.ThreadPoolExecutor$Worker.run(ThreadPoolExecutor.java:624)
	at java.lang.Thread.run(Thread.java:748)
2021-03-01 18:11:38,266 [EventQueue-PipelineReportForOneReplicaPipelineSafeModeRule] INFO  safemode.SCMSafeModeManager (SCMSafeModeManager.java:validateSafeModeExitRules(214)) - AtleastOneDatanodeReportedRule rule is successfully validated
2021-03-01 18:11:38,267 [pool-1093-thread-1] INFO  server.RaftServerConfigKeys (ConfUtils.java:logGet(44)) - raft.server.notification.no-leader.timeout = 300000ms (custom)
2021-03-01 18:11:38,267 [pool-1093-thread-1] INFO  server.RaftServerConfigKeys (ConfUtils.java:logGet(44)) - raft.server.log.use.memory = false (default)
2021-03-01 18:11:38,267 [pool-1093-thread-1] INFO  server.RaftServerConfigKeys (ConfUtils.java:logGet(44)) - raft.server.log.purge.gap = 1000000 (custom)
2021-03-01 18:11:38,267 [pool-1093-thread-1] INFO  server.RaftServerConfigKeys (ConfUtils.java:logGet(44)) - raft.server.log.appender.buffer.byte-limit = 33554432 (custom)
2021-03-01 18:11:38,267 [pool-1093-thread-1] INFO  metrics.RatisMetrics (RatisMetrics.java:lambda$create$0(36)) - Creating Metrics Registry : ratis.log_worker.b303f36a-f963-4721-9f7a-b5e9e54e4468@group-1C1384E55287
2021-03-01 18:11:38,267 [pool-1093-thread-1] INFO  server.RaftServerConfigKeys (ConfUtils.java:logGet(44)) - raft.server.log.segment.size.max = 1048576 (custom)
2021-03-01 18:11:38,268 [pool-1093-thread-1] INFO  server.RaftServerConfigKeys (ConfUtils.java:logGet(44)) - raft.server.log.segment.cache.num.max = 2 (custom)
2021-03-01 18:11:38,268 [pool-1093-thread-1] INFO  server.RaftServerConfigKeys (ConfUtils.java:logGet(44)) - raft.server.log.segment.cache.size.max = 200MB (=209715200) (default)
2021-03-01 18:11:38,268 [pool-1093-thread-1] INFO  segmented.SegmentedRaftLogWorker (SegmentedRaftLogWorker.java:<init>(181)) - new b303f36a-f963-4721-9f7a-b5e9e54e4468@group-1C1384E55287-SegmentedRaftLogWorker for RaftStorageImpl:Storage Directory /github/workspace/mnt/ozone/hadoop-ozone/integration-test/target/test-dir/MiniOzoneClusterImpl-5b5774a2-bf3c-4723-a113-e238e3f8131c/datanode-5/data/ratis/a1cc7fb7-1dfd-47c2-8159-1c1384e55287
2021-03-01 18:11:38,268 [pool-1093-thread-1] INFO  server.RaftServerConfigKeys (ConfUtils.java:logGet(44)) - raft.server.log.queue.byte-limit = 2147483647 (custom)
2021-03-01 18:11:38,268 [pool-1093-thread-1] INFO  server.RaftServerConfigKeys (ConfUtils.java:logGet(44)) - raft.server.log.queue.element-limit = 1024 (custom)
2021-03-01 18:11:38,268 [pool-1093-thread-1] INFO  server.RaftServerConfigKeys (ConfUtils.java:logGet(44)) - raft.server.log.segment.size.max = 1048576 (custom)
2021-03-01 18:11:38,268 [pool-1093-thread-1] INFO  server.RaftServerConfigKeys (ConfUtils.java:logGet(44)) - raft.server.log.preallocated.size = 16384 (custom)
2021-03-01 18:11:38,268 [pool-1093-thread-1] INFO  server.RaftServerConfigKeys (ConfUtils.java:logGet(44)) - raft.server.log.force.sync.num = 128 (default)
2021-03-01 18:11:38,268 [pool-1093-thread-1] INFO  server.RaftServerConfigKeys (ConfUtils.java:logGet(44)) - raft.server.log.statemachine.data.sync = true (default)
2021-03-01 18:11:38,268 [pool-1093-thread-1] INFO  server.RaftServerConfigKeys (ConfUtils.java:logGet(44)) - raft.server.log.statemachine.data.sync.timeout = 10s (default)
2021-03-01 18:11:38,268 [pool-1093-thread-1] INFO  server.RaftServerConfigKeys (ConfUtils.java:logGet(44)) - raft.server.log.statemachine.data.sync.timeout.retry = -1 (default)
2021-03-01 18:11:38,271 [pool-1093-thread-1] INFO  server.RaftServerConfigKeys (ConfUtils.java:logGet(44)) - raft.server.log.write.buffer.size = 1048576 (custom)
2021-03-01 18:11:38,271 [pool-1093-thread-1] INFO  server.RaftServerConfigKeys (ConfUtils.java:logGet(44)) - raft.server.log.statemachine.data.caching.enabled = true (custom)
2021-03-01 18:11:38,271 [pool-1093-thread-1] INFO  segmented.SegmentedRaftLogWorker (SegmentedRaftLogWorker.java:lambda$new$0(132)) - b303f36a-f963-4721-9f7a-b5e9e54e4468@group-1C1384E55287-SegmentedRaftLogWorker: flushIndex: setUnconditionally 0 -> -1
2021-03-01 18:11:38,271 [pool-1093-thread-1] INFO  segmented.SegmentedRaftLogWorker (SegmentedRaftLogWorker.java:lambda$new$0(132)) - b303f36a-f963-4721-9f7a-b5e9e54e4468@group-1C1384E55287-SegmentedRaftLogWorker: safeCacheEvictIndex: setUnconditionally 0 -> -1
2021-03-01 18:11:38,271 [pool-1093-thread-1] INFO  server.RaftServerConfigKeys (ConfUtils.java:logGet(44)) - raft.server.snapshot.auto.trigger.enabled = true (custom)
2021-03-01 18:11:38,271 [pool-1093-thread-1] INFO  server.RaftServerConfigKeys (ConfUtils.java:logGet(44)) - raft.server.snapshot.auto.trigger.threshold = 10000 (custom)
2021-03-01 18:11:38,271 [pool-1093-thread-1] INFO  server.RaftServerConfigKeys (ConfUtils.java:logGet(44)) - raft.server.snapshot.retention.file.num = 5 (custom)
2021-03-01 18:11:38,271 [pool-1093-thread-1] INFO  server.RaftServerConfigKeys (ConfUtils.java:logGet(44)) - raft.server.log.purge.upto.snapshot.index = false (default)
2021-03-01 18:11:38,271 [pool-1093-thread-1] INFO  server.RaftServerConfigKeys (ConfUtils.java:logGet(44)) - raft.server.retrycache.expirytime = 600000ms (custom)
2021-03-01 18:11:38,271 [pool-1093-thread-1] INFO  server.RaftServerConfigKeys (ConfUtils.java:logGet(44)) - raft.server.retrycache.statistics.expirytime = 100?s (default)
2021-03-01 18:11:38,271 [pool-1093-thread-1] INFO  metrics.RatisMetrics (RatisMetrics.java:lambda$create$0(36)) - Creating Metrics Registry : ratis.leader_election.b303f36a-f963-4721-9f7a-b5e9e54e4468@group-1C1384E55287
2021-03-01 18:11:38,272 [pool-1093-thread-1] INFO  metrics.RatisMetrics (RatisMetrics.java:lambda$create$0(36)) - Creating Metrics Registry : ratis.server.b303f36a-f963-4721-9f7a-b5e9e54e4468@group-1C1384E55287
2021-03-01 18:11:38,274 [pool-1093-thread-1] INFO  server.RaftServer$Division (RaftServerImpl.java:start(295)) - b303f36a-f963-4721-9f7a-b5e9e54e4468@group-1C1384E55287: start as a follower, conf=-1: [b303f36a-f963-4721-9f7a-b5e9e54e4468|rpc:172.17.0.2:32969|dataStream:|priority:0, a7136ecb-4465-4bae-b158-9cfc61718915|rpc:172.17.0.2:42023|dataStream:|priority:0, ca5fd955-873f-4bac-9f2a-538d93af5c77|rpc:172.17.0.2:36703|dataStream:|priority:1], old=null
2021-03-01 18:11:38,274 [pool-1093-thread-1] INFO  server.RaftServer$Division (RaftServerImpl.java:setRole(284)) - b303f36a-f963-4721-9f7a-b5e9e54e4468@group-1C1384E55287: changes role from      null to FOLLOWER at term 0 for startAsFollower
2021-03-01 18:11:38,274 [pool-1093-thread-1] INFO  impl.RoleInfo (RoleInfo.java:updateAndGet(130)) - b303f36a-f963-4721-9f7a-b5e9e54e4468: start b303f36a-f963-4721-9f7a-b5e9e54e4468@group-1C1384E55287-FollowerState
2021-03-01 18:11:38,275 [pool-1093-thread-1] INFO  util.JmxRegister (JmxRegister.java:tryRegister(44)) - Successfully registered JMX Bean with object name Ratis:service=RaftServer,group=group-1C1384E55287,id=b303f36a-f963-4721-9f7a-b5e9e54e4468
2021-03-01 18:11:38,275 [pool-1093-thread-1] INFO  metrics.RatisMetrics (RatisMetrics.java:lambda$create$0(36)) - Creating Metrics Registry : ratis.state_machine.b303f36a-f963-4721-9f7a-b5e9e54e4468@group-1C1384E55287
2021-03-01 18:11:38,279 [Command processor thread] INFO  metrics.RatisMetrics (RatisMetrics.java:lambda$create$0(36)) - Creating Metrics Registry : ratis.client_message_metrics.client-7361332142AB->a7136ecb-4465-4bae-b158-9cfc61718915
2021-03-01 18:11:38,283 [grpc-default-executor-2] INFO  server.RaftServer (RaftServerProxy.java:addNew(95)) - a7136ecb-4465-4bae-b158-9cfc61718915: addNew group-1C1384E55287:[b303f36a-f963-4721-9f7a-b5e9e54e4468|rpc:172.17.0.2:32969|dataStream:|priority:0, a7136ecb-4465-4bae-b158-9cfc61718915|rpc:172.17.0.2:42023|dataStream:|priority:0, ca5fd955-873f-4bac-9f2a-538d93af5c77|rpc:172.17.0.2:36703|dataStream:|priority:1] returns group-1C1384E55287:java.util.concurrent.CompletableFuture@66567a40[Not completed]
2021-03-01 18:11:38,284 [pool-1077-thread-1] INFO  server.RaftServer$Division (RaftServerImpl.java:<init>(180)) - a7136ecb-4465-4bae-b158-9cfc61718915: new RaftServerImpl for group-1C1384E55287:[b303f36a-f963-4721-9f7a-b5e9e54e4468|rpc:172.17.0.2:32969|dataStream:|priority:0, a7136ecb-4465-4bae-b158-9cfc61718915|rpc:172.17.0.2:42023|dataStream:|priority:0, ca5fd955-873f-4bac-9f2a-538d93af5c77|rpc:172.17.0.2:36703|dataStream:|priority:1] with ContainerStateMachine:uninitialized
2021-03-01 18:11:38,284 [pool-1077-thread-1] INFO  server.RaftServerConfigKeys (ConfUtils.java:logGet(44)) - raft.server.rpc.timeout.min = 5s (custom)
2021-03-01 18:11:38,284 [pool-1077-thread-1] INFO  server.RaftServerConfigKeys (ConfUtils.java:logGet(44)) - raft.server.rpc.timeout.max = 5200ms (custom)
2021-03-01 18:11:38,284 [pool-1077-thread-1] INFO  server.RaftServerConfigKeys (ConfUtils.java:logGet(44)) - raft.server.rpc.sleep.time = 25ms (default)
2021-03-01 18:11:38,284 [pool-1077-thread-1] INFO  server.RaftServerConfigKeys (ConfUtils.java:logGet(44)) - raft.server.rpc.slowness.timeout = 300000ms (custom)
2021-03-01 18:11:38,284 [pool-1077-thread-1] INFO  server.RaftServerConfigKeys (ConfUtils.java:logGet(44)) - raft.server.leaderelection.leader.step-down.wait-time = 10s (default)
2021-03-01 18:11:38,284 [pool-1077-thread-1] INFO  server.RaftServerConfigKeys (ConfUtils.java:logGet(44)) - raft.server.sleep.deviation.threshold = 300ms (default)
2021-03-01 18:11:38,284 [pool-1077-thread-1] INFO  server.RaftServerConfigKeys (ConfUtils.java:logGet(44)) - raft.server.log.appender.install.snapshot.enabled = false (custom)
2021-03-01 18:11:38,284 [pool-1077-thread-1] INFO  server.RaftServer$Division (ServerState.java:<init>(105)) - a7136ecb-4465-4bae-b158-9cfc61718915@group-1C1384E55287: ConfigurationManager, init=-1: [b303f36a-f963-4721-9f7a-b5e9e54e4468|rpc:172.17.0.2:32969|dataStream:|priority:0, a7136ecb-4465-4bae-b158-9cfc61718915|rpc:172.17.0.2:42023|dataStream:|priority:0, ca5fd955-873f-4bac-9f2a-538d93af5c77|rpc:172.17.0.2:36703|dataStream:|priority:1], old=null, confs=<EMPTY_MAP>
2021-03-01 18:11:38,284 [pool-1077-thread-1] INFO  server.RaftServerConfigKeys (ConfUtils.java:logGet(44)) - raft.server.storage.dir = [/github/workspace/mnt/ozone/hadoop-ozone/integration-test/target/test-dir/MiniOzoneClusterImpl-5b5774a2-bf3c-4723-a113-e238e3f8131c/datanode-4/data/ratis] (custom)
2021-03-01 18:11:38,284 [pool-1077-thread-1] INFO  server.RaftServerConfigKeys (ConfUtils.java:logGet(44)) - raft.server.log.corruption.policy = EXCEPTION (default)
2021-03-01 18:11:38,284 [pool-1077-thread-1] INFO  storage.RaftStorageDirectory (RaftStorageDirectoryImpl.java:analyzeStorage(132)) - The storage directory /github/workspace/mnt/ozone/hadoop-ozone/integration-test/target/test-dir/MiniOzoneClusterImpl-5b5774a2-bf3c-4723-a113-e238e3f8131c/datanode-4/data/ratis/a1cc7fb7-1dfd-47c2-8159-1c1384e55287 does not exist. Creating ...
2021-03-01 18:11:38,285 [pool-1077-thread-1] INFO  storage.RaftStorageDirectory (RaftStorageDirectoryImpl.java:tryLock(215)) - Lock on /github/workspace/mnt/ozone/hadoop-ozone/integration-test/target/test-dir/MiniOzoneClusterImpl-5b5774a2-bf3c-4723-a113-e238e3f8131c/datanode-4/data/ratis/a1cc7fb7-1dfd-47c2-8159-1c1384e55287/in_use.lock acquired by nodename 4952@83787af071e2
2021-03-01 18:11:38,286 [pool-1077-thread-1] INFO  storage.RaftStorage (RaftStorageImpl.java:format(87)) - Storage directory /github/workspace/mnt/ozone/hadoop-ozone/integration-test/target/test-dir/MiniOzoneClusterImpl-5b5774a2-bf3c-4723-a113-e238e3f8131c/datanode-4/data/ratis/a1cc7fb7-1dfd-47c2-8159-1c1384e55287 has been successfully formatted.
2021-03-01 18:11:38,286 [pool-1077-thread-1] INFO  ratis.ContainerStateMachine (ContainerStateMachine.java:loadSnapshot(223)) - group-1C1384E55287: The snapshot info is null. Setting the last applied indexto:(t:0, i:~)
2021-03-01 18:11:38,286 [pool-1077-thread-1] ERROR storage.RaftStorage (RaftStorageImpl.java:readRaftConfiguration(147)) - Failed reading configuration from file:/github/workspace/mnt/ozone/hadoop-ozone/integration-test/target/test-dir/MiniOzoneClusterImpl-5b5774a2-bf3c-4723-a113-e238e3f8131c/datanode-4/data/ratis/a1cc7fb7-1dfd-47c2-8159-1c1384e55287/current/raft-meta.conf
java.io.FileNotFoundException: /github/workspace/mnt/ozone/hadoop-ozone/integration-test/target/test-dir/MiniOzoneClusterImpl-5b5774a2-bf3c-4723-a113-e238e3f8131c/datanode-4/data/ratis/a1cc7fb7-1dfd-47c2-8159-1c1384e55287/current/raft-meta.conf (No such file or directory)
	at java.io.FileInputStream.open0(Native Method)
	at java.io.FileInputStream.open(FileInputStream.java:195)
	at java.io.FileInputStream.<init>(FileInputStream.java:138)
	at org.apache.ratis.server.storage.RaftStorageImpl.readRaftConfiguration(RaftStorageImpl.java:143)
	at org.apache.ratis.server.impl.ServerState.<init>(ServerState.java:122)
	at org.apache.ratis.server.impl.RaftServerImpl.<init>(RaftServerImpl.java:193)
	at org.apache.ratis.server.impl.RaftServerProxy.lambda$newRaftServerImpl$4(RaftServerProxy.java:266)
	at java.util.concurrent.CompletableFuture$AsyncSupply.run(CompletableFuture.java:1604)
	at java.util.concurrent.ThreadPoolExecutor.runWorker(ThreadPoolExecutor.java:1149)
	at java.util.concurrent.ThreadPoolExecutor$Worker.run(ThreadPoolExecutor.java:624)
	at java.lang.Thread.run(Thread.java:748)
2021-03-01 18:11:38,289 [EventQueue-PipelineReportForOneReplicaPipelineSafeModeRule] INFO  safemode.SCMSafeModeManager (SCMSafeModeManager.java:validateSafeModeExitRules(214)) - AtleastOneDatanodeReportedRule rule is successfully validated
2021-03-01 18:11:38,289 [pool-1077-thread-1] INFO  server.RaftServerConfigKeys (ConfUtils.java:logGet(44)) - raft.server.notification.no-leader.timeout = 300000ms (custom)
2021-03-01 18:11:38,289 [pool-1077-thread-1] INFO  server.RaftServerConfigKeys (ConfUtils.java:logGet(44)) - raft.server.log.use.memory = false (default)
2021-03-01 18:11:38,289 [pool-1077-thread-1] INFO  server.RaftServerConfigKeys (ConfUtils.java:logGet(44)) - raft.server.log.purge.gap = 1000000 (custom)
2021-03-01 18:11:38,289 [pool-1077-thread-1] INFO  server.RaftServerConfigKeys (ConfUtils.java:logGet(44)) - raft.server.log.appender.buffer.byte-limit = 33554432 (custom)
2021-03-01 18:11:38,289 [pool-1077-thread-1] INFO  metrics.RatisMetrics (RatisMetrics.java:lambda$create$0(36)) - Creating Metrics Registry : ratis.log_worker.a7136ecb-4465-4bae-b158-9cfc61718915@group-1C1384E55287
2021-03-01 18:11:38,290 [pool-1077-thread-1] INFO  server.RaftServerConfigKeys (ConfUtils.java:logGet(44)) - raft.server.log.segment.size.max = 1048576 (custom)
2021-03-01 18:11:38,291 [pool-1077-thread-1] INFO  server.RaftServerConfigKeys (ConfUtils.java:logGet(44)) - raft.server.log.segment.cache.num.max = 2 (custom)
2021-03-01 18:11:38,291 [pool-1077-thread-1] INFO  server.RaftServerConfigKeys (ConfUtils.java:logGet(44)) - raft.server.log.segment.cache.size.max = 200MB (=209715200) (default)
2021-03-01 18:11:38,291 [pool-1077-thread-1] INFO  segmented.SegmentedRaftLogWorker (SegmentedRaftLogWorker.java:<init>(181)) - new a7136ecb-4465-4bae-b158-9cfc61718915@group-1C1384E55287-SegmentedRaftLogWorker for RaftStorageImpl:Storage Directory /github/workspace/mnt/ozone/hadoop-ozone/integration-test/target/test-dir/MiniOzoneClusterImpl-5b5774a2-bf3c-4723-a113-e238e3f8131c/datanode-4/data/ratis/a1cc7fb7-1dfd-47c2-8159-1c1384e55287
2021-03-01 18:11:38,291 [pool-1077-thread-1] INFO  server.RaftServerConfigKeys (ConfUtils.java:logGet(44)) - raft.server.log.queue.byte-limit = 2147483647 (custom)
2021-03-01 18:11:38,291 [pool-1077-thread-1] INFO  server.RaftServerConfigKeys (ConfUtils.java:logGet(44)) - raft.server.log.queue.element-limit = 1024 (custom)
2021-03-01 18:11:38,291 [pool-1077-thread-1] INFO  server.RaftServerConfigKeys (ConfUtils.java:logGet(44)) - raft.server.log.segment.size.max = 1048576 (custom)
2021-03-01 18:11:38,291 [pool-1077-thread-1] INFO  server.RaftServerConfigKeys (ConfUtils.java:logGet(44)) - raft.server.log.preallocated.size = 16384 (custom)
2021-03-01 18:11:38,291 [pool-1077-thread-1] INFO  server.RaftServerConfigKeys (ConfUtils.java:logGet(44)) - raft.server.log.force.sync.num = 128 (default)
2021-03-01 18:11:38,291 [pool-1077-thread-1] INFO  server.RaftServerConfigKeys (ConfUtils.java:logGet(44)) - raft.server.log.statemachine.data.sync = true (default)
2021-03-01 18:11:38,291 [pool-1077-thread-1] INFO  server.RaftServerConfigKeys (ConfUtils.java:logGet(44)) - raft.server.log.statemachine.data.sync.timeout = 10s (default)
2021-03-01 18:11:38,291 [pool-1077-thread-1] INFO  server.RaftServerConfigKeys (ConfUtils.java:logGet(44)) - raft.server.log.statemachine.data.sync.timeout.retry = -1 (default)
2021-03-01 18:11:38,293 [pool-1077-thread-1] INFO  server.RaftServerConfigKeys (ConfUtils.java:logGet(44)) - raft.server.log.write.buffer.size = 1048576 (custom)
2021-03-01 18:11:38,294 [pool-1077-thread-1] INFO  server.RaftServerConfigKeys (ConfUtils.java:logGet(44)) - raft.server.log.statemachine.data.caching.enabled = true (custom)
2021-03-01 18:11:38,294 [pool-1077-thread-1] INFO  segmented.SegmentedRaftLogWorker (SegmentedRaftLogWorker.java:lambda$new$0(132)) - a7136ecb-4465-4bae-b158-9cfc61718915@group-1C1384E55287-SegmentedRaftLogWorker: flushIndex: setUnconditionally 0 -> -1
2021-03-01 18:11:38,294 [pool-1077-thread-1] INFO  segmented.SegmentedRaftLogWorker (SegmentedRaftLogWorker.java:lambda$new$0(132)) - a7136ecb-4465-4bae-b158-9cfc61718915@group-1C1384E55287-SegmentedRaftLogWorker: safeCacheEvictIndex: setUnconditionally 0 -> -1
2021-03-01 18:11:38,294 [pool-1077-thread-1] INFO  server.RaftServerConfigKeys (ConfUtils.java:logGet(44)) - raft.server.snapshot.auto.trigger.enabled = true (custom)
2021-03-01 18:11:38,294 [pool-1077-thread-1] INFO  server.RaftServerConfigKeys (ConfUtils.java:logGet(44)) - raft.server.snapshot.auto.trigger.threshold = 10000 (custom)
2021-03-01 18:11:38,294 [pool-1077-thread-1] INFO  server.RaftServerConfigKeys (ConfUtils.java:logGet(44)) - raft.server.snapshot.retention.file.num = 5 (custom)
2021-03-01 18:11:38,295 [pool-1077-thread-1] INFO  server.RaftServerConfigKeys (ConfUtils.java:logGet(44)) - raft.server.log.purge.upto.snapshot.index = false (default)
2021-03-01 18:11:38,295 [pool-1077-thread-1] INFO  server.RaftServerConfigKeys (ConfUtils.java:logGet(44)) - raft.server.retrycache.expirytime = 600000ms (custom)
2021-03-01 18:11:38,295 [pool-1077-thread-1] INFO  server.RaftServerConfigKeys (ConfUtils.java:logGet(44)) - raft.server.retrycache.statistics.expirytime = 100?s (default)
2021-03-01 18:11:38,295 [pool-1077-thread-1] INFO  metrics.RatisMetrics (RatisMetrics.java:lambda$create$0(36)) - Creating Metrics Registry : ratis.leader_election.a7136ecb-4465-4bae-b158-9cfc61718915@group-1C1384E55287
2021-03-01 18:11:38,296 [pool-1077-thread-1] INFO  metrics.RatisMetrics (RatisMetrics.java:lambda$create$0(36)) - Creating Metrics Registry : ratis.server.a7136ecb-4465-4bae-b158-9cfc61718915@group-1C1384E55287
2021-03-01 18:11:38,298 [pool-1077-thread-1] INFO  server.RaftServer$Division (RaftServerImpl.java:start(295)) - a7136ecb-4465-4bae-b158-9cfc61718915@group-1C1384E55287: start as a follower, conf=-1: [b303f36a-f963-4721-9f7a-b5e9e54e4468|rpc:172.17.0.2:32969|dataStream:|priority:0, a7136ecb-4465-4bae-b158-9cfc61718915|rpc:172.17.0.2:42023|dataStream:|priority:0, ca5fd955-873f-4bac-9f2a-538d93af5c77|rpc:172.17.0.2:36703|dataStream:|priority:1], old=null
2021-03-01 18:11:38,298 [pool-1077-thread-1] INFO  server.RaftServer$Division (RaftServerImpl.java:setRole(284)) - a7136ecb-4465-4bae-b158-9cfc61718915@group-1C1384E55287: changes role from      null to FOLLOWER at term 0 for startAsFollower
2021-03-01 18:11:38,298 [pool-1077-thread-1] INFO  impl.RoleInfo (RoleInfo.java:updateAndGet(130)) - a7136ecb-4465-4bae-b158-9cfc61718915: start a7136ecb-4465-4bae-b158-9cfc61718915@group-1C1384E55287-FollowerState
2021-03-01 18:11:38,298 [pool-1077-thread-1] INFO  util.JmxRegister (JmxRegister.java:tryRegister(44)) - Successfully registered JMX Bean with object name Ratis:service=RaftServer,group=group-1C1384E55287,id=a7136ecb-4465-4bae-b158-9cfc61718915
2021-03-01 18:11:38,298 [pool-1077-thread-1] INFO  metrics.RatisMetrics (RatisMetrics.java:lambda$create$0(36)) - Creating Metrics Registry : ratis.state_machine.a7136ecb-4465-4bae-b158-9cfc61718915@group-1C1384E55287
2021-03-01 18:11:38,302 [Command processor thread] INFO  commandhandler.CreatePipelineCommandHandler (CreatePipelineCommandHandler.java:handle(106)) - Created Pipeline RATIS THREE PipelineID=a1cc7fb7-1dfd-47c2-8159-1c1384e55287.
2021-03-01 18:11:38,302 [Command processor thread] INFO  server.RaftServer (RaftServerProxy.java:addNew(95)) - ca5fd955-873f-4bac-9f2a-538d93af5c77: addNew group-6F3B09D344DD:[b303f36a-f963-4721-9f7a-b5e9e54e4468|rpc:172.17.0.2:32969|priority:1, a7136ecb-4465-4bae-b158-9cfc61718915|rpc:172.17.0.2:42023|priority:0, ca5fd955-873f-4bac-9f2a-538d93af5c77|rpc:172.17.0.2:36703|priority:0] returns group-6F3B09D344DD:java.util.concurrent.CompletableFuture@2956008b[Not completed]
2021-03-01 18:11:38,303 [pool-1061-thread-1] INFO  server.RaftServer$Division (RaftServerImpl.java:<init>(180)) - ca5fd955-873f-4bac-9f2a-538d93af5c77: new RaftServerImpl for group-6F3B09D344DD:[b303f36a-f963-4721-9f7a-b5e9e54e4468|rpc:172.17.0.2:32969|priority:1, a7136ecb-4465-4bae-b158-9cfc61718915|rpc:172.17.0.2:42023|priority:0, ca5fd955-873f-4bac-9f2a-538d93af5c77|rpc:172.17.0.2:36703|priority:0] with ContainerStateMachine:uninitialized
2021-03-01 18:11:38,303 [pool-1061-thread-1] INFO  server.RaftServerConfigKeys (ConfUtils.java:logGet(44)) - raft.server.rpc.timeout.min = 5s (custom)
2021-03-01 18:11:38,303 [pool-1061-thread-1] INFO  server.RaftServerConfigKeys (ConfUtils.java:logGet(44)) - raft.server.rpc.timeout.max = 5200ms (custom)
2021-03-01 18:11:38,303 [pool-1061-thread-1] INFO  server.RaftServerConfigKeys (ConfUtils.java:logGet(44)) - raft.server.rpc.sleep.time = 25ms (default)
2021-03-01 18:11:38,303 [pool-1061-thread-1] INFO  server.RaftServerConfigKeys (ConfUtils.java:logGet(44)) - raft.server.rpc.slowness.timeout = 300000ms (custom)
2021-03-01 18:11:38,303 [pool-1061-thread-1] INFO  server.RaftServerConfigKeys (ConfUtils.java:logGet(44)) - raft.server.leaderelection.leader.step-down.wait-time = 10s (default)
2021-03-01 18:11:38,303 [pool-1061-thread-1] INFO  server.RaftServerConfigKeys (ConfUtils.java:logGet(44)) - raft.server.sleep.deviation.threshold = 300ms (default)
2021-03-01 18:11:38,303 [pool-1061-thread-1] INFO  server.RaftServerConfigKeys (ConfUtils.java:logGet(44)) - raft.server.log.appender.install.snapshot.enabled = false (custom)
2021-03-01 18:11:38,303 [pool-1061-thread-1] INFO  server.RaftServer$Division (ServerState.java:<init>(105)) - ca5fd955-873f-4bac-9f2a-538d93af5c77@group-6F3B09D344DD: ConfigurationManager, init=-1: [b303f36a-f963-4721-9f7a-b5e9e54e4468|rpc:172.17.0.2:32969|priority:1, a7136ecb-4465-4bae-b158-9cfc61718915|rpc:172.17.0.2:42023|priority:0, ca5fd955-873f-4bac-9f2a-538d93af5c77|rpc:172.17.0.2:36703|priority:0], old=null, confs=<EMPTY_MAP>
2021-03-01 18:11:38,303 [pool-1061-thread-1] INFO  server.RaftServerConfigKeys (ConfUtils.java:logGet(44)) - raft.server.storage.dir = [/github/workspace/mnt/ozone/hadoop-ozone/integration-test/target/test-dir/MiniOzoneClusterImpl-5b5774a2-bf3c-4723-a113-e238e3f8131c/datanode-3/data/ratis] (custom)
2021-03-01 18:11:38,303 [pool-1061-thread-1] INFO  server.RaftServerConfigKeys (ConfUtils.java:logGet(44)) - raft.server.log.corruption.policy = EXCEPTION (default)
2021-03-01 18:11:38,303 [pool-1061-thread-1] INFO  storage.RaftStorageDirectory (RaftStorageDirectoryImpl.java:analyzeStorage(132)) - The storage directory /github/workspace/mnt/ozone/hadoop-ozone/integration-test/target/test-dir/MiniOzoneClusterImpl-5b5774a2-bf3c-4723-a113-e238e3f8131c/datanode-3/data/ratis/274eb337-03e6-4118-9bb7-6f3b09d344dd does not exist. Creating ...
2021-03-01 18:11:38,304 [pool-1061-thread-1] INFO  storage.RaftStorageDirectory (RaftStorageDirectoryImpl.java:tryLock(215)) - Lock on /github/workspace/mnt/ozone/hadoop-ozone/integration-test/target/test-dir/MiniOzoneClusterImpl-5b5774a2-bf3c-4723-a113-e238e3f8131c/datanode-3/data/ratis/274eb337-03e6-4118-9bb7-6f3b09d344dd/in_use.lock acquired by nodename 4952@83787af071e2
2021-03-01 18:11:38,305 [pool-1061-thread-1] INFO  storage.RaftStorage (RaftStorageImpl.java:format(87)) - Storage directory /github/workspace/mnt/ozone/hadoop-ozone/integration-test/target/test-dir/MiniOzoneClusterImpl-5b5774a2-bf3c-4723-a113-e238e3f8131c/datanode-3/data/ratis/274eb337-03e6-4118-9bb7-6f3b09d344dd has been successfully formatted.
2021-03-01 18:11:38,305 [pool-1061-thread-1] INFO  ratis.ContainerStateMachine (ContainerStateMachine.java:loadSnapshot(223)) - group-6F3B09D344DD: The snapshot info is null. Setting the last applied indexto:(t:0, i:~)
2021-03-01 18:11:38,306 [pool-1061-thread-1] ERROR storage.RaftStorage (RaftStorageImpl.java:readRaftConfiguration(147)) - Failed reading configuration from file:/github/workspace/mnt/ozone/hadoop-ozone/integration-test/target/test-dir/MiniOzoneClusterImpl-5b5774a2-bf3c-4723-a113-e238e3f8131c/datanode-3/data/ratis/274eb337-03e6-4118-9bb7-6f3b09d344dd/current/raft-meta.conf
java.io.FileNotFoundException: /github/workspace/mnt/ozone/hadoop-ozone/integration-test/target/test-dir/MiniOzoneClusterImpl-5b5774a2-bf3c-4723-a113-e238e3f8131c/datanode-3/data/ratis/274eb337-03e6-4118-9bb7-6f3b09d344dd/current/raft-meta.conf (No such file or directory)
	at java.io.FileInputStream.open0(Native Method)
	at java.io.FileInputStream.open(FileInputStream.java:195)
	at java.io.FileInputStream.<init>(FileInputStream.java:138)
	at org.apache.ratis.server.storage.RaftStorageImpl.readRaftConfiguration(RaftStorageImpl.java:143)
	at org.apache.ratis.server.impl.ServerState.<init>(ServerState.java:122)
	at org.apache.ratis.server.impl.RaftServerImpl.<init>(RaftServerImpl.java:193)
	at org.apache.ratis.server.impl.RaftServerProxy.lambda$newRaftServerImpl$4(RaftServerProxy.java:266)
	at java.util.concurrent.CompletableFuture$AsyncSupply.run(CompletableFuture.java:1604)
	at java.util.concurrent.ThreadPoolExecutor.runWorker(ThreadPoolExecutor.java:1149)
	at java.util.concurrent.ThreadPoolExecutor$Worker.run(ThreadPoolExecutor.java:624)
	at java.lang.Thread.run(Thread.java:748)
2021-03-01 18:11:38,306 [EventQueue-OpenPipelineForHealthyPipelineSafeModeRule] INFO  safemode.SCMSafeModeManager (HealthyPipelineSafeModeRule.java:process(128)) - SCM in safe mode. Healthy pipelines reported count is 0, required healthy pipeline reported count is 1
2021-03-01 18:11:38,306 [EventQueue-PipelineReportForOneReplicaPipelineSafeModeRule] INFO  safemode.SCMSafeModeManager (SCMSafeModeManager.java:validateSafeModeExitRules(214)) - AtleastOneDatanodeReportedRule rule is successfully validated
2021-03-01 18:11:38,306 [pool-1061-thread-1] INFO  server.RaftServerConfigKeys (ConfUtils.java:logGet(44)) - raft.server.notification.no-leader.timeout = 300000ms (custom)
2021-03-01 18:11:38,306 [pool-1061-thread-1] INFO  server.RaftServerConfigKeys (ConfUtils.java:logGet(44)) - raft.server.log.use.memory = false (default)
2021-03-01 18:11:38,306 [pool-1061-thread-1] INFO  server.RaftServerConfigKeys (ConfUtils.java:logGet(44)) - raft.server.log.purge.gap = 1000000 (custom)
2021-03-01 18:11:38,306 [pool-1061-thread-1] INFO  server.RaftServerConfigKeys (ConfUtils.java:logGet(44)) - raft.server.log.appender.buffer.byte-limit = 33554432 (custom)
2021-03-01 18:11:38,306 [pool-1061-thread-1] INFO  metrics.RatisMetrics (RatisMetrics.java:lambda$create$0(36)) - Creating Metrics Registry : ratis.log_worker.ca5fd955-873f-4bac-9f2a-538d93af5c77@group-6F3B09D344DD
2021-03-01 18:11:38,306 [pool-1061-thread-1] INFO  server.RaftServerConfigKeys (ConfUtils.java:logGet(44)) - raft.server.log.segment.size.max = 1048576 (custom)
2021-03-01 18:11:38,307 [pool-1061-thread-1] INFO  server.RaftServerConfigKeys (ConfUtils.java:logGet(44)) - raft.server.log.segment.cache.num.max = 2 (custom)
2021-03-01 18:11:38,307 [pool-1061-thread-1] INFO  server.RaftServerConfigKeys (ConfUtils.java:logGet(44)) - raft.server.log.segment.cache.size.max = 200MB (=209715200) (default)
2021-03-01 18:11:38,307 [pool-1061-thread-1] INFO  segmented.SegmentedRaftLogWorker (SegmentedRaftLogWorker.java:<init>(181)) - new ca5fd955-873f-4bac-9f2a-538d93af5c77@group-6F3B09D344DD-SegmentedRaftLogWorker for RaftStorageImpl:Storage Directory /github/workspace/mnt/ozone/hadoop-ozone/integration-test/target/test-dir/MiniOzoneClusterImpl-5b5774a2-bf3c-4723-a113-e238e3f8131c/datanode-3/data/ratis/274eb337-03e6-4118-9bb7-6f3b09d344dd
2021-03-01 18:11:38,307 [pool-1061-thread-1] INFO  server.RaftServerConfigKeys (ConfUtils.java:logGet(44)) - raft.server.log.queue.byte-limit = 2147483647 (custom)
2021-03-01 18:11:38,307 [pool-1061-thread-1] INFO  server.RaftServerConfigKeys (ConfUtils.java:logGet(44)) - raft.server.log.queue.element-limit = 1024 (custom)
2021-03-01 18:11:38,307 [pool-1061-thread-1] INFO  server.RaftServerConfigKeys (ConfUtils.java:logGet(44)) - raft.server.log.segment.size.max = 1048576 (custom)
2021-03-01 18:11:38,307 [pool-1061-thread-1] INFO  server.RaftServerConfigKeys (ConfUtils.java:logGet(44)) - raft.server.log.preallocated.size = 16384 (custom)
2021-03-01 18:11:38,308 [pool-1061-thread-1] INFO  server.RaftServerConfigKeys (ConfUtils.java:logGet(44)) - raft.server.log.force.sync.num = 128 (default)
2021-03-01 18:11:38,308 [pool-1061-thread-1] INFO  server.RaftServerConfigKeys (ConfUtils.java:logGet(44)) - raft.server.log.statemachine.data.sync = true (default)
2021-03-01 18:11:38,308 [pool-1061-thread-1] INFO  server.RaftServerConfigKeys (ConfUtils.java:logGet(44)) - raft.server.log.statemachine.data.sync.timeout = 10s (default)
2021-03-01 18:11:38,308 [pool-1061-thread-1] INFO  server.RaftServerConfigKeys (ConfUtils.java:logGet(44)) - raft.server.log.statemachine.data.sync.timeout.retry = -1 (default)
2021-03-01 18:11:38,310 [pool-1061-thread-1] INFO  server.RaftServerConfigKeys (ConfUtils.java:logGet(44)) - raft.server.log.write.buffer.size = 1048576 (custom)
2021-03-01 18:11:38,311 [pool-1061-thread-1] INFO  server.RaftServerConfigKeys (ConfUtils.java:logGet(44)) - raft.server.log.statemachine.data.caching.enabled = true (custom)
2021-03-01 18:11:38,311 [pool-1061-thread-1] INFO  segmented.SegmentedRaftLogWorker (SegmentedRaftLogWorker.java:lambda$new$0(132)) - ca5fd955-873f-4bac-9f2a-538d93af5c77@group-6F3B09D344DD-SegmentedRaftLogWorker: flushIndex: setUnconditionally 0 -> -1
2021-03-01 18:11:38,311 [pool-1061-thread-1] INFO  segmented.SegmentedRaftLogWorker (SegmentedRaftLogWorker.java:lambda$new$0(132)) - ca5fd955-873f-4bac-9f2a-538d93af5c77@group-6F3B09D344DD-SegmentedRaftLogWorker: safeCacheEvictIndex: setUnconditionally 0 -> -1
2021-03-01 18:11:38,311 [pool-1061-thread-1] INFO  server.RaftServerConfigKeys (ConfUtils.java:logGet(44)) - raft.server.snapshot.auto.trigger.enabled = true (custom)
2021-03-01 18:11:38,311 [pool-1061-thread-1] INFO  server.RaftServerConfigKeys (ConfUtils.java:logGet(44)) - raft.server.snapshot.auto.trigger.threshold = 10000 (custom)
2021-03-01 18:11:38,311 [pool-1061-thread-1] INFO  server.RaftServerConfigKeys (ConfUtils.java:logGet(44)) - raft.server.snapshot.retention.file.num = 5 (custom)
2021-03-01 18:11:38,311 [pool-1061-thread-1] INFO  server.RaftServerConfigKeys (ConfUtils.java:logGet(44)) - raft.server.log.purge.upto.snapshot.index = false (default)
2021-03-01 18:11:38,311 [pool-1061-thread-1] INFO  server.RaftServerConfigKeys (ConfUtils.java:logGet(44)) - raft.server.retrycache.expirytime = 600000ms (custom)
2021-03-01 18:11:38,311 [pool-1061-thread-1] INFO  server.RaftServerConfigKeys (ConfUtils.java:logGet(44)) - raft.server.retrycache.statistics.expirytime = 100?s (default)
2021-03-01 18:11:38,311 [pool-1061-thread-1] INFO  metrics.RatisMetrics (RatisMetrics.java:lambda$create$0(36)) - Creating Metrics Registry : ratis.leader_election.ca5fd955-873f-4bac-9f2a-538d93af5c77@group-6F3B09D344DD
2021-03-01 18:11:38,312 [pool-1061-thread-1] INFO  metrics.RatisMetrics (RatisMetrics.java:lambda$create$0(36)) - Creating Metrics Registry : ratis.server.ca5fd955-873f-4bac-9f2a-538d93af5c77@group-6F3B09D344DD
2021-03-01 18:11:38,314 [pool-1061-thread-1] INFO  server.RaftServer$Division (RaftServerImpl.java:start(295)) - ca5fd955-873f-4bac-9f2a-538d93af5c77@group-6F3B09D344DD: start as a follower, conf=-1: [b303f36a-f963-4721-9f7a-b5e9e54e4468|rpc:172.17.0.2:32969|priority:1, a7136ecb-4465-4bae-b158-9cfc61718915|rpc:172.17.0.2:42023|priority:0, ca5fd955-873f-4bac-9f2a-538d93af5c77|rpc:172.17.0.2:36703|priority:0], old=null
2021-03-01 18:11:38,314 [pool-1061-thread-1] INFO  server.RaftServer$Division (RaftServerImpl.java:setRole(284)) - ca5fd955-873f-4bac-9f2a-538d93af5c77@group-6F3B09D344DD: changes role from      null to FOLLOWER at term 0 for startAsFollower
2021-03-01 18:11:38,314 [pool-1061-thread-1] INFO  impl.RoleInfo (RoleInfo.java:updateAndGet(130)) - ca5fd955-873f-4bac-9f2a-538d93af5c77: start ca5fd955-873f-4bac-9f2a-538d93af5c77@group-6F3B09D344DD-FollowerState
2021-03-01 18:11:38,314 [pool-1061-thread-1] INFO  util.JmxRegister (JmxRegister.java:tryRegister(44)) - Successfully registered JMX Bean with object name Ratis:service=RaftServer,group=group-6F3B09D344DD,id=ca5fd955-873f-4bac-9f2a-538d93af5c77
2021-03-01 18:11:38,314 [pool-1061-thread-1] INFO  metrics.RatisMetrics (RatisMetrics.java:lambda$create$0(36)) - Creating Metrics Registry : ratis.state_machine.ca5fd955-873f-4bac-9f2a-538d93af5c77@group-6F3B09D344DD
2021-03-01 18:11:38,316 [Command processor thread] INFO  metrics.RatisMetrics (RatisMetrics.java:lambda$create$0(36)) - Creating Metrics Registry : ratis.client_message_metrics.client-A13C8B068295->a7136ecb-4465-4bae-b158-9cfc61718915
2021-03-01 18:11:38,319 [grpc-default-executor-2] INFO  server.RaftServer (RaftServerProxy.java:addNew(95)) - a7136ecb-4465-4bae-b158-9cfc61718915: addNew group-6F3B09D344DD:[b303f36a-f963-4721-9f7a-b5e9e54e4468|rpc:172.17.0.2:32969|dataStream:|priority:1, a7136ecb-4465-4bae-b158-9cfc61718915|rpc:172.17.0.2:42023|dataStream:|priority:0, ca5fd955-873f-4bac-9f2a-538d93af5c77|rpc:172.17.0.2:36703|dataStream:|priority:0] returns group-6F3B09D344DD:java.util.concurrent.CompletableFuture@5161f316[Not completed]
2021-03-01 18:11:38,320 [pool-1077-thread-1] INFO  server.RaftServer$Division (RaftServerImpl.java:<init>(180)) - a7136ecb-4465-4bae-b158-9cfc61718915: new RaftServerImpl for group-6F3B09D344DD:[b303f36a-f963-4721-9f7a-b5e9e54e4468|rpc:172.17.0.2:32969|dataStream:|priority:1, a7136ecb-4465-4bae-b158-9cfc61718915|rpc:172.17.0.2:42023|dataStream:|priority:0, ca5fd955-873f-4bac-9f2a-538d93af5c77|rpc:172.17.0.2:36703|dataStream:|priority:0] with ContainerStateMachine:uninitialized
2021-03-01 18:11:38,320 [pool-1077-thread-1] INFO  server.RaftServerConfigKeys (ConfUtils.java:logGet(44)) - raft.server.rpc.timeout.min = 5s (custom)
2021-03-01 18:11:38,320 [pool-1077-thread-1] INFO  server.RaftServerConfigKeys (ConfUtils.java:logGet(44)) - raft.server.rpc.timeout.max = 5200ms (custom)
2021-03-01 18:11:38,320 [pool-1077-thread-1] INFO  server.RaftServerConfigKeys (ConfUtils.java:logGet(44)) - raft.server.rpc.sleep.time = 25ms (default)
2021-03-01 18:11:38,320 [pool-1077-thread-1] INFO  server.RaftServerConfigKeys (ConfUtils.java:logGet(44)) - raft.server.rpc.slowness.timeout = 300000ms (custom)
2021-03-01 18:11:38,320 [pool-1077-thread-1] INFO  server.RaftServerConfigKeys (ConfUtils.java:logGet(44)) - raft.server.leaderelection.leader.step-down.wait-time = 10s (default)
2021-03-01 18:11:38,320 [pool-1077-thread-1] INFO  server.RaftServerConfigKeys (ConfUtils.java:logGet(44)) - raft.server.sleep.deviation.threshold = 300ms (default)
2021-03-01 18:11:38,320 [pool-1077-thread-1] INFO  server.RaftServerConfigKeys (ConfUtils.java:logGet(44)) - raft.server.log.appender.install.snapshot.enabled = false (custom)
2021-03-01 18:11:38,320 [pool-1077-thread-1] INFO  server.RaftServer$Division (ServerState.java:<init>(105)) - a7136ecb-4465-4bae-b158-9cfc61718915@group-6F3B09D344DD: ConfigurationManager, init=-1: [b303f36a-f963-4721-9f7a-b5e9e54e4468|rpc:172.17.0.2:32969|dataStream:|priority:1, a7136ecb-4465-4bae-b158-9cfc61718915|rpc:172.17.0.2:42023|dataStream:|priority:0, ca5fd955-873f-4bac-9f2a-538d93af5c77|rpc:172.17.0.2:36703|dataStream:|priority:0], old=null, confs=<EMPTY_MAP>
2021-03-01 18:11:38,320 [pool-1077-thread-1] INFO  server.RaftServerConfigKeys (ConfUtils.java:logGet(44)) - raft.server.storage.dir = [/github/workspace/mnt/ozone/hadoop-ozone/integration-test/target/test-dir/MiniOzoneClusterImpl-5b5774a2-bf3c-4723-a113-e238e3f8131c/datanode-4/data/ratis] (custom)
2021-03-01 18:11:38,320 [pool-1077-thread-1] INFO  server.RaftServerConfigKeys (ConfUtils.java:logGet(44)) - raft.server.log.corruption.policy = EXCEPTION (default)
2021-03-01 18:11:38,321 [pool-1077-thread-1] INFO  storage.RaftStorageDirectory (RaftStorageDirectoryImpl.java:analyzeStorage(132)) - The storage directory /github/workspace/mnt/ozone/hadoop-ozone/integration-test/target/test-dir/MiniOzoneClusterImpl-5b5774a2-bf3c-4723-a113-e238e3f8131c/datanode-4/data/ratis/274eb337-03e6-4118-9bb7-6f3b09d344dd does not exist. Creating ...
2021-03-01 18:11:38,321 [pool-1077-thread-1] INFO  storage.RaftStorageDirectory (RaftStorageDirectoryImpl.java:tryLock(215)) - Lock on /github/workspace/mnt/ozone/hadoop-ozone/integration-test/target/test-dir/MiniOzoneClusterImpl-5b5774a2-bf3c-4723-a113-e238e3f8131c/datanode-4/data/ratis/274eb337-03e6-4118-9bb7-6f3b09d344dd/in_use.lock acquired by nodename 4952@83787af071e2
2021-03-01 18:11:38,322 [pool-1077-thread-1] INFO  storage.RaftStorage (RaftStorageImpl.java:format(87)) - Storage directory /github/workspace/mnt/ozone/hadoop-ozone/integration-test/target/test-dir/MiniOzoneClusterImpl-5b5774a2-bf3c-4723-a113-e238e3f8131c/datanode-4/data/ratis/274eb337-03e6-4118-9bb7-6f3b09d344dd has been successfully formatted.
2021-03-01 18:11:38,322 [pool-1077-thread-1] INFO  ratis.ContainerStateMachine (ContainerStateMachine.java:loadSnapshot(223)) - group-6F3B09D344DD: The snapshot info is null. Setting the last applied indexto:(t:0, i:~)
2021-03-01 18:11:38,322 [pool-1077-thread-1] ERROR storage.RaftStorage (RaftStorageImpl.java:readRaftConfiguration(147)) - Failed reading configuration from file:/github/workspace/mnt/ozone/hadoop-ozone/integration-test/target/test-dir/MiniOzoneClusterImpl-5b5774a2-bf3c-4723-a113-e238e3f8131c/datanode-4/data/ratis/274eb337-03e6-4118-9bb7-6f3b09d344dd/current/raft-meta.conf
java.io.FileNotFoundException: /github/workspace/mnt/ozone/hadoop-ozone/integration-test/target/test-dir/MiniOzoneClusterImpl-5b5774a2-bf3c-4723-a113-e238e3f8131c/datanode-4/data/ratis/274eb337-03e6-4118-9bb7-6f3b09d344dd/current/raft-meta.conf (No such file or directory)
	at java.io.FileInputStream.open0(Native Method)
	at java.io.FileInputStream.open(FileInputStream.java:195)
	at java.io.FileInputStream.<init>(FileInputStream.java:138)
	at org.apache.ratis.server.storage.RaftStorageImpl.readRaftConfiguration(RaftStorageImpl.java:143)
	at org.apache.ratis.server.impl.ServerState.<init>(ServerState.java:122)
	at org.apache.ratis.server.impl.RaftServerImpl.<init>(RaftServerImpl.java:193)
	at org.apache.ratis.server.impl.RaftServerProxy.lambda$newRaftServerImpl$4(RaftServerProxy.java:266)
	at java.util.concurrent.CompletableFuture$AsyncSupply.run(CompletableFuture.java:1604)
	at java.util.concurrent.ThreadPoolExecutor.runWorker(ThreadPoolExecutor.java:1149)
	at java.util.concurrent.ThreadPoolExecutor$Worker.run(ThreadPoolExecutor.java:624)
	at java.lang.Thread.run(Thread.java:748)
2021-03-01 18:11:38,322 [pool-1077-thread-1] INFO  server.RaftServerConfigKeys (ConfUtils.java:logGet(44)) - raft.server.notification.no-leader.timeout = 300000ms (custom)
2021-03-01 18:11:38,323 [pool-1077-thread-1] INFO  server.RaftServerConfigKeys (ConfUtils.java:logGet(44)) - raft.server.log.use.memory = false (default)
2021-03-01 18:11:38,323 [pool-1077-thread-1] INFO  server.RaftServerConfigKeys (ConfUtils.java:logGet(44)) - raft.server.log.purge.gap = 1000000 (custom)
2021-03-01 18:11:38,323 [pool-1077-thread-1] INFO  server.RaftServerConfigKeys (ConfUtils.java:logGet(44)) - raft.server.log.appender.buffer.byte-limit = 33554432 (custom)
2021-03-01 18:11:38,323 [pool-1077-thread-1] INFO  metrics.RatisMetrics (RatisMetrics.java:lambda$create$0(36)) - Creating Metrics Registry : ratis.log_worker.a7136ecb-4465-4bae-b158-9cfc61718915@group-6F3B09D344DD
2021-03-01 18:11:38,323 [pool-1077-thread-1] INFO  server.RaftServerConfigKeys (ConfUtils.java:logGet(44)) - raft.server.log.segment.size.max = 1048576 (custom)
2021-03-01 18:11:38,324 [EventQueue-PipelineReportForOneReplicaPipelineSafeModeRule] INFO  safemode.SCMSafeModeManager (SCMSafeModeManager.java:validateSafeModeExitRules(214)) - AtleastOneDatanodeReportedRule rule is successfully validated
2021-03-01 18:11:38,324 [pool-1077-thread-1] INFO  server.RaftServerConfigKeys (ConfUtils.java:logGet(44)) - raft.server.log.segment.cache.num.max = 2 (custom)
2021-03-01 18:11:38,324 [pool-1077-thread-1] INFO  server.RaftServerConfigKeys (ConfUtils.java:logGet(44)) - raft.server.log.segment.cache.size.max = 200MB (=209715200) (default)
2021-03-01 18:11:38,324 [pool-1077-thread-1] INFO  segmented.SegmentedRaftLogWorker (SegmentedRaftLogWorker.java:<init>(181)) - new a7136ecb-4465-4bae-b158-9cfc61718915@group-6F3B09D344DD-SegmentedRaftLogWorker for RaftStorageImpl:Storage Directory /github/workspace/mnt/ozone/hadoop-ozone/integration-test/target/test-dir/MiniOzoneClusterImpl-5b5774a2-bf3c-4723-a113-e238e3f8131c/datanode-4/data/ratis/274eb337-03e6-4118-9bb7-6f3b09d344dd
2021-03-01 18:11:38,324 [pool-1077-thread-1] INFO  server.RaftServerConfigKeys (ConfUtils.java:logGet(44)) - raft.server.log.queue.byte-limit = 2147483647 (custom)
2021-03-01 18:11:38,324 [pool-1077-thread-1] INFO  server.RaftServerConfigKeys (ConfUtils.java:logGet(44)) - raft.server.log.queue.element-limit = 1024 (custom)
2021-03-01 18:11:38,325 [pool-1077-thread-1] INFO  server.RaftServerConfigKeys (ConfUtils.java:logGet(44)) - raft.server.log.segment.size.max = 1048576 (custom)
2021-03-01 18:11:38,325 [pool-1077-thread-1] INFO  server.RaftServerConfigKeys (ConfUtils.java:logGet(44)) - raft.server.log.preallocated.size = 16384 (custom)
2021-03-01 18:11:38,325 [pool-1077-thread-1] INFO  server.RaftServerConfigKeys (ConfUtils.java:logGet(44)) - raft.server.log.force.sync.num = 128 (default)
2021-03-01 18:11:38,325 [pool-1077-thread-1] INFO  server.RaftServerConfigKeys (ConfUtils.java:logGet(44)) - raft.server.log.statemachine.data.sync = true (default)
2021-03-01 18:11:38,325 [pool-1077-thread-1] INFO  server.RaftServerConfigKeys (ConfUtils.java:logGet(44)) - raft.server.log.statemachine.data.sync.timeout = 10s (default)
2021-03-01 18:11:38,325 [pool-1077-thread-1] INFO  server.RaftServerConfigKeys (ConfUtils.java:logGet(44)) - raft.server.log.statemachine.data.sync.timeout.retry = -1 (default)
2021-03-01 18:11:38,327 [pool-1077-thread-1] INFO  server.RaftServerConfigKeys (ConfUtils.java:logGet(44)) - raft.server.log.write.buffer.size = 1048576 (custom)
2021-03-01 18:11:38,328 [pool-1077-thread-1] INFO  server.RaftServerConfigKeys (ConfUtils.java:logGet(44)) - raft.server.log.statemachine.data.caching.enabled = true (custom)
2021-03-01 18:11:38,328 [pool-1077-thread-1] INFO  segmented.SegmentedRaftLogWorker (SegmentedRaftLogWorker.java:lambda$new$0(132)) - a7136ecb-4465-4bae-b158-9cfc61718915@group-6F3B09D344DD-SegmentedRaftLogWorker: flushIndex: setUnconditionally 0 -> -1
2021-03-01 18:11:38,328 [pool-1077-thread-1] INFO  segmented.SegmentedRaftLogWorker (SegmentedRaftLogWorker.java:lambda$new$0(132)) - a7136ecb-4465-4bae-b158-9cfc61718915@group-6F3B09D344DD-SegmentedRaftLogWorker: safeCacheEvictIndex: setUnconditionally 0 -> -1
2021-03-01 18:11:38,331 [pool-1077-thread-1] INFO  server.RaftServerConfigKeys (ConfUtils.java:logGet(44)) - raft.server.snapshot.auto.trigger.enabled = true (custom)
2021-03-01 18:11:38,331 [pool-1077-thread-1] INFO  server.RaftServerConfigKeys (ConfUtils.java:logGet(44)) - raft.server.snapshot.auto.trigger.threshold = 10000 (custom)
2021-03-01 18:11:38,331 [pool-1077-thread-1] INFO  server.RaftServerConfigKeys (ConfUtils.java:logGet(44)) - raft.server.snapshot.retention.file.num = 5 (custom)
2021-03-01 18:11:38,331 [pool-1077-thread-1] INFO  server.RaftServerConfigKeys (ConfUtils.java:logGet(44)) - raft.server.log.purge.upto.snapshot.index = false (default)
2021-03-01 18:11:38,331 [pool-1077-thread-1] INFO  server.RaftServerConfigKeys (ConfUtils.java:logGet(44)) - raft.server.retrycache.expirytime = 600000ms (custom)
2021-03-01 18:11:38,331 [pool-1077-thread-1] INFO  server.RaftServerConfigKeys (ConfUtils.java:logGet(44)) - raft.server.retrycache.statistics.expirytime = 100?s (default)
2021-03-01 18:11:38,331 [pool-1077-thread-1] INFO  metrics.RatisMetrics (RatisMetrics.java:lambda$create$0(36)) - Creating Metrics Registry : ratis.leader_election.a7136ecb-4465-4bae-b158-9cfc61718915@group-6F3B09D344DD
2021-03-01 18:11:38,332 [pool-1077-thread-1] INFO  metrics.RatisMetrics (RatisMetrics.java:lambda$create$0(36)) - Creating Metrics Registry : ratis.server.a7136ecb-4465-4bae-b158-9cfc61718915@group-6F3B09D344DD
2021-03-01 18:11:38,334 [pool-1077-thread-1] INFO  server.RaftServer$Division (RaftServerImpl.java:start(295)) - a7136ecb-4465-4bae-b158-9cfc61718915@group-6F3B09D344DD: start as a follower, conf=-1: [b303f36a-f963-4721-9f7a-b5e9e54e4468|rpc:172.17.0.2:32969|dataStream:|priority:1, a7136ecb-4465-4bae-b158-9cfc61718915|rpc:172.17.0.2:42023|dataStream:|priority:0, ca5fd955-873f-4bac-9f2a-538d93af5c77|rpc:172.17.0.2:36703|dataStream:|priority:0], old=null
2021-03-01 18:11:38,334 [pool-1077-thread-1] INFO  server.RaftServer$Division (RaftServerImpl.java:setRole(284)) - a7136ecb-4465-4bae-b158-9cfc61718915@group-6F3B09D344DD: changes role from      null to FOLLOWER at term 0 for startAsFollower
2021-03-01 18:11:38,334 [pool-1077-thread-1] INFO  impl.RoleInfo (RoleInfo.java:updateAndGet(130)) - a7136ecb-4465-4bae-b158-9cfc61718915: start a7136ecb-4465-4bae-b158-9cfc61718915@group-6F3B09D344DD-FollowerState
2021-03-01 18:11:38,335 [pool-1077-thread-1] INFO  util.JmxRegister (JmxRegister.java:tryRegister(44)) - Successfully registered JMX Bean with object name Ratis:service=RaftServer,group=group-6F3B09D344DD,id=a7136ecb-4465-4bae-b158-9cfc61718915
2021-03-01 18:11:38,335 [pool-1077-thread-1] INFO  metrics.RatisMetrics (RatisMetrics.java:lambda$create$0(36)) - Creating Metrics Registry : ratis.state_machine.a7136ecb-4465-4bae-b158-9cfc61718915@group-6F3B09D344DD
2021-03-01 18:11:38,342 [Command processor thread] INFO  metrics.RatisMetrics (RatisMetrics.java:lambda$create$0(36)) - Creating Metrics Registry : ratis.client_message_metrics.client-2E63AD86C54D->b303f36a-f963-4721-9f7a-b5e9e54e4468
2021-03-01 18:11:38,347 [grpc-default-executor-2] INFO  server.RaftServer (RaftServerProxy.java:addNew(95)) - b303f36a-f963-4721-9f7a-b5e9e54e4468: addNew group-6F3B09D344DD:[b303f36a-f963-4721-9f7a-b5e9e54e4468|rpc:172.17.0.2:32969|dataStream:|priority:1, a7136ecb-4465-4bae-b158-9cfc61718915|rpc:172.17.0.2:42023|dataStream:|priority:0, ca5fd955-873f-4bac-9f2a-538d93af5c77|rpc:172.17.0.2:36703|dataStream:|priority:0] returns group-6F3B09D344DD:java.util.concurrent.CompletableFuture@4e3c19c[Not completed]
2021-03-01 18:11:38,347 [pool-1093-thread-1] INFO  server.RaftServer$Division (RaftServerImpl.java:<init>(180)) - b303f36a-f963-4721-9f7a-b5e9e54e4468: new RaftServerImpl for group-6F3B09D344DD:[b303f36a-f963-4721-9f7a-b5e9e54e4468|rpc:172.17.0.2:32969|dataStream:|priority:1, a7136ecb-4465-4bae-b158-9cfc61718915|rpc:172.17.0.2:42023|dataStream:|priority:0, ca5fd955-873f-4bac-9f2a-538d93af5c77|rpc:172.17.0.2:36703|dataStream:|priority:0] with ContainerStateMachine:uninitialized
2021-03-01 18:11:38,347 [pool-1093-thread-1] INFO  server.RaftServerConfigKeys (ConfUtils.java:logGet(44)) - raft.server.rpc.timeout.min = 5s (custom)
2021-03-01 18:11:38,347 [pool-1093-thread-1] INFO  server.RaftServerConfigKeys (ConfUtils.java:logGet(44)) - raft.server.rpc.timeout.max = 5200ms (custom)
2021-03-01 18:11:38,347 [pool-1093-thread-1] INFO  server.RaftServerConfigKeys (ConfUtils.java:logGet(44)) - raft.server.rpc.sleep.time = 25ms (default)
2021-03-01 18:11:38,347 [pool-1093-thread-1] INFO  server.RaftServerConfigKeys (ConfUtils.java:logGet(44)) - raft.server.rpc.slowness.timeout = 300000ms (custom)
2021-03-01 18:11:38,347 [pool-1093-thread-1] INFO  server.RaftServerConfigKeys (ConfUtils.java:logGet(44)) - raft.server.leaderelection.leader.step-down.wait-time = 10s (default)
2021-03-01 18:11:38,348 [pool-1093-thread-1] INFO  server.RaftServerConfigKeys (ConfUtils.java:logGet(44)) - raft.server.sleep.deviation.threshold = 300ms (default)
2021-03-01 18:11:38,348 [pool-1093-thread-1] INFO  server.RaftServerConfigKeys (ConfUtils.java:logGet(44)) - raft.server.log.appender.install.snapshot.enabled = false (custom)
2021-03-01 18:11:38,348 [pool-1093-thread-1] INFO  server.RaftServer$Division (ServerState.java:<init>(105)) - b303f36a-f963-4721-9f7a-b5e9e54e4468@group-6F3B09D344DD: ConfigurationManager, init=-1: [b303f36a-f963-4721-9f7a-b5e9e54e4468|rpc:172.17.0.2:32969|dataStream:|priority:1, a7136ecb-4465-4bae-b158-9cfc61718915|rpc:172.17.0.2:42023|dataStream:|priority:0, ca5fd955-873f-4bac-9f2a-538d93af5c77|rpc:172.17.0.2:36703|dataStream:|priority:0], old=null, confs=<EMPTY_MAP>
2021-03-01 18:11:38,348 [pool-1093-thread-1] INFO  server.RaftServerConfigKeys (ConfUtils.java:logGet(44)) - raft.server.storage.dir = [/github/workspace/mnt/ozone/hadoop-ozone/integration-test/target/test-dir/MiniOzoneClusterImpl-5b5774a2-bf3c-4723-a113-e238e3f8131c/datanode-5/data/ratis] (custom)
2021-03-01 18:11:38,348 [pool-1093-thread-1] INFO  server.RaftServerConfigKeys (ConfUtils.java:logGet(44)) - raft.server.log.corruption.policy = EXCEPTION (default)
2021-03-01 18:11:38,348 [pool-1093-thread-1] INFO  storage.RaftStorageDirectory (RaftStorageDirectoryImpl.java:analyzeStorage(132)) - The storage directory /github/workspace/mnt/ozone/hadoop-ozone/integration-test/target/test-dir/MiniOzoneClusterImpl-5b5774a2-bf3c-4723-a113-e238e3f8131c/datanode-5/data/ratis/274eb337-03e6-4118-9bb7-6f3b09d344dd does not exist. Creating ...
2021-03-01 18:11:38,349 [pool-1093-thread-1] INFO  storage.RaftStorageDirectory (RaftStorageDirectoryImpl.java:tryLock(215)) - Lock on /github/workspace/mnt/ozone/hadoop-ozone/integration-test/target/test-dir/MiniOzoneClusterImpl-5b5774a2-bf3c-4723-a113-e238e3f8131c/datanode-5/data/ratis/274eb337-03e6-4118-9bb7-6f3b09d344dd/in_use.lock acquired by nodename 4952@83787af071e2
2021-03-01 18:11:38,350 [pool-1093-thread-1] INFO  storage.RaftStorage (RaftStorageImpl.java:format(87)) - Storage directory /github/workspace/mnt/ozone/hadoop-ozone/integration-test/target/test-dir/MiniOzoneClusterImpl-5b5774a2-bf3c-4723-a113-e238e3f8131c/datanode-5/data/ratis/274eb337-03e6-4118-9bb7-6f3b09d344dd has been successfully formatted.
2021-03-01 18:11:38,350 [pool-1093-thread-1] INFO  ratis.ContainerStateMachine (ContainerStateMachine.java:loadSnapshot(223)) - group-6F3B09D344DD: The snapshot info is null. Setting the last applied indexto:(t:0, i:~)
2021-03-01 18:11:38,350 [EventQueue-PipelineReportForOneReplicaPipelineSafeModeRule] INFO  safemode.SCMSafeModeManager (SCMSafeModeManager.java:validateSafeModeExitRules(214)) - AtleastOneDatanodeReportedRule rule is successfully validated
2021-03-01 18:11:38,351 [pool-1093-thread-1] ERROR storage.RaftStorage (RaftStorageImpl.java:readRaftConfiguration(147)) - Failed reading configuration from file:/github/workspace/mnt/ozone/hadoop-ozone/integration-test/target/test-dir/MiniOzoneClusterImpl-5b5774a2-bf3c-4723-a113-e238e3f8131c/datanode-5/data/ratis/274eb337-03e6-4118-9bb7-6f3b09d344dd/current/raft-meta.conf
java.io.FileNotFoundException: /github/workspace/mnt/ozone/hadoop-ozone/integration-test/target/test-dir/MiniOzoneClusterImpl-5b5774a2-bf3c-4723-a113-e238e3f8131c/datanode-5/data/ratis/274eb337-03e6-4118-9bb7-6f3b09d344dd/current/raft-meta.conf (No such file or directory)
	at java.io.FileInputStream.open0(Native Method)
	at java.io.FileInputStream.open(FileInputStream.java:195)
	at java.io.FileInputStream.<init>(FileInputStream.java:138)
	at org.apache.ratis.server.storage.RaftStorageImpl.readRaftConfiguration(RaftStorageImpl.java:143)
	at org.apache.ratis.server.impl.ServerState.<init>(ServerState.java:122)
	at org.apache.ratis.server.impl.RaftServerImpl.<init>(RaftServerImpl.java:193)
	at org.apache.ratis.server.impl.RaftServerProxy.lambda$newRaftServerImpl$4(RaftServerProxy.java:266)
	at java.util.concurrent.CompletableFuture$AsyncSupply.run(CompletableFuture.java:1604)
	at java.util.concurrent.ThreadPoolExecutor.runWorker(ThreadPoolExecutor.java:1149)
	at java.util.concurrent.ThreadPoolExecutor$Worker.run(ThreadPoolExecutor.java:624)
	at java.lang.Thread.run(Thread.java:748)
2021-03-01 18:11:38,351 [pool-1093-thread-1] INFO  server.RaftServerConfigKeys (ConfUtils.java:logGet(44)) - raft.server.notification.no-leader.timeout = 300000ms (custom)
2021-03-01 18:11:38,351 [pool-1093-thread-1] INFO  server.RaftServerConfigKeys (ConfUtils.java:logGet(44)) - raft.server.log.use.memory = false (default)
2021-03-01 18:11:38,351 [pool-1093-thread-1] INFO  server.RaftServerConfigKeys (ConfUtils.java:logGet(44)) - raft.server.log.purge.gap = 1000000 (custom)
2021-03-01 18:11:38,351 [pool-1093-thread-1] INFO  server.RaftServerConfigKeys (ConfUtils.java:logGet(44)) - raft.server.log.appender.buffer.byte-limit = 33554432 (custom)
2021-03-01 18:11:38,351 [pool-1093-thread-1] INFO  metrics.RatisMetrics (RatisMetrics.java:lambda$create$0(36)) - Creating Metrics Registry : ratis.log_worker.b303f36a-f963-4721-9f7a-b5e9e54e4468@group-6F3B09D344DD
2021-03-01 18:11:38,351 [pool-1093-thread-1] INFO  server.RaftServerConfigKeys (ConfUtils.java:logGet(44)) - raft.server.log.segment.size.max = 1048576 (custom)
2021-03-01 18:11:38,352 [pool-1093-thread-1] INFO  server.RaftServerConfigKeys (ConfUtils.java:logGet(44)) - raft.server.log.segment.cache.num.max = 2 (custom)
2021-03-01 18:11:38,352 [pool-1093-thread-1] INFO  server.RaftServerConfigKeys (ConfUtils.java:logGet(44)) - raft.server.log.segment.cache.size.max = 200MB (=209715200) (default)
2021-03-01 18:11:38,352 [pool-1093-thread-1] INFO  segmented.SegmentedRaftLogWorker (SegmentedRaftLogWorker.java:<init>(181)) - new b303f36a-f963-4721-9f7a-b5e9e54e4468@group-6F3B09D344DD-SegmentedRaftLogWorker for RaftStorageImpl:Storage Directory /github/workspace/mnt/ozone/hadoop-ozone/integration-test/target/test-dir/MiniOzoneClusterImpl-5b5774a2-bf3c-4723-a113-e238e3f8131c/datanode-5/data/ratis/274eb337-03e6-4118-9bb7-6f3b09d344dd
2021-03-01 18:11:38,352 [pool-1093-thread-1] INFO  server.RaftServerConfigKeys (ConfUtils.java:logGet(44)) - raft.server.log.queue.byte-limit = 2147483647 (custom)
2021-03-01 18:11:38,352 [pool-1093-thread-1] INFO  server.RaftServerConfigKeys (ConfUtils.java:logGet(44)) - raft.server.log.queue.element-limit = 1024 (custom)
2021-03-01 18:11:38,352 [pool-1093-thread-1] INFO  server.RaftServerConfigKeys (ConfUtils.java:logGet(44)) - raft.server.log.segment.size.max = 1048576 (custom)
2021-03-01 18:11:38,352 [pool-1093-thread-1] INFO  server.RaftServerConfigKeys (ConfUtils.java:logGet(44)) - raft.server.log.preallocated.size = 16384 (custom)
2021-03-01 18:11:38,352 [pool-1093-thread-1] INFO  server.RaftServerConfigKeys (ConfUtils.java:logGet(44)) - raft.server.log.force.sync.num = 128 (default)
2021-03-01 18:11:38,352 [pool-1093-thread-1] INFO  server.RaftServerConfigKeys (ConfUtils.java:logGet(44)) - raft.server.log.statemachine.data.sync = true (default)
2021-03-01 18:11:38,353 [pool-1093-thread-1] INFO  server.RaftServerConfigKeys (ConfUtils.java:logGet(44)) - raft.server.log.statemachine.data.sync.timeout = 10s (default)
2021-03-01 18:11:38,353 [pool-1093-thread-1] INFO  server.RaftServerConfigKeys (ConfUtils.java:logGet(44)) - raft.server.log.statemachine.data.sync.timeout.retry = -1 (default)
2021-03-01 18:11:38,355 [pool-1093-thread-1] INFO  server.RaftServerConfigKeys (ConfUtils.java:logGet(44)) - raft.server.log.write.buffer.size = 1048576 (custom)
2021-03-01 18:11:38,355 [pool-1093-thread-1] INFO  server.RaftServerConfigKeys (ConfUtils.java:logGet(44)) - raft.server.log.statemachine.data.caching.enabled = true (custom)
2021-03-01 18:11:38,356 [pool-1093-thread-1] INFO  segmented.SegmentedRaftLogWorker (SegmentedRaftLogWorker.java:lambda$new$0(132)) - b303f36a-f963-4721-9f7a-b5e9e54e4468@group-6F3B09D344DD-SegmentedRaftLogWorker: flushIndex: setUnconditionally 0 -> -1
2021-03-01 18:11:38,356 [pool-1093-thread-1] INFO  segmented.SegmentedRaftLogWorker (SegmentedRaftLogWorker.java:lambda$new$0(132)) - b303f36a-f963-4721-9f7a-b5e9e54e4468@group-6F3B09D344DD-SegmentedRaftLogWorker: safeCacheEvictIndex: setUnconditionally 0 -> -1
2021-03-01 18:11:38,356 [pool-1093-thread-1] INFO  server.RaftServerConfigKeys (ConfUtils.java:logGet(44)) - raft.server.snapshot.auto.trigger.enabled = true (custom)
2021-03-01 18:11:38,356 [pool-1093-thread-1] INFO  server.RaftServerConfigKeys (ConfUtils.java:logGet(44)) - raft.server.snapshot.auto.trigger.threshold = 10000 (custom)
2021-03-01 18:11:38,356 [pool-1093-thread-1] INFO  server.RaftServerConfigKeys (ConfUtils.java:logGet(44)) - raft.server.snapshot.retention.file.num = 5 (custom)
2021-03-01 18:11:38,356 [pool-1093-thread-1] INFO  server.RaftServerConfigKeys (ConfUtils.java:logGet(44)) - raft.server.log.purge.upto.snapshot.index = false (default)
2021-03-01 18:11:38,356 [pool-1093-thread-1] INFO  server.RaftServerConfigKeys (ConfUtils.java:logGet(44)) - raft.server.retrycache.expirytime = 600000ms (custom)
2021-03-01 18:11:38,356 [pool-1093-thread-1] INFO  server.RaftServerConfigKeys (ConfUtils.java:logGet(44)) - raft.server.retrycache.statistics.expirytime = 100?s (default)
2021-03-01 18:11:38,356 [pool-1093-thread-1] INFO  metrics.RatisMetrics (RatisMetrics.java:lambda$create$0(36)) - Creating Metrics Registry : ratis.leader_election.b303f36a-f963-4721-9f7a-b5e9e54e4468@group-6F3B09D344DD
2021-03-01 18:11:38,357 [pool-1093-thread-1] INFO  metrics.RatisMetrics (RatisMetrics.java:lambda$create$0(36)) - Creating Metrics Registry : ratis.server.b303f36a-f963-4721-9f7a-b5e9e54e4468@group-6F3B09D344DD
2021-03-01 18:11:38,359 [pool-1093-thread-1] INFO  server.RaftServer$Division (RaftServerImpl.java:start(295)) - b303f36a-f963-4721-9f7a-b5e9e54e4468@group-6F3B09D344DD: start as a follower, conf=-1: [b303f36a-f963-4721-9f7a-b5e9e54e4468|rpc:172.17.0.2:32969|dataStream:|priority:1, a7136ecb-4465-4bae-b158-9cfc61718915|rpc:172.17.0.2:42023|dataStream:|priority:0, ca5fd955-873f-4bac-9f2a-538d93af5c77|rpc:172.17.0.2:36703|dataStream:|priority:0], old=null
2021-03-01 18:11:38,359 [pool-1093-thread-1] INFO  server.RaftServer$Division (RaftServerImpl.java:setRole(284)) - b303f36a-f963-4721-9f7a-b5e9e54e4468@group-6F3B09D344DD: changes role from      null to FOLLOWER at term 0 for startAsFollower
2021-03-01 18:11:38,359 [pool-1093-thread-1] INFO  impl.RoleInfo (RoleInfo.java:updateAndGet(130)) - b303f36a-f963-4721-9f7a-b5e9e54e4468: start b303f36a-f963-4721-9f7a-b5e9e54e4468@group-6F3B09D344DD-FollowerState
2021-03-01 18:11:38,359 [pool-1093-thread-1] INFO  util.JmxRegister (JmxRegister.java:tryRegister(44)) - Successfully registered JMX Bean with object name Ratis:service=RaftServer,group=group-6F3B09D344DD,id=b303f36a-f963-4721-9f7a-b5e9e54e4468
2021-03-01 18:11:38,359 [pool-1093-thread-1] INFO  metrics.RatisMetrics (RatisMetrics.java:lambda$create$0(36)) - Creating Metrics Registry : ratis.state_machine.b303f36a-f963-4721-9f7a-b5e9e54e4468@group-6F3B09D344DD
2021-03-01 18:11:38,363 [Command processor thread] INFO  commandhandler.CreatePipelineCommandHandler (CreatePipelineCommandHandler.java:handle(106)) - Created Pipeline RATIS THREE PipelineID=274eb337-03e6-4118-9bb7-6f3b09d344dd.
2021-03-01 18:11:38,363 [Command processor thread] INFO  server.RaftServer (RaftServerProxy.java:addNew(95)) - a7136ecb-4465-4bae-b158-9cfc61718915: addNew group-65A188F6751A:[a7136ecb-4465-4bae-b158-9cfc61718915|rpc:172.17.0.2:42023|priority:1] returns group-65A188F6751A:java.util.concurrent.CompletableFuture@4b6cd6ec[Not completed]
2021-03-01 18:11:38,364 [pool-1077-thread-1] INFO  server.RaftServer$Division (RaftServerImpl.java:<init>(180)) - a7136ecb-4465-4bae-b158-9cfc61718915: new RaftServerImpl for group-65A188F6751A:[a7136ecb-4465-4bae-b158-9cfc61718915|rpc:172.17.0.2:42023|priority:1] with ContainerStateMachine:uninitialized
2021-03-01 18:11:38,364 [pool-1077-thread-1] INFO  server.RaftServerConfigKeys (ConfUtils.java:logGet(44)) - raft.server.rpc.timeout.min = 5s (custom)
2021-03-01 18:11:38,364 [pool-1077-thread-1] INFO  server.RaftServerConfigKeys (ConfUtils.java:logGet(44)) - raft.server.rpc.timeout.max = 5200ms (custom)
2021-03-01 18:11:38,364 [pool-1077-thread-1] INFO  server.RaftServerConfigKeys (ConfUtils.java:logGet(44)) - raft.server.rpc.sleep.time = 25ms (default)
2021-03-01 18:11:38,364 [pool-1077-thread-1] INFO  server.RaftServerConfigKeys (ConfUtils.java:logGet(44)) - raft.server.rpc.slowness.timeout = 300000ms (custom)
2021-03-01 18:11:38,364 [pool-1077-thread-1] INFO  server.RaftServerConfigKeys (ConfUtils.java:logGet(44)) - raft.server.leaderelection.leader.step-down.wait-time = 10s (default)
2021-03-01 18:11:38,364 [pool-1077-thread-1] INFO  server.RaftServerConfigKeys (ConfUtils.java:logGet(44)) - raft.server.sleep.deviation.threshold = 300ms (default)
2021-03-01 18:11:38,364 [pool-1077-thread-1] INFO  server.RaftServerConfigKeys (ConfUtils.java:logGet(44)) - raft.server.log.appender.install.snapshot.enabled = false (custom)
2021-03-01 18:11:38,364 [pool-1077-thread-1] INFO  server.RaftServer$Division (ServerState.java:<init>(105)) - a7136ecb-4465-4bae-b158-9cfc61718915@group-65A188F6751A: ConfigurationManager, init=-1: [a7136ecb-4465-4bae-b158-9cfc61718915|rpc:172.17.0.2:42023|priority:1], old=null, confs=<EMPTY_MAP>
2021-03-01 18:11:38,364 [pool-1077-thread-1] INFO  server.RaftServerConfigKeys (ConfUtils.java:logGet(44)) - raft.server.storage.dir = [/github/workspace/mnt/ozone/hadoop-ozone/integration-test/target/test-dir/MiniOzoneClusterImpl-5b5774a2-bf3c-4723-a113-e238e3f8131c/datanode-4/data/ratis] (custom)
2021-03-01 18:11:38,364 [pool-1077-thread-1] INFO  server.RaftServerConfigKeys (ConfUtils.java:logGet(44)) - raft.server.log.corruption.policy = EXCEPTION (default)
2021-03-01 18:11:38,364 [pool-1077-thread-1] INFO  storage.RaftStorageDirectory (RaftStorageDirectoryImpl.java:analyzeStorage(132)) - The storage directory /github/workspace/mnt/ozone/hadoop-ozone/integration-test/target/test-dir/MiniOzoneClusterImpl-5b5774a2-bf3c-4723-a113-e238e3f8131c/datanode-4/data/ratis/690edf50-8935-46fd-b96b-65a188f6751a does not exist. Creating ...
2021-03-01 18:11:38,365 [pool-1077-thread-1] INFO  storage.RaftStorageDirectory (RaftStorageDirectoryImpl.java:tryLock(215)) - Lock on /github/workspace/mnt/ozone/hadoop-ozone/integration-test/target/test-dir/MiniOzoneClusterImpl-5b5774a2-bf3c-4723-a113-e238e3f8131c/datanode-4/data/ratis/690edf50-8935-46fd-b96b-65a188f6751a/in_use.lock acquired by nodename 4952@83787af071e2
2021-03-01 18:11:38,366 [pool-1077-thread-1] INFO  storage.RaftStorage (RaftStorageImpl.java:format(87)) - Storage directory /github/workspace/mnt/ozone/hadoop-ozone/integration-test/target/test-dir/MiniOzoneClusterImpl-5b5774a2-bf3c-4723-a113-e238e3f8131c/datanode-4/data/ratis/690edf50-8935-46fd-b96b-65a188f6751a has been successfully formatted.
2021-03-01 18:11:38,366 [pool-1077-thread-1] INFO  ratis.ContainerStateMachine (ContainerStateMachine.java:loadSnapshot(223)) - group-65A188F6751A: The snapshot info is null. Setting the last applied indexto:(t:0, i:~)
2021-03-01 18:11:38,366 [pool-1077-thread-1] ERROR storage.RaftStorage (RaftStorageImpl.java:readRaftConfiguration(147)) - Failed reading configuration from file:/github/workspace/mnt/ozone/hadoop-ozone/integration-test/target/test-dir/MiniOzoneClusterImpl-5b5774a2-bf3c-4723-a113-e238e3f8131c/datanode-4/data/ratis/690edf50-8935-46fd-b96b-65a188f6751a/current/raft-meta.conf
java.io.FileNotFoundException: /github/workspace/mnt/ozone/hadoop-ozone/integration-test/target/test-dir/MiniOzoneClusterImpl-5b5774a2-bf3c-4723-a113-e238e3f8131c/datanode-4/data/ratis/690edf50-8935-46fd-b96b-65a188f6751a/current/raft-meta.conf (No such file or directory)
	at java.io.FileInputStream.open0(Native Method)
	at java.io.FileInputStream.open(FileInputStream.java:195)
	at java.io.FileInputStream.<init>(FileInputStream.java:138)
	at org.apache.ratis.server.storage.RaftStorageImpl.readRaftConfiguration(RaftStorageImpl.java:143)
	at org.apache.ratis.server.impl.ServerState.<init>(ServerState.java:122)
	at org.apache.ratis.server.impl.RaftServerImpl.<init>(RaftServerImpl.java:193)
	at org.apache.ratis.server.impl.RaftServerProxy.lambda$newRaftServerImpl$4(RaftServerProxy.java:266)
	at java.util.concurrent.CompletableFuture$AsyncSupply.run(CompletableFuture.java:1604)
	at java.util.concurrent.ThreadPoolExecutor.runWorker(ThreadPoolExecutor.java:1149)
	at java.util.concurrent.ThreadPoolExecutor$Worker.run(ThreadPoolExecutor.java:624)
	at java.lang.Thread.run(Thread.java:748)
2021-03-01 18:11:38,367 [pool-1077-thread-1] INFO  server.RaftServerConfigKeys (ConfUtils.java:logGet(44)) - raft.server.notification.no-leader.timeout = 300000ms (custom)
2021-03-01 18:11:38,367 [pool-1077-thread-1] INFO  server.RaftServerConfigKeys (ConfUtils.java:logGet(44)) - raft.server.log.use.memory = false (default)
2021-03-01 18:11:38,367 [pool-1077-thread-1] INFO  server.RaftServerConfigKeys (ConfUtils.java:logGet(44)) - raft.server.log.purge.gap = 1000000 (custom)
2021-03-01 18:11:38,367 [pool-1077-thread-1] INFO  server.RaftServerConfigKeys (ConfUtils.java:logGet(44)) - raft.server.log.appender.buffer.byte-limit = 33554432 (custom)
2021-03-01 18:11:38,367 [pool-1077-thread-1] INFO  metrics.RatisMetrics (RatisMetrics.java:lambda$create$0(36)) - Creating Metrics Registry : ratis.log_worker.a7136ecb-4465-4bae-b158-9cfc61718915@group-65A188F6751A
2021-03-01 18:11:38,367 [pool-1077-thread-1] INFO  server.RaftServerConfigKeys (ConfUtils.java:logGet(44)) - raft.server.log.segment.size.max = 1048576 (custom)
2021-03-01 18:11:38,368 [pool-1077-thread-1] INFO  server.RaftServerConfigKeys (ConfUtils.java:logGet(44)) - raft.server.log.segment.cache.num.max = 2 (custom)
2021-03-01 18:11:38,368 [pool-1077-thread-1] INFO  server.RaftServerConfigKeys (ConfUtils.java:logGet(44)) - raft.server.log.segment.cache.size.max = 200MB (=209715200) (default)
2021-03-01 18:11:38,368 [pool-1077-thread-1] INFO  segmented.SegmentedRaftLogWorker (SegmentedRaftLogWorker.java:<init>(181)) - new a7136ecb-4465-4bae-b158-9cfc61718915@group-65A188F6751A-SegmentedRaftLogWorker for RaftStorageImpl:Storage Directory /github/workspace/mnt/ozone/hadoop-ozone/integration-test/target/test-dir/MiniOzoneClusterImpl-5b5774a2-bf3c-4723-a113-e238e3f8131c/datanode-4/data/ratis/690edf50-8935-46fd-b96b-65a188f6751a
2021-03-01 18:11:38,368 [pool-1077-thread-1] INFO  server.RaftServerConfigKeys (ConfUtils.java:logGet(44)) - raft.server.log.queue.byte-limit = 2147483647 (custom)
2021-03-01 18:11:38,368 [pool-1077-thread-1] INFO  server.RaftServerConfigKeys (ConfUtils.java:logGet(44)) - raft.server.log.queue.element-limit = 1024 (custom)
2021-03-01 18:11:38,368 [pool-1077-thread-1] INFO  server.RaftServerConfigKeys (ConfUtils.java:logGet(44)) - raft.server.log.segment.size.max = 1048576 (custom)
2021-03-01 18:11:38,368 [pool-1077-thread-1] INFO  server.RaftServerConfigKeys (ConfUtils.java:logGet(44)) - raft.server.log.preallocated.size = 16384 (custom)
2021-03-01 18:11:38,368 [pool-1077-thread-1] INFO  server.RaftServerConfigKeys (ConfUtils.java:logGet(44)) - raft.server.log.force.sync.num = 128 (default)
2021-03-01 18:11:38,368 [pool-1077-thread-1] INFO  server.RaftServerConfigKeys (ConfUtils.java:logGet(44)) - raft.server.log.statemachine.data.sync = true (default)
2021-03-01 18:11:38,368 [pool-1077-thread-1] INFO  server.RaftServerConfigKeys (ConfUtils.java:logGet(44)) - raft.server.log.statemachine.data.sync.timeout = 10s (default)
2021-03-01 18:11:38,368 [pool-1077-thread-1] INFO  server.RaftServerConfigKeys (ConfUtils.java:logGet(44)) - raft.server.log.statemachine.data.sync.timeout.retry = -1 (default)
2021-03-01 18:11:38,371 [EventQueue-PipelineReportForPipelineReportHandler] INFO  pipeline.PipelineStateManager (PipelineStateManager.java:openPipeline(132)) - Pipeline Pipeline[ Id: 690edf50-8935-46fd-b96b-65a188f6751a, Nodes: a7136ecb-4465-4bae-b158-9cfc61718915{ip: 172.17.0.2, host: 83787af071e2, ports: [REPLICATION=36853, RATIS=42023, RATIS_ADMIN=42023, RATIS_SERVER=42023, STANDALONE=36443], networkLocation: /default-rack, certSerialId: null, persistedOpState: IN_SERVICE, persistedOpStateExpiryEpochSec: 0}, Type:RATIS, Factor:ONE, State:ALLOCATED, leaderId:a7136ecb-4465-4bae-b158-9cfc61718915, CreationTimestamp2021-03-01T18:11:35.364Z] moved to OPEN state
2021-03-01 18:11:38,371 [EventQueue-PipelineReportForOneReplicaPipelineSafeModeRule] INFO  safemode.SCMSafeModeManager (SCMSafeModeManager.java:validateSafeModeExitRules(214)) - AtleastOneDatanodeReportedRule rule is successfully validated
2021-03-01 18:11:38,371 [EventQueue-OpenPipelineForHealthyPipelineSafeModeRule] INFO  safemode.SCMSafeModeManager (HealthyPipelineSafeModeRule.java:process(128)) - SCM in safe mode. Healthy pipelines reported count is 0, required healthy pipeline reported count is 1
2021-03-01 18:11:38,371 [pool-1077-thread-1] INFO  server.RaftServerConfigKeys (ConfUtils.java:logGet(44)) - raft.server.log.write.buffer.size = 1048576 (custom)
2021-03-01 18:11:38,372 [pool-1077-thread-1] INFO  server.RaftServerConfigKeys (ConfUtils.java:logGet(44)) - raft.server.log.statemachine.data.caching.enabled = true (custom)
2021-03-01 18:11:38,372 [pool-1077-thread-1] INFO  segmented.SegmentedRaftLogWorker (SegmentedRaftLogWorker.java:lambda$new$0(132)) - a7136ecb-4465-4bae-b158-9cfc61718915@group-65A188F6751A-SegmentedRaftLogWorker: flushIndex: setUnconditionally 0 -> -1
2021-03-01 18:11:38,372 [pool-1077-thread-1] INFO  segmented.SegmentedRaftLogWorker (SegmentedRaftLogWorker.java:lambda$new$0(132)) - a7136ecb-4465-4bae-b158-9cfc61718915@group-65A188F6751A-SegmentedRaftLogWorker: safeCacheEvictIndex: setUnconditionally 0 -> -1
2021-03-01 18:11:38,372 [pool-1077-thread-1] INFO  server.RaftServerConfigKeys (ConfUtils.java:logGet(44)) - raft.server.snapshot.auto.trigger.enabled = true (custom)
2021-03-01 18:11:38,372 [pool-1077-thread-1] INFO  server.RaftServerConfigKeys (ConfUtils.java:logGet(44)) - raft.server.snapshot.auto.trigger.threshold = 10000 (custom)
2021-03-01 18:11:38,372 [pool-1077-thread-1] INFO  server.RaftServerConfigKeys (ConfUtils.java:logGet(44)) - raft.server.snapshot.retention.file.num = 5 (custom)
2021-03-01 18:11:38,372 [pool-1077-thread-1] INFO  server.RaftServerConfigKeys (ConfUtils.java:logGet(44)) - raft.server.log.purge.upto.snapshot.index = false (default)
2021-03-01 18:11:38,372 [pool-1077-thread-1] INFO  server.RaftServerConfigKeys (ConfUtils.java:logGet(44)) - raft.server.retrycache.expirytime = 600000ms (custom)
2021-03-01 18:11:38,372 [pool-1077-thread-1] INFO  server.RaftServerConfigKeys (ConfUtils.java:logGet(44)) - raft.server.retrycache.statistics.expirytime = 100?s (default)
2021-03-01 18:11:38,372 [pool-1077-thread-1] INFO  metrics.RatisMetrics (RatisMetrics.java:lambda$create$0(36)) - Creating Metrics Registry : ratis.leader_election.a7136ecb-4465-4bae-b158-9cfc61718915@group-65A188F6751A
2021-03-01 18:11:38,373 [pool-1077-thread-1] INFO  metrics.RatisMetrics (RatisMetrics.java:lambda$create$0(36)) - Creating Metrics Registry : ratis.server.a7136ecb-4465-4bae-b158-9cfc61718915@group-65A188F6751A
2021-03-01 18:11:38,375 [pool-1077-thread-1] INFO  server.RaftServer$Division (RaftServerImpl.java:start(295)) - a7136ecb-4465-4bae-b158-9cfc61718915@group-65A188F6751A: start as a follower, conf=-1: [a7136ecb-4465-4bae-b158-9cfc61718915|rpc:172.17.0.2:42023|priority:1], old=null
2021-03-01 18:11:38,375 [pool-1077-thread-1] INFO  server.RaftServer$Division (RaftServerImpl.java:setRole(284)) - a7136ecb-4465-4bae-b158-9cfc61718915@group-65A188F6751A: changes role from      null to FOLLOWER at term 0 for startAsFollower
2021-03-01 18:11:38,375 [pool-1077-thread-1] INFO  impl.RoleInfo (RoleInfo.java:updateAndGet(130)) - a7136ecb-4465-4bae-b158-9cfc61718915: start a7136ecb-4465-4bae-b158-9cfc61718915@group-65A188F6751A-FollowerState
2021-03-01 18:11:38,376 [pool-1077-thread-1] INFO  util.JmxRegister (JmxRegister.java:tryRegister(44)) - Successfully registered JMX Bean with object name Ratis:service=RaftServer,group=group-65A188F6751A,id=a7136ecb-4465-4bae-b158-9cfc61718915
2021-03-01 18:11:38,376 [pool-1077-thread-1] INFO  metrics.RatisMetrics (RatisMetrics.java:lambda$create$0(36)) - Creating Metrics Registry : ratis.state_machine.a7136ecb-4465-4bae-b158-9cfc61718915@group-65A188F6751A
2021-03-01 18:11:38,377 [Command processor thread] INFO  commandhandler.CreatePipelineCommandHandler (CreatePipelineCommandHandler.java:handle(106)) - Created Pipeline RATIS ONE PipelineID=690edf50-8935-46fd-b96b-65a188f6751a.
2021-03-01 18:11:38,667 [Command processor thread] INFO  server.RaftServer (RaftServerProxy.java:addNew(95)) - b303f36a-f963-4721-9f7a-b5e9e54e4468: addNew group-57BBEB97FB30:[b303f36a-f963-4721-9f7a-b5e9e54e4468|rpc:172.17.0.2:32969|priority:1] returns group-57BBEB97FB30:java.util.concurrent.CompletableFuture@2e32bb51[Not completed]
2021-03-01 18:11:38,668 [pool-1093-thread-1] INFO  server.RaftServer$Division (RaftServerImpl.java:<init>(180)) - b303f36a-f963-4721-9f7a-b5e9e54e4468: new RaftServerImpl for group-57BBEB97FB30:[b303f36a-f963-4721-9f7a-b5e9e54e4468|rpc:172.17.0.2:32969|priority:1] with ContainerStateMachine:uninitialized
2021-03-01 18:11:38,668 [pool-1093-thread-1] INFO  server.RaftServerConfigKeys (ConfUtils.java:logGet(44)) - raft.server.rpc.timeout.min = 5s (custom)
2021-03-01 18:11:38,668 [pool-1093-thread-1] INFO  server.RaftServerConfigKeys (ConfUtils.java:logGet(44)) - raft.server.rpc.timeout.max = 5200ms (custom)
2021-03-01 18:11:38,668 [pool-1093-thread-1] INFO  server.RaftServerConfigKeys (ConfUtils.java:logGet(44)) - raft.server.rpc.sleep.time = 25ms (default)
2021-03-01 18:11:38,668 [pool-1093-thread-1] INFO  server.RaftServerConfigKeys (ConfUtils.java:logGet(44)) - raft.server.rpc.slowness.timeout = 300000ms (custom)
2021-03-01 18:11:38,668 [pool-1093-thread-1] INFO  server.RaftServerConfigKeys (ConfUtils.java:logGet(44)) - raft.server.leaderelection.leader.step-down.wait-time = 10s (default)
2021-03-01 18:11:38,668 [pool-1093-thread-1] INFO  server.RaftServerConfigKeys (ConfUtils.java:logGet(44)) - raft.server.sleep.deviation.threshold = 300ms (default)
2021-03-01 18:11:38,668 [pool-1093-thread-1] INFO  server.RaftServerConfigKeys (ConfUtils.java:logGet(44)) - raft.server.log.appender.install.snapshot.enabled = false (custom)
2021-03-01 18:11:38,668 [pool-1093-thread-1] INFO  server.RaftServer$Division (ServerState.java:<init>(105)) - b303f36a-f963-4721-9f7a-b5e9e54e4468@group-57BBEB97FB30: ConfigurationManager, init=-1: [b303f36a-f963-4721-9f7a-b5e9e54e4468|rpc:172.17.0.2:32969|priority:1], old=null, confs=<EMPTY_MAP>
2021-03-01 18:11:38,668 [pool-1093-thread-1] INFO  server.RaftServerConfigKeys (ConfUtils.java:logGet(44)) - raft.server.storage.dir = [/github/workspace/mnt/ozone/hadoop-ozone/integration-test/target/test-dir/MiniOzoneClusterImpl-5b5774a2-bf3c-4723-a113-e238e3f8131c/datanode-5/data/ratis] (custom)
2021-03-01 18:11:38,668 [pool-1093-thread-1] INFO  server.RaftServerConfigKeys (ConfUtils.java:logGet(44)) - raft.server.log.corruption.policy = EXCEPTION (default)
2021-03-01 18:11:38,668 [pool-1093-thread-1] INFO  storage.RaftStorageDirectory (RaftStorageDirectoryImpl.java:analyzeStorage(132)) - The storage directory /github/workspace/mnt/ozone/hadoop-ozone/integration-test/target/test-dir/MiniOzoneClusterImpl-5b5774a2-bf3c-4723-a113-e238e3f8131c/datanode-5/data/ratis/8c898d1a-493f-4263-bb67-57bbeb97fb30 does not exist. Creating ...
2021-03-01 18:11:38,669 [pool-1093-thread-1] INFO  storage.RaftStorageDirectory (RaftStorageDirectoryImpl.java:tryLock(215)) - Lock on /github/workspace/mnt/ozone/hadoop-ozone/integration-test/target/test-dir/MiniOzoneClusterImpl-5b5774a2-bf3c-4723-a113-e238e3f8131c/datanode-5/data/ratis/8c898d1a-493f-4263-bb67-57bbeb97fb30/in_use.lock acquired by nodename 4952@83787af071e2
2021-03-01 18:11:38,670 [pool-1093-thread-1] INFO  storage.RaftStorage (RaftStorageImpl.java:format(87)) - Storage directory /github/workspace/mnt/ozone/hadoop-ozone/integration-test/target/test-dir/MiniOzoneClusterImpl-5b5774a2-bf3c-4723-a113-e238e3f8131c/datanode-5/data/ratis/8c898d1a-493f-4263-bb67-57bbeb97fb30 has been successfully formatted.
2021-03-01 18:11:38,671 [pool-1093-thread-1] INFO  ratis.ContainerStateMachine (ContainerStateMachine.java:loadSnapshot(223)) - group-57BBEB97FB30: The snapshot info is null. Setting the last applied indexto:(t:0, i:~)
2021-03-01 18:11:38,671 [pool-1093-thread-1] ERROR storage.RaftStorage (RaftStorageImpl.java:readRaftConfiguration(147)) - Failed reading configuration from file:/github/workspace/mnt/ozone/hadoop-ozone/integration-test/target/test-dir/MiniOzoneClusterImpl-5b5774a2-bf3c-4723-a113-e238e3f8131c/datanode-5/data/ratis/8c898d1a-493f-4263-bb67-57bbeb97fb30/current/raft-meta.conf
java.io.FileNotFoundException: /github/workspace/mnt/ozone/hadoop-ozone/integration-test/target/test-dir/MiniOzoneClusterImpl-5b5774a2-bf3c-4723-a113-e238e3f8131c/datanode-5/data/ratis/8c898d1a-493f-4263-bb67-57bbeb97fb30/current/raft-meta.conf (No such file or directory)
	at java.io.FileInputStream.open0(Native Method)
	at java.io.FileInputStream.open(FileInputStream.java:195)
	at java.io.FileInputStream.<init>(FileInputStream.java:138)
	at org.apache.ratis.server.storage.RaftStorageImpl.readRaftConfiguration(RaftStorageImpl.java:143)
	at org.apache.ratis.server.impl.ServerState.<init>(ServerState.java:122)
	at org.apache.ratis.server.impl.RaftServerImpl.<init>(RaftServerImpl.java:193)
	at org.apache.ratis.server.impl.RaftServerProxy.lambda$newRaftServerImpl$4(RaftServerProxy.java:266)
	at java.util.concurrent.CompletableFuture$AsyncSupply.run(CompletableFuture.java:1604)
	at java.util.concurrent.ThreadPoolExecutor.runWorker(ThreadPoolExecutor.java:1149)
	at java.util.concurrent.ThreadPoolExecutor$Worker.run(ThreadPoolExecutor.java:624)
	at java.lang.Thread.run(Thread.java:748)
2021-03-01 18:11:38,671 [EventQueue-PipelineReportForOneReplicaPipelineSafeModeRule] INFO  safemode.SCMSafeModeManager (SCMSafeModeManager.java:validateSafeModeExitRules(214)) - AtleastOneDatanodeReportedRule rule is successfully validated
2021-03-01 18:11:38,671 [EventQueue-PipelineReportForPipelineReportHandler] INFO  pipeline.PipelineStateManager (PipelineStateManager.java:openPipeline(132)) - Pipeline Pipeline[ Id: 8c898d1a-493f-4263-bb67-57bbeb97fb30, Nodes: b303f36a-f963-4721-9f7a-b5e9e54e4468{ip: 172.17.0.2, host: 83787af071e2, ports: [REPLICATION=34019, RATIS=32969, RATIS_ADMIN=32969, RATIS_SERVER=32969, STANDALONE=39419], networkLocation: /default-rack, certSerialId: null, persistedOpState: IN_SERVICE, persistedOpStateExpiryEpochSec: 0}, Type:RATIS, Factor:ONE, State:ALLOCATED, leaderId:b303f36a-f963-4721-9f7a-b5e9e54e4468, CreationTimestamp2021-03-01T18:11:35.668Z] moved to OPEN state
2021-03-01 18:11:38,671 [pool-1093-thread-1] INFO  server.RaftServerConfigKeys (ConfUtils.java:logGet(44)) - raft.server.notification.no-leader.timeout = 300000ms (custom)
2021-03-01 18:11:38,672 [pool-1093-thread-1] INFO  server.RaftServerConfigKeys (ConfUtils.java:logGet(44)) - raft.server.log.use.memory = false (default)
2021-03-01 18:11:38,672 [EventQueue-OpenPipelineForHealthyPipelineSafeModeRule] INFO  safemode.SCMSafeModeManager (HealthyPipelineSafeModeRule.java:process(128)) - SCM in safe mode. Healthy pipelines reported count is 0, required healthy pipeline reported count is 1
2021-03-01 18:11:38,672 [pool-1093-thread-1] INFO  server.RaftServerConfigKeys (ConfUtils.java:logGet(44)) - raft.server.log.purge.gap = 1000000 (custom)
2021-03-01 18:11:38,672 [pool-1093-thread-1] INFO  server.RaftServerConfigKeys (ConfUtils.java:logGet(44)) - raft.server.log.appender.buffer.byte-limit = 33554432 (custom)
2021-03-01 18:11:38,672 [pool-1093-thread-1] INFO  metrics.RatisMetrics (RatisMetrics.java:lambda$create$0(36)) - Creating Metrics Registry : ratis.log_worker.b303f36a-f963-4721-9f7a-b5e9e54e4468@group-57BBEB97FB30
2021-03-01 18:11:38,672 [pool-1093-thread-1] INFO  server.RaftServerConfigKeys (ConfUtils.java:logGet(44)) - raft.server.log.segment.size.max = 1048576 (custom)
2021-03-01 18:11:38,673 [pool-1093-thread-1] INFO  server.RaftServerConfigKeys (ConfUtils.java:logGet(44)) - raft.server.log.segment.cache.num.max = 2 (custom)
2021-03-01 18:11:38,673 [pool-1093-thread-1] INFO  server.RaftServerConfigKeys (ConfUtils.java:logGet(44)) - raft.server.log.segment.cache.size.max = 200MB (=209715200) (default)
2021-03-01 18:11:38,673 [pool-1093-thread-1] INFO  segmented.SegmentedRaftLogWorker (SegmentedRaftLogWorker.java:<init>(181)) - new b303f36a-f963-4721-9f7a-b5e9e54e4468@group-57BBEB97FB30-SegmentedRaftLogWorker for RaftStorageImpl:Storage Directory /github/workspace/mnt/ozone/hadoop-ozone/integration-test/target/test-dir/MiniOzoneClusterImpl-5b5774a2-bf3c-4723-a113-e238e3f8131c/datanode-5/data/ratis/8c898d1a-493f-4263-bb67-57bbeb97fb30
2021-03-01 18:11:38,673 [pool-1093-thread-1] INFO  server.RaftServerConfigKeys (ConfUtils.java:logGet(44)) - raft.server.log.queue.byte-limit = 2147483647 (custom)
2021-03-01 18:11:38,673 [pool-1093-thread-1] INFO  server.RaftServerConfigKeys (ConfUtils.java:logGet(44)) - raft.server.log.queue.element-limit = 1024 (custom)
2021-03-01 18:11:38,673 [pool-1093-thread-1] INFO  server.RaftServerConfigKeys (ConfUtils.java:logGet(44)) - raft.server.log.segment.size.max = 1048576 (custom)
2021-03-01 18:11:38,674 [pool-1093-thread-1] INFO  server.RaftServerConfigKeys (ConfUtils.java:logGet(44)) - raft.server.log.preallocated.size = 16384 (custom)
2021-03-01 18:11:38,674 [pool-1093-thread-1] INFO  server.RaftServerConfigKeys (ConfUtils.java:logGet(44)) - raft.server.log.force.sync.num = 128 (default)
2021-03-01 18:11:38,674 [pool-1093-thread-1] INFO  server.RaftServerConfigKeys (ConfUtils.java:logGet(44)) - raft.server.log.statemachine.data.sync = true (default)
2021-03-01 18:11:38,674 [pool-1093-thread-1] INFO  server.RaftServerConfigKeys (ConfUtils.java:logGet(44)) - raft.server.log.statemachine.data.sync.timeout = 10s (default)
2021-03-01 18:11:38,674 [pool-1093-thread-1] INFO  server.RaftServerConfigKeys (ConfUtils.java:logGet(44)) - raft.server.log.statemachine.data.sync.timeout.retry = -1 (default)
2021-03-01 18:11:38,676 [pool-1093-thread-1] INFO  server.RaftServerConfigKeys (ConfUtils.java:logGet(44)) - raft.server.log.write.buffer.size = 1048576 (custom)
2021-03-01 18:11:38,676 [pool-1093-thread-1] INFO  server.RaftServerConfigKeys (ConfUtils.java:logGet(44)) - raft.server.log.statemachine.data.caching.enabled = true (custom)
2021-03-01 18:11:38,676 [pool-1093-thread-1] INFO  segmented.SegmentedRaftLogWorker (SegmentedRaftLogWorker.java:lambda$new$0(132)) - b303f36a-f963-4721-9f7a-b5e9e54e4468@group-57BBEB97FB30-SegmentedRaftLogWorker: flushIndex: setUnconditionally 0 -> -1
2021-03-01 18:11:38,677 [pool-1093-thread-1] INFO  segmented.SegmentedRaftLogWorker (SegmentedRaftLogWorker.java:lambda$new$0(132)) - b303f36a-f963-4721-9f7a-b5e9e54e4468@group-57BBEB97FB30-SegmentedRaftLogWorker: safeCacheEvictIndex: setUnconditionally 0 -> -1
2021-03-01 18:11:38,679 [pool-1093-thread-1] INFO  server.RaftServerConfigKeys (ConfUtils.java:logGet(44)) - raft.server.snapshot.auto.trigger.enabled = true (custom)
2021-03-01 18:11:38,679 [pool-1093-thread-1] INFO  server.RaftServerConfigKeys (ConfUtils.java:logGet(44)) - raft.server.snapshot.auto.trigger.threshold = 10000 (custom)
2021-03-01 18:11:38,679 [pool-1093-thread-1] INFO  server.RaftServerConfigKeys (ConfUtils.java:logGet(44)) - raft.server.snapshot.retention.file.num = 5 (custom)
2021-03-01 18:11:38,679 [pool-1093-thread-1] INFO  server.RaftServerConfigKeys (ConfUtils.java:logGet(44)) - raft.server.log.purge.upto.snapshot.index = false (default)
2021-03-01 18:11:38,679 [pool-1093-thread-1] INFO  server.RaftServerConfigKeys (ConfUtils.java:logGet(44)) - raft.server.retrycache.expirytime = 600000ms (custom)
2021-03-01 18:11:38,679 [pool-1093-thread-1] INFO  server.RaftServerConfigKeys (ConfUtils.java:logGet(44)) - raft.server.retrycache.statistics.expirytime = 100?s (default)
2021-03-01 18:11:38,679 [pool-1093-thread-1] INFO  metrics.RatisMetrics (RatisMetrics.java:lambda$create$0(36)) - Creating Metrics Registry : ratis.leader_election.b303f36a-f963-4721-9f7a-b5e9e54e4468@group-57BBEB97FB30
2021-03-01 18:11:38,680 [pool-1093-thread-1] INFO  metrics.RatisMetrics (RatisMetrics.java:lambda$create$0(36)) - Creating Metrics Registry : ratis.server.b303f36a-f963-4721-9f7a-b5e9e54e4468@group-57BBEB97FB30
2021-03-01 18:11:38,682 [pool-1093-thread-1] INFO  server.RaftServer$Division (RaftServerImpl.java:start(295)) - b303f36a-f963-4721-9f7a-b5e9e54e4468@group-57BBEB97FB30: start as a follower, conf=-1: [b303f36a-f963-4721-9f7a-b5e9e54e4468|rpc:172.17.0.2:32969|priority:1], old=null
2021-03-01 18:11:38,682 [pool-1093-thread-1] INFO  server.RaftServer$Division (RaftServerImpl.java:setRole(284)) - b303f36a-f963-4721-9f7a-b5e9e54e4468@group-57BBEB97FB30: changes role from      null to FOLLOWER at term 0 for startAsFollower
2021-03-01 18:11:38,682 [pool-1093-thread-1] INFO  impl.RoleInfo (RoleInfo.java:updateAndGet(130)) - b303f36a-f963-4721-9f7a-b5e9e54e4468: start b303f36a-f963-4721-9f7a-b5e9e54e4468@group-57BBEB97FB30-FollowerState
2021-03-01 18:11:38,682 [pool-1093-thread-1] INFO  util.JmxRegister (JmxRegister.java:tryRegister(44)) - Successfully registered JMX Bean with object name Ratis:service=RaftServer,group=group-57BBEB97FB30,id=b303f36a-f963-4721-9f7a-b5e9e54e4468
2021-03-01 18:11:38,682 [pool-1093-thread-1] INFO  metrics.RatisMetrics (RatisMetrics.java:lambda$create$0(36)) - Creating Metrics Registry : ratis.state_machine.b303f36a-f963-4721-9f7a-b5e9e54e4468@group-57BBEB97FB30
2021-03-01 18:11:38,684 [Command processor thread] INFO  commandhandler.CreatePipelineCommandHandler (CreatePipelineCommandHandler.java:handle(106)) - Created Pipeline RATIS ONE PipelineID=8c898d1a-493f-4263-bb67-57bbeb97fb30.
2021-03-01 18:11:38,799 [EventQueue-OpenPipelineForHealthyPipelineSafeModeRule] INFO  safemode.SCMSafeModeManager (HealthyPipelineSafeModeRule.java:process(128)) - SCM in safe mode. Healthy pipelines reported count is 0, required healthy pipeline reported count is 1
2021-03-01 18:11:38,799 [EventQueue-PipelineReportForOneReplicaPipelineSafeModeRule] INFO  safemode.SCMSafeModeManager (SCMSafeModeManager.java:validateSafeModeExitRules(214)) - AtleastOneDatanodeReportedRule rule is successfully validated
2021-03-01 18:11:38,823 [EventQueue-PipelineReportForOneReplicaPipelineSafeModeRule] INFO  safemode.SCMSafeModeManager (SCMSafeModeManager.java:validateSafeModeExitRules(214)) - AtleastOneDatanodeReportedRule rule is successfully validated
2021-03-01 18:11:38,823 [EventQueue-OpenPipelineForHealthyPipelineSafeModeRule] INFO  safemode.SCMSafeModeManager (HealthyPipelineSafeModeRule.java:process(128)) - SCM in safe mode. Healthy pipelines reported count is 0, required healthy pipeline reported count is 1
2021-03-01 18:11:38,842 [Command processor thread] INFO  server.RaftServer (RaftServerProxy.java:addNew(95)) - 71037dd0-5a6b-4f94-9c1b-4fa0a4e676f4: addNew group-4F4DB0BBC152:[71037dd0-5a6b-4f94-9c1b-4fa0a4e676f4|rpc:172.17.0.2:34359|priority:1] returns group-4F4DB0BBC152:java.util.concurrent.CompletableFuture@64faa613[Not completed]
2021-03-01 18:11:38,843 [pool-1109-thread-1] INFO  server.RaftServer$Division (RaftServerImpl.java:<init>(180)) - 71037dd0-5a6b-4f94-9c1b-4fa0a4e676f4: new RaftServerImpl for group-4F4DB0BBC152:[71037dd0-5a6b-4f94-9c1b-4fa0a4e676f4|rpc:172.17.0.2:34359|priority:1] with ContainerStateMachine:uninitialized
2021-03-01 18:11:38,843 [pool-1109-thread-1] INFO  server.RaftServerConfigKeys (ConfUtils.java:logGet(44)) - raft.server.rpc.timeout.min = 5s (custom)
2021-03-01 18:11:38,843 [pool-1109-thread-1] INFO  server.RaftServerConfigKeys (ConfUtils.java:logGet(44)) - raft.server.rpc.timeout.max = 5200ms (custom)
2021-03-01 18:11:38,843 [Listener at 127.0.0.1/41333] INFO  ozone.MiniOzoneClusterImpl (MiniOzoneClusterImpl.java:lambda$waitForClusterToBeReady$0(187)) - Nodes are ready. Got 7 of 7 DN Heartbeats.
2021-03-01 18:11:38,843 [Listener at 127.0.0.1/41333] INFO  ozone.MiniOzoneClusterImpl (MiniOzoneClusterImpl.java:lambda$waitForClusterToBeReady$0(190)) - Waiting for cluster to exit safe mode
2021-03-01 18:11:38,843 [pool-1109-thread-1] INFO  server.RaftServerConfigKeys (ConfUtils.java:logGet(44)) - raft.server.rpc.sleep.time = 25ms (default)
2021-03-01 18:11:38,843 [pool-1109-thread-1] INFO  server.RaftServerConfigKeys (ConfUtils.java:logGet(44)) - raft.server.rpc.slowness.timeout = 300000ms (custom)
2021-03-01 18:11:38,843 [pool-1109-thread-1] INFO  server.RaftServerConfigKeys (ConfUtils.java:logGet(44)) - raft.server.leaderelection.leader.step-down.wait-time = 10s (default)
2021-03-01 18:11:38,843 [pool-1109-thread-1] INFO  server.RaftServerConfigKeys (ConfUtils.java:logGet(44)) - raft.server.sleep.deviation.threshold = 300ms (default)
2021-03-01 18:11:38,843 [pool-1109-thread-1] INFO  server.RaftServerConfigKeys (ConfUtils.java:logGet(44)) - raft.server.log.appender.install.snapshot.enabled = false (custom)
2021-03-01 18:11:38,843 [pool-1109-thread-1] INFO  server.RaftServer$Division (ServerState.java:<init>(105)) - 71037dd0-5a6b-4f94-9c1b-4fa0a4e676f4@group-4F4DB0BBC152: ConfigurationManager, init=-1: [71037dd0-5a6b-4f94-9c1b-4fa0a4e676f4|rpc:172.17.0.2:34359|priority:1], old=null, confs=<EMPTY_MAP>
2021-03-01 18:11:38,843 [pool-1109-thread-1] INFO  server.RaftServerConfigKeys (ConfUtils.java:logGet(44)) - raft.server.storage.dir = [/github/workspace/mnt/ozone/hadoop-ozone/integration-test/target/test-dir/MiniOzoneClusterImpl-5b5774a2-bf3c-4723-a113-e238e3f8131c/datanode-6/data/ratis] (custom)
2021-03-01 18:11:38,844 [pool-1109-thread-1] INFO  server.RaftServerConfigKeys (ConfUtils.java:logGet(44)) - raft.server.log.corruption.policy = EXCEPTION (default)
2021-03-01 18:11:38,844 [pool-1109-thread-1] INFO  storage.RaftStorageDirectory (RaftStorageDirectoryImpl.java:analyzeStorage(132)) - The storage directory /github/workspace/mnt/ozone/hadoop-ozone/integration-test/target/test-dir/MiniOzoneClusterImpl-5b5774a2-bf3c-4723-a113-e238e3f8131c/datanode-6/data/ratis/b9276fcd-15cd-49bc-b74b-4f4db0bbc152 does not exist. Creating ...
2021-03-01 18:11:38,863 [pool-1109-thread-1] INFO  storage.RaftStorageDirectory (RaftStorageDirectoryImpl.java:tryLock(215)) - Lock on /github/workspace/mnt/ozone/hadoop-ozone/integration-test/target/test-dir/MiniOzoneClusterImpl-5b5774a2-bf3c-4723-a113-e238e3f8131c/datanode-6/data/ratis/b9276fcd-15cd-49bc-b74b-4f4db0bbc152/in_use.lock acquired by nodename 4952@83787af071e2
2021-03-01 18:11:38,864 [pool-1109-thread-1] INFO  storage.RaftStorage (RaftStorageImpl.java:format(87)) - Storage directory /github/workspace/mnt/ozone/hadoop-ozone/integration-test/target/test-dir/MiniOzoneClusterImpl-5b5774a2-bf3c-4723-a113-e238e3f8131c/datanode-6/data/ratis/b9276fcd-15cd-49bc-b74b-4f4db0bbc152 has been successfully formatted.
2021-03-01 18:11:38,865 [pool-1109-thread-1] INFO  ratis.ContainerStateMachine (ContainerStateMachine.java:loadSnapshot(223)) - group-4F4DB0BBC152: The snapshot info is null. Setting the last applied indexto:(t:0, i:~)
2021-03-01 18:11:38,865 [pool-1109-thread-1] ERROR storage.RaftStorage (RaftStorageImpl.java:readRaftConfiguration(147)) - Failed reading configuration from file:/github/workspace/mnt/ozone/hadoop-ozone/integration-test/target/test-dir/MiniOzoneClusterImpl-5b5774a2-bf3c-4723-a113-e238e3f8131c/datanode-6/data/ratis/b9276fcd-15cd-49bc-b74b-4f4db0bbc152/current/raft-meta.conf
java.io.FileNotFoundException: /github/workspace/mnt/ozone/hadoop-ozone/integration-test/target/test-dir/MiniOzoneClusterImpl-5b5774a2-bf3c-4723-a113-e238e3f8131c/datanode-6/data/ratis/b9276fcd-15cd-49bc-b74b-4f4db0bbc152/current/raft-meta.conf (No such file or directory)
	at java.io.FileInputStream.open0(Native Method)
	at java.io.FileInputStream.open(FileInputStream.java:195)
	at java.io.FileInputStream.<init>(FileInputStream.java:138)
	at org.apache.ratis.server.storage.RaftStorageImpl.readRaftConfiguration(RaftStorageImpl.java:143)
	at org.apache.ratis.server.impl.ServerState.<init>(ServerState.java:122)
	at org.apache.ratis.server.impl.RaftServerImpl.<init>(RaftServerImpl.java:193)
	at org.apache.ratis.server.impl.RaftServerProxy.lambda$newRaftServerImpl$4(RaftServerProxy.java:266)
	at java.util.concurrent.CompletableFuture$AsyncSupply.run(CompletableFuture.java:1604)
	at java.util.concurrent.ThreadPoolExecutor.runWorker(ThreadPoolExecutor.java:1149)
	at java.util.concurrent.ThreadPoolExecutor$Worker.run(ThreadPoolExecutor.java:624)
	at java.lang.Thread.run(Thread.java:748)
2021-03-01 18:11:38,865 [pool-1109-thread-1] INFO  server.RaftServerConfigKeys (ConfUtils.java:logGet(44)) - raft.server.notification.no-leader.timeout = 300000ms (custom)
2021-03-01 18:11:38,865 [pool-1109-thread-1] INFO  server.RaftServerConfigKeys (ConfUtils.java:logGet(44)) - raft.server.log.use.memory = false (default)
2021-03-01 18:11:38,865 [pool-1109-thread-1] INFO  server.RaftServerConfigKeys (ConfUtils.java:logGet(44)) - raft.server.log.purge.gap = 1000000 (custom)
2021-03-01 18:11:38,866 [pool-1109-thread-1] INFO  server.RaftServerConfigKeys (ConfUtils.java:logGet(44)) - raft.server.log.appender.buffer.byte-limit = 33554432 (custom)
2021-03-01 18:11:38,866 [EventQueue-PipelineReportForOneReplicaPipelineSafeModeRule] INFO  safemode.SCMSafeModeManager (SCMSafeModeManager.java:validateSafeModeExitRules(214)) - AtleastOneDatanodeReportedRule rule is successfully validated
2021-03-01 18:11:38,866 [EventQueue-PipelineReportForPipelineReportHandler] INFO  pipeline.PipelineStateManager (PipelineStateManager.java:openPipeline(132)) - Pipeline Pipeline[ Id: b9276fcd-15cd-49bc-b74b-4f4db0bbc152, Nodes: 71037dd0-5a6b-4f94-9c1b-4fa0a4e676f4{ip: 172.17.0.2, host: 83787af071e2, ports: [REPLICATION=34149, RATIS=34359, RATIS_ADMIN=34359, RATIS_SERVER=34359, STANDALONE=43883], networkLocation: /default-rack, certSerialId: null, persistedOpState: IN_SERVICE, persistedOpStateExpiryEpochSec: 0}, Type:RATIS, Factor:ONE, State:ALLOCATED, leaderId:71037dd0-5a6b-4f94-9c1b-4fa0a4e676f4, CreationTimestamp2021-03-01T18:11:35.842Z] moved to OPEN state
2021-03-01 18:11:38,866 [EventQueue-OpenPipelineForHealthyPipelineSafeModeRule] INFO  safemode.SCMSafeModeManager (HealthyPipelineSafeModeRule.java:process(128)) - SCM in safe mode. Healthy pipelines reported count is 0, required healthy pipeline reported count is 1
2021-03-01 18:11:38,866 [pool-1109-thread-1] INFO  metrics.RatisMetrics (RatisMetrics.java:lambda$create$0(36)) - Creating Metrics Registry : ratis.log_worker.71037dd0-5a6b-4f94-9c1b-4fa0a4e676f4@group-4F4DB0BBC152
2021-03-01 18:11:38,867 [pool-1109-thread-1] INFO  server.RaftServerConfigKeys (ConfUtils.java:logGet(44)) - raft.server.log.segment.size.max = 1048576 (custom)
2021-03-01 18:11:38,867 [pool-1109-thread-1] INFO  server.RaftServerConfigKeys (ConfUtils.java:logGet(44)) - raft.server.log.segment.cache.num.max = 2 (custom)
2021-03-01 18:11:38,868 [pool-1109-thread-1] INFO  server.RaftServerConfigKeys (ConfUtils.java:logGet(44)) - raft.server.log.segment.cache.size.max = 200MB (=209715200) (default)
2021-03-01 18:11:38,868 [pool-1109-thread-1] INFO  segmented.SegmentedRaftLogWorker (SegmentedRaftLogWorker.java:<init>(181)) - new 71037dd0-5a6b-4f94-9c1b-4fa0a4e676f4@group-4F4DB0BBC152-SegmentedRaftLogWorker for RaftStorageImpl:Storage Directory /github/workspace/mnt/ozone/hadoop-ozone/integration-test/target/test-dir/MiniOzoneClusterImpl-5b5774a2-bf3c-4723-a113-e238e3f8131c/datanode-6/data/ratis/b9276fcd-15cd-49bc-b74b-4f4db0bbc152
2021-03-01 18:11:38,868 [pool-1109-thread-1] INFO  server.RaftServerConfigKeys (ConfUtils.java:logGet(44)) - raft.server.log.queue.byte-limit = 2147483647 (custom)
2021-03-01 18:11:38,868 [pool-1109-thread-1] INFO  server.RaftServerConfigKeys (ConfUtils.java:logGet(44)) - raft.server.log.queue.element-limit = 1024 (custom)
2021-03-01 18:11:38,868 [pool-1109-thread-1] INFO  server.RaftServerConfigKeys (ConfUtils.java:logGet(44)) - raft.server.log.segment.size.max = 1048576 (custom)
2021-03-01 18:11:38,868 [pool-1109-thread-1] INFO  server.RaftServerConfigKeys (ConfUtils.java:logGet(44)) - raft.server.log.preallocated.size = 16384 (custom)
2021-03-01 18:11:38,868 [pool-1109-thread-1] INFO  server.RaftServerConfigKeys (ConfUtils.java:logGet(44)) - raft.server.log.force.sync.num = 128 (default)
2021-03-01 18:11:38,868 [pool-1109-thread-1] INFO  server.RaftServerConfigKeys (ConfUtils.java:logGet(44)) - raft.server.log.statemachine.data.sync = true (default)
2021-03-01 18:11:38,868 [pool-1109-thread-1] INFO  server.RaftServerConfigKeys (ConfUtils.java:logGet(44)) - raft.server.log.statemachine.data.sync.timeout = 10s (default)
2021-03-01 18:11:38,868 [pool-1109-thread-1] INFO  server.RaftServerConfigKeys (ConfUtils.java:logGet(44)) - raft.server.log.statemachine.data.sync.timeout.retry = -1 (default)
2021-03-01 18:11:38,870 [pool-1109-thread-1] INFO  server.RaftServerConfigKeys (ConfUtils.java:logGet(44)) - raft.server.log.write.buffer.size = 1048576 (custom)
2021-03-01 18:11:38,870 [pool-1109-thread-1] INFO  server.RaftServerConfigKeys (ConfUtils.java:logGet(44)) - raft.server.log.statemachine.data.caching.enabled = true (custom)
2021-03-01 18:11:38,870 [pool-1109-thread-1] INFO  segmented.SegmentedRaftLogWorker (SegmentedRaftLogWorker.java:lambda$new$0(132)) - 71037dd0-5a6b-4f94-9c1b-4fa0a4e676f4@group-4F4DB0BBC152-SegmentedRaftLogWorker: flushIndex: setUnconditionally 0 -> -1
2021-03-01 18:11:38,870 [pool-1109-thread-1] INFO  segmented.SegmentedRaftLogWorker (SegmentedRaftLogWorker.java:lambda$new$0(132)) - 71037dd0-5a6b-4f94-9c1b-4fa0a4e676f4@group-4F4DB0BBC152-SegmentedRaftLogWorker: safeCacheEvictIndex: setUnconditionally 0 -> -1
2021-03-01 18:11:38,871 [pool-1109-thread-1] INFO  server.RaftServerConfigKeys (ConfUtils.java:logGet(44)) - raft.server.snapshot.auto.trigger.enabled = true (custom)
2021-03-01 18:11:38,871 [pool-1109-thread-1] INFO  server.RaftServerConfigKeys (ConfUtils.java:logGet(44)) - raft.server.snapshot.auto.trigger.threshold = 10000 (custom)
2021-03-01 18:11:38,871 [pool-1109-thread-1] INFO  server.RaftServerConfigKeys (ConfUtils.java:logGet(44)) - raft.server.snapshot.retention.file.num = 5 (custom)
2021-03-01 18:11:38,871 [pool-1109-thread-1] INFO  server.RaftServerConfigKeys (ConfUtils.java:logGet(44)) - raft.server.log.purge.upto.snapshot.index = false (default)
2021-03-01 18:11:38,871 [pool-1109-thread-1] INFO  server.RaftServerConfigKeys (ConfUtils.java:logGet(44)) - raft.server.retrycache.expirytime = 600000ms (custom)
2021-03-01 18:11:38,871 [pool-1109-thread-1] INFO  server.RaftServerConfigKeys (ConfUtils.java:logGet(44)) - raft.server.retrycache.statistics.expirytime = 100?s (default)
2021-03-01 18:11:38,871 [pool-1109-thread-1] INFO  metrics.RatisMetrics (RatisMetrics.java:lambda$create$0(36)) - Creating Metrics Registry : ratis.leader_election.71037dd0-5a6b-4f94-9c1b-4fa0a4e676f4@group-4F4DB0BBC152
2021-03-01 18:11:38,872 [pool-1109-thread-1] INFO  metrics.RatisMetrics (RatisMetrics.java:lambda$create$0(36)) - Creating Metrics Registry : ratis.server.71037dd0-5a6b-4f94-9c1b-4fa0a4e676f4@group-4F4DB0BBC152
2021-03-01 18:11:38,874 [pool-1109-thread-1] INFO  server.RaftServer$Division (RaftServerImpl.java:start(295)) - 71037dd0-5a6b-4f94-9c1b-4fa0a4e676f4@group-4F4DB0BBC152: start as a follower, conf=-1: [71037dd0-5a6b-4f94-9c1b-4fa0a4e676f4|rpc:172.17.0.2:34359|priority:1], old=null
2021-03-01 18:11:38,874 [pool-1109-thread-1] INFO  server.RaftServer$Division (RaftServerImpl.java:setRole(284)) - 71037dd0-5a6b-4f94-9c1b-4fa0a4e676f4@group-4F4DB0BBC152: changes role from      null to FOLLOWER at term 0 for startAsFollower
2021-03-01 18:11:38,874 [pool-1109-thread-1] INFO  impl.RoleInfo (RoleInfo.java:updateAndGet(130)) - 71037dd0-5a6b-4f94-9c1b-4fa0a4e676f4: start 71037dd0-5a6b-4f94-9c1b-4fa0a4e676f4@group-4F4DB0BBC152-FollowerState
2021-03-01 18:11:38,874 [pool-1109-thread-1] INFO  util.JmxRegister (JmxRegister.java:tryRegister(44)) - Successfully registered JMX Bean with object name Ratis:service=RaftServer,group=group-4F4DB0BBC152,id=71037dd0-5a6b-4f94-9c1b-4fa0a4e676f4
2021-03-01 18:11:38,874 [pool-1109-thread-1] INFO  metrics.RatisMetrics (RatisMetrics.java:lambda$create$0(36)) - Creating Metrics Registry : ratis.state_machine.71037dd0-5a6b-4f94-9c1b-4fa0a4e676f4@group-4F4DB0BBC152
2021-03-01 18:11:38,875 [Command processor thread] INFO  commandhandler.CreatePipelineCommandHandler (CreatePipelineCommandHandler.java:handle(106)) - Created Pipeline RATIS ONE PipelineID=b9276fcd-15cd-49bc-b74b-4f4db0bbc152.
2021-03-01 18:11:38,997 [EventQueue-OpenPipelineForHealthyPipelineSafeModeRule] INFO  safemode.SCMSafeModeManager (HealthyPipelineSafeModeRule.java:process(128)) - SCM in safe mode. Healthy pipelines reported count is 0, required healthy pipeline reported count is 1
2021-03-01 18:11:38,997 [EventQueue-PipelineReportForOneReplicaPipelineSafeModeRule] INFO  safemode.SCMSafeModeManager (SCMSafeModeManager.java:validateSafeModeExitRules(214)) - AtleastOneDatanodeReportedRule rule is successfully validated
2021-03-01 18:11:39,306 [EventQueue-OpenPipelineForHealthyPipelineSafeModeRule] INFO  safemode.SCMSafeModeManager (HealthyPipelineSafeModeRule.java:process(128)) - SCM in safe mode. Healthy pipelines reported count is 0, required healthy pipeline reported count is 1
2021-03-01 18:11:39,306 [EventQueue-PipelineReportForOneReplicaPipelineSafeModeRule] INFO  safemode.SCMSafeModeManager (SCMSafeModeManager.java:validateSafeModeExitRules(214)) - AtleastOneDatanodeReportedRule rule is successfully validated
2021-03-01 18:11:39,367 [EventQueue-OpenPipelineForHealthyPipelineSafeModeRule] INFO  safemode.SCMSafeModeManager (HealthyPipelineSafeModeRule.java:process(128)) - SCM in safe mode. Healthy pipelines reported count is 0, required healthy pipeline reported count is 1
2021-03-01 18:11:39,367 [EventQueue-PipelineReportForOneReplicaPipelineSafeModeRule] INFO  safemode.SCMSafeModeManager (SCMSafeModeManager.java:validateSafeModeExitRules(214)) - AtleastOneDatanodeReportedRule rule is successfully validated
2021-03-01 18:11:39,671 [EventQueue-PipelineReportForOneReplicaPipelineSafeModeRule] INFO  safemode.SCMSafeModeManager (SCMSafeModeManager.java:validateSafeModeExitRules(214)) - AtleastOneDatanodeReportedRule rule is successfully validated
2021-03-01 18:11:39,671 [EventQueue-OpenPipelineForHealthyPipelineSafeModeRule] INFO  safemode.SCMSafeModeManager (HealthyPipelineSafeModeRule.java:process(128)) - SCM in safe mode. Healthy pipelines reported count is 0, required healthy pipeline reported count is 1
2021-03-01 18:11:39,799 [EventQueue-PipelineReportForOneReplicaPipelineSafeModeRule] INFO  safemode.SCMSafeModeManager (SCMSafeModeManager.java:validateSafeModeExitRules(214)) - AtleastOneDatanodeReportedRule rule is successfully validated
2021-03-01 18:11:39,799 [EventQueue-OpenPipelineForHealthyPipelineSafeModeRule] INFO  safemode.SCMSafeModeManager (HealthyPipelineSafeModeRule.java:process(128)) - SCM in safe mode. Healthy pipelines reported count is 0, required healthy pipeline reported count is 1
2021-03-01 18:11:39,823 [EventQueue-OpenPipelineForHealthyPipelineSafeModeRule] INFO  safemode.SCMSafeModeManager (HealthyPipelineSafeModeRule.java:process(128)) - SCM in safe mode. Healthy pipelines reported count is 0, required healthy pipeline reported count is 1
2021-03-01 18:11:39,823 [EventQueue-PipelineReportForOneReplicaPipelineSafeModeRule] INFO  safemode.SCMSafeModeManager (SCMSafeModeManager.java:validateSafeModeExitRules(214)) - AtleastOneDatanodeReportedRule rule is successfully validated
2021-03-01 18:11:39,843 [Listener at 127.0.0.1/41333] INFO  ozone.MiniOzoneClusterImpl (MiniOzoneClusterImpl.java:lambda$waitForClusterToBeReady$0(187)) - Nodes are ready. Got 7 of 7 DN Heartbeats.
2021-03-01 18:11:39,843 [Listener at 127.0.0.1/41333] INFO  ozone.MiniOzoneClusterImpl (MiniOzoneClusterImpl.java:lambda$waitForClusterToBeReady$0(190)) - Waiting for cluster to exit safe mode
2021-03-01 18:11:39,866 [EventQueue-OpenPipelineForHealthyPipelineSafeModeRule] INFO  safemode.SCMSafeModeManager (HealthyPipelineSafeModeRule.java:process(128)) - SCM in safe mode. Healthy pipelines reported count is 0, required healthy pipeline reported count is 1
2021-03-01 18:11:39,866 [EventQueue-PipelineReportForOneReplicaPipelineSafeModeRule] INFO  safemode.SCMSafeModeManager (SCMSafeModeManager.java:validateSafeModeExitRules(214)) - AtleastOneDatanodeReportedRule rule is successfully validated
2021-03-01 18:11:39,997 [EventQueue-PipelineReportForOneReplicaPipelineSafeModeRule] INFO  safemode.SCMSafeModeManager (SCMSafeModeManager.java:validateSafeModeExitRules(214)) - AtleastOneDatanodeReportedRule rule is successfully validated
2021-03-01 18:11:39,997 [EventQueue-OpenPipelineForHealthyPipelineSafeModeRule] INFO  safemode.SCMSafeModeManager (HealthyPipelineSafeModeRule.java:process(128)) - SCM in safe mode. Healthy pipelines reported count is 0, required healthy pipeline reported count is 1
2021-03-01 18:11:40,306 [EventQueue-PipelineReportForOneReplicaPipelineSafeModeRule] INFO  safemode.SCMSafeModeManager (SCMSafeModeManager.java:validateSafeModeExitRules(214)) - AtleastOneDatanodeReportedRule rule is successfully validated
2021-03-01 18:11:40,306 [EventQueue-OpenPipelineForHealthyPipelineSafeModeRule] INFO  safemode.SCMSafeModeManager (HealthyPipelineSafeModeRule.java:process(128)) - SCM in safe mode. Healthy pipelines reported count is 0, required healthy pipeline reported count is 1
2021-03-01 18:11:40,367 [EventQueue-OpenPipelineForHealthyPipelineSafeModeRule] INFO  safemode.SCMSafeModeManager (HealthyPipelineSafeModeRule.java:process(128)) - SCM in safe mode. Healthy pipelines reported count is 0, required healthy pipeline reported count is 1
2021-03-01 18:11:40,367 [EventQueue-PipelineReportForOneReplicaPipelineSafeModeRule] INFO  safemode.SCMSafeModeManager (SCMSafeModeManager.java:validateSafeModeExitRules(214)) - AtleastOneDatanodeReportedRule rule is successfully validated
2021-03-01 18:11:40,671 [EventQueue-OpenPipelineForHealthyPipelineSafeModeRule] INFO  safemode.SCMSafeModeManager (HealthyPipelineSafeModeRule.java:process(128)) - SCM in safe mode. Healthy pipelines reported count is 0, required healthy pipeline reported count is 1
2021-03-01 18:11:40,671 [EventQueue-PipelineReportForOneReplicaPipelineSafeModeRule] INFO  safemode.SCMSafeModeManager (SCMSafeModeManager.java:validateSafeModeExitRules(214)) - AtleastOneDatanodeReportedRule rule is successfully validated
2021-03-01 18:11:40,799 [EventQueue-OpenPipelineForHealthyPipelineSafeModeRule] INFO  safemode.SCMSafeModeManager (HealthyPipelineSafeModeRule.java:process(128)) - SCM in safe mode. Healthy pipelines reported count is 0, required healthy pipeline reported count is 1
2021-03-01 18:11:40,799 [EventQueue-PipelineReportForOneReplicaPipelineSafeModeRule] INFO  safemode.SCMSafeModeManager (SCMSafeModeManager.java:validateSafeModeExitRules(214)) - AtleastOneDatanodeReportedRule rule is successfully validated
2021-03-01 18:11:40,823 [EventQueue-PipelineReportForOneReplicaPipelineSafeModeRule] INFO  safemode.SCMSafeModeManager (SCMSafeModeManager.java:validateSafeModeExitRules(214)) - AtleastOneDatanodeReportedRule rule is successfully validated
2021-03-01 18:11:40,823 [EventQueue-OpenPipelineForHealthyPipelineSafeModeRule] INFO  safemode.SCMSafeModeManager (HealthyPipelineSafeModeRule.java:process(128)) - SCM in safe mode. Healthy pipelines reported count is 0, required healthy pipeline reported count is 1
2021-03-01 18:11:40,844 [Listener at 127.0.0.1/41333] INFO  ozone.MiniOzoneClusterImpl (MiniOzoneClusterImpl.java:lambda$waitForClusterToBeReady$0(187)) - Nodes are ready. Got 7 of 7 DN Heartbeats.
2021-03-01 18:11:40,844 [Listener at 127.0.0.1/41333] INFO  ozone.MiniOzoneClusterImpl (MiniOzoneClusterImpl.java:lambda$waitForClusterToBeReady$0(190)) - Waiting for cluster to exit safe mode
2021-03-01 18:11:40,866 [EventQueue-OpenPipelineForHealthyPipelineSafeModeRule] INFO  safemode.SCMSafeModeManager (HealthyPipelineSafeModeRule.java:process(128)) - SCM in safe mode. Healthy pipelines reported count is 0, required healthy pipeline reported count is 1
2021-03-01 18:11:40,866 [EventQueue-PipelineReportForOneReplicaPipelineSafeModeRule] INFO  safemode.SCMSafeModeManager (SCMSafeModeManager.java:validateSafeModeExitRules(214)) - AtleastOneDatanodeReportedRule rule is successfully validated
2021-03-01 18:11:40,997 [EventQueue-PipelineReportForOneReplicaPipelineSafeModeRule] INFO  safemode.SCMSafeModeManager (SCMSafeModeManager.java:validateSafeModeExitRules(214)) - AtleastOneDatanodeReportedRule rule is successfully validated
2021-03-01 18:11:40,997 [EventQueue-OpenPipelineForHealthyPipelineSafeModeRule] INFO  safemode.SCMSafeModeManager (HealthyPipelineSafeModeRule.java:process(128)) - SCM in safe mode. Healthy pipelines reported count is 0, required healthy pipeline reported count is 1
2021-03-01 18:11:41,306 [EventQueue-OpenPipelineForHealthyPipelineSafeModeRule] INFO  safemode.SCMSafeModeManager (HealthyPipelineSafeModeRule.java:process(128)) - SCM in safe mode. Healthy pipelines reported count is 0, required healthy pipeline reported count is 1
2021-03-01 18:11:41,306 [EventQueue-PipelineReportForOneReplicaPipelineSafeModeRule] INFO  safemode.SCMSafeModeManager (SCMSafeModeManager.java:validateSafeModeExitRules(214)) - AtleastOneDatanodeReportedRule rule is successfully validated
2021-03-01 18:11:41,367 [EventQueue-OpenPipelineForHealthyPipelineSafeModeRule] INFO  safemode.SCMSafeModeManager (HealthyPipelineSafeModeRule.java:process(128)) - SCM in safe mode. Healthy pipelines reported count is 0, required healthy pipeline reported count is 1
2021-03-01 18:11:41,367 [EventQueue-PipelineReportForOneReplicaPipelineSafeModeRule] INFO  safemode.SCMSafeModeManager (SCMSafeModeManager.java:validateSafeModeExitRules(214)) - AtleastOneDatanodeReportedRule rule is successfully validated
2021-03-01 18:11:41,671 [EventQueue-OpenPipelineForHealthyPipelineSafeModeRule] INFO  safemode.SCMSafeModeManager (HealthyPipelineSafeModeRule.java:process(128)) - SCM in safe mode. Healthy pipelines reported count is 0, required healthy pipeline reported count is 1
2021-03-01 18:11:41,671 [EventQueue-PipelineReportForOneReplicaPipelineSafeModeRule] INFO  safemode.SCMSafeModeManager (SCMSafeModeManager.java:validateSafeModeExitRules(214)) - AtleastOneDatanodeReportedRule rule is successfully validated
2021-03-01 18:11:41,799 [EventQueue-OpenPipelineForHealthyPipelineSafeModeRule] INFO  safemode.SCMSafeModeManager (HealthyPipelineSafeModeRule.java:process(128)) - SCM in safe mode. Healthy pipelines reported count is 0, required healthy pipeline reported count is 1
2021-03-01 18:11:41,799 [EventQueue-PipelineReportForOneReplicaPipelineSafeModeRule] INFO  safemode.SCMSafeModeManager (SCMSafeModeManager.java:validateSafeModeExitRules(214)) - AtleastOneDatanodeReportedRule rule is successfully validated
2021-03-01 18:11:41,823 [EventQueue-OpenPipelineForHealthyPipelineSafeModeRule] INFO  safemode.SCMSafeModeManager (HealthyPipelineSafeModeRule.java:process(128)) - SCM in safe mode. Healthy pipelines reported count is 0, required healthy pipeline reported count is 1
2021-03-01 18:11:41,823 [EventQueue-PipelineReportForOneReplicaPipelineSafeModeRule] INFO  safemode.SCMSafeModeManager (SCMSafeModeManager.java:validateSafeModeExitRules(214)) - AtleastOneDatanodeReportedRule rule is successfully validated
2021-03-01 18:11:41,844 [Listener at 127.0.0.1/41333] INFO  ozone.MiniOzoneClusterImpl (MiniOzoneClusterImpl.java:lambda$waitForClusterToBeReady$0(187)) - Nodes are ready. Got 7 of 7 DN Heartbeats.
2021-03-01 18:11:41,844 [Listener at 127.0.0.1/41333] INFO  ozone.MiniOzoneClusterImpl (MiniOzoneClusterImpl.java:lambda$waitForClusterToBeReady$0(190)) - Waiting for cluster to exit safe mode
2021-03-01 18:11:41,866 [EventQueue-OpenPipelineForHealthyPipelineSafeModeRule] INFO  safemode.SCMSafeModeManager (HealthyPipelineSafeModeRule.java:process(128)) - SCM in safe mode. Healthy pipelines reported count is 0, required healthy pipeline reported count is 1
2021-03-01 18:11:41,866 [EventQueue-PipelineReportForOneReplicaPipelineSafeModeRule] INFO  safemode.SCMSafeModeManager (SCMSafeModeManager.java:validateSafeModeExitRules(214)) - AtleastOneDatanodeReportedRule rule is successfully validated
2021-03-01 18:11:41,997 [EventQueue-OpenPipelineForHealthyPipelineSafeModeRule] INFO  safemode.SCMSafeModeManager (HealthyPipelineSafeModeRule.java:process(128)) - SCM in safe mode. Healthy pipelines reported count is 0, required healthy pipeline reported count is 1
2021-03-01 18:11:41,997 [EventQueue-PipelineReportForOneReplicaPipelineSafeModeRule] INFO  safemode.SCMSafeModeManager (SCMSafeModeManager.java:validateSafeModeExitRules(214)) - AtleastOneDatanodeReportedRule rule is successfully validated
2021-03-01 18:11:42,306 [EventQueue-PipelineReportForOneReplicaPipelineSafeModeRule] INFO  safemode.SCMSafeModeManager (SCMSafeModeManager.java:validateSafeModeExitRules(214)) - AtleastOneDatanodeReportedRule rule is successfully validated
2021-03-01 18:11:42,306 [EventQueue-OpenPipelineForHealthyPipelineSafeModeRule] INFO  safemode.SCMSafeModeManager (HealthyPipelineSafeModeRule.java:process(128)) - SCM in safe mode. Healthy pipelines reported count is 0, required healthy pipeline reported count is 1
2021-03-01 18:11:42,367 [EventQueue-PipelineReportForOneReplicaPipelineSafeModeRule] INFO  safemode.SCMSafeModeManager (SCMSafeModeManager.java:validateSafeModeExitRules(214)) - AtleastOneDatanodeReportedRule rule is successfully validated
2021-03-01 18:11:42,367 [EventQueue-OpenPipelineForHealthyPipelineSafeModeRule] INFO  safemode.SCMSafeModeManager (HealthyPipelineSafeModeRule.java:process(128)) - SCM in safe mode. Healthy pipelines reported count is 0, required healthy pipeline reported count is 1
2021-03-01 18:11:42,671 [EventQueue-OpenPipelineForHealthyPipelineSafeModeRule] INFO  safemode.SCMSafeModeManager (HealthyPipelineSafeModeRule.java:process(128)) - SCM in safe mode. Healthy pipelines reported count is 0, required healthy pipeline reported count is 1
2021-03-01 18:11:42,671 [EventQueue-PipelineReportForOneReplicaPipelineSafeModeRule] INFO  safemode.SCMSafeModeManager (SCMSafeModeManager.java:validateSafeModeExitRules(214)) - AtleastOneDatanodeReportedRule rule is successfully validated
2021-03-01 18:11:42,699 [Thread-4348] INFO  impl.FollowerState (FollowerState.java:run(133)) - 0f049040-6e0c-4cd4-a487-c7f09e7e4ba1@group-3969B6352859-FollowerState: change to CANDIDATE, lastRpcElapsedTime:5050411477ns, electionTimeout:5050ms
2021-03-01 18:11:42,700 [Thread-4348] INFO  impl.RoleInfo (RoleInfo.java:shutdownFollowerState(108)) - 0f049040-6e0c-4cd4-a487-c7f09e7e4ba1: shutdown 0f049040-6e0c-4cd4-a487-c7f09e7e4ba1@group-3969B6352859-FollowerState
2021-03-01 18:11:42,700 [Thread-4348] INFO  server.RaftServer$Division (RaftServerImpl.java:setRole(284)) - 0f049040-6e0c-4cd4-a487-c7f09e7e4ba1@group-3969B6352859: changes role from  FOLLOWER to CANDIDATE at term 0 for changeToCandidate
2021-03-01 18:11:42,700 [Thread-4348] INFO  server.RaftServerConfigKeys (ConfUtils.java:logGet(44)) - raft.server.leaderelection.pre-vote = false (custom)
2021-03-01 18:11:42,700 [Thread-4348] INFO  impl.RoleInfo (RoleInfo.java:updateAndGet(130)) - 0f049040-6e0c-4cd4-a487-c7f09e7e4ba1: start 0f049040-6e0c-4cd4-a487-c7f09e7e4ba1@group-3969B6352859-LeaderElection197
2021-03-01 18:11:42,702 [0f049040-6e0c-4cd4-a487-c7f09e7e4ba1@group-3969B6352859-LeaderElection197] INFO  impl.LeaderElection (LeaderElection.java:askForVotes(307)) - 0f049040-6e0c-4cd4-a487-c7f09e7e4ba1@group-3969B6352859-LeaderElection197 ELECTION round 0: submit vote requests at term 1 for -1: [0f049040-6e0c-4cd4-a487-c7f09e7e4ba1|rpc:172.17.0.2:45527|priority:1], old=null
2021-03-01 18:11:42,703 [0f049040-6e0c-4cd4-a487-c7f09e7e4ba1@group-3969B6352859-LeaderElection197] INFO  impl.LeaderElection (LeaderElection.java:askForVotes(309)) - 0f049040-6e0c-4cd4-a487-c7f09e7e4ba1@group-3969B6352859-LeaderElection197 ELECTION round 0: result PASSED (term=1)
2021-03-01 18:11:42,703 [0f049040-6e0c-4cd4-a487-c7f09e7e4ba1@group-3969B6352859-LeaderElection197] INFO  impl.RoleInfo (RoleInfo.java:shutdownLeaderElection(121)) - 0f049040-6e0c-4cd4-a487-c7f09e7e4ba1: shutdown 0f049040-6e0c-4cd4-a487-c7f09e7e4ba1@group-3969B6352859-LeaderElection197
2021-03-01 18:11:42,703 [0f049040-6e0c-4cd4-a487-c7f09e7e4ba1@group-3969B6352859-LeaderElection197] INFO  server.RaftServer$Division (RaftServerImpl.java:setRole(284)) - 0f049040-6e0c-4cd4-a487-c7f09e7e4ba1@group-3969B6352859: changes role from CANDIDATE to LEADER at term 1 for changeToLeader
2021-03-01 18:11:42,703 [0f049040-6e0c-4cd4-a487-c7f09e7e4ba1@group-3969B6352859-LeaderElection197] INFO  ratis.XceiverServerRatis (XceiverServerRatis.java:handleLeaderChangedNotification(899)) - Leader change notification received for group: group-3969B6352859 with new leaderId: 0f049040-6e0c-4cd4-a487-c7f09e7e4ba1
2021-03-01 18:11:42,703 [0f049040-6e0c-4cd4-a487-c7f09e7e4ba1@group-3969B6352859-LeaderElection197] INFO  server.RaftServer$Division (ServerState.java:setLeader(271)) - 0f049040-6e0c-4cd4-a487-c7f09e7e4ba1@group-3969B6352859: change Leader from null to 0f049040-6e0c-4cd4-a487-c7f09e7e4ba1 at term 1 for becomeLeader, leader elected after 5065ms
2021-03-01 18:11:42,703 [0f049040-6e0c-4cd4-a487-c7f09e7e4ba1@group-3969B6352859-LeaderElection197] INFO  server.RaftServerConfigKeys (ConfUtils.java:logGet(44)) - raft.server.staging.catchup.gap = 1000 (default)
2021-03-01 18:11:42,703 [0f049040-6e0c-4cd4-a487-c7f09e7e4ba1@group-3969B6352859-LeaderElection197] INFO  metrics.RatisMetrics (RatisMetrics.java:lambda$create$0(36)) - Creating Metrics Registry : ratis.log_appender.0f049040-6e0c-4cd4-a487-c7f09e7e4ba1@group-3969B6352859
2021-03-01 18:11:42,703 [0f049040-6e0c-4cd4-a487-c7f09e7e4ba1@group-3969B6352859-LeaderElection197] INFO  server.RaftServerConfigKeys (ConfUtils.java:logGet(44)) - raft.server.write.element-limit = 1024 (custom)
2021-03-01 18:11:42,703 [0f049040-6e0c-4cd4-a487-c7f09e7e4ba1@group-3969B6352859-LeaderElection197] INFO  server.RaftServerConfigKeys (ConfUtils.java:logGet(44)) - raft.server.write.byte-limit = 1073741824 (custom)
2021-03-01 18:11:42,704 [0f049040-6e0c-4cd4-a487-c7f09e7e4ba1@group-3969B6352859-LeaderElection197] INFO  server.RaftServerConfigKeys (ConfUtils.java:logGet(44)) - raft.server.watch.timeout = 3000ms (custom)
2021-03-01 18:11:42,704 [0f049040-6e0c-4cd4-a487-c7f09e7e4ba1@group-3969B6352859-LeaderElection197] INFO  server.RaftServerConfigKeys (ConfUtils.java:logGet(44)) - raft.server.watch.timeout.denomination = 1s (default)
2021-03-01 18:11:42,704 [0f049040-6e0c-4cd4-a487-c7f09e7e4ba1@group-3969B6352859-LeaderElection197] INFO  server.RaftServerConfigKeys (ConfUtils.java:logGet(44)) - raft.server.watch.element-limit = 65536 (default)
2021-03-01 18:11:42,704 [0f049040-6e0c-4cd4-a487-c7f09e7e4ba1@group-3969B6352859-LeaderElection197] INFO  impl.RoleInfo (RoleInfo.java:updateAndGet(130)) - 0f049040-6e0c-4cd4-a487-c7f09e7e4ba1: start 0f049040-6e0c-4cd4-a487-c7f09e7e4ba1@group-3969B6352859-LeaderStateImpl
2021-03-01 18:11:42,705 [0f049040-6e0c-4cd4-a487-c7f09e7e4ba1@group-3969B6352859-LeaderElection197] INFO  segmented.SegmentedRaftLogWorker (SegmentedRaftLogWorker.java:startLogSegment(392)) - 0f049040-6e0c-4cd4-a487-c7f09e7e4ba1@group-3969B6352859-SegmentedRaftLogWorker: Starting segment from index:0
2021-03-01 18:11:42,706 [EventQueue-OpenPipelineForHealthyPipelineSafeModeRule] INFO  safemode.SCMSafeModeManager (HealthyPipelineSafeModeRule.java:process(128)) - SCM in safe mode. Healthy pipelines reported count is 0, required healthy pipeline reported count is 1
2021-03-01 18:11:42,706 [EventQueue-PipelineReportForOneReplicaPipelineSafeModeRule] INFO  safemode.SCMSafeModeManager (SCMSafeModeManager.java:validateSafeModeExitRules(214)) - AtleastOneDatanodeReportedRule rule is successfully validated
2021-03-01 18:11:42,706 [0f049040-6e0c-4cd4-a487-c7f09e7e4ba1@group-3969B6352859-SegmentedRaftLogWorker] INFO  segmented.SegmentedRaftLogWorker (SegmentedRaftLogWorker.java:execute(599)) - 0f049040-6e0c-4cd4-a487-c7f09e7e4ba1@group-3969B6352859-SegmentedRaftLogWorker: created new log segment /github/workspace/mnt/ozone/hadoop-ozone/integration-test/target/test-dir/MiniOzoneClusterImpl-5b5774a2-bf3c-4723-a113-e238e3f8131c/datanode-0/data/ratis/349ecc55-d885-4713-aba4-3969b6352859/current/log_inprogress_0
2021-03-01 18:11:42,707 [0f049040-6e0c-4cd4-a487-c7f09e7e4ba1@group-3969B6352859-LeaderElection197] INFO  server.RaftServer$Division (ServerState.java:setRaftConf(373)) - 0f049040-6e0c-4cd4-a487-c7f09e7e4ba1@group-3969B6352859: set configuration 0: [0f049040-6e0c-4cd4-a487-c7f09e7e4ba1|rpc:172.17.0.2:45527|dataStream:|priority:1], old=null
2021-03-01 18:11:42,781 [Thread-4360] INFO  impl.FollowerState (FollowerState.java:run(133)) - a5a3f093-0768-4d4b-b08f-053c130678b3@group-56E890C13FB3-FollowerState: change to CANDIDATE, lastRpcElapsedTime:5020411894ns, electionTimeout:5019ms
2021-03-01 18:11:42,782 [Thread-4360] INFO  impl.RoleInfo (RoleInfo.java:shutdownFollowerState(108)) - a5a3f093-0768-4d4b-b08f-053c130678b3: shutdown a5a3f093-0768-4d4b-b08f-053c130678b3@group-56E890C13FB3-FollowerState
2021-03-01 18:11:42,782 [Thread-4360] INFO  server.RaftServer$Division (RaftServerImpl.java:setRole(284)) - a5a3f093-0768-4d4b-b08f-053c130678b3@group-56E890C13FB3: changes role from  FOLLOWER to CANDIDATE at term 0 for changeToCandidate
2021-03-01 18:11:42,783 [Thread-4360] INFO  server.RaftServerConfigKeys (ConfUtils.java:logGet(44)) - raft.server.leaderelection.pre-vote = false (custom)
2021-03-01 18:11:42,783 [Thread-4360] INFO  impl.RoleInfo (RoleInfo.java:updateAndGet(130)) - a5a3f093-0768-4d4b-b08f-053c130678b3: start a5a3f093-0768-4d4b-b08f-053c130678b3@group-56E890C13FB3-LeaderElection198
2021-03-01 18:11:42,785 [a5a3f093-0768-4d4b-b08f-053c130678b3@group-56E890C13FB3-LeaderElection198] INFO  impl.LeaderElection (LeaderElection.java:askForVotes(307)) - a5a3f093-0768-4d4b-b08f-053c130678b3@group-56E890C13FB3-LeaderElection198 ELECTION round 0: submit vote requests at term 1 for -1: [f258d114-ea47-4d12-8964-639f425ab8d0|rpc:172.17.0.2:45265|dataStream:|priority:0, a5a3f093-0768-4d4b-b08f-053c130678b3|rpc:172.17.0.2:40499|dataStream:|priority:1, 0f049040-6e0c-4cd4-a487-c7f09e7e4ba1|rpc:172.17.0.2:45527|dataStream:|priority:0], old=null
2021-03-01 18:11:42,790 [grpc-default-executor-2] INFO  metrics.RatisMetrics (RatisMetrics.java:lambda$create$0(36)) - Creating Metrics Registry : ratis.server_message_metrics.0f049040-6e0c-4cd4-a487-c7f09e7e4ba1
2021-03-01 18:11:42,793 [grpc-default-executor-6] INFO  server.RaftServer$Division (RaftServerImpl.java:requestVote(1025)) - f258d114-ea47-4d12-8964-639f425ab8d0@group-56E890C13FB3: receive requestVote(ELECTION, a5a3f093-0768-4d4b-b08f-053c130678b3, group-56E890C13FB3, 1, (t:0, i:0))
2021-03-01 18:11:42,793 [grpc-default-executor-6] INFO  impl.VoteContext (VoteContext.java:log(48)) - f258d114-ea47-4d12-8964-639f425ab8d0@group-56E890C13FB3-FOLLOWER: accept ELECTION from a5a3f093-0768-4d4b-b08f-053c130678b3: our priority 0 <= candidate's priority 1
2021-03-01 18:11:42,793 [grpc-default-executor-6] INFO  server.RaftServer$Division (RaftServerImpl.java:setRole(284)) - f258d114-ea47-4d12-8964-639f425ab8d0@group-56E890C13FB3: changes role from  FOLLOWER to FOLLOWER at term 1 for candidate:a5a3f093-0768-4d4b-b08f-053c130678b3
2021-03-01 18:11:42,793 [grpc-default-executor-6] INFO  impl.RoleInfo (RoleInfo.java:shutdownFollowerState(108)) - f258d114-ea47-4d12-8964-639f425ab8d0: shutdown f258d114-ea47-4d12-8964-639f425ab8d0@group-56E890C13FB3-FollowerState
2021-03-01 18:11:42,793 [grpc-default-executor-6] INFO  impl.RoleInfo (RoleInfo.java:updateAndGet(130)) - f258d114-ea47-4d12-8964-639f425ab8d0: start f258d114-ea47-4d12-8964-639f425ab8d0@group-56E890C13FB3-FollowerState
2021-03-01 18:11:42,796 [grpc-default-executor-2] INFO  server.RaftServer$Division (RaftServerImpl.java:requestVote(1025)) - 0f049040-6e0c-4cd4-a487-c7f09e7e4ba1@group-56E890C13FB3: receive requestVote(ELECTION, a5a3f093-0768-4d4b-b08f-053c130678b3, group-56E890C13FB3, 1, (t:0, i:0))
2021-03-01 18:11:42,796 [grpc-default-executor-2] INFO  impl.VoteContext (VoteContext.java:log(48)) - 0f049040-6e0c-4cd4-a487-c7f09e7e4ba1@group-56E890C13FB3-FOLLOWER: accept ELECTION from a5a3f093-0768-4d4b-b08f-053c130678b3: our priority 0 <= candidate's priority 1
2021-03-01 18:11:42,796 [grpc-default-executor-2] INFO  server.RaftServer$Division (RaftServerImpl.java:setRole(284)) - 0f049040-6e0c-4cd4-a487-c7f09e7e4ba1@group-56E890C13FB3: changes role from  FOLLOWER to FOLLOWER at term 1 for candidate:a5a3f093-0768-4d4b-b08f-053c130678b3
2021-03-01 18:11:42,796 [grpc-default-executor-2] INFO  impl.RoleInfo (RoleInfo.java:shutdownFollowerState(108)) - 0f049040-6e0c-4cd4-a487-c7f09e7e4ba1: shutdown 0f049040-6e0c-4cd4-a487-c7f09e7e4ba1@group-56E890C13FB3-FollowerState
2021-03-01 18:11:42,796 [grpc-default-executor-2] INFO  impl.RoleInfo (RoleInfo.java:updateAndGet(130)) - 0f049040-6e0c-4cd4-a487-c7f09e7e4ba1: start 0f049040-6e0c-4cd4-a487-c7f09e7e4ba1@group-56E890C13FB3-FollowerState
2021-03-01 18:11:42,797 [Thread-4358] INFO  impl.FollowerState (FollowerState.java:run(142)) - 0f049040-6e0c-4cd4-a487-c7f09e7e4ba1@group-56E890C13FB3-FollowerState was interrupted: {}
java.lang.InterruptedException: sleep interrupted
	at java.lang.Thread.sleep(Native Method)
	at java.lang.Thread.sleep(Thread.java:340)
	at java.util.concurrent.TimeUnit.sleep(TimeUnit.java:386)
	at org.apache.ratis.util.TimeDuration.sleep(TimeDuration.java:324)
	at org.apache.ratis.util.TimeDuration.sleep(TimeDuration.java:309)
	at org.apache.ratis.server.impl.FollowerState.run(FollowerState.java:117)
2021-03-01 18:11:42,797 [grpc-default-executor-6] INFO  server.RaftServer$Division (RaftServerImpl.java:requestVote(1057)) - f258d114-ea47-4d12-8964-639f425ab8d0@group-56E890C13FB3 replies to ELECTION vote request: a5a3f093-0768-4d4b-b08f-053c130678b3<-f258d114-ea47-4d12-8964-639f425ab8d0#0:OK-t1. Peer's state: f258d114-ea47-4d12-8964-639f425ab8d0@group-56E890C13FB3:t1, leader=null, voted=a5a3f093-0768-4d4b-b08f-053c130678b3, raftlog=f258d114-ea47-4d12-8964-639f425ab8d0@group-56E890C13FB3-SegmentedRaftLog:OPENED:c-1,f-1,i0, conf=-1: [f258d114-ea47-4d12-8964-639f425ab8d0|rpc:172.17.0.2:45265|dataStream:|priority:0, a5a3f093-0768-4d4b-b08f-053c130678b3|rpc:172.17.0.2:40499|dataStream:|priority:1, 0f049040-6e0c-4cd4-a487-c7f09e7e4ba1|rpc:172.17.0.2:45527|dataStream:|priority:0], old=null
2021-03-01 18:11:42,797 [Thread-4363] INFO  impl.FollowerState (FollowerState.java:run(133)) - f258d114-ea47-4d12-8964-639f425ab8d0@group-56E890C13FB3-FollowerState: change to CANDIDATE, lastRpcElapsedTime:5007340015ns, electionTimeout:5001ms
2021-03-01 18:11:42,799 [grpc-default-executor-2] INFO  server.RaftServer$Division (RaftServerImpl.java:requestVote(1057)) - 0f049040-6e0c-4cd4-a487-c7f09e7e4ba1@group-56E890C13FB3 replies to ELECTION vote request: a5a3f093-0768-4d4b-b08f-053c130678b3<-0f049040-6e0c-4cd4-a487-c7f09e7e4ba1#0:OK-t1. Peer's state: 0f049040-6e0c-4cd4-a487-c7f09e7e4ba1@group-56E890C13FB3:t1, leader=null, voted=a5a3f093-0768-4d4b-b08f-053c130678b3, raftlog=0f049040-6e0c-4cd4-a487-c7f09e7e4ba1@group-56E890C13FB3-SegmentedRaftLog:OPENED:c-1,f-1,i0, conf=-1: [f258d114-ea47-4d12-8964-639f425ab8d0|rpc:172.17.0.2:45265|priority:0, a5a3f093-0768-4d4b-b08f-053c130678b3|rpc:172.17.0.2:40499|priority:1, 0f049040-6e0c-4cd4-a487-c7f09e7e4ba1|rpc:172.17.0.2:45527|priority:0], old=null
2021-03-01 18:11:42,799 [Thread-4363] INFO  impl.RoleInfo (RoleInfo.java:shutdownFollowerState(108)) - f258d114-ea47-4d12-8964-639f425ab8d0: shutdown f258d114-ea47-4d12-8964-639f425ab8d0@group-56E890C13FB3-FollowerState
2021-03-01 18:11:42,799 [Thread-4363] INFO  server.RaftServer$Division (RaftServerImpl.java:setRole(284)) - f258d114-ea47-4d12-8964-639f425ab8d0@group-56E890C13FB3: changes role from  FOLLOWER to CANDIDATE at term 1 for changeToCandidate
2021-03-01 18:11:42,800 [Thread-4363] INFO  server.RaftServerConfigKeys (ConfUtils.java:logGet(44)) - raft.server.leaderelection.pre-vote = false (custom)
2021-03-01 18:11:42,800 [Thread-4363] INFO  impl.RoleInfo (RoleInfo.java:updateAndGet(130)) - f258d114-ea47-4d12-8964-639f425ab8d0: start f258d114-ea47-4d12-8964-639f425ab8d0@group-56E890C13FB3-LeaderElection199
2021-03-01 18:11:42,800 [a5a3f093-0768-4d4b-b08f-053c130678b3@group-56E890C13FB3-LeaderElection198] INFO  impl.LeaderElection (LeaderElection.java:logAndReturn(89)) - a5a3f093-0768-4d4b-b08f-053c130678b3@group-56E890C13FB3-LeaderElection198: ELECTION PASSED received 1 response(s) and 0 exception(s):
2021-03-01 18:11:42,800 [a5a3f093-0768-4d4b-b08f-053c130678b3@group-56E890C13FB3-LeaderElection198] INFO  impl.LeaderElection (LeaderElection.java:logAndReturn(93)) -   Response 0: a5a3f093-0768-4d4b-b08f-053c130678b3<-f258d114-ea47-4d12-8964-639f425ab8d0#0:OK-t1
2021-03-01 18:11:42,800 [a5a3f093-0768-4d4b-b08f-053c130678b3@group-56E890C13FB3-LeaderElection198] INFO  impl.LeaderElection (LeaderElection.java:askForVotes(309)) - a5a3f093-0768-4d4b-b08f-053c130678b3@group-56E890C13FB3-LeaderElection198 ELECTION round 0: result PASSED
2021-03-01 18:11:42,800 [a5a3f093-0768-4d4b-b08f-053c130678b3@group-56E890C13FB3-LeaderElection198] INFO  impl.RoleInfo (RoleInfo.java:shutdownLeaderElection(121)) - a5a3f093-0768-4d4b-b08f-053c130678b3: shutdown a5a3f093-0768-4d4b-b08f-053c130678b3@group-56E890C13FB3-LeaderElection198
2021-03-01 18:11:42,800 [a5a3f093-0768-4d4b-b08f-053c130678b3@group-56E890C13FB3-LeaderElection198] INFO  server.RaftServer$Division (RaftServerImpl.java:setRole(284)) - a5a3f093-0768-4d4b-b08f-053c130678b3@group-56E890C13FB3: changes role from CANDIDATE to LEADER at term 1 for changeToLeader
2021-03-01 18:11:42,800 [a5a3f093-0768-4d4b-b08f-053c130678b3@group-56E890C13FB3-LeaderElection198] INFO  ratis.XceiverServerRatis (XceiverServerRatis.java:handleLeaderChangedNotification(899)) - Leader change notification received for group: group-56E890C13FB3 with new leaderId: a5a3f093-0768-4d4b-b08f-053c130678b3
2021-03-01 18:11:42,800 [a5a3f093-0768-4d4b-b08f-053c130678b3@group-56E890C13FB3-LeaderElection198] INFO  server.RaftServer$Division (ServerState.java:setLeader(271)) - a5a3f093-0768-4d4b-b08f-053c130678b3@group-56E890C13FB3: change Leader from null to a5a3f093-0768-4d4b-b08f-053c130678b3 at term 1 for becomeLeader, leader elected after 5048ms
2021-03-01 18:11:42,800 [a5a3f093-0768-4d4b-b08f-053c130678b3@group-56E890C13FB3-LeaderElection198] INFO  server.RaftServerConfigKeys (ConfUtils.java:logGet(44)) - raft.server.staging.catchup.gap = 1000 (default)
2021-03-01 18:11:42,800 [a5a3f093-0768-4d4b-b08f-053c130678b3@group-56E890C13FB3-LeaderElection198] INFO  metrics.RatisMetrics (RatisMetrics.java:lambda$create$0(36)) - Creating Metrics Registry : ratis.log_appender.a5a3f093-0768-4d4b-b08f-053c130678b3@group-56E890C13FB3
2021-03-01 18:11:42,801 [a5a3f093-0768-4d4b-b08f-053c130678b3@group-56E890C13FB3-LeaderElection198] INFO  server.RaftServerConfigKeys (ConfUtils.java:logGet(44)) - raft.server.write.element-limit = 1024 (custom)
2021-03-01 18:11:42,801 [a5a3f093-0768-4d4b-b08f-053c130678b3@group-56E890C13FB3-LeaderElection198] INFO  server.RaftServerConfigKeys (ConfUtils.java:logGet(44)) - raft.server.write.byte-limit = 1073741824 (custom)
2021-03-01 18:11:42,801 [a5a3f093-0768-4d4b-b08f-053c130678b3@group-56E890C13FB3-LeaderElection198] INFO  server.RaftServerConfigKeys (ConfUtils.java:logGet(44)) - raft.server.watch.timeout = 3000ms (custom)
2021-03-01 18:11:42,801 [f258d114-ea47-4d12-8964-639f425ab8d0@group-56E890C13FB3-LeaderElection199] INFO  impl.LeaderElection (LeaderElection.java:askForVotes(307)) - f258d114-ea47-4d12-8964-639f425ab8d0@group-56E890C13FB3-LeaderElection199 ELECTION round 0: submit vote requests at term 2 for -1: [f258d114-ea47-4d12-8964-639f425ab8d0|rpc:172.17.0.2:45265|dataStream:|priority:0, a5a3f093-0768-4d4b-b08f-053c130678b3|rpc:172.17.0.2:40499|dataStream:|priority:1, 0f049040-6e0c-4cd4-a487-c7f09e7e4ba1|rpc:172.17.0.2:45527|dataStream:|priority:0], old=null
2021-03-01 18:11:42,801 [a5a3f093-0768-4d4b-b08f-053c130678b3@group-56E890C13FB3-LeaderElection198] INFO  server.RaftServerConfigKeys (ConfUtils.java:logGet(44)) - raft.server.watch.timeout.denomination = 1s (default)
2021-03-01 18:11:42,802 [a5a3f093-0768-4d4b-b08f-053c130678b3@group-56E890C13FB3-LeaderElection198] INFO  server.RaftServerConfigKeys (ConfUtils.java:logGet(44)) - raft.server.watch.element-limit = 65536 (default)
2021-03-01 18:11:42,802 [a5a3f093-0768-4d4b-b08f-053c130678b3@group-56E890C13FB3-LeaderElection198] INFO  server.RaftServerConfigKeys (ConfUtils.java:logGet(44)) - raft.server.log.appender.snapshot.chunk.size.max = 16MB (=16777216) (default)
2021-03-01 18:11:42,802 [a5a3f093-0768-4d4b-b08f-053c130678b3@group-56E890C13FB3-LeaderElection198] INFO  server.RaftServerConfigKeys (ConfUtils.java:logGet(44)) - raft.server.log.appender.buffer.byte-limit = 33554432 (custom)
2021-03-01 18:11:42,802 [a5a3f093-0768-4d4b-b08f-053c130678b3@group-56E890C13FB3-LeaderElection198] INFO  server.RaftServerConfigKeys (ConfUtils.java:logGet(44)) - raft.server.log.appender.buffer.element-limit = 1 (custom)
2021-03-01 18:11:42,802 [Thread-4414] INFO  impl.FollowerState (FollowerState.java:run(142)) - f258d114-ea47-4d12-8964-639f425ab8d0@group-56E890C13FB3-FollowerState was interrupted: {}
java.lang.InterruptedException: sleep interrupted
	at java.lang.Thread.sleep(Native Method)
	at java.lang.Thread.sleep(Thread.java:340)
	at java.util.concurrent.TimeUnit.sleep(TimeUnit.java:386)
	at org.apache.ratis.util.TimeDuration.sleep(TimeDuration.java:324)
	at org.apache.ratis.util.TimeDuration.sleep(TimeDuration.java:309)
	at org.apache.ratis.server.impl.FollowerState.run(FollowerState.java:117)
2021-03-01 18:11:42,802 [EventQueue-PipelineReportForPipelineReportHandler] INFO  pipeline.PipelineStateManager (PipelineStateManager.java:openPipeline(132)) - Pipeline Pipeline[ Id: d7d51450-7844-4544-a5b2-56e890c13fb3, Nodes: 0f049040-6e0c-4cd4-a487-c7f09e7e4ba1{ip: 172.17.0.2, host: 83787af071e2, ports: [REPLICATION=39923, RATIS=45527, RATIS_ADMIN=45527, RATIS_SERVER=45527, STANDALONE=32999], networkLocation: /default-rack, certSerialId: null, persistedOpState: IN_SERVICE, persistedOpStateExpiryEpochSec: 0}a5a3f093-0768-4d4b-b08f-053c130678b3{ip: 172.17.0.2, host: 83787af071e2, ports: [REPLICATION=35041, RATIS=40499, RATIS_ADMIN=40499, RATIS_SERVER=40499, STANDALONE=42875], networkLocation: /default-rack, certSerialId: null, persistedOpState: IN_SERVICE, persistedOpStateExpiryEpochSec: 0}f258d114-ea47-4d12-8964-639f425ab8d0{ip: 172.17.0.2, host: 83787af071e2, ports: [REPLICATION=37693, RATIS=45265, RATIS_ADMIN=45265, RATIS_SERVER=45265, STANDALONE=34123], networkLocation: /default-rack, certSerialId: null, persistedOpState: IN_SERVICE, persistedOpStateExpiryEpochSec: 0}, Type:RATIS, Factor:THREE, State:ALLOCATED, leaderId:a5a3f093-0768-4d4b-b08f-053c130678b3, CreationTimestamp2021-03-01T18:11:34.994Z] moved to OPEN state
2021-03-01 18:11:42,802 [a5a3f093-0768-4d4b-b08f-053c130678b3@group-56E890C13FB3-LeaderElection198] INFO  grpc.GrpcConfigKeys (ConfUtils.java:logGet(44)) - raft.grpc.server.leader.outstanding.appends.max = 128 (default)
2021-03-01 18:11:42,802 [a5a3f093-0768-4d4b-b08f-053c130678b3@group-56E890C13FB3-LeaderElection198] INFO  server.RaftServerConfigKeys (ConfUtils.java:logGet(44)) - raft.server.rpc.request.timeout = 3000ms (default)
2021-03-01 18:11:42,803 [a5a3f093-0768-4d4b-b08f-053c130678b3@group-56E890C13FB3-LeaderElection198] INFO  server.RaftServerConfigKeys (ConfUtils.java:logGet(44)) - raft.server.log.appender.install.snapshot.enabled = false (custom)
2021-03-01 18:11:42,803 [a5a3f093-0768-4d4b-b08f-053c130678b3@group-56E890C13FB3-LeaderElection198] INFO  metrics.RatisMetrics (RatisMetrics.java:lambda$create$0(36)) - Creating Metrics Registry : ratis_grpc.log_appender.a5a3f093-0768-4d4b-b08f-053c130678b3@group-56E890C13FB3
2021-03-01 18:11:42,805 [a5a3f093-0768-4d4b-b08f-053c130678b3@group-56E890C13FB3-LeaderElection198] INFO  server.RaftServerConfigKeys (ConfUtils.java:logGet(44)) - raft.server.log.appender.snapshot.chunk.size.max = 16MB (=16777216) (default)
2021-03-01 18:11:42,805 [a5a3f093-0768-4d4b-b08f-053c130678b3@group-56E890C13FB3-LeaderElection198] INFO  server.RaftServerConfigKeys (ConfUtils.java:logGet(44)) - raft.server.log.appender.buffer.byte-limit = 33554432 (custom)
2021-03-01 18:11:42,805 [a5a3f093-0768-4d4b-b08f-053c130678b3@group-56E890C13FB3-LeaderElection198] INFO  server.RaftServerConfigKeys (ConfUtils.java:logGet(44)) - raft.server.log.appender.buffer.element-limit = 1 (custom)
2021-03-01 18:11:42,805 [a5a3f093-0768-4d4b-b08f-053c130678b3@group-56E890C13FB3-LeaderElection198] INFO  grpc.GrpcConfigKeys (ConfUtils.java:logGet(44)) - raft.grpc.server.leader.outstanding.appends.max = 128 (default)
2021-03-01 18:11:42,805 [a5a3f093-0768-4d4b-b08f-053c130678b3@group-56E890C13FB3-LeaderElection198] INFO  server.RaftServerConfigKeys (ConfUtils.java:logGet(44)) - raft.server.rpc.request.timeout = 3000ms (default)
2021-03-01 18:11:42,805 [a5a3f093-0768-4d4b-b08f-053c130678b3@group-56E890C13FB3-LeaderElection198] INFO  server.RaftServerConfigKeys (ConfUtils.java:logGet(44)) - raft.server.log.appender.install.snapshot.enabled = false (custom)
2021-03-01 18:11:42,806 [Thread-4352] INFO  impl.FollowerState (FollowerState.java:run(133)) - a5a3f093-0768-4d4b-b08f-053c130678b3@group-183949E5868D-FollowerState: change to CANDIDATE, lastRpcElapsedTime:5120366200ns, electionTimeout:5119ms
2021-03-01 18:11:42,802 [EventQueue-PipelineReportForOneReplicaPipelineSafeModeRule] INFO  safemode.SCMSafeModeManager (SCMSafeModeManager.java:validateSafeModeExitRules(214)) - AtleastOneDatanodeReportedRule rule is successfully validated
2021-03-01 18:11:42,805 [Thread-4350] INFO  impl.FollowerState (FollowerState.java:run(133)) - 0f049040-6e0c-4cd4-a487-c7f09e7e4ba1@group-183949E5868D-FollowerState: change to CANDIDATE, lastRpcElapsedTime:5143355139ns, electionTimeout:5143ms
2021-03-01 18:11:42,802 [EventQueue-OpenPipelineForHealthyPipelineSafeModeRule] INFO  safemode.SCMSafeModeManager (HealthyPipelineSafeModeRule.java:process(128)) - SCM in safe mode. Healthy pipelines reported count is 0, required healthy pipeline reported count is 1
2021-03-01 18:11:42,806 [EventQueue-OpenPipelineForHealthyPipelineSafeModeRule] INFO  safemode.SCMSafeModeManager (HealthyPipelineSafeModeRule.java:process(128)) - SCM in safe mode. Healthy pipelines reported count is 1, required healthy pipeline reported count is 1
2021-03-01 18:11:42,806 [EventQueue-OpenPipelineForHealthyPipelineSafeModeRule] INFO  safemode.SCMSafeModeManager (SCMSafeModeManager.java:validateSafeModeExitRules(214)) - HealthyPipelineSafeModeRule rule is successfully validated
2021-03-01 18:11:42,806 [EventQueue-OpenPipelineForHealthyPipelineSafeModeRule] INFO  safemode.SCMSafeModeManager (SCMSafeModeManager.java:validateSafeModeExitRules(228)) - ScmSafeModeManager, all rules are successfully validated
2021-03-01 18:11:42,806 [EventQueue-OpenPipelineForHealthyPipelineSafeModeRule] INFO  safemode.SCMSafeModeManager (SCMSafeModeManager.java:exitSafeMode(257)) - SCM exiting safe mode.
2021-03-01 18:11:42,814 [Thread-4352] INFO  impl.RoleInfo (RoleInfo.java:shutdownFollowerState(108)) - a5a3f093-0768-4d4b-b08f-053c130678b3: shutdown a5a3f093-0768-4d4b-b08f-053c130678b3@group-183949E5868D-FollowerState
2021-03-01 18:11:42,814 [Thread-4352] INFO  server.RaftServer$Division (RaftServerImpl.java:setRole(284)) - a5a3f093-0768-4d4b-b08f-053c130678b3@group-183949E5868D: changes role from  FOLLOWER to CANDIDATE at term 0 for changeToCandidate
2021-03-01 18:11:42,814 [Thread-4352] INFO  server.RaftServerConfigKeys (ConfUtils.java:logGet(44)) - raft.server.leaderelection.pre-vote = false (custom)
2021-03-01 18:11:42,814 [Thread-4352] INFO  impl.RoleInfo (RoleInfo.java:updateAndGet(130)) - a5a3f093-0768-4d4b-b08f-053c130678b3: start a5a3f093-0768-4d4b-b08f-053c130678b3@group-183949E5868D-LeaderElection200
2021-03-01 18:11:42,814 [Thread-4350] INFO  impl.RoleInfo (RoleInfo.java:shutdownFollowerState(108)) - 0f049040-6e0c-4cd4-a487-c7f09e7e4ba1: shutdown 0f049040-6e0c-4cd4-a487-c7f09e7e4ba1@group-183949E5868D-FollowerState
2021-03-01 18:11:42,814 [Thread-4350] INFO  server.RaftServer$Division (RaftServerImpl.java:setRole(284)) - 0f049040-6e0c-4cd4-a487-c7f09e7e4ba1@group-183949E5868D: changes role from  FOLLOWER to CANDIDATE at term 0 for changeToCandidate
2021-03-01 18:11:42,815 [Thread-4350] INFO  server.RaftServerConfigKeys (ConfUtils.java:logGet(44)) - raft.server.leaderelection.pre-vote = false (custom)
2021-03-01 18:11:42,815 [Thread-4350] INFO  impl.RoleInfo (RoleInfo.java:updateAndGet(130)) - 0f049040-6e0c-4cd4-a487-c7f09e7e4ba1: start 0f049040-6e0c-4cd4-a487-c7f09e7e4ba1@group-183949E5868D-LeaderElection201
2021-03-01 18:11:42,815 [grpc-default-executor-2] INFO  server.RaftServer$Division (RaftServerImpl.java:requestVote(1025)) - a5a3f093-0768-4d4b-b08f-053c130678b3@group-56E890C13FB3: receive requestVote(ELECTION, f258d114-ea47-4d12-8964-639f425ab8d0, group-56E890C13FB3, 2, (t:0, i:0))
2021-03-01 18:11:42,816 [grpc-default-executor-6] INFO  server.RaftServer$Division (RaftServerImpl.java:requestVote(1025)) - 0f049040-6e0c-4cd4-a487-c7f09e7e4ba1@group-56E890C13FB3: receive requestVote(ELECTION, f258d114-ea47-4d12-8964-639f425ab8d0, group-56E890C13FB3, 2, (t:0, i:0))
2021-03-01 18:11:42,819 [grpc-default-executor-6] INFO  impl.VoteContext (VoteContext.java:log(48)) - 0f049040-6e0c-4cd4-a487-c7f09e7e4ba1@group-56E890C13FB3-FOLLOWER: accept ELECTION from f258d114-ea47-4d12-8964-639f425ab8d0: our priority 0 <= candidate's priority 0
2021-03-01 18:11:42,819 [grpc-default-executor-6] INFO  server.RaftServer$Division (RaftServerImpl.java:setRole(284)) - 0f049040-6e0c-4cd4-a487-c7f09e7e4ba1@group-56E890C13FB3: changes role from  FOLLOWER to FOLLOWER at term 2 for candidate:f258d114-ea47-4d12-8964-639f425ab8d0
2021-03-01 18:11:42,819 [grpc-default-executor-6] INFO  impl.RoleInfo (RoleInfo.java:shutdownFollowerState(108)) - 0f049040-6e0c-4cd4-a487-c7f09e7e4ba1: shutdown 0f049040-6e0c-4cd4-a487-c7f09e7e4ba1@group-56E890C13FB3-FollowerState
2021-03-01 18:11:42,819 [grpc-default-executor-6] INFO  impl.RoleInfo (RoleInfo.java:updateAndGet(130)) - 0f049040-6e0c-4cd4-a487-c7f09e7e4ba1: start 0f049040-6e0c-4cd4-a487-c7f09e7e4ba1@group-56E890C13FB3-FollowerState
2021-03-01 18:11:42,819 [Thread-4415] INFO  impl.FollowerState (FollowerState.java:run(142)) - 0f049040-6e0c-4cd4-a487-c7f09e7e4ba1@group-56E890C13FB3-FollowerState was interrupted: {}
java.lang.InterruptedException: sleep interrupted
	at java.lang.Thread.sleep(Native Method)
	at java.lang.Thread.sleep(Thread.java:340)
	at java.util.concurrent.TimeUnit.sleep(TimeUnit.java:386)
	at org.apache.ratis.util.TimeDuration.sleep(TimeDuration.java:324)
	at org.apache.ratis.util.TimeDuration.sleep(TimeDuration.java:309)
	at org.apache.ratis.server.impl.FollowerState.run(FollowerState.java:117)
2021-03-01 18:11:42,820 [grpc-default-executor-6] INFO  server.RaftServer$Division (RaftServerImpl.java:requestVote(1057)) - 0f049040-6e0c-4cd4-a487-c7f09e7e4ba1@group-56E890C13FB3 replies to ELECTION vote request: f258d114-ea47-4d12-8964-639f425ab8d0<-0f049040-6e0c-4cd4-a487-c7f09e7e4ba1#0:OK-t2. Peer's state: 0f049040-6e0c-4cd4-a487-c7f09e7e4ba1@group-56E890C13FB3:t2, leader=null, voted=f258d114-ea47-4d12-8964-639f425ab8d0, raftlog=0f049040-6e0c-4cd4-a487-c7f09e7e4ba1@group-56E890C13FB3-SegmentedRaftLog:OPENED:c-1,f-1,i0, conf=-1: [f258d114-ea47-4d12-8964-639f425ab8d0|rpc:172.17.0.2:45265|priority:0, a5a3f093-0768-4d4b-b08f-053c130678b3|rpc:172.17.0.2:40499|priority:1, 0f049040-6e0c-4cd4-a487-c7f09e7e4ba1|rpc:172.17.0.2:45527|priority:0], old=null
2021-03-01 18:11:42,824 [a5a3f093-0768-4d4b-b08f-053c130678b3@group-56E890C13FB3-LeaderElection198] INFO  impl.RoleInfo (RoleInfo.java:updateAndGet(130)) - a5a3f093-0768-4d4b-b08f-053c130678b3: start a5a3f093-0768-4d4b-b08f-053c130678b3@group-56E890C13FB3-LeaderStateImpl
2021-03-01 18:11:42,825 [a5a3f093-0768-4d4b-b08f-053c130678b3@group-183949E5868D-LeaderElection200] INFO  impl.LeaderElection (LeaderElection.java:askForVotes(307)) - a5a3f093-0768-4d4b-b08f-053c130678b3@group-183949E5868D-LeaderElection200 ELECTION round 0: submit vote requests at term 1 for -1: [f258d114-ea47-4d12-8964-639f425ab8d0|rpc:172.17.0.2:45265|dataStream:|priority:0, a5a3f093-0768-4d4b-b08f-053c130678b3|rpc:172.17.0.2:40499|dataStream:|priority:0, 0f049040-6e0c-4cd4-a487-c7f09e7e4ba1|rpc:172.17.0.2:45527|dataStream:|priority:1], old=null
2021-03-01 18:11:42,825 [a5a3f093-0768-4d4b-b08f-053c130678b3@group-56E890C13FB3-LeaderElection198] INFO  segmented.SegmentedRaftLogWorker (SegmentedRaftLogWorker.java:startLogSegment(392)) - a5a3f093-0768-4d4b-b08f-053c130678b3@group-56E890C13FB3-SegmentedRaftLogWorker: Starting segment from index:0
2021-03-01 18:11:42,826 [0f049040-6e0c-4cd4-a487-c7f09e7e4ba1@group-183949E5868D-LeaderElection201] INFO  impl.LeaderElection (LeaderElection.java:askForVotes(307)) - 0f049040-6e0c-4cd4-a487-c7f09e7e4ba1@group-183949E5868D-LeaderElection201 ELECTION round 0: submit vote requests at term 1 for -1: [f258d114-ea47-4d12-8964-639f425ab8d0|rpc:172.17.0.2:45265|priority:0, a5a3f093-0768-4d4b-b08f-053c130678b3|rpc:172.17.0.2:40499|priority:0, 0f049040-6e0c-4cd4-a487-c7f09e7e4ba1|rpc:172.17.0.2:45527|priority:1], old=null
2021-03-01 18:11:42,826 [grpc-default-executor-6] INFO  server.RaftServer$Division (RaftServerImpl.java:requestVote(1025)) - f258d114-ea47-4d12-8964-639f425ab8d0@group-183949E5868D: receive requestVote(ELECTION, a5a3f093-0768-4d4b-b08f-053c130678b3, group-183949E5868D, 1, (t:0, i:0))
2021-03-01 18:11:42,827 [grpc-default-executor-6] INFO  impl.VoteContext (VoteContext.java:log(48)) - f258d114-ea47-4d12-8964-639f425ab8d0@group-183949E5868D-FOLLOWER: accept ELECTION from a5a3f093-0768-4d4b-b08f-053c130678b3: our priority 0 <= candidate's priority 0
2021-03-01 18:11:42,827 [grpc-default-executor-6] INFO  server.RaftServer$Division (RaftServerImpl.java:setRole(284)) - f258d114-ea47-4d12-8964-639f425ab8d0@group-183949E5868D: changes role from  FOLLOWER to FOLLOWER at term 1 for candidate:a5a3f093-0768-4d4b-b08f-053c130678b3
2021-03-01 18:11:42,827 [grpc-default-executor-6] INFO  impl.RoleInfo (RoleInfo.java:shutdownFollowerState(108)) - f258d114-ea47-4d12-8964-639f425ab8d0: shutdown f258d114-ea47-4d12-8964-639f425ab8d0@group-183949E5868D-FollowerState
2021-03-01 18:11:42,827 [a5a3f093-0768-4d4b-b08f-053c130678b3@group-56E890C13FB3-SegmentedRaftLogWorker] INFO  segmented.SegmentedRaftLogWorker (SegmentedRaftLogWorker.java:execute(599)) - a5a3f093-0768-4d4b-b08f-053c130678b3@group-56E890C13FB3-SegmentedRaftLogWorker: created new log segment /github/workspace/mnt/ozone/hadoop-ozone/integration-test/target/test-dir/MiniOzoneClusterImpl-5b5774a2-bf3c-4723-a113-e238e3f8131c/datanode-2/data/ratis/d7d51450-7844-4544-a5b2-56e890c13fb3/current/log_inprogress_0
2021-03-01 18:11:42,827 [grpc-default-executor-3] INFO  server.RaftServer$Division (RaftServerImpl.java:requestVote(1025)) - 0f049040-6e0c-4cd4-a487-c7f09e7e4ba1@group-183949E5868D: receive requestVote(ELECTION, a5a3f093-0768-4d4b-b08f-053c130678b3, group-183949E5868D, 1, (t:0, i:0))
2021-03-01 18:11:42,827 [grpc-default-executor-3] INFO  impl.VoteContext (VoteContext.java:log(48)) - 0f049040-6e0c-4cd4-a487-c7f09e7e4ba1@group-183949E5868D-CANDIDATE: reject ELECTION from a5a3f093-0768-4d4b-b08f-053c130678b3: already has voted for 0f049040-6e0c-4cd4-a487-c7f09e7e4ba1 at current term 1
2021-03-01 18:11:42,828 [grpc-default-executor-3] INFO  server.RaftServer$Division (RaftServerImpl.java:requestVote(1057)) - 0f049040-6e0c-4cd4-a487-c7f09e7e4ba1@group-183949E5868D replies to ELECTION vote request: a5a3f093-0768-4d4b-b08f-053c130678b3<-0f049040-6e0c-4cd4-a487-c7f09e7e4ba1#0:FAIL-t1. Peer's state: 0f049040-6e0c-4cd4-a487-c7f09e7e4ba1@group-183949E5868D:t1, leader=null, voted=0f049040-6e0c-4cd4-a487-c7f09e7e4ba1, raftlog=0f049040-6e0c-4cd4-a487-c7f09e7e4ba1@group-183949E5868D-SegmentedRaftLog:OPENED:c-1,f-1,i0, conf=-1: [f258d114-ea47-4d12-8964-639f425ab8d0|rpc:172.17.0.2:45265|priority:0, a5a3f093-0768-4d4b-b08f-053c130678b3|rpc:172.17.0.2:40499|priority:0, 0f049040-6e0c-4cd4-a487-c7f09e7e4ba1|rpc:172.17.0.2:45527|priority:1], old=null
2021-03-01 18:11:42,831 [grpc-default-executor-6] INFO  impl.RoleInfo (RoleInfo.java:updateAndGet(130)) - f258d114-ea47-4d12-8964-639f425ab8d0: start f258d114-ea47-4d12-8964-639f425ab8d0@group-183949E5868D-FollowerState
2021-03-01 18:11:42,831 [a5a3f093-0768-4d4b-b08f-053c130678b3@group-56E890C13FB3-LeaderElection198] INFO  server.RaftServer$Division (ServerState.java:setRaftConf(373)) - a5a3f093-0768-4d4b-b08f-053c130678b3@group-56E890C13FB3: set configuration 0: [f258d114-ea47-4d12-8964-639f425ab8d0|rpc:172.17.0.2:45265|dataStream:|priority:0, a5a3f093-0768-4d4b-b08f-053c130678b3|rpc:172.17.0.2:40499|dataStream:|priority:1, 0f049040-6e0c-4cd4-a487-c7f09e7e4ba1|rpc:172.17.0.2:45527|dataStream:|priority:0], old=null
2021-03-01 18:11:42,831 [Thread-4355] INFO  impl.FollowerState (FollowerState.java:run(142)) - f258d114-ea47-4d12-8964-639f425ab8d0@group-183949E5868D-FollowerState was interrupted: {}
java.lang.InterruptedException: sleep interrupted
	at java.lang.Thread.sleep(Native Method)
	at java.lang.Thread.sleep(Thread.java:340)
	at java.util.concurrent.TimeUnit.sleep(TimeUnit.java:386)
	at org.apache.ratis.util.TimeDuration.sleep(TimeDuration.java:324)
	at org.apache.ratis.util.TimeDuration.sleep(TimeDuration.java:309)
	at org.apache.ratis.server.impl.FollowerState.run(FollowerState.java:117)
2021-03-01 18:11:42,831 [grpc-default-executor-2] INFO  impl.VoteContext (VoteContext.java:log(48)) - a5a3f093-0768-4d4b-b08f-053c130678b3@group-56E890C13FB3-LEADER: reject ELECTION from f258d114-ea47-4d12-8964-639f425ab8d0: our last entry (t:1, i:0) > candidate's last entry (t:0, i:0)
2021-03-01 18:11:42,832 [grpc-default-executor-2] INFO  server.RaftServer$Division (ServerState.java:setLeader(271)) - a5a3f093-0768-4d4b-b08f-053c130678b3@group-56E890C13FB3: change Leader from a5a3f093-0768-4d4b-b08f-053c130678b3 to null at term 2 for updateCurrentTerm
2021-03-01 18:11:42,832 [grpc-default-executor-2] INFO  server.RaftServer$Division (RaftServerImpl.java:setRole(284)) - a5a3f093-0768-4d4b-b08f-053c130678b3@group-56E890C13FB3: changes role from    LEADER to FOLLOWER at term 2 for candidate:f258d114-ea47-4d12-8964-639f425ab8d0
2021-03-01 18:11:42,832 [grpc-default-executor-2] INFO  impl.RoleInfo (RoleInfo.java:shutdownLeaderState(91)) - a5a3f093-0768-4d4b-b08f-053c130678b3: shutdown a5a3f093-0768-4d4b-b08f-053c130678b3@group-56E890C13FB3-LeaderStateImpl
2021-03-01 18:11:42,832 [grpc-default-executor-2] INFO  metrics.RatisMetrics (RatisMetrics.java:unregister(43)) - Unregistering Metrics Registry : ratis_grpc.log_appender.a5a3f093-0768-4d4b-b08f-053c130678b3@group-56E890C13FB3
2021-03-01 18:11:42,832 [grpc-default-executor-2] INFO  metrics.RatisMetrics (RatisMetrics.java:unregister(43)) - Unregistering Metrics Registry : ratis_grpc.log_appender.a5a3f093-0768-4d4b-b08f-053c130678b3@group-56E890C13FB3
2021-03-01 18:11:42,832 [grpc-default-executor-2] INFO  impl.PendingRequests (PendingRequests.java:sendNotLeaderResponses(249)) - a5a3f093-0768-4d4b-b08f-053c130678b3@group-56E890C13FB3-PendingRequests: sendNotLeaderResponses
2021-03-01 18:11:42,832 [grpc-default-executor-2] INFO  metrics.RatisMetrics (RatisMetrics.java:unregister(43)) - Unregistering Metrics Registry : ratis.log_appender.a5a3f093-0768-4d4b-b08f-053c130678b3@group-56E890C13FB3
2021-03-01 18:11:42,832 [grpc-default-executor-2] INFO  metrics.RatisMetrics (RatisMetrics.java:unregister(43)) - Unregistering Metrics Registry : ratis.server.a5a3f093-0768-4d4b-b08f-053c130678b3@group-56E890C13FB3
2021-03-01 18:11:42,832 [grpc-default-executor-6] INFO  server.RaftServer$Division (RaftServerImpl.java:requestVote(1057)) - f258d114-ea47-4d12-8964-639f425ab8d0@group-183949E5868D replies to ELECTION vote request: a5a3f093-0768-4d4b-b08f-053c130678b3<-f258d114-ea47-4d12-8964-639f425ab8d0#0:OK-t1. Peer's state: f258d114-ea47-4d12-8964-639f425ab8d0@group-183949E5868D:t1, leader=null, voted=a5a3f093-0768-4d4b-b08f-053c130678b3, raftlog=f258d114-ea47-4d12-8964-639f425ab8d0@group-183949E5868D-SegmentedRaftLog:OPENED:c-1,f-1,i0, conf=-1: [f258d114-ea47-4d12-8964-639f425ab8d0|rpc:172.17.0.2:45265|dataStream:|priority:0, a5a3f093-0768-4d4b-b08f-053c130678b3|rpc:172.17.0.2:40499|dataStream:|priority:0, 0f049040-6e0c-4cd4-a487-c7f09e7e4ba1|rpc:172.17.0.2:45527|dataStream:|priority:1], old=null
2021-03-01 18:11:42,833 [a5a3f093-0768-4d4b-b08f-053c130678b3@group-183949E5868D-LeaderElection200] INFO  impl.LeaderElection (LeaderElection.java:logAndReturn(89)) - a5a3f093-0768-4d4b-b08f-053c130678b3@group-183949E5868D-LeaderElection200: ELECTION REJECTED received 1 response(s) and 0 exception(s):
2021-03-01 18:11:42,833 [a5a3f093-0768-4d4b-b08f-053c130678b3@group-183949E5868D-LeaderElection200] INFO  impl.LeaderElection (LeaderElection.java:logAndReturn(93)) -   Response 0: a5a3f093-0768-4d4b-b08f-053c130678b3<-0f049040-6e0c-4cd4-a487-c7f09e7e4ba1#0:FAIL-t1
2021-03-01 18:11:42,833 [a5a3f093-0768-4d4b-b08f-053c130678b3@group-183949E5868D-LeaderElection200] INFO  impl.LeaderElection (LeaderElection.java:askForVotes(309)) - a5a3f093-0768-4d4b-b08f-053c130678b3@group-183949E5868D-LeaderElection200 ELECTION round 0: result REJECTED
2021-03-01 18:11:42,833 [a5a3f093-0768-4d4b-b08f-053c130678b3@group-183949E5868D-LeaderElection200] INFO  server.RaftServer$Division (RaftServerImpl.java:setRole(284)) - a5a3f093-0768-4d4b-b08f-053c130678b3@group-183949E5868D: changes role from CANDIDATE to FOLLOWER at term 1 for REJECTED
2021-03-01 18:11:42,833 [a5a3f093-0768-4d4b-b08f-053c130678b3@group-183949E5868D-LeaderElection200] INFO  impl.RoleInfo (RoleInfo.java:shutdownLeaderElection(121)) - a5a3f093-0768-4d4b-b08f-053c130678b3: shutdown a5a3f093-0768-4d4b-b08f-053c130678b3@group-183949E5868D-LeaderElection200
2021-03-01 18:11:42,833 [a5a3f093-0768-4d4b-b08f-053c130678b3@group-183949E5868D-LeaderElection200] INFO  impl.RoleInfo (RoleInfo.java:updateAndGet(130)) - a5a3f093-0768-4d4b-b08f-053c130678b3: start a5a3f093-0768-4d4b-b08f-053c130678b3@group-183949E5868D-FollowerState
2021-03-01 18:11:42,841 [grpc-default-executor-3] INFO  server.RaftServer$Division (RaftServerImpl.java:requestVote(1025)) - f258d114-ea47-4d12-8964-639f425ab8d0@group-183949E5868D: receive requestVote(ELECTION, 0f049040-6e0c-4cd4-a487-c7f09e7e4ba1, group-183949E5868D, 1, (t:0, i:0))
2021-03-01 18:11:42,841 [grpc-default-executor-6] INFO  server.RaftServer$Division (RaftServerImpl.java:requestVote(1025)) - a5a3f093-0768-4d4b-b08f-053c130678b3@group-183949E5868D: receive requestVote(ELECTION, 0f049040-6e0c-4cd4-a487-c7f09e7e4ba1, group-183949E5868D, 1, (t:0, i:0))
2021-03-01 18:11:42,842 [grpc-default-executor-6] INFO  impl.VoteContext (VoteContext.java:log(48)) - a5a3f093-0768-4d4b-b08f-053c130678b3@group-183949E5868D-FOLLOWER: reject ELECTION from 0f049040-6e0c-4cd4-a487-c7f09e7e4ba1: already has voted for a5a3f093-0768-4d4b-b08f-053c130678b3 at current term 1
2021-03-01 18:11:42,842 [grpc-default-executor-3] INFO  impl.VoteContext (VoteContext.java:log(48)) - f258d114-ea47-4d12-8964-639f425ab8d0@group-183949E5868D-FOLLOWER: reject ELECTION from 0f049040-6e0c-4cd4-a487-c7f09e7e4ba1: already has voted for a5a3f093-0768-4d4b-b08f-053c130678b3 at current term 1
2021-03-01 18:11:42,842 [grpc-default-executor-6] INFO  server.RaftServer$Division (RaftServerImpl.java:requestVote(1057)) - a5a3f093-0768-4d4b-b08f-053c130678b3@group-183949E5868D replies to ELECTION vote request: 0f049040-6e0c-4cd4-a487-c7f09e7e4ba1<-a5a3f093-0768-4d4b-b08f-053c130678b3#0:FAIL-t1. Peer's state: a5a3f093-0768-4d4b-b08f-053c130678b3@group-183949E5868D:t1, leader=null, voted=a5a3f093-0768-4d4b-b08f-053c130678b3, raftlog=a5a3f093-0768-4d4b-b08f-053c130678b3@group-183949E5868D-SegmentedRaftLog:OPENED:c-1,f-1,i0, conf=-1: [f258d114-ea47-4d12-8964-639f425ab8d0|rpc:172.17.0.2:45265|dataStream:|priority:0, a5a3f093-0768-4d4b-b08f-053c130678b3|rpc:172.17.0.2:40499|dataStream:|priority:0, 0f049040-6e0c-4cd4-a487-c7f09e7e4ba1|rpc:172.17.0.2:45527|dataStream:|priority:1], old=null
2021-03-01 18:11:42,842 [grpc-default-executor-3] INFO  server.RaftServer$Division (RaftServerImpl.java:requestVote(1057)) - f258d114-ea47-4d12-8964-639f425ab8d0@group-183949E5868D replies to ELECTION vote request: 0f049040-6e0c-4cd4-a487-c7f09e7e4ba1<-f258d114-ea47-4d12-8964-639f425ab8d0#0:FAIL-t1. Peer's state: f258d114-ea47-4d12-8964-639f425ab8d0@group-183949E5868D:t1, leader=null, voted=a5a3f093-0768-4d4b-b08f-053c130678b3, raftlog=f258d114-ea47-4d12-8964-639f425ab8d0@group-183949E5868D-SegmentedRaftLog:OPENED:c-1,f-1,i0, conf=-1: [f258d114-ea47-4d12-8964-639f425ab8d0|rpc:172.17.0.2:45265|dataStream:|priority:0, a5a3f093-0768-4d4b-b08f-053c130678b3|rpc:172.17.0.2:40499|dataStream:|priority:0, 0f049040-6e0c-4cd4-a487-c7f09e7e4ba1|rpc:172.17.0.2:45527|dataStream:|priority:1], old=null
2021-03-01 18:11:42,844 [Listener at 127.0.0.1/41333] INFO  ozone.MiniOzoneClusterImpl (MiniOzoneClusterImpl.java:lambda$waitForClusterToBeReady$0(187)) - Nodes are ready. Got 7 of 7 DN Heartbeats.
2021-03-01 18:11:42,844 [Listener at 127.0.0.1/41333] INFO  ozone.MiniOzoneClusterImpl (MiniOzoneClusterImpl.java:lambda$waitForClusterToBeReady$0(190)) - Cluster exits safe mode
2021-03-01 18:11:42,854 [Listener at 127.0.0.1/41333] INFO  rpc.RpcClient (RpcClient.java:createVolume(279)) - Creating Volume: testblockoutputstream, with jenkins1001 as owner and space quota set to -1 bytes, counts quota set to -1
2021-03-01 18:11:42,856 [0f049040-6e0c-4cd4-a487-c7f09e7e4ba1@group-183949E5868D-LeaderElection201] INFO  impl.LeaderElection (LeaderElection.java:logAndReturn(89)) - 0f049040-6e0c-4cd4-a487-c7f09e7e4ba1@group-183949E5868D-LeaderElection201: ELECTION REJECTED received 2 response(s) and 0 exception(s):
2021-03-01 18:11:42,856 [0f049040-6e0c-4cd4-a487-c7f09e7e4ba1@group-183949E5868D-LeaderElection201] INFO  impl.LeaderElection (LeaderElection.java:logAndReturn(93)) -   Response 0: 0f049040-6e0c-4cd4-a487-c7f09e7e4ba1<-f258d114-ea47-4d12-8964-639f425ab8d0#0:FAIL-t1
2021-03-01 18:11:42,856 [0f049040-6e0c-4cd4-a487-c7f09e7e4ba1@group-183949E5868D-LeaderElection201] INFO  impl.LeaderElection (LeaderElection.java:logAndReturn(93)) -   Response 1: 0f049040-6e0c-4cd4-a487-c7f09e7e4ba1<-a5a3f093-0768-4d4b-b08f-053c130678b3#0:FAIL-t1
2021-03-01 18:11:42,856 [0f049040-6e0c-4cd4-a487-c7f09e7e4ba1@group-183949E5868D-LeaderElection201] INFO  impl.LeaderElection (LeaderElection.java:askForVotes(309)) - 0f049040-6e0c-4cd4-a487-c7f09e7e4ba1@group-183949E5868D-LeaderElection201 ELECTION round 0: result REJECTED
2021-03-01 18:11:42,856 [0f049040-6e0c-4cd4-a487-c7f09e7e4ba1@group-183949E5868D-LeaderElection201] INFO  server.RaftServer$Division (RaftServerImpl.java:setRole(284)) - 0f049040-6e0c-4cd4-a487-c7f09e7e4ba1@group-183949E5868D: changes role from CANDIDATE to FOLLOWER at term 1 for REJECTED
2021-03-01 18:11:42,856 [0f049040-6e0c-4cd4-a487-c7f09e7e4ba1@group-183949E5868D-LeaderElection201] INFO  impl.RoleInfo (RoleInfo.java:shutdownLeaderElection(121)) - 0f049040-6e0c-4cd4-a487-c7f09e7e4ba1: shutdown 0f049040-6e0c-4cd4-a487-c7f09e7e4ba1@group-183949E5868D-LeaderElection201
2021-03-01 18:11:42,856 [0f049040-6e0c-4cd4-a487-c7f09e7e4ba1@group-183949E5868D-LeaderElection201] INFO  impl.RoleInfo (RoleInfo.java:updateAndGet(130)) - 0f049040-6e0c-4cd4-a487-c7f09e7e4ba1: start 0f049040-6e0c-4cd4-a487-c7f09e7e4ba1@group-183949E5868D-FollowerState
2021-03-01 18:11:42,856 [Thread-4366] INFO  impl.FollowerState (FollowerState.java:run(133)) - 0f049040-6e0c-4cd4-a487-c7f09e7e4ba1@group-617FBAE04F80-FollowerState: change to CANDIDATE, lastRpcElapsedTime:5048603965ns, electionTimeout:5048ms
2021-03-01 18:11:42,857 [grpc-default-executor-3] INFO  server.GrpcServerProtocolService (GrpcServerProtocolService.java:onCompleted(138)) - 0f049040-6e0c-4cd4-a487-c7f09e7e4ba1: Completed APPEND_ENTRIES, lastRequest: null
2021-03-01 18:11:42,857 [grpc-default-executor-2] INFO  impl.RoleInfo (RoleInfo.java:updateAndGet(130)) - a5a3f093-0768-4d4b-b08f-053c130678b3: start a5a3f093-0768-4d4b-b08f-053c130678b3@group-56E890C13FB3-FollowerState
2021-03-01 18:11:42,858 [grpc-default-executor-2] INFO  server.RaftServer$Division (RaftServerImpl.java:requestVote(1057)) - a5a3f093-0768-4d4b-b08f-053c130678b3@group-56E890C13FB3 replies to ELECTION vote request: f258d114-ea47-4d12-8964-639f425ab8d0<-a5a3f093-0768-4d4b-b08f-053c130678b3#0:FAIL-t2. Peer's state: a5a3f093-0768-4d4b-b08f-053c130678b3@group-56E890C13FB3:t2, leader=null, voted=null, raftlog=a5a3f093-0768-4d4b-b08f-053c130678b3@group-56E890C13FB3-SegmentedRaftLog:OPENED:c-1,f-1,i0, conf=0: [f258d114-ea47-4d12-8964-639f425ab8d0|rpc:172.17.0.2:45265|dataStream:|priority:0, a5a3f093-0768-4d4b-b08f-053c130678b3|rpc:172.17.0.2:40499|dataStream:|priority:1, 0f049040-6e0c-4cd4-a487-c7f09e7e4ba1|rpc:172.17.0.2:45527|dataStream:|priority:0], old=null
2021-03-01 18:11:42,860 [f258d114-ea47-4d12-8964-639f425ab8d0@group-56E890C13FB3-LeaderElection199] INFO  impl.LeaderElection (LeaderElection.java:logAndReturn(89)) - f258d114-ea47-4d12-8964-639f425ab8d0@group-56E890C13FB3-LeaderElection199: ELECTION REJECTED received 2 response(s) and 0 exception(s):
2021-03-01 18:11:42,860 [f258d114-ea47-4d12-8964-639f425ab8d0@group-56E890C13FB3-LeaderElection199] INFO  impl.LeaderElection (LeaderElection.java:logAndReturn(93)) -   Response 0: f258d114-ea47-4d12-8964-639f425ab8d0<-a5a3f093-0768-4d4b-b08f-053c130678b3#0:FAIL-t2
2021-03-01 18:11:42,860 [f258d114-ea47-4d12-8964-639f425ab8d0@group-56E890C13FB3-LeaderElection199] INFO  impl.LeaderElection (LeaderElection.java:logAndReturn(93)) -   Response 1: f258d114-ea47-4d12-8964-639f425ab8d0<-0f049040-6e0c-4cd4-a487-c7f09e7e4ba1#0:OK-t2
2021-03-01 18:11:42,860 [f258d114-ea47-4d12-8964-639f425ab8d0@group-56E890C13FB3-LeaderElection199] INFO  impl.LeaderElection (LeaderElection.java:askForVotes(309)) - f258d114-ea47-4d12-8964-639f425ab8d0@group-56E890C13FB3-LeaderElection199 ELECTION round 0: result REJECTED
2021-03-01 18:11:42,860 [f258d114-ea47-4d12-8964-639f425ab8d0@group-56E890C13FB3-LeaderElection199] INFO  server.RaftServer$Division (RaftServerImpl.java:setRole(284)) - f258d114-ea47-4d12-8964-639f425ab8d0@group-56E890C13FB3: changes role from CANDIDATE to FOLLOWER at term 2 for REJECTED
2021-03-01 18:11:42,860 [f258d114-ea47-4d12-8964-639f425ab8d0@group-56E890C13FB3-LeaderElection199] INFO  impl.RoleInfo (RoleInfo.java:shutdownLeaderElection(121)) - f258d114-ea47-4d12-8964-639f425ab8d0: shutdown f258d114-ea47-4d12-8964-639f425ab8d0@group-56E890C13FB3-LeaderElection199
2021-03-01 18:11:42,860 [f258d114-ea47-4d12-8964-639f425ab8d0@group-56E890C13FB3-LeaderElection199] INFO  impl.RoleInfo (RoleInfo.java:updateAndGet(130)) - f258d114-ea47-4d12-8964-639f425ab8d0: start f258d114-ea47-4d12-8964-639f425ab8d0@group-56E890C13FB3-FollowerState
2021-03-01 18:11:42,865 [grpc-default-executor-6] INFO  server.GrpcServerProtocolService (GrpcServerProtocolService.java:onCompleted(138)) - f258d114-ea47-4d12-8964-639f425ab8d0: Completed APPEND_ENTRIES, lastRequest: null
2021-03-01 18:11:42,865 [OM StateMachine ApplyTransaction Thread - 0] INFO  volume.OMVolumeCreateRequest (OMVolumeCreateRequest.java:validateAndUpdateCache(196)) - created volume:testblockoutputstream for user:jenkins1001
2021-03-01 18:11:42,871 [Thread-4366] INFO  impl.RoleInfo (RoleInfo.java:shutdownFollowerState(108)) - 0f049040-6e0c-4cd4-a487-c7f09e7e4ba1: shutdown 0f049040-6e0c-4cd4-a487-c7f09e7e4ba1@group-617FBAE04F80-FollowerState
2021-03-01 18:11:42,871 [Thread-4366] INFO  server.RaftServer$Division (RaftServerImpl.java:setRole(284)) - 0f049040-6e0c-4cd4-a487-c7f09e7e4ba1@group-617FBAE04F80: changes role from  FOLLOWER to CANDIDATE at term 0 for changeToCandidate
2021-03-01 18:11:42,871 [Thread-4366] INFO  server.RaftServerConfigKeys (ConfUtils.java:logGet(44)) - raft.server.leaderelection.pre-vote = false (custom)
2021-03-01 18:11:42,871 [Thread-4366] INFO  impl.RoleInfo (RoleInfo.java:updateAndGet(130)) - 0f049040-6e0c-4cd4-a487-c7f09e7e4ba1: start 0f049040-6e0c-4cd4-a487-c7f09e7e4ba1@group-617FBAE04F80-LeaderElection202
2021-03-01 18:11:42,872 [grpc-default-executor-3] INFO  server.GrpcLogAppender (GrpcLogAppender.java:onCompleted(344)) - a5a3f093-0768-4d4b-b08f-053c130678b3@group-56E890C13FB3->0f049040-6e0c-4cd4-a487-c7f09e7e4ba1-AppendLogResponseHandler: follower responses appendEntries COMPLETED
2021-03-01 18:11:42,873 [grpc-default-executor-3] INFO  leader.FollowerInfo (FollowerInfoImpl.java:lambda$new$0(46)) - a5a3f093-0768-4d4b-b08f-053c130678b3@group-56E890C13FB3->0f049040-6e0c-4cd4-a487-c7f09e7e4ba1: nextIndex: updateUnconditionally 0 -> 0
2021-03-01 18:11:42,875 [grpc-default-executor-3] INFO  server.GrpcLogAppender (GrpcLogAppender.java:onCompleted(344)) - a5a3f093-0768-4d4b-b08f-053c130678b3@group-56E890C13FB3->f258d114-ea47-4d12-8964-639f425ab8d0-AppendLogResponseHandler: follower responses appendEntries COMPLETED
2021-03-01 18:11:42,876 [grpc-default-executor-3] INFO  leader.FollowerInfo (FollowerInfoImpl.java:lambda$new$0(46)) - a5a3f093-0768-4d4b-b08f-053c130678b3@group-56E890C13FB3->f258d114-ea47-4d12-8964-639f425ab8d0: nextIndex: updateUnconditionally 0 -> 0
2021-03-01 18:11:42,879 [0f049040-6e0c-4cd4-a487-c7f09e7e4ba1@group-617FBAE04F80-LeaderElection202] INFO  impl.LeaderElection (LeaderElection.java:askForVotes(307)) - 0f049040-6e0c-4cd4-a487-c7f09e7e4ba1@group-617FBAE04F80-LeaderElection202 ELECTION round 0: submit vote requests at term 1 for -1: [f258d114-ea47-4d12-8964-639f425ab8d0|rpc:172.17.0.2:45265|priority:1, a5a3f093-0768-4d4b-b08f-053c130678b3|rpc:172.17.0.2:40499|priority:0, 0f049040-6e0c-4cd4-a487-c7f09e7e4ba1|rpc:172.17.0.2:45527|priority:0], old=null
2021-03-01 18:11:42,881 [Listener at 127.0.0.1/41333] INFO  rpc.RpcClient (RpcClient.java:createBucket(441)) - Creating Bucket: testblockoutputstream/testblockoutputstream, with Versioning false and Storage Type set to DISK and Encryption set to false 
2021-03-01 18:11:42,882 [grpc-default-executor-3] INFO  server.RaftServer$Division (RaftServerImpl.java:requestVote(1025)) - f258d114-ea47-4d12-8964-639f425ab8d0@group-617FBAE04F80: receive requestVote(ELECTION, 0f049040-6e0c-4cd4-a487-c7f09e7e4ba1, group-617FBAE04F80, 1, (t:0, i:0))
2021-03-01 18:11:42,882 [grpc-default-executor-3] INFO  impl.VoteContext (VoteContext.java:log(48)) - f258d114-ea47-4d12-8964-639f425ab8d0@group-617FBAE04F80-FOLLOWER: reject ELECTION from 0f049040-6e0c-4cd4-a487-c7f09e7e4ba1: our priority 1 > candidate's priority 0
2021-03-01 18:11:42,882 [grpc-default-executor-3] INFO  server.RaftServer$Division (RaftServerImpl.java:setRole(284)) - f258d114-ea47-4d12-8964-639f425ab8d0@group-617FBAE04F80: changes role from  FOLLOWER to FOLLOWER at term 1 for candidate:0f049040-6e0c-4cd4-a487-c7f09e7e4ba1
2021-03-01 18:11:42,882 [grpc-default-executor-3] INFO  impl.RoleInfo (RoleInfo.java:shutdownFollowerState(108)) - f258d114-ea47-4d12-8964-639f425ab8d0: shutdown f258d114-ea47-4d12-8964-639f425ab8d0@group-617FBAE04F80-FollowerState
2021-03-01 18:11:42,882 [grpc-default-executor-3] INFO  impl.RoleInfo (RoleInfo.java:updateAndGet(130)) - f258d114-ea47-4d12-8964-639f425ab8d0: start f258d114-ea47-4d12-8964-639f425ab8d0@group-617FBAE04F80-FollowerState
2021-03-01 18:11:42,882 [Thread-4370] INFO  impl.FollowerState (FollowerState.java:run(142)) - f258d114-ea47-4d12-8964-639f425ab8d0@group-617FBAE04F80-FollowerState was interrupted: {}
java.lang.InterruptedException: sleep interrupted
	at java.lang.Thread.sleep(Native Method)
	at java.lang.Thread.sleep(Thread.java:340)
	at java.util.concurrent.TimeUnit.sleep(TimeUnit.java:386)
	at org.apache.ratis.util.TimeDuration.sleep(TimeDuration.java:324)
	at org.apache.ratis.util.TimeDuration.sleep(TimeDuration.java:309)
	at org.apache.ratis.server.impl.FollowerState.run(FollowerState.java:117)
2021-03-01 18:11:42,887 [grpc-default-executor-6] INFO  server.RaftServer$Division (RaftServerImpl.java:requestVote(1025)) - a5a3f093-0768-4d4b-b08f-053c130678b3@group-617FBAE04F80: receive requestVote(ELECTION, 0f049040-6e0c-4cd4-a487-c7f09e7e4ba1, group-617FBAE04F80, 1, (t:0, i:0))
2021-03-01 18:11:42,887 [grpc-default-executor-6] INFO  impl.VoteContext (VoteContext.java:log(48)) - a5a3f093-0768-4d4b-b08f-053c130678b3@group-617FBAE04F80-FOLLOWER: accept ELECTION from 0f049040-6e0c-4cd4-a487-c7f09e7e4ba1: our priority 0 <= candidate's priority 0
2021-03-01 18:11:42,887 [grpc-default-executor-6] INFO  server.RaftServer$Division (RaftServerImpl.java:setRole(284)) - a5a3f093-0768-4d4b-b08f-053c130678b3@group-617FBAE04F80: changes role from  FOLLOWER to FOLLOWER at term 1 for candidate:0f049040-6e0c-4cd4-a487-c7f09e7e4ba1
2021-03-01 18:11:42,887 [grpc-default-executor-6] INFO  impl.RoleInfo (RoleInfo.java:shutdownFollowerState(108)) - a5a3f093-0768-4d4b-b08f-053c130678b3: shutdown a5a3f093-0768-4d4b-b08f-053c130678b3@group-617FBAE04F80-FollowerState
2021-03-01 18:11:42,887 [grpc-default-executor-6] INFO  impl.RoleInfo (RoleInfo.java:updateAndGet(130)) - a5a3f093-0768-4d4b-b08f-053c130678b3: start a5a3f093-0768-4d4b-b08f-053c130678b3@group-617FBAE04F80-FollowerState
2021-03-01 18:11:42,887 [Thread-4373] INFO  impl.FollowerState (FollowerState.java:run(142)) - a5a3f093-0768-4d4b-b08f-053c130678b3@group-617FBAE04F80-FollowerState was interrupted: {}
java.lang.InterruptedException: sleep interrupted
	at java.lang.Thread.sleep(Native Method)
	at java.lang.Thread.sleep(Thread.java:340)
	at java.util.concurrent.TimeUnit.sleep(TimeUnit.java:386)
	at org.apache.ratis.util.TimeDuration.sleep(TimeDuration.java:324)
	at org.apache.ratis.util.TimeDuration.sleep(TimeDuration.java:309)
	at org.apache.ratis.server.impl.FollowerState.run(FollowerState.java:117)
2021-03-01 18:11:42,888 [grpc-default-executor-3] INFO  server.RaftServer$Division (RaftServerImpl.java:requestVote(1057)) - f258d114-ea47-4d12-8964-639f425ab8d0@group-617FBAE04F80 replies to ELECTION vote request: 0f049040-6e0c-4cd4-a487-c7f09e7e4ba1<-f258d114-ea47-4d12-8964-639f425ab8d0#0:FAIL-t1. Peer's state: f258d114-ea47-4d12-8964-639f425ab8d0@group-617FBAE04F80:t1, leader=null, voted=null, raftlog=f258d114-ea47-4d12-8964-639f425ab8d0@group-617FBAE04F80-SegmentedRaftLog:OPENED:c-1,f-1,i0, conf=-1: [f258d114-ea47-4d12-8964-639f425ab8d0|rpc:172.17.0.2:45265|dataStream:|priority:1, a5a3f093-0768-4d4b-b08f-053c130678b3|rpc:172.17.0.2:40499|dataStream:|priority:0, 0f049040-6e0c-4cd4-a487-c7f09e7e4ba1|rpc:172.17.0.2:45527|dataStream:|priority:0], old=null
2021-03-01 18:11:42,892 [0f049040-6e0c-4cd4-a487-c7f09e7e4ba1@group-617FBAE04F80-LeaderElection202] INFO  impl.LeaderElection (LeaderElection.java:logAndReturn(89)) - 0f049040-6e0c-4cd4-a487-c7f09e7e4ba1@group-617FBAE04F80-LeaderElection202: ELECTION REJECTED received 1 response(s) and 0 exception(s):
2021-03-01 18:11:42,892 [0f049040-6e0c-4cd4-a487-c7f09e7e4ba1@group-617FBAE04F80-LeaderElection202] INFO  impl.LeaderElection (LeaderElection.java:logAndReturn(93)) -   Response 0: 0f049040-6e0c-4cd4-a487-c7f09e7e4ba1<-f258d114-ea47-4d12-8964-639f425ab8d0#0:FAIL-t1
2021-03-01 18:11:42,892 [0f049040-6e0c-4cd4-a487-c7f09e7e4ba1@group-617FBAE04F80-LeaderElection202] INFO  impl.LeaderElection (LeaderElection.java:askForVotes(309)) - 0f049040-6e0c-4cd4-a487-c7f09e7e4ba1@group-617FBAE04F80-LeaderElection202 ELECTION round 0: result REJECTED
2021-03-01 18:11:42,892 [0f049040-6e0c-4cd4-a487-c7f09e7e4ba1@group-617FBAE04F80-LeaderElection202] INFO  server.RaftServer$Division (RaftServerImpl.java:setRole(284)) - 0f049040-6e0c-4cd4-a487-c7f09e7e4ba1@group-617FBAE04F80: changes role from CANDIDATE to FOLLOWER at term 1 for REJECTED
2021-03-01 18:11:42,892 [0f049040-6e0c-4cd4-a487-c7f09e7e4ba1@group-617FBAE04F80-LeaderElection202] INFO  impl.RoleInfo (RoleInfo.java:shutdownLeaderElection(121)) - 0f049040-6e0c-4cd4-a487-c7f09e7e4ba1: shutdown 0f049040-6e0c-4cd4-a487-c7f09e7e4ba1@group-617FBAE04F80-LeaderElection202
2021-03-01 18:11:42,892 [0f049040-6e0c-4cd4-a487-c7f09e7e4ba1@group-617FBAE04F80-LeaderElection202] INFO  impl.RoleInfo (RoleInfo.java:updateAndGet(130)) - 0f049040-6e0c-4cd4-a487-c7f09e7e4ba1: start 0f049040-6e0c-4cd4-a487-c7f09e7e4ba1@group-617FBAE04F80-FollowerState
2021-03-01 18:11:42,893 [grpc-default-executor-6] INFO  server.RaftServer$Division (RaftServerImpl.java:requestVote(1057)) - a5a3f093-0768-4d4b-b08f-053c130678b3@group-617FBAE04F80 replies to ELECTION vote request: 0f049040-6e0c-4cd4-a487-c7f09e7e4ba1<-a5a3f093-0768-4d4b-b08f-053c130678b3#0:OK-t1. Peer's state: a5a3f093-0768-4d4b-b08f-053c130678b3@group-617FBAE04F80:t1, leader=null, voted=0f049040-6e0c-4cd4-a487-c7f09e7e4ba1, raftlog=a5a3f093-0768-4d4b-b08f-053c130678b3@group-617FBAE04F80-SegmentedRaftLog:OPENED:c-1,f-1,i0, conf=-1: [f258d114-ea47-4d12-8964-639f425ab8d0|rpc:172.17.0.2:45265|dataStream:|priority:1, a5a3f093-0768-4d4b-b08f-053c130678b3|rpc:172.17.0.2:40499|dataStream:|priority:0, 0f049040-6e0c-4cd4-a487-c7f09e7e4ba1|rpc:172.17.0.2:45527|dataStream:|priority:0], old=null
2021-03-01 18:11:42,900 [Thread-4369] INFO  impl.FollowerState (FollowerState.java:run(133)) - f258d114-ea47-4d12-8964-639f425ab8d0@group-C1D2D21887D4-FollowerState: change to CANDIDATE, lastRpcElapsedTime:5069423291ns, electionTimeout:5069ms
2021-03-01 18:11:42,901 [Thread-4369] INFO  impl.RoleInfo (RoleInfo.java:shutdownFollowerState(108)) - f258d114-ea47-4d12-8964-639f425ab8d0: shutdown f258d114-ea47-4d12-8964-639f425ab8d0@group-C1D2D21887D4-FollowerState
2021-03-01 18:11:42,901 [Thread-4369] INFO  server.RaftServer$Division (RaftServerImpl.java:setRole(284)) - f258d114-ea47-4d12-8964-639f425ab8d0@group-C1D2D21887D4: changes role from  FOLLOWER to CANDIDATE at term 0 for changeToCandidate
2021-03-01 18:11:42,901 [Thread-4369] INFO  server.RaftServerConfigKeys (ConfUtils.java:logGet(44)) - raft.server.leaderelection.pre-vote = false (custom)
2021-03-01 18:11:42,901 [Thread-4369] INFO  impl.RoleInfo (RoleInfo.java:updateAndGet(130)) - f258d114-ea47-4d12-8964-639f425ab8d0: start f258d114-ea47-4d12-8964-639f425ab8d0@group-C1D2D21887D4-LeaderElection203
2021-03-01 18:11:42,911 [f258d114-ea47-4d12-8964-639f425ab8d0@group-C1D2D21887D4-LeaderElection203] INFO  impl.LeaderElection (LeaderElection.java:askForVotes(307)) - f258d114-ea47-4d12-8964-639f425ab8d0@group-C1D2D21887D4-LeaderElection203 ELECTION round 0: submit vote requests at term 1 for -1: [f258d114-ea47-4d12-8964-639f425ab8d0|rpc:172.17.0.2:45265|priority:1], old=null
2021-03-01 18:11:42,912 [Listener at 127.0.0.1/41333] INFO  metrics.RatisMetrics (RatisMetrics.java:lambda$create$0(36)) - Creating Metrics Registry : ratis.client_message_metrics.client-5A1CA13B7BC3->a5a3f093-0768-4d4b-b08f-053c130678b3
2021-03-01 18:11:42,914 [f258d114-ea47-4d12-8964-639f425ab8d0@group-C1D2D21887D4-LeaderElection203] INFO  impl.LeaderElection (LeaderElection.java:askForVotes(309)) - f258d114-ea47-4d12-8964-639f425ab8d0@group-C1D2D21887D4-LeaderElection203 ELECTION round 0: result PASSED (term=1)
2021-03-01 18:11:42,916 [f258d114-ea47-4d12-8964-639f425ab8d0@group-C1D2D21887D4-LeaderElection203] INFO  impl.RoleInfo (RoleInfo.java:shutdownLeaderElection(121)) - f258d114-ea47-4d12-8964-639f425ab8d0: shutdown f258d114-ea47-4d12-8964-639f425ab8d0@group-C1D2D21887D4-LeaderElection203
2021-03-01 18:11:42,916 [f258d114-ea47-4d12-8964-639f425ab8d0@group-C1D2D21887D4-LeaderElection203] INFO  server.RaftServer$Division (RaftServerImpl.java:setRole(284)) - f258d114-ea47-4d12-8964-639f425ab8d0@group-C1D2D21887D4: changes role from CANDIDATE to LEADER at term 1 for changeToLeader
2021-03-01 18:11:42,916 [f258d114-ea47-4d12-8964-639f425ab8d0@group-C1D2D21887D4-LeaderElection203] INFO  ratis.XceiverServerRatis (XceiverServerRatis.java:handleLeaderChangedNotification(899)) - Leader change notification received for group: group-C1D2D21887D4 with new leaderId: f258d114-ea47-4d12-8964-639f425ab8d0
2021-03-01 18:11:42,920 [f258d114-ea47-4d12-8964-639f425ab8d0@group-C1D2D21887D4-LeaderElection203] INFO  server.RaftServer$Division (ServerState.java:setLeader(271)) - f258d114-ea47-4d12-8964-639f425ab8d0@group-C1D2D21887D4: change Leader from null to f258d114-ea47-4d12-8964-639f425ab8d0 at term 1 for becomeLeader, leader elected after 5106ms
2021-03-01 18:11:42,920 [f258d114-ea47-4d12-8964-639f425ab8d0@group-C1D2D21887D4-LeaderElection203] INFO  server.RaftServerConfigKeys (ConfUtils.java:logGet(44)) - raft.server.staging.catchup.gap = 1000 (default)
2021-03-01 18:11:42,923 [f258d114-ea47-4d12-8964-639f425ab8d0@group-C1D2D21887D4-LeaderElection203] INFO  metrics.RatisMetrics (RatisMetrics.java:lambda$create$0(36)) - Creating Metrics Registry : ratis.log_appender.f258d114-ea47-4d12-8964-639f425ab8d0@group-C1D2D21887D4
2021-03-01 18:11:42,924 [f258d114-ea47-4d12-8964-639f425ab8d0@group-C1D2D21887D4-LeaderElection203] INFO  server.RaftServerConfigKeys (ConfUtils.java:logGet(44)) - raft.server.write.element-limit = 1024 (custom)
2021-03-01 18:11:42,924 [f258d114-ea47-4d12-8964-639f425ab8d0@group-C1D2D21887D4-LeaderElection203] INFO  server.RaftServerConfigKeys (ConfUtils.java:logGet(44)) - raft.server.write.byte-limit = 1073741824 (custom)
2021-03-01 18:11:42,924 [f258d114-ea47-4d12-8964-639f425ab8d0@group-C1D2D21887D4-LeaderElection203] INFO  server.RaftServerConfigKeys (ConfUtils.java:logGet(44)) - raft.server.watch.timeout = 3000ms (custom)
2021-03-01 18:11:42,924 [f258d114-ea47-4d12-8964-639f425ab8d0@group-C1D2D21887D4-LeaderElection203] INFO  server.RaftServerConfigKeys (ConfUtils.java:logGet(44)) - raft.server.watch.timeout.denomination = 1s (default)
2021-03-01 18:11:42,924 [f258d114-ea47-4d12-8964-639f425ab8d0@group-C1D2D21887D4-LeaderElection203] INFO  server.RaftServerConfigKeys (ConfUtils.java:logGet(44)) - raft.server.watch.element-limit = 65536 (default)
2021-03-01 18:11:42,925 [f258d114-ea47-4d12-8964-639f425ab8d0@group-C1D2D21887D4-LeaderElection203] INFO  impl.RoleInfo (RoleInfo.java:updateAndGet(130)) - f258d114-ea47-4d12-8964-639f425ab8d0: start f258d114-ea47-4d12-8964-639f425ab8d0@group-C1D2D21887D4-LeaderStateImpl
2021-03-01 18:11:42,929 [f258d114-ea47-4d12-8964-639f425ab8d0@group-C1D2D21887D4-LeaderElection203] INFO  segmented.SegmentedRaftLogWorker (SegmentedRaftLogWorker.java:startLogSegment(392)) - f258d114-ea47-4d12-8964-639f425ab8d0@group-C1D2D21887D4-SegmentedRaftLogWorker: Starting segment from index:0
2021-03-01 18:11:42,935 [f258d114-ea47-4d12-8964-639f425ab8d0@group-C1D2D21887D4-LeaderElection203] INFO  server.RaftServer$Division (ServerState.java:setRaftConf(373)) - f258d114-ea47-4d12-8964-639f425ab8d0@group-C1D2D21887D4: set configuration 0: [f258d114-ea47-4d12-8964-639f425ab8d0|rpc:172.17.0.2:45265|dataStream:|priority:1], old=null
2021-03-01 18:11:42,936 [f258d114-ea47-4d12-8964-639f425ab8d0@group-C1D2D21887D4-SegmentedRaftLogWorker] INFO  segmented.SegmentedRaftLogWorker (SegmentedRaftLogWorker.java:execute(599)) - f258d114-ea47-4d12-8964-639f425ab8d0@group-C1D2D21887D4-SegmentedRaftLogWorker: created new log segment /github/workspace/mnt/ozone/hadoop-ozone/integration-test/target/test-dir/MiniOzoneClusterImpl-5b5774a2-bf3c-4723-a113-e238e3f8131c/datanode-1/data/ratis/625e2d19-b980-4c0a-8209-c1d2d21887d4/current/log_inprogress_0
2021-03-01 18:11:43,012 [Thread-4376] INFO  impl.FollowerState (FollowerState.java:run(133)) - a5a3f093-0768-4d4b-b08f-053c130678b3@group-23AF959E1599-FollowerState: change to CANDIDATE, lastRpcElapsedTime:5007336614ns, electionTimeout:5007ms
2021-03-01 18:11:43,013 [Thread-4376] INFO  impl.RoleInfo (RoleInfo.java:shutdownFollowerState(108)) - a5a3f093-0768-4d4b-b08f-053c130678b3: shutdown a5a3f093-0768-4d4b-b08f-053c130678b3@group-23AF959E1599-FollowerState
2021-03-01 18:11:43,013 [Thread-4376] INFO  server.RaftServer$Division (RaftServerImpl.java:setRole(284)) - a5a3f093-0768-4d4b-b08f-053c130678b3@group-23AF959E1599: changes role from  FOLLOWER to CANDIDATE at term 0 for changeToCandidate
2021-03-01 18:11:43,013 [Thread-4376] INFO  server.RaftServerConfigKeys (ConfUtils.java:logGet(44)) - raft.server.leaderelection.pre-vote = false (custom)
2021-03-01 18:11:43,013 [Thread-4376] INFO  impl.RoleInfo (RoleInfo.java:updateAndGet(130)) - a5a3f093-0768-4d4b-b08f-053c130678b3: start a5a3f093-0768-4d4b-b08f-053c130678b3@group-23AF959E1599-LeaderElection204
2021-03-01 18:11:43,016 [a5a3f093-0768-4d4b-b08f-053c130678b3@group-23AF959E1599-LeaderElection204] INFO  impl.LeaderElection (LeaderElection.java:askForVotes(307)) - a5a3f093-0768-4d4b-b08f-053c130678b3@group-23AF959E1599-LeaderElection204 ELECTION round 0: submit vote requests at term 1 for -1: [a5a3f093-0768-4d4b-b08f-053c130678b3|rpc:172.17.0.2:40499|priority:1], old=null
2021-03-01 18:11:43,016 [a5a3f093-0768-4d4b-b08f-053c130678b3@group-23AF959E1599-LeaderElection204] INFO  impl.LeaderElection (LeaderElection.java:askForVotes(309)) - a5a3f093-0768-4d4b-b08f-053c130678b3@group-23AF959E1599-LeaderElection204 ELECTION round 0: result PASSED (term=1)
2021-03-01 18:11:43,016 [a5a3f093-0768-4d4b-b08f-053c130678b3@group-23AF959E1599-LeaderElection204] INFO  impl.RoleInfo (RoleInfo.java:shutdownLeaderElection(121)) - a5a3f093-0768-4d4b-b08f-053c130678b3: shutdown a5a3f093-0768-4d4b-b08f-053c130678b3@group-23AF959E1599-LeaderElection204
2021-03-01 18:11:43,016 [a5a3f093-0768-4d4b-b08f-053c130678b3@group-23AF959E1599-LeaderElection204] INFO  server.RaftServer$Division (RaftServerImpl.java:setRole(284)) - a5a3f093-0768-4d4b-b08f-053c130678b3@group-23AF959E1599: changes role from CANDIDATE to LEADER at term 1 for changeToLeader
2021-03-01 18:11:43,016 [a5a3f093-0768-4d4b-b08f-053c130678b3@group-23AF959E1599-LeaderElection204] INFO  ratis.XceiverServerRatis (XceiverServerRatis.java:handleLeaderChangedNotification(899)) - Leader change notification received for group: group-23AF959E1599 with new leaderId: a5a3f093-0768-4d4b-b08f-053c130678b3
2021-03-01 18:11:43,016 [a5a3f093-0768-4d4b-b08f-053c130678b3@group-23AF959E1599-LeaderElection204] INFO  server.RaftServer$Division (ServerState.java:setLeader(271)) - a5a3f093-0768-4d4b-b08f-053c130678b3@group-23AF959E1599: change Leader from null to a5a3f093-0768-4d4b-b08f-053c130678b3 at term 1 for becomeLeader, leader elected after 5019ms
2021-03-01 18:11:43,016 [a5a3f093-0768-4d4b-b08f-053c130678b3@group-23AF959E1599-LeaderElection204] INFO  server.RaftServerConfigKeys (ConfUtils.java:logGet(44)) - raft.server.staging.catchup.gap = 1000 (default)
2021-03-01 18:11:43,016 [a5a3f093-0768-4d4b-b08f-053c130678b3@group-23AF959E1599-LeaderElection204] INFO  metrics.RatisMetrics (RatisMetrics.java:lambda$create$0(36)) - Creating Metrics Registry : ratis.log_appender.a5a3f093-0768-4d4b-b08f-053c130678b3@group-23AF959E1599
2021-03-01 18:11:43,017 [a5a3f093-0768-4d4b-b08f-053c130678b3@group-23AF959E1599-LeaderElection204] INFO  server.RaftServerConfigKeys (ConfUtils.java:logGet(44)) - raft.server.write.element-limit = 1024 (custom)
2021-03-01 18:11:43,017 [a5a3f093-0768-4d4b-b08f-053c130678b3@group-23AF959E1599-LeaderElection204] INFO  server.RaftServerConfigKeys (ConfUtils.java:logGet(44)) - raft.server.write.byte-limit = 1073741824 (custom)
2021-03-01 18:11:43,017 [a5a3f093-0768-4d4b-b08f-053c130678b3@group-23AF959E1599-LeaderElection204] INFO  server.RaftServerConfigKeys (ConfUtils.java:logGet(44)) - raft.server.watch.timeout = 3000ms (custom)
2021-03-01 18:11:43,017 [a5a3f093-0768-4d4b-b08f-053c130678b3@group-23AF959E1599-LeaderElection204] INFO  server.RaftServerConfigKeys (ConfUtils.java:logGet(44)) - raft.server.watch.timeout.denomination = 1s (default)
2021-03-01 18:11:43,017 [a5a3f093-0768-4d4b-b08f-053c130678b3@group-23AF959E1599-LeaderElection204] INFO  server.RaftServerConfigKeys (ConfUtils.java:logGet(44)) - raft.server.watch.element-limit = 65536 (default)
2021-03-01 18:11:43,017 [a5a3f093-0768-4d4b-b08f-053c130678b3@group-23AF959E1599-LeaderElection204] INFO  impl.RoleInfo (RoleInfo.java:updateAndGet(130)) - a5a3f093-0768-4d4b-b08f-053c130678b3: start a5a3f093-0768-4d4b-b08f-053c130678b3@group-23AF959E1599-LeaderStateImpl
2021-03-01 18:11:43,018 [a5a3f093-0768-4d4b-b08f-053c130678b3@group-23AF959E1599-LeaderElection204] INFO  segmented.SegmentedRaftLogWorker (SegmentedRaftLogWorker.java:startLogSegment(392)) - a5a3f093-0768-4d4b-b08f-053c130678b3@group-23AF959E1599-SegmentedRaftLogWorker: Starting segment from index:0
2021-03-01 18:11:43,019 [a5a3f093-0768-4d4b-b08f-053c130678b3@group-23AF959E1599-SegmentedRaftLogWorker] INFO  segmented.SegmentedRaftLogWorker (SegmentedRaftLogWorker.java:execute(599)) - a5a3f093-0768-4d4b-b08f-053c130678b3@group-23AF959E1599-SegmentedRaftLogWorker: created new log segment /github/workspace/mnt/ozone/hadoop-ozone/integration-test/target/test-dir/MiniOzoneClusterImpl-5b5774a2-bf3c-4723-a113-e238e3f8131c/datanode-2/data/ratis/bada6328-bb35-467d-beb6-23af959e1599/current/log_inprogress_0
2021-03-01 18:11:43,020 [a5a3f093-0768-4d4b-b08f-053c130678b3@group-23AF959E1599-LeaderElection204] INFO  server.RaftServer$Division (ServerState.java:setRaftConf(373)) - a5a3f093-0768-4d4b-b08f-053c130678b3@group-23AF959E1599: set configuration 0: [a5a3f093-0768-4d4b-b08f-053c130678b3|rpc:172.17.0.2:40499|dataStream:|priority:1], old=null
2021-03-01 18:11:43,247 [Thread-4378] INFO  impl.FollowerState (FollowerState.java:run(133)) - ca5fd955-873f-4bac-9f2a-538d93af5c77@group-124E35EA2158-FollowerState: change to CANDIDATE, lastRpcElapsedTime:5067356277ns, electionTimeout:5067ms
2021-03-01 18:11:43,247 [Thread-4378] INFO  impl.RoleInfo (RoleInfo.java:shutdownFollowerState(108)) - ca5fd955-873f-4bac-9f2a-538d93af5c77: shutdown ca5fd955-873f-4bac-9f2a-538d93af5c77@group-124E35EA2158-FollowerState
2021-03-01 18:11:43,247 [Thread-4378] INFO  server.RaftServer$Division (RaftServerImpl.java:setRole(284)) - ca5fd955-873f-4bac-9f2a-538d93af5c77@group-124E35EA2158: changes role from  FOLLOWER to CANDIDATE at term 0 for changeToCandidate
2021-03-01 18:11:43,248 [Thread-4378] INFO  server.RaftServerConfigKeys (ConfUtils.java:logGet(44)) - raft.server.leaderelection.pre-vote = false (custom)
2021-03-01 18:11:43,248 [Thread-4378] INFO  impl.RoleInfo (RoleInfo.java:updateAndGet(130)) - ca5fd955-873f-4bac-9f2a-538d93af5c77: start ca5fd955-873f-4bac-9f2a-538d93af5c77@group-124E35EA2158-LeaderElection205
2021-03-01 18:11:43,251 [ca5fd955-873f-4bac-9f2a-538d93af5c77@group-124E35EA2158-LeaderElection205] INFO  impl.LeaderElection (LeaderElection.java:askForVotes(307)) - ca5fd955-873f-4bac-9f2a-538d93af5c77@group-124E35EA2158-LeaderElection205 ELECTION round 0: submit vote requests at term 1 for -1: [ca5fd955-873f-4bac-9f2a-538d93af5c77|rpc:172.17.0.2:36703|priority:1], old=null
2021-03-01 18:11:43,251 [ca5fd955-873f-4bac-9f2a-538d93af5c77@group-124E35EA2158-LeaderElection205] INFO  impl.LeaderElection (LeaderElection.java:askForVotes(309)) - ca5fd955-873f-4bac-9f2a-538d93af5c77@group-124E35EA2158-LeaderElection205 ELECTION round 0: result PASSED (term=1)
2021-03-01 18:11:43,251 [ca5fd955-873f-4bac-9f2a-538d93af5c77@group-124E35EA2158-LeaderElection205] INFO  impl.RoleInfo (RoleInfo.java:shutdownLeaderElection(121)) - ca5fd955-873f-4bac-9f2a-538d93af5c77: shutdown ca5fd955-873f-4bac-9f2a-538d93af5c77@group-124E35EA2158-LeaderElection205
2021-03-01 18:11:43,251 [ca5fd955-873f-4bac-9f2a-538d93af5c77@group-124E35EA2158-LeaderElection205] INFO  server.RaftServer$Division (RaftServerImpl.java:setRole(284)) - ca5fd955-873f-4bac-9f2a-538d93af5c77@group-124E35EA2158: changes role from CANDIDATE to LEADER at term 1 for changeToLeader
2021-03-01 18:11:43,251 [ca5fd955-873f-4bac-9f2a-538d93af5c77@group-124E35EA2158-LeaderElection205] INFO  ratis.XceiverServerRatis (XceiverServerRatis.java:handleLeaderChangedNotification(899)) - Leader change notification received for group: group-124E35EA2158 with new leaderId: ca5fd955-873f-4bac-9f2a-538d93af5c77
2021-03-01 18:11:43,251 [ca5fd955-873f-4bac-9f2a-538d93af5c77@group-124E35EA2158-LeaderElection205] INFO  server.RaftServer$Division (ServerState.java:setLeader(271)) - ca5fd955-873f-4bac-9f2a-538d93af5c77@group-124E35EA2158: change Leader from null to ca5fd955-873f-4bac-9f2a-538d93af5c77 at term 1 for becomeLeader, leader elected after 5081ms
2021-03-01 18:11:43,251 [ca5fd955-873f-4bac-9f2a-538d93af5c77@group-124E35EA2158-LeaderElection205] INFO  server.RaftServerConfigKeys (ConfUtils.java:logGet(44)) - raft.server.staging.catchup.gap = 1000 (default)
2021-03-01 18:11:43,251 [ca5fd955-873f-4bac-9f2a-538d93af5c77@group-124E35EA2158-LeaderElection205] INFO  metrics.RatisMetrics (RatisMetrics.java:lambda$create$0(36)) - Creating Metrics Registry : ratis.log_appender.ca5fd955-873f-4bac-9f2a-538d93af5c77@group-124E35EA2158
2021-03-01 18:11:43,252 [ca5fd955-873f-4bac-9f2a-538d93af5c77@group-124E35EA2158-LeaderElection205] INFO  server.RaftServerConfigKeys (ConfUtils.java:logGet(44)) - raft.server.write.element-limit = 1024 (custom)
2021-03-01 18:11:43,252 [ca5fd955-873f-4bac-9f2a-538d93af5c77@group-124E35EA2158-LeaderElection205] INFO  server.RaftServerConfigKeys (ConfUtils.java:logGet(44)) - raft.server.write.byte-limit = 1073741824 (custom)
2021-03-01 18:11:43,252 [ca5fd955-873f-4bac-9f2a-538d93af5c77@group-124E35EA2158-LeaderElection205] INFO  server.RaftServerConfigKeys (ConfUtils.java:logGet(44)) - raft.server.watch.timeout = 3000ms (custom)
2021-03-01 18:11:43,253 [ca5fd955-873f-4bac-9f2a-538d93af5c77@group-124E35EA2158-LeaderElection205] INFO  server.RaftServerConfigKeys (ConfUtils.java:logGet(44)) - raft.server.watch.timeout.denomination = 1s (default)
2021-03-01 18:11:43,253 [ca5fd955-873f-4bac-9f2a-538d93af5c77@group-124E35EA2158-LeaderElection205] INFO  server.RaftServerConfigKeys (ConfUtils.java:logGet(44)) - raft.server.watch.element-limit = 65536 (default)
2021-03-01 18:11:43,253 [ca5fd955-873f-4bac-9f2a-538d93af5c77@group-124E35EA2158-LeaderElection205] INFO  impl.RoleInfo (RoleInfo.java:updateAndGet(130)) - ca5fd955-873f-4bac-9f2a-538d93af5c77: start ca5fd955-873f-4bac-9f2a-538d93af5c77@group-124E35EA2158-LeaderStateImpl
2021-03-01 18:11:43,253 [ca5fd955-873f-4bac-9f2a-538d93af5c77@group-124E35EA2158-LeaderElection205] INFO  segmented.SegmentedRaftLogWorker (SegmentedRaftLogWorker.java:startLogSegment(392)) - ca5fd955-873f-4bac-9f2a-538d93af5c77@group-124E35EA2158-SegmentedRaftLogWorker: Starting segment from index:0
2021-03-01 18:11:43,254 [ca5fd955-873f-4bac-9f2a-538d93af5c77@group-124E35EA2158-SegmentedRaftLogWorker] INFO  segmented.SegmentedRaftLogWorker (SegmentedRaftLogWorker.java:execute(599)) - ca5fd955-873f-4bac-9f2a-538d93af5c77@group-124E35EA2158-SegmentedRaftLogWorker: created new log segment /github/workspace/mnt/ozone/hadoop-ozone/integration-test/target/test-dir/MiniOzoneClusterImpl-5b5774a2-bf3c-4723-a113-e238e3f8131c/datanode-3/data/ratis/1319189b-64a6-42c0-a324-124e35ea2158/current/log_inprogress_0
2021-03-01 18:11:43,255 [ca5fd955-873f-4bac-9f2a-538d93af5c77@group-124E35EA2158-LeaderElection205] INFO  server.RaftServer$Division (ServerState.java:setRaftConf(373)) - ca5fd955-873f-4bac-9f2a-538d93af5c77@group-124E35EA2158: set configuration 0: [ca5fd955-873f-4bac-9f2a-538d93af5c77|rpc:172.17.0.2:36703|dataStream:|priority:1], old=null
2021-03-01 18:11:43,260 [Thread-4380] INFO  impl.FollowerState (FollowerState.java:run(133)) - ca5fd955-873f-4bac-9f2a-538d93af5c77@group-3E8CA9905F22-FollowerState: change to CANDIDATE, lastRpcElapsedTime:5067374177ns, electionTimeout:5067ms
2021-03-01 18:11:43,260 [Thread-4380] INFO  impl.RoleInfo (RoleInfo.java:shutdownFollowerState(108)) - ca5fd955-873f-4bac-9f2a-538d93af5c77: shutdown ca5fd955-873f-4bac-9f2a-538d93af5c77@group-3E8CA9905F22-FollowerState
2021-03-01 18:11:43,260 [Thread-4380] INFO  server.RaftServer$Division (RaftServerImpl.java:setRole(284)) - ca5fd955-873f-4bac-9f2a-538d93af5c77@group-3E8CA9905F22: changes role from  FOLLOWER to CANDIDATE at term 0 for changeToCandidate
2021-03-01 18:11:43,260 [Thread-4380] INFO  server.RaftServerConfigKeys (ConfUtils.java:logGet(44)) - raft.server.leaderelection.pre-vote = false (custom)
2021-03-01 18:11:43,261 [Thread-4380] INFO  impl.RoleInfo (RoleInfo.java:updateAndGet(130)) - ca5fd955-873f-4bac-9f2a-538d93af5c77: start ca5fd955-873f-4bac-9f2a-538d93af5c77@group-3E8CA9905F22-LeaderElection206
2021-03-01 18:11:43,263 [ca5fd955-873f-4bac-9f2a-538d93af5c77@group-3E8CA9905F22-LeaderElection206] INFO  impl.LeaderElection (LeaderElection.java:askForVotes(307)) - ca5fd955-873f-4bac-9f2a-538d93af5c77@group-3E8CA9905F22-LeaderElection206 ELECTION round 0: submit vote requests at term 1 for -1: [b303f36a-f963-4721-9f7a-b5e9e54e4468|rpc:172.17.0.2:32969|priority:0, a7136ecb-4465-4bae-b158-9cfc61718915|rpc:172.17.0.2:42023|priority:1, ca5fd955-873f-4bac-9f2a-538d93af5c77|rpc:172.17.0.2:36703|priority:0], old=null
2021-03-01 18:11:43,267 [grpc-default-executor-3] INFO  server.RaftServer$Division (RaftServerImpl.java:requestVote(1025)) - b303f36a-f963-4721-9f7a-b5e9e54e4468@group-3E8CA9905F22: receive requestVote(ELECTION, ca5fd955-873f-4bac-9f2a-538d93af5c77, group-3E8CA9905F22, 1, (t:0, i:0))
2021-03-01 18:11:43,268 [grpc-default-executor-3] INFO  impl.VoteContext (VoteContext.java:log(48)) - b303f36a-f963-4721-9f7a-b5e9e54e4468@group-3E8CA9905F22-FOLLOWER: accept ELECTION from ca5fd955-873f-4bac-9f2a-538d93af5c77: our priority 0 <= candidate's priority 0
2021-03-01 18:11:43,268 [grpc-default-executor-3] INFO  server.RaftServer$Division (RaftServerImpl.java:setRole(284)) - b303f36a-f963-4721-9f7a-b5e9e54e4468@group-3E8CA9905F22: changes role from  FOLLOWER to FOLLOWER at term 1 for candidate:ca5fd955-873f-4bac-9f2a-538d93af5c77
2021-03-01 18:11:43,268 [grpc-default-executor-3] INFO  impl.RoleInfo (RoleInfo.java:shutdownFollowerState(108)) - b303f36a-f963-4721-9f7a-b5e9e54e4468: shutdown b303f36a-f963-4721-9f7a-b5e9e54e4468@group-3E8CA9905F22-FollowerState
2021-03-01 18:11:43,268 [grpc-default-executor-3] INFO  impl.RoleInfo (RoleInfo.java:updateAndGet(130)) - b303f36a-f963-4721-9f7a-b5e9e54e4468: start b303f36a-f963-4721-9f7a-b5e9e54e4468@group-3E8CA9905F22-FollowerState
2021-03-01 18:11:43,268 [Thread-4382] INFO  impl.FollowerState (FollowerState.java:run(142)) - b303f36a-f963-4721-9f7a-b5e9e54e4468@group-3E8CA9905F22-FollowerState was interrupted: {}
java.lang.InterruptedException: sleep interrupted
	at java.lang.Thread.sleep(Native Method)
	at java.lang.Thread.sleep(Thread.java:340)
	at java.util.concurrent.TimeUnit.sleep(TimeUnit.java:386)
	at org.apache.ratis.util.TimeDuration.sleep(TimeDuration.java:324)
	at org.apache.ratis.util.TimeDuration.sleep(TimeDuration.java:309)
	at org.apache.ratis.server.impl.FollowerState.run(FollowerState.java:117)
2021-03-01 18:11:43,268 [grpc-default-executor-6] INFO  server.RaftServer$Division (RaftServerImpl.java:requestVote(1025)) - a7136ecb-4465-4bae-b158-9cfc61718915@group-3E8CA9905F22: receive requestVote(ELECTION, ca5fd955-873f-4bac-9f2a-538d93af5c77, group-3E8CA9905F22, 1, (t:0, i:0))
2021-03-01 18:11:43,268 [grpc-default-executor-6] INFO  impl.VoteContext (VoteContext.java:log(48)) - a7136ecb-4465-4bae-b158-9cfc61718915@group-3E8CA9905F22-FOLLOWER: reject ELECTION from ca5fd955-873f-4bac-9f2a-538d93af5c77: our priority 1 > candidate's priority 0
2021-03-01 18:11:43,268 [grpc-default-executor-6] INFO  server.RaftServer$Division (RaftServerImpl.java:setRole(284)) - a7136ecb-4465-4bae-b158-9cfc61718915@group-3E8CA9905F22: changes role from  FOLLOWER to FOLLOWER at term 1 for candidate:ca5fd955-873f-4bac-9f2a-538d93af5c77
2021-03-01 18:11:43,268 [grpc-default-executor-6] INFO  impl.RoleInfo (RoleInfo.java:shutdownFollowerState(108)) - a7136ecb-4465-4bae-b158-9cfc61718915: shutdown a7136ecb-4465-4bae-b158-9cfc61718915@group-3E8CA9905F22-FollowerState
2021-03-01 18:11:43,268 [grpc-default-executor-6] INFO  impl.RoleInfo (RoleInfo.java:updateAndGet(130)) - a7136ecb-4465-4bae-b158-9cfc61718915: start a7136ecb-4465-4bae-b158-9cfc61718915@group-3E8CA9905F22-FollowerState
2021-03-01 18:11:43,268 [Thread-4385] INFO  impl.FollowerState (FollowerState.java:run(142)) - a7136ecb-4465-4bae-b158-9cfc61718915@group-3E8CA9905F22-FollowerState was interrupted: {}
java.lang.InterruptedException: sleep interrupted
	at java.lang.Thread.sleep(Native Method)
	at java.lang.Thread.sleep(Thread.java:340)
	at java.util.concurrent.TimeUnit.sleep(TimeUnit.java:386)
	at org.apache.ratis.util.TimeDuration.sleep(TimeDuration.java:324)
	at org.apache.ratis.util.TimeDuration.sleep(TimeDuration.java:309)
	at org.apache.ratis.server.impl.FollowerState.run(FollowerState.java:117)
2021-03-01 18:11:43,269 [grpc-default-executor-3] INFO  server.RaftServer$Division (RaftServerImpl.java:requestVote(1057)) - b303f36a-f963-4721-9f7a-b5e9e54e4468@group-3E8CA9905F22 replies to ELECTION vote request: ca5fd955-873f-4bac-9f2a-538d93af5c77<-b303f36a-f963-4721-9f7a-b5e9e54e4468#0:OK-t1. Peer's state: b303f36a-f963-4721-9f7a-b5e9e54e4468@group-3E8CA9905F22:t1, leader=null, voted=ca5fd955-873f-4bac-9f2a-538d93af5c77, raftlog=b303f36a-f963-4721-9f7a-b5e9e54e4468@group-3E8CA9905F22-SegmentedRaftLog:OPENED:c-1,f-1,i0, conf=-1: [b303f36a-f963-4721-9f7a-b5e9e54e4468|rpc:172.17.0.2:32969|dataStream:|priority:0, a7136ecb-4465-4bae-b158-9cfc61718915|rpc:172.17.0.2:42023|dataStream:|priority:1, ca5fd955-873f-4bac-9f2a-538d93af5c77|rpc:172.17.0.2:36703|dataStream:|priority:0], old=null
2021-03-01 18:11:43,271 [grpc-default-executor-6] INFO  server.RaftServer$Division (RaftServerImpl.java:requestVote(1057)) - a7136ecb-4465-4bae-b158-9cfc61718915@group-3E8CA9905F22 replies to ELECTION vote request: ca5fd955-873f-4bac-9f2a-538d93af5c77<-a7136ecb-4465-4bae-b158-9cfc61718915#0:FAIL-t1. Peer's state: a7136ecb-4465-4bae-b158-9cfc61718915@group-3E8CA9905F22:t1, leader=null, voted=null, raftlog=a7136ecb-4465-4bae-b158-9cfc61718915@group-3E8CA9905F22-SegmentedRaftLog:OPENED:c-1,f-1,i0, conf=-1: [b303f36a-f963-4721-9f7a-b5e9e54e4468|rpc:172.17.0.2:32969|dataStream:|priority:0, a7136ecb-4465-4bae-b158-9cfc61718915|rpc:172.17.0.2:42023|dataStream:|priority:1, ca5fd955-873f-4bac-9f2a-538d93af5c77|rpc:172.17.0.2:36703|dataStream:|priority:0], old=null
2021-03-01 18:11:43,272 [ca5fd955-873f-4bac-9f2a-538d93af5c77@group-3E8CA9905F22-LeaderElection206] INFO  impl.LeaderElection (LeaderElection.java:logAndReturn(89)) - ca5fd955-873f-4bac-9f2a-538d93af5c77@group-3E8CA9905F22-LeaderElection206: ELECTION REJECTED received 2 response(s) and 0 exception(s):
2021-03-01 18:11:43,273 [ca5fd955-873f-4bac-9f2a-538d93af5c77@group-3E8CA9905F22-LeaderElection206] INFO  impl.LeaderElection (LeaderElection.java:logAndReturn(93)) -   Response 0: ca5fd955-873f-4bac-9f2a-538d93af5c77<-b303f36a-f963-4721-9f7a-b5e9e54e4468#0:OK-t1
2021-03-01 18:11:43,273 [ca5fd955-873f-4bac-9f2a-538d93af5c77@group-3E8CA9905F22-LeaderElection206] INFO  impl.LeaderElection (LeaderElection.java:logAndReturn(93)) -   Response 1: ca5fd955-873f-4bac-9f2a-538d93af5c77<-a7136ecb-4465-4bae-b158-9cfc61718915#0:FAIL-t1
2021-03-01 18:11:43,273 [ca5fd955-873f-4bac-9f2a-538d93af5c77@group-3E8CA9905F22-LeaderElection206] INFO  impl.LeaderElection (LeaderElection.java:askForVotes(309)) - ca5fd955-873f-4bac-9f2a-538d93af5c77@group-3E8CA9905F22-LeaderElection206 ELECTION round 0: result REJECTED
2021-03-01 18:11:43,273 [ca5fd955-873f-4bac-9f2a-538d93af5c77@group-3E8CA9905F22-LeaderElection206] INFO  server.RaftServer$Division (RaftServerImpl.java:setRole(284)) - ca5fd955-873f-4bac-9f2a-538d93af5c77@group-3E8CA9905F22: changes role from CANDIDATE to FOLLOWER at term 1 for REJECTED
2021-03-01 18:11:43,273 [ca5fd955-873f-4bac-9f2a-538d93af5c77@group-3E8CA9905F22-LeaderElection206] INFO  impl.RoleInfo (RoleInfo.java:shutdownLeaderElection(121)) - ca5fd955-873f-4bac-9f2a-538d93af5c77: shutdown ca5fd955-873f-4bac-9f2a-538d93af5c77@group-3E8CA9905F22-LeaderElection206
2021-03-01 18:11:43,273 [ca5fd955-873f-4bac-9f2a-538d93af5c77@group-3E8CA9905F22-LeaderElection206] INFO  impl.RoleInfo (RoleInfo.java:updateAndGet(130)) - ca5fd955-873f-4bac-9f2a-538d93af5c77: start ca5fd955-873f-4bac-9f2a-538d93af5c77@group-3E8CA9905F22-FollowerState
2021-03-01 18:11:43,339 [Thread-4398] INFO  impl.FollowerState (FollowerState.java:run(133)) - a7136ecb-4465-4bae-b158-9cfc61718915@group-6F3B09D344DD-FollowerState: change to CANDIDATE, lastRpcElapsedTime:5004947999ns, electionTimeout:5003ms
2021-03-01 18:11:43,339 [Thread-4398] INFO  impl.RoleInfo (RoleInfo.java:shutdownFollowerState(108)) - a7136ecb-4465-4bae-b158-9cfc61718915: shutdown a7136ecb-4465-4bae-b158-9cfc61718915@group-6F3B09D344DD-FollowerState
2021-03-01 18:11:43,339 [Thread-4398] INFO  server.RaftServer$Division (RaftServerImpl.java:setRole(284)) - a7136ecb-4465-4bae-b158-9cfc61718915@group-6F3B09D344DD: changes role from  FOLLOWER to CANDIDATE at term 0 for changeToCandidate
2021-03-01 18:11:43,341 [Thread-4398] INFO  server.RaftServerConfigKeys (ConfUtils.java:logGet(44)) - raft.server.leaderelection.pre-vote = false (custom)
2021-03-01 18:11:43,341 [Thread-4398] INFO  impl.RoleInfo (RoleInfo.java:updateAndGet(130)) - a7136ecb-4465-4bae-b158-9cfc61718915: start a7136ecb-4465-4bae-b158-9cfc61718915@group-6F3B09D344DD-LeaderElection207
2021-03-01 18:11:43,343 [a7136ecb-4465-4bae-b158-9cfc61718915@group-6F3B09D344DD-LeaderElection207] INFO  impl.LeaderElection (LeaderElection.java:askForVotes(307)) - a7136ecb-4465-4bae-b158-9cfc61718915@group-6F3B09D344DD-LeaderElection207 ELECTION round 0: submit vote requests at term 1 for -1: [b303f36a-f963-4721-9f7a-b5e9e54e4468|rpc:172.17.0.2:32969|dataStream:|priority:1, a7136ecb-4465-4bae-b158-9cfc61718915|rpc:172.17.0.2:42023|dataStream:|priority:0, ca5fd955-873f-4bac-9f2a-538d93af5c77|rpc:172.17.0.2:36703|dataStream:|priority:0], old=null
2021-03-01 18:11:43,350 [grpc-default-executor-3] INFO  server.RaftServer$Division (RaftServerImpl.java:requestVote(1025)) - b303f36a-f963-4721-9f7a-b5e9e54e4468@group-6F3B09D344DD: receive requestVote(ELECTION, a7136ecb-4465-4bae-b158-9cfc61718915, group-6F3B09D344DD, 1, (t:0, i:0))
2021-03-01 18:11:43,350 [grpc-default-executor-3] INFO  impl.VoteContext (VoteContext.java:log(48)) - b303f36a-f963-4721-9f7a-b5e9e54e4468@group-6F3B09D344DD-FOLLOWER: reject ELECTION from a7136ecb-4465-4bae-b158-9cfc61718915: our priority 1 > candidate's priority 0
2021-03-01 18:11:43,352 [grpc-default-executor-3] INFO  server.RaftServer$Division (RaftServerImpl.java:setRole(284)) - b303f36a-f963-4721-9f7a-b5e9e54e4468@group-6F3B09D344DD: changes role from  FOLLOWER to FOLLOWER at term 1 for candidate:a7136ecb-4465-4bae-b158-9cfc61718915
2021-03-01 18:11:43,352 [grpc-default-executor-3] INFO  impl.RoleInfo (RoleInfo.java:shutdownFollowerState(108)) - b303f36a-f963-4721-9f7a-b5e9e54e4468: shutdown b303f36a-f963-4721-9f7a-b5e9e54e4468@group-6F3B09D344DD-FollowerState
2021-03-01 18:11:43,352 [grpc-default-executor-3] INFO  impl.RoleInfo (RoleInfo.java:updateAndGet(130)) - b303f36a-f963-4721-9f7a-b5e9e54e4468: start b303f36a-f963-4721-9f7a-b5e9e54e4468@group-6F3B09D344DD-FollowerState
2021-03-01 18:11:43,352 [Thread-4401] INFO  impl.FollowerState (FollowerState.java:run(142)) - b303f36a-f963-4721-9f7a-b5e9e54e4468@group-6F3B09D344DD-FollowerState was interrupted: {}
java.lang.InterruptedException: sleep interrupted
	at java.lang.Thread.sleep(Native Method)
	at java.lang.Thread.sleep(Thread.java:340)
	at java.util.concurrent.TimeUnit.sleep(TimeUnit.java:386)
	at org.apache.ratis.util.TimeDuration.sleep(TimeDuration.java:324)
	at org.apache.ratis.util.TimeDuration.sleep(TimeDuration.java:309)
	at org.apache.ratis.server.impl.FollowerState.run(FollowerState.java:117)
2021-03-01 18:11:43,354 [grpc-default-executor-6] INFO  metrics.RatisMetrics (RatisMetrics.java:lambda$create$0(36)) - Creating Metrics Registry : ratis.server_message_metrics.ca5fd955-873f-4bac-9f2a-538d93af5c77
2021-03-01 18:11:43,354 [grpc-default-executor-3] INFO  server.RaftServer$Division (RaftServerImpl.java:requestVote(1057)) - b303f36a-f963-4721-9f7a-b5e9e54e4468@group-6F3B09D344DD replies to ELECTION vote request: a7136ecb-4465-4bae-b158-9cfc61718915<-b303f36a-f963-4721-9f7a-b5e9e54e4468#0:FAIL-t1. Peer's state: b303f36a-f963-4721-9f7a-b5e9e54e4468@group-6F3B09D344DD:t1, leader=null, voted=null, raftlog=b303f36a-f963-4721-9f7a-b5e9e54e4468@group-6F3B09D344DD-SegmentedRaftLog:OPENED:c-1,f-1,i0, conf=-1: [b303f36a-f963-4721-9f7a-b5e9e54e4468|rpc:172.17.0.2:32969|dataStream:|priority:1, a7136ecb-4465-4bae-b158-9cfc61718915|rpc:172.17.0.2:42023|dataStream:|priority:0, ca5fd955-873f-4bac-9f2a-538d93af5c77|rpc:172.17.0.2:36703|dataStream:|priority:0], old=null
2021-03-01 18:11:43,355 [a7136ecb-4465-4bae-b158-9cfc61718915@group-6F3B09D344DD-LeaderElection207] INFO  impl.LeaderElection (LeaderElection.java:logAndReturn(89)) - a7136ecb-4465-4bae-b158-9cfc61718915@group-6F3B09D344DD-LeaderElection207: ELECTION REJECTED received 1 response(s) and 0 exception(s):
2021-03-01 18:11:43,355 [a7136ecb-4465-4bae-b158-9cfc61718915@group-6F3B09D344DD-LeaderElection207] INFO  impl.LeaderElection (LeaderElection.java:logAndReturn(93)) -   Response 0: a7136ecb-4465-4bae-b158-9cfc61718915<-b303f36a-f963-4721-9f7a-b5e9e54e4468#0:FAIL-t1
2021-03-01 18:11:43,356 [a7136ecb-4465-4bae-b158-9cfc61718915@group-6F3B09D344DD-LeaderElection207] INFO  impl.LeaderElection (LeaderElection.java:askForVotes(309)) - a7136ecb-4465-4bae-b158-9cfc61718915@group-6F3B09D344DD-LeaderElection207 ELECTION round 0: result REJECTED
2021-03-01 18:11:43,356 [a7136ecb-4465-4bae-b158-9cfc61718915@group-6F3B09D344DD-LeaderElection207] INFO  server.RaftServer$Division (RaftServerImpl.java:setRole(284)) - a7136ecb-4465-4bae-b158-9cfc61718915@group-6F3B09D344DD: changes role from CANDIDATE to FOLLOWER at term 1 for REJECTED
2021-03-01 18:11:43,356 [a7136ecb-4465-4bae-b158-9cfc61718915@group-6F3B09D344DD-LeaderElection207] INFO  impl.RoleInfo (RoleInfo.java:shutdownLeaderElection(121)) - a7136ecb-4465-4bae-b158-9cfc61718915: shutdown a7136ecb-4465-4bae-b158-9cfc61718915@group-6F3B09D344DD-LeaderElection207
2021-03-01 18:11:43,356 [a7136ecb-4465-4bae-b158-9cfc61718915@group-6F3B09D344DD-LeaderElection207] INFO  impl.RoleInfo (RoleInfo.java:updateAndGet(130)) - a7136ecb-4465-4bae-b158-9cfc61718915: start a7136ecb-4465-4bae-b158-9cfc61718915@group-6F3B09D344DD-FollowerState
2021-03-01 18:11:43,361 [Thread-4388] INFO  impl.FollowerState (FollowerState.java:run(133)) - ca5fd955-873f-4bac-9f2a-538d93af5c77@group-1C1384E55287-FollowerState: change to CANDIDATE, lastRpcElapsedTime:5103310994ns, electionTimeout:5103ms
2021-03-01 18:11:43,376 [Thread-4390] INFO  impl.FollowerState (FollowerState.java:run(133)) - b303f36a-f963-4721-9f7a-b5e9e54e4468@group-1C1384E55287-FollowerState: change to CANDIDATE, lastRpcElapsedTime:5101303282ns, electionTimeout:5101ms
2021-03-01 18:11:43,378 [grpc-default-executor-6] INFO  server.RaftServer$Division (RaftServerImpl.java:requestVote(1025)) - ca5fd955-873f-4bac-9f2a-538d93af5c77@group-6F3B09D344DD: receive requestVote(ELECTION, a7136ecb-4465-4bae-b158-9cfc61718915, group-6F3B09D344DD, 1, (t:0, i:0))
2021-03-01 18:11:43,379 [grpc-default-executor-6] INFO  impl.VoteContext (VoteContext.java:log(48)) - ca5fd955-873f-4bac-9f2a-538d93af5c77@group-6F3B09D344DD-FOLLOWER: accept ELECTION from a7136ecb-4465-4bae-b158-9cfc61718915: our priority 0 <= candidate's priority 0
2021-03-01 18:11:43,379 [grpc-default-executor-6] INFO  server.RaftServer$Division (RaftServerImpl.java:setRole(284)) - ca5fd955-873f-4bac-9f2a-538d93af5c77@group-6F3B09D344DD: changes role from  FOLLOWER to FOLLOWER at term 1 for candidate:a7136ecb-4465-4bae-b158-9cfc61718915
2021-03-01 18:11:43,379 [grpc-default-executor-6] INFO  impl.RoleInfo (RoleInfo.java:shutdownFollowerState(108)) - ca5fd955-873f-4bac-9f2a-538d93af5c77: shutdown ca5fd955-873f-4bac-9f2a-538d93af5c77@group-6F3B09D344DD-FollowerState
2021-03-01 18:11:43,379 [grpc-default-executor-6] INFO  impl.RoleInfo (RoleInfo.java:updateAndGet(130)) - ca5fd955-873f-4bac-9f2a-538d93af5c77: start ca5fd955-873f-4bac-9f2a-538d93af5c77@group-6F3B09D344DD-FollowerState
2021-03-01 18:11:43,379 [Thread-4396] INFO  impl.FollowerState (FollowerState.java:run(142)) - ca5fd955-873f-4bac-9f2a-538d93af5c77@group-6F3B09D344DD-FollowerState was interrupted: {}
java.lang.InterruptedException: sleep interrupted
	at java.lang.Thread.sleep(Native Method)
	at java.lang.Thread.sleep(Thread.java:340)
	at java.util.concurrent.TimeUnit.sleep(TimeUnit.java:386)
	at org.apache.ratis.util.TimeDuration.sleep(TimeDuration.java:324)
	at org.apache.ratis.util.TimeDuration.sleep(TimeDuration.java:309)
	at org.apache.ratis.server.impl.FollowerState.run(FollowerState.java:117)
2021-03-01 18:11:43,380 [Thread-4388] INFO  impl.RoleInfo (RoleInfo.java:shutdownFollowerState(108)) - ca5fd955-873f-4bac-9f2a-538d93af5c77: shutdown ca5fd955-873f-4bac-9f2a-538d93af5c77@group-1C1384E55287-FollowerState
2021-03-01 18:11:43,380 [Thread-4390] INFO  impl.RoleInfo (RoleInfo.java:shutdownFollowerState(108)) - b303f36a-f963-4721-9f7a-b5e9e54e4468: shutdown b303f36a-f963-4721-9f7a-b5e9e54e4468@group-1C1384E55287-FollowerState
2021-03-01 18:11:43,380 [Thread-4388] INFO  server.RaftServer$Division (RaftServerImpl.java:setRole(284)) - ca5fd955-873f-4bac-9f2a-538d93af5c77@group-1C1384E55287: changes role from  FOLLOWER to CANDIDATE at term 0 for changeToCandidate
2021-03-01 18:11:43,380 [Thread-4390] INFO  server.RaftServer$Division (RaftServerImpl.java:setRole(284)) - b303f36a-f963-4721-9f7a-b5e9e54e4468@group-1C1384E55287: changes role from  FOLLOWER to CANDIDATE at term 0 for changeToCandidate
2021-03-01 18:11:43,382 [Thread-4388] INFO  server.RaftServerConfigKeys (ConfUtils.java:logGet(44)) - raft.server.leaderelection.pre-vote = false (custom)
2021-03-01 18:11:43,382 [Thread-4388] INFO  impl.RoleInfo (RoleInfo.java:updateAndGet(130)) - ca5fd955-873f-4bac-9f2a-538d93af5c77: start ca5fd955-873f-4bac-9f2a-538d93af5c77@group-1C1384E55287-LeaderElection208
2021-03-01 18:11:43,383 [grpc-default-executor-6] INFO  server.RaftServer$Division (RaftServerImpl.java:requestVote(1057)) - ca5fd955-873f-4bac-9f2a-538d93af5c77@group-6F3B09D344DD replies to ELECTION vote request: a7136ecb-4465-4bae-b158-9cfc61718915<-ca5fd955-873f-4bac-9f2a-538d93af5c77#0:OK-t1. Peer's state: ca5fd955-873f-4bac-9f2a-538d93af5c77@group-6F3B09D344DD:t1, leader=null, voted=a7136ecb-4465-4bae-b158-9cfc61718915, raftlog=ca5fd955-873f-4bac-9f2a-538d93af5c77@group-6F3B09D344DD-SegmentedRaftLog:OPENED:c-1,f-1,i0, conf=-1: [b303f36a-f963-4721-9f7a-b5e9e54e4468|rpc:172.17.0.2:32969|priority:1, a7136ecb-4465-4bae-b158-9cfc61718915|rpc:172.17.0.2:42023|priority:0, ca5fd955-873f-4bac-9f2a-538d93af5c77|rpc:172.17.0.2:36703|priority:0], old=null
2021-03-01 18:11:43,392 [Thread-4390] INFO  server.RaftServerConfigKeys (ConfUtils.java:logGet(44)) - raft.server.leaderelection.pre-vote = false (custom)
2021-03-01 18:11:43,392 [Thread-4390] INFO  impl.RoleInfo (RoleInfo.java:updateAndGet(130)) - b303f36a-f963-4721-9f7a-b5e9e54e4468: start b303f36a-f963-4721-9f7a-b5e9e54e4468@group-1C1384E55287-LeaderElection209
2021-03-01 18:11:43,394 [ca5fd955-873f-4bac-9f2a-538d93af5c77@group-1C1384E55287-LeaderElection208] INFO  impl.LeaderElection (LeaderElection.java:askForVotes(307)) - ca5fd955-873f-4bac-9f2a-538d93af5c77@group-1C1384E55287-LeaderElection208 ELECTION round 0: submit vote requests at term 1 for -1: [b303f36a-f963-4721-9f7a-b5e9e54e4468|rpc:172.17.0.2:32969|priority:0, a7136ecb-4465-4bae-b158-9cfc61718915|rpc:172.17.0.2:42023|priority:0, ca5fd955-873f-4bac-9f2a-538d93af5c77|rpc:172.17.0.2:36703|priority:1], old=null
2021-03-01 18:11:43,395 [b303f36a-f963-4721-9f7a-b5e9e54e4468@group-1C1384E55287-LeaderElection209] INFO  impl.LeaderElection (LeaderElection.java:askForVotes(307)) - b303f36a-f963-4721-9f7a-b5e9e54e4468@group-1C1384E55287-LeaderElection209 ELECTION round 0: submit vote requests at term 1 for -1: [b303f36a-f963-4721-9f7a-b5e9e54e4468|rpc:172.17.0.2:32969|dataStream:|priority:0, a7136ecb-4465-4bae-b158-9cfc61718915|rpc:172.17.0.2:42023|dataStream:|priority:0, ca5fd955-873f-4bac-9f2a-538d93af5c77|rpc:172.17.0.2:36703|dataStream:|priority:1], old=null
2021-03-01 18:11:43,396 [grpc-default-executor-6] INFO  server.RaftServer$Division (RaftServerImpl.java:requestVote(1025)) - b303f36a-f963-4721-9f7a-b5e9e54e4468@group-1C1384E55287: receive requestVote(ELECTION, ca5fd955-873f-4bac-9f2a-538d93af5c77, group-1C1384E55287, 1, (t:0, i:0))
2021-03-01 18:11:43,396 [grpc-default-executor-6] INFO  impl.VoteContext (VoteContext.java:log(48)) - b303f36a-f963-4721-9f7a-b5e9e54e4468@group-1C1384E55287-CANDIDATE: reject ELECTION from ca5fd955-873f-4bac-9f2a-538d93af5c77: already has voted for b303f36a-f963-4721-9f7a-b5e9e54e4468 at current term 1
2021-03-01 18:11:43,396 [grpc-default-executor-6] INFO  server.RaftServer$Division (RaftServerImpl.java:requestVote(1057)) - b303f36a-f963-4721-9f7a-b5e9e54e4468@group-1C1384E55287 replies to ELECTION vote request: ca5fd955-873f-4bac-9f2a-538d93af5c77<-b303f36a-f963-4721-9f7a-b5e9e54e4468#0:FAIL-t1. Peer's state: b303f36a-f963-4721-9f7a-b5e9e54e4468@group-1C1384E55287:t1, leader=null, voted=b303f36a-f963-4721-9f7a-b5e9e54e4468, raftlog=b303f36a-f963-4721-9f7a-b5e9e54e4468@group-1C1384E55287-SegmentedRaftLog:OPENED:c-1,f-1,i0, conf=-1: [b303f36a-f963-4721-9f7a-b5e9e54e4468|rpc:172.17.0.2:32969|dataStream:|priority:0, a7136ecb-4465-4bae-b158-9cfc61718915|rpc:172.17.0.2:42023|dataStream:|priority:0, ca5fd955-873f-4bac-9f2a-538d93af5c77|rpc:172.17.0.2:36703|dataStream:|priority:1], old=null
2021-03-01 18:11:43,397 [grpc-default-executor-6] INFO  server.RaftServer$Division (RaftServerImpl.java:requestVote(1025)) - a7136ecb-4465-4bae-b158-9cfc61718915@group-1C1384E55287: receive requestVote(ELECTION, ca5fd955-873f-4bac-9f2a-538d93af5c77, group-1C1384E55287, 1, (t:0, i:0))
2021-03-01 18:11:43,397 [grpc-default-executor-6] INFO  impl.VoteContext (VoteContext.java:log(48)) - a7136ecb-4465-4bae-b158-9cfc61718915@group-1C1384E55287-FOLLOWER: accept ELECTION from ca5fd955-873f-4bac-9f2a-538d93af5c77: our priority 0 <= candidate's priority 1
2021-03-01 18:11:43,397 [grpc-default-executor-6] INFO  server.RaftServer$Division (RaftServerImpl.java:setRole(284)) - a7136ecb-4465-4bae-b158-9cfc61718915@group-1C1384E55287: changes role from  FOLLOWER to FOLLOWER at term 1 for candidate:ca5fd955-873f-4bac-9f2a-538d93af5c77
2021-03-01 18:11:43,397 [grpc-default-executor-6] INFO  impl.RoleInfo (RoleInfo.java:shutdownFollowerState(108)) - a7136ecb-4465-4bae-b158-9cfc61718915: shutdown a7136ecb-4465-4bae-b158-9cfc61718915@group-1C1384E55287-FollowerState
2021-03-01 18:11:43,398 [grpc-default-executor-6] INFO  impl.RoleInfo (RoleInfo.java:updateAndGet(130)) - a7136ecb-4465-4bae-b158-9cfc61718915: start a7136ecb-4465-4bae-b158-9cfc61718915@group-1C1384E55287-FollowerState
2021-03-01 18:11:43,398 [Thread-4393] INFO  impl.FollowerState (FollowerState.java:run(142)) - a7136ecb-4465-4bae-b158-9cfc61718915@group-1C1384E55287-FollowerState was interrupted: {}
java.lang.InterruptedException: sleep interrupted
	at java.lang.Thread.sleep(Native Method)
	at java.lang.Thread.sleep(Thread.java:340)
	at java.util.concurrent.TimeUnit.sleep(TimeUnit.java:386)
	at org.apache.ratis.util.TimeDuration.sleep(TimeDuration.java:324)
	at org.apache.ratis.util.TimeDuration.sleep(TimeDuration.java:309)
	at org.apache.ratis.server.impl.FollowerState.run(FollowerState.java:117)
2021-03-01 18:11:43,401 [grpc-default-executor-6] INFO  server.RaftServer$Division (RaftServerImpl.java:requestVote(1057)) - a7136ecb-4465-4bae-b158-9cfc61718915@group-1C1384E55287 replies to ELECTION vote request: ca5fd955-873f-4bac-9f2a-538d93af5c77<-a7136ecb-4465-4bae-b158-9cfc61718915#0:OK-t1. Peer's state: a7136ecb-4465-4bae-b158-9cfc61718915@group-1C1384E55287:t1, leader=null, voted=ca5fd955-873f-4bac-9f2a-538d93af5c77, raftlog=a7136ecb-4465-4bae-b158-9cfc61718915@group-1C1384E55287-SegmentedRaftLog:OPENED:c-1,f-1,i0, conf=-1: [b303f36a-f963-4721-9f7a-b5e9e54e4468|rpc:172.17.0.2:32969|dataStream:|priority:0, a7136ecb-4465-4bae-b158-9cfc61718915|rpc:172.17.0.2:42023|dataStream:|priority:0, ca5fd955-873f-4bac-9f2a-538d93af5c77|rpc:172.17.0.2:36703|dataStream:|priority:1], old=null
2021-03-01 18:11:43,401 [grpc-default-executor-3] INFO  server.RaftServer$Division (RaftServerImpl.java:requestVote(1025)) - a7136ecb-4465-4bae-b158-9cfc61718915@group-1C1384E55287: receive requestVote(ELECTION, b303f36a-f963-4721-9f7a-b5e9e54e4468, group-1C1384E55287, 1, (t:0, i:0))
2021-03-01 18:11:43,401 [ca5fd955-873f-4bac-9f2a-538d93af5c77@group-1C1384E55287-LeaderElection208] INFO  impl.LeaderElection (LeaderElection.java:logAndReturn(89)) - ca5fd955-873f-4bac-9f2a-538d93af5c77@group-1C1384E55287-LeaderElection208: ELECTION PASSED received 2 response(s) and 0 exception(s):
2021-03-01 18:11:43,401 [ca5fd955-873f-4bac-9f2a-538d93af5c77@group-1C1384E55287-LeaderElection208] INFO  impl.LeaderElection (LeaderElection.java:logAndReturn(93)) -   Response 0: ca5fd955-873f-4bac-9f2a-538d93af5c77<-b303f36a-f963-4721-9f7a-b5e9e54e4468#0:FAIL-t1
2021-03-01 18:11:43,401 [ca5fd955-873f-4bac-9f2a-538d93af5c77@group-1C1384E55287-LeaderElection208] INFO  impl.LeaderElection (LeaderElection.java:logAndReturn(93)) -   Response 1: ca5fd955-873f-4bac-9f2a-538d93af5c77<-a7136ecb-4465-4bae-b158-9cfc61718915#0:OK-t1
2021-03-01 18:11:43,401 [ca5fd955-873f-4bac-9f2a-538d93af5c77@group-1C1384E55287-LeaderElection208] INFO  impl.LeaderElection (LeaderElection.java:askForVotes(309)) - ca5fd955-873f-4bac-9f2a-538d93af5c77@group-1C1384E55287-LeaderElection208 ELECTION round 0: result PASSED
2021-03-01 18:11:43,401 [ca5fd955-873f-4bac-9f2a-538d93af5c77@group-1C1384E55287-LeaderElection208] INFO  impl.RoleInfo (RoleInfo.java:shutdownLeaderElection(121)) - ca5fd955-873f-4bac-9f2a-538d93af5c77: shutdown ca5fd955-873f-4bac-9f2a-538d93af5c77@group-1C1384E55287-LeaderElection208
2021-03-01 18:11:43,401 [ca5fd955-873f-4bac-9f2a-538d93af5c77@group-1C1384E55287-LeaderElection208] INFO  server.RaftServer$Division (RaftServerImpl.java:setRole(284)) - ca5fd955-873f-4bac-9f2a-538d93af5c77@group-1C1384E55287: changes role from CANDIDATE to LEADER at term 1 for changeToLeader
2021-03-01 18:11:43,401 [ca5fd955-873f-4bac-9f2a-538d93af5c77@group-1C1384E55287-LeaderElection208] INFO  ratis.XceiverServerRatis (XceiverServerRatis.java:handleLeaderChangedNotification(899)) - Leader change notification received for group: group-1C1384E55287 with new leaderId: ca5fd955-873f-4bac-9f2a-538d93af5c77
2021-03-01 18:11:43,401 [ca5fd955-873f-4bac-9f2a-538d93af5c77@group-1C1384E55287-LeaderElection208] INFO  server.RaftServer$Division (ServerState.java:setLeader(271)) - ca5fd955-873f-4bac-9f2a-538d93af5c77@group-1C1384E55287: change Leader from null to ca5fd955-873f-4bac-9f2a-538d93af5c77 at term 1 for becomeLeader, leader elected after 5151ms
2021-03-01 18:11:43,401 [ca5fd955-873f-4bac-9f2a-538d93af5c77@group-1C1384E55287-LeaderElection208] INFO  server.RaftServerConfigKeys (ConfUtils.java:logGet(44)) - raft.server.staging.catchup.gap = 1000 (default)
2021-03-01 18:11:43,401 [ca5fd955-873f-4bac-9f2a-538d93af5c77@group-1C1384E55287-LeaderElection208] INFO  metrics.RatisMetrics (RatisMetrics.java:lambda$create$0(36)) - Creating Metrics Registry : ratis.log_appender.ca5fd955-873f-4bac-9f2a-538d93af5c77@group-1C1384E55287
2021-03-01 18:11:43,402 [ca5fd955-873f-4bac-9f2a-538d93af5c77@group-1C1384E55287-LeaderElection208] INFO  server.RaftServerConfigKeys (ConfUtils.java:logGet(44)) - raft.server.write.element-limit = 1024 (custom)
2021-03-01 18:11:43,402 [ca5fd955-873f-4bac-9f2a-538d93af5c77@group-1C1384E55287-LeaderElection208] INFO  server.RaftServerConfigKeys (ConfUtils.java:logGet(44)) - raft.server.write.byte-limit = 1073741824 (custom)
2021-03-01 18:11:43,402 [ca5fd955-873f-4bac-9f2a-538d93af5c77@group-1C1384E55287-LeaderElection208] INFO  server.RaftServerConfigKeys (ConfUtils.java:logGet(44)) - raft.server.watch.timeout = 3000ms (custom)
2021-03-01 18:11:43,402 [ca5fd955-873f-4bac-9f2a-538d93af5c77@group-1C1384E55287-LeaderElection208] INFO  server.RaftServerConfigKeys (ConfUtils.java:logGet(44)) - raft.server.watch.timeout.denomination = 1s (default)
2021-03-01 18:11:43,403 [ca5fd955-873f-4bac-9f2a-538d93af5c77@group-1C1384E55287-LeaderElection208] INFO  server.RaftServerConfigKeys (ConfUtils.java:logGet(44)) - raft.server.watch.element-limit = 65536 (default)
2021-03-01 18:11:43,403 [ca5fd955-873f-4bac-9f2a-538d93af5c77@group-1C1384E55287-LeaderElection208] INFO  server.RaftServerConfigKeys (ConfUtils.java:logGet(44)) - raft.server.log.appender.snapshot.chunk.size.max = 16MB (=16777216) (default)
2021-03-01 18:11:43,403 [ca5fd955-873f-4bac-9f2a-538d93af5c77@group-1C1384E55287-LeaderElection208] INFO  server.RaftServerConfigKeys (ConfUtils.java:logGet(44)) - raft.server.log.appender.buffer.byte-limit = 33554432 (custom)
2021-03-01 18:11:43,403 [ca5fd955-873f-4bac-9f2a-538d93af5c77@group-1C1384E55287-LeaderElection208] INFO  server.RaftServerConfigKeys (ConfUtils.java:logGet(44)) - raft.server.log.appender.buffer.element-limit = 1 (custom)
2021-03-01 18:11:43,403 [ca5fd955-873f-4bac-9f2a-538d93af5c77@group-1C1384E55287-LeaderElection208] INFO  grpc.GrpcConfigKeys (ConfUtils.java:logGet(44)) - raft.grpc.server.leader.outstanding.appends.max = 128 (default)
2021-03-01 18:11:43,403 [ca5fd955-873f-4bac-9f2a-538d93af5c77@group-1C1384E55287-LeaderElection208] INFO  server.RaftServerConfigKeys (ConfUtils.java:logGet(44)) - raft.server.rpc.request.timeout = 3000ms (default)
2021-03-01 18:11:43,403 [ca5fd955-873f-4bac-9f2a-538d93af5c77@group-1C1384E55287-LeaderElection208] INFO  server.RaftServerConfigKeys (ConfUtils.java:logGet(44)) - raft.server.log.appender.install.snapshot.enabled = false (custom)
2021-03-01 18:11:43,403 [ca5fd955-873f-4bac-9f2a-538d93af5c77@group-1C1384E55287-LeaderElection208] INFO  metrics.RatisMetrics (RatisMetrics.java:lambda$create$0(36)) - Creating Metrics Registry : ratis_grpc.log_appender.ca5fd955-873f-4bac-9f2a-538d93af5c77@group-1C1384E55287
2021-03-01 18:11:43,405 [ca5fd955-873f-4bac-9f2a-538d93af5c77@group-1C1384E55287-LeaderElection208] INFO  server.RaftServerConfigKeys (ConfUtils.java:logGet(44)) - raft.server.log.appender.snapshot.chunk.size.max = 16MB (=16777216) (default)
2021-03-01 18:11:43,405 [ca5fd955-873f-4bac-9f2a-538d93af5c77@group-1C1384E55287-LeaderElection208] INFO  server.RaftServerConfigKeys (ConfUtils.java:logGet(44)) - raft.server.log.appender.buffer.byte-limit = 33554432 (custom)
2021-03-01 18:11:43,405 [ca5fd955-873f-4bac-9f2a-538d93af5c77@group-1C1384E55287-LeaderElection208] INFO  server.RaftServerConfigKeys (ConfUtils.java:logGet(44)) - raft.server.log.appender.buffer.element-limit = 1 (custom)
2021-03-01 18:11:43,406 [ca5fd955-873f-4bac-9f2a-538d93af5c77@group-1C1384E55287-LeaderElection208] INFO  grpc.GrpcConfigKeys (ConfUtils.java:logGet(44)) - raft.grpc.server.leader.outstanding.appends.max = 128 (default)
2021-03-01 18:11:43,406 [ca5fd955-873f-4bac-9f2a-538d93af5c77@group-1C1384E55287-LeaderElection208] INFO  server.RaftServerConfigKeys (ConfUtils.java:logGet(44)) - raft.server.rpc.request.timeout = 3000ms (default)
2021-03-01 18:11:43,406 [ca5fd955-873f-4bac-9f2a-538d93af5c77@group-1C1384E55287-LeaderElection208] INFO  server.RaftServerConfigKeys (ConfUtils.java:logGet(44)) - raft.server.log.appender.install.snapshot.enabled = false (custom)
2021-03-01 18:11:43,412 [grpc-default-executor-3] INFO  impl.VoteContext (VoteContext.java:log(48)) - a7136ecb-4465-4bae-b158-9cfc61718915@group-1C1384E55287-FOLLOWER: reject ELECTION from b303f36a-f963-4721-9f7a-b5e9e54e4468: already has voted for ca5fd955-873f-4bac-9f2a-538d93af5c77 at current term 1
2021-03-01 18:11:43,412 [grpc-default-executor-3] INFO  server.RaftServer$Division (RaftServerImpl.java:requestVote(1057)) - a7136ecb-4465-4bae-b158-9cfc61718915@group-1C1384E55287 replies to ELECTION vote request: b303f36a-f963-4721-9f7a-b5e9e54e4468<-a7136ecb-4465-4bae-b158-9cfc61718915#0:FAIL-t1. Peer's state: a7136ecb-4465-4bae-b158-9cfc61718915@group-1C1384E55287:t1, leader=null, voted=ca5fd955-873f-4bac-9f2a-538d93af5c77, raftlog=a7136ecb-4465-4bae-b158-9cfc61718915@group-1C1384E55287-SegmentedRaftLog:OPENED:c-1,f-1,i0, conf=-1: [b303f36a-f963-4721-9f7a-b5e9e54e4468|rpc:172.17.0.2:32969|dataStream:|priority:0, a7136ecb-4465-4bae-b158-9cfc61718915|rpc:172.17.0.2:42023|dataStream:|priority:0, ca5fd955-873f-4bac-9f2a-538d93af5c77|rpc:172.17.0.2:36703|dataStream:|priority:1], old=null
2021-03-01 18:11:43,412 [EventQueue-PipelineReportForPipelineReportHandler] INFO  pipeline.PipelineStateManager (PipelineStateManager.java:openPipeline(132)) - Pipeline Pipeline[ Id: a1cc7fb7-1dfd-47c2-8159-1c1384e55287, Nodes: b303f36a-f963-4721-9f7a-b5e9e54e4468{ip: 172.17.0.2, host: 83787af071e2, ports: [REPLICATION=34019, RATIS=32969, RATIS_ADMIN=32969, RATIS_SERVER=32969, STANDALONE=39419], networkLocation: /default-rack, certSerialId: null, persistedOpState: IN_SERVICE, persistedOpStateExpiryEpochSec: 0}a7136ecb-4465-4bae-b158-9cfc61718915{ip: 172.17.0.2, host: 83787af071e2, ports: [REPLICATION=36853, RATIS=42023, RATIS_ADMIN=42023, RATIS_SERVER=42023, STANDALONE=36443], networkLocation: /default-rack, certSerialId: null, persistedOpState: IN_SERVICE, persistedOpStateExpiryEpochSec: 0}ca5fd955-873f-4bac-9f2a-538d93af5c77{ip: 172.17.0.2, host: 83787af071e2, ports: [REPLICATION=42543, RATIS=36703, RATIS_ADMIN=36703, RATIS_SERVER=36703, STANDALONE=39671], networkLocation: /default-rack, certSerialId: null, persistedOpState: IN_SERVICE, persistedOpStateExpiryEpochSec: 0}, Type:RATIS, Factor:THREE, State:ALLOCATED, leaderId:ca5fd955-873f-4bac-9f2a-538d93af5c77, CreationTimestamp2021-03-01T18:11:35.669Z] moved to OPEN state
2021-03-01 18:11:43,413 [grpc-default-executor-3] INFO  server.RaftServer$Division (RaftServerImpl.java:requestVote(1025)) - ca5fd955-873f-4bac-9f2a-538d93af5c77@group-1C1384E55287: receive requestVote(ELECTION, b303f36a-f963-4721-9f7a-b5e9e54e4468, group-1C1384E55287, 1, (t:0, i:0))
2021-03-01 18:11:43,415 [ca5fd955-873f-4bac-9f2a-538d93af5c77@group-1C1384E55287-LeaderElection208] INFO  impl.RoleInfo (RoleInfo.java:updateAndGet(130)) - ca5fd955-873f-4bac-9f2a-538d93af5c77: start ca5fd955-873f-4bac-9f2a-538d93af5c77@group-1C1384E55287-LeaderStateImpl
2021-03-01 18:11:43,415 [ca5fd955-873f-4bac-9f2a-538d93af5c77@group-1C1384E55287-LeaderElection208] INFO  segmented.SegmentedRaftLogWorker (SegmentedRaftLogWorker.java:startLogSegment(392)) - ca5fd955-873f-4bac-9f2a-538d93af5c77@group-1C1384E55287-SegmentedRaftLogWorker: Starting segment from index:0
2021-03-01 18:11:43,419 [ca5fd955-873f-4bac-9f2a-538d93af5c77@group-1C1384E55287-LeaderElection208] INFO  server.RaftServer$Division (ServerState.java:setRaftConf(373)) - ca5fd955-873f-4bac-9f2a-538d93af5c77@group-1C1384E55287: set configuration 0: [b303f36a-f963-4721-9f7a-b5e9e54e4468|rpc:172.17.0.2:32969|dataStream:|priority:0, a7136ecb-4465-4bae-b158-9cfc61718915|rpc:172.17.0.2:42023|dataStream:|priority:0, ca5fd955-873f-4bac-9f2a-538d93af5c77|rpc:172.17.0.2:36703|dataStream:|priority:1], old=null
2021-03-01 18:11:43,419 [ca5fd955-873f-4bac-9f2a-538d93af5c77@group-1C1384E55287-SegmentedRaftLogWorker] INFO  segmented.SegmentedRaftLogWorker (SegmentedRaftLogWorker.java:execute(599)) - ca5fd955-873f-4bac-9f2a-538d93af5c77@group-1C1384E55287-SegmentedRaftLogWorker: created new log segment /github/workspace/mnt/ozone/hadoop-ozone/integration-test/target/test-dir/MiniOzoneClusterImpl-5b5774a2-bf3c-4723-a113-e238e3f8131c/datanode-3/data/ratis/a1cc7fb7-1dfd-47c2-8159-1c1384e55287/current/log_inprogress_0
2021-03-01 18:11:43,420 [grpc-default-executor-3] INFO  impl.VoteContext (VoteContext.java:log(48)) - ca5fd955-873f-4bac-9f2a-538d93af5c77@group-1C1384E55287-LEADER: reject ELECTION from b303f36a-f963-4721-9f7a-b5e9e54e4468: already has voted for ca5fd955-873f-4bac-9f2a-538d93af5c77 at current term 1
2021-03-01 18:11:43,420 [grpc-default-executor-3] INFO  server.RaftServer$Division (RaftServerImpl.java:requestVote(1057)) - ca5fd955-873f-4bac-9f2a-538d93af5c77@group-1C1384E55287 replies to ELECTION vote request: b303f36a-f963-4721-9f7a-b5e9e54e4468<-ca5fd955-873f-4bac-9f2a-538d93af5c77#0:FAIL-t1. Peer's state: ca5fd955-873f-4bac-9f2a-538d93af5c77@group-1C1384E55287:t1, leader=ca5fd955-873f-4bac-9f2a-538d93af5c77, voted=ca5fd955-873f-4bac-9f2a-538d93af5c77, raftlog=ca5fd955-873f-4bac-9f2a-538d93af5c77@group-1C1384E55287-SegmentedRaftLog:OPENED:c-1,f-1,i0, conf=0: [b303f36a-f963-4721-9f7a-b5e9e54e4468|rpc:172.17.0.2:32969|dataStream:|priority:0, a7136ecb-4465-4bae-b158-9cfc61718915|rpc:172.17.0.2:42023|dataStream:|priority:0, ca5fd955-873f-4bac-9f2a-538d93af5c77|rpc:172.17.0.2:36703|dataStream:|priority:1], old=null
2021-03-01 18:11:43,421 [b303f36a-f963-4721-9f7a-b5e9e54e4468@group-1C1384E55287-LeaderElection209] INFO  impl.LeaderElection (LeaderElection.java:logAndReturn(89)) - b303f36a-f963-4721-9f7a-b5e9e54e4468@group-1C1384E55287-LeaderElection209: ELECTION REJECTED received 2 response(s) and 0 exception(s):
2021-03-01 18:11:43,421 [b303f36a-f963-4721-9f7a-b5e9e54e4468@group-1C1384E55287-LeaderElection209] INFO  impl.LeaderElection (LeaderElection.java:logAndReturn(93)) -   Response 0: b303f36a-f963-4721-9f7a-b5e9e54e4468<-a7136ecb-4465-4bae-b158-9cfc61718915#0:FAIL-t1
2021-03-01 18:11:43,421 [b303f36a-f963-4721-9f7a-b5e9e54e4468@group-1C1384E55287-LeaderElection209] INFO  impl.LeaderElection (LeaderElection.java:logAndReturn(93)) -   Response 1: b303f36a-f963-4721-9f7a-b5e9e54e4468<-ca5fd955-873f-4bac-9f2a-538d93af5c77#0:FAIL-t1
2021-03-01 18:11:43,421 [b303f36a-f963-4721-9f7a-b5e9e54e4468@group-1C1384E55287-LeaderElection209] INFO  impl.LeaderElection (LeaderElection.java:askForVotes(309)) - b303f36a-f963-4721-9f7a-b5e9e54e4468@group-1C1384E55287-LeaderElection209 ELECTION round 0: result REJECTED
2021-03-01 18:11:43,421 [b303f36a-f963-4721-9f7a-b5e9e54e4468@group-1C1384E55287-LeaderElection209] INFO  server.RaftServer$Division (RaftServerImpl.java:setRole(284)) - b303f36a-f963-4721-9f7a-b5e9e54e4468@group-1C1384E55287: changes role from CANDIDATE to FOLLOWER at term 1 for REJECTED
2021-03-01 18:11:43,421 [b303f36a-f963-4721-9f7a-b5e9e54e4468@group-1C1384E55287-LeaderElection209] INFO  impl.RoleInfo (RoleInfo.java:shutdownLeaderElection(121)) - b303f36a-f963-4721-9f7a-b5e9e54e4468: shutdown b303f36a-f963-4721-9f7a-b5e9e54e4468@group-1C1384E55287-LeaderElection209
2021-03-01 18:11:43,421 [b303f36a-f963-4721-9f7a-b5e9e54e4468@group-1C1384E55287-LeaderElection209] INFO  impl.RoleInfo (RoleInfo.java:updateAndGet(130)) - b303f36a-f963-4721-9f7a-b5e9e54e4468: start b303f36a-f963-4721-9f7a-b5e9e54e4468@group-1C1384E55287-FollowerState
2021-03-01 18:11:43,433 [grpc-default-executor-6] INFO  ratis.XceiverServerRatis (XceiverServerRatis.java:handleLeaderChangedNotification(899)) - Leader change notification received for group: group-1C1384E55287 with new leaderId: ca5fd955-873f-4bac-9f2a-538d93af5c77
2021-03-01 18:11:43,433 [grpc-default-executor-6] INFO  server.RaftServer$Division (ServerState.java:setLeader(271)) - a7136ecb-4465-4bae-b158-9cfc61718915@group-1C1384E55287: change Leader from null to ca5fd955-873f-4bac-9f2a-538d93af5c77 at term 1 for appendEntries, leader elected after 5143ms
2021-03-01 18:11:43,435 [grpc-default-executor-3] INFO  ratis.XceiverServerRatis (XceiverServerRatis.java:handleLeaderChangedNotification(899)) - Leader change notification received for group: group-1C1384E55287 with new leaderId: ca5fd955-873f-4bac-9f2a-538d93af5c77
2021-03-01 18:11:43,435 [grpc-default-executor-3] INFO  server.RaftServer$Division (ServerState.java:setLeader(271)) - b303f36a-f963-4721-9f7a-b5e9e54e4468@group-1C1384E55287: change Leader from null to ca5fd955-873f-4bac-9f2a-538d93af5c77 at term 1 for appendEntries, leader elected after 5168ms
2021-03-01 18:11:43,437 [grpc-default-executor-2] INFO  server.RaftServer$Division (ServerState.java:setRaftConf(373)) - a7136ecb-4465-4bae-b158-9cfc61718915@group-1C1384E55287: set configuration 0: [b303f36a-f963-4721-9f7a-b5e9e54e4468|rpc:172.17.0.2:32969|dataStream:|priority:0, a7136ecb-4465-4bae-b158-9cfc61718915|rpc:172.17.0.2:42023|dataStream:|priority:0, ca5fd955-873f-4bac-9f2a-538d93af5c77|rpc:172.17.0.2:36703|dataStream:|priority:1], old=null
2021-03-01 18:11:43,440 [grpc-default-executor-2] INFO  segmented.SegmentedRaftLogWorker (SegmentedRaftLogWorker.java:startLogSegment(392)) - a7136ecb-4465-4bae-b158-9cfc61718915@group-1C1384E55287-SegmentedRaftLogWorker: Starting segment from index:0
2021-03-01 18:11:43,447 [a7136ecb-4465-4bae-b158-9cfc61718915@group-1C1384E55287-SegmentedRaftLogWorker] INFO  segmented.SegmentedRaftLogWorker (SegmentedRaftLogWorker.java:execute(599)) - a7136ecb-4465-4bae-b158-9cfc61718915@group-1C1384E55287-SegmentedRaftLogWorker: created new log segment /github/workspace/mnt/ozone/hadoop-ozone/integration-test/target/test-dir/MiniOzoneClusterImpl-5b5774a2-bf3c-4723-a113-e238e3f8131c/datanode-4/data/ratis/a1cc7fb7-1dfd-47c2-8159-1c1384e55287/current/log_inprogress_0
2021-03-01 18:11:43,447 [Thread-4404] INFO  impl.FollowerState (FollowerState.java:run(133)) - a7136ecb-4465-4bae-b158-9cfc61718915@group-65A188F6751A-FollowerState: change to CANDIDATE, lastRpcElapsedTime:5072076805ns, electionTimeout:5069ms
2021-03-01 18:11:43,448 [grpc-default-executor-5] INFO  server.RaftServer$Division (ServerState.java:setRaftConf(373)) - b303f36a-f963-4721-9f7a-b5e9e54e4468@group-1C1384E55287: set configuration 0: [b303f36a-f963-4721-9f7a-b5e9e54e4468|rpc:172.17.0.2:32969|dataStream:|priority:0, a7136ecb-4465-4bae-b158-9cfc61718915|rpc:172.17.0.2:42023|dataStream:|priority:0, ca5fd955-873f-4bac-9f2a-538d93af5c77|rpc:172.17.0.2:36703|dataStream:|priority:1], old=null
2021-03-01 18:11:43,450 [Thread-4404] INFO  impl.RoleInfo (RoleInfo.java:shutdownFollowerState(108)) - a7136ecb-4465-4bae-b158-9cfc61718915: shutdown a7136ecb-4465-4bae-b158-9cfc61718915@group-65A188F6751A-FollowerState
2021-03-01 18:11:43,450 [Thread-4404] INFO  server.RaftServer$Division (RaftServerImpl.java:setRole(284)) - a7136ecb-4465-4bae-b158-9cfc61718915@group-65A188F6751A: changes role from  FOLLOWER to CANDIDATE at term 0 for changeToCandidate
2021-03-01 18:11:43,450 [Thread-4404] INFO  server.RaftServerConfigKeys (ConfUtils.java:logGet(44)) - raft.server.leaderelection.pre-vote = false (custom)
2021-03-01 18:11:43,450 [Thread-4404] INFO  impl.RoleInfo (RoleInfo.java:updateAndGet(130)) - a7136ecb-4465-4bae-b158-9cfc61718915: start a7136ecb-4465-4bae-b158-9cfc61718915@group-65A188F6751A-LeaderElection210
2021-03-01 18:11:43,450 [grpc-default-executor-5] INFO  segmented.SegmentedRaftLogWorker (SegmentedRaftLogWorker.java:startLogSegment(392)) - b303f36a-f963-4721-9f7a-b5e9e54e4468@group-1C1384E55287-SegmentedRaftLogWorker: Starting segment from index:0
2021-03-01 18:11:43,452 [b303f36a-f963-4721-9f7a-b5e9e54e4468@group-1C1384E55287-SegmentedRaftLogWorker] INFO  segmented.SegmentedRaftLogWorker (SegmentedRaftLogWorker.java:execute(599)) - b303f36a-f963-4721-9f7a-b5e9e54e4468@group-1C1384E55287-SegmentedRaftLogWorker: created new log segment /github/workspace/mnt/ozone/hadoop-ozone/integration-test/target/test-dir/MiniOzoneClusterImpl-5b5774a2-bf3c-4723-a113-e238e3f8131c/datanode-5/data/ratis/a1cc7fb7-1dfd-47c2-8159-1c1384e55287/current/log_inprogress_0
2021-03-01 18:11:43,456 [a7136ecb-4465-4bae-b158-9cfc61718915@group-65A188F6751A-LeaderElection210] INFO  impl.LeaderElection (LeaderElection.java:askForVotes(307)) - a7136ecb-4465-4bae-b158-9cfc61718915@group-65A188F6751A-LeaderElection210 ELECTION round 0: submit vote requests at term 1 for -1: [a7136ecb-4465-4bae-b158-9cfc61718915|rpc:172.17.0.2:42023|priority:1], old=null
2021-03-01 18:11:43,456 [a7136ecb-4465-4bae-b158-9cfc61718915@group-65A188F6751A-LeaderElection210] INFO  impl.LeaderElection (LeaderElection.java:askForVotes(309)) - a7136ecb-4465-4bae-b158-9cfc61718915@group-65A188F6751A-LeaderElection210 ELECTION round 0: result PASSED (term=1)
2021-03-01 18:11:43,457 [a7136ecb-4465-4bae-b158-9cfc61718915@group-65A188F6751A-LeaderElection210] INFO  impl.RoleInfo (RoleInfo.java:shutdownLeaderElection(121)) - a7136ecb-4465-4bae-b158-9cfc61718915: shutdown a7136ecb-4465-4bae-b158-9cfc61718915@group-65A188F6751A-LeaderElection210
2021-03-01 18:11:43,457 [a7136ecb-4465-4bae-b158-9cfc61718915@group-65A188F6751A-LeaderElection210] INFO  server.RaftServer$Division (RaftServerImpl.java:setRole(284)) - a7136ecb-4465-4bae-b158-9cfc61718915@group-65A188F6751A: changes role from CANDIDATE to LEADER at term 1 for changeToLeader
2021-03-01 18:11:43,457 [a7136ecb-4465-4bae-b158-9cfc61718915@group-65A188F6751A-LeaderElection210] INFO  ratis.XceiverServerRatis (XceiverServerRatis.java:handleLeaderChangedNotification(899)) - Leader change notification received for group: group-65A188F6751A with new leaderId: a7136ecb-4465-4bae-b158-9cfc61718915
2021-03-01 18:11:43,457 [a7136ecb-4465-4bae-b158-9cfc61718915@group-65A188F6751A-LeaderElection210] INFO  server.RaftServer$Division (ServerState.java:setLeader(271)) - a7136ecb-4465-4bae-b158-9cfc61718915@group-65A188F6751A: change Leader from null to a7136ecb-4465-4bae-b158-9cfc61718915 at term 1 for becomeLeader, leader elected after 5090ms
2021-03-01 18:11:43,457 [a7136ecb-4465-4bae-b158-9cfc61718915@group-65A188F6751A-LeaderElection210] INFO  server.RaftServerConfigKeys (ConfUtils.java:logGet(44)) - raft.server.staging.catchup.gap = 1000 (default)
2021-03-01 18:11:43,457 [a7136ecb-4465-4bae-b158-9cfc61718915@group-65A188F6751A-LeaderElection210] INFO  metrics.RatisMetrics (RatisMetrics.java:lambda$create$0(36)) - Creating Metrics Registry : ratis.log_appender.a7136ecb-4465-4bae-b158-9cfc61718915@group-65A188F6751A
2021-03-01 18:11:43,457 [a7136ecb-4465-4bae-b158-9cfc61718915@group-65A188F6751A-LeaderElection210] INFO  server.RaftServerConfigKeys (ConfUtils.java:logGet(44)) - raft.server.write.element-limit = 1024 (custom)
2021-03-01 18:11:43,457 [a7136ecb-4465-4bae-b158-9cfc61718915@group-65A188F6751A-LeaderElection210] INFO  server.RaftServerConfigKeys (ConfUtils.java:logGet(44)) - raft.server.write.byte-limit = 1073741824 (custom)
2021-03-01 18:11:43,458 [a7136ecb-4465-4bae-b158-9cfc61718915@group-65A188F6751A-LeaderElection210] INFO  server.RaftServerConfigKeys (ConfUtils.java:logGet(44)) - raft.server.watch.timeout = 3000ms (custom)
2021-03-01 18:11:43,458 [a7136ecb-4465-4bae-b158-9cfc61718915@group-65A188F6751A-LeaderElection210] INFO  server.RaftServerConfigKeys (ConfUtils.java:logGet(44)) - raft.server.watch.timeout.denomination = 1s (default)
2021-03-01 18:11:43,458 [a7136ecb-4465-4bae-b158-9cfc61718915@group-65A188F6751A-LeaderElection210] INFO  server.RaftServerConfigKeys (ConfUtils.java:logGet(44)) - raft.server.watch.element-limit = 65536 (default)
2021-03-01 18:11:43,458 [a7136ecb-4465-4bae-b158-9cfc61718915@group-65A188F6751A-LeaderElection210] INFO  impl.RoleInfo (RoleInfo.java:updateAndGet(130)) - a7136ecb-4465-4bae-b158-9cfc61718915: start a7136ecb-4465-4bae-b158-9cfc61718915@group-65A188F6751A-LeaderStateImpl
2021-03-01 18:11:43,458 [a7136ecb-4465-4bae-b158-9cfc61718915@group-65A188F6751A-LeaderElection210] INFO  segmented.SegmentedRaftLogWorker (SegmentedRaftLogWorker.java:startLogSegment(392)) - a7136ecb-4465-4bae-b158-9cfc61718915@group-65A188F6751A-SegmentedRaftLogWorker: Starting segment from index:0
2021-03-01 18:11:43,464 [a7136ecb-4465-4bae-b158-9cfc61718915@group-65A188F6751A-SegmentedRaftLogWorker] INFO  segmented.SegmentedRaftLogWorker (SegmentedRaftLogWorker.java:execute(599)) - a7136ecb-4465-4bae-b158-9cfc61718915@group-65A188F6751A-SegmentedRaftLogWorker: created new log segment /github/workspace/mnt/ozone/hadoop-ozone/integration-test/target/test-dir/MiniOzoneClusterImpl-5b5774a2-bf3c-4723-a113-e238e3f8131c/datanode-4/data/ratis/690edf50-8935-46fd-b96b-65a188f6751a/current/log_inprogress_0
2021-03-01 18:11:43,465 [a7136ecb-4465-4bae-b158-9cfc61718915@group-65A188F6751A-LeaderElection210] INFO  server.RaftServer$Division (ServerState.java:setRaftConf(373)) - a7136ecb-4465-4bae-b158-9cfc61718915@group-65A188F6751A: set configuration 0: [a7136ecb-4465-4bae-b158-9cfc61718915|rpc:172.17.0.2:42023|dataStream:|priority:1], old=null
2021-03-01 18:11:43,767 [Thread-4406] INFO  impl.FollowerState (FollowerState.java:run(133)) - b303f36a-f963-4721-9f7a-b5e9e54e4468@group-57BBEB97FB30-FollowerState: change to CANDIDATE, lastRpcElapsedTime:5084507580ns, electionTimeout:5083ms
2021-03-01 18:11:43,767 [Thread-4406] INFO  impl.RoleInfo (RoleInfo.java:shutdownFollowerState(108)) - b303f36a-f963-4721-9f7a-b5e9e54e4468: shutdown b303f36a-f963-4721-9f7a-b5e9e54e4468@group-57BBEB97FB30-FollowerState
2021-03-01 18:11:43,767 [Thread-4406] INFO  server.RaftServer$Division (RaftServerImpl.java:setRole(284)) - b303f36a-f963-4721-9f7a-b5e9e54e4468@group-57BBEB97FB30: changes role from  FOLLOWER to CANDIDATE at term 0 for changeToCandidate
2021-03-01 18:11:43,767 [Thread-4406] INFO  server.RaftServerConfigKeys (ConfUtils.java:logGet(44)) - raft.server.leaderelection.pre-vote = false (custom)
2021-03-01 18:11:43,767 [Thread-4406] INFO  impl.RoleInfo (RoleInfo.java:updateAndGet(130)) - b303f36a-f963-4721-9f7a-b5e9e54e4468: start b303f36a-f963-4721-9f7a-b5e9e54e4468@group-57BBEB97FB30-LeaderElection211
2021-03-01 18:11:43,770 [b303f36a-f963-4721-9f7a-b5e9e54e4468@group-57BBEB97FB30-LeaderElection211] INFO  impl.LeaderElection (LeaderElection.java:askForVotes(307)) - b303f36a-f963-4721-9f7a-b5e9e54e4468@group-57BBEB97FB30-LeaderElection211 ELECTION round 0: submit vote requests at term 1 for -1: [b303f36a-f963-4721-9f7a-b5e9e54e4468|rpc:172.17.0.2:32969|priority:1], old=null
2021-03-01 18:11:43,770 [b303f36a-f963-4721-9f7a-b5e9e54e4468@group-57BBEB97FB30-LeaderElection211] INFO  impl.LeaderElection (LeaderElection.java:askForVotes(309)) - b303f36a-f963-4721-9f7a-b5e9e54e4468@group-57BBEB97FB30-LeaderElection211 ELECTION round 0: result PASSED (term=1)
2021-03-01 18:11:43,770 [b303f36a-f963-4721-9f7a-b5e9e54e4468@group-57BBEB97FB30-LeaderElection211] INFO  impl.RoleInfo (RoleInfo.java:shutdownLeaderElection(121)) - b303f36a-f963-4721-9f7a-b5e9e54e4468: shutdown b303f36a-f963-4721-9f7a-b5e9e54e4468@group-57BBEB97FB30-LeaderElection211
2021-03-01 18:11:43,770 [b303f36a-f963-4721-9f7a-b5e9e54e4468@group-57BBEB97FB30-LeaderElection211] INFO  server.RaftServer$Division (RaftServerImpl.java:setRole(284)) - b303f36a-f963-4721-9f7a-b5e9e54e4468@group-57BBEB97FB30: changes role from CANDIDATE to LEADER at term 1 for changeToLeader
2021-03-01 18:11:43,770 [b303f36a-f963-4721-9f7a-b5e9e54e4468@group-57BBEB97FB30-LeaderElection211] INFO  ratis.XceiverServerRatis (XceiverServerRatis.java:handleLeaderChangedNotification(899)) - Leader change notification received for group: group-57BBEB97FB30 with new leaderId: b303f36a-f963-4721-9f7a-b5e9e54e4468
2021-03-01 18:11:43,770 [b303f36a-f963-4721-9f7a-b5e9e54e4468@group-57BBEB97FB30-LeaderElection211] INFO  server.RaftServer$Division (ServerState.java:setLeader(271)) - b303f36a-f963-4721-9f7a-b5e9e54e4468@group-57BBEB97FB30: change Leader from null to b303f36a-f963-4721-9f7a-b5e9e54e4468 at term 1 for becomeLeader, leader elected after 5098ms
2021-03-01 18:11:43,770 [b303f36a-f963-4721-9f7a-b5e9e54e4468@group-57BBEB97FB30-LeaderElection211] INFO  server.RaftServerConfigKeys (ConfUtils.java:logGet(44)) - raft.server.staging.catchup.gap = 1000 (default)
2021-03-01 18:11:43,770 [b303f36a-f963-4721-9f7a-b5e9e54e4468@group-57BBEB97FB30-LeaderElection211] INFO  metrics.RatisMetrics (RatisMetrics.java:lambda$create$0(36)) - Creating Metrics Registry : ratis.log_appender.b303f36a-f963-4721-9f7a-b5e9e54e4468@group-57BBEB97FB30
2021-03-01 18:11:43,771 [b303f36a-f963-4721-9f7a-b5e9e54e4468@group-57BBEB97FB30-LeaderElection211] INFO  server.RaftServerConfigKeys (ConfUtils.java:logGet(44)) - raft.server.write.element-limit = 1024 (custom)
2021-03-01 18:11:43,771 [b303f36a-f963-4721-9f7a-b5e9e54e4468@group-57BBEB97FB30-LeaderElection211] INFO  server.RaftServerConfigKeys (ConfUtils.java:logGet(44)) - raft.server.write.byte-limit = 1073741824 (custom)
2021-03-01 18:11:43,771 [b303f36a-f963-4721-9f7a-b5e9e54e4468@group-57BBEB97FB30-LeaderElection211] INFO  server.RaftServerConfigKeys (ConfUtils.java:logGet(44)) - raft.server.watch.timeout = 3000ms (custom)
2021-03-01 18:11:43,771 [b303f36a-f963-4721-9f7a-b5e9e54e4468@group-57BBEB97FB30-LeaderElection211] INFO  server.RaftServerConfigKeys (ConfUtils.java:logGet(44)) - raft.server.watch.timeout.denomination = 1s (default)
2021-03-01 18:11:43,771 [b303f36a-f963-4721-9f7a-b5e9e54e4468@group-57BBEB97FB30-LeaderElection211] INFO  server.RaftServerConfigKeys (ConfUtils.java:logGet(44)) - raft.server.watch.element-limit = 65536 (default)
2021-03-01 18:11:43,771 [b303f36a-f963-4721-9f7a-b5e9e54e4468@group-57BBEB97FB30-LeaderElection211] INFO  impl.RoleInfo (RoleInfo.java:updateAndGet(130)) - b303f36a-f963-4721-9f7a-b5e9e54e4468: start b303f36a-f963-4721-9f7a-b5e9e54e4468@group-57BBEB97FB30-LeaderStateImpl
2021-03-01 18:11:43,772 [b303f36a-f963-4721-9f7a-b5e9e54e4468@group-57BBEB97FB30-LeaderElection211] INFO  segmented.SegmentedRaftLogWorker (SegmentedRaftLogWorker.java:startLogSegment(392)) - b303f36a-f963-4721-9f7a-b5e9e54e4468@group-57BBEB97FB30-SegmentedRaftLogWorker: Starting segment from index:0
2021-03-01 18:11:43,773 [b303f36a-f963-4721-9f7a-b5e9e54e4468@group-57BBEB97FB30-LeaderElection211] INFO  server.RaftServer$Division (ServerState.java:setRaftConf(373)) - b303f36a-f963-4721-9f7a-b5e9e54e4468@group-57BBEB97FB30: set configuration 0: [b303f36a-f963-4721-9f7a-b5e9e54e4468|rpc:172.17.0.2:32969|dataStream:|priority:1], old=null
2021-03-01 18:11:43,774 [b303f36a-f963-4721-9f7a-b5e9e54e4468@group-57BBEB97FB30-SegmentedRaftLogWorker] INFO  segmented.SegmentedRaftLogWorker (SegmentedRaftLogWorker.java:execute(599)) - b303f36a-f963-4721-9f7a-b5e9e54e4468@group-57BBEB97FB30-SegmentedRaftLogWorker: created new log segment /github/workspace/mnt/ozone/hadoop-ozone/integration-test/target/test-dir/MiniOzoneClusterImpl-5b5774a2-bf3c-4723-a113-e238e3f8131c/datanode-5/data/ratis/8c898d1a-493f-4263-bb67-57bbeb97fb30/current/log_inprogress_0
2021-03-01 18:11:44,046 [Thread-4408] INFO  impl.FollowerState (FollowerState.java:run(133)) - 71037dd0-5a6b-4f94-9c1b-4fa0a4e676f4@group-4F4DB0BBC152-FollowerState: change to CANDIDATE, lastRpcElapsedTime:5172376210ns, electionTimeout:5172ms
2021-03-01 18:11:44,047 [Thread-4408] INFO  impl.RoleInfo (RoleInfo.java:shutdownFollowerState(108)) - 71037dd0-5a6b-4f94-9c1b-4fa0a4e676f4: shutdown 71037dd0-5a6b-4f94-9c1b-4fa0a4e676f4@group-4F4DB0BBC152-FollowerState
2021-03-01 18:11:44,047 [Thread-4408] INFO  server.RaftServer$Division (RaftServerImpl.java:setRole(284)) - 71037dd0-5a6b-4f94-9c1b-4fa0a4e676f4@group-4F4DB0BBC152: changes role from  FOLLOWER to CANDIDATE at term 0 for changeToCandidate
2021-03-01 18:11:44,048 [Thread-4408] INFO  server.RaftServerConfigKeys (ConfUtils.java:logGet(44)) - raft.server.leaderelection.pre-vote = false (custom)
2021-03-01 18:11:44,048 [Thread-4408] INFO  impl.RoleInfo (RoleInfo.java:updateAndGet(130)) - 71037dd0-5a6b-4f94-9c1b-4fa0a4e676f4: start 71037dd0-5a6b-4f94-9c1b-4fa0a4e676f4@group-4F4DB0BBC152-LeaderElection212
2021-03-01 18:11:44,051 [71037dd0-5a6b-4f94-9c1b-4fa0a4e676f4@group-4F4DB0BBC152-LeaderElection212] INFO  impl.LeaderElection (LeaderElection.java:askForVotes(307)) - 71037dd0-5a6b-4f94-9c1b-4fa0a4e676f4@group-4F4DB0BBC152-LeaderElection212 ELECTION round 0: submit vote requests at term 1 for -1: [71037dd0-5a6b-4f94-9c1b-4fa0a4e676f4|rpc:172.17.0.2:34359|priority:1], old=null
2021-03-01 18:11:44,051 [71037dd0-5a6b-4f94-9c1b-4fa0a4e676f4@group-4F4DB0BBC152-LeaderElection212] INFO  impl.LeaderElection (LeaderElection.java:askForVotes(309)) - 71037dd0-5a6b-4f94-9c1b-4fa0a4e676f4@group-4F4DB0BBC152-LeaderElection212 ELECTION round 0: result PASSED (term=1)
2021-03-01 18:11:44,051 [71037dd0-5a6b-4f94-9c1b-4fa0a4e676f4@group-4F4DB0BBC152-LeaderElection212] INFO  impl.RoleInfo (RoleInfo.java:shutdownLeaderElection(121)) - 71037dd0-5a6b-4f94-9c1b-4fa0a4e676f4: shutdown 71037dd0-5a6b-4f94-9c1b-4fa0a4e676f4@group-4F4DB0BBC152-LeaderElection212
2021-03-01 18:11:44,051 [71037dd0-5a6b-4f94-9c1b-4fa0a4e676f4@group-4F4DB0BBC152-LeaderElection212] INFO  server.RaftServer$Division (RaftServerImpl.java:setRole(284)) - 71037dd0-5a6b-4f94-9c1b-4fa0a4e676f4@group-4F4DB0BBC152: changes role from CANDIDATE to LEADER at term 1 for changeToLeader
2021-03-01 18:11:44,051 [71037dd0-5a6b-4f94-9c1b-4fa0a4e676f4@group-4F4DB0BBC152-LeaderElection212] INFO  ratis.XceiverServerRatis (XceiverServerRatis.java:handleLeaderChangedNotification(899)) - Leader change notification received for group: group-4F4DB0BBC152 with new leaderId: 71037dd0-5a6b-4f94-9c1b-4fa0a4e676f4
2021-03-01 18:11:44,051 [71037dd0-5a6b-4f94-9c1b-4fa0a4e676f4@group-4F4DB0BBC152-LeaderElection212] INFO  server.RaftServer$Division (ServerState.java:setLeader(271)) - 71037dd0-5a6b-4f94-9c1b-4fa0a4e676f4@group-4F4DB0BBC152: change Leader from null to 71037dd0-5a6b-4f94-9c1b-4fa0a4e676f4 at term 1 for becomeLeader, leader elected after 5185ms
2021-03-01 18:11:44,051 [71037dd0-5a6b-4f94-9c1b-4fa0a4e676f4@group-4F4DB0BBC152-LeaderElection212] INFO  server.RaftServerConfigKeys (ConfUtils.java:logGet(44)) - raft.server.staging.catchup.gap = 1000 (default)
2021-03-01 18:11:44,051 [71037dd0-5a6b-4f94-9c1b-4fa0a4e676f4@group-4F4DB0BBC152-LeaderElection212] INFO  metrics.RatisMetrics (RatisMetrics.java:lambda$create$0(36)) - Creating Metrics Registry : ratis.log_appender.71037dd0-5a6b-4f94-9c1b-4fa0a4e676f4@group-4F4DB0BBC152
2021-03-01 18:11:44,052 [71037dd0-5a6b-4f94-9c1b-4fa0a4e676f4@group-4F4DB0BBC152-LeaderElection212] INFO  server.RaftServerConfigKeys (ConfUtils.java:logGet(44)) - raft.server.write.element-limit = 1024 (custom)
2021-03-01 18:11:44,052 [71037dd0-5a6b-4f94-9c1b-4fa0a4e676f4@group-4F4DB0BBC152-LeaderElection212] INFO  server.RaftServerConfigKeys (ConfUtils.java:logGet(44)) - raft.server.write.byte-limit = 1073741824 (custom)
2021-03-01 18:11:44,052 [71037dd0-5a6b-4f94-9c1b-4fa0a4e676f4@group-4F4DB0BBC152-LeaderElection212] INFO  server.RaftServerConfigKeys (ConfUtils.java:logGet(44)) - raft.server.watch.timeout = 3000ms (custom)
2021-03-01 18:11:44,052 [71037dd0-5a6b-4f94-9c1b-4fa0a4e676f4@group-4F4DB0BBC152-LeaderElection212] INFO  server.RaftServerConfigKeys (ConfUtils.java:logGet(44)) - raft.server.watch.timeout.denomination = 1s (default)
2021-03-01 18:11:44,052 [71037dd0-5a6b-4f94-9c1b-4fa0a4e676f4@group-4F4DB0BBC152-LeaderElection212] INFO  server.RaftServerConfigKeys (ConfUtils.java:logGet(44)) - raft.server.watch.element-limit = 65536 (default)
2021-03-01 18:11:44,052 [71037dd0-5a6b-4f94-9c1b-4fa0a4e676f4@group-4F4DB0BBC152-LeaderElection212] INFO  impl.RoleInfo (RoleInfo.java:updateAndGet(130)) - 71037dd0-5a6b-4f94-9c1b-4fa0a4e676f4: start 71037dd0-5a6b-4f94-9c1b-4fa0a4e676f4@group-4F4DB0BBC152-LeaderStateImpl
2021-03-01 18:11:44,053 [71037dd0-5a6b-4f94-9c1b-4fa0a4e676f4@group-4F4DB0BBC152-LeaderElection212] INFO  segmented.SegmentedRaftLogWorker (SegmentedRaftLogWorker.java:startLogSegment(392)) - 71037dd0-5a6b-4f94-9c1b-4fa0a4e676f4@group-4F4DB0BBC152-SegmentedRaftLogWorker: Starting segment from index:0
2021-03-01 18:11:44,054 [71037dd0-5a6b-4f94-9c1b-4fa0a4e676f4@group-4F4DB0BBC152-LeaderElection212] INFO  server.RaftServer$Division (ServerState.java:setRaftConf(373)) - 71037dd0-5a6b-4f94-9c1b-4fa0a4e676f4@group-4F4DB0BBC152: set configuration 0: [71037dd0-5a6b-4f94-9c1b-4fa0a4e676f4|rpc:172.17.0.2:34359|dataStream:|priority:1], old=null
2021-03-01 18:11:44,055 [71037dd0-5a6b-4f94-9c1b-4fa0a4e676f4@group-4F4DB0BBC152-SegmentedRaftLogWorker] INFO  segmented.SegmentedRaftLogWorker (SegmentedRaftLogWorker.java:execute(599)) - 71037dd0-5a6b-4f94-9c1b-4fa0a4e676f4@group-4F4DB0BBC152-SegmentedRaftLogWorker: created new log segment /github/workspace/mnt/ozone/hadoop-ozone/integration-test/target/test-dir/MiniOzoneClusterImpl-5b5774a2-bf3c-4723-a113-e238e3f8131c/datanode-6/data/ratis/b9276fcd-15cd-49bc-b74b-4f4db0bbc152/current/log_inprogress_0
2021-03-01 18:11:45,814 [EventQueue-Delayed safe mode statusForReplicationManager] INFO  container.ReplicationManager (ReplicationManager.java:start(186)) - Starting Replication Monitor Thread.
2021-03-01 18:11:45,815 [ReplicationMonitor] INFO  container.ReplicationManager (ReplicationManager.java:run(250)) - Replication Monitor Thread took 1 milliseconds for processing 1 containers.
2021-03-01 18:11:47,863 [Thread-4433] INFO  impl.FollowerState (FollowerState.java:run(133)) - 0f049040-6e0c-4cd4-a487-c7f09e7e4ba1@group-183949E5868D-FollowerState: change to CANDIDATE, lastRpcElapsedTime:5007489500ns, electionTimeout:5007ms
2021-03-01 18:11:47,864 [Thread-4433] INFO  impl.RoleInfo (RoleInfo.java:shutdownFollowerState(108)) - 0f049040-6e0c-4cd4-a487-c7f09e7e4ba1: shutdown 0f049040-6e0c-4cd4-a487-c7f09e7e4ba1@group-183949E5868D-FollowerState
2021-03-01 18:11:47,864 [Thread-4433] INFO  server.RaftServer$Division (RaftServerImpl.java:setRole(284)) - 0f049040-6e0c-4cd4-a487-c7f09e7e4ba1@group-183949E5868D: changes role from  FOLLOWER to CANDIDATE at term 1 for changeToCandidate
2021-03-01 18:11:47,864 [Thread-4433] INFO  server.RaftServerConfigKeys (ConfUtils.java:logGet(44)) - raft.server.leaderelection.pre-vote = false (custom)
2021-03-01 18:11:47,864 [Thread-4433] INFO  impl.RoleInfo (RoleInfo.java:updateAndGet(130)) - 0f049040-6e0c-4cd4-a487-c7f09e7e4ba1: start 0f049040-6e0c-4cd4-a487-c7f09e7e4ba1@group-183949E5868D-LeaderElection213
2021-03-01 18:11:47,865 [0f049040-6e0c-4cd4-a487-c7f09e7e4ba1@group-183949E5868D-LeaderElection213] INFO  impl.LeaderElection (LeaderElection.java:askForVotes(307)) - 0f049040-6e0c-4cd4-a487-c7f09e7e4ba1@group-183949E5868D-LeaderElection213 ELECTION round 0: submit vote requests at term 2 for -1: [f258d114-ea47-4d12-8964-639f425ab8d0|rpc:172.17.0.2:45265|priority:0, a5a3f093-0768-4d4b-b08f-053c130678b3|rpc:172.17.0.2:40499|priority:0, 0f049040-6e0c-4cd4-a487-c7f09e7e4ba1|rpc:172.17.0.2:45527|priority:1], old=null
2021-03-01 18:11:47,866 [grpc-default-executor-5] INFO  server.RaftServer$Division (RaftServerImpl.java:requestVote(1025)) - a5a3f093-0768-4d4b-b08f-053c130678b3@group-183949E5868D: receive requestVote(ELECTION, 0f049040-6e0c-4cd4-a487-c7f09e7e4ba1, group-183949E5868D, 2, (t:0, i:0))
2021-03-01 18:11:47,866 [grpc-default-executor-5] INFO  impl.VoteContext (VoteContext.java:log(48)) - a5a3f093-0768-4d4b-b08f-053c130678b3@group-183949E5868D-FOLLOWER: accept ELECTION from 0f049040-6e0c-4cd4-a487-c7f09e7e4ba1: our priority 0 <= candidate's priority 1
2021-03-01 18:11:47,866 [grpc-default-executor-5] INFO  server.RaftServer$Division (RaftServerImpl.java:setRole(284)) - a5a3f093-0768-4d4b-b08f-053c130678b3@group-183949E5868D: changes role from  FOLLOWER to FOLLOWER at term 2 for candidate:0f049040-6e0c-4cd4-a487-c7f09e7e4ba1
2021-03-01 18:11:47,866 [grpc-default-executor-5] INFO  impl.RoleInfo (RoleInfo.java:shutdownFollowerState(108)) - a5a3f093-0768-4d4b-b08f-053c130678b3: shutdown a5a3f093-0768-4d4b-b08f-053c130678b3@group-183949E5868D-FollowerState
2021-03-01 18:11:47,866 [grpc-default-executor-5] INFO  impl.RoleInfo (RoleInfo.java:updateAndGet(130)) - a5a3f093-0768-4d4b-b08f-053c130678b3: start a5a3f093-0768-4d4b-b08f-053c130678b3@group-183949E5868D-FollowerState
2021-03-01 18:11:47,866 [grpc-default-executor-2] INFO  server.RaftServer$Division (RaftServerImpl.java:requestVote(1025)) - f258d114-ea47-4d12-8964-639f425ab8d0@group-183949E5868D: receive requestVote(ELECTION, 0f049040-6e0c-4cd4-a487-c7f09e7e4ba1, group-183949E5868D, 2, (t:0, i:0))
2021-03-01 18:11:47,866 [grpc-default-executor-2] INFO  impl.VoteContext (VoteContext.java:log(48)) - f258d114-ea47-4d12-8964-639f425ab8d0@group-183949E5868D-FOLLOWER: accept ELECTION from 0f049040-6e0c-4cd4-a487-c7f09e7e4ba1: our priority 0 <= candidate's priority 1
2021-03-01 18:11:47,867 [grpc-default-executor-2] INFO  server.RaftServer$Division (RaftServerImpl.java:setRole(284)) - f258d114-ea47-4d12-8964-639f425ab8d0@group-183949E5868D: changes role from  FOLLOWER to FOLLOWER at term 2 for candidate:0f049040-6e0c-4cd4-a487-c7f09e7e4ba1
2021-03-01 18:11:47,867 [grpc-default-executor-2] INFO  impl.RoleInfo (RoleInfo.java:shutdownFollowerState(108)) - f258d114-ea47-4d12-8964-639f425ab8d0: shutdown f258d114-ea47-4d12-8964-639f425ab8d0@group-183949E5868D-FollowerState
2021-03-01 18:11:47,867 [Thread-4431] INFO  impl.FollowerState (FollowerState.java:run(142)) - a5a3f093-0768-4d4b-b08f-053c130678b3@group-183949E5868D-FollowerState was interrupted: {}
java.lang.InterruptedException: sleep interrupted
	at java.lang.Thread.sleep(Native Method)
	at java.lang.Thread.sleep(Thread.java:340)
	at java.util.concurrent.TimeUnit.sleep(TimeUnit.java:386)
	at org.apache.ratis.util.TimeDuration.sleep(TimeDuration.java:324)
	at org.apache.ratis.util.TimeDuration.sleep(TimeDuration.java:309)
	at org.apache.ratis.server.impl.FollowerState.run(FollowerState.java:117)
2021-03-01 18:11:47,867 [grpc-default-executor-2] INFO  impl.RoleInfo (RoleInfo.java:updateAndGet(130)) - f258d114-ea47-4d12-8964-639f425ab8d0: start f258d114-ea47-4d12-8964-639f425ab8d0@group-183949E5868D-FollowerState
2021-03-01 18:11:47,867 [Thread-4430] INFO  impl.FollowerState (FollowerState.java:run(142)) - f258d114-ea47-4d12-8964-639f425ab8d0@group-183949E5868D-FollowerState was interrupted: {}
java.lang.InterruptedException: sleep interrupted
	at java.lang.Thread.sleep(Native Method)
	at java.lang.Thread.sleep(Thread.java:340)
	at java.util.concurrent.TimeUnit.sleep(TimeUnit.java:386)
	at org.apache.ratis.util.TimeDuration.sleep(TimeDuration.java:324)
	at org.apache.ratis.util.TimeDuration.sleep(TimeDuration.java:309)
	at org.apache.ratis.server.impl.FollowerState.run(FollowerState.java:117)
2021-03-01 18:11:47,868 [grpc-default-executor-5] INFO  server.RaftServer$Division (RaftServerImpl.java:requestVote(1057)) - a5a3f093-0768-4d4b-b08f-053c130678b3@group-183949E5868D replies to ELECTION vote request: 0f049040-6e0c-4cd4-a487-c7f09e7e4ba1<-a5a3f093-0768-4d4b-b08f-053c130678b3#0:OK-t2. Peer's state: a5a3f093-0768-4d4b-b08f-053c130678b3@group-183949E5868D:t2, leader=null, voted=0f049040-6e0c-4cd4-a487-c7f09e7e4ba1, raftlog=a5a3f093-0768-4d4b-b08f-053c130678b3@group-183949E5868D-SegmentedRaftLog:OPENED:c-1,f-1,i0, conf=-1: [f258d114-ea47-4d12-8964-639f425ab8d0|rpc:172.17.0.2:45265|dataStream:|priority:0, a5a3f093-0768-4d4b-b08f-053c130678b3|rpc:172.17.0.2:40499|dataStream:|priority:0, 0f049040-6e0c-4cd4-a487-c7f09e7e4ba1|rpc:172.17.0.2:45527|dataStream:|priority:1], old=null
2021-03-01 18:11:47,868 [grpc-default-executor-2] INFO  server.RaftServer$Division (RaftServerImpl.java:requestVote(1057)) - f258d114-ea47-4d12-8964-639f425ab8d0@group-183949E5868D replies to ELECTION vote request: 0f049040-6e0c-4cd4-a487-c7f09e7e4ba1<-f258d114-ea47-4d12-8964-639f425ab8d0#0:OK-t2. Peer's state: f258d114-ea47-4d12-8964-639f425ab8d0@group-183949E5868D:t2, leader=null, voted=0f049040-6e0c-4cd4-a487-c7f09e7e4ba1, raftlog=f258d114-ea47-4d12-8964-639f425ab8d0@group-183949E5868D-SegmentedRaftLog:OPENED:c-1,f-1,i0, conf=-1: [f258d114-ea47-4d12-8964-639f425ab8d0|rpc:172.17.0.2:45265|dataStream:|priority:0, a5a3f093-0768-4d4b-b08f-053c130678b3|rpc:172.17.0.2:40499|dataStream:|priority:0, 0f049040-6e0c-4cd4-a487-c7f09e7e4ba1|rpc:172.17.0.2:45527|dataStream:|priority:1], old=null
2021-03-01 18:11:47,868 [0f049040-6e0c-4cd4-a487-c7f09e7e4ba1@group-183949E5868D-LeaderElection213] INFO  impl.LeaderElection (LeaderElection.java:logAndReturn(89)) - 0f049040-6e0c-4cd4-a487-c7f09e7e4ba1@group-183949E5868D-LeaderElection213: ELECTION PASSED received 1 response(s) and 0 exception(s):
2021-03-01 18:11:47,868 [0f049040-6e0c-4cd4-a487-c7f09e7e4ba1@group-183949E5868D-LeaderElection213] INFO  impl.LeaderElection (LeaderElection.java:logAndReturn(93)) -   Response 0: 0f049040-6e0c-4cd4-a487-c7f09e7e4ba1<-a5a3f093-0768-4d4b-b08f-053c130678b3#0:OK-t2
2021-03-01 18:11:47,868 [0f049040-6e0c-4cd4-a487-c7f09e7e4ba1@group-183949E5868D-LeaderElection213] INFO  impl.LeaderElection (LeaderElection.java:askForVotes(309)) - 0f049040-6e0c-4cd4-a487-c7f09e7e4ba1@group-183949E5868D-LeaderElection213 ELECTION round 0: result PASSED
2021-03-01 18:11:47,868 [0f049040-6e0c-4cd4-a487-c7f09e7e4ba1@group-183949E5868D-LeaderElection213] INFO  impl.RoleInfo (RoleInfo.java:shutdownLeaderElection(121)) - 0f049040-6e0c-4cd4-a487-c7f09e7e4ba1: shutdown 0f049040-6e0c-4cd4-a487-c7f09e7e4ba1@group-183949E5868D-LeaderElection213
2021-03-01 18:11:47,868 [0f049040-6e0c-4cd4-a487-c7f09e7e4ba1@group-183949E5868D-LeaderElection213] INFO  server.RaftServer$Division (RaftServerImpl.java:setRole(284)) - 0f049040-6e0c-4cd4-a487-c7f09e7e4ba1@group-183949E5868D: changes role from CANDIDATE to LEADER at term 2 for changeToLeader
2021-03-01 18:11:47,868 [0f049040-6e0c-4cd4-a487-c7f09e7e4ba1@group-183949E5868D-LeaderElection213] INFO  ratis.XceiverServerRatis (XceiverServerRatis.java:handleLeaderChangedNotification(899)) - Leader change notification received for group: group-183949E5868D with new leaderId: 0f049040-6e0c-4cd4-a487-c7f09e7e4ba1
2021-03-01 18:11:47,869 [0f049040-6e0c-4cd4-a487-c7f09e7e4ba1@group-183949E5868D-LeaderElection213] INFO  server.RaftServer$Division (ServerState.java:setLeader(271)) - 0f049040-6e0c-4cd4-a487-c7f09e7e4ba1@group-183949E5868D: change Leader from null to 0f049040-6e0c-4cd4-a487-c7f09e7e4ba1 at term 2 for becomeLeader, leader elected after 10214ms
2021-03-01 18:11:47,869 [0f049040-6e0c-4cd4-a487-c7f09e7e4ba1@group-183949E5868D-LeaderElection213] INFO  server.RaftServerConfigKeys (ConfUtils.java:logGet(44)) - raft.server.staging.catchup.gap = 1000 (default)
2021-03-01 18:11:47,869 [0f049040-6e0c-4cd4-a487-c7f09e7e4ba1@group-183949E5868D-LeaderElection213] INFO  metrics.RatisMetrics (RatisMetrics.java:lambda$create$0(36)) - Creating Metrics Registry : ratis.log_appender.0f049040-6e0c-4cd4-a487-c7f09e7e4ba1@group-183949E5868D
2021-03-01 18:11:47,869 [0f049040-6e0c-4cd4-a487-c7f09e7e4ba1@group-183949E5868D-LeaderElection213] INFO  server.RaftServerConfigKeys (ConfUtils.java:logGet(44)) - raft.server.write.element-limit = 1024 (custom)
2021-03-01 18:11:47,869 [0f049040-6e0c-4cd4-a487-c7f09e7e4ba1@group-183949E5868D-LeaderElection213] INFO  server.RaftServerConfigKeys (ConfUtils.java:logGet(44)) - raft.server.write.byte-limit = 1073741824 (custom)
2021-03-01 18:11:47,870 [0f049040-6e0c-4cd4-a487-c7f09e7e4ba1@group-183949E5868D-LeaderElection213] INFO  server.RaftServerConfigKeys (ConfUtils.java:logGet(44)) - raft.server.watch.timeout = 3000ms (custom)
2021-03-01 18:11:47,870 [0f049040-6e0c-4cd4-a487-c7f09e7e4ba1@group-183949E5868D-LeaderElection213] INFO  server.RaftServerConfigKeys (ConfUtils.java:logGet(44)) - raft.server.watch.timeout.denomination = 1s (default)
2021-03-01 18:11:47,870 [0f049040-6e0c-4cd4-a487-c7f09e7e4ba1@group-183949E5868D-LeaderElection213] INFO  server.RaftServerConfigKeys (ConfUtils.java:logGet(44)) - raft.server.watch.element-limit = 65536 (default)
2021-03-01 18:11:47,870 [0f049040-6e0c-4cd4-a487-c7f09e7e4ba1@group-183949E5868D-LeaderElection213] INFO  server.RaftServerConfigKeys (ConfUtils.java:logGet(44)) - raft.server.log.appender.snapshot.chunk.size.max = 16MB (=16777216) (default)
2021-03-01 18:11:47,870 [0f049040-6e0c-4cd4-a487-c7f09e7e4ba1@group-183949E5868D-LeaderElection213] INFO  server.RaftServerConfigKeys (ConfUtils.java:logGet(44)) - raft.server.log.appender.buffer.byte-limit = 33554432 (custom)
2021-03-01 18:11:47,870 [0f049040-6e0c-4cd4-a487-c7f09e7e4ba1@group-183949E5868D-LeaderElection213] INFO  server.RaftServerConfigKeys (ConfUtils.java:logGet(44)) - raft.server.log.appender.buffer.element-limit = 1 (custom)
2021-03-01 18:11:47,870 [0f049040-6e0c-4cd4-a487-c7f09e7e4ba1@group-183949E5868D-LeaderElection213] INFO  grpc.GrpcConfigKeys (ConfUtils.java:logGet(44)) - raft.grpc.server.leader.outstanding.appends.max = 128 (default)
2021-03-01 18:11:47,870 [0f049040-6e0c-4cd4-a487-c7f09e7e4ba1@group-183949E5868D-LeaderElection213] INFO  server.RaftServerConfigKeys (ConfUtils.java:logGet(44)) - raft.server.rpc.request.timeout = 3000ms (default)
2021-03-01 18:11:47,870 [0f049040-6e0c-4cd4-a487-c7f09e7e4ba1@group-183949E5868D-LeaderElection213] INFO  server.RaftServerConfigKeys (ConfUtils.java:logGet(44)) - raft.server.log.appender.install.snapshot.enabled = false (custom)
2021-03-01 18:11:47,870 [0f049040-6e0c-4cd4-a487-c7f09e7e4ba1@group-183949E5868D-LeaderElection213] INFO  metrics.RatisMetrics (RatisMetrics.java:lambda$create$0(36)) - Creating Metrics Registry : ratis_grpc.log_appender.0f049040-6e0c-4cd4-a487-c7f09e7e4ba1@group-183949E5868D
2021-03-01 18:11:47,871 [Thread-4435] INFO  impl.FollowerState (FollowerState.java:run(133)) - f258d114-ea47-4d12-8964-639f425ab8d0@group-56E890C13FB3-FollowerState: change to CANDIDATE, lastRpcElapsedTime:5010636519ns, electionTimeout:5010ms
2021-03-01 18:11:47,871 [Thread-4435] INFO  impl.RoleInfo (RoleInfo.java:shutdownFollowerState(108)) - f258d114-ea47-4d12-8964-639f425ab8d0: shutdown f258d114-ea47-4d12-8964-639f425ab8d0@group-56E890C13FB3-FollowerState
2021-03-01 18:11:47,871 [Thread-4435] INFO  server.RaftServer$Division (RaftServerImpl.java:setRole(284)) - f258d114-ea47-4d12-8964-639f425ab8d0@group-56E890C13FB3: changes role from  FOLLOWER to CANDIDATE at term 2 for changeToCandidate
2021-03-01 18:11:47,871 [Thread-4435] INFO  server.RaftServerConfigKeys (ConfUtils.java:logGet(44)) - raft.server.leaderelection.pre-vote = false (custom)
2021-03-01 18:11:47,871 [Thread-4435] INFO  impl.RoleInfo (RoleInfo.java:updateAndGet(130)) - f258d114-ea47-4d12-8964-639f425ab8d0: start f258d114-ea47-4d12-8964-639f425ab8d0@group-56E890C13FB3-LeaderElection214
2021-03-01 18:11:47,871 [EventQueue-PipelineReportForPipelineReportHandler] INFO  pipeline.PipelineStateManager (PipelineStateManager.java:openPipeline(132)) - Pipeline Pipeline[ Id: 6a91cd44-6d96-4d75-88f7-183949e5868d, Nodes: 0f049040-6e0c-4cd4-a487-c7f09e7e4ba1{ip: 172.17.0.2, host: 83787af071e2, ports: [REPLICATION=39923, RATIS=45527, RATIS_ADMIN=45527, RATIS_SERVER=45527, STANDALONE=32999], networkLocation: /default-rack, certSerialId: null, persistedOpState: IN_SERVICE, persistedOpStateExpiryEpochSec: 0}a5a3f093-0768-4d4b-b08f-053c130678b3{ip: 172.17.0.2, host: 83787af071e2, ports: [REPLICATION=35041, RATIS=40499, RATIS_ADMIN=40499, RATIS_SERVER=40499, STANDALONE=42875], networkLocation: /default-rack, certSerialId: null, persistedOpState: IN_SERVICE, persistedOpStateExpiryEpochSec: 0}f258d114-ea47-4d12-8964-639f425ab8d0{ip: 172.17.0.2, host: 83787af071e2, ports: [REPLICATION=37693, RATIS=45265, RATIS_ADMIN=45265, RATIS_SERVER=45265, STANDALONE=34123], networkLocation: /default-rack, certSerialId: null, persistedOpState: IN_SERVICE, persistedOpStateExpiryEpochSec: 0}, Type:RATIS, Factor:THREE, State:ALLOCATED, leaderId:0f049040-6e0c-4cd4-a487-c7f09e7e4ba1, CreationTimestamp2021-03-01T18:11:34.994Z] moved to OPEN state
2021-03-01 18:11:47,874 [0f049040-6e0c-4cd4-a487-c7f09e7e4ba1@group-183949E5868D-LeaderElection213] INFO  server.RaftServerConfigKeys (ConfUtils.java:logGet(44)) - raft.server.log.appender.snapshot.chunk.size.max = 16MB (=16777216) (default)
2021-03-01 18:11:47,874 [0f049040-6e0c-4cd4-a487-c7f09e7e4ba1@group-183949E5868D-LeaderElection213] INFO  server.RaftServerConfigKeys (ConfUtils.java:logGet(44)) - raft.server.log.appender.buffer.byte-limit = 33554432 (custom)
2021-03-01 18:11:47,874 [0f049040-6e0c-4cd4-a487-c7f09e7e4ba1@group-183949E5868D-LeaderElection213] INFO  server.RaftServerConfigKeys (ConfUtils.java:logGet(44)) - raft.server.log.appender.buffer.element-limit = 1 (custom)
2021-03-01 18:11:47,875 [0f049040-6e0c-4cd4-a487-c7f09e7e4ba1@group-183949E5868D-LeaderElection213] INFO  grpc.GrpcConfigKeys (ConfUtils.java:logGet(44)) - raft.grpc.server.leader.outstanding.appends.max = 128 (default)
2021-03-01 18:11:47,875 [0f049040-6e0c-4cd4-a487-c7f09e7e4ba1@group-183949E5868D-LeaderElection213] INFO  server.RaftServerConfigKeys (ConfUtils.java:logGet(44)) - raft.server.rpc.request.timeout = 3000ms (default)
2021-03-01 18:11:47,875 [0f049040-6e0c-4cd4-a487-c7f09e7e4ba1@group-183949E5868D-LeaderElection213] INFO  server.RaftServerConfigKeys (ConfUtils.java:logGet(44)) - raft.server.log.appender.install.snapshot.enabled = false (custom)
2021-03-01 18:11:47,875 [f258d114-ea47-4d12-8964-639f425ab8d0@group-56E890C13FB3-LeaderElection214] INFO  impl.LeaderElection (LeaderElection.java:askForVotes(307)) - f258d114-ea47-4d12-8964-639f425ab8d0@group-56E890C13FB3-LeaderElection214 ELECTION round 0: submit vote requests at term 3 for -1: [f258d114-ea47-4d12-8964-639f425ab8d0|rpc:172.17.0.2:45265|dataStream:|priority:0, a5a3f093-0768-4d4b-b08f-053c130678b3|rpc:172.17.0.2:40499|dataStream:|priority:1, 0f049040-6e0c-4cd4-a487-c7f09e7e4ba1|rpc:172.17.0.2:45527|dataStream:|priority:0], old=null
2021-03-01 18:11:47,877 [0f049040-6e0c-4cd4-a487-c7f09e7e4ba1@group-183949E5868D-LeaderElection213] INFO  impl.RoleInfo (RoleInfo.java:updateAndGet(130)) - 0f049040-6e0c-4cd4-a487-c7f09e7e4ba1: start 0f049040-6e0c-4cd4-a487-c7f09e7e4ba1@group-183949E5868D-LeaderStateImpl
2021-03-01 18:11:47,877 [0f049040-6e0c-4cd4-a487-c7f09e7e4ba1@group-183949E5868D-LeaderElection213] INFO  segmented.SegmentedRaftLogWorker (SegmentedRaftLogWorker.java:startLogSegment(392)) - 0f049040-6e0c-4cd4-a487-c7f09e7e4ba1@group-183949E5868D-SegmentedRaftLogWorker: Starting segment from index:0
2021-03-01 18:11:47,879 [grpc-default-executor-2] INFO  server.RaftServer$Division (RaftServerImpl.java:requestVote(1025)) - 0f049040-6e0c-4cd4-a487-c7f09e7e4ba1@group-56E890C13FB3: receive requestVote(ELECTION, f258d114-ea47-4d12-8964-639f425ab8d0, group-56E890C13FB3, 3, (t:0, i:0))
2021-03-01 18:11:47,879 [grpc-default-executor-2] INFO  impl.VoteContext (VoteContext.java:log(48)) - 0f049040-6e0c-4cd4-a487-c7f09e7e4ba1@group-56E890C13FB3-FOLLOWER: accept ELECTION from f258d114-ea47-4d12-8964-639f425ab8d0: our priority 0 <= candidate's priority 0
2021-03-01 18:11:47,879 [grpc-default-executor-2] INFO  server.RaftServer$Division (RaftServerImpl.java:setRole(284)) - 0f049040-6e0c-4cd4-a487-c7f09e7e4ba1@group-56E890C13FB3: changes role from  FOLLOWER to FOLLOWER at term 3 for candidate:f258d114-ea47-4d12-8964-639f425ab8d0
2021-03-01 18:11:47,879 [grpc-default-executor-2] INFO  impl.RoleInfo (RoleInfo.java:shutdownFollowerState(108)) - 0f049040-6e0c-4cd4-a487-c7f09e7e4ba1: shutdown 0f049040-6e0c-4cd4-a487-c7f09e7e4ba1@group-56E890C13FB3-FollowerState
2021-03-01 18:11:47,879 [0f049040-6e0c-4cd4-a487-c7f09e7e4ba1@group-183949E5868D-SegmentedRaftLogWorker] INFO  segmented.SegmentedRaftLogWorker (SegmentedRaftLogWorker.java:execute(599)) - 0f049040-6e0c-4cd4-a487-c7f09e7e4ba1@group-183949E5868D-SegmentedRaftLogWorker: created new log segment /github/workspace/mnt/ozone/hadoop-ozone/integration-test/target/test-dir/MiniOzoneClusterImpl-5b5774a2-bf3c-4723-a113-e238e3f8131c/datanode-0/data/ratis/6a91cd44-6d96-4d75-88f7-183949e5868d/current/log_inprogress_0
2021-03-01 18:11:47,879 [grpc-default-executor-5] INFO  server.RaftServer$Division (RaftServerImpl.java:requestVote(1025)) - a5a3f093-0768-4d4b-b08f-053c130678b3@group-56E890C13FB3: receive requestVote(ELECTION, f258d114-ea47-4d12-8964-639f425ab8d0, group-56E890C13FB3, 3, (t:0, i:0))
2021-03-01 18:11:47,879 [grpc-default-executor-5] INFO  impl.VoteContext (VoteContext.java:log(48)) - a5a3f093-0768-4d4b-b08f-053c130678b3@group-56E890C13FB3-FOLLOWER: reject ELECTION from f258d114-ea47-4d12-8964-639f425ab8d0: our last entry (t:1, i:0) > candidate's last entry (t:0, i:0)
2021-03-01 18:11:47,879 [grpc-default-executor-5] INFO  server.RaftServer$Division (RaftServerImpl.java:setRole(284)) - a5a3f093-0768-4d4b-b08f-053c130678b3@group-56E890C13FB3: changes role from  FOLLOWER to FOLLOWER at term 3 for candidate:f258d114-ea47-4d12-8964-639f425ab8d0
2021-03-01 18:11:47,879 [grpc-default-executor-5] INFO  impl.RoleInfo (RoleInfo.java:shutdownFollowerState(108)) - a5a3f093-0768-4d4b-b08f-053c130678b3: shutdown a5a3f093-0768-4d4b-b08f-053c130678b3@group-56E890C13FB3-FollowerState
2021-03-01 18:11:47,880 [grpc-default-executor-5] INFO  impl.RoleInfo (RoleInfo.java:updateAndGet(130)) - a5a3f093-0768-4d4b-b08f-053c130678b3: start a5a3f093-0768-4d4b-b08f-053c130678b3@group-56E890C13FB3-FollowerState
2021-03-01 18:11:47,880 [grpc-default-executor-2] INFO  impl.RoleInfo (RoleInfo.java:updateAndGet(130)) - 0f049040-6e0c-4cd4-a487-c7f09e7e4ba1: start 0f049040-6e0c-4cd4-a487-c7f09e7e4ba1@group-56E890C13FB3-FollowerState
2021-03-01 18:11:47,880 [Thread-4425] INFO  impl.FollowerState (FollowerState.java:run(142)) - 0f049040-6e0c-4cd4-a487-c7f09e7e4ba1@group-56E890C13FB3-FollowerState was interrupted: {}
java.lang.InterruptedException: sleep interrupted
	at java.lang.Thread.sleep(Native Method)
	at java.lang.Thread.sleep(Thread.java:340)
	at java.util.concurrent.TimeUnit.sleep(TimeUnit.java:386)
	at org.apache.ratis.util.TimeDuration.sleep(TimeDuration.java:324)
	at org.apache.ratis.util.TimeDuration.sleep(TimeDuration.java:309)
	at org.apache.ratis.server.impl.FollowerState.run(FollowerState.java:117)
2021-03-01 18:11:47,880 [Thread-4434] INFO  impl.FollowerState (FollowerState.java:run(142)) - a5a3f093-0768-4d4b-b08f-053c130678b3@group-56E890C13FB3-FollowerState was interrupted: {}
java.lang.InterruptedException: sleep interrupted
	at java.lang.Thread.sleep(Native Method)
	at java.lang.Thread.sleep(Thread.java:340)
	at java.util.concurrent.TimeUnit.sleep(TimeUnit.java:386)
	at org.apache.ratis.util.TimeDuration.sleep(TimeDuration.java:324)
	at org.apache.ratis.util.TimeDuration.sleep(TimeDuration.java:309)
	at org.apache.ratis.server.impl.FollowerState.run(FollowerState.java:117)
2021-03-01 18:11:47,883 [0f049040-6e0c-4cd4-a487-c7f09e7e4ba1@group-183949E5868D-LeaderElection213] INFO  server.RaftServer$Division (ServerState.java:setRaftConf(373)) - 0f049040-6e0c-4cd4-a487-c7f09e7e4ba1@group-183949E5868D: set configuration 0: [f258d114-ea47-4d12-8964-639f425ab8d0|rpc:172.17.0.2:45265|dataStream:|priority:0, a5a3f093-0768-4d4b-b08f-053c130678b3|rpc:172.17.0.2:40499|dataStream:|priority:0, 0f049040-6e0c-4cd4-a487-c7f09e7e4ba1|rpc:172.17.0.2:45527|dataStream:|priority:1], old=null
2021-03-01 18:11:47,884 [grpc-default-executor-2] INFO  server.RaftServer$Division (RaftServerImpl.java:requestVote(1057)) - 0f049040-6e0c-4cd4-a487-c7f09e7e4ba1@group-56E890C13FB3 replies to ELECTION vote request: f258d114-ea47-4d12-8964-639f425ab8d0<-0f049040-6e0c-4cd4-a487-c7f09e7e4ba1#0:OK-t3. Peer's state: 0f049040-6e0c-4cd4-a487-c7f09e7e4ba1@group-56E890C13FB3:t3, leader=null, voted=f258d114-ea47-4d12-8964-639f425ab8d0, raftlog=0f049040-6e0c-4cd4-a487-c7f09e7e4ba1@group-56E890C13FB3-SegmentedRaftLog:OPENED:c-1,f-1,i0, conf=-1: [f258d114-ea47-4d12-8964-639f425ab8d0|rpc:172.17.0.2:45265|priority:0, a5a3f093-0768-4d4b-b08f-053c130678b3|rpc:172.17.0.2:40499|priority:1, 0f049040-6e0c-4cd4-a487-c7f09e7e4ba1|rpc:172.17.0.2:45527|priority:0], old=null
2021-03-01 18:11:47,884 [grpc-default-executor-5] INFO  server.RaftServer$Division (RaftServerImpl.java:requestVote(1057)) - a5a3f093-0768-4d4b-b08f-053c130678b3@group-56E890C13FB3 replies to ELECTION vote request: f258d114-ea47-4d12-8964-639f425ab8d0<-a5a3f093-0768-4d4b-b08f-053c130678b3#0:FAIL-t3. Peer's state: a5a3f093-0768-4d4b-b08f-053c130678b3@group-56E890C13FB3:t3, leader=null, voted=null, raftlog=a5a3f093-0768-4d4b-b08f-053c130678b3@group-56E890C13FB3-SegmentedRaftLog:OPENED:c-1,f0,i0, conf=0: [f258d114-ea47-4d12-8964-639f425ab8d0|rpc:172.17.0.2:45265|dataStream:|priority:0, a5a3f093-0768-4d4b-b08f-053c130678b3|rpc:172.17.0.2:40499|dataStream:|priority:1, 0f049040-6e0c-4cd4-a487-c7f09e7e4ba1|rpc:172.17.0.2:45527|dataStream:|priority:0], old=null
2021-03-01 18:11:47,886 [grpc-default-executor-3] INFO  ratis.XceiverServerRatis (XceiverServerRatis.java:handleLeaderChangedNotification(899)) - Leader change notification received for group: group-183949E5868D with new leaderId: 0f049040-6e0c-4cd4-a487-c7f09e7e4ba1
2021-03-01 18:11:47,886 [grpc-default-executor-3] INFO  server.RaftServer$Division (ServerState.java:setLeader(271)) - f258d114-ea47-4d12-8964-639f425ab8d0@group-183949E5868D: change Leader from null to 0f049040-6e0c-4cd4-a487-c7f09e7e4ba1 at term 2 for appendEntries, leader elected after 10175ms
2021-03-01 18:11:47,892 [f258d114-ea47-4d12-8964-639f425ab8d0@group-56E890C13FB3-LeaderElection214] INFO  impl.LeaderElection (LeaderElection.java:logAndReturn(89)) - f258d114-ea47-4d12-8964-639f425ab8d0@group-56E890C13FB3-LeaderElection214: ELECTION REJECTED received 2 response(s) and 0 exception(s):
2021-03-01 18:11:47,892 [f258d114-ea47-4d12-8964-639f425ab8d0@group-56E890C13FB3-LeaderElection214] INFO  impl.LeaderElection (LeaderElection.java:logAndReturn(93)) -   Response 0: f258d114-ea47-4d12-8964-639f425ab8d0<-a5a3f093-0768-4d4b-b08f-053c130678b3#0:FAIL-t3
2021-03-01 18:11:47,892 [f258d114-ea47-4d12-8964-639f425ab8d0@group-56E890C13FB3-LeaderElection214] INFO  impl.LeaderElection (LeaderElection.java:logAndReturn(93)) -   Response 1: f258d114-ea47-4d12-8964-639f425ab8d0<-0f049040-6e0c-4cd4-a487-c7f09e7e4ba1#0:OK-t3
2021-03-01 18:11:47,892 [f258d114-ea47-4d12-8964-639f425ab8d0@group-56E890C13FB3-LeaderElection214] INFO  impl.LeaderElection (LeaderElection.java:askForVotes(309)) - f258d114-ea47-4d12-8964-639f425ab8d0@group-56E890C13FB3-LeaderElection214 ELECTION round 0: result REJECTED
2021-03-01 18:11:47,892 [f258d114-ea47-4d12-8964-639f425ab8d0@group-56E890C13FB3-LeaderElection214] INFO  server.RaftServer$Division (RaftServerImpl.java:setRole(284)) - f258d114-ea47-4d12-8964-639f425ab8d0@group-56E890C13FB3: changes role from CANDIDATE to FOLLOWER at term 3 for REJECTED
2021-03-01 18:11:47,892 [f258d114-ea47-4d12-8964-639f425ab8d0@group-56E890C13FB3-LeaderElection214] INFO  impl.RoleInfo (RoleInfo.java:shutdownLeaderElection(121)) - f258d114-ea47-4d12-8964-639f425ab8d0: shutdown f258d114-ea47-4d12-8964-639f425ab8d0@group-56E890C13FB3-LeaderElection214
2021-03-01 18:11:47,892 [f258d114-ea47-4d12-8964-639f425ab8d0@group-56E890C13FB3-LeaderElection214] INFO  impl.RoleInfo (RoleInfo.java:updateAndGet(130)) - f258d114-ea47-4d12-8964-639f425ab8d0: start f258d114-ea47-4d12-8964-639f425ab8d0@group-56E890C13FB3-FollowerState
2021-03-01 18:11:47,897 [grpc-default-executor-5] INFO  ratis.XceiverServerRatis (XceiverServerRatis.java:handleLeaderChangedNotification(899)) - Leader change notification received for group: group-183949E5868D with new leaderId: 0f049040-6e0c-4cd4-a487-c7f09e7e4ba1
2021-03-01 18:11:47,897 [grpc-default-executor-5] INFO  server.RaftServer$Division (ServerState.java:setLeader(271)) - a5a3f093-0768-4d4b-b08f-053c130678b3@group-183949E5868D: change Leader from null to 0f049040-6e0c-4cd4-a487-c7f09e7e4ba1 at term 2 for appendEntries, leader elected after 10219ms
2021-03-01 18:11:47,899 [grpc-default-executor-2] INFO  server.RaftServer$Division (ServerState.java:setRaftConf(373)) - f258d114-ea47-4d12-8964-639f425ab8d0@group-183949E5868D: set configuration 0: [f258d114-ea47-4d12-8964-639f425ab8d0|rpc:172.17.0.2:45265|dataStream:|priority:0, a5a3f093-0768-4d4b-b08f-053c130678b3|rpc:172.17.0.2:40499|dataStream:|priority:0, 0f049040-6e0c-4cd4-a487-c7f09e7e4ba1|rpc:172.17.0.2:45527|dataStream:|priority:1], old=null
2021-03-01 18:11:47,903 [grpc-default-executor-5] INFO  server.RaftServer$Division (ServerState.java:setRaftConf(373)) - a5a3f093-0768-4d4b-b08f-053c130678b3@group-183949E5868D: set configuration 0: [f258d114-ea47-4d12-8964-639f425ab8d0|rpc:172.17.0.2:45265|dataStream:|priority:0, a5a3f093-0768-4d4b-b08f-053c130678b3|rpc:172.17.0.2:40499|dataStream:|priority:0, 0f049040-6e0c-4cd4-a487-c7f09e7e4ba1|rpc:172.17.0.2:45527|dataStream:|priority:1], old=null
2021-03-01 18:11:47,903 [grpc-default-executor-2] INFO  segmented.SegmentedRaftLogWorker (SegmentedRaftLogWorker.java:startLogSegment(392)) - f258d114-ea47-4d12-8964-639f425ab8d0@group-183949E5868D-SegmentedRaftLogWorker: Starting segment from index:0
2021-03-01 18:11:47,905 [grpc-default-executor-5] INFO  segmented.SegmentedRaftLogWorker (SegmentedRaftLogWorker.java:startLogSegment(392)) - a5a3f093-0768-4d4b-b08f-053c130678b3@group-183949E5868D-SegmentedRaftLogWorker: Starting segment from index:0
2021-03-01 18:11:47,905 [f258d114-ea47-4d12-8964-639f425ab8d0@group-183949E5868D-SegmentedRaftLogWorker] INFO  segmented.SegmentedRaftLogWorker (SegmentedRaftLogWorker.java:execute(599)) - f258d114-ea47-4d12-8964-639f425ab8d0@group-183949E5868D-SegmentedRaftLogWorker: created new log segment /github/workspace/mnt/ozone/hadoop-ozone/integration-test/target/test-dir/MiniOzoneClusterImpl-5b5774a2-bf3c-4723-a113-e238e3f8131c/datanode-1/data/ratis/6a91cd44-6d96-4d75-88f7-183949e5868d/current/log_inprogress_0
2021-03-01 18:11:47,907 [a5a3f093-0768-4d4b-b08f-053c130678b3@group-183949E5868D-SegmentedRaftLogWorker] INFO  segmented.SegmentedRaftLogWorker (SegmentedRaftLogWorker.java:execute(599)) - a5a3f093-0768-4d4b-b08f-053c130678b3@group-183949E5868D-SegmentedRaftLogWorker: created new log segment /github/workspace/mnt/ozone/hadoop-ozone/integration-test/target/test-dir/MiniOzoneClusterImpl-5b5774a2-bf3c-4723-a113-e238e3f8131c/datanode-2/data/ratis/6a91cd44-6d96-4d75-88f7-183949e5868d/current/log_inprogress_0
2021-03-01 18:11:47,943 [Thread-4441] INFO  impl.FollowerState (FollowerState.java:run(133)) - 0f049040-6e0c-4cd4-a487-c7f09e7e4ba1@group-617FBAE04F80-FollowerState: change to CANDIDATE, lastRpcElapsedTime:5051546866ns, electionTimeout:5050ms
2021-03-01 18:11:47,944 [Thread-4441] INFO  impl.RoleInfo (RoleInfo.java:shutdownFollowerState(108)) - 0f049040-6e0c-4cd4-a487-c7f09e7e4ba1: shutdown 0f049040-6e0c-4cd4-a487-c7f09e7e4ba1@group-617FBAE04F80-FollowerState
2021-03-01 18:11:47,944 [Thread-4441] INFO  server.RaftServer$Division (RaftServerImpl.java:setRole(284)) - 0f049040-6e0c-4cd4-a487-c7f09e7e4ba1@group-617FBAE04F80: changes role from  FOLLOWER to CANDIDATE at term 1 for changeToCandidate
2021-03-01 18:11:47,944 [Thread-4441] INFO  server.RaftServerConfigKeys (ConfUtils.java:logGet(44)) - raft.server.leaderelection.pre-vote = false (custom)
2021-03-01 18:11:47,944 [Thread-4441] INFO  impl.RoleInfo (RoleInfo.java:updateAndGet(130)) - 0f049040-6e0c-4cd4-a487-c7f09e7e4ba1: start 0f049040-6e0c-4cd4-a487-c7f09e7e4ba1@group-617FBAE04F80-LeaderElection215
2021-03-01 18:11:47,945 [0f049040-6e0c-4cd4-a487-c7f09e7e4ba1@group-617FBAE04F80-LeaderElection215] INFO  impl.LeaderElection (LeaderElection.java:askForVotes(307)) - 0f049040-6e0c-4cd4-a487-c7f09e7e4ba1@group-617FBAE04F80-LeaderElection215 ELECTION round 0: submit vote requests at term 2 for -1: [f258d114-ea47-4d12-8964-639f425ab8d0|rpc:172.17.0.2:45265|priority:1, a5a3f093-0768-4d4b-b08f-053c130678b3|rpc:172.17.0.2:40499|priority:0, 0f049040-6e0c-4cd4-a487-c7f09e7e4ba1|rpc:172.17.0.2:45527|priority:0], old=null
2021-03-01 18:11:47,946 [grpc-default-executor-5] INFO  server.RaftServer$Division (RaftServerImpl.java:requestVote(1025)) - f258d114-ea47-4d12-8964-639f425ab8d0@group-617FBAE04F80: receive requestVote(ELECTION, 0f049040-6e0c-4cd4-a487-c7f09e7e4ba1, group-617FBAE04F80, 2, (t:0, i:0))
2021-03-01 18:11:47,946 [grpc-default-executor-2] INFO  server.RaftServer$Division (RaftServerImpl.java:requestVote(1025)) - a5a3f093-0768-4d4b-b08f-053c130678b3@group-617FBAE04F80: receive requestVote(ELECTION, 0f049040-6e0c-4cd4-a487-c7f09e7e4ba1, group-617FBAE04F80, 2, (t:0, i:0))
2021-03-01 18:11:47,949 [grpc-default-executor-5] INFO  impl.VoteContext (VoteContext.java:log(48)) - f258d114-ea47-4d12-8964-639f425ab8d0@group-617FBAE04F80-FOLLOWER: reject ELECTION from 0f049040-6e0c-4cd4-a487-c7f09e7e4ba1: our priority 1 > candidate's priority 0
2021-03-01 18:11:47,950 [grpc-default-executor-5] INFO  server.RaftServer$Division (RaftServerImpl.java:setRole(284)) - f258d114-ea47-4d12-8964-639f425ab8d0@group-617FBAE04F80: changes role from  FOLLOWER to FOLLOWER at term 2 for candidate:0f049040-6e0c-4cd4-a487-c7f09e7e4ba1
2021-03-01 18:11:47,950 [grpc-default-executor-5] INFO  impl.RoleInfo (RoleInfo.java:shutdownFollowerState(108)) - f258d114-ea47-4d12-8964-639f425ab8d0: shutdown f258d114-ea47-4d12-8964-639f425ab8d0@group-617FBAE04F80-FollowerState
2021-03-01 18:11:47,950 [grpc-default-executor-5] INFO  impl.RoleInfo (RoleInfo.java:updateAndGet(130)) - f258d114-ea47-4d12-8964-639f425ab8d0: start f258d114-ea47-4d12-8964-639f425ab8d0@group-617FBAE04F80-FollowerState
2021-03-01 18:11:47,949 [grpc-default-executor-2] INFO  impl.VoteContext (VoteContext.java:log(48)) - a5a3f093-0768-4d4b-b08f-053c130678b3@group-617FBAE04F80-FOLLOWER: accept ELECTION from 0f049040-6e0c-4cd4-a487-c7f09e7e4ba1: our priority 0 <= candidate's priority 0
2021-03-01 18:11:47,950 [grpc-default-executor-2] INFO  server.RaftServer$Division (RaftServerImpl.java:setRole(284)) - a5a3f093-0768-4d4b-b08f-053c130678b3@group-617FBAE04F80: changes role from  FOLLOWER to FOLLOWER at term 2 for candidate:0f049040-6e0c-4cd4-a487-c7f09e7e4ba1
2021-03-01 18:11:47,950 [grpc-default-executor-2] INFO  impl.RoleInfo (RoleInfo.java:shutdownFollowerState(108)) - a5a3f093-0768-4d4b-b08f-053c130678b3: shutdown a5a3f093-0768-4d4b-b08f-053c130678b3@group-617FBAE04F80-FollowerState
2021-03-01 18:11:47,950 [grpc-default-executor-2] INFO  impl.RoleInfo (RoleInfo.java:updateAndGet(130)) - a5a3f093-0768-4d4b-b08f-053c130678b3: start a5a3f093-0768-4d4b-b08f-053c130678b3@group-617FBAE04F80-FollowerState
2021-03-01 18:11:47,950 [Thread-4440] INFO  impl.FollowerState (FollowerState.java:run(142)) - a5a3f093-0768-4d4b-b08f-053c130678b3@group-617FBAE04F80-FollowerState was interrupted: {}
java.lang.InterruptedException: sleep interrupted
	at java.lang.Thread.sleep(Native Method)
	at java.lang.Thread.sleep(Thread.java:340)
	at java.util.concurrent.TimeUnit.sleep(TimeUnit.java:386)
	at org.apache.ratis.util.TimeDuration.sleep(TimeDuration.java:324)
	at org.apache.ratis.util.TimeDuration.sleep(TimeDuration.java:309)
	at org.apache.ratis.server.impl.FollowerState.run(FollowerState.java:117)
2021-03-01 18:11:47,950 [Thread-4439] INFO  impl.FollowerState (FollowerState.java:run(142)) - f258d114-ea47-4d12-8964-639f425ab8d0@group-617FBAE04F80-FollowerState was interrupted: {}
java.lang.InterruptedException: sleep interrupted
	at java.lang.Thread.sleep(Native Method)
	at java.lang.Thread.sleep(Thread.java:340)
	at java.util.concurrent.TimeUnit.sleep(TimeUnit.java:386)
	at org.apache.ratis.util.TimeDuration.sleep(TimeDuration.java:324)
	at org.apache.ratis.util.TimeDuration.sleep(TimeDuration.java:309)
	at org.apache.ratis.server.impl.FollowerState.run(FollowerState.java:117)
2021-03-01 18:11:47,951 [grpc-default-executor-5] INFO  server.RaftServer$Division (RaftServerImpl.java:requestVote(1057)) - f258d114-ea47-4d12-8964-639f425ab8d0@group-617FBAE04F80 replies to ELECTION vote request: 0f049040-6e0c-4cd4-a487-c7f09e7e4ba1<-f258d114-ea47-4d12-8964-639f425ab8d0#0:FAIL-t2. Peer's state: f258d114-ea47-4d12-8964-639f425ab8d0@group-617FBAE04F80:t2, leader=null, voted=null, raftlog=f258d114-ea47-4d12-8964-639f425ab8d0@group-617FBAE04F80-SegmentedRaftLog:OPENED:c-1,f-1,i0, conf=-1: [f258d114-ea47-4d12-8964-639f425ab8d0|rpc:172.17.0.2:45265|dataStream:|priority:1, a5a3f093-0768-4d4b-b08f-053c130678b3|rpc:172.17.0.2:40499|dataStream:|priority:0, 0f049040-6e0c-4cd4-a487-c7f09e7e4ba1|rpc:172.17.0.2:45527|dataStream:|priority:0], old=null
2021-03-01 18:11:47,951 [grpc-default-executor-2] INFO  server.RaftServer$Division (RaftServerImpl.java:requestVote(1057)) - a5a3f093-0768-4d4b-b08f-053c130678b3@group-617FBAE04F80 replies to ELECTION vote request: 0f049040-6e0c-4cd4-a487-c7f09e7e4ba1<-a5a3f093-0768-4d4b-b08f-053c130678b3#0:OK-t2. Peer's state: a5a3f093-0768-4d4b-b08f-053c130678b3@group-617FBAE04F80:t2, leader=null, voted=0f049040-6e0c-4cd4-a487-c7f09e7e4ba1, raftlog=a5a3f093-0768-4d4b-b08f-053c130678b3@group-617FBAE04F80-SegmentedRaftLog:OPENED:c-1,f-1,i0, conf=-1: [f258d114-ea47-4d12-8964-639f425ab8d0|rpc:172.17.0.2:45265|dataStream:|priority:1, a5a3f093-0768-4d4b-b08f-053c130678b3|rpc:172.17.0.2:40499|dataStream:|priority:0, 0f049040-6e0c-4cd4-a487-c7f09e7e4ba1|rpc:172.17.0.2:45527|dataStream:|priority:0], old=null
2021-03-01 18:11:47,952 [0f049040-6e0c-4cd4-a487-c7f09e7e4ba1@group-617FBAE04F80-LeaderElection215] INFO  impl.LeaderElection (LeaderElection.java:logAndReturn(89)) - 0f049040-6e0c-4cd4-a487-c7f09e7e4ba1@group-617FBAE04F80-LeaderElection215: ELECTION REJECTED received 2 response(s) and 0 exception(s):
2021-03-01 18:11:47,952 [0f049040-6e0c-4cd4-a487-c7f09e7e4ba1@group-617FBAE04F80-LeaderElection215] INFO  impl.LeaderElection (LeaderElection.java:logAndReturn(93)) -   Response 0: 0f049040-6e0c-4cd4-a487-c7f09e7e4ba1<-f258d114-ea47-4d12-8964-639f425ab8d0#0:FAIL-t2
2021-03-01 18:11:47,952 [0f049040-6e0c-4cd4-a487-c7f09e7e4ba1@group-617FBAE04F80-LeaderElection215] INFO  impl.LeaderElection (LeaderElection.java:logAndReturn(93)) -   Response 1: 0f049040-6e0c-4cd4-a487-c7f09e7e4ba1<-a5a3f093-0768-4d4b-b08f-053c130678b3#0:OK-t2
2021-03-01 18:11:47,952 [0f049040-6e0c-4cd4-a487-c7f09e7e4ba1@group-617FBAE04F80-LeaderElection215] INFO  impl.LeaderElection (LeaderElection.java:askForVotes(309)) - 0f049040-6e0c-4cd4-a487-c7f09e7e4ba1@group-617FBAE04F80-LeaderElection215 ELECTION round 0: result REJECTED
2021-03-01 18:11:47,952 [0f049040-6e0c-4cd4-a487-c7f09e7e4ba1@group-617FBAE04F80-LeaderElection215] INFO  server.RaftServer$Division (RaftServerImpl.java:setRole(284)) - 0f049040-6e0c-4cd4-a487-c7f09e7e4ba1@group-617FBAE04F80: changes role from CANDIDATE to FOLLOWER at term 2 for REJECTED
2021-03-01 18:11:47,952 [0f049040-6e0c-4cd4-a487-c7f09e7e4ba1@group-617FBAE04F80-LeaderElection215] INFO  impl.RoleInfo (RoleInfo.java:shutdownLeaderElection(121)) - 0f049040-6e0c-4cd4-a487-c7f09e7e4ba1: shutdown 0f049040-6e0c-4cd4-a487-c7f09e7e4ba1@group-617FBAE04F80-LeaderElection215
2021-03-01 18:11:47,952 [0f049040-6e0c-4cd4-a487-c7f09e7e4ba1@group-617FBAE04F80-LeaderElection215] INFO  impl.RoleInfo (RoleInfo.java:updateAndGet(130)) - 0f049040-6e0c-4cd4-a487-c7f09e7e4ba1: start 0f049040-6e0c-4cd4-a487-c7f09e7e4ba1@group-617FBAE04F80-FollowerState
2021-03-01 18:11:48,336 [Thread-4456] INFO  impl.FollowerState (FollowerState.java:run(133)) - a7136ecb-4465-4bae-b158-9cfc61718915@group-3E8CA9905F22-FollowerState: change to CANDIDATE, lastRpcElapsedTime:5067620862ns, electionTimeout:5067ms
2021-03-01 18:11:48,336 [Thread-4456] INFO  impl.RoleInfo (RoleInfo.java:shutdownFollowerState(108)) - a7136ecb-4465-4bae-b158-9cfc61718915: shutdown a7136ecb-4465-4bae-b158-9cfc61718915@group-3E8CA9905F22-FollowerState
2021-03-01 18:11:48,336 [Thread-4456] INFO  server.RaftServer$Division (RaftServerImpl.java:setRole(284)) - a7136ecb-4465-4bae-b158-9cfc61718915@group-3E8CA9905F22: changes role from  FOLLOWER to CANDIDATE at term 1 for changeToCandidate
2021-03-01 18:11:48,337 [Thread-4456] INFO  server.RaftServerConfigKeys (ConfUtils.java:logGet(44)) - raft.server.leaderelection.pre-vote = false (custom)
2021-03-01 18:11:48,337 [Thread-4456] INFO  impl.RoleInfo (RoleInfo.java:updateAndGet(130)) - a7136ecb-4465-4bae-b158-9cfc61718915: start a7136ecb-4465-4bae-b158-9cfc61718915@group-3E8CA9905F22-LeaderElection216
2021-03-01 18:11:48,339 [a7136ecb-4465-4bae-b158-9cfc61718915@group-3E8CA9905F22-LeaderElection216] INFO  impl.LeaderElection (LeaderElection.java:askForVotes(307)) - a7136ecb-4465-4bae-b158-9cfc61718915@group-3E8CA9905F22-LeaderElection216 ELECTION round 0: submit vote requests at term 2 for -1: [b303f36a-f963-4721-9f7a-b5e9e54e4468|rpc:172.17.0.2:32969|dataStream:|priority:0, a7136ecb-4465-4bae-b158-9cfc61718915|rpc:172.17.0.2:42023|dataStream:|priority:1, ca5fd955-873f-4bac-9f2a-538d93af5c77|rpc:172.17.0.2:36703|dataStream:|priority:0], old=null
2021-03-01 18:11:48,340 [grpc-default-executor-5] INFO  server.RaftServer$Division (RaftServerImpl.java:requestVote(1025)) - b303f36a-f963-4721-9f7a-b5e9e54e4468@group-3E8CA9905F22: receive requestVote(ELECTION, a7136ecb-4465-4bae-b158-9cfc61718915, group-3E8CA9905F22, 2, (t:0, i:0))
2021-03-01 18:11:48,340 [grpc-default-executor-5] INFO  impl.VoteContext (VoteContext.java:log(48)) - b303f36a-f963-4721-9f7a-b5e9e54e4468@group-3E8CA9905F22-FOLLOWER: accept ELECTION from a7136ecb-4465-4bae-b158-9cfc61718915: our priority 0 <= candidate's priority 1
2021-03-01 18:11:48,340 [grpc-default-executor-5] INFO  server.RaftServer$Division (RaftServerImpl.java:setRole(284)) - b303f36a-f963-4721-9f7a-b5e9e54e4468@group-3E8CA9905F22: changes role from  FOLLOWER to FOLLOWER at term 2 for candidate:a7136ecb-4465-4bae-b158-9cfc61718915
2021-03-01 18:11:48,340 [grpc-default-executor-5] INFO  impl.RoleInfo (RoleInfo.java:shutdownFollowerState(108)) - b303f36a-f963-4721-9f7a-b5e9e54e4468: shutdown b303f36a-f963-4721-9f7a-b5e9e54e4468@group-3E8CA9905F22-FollowerState
2021-03-01 18:11:48,341 [grpc-default-executor-5] INFO  impl.RoleInfo (RoleInfo.java:updateAndGet(130)) - b303f36a-f963-4721-9f7a-b5e9e54e4468: start b303f36a-f963-4721-9f7a-b5e9e54e4468@group-3E8CA9905F22-FollowerState
2021-03-01 18:11:48,340 [grpc-default-executor-2] INFO  server.RaftServer$Division (RaftServerImpl.java:requestVote(1025)) - ca5fd955-873f-4bac-9f2a-538d93af5c77@group-3E8CA9905F22: receive requestVote(ELECTION, a7136ecb-4465-4bae-b158-9cfc61718915, group-3E8CA9905F22, 2, (t:0, i:0))
2021-03-01 18:11:48,341 [grpc-default-executor-2] INFO  impl.VoteContext (VoteContext.java:log(48)) - ca5fd955-873f-4bac-9f2a-538d93af5c77@group-3E8CA9905F22-FOLLOWER: accept ELECTION from a7136ecb-4465-4bae-b158-9cfc61718915: our priority 0 <= candidate's priority 1
2021-03-01 18:11:48,341 [Thread-4455] INFO  impl.FollowerState (FollowerState.java:run(142)) - b303f36a-f963-4721-9f7a-b5e9e54e4468@group-3E8CA9905F22-FollowerState was interrupted: {}
java.lang.InterruptedException: sleep interrupted
	at java.lang.Thread.sleep(Native Method)
	at java.lang.Thread.sleep(Thread.java:340)
	at java.util.concurrent.TimeUnit.sleep(TimeUnit.java:386)
	at org.apache.ratis.util.TimeDuration.sleep(TimeDuration.java:324)
	at org.apache.ratis.util.TimeDuration.sleep(TimeDuration.java:309)
	at org.apache.ratis.server.impl.FollowerState.run(FollowerState.java:117)
2021-03-01 18:11:48,341 [grpc-default-executor-2] INFO  server.RaftServer$Division (RaftServerImpl.java:setRole(284)) - ca5fd955-873f-4bac-9f2a-538d93af5c77@group-3E8CA9905F22: changes role from  FOLLOWER to FOLLOWER at term 2 for candidate:a7136ecb-4465-4bae-b158-9cfc61718915
2021-03-01 18:11:48,341 [grpc-default-executor-2] INFO  impl.RoleInfo (RoleInfo.java:shutdownFollowerState(108)) - ca5fd955-873f-4bac-9f2a-538d93af5c77: shutdown ca5fd955-873f-4bac-9f2a-538d93af5c77@group-3E8CA9905F22-FollowerState
2021-03-01 18:11:48,341 [grpc-default-executor-2] INFO  impl.RoleInfo (RoleInfo.java:updateAndGet(130)) - ca5fd955-873f-4bac-9f2a-538d93af5c77: start ca5fd955-873f-4bac-9f2a-538d93af5c77@group-3E8CA9905F22-FollowerState
2021-03-01 18:11:48,341 [Thread-4457] INFO  impl.FollowerState (FollowerState.java:run(142)) - ca5fd955-873f-4bac-9f2a-538d93af5c77@group-3E8CA9905F22-FollowerState was interrupted: {}
java.lang.InterruptedException: sleep interrupted
	at java.lang.Thread.sleep(Native Method)
	at java.lang.Thread.sleep(Thread.java:340)
	at java.util.concurrent.TimeUnit.sleep(TimeUnit.java:386)
	at org.apache.ratis.util.TimeDuration.sleep(TimeDuration.java:324)
	at org.apache.ratis.util.TimeDuration.sleep(TimeDuration.java:309)
	at org.apache.ratis.server.impl.FollowerState.run(FollowerState.java:117)
2021-03-01 18:11:48,342 [grpc-default-executor-5] INFO  server.RaftServer$Division (RaftServerImpl.java:requestVote(1057)) - b303f36a-f963-4721-9f7a-b5e9e54e4468@group-3E8CA9905F22 replies to ELECTION vote request: a7136ecb-4465-4bae-b158-9cfc61718915<-b303f36a-f963-4721-9f7a-b5e9e54e4468#0:OK-t2. Peer's state: b303f36a-f963-4721-9f7a-b5e9e54e4468@group-3E8CA9905F22:t2, leader=null, voted=a7136ecb-4465-4bae-b158-9cfc61718915, raftlog=b303f36a-f963-4721-9f7a-b5e9e54e4468@group-3E8CA9905F22-SegmentedRaftLog:OPENED:c-1,f-1,i0, conf=-1: [b303f36a-f963-4721-9f7a-b5e9e54e4468|rpc:172.17.0.2:32969|dataStream:|priority:0, a7136ecb-4465-4bae-b158-9cfc61718915|rpc:172.17.0.2:42023|dataStream:|priority:1, ca5fd955-873f-4bac-9f2a-538d93af5c77|rpc:172.17.0.2:36703|dataStream:|priority:0], old=null
2021-03-01 18:11:48,342 [grpc-default-executor-2] INFO  server.RaftServer$Division (RaftServerImpl.java:requestVote(1057)) - ca5fd955-873f-4bac-9f2a-538d93af5c77@group-3E8CA9905F22 replies to ELECTION vote request: a7136ecb-4465-4bae-b158-9cfc61718915<-ca5fd955-873f-4bac-9f2a-538d93af5c77#0:OK-t2. Peer's state: ca5fd955-873f-4bac-9f2a-538d93af5c77@group-3E8CA9905F22:t2, leader=null, voted=a7136ecb-4465-4bae-b158-9cfc61718915, raftlog=ca5fd955-873f-4bac-9f2a-538d93af5c77@group-3E8CA9905F22-SegmentedRaftLog:OPENED:c-1,f-1,i0, conf=-1: [b303f36a-f963-4721-9f7a-b5e9e54e4468|rpc:172.17.0.2:32969|priority:0, a7136ecb-4465-4bae-b158-9cfc61718915|rpc:172.17.0.2:42023|priority:1, ca5fd955-873f-4bac-9f2a-538d93af5c77|rpc:172.17.0.2:36703|priority:0], old=null
2021-03-01 18:11:48,342 [a7136ecb-4465-4bae-b158-9cfc61718915@group-3E8CA9905F22-LeaderElection216] INFO  impl.LeaderElection (LeaderElection.java:logAndReturn(89)) - a7136ecb-4465-4bae-b158-9cfc61718915@group-3E8CA9905F22-LeaderElection216: ELECTION PASSED received 1 response(s) and 0 exception(s):
2021-03-01 18:11:48,342 [a7136ecb-4465-4bae-b158-9cfc61718915@group-3E8CA9905F22-LeaderElection216] INFO  impl.LeaderElection (LeaderElection.java:logAndReturn(93)) -   Response 0: a7136ecb-4465-4bae-b158-9cfc61718915<-b303f36a-f963-4721-9f7a-b5e9e54e4468#0:OK-t2
2021-03-01 18:11:48,342 [a7136ecb-4465-4bae-b158-9cfc61718915@group-3E8CA9905F22-LeaderElection216] INFO  impl.LeaderElection (LeaderElection.java:askForVotes(309)) - a7136ecb-4465-4bae-b158-9cfc61718915@group-3E8CA9905F22-LeaderElection216 ELECTION round 0: result PASSED
2021-03-01 18:11:48,342 [a7136ecb-4465-4bae-b158-9cfc61718915@group-3E8CA9905F22-LeaderElection216] INFO  impl.RoleInfo (RoleInfo.java:shutdownLeaderElection(121)) - a7136ecb-4465-4bae-b158-9cfc61718915: shutdown a7136ecb-4465-4bae-b158-9cfc61718915@group-3E8CA9905F22-LeaderElection216
2021-03-01 18:11:48,342 [a7136ecb-4465-4bae-b158-9cfc61718915@group-3E8CA9905F22-LeaderElection216] INFO  server.RaftServer$Division (RaftServerImpl.java:setRole(284)) - a7136ecb-4465-4bae-b158-9cfc61718915@group-3E8CA9905F22: changes role from CANDIDATE to LEADER at term 2 for changeToLeader
2021-03-01 18:11:48,342 [a7136ecb-4465-4bae-b158-9cfc61718915@group-3E8CA9905F22-LeaderElection216] INFO  ratis.XceiverServerRatis (XceiverServerRatis.java:handleLeaderChangedNotification(899)) - Leader change notification received for group: group-3E8CA9905F22 with new leaderId: a7136ecb-4465-4bae-b158-9cfc61718915
2021-03-01 18:11:48,342 [a7136ecb-4465-4bae-b158-9cfc61718915@group-3E8CA9905F22-LeaderElection216] INFO  server.RaftServer$Division (ServerState.java:setLeader(271)) - a7136ecb-4465-4bae-b158-9cfc61718915@group-3E8CA9905F22: change Leader from null to a7136ecb-4465-4bae-b158-9cfc61718915 at term 2 for becomeLeader, leader elected after 10111ms
2021-03-01 18:11:48,343 [a7136ecb-4465-4bae-b158-9cfc61718915@group-3E8CA9905F22-LeaderElection216] INFO  server.RaftServerConfigKeys (ConfUtils.java:logGet(44)) - raft.server.staging.catchup.gap = 1000 (default)
2021-03-01 18:11:48,343 [a7136ecb-4465-4bae-b158-9cfc61718915@group-3E8CA9905F22-LeaderElection216] INFO  metrics.RatisMetrics (RatisMetrics.java:lambda$create$0(36)) - Creating Metrics Registry : ratis.log_appender.a7136ecb-4465-4bae-b158-9cfc61718915@group-3E8CA9905F22
2021-03-01 18:11:48,343 [a7136ecb-4465-4bae-b158-9cfc61718915@group-3E8CA9905F22-LeaderElection216] INFO  server.RaftServerConfigKeys (ConfUtils.java:logGet(44)) - raft.server.write.element-limit = 1024 (custom)
2021-03-01 18:11:48,343 [a7136ecb-4465-4bae-b158-9cfc61718915@group-3E8CA9905F22-LeaderElection216] INFO  server.RaftServerConfigKeys (ConfUtils.java:logGet(44)) - raft.server.write.byte-limit = 1073741824 (custom)
2021-03-01 18:11:48,343 [a7136ecb-4465-4bae-b158-9cfc61718915@group-3E8CA9905F22-LeaderElection216] INFO  server.RaftServerConfigKeys (ConfUtils.java:logGet(44)) - raft.server.watch.timeout = 3000ms (custom)
2021-03-01 18:11:48,344 [a7136ecb-4465-4bae-b158-9cfc61718915@group-3E8CA9905F22-LeaderElection216] INFO  server.RaftServerConfigKeys (ConfUtils.java:logGet(44)) - raft.server.watch.timeout.denomination = 1s (default)
2021-03-01 18:11:48,344 [a7136ecb-4465-4bae-b158-9cfc61718915@group-3E8CA9905F22-LeaderElection216] INFO  server.RaftServerConfigKeys (ConfUtils.java:logGet(44)) - raft.server.watch.element-limit = 65536 (default)
2021-03-01 18:11:48,344 [a7136ecb-4465-4bae-b158-9cfc61718915@group-3E8CA9905F22-LeaderElection216] INFO  server.RaftServerConfigKeys (ConfUtils.java:logGet(44)) - raft.server.log.appender.snapshot.chunk.size.max = 16MB (=16777216) (default)
2021-03-01 18:11:48,344 [a7136ecb-4465-4bae-b158-9cfc61718915@group-3E8CA9905F22-LeaderElection216] INFO  server.RaftServerConfigKeys (ConfUtils.java:logGet(44)) - raft.server.log.appender.buffer.byte-limit = 33554432 (custom)
2021-03-01 18:11:48,344 [a7136ecb-4465-4bae-b158-9cfc61718915@group-3E8CA9905F22-LeaderElection216] INFO  server.RaftServerConfigKeys (ConfUtils.java:logGet(44)) - raft.server.log.appender.buffer.element-limit = 1 (custom)
2021-03-01 18:11:48,344 [a7136ecb-4465-4bae-b158-9cfc61718915@group-3E8CA9905F22-LeaderElection216] INFO  grpc.GrpcConfigKeys (ConfUtils.java:logGet(44)) - raft.grpc.server.leader.outstanding.appends.max = 128 (default)
2021-03-01 18:11:48,344 [a7136ecb-4465-4bae-b158-9cfc61718915@group-3E8CA9905F22-LeaderElection216] INFO  server.RaftServerConfigKeys (ConfUtils.java:logGet(44)) - raft.server.rpc.request.timeout = 3000ms (default)
2021-03-01 18:11:48,344 [a7136ecb-4465-4bae-b158-9cfc61718915@group-3E8CA9905F22-LeaderElection216] INFO  server.RaftServerConfigKeys (ConfUtils.java:logGet(44)) - raft.server.log.appender.install.snapshot.enabled = false (custom)
2021-03-01 18:11:48,344 [a7136ecb-4465-4bae-b158-9cfc61718915@group-3E8CA9905F22-LeaderElection216] INFO  metrics.RatisMetrics (RatisMetrics.java:lambda$create$0(36)) - Creating Metrics Registry : ratis_grpc.log_appender.a7136ecb-4465-4bae-b158-9cfc61718915@group-3E8CA9905F22
2021-03-01 18:11:48,347 [EventQueue-PipelineReportForPipelineReportHandler] INFO  pipeline.PipelineStateManager (PipelineStateManager.java:openPipeline(132)) - Pipeline Pipeline[ Id: 2f262e5f-c32b-47ed-b451-3e8ca9905f22, Nodes: b303f36a-f963-4721-9f7a-b5e9e54e4468{ip: 172.17.0.2, host: 83787af071e2, ports: [REPLICATION=34019, RATIS=32969, RATIS_ADMIN=32969, RATIS_SERVER=32969, STANDALONE=39419], networkLocation: /default-rack, certSerialId: null, persistedOpState: IN_SERVICE, persistedOpStateExpiryEpochSec: 0}a7136ecb-4465-4bae-b158-9cfc61718915{ip: 172.17.0.2, host: 83787af071e2, ports: [REPLICATION=36853, RATIS=42023, RATIS_ADMIN=42023, RATIS_SERVER=42023, STANDALONE=36443], networkLocation: /default-rack, certSerialId: null, persistedOpState: IN_SERVICE, persistedOpStateExpiryEpochSec: 0}ca5fd955-873f-4bac-9f2a-538d93af5c77{ip: 172.17.0.2, host: 83787af071e2, ports: [REPLICATION=42543, RATIS=36703, RATIS_ADMIN=36703, RATIS_SERVER=36703, STANDALONE=39671], networkLocation: /default-rack, certSerialId: null, persistedOpState: IN_SERVICE, persistedOpStateExpiryEpochSec: 0}, Type:RATIS, Factor:THREE, State:ALLOCATED, leaderId:a7136ecb-4465-4bae-b158-9cfc61718915, CreationTimestamp2021-03-01T18:11:35.668Z] moved to OPEN state
2021-03-01 18:11:48,347 [a7136ecb-4465-4bae-b158-9cfc61718915@group-3E8CA9905F22-LeaderElection216] INFO  server.RaftServerConfigKeys (ConfUtils.java:logGet(44)) - raft.server.log.appender.snapshot.chunk.size.max = 16MB (=16777216) (default)
2021-03-01 18:11:48,347 [a7136ecb-4465-4bae-b158-9cfc61718915@group-3E8CA9905F22-LeaderElection216] INFO  server.RaftServerConfigKeys (ConfUtils.java:logGet(44)) - raft.server.log.appender.buffer.byte-limit = 33554432 (custom)
2021-03-01 18:11:48,347 [a7136ecb-4465-4bae-b158-9cfc61718915@group-3E8CA9905F22-LeaderElection216] INFO  server.RaftServerConfigKeys (ConfUtils.java:logGet(44)) - raft.server.log.appender.buffer.element-limit = 1 (custom)
2021-03-01 18:11:48,347 [a7136ecb-4465-4bae-b158-9cfc61718915@group-3E8CA9905F22-LeaderElection216] INFO  grpc.GrpcConfigKeys (ConfUtils.java:logGet(44)) - raft.grpc.server.leader.outstanding.appends.max = 128 (default)
2021-03-01 18:11:48,347 [a7136ecb-4465-4bae-b158-9cfc61718915@group-3E8CA9905F22-LeaderElection216] INFO  server.RaftServerConfigKeys (ConfUtils.java:logGet(44)) - raft.server.rpc.request.timeout = 3000ms (default)
2021-03-01 18:11:48,347 [a7136ecb-4465-4bae-b158-9cfc61718915@group-3E8CA9905F22-LeaderElection216] INFO  server.RaftServerConfigKeys (ConfUtils.java:logGet(44)) - raft.server.log.appender.install.snapshot.enabled = false (custom)
2021-03-01 18:11:48,350 [a7136ecb-4465-4bae-b158-9cfc61718915@group-3E8CA9905F22-LeaderElection216] INFO  impl.RoleInfo (RoleInfo.java:updateAndGet(130)) - a7136ecb-4465-4bae-b158-9cfc61718915: start a7136ecb-4465-4bae-b158-9cfc61718915@group-3E8CA9905F22-LeaderStateImpl
2021-03-01 18:11:48,350 [a7136ecb-4465-4bae-b158-9cfc61718915@group-3E8CA9905F22-LeaderElection216] INFO  segmented.SegmentedRaftLogWorker (SegmentedRaftLogWorker.java:startLogSegment(392)) - a7136ecb-4465-4bae-b158-9cfc61718915@group-3E8CA9905F22-SegmentedRaftLogWorker: Starting segment from index:0
2021-03-01 18:11:48,351 [a7136ecb-4465-4bae-b158-9cfc61718915@group-3E8CA9905F22-SegmentedRaftLogWorker] INFO  segmented.SegmentedRaftLogWorker (SegmentedRaftLogWorker.java:execute(599)) - a7136ecb-4465-4bae-b158-9cfc61718915@group-3E8CA9905F22-SegmentedRaftLogWorker: created new log segment /github/workspace/mnt/ozone/hadoop-ozone/integration-test/target/test-dir/MiniOzoneClusterImpl-5b5774a2-bf3c-4723-a113-e238e3f8131c/datanode-4/data/ratis/2f262e5f-c32b-47ed-b451-3e8ca9905f22/current/log_inprogress_0
2021-03-01 18:11:48,353 [a7136ecb-4465-4bae-b158-9cfc61718915@group-3E8CA9905F22-LeaderElection216] INFO  server.RaftServer$Division (ServerState.java:setRaftConf(373)) - a7136ecb-4465-4bae-b158-9cfc61718915@group-3E8CA9905F22: set configuration 0: [b303f36a-f963-4721-9f7a-b5e9e54e4468|rpc:172.17.0.2:32969|dataStream:|priority:0, a7136ecb-4465-4bae-b158-9cfc61718915|rpc:172.17.0.2:42023|dataStream:|priority:1, ca5fd955-873f-4bac-9f2a-538d93af5c77|rpc:172.17.0.2:36703|dataStream:|priority:0], old=null
2021-03-01 18:11:48,358 [grpc-default-executor-2] INFO  ratis.XceiverServerRatis (XceiverServerRatis.java:handleLeaderChangedNotification(899)) - Leader change notification received for group: group-3E8CA9905F22 with new leaderId: a7136ecb-4465-4bae-b158-9cfc61718915
2021-03-01 18:11:48,358 [grpc-default-executor-2] INFO  server.RaftServer$Division (ServerState.java:setLeader(271)) - b303f36a-f963-4721-9f7a-b5e9e54e4468@group-3E8CA9905F22: change Leader from null to a7136ecb-4465-4bae-b158-9cfc61718915 at term 2 for appendEntries, leader elected after 10153ms
2021-03-01 18:11:48,365 [grpc-default-executor-3] INFO  ratis.XceiverServerRatis (XceiverServerRatis.java:handleLeaderChangedNotification(899)) - Leader change notification received for group: group-3E8CA9905F22 with new leaderId: a7136ecb-4465-4bae-b158-9cfc61718915
2021-03-01 18:11:48,365 [grpc-default-executor-3] INFO  server.RaftServer$Division (ServerState.java:setLeader(271)) - ca5fd955-873f-4bac-9f2a-538d93af5c77@group-3E8CA9905F22: change Leader from null to a7136ecb-4465-4bae-b158-9cfc61718915 at term 2 for appendEntries, leader elected after 10180ms
2021-03-01 18:11:48,369 [grpc-default-executor-3] INFO  server.RaftServer$Division (ServerState.java:setRaftConf(373)) - ca5fd955-873f-4bac-9f2a-538d93af5c77@group-3E8CA9905F22: set configuration 0: [b303f36a-f963-4721-9f7a-b5e9e54e4468|rpc:172.17.0.2:32969|dataStream:|priority:0, a7136ecb-4465-4bae-b158-9cfc61718915|rpc:172.17.0.2:42023|dataStream:|priority:1, ca5fd955-873f-4bac-9f2a-538d93af5c77|rpc:172.17.0.2:36703|dataStream:|priority:0], old=null
2021-03-01 18:11:48,370 [grpc-default-executor-5] INFO  server.RaftServer$Division (ServerState.java:setRaftConf(373)) - b303f36a-f963-4721-9f7a-b5e9e54e4468@group-3E8CA9905F22: set configuration 0: [b303f36a-f963-4721-9f7a-b5e9e54e4468|rpc:172.17.0.2:32969|dataStream:|priority:0, a7136ecb-4465-4bae-b158-9cfc61718915|rpc:172.17.0.2:42023|dataStream:|priority:1, ca5fd955-873f-4bac-9f2a-538d93af5c77|rpc:172.17.0.2:36703|dataStream:|priority:0], old=null
2021-03-01 18:11:48,372 [grpc-default-executor-3] INFO  segmented.SegmentedRaftLogWorker (SegmentedRaftLogWorker.java:startLogSegment(392)) - ca5fd955-873f-4bac-9f2a-538d93af5c77@group-3E8CA9905F22-SegmentedRaftLogWorker: Starting segment from index:0
2021-03-01 18:11:48,372 [grpc-default-executor-5] INFO  segmented.SegmentedRaftLogWorker (SegmentedRaftLogWorker.java:startLogSegment(392)) - b303f36a-f963-4721-9f7a-b5e9e54e4468@group-3E8CA9905F22-SegmentedRaftLogWorker: Starting segment from index:0
2021-03-01 18:11:48,374 [b303f36a-f963-4721-9f7a-b5e9e54e4468@group-3E8CA9905F22-SegmentedRaftLogWorker] INFO  segmented.SegmentedRaftLogWorker (SegmentedRaftLogWorker.java:execute(599)) - b303f36a-f963-4721-9f7a-b5e9e54e4468@group-3E8CA9905F22-SegmentedRaftLogWorker: created new log segment /github/workspace/mnt/ozone/hadoop-ozone/integration-test/target/test-dir/MiniOzoneClusterImpl-5b5774a2-bf3c-4723-a113-e238e3f8131c/datanode-5/data/ratis/2f262e5f-c32b-47ed-b451-3e8ca9905f22/current/log_inprogress_0
2021-03-01 18:11:48,375 [ca5fd955-873f-4bac-9f2a-538d93af5c77@group-3E8CA9905F22-SegmentedRaftLogWorker] INFO  segmented.SegmentedRaftLogWorker (SegmentedRaftLogWorker.java:execute(599)) - ca5fd955-873f-4bac-9f2a-538d93af5c77@group-3E8CA9905F22-SegmentedRaftLogWorker: created new log segment /github/workspace/mnt/ozone/hadoop-ozone/integration-test/target/test-dir/MiniOzoneClusterImpl-5b5774a2-bf3c-4723-a113-e238e3f8131c/datanode-3/data/ratis/2f262e5f-c32b-47ed-b451-3e8ca9905f22/current/log_inprogress_0
2021-03-01 18:11:48,408 [Thread-4462] INFO  impl.FollowerState (FollowerState.java:run(133)) - a7136ecb-4465-4bae-b158-9cfc61718915@group-6F3B09D344DD-FollowerState: change to CANDIDATE, lastRpcElapsedTime:5052270968ns, electionTimeout:5033ms
2021-03-01 18:11:48,408 [Thread-4462] INFO  impl.RoleInfo (RoleInfo.java:shutdownFollowerState(108)) - a7136ecb-4465-4bae-b158-9cfc61718915: shutdown a7136ecb-4465-4bae-b158-9cfc61718915@group-6F3B09D344DD-FollowerState
2021-03-01 18:11:48,408 [Thread-4462] INFO  server.RaftServer$Division (RaftServerImpl.java:setRole(284)) - a7136ecb-4465-4bae-b158-9cfc61718915@group-6F3B09D344DD: changes role from  FOLLOWER to CANDIDATE at term 1 for changeToCandidate
2021-03-01 18:11:48,408 [Thread-4462] INFO  server.RaftServerConfigKeys (ConfUtils.java:logGet(44)) - raft.server.leaderelection.pre-vote = false (custom)
2021-03-01 18:11:48,408 [Thread-4462] INFO  impl.RoleInfo (RoleInfo.java:updateAndGet(130)) - a7136ecb-4465-4bae-b158-9cfc61718915: start a7136ecb-4465-4bae-b158-9cfc61718915@group-6F3B09D344DD-LeaderElection217
2021-03-01 18:11:48,409 [a7136ecb-4465-4bae-b158-9cfc61718915@group-6F3B09D344DD-LeaderElection217] INFO  impl.LeaderElection (LeaderElection.java:askForVotes(307)) - a7136ecb-4465-4bae-b158-9cfc61718915@group-6F3B09D344DD-LeaderElection217 ELECTION round 0: submit vote requests at term 2 for -1: [b303f36a-f963-4721-9f7a-b5e9e54e4468|rpc:172.17.0.2:32969|dataStream:|priority:1, a7136ecb-4465-4bae-b158-9cfc61718915|rpc:172.17.0.2:42023|dataStream:|priority:0, ca5fd955-873f-4bac-9f2a-538d93af5c77|rpc:172.17.0.2:36703|dataStream:|priority:0], old=null
2021-03-01 18:11:48,410 [grpc-default-executor-5] INFO  server.RaftServer$Division (RaftServerImpl.java:requestVote(1025)) - b303f36a-f963-4721-9f7a-b5e9e54e4468@group-6F3B09D344DD: receive requestVote(ELECTION, a7136ecb-4465-4bae-b158-9cfc61718915, group-6F3B09D344DD, 2, (t:0, i:0))
2021-03-01 18:11:48,411 [grpc-default-executor-5] INFO  impl.VoteContext (VoteContext.java:log(48)) - b303f36a-f963-4721-9f7a-b5e9e54e4468@group-6F3B09D344DD-FOLLOWER: reject ELECTION from a7136ecb-4465-4bae-b158-9cfc61718915: our priority 1 > candidate's priority 0
2021-03-01 18:11:48,411 [grpc-default-executor-5] INFO  server.RaftServer$Division (RaftServerImpl.java:setRole(284)) - b303f36a-f963-4721-9f7a-b5e9e54e4468@group-6F3B09D344DD: changes role from  FOLLOWER to FOLLOWER at term 2 for candidate:a7136ecb-4465-4bae-b158-9cfc61718915
2021-03-01 18:11:48,411 [grpc-default-executor-5] INFO  impl.RoleInfo (RoleInfo.java:shutdownFollowerState(108)) - b303f36a-f963-4721-9f7a-b5e9e54e4468: shutdown b303f36a-f963-4721-9f7a-b5e9e54e4468@group-6F3B09D344DD-FollowerState
2021-03-01 18:11:48,411 [grpc-default-executor-5] INFO  impl.RoleInfo (RoleInfo.java:updateAndGet(130)) - b303f36a-f963-4721-9f7a-b5e9e54e4468: start b303f36a-f963-4721-9f7a-b5e9e54e4468@group-6F3B09D344DD-FollowerState
2021-03-01 18:11:48,411 [Thread-4461] INFO  impl.FollowerState (FollowerState.java:run(142)) - b303f36a-f963-4721-9f7a-b5e9e54e4468@group-6F3B09D344DD-FollowerState was interrupted: {}
java.lang.InterruptedException: sleep interrupted
	at java.lang.Thread.sleep(Native Method)
	at java.lang.Thread.sleep(Thread.java:340)
	at java.util.concurrent.TimeUnit.sleep(TimeUnit.java:386)
	at org.apache.ratis.util.TimeDuration.sleep(TimeDuration.java:324)
	at org.apache.ratis.util.TimeDuration.sleep(TimeDuration.java:309)
	at org.apache.ratis.server.impl.FollowerState.run(FollowerState.java:117)
2021-03-01 18:11:48,411 [grpc-default-executor-3] INFO  server.RaftServer$Division (RaftServerImpl.java:requestVote(1025)) - ca5fd955-873f-4bac-9f2a-538d93af5c77@group-6F3B09D344DD: receive requestVote(ELECTION, a7136ecb-4465-4bae-b158-9cfc61718915, group-6F3B09D344DD, 2, (t:0, i:0))
2021-03-01 18:11:48,411 [grpc-default-executor-3] INFO  impl.VoteContext (VoteContext.java:log(48)) - ca5fd955-873f-4bac-9f2a-538d93af5c77@group-6F3B09D344DD-FOLLOWER: accept ELECTION from a7136ecb-4465-4bae-b158-9cfc61718915: our priority 0 <= candidate's priority 0
2021-03-01 18:11:48,411 [grpc-default-executor-3] INFO  server.RaftServer$Division (RaftServerImpl.java:setRole(284)) - ca5fd955-873f-4bac-9f2a-538d93af5c77@group-6F3B09D344DD: changes role from  FOLLOWER to FOLLOWER at term 2 for candidate:a7136ecb-4465-4bae-b158-9cfc61718915
2021-03-01 18:11:48,411 [grpc-default-executor-3] INFO  impl.RoleInfo (RoleInfo.java:shutdownFollowerState(108)) - ca5fd955-873f-4bac-9f2a-538d93af5c77: shutdown ca5fd955-873f-4bac-9f2a-538d93af5c77@group-6F3B09D344DD-FollowerState
2021-03-01 18:11:48,412 [grpc-default-executor-3] INFO  impl.RoleInfo (RoleInfo.java:updateAndGet(130)) - ca5fd955-873f-4bac-9f2a-538d93af5c77: start ca5fd955-873f-4bac-9f2a-538d93af5c77@group-6F3B09D344DD-FollowerState
2021-03-01 18:11:48,412 [Thread-4463] INFO  impl.FollowerState (FollowerState.java:run(142)) - ca5fd955-873f-4bac-9f2a-538d93af5c77@group-6F3B09D344DD-FollowerState was interrupted: {}
java.lang.InterruptedException: sleep interrupted
	at java.lang.Thread.sleep(Native Method)
	at java.lang.Thread.sleep(Thread.java:340)
	at java.util.concurrent.TimeUnit.sleep(TimeUnit.java:386)
	at org.apache.ratis.util.TimeDuration.sleep(TimeDuration.java:324)
	at org.apache.ratis.util.TimeDuration.sleep(TimeDuration.java:309)
	at org.apache.ratis.server.impl.FollowerState.run(FollowerState.java:117)
2021-03-01 18:11:48,412 [grpc-default-executor-5] INFO  server.RaftServer$Division (RaftServerImpl.java:requestVote(1057)) - b303f36a-f963-4721-9f7a-b5e9e54e4468@group-6F3B09D344DD replies to ELECTION vote request: a7136ecb-4465-4bae-b158-9cfc61718915<-b303f36a-f963-4721-9f7a-b5e9e54e4468#0:FAIL-t2. Peer's state: b303f36a-f963-4721-9f7a-b5e9e54e4468@group-6F3B09D344DD:t2, leader=null, voted=null, raftlog=b303f36a-f963-4721-9f7a-b5e9e54e4468@group-6F3B09D344DD-SegmentedRaftLog:OPENED:c-1,f-1,i0, conf=-1: [b303f36a-f963-4721-9f7a-b5e9e54e4468|rpc:172.17.0.2:32969|dataStream:|priority:1, a7136ecb-4465-4bae-b158-9cfc61718915|rpc:172.17.0.2:42023|dataStream:|priority:0, ca5fd955-873f-4bac-9f2a-538d93af5c77|rpc:172.17.0.2:36703|dataStream:|priority:0], old=null
2021-03-01 18:11:48,415 [a7136ecb-4465-4bae-b158-9cfc61718915@group-6F3B09D344DD-LeaderElection217] INFO  impl.LeaderElection (LeaderElection.java:logAndReturn(89)) - a7136ecb-4465-4bae-b158-9cfc61718915@group-6F3B09D344DD-LeaderElection217: ELECTION REJECTED received 1 response(s) and 0 exception(s):
2021-03-01 18:11:48,415 [a7136ecb-4465-4bae-b158-9cfc61718915@group-6F3B09D344DD-LeaderElection217] INFO  impl.LeaderElection (LeaderElection.java:logAndReturn(93)) -   Response 0: a7136ecb-4465-4bae-b158-9cfc61718915<-b303f36a-f963-4721-9f7a-b5e9e54e4468#0:FAIL-t2
2021-03-01 18:11:48,415 [a7136ecb-4465-4bae-b158-9cfc61718915@group-6F3B09D344DD-LeaderElection217] INFO  impl.LeaderElection (LeaderElection.java:askForVotes(309)) - a7136ecb-4465-4bae-b158-9cfc61718915@group-6F3B09D344DD-LeaderElection217 ELECTION round 0: result REJECTED
2021-03-01 18:11:48,415 [a7136ecb-4465-4bae-b158-9cfc61718915@group-6F3B09D344DD-LeaderElection217] INFO  server.RaftServer$Division (RaftServerImpl.java:setRole(284)) - a7136ecb-4465-4bae-b158-9cfc61718915@group-6F3B09D344DD: changes role from CANDIDATE to FOLLOWER at term 2 for REJECTED
2021-03-01 18:11:48,415 [a7136ecb-4465-4bae-b158-9cfc61718915@group-6F3B09D344DD-LeaderElection217] INFO  impl.RoleInfo (RoleInfo.java:shutdownLeaderElection(121)) - a7136ecb-4465-4bae-b158-9cfc61718915: shutdown a7136ecb-4465-4bae-b158-9cfc61718915@group-6F3B09D344DD-LeaderElection217
2021-03-01 18:11:48,415 [a7136ecb-4465-4bae-b158-9cfc61718915@group-6F3B09D344DD-LeaderElection217] INFO  impl.RoleInfo (RoleInfo.java:updateAndGet(130)) - a7136ecb-4465-4bae-b158-9cfc61718915: start a7136ecb-4465-4bae-b158-9cfc61718915@group-6F3B09D344DD-FollowerState
2021-03-01 18:11:48,416 [grpc-default-executor-3] INFO  server.RaftServer$Division (RaftServerImpl.java:requestVote(1057)) - ca5fd955-873f-4bac-9f2a-538d93af5c77@group-6F3B09D344DD replies to ELECTION vote request: a7136ecb-4465-4bae-b158-9cfc61718915<-ca5fd955-873f-4bac-9f2a-538d93af5c77#0:OK-t2. Peer's state: ca5fd955-873f-4bac-9f2a-538d93af5c77@group-6F3B09D344DD:t2, leader=null, voted=a7136ecb-4465-4bae-b158-9cfc61718915, raftlog=ca5fd955-873f-4bac-9f2a-538d93af5c77@group-6F3B09D344DD-SegmentedRaftLog:OPENED:c-1,f-1,i0, conf=-1: [b303f36a-f963-4721-9f7a-b5e9e54e4468|rpc:172.17.0.2:32969|priority:1, a7136ecb-4465-4bae-b158-9cfc61718915|rpc:172.17.0.2:42023|priority:0, ca5fd955-873f-4bac-9f2a-538d93af5c77|rpc:172.17.0.2:36703|priority:0], old=null
2021-03-01 18:11:49,652 [java.util.concurrent.ThreadPoolExecutor$Worker@29d540d7[State = -1, empty queue]] INFO  metrics.RatisMetrics (RatisMetrics.java:lambda$create$0(36)) - Creating Metrics Registry : ratis.client_message_metrics.client-5A1CA13B7BC3->0f049040-6e0c-4cd4-a487-c7f09e7e4ba1
2021-03-01 18:11:52,983 [Thread-4510] INFO  impl.FollowerState (FollowerState.java:run(133)) - f258d114-ea47-4d12-8964-639f425ab8d0@group-617FBAE04F80-FollowerState: change to CANDIDATE, lastRpcElapsedTime:5033687941ns, electionTimeout:5032ms
2021-03-01 18:11:52,984 [Thread-4510] INFO  impl.RoleInfo (RoleInfo.java:shutdownFollowerState(108)) - f258d114-ea47-4d12-8964-639f425ab8d0: shutdown f258d114-ea47-4d12-8964-639f425ab8d0@group-617FBAE04F80-FollowerState
2021-03-01 18:11:52,984 [Thread-4510] INFO  server.RaftServer$Division (RaftServerImpl.java:setRole(284)) - f258d114-ea47-4d12-8964-639f425ab8d0@group-617FBAE04F80: changes role from  FOLLOWER to CANDIDATE at term 2 for changeToCandidate
2021-03-01 18:11:52,984 [Thread-4510] INFO  server.RaftServerConfigKeys (ConfUtils.java:logGet(44)) - raft.server.leaderelection.pre-vote = false (custom)
2021-03-01 18:11:52,984 [Thread-4510] INFO  impl.RoleInfo (RoleInfo.java:updateAndGet(130)) - f258d114-ea47-4d12-8964-639f425ab8d0: start f258d114-ea47-4d12-8964-639f425ab8d0@group-617FBAE04F80-LeaderElection218
2021-03-01 18:11:52,986 [f258d114-ea47-4d12-8964-639f425ab8d0@group-617FBAE04F80-LeaderElection218] INFO  impl.LeaderElection (LeaderElection.java:askForVotes(307)) - f258d114-ea47-4d12-8964-639f425ab8d0@group-617FBAE04F80-LeaderElection218 ELECTION round 0: submit vote requests at term 3 for -1: [f258d114-ea47-4d12-8964-639f425ab8d0|rpc:172.17.0.2:45265|dataStream:|priority:1, a5a3f093-0768-4d4b-b08f-053c130678b3|rpc:172.17.0.2:40499|dataStream:|priority:0, 0f049040-6e0c-4cd4-a487-c7f09e7e4ba1|rpc:172.17.0.2:45527|dataStream:|priority:0], old=null
2021-03-01 18:11:52,987 [grpc-default-executor-2] INFO  server.RaftServer$Division (RaftServerImpl.java:requestVote(1025)) - a5a3f093-0768-4d4b-b08f-053c130678b3@group-617FBAE04F80: receive requestVote(ELECTION, f258d114-ea47-4d12-8964-639f425ab8d0, group-617FBAE04F80, 3, (t:0, i:0))
2021-03-01 18:11:52,987 [grpc-default-executor-2] INFO  impl.VoteContext (VoteContext.java:log(48)) - a5a3f093-0768-4d4b-b08f-053c130678b3@group-617FBAE04F80-FOLLOWER: accept ELECTION from f258d114-ea47-4d12-8964-639f425ab8d0: our priority 0 <= candidate's priority 1
2021-03-01 18:11:52,987 [grpc-default-executor-2] INFO  server.RaftServer$Division (RaftServerImpl.java:setRole(284)) - a5a3f093-0768-4d4b-b08f-053c130678b3@group-617FBAE04F80: changes role from  FOLLOWER to FOLLOWER at term 3 for candidate:f258d114-ea47-4d12-8964-639f425ab8d0
2021-03-01 18:11:52,987 [grpc-default-executor-2] INFO  impl.RoleInfo (RoleInfo.java:shutdownFollowerState(108)) - a5a3f093-0768-4d4b-b08f-053c130678b3: shutdown a5a3f093-0768-4d4b-b08f-053c130678b3@group-617FBAE04F80-FollowerState
2021-03-01 18:11:52,987 [grpc-default-executor-2] INFO  impl.RoleInfo (RoleInfo.java:updateAndGet(130)) - a5a3f093-0768-4d4b-b08f-053c130678b3: start a5a3f093-0768-4d4b-b08f-053c130678b3@group-617FBAE04F80-FollowerState
2021-03-01 18:11:52,987 [Thread-4511] INFO  impl.FollowerState (FollowerState.java:run(142)) - a5a3f093-0768-4d4b-b08f-053c130678b3@group-617FBAE04F80-FollowerState was interrupted: {}
java.lang.InterruptedException: sleep interrupted
	at java.lang.Thread.sleep(Native Method)
	at java.lang.Thread.sleep(Thread.java:340)
	at java.util.concurrent.TimeUnit.sleep(TimeUnit.java:386)
	at org.apache.ratis.util.TimeDuration.sleep(TimeDuration.java:324)
	at org.apache.ratis.util.TimeDuration.sleep(TimeDuration.java:309)
	at org.apache.ratis.server.impl.FollowerState.run(FollowerState.java:117)
2021-03-01 18:11:52,987 [grpc-default-executor-5] INFO  server.RaftServer$Division (RaftServerImpl.java:requestVote(1025)) - 0f049040-6e0c-4cd4-a487-c7f09e7e4ba1@group-617FBAE04F80: receive requestVote(ELECTION, f258d114-ea47-4d12-8964-639f425ab8d0, group-617FBAE04F80, 3, (t:0, i:0))
2021-03-01 18:11:52,988 [grpc-default-executor-5] INFO  impl.VoteContext (VoteContext.java:log(48)) - 0f049040-6e0c-4cd4-a487-c7f09e7e4ba1@group-617FBAE04F80-FOLLOWER: accept ELECTION from f258d114-ea47-4d12-8964-639f425ab8d0: our priority 0 <= candidate's priority 1
2021-03-01 18:11:52,988 [grpc-default-executor-5] INFO  server.RaftServer$Division (RaftServerImpl.java:setRole(284)) - 0f049040-6e0c-4cd4-a487-c7f09e7e4ba1@group-617FBAE04F80: changes role from  FOLLOWER to FOLLOWER at term 3 for candidate:f258d114-ea47-4d12-8964-639f425ab8d0
2021-03-01 18:11:52,988 [grpc-default-executor-5] INFO  impl.RoleInfo (RoleInfo.java:shutdownFollowerState(108)) - 0f049040-6e0c-4cd4-a487-c7f09e7e4ba1: shutdown 0f049040-6e0c-4cd4-a487-c7f09e7e4ba1@group-617FBAE04F80-FollowerState
2021-03-01 18:11:52,988 [grpc-default-executor-5] INFO  impl.RoleInfo (RoleInfo.java:updateAndGet(130)) - 0f049040-6e0c-4cd4-a487-c7f09e7e4ba1: start 0f049040-6e0c-4cd4-a487-c7f09e7e4ba1@group-617FBAE04F80-FollowerState
2021-03-01 18:11:52,988 [Thread-4512] INFO  impl.FollowerState (FollowerState.java:run(142)) - 0f049040-6e0c-4cd4-a487-c7f09e7e4ba1@group-617FBAE04F80-FollowerState was interrupted: {}
java.lang.InterruptedException: sleep interrupted
	at java.lang.Thread.sleep(Native Method)
	at java.lang.Thread.sleep(Thread.java:340)
	at java.util.concurrent.TimeUnit.sleep(TimeUnit.java:386)
	at org.apache.ratis.util.TimeDuration.sleep(TimeDuration.java:324)
	at org.apache.ratis.util.TimeDuration.sleep(TimeDuration.java:309)
	at org.apache.ratis.server.impl.FollowerState.run(FollowerState.java:117)
2021-03-01 18:11:52,989 [grpc-default-executor-2] INFO  server.RaftServer$Division (RaftServerImpl.java:requestVote(1057)) - a5a3f093-0768-4d4b-b08f-053c130678b3@group-617FBAE04F80 replies to ELECTION vote request: f258d114-ea47-4d12-8964-639f425ab8d0<-a5a3f093-0768-4d4b-b08f-053c130678b3#0:OK-t3. Peer's state: a5a3f093-0768-4d4b-b08f-053c130678b3@group-617FBAE04F80:t3, leader=null, voted=f258d114-ea47-4d12-8964-639f425ab8d0, raftlog=a5a3f093-0768-4d4b-b08f-053c130678b3@group-617FBAE04F80-SegmentedRaftLog:OPENED:c-1,f-1,i0, conf=-1: [f258d114-ea47-4d12-8964-639f425ab8d0|rpc:172.17.0.2:45265|dataStream:|priority:1, a5a3f093-0768-4d4b-b08f-053c130678b3|rpc:172.17.0.2:40499|dataStream:|priority:0, 0f049040-6e0c-4cd4-a487-c7f09e7e4ba1|rpc:172.17.0.2:45527|dataStream:|priority:0], old=null
2021-03-01 18:11:52,989 [grpc-default-executor-5] INFO  server.RaftServer$Division (RaftServerImpl.java:requestVote(1057)) - 0f049040-6e0c-4cd4-a487-c7f09e7e4ba1@group-617FBAE04F80 replies to ELECTION vote request: f258d114-ea47-4d12-8964-639f425ab8d0<-0f049040-6e0c-4cd4-a487-c7f09e7e4ba1#0:OK-t3. Peer's state: 0f049040-6e0c-4cd4-a487-c7f09e7e4ba1@group-617FBAE04F80:t3, leader=null, voted=f258d114-ea47-4d12-8964-639f425ab8d0, raftlog=0f049040-6e0c-4cd4-a487-c7f09e7e4ba1@group-617FBAE04F80-SegmentedRaftLog:OPENED:c-1,f-1,i0, conf=-1: [f258d114-ea47-4d12-8964-639f425ab8d0|rpc:172.17.0.2:45265|priority:1, a5a3f093-0768-4d4b-b08f-053c130678b3|rpc:172.17.0.2:40499|priority:0, 0f049040-6e0c-4cd4-a487-c7f09e7e4ba1|rpc:172.17.0.2:45527|priority:0], old=null
2021-03-01 18:11:52,989 [f258d114-ea47-4d12-8964-639f425ab8d0@group-617FBAE04F80-LeaderElection218] INFO  impl.LeaderElection (LeaderElection.java:logAndReturn(89)) - f258d114-ea47-4d12-8964-639f425ab8d0@group-617FBAE04F80-LeaderElection218: ELECTION PASSED received 1 response(s) and 0 exception(s):
2021-03-01 18:11:52,989 [f258d114-ea47-4d12-8964-639f425ab8d0@group-617FBAE04F80-LeaderElection218] INFO  impl.LeaderElection (LeaderElection.java:logAndReturn(93)) -   Response 0: f258d114-ea47-4d12-8964-639f425ab8d0<-a5a3f093-0768-4d4b-b08f-053c130678b3#0:OK-t3
2021-03-01 18:11:52,989 [f258d114-ea47-4d12-8964-639f425ab8d0@group-617FBAE04F80-LeaderElection218] INFO  impl.LeaderElection (LeaderElection.java:askForVotes(309)) - f258d114-ea47-4d12-8964-639f425ab8d0@group-617FBAE04F80-LeaderElection218 ELECTION round 0: result PASSED
2021-03-01 18:11:52,990 [f258d114-ea47-4d12-8964-639f425ab8d0@group-617FBAE04F80-LeaderElection218] INFO  impl.RoleInfo (RoleInfo.java:shutdownLeaderElection(121)) - f258d114-ea47-4d12-8964-639f425ab8d0: shutdown f258d114-ea47-4d12-8964-639f425ab8d0@group-617FBAE04F80-LeaderElection218
2021-03-01 18:11:52,990 [f258d114-ea47-4d12-8964-639f425ab8d0@group-617FBAE04F80-LeaderElection218] INFO  server.RaftServer$Division (RaftServerImpl.java:setRole(284)) - f258d114-ea47-4d12-8964-639f425ab8d0@group-617FBAE04F80: changes role from CANDIDATE to LEADER at term 3 for changeToLeader
2021-03-01 18:11:52,990 [f258d114-ea47-4d12-8964-639f425ab8d0@group-617FBAE04F80-LeaderElection218] INFO  ratis.XceiverServerRatis (XceiverServerRatis.java:handleLeaderChangedNotification(899)) - Leader change notification received for group: group-617FBAE04F80 with new leaderId: f258d114-ea47-4d12-8964-639f425ab8d0
2021-03-01 18:11:52,990 [f258d114-ea47-4d12-8964-639f425ab8d0@group-617FBAE04F80-LeaderElection218] INFO  server.RaftServer$Division (ServerState.java:setLeader(271)) - f258d114-ea47-4d12-8964-639f425ab8d0@group-617FBAE04F80: change Leader from null to f258d114-ea47-4d12-8964-639f425ab8d0 at term 3 for becomeLeader, leader elected after 15166ms
2021-03-01 18:11:52,990 [f258d114-ea47-4d12-8964-639f425ab8d0@group-617FBAE04F80-LeaderElection218] INFO  server.RaftServerConfigKeys (ConfUtils.java:logGet(44)) - raft.server.staging.catchup.gap = 1000 (default)
2021-03-01 18:11:52,990 [f258d114-ea47-4d12-8964-639f425ab8d0@group-617FBAE04F80-LeaderElection218] INFO  metrics.RatisMetrics (RatisMetrics.java:lambda$create$0(36)) - Creating Metrics Registry : ratis.log_appender.f258d114-ea47-4d12-8964-639f425ab8d0@group-617FBAE04F80
2021-03-01 18:11:52,990 [f258d114-ea47-4d12-8964-639f425ab8d0@group-617FBAE04F80-LeaderElection218] INFO  server.RaftServerConfigKeys (ConfUtils.java:logGet(44)) - raft.server.write.element-limit = 1024 (custom)
2021-03-01 18:11:52,990 [f258d114-ea47-4d12-8964-639f425ab8d0@group-617FBAE04F80-LeaderElection218] INFO  server.RaftServerConfigKeys (ConfUtils.java:logGet(44)) - raft.server.write.byte-limit = 1073741824 (custom)
2021-03-01 18:11:52,991 [f258d114-ea47-4d12-8964-639f425ab8d0@group-617FBAE04F80-LeaderElection218] INFO  server.RaftServerConfigKeys (ConfUtils.java:logGet(44)) - raft.server.watch.timeout = 3000ms (custom)
2021-03-01 18:11:52,991 [f258d114-ea47-4d12-8964-639f425ab8d0@group-617FBAE04F80-LeaderElection218] INFO  server.RaftServerConfigKeys (ConfUtils.java:logGet(44)) - raft.server.watch.timeout.denomination = 1s (default)
2021-03-01 18:11:52,991 [f258d114-ea47-4d12-8964-639f425ab8d0@group-617FBAE04F80-LeaderElection218] INFO  server.RaftServerConfigKeys (ConfUtils.java:logGet(44)) - raft.server.watch.element-limit = 65536 (default)
2021-03-01 18:11:52,991 [f258d114-ea47-4d12-8964-639f425ab8d0@group-617FBAE04F80-LeaderElection218] INFO  server.RaftServerConfigKeys (ConfUtils.java:logGet(44)) - raft.server.log.appender.snapshot.chunk.size.max = 16MB (=16777216) (default)
2021-03-01 18:11:52,991 [f258d114-ea47-4d12-8964-639f425ab8d0@group-617FBAE04F80-LeaderElection218] INFO  server.RaftServerConfigKeys (ConfUtils.java:logGet(44)) - raft.server.log.appender.buffer.byte-limit = 33554432 (custom)
2021-03-01 18:11:52,991 [f258d114-ea47-4d12-8964-639f425ab8d0@group-617FBAE04F80-LeaderElection218] INFO  server.RaftServerConfigKeys (ConfUtils.java:logGet(44)) - raft.server.log.appender.buffer.element-limit = 1 (custom)
2021-03-01 18:11:52,991 [f258d114-ea47-4d12-8964-639f425ab8d0@group-617FBAE04F80-LeaderElection218] INFO  grpc.GrpcConfigKeys (ConfUtils.java:logGet(44)) - raft.grpc.server.leader.outstanding.appends.max = 128 (default)
2021-03-01 18:11:52,991 [f258d114-ea47-4d12-8964-639f425ab8d0@group-617FBAE04F80-LeaderElection218] INFO  server.RaftServerConfigKeys (ConfUtils.java:logGet(44)) - raft.server.rpc.request.timeout = 3000ms (default)
2021-03-01 18:11:52,991 [f258d114-ea47-4d12-8964-639f425ab8d0@group-617FBAE04F80-LeaderElection218] INFO  server.RaftServerConfigKeys (ConfUtils.java:logGet(44)) - raft.server.log.appender.install.snapshot.enabled = false (custom)
2021-03-01 18:11:52,991 [f258d114-ea47-4d12-8964-639f425ab8d0@group-617FBAE04F80-LeaderElection218] INFO  metrics.RatisMetrics (RatisMetrics.java:lambda$create$0(36)) - Creating Metrics Registry : ratis_grpc.log_appender.f258d114-ea47-4d12-8964-639f425ab8d0@group-617FBAE04F80
2021-03-01 18:11:52,993 [EventQueue-PipelineReportForPipelineReportHandler] INFO  pipeline.PipelineStateManager (PipelineStateManager.java:openPipeline(132)) - Pipeline Pipeline[ Id: da80ac3f-35d5-4acd-b79a-617fbae04f80, Nodes: f258d114-ea47-4d12-8964-639f425ab8d0{ip: 172.17.0.2, host: 83787af071e2, ports: [REPLICATION=37693, RATIS=45265, RATIS_ADMIN=45265, RATIS_SERVER=45265, STANDALONE=34123], networkLocation: /default-rack, certSerialId: null, persistedOpState: IN_SERVICE, persistedOpStateExpiryEpochSec: 0}0f049040-6e0c-4cd4-a487-c7f09e7e4ba1{ip: 172.17.0.2, host: 83787af071e2, ports: [REPLICATION=39923, RATIS=45527, RATIS_ADMIN=45527, RATIS_SERVER=45527, STANDALONE=32999], networkLocation: /default-rack, certSerialId: null, persistedOpState: IN_SERVICE, persistedOpStateExpiryEpochSec: 0}a5a3f093-0768-4d4b-b08f-053c130678b3{ip: 172.17.0.2, host: 83787af071e2, ports: [REPLICATION=35041, RATIS=40499, RATIS_ADMIN=40499, RATIS_SERVER=40499, STANDALONE=42875], networkLocation: /default-rack, certSerialId: null, persistedOpState: IN_SERVICE, persistedOpStateExpiryEpochSec: 0}, Type:RATIS, Factor:THREE, State:ALLOCATED, leaderId:f258d114-ea47-4d12-8964-639f425ab8d0, CreationTimestamp2021-03-01T18:11:34.995Z] moved to OPEN state
2021-03-01 18:11:52,994 [f258d114-ea47-4d12-8964-639f425ab8d0@group-617FBAE04F80-LeaderElection218] INFO  server.RaftServerConfigKeys (ConfUtils.java:logGet(44)) - raft.server.log.appender.snapshot.chunk.size.max = 16MB (=16777216) (default)
2021-03-01 18:11:52,994 [f258d114-ea47-4d12-8964-639f425ab8d0@group-617FBAE04F80-LeaderElection218] INFO  server.RaftServerConfigKeys (ConfUtils.java:logGet(44)) - raft.server.log.appender.buffer.byte-limit = 33554432 (custom)
2021-03-01 18:11:52,995 [f258d114-ea47-4d12-8964-639f425ab8d0@group-617FBAE04F80-LeaderElection218] INFO  server.RaftServerConfigKeys (ConfUtils.java:logGet(44)) - raft.server.log.appender.buffer.element-limit = 1 (custom)
2021-03-01 18:11:52,995 [f258d114-ea47-4d12-8964-639f425ab8d0@group-617FBAE04F80-LeaderElection218] INFO  grpc.GrpcConfigKeys (ConfUtils.java:logGet(44)) - raft.grpc.server.leader.outstanding.appends.max = 128 (default)
2021-03-01 18:11:52,995 [f258d114-ea47-4d12-8964-639f425ab8d0@group-617FBAE04F80-LeaderElection218] INFO  server.RaftServerConfigKeys (ConfUtils.java:logGet(44)) - raft.server.rpc.request.timeout = 3000ms (default)
2021-03-01 18:11:52,995 [f258d114-ea47-4d12-8964-639f425ab8d0@group-617FBAE04F80-LeaderElection218] INFO  server.RaftServerConfigKeys (ConfUtils.java:logGet(44)) - raft.server.log.appender.install.snapshot.enabled = false (custom)
2021-03-01 18:11:52,997 [f258d114-ea47-4d12-8964-639f425ab8d0@group-617FBAE04F80-LeaderElection218] INFO  impl.RoleInfo (RoleInfo.java:updateAndGet(130)) - f258d114-ea47-4d12-8964-639f425ab8d0: start f258d114-ea47-4d12-8964-639f425ab8d0@group-617FBAE04F80-LeaderStateImpl
2021-03-01 18:11:52,998 [f258d114-ea47-4d12-8964-639f425ab8d0@group-617FBAE04F80-LeaderElection218] INFO  segmented.SegmentedRaftLogWorker (SegmentedRaftLogWorker.java:startLogSegment(392)) - f258d114-ea47-4d12-8964-639f425ab8d0@group-617FBAE04F80-SegmentedRaftLogWorker: Starting segment from index:0
2021-03-01 18:11:53,005 [f258d114-ea47-4d12-8964-639f425ab8d0@group-617FBAE04F80-LeaderElection218] INFO  server.RaftServer$Division (ServerState.java:setRaftConf(373)) - f258d114-ea47-4d12-8964-639f425ab8d0@group-617FBAE04F80: set configuration 0: [f258d114-ea47-4d12-8964-639f425ab8d0|rpc:172.17.0.2:45265|dataStream:|priority:1, a5a3f093-0768-4d4b-b08f-053c130678b3|rpc:172.17.0.2:40499|dataStream:|priority:0, 0f049040-6e0c-4cd4-a487-c7f09e7e4ba1|rpc:172.17.0.2:45527|dataStream:|priority:0], old=null
2021-03-01 18:11:53,006 [f258d114-ea47-4d12-8964-639f425ab8d0@group-617FBAE04F80-SegmentedRaftLogWorker] INFO  segmented.SegmentedRaftLogWorker (SegmentedRaftLogWorker.java:execute(599)) - f258d114-ea47-4d12-8964-639f425ab8d0@group-617FBAE04F80-SegmentedRaftLogWorker: created new log segment /github/workspace/mnt/ozone/hadoop-ozone/integration-test/target/test-dir/MiniOzoneClusterImpl-5b5774a2-bf3c-4723-a113-e238e3f8131c/datanode-1/data/ratis/da80ac3f-35d5-4acd-b79a-617fbae04f80/current/log_inprogress_0
2021-03-01 18:11:53,012 [grpc-default-executor-2] INFO  ratis.XceiverServerRatis (XceiverServerRatis.java:handleLeaderChangedNotification(899)) - Leader change notification received for group: group-617FBAE04F80 with new leaderId: f258d114-ea47-4d12-8964-639f425ab8d0
2021-03-01 18:11:53,012 [grpc-default-executor-2] INFO  server.RaftServer$Division (ServerState.java:setLeader(271)) - 0f049040-6e0c-4cd4-a487-c7f09e7e4ba1@group-617FBAE04F80: change Leader from null to f258d114-ea47-4d12-8964-639f425ab8d0 at term 3 for appendEntries, leader elected after 15213ms
2021-03-01 18:11:53,017 [grpc-default-executor-3] INFO  ratis.XceiverServerRatis (XceiverServerRatis.java:handleLeaderChangedNotification(899)) - Leader change notification received for group: group-617FBAE04F80 with new leaderId: f258d114-ea47-4d12-8964-639f425ab8d0
2021-03-01 18:11:53,017 [grpc-default-executor-3] INFO  server.RaftServer$Division (ServerState.java:setLeader(271)) - a5a3f093-0768-4d4b-b08f-053c130678b3@group-617FBAE04F80: change Leader from null to f258d114-ea47-4d12-8964-639f425ab8d0 at term 3 for appendEntries, leader elected after 15169ms
2021-03-01 18:11:53,024 [grpc-default-executor-3] INFO  server.RaftServer$Division (ServerState.java:setRaftConf(373)) - a5a3f093-0768-4d4b-b08f-053c130678b3@group-617FBAE04F80: set configuration 0: [f258d114-ea47-4d12-8964-639f425ab8d0|rpc:172.17.0.2:45265|dataStream:|priority:1, a5a3f093-0768-4d4b-b08f-053c130678b3|rpc:172.17.0.2:40499|dataStream:|priority:0, 0f049040-6e0c-4cd4-a487-c7f09e7e4ba1|rpc:172.17.0.2:45527|dataStream:|priority:0], old=null
2021-03-01 18:11:53,028 [grpc-default-executor-2] INFO  server.RaftServer$Division (ServerState.java:setRaftConf(373)) - 0f049040-6e0c-4cd4-a487-c7f09e7e4ba1@group-617FBAE04F80: set configuration 0: [f258d114-ea47-4d12-8964-639f425ab8d0|rpc:172.17.0.2:45265|dataStream:|priority:1, a5a3f093-0768-4d4b-b08f-053c130678b3|rpc:172.17.0.2:40499|dataStream:|priority:0, 0f049040-6e0c-4cd4-a487-c7f09e7e4ba1|rpc:172.17.0.2:45527|dataStream:|priority:0], old=null
2021-03-01 18:11:53,029 [grpc-default-executor-3] INFO  segmented.SegmentedRaftLogWorker (SegmentedRaftLogWorker.java:startLogSegment(392)) - a5a3f093-0768-4d4b-b08f-053c130678b3@group-617FBAE04F80-SegmentedRaftLogWorker: Starting segment from index:0
2021-03-01 18:11:53,030 [grpc-default-executor-2] INFO  segmented.SegmentedRaftLogWorker (SegmentedRaftLogWorker.java:startLogSegment(392)) - 0f049040-6e0c-4cd4-a487-c7f09e7e4ba1@group-617FBAE04F80-SegmentedRaftLogWorker: Starting segment from index:0
2021-03-01 18:11:53,031 [a5a3f093-0768-4d4b-b08f-053c130678b3@group-617FBAE04F80-SegmentedRaftLogWorker] INFO  segmented.SegmentedRaftLogWorker (SegmentedRaftLogWorker.java:execute(599)) - a5a3f093-0768-4d4b-b08f-053c130678b3@group-617FBAE04F80-SegmentedRaftLogWorker: created new log segment /github/workspace/mnt/ozone/hadoop-ozone/integration-test/target/test-dir/MiniOzoneClusterImpl-5b5774a2-bf3c-4723-a113-e238e3f8131c/datanode-2/data/ratis/da80ac3f-35d5-4acd-b79a-617fbae04f80/current/log_inprogress_0
2021-03-01 18:11:53,031 [0f049040-6e0c-4cd4-a487-c7f09e7e4ba1@group-617FBAE04F80-SegmentedRaftLogWorker] INFO  segmented.SegmentedRaftLogWorker (SegmentedRaftLogWorker.java:execute(599)) - 0f049040-6e0c-4cd4-a487-c7f09e7e4ba1@group-617FBAE04F80-SegmentedRaftLogWorker: created new log segment /github/workspace/mnt/ozone/hadoop-ozone/integration-test/target/test-dir/MiniOzoneClusterImpl-5b5774a2-bf3c-4723-a113-e238e3f8131c/datanode-0/data/ratis/da80ac3f-35d5-4acd-b79a-617fbae04f80/current/log_inprogress_0
2021-03-01 18:11:53,058 [Thread-4502] INFO  impl.FollowerState (FollowerState.java:run(133)) - f258d114-ea47-4d12-8964-639f425ab8d0@group-56E890C13FB3-FollowerState: change to CANDIDATE, lastRpcElapsedTime:5166395744ns, electionTimeout:5166ms
2021-03-01 18:11:53,058 [Thread-4502] INFO  impl.RoleInfo (RoleInfo.java:shutdownFollowerState(108)) - f258d114-ea47-4d12-8964-639f425ab8d0: shutdown f258d114-ea47-4d12-8964-639f425ab8d0@group-56E890C13FB3-FollowerState
2021-03-01 18:11:53,058 [Thread-4502] INFO  server.RaftServer$Division (RaftServerImpl.java:setRole(284)) - f258d114-ea47-4d12-8964-639f425ab8d0@group-56E890C13FB3: changes role from  FOLLOWER to CANDIDATE at term 3 for changeToCandidate
2021-03-01 18:11:53,058 [Thread-4502] INFO  server.RaftServerConfigKeys (ConfUtils.java:logGet(44)) - raft.server.leaderelection.pre-vote = false (custom)
2021-03-01 18:11:53,059 [Thread-4502] INFO  impl.RoleInfo (RoleInfo.java:updateAndGet(130)) - f258d114-ea47-4d12-8964-639f425ab8d0: start f258d114-ea47-4d12-8964-639f425ab8d0@group-56E890C13FB3-LeaderElection219
2021-03-01 18:11:53,060 [f258d114-ea47-4d12-8964-639f425ab8d0@group-56E890C13FB3-LeaderElection219] INFO  impl.LeaderElection (LeaderElection.java:askForVotes(307)) - f258d114-ea47-4d12-8964-639f425ab8d0@group-56E890C13FB3-LeaderElection219 ELECTION round 0: submit vote requests at term 4 for -1: [f258d114-ea47-4d12-8964-639f425ab8d0|rpc:172.17.0.2:45265|dataStream:|priority:0, a5a3f093-0768-4d4b-b08f-053c130678b3|rpc:172.17.0.2:40499|dataStream:|priority:1, 0f049040-6e0c-4cd4-a487-c7f09e7e4ba1|rpc:172.17.0.2:45527|dataStream:|priority:0], old=null
2021-03-01 18:11:53,061 [grpc-default-executor-2] INFO  server.RaftServer$Division (RaftServerImpl.java:requestVote(1025)) - a5a3f093-0768-4d4b-b08f-053c130678b3@group-56E890C13FB3: receive requestVote(ELECTION, f258d114-ea47-4d12-8964-639f425ab8d0, group-56E890C13FB3, 4, (t:0, i:0))
2021-03-01 18:11:53,061 [grpc-default-executor-2] INFO  impl.VoteContext (VoteContext.java:log(48)) - a5a3f093-0768-4d4b-b08f-053c130678b3@group-56E890C13FB3-FOLLOWER: reject ELECTION from f258d114-ea47-4d12-8964-639f425ab8d0: our last entry (t:1, i:0) > candidate's last entry (t:0, i:0)
2021-03-01 18:11:53,061 [grpc-default-executor-2] INFO  server.RaftServer$Division (RaftServerImpl.java:setRole(284)) - a5a3f093-0768-4d4b-b08f-053c130678b3@group-56E890C13FB3: changes role from  FOLLOWER to FOLLOWER at term 4 for candidate:f258d114-ea47-4d12-8964-639f425ab8d0
2021-03-01 18:11:53,061 [grpc-default-executor-2] INFO  impl.RoleInfo (RoleInfo.java:shutdownFollowerState(108)) - a5a3f093-0768-4d4b-b08f-053c130678b3: shutdown a5a3f093-0768-4d4b-b08f-053c130678b3@group-56E890C13FB3-FollowerState
2021-03-01 18:11:53,061 [grpc-default-executor-2] INFO  impl.RoleInfo (RoleInfo.java:updateAndGet(130)) - a5a3f093-0768-4d4b-b08f-053c130678b3: start a5a3f093-0768-4d4b-b08f-053c130678b3@group-56E890C13FB3-FollowerState
2021-03-01 18:11:53,061 [grpc-default-executor-3] INFO  server.RaftServer$Division (RaftServerImpl.java:requestVote(1025)) - 0f049040-6e0c-4cd4-a487-c7f09e7e4ba1@group-56E890C13FB3: receive requestVote(ELECTION, f258d114-ea47-4d12-8964-639f425ab8d0, group-56E890C13FB3, 4, (t:0, i:0))
2021-03-01 18:11:53,061 [Thread-4499] INFO  impl.FollowerState (FollowerState.java:run(142)) - a5a3f093-0768-4d4b-b08f-053c130678b3@group-56E890C13FB3-FollowerState was interrupted: {}
java.lang.InterruptedException: sleep interrupted
	at java.lang.Thread.sleep(Native Method)
	at java.lang.Thread.sleep(Thread.java:340)
	at java.util.concurrent.TimeUnit.sleep(TimeUnit.java:386)
	at org.apache.ratis.util.TimeDuration.sleep(TimeDuration.java:324)
	at org.apache.ratis.util.TimeDuration.sleep(TimeDuration.java:309)
	at org.apache.ratis.server.impl.FollowerState.run(FollowerState.java:117)
2021-03-01 18:11:53,061 [grpc-default-executor-3] INFO  impl.VoteContext (VoteContext.java:log(48)) - 0f049040-6e0c-4cd4-a487-c7f09e7e4ba1@group-56E890C13FB3-FOLLOWER: accept ELECTION from f258d114-ea47-4d12-8964-639f425ab8d0: our priority 0 <= candidate's priority 0
2021-03-01 18:11:53,061 [grpc-default-executor-3] INFO  server.RaftServer$Division (RaftServerImpl.java:setRole(284)) - 0f049040-6e0c-4cd4-a487-c7f09e7e4ba1@group-56E890C13FB3: changes role from  FOLLOWER to FOLLOWER at term 4 for candidate:f258d114-ea47-4d12-8964-639f425ab8d0
2021-03-01 18:11:53,061 [grpc-default-executor-3] INFO  impl.RoleInfo (RoleInfo.java:shutdownFollowerState(108)) - 0f049040-6e0c-4cd4-a487-c7f09e7e4ba1: shutdown 0f049040-6e0c-4cd4-a487-c7f09e7e4ba1@group-56E890C13FB3-FollowerState
2021-03-01 18:11:53,062 [grpc-default-executor-3] INFO  impl.RoleInfo (RoleInfo.java:updateAndGet(130)) - 0f049040-6e0c-4cd4-a487-c7f09e7e4ba1: start 0f049040-6e0c-4cd4-a487-c7f09e7e4ba1@group-56E890C13FB3-FollowerState
2021-03-01 18:11:53,062 [Thread-4500] INFO  impl.FollowerState (FollowerState.java:run(142)) - 0f049040-6e0c-4cd4-a487-c7f09e7e4ba1@group-56E890C13FB3-FollowerState was interrupted: {}
java.lang.InterruptedException: sleep interrupted
	at java.lang.Thread.sleep(Native Method)
	at java.lang.Thread.sleep(Thread.java:340)
	at java.util.concurrent.TimeUnit.sleep(TimeUnit.java:386)
	at org.apache.ratis.util.TimeDuration.sleep(TimeDuration.java:324)
	at org.apache.ratis.util.TimeDuration.sleep(TimeDuration.java:309)
	at org.apache.ratis.server.impl.FollowerState.run(FollowerState.java:117)
2021-03-01 18:11:53,062 [grpc-default-executor-2] INFO  server.RaftServer$Division (RaftServerImpl.java:requestVote(1057)) - a5a3f093-0768-4d4b-b08f-053c130678b3@group-56E890C13FB3 replies to ELECTION vote request: f258d114-ea47-4d12-8964-639f425ab8d0<-a5a3f093-0768-4d4b-b08f-053c130678b3#0:FAIL-t4. Peer's state: a5a3f093-0768-4d4b-b08f-053c130678b3@group-56E890C13FB3:t4, leader=null, voted=null, raftlog=a5a3f093-0768-4d4b-b08f-053c130678b3@group-56E890C13FB3-SegmentedRaftLog:OPENED:c-1,f0,i0, conf=0: [f258d114-ea47-4d12-8964-639f425ab8d0|rpc:172.17.0.2:45265|dataStream:|priority:0, a5a3f093-0768-4d4b-b08f-053c130678b3|rpc:172.17.0.2:40499|dataStream:|priority:1, 0f049040-6e0c-4cd4-a487-c7f09e7e4ba1|rpc:172.17.0.2:45527|dataStream:|priority:0], old=null
2021-03-01 18:11:53,062 [grpc-default-executor-3] INFO  server.RaftServer$Division (RaftServerImpl.java:requestVote(1057)) - 0f049040-6e0c-4cd4-a487-c7f09e7e4ba1@group-56E890C13FB3 replies to ELECTION vote request: f258d114-ea47-4d12-8964-639f425ab8d0<-0f049040-6e0c-4cd4-a487-c7f09e7e4ba1#0:OK-t4. Peer's state: 0f049040-6e0c-4cd4-a487-c7f09e7e4ba1@group-56E890C13FB3:t4, leader=null, voted=f258d114-ea47-4d12-8964-639f425ab8d0, raftlog=0f049040-6e0c-4cd4-a487-c7f09e7e4ba1@group-56E890C13FB3-SegmentedRaftLog:OPENED:c-1,f-1,i0, conf=-1: [f258d114-ea47-4d12-8964-639f425ab8d0|rpc:172.17.0.2:45265|priority:0, a5a3f093-0768-4d4b-b08f-053c130678b3|rpc:172.17.0.2:40499|priority:1, 0f049040-6e0c-4cd4-a487-c7f09e7e4ba1|rpc:172.17.0.2:45527|priority:0], old=null
2021-03-01 18:11:53,063 [f258d114-ea47-4d12-8964-639f425ab8d0@group-56E890C13FB3-LeaderElection219] INFO  impl.LeaderElection (LeaderElection.java:logAndReturn(89)) - f258d114-ea47-4d12-8964-639f425ab8d0@group-56E890C13FB3-LeaderElection219: ELECTION REJECTED received 1 response(s) and 0 exception(s):
2021-03-01 18:11:53,063 [f258d114-ea47-4d12-8964-639f425ab8d0@group-56E890C13FB3-LeaderElection219] INFO  impl.LeaderElection (LeaderElection.java:logAndReturn(93)) -   Response 0: f258d114-ea47-4d12-8964-639f425ab8d0<-a5a3f093-0768-4d4b-b08f-053c130678b3#0:FAIL-t4
2021-03-01 18:11:53,063 [f258d114-ea47-4d12-8964-639f425ab8d0@group-56E890C13FB3-LeaderElection219] INFO  impl.LeaderElection (LeaderElection.java:askForVotes(309)) - f258d114-ea47-4d12-8964-639f425ab8d0@group-56E890C13FB3-LeaderElection219 ELECTION round 0: result REJECTED
2021-03-01 18:11:53,063 [f258d114-ea47-4d12-8964-639f425ab8d0@group-56E890C13FB3-LeaderElection219] INFO  server.RaftServer$Division (RaftServerImpl.java:setRole(284)) - f258d114-ea47-4d12-8964-639f425ab8d0@group-56E890C13FB3: changes role from CANDIDATE to FOLLOWER at term 4 for REJECTED
2021-03-01 18:11:53,063 [f258d114-ea47-4d12-8964-639f425ab8d0@group-56E890C13FB3-LeaderElection219] INFO  impl.RoleInfo (RoleInfo.java:shutdownLeaderElection(121)) - f258d114-ea47-4d12-8964-639f425ab8d0: shutdown f258d114-ea47-4d12-8964-639f425ab8d0@group-56E890C13FB3-LeaderElection219
2021-03-01 18:11:53,063 [f258d114-ea47-4d12-8964-639f425ab8d0@group-56E890C13FB3-LeaderElection219] INFO  impl.RoleInfo (RoleInfo.java:updateAndGet(130)) - f258d114-ea47-4d12-8964-639f425ab8d0: start f258d114-ea47-4d12-8964-639f425ab8d0@group-56E890C13FB3-FollowerState
2021-03-01 18:11:53,571 [Thread-4529] INFO  impl.FollowerState (FollowerState.java:run(133)) - ca5fd955-873f-4bac-9f2a-538d93af5c77@group-6F3B09D344DD-FollowerState: change to CANDIDATE, lastRpcElapsedTime:5155827779ns, electionTimeout:5155ms
2021-03-01 18:11:53,572 [Thread-4529] INFO  impl.RoleInfo (RoleInfo.java:shutdownFollowerState(108)) - ca5fd955-873f-4bac-9f2a-538d93af5c77: shutdown ca5fd955-873f-4bac-9f2a-538d93af5c77@group-6F3B09D344DD-FollowerState
2021-03-01 18:11:53,572 [Thread-4529] INFO  server.RaftServer$Division (RaftServerImpl.java:setRole(284)) - ca5fd955-873f-4bac-9f2a-538d93af5c77@group-6F3B09D344DD: changes role from  FOLLOWER to CANDIDATE at term 2 for changeToCandidate
2021-03-01 18:11:53,572 [Thread-4529] INFO  server.RaftServerConfigKeys (ConfUtils.java:logGet(44)) - raft.server.leaderelection.pre-vote = false (custom)
2021-03-01 18:11:53,572 [Thread-4529] INFO  impl.RoleInfo (RoleInfo.java:updateAndGet(130)) - ca5fd955-873f-4bac-9f2a-538d93af5c77: start ca5fd955-873f-4bac-9f2a-538d93af5c77@group-6F3B09D344DD-LeaderElection220
2021-03-01 18:11:53,574 [ca5fd955-873f-4bac-9f2a-538d93af5c77@group-6F3B09D344DD-LeaderElection220] INFO  impl.LeaderElection (LeaderElection.java:askForVotes(307)) - ca5fd955-873f-4bac-9f2a-538d93af5c77@group-6F3B09D344DD-LeaderElection220 ELECTION round 0: submit vote requests at term 3 for -1: [b303f36a-f963-4721-9f7a-b5e9e54e4468|rpc:172.17.0.2:32969|priority:1, a7136ecb-4465-4bae-b158-9cfc61718915|rpc:172.17.0.2:42023|priority:0, ca5fd955-873f-4bac-9f2a-538d93af5c77|rpc:172.17.0.2:36703|priority:0], old=null
2021-03-01 18:11:53,575 [grpc-default-executor-3] INFO  server.RaftServer$Division (RaftServerImpl.java:requestVote(1025)) - a7136ecb-4465-4bae-b158-9cfc61718915@group-6F3B09D344DD: receive requestVote(ELECTION, ca5fd955-873f-4bac-9f2a-538d93af5c77, group-6F3B09D344DD, 3, (t:0, i:0))
2021-03-01 18:11:53,575 [grpc-default-executor-3] INFO  impl.VoteContext (VoteContext.java:log(48)) - a7136ecb-4465-4bae-b158-9cfc61718915@group-6F3B09D344DD-FOLLOWER: accept ELECTION from ca5fd955-873f-4bac-9f2a-538d93af5c77: our priority 0 <= candidate's priority 0
2021-03-01 18:11:53,575 [grpc-default-executor-3] INFO  server.RaftServer$Division (RaftServerImpl.java:setRole(284)) - a7136ecb-4465-4bae-b158-9cfc61718915@group-6F3B09D344DD: changes role from  FOLLOWER to FOLLOWER at term 3 for candidate:ca5fd955-873f-4bac-9f2a-538d93af5c77
2021-03-01 18:11:53,576 [grpc-default-executor-3] INFO  impl.RoleInfo (RoleInfo.java:shutdownFollowerState(108)) - a7136ecb-4465-4bae-b158-9cfc61718915: shutdown a7136ecb-4465-4bae-b158-9cfc61718915@group-6F3B09D344DD-FollowerState
2021-03-01 18:11:53,576 [grpc-default-executor-3] INFO  impl.RoleInfo (RoleInfo.java:updateAndGet(130)) - a7136ecb-4465-4bae-b158-9cfc61718915: start a7136ecb-4465-4bae-b158-9cfc61718915@group-6F3B09D344DD-FollowerState
2021-03-01 18:11:53,576 [Thread-4530] INFO  impl.FollowerState (FollowerState.java:run(142)) - a7136ecb-4465-4bae-b158-9cfc61718915@group-6F3B09D344DD-FollowerState was interrupted: {}
java.lang.InterruptedException: sleep interrupted
	at java.lang.Thread.sleep(Native Method)
	at java.lang.Thread.sleep(Thread.java:340)
	at java.util.concurrent.TimeUnit.sleep(TimeUnit.java:386)
	at org.apache.ratis.util.TimeDuration.sleep(TimeDuration.java:324)
	at org.apache.ratis.util.TimeDuration.sleep(TimeDuration.java:309)
	at org.apache.ratis.server.impl.FollowerState.run(FollowerState.java:117)
2021-03-01 18:11:53,576 [grpc-default-executor-2] INFO  server.RaftServer$Division (RaftServerImpl.java:requestVote(1025)) - b303f36a-f963-4721-9f7a-b5e9e54e4468@group-6F3B09D344DD: receive requestVote(ELECTION, ca5fd955-873f-4bac-9f2a-538d93af5c77, group-6F3B09D344DD, 3, (t:0, i:0))
2021-03-01 18:11:53,577 [grpc-default-executor-2] INFO  impl.VoteContext (VoteContext.java:log(48)) - b303f36a-f963-4721-9f7a-b5e9e54e4468@group-6F3B09D344DD-FOLLOWER: reject ELECTION from ca5fd955-873f-4bac-9f2a-538d93af5c77: our priority 1 > candidate's priority 0
2021-03-01 18:11:53,577 [grpc-default-executor-2] INFO  server.RaftServer$Division (RaftServerImpl.java:setRole(284)) - b303f36a-f963-4721-9f7a-b5e9e54e4468@group-6F3B09D344DD: changes role from  FOLLOWER to FOLLOWER at term 3 for candidate:ca5fd955-873f-4bac-9f2a-538d93af5c77
2021-03-01 18:11:53,577 [grpc-default-executor-2] INFO  impl.RoleInfo (RoleInfo.java:shutdownFollowerState(108)) - b303f36a-f963-4721-9f7a-b5e9e54e4468: shutdown b303f36a-f963-4721-9f7a-b5e9e54e4468@group-6F3B09D344DD-FollowerState
2021-03-01 18:11:53,577 [grpc-default-executor-2] INFO  impl.RoleInfo (RoleInfo.java:updateAndGet(130)) - b303f36a-f963-4721-9f7a-b5e9e54e4468: start b303f36a-f963-4721-9f7a-b5e9e54e4468@group-6F3B09D344DD-FollowerState
2021-03-01 18:11:53,577 [Thread-4528] INFO  impl.FollowerState (FollowerState.java:run(142)) - b303f36a-f963-4721-9f7a-b5e9e54e4468@group-6F3B09D344DD-FollowerState was interrupted: {}
java.lang.InterruptedException: sleep interrupted
	at java.lang.Thread.sleep(Native Method)
	at java.lang.Thread.sleep(Thread.java:340)
	at java.util.concurrent.TimeUnit.sleep(TimeUnit.java:386)
	at org.apache.ratis.util.TimeDuration.sleep(TimeDuration.java:324)
	at org.apache.ratis.util.TimeDuration.sleep(TimeDuration.java:309)
	at org.apache.ratis.server.impl.FollowerState.run(FollowerState.java:117)
2021-03-01 18:11:53,578 [grpc-default-executor-3] INFO  server.RaftServer$Division (RaftServerImpl.java:requestVote(1057)) - a7136ecb-4465-4bae-b158-9cfc61718915@group-6F3B09D344DD replies to ELECTION vote request: ca5fd955-873f-4bac-9f2a-538d93af5c77<-a7136ecb-4465-4bae-b158-9cfc61718915#0:OK-t3. Peer's state: a7136ecb-4465-4bae-b158-9cfc61718915@group-6F3B09D344DD:t3, leader=null, voted=ca5fd955-873f-4bac-9f2a-538d93af5c77, raftlog=a7136ecb-4465-4bae-b158-9cfc61718915@group-6F3B09D344DD-SegmentedRaftLog:OPENED:c-1,f-1,i0, conf=-1: [b303f36a-f963-4721-9f7a-b5e9e54e4468|rpc:172.17.0.2:32969|dataStream:|priority:1, a7136ecb-4465-4bae-b158-9cfc61718915|rpc:172.17.0.2:42023|dataStream:|priority:0, ca5fd955-873f-4bac-9f2a-538d93af5c77|rpc:172.17.0.2:36703|dataStream:|priority:0], old=null
2021-03-01 18:11:53,578 [grpc-default-executor-2] INFO  server.RaftServer$Division (RaftServerImpl.java:requestVote(1057)) - b303f36a-f963-4721-9f7a-b5e9e54e4468@group-6F3B09D344DD replies to ELECTION vote request: ca5fd955-873f-4bac-9f2a-538d93af5c77<-b303f36a-f963-4721-9f7a-b5e9e54e4468#0:FAIL-t3. Peer's state: b303f36a-f963-4721-9f7a-b5e9e54e4468@group-6F3B09D344DD:t3, leader=null, voted=null, raftlog=b303f36a-f963-4721-9f7a-b5e9e54e4468@group-6F3B09D344DD-SegmentedRaftLog:OPENED:c-1,f-1,i0, conf=-1: [b303f36a-f963-4721-9f7a-b5e9e54e4468|rpc:172.17.0.2:32969|dataStream:|priority:1, a7136ecb-4465-4bae-b158-9cfc61718915|rpc:172.17.0.2:42023|dataStream:|priority:0, ca5fd955-873f-4bac-9f2a-538d93af5c77|rpc:172.17.0.2:36703|dataStream:|priority:0], old=null
2021-03-01 18:11:53,579 [ca5fd955-873f-4bac-9f2a-538d93af5c77@group-6F3B09D344DD-LeaderElection220] INFO  impl.LeaderElection (LeaderElection.java:logAndReturn(89)) - ca5fd955-873f-4bac-9f2a-538d93af5c77@group-6F3B09D344DD-LeaderElection220: ELECTION REJECTED received 2 response(s) and 0 exception(s):
2021-03-01 18:11:53,579 [ca5fd955-873f-4bac-9f2a-538d93af5c77@group-6F3B09D344DD-LeaderElection220] INFO  impl.LeaderElection (LeaderElection.java:logAndReturn(93)) -   Response 0: ca5fd955-873f-4bac-9f2a-538d93af5c77<-b303f36a-f963-4721-9f7a-b5e9e54e4468#0:FAIL-t3
2021-03-01 18:11:53,579 [ca5fd955-873f-4bac-9f2a-538d93af5c77@group-6F3B09D344DD-LeaderElection220] INFO  impl.LeaderElection (LeaderElection.java:logAndReturn(93)) -   Response 1: ca5fd955-873f-4bac-9f2a-538d93af5c77<-a7136ecb-4465-4bae-b158-9cfc61718915#0:OK-t3
2021-03-01 18:11:53,579 [ca5fd955-873f-4bac-9f2a-538d93af5c77@group-6F3B09D344DD-LeaderElection220] INFO  impl.LeaderElection (LeaderElection.java:askForVotes(309)) - ca5fd955-873f-4bac-9f2a-538d93af5c77@group-6F3B09D344DD-LeaderElection220 ELECTION round 0: result REJECTED
2021-03-01 18:11:53,579 [ca5fd955-873f-4bac-9f2a-538d93af5c77@group-6F3B09D344DD-LeaderElection220] INFO  server.RaftServer$Division (RaftServerImpl.java:setRole(284)) - ca5fd955-873f-4bac-9f2a-538d93af5c77@group-6F3B09D344DD: changes role from CANDIDATE to FOLLOWER at term 3 for REJECTED
2021-03-01 18:11:53,579 [ca5fd955-873f-4bac-9f2a-538d93af5c77@group-6F3B09D344DD-LeaderElection220] INFO  impl.RoleInfo (RoleInfo.java:shutdownLeaderElection(121)) - ca5fd955-873f-4bac-9f2a-538d93af5c77: shutdown ca5fd955-873f-4bac-9f2a-538d93af5c77@group-6F3B09D344DD-LeaderElection220
2021-03-01 18:11:53,579 [ca5fd955-873f-4bac-9f2a-538d93af5c77@group-6F3B09D344DD-LeaderElection220] INFO  impl.RoleInfo (RoleInfo.java:updateAndGet(130)) - ca5fd955-873f-4bac-9f2a-538d93af5c77: start ca5fd955-873f-4bac-9f2a-538d93af5c77@group-6F3B09D344DD-FollowerState
2021-03-01 18:11:58,105 [Thread-4562] INFO  impl.FollowerState (FollowerState.java:run(133)) - f258d114-ea47-4d12-8964-639f425ab8d0@group-56E890C13FB3-FollowerState: change to CANDIDATE, lastRpcElapsedTime:5042219277ns, electionTimeout:5042ms
2021-03-01 18:11:58,105 [Thread-4562] INFO  impl.RoleInfo (RoleInfo.java:shutdownFollowerState(108)) - f258d114-ea47-4d12-8964-639f425ab8d0: shutdown f258d114-ea47-4d12-8964-639f425ab8d0@group-56E890C13FB3-FollowerState
2021-03-01 18:11:58,105 [Thread-4562] INFO  server.RaftServer$Division (RaftServerImpl.java:setRole(284)) - f258d114-ea47-4d12-8964-639f425ab8d0@group-56E890C13FB3: changes role from  FOLLOWER to CANDIDATE at term 4 for changeToCandidate
2021-03-01 18:11:58,106 [Thread-4562] INFO  server.RaftServerConfigKeys (ConfUtils.java:logGet(44)) - raft.server.leaderelection.pre-vote = false (custom)
2021-03-01 18:11:58,106 [Thread-4562] INFO  impl.RoleInfo (RoleInfo.java:updateAndGet(130)) - f258d114-ea47-4d12-8964-639f425ab8d0: start f258d114-ea47-4d12-8964-639f425ab8d0@group-56E890C13FB3-LeaderElection221
2021-03-01 18:11:58,107 [f258d114-ea47-4d12-8964-639f425ab8d0@group-56E890C13FB3-LeaderElection221] INFO  impl.LeaderElection (LeaderElection.java:askForVotes(307)) - f258d114-ea47-4d12-8964-639f425ab8d0@group-56E890C13FB3-LeaderElection221 ELECTION round 0: submit vote requests at term 5 for -1: [f258d114-ea47-4d12-8964-639f425ab8d0|rpc:172.17.0.2:45265|dataStream:|priority:0, a5a3f093-0768-4d4b-b08f-053c130678b3|rpc:172.17.0.2:40499|dataStream:|priority:1, 0f049040-6e0c-4cd4-a487-c7f09e7e4ba1|rpc:172.17.0.2:45527|dataStream:|priority:0], old=null
2021-03-01 18:11:58,108 [grpc-default-executor-3] INFO  server.RaftServer$Division (RaftServerImpl.java:requestVote(1025)) - a5a3f093-0768-4d4b-b08f-053c130678b3@group-56E890C13FB3: receive requestVote(ELECTION, f258d114-ea47-4d12-8964-639f425ab8d0, group-56E890C13FB3, 5, (t:0, i:0))
2021-03-01 18:11:58,108 [grpc-default-executor-3] INFO  impl.VoteContext (VoteContext.java:log(48)) - a5a3f093-0768-4d4b-b08f-053c130678b3@group-56E890C13FB3-FOLLOWER: reject ELECTION from f258d114-ea47-4d12-8964-639f425ab8d0: our last entry (t:1, i:0) > candidate's last entry (t:0, i:0)
2021-03-01 18:11:58,108 [grpc-default-executor-3] INFO  server.RaftServer$Division (RaftServerImpl.java:setRole(284)) - a5a3f093-0768-4d4b-b08f-053c130678b3@group-56E890C13FB3: changes role from  FOLLOWER to FOLLOWER at term 5 for candidate:f258d114-ea47-4d12-8964-639f425ab8d0
2021-03-01 18:11:58,108 [grpc-default-executor-3] INFO  impl.RoleInfo (RoleInfo.java:shutdownFollowerState(108)) - a5a3f093-0768-4d4b-b08f-053c130678b3: shutdown a5a3f093-0768-4d4b-b08f-053c130678b3@group-56E890C13FB3-FollowerState
2021-03-01 18:11:58,108 [grpc-default-executor-3] INFO  impl.RoleInfo (RoleInfo.java:updateAndGet(130)) - a5a3f093-0768-4d4b-b08f-053c130678b3: start a5a3f093-0768-4d4b-b08f-053c130678b3@group-56E890C13FB3-FollowerState
2021-03-01 18:11:58,108 [Thread-4560] INFO  impl.FollowerState (FollowerState.java:run(142)) - a5a3f093-0768-4d4b-b08f-053c130678b3@group-56E890C13FB3-FollowerState was interrupted: {}
java.lang.InterruptedException: sleep interrupted
	at java.lang.Thread.sleep(Native Method)
	at java.lang.Thread.sleep(Thread.java:340)
	at java.util.concurrent.TimeUnit.sleep(TimeUnit.java:386)
	at org.apache.ratis.util.TimeDuration.sleep(TimeDuration.java:324)
	at org.apache.ratis.util.TimeDuration.sleep(TimeDuration.java:309)
	at org.apache.ratis.server.impl.FollowerState.run(FollowerState.java:117)
2021-03-01 18:11:58,109 [grpc-default-executor-3] INFO  server.RaftServer$Division (RaftServerImpl.java:requestVote(1057)) - a5a3f093-0768-4d4b-b08f-053c130678b3@group-56E890C13FB3 replies to ELECTION vote request: f258d114-ea47-4d12-8964-639f425ab8d0<-a5a3f093-0768-4d4b-b08f-053c130678b3#0:FAIL-t5. Peer's state: a5a3f093-0768-4d4b-b08f-053c130678b3@group-56E890C13FB3:t5, leader=null, voted=null, raftlog=a5a3f093-0768-4d4b-b08f-053c130678b3@group-56E890C13FB3-SegmentedRaftLog:OPENED:c-1,f0,i0, conf=0: [f258d114-ea47-4d12-8964-639f425ab8d0|rpc:172.17.0.2:45265|dataStream:|priority:0, a5a3f093-0768-4d4b-b08f-053c130678b3|rpc:172.17.0.2:40499|dataStream:|priority:1, 0f049040-6e0c-4cd4-a487-c7f09e7e4ba1|rpc:172.17.0.2:45527|dataStream:|priority:0], old=null
2021-03-01 18:11:58,110 [f258d114-ea47-4d12-8964-639f425ab8d0@group-56E890C13FB3-LeaderElection221] INFO  impl.LeaderElection (LeaderElection.java:logAndReturn(89)) - f258d114-ea47-4d12-8964-639f425ab8d0@group-56E890C13FB3-LeaderElection221: ELECTION REJECTED received 1 response(s) and 0 exception(s):
2021-03-01 18:11:58,110 [f258d114-ea47-4d12-8964-639f425ab8d0@group-56E890C13FB3-LeaderElection221] INFO  impl.LeaderElection (LeaderElection.java:logAndReturn(93)) -   Response 0: f258d114-ea47-4d12-8964-639f425ab8d0<-a5a3f093-0768-4d4b-b08f-053c130678b3#0:FAIL-t5
2021-03-01 18:11:58,110 [f258d114-ea47-4d12-8964-639f425ab8d0@group-56E890C13FB3-LeaderElection221] INFO  impl.LeaderElection (LeaderElection.java:askForVotes(309)) - f258d114-ea47-4d12-8964-639f425ab8d0@group-56E890C13FB3-LeaderElection221 ELECTION round 0: result REJECTED
2021-03-01 18:11:58,110 [f258d114-ea47-4d12-8964-639f425ab8d0@group-56E890C13FB3-LeaderElection221] INFO  server.RaftServer$Division (RaftServerImpl.java:setRole(284)) - f258d114-ea47-4d12-8964-639f425ab8d0@group-56E890C13FB3: changes role from CANDIDATE to FOLLOWER at term 5 for REJECTED
2021-03-01 18:11:58,110 [f258d114-ea47-4d12-8964-639f425ab8d0@group-56E890C13FB3-LeaderElection221] INFO  impl.RoleInfo (RoleInfo.java:shutdownLeaderElection(121)) - f258d114-ea47-4d12-8964-639f425ab8d0: shutdown f258d114-ea47-4d12-8964-639f425ab8d0@group-56E890C13FB3-LeaderElection221
2021-03-01 18:11:58,110 [f258d114-ea47-4d12-8964-639f425ab8d0@group-56E890C13FB3-LeaderElection221] INFO  impl.RoleInfo (RoleInfo.java:updateAndGet(130)) - f258d114-ea47-4d12-8964-639f425ab8d0: start f258d114-ea47-4d12-8964-639f425ab8d0@group-56E890C13FB3-FollowerState
2021-03-01 18:11:58,111 [grpc-default-executor-3] INFO  server.RaftServer$Division (RaftServerImpl.java:requestVote(1025)) - 0f049040-6e0c-4cd4-a487-c7f09e7e4ba1@group-56E890C13FB3: receive requestVote(ELECTION, f258d114-ea47-4d12-8964-639f425ab8d0, group-56E890C13FB3, 5, (t:0, i:0))
2021-03-01 18:11:58,111 [grpc-default-executor-3] INFO  impl.VoteContext (VoteContext.java:log(48)) - 0f049040-6e0c-4cd4-a487-c7f09e7e4ba1@group-56E890C13FB3-FOLLOWER: accept ELECTION from f258d114-ea47-4d12-8964-639f425ab8d0: our priority 0 <= candidate's priority 0
2021-03-01 18:11:58,111 [grpc-default-executor-3] INFO  server.RaftServer$Division (RaftServerImpl.java:setRole(284)) - 0f049040-6e0c-4cd4-a487-c7f09e7e4ba1@group-56E890C13FB3: changes role from  FOLLOWER to FOLLOWER at term 5 for candidate:f258d114-ea47-4d12-8964-639f425ab8d0
2021-03-01 18:11:58,111 [grpc-default-executor-3] INFO  impl.RoleInfo (RoleInfo.java:shutdownFollowerState(108)) - 0f049040-6e0c-4cd4-a487-c7f09e7e4ba1: shutdown 0f049040-6e0c-4cd4-a487-c7f09e7e4ba1@group-56E890C13FB3-FollowerState
2021-03-01 18:11:58,111 [grpc-default-executor-3] INFO  impl.RoleInfo (RoleInfo.java:updateAndGet(130)) - 0f049040-6e0c-4cd4-a487-c7f09e7e4ba1: start 0f049040-6e0c-4cd4-a487-c7f09e7e4ba1@group-56E890C13FB3-FollowerState
2021-03-01 18:11:58,111 [Thread-4561] INFO  impl.FollowerState (FollowerState.java:run(142)) - 0f049040-6e0c-4cd4-a487-c7f09e7e4ba1@group-56E890C13FB3-FollowerState was interrupted: {}
java.lang.InterruptedException: sleep interrupted
	at java.lang.Thread.sleep(Native Method)
	at java.lang.Thread.sleep(Thread.java:340)
	at java.util.concurrent.TimeUnit.sleep(TimeUnit.java:386)
	at org.apache.ratis.util.TimeDuration.sleep(TimeDuration.java:324)
	at org.apache.ratis.util.TimeDuration.sleep(TimeDuration.java:309)
	at org.apache.ratis.server.impl.FollowerState.run(FollowerState.java:117)
2021-03-01 18:11:58,113 [grpc-default-executor-3] INFO  server.RaftServer$Division (RaftServerImpl.java:requestVote(1057)) - 0f049040-6e0c-4cd4-a487-c7f09e7e4ba1@group-56E890C13FB3 replies to ELECTION vote request: f258d114-ea47-4d12-8964-639f425ab8d0<-0f049040-6e0c-4cd4-a487-c7f09e7e4ba1#0:OK-t5. Peer's state: 0f049040-6e0c-4cd4-a487-c7f09e7e4ba1@group-56E890C13FB3:t5, leader=null, voted=f258d114-ea47-4d12-8964-639f425ab8d0, raftlog=0f049040-6e0c-4cd4-a487-c7f09e7e4ba1@group-56E890C13FB3-SegmentedRaftLog:OPENED:c-1,f-1,i0, conf=-1: [f258d114-ea47-4d12-8964-639f425ab8d0|rpc:172.17.0.2:45265|priority:0, a5a3f093-0768-4d4b-b08f-053c130678b3|rpc:172.17.0.2:40499|priority:1, 0f049040-6e0c-4cd4-a487-c7f09e7e4ba1|rpc:172.17.0.2:45527|priority:0], old=null
2021-03-01 18:11:58,603 [Thread-4571] INFO  impl.FollowerState (FollowerState.java:run(133)) - b303f36a-f963-4721-9f7a-b5e9e54e4468@group-6F3B09D344DD-FollowerState: change to CANDIDATE, lastRpcElapsedTime:5025351873ns, electionTimeout:5025ms
2021-03-01 18:11:58,603 [Thread-4571] INFO  impl.RoleInfo (RoleInfo.java:shutdownFollowerState(108)) - b303f36a-f963-4721-9f7a-b5e9e54e4468: shutdown b303f36a-f963-4721-9f7a-b5e9e54e4468@group-6F3B09D344DD-FollowerState
2021-03-01 18:11:58,603 [Thread-4571] INFO  server.RaftServer$Division (RaftServerImpl.java:setRole(284)) - b303f36a-f963-4721-9f7a-b5e9e54e4468@group-6F3B09D344DD: changes role from  FOLLOWER to CANDIDATE at term 3 for changeToCandidate
2021-03-01 18:11:58,603 [Thread-4571] INFO  server.RaftServerConfigKeys (ConfUtils.java:logGet(44)) - raft.server.leaderelection.pre-vote = false (custom)
2021-03-01 18:11:58,603 [Thread-4571] INFO  impl.RoleInfo (RoleInfo.java:updateAndGet(130)) - b303f36a-f963-4721-9f7a-b5e9e54e4468: start b303f36a-f963-4721-9f7a-b5e9e54e4468@group-6F3B09D344DD-LeaderElection222
2021-03-01 18:11:58,605 [b303f36a-f963-4721-9f7a-b5e9e54e4468@group-6F3B09D344DD-LeaderElection222] INFO  impl.LeaderElection (LeaderElection.java:askForVotes(307)) - b303f36a-f963-4721-9f7a-b5e9e54e4468@group-6F3B09D344DD-LeaderElection222 ELECTION round 0: submit vote requests at term 4 for -1: [b303f36a-f963-4721-9f7a-b5e9e54e4468|rpc:172.17.0.2:32969|dataStream:|priority:1, a7136ecb-4465-4bae-b158-9cfc61718915|rpc:172.17.0.2:42023|dataStream:|priority:0, ca5fd955-873f-4bac-9f2a-538d93af5c77|rpc:172.17.0.2:36703|dataStream:|priority:0], old=null
2021-03-01 18:11:58,606 [grpc-default-executor-3] INFO  server.RaftServer$Division (RaftServerImpl.java:requestVote(1025)) - a7136ecb-4465-4bae-b158-9cfc61718915@group-6F3B09D344DD: receive requestVote(ELECTION, b303f36a-f963-4721-9f7a-b5e9e54e4468, group-6F3B09D344DD, 4, (t:0, i:0))
2021-03-01 18:11:58,606 [grpc-default-executor-3] INFO  impl.VoteContext (VoteContext.java:log(48)) - a7136ecb-4465-4bae-b158-9cfc61718915@group-6F3B09D344DD-FOLLOWER: accept ELECTION from b303f36a-f963-4721-9f7a-b5e9e54e4468: our priority 0 <= candidate's priority 1
2021-03-01 18:11:58,606 [grpc-default-executor-3] INFO  server.RaftServer$Division (RaftServerImpl.java:setRole(284)) - a7136ecb-4465-4bae-b158-9cfc61718915@group-6F3B09D344DD: changes role from  FOLLOWER to FOLLOWER at term 4 for candidate:b303f36a-f963-4721-9f7a-b5e9e54e4468
2021-03-01 18:11:58,606 [grpc-default-executor-3] INFO  impl.RoleInfo (RoleInfo.java:shutdownFollowerState(108)) - a7136ecb-4465-4bae-b158-9cfc61718915: shutdown a7136ecb-4465-4bae-b158-9cfc61718915@group-6F3B09D344DD-FollowerState
2021-03-01 18:11:58,606 [grpc-default-executor-3] INFO  impl.RoleInfo (RoleInfo.java:updateAndGet(130)) - a7136ecb-4465-4bae-b158-9cfc61718915: start a7136ecb-4465-4bae-b158-9cfc61718915@group-6F3B09D344DD-FollowerState
2021-03-01 18:11:58,607 [Thread-4570] INFO  impl.FollowerState (FollowerState.java:run(142)) - a7136ecb-4465-4bae-b158-9cfc61718915@group-6F3B09D344DD-FollowerState was interrupted: {}
java.lang.InterruptedException: sleep interrupted
	at java.lang.Thread.sleep(Native Method)
	at java.lang.Thread.sleep(Thread.java:340)
	at java.util.concurrent.TimeUnit.sleep(TimeUnit.java:386)
	at org.apache.ratis.util.TimeDuration.sleep(TimeDuration.java:324)
	at org.apache.ratis.util.TimeDuration.sleep(TimeDuration.java:309)
	at org.apache.ratis.server.impl.FollowerState.run(FollowerState.java:117)
2021-03-01 18:11:58,607 [grpc-default-executor-5] INFO  server.RaftServer$Division (RaftServerImpl.java:requestVote(1025)) - ca5fd955-873f-4bac-9f2a-538d93af5c77@group-6F3B09D344DD: receive requestVote(ELECTION, b303f36a-f963-4721-9f7a-b5e9e54e4468, group-6F3B09D344DD, 4, (t:0, i:0))
2021-03-01 18:11:58,607 [grpc-default-executor-5] INFO  impl.VoteContext (VoteContext.java:log(48)) - ca5fd955-873f-4bac-9f2a-538d93af5c77@group-6F3B09D344DD-FOLLOWER: accept ELECTION from b303f36a-f963-4721-9f7a-b5e9e54e4468: our priority 0 <= candidate's priority 1
2021-03-01 18:11:58,607 [grpc-default-executor-5] INFO  server.RaftServer$Division (RaftServerImpl.java:setRole(284)) - ca5fd955-873f-4bac-9f2a-538d93af5c77@group-6F3B09D344DD: changes role from  FOLLOWER to FOLLOWER at term 4 for candidate:b303f36a-f963-4721-9f7a-b5e9e54e4468
2021-03-01 18:11:58,607 [grpc-default-executor-5] INFO  impl.RoleInfo (RoleInfo.java:shutdownFollowerState(108)) - ca5fd955-873f-4bac-9f2a-538d93af5c77: shutdown ca5fd955-873f-4bac-9f2a-538d93af5c77@group-6F3B09D344DD-FollowerState
2021-03-01 18:11:58,608 [grpc-default-executor-5] INFO  impl.RoleInfo (RoleInfo.java:updateAndGet(130)) - ca5fd955-873f-4bac-9f2a-538d93af5c77: start ca5fd955-873f-4bac-9f2a-538d93af5c77@group-6F3B09D344DD-FollowerState
2021-03-01 18:11:58,608 [Thread-4572] INFO  impl.FollowerState (FollowerState.java:run(142)) - ca5fd955-873f-4bac-9f2a-538d93af5c77@group-6F3B09D344DD-FollowerState was interrupted: {}
java.lang.InterruptedException: sleep interrupted
	at java.lang.Thread.sleep(Native Method)
	at java.lang.Thread.sleep(Thread.java:340)
	at java.util.concurrent.TimeUnit.sleep(TimeUnit.java:386)
	at org.apache.ratis.util.TimeDuration.sleep(TimeDuration.java:324)
	at org.apache.ratis.util.TimeDuration.sleep(TimeDuration.java:309)
	at org.apache.ratis.server.impl.FollowerState.run(FollowerState.java:117)
2021-03-01 18:11:58,609 [grpc-default-executor-3] INFO  server.RaftServer$Division (RaftServerImpl.java:requestVote(1057)) - a7136ecb-4465-4bae-b158-9cfc61718915@group-6F3B09D344DD replies to ELECTION vote request: b303f36a-f963-4721-9f7a-b5e9e54e4468<-a7136ecb-4465-4bae-b158-9cfc61718915#0:OK-t4. Peer's state: a7136ecb-4465-4bae-b158-9cfc61718915@group-6F3B09D344DD:t4, leader=null, voted=b303f36a-f963-4721-9f7a-b5e9e54e4468, raftlog=a7136ecb-4465-4bae-b158-9cfc61718915@group-6F3B09D344DD-SegmentedRaftLog:OPENED:c-1,f-1,i0, conf=-1: [b303f36a-f963-4721-9f7a-b5e9e54e4468|rpc:172.17.0.2:32969|dataStream:|priority:1, a7136ecb-4465-4bae-b158-9cfc61718915|rpc:172.17.0.2:42023|dataStream:|priority:0, ca5fd955-873f-4bac-9f2a-538d93af5c77|rpc:172.17.0.2:36703|dataStream:|priority:0], old=null
2021-03-01 18:11:58,609 [b303f36a-f963-4721-9f7a-b5e9e54e4468@group-6F3B09D344DD-LeaderElection222] INFO  impl.LeaderElection (LeaderElection.java:logAndReturn(89)) - b303f36a-f963-4721-9f7a-b5e9e54e4468@group-6F3B09D344DD-LeaderElection222: ELECTION PASSED received 1 response(s) and 0 exception(s):
2021-03-01 18:11:58,609 [b303f36a-f963-4721-9f7a-b5e9e54e4468@group-6F3B09D344DD-LeaderElection222] INFO  impl.LeaderElection (LeaderElection.java:logAndReturn(93)) -   Response 0: b303f36a-f963-4721-9f7a-b5e9e54e4468<-a7136ecb-4465-4bae-b158-9cfc61718915#0:OK-t4
2021-03-01 18:11:58,609 [b303f36a-f963-4721-9f7a-b5e9e54e4468@group-6F3B09D344DD-LeaderElection222] INFO  impl.LeaderElection (LeaderElection.java:askForVotes(309)) - b303f36a-f963-4721-9f7a-b5e9e54e4468@group-6F3B09D344DD-LeaderElection222 ELECTION round 0: result PASSED
2021-03-01 18:11:58,609 [b303f36a-f963-4721-9f7a-b5e9e54e4468@group-6F3B09D344DD-LeaderElection222] INFO  impl.RoleInfo (RoleInfo.java:shutdownLeaderElection(121)) - b303f36a-f963-4721-9f7a-b5e9e54e4468: shutdown b303f36a-f963-4721-9f7a-b5e9e54e4468@group-6F3B09D344DD-LeaderElection222
2021-03-01 18:11:58,609 [b303f36a-f963-4721-9f7a-b5e9e54e4468@group-6F3B09D344DD-LeaderElection222] INFO  server.RaftServer$Division (RaftServerImpl.java:setRole(284)) - b303f36a-f963-4721-9f7a-b5e9e54e4468@group-6F3B09D344DD: changes role from CANDIDATE to LEADER at term 4 for changeToLeader
2021-03-01 18:11:58,609 [b303f36a-f963-4721-9f7a-b5e9e54e4468@group-6F3B09D344DD-LeaderElection222] INFO  ratis.XceiverServerRatis (XceiverServerRatis.java:handleLeaderChangedNotification(899)) - Leader change notification received for group: group-6F3B09D344DD with new leaderId: b303f36a-f963-4721-9f7a-b5e9e54e4468
2021-03-01 18:11:58,609 [grpc-default-executor-5] INFO  server.RaftServer$Division (RaftServerImpl.java:requestVote(1057)) - ca5fd955-873f-4bac-9f2a-538d93af5c77@group-6F3B09D344DD replies to ELECTION vote request: b303f36a-f963-4721-9f7a-b5e9e54e4468<-ca5fd955-873f-4bac-9f2a-538d93af5c77#0:OK-t4. Peer's state: ca5fd955-873f-4bac-9f2a-538d93af5c77@group-6F3B09D344DD:t4, leader=null, voted=b303f36a-f963-4721-9f7a-b5e9e54e4468, raftlog=ca5fd955-873f-4bac-9f2a-538d93af5c77@group-6F3B09D344DD-SegmentedRaftLog:OPENED:c-1,f-1,i0, conf=-1: [b303f36a-f963-4721-9f7a-b5e9e54e4468|rpc:172.17.0.2:32969|priority:1, a7136ecb-4465-4bae-b158-9cfc61718915|rpc:172.17.0.2:42023|priority:0, ca5fd955-873f-4bac-9f2a-538d93af5c77|rpc:172.17.0.2:36703|priority:0], old=null
2021-03-01 18:11:58,609 [b303f36a-f963-4721-9f7a-b5e9e54e4468@group-6F3B09D344DD-LeaderElection222] INFO  server.RaftServer$Division (ServerState.java:setLeader(271)) - b303f36a-f963-4721-9f7a-b5e9e54e4468@group-6F3B09D344DD: change Leader from null to b303f36a-f963-4721-9f7a-b5e9e54e4468 at term 4 for becomeLeader, leader elected after 20258ms
2021-03-01 18:11:58,610 [b303f36a-f963-4721-9f7a-b5e9e54e4468@group-6F3B09D344DD-LeaderElection222] INFO  server.RaftServerConfigKeys (ConfUtils.java:logGet(44)) - raft.server.staging.catchup.gap = 1000 (default)
2021-03-01 18:11:58,610 [b303f36a-f963-4721-9f7a-b5e9e54e4468@group-6F3B09D344DD-LeaderElection222] INFO  metrics.RatisMetrics (RatisMetrics.java:lambda$create$0(36)) - Creating Metrics Registry : ratis.log_appender.b303f36a-f963-4721-9f7a-b5e9e54e4468@group-6F3B09D344DD
2021-03-01 18:11:58,610 [b303f36a-f963-4721-9f7a-b5e9e54e4468@group-6F3B09D344DD-LeaderElection222] INFO  server.RaftServerConfigKeys (ConfUtils.java:logGet(44)) - raft.server.write.element-limit = 1024 (custom)
2021-03-01 18:11:58,610 [b303f36a-f963-4721-9f7a-b5e9e54e4468@group-6F3B09D344DD-LeaderElection222] INFO  server.RaftServerConfigKeys (ConfUtils.java:logGet(44)) - raft.server.write.byte-limit = 1073741824 (custom)
2021-03-01 18:11:58,610 [EventQueue-PipelineReportForPipelineReportHandler] INFO  pipeline.PipelineStateManager (PipelineStateManager.java:openPipeline(132)) - Pipeline Pipeline[ Id: 274eb337-03e6-4118-9bb7-6f3b09d344dd, Nodes: a7136ecb-4465-4bae-b158-9cfc61718915{ip: 172.17.0.2, host: 83787af071e2, ports: [REPLICATION=36853, RATIS=42023, RATIS_ADMIN=42023, RATIS_SERVER=42023, STANDALONE=36443], networkLocation: /default-rack, certSerialId: null, persistedOpState: IN_SERVICE, persistedOpStateExpiryEpochSec: 0}ca5fd955-873f-4bac-9f2a-538d93af5c77{ip: 172.17.0.2, host: 83787af071e2, ports: [REPLICATION=42543, RATIS=36703, RATIS_ADMIN=36703, RATIS_SERVER=36703, STANDALONE=39671], networkLocation: /default-rack, certSerialId: null, persistedOpState: IN_SERVICE, persistedOpStateExpiryEpochSec: 0}b303f36a-f963-4721-9f7a-b5e9e54e4468{ip: 172.17.0.2, host: 83787af071e2, ports: [REPLICATION=34019, RATIS=32969, RATIS_ADMIN=32969, RATIS_SERVER=32969, STANDALONE=39419], networkLocation: /default-rack, certSerialId: null, persistedOpState: IN_SERVICE, persistedOpStateExpiryEpochSec: 0}, Type:RATIS, Factor:THREE, State:ALLOCATED, leaderId:b303f36a-f963-4721-9f7a-b5e9e54e4468, CreationTimestamp2021-03-01T18:11:35.669Z] moved to OPEN state
2021-03-01 18:11:58,611 [b303f36a-f963-4721-9f7a-b5e9e54e4468@group-6F3B09D344DD-LeaderElection222] INFO  server.RaftServerConfigKeys (ConfUtils.java:logGet(44)) - raft.server.watch.timeout = 3000ms (custom)
2021-03-01 18:11:58,611 [b303f36a-f963-4721-9f7a-b5e9e54e4468@group-6F3B09D344DD-LeaderElection222] INFO  server.RaftServerConfigKeys (ConfUtils.java:logGet(44)) - raft.server.watch.timeout.denomination = 1s (default)
2021-03-01 18:11:58,611 [b303f36a-f963-4721-9f7a-b5e9e54e4468@group-6F3B09D344DD-LeaderElection222] INFO  server.RaftServerConfigKeys (ConfUtils.java:logGet(44)) - raft.server.watch.element-limit = 65536 (default)
2021-03-01 18:11:58,611 [b303f36a-f963-4721-9f7a-b5e9e54e4468@group-6F3B09D344DD-LeaderElection222] INFO  server.RaftServerConfigKeys (ConfUtils.java:logGet(44)) - raft.server.log.appender.snapshot.chunk.size.max = 16MB (=16777216) (default)
2021-03-01 18:11:58,611 [b303f36a-f963-4721-9f7a-b5e9e54e4468@group-6F3B09D344DD-LeaderElection222] INFO  server.RaftServerConfigKeys (ConfUtils.java:logGet(44)) - raft.server.log.appender.buffer.byte-limit = 33554432 (custom)
2021-03-01 18:11:58,611 [b303f36a-f963-4721-9f7a-b5e9e54e4468@group-6F3B09D344DD-LeaderElection222] INFO  server.RaftServerConfigKeys (ConfUtils.java:logGet(44)) - raft.server.log.appender.buffer.element-limit = 1 (custom)
2021-03-01 18:11:58,611 [b303f36a-f963-4721-9f7a-b5e9e54e4468@group-6F3B09D344DD-LeaderElection222] INFO  grpc.GrpcConfigKeys (ConfUtils.java:logGet(44)) - raft.grpc.server.leader.outstanding.appends.max = 128 (default)
2021-03-01 18:11:58,611 [b303f36a-f963-4721-9f7a-b5e9e54e4468@group-6F3B09D344DD-LeaderElection222] INFO  server.RaftServerConfigKeys (ConfUtils.java:logGet(44)) - raft.server.rpc.request.timeout = 3000ms (default)
2021-03-01 18:11:58,611 [b303f36a-f963-4721-9f7a-b5e9e54e4468@group-6F3B09D344DD-LeaderElection222] INFO  server.RaftServerConfigKeys (ConfUtils.java:logGet(44)) - raft.server.log.appender.install.snapshot.enabled = false (custom)
2021-03-01 18:11:58,612 [b303f36a-f963-4721-9f7a-b5e9e54e4468@group-6F3B09D344DD-LeaderElection222] INFO  metrics.RatisMetrics (RatisMetrics.java:lambda$create$0(36)) - Creating Metrics Registry : ratis_grpc.log_appender.b303f36a-f963-4721-9f7a-b5e9e54e4468@group-6F3B09D344DD
2021-03-01 18:11:58,614 [b303f36a-f963-4721-9f7a-b5e9e54e4468@group-6F3B09D344DD-LeaderElection222] INFO  server.RaftServerConfigKeys (ConfUtils.java:logGet(44)) - raft.server.log.appender.snapshot.chunk.size.max = 16MB (=16777216) (default)
2021-03-01 18:11:58,614 [b303f36a-f963-4721-9f7a-b5e9e54e4468@group-6F3B09D344DD-LeaderElection222] INFO  server.RaftServerConfigKeys (ConfUtils.java:logGet(44)) - raft.server.log.appender.buffer.byte-limit = 33554432 (custom)
2021-03-01 18:11:58,614 [b303f36a-f963-4721-9f7a-b5e9e54e4468@group-6F3B09D344DD-LeaderElection222] INFO  server.RaftServerConfigKeys (ConfUtils.java:logGet(44)) - raft.server.log.appender.buffer.element-limit = 1 (custom)
2021-03-01 18:11:58,614 [b303f36a-f963-4721-9f7a-b5e9e54e4468@group-6F3B09D344DD-LeaderElection222] INFO  grpc.GrpcConfigKeys (ConfUtils.java:logGet(44)) - raft.grpc.server.leader.outstanding.appends.max = 128 (default)
2021-03-01 18:11:58,614 [b303f36a-f963-4721-9f7a-b5e9e54e4468@group-6F3B09D344DD-LeaderElection222] INFO  server.RaftServerConfigKeys (ConfUtils.java:logGet(44)) - raft.server.rpc.request.timeout = 3000ms (default)
2021-03-01 18:11:58,614 [b303f36a-f963-4721-9f7a-b5e9e54e4468@group-6F3B09D344DD-LeaderElection222] INFO  server.RaftServerConfigKeys (ConfUtils.java:logGet(44)) - raft.server.log.appender.install.snapshot.enabled = false (custom)
2021-03-01 18:11:58,617 [b303f36a-f963-4721-9f7a-b5e9e54e4468@group-6F3B09D344DD-LeaderElection222] INFO  impl.RoleInfo (RoleInfo.java:updateAndGet(130)) - b303f36a-f963-4721-9f7a-b5e9e54e4468: start b303f36a-f963-4721-9f7a-b5e9e54e4468@group-6F3B09D344DD-LeaderStateImpl
2021-03-01 18:11:58,618 [b303f36a-f963-4721-9f7a-b5e9e54e4468@group-6F3B09D344DD-LeaderElection222] INFO  segmented.SegmentedRaftLogWorker (SegmentedRaftLogWorker.java:startLogSegment(392)) - b303f36a-f963-4721-9f7a-b5e9e54e4468@group-6F3B09D344DD-SegmentedRaftLogWorker: Starting segment from index:0
2021-03-01 18:11:58,619 [b303f36a-f963-4721-9f7a-b5e9e54e4468@group-6F3B09D344DD-SegmentedRaftLogWorker] INFO  segmented.SegmentedRaftLogWorker (SegmentedRaftLogWorker.java:execute(599)) - b303f36a-f963-4721-9f7a-b5e9e54e4468@group-6F3B09D344DD-SegmentedRaftLogWorker: created new log segment /github/workspace/mnt/ozone/hadoop-ozone/integration-test/target/test-dir/MiniOzoneClusterImpl-5b5774a2-bf3c-4723-a113-e238e3f8131c/datanode-5/data/ratis/274eb337-03e6-4118-9bb7-6f3b09d344dd/current/log_inprogress_0
2021-03-01 18:11:58,621 [b303f36a-f963-4721-9f7a-b5e9e54e4468@group-6F3B09D344DD-LeaderElection222] INFO  server.RaftServer$Division (ServerState.java:setRaftConf(373)) - b303f36a-f963-4721-9f7a-b5e9e54e4468@group-6F3B09D344DD: set configuration 0: [b303f36a-f963-4721-9f7a-b5e9e54e4468|rpc:172.17.0.2:32969|dataStream:|priority:1, a7136ecb-4465-4bae-b158-9cfc61718915|rpc:172.17.0.2:42023|dataStream:|priority:0, ca5fd955-873f-4bac-9f2a-538d93af5c77|rpc:172.17.0.2:36703|dataStream:|priority:0], old=null
2021-03-01 18:11:58,625 [grpc-default-executor-3] INFO  ratis.XceiverServerRatis (XceiverServerRatis.java:handleLeaderChangedNotification(899)) - Leader change notification received for group: group-6F3B09D344DD with new leaderId: b303f36a-f963-4721-9f7a-b5e9e54e4468
2021-03-01 18:11:58,626 [grpc-default-executor-3] INFO  server.RaftServer$Division (ServerState.java:setLeader(271)) - a7136ecb-4465-4bae-b158-9cfc61718915@group-6F3B09D344DD: change Leader from null to b303f36a-f963-4721-9f7a-b5e9e54e4468 at term 4 for appendEntries, leader elected after 20303ms
2021-03-01 18:11:58,628 [grpc-default-executor-5] INFO  ratis.XceiverServerRatis (XceiverServerRatis.java:handleLeaderChangedNotification(899)) - Leader change notification received for group: group-6F3B09D344DD with new leaderId: b303f36a-f963-4721-9f7a-b5e9e54e4468
2021-03-01 18:11:58,629 [grpc-default-executor-5] INFO  server.RaftServer$Division (ServerState.java:setLeader(271)) - ca5fd955-873f-4bac-9f2a-538d93af5c77@group-6F3B09D344DD: change Leader from null to b303f36a-f963-4721-9f7a-b5e9e54e4468 at term 4 for appendEntries, leader elected after 20322ms
2021-03-01 18:11:58,632 [grpc-default-executor-2] INFO  server.RaftServer$Division (ServerState.java:setRaftConf(373)) - ca5fd955-873f-4bac-9f2a-538d93af5c77@group-6F3B09D344DD: set configuration 0: [b303f36a-f963-4721-9f7a-b5e9e54e4468|rpc:172.17.0.2:32969|dataStream:|priority:1, a7136ecb-4465-4bae-b158-9cfc61718915|rpc:172.17.0.2:42023|dataStream:|priority:0, ca5fd955-873f-4bac-9f2a-538d93af5c77|rpc:172.17.0.2:36703|dataStream:|priority:0], old=null
2021-03-01 18:11:58,632 [grpc-default-executor-3] INFO  server.RaftServer$Division (ServerState.java:setRaftConf(373)) - a7136ecb-4465-4bae-b158-9cfc61718915@group-6F3B09D344DD: set configuration 0: [b303f36a-f963-4721-9f7a-b5e9e54e4468|rpc:172.17.0.2:32969|dataStream:|priority:1, a7136ecb-4465-4bae-b158-9cfc61718915|rpc:172.17.0.2:42023|dataStream:|priority:0, ca5fd955-873f-4bac-9f2a-538d93af5c77|rpc:172.17.0.2:36703|dataStream:|priority:0], old=null
2021-03-01 18:11:58,634 [grpc-default-executor-2] INFO  segmented.SegmentedRaftLogWorker (SegmentedRaftLogWorker.java:startLogSegment(392)) - ca5fd955-873f-4bac-9f2a-538d93af5c77@group-6F3B09D344DD-SegmentedRaftLogWorker: Starting segment from index:0
2021-03-01 18:11:58,634 [grpc-default-executor-3] INFO  segmented.SegmentedRaftLogWorker (SegmentedRaftLogWorker.java:startLogSegment(392)) - a7136ecb-4465-4bae-b158-9cfc61718915@group-6F3B09D344DD-SegmentedRaftLogWorker: Starting segment from index:0
2021-03-01 18:11:58,635 [ca5fd955-873f-4bac-9f2a-538d93af5c77@group-6F3B09D344DD-SegmentedRaftLogWorker] INFO  segmented.SegmentedRaftLogWorker (SegmentedRaftLogWorker.java:execute(599)) - ca5fd955-873f-4bac-9f2a-538d93af5c77@group-6F3B09D344DD-SegmentedRaftLogWorker: created new log segment /github/workspace/mnt/ozone/hadoop-ozone/integration-test/target/test-dir/MiniOzoneClusterImpl-5b5774a2-bf3c-4723-a113-e238e3f8131c/datanode-3/data/ratis/274eb337-03e6-4118-9bb7-6f3b09d344dd/current/log_inprogress_0
2021-03-01 18:11:58,635 [a7136ecb-4465-4bae-b158-9cfc61718915@group-6F3B09D344DD-SegmentedRaftLogWorker] INFO  segmented.SegmentedRaftLogWorker (SegmentedRaftLogWorker.java:execute(599)) - a7136ecb-4465-4bae-b158-9cfc61718915@group-6F3B09D344DD-SegmentedRaftLogWorker: created new log segment /github/workspace/mnt/ozone/hadoop-ozone/integration-test/target/test-dir/MiniOzoneClusterImpl-5b5774a2-bf3c-4723-a113-e238e3f8131c/datanode-4/data/ratis/274eb337-03e6-4118-9bb7-6f3b09d344dd/current/log_inprogress_0
2021-03-01 18:12:00,803 [org.apache.ratis.util.JvmPauseMonitor$$Lambda$504/1874703858@32be2050] WARN  util.JvmPauseMonitor (JvmPauseMonitor.java:detectPause(124)) - JvmPauseMonitor-ca5fd955-873f-4bac-9f2a-538d93af5c77: Detected pause in JVM or host machine (eg GC): pause of approximately 127674292ns

GC pool 'PS MarkSweep' had collection(s): count=1 time=394ms
GC pool 'PS Scavenge' had collection(s): count=1 time=58ms
2021-03-01 18:12:00,803 [org.apache.ratis.util.JvmPauseMonitor$$Lambda$504/1874703858@15a7de76] WARN  util.JvmPauseMonitor (JvmPauseMonitor.java:detectPause(124)) - JvmPauseMonitor-0f049040-6e0c-4cd4-a487-c7f09e7e4ba1: Detected pause in JVM or host machine (eg GC): pause of approximately 157692073ns

GC pool 'PS MarkSweep' had collection(s): count=1 time=394ms
GC pool 'PS Scavenge' had collection(s): count=1 time=58ms
2021-03-01 18:12:00,803 [org.apache.ratis.util.JvmPauseMonitor$$Lambda$504/1874703858@2ea48f2a] WARN  util.JvmPauseMonitor (JvmPauseMonitor.java:detectPause(124)) - JvmPauseMonitor-a5a3f093-0768-4d4b-b08f-053c130678b3: Detected pause in JVM or host machine (eg GC): pause of approximately 295634406ns

GC pool 'PS MarkSweep' had collection(s): count=1 time=394ms
GC pool 'PS Scavenge' had collection(s): count=1 time=58ms
2021-03-01 18:12:00,806 [org.apache.ratis.util.JvmPauseMonitor$$Lambda$504/1874703858@1d83950c] WARN  util.JvmPauseMonitor (JvmPauseMonitor.java:detectPause(124)) - JvmPauseMonitor-a7136ecb-4465-4bae-b158-9cfc61718915: Detected pause in JVM or host machine (eg GC): pause of approximately 426808799ns

GC pool 'PS MarkSweep' had collection(s): count=1 time=394ms
GC pool 'PS Scavenge' had collection(s): count=1 time=58ms
2021-03-01 18:12:00,809 [org.apache.ratis.util.JvmPauseMonitor$$Lambda$504/1874703858@1c7e5dbc] WARN  util.JvmPauseMonitor (JvmPauseMonitor.java:detectPause(124)) - JvmPauseMonitor-71037dd0-5a6b-4f94-9c1b-4fa0a4e676f4: Detected pause in JVM or host machine (eg GC): pause of approximately 454860869ns

GC pool 'PS MarkSweep' had collection(s): count=1 time=394ms
GC pool 'PS Scavenge' had collection(s): count=1 time=58ms
2021-03-01 18:12:03,220 [Thread-4591] INFO  impl.FollowerState (FollowerState.java:run(133)) - f258d114-ea47-4d12-8964-639f425ab8d0@group-56E890C13FB3-FollowerState: change to CANDIDATE, lastRpcElapsedTime:5109291966ns, electionTimeout:5109ms
2021-03-01 18:12:03,220 [Thread-4591] INFO  impl.RoleInfo (RoleInfo.java:shutdownFollowerState(108)) - f258d114-ea47-4d12-8964-639f425ab8d0: shutdown f258d114-ea47-4d12-8964-639f425ab8d0@group-56E890C13FB3-FollowerState
2021-03-01 18:12:03,220 [Thread-4591] INFO  server.RaftServer$Division (RaftServerImpl.java:setRole(284)) - f258d114-ea47-4d12-8964-639f425ab8d0@group-56E890C13FB3: changes role from  FOLLOWER to CANDIDATE at term 5 for changeToCandidate
2021-03-01 18:12:03,220 [Thread-4591] INFO  server.RaftServerConfigKeys (ConfUtils.java:logGet(44)) - raft.server.leaderelection.pre-vote = false (custom)
2021-03-01 18:12:03,220 [Thread-4591] INFO  impl.RoleInfo (RoleInfo.java:updateAndGet(130)) - f258d114-ea47-4d12-8964-639f425ab8d0: start f258d114-ea47-4d12-8964-639f425ab8d0@group-56E890C13FB3-LeaderElection223
2021-03-01 18:12:03,221 [f258d114-ea47-4d12-8964-639f425ab8d0@group-56E890C13FB3-LeaderElection223] INFO  impl.LeaderElection (LeaderElection.java:askForVotes(307)) - f258d114-ea47-4d12-8964-639f425ab8d0@group-56E890C13FB3-LeaderElection223 ELECTION round 0: submit vote requests at term 6 for -1: [f258d114-ea47-4d12-8964-639f425ab8d0|rpc:172.17.0.2:45265|dataStream:|priority:0, a5a3f093-0768-4d4b-b08f-053c130678b3|rpc:172.17.0.2:40499|dataStream:|priority:1, 0f049040-6e0c-4cd4-a487-c7f09e7e4ba1|rpc:172.17.0.2:45527|dataStream:|priority:0], old=null
2021-03-01 18:12:03,222 [grpc-default-executor-2] INFO  server.RaftServer$Division (RaftServerImpl.java:requestVote(1025)) - a5a3f093-0768-4d4b-b08f-053c130678b3@group-56E890C13FB3: receive requestVote(ELECTION, f258d114-ea47-4d12-8964-639f425ab8d0, group-56E890C13FB3, 6, (t:0, i:0))
2021-03-01 18:12:03,222 [grpc-default-executor-2] INFO  impl.VoteContext (VoteContext.java:log(48)) - a5a3f093-0768-4d4b-b08f-053c130678b3@group-56E890C13FB3-FOLLOWER: reject ELECTION from f258d114-ea47-4d12-8964-639f425ab8d0: our last entry (t:1, i:0) > candidate's last entry (t:0, i:0)
2021-03-01 18:12:03,222 [grpc-default-executor-3] INFO  server.RaftServer$Division (RaftServerImpl.java:requestVote(1025)) - 0f049040-6e0c-4cd4-a487-c7f09e7e4ba1@group-56E890C13FB3: receive requestVote(ELECTION, f258d114-ea47-4d12-8964-639f425ab8d0, group-56E890C13FB3, 6, (t:0, i:0))
2021-03-01 18:12:03,223 [grpc-default-executor-3] INFO  impl.VoteContext (VoteContext.java:log(48)) - 0f049040-6e0c-4cd4-a487-c7f09e7e4ba1@group-56E890C13FB3-FOLLOWER: accept ELECTION from f258d114-ea47-4d12-8964-639f425ab8d0: our priority 0 <= candidate's priority 0
2021-03-01 18:12:03,223 [grpc-default-executor-3] INFO  server.RaftServer$Division (RaftServerImpl.java:setRole(284)) - 0f049040-6e0c-4cd4-a487-c7f09e7e4ba1@group-56E890C13FB3: changes role from  FOLLOWER to FOLLOWER at term 6 for candidate:f258d114-ea47-4d12-8964-639f425ab8d0
2021-03-01 18:12:03,223 [grpc-default-executor-3] INFO  impl.RoleInfo (RoleInfo.java:shutdownFollowerState(108)) - 0f049040-6e0c-4cd4-a487-c7f09e7e4ba1: shutdown 0f049040-6e0c-4cd4-a487-c7f09e7e4ba1@group-56E890C13FB3-FollowerState
2021-03-01 18:12:03,223 [grpc-default-executor-3] INFO  impl.RoleInfo (RoleInfo.java:updateAndGet(130)) - 0f049040-6e0c-4cd4-a487-c7f09e7e4ba1: start 0f049040-6e0c-4cd4-a487-c7f09e7e4ba1@group-56E890C13FB3-FollowerState
2021-03-01 18:12:03,223 [grpc-default-executor-2] INFO  server.RaftServer$Division (RaftServerImpl.java:setRole(284)) - a5a3f093-0768-4d4b-b08f-053c130678b3@group-56E890C13FB3: changes role from  FOLLOWER to FOLLOWER at term 6 for candidate:f258d114-ea47-4d12-8964-639f425ab8d0
2021-03-01 18:12:03,223 [grpc-default-executor-2] INFO  impl.RoleInfo (RoleInfo.java:shutdownFollowerState(108)) - a5a3f093-0768-4d4b-b08f-053c130678b3: shutdown a5a3f093-0768-4d4b-b08f-053c130678b3@group-56E890C13FB3-FollowerState
2021-03-01 18:12:03,223 [grpc-default-executor-2] INFO  impl.RoleInfo (RoleInfo.java:updateAndGet(130)) - a5a3f093-0768-4d4b-b08f-053c130678b3: start a5a3f093-0768-4d4b-b08f-053c130678b3@group-56E890C13FB3-FollowerState
2021-03-01 18:12:03,223 [Thread-4590] INFO  impl.FollowerState (FollowerState.java:run(142)) - a5a3f093-0768-4d4b-b08f-053c130678b3@group-56E890C13FB3-FollowerState was interrupted: {}
java.lang.InterruptedException: sleep interrupted
	at java.lang.Thread.sleep(Native Method)
	at java.lang.Thread.sleep(Thread.java:340)
	at java.util.concurrent.TimeUnit.sleep(TimeUnit.java:386)
	at org.apache.ratis.util.TimeDuration.sleep(TimeDuration.java:324)
	at org.apache.ratis.util.TimeDuration.sleep(TimeDuration.java:309)
	at org.apache.ratis.server.impl.FollowerState.run(FollowerState.java:117)
2021-03-01 18:12:03,223 [Thread-4592] INFO  impl.FollowerState (FollowerState.java:run(142)) - 0f049040-6e0c-4cd4-a487-c7f09e7e4ba1@group-56E890C13FB3-FollowerState was interrupted: {}
java.lang.InterruptedException: sleep interrupted
	at java.lang.Thread.sleep(Native Method)
	at java.lang.Thread.sleep(Thread.java:340)
	at java.util.concurrent.TimeUnit.sleep(TimeUnit.java:386)
	at org.apache.ratis.util.TimeDuration.sleep(TimeDuration.java:324)
	at org.apache.ratis.util.TimeDuration.sleep(TimeDuration.java:309)
	at org.apache.ratis.server.impl.FollowerState.run(FollowerState.java:117)
2021-03-01 18:12:03,224 [grpc-default-executor-3] INFO  server.RaftServer$Division (RaftServerImpl.java:requestVote(1057)) - 0f049040-6e0c-4cd4-a487-c7f09e7e4ba1@group-56E890C13FB3 replies to ELECTION vote request: f258d114-ea47-4d12-8964-639f425ab8d0<-0f049040-6e0c-4cd4-a487-c7f09e7e4ba1#0:OK-t6. Peer's state: 0f049040-6e0c-4cd4-a487-c7f09e7e4ba1@group-56E890C13FB3:t6, leader=null, voted=f258d114-ea47-4d12-8964-639f425ab8d0, raftlog=0f049040-6e0c-4cd4-a487-c7f09e7e4ba1@group-56E890C13FB3-SegmentedRaftLog:OPENED:c-1,f-1,i0, conf=-1: [f258d114-ea47-4d12-8964-639f425ab8d0|rpc:172.17.0.2:45265|priority:0, a5a3f093-0768-4d4b-b08f-053c130678b3|rpc:172.17.0.2:40499|priority:1, 0f049040-6e0c-4cd4-a487-c7f09e7e4ba1|rpc:172.17.0.2:45527|priority:0], old=null
2021-03-01 18:12:03,224 [grpc-default-executor-2] INFO  server.RaftServer$Division (RaftServerImpl.java:requestVote(1057)) - a5a3f093-0768-4d4b-b08f-053c130678b3@group-56E890C13FB3 replies to ELECTION vote request: f258d114-ea47-4d12-8964-639f425ab8d0<-a5a3f093-0768-4d4b-b08f-053c130678b3#0:FAIL-t6. Peer's state: a5a3f093-0768-4d4b-b08f-053c130678b3@group-56E890C13FB3:t6, leader=null, voted=null, raftlog=a5a3f093-0768-4d4b-b08f-053c130678b3@group-56E890C13FB3-SegmentedRaftLog:OPENED:c-1,f0,i0, conf=0: [f258d114-ea47-4d12-8964-639f425ab8d0|rpc:172.17.0.2:45265|dataStream:|priority:0, a5a3f093-0768-4d4b-b08f-053c130678b3|rpc:172.17.0.2:40499|dataStream:|priority:1, 0f049040-6e0c-4cd4-a487-c7f09e7e4ba1|rpc:172.17.0.2:45527|dataStream:|priority:0], old=null
2021-03-01 18:12:03,225 [f258d114-ea47-4d12-8964-639f425ab8d0@group-56E890C13FB3-LeaderElection223] INFO  impl.LeaderElection (LeaderElection.java:logAndReturn(89)) - f258d114-ea47-4d12-8964-639f425ab8d0@group-56E890C13FB3-LeaderElection223: ELECTION REJECTED received 1 response(s) and 0 exception(s):
2021-03-01 18:12:03,225 [f258d114-ea47-4d12-8964-639f425ab8d0@group-56E890C13FB3-LeaderElection223] INFO  impl.LeaderElection (LeaderElection.java:logAndReturn(93)) -   Response 0: f258d114-ea47-4d12-8964-639f425ab8d0<-a5a3f093-0768-4d4b-b08f-053c130678b3#0:FAIL-t6
2021-03-01 18:12:03,225 [f258d114-ea47-4d12-8964-639f425ab8d0@group-56E890C13FB3-LeaderElection223] INFO  impl.LeaderElection (LeaderElection.java:askForVotes(309)) - f258d114-ea47-4d12-8964-639f425ab8d0@group-56E890C13FB3-LeaderElection223 ELECTION round 0: result REJECTED
2021-03-01 18:12:03,225 [f258d114-ea47-4d12-8964-639f425ab8d0@group-56E890C13FB3-LeaderElection223] INFO  server.RaftServer$Division (RaftServerImpl.java:setRole(284)) - f258d114-ea47-4d12-8964-639f425ab8d0@group-56E890C13FB3: changes role from CANDIDATE to FOLLOWER at term 6 for REJECTED
2021-03-01 18:12:03,225 [f258d114-ea47-4d12-8964-639f425ab8d0@group-56E890C13FB3-LeaderElection223] INFO  impl.RoleInfo (RoleInfo.java:shutdownLeaderElection(121)) - f258d114-ea47-4d12-8964-639f425ab8d0: shutdown f258d114-ea47-4d12-8964-639f425ab8d0@group-56E890C13FB3-LeaderElection223
2021-03-01 18:12:03,225 [f258d114-ea47-4d12-8964-639f425ab8d0@group-56E890C13FB3-LeaderElection223] INFO  impl.RoleInfo (RoleInfo.java:updateAndGet(130)) - f258d114-ea47-4d12-8964-639f425ab8d0: start f258d114-ea47-4d12-8964-639f425ab8d0@group-56E890C13FB3-FollowerState
2021-03-01 18:12:07,840 [java.util.concurrent.ThreadPoolExecutor$Worker@30533c39[State = -1, empty queue]] INFO  metrics.RatisMetrics (RatisMetrics.java:lambda$create$0(36)) - Creating Metrics Registry : ratis.client_message_metrics.client-5A1CA13B7BC3->f258d114-ea47-4d12-8964-639f425ab8d0
2021-03-01 18:12:08,239 [Thread-4626] INFO  impl.FollowerState (FollowerState.java:run(133)) - f258d114-ea47-4d12-8964-639f425ab8d0@group-56E890C13FB3-FollowerState: change to CANDIDATE, lastRpcElapsedTime:5014015475ns, electionTimeout:5008ms
2021-03-01 18:12:08,239 [Thread-4626] INFO  impl.RoleInfo (RoleInfo.java:shutdownFollowerState(108)) - f258d114-ea47-4d12-8964-639f425ab8d0: shutdown f258d114-ea47-4d12-8964-639f425ab8d0@group-56E890C13FB3-FollowerState
2021-03-01 18:12:08,239 [Thread-4626] INFO  server.RaftServer$Division (RaftServerImpl.java:setRole(284)) - f258d114-ea47-4d12-8964-639f425ab8d0@group-56E890C13FB3: changes role from  FOLLOWER to CANDIDATE at term 6 for changeToCandidate
2021-03-01 18:12:08,239 [Thread-4626] INFO  server.RaftServerConfigKeys (ConfUtils.java:logGet(44)) - raft.server.leaderelection.pre-vote = false (custom)
2021-03-01 18:12:08,239 [Thread-4626] INFO  impl.RoleInfo (RoleInfo.java:updateAndGet(130)) - f258d114-ea47-4d12-8964-639f425ab8d0: start f258d114-ea47-4d12-8964-639f425ab8d0@group-56E890C13FB3-LeaderElection224
2021-03-01 18:12:08,241 [f258d114-ea47-4d12-8964-639f425ab8d0@group-56E890C13FB3-LeaderElection224] INFO  impl.LeaderElection (LeaderElection.java:askForVotes(307)) - f258d114-ea47-4d12-8964-639f425ab8d0@group-56E890C13FB3-LeaderElection224 ELECTION round 0: submit vote requests at term 7 for -1: [f258d114-ea47-4d12-8964-639f425ab8d0|rpc:172.17.0.2:45265|dataStream:|priority:0, a5a3f093-0768-4d4b-b08f-053c130678b3|rpc:172.17.0.2:40499|dataStream:|priority:1, 0f049040-6e0c-4cd4-a487-c7f09e7e4ba1|rpc:172.17.0.2:45527|dataStream:|priority:0], old=null
2021-03-01 18:12:08,242 [grpc-default-executor-3] INFO  server.RaftServer$Division (RaftServerImpl.java:requestVote(1025)) - a5a3f093-0768-4d4b-b08f-053c130678b3@group-56E890C13FB3: receive requestVote(ELECTION, f258d114-ea47-4d12-8964-639f425ab8d0, group-56E890C13FB3, 7, (t:0, i:0))
2021-03-01 18:12:08,242 [grpc-default-executor-3] INFO  impl.VoteContext (VoteContext.java:log(48)) - a5a3f093-0768-4d4b-b08f-053c130678b3@group-56E890C13FB3-FOLLOWER: reject ELECTION from f258d114-ea47-4d12-8964-639f425ab8d0: our last entry (t:1, i:0) > candidate's last entry (t:0, i:0)
2021-03-01 18:12:08,242 [grpc-default-executor-3] INFO  server.RaftServer$Division (RaftServerImpl.java:setRole(284)) - a5a3f093-0768-4d4b-b08f-053c130678b3@group-56E890C13FB3: changes role from  FOLLOWER to FOLLOWER at term 7 for candidate:f258d114-ea47-4d12-8964-639f425ab8d0
2021-03-01 18:12:08,243 [grpc-default-executor-3] INFO  impl.RoleInfo (RoleInfo.java:shutdownFollowerState(108)) - a5a3f093-0768-4d4b-b08f-053c130678b3: shutdown a5a3f093-0768-4d4b-b08f-053c130678b3@group-56E890C13FB3-FollowerState
2021-03-01 18:12:08,243 [grpc-default-executor-3] INFO  impl.RoleInfo (RoleInfo.java:updateAndGet(130)) - a5a3f093-0768-4d4b-b08f-053c130678b3: start a5a3f093-0768-4d4b-b08f-053c130678b3@group-56E890C13FB3-FollowerState
2021-03-01 18:12:08,243 [grpc-default-executor-2] INFO  server.RaftServer$Division (RaftServerImpl.java:requestVote(1025)) - 0f049040-6e0c-4cd4-a487-c7f09e7e4ba1@group-56E890C13FB3: receive requestVote(ELECTION, f258d114-ea47-4d12-8964-639f425ab8d0, group-56E890C13FB3, 7, (t:0, i:0))
2021-03-01 18:12:08,243 [grpc-default-executor-2] INFO  impl.VoteContext (VoteContext.java:log(48)) - 0f049040-6e0c-4cd4-a487-c7f09e7e4ba1@group-56E890C13FB3-FOLLOWER: accept ELECTION from f258d114-ea47-4d12-8964-639f425ab8d0: our priority 0 <= candidate's priority 0
2021-03-01 18:12:08,243 [grpc-default-executor-2] INFO  server.RaftServer$Division (RaftServerImpl.java:setRole(284)) - 0f049040-6e0c-4cd4-a487-c7f09e7e4ba1@group-56E890C13FB3: changes role from  FOLLOWER to FOLLOWER at term 7 for candidate:f258d114-ea47-4d12-8964-639f425ab8d0
2021-03-01 18:12:08,243 [grpc-default-executor-2] INFO  impl.RoleInfo (RoleInfo.java:shutdownFollowerState(108)) - 0f049040-6e0c-4cd4-a487-c7f09e7e4ba1: shutdown 0f049040-6e0c-4cd4-a487-c7f09e7e4ba1@group-56E890C13FB3-FollowerState
2021-03-01 18:12:08,244 [grpc-default-executor-2] INFO  impl.RoleInfo (RoleInfo.java:updateAndGet(130)) - 0f049040-6e0c-4cd4-a487-c7f09e7e4ba1: start 0f049040-6e0c-4cd4-a487-c7f09e7e4ba1@group-56E890C13FB3-FollowerState
2021-03-01 18:12:08,244 [Thread-4624] INFO  impl.FollowerState (FollowerState.java:run(142)) - 0f049040-6e0c-4cd4-a487-c7f09e7e4ba1@group-56E890C13FB3-FollowerState was interrupted: {}
java.lang.InterruptedException: sleep interrupted
	at java.lang.Thread.sleep(Native Method)
	at java.lang.Thread.sleep(Thread.java:340)
	at java.util.concurrent.TimeUnit.sleep(TimeUnit.java:386)
	at org.apache.ratis.util.TimeDuration.sleep(TimeDuration.java:324)
	at org.apache.ratis.util.TimeDuration.sleep(TimeDuration.java:309)
	at org.apache.ratis.server.impl.FollowerState.run(FollowerState.java:117)
2021-03-01 18:12:08,244 [Thread-4625] INFO  impl.FollowerState (FollowerState.java:run(142)) - a5a3f093-0768-4d4b-b08f-053c130678b3@group-56E890C13FB3-FollowerState was interrupted: {}
java.lang.InterruptedException: sleep interrupted
	at java.lang.Thread.sleep(Native Method)
	at java.lang.Thread.sleep(Thread.java:340)
	at java.util.concurrent.TimeUnit.sleep(TimeUnit.java:386)
	at org.apache.ratis.util.TimeDuration.sleep(TimeDuration.java:324)
	at org.apache.ratis.util.TimeDuration.sleep(TimeDuration.java:309)
	at org.apache.ratis.server.impl.FollowerState.run(FollowerState.java:117)
2021-03-01 18:12:08,244 [grpc-default-executor-3] INFO  server.RaftServer$Division (RaftServerImpl.java:requestVote(1057)) - a5a3f093-0768-4d4b-b08f-053c130678b3@group-56E890C13FB3 replies to ELECTION vote request: f258d114-ea47-4d12-8964-639f425ab8d0<-a5a3f093-0768-4d4b-b08f-053c130678b3#0:FAIL-t7. Peer's state: a5a3f093-0768-4d4b-b08f-053c130678b3@group-56E890C13FB3:t7, leader=null, voted=null, raftlog=a5a3f093-0768-4d4b-b08f-053c130678b3@group-56E890C13FB3-SegmentedRaftLog:OPENED:c-1,f0,i0, conf=0: [f258d114-ea47-4d12-8964-639f425ab8d0|rpc:172.17.0.2:45265|dataStream:|priority:0, a5a3f093-0768-4d4b-b08f-053c130678b3|rpc:172.17.0.2:40499|dataStream:|priority:1, 0f049040-6e0c-4cd4-a487-c7f09e7e4ba1|rpc:172.17.0.2:45527|dataStream:|priority:0], old=null
2021-03-01 18:12:08,245 [f258d114-ea47-4d12-8964-639f425ab8d0@group-56E890C13FB3-LeaderElection224] INFO  impl.LeaderElection (LeaderElection.java:logAndReturn(89)) - f258d114-ea47-4d12-8964-639f425ab8d0@group-56E890C13FB3-LeaderElection224: ELECTION REJECTED received 1 response(s) and 0 exception(s):
2021-03-01 18:12:08,245 [f258d114-ea47-4d12-8964-639f425ab8d0@group-56E890C13FB3-LeaderElection224] INFO  impl.LeaderElection (LeaderElection.java:logAndReturn(93)) -   Response 0: f258d114-ea47-4d12-8964-639f425ab8d0<-a5a3f093-0768-4d4b-b08f-053c130678b3#0:FAIL-t7
2021-03-01 18:12:08,245 [f258d114-ea47-4d12-8964-639f425ab8d0@group-56E890C13FB3-LeaderElection224] INFO  impl.LeaderElection (LeaderElection.java:askForVotes(309)) - f258d114-ea47-4d12-8964-639f425ab8d0@group-56E890C13FB3-LeaderElection224 ELECTION round 0: result REJECTED
2021-03-01 18:12:08,245 [f258d114-ea47-4d12-8964-639f425ab8d0@group-56E890C13FB3-LeaderElection224] INFO  server.RaftServer$Division (RaftServerImpl.java:setRole(284)) - f258d114-ea47-4d12-8964-639f425ab8d0@group-56E890C13FB3: changes role from CANDIDATE to FOLLOWER at term 7 for REJECTED
2021-03-01 18:12:08,245 [f258d114-ea47-4d12-8964-639f425ab8d0@group-56E890C13FB3-LeaderElection224] INFO  impl.RoleInfo (RoleInfo.java:shutdownLeaderElection(121)) - f258d114-ea47-4d12-8964-639f425ab8d0: shutdown f258d114-ea47-4d12-8964-639f425ab8d0@group-56E890C13FB3-LeaderElection224
2021-03-01 18:12:08,245 [f258d114-ea47-4d12-8964-639f425ab8d0@group-56E890C13FB3-LeaderElection224] INFO  impl.RoleInfo (RoleInfo.java:updateAndGet(130)) - f258d114-ea47-4d12-8964-639f425ab8d0: start f258d114-ea47-4d12-8964-639f425ab8d0@group-56E890C13FB3-FollowerState
2021-03-01 18:12:08,245 [grpc-default-executor-2] INFO  server.RaftServer$Division (RaftServerImpl.java:requestVote(1057)) - 0f049040-6e0c-4cd4-a487-c7f09e7e4ba1@group-56E890C13FB3 replies to ELECTION vote request: f258d114-ea47-4d12-8964-639f425ab8d0<-0f049040-6e0c-4cd4-a487-c7f09e7e4ba1#0:OK-t7. Peer's state: 0f049040-6e0c-4cd4-a487-c7f09e7e4ba1@group-56E890C13FB3:t7, leader=null, voted=f258d114-ea47-4d12-8964-639f425ab8d0, raftlog=0f049040-6e0c-4cd4-a487-c7f09e7e4ba1@group-56E890C13FB3-SegmentedRaftLog:OPENED:c-1,f-1,i0, conf=-1: [f258d114-ea47-4d12-8964-639f425ab8d0|rpc:172.17.0.2:45265|priority:0, a5a3f093-0768-4d4b-b08f-053c130678b3|rpc:172.17.0.2:40499|priority:1, 0f049040-6e0c-4cd4-a487-c7f09e7e4ba1|rpc:172.17.0.2:45527|priority:0], old=null
2021-03-01 18:12:13,317 [Thread-4654] INFO  impl.FollowerState (FollowerState.java:run(133)) - f258d114-ea47-4d12-8964-639f425ab8d0@group-56E890C13FB3-FollowerState: change to CANDIDATE, lastRpcElapsedTime:5072296411ns, electionTimeout:5072ms
2021-03-01 18:12:13,318 [Thread-4654] INFO  impl.RoleInfo (RoleInfo.java:shutdownFollowerState(108)) - f258d114-ea47-4d12-8964-639f425ab8d0: shutdown f258d114-ea47-4d12-8964-639f425ab8d0@group-56E890C13FB3-FollowerState
2021-03-01 18:12:13,318 [Thread-4654] INFO  server.RaftServer$Division (RaftServerImpl.java:setRole(284)) - f258d114-ea47-4d12-8964-639f425ab8d0@group-56E890C13FB3: changes role from  FOLLOWER to CANDIDATE at term 7 for changeToCandidate
2021-03-01 18:12:13,318 [Thread-4654] INFO  server.RaftServerConfigKeys (ConfUtils.java:logGet(44)) - raft.server.leaderelection.pre-vote = false (custom)
2021-03-01 18:12:13,318 [Thread-4654] INFO  impl.RoleInfo (RoleInfo.java:updateAndGet(130)) - f258d114-ea47-4d12-8964-639f425ab8d0: start f258d114-ea47-4d12-8964-639f425ab8d0@group-56E890C13FB3-LeaderElection225
2021-03-01 18:12:13,319 [f258d114-ea47-4d12-8964-639f425ab8d0@group-56E890C13FB3-LeaderElection225] INFO  impl.LeaderElection (LeaderElection.java:askForVotes(307)) - f258d114-ea47-4d12-8964-639f425ab8d0@group-56E890C13FB3-LeaderElection225 ELECTION round 0: submit vote requests at term 8 for -1: [f258d114-ea47-4d12-8964-639f425ab8d0|rpc:172.17.0.2:45265|dataStream:|priority:0, a5a3f093-0768-4d4b-b08f-053c130678b3|rpc:172.17.0.2:40499|dataStream:|priority:1, 0f049040-6e0c-4cd4-a487-c7f09e7e4ba1|rpc:172.17.0.2:45527|dataStream:|priority:0], old=null
2021-03-01 18:12:13,320 [grpc-default-executor-2] INFO  server.RaftServer$Division (RaftServerImpl.java:requestVote(1025)) - a5a3f093-0768-4d4b-b08f-053c130678b3@group-56E890C13FB3: receive requestVote(ELECTION, f258d114-ea47-4d12-8964-639f425ab8d0, group-56E890C13FB3, 8, (t:0, i:0))
2021-03-01 18:12:13,320 [grpc-default-executor-2] INFO  impl.VoteContext (VoteContext.java:log(48)) - a5a3f093-0768-4d4b-b08f-053c130678b3@group-56E890C13FB3-FOLLOWER: reject ELECTION from f258d114-ea47-4d12-8964-639f425ab8d0: our last entry (t:1, i:0) > candidate's last entry (t:0, i:0)
2021-03-01 18:12:13,320 [grpc-default-executor-2] INFO  server.RaftServer$Division (RaftServerImpl.java:setRole(284)) - a5a3f093-0768-4d4b-b08f-053c130678b3@group-56E890C13FB3: changes role from  FOLLOWER to FOLLOWER at term 8 for candidate:f258d114-ea47-4d12-8964-639f425ab8d0
2021-03-01 18:12:13,320 [grpc-default-executor-2] INFO  impl.RoleInfo (RoleInfo.java:shutdownFollowerState(108)) - a5a3f093-0768-4d4b-b08f-053c130678b3: shutdown a5a3f093-0768-4d4b-b08f-053c130678b3@group-56E890C13FB3-FollowerState
2021-03-01 18:12:13,320 [grpc-default-executor-2] INFO  impl.RoleInfo (RoleInfo.java:updateAndGet(130)) - a5a3f093-0768-4d4b-b08f-053c130678b3: start a5a3f093-0768-4d4b-b08f-053c130678b3@group-56E890C13FB3-FollowerState
2021-03-01 18:12:13,320 [grpc-default-executor-3] INFO  server.RaftServer$Division (RaftServerImpl.java:requestVote(1025)) - 0f049040-6e0c-4cd4-a487-c7f09e7e4ba1@group-56E890C13FB3: receive requestVote(ELECTION, f258d114-ea47-4d12-8964-639f425ab8d0, group-56E890C13FB3, 8, (t:0, i:0))
2021-03-01 18:12:13,321 [grpc-default-executor-3] INFO  impl.VoteContext (VoteContext.java:log(48)) - 0f049040-6e0c-4cd4-a487-c7f09e7e4ba1@group-56E890C13FB3-FOLLOWER: accept ELECTION from f258d114-ea47-4d12-8964-639f425ab8d0: our priority 0 <= candidate's priority 0
2021-03-01 18:12:13,321 [grpc-default-executor-3] INFO  server.RaftServer$Division (RaftServerImpl.java:setRole(284)) - 0f049040-6e0c-4cd4-a487-c7f09e7e4ba1@group-56E890C13FB3: changes role from  FOLLOWER to FOLLOWER at term 8 for candidate:f258d114-ea47-4d12-8964-639f425ab8d0
2021-03-01 18:12:13,321 [grpc-default-executor-3] INFO  impl.RoleInfo (RoleInfo.java:shutdownFollowerState(108)) - 0f049040-6e0c-4cd4-a487-c7f09e7e4ba1: shutdown 0f049040-6e0c-4cd4-a487-c7f09e7e4ba1@group-56E890C13FB3-FollowerState
2021-03-01 18:12:13,321 [grpc-default-executor-3] INFO  impl.RoleInfo (RoleInfo.java:updateAndGet(130)) - 0f049040-6e0c-4cd4-a487-c7f09e7e4ba1: start 0f049040-6e0c-4cd4-a487-c7f09e7e4ba1@group-56E890C13FB3-FollowerState
2021-03-01 18:12:13,321 [Thread-4653] INFO  impl.FollowerState (FollowerState.java:run(142)) - 0f049040-6e0c-4cd4-a487-c7f09e7e4ba1@group-56E890C13FB3-FollowerState was interrupted: {}
java.lang.InterruptedException: sleep interrupted
	at java.lang.Thread.sleep(Native Method)
	at java.lang.Thread.sleep(Thread.java:340)
	at java.util.concurrent.TimeUnit.sleep(TimeUnit.java:386)
	at org.apache.ratis.util.TimeDuration.sleep(TimeDuration.java:324)
	at org.apache.ratis.util.TimeDuration.sleep(TimeDuration.java:309)
	at org.apache.ratis.server.impl.FollowerState.run(FollowerState.java:117)
2021-03-01 18:12:13,320 [Thread-4652] INFO  impl.FollowerState (FollowerState.java:run(142)) - a5a3f093-0768-4d4b-b08f-053c130678b3@group-56E890C13FB3-FollowerState was interrupted: {}
java.lang.InterruptedException: sleep interrupted
	at java.lang.Thread.sleep(Native Method)
	at java.lang.Thread.sleep(Thread.java:340)
	at java.util.concurrent.TimeUnit.sleep(TimeUnit.java:386)
	at org.apache.ratis.util.TimeDuration.sleep(TimeDuration.java:324)
	at org.apache.ratis.util.TimeDuration.sleep(TimeDuration.java:309)
	at org.apache.ratis.server.impl.FollowerState.run(FollowerState.java:117)
2021-03-01 18:12:13,321 [grpc-default-executor-2] INFO  server.RaftServer$Division (RaftServerImpl.java:requestVote(1057)) - a5a3f093-0768-4d4b-b08f-053c130678b3@group-56E890C13FB3 replies to ELECTION vote request: f258d114-ea47-4d12-8964-639f425ab8d0<-a5a3f093-0768-4d4b-b08f-053c130678b3#0:FAIL-t8. Peer's state: a5a3f093-0768-4d4b-b08f-053c130678b3@group-56E890C13FB3:t8, leader=null, voted=null, raftlog=a5a3f093-0768-4d4b-b08f-053c130678b3@group-56E890C13FB3-SegmentedRaftLog:OPENED:c-1,f0,i0, conf=0: [f258d114-ea47-4d12-8964-639f425ab8d0|rpc:172.17.0.2:45265|dataStream:|priority:0, a5a3f093-0768-4d4b-b08f-053c130678b3|rpc:172.17.0.2:40499|dataStream:|priority:1, 0f049040-6e0c-4cd4-a487-c7f09e7e4ba1|rpc:172.17.0.2:45527|dataStream:|priority:0], old=null
2021-03-01 18:12:13,322 [grpc-default-executor-3] INFO  server.RaftServer$Division (RaftServerImpl.java:requestVote(1057)) - 0f049040-6e0c-4cd4-a487-c7f09e7e4ba1@group-56E890C13FB3 replies to ELECTION vote request: f258d114-ea47-4d12-8964-639f425ab8d0<-0f049040-6e0c-4cd4-a487-c7f09e7e4ba1#0:OK-t8. Peer's state: 0f049040-6e0c-4cd4-a487-c7f09e7e4ba1@group-56E890C13FB3:t8, leader=null, voted=f258d114-ea47-4d12-8964-639f425ab8d0, raftlog=0f049040-6e0c-4cd4-a487-c7f09e7e4ba1@group-56E890C13FB3-SegmentedRaftLog:OPENED:c-1,f-1,i0, conf=-1: [f258d114-ea47-4d12-8964-639f425ab8d0|rpc:172.17.0.2:45265|priority:0, a5a3f093-0768-4d4b-b08f-053c130678b3|rpc:172.17.0.2:40499|priority:1, 0f049040-6e0c-4cd4-a487-c7f09e7e4ba1|rpc:172.17.0.2:45527|priority:0], old=null
2021-03-01 18:12:13,322 [f258d114-ea47-4d12-8964-639f425ab8d0@group-56E890C13FB3-LeaderElection225] INFO  impl.LeaderElection (LeaderElection.java:logAndReturn(89)) - f258d114-ea47-4d12-8964-639f425ab8d0@group-56E890C13FB3-LeaderElection225: ELECTION REJECTED received 1 response(s) and 0 exception(s):
2021-03-01 18:12:13,322 [f258d114-ea47-4d12-8964-639f425ab8d0@group-56E890C13FB3-LeaderElection225] INFO  impl.LeaderElection (LeaderElection.java:logAndReturn(93)) -   Response 0: f258d114-ea47-4d12-8964-639f425ab8d0<-a5a3f093-0768-4d4b-b08f-053c130678b3#0:FAIL-t8
2021-03-01 18:12:13,322 [f258d114-ea47-4d12-8964-639f425ab8d0@group-56E890C13FB3-LeaderElection225] INFO  impl.LeaderElection (LeaderElection.java:askForVotes(309)) - f258d114-ea47-4d12-8964-639f425ab8d0@group-56E890C13FB3-LeaderElection225 ELECTION round 0: result REJECTED
2021-03-01 18:12:13,322 [f258d114-ea47-4d12-8964-639f425ab8d0@group-56E890C13FB3-LeaderElection225] INFO  server.RaftServer$Division (RaftServerImpl.java:setRole(284)) - f258d114-ea47-4d12-8964-639f425ab8d0@group-56E890C13FB3: changes role from CANDIDATE to FOLLOWER at term 8 for REJECTED
2021-03-01 18:12:13,322 [f258d114-ea47-4d12-8964-639f425ab8d0@group-56E890C13FB3-LeaderElection225] INFO  impl.RoleInfo (RoleInfo.java:shutdownLeaderElection(121)) - f258d114-ea47-4d12-8964-639f425ab8d0: shutdown f258d114-ea47-4d12-8964-639f425ab8d0@group-56E890C13FB3-LeaderElection225
2021-03-01 18:12:13,322 [f258d114-ea47-4d12-8964-639f425ab8d0@group-56E890C13FB3-LeaderElection225] INFO  impl.RoleInfo (RoleInfo.java:updateAndGet(130)) - f258d114-ea47-4d12-8964-639f425ab8d0: start f258d114-ea47-4d12-8964-639f425ab8d0@group-56E890C13FB3-FollowerState
2021-03-01 18:12:13,760 [grpc-default-executor-5] ERROR storage.BlockOutputStream (BlockOutputStream.java:lambda$writeChunkToContainer$3(676)) - writing chunk failed 105815887243313171_chunk_1 blockID conID: 1 locID: 105815887243313171 bcsId: 0 with exception org.apache.ratis.protocol.exceptions.AlreadyClosedException: SlidingWindow$Client:client-5A1CA13B7BC3->RAFT is closed.
2021-03-01 18:12:13,760 [grpc-default-executor-5] ERROR storage.BlockOutputStream (BlockOutputStream.java:lambda$writeChunkToContainer$3(676)) - writing chunk failed 105815887243313171_chunk_2 blockID conID: 1 locID: 105815887243313171 bcsId: 0 with exception org.apache.ratis.protocol.exceptions.AlreadyClosedException: SlidingWindow$Client:client-5A1CA13B7BC3->RAFT is closed.
2021-03-01 18:12:13,760 [grpc-default-executor-5] ERROR storage.BlockOutputStream (BlockOutputStream.java:lambda$writeChunkToContainer$3(676)) - writing chunk failed 105815887243313171_chunk_3 blockID conID: 1 locID: 105815887243313171 bcsId: 0 with exception org.apache.ratis.protocol.exceptions.AlreadyClosedException: SlidingWindow$Client:client-5A1CA13B7BC3->RAFT is closed.
2021-03-01 18:12:13,760 [grpc-default-executor-5] ERROR storage.BlockOutputStream (BlockOutputStream.java:lambda$writeChunkToContainer$3(676)) - writing chunk failed 105815887243313171_chunk_4 blockID conID: 1 locID: 105815887243313171 bcsId: 0 with exception org.apache.ratis.protocol.exceptions.AlreadyClosedException: SlidingWindow$Client:client-5A1CA13B7BC3->RAFT is closed.
2021-03-01 18:12:13,762 [Listener at 127.0.0.1/41333] WARN  io.KeyOutputStream (KeyOutputStream.java:handleException(312)) - Encountered exception java.io.IOException: Unexpected Storage Container Exception: java.util.concurrent.CompletionException: java.util.concurrent.CompletionException: org.apache.ratis.protocol.exceptions.AlreadyClosedException: SlidingWindow$Client:client-5A1CA13B7BC3->RAFT is closed. on the pipeline Pipeline[ Id: d7d51450-7844-4544-a5b2-56e890c13fb3, Nodes: 0f049040-6e0c-4cd4-a487-c7f09e7e4ba1{ip: 172.17.0.2, host: 83787af071e2, ports: [REPLICATION=39923, RATIS=45527, RATIS_ADMIN=45527, RATIS_SERVER=45527, STANDALONE=32999], networkLocation: /default-rack, certSerialId: null, persistedOpState: IN_SERVICE, persistedOpStateExpiryEpochSec: 0}a5a3f093-0768-4d4b-b08f-053c130678b3{ip: 172.17.0.2, host: 83787af071e2, ports: [REPLICATION=35041, RATIS=40499, RATIS_ADMIN=40499, RATIS_SERVER=40499, STANDALONE=42875], networkLocation: /default-rack, certSerialId: null, persistedOpState: IN_SERVICE, persistedOpStateExpiryEpochSec: 0}f258d114-ea47-4d12-8964-639f425ab8d0{ip: 172.17.0.2, host: 83787af071e2, ports: [REPLICATION=37693, RATIS=45265, RATIS_ADMIN=45265, RATIS_SERVER=45265, STANDALONE=34123], networkLocation: /default-rack, certSerialId: null, persistedOpState: IN_SERVICE, persistedOpStateExpiryEpochSec: 0}, Type:RATIS, Factor:THREE, State:OPEN, leaderId:a5a3f093-0768-4d4b-b08f-053c130678b3, CreationTimestamp2021-03-01T18:11:34.994Z]. The last committed block length is 0, uncommitted data length is 400 retry count 0
2021-03-01 18:12:13,763 [Listener at 127.0.0.1/41333] INFO  io.BlockOutputStreamEntryPool (BlockOutputStreamEntryPool.java:allocateNewBlock(241)) - Allocating block with ExcludeList {datanodes = [], containerIds = [], pipelineIds = [PipelineID=d7d51450-7844-4544-a5b2-56e890c13fb3]}
2021-03-01 18:12:13,790 [Listener at 127.0.0.1/41333] INFO  metrics.RatisMetrics (RatisMetrics.java:lambda$create$0(36)) - Creating Metrics Registry : ratis.client_message_metrics.client-8505A98F40BC->a7136ecb-4465-4bae-b158-9cfc61718915
2021-03-01 18:12:13,878 [Listener at 127.0.0.1/41333] INFO  ozone.MiniOzoneClusterImpl (MiniOzoneClusterImpl.java:shutdown(400)) - Shutting down the Mini Ozone Cluster
2021-03-01 18:12:13,878 [Listener at 127.0.0.1/41333] INFO  ozone.MiniOzoneClusterImpl (MiniOzoneClusterImpl.java:stop(415)) - Stopping the Mini Ozone Cluster
2021-03-01 18:12:13,878 [Listener at 127.0.0.1/41333] INFO  ozone.MiniOzoneClusterImpl (MiniOzoneClusterImpl.java:stopOM(497)) - Stopping the OzoneManager
2021-03-01 18:12:13,878 [Listener at 127.0.0.1/41333] INFO  ipc.Server (Server.java:stop(3403)) - Stopping server on 41333
2021-03-01 18:12:13,884 [IPC Server Responder] INFO  ipc.Server (Server.java:run(1502)) - Stopping IPC Server Responder
2021-03-01 18:12:13,884 [IPC Server listener on 0] INFO  ipc.Server (Server.java:run(1366)) - Stopping IPC Server listener on 0
2021-03-01 18:12:13,884 [Listener at 127.0.0.1/41333] INFO  server.RaftServer (RaftServerProxy.java:lambda$close$6(391)) - om1: close
2021-03-01 18:12:13,884 [Listener at 127.0.0.1/41333] INFO  server.RaftServer$Division (RaftServerImpl.java:lambda$close$4(406)) - om1@group-C5BA1605619E: shutdown
2021-03-01 18:12:13,884 [Listener at 127.0.0.1/41333] INFO  util.JmxRegister (JmxRegister.java:unregister(73)) - Successfully un-registered JMX Bean with object name Ratis:service=RaftServer,group=group-C5BA1605619E,id=om1
2021-03-01 18:12:13,884 [Listener at 127.0.0.1/41333] INFO  impl.RoleInfo (RoleInfo.java:shutdownLeaderState(91)) - om1: shutdown om1@group-C5BA1605619E-LeaderStateImpl
2021-03-01 18:12:13,884 [Listener at 127.0.0.1/41333] INFO  impl.PendingRequests (PendingRequests.java:sendNotLeaderResponses(249)) - om1@group-C5BA1605619E-PendingRequests: sendNotLeaderResponses
2021-03-01 18:12:13,888 [Listener at 127.0.0.1/41333] INFO  metrics.RatisMetrics (RatisMetrics.java:unregister(43)) - Unregistering Metrics Registry : ratis.log_appender.om1@group-C5BA1605619E
2021-03-01 18:12:13,888 [Listener at 127.0.0.1/41333] INFO  metrics.RatisMetrics (RatisMetrics.java:unregister(43)) - Unregistering Metrics Registry : ratis.server.om1@group-C5BA1605619E
2021-03-01 18:12:13,889 [Listener at 127.0.0.1/41333] INFO  impl.StateMachineUpdater (StateMachineUpdater.java:stopAndJoin(148)) - om1@group-C5BA1605619E-StateMachineUpdater: set stopIndex = 8
2021-03-01 18:12:13,891 [om1@group-C5BA1605619E-StateMachineUpdater] INFO  ratis.OzoneManagerStateMachine (OzoneManagerStateMachine.java:takeSnapshot(345)) - Current Snapshot Index (t:1, i:8)
2021-03-01 18:12:13,891 [om1@group-C5BA1605619E-StateMachineUpdater] INFO  impl.StateMachineUpdater (StateMachineUpdater.java:takeSnapshot(279)) - om1@group-C5BA1605619E-StateMachineUpdater: Took a snapshot at index 8
2021-03-01 18:12:13,891 [om1@group-C5BA1605619E-StateMachineUpdater] INFO  impl.StateMachineUpdater (StateMachineUpdater.java:lambda$new$0(88)) - om1@group-C5BA1605619E-StateMachineUpdater: snapshotIndex: updateIncreasingly -1 -> 8
2021-03-01 18:12:13,891 [om1@group-C5BA1605619E-StateMachineUpdater] INFO  metrics.RatisMetrics (RatisMetrics.java:unregister(43)) - Unregistering Metrics Registry : ratis.state_machine.om1@group-C5BA1605619E
2021-03-01 18:12:13,891 [Listener at 127.0.0.1/41333] INFO  server.RaftServer$Division (ServerState.java:close(405)) - om1@group-C5BA1605619E: closes. applyIndex: 8
2021-03-01 18:12:13,891 [om1@group-C5BA1605619E-SegmentedRaftLogWorker] INFO  segmented.SegmentedRaftLogWorker (SegmentedRaftLogWorker.java:run(326)) - om1@group-C5BA1605619E-SegmentedRaftLogWorker was interrupted, exiting. There are 0 tasks remaining in the queue.
2021-03-01 18:12:13,893 [Listener at 127.0.0.1/41333] INFO  segmented.SegmentedRaftLogWorker (SegmentedRaftLogWorker.java:close(236)) - om1@group-C5BA1605619E-SegmentedRaftLogWorker close()
2021-03-01 18:12:13,896 [Listener at 127.0.0.1/41333] INFO  metrics.RatisMetrics (RatisMetrics.java:unregister(43)) - Unregistering Metrics Registry : ratis.log_worker.om1@group-C5BA1605619E
2021-03-01 18:12:13,897 [Listener at 127.0.0.1/41333] INFO  metrics.RatisMetrics (RatisMetrics.java:unregister(43)) - Unregistering Metrics Registry : ratis.leader_election.om1@group-C5BA1605619E
2021-03-01 18:12:13,897 [Listener at 127.0.0.1/41333] INFO  metrics.RatisMetrics (RatisMetrics.java:unregister(43)) - Unregistering Metrics Registry : ratis.server.om1@group-C5BA1605619E
2021-03-01 18:12:13,897 [Listener at 127.0.0.1/41333] INFO  server.GrpcService (GrpcService.java:closeImpl(262)) - om1: shutdown server with port 9872 now
2021-03-01 18:12:13,899 [Listener at 127.0.0.1/41333] INFO  server.GrpcService (GrpcService.java:closeImpl(271)) - om1: shutdown server with port 9872 successfully
2021-03-01 18:12:13,899 [org.apache.ratis.util.JvmPauseMonitor$$Lambda$504/1874703858@73bb55ed] INFO  util.JvmPauseMonitor (JvmPauseMonitor.java:run(109)) - JvmPauseMonitor-om1: Stopped
2021-03-01 18:12:13,899 [Listener at 127.0.0.1/41333] INFO  ratis.OzoneManagerDoubleBuffer (OzoneManagerDoubleBuffer.java:stop(425)) - Stopping OMDoubleBuffer flush thread
2021-03-01 18:12:13,899 [OMDoubleBufferFlushThread] INFO  ratis.OzoneManagerDoubleBuffer (OzoneManagerDoubleBuffer.java:flushTransactions(352)) - OMDoubleBuffer flush thread OMDoubleBufferFlushThread is interrupted and will exit. OMDoubleBufferFlushThread
2021-03-01 18:12:13,902 [Listener at 127.0.0.1/41333] INFO  ratis.OzoneManagerStateMachine (HadoopExecutors.java:shutdown(118)) - Gracefully shutting down executor service. Waiting max 5 SECONDS
2021-03-01 18:12:13,902 [Listener at 127.0.0.1/41333] INFO  ratis.OzoneManagerStateMachine (HadoopExecutors.java:shutdown(129)) - Succesfully shutdown executor service
2021-03-01 18:12:13,902 [Listener at 127.0.0.1/41333] INFO  ratis.OzoneManagerStateMachine (HadoopExecutors.java:shutdown(118)) - Gracefully shutting down executor service. Waiting max 5 SECONDS
2021-03-01 18:12:13,903 [Listener at 127.0.0.1/41333] INFO  ratis.OzoneManagerStateMachine (HadoopExecutors.java:shutdown(129)) - Succesfully shutdown executor service
2021-03-01 18:12:13,903 [Listener at 127.0.0.1/41333] INFO  utils.BackgroundService (BackgroundService.java:shutdown(132)) - Shutting down service KeyDeletingService
2021-03-01 18:12:13,911 [Listener at 127.0.0.1/41333] INFO  handler.ContextHandler (ContextHandler.java:doStop(1154)) - Stopped o.e.j.w.WebAppContext@7ad596f4{ozoneManager,/,null,STOPPED}{file:/github/workspace/mnt/ozone/hadoop-ozone/integration-test/target/test-classes/webapps/ozoneManager}
2021-03-01 18:12:13,912 [Listener at 127.0.0.1/41333] INFO  server.AbstractConnector (AbstractConnector.java:doStop(381)) - Stopped ServerConnector@24ce4f06{HTTP/1.1, (http/1.1)}{0.0.0.0:0}
2021-03-01 18:12:13,912 [Listener at 127.0.0.1/41333] INFO  server.session (HouseKeeper.java:stopScavenging(149)) - node0 Stopped scavenging
2021-03-01 18:12:13,912 [Listener at 127.0.0.1/41333] INFO  handler.ContextHandler (ContextHandler.java:doStop(1154)) - Stopped o.e.j.s.ServletContextHandler@2f12b860{static,/static,file:///github/workspace/mnt/ozone/hadoop-ozone/integration-test/target/test-classes/webapps/static,STOPPED}
2021-03-01 18:12:13,912 [Listener at 127.0.0.1/41333] INFO  handler.ContextHandler (ContextHandler.java:doStop(1154)) - Stopped o.e.j.s.ServletContextHandler@6f50f132{logs,/logs,file:///github/workspace/mnt/ozone/hadoop-ozone/integration-test/target/log,STOPPED}
2021-03-01 18:12:13,916 [Listener at 127.0.0.1/41333] INFO  ozone.MiniOzoneClusterImpl (MiniOzoneClusterImpl.java:stopDatanodes(474)) - Stopping the HddsDatanodes
2021-03-01 18:12:13,991 [Datanode State Machine Thread - 0] INFO  statemachine.DatanodeStateMachine (DatanodeStateMachine.java:lambda$startDaemon$0(411)) - Ozone container server started.
2021-03-01 18:12:14,841 [Datanode State Machine Thread - 0] INFO  statemachine.DatanodeStateMachine (DatanodeStateMachine.java:lambda$startDaemon$0(411)) - Ozone container server started.
2021-03-01 18:12:18,405 [Thread-4681] INFO  impl.FollowerState (FollowerState.java:run(133)) - f258d114-ea47-4d12-8964-639f425ab8d0@group-56E890C13FB3-FollowerState: change to CANDIDATE, lastRpcElapsedTime:5082489756ns, electionTimeout:5080ms
2021-03-01 18:12:18,405 [Thread-4681] INFO  impl.RoleInfo (RoleInfo.java:shutdownFollowerState(108)) - f258d114-ea47-4d12-8964-639f425ab8d0: shutdown f258d114-ea47-4d12-8964-639f425ab8d0@group-56E890C13FB3-FollowerState
2021-03-01 18:12:18,405 [Thread-4681] INFO  server.RaftServer$Division (RaftServerImpl.java:setRole(284)) - f258d114-ea47-4d12-8964-639f425ab8d0@group-56E890C13FB3: changes role from  FOLLOWER to CANDIDATE at term 8 for changeToCandidate
2021-03-01 18:12:18,405 [Thread-4681] INFO  server.RaftServerConfigKeys (ConfUtils.java:logGet(44)) - raft.server.leaderelection.pre-vote = false (custom)
2021-03-01 18:12:18,405 [Thread-4681] INFO  impl.RoleInfo (RoleInfo.java:updateAndGet(130)) - f258d114-ea47-4d12-8964-639f425ab8d0: start f258d114-ea47-4d12-8964-639f425ab8d0@group-56E890C13FB3-LeaderElection226
2021-03-01 18:12:18,407 [f258d114-ea47-4d12-8964-639f425ab8d0@group-56E890C13FB3-LeaderElection226] INFO  impl.LeaderElection (LeaderElection.java:askForVotes(307)) - f258d114-ea47-4d12-8964-639f425ab8d0@group-56E890C13FB3-LeaderElection226 ELECTION round 0: submit vote requests at term 9 for -1: [f258d114-ea47-4d12-8964-639f425ab8d0|rpc:172.17.0.2:45265|dataStream:|priority:0, a5a3f093-0768-4d4b-b08f-053c130678b3|rpc:172.17.0.2:40499|dataStream:|priority:1, 0f049040-6e0c-4cd4-a487-c7f09e7e4ba1|rpc:172.17.0.2:45527|dataStream:|priority:0], old=null
2021-03-01 18:12:18,408 [grpc-default-executor-3] INFO  server.RaftServer$Division (RaftServerImpl.java:requestVote(1025)) - a5a3f093-0768-4d4b-b08f-053c130678b3@group-56E890C13FB3: receive requestVote(ELECTION, f258d114-ea47-4d12-8964-639f425ab8d0, group-56E890C13FB3, 9, (t:0, i:0))
2021-03-01 18:12:18,408 [grpc-default-executor-3] INFO  impl.VoteContext (VoteContext.java:log(48)) - a5a3f093-0768-4d4b-b08f-053c130678b3@group-56E890C13FB3-FOLLOWER: reject ELECTION from f258d114-ea47-4d12-8964-639f425ab8d0: our last entry (t:1, i:0) > candidate's last entry (t:0, i:0)
2021-03-01 18:12:18,408 [grpc-default-executor-3] INFO  server.RaftServer$Division (RaftServerImpl.java:setRole(284)) - a5a3f093-0768-4d4b-b08f-053c130678b3@group-56E890C13FB3: changes role from  FOLLOWER to FOLLOWER at term 9 for candidate:f258d114-ea47-4d12-8964-639f425ab8d0
2021-03-01 18:12:18,408 [grpc-default-executor-3] INFO  impl.RoleInfo (RoleInfo.java:shutdownFollowerState(108)) - a5a3f093-0768-4d4b-b08f-053c130678b3: shutdown a5a3f093-0768-4d4b-b08f-053c130678b3@group-56E890C13FB3-FollowerState
2021-03-01 18:12:18,408 [grpc-default-executor-3] INFO  impl.RoleInfo (RoleInfo.java:updateAndGet(130)) - a5a3f093-0768-4d4b-b08f-053c130678b3: start a5a3f093-0768-4d4b-b08f-053c130678b3@group-56E890C13FB3-FollowerState
2021-03-01 18:12:18,408 [Thread-4679] INFO  impl.FollowerState (FollowerState.java:run(142)) - a5a3f093-0768-4d4b-b08f-053c130678b3@group-56E890C13FB3-FollowerState was interrupted: {}
java.lang.InterruptedException: sleep interrupted
	at java.lang.Thread.sleep(Native Method)
	at java.lang.Thread.sleep(Thread.java:340)
	at java.util.concurrent.TimeUnit.sleep(TimeUnit.java:386)
	at org.apache.ratis.util.TimeDuration.sleep(TimeDuration.java:324)
	at org.apache.ratis.util.TimeDuration.sleep(TimeDuration.java:309)
	at org.apache.ratis.server.impl.FollowerState.run(FollowerState.java:117)
2021-03-01 18:12:18,409 [grpc-default-executor-5] INFO  server.RaftServer$Division (RaftServerImpl.java:requestVote(1025)) - 0f049040-6e0c-4cd4-a487-c7f09e7e4ba1@group-56E890C13FB3: receive requestVote(ELECTION, f258d114-ea47-4d12-8964-639f425ab8d0, group-56E890C13FB3, 9, (t:0, i:0))
2021-03-01 18:12:18,409 [grpc-default-executor-5] INFO  impl.VoteContext (VoteContext.java:log(48)) - 0f049040-6e0c-4cd4-a487-c7f09e7e4ba1@group-56E890C13FB3-FOLLOWER: accept ELECTION from f258d114-ea47-4d12-8964-639f425ab8d0: our priority 0 <= candidate's priority 0
2021-03-01 18:12:18,409 [grpc-default-executor-5] INFO  server.RaftServer$Division (RaftServerImpl.java:setRole(284)) - 0f049040-6e0c-4cd4-a487-c7f09e7e4ba1@group-56E890C13FB3: changes role from  FOLLOWER to FOLLOWER at term 9 for candidate:f258d114-ea47-4d12-8964-639f425ab8d0
2021-03-01 18:12:18,409 [grpc-default-executor-5] INFO  impl.RoleInfo (RoleInfo.java:shutdownFollowerState(108)) - 0f049040-6e0c-4cd4-a487-c7f09e7e4ba1: shutdown 0f049040-6e0c-4cd4-a487-c7f09e7e4ba1@group-56E890C13FB3-FollowerState
2021-03-01 18:12:18,409 [grpc-default-executor-5] INFO  impl.RoleInfo (RoleInfo.java:updateAndGet(130)) - 0f049040-6e0c-4cd4-a487-c7f09e7e4ba1: start 0f049040-6e0c-4cd4-a487-c7f09e7e4ba1@group-56E890C13FB3-FollowerState
2021-03-01 18:12:18,409 [Thread-4680] INFO  impl.FollowerState (FollowerState.java:run(142)) - 0f049040-6e0c-4cd4-a487-c7f09e7e4ba1@group-56E890C13FB3-FollowerState was interrupted: {}
java.lang.InterruptedException: sleep interrupted
	at java.lang.Thread.sleep(Native Method)
	at java.lang.Thread.sleep(Thread.java:340)
	at java.util.concurrent.TimeUnit.sleep(TimeUnit.java:386)
	at org.apache.ratis.util.TimeDuration.sleep(TimeDuration.java:324)
	at org.apache.ratis.util.TimeDuration.sleep(TimeDuration.java:309)
	at org.apache.ratis.server.impl.FollowerState.run(FollowerState.java:117)
2021-03-01 18:12:18,410 [grpc-default-executor-3] INFO  server.RaftServer$Division (RaftServerImpl.java:requestVote(1057)) - a5a3f093-0768-4d4b-b08f-053c130678b3@group-56E890C13FB3 replies to ELECTION vote request: f258d114-ea47-4d12-8964-639f425ab8d0<-a5a3f093-0768-4d4b-b08f-053c130678b3#0:FAIL-t9. Peer's state: a5a3f093-0768-4d4b-b08f-053c130678b3@group-56E890C13FB3:t9, leader=null, voted=null, raftlog=a5a3f093-0768-4d4b-b08f-053c130678b3@group-56E890C13FB3-SegmentedRaftLog:OPENED:c-1,f0,i0, conf=0: [f258d114-ea47-4d12-8964-639f425ab8d0|rpc:172.17.0.2:45265|dataStream:|priority:0, a5a3f093-0768-4d4b-b08f-053c130678b3|rpc:172.17.0.2:40499|dataStream:|priority:1, 0f049040-6e0c-4cd4-a487-c7f09e7e4ba1|rpc:172.17.0.2:45527|dataStream:|priority:0], old=null
2021-03-01 18:12:18,410 [grpc-default-executor-5] INFO  server.RaftServer$Division (RaftServerImpl.java:requestVote(1057)) - 0f049040-6e0c-4cd4-a487-c7f09e7e4ba1@group-56E890C13FB3 replies to ELECTION vote request: f258d114-ea47-4d12-8964-639f425ab8d0<-0f049040-6e0c-4cd4-a487-c7f09e7e4ba1#0:OK-t9. Peer's state: 0f049040-6e0c-4cd4-a487-c7f09e7e4ba1@group-56E890C13FB3:t9, leader=null, voted=f258d114-ea47-4d12-8964-639f425ab8d0, raftlog=0f049040-6e0c-4cd4-a487-c7f09e7e4ba1@group-56E890C13FB3-SegmentedRaftLog:OPENED:c-1,f-1,i0, conf=-1: [f258d114-ea47-4d12-8964-639f425ab8d0|rpc:172.17.0.2:45265|priority:0, a5a3f093-0768-4d4b-b08f-053c130678b3|rpc:172.17.0.2:40499|priority:1, 0f049040-6e0c-4cd4-a487-c7f09e7e4ba1|rpc:172.17.0.2:45527|priority:0], old=null
2021-03-01 18:12:18,410 [f258d114-ea47-4d12-8964-639f425ab8d0@group-56E890C13FB3-LeaderElection226] INFO  impl.LeaderElection (LeaderElection.java:logAndReturn(89)) - f258d114-ea47-4d12-8964-639f425ab8d0@group-56E890C13FB3-LeaderElection226: ELECTION REJECTED received 1 response(s) and 0 exception(s):
2021-03-01 18:12:18,410 [f258d114-ea47-4d12-8964-639f425ab8d0@group-56E890C13FB3-LeaderElection226] INFO  impl.LeaderElection (LeaderElection.java:logAndReturn(93)) -   Response 0: f258d114-ea47-4d12-8964-639f425ab8d0<-a5a3f093-0768-4d4b-b08f-053c130678b3#0:FAIL-t9
2021-03-01 18:12:18,410 [f258d114-ea47-4d12-8964-639f425ab8d0@group-56E890C13FB3-LeaderElection226] INFO  impl.LeaderElection (LeaderElection.java:askForVotes(309)) - f258d114-ea47-4d12-8964-639f425ab8d0@group-56E890C13FB3-LeaderElection226 ELECTION round 0: result REJECTED
2021-03-01 18:12:18,410 [f258d114-ea47-4d12-8964-639f425ab8d0@group-56E890C13FB3-LeaderElection226] INFO  server.RaftServer$Division (RaftServerImpl.java:setRole(284)) - f258d114-ea47-4d12-8964-639f425ab8d0@group-56E890C13FB3: changes role from CANDIDATE to FOLLOWER at term 9 for REJECTED
2021-03-01 18:12:18,410 [f258d114-ea47-4d12-8964-639f425ab8d0@group-56E890C13FB3-LeaderElection226] INFO  impl.RoleInfo (RoleInfo.java:shutdownLeaderElection(121)) - f258d114-ea47-4d12-8964-639f425ab8d0: shutdown f258d114-ea47-4d12-8964-639f425ab8d0@group-56E890C13FB3-LeaderElection226
2021-03-01 18:12:18,411 [f258d114-ea47-4d12-8964-639f425ab8d0@group-56E890C13FB3-LeaderElection226] INFO  impl.RoleInfo (RoleInfo.java:updateAndGet(130)) - f258d114-ea47-4d12-8964-639f425ab8d0: start f258d114-ea47-4d12-8964-639f425ab8d0@group-56E890C13FB3-FollowerState
2021-03-01 18:12:18,916 [ForkJoinPool.commonPool-worker-0] INFO  ozoneimpl.OzoneContainer (OzoneContainer.java:stop(273)) - Attempting to stop container services.
2021-03-01 18:12:18,916 [Listener at 127.0.0.1/41333] INFO  ozoneimpl.OzoneContainer (OzoneContainer.java:stop(273)) - Attempting to stop container services.
2021-03-01 18:12:18,917 [ForkJoinPool.commonPool-worker-0] INFO  server.RaftServer (RaftServerProxy.java:lambda$close$6(391)) - f258d114-ea47-4d12-8964-639f425ab8d0: close
2021-03-01 18:12:18,917 [ForkJoinPool.commonPool-worker-0] INFO  server.RaftServer$Division (RaftServerImpl.java:lambda$close$4(406)) - f258d114-ea47-4d12-8964-639f425ab8d0@group-183949E5868D: shutdown
2021-03-01 18:12:18,917 [ForkJoinPool.commonPool-worker-0] INFO  util.JmxRegister (JmxRegister.java:unregister(73)) - Successfully un-registered JMX Bean with object name Ratis:service=RaftServer,group=group-183949E5868D,id=f258d114-ea47-4d12-8964-639f425ab8d0
2021-03-01 18:12:18,917 [ForkJoinPool.commonPool-worker-0] INFO  impl.RoleInfo (RoleInfo.java:shutdownFollowerState(108)) - f258d114-ea47-4d12-8964-639f425ab8d0: shutdown f258d114-ea47-4d12-8964-639f425ab8d0@group-183949E5868D-FollowerState
2021-03-01 18:12:18,917 [ForkJoinPool.commonPool-worker-0] INFO  impl.StateMachineUpdater (StateMachineUpdater.java:stopAndJoin(148)) - f258d114-ea47-4d12-8964-639f425ab8d0@group-183949E5868D-StateMachineUpdater: set stopIndex = 0
2021-03-01 18:12:18,918 [Thread-4492] INFO  impl.FollowerState (FollowerState.java:run(142)) - f258d114-ea47-4d12-8964-639f425ab8d0@group-183949E5868D-FollowerState was interrupted: {}
java.lang.InterruptedException: sleep interrupted
	at java.lang.Thread.sleep(Native Method)
	at java.lang.Thread.sleep(Thread.java:340)
	at java.util.concurrent.TimeUnit.sleep(TimeUnit.java:386)
	at org.apache.ratis.util.TimeDuration.sleep(TimeDuration.java:324)
	at org.apache.ratis.util.TimeDuration.sleep(TimeDuration.java:309)
	at org.apache.ratis.server.impl.FollowerState.run(FollowerState.java:117)
2021-03-01 18:12:18,918 [f258d114-ea47-4d12-8964-639f425ab8d0@group-183949E5868D-StateMachineUpdater] INFO  ratis.ContainerStateMachine (ContainerStateMachine.java:takeSnapshot(291)) - group-183949E5868D: Taking a snapshot at:(t:2, i:0) file /github/workspace/mnt/ozone/hadoop-ozone/integration-test/target/test-dir/MiniOzoneClusterImpl-5b5774a2-bf3c-4723-a113-e238e3f8131c/datanode-1/data/ratis/6a91cd44-6d96-4d75-88f7-183949e5868d/sm/snapshot.2_0
2021-03-01 18:12:18,918 [Listener at 127.0.0.1/41333] INFO  server.RaftServer (RaftServerProxy.java:lambda$close$6(391)) - a7136ecb-4465-4bae-b158-9cfc61718915: close
2021-03-01 18:12:18,918 [Listener at 127.0.0.1/41333] INFO  server.RaftServer$Division (RaftServerImpl.java:lambda$close$4(406)) - a7136ecb-4465-4bae-b158-9cfc61718915@group-6F3B09D344DD: shutdown
2021-03-01 18:12:18,918 [Listener at 127.0.0.1/41333] INFO  util.JmxRegister (JmxRegister.java:unregister(73)) - Successfully un-registered JMX Bean with object name Ratis:service=RaftServer,group=group-6F3B09D344DD,id=a7136ecb-4465-4bae-b158-9cfc61718915
2021-03-01 18:12:18,918 [Listener at 127.0.0.1/41333] INFO  impl.RoleInfo (RoleInfo.java:shutdownFollowerState(108)) - a7136ecb-4465-4bae-b158-9cfc61718915: shutdown a7136ecb-4465-4bae-b158-9cfc61718915@group-6F3B09D344DD-FollowerState
2021-03-01 18:12:18,918 [Listener at 127.0.0.1/41333] INFO  impl.StateMachineUpdater (StateMachineUpdater.java:stopAndJoin(148)) - a7136ecb-4465-4bae-b158-9cfc61718915@group-6F3B09D344DD-StateMachineUpdater: set stopIndex = 0
2021-03-01 18:12:18,919 [Thread-4600] INFO  impl.FollowerState (FollowerState.java:run(142)) - a7136ecb-4465-4bae-b158-9cfc61718915@group-6F3B09D344DD-FollowerState was interrupted: {}
java.lang.InterruptedException: sleep interrupted
	at java.lang.Thread.sleep(Native Method)
	at java.lang.Thread.sleep(Thread.java:340)
	at java.util.concurrent.TimeUnit.sleep(TimeUnit.java:386)
	at org.apache.ratis.util.TimeDuration.sleep(TimeDuration.java:324)
	at org.apache.ratis.util.TimeDuration.sleep(TimeDuration.java:309)
	at org.apache.ratis.server.impl.FollowerState.run(FollowerState.java:117)
2021-03-01 18:12:18,919 [f258d114-ea47-4d12-8964-639f425ab8d0@group-183949E5868D-StateMachineUpdater] INFO  ratis.ContainerStateMachine (ContainerStateMachine.java:takeSnapshot(302)) - group-183949E5868D: Finished taking a snapshot at:(t:2, i:0) file:/github/workspace/mnt/ozone/hadoop-ozone/integration-test/target/test-dir/MiniOzoneClusterImpl-5b5774a2-bf3c-4723-a113-e238e3f8131c/datanode-1/data/ratis/6a91cd44-6d96-4d75-88f7-183949e5868d/sm/snapshot.2_0 took: 1 ms
2021-03-01 18:12:18,919 [a7136ecb-4465-4bae-b158-9cfc61718915@group-6F3B09D344DD-StateMachineUpdater] INFO  ratis.ContainerStateMachine (ContainerStateMachine.java:takeSnapshot(291)) - group-6F3B09D344DD: Taking a snapshot at:(t:4, i:0) file /github/workspace/mnt/ozone/hadoop-ozone/integration-test/target/test-dir/MiniOzoneClusterImpl-5b5774a2-bf3c-4723-a113-e238e3f8131c/datanode-4/data/ratis/274eb337-03e6-4118-9bb7-6f3b09d344dd/sm/snapshot.4_0
2021-03-01 18:12:18,919 [f258d114-ea47-4d12-8964-639f425ab8d0@group-183949E5868D-StateMachineUpdater] INFO  impl.StateMachineUpdater (StateMachineUpdater.java:takeSnapshot(279)) - f258d114-ea47-4d12-8964-639f425ab8d0@group-183949E5868D-StateMachineUpdater: Took a snapshot at index 0
2021-03-01 18:12:18,919 [f258d114-ea47-4d12-8964-639f425ab8d0@group-183949E5868D-StateMachineUpdater] INFO  impl.StateMachineUpdater (StateMachineUpdater.java:lambda$new$0(88)) - f258d114-ea47-4d12-8964-639f425ab8d0@group-183949E5868D-StateMachineUpdater: snapshotIndex: updateIncreasingly -1 -> 0
2021-03-01 18:12:18,919 [f258d114-ea47-4d12-8964-639f425ab8d0@group-183949E5868D-StateMachineUpdater] INFO  metrics.RatisMetrics (RatisMetrics.java:unregister(43)) - Unregistering Metrics Registry : ratis.state_machine.f258d114-ea47-4d12-8964-639f425ab8d0@group-183949E5868D
2021-03-01 18:12:18,919 [ForkJoinPool.commonPool-worker-0] INFO  server.RaftServer$Division (ServerState.java:close(405)) - f258d114-ea47-4d12-8964-639f425ab8d0@group-183949E5868D: closes. applyIndex: 0
2021-03-01 18:12:18,919 [f258d114-ea47-4d12-8964-639f425ab8d0@group-183949E5868D-SegmentedRaftLogWorker] INFO  segmented.SegmentedRaftLogWorker (SegmentedRaftLogWorker.java:run(326)) - f258d114-ea47-4d12-8964-639f425ab8d0@group-183949E5868D-SegmentedRaftLogWorker was interrupted, exiting. There are 0 tasks remaining in the queue.
2021-03-01 18:12:18,919 [a7136ecb-4465-4bae-b158-9cfc61718915@group-6F3B09D344DD-StateMachineUpdater] INFO  ratis.ContainerStateMachine (ContainerStateMachine.java:takeSnapshot(302)) - group-6F3B09D344DD: Finished taking a snapshot at:(t:4, i:0) file:/github/workspace/mnt/ozone/hadoop-ozone/integration-test/target/test-dir/MiniOzoneClusterImpl-5b5774a2-bf3c-4723-a113-e238e3f8131c/datanode-4/data/ratis/274eb337-03e6-4118-9bb7-6f3b09d344dd/sm/snapshot.4_0 took: 0 ms
2021-03-01 18:12:18,920 [a7136ecb-4465-4bae-b158-9cfc61718915@group-6F3B09D344DD-StateMachineUpdater] INFO  impl.StateMachineUpdater (StateMachineUpdater.java:takeSnapshot(279)) - a7136ecb-4465-4bae-b158-9cfc61718915@group-6F3B09D344DD-StateMachineUpdater: Took a snapshot at index 0
2021-03-01 18:12:18,920 [a7136ecb-4465-4bae-b158-9cfc61718915@group-6F3B09D344DD-StateMachineUpdater] INFO  impl.StateMachineUpdater (StateMachineUpdater.java:lambda$new$0(88)) - a7136ecb-4465-4bae-b158-9cfc61718915@group-6F3B09D344DD-StateMachineUpdater: snapshotIndex: updateIncreasingly -1 -> 0
2021-03-01 18:12:18,920 [a7136ecb-4465-4bae-b158-9cfc61718915@group-6F3B09D344DD-StateMachineUpdater] INFO  metrics.RatisMetrics (RatisMetrics.java:unregister(43)) - Unregistering Metrics Registry : ratis.state_machine.a7136ecb-4465-4bae-b158-9cfc61718915@group-6F3B09D344DD
2021-03-01 18:12:18,920 [Listener at 127.0.0.1/41333] INFO  server.RaftServer$Division (ServerState.java:close(405)) - a7136ecb-4465-4bae-b158-9cfc61718915@group-6F3B09D344DD: closes. applyIndex: 0
2021-03-01 18:12:18,921 [a7136ecb-4465-4bae-b158-9cfc61718915@group-6F3B09D344DD-SegmentedRaftLogWorker] INFO  segmented.SegmentedRaftLogWorker (SegmentedRaftLogWorker.java:run(326)) - a7136ecb-4465-4bae-b158-9cfc61718915@group-6F3B09D344DD-SegmentedRaftLogWorker was interrupted, exiting. There are 0 tasks remaining in the queue.
2021-03-01 18:12:18,922 [ForkJoinPool.commonPool-worker-0] INFO  segmented.SegmentedRaftLogWorker (SegmentedRaftLogWorker.java:close(236)) - f258d114-ea47-4d12-8964-639f425ab8d0@group-183949E5868D-SegmentedRaftLogWorker close()
2021-03-01 18:12:18,922 [Listener at 127.0.0.1/41333] INFO  segmented.SegmentedRaftLogWorker (SegmentedRaftLogWorker.java:close(236)) - a7136ecb-4465-4bae-b158-9cfc61718915@group-6F3B09D344DD-SegmentedRaftLogWorker close()
2021-03-01 18:12:18,923 [ForkJoinPool.commonPool-worker-0] INFO  metrics.RatisMetrics (RatisMetrics.java:unregister(43)) - Unregistering Metrics Registry : ratis.log_worker.f258d114-ea47-4d12-8964-639f425ab8d0@group-183949E5868D
2021-03-01 18:12:18,923 [ForkJoinPool.commonPool-worker-0] INFO  metrics.RatisMetrics (RatisMetrics.java:unregister(43)) - Unregistering Metrics Registry : ratis.leader_election.f258d114-ea47-4d12-8964-639f425ab8d0@group-183949E5868D
2021-03-01 18:12:18,923 [ForkJoinPool.commonPool-worker-0] INFO  metrics.RatisMetrics (RatisMetrics.java:unregister(43)) - Unregistering Metrics Registry : ratis.server.f258d114-ea47-4d12-8964-639f425ab8d0@group-183949E5868D
2021-03-01 18:12:18,923 [ForkJoinPool.commonPool-worker-0] INFO  server.RaftServer$Division (RaftServerImpl.java:lambda$close$4(406)) - f258d114-ea47-4d12-8964-639f425ab8d0@group-617FBAE04F80: shutdown
2021-03-01 18:12:18,923 [ForkJoinPool.commonPool-worker-0] INFO  util.JmxRegister (JmxRegister.java:unregister(73)) - Successfully un-registered JMX Bean with object name Ratis:service=RaftServer,group=group-617FBAE04F80,id=f258d114-ea47-4d12-8964-639f425ab8d0
2021-03-01 18:12:18,924 [ForkJoinPool.commonPool-worker-0] INFO  impl.RoleInfo (RoleInfo.java:shutdownLeaderState(91)) - f258d114-ea47-4d12-8964-639f425ab8d0: shutdown f258d114-ea47-4d12-8964-639f425ab8d0@group-617FBAE04F80-LeaderStateImpl
2021-03-01 18:12:18,924 [ForkJoinPool.commonPool-worker-0] INFO  metrics.RatisMetrics (RatisMetrics.java:unregister(43)) - Unregistering Metrics Registry : ratis_grpc.log_appender.f258d114-ea47-4d12-8964-639f425ab8d0@group-617FBAE04F80
2021-03-01 18:12:18,924 [ForkJoinPool.commonPool-worker-0] INFO  metrics.RatisMetrics (RatisMetrics.java:unregister(43)) - Unregistering Metrics Registry : ratis_grpc.log_appender.f258d114-ea47-4d12-8964-639f425ab8d0@group-617FBAE04F80
2021-03-01 18:12:18,924 [f258d114-ea47-4d12-8964-639f425ab8d0@group-617FBAE04F80->a5a3f093-0768-4d4b-b08f-053c130678b3-GrpcLogAppender-LogAppenderDaemon] WARN  server.GrpcLogAppender (GrpcLogAppender.java:mayWait(175)) - f258d114-ea47-4d12-8964-639f425ab8d0@group-617FBAE04F80->a5a3f093-0768-4d4b-b08f-053c130678b3-GrpcLogAppender: Wait interrupted by java.lang.InterruptedException
2021-03-01 18:12:18,924 [ForkJoinPool.commonPool-worker-0] INFO  impl.PendingRequests (PendingRequests.java:sendNotLeaderResponses(249)) - f258d114-ea47-4d12-8964-639f425ab8d0@group-617FBAE04F80-PendingRequests: sendNotLeaderResponses
2021-03-01 18:12:18,925 [ForkJoinPool.commonPool-worker-0] INFO  metrics.RatisMetrics (RatisMetrics.java:unregister(43)) - Unregistering Metrics Registry : ratis.log_appender.f258d114-ea47-4d12-8964-639f425ab8d0@group-617FBAE04F80
2021-03-01 18:12:18,925 [ForkJoinPool.commonPool-worker-0] INFO  metrics.RatisMetrics (RatisMetrics.java:unregister(43)) - Unregistering Metrics Registry : ratis.server.f258d114-ea47-4d12-8964-639f425ab8d0@group-617FBAE04F80
2021-03-01 18:12:18,924 [f258d114-ea47-4d12-8964-639f425ab8d0@group-617FBAE04F80->0f049040-6e0c-4cd4-a487-c7f09e7e4ba1-GrpcLogAppender-LogAppenderDaemon] WARN  server.GrpcLogAppender (GrpcLogAppender.java:mayWait(175)) - f258d114-ea47-4d12-8964-639f425ab8d0@group-617FBAE04F80->0f049040-6e0c-4cd4-a487-c7f09e7e4ba1-GrpcLogAppender: Wait interrupted by java.lang.InterruptedException
2021-03-01 18:12:18,926 [grpc-default-executor-3] INFO  server.GrpcServerProtocolService (GrpcServerProtocolService.java:onCompleted(138)) - 0f049040-6e0c-4cd4-a487-c7f09e7e4ba1: Completed APPEND_ENTRIES, lastRequest: f258d114-ea47-4d12-8964-639f425ab8d0->0f049040-6e0c-4cd4-a487-c7f09e7e4ba1#1-t3,previous=(t:0, i:0),leaderCommit=0,initializing? true,entries: size=1, first=(t:3, i:0), CONFIGURATIONENTRY
2021-03-01 18:12:18,926 [grpc-default-executor-2] INFO  server.GrpcLogAppender (GrpcLogAppender.java:onCompleted(344)) - f258d114-ea47-4d12-8964-639f425ab8d0@group-617FBAE04F80->0f049040-6e0c-4cd4-a487-c7f09e7e4ba1-AppendLogResponseHandler: follower responses appendEntries COMPLETED
2021-03-01 18:12:18,926 [grpc-default-executor-2] INFO  leader.FollowerInfo (FollowerInfoImpl.java:lambda$new$0(46)) - f258d114-ea47-4d12-8964-639f425ab8d0@group-617FBAE04F80->0f049040-6e0c-4cd4-a487-c7f09e7e4ba1: nextIndex: updateUnconditionally 1 -> 0
2021-03-01 18:12:18,925 [Listener at 127.0.0.1/41333] INFO  metrics.RatisMetrics (RatisMetrics.java:unregister(43)) - Unregistering Metrics Registry : ratis.log_worker.a7136ecb-4465-4bae-b158-9cfc61718915@group-6F3B09D344DD
2021-03-01 18:12:18,925 [grpc-default-executor-5] INFO  server.GrpcServerProtocolService (GrpcServerProtocolService.java:onCompleted(138)) - a5a3f093-0768-4d4b-b08f-053c130678b3: Completed APPEND_ENTRIES, lastRequest: f258d114-ea47-4d12-8964-639f425ab8d0->a5a3f093-0768-4d4b-b08f-053c130678b3#1-t3,previous=(t:0, i:0),leaderCommit=0,initializing? true,entries: size=1, first=(t:3, i:0), CONFIGURATIONENTRY
2021-03-01 18:12:18,929 [grpc-default-executor-3] INFO  server.GrpcLogAppender (GrpcLogAppender.java:onCompleted(344)) - f258d114-ea47-4d12-8964-639f425ab8d0@group-617FBAE04F80->a5a3f093-0768-4d4b-b08f-053c130678b3-AppendLogResponseHandler: follower responses appendEntries COMPLETED
2021-03-01 18:12:18,930 [grpc-default-executor-3] INFO  leader.FollowerInfo (FollowerInfoImpl.java:lambda$new$0(46)) - f258d114-ea47-4d12-8964-639f425ab8d0@group-617FBAE04F80->a5a3f093-0768-4d4b-b08f-053c130678b3: nextIndex: updateUnconditionally 1 -> 0
2021-03-01 18:12:18,930 [Listener at 127.0.0.1/41333] INFO  metrics.RatisMetrics (RatisMetrics.java:unregister(43)) - Unregistering Metrics Registry : ratis.leader_election.a7136ecb-4465-4bae-b158-9cfc61718915@group-6F3B09D344DD
2021-03-01 18:12:18,931 [Listener at 127.0.0.1/41333] INFO  metrics.RatisMetrics (RatisMetrics.java:unregister(43)) - Unregistering Metrics Registry : ratis.server.a7136ecb-4465-4bae-b158-9cfc61718915@group-6F3B09D344DD
2021-03-01 18:12:18,931 [Listener at 127.0.0.1/41333] INFO  server.RaftServer$Division (RaftServerImpl.java:lambda$close$4(406)) - a7136ecb-4465-4bae-b158-9cfc61718915@group-3E8CA9905F22: shutdown
2021-03-01 18:12:18,931 [Listener at 127.0.0.1/41333] INFO  util.JmxRegister (JmxRegister.java:unregister(73)) - Successfully un-registered JMX Bean with object name Ratis:service=RaftServer,group=group-3E8CA9905F22,id=a7136ecb-4465-4bae-b158-9cfc61718915
2021-03-01 18:12:18,931 [Listener at 127.0.0.1/41333] INFO  impl.RoleInfo (RoleInfo.java:shutdownLeaderState(91)) - a7136ecb-4465-4bae-b158-9cfc61718915: shutdown a7136ecb-4465-4bae-b158-9cfc61718915@group-3E8CA9905F22-LeaderStateImpl
2021-03-01 18:12:18,931 [Listener at 127.0.0.1/41333] INFO  metrics.RatisMetrics (RatisMetrics.java:unregister(43)) - Unregistering Metrics Registry : ratis_grpc.log_appender.a7136ecb-4465-4bae-b158-9cfc61718915@group-3E8CA9905F22
2021-03-01 18:12:18,931 [Listener at 127.0.0.1/41333] INFO  metrics.RatisMetrics (RatisMetrics.java:unregister(43)) - Unregistering Metrics Registry : ratis_grpc.log_appender.a7136ecb-4465-4bae-b158-9cfc61718915@group-3E8CA9905F22
2021-03-01 18:12:18,931 [a7136ecb-4465-4bae-b158-9cfc61718915@group-3E8CA9905F22->b303f36a-f963-4721-9f7a-b5e9e54e4468-GrpcLogAppender-LogAppenderDaemon] WARN  server.GrpcLogAppender (GrpcLogAppender.java:mayWait(175)) - a7136ecb-4465-4bae-b158-9cfc61718915@group-3E8CA9905F22->b303f36a-f963-4721-9f7a-b5e9e54e4468-GrpcLogAppender: Wait interrupted by java.lang.InterruptedException
2021-03-01 18:12:18,931 [a7136ecb-4465-4bae-b158-9cfc61718915@group-3E8CA9905F22->ca5fd955-873f-4bac-9f2a-538d93af5c77-GrpcLogAppender-LogAppenderDaemon] WARN  server.GrpcLogAppender (GrpcLogAppender.java:mayWait(175)) - a7136ecb-4465-4bae-b158-9cfc61718915@group-3E8CA9905F22->ca5fd955-873f-4bac-9f2a-538d93af5c77-GrpcLogAppender: Wait interrupted by java.lang.InterruptedException
2021-03-01 18:12:18,932 [grpc-default-executor-5] INFO  server.GrpcServerProtocolService (GrpcServerProtocolService.java:onCompleted(138)) - b303f36a-f963-4721-9f7a-b5e9e54e4468: Completed APPEND_ENTRIES, lastRequest: a7136ecb-4465-4bae-b158-9cfc61718915->b303f36a-f963-4721-9f7a-b5e9e54e4468#275-t2,previous=(t:2, i:9),leaderCommit=9,initializing? true,entries: size=1, first=(t:2, i:10), METADATAENTRY(c:9)
2021-03-01 18:12:18,932 [grpc-default-executor-3] INFO  server.GrpcServerProtocolService (GrpcServerProtocolService.java:onCompleted(138)) - ca5fd955-873f-4bac-9f2a-538d93af5c77: Completed APPEND_ENTRIES, lastRequest: a7136ecb-4465-4bae-b158-9cfc61718915->ca5fd955-873f-4bac-9f2a-538d93af5c77#275-t2,previous=(t:2, i:9),leaderCommit=9,initializing? true,entries: size=1, first=(t:2, i:10), METADATAENTRY(c:9)
2021-03-01 18:12:18,932 [Listener at 127.0.0.1/41333] INFO  impl.PendingRequests (PendingRequests.java:sendNotLeaderResponses(249)) - a7136ecb-4465-4bae-b158-9cfc61718915@group-3E8CA9905F22-PendingRequests: sendNotLeaderResponses
2021-03-01 18:12:18,936 [grpc-default-executor-5] INFO  server.GrpcLogAppender (GrpcLogAppender.java:onCompleted(344)) - a7136ecb-4465-4bae-b158-9cfc61718915@group-3E8CA9905F22->b303f36a-f963-4721-9f7a-b5e9e54e4468-AppendLogResponseHandler: follower responses appendEntries COMPLETED
2021-03-01 18:12:18,936 [grpc-default-executor-5] INFO  leader.FollowerInfo (FollowerInfoImpl.java:lambda$new$0(46)) - a7136ecb-4465-4bae-b158-9cfc61718915@group-3E8CA9905F22->b303f36a-f963-4721-9f7a-b5e9e54e4468: nextIndex: updateUnconditionally 11 -> 10
2021-03-01 18:12:18,936 [grpc-default-executor-5] INFO  server.GrpcLogAppender (GrpcLogAppender.java:onCompleted(344)) - a7136ecb-4465-4bae-b158-9cfc61718915@group-3E8CA9905F22->ca5fd955-873f-4bac-9f2a-538d93af5c77-AppendLogResponseHandler: follower responses appendEntries COMPLETED
2021-03-01 18:12:18,936 [grpc-default-executor-5] INFO  leader.FollowerInfo (FollowerInfoImpl.java:lambda$new$0(46)) - a7136ecb-4465-4bae-b158-9cfc61718915@group-3E8CA9905F22->ca5fd955-873f-4bac-9f2a-538d93af5c77: nextIndex: updateUnconditionally 11 -> 10
2021-03-01 18:12:18,937 [Listener at 127.0.0.1/41333] INFO  metrics.RatisMetrics (RatisMetrics.java:unregister(43)) - Unregistering Metrics Registry : ratis.log_appender.a7136ecb-4465-4bae-b158-9cfc61718915@group-3E8CA9905F22
2021-03-01 18:12:18,937 [Listener at 127.0.0.1/41333] INFO  metrics.RatisMetrics (RatisMetrics.java:unregister(43)) - Unregistering Metrics Registry : ratis.server.a7136ecb-4465-4bae-b158-9cfc61718915@group-3E8CA9905F22
2021-03-01 18:12:18,943 [ForkJoinPool.commonPool-worker-0] INFO  impl.StateMachineUpdater (StateMachineUpdater.java:stopAndJoin(148)) - f258d114-ea47-4d12-8964-639f425ab8d0@group-617FBAE04F80-StateMachineUpdater: set stopIndex = 0
2021-03-01 18:12:18,944 [f258d114-ea47-4d12-8964-639f425ab8d0@group-617FBAE04F80-StateMachineUpdater] INFO  ratis.ContainerStateMachine (ContainerStateMachine.java:takeSnapshot(291)) - group-617FBAE04F80: Taking a snapshot at:(t:3, i:0) file /github/workspace/mnt/ozone/hadoop-ozone/integration-test/target/test-dir/MiniOzoneClusterImpl-5b5774a2-bf3c-4723-a113-e238e3f8131c/datanode-1/data/ratis/da80ac3f-35d5-4acd-b79a-617fbae04f80/sm/snapshot.3_0
2021-03-01 18:12:18,945 [f258d114-ea47-4d12-8964-639f425ab8d0@group-617FBAE04F80-StateMachineUpdater] INFO  ratis.ContainerStateMachine (ContainerStateMachine.java:takeSnapshot(302)) - group-617FBAE04F80: Finished taking a snapshot at:(t:3, i:0) file:/github/workspace/mnt/ozone/hadoop-ozone/integration-test/target/test-dir/MiniOzoneClusterImpl-5b5774a2-bf3c-4723-a113-e238e3f8131c/datanode-1/data/ratis/da80ac3f-35d5-4acd-b79a-617fbae04f80/sm/snapshot.3_0 took: 0 ms
2021-03-01 18:12:18,945 [f258d114-ea47-4d12-8964-639f425ab8d0@group-617FBAE04F80-StateMachineUpdater] INFO  impl.StateMachineUpdater (StateMachineUpdater.java:takeSnapshot(279)) - f258d114-ea47-4d12-8964-639f425ab8d0@group-617FBAE04F80-StateMachineUpdater: Took a snapshot at index 0
2021-03-01 18:12:18,945 [f258d114-ea47-4d12-8964-639f425ab8d0@group-617FBAE04F80-StateMachineUpdater] INFO  impl.StateMachineUpdater (StateMachineUpdater.java:lambda$new$0(88)) - f258d114-ea47-4d12-8964-639f425ab8d0@group-617FBAE04F80-StateMachineUpdater: snapshotIndex: updateIncreasingly -1 -> 0
2021-03-01 18:12:18,945 [f258d114-ea47-4d12-8964-639f425ab8d0@group-617FBAE04F80-StateMachineUpdater] INFO  metrics.RatisMetrics (RatisMetrics.java:unregister(43)) - Unregistering Metrics Registry : ratis.state_machine.f258d114-ea47-4d12-8964-639f425ab8d0@group-617FBAE04F80
2021-03-01 18:12:18,945 [ForkJoinPool.commonPool-worker-0] INFO  server.RaftServer$Division (ServerState.java:close(405)) - f258d114-ea47-4d12-8964-639f425ab8d0@group-617FBAE04F80: closes. applyIndex: 0
2021-03-01 18:12:18,945 [a7136ecb-4465-4bae-b158-9cfc61718915@group-3E8CA9905F22-StateMachineUpdater] INFO  ratis.ContainerStateMachine (ContainerStateMachine.java:takeSnapshot(291)) - group-3E8CA9905F22: Taking a snapshot at:(t:2, i:10) file /github/workspace/mnt/ozone/hadoop-ozone/integration-test/target/test-dir/MiniOzoneClusterImpl-5b5774a2-bf3c-4723-a113-e238e3f8131c/datanode-4/data/ratis/2f262e5f-c32b-47ed-b451-3e8ca9905f22/sm/snapshot.2_10
2021-03-01 18:12:18,946 [f258d114-ea47-4d12-8964-639f425ab8d0@group-617FBAE04F80-SegmentedRaftLogWorker] INFO  segmented.SegmentedRaftLogWorker (SegmentedRaftLogWorker.java:run(326)) - f258d114-ea47-4d12-8964-639f425ab8d0@group-617FBAE04F80-SegmentedRaftLogWorker was interrupted, exiting. There are 0 tasks remaining in the queue.
2021-03-01 18:12:18,946 [Listener at 127.0.0.1/41333] INFO  impl.StateMachineUpdater (StateMachineUpdater.java:stopAndJoin(148)) - a7136ecb-4465-4bae-b158-9cfc61718915@group-3E8CA9905F22-StateMachineUpdater: set stopIndex = 10
2021-03-01 18:12:18,947 [a7136ecb-4465-4bae-b158-9cfc61718915@group-3E8CA9905F22-StateMachineUpdater] INFO  ratis.ContainerStateMachine (ContainerStateMachine.java:takeSnapshot(302)) - group-3E8CA9905F22: Finished taking a snapshot at:(t:2, i:10) file:/github/workspace/mnt/ozone/hadoop-ozone/integration-test/target/test-dir/MiniOzoneClusterImpl-5b5774a2-bf3c-4723-a113-e238e3f8131c/datanode-4/data/ratis/2f262e5f-c32b-47ed-b451-3e8ca9905f22/sm/snapshot.2_10 took: 1 ms
2021-03-01 18:12:18,947 [a7136ecb-4465-4bae-b158-9cfc61718915@group-3E8CA9905F22-StateMachineUpdater] INFO  impl.StateMachineUpdater (StateMachineUpdater.java:takeSnapshot(279)) - a7136ecb-4465-4bae-b158-9cfc61718915@group-3E8CA9905F22-StateMachineUpdater: Took a snapshot at index 10
2021-03-01 18:12:18,947 [a7136ecb-4465-4bae-b158-9cfc61718915@group-3E8CA9905F22-StateMachineUpdater] INFO  impl.StateMachineUpdater (StateMachineUpdater.java:lambda$new$0(88)) - a7136ecb-4465-4bae-b158-9cfc61718915@group-3E8CA9905F22-StateMachineUpdater: snapshotIndex: updateIncreasingly -1 -> 10
2021-03-01 18:12:18,947 [a7136ecb-4465-4bae-b158-9cfc61718915@group-3E8CA9905F22-StateMachineUpdater] INFO  metrics.RatisMetrics (RatisMetrics.java:unregister(43)) - Unregistering Metrics Registry : ratis.state_machine.a7136ecb-4465-4bae-b158-9cfc61718915@group-3E8CA9905F22
2021-03-01 18:12:18,947 [Listener at 127.0.0.1/41333] INFO  server.RaftServer$Division (ServerState.java:close(405)) - a7136ecb-4465-4bae-b158-9cfc61718915@group-3E8CA9905F22: closes. applyIndex: 10
2021-03-01 18:12:18,947 [ForkJoinPool.commonPool-worker-0] INFO  segmented.SegmentedRaftLogWorker (SegmentedRaftLogWorker.java:close(236)) - f258d114-ea47-4d12-8964-639f425ab8d0@group-617FBAE04F80-SegmentedRaftLogWorker close()
2021-03-01 18:12:18,947 [a7136ecb-4465-4bae-b158-9cfc61718915@group-3E8CA9905F22-SegmentedRaftLogWorker] INFO  segmented.SegmentedRaftLogWorker (SegmentedRaftLogWorker.java:run(326)) - a7136ecb-4465-4bae-b158-9cfc61718915@group-3E8CA9905F22-SegmentedRaftLogWorker was interrupted, exiting. There are 0 tasks remaining in the queue.
2021-03-01 18:12:18,949 [ForkJoinPool.commonPool-worker-0] INFO  metrics.RatisMetrics (RatisMetrics.java:unregister(43)) - Unregistering Metrics Registry : ratis.log_worker.f258d114-ea47-4d12-8964-639f425ab8d0@group-617FBAE04F80
2021-03-01 18:12:18,949 [Listener at 127.0.0.1/41333] INFO  segmented.SegmentedRaftLogWorker (SegmentedRaftLogWorker.java:close(236)) - a7136ecb-4465-4bae-b158-9cfc61718915@group-3E8CA9905F22-SegmentedRaftLogWorker close()
2021-03-01 18:12:18,949 [ForkJoinPool.commonPool-worker-0] INFO  metrics.RatisMetrics (RatisMetrics.java:unregister(43)) - Unregistering Metrics Registry : ratis.leader_election.f258d114-ea47-4d12-8964-639f425ab8d0@group-617FBAE04F80
2021-03-01 18:12:18,950 [Listener at 127.0.0.1/41333] INFO  metrics.RatisMetrics (RatisMetrics.java:unregister(43)) - Unregistering Metrics Registry : ratis.log_worker.a7136ecb-4465-4bae-b158-9cfc61718915@group-3E8CA9905F22
2021-03-01 18:12:18,951 [Listener at 127.0.0.1/41333] INFO  metrics.RatisMetrics (RatisMetrics.java:unregister(43)) - Unregistering Metrics Registry : ratis.leader_election.a7136ecb-4465-4bae-b158-9cfc61718915@group-3E8CA9905F22
2021-03-01 18:12:18,951 [Listener at 127.0.0.1/41333] INFO  metrics.RatisMetrics (RatisMetrics.java:unregister(43)) - Unregistering Metrics Registry : ratis.server.a7136ecb-4465-4bae-b158-9cfc61718915@group-3E8CA9905F22
2021-03-01 18:12:18,951 [Listener at 127.0.0.1/41333] INFO  server.RaftServer$Division (RaftServerImpl.java:lambda$close$4(406)) - a7136ecb-4465-4bae-b158-9cfc61718915@group-65A188F6751A: shutdown
2021-03-01 18:12:18,951 [Listener at 127.0.0.1/41333] INFO  util.JmxRegister (JmxRegister.java:unregister(73)) - Successfully un-registered JMX Bean with object name Ratis:service=RaftServer,group=group-65A188F6751A,id=a7136ecb-4465-4bae-b158-9cfc61718915
2021-03-01 18:12:18,951 [Listener at 127.0.0.1/41333] INFO  impl.RoleInfo (RoleInfo.java:shutdownLeaderState(91)) - a7136ecb-4465-4bae-b158-9cfc61718915: shutdown a7136ecb-4465-4bae-b158-9cfc61718915@group-65A188F6751A-LeaderStateImpl
2021-03-01 18:12:18,951 [Listener at 127.0.0.1/41333] INFO  impl.PendingRequests (PendingRequests.java:sendNotLeaderResponses(249)) - a7136ecb-4465-4bae-b158-9cfc61718915@group-65A188F6751A-PendingRequests: sendNotLeaderResponses
2021-03-01 18:12:18,952 [Listener at 127.0.0.1/41333] INFO  metrics.RatisMetrics (RatisMetrics.java:unregister(43)) - Unregistering Metrics Registry : ratis.log_appender.a7136ecb-4465-4bae-b158-9cfc61718915@group-65A188F6751A
2021-03-01 18:12:18,952 [Listener at 127.0.0.1/41333] INFO  metrics.RatisMetrics (RatisMetrics.java:unregister(43)) - Unregistering Metrics Registry : ratis.server.a7136ecb-4465-4bae-b158-9cfc61718915@group-65A188F6751A
2021-03-01 18:12:18,953 [a7136ecb-4465-4bae-b158-9cfc61718915@group-65A188F6751A-StateMachineUpdater] INFO  ratis.ContainerStateMachine (ContainerStateMachine.java:takeSnapshot(291)) - group-65A188F6751A: Taking a snapshot at:(t:1, i:0) file /github/workspace/mnt/ozone/hadoop-ozone/integration-test/target/test-dir/MiniOzoneClusterImpl-5b5774a2-bf3c-4723-a113-e238e3f8131c/datanode-4/data/ratis/690edf50-8935-46fd-b96b-65a188f6751a/sm/snapshot.1_0
2021-03-01 18:12:18,954 [Listener at 127.0.0.1/41333] INFO  impl.StateMachineUpdater (StateMachineUpdater.java:stopAndJoin(148)) - a7136ecb-4465-4bae-b158-9cfc61718915@group-65A188F6751A-StateMachineUpdater: set stopIndex = 0
2021-03-01 18:12:18,951 [ForkJoinPool.commonPool-worker-0] INFO  metrics.RatisMetrics (RatisMetrics.java:unregister(43)) - Unregistering Metrics Registry : ratis.server.f258d114-ea47-4d12-8964-639f425ab8d0@group-617FBAE04F80
2021-03-01 18:12:18,954 [a7136ecb-4465-4bae-b158-9cfc61718915@group-65A188F6751A-StateMachineUpdater] INFO  ratis.ContainerStateMachine (ContainerStateMachine.java:takeSnapshot(302)) - group-65A188F6751A: Finished taking a snapshot at:(t:1, i:0) file:/github/workspace/mnt/ozone/hadoop-ozone/integration-test/target/test-dir/MiniOzoneClusterImpl-5b5774a2-bf3c-4723-a113-e238e3f8131c/datanode-4/data/ratis/690edf50-8935-46fd-b96b-65a188f6751a/sm/snapshot.1_0 took: 1 ms
2021-03-01 18:12:18,954 [ForkJoinPool.commonPool-worker-0] INFO  server.RaftServer$Division (RaftServerImpl.java:lambda$close$4(406)) - f258d114-ea47-4d12-8964-639f425ab8d0@group-C1D2D21887D4: shutdown
2021-03-01 18:12:18,954 [a7136ecb-4465-4bae-b158-9cfc61718915@group-65A188F6751A-StateMachineUpdater] INFO  impl.StateMachineUpdater (StateMachineUpdater.java:takeSnapshot(279)) - a7136ecb-4465-4bae-b158-9cfc61718915@group-65A188F6751A-StateMachineUpdater: Took a snapshot at index 0
2021-03-01 18:12:18,954 [ForkJoinPool.commonPool-worker-0] INFO  util.JmxRegister (JmxRegister.java:unregister(73)) - Successfully un-registered JMX Bean with object name Ratis:service=RaftServer,group=group-C1D2D21887D4,id=f258d114-ea47-4d12-8964-639f425ab8d0
2021-03-01 18:12:18,954 [ForkJoinPool.commonPool-worker-0] INFO  impl.RoleInfo (RoleInfo.java:shutdownLeaderState(91)) - f258d114-ea47-4d12-8964-639f425ab8d0: shutdown f258d114-ea47-4d12-8964-639f425ab8d0@group-C1D2D21887D4-LeaderStateImpl
2021-03-01 18:12:18,954 [a7136ecb-4465-4bae-b158-9cfc61718915@group-65A188F6751A-StateMachineUpdater] INFO  impl.StateMachineUpdater (StateMachineUpdater.java:lambda$new$0(88)) - a7136ecb-4465-4bae-b158-9cfc61718915@group-65A188F6751A-StateMachineUpdater: snapshotIndex: updateIncreasingly -1 -> 0
2021-03-01 18:12:18,955 [ForkJoinPool.commonPool-worker-0] INFO  impl.PendingRequests (PendingRequests.java:sendNotLeaderResponses(249)) - f258d114-ea47-4d12-8964-639f425ab8d0@group-C1D2D21887D4-PendingRequests: sendNotLeaderResponses
2021-03-01 18:12:18,955 [a7136ecb-4465-4bae-b158-9cfc61718915@group-65A188F6751A-StateMachineUpdater] INFO  metrics.RatisMetrics (RatisMetrics.java:unregister(43)) - Unregistering Metrics Registry : ratis.state_machine.a7136ecb-4465-4bae-b158-9cfc61718915@group-65A188F6751A
2021-03-01 18:12:18,955 [ForkJoinPool.commonPool-worker-0] INFO  metrics.RatisMetrics (RatisMetrics.java:unregister(43)) - Unregistering Metrics Registry : ratis.log_appender.f258d114-ea47-4d12-8964-639f425ab8d0@group-C1D2D21887D4
2021-03-01 18:12:18,955 [ForkJoinPool.commonPool-worker-0] INFO  metrics.RatisMetrics (RatisMetrics.java:unregister(43)) - Unregistering Metrics Registry : ratis.server.f258d114-ea47-4d12-8964-639f425ab8d0@group-C1D2D21887D4
2021-03-01 18:12:18,955 [Listener at 127.0.0.1/41333] INFO  server.RaftServer$Division (ServerState.java:close(405)) - a7136ecb-4465-4bae-b158-9cfc61718915@group-65A188F6751A: closes. applyIndex: 0
2021-03-01 18:12:18,955 [a7136ecb-4465-4bae-b158-9cfc61718915@group-65A188F6751A-SegmentedRaftLogWorker] INFO  segmented.SegmentedRaftLogWorker (SegmentedRaftLogWorker.java:run(326)) - a7136ecb-4465-4bae-b158-9cfc61718915@group-65A188F6751A-SegmentedRaftLogWorker was interrupted, exiting. There are 0 tasks remaining in the queue.
2021-03-01 18:12:18,956 [Listener at 127.0.0.1/41333] INFO  segmented.SegmentedRaftLogWorker (SegmentedRaftLogWorker.java:close(236)) - a7136ecb-4465-4bae-b158-9cfc61718915@group-65A188F6751A-SegmentedRaftLogWorker close()
2021-03-01 18:12:18,957 [Listener at 127.0.0.1/41333] INFO  metrics.RatisMetrics (RatisMetrics.java:unregister(43)) - Unregistering Metrics Registry : ratis.log_worker.a7136ecb-4465-4bae-b158-9cfc61718915@group-65A188F6751A
2021-03-01 18:12:18,957 [Listener at 127.0.0.1/41333] INFO  metrics.RatisMetrics (RatisMetrics.java:unregister(43)) - Unregistering Metrics Registry : ratis.leader_election.a7136ecb-4465-4bae-b158-9cfc61718915@group-65A188F6751A
2021-03-01 18:12:18,957 [Listener at 127.0.0.1/41333] INFO  metrics.RatisMetrics (RatisMetrics.java:unregister(43)) - Unregistering Metrics Registry : ratis.server.a7136ecb-4465-4bae-b158-9cfc61718915@group-65A188F6751A
2021-03-01 18:12:18,958 [Listener at 127.0.0.1/41333] INFO  server.RaftServer$Division (RaftServerImpl.java:lambda$close$4(406)) - a7136ecb-4465-4bae-b158-9cfc61718915@group-1C1384E55287: shutdown
2021-03-01 18:12:18,958 [ForkJoinPool.commonPool-worker-0] INFO  impl.StateMachineUpdater (StateMachineUpdater.java:stopAndJoin(148)) - f258d114-ea47-4d12-8964-639f425ab8d0@group-C1D2D21887D4-StateMachineUpdater: set stopIndex = 0
2021-03-01 18:12:18,958 [f258d114-ea47-4d12-8964-639f425ab8d0@group-C1D2D21887D4-StateMachineUpdater] INFO  ratis.ContainerStateMachine (ContainerStateMachine.java:takeSnapshot(291)) - group-C1D2D21887D4: Taking a snapshot at:(t:1, i:0) file /github/workspace/mnt/ozone/hadoop-ozone/integration-test/target/test-dir/MiniOzoneClusterImpl-5b5774a2-bf3c-4723-a113-e238e3f8131c/datanode-1/data/ratis/625e2d19-b980-4c0a-8209-c1d2d21887d4/sm/snapshot.1_0
2021-03-01 18:12:18,958 [Listener at 127.0.0.1/41333] INFO  util.JmxRegister (JmxRegister.java:unregister(73)) - Successfully un-registered JMX Bean with object name Ratis:service=RaftServer,group=group-1C1384E55287,id=a7136ecb-4465-4bae-b158-9cfc61718915
2021-03-01 18:12:18,958 [Listener at 127.0.0.1/41333] INFO  impl.RoleInfo (RoleInfo.java:shutdownFollowerState(108)) - a7136ecb-4465-4bae-b158-9cfc61718915: shutdown a7136ecb-4465-4bae-b158-9cfc61718915@group-1C1384E55287-FollowerState
2021-03-01 18:12:18,959 [Thread-4470] INFO  impl.FollowerState (FollowerState.java:run(142)) - a7136ecb-4465-4bae-b158-9cfc61718915@group-1C1384E55287-FollowerState was interrupted: {}
java.lang.InterruptedException: sleep interrupted
	at java.lang.Thread.sleep(Native Method)
	at java.lang.Thread.sleep(Thread.java:340)
	at java.util.concurrent.TimeUnit.sleep(TimeUnit.java:386)
	at org.apache.ratis.util.TimeDuration.sleep(TimeDuration.java:324)
	at org.apache.ratis.util.TimeDuration.sleep(TimeDuration.java:309)
	at org.apache.ratis.server.impl.FollowerState.run(FollowerState.java:117)
2021-03-01 18:12:18,959 [f258d114-ea47-4d12-8964-639f425ab8d0@group-C1D2D21887D4-StateMachineUpdater] INFO  ratis.ContainerStateMachine (ContainerStateMachine.java:takeSnapshot(302)) - group-C1D2D21887D4: Finished taking a snapshot at:(t:1, i:0) file:/github/workspace/mnt/ozone/hadoop-ozone/integration-test/target/test-dir/MiniOzoneClusterImpl-5b5774a2-bf3c-4723-a113-e238e3f8131c/datanode-1/data/ratis/625e2d19-b980-4c0a-8209-c1d2d21887d4/sm/snapshot.1_0 took: 1 ms
2021-03-01 18:12:18,959 [f258d114-ea47-4d12-8964-639f425ab8d0@group-C1D2D21887D4-StateMachineUpdater] INFO  impl.StateMachineUpdater (StateMachineUpdater.java:takeSnapshot(279)) - f258d114-ea47-4d12-8964-639f425ab8d0@group-C1D2D21887D4-StateMachineUpdater: Took a snapshot at index 0
2021-03-01 18:12:18,959 [f258d114-ea47-4d12-8964-639f425ab8d0@group-C1D2D21887D4-StateMachineUpdater] INFO  impl.StateMachineUpdater (StateMachineUpdater.java:lambda$new$0(88)) - f258d114-ea47-4d12-8964-639f425ab8d0@group-C1D2D21887D4-StateMachineUpdater: snapshotIndex: updateIncreasingly -1 -> 0
2021-03-01 18:12:18,959 [f258d114-ea47-4d12-8964-639f425ab8d0@group-C1D2D21887D4-StateMachineUpdater] INFO  metrics.RatisMetrics (RatisMetrics.java:unregister(43)) - Unregistering Metrics Registry : ratis.state_machine.f258d114-ea47-4d12-8964-639f425ab8d0@group-C1D2D21887D4
2021-03-01 18:12:18,959 [ForkJoinPool.commonPool-worker-0] INFO  server.RaftServer$Division (ServerState.java:close(405)) - f258d114-ea47-4d12-8964-639f425ab8d0@group-C1D2D21887D4: closes. applyIndex: 0
2021-03-01 18:12:18,959 [f258d114-ea47-4d12-8964-639f425ab8d0@group-C1D2D21887D4-SegmentedRaftLogWorker] INFO  segmented.SegmentedRaftLogWorker (SegmentedRaftLogWorker.java:run(326)) - f258d114-ea47-4d12-8964-639f425ab8d0@group-C1D2D21887D4-SegmentedRaftLogWorker was interrupted, exiting. There are 0 tasks remaining in the queue.
2021-03-01 18:12:18,960 [a7136ecb-4465-4bae-b158-9cfc61718915@group-1C1384E55287-StateMachineUpdater] INFO  ratis.ContainerStateMachine (ContainerStateMachine.java:takeSnapshot(291)) - group-1C1384E55287: Taking a snapshot at:(t:1, i:0) file /github/workspace/mnt/ozone/hadoop-ozone/integration-test/target/test-dir/MiniOzoneClusterImpl-5b5774a2-bf3c-4723-a113-e238e3f8131c/datanode-4/data/ratis/a1cc7fb7-1dfd-47c2-8159-1c1384e55287/sm/snapshot.1_0
2021-03-01 18:12:18,966 [ForkJoinPool.commonPool-worker-0] INFO  segmented.SegmentedRaftLogWorker (SegmentedRaftLogWorker.java:close(236)) - f258d114-ea47-4d12-8964-639f425ab8d0@group-C1D2D21887D4-SegmentedRaftLogWorker close()
2021-03-01 18:12:18,966 [a7136ecb-4465-4bae-b158-9cfc61718915@group-1C1384E55287-StateMachineUpdater] INFO  ratis.ContainerStateMachine (ContainerStateMachine.java:takeSnapshot(302)) - group-1C1384E55287: Finished taking a snapshot at:(t:1, i:0) file:/github/workspace/mnt/ozone/hadoop-ozone/integration-test/target/test-dir/MiniOzoneClusterImpl-5b5774a2-bf3c-4723-a113-e238e3f8131c/datanode-4/data/ratis/a1cc7fb7-1dfd-47c2-8159-1c1384e55287/sm/snapshot.1_0 took: 7 ms
2021-03-01 18:12:18,967 [a7136ecb-4465-4bae-b158-9cfc61718915@group-1C1384E55287-StateMachineUpdater] INFO  impl.StateMachineUpdater (StateMachineUpdater.java:takeSnapshot(279)) - a7136ecb-4465-4bae-b158-9cfc61718915@group-1C1384E55287-StateMachineUpdater: Took a snapshot at index 0
2021-03-01 18:12:18,967 [a7136ecb-4465-4bae-b158-9cfc61718915@group-1C1384E55287-StateMachineUpdater] INFO  impl.StateMachineUpdater (StateMachineUpdater.java:lambda$new$0(88)) - a7136ecb-4465-4bae-b158-9cfc61718915@group-1C1384E55287-StateMachineUpdater: snapshotIndex: updateIncreasingly -1 -> 0
2021-03-01 18:12:18,967 [a7136ecb-4465-4bae-b158-9cfc61718915@group-1C1384E55287-StateMachineUpdater] INFO  metrics.RatisMetrics (RatisMetrics.java:unregister(43)) - Unregistering Metrics Registry : ratis.state_machine.a7136ecb-4465-4bae-b158-9cfc61718915@group-1C1384E55287
2021-03-01 18:12:18,968 [Listener at 127.0.0.1/41333] INFO  impl.StateMachineUpdater (StateMachineUpdater.java:stopAndJoin(148)) - a7136ecb-4465-4bae-b158-9cfc61718915@group-1C1384E55287-StateMachineUpdater: set stopIndex = 0
2021-03-01 18:12:18,969 [Listener at 127.0.0.1/41333] INFO  server.RaftServer$Division (ServerState.java:close(405)) - a7136ecb-4465-4bae-b158-9cfc61718915@group-1C1384E55287: closes. applyIndex: 0
2021-03-01 18:12:18,968 [ForkJoinPool.commonPool-worker-0] INFO  metrics.RatisMetrics (RatisMetrics.java:unregister(43)) - Unregistering Metrics Registry : ratis.log_worker.f258d114-ea47-4d12-8964-639f425ab8d0@group-C1D2D21887D4
2021-03-01 18:12:18,969 [a7136ecb-4465-4bae-b158-9cfc61718915@group-1C1384E55287-SegmentedRaftLogWorker] INFO  segmented.SegmentedRaftLogWorker (SegmentedRaftLogWorker.java:run(326)) - a7136ecb-4465-4bae-b158-9cfc61718915@group-1C1384E55287-SegmentedRaftLogWorker was interrupted, exiting. There are 0 tasks remaining in the queue.
2021-03-01 18:12:18,970 [ForkJoinPool.commonPool-worker-0] INFO  metrics.RatisMetrics (RatisMetrics.java:unregister(43)) - Unregistering Metrics Registry : ratis.leader_election.f258d114-ea47-4d12-8964-639f425ab8d0@group-C1D2D21887D4
2021-03-01 18:12:18,970 [ForkJoinPool.commonPool-worker-0] INFO  metrics.RatisMetrics (RatisMetrics.java:unregister(43)) - Unregistering Metrics Registry : ratis.server.f258d114-ea47-4d12-8964-639f425ab8d0@group-C1D2D21887D4
2021-03-01 18:12:18,970 [ForkJoinPool.commonPool-worker-0] INFO  server.RaftServer$Division (RaftServerImpl.java:lambda$close$4(406)) - f258d114-ea47-4d12-8964-639f425ab8d0@group-56E890C13FB3: shutdown
2021-03-01 18:12:18,970 [ForkJoinPool.commonPool-worker-0] INFO  util.JmxRegister (JmxRegister.java:unregister(73)) - Successfully un-registered JMX Bean with object name Ratis:service=RaftServer,group=group-56E890C13FB3,id=f258d114-ea47-4d12-8964-639f425ab8d0
2021-03-01 18:12:18,970 [ForkJoinPool.commonPool-worker-0] INFO  impl.RoleInfo (RoleInfo.java:shutdownFollowerState(108)) - f258d114-ea47-4d12-8964-639f425ab8d0: shutdown f258d114-ea47-4d12-8964-639f425ab8d0@group-56E890C13FB3-FollowerState
2021-03-01 18:12:18,970 [ForkJoinPool.commonPool-worker-0] INFO  impl.StateMachineUpdater (StateMachineUpdater.java:stopAndJoin(148)) - f258d114-ea47-4d12-8964-639f425ab8d0@group-56E890C13FB3-StateMachineUpdater: set stopIndex = -1
2021-03-01 18:12:18,970 [f258d114-ea47-4d12-8964-639f425ab8d0@group-56E890C13FB3-StateMachineUpdater] INFO  metrics.RatisMetrics (RatisMetrics.java:unregister(43)) - Unregistering Metrics Registry : ratis.state_machine.f258d114-ea47-4d12-8964-639f425ab8d0@group-56E890C13FB3
2021-03-01 18:12:18,971 [ForkJoinPool.commonPool-worker-0] INFO  server.RaftServer$Division (ServerState.java:close(405)) - f258d114-ea47-4d12-8964-639f425ab8d0@group-56E890C13FB3: closes. applyIndex: -1
2021-03-01 18:12:18,971 [Listener at 127.0.0.1/41333] INFO  segmented.SegmentedRaftLogWorker (SegmentedRaftLogWorker.java:close(236)) - a7136ecb-4465-4bae-b158-9cfc61718915@group-1C1384E55287-SegmentedRaftLogWorker close()
2021-03-01 18:12:18,970 [Thread-4746] INFO  impl.FollowerState (FollowerState.java:run(142)) - f258d114-ea47-4d12-8964-639f425ab8d0@group-56E890C13FB3-FollowerState was interrupted: {}
java.lang.InterruptedException: sleep interrupted
	at java.lang.Thread.sleep(Native Method)
	at java.lang.Thread.sleep(Thread.java:340)
	at java.util.concurrent.TimeUnit.sleep(TimeUnit.java:386)
	at org.apache.ratis.util.TimeDuration.sleep(TimeDuration.java:324)
	at org.apache.ratis.util.TimeDuration.sleep(TimeDuration.java:309)
	at org.apache.ratis.server.impl.FollowerState.run(FollowerState.java:117)
2021-03-01 18:12:18,971 [f258d114-ea47-4d12-8964-639f425ab8d0@group-56E890C13FB3-SegmentedRaftLogWorker] INFO  segmented.SegmentedRaftLogWorker (SegmentedRaftLogWorker.java:run(326)) - f258d114-ea47-4d12-8964-639f425ab8d0@group-56E890C13FB3-SegmentedRaftLogWorker was interrupted, exiting. There are 0 tasks remaining in the queue.
2021-03-01 18:12:18,971 [ForkJoinPool.commonPool-worker-0] INFO  segmented.SegmentedRaftLogWorker (SegmentedRaftLogWorker.java:close(236)) - f258d114-ea47-4d12-8964-639f425ab8d0@group-56E890C13FB3-SegmentedRaftLogWorker close()
2021-03-01 18:12:18,974 [ForkJoinPool.commonPool-worker-0] INFO  metrics.RatisMetrics (RatisMetrics.java:unregister(43)) - Unregistering Metrics Registry : ratis.log_worker.f258d114-ea47-4d12-8964-639f425ab8d0@group-56E890C13FB3
2021-03-01 18:12:18,974 [Listener at 127.0.0.1/41333] INFO  metrics.RatisMetrics (RatisMetrics.java:unregister(43)) - Unregistering Metrics Registry : ratis.log_worker.a7136ecb-4465-4bae-b158-9cfc61718915@group-1C1384E55287
2021-03-01 18:12:18,974 [ForkJoinPool.commonPool-worker-0] INFO  metrics.RatisMetrics (RatisMetrics.java:unregister(43)) - Unregistering Metrics Registry : ratis.leader_election.f258d114-ea47-4d12-8964-639f425ab8d0@group-56E890C13FB3
2021-03-01 18:12:18,974 [Listener at 127.0.0.1/41333] INFO  metrics.RatisMetrics (RatisMetrics.java:unregister(43)) - Unregistering Metrics Registry : ratis.leader_election.a7136ecb-4465-4bae-b158-9cfc61718915@group-1C1384E55287
2021-03-01 18:12:18,974 [ForkJoinPool.commonPool-worker-0] INFO  metrics.RatisMetrics (RatisMetrics.java:unregister(43)) - Unregistering Metrics Registry : ratis.server.f258d114-ea47-4d12-8964-639f425ab8d0@group-56E890C13FB3
2021-03-01 18:12:18,974 [Listener at 127.0.0.1/41333] INFO  metrics.RatisMetrics (RatisMetrics.java:unregister(43)) - Unregistering Metrics Registry : ratis.server.a7136ecb-4465-4bae-b158-9cfc61718915@group-1C1384E55287
2021-03-01 18:12:18,975 [ForkJoinPool.commonPool-worker-0] INFO  server.GrpcService (GrpcService.java:closeImpl(262)) - f258d114-ea47-4d12-8964-639f425ab8d0: shutdown server with port 45265 now
2021-03-01 18:12:18,975 [Listener at 127.0.0.1/41333] INFO  server.GrpcService (GrpcService.java:closeImpl(262)) - a7136ecb-4465-4bae-b158-9cfc61718915: shutdown server with port 42023 now
2021-03-01 18:12:18,976 [grpc-default-executor-2] WARN  server.GrpcLogAppender (LogUtils.java:warn(122)) - 0f049040-6e0c-4cd4-a487-c7f09e7e4ba1@group-183949E5868D->f258d114-ea47-4d12-8964-639f425ab8d0-AppendLogResponseHandler: Failed appendEntries: org.apache.ratis.thirdparty.io.grpc.StatusRuntimeException: CANCELLED: HTTP/2 error code: CANCEL
Received Rst Stream
2021-03-01 18:12:18,984 [grpc-default-executor-2] WARN  server.GrpcLogAppender (GrpcLogAppender.java:resetClient(111)) - 0f049040-6e0c-4cd4-a487-c7f09e7e4ba1@group-183949E5868D->f258d114-ea47-4d12-8964-639f425ab8d0-GrpcLogAppender: Leader has not got in touch with Follower 0f049040-6e0c-4cd4-a487-c7f09e7e4ba1@group-183949E5868D->f258d114-ea47-4d12-8964-639f425ab8d0(c0,m0,n1, attendVote=true, lastRpcSendTime=635, lastRpcResponseTime=634) yet, just keep nextIndex unchanged and retry.
2021-03-01 18:12:18,976 [grpc-default-executor-5] WARN  server.GrpcServerProtocolService (LogUtils.java:warn(122)) - f258d114-ea47-4d12-8964-639f425ab8d0: installSnapshot onError, lastRequest: 0f049040-6e0c-4cd4-a487-c7f09e7e4ba1->f258d114-ea47-4d12-8964-639f425ab8d0#1-t2,previous=(t:0, i:0),leaderCommit=-1,initializing? true,entries: size=1, first=(t:2, i:0), CONFIGURATIONENTRY: org.apache.ratis.thirdparty.io.grpc.StatusRuntimeException: CANCELLED: client cancelled
2021-03-01 18:12:18,985 [ForkJoinPool.commonPool-worker-0] INFO  server.GrpcService (GrpcService.java:closeImpl(271)) - f258d114-ea47-4d12-8964-639f425ab8d0: shutdown server with port 45265 successfully
2021-03-01 18:12:18,985 [org.apache.ratis.util.JvmPauseMonitor$$Lambda$504/1874703858@4ea8b925] INFO  util.JvmPauseMonitor (JvmPauseMonitor.java:run(109)) - JvmPauseMonitor-f258d114-ea47-4d12-8964-639f425ab8d0: Stopped
2021-03-01 18:12:18,989 [ForkJoinPool.commonPool-worker-0] INFO  utils.BackgroundService (BackgroundService.java:shutdown(132)) - Shutting down service BlockDeletingService
2021-03-01 18:12:18,991 [grpc-default-executor-2] WARN  server.GrpcServerProtocolService (LogUtils.java:warn(122)) - a7136ecb-4465-4bae-b158-9cfc61718915: installSnapshot onError, lastRequest: b303f36a-f963-4721-9f7a-b5e9e54e4468->a7136ecb-4465-4bae-b158-9cfc61718915#1-t4,previous=(t:0, i:0),leaderCommit=0,initializing? true,entries: size=1, first=(t:4, i:0), CONFIGURATIONENTRY: org.apache.ratis.thirdparty.io.grpc.StatusRuntimeException: CANCELLED: client cancelled
2021-03-01 18:12:18,991 [grpc-default-executor-3] WARN  server.GrpcLogAppender (LogUtils.java:warn(122)) - ca5fd955-873f-4bac-9f2a-538d93af5c77@group-1C1384E55287->a7136ecb-4465-4bae-b158-9cfc61718915-AppendLogResponseHandler: Failed appendEntries: org.apache.ratis.thirdparty.io.grpc.StatusRuntimeException: CANCELLED: HTTP/2 error code: CANCEL
Received Rst Stream
2021-03-01 18:12:18,992 [grpc-default-executor-6] WARN  server.GrpcServerProtocolService (LogUtils.java:warn(122)) - a7136ecb-4465-4bae-b158-9cfc61718915: installSnapshot onError, lastRequest: ca5fd955-873f-4bac-9f2a-538d93af5c77->a7136ecb-4465-4bae-b158-9cfc61718915#1-t1,previous=(t:0, i:0),leaderCommit=0,initializing? true,entries: size=1, first=(t:1, i:0), CONFIGURATIONENTRY: org.apache.ratis.thirdparty.io.grpc.StatusRuntimeException: CANCELLED: client cancelled
2021-03-01 18:12:18,993 [ForkJoinPool.commonPool-worker-0] INFO  statemachine.DatanodeStateMachine (DatanodeStateMachine.java:stopDaemon(469)) - Ozone container server stopped.
2021-03-01 18:12:18,996 [grpc-default-executor-3] WARN  server.GrpcLogAppender (GrpcLogAppender.java:resetClient(111)) - ca5fd955-873f-4bac-9f2a-538d93af5c77@group-1C1384E55287->a7136ecb-4465-4bae-b158-9cfc61718915-GrpcLogAppender: Leader has not got in touch with Follower ca5fd955-873f-4bac-9f2a-538d93af5c77@group-1C1384E55287->a7136ecb-4465-4bae-b158-9cfc61718915(c0,m0,n1, attendVote=true, lastRpcSendTime=518, lastRpcResponseTime=517) yet, just keep nextIndex unchanged and retry.
2021-03-01 18:12:18,996 [grpc-default-executor-5] WARN  server.GrpcLogAppender (LogUtils.java:warn(122)) - b303f36a-f963-4721-9f7a-b5e9e54e4468@group-6F3B09D344DD->a7136ecb-4465-4bae-b158-9cfc61718915-AppendLogResponseHandler: Failed appendEntries: org.apache.ratis.thirdparty.io.grpc.StatusRuntimeException: CANCELLED: HTTP/2 error code: CANCEL
Received Rst Stream
2021-03-01 18:12:18,996 [grpc-default-executor-5] WARN  server.GrpcLogAppender (GrpcLogAppender.java:resetClient(111)) - b303f36a-f963-4721-9f7a-b5e9e54e4468@group-6F3B09D344DD->a7136ecb-4465-4bae-b158-9cfc61718915-GrpcLogAppender: Leader has not got in touch with Follower b303f36a-f963-4721-9f7a-b5e9e54e4468@group-6F3B09D344DD->a7136ecb-4465-4bae-b158-9cfc61718915(c0,m0,n1, attendVote=true, lastRpcSendTime=340, lastRpcResponseTime=339) yet, just keep nextIndex unchanged and retry.
2021-03-01 18:12:19,033 [Listener at 127.0.0.1/41333] INFO  server.GrpcService (GrpcService.java:closeImpl(271)) - a7136ecb-4465-4bae-b158-9cfc61718915: shutdown server with port 42023 successfully
2021-03-01 18:12:19,033 [org.apache.ratis.util.JvmPauseMonitor$$Lambda$504/1874703858@1d83950c] INFO  util.JvmPauseMonitor (JvmPauseMonitor.java:run(109)) - JvmPauseMonitor-a7136ecb-4465-4bae-b158-9cfc61718915: Stopped
2021-03-01 18:12:19,034 [Listener at 127.0.0.1/41333] INFO  utils.BackgroundService (BackgroundService.java:shutdown(132)) - Shutting down service BlockDeletingService
2021-03-01 18:12:19,055 [ForkJoinPool.commonPool-worker-0] INFO  handler.ContextHandler (ContextHandler.java:doStop(1154)) - Stopped o.e.j.w.WebAppContext@10375288{hddsDatanode,/,null,STOPPED}{jar:file:/home/user/.m2/repository/org/apache/hadoop/hadoop-hdds-container-service/1.1.0-SNAPSHOT/hadoop-hdds-container-service-1.1.0-SNAPSHOT.jar!/webapps/hddsDatanode}
2021-03-01 18:12:19,055 [ForkJoinPool.commonPool-worker-0] INFO  server.AbstractConnector (AbstractConnector.java:doStop(381)) - Stopped ServerConnector@36fe19e{HTTP/1.1, (http/1.1)}{0.0.0.0:0}
2021-03-01 18:12:19,055 [ForkJoinPool.commonPool-worker-0] INFO  server.session (HouseKeeper.java:stopScavenging(149)) - node0 Stopped scavenging
2021-03-01 18:12:19,057 [Listener at 127.0.0.1/41333] INFO  statemachine.DatanodeStateMachine (DatanodeStateMachine.java:stopDaemon(469)) - Ozone container server stopped.
2021-03-01 18:12:19,059 [ForkJoinPool.commonPool-worker-0] INFO  handler.ContextHandler (ContextHandler.java:doStop(1154)) - Stopped o.e.j.s.ServletContextHandler@6155bfa4{static,/static,jar:file:/home/user/.m2/repository/org/apache/hadoop/hadoop-hdds-container-service/1.1.0-SNAPSHOT/hadoop-hdds-container-service-1.1.0-SNAPSHOT.jar!/webapps/static,STOPPED}
2021-03-01 18:12:19,065 [Listener at 127.0.0.1/41333] INFO  handler.ContextHandler (ContextHandler.java:doStop(1154)) - Stopped o.e.j.w.WebAppContext@311c52e3{hddsDatanode,/,null,STOPPED}{jar:file:/home/user/.m2/repository/org/apache/hadoop/hadoop-hdds-container-service/1.1.0-SNAPSHOT/hadoop-hdds-container-service-1.1.0-SNAPSHOT.jar!/webapps/hddsDatanode}
2021-03-01 18:12:19,072 [ForkJoinPool.commonPool-worker-0] INFO  handler.ContextHandler (ContextHandler.java:doStop(1154)) - Stopped o.e.j.s.ServletContextHandler@65861bc6{logs,/logs,file:///github/workspace/mnt/ozone/hadoop-ozone/integration-test/target/log,STOPPED}
2021-03-01 18:12:19,080 [Listener at 127.0.0.1/41333] INFO  server.AbstractConnector (AbstractConnector.java:doStop(381)) - Stopped ServerConnector@12ac0bb{HTTP/1.1, (http/1.1)}{0.0.0.0:0}
2021-03-01 18:12:19,080 [Listener at 127.0.0.1/41333] INFO  server.session (HouseKeeper.java:stopScavenging(149)) - node0 Stopped scavenging
2021-03-01 18:12:19,080 [Listener at 127.0.0.1/41333] INFO  handler.ContextHandler (ContextHandler.java:doStop(1154)) - Stopped o.e.j.s.ServletContextHandler@410339f1{static,/static,jar:file:/home/user/.m2/repository/org/apache/hadoop/hadoop-hdds-container-service/1.1.0-SNAPSHOT/hadoop-hdds-container-service-1.1.0-SNAPSHOT.jar!/webapps/static,STOPPED}
2021-03-01 18:12:19,080 [Listener at 127.0.0.1/41333] INFO  handler.ContextHandler (ContextHandler.java:doStop(1154)) - Stopped o.e.j.s.ServletContextHandler@ef8a98d{logs,/logs,file:///github/workspace/mnt/ozone/hadoop-ozone/integration-test/target/log,STOPPED}
2021-03-01 18:12:19,851 [Datanode State Machine Thread - 0] INFO  statemachine.DatanodeStateMachine (DatanodeStateMachine.java:lambda$startDaemon$0(411)) - Ozone container server started.
2021-03-01 18:12:20,018 [Datanode State Machine Thread - 0] INFO  statemachine.DatanodeStateMachine (DatanodeStateMachine.java:lambda$startDaemon$0(411)) - Ozone container server started.
2021-03-01 18:12:20,855 [grpc-default-executor-3] WARN  server.GrpcLogAppender (LogUtils.java:warn(122)) - 0f049040-6e0c-4cd4-a487-c7f09e7e4ba1@group-183949E5868D->f258d114-ea47-4d12-8964-639f425ab8d0-AppendLogResponseHandler: Failed appendEntries: org.apache.ratis.thirdparty.io.grpc.StatusRuntimeException: UNAVAILABLE: io exception
2021-03-01 18:12:20,856 [grpc-default-executor-3] WARN  server.GrpcLogAppender (GrpcLogAppender.java:resetClient(111)) - 0f049040-6e0c-4cd4-a487-c7f09e7e4ba1@group-183949E5868D->f258d114-ea47-4d12-8964-639f425ab8d0-GrpcLogAppender: Leader has not got in touch with Follower 0f049040-6e0c-4cd4-a487-c7f09e7e4ba1@group-183949E5868D->f258d114-ea47-4d12-8964-639f425ab8d0(c0,m0,n1, attendVote=true, lastRpcSendTime=0, lastRpcResponseTime=2506) yet, just keep nextIndex unchanged and retry.
2021-03-01 18:12:20,983 [grpc-default-executor-3] WARN  server.GrpcLogAppender (LogUtils.java:warn(122)) - ca5fd955-873f-4bac-9f2a-538d93af5c77@group-1C1384E55287->a7136ecb-4465-4bae-b158-9cfc61718915-AppendLogResponseHandler: Failed appendEntries: org.apache.ratis.thirdparty.io.grpc.StatusRuntimeException: UNAVAILABLE: io exception
2021-03-01 18:12:20,984 [grpc-default-executor-3] WARN  server.GrpcLogAppender (GrpcLogAppender.java:resetClient(111)) - ca5fd955-873f-4bac-9f2a-538d93af5c77@group-1C1384E55287->a7136ecb-4465-4bae-b158-9cfc61718915-GrpcLogAppender: Leader has not got in touch with Follower ca5fd955-873f-4bac-9f2a-538d93af5c77@group-1C1384E55287->a7136ecb-4465-4bae-b158-9cfc61718915(c0,m0,n1, attendVote=true, lastRpcSendTime=2506, lastRpcResponseTime=2505) yet, just keep nextIndex unchanged and retry.
2021-03-01 18:12:21,158 [grpc-default-executor-5] WARN  server.GrpcLogAppender (LogUtils.java:warn(122)) - b303f36a-f963-4721-9f7a-b5e9e54e4468@group-6F3B09D344DD->a7136ecb-4465-4bae-b158-9cfc61718915-AppendLogResponseHandler: Failed appendEntries: org.apache.ratis.thirdparty.io.grpc.StatusRuntimeException: UNAVAILABLE: io exception
2021-03-01 18:12:21,158 [grpc-default-executor-5] WARN  server.GrpcLogAppender (GrpcLogAppender.java:resetClient(111)) - b303f36a-f963-4721-9f7a-b5e9e54e4468@group-6F3B09D344DD->a7136ecb-4465-4bae-b158-9cfc61718915-GrpcLogAppender: Leader has not got in touch with Follower b303f36a-f963-4721-9f7a-b5e9e54e4468@group-6F3B09D344DD->a7136ecb-4465-4bae-b158-9cfc61718915(c0,m0,n1, attendVote=true, lastRpcSendTime=0, lastRpcResponseTime=2501) yet, just keep nextIndex unchanged and retry.
2021-03-01 18:12:23,052 [EventQueue-StaleNodeForStaleNodeHandler] INFO  node.StaleNodeHandler (StaleNodeHandler.java:onMessage(58)) - Datanode f258d114-ea47-4d12-8964-639f425ab8d0{ip: 172.17.0.2, host: 83787af071e2, ports: [REPLICATION=37693, RATIS=45265, RATIS_ADMIN=45265, RATIS_SERVER=45265, STANDALONE=34123], networkLocation: /default-rack, certSerialId: null, persistedOpState: IN_SERVICE, persistedOpStateExpiryEpochSec: 0} moved to stale state. Finalizing its pipelines [PipelineID=6a91cd44-6d96-4d75-88f7-183949e5868d, PipelineID=da80ac3f-35d5-4acd-b79a-617fbae04f80, PipelineID=625e2d19-b980-4c0a-8209-c1d2d21887d4, PipelineID=d7d51450-7844-4544-a5b2-56e890c13fb3]
2021-03-01 18:12:23,052 [EventQueue-StaleNodeForStaleNodeHandler] INFO  pipeline.SCMPipelineManager (SCMPipelineManager.java:finalizeAndDestroyPipeline(483)) - Destroying pipeline:Pipeline[ Id: 6a91cd44-6d96-4d75-88f7-183949e5868d, Nodes: 0f049040-6e0c-4cd4-a487-c7f09e7e4ba1{ip: 172.17.0.2, host: 83787af071e2, ports: [REPLICATION=39923, RATIS=45527, RATIS_ADMIN=45527, RATIS_SERVER=45527, STANDALONE=32999], networkLocation: /default-rack, certSerialId: null, persistedOpState: IN_SERVICE, persistedOpStateExpiryEpochSec: 0}a5a3f093-0768-4d4b-b08f-053c130678b3{ip: 172.17.0.2, host: 83787af071e2, ports: [REPLICATION=35041, RATIS=40499, RATIS_ADMIN=40499, RATIS_SERVER=40499, STANDALONE=42875], networkLocation: /default-rack, certSerialId: null, persistedOpState: IN_SERVICE, persistedOpStateExpiryEpochSec: 0}f258d114-ea47-4d12-8964-639f425ab8d0{ip: 172.17.0.2, host: 83787af071e2, ports: [REPLICATION=37693, RATIS=45265, RATIS_ADMIN=45265, RATIS_SERVER=45265, STANDALONE=34123], networkLocation: /default-rack, certSerialId: null, persistedOpState: IN_SERVICE, persistedOpStateExpiryEpochSec: 0}, Type:RATIS, Factor:THREE, State:OPEN, leaderId:0f049040-6e0c-4cd4-a487-c7f09e7e4ba1, CreationTimestamp2021-03-01T18:11:34.994Z]
2021-03-01 18:12:23,052 [EventQueue-StaleNodeForStaleNodeHandler] INFO  pipeline.PipelineStateManager (PipelineStateManager.java:finalizePipeline(121)) - Pipeline Pipeline[ Id: 6a91cd44-6d96-4d75-88f7-183949e5868d, Nodes: 0f049040-6e0c-4cd4-a487-c7f09e7e4ba1{ip: 172.17.0.2, host: 83787af071e2, ports: [REPLICATION=39923, RATIS=45527, RATIS_ADMIN=45527, RATIS_SERVER=45527, STANDALONE=32999], networkLocation: /default-rack, certSerialId: null, persistedOpState: IN_SERVICE, persistedOpStateExpiryEpochSec: 0}a5a3f093-0768-4d4b-b08f-053c130678b3{ip: 172.17.0.2, host: 83787af071e2, ports: [REPLICATION=35041, RATIS=40499, RATIS_ADMIN=40499, RATIS_SERVER=40499, STANDALONE=42875], networkLocation: /default-rack, certSerialId: null, persistedOpState: IN_SERVICE, persistedOpStateExpiryEpochSec: 0}f258d114-ea47-4d12-8964-639f425ab8d0{ip: 172.17.0.2, host: 83787af071e2, ports: [REPLICATION=37693, RATIS=45265, RATIS_ADMIN=45265, RATIS_SERVER=45265, STANDALONE=34123], networkLocation: /default-rack, certSerialId: null, persistedOpState: IN_SERVICE, persistedOpStateExpiryEpochSec: 0}, Type:RATIS, Factor:THREE, State:CLOSED, leaderId:0f049040-6e0c-4cd4-a487-c7f09e7e4ba1, CreationTimestamp2021-03-01T18:11:34.994Z] moved to CLOSED state
2021-03-01 18:12:23,053 [EventQueue-StaleNodeForStaleNodeHandler] INFO  pipeline.SCMPipelineManager (SCMPipelineManager.java:finalizeAndDestroyPipeline(483)) - Destroying pipeline:Pipeline[ Id: da80ac3f-35d5-4acd-b79a-617fbae04f80, Nodes: f258d114-ea47-4d12-8964-639f425ab8d0{ip: 172.17.0.2, host: 83787af071e2, ports: [REPLICATION=37693, RATIS=45265, RATIS_ADMIN=45265, RATIS_SERVER=45265, STANDALONE=34123], networkLocation: /default-rack, certSerialId: null, persistedOpState: IN_SERVICE, persistedOpStateExpiryEpochSec: 0}0f049040-6e0c-4cd4-a487-c7f09e7e4ba1{ip: 172.17.0.2, host: 83787af071e2, ports: [REPLICATION=39923, RATIS=45527, RATIS_ADMIN=45527, RATIS_SERVER=45527, STANDALONE=32999], networkLocation: /default-rack, certSerialId: null, persistedOpState: IN_SERVICE, persistedOpStateExpiryEpochSec: 0}a5a3f093-0768-4d4b-b08f-053c130678b3{ip: 172.17.0.2, host: 83787af071e2, ports: [REPLICATION=35041, RATIS=40499, RATIS_ADMIN=40499, RATIS_SERVER=40499, STANDALONE=42875], networkLocation: /default-rack, certSerialId: null, persistedOpState: IN_SERVICE, persistedOpStateExpiryEpochSec: 0}, Type:RATIS, Factor:THREE, State:OPEN, leaderId:f258d114-ea47-4d12-8964-639f425ab8d0, CreationTimestamp2021-03-01T18:11:34.995Z]
2021-03-01 18:12:23,054 [EventQueue-StaleNodeForStaleNodeHandler] INFO  pipeline.PipelineStateManager (PipelineStateManager.java:finalizePipeline(121)) - Pipeline Pipeline[ Id: da80ac3f-35d5-4acd-b79a-617fbae04f80, Nodes: f258d114-ea47-4d12-8964-639f425ab8d0{ip: 172.17.0.2, host: 83787af071e2, ports: [REPLICATION=37693, RATIS=45265, RATIS_ADMIN=45265, RATIS_SERVER=45265, STANDALONE=34123], networkLocation: /default-rack, certSerialId: null, persistedOpState: IN_SERVICE, persistedOpStateExpiryEpochSec: 0}0f049040-6e0c-4cd4-a487-c7f09e7e4ba1{ip: 172.17.0.2, host: 83787af071e2, ports: [REPLICATION=39923, RATIS=45527, RATIS_ADMIN=45527, RATIS_SERVER=45527, STANDALONE=32999], networkLocation: /default-rack, certSerialId: null, persistedOpState: IN_SERVICE, persistedOpStateExpiryEpochSec: 0}a5a3f093-0768-4d4b-b08f-053c130678b3{ip: 172.17.0.2, host: 83787af071e2, ports: [REPLICATION=35041, RATIS=40499, RATIS_ADMIN=40499, RATIS_SERVER=40499, STANDALONE=42875], networkLocation: /default-rack, certSerialId: null, persistedOpState: IN_SERVICE, persistedOpStateExpiryEpochSec: 0}, Type:RATIS, Factor:THREE, State:CLOSED, leaderId:f258d114-ea47-4d12-8964-639f425ab8d0, CreationTimestamp2021-03-01T18:11:34.995Z] moved to CLOSED state
2021-03-01 18:12:23,055 [EventQueue-StaleNodeForStaleNodeHandler] INFO  pipeline.SCMPipelineManager (SCMPipelineManager.java:finalizeAndDestroyPipeline(483)) - Destroying pipeline:Pipeline[ Id: 625e2d19-b980-4c0a-8209-c1d2d21887d4, Nodes: f258d114-ea47-4d12-8964-639f425ab8d0{ip: 172.17.0.2, host: 83787af071e2, ports: [REPLICATION=37693, RATIS=45265, RATIS_ADMIN=45265, RATIS_SERVER=45265, STANDALONE=34123], networkLocation: /default-rack, certSerialId: null, persistedOpState: IN_SERVICE, persistedOpStateExpiryEpochSec: 0}, Type:RATIS, Factor:ONE, State:OPEN, leaderId:f258d114-ea47-4d12-8964-639f425ab8d0, CreationTimestamp2021-03-01T18:11:34.809Z]
2021-03-01 18:12:23,055 [EventQueue-StaleNodeForStaleNodeHandler] INFO  pipeline.PipelineStateManager (PipelineStateManager.java:finalizePipeline(121)) - Pipeline Pipeline[ Id: 625e2d19-b980-4c0a-8209-c1d2d21887d4, Nodes: f258d114-ea47-4d12-8964-639f425ab8d0{ip: 172.17.0.2, host: 83787af071e2, ports: [REPLICATION=37693, RATIS=45265, RATIS_ADMIN=45265, RATIS_SERVER=45265, STANDALONE=34123], networkLocation: /default-rack, certSerialId: null, persistedOpState: IN_SERVICE, persistedOpStateExpiryEpochSec: 0}, Type:RATIS, Factor:ONE, State:CLOSED, leaderId:f258d114-ea47-4d12-8964-639f425ab8d0, CreationTimestamp2021-03-01T18:11:34.809Z] moved to CLOSED state
2021-03-01 18:12:23,056 [EventQueue-StaleNodeForStaleNodeHandler] INFO  pipeline.SCMPipelineManager (SCMPipelineManager.java:finalizeAndDestroyPipeline(483)) - Destroying pipeline:Pipeline[ Id: d7d51450-7844-4544-a5b2-56e890c13fb3, Nodes: 0f049040-6e0c-4cd4-a487-c7f09e7e4ba1{ip: 172.17.0.2, host: 83787af071e2, ports: [REPLICATION=39923, RATIS=45527, RATIS_ADMIN=45527, RATIS_SERVER=45527, STANDALONE=32999], networkLocation: /default-rack, certSerialId: null, persistedOpState: IN_SERVICE, persistedOpStateExpiryEpochSec: 0}a5a3f093-0768-4d4b-b08f-053c130678b3{ip: 172.17.0.2, host: 83787af071e2, ports: [REPLICATION=35041, RATIS=40499, RATIS_ADMIN=40499, RATIS_SERVER=40499, STANDALONE=42875], networkLocation: /default-rack, certSerialId: null, persistedOpState: IN_SERVICE, persistedOpStateExpiryEpochSec: 0}f258d114-ea47-4d12-8964-639f425ab8d0{ip: 172.17.0.2, host: 83787af071e2, ports: [REPLICATION=37693, RATIS=45265, RATIS_ADMIN=45265, RATIS_SERVER=45265, STANDALONE=34123], networkLocation: /default-rack, certSerialId: null, persistedOpState: IN_SERVICE, persistedOpStateExpiryEpochSec: 0}, Type:RATIS, Factor:THREE, State:OPEN, leaderId:a5a3f093-0768-4d4b-b08f-053c130678b3, CreationTimestamp2021-03-01T18:11:34.994Z]
2021-03-01 18:12:23,056 [EventQueue-StaleNodeForStaleNodeHandler] INFO  pipeline.PipelineStateManager (PipelineStateManager.java:finalizePipeline(121)) - Pipeline Pipeline[ Id: d7d51450-7844-4544-a5b2-56e890c13fb3, Nodes: 0f049040-6e0c-4cd4-a487-c7f09e7e4ba1{ip: 172.17.0.2, host: 83787af071e2, ports: [REPLICATION=39923, RATIS=45527, RATIS_ADMIN=45527, RATIS_SERVER=45527, STANDALONE=32999], networkLocation: /default-rack, certSerialId: null, persistedOpState: IN_SERVICE, persistedOpStateExpiryEpochSec: 0}a5a3f093-0768-4d4b-b08f-053c130678b3{ip: 172.17.0.2, host: 83787af071e2, ports: [REPLICATION=35041, RATIS=40499, RATIS_ADMIN=40499, RATIS_SERVER=40499, STANDALONE=42875], networkLocation: /default-rack, certSerialId: null, persistedOpState: IN_SERVICE, persistedOpStateExpiryEpochSec: 0}f258d114-ea47-4d12-8964-639f425ab8d0{ip: 172.17.0.2, host: 83787af071e2, ports: [REPLICATION=37693, RATIS=45265, RATIS_ADMIN=45265, RATIS_SERVER=45265, STANDALONE=34123], networkLocation: /default-rack, certSerialId: null, persistedOpState: IN_SERVICE, persistedOpStateExpiryEpochSec: 0}, Type:RATIS, Factor:THREE, State:CLOSED, leaderId:a5a3f093-0768-4d4b-b08f-053c130678b3, CreationTimestamp2021-03-01T18:11:34.994Z] moved to CLOSED state
2021-03-01 18:12:23,057 [EventQueue-CloseContainerForCloseContainerEventHandler] INFO  container.CloseContainerEventHandler (CloseContainerEventHandler.java:onMessage(61)) - Close container Event triggered for container : #1
2021-03-01 18:12:23,357 [grpc-default-executor-3] WARN  server.GrpcLogAppender (LogUtils.java:warn(122)) - 0f049040-6e0c-4cd4-a487-c7f09e7e4ba1@group-183949E5868D->f258d114-ea47-4d12-8964-639f425ab8d0-AppendLogResponseHandler: Failed appendEntries: org.apache.ratis.thirdparty.io.grpc.StatusRuntimeException: UNAVAILABLE: io exception
2021-03-01 18:12:23,357 [grpc-default-executor-3] WARN  server.GrpcLogAppender (GrpcLogAppender.java:resetClient(111)) - 0f049040-6e0c-4cd4-a487-c7f09e7e4ba1@group-183949E5868D->f258d114-ea47-4d12-8964-639f425ab8d0-GrpcLogAppender: Leader has not got in touch with Follower 0f049040-6e0c-4cd4-a487-c7f09e7e4ba1@group-183949E5868D->f258d114-ea47-4d12-8964-639f425ab8d0(c0,m0,n1, attendVote=true, lastRpcSendTime=0, lastRpcResponseTime=5007) yet, just keep nextIndex unchanged and retry.
2021-03-01 18:12:23,487 [grpc-default-executor-3] WARN  server.GrpcLogAppender (LogUtils.java:warn(122)) - ca5fd955-873f-4bac-9f2a-538d93af5c77@group-1C1384E55287->a7136ecb-4465-4bae-b158-9cfc61718915-AppendLogResponseHandler: Failed appendEntries: org.apache.ratis.thirdparty.io.grpc.StatusRuntimeException: UNAVAILABLE: io exception
2021-03-01 18:12:23,487 [grpc-default-executor-3] WARN  server.GrpcLogAppender (GrpcLogAppender.java:resetClient(111)) - ca5fd955-873f-4bac-9f2a-538d93af5c77@group-1C1384E55287->a7136ecb-4465-4bae-b158-9cfc61718915-GrpcLogAppender: Leader has not got in touch with Follower ca5fd955-873f-4bac-9f2a-538d93af5c77@group-1C1384E55287->a7136ecb-4465-4bae-b158-9cfc61718915(c0,m0,n1, attendVote=true, lastRpcSendTime=2503, lastRpcResponseTime=5009) yet, just keep nextIndex unchanged and retry.
2021-03-01 18:12:23,551 [Thread-4744] INFO  impl.FollowerState (FollowerState.java:run(133)) - a5a3f093-0768-4d4b-b08f-053c130678b3@group-56E890C13FB3-FollowerState: change to CANDIDATE, lastRpcElapsedTime:5143235308ns, electionTimeout:5142ms
2021-03-01 18:12:23,551 [Thread-4744] INFO  impl.RoleInfo (RoleInfo.java:shutdownFollowerState(108)) - a5a3f093-0768-4d4b-b08f-053c130678b3: shutdown a5a3f093-0768-4d4b-b08f-053c130678b3@group-56E890C13FB3-FollowerState
2021-03-01 18:12:23,551 [Thread-4744] INFO  server.RaftServer$Division (RaftServerImpl.java:setRole(284)) - a5a3f093-0768-4d4b-b08f-053c130678b3@group-56E890C13FB3: changes role from  FOLLOWER to CANDIDATE at term 9 for changeToCandidate
2021-03-01 18:12:23,552 [Thread-4744] INFO  server.RaftServerConfigKeys (ConfUtils.java:logGet(44)) - raft.server.leaderelection.pre-vote = false (custom)
2021-03-01 18:12:23,552 [Thread-4744] INFO  impl.RoleInfo (RoleInfo.java:updateAndGet(130)) - a5a3f093-0768-4d4b-b08f-053c130678b3: start a5a3f093-0768-4d4b-b08f-053c130678b3@group-56E890C13FB3-LeaderElection227
2021-03-01 18:12:23,559 [a5a3f093-0768-4d4b-b08f-053c130678b3@group-56E890C13FB3-LeaderElection227] INFO  impl.LeaderElection (LeaderElection.java:askForVotes(307)) - a5a3f093-0768-4d4b-b08f-053c130678b3@group-56E890C13FB3-LeaderElection227 ELECTION round 0: submit vote requests at term 10 for 0: [f258d114-ea47-4d12-8964-639f425ab8d0|rpc:172.17.0.2:45265|dataStream:|priority:0, a5a3f093-0768-4d4b-b08f-053c130678b3|rpc:172.17.0.2:40499|dataStream:|priority:1, 0f049040-6e0c-4cd4-a487-c7f09e7e4ba1|rpc:172.17.0.2:45527|dataStream:|priority:0], old=null
2021-03-01 18:12:23,567 [Thread-4549] INFO  impl.FollowerState (FollowerState.java:run(133)) - 0f049040-6e0c-4cd4-a487-c7f09e7e4ba1@group-617FBAE04F80-FollowerState: change to CANDIDATE, lastRpcElapsedTime:5233313150ns, electionTimeout:5126ms
2021-03-01 18:12:23,567 [Thread-4549] INFO  impl.RoleInfo (RoleInfo.java:shutdownFollowerState(108)) - 0f049040-6e0c-4cd4-a487-c7f09e7e4ba1: shutdown 0f049040-6e0c-4cd4-a487-c7f09e7e4ba1@group-617FBAE04F80-FollowerState
2021-03-01 18:12:23,567 [Thread-4549] INFO  server.RaftServer$Division (RaftServerImpl.java:setRole(284)) - 0f049040-6e0c-4cd4-a487-c7f09e7e4ba1@group-617FBAE04F80: changes role from  FOLLOWER to CANDIDATE at term 3 for changeToCandidate
2021-03-01 18:12:23,576 [Thread-4549] INFO  server.RaftServerConfigKeys (ConfUtils.java:logGet(44)) - raft.server.leaderelection.pre-vote = false (custom)
2021-03-01 18:12:23,576 [Thread-4549] INFO  impl.RoleInfo (RoleInfo.java:updateAndGet(130)) - 0f049040-6e0c-4cd4-a487-c7f09e7e4ba1: start 0f049040-6e0c-4cd4-a487-c7f09e7e4ba1@group-617FBAE04F80-LeaderElection228
2021-03-01 18:12:23,577 [grpc-default-executor-3] INFO  server.RaftServer$Division (RaftServerImpl.java:requestVote(1025)) - 0f049040-6e0c-4cd4-a487-c7f09e7e4ba1@group-56E890C13FB3: receive requestVote(ELECTION, a5a3f093-0768-4d4b-b08f-053c130678b3, group-56E890C13FB3, 10, (t:1, i:0))
2021-03-01 18:12:23,577 [grpc-default-executor-3] INFO  impl.VoteContext (VoteContext.java:log(48)) - 0f049040-6e0c-4cd4-a487-c7f09e7e4ba1@group-56E890C13FB3-FOLLOWER: accept ELECTION from a5a3f093-0768-4d4b-b08f-053c130678b3: our last entry null < candidate's last entry (t:1, i:0)
2021-03-01 18:12:23,577 [grpc-default-executor-3] INFO  server.RaftServer$Division (RaftServerImpl.java:setRole(284)) - 0f049040-6e0c-4cd4-a487-c7f09e7e4ba1@group-56E890C13FB3: changes role from  FOLLOWER to FOLLOWER at term 10 for candidate:a5a3f093-0768-4d4b-b08f-053c130678b3
2021-03-01 18:12:23,577 [grpc-default-executor-3] INFO  impl.RoleInfo (RoleInfo.java:shutdownFollowerState(108)) - 0f049040-6e0c-4cd4-a487-c7f09e7e4ba1: shutdown 0f049040-6e0c-4cd4-a487-c7f09e7e4ba1@group-56E890C13FB3-FollowerState
2021-03-01 18:12:23,580 [grpc-default-executor-3] INFO  impl.RoleInfo (RoleInfo.java:updateAndGet(130)) - 0f049040-6e0c-4cd4-a487-c7f09e7e4ba1: start 0f049040-6e0c-4cd4-a487-c7f09e7e4ba1@group-56E890C13FB3-FollowerState
2021-03-01 18:12:23,580 [Thread-4745] INFO  impl.FollowerState (FollowerState.java:run(142)) - 0f049040-6e0c-4cd4-a487-c7f09e7e4ba1@group-56E890C13FB3-FollowerState was interrupted: {}
java.lang.InterruptedException: sleep interrupted
	at java.lang.Thread.sleep(Native Method)
	at java.lang.Thread.sleep(Thread.java:340)
	at java.util.concurrent.TimeUnit.sleep(TimeUnit.java:386)
	at org.apache.ratis.util.TimeDuration.sleep(TimeDuration.java:324)
	at org.apache.ratis.util.TimeDuration.sleep(TimeDuration.java:309)
	at org.apache.ratis.server.impl.FollowerState.run(FollowerState.java:117)
2021-03-01 18:12:23,580 [0f049040-6e0c-4cd4-a487-c7f09e7e4ba1@group-617FBAE04F80-LeaderElection228] INFO  server.RaftServer$Division (ServerState.java:setLeader(271)) - 0f049040-6e0c-4cd4-a487-c7f09e7e4ba1@group-617FBAE04F80: change Leader from f258d114-ea47-4d12-8964-639f425ab8d0 to null at term 3 for ELECTION
2021-03-01 18:12:23,581 [0f049040-6e0c-4cd4-a487-c7f09e7e4ba1@group-617FBAE04F80-LeaderElection228] INFO  impl.LeaderElection (LeaderElection.java:askForVotes(307)) - 0f049040-6e0c-4cd4-a487-c7f09e7e4ba1@group-617FBAE04F80-LeaderElection228 ELECTION round 0: submit vote requests at term 4 for 0: [f258d114-ea47-4d12-8964-639f425ab8d0|rpc:172.17.0.2:45265|dataStream:|priority:1, a5a3f093-0768-4d4b-b08f-053c130678b3|rpc:172.17.0.2:40499|dataStream:|priority:0, 0f049040-6e0c-4cd4-a487-c7f09e7e4ba1|rpc:172.17.0.2:45527|dataStream:|priority:0], old=null
2021-03-01 18:12:23,587 [a5a3f093-0768-4d4b-b08f-053c130678b3@group-56E890C13FB3-LeaderElection227] INFO  impl.LeaderElection (LogUtils.java:infoOrTrace(137)) - a5a3f093-0768-4d4b-b08f-053c130678b3@group-56E890C13FB3-LeaderElection227 got exception when requesting votes: java.util.concurrent.ExecutionException: org.apache.ratis.thirdparty.io.grpc.StatusRuntimeException: UNAVAILABLE: io exception
2021-03-01 18:12:23,587 [grpc-default-executor-3] INFO  server.RaftServer$Division (RaftServerImpl.java:requestVote(1057)) - 0f049040-6e0c-4cd4-a487-c7f09e7e4ba1@group-56E890C13FB3 replies to ELECTION vote request: a5a3f093-0768-4d4b-b08f-053c130678b3<-0f049040-6e0c-4cd4-a487-c7f09e7e4ba1#0:OK-t10. Peer's state: 0f049040-6e0c-4cd4-a487-c7f09e7e4ba1@group-56E890C13FB3:t10, leader=null, voted=a5a3f093-0768-4d4b-b08f-053c130678b3, raftlog=0f049040-6e0c-4cd4-a487-c7f09e7e4ba1@group-56E890C13FB3-SegmentedRaftLog:OPENED:c-1,f-1,i0, conf=-1: [f258d114-ea47-4d12-8964-639f425ab8d0|rpc:172.17.0.2:45265|priority:0, a5a3f093-0768-4d4b-b08f-053c130678b3|rpc:172.17.0.2:40499|priority:1, 0f049040-6e0c-4cd4-a487-c7f09e7e4ba1|rpc:172.17.0.2:45527|priority:0], old=null
2021-03-01 18:12:23,593 [a5a3f093-0768-4d4b-b08f-053c130678b3@group-56E890C13FB3-LeaderElection227] INFO  impl.LeaderElection (LeaderElection.java:logAndReturn(89)) - a5a3f093-0768-4d4b-b08f-053c130678b3@group-56E890C13FB3-LeaderElection227: ELECTION PASSED received 1 response(s) and 1 exception(s):
2021-03-01 18:12:23,593 [a5a3f093-0768-4d4b-b08f-053c130678b3@group-56E890C13FB3-LeaderElection227] INFO  impl.LeaderElection (LeaderElection.java:logAndReturn(93)) -   Response 0: a5a3f093-0768-4d4b-b08f-053c130678b3<-0f049040-6e0c-4cd4-a487-c7f09e7e4ba1#0:OK-t10
2021-03-01 18:12:23,593 [a5a3f093-0768-4d4b-b08f-053c130678b3@group-56E890C13FB3-LeaderElection227] INFO  impl.LeaderElection (LogUtils.java:infoOrTrace(137)) -   Exception 1: java.util.concurrent.ExecutionException: org.apache.ratis.thirdparty.io.grpc.StatusRuntimeException: UNAVAILABLE: io exception
2021-03-01 18:12:23,602 [a5a3f093-0768-4d4b-b08f-053c130678b3@group-56E890C13FB3-LeaderElection227] INFO  impl.LeaderElection (LeaderElection.java:askForVotes(309)) - a5a3f093-0768-4d4b-b08f-053c130678b3@group-56E890C13FB3-LeaderElection227 ELECTION round 0: result PASSED
2021-03-01 18:12:23,602 [0f049040-6e0c-4cd4-a487-c7f09e7e4ba1@group-617FBAE04F80-LeaderElection228] INFO  impl.LeaderElection (LogUtils.java:infoOrTrace(137)) - 0f049040-6e0c-4cd4-a487-c7f09e7e4ba1@group-617FBAE04F80-LeaderElection228 got exception when requesting votes: java.util.concurrent.ExecutionException: org.apache.ratis.thirdparty.io.grpc.StatusRuntimeException: UNAVAILABLE: io exception
2021-03-01 18:12:23,602 [a5a3f093-0768-4d4b-b08f-053c130678b3@group-56E890C13FB3-LeaderElection227] INFO  impl.RoleInfo (RoleInfo.java:shutdownLeaderElection(121)) - a5a3f093-0768-4d4b-b08f-053c130678b3: shutdown a5a3f093-0768-4d4b-b08f-053c130678b3@group-56E890C13FB3-LeaderElection227
2021-03-01 18:12:23,602 [a5a3f093-0768-4d4b-b08f-053c130678b3@group-56E890C13FB3-LeaderElection227] INFO  server.RaftServer$Division (RaftServerImpl.java:setRole(284)) - a5a3f093-0768-4d4b-b08f-053c130678b3@group-56E890C13FB3: changes role from CANDIDATE to LEADER at term 10 for changeToLeader
2021-03-01 18:12:23,603 [a5a3f093-0768-4d4b-b08f-053c130678b3@group-56E890C13FB3-LeaderElection227] INFO  ratis.XceiverServerRatis (XceiverServerRatis.java:handleLeaderChangedNotification(899)) - Leader change notification received for group: group-56E890C13FB3 with new leaderId: a5a3f093-0768-4d4b-b08f-053c130678b3
2021-03-01 18:12:23,603 [a5a3f093-0768-4d4b-b08f-053c130678b3@group-56E890C13FB3-LeaderElection227] INFO  server.RaftServer$Division (ServerState.java:setLeader(271)) - a5a3f093-0768-4d4b-b08f-053c130678b3@group-56E890C13FB3: change Leader from null to a5a3f093-0768-4d4b-b08f-053c130678b3 at term 10 for becomeLeader, leader elected after 40770ms
2021-03-01 18:12:23,603 [a5a3f093-0768-4d4b-b08f-053c130678b3@group-56E890C13FB3-LeaderElection227] INFO  server.RaftServerConfigKeys (ConfUtils.java:logGet(44)) - raft.server.staging.catchup.gap = 1000 (default)
2021-03-01 18:12:23,603 [a5a3f093-0768-4d4b-b08f-053c130678b3@group-56E890C13FB3-LeaderElection227] INFO  metrics.RatisMetrics (RatisMetrics.java:lambda$create$0(36)) - Creating Metrics Registry : ratis.log_appender.a5a3f093-0768-4d4b-b08f-053c130678b3@group-56E890C13FB3
2021-03-01 18:12:23,603 [a5a3f093-0768-4d4b-b08f-053c130678b3@group-56E890C13FB3-LeaderElection227] INFO  server.RaftServerConfigKeys (ConfUtils.java:logGet(44)) - raft.server.write.element-limit = 1024 (custom)
2021-03-01 18:12:23,603 [a5a3f093-0768-4d4b-b08f-053c130678b3@group-56E890C13FB3-LeaderElection227] INFO  server.RaftServerConfigKeys (ConfUtils.java:logGet(44)) - raft.server.write.byte-limit = 1073741824 (custom)
2021-03-01 18:12:23,604 [a5a3f093-0768-4d4b-b08f-053c130678b3@group-56E890C13FB3-LeaderElection227] INFO  server.RaftServerConfigKeys (ConfUtils.java:logGet(44)) - raft.server.watch.timeout = 3000ms (custom)
2021-03-01 18:12:23,604 [a5a3f093-0768-4d4b-b08f-053c130678b3@group-56E890C13FB3-LeaderElection227] INFO  server.RaftServerConfigKeys (ConfUtils.java:logGet(44)) - raft.server.watch.timeout.denomination = 1s (default)
2021-03-01 18:12:23,604 [a5a3f093-0768-4d4b-b08f-053c130678b3@group-56E890C13FB3-LeaderElection227] INFO  server.RaftServerConfigKeys (ConfUtils.java:logGet(44)) - raft.server.watch.element-limit = 65536 (default)
2021-03-01 18:12:23,604 [a5a3f093-0768-4d4b-b08f-053c130678b3@group-56E890C13FB3-LeaderElection227] INFO  server.RaftServerConfigKeys (ConfUtils.java:logGet(44)) - raft.server.log.appender.snapshot.chunk.size.max = 16MB (=16777216) (default)
2021-03-01 18:12:23,604 [a5a3f093-0768-4d4b-b08f-053c130678b3@group-56E890C13FB3-LeaderElection227] INFO  server.RaftServerConfigKeys (ConfUtils.java:logGet(44)) - raft.server.log.appender.buffer.byte-limit = 33554432 (custom)
2021-03-01 18:12:23,604 [a5a3f093-0768-4d4b-b08f-053c130678b3@group-56E890C13FB3-LeaderElection227] INFO  server.RaftServerConfigKeys (ConfUtils.java:logGet(44)) - raft.server.log.appender.buffer.element-limit = 1 (custom)
2021-03-01 18:12:23,604 [a5a3f093-0768-4d4b-b08f-053c130678b3@group-56E890C13FB3-LeaderElection227] INFO  grpc.GrpcConfigKeys (ConfUtils.java:logGet(44)) - raft.grpc.server.leader.outstanding.appends.max = 128 (default)
2021-03-01 18:12:23,604 [a5a3f093-0768-4d4b-b08f-053c130678b3@group-56E890C13FB3-LeaderElection227] INFO  server.RaftServerConfigKeys (ConfUtils.java:logGet(44)) - raft.server.rpc.request.timeout = 3000ms (default)
2021-03-01 18:12:23,604 [a5a3f093-0768-4d4b-b08f-053c130678b3@group-56E890C13FB3-LeaderElection227] INFO  server.RaftServerConfigKeys (ConfUtils.java:logGet(44)) - raft.server.log.appender.install.snapshot.enabled = false (custom)
2021-03-01 18:12:23,604 [a5a3f093-0768-4d4b-b08f-053c130678b3@group-56E890C13FB3-LeaderElection227] INFO  metrics.RatisMetrics (RatisMetrics.java:lambda$create$0(36)) - Creating Metrics Registry : ratis_grpc.log_appender.a5a3f093-0768-4d4b-b08f-053c130678b3@group-56E890C13FB3
2021-03-01 18:12:23,606 [a5a3f093-0768-4d4b-b08f-053c130678b3@group-56E890C13FB3-LeaderElection227] INFO  server.RaftServerConfigKeys (ConfUtils.java:logGet(44)) - raft.server.log.appender.snapshot.chunk.size.max = 16MB (=16777216) (default)
2021-03-01 18:12:23,606 [a5a3f093-0768-4d4b-b08f-053c130678b3@group-56E890C13FB3-LeaderElection227] INFO  server.RaftServerConfigKeys (ConfUtils.java:logGet(44)) - raft.server.log.appender.buffer.byte-limit = 33554432 (custom)
2021-03-01 18:12:23,606 [a5a3f093-0768-4d4b-b08f-053c130678b3@group-56E890C13FB3-LeaderElection227] INFO  server.RaftServerConfigKeys (ConfUtils.java:logGet(44)) - raft.server.log.appender.buffer.element-limit = 1 (custom)
2021-03-01 18:12:23,606 [a5a3f093-0768-4d4b-b08f-053c130678b3@group-56E890C13FB3-LeaderElection227] INFO  grpc.GrpcConfigKeys (ConfUtils.java:logGet(44)) - raft.grpc.server.leader.outstanding.appends.max = 128 (default)
2021-03-01 18:12:23,606 [a5a3f093-0768-4d4b-b08f-053c130678b3@group-56E890C13FB3-LeaderElection227] INFO  server.RaftServerConfigKeys (ConfUtils.java:logGet(44)) - raft.server.rpc.request.timeout = 3000ms (default)
2021-03-01 18:12:23,606 [a5a3f093-0768-4d4b-b08f-053c130678b3@group-56E890C13FB3-LeaderElection227] INFO  server.RaftServerConfigKeys (ConfUtils.java:logGet(44)) - raft.server.log.appender.install.snapshot.enabled = false (custom)
2021-03-01 18:12:23,607 [grpc-default-executor-3] INFO  server.RaftServer$Division (RaftServerImpl.java:requestVote(1025)) - a5a3f093-0768-4d4b-b08f-053c130678b3@group-617FBAE04F80: receive requestVote(ELECTION, 0f049040-6e0c-4cd4-a487-c7f09e7e4ba1, group-617FBAE04F80, 4, (t:3, i:0))
2021-03-01 18:12:23,607 [grpc-default-executor-3] INFO  impl.VoteContext (VoteContext.java:log(48)) - a5a3f093-0768-4d4b-b08f-053c130678b3@group-617FBAE04F80-FOLLOWER: accept ELECTION from 0f049040-6e0c-4cd4-a487-c7f09e7e4ba1: our priority 0 <= candidate's priority 0
2021-03-01 18:12:23,607 [grpc-default-executor-3] INFO  server.RaftServer$Division (ServerState.java:setLeader(271)) - a5a3f093-0768-4d4b-b08f-053c130678b3@group-617FBAE04F80: change Leader from f258d114-ea47-4d12-8964-639f425ab8d0 to null at term 4 for updateCurrentTerm
2021-03-01 18:12:23,607 [grpc-default-executor-3] INFO  server.RaftServer$Division (RaftServerImpl.java:setRole(284)) - a5a3f093-0768-4d4b-b08f-053c130678b3@group-617FBAE04F80: changes role from  FOLLOWER to FOLLOWER at term 4 for candidate:0f049040-6e0c-4cd4-a487-c7f09e7e4ba1
2021-03-01 18:12:23,607 [grpc-default-executor-3] INFO  impl.RoleInfo (RoleInfo.java:shutdownFollowerState(108)) - a5a3f093-0768-4d4b-b08f-053c130678b3: shutdown a5a3f093-0768-4d4b-b08f-053c130678b3@group-617FBAE04F80-FollowerState
2021-03-01 18:12:23,607 [grpc-default-executor-3] INFO  impl.RoleInfo (RoleInfo.java:updateAndGet(130)) - a5a3f093-0768-4d4b-b08f-053c130678b3: start a5a3f093-0768-4d4b-b08f-053c130678b3@group-617FBAE04F80-FollowerState
2021-03-01 18:12:23,608 [Thread-4548] INFO  impl.FollowerState (FollowerState.java:run(142)) - a5a3f093-0768-4d4b-b08f-053c130678b3@group-617FBAE04F80-FollowerState was interrupted: {}
java.lang.InterruptedException: sleep interrupted
	at java.lang.Thread.sleep(Native Method)
	at java.lang.Thread.sleep(Thread.java:340)
	at java.util.concurrent.TimeUnit.sleep(TimeUnit.java:386)
	at org.apache.ratis.util.TimeDuration.sleep(TimeDuration.java:324)
	at org.apache.ratis.util.TimeDuration.sleep(TimeDuration.java:309)
	at org.apache.ratis.server.impl.FollowerState.run(FollowerState.java:117)
2021-03-01 18:12:23,608 [a5a3f093-0768-4d4b-b08f-053c130678b3@group-56E890C13FB3-LeaderElection227] INFO  impl.RoleInfo (RoleInfo.java:updateAndGet(130)) - a5a3f093-0768-4d4b-b08f-053c130678b3: start a5a3f093-0768-4d4b-b08f-053c130678b3@group-56E890C13FB3-LeaderStateImpl
2021-03-01 18:12:23,609 [a5a3f093-0768-4d4b-b08f-053c130678b3@group-56E890C13FB3-LeaderElection227] INFO  segmented.SegmentedRaftLogWorker (SegmentedRaftLogWorker.java:rollLogSegment(397)) - a5a3f093-0768-4d4b-b08f-053c130678b3@group-56E890C13FB3-SegmentedRaftLogWorker: Rolling segment log-0_0 to index:0
2021-03-01 18:12:23,609 [a5a3f093-0768-4d4b-b08f-053c130678b3@group-56E890C13FB3-SegmentedRaftLogWorker] INFO  segmented.SegmentedRaftLogWorker (SegmentedRaftLogWorker.java:execute(556)) - a5a3f093-0768-4d4b-b08f-053c130678b3@group-56E890C13FB3-SegmentedRaftLogWorker: Rolled log segment from /github/workspace/mnt/ozone/hadoop-ozone/integration-test/target/test-dir/MiniOzoneClusterImpl-5b5774a2-bf3c-4723-a113-e238e3f8131c/datanode-2/data/ratis/d7d51450-7844-4544-a5b2-56e890c13fb3/current/log_inprogress_0 to /github/workspace/mnt/ozone/hadoop-ozone/integration-test/target/test-dir/MiniOzoneClusterImpl-5b5774a2-bf3c-4723-a113-e238e3f8131c/datanode-2/data/ratis/d7d51450-7844-4544-a5b2-56e890c13fb3/current/log_0-0
2021-03-01 18:12:23,611 [a5a3f093-0768-4d4b-b08f-053c130678b3@group-56E890C13FB3-SegmentedRaftLogWorker] INFO  segmented.SegmentedRaftLogWorker (SegmentedRaftLogWorker.java:execute(599)) - a5a3f093-0768-4d4b-b08f-053c130678b3@group-56E890C13FB3-SegmentedRaftLogWorker: created new log segment /github/workspace/mnt/ozone/hadoop-ozone/integration-test/target/test-dir/MiniOzoneClusterImpl-5b5774a2-bf3c-4723-a113-e238e3f8131c/datanode-2/data/ratis/d7d51450-7844-4544-a5b2-56e890c13fb3/current/log_inprogress_1
2021-03-01 18:12:23,619 [grpc-default-executor-3] INFO  server.RaftServer$Division (RaftServerImpl.java:requestVote(1057)) - a5a3f093-0768-4d4b-b08f-053c130678b3@group-617FBAE04F80 replies to ELECTION vote request: 0f049040-6e0c-4cd4-a487-c7f09e7e4ba1<-a5a3f093-0768-4d4b-b08f-053c130678b3#0:OK-t4. Peer's state: a5a3f093-0768-4d4b-b08f-053c130678b3@group-617FBAE04F80:t4, leader=null, voted=0f049040-6e0c-4cd4-a487-c7f09e7e4ba1, raftlog=a5a3f093-0768-4d4b-b08f-053c130678b3@group-617FBAE04F80-SegmentedRaftLog:OPENED:c0,f0,i0, conf=0: [f258d114-ea47-4d12-8964-639f425ab8d0|rpc:172.17.0.2:45265|dataStream:|priority:1, a5a3f093-0768-4d4b-b08f-053c130678b3|rpc:172.17.0.2:40499|dataStream:|priority:0, 0f049040-6e0c-4cd4-a487-c7f09e7e4ba1|rpc:172.17.0.2:45527|dataStream:|priority:0], old=null
2021-03-01 18:12:23,627 [grpc-default-executor-3] WARN  server.GrpcLogAppender (LogUtils.java:warn(122)) - a5a3f093-0768-4d4b-b08f-053c130678b3@group-56E890C13FB3->f258d114-ea47-4d12-8964-639f425ab8d0-AppendLogResponseHandler: Failed appendEntries: org.apache.ratis.thirdparty.io.grpc.StatusRuntimeException: UNAVAILABLE: io exception
2021-03-01 18:12:23,631 [a5a3f093-0768-4d4b-b08f-053c130678b3@group-56E890C13FB3-LeaderElection227] INFO  server.RaftServer$Division (ServerState.java:setRaftConf(373)) - a5a3f093-0768-4d4b-b08f-053c130678b3@group-56E890C13FB3: set configuration 1: [f258d114-ea47-4d12-8964-639f425ab8d0|rpc:172.17.0.2:45265|dataStream:|priority:0, a5a3f093-0768-4d4b-b08f-053c130678b3|rpc:172.17.0.2:40499|dataStream:|priority:1, 0f049040-6e0c-4cd4-a487-c7f09e7e4ba1|rpc:172.17.0.2:45527|dataStream:|priority:0], old=null
2021-03-01 18:12:23,639 [grpc-default-executor-3] WARN  server.GrpcLogAppender (GrpcLogAppender.java:resetClient(111)) - a5a3f093-0768-4d4b-b08f-053c130678b3@group-56E890C13FB3->f258d114-ea47-4d12-8964-639f425ab8d0-GrpcLogAppender: Leader has not got in touch with Follower a5a3f093-0768-4d4b-b08f-053c130678b3@group-56E890C13FB3->f258d114-ea47-4d12-8964-639f425ab8d0(c-1,m0,n2, attendVote=true, lastRpcSendTime=10, lastRpcResponseTime=5234) yet, just keep nextIndex unchanged and retry.
2021-03-01 18:12:23,643 [0f049040-6e0c-4cd4-a487-c7f09e7e4ba1@group-617FBAE04F80-LeaderElection228] INFO  impl.LeaderElection (LeaderElection.java:logAndReturn(89)) - 0f049040-6e0c-4cd4-a487-c7f09e7e4ba1@group-617FBAE04F80-LeaderElection228: ELECTION PASSED received 1 response(s) and 1 exception(s):
2021-03-01 18:12:23,643 [0f049040-6e0c-4cd4-a487-c7f09e7e4ba1@group-617FBAE04F80-LeaderElection228] INFO  impl.LeaderElection (LeaderElection.java:logAndReturn(93)) -   Response 0: 0f049040-6e0c-4cd4-a487-c7f09e7e4ba1<-a5a3f093-0768-4d4b-b08f-053c130678b3#0:OK-t4
2021-03-01 18:12:23,643 [0f049040-6e0c-4cd4-a487-c7f09e7e4ba1@group-617FBAE04F80-LeaderElection228] INFO  impl.LeaderElection (LogUtils.java:infoOrTrace(137)) -   Exception 1: java.util.concurrent.ExecutionException: org.apache.ratis.thirdparty.io.grpc.StatusRuntimeException: UNAVAILABLE: io exception
2021-03-01 18:12:23,643 [0f049040-6e0c-4cd4-a487-c7f09e7e4ba1@group-617FBAE04F80-LeaderElection228] INFO  impl.LeaderElection (LeaderElection.java:askForVotes(309)) - 0f049040-6e0c-4cd4-a487-c7f09e7e4ba1@group-617FBAE04F80-LeaderElection228 ELECTION round 0: result PASSED
2021-03-01 18:12:23,643 [0f049040-6e0c-4cd4-a487-c7f09e7e4ba1@group-617FBAE04F80-LeaderElection228] INFO  impl.RoleInfo (RoleInfo.java:shutdownLeaderElection(121)) - 0f049040-6e0c-4cd4-a487-c7f09e7e4ba1: shutdown 0f049040-6e0c-4cd4-a487-c7f09e7e4ba1@group-617FBAE04F80-LeaderElection228
2021-03-01 18:12:23,643 [0f049040-6e0c-4cd4-a487-c7f09e7e4ba1@group-617FBAE04F80-LeaderElection228] INFO  server.RaftServer$Division (RaftServerImpl.java:setRole(284)) - 0f049040-6e0c-4cd4-a487-c7f09e7e4ba1@group-617FBAE04F80: changes role from CANDIDATE to LEADER at term 4 for changeToLeader
2021-03-01 18:12:23,643 [0f049040-6e0c-4cd4-a487-c7f09e7e4ba1@group-617FBAE04F80-LeaderElection228] INFO  ratis.XceiverServerRatis (XceiverServerRatis.java:handleLeaderChangedNotification(899)) - Leader change notification received for group: group-617FBAE04F80 with new leaderId: 0f049040-6e0c-4cd4-a487-c7f09e7e4ba1
2021-03-01 18:12:23,643 [0f049040-6e0c-4cd4-a487-c7f09e7e4ba1@group-617FBAE04F80-LeaderElection228] INFO  server.RaftServer$Division (ServerState.java:setLeader(271)) - 0f049040-6e0c-4cd4-a487-c7f09e7e4ba1@group-617FBAE04F80: change Leader from null to 0f049040-6e0c-4cd4-a487-c7f09e7e4ba1 at term 4 for becomeLeader, leader elected after 62ms
2021-03-01 18:12:23,643 [0f049040-6e0c-4cd4-a487-c7f09e7e4ba1@group-617FBAE04F80-LeaderElection228] INFO  server.RaftServerConfigKeys (ConfUtils.java:logGet(44)) - raft.server.staging.catchup.gap = 1000 (default)
2021-03-01 18:12:23,643 [0f049040-6e0c-4cd4-a487-c7f09e7e4ba1@group-617FBAE04F80-LeaderElection228] INFO  metrics.RatisMetrics (RatisMetrics.java:lambda$create$0(36)) - Creating Metrics Registry : ratis.log_appender.0f049040-6e0c-4cd4-a487-c7f09e7e4ba1@group-617FBAE04F80
2021-03-01 18:12:23,643 [0f049040-6e0c-4cd4-a487-c7f09e7e4ba1@group-617FBAE04F80-LeaderElection228] INFO  server.RaftServerConfigKeys (ConfUtils.java:logGet(44)) - raft.server.write.element-limit = 1024 (custom)
2021-03-01 18:12:23,643 [0f049040-6e0c-4cd4-a487-c7f09e7e4ba1@group-617FBAE04F80-LeaderElection228] INFO  server.RaftServerConfigKeys (ConfUtils.java:logGet(44)) - raft.server.write.byte-limit = 1073741824 (custom)
2021-03-01 18:12:23,644 [0f049040-6e0c-4cd4-a487-c7f09e7e4ba1@group-617FBAE04F80-LeaderElection228] INFO  server.RaftServerConfigKeys (ConfUtils.java:logGet(44)) - raft.server.watch.timeout = 3000ms (custom)
2021-03-01 18:12:23,644 [0f049040-6e0c-4cd4-a487-c7f09e7e4ba1@group-617FBAE04F80-LeaderElection228] INFO  server.RaftServerConfigKeys (ConfUtils.java:logGet(44)) - raft.server.watch.timeout.denomination = 1s (default)
2021-03-01 18:12:23,644 [0f049040-6e0c-4cd4-a487-c7f09e7e4ba1@group-617FBAE04F80-LeaderElection228] INFO  server.RaftServerConfigKeys (ConfUtils.java:logGet(44)) - raft.server.watch.element-limit = 65536 (default)
2021-03-01 18:12:23,644 [0f049040-6e0c-4cd4-a487-c7f09e7e4ba1@group-617FBAE04F80-LeaderElection228] INFO  server.RaftServerConfigKeys (ConfUtils.java:logGet(44)) - raft.server.log.appender.snapshot.chunk.size.max = 16MB (=16777216) (default)
2021-03-01 18:12:23,644 [0f049040-6e0c-4cd4-a487-c7f09e7e4ba1@group-617FBAE04F80-LeaderElection228] INFO  server.RaftServerConfigKeys (ConfUtils.java:logGet(44)) - raft.server.log.appender.buffer.byte-limit = 33554432 (custom)
2021-03-01 18:12:23,644 [0f049040-6e0c-4cd4-a487-c7f09e7e4ba1@group-617FBAE04F80-LeaderElection228] INFO  server.RaftServerConfigKeys (ConfUtils.java:logGet(44)) - raft.server.log.appender.buffer.element-limit = 1 (custom)
2021-03-01 18:12:23,644 [0f049040-6e0c-4cd4-a487-c7f09e7e4ba1@group-617FBAE04F80-LeaderElection228] INFO  grpc.GrpcConfigKeys (ConfUtils.java:logGet(44)) - raft.grpc.server.leader.outstanding.appends.max = 128 (default)
2021-03-01 18:12:23,644 [0f049040-6e0c-4cd4-a487-c7f09e7e4ba1@group-617FBAE04F80-LeaderElection228] INFO  server.RaftServerConfigKeys (ConfUtils.java:logGet(44)) - raft.server.rpc.request.timeout = 3000ms (default)
2021-03-01 18:12:23,644 [0f049040-6e0c-4cd4-a487-c7f09e7e4ba1@group-617FBAE04F80-LeaderElection228] INFO  server.RaftServerConfigKeys (ConfUtils.java:logGet(44)) - raft.server.log.appender.install.snapshot.enabled = false (custom)
2021-03-01 18:12:23,644 [0f049040-6e0c-4cd4-a487-c7f09e7e4ba1@group-617FBAE04F80-LeaderElection228] INFO  metrics.RatisMetrics (RatisMetrics.java:lambda$create$0(36)) - Creating Metrics Registry : ratis_grpc.log_appender.0f049040-6e0c-4cd4-a487-c7f09e7e4ba1@group-617FBAE04F80
2021-03-01 18:12:23,651 [0f049040-6e0c-4cd4-a487-c7f09e7e4ba1@group-617FBAE04F80-LeaderElection228] INFO  server.RaftServerConfigKeys (ConfUtils.java:logGet(44)) - raft.server.log.appender.snapshot.chunk.size.max = 16MB (=16777216) (default)
2021-03-01 18:12:23,652 [0f049040-6e0c-4cd4-a487-c7f09e7e4ba1@group-617FBAE04F80-LeaderElection228] INFO  server.RaftServerConfigKeys (ConfUtils.java:logGet(44)) - raft.server.log.appender.buffer.byte-limit = 33554432 (custom)
2021-03-01 18:12:23,653 [0f049040-6e0c-4cd4-a487-c7f09e7e4ba1@group-617FBAE04F80-LeaderElection228] INFO  server.RaftServerConfigKeys (ConfUtils.java:logGet(44)) - raft.server.log.appender.buffer.element-limit = 1 (custom)
2021-03-01 18:12:23,653 [0f049040-6e0c-4cd4-a487-c7f09e7e4ba1@group-617FBAE04F80-LeaderElection228] INFO  grpc.GrpcConfigKeys (ConfUtils.java:logGet(44)) - raft.grpc.server.leader.outstanding.appends.max = 128 (default)
2021-03-01 18:12:23,653 [0f049040-6e0c-4cd4-a487-c7f09e7e4ba1@group-617FBAE04F80-LeaderElection228] INFO  server.RaftServerConfigKeys (ConfUtils.java:logGet(44)) - raft.server.rpc.request.timeout = 3000ms (default)
2021-03-01 18:12:23,653 [0f049040-6e0c-4cd4-a487-c7f09e7e4ba1@group-617FBAE04F80-LeaderElection228] INFO  server.RaftServerConfigKeys (ConfUtils.java:logGet(44)) - raft.server.log.appender.install.snapshot.enabled = false (custom)
2021-03-01 18:12:23,655 [0f049040-6e0c-4cd4-a487-c7f09e7e4ba1@group-617FBAE04F80-LeaderElection228] INFO  impl.RoleInfo (RoleInfo.java:updateAndGet(130)) - 0f049040-6e0c-4cd4-a487-c7f09e7e4ba1: start 0f049040-6e0c-4cd4-a487-c7f09e7e4ba1@group-617FBAE04F80-LeaderStateImpl
2021-03-01 18:12:23,659 [grpc-default-executor-3] WARN  server.GrpcLogAppender (LogUtils.java:warn(122)) - b303f36a-f963-4721-9f7a-b5e9e54e4468@group-6F3B09D344DD->a7136ecb-4465-4bae-b158-9cfc61718915-AppendLogResponseHandler: Failed appendEntries: org.apache.ratis.thirdparty.io.grpc.StatusRuntimeException: UNAVAILABLE: io exception
2021-03-01 18:12:23,659 [grpc-default-executor-3] WARN  server.GrpcLogAppender (GrpcLogAppender.java:resetClient(111)) - b303f36a-f963-4721-9f7a-b5e9e54e4468@group-6F3B09D344DD->a7136ecb-4465-4bae-b158-9cfc61718915-GrpcLogAppender: Leader has not got in touch with Follower b303f36a-f963-4721-9f7a-b5e9e54e4468@group-6F3B09D344DD->a7136ecb-4465-4bae-b158-9cfc61718915(c0,m0,n1, attendVote=true, lastRpcSendTime=0, lastRpcResponseTime=5002) yet, just keep nextIndex unchanged and retry.
2021-03-01 18:12:23,662 [0f049040-6e0c-4cd4-a487-c7f09e7e4ba1@group-617FBAE04F80-LeaderElection228] INFO  segmented.SegmentedRaftLogWorker (SegmentedRaftLogWorker.java:rollLogSegment(397)) - 0f049040-6e0c-4cd4-a487-c7f09e7e4ba1@group-617FBAE04F80-SegmentedRaftLogWorker: Rolling segment log-0_0 to index:0
2021-03-01 18:12:23,663 [0f049040-6e0c-4cd4-a487-c7f09e7e4ba1@group-617FBAE04F80-SegmentedRaftLogWorker] INFO  segmented.SegmentedRaftLogWorker (SegmentedRaftLogWorker.java:execute(556)) - 0f049040-6e0c-4cd4-a487-c7f09e7e4ba1@group-617FBAE04F80-SegmentedRaftLogWorker: Rolled log segment from /github/workspace/mnt/ozone/hadoop-ozone/integration-test/target/test-dir/MiniOzoneClusterImpl-5b5774a2-bf3c-4723-a113-e238e3f8131c/datanode-0/data/ratis/da80ac3f-35d5-4acd-b79a-617fbae04f80/current/log_inprogress_0 to /github/workspace/mnt/ozone/hadoop-ozone/integration-test/target/test-dir/MiniOzoneClusterImpl-5b5774a2-bf3c-4723-a113-e238e3f8131c/datanode-0/data/ratis/da80ac3f-35d5-4acd-b79a-617fbae04f80/current/log_0-0
2021-03-01 18:12:23,664 [0f049040-6e0c-4cd4-a487-c7f09e7e4ba1@group-617FBAE04F80-SegmentedRaftLogWorker] INFO  segmented.SegmentedRaftLogWorker (SegmentedRaftLogWorker.java:execute(599)) - 0f049040-6e0c-4cd4-a487-c7f09e7e4ba1@group-617FBAE04F80-SegmentedRaftLogWorker: created new log segment /github/workspace/mnt/ozone/hadoop-ozone/integration-test/target/test-dir/MiniOzoneClusterImpl-5b5774a2-bf3c-4723-a113-e238e3f8131c/datanode-0/data/ratis/da80ac3f-35d5-4acd-b79a-617fbae04f80/current/log_inprogress_1
2021-03-01 18:12:23,664 [grpc-default-executor-3] INFO  ratis.XceiverServerRatis (XceiverServerRatis.java:handleLeaderChangedNotification(899)) - Leader change notification received for group: group-56E890C13FB3 with new leaderId: a5a3f093-0768-4d4b-b08f-053c130678b3
2021-03-01 18:12:23,664 [grpc-default-executor-3] INFO  server.RaftServer$Division (ServerState.java:setLeader(271)) - 0f049040-6e0c-4cd4-a487-c7f09e7e4ba1@group-56E890C13FB3: change Leader from null to a5a3f093-0768-4d4b-b08f-053c130678b3 at term 10 for appendEntries, leader elected after 45929ms
2021-03-01 18:12:23,665 [grpc-default-executor-3] INFO  server.RaftServer$Division (RaftServerImpl.java:checkInconsistentAppendEntries(1301)) - 0f049040-6e0c-4cd4-a487-c7f09e7e4ba1@group-56E890C13FB3: Failed appendEntries as previous log entry ((t:1, i:0)) is not found
2021-03-01 18:12:23,665 [grpc-default-executor-3] INFO  server.RaftServer$Division (RaftServerImpl.java:checkInconsistentAppendEntries(1267)) - 0f049040-6e0c-4cd4-a487-c7f09e7e4ba1@group-56E890C13FB3: inconsistency entries. Reply:a5a3f093-0768-4d4b-b08f-053c130678b3<-0f049040-6e0c-4cd4-a487-c7f09e7e4ba1#0:FAIL-t10,INCONSISTENCY,nextIndex=0,followerCommit=-1
2021-03-01 18:12:23,667 [grpc-default-executor-3] INFO  server.RaftServer$Division (RaftServerImpl.java:checkInconsistentAppendEntries(1301)) - 0f049040-6e0c-4cd4-a487-c7f09e7e4ba1@group-56E890C13FB3: Failed appendEntries as previous log entry ((t:1, i:0)) is not found
2021-03-01 18:12:23,667 [grpc-default-executor-3] INFO  server.RaftServer$Division (RaftServerImpl.java:checkInconsistentAppendEntries(1267)) - 0f049040-6e0c-4cd4-a487-c7f09e7e4ba1@group-56E890C13FB3: inconsistency entries. Reply:a5a3f093-0768-4d4b-b08f-053c130678b3<-0f049040-6e0c-4cd4-a487-c7f09e7e4ba1#1:FAIL-t10,INCONSISTENCY,nextIndex=0,followerCommit=-1
2021-03-01 18:12:23,667 [grpc-default-executor-5] INFO  leader.FollowerInfo (FollowerInfoImpl.java:lambda$new$0(46)) - a5a3f093-0768-4d4b-b08f-053c130678b3@group-56E890C13FB3->0f049040-6e0c-4cd4-a487-c7f09e7e4ba1: nextIndex: updateUnconditionally 2 -> 0
2021-03-01 18:12:23,668 [grpc-default-executor-5] INFO  leader.FollowerInfo (FollowerInfoImpl.java:lambda$new$0(46)) - a5a3f093-0768-4d4b-b08f-053c130678b3@group-56E890C13FB3->0f049040-6e0c-4cd4-a487-c7f09e7e4ba1: nextIndex: updateUnconditionally 2 -> 0
2021-03-01 18:12:23,668 [grpc-default-executor-3] INFO  server.RaftServer$Division (ServerState.java:setRaftConf(373)) - 0f049040-6e0c-4cd4-a487-c7f09e7e4ba1@group-56E890C13FB3: set configuration 0: [f258d114-ea47-4d12-8964-639f425ab8d0|rpc:172.17.0.2:45265|dataStream:|priority:0, a5a3f093-0768-4d4b-b08f-053c130678b3|rpc:172.17.0.2:40499|dataStream:|priority:1, 0f049040-6e0c-4cd4-a487-c7f09e7e4ba1|rpc:172.17.0.2:45527|dataStream:|priority:0], old=null
2021-03-01 18:12:23,668 [grpc-default-executor-3] INFO  segmented.SegmentedRaftLogWorker (SegmentedRaftLogWorker.java:startLogSegment(392)) - 0f049040-6e0c-4cd4-a487-c7f09e7e4ba1@group-56E890C13FB3-SegmentedRaftLogWorker: Starting segment from index:0
2021-03-01 18:12:23,682 [grpc-default-executor-5] WARN  server.GrpcLogAppender (LogUtils.java:warn(122)) - 0f049040-6e0c-4cd4-a487-c7f09e7e4ba1@group-617FBAE04F80->f258d114-ea47-4d12-8964-639f425ab8d0-AppendLogResponseHandler: Failed appendEntries: org.apache.ratis.thirdparty.io.grpc.StatusRuntimeException: UNAVAILABLE: io exception
2021-03-01 18:12:23,687 [0f049040-6e0c-4cd4-a487-c7f09e7e4ba1@group-617FBAE04F80-LeaderElection228] INFO  server.RaftServer$Division (ServerState.java:setRaftConf(373)) - 0f049040-6e0c-4cd4-a487-c7f09e7e4ba1@group-617FBAE04F80: set configuration 1: [f258d114-ea47-4d12-8964-639f425ab8d0|rpc:172.17.0.2:45265|dataStream:|priority:1, a5a3f093-0768-4d4b-b08f-053c130678b3|rpc:172.17.0.2:40499|dataStream:|priority:0, 0f049040-6e0c-4cd4-a487-c7f09e7e4ba1|rpc:172.17.0.2:45527|dataStream:|priority:0], old=null
2021-03-01 18:12:23,688 [grpc-default-executor-3] INFO  server.RaftServer$Division (ServerState.java:setRaftConf(373)) - 0f049040-6e0c-4cd4-a487-c7f09e7e4ba1@group-56E890C13FB3: set configuration 1: [f258d114-ea47-4d12-8964-639f425ab8d0|rpc:172.17.0.2:45265|dataStream:|priority:0, a5a3f093-0768-4d4b-b08f-053c130678b3|rpc:172.17.0.2:40499|dataStream:|priority:1, 0f049040-6e0c-4cd4-a487-c7f09e7e4ba1|rpc:172.17.0.2:45527|dataStream:|priority:0], old=null
2021-03-01 18:12:23,688 [grpc-default-executor-3] INFO  segmented.SegmentedRaftLogWorker (SegmentedRaftLogWorker.java:rollLogSegment(397)) - 0f049040-6e0c-4cd4-a487-c7f09e7e4ba1@group-56E890C13FB3-SegmentedRaftLogWorker: Rolling segment log-0_0 to index:0
2021-03-01 18:12:23,688 [grpc-default-executor-3] INFO  server.RaftServer$Division (ServerState.java:setRaftConf(373)) - 0f049040-6e0c-4cd4-a487-c7f09e7e4ba1@group-56E890C13FB3: set configuration 0: [f258d114-ea47-4d12-8964-639f425ab8d0|rpc:172.17.0.2:45265|dataStream:|priority:0, a5a3f093-0768-4d4b-b08f-053c130678b3|rpc:172.17.0.2:40499|dataStream:|priority:1, 0f049040-6e0c-4cd4-a487-c7f09e7e4ba1|rpc:172.17.0.2:45527|dataStream:|priority:0], old=null
2021-03-01 18:12:23,691 [grpc-default-executor-3] INFO  server.RaftServer$Division (ServerState.java:setRaftConf(373)) - 0f049040-6e0c-4cd4-a487-c7f09e7e4ba1@group-56E890C13FB3: set configuration 1: [f258d114-ea47-4d12-8964-639f425ab8d0|rpc:172.17.0.2:45265|dataStream:|priority:0, a5a3f093-0768-4d4b-b08f-053c130678b3|rpc:172.17.0.2:40499|dataStream:|priority:1, 0f049040-6e0c-4cd4-a487-c7f09e7e4ba1|rpc:172.17.0.2:45527|dataStream:|priority:0], old=null
2021-03-01 18:12:23,722 [grpc-default-executor-6] INFO  ratis.XceiverServerRatis (XceiverServerRatis.java:handleLeaderChangedNotification(899)) - Leader change notification received for group: group-617FBAE04F80 with new leaderId: 0f049040-6e0c-4cd4-a487-c7f09e7e4ba1
2021-03-01 18:12:23,723 [grpc-default-executor-6] INFO  server.RaftServer$Division (ServerState.java:setLeader(271)) - a5a3f093-0768-4d4b-b08f-053c130678b3@group-617FBAE04F80: change Leader from null to 0f049040-6e0c-4cd4-a487-c7f09e7e4ba1 at term 4 for appendEntries, leader elected after 115ms
2021-03-01 18:12:23,723 [0f049040-6e0c-4cd4-a487-c7f09e7e4ba1@group-56E890C13FB3-SegmentedRaftLogWorker] INFO  segmented.SegmentedRaftLogWorker (SegmentedRaftLogWorker.java:execute(599)) - 0f049040-6e0c-4cd4-a487-c7f09e7e4ba1@group-56E890C13FB3-SegmentedRaftLogWorker: created new log segment /github/workspace/mnt/ozone/hadoop-ozone/integration-test/target/test-dir/MiniOzoneClusterImpl-5b5774a2-bf3c-4723-a113-e238e3f8131c/datanode-0/data/ratis/d7d51450-7844-4544-a5b2-56e890c13fb3/current/log_inprogress_0
2021-03-01 18:12:23,724 [grpc-default-executor-5] WARN  server.GrpcLogAppender (GrpcLogAppender.java:resetClient(111)) - 0f049040-6e0c-4cd4-a487-c7f09e7e4ba1@group-617FBAE04F80->f258d114-ea47-4d12-8964-639f425ab8d0-GrpcLogAppender: Leader has not got in touch with Follower 0f049040-6e0c-4cd4-a487-c7f09e7e4ba1@group-617FBAE04F80->f258d114-ea47-4d12-8964-639f425ab8d0(c-1,m0,n2, attendVote=true, lastRpcSendTime=0, lastRpcResponseTime=5280) yet, just keep nextIndex unchanged and retry.
2021-03-01 18:12:23,730 [grpc-default-executor-6] INFO  server.RaftServer$Division (ServerState.java:setRaftConf(373)) - a5a3f093-0768-4d4b-b08f-053c130678b3@group-617FBAE04F80: set configuration 1: [f258d114-ea47-4d12-8964-639f425ab8d0|rpc:172.17.0.2:45265|dataStream:|priority:1, a5a3f093-0768-4d4b-b08f-053c130678b3|rpc:172.17.0.2:40499|dataStream:|priority:0, 0f049040-6e0c-4cd4-a487-c7f09e7e4ba1|rpc:172.17.0.2:45527|dataStream:|priority:0], old=null
2021-03-01 18:12:23,730 [grpc-default-executor-6] INFO  segmented.SegmentedRaftLogWorker (SegmentedRaftLogWorker.java:rollLogSegment(397)) - a5a3f093-0768-4d4b-b08f-053c130678b3@group-617FBAE04F80-SegmentedRaftLogWorker: Rolling segment log-0_0 to index:0
2021-03-01 18:12:23,731 [a5a3f093-0768-4d4b-b08f-053c130678b3@group-617FBAE04F80-SegmentedRaftLogWorker] INFO  segmented.SegmentedRaftLogWorker (SegmentedRaftLogWorker.java:execute(556)) - a5a3f093-0768-4d4b-b08f-053c130678b3@group-617FBAE04F80-SegmentedRaftLogWorker: Rolled log segment from /github/workspace/mnt/ozone/hadoop-ozone/integration-test/target/test-dir/MiniOzoneClusterImpl-5b5774a2-bf3c-4723-a113-e238e3f8131c/datanode-2/data/ratis/da80ac3f-35d5-4acd-b79a-617fbae04f80/current/log_inprogress_0 to /github/workspace/mnt/ozone/hadoop-ozone/integration-test/target/test-dir/MiniOzoneClusterImpl-5b5774a2-bf3c-4723-a113-e238e3f8131c/datanode-2/data/ratis/da80ac3f-35d5-4acd-b79a-617fbae04f80/current/log_0-0
2021-03-01 18:12:23,735 [a5a3f093-0768-4d4b-b08f-053c130678b3@group-617FBAE04F80-SegmentedRaftLogWorker] INFO  segmented.SegmentedRaftLogWorker (SegmentedRaftLogWorker.java:execute(599)) - a5a3f093-0768-4d4b-b08f-053c130678b3@group-617FBAE04F80-SegmentedRaftLogWorker: created new log segment /github/workspace/mnt/ozone/hadoop-ozone/integration-test/target/test-dir/MiniOzoneClusterImpl-5b5774a2-bf3c-4723-a113-e238e3f8131c/datanode-2/data/ratis/da80ac3f-35d5-4acd-b79a-617fbae04f80/current/log_inprogress_1
2021-03-01 18:12:23,739 [0f049040-6e0c-4cd4-a487-c7f09e7e4ba1@group-56E890C13FB3-SegmentedRaftLogWorker] INFO  segmented.SegmentedRaftLogWorker (SegmentedRaftLogWorker.java:execute(556)) - 0f049040-6e0c-4cd4-a487-c7f09e7e4ba1@group-56E890C13FB3-SegmentedRaftLogWorker: Rolled log segment from /github/workspace/mnt/ozone/hadoop-ozone/integration-test/target/test-dir/MiniOzoneClusterImpl-5b5774a2-bf3c-4723-a113-e238e3f8131c/datanode-0/data/ratis/d7d51450-7844-4544-a5b2-56e890c13fb3/current/log_inprogress_0 to /github/workspace/mnt/ozone/hadoop-ozone/integration-test/target/test-dir/MiniOzoneClusterImpl-5b5774a2-bf3c-4723-a113-e238e3f8131c/datanode-0/data/ratis/d7d51450-7844-4544-a5b2-56e890c13fb3/current/log_0-0
2021-03-01 18:12:23,740 [0f049040-6e0c-4cd4-a487-c7f09e7e4ba1@group-56E890C13FB3-SegmentedRaftLogWorker] INFO  segmented.SegmentedRaftLogWorker (SegmentedRaftLogWorker.java:execute(599)) - 0f049040-6e0c-4cd4-a487-c7f09e7e4ba1@group-56E890C13FB3-SegmentedRaftLogWorker: created new log segment /github/workspace/mnt/ozone/hadoop-ozone/integration-test/target/test-dir/MiniOzoneClusterImpl-5b5774a2-bf3c-4723-a113-e238e3f8131c/datanode-0/data/ratis/d7d51450-7844-4544-a5b2-56e890c13fb3/current/log_inprogress_1
2021-03-01 18:12:23,761 [grpc-default-executor-5] WARN  server.GrpcLogAppender (LogUtils.java:warn(122)) - 0f049040-6e0c-4cd4-a487-c7f09e7e4ba1@group-617FBAE04F80->f258d114-ea47-4d12-8964-639f425ab8d0-AppendLogResponseHandler: Failed appendEntries: org.apache.ratis.thirdparty.io.grpc.StatusRuntimeException: UNAVAILABLE: io exception
2021-03-01 18:12:23,761 [grpc-default-executor-5] WARN  server.GrpcLogAppender (GrpcLogAppender.java:resetClient(111)) - 0f049040-6e0c-4cd4-a487-c7f09e7e4ba1@group-617FBAE04F80->f258d114-ea47-4d12-8964-639f425ab8d0-GrpcLogAppender: Leader has not got in touch with Follower 0f049040-6e0c-4cd4-a487-c7f09e7e4ba1@group-617FBAE04F80->f258d114-ea47-4d12-8964-639f425ab8d0(c-1,m0,n3, attendVote=true, lastRpcSendTime=37, lastRpcResponseTime=5317) yet, just keep nextIndex unchanged and retry.
2021-03-01 18:12:23,791 [grpc-default-executor-6] WARN  server.GrpcLogAppender (LogUtils.java:warn(122)) - a5a3f093-0768-4d4b-b08f-053c130678b3@group-56E890C13FB3->f258d114-ea47-4d12-8964-639f425ab8d0-AppendLogResponseHandler: Failed appendEntries: org.apache.ratis.thirdparty.io.grpc.StatusRuntimeException: UNAVAILABLE: io exception
2021-03-01 18:12:23,791 [grpc-default-executor-6] WARN  server.GrpcLogAppender (GrpcLogAppender.java:resetClient(111)) - a5a3f093-0768-4d4b-b08f-053c130678b3@group-56E890C13FB3->f258d114-ea47-4d12-8964-639f425ab8d0-GrpcLogAppender: Leader has not got in touch with Follower a5a3f093-0768-4d4b-b08f-053c130678b3@group-56E890C13FB3->f258d114-ea47-4d12-8964-639f425ab8d0(c-1,m0,n3, attendVote=true, lastRpcSendTime=11, lastRpcResponseTime=5387) yet, just keep nextIndex unchanged and retry.
2021-03-01 18:12:23,853 [EventQueue-StaleNodeForStaleNodeHandler] INFO  node.StaleNodeHandler (StaleNodeHandler.java:onMessage(58)) - Datanode a7136ecb-4465-4bae-b158-9cfc61718915{ip: 172.17.0.2, host: 83787af071e2, ports: [REPLICATION=36853, RATIS=42023, RATIS_ADMIN=42023, RATIS_SERVER=42023, STANDALONE=36443], networkLocation: /default-rack, certSerialId: null, persistedOpState: IN_SERVICE, persistedOpStateExpiryEpochSec: 0} moved to stale state. Finalizing its pipelines [PipelineID=690edf50-8935-46fd-b96b-65a188f6751a, PipelineID=2f262e5f-c32b-47ed-b451-3e8ca9905f22, PipelineID=274eb337-03e6-4118-9bb7-6f3b09d344dd, PipelineID=a1cc7fb7-1dfd-47c2-8159-1c1384e55287]
2021-03-01 18:12:23,853 [EventQueue-StaleNodeForStaleNodeHandler] INFO  pipeline.SCMPipelineManager (SCMPipelineManager.java:finalizeAndDestroyPipeline(483)) - Destroying pipeline:Pipeline[ Id: 690edf50-8935-46fd-b96b-65a188f6751a, Nodes: a7136ecb-4465-4bae-b158-9cfc61718915{ip: 172.17.0.2, host: 83787af071e2, ports: [REPLICATION=36853, RATIS=42023, RATIS_ADMIN=42023, RATIS_SERVER=42023, STANDALONE=36443], networkLocation: /default-rack, certSerialId: null, persistedOpState: IN_SERVICE, persistedOpStateExpiryEpochSec: 0}, Type:RATIS, Factor:ONE, State:OPEN, leaderId:a7136ecb-4465-4bae-b158-9cfc61718915, CreationTimestamp2021-03-01T18:11:35.364Z]
2021-03-01 18:12:23,853 [EventQueue-StaleNodeForStaleNodeHandler] INFO  pipeline.PipelineStateManager (PipelineStateManager.java:finalizePipeline(121)) - Pipeline Pipeline[ Id: 690edf50-8935-46fd-b96b-65a188f6751a, Nodes: a7136ecb-4465-4bae-b158-9cfc61718915{ip: 172.17.0.2, host: 83787af071e2, ports: [REPLICATION=36853, RATIS=42023, RATIS_ADMIN=42023, RATIS_SERVER=42023, STANDALONE=36443], networkLocation: /default-rack, certSerialId: null, persistedOpState: IN_SERVICE, persistedOpStateExpiryEpochSec: 0}, Type:RATIS, Factor:ONE, State:CLOSED, leaderId:a7136ecb-4465-4bae-b158-9cfc61718915, CreationTimestamp2021-03-01T18:11:35.364Z] moved to CLOSED state
2021-03-01 18:12:23,853 [EventQueue-StaleNodeForStaleNodeHandler] INFO  pipeline.SCMPipelineManager (SCMPipelineManager.java:finalizeAndDestroyPipeline(483)) - Destroying pipeline:Pipeline[ Id: 2f262e5f-c32b-47ed-b451-3e8ca9905f22, Nodes: b303f36a-f963-4721-9f7a-b5e9e54e4468{ip: 172.17.0.2, host: 83787af071e2, ports: [REPLICATION=34019, RATIS=32969, RATIS_ADMIN=32969, RATIS_SERVER=32969, STANDALONE=39419], networkLocation: /default-rack, certSerialId: null, persistedOpState: IN_SERVICE, persistedOpStateExpiryEpochSec: 0}a7136ecb-4465-4bae-b158-9cfc61718915{ip: 172.17.0.2, host: 83787af071e2, ports: [REPLICATION=36853, RATIS=42023, RATIS_ADMIN=42023, RATIS_SERVER=42023, STANDALONE=36443], networkLocation: /default-rack, certSerialId: null, persistedOpState: IN_SERVICE, persistedOpStateExpiryEpochSec: 0}ca5fd955-873f-4bac-9f2a-538d93af5c77{ip: 172.17.0.2, host: 83787af071e2, ports: [REPLICATION=42543, RATIS=36703, RATIS_ADMIN=36703, RATIS_SERVER=36703, STANDALONE=39671], networkLocation: /default-rack, certSerialId: null, persistedOpState: IN_SERVICE, persistedOpStateExpiryEpochSec: 0}, Type:RATIS, Factor:THREE, State:OPEN, leaderId:a7136ecb-4465-4bae-b158-9cfc61718915, CreationTimestamp2021-03-01T18:11:35.668Z]
2021-03-01 18:12:23,853 [EventQueue-StaleNodeForStaleNodeHandler] INFO  pipeline.PipelineStateManager (PipelineStateManager.java:finalizePipeline(121)) - Pipeline Pipeline[ Id: 2f262e5f-c32b-47ed-b451-3e8ca9905f22, Nodes: b303f36a-f963-4721-9f7a-b5e9e54e4468{ip: 172.17.0.2, host: 83787af071e2, ports: [REPLICATION=34019, RATIS=32969, RATIS_ADMIN=32969, RATIS_SERVER=32969, STANDALONE=39419], networkLocation: /default-rack, certSerialId: null, persistedOpState: IN_SERVICE, persistedOpStateExpiryEpochSec: 0}a7136ecb-4465-4bae-b158-9cfc61718915{ip: 172.17.0.2, host: 83787af071e2, ports: [REPLICATION=36853, RATIS=42023, RATIS_ADMIN=42023, RATIS_SERVER=42023, STANDALONE=36443], networkLocation: /default-rack, certSerialId: null, persistedOpState: IN_SERVICE, persistedOpStateExpiryEpochSec: 0}ca5fd955-873f-4bac-9f2a-538d93af5c77{ip: 172.17.0.2, host: 83787af071e2, ports: [REPLICATION=42543, RATIS=36703, RATIS_ADMIN=36703, RATIS_SERVER=36703, STANDALONE=39671], networkLocation: /default-rack, certSerialId: null, persistedOpState: IN_SERVICE, persistedOpStateExpiryEpochSec: 0}, Type:RATIS, Factor:THREE, State:CLOSED, leaderId:a7136ecb-4465-4bae-b158-9cfc61718915, CreationTimestamp2021-03-01T18:11:35.668Z] moved to CLOSED state
2021-03-01 18:12:23,854 [EventQueue-StaleNodeForStaleNodeHandler] INFO  pipeline.SCMPipelineManager (SCMPipelineManager.java:finalizeAndDestroyPipeline(483)) - Destroying pipeline:Pipeline[ Id: 274eb337-03e6-4118-9bb7-6f3b09d344dd, Nodes: a7136ecb-4465-4bae-b158-9cfc61718915{ip: 172.17.0.2, host: 83787af071e2, ports: [REPLICATION=36853, RATIS=42023, RATIS_ADMIN=42023, RATIS_SERVER=42023, STANDALONE=36443], networkLocation: /default-rack, certSerialId: null, persistedOpState: IN_SERVICE, persistedOpStateExpiryEpochSec: 0}ca5fd955-873f-4bac-9f2a-538d93af5c77{ip: 172.17.0.2, host: 83787af071e2, ports: [REPLICATION=42543, RATIS=36703, RATIS_ADMIN=36703, RATIS_SERVER=36703, STANDALONE=39671], networkLocation: /default-rack, certSerialId: null, persistedOpState: IN_SERVICE, persistedOpStateExpiryEpochSec: 0}b303f36a-f963-4721-9f7a-b5e9e54e4468{ip: 172.17.0.2, host: 83787af071e2, ports: [REPLICATION=34019, RATIS=32969, RATIS_ADMIN=32969, RATIS_SERVER=32969, STANDALONE=39419], networkLocation: /default-rack, certSerialId: null, persistedOpState: IN_SERVICE, persistedOpStateExpiryEpochSec: 0}, Type:RATIS, Factor:THREE, State:OPEN, leaderId:b303f36a-f963-4721-9f7a-b5e9e54e4468, CreationTimestamp2021-03-01T18:11:35.669Z]
2021-03-01 18:12:23,854 [EventQueue-StaleNodeForStaleNodeHandler] INFO  pipeline.PipelineStateManager (PipelineStateManager.java:finalizePipeline(121)) - Pipeline Pipeline[ Id: 274eb337-03e6-4118-9bb7-6f3b09d344dd, Nodes: a7136ecb-4465-4bae-b158-9cfc61718915{ip: 172.17.0.2, host: 83787af071e2, ports: [REPLICATION=36853, RATIS=42023, RATIS_ADMIN=42023, RATIS_SERVER=42023, STANDALONE=36443], networkLocation: /default-rack, certSerialId: null, persistedOpState: IN_SERVICE, persistedOpStateExpiryEpochSec: 0}ca5fd955-873f-4bac-9f2a-538d93af5c77{ip: 172.17.0.2, host: 83787af071e2, ports: [REPLICATION=42543, RATIS=36703, RATIS_ADMIN=36703, RATIS_SERVER=36703, STANDALONE=39671], networkLocation: /default-rack, certSerialId: null, persistedOpState: IN_SERVICE, persistedOpStateExpiryEpochSec: 0}b303f36a-f963-4721-9f7a-b5e9e54e4468{ip: 172.17.0.2, host: 83787af071e2, ports: [REPLICATION=34019, RATIS=32969, RATIS_ADMIN=32969, RATIS_SERVER=32969, STANDALONE=39419], networkLocation: /default-rack, certSerialId: null, persistedOpState: IN_SERVICE, persistedOpStateExpiryEpochSec: 0}, Type:RATIS, Factor:THREE, State:CLOSED, leaderId:b303f36a-f963-4721-9f7a-b5e9e54e4468, CreationTimestamp2021-03-01T18:11:35.669Z] moved to CLOSED state
2021-03-01 18:12:23,854 [EventQueue-StaleNodeForStaleNodeHandler] INFO  pipeline.SCMPipelineManager (SCMPipelineManager.java:finalizeAndDestroyPipeline(483)) - Destroying pipeline:Pipeline[ Id: a1cc7fb7-1dfd-47c2-8159-1c1384e55287, Nodes: b303f36a-f963-4721-9f7a-b5e9e54e4468{ip: 172.17.0.2, host: 83787af071e2, ports: [REPLICATION=34019, RATIS=32969, RATIS_ADMIN=32969, RATIS_SERVER=32969, STANDALONE=39419], networkLocation: /default-rack, certSerialId: null, persistedOpState: IN_SERVICE, persistedOpStateExpiryEpochSec: 0}a7136ecb-4465-4bae-b158-9cfc61718915{ip: 172.17.0.2, host: 83787af071e2, ports: [REPLICATION=36853, RATIS=42023, RATIS_ADMIN=42023, RATIS_SERVER=42023, STANDALONE=36443], networkLocation: /default-rack, certSerialId: null, persistedOpState: IN_SERVICE, persistedOpStateExpiryEpochSec: 0}ca5fd955-873f-4bac-9f2a-538d93af5c77{ip: 172.17.0.2, host: 83787af071e2, ports: [REPLICATION=42543, RATIS=36703, RATIS_ADMIN=36703, RATIS_SERVER=36703, STANDALONE=39671], networkLocation: /default-rack, certSerialId: null, persistedOpState: IN_SERVICE, persistedOpStateExpiryEpochSec: 0}, Type:RATIS, Factor:THREE, State:OPEN, leaderId:ca5fd955-873f-4bac-9f2a-538d93af5c77, CreationTimestamp2021-03-01T18:11:35.669Z]
2021-03-01 18:12:23,854 [EventQueue-StaleNodeForStaleNodeHandler] INFO  pipeline.PipelineStateManager (PipelineStateManager.java:finalizePipeline(121)) - Pipeline Pipeline[ Id: a1cc7fb7-1dfd-47c2-8159-1c1384e55287, Nodes: b303f36a-f963-4721-9f7a-b5e9e54e4468{ip: 172.17.0.2, host: 83787af071e2, ports: [REPLICATION=34019, RATIS=32969, RATIS_ADMIN=32969, RATIS_SERVER=32969, STANDALONE=39419], networkLocation: /default-rack, certSerialId: null, persistedOpState: IN_SERVICE, persistedOpStateExpiryEpochSec: 0}a7136ecb-4465-4bae-b158-9cfc61718915{ip: 172.17.0.2, host: 83787af071e2, ports: [REPLICATION=36853, RATIS=42023, RATIS_ADMIN=42023, RATIS_SERVER=42023, STANDALONE=36443], networkLocation: /default-rack, certSerialId: null, persistedOpState: IN_SERVICE, persistedOpStateExpiryEpochSec: 0}ca5fd955-873f-4bac-9f2a-538d93af5c77{ip: 172.17.0.2, host: 83787af071e2, ports: [REPLICATION=42543, RATIS=36703, RATIS_ADMIN=36703, RATIS_SERVER=36703, STANDALONE=39671], networkLocation: /default-rack, certSerialId: null, persistedOpState: IN_SERVICE, persistedOpStateExpiryEpochSec: 0}, Type:RATIS, Factor:THREE, State:CLOSED, leaderId:ca5fd955-873f-4bac-9f2a-538d93af5c77, CreationTimestamp2021-03-01T18:11:35.669Z] moved to CLOSED state
2021-03-01 18:12:23,854 [EventQueue-CloseContainerForCloseContainerEventHandler] INFO  container.CloseContainerEventHandler (CloseContainerEventHandler.java:onMessage(61)) - Close container Event triggered for container : #2
2021-03-01 18:12:23,883 [Command processor thread] ERROR commandhandler.CloseContainerCommandHandler (CloseContainerCommandHandler.java:handle(85)) - Container #1 does not exist in datanode. Container close failed.
2021-03-01 18:12:24,082 [Listener at 127.0.0.1/41333] INFO  ozoneimpl.OzoneContainer (OzoneContainer.java:stop(273)) - Attempting to stop container services.
2021-03-01 18:12:24,082 [ForkJoinPool.commonPool-worker-0] INFO  ozoneimpl.OzoneContainer (OzoneContainer.java:stop(273)) - Attempting to stop container services.
2021-03-01 18:12:24,082 [ForkJoinPool.commonPool-worker-0] INFO  server.RaftServer (RaftServerProxy.java:lambda$close$6(391)) - a5a3f093-0768-4d4b-b08f-053c130678b3: close
2021-03-01 18:12:24,083 [ForkJoinPool.commonPool-worker-0] INFO  server.RaftServer$Division (RaftServerImpl.java:lambda$close$4(406)) - a5a3f093-0768-4d4b-b08f-053c130678b3@group-23AF959E1599: shutdown
2021-03-01 18:12:24,083 [ForkJoinPool.commonPool-worker-0] INFO  util.JmxRegister (JmxRegister.java:unregister(73)) - Successfully un-registered JMX Bean with object name Ratis:service=RaftServer,group=group-23AF959E1599,id=a5a3f093-0768-4d4b-b08f-053c130678b3
2021-03-01 18:12:24,083 [ForkJoinPool.commonPool-worker-0] INFO  impl.RoleInfo (RoleInfo.java:shutdownLeaderState(91)) - a5a3f093-0768-4d4b-b08f-053c130678b3: shutdown a5a3f093-0768-4d4b-b08f-053c130678b3@group-23AF959E1599-LeaderStateImpl
2021-03-01 18:12:24,083 [ForkJoinPool.commonPool-worker-0] INFO  impl.PendingRequests (PendingRequests.java:sendNotLeaderResponses(249)) - a5a3f093-0768-4d4b-b08f-053c130678b3@group-23AF959E1599-PendingRequests: sendNotLeaderResponses
2021-03-01 18:12:24,083 [ForkJoinPool.commonPool-worker-0] INFO  metrics.RatisMetrics (RatisMetrics.java:unregister(43)) - Unregistering Metrics Registry : ratis.log_appender.a5a3f093-0768-4d4b-b08f-053c130678b3@group-23AF959E1599
2021-03-01 18:12:24,083 [ForkJoinPool.commonPool-worker-0] INFO  metrics.RatisMetrics (RatisMetrics.java:unregister(43)) - Unregistering Metrics Registry : ratis.server.a5a3f093-0768-4d4b-b08f-053c130678b3@group-23AF959E1599
2021-03-01 18:12:24,084 [ForkJoinPool.commonPool-worker-0] INFO  impl.StateMachineUpdater (StateMachineUpdater.java:stopAndJoin(148)) - a5a3f093-0768-4d4b-b08f-053c130678b3@group-23AF959E1599-StateMachineUpdater: set stopIndex = 0
2021-03-01 18:12:24,084 [a5a3f093-0768-4d4b-b08f-053c130678b3@group-23AF959E1599-StateMachineUpdater] INFO  ratis.ContainerStateMachine (ContainerStateMachine.java:takeSnapshot(291)) - group-23AF959E1599: Taking a snapshot at:(t:1, i:0) file /github/workspace/mnt/ozone/hadoop-ozone/integration-test/target/test-dir/MiniOzoneClusterImpl-5b5774a2-bf3c-4723-a113-e238e3f8131c/datanode-2/data/ratis/bada6328-bb35-467d-beb6-23af959e1599/sm/snapshot.1_0
2021-03-01 18:12:24,085 [Listener at 127.0.0.1/41333] INFO  server.RaftServer (RaftServerProxy.java:lambda$close$6(391)) - ca5fd955-873f-4bac-9f2a-538d93af5c77: close
2021-03-01 18:12:24,085 [Listener at 127.0.0.1/41333] INFO  server.RaftServer$Division (RaftServerImpl.java:lambda$close$4(406)) - ca5fd955-873f-4bac-9f2a-538d93af5c77@group-6F3B09D344DD: shutdown
2021-03-01 18:12:24,085 [Listener at 127.0.0.1/41333] INFO  util.JmxRegister (JmxRegister.java:unregister(73)) - Successfully un-registered JMX Bean with object name Ratis:service=RaftServer,group=group-6F3B09D344DD,id=ca5fd955-873f-4bac-9f2a-538d93af5c77
2021-03-01 18:12:24,085 [Listener at 127.0.0.1/41333] INFO  impl.RoleInfo (RoleInfo.java:shutdownFollowerState(108)) - ca5fd955-873f-4bac-9f2a-538d93af5c77: shutdown ca5fd955-873f-4bac-9f2a-538d93af5c77@group-6F3B09D344DD-FollowerState
2021-03-01 18:12:24,085 [Listener at 127.0.0.1/41333] INFO  impl.StateMachineUpdater (StateMachineUpdater.java:stopAndJoin(148)) - ca5fd955-873f-4bac-9f2a-538d93af5c77@group-6F3B09D344DD-StateMachineUpdater: set stopIndex = 0
2021-03-01 18:12:24,085 [Thread-4601] INFO  impl.FollowerState (FollowerState.java:run(142)) - ca5fd955-873f-4bac-9f2a-538d93af5c77@group-6F3B09D344DD-FollowerState was interrupted: {}
java.lang.InterruptedException: sleep interrupted
	at java.lang.Thread.sleep(Native Method)
	at java.lang.Thread.sleep(Thread.java:340)
	at java.util.concurrent.TimeUnit.sleep(TimeUnit.java:386)
	at org.apache.ratis.util.TimeDuration.sleep(TimeDuration.java:324)
	at org.apache.ratis.util.TimeDuration.sleep(TimeDuration.java:309)
	at org.apache.ratis.server.impl.FollowerState.run(FollowerState.java:117)
2021-03-01 18:12:24,086 [a5a3f093-0768-4d4b-b08f-053c130678b3@group-23AF959E1599-StateMachineUpdater] INFO  ratis.ContainerStateMachine (ContainerStateMachine.java:takeSnapshot(302)) - group-23AF959E1599: Finished taking a snapshot at:(t:1, i:0) file:/github/workspace/mnt/ozone/hadoop-ozone/integration-test/target/test-dir/MiniOzoneClusterImpl-5b5774a2-bf3c-4723-a113-e238e3f8131c/datanode-2/data/ratis/bada6328-bb35-467d-beb6-23af959e1599/sm/snapshot.1_0 took: 1 ms
2021-03-01 18:12:24,086 [ca5fd955-873f-4bac-9f2a-538d93af5c77@group-6F3B09D344DD-StateMachineUpdater] INFO  ratis.ContainerStateMachine (ContainerStateMachine.java:takeSnapshot(291)) - group-6F3B09D344DD: Taking a snapshot at:(t:4, i:0) file /github/workspace/mnt/ozone/hadoop-ozone/integration-test/target/test-dir/MiniOzoneClusterImpl-5b5774a2-bf3c-4723-a113-e238e3f8131c/datanode-3/data/ratis/274eb337-03e6-4118-9bb7-6f3b09d344dd/sm/snapshot.4_0
2021-03-01 18:12:24,086 [a5a3f093-0768-4d4b-b08f-053c130678b3@group-23AF959E1599-StateMachineUpdater] INFO  impl.StateMachineUpdater (StateMachineUpdater.java:takeSnapshot(279)) - a5a3f093-0768-4d4b-b08f-053c130678b3@group-23AF959E1599-StateMachineUpdater: Took a snapshot at index 0
2021-03-01 18:12:24,086 [a5a3f093-0768-4d4b-b08f-053c130678b3@group-23AF959E1599-StateMachineUpdater] INFO  impl.StateMachineUpdater (StateMachineUpdater.java:lambda$new$0(88)) - a5a3f093-0768-4d4b-b08f-053c130678b3@group-23AF959E1599-StateMachineUpdater: snapshotIndex: updateIncreasingly -1 -> 0
2021-03-01 18:12:24,086 [a5a3f093-0768-4d4b-b08f-053c130678b3@group-23AF959E1599-StateMachineUpdater] INFO  metrics.RatisMetrics (RatisMetrics.java:unregister(43)) - Unregistering Metrics Registry : ratis.state_machine.a5a3f093-0768-4d4b-b08f-053c130678b3@group-23AF959E1599
2021-03-01 18:12:24,086 [ForkJoinPool.commonPool-worker-0] INFO  server.RaftServer$Division (ServerState.java:close(405)) - a5a3f093-0768-4d4b-b08f-053c130678b3@group-23AF959E1599: closes. applyIndex: 0
2021-03-01 18:12:24,086 [a5a3f093-0768-4d4b-b08f-053c130678b3@group-23AF959E1599-SegmentedRaftLogWorker] INFO  segmented.SegmentedRaftLogWorker (SegmentedRaftLogWorker.java:run(326)) - a5a3f093-0768-4d4b-b08f-053c130678b3@group-23AF959E1599-SegmentedRaftLogWorker was interrupted, exiting. There are 0 tasks remaining in the queue.
2021-03-01 18:12:24,086 [ca5fd955-873f-4bac-9f2a-538d93af5c77@group-6F3B09D344DD-StateMachineUpdater] INFO  ratis.ContainerStateMachine (ContainerStateMachine.java:takeSnapshot(302)) - group-6F3B09D344DD: Finished taking a snapshot at:(t:4, i:0) file:/github/workspace/mnt/ozone/hadoop-ozone/integration-test/target/test-dir/MiniOzoneClusterImpl-5b5774a2-bf3c-4723-a113-e238e3f8131c/datanode-3/data/ratis/274eb337-03e6-4118-9bb7-6f3b09d344dd/sm/snapshot.4_0 took: 1 ms
2021-03-01 18:12:24,086 [ca5fd955-873f-4bac-9f2a-538d93af5c77@group-6F3B09D344DD-StateMachineUpdater] INFO  impl.StateMachineUpdater (StateMachineUpdater.java:takeSnapshot(279)) - ca5fd955-873f-4bac-9f2a-538d93af5c77@group-6F3B09D344DD-StateMachineUpdater: Took a snapshot at index 0
2021-03-01 18:12:24,086 [ca5fd955-873f-4bac-9f2a-538d93af5c77@group-6F3B09D344DD-StateMachineUpdater] INFO  impl.StateMachineUpdater (StateMachineUpdater.java:lambda$new$0(88)) - ca5fd955-873f-4bac-9f2a-538d93af5c77@group-6F3B09D344DD-StateMachineUpdater: snapshotIndex: updateIncreasingly -1 -> 0
2021-03-01 18:12:24,087 [ca5fd955-873f-4bac-9f2a-538d93af5c77@group-6F3B09D344DD-StateMachineUpdater] INFO  metrics.RatisMetrics (RatisMetrics.java:unregister(43)) - Unregistering Metrics Registry : ratis.state_machine.ca5fd955-873f-4bac-9f2a-538d93af5c77@group-6F3B09D344DD
2021-03-01 18:12:24,087 [Listener at 127.0.0.1/41333] INFO  server.RaftServer$Division (ServerState.java:close(405)) - ca5fd955-873f-4bac-9f2a-538d93af5c77@group-6F3B09D344DD: closes. applyIndex: 0
2021-03-01 18:12:24,087 [ca5fd955-873f-4bac-9f2a-538d93af5c77@group-6F3B09D344DD-SegmentedRaftLogWorker] INFO  segmented.SegmentedRaftLogWorker (SegmentedRaftLogWorker.java:run(326)) - ca5fd955-873f-4bac-9f2a-538d93af5c77@group-6F3B09D344DD-SegmentedRaftLogWorker was interrupted, exiting. There are 0 tasks remaining in the queue.
2021-03-01 18:12:24,087 [Listener at 127.0.0.1/41333] INFO  segmented.SegmentedRaftLogWorker (SegmentedRaftLogWorker.java:close(236)) - ca5fd955-873f-4bac-9f2a-538d93af5c77@group-6F3B09D344DD-SegmentedRaftLogWorker close()
2021-03-01 18:12:24,097 [Listener at 127.0.0.1/41333] INFO  metrics.RatisMetrics (RatisMetrics.java:unregister(43)) - Unregistering Metrics Registry : ratis.log_worker.ca5fd955-873f-4bac-9f2a-538d93af5c77@group-6F3B09D344DD
2021-03-01 18:12:24,098 [Listener at 127.0.0.1/41333] INFO  metrics.RatisMetrics (RatisMetrics.java:unregister(43)) - Unregistering Metrics Registry : ratis.leader_election.ca5fd955-873f-4bac-9f2a-538d93af5c77@group-6F3B09D344DD
2021-03-01 18:12:24,098 [Listener at 127.0.0.1/41333] INFO  metrics.RatisMetrics (RatisMetrics.java:unregister(43)) - Unregistering Metrics Registry : ratis.server.ca5fd955-873f-4bac-9f2a-538d93af5c77@group-6F3B09D344DD
2021-03-01 18:12:24,098 [Listener at 127.0.0.1/41333] INFO  server.RaftServer$Division (RaftServerImpl.java:lambda$close$4(406)) - ca5fd955-873f-4bac-9f2a-538d93af5c77@group-3E8CA9905F22: shutdown
2021-03-01 18:12:24,098 [Listener at 127.0.0.1/41333] INFO  util.JmxRegister (JmxRegister.java:unregister(73)) - Successfully un-registered JMX Bean with object name Ratis:service=RaftServer,group=group-3E8CA9905F22,id=ca5fd955-873f-4bac-9f2a-538d93af5c77
2021-03-01 18:12:24,098 [Listener at 127.0.0.1/41333] INFO  impl.RoleInfo (RoleInfo.java:shutdownFollowerState(108)) - ca5fd955-873f-4bac-9f2a-538d93af5c77: shutdown ca5fd955-873f-4bac-9f2a-538d93af5c77@group-3E8CA9905F22-FollowerState
2021-03-01 18:12:24,098 [Listener at 127.0.0.1/41333] INFO  impl.StateMachineUpdater (StateMachineUpdater.java:stopAndJoin(148)) - ca5fd955-873f-4bac-9f2a-538d93af5c77@group-3E8CA9905F22-StateMachineUpdater: set stopIndex = 10
2021-03-01 18:12:24,098 [Thread-4517] INFO  impl.FollowerState (FollowerState.java:run(142)) - ca5fd955-873f-4bac-9f2a-538d93af5c77@group-3E8CA9905F22-FollowerState was interrupted: {}
java.lang.InterruptedException: sleep interrupted
	at java.lang.Thread.sleep(Native Method)
	at java.lang.Thread.sleep(Thread.java:340)
	at java.util.concurrent.TimeUnit.sleep(TimeUnit.java:386)
	at org.apache.ratis.util.TimeDuration.sleep(TimeDuration.java:324)
	at org.apache.ratis.util.TimeDuration.sleep(TimeDuration.java:309)
	at org.apache.ratis.server.impl.FollowerState.run(FollowerState.java:117)
2021-03-01 18:12:24,099 [ca5fd955-873f-4bac-9f2a-538d93af5c77@group-3E8CA9905F22-StateMachineUpdater] INFO  ratis.ContainerStateMachine (ContainerStateMachine.java:takeSnapshot(291)) - group-3E8CA9905F22: Taking a snapshot at:(t:2, i:10) file /github/workspace/mnt/ozone/hadoop-ozone/integration-test/target/test-dir/MiniOzoneClusterImpl-5b5774a2-bf3c-4723-a113-e238e3f8131c/datanode-3/data/ratis/2f262e5f-c32b-47ed-b451-3e8ca9905f22/sm/snapshot.2_10
2021-03-01 18:12:24,099 [ForkJoinPool.commonPool-worker-0] INFO  segmented.SegmentedRaftLogWorker (SegmentedRaftLogWorker.java:close(236)) - a5a3f093-0768-4d4b-b08f-053c130678b3@group-23AF959E1599-SegmentedRaftLogWorker close()
2021-03-01 18:12:24,100 [ca5fd955-873f-4bac-9f2a-538d93af5c77@group-3E8CA9905F22-StateMachineUpdater] INFO  ratis.ContainerStateMachine (ContainerStateMachine.java:takeSnapshot(302)) - group-3E8CA9905F22: Finished taking a snapshot at:(t:2, i:10) file:/github/workspace/mnt/ozone/hadoop-ozone/integration-test/target/test-dir/MiniOzoneClusterImpl-5b5774a2-bf3c-4723-a113-e238e3f8131c/datanode-3/data/ratis/2f262e5f-c32b-47ed-b451-3e8ca9905f22/sm/snapshot.2_10 took: 1 ms
2021-03-01 18:12:24,100 [ca5fd955-873f-4bac-9f2a-538d93af5c77@group-3E8CA9905F22-StateMachineUpdater] INFO  impl.StateMachineUpdater (StateMachineUpdater.java:takeSnapshot(279)) - ca5fd955-873f-4bac-9f2a-538d93af5c77@group-3E8CA9905F22-StateMachineUpdater: Took a snapshot at index 10
2021-03-01 18:12:24,100 [ca5fd955-873f-4bac-9f2a-538d93af5c77@group-3E8CA9905F22-StateMachineUpdater] INFO  impl.StateMachineUpdater (StateMachineUpdater.java:lambda$new$0(88)) - ca5fd955-873f-4bac-9f2a-538d93af5c77@group-3E8CA9905F22-StateMachineUpdater: snapshotIndex: updateIncreasingly -1 -> 10
2021-03-01 18:12:24,100 [ca5fd955-873f-4bac-9f2a-538d93af5c77@group-3E8CA9905F22-StateMachineUpdater] INFO  metrics.RatisMetrics (RatisMetrics.java:unregister(43)) - Unregistering Metrics Registry : ratis.state_machine.ca5fd955-873f-4bac-9f2a-538d93af5c77@group-3E8CA9905F22
2021-03-01 18:12:24,100 [Listener at 127.0.0.1/41333] INFO  server.RaftServer$Division (ServerState.java:close(405)) - ca5fd955-873f-4bac-9f2a-538d93af5c77@group-3E8CA9905F22: closes. applyIndex: 10
2021-03-01 18:12:24,100 [ca5fd955-873f-4bac-9f2a-538d93af5c77@group-3E8CA9905F22-SegmentedRaftLogWorker] INFO  segmented.SegmentedRaftLogWorker (SegmentedRaftLogWorker.java:run(326)) - ca5fd955-873f-4bac-9f2a-538d93af5c77@group-3E8CA9905F22-SegmentedRaftLogWorker was interrupted, exiting. There are 0 tasks remaining in the queue.
2021-03-01 18:12:24,100 [Listener at 127.0.0.1/41333] INFO  segmented.SegmentedRaftLogWorker (SegmentedRaftLogWorker.java:close(236)) - ca5fd955-873f-4bac-9f2a-538d93af5c77@group-3E8CA9905F22-SegmentedRaftLogWorker close()
2021-03-01 18:12:24,111 [ForkJoinPool.commonPool-worker-0] INFO  metrics.RatisMetrics (RatisMetrics.java:unregister(43)) - Unregistering Metrics Registry : ratis.log_worker.a5a3f093-0768-4d4b-b08f-053c130678b3@group-23AF959E1599
2021-03-01 18:12:24,111 [Listener at 127.0.0.1/41333] INFO  metrics.RatisMetrics (RatisMetrics.java:unregister(43)) - Unregistering Metrics Registry : ratis.log_worker.ca5fd955-873f-4bac-9f2a-538d93af5c77@group-3E8CA9905F22
2021-03-01 18:12:24,111 [ForkJoinPool.commonPool-worker-0] INFO  metrics.RatisMetrics (RatisMetrics.java:unregister(43)) - Unregistering Metrics Registry : ratis.leader_election.a5a3f093-0768-4d4b-b08f-053c130678b3@group-23AF959E1599
2021-03-01 18:12:24,112 [Listener at 127.0.0.1/41333] INFO  metrics.RatisMetrics (RatisMetrics.java:unregister(43)) - Unregistering Metrics Registry : ratis.leader_election.ca5fd955-873f-4bac-9f2a-538d93af5c77@group-3E8CA9905F22
2021-03-01 18:12:24,112 [ForkJoinPool.commonPool-worker-0] INFO  metrics.RatisMetrics (RatisMetrics.java:unregister(43)) - Unregistering Metrics Registry : ratis.server.a5a3f093-0768-4d4b-b08f-053c130678b3@group-23AF959E1599
2021-03-01 18:12:24,112 [Listener at 127.0.0.1/41333] INFO  metrics.RatisMetrics (RatisMetrics.java:unregister(43)) - Unregistering Metrics Registry : ratis.server.ca5fd955-873f-4bac-9f2a-538d93af5c77@group-3E8CA9905F22
2021-03-01 18:12:24,112 [Listener at 127.0.0.1/41333] INFO  server.RaftServer$Division (RaftServerImpl.java:lambda$close$4(406)) - ca5fd955-873f-4bac-9f2a-538d93af5c77@group-124E35EA2158: shutdown
2021-03-01 18:12:24,112 [Listener at 127.0.0.1/41333] INFO  util.JmxRegister (JmxRegister.java:unregister(73)) - Successfully un-registered JMX Bean with object name Ratis:service=RaftServer,group=group-124E35EA2158,id=ca5fd955-873f-4bac-9f2a-538d93af5c77
2021-03-01 18:12:24,112 [Listener at 127.0.0.1/41333] INFO  impl.RoleInfo (RoleInfo.java:shutdownLeaderState(91)) - ca5fd955-873f-4bac-9f2a-538d93af5c77: shutdown ca5fd955-873f-4bac-9f2a-538d93af5c77@group-124E35EA2158-LeaderStateImpl
2021-03-01 18:12:24,113 [Listener at 127.0.0.1/41333] INFO  impl.PendingRequests (PendingRequests.java:sendNotLeaderResponses(249)) - ca5fd955-873f-4bac-9f2a-538d93af5c77@group-124E35EA2158-PendingRequests: sendNotLeaderResponses
2021-03-01 18:12:24,113 [Listener at 127.0.0.1/41333] INFO  metrics.RatisMetrics (RatisMetrics.java:unregister(43)) - Unregistering Metrics Registry : ratis.log_appender.ca5fd955-873f-4bac-9f2a-538d93af5c77@group-124E35EA2158
2021-03-01 18:12:24,113 [Listener at 127.0.0.1/41333] INFO  metrics.RatisMetrics (RatisMetrics.java:unregister(43)) - Unregistering Metrics Registry : ratis.server.ca5fd955-873f-4bac-9f2a-538d93af5c77@group-124E35EA2158
2021-03-01 18:12:24,114 [Listener at 127.0.0.1/41333] INFO  impl.StateMachineUpdater (StateMachineUpdater.java:stopAndJoin(148)) - ca5fd955-873f-4bac-9f2a-538d93af5c77@group-124E35EA2158-StateMachineUpdater: set stopIndex = 0
2021-03-01 18:12:24,112 [ForkJoinPool.commonPool-worker-0] INFO  server.RaftServer$Division (RaftServerImpl.java:lambda$close$4(406)) - a5a3f093-0768-4d4b-b08f-053c130678b3@group-183949E5868D: shutdown
2021-03-01 18:12:24,114 [ForkJoinPool.commonPool-worker-0] INFO  util.JmxRegister (JmxRegister.java:unregister(73)) - Successfully un-registered JMX Bean with object name Ratis:service=RaftServer,group=group-183949E5868D,id=a5a3f093-0768-4d4b-b08f-053c130678b3
2021-03-01 18:12:24,114 [ForkJoinPool.commonPool-worker-0] INFO  impl.RoleInfo (RoleInfo.java:shutdownFollowerState(108)) - a5a3f093-0768-4d4b-b08f-053c130678b3: shutdown a5a3f093-0768-4d4b-b08f-053c130678b3@group-183949E5868D-FollowerState
2021-03-01 18:12:24,114 [ForkJoinPool.commonPool-worker-0] INFO  impl.StateMachineUpdater (StateMachineUpdater.java:stopAndJoin(148)) - a5a3f093-0768-4d4b-b08f-053c130678b3@group-183949E5868D-StateMachineUpdater: set stopIndex = 0
2021-03-01 18:12:24,114 [ca5fd955-873f-4bac-9f2a-538d93af5c77@group-124E35EA2158-StateMachineUpdater] INFO  ratis.ContainerStateMachine (ContainerStateMachine.java:takeSnapshot(291)) - group-124E35EA2158: Taking a snapshot at:(t:1, i:0) file /github/workspace/mnt/ozone/hadoop-ozone/integration-test/target/test-dir/MiniOzoneClusterImpl-5b5774a2-bf3c-4723-a113-e238e3f8131c/datanode-3/data/ratis/1319189b-64a6-42c0-a324-124e35ea2158/sm/snapshot.1_0
2021-03-01 18:12:24,115 [a5a3f093-0768-4d4b-b08f-053c130678b3@group-183949E5868D-StateMachineUpdater] INFO  ratis.ContainerStateMachine (ContainerStateMachine.java:takeSnapshot(291)) - group-183949E5868D: Taking a snapshot at:(t:2, i:0) file /github/workspace/mnt/ozone/hadoop-ozone/integration-test/target/test-dir/MiniOzoneClusterImpl-5b5774a2-bf3c-4723-a113-e238e3f8131c/datanode-2/data/ratis/6a91cd44-6d96-4d75-88f7-183949e5868d/sm/snapshot.2_0
2021-03-01 18:12:24,115 [Thread-4491] INFO  impl.FollowerState (FollowerState.java:run(142)) - a5a3f093-0768-4d4b-b08f-053c130678b3@group-183949E5868D-FollowerState was interrupted: {}
java.lang.InterruptedException: sleep interrupted
	at java.lang.Thread.sleep(Native Method)
	at java.lang.Thread.sleep(Thread.java:340)
	at java.util.concurrent.TimeUnit.sleep(TimeUnit.java:386)
	at org.apache.ratis.util.TimeDuration.sleep(TimeDuration.java:324)
	at org.apache.ratis.util.TimeDuration.sleep(TimeDuration.java:309)
	at org.apache.ratis.server.impl.FollowerState.run(FollowerState.java:117)
2021-03-01 18:12:24,115 [ca5fd955-873f-4bac-9f2a-538d93af5c77@group-124E35EA2158-StateMachineUpdater] INFO  ratis.ContainerStateMachine (ContainerStateMachine.java:takeSnapshot(302)) - group-124E35EA2158: Finished taking a snapshot at:(t:1, i:0) file:/github/workspace/mnt/ozone/hadoop-ozone/integration-test/target/test-dir/MiniOzoneClusterImpl-5b5774a2-bf3c-4723-a113-e238e3f8131c/datanode-3/data/ratis/1319189b-64a6-42c0-a324-124e35ea2158/sm/snapshot.1_0 took: 1 ms
2021-03-01 18:12:24,115 [ca5fd955-873f-4bac-9f2a-538d93af5c77@group-124E35EA2158-StateMachineUpdater] INFO  impl.StateMachineUpdater (StateMachineUpdater.java:takeSnapshot(279)) - ca5fd955-873f-4bac-9f2a-538d93af5c77@group-124E35EA2158-StateMachineUpdater: Took a snapshot at index 0
2021-03-01 18:12:24,115 [ca5fd955-873f-4bac-9f2a-538d93af5c77@group-124E35EA2158-StateMachineUpdater] INFO  impl.StateMachineUpdater (StateMachineUpdater.java:lambda$new$0(88)) - ca5fd955-873f-4bac-9f2a-538d93af5c77@group-124E35EA2158-StateMachineUpdater: snapshotIndex: updateIncreasingly -1 -> 0
2021-03-01 18:12:24,116 [ca5fd955-873f-4bac-9f2a-538d93af5c77@group-124E35EA2158-StateMachineUpdater] INFO  metrics.RatisMetrics (RatisMetrics.java:unregister(43)) - Unregistering Metrics Registry : ratis.state_machine.ca5fd955-873f-4bac-9f2a-538d93af5c77@group-124E35EA2158
2021-03-01 18:12:24,116 [a5a3f093-0768-4d4b-b08f-053c130678b3@group-183949E5868D-StateMachineUpdater] INFO  ratis.ContainerStateMachine (ContainerStateMachine.java:takeSnapshot(302)) - group-183949E5868D: Finished taking a snapshot at:(t:2, i:0) file:/github/workspace/mnt/ozone/hadoop-ozone/integration-test/target/test-dir/MiniOzoneClusterImpl-5b5774a2-bf3c-4723-a113-e238e3f8131c/datanode-2/data/ratis/6a91cd44-6d96-4d75-88f7-183949e5868d/sm/snapshot.2_0 took: 0 ms
2021-03-01 18:12:24,116 [a5a3f093-0768-4d4b-b08f-053c130678b3@group-183949E5868D-StateMachineUpdater] INFO  impl.StateMachineUpdater (StateMachineUpdater.java:takeSnapshot(279)) - a5a3f093-0768-4d4b-b08f-053c130678b3@group-183949E5868D-StateMachineUpdater: Took a snapshot at index 0
2021-03-01 18:12:24,116 [a5a3f093-0768-4d4b-b08f-053c130678b3@group-183949E5868D-StateMachineUpdater] INFO  impl.StateMachineUpdater (StateMachineUpdater.java:lambda$new$0(88)) - a5a3f093-0768-4d4b-b08f-053c130678b3@group-183949E5868D-StateMachineUpdater: snapshotIndex: updateIncreasingly -1 -> 0
2021-03-01 18:12:24,116 [a5a3f093-0768-4d4b-b08f-053c130678b3@group-183949E5868D-StateMachineUpdater] INFO  metrics.RatisMetrics (RatisMetrics.java:unregister(43)) - Unregistering Metrics Registry : ratis.state_machine.a5a3f093-0768-4d4b-b08f-053c130678b3@group-183949E5868D
2021-03-01 18:12:24,116 [ForkJoinPool.commonPool-worker-0] INFO  server.RaftServer$Division (ServerState.java:close(405)) - a5a3f093-0768-4d4b-b08f-053c130678b3@group-183949E5868D: closes. applyIndex: 0
2021-03-01 18:12:24,116 [a5a3f093-0768-4d4b-b08f-053c130678b3@group-183949E5868D-SegmentedRaftLogWorker] INFO  segmented.SegmentedRaftLogWorker (SegmentedRaftLogWorker.java:run(326)) - a5a3f093-0768-4d4b-b08f-053c130678b3@group-183949E5868D-SegmentedRaftLogWorker was interrupted, exiting. There are 0 tasks remaining in the queue.
2021-03-01 18:12:24,116 [ForkJoinPool.commonPool-worker-0] INFO  segmented.SegmentedRaftLogWorker (SegmentedRaftLogWorker.java:close(236)) - a5a3f093-0768-4d4b-b08f-053c130678b3@group-183949E5868D-SegmentedRaftLogWorker close()
2021-03-01 18:12:24,117 [Listener at 127.0.0.1/41333] INFO  server.RaftServer$Division (ServerState.java:close(405)) - ca5fd955-873f-4bac-9f2a-538d93af5c77@group-124E35EA2158: closes. applyIndex: 0
2021-03-01 18:12:24,117 [ca5fd955-873f-4bac-9f2a-538d93af5c77@group-124E35EA2158-SegmentedRaftLogWorker] INFO  segmented.SegmentedRaftLogWorker (SegmentedRaftLogWorker.java:run(326)) - ca5fd955-873f-4bac-9f2a-538d93af5c77@group-124E35EA2158-SegmentedRaftLogWorker was interrupted, exiting. There are 0 tasks remaining in the queue.
2021-03-01 18:12:24,117 [Listener at 127.0.0.1/41333] INFO  segmented.SegmentedRaftLogWorker (SegmentedRaftLogWorker.java:close(236)) - ca5fd955-873f-4bac-9f2a-538d93af5c77@group-124E35EA2158-SegmentedRaftLogWorker close()
2021-03-01 18:12:24,147 [ForkJoinPool.commonPool-worker-0] INFO  metrics.RatisMetrics (RatisMetrics.java:unregister(43)) - Unregistering Metrics Registry : ratis.log_worker.a5a3f093-0768-4d4b-b08f-053c130678b3@group-183949E5868D
2021-03-01 18:12:24,147 [ForkJoinPool.commonPool-worker-0] INFO  metrics.RatisMetrics (RatisMetrics.java:unregister(43)) - Unregistering Metrics Registry : ratis.leader_election.a5a3f093-0768-4d4b-b08f-053c130678b3@group-183949E5868D
2021-03-01 18:12:24,147 [ForkJoinPool.commonPool-worker-0] INFO  metrics.RatisMetrics (RatisMetrics.java:unregister(43)) - Unregistering Metrics Registry : ratis.server.a5a3f093-0768-4d4b-b08f-053c130678b3@group-183949E5868D
2021-03-01 18:12:24,147 [ForkJoinPool.commonPool-worker-0] INFO  server.RaftServer$Division (RaftServerImpl.java:lambda$close$4(406)) - a5a3f093-0768-4d4b-b08f-053c130678b3@group-617FBAE04F80: shutdown
2021-03-01 18:12:24,147 [ForkJoinPool.commonPool-worker-0] INFO  util.JmxRegister (JmxRegister.java:unregister(73)) - Successfully un-registered JMX Bean with object name Ratis:service=RaftServer,group=group-617FBAE04F80,id=a5a3f093-0768-4d4b-b08f-053c130678b3
2021-03-01 18:12:24,147 [ForkJoinPool.commonPool-worker-0] INFO  impl.RoleInfo (RoleInfo.java:shutdownFollowerState(108)) - a5a3f093-0768-4d4b-b08f-053c130678b3: shutdown a5a3f093-0768-4d4b-b08f-053c130678b3@group-617FBAE04F80-FollowerState
2021-03-01 18:12:24,147 [ForkJoinPool.commonPool-worker-0] INFO  impl.StateMachineUpdater (StateMachineUpdater.java:stopAndJoin(148)) - a5a3f093-0768-4d4b-b08f-053c130678b3@group-617FBAE04F80-StateMachineUpdater: set stopIndex = 1
2021-03-01 18:12:24,147 [Thread-4770] INFO  impl.FollowerState (FollowerState.java:run(142)) - a5a3f093-0768-4d4b-b08f-053c130678b3@group-617FBAE04F80-FollowerState was interrupted: {}
java.lang.InterruptedException: sleep interrupted
	at java.lang.Thread.sleep(Native Method)
	at java.lang.Thread.sleep(Thread.java:340)
	at java.util.concurrent.TimeUnit.sleep(TimeUnit.java:386)
	at org.apache.ratis.util.TimeDuration.sleep(TimeDuration.java:324)
	at org.apache.ratis.util.TimeDuration.sleep(TimeDuration.java:309)
	at org.apache.ratis.server.impl.FollowerState.run(FollowerState.java:117)
2021-03-01 18:12:24,147 [Listener at 127.0.0.1/41333] INFO  metrics.RatisMetrics (RatisMetrics.java:unregister(43)) - Unregistering Metrics Registry : ratis.log_worker.ca5fd955-873f-4bac-9f2a-538d93af5c77@group-124E35EA2158
2021-03-01 18:12:24,148 [Listener at 127.0.0.1/41333] INFO  metrics.RatisMetrics (RatisMetrics.java:unregister(43)) - Unregistering Metrics Registry : ratis.leader_election.ca5fd955-873f-4bac-9f2a-538d93af5c77@group-124E35EA2158
2021-03-01 18:12:24,148 [Listener at 127.0.0.1/41333] INFO  metrics.RatisMetrics (RatisMetrics.java:unregister(43)) - Unregistering Metrics Registry : ratis.server.ca5fd955-873f-4bac-9f2a-538d93af5c77@group-124E35EA2158
2021-03-01 18:12:24,148 [Listener at 127.0.0.1/41333] INFO  server.RaftServer$Division (RaftServerImpl.java:lambda$close$4(406)) - ca5fd955-873f-4bac-9f2a-538d93af5c77@group-1C1384E55287: shutdown
2021-03-01 18:12:24,148 [a5a3f093-0768-4d4b-b08f-053c130678b3@group-617FBAE04F80-StateMachineUpdater] INFO  ratis.ContainerStateMachine (ContainerStateMachine.java:takeSnapshot(291)) - group-617FBAE04F80: Taking a snapshot at:(t:4, i:1) file /github/workspace/mnt/ozone/hadoop-ozone/integration-test/target/test-dir/MiniOzoneClusterImpl-5b5774a2-bf3c-4723-a113-e238e3f8131c/datanode-2/data/ratis/da80ac3f-35d5-4acd-b79a-617fbae04f80/sm/snapshot.4_1
2021-03-01 18:12:24,148 [Listener at 127.0.0.1/41333] INFO  util.JmxRegister (JmxRegister.java:unregister(73)) - Successfully un-registered JMX Bean with object name Ratis:service=RaftServer,group=group-1C1384E55287,id=ca5fd955-873f-4bac-9f2a-538d93af5c77
2021-03-01 18:12:24,148 [Listener at 127.0.0.1/41333] INFO  impl.RoleInfo (RoleInfo.java:shutdownLeaderState(91)) - ca5fd955-873f-4bac-9f2a-538d93af5c77: shutdown ca5fd955-873f-4bac-9f2a-538d93af5c77@group-1C1384E55287-LeaderStateImpl
2021-03-01 18:12:24,148 [Listener at 127.0.0.1/41333] INFO  metrics.RatisMetrics (RatisMetrics.java:unregister(43)) - Unregistering Metrics Registry : ratis_grpc.log_appender.ca5fd955-873f-4bac-9f2a-538d93af5c77@group-1C1384E55287
2021-03-01 18:12:24,148 [Listener at 127.0.0.1/41333] INFO  metrics.RatisMetrics (RatisMetrics.java:unregister(43)) - Unregistering Metrics Registry : ratis_grpc.log_appender.ca5fd955-873f-4bac-9f2a-538d93af5c77@group-1C1384E55287
2021-03-01 18:12:24,149 [Listener at 127.0.0.1/41333] INFO  impl.PendingRequests (PendingRequests.java:sendNotLeaderResponses(249)) - ca5fd955-873f-4bac-9f2a-538d93af5c77@group-1C1384E55287-PendingRequests: sendNotLeaderResponses
2021-03-01 18:12:24,149 [a5a3f093-0768-4d4b-b08f-053c130678b3@group-617FBAE04F80-StateMachineUpdater] INFO  ratis.ContainerStateMachine (ContainerStateMachine.java:takeSnapshot(302)) - group-617FBAE04F80: Finished taking a snapshot at:(t:4, i:1) file:/github/workspace/mnt/ozone/hadoop-ozone/integration-test/target/test-dir/MiniOzoneClusterImpl-5b5774a2-bf3c-4723-a113-e238e3f8131c/datanode-2/data/ratis/da80ac3f-35d5-4acd-b79a-617fbae04f80/sm/snapshot.4_1 took: 0 ms
2021-03-01 18:12:24,149 [ca5fd955-873f-4bac-9f2a-538d93af5c77@group-1C1384E55287->b303f36a-f963-4721-9f7a-b5e9e54e4468-GrpcLogAppender-LogAppenderDaemon] WARN  server.GrpcLogAppender (GrpcLogAppender.java:mayWait(175)) - ca5fd955-873f-4bac-9f2a-538d93af5c77@group-1C1384E55287->b303f36a-f963-4721-9f7a-b5e9e54e4468-GrpcLogAppender: Wait interrupted by java.lang.InterruptedException
2021-03-01 18:12:24,149 [a5a3f093-0768-4d4b-b08f-053c130678b3@group-617FBAE04F80-StateMachineUpdater] INFO  impl.StateMachineUpdater (StateMachineUpdater.java:takeSnapshot(279)) - a5a3f093-0768-4d4b-b08f-053c130678b3@group-617FBAE04F80-StateMachineUpdater: Took a snapshot at index 1
2021-03-01 18:12:24,149 [a5a3f093-0768-4d4b-b08f-053c130678b3@group-617FBAE04F80-StateMachineUpdater] INFO  impl.StateMachineUpdater (StateMachineUpdater.java:lambda$new$0(88)) - a5a3f093-0768-4d4b-b08f-053c130678b3@group-617FBAE04F80-StateMachineUpdater: snapshotIndex: updateIncreasingly -1 -> 1
2021-03-01 18:12:24,149 [Listener at 127.0.0.1/41333] INFO  metrics.RatisMetrics (RatisMetrics.java:unregister(43)) - Unregistering Metrics Registry : ratis.log_appender.ca5fd955-873f-4bac-9f2a-538d93af5c77@group-1C1384E55287
2021-03-01 18:12:24,149 [a5a3f093-0768-4d4b-b08f-053c130678b3@group-617FBAE04F80-StateMachineUpdater] INFO  metrics.RatisMetrics (RatisMetrics.java:unregister(43)) - Unregistering Metrics Registry : ratis.state_machine.a5a3f093-0768-4d4b-b08f-053c130678b3@group-617FBAE04F80
2021-03-01 18:12:24,149 [ForkJoinPool.commonPool-worker-0] INFO  server.RaftServer$Division (ServerState.java:close(405)) - a5a3f093-0768-4d4b-b08f-053c130678b3@group-617FBAE04F80: closes. applyIndex: 1
2021-03-01 18:12:24,149 [grpc-default-executor-5] INFO  server.GrpcServerProtocolService (GrpcServerProtocolService.java:onCompleted(138)) - b303f36a-f963-4721-9f7a-b5e9e54e4468: Completed APPEND_ENTRIES, lastRequest: ca5fd955-873f-4bac-9f2a-538d93af5c77->b303f36a-f963-4721-9f7a-b5e9e54e4468#1-t1,previous=(t:0, i:0),leaderCommit=-1,initializing? true,entries: size=1, first=(t:1, i:0), CONFIGURATIONENTRY
2021-03-01 18:12:24,149 [Listener at 127.0.0.1/41333] INFO  metrics.RatisMetrics (RatisMetrics.java:unregister(43)) - Unregistering Metrics Registry : ratis.server.ca5fd955-873f-4bac-9f2a-538d93af5c77@group-1C1384E55287
2021-03-01 18:12:24,150 [a5a3f093-0768-4d4b-b08f-053c130678b3@group-617FBAE04F80-SegmentedRaftLogWorker] INFO  segmented.SegmentedRaftLogWorker (SegmentedRaftLogWorker.java:run(326)) - a5a3f093-0768-4d4b-b08f-053c130678b3@group-617FBAE04F80-SegmentedRaftLogWorker was interrupted, exiting. There are 0 tasks remaining in the queue.
2021-03-01 18:12:24,151 [grpc-default-executor-3] INFO  server.GrpcLogAppender (GrpcLogAppender.java:onCompleted(344)) - ca5fd955-873f-4bac-9f2a-538d93af5c77@group-1C1384E55287->b303f36a-f963-4721-9f7a-b5e9e54e4468-AppendLogResponseHandler: follower responses appendEntries COMPLETED
2021-03-01 18:12:24,151 [grpc-default-executor-3] INFO  leader.FollowerInfo (FollowerInfoImpl.java:lambda$new$0(46)) - ca5fd955-873f-4bac-9f2a-538d93af5c77@group-1C1384E55287->b303f36a-f963-4721-9f7a-b5e9e54e4468: nextIndex: updateUnconditionally 1 -> 0
2021-03-01 18:12:24,151 [Listener at 127.0.0.1/41333] INFO  impl.StateMachineUpdater (StateMachineUpdater.java:stopAndJoin(148)) - ca5fd955-873f-4bac-9f2a-538d93af5c77@group-1C1384E55287-StateMachineUpdater: set stopIndex = 0
2021-03-01 18:12:24,153 [ForkJoinPool.commonPool-worker-0] INFO  segmented.SegmentedRaftLogWorker (SegmentedRaftLogWorker.java:close(236)) - a5a3f093-0768-4d4b-b08f-053c130678b3@group-617FBAE04F80-SegmentedRaftLogWorker close()
2021-03-01 18:12:24,153 [ca5fd955-873f-4bac-9f2a-538d93af5c77@group-1C1384E55287-StateMachineUpdater] INFO  ratis.ContainerStateMachine (ContainerStateMachine.java:takeSnapshot(291)) - group-1C1384E55287: Taking a snapshot at:(t:1, i:0) file /github/workspace/mnt/ozone/hadoop-ozone/integration-test/target/test-dir/MiniOzoneClusterImpl-5b5774a2-bf3c-4723-a113-e238e3f8131c/datanode-3/data/ratis/a1cc7fb7-1dfd-47c2-8159-1c1384e55287/sm/snapshot.1_0
2021-03-01 18:12:24,154 [ForkJoinPool.commonPool-worker-0] INFO  metrics.RatisMetrics (RatisMetrics.java:unregister(43)) - Unregistering Metrics Registry : ratis.log_worker.a5a3f093-0768-4d4b-b08f-053c130678b3@group-617FBAE04F80
2021-03-01 18:12:24,167 [ForkJoinPool.commonPool-worker-0] INFO  metrics.RatisMetrics (RatisMetrics.java:unregister(43)) - Unregistering Metrics Registry : ratis.leader_election.a5a3f093-0768-4d4b-b08f-053c130678b3@group-617FBAE04F80
2021-03-01 18:12:24,167 [ForkJoinPool.commonPool-worker-0] INFO  metrics.RatisMetrics (RatisMetrics.java:unregister(43)) - Unregistering Metrics Registry : ratis.server.a5a3f093-0768-4d4b-b08f-053c130678b3@group-617FBAE04F80
2021-03-01 18:12:24,168 [ForkJoinPool.commonPool-worker-0] INFO  server.RaftServer$Division (RaftServerImpl.java:lambda$close$4(406)) - a5a3f093-0768-4d4b-b08f-053c130678b3@group-56E890C13FB3: shutdown
2021-03-01 18:12:24,168 [ForkJoinPool.commonPool-worker-0] INFO  util.JmxRegister (JmxRegister.java:unregister(73)) - Successfully un-registered JMX Bean with object name Ratis:service=RaftServer,group=group-56E890C13FB3,id=a5a3f093-0768-4d4b-b08f-053c130678b3
2021-03-01 18:12:24,168 [ForkJoinPool.commonPool-worker-0] INFO  impl.RoleInfo (RoleInfo.java:shutdownLeaderState(91)) - a5a3f093-0768-4d4b-b08f-053c130678b3: shutdown a5a3f093-0768-4d4b-b08f-053c130678b3@group-56E890C13FB3-LeaderStateImpl
2021-03-01 18:12:24,168 [ForkJoinPool.commonPool-worker-0] INFO  metrics.RatisMetrics (RatisMetrics.java:unregister(43)) - Unregistering Metrics Registry : ratis_grpc.log_appender.a5a3f093-0768-4d4b-b08f-053c130678b3@group-56E890C13FB3
2021-03-01 18:12:24,168 [ForkJoinPool.commonPool-worker-0] INFO  metrics.RatisMetrics (RatisMetrics.java:unregister(43)) - Unregistering Metrics Registry : ratis_grpc.log_appender.a5a3f093-0768-4d4b-b08f-053c130678b3@group-56E890C13FB3
2021-03-01 18:12:24,168 [ForkJoinPool.commonPool-worker-0] INFO  impl.PendingRequests (PendingRequests.java:sendNotLeaderResponses(249)) - a5a3f093-0768-4d4b-b08f-053c130678b3@group-56E890C13FB3-PendingRequests: sendNotLeaderResponses
2021-03-01 18:12:24,168 [a5a3f093-0768-4d4b-b08f-053c130678b3@group-56E890C13FB3->0f049040-6e0c-4cd4-a487-c7f09e7e4ba1-GrpcLogAppender-LogAppenderDaemon] WARN  server.GrpcLogAppender (GrpcLogAppender.java:mayWait(175)) - a5a3f093-0768-4d4b-b08f-053c130678b3@group-56E890C13FB3->0f049040-6e0c-4cd4-a487-c7f09e7e4ba1-GrpcLogAppender: Wait interrupted by java.lang.InterruptedException
2021-03-01 18:12:24,167 [ca5fd955-873f-4bac-9f2a-538d93af5c77@group-1C1384E55287-StateMachineUpdater] INFO  ratis.ContainerStateMachine (ContainerStateMachine.java:takeSnapshot(302)) - group-1C1384E55287: Finished taking a snapshot at:(t:1, i:0) file:/github/workspace/mnt/ozone/hadoop-ozone/integration-test/target/test-dir/MiniOzoneClusterImpl-5b5774a2-bf3c-4723-a113-e238e3f8131c/datanode-3/data/ratis/a1cc7fb7-1dfd-47c2-8159-1c1384e55287/sm/snapshot.1_0 took: 14 ms
2021-03-01 18:12:24,176 [ca5fd955-873f-4bac-9f2a-538d93af5c77@group-1C1384E55287-StateMachineUpdater] INFO  impl.StateMachineUpdater (StateMachineUpdater.java:takeSnapshot(279)) - ca5fd955-873f-4bac-9f2a-538d93af5c77@group-1C1384E55287-StateMachineUpdater: Took a snapshot at index 0
2021-03-01 18:12:24,176 [ca5fd955-873f-4bac-9f2a-538d93af5c77@group-1C1384E55287-StateMachineUpdater] INFO  impl.StateMachineUpdater (StateMachineUpdater.java:lambda$new$0(88)) - ca5fd955-873f-4bac-9f2a-538d93af5c77@group-1C1384E55287-StateMachineUpdater: snapshotIndex: updateIncreasingly -1 -> 0
2021-03-01 18:12:24,177 [ca5fd955-873f-4bac-9f2a-538d93af5c77@group-1C1384E55287-StateMachineUpdater] INFO  metrics.RatisMetrics (RatisMetrics.java:unregister(43)) - Unregistering Metrics Registry : ratis.state_machine.ca5fd955-873f-4bac-9f2a-538d93af5c77@group-1C1384E55287
2021-03-01 18:12:24,177 [Listener at 127.0.0.1/41333] INFO  server.RaftServer$Division (ServerState.java:close(405)) - ca5fd955-873f-4bac-9f2a-538d93af5c77@group-1C1384E55287: closes. applyIndex: 0
2021-03-01 18:12:24,176 [ForkJoinPool.commonPool-worker-0] INFO  metrics.RatisMetrics (RatisMetrics.java:unregister(43)) - Unregistering Metrics Registry : ratis.log_appender.a5a3f093-0768-4d4b-b08f-053c130678b3@group-56E890C13FB3
2021-03-01 18:12:24,177 [ForkJoinPool.commonPool-worker-0] INFO  metrics.RatisMetrics (RatisMetrics.java:unregister(43)) - Unregistering Metrics Registry : ratis.server.a5a3f093-0768-4d4b-b08f-053c130678b3@group-56E890C13FB3
2021-03-01 18:12:24,178 [ForkJoinPool.commonPool-worker-0] INFO  impl.StateMachineUpdater (StateMachineUpdater.java:stopAndJoin(148)) - a5a3f093-0768-4d4b-b08f-053c130678b3@group-56E890C13FB3-StateMachineUpdater: set stopIndex = 2
2021-03-01 18:12:24,177 [grpc-default-executor-3] INFO  server.GrpcServerProtocolService (GrpcServerProtocolService.java:onCompleted(138)) - 0f049040-6e0c-4cd4-a487-c7f09e7e4ba1: Completed APPEND_ENTRIES, lastRequest: a5a3f093-0768-4d4b-b08f-053c130678b3->0f049040-6e0c-4cd4-a487-c7f09e7e4ba1#7-t10,previous=(t:10, i:1),leaderCommit=1,initializing? true,entries: size=1, first=(t:10, i:2), METADATAENTRY(c:1)
2021-03-01 18:12:24,179 [grpc-default-executor-5] INFO  server.GrpcLogAppender (GrpcLogAppender.java:onCompleted(344)) - a5a3f093-0768-4d4b-b08f-053c130678b3@group-56E890C13FB3->0f049040-6e0c-4cd4-a487-c7f09e7e4ba1-AppendLogResponseHandler: follower responses appendEntries COMPLETED
2021-03-01 18:12:24,179 [grpc-default-executor-5] INFO  leader.FollowerInfo (FollowerInfoImpl.java:lambda$new$0(46)) - a5a3f093-0768-4d4b-b08f-053c130678b3@group-56E890C13FB3->0f049040-6e0c-4cd4-a487-c7f09e7e4ba1: nextIndex: updateUnconditionally 3 -> 2
2021-03-01 18:12:24,180 [ca5fd955-873f-4bac-9f2a-538d93af5c77@group-1C1384E55287-SegmentedRaftLogWorker] INFO  segmented.SegmentedRaftLogWorker (SegmentedRaftLogWorker.java:run(326)) - ca5fd955-873f-4bac-9f2a-538d93af5c77@group-1C1384E55287-SegmentedRaftLogWorker was interrupted, exiting. There are 0 tasks remaining in the queue.
2021-03-01 18:12:24,180 [a5a3f093-0768-4d4b-b08f-053c130678b3@group-56E890C13FB3-StateMachineUpdater] INFO  ratis.ContainerStateMachine (ContainerStateMachine.java:takeSnapshot(291)) - group-56E890C13FB3: Taking a snapshot at:(t:10, i:2) file /github/workspace/mnt/ozone/hadoop-ozone/integration-test/target/test-dir/MiniOzoneClusterImpl-5b5774a2-bf3c-4723-a113-e238e3f8131c/datanode-2/data/ratis/d7d51450-7844-4544-a5b2-56e890c13fb3/sm/snapshot.10_2
2021-03-01 18:12:24,181 [Listener at 127.0.0.1/41333] INFO  segmented.SegmentedRaftLogWorker (SegmentedRaftLogWorker.java:close(236)) - ca5fd955-873f-4bac-9f2a-538d93af5c77@group-1C1384E55287-SegmentedRaftLogWorker close()
2021-03-01 18:12:24,181 [a5a3f093-0768-4d4b-b08f-053c130678b3@group-56E890C13FB3-StateMachineUpdater] INFO  ratis.ContainerStateMachine (ContainerStateMachine.java:takeSnapshot(302)) - group-56E890C13FB3: Finished taking a snapshot at:(t:10, i:2) file:/github/workspace/mnt/ozone/hadoop-ozone/integration-test/target/test-dir/MiniOzoneClusterImpl-5b5774a2-bf3c-4723-a113-e238e3f8131c/datanode-2/data/ratis/d7d51450-7844-4544-a5b2-56e890c13fb3/sm/snapshot.10_2 took: 1 ms
2021-03-01 18:12:24,181 [a5a3f093-0768-4d4b-b08f-053c130678b3@group-56E890C13FB3-StateMachineUpdater] INFO  impl.StateMachineUpdater (StateMachineUpdater.java:takeSnapshot(279)) - a5a3f093-0768-4d4b-b08f-053c130678b3@group-56E890C13FB3-StateMachineUpdater: Took a snapshot at index 2
2021-03-01 18:12:24,181 [a5a3f093-0768-4d4b-b08f-053c130678b3@group-56E890C13FB3-StateMachineUpdater] INFO  impl.StateMachineUpdater (StateMachineUpdater.java:lambda$new$0(88)) - a5a3f093-0768-4d4b-b08f-053c130678b3@group-56E890C13FB3-StateMachineUpdater: snapshotIndex: updateIncreasingly -1 -> 2
2021-03-01 18:12:24,181 [a5a3f093-0768-4d4b-b08f-053c130678b3@group-56E890C13FB3-StateMachineUpdater] INFO  metrics.RatisMetrics (RatisMetrics.java:unregister(43)) - Unregistering Metrics Registry : ratis.state_machine.a5a3f093-0768-4d4b-b08f-053c130678b3@group-56E890C13FB3
2021-03-01 18:12:24,182 [ForkJoinPool.commonPool-worker-0] INFO  server.RaftServer$Division (ServerState.java:close(405)) - a5a3f093-0768-4d4b-b08f-053c130678b3@group-56E890C13FB3: closes. applyIndex: 2
2021-03-01 18:12:24,182 [a5a3f093-0768-4d4b-b08f-053c130678b3@group-56E890C13FB3-SegmentedRaftLogWorker] INFO  segmented.SegmentedRaftLogWorker (SegmentedRaftLogWorker.java:run(326)) - a5a3f093-0768-4d4b-b08f-053c130678b3@group-56E890C13FB3-SegmentedRaftLogWorker was interrupted, exiting. There are 0 tasks remaining in the queue.
2021-03-01 18:12:24,188 [Listener at 127.0.0.1/41333] INFO  metrics.RatisMetrics (RatisMetrics.java:unregister(43)) - Unregistering Metrics Registry : ratis.log_worker.ca5fd955-873f-4bac-9f2a-538d93af5c77@group-1C1384E55287
2021-03-01 18:12:24,188 [Listener at 127.0.0.1/41333] INFO  metrics.RatisMetrics (RatisMetrics.java:unregister(43)) - Unregistering Metrics Registry : ratis.leader_election.ca5fd955-873f-4bac-9f2a-538d93af5c77@group-1C1384E55287
2021-03-01 18:12:24,188 [Listener at 127.0.0.1/41333] INFO  metrics.RatisMetrics (RatisMetrics.java:unregister(43)) - Unregistering Metrics Registry : ratis.server.ca5fd955-873f-4bac-9f2a-538d93af5c77@group-1C1384E55287
2021-03-01 18:12:24,188 [Listener at 127.0.0.1/41333] INFO  server.GrpcService (GrpcService.java:closeImpl(262)) - ca5fd955-873f-4bac-9f2a-538d93af5c77: shutdown server with port 36703 now
2021-03-01 18:12:24,189 [ForkJoinPool.commonPool-worker-0] INFO  segmented.SegmentedRaftLogWorker (SegmentedRaftLogWorker.java:close(236)) - a5a3f093-0768-4d4b-b08f-053c130678b3@group-56E890C13FB3-SegmentedRaftLogWorker close()
2021-03-01 18:12:24,193 [ForkJoinPool.commonPool-worker-0] INFO  metrics.RatisMetrics (RatisMetrics.java:unregister(43)) - Unregistering Metrics Registry : ratis.log_worker.a5a3f093-0768-4d4b-b08f-053c130678b3@group-56E890C13FB3
2021-03-01 18:12:24,194 [ForkJoinPool.commonPool-worker-0] INFO  metrics.RatisMetrics (RatisMetrics.java:unregister(43)) - Unregistering Metrics Registry : ratis.leader_election.a5a3f093-0768-4d4b-b08f-053c130678b3@group-56E890C13FB3
2021-03-01 18:12:24,194 [ForkJoinPool.commonPool-worker-0] INFO  metrics.RatisMetrics (RatisMetrics.java:unregister(43)) - Unregistering Metrics Registry : ratis.server.a5a3f093-0768-4d4b-b08f-053c130678b3@group-56E890C13FB3
2021-03-01 18:12:24,194 [ForkJoinPool.commonPool-worker-0] INFO  server.GrpcService (GrpcService.java:closeImpl(262)) - a5a3f093-0768-4d4b-b08f-053c130678b3: shutdown server with port 40499 now
2021-03-01 18:12:24,194 [grpc-default-executor-3] WARN  server.GrpcLogAppender (LogUtils.java:warn(122)) - b303f36a-f963-4721-9f7a-b5e9e54e4468@group-6F3B09D344DD->ca5fd955-873f-4bac-9f2a-538d93af5c77-AppendLogResponseHandler: Failed appendEntries: org.apache.ratis.thirdparty.io.grpc.StatusRuntimeException: CANCELLED: HTTP/2 error code: CANCEL
Received Rst Stream
2021-03-01 18:12:24,194 [grpc-default-executor-3] WARN  server.GrpcLogAppender (GrpcLogAppender.java:resetClient(111)) - b303f36a-f963-4721-9f7a-b5e9e54e4468@group-6F3B09D344DD->ca5fd955-873f-4bac-9f2a-538d93af5c77-GrpcLogAppender: Leader has not got in touch with Follower b303f36a-f963-4721-9f7a-b5e9e54e4468@group-6F3B09D344DD->ca5fd955-873f-4bac-9f2a-538d93af5c77(c0,m0,n1, attendVote=true, lastRpcSendTime=527, lastRpcResponseTime=505) yet, just keep nextIndex unchanged and retry.
2021-03-01 18:12:24,194 [grpc-default-executor-5] WARN  server.GrpcServerProtocolService (LogUtils.java:warn(122)) - ca5fd955-873f-4bac-9f2a-538d93af5c77: installSnapshot onError, lastRequest: b303f36a-f963-4721-9f7a-b5e9e54e4468->ca5fd955-873f-4bac-9f2a-538d93af5c77#1-t4,previous=(t:0, i:0),leaderCommit=0,initializing? true,entries: size=1, first=(t:4, i:0), CONFIGURATIONENTRY: org.apache.ratis.thirdparty.io.grpc.StatusRuntimeException: CANCELLED: client cancelled
2021-03-01 18:12:24,195 [grpc-default-executor-6] WARN  server.GrpcServerProtocolService (LogUtils.java:warn(122)) - a5a3f093-0768-4d4b-b08f-053c130678b3: installSnapshot onError, lastRequest: 0f049040-6e0c-4cd4-a487-c7f09e7e4ba1->a5a3f093-0768-4d4b-b08f-053c130678b3#1-t2,previous=(t:0, i:0),leaderCommit=0,initializing? true,entries: size=1, first=(t:2, i:0), CONFIGURATIONENTRY: org.apache.ratis.thirdparty.io.grpc.StatusRuntimeException: CANCELLED: client cancelled
2021-03-01 18:12:24,195 [grpc-default-executor-3] WARN  server.GrpcServerProtocolService (LogUtils.java:warn(122)) - a5a3f093-0768-4d4b-b08f-053c130678b3: installSnapshot onError, lastRequest: 0f049040-6e0c-4cd4-a487-c7f09e7e4ba1->a5a3f093-0768-4d4b-b08f-053c130678b3#2-t4,previous=(t:4, i:1),leaderCommit=1,initializing? true,entries: size=1, first=(t:4, i:2), METADATAENTRY(c:1): org.apache.ratis.thirdparty.io.grpc.StatusRuntimeException: CANCELLED: client cancelled
2021-03-01 18:12:24,195 [grpc-default-executor-5] WARN  server.GrpcLogAppender (LogUtils.java:warn(122)) - 0f049040-6e0c-4cd4-a487-c7f09e7e4ba1@group-183949E5868D->a5a3f093-0768-4d4b-b08f-053c130678b3-AppendLogResponseHandler: Failed appendEntries: org.apache.ratis.thirdparty.io.grpc.StatusRuntimeException: CANCELLED: HTTP/2 error code: CANCEL
Received Rst Stream
2021-03-01 18:12:24,195 [grpc-default-executor-5] WARN  server.GrpcLogAppender (GrpcLogAppender.java:resetClient(111)) - 0f049040-6e0c-4cd4-a487-c7f09e7e4ba1@group-183949E5868D->a5a3f093-0768-4d4b-b08f-053c130678b3-GrpcLogAppender: Leader has not got in touch with Follower 0f049040-6e0c-4cd4-a487-c7f09e7e4ba1@group-183949E5868D->a5a3f093-0768-4d4b-b08f-053c130678b3(c0,m0,n1, attendVote=true, lastRpcSendTime=867, lastRpcResponseTime=861) yet, just keep nextIndex unchanged and retry.
2021-03-01 18:12:24,196 [grpc-default-executor-6] WARN  server.GrpcLogAppender (LogUtils.java:warn(122)) - 0f049040-6e0c-4cd4-a487-c7f09e7e4ba1@group-617FBAE04F80->a5a3f093-0768-4d4b-b08f-053c130678b3-AppendLogResponseHandler: Failed appendEntries: org.apache.ratis.thirdparty.io.grpc.StatusRuntimeException: CANCELLED: HTTP/2 error code: CANCEL
Received Rst Stream
2021-03-01 18:12:24,196 [grpc-default-executor-6] INFO  leader.FollowerInfo (FollowerInfoImpl.java:lambda$new$0(46)) - 0f049040-6e0c-4cd4-a487-c7f09e7e4ba1@group-617FBAE04F80->a5a3f093-0768-4d4b-b08f-053c130678b3: nextIndex: updateUnconditionally 3 -> 2
2021-03-01 18:12:24,198 [Listener at 127.0.0.1/41333] INFO  server.GrpcService (GrpcService.java:closeImpl(271)) - ca5fd955-873f-4bac-9f2a-538d93af5c77: shutdown server with port 36703 successfully
2021-03-01 18:12:24,199 [org.apache.ratis.util.JvmPauseMonitor$$Lambda$504/1874703858@32be2050] INFO  util.JvmPauseMonitor (JvmPauseMonitor.java:run(109)) - JvmPauseMonitor-ca5fd955-873f-4bac-9f2a-538d93af5c77: Stopped
2021-03-01 18:12:24,203 [ForkJoinPool.commonPool-worker-0] INFO  server.GrpcService (GrpcService.java:closeImpl(271)) - a5a3f093-0768-4d4b-b08f-053c130678b3: shutdown server with port 40499 successfully
2021-03-01 18:12:24,203 [org.apache.ratis.util.JvmPauseMonitor$$Lambda$504/1874703858@2ea48f2a] INFO  util.JvmPauseMonitor (JvmPauseMonitor.java:run(109)) - JvmPauseMonitor-a5a3f093-0768-4d4b-b08f-053c130678b3: Stopped
2021-03-01 18:12:24,204 [Listener at 127.0.0.1/41333] INFO  utils.BackgroundService (BackgroundService.java:shutdown(132)) - Shutting down service BlockDeletingService
2021-03-01 18:12:24,207 [grpc-default-executor-3] WARN  server.GrpcLogAppender (LogUtils.java:warn(122)) - 0f049040-6e0c-4cd4-a487-c7f09e7e4ba1@group-617FBAE04F80->a5a3f093-0768-4d4b-b08f-053c130678b3-AppendLogResponseHandler: Failed appendEntries: org.apache.ratis.thirdparty.io.grpc.StatusRuntimeException: UNAVAILABLE: io exception
2021-03-01 18:12:24,207 [grpc-default-executor-3] INFO  leader.FollowerInfo (FollowerInfoImpl.java:lambda$new$0(46)) - 0f049040-6e0c-4cd4-a487-c7f09e7e4ba1@group-617FBAE04F80->a5a3f093-0768-4d4b-b08f-053c130678b3: nextIndex: updateUnconditionally 3 -> 2
2021-03-01 18:12:24,231 [ForkJoinPool.commonPool-worker-0] INFO  utils.BackgroundService (BackgroundService.java:shutdown(132)) - Shutting down service BlockDeletingService
2021-03-01 18:12:24,270 [Listener at 127.0.0.1/41333] INFO  statemachine.DatanodeStateMachine (DatanodeStateMachine.java:stopDaemon(469)) - Ozone container server stopped.
2021-03-01 18:12:24,278 [Listener at 127.0.0.1/41333] INFO  handler.ContextHandler (ContextHandler.java:doStop(1154)) - Stopped o.e.j.w.WebAppContext@108d54c8{hddsDatanode,/,null,STOPPED}{jar:file:/home/user/.m2/repository/org/apache/hadoop/hadoop-hdds-container-service/1.1.0-SNAPSHOT/hadoop-hdds-container-service-1.1.0-SNAPSHOT.jar!/webapps/hddsDatanode}
2021-03-01 18:12:24,283 [ForkJoinPool.commonPool-worker-0] INFO  statemachine.DatanodeStateMachine (DatanodeStateMachine.java:stopDaemon(469)) - Ozone container server stopped.
2021-03-01 18:12:24,306 [Listener at 127.0.0.1/41333] INFO  server.AbstractConnector (AbstractConnector.java:doStop(381)) - Stopped ServerConnector@2651601f{HTTP/1.1, (http/1.1)}{0.0.0.0:0}
2021-03-01 18:12:24,306 [Listener at 127.0.0.1/41333] INFO  server.session (HouseKeeper.java:stopScavenging(149)) - node0 Stopped scavenging
2021-03-01 18:12:24,306 [Listener at 127.0.0.1/41333] INFO  handler.ContextHandler (ContextHandler.java:doStop(1154)) - Stopped o.e.j.s.ServletContextHandler@6fdcbbf8{static,/static,jar:file:/home/user/.m2/repository/org/apache/hadoop/hadoop-hdds-container-service/1.1.0-SNAPSHOT/hadoop-hdds-container-service-1.1.0-SNAPSHOT.jar!/webapps/static,STOPPED}
2021-03-01 18:12:24,306 [Listener at 127.0.0.1/41333] INFO  handler.ContextHandler (ContextHandler.java:doStop(1154)) - Stopped o.e.j.s.ServletContextHandler@bbc71f9{logs,/logs,file:///github/workspace/mnt/ozone/hadoop-ozone/integration-test/target/log,STOPPED}
2021-03-01 18:12:24,318 [ForkJoinPool.commonPool-worker-0] INFO  handler.ContextHandler (ContextHandler.java:doStop(1154)) - Stopped o.e.j.w.WebAppContext@239c3862{hddsDatanode,/,null,STOPPED}{jar:file:/home/user/.m2/repository/org/apache/hadoop/hadoop-hdds-container-service/1.1.0-SNAPSHOT/hadoop-hdds-container-service-1.1.0-SNAPSHOT.jar!/webapps/hddsDatanode}
2021-03-01 18:12:24,331 [ForkJoinPool.commonPool-worker-0] INFO  server.AbstractConnector (AbstractConnector.java:doStop(381)) - Stopped ServerConnector@3ad1b78b{HTTP/1.1, (http/1.1)}{0.0.0.0:0}
2021-03-01 18:12:24,331 [ForkJoinPool.commonPool-worker-0] INFO  server.session (HouseKeeper.java:stopScavenging(149)) - node0 Stopped scavenging
2021-03-01 18:12:24,359 [ForkJoinPool.commonPool-worker-0] INFO  handler.ContextHandler (ContextHandler.java:doStop(1154)) - Stopped o.e.j.s.ServletContextHandler@70cf8809{static,/static,jar:file:/home/user/.m2/repository/org/apache/hadoop/hadoop-hdds-container-service/1.1.0-SNAPSHOT/hadoop-hdds-container-service-1.1.0-SNAPSHOT.jar!/webapps/static,STOPPED}
2021-03-01 18:12:24,371 [ForkJoinPool.commonPool-worker-0] INFO  handler.ContextHandler (ContextHandler.java:doStop(1154)) - Stopped o.e.j.s.ServletContextHandler@769255{logs,/logs,file:///github/workspace/mnt/ozone/hadoop-ozone/integration-test/target/log,STOPPED}
2021-03-01 18:12:24,647 [Datanode State Machine Thread - 0] INFO  statemachine.DatanodeStateMachine (DatanodeStateMachine.java:lambda$startDaemon$0(411)) - Ozone container server started.
2021-03-01 18:12:25,074 [Datanode State Machine Thread - 0] INFO  statemachine.DatanodeStateMachine (DatanodeStateMachine.java:lambda$startDaemon$0(411)) - Ozone container server started.
2021-03-01 18:12:25,837 [grpc-default-executor-3] WARN  server.GrpcLogAppender (LogUtils.java:warn(122)) - 0f049040-6e0c-4cd4-a487-c7f09e7e4ba1@group-183949E5868D->a5a3f093-0768-4d4b-b08f-053c130678b3-AppendLogResponseHandler: Failed appendEntries: org.apache.ratis.thirdparty.io.grpc.StatusRuntimeException: UNAVAILABLE: io exception
2021-03-01 18:12:25,837 [grpc-default-executor-3] WARN  server.GrpcLogAppender (GrpcLogAppender.java:resetClient(111)) - 0f049040-6e0c-4cd4-a487-c7f09e7e4ba1@group-183949E5868D->a5a3f093-0768-4d4b-b08f-053c130678b3-GrpcLogAppender: Leader has not got in touch with Follower 0f049040-6e0c-4cd4-a487-c7f09e7e4ba1@group-183949E5868D->a5a3f093-0768-4d4b-b08f-053c130678b3(c0,m0,n1, attendVote=true, lastRpcSendTime=0, lastRpcResponseTime=2503) yet, just keep nextIndex unchanged and retry.
2021-03-01 18:12:25,863 [grpc-default-executor-3] WARN  server.GrpcLogAppender (LogUtils.java:warn(122)) - 0f049040-6e0c-4cd4-a487-c7f09e7e4ba1@group-183949E5868D->f258d114-ea47-4d12-8964-639f425ab8d0-AppendLogResponseHandler: Failed appendEntries: org.apache.ratis.thirdparty.io.grpc.StatusRuntimeException: UNAVAILABLE: io exception
2021-03-01 18:12:25,863 [grpc-default-executor-3] WARN  server.GrpcLogAppender (GrpcLogAppender.java:resetClient(111)) - 0f049040-6e0c-4cd4-a487-c7f09e7e4ba1@group-183949E5868D->f258d114-ea47-4d12-8964-639f425ab8d0-GrpcLogAppender: Leader has not got in touch with Follower 0f049040-6e0c-4cd4-a487-c7f09e7e4ba1@group-183949E5868D->f258d114-ea47-4d12-8964-639f425ab8d0(c0,m0,n1, attendVote=true, lastRpcSendTime=2506, lastRpcResponseTime=7513) yet, just keep nextIndex unchanged and retry.
2021-03-01 18:12:26,167 [grpc-default-executor-3] WARN  server.GrpcLogAppender (LogUtils.java:warn(122)) - b303f36a-f963-4721-9f7a-b5e9e54e4468@group-6F3B09D344DD->a7136ecb-4465-4bae-b158-9cfc61718915-AppendLogResponseHandler: Failed appendEntries: org.apache.ratis.thirdparty.io.grpc.StatusRuntimeException: UNAVAILABLE: io exception
2021-03-01 18:12:26,167 [grpc-default-executor-3] WARN  server.GrpcLogAppender (GrpcLogAppender.java:resetClient(111)) - b303f36a-f963-4721-9f7a-b5e9e54e4468@group-6F3B09D344DD->a7136ecb-4465-4bae-b158-9cfc61718915-GrpcLogAppender: Leader has not got in touch with Follower b303f36a-f963-4721-9f7a-b5e9e54e4468@group-6F3B09D344DD->a7136ecb-4465-4bae-b158-9cfc61718915(c0,m0,n1, attendVote=true, lastRpcSendTime=2508, lastRpcResponseTime=7510) yet, just keep nextIndex unchanged and retry.
2021-03-01 18:12:26,190 [grpc-default-executor-6] WARN  server.GrpcLogAppender (LogUtils.java:warn(122)) - b303f36a-f963-4721-9f7a-b5e9e54e4468@group-6F3B09D344DD->ca5fd955-873f-4bac-9f2a-538d93af5c77-AppendLogResponseHandler: Failed appendEntries: org.apache.ratis.thirdparty.io.grpc.StatusRuntimeException: UNAVAILABLE: io exception
2021-03-01 18:12:26,190 [grpc-default-executor-6] WARN  server.GrpcLogAppender (GrpcLogAppender.java:resetClient(111)) - b303f36a-f963-4721-9f7a-b5e9e54e4468@group-6F3B09D344DD->ca5fd955-873f-4bac-9f2a-538d93af5c77-GrpcLogAppender: Leader has not got in touch with Follower b303f36a-f963-4721-9f7a-b5e9e54e4468@group-6F3B09D344DD->ca5fd955-873f-4bac-9f2a-538d93af5c77(c0,m0,n1, attendVote=true, lastRpcSendTime=0, lastRpcResponseTime=2501) yet, just keep nextIndex unchanged and retry.
2021-03-01 18:12:26,263 [grpc-default-executor-6] WARN  server.GrpcLogAppender (LogUtils.java:warn(122)) - 0f049040-6e0c-4cd4-a487-c7f09e7e4ba1@group-617FBAE04F80->f258d114-ea47-4d12-8964-639f425ab8d0-AppendLogResponseHandler: Failed appendEntries: org.apache.ratis.thirdparty.io.grpc.StatusRuntimeException: UNAVAILABLE: io exception
2021-03-01 18:12:26,263 [grpc-default-executor-6] WARN  server.GrpcLogAppender (GrpcLogAppender.java:resetClient(111)) - 0f049040-6e0c-4cd4-a487-c7f09e7e4ba1@group-617FBAE04F80->f258d114-ea47-4d12-8964-639f425ab8d0-GrpcLogAppender: Leader has not got in touch with Follower 0f049040-6e0c-4cd4-a487-c7f09e7e4ba1@group-617FBAE04F80->f258d114-ea47-4d12-8964-639f425ab8d0(c-1,m0,n3, attendVote=true, lastRpcSendTime=0, lastRpcResponseTime=7818) yet, just keep nextIndex unchanged and retry.
2021-03-01 18:12:26,699 [grpc-default-executor-6] WARN  server.GrpcLogAppender (LogUtils.java:warn(122)) - 0f049040-6e0c-4cd4-a487-c7f09e7e4ba1@group-617FBAE04F80->a5a3f093-0768-4d4b-b08f-053c130678b3-AppendLogResponseHandler: Failed appendEntries: org.apache.ratis.thirdparty.io.grpc.StatusRuntimeException: UNAVAILABLE: io exception
2021-03-01 18:12:26,700 [grpc-default-executor-6] INFO  leader.FollowerInfo (FollowerInfoImpl.java:lambda$new$0(46)) - 0f049040-6e0c-4cd4-a487-c7f09e7e4ba1@group-617FBAE04F80->a5a3f093-0768-4d4b-b08f-053c130678b3: nextIndex: updateUnconditionally 3 -> 2
2021-03-01 18:12:28,337 [grpc-default-executor-6] WARN  server.GrpcLogAppender (LogUtils.java:warn(122)) - 0f049040-6e0c-4cd4-a487-c7f09e7e4ba1@group-183949E5868D->a5a3f093-0768-4d4b-b08f-053c130678b3-AppendLogResponseHandler: Failed appendEntries: org.apache.ratis.thirdparty.io.grpc.StatusRuntimeException: UNAVAILABLE: io exception
2021-03-01 18:12:28,338 [grpc-default-executor-6] WARN  server.GrpcLogAppender (GrpcLogAppender.java:resetClient(111)) - 0f049040-6e0c-4cd4-a487-c7f09e7e4ba1@group-183949E5868D->a5a3f093-0768-4d4b-b08f-053c130678b3-GrpcLogAppender: Leader has not got in touch with Follower 0f049040-6e0c-4cd4-a487-c7f09e7e4ba1@group-183949E5868D->a5a3f093-0768-4d4b-b08f-053c130678b3(c0,m0,n1, attendVote=true, lastRpcSendTime=2500, lastRpcResponseTime=5004) yet, just keep nextIndex unchanged and retry.
2021-03-01 18:12:28,370 [grpc-default-executor-6] WARN  server.GrpcLogAppender (LogUtils.java:warn(122)) - 0f049040-6e0c-4cd4-a487-c7f09e7e4ba1@group-183949E5868D->f258d114-ea47-4d12-8964-639f425ab8d0-AppendLogResponseHandler: Failed appendEntries: org.apache.ratis.thirdparty.io.grpc.StatusRuntimeException: UNAVAILABLE: io exception
2021-03-01 18:12:28,370 [grpc-default-executor-6] WARN  server.GrpcLogAppender (GrpcLogAppender.java:resetClient(111)) - 0f049040-6e0c-4cd4-a487-c7f09e7e4ba1@group-183949E5868D->f258d114-ea47-4d12-8964-639f425ab8d0-GrpcLogAppender: Leader has not got in touch with Follower 0f049040-6e0c-4cd4-a487-c7f09e7e4ba1@group-183949E5868D->f258d114-ea47-4d12-8964-639f425ab8d0(c0,m0,n1, attendVote=true, lastRpcSendTime=0, lastRpcResponseTime=10021) yet, just keep nextIndex unchanged and retry.
2021-03-01 18:12:28,679 [grpc-default-executor-6] WARN  server.GrpcLogAppender (LogUtils.java:warn(122)) - b303f36a-f963-4721-9f7a-b5e9e54e4468@group-6F3B09D344DD->a7136ecb-4465-4bae-b158-9cfc61718915-AppendLogResponseHandler: Failed appendEntries: org.apache.ratis.thirdparty.io.grpc.StatusRuntimeException: UNAVAILABLE: io exception
2021-03-01 18:12:28,679 [grpc-default-executor-6] WARN  server.GrpcLogAppender (GrpcLogAppender.java:resetClient(111)) - b303f36a-f963-4721-9f7a-b5e9e54e4468@group-6F3B09D344DD->a7136ecb-4465-4bae-b158-9cfc61718915-GrpcLogAppender: Leader has not got in touch with Follower b303f36a-f963-4721-9f7a-b5e9e54e4468@group-6F3B09D344DD->a7136ecb-4465-4bae-b158-9cfc61718915(c0,m0,n1, attendVote=true, lastRpcSendTime=2511, lastRpcResponseTime=10022) yet, just keep nextIndex unchanged and retry.
2021-03-01 18:12:28,689 [grpc-default-executor-6] WARN  server.GrpcLogAppender (LogUtils.java:warn(122)) - b303f36a-f963-4721-9f7a-b5e9e54e4468@group-6F3B09D344DD->ca5fd955-873f-4bac-9f2a-538d93af5c77-AppendLogResponseHandler: Failed appendEntries: org.apache.ratis.thirdparty.io.grpc.StatusRuntimeException: UNAVAILABLE: io exception
2021-03-01 18:12:28,690 [grpc-default-executor-6] WARN  server.GrpcLogAppender (GrpcLogAppender.java:resetClient(111)) - b303f36a-f963-4721-9f7a-b5e9e54e4468@group-6F3B09D344DD->ca5fd955-873f-4bac-9f2a-538d93af5c77-GrpcLogAppender: Leader has not got in touch with Follower b303f36a-f963-4721-9f7a-b5e9e54e4468@group-6F3B09D344DD->ca5fd955-873f-4bac-9f2a-538d93af5c77(c0,m0,n1, attendVote=true, lastRpcSendTime=0, lastRpcResponseTime=5000) yet, just keep nextIndex unchanged and retry.
2021-03-01 18:12:28,763 [grpc-default-executor-6] WARN  server.GrpcLogAppender (LogUtils.java:warn(122)) - 0f049040-6e0c-4cd4-a487-c7f09e7e4ba1@group-617FBAE04F80->f258d114-ea47-4d12-8964-639f425ab8d0-AppendLogResponseHandler: Failed appendEntries: org.apache.ratis.thirdparty.io.grpc.StatusRuntimeException: UNAVAILABLE: io exception
2021-03-01 18:12:28,763 [grpc-default-executor-6] WARN  server.GrpcLogAppender (GrpcLogAppender.java:resetClient(111)) - 0f049040-6e0c-4cd4-a487-c7f09e7e4ba1@group-617FBAE04F80->f258d114-ea47-4d12-8964-639f425ab8d0-GrpcLogAppender: Leader has not got in touch with Follower 0f049040-6e0c-4cd4-a487-c7f09e7e4ba1@group-617FBAE04F80->f258d114-ea47-4d12-8964-639f425ab8d0(c-1,m0,n3, attendVote=true, lastRpcSendTime=2500, lastRpcResponseTime=10319) yet, just keep nextIndex unchanged and retry.
2021-03-01 18:12:28,893 [EventQueue-StaleNodeForStaleNodeHandler] INFO  node.StaleNodeHandler (StaleNodeHandler.java:onMessage(58)) - Datanode ca5fd955-873f-4bac-9f2a-538d93af5c77{ip: 172.17.0.2, host: 83787af071e2, ports: [REPLICATION=42543, RATIS=36703, RATIS_ADMIN=36703, RATIS_SERVER=36703, STANDALONE=39671], networkLocation: /default-rack, certSerialId: null, persistedOpState: IN_SERVICE, persistedOpStateExpiryEpochSec: 0} moved to stale state. Finalizing its pipelines [PipelineID=2f262e5f-c32b-47ed-b451-3e8ca9905f22, PipelineID=274eb337-03e6-4118-9bb7-6f3b09d344dd, PipelineID=1319189b-64a6-42c0-a324-124e35ea2158, PipelineID=a1cc7fb7-1dfd-47c2-8159-1c1384e55287]
2021-03-01 18:12:28,894 [EventQueue-StaleNodeForStaleNodeHandler] INFO  pipeline.SCMPipelineManager (SCMPipelineManager.java:finalizeAndDestroyPipeline(483)) - Destroying pipeline:Pipeline[ Id: 2f262e5f-c32b-47ed-b451-3e8ca9905f22, Nodes: b303f36a-f963-4721-9f7a-b5e9e54e4468{ip: 172.17.0.2, host: 83787af071e2, ports: [REPLICATION=34019, RATIS=32969, RATIS_ADMIN=32969, RATIS_SERVER=32969, STANDALONE=39419], networkLocation: /default-rack, certSerialId: null, persistedOpState: IN_SERVICE, persistedOpStateExpiryEpochSec: 0}a7136ecb-4465-4bae-b158-9cfc61718915{ip: 172.17.0.2, host: 83787af071e2, ports: [REPLICATION=36853, RATIS=42023, RATIS_ADMIN=42023, RATIS_SERVER=42023, STANDALONE=36443], networkLocation: /default-rack, certSerialId: null, persistedOpState: IN_SERVICE, persistedOpStateExpiryEpochSec: 0}ca5fd955-873f-4bac-9f2a-538d93af5c77{ip: 172.17.0.2, host: 83787af071e2, ports: [REPLICATION=42543, RATIS=36703, RATIS_ADMIN=36703, RATIS_SERVER=36703, STANDALONE=39671], networkLocation: /default-rack, certSerialId: null, persistedOpState: IN_SERVICE, persistedOpStateExpiryEpochSec: 0}, Type:RATIS, Factor:THREE, State:CLOSED, leaderId:a7136ecb-4465-4bae-b158-9cfc61718915, CreationTimestamp2021-03-01T18:11:35.668Z]
2021-03-01 18:12:28,894 [EventQueue-StaleNodeForStaleNodeHandler] INFO  pipeline.SCMPipelineManager (SCMPipelineManager.java:finalizeAndDestroyPipeline(483)) - Destroying pipeline:Pipeline[ Id: 274eb337-03e6-4118-9bb7-6f3b09d344dd, Nodes: a7136ecb-4465-4bae-b158-9cfc61718915{ip: 172.17.0.2, host: 83787af071e2, ports: [REPLICATION=36853, RATIS=42023, RATIS_ADMIN=42023, RATIS_SERVER=42023, STANDALONE=36443], networkLocation: /default-rack, certSerialId: null, persistedOpState: IN_SERVICE, persistedOpStateExpiryEpochSec: 0}ca5fd955-873f-4bac-9f2a-538d93af5c77{ip: 172.17.0.2, host: 83787af071e2, ports: [REPLICATION=42543, RATIS=36703, RATIS_ADMIN=36703, RATIS_SERVER=36703, STANDALONE=39671], networkLocation: /default-rack, certSerialId: null, persistedOpState: IN_SERVICE, persistedOpStateExpiryEpochSec: 0}b303f36a-f963-4721-9f7a-b5e9e54e4468{ip: 172.17.0.2, host: 83787af071e2, ports: [REPLICATION=34019, RATIS=32969, RATIS_ADMIN=32969, RATIS_SERVER=32969, STANDALONE=39419], networkLocation: /default-rack, certSerialId: null, persistedOpState: IN_SERVICE, persistedOpStateExpiryEpochSec: 0}, Type:RATIS, Factor:THREE, State:CLOSED, leaderId:b303f36a-f963-4721-9f7a-b5e9e54e4468, CreationTimestamp2021-03-01T18:11:35.669Z]
2021-03-01 18:12:28,894 [EventQueue-StaleNodeForStaleNodeHandler] INFO  pipeline.SCMPipelineManager (SCMPipelineManager.java:finalizeAndDestroyPipeline(483)) - Destroying pipeline:Pipeline[ Id: 1319189b-64a6-42c0-a324-124e35ea2158, Nodes: ca5fd955-873f-4bac-9f2a-538d93af5c77{ip: 172.17.0.2, host: 83787af071e2, ports: [REPLICATION=42543, RATIS=36703, RATIS_ADMIN=36703, RATIS_SERVER=36703, STANDALONE=39671], networkLocation: /default-rack, certSerialId: null, persistedOpState: IN_SERVICE, persistedOpStateExpiryEpochSec: 0}, Type:RATIS, Factor:ONE, State:OPEN, leaderId:ca5fd955-873f-4bac-9f2a-538d93af5c77, CreationTimestamp2021-03-01T18:11:35.167Z]
2021-03-01 18:12:28,894 [EventQueue-StaleNodeForStaleNodeHandler] INFO  pipeline.PipelineStateManager (PipelineStateManager.java:finalizePipeline(121)) - Pipeline Pipeline[ Id: 1319189b-64a6-42c0-a324-124e35ea2158, Nodes: ca5fd955-873f-4bac-9f2a-538d93af5c77{ip: 172.17.0.2, host: 83787af071e2, ports: [REPLICATION=42543, RATIS=36703, RATIS_ADMIN=36703, RATIS_SERVER=36703, STANDALONE=39671], networkLocation: /default-rack, certSerialId: null, persistedOpState: IN_SERVICE, persistedOpStateExpiryEpochSec: 0}, Type:RATIS, Factor:ONE, State:CLOSED, leaderId:ca5fd955-873f-4bac-9f2a-538d93af5c77, CreationTimestamp2021-03-01T18:11:35.167Z] moved to CLOSED state
2021-03-01 18:12:28,894 [EventQueue-StaleNodeForStaleNodeHandler] INFO  pipeline.SCMPipelineManager (SCMPipelineManager.java:finalizeAndDestroyPipeline(483)) - Destroying pipeline:Pipeline[ Id: a1cc7fb7-1dfd-47c2-8159-1c1384e55287, Nodes: b303f36a-f963-4721-9f7a-b5e9e54e4468{ip: 172.17.0.2, host: 83787af071e2, ports: [REPLICATION=34019, RATIS=32969, RATIS_ADMIN=32969, RATIS_SERVER=32969, STANDALONE=39419], networkLocation: /default-rack, certSerialId: null, persistedOpState: IN_SERVICE, persistedOpStateExpiryEpochSec: 0}a7136ecb-4465-4bae-b158-9cfc61718915{ip: 172.17.0.2, host: 83787af071e2, ports: [REPLICATION=36853, RATIS=42023, RATIS_ADMIN=42023, RATIS_SERVER=42023, STANDALONE=36443], networkLocation: /default-rack, certSerialId: null, persistedOpState: IN_SERVICE, persistedOpStateExpiryEpochSec: 0}ca5fd955-873f-4bac-9f2a-538d93af5c77{ip: 172.17.0.2, host: 83787af071e2, ports: [REPLICATION=42543, RATIS=36703, RATIS_ADMIN=36703, RATIS_SERVER=36703, STANDALONE=39671], networkLocation: /default-rack, certSerialId: null, persistedOpState: IN_SERVICE, persistedOpStateExpiryEpochSec: 0}, Type:RATIS, Factor:THREE, State:CLOSED, leaderId:ca5fd955-873f-4bac-9f2a-538d93af5c77, CreationTimestamp2021-03-01T18:11:35.669Z]
2021-03-01 18:12:28,993 [Thread-4771] WARN  server.RaftServer$Division (LeaderStateImpl.java:checkLeadership(941)) - 0f049040-6e0c-4cd4-a487-c7f09e7e4ba1@group-617FBAE04F80-LeaderStateImpl: Lost leadership on term: 4. Election timeout: 5200ms. In charge for: 5350ms. Conf: 1: [f258d114-ea47-4d12-8964-639f425ab8d0|rpc:172.17.0.2:45265|dataStream:|priority:1, a5a3f093-0768-4d4b-b08f-053c130678b3|rpc:172.17.0.2:40499|dataStream:|priority:0, 0f049040-6e0c-4cd4-a487-c7f09e7e4ba1|rpc:172.17.0.2:45527|dataStream:|priority:0], old=null
2021-03-01 18:12:28,993 [Thread-4771] WARN  server.RaftServer$Division (LeaderStateImpl.java:lambda$checkLeadership$15(945)) - Follower 0f049040-6e0c-4cd4-a487-c7f09e7e4ba1@group-617FBAE04F80->f258d114-ea47-4d12-8964-639f425ab8d0(c-1,m0,n3, attendVote=true, lastRpcSendTime=229, lastRpcResponseTime=10549)
2021-03-01 18:12:28,993 [Thread-4771] WARN  server.RaftServer$Division (LeaderStateImpl.java:lambda$checkLeadership$15(945)) - Follower 0f049040-6e0c-4cd4-a487-c7f09e7e4ba1@group-617FBAE04F80->a5a3f093-0768-4d4b-b08f-053c130678b3(c1,m2,n2, attendVote=true, lastRpcSendTime=2293, lastRpcResponseTime=5201)
2021-03-01 18:12:28,993 [Thread-4771] INFO  server.RaftServer$Division (RaftServerImpl.java:setRole(284)) - 0f049040-6e0c-4cd4-a487-c7f09e7e4ba1@group-617FBAE04F80: changes role from    LEADER to FOLLOWER at term 4 for StepDownReason:LOST_MAJORITY_HEARTBEATS
2021-03-01 18:12:28,993 [Thread-4771] INFO  impl.RoleInfo (RoleInfo.java:shutdownLeaderState(91)) - 0f049040-6e0c-4cd4-a487-c7f09e7e4ba1: shutdown 0f049040-6e0c-4cd4-a487-c7f09e7e4ba1@group-617FBAE04F80-LeaderStateImpl
2021-03-01 18:12:28,993 [Thread-4771] INFO  metrics.RatisMetrics (RatisMetrics.java:unregister(43)) - Unregistering Metrics Registry : ratis_grpc.log_appender.0f049040-6e0c-4cd4-a487-c7f09e7e4ba1@group-617FBAE04F80
2021-03-01 18:12:28,994 [Thread-4771] INFO  metrics.RatisMetrics (RatisMetrics.java:unregister(43)) - Unregistering Metrics Registry : ratis_grpc.log_appender.0f049040-6e0c-4cd4-a487-c7f09e7e4ba1@group-617FBAE04F80
2021-03-01 18:12:28,994 [Thread-4771] INFO  impl.PendingRequests (PendingRequests.java:sendNotLeaderResponses(249)) - 0f049040-6e0c-4cd4-a487-c7f09e7e4ba1@group-617FBAE04F80-PendingRequests: sendNotLeaderResponses
2021-03-01 18:12:29,001 [Thread-4771] INFO  metrics.RatisMetrics (RatisMetrics.java:unregister(43)) - Unregistering Metrics Registry : ratis.log_appender.0f049040-6e0c-4cd4-a487-c7f09e7e4ba1@group-617FBAE04F80
2021-03-01 18:12:29,001 [Thread-4771] INFO  metrics.RatisMetrics (RatisMetrics.java:unregister(43)) - Unregistering Metrics Registry : ratis.server.0f049040-6e0c-4cd4-a487-c7f09e7e4ba1@group-617FBAE04F80
2021-03-01 18:12:29,002 [Thread-4771] INFO  impl.RoleInfo (RoleInfo.java:updateAndGet(130)) - 0f049040-6e0c-4cd4-a487-c7f09e7e4ba1: start 0f049040-6e0c-4cd4-a487-c7f09e7e4ba1@group-617FBAE04F80-FollowerState
2021-03-01 18:12:29,013 [Thread-4516] INFO  impl.FollowerState (FollowerState.java:run(133)) - b303f36a-f963-4721-9f7a-b5e9e54e4468@group-3E8CA9905F22-FollowerState: change to CANDIDATE, lastRpcElapsedTime:10099642970ns, electionTimeout:5026ms
2021-03-01 18:12:29,013 [Thread-4516] INFO  impl.RoleInfo (RoleInfo.java:shutdownFollowerState(108)) - b303f36a-f963-4721-9f7a-b5e9e54e4468: shutdown b303f36a-f963-4721-9f7a-b5e9e54e4468@group-3E8CA9905F22-FollowerState
2021-03-01 18:12:29,013 [Thread-4516] INFO  server.RaftServer$Division (RaftServerImpl.java:setRole(284)) - b303f36a-f963-4721-9f7a-b5e9e54e4468@group-3E8CA9905F22: changes role from  FOLLOWER to CANDIDATE at term 2 for changeToCandidate
2021-03-01 18:12:29,013 [Thread-4516] INFO  server.RaftServerConfigKeys (ConfUtils.java:logGet(44)) - raft.server.leaderelection.pre-vote = false (custom)
2021-03-01 18:12:29,013 [Thread-4516] INFO  impl.RoleInfo (RoleInfo.java:updateAndGet(130)) - b303f36a-f963-4721-9f7a-b5e9e54e4468: start b303f36a-f963-4721-9f7a-b5e9e54e4468@group-3E8CA9905F22-LeaderElection229
2021-03-01 18:12:29,019 [b303f36a-f963-4721-9f7a-b5e9e54e4468@group-3E8CA9905F22-LeaderElection229] INFO  server.RaftServer$Division (ServerState.java:setLeader(271)) - b303f36a-f963-4721-9f7a-b5e9e54e4468@group-3E8CA9905F22: change Leader from a7136ecb-4465-4bae-b158-9cfc61718915 to null at term 2 for ELECTION
2021-03-01 18:12:29,020 [0f049040-6e0c-4cd4-a487-c7f09e7e4ba1@group-617FBAE04F80->a5a3f093-0768-4d4b-b08f-053c130678b3-GrpcLogAppender-LogAppenderDaemon] WARN  server.GrpcLogAppender (GrpcLogAppender.java:mayWait(175)) - 0f049040-6e0c-4cd4-a487-c7f09e7e4ba1@group-617FBAE04F80->a5a3f093-0768-4d4b-b08f-053c130678b3-GrpcLogAppender: Wait interrupted by java.lang.InterruptedException
2021-03-01 18:12:29,020 [EventQueue-StaleNodeForStaleNodeHandler] INFO  node.StaleNodeHandler (StaleNodeHandler.java:onMessage(58)) - Datanode a5a3f093-0768-4d4b-b08f-053c130678b3{ip: 172.17.0.2, host: 83787af071e2, ports: [REPLICATION=35041, RATIS=40499, RATIS_ADMIN=40499, RATIS_SERVER=40499, STANDALONE=42875], networkLocation: /default-rack, certSerialId: null, persistedOpState: IN_SERVICE, persistedOpStateExpiryEpochSec: 0} moved to stale state. Finalizing its pipelines [PipelineID=6a91cd44-6d96-4d75-88f7-183949e5868d, PipelineID=da80ac3f-35d5-4acd-b79a-617fbae04f80, PipelineID=bada6328-bb35-467d-beb6-23af959e1599, PipelineID=d7d51450-7844-4544-a5b2-56e890c13fb3]
2021-03-01 18:12:29,020 [EventQueue-StaleNodeForStaleNodeHandler] INFO  pipeline.SCMPipelineManager (SCMPipelineManager.java:finalizeAndDestroyPipeline(483)) - Destroying pipeline:Pipeline[ Id: 6a91cd44-6d96-4d75-88f7-183949e5868d, Nodes: 0f049040-6e0c-4cd4-a487-c7f09e7e4ba1{ip: 172.17.0.2, host: 83787af071e2, ports: [REPLICATION=39923, RATIS=45527, RATIS_ADMIN=45527, RATIS_SERVER=45527, STANDALONE=32999], networkLocation: /default-rack, certSerialId: null, persistedOpState: IN_SERVICE, persistedOpStateExpiryEpochSec: 0}a5a3f093-0768-4d4b-b08f-053c130678b3{ip: 172.17.0.2, host: 83787af071e2, ports: [REPLICATION=35041, RATIS=40499, RATIS_ADMIN=40499, RATIS_SERVER=40499, STANDALONE=42875], networkLocation: /default-rack, certSerialId: null, persistedOpState: IN_SERVICE, persistedOpStateExpiryEpochSec: 0}f258d114-ea47-4d12-8964-639f425ab8d0{ip: 172.17.0.2, host: 83787af071e2, ports: [REPLICATION=37693, RATIS=45265, RATIS_ADMIN=45265, RATIS_SERVER=45265, STANDALONE=34123], networkLocation: /default-rack, certSerialId: null, persistedOpState: IN_SERVICE, persistedOpStateExpiryEpochSec: 0}, Type:RATIS, Factor:THREE, State:CLOSED, leaderId:0f049040-6e0c-4cd4-a487-c7f09e7e4ba1, CreationTimestamp2021-03-01T18:11:34.994Z]
2021-03-01 18:12:29,020 [EventQueue-StaleNodeForStaleNodeHandler] INFO  pipeline.SCMPipelineManager (SCMPipelineManager.java:finalizeAndDestroyPipeline(483)) - Destroying pipeline:Pipeline[ Id: da80ac3f-35d5-4acd-b79a-617fbae04f80, Nodes: f258d114-ea47-4d12-8964-639f425ab8d0{ip: 172.17.0.2, host: 83787af071e2, ports: [REPLICATION=37693, RATIS=45265, RATIS_ADMIN=45265, RATIS_SERVER=45265, STANDALONE=34123], networkLocation: /default-rack, certSerialId: null, persistedOpState: IN_SERVICE, persistedOpStateExpiryEpochSec: 0}0f049040-6e0c-4cd4-a487-c7f09e7e4ba1{ip: 172.17.0.2, host: 83787af071e2, ports: [REPLICATION=39923, RATIS=45527, RATIS_ADMIN=45527, RATIS_SERVER=45527, STANDALONE=32999], networkLocation: /default-rack, certSerialId: null, persistedOpState: IN_SERVICE, persistedOpStateExpiryEpochSec: 0}a5a3f093-0768-4d4b-b08f-053c130678b3{ip: 172.17.0.2, host: 83787af071e2, ports: [REPLICATION=35041, RATIS=40499, RATIS_ADMIN=40499, RATIS_SERVER=40499, STANDALONE=42875], networkLocation: /default-rack, certSerialId: null, persistedOpState: IN_SERVICE, persistedOpStateExpiryEpochSec: 0}, Type:RATIS, Factor:THREE, State:CLOSED, leaderId:0f049040-6e0c-4cd4-a487-c7f09e7e4ba1, CreationTimestamp2021-03-01T18:11:34.995Z]
2021-03-01 18:12:29,021 [EventQueue-StaleNodeForStaleNodeHandler] INFO  pipeline.SCMPipelineManager (SCMPipelineManager.java:finalizeAndDestroyPipeline(483)) - Destroying pipeline:Pipeline[ Id: bada6328-bb35-467d-beb6-23af959e1599, Nodes: a5a3f093-0768-4d4b-b08f-053c130678b3{ip: 172.17.0.2, host: 83787af071e2, ports: [REPLICATION=35041, RATIS=40499, RATIS_ADMIN=40499, RATIS_SERVER=40499, STANDALONE=42875], networkLocation: /default-rack, certSerialId: null, persistedOpState: IN_SERVICE, persistedOpStateExpiryEpochSec: 0}, Type:RATIS, Factor:ONE, State:OPEN, leaderId:a5a3f093-0768-4d4b-b08f-053c130678b3, CreationTimestamp2021-03-01T18:11:34.993Z]
2021-03-01 18:12:29,021 [EventQueue-StaleNodeForStaleNodeHandler] INFO  pipeline.PipelineStateManager (PipelineStateManager.java:finalizePipeline(121)) - Pipeline Pipeline[ Id: bada6328-bb35-467d-beb6-23af959e1599, Nodes: a5a3f093-0768-4d4b-b08f-053c130678b3{ip: 172.17.0.2, host: 83787af071e2, ports: [REPLICATION=35041, RATIS=40499, RATIS_ADMIN=40499, RATIS_SERVER=40499, STANDALONE=42875], networkLocation: /default-rack, certSerialId: null, persistedOpState: IN_SERVICE, persistedOpStateExpiryEpochSec: 0}, Type:RATIS, Factor:ONE, State:CLOSED, leaderId:a5a3f093-0768-4d4b-b08f-053c130678b3, CreationTimestamp2021-03-01T18:11:34.993Z] moved to CLOSED state
2021-03-01 18:12:29,021 [EventQueue-StaleNodeForStaleNodeHandler] INFO  pipeline.SCMPipelineManager (SCMPipelineManager.java:finalizeAndDestroyPipeline(483)) - Destroying pipeline:Pipeline[ Id: d7d51450-7844-4544-a5b2-56e890c13fb3, Nodes: 0f049040-6e0c-4cd4-a487-c7f09e7e4ba1{ip: 172.17.0.2, host: 83787af071e2, ports: [REPLICATION=39923, RATIS=45527, RATIS_ADMIN=45527, RATIS_SERVER=45527, STANDALONE=32999], networkLocation: /default-rack, certSerialId: null, persistedOpState: IN_SERVICE, persistedOpStateExpiryEpochSec: 0}a5a3f093-0768-4d4b-b08f-053c130678b3{ip: 172.17.0.2, host: 83787af071e2, ports: [REPLICATION=35041, RATIS=40499, RATIS_ADMIN=40499, RATIS_SERVER=40499, STANDALONE=42875], networkLocation: /default-rack, certSerialId: null, persistedOpState: IN_SERVICE, persistedOpStateExpiryEpochSec: 0}f258d114-ea47-4d12-8964-639f425ab8d0{ip: 172.17.0.2, host: 83787af071e2, ports: [REPLICATION=37693, RATIS=45265, RATIS_ADMIN=45265, RATIS_SERVER=45265, STANDALONE=34123], networkLocation: /default-rack, certSerialId: null, persistedOpState: IN_SERVICE, persistedOpStateExpiryEpochSec: 0}, Type:RATIS, Factor:THREE, State:CLOSED, leaderId:a5a3f093-0768-4d4b-b08f-053c130678b3, CreationTimestamp2021-03-01T18:11:34.994Z]
2021-03-01 18:12:29,021 [b303f36a-f963-4721-9f7a-b5e9e54e4468@group-3E8CA9905F22-LeaderElection229] INFO  impl.LeaderElection (LeaderElection.java:askForVotes(307)) - b303f36a-f963-4721-9f7a-b5e9e54e4468@group-3E8CA9905F22-LeaderElection229 ELECTION round 0: submit vote requests at term 3 for 0: [b303f36a-f963-4721-9f7a-b5e9e54e4468|rpc:172.17.0.2:32969|dataStream:|priority:0, a7136ecb-4465-4bae-b158-9cfc61718915|rpc:172.17.0.2:42023|dataStream:|priority:1, ca5fd955-873f-4bac-9f2a-538d93af5c77|rpc:172.17.0.2:36703|dataStream:|priority:0], old=null
2021-03-01 18:12:29,039 [b303f36a-f963-4721-9f7a-b5e9e54e4468@group-3E8CA9905F22-LeaderElection229] INFO  impl.LeaderElection (LogUtils.java:infoOrTrace(137)) - b303f36a-f963-4721-9f7a-b5e9e54e4468@group-3E8CA9905F22-LeaderElection229 got exception when requesting votes: java.util.concurrent.ExecutionException: org.apache.ratis.thirdparty.io.grpc.StatusRuntimeException: UNAVAILABLE: io exception
2021-03-01 18:12:29,043 [b303f36a-f963-4721-9f7a-b5e9e54e4468@group-3E8CA9905F22-LeaderElection229] INFO  impl.LeaderElection (LogUtils.java:infoOrTrace(137)) - b303f36a-f963-4721-9f7a-b5e9e54e4468@group-3E8CA9905F22-LeaderElection229 got exception when requesting votes: java.util.concurrent.ExecutionException: org.apache.ratis.thirdparty.io.grpc.StatusRuntimeException: UNAVAILABLE: io exception
2021-03-01 18:12:29,043 [b303f36a-f963-4721-9f7a-b5e9e54e4468@group-3E8CA9905F22-LeaderElection229] INFO  impl.LeaderElection (LeaderElection.java:logAndReturn(89)) - b303f36a-f963-4721-9f7a-b5e9e54e4468@group-3E8CA9905F22-LeaderElection229: ELECTION REJECTED received 0 response(s) and 2 exception(s):
2021-03-01 18:12:29,043 [b303f36a-f963-4721-9f7a-b5e9e54e4468@group-3E8CA9905F22-LeaderElection229] INFO  impl.LeaderElection (LogUtils.java:infoOrTrace(137)) -   Exception 0: java.util.concurrent.ExecutionException: org.apache.ratis.thirdparty.io.grpc.StatusRuntimeException: UNAVAILABLE: io exception
2021-03-01 18:12:29,043 [b303f36a-f963-4721-9f7a-b5e9e54e4468@group-3E8CA9905F22-LeaderElection229] INFO  impl.LeaderElection (LogUtils.java:infoOrTrace(137)) -   Exception 1: java.util.concurrent.ExecutionException: org.apache.ratis.thirdparty.io.grpc.StatusRuntimeException: UNAVAILABLE: io exception
2021-03-01 18:12:29,043 [b303f36a-f963-4721-9f7a-b5e9e54e4468@group-3E8CA9905F22-LeaderElection229] INFO  impl.LeaderElection (LeaderElection.java:askForVotes(309)) - b303f36a-f963-4721-9f7a-b5e9e54e4468@group-3E8CA9905F22-LeaderElection229 ELECTION round 0: result REJECTED
2021-03-01 18:12:29,043 [b303f36a-f963-4721-9f7a-b5e9e54e4468@group-3E8CA9905F22-LeaderElection229] INFO  server.RaftServer$Division (RaftServerImpl.java:setRole(284)) - b303f36a-f963-4721-9f7a-b5e9e54e4468@group-3E8CA9905F22: changes role from CANDIDATE to FOLLOWER at term 3 for REJECTED
2021-03-01 18:12:29,043 [b303f36a-f963-4721-9f7a-b5e9e54e4468@group-3E8CA9905F22-LeaderElection229] INFO  impl.RoleInfo (RoleInfo.java:shutdownLeaderElection(121)) - b303f36a-f963-4721-9f7a-b5e9e54e4468: shutdown b303f36a-f963-4721-9f7a-b5e9e54e4468@group-3E8CA9905F22-LeaderElection229
2021-03-01 18:12:29,043 [b303f36a-f963-4721-9f7a-b5e9e54e4468@group-3E8CA9905F22-LeaderElection229] INFO  impl.RoleInfo (RoleInfo.java:updateAndGet(130)) - b303f36a-f963-4721-9f7a-b5e9e54e4468: start b303f36a-f963-4721-9f7a-b5e9e54e4468@group-3E8CA9905F22-FollowerState
2021-03-01 18:12:29,312 [Listener at 127.0.0.1/41333] INFO  ozoneimpl.OzoneContainer (OzoneContainer.java:stop(273)) - Attempting to stop container services.
2021-03-01 18:12:29,313 [Listener at 127.0.0.1/41333] INFO  server.RaftServer (RaftServerProxy.java:lambda$close$6(391)) - 71037dd0-5a6b-4f94-9c1b-4fa0a4e676f4: close
2021-03-01 18:12:29,313 [Listener at 127.0.0.1/41333] INFO  server.RaftServer$Division (RaftServerImpl.java:lambda$close$4(406)) - 71037dd0-5a6b-4f94-9c1b-4fa0a4e676f4@group-4F4DB0BBC152: shutdown
2021-03-01 18:12:29,313 [Listener at 127.0.0.1/41333] INFO  util.JmxRegister (JmxRegister.java:unregister(73)) - Successfully un-registered JMX Bean with object name Ratis:service=RaftServer,group=group-4F4DB0BBC152,id=71037dd0-5a6b-4f94-9c1b-4fa0a4e676f4
2021-03-01 18:12:29,313 [Listener at 127.0.0.1/41333] INFO  impl.RoleInfo (RoleInfo.java:shutdownLeaderState(91)) - 71037dd0-5a6b-4f94-9c1b-4fa0a4e676f4: shutdown 71037dd0-5a6b-4f94-9c1b-4fa0a4e676f4@group-4F4DB0BBC152-LeaderStateImpl
2021-03-01 18:12:29,314 [Listener at 127.0.0.1/41333] INFO  impl.PendingRequests (PendingRequests.java:sendNotLeaderResponses(249)) - 71037dd0-5a6b-4f94-9c1b-4fa0a4e676f4@group-4F4DB0BBC152-PendingRequests: sendNotLeaderResponses
2021-03-01 18:12:29,314 [Listener at 127.0.0.1/41333] INFO  metrics.RatisMetrics (RatisMetrics.java:unregister(43)) - Unregistering Metrics Registry : ratis.log_appender.71037dd0-5a6b-4f94-9c1b-4fa0a4e676f4@group-4F4DB0BBC152
2021-03-01 18:12:29,314 [Listener at 127.0.0.1/41333] INFO  metrics.RatisMetrics (RatisMetrics.java:unregister(43)) - Unregistering Metrics Registry : ratis.server.71037dd0-5a6b-4f94-9c1b-4fa0a4e676f4@group-4F4DB0BBC152
2021-03-01 18:12:29,316 [71037dd0-5a6b-4f94-9c1b-4fa0a4e676f4@group-4F4DB0BBC152-StateMachineUpdater] INFO  ratis.ContainerStateMachine (ContainerStateMachine.java:takeSnapshot(291)) - group-4F4DB0BBC152: Taking a snapshot at:(t:1, i:0) file /github/workspace/mnt/ozone/hadoop-ozone/integration-test/target/test-dir/MiniOzoneClusterImpl-5b5774a2-bf3c-4723-a113-e238e3f8131c/datanode-6/data/ratis/b9276fcd-15cd-49bc-b74b-4f4db0bbc152/sm/snapshot.1_0
2021-03-01 18:12:29,316 [Listener at 127.0.0.1/41333] INFO  impl.StateMachineUpdater (StateMachineUpdater.java:stopAndJoin(148)) - 71037dd0-5a6b-4f94-9c1b-4fa0a4e676f4@group-4F4DB0BBC152-StateMachineUpdater: set stopIndex = 0
2021-03-01 18:12:29,316 [71037dd0-5a6b-4f94-9c1b-4fa0a4e676f4@group-4F4DB0BBC152-StateMachineUpdater] INFO  ratis.ContainerStateMachine (ContainerStateMachine.java:takeSnapshot(302)) - group-4F4DB0BBC152: Finished taking a snapshot at:(t:1, i:0) file:/github/workspace/mnt/ozone/hadoop-ozone/integration-test/target/test-dir/MiniOzoneClusterImpl-5b5774a2-bf3c-4723-a113-e238e3f8131c/datanode-6/data/ratis/b9276fcd-15cd-49bc-b74b-4f4db0bbc152/sm/snapshot.1_0 took: 1 ms
2021-03-01 18:12:29,316 [71037dd0-5a6b-4f94-9c1b-4fa0a4e676f4@group-4F4DB0BBC152-StateMachineUpdater] INFO  impl.StateMachineUpdater (StateMachineUpdater.java:takeSnapshot(279)) - 71037dd0-5a6b-4f94-9c1b-4fa0a4e676f4@group-4F4DB0BBC152-StateMachineUpdater: Took a snapshot at index 0
2021-03-01 18:12:29,317 [71037dd0-5a6b-4f94-9c1b-4fa0a4e676f4@group-4F4DB0BBC152-StateMachineUpdater] INFO  impl.StateMachineUpdater (StateMachineUpdater.java:lambda$new$0(88)) - 71037dd0-5a6b-4f94-9c1b-4fa0a4e676f4@group-4F4DB0BBC152-StateMachineUpdater: snapshotIndex: updateIncreasingly -1 -> 0
2021-03-01 18:12:29,317 [71037dd0-5a6b-4f94-9c1b-4fa0a4e676f4@group-4F4DB0BBC152-StateMachineUpdater] INFO  metrics.RatisMetrics (RatisMetrics.java:unregister(43)) - Unregistering Metrics Registry : ratis.state_machine.71037dd0-5a6b-4f94-9c1b-4fa0a4e676f4@group-4F4DB0BBC152
2021-03-01 18:12:29,317 [Listener at 127.0.0.1/41333] INFO  server.RaftServer$Division (ServerState.java:close(405)) - 71037dd0-5a6b-4f94-9c1b-4fa0a4e676f4@group-4F4DB0BBC152: closes. applyIndex: 0
2021-03-01 18:12:29,317 [71037dd0-5a6b-4f94-9c1b-4fa0a4e676f4@group-4F4DB0BBC152-SegmentedRaftLogWorker] INFO  segmented.SegmentedRaftLogWorker (SegmentedRaftLogWorker.java:run(326)) - 71037dd0-5a6b-4f94-9c1b-4fa0a4e676f4@group-4F4DB0BBC152-SegmentedRaftLogWorker was interrupted, exiting. There are 0 tasks remaining in the queue.
2021-03-01 18:12:29,317 [Listener at 127.0.0.1/41333] INFO  segmented.SegmentedRaftLogWorker (SegmentedRaftLogWorker.java:close(236)) - 71037dd0-5a6b-4f94-9c1b-4fa0a4e676f4@group-4F4DB0BBC152-SegmentedRaftLogWorker close()
2021-03-01 18:12:29,323 [Listener at 127.0.0.1/41333] INFO  metrics.RatisMetrics (RatisMetrics.java:unregister(43)) - Unregistering Metrics Registry : ratis.log_worker.71037dd0-5a6b-4f94-9c1b-4fa0a4e676f4@group-4F4DB0BBC152
2021-03-01 18:12:29,323 [Listener at 127.0.0.1/41333] INFO  metrics.RatisMetrics (RatisMetrics.java:unregister(43)) - Unregistering Metrics Registry : ratis.leader_election.71037dd0-5a6b-4f94-9c1b-4fa0a4e676f4@group-4F4DB0BBC152
2021-03-01 18:12:29,324 [Listener at 127.0.0.1/41333] INFO  metrics.RatisMetrics (RatisMetrics.java:unregister(43)) - Unregistering Metrics Registry : ratis.server.71037dd0-5a6b-4f94-9c1b-4fa0a4e676f4@group-4F4DB0BBC152
2021-03-01 18:12:29,324 [Listener at 127.0.0.1/41333] INFO  server.GrpcService (GrpcService.java:closeImpl(262)) - 71037dd0-5a6b-4f94-9c1b-4fa0a4e676f4: shutdown server with port 34359 now
2021-03-01 18:12:29,324 [Listener at 127.0.0.1/41333] INFO  server.GrpcService (GrpcService.java:closeImpl(271)) - 71037dd0-5a6b-4f94-9c1b-4fa0a4e676f4: shutdown server with port 34359 successfully
2021-03-01 18:12:29,324 [org.apache.ratis.util.JvmPauseMonitor$$Lambda$504/1874703858@1c7e5dbc] INFO  util.JvmPauseMonitor (JvmPauseMonitor.java:run(109)) - JvmPauseMonitor-71037dd0-5a6b-4f94-9c1b-4fa0a4e676f4: Stopped
2021-03-01 18:12:29,339 [Listener at 127.0.0.1/41333] INFO  utils.BackgroundService (BackgroundService.java:shutdown(132)) - Shutting down service BlockDeletingService
2021-03-01 18:12:29,363 [Listener at 127.0.0.1/41333] INFO  statemachine.DatanodeStateMachine (DatanodeStateMachine.java:stopDaemon(469)) - Ozone container server stopped.
2021-03-01 18:12:29,371 [Listener at 127.0.0.1/41333] INFO  handler.ContextHandler (ContextHandler.java:doStop(1154)) - Stopped o.e.j.w.WebAppContext@5fc880b7{hddsDatanode,/,null,STOPPED}{jar:file:/home/user/.m2/repository/org/apache/hadoop/hadoop-hdds-container-service/1.1.0-SNAPSHOT/hadoop-hdds-container-service-1.1.0-SNAPSHOT.jar!/webapps/hddsDatanode}
2021-03-01 18:12:29,372 [ForkJoinPool.commonPool-worker-0] INFO  ozoneimpl.OzoneContainer (OzoneContainer.java:stop(273)) - Attempting to stop container services.
2021-03-01 18:12:29,383 [ForkJoinPool.commonPool-worker-0] INFO  server.RaftServer (RaftServerProxy.java:lambda$close$6(391)) - 0f049040-6e0c-4cd4-a487-c7f09e7e4ba1: close
2021-03-01 18:12:29,383 [ForkJoinPool.commonPool-worker-0] INFO  server.RaftServer$Division (RaftServerImpl.java:lambda$close$4(406)) - 0f049040-6e0c-4cd4-a487-c7f09e7e4ba1@group-183949E5868D: shutdown
2021-03-01 18:12:29,383 [ForkJoinPool.commonPool-worker-0] INFO  util.JmxRegister (JmxRegister.java:unregister(73)) - Successfully un-registered JMX Bean with object name Ratis:service=RaftServer,group=group-183949E5868D,id=0f049040-6e0c-4cd4-a487-c7f09e7e4ba1
2021-03-01 18:12:29,383 [ForkJoinPool.commonPool-worker-0] INFO  impl.RoleInfo (RoleInfo.java:shutdownLeaderState(91)) - 0f049040-6e0c-4cd4-a487-c7f09e7e4ba1: shutdown 0f049040-6e0c-4cd4-a487-c7f09e7e4ba1@group-183949E5868D-LeaderStateImpl
2021-03-01 18:12:29,384 [ForkJoinPool.commonPool-worker-0] INFO  metrics.RatisMetrics (RatisMetrics.java:unregister(43)) - Unregistering Metrics Registry : ratis_grpc.log_appender.0f049040-6e0c-4cd4-a487-c7f09e7e4ba1@group-183949E5868D
2021-03-01 18:12:29,384 [ForkJoinPool.commonPool-worker-0] INFO  metrics.RatisMetrics (RatisMetrics.java:unregister(43)) - Unregistering Metrics Registry : ratis_grpc.log_appender.0f049040-6e0c-4cd4-a487-c7f09e7e4ba1@group-183949E5868D
2021-03-01 18:12:29,384 [ForkJoinPool.commonPool-worker-0] INFO  impl.PendingRequests (PendingRequests.java:sendNotLeaderResponses(249)) - 0f049040-6e0c-4cd4-a487-c7f09e7e4ba1@group-183949E5868D-PendingRequests: sendNotLeaderResponses
2021-03-01 18:12:29,384 [ForkJoinPool.commonPool-worker-0] INFO  metrics.RatisMetrics (RatisMetrics.java:unregister(43)) - Unregistering Metrics Registry : ratis.log_appender.0f049040-6e0c-4cd4-a487-c7f09e7e4ba1@group-183949E5868D
2021-03-01 18:12:29,384 [ForkJoinPool.commonPool-worker-0] INFO  metrics.RatisMetrics (RatisMetrics.java:unregister(43)) - Unregistering Metrics Registry : ratis.server.0f049040-6e0c-4cd4-a487-c7f09e7e4ba1@group-183949E5868D
2021-03-01 18:12:29,386 [0f049040-6e0c-4cd4-a487-c7f09e7e4ba1@group-183949E5868D-StateMachineUpdater] INFO  ratis.ContainerStateMachine (ContainerStateMachine.java:takeSnapshot(291)) - group-183949E5868D: Taking a snapshot at:(t:2, i:0) file /github/workspace/mnt/ozone/hadoop-ozone/integration-test/target/test-dir/MiniOzoneClusterImpl-5b5774a2-bf3c-4723-a113-e238e3f8131c/datanode-0/data/ratis/6a91cd44-6d96-4d75-88f7-183949e5868d/sm/snapshot.2_0
2021-03-01 18:12:29,387 [0f049040-6e0c-4cd4-a487-c7f09e7e4ba1@group-183949E5868D-StateMachineUpdater] INFO  ratis.ContainerStateMachine (ContainerStateMachine.java:takeSnapshot(302)) - group-183949E5868D: Finished taking a snapshot at:(t:2, i:0) file:/github/workspace/mnt/ozone/hadoop-ozone/integration-test/target/test-dir/MiniOzoneClusterImpl-5b5774a2-bf3c-4723-a113-e238e3f8131c/datanode-0/data/ratis/6a91cd44-6d96-4d75-88f7-183949e5868d/sm/snapshot.2_0 took: 1 ms
2021-03-01 18:12:29,387 [0f049040-6e0c-4cd4-a487-c7f09e7e4ba1@group-183949E5868D-StateMachineUpdater] INFO  impl.StateMachineUpdater (StateMachineUpdater.java:takeSnapshot(279)) - 0f049040-6e0c-4cd4-a487-c7f09e7e4ba1@group-183949E5868D-StateMachineUpdater: Took a snapshot at index 0
2021-03-01 18:12:29,387 [0f049040-6e0c-4cd4-a487-c7f09e7e4ba1@group-183949E5868D-StateMachineUpdater] INFO  impl.StateMachineUpdater (StateMachineUpdater.java:lambda$new$0(88)) - 0f049040-6e0c-4cd4-a487-c7f09e7e4ba1@group-183949E5868D-StateMachineUpdater: snapshotIndex: updateIncreasingly -1 -> 0
2021-03-01 18:12:29,387 [0f049040-6e0c-4cd4-a487-c7f09e7e4ba1@group-183949E5868D-StateMachineUpdater] INFO  metrics.RatisMetrics (RatisMetrics.java:unregister(43)) - Unregistering Metrics Registry : ratis.state_machine.0f049040-6e0c-4cd4-a487-c7f09e7e4ba1@group-183949E5868D
2021-03-01 18:12:29,388 [ForkJoinPool.commonPool-worker-0] INFO  impl.StateMachineUpdater (StateMachineUpdater.java:stopAndJoin(148)) - 0f049040-6e0c-4cd4-a487-c7f09e7e4ba1@group-183949E5868D-StateMachineUpdater: set stopIndex = 0
2021-03-01 18:12:29,389 [ForkJoinPool.commonPool-worker-0] INFO  server.RaftServer$Division (ServerState.java:close(405)) - 0f049040-6e0c-4cd4-a487-c7f09e7e4ba1@group-183949E5868D: closes. applyIndex: 0
2021-03-01 18:12:29,389 [0f049040-6e0c-4cd4-a487-c7f09e7e4ba1@group-183949E5868D-SegmentedRaftLogWorker] INFO  segmented.SegmentedRaftLogWorker (SegmentedRaftLogWorker.java:run(326)) - 0f049040-6e0c-4cd4-a487-c7f09e7e4ba1@group-183949E5868D-SegmentedRaftLogWorker was interrupted, exiting. There are 0 tasks remaining in the queue.
2021-03-01 18:12:29,389 [ForkJoinPool.commonPool-worker-0] INFO  segmented.SegmentedRaftLogWorker (SegmentedRaftLogWorker.java:close(236)) - 0f049040-6e0c-4cd4-a487-c7f09e7e4ba1@group-183949E5868D-SegmentedRaftLogWorker close()
2021-03-01 18:12:29,393 [ForkJoinPool.commonPool-worker-0] INFO  metrics.RatisMetrics (RatisMetrics.java:unregister(43)) - Unregistering Metrics Registry : ratis.log_worker.0f049040-6e0c-4cd4-a487-c7f09e7e4ba1@group-183949E5868D
2021-03-01 18:12:29,393 [ForkJoinPool.commonPool-worker-0] INFO  metrics.RatisMetrics (RatisMetrics.java:unregister(43)) - Unregistering Metrics Registry : ratis.leader_election.0f049040-6e0c-4cd4-a487-c7f09e7e4ba1@group-183949E5868D
2021-03-01 18:12:29,393 [ForkJoinPool.commonPool-worker-0] INFO  metrics.RatisMetrics (RatisMetrics.java:unregister(43)) - Unregistering Metrics Registry : ratis.server.0f049040-6e0c-4cd4-a487-c7f09e7e4ba1@group-183949E5868D
2021-03-01 18:12:29,393 [ForkJoinPool.commonPool-worker-0] INFO  server.RaftServer$Division (RaftServerImpl.java:lambda$close$4(406)) - 0f049040-6e0c-4cd4-a487-c7f09e7e4ba1@group-617FBAE04F80: shutdown
2021-03-01 18:12:29,394 [ForkJoinPool.commonPool-worker-0] INFO  util.JmxRegister (JmxRegister.java:unregister(73)) - Successfully un-registered JMX Bean with object name Ratis:service=RaftServer,group=group-617FBAE04F80,id=0f049040-6e0c-4cd4-a487-c7f09e7e4ba1
2021-03-01 18:12:29,394 [ForkJoinPool.commonPool-worker-0] INFO  impl.RoleInfo (RoleInfo.java:shutdownFollowerState(108)) - 0f049040-6e0c-4cd4-a487-c7f09e7e4ba1: shutdown 0f049040-6e0c-4cd4-a487-c7f09e7e4ba1@group-617FBAE04F80-FollowerState
2021-03-01 18:12:29,394 [ForkJoinPool.commonPool-worker-0] INFO  impl.StateMachineUpdater (StateMachineUpdater.java:stopAndJoin(148)) - 0f049040-6e0c-4cd4-a487-c7f09e7e4ba1@group-617FBAE04F80-StateMachineUpdater: set stopIndex = 2
2021-03-01 18:12:29,394 [Thread-4783] INFO  impl.FollowerState (FollowerState.java:run(142)) - 0f049040-6e0c-4cd4-a487-c7f09e7e4ba1@group-617FBAE04F80-FollowerState was interrupted: {}
java.lang.InterruptedException: sleep interrupted
	at java.lang.Thread.sleep(Native Method)
	at java.lang.Thread.sleep(Thread.java:340)
	at java.util.concurrent.TimeUnit.sleep(TimeUnit.java:386)
	at org.apache.ratis.util.TimeDuration.sleep(TimeDuration.java:324)
	at org.apache.ratis.util.TimeDuration.sleep(TimeDuration.java:309)
	at org.apache.ratis.server.impl.FollowerState.run(FollowerState.java:117)
2021-03-01 18:12:29,394 [0f049040-6e0c-4cd4-a487-c7f09e7e4ba1@group-617FBAE04F80-StateMachineUpdater] INFO  ratis.ContainerStateMachine (ContainerStateMachine.java:takeSnapshot(291)) - group-617FBAE04F80: Taking a snapshot at:(t:4, i:2) file /github/workspace/mnt/ozone/hadoop-ozone/integration-test/target/test-dir/MiniOzoneClusterImpl-5b5774a2-bf3c-4723-a113-e238e3f8131c/datanode-0/data/ratis/da80ac3f-35d5-4acd-b79a-617fbae04f80/sm/snapshot.4_2
2021-03-01 18:12:29,395 [0f049040-6e0c-4cd4-a487-c7f09e7e4ba1@group-617FBAE04F80-StateMachineUpdater] INFO  ratis.ContainerStateMachine (ContainerStateMachine.java:takeSnapshot(302)) - group-617FBAE04F80: Finished taking a snapshot at:(t:4, i:2) file:/github/workspace/mnt/ozone/hadoop-ozone/integration-test/target/test-dir/MiniOzoneClusterImpl-5b5774a2-bf3c-4723-a113-e238e3f8131c/datanode-0/data/ratis/da80ac3f-35d5-4acd-b79a-617fbae04f80/sm/snapshot.4_2 took: 1 ms
2021-03-01 18:12:29,395 [0f049040-6e0c-4cd4-a487-c7f09e7e4ba1@group-617FBAE04F80-StateMachineUpdater] INFO  impl.StateMachineUpdater (StateMachineUpdater.java:takeSnapshot(279)) - 0f049040-6e0c-4cd4-a487-c7f09e7e4ba1@group-617FBAE04F80-StateMachineUpdater: Took a snapshot at index 2
2021-03-01 18:12:29,395 [0f049040-6e0c-4cd4-a487-c7f09e7e4ba1@group-617FBAE04F80-StateMachineUpdater] INFO  impl.StateMachineUpdater (StateMachineUpdater.java:lambda$new$0(88)) - 0f049040-6e0c-4cd4-a487-c7f09e7e4ba1@group-617FBAE04F80-StateMachineUpdater: snapshotIndex: updateIncreasingly -1 -> 2
2021-03-01 18:12:29,395 [0f049040-6e0c-4cd4-a487-c7f09e7e4ba1@group-617FBAE04F80-StateMachineUpdater] INFO  metrics.RatisMetrics (RatisMetrics.java:unregister(43)) - Unregistering Metrics Registry : ratis.state_machine.0f049040-6e0c-4cd4-a487-c7f09e7e4ba1@group-617FBAE04F80
2021-03-01 18:12:29,395 [ForkJoinPool.commonPool-worker-0] INFO  server.RaftServer$Division (ServerState.java:close(405)) - 0f049040-6e0c-4cd4-a487-c7f09e7e4ba1@group-617FBAE04F80: closes. applyIndex: 2
2021-03-01 18:12:29,395 [0f049040-6e0c-4cd4-a487-c7f09e7e4ba1@group-617FBAE04F80-SegmentedRaftLogWorker] INFO  segmented.SegmentedRaftLogWorker (SegmentedRaftLogWorker.java:run(326)) - 0f049040-6e0c-4cd4-a487-c7f09e7e4ba1@group-617FBAE04F80-SegmentedRaftLogWorker was interrupted, exiting. There are 0 tasks remaining in the queue.
2021-03-01 18:12:29,396 [ForkJoinPool.commonPool-worker-0] INFO  segmented.SegmentedRaftLogWorker (SegmentedRaftLogWorker.java:close(236)) - 0f049040-6e0c-4cd4-a487-c7f09e7e4ba1@group-617FBAE04F80-SegmentedRaftLogWorker close()
2021-03-01 18:12:29,398 [ForkJoinPool.commonPool-worker-0] INFO  metrics.RatisMetrics (RatisMetrics.java:unregister(43)) - Unregistering Metrics Registry : ratis.log_worker.0f049040-6e0c-4cd4-a487-c7f09e7e4ba1@group-617FBAE04F80
2021-03-01 18:12:29,398 [ForkJoinPool.commonPool-worker-0] INFO  metrics.RatisMetrics (RatisMetrics.java:unregister(43)) - Unregistering Metrics Registry : ratis.leader_election.0f049040-6e0c-4cd4-a487-c7f09e7e4ba1@group-617FBAE04F80
2021-03-01 18:12:29,398 [ForkJoinPool.commonPool-worker-0] INFO  metrics.RatisMetrics (RatisMetrics.java:unregister(43)) - Unregistering Metrics Registry : ratis.server.0f049040-6e0c-4cd4-a487-c7f09e7e4ba1@group-617FBAE04F80
2021-03-01 18:12:29,398 [ForkJoinPool.commonPool-worker-0] INFO  server.RaftServer$Division (RaftServerImpl.java:lambda$close$4(406)) - 0f049040-6e0c-4cd4-a487-c7f09e7e4ba1@group-3969B6352859: shutdown
2021-03-01 18:12:29,398 [ForkJoinPool.commonPool-worker-0] INFO  util.JmxRegister (JmxRegister.java:unregister(73)) - Successfully un-registered JMX Bean with object name Ratis:service=RaftServer,group=group-3969B6352859,id=0f049040-6e0c-4cd4-a487-c7f09e7e4ba1
2021-03-01 18:12:29,398 [ForkJoinPool.commonPool-worker-0] INFO  impl.RoleInfo (RoleInfo.java:shutdownLeaderState(91)) - 0f049040-6e0c-4cd4-a487-c7f09e7e4ba1: shutdown 0f049040-6e0c-4cd4-a487-c7f09e7e4ba1@group-3969B6352859-LeaderStateImpl
2021-03-01 18:12:29,398 [ForkJoinPool.commonPool-worker-0] INFO  impl.PendingRequests (PendingRequests.java:sendNotLeaderResponses(249)) - 0f049040-6e0c-4cd4-a487-c7f09e7e4ba1@group-3969B6352859-PendingRequests: sendNotLeaderResponses
2021-03-01 18:12:29,399 [ForkJoinPool.commonPool-worker-0] INFO  metrics.RatisMetrics (RatisMetrics.java:unregister(43)) - Unregistering Metrics Registry : ratis.log_appender.0f049040-6e0c-4cd4-a487-c7f09e7e4ba1@group-3969B6352859
2021-03-01 18:12:29,399 [ForkJoinPool.commonPool-worker-0] INFO  metrics.RatisMetrics (RatisMetrics.java:unregister(43)) - Unregistering Metrics Registry : ratis.server.0f049040-6e0c-4cd4-a487-c7f09e7e4ba1@group-3969B6352859
2021-03-01 18:12:29,400 [ForkJoinPool.commonPool-worker-0] INFO  impl.StateMachineUpdater (StateMachineUpdater.java:stopAndJoin(148)) - 0f049040-6e0c-4cd4-a487-c7f09e7e4ba1@group-3969B6352859-StateMachineUpdater: set stopIndex = 0
2021-03-01 18:12:29,400 [Listener at 127.0.0.1/41333] INFO  server.AbstractConnector (AbstractConnector.java:doStop(381)) - Stopped ServerConnector@19d9915e{HTTP/1.1, (http/1.1)}{0.0.0.0:0}
2021-03-01 18:12:29,400 [Listener at 127.0.0.1/41333] INFO  server.session (HouseKeeper.java:stopScavenging(149)) - node0 Stopped scavenging
2021-03-01 18:12:29,400 [0f049040-6e0c-4cd4-a487-c7f09e7e4ba1@group-3969B6352859-StateMachineUpdater] INFO  ratis.ContainerStateMachine (ContainerStateMachine.java:takeSnapshot(291)) - group-3969B6352859: Taking a snapshot at:(t:1, i:0) file /github/workspace/mnt/ozone/hadoop-ozone/integration-test/target/test-dir/MiniOzoneClusterImpl-5b5774a2-bf3c-4723-a113-e238e3f8131c/datanode-0/data/ratis/349ecc55-d885-4713-aba4-3969b6352859/sm/snapshot.1_0
2021-03-01 18:12:29,401 [0f049040-6e0c-4cd4-a487-c7f09e7e4ba1@group-3969B6352859-StateMachineUpdater] INFO  ratis.ContainerStateMachine (ContainerStateMachine.java:takeSnapshot(302)) - group-3969B6352859: Finished taking a snapshot at:(t:1, i:0) file:/github/workspace/mnt/ozone/hadoop-ozone/integration-test/target/test-dir/MiniOzoneClusterImpl-5b5774a2-bf3c-4723-a113-e238e3f8131c/datanode-0/data/ratis/349ecc55-d885-4713-aba4-3969b6352859/sm/snapshot.1_0 took: 1 ms
2021-03-01 18:12:29,401 [0f049040-6e0c-4cd4-a487-c7f09e7e4ba1@group-3969B6352859-StateMachineUpdater] INFO  impl.StateMachineUpdater (StateMachineUpdater.java:takeSnapshot(279)) - 0f049040-6e0c-4cd4-a487-c7f09e7e4ba1@group-3969B6352859-StateMachineUpdater: Took a snapshot at index 0
2021-03-01 18:12:29,401 [0f049040-6e0c-4cd4-a487-c7f09e7e4ba1@group-3969B6352859-StateMachineUpdater] INFO  impl.StateMachineUpdater (StateMachineUpdater.java:lambda$new$0(88)) - 0f049040-6e0c-4cd4-a487-c7f09e7e4ba1@group-3969B6352859-StateMachineUpdater: snapshotIndex: updateIncreasingly -1 -> 0
2021-03-01 18:12:29,401 [0f049040-6e0c-4cd4-a487-c7f09e7e4ba1@group-3969B6352859-StateMachineUpdater] INFO  metrics.RatisMetrics (RatisMetrics.java:unregister(43)) - Unregistering Metrics Registry : ratis.state_machine.0f049040-6e0c-4cd4-a487-c7f09e7e4ba1@group-3969B6352859
2021-03-01 18:12:29,401 [ForkJoinPool.commonPool-worker-0] INFO  server.RaftServer$Division (ServerState.java:close(405)) - 0f049040-6e0c-4cd4-a487-c7f09e7e4ba1@group-3969B6352859: closes. applyIndex: 0
2021-03-01 18:12:29,402 [0f049040-6e0c-4cd4-a487-c7f09e7e4ba1@group-3969B6352859-SegmentedRaftLogWorker] INFO  segmented.SegmentedRaftLogWorker (SegmentedRaftLogWorker.java:run(326)) - 0f049040-6e0c-4cd4-a487-c7f09e7e4ba1@group-3969B6352859-SegmentedRaftLogWorker was interrupted, exiting. There are 0 tasks remaining in the queue.
2021-03-01 18:12:29,402 [ForkJoinPool.commonPool-worker-0] INFO  segmented.SegmentedRaftLogWorker (SegmentedRaftLogWorker.java:close(236)) - 0f049040-6e0c-4cd4-a487-c7f09e7e4ba1@group-3969B6352859-SegmentedRaftLogWorker close()
2021-03-01 18:12:29,402 [ForkJoinPool.commonPool-worker-0] INFO  metrics.RatisMetrics (RatisMetrics.java:unregister(43)) - Unregistering Metrics Registry : ratis.log_worker.0f049040-6e0c-4cd4-a487-c7f09e7e4ba1@group-3969B6352859
2021-03-01 18:12:29,402 [ForkJoinPool.commonPool-worker-0] INFO  metrics.RatisMetrics (RatisMetrics.java:unregister(43)) - Unregistering Metrics Registry : ratis.leader_election.0f049040-6e0c-4cd4-a487-c7f09e7e4ba1@group-3969B6352859
2021-03-01 18:12:29,402 [ForkJoinPool.commonPool-worker-0] INFO  metrics.RatisMetrics (RatisMetrics.java:unregister(43)) - Unregistering Metrics Registry : ratis.server.0f049040-6e0c-4cd4-a487-c7f09e7e4ba1@group-3969B6352859
2021-03-01 18:12:29,402 [ForkJoinPool.commonPool-worker-0] INFO  server.RaftServer$Division (RaftServerImpl.java:lambda$close$4(406)) - 0f049040-6e0c-4cd4-a487-c7f09e7e4ba1@group-56E890C13FB3: shutdown
2021-03-01 18:12:29,402 [ForkJoinPool.commonPool-worker-0] INFO  util.JmxRegister (JmxRegister.java:unregister(73)) - Successfully un-registered JMX Bean with object name Ratis:service=RaftServer,group=group-56E890C13FB3,id=0f049040-6e0c-4cd4-a487-c7f09e7e4ba1
2021-03-01 18:12:29,403 [ForkJoinPool.commonPool-worker-0] INFO  impl.RoleInfo (RoleInfo.java:shutdownFollowerState(108)) - 0f049040-6e0c-4cd4-a487-c7f09e7e4ba1: shutdown 0f049040-6e0c-4cd4-a487-c7f09e7e4ba1@group-56E890C13FB3-FollowerState
2021-03-01 18:12:29,403 [Thread-4764] INFO  impl.FollowerState (FollowerState.java:run(142)) - 0f049040-6e0c-4cd4-a487-c7f09e7e4ba1@group-56E890C13FB3-FollowerState was interrupted: {}
java.lang.InterruptedException: sleep interrupted
	at java.lang.Thread.sleep(Native Method)
	at java.lang.Thread.sleep(Thread.java:340)
	at java.util.concurrent.TimeUnit.sleep(TimeUnit.java:386)
	at org.apache.ratis.util.TimeDuration.sleep(TimeDuration.java:324)
	at org.apache.ratis.util.TimeDuration.sleep(TimeDuration.java:309)
	at org.apache.ratis.server.impl.FollowerState.run(FollowerState.java:117)
2021-03-01 18:12:29,403 [0f049040-6e0c-4cd4-a487-c7f09e7e4ba1@group-56E890C13FB3-StateMachineUpdater] INFO  ratis.ContainerStateMachine (ContainerStateMachine.java:takeSnapshot(291)) - group-56E890C13FB3: Taking a snapshot at:(t:10, i:1) file /github/workspace/mnt/ozone/hadoop-ozone/integration-test/target/test-dir/MiniOzoneClusterImpl-5b5774a2-bf3c-4723-a113-e238e3f8131c/datanode-0/data/ratis/d7d51450-7844-4544-a5b2-56e890c13fb3/sm/snapshot.10_1
2021-03-01 18:12:29,403 [ForkJoinPool.commonPool-worker-0] INFO  impl.StateMachineUpdater (StateMachineUpdater.java:stopAndJoin(148)) - 0f049040-6e0c-4cd4-a487-c7f09e7e4ba1@group-56E890C13FB3-StateMachineUpdater: set stopIndex = 1
2021-03-01 18:12:29,404 [Listener at 127.0.0.1/41333] INFO  handler.ContextHandler (ContextHandler.java:doStop(1154)) - Stopped o.e.j.s.ServletContextHandler@2f6bae5a{static,/static,jar:file:/home/user/.m2/repository/org/apache/hadoop/hadoop-hdds-container-service/1.1.0-SNAPSHOT/hadoop-hdds-container-service-1.1.0-SNAPSHOT.jar!/webapps/static,STOPPED}
2021-03-01 18:12:29,404 [0f049040-6e0c-4cd4-a487-c7f09e7e4ba1@group-56E890C13FB3-StateMachineUpdater] INFO  ratis.ContainerStateMachine (ContainerStateMachine.java:takeSnapshot(302)) - group-56E890C13FB3: Finished taking a snapshot at:(t:10, i:1) file:/github/workspace/mnt/ozone/hadoop-ozone/integration-test/target/test-dir/MiniOzoneClusterImpl-5b5774a2-bf3c-4723-a113-e238e3f8131c/datanode-0/data/ratis/d7d51450-7844-4544-a5b2-56e890c13fb3/sm/snapshot.10_1 took: 0 ms
2021-03-01 18:12:29,404 [0f049040-6e0c-4cd4-a487-c7f09e7e4ba1@group-56E890C13FB3-StateMachineUpdater] INFO  impl.StateMachineUpdater (StateMachineUpdater.java:takeSnapshot(279)) - 0f049040-6e0c-4cd4-a487-c7f09e7e4ba1@group-56E890C13FB3-StateMachineUpdater: Took a snapshot at index 1
2021-03-01 18:12:29,404 [0f049040-6e0c-4cd4-a487-c7f09e7e4ba1@group-56E890C13FB3-StateMachineUpdater] INFO  impl.StateMachineUpdater (StateMachineUpdater.java:lambda$new$0(88)) - 0f049040-6e0c-4cd4-a487-c7f09e7e4ba1@group-56E890C13FB3-StateMachineUpdater: snapshotIndex: updateIncreasingly -1 -> 1
2021-03-01 18:12:29,404 [0f049040-6e0c-4cd4-a487-c7f09e7e4ba1@group-56E890C13FB3-StateMachineUpdater] INFO  metrics.RatisMetrics (RatisMetrics.java:unregister(43)) - Unregistering Metrics Registry : ratis.state_machine.0f049040-6e0c-4cd4-a487-c7f09e7e4ba1@group-56E890C13FB3
2021-03-01 18:12:29,405 [ForkJoinPool.commonPool-worker-0] INFO  server.RaftServer$Division (ServerState.java:close(405)) - 0f049040-6e0c-4cd4-a487-c7f09e7e4ba1@group-56E890C13FB3: closes. applyIndex: 1
2021-03-01 18:12:29,411 [0f049040-6e0c-4cd4-a487-c7f09e7e4ba1@group-56E890C13FB3-SegmentedRaftLogWorker] INFO  segmented.SegmentedRaftLogWorker (SegmentedRaftLogWorker.java:run(326)) - 0f049040-6e0c-4cd4-a487-c7f09e7e4ba1@group-56E890C13FB3-SegmentedRaftLogWorker was interrupted, exiting. There are 0 tasks remaining in the queue.
2021-03-01 18:12:29,417 [ForkJoinPool.commonPool-worker-0] INFO  segmented.SegmentedRaftLogWorker (SegmentedRaftLogWorker.java:close(236)) - 0f049040-6e0c-4cd4-a487-c7f09e7e4ba1@group-56E890C13FB3-SegmentedRaftLogWorker close()
2021-03-01 18:12:29,418 [ForkJoinPool.commonPool-worker-0] INFO  metrics.RatisMetrics (RatisMetrics.java:unregister(43)) - Unregistering Metrics Registry : ratis.log_worker.0f049040-6e0c-4cd4-a487-c7f09e7e4ba1@group-56E890C13FB3
2021-03-01 18:12:29,418 [ForkJoinPool.commonPool-worker-0] INFO  metrics.RatisMetrics (RatisMetrics.java:unregister(43)) - Unregistering Metrics Registry : ratis.leader_election.0f049040-6e0c-4cd4-a487-c7f09e7e4ba1@group-56E890C13FB3
2021-03-01 18:12:29,418 [ForkJoinPool.commonPool-worker-0] INFO  metrics.RatisMetrics (RatisMetrics.java:unregister(43)) - Unregistering Metrics Registry : ratis.server.0f049040-6e0c-4cd4-a487-c7f09e7e4ba1@group-56E890C13FB3
2021-03-01 18:12:29,418 [ForkJoinPool.commonPool-worker-0] INFO  server.GrpcService (GrpcService.java:closeImpl(262)) - 0f049040-6e0c-4cd4-a487-c7f09e7e4ba1: shutdown server with port 45527 now
2021-03-01 18:12:29,420 [Thread-4474] INFO  impl.FollowerState (FollowerState.java:run(133)) - b303f36a-f963-4721-9f7a-b5e9e54e4468@group-1C1384E55287-FollowerState: change to CANDIDATE, lastRpcElapsedTime:5908885503ns, electionTimeout:5146ms
2021-03-01 18:12:29,420 [Thread-4474] INFO  impl.RoleInfo (RoleInfo.java:shutdownFollowerState(108)) - b303f36a-f963-4721-9f7a-b5e9e54e4468: shutdown b303f36a-f963-4721-9f7a-b5e9e54e4468@group-1C1384E55287-FollowerState
2021-03-01 18:12:29,420 [Thread-4474] INFO  server.RaftServer$Division (RaftServerImpl.java:setRole(284)) - b303f36a-f963-4721-9f7a-b5e9e54e4468@group-1C1384E55287: changes role from  FOLLOWER to CANDIDATE at term 1 for changeToCandidate
2021-03-01 18:12:29,420 [Thread-4474] INFO  server.RaftServerConfigKeys (ConfUtils.java:logGet(44)) - raft.server.leaderelection.pre-vote = false (custom)
2021-03-01 18:12:29,420 [Thread-4474] INFO  impl.RoleInfo (RoleInfo.java:updateAndGet(130)) - b303f36a-f963-4721-9f7a-b5e9e54e4468: start b303f36a-f963-4721-9f7a-b5e9e54e4468@group-1C1384E55287-LeaderElection230
2021-03-01 18:12:29,420 [ForkJoinPool.commonPool-worker-0] INFO  server.GrpcService (GrpcService.java:closeImpl(271)) - 0f049040-6e0c-4cd4-a487-c7f09e7e4ba1: shutdown server with port 45527 successfully
2021-03-01 18:12:29,421 [Listener at 127.0.0.1/41333] INFO  handler.ContextHandler (ContextHandler.java:doStop(1154)) - Stopped o.e.j.s.ServletContextHandler@3cc31d54{logs,/logs,file:///github/workspace/mnt/ozone/hadoop-ozone/integration-test/target/log,STOPPED}
2021-03-01 18:12:29,421 [b303f36a-f963-4721-9f7a-b5e9e54e4468@group-1C1384E55287-LeaderElection230] INFO  server.RaftServer$Division (ServerState.java:setLeader(271)) - b303f36a-f963-4721-9f7a-b5e9e54e4468@group-1C1384E55287: change Leader from ca5fd955-873f-4bac-9f2a-538d93af5c77 to null at term 1 for ELECTION
2021-03-01 18:12:29,422 [b303f36a-f963-4721-9f7a-b5e9e54e4468@group-1C1384E55287-LeaderElection230] INFO  impl.LeaderElection (LeaderElection.java:askForVotes(307)) - b303f36a-f963-4721-9f7a-b5e9e54e4468@group-1C1384E55287-LeaderElection230 ELECTION round 0: submit vote requests at term 2 for 0: [b303f36a-f963-4721-9f7a-b5e9e54e4468|rpc:172.17.0.2:32969|dataStream:|priority:0, a7136ecb-4465-4bae-b158-9cfc61718915|rpc:172.17.0.2:42023|dataStream:|priority:0, ca5fd955-873f-4bac-9f2a-538d93af5c77|rpc:172.17.0.2:36703|dataStream:|priority:1], old=null
2021-03-01 18:12:29,422 [b303f36a-f963-4721-9f7a-b5e9e54e4468@group-1C1384E55287-LeaderElection230] INFO  impl.LeaderElection (LogUtils.java:infoOrTrace(137)) - b303f36a-f963-4721-9f7a-b5e9e54e4468@group-1C1384E55287-LeaderElection230 got exception when requesting votes: java.util.concurrent.ExecutionException: org.apache.ratis.thirdparty.io.grpc.StatusRuntimeException: UNAVAILABLE: io exception
2021-03-01 18:12:29,423 [b303f36a-f963-4721-9f7a-b5e9e54e4468@group-1C1384E55287-LeaderElection230] INFO  impl.LeaderElection (LogUtils.java:infoOrTrace(137)) - b303f36a-f963-4721-9f7a-b5e9e54e4468@group-1C1384E55287-LeaderElection230 got exception when requesting votes: java.util.concurrent.ExecutionException: org.apache.ratis.thirdparty.io.grpc.StatusRuntimeException: UNAVAILABLE: io exception
2021-03-01 18:12:29,423 [b303f36a-f963-4721-9f7a-b5e9e54e4468@group-1C1384E55287-LeaderElection230] INFO  impl.LeaderElection (LeaderElection.java:logAndReturn(89)) - b303f36a-f963-4721-9f7a-b5e9e54e4468@group-1C1384E55287-LeaderElection230: ELECTION REJECTED received 0 response(s) and 2 exception(s):
2021-03-01 18:12:29,423 [b303f36a-f963-4721-9f7a-b5e9e54e4468@group-1C1384E55287-LeaderElection230] INFO  impl.LeaderElection (LogUtils.java:infoOrTrace(137)) -   Exception 0: java.util.concurrent.ExecutionException: org.apache.ratis.thirdparty.io.grpc.StatusRuntimeException: UNAVAILABLE: io exception
2021-03-01 18:12:29,423 [b303f36a-f963-4721-9f7a-b5e9e54e4468@group-1C1384E55287-LeaderElection230] INFO  impl.LeaderElection (LogUtils.java:infoOrTrace(137)) -   Exception 1: java.util.concurrent.ExecutionException: org.apache.ratis.thirdparty.io.grpc.StatusRuntimeException: UNAVAILABLE: io exception
2021-03-01 18:12:29,423 [b303f36a-f963-4721-9f7a-b5e9e54e4468@group-1C1384E55287-LeaderElection230] INFO  impl.LeaderElection (LeaderElection.java:askForVotes(309)) - b303f36a-f963-4721-9f7a-b5e9e54e4468@group-1C1384E55287-LeaderElection230 ELECTION round 0: result REJECTED
2021-03-01 18:12:29,423 [b303f36a-f963-4721-9f7a-b5e9e54e4468@group-1C1384E55287-LeaderElection230] INFO  server.RaftServer$Division (RaftServerImpl.java:setRole(284)) - b303f36a-f963-4721-9f7a-b5e9e54e4468@group-1C1384E55287: changes role from CANDIDATE to FOLLOWER at term 2 for REJECTED
2021-03-01 18:12:29,423 [b303f36a-f963-4721-9f7a-b5e9e54e4468@group-1C1384E55287-LeaderElection230] INFO  impl.RoleInfo (RoleInfo.java:shutdownLeaderElection(121)) - b303f36a-f963-4721-9f7a-b5e9e54e4468: shutdown b303f36a-f963-4721-9f7a-b5e9e54e4468@group-1C1384E55287-LeaderElection230
2021-03-01 18:12:29,423 [b303f36a-f963-4721-9f7a-b5e9e54e4468@group-1C1384E55287-LeaderElection230] INFO  impl.RoleInfo (RoleInfo.java:updateAndGet(130)) - b303f36a-f963-4721-9f7a-b5e9e54e4468: start b303f36a-f963-4721-9f7a-b5e9e54e4468@group-1C1384E55287-FollowerState
2021-03-01 18:12:29,427 [org.apache.ratis.util.JvmPauseMonitor$$Lambda$504/1874703858@15a7de76] INFO  util.JvmPauseMonitor (JvmPauseMonitor.java:run(109)) - JvmPauseMonitor-0f049040-6e0c-4cd4-a487-c7f09e7e4ba1: Stopped
2021-03-01 18:12:29,432 [ForkJoinPool.commonPool-worker-0] INFO  utils.BackgroundService (BackgroundService.java:shutdown(132)) - Shutting down service BlockDeletingService
2021-03-01 18:12:29,443 [ForkJoinPool.commonPool-worker-0] INFO  statemachine.DatanodeStateMachine (DatanodeStateMachine.java:stopDaemon(469)) - Ozone container server stopped.
2021-03-01 18:12:29,452 [ForkJoinPool.commonPool-worker-0] INFO  handler.ContextHandler (ContextHandler.java:doStop(1154)) - Stopped o.e.j.w.WebAppContext@66bcbbc4{hddsDatanode,/,null,STOPPED}{jar:file:/home/user/.m2/repository/org/apache/hadoop/hadoop-hdds-container-service/1.1.0-SNAPSHOT/hadoop-hdds-container-service-1.1.0-SNAPSHOT.jar!/webapps/hddsDatanode}
2021-03-01 18:12:29,455 [ForkJoinPool.commonPool-worker-0] INFO  server.AbstractConnector (AbstractConnector.java:doStop(381)) - Stopped ServerConnector@665157a3{HTTP/1.1, (http/1.1)}{0.0.0.0:0}
2021-03-01 18:12:29,455 [ForkJoinPool.commonPool-worker-0] INFO  server.session (HouseKeeper.java:stopScavenging(149)) - node0 Stopped scavenging
2021-03-01 18:12:29,456 [ForkJoinPool.commonPool-worker-0] INFO  handler.ContextHandler (ContextHandler.java:doStop(1154)) - Stopped o.e.j.s.ServletContextHandler@1142d973{static,/static,jar:file:/home/user/.m2/repository/org/apache/hadoop/hadoop-hdds-container-service/1.1.0-SNAPSHOT/hadoop-hdds-container-service-1.1.0-SNAPSHOT.jar!/webapps/static,STOPPED}
2021-03-01 18:12:29,463 [ForkJoinPool.commonPool-worker-0] INFO  handler.ContextHandler (ContextHandler.java:doStop(1154)) - Stopped o.e.j.s.ServletContextHandler@2c258764{logs,/logs,file:///github/workspace/mnt/ozone/hadoop-ozone/integration-test/target/log,STOPPED}
2021-03-01 18:12:29,833 [Thread-4602] WARN  server.RaftServer$Division (LeaderStateImpl.java:checkLeadership(941)) - b303f36a-f963-4721-9f7a-b5e9e54e4468@group-6F3B09D344DD-LeaderStateImpl: Lost leadership on term: 4. Election timeout: 5200ms. In charge for: 31223ms. Conf: 0: [b303f36a-f963-4721-9f7a-b5e9e54e4468|rpc:172.17.0.2:32969|dataStream:|priority:1, a7136ecb-4465-4bae-b158-9cfc61718915|rpc:172.17.0.2:42023|dataStream:|priority:0, ca5fd955-873f-4bac-9f2a-538d93af5c77|rpc:172.17.0.2:36703|dataStream:|priority:0], old=null
2021-03-01 18:12:29,833 [Thread-4602] WARN  server.RaftServer$Division (LeaderStateImpl.java:lambda$checkLeadership$15(945)) - Follower b303f36a-f963-4721-9f7a-b5e9e54e4468@group-6F3B09D344DD->a7136ecb-4465-4bae-b158-9cfc61718915(c0,m0,n1, attendVote=true, lastRpcSendTime=1153, lastRpcResponseTime=11176)
2021-03-01 18:12:29,833 [Thread-4602] WARN  server.RaftServer$Division (LeaderStateImpl.java:lambda$checkLeadership$15(945)) - Follower b303f36a-f963-4721-9f7a-b5e9e54e4468@group-6F3B09D344DD->ca5fd955-873f-4bac-9f2a-538d93af5c77(c0,m0,n1, attendVote=true, lastRpcSendTime=1144, lastRpcResponseTime=6144)
2021-03-01 18:12:29,833 [Thread-4602] INFO  server.RaftServer$Division (RaftServerImpl.java:setRole(284)) - b303f36a-f963-4721-9f7a-b5e9e54e4468@group-6F3B09D344DD: changes role from    LEADER to FOLLOWER at term 4 for StepDownReason:LOST_MAJORITY_HEARTBEATS
2021-03-01 18:12:29,833 [Thread-4602] INFO  impl.RoleInfo (RoleInfo.java:shutdownLeaderState(91)) - b303f36a-f963-4721-9f7a-b5e9e54e4468: shutdown b303f36a-f963-4721-9f7a-b5e9e54e4468@group-6F3B09D344DD-LeaderStateImpl
2021-03-01 18:12:29,833 [Thread-4602] INFO  metrics.RatisMetrics (RatisMetrics.java:unregister(43)) - Unregistering Metrics Registry : ratis_grpc.log_appender.b303f36a-f963-4721-9f7a-b5e9e54e4468@group-6F3B09D344DD
2021-03-01 18:12:29,834 [Thread-4602] INFO  metrics.RatisMetrics (RatisMetrics.java:unregister(43)) - Unregistering Metrics Registry : ratis_grpc.log_appender.b303f36a-f963-4721-9f7a-b5e9e54e4468@group-6F3B09D344DD
2021-03-01 18:12:29,834 [Thread-4602] INFO  impl.PendingRequests (PendingRequests.java:sendNotLeaderResponses(249)) - b303f36a-f963-4721-9f7a-b5e9e54e4468@group-6F3B09D344DD-PendingRequests: sendNotLeaderResponses
2021-03-01 18:12:29,834 [Thread-4602] INFO  metrics.RatisMetrics (RatisMetrics.java:unregister(43)) - Unregistering Metrics Registry : ratis.log_appender.b303f36a-f963-4721-9f7a-b5e9e54e4468@group-6F3B09D344DD
2021-03-01 18:12:29,834 [Thread-4602] INFO  metrics.RatisMetrics (RatisMetrics.java:unregister(43)) - Unregistering Metrics Registry : ratis.server.b303f36a-f963-4721-9f7a-b5e9e54e4468@group-6F3B09D344DD
2021-03-01 18:12:29,834 [Thread-4602] INFO  impl.RoleInfo (RoleInfo.java:updateAndGet(130)) - b303f36a-f963-4721-9f7a-b5e9e54e4468: start b303f36a-f963-4721-9f7a-b5e9e54e4468@group-6F3B09D344DD-FollowerState
2021-03-01 18:12:29,884 [Datanode State Machine Thread - 0] INFO  statemachine.DatanodeStateMachine (DatanodeStateMachine.java:lambda$startDaemon$0(411)) - Ozone container server started.
2021-03-01 18:12:33,039 [EventQueue-DeadNodeForDeadNodeHandler] INFO  node.DeadNodeHandler (DeadNodeHandler.java:onMessage(77)) - A dead datanode is detected. f258d114-ea47-4d12-8964-639f425ab8d0{ip: 172.17.0.2, host: 83787af071e2, ports: [REPLICATION=37693, RATIS=45265, RATIS_ADMIN=45265, RATIS_SERVER=45265, STANDALONE=34123], networkLocation: /default-rack, certSerialId: null, persistedOpState: IN_SERVICE, persistedOpStateExpiryEpochSec: 0}
2021-03-01 18:12:33,039 [EventQueue-DeadNodeForDeadNodeHandler] INFO  pipeline.SCMPipelineManager (SCMPipelineManager.java:finalizeAndDestroyPipeline(483)) - Destroying pipeline:Pipeline[ Id: 6a91cd44-6d96-4d75-88f7-183949e5868d, Nodes: 0f049040-6e0c-4cd4-a487-c7f09e7e4ba1{ip: 172.17.0.2, host: 83787af071e2, ports: [REPLICATION=39923, RATIS=45527, RATIS_ADMIN=45527, RATIS_SERVER=45527, STANDALONE=32999], networkLocation: /default-rack, certSerialId: null, persistedOpState: IN_SERVICE, persistedOpStateExpiryEpochSec: 0}a5a3f093-0768-4d4b-b08f-053c130678b3{ip: 172.17.0.2, host: 83787af071e2, ports: [REPLICATION=35041, RATIS=40499, RATIS_ADMIN=40499, RATIS_SERVER=40499, STANDALONE=42875], networkLocation: /default-rack, certSerialId: null, persistedOpState: IN_SERVICE, persistedOpStateExpiryEpochSec: 0}f258d114-ea47-4d12-8964-639f425ab8d0{ip: 172.17.0.2, host: 83787af071e2, ports: [REPLICATION=37693, RATIS=45265, RATIS_ADMIN=45265, RATIS_SERVER=45265, STANDALONE=34123], networkLocation: /default-rack, certSerialId: null, persistedOpState: IN_SERVICE, persistedOpStateExpiryEpochSec: 0}, Type:RATIS, Factor:THREE, State:CLOSED, leaderId:0f049040-6e0c-4cd4-a487-c7f09e7e4ba1, CreationTimestamp2021-03-01T18:11:34.994Z]
2021-03-01 18:12:33,039 [EventQueue-DeadNodeForDeadNodeHandler] INFO  pipeline.RatisPipelineProvider (RatisPipelineProvider.java:lambda$close$1(200)) - Send pipeline:PipelineID=6a91cd44-6d96-4d75-88f7-183949e5868d close command to datanode 0f049040-6e0c-4cd4-a487-c7f09e7e4ba1
2021-03-01 18:12:33,039 [EventQueue-DeadNodeForDeadNodeHandler] INFO  pipeline.RatisPipelineProvider (RatisPipelineProvider.java:lambda$close$1(200)) - Send pipeline:PipelineID=6a91cd44-6d96-4d75-88f7-183949e5868d close command to datanode a5a3f093-0768-4d4b-b08f-053c130678b3
2021-03-01 18:12:33,039 [EventQueue-DeadNodeForDeadNodeHandler] INFO  pipeline.RatisPipelineProvider (RatisPipelineProvider.java:lambda$close$1(200)) - Send pipeline:PipelineID=6a91cd44-6d96-4d75-88f7-183949e5868d close command to datanode f258d114-ea47-4d12-8964-639f425ab8d0
2021-03-01 18:12:33,039 [EventQueue-DeadNodeForDeadNodeHandler] INFO  pipeline.PipelineStateManager (PipelineStateManager.java:removePipeline(106)) - Pipeline Pipeline[ Id: 6a91cd44-6d96-4d75-88f7-183949e5868d, Nodes: 0f049040-6e0c-4cd4-a487-c7f09e7e4ba1{ip: 172.17.0.2, host: 83787af071e2, ports: [REPLICATION=39923, RATIS=45527, RATIS_ADMIN=45527, RATIS_SERVER=45527, STANDALONE=32999], networkLocation: /default-rack, certSerialId: null, persistedOpState: IN_SERVICE, persistedOpStateExpiryEpochSec: 0}a5a3f093-0768-4d4b-b08f-053c130678b3{ip: 172.17.0.2, host: 83787af071e2, ports: [REPLICATION=35041, RATIS=40499, RATIS_ADMIN=40499, RATIS_SERVER=40499, STANDALONE=42875], networkLocation: /default-rack, certSerialId: null, persistedOpState: IN_SERVICE, persistedOpStateExpiryEpochSec: 0}f258d114-ea47-4d12-8964-639f425ab8d0{ip: 172.17.0.2, host: 83787af071e2, ports: [REPLICATION=37693, RATIS=45265, RATIS_ADMIN=45265, RATIS_SERVER=45265, STANDALONE=34123], networkLocation: /default-rack, certSerialId: null, persistedOpState: IN_SERVICE, persistedOpStateExpiryEpochSec: 0}, Type:RATIS, Factor:THREE, State:CLOSED, leaderId:0f049040-6e0c-4cd4-a487-c7f09e7e4ba1, CreationTimestamp2021-03-01T18:11:34.994Z] removed from db
2021-03-01 18:12:33,040 [EventQueue-DeadNodeForDeadNodeHandler] INFO  pipeline.SCMPipelineManager (SCMPipelineManager.java:finalizeAndDestroyPipeline(483)) - Destroying pipeline:Pipeline[ Id: da80ac3f-35d5-4acd-b79a-617fbae04f80, Nodes: f258d114-ea47-4d12-8964-639f425ab8d0{ip: 172.17.0.2, host: 83787af071e2, ports: [REPLICATION=37693, RATIS=45265, RATIS_ADMIN=45265, RATIS_SERVER=45265, STANDALONE=34123], networkLocation: /default-rack, certSerialId: null, persistedOpState: IN_SERVICE, persistedOpStateExpiryEpochSec: 0}0f049040-6e0c-4cd4-a487-c7f09e7e4ba1{ip: 172.17.0.2, host: 83787af071e2, ports: [REPLICATION=39923, RATIS=45527, RATIS_ADMIN=45527, RATIS_SERVER=45527, STANDALONE=32999], networkLocation: /default-rack, certSerialId: null, persistedOpState: IN_SERVICE, persistedOpStateExpiryEpochSec: 0}a5a3f093-0768-4d4b-b08f-053c130678b3{ip: 172.17.0.2, host: 83787af071e2, ports: [REPLICATION=35041, RATIS=40499, RATIS_ADMIN=40499, RATIS_SERVER=40499, STANDALONE=42875], networkLocation: /default-rack, certSerialId: null, persistedOpState: IN_SERVICE, persistedOpStateExpiryEpochSec: 0}, Type:RATIS, Factor:THREE, State:CLOSED, leaderId:0f049040-6e0c-4cd4-a487-c7f09e7e4ba1, CreationTimestamp2021-03-01T18:11:34.995Z]
2021-03-01 18:12:33,041 [RatisPipelineUtilsThread] INFO  pipeline.RatisPipelineProvider (RatisPipelineProvider.java:lambda$create$0(161)) - Sending CreatePipelineCommand for pipeline:PipelineID=ca818bdd-7d8b-412f-a27c-abb7298555a1 to datanode:0f049040-6e0c-4cd4-a487-c7f09e7e4ba1
2021-03-01 18:12:33,041 [RatisPipelineUtilsThread] INFO  pipeline.RatisPipelineProvider (RatisPipelineProvider.java:lambda$create$0(161)) - Sending CreatePipelineCommand for pipeline:PipelineID=ca818bdd-7d8b-412f-a27c-abb7298555a1 to datanode:71037dd0-5a6b-4f94-9c1b-4fa0a4e676f4
2021-03-01 18:12:33,041 [RatisPipelineUtilsThread] INFO  pipeline.RatisPipelineProvider (RatisPipelineProvider.java:lambda$create$0(161)) - Sending CreatePipelineCommand for pipeline:PipelineID=ca818bdd-7d8b-412f-a27c-abb7298555a1 to datanode:b303f36a-f963-4721-9f7a-b5e9e54e4468
2021-03-01 18:12:33,041 [RatisPipelineUtilsThread] INFO  pipeline.PipelineStateManager (PipelineStateManager.java:addPipeline(54)) - Created pipeline Pipeline[ Id: ca818bdd-7d8b-412f-a27c-abb7298555a1, Nodes: 0f049040-6e0c-4cd4-a487-c7f09e7e4ba1{ip: 172.17.0.2, host: 83787af071e2, ports: [REPLICATION=39923, RATIS=45527, RATIS_ADMIN=45527, RATIS_SERVER=45527, STANDALONE=32999], networkLocation: /default-rack, certSerialId: null, persistedOpState: IN_SERVICE, persistedOpStateExpiryEpochSec: 0}71037dd0-5a6b-4f94-9c1b-4fa0a4e676f4{ip: 172.17.0.2, host: 83787af071e2, ports: [REPLICATION=34149, RATIS=34359, RATIS_ADMIN=34359, RATIS_SERVER=34359, STANDALONE=43883], networkLocation: /default-rack, certSerialId: null, persistedOpState: IN_SERVICE, persistedOpStateExpiryEpochSec: 0}b303f36a-f963-4721-9f7a-b5e9e54e4468{ip: 172.17.0.2, host: 83787af071e2, ports: [REPLICATION=34019, RATIS=32969, RATIS_ADMIN=32969, RATIS_SERVER=32969, STANDALONE=39419], networkLocation: /default-rack, certSerialId: null, persistedOpState: IN_SERVICE, persistedOpStateExpiryEpochSec: 0}, Type:RATIS, Factor:THREE, State:ALLOCATED, leaderId:, CreationTimestamp2021-03-01T18:12:33.041Z]
2021-03-01 18:12:33,041 [RatisPipelineUtilsThread] INFO  pipeline.RatisPipelineProvider (RatisPipelineProvider.java:lambda$create$0(161)) - Sending CreatePipelineCommand for pipeline:PipelineID=c6fc4094-a40d-4a9f-b6fd-2fbeaaef0c4a to datanode:71037dd0-5a6b-4f94-9c1b-4fa0a4e676f4
2021-03-01 18:12:33,041 [RatisPipelineUtilsThread] INFO  pipeline.RatisPipelineProvider (RatisPipelineProvider.java:lambda$create$0(161)) - Sending CreatePipelineCommand for pipeline:PipelineID=c6fc4094-a40d-4a9f-b6fd-2fbeaaef0c4a to datanode:0f049040-6e0c-4cd4-a487-c7f09e7e4ba1
2021-03-01 18:12:33,041 [RatisPipelineUtilsThread] INFO  pipeline.RatisPipelineProvider (RatisPipelineProvider.java:lambda$create$0(161)) - Sending CreatePipelineCommand for pipeline:PipelineID=c6fc4094-a40d-4a9f-b6fd-2fbeaaef0c4a to datanode:b303f36a-f963-4721-9f7a-b5e9e54e4468
2021-03-01 18:12:33,041 [RatisPipelineUtilsThread] INFO  pipeline.PipelineStateManager (PipelineStateManager.java:addPipeline(54)) - Created pipeline Pipeline[ Id: c6fc4094-a40d-4a9f-b6fd-2fbeaaef0c4a, Nodes: 71037dd0-5a6b-4f94-9c1b-4fa0a4e676f4{ip: 172.17.0.2, host: 83787af071e2, ports: [REPLICATION=34149, RATIS=34359, RATIS_ADMIN=34359, RATIS_SERVER=34359, STANDALONE=43883], networkLocation: /default-rack, certSerialId: null, persistedOpState: IN_SERVICE, persistedOpStateExpiryEpochSec: 0}0f049040-6e0c-4cd4-a487-c7f09e7e4ba1{ip: 172.17.0.2, host: 83787af071e2, ports: [REPLICATION=39923, RATIS=45527, RATIS_ADMIN=45527, RATIS_SERVER=45527, STANDALONE=32999], networkLocation: /default-rack, certSerialId: null, persistedOpState: IN_SERVICE, persistedOpStateExpiryEpochSec: 0}b303f36a-f963-4721-9f7a-b5e9e54e4468{ip: 172.17.0.2, host: 83787af071e2, ports: [REPLICATION=34019, RATIS=32969, RATIS_ADMIN=32969, RATIS_SERVER=32969, STANDALONE=39419], networkLocation: /default-rack, certSerialId: null, persistedOpState: IN_SERVICE, persistedOpStateExpiryEpochSec: 0}, Type:RATIS, Factor:THREE, State:ALLOCATED, leaderId:, CreationTimestamp2021-03-01T18:12:33.041Z]
2021-03-01 18:12:33,042 [RatisPipelineUtilsThread] INFO  pipeline.SCMPipelineManager (SCMPipelineManager.java:recordMetricsForPipeline(243)) - Pipeline: PipelineID=c6fc4094-a40d-4a9f-b6fd-2fbeaaef0c4a contains same datanodes as previous pipelines: PipelineID=ca818bdd-7d8b-412f-a27c-abb7298555a1 nodeIds: 71037dd0-5a6b-4f94-9c1b-4fa0a4e676f4, 0f049040-6e0c-4cd4-a487-c7f09e7e4ba1, b303f36a-f963-4721-9f7a-b5e9e54e4468
2021-03-01 18:12:33,042 [RatisPipelineUtilsThread] INFO  pipeline.RatisPipelineProvider (RatisPipelineProvider.java:lambda$create$0(161)) - Sending CreatePipelineCommand for pipeline:PipelineID=de5c6983-5473-4545-bde9-aba497f211f5 to datanode:71037dd0-5a6b-4f94-9c1b-4fa0a4e676f4
2021-03-01 18:12:33,042 [RatisPipelineUtilsThread] INFO  pipeline.RatisPipelineProvider (RatisPipelineProvider.java:lambda$create$0(161)) - Sending CreatePipelineCommand for pipeline:PipelineID=de5c6983-5473-4545-bde9-aba497f211f5 to datanode:b303f36a-f963-4721-9f7a-b5e9e54e4468
2021-03-01 18:12:33,042 [RatisPipelineUtilsThread] INFO  pipeline.RatisPipelineProvider (RatisPipelineProvider.java:lambda$create$0(161)) - Sending CreatePipelineCommand for pipeline:PipelineID=de5c6983-5473-4545-bde9-aba497f211f5 to datanode:0f049040-6e0c-4cd4-a487-c7f09e7e4ba1
2021-03-01 18:12:33,042 [RatisPipelineUtilsThread] INFO  pipeline.PipelineStateManager (PipelineStateManager.java:addPipeline(54)) - Created pipeline Pipeline[ Id: de5c6983-5473-4545-bde9-aba497f211f5, Nodes: 71037dd0-5a6b-4f94-9c1b-4fa0a4e676f4{ip: 172.17.0.2, host: 83787af071e2, ports: [REPLICATION=34149, RATIS=34359, RATIS_ADMIN=34359, RATIS_SERVER=34359, STANDALONE=43883], networkLocation: /default-rack, certSerialId: null, persistedOpState: IN_SERVICE, persistedOpStateExpiryEpochSec: 0}b303f36a-f963-4721-9f7a-b5e9e54e4468{ip: 172.17.0.2, host: 83787af071e2, ports: [REPLICATION=34019, RATIS=32969, RATIS_ADMIN=32969, RATIS_SERVER=32969, STANDALONE=39419], networkLocation: /default-rack, certSerialId: null, persistedOpState: IN_SERVICE, persistedOpStateExpiryEpochSec: 0}0f049040-6e0c-4cd4-a487-c7f09e7e4ba1{ip: 172.17.0.2, host: 83787af071e2, ports: [REPLICATION=39923, RATIS=45527, RATIS_ADMIN=45527, RATIS_SERVER=45527, STANDALONE=32999], networkLocation: /default-rack, certSerialId: null, persistedOpState: IN_SERVICE, persistedOpStateExpiryEpochSec: 0}, Type:RATIS, Factor:THREE, State:ALLOCATED, leaderId:, CreationTimestamp2021-03-01T18:12:33.042Z]
2021-03-01 18:12:33,042 [RatisPipelineUtilsThread] INFO  pipeline.SCMPipelineManager (SCMPipelineManager.java:recordMetricsForPipeline(243)) - Pipeline: PipelineID=de5c6983-5473-4545-bde9-aba497f211f5 contains same datanodes as previous pipelines: PipelineID=ca818bdd-7d8b-412f-a27c-abb7298555a1 nodeIds: 71037dd0-5a6b-4f94-9c1b-4fa0a4e676f4, b303f36a-f963-4721-9f7a-b5e9e54e4468, 0f049040-6e0c-4cd4-a487-c7f09e7e4ba1
2021-03-01 18:12:33,042 [RatisPipelineUtilsThread] INFO  pipeline.SCMPipelineManager (SCMPipelineManager.java:recordMetricsForPipeline(243)) - Pipeline: PipelineID=de5c6983-5473-4545-bde9-aba497f211f5 contains same datanodes as previous pipelines: PipelineID=c6fc4094-a40d-4a9f-b6fd-2fbeaaef0c4a nodeIds: 71037dd0-5a6b-4f94-9c1b-4fa0a4e676f4, b303f36a-f963-4721-9f7a-b5e9e54e4468, 0f049040-6e0c-4cd4-a487-c7f09e7e4ba1
2021-03-01 18:12:33,042 [EventQueue-DeadNodeForDeadNodeHandler] INFO  pipeline.RatisPipelineProvider (RatisPipelineProvider.java:lambda$close$1(200)) - Send pipeline:PipelineID=da80ac3f-35d5-4acd-b79a-617fbae04f80 close command to datanode f258d114-ea47-4d12-8964-639f425ab8d0
2021-03-01 18:12:33,042 [EventQueue-DeadNodeForDeadNodeHandler] INFO  pipeline.RatisPipelineProvider (RatisPipelineProvider.java:lambda$close$1(200)) - Send pipeline:PipelineID=da80ac3f-35d5-4acd-b79a-617fbae04f80 close command to datanode 0f049040-6e0c-4cd4-a487-c7f09e7e4ba1
2021-03-01 18:12:33,042 [EventQueue-DeadNodeForDeadNodeHandler] INFO  pipeline.RatisPipelineProvider (RatisPipelineProvider.java:lambda$close$1(200)) - Send pipeline:PipelineID=da80ac3f-35d5-4acd-b79a-617fbae04f80 close command to datanode a5a3f093-0768-4d4b-b08f-053c130678b3
2021-03-01 18:12:33,043 [EventQueue-DeadNodeForDeadNodeHandler] INFO  pipeline.PipelineStateManager (PipelineStateManager.java:removePipeline(106)) - Pipeline Pipeline[ Id: da80ac3f-35d5-4acd-b79a-617fbae04f80, Nodes: f258d114-ea47-4d12-8964-639f425ab8d0{ip: 172.17.0.2, host: 83787af071e2, ports: [REPLICATION=37693, RATIS=45265, RATIS_ADMIN=45265, RATIS_SERVER=45265, STANDALONE=34123], networkLocation: /default-rack, certSerialId: null, persistedOpState: IN_SERVICE, persistedOpStateExpiryEpochSec: 0}0f049040-6e0c-4cd4-a487-c7f09e7e4ba1{ip: 172.17.0.2, host: 83787af071e2, ports: [REPLICATION=39923, RATIS=45527, RATIS_ADMIN=45527, RATIS_SERVER=45527, STANDALONE=32999], networkLocation: /default-rack, certSerialId: null, persistedOpState: IN_SERVICE, persistedOpStateExpiryEpochSec: 0}a5a3f093-0768-4d4b-b08f-053c130678b3{ip: 172.17.0.2, host: 83787af071e2, ports: [REPLICATION=35041, RATIS=40499, RATIS_ADMIN=40499, RATIS_SERVER=40499, STANDALONE=42875], networkLocation: /default-rack, certSerialId: null, persistedOpState: IN_SERVICE, persistedOpStateExpiryEpochSec: 0}, Type:RATIS, Factor:THREE, State:CLOSED, leaderId:0f049040-6e0c-4cd4-a487-c7f09e7e4ba1, CreationTimestamp2021-03-01T18:11:34.995Z] removed from db
2021-03-01 18:12:33,043 [EventQueue-DeadNodeForDeadNodeHandler] INFO  pipeline.SCMPipelineManager (SCMPipelineManager.java:finalizeAndDestroyPipeline(483)) - Destroying pipeline:Pipeline[ Id: 625e2d19-b980-4c0a-8209-c1d2d21887d4, Nodes: f258d114-ea47-4d12-8964-639f425ab8d0{ip: 172.17.0.2, host: 83787af071e2, ports: [REPLICATION=37693, RATIS=45265, RATIS_ADMIN=45265, RATIS_SERVER=45265, STANDALONE=34123], networkLocation: /default-rack, certSerialId: null, persistedOpState: IN_SERVICE, persistedOpStateExpiryEpochSec: 0}, Type:RATIS, Factor:ONE, State:CLOSED, leaderId:f258d114-ea47-4d12-8964-639f425ab8d0, CreationTimestamp2021-03-01T18:11:34.809Z]
2021-03-01 18:12:33,043 [EventQueue-DeadNodeForDeadNodeHandler] INFO  pipeline.RatisPipelineProvider (RatisPipelineProvider.java:lambda$close$1(200)) - Send pipeline:PipelineID=625e2d19-b980-4c0a-8209-c1d2d21887d4 close command to datanode f258d114-ea47-4d12-8964-639f425ab8d0
2021-03-01 18:12:33,043 [EventQueue-DeadNodeForDeadNodeHandler] INFO  pipeline.PipelineStateManager (PipelineStateManager.java:removePipeline(106)) - Pipeline Pipeline[ Id: 625e2d19-b980-4c0a-8209-c1d2d21887d4, Nodes: f258d114-ea47-4d12-8964-639f425ab8d0{ip: 172.17.0.2, host: 83787af071e2, ports: [REPLICATION=37693, RATIS=45265, RATIS_ADMIN=45265, RATIS_SERVER=45265, STANDALONE=34123], networkLocation: /default-rack, certSerialId: null, persistedOpState: IN_SERVICE, persistedOpStateExpiryEpochSec: 0}, Type:RATIS, Factor:ONE, State:CLOSED, leaderId:f258d114-ea47-4d12-8964-639f425ab8d0, CreationTimestamp2021-03-01T18:11:34.809Z] removed from db
2021-03-01 18:12:33,043 [EventQueue-DeadNodeForDeadNodeHandler] INFO  pipeline.SCMPipelineManager (SCMPipelineManager.java:finalizeAndDestroyPipeline(483)) - Destroying pipeline:Pipeline[ Id: d7d51450-7844-4544-a5b2-56e890c13fb3, Nodes: 0f049040-6e0c-4cd4-a487-c7f09e7e4ba1{ip: 172.17.0.2, host: 83787af071e2, ports: [REPLICATION=39923, RATIS=45527, RATIS_ADMIN=45527, RATIS_SERVER=45527, STANDALONE=32999], networkLocation: /default-rack, certSerialId: null, persistedOpState: IN_SERVICE, persistedOpStateExpiryEpochSec: 0}a5a3f093-0768-4d4b-b08f-053c130678b3{ip: 172.17.0.2, host: 83787af071e2, ports: [REPLICATION=35041, RATIS=40499, RATIS_ADMIN=40499, RATIS_SERVER=40499, STANDALONE=42875], networkLocation: /default-rack, certSerialId: null, persistedOpState: IN_SERVICE, persistedOpStateExpiryEpochSec: 0}f258d114-ea47-4d12-8964-639f425ab8d0{ip: 172.17.0.2, host: 83787af071e2, ports: [REPLICATION=37693, RATIS=45265, RATIS_ADMIN=45265, RATIS_SERVER=45265, STANDALONE=34123], networkLocation: /default-rack, certSerialId: null, persistedOpState: IN_SERVICE, persistedOpStateExpiryEpochSec: 0}, Type:RATIS, Factor:THREE, State:CLOSED, leaderId:a5a3f093-0768-4d4b-b08f-053c130678b3, CreationTimestamp2021-03-01T18:11:34.994Z]
2021-03-01 18:12:33,043 [EventQueue-DeadNodeForDeadNodeHandler] INFO  pipeline.RatisPipelineProvider (RatisPipelineProvider.java:lambda$close$1(200)) - Send pipeline:PipelineID=d7d51450-7844-4544-a5b2-56e890c13fb3 close command to datanode 0f049040-6e0c-4cd4-a487-c7f09e7e4ba1
2021-03-01 18:12:33,043 [EventQueue-DeadNodeForDeadNodeHandler] INFO  pipeline.RatisPipelineProvider (RatisPipelineProvider.java:lambda$close$1(200)) - Send pipeline:PipelineID=d7d51450-7844-4544-a5b2-56e890c13fb3 close command to datanode a5a3f093-0768-4d4b-b08f-053c130678b3
2021-03-01 18:12:33,043 [EventQueue-DeadNodeForDeadNodeHandler] INFO  pipeline.RatisPipelineProvider (RatisPipelineProvider.java:lambda$close$1(200)) - Send pipeline:PipelineID=d7d51450-7844-4544-a5b2-56e890c13fb3 close command to datanode f258d114-ea47-4d12-8964-639f425ab8d0
2021-03-01 18:12:33,043 [EventQueue-DeadNodeForDeadNodeHandler] INFO  pipeline.PipelineStateManager (PipelineStateManager.java:removePipeline(106)) - Pipeline Pipeline[ Id: d7d51450-7844-4544-a5b2-56e890c13fb3, Nodes: 0f049040-6e0c-4cd4-a487-c7f09e7e4ba1{ip: 172.17.0.2, host: 83787af071e2, ports: [REPLICATION=39923, RATIS=45527, RATIS_ADMIN=45527, RATIS_SERVER=45527, STANDALONE=32999], networkLocation: /default-rack, certSerialId: null, persistedOpState: IN_SERVICE, persistedOpStateExpiryEpochSec: 0}a5a3f093-0768-4d4b-b08f-053c130678b3{ip: 172.17.0.2, host: 83787af071e2, ports: [REPLICATION=35041, RATIS=40499, RATIS_ADMIN=40499, RATIS_SERVER=40499, STANDALONE=42875], networkLocation: /default-rack, certSerialId: null, persistedOpState: IN_SERVICE, persistedOpStateExpiryEpochSec: 0}f258d114-ea47-4d12-8964-639f425ab8d0{ip: 172.17.0.2, host: 83787af071e2, ports: [REPLICATION=37693, RATIS=45265, RATIS_ADMIN=45265, RATIS_SERVER=45265, STANDALONE=34123], networkLocation: /default-rack, certSerialId: null, persistedOpState: IN_SERVICE, persistedOpStateExpiryEpochSec: 0}, Type:RATIS, Factor:THREE, State:CLOSED, leaderId:a5a3f093-0768-4d4b-b08f-053c130678b3, CreationTimestamp2021-03-01T18:11:34.994Z] removed from db
2021-03-01 18:12:33,740 [EventQueue-StaleNodeForStaleNodeHandler] INFO  node.StaleNodeHandler (StaleNodeHandler.java:onMessage(58)) - Datanode 0f049040-6e0c-4cd4-a487-c7f09e7e4ba1{ip: 172.17.0.2, host: 83787af071e2, ports: [REPLICATION=39923, RATIS=45527, RATIS_ADMIN=45527, RATIS_SERVER=45527, STANDALONE=32999], networkLocation: /default-rack, certSerialId: null, persistedOpState: IN_SERVICE, persistedOpStateExpiryEpochSec: 0} moved to stale state. Finalizing its pipelines [PipelineID=de5c6983-5473-4545-bde9-aba497f211f5, PipelineID=ca818bdd-7d8b-412f-a27c-abb7298555a1, PipelineID=349ecc55-d885-4713-aba4-3969b6352859, PipelineID=c6fc4094-a40d-4a9f-b6fd-2fbeaaef0c4a]
2021-03-01 18:12:33,740 [EventQueue-StaleNodeForStaleNodeHandler] INFO  pipeline.SCMPipelineManager (SCMPipelineManager.java:finalizeAndDestroyPipeline(483)) - Destroying pipeline:Pipeline[ Id: de5c6983-5473-4545-bde9-aba497f211f5, Nodes: 71037dd0-5a6b-4f94-9c1b-4fa0a4e676f4{ip: 172.17.0.2, host: 83787af071e2, ports: [REPLICATION=34149, RATIS=34359, RATIS_ADMIN=34359, RATIS_SERVER=34359, STANDALONE=43883], networkLocation: /default-rack, certSerialId: null, persistedOpState: IN_SERVICE, persistedOpStateExpiryEpochSec: 0}b303f36a-f963-4721-9f7a-b5e9e54e4468{ip: 172.17.0.2, host: 83787af071e2, ports: [REPLICATION=34019, RATIS=32969, RATIS_ADMIN=32969, RATIS_SERVER=32969, STANDALONE=39419], networkLocation: /default-rack, certSerialId: null, persistedOpState: IN_SERVICE, persistedOpStateExpiryEpochSec: 0}0f049040-6e0c-4cd4-a487-c7f09e7e4ba1{ip: 172.17.0.2, host: 83787af071e2, ports: [REPLICATION=39923, RATIS=45527, RATIS_ADMIN=45527, RATIS_SERVER=45527, STANDALONE=32999], networkLocation: /default-rack, certSerialId: null, persistedOpState: IN_SERVICE, persistedOpStateExpiryEpochSec: 0}, Type:RATIS, Factor:THREE, State:ALLOCATED, leaderId:, CreationTimestamp2021-03-01T18:12:33.042Z]
2021-03-01 18:12:33,740 [EventQueue-StaleNodeForStaleNodeHandler] INFO  pipeline.PipelineStateManager (PipelineStateManager.java:finalizePipeline(121)) - Pipeline Pipeline[ Id: de5c6983-5473-4545-bde9-aba497f211f5, Nodes: 71037dd0-5a6b-4f94-9c1b-4fa0a4e676f4{ip: 172.17.0.2, host: 83787af071e2, ports: [REPLICATION=34149, RATIS=34359, RATIS_ADMIN=34359, RATIS_SERVER=34359, STANDALONE=43883], networkLocation: /default-rack, certSerialId: null, persistedOpState: IN_SERVICE, persistedOpStateExpiryEpochSec: 0}b303f36a-f963-4721-9f7a-b5e9e54e4468{ip: 172.17.0.2, host: 83787af071e2, ports: [REPLICATION=34019, RATIS=32969, RATIS_ADMIN=32969, RATIS_SERVER=32969, STANDALONE=39419], networkLocation: /default-rack, certSerialId: null, persistedOpState: IN_SERVICE, persistedOpStateExpiryEpochSec: 0}0f049040-6e0c-4cd4-a487-c7f09e7e4ba1{ip: 172.17.0.2, host: 83787af071e2, ports: [REPLICATION=39923, RATIS=45527, RATIS_ADMIN=45527, RATIS_SERVER=45527, STANDALONE=32999], networkLocation: /default-rack, certSerialId: null, persistedOpState: IN_SERVICE, persistedOpStateExpiryEpochSec: 0}, Type:RATIS, Factor:THREE, State:CLOSED, leaderId:, CreationTimestamp2021-03-01T18:12:33.042Z] moved to CLOSED state
2021-03-01 18:12:33,740 [EventQueue-StaleNodeForStaleNodeHandler] INFO  pipeline.SCMPipelineManager (SCMPipelineManager.java:finalizeAndDestroyPipeline(483)) - Destroying pipeline:Pipeline[ Id: ca818bdd-7d8b-412f-a27c-abb7298555a1, Nodes: 0f049040-6e0c-4cd4-a487-c7f09e7e4ba1{ip: 172.17.0.2, host: 83787af071e2, ports: [REPLICATION=39923, RATIS=45527, RATIS_ADMIN=45527, RATIS_SERVER=45527, STANDALONE=32999], networkLocation: /default-rack, certSerialId: null, persistedOpState: IN_SERVICE, persistedOpStateExpiryEpochSec: 0}71037dd0-5a6b-4f94-9c1b-4fa0a4e676f4{ip: 172.17.0.2, host: 83787af071e2, ports: [REPLICATION=34149, RATIS=34359, RATIS_ADMIN=34359, RATIS_SERVER=34359, STANDALONE=43883], networkLocation: /default-rack, certSerialId: null, persistedOpState: IN_SERVICE, persistedOpStateExpiryEpochSec: 0}b303f36a-f963-4721-9f7a-b5e9e54e4468{ip: 172.17.0.2, host: 83787af071e2, ports: [REPLICATION=34019, RATIS=32969, RATIS_ADMIN=32969, RATIS_SERVER=32969, STANDALONE=39419], networkLocation: /default-rack, certSerialId: null, persistedOpState: IN_SERVICE, persistedOpStateExpiryEpochSec: 0}, Type:RATIS, Factor:THREE, State:ALLOCATED, leaderId:, CreationTimestamp2021-03-01T18:12:33.041Z]
2021-03-01 18:12:33,740 [EventQueue-StaleNodeForStaleNodeHandler] INFO  pipeline.PipelineStateManager (PipelineStateManager.java:finalizePipeline(121)) - Pipeline Pipeline[ Id: ca818bdd-7d8b-412f-a27c-abb7298555a1, Nodes: 0f049040-6e0c-4cd4-a487-c7f09e7e4ba1{ip: 172.17.0.2, host: 83787af071e2, ports: [REPLICATION=39923, RATIS=45527, RATIS_ADMIN=45527, RATIS_SERVER=45527, STANDALONE=32999], networkLocation: /default-rack, certSerialId: null, persistedOpState: IN_SERVICE, persistedOpStateExpiryEpochSec: 0}71037dd0-5a6b-4f94-9c1b-4fa0a4e676f4{ip: 172.17.0.2, host: 83787af071e2, ports: [REPLICATION=34149, RATIS=34359, RATIS_ADMIN=34359, RATIS_SERVER=34359, STANDALONE=43883], networkLocation: /default-rack, certSerialId: null, persistedOpState: IN_SERVICE, persistedOpStateExpiryEpochSec: 0}b303f36a-f963-4721-9f7a-b5e9e54e4468{ip: 172.17.0.2, host: 83787af071e2, ports: [REPLICATION=34019, RATIS=32969, RATIS_ADMIN=32969, RATIS_SERVER=32969, STANDALONE=39419], networkLocation: /default-rack, certSerialId: null, persistedOpState: IN_SERVICE, persistedOpStateExpiryEpochSec: 0}, Type:RATIS, Factor:THREE, State:CLOSED, leaderId:, CreationTimestamp2021-03-01T18:12:33.041Z] moved to CLOSED state
2021-03-01 18:12:33,741 [EventQueue-StaleNodeForStaleNodeHandler] INFO  pipeline.SCMPipelineManager (SCMPipelineManager.java:finalizeAndDestroyPipeline(483)) - Destroying pipeline:Pipeline[ Id: 349ecc55-d885-4713-aba4-3969b6352859, Nodes: 0f049040-6e0c-4cd4-a487-c7f09e7e4ba1{ip: 172.17.0.2, host: 83787af071e2, ports: [REPLICATION=39923, RATIS=45527, RATIS_ADMIN=45527, RATIS_SERVER=45527, STANDALONE=32999], networkLocation: /default-rack, certSerialId: null, persistedOpState: IN_SERVICE, persistedOpStateExpiryEpochSec: 0}, Type:RATIS, Factor:ONE, State:OPEN, leaderId:0f049040-6e0c-4cd4-a487-c7f09e7e4ba1, CreationTimestamp2021-03-01T18:11:34.634Z]
2021-03-01 18:12:33,741 [EventQueue-StaleNodeForStaleNodeHandler] INFO  pipeline.PipelineStateManager (PipelineStateManager.java:finalizePipeline(121)) - Pipeline Pipeline[ Id: 349ecc55-d885-4713-aba4-3969b6352859, Nodes: 0f049040-6e0c-4cd4-a487-c7f09e7e4ba1{ip: 172.17.0.2, host: 83787af071e2, ports: [REPLICATION=39923, RATIS=45527, RATIS_ADMIN=45527, RATIS_SERVER=45527, STANDALONE=32999], networkLocation: /default-rack, certSerialId: null, persistedOpState: IN_SERVICE, persistedOpStateExpiryEpochSec: 0}, Type:RATIS, Factor:ONE, State:CLOSED, leaderId:0f049040-6e0c-4cd4-a487-c7f09e7e4ba1, CreationTimestamp2021-03-01T18:11:34.634Z] moved to CLOSED state
2021-03-01 18:12:33,741 [EventQueue-StaleNodeForStaleNodeHandler] INFO  pipeline.SCMPipelineManager (SCMPipelineManager.java:finalizeAndDestroyPipeline(483)) - Destroying pipeline:Pipeline[ Id: c6fc4094-a40d-4a9f-b6fd-2fbeaaef0c4a, Nodes: 71037dd0-5a6b-4f94-9c1b-4fa0a4e676f4{ip: 172.17.0.2, host: 83787af071e2, ports: [REPLICATION=34149, RATIS=34359, RATIS_ADMIN=34359, RATIS_SERVER=34359, STANDALONE=43883], networkLocation: /default-rack, certSerialId: null, persistedOpState: IN_SERVICE, persistedOpStateExpiryEpochSec: 0}0f049040-6e0c-4cd4-a487-c7f09e7e4ba1{ip: 172.17.0.2, host: 83787af071e2, ports: [REPLICATION=39923, RATIS=45527, RATIS_ADMIN=45527, RATIS_SERVER=45527, STANDALONE=32999], networkLocation: /default-rack, certSerialId: null, persistedOpState: IN_SERVICE, persistedOpStateExpiryEpochSec: 0}b303f36a-f963-4721-9f7a-b5e9e54e4468{ip: 172.17.0.2, host: 83787af071e2, ports: [REPLICATION=34019, RATIS=32969, RATIS_ADMIN=32969, RATIS_SERVER=32969, STANDALONE=39419], networkLocation: /default-rack, certSerialId: null, persistedOpState: IN_SERVICE, persistedOpStateExpiryEpochSec: 0}, Type:RATIS, Factor:THREE, State:ALLOCATED, leaderId:, CreationTimestamp2021-03-01T18:12:33.041Z]
2021-03-01 18:12:33,741 [EventQueue-StaleNodeForStaleNodeHandler] INFO  pipeline.PipelineStateManager (PipelineStateManager.java:finalizePipeline(121)) - Pipeline Pipeline[ Id: c6fc4094-a40d-4a9f-b6fd-2fbeaaef0c4a, Nodes: 71037dd0-5a6b-4f94-9c1b-4fa0a4e676f4{ip: 172.17.0.2, host: 83787af071e2, ports: [REPLICATION=34149, RATIS=34359, RATIS_ADMIN=34359, RATIS_SERVER=34359, STANDALONE=43883], networkLocation: /default-rack, certSerialId: null, persistedOpState: IN_SERVICE, persistedOpStateExpiryEpochSec: 0}0f049040-6e0c-4cd4-a487-c7f09e7e4ba1{ip: 172.17.0.2, host: 83787af071e2, ports: [REPLICATION=39923, RATIS=45527, RATIS_ADMIN=45527, RATIS_SERVER=45527, STANDALONE=32999], networkLocation: /default-rack, certSerialId: null, persistedOpState: IN_SERVICE, persistedOpStateExpiryEpochSec: 0}b303f36a-f963-4721-9f7a-b5e9e54e4468{ip: 172.17.0.2, host: 83787af071e2, ports: [REPLICATION=34019, RATIS=32969, RATIS_ADMIN=32969, RATIS_SERVER=32969, STANDALONE=39419], networkLocation: /default-rack, certSerialId: null, persistedOpState: IN_SERVICE, persistedOpStateExpiryEpochSec: 0}, Type:RATIS, Factor:THREE, State:CLOSED, leaderId:, CreationTimestamp2021-03-01T18:12:33.041Z] moved to CLOSED state
2021-03-01 18:12:33,940 [EventQueue-DeadNodeForDeadNodeHandler] INFO  node.DeadNodeHandler (DeadNodeHandler.java:onMessage(77)) - A dead datanode is detected. a7136ecb-4465-4bae-b158-9cfc61718915{ip: 172.17.0.2, host: 83787af071e2, ports: [REPLICATION=36853, RATIS=42023, RATIS_ADMIN=42023, RATIS_SERVER=42023, STANDALONE=36443], networkLocation: /default-rack, certSerialId: null, persistedOpState: IN_SERVICE, persistedOpStateExpiryEpochSec: 0}
2021-03-01 18:12:33,940 [EventQueue-DeadNodeForDeadNodeHandler] INFO  pipeline.SCMPipelineManager (SCMPipelineManager.java:finalizeAndDestroyPipeline(483)) - Destroying pipeline:Pipeline[ Id: 690edf50-8935-46fd-b96b-65a188f6751a, Nodes: a7136ecb-4465-4bae-b158-9cfc61718915{ip: 172.17.0.2, host: 83787af071e2, ports: [REPLICATION=36853, RATIS=42023, RATIS_ADMIN=42023, RATIS_SERVER=42023, STANDALONE=36443], networkLocation: /default-rack, certSerialId: null, persistedOpState: IN_SERVICE, persistedOpStateExpiryEpochSec: 0}, Type:RATIS, Factor:ONE, State:CLOSED, leaderId:a7136ecb-4465-4bae-b158-9cfc61718915, CreationTimestamp2021-03-01T18:11:35.364Z]
2021-03-01 18:12:33,941 [EventQueue-DeadNodeForDeadNodeHandler] INFO  pipeline.RatisPipelineProvider (RatisPipelineProvider.java:lambda$close$1(200)) - Send pipeline:PipelineID=690edf50-8935-46fd-b96b-65a188f6751a close command to datanode a7136ecb-4465-4bae-b158-9cfc61718915
2021-03-01 18:12:33,941 [EventQueue-DeadNodeForDeadNodeHandler] INFO  pipeline.PipelineStateManager (PipelineStateManager.java:removePipeline(106)) - Pipeline Pipeline[ Id: 690edf50-8935-46fd-b96b-65a188f6751a, Nodes: a7136ecb-4465-4bae-b158-9cfc61718915{ip: 172.17.0.2, host: 83787af071e2, ports: [REPLICATION=36853, RATIS=42023, RATIS_ADMIN=42023, RATIS_SERVER=42023, STANDALONE=36443], networkLocation: /default-rack, certSerialId: null, persistedOpState: IN_SERVICE, persistedOpStateExpiryEpochSec: 0}, Type:RATIS, Factor:ONE, State:CLOSED, leaderId:a7136ecb-4465-4bae-b158-9cfc61718915, CreationTimestamp2021-03-01T18:11:35.364Z] removed from db
2021-03-01 18:12:33,941 [EventQueue-DeadNodeForDeadNodeHandler] INFO  pipeline.SCMPipelineManager (SCMPipelineManager.java:finalizeAndDestroyPipeline(483)) - Destroying pipeline:Pipeline[ Id: 2f262e5f-c32b-47ed-b451-3e8ca9905f22, Nodes: b303f36a-f963-4721-9f7a-b5e9e54e4468{ip: 172.17.0.2, host: 83787af071e2, ports: [REPLICATION=34019, RATIS=32969, RATIS_ADMIN=32969, RATIS_SERVER=32969, STANDALONE=39419], networkLocation: /default-rack, certSerialId: null, persistedOpState: IN_SERVICE, persistedOpStateExpiryEpochSec: 0}a7136ecb-4465-4bae-b158-9cfc61718915{ip: 172.17.0.2, host: 83787af071e2, ports: [REPLICATION=36853, RATIS=42023, RATIS_ADMIN=42023, RATIS_SERVER=42023, STANDALONE=36443], networkLocation: /default-rack, certSerialId: null, persistedOpState: IN_SERVICE, persistedOpStateExpiryEpochSec: 0}ca5fd955-873f-4bac-9f2a-538d93af5c77{ip: 172.17.0.2, host: 83787af071e2, ports: [REPLICATION=42543, RATIS=36703, RATIS_ADMIN=36703, RATIS_SERVER=36703, STANDALONE=39671], networkLocation: /default-rack, certSerialId: null, persistedOpState: IN_SERVICE, persistedOpStateExpiryEpochSec: 0}, Type:RATIS, Factor:THREE, State:CLOSED, leaderId:a7136ecb-4465-4bae-b158-9cfc61718915, CreationTimestamp2021-03-01T18:11:35.668Z]
2021-03-01 18:12:33,941 [RatisPipelineUtilsThread] WARN  pipeline.PipelinePlacementPolicy (PipelinePlacementPolicy.java:filterViableNodes(142)) - Pipeline creation failed due to no sufficient healthy datanodes. Required 3. Found 2.
2021-03-01 18:12:33,942 [EventQueue-DeadNodeForDeadNodeHandler] INFO  pipeline.RatisPipelineProvider (RatisPipelineProvider.java:lambda$close$1(200)) - Send pipeline:PipelineID=2f262e5f-c32b-47ed-b451-3e8ca9905f22 close command to datanode b303f36a-f963-4721-9f7a-b5e9e54e4468
2021-03-01 18:12:33,942 [EventQueue-DeadNodeForDeadNodeHandler] INFO  pipeline.RatisPipelineProvider (RatisPipelineProvider.java:lambda$close$1(200)) - Send pipeline:PipelineID=2f262e5f-c32b-47ed-b451-3e8ca9905f22 close command to datanode a7136ecb-4465-4bae-b158-9cfc61718915
2021-03-01 18:12:33,942 [EventQueue-DeadNodeForDeadNodeHandler] INFO  pipeline.RatisPipelineProvider (RatisPipelineProvider.java:lambda$close$1(200)) - Send pipeline:PipelineID=2f262e5f-c32b-47ed-b451-3e8ca9905f22 close command to datanode ca5fd955-873f-4bac-9f2a-538d93af5c77
2021-03-01 18:12:33,942 [EventQueue-DeadNodeForDeadNodeHandler] INFO  pipeline.PipelineStateManager (PipelineStateManager.java:removePipeline(106)) - Pipeline Pipeline[ Id: 2f262e5f-c32b-47ed-b451-3e8ca9905f22, Nodes: b303f36a-f963-4721-9f7a-b5e9e54e4468{ip: 172.17.0.2, host: 83787af071e2, ports: [REPLICATION=34019, RATIS=32969, RATIS_ADMIN=32969, RATIS_SERVER=32969, STANDALONE=39419], networkLocation: /default-rack, certSerialId: null, persistedOpState: IN_SERVICE, persistedOpStateExpiryEpochSec: 0}a7136ecb-4465-4bae-b158-9cfc61718915{ip: 172.17.0.2, host: 83787af071e2, ports: [REPLICATION=36853, RATIS=42023, RATIS_ADMIN=42023, RATIS_SERVER=42023, STANDALONE=36443], networkLocation: /default-rack, certSerialId: null, persistedOpState: IN_SERVICE, persistedOpStateExpiryEpochSec: 0}ca5fd955-873f-4bac-9f2a-538d93af5c77{ip: 172.17.0.2, host: 83787af071e2, ports: [REPLICATION=42543, RATIS=36703, RATIS_ADMIN=36703, RATIS_SERVER=36703, STANDALONE=39671], networkLocation: /default-rack, certSerialId: null, persistedOpState: IN_SERVICE, persistedOpStateExpiryEpochSec: 0}, Type:RATIS, Factor:THREE, State:CLOSED, leaderId:a7136ecb-4465-4bae-b158-9cfc61718915, CreationTimestamp2021-03-01T18:11:35.668Z] removed from db
2021-03-01 18:12:33,942 [RatisPipelineUtilsThread] WARN  pipeline.PipelinePlacementPolicy (PipelinePlacementPolicy.java:filterViableNodes(142)) - Pipeline creation failed due to no sufficient healthy datanodes. Required 3. Found 2.
2021-03-01 18:12:33,942 [EventQueue-DeadNodeForDeadNodeHandler] INFO  pipeline.SCMPipelineManager (SCMPipelineManager.java:finalizeAndDestroyPipeline(483)) - Destroying pipeline:Pipeline[ Id: 274eb337-03e6-4118-9bb7-6f3b09d344dd, Nodes: a7136ecb-4465-4bae-b158-9cfc61718915{ip: 172.17.0.2, host: 83787af071e2, ports: [REPLICATION=36853, RATIS=42023, RATIS_ADMIN=42023, RATIS_SERVER=42023, STANDALONE=36443], networkLocation: /default-rack, certSerialId: null, persistedOpState: IN_SERVICE, persistedOpStateExpiryEpochSec: 0}ca5fd955-873f-4bac-9f2a-538d93af5c77{ip: 172.17.0.2, host: 83787af071e2, ports: [REPLICATION=42543, RATIS=36703, RATIS_ADMIN=36703, RATIS_SERVER=36703, STANDALONE=39671], networkLocation: /default-rack, certSerialId: null, persistedOpState: IN_SERVICE, persistedOpStateExpiryEpochSec: 0}b303f36a-f963-4721-9f7a-b5e9e54e4468{ip: 172.17.0.2, host: 83787af071e2, ports: [REPLICATION=34019, RATIS=32969, RATIS_ADMIN=32969, RATIS_SERVER=32969, STANDALONE=39419], networkLocation: /default-rack, certSerialId: null, persistedOpState: IN_SERVICE, persistedOpStateExpiryEpochSec: 0}, Type:RATIS, Factor:THREE, State:CLOSED, leaderId:b303f36a-f963-4721-9f7a-b5e9e54e4468, CreationTimestamp2021-03-01T18:11:35.669Z]
2021-03-01 18:12:33,942 [EventQueue-DeadNodeForDeadNodeHandler] INFO  pipeline.RatisPipelineProvider (RatisPipelineProvider.java:lambda$close$1(200)) - Send pipeline:PipelineID=274eb337-03e6-4118-9bb7-6f3b09d344dd close command to datanode a7136ecb-4465-4bae-b158-9cfc61718915
2021-03-01 18:12:33,942 [EventQueue-DeadNodeForDeadNodeHandler] INFO  pipeline.RatisPipelineProvider (RatisPipelineProvider.java:lambda$close$1(200)) - Send pipeline:PipelineID=274eb337-03e6-4118-9bb7-6f3b09d344dd close command to datanode ca5fd955-873f-4bac-9f2a-538d93af5c77
2021-03-01 18:12:33,942 [EventQueue-DeadNodeForDeadNodeHandler] INFO  pipeline.RatisPipelineProvider (RatisPipelineProvider.java:lambda$close$1(200)) - Send pipeline:PipelineID=274eb337-03e6-4118-9bb7-6f3b09d344dd close command to datanode b303f36a-f963-4721-9f7a-b5e9e54e4468
2021-03-01 18:12:33,942 [EventQueue-DeadNodeForDeadNodeHandler] INFO  pipeline.PipelineStateManager (PipelineStateManager.java:removePipeline(106)) - Pipeline Pipeline[ Id: 274eb337-03e6-4118-9bb7-6f3b09d344dd, Nodes: a7136ecb-4465-4bae-b158-9cfc61718915{ip: 172.17.0.2, host: 83787af071e2, ports: [REPLICATION=36853, RATIS=42023, RATIS_ADMIN=42023, RATIS_SERVER=42023, STANDALONE=36443], networkLocation: /default-rack, certSerialId: null, persistedOpState: IN_SERVICE, persistedOpStateExpiryEpochSec: 0}ca5fd955-873f-4bac-9f2a-538d93af5c77{ip: 172.17.0.2, host: 83787af071e2, ports: [REPLICATION=42543, RATIS=36703, RATIS_ADMIN=36703, RATIS_SERVER=36703, STANDALONE=39671], networkLocation: /default-rack, certSerialId: null, persistedOpState: IN_SERVICE, persistedOpStateExpiryEpochSec: 0}b303f36a-f963-4721-9f7a-b5e9e54e4468{ip: 172.17.0.2, host: 83787af071e2, ports: [REPLICATION=34019, RATIS=32969, RATIS_ADMIN=32969, RATIS_SERVER=32969, STANDALONE=39419], networkLocation: /default-rack, certSerialId: null, persistedOpState: IN_SERVICE, persistedOpStateExpiryEpochSec: 0}, Type:RATIS, Factor:THREE, State:CLOSED, leaderId:b303f36a-f963-4721-9f7a-b5e9e54e4468, CreationTimestamp2021-03-01T18:11:35.669Z] removed from db
2021-03-01 18:12:33,943 [RatisPipelineUtilsThread] WARN  pipeline.PipelinePlacementPolicy (PipelinePlacementPolicy.java:filterViableNodes(142)) - Pipeline creation failed due to no sufficient healthy datanodes. Required 3. Found 2.
2021-03-01 18:12:33,943 [EventQueue-DeadNodeForDeadNodeHandler] INFO  pipeline.SCMPipelineManager (SCMPipelineManager.java:finalizeAndDestroyPipeline(483)) - Destroying pipeline:Pipeline[ Id: a1cc7fb7-1dfd-47c2-8159-1c1384e55287, Nodes: b303f36a-f963-4721-9f7a-b5e9e54e4468{ip: 172.17.0.2, host: 83787af071e2, ports: [REPLICATION=34019, RATIS=32969, RATIS_ADMIN=32969, RATIS_SERVER=32969, STANDALONE=39419], networkLocation: /default-rack, certSerialId: null, persistedOpState: IN_SERVICE, persistedOpStateExpiryEpochSec: 0}a7136ecb-4465-4bae-b158-9cfc61718915{ip: 172.17.0.2, host: 83787af071e2, ports: [REPLICATION=36853, RATIS=42023, RATIS_ADMIN=42023, RATIS_SERVER=42023, STANDALONE=36443], networkLocation: /default-rack, certSerialId: null, persistedOpState: IN_SERVICE, persistedOpStateExpiryEpochSec: 0}ca5fd955-873f-4bac-9f2a-538d93af5c77{ip: 172.17.0.2, host: 83787af071e2, ports: [REPLICATION=42543, RATIS=36703, RATIS_ADMIN=36703, RATIS_SERVER=36703, STANDALONE=39671], networkLocation: /default-rack, certSerialId: null, persistedOpState: IN_SERVICE, persistedOpStateExpiryEpochSec: 0}, Type:RATIS, Factor:THREE, State:CLOSED, leaderId:ca5fd955-873f-4bac-9f2a-538d93af5c77, CreationTimestamp2021-03-01T18:11:35.669Z]
2021-03-01 18:12:33,943 [EventQueue-DeadNodeForDeadNodeHandler] INFO  pipeline.RatisPipelineProvider (RatisPipelineProvider.java:lambda$close$1(200)) - Send pipeline:PipelineID=a1cc7fb7-1dfd-47c2-8159-1c1384e55287 close command to datanode b303f36a-f963-4721-9f7a-b5e9e54e4468
2021-03-01 18:12:33,943 [EventQueue-DeadNodeForDeadNodeHandler] INFO  pipeline.RatisPipelineProvider (RatisPipelineProvider.java:lambda$close$1(200)) - Send pipeline:PipelineID=a1cc7fb7-1dfd-47c2-8159-1c1384e55287 close command to datanode a7136ecb-4465-4bae-b158-9cfc61718915
2021-03-01 18:12:33,943 [EventQueue-DeadNodeForDeadNodeHandler] INFO  pipeline.RatisPipelineProvider (RatisPipelineProvider.java:lambda$close$1(200)) - Send pipeline:PipelineID=a1cc7fb7-1dfd-47c2-8159-1c1384e55287 close command to datanode ca5fd955-873f-4bac-9f2a-538d93af5c77
2021-03-01 18:12:33,943 [EventQueue-DeadNodeForDeadNodeHandler] INFO  pipeline.PipelineStateManager (PipelineStateManager.java:removePipeline(106)) - Pipeline Pipeline[ Id: a1cc7fb7-1dfd-47c2-8159-1c1384e55287, Nodes: b303f36a-f963-4721-9f7a-b5e9e54e4468{ip: 172.17.0.2, host: 83787af071e2, ports: [REPLICATION=34019, RATIS=32969, RATIS_ADMIN=32969, RATIS_SERVER=32969, STANDALONE=39419], networkLocation: /default-rack, certSerialId: null, persistedOpState: IN_SERVICE, persistedOpStateExpiryEpochSec: 0}a7136ecb-4465-4bae-b158-9cfc61718915{ip: 172.17.0.2, host: 83787af071e2, ports: [REPLICATION=36853, RATIS=42023, RATIS_ADMIN=42023, RATIS_SERVER=42023, STANDALONE=36443], networkLocation: /default-rack, certSerialId: null, persistedOpState: IN_SERVICE, persistedOpStateExpiryEpochSec: 0}ca5fd955-873f-4bac-9f2a-538d93af5c77{ip: 172.17.0.2, host: 83787af071e2, ports: [REPLICATION=42543, RATIS=36703, RATIS_ADMIN=36703, RATIS_SERVER=36703, STANDALONE=39671], networkLocation: /default-rack, certSerialId: null, persistedOpState: IN_SERVICE, persistedOpStateExpiryEpochSec: 0}, Type:RATIS, Factor:THREE, State:CLOSED, leaderId:ca5fd955-873f-4bac-9f2a-538d93af5c77, CreationTimestamp2021-03-01T18:11:35.669Z] removed from db
2021-03-01 18:12:33,943 [RatisPipelineUtilsThread] WARN  pipeline.PipelinePlacementPolicy (PipelinePlacementPolicy.java:filterViableNodes(142)) - Pipeline creation failed due to no sufficient healthy datanodes. Required 3. Found 2.
2021-03-01 18:12:34,071 [Thread-4787] INFO  impl.FollowerState (FollowerState.java:run(133)) - b303f36a-f963-4721-9f7a-b5e9e54e4468@group-3E8CA9905F22-FollowerState: change to CANDIDATE, lastRpcElapsedTime:5028045381ns, electionTimeout:5020ms
2021-03-01 18:12:34,071 [Thread-4787] INFO  impl.RoleInfo (RoleInfo.java:shutdownFollowerState(108)) - b303f36a-f963-4721-9f7a-b5e9e54e4468: shutdown b303f36a-f963-4721-9f7a-b5e9e54e4468@group-3E8CA9905F22-FollowerState
2021-03-01 18:12:34,071 [Thread-4787] INFO  server.RaftServer$Division (RaftServerImpl.java:setRole(284)) - b303f36a-f963-4721-9f7a-b5e9e54e4468@group-3E8CA9905F22: changes role from  FOLLOWER to CANDIDATE at term 3 for changeToCandidate
2021-03-01 18:12:34,071 [Thread-4787] INFO  server.RaftServerConfigKeys (ConfUtils.java:logGet(44)) - raft.server.leaderelection.pre-vote = false (custom)
2021-03-01 18:12:34,072 [Thread-4787] INFO  impl.RoleInfo (RoleInfo.java:updateAndGet(130)) - b303f36a-f963-4721-9f7a-b5e9e54e4468: start b303f36a-f963-4721-9f7a-b5e9e54e4468@group-3E8CA9905F22-LeaderElection231
2021-03-01 18:12:34,073 [b303f36a-f963-4721-9f7a-b5e9e54e4468@group-3E8CA9905F22-LeaderElection231] INFO  impl.LeaderElection (LeaderElection.java:askForVotes(307)) - b303f36a-f963-4721-9f7a-b5e9e54e4468@group-3E8CA9905F22-LeaderElection231 ELECTION round 0: submit vote requests at term 4 for 0: [b303f36a-f963-4721-9f7a-b5e9e54e4468|rpc:172.17.0.2:32969|dataStream:|priority:0, a7136ecb-4465-4bae-b158-9cfc61718915|rpc:172.17.0.2:42023|dataStream:|priority:1, ca5fd955-873f-4bac-9f2a-538d93af5c77|rpc:172.17.0.2:36703|dataStream:|priority:0], old=null
2021-03-01 18:12:34,073 [b303f36a-f963-4721-9f7a-b5e9e54e4468@group-3E8CA9905F22-LeaderElection231] INFO  impl.LeaderElection (LogUtils.java:infoOrTrace(137)) - b303f36a-f963-4721-9f7a-b5e9e54e4468@group-3E8CA9905F22-LeaderElection231 got exception when requesting votes: java.util.concurrent.ExecutionException: org.apache.ratis.thirdparty.io.grpc.StatusRuntimeException: UNAVAILABLE: io exception
2021-03-01 18:12:34,073 [b303f36a-f963-4721-9f7a-b5e9e54e4468@group-3E8CA9905F22-LeaderElection231] INFO  impl.LeaderElection (LogUtils.java:infoOrTrace(137)) - b303f36a-f963-4721-9f7a-b5e9e54e4468@group-3E8CA9905F22-LeaderElection231 got exception when requesting votes: java.util.concurrent.ExecutionException: org.apache.ratis.thirdparty.io.grpc.StatusRuntimeException: UNAVAILABLE: io exception
2021-03-01 18:12:34,074 [b303f36a-f963-4721-9f7a-b5e9e54e4468@group-3E8CA9905F22-LeaderElection231] INFO  impl.LeaderElection (LeaderElection.java:logAndReturn(89)) - b303f36a-f963-4721-9f7a-b5e9e54e4468@group-3E8CA9905F22-LeaderElection231: ELECTION REJECTED received 0 response(s) and 2 exception(s):
2021-03-01 18:12:34,074 [b303f36a-f963-4721-9f7a-b5e9e54e4468@group-3E8CA9905F22-LeaderElection231] INFO  impl.LeaderElection (LogUtils.java:infoOrTrace(137)) -   Exception 0: java.util.concurrent.ExecutionException: org.apache.ratis.thirdparty.io.grpc.StatusRuntimeException: UNAVAILABLE: io exception
2021-03-01 18:12:34,074 [b303f36a-f963-4721-9f7a-b5e9e54e4468@group-3E8CA9905F22-LeaderElection231] INFO  impl.LeaderElection (LogUtils.java:infoOrTrace(137)) -   Exception 1: java.util.concurrent.ExecutionException: org.apache.ratis.thirdparty.io.grpc.StatusRuntimeException: UNAVAILABLE: io exception
2021-03-01 18:12:34,074 [b303f36a-f963-4721-9f7a-b5e9e54e4468@group-3E8CA9905F22-LeaderElection231] INFO  impl.LeaderElection (LeaderElection.java:askForVotes(309)) - b303f36a-f963-4721-9f7a-b5e9e54e4468@group-3E8CA9905F22-LeaderElection231 ELECTION round 0: result REJECTED
2021-03-01 18:12:34,074 [b303f36a-f963-4721-9f7a-b5e9e54e4468@group-3E8CA9905F22-LeaderElection231] INFO  server.RaftServer$Division (RaftServerImpl.java:setRole(284)) - b303f36a-f963-4721-9f7a-b5e9e54e4468@group-3E8CA9905F22: changes role from CANDIDATE to FOLLOWER at term 4 for REJECTED
2021-03-01 18:12:34,074 [b303f36a-f963-4721-9f7a-b5e9e54e4468@group-3E8CA9905F22-LeaderElection231] INFO  impl.RoleInfo (RoleInfo.java:shutdownLeaderElection(121)) - b303f36a-f963-4721-9f7a-b5e9e54e4468: shutdown b303f36a-f963-4721-9f7a-b5e9e54e4468@group-3E8CA9905F22-LeaderElection231
2021-03-01 18:12:34,074 [b303f36a-f963-4721-9f7a-b5e9e54e4468@group-3E8CA9905F22-LeaderElection231] INFO  impl.RoleInfo (RoleInfo.java:updateAndGet(130)) - b303f36a-f963-4721-9f7a-b5e9e54e4468: start b303f36a-f963-4721-9f7a-b5e9e54e4468@group-3E8CA9905F22-FollowerState
2021-03-01 18:12:34,141 [EventQueue-StaleNodeForStaleNodeHandler] INFO  node.StaleNodeHandler (StaleNodeHandler.java:onMessage(58)) - Datanode 71037dd0-5a6b-4f94-9c1b-4fa0a4e676f4{ip: 172.17.0.2, host: 83787af071e2, ports: [REPLICATION=34149, RATIS=34359, RATIS_ADMIN=34359, RATIS_SERVER=34359, STANDALONE=43883], networkLocation: /default-rack, certSerialId: null, persistedOpState: IN_SERVICE, persistedOpStateExpiryEpochSec: 0} moved to stale state. Finalizing its pipelines [PipelineID=de5c6983-5473-4545-bde9-aba497f211f5, PipelineID=b9276fcd-15cd-49bc-b74b-4f4db0bbc152, PipelineID=ca818bdd-7d8b-412f-a27c-abb7298555a1, PipelineID=c6fc4094-a40d-4a9f-b6fd-2fbeaaef0c4a]
2021-03-01 18:12:34,141 [EventQueue-StaleNodeForStaleNodeHandler] INFO  pipeline.SCMPipelineManager (SCMPipelineManager.java:finalizeAndDestroyPipeline(483)) - Destroying pipeline:Pipeline[ Id: de5c6983-5473-4545-bde9-aba497f211f5, Nodes: 71037dd0-5a6b-4f94-9c1b-4fa0a4e676f4{ip: 172.17.0.2, host: 83787af071e2, ports: [REPLICATION=34149, RATIS=34359, RATIS_ADMIN=34359, RATIS_SERVER=34359, STANDALONE=43883], networkLocation: /default-rack, certSerialId: null, persistedOpState: IN_SERVICE, persistedOpStateExpiryEpochSec: 0}b303f36a-f963-4721-9f7a-b5e9e54e4468{ip: 172.17.0.2, host: 83787af071e2, ports: [REPLICATION=34019, RATIS=32969, RATIS_ADMIN=32969, RATIS_SERVER=32969, STANDALONE=39419], networkLocation: /default-rack, certSerialId: null, persistedOpState: IN_SERVICE, persistedOpStateExpiryEpochSec: 0}0f049040-6e0c-4cd4-a487-c7f09e7e4ba1{ip: 172.17.0.2, host: 83787af071e2, ports: [REPLICATION=39923, RATIS=45527, RATIS_ADMIN=45527, RATIS_SERVER=45527, STANDALONE=32999], networkLocation: /default-rack, certSerialId: null, persistedOpState: IN_SERVICE, persistedOpStateExpiryEpochSec: 0}, Type:RATIS, Factor:THREE, State:CLOSED, leaderId:, CreationTimestamp2021-03-01T18:12:33.042Z]
2021-03-01 18:12:34,142 [EventQueue-StaleNodeForStaleNodeHandler] INFO  pipeline.SCMPipelineManager (SCMPipelineManager.java:finalizeAndDestroyPipeline(483)) - Destroying pipeline:Pipeline[ Id: b9276fcd-15cd-49bc-b74b-4f4db0bbc152, Nodes: 71037dd0-5a6b-4f94-9c1b-4fa0a4e676f4{ip: 172.17.0.2, host: 83787af071e2, ports: [REPLICATION=34149, RATIS=34359, RATIS_ADMIN=34359, RATIS_SERVER=34359, STANDALONE=43883], networkLocation: /default-rack, certSerialId: null, persistedOpState: IN_SERVICE, persistedOpStateExpiryEpochSec: 0}, Type:RATIS, Factor:ONE, State:OPEN, leaderId:71037dd0-5a6b-4f94-9c1b-4fa0a4e676f4, CreationTimestamp2021-03-01T18:11:35.842Z]
2021-03-01 18:12:34,142 [EventQueue-StaleNodeForStaleNodeHandler] INFO  pipeline.PipelineStateManager (PipelineStateManager.java:finalizePipeline(121)) - Pipeline Pipeline[ Id: b9276fcd-15cd-49bc-b74b-4f4db0bbc152, Nodes: 71037dd0-5a6b-4f94-9c1b-4fa0a4e676f4{ip: 172.17.0.2, host: 83787af071e2, ports: [REPLICATION=34149, RATIS=34359, RATIS_ADMIN=34359, RATIS_SERVER=34359, STANDALONE=43883], networkLocation: /default-rack, certSerialId: null, persistedOpState: IN_SERVICE, persistedOpStateExpiryEpochSec: 0}, Type:RATIS, Factor:ONE, State:CLOSED, leaderId:71037dd0-5a6b-4f94-9c1b-4fa0a4e676f4, CreationTimestamp2021-03-01T18:11:35.842Z] moved to CLOSED state
2021-03-01 18:12:34,142 [EventQueue-StaleNodeForStaleNodeHandler] INFO  pipeline.SCMPipelineManager (SCMPipelineManager.java:finalizeAndDestroyPipeline(483)) - Destroying pipeline:Pipeline[ Id: ca818bdd-7d8b-412f-a27c-abb7298555a1, Nodes: 0f049040-6e0c-4cd4-a487-c7f09e7e4ba1{ip: 172.17.0.2, host: 83787af071e2, ports: [REPLICATION=39923, RATIS=45527, RATIS_ADMIN=45527, RATIS_SERVER=45527, STANDALONE=32999], networkLocation: /default-rack, certSerialId: null, persistedOpState: IN_SERVICE, persistedOpStateExpiryEpochSec: 0}71037dd0-5a6b-4f94-9c1b-4fa0a4e676f4{ip: 172.17.0.2, host: 83787af071e2, ports: [REPLICATION=34149, RATIS=34359, RATIS_ADMIN=34359, RATIS_SERVER=34359, STANDALONE=43883], networkLocation: /default-rack, certSerialId: null, persistedOpState: IN_SERVICE, persistedOpStateExpiryEpochSec: 0}b303f36a-f963-4721-9f7a-b5e9e54e4468{ip: 172.17.0.2, host: 83787af071e2, ports: [REPLICATION=34019, RATIS=32969, RATIS_ADMIN=32969, RATIS_SERVER=32969, STANDALONE=39419], networkLocation: /default-rack, certSerialId: null, persistedOpState: IN_SERVICE, persistedOpStateExpiryEpochSec: 0}, Type:RATIS, Factor:THREE, State:CLOSED, leaderId:, CreationTimestamp2021-03-01T18:12:33.041Z]
2021-03-01 18:12:34,142 [EventQueue-StaleNodeForStaleNodeHandler] INFO  pipeline.SCMPipelineManager (SCMPipelineManager.java:finalizeAndDestroyPipeline(483)) - Destroying pipeline:Pipeline[ Id: c6fc4094-a40d-4a9f-b6fd-2fbeaaef0c4a, Nodes: 71037dd0-5a6b-4f94-9c1b-4fa0a4e676f4{ip: 172.17.0.2, host: 83787af071e2, ports: [REPLICATION=34149, RATIS=34359, RATIS_ADMIN=34359, RATIS_SERVER=34359, STANDALONE=43883], networkLocation: /default-rack, certSerialId: null, persistedOpState: IN_SERVICE, persistedOpStateExpiryEpochSec: 0}0f049040-6e0c-4cd4-a487-c7f09e7e4ba1{ip: 172.17.0.2, host: 83787af071e2, ports: [REPLICATION=39923, RATIS=45527, RATIS_ADMIN=45527, RATIS_SERVER=45527, STANDALONE=32999], networkLocation: /default-rack, certSerialId: null, persistedOpState: IN_SERVICE, persistedOpStateExpiryEpochSec: 0}b303f36a-f963-4721-9f7a-b5e9e54e4468{ip: 172.17.0.2, host: 83787af071e2, ports: [REPLICATION=34019, RATIS=32969, RATIS_ADMIN=32969, RATIS_SERVER=32969, STANDALONE=39419], networkLocation: /default-rack, certSerialId: null, persistedOpState: IN_SERVICE, persistedOpStateExpiryEpochSec: 0}, Type:RATIS, Factor:THREE, State:CLOSED, leaderId:, CreationTimestamp2021-03-01T18:12:33.041Z]
2021-03-01 18:12:34,433 [Listener at 127.0.0.1/41333] INFO  ozoneimpl.OzoneContainer (OzoneContainer.java:stop(273)) - Attempting to stop container services.
2021-03-01 18:12:34,434 [Listener at 127.0.0.1/41333] INFO  server.RaftServer (RaftServerProxy.java:lambda$close$6(391)) - b303f36a-f963-4721-9f7a-b5e9e54e4468: close
2021-03-01 18:12:34,434 [Listener at 127.0.0.1/41333] INFO  server.RaftServer$Division (RaftServerImpl.java:lambda$close$4(406)) - b303f36a-f963-4721-9f7a-b5e9e54e4468@group-57BBEB97FB30: shutdown
2021-03-01 18:12:34,434 [ForkJoinPool.commonPool-worker-1] INFO  server.RaftServer$Division (RaftServerImpl.java:lambda$close$4(406)) - b303f36a-f963-4721-9f7a-b5e9e54e4468@group-1C1384E55287: shutdown
2021-03-01 18:12:34,434 [Listener at 127.0.0.1/41333] INFO  util.JmxRegister (JmxRegister.java:unregister(73)) - Successfully un-registered JMX Bean with object name Ratis:service=RaftServer,group=group-57BBEB97FB30,id=b303f36a-f963-4721-9f7a-b5e9e54e4468
2021-03-01 18:12:34,434 [ForkJoinPool.commonPool-worker-1] INFO  util.JmxRegister (JmxRegister.java:unregister(73)) - Successfully un-registered JMX Bean with object name Ratis:service=RaftServer,group=group-1C1384E55287,id=b303f36a-f963-4721-9f7a-b5e9e54e4468
2021-03-01 18:12:34,434 [ForkJoinPool.commonPool-worker-1] INFO  impl.RoleInfo (RoleInfo.java:shutdownFollowerState(108)) - b303f36a-f963-4721-9f7a-b5e9e54e4468: shutdown b303f36a-f963-4721-9f7a-b5e9e54e4468@group-1C1384E55287-FollowerState
2021-03-01 18:12:34,435 [ForkJoinPool.commonPool-worker-1] INFO  impl.StateMachineUpdater (StateMachineUpdater.java:stopAndJoin(148)) - b303f36a-f963-4721-9f7a-b5e9e54e4468@group-1C1384E55287-StateMachineUpdater: set stopIndex = 0
2021-03-01 18:12:34,435 [b303f36a-f963-4721-9f7a-b5e9e54e4468@group-1C1384E55287-StateMachineUpdater] INFO  ratis.ContainerStateMachine (ContainerStateMachine.java:takeSnapshot(291)) - group-1C1384E55287: Taking a snapshot at:(t:1, i:0) file /github/workspace/mnt/ozone/hadoop-ozone/integration-test/target/test-dir/MiniOzoneClusterImpl-5b5774a2-bf3c-4723-a113-e238e3f8131c/datanode-5/data/ratis/a1cc7fb7-1dfd-47c2-8159-1c1384e55287/sm/snapshot.1_0
2021-03-01 18:12:34,434 [Listener at 127.0.0.1/41333] INFO  impl.RoleInfo (RoleInfo.java:shutdownLeaderState(91)) - b303f36a-f963-4721-9f7a-b5e9e54e4468: shutdown b303f36a-f963-4721-9f7a-b5e9e54e4468@group-57BBEB97FB30-LeaderStateImpl
2021-03-01 18:12:34,435 [Thread-4791] INFO  impl.FollowerState (FollowerState.java:run(142)) - b303f36a-f963-4721-9f7a-b5e9e54e4468@group-1C1384E55287-FollowerState was interrupted: {}
java.lang.InterruptedException: sleep interrupted
	at java.lang.Thread.sleep(Native Method)
	at java.lang.Thread.sleep(Thread.java:340)
	at java.util.concurrent.TimeUnit.sleep(TimeUnit.java:386)
	at org.apache.ratis.util.TimeDuration.sleep(TimeDuration.java:324)
	at org.apache.ratis.util.TimeDuration.sleep(TimeDuration.java:309)
	at org.apache.ratis.server.impl.FollowerState.run(FollowerState.java:117)
2021-03-01 18:12:34,435 [Listener at 127.0.0.1/41333] INFO  impl.PendingRequests (PendingRequests.java:sendNotLeaderResponses(249)) - b303f36a-f963-4721-9f7a-b5e9e54e4468@group-57BBEB97FB30-PendingRequests: sendNotLeaderResponses
2021-03-01 18:12:34,436 [Listener at 127.0.0.1/41333] INFO  metrics.RatisMetrics (RatisMetrics.java:unregister(43)) - Unregistering Metrics Registry : ratis.log_appender.b303f36a-f963-4721-9f7a-b5e9e54e4468@group-57BBEB97FB30
2021-03-01 18:12:34,436 [Listener at 127.0.0.1/41333] INFO  metrics.RatisMetrics (RatisMetrics.java:unregister(43)) - Unregistering Metrics Registry : ratis.server.b303f36a-f963-4721-9f7a-b5e9e54e4468@group-57BBEB97FB30
2021-03-01 18:12:34,436 [b303f36a-f963-4721-9f7a-b5e9e54e4468@group-1C1384E55287-StateMachineUpdater] INFO  ratis.ContainerStateMachine (ContainerStateMachine.java:takeSnapshot(302)) - group-1C1384E55287: Finished taking a snapshot at:(t:1, i:0) file:/github/workspace/mnt/ozone/hadoop-ozone/integration-test/target/test-dir/MiniOzoneClusterImpl-5b5774a2-bf3c-4723-a113-e238e3f8131c/datanode-5/data/ratis/a1cc7fb7-1dfd-47c2-8159-1c1384e55287/sm/snapshot.1_0 took: 1 ms
2021-03-01 18:12:34,436 [b303f36a-f963-4721-9f7a-b5e9e54e4468@group-1C1384E55287-StateMachineUpdater] INFO  impl.StateMachineUpdater (StateMachineUpdater.java:takeSnapshot(279)) - b303f36a-f963-4721-9f7a-b5e9e54e4468@group-1C1384E55287-StateMachineUpdater: Took a snapshot at index 0
2021-03-01 18:12:34,436 [b303f36a-f963-4721-9f7a-b5e9e54e4468@group-1C1384E55287-StateMachineUpdater] INFO  impl.StateMachineUpdater (StateMachineUpdater.java:lambda$new$0(88)) - b303f36a-f963-4721-9f7a-b5e9e54e4468@group-1C1384E55287-StateMachineUpdater: snapshotIndex: updateIncreasingly -1 -> 0
2021-03-01 18:12:34,436 [b303f36a-f963-4721-9f7a-b5e9e54e4468@group-1C1384E55287-StateMachineUpdater] INFO  metrics.RatisMetrics (RatisMetrics.java:unregister(43)) - Unregistering Metrics Registry : ratis.state_machine.b303f36a-f963-4721-9f7a-b5e9e54e4468@group-1C1384E55287
2021-03-01 18:12:34,437 [ForkJoinPool.commonPool-worker-1] INFO  server.RaftServer$Division (ServerState.java:close(405)) - b303f36a-f963-4721-9f7a-b5e9e54e4468@group-1C1384E55287: closes. applyIndex: 0
2021-03-01 18:12:34,437 [b303f36a-f963-4721-9f7a-b5e9e54e4468@group-1C1384E55287-SegmentedRaftLogWorker] INFO  segmented.SegmentedRaftLogWorker (SegmentedRaftLogWorker.java:run(326)) - b303f36a-f963-4721-9f7a-b5e9e54e4468@group-1C1384E55287-SegmentedRaftLogWorker was interrupted, exiting. There are 0 tasks remaining in the queue.
2021-03-01 18:12:34,437 [ForkJoinPool.commonPool-worker-1] INFO  segmented.SegmentedRaftLogWorker (SegmentedRaftLogWorker.java:close(236)) - b303f36a-f963-4721-9f7a-b5e9e54e4468@group-1C1384E55287-SegmentedRaftLogWorker close()
2021-03-01 18:12:34,437 [ForkJoinPool.commonPool-worker-1] INFO  metrics.RatisMetrics (RatisMetrics.java:unregister(43)) - Unregistering Metrics Registry : ratis.log_worker.b303f36a-f963-4721-9f7a-b5e9e54e4468@group-1C1384E55287
2021-03-01 18:12:34,437 [ForkJoinPool.commonPool-worker-1] INFO  metrics.RatisMetrics (RatisMetrics.java:unregister(43)) - Unregistering Metrics Registry : ratis.leader_election.b303f36a-f963-4721-9f7a-b5e9e54e4468@group-1C1384E55287
2021-03-01 18:12:34,437 [ForkJoinPool.commonPool-worker-1] INFO  metrics.RatisMetrics (RatisMetrics.java:unregister(43)) - Unregistering Metrics Registry : ratis.server.b303f36a-f963-4721-9f7a-b5e9e54e4468@group-1C1384E55287
2021-03-01 18:12:34,437 [ForkJoinPool.commonPool-worker-1] INFO  server.RaftServer$Division (RaftServerImpl.java:lambda$close$4(406)) - b303f36a-f963-4721-9f7a-b5e9e54e4468@group-3E8CA9905F22: shutdown
2021-03-01 18:12:34,437 [ForkJoinPool.commonPool-worker-1] INFO  util.JmxRegister (JmxRegister.java:unregister(73)) - Successfully un-registered JMX Bean with object name Ratis:service=RaftServer,group=group-3E8CA9905F22,id=b303f36a-f963-4721-9f7a-b5e9e54e4468
2021-03-01 18:12:34,437 [ForkJoinPool.commonPool-worker-1] INFO  impl.RoleInfo (RoleInfo.java:shutdownFollowerState(108)) - b303f36a-f963-4721-9f7a-b5e9e54e4468: shutdown b303f36a-f963-4721-9f7a-b5e9e54e4468@group-3E8CA9905F22-FollowerState
2021-03-01 18:12:34,437 [ForkJoinPool.commonPool-worker-1] INFO  impl.StateMachineUpdater (StateMachineUpdater.java:stopAndJoin(148)) - b303f36a-f963-4721-9f7a-b5e9e54e4468@group-3E8CA9905F22-StateMachineUpdater: set stopIndex = 10
2021-03-01 18:12:34,438 [b303f36a-f963-4721-9f7a-b5e9e54e4468@group-57BBEB97FB30-StateMachineUpdater] INFO  ratis.ContainerStateMachine (ContainerStateMachine.java:takeSnapshot(291)) - group-57BBEB97FB30: Taking a snapshot at:(t:1, i:0) file /github/workspace/mnt/ozone/hadoop-ozone/integration-test/target/test-dir/MiniOzoneClusterImpl-5b5774a2-bf3c-4723-a113-e238e3f8131c/datanode-5/data/ratis/8c898d1a-493f-4263-bb67-57bbeb97fb30/sm/snapshot.1_0
2021-03-01 18:12:34,438 [b303f36a-f963-4721-9f7a-b5e9e54e4468@group-57BBEB97FB30-StateMachineUpdater] INFO  ratis.ContainerStateMachine (ContainerStateMachine.java:takeSnapshot(302)) - group-57BBEB97FB30: Finished taking a snapshot at:(t:1, i:0) file:/github/workspace/mnt/ozone/hadoop-ozone/integration-test/target/test-dir/MiniOzoneClusterImpl-5b5774a2-bf3c-4723-a113-e238e3f8131c/datanode-5/data/ratis/8c898d1a-493f-4263-bb67-57bbeb97fb30/sm/snapshot.1_0 took: 1 ms
2021-03-01 18:12:34,438 [Listener at 127.0.0.1/41333] INFO  impl.StateMachineUpdater (StateMachineUpdater.java:stopAndJoin(148)) - b303f36a-f963-4721-9f7a-b5e9e54e4468@group-57BBEB97FB30-StateMachineUpdater: set stopIndex = 0
2021-03-01 18:12:34,438 [b303f36a-f963-4721-9f7a-b5e9e54e4468@group-3E8CA9905F22-StateMachineUpdater] INFO  ratis.ContainerStateMachine (ContainerStateMachine.java:takeSnapshot(291)) - group-3E8CA9905F22: Taking a snapshot at:(t:2, i:10) file /github/workspace/mnt/ozone/hadoop-ozone/integration-test/target/test-dir/MiniOzoneClusterImpl-5b5774a2-bf3c-4723-a113-e238e3f8131c/datanode-5/data/ratis/2f262e5f-c32b-47ed-b451-3e8ca9905f22/sm/snapshot.2_10
2021-03-01 18:12:34,438 [b303f36a-f963-4721-9f7a-b5e9e54e4468@group-57BBEB97FB30-StateMachineUpdater] INFO  impl.StateMachineUpdater (StateMachineUpdater.java:takeSnapshot(279)) - b303f36a-f963-4721-9f7a-b5e9e54e4468@group-57BBEB97FB30-StateMachineUpdater: Took a snapshot at index 0
2021-03-01 18:12:34,439 [b303f36a-f963-4721-9f7a-b5e9e54e4468@group-57BBEB97FB30-StateMachineUpdater] INFO  impl.StateMachineUpdater (StateMachineUpdater.java:lambda$new$0(88)) - b303f36a-f963-4721-9f7a-b5e9e54e4468@group-57BBEB97FB30-StateMachineUpdater: snapshotIndex: updateIncreasingly -1 -> 0
2021-03-01 18:12:34,439 [b303f36a-f963-4721-9f7a-b5e9e54e4468@group-57BBEB97FB30-StateMachineUpdater] INFO  metrics.RatisMetrics (RatisMetrics.java:unregister(43)) - Unregistering Metrics Registry : ratis.state_machine.b303f36a-f963-4721-9f7a-b5e9e54e4468@group-57BBEB97FB30
2021-03-01 18:12:34,439 [Listener at 127.0.0.1/41333] INFO  server.RaftServer$Division (ServerState.java:close(405)) - b303f36a-f963-4721-9f7a-b5e9e54e4468@group-57BBEB97FB30: closes. applyIndex: 0
2021-03-01 18:12:34,439 [b303f36a-f963-4721-9f7a-b5e9e54e4468@group-3E8CA9905F22-StateMachineUpdater] INFO  ratis.ContainerStateMachine (ContainerStateMachine.java:takeSnapshot(302)) - group-3E8CA9905F22: Finished taking a snapshot at:(t:2, i:10) file:/github/workspace/mnt/ozone/hadoop-ozone/integration-test/target/test-dir/MiniOzoneClusterImpl-5b5774a2-bf3c-4723-a113-e238e3f8131c/datanode-5/data/ratis/2f262e5f-c32b-47ed-b451-3e8ca9905f22/sm/snapshot.2_10 took: 1 ms
2021-03-01 18:12:34,439 [b303f36a-f963-4721-9f7a-b5e9e54e4468@group-57BBEB97FB30-SegmentedRaftLogWorker] INFO  segmented.SegmentedRaftLogWorker (SegmentedRaftLogWorker.java:run(326)) - b303f36a-f963-4721-9f7a-b5e9e54e4468@group-57BBEB97FB30-SegmentedRaftLogWorker was interrupted, exiting. There are 0 tasks remaining in the queue.
2021-03-01 18:12:34,439 [b303f36a-f963-4721-9f7a-b5e9e54e4468@group-3E8CA9905F22-StateMachineUpdater] INFO  impl.StateMachineUpdater (StateMachineUpdater.java:takeSnapshot(279)) - b303f36a-f963-4721-9f7a-b5e9e54e4468@group-3E8CA9905F22-StateMachineUpdater: Took a snapshot at index 10
2021-03-01 18:12:34,439 [b303f36a-f963-4721-9f7a-b5e9e54e4468@group-3E8CA9905F22-StateMachineUpdater] INFO  impl.StateMachineUpdater (StateMachineUpdater.java:lambda$new$0(88)) - b303f36a-f963-4721-9f7a-b5e9e54e4468@group-3E8CA9905F22-StateMachineUpdater: snapshotIndex: updateIncreasingly -1 -> 10
2021-03-01 18:12:34,440 [Listener at 127.0.0.1/41333] INFO  segmented.SegmentedRaftLogWorker (SegmentedRaftLogWorker.java:close(236)) - b303f36a-f963-4721-9f7a-b5e9e54e4468@group-57BBEB97FB30-SegmentedRaftLogWorker close()
2021-03-01 18:12:34,440 [Listener at 127.0.0.1/41333] INFO  metrics.RatisMetrics (RatisMetrics.java:unregister(43)) - Unregistering Metrics Registry : ratis.log_worker.b303f36a-f963-4721-9f7a-b5e9e54e4468@group-57BBEB97FB30
2021-03-01 18:12:34,439 [Thread-4798] INFO  impl.FollowerState (FollowerState.java:run(142)) - b303f36a-f963-4721-9f7a-b5e9e54e4468@group-3E8CA9905F22-FollowerState was interrupted: {}
java.lang.InterruptedException: sleep interrupted
	at java.lang.Thread.sleep(Native Method)
	at java.lang.Thread.sleep(Thread.java:340)
	at java.util.concurrent.TimeUnit.sleep(TimeUnit.java:386)
	at org.apache.ratis.util.TimeDuration.sleep(TimeDuration.java:324)
	at org.apache.ratis.util.TimeDuration.sleep(TimeDuration.java:309)
	at org.apache.ratis.server.impl.FollowerState.run(FollowerState.java:117)
2021-03-01 18:12:34,440 [Listener at 127.0.0.1/41333] INFO  metrics.RatisMetrics (RatisMetrics.java:unregister(43)) - Unregistering Metrics Registry : ratis.leader_election.b303f36a-f963-4721-9f7a-b5e9e54e4468@group-57BBEB97FB30
2021-03-01 18:12:34,440 [b303f36a-f963-4721-9f7a-b5e9e54e4468@group-3E8CA9905F22-StateMachineUpdater] INFO  metrics.RatisMetrics (RatisMetrics.java:unregister(43)) - Unregistering Metrics Registry : ratis.state_machine.b303f36a-f963-4721-9f7a-b5e9e54e4468@group-3E8CA9905F22
2021-03-01 18:12:34,440 [Listener at 127.0.0.1/41333] INFO  metrics.RatisMetrics (RatisMetrics.java:unregister(43)) - Unregistering Metrics Registry : ratis.server.b303f36a-f963-4721-9f7a-b5e9e54e4468@group-57BBEB97FB30
2021-03-01 18:12:34,440 [ForkJoinPool.commonPool-worker-1] INFO  server.RaftServer$Division (ServerState.java:close(405)) - b303f36a-f963-4721-9f7a-b5e9e54e4468@group-3E8CA9905F22: closes. applyIndex: 10
2021-03-01 18:12:34,440 [Listener at 127.0.0.1/41333] INFO  server.RaftServer$Division (RaftServerImpl.java:lambda$close$4(406)) - b303f36a-f963-4721-9f7a-b5e9e54e4468@group-6F3B09D344DD: shutdown
2021-03-01 18:12:34,441 [b303f36a-f963-4721-9f7a-b5e9e54e4468@group-3E8CA9905F22-SegmentedRaftLogWorker] INFO  segmented.SegmentedRaftLogWorker (SegmentedRaftLogWorker.java:run(326)) - b303f36a-f963-4721-9f7a-b5e9e54e4468@group-3E8CA9905F22-SegmentedRaftLogWorker was interrupted, exiting. There are 0 tasks remaining in the queue.
2021-03-01 18:12:34,441 [ForkJoinPool.commonPool-worker-1] INFO  segmented.SegmentedRaftLogWorker (SegmentedRaftLogWorker.java:close(236)) - b303f36a-f963-4721-9f7a-b5e9e54e4468@group-3E8CA9905F22-SegmentedRaftLogWorker close()
2021-03-01 18:12:34,441 [ForkJoinPool.commonPool-worker-1] INFO  metrics.RatisMetrics (RatisMetrics.java:unregister(43)) - Unregistering Metrics Registry : ratis.log_worker.b303f36a-f963-4721-9f7a-b5e9e54e4468@group-3E8CA9905F22
2021-03-01 18:12:34,441 [Listener at 127.0.0.1/41333] INFO  util.JmxRegister (JmxRegister.java:unregister(73)) - Successfully un-registered JMX Bean with object name Ratis:service=RaftServer,group=group-6F3B09D344DD,id=b303f36a-f963-4721-9f7a-b5e9e54e4468
2021-03-01 18:12:34,441 [Listener at 127.0.0.1/41333] INFO  impl.RoleInfo (RoleInfo.java:shutdownFollowerState(108)) - b303f36a-f963-4721-9f7a-b5e9e54e4468: shutdown b303f36a-f963-4721-9f7a-b5e9e54e4468@group-6F3B09D344DD-FollowerState
2021-03-01 18:12:34,441 [ForkJoinPool.commonPool-worker-1] INFO  metrics.RatisMetrics (RatisMetrics.java:unregister(43)) - Unregistering Metrics Registry : ratis.leader_election.b303f36a-f963-4721-9f7a-b5e9e54e4468@group-3E8CA9905F22
2021-03-01 18:12:34,441 [ForkJoinPool.commonPool-worker-1] INFO  metrics.RatisMetrics (RatisMetrics.java:unregister(43)) - Unregistering Metrics Registry : ratis.server.b303f36a-f963-4721-9f7a-b5e9e54e4468@group-3E8CA9905F22
2021-03-01 18:12:34,441 [Thread-4792] INFO  impl.FollowerState (FollowerState.java:run(142)) - b303f36a-f963-4721-9f7a-b5e9e54e4468@group-6F3B09D344DD-FollowerState was interrupted: {}
java.lang.InterruptedException: sleep interrupted
	at java.lang.Thread.sleep(Native Method)
	at java.lang.Thread.sleep(Thread.java:340)
	at java.util.concurrent.TimeUnit.sleep(TimeUnit.java:386)
	at org.apache.ratis.util.TimeDuration.sleep(TimeDuration.java:324)
	at org.apache.ratis.util.TimeDuration.sleep(TimeDuration.java:309)
	at org.apache.ratis.server.impl.FollowerState.run(FollowerState.java:117)
2021-03-01 18:12:34,442 [b303f36a-f963-4721-9f7a-b5e9e54e4468@group-6F3B09D344DD-StateMachineUpdater] INFO  ratis.ContainerStateMachine (ContainerStateMachine.java:takeSnapshot(291)) - group-6F3B09D344DD: Taking a snapshot at:(t:4, i:0) file /github/workspace/mnt/ozone/hadoop-ozone/integration-test/target/test-dir/MiniOzoneClusterImpl-5b5774a2-bf3c-4723-a113-e238e3f8131c/datanode-5/data/ratis/274eb337-03e6-4118-9bb7-6f3b09d344dd/sm/snapshot.4_0
2021-03-01 18:12:34,442 [Listener at 127.0.0.1/41333] INFO  impl.StateMachineUpdater (StateMachineUpdater.java:stopAndJoin(148)) - b303f36a-f963-4721-9f7a-b5e9e54e4468@group-6F3B09D344DD-StateMachineUpdater: set stopIndex = 0
2021-03-01 18:12:34,442 [b303f36a-f963-4721-9f7a-b5e9e54e4468@group-6F3B09D344DD-StateMachineUpdater] INFO  ratis.ContainerStateMachine (ContainerStateMachine.java:takeSnapshot(302)) - group-6F3B09D344DD: Finished taking a snapshot at:(t:4, i:0) file:/github/workspace/mnt/ozone/hadoop-ozone/integration-test/target/test-dir/MiniOzoneClusterImpl-5b5774a2-bf3c-4723-a113-e238e3f8131c/datanode-5/data/ratis/274eb337-03e6-4118-9bb7-6f3b09d344dd/sm/snapshot.4_0 took: 1 ms
2021-03-01 18:12:34,442 [b303f36a-f963-4721-9f7a-b5e9e54e4468@group-6F3B09D344DD-StateMachineUpdater] INFO  impl.StateMachineUpdater (StateMachineUpdater.java:takeSnapshot(279)) - b303f36a-f963-4721-9f7a-b5e9e54e4468@group-6F3B09D344DD-StateMachineUpdater: Took a snapshot at index 0
2021-03-01 18:12:34,443 [b303f36a-f963-4721-9f7a-b5e9e54e4468@group-6F3B09D344DD-StateMachineUpdater] INFO  impl.StateMachineUpdater (StateMachineUpdater.java:lambda$new$0(88)) - b303f36a-f963-4721-9f7a-b5e9e54e4468@group-6F3B09D344DD-StateMachineUpdater: snapshotIndex: updateIncreasingly -1 -> 0
2021-03-01 18:12:34,443 [b303f36a-f963-4721-9f7a-b5e9e54e4468@group-6F3B09D344DD-StateMachineUpdater] INFO  metrics.RatisMetrics (RatisMetrics.java:unregister(43)) - Unregistering Metrics Registry : ratis.state_machine.b303f36a-f963-4721-9f7a-b5e9e54e4468@group-6F3B09D344DD
2021-03-01 18:12:34,443 [Listener at 127.0.0.1/41333] INFO  server.RaftServer$Division (ServerState.java:close(405)) - b303f36a-f963-4721-9f7a-b5e9e54e4468@group-6F3B09D344DD: closes. applyIndex: 0
2021-03-01 18:12:34,443 [b303f36a-f963-4721-9f7a-b5e9e54e4468@group-6F3B09D344DD-SegmentedRaftLogWorker] INFO  segmented.SegmentedRaftLogWorker (SegmentedRaftLogWorker.java:run(326)) - b303f36a-f963-4721-9f7a-b5e9e54e4468@group-6F3B09D344DD-SegmentedRaftLogWorker was interrupted, exiting. There are 0 tasks remaining in the queue.
2021-03-01 18:12:34,443 [Listener at 127.0.0.1/41333] INFO  segmented.SegmentedRaftLogWorker (SegmentedRaftLogWorker.java:close(236)) - b303f36a-f963-4721-9f7a-b5e9e54e4468@group-6F3B09D344DD-SegmentedRaftLogWorker close()
2021-03-01 18:12:34,443 [Listener at 127.0.0.1/41333] INFO  metrics.RatisMetrics (RatisMetrics.java:unregister(43)) - Unregistering Metrics Registry : ratis.log_worker.b303f36a-f963-4721-9f7a-b5e9e54e4468@group-6F3B09D344DD
2021-03-01 18:12:34,443 [Listener at 127.0.0.1/41333] INFO  metrics.RatisMetrics (RatisMetrics.java:unregister(43)) - Unregistering Metrics Registry : ratis.leader_election.b303f36a-f963-4721-9f7a-b5e9e54e4468@group-6F3B09D344DD
2021-03-01 18:12:34,444 [Listener at 127.0.0.1/41333] INFO  metrics.RatisMetrics (RatisMetrics.java:unregister(43)) - Unregistering Metrics Registry : ratis.server.b303f36a-f963-4721-9f7a-b5e9e54e4468@group-6F3B09D344DD
2021-03-01 18:12:34,444 [Listener at 127.0.0.1/41333] INFO  server.GrpcService (GrpcService.java:closeImpl(262)) - b303f36a-f963-4721-9f7a-b5e9e54e4468: shutdown server with port 32969 now
2021-03-01 18:12:34,445 [Listener at 127.0.0.1/41333] INFO  server.GrpcService (GrpcService.java:closeImpl(271)) - b303f36a-f963-4721-9f7a-b5e9e54e4468: shutdown server with port 32969 successfully
2021-03-01 18:12:34,445 [org.apache.ratis.util.JvmPauseMonitor$$Lambda$504/1874703858@17a0cc0] INFO  util.JvmPauseMonitor (JvmPauseMonitor.java:run(109)) - JvmPauseMonitor-b303f36a-f963-4721-9f7a-b5e9e54e4468: Stopped
2021-03-01 18:12:34,446 [Listener at 127.0.0.1/41333] INFO  utils.BackgroundService (BackgroundService.java:shutdown(132)) - Shutting down service BlockDeletingService
2021-03-01 18:12:34,447 [Listener at 127.0.0.1/41333] INFO  statemachine.DatanodeStateMachine (DatanodeStateMachine.java:stopDaemon(469)) - Ozone container server stopped.
2021-03-01 18:12:34,454 [Listener at 127.0.0.1/41333] INFO  handler.ContextHandler (ContextHandler.java:doStop(1154)) - Stopped o.e.j.w.WebAppContext@50e70004{hddsDatanode,/,null,STOPPED}{jar:file:/home/user/.m2/repository/org/apache/hadoop/hadoop-hdds-container-service/1.1.0-SNAPSHOT/hadoop-hdds-container-service-1.1.0-SNAPSHOT.jar!/webapps/hddsDatanode}
2021-03-01 18:12:34,455 [Listener at 127.0.0.1/41333] INFO  server.AbstractConnector (AbstractConnector.java:doStop(381)) - Stopped ServerConnector@46e8ddd7{HTTP/1.1, (http/1.1)}{0.0.0.0:0}
2021-03-01 18:12:34,455 [Listener at 127.0.0.1/41333] INFO  server.session (HouseKeeper.java:stopScavenging(149)) - node0 Stopped scavenging
2021-03-01 18:12:34,455 [Listener at 127.0.0.1/41333] INFO  handler.ContextHandler (ContextHandler.java:doStop(1154)) - Stopped o.e.j.s.ServletContextHandler@3c8f775{static,/static,jar:file:/home/user/.m2/repository/org/apache/hadoop/hadoop-hdds-container-service/1.1.0-SNAPSHOT/hadoop-hdds-container-service-1.1.0-SNAPSHOT.jar!/webapps/static,STOPPED}
2021-03-01 18:12:34,455 [Listener at 127.0.0.1/41333] INFO  handler.ContextHandler (ContextHandler.java:doStop(1154)) - Stopped o.e.j.s.ServletContextHandler@28efcb4f{logs,/logs,file:///github/workspace/mnt/ozone/hadoop-ozone/integration-test/target/log,STOPPED}
2021-03-01 18:12:34,458 [Listener at 127.0.0.1/41333] INFO  ozone.MiniOzoneClusterImpl (MiniOzoneClusterImpl.java:stopSCM(489)) - Stopping the StorageContainerManager
2021-03-01 18:12:34,458 [Listener at 127.0.0.1/41333] INFO  server.StorageContainerManager (StorageContainerManager.java:stop(861)) - Stopping Replication Manager Service.
2021-03-01 18:12:34,458 [Listener at 127.0.0.1/41333] INFO  container.ReplicationManager (ReplicationManager.java:stop(227)) - Stopping Replication Monitor Thread.
2021-03-01 18:12:34,459 [Listener at 127.0.0.1/41333] INFO  server.StorageContainerManager (StorageContainerManager.java:stop(868)) - Stopping the Datanode Admin Monitor.
2021-03-01 18:12:34,459 [Listener at 127.0.0.1/41333] INFO  server.StorageContainerManager (StorageContainerManager.java:stop(875)) - Stopping Lease Manager of the command watchers
2021-03-01 18:12:34,459 [Listener at 127.0.0.1/41333] INFO  server.StorageContainerManager (StorageContainerManager.java:stop(882)) - Stopping datanode service RPC server
2021-03-01 18:12:34,459 [Listener at 127.0.0.1/41333] INFO  server.SCMDatanodeProtocolServer (SCMDatanodeProtocolServer.java:stop(369)) - Stopping the RPC server for DataNodes
2021-03-01 18:12:34,459 [Listener at 127.0.0.1/41333] INFO  ipc.Server (Server.java:stop(3403)) - Stopping server on 34409
2021-03-01 18:12:34,460 [IPC Server listener on 0] INFO  ipc.Server (Server.java:run(1366)) - Stopping IPC Server listener on 0
2021-03-01 18:12:34,461 [IPC Server Responder] INFO  ipc.Server (Server.java:run(1502)) - Stopping IPC Server Responder
2021-03-01 18:12:34,542 [SCM Heartbeat Processing Thread - 0] WARN  node.NodeStateManager (NodeStateManager.java:scheduleNextHealthCheck(688)) - Current Thread is interrupted, shutting down HB processing thread for Node Manager.
2021-03-01 18:12:34,542 [Listener at 127.0.0.1/41333] INFO  server.StorageContainerManager (StorageContainerManager.java:stop(890)) - Stopping block service RPC server
2021-03-01 18:12:34,543 [Listener at 127.0.0.1/41333] INFO  server.SCMBlockProtocolServer (SCMBlockProtocolServer.java:stop(159)) - Stopping the RPC server for Block Protocol
2021-03-01 18:12:34,543 [Listener at 127.0.0.1/41333] INFO  ipc.Server (Server.java:stop(3403)) - Stopping server on 34445
2021-03-01 18:12:34,544 [IPC Server Responder] INFO  ipc.Server (Server.java:run(1502)) - Stopping IPC Server Responder
2021-03-01 18:12:34,544 [IPC Server listener on 0] INFO  ipc.Server (Server.java:run(1366)) - Stopping IPC Server listener on 0
2021-03-01 18:12:34,545 [Listener at 127.0.0.1/41333] INFO  server.StorageContainerManager (StorageContainerManager.java:stop(897)) - Stopping the StorageContainerLocationProtocol RPC server
2021-03-01 18:12:34,545 [Listener at 127.0.0.1/41333] INFO  server.SCMClientProtocolServer (SCMClientProtocolServer.java:stop(170)) - Stopping the RPC server for Client Protocol
2021-03-01 18:12:34,545 [Listener at 127.0.0.1/41333] INFO  ipc.Server (Server.java:stop(3403)) - Stopping server on 38509
2021-03-01 18:12:34,546 [IPC Server listener on 0] INFO  ipc.Server (Server.java:run(1366)) - Stopping IPC Server listener on 0
2021-03-01 18:12:34,547 [IPC Server Responder] INFO  ipc.Server (Server.java:run(1502)) - Stopping IPC Server Responder
2021-03-01 18:12:34,547 [Listener at 127.0.0.1/41333] INFO  server.StorageContainerManager (StorageContainerManager.java:stop(904)) - Stopping Storage Container Manager HTTP server.
2021-03-01 18:12:34,548 [Listener at 127.0.0.1/41333] INFO  handler.ContextHandler (ContextHandler.java:doStop(1154)) - Stopped o.e.j.w.WebAppContext@4a3b2942{scm,/,null,STOPPED}{file:/github/workspace/mnt/ozone/hadoop-ozone/integration-test/target/test-classes/webapps/scm}
2021-03-01 18:12:34,548 [Listener at 127.0.0.1/41333] INFO  server.AbstractConnector (AbstractConnector.java:doStop(381)) - Stopped ServerConnector@595b150{HTTP/1.1, (http/1.1)}{0.0.0.0:0}
2021-03-01 18:12:34,548 [Listener at 127.0.0.1/41333] INFO  server.session (HouseKeeper.java:stopScavenging(149)) - node0 Stopped scavenging
2021-03-01 18:12:34,548 [Listener at 127.0.0.1/41333] INFO  handler.ContextHandler (ContextHandler.java:doStop(1154)) - Stopped o.e.j.s.ServletContextHandler@41102978{static,/static,file:///github/workspace/mnt/ozone/hadoop-ozone/integration-test/target/test-classes/webapps/static,STOPPED}
2021-03-01 18:12:34,548 [Listener at 127.0.0.1/41333] INFO  handler.ContextHandler (ContextHandler.java:doStop(1154)) - Stopped o.e.j.s.ServletContextHandler@5d2ef7d9{logs,/logs,file:///github/workspace/mnt/ozone/hadoop-ozone/integration-test/target/log,STOPPED}
2021-03-01 18:12:34,549 [Listener at 127.0.0.1/41333] INFO  server.StorageContainerManager (StorageContainerManager.java:stop(915)) - Stopping Block Manager Service.
2021-03-01 18:12:34,549 [Listener at 127.0.0.1/41333] INFO  utils.BackgroundService (BackgroundService.java:shutdown(132)) - Shutting down service SCMBlockDeletingService
2021-03-01 18:12:34,549 [Listener at 127.0.0.1/41333] INFO  utils.BackgroundService (BackgroundService.java:shutdown(132)) - Shutting down service SCMBlockDeletingService
2021-03-01 18:12:34,549 [Listener at 127.0.0.1/41333] INFO  server.StorageContainerManager (StorageContainerManager.java:stop(940)) - Stopping SCM Event Queue.
2021-03-01 18:12:34,551 [Listener at 127.0.0.1/41333] INFO  impl.MetricsSystemImpl (MetricsSystemImpl.java:stop(210)) - Stopping HddsDatanode metrics system...
2021-03-01 18:12:34,555 [prometheus] INFO  impl.MetricsSinkAdapter (MetricsSinkAdapter.java:publishMetricsFromQueue(141)) - prometheus thread interrupted.
2021-03-01 18:12:34,555 [Listener at 127.0.0.1/41333] INFO  impl.MetricsSystemImpl (MetricsSystemImpl.java:stop(216)) - HddsDatanode metrics system stopped.
]]></system-out>
    <system-err><![CDATA[Mar 01, 2021 6:12:00 PM org.apache.ratis.thirdparty.io.grpc.internal.ManagedChannelOrphanWrapper$ManagedChannelReference cleanQueue
SEVERE: *~*~*~ Channel ManagedChannelImpl{logId=1766, target=172.17.0.2:33281} was not shutdown properly!!! ~*~*~*
    Make sure to call shutdown()/shutdownNow() and wait until awaitTermination() returns true.
java.lang.RuntimeException: ManagedChannel allocation site
	at org.apache.ratis.thirdparty.io.grpc.internal.ManagedChannelOrphanWrapper$ManagedChannelReference.<init>(ManagedChannelOrphanWrapper.java:93)
	at org.apache.ratis.thirdparty.io.grpc.internal.ManagedChannelOrphanWrapper.<init>(ManagedChannelOrphanWrapper.java:53)
	at org.apache.ratis.thirdparty.io.grpc.internal.ManagedChannelOrphanWrapper.<init>(ManagedChannelOrphanWrapper.java:44)
	at org.apache.ratis.thirdparty.io.grpc.internal.ManagedChannelImplBuilder.build(ManagedChannelImplBuilder.java:596)
	at org.apache.ratis.thirdparty.io.grpc.ForwardingChannelBuilder.build(ForwardingChannelBuilder.java:255)
	at org.apache.hadoop.hdds.scm.XceiverClientGrpc.connectToDatanode(XceiverClientGrpc.java:193)
	at org.apache.hadoop.hdds.scm.XceiverClientGrpc.reconnect(XceiverClientGrpc.java:543)
	at org.apache.hadoop.hdds.scm.XceiverClientGrpc.checkOpen(XceiverClientGrpc.java:534)
	at org.apache.hadoop.hdds.scm.XceiverClientGrpc.sendCommandAsync(XceiverClientGrpc.java:462)
	at org.apache.hadoop.hdds.scm.XceiverClientGrpc.sendCommandWithRetry(XceiverClientGrpc.java:371)
	at org.apache.hadoop.hdds.scm.XceiverClientGrpc.lambda$sendCommandWithTraceIDAndRetry$0(XceiverClientGrpc.java:311)
	at org.apache.hadoop.hdds.tracing.TracingUtil.executeInSpan(TracingUtil.java:174)
	at org.apache.hadoop.hdds.tracing.TracingUtil.executeInNewSpan(TracingUtil.java:148)
	at org.apache.hadoop.hdds.scm.XceiverClientGrpc.sendCommandWithTraceIDAndRetry(XceiverClientGrpc.java:305)
	at org.apache.hadoop.hdds.scm.XceiverClientGrpc.sendCommand(XceiverClientGrpc.java:286)
	at org.apache.hadoop.hdds.scm.storage.ContainerProtocolCalls.getBlock(ContainerProtocolCalls.java:106)
	at org.apache.hadoop.hdds.scm.storage.BlockInputStream.getChunkInfos(BlockInputStream.java:213)
	at org.apache.hadoop.hdds.scm.storage.BlockInputStream.initialize(BlockInputStream.java:142)
	at org.apache.hadoop.hdds.scm.storage.BlockInputStream.read(BlockInputStream.java:276)
	at org.apache.hadoop.ozone.client.io.KeyInputStream.read(KeyInputStream.java:242)
	at org.apache.hadoop.ozone.client.io.OzoneInputStream.read(OzoneInputStream.java:52)
	at java.io.InputStream.read(InputStream.java:101)
	at org.apache.hadoop.ozone.container.TestHelper.validateData(TestHelper.java:146)
	at org.apache.hadoop.ozone.client.rpc.TestBlockOutputStreamWithFailuresFlushDelay.validateData(TestBlockOutputStreamWithFailuresFlushDelay.java:871)
	at org.apache.hadoop.ozone.client.rpc.TestBlockOutputStreamWithFailuresFlushDelay.testWatchForCommitDatanodeFailure(TestBlockOutputStreamWithFailuresFlushDelay.java:337)
	at sun.reflect.NativeMethodAccessorImpl.invoke0(Native Method)
	at sun.reflect.NativeMethodAccessorImpl.invoke(NativeMethodAccessorImpl.java:62)
	at sun.reflect.DelegatingMethodAccessorImpl.invoke(DelegatingMethodAccessorImpl.java:43)
	at java.lang.reflect.Method.invoke(Method.java:498)
	at org.junit.runners.model.FrameworkMethod$1.runReflectiveCall(FrameworkMethod.java:59)
	at org.junit.internal.runners.model.ReflectiveCallable.run(ReflectiveCallable.java:12)
	at org.junit.runners.model.FrameworkMethod.invokeExplosively(FrameworkMethod.java:56)
	at org.junit.internal.runners.statements.InvokeMethod.evaluate(InvokeMethod.java:17)
	at org.junit.internal.runners.statements.RunBefores.evaluate(RunBefores.java:26)
	at org.junit.internal.runners.statements.RunAfters.evaluate(RunAfters.java:27)
	at org.junit.internal.runners.statements.FailOnTimeout$CallableStatement.call(FailOnTimeout.java:288)
	at org.junit.internal.runners.statements.FailOnTimeout$CallableStatement.call(FailOnTimeout.java:282)
	at java.util.concurrent.FutureTask.run(FutureTask.java:266)
	at java.lang.Thread.run(Thread.java:748)

Mar 01, 2021 6:12:00 PM org.apache.ratis.thirdparty.io.grpc.internal.ManagedChannelOrphanWrapper$ManagedChannelReference cleanQueue
SEVERE: *~*~*~ Channel ManagedChannelImpl{logId=1733, target=172.17.0.2:34131} was not shutdown properly!!! ~*~*~*
    Make sure to call shutdown()/shutdownNow() and wait until awaitTermination() returns true.
java.lang.RuntimeException: ManagedChannel allocation site
	at org.apache.ratis.thirdparty.io.grpc.internal.ManagedChannelOrphanWrapper$ManagedChannelReference.<init>(ManagedChannelOrphanWrapper.java:93)
	at org.apache.ratis.thirdparty.io.grpc.internal.ManagedChannelOrphanWrapper.<init>(ManagedChannelOrphanWrapper.java:53)
	at org.apache.ratis.thirdparty.io.grpc.internal.ManagedChannelOrphanWrapper.<init>(ManagedChannelOrphanWrapper.java:44)
	at org.apache.ratis.thirdparty.io.grpc.internal.ManagedChannelImplBuilder.build(ManagedChannelImplBuilder.java:596)
	at org.apache.ratis.thirdparty.io.grpc.ForwardingChannelBuilder.build(ForwardingChannelBuilder.java:255)
	at org.apache.ratis.grpc.client.GrpcClientProtocolClient.buildChannel(GrpcClientProtocolClient.java:159)
	at org.apache.ratis.grpc.client.GrpcClientProtocolClient.<init>(GrpcClientProtocolClient.java:110)
	at org.apache.ratis.grpc.client.GrpcClientRpc.lambda$new$0(GrpcClientRpc.java:57)
	at org.apache.ratis.util.PeerProxyMap$PeerAndProxy.lambda$getProxy$0(PeerProxyMap.java:63)
	at org.apache.ratis.util.LifeCycle.startAndTransition(LifeCycle.java:270)
	at org.apache.ratis.util.PeerProxyMap$PeerAndProxy.getProxy(PeerProxyMap.java:62)
	at org.apache.ratis.util.PeerProxyMap.getProxy(PeerProxyMap.java:114)
	at org.apache.ratis.grpc.client.GrpcClientRpc.sendRequestAsync(GrpcClientRpc.java:67)
	at org.apache.ratis.client.impl.OrderedAsync.sendRequest(OrderedAsync.java:235)
	at org.apache.ratis.client.impl.OrderedAsync.sendRequestWithRetry(OrderedAsync.java:189)
	at org.apache.ratis.util.SlidingWindow$Client.sendOrDelayRequest(SlidingWindow.java:278)
	at org.apache.ratis.util.SlidingWindow$Client.retry(SlidingWindow.java:294)
	at org.apache.ratis.client.impl.OrderedAsync.lambda$scheduleWithTimeout$7(OrderedAsync.java:222)
	at org.apache.ratis.util.TimeoutScheduler.lambda$onTimeout$0(TimeoutScheduler.java:141)
	at org.apache.ratis.util.TimeoutScheduler.lambda$onTimeout$1(TimeoutScheduler.java:155)
	at org.apache.ratis.util.LogUtils.runAndLog(LogUtils.java:38)
	at org.apache.ratis.util.LogUtils$1.run(LogUtils.java:79)
	at java.util.concurrent.Executors$RunnableAdapter.call(Executors.java:511)
	at java.util.concurrent.FutureTask.run(FutureTask.java:266)
	at java.util.concurrent.ScheduledThreadPoolExecutor$ScheduledFutureTask.access$201(ScheduledThreadPoolExecutor.java:180)
	at java.util.concurrent.ScheduledThreadPoolExecutor$ScheduledFutureTask.run(ScheduledThreadPoolExecutor.java:293)
	at java.util.concurrent.ThreadPoolExecutor.runWorker(ThreadPoolExecutor.java:1149)
	at java.util.concurrent.ThreadPoolExecutor$Worker.run(ThreadPoolExecutor.java:624)
	at java.lang.Thread.run(Thread.java:748)

Mar 01, 2021 6:12:00 PM org.apache.ratis.thirdparty.io.grpc.internal.ManagedChannelOrphanWrapper$ManagedChannelReference cleanQueue
SEVERE: *~*~*~ Channel ManagedChannelImpl{logId=1426, target=172.17.0.2:39245} was not shutdown properly!!! ~*~*~*
    Make sure to call shutdown()/shutdownNow() and wait until awaitTermination() returns true.
java.lang.RuntimeException: ManagedChannel allocation site
	at org.apache.ratis.thirdparty.io.grpc.internal.ManagedChannelOrphanWrapper$ManagedChannelReference.<init>(ManagedChannelOrphanWrapper.java:93)
	at org.apache.ratis.thirdparty.io.grpc.internal.ManagedChannelOrphanWrapper.<init>(ManagedChannelOrphanWrapper.java:53)
	at org.apache.ratis.thirdparty.io.grpc.internal.ManagedChannelOrphanWrapper.<init>(ManagedChannelOrphanWrapper.java:44)
	at org.apache.ratis.thirdparty.io.grpc.internal.ManagedChannelImplBuilder.build(ManagedChannelImplBuilder.java:596)
	at org.apache.ratis.thirdparty.io.grpc.ForwardingChannelBuilder.build(ForwardingChannelBuilder.java:255)
	at org.apache.ratis.grpc.client.GrpcClientProtocolClient.buildChannel(GrpcClientProtocolClient.java:159)
	at org.apache.ratis.grpc.client.GrpcClientProtocolClient.<init>(GrpcClientProtocolClient.java:110)
	at org.apache.ratis.grpc.client.GrpcClientRpc.lambda$new$0(GrpcClientRpc.java:57)
	at org.apache.ratis.util.PeerProxyMap$PeerAndProxy.lambda$getProxy$0(PeerProxyMap.java:63)
	at org.apache.ratis.util.LifeCycle.startAndTransition(LifeCycle.java:270)
	at org.apache.ratis.util.PeerProxyMap$PeerAndProxy.getProxy(PeerProxyMap.java:62)
	at org.apache.ratis.util.PeerProxyMap.getProxy(PeerProxyMap.java:114)
	at org.apache.ratis.grpc.client.GrpcClientRpc.sendRequestAsync(GrpcClientRpc.java:67)
	at org.apache.ratis.client.impl.OrderedAsync.sendRequest(OrderedAsync.java:235)
	at org.apache.ratis.client.impl.OrderedAsync.sendRequestWithRetry(OrderedAsync.java:189)
	at org.apache.ratis.util.SlidingWindow$Client.sendOrDelayRequest(SlidingWindow.java:278)
	at org.apache.ratis.util.SlidingWindow$Client.submitNewRequest(SlidingWindow.java:257)
	at org.apache.ratis.client.impl.OrderedAsync.send(OrderedAsync.java:170)
	at org.apache.ratis.client.impl.OrderedAsync.newInstance(OrderedAsync.java:118)
	at org.apache.ratis.client.impl.RaftClientImpl.lambda$new$0(RaftClientImpl.java:148)
	at org.apache.ratis.util.MemoizedSupplier.get(MemoizedSupplier.java:62)
	at org.apache.ratis.client.impl.RaftClientImpl.getOrderedAsync(RaftClientImpl.java:201)
	at org.apache.ratis.client.impl.AsyncImpl.send(AsyncImpl.java:41)
	at org.apache.ratis.client.impl.AsyncImpl.send(AsyncImpl.java:46)
	at org.apache.hadoop.hdds.scm.XceiverClientRatis.lambda$sendRequestAsync$3(XceiverClientRatis.java:225)
	at org.apache.hadoop.hdds.tracing.TracingUtil.executeInNewSpan(TracingUtil.java:159)
	at org.apache.hadoop.hdds.scm.XceiverClientRatis.sendRequestAsync(XceiverClientRatis.java:210)
	at org.apache.hadoop.hdds.scm.XceiverClientRatis.sendCommandAsync(XceiverClientRatis.java:306)
	at org.apache.hadoop.hdds.scm.storage.ContainerProtocolCalls.writeChunkAsync(ContainerProtocolCalls.java:304)
	at org.apache.hadoop.hdds.scm.storage.BlockOutputStream.writeChunkToContainer(BlockOutputStream.java:664)
	at org.apache.hadoop.hdds.scm.storage.BlockOutputStream.writeChunk(BlockOutputStream.java:506)
	at org.apache.hadoop.hdds.scm.storage.BlockOutputStream.writeChunkIfNeeded(BlockOutputStream.java:237)
	at org.apache.hadoop.hdds.scm.storage.BlockOutputStream.write(BlockOutputStream.java:260)
	at org.apache.hadoop.ozone.client.io.BlockOutputStreamEntry.write(BlockOutputStreamEntry.java:115)
	at org.apache.hadoop.ozone.client.io.KeyOutputStream.writeToOutputStream(KeyOutputStream.java:256)
	at org.apache.hadoop.ozone.client.io.KeyOutputStream.handleWrite(KeyOutputStream.java:234)
	at org.apache.hadoop.ozone.client.io.KeyOutputStream.write(KeyOutputStream.java:214)
	at org.apache.hadoop.ozone.client.io.OzoneOutputStream.write(OzoneOutputStream.java:50)
	at java.io.OutputStream.write(OutputStream.java:75)
	at org.apache.hadoop.ozone.client.rpc.TestBlockOutputStreamWithFailuresFlushDelay.testWatchForCommitWithSingleNodeRatis(TestBlockOutputStreamWithFailuresFlushDelay.java:590)
	at sun.reflect.NativeMethodAccessorImpl.invoke0(Native Method)
	at sun.reflect.NativeMethodAccessorImpl.invoke(NativeMethodAccessorImpl.java:62)
	at sun.reflect.DelegatingMethodAccessorImpl.invoke(DelegatingMethodAccessorImpl.java:43)
	at java.lang.reflect.Method.invoke(Method.java:498)
	at org.junit.runners.model.FrameworkMethod$1.runReflectiveCall(FrameworkMethod.java:59)
	at org.junit.internal.runners.model.ReflectiveCallable.run(ReflectiveCallable.java:12)
	at org.junit.runners.model.FrameworkMethod.invokeExplosively(FrameworkMethod.java:56)
	at org.junit.internal.runners.statements.InvokeMethod.evaluate(InvokeMethod.java:17)
	at org.junit.internal.runners.statements.RunBefores.evaluate(RunBefores.java:26)
	at org.junit.internal.runners.statements.RunAfters.evaluate(RunAfters.java:27)
	at org.junit.internal.runners.statements.FailOnTimeout$CallableStatement.call(FailOnTimeout.java:288)
	at org.junit.internal.runners.statements.FailOnTimeout$CallableStatement.call(FailOnTimeout.java:282)
	at java.util.concurrent.FutureTask.run(FutureTask.java:266)
	at java.lang.Thread.run(Thread.java:748)

Mar 01, 2021 6:12:00 PM org.apache.ratis.thirdparty.io.grpc.internal.ManagedChannelOrphanWrapper$ManagedChannelReference cleanQueue
SEVERE: *~*~*~ Channel ManagedChannelImpl{logId=1431, target=172.17.0.2:33745} was not shutdown properly!!! ~*~*~*
    Make sure to call shutdown()/shutdownNow() and wait until awaitTermination() returns true.
java.lang.RuntimeException: ManagedChannel allocation site
	at org.apache.ratis.thirdparty.io.grpc.internal.ManagedChannelOrphanWrapper$ManagedChannelReference.<init>(ManagedChannelOrphanWrapper.java:93)
	at org.apache.ratis.thirdparty.io.grpc.internal.ManagedChannelOrphanWrapper.<init>(ManagedChannelOrphanWrapper.java:53)
	at org.apache.ratis.thirdparty.io.grpc.internal.ManagedChannelOrphanWrapper.<init>(ManagedChannelOrphanWrapper.java:44)
	at org.apache.ratis.thirdparty.io.grpc.internal.ManagedChannelImplBuilder.build(ManagedChannelImplBuilder.java:596)
	at org.apache.ratis.thirdparty.io.grpc.ForwardingChannelBuilder.build(ForwardingChannelBuilder.java:255)
	at org.apache.ratis.grpc.client.GrpcClientProtocolClient.buildChannel(GrpcClientProtocolClient.java:159)
	at org.apache.ratis.grpc.client.GrpcClientProtocolClient.<init>(GrpcClientProtocolClient.java:110)
	at org.apache.ratis.grpc.client.GrpcClientRpc.lambda$new$0(GrpcClientRpc.java:57)
	at org.apache.ratis.util.PeerProxyMap$PeerAndProxy.lambda$getProxy$0(PeerProxyMap.java:63)
	at org.apache.ratis.util.LifeCycle.startAndTransition(LifeCycle.java:270)
	at org.apache.ratis.util.PeerProxyMap$PeerAndProxy.getProxy(PeerProxyMap.java:62)
	at org.apache.ratis.util.PeerProxyMap.getProxy(PeerProxyMap.java:114)
	at org.apache.ratis.grpc.client.GrpcClientRpc.sendRequestAsync(GrpcClientRpc.java:67)
	at org.apache.ratis.client.impl.OrderedAsync.sendRequest(OrderedAsync.java:235)
	at org.apache.ratis.client.impl.OrderedAsync.sendRequestWithRetry(OrderedAsync.java:189)
	at org.apache.ratis.util.SlidingWindow$Client.sendOrDelayRequest(SlidingWindow.java:278)
	at org.apache.ratis.util.SlidingWindow$Client.submitNewRequest(SlidingWindow.java:257)
	at org.apache.ratis.client.impl.OrderedAsync.send(OrderedAsync.java:170)
	at org.apache.ratis.client.impl.OrderedAsync.newInstance(OrderedAsync.java:118)
	at org.apache.ratis.client.impl.RaftClientImpl.lambda$new$0(RaftClientImpl.java:148)
	at org.apache.ratis.util.MemoizedSupplier.get(MemoizedSupplier.java:62)
	at org.apache.ratis.client.impl.RaftClientImpl.getOrderedAsync(RaftClientImpl.java:201)
	at org.apache.ratis.client.impl.AsyncImpl.send(AsyncImpl.java:41)
	at org.apache.ratis.client.impl.AsyncImpl.send(AsyncImpl.java:46)
	at org.apache.hadoop.hdds.scm.XceiverClientRatis.lambda$sendRequestAsync$3(XceiverClientRatis.java:225)
	at org.apache.hadoop.hdds.tracing.TracingUtil.executeInNewSpan(TracingUtil.java:159)
	at org.apache.hadoop.hdds.scm.XceiverClientRatis.sendRequestAsync(XceiverClientRatis.java:210)
	at org.apache.hadoop.hdds.scm.XceiverClientRatis.sendCommandAsync(XceiverClientRatis.java:306)
	at org.apache.hadoop.hdds.scm.storage.ContainerProtocolCalls.writeChunkAsync(ContainerProtocolCalls.java:304)
	at org.apache.hadoop.hdds.scm.storage.BlockOutputStream.writeChunkToContainer(BlockOutputStream.java:664)
	at org.apache.hadoop.hdds.scm.storage.BlockOutputStream.writeChunk(BlockOutputStream.java:506)
	at org.apache.hadoop.hdds.scm.storage.BlockOutputStream.writeOnRetry(BlockOutputStream.java:317)
	at org.apache.hadoop.ozone.client.io.BlockOutputStreamEntry.writeOnRetry(BlockOutputStreamEntry.java:186)
	at org.apache.hadoop.ozone.client.io.KeyOutputStream.writeToOutputStream(KeyOutputStream.java:254)
	at org.apache.hadoop.ozone.client.io.KeyOutputStream.handleWrite(KeyOutputStream.java:234)
	at org.apache.hadoop.ozone.client.io.KeyOutputStream.handleRetry(KeyOutputStream.java:417)
	at org.apache.hadoop.ozone.client.io.KeyOutputStream.handleException(KeyOutputStream.java:362)
	at org.apache.hadoop.ozone.client.io.KeyOutputStream.handleFlushOrClose(KeyOutputStream.java:473)
	at org.apache.hadoop.ozone.client.io.KeyOutputStream.handleWrite(KeyOutputStream.java:238)
	at org.apache.hadoop.ozone.client.io.KeyOutputStream.write(KeyOutputStream.java:214)
	at org.apache.hadoop.ozone.client.io.OzoneOutputStream.write(OzoneOutputStream.java:50)
	at java.io.OutputStream.write(OutputStream.java:75)
	at org.apache.hadoop.ozone.client.rpc.TestBlockOutputStreamWithFailuresFlushDelay.testWatchForCommitWithSingleNodeRatis(TestBlockOutputStreamWithFailuresFlushDelay.java:644)
	at sun.reflect.NativeMethodAccessorImpl.invoke0(Native Method)
	at sun.reflect.NativeMethodAccessorImpl.invoke(NativeMethodAccessorImpl.java:62)
	at sun.reflect.DelegatingMethodAccessorImpl.invoke(DelegatingMethodAccessorImpl.java:43)
	at java.lang.reflect.Method.invoke(Method.java:498)
	at org.junit.runners.model.FrameworkMethod$1.runReflectiveCall(FrameworkMethod.java:59)
	at org.junit.internal.runners.model.ReflectiveCallable.run(ReflectiveCallable.java:12)
	at org.junit.runners.model.FrameworkMethod.invokeExplosively(FrameworkMethod.java:56)
	at org.junit.internal.runners.statements.InvokeMethod.evaluate(InvokeMethod.java:17)
	at org.junit.internal.runners.statements.RunBefores.evaluate(RunBefores.java:26)
	at org.junit.internal.runners.statements.RunAfters.evaluate(RunAfters.java:27)
	at org.junit.internal.runners.statements.FailOnTimeout$CallableStatement.call(FailOnTimeout.java:288)
	at org.junit.internal.runners.statements.FailOnTimeout$CallableStatement.call(FailOnTimeout.java:282)
	at java.util.concurrent.FutureTask.run(FutureTask.java:266)
	at java.lang.Thread.run(Thread.java:748)

Mar 01, 2021 6:12:00 PM org.apache.ratis.thirdparty.io.grpc.internal.ManagedChannelOrphanWrapper$ManagedChannelReference cleanQueue
SEVERE: *~*~*~ Channel ManagedChannelImpl{logId=2046, target=172.17.0.2:35791} was not shutdown properly!!! ~*~*~*
    Make sure to call shutdown()/shutdownNow() and wait until awaitTermination() returns true.
java.lang.RuntimeException: ManagedChannel allocation site
	at org.apache.ratis.thirdparty.io.grpc.internal.ManagedChannelOrphanWrapper$ManagedChannelReference.<init>(ManagedChannelOrphanWrapper.java:93)
	at org.apache.ratis.thirdparty.io.grpc.internal.ManagedChannelOrphanWrapper.<init>(ManagedChannelOrphanWrapper.java:53)
	at org.apache.ratis.thirdparty.io.grpc.internal.ManagedChannelOrphanWrapper.<init>(ManagedChannelOrphanWrapper.java:44)
	at org.apache.ratis.thirdparty.io.grpc.internal.ManagedChannelImplBuilder.build(ManagedChannelImplBuilder.java:596)
	at org.apache.ratis.thirdparty.io.grpc.ForwardingChannelBuilder.build(ForwardingChannelBuilder.java:255)
	at org.apache.ratis.grpc.client.GrpcClientProtocolClient.buildChannel(GrpcClientProtocolClient.java:159)
	at org.apache.ratis.grpc.client.GrpcClientProtocolClient.<init>(GrpcClientProtocolClient.java:110)
	at org.apache.ratis.grpc.client.GrpcClientRpc.lambda$new$0(GrpcClientRpc.java:57)
	at org.apache.ratis.util.PeerProxyMap$PeerAndProxy.lambda$getProxy$0(PeerProxyMap.java:63)
	at org.apache.ratis.util.LifeCycle.startAndTransition(LifeCycle.java:270)
	at org.apache.ratis.util.PeerProxyMap$PeerAndProxy.getProxy(PeerProxyMap.java:62)
	at org.apache.ratis.util.PeerProxyMap.getProxy(PeerProxyMap.java:114)
	at org.apache.ratis.grpc.client.GrpcClientRpc.sendRequestAsync(GrpcClientRpc.java:67)
	at org.apache.ratis.client.impl.OrderedAsync.sendRequest(OrderedAsync.java:235)
	at org.apache.ratis.client.impl.OrderedAsync.sendRequestWithRetry(OrderedAsync.java:189)
	at org.apache.ratis.util.SlidingWindow$Client.sendOrDelayRequest(SlidingWindow.java:278)
	at org.apache.ratis.util.SlidingWindow$Client.submitNewRequest(SlidingWindow.java:257)
	at org.apache.ratis.client.impl.OrderedAsync.send(OrderedAsync.java:170)
	at org.apache.ratis.client.impl.OrderedAsync.newInstance(OrderedAsync.java:118)
	at org.apache.ratis.client.impl.RaftClientImpl.lambda$new$0(RaftClientImpl.java:148)
	at org.apache.ratis.util.MemoizedSupplier.get(MemoizedSupplier.java:62)
	at org.apache.ratis.client.impl.RaftClientImpl.getOrderedAsync(RaftClientImpl.java:201)
	at org.apache.ratis.client.impl.AsyncImpl.send(AsyncImpl.java:41)
	at org.apache.ratis.client.impl.AsyncImpl.send(AsyncImpl.java:46)
	at org.apache.hadoop.hdds.scm.XceiverClientRatis.lambda$sendRequestAsync$3(XceiverClientRatis.java:225)
	at org.apache.hadoop.hdds.tracing.TracingUtil.executeInNewSpan(TracingUtil.java:159)
	at org.apache.hadoop.hdds.scm.XceiverClientRatis.sendRequestAsync(XceiverClientRatis.java:210)
	at org.apache.hadoop.hdds.scm.XceiverClientRatis.sendCommandAsync(XceiverClientRatis.java:306)
	at org.apache.hadoop.hdds.scm.storage.ContainerProtocolCalls.writeChunkAsync(ContainerProtocolCalls.java:304)
	at org.apache.hadoop.hdds.scm.storage.BlockOutputStream.writeChunkToContainer(BlockOutputStream.java:664)
	at org.apache.hadoop.hdds.scm.storage.BlockOutputStream.writeChunk(BlockOutputStream.java:506)
	at org.apache.hadoop.hdds.scm.storage.BlockOutputStream.writeChunkIfNeeded(BlockOutputStream.java:237)
	at org.apache.hadoop.hdds.scm.storage.BlockOutputStream.write(BlockOutputStream.java:260)
	at org.apache.hadoop.ozone.client.io.BlockOutputStreamEntry.write(BlockOutputStreamEntry.java:115)
	at org.apache.hadoop.ozone.client.io.KeyOutputStream.writeToOutputStream(KeyOutputStream.java:256)
	at org.apache.hadoop.ozone.client.io.KeyOutputStream.handleWrite(KeyOutputStream.java:234)
	at org.apache.hadoop.ozone.client.io.KeyOutputStream.write(KeyOutputStream.java:214)
	at org.apache.hadoop.ozone.client.io.OzoneOutputStream.write(OzoneOutputStream.java:50)
	at java.io.OutputStream.write(OutputStream.java:75)
	at org.apache.hadoop.ozone.client.rpc.TestBlockOutputStreamWithFailuresFlushDelay.testFailureWithPrimeSizedData(TestBlockOutputStreamWithFailuresFlushDelay.java:454)
	at sun.reflect.NativeMethodAccessorImpl.invoke0(Native Method)
	at sun.reflect.NativeMethodAccessorImpl.invoke(NativeMethodAccessorImpl.java:62)
	at sun.reflect.DelegatingMethodAccessorImpl.invoke(DelegatingMethodAccessorImpl.java:43)
	at java.lang.reflect.Method.invoke(Method.java:498)
	at org.junit.runners.model.FrameworkMethod$1.runReflectiveCall(FrameworkMethod.java:59)
	at org.junit.internal.runners.model.ReflectiveCallable.run(ReflectiveCallable.java:12)
	at org.junit.runners.model.FrameworkMethod.invokeExplosively(FrameworkMethod.java:56)
	at org.junit.internal.runners.statements.InvokeMethod.evaluate(InvokeMethod.java:17)
	at org.junit.internal.runners.statements.RunBefores.evaluate(RunBefores.java:26)
	at org.junit.internal.runners.statements.RunAfters.evaluate(RunAfters.java:27)
	at org.junit.internal.runners.statements.FailOnTimeout$CallableStatement.call(FailOnTimeout.java:288)
	at org.junit.internal.runners.statements.FailOnTimeout$CallableStatement.call(FailOnTimeout.java:282)
	at java.util.concurrent.FutureTask.run(FutureTask.java:266)
	at java.lang.Thread.run(Thread.java:748)

Mar 01, 2021 6:12:00 PM org.apache.ratis.thirdparty.io.grpc.internal.ManagedChannelOrphanWrapper$ManagedChannelReference cleanQueue
SEVERE: *~*~*~ Channel ManagedChannelImpl{logId=1771, target=172.17.0.2:33281} was not shutdown properly!!! ~*~*~*
    Make sure to call shutdown()/shutdownNow() and wait until awaitTermination() returns true.
java.lang.RuntimeException: ManagedChannel allocation site
	at org.apache.ratis.thirdparty.io.grpc.internal.ManagedChannelOrphanWrapper$ManagedChannelReference.<init>(ManagedChannelOrphanWrapper.java:93)
	at org.apache.ratis.thirdparty.io.grpc.internal.ManagedChannelOrphanWrapper.<init>(ManagedChannelOrphanWrapper.java:53)
	at org.apache.ratis.thirdparty.io.grpc.internal.ManagedChannelOrphanWrapper.<init>(ManagedChannelOrphanWrapper.java:44)
	at org.apache.ratis.thirdparty.io.grpc.internal.ManagedChannelImplBuilder.build(ManagedChannelImplBuilder.java:596)
	at org.apache.ratis.thirdparty.io.grpc.ForwardingChannelBuilder.build(ForwardingChannelBuilder.java:255)
	at org.apache.hadoop.hdds.scm.XceiverClientGrpc.connectToDatanode(XceiverClientGrpc.java:193)
	at org.apache.hadoop.hdds.scm.XceiverClientGrpc.connect(XceiverClientGrpc.java:142)
	at org.apache.hadoop.hdds.scm.XceiverClientManager$2.call(XceiverClientManager.java:244)
	at org.apache.hadoop.hdds.scm.XceiverClientManager$2.call(XceiverClientManager.java:228)
	at com.google.common.cache.LocalCache$LocalManualCache$1.load(LocalCache.java:4876)
	at com.google.common.cache.LocalCache$LoadingValueReference.loadFuture(LocalCache.java:3529)
	at com.google.common.cache.LocalCache$Segment.loadSync(LocalCache.java:2278)
	at com.google.common.cache.LocalCache$Segment.lockedGetOrLoad(LocalCache.java:2155)
	at com.google.common.cache.LocalCache$Segment.get(LocalCache.java:2045)
	at com.google.common.cache.LocalCache.get(LocalCache.java:3951)
	at com.google.common.cache.LocalCache$LocalManualCache.get(LocalCache.java:4871)
	at org.apache.hadoop.hdds.scm.XceiverClientManager.getClient(XceiverClientManager.java:228)
	at org.apache.hadoop.hdds.scm.XceiverClientManager.acquireClient(XceiverClientManager.java:172)
	at org.apache.hadoop.hdds.scm.XceiverClientManager.acquireClientForReadData(XceiverClientManager.java:161)
	at org.apache.hadoop.hdds.scm.storage.BlockInputStream.acquireClient(BlockInputStream.java:227)
	at org.apache.hadoop.hdds.scm.storage.BlockInputStream.getChunkInfos(BlockInputStream.java:201)
	at org.apache.hadoop.hdds.scm.storage.BlockInputStream.initialize(BlockInputStream.java:142)
	at org.apache.hadoop.hdds.scm.storage.BlockInputStream.read(BlockInputStream.java:276)
	at org.apache.hadoop.ozone.client.io.KeyInputStream.read(KeyInputStream.java:242)
	at org.apache.hadoop.ozone.client.io.OzoneInputStream.read(OzoneInputStream.java:52)
	at java.io.InputStream.read(InputStream.java:101)
	at org.apache.hadoop.ozone.container.TestHelper.validateData(TestHelper.java:146)
	at org.apache.hadoop.ozone.client.rpc.TestBlockOutputStreamWithFailuresFlushDelay.validateData(TestBlockOutputStreamWithFailuresFlushDelay.java:871)
	at org.apache.hadoop.ozone.client.rpc.TestBlockOutputStreamWithFailuresFlushDelay.testWatchForCommitDatanodeFailure(TestBlockOutputStreamWithFailuresFlushDelay.java:337)
	at sun.reflect.NativeMethodAccessorImpl.invoke0(Native Method)
	at sun.reflect.NativeMethodAccessorImpl.invoke(NativeMethodAccessorImpl.java:62)
	at sun.reflect.DelegatingMethodAccessorImpl.invoke(DelegatingMethodAccessorImpl.java:43)
	at java.lang.reflect.Method.invoke(Method.java:498)
	at org.junit.runners.model.FrameworkMethod$1.runReflectiveCall(FrameworkMethod.java:59)
	at org.junit.internal.runners.model.ReflectiveCallable.run(ReflectiveCallable.java:12)
	at org.junit.runners.model.FrameworkMethod.invokeExplosively(FrameworkMethod.java:56)
	at org.junit.internal.runners.statements.InvokeMethod.evaluate(InvokeMethod.java:17)
	at org.junit.internal.runners.statements.RunBefores.evaluate(RunBefores.java:26)
	at org.junit.internal.runners.statements.RunAfters.evaluate(RunAfters.java:27)
	at org.junit.internal.runners.statements.FailOnTimeout$CallableStatement.call(FailOnTimeout.java:288)
	at org.junit.internal.runners.statements.FailOnTimeout$CallableStatement.call(FailOnTimeout.java:282)
	at java.util.concurrent.FutureTask.run(FutureTask.java:266)
	at java.lang.Thread.run(Thread.java:748)

Mar 01, 2021 6:12:00 PM org.apache.ratis.thirdparty.io.grpc.internal.ManagedChannelOrphanWrapper$ManagedChannelReference cleanQueue
SEVERE: *~*~*~ Channel ManagedChannelImpl{logId=1762, target=172.17.0.2:41131} was not shutdown properly!!! ~*~*~*
    Make sure to call shutdown()/shutdownNow() and wait until awaitTermination() returns true.
java.lang.RuntimeException: ManagedChannel allocation site
	at org.apache.ratis.thirdparty.io.grpc.internal.ManagedChannelOrphanWrapper$ManagedChannelReference.<init>(ManagedChannelOrphanWrapper.java:93)
	at org.apache.ratis.thirdparty.io.grpc.internal.ManagedChannelOrphanWrapper.<init>(ManagedChannelOrphanWrapper.java:53)
	at org.apache.ratis.thirdparty.io.grpc.internal.ManagedChannelOrphanWrapper.<init>(ManagedChannelOrphanWrapper.java:44)
	at org.apache.ratis.thirdparty.io.grpc.internal.ManagedChannelImplBuilder.build(ManagedChannelImplBuilder.java:596)
	at org.apache.ratis.thirdparty.io.grpc.ForwardingChannelBuilder.build(ForwardingChannelBuilder.java:255)
	at org.apache.hadoop.hdds.scm.XceiverClientGrpc.connectToDatanode(XceiverClientGrpc.java:193)
	at org.apache.hadoop.hdds.scm.XceiverClientGrpc.reconnect(XceiverClientGrpc.java:543)
	at org.apache.hadoop.hdds.scm.XceiverClientGrpc.checkOpen(XceiverClientGrpc.java:534)
	at org.apache.hadoop.hdds.scm.XceiverClientGrpc.sendCommandAsync(XceiverClientGrpc.java:462)
	at org.apache.hadoop.hdds.scm.XceiverClientGrpc.sendCommandWithRetry(XceiverClientGrpc.java:371)
	at org.apache.hadoop.hdds.scm.XceiverClientGrpc.lambda$sendCommandWithTraceIDAndRetry$0(XceiverClientGrpc.java:311)
	at org.apache.hadoop.hdds.tracing.TracingUtil.executeInSpan(TracingUtil.java:174)
	at org.apache.hadoop.hdds.tracing.TracingUtil.executeInNewSpan(TracingUtil.java:148)
	at org.apache.hadoop.hdds.scm.XceiverClientGrpc.sendCommandWithTraceIDAndRetry(XceiverClientGrpc.java:305)
	at org.apache.hadoop.hdds.scm.XceiverClientGrpc.sendCommand(XceiverClientGrpc.java:286)
	at org.apache.hadoop.hdds.scm.storage.ContainerProtocolCalls.getBlock(ContainerProtocolCalls.java:106)
	at org.apache.hadoop.hdds.scm.storage.BlockInputStream.getChunkInfos(BlockInputStream.java:213)
	at org.apache.hadoop.hdds.scm.storage.BlockInputStream.initialize(BlockInputStream.java:142)
	at org.apache.hadoop.hdds.scm.storage.BlockInputStream.read(BlockInputStream.java:276)
	at org.apache.hadoop.ozone.client.io.KeyInputStream.read(KeyInputStream.java:242)
	at org.apache.hadoop.ozone.client.io.OzoneInputStream.read(OzoneInputStream.java:52)
	at java.io.InputStream.read(InputStream.java:101)
	at org.apache.hadoop.ozone.container.TestHelper.validateData(TestHelper.java:146)
	at org.apache.hadoop.ozone.client.rpc.TestBlockOutputStreamWithFailuresFlushDelay.validateData(TestBlockOutputStreamWithFailuresFlushDelay.java:871)
	at org.apache.hadoop.ozone.client.rpc.TestBlockOutputStreamWithFailuresFlushDelay.testWatchForCommitDatanodeFailure(TestBlockOutputStreamWithFailuresFlushDelay.java:337)
	at sun.reflect.NativeMethodAccessorImpl.invoke0(Native Method)
	at sun.reflect.NativeMethodAccessorImpl.invoke(NativeMethodAccessorImpl.java:62)
	at sun.reflect.DelegatingMethodAccessorImpl.invoke(DelegatingMethodAccessorImpl.java:43)
	at java.lang.reflect.Method.invoke(Method.java:498)
	at org.junit.runners.model.FrameworkMethod$1.runReflectiveCall(FrameworkMethod.java:59)
	at org.junit.internal.runners.model.ReflectiveCallable.run(ReflectiveCallable.java:12)
	at org.junit.runners.model.FrameworkMethod.invokeExplosively(FrameworkMethod.java:56)
	at org.junit.internal.runners.statements.InvokeMethod.evaluate(InvokeMethod.java:17)
	at org.junit.internal.runners.statements.RunBefores.evaluate(RunBefores.java:26)
	at org.junit.internal.runners.statements.RunAfters.evaluate(RunAfters.java:27)
	at org.junit.internal.runners.statements.FailOnTimeout$CallableStatement.call(FailOnTimeout.java:288)
	at org.junit.internal.runners.statements.FailOnTimeout$CallableStatement.call(FailOnTimeout.java:282)
	at java.util.concurrent.FutureTask.run(FutureTask.java:266)
	at java.lang.Thread.run(Thread.java:748)

Mar 01, 2021 6:12:00 PM org.apache.ratis.thirdparty.io.grpc.internal.ManagedChannelOrphanWrapper$ManagedChannelReference cleanQueue
SEVERE: *~*~*~ Channel ManagedChannelImpl{logId=2058, target=172.17.0.2:44975} was not shutdown properly!!! ~*~*~*
    Make sure to call shutdown()/shutdownNow() and wait until awaitTermination() returns true.
java.lang.RuntimeException: ManagedChannel allocation site
	at org.apache.ratis.thirdparty.io.grpc.internal.ManagedChannelOrphanWrapper$ManagedChannelReference.<init>(ManagedChannelOrphanWrapper.java:93)
	at org.apache.ratis.thirdparty.io.grpc.internal.ManagedChannelOrphanWrapper.<init>(ManagedChannelOrphanWrapper.java:53)
	at org.apache.ratis.thirdparty.io.grpc.internal.ManagedChannelOrphanWrapper.<init>(ManagedChannelOrphanWrapper.java:44)
	at org.apache.ratis.thirdparty.io.grpc.internal.ManagedChannelImplBuilder.build(ManagedChannelImplBuilder.java:596)
	at org.apache.ratis.thirdparty.io.grpc.ForwardingChannelBuilder.build(ForwardingChannelBuilder.java:255)
	at org.apache.hadoop.hdds.scm.XceiverClientGrpc.connectToDatanode(XceiverClientGrpc.java:193)
	at org.apache.hadoop.hdds.scm.XceiverClientGrpc.connect(XceiverClientGrpc.java:142)
	at org.apache.hadoop.hdds.scm.XceiverClientManager$2.call(XceiverClientManager.java:244)
	at org.apache.hadoop.hdds.scm.XceiverClientManager$2.call(XceiverClientManager.java:228)
	at com.google.common.cache.LocalCache$LocalManualCache$1.load(LocalCache.java:4876)
	at com.google.common.cache.LocalCache$LoadingValueReference.loadFuture(LocalCache.java:3529)
	at com.google.common.cache.LocalCache$Segment.loadSync(LocalCache.java:2278)
	at com.google.common.cache.LocalCache$Segment.lockedGetOrLoad(LocalCache.java:2155)
	at com.google.common.cache.LocalCache$Segment.get(LocalCache.java:2045)
	at com.google.common.cache.LocalCache.get(LocalCache.java:3951)
	at com.google.common.cache.LocalCache$LocalManualCache.get(LocalCache.java:4871)
	at org.apache.hadoop.hdds.scm.XceiverClientManager.getClient(XceiverClientManager.java:228)
	at org.apache.hadoop.hdds.scm.XceiverClientManager.acquireClient(XceiverClientManager.java:172)
	at org.apache.hadoop.hdds.scm.XceiverClientManager.acquireClientForReadData(XceiverClientManager.java:161)
	at org.apache.hadoop.hdds.scm.storage.BlockInputStream.acquireClient(BlockInputStream.java:227)
	at org.apache.hadoop.hdds.scm.storage.BlockInputStream.getChunkInfos(BlockInputStream.java:201)
	at org.apache.hadoop.hdds.scm.storage.BlockInputStream.initialize(BlockInputStream.java:142)
	at org.apache.hadoop.hdds.scm.storage.BlockInputStream.read(BlockInputStream.java:276)
	at org.apache.hadoop.ozone.client.io.KeyInputStream.read(KeyInputStream.java:242)
	at org.apache.hadoop.ozone.client.io.OzoneInputStream.read(OzoneInputStream.java:52)
	at java.io.InputStream.read(InputStream.java:101)
	at org.apache.hadoop.ozone.container.TestHelper.validateData(TestHelper.java:146)
	at org.apache.hadoop.ozone.client.rpc.TestBlockOutputStreamWithFailuresFlushDelay.validateData(TestBlockOutputStreamWithFailuresFlushDelay.java:871)
	at org.apache.hadoop.ozone.client.rpc.TestBlockOutputStreamWithFailuresFlushDelay.testFailureWithPrimeSizedData(TestBlockOutputStreamWithFailuresFlushDelay.java:506)
	at sun.reflect.NativeMethodAccessorImpl.invoke0(Native Method)
	at sun.reflect.NativeMethodAccessorImpl.invoke(NativeMethodAccessorImpl.java:62)
	at sun.reflect.DelegatingMethodAccessorImpl.invoke(DelegatingMethodAccessorImpl.java:43)
	at java.lang.reflect.Method.invoke(Method.java:498)
	at org.junit.runners.model.FrameworkMethod$1.runReflectiveCall(FrameworkMethod.java:59)
	at org.junit.internal.runners.model.ReflectiveCallable.run(ReflectiveCallable.java:12)
	at org.junit.runners.model.FrameworkMethod.invokeExplosively(FrameworkMethod.java:56)
	at org.junit.internal.runners.statements.InvokeMethod.evaluate(InvokeMethod.java:17)
	at org.junit.internal.runners.statements.RunBefores.evaluate(RunBefores.java:26)
	at org.junit.internal.runners.statements.RunAfters.evaluate(RunAfters.java:27)
	at org.junit.internal.runners.statements.FailOnTimeout$CallableStatement.call(FailOnTimeout.java:288)
	at org.junit.internal.runners.statements.FailOnTimeout$CallableStatement.call(FailOnTimeout.java:282)
	at java.util.concurrent.FutureTask.run(FutureTask.java:266)
	at java.lang.Thread.run(Thread.java:748)

Mar 01, 2021 6:12:00 PM org.apache.ratis.thirdparty.io.grpc.internal.ManagedChannelOrphanWrapper$ManagedChannelReference cleanQueue
SEVERE: *~*~*~ Channel ManagedChannelImpl{logId=1441, target=172.17.0.2:33097} was not shutdown properly!!! ~*~*~*
    Make sure to call shutdown()/shutdownNow() and wait until awaitTermination() returns true.
java.lang.RuntimeException: ManagedChannel allocation site
	at org.apache.ratis.thirdparty.io.grpc.internal.ManagedChannelOrphanWrapper$ManagedChannelReference.<init>(ManagedChannelOrphanWrapper.java:93)
	at org.apache.ratis.thirdparty.io.grpc.internal.ManagedChannelOrphanWrapper.<init>(ManagedChannelOrphanWrapper.java:53)
	at org.apache.ratis.thirdparty.io.grpc.internal.ManagedChannelOrphanWrapper.<init>(ManagedChannelOrphanWrapper.java:44)
	at org.apache.ratis.thirdparty.io.grpc.internal.ManagedChannelImplBuilder.build(ManagedChannelImplBuilder.java:596)
	at org.apache.ratis.thirdparty.io.grpc.ForwardingChannelBuilder.build(ForwardingChannelBuilder.java:255)
	at org.apache.hadoop.hdds.scm.XceiverClientGrpc.connectToDatanode(XceiverClientGrpc.java:193)
	at org.apache.hadoop.hdds.scm.XceiverClientGrpc.connect(XceiverClientGrpc.java:142)
	at org.apache.hadoop.hdds.scm.XceiverClientManager$2.call(XceiverClientManager.java:244)
	at org.apache.hadoop.hdds.scm.XceiverClientManager$2.call(XceiverClientManager.java:228)
	at com.google.common.cache.LocalCache$LocalManualCache$1.load(LocalCache.java:4876)
	at com.google.common.cache.LocalCache$LoadingValueReference.loadFuture(LocalCache.java:3529)
	at com.google.common.cache.LocalCache$Segment.loadSync(LocalCache.java:2278)
	at com.google.common.cache.LocalCache$Segment.lockedGetOrLoad(LocalCache.java:2155)
	at com.google.common.cache.LocalCache$Segment.get(LocalCache.java:2045)
	at com.google.common.cache.LocalCache.get(LocalCache.java:3951)
	at com.google.common.cache.LocalCache$LocalManualCache.get(LocalCache.java:4871)
	at org.apache.hadoop.hdds.scm.XceiverClientManager.getClient(XceiverClientManager.java:228)
	at org.apache.hadoop.hdds.scm.XceiverClientManager.acquireClient(XceiverClientManager.java:172)
	at org.apache.hadoop.hdds.scm.XceiverClientManager.acquireClientForReadData(XceiverClientManager.java:161)
	at org.apache.hadoop.hdds.scm.storage.BlockInputStream.acquireClient(BlockInputStream.java:227)
	at org.apache.hadoop.hdds.scm.storage.BlockInputStream.getChunkInfos(BlockInputStream.java:201)
	at org.apache.hadoop.hdds.scm.storage.BlockInputStream.initialize(BlockInputStream.java:142)
	at org.apache.hadoop.hdds.scm.storage.BlockInputStream.read(BlockInputStream.java:276)
	at org.apache.hadoop.ozone.client.io.KeyInputStream.read(KeyInputStream.java:242)
	at org.apache.hadoop.ozone.client.io.OzoneInputStream.read(OzoneInputStream.java:52)
	at java.io.InputStream.read(InputStream.java:101)
	at org.apache.hadoop.ozone.container.TestHelper.validateData(TestHelper.java:146)
	at org.apache.hadoop.ozone.client.rpc.TestBlockOutputStreamWithFailuresFlushDelay.validateData(TestBlockOutputStreamWithFailuresFlushDelay.java:871)
	at org.apache.hadoop.ozone.client.rpc.TestBlockOutputStreamWithFailuresFlushDelay.testWatchForCommitWithSingleNodeRatis(TestBlockOutputStreamWithFailuresFlushDelay.java:668)
	at sun.reflect.NativeMethodAccessorImpl.invoke0(Native Method)
	at sun.reflect.NativeMethodAccessorImpl.invoke(NativeMethodAccessorImpl.java:62)
	at sun.reflect.DelegatingMethodAccessorImpl.invoke(DelegatingMethodAccessorImpl.java:43)
	at java.lang.reflect.Method.invoke(Method.java:498)
	at org.junit.runners.model.FrameworkMethod$1.runReflectiveCall(FrameworkMethod.java:59)
	at org.junit.internal.runners.model.ReflectiveCallable.run(ReflectiveCallable.java:12)
	at org.junit.runners.model.FrameworkMethod.invokeExplosively(FrameworkMethod.java:56)
	at org.junit.internal.runners.statements.InvokeMethod.evaluate(InvokeMethod.java:17)
	at org.junit.internal.runners.statements.RunBefores.evaluate(RunBefores.java:26)
	at org.junit.internal.runners.statements.RunAfters.evaluate(RunAfters.java:27)
	at org.junit.internal.runners.statements.FailOnTimeout$CallableStatement.call(FailOnTimeout.java:288)
	at org.junit.internal.runners.statements.FailOnTimeout$CallableStatement.call(FailOnTimeout.java:282)
	at java.util.concurrent.FutureTask.run(FutureTask.java:266)
	at java.lang.Thread.run(Thread.java:748)

Mar 01, 2021 6:12:00 PM org.apache.ratis.thirdparty.io.grpc.internal.ManagedChannelOrphanWrapper$ManagedChannelReference cleanQueue
SEVERE: *~*~*~ Channel ManagedChannelImpl{logId=2053, target=172.17.0.2:44975} was not shutdown properly!!! ~*~*~*
    Make sure to call shutdown()/shutdownNow() and wait until awaitTermination() returns true.
java.lang.RuntimeException: ManagedChannel allocation site
	at org.apache.ratis.thirdparty.io.grpc.internal.ManagedChannelOrphanWrapper$ManagedChannelReference.<init>(ManagedChannelOrphanWrapper.java:93)
	at org.apache.ratis.thirdparty.io.grpc.internal.ManagedChannelOrphanWrapper.<init>(ManagedChannelOrphanWrapper.java:53)
	at org.apache.ratis.thirdparty.io.grpc.internal.ManagedChannelOrphanWrapper.<init>(ManagedChannelOrphanWrapper.java:44)
	at org.apache.ratis.thirdparty.io.grpc.internal.ManagedChannelImplBuilder.build(ManagedChannelImplBuilder.java:596)
	at org.apache.ratis.thirdparty.io.grpc.ForwardingChannelBuilder.build(ForwardingChannelBuilder.java:255)
	at org.apache.hadoop.hdds.scm.XceiverClientGrpc.connectToDatanode(XceiverClientGrpc.java:193)
	at org.apache.hadoop.hdds.scm.XceiverClientGrpc.reconnect(XceiverClientGrpc.java:543)
	at org.apache.hadoop.hdds.scm.XceiverClientGrpc.checkOpen(XceiverClientGrpc.java:534)
	at org.apache.hadoop.hdds.scm.XceiverClientGrpc.sendCommandAsync(XceiverClientGrpc.java:462)
	at org.apache.hadoop.hdds.scm.XceiverClientGrpc.sendCommandWithRetry(XceiverClientGrpc.java:371)
	at org.apache.hadoop.hdds.scm.XceiverClientGrpc.lambda$sendCommandWithTraceIDAndRetry$0(XceiverClientGrpc.java:311)
	at org.apache.hadoop.hdds.tracing.TracingUtil.executeInSpan(TracingUtil.java:174)
	at org.apache.hadoop.hdds.tracing.TracingUtil.executeInNewSpan(TracingUtil.java:148)
	at org.apache.hadoop.hdds.scm.XceiverClientGrpc.sendCommandWithTraceIDAndRetry(XceiverClientGrpc.java:305)
	at org.apache.hadoop.hdds.scm.XceiverClientGrpc.sendCommand(XceiverClientGrpc.java:286)
	at org.apache.hadoop.hdds.scm.storage.ContainerProtocolCalls.getBlock(ContainerProtocolCalls.java:106)
	at org.apache.hadoop.hdds.scm.storage.BlockInputStream.getChunkInfos(BlockInputStream.java:213)
	at org.apache.hadoop.hdds.scm.storage.BlockInputStream.initialize(BlockInputStream.java:142)
	at org.apache.hadoop.hdds.scm.storage.BlockInputStream.read(BlockInputStream.java:276)
	at org.apache.hadoop.ozone.client.io.KeyInputStream.read(KeyInputStream.java:242)
	at org.apache.hadoop.ozone.client.io.OzoneInputStream.read(OzoneInputStream.java:52)
	at java.io.InputStream.read(InputStream.java:101)
	at org.apache.hadoop.ozone.container.TestHelper.validateData(TestHelper.java:146)
	at org.apache.hadoop.ozone.client.rpc.TestBlockOutputStreamWithFailuresFlushDelay.validateData(TestBlockOutputStreamWithFailuresFlushDelay.java:871)
	at org.apache.hadoop.ozone.client.rpc.TestBlockOutputStreamWithFailuresFlushDelay.testFailureWithPrimeSizedData(TestBlockOutputStreamWithFailuresFlushDelay.java:506)
	at sun.reflect.NativeMethodAccessorImpl.invoke0(Native Method)
	at sun.reflect.NativeMethodAccessorImpl.invoke(NativeMethodAccessorImpl.java:62)
	at sun.reflect.DelegatingMethodAccessorImpl.invoke(DelegatingMethodAccessorImpl.java:43)
	at java.lang.reflect.Method.invoke(Method.java:498)
	at org.junit.runners.model.FrameworkMethod$1.runReflectiveCall(FrameworkMethod.java:59)
	at org.junit.internal.runners.model.ReflectiveCallable.run(ReflectiveCallable.java:12)
	at org.junit.runners.model.FrameworkMethod.invokeExplosively(FrameworkMethod.java:56)
	at org.junit.internal.runners.statements.InvokeMethod.evaluate(InvokeMethod.java:17)
	at org.junit.internal.runners.statements.RunBefores.evaluate(RunBefores.java:26)
	at org.junit.internal.runners.statements.RunAfters.evaluate(RunAfters.java:27)
	at org.junit.internal.runners.statements.FailOnTimeout$CallableStatement.call(FailOnTimeout.java:288)
	at org.junit.internal.runners.statements.FailOnTimeout$CallableStatement.call(FailOnTimeout.java:282)
	at java.util.concurrent.FutureTask.run(FutureTask.java:266)
	at java.lang.Thread.run(Thread.java:748)

Mar 01, 2021 6:12:00 PM org.apache.ratis.thirdparty.io.grpc.internal.ManagedChannelOrphanWrapper$ManagedChannelReference cleanQueue
SEVERE: *~*~*~ Channel ManagedChannelImpl{logId=2051, target=172.17.0.2:46139} was not shutdown properly!!! ~*~*~*
    Make sure to call shutdown()/shutdownNow() and wait until awaitTermination() returns true.
java.lang.RuntimeException: ManagedChannel allocation site
	at org.apache.ratis.thirdparty.io.grpc.internal.ManagedChannelOrphanWrapper$ManagedChannelReference.<init>(ManagedChannelOrphanWrapper.java:93)
	at org.apache.ratis.thirdparty.io.grpc.internal.ManagedChannelOrphanWrapper.<init>(ManagedChannelOrphanWrapper.java:53)
	at org.apache.ratis.thirdparty.io.grpc.internal.ManagedChannelOrphanWrapper.<init>(ManagedChannelOrphanWrapper.java:44)
	at org.apache.ratis.thirdparty.io.grpc.internal.ManagedChannelImplBuilder.build(ManagedChannelImplBuilder.java:596)
	at org.apache.ratis.thirdparty.io.grpc.ForwardingChannelBuilder.build(ForwardingChannelBuilder.java:255)
	at org.apache.hadoop.hdds.scm.XceiverClientGrpc.connectToDatanode(XceiverClientGrpc.java:193)
	at org.apache.hadoop.hdds.scm.XceiverClientGrpc.connect(XceiverClientGrpc.java:142)
	at org.apache.hadoop.hdds.scm.XceiverClientManager$2.call(XceiverClientManager.java:244)
	at org.apache.hadoop.hdds.scm.XceiverClientManager$2.call(XceiverClientManager.java:228)
	at com.google.common.cache.LocalCache$LocalManualCache$1.load(LocalCache.java:4876)
	at com.google.common.cache.LocalCache$LoadingValueReference.loadFuture(LocalCache.java:3529)
	at com.google.common.cache.LocalCache$Segment.loadSync(LocalCache.java:2278)
	at com.google.common.cache.LocalCache$Segment.lockedGetOrLoad(LocalCache.java:2155)
	at com.google.common.cache.LocalCache$Segment.get(LocalCache.java:2045)
	at com.google.common.cache.LocalCache.get(LocalCache.java:3951)
	at com.google.common.cache.LocalCache$LocalManualCache.get(LocalCache.java:4871)
	at org.apache.hadoop.hdds.scm.XceiverClientManager.getClient(XceiverClientManager.java:228)
	at org.apache.hadoop.hdds.scm.XceiverClientManager.acquireClient(XceiverClientManager.java:172)
	at org.apache.hadoop.hdds.scm.XceiverClientManager.acquireClientForReadData(XceiverClientManager.java:161)
	at org.apache.hadoop.hdds.scm.storage.BlockInputStream.acquireClient(BlockInputStream.java:227)
	at org.apache.hadoop.hdds.scm.storage.BlockInputStream.getChunkInfos(BlockInputStream.java:201)
	at org.apache.hadoop.hdds.scm.storage.BlockInputStream.initialize(BlockInputStream.java:142)
	at org.apache.hadoop.hdds.scm.storage.BlockInputStream.read(BlockInputStream.java:276)
	at org.apache.hadoop.ozone.client.io.KeyInputStream.read(KeyInputStream.java:242)
	at org.apache.hadoop.ozone.client.io.OzoneInputStream.read(OzoneInputStream.java:52)
	at java.io.InputStream.read(InputStream.java:101)
	at org.apache.hadoop.ozone.container.TestHelper.validateData(TestHelper.java:146)
	at org.apache.hadoop.ozone.client.rpc.TestBlockOutputStreamWithFailuresFlushDelay.validateData(TestBlockOutputStreamWithFailuresFlushDelay.java:871)
	at org.apache.hadoop.ozone.client.rpc.TestBlockOutputStreamWithFailuresFlushDelay.testFailureWithPrimeSizedData(TestBlockOutputStreamWithFailuresFlushDelay.java:506)
	at sun.reflect.NativeMethodAccessorImpl.invoke0(Native Method)
	at sun.reflect.NativeMethodAccessorImpl.invoke(NativeMethodAccessorImpl.java:62)
	at sun.reflect.DelegatingMethodAccessorImpl.invoke(DelegatingMethodAccessorImpl.java:43)
	at java.lang.reflect.Method.invoke(Method.java:498)
	at org.junit.runners.model.FrameworkMethod$1.runReflectiveCall(FrameworkMethod.java:59)
	at org.junit.internal.runners.model.ReflectiveCallable.run(ReflectiveCallable.java:12)
	at org.junit.runners.model.FrameworkMethod.invokeExplosively(FrameworkMethod.java:56)
	at org.junit.internal.runners.statements.InvokeMethod.evaluate(InvokeMethod.java:17)
	at org.junit.internal.runners.statements.RunBefores.evaluate(RunBefores.java:26)
	at org.junit.internal.runners.statements.RunAfters.evaluate(RunAfters.java:27)
	at org.junit.internal.runners.statements.FailOnTimeout$CallableStatement.call(FailOnTimeout.java:288)
	at org.junit.internal.runners.statements.FailOnTimeout$CallableStatement.call(FailOnTimeout.java:282)
	at java.util.concurrent.FutureTask.run(FutureTask.java:266)
	at java.lang.Thread.run(Thread.java:748)

Mar 01, 2021 6:12:00 PM org.apache.ratis.thirdparty.io.grpc.internal.ManagedChannelOrphanWrapper$ManagedChannelReference cleanQueue
SEVERE: *~*~*~ Channel ManagedChannelImpl{logId=1760, target=172.17.0.2:33669} was not shutdown properly!!! ~*~*~*
    Make sure to call shutdown()/shutdownNow() and wait until awaitTermination() returns true.
java.lang.RuntimeException: ManagedChannel allocation site
	at org.apache.ratis.thirdparty.io.grpc.internal.ManagedChannelOrphanWrapper$ManagedChannelReference.<init>(ManagedChannelOrphanWrapper.java:93)
	at org.apache.ratis.thirdparty.io.grpc.internal.ManagedChannelOrphanWrapper.<init>(ManagedChannelOrphanWrapper.java:53)
	at org.apache.ratis.thirdparty.io.grpc.internal.ManagedChannelOrphanWrapper.<init>(ManagedChannelOrphanWrapper.java:44)
	at org.apache.ratis.thirdparty.io.grpc.internal.ManagedChannelImplBuilder.build(ManagedChannelImplBuilder.java:596)
	at org.apache.ratis.thirdparty.io.grpc.ForwardingChannelBuilder.build(ForwardingChannelBuilder.java:255)
	at org.apache.hadoop.hdds.scm.XceiverClientGrpc.connectToDatanode(XceiverClientGrpc.java:193)
	at org.apache.hadoop.hdds.scm.XceiverClientGrpc.connect(XceiverClientGrpc.java:142)
	at org.apache.hadoop.hdds.scm.XceiverClientManager$2.call(XceiverClientManager.java:244)
	at org.apache.hadoop.hdds.scm.XceiverClientManager$2.call(XceiverClientManager.java:228)
	at com.google.common.cache.LocalCache$LocalManualCache$1.load(LocalCache.java:4876)
	at com.google.common.cache.LocalCache$LoadingValueReference.loadFuture(LocalCache.java:3529)
	at com.google.common.cache.LocalCache$Segment.loadSync(LocalCache.java:2278)
	at com.google.common.cache.LocalCache$Segment.lockedGetOrLoad(LocalCache.java:2155)
	at com.google.common.cache.LocalCache$Segment.get(LocalCache.java:2045)
	at com.google.common.cache.LocalCache.get(LocalCache.java:3951)
	at com.google.common.cache.LocalCache$LocalManualCache.get(LocalCache.java:4871)
	at org.apache.hadoop.hdds.scm.XceiverClientManager.getClient(XceiverClientManager.java:228)
	at org.apache.hadoop.hdds.scm.XceiverClientManager.acquireClient(XceiverClientManager.java:172)
	at org.apache.hadoop.hdds.scm.XceiverClientManager.acquireClientForReadData(XceiverClientManager.java:161)
	at org.apache.hadoop.hdds.scm.storage.BlockInputStream.acquireClient(BlockInputStream.java:227)
	at org.apache.hadoop.hdds.scm.storage.BlockInputStream.getChunkInfos(BlockInputStream.java:201)
	at org.apache.hadoop.hdds.scm.storage.BlockInputStream.initialize(BlockInputStream.java:142)
	at org.apache.hadoop.hdds.scm.storage.BlockInputStream.read(BlockInputStream.java:276)
	at org.apache.hadoop.ozone.client.io.KeyInputStream.read(KeyInputStream.java:242)
	at org.apache.hadoop.ozone.client.io.OzoneInputStream.read(OzoneInputStream.java:52)
	at java.io.InputStream.read(InputStream.java:101)
	at org.apache.hadoop.ozone.container.TestHelper.validateData(TestHelper.java:146)
	at org.apache.hadoop.ozone.client.rpc.TestBlockOutputStreamWithFailuresFlushDelay.validateData(TestBlockOutputStreamWithFailuresFlushDelay.java:871)
	at org.apache.hadoop.ozone.client.rpc.TestBlockOutputStreamWithFailuresFlushDelay.testWatchForCommitDatanodeFailure(TestBlockOutputStreamWithFailuresFlushDelay.java:337)
	at sun.reflect.NativeMethodAccessorImpl.invoke0(Native Method)
	at sun.reflect.NativeMethodAccessorImpl.invoke(NativeMethodAccessorImpl.java:62)
	at sun.reflect.DelegatingMethodAccessorImpl.invoke(DelegatingMethodAccessorImpl.java:43)
	at java.lang.reflect.Method.invoke(Method.java:498)
	at org.junit.runners.model.FrameworkMethod$1.runReflectiveCall(FrameworkMethod.java:59)
	at org.junit.internal.runners.model.ReflectiveCallable.run(ReflectiveCallable.java:12)
	at org.junit.runners.model.FrameworkMethod.invokeExplosively(FrameworkMethod.java:56)
	at org.junit.internal.runners.statements.InvokeMethod.evaluate(InvokeMethod.java:17)
	at org.junit.internal.runners.statements.RunBefores.evaluate(RunBefores.java:26)
	at org.junit.internal.runners.statements.RunAfters.evaluate(RunAfters.java:27)
	at org.junit.internal.runners.statements.FailOnTimeout$CallableStatement.call(FailOnTimeout.java:288)
	at org.junit.internal.runners.statements.FailOnTimeout$CallableStatement.call(FailOnTimeout.java:282)
	at java.util.concurrent.FutureTask.run(FutureTask.java:266)
	at java.lang.Thread.run(Thread.java:748)

Mar 01, 2021 6:12:00 PM org.apache.ratis.thirdparty.io.grpc.internal.ManagedChannelOrphanWrapper$ManagedChannelReference cleanQueue
SEVERE: *~*~*~ Channel ManagedChannelImpl{logId=1436, target=172.17.0.2:38647} was not shutdown properly!!! ~*~*~*
    Make sure to call shutdown()/shutdownNow() and wait until awaitTermination() returns true.
java.lang.RuntimeException: ManagedChannel allocation site
	at org.apache.ratis.thirdparty.io.grpc.internal.ManagedChannelOrphanWrapper$ManagedChannelReference.<init>(ManagedChannelOrphanWrapper.java:93)
	at org.apache.ratis.thirdparty.io.grpc.internal.ManagedChannelOrphanWrapper.<init>(ManagedChannelOrphanWrapper.java:53)
	at org.apache.ratis.thirdparty.io.grpc.internal.ManagedChannelOrphanWrapper.<init>(ManagedChannelOrphanWrapper.java:44)
	at org.apache.ratis.thirdparty.io.grpc.internal.ManagedChannelImplBuilder.build(ManagedChannelImplBuilder.java:596)
	at org.apache.ratis.thirdparty.io.grpc.ForwardingChannelBuilder.build(ForwardingChannelBuilder.java:255)
	at org.apache.hadoop.hdds.scm.XceiverClientGrpc.connectToDatanode(XceiverClientGrpc.java:193)
	at org.apache.hadoop.hdds.scm.XceiverClientGrpc.connect(XceiverClientGrpc.java:142)
	at org.apache.hadoop.hdds.scm.XceiverClientManager$2.call(XceiverClientManager.java:244)
	at org.apache.hadoop.hdds.scm.XceiverClientManager$2.call(XceiverClientManager.java:228)
	at com.google.common.cache.LocalCache$LocalManualCache$1.load(LocalCache.java:4876)
	at com.google.common.cache.LocalCache$LoadingValueReference.loadFuture(LocalCache.java:3529)
	at com.google.common.cache.LocalCache$Segment.loadSync(LocalCache.java:2278)
	at com.google.common.cache.LocalCache$Segment.lockedGetOrLoad(LocalCache.java:2155)
	at com.google.common.cache.LocalCache$Segment.get(LocalCache.java:2045)
	at com.google.common.cache.LocalCache.get(LocalCache.java:3951)
	at com.google.common.cache.LocalCache$LocalManualCache.get(LocalCache.java:4871)
	at org.apache.hadoop.hdds.scm.XceiverClientManager.getClient(XceiverClientManager.java:228)
	at org.apache.hadoop.hdds.scm.XceiverClientManager.acquireClient(XceiverClientManager.java:172)
	at org.apache.hadoop.hdds.scm.XceiverClientManager.acquireClientForReadData(XceiverClientManager.java:161)
	at org.apache.hadoop.hdds.scm.storage.BlockInputStream.acquireClient(BlockInputStream.java:227)
	at org.apache.hadoop.hdds.scm.storage.BlockInputStream.getChunkInfos(BlockInputStream.java:201)
	at org.apache.hadoop.hdds.scm.storage.BlockInputStream.initialize(BlockInputStream.java:142)
	at org.apache.hadoop.hdds.scm.storage.BlockInputStream.read(BlockInputStream.java:276)
	at org.apache.hadoop.ozone.client.io.KeyInputStream.read(KeyInputStream.java:242)
	at org.apache.hadoop.ozone.client.io.OzoneInputStream.read(OzoneInputStream.java:52)
	at java.io.InputStream.read(InputStream.java:101)
	at org.apache.hadoop.ozone.container.TestHelper.validateData(TestHelper.java:146)
	at org.apache.hadoop.ozone.client.rpc.TestBlockOutputStreamWithFailuresFlushDelay.validateData(TestBlockOutputStreamWithFailuresFlushDelay.java:871)
	at org.apache.hadoop.ozone.client.rpc.TestBlockOutputStreamWithFailuresFlushDelay.testWatchForCommitWithSingleNodeRatis(TestBlockOutputStreamWithFailuresFlushDelay.java:668)
	at sun.reflect.NativeMethodAccessorImpl.invoke0(Native Method)
	at sun.reflect.NativeMethodAccessorImpl.invoke(NativeMethodAccessorImpl.java:62)
	at sun.reflect.DelegatingMethodAccessorImpl.invoke(DelegatingMethodAccessorImpl.java:43)
	at java.lang.reflect.Method.invoke(Method.java:498)
	at org.junit.runners.model.FrameworkMethod$1.runReflectiveCall(FrameworkMethod.java:59)
	at org.junit.internal.runners.model.ReflectiveCallable.run(ReflectiveCallable.java:12)
	at org.junit.runners.model.FrameworkMethod.invokeExplosively(FrameworkMethod.java:56)
	at org.junit.internal.runners.statements.InvokeMethod.evaluate(InvokeMethod.java:17)
	at org.junit.internal.runners.statements.RunBefores.evaluate(RunBefores.java:26)
	at org.junit.internal.runners.statements.RunAfters.evaluate(RunAfters.java:27)
	at org.junit.internal.runners.statements.FailOnTimeout$CallableStatement.call(FailOnTimeout.java:288)
	at org.junit.internal.runners.statements.FailOnTimeout$CallableStatement.call(FailOnTimeout.java:282)
	at java.util.concurrent.FutureTask.run(FutureTask.java:266)
	at java.lang.Thread.run(Thread.java:748)

]]></system-err>
  </testcase>
  <testcase name="testExceptionDuringClose" classname="org.apache.hadoop.ozone.client.rpc.TestBlockOutputStreamWithFailuresFlushDelay" time="41.579"/>
</testsuite>