<?xml version="1.0" encoding="UTF-8"?>
<testsuite xmlns:xsi="http://www.w3.org/2001/XMLSchema-instance" xsi:noNamespaceSchemaLocation="https://maven.apache.org/surefire/maven-surefire-plugin/xsd/surefire-test-report.xsd" name="org.apache.hadoop.ozone.client.rpc.TestOzoneRpcClientWithRatis" time="167.321" tests="67" errors="1" skipped="2" failures="0">
  <properties>
    <property name="awt.toolkit" value="sun.awt.X11.XToolkit"/>
    <property name="file.encoding.pkg" value="sun.io"/>
    <property name="java.specification.version" value="1.8"/>
    <property name="sun.cpu.isalist" value=""/>
    <property name="sun.jnu.encoding" value="ANSI_X3.4-1968"/>
    <property name="java.class.path" value="/github/workspace/mnt/ozone/hadoop-ozone/integration-test/target/test-classes:/github/workspace/mnt/ozone/hadoop-ozone/integration-test/target/classes:/home/user/.m2/repository/org/apache/hadoop/hadoop-ozone-common/0.6.0-SNAPSHOT/hadoop-ozone-common-0.6.0-SNAPSHOT.jar:/home/user/.m2/repository/org/apache/commons/commons-compress/1.4.1/commons-compress-1.4.1.jar:/home/user/.m2/repository/org/tukaani/xz/1.0/xz-1.0.jar:/home/user/.m2/repository/org/apache/hadoop/hadoop-hdds-common/0.6.0-SNAPSHOT/hadoop-hdds-common-0.6.0-SNAPSHOT.jar:/home/user/.m2/repository/org/apache/hadoop/hadoop-hdds-hadoop-dependency-client/0.6.0-SNAPSHOT/hadoop-hdds-hadoop-dependency-client-0.6.0-SNAPSHOT.jar:/home/user/.m2/repository/info/picocli/picocli/3.9.6/picocli-3.9.6.jar:/home/user/.m2/repository/com/fasterxml/jackson/core/jackson-annotations/2.10.3/jackson-annotations-2.10.3.jar:/home/user/.m2/repository/javax/annotation/javax.annotation-api/1.2/javax.annotation-api-1.2.jar:/home/user/.m2/repository/org/apache/ratis/ratis-server/0.6.0-6ab75ae-SNAPSHOT/ratis-server-0.6.0-6ab75ae-SNAPSHOT.jar:/home/user/.m2/repository/org/apache/ratis/ratis-client/0.6.0-6ab75ae-SNAPSHOT/ratis-client-0.6.0-6ab75ae-SNAPSHOT.jar:/home/user/.m2/repository/org/apache/ratis/ratis-metrics/0.6.0-6ab75ae-SNAPSHOT/ratis-metrics-0.6.0-6ab75ae-SNAPSHOT.jar:/home/user/.m2/repository/org/apache/ratis/ratis-netty/0.6.0-6ab75ae-SNAPSHOT/ratis-netty-0.6.0-6ab75ae-SNAPSHOT.jar:/home/user/.m2/repository/org/apache/ratis/ratis-grpc/0.6.0-6ab75ae-SNAPSHOT/ratis-grpc-0.6.0-6ab75ae-SNAPSHOT.jar:/home/user/.m2/repository/org/apache/logging/log4j/log4j-api/2.11.0/log4j-api-2.11.0.jar:/home/user/.m2/repository/org/apache/logging/log4j/log4j-core/2.11.0/log4j-core-2.11.0.jar:/home/user/.m2/repository/com/lmax/disruptor/3.4.2/disruptor-3.4.2.jar:/home/user/.m2/repository/org/apache/commons/commons-pool2/2.6.0/commons-pool2-2.6.0.jar:/home/user/.m2/repository/org/bouncycastle/bcpkix-jdk15on/1.60/bcpkix-jdk15on-1.60.jar:/home/user/.m2/repository/commons-validator/commons-validator/1.6/commons-validator-1.6.jar:/home/user/.m2/repository/commons-digester/commons-digester/1.8.1/commons-digester-1.8.1.jar:/home/user/.m2/repository/io/jaegertracing/jaeger-client/1.2.0/jaeger-client-1.2.0.jar:/home/user/.m2/repository/io/jaegertracing/jaeger-thrift/1.2.0/jaeger-thrift-1.2.0.jar:/home/user/.m2/repository/org/apache/thrift/libthrift/0.13.0/libthrift-0.13.0.jar:/home/user/.m2/repository/com/squareup/okhttp3/okhttp/4.2.2/okhttp-4.2.2.jar:/home/user/.m2/repository/com/squareup/okio/okio/2.2.2/okio-2.2.2.jar:/home/user/.m2/repository/org/jetbrains/kotlin/kotlin-stdlib/1.3.50/kotlin-stdlib-1.3.50.jar:/home/user/.m2/repository/org/jetbrains/kotlin/kotlin-stdlib-common/1.3.50/kotlin-stdlib-common-1.3.50.jar:/home/user/.m2/repository/org/jetbrains/annotations/13.0/annotations-13.0.jar:/home/user/.m2/repository/io/jaegertracing/jaeger-core/1.2.0/jaeger-core-1.2.0.jar:/home/user/.m2/repository/io/jaegertracing/jaeger-tracerresolver/1.2.0/jaeger-tracerresolver-1.2.0.jar:/home/user/.m2/repository/io/opentracing/contrib/opentracing-tracerresolver/0.1.8/opentracing-tracerresolver-0.1.8.jar:/home/user/.m2/repository/io/opentracing/opentracing-util/0.33.0/opentracing-util-0.33.0.jar:/home/user/.m2/repository/io/opentracing/opentracing-api/0.33.0/opentracing-api-0.33.0.jar:/home/user/.m2/repository/io/opentracing/opentracing-noop/0.33.0/opentracing-noop-0.33.0.jar:/home/user/.m2/repository/org/apache/hadoop/hadoop-hdds-client/0.6.0-SNAPSHOT/hadoop-hdds-client-0.6.0-SNAPSHOT.jar:/home/user/.m2/repository/org/apache/hadoop/hadoop-ozone-interface-client/0.6.0-SNAPSHOT/hadoop-ozone-interface-client-0.6.0-SNAPSHOT.jar:/home/user/.m2/repository/org/apache/hadoop/hadoop-hdds-test-utils/0.6.0-SNAPSHOT/hadoop-hdds-test-utils-0.6.0-SNAPSHOT.jar:/home/user/.m2/repository/com/google/guava/guava/28.2-jre/guava-28.2-jre.jar:/home/user/.m2/repository/com/google/guava/failureaccess/1.0.1/failureaccess-1.0.1.jar:/home/user/.m2/repository/com/google/guava/listenablefuture/9999.0-empty-to-avoid-conflict-with-guava/listenablefuture-9999.0-empty-to-avoid-conflict-with-guava.jar:/home/user/.m2/repository/com/google/code/findbugs/jsr305/3.0.0/jsr305-3.0.0.jar:/home/user/.m2/repository/org/checkerframework/checker-qual/2.10.0/checker-qual-2.10.0.jar:/home/user/.m2/repository/com/google/errorprone/error_prone_annotations/2.2.0/error_prone_annotations-2.2.0.jar:/home/user/.m2/repository/com/google/j2objc/j2objc-annotations/1.3/j2objc-annotations-1.3.jar:/home/user/.m2/repository/commons-io/commons-io/2.5/commons-io-2.5.jar:/home/user/.m2/repository/commons-logging/commons-logging/1.2/commons-logging-1.2.jar:/home/user/.m2/repository/log4j/log4j/1.2.17/log4j-1.2.17.jar:/home/user/.m2/repository/org/slf4j/slf4j-api/1.7.25/slf4j-api-1.7.25.jar:/home/user/.m2/repository/org/apache/hadoop/hadoop-hdds-server-scm/0.6.0-SNAPSHOT/hadoop-hdds-server-scm-0.6.0-SNAPSHOT.jar:/home/user/.m2/repository/org/apache/hadoop/hadoop-hdds-container-service/0.6.0-SNAPSHOT/hadoop-hdds-container-service-0.6.0-SNAPSHOT.jar:/home/user/.m2/repository/org/apache/hadoop/hadoop-hdds-hadoop-dependency-server/0.6.0-SNAPSHOT/hadoop-hdds-hadoop-dependency-server-0.6.0-SNAPSHOT.jar:/home/user/.m2/repository/org/apache/hadoop/hadoop-hdds-server-framework/0.6.0-SNAPSHOT/hadoop-hdds-server-framework-0.6.0-SNAPSHOT.jar:/home/user/.m2/repository/org/apache/hadoop/hadoop-hdds-interface-server/0.6.0-SNAPSHOT/hadoop-hdds-interface-server-0.6.0-SNAPSHOT.jar:/home/user/.m2/repository/org/apache/hadoop/hadoop-hdds-interface-admin/0.6.0-SNAPSHOT/hadoop-hdds-interface-admin-0.6.0-SNAPSHOT.jar:/home/user/.m2/repository/org/rocksdb/rocksdbjni/6.8.1/rocksdbjni-6.8.1.jar:/home/user/.m2/repository/io/prometheus/simpleclient_dropwizard/0.7.0/simpleclient_dropwizard-0.7.0.jar:/home/user/.m2/repository/io/prometheus/simpleclient/0.7.0/simpleclient-0.7.0.jar:/home/user/.m2/repository/io/prometheus/simpleclient_common/0.7.0/simpleclient_common-0.7.0.jar:/home/user/.m2/repository/com/fasterxml/jackson/datatype/jackson-datatype-jsr310/2.10.3/jackson-datatype-jsr310-2.10.3.jar:/home/user/.m2/repository/org/apache/hadoop/hadoop-hdds-docs/0.6.0-SNAPSHOT/hadoop-hdds-docs-0.6.0-SNAPSHOT.jar:/home/user/.m2/repository/io/dropwizard/metrics/metrics-core/3.2.4/metrics-core-3.2.4.jar:/home/user/.m2/repository/org/apache/hadoop/hadoop-hdfs-client/3.2.1/hadoop-hdfs-client-3.2.1.jar:/home/user/.m2/repository/org/bouncycastle/bcprov-jdk15on/1.60/bcprov-jdk15on-1.60.jar:/home/user/.m2/repository/org/apache/hadoop/hadoop-ozone-ozone-manager/0.6.0-SNAPSHOT/hadoop-ozone-ozone-manager-0.6.0-SNAPSHOT.jar:/home/user/.m2/repository/org/apache/hadoop/hadoop-hdds-interface-client/0.6.0-SNAPSHOT/hadoop-hdds-interface-client-0.6.0-SNAPSHOT.jar:/home/user/.m2/repository/org/apache/ratis/ratis-thirdparty-misc/0.4.0/ratis-thirdparty-misc-0.4.0.jar:/home/user/.m2/repository/org/apache/hadoop/hadoop-minikdc/3.2.1/hadoop-minikdc-3.2.1.jar:/home/user/.m2/repository/org/apache/kerby/kerb-simplekdc/1.0.1/kerb-simplekdc-1.0.1.jar:/home/user/.m2/repository/org/apache/kerby/kerb-client/1.0.1/kerb-client-1.0.1.jar:/home/user/.m2/repository/org/apache/kerby/kerby-config/1.0.1/kerby-config-1.0.1.jar:/home/user/.m2/repository/org/apache/kerby/kerb-core/1.0.1/kerb-core-1.0.1.jar:/home/user/.m2/repository/org/apache/kerby/kerby-pkix/1.0.1/kerby-pkix-1.0.1.jar:/home/user/.m2/repository/org/apache/kerby/kerby-asn1/1.0.1/kerby-asn1-1.0.1.jar:/home/user/.m2/repository/org/apache/kerby/kerby-util/1.0.1/kerby-util-1.0.1.jar:/home/user/.m2/repository/org/apache/kerby/kerb-common/1.0.1/kerb-common-1.0.1.jar:/home/user/.m2/repository/org/apache/kerby/kerb-crypto/1.0.1/kerb-crypto-1.0.1.jar:/home/user/.m2/repository/org/apache/kerby/kerb-util/1.0.1/kerb-util-1.0.1.jar:/home/user/.m2/repository/org/apache/kerby/token-provider/1.0.1/token-provider-1.0.1.jar:/home/user/.m2/repository/org/apache/kerby/kerb-admin/1.0.1/kerb-admin-1.0.1.jar:/home/user/.m2/repository/org/apache/kerby/kerb-server/1.0.1/kerb-server-1.0.1.jar:/home/user/.m2/repository/org/apache/kerby/kerb-identity/1.0.1/kerb-identity-1.0.1.jar:/home/user/.m2/repository/org/apache/kerby/kerby-xdr/1.0.1/kerby-xdr-1.0.1.jar:/home/user/.m2/repository/org/slf4j/slf4j-log4j12/1.7.25/slf4j-log4j12-1.7.25.jar:/home/user/.m2/repository/org/apache/hadoop/hadoop-ozone-s3gateway/0.6.0-SNAPSHOT/hadoop-ozone-s3gateway-0.6.0-SNAPSHOT.jar:/home/user/.m2/repository/org/jboss/weld/servlet/weld-servlet/2.4.7.Final/weld-servlet-2.4.7.Final.jar:/home/user/.m2/repository/org/glassfish/jersey/containers/jersey-container-servlet-core/2.27/jersey-container-servlet-core-2.27.jar:/home/user/.m2/repository/org/glassfish/hk2/external/javax.inject/2.5.0-b42/javax.inject-2.5.0-b42.jar:/home/user/.m2/repository/org/glassfish/jersey/core/jersey-common/2.27/jersey-common-2.27.jar:/home/user/.m2/repository/org/glassfish/hk2/osgi-resource-locator/1.0.1/osgi-resource-locator-1.0.1.jar:/home/user/.m2/repository/javax/ws/rs/javax.ws.rs-api/2.1/javax.ws.rs-api-2.1.jar:/home/user/.m2/repository/org/glassfish/jersey/ext/cdi/jersey-cdi1x/2.27/jersey-cdi1x-2.27.jar:/home/user/.m2/repository/org/glassfish/jersey/inject/jersey-hk2/2.27/jersey-hk2-2.27.jar:/home/user/.m2/repository/org/glassfish/hk2/hk2-locator/2.5.0-b42/hk2-locator-2.5.0-b42.jar:/home/user/.m2/repository/org/javassist/javassist/3.22.0-CR2/javassist-3.22.0-CR2.jar:/home/user/.m2/repository/org/glassfish/hk2/hk2-api/2.5.0/hk2-api-2.5.0.jar:/home/user/.m2/repository/org/glassfish/hk2/external/jakarta.inject/2.5.0/jakarta.inject-2.5.0.jar:/home/user/.m2/repository/org/glassfish/hk2/hk2-utils/2.5.0/hk2-utils-2.5.0.jar:/home/user/.m2/repository/jakarta/annotation/jakarta.annotation-api/1.3.4/jakarta.annotation-api-1.3.4.jar:/home/user/.m2/repository/org/glassfish/hk2/external/aopalliance-repackaged/2.5.0/aopalliance-repackaged-2.5.0.jar:/home/user/.m2/repository/com/fasterxml/jackson/dataformat/jackson-dataformat-xml/2.10.3/jackson-dataformat-xml-2.10.3.jar:/home/user/.m2/repository/com/fasterxml/jackson/core/jackson-core/2.10.3/jackson-core-2.10.3.jar:/home/user/.m2/repository/com/fasterxml/jackson/module/jackson-module-jaxb-annotations/2.10.3/jackson-module-jaxb-annotations-2.10.3.jar:/home/user/.m2/repository/jakarta/xml/bind/jakarta.xml.bind-api/2.3.2/jakarta.xml.bind-api-2.3.2.jar:/home/user/.m2/repository/jakarta/activation/jakarta.activation-api/1.2.1/jakarta.activation-api-1.2.1.jar:/home/user/.m2/repository/org/codehaus/woodstox/stax2-api/3.1.4/stax2-api-3.1.4.jar:/home/user/.m2/repository/com/fasterxml/woodstox/woodstox-core/5.0.3/woodstox-core-5.0.3.jar:/home/user/.m2/repository/javax/enterprise/cdi-api/1.2/cdi-api-1.2.jar:/home/user/.m2/repository/javax/el/javax.el-api/3.0.0/javax.el-api-3.0.0.jar:/home/user/.m2/repository/javax/interceptor/javax.interceptor-api/1.2/javax.interceptor-api-1.2.jar:/home/user/.m2/repository/javax/inject/javax.inject/1/javax.inject-1.jar:/home/user/.m2/repository/com/sun/xml/bind/jaxb-impl/2.3.0.1/jaxb-impl-2.3.0.1.jar:/home/user/.m2/repository/com/sun/xml/bind/jaxb-core/2.3.0.1/jaxb-core-2.3.0.1.jar:/home/user/.m2/repository/javax/xml/bind/jaxb-api/2.3.0/jaxb-api-2.3.0.jar:/home/user/.m2/repository/javax/activation/activation/1.1.1/activation-1.1.1.jar:/home/user/.m2/repository/org/apache/hadoop/hadoop-ozone-csi/0.6.0-SNAPSHOT/hadoop-ozone-csi-0.6.0-SNAPSHOT.jar:/home/user/.m2/repository/com/google/protobuf/protobuf-java-util/3.11.0/protobuf-java-util-3.11.0.jar:/home/user/.m2/repository/com/google/code/gson/gson/2.2.4/gson-2.2.4.jar:/home/user/.m2/repository/org/apache/hadoop/hadoop-hdds-config/0.6.0-SNAPSHOT/hadoop-hdds-config-0.6.0-SNAPSHOT.jar:/home/user/.m2/repository/com/google/protobuf/protobuf-java/2.5.0/protobuf-java-2.5.0.jar:/home/user/.m2/repository/io/grpc/grpc-netty/1.29.0/grpc-netty-1.29.0.jar:/home/user/.m2/repository/io/grpc/grpc-core/1.29.0/grpc-core-1.29.0.jar:/home/user/.m2/repository/com/google/android/annotations/4.1.1.4/annotations-4.1.1.4.jar:/home/user/.m2/repository/io/perfmark/perfmark-api/0.19.0/perfmark-api-0.19.0.jar:/home/user/.m2/repository/io/netty/netty-codec-http2/4.1.48.Final/netty-codec-http2-4.1.48.Final.jar:/home/user/.m2/repository/io/netty/netty-codec/4.1.48.Final/netty-codec-4.1.48.Final.jar:/home/user/.m2/repository/io/netty/netty-handler/4.1.48.Final/netty-handler-4.1.48.Final.jar:/home/user/.m2/repository/io/netty/netty-codec-http/4.1.48.Final/netty-codec-http-4.1.48.Final.jar:/home/user/.m2/repository/io/netty/netty-handler-proxy/4.1.48.Final/netty-handler-proxy-4.1.48.Final.jar:/home/user/.m2/repository/io/netty/netty-codec-socks/4.1.48.Final/netty-codec-socks-4.1.48.Final.jar:/home/user/.m2/repository/io/netty/netty-transport-native-epoll/4.1.48.Final/netty-transport-native-epoll-4.1.48.Final.jar:/home/user/.m2/repository/io/netty/netty-common/4.1.48.Final/netty-common-4.1.48.Final.jar:/home/user/.m2/repository/io/netty/netty-buffer/4.1.48.Final/netty-buffer-4.1.48.Final.jar:/home/user/.m2/repository/io/netty/netty-transport/4.1.48.Final/netty-transport-4.1.48.Final.jar:/home/user/.m2/repository/io/netty/netty-resolver/4.1.48.Final/netty-resolver-4.1.48.Final.jar:/home/user/.m2/repository/io/netty/netty-transport-native-unix-common/4.1.48.Final/netty-transport-native-unix-common-4.1.48.Final.jar:/home/user/.m2/repository/io/grpc/grpc-protobuf/1.29.0/grpc-protobuf-1.29.0.jar:/home/user/.m2/repository/io/grpc/grpc-api/1.29.0/grpc-api-1.29.0.jar:/home/user/.m2/repository/io/grpc/grpc-context/1.29.0/grpc-context-1.29.0.jar:/home/user/.m2/repository/org/codehaus/mojo/animal-sniffer-annotations/1.18/animal-sniffer-annotations-1.18.jar:/home/user/.m2/repository/com/google/api/grpc/proto-google-common-protos/1.17.0/proto-google-common-protos-1.17.0.jar:/home/user/.m2/repository/io/grpc/grpc-protobuf-lite/1.29.0/grpc-protobuf-lite-1.29.0.jar:/home/user/.m2/repository/io/grpc/grpc-stub/1.29.0/grpc-stub-1.29.0.jar:/home/user/.m2/repository/org/apache/hadoop/hadoop-ozone-recon/0.6.0-SNAPSHOT/hadoop-ozone-recon-0.6.0-SNAPSHOT.jar:/home/user/.m2/repository/org/apache/hadoop/hadoop-ozone-reconcodegen/0.6.0-SNAPSHOT/hadoop-ozone-reconcodegen-0.6.0-SNAPSHOT.jar:/home/user/.m2/repository/com/google/inject/extensions/guice-multibindings/4.0/guice-multibindings-4.0.jar:/home/user/.m2/repository/com/google/inject/guice/4.0/guice-4.0.jar:/home/user/.m2/repository/aopalliance/aopalliance/1.0/aopalliance-1.0.jar:/home/user/.m2/repository/com/google/inject/extensions/guice-assistedinject/4.0/guice-assistedinject-4.0.jar:/home/user/.m2/repository/com/google/inject/extensions/guice-servlet/4.0/guice-servlet-4.0.jar:/home/user/.m2/repository/org/glassfish/jersey/containers/jersey-container-servlet/2.27/jersey-container-servlet-2.27.jar:/home/user/.m2/repository/org/glassfish/hk2/guice-bridge/2.5.0/guice-bridge-2.5.0.jar:/home/user/.m2/repository/org/glassfish/jersey/core/jersey-server/2.27/jersey-server-2.27.jar:/home/user/.m2/repository/org/glassfish/jersey/core/jersey-client/2.27/jersey-client-2.27.jar:/home/user/.m2/repository/org/glassfish/jersey/media/jersey-media-jaxb/2.27/jersey-media-jaxb-2.27.jar:/home/user/.m2/repository/javax/validation/validation-api/1.1.0.Final/validation-api-1.1.0.Final.jar:/home/user/.m2/repository/org/glassfish/jersey/media/jersey-media-json-jackson/2.27/jersey-media-json-jackson-2.27.jar:/home/user/.m2/repository/org/glassfish/jersey/ext/jersey-entity-filtering/2.27/jersey-entity-filtering-2.27.jar:/home/user/.m2/repository/org/jooq/jooq/3.11.10/jooq-3.11.10.jar:/home/user/.m2/repository/org/jooq/jooq-meta/3.11.10/jooq-meta-3.11.10.jar:/home/user/.m2/repository/org/jooq/jooq-codegen/3.11.10/jooq-codegen-3.11.10.jar:/home/user/.m2/repository/com/jolbox/bonecp/0.8.0.RELEASE/bonecp-0.8.0.RELEASE.jar:/home/user/.m2/repository/org/apache/derby/derby/10.14.2.0/derby-10.14.2.0.jar:/home/user/.m2/repository/org/xerial/sqlite-jdbc/3.25.2/sqlite-jdbc-3.25.2.jar:/home/user/.m2/repository/org/springframework/spring-jdbc/5.2.5.RELEASE/spring-jdbc-5.2.5.RELEASE.jar:/home/user/.m2/repository/org/springframework/spring-beans/5.2.5.RELEASE/spring-beans-5.2.5.RELEASE.jar:/home/user/.m2/repository/org/springframework/spring-core/5.2.5.RELEASE/spring-core-5.2.5.RELEASE.jar:/home/user/.m2/repository/org/springframework/spring-jcl/5.2.5.RELEASE/spring-jcl-5.2.5.RELEASE.jar:/home/user/.m2/repository/org/springframework/spring-tx/5.2.5.RELEASE/spring-tx-5.2.5.RELEASE.jar:/home/user/.m2/repository/org/apache/hadoop/hadoop-ozone-client/0.6.0-SNAPSHOT/hadoop-ozone-client-0.6.0-SNAPSHOT.jar:/home/user/.m2/repository/org/apache/hadoop/hadoop-ozone-filesystem/0.6.0-SNAPSHOT/hadoop-ozone-filesystem-0.6.0-SNAPSHOT.jar:/home/user/.m2/repository/org/apache/hadoop/hadoop-ozone-filesystem-common/0.6.0-SNAPSHOT/hadoop-ozone-filesystem-common-0.6.0-SNAPSHOT.jar:/home/user/.m2/repository/org/apache/hadoop/hadoop-ozone-tools/0.6.0-SNAPSHOT/hadoop-ozone-tools-0.6.0-SNAPSHOT.jar:/home/user/.m2/repository/org/apache/hadoop/hadoop-hdfs/3.2.1/hadoop-hdfs-3.2.1.jar:/home/user/.m2/repository/org/apache/ratis/ratis-tools/0.6.0-6ab75ae-SNAPSHOT/ratis-tools-0.6.0-6ab75ae-SNAPSHOT.jar:/home/user/.m2/repository/org/apache/ratis/ratis-proto/0.6.0-6ab75ae-SNAPSHOT/ratis-proto-0.6.0-6ab75ae-SNAPSHOT.jar:/home/user/.m2/repository/org/apache/ratis/ratis-common/0.6.0-6ab75ae-SNAPSHOT/ratis-common-0.6.0-6ab75ae-SNAPSHOT.jar:/home/user/.m2/repository/com/amazonaws/aws-java-sdk-core/1.11.615/aws-java-sdk-core-1.11.615.jar:/home/user/.m2/repository/org/apache/httpcomponents/httpclient/4.5.2/httpclient-4.5.2.jar:/home/user/.m2/repository/org/apache/httpcomponents/httpcore/4.4.4/httpcore-4.4.4.jar:/home/user/.m2/repository/software/amazon/ion/ion-java/1.0.2/ion-java-1.0.2.jar:/home/user/.m2/repository/com/fasterxml/jackson/dataformat/jackson-dataformat-cbor/2.10.3/jackson-dataformat-cbor-2.10.3.jar:/home/user/.m2/repository/joda-time/joda-time/2.8.1/joda-time-2.8.1.jar:/home/user/.m2/repository/com/amazonaws/aws-java-sdk-s3/1.11.615/aws-java-sdk-s3-1.11.615.jar:/home/user/.m2/repository/com/amazonaws/aws-java-sdk-kms/1.11.615/aws-java-sdk-kms-1.11.615.jar:/home/user/.m2/repository/com/amazonaws/jmespath-java/1.11.615/jmespath-java-1.11.615.jar:/home/user/.m2/repository/org/apache/hadoop/hadoop-hdds-tools/0.6.0-SNAPSHOT/hadoop-hdds-tools-0.6.0-SNAPSHOT.jar:/home/user/.m2/repository/commons-cli/commons-cli/1.2/commons-cli-1.2.jar:/home/user/.m2/repository/org/apache/commons/commons-lang3/3.7/commons-lang3-3.7.jar:/home/user/.m2/repository/org/apache/hadoop/hadoop-ozone-ozone-manager/0.6.0-SNAPSHOT/hadoop-ozone-ozone-manager-0.6.0-SNAPSHOT-tests.jar:/home/user/.m2/repository/junit/junit/4.11/junit-4.11.jar:/home/user/.m2/repository/org/hamcrest/hamcrest-core/1.3/hamcrest-core-1.3.jar:/home/user/.m2/repository/org/openjdk/jmh/jmh-core/1.19/jmh-core-1.19.jar:/home/user/.m2/repository/net/sf/jopt-simple/jopt-simple/4.6/jopt-simple-4.6.jar:/home/user/.m2/repository/org/apache/commons/commons-math3/3.1.1/commons-math3-3.1.1.jar:/home/user/.m2/repository/org/openjdk/jmh/jmh-generator-annprocess/1.19/jmh-generator-annprocess-1.19.jar:/home/user/.m2/repository/org/mockito/mockito-all/1.8.5/mockito-all-1.8.5.jar:/home/user/.m2/repository/org/apache/hadoop/hadoop-kms/3.2.1/hadoop-kms-3.2.1.jar:/home/user/.m2/repository/org/apache/hadoop/hadoop-auth/3.2.1/hadoop-auth-3.2.1.jar:/home/user/.m2/repository/com/nimbusds/nimbus-jose-jwt/7.9/nimbus-jose-jwt-7.9.jar:/home/user/.m2/repository/com/github/stephenc/jcip/jcip-annotations/1.0-1/jcip-annotations-1.0-1.jar:/home/user/.m2/repository/net/minidev/json-smart/2.3/json-smart-2.3.jar:/home/user/.m2/repository/net/minidev/accessors-smart/1.2/accessors-smart-1.2.jar:/home/user/.m2/repository/org/ow2/asm/asm/5.0.4/asm-5.0.4.jar:/home/user/.m2/repository/org/apache/zookeeper/zookeeper/3.4.13/zookeeper-3.4.13.jar:/home/user/.m2/repository/org/apache/yetus/audience-annotations/0.5.0/audience-annotations-0.5.0.jar:/home/user/.m2/repository/org/apache/curator/curator-framework/2.13.0/curator-framework-2.13.0.jar:/home/user/.m2/repository/com/sun/jersey/jersey-core/1.19/jersey-core-1.19.jar:/home/user/.m2/repository/javax/ws/rs/jsr311-api/1.1.1/jsr311-api-1.1.1.jar:/home/user/.m2/repository/com/sun/jersey/jersey-server/1.19/jersey-server-1.19.jar:/home/user/.m2/repository/javax/servlet/javax.servlet-api/3.1.0/javax.servlet-api-3.1.0.jar:/home/user/.m2/repository/org/eclipse/jetty/jetty-server/9.4.26.v20200117/jetty-server-9.4.26.v20200117.jar:/home/user/.m2/repository/org/eclipse/jetty/jetty-http/9.4.26.v20200117/jetty-http-9.4.26.v20200117.jar:/home/user/.m2/repository/org/eclipse/jetty/jetty-io/9.4.26.v20200117/jetty-io-9.4.26.v20200117.jar:/home/user/.m2/repository/org/eclipse/jetty/jetty-webapp/9.4.26.v20200117/jetty-webapp-9.4.26.v20200117.jar:/home/user/.m2/repository/org/eclipse/jetty/jetty-xml/9.4.26.v20200117/jetty-xml-9.4.26.v20200117.jar:/home/user/.m2/repository/org/eclipse/jetty/jetty-servlet/9.4.26.v20200117/jetty-servlet-9.4.26.v20200117.jar:/home/user/.m2/repository/org/eclipse/jetty/jetty-security/9.4.26.v20200117/jetty-security-9.4.26.v20200117.jar:/home/user/.m2/repository/org/apache/hadoop/hadoop-common/3.2.1/hadoop-common-3.2.1.jar:/home/user/.m2/repository/commons-net/commons-net/3.6/commons-net-3.6.jar:/home/user/.m2/repository/commons-collections/commons-collections/3.2.2/commons-collections-3.2.2.jar:/home/user/.m2/repository/com/sun/jersey/jersey-servlet/1.19/jersey-servlet-1.19.jar:/home/user/.m2/repository/com/sun/jersey/jersey-json/1.19/jersey-json-1.19.jar:/home/user/.m2/repository/org/codehaus/jettison/jettison/1.1/jettison-1.1.jar:/home/user/.m2/repository/org/codehaus/jackson/jackson-jaxrs/1.9.2/jackson-jaxrs-1.9.2.jar:/home/user/.m2/repository/org/codehaus/jackson/jackson-xc/1.9.2/jackson-xc-1.9.2.jar:/home/user/.m2/repository/commons-beanutils/commons-beanutils/1.9.4/commons-beanutils-1.9.4.jar:/home/user/.m2/repository/org/apache/commons/commons-configuration2/2.1.1/commons-configuration2-2.1.1.jar:/home/user/.m2/repository/org/apache/commons/commons-text/1.4/commons-text-1.4.jar:/home/user/.m2/repository/com/google/re2j/re2j/1.1/re2j-1.1.jar:/home/user/.m2/repository/com/jcraft/jsch/0.1.54/jsch-0.1.54.jar:/home/user/.m2/repository/org/apache/curator/curator-client/2.13.0/curator-client-2.13.0.jar:/home/user/.m2/repository/org/apache/curator/curator-recipes/2.13.0/curator-recipes-2.13.0.jar:/home/user/.m2/repository/dnsjava/dnsjava/2.1.7/dnsjava-2.1.7.jar:/home/user/.m2/repository/org/slf4j/jul-to-slf4j/1.7.25/jul-to-slf4j-1.7.25.jar:/home/user/.m2/repository/org/eclipse/jetty/jetty-util/9.4.26.v20200117/jetty-util-9.4.26.v20200117.jar:/home/user/.m2/repository/com/fasterxml/jackson/core/jackson-databind/2.10.3/jackson-databind-2.10.3.jar:/home/user/.m2/repository/org/apache/hadoop/hadoop-kms/3.2.1/hadoop-kms-3.2.1-tests.jar:/home/user/.m2/repository/org/apache/hadoop/hadoop-hdds-server-scm/0.6.0-SNAPSHOT/hadoop-hdds-server-scm-0.6.0-SNAPSHOT-tests.jar:/home/user/.m2/repository/org/apache/hadoop/hadoop-hdds-container-service/0.6.0-SNAPSHOT/hadoop-hdds-container-service-0.6.0-SNAPSHOT-tests.jar:/home/user/.m2/repository/org/apache/hadoop/hadoop-hdds-common/0.6.0-SNAPSHOT/hadoop-hdds-common-0.6.0-SNAPSHOT-tests.jar:/home/user/.m2/repository/org/yaml/snakeyaml/1.16/snakeyaml-1.16.jar:/home/user/.m2/repository/org/apache/hadoop/hadoop-hdds-hadoop-dependency-test/0.6.0-SNAPSHOT/hadoop-hdds-hadoop-dependency-test-0.6.0-SNAPSHOT.jar:/home/user/.m2/repository/org/apache/hadoop/hadoop-common/3.2.1/hadoop-common-3.2.1-tests.jar:/home/user/.m2/repository/javax/servlet/jsp/jsp-api/2.1/jsp-api-2.1.jar:/home/user/.m2/repository/org/apache/hadoop/hadoop-hdfs/3.2.1/hadoop-hdfs-3.2.1-tests.jar:/home/user/.m2/repository/org/eclipse/jetty/jetty-util-ajax/9.4.26.v20200117/jetty-util-ajax-9.4.26.v20200117.jar:/home/user/.m2/repository/commons-codec/commons-codec/1.11/commons-codec-1.11.jar:/home/user/.m2/repository/commons-daemon/commons-daemon/1.0.13/commons-daemon-1.0.13.jar:/home/user/.m2/repository/io/netty/netty/3.10.5.Final/netty-3.10.5.Final.jar:/home/user/.m2/repository/io/netty/netty-all/4.1.48.Final/netty-all-4.1.48.Final.jar:/home/user/.m2/repository/org/apache/htrace/htrace-core4/4.1.0-incubating/htrace-core4-4.1.0-incubating.jar:/home/user/.m2/repository/org/fusesource/leveldbjni/leveldbjni-all/1.8/leveldbjni-all-1.8.jar:/home/user/.m2/repository/org/apache/hadoop/hadoop-distcp/3.2.1/hadoop-distcp-3.2.1.jar:/home/user/.m2/repository/org/apache/hadoop/hadoop-mapreduce-client-jobclient/3.2.1/hadoop-mapreduce-client-jobclient-3.2.1.jar:/home/user/.m2/repository/org/apache/hadoop/hadoop-mapreduce-client-common/3.2.1/hadoop-mapreduce-client-common-3.2.1.jar:/home/user/.m2/repository/org/apache/hadoop/hadoop-yarn-common/3.2.1/hadoop-yarn-common-3.2.1.jar:/home/user/.m2/repository/org/apache/hadoop/hadoop-yarn-api/3.2.1/hadoop-yarn-api-3.2.1.jar:/home/user/.m2/repository/com/sun/jersey/jersey-client/1.19/jersey-client-1.19.jar:/home/user/.m2/repository/com/sun/jersey/contribs/jersey-guice/1.19/jersey-guice-1.19.jar:/home/user/.m2/repository/com/fasterxml/jackson/jaxrs/jackson-jaxrs-json-provider/2.10.3/jackson-jaxrs-json-provider-2.10.3.jar:/home/user/.m2/repository/com/fasterxml/jackson/jaxrs/jackson-jaxrs-base/2.10.3/jackson-jaxrs-base-2.10.3.jar:/home/user/.m2/repository/org/apache/hadoop/hadoop-yarn-client/3.2.1/hadoop-yarn-client-3.2.1.jar:/home/user/.m2/repository/org/apache/hadoop/hadoop-mapreduce-client-core/3.2.1/hadoop-mapreduce-client-core-3.2.1.jar:/home/user/.m2/repository/org/apache/avro/avro/1.7.7/avro-1.7.7.jar:/home/user/.m2/repository/org/codehaus/jackson/jackson-core-asl/1.9.13/jackson-core-asl-1.9.13.jar:/home/user/.m2/repository/org/codehaus/jackson/jackson-mapper-asl/1.9.13/jackson-mapper-asl-1.9.13.jar:/home/user/.m2/repository/com/thoughtworks/paranamer/paranamer/2.3/paranamer-2.3.jar:/home/user/.m2/repository/org/xerial/snappy/snappy-java/1.0.5/snappy-java-1.0.5.jar:/home/user/.m2/repository/org/apache/hadoop/hadoop-annotations/3.2.1/hadoop-annotations-3.2.1.jar:/usr/lib/jvm/java-1.8.0-openjdk-1.8.0.232.b09-0.el7_7.x86_64/jre/../lib/tools.jar:/home/user/.m2/repository/org/apache/hadoop/hadoop-distcp/3.2.1/hadoop-distcp-3.2.1-tests.jar:"/>
    <property name="java.vm.vendor" value="Oracle Corporation"/>
    <property name="sun.arch.data.model" value="64"/>
    <property name="test.build.dir" value="/github/workspace/mnt/ozone/hadoop-ozone/integration-test/target/test-dir"/>
    <property name="test.cache.data" value=""/>
    <property name="java.vendor.url" value="http://java.oracle.com/"/>
    <property name="user.timezone" value=""/>
    <property name="java.vm.specification.version" value="1.8"/>
    <property name="os.name" value="Linux"/>
    <property name="test.build.data" value="/github/workspace/mnt/ozone/hadoop-ozone/integration-test/target/test-dir"/>
    <property name="user.country" value="US"/>
    <property name="sun.java.launcher" value="SUN_STANDARD"/>
    <property name="sun.boot.library.path" value="/usr/lib/jvm/java-1.8.0-openjdk-1.8.0.232.b09-0.el7_7.x86_64/jre/lib/amd64"/>
    <property name="sun.java.command" value="/github/workspace/mnt/ozone/hadoop-ozone/integration-test/target/surefire/surefirebooter5594275064834945131.jar /github/workspace/mnt/ozone/hadoop-ozone/integration-test/target/surefire 2020-07-08T12-50-35_715-jvmRun1 surefire8383917484365019007tmp surefire_175272768781411972790tmp"/>
    <property name="surefire.test.class.path" value="/github/workspace/mnt/ozone/hadoop-ozone/integration-test/target/test-classes:/github/workspace/mnt/ozone/hadoop-ozone/integration-test/target/classes:/home/user/.m2/repository/org/apache/hadoop/hadoop-ozone-common/0.6.0-SNAPSHOT/hadoop-ozone-common-0.6.0-SNAPSHOT.jar:/home/user/.m2/repository/org/apache/commons/commons-compress/1.4.1/commons-compress-1.4.1.jar:/home/user/.m2/repository/org/tukaani/xz/1.0/xz-1.0.jar:/home/user/.m2/repository/org/apache/hadoop/hadoop-hdds-common/0.6.0-SNAPSHOT/hadoop-hdds-common-0.6.0-SNAPSHOT.jar:/home/user/.m2/repository/org/apache/hadoop/hadoop-hdds-hadoop-dependency-client/0.6.0-SNAPSHOT/hadoop-hdds-hadoop-dependency-client-0.6.0-SNAPSHOT.jar:/home/user/.m2/repository/info/picocli/picocli/3.9.6/picocli-3.9.6.jar:/home/user/.m2/repository/com/fasterxml/jackson/core/jackson-annotations/2.10.3/jackson-annotations-2.10.3.jar:/home/user/.m2/repository/javax/annotation/javax.annotation-api/1.2/javax.annotation-api-1.2.jar:/home/user/.m2/repository/org/apache/ratis/ratis-server/0.6.0-6ab75ae-SNAPSHOT/ratis-server-0.6.0-6ab75ae-SNAPSHOT.jar:/home/user/.m2/repository/org/apache/ratis/ratis-client/0.6.0-6ab75ae-SNAPSHOT/ratis-client-0.6.0-6ab75ae-SNAPSHOT.jar:/home/user/.m2/repository/org/apache/ratis/ratis-metrics/0.6.0-6ab75ae-SNAPSHOT/ratis-metrics-0.6.0-6ab75ae-SNAPSHOT.jar:/home/user/.m2/repository/org/apache/ratis/ratis-netty/0.6.0-6ab75ae-SNAPSHOT/ratis-netty-0.6.0-6ab75ae-SNAPSHOT.jar:/home/user/.m2/repository/org/apache/ratis/ratis-grpc/0.6.0-6ab75ae-SNAPSHOT/ratis-grpc-0.6.0-6ab75ae-SNAPSHOT.jar:/home/user/.m2/repository/org/apache/logging/log4j/log4j-api/2.11.0/log4j-api-2.11.0.jar:/home/user/.m2/repository/org/apache/logging/log4j/log4j-core/2.11.0/log4j-core-2.11.0.jar:/home/user/.m2/repository/com/lmax/disruptor/3.4.2/disruptor-3.4.2.jar:/home/user/.m2/repository/org/apache/commons/commons-pool2/2.6.0/commons-pool2-2.6.0.jar:/home/user/.m2/repository/org/bouncycastle/bcpkix-jdk15on/1.60/bcpkix-jdk15on-1.60.jar:/home/user/.m2/repository/commons-validator/commons-validator/1.6/commons-validator-1.6.jar:/home/user/.m2/repository/commons-digester/commons-digester/1.8.1/commons-digester-1.8.1.jar:/home/user/.m2/repository/io/jaegertracing/jaeger-client/1.2.0/jaeger-client-1.2.0.jar:/home/user/.m2/repository/io/jaegertracing/jaeger-thrift/1.2.0/jaeger-thrift-1.2.0.jar:/home/user/.m2/repository/org/apache/thrift/libthrift/0.13.0/libthrift-0.13.0.jar:/home/user/.m2/repository/com/squareup/okhttp3/okhttp/4.2.2/okhttp-4.2.2.jar:/home/user/.m2/repository/com/squareup/okio/okio/2.2.2/okio-2.2.2.jar:/home/user/.m2/repository/org/jetbrains/kotlin/kotlin-stdlib/1.3.50/kotlin-stdlib-1.3.50.jar:/home/user/.m2/repository/org/jetbrains/kotlin/kotlin-stdlib-common/1.3.50/kotlin-stdlib-common-1.3.50.jar:/home/user/.m2/repository/org/jetbrains/annotations/13.0/annotations-13.0.jar:/home/user/.m2/repository/io/jaegertracing/jaeger-core/1.2.0/jaeger-core-1.2.0.jar:/home/user/.m2/repository/io/jaegertracing/jaeger-tracerresolver/1.2.0/jaeger-tracerresolver-1.2.0.jar:/home/user/.m2/repository/io/opentracing/contrib/opentracing-tracerresolver/0.1.8/opentracing-tracerresolver-0.1.8.jar:/home/user/.m2/repository/io/opentracing/opentracing-util/0.33.0/opentracing-util-0.33.0.jar:/home/user/.m2/repository/io/opentracing/opentracing-api/0.33.0/opentracing-api-0.33.0.jar:/home/user/.m2/repository/io/opentracing/opentracing-noop/0.33.0/opentracing-noop-0.33.0.jar:/home/user/.m2/repository/org/apache/hadoop/hadoop-hdds-client/0.6.0-SNAPSHOT/hadoop-hdds-client-0.6.0-SNAPSHOT.jar:/home/user/.m2/repository/org/apache/hadoop/hadoop-ozone-interface-client/0.6.0-SNAPSHOT/hadoop-ozone-interface-client-0.6.0-SNAPSHOT.jar:/home/user/.m2/repository/org/apache/hadoop/hadoop-hdds-test-utils/0.6.0-SNAPSHOT/hadoop-hdds-test-utils-0.6.0-SNAPSHOT.jar:/home/user/.m2/repository/com/google/guava/guava/28.2-jre/guava-28.2-jre.jar:/home/user/.m2/repository/com/google/guava/failureaccess/1.0.1/failureaccess-1.0.1.jar:/home/user/.m2/repository/com/google/guava/listenablefuture/9999.0-empty-to-avoid-conflict-with-guava/listenablefuture-9999.0-empty-to-avoid-conflict-with-guava.jar:/home/user/.m2/repository/com/google/code/findbugs/jsr305/3.0.0/jsr305-3.0.0.jar:/home/user/.m2/repository/org/checkerframework/checker-qual/2.10.0/checker-qual-2.10.0.jar:/home/user/.m2/repository/com/google/errorprone/error_prone_annotations/2.2.0/error_prone_annotations-2.2.0.jar:/home/user/.m2/repository/com/google/j2objc/j2objc-annotations/1.3/j2objc-annotations-1.3.jar:/home/user/.m2/repository/commons-io/commons-io/2.5/commons-io-2.5.jar:/home/user/.m2/repository/commons-logging/commons-logging/1.2/commons-logging-1.2.jar:/home/user/.m2/repository/log4j/log4j/1.2.17/log4j-1.2.17.jar:/home/user/.m2/repository/org/slf4j/slf4j-api/1.7.25/slf4j-api-1.7.25.jar:/home/user/.m2/repository/org/apache/hadoop/hadoop-hdds-server-scm/0.6.0-SNAPSHOT/hadoop-hdds-server-scm-0.6.0-SNAPSHOT.jar:/home/user/.m2/repository/org/apache/hadoop/hadoop-hdds-container-service/0.6.0-SNAPSHOT/hadoop-hdds-container-service-0.6.0-SNAPSHOT.jar:/home/user/.m2/repository/org/apache/hadoop/hadoop-hdds-hadoop-dependency-server/0.6.0-SNAPSHOT/hadoop-hdds-hadoop-dependency-server-0.6.0-SNAPSHOT.jar:/home/user/.m2/repository/org/apache/hadoop/hadoop-hdds-server-framework/0.6.0-SNAPSHOT/hadoop-hdds-server-framework-0.6.0-SNAPSHOT.jar:/home/user/.m2/repository/org/apache/hadoop/hadoop-hdds-interface-server/0.6.0-SNAPSHOT/hadoop-hdds-interface-server-0.6.0-SNAPSHOT.jar:/home/user/.m2/repository/org/apache/hadoop/hadoop-hdds-interface-admin/0.6.0-SNAPSHOT/hadoop-hdds-interface-admin-0.6.0-SNAPSHOT.jar:/home/user/.m2/repository/org/rocksdb/rocksdbjni/6.8.1/rocksdbjni-6.8.1.jar:/home/user/.m2/repository/io/prometheus/simpleclient_dropwizard/0.7.0/simpleclient_dropwizard-0.7.0.jar:/home/user/.m2/repository/io/prometheus/simpleclient/0.7.0/simpleclient-0.7.0.jar:/home/user/.m2/repository/io/prometheus/simpleclient_common/0.7.0/simpleclient_common-0.7.0.jar:/home/user/.m2/repository/com/fasterxml/jackson/datatype/jackson-datatype-jsr310/2.10.3/jackson-datatype-jsr310-2.10.3.jar:/home/user/.m2/repository/org/apache/hadoop/hadoop-hdds-docs/0.6.0-SNAPSHOT/hadoop-hdds-docs-0.6.0-SNAPSHOT.jar:/home/user/.m2/repository/io/dropwizard/metrics/metrics-core/3.2.4/metrics-core-3.2.4.jar:/home/user/.m2/repository/org/apache/hadoop/hadoop-hdfs-client/3.2.1/hadoop-hdfs-client-3.2.1.jar:/home/user/.m2/repository/org/bouncycastle/bcprov-jdk15on/1.60/bcprov-jdk15on-1.60.jar:/home/user/.m2/repository/org/apache/hadoop/hadoop-ozone-ozone-manager/0.6.0-SNAPSHOT/hadoop-ozone-ozone-manager-0.6.0-SNAPSHOT.jar:/home/user/.m2/repository/org/apache/hadoop/hadoop-hdds-interface-client/0.6.0-SNAPSHOT/hadoop-hdds-interface-client-0.6.0-SNAPSHOT.jar:/home/user/.m2/repository/org/apache/ratis/ratis-thirdparty-misc/0.4.0/ratis-thirdparty-misc-0.4.0.jar:/home/user/.m2/repository/org/apache/hadoop/hadoop-minikdc/3.2.1/hadoop-minikdc-3.2.1.jar:/home/user/.m2/repository/org/apache/kerby/kerb-simplekdc/1.0.1/kerb-simplekdc-1.0.1.jar:/home/user/.m2/repository/org/apache/kerby/kerb-client/1.0.1/kerb-client-1.0.1.jar:/home/user/.m2/repository/org/apache/kerby/kerby-config/1.0.1/kerby-config-1.0.1.jar:/home/user/.m2/repository/org/apache/kerby/kerb-core/1.0.1/kerb-core-1.0.1.jar:/home/user/.m2/repository/org/apache/kerby/kerby-pkix/1.0.1/kerby-pkix-1.0.1.jar:/home/user/.m2/repository/org/apache/kerby/kerby-asn1/1.0.1/kerby-asn1-1.0.1.jar:/home/user/.m2/repository/org/apache/kerby/kerby-util/1.0.1/kerby-util-1.0.1.jar:/home/user/.m2/repository/org/apache/kerby/kerb-common/1.0.1/kerb-common-1.0.1.jar:/home/user/.m2/repository/org/apache/kerby/kerb-crypto/1.0.1/kerb-crypto-1.0.1.jar:/home/user/.m2/repository/org/apache/kerby/kerb-util/1.0.1/kerb-util-1.0.1.jar:/home/user/.m2/repository/org/apache/kerby/token-provider/1.0.1/token-provider-1.0.1.jar:/home/user/.m2/repository/org/apache/kerby/kerb-admin/1.0.1/kerb-admin-1.0.1.jar:/home/user/.m2/repository/org/apache/kerby/kerb-server/1.0.1/kerb-server-1.0.1.jar:/home/user/.m2/repository/org/apache/kerby/kerb-identity/1.0.1/kerb-identity-1.0.1.jar:/home/user/.m2/repository/org/apache/kerby/kerby-xdr/1.0.1/kerby-xdr-1.0.1.jar:/home/user/.m2/repository/org/slf4j/slf4j-log4j12/1.7.25/slf4j-log4j12-1.7.25.jar:/home/user/.m2/repository/org/apache/hadoop/hadoop-ozone-s3gateway/0.6.0-SNAPSHOT/hadoop-ozone-s3gateway-0.6.0-SNAPSHOT.jar:/home/user/.m2/repository/org/jboss/weld/servlet/weld-servlet/2.4.7.Final/weld-servlet-2.4.7.Final.jar:/home/user/.m2/repository/org/glassfish/jersey/containers/jersey-container-servlet-core/2.27/jersey-container-servlet-core-2.27.jar:/home/user/.m2/repository/org/glassfish/hk2/external/javax.inject/2.5.0-b42/javax.inject-2.5.0-b42.jar:/home/user/.m2/repository/org/glassfish/jersey/core/jersey-common/2.27/jersey-common-2.27.jar:/home/user/.m2/repository/org/glassfish/hk2/osgi-resource-locator/1.0.1/osgi-resource-locator-1.0.1.jar:/home/user/.m2/repository/javax/ws/rs/javax.ws.rs-api/2.1/javax.ws.rs-api-2.1.jar:/home/user/.m2/repository/org/glassfish/jersey/ext/cdi/jersey-cdi1x/2.27/jersey-cdi1x-2.27.jar:/home/user/.m2/repository/org/glassfish/jersey/inject/jersey-hk2/2.27/jersey-hk2-2.27.jar:/home/user/.m2/repository/org/glassfish/hk2/hk2-locator/2.5.0-b42/hk2-locator-2.5.0-b42.jar:/home/user/.m2/repository/org/javassist/javassist/3.22.0-CR2/javassist-3.22.0-CR2.jar:/home/user/.m2/repository/org/glassfish/hk2/hk2-api/2.5.0/hk2-api-2.5.0.jar:/home/user/.m2/repository/org/glassfish/hk2/external/jakarta.inject/2.5.0/jakarta.inject-2.5.0.jar:/home/user/.m2/repository/org/glassfish/hk2/hk2-utils/2.5.0/hk2-utils-2.5.0.jar:/home/user/.m2/repository/jakarta/annotation/jakarta.annotation-api/1.3.4/jakarta.annotation-api-1.3.4.jar:/home/user/.m2/repository/org/glassfish/hk2/external/aopalliance-repackaged/2.5.0/aopalliance-repackaged-2.5.0.jar:/home/user/.m2/repository/com/fasterxml/jackson/dataformat/jackson-dataformat-xml/2.10.3/jackson-dataformat-xml-2.10.3.jar:/home/user/.m2/repository/com/fasterxml/jackson/core/jackson-core/2.10.3/jackson-core-2.10.3.jar:/home/user/.m2/repository/com/fasterxml/jackson/module/jackson-module-jaxb-annotations/2.10.3/jackson-module-jaxb-annotations-2.10.3.jar:/home/user/.m2/repository/jakarta/xml/bind/jakarta.xml.bind-api/2.3.2/jakarta.xml.bind-api-2.3.2.jar:/home/user/.m2/repository/jakarta/activation/jakarta.activation-api/1.2.1/jakarta.activation-api-1.2.1.jar:/home/user/.m2/repository/org/codehaus/woodstox/stax2-api/3.1.4/stax2-api-3.1.4.jar:/home/user/.m2/repository/com/fasterxml/woodstox/woodstox-core/5.0.3/woodstox-core-5.0.3.jar:/home/user/.m2/repository/javax/enterprise/cdi-api/1.2/cdi-api-1.2.jar:/home/user/.m2/repository/javax/el/javax.el-api/3.0.0/javax.el-api-3.0.0.jar:/home/user/.m2/repository/javax/interceptor/javax.interceptor-api/1.2/javax.interceptor-api-1.2.jar:/home/user/.m2/repository/javax/inject/javax.inject/1/javax.inject-1.jar:/home/user/.m2/repository/com/sun/xml/bind/jaxb-impl/2.3.0.1/jaxb-impl-2.3.0.1.jar:/home/user/.m2/repository/com/sun/xml/bind/jaxb-core/2.3.0.1/jaxb-core-2.3.0.1.jar:/home/user/.m2/repository/javax/xml/bind/jaxb-api/2.3.0/jaxb-api-2.3.0.jar:/home/user/.m2/repository/javax/activation/activation/1.1.1/activation-1.1.1.jar:/home/user/.m2/repository/org/apache/hadoop/hadoop-ozone-csi/0.6.0-SNAPSHOT/hadoop-ozone-csi-0.6.0-SNAPSHOT.jar:/home/user/.m2/repository/com/google/protobuf/protobuf-java-util/3.11.0/protobuf-java-util-3.11.0.jar:/home/user/.m2/repository/com/google/code/gson/gson/2.2.4/gson-2.2.4.jar:/home/user/.m2/repository/org/apache/hadoop/hadoop-hdds-config/0.6.0-SNAPSHOT/hadoop-hdds-config-0.6.0-SNAPSHOT.jar:/home/user/.m2/repository/com/google/protobuf/protobuf-java/2.5.0/protobuf-java-2.5.0.jar:/home/user/.m2/repository/io/grpc/grpc-netty/1.29.0/grpc-netty-1.29.0.jar:/home/user/.m2/repository/io/grpc/grpc-core/1.29.0/grpc-core-1.29.0.jar:/home/user/.m2/repository/com/google/android/annotations/4.1.1.4/annotations-4.1.1.4.jar:/home/user/.m2/repository/io/perfmark/perfmark-api/0.19.0/perfmark-api-0.19.0.jar:/home/user/.m2/repository/io/netty/netty-codec-http2/4.1.48.Final/netty-codec-http2-4.1.48.Final.jar:/home/user/.m2/repository/io/netty/netty-codec/4.1.48.Final/netty-codec-4.1.48.Final.jar:/home/user/.m2/repository/io/netty/netty-handler/4.1.48.Final/netty-handler-4.1.48.Final.jar:/home/user/.m2/repository/io/netty/netty-codec-http/4.1.48.Final/netty-codec-http-4.1.48.Final.jar:/home/user/.m2/repository/io/netty/netty-handler-proxy/4.1.48.Final/netty-handler-proxy-4.1.48.Final.jar:/home/user/.m2/repository/io/netty/netty-codec-socks/4.1.48.Final/netty-codec-socks-4.1.48.Final.jar:/home/user/.m2/repository/io/netty/netty-transport-native-epoll/4.1.48.Final/netty-transport-native-epoll-4.1.48.Final.jar:/home/user/.m2/repository/io/netty/netty-common/4.1.48.Final/netty-common-4.1.48.Final.jar:/home/user/.m2/repository/io/netty/netty-buffer/4.1.48.Final/netty-buffer-4.1.48.Final.jar:/home/user/.m2/repository/io/netty/netty-transport/4.1.48.Final/netty-transport-4.1.48.Final.jar:/home/user/.m2/repository/io/netty/netty-resolver/4.1.48.Final/netty-resolver-4.1.48.Final.jar:/home/user/.m2/repository/io/netty/netty-transport-native-unix-common/4.1.48.Final/netty-transport-native-unix-common-4.1.48.Final.jar:/home/user/.m2/repository/io/grpc/grpc-protobuf/1.29.0/grpc-protobuf-1.29.0.jar:/home/user/.m2/repository/io/grpc/grpc-api/1.29.0/grpc-api-1.29.0.jar:/home/user/.m2/repository/io/grpc/grpc-context/1.29.0/grpc-context-1.29.0.jar:/home/user/.m2/repository/org/codehaus/mojo/animal-sniffer-annotations/1.18/animal-sniffer-annotations-1.18.jar:/home/user/.m2/repository/com/google/api/grpc/proto-google-common-protos/1.17.0/proto-google-common-protos-1.17.0.jar:/home/user/.m2/repository/io/grpc/grpc-protobuf-lite/1.29.0/grpc-protobuf-lite-1.29.0.jar:/home/user/.m2/repository/io/grpc/grpc-stub/1.29.0/grpc-stub-1.29.0.jar:/home/user/.m2/repository/org/apache/hadoop/hadoop-ozone-recon/0.6.0-SNAPSHOT/hadoop-ozone-recon-0.6.0-SNAPSHOT.jar:/home/user/.m2/repository/org/apache/hadoop/hadoop-ozone-reconcodegen/0.6.0-SNAPSHOT/hadoop-ozone-reconcodegen-0.6.0-SNAPSHOT.jar:/home/user/.m2/repository/com/google/inject/extensions/guice-multibindings/4.0/guice-multibindings-4.0.jar:/home/user/.m2/repository/com/google/inject/guice/4.0/guice-4.0.jar:/home/user/.m2/repository/aopalliance/aopalliance/1.0/aopalliance-1.0.jar:/home/user/.m2/repository/com/google/inject/extensions/guice-assistedinject/4.0/guice-assistedinject-4.0.jar:/home/user/.m2/repository/com/google/inject/extensions/guice-servlet/4.0/guice-servlet-4.0.jar:/home/user/.m2/repository/org/glassfish/jersey/containers/jersey-container-servlet/2.27/jersey-container-servlet-2.27.jar:/home/user/.m2/repository/org/glassfish/hk2/guice-bridge/2.5.0/guice-bridge-2.5.0.jar:/home/user/.m2/repository/org/glassfish/jersey/core/jersey-server/2.27/jersey-server-2.27.jar:/home/user/.m2/repository/org/glassfish/jersey/core/jersey-client/2.27/jersey-client-2.27.jar:/home/user/.m2/repository/org/glassfish/jersey/media/jersey-media-jaxb/2.27/jersey-media-jaxb-2.27.jar:/home/user/.m2/repository/javax/validation/validation-api/1.1.0.Final/validation-api-1.1.0.Final.jar:/home/user/.m2/repository/org/glassfish/jersey/media/jersey-media-json-jackson/2.27/jersey-media-json-jackson-2.27.jar:/home/user/.m2/repository/org/glassfish/jersey/ext/jersey-entity-filtering/2.27/jersey-entity-filtering-2.27.jar:/home/user/.m2/repository/org/jooq/jooq/3.11.10/jooq-3.11.10.jar:/home/user/.m2/repository/org/jooq/jooq-meta/3.11.10/jooq-meta-3.11.10.jar:/home/user/.m2/repository/org/jooq/jooq-codegen/3.11.10/jooq-codegen-3.11.10.jar:/home/user/.m2/repository/com/jolbox/bonecp/0.8.0.RELEASE/bonecp-0.8.0.RELEASE.jar:/home/user/.m2/repository/org/apache/derby/derby/10.14.2.0/derby-10.14.2.0.jar:/home/user/.m2/repository/org/xerial/sqlite-jdbc/3.25.2/sqlite-jdbc-3.25.2.jar:/home/user/.m2/repository/org/springframework/spring-jdbc/5.2.5.RELEASE/spring-jdbc-5.2.5.RELEASE.jar:/home/user/.m2/repository/org/springframework/spring-beans/5.2.5.RELEASE/spring-beans-5.2.5.RELEASE.jar:/home/user/.m2/repository/org/springframework/spring-core/5.2.5.RELEASE/spring-core-5.2.5.RELEASE.jar:/home/user/.m2/repository/org/springframework/spring-jcl/5.2.5.RELEASE/spring-jcl-5.2.5.RELEASE.jar:/home/user/.m2/repository/org/springframework/spring-tx/5.2.5.RELEASE/spring-tx-5.2.5.RELEASE.jar:/home/user/.m2/repository/org/apache/hadoop/hadoop-ozone-client/0.6.0-SNAPSHOT/hadoop-ozone-client-0.6.0-SNAPSHOT.jar:/home/user/.m2/repository/org/apache/hadoop/hadoop-ozone-filesystem/0.6.0-SNAPSHOT/hadoop-ozone-filesystem-0.6.0-SNAPSHOT.jar:/home/user/.m2/repository/org/apache/hadoop/hadoop-ozone-filesystem-common/0.6.0-SNAPSHOT/hadoop-ozone-filesystem-common-0.6.0-SNAPSHOT.jar:/home/user/.m2/repository/org/apache/hadoop/hadoop-ozone-tools/0.6.0-SNAPSHOT/hadoop-ozone-tools-0.6.0-SNAPSHOT.jar:/home/user/.m2/repository/org/apache/hadoop/hadoop-hdfs/3.2.1/hadoop-hdfs-3.2.1.jar:/home/user/.m2/repository/org/apache/ratis/ratis-tools/0.6.0-6ab75ae-SNAPSHOT/ratis-tools-0.6.0-6ab75ae-SNAPSHOT.jar:/home/user/.m2/repository/org/apache/ratis/ratis-proto/0.6.0-6ab75ae-SNAPSHOT/ratis-proto-0.6.0-6ab75ae-SNAPSHOT.jar:/home/user/.m2/repository/org/apache/ratis/ratis-common/0.6.0-6ab75ae-SNAPSHOT/ratis-common-0.6.0-6ab75ae-SNAPSHOT.jar:/home/user/.m2/repository/com/amazonaws/aws-java-sdk-core/1.11.615/aws-java-sdk-core-1.11.615.jar:/home/user/.m2/repository/org/apache/httpcomponents/httpclient/4.5.2/httpclient-4.5.2.jar:/home/user/.m2/repository/org/apache/httpcomponents/httpcore/4.4.4/httpcore-4.4.4.jar:/home/user/.m2/repository/software/amazon/ion/ion-java/1.0.2/ion-java-1.0.2.jar:/home/user/.m2/repository/com/fasterxml/jackson/dataformat/jackson-dataformat-cbor/2.10.3/jackson-dataformat-cbor-2.10.3.jar:/home/user/.m2/repository/joda-time/joda-time/2.8.1/joda-time-2.8.1.jar:/home/user/.m2/repository/com/amazonaws/aws-java-sdk-s3/1.11.615/aws-java-sdk-s3-1.11.615.jar:/home/user/.m2/repository/com/amazonaws/aws-java-sdk-kms/1.11.615/aws-java-sdk-kms-1.11.615.jar:/home/user/.m2/repository/com/amazonaws/jmespath-java/1.11.615/jmespath-java-1.11.615.jar:/home/user/.m2/repository/org/apache/hadoop/hadoop-hdds-tools/0.6.0-SNAPSHOT/hadoop-hdds-tools-0.6.0-SNAPSHOT.jar:/home/user/.m2/repository/commons-cli/commons-cli/1.2/commons-cli-1.2.jar:/home/user/.m2/repository/org/apache/commons/commons-lang3/3.7/commons-lang3-3.7.jar:/home/user/.m2/repository/org/apache/hadoop/hadoop-ozone-ozone-manager/0.6.0-SNAPSHOT/hadoop-ozone-ozone-manager-0.6.0-SNAPSHOT-tests.jar:/home/user/.m2/repository/junit/junit/4.11/junit-4.11.jar:/home/user/.m2/repository/org/hamcrest/hamcrest-core/1.3/hamcrest-core-1.3.jar:/home/user/.m2/repository/org/openjdk/jmh/jmh-core/1.19/jmh-core-1.19.jar:/home/user/.m2/repository/net/sf/jopt-simple/jopt-simple/4.6/jopt-simple-4.6.jar:/home/user/.m2/repository/org/apache/commons/commons-math3/3.1.1/commons-math3-3.1.1.jar:/home/user/.m2/repository/org/openjdk/jmh/jmh-generator-annprocess/1.19/jmh-generator-annprocess-1.19.jar:/home/user/.m2/repository/org/mockito/mockito-all/1.8.5/mockito-all-1.8.5.jar:/home/user/.m2/repository/org/apache/hadoop/hadoop-kms/3.2.1/hadoop-kms-3.2.1.jar:/home/user/.m2/repository/org/apache/hadoop/hadoop-auth/3.2.1/hadoop-auth-3.2.1.jar:/home/user/.m2/repository/com/nimbusds/nimbus-jose-jwt/7.9/nimbus-jose-jwt-7.9.jar:/home/user/.m2/repository/com/github/stephenc/jcip/jcip-annotations/1.0-1/jcip-annotations-1.0-1.jar:/home/user/.m2/repository/net/minidev/json-smart/2.3/json-smart-2.3.jar:/home/user/.m2/repository/net/minidev/accessors-smart/1.2/accessors-smart-1.2.jar:/home/user/.m2/repository/org/ow2/asm/asm/5.0.4/asm-5.0.4.jar:/home/user/.m2/repository/org/apache/zookeeper/zookeeper/3.4.13/zookeeper-3.4.13.jar:/home/user/.m2/repository/org/apache/yetus/audience-annotations/0.5.0/audience-annotations-0.5.0.jar:/home/user/.m2/repository/org/apache/curator/curator-framework/2.13.0/curator-framework-2.13.0.jar:/home/user/.m2/repository/com/sun/jersey/jersey-core/1.19/jersey-core-1.19.jar:/home/user/.m2/repository/javax/ws/rs/jsr311-api/1.1.1/jsr311-api-1.1.1.jar:/home/user/.m2/repository/com/sun/jersey/jersey-server/1.19/jersey-server-1.19.jar:/home/user/.m2/repository/javax/servlet/javax.servlet-api/3.1.0/javax.servlet-api-3.1.0.jar:/home/user/.m2/repository/org/eclipse/jetty/jetty-server/9.4.26.v20200117/jetty-server-9.4.26.v20200117.jar:/home/user/.m2/repository/org/eclipse/jetty/jetty-http/9.4.26.v20200117/jetty-http-9.4.26.v20200117.jar:/home/user/.m2/repository/org/eclipse/jetty/jetty-io/9.4.26.v20200117/jetty-io-9.4.26.v20200117.jar:/home/user/.m2/repository/org/eclipse/jetty/jetty-webapp/9.4.26.v20200117/jetty-webapp-9.4.26.v20200117.jar:/home/user/.m2/repository/org/eclipse/jetty/jetty-xml/9.4.26.v20200117/jetty-xml-9.4.26.v20200117.jar:/home/user/.m2/repository/org/eclipse/jetty/jetty-servlet/9.4.26.v20200117/jetty-servlet-9.4.26.v20200117.jar:/home/user/.m2/repository/org/eclipse/jetty/jetty-security/9.4.26.v20200117/jetty-security-9.4.26.v20200117.jar:/home/user/.m2/repository/org/apache/hadoop/hadoop-common/3.2.1/hadoop-common-3.2.1.jar:/home/user/.m2/repository/commons-net/commons-net/3.6/commons-net-3.6.jar:/home/user/.m2/repository/commons-collections/commons-collections/3.2.2/commons-collections-3.2.2.jar:/home/user/.m2/repository/com/sun/jersey/jersey-servlet/1.19/jersey-servlet-1.19.jar:/home/user/.m2/repository/com/sun/jersey/jersey-json/1.19/jersey-json-1.19.jar:/home/user/.m2/repository/org/codehaus/jettison/jettison/1.1/jettison-1.1.jar:/home/user/.m2/repository/org/codehaus/jackson/jackson-jaxrs/1.9.2/jackson-jaxrs-1.9.2.jar:/home/user/.m2/repository/org/codehaus/jackson/jackson-xc/1.9.2/jackson-xc-1.9.2.jar:/home/user/.m2/repository/commons-beanutils/commons-beanutils/1.9.4/commons-beanutils-1.9.4.jar:/home/user/.m2/repository/org/apache/commons/commons-configuration2/2.1.1/commons-configuration2-2.1.1.jar:/home/user/.m2/repository/org/apache/commons/commons-text/1.4/commons-text-1.4.jar:/home/user/.m2/repository/com/google/re2j/re2j/1.1/re2j-1.1.jar:/home/user/.m2/repository/com/jcraft/jsch/0.1.54/jsch-0.1.54.jar:/home/user/.m2/repository/org/apache/curator/curator-client/2.13.0/curator-client-2.13.0.jar:/home/user/.m2/repository/org/apache/curator/curator-recipes/2.13.0/curator-recipes-2.13.0.jar:/home/user/.m2/repository/dnsjava/dnsjava/2.1.7/dnsjava-2.1.7.jar:/home/user/.m2/repository/org/slf4j/jul-to-slf4j/1.7.25/jul-to-slf4j-1.7.25.jar:/home/user/.m2/repository/org/eclipse/jetty/jetty-util/9.4.26.v20200117/jetty-util-9.4.26.v20200117.jar:/home/user/.m2/repository/com/fasterxml/jackson/core/jackson-databind/2.10.3/jackson-databind-2.10.3.jar:/home/user/.m2/repository/org/apache/hadoop/hadoop-kms/3.2.1/hadoop-kms-3.2.1-tests.jar:/home/user/.m2/repository/org/apache/hadoop/hadoop-hdds-server-scm/0.6.0-SNAPSHOT/hadoop-hdds-server-scm-0.6.0-SNAPSHOT-tests.jar:/home/user/.m2/repository/org/apache/hadoop/hadoop-hdds-container-service/0.6.0-SNAPSHOT/hadoop-hdds-container-service-0.6.0-SNAPSHOT-tests.jar:/home/user/.m2/repository/org/apache/hadoop/hadoop-hdds-common/0.6.0-SNAPSHOT/hadoop-hdds-common-0.6.0-SNAPSHOT-tests.jar:/home/user/.m2/repository/org/yaml/snakeyaml/1.16/snakeyaml-1.16.jar:/home/user/.m2/repository/org/apache/hadoop/hadoop-hdds-hadoop-dependency-test/0.6.0-SNAPSHOT/hadoop-hdds-hadoop-dependency-test-0.6.0-SNAPSHOT.jar:/home/user/.m2/repository/org/apache/hadoop/hadoop-common/3.2.1/hadoop-common-3.2.1-tests.jar:/home/user/.m2/repository/javax/servlet/jsp/jsp-api/2.1/jsp-api-2.1.jar:/home/user/.m2/repository/org/apache/hadoop/hadoop-hdfs/3.2.1/hadoop-hdfs-3.2.1-tests.jar:/home/user/.m2/repository/org/eclipse/jetty/jetty-util-ajax/9.4.26.v20200117/jetty-util-ajax-9.4.26.v20200117.jar:/home/user/.m2/repository/commons-codec/commons-codec/1.11/commons-codec-1.11.jar:/home/user/.m2/repository/commons-daemon/commons-daemon/1.0.13/commons-daemon-1.0.13.jar:/home/user/.m2/repository/io/netty/netty/3.10.5.Final/netty-3.10.5.Final.jar:/home/user/.m2/repository/io/netty/netty-all/4.1.48.Final/netty-all-4.1.48.Final.jar:/home/user/.m2/repository/org/apache/htrace/htrace-core4/4.1.0-incubating/htrace-core4-4.1.0-incubating.jar:/home/user/.m2/repository/org/fusesource/leveldbjni/leveldbjni-all/1.8/leveldbjni-all-1.8.jar:/home/user/.m2/repository/org/apache/hadoop/hadoop-distcp/3.2.1/hadoop-distcp-3.2.1.jar:/home/user/.m2/repository/org/apache/hadoop/hadoop-mapreduce-client-jobclient/3.2.1/hadoop-mapreduce-client-jobclient-3.2.1.jar:/home/user/.m2/repository/org/apache/hadoop/hadoop-mapreduce-client-common/3.2.1/hadoop-mapreduce-client-common-3.2.1.jar:/home/user/.m2/repository/org/apache/hadoop/hadoop-yarn-common/3.2.1/hadoop-yarn-common-3.2.1.jar:/home/user/.m2/repository/org/apache/hadoop/hadoop-yarn-api/3.2.1/hadoop-yarn-api-3.2.1.jar:/home/user/.m2/repository/com/sun/jersey/jersey-client/1.19/jersey-client-1.19.jar:/home/user/.m2/repository/com/sun/jersey/contribs/jersey-guice/1.19/jersey-guice-1.19.jar:/home/user/.m2/repository/com/fasterxml/jackson/jaxrs/jackson-jaxrs-json-provider/2.10.3/jackson-jaxrs-json-provider-2.10.3.jar:/home/user/.m2/repository/com/fasterxml/jackson/jaxrs/jackson-jaxrs-base/2.10.3/jackson-jaxrs-base-2.10.3.jar:/home/user/.m2/repository/org/apache/hadoop/hadoop-yarn-client/3.2.1/hadoop-yarn-client-3.2.1.jar:/home/user/.m2/repository/org/apache/hadoop/hadoop-mapreduce-client-core/3.2.1/hadoop-mapreduce-client-core-3.2.1.jar:/home/user/.m2/repository/org/apache/avro/avro/1.7.7/avro-1.7.7.jar:/home/user/.m2/repository/org/codehaus/jackson/jackson-core-asl/1.9.13/jackson-core-asl-1.9.13.jar:/home/user/.m2/repository/org/codehaus/jackson/jackson-mapper-asl/1.9.13/jackson-mapper-asl-1.9.13.jar:/home/user/.m2/repository/com/thoughtworks/paranamer/paranamer/2.3/paranamer-2.3.jar:/home/user/.m2/repository/org/xerial/snappy/snappy-java/1.0.5/snappy-java-1.0.5.jar:/home/user/.m2/repository/org/apache/hadoop/hadoop-annotations/3.2.1/hadoop-annotations-3.2.1.jar:/usr/lib/jvm/java-1.8.0-openjdk-1.8.0.232.b09-0.el7_7.x86_64/jre/../lib/tools.jar:/home/user/.m2/repository/org/apache/hadoop/hadoop-distcp/3.2.1/hadoop-distcp-3.2.1-tests.jar:"/>
    <property name="sun.cpu.endian" value="little"/>
    <property name="user.home" value="/home/user"/>
    <property name="user.language" value="en"/>
    <property name="java.specification.vendor" value="Oracle Corporation"/>
    <property name="java.home" value="/usr/lib/jvm/java-1.8.0-openjdk-1.8.0.232.b09-0.el7_7.x86_64/jre"/>
    <property name="java.security.krb5.conf" value="/github/workspace/mnt/ozone/hadoop-ozone/integration-test/target/test-classes/krb5.conf"/>
    <property name="basedir" value="/github/workspace/mnt/ozone/hadoop-ozone/integration-test"/>
    <property name="file.separator" value="/"/>
    <property name="line.separator" value="&#10;"/>
    <property name="java.vm.specification.vendor" value="Oracle Corporation"/>
    <property name="java.specification.name" value="Java Platform API Specification"/>
    <property name="java.awt.graphicsenv" value="sun.awt.X11GraphicsEnvironment"/>
    <property name="skip.installnpx" value="true"/>
    <property name="surefire.real.class.path" value="/github/workspace/mnt/ozone/hadoop-ozone/integration-test/target/surefire/surefirebooter5594275064834945131.jar:/home/user/.m2/repository/org/jacoco/org.jacoco.agent/0.8.5/org.jacoco.agent-0.8.5-runtime.jar"/>
    <property name="hadoop.log.dir" value="/github/workspace/mnt/ozone/hadoop-ozone/integration-test/target/log"/>
    <property name="sun.boot.class.path" value="/usr/lib/jvm/java-1.8.0-openjdk-1.8.0.232.b09-0.el7_7.x86_64/jre/lib/resources.jar:/usr/lib/jvm/java-1.8.0-openjdk-1.8.0.232.b09-0.el7_7.x86_64/jre/lib/rt.jar:/usr/lib/jvm/java-1.8.0-openjdk-1.8.0.232.b09-0.el7_7.x86_64/jre/lib/sunrsasign.jar:/usr/lib/jvm/java-1.8.0-openjdk-1.8.0.232.b09-0.el7_7.x86_64/jre/lib/jsse.jar:/usr/lib/jvm/java-1.8.0-openjdk-1.8.0.232.b09-0.el7_7.x86_64/jre/lib/jce.jar:/usr/lib/jvm/java-1.8.0-openjdk-1.8.0.232.b09-0.el7_7.x86_64/jre/lib/charsets.jar:/usr/lib/jvm/java-1.8.0-openjdk-1.8.0.232.b09-0.el7_7.x86_64/jre/lib/jfr.jar:/usr/lib/jvm/java-1.8.0-openjdk-1.8.0.232.b09-0.el7_7.x86_64/jre/classes"/>
    <property name="sun.management.compiler" value="HotSpot 64-Bit Tiered Compilers"/>
    <property name="skip.npx" value="true"/>
    <property name="java.runtime.version" value="1.8.0_232-b09"/>
    <property name="java.net.preferIPv4Stack" value="true"/>
    <property name="user.name" value="jenkins1001"/>
    <property name="path.separator" value=":"/>
    <property name="java.security.egd" value="file:///dev/urandom"/>
    <property name="os.version" value="5.3.0-1031-azure"/>
    <property name="java.endorsed.dirs" value="/usr/lib/jvm/java-1.8.0-openjdk-1.8.0.232.b09-0.el7_7.x86_64/jre/lib/endorsed"/>
    <property name="java.runtime.name" value="OpenJDK Runtime Environment"/>
    <property name="file.encoding" value="ANSI_X3.4-1968"/>
    <property name="java.vm.name" value="OpenJDK 64-Bit Server VM"/>
    <property name="test.build.webapps" value=""/>
    <property name="localRepository" value="/home/user/.m2/repository"/>
    <property name="java.vendor.url.bug" value="http://bugreport.sun.com/bugreport/"/>
    <property name="java.io.tmpdir" value="/tmp"/>
    <property name="require.test.libhadoop" value=""/>
    <property name="java.version" value="1.8.0_232"/>
    <property name="user.dir" value="/github/workspace/mnt/ozone/hadoop-ozone/integration-test"/>
    <property name="os.arch" value="amd64"/>
    <property name="java.vm.specification.name" value="Java Virtual Machine Specification"/>
    <property name="test.build.classes" value="/github/workspace/mnt/ozone/hadoop-ozone/integration-test/target/test-classes"/>
    <property name="java.awt.printerjob" value="sun.print.PSPrinterJob"/>
    <property name="sun.os.patch.level" value="unknown"/>
    <property name="hadoop.tmp.dir" value="/github/workspace/mnt/ozone/hadoop-ozone/integration-test/target/tmp"/>
    <property name="java.library.path" value="/usr/lib:/usr/java/packages/lib/amd64:/usr/lib64:/lib64:/lib:/usr/lib"/>
    <property name="java.vm.info" value="mixed mode"/>
    <property name="java.vendor" value="Oracle Corporation"/>
    <property name="java.vm.version" value="25.232-b09"/>
    <property name="java.ext.dirs" value="/usr/lib/jvm/java-1.8.0-openjdk-1.8.0.232.b09-0.el7_7.x86_64/jre/lib/ext:/usr/java/packages/lib/ext"/>
    <property name="sun.io.unicode.encoding" value="UnicodeLittle"/>
    <property name="java.class.version" value="52.0"/>
  </properties>
  <testcase name="testGetKeyAndFileWithNetworkTopology" classname="org.apache.hadoop.ozone.client.rpc.TestOzoneRpcClientWithRatis" time="3.375"/>
  <testcase name="testMultipartUpload" classname="org.apache.hadoop.ozone.client.rpc.TestOzoneRpcClientWithRatis" time="13.832"/>
  <testcase name="testInitiateMultipartUploadWithReplicationInformationSet" classname="org.apache.hadoop.ozone.client.rpc.TestOzoneRpcClientWithRatis" time="0.024"/>
  <testcase name="testRenameKey" classname="org.apache.hadoop.ozone.client.rpc.TestOzoneRpcClientWithRatis" time="0.09"/>
  <testcase name="testCreateBucketWithVersioning" classname="org.apache.hadoop.ozone.client.rpc.TestOzoneRpcClientWithRatis" time="0.008"/>
  <testcase name="testCreateS3Bucket" classname="org.apache.hadoop.ozone.client.rpc.TestOzoneRpcClientWithRatis" time="0.007"/>
  <testcase name="testUploadPartOverrideWithStandAlone" classname="org.apache.hadoop.ozone.client.rpc.TestOzoneRpcClientWithRatis" time="0.068"/>
  <testcase name="testNativeAclsForKey" classname="org.apache.hadoop.ozone.client.rpc.TestOzoneRpcClientWithRatis" time="0.269"/>
  <testcase name="testAddBucketAcl" classname="org.apache.hadoop.ozone.client.rpc.TestOzoneRpcClientWithRatis" time="0.012"/>
  <testcase name="testReadKeyWithVerifyChecksumFlagDisable" classname="org.apache.hadoop.ozone.client.rpc.TestOzoneRpcClientWithRatis" time="15.106"/>
  <testcase name="testDeletedKeyForGDPR" classname="org.apache.hadoop.ozone.client.rpc.TestOzoneRpcClientWithRatis" time="0">
    <skipped/>
  </testcase>
  <testcase name="testAclsAfterCallingSetBucketProperty" classname="org.apache.hadoop.ozone.client.rpc.TestOzoneRpcClientWithRatis" time="0.029"/>
  <testcase name="testListMultipartUploadParts" classname="org.apache.hadoop.ozone.client.rpc.TestOzoneRpcClientWithRatis" time="0.324"/>
  <testcase name="testNativeAclsForBucket" classname="org.apache.hadoop.ozone.client.rpc.TestOzoneRpcClientWithRatis" time="0.084"/>
  <testcase name="testPutKeyRatisThreeNodesParallel" classname="org.apache.hadoop.ozone.client.rpc.TestOzoneRpcClientWithRatis" time="10.613"/>
  <testcase name="testDeleteS3NonExistingBucket" classname="org.apache.hadoop.ozone.client.rpc.TestOzoneRpcClientWithRatis" time="0.005"/>
  <testcase name="testListPartsWithInvalidUploadID" classname="org.apache.hadoop.ozone.client.rpc.TestOzoneRpcClientWithRatis" time="0.012"/>
  <testcase name="testUploadPartOverrideWithRatis" classname="org.apache.hadoop.ozone.client.rpc.TestOzoneRpcClientWithRatis" time="5.117"/>
  <testcase name="testListBucket" classname="org.apache.hadoop.ozone.client.rpc.TestOzoneRpcClientWithRatis" time="0.21"/>
  <testcase name="testSetBucketStorageType" classname="org.apache.hadoop.ozone.client.rpc.TestOzoneRpcClientWithRatis" time="0.011"/>
  <testcase name="testGetKeyDetails" classname="org.apache.hadoop.ozone.client.rpc.TestOzoneRpcClientWithRatis" time="0.081"/>
  <testcase name="testNativeAclsForPrefix" classname="org.apache.hadoop.ozone.client.rpc.TestOzoneRpcClientWithRatis" time="0.113"/>
  <testcase name="testOMClientProxyProvider" classname="org.apache.hadoop.ozone.client.rpc.TestOzoneRpcClientWithRatis" time="0.001"/>
  <testcase name="testCreateBucketWithAllArgument" classname="org.apache.hadoop.ozone.client.rpc.TestOzoneRpcClientWithRatis" time="0.008"/>
  <testcase name="testRemoveBucketAcl" classname="org.apache.hadoop.ozone.client.rpc.TestOzoneRpcClientWithRatis" time="0.016"/>
  <testcase name="testNativeAclsForVolume" classname="org.apache.hadoop.ozone.client.rpc.TestOzoneRpcClientWithRatis" time="0.046"/>
  <testcase name="testDeleteS3Bucket" classname="org.apache.hadoop.ozone.client.rpc.TestOzoneRpcClientWithRatis" time="0.012"/>
  <testcase name="testMultipartUploadWithMissingParts" classname="org.apache.hadoop.ozone.client.rpc.TestOzoneRpcClientWithRatis" time="0.032"/>
  <testcase name="testListVolume" classname="org.apache.hadoop.ozone.client.rpc.TestOzoneRpcClientWithRatis" time="0">
    <skipped/>
  </testcase>
  <testcase name="testSetVolumeQuota" classname="org.apache.hadoop.ozone.client.rpc.TestOzoneRpcClientWithRatis" time="0.014"/>
  <testcase name="testDeleteBucket" classname="org.apache.hadoop.ozone.client.rpc.TestOzoneRpcClientWithRatis" time="0.011"/>
  <testcase name="testListKey" classname="org.apache.hadoop.ozone.client.rpc.TestOzoneRpcClientWithRatis" time="1.139"/>
  <testcase name="testListPartsInvalidPartMarker" classname="org.apache.hadoop.ozone.client.rpc.TestOzoneRpcClientWithRatis" time="0.008"/>
  <testcase name="testMultipartUploadWithPartsLessThanMinSize" classname="org.apache.hadoop.ozone.client.rpc.TestOzoneRpcClientWithRatis" time="0.046"/>
  <testcase name="testPutKeyRatisOneNode" classname="org.apache.hadoop.ozone.client.rpc.TestOzoneRpcClientWithRatis" time="0.319"/>
  <testcase name="testAbortUploadSuccessWithParts" classname="org.apache.hadoop.ozone.client.rpc.TestOzoneRpcClientWithRatis" time="0.03"/>
  <testcase name="testListMultipartUploadPartsWithContinuation" classname="org.apache.hadoop.ozone.client.rpc.TestOzoneRpcClientWithRatis" time="0.22"/>
  <testcase name="testListBucketsOnEmptyVolume" classname="org.apache.hadoop.ozone.client.rpc.TestOzoneRpcClientWithRatis" time="0.004"/>
  <testcase name="testCreateBucketWithStorageType" classname="org.apache.hadoop.ozone.client.rpc.TestOzoneRpcClientWithRatis" time="0.008"/>
  <testcase name="testRemoveBucketAclUsingRpcClientRemoveAcl" classname="org.apache.hadoop.ozone.client.rpc.TestOzoneRpcClientWithRatis" time="0.011"/>
  <testcase name="testDeleteKey" classname="org.apache.hadoop.ozone.client.rpc.TestOzoneRpcClientWithRatis" time="0.026"/>
  <testcase name="testDeleteVolume" classname="org.apache.hadoop.ozone.client.rpc.TestOzoneRpcClientWithRatis" time="0.01"/>
  <testcase name="testInvalidBucketCreation" classname="org.apache.hadoop.ozone.client.rpc.TestOzoneRpcClientWithRatis" time="0.004"/>
  <testcase name="testReadKeyWithVerifyChecksumFlagEnable" classname="org.apache.hadoop.ozone.client.rpc.TestOzoneRpcClientWithRatis" time="0.084"/>
  <testcase name="testAbortUploadSuccessWithOutAnyParts" classname="org.apache.hadoop.ozone.client.rpc.TestOzoneRpcClientWithRatis" time="0.014"/>
  <testcase name="testListPartsInvalidMaxParts" classname="org.apache.hadoop.ozone.client.rpc.TestOzoneRpcClientWithRatis" time="0.006"/>
  <testcase name="testSetBucketVersioning" classname="org.apache.hadoop.ozone.client.rpc.TestOzoneRpcClientWithRatis" time="0.01"/>
  <testcase name="testAbortUploadFail" classname="org.apache.hadoop.ozone.client.rpc.TestOzoneRpcClientWithRatis" time="0.014"/>
  <testcase name="testMultipartUploadOverride" classname="org.apache.hadoop.ozone.client.rpc.TestOzoneRpcClientWithRatis" time="16.361"/>
  <testcase name="testKeyReadWriteForGDPR" classname="org.apache.hadoop.ozone.client.rpc.TestOzoneRpcClientWithRatis" time="0.093"/>
  <testcase name="testValidateBlockLengthWithCommitKey" classname="org.apache.hadoop.ozone.client.rpc.TestOzoneRpcClientWithRatis" time="0.026"/>
  <testcase name="testMultipartUploadWithPartsMisMatchWithListSizeDifferent" classname="org.apache.hadoop.ozone.client.rpc.TestOzoneRpcClientWithRatis" time="0.012"/>
  <testcase name="testNoSuchUploadError" classname="org.apache.hadoop.ozone.client.rpc.TestOzoneRpcClientWithRatis" time="0.01"/>
  <testcase name="testPutKeyRatisThreeNodes" classname="org.apache.hadoop.ozone.client.rpc.TestOzoneRpcClientWithRatis" time="50.697"/>
  <testcase name="testListKeyOnEmptyBucket" classname="org.apache.hadoop.ozone.client.rpc.TestOzoneRpcClientWithRatis" time="0.009"/>
  <testcase name="testReadKeyWithCorruptedDataWithMutiNodes" classname="org.apache.hadoop.ozone.client.rpc.TestOzoneRpcClientWithRatis" time="15.162">
    <error message="java.nio.file.NoSuchFileException: /github/workspace/mnt/ozone/hadoop-ozone/integration-test/target/test-dir/MiniOzoneClusterImpl-ab1274d5-24be-4bd6-88ef-d19048f536fd/datanode-2/data-0/containers/hdds/a1de42f3-fe60-4b73-909d-52162d925273/current/containerDir0/1/chunks/104478415088386373.block" type="org.apache.hadoop.hdds.scm.container.common.helpers.StorageContainerException">org.apache.hadoop.hdds.scm.container.common.helpers.StorageContainerException: java.nio.file.NoSuchFileException: /github/workspace/mnt/ozone/hadoop-ozone/integration-test/target/test-dir/MiniOzoneClusterImpl-ab1274d5-24be-4bd6-88ef-d19048f536fd/datanode-2/data-0/containers/hdds/a1de42f3-fe60-4b73-909d-52162d925273/current/containerDir0/1/chunks/104478415088386373.block
	at org.apache.hadoop.hdds.scm.storage.ContainerProtocolCalls.validateContainerResponse(ContainerProtocolCalls.java:544)
	at org.apache.hadoop.hdds.scm.storage.ContainerProtocolCalls.lambda$getValidatorList$0(ContainerProtocolCalls.java:577)
	at org.apache.hadoop.hdds.scm.XceiverClientGrpc.sendCommandWithRetry(XceiverClientGrpc.java:344)
	at org.apache.hadoop.hdds.scm.XceiverClientGrpc.lambda$sendCommandWithTraceIDAndRetry$0(XceiverClientGrpc.java:281)
	at org.apache.hadoop.hdds.tracing.TracingUtil.executeInSpan(TracingUtil.java:174)
	at org.apache.hadoop.hdds.tracing.TracingUtil.executeInNewSpan(TracingUtil.java:148)
	at org.apache.hadoop.hdds.scm.XceiverClientGrpc.sendCommandWithTraceIDAndRetry(XceiverClientGrpc.java:275)
	at org.apache.hadoop.hdds.scm.XceiverClientGrpc.sendCommand(XceiverClientGrpc.java:256)
	at org.apache.hadoop.hdds.scm.storage.ContainerProtocolCalls.readChunk(ContainerProtocolCalls.java:253)
	at org.apache.hadoop.hdds.scm.storage.ChunkInputStream.readChunk(ChunkInputStream.java:334)
	at org.apache.hadoop.hdds.scm.storage.ChunkInputStream.readChunkFromContainer(ChunkInputStream.java:306)
	at org.apache.hadoop.hdds.scm.storage.ChunkInputStream.prepareRead(ChunkInputStream.java:258)
	at org.apache.hadoop.hdds.scm.storage.ChunkInputStream.read(ChunkInputStream.java:143)
	at org.apache.hadoop.hdds.scm.storage.BlockInputStream.read(BlockInputStream.java:271)
	at org.apache.hadoop.ozone.client.io.KeyInputStream.read(KeyInputStream.java:199)
	at org.apache.hadoop.ozone.client.io.OzoneInputStream.read(OzoneInputStream.java:47)
	at java.io.InputStream.read(InputStream.java:101)
	at org.apache.hadoop.ozone.client.rpc.TestOzoneRpcClientAbstract.testReadKeyWithCorruptedDataWithMutiNodes(TestOzoneRpcClientAbstract.java:1112)
	at sun.reflect.NativeMethodAccessorImpl.invoke0(Native Method)
	at sun.reflect.NativeMethodAccessorImpl.invoke(NativeMethodAccessorImpl.java:62)
	at sun.reflect.DelegatingMethodAccessorImpl.invoke(DelegatingMethodAccessorImpl.java:43)
	at java.lang.reflect.Method.invoke(Method.java:498)
	at org.junit.runners.model.FrameworkMethod$1.runReflectiveCall(FrameworkMethod.java:47)
	at org.junit.internal.runners.model.ReflectiveCallable.run(ReflectiveCallable.java:12)
	at org.junit.runners.model.FrameworkMethod.invokeExplosively(FrameworkMethod.java:44)
	at org.junit.internal.runners.statements.InvokeMethod.evaluate(InvokeMethod.java:17)
	at org.junit.runners.ParentRunner.runLeaf(ParentRunner.java:271)
	at org.junit.runners.BlockJUnit4ClassRunner.runChild(BlockJUnit4ClassRunner.java:70)
	at org.junit.runners.BlockJUnit4ClassRunner.runChild(BlockJUnit4ClassRunner.java:50)
	at org.junit.runners.ParentRunner$3.run(ParentRunner.java:238)
	at org.junit.runners.ParentRunner$1.schedule(ParentRunner.java:63)
	at org.junit.runners.ParentRunner.runChildren(ParentRunner.java:236)
	at org.junit.runners.ParentRunner.access$000(ParentRunner.java:53)
	at org.junit.runners.ParentRunner$2.evaluate(ParentRunner.java:229)
	at org.junit.internal.runners.statements.RunBefores.evaluate(RunBefores.java:26)
	at org.junit.internal.runners.statements.RunAfters.evaluate(RunAfters.java:27)
	at org.junit.runners.ParentRunner.run(ParentRunner.java:309)
	at org.apache.maven.surefire.junit4.JUnit4Provider.execute(JUnit4Provider.java:365)
	at org.apache.maven.surefire.junit4.JUnit4Provider.executeWithRerun(JUnit4Provider.java:273)
	at org.apache.maven.surefire.junit4.JUnit4Provider.executeTestSet(JUnit4Provider.java:238)
	at org.apache.maven.surefire.junit4.JUnit4Provider.invoke(JUnit4Provider.java:159)
	at org.apache.maven.surefire.booter.ForkedBooter.invokeProviderInSameClassLoader(ForkedBooter.java:384)
	at org.apache.maven.surefire.booter.ForkedBooter.runSuitesInProcess(ForkedBooter.java:345)
	at org.apache.maven.surefire.booter.ForkedBooter.execute(ForkedBooter.java:126)
	at org.apache.maven.surefire.booter.ForkedBooter.main(ForkedBooter.java:418)
</error>
    <system-out><![CDATA[2020-07-08 13:14:57,412 [Listener at 127.0.0.1/44611] INFO  rpc.RpcClient (RpcClient.java:createVolume(313)) - Creating Volume: 46bf82ec-c049-4cdd-ac99-7069dbdee9d6, with jenkins1001 as owner.
2020-07-08 13:14:57,413 [IPC Server handler 16 on default port 44611] DEBUG impl.RaftServerImpl (RaftServerImpl.java:submitClientRequestAsync(575)) - 908393bc-d470-461e-b415-1bfd726359b6@group-C5BA1605619E: receive client request(RaftClientRequest:client-E0FC0A369F10->908393bc-d470-461e-b415-1bfd726359b6@group-C5BA1605619E, cid=567, seq=0, RW, Message:080b12001a13636c6965...(size=200))
2020-07-08 13:14:57,413 [IPC Server handler 16 on default port 44611] DEBUG impl.RaftServerImpl (LeaderState.java:addPendingRequest(335)) - 908393bc-d470-461e-b415-1bfd726359b6@group-C5BA1605619E-LeaderState: addPendingRequest at RaftClientRequest:client-E0FC0A369F10->908393bc-d470-461e-b415-1bfd726359b6@group-C5BA1605619E, cid=567, seq=0, RW, Message:080b12001a13636c6965...(size=200), entry=(t:1, i:1114), STATEMACHINELOGENTRY, client-E0FC0A369F10, cid=567
2020-07-08 13:14:57,414 [OM StateMachine ApplyTransaction Thread - 0] INFO  volume.OMVolumeCreateRequest (OMVolumeCreateRequest.java:validateAndUpdateCache(208)) - created volume:46bf82ec-c049-4cdd-ac99-7069dbdee9d6 for user:jenkins1001
2020-07-08 13:14:57,414 [Listener at 127.0.0.1/44611] INFO  rpc.RpcClient (RpcClient.java:createBucket(456)) - Creating Bucket: 46bf82ec-c049-4cdd-ac99-7069dbdee9d6/29911653-cb07-45f7-90b4-9255781db270, with Versioning false and Storage Type set to DISK and Encryption set to false 
2020-07-08 13:14:57,415 [IPC Server handler 13 on default port 44611] DEBUG impl.RaftServerImpl (RaftServerImpl.java:submitClientRequestAsync(575)) - 908393bc-d470-461e-b415-1bfd726359b6@group-C5BA1605619E: receive client request(RaftClientRequest:client-E0FC0A369F10->908393bc-d470-461e-b415-1bfd726359b6@group-C5BA1605619E, cid=568, seq=0, RW, Message:081512001a13636c6965...(size=207))
2020-07-08 13:14:57,415 [IPC Server handler 13 on default port 44611] DEBUG impl.RaftServerImpl (LeaderState.java:addPendingRequest(335)) - 908393bc-d470-461e-b415-1bfd726359b6@group-C5BA1605619E-LeaderState: addPendingRequest at RaftClientRequest:client-E0FC0A369F10->908393bc-d470-461e-b415-1bfd726359b6@group-C5BA1605619E, cid=568, seq=0, RW, Message:081512001a13636c6965...(size=207), entry=(t:1, i:1116), STATEMACHINELOGENTRY, client-E0FC0A369F10, cid=568
2020-07-08 13:14:57,418 [IPC Server handler 11 on default port 44611] DEBUG impl.RaftServerImpl (RaftServerImpl.java:submitClientRequestAsync(575)) - 908393bc-d470-461e-b415-1bfd726359b6@group-C5BA1605619E: receive client request(RaftClientRequest:client-E0FC0A369F10->908393bc-d470-461e-b415-1bfd726359b6@group-C5BA1605619E, cid=569, seq=0, RW, Message:081f12001a13636c6965...(size=950))
2020-07-08 13:14:57,418 [IPC Server handler 11 on default port 44611] DEBUG impl.RaftServerImpl (LeaderState.java:addPendingRequest(335)) - 908393bc-d470-461e-b415-1bfd726359b6@group-C5BA1605619E-LeaderState: addPendingRequest at RaftClientRequest:client-E0FC0A369F10->908393bc-d470-461e-b415-1bfd726359b6@group-C5BA1605619E, cid=569, seq=0, RW, Message:081f12001a13636c6965...(size=950), entry=(t:1, i:1118), STATEMACHINELOGENTRY, client-E0FC0A369F10, cid=569
2020-07-08 13:14:58,100 [java.util.concurrent.ThreadPoolExecutor$Worker@5f7a911f[State = -1, empty queue]] WARN  server.GrpcLogAppender (GrpcLogAppender.java:timeoutAppendRequest(219)) - ff9146d9-4106-48aa-a260-bf68f771a2db@group-9950A9CE729A->bc5f1711-66eb-4366-b732-80ea2cb41e2d-GrpcLogAppender:  appendEntries Timeout, request=AppendEntriesRequest:cid=113,entriesCount=1,lastEntry=(t:1, i:90)
2020-07-08 13:14:58,107 [java.util.concurrent.ThreadPoolExecutor$Worker@5f7a911f[State = -1, empty queue]] WARN  server.GrpcLogAppender (GrpcLogAppender.java:timeoutAppendRequest(219)) - ff9146d9-4106-48aa-a260-bf68f771a2db@group-9950A9CE729A->bc5f1711-66eb-4366-b732-80ea2cb41e2d-GrpcLogAppender:  appendEntries Timeout, request=AppendEntriesRequest:cid=114,entriesCount=1,lastEntry=(t:1, i:91)
2020-07-08 13:14:58,173 [java.util.concurrent.ThreadPoolExecutor$Worker@5f7a911f[State = -1, empty queue]] WARN  server.GrpcLogAppender (GrpcLogAppender.java:timeoutAppendRequest(219)) - ff9146d9-4106-48aa-a260-bf68f771a2db@group-9950A9CE729A->bc5f1711-66eb-4366-b732-80ea2cb41e2d-GrpcLogAppender:  appendEntries Timeout, request=AppendEntriesRequest:cid=115,entriesCount=1,lastEntry=(t:1, i:92)
2020-07-08 13:14:58,176 [java.util.concurrent.ThreadPoolExecutor$Worker@5f7a911f[State = -1, empty queue]] WARN  server.GrpcLogAppender (GrpcLogAppender.java:timeoutAppendRequest(219)) - ff9146d9-4106-48aa-a260-bf68f771a2db@group-9950A9CE729A->bc5f1711-66eb-4366-b732-80ea2cb41e2d-GrpcLogAppender:  appendEntries Timeout, request=AppendEntriesRequest:cid=116,entriesCount=1,lastEntry=(t:1, i:93)
2020-07-08 13:14:58,185 [java.util.concurrent.ThreadPoolExecutor$Worker@5f7a911f[State = -1, empty queue]] WARN  server.GrpcLogAppender (GrpcLogAppender.java:timeoutAppendRequest(219)) - ff9146d9-4106-48aa-a260-bf68f771a2db@group-9950A9CE729A->bc5f1711-66eb-4366-b732-80ea2cb41e2d-GrpcLogAppender:  appendEntries Timeout, request=AppendEntriesRequest:cid=117,entriesCount=1,lastEntry=(t:1, i:94)
2020-07-08 13:14:58,190 [java.util.concurrent.ThreadPoolExecutor$Worker@5f7a911f[State = -1, empty queue]] WARN  server.GrpcLogAppender (GrpcLogAppender.java:timeoutAppendRequest(219)) - ff9146d9-4106-48aa-a260-bf68f771a2db@group-9950A9CE729A->bc5f1711-66eb-4366-b732-80ea2cb41e2d-GrpcLogAppender:  appendEntries Timeout, request=AppendEntriesRequest:cid=118,entriesCount=1,lastEntry=(t:1, i:95)
2020-07-08 13:14:59,804 [grpc-default-executor-2] DEBUG server.GrpcLogAppender (GrpcLogAppender.java:onNext(257)) - ff9146d9-4106-48aa-a260-bf68f771a2db@group-9950A9CE729A->bc5f1711-66eb-4366-b732-80ea2cb41e2d-AppendLogResponseHandler: received a reply ff9146d9-4106-48aa-a260-bf68f771a2db<-bc5f1711-66eb-4366-b732-80ea2cb41e2d#174:OK,SUCCESS,nextIndex:128,term:1,followerCommit:127, request=AppendEntriesRequest:cid=174,entriesCount=0,lastEntry=null
2020-07-08 13:14:59,806 [grpc-default-executor-2] DEBUG server.GrpcLogAppender (GrpcLogAppender.java:onNext(257)) - ff9146d9-4106-48aa-a260-bf68f771a2db@group-9950A9CE729A->b16ae193-5323-4e70-89e2-910904aafaa7-AppendLogResponseHandler: received a reply ff9146d9-4106-48aa-a260-bf68f771a2db<-b16ae193-5323-4e70-89e2-910904aafaa7#183:OK,SUCCESS,nextIndex:140,term:1,followerCommit:139, request=AppendEntriesRequest:cid=183,entriesCount=0,lastEntry=null
2020-07-08 13:14:59,881 [grpc-default-executor-2] DEBUG server.GrpcLogAppender (GrpcLogAppender.java:onNext(257)) - ff9146d9-4106-48aa-a260-bf68f771a2db@group-75D1772E75E0->b16ae193-5323-4e70-89e2-910904aafaa7-AppendLogResponseHandler: received a reply ff9146d9-4106-48aa-a260-bf68f771a2db<-b16ae193-5323-4e70-89e2-910904aafaa7#137:OK,SUCCESS,nextIndex:91,term:1,followerCommit:90, request=AppendEntriesRequest:cid=137,entriesCount=0,lastEntry=null
2020-07-08 13:14:59,882 [grpc-default-executor-2] DEBUG server.GrpcLogAppender (GrpcLogAppender.java:onNext(257)) - ff9146d9-4106-48aa-a260-bf68f771a2db@group-75D1772E75E0->bc5f1711-66eb-4366-b732-80ea2cb41e2d-AppendLogResponseHandler: received a reply ff9146d9-4106-48aa-a260-bf68f771a2db<-bc5f1711-66eb-4366-b732-80ea2cb41e2d#137:OK,SUCCESS,nextIndex:91,term:1,followerCommit:90, request=AppendEntriesRequest:cid=137,entriesCount=0,lastEntry=null
2020-07-08 13:15:01,095 [java.util.concurrent.ThreadPoolExecutor$Worker@5f7a911f[State = -1, empty queue]] WARN  server.GrpcLogAppender (GrpcLogAppender.java:timeoutAppendRequest(219)) - ff9146d9-4106-48aa-a260-bf68f771a2db@group-9950A9CE729A->bc5f1711-66eb-4366-b732-80ea2cb41e2d-GrpcLogAppender:  appendEntries Timeout, request=AppendEntriesRequest:cid=120,entriesCount=1,lastEntry=(t:1, i:96)
2020-07-08 13:15:01,099 [java.util.concurrent.ThreadPoolExecutor$Worker@5f7a911f[State = -1, empty queue]] WARN  server.GrpcLogAppender (GrpcLogAppender.java:timeoutAppendRequest(219)) - ff9146d9-4106-48aa-a260-bf68f771a2db@group-9950A9CE729A->bc5f1711-66eb-4366-b732-80ea2cb41e2d-GrpcLogAppender:  appendEntries Timeout, request=AppendEntriesRequest:cid=121,entriesCount=1,lastEntry=(t:1, i:97)
2020-07-08 13:15:01,106 [java.util.concurrent.ThreadPoolExecutor$Worker@5f7a911f[State = -1, empty queue]] WARN  server.GrpcLogAppender (GrpcLogAppender.java:timeoutAppendRequest(219)) - ff9146d9-4106-48aa-a260-bf68f771a2db@group-9950A9CE729A->bc5f1711-66eb-4366-b732-80ea2cb41e2d-GrpcLogAppender:  appendEntries Timeout, request=AppendEntriesRequest:cid=122,entriesCount=1,lastEntry=(t:1, i:98)
2020-07-08 13:15:01,107 [java.util.concurrent.ThreadPoolExecutor$Worker@5f7a911f[State = -1, empty queue]] WARN  server.GrpcLogAppender (GrpcLogAppender.java:timeoutAppendRequest(219)) - ff9146d9-4106-48aa-a260-bf68f771a2db@group-9950A9CE729A->bc5f1711-66eb-4366-b732-80ea2cb41e2d-GrpcLogAppender:  appendEntries Timeout, request=AppendEntriesRequest:cid=123,entriesCount=1,lastEntry=(t:1, i:99)
2020-07-08 13:15:01,112 [java.util.concurrent.ThreadPoolExecutor$Worker@5f7a911f[State = -1, empty queue]] WARN  server.GrpcLogAppender (GrpcLogAppender.java:timeoutAppendRequest(219)) - ff9146d9-4106-48aa-a260-bf68f771a2db@group-9950A9CE729A->bc5f1711-66eb-4366-b732-80ea2cb41e2d-GrpcLogAppender:  appendEntries Timeout, request=AppendEntriesRequest:cid=124,entriesCount=1,lastEntry=(t:1, i:100)
2020-07-08 13:15:01,113 [java.util.concurrent.ThreadPoolExecutor$Worker@5f7a911f[State = -1, empty queue]] WARN  server.GrpcLogAppender (GrpcLogAppender.java:timeoutAppendRequest(219)) - ff9146d9-4106-48aa-a260-bf68f771a2db@group-9950A9CE729A->bc5f1711-66eb-4366-b732-80ea2cb41e2d-GrpcLogAppender:  appendEntries Timeout, request=AppendEntriesRequest:cid=125,entriesCount=1,lastEntry=(t:1, i:101)
2020-07-08 13:15:01,117 [java.util.concurrent.ThreadPoolExecutor$Worker@5f7a911f[State = -1, empty queue]] WARN  server.GrpcLogAppender (GrpcLogAppender.java:timeoutAppendRequest(219)) - ff9146d9-4106-48aa-a260-bf68f771a2db@group-9950A9CE729A->bc5f1711-66eb-4366-b732-80ea2cb41e2d-GrpcLogAppender:  appendEntries Timeout, request=AppendEntriesRequest:cid=126,entriesCount=1,lastEntry=(t:1, i:102)
2020-07-08 13:15:02,306 [grpc-default-executor-2] DEBUG server.GrpcLogAppender (GrpcLogAppender.java:onNext(257)) - ff9146d9-4106-48aa-a260-bf68f771a2db@group-9950A9CE729A->bc5f1711-66eb-4366-b732-80ea2cb41e2d-AppendLogResponseHandler: received a reply ff9146d9-4106-48aa-a260-bf68f771a2db<-bc5f1711-66eb-4366-b732-80ea2cb41e2d#175:OK,SUCCESS,nextIndex:128,term:1,followerCommit:127, request=AppendEntriesRequest:cid=175,entriesCount=0,lastEntry=null
2020-07-08 13:15:02,307 [grpc-default-executor-2] DEBUG server.GrpcLogAppender (GrpcLogAppender.java:onNext(257)) - ff9146d9-4106-48aa-a260-bf68f771a2db@group-9950A9CE729A->b16ae193-5323-4e70-89e2-910904aafaa7-AppendLogResponseHandler: received a reply ff9146d9-4106-48aa-a260-bf68f771a2db<-b16ae193-5323-4e70-89e2-910904aafaa7#184:OK,SUCCESS,nextIndex:140,term:1,followerCommit:139, request=AppendEntriesRequest:cid=184,entriesCount=0,lastEntry=null
2020-07-08 13:15:02,389 [grpc-default-executor-2] DEBUG server.GrpcLogAppender (GrpcLogAppender.java:onNext(257)) - ff9146d9-4106-48aa-a260-bf68f771a2db@group-75D1772E75E0->b16ae193-5323-4e70-89e2-910904aafaa7-AppendLogResponseHandler: received a reply ff9146d9-4106-48aa-a260-bf68f771a2db<-b16ae193-5323-4e70-89e2-910904aafaa7#138:OK,SUCCESS,nextIndex:91,term:1,followerCommit:90, request=AppendEntriesRequest:cid=138,entriesCount=0,lastEntry=null
2020-07-08 13:15:02,391 [grpc-default-executor-1] DEBUG server.GrpcLogAppender (GrpcLogAppender.java:onNext(257)) - ff9146d9-4106-48aa-a260-bf68f771a2db@group-75D1772E75E0->bc5f1711-66eb-4366-b732-80ea2cb41e2d-AppendLogResponseHandler: received a reply ff9146d9-4106-48aa-a260-bf68f771a2db<-bc5f1711-66eb-4366-b732-80ea2cb41e2d#138:OK,SUCCESS,nextIndex:91,term:1,followerCommit:90, request=AppendEntriesRequest:cid=138,entriesCount=0,lastEntry=null
2020-07-08 13:15:02,430 [grpc-default-executor-2] DEBUG impl.RaftServerImpl (RaftServerImpl.java:submitClientRequestAsync(575)) - ff9146d9-4106-48aa-a260-bf68f771a2db@group-9950A9CE729A: receive client request(RaftClientRequest:client-B3E3B04F7BA2->ff9146d9-4106-48aa-a260-bf68f771a2db@group-9950A9CE729A, cid=214, seq=1*, Watch(0), Message:<EMPTY>)
2020-07-08 13:15:02,430 [grpc-default-executor-2] DEBUG impl.RaftServerImpl (LeaderState.java:addWatchReqeust(353)) - ff9146d9-4106-48aa-a260-bf68f771a2db@group-9950A9CE729A-LeaderState: addWatchRequest RaftClientRequest:client-B3E3B04F7BA2->ff9146d9-4106-48aa-a260-bf68f771a2db@group-9950A9CE729A, cid=214, seq=1*, Watch(0), Message:<EMPTY>
2020-07-08 13:15:02,438 [grpc-default-executor-2] DEBUG impl.RaftServerImpl (RaftServerImpl.java:submitClientRequestAsync(575)) - ff9146d9-4106-48aa-a260-bf68f771a2db@group-9950A9CE729A: receive client request(RaftClientRequest:client-B3E3B04F7BA2->ff9146d9-4106-48aa-a260-bf68f771a2db@group-9950A9CE729A, cid=215, seq=2, RW, Message:0000006f080c12001801...(size=127))
2020-07-08 13:15:02,438 [grpc-default-executor-2] DEBUG impl.RaftServerImpl (LeaderState.java:addPendingRequest(335)) - ff9146d9-4106-48aa-a260-bf68f771a2db@group-9950A9CE729A-LeaderState: addPendingRequest at RaftClientRequest:client-B3E3B04F7BA2->ff9146d9-4106-48aa-a260-bf68f771a2db@group-9950A9CE729A, cid=215, seq=2, RW, Message:0000006f080c12001801...(size=127), entry=(t:1, i:140), STATEMACHINELOGENTRY, client-B3E3B04F7BA2, cid=215
2020-07-08 13:15:02,439 [grpc-default-executor-2] DEBUG impl.RaftServerImpl (RaftServerImpl.java:submitClientRequestAsync(575)) - ff9146d9-4106-48aa-a260-bf68f771a2db@group-9950A9CE729A: receive client request(RaftClientRequest:client-B3E3B04F7BA2->ff9146d9-4106-48aa-a260-bf68f771a2db@group-9950A9CE729A, cid=216, seq=3, RW, Message:0000007f080612001801...(size=131))
2020-07-08 13:15:02,439 [grpc-default-executor-1] DEBUG impl.RaftServerImpl (RaftServerImpl.java:logAppendEntries(928)) - b16ae193-5323-4e70-89e2-910904aafaa7@group-9950A9CE729A: receive appendEntries(ff9146d9-4106-48aa-a260-bf68f771a2db, 1, (t:1, i:139), 139, false, commits[ff9146d9-4106-48aa-a260-bf68f771a2db:c139, bc5f1711-66eb-4366-b732-80ea2cb41e2d:c127, b16ae193-5323-4e70-89e2-910904aafaa7:c139], entries: (t:1, i:140), STATEMACHINELOGENTRY, client-B3E3B04F7BA2, cid=215
2020-07-08 13:15:02,439 [grpc-default-executor-2] DEBUG impl.RaftServerImpl (LeaderState.java:addPendingRequest(335)) - ff9146d9-4106-48aa-a260-bf68f771a2db@group-9950A9CE729A-LeaderState: addPendingRequest at RaftClientRequest:client-B3E3B04F7BA2->ff9146d9-4106-48aa-a260-bf68f771a2db@group-9950A9CE729A, cid=216, seq=3, RW, Message:0000007f080612001801...(size=131), entry=(t:1, i:141), STATEMACHINELOGENTRY, client-B3E3B04F7BA2, cid=216
2020-07-08 13:15:02,440 [grpc-default-executor-1] DEBUG impl.RaftServerImpl (RaftServerImpl.java:logAppendEntries(928)) - b16ae193-5323-4e70-89e2-910904aafaa7@group-9950A9CE729A: receive appendEntries(ff9146d9-4106-48aa-a260-bf68f771a2db, 1, (t:1, i:140), 139, false, commits[ff9146d9-4106-48aa-a260-bf68f771a2db:c139, bc5f1711-66eb-4366-b732-80ea2cb41e2d:c127, b16ae193-5323-4e70-89e2-910904aafaa7:c139], entries: (t:1, i:141), STATEMACHINELOGENTRY, client-B3E3B04F7BA2, cid=216
2020-07-08 13:15:02,447 [Thread-1168] DEBUG impl.RaftServerImpl (RaftServerImpl.java:logAppendEntries(928)) - b16ae193-5323-4e70-89e2-910904aafaa7@group-9950A9CE729A: succeeded to handle AppendEntries. Reply: ff9146d9-4106-48aa-a260-bf68f771a2db<-b16ae193-5323-4e70-89e2-910904aafaa7#185:OK,SUCCESS,nextIndex:141,term:1,followerCommit:139
2020-07-08 13:15:02,448 [grpc-default-executor-1] DEBUG server.GrpcLogAppender (GrpcLogAppender.java:onNext(257)) - ff9146d9-4106-48aa-a260-bf68f771a2db@group-9950A9CE729A->b16ae193-5323-4e70-89e2-910904aafaa7-AppendLogResponseHandler: received a reply ff9146d9-4106-48aa-a260-bf68f771a2db<-b16ae193-5323-4e70-89e2-910904aafaa7#185:OK,SUCCESS,nextIndex:141,term:1,followerCommit:139, request=AppendEntriesRequest:cid=185,entriesCount=1,lastEntry=(t:1, i:140)
2020-07-08 13:15:02,449 [grpc-default-executor-1] DEBUG impl.RaftServerImpl (RaftServerImpl.java:logAppendEntries(928)) - b16ae193-5323-4e70-89e2-910904aafaa7@group-9950A9CE729A: receive appendEntries(ff9146d9-4106-48aa-a260-bf68f771a2db, 1, (t:1, i:141), 140, false, commits[ff9146d9-4106-48aa-a260-bf68f771a2db:c140, bc5f1711-66eb-4366-b732-80ea2cb41e2d:c127, b16ae193-5323-4e70-89e2-910904aafaa7:c139], entries: (t:1, i:142), METADATAENTRY(c:140)
2020-07-08 13:15:02,467 [Thread-1170] DEBUG impl.RaftServerImpl (RaftServerImpl.java:logAppendEntries(928)) - b16ae193-5323-4e70-89e2-910904aafaa7@group-9950A9CE729A: succeeded to handle AppendEntries. Reply: ff9146d9-4106-48aa-a260-bf68f771a2db<-b16ae193-5323-4e70-89e2-910904aafaa7#186:OK,SUCCESS,nextIndex:142,term:1,followerCommit:139
2020-07-08 13:15:02,469 [grpc-default-executor-2] DEBUG server.GrpcLogAppender (GrpcLogAppender.java:onNext(257)) - ff9146d9-4106-48aa-a260-bf68f771a2db@group-9950A9CE729A->b16ae193-5323-4e70-89e2-910904aafaa7-AppendLogResponseHandler: received a reply ff9146d9-4106-48aa-a260-bf68f771a2db<-b16ae193-5323-4e70-89e2-910904aafaa7#186:OK,SUCCESS,nextIndex:142,term:1,followerCommit:139, request=AppendEntriesRequest:cid=186,entriesCount=1,lastEntry=(t:1, i:141)
2020-07-08 13:15:02,470 [Thread-1171] DEBUG impl.RaftServerImpl (RaftServerImpl.java:logAppendEntries(928)) - b16ae193-5323-4e70-89e2-910904aafaa7@group-9950A9CE729A: succeeded to handle AppendEntries. Reply: ff9146d9-4106-48aa-a260-bf68f771a2db<-b16ae193-5323-4e70-89e2-910904aafaa7#187:OK,SUCCESS,nextIndex:143,term:1,followerCommit:140
2020-07-08 13:15:02,470 [grpc-default-executor-2] DEBUG impl.RaftServerImpl (RaftServerImpl.java:logAppendEntries(928)) - b16ae193-5323-4e70-89e2-910904aafaa7@group-9950A9CE729A: receive appendEntries(ff9146d9-4106-48aa-a260-bf68f771a2db, 1, (t:1, i:142), 141, false, commits[ff9146d9-4106-48aa-a260-bf68f771a2db:c141, bc5f1711-66eb-4366-b732-80ea2cb41e2d:c127, b16ae193-5323-4e70-89e2-910904aafaa7:c139], entries: (t:1, i:143), METADATAENTRY(c:141)
2020-07-08 13:15:02,471 [grpc-default-executor-1] DEBUG server.GrpcLogAppender (GrpcLogAppender.java:onNext(257)) - ff9146d9-4106-48aa-a260-bf68f771a2db@group-9950A9CE729A->b16ae193-5323-4e70-89e2-910904aafaa7-AppendLogResponseHandler: received a reply ff9146d9-4106-48aa-a260-bf68f771a2db<-b16ae193-5323-4e70-89e2-910904aafaa7#187:OK,SUCCESS,nextIndex:143,term:1,followerCommit:140, request=AppendEntriesRequest:cid=187,entriesCount=1,lastEntry=(t:1, i:142)
2020-07-08 13:15:02,473 [grpc-default-executor-1] DEBUG impl.RaftServerImpl (RaftServerImpl.java:submitClientRequestAsync(575)) - ff9146d9-4106-48aa-a260-bf68f771a2db@group-9950A9CE729A: receive client request(RaftClientRequest:client-B3E3B04F7BA2->ff9146d9-4106-48aa-a260-bf68f771a2db@group-9950A9CE729A, cid=217, seq=0, Watch-ALL_COMMITTED(141), Message:<EMPTY>)
2020-07-08 13:15:02,473 [grpc-default-executor-1] DEBUG impl.RaftServerImpl (LeaderState.java:addWatchReqeust(353)) - ff9146d9-4106-48aa-a260-bf68f771a2db@group-9950A9CE729A-LeaderState: addWatchRequest RaftClientRequest:client-B3E3B04F7BA2->ff9146d9-4106-48aa-a260-bf68f771a2db@group-9950A9CE729A, cid=217, seq=0, Watch-ALL_COMMITTED(141), Message:<EMPTY>
2020-07-08 13:15:02,477 [Thread-1173] DEBUG impl.RaftServerImpl (RaftServerImpl.java:logAppendEntries(928)) - b16ae193-5323-4e70-89e2-910904aafaa7@group-9950A9CE729A: succeeded to handle AppendEntries. Reply: ff9146d9-4106-48aa-a260-bf68f771a2db<-b16ae193-5323-4e70-89e2-910904aafaa7#188:OK,SUCCESS,nextIndex:144,term:1,followerCommit:141
2020-07-08 13:15:02,477 [grpc-default-executor-1] DEBUG server.GrpcLogAppender (GrpcLogAppender.java:onNext(257)) - ff9146d9-4106-48aa-a260-bf68f771a2db@group-9950A9CE729A->b16ae193-5323-4e70-89e2-910904aafaa7-AppendLogResponseHandler: received a reply ff9146d9-4106-48aa-a260-bf68f771a2db<-b16ae193-5323-4e70-89e2-910904aafaa7#188:OK,SUCCESS,nextIndex:144,term:1,followerCommit:141, request=AppendEntriesRequest:cid=188,entriesCount=1,lastEntry=(t:1, i:143)
2020-07-08 13:15:03,629 [java.util.concurrent.ThreadPoolExecutor$Worker@5f7a911f[State = -1, empty queue]] WARN  server.GrpcLogAppender (GrpcLogAppender.java:timeoutAppendRequest(219)) - ff9146d9-4106-48aa-a260-bf68f771a2db@group-9950A9CE729A->bc5f1711-66eb-4366-b732-80ea2cb41e2d-GrpcLogAppender:  appendEntries Timeout, request=AppendEntriesRequest:cid=128,entriesCount=1,lastEntry=(t:1, i:103)
2020-07-08 13:15:03,640 [java.util.concurrent.ThreadPoolExecutor$Worker@5f7a911f[State = -1, empty queue]] WARN  server.GrpcLogAppender (GrpcLogAppender.java:timeoutAppendRequest(219)) - ff9146d9-4106-48aa-a260-bf68f771a2db@group-9950A9CE729A->bc5f1711-66eb-4366-b732-80ea2cb41e2d-GrpcLogAppender:  appendEntries Timeout, request=AppendEntriesRequest:cid=129,entriesCount=1,lastEntry=(t:1, i:104)
2020-07-08 13:15:03,643 [java.util.concurrent.ThreadPoolExecutor$Worker@5f7a911f[State = -1, empty queue]] WARN  server.GrpcLogAppender (GrpcLogAppender.java:timeoutAppendRequest(219)) - ff9146d9-4106-48aa-a260-bf68f771a2db@group-9950A9CE729A->bc5f1711-66eb-4366-b732-80ea2cb41e2d-GrpcLogAppender:  appendEntries Timeout, request=AppendEntriesRequest:cid=130,entriesCount=1,lastEntry=(t:1, i:105)
2020-07-08 13:15:03,653 [java.util.concurrent.ThreadPoolExecutor$Worker@5f7a911f[State = -1, empty queue]] WARN  server.GrpcLogAppender (GrpcLogAppender.java:timeoutAppendRequest(219)) - ff9146d9-4106-48aa-a260-bf68f771a2db@group-9950A9CE729A->bc5f1711-66eb-4366-b732-80ea2cb41e2d-GrpcLogAppender:  appendEntries Timeout, request=AppendEntriesRequest:cid=131,entriesCount=1,lastEntry=(t:1, i:106)
2020-07-08 13:15:03,665 [java.util.concurrent.ThreadPoolExecutor$Worker@5f7a911f[State = -1, empty queue]] WARN  server.GrpcLogAppender (GrpcLogAppender.java:timeoutAppendRequest(219)) - ff9146d9-4106-48aa-a260-bf68f771a2db@group-9950A9CE729A->bc5f1711-66eb-4366-b732-80ea2cb41e2d-GrpcLogAppender:  appendEntries Timeout, request=AppendEntriesRequest:cid=132,entriesCount=1,lastEntry=(t:1, i:107)
2020-07-08 13:15:03,666 [java.util.concurrent.ThreadPoolExecutor$Worker@5f7a911f[State = -1, empty queue]] WARN  server.GrpcLogAppender (GrpcLogAppender.java:timeoutAppendRequest(219)) - ff9146d9-4106-48aa-a260-bf68f771a2db@group-9950A9CE729A->bc5f1711-66eb-4366-b732-80ea2cb41e2d-GrpcLogAppender:  appendEntries Timeout, request=AppendEntriesRequest:cid=133,entriesCount=1,lastEntry=(t:1, i:108)
2020-07-08 13:15:03,683 [java.util.concurrent.ThreadPoolExecutor$Worker@5f7a911f[State = -1, empty queue]] WARN  server.GrpcLogAppender (GrpcLogAppender.java:timeoutAppendRequest(219)) - ff9146d9-4106-48aa-a260-bf68f771a2db@group-9950A9CE729A->bc5f1711-66eb-4366-b732-80ea2cb41e2d-GrpcLogAppender:  appendEntries Timeout, request=AppendEntriesRequest:cid=134,entriesCount=1,lastEntry=(t:1, i:109)
2020-07-08 13:15:04,890 [grpc-default-executor-1] DEBUG server.GrpcLogAppender (GrpcLogAppender.java:onNext(257)) - ff9146d9-4106-48aa-a260-bf68f771a2db@group-75D1772E75E0->b16ae193-5323-4e70-89e2-910904aafaa7-AppendLogResponseHandler: received a reply ff9146d9-4106-48aa-a260-bf68f771a2db<-b16ae193-5323-4e70-89e2-910904aafaa7#139:OK,SUCCESS,nextIndex:91,term:1,followerCommit:90, request=AppendEntriesRequest:cid=139,entriesCount=0,lastEntry=null
2020-07-08 13:15:04,892 [grpc-default-executor-1] DEBUG server.GrpcLogAppender (GrpcLogAppender.java:onNext(257)) - ff9146d9-4106-48aa-a260-bf68f771a2db@group-75D1772E75E0->bc5f1711-66eb-4366-b732-80ea2cb41e2d-AppendLogResponseHandler: received a reply ff9146d9-4106-48aa-a260-bf68f771a2db<-bc5f1711-66eb-4366-b732-80ea2cb41e2d#139:OK,SUCCESS,nextIndex:91,term:1,followerCommit:90, request=AppendEntriesRequest:cid=139,entriesCount=0,lastEntry=null
2020-07-08 13:15:04,978 [grpc-default-executor-1] DEBUG server.GrpcLogAppender (GrpcLogAppender.java:onNext(257)) - ff9146d9-4106-48aa-a260-bf68f771a2db@group-9950A9CE729A->bc5f1711-66eb-4366-b732-80ea2cb41e2d-AppendLogResponseHandler: received a reply ff9146d9-4106-48aa-a260-bf68f771a2db<-bc5f1711-66eb-4366-b732-80ea2cb41e2d#176:OK,SUCCESS,nextIndex:128,term:1,followerCommit:127, request=AppendEntriesRequest:cid=176,entriesCount=0,lastEntry=null
2020-07-08 13:15:04,979 [grpc-default-executor-2] DEBUG server.GrpcLogAppender (GrpcLogAppender.java:onNext(257)) - ff9146d9-4106-48aa-a260-bf68f771a2db@group-9950A9CE729A->b16ae193-5323-4e70-89e2-910904aafaa7-AppendLogResponseHandler: received a reply ff9146d9-4106-48aa-a260-bf68f771a2db<-b16ae193-5323-4e70-89e2-910904aafaa7#189:OK,SUCCESS,nextIndex:144,term:1,followerCommit:143, request=AppendEntriesRequest:cid=189,entriesCount=0,lastEntry=null
2020-07-08 13:15:06,188 [java.util.concurrent.ThreadPoolExecutor$Worker@5f7a911f[State = -1, empty queue]] WARN  server.GrpcLogAppender (GrpcLogAppender.java:timeoutAppendRequest(219)) - ff9146d9-4106-48aa-a260-bf68f771a2db@group-9950A9CE729A->bc5f1711-66eb-4366-b732-80ea2cb41e2d-GrpcLogAppender:  appendEntries Timeout, request=AppendEntriesRequest:cid=136,entriesCount=1,lastEntry=(t:1, i:110)
2020-07-08 13:15:06,252 [java.util.concurrent.ThreadPoolExecutor$Worker@5f7a911f[State = -1, empty queue]] WARN  server.GrpcLogAppender (GrpcLogAppender.java:timeoutAppendRequest(219)) - ff9146d9-4106-48aa-a260-bf68f771a2db@group-9950A9CE729A->bc5f1711-66eb-4366-b732-80ea2cb41e2d-GrpcLogAppender:  appendEntries Timeout, request=AppendEntriesRequest:cid=137,entriesCount=1,lastEntry=(t:1, i:111)
2020-07-08 13:15:06,763 [java.util.concurrent.ThreadPoolExecutor$Worker@5f7a911f[State = -1, empty queue]] WARN  server.GrpcLogAppender (GrpcLogAppender.java:timeoutAppendRequest(219)) - ff9146d9-4106-48aa-a260-bf68f771a2db@group-9950A9CE729A->bc5f1711-66eb-4366-b732-80ea2cb41e2d-GrpcLogAppender:  appendEntries Timeout, request=AppendEntriesRequest:cid=138,entriesCount=1,lastEntry=(t:1, i:112)
2020-07-08 13:15:06,765 [java.util.concurrent.ThreadPoolExecutor$Worker@5f7a911f[State = -1, empty queue]] WARN  server.GrpcLogAppender (GrpcLogAppender.java:timeoutAppendRequest(219)) - ff9146d9-4106-48aa-a260-bf68f771a2db@group-9950A9CE729A->bc5f1711-66eb-4366-b732-80ea2cb41e2d-GrpcLogAppender:  appendEntries Timeout, request=AppendEntriesRequest:cid=139,entriesCount=1,lastEntry=(t:1, i:113)
2020-07-08 13:15:06,767 [java.util.concurrent.ThreadPoolExecutor$Worker@5f7a911f[State = -1, empty queue]] WARN  server.GrpcLogAppender (GrpcLogAppender.java:timeoutAppendRequest(219)) - ff9146d9-4106-48aa-a260-bf68f771a2db@group-9950A9CE729A->bc5f1711-66eb-4366-b732-80ea2cb41e2d-GrpcLogAppender:  appendEntries Timeout, request=AppendEntriesRequest:cid=140,entriesCount=1,lastEntry=(t:1, i:114)
2020-07-08 13:15:06,775 [java.util.concurrent.ThreadPoolExecutor$Worker@5f7a911f[State = -1, empty queue]] WARN  server.GrpcLogAppender (GrpcLogAppender.java:timeoutAppendRequest(219)) - ff9146d9-4106-48aa-a260-bf68f771a2db@group-9950A9CE729A->bc5f1711-66eb-4366-b732-80ea2cb41e2d-GrpcLogAppender:  appendEntries Timeout, request=AppendEntriesRequest:cid=141,entriesCount=1,lastEntry=(t:1, i:115)
2020-07-08 13:15:07,392 [grpc-default-executor-2] DEBUG server.GrpcLogAppender (GrpcLogAppender.java:onNext(257)) - ff9146d9-4106-48aa-a260-bf68f771a2db@group-75D1772E75E0->b16ae193-5323-4e70-89e2-910904aafaa7-AppendLogResponseHandler: received a reply ff9146d9-4106-48aa-a260-bf68f771a2db<-b16ae193-5323-4e70-89e2-910904aafaa7#140:OK,SUCCESS,nextIndex:91,term:1,followerCommit:90, request=AppendEntriesRequest:cid=140,entriesCount=0,lastEntry=null
2020-07-08 13:15:07,395 [grpc-default-executor-2] DEBUG server.GrpcLogAppender (GrpcLogAppender.java:onNext(257)) - ff9146d9-4106-48aa-a260-bf68f771a2db@group-75D1772E75E0->bc5f1711-66eb-4366-b732-80ea2cb41e2d-AppendLogResponseHandler: received a reply ff9146d9-4106-48aa-a260-bf68f771a2db<-bc5f1711-66eb-4366-b732-80ea2cb41e2d#140:OK,SUCCESS,nextIndex:91,term:1,followerCommit:90, request=AppendEntriesRequest:cid=140,entriesCount=0,lastEntry=null
2020-07-08 13:15:07,480 [grpc-default-executor-1] DEBUG server.GrpcLogAppender (GrpcLogAppender.java:onNext(257)) - ff9146d9-4106-48aa-a260-bf68f771a2db@group-9950A9CE729A->b16ae193-5323-4e70-89e2-910904aafaa7-AppendLogResponseHandler: received a reply ff9146d9-4106-48aa-a260-bf68f771a2db<-b16ae193-5323-4e70-89e2-910904aafaa7#190:OK,SUCCESS,nextIndex:144,term:1,followerCommit:143, request=AppendEntriesRequest:cid=190,entriesCount=0,lastEntry=null
2020-07-08 13:15:07,481 [grpc-default-executor-2] DEBUG server.GrpcLogAppender (GrpcLogAppender.java:onNext(257)) - ff9146d9-4106-48aa-a260-bf68f771a2db@group-9950A9CE729A->bc5f1711-66eb-4366-b732-80ea2cb41e2d-AppendLogResponseHandler: received a reply ff9146d9-4106-48aa-a260-bf68f771a2db<-bc5f1711-66eb-4366-b732-80ea2cb41e2d#177:OK,SUCCESS,nextIndex:128,term:1,followerCommit:127, request=AppendEntriesRequest:cid=177,entriesCount=0,lastEntry=null
2020-07-08 13:15:09,378 [java.util.concurrent.ThreadPoolExecutor$Worker@5f7a911f[State = -1, empty queue]] WARN  server.GrpcLogAppender (GrpcLogAppender.java:timeoutAppendRequest(219)) - ff9146d9-4106-48aa-a260-bf68f771a2db@group-9950A9CE729A->bc5f1711-66eb-4366-b732-80ea2cb41e2d-GrpcLogAppender:  appendEntries Timeout, request=AppendEntriesRequest:cid=143,entriesCount=1,lastEntry=(t:1, i:116)
2020-07-08 13:15:09,382 [java.util.concurrent.ThreadPoolExecutor$Worker@5f7a911f[State = -1, empty queue]] WARN  server.GrpcLogAppender (GrpcLogAppender.java:timeoutAppendRequest(219)) - ff9146d9-4106-48aa-a260-bf68f771a2db@group-9950A9CE729A->bc5f1711-66eb-4366-b732-80ea2cb41e2d-GrpcLogAppender:  appendEntries Timeout, request=AppendEntriesRequest:cid=144,entriesCount=1,lastEntry=(t:1, i:117)
2020-07-08 13:15:09,388 [java.util.concurrent.ThreadPoolExecutor$Worker@5f7a911f[State = -1, empty queue]] WARN  server.GrpcLogAppender (GrpcLogAppender.java:timeoutAppendRequest(219)) - ff9146d9-4106-48aa-a260-bf68f771a2db@group-9950A9CE729A->bc5f1711-66eb-4366-b732-80ea2cb41e2d-GrpcLogAppender:  appendEntries Timeout, request=AppendEntriesRequest:cid=145,entriesCount=1,lastEntry=(t:1, i:118)
2020-07-08 13:15:09,396 [java.util.concurrent.ThreadPoolExecutor$Worker@5f7a911f[State = -1, empty queue]] WARN  server.GrpcLogAppender (GrpcLogAppender.java:timeoutAppendRequest(219)) - ff9146d9-4106-48aa-a260-bf68f771a2db@group-9950A9CE729A->bc5f1711-66eb-4366-b732-80ea2cb41e2d-GrpcLogAppender:  appendEntries Timeout, request=AppendEntriesRequest:cid=146,entriesCount=1,lastEntry=(t:1, i:119)
2020-07-08 13:15:09,893 [grpc-default-executor-2] DEBUG server.GrpcLogAppender (GrpcLogAppender.java:onNext(257)) - ff9146d9-4106-48aa-a260-bf68f771a2db@group-75D1772E75E0->b16ae193-5323-4e70-89e2-910904aafaa7-AppendLogResponseHandler: received a reply ff9146d9-4106-48aa-a260-bf68f771a2db<-b16ae193-5323-4e70-89e2-910904aafaa7#141:OK,SUCCESS,nextIndex:91,term:1,followerCommit:90, request=AppendEntriesRequest:cid=141,entriesCount=0,lastEntry=null
2020-07-08 13:15:09,896 [grpc-default-executor-2] DEBUG server.GrpcLogAppender (GrpcLogAppender.java:onNext(257)) - ff9146d9-4106-48aa-a260-bf68f771a2db@group-75D1772E75E0->bc5f1711-66eb-4366-b732-80ea2cb41e2d-AppendLogResponseHandler: received a reply ff9146d9-4106-48aa-a260-bf68f771a2db<-bc5f1711-66eb-4366-b732-80ea2cb41e2d#141:OK,SUCCESS,nextIndex:91,term:1,followerCommit:90, request=AppendEntriesRequest:cid=141,entriesCount=0,lastEntry=null
2020-07-08 13:15:09,982 [grpc-default-executor-1] DEBUG server.GrpcLogAppender (GrpcLogAppender.java:onNext(257)) - ff9146d9-4106-48aa-a260-bf68f771a2db@group-9950A9CE729A->b16ae193-5323-4e70-89e2-910904aafaa7-AppendLogResponseHandler: received a reply ff9146d9-4106-48aa-a260-bf68f771a2db<-b16ae193-5323-4e70-89e2-910904aafaa7#191:OK,SUCCESS,nextIndex:144,term:1,followerCommit:143, request=AppendEntriesRequest:cid=191,entriesCount=0,lastEntry=null
2020-07-08 13:15:09,982 [grpc-default-executor-2] DEBUG server.GrpcLogAppender (GrpcLogAppender.java:onNext(257)) - ff9146d9-4106-48aa-a260-bf68f771a2db@group-9950A9CE729A->bc5f1711-66eb-4366-b732-80ea2cb41e2d-AppendLogResponseHandler: received a reply ff9146d9-4106-48aa-a260-bf68f771a2db<-bc5f1711-66eb-4366-b732-80ea2cb41e2d#178:OK,SUCCESS,nextIndex:128,term:1,followerCommit:127, request=AppendEntriesRequest:cid=178,entriesCount=0,lastEntry=null
2020-07-08 13:15:11,922 [java.util.concurrent.ThreadPoolExecutor$Worker@5f7a911f[State = -1, empty queue]] WARN  server.GrpcLogAppender (GrpcLogAppender.java:timeoutAppendRequest(219)) - ff9146d9-4106-48aa-a260-bf68f771a2db@group-9950A9CE729A->bc5f1711-66eb-4366-b732-80ea2cb41e2d-GrpcLogAppender:  appendEntries Timeout, request=AppendEntriesRequest:cid=148,entriesCount=1,lastEntry=(t:1, i:120)
2020-07-08 13:15:11,925 [java.util.concurrent.ThreadPoolExecutor$Worker@5f7a911f[State = -1, empty queue]] WARN  server.GrpcLogAppender (GrpcLogAppender.java:timeoutAppendRequest(219)) - ff9146d9-4106-48aa-a260-bf68f771a2db@group-9950A9CE729A->bc5f1711-66eb-4366-b732-80ea2cb41e2d-GrpcLogAppender:  appendEntries Timeout, request=AppendEntriesRequest:cid=149,entriesCount=1,lastEntry=(t:1, i:121)
2020-07-08 13:15:11,930 [java.util.concurrent.ThreadPoolExecutor$Worker@5f7a911f[State = -1, empty queue]] WARN  server.GrpcLogAppender (GrpcLogAppender.java:timeoutAppendRequest(219)) - ff9146d9-4106-48aa-a260-bf68f771a2db@group-9950A9CE729A->bc5f1711-66eb-4366-b732-80ea2cb41e2d-GrpcLogAppender:  appendEntries Timeout, request=AppendEntriesRequest:cid=150,entriesCount=1,lastEntry=(t:1, i:122)
2020-07-08 13:15:11,934 [java.util.concurrent.ThreadPoolExecutor$Worker@5f7a911f[State = -1, empty queue]] WARN  server.GrpcLogAppender (GrpcLogAppender.java:timeoutAppendRequest(219)) - ff9146d9-4106-48aa-a260-bf68f771a2db@group-9950A9CE729A->bc5f1711-66eb-4366-b732-80ea2cb41e2d-GrpcLogAppender:  appendEntries Timeout, request=AppendEntriesRequest:cid=151,entriesCount=1,lastEntry=(t:1, i:123)
2020-07-08 13:15:12,395 [grpc-default-executor-2] DEBUG server.GrpcLogAppender (GrpcLogAppender.java:onNext(257)) - ff9146d9-4106-48aa-a260-bf68f771a2db@group-75D1772E75E0->b16ae193-5323-4e70-89e2-910904aafaa7-AppendLogResponseHandler: received a reply ff9146d9-4106-48aa-a260-bf68f771a2db<-b16ae193-5323-4e70-89e2-910904aafaa7#142:OK,SUCCESS,nextIndex:91,term:1,followerCommit:90, request=AppendEntriesRequest:cid=142,entriesCount=0,lastEntry=null
2020-07-08 13:15:12,397 [grpc-default-executor-2] DEBUG server.GrpcLogAppender (GrpcLogAppender.java:onNext(257)) - ff9146d9-4106-48aa-a260-bf68f771a2db@group-75D1772E75E0->bc5f1711-66eb-4366-b732-80ea2cb41e2d-AppendLogResponseHandler: received a reply ff9146d9-4106-48aa-a260-bf68f771a2db<-bc5f1711-66eb-4366-b732-80ea2cb41e2d#142:OK,SUCCESS,nextIndex:91,term:1,followerCommit:90, request=AppendEntriesRequest:cid=142,entriesCount=0,lastEntry=null
2020-07-08 13:15:12,474 [Listener at 127.0.0.1/44611] WARN  scm.XceiverClientRatis (XceiverClientRatis.java:watchForCommit(265)) - 3 way commit failed on pipeline Pipeline[ Id: a9e13c2b-a63e-4f31-b10c-9950a9ce729a, Nodes: bc5f1711-66eb-4366-b732-80ea2cb41e2d{ip: 172.17.0.2, host: 474518ed3234, networkLocation: /default-rack, certSerialId: null}ff9146d9-4106-48aa-a260-bf68f771a2db{ip: 172.17.0.2, host: 474518ed3234, networkLocation: /default-rack, certSerialId: null}b16ae193-5323-4e70-89e2-910904aafaa7{ip: 172.17.0.2, host: 474518ed3234, networkLocation: /default-rack, certSerialId: null}, Type:RATIS, Factor:THREE, State:OPEN, leaderId:ff9146d9-4106-48aa-a260-bf68f771a2db, CreationTimestamp2020-07-08T13:12:49.938Z]
java.util.concurrent.ExecutionException: org.apache.ratis.protocol.TimeoutIOException: Request #217 timeout 10000ms
	at java.util.concurrent.CompletableFuture.reportGet(CompletableFuture.java:357)
	at java.util.concurrent.CompletableFuture.get(CompletableFuture.java:1908)
	at org.apache.hadoop.hdds.scm.XceiverClientRatis.watchForCommit(XceiverClientRatis.java:262)
	at org.apache.hadoop.hdds.scm.storage.CommitWatcher.watchForCommit(CommitWatcher.java:190)
	at org.apache.hadoop.hdds.scm.storage.CommitWatcher.watchOnLastIndex(CommitWatcher.java:157)
	at org.apache.hadoop.hdds.scm.storage.BlockOutputStream.watchForCommit(BlockOutputStream.java:351)
	at org.apache.hadoop.hdds.scm.storage.BlockOutputStream.handleFlush(BlockOutputStream.java:500)
	at org.apache.hadoop.hdds.scm.storage.BlockOutputStream.close(BlockOutputStream.java:514)
	at org.apache.hadoop.ozone.client.io.BlockOutputStreamEntry.close(BlockOutputStreamEntry.java:149)
	at org.apache.hadoop.ozone.client.io.KeyOutputStream.handleStreamAction(KeyOutputStream.java:483)
	at org.apache.hadoop.ozone.client.io.KeyOutputStream.handleFlushOrClose(KeyOutputStream.java:457)
	at org.apache.hadoop.ozone.client.io.KeyOutputStream.close(KeyOutputStream.java:510)
	at org.apache.hadoop.ozone.client.io.OzoneOutputStream.close(OzoneOutputStream.java:60)
	at org.apache.hadoop.ozone.client.rpc.TestOzoneRpcClientAbstract.testReadKeyWithCorruptedDataWithMutiNodes(TestOzoneRpcClientAbstract.java:1070)
	at sun.reflect.NativeMethodAccessorImpl.invoke0(Native Method)
	at sun.reflect.NativeMethodAccessorImpl.invoke(NativeMethodAccessorImpl.java:62)
	at sun.reflect.DelegatingMethodAccessorImpl.invoke(DelegatingMethodAccessorImpl.java:43)
	at java.lang.reflect.Method.invoke(Method.java:498)
	at org.junit.runners.model.FrameworkMethod$1.runReflectiveCall(FrameworkMethod.java:47)
	at org.junit.internal.runners.model.ReflectiveCallable.run(ReflectiveCallable.java:12)
	at org.junit.runners.model.FrameworkMethod.invokeExplosively(FrameworkMethod.java:44)
	at org.junit.internal.runners.statements.InvokeMethod.evaluate(InvokeMethod.java:17)
	at org.junit.runners.ParentRunner.runLeaf(ParentRunner.java:271)
	at org.junit.runners.BlockJUnit4ClassRunner.runChild(BlockJUnit4ClassRunner.java:70)
	at org.junit.runners.BlockJUnit4ClassRunner.runChild(BlockJUnit4ClassRunner.java:50)
	at org.junit.runners.ParentRunner$3.run(ParentRunner.java:238)
	at org.junit.runners.ParentRunner$1.schedule(ParentRunner.java:63)
	at org.junit.runners.ParentRunner.runChildren(ParentRunner.java:236)
	at org.junit.runners.ParentRunner.access$000(ParentRunner.java:53)
	at org.junit.runners.ParentRunner$2.evaluate(ParentRunner.java:229)
	at org.junit.internal.runners.statements.RunBefores.evaluate(RunBefores.java:26)
	at org.junit.internal.runners.statements.RunAfters.evaluate(RunAfters.java:27)
	at org.junit.runners.ParentRunner.run(ParentRunner.java:309)
	at org.apache.maven.surefire.junit4.JUnit4Provider.execute(JUnit4Provider.java:365)
	at org.apache.maven.surefire.junit4.JUnit4Provider.executeWithRerun(JUnit4Provider.java:273)
	at org.apache.maven.surefire.junit4.JUnit4Provider.executeTestSet(JUnit4Provider.java:238)
	at org.apache.maven.surefire.junit4.JUnit4Provider.invoke(JUnit4Provider.java:159)
	at org.apache.maven.surefire.booter.ForkedBooter.invokeProviderInSameClassLoader(ForkedBooter.java:384)
	at org.apache.maven.surefire.booter.ForkedBooter.runSuitesInProcess(ForkedBooter.java:345)
	at org.apache.maven.surefire.booter.ForkedBooter.execute(ForkedBooter.java:126)
	at org.apache.maven.surefire.booter.ForkedBooter.main(ForkedBooter.java:418)
Caused by: org.apache.ratis.protocol.TimeoutIOException: Request #217 timeout 10000ms
	at org.apache.ratis.grpc.client.GrpcClientProtocolClient$AsyncStreamObservers.lambda$timeoutCheck$5(GrpcClientProtocolClient.java:337)
	at java.util.Optional.ifPresent(Optional.java:159)
	at org.apache.ratis.grpc.client.GrpcClientProtocolClient$AsyncStreamObservers.handleReplyFuture(GrpcClientProtocolClient.java:342)
	at org.apache.ratis.grpc.client.GrpcClientProtocolClient$AsyncStreamObservers.timeoutCheck(GrpcClientProtocolClient.java:337)
	at org.apache.ratis.grpc.client.GrpcClientProtocolClient$AsyncStreamObservers.lambda$onNext$1(GrpcClientProtocolClient.java:326)
	at org.apache.ratis.util.TimeoutScheduler.lambda$onTimeout$0(TimeoutScheduler.java:141)
	at org.apache.ratis.util.TimeoutScheduler.lambda$onTimeout$1(TimeoutScheduler.java:155)
	at org.apache.ratis.util.LogUtils.runAndLog(LogUtils.java:38)
	at org.apache.ratis.util.LogUtils$1.run(LogUtils.java:79)
	at java.util.concurrent.Executors$RunnableAdapter.call(Executors.java:511)
	at java.util.concurrent.FutureTask.run(FutureTask.java:266)
	at java.util.concurrent.ScheduledThreadPoolExecutor$ScheduledFutureTask.access$201(ScheduledThreadPoolExecutor.java:180)
	at java.util.concurrent.ScheduledThreadPoolExecutor$ScheduledFutureTask.run(ScheduledThreadPoolExecutor.java:293)
	at java.util.concurrent.ThreadPoolExecutor.runWorker(ThreadPoolExecutor.java:1149)
	at java.util.concurrent.ThreadPoolExecutor$Worker.run(ThreadPoolExecutor.java:624)
	at java.lang.Thread.run(Thread.java:748)
2020-07-08 13:15:12,475 [grpc-default-executor-2] DEBUG impl.RaftServerImpl (RaftServerImpl.java:submitClientRequestAsync(575)) - ff9146d9-4106-48aa-a260-bf68f771a2db@group-9950A9CE729A: receive client request(RaftClientRequest:client-B3E3B04F7BA2->ff9146d9-4106-48aa-a260-bf68f771a2db@group-9950A9CE729A, cid=218, seq=0, Watch-MAJORITY_COMMITTED(141), Message:<EMPTY>)
2020-07-08 13:15:12,475 [grpc-default-executor-2] DEBUG impl.RaftServerImpl (LeaderState.java:addWatchReqeust(353)) - ff9146d9-4106-48aa-a260-bf68f771a2db@group-9950A9CE729A-LeaderState: addWatchRequest RaftClientRequest:client-B3E3B04F7BA2->ff9146d9-4106-48aa-a260-bf68f771a2db@group-9950A9CE729A, cid=218, seq=0, Watch-MAJORITY_COMMITTED(141), Message:<EMPTY>
2020-07-08 13:15:12,477 [Listener at 127.0.0.1/44611] INFO  scm.XceiverClientRatis (XceiverClientRatis.java:lambda$watchForCommit$6(283)) - Could not commit index 141 on pipeline Pipeline[ Id: a9e13c2b-a63e-4f31-b10c-9950a9ce729a, Nodes: bc5f1711-66eb-4366-b732-80ea2cb41e2d{ip: 172.17.0.2, host: 474518ed3234, networkLocation: /default-rack, certSerialId: null}ff9146d9-4106-48aa-a260-bf68f771a2db{ip: 172.17.0.2, host: 474518ed3234, networkLocation: /default-rack, certSerialId: null}b16ae193-5323-4e70-89e2-910904aafaa7{ip: 172.17.0.2, host: 474518ed3234, networkLocation: /default-rack, certSerialId: null}, Type:RATIS, Factor:THREE, State:OPEN, leaderId:ff9146d9-4106-48aa-a260-bf68f771a2db, CreationTimestamp2020-07-08T13:12:49.938Z] to all the nodes. Server bc5f1711-66eb-4366-b732-80ea2cb41e2d has failed. Committed by majority.
2020-07-08 13:15:12,477 [Listener at 127.0.0.1/44611] WARN  storage.BlockOutputStream (BlockOutputStream.java:watchForCommit(357)) - Failed to commit BlockId conID: 1 locID: 104478415088386373 bcsId: 141 on Pipeline[ Id: a9e13c2b-a63e-4f31-b10c-9950a9ce729a, Nodes: bc5f1711-66eb-4366-b732-80ea2cb41e2d{ip: 172.17.0.2, host: 474518ed3234, networkLocation: /default-rack, certSerialId: null}ff9146d9-4106-48aa-a260-bf68f771a2db{ip: 172.17.0.2, host: 474518ed3234, networkLocation: /default-rack, certSerialId: null}b16ae193-5323-4e70-89e2-910904aafaa7{ip: 172.17.0.2, host: 474518ed3234, networkLocation: /default-rack, certSerialId: null}, Type:RATIS, Factor:THREE, State:OPEN, leaderId:ff9146d9-4106-48aa-a260-bf68f771a2db, CreationTimestamp2020-07-08T13:12:49.938Z]. Failed nodes: [bc5f1711-66eb-4366-b732-80ea2cb41e2d{ip: null, host: null, networkLocation: /default-rack, certSerialId: null}]
2020-07-08 13:15:12,480 [IPC Server handler 12 on default port 44611] DEBUG impl.RaftServerImpl (RaftServerImpl.java:submitClientRequestAsync(575)) - 908393bc-d470-461e-b415-1bfd726359b6@group-C5BA1605619E: receive client request(RaftClientRequest:client-E0FC0A369F10->908393bc-d470-461e-b415-1bfd726359b6@group-C5BA1605619E, cid=571, seq=0, RW, Message:082412001a13636c6965...(size=902))
2020-07-08 13:15:12,484 [grpc-default-executor-1] DEBUG server.GrpcLogAppender (GrpcLogAppender.java:onNext(257)) - ff9146d9-4106-48aa-a260-bf68f771a2db@group-9950A9CE729A->bc5f1711-66eb-4366-b732-80ea2cb41e2d-AppendLogResponseHandler: received a reply ff9146d9-4106-48aa-a260-bf68f771a2db<-bc5f1711-66eb-4366-b732-80ea2cb41e2d#179:OK,SUCCESS,nextIndex:128,term:1,followerCommit:127, request=AppendEntriesRequest:cid=179,entriesCount=0,lastEntry=null
2020-07-08 13:15:12,488 [IPC Server handler 12 on default port 44611] DEBUG impl.RaftServerImpl (LeaderState.java:addPendingRequest(335)) - 908393bc-d470-461e-b415-1bfd726359b6@group-C5BA1605619E-LeaderState: addPendingRequest at RaftClientRequest:client-E0FC0A369F10->908393bc-d470-461e-b415-1bfd726359b6@group-C5BA1605619E, cid=571, seq=0, RW, Message:082412001a13636c6965...(size=902), entry=(t:1, i:1120), STATEMACHINELOGENTRY, client-E0FC0A369F10, cid=571
2020-07-08 13:15:12,489 [grpc-default-executor-2] DEBUG server.GrpcLogAppender (GrpcLogAppender.java:onNext(257)) - ff9146d9-4106-48aa-a260-bf68f771a2db@group-9950A9CE729A->b16ae193-5323-4e70-89e2-910904aafaa7-AppendLogResponseHandler: received a reply ff9146d9-4106-48aa-a260-bf68f771a2db<-b16ae193-5323-4e70-89e2-910904aafaa7#192:OK,SUCCESS,nextIndex:144,term:1,followerCommit:143, request=AppendEntriesRequest:cid=192,entriesCount=0,lastEntry=null
2020-07-08 13:15:12,507 [IPC Server handler 16 on default port 41233] WARN  node.SCMNodeManager (SCMNodeManager.java:getNodesByAddress(644)) - Cannot find node for address 127.0.0.1
2020-07-08 13:15:12,525 [IPC Server handler 6 on default port 41233] WARN  node.SCMNodeManager (SCMNodeManager.java:getNodesByAddress(644)) - Cannot find node for address 127.0.0.1
2020-07-08 13:15:12,536 [grpc-default-executor-1] INFO  keyvalue.KeyValueHandler (ContainerUtils.java:logAndReturnError(76)) - Operation: GetBlock , Trace ID:  , Message: Unable to find the block with bcsID 141 .Container 1 bcsId is 125. , Result: UNKNOWN_BCSID , StorageContainerException Occurred.
org.apache.hadoop.hdds.scm.container.common.helpers.StorageContainerException: Unable to find the block with bcsID 141 .Container 1 bcsId is 125.
	at org.apache.hadoop.ozone.container.keyvalue.impl.BlockManagerImpl.getBlock(BlockManagerImpl.java:177)
	at org.apache.hadoop.ozone.container.keyvalue.KeyValueHandler.handleGetBlock(KeyValueHandler.java:473)
	at org.apache.hadoop.ozone.container.keyvalue.KeyValueHandler.dispatchRequest(KeyValueHandler.java:181)
	at org.apache.hadoop.ozone.container.keyvalue.KeyValueHandler.handle(KeyValueHandler.java:155)
	at org.apache.hadoop.ozone.container.common.impl.HddsDispatcher.dispatchRequest(HddsDispatcher.java:304)
	at org.apache.hadoop.ozone.container.common.impl.HddsDispatcher.dispatch(HddsDispatcher.java:166)
	at org.apache.hadoop.ozone.container.common.transport.server.GrpcXceiverService$1.onNext(GrpcXceiverService.java:57)
	at org.apache.hadoop.ozone.container.common.transport.server.GrpcXceiverService$1.onNext(GrpcXceiverService.java:50)
	at org.apache.ratis.thirdparty.io.grpc.stub.ServerCalls$StreamingServerCallHandler$StreamingServerCallListener.onMessage(ServerCalls.java:251)
	at org.apache.ratis.thirdparty.io.grpc.ForwardingServerCallListener.onMessage(ForwardingServerCallListener.java:33)
	at org.apache.hadoop.hdds.tracing.GrpcServerInterceptor$1.onMessage(GrpcServerInterceptor.java:49)
	at org.apache.ratis.thirdparty.io.grpc.internal.ServerCallImpl$ServerStreamListenerImpl.messagesAvailableInternal(ServerCallImpl.java:309)
	at org.apache.ratis.thirdparty.io.grpc.internal.ServerCallImpl$ServerStreamListenerImpl.messagesAvailable(ServerCallImpl.java:292)
	at org.apache.ratis.thirdparty.io.grpc.internal.ServerImpl$JumpToApplicationThreadServerStreamListener$1MessagesAvailable.runInContext(ServerImpl.java:782)
	at org.apache.ratis.thirdparty.io.grpc.internal.ContextRunnable.run(ContextRunnable.java:37)
	at org.apache.ratis.thirdparty.io.grpc.internal.SerializingExecutor.run(SerializingExecutor.java:123)
	at java.util.concurrent.ThreadPoolExecutor.runWorker(ThreadPoolExecutor.java:1149)
	at java.util.concurrent.ThreadPoolExecutor$Worker.run(ThreadPoolExecutor.java:624)
	at java.lang.Thread.run(Thread.java:748)
13:15:12.537 [grpc-default-executor-1] ERROR DNAudit - user=null | ip=null | op=GET_BLOCK {blockData=conID: 1 locID: 104478415088386373 bcsId: 141} | ret=FAILURE
java.lang.Exception: Unable to find the block with bcsID 141 .Container 1 bcsId is 125.
	at org.apache.hadoop.ozone.container.common.impl.HddsDispatcher.dispatchRequest(HddsDispatcher.java:364) [hadoop-hdds-container-service-0.6.0-SNAPSHOT.jar:?]
	at org.apache.hadoop.ozone.container.common.impl.HddsDispatcher.dispatch(HddsDispatcher.java:166) [hadoop-hdds-container-service-0.6.0-SNAPSHOT.jar:?]
	at org.apache.hadoop.ozone.container.common.transport.server.GrpcXceiverService$1.onNext(GrpcXceiverService.java:57) [hadoop-hdds-container-service-0.6.0-SNAPSHOT.jar:?]
	at org.apache.hadoop.ozone.container.common.transport.server.GrpcXceiverService$1.onNext(GrpcXceiverService.java:50) [hadoop-hdds-container-service-0.6.0-SNAPSHOT.jar:?]
	at org.apache.ratis.thirdparty.io.grpc.stub.ServerCalls$StreamingServerCallHandler$StreamingServerCallListener.onMessage(ServerCalls.java:251) [ratis-thirdparty-misc-0.4.0.jar:0.4.0]
	at org.apache.ratis.thirdparty.io.grpc.ForwardingServerCallListener.onMessage(ForwardingServerCallListener.java:33) [ratis-thirdparty-misc-0.4.0.jar:0.4.0]
	at org.apache.hadoop.hdds.tracing.GrpcServerInterceptor$1.onMessage(GrpcServerInterceptor.java:49) [hadoop-hdds-common-0.6.0-SNAPSHOT.jar:?]
	at org.apache.ratis.thirdparty.io.grpc.internal.ServerCallImpl$ServerStreamListenerImpl.messagesAvailableInternal(ServerCallImpl.java:309) [ratis-thirdparty-misc-0.4.0.jar:0.4.0]
	at org.apache.ratis.thirdparty.io.grpc.internal.ServerCallImpl$ServerStreamListenerImpl.messagesAvailable(ServerCallImpl.java:292) [ratis-thirdparty-misc-0.4.0.jar:0.4.0]
	at org.apache.ratis.thirdparty.io.grpc.internal.ServerImpl$JumpToApplicationThreadServerStreamListener$1MessagesAvailable.runInContext(ServerImpl.java:782) [ratis-thirdparty-misc-0.4.0.jar:0.4.0]
	at org.apache.ratis.thirdparty.io.grpc.internal.ContextRunnable.run(ContextRunnable.java:37) [ratis-thirdparty-misc-0.4.0.jar:0.4.0]
	at org.apache.ratis.thirdparty.io.grpc.internal.SerializingExecutor.run(SerializingExecutor.java:123) [ratis-thirdparty-misc-0.4.0.jar:0.4.0]
	at java.util.concurrent.ThreadPoolExecutor.runWorker(ThreadPoolExecutor.java:1149) [?:1.8.0_232]
	at java.util.concurrent.ThreadPoolExecutor$Worker.run(ThreadPoolExecutor.java:624) [?:1.8.0_232]
	at java.lang.Thread.run(Thread.java:748) [?:1.8.0_232]
2020-07-08 13:15:12,554 [IPC Server handler 3 on default port 41233] WARN  node.SCMNodeManager (SCMNodeManager.java:getNodesByAddress(644)) - Cannot find node for address 127.0.0.1
2020-07-08 13:15:12,565 [grpc-default-executor-2] INFO  keyvalue.KeyValueHandler (ContainerUtils.java:logAndReturnError(76)) - Operation: ReadChunk , Trace ID:  , Message: java.nio.file.NoSuchFileException: /github/workspace/mnt/ozone/hadoop-ozone/integration-test/target/test-dir/MiniOzoneClusterImpl-ab1274d5-24be-4bd6-88ef-d19048f536fd/datanode-2/data-0/containers/hdds/a1de42f3-fe60-4b73-909d-52162d925273/current/containerDir0/1/chunks/104478415088386373.block , Result: UNABLE_TO_FIND_CHUNK , StorageContainerException Occurred.
org.apache.hadoop.hdds.scm.container.common.helpers.StorageContainerException: java.nio.file.NoSuchFileException: /github/workspace/mnt/ozone/hadoop-ozone/integration-test/target/test-dir/MiniOzoneClusterImpl-ab1274d5-24be-4bd6-88ef-d19048f536fd/datanode-2/data-0/containers/hdds/a1de42f3-fe60-4b73-909d-52162d925273/current/containerDir0/1/chunks/104478415088386373.block
	at org.apache.hadoop.ozone.container.keyvalue.helpers.ChunkUtils.wrapInStorageContainerException(ChunkUtils.java:331)
	at org.apache.hadoop.ozone.container.keyvalue.helpers.ChunkUtils.readData(ChunkUtils.java:193)
	at org.apache.hadoop.ozone.container.keyvalue.impl.FilePerBlockStrategy.readChunk(FilePerBlockStrategy.java:149)
	at org.apache.hadoop.ozone.container.keyvalue.impl.ChunkManagerDispatcher.readChunk(ChunkManagerDispatcher.java:87)
	at org.apache.hadoop.ozone.container.keyvalue.KeyValueHandler.handleReadChunk(KeyValueHandler.java:595)
	at org.apache.hadoop.ozone.container.keyvalue.KeyValueHandler.dispatchRequest(KeyValueHandler.java:187)
	at org.apache.hadoop.ozone.container.keyvalue.KeyValueHandler.handle(KeyValueHandler.java:155)
	at org.apache.hadoop.ozone.container.common.impl.HddsDispatcher.dispatchRequest(HddsDispatcher.java:304)
	at org.apache.hadoop.ozone.container.common.impl.HddsDispatcher.dispatch(HddsDispatcher.java:166)
	at org.apache.hadoop.ozone.container.common.transport.server.GrpcXceiverService$1.onNext(GrpcXceiverService.java:57)
	at org.apache.hadoop.ozone.container.common.transport.server.GrpcXceiverService$1.onNext(GrpcXceiverService.java:50)
	at org.apache.ratis.thirdparty.io.grpc.stub.ServerCalls$StreamingServerCallHandler$StreamingServerCallListener.onMessage(ServerCalls.java:251)
	at org.apache.ratis.thirdparty.io.grpc.ForwardingServerCallListener.onMessage(ForwardingServerCallListener.java:33)
	at org.apache.hadoop.hdds.tracing.GrpcServerInterceptor$1.onMessage(GrpcServerInterceptor.java:49)
	at org.apache.ratis.thirdparty.io.grpc.internal.ServerCallImpl$ServerStreamListenerImpl.messagesAvailableInternal(ServerCallImpl.java:309)
	at org.apache.ratis.thirdparty.io.grpc.internal.ServerCallImpl$ServerStreamListenerImpl.messagesAvailable(ServerCallImpl.java:292)
	at org.apache.ratis.thirdparty.io.grpc.internal.ServerImpl$JumpToApplicationThreadServerStreamListener$1MessagesAvailable.runInContext(ServerImpl.java:782)
	at org.apache.ratis.thirdparty.io.grpc.internal.ContextRunnable.run(ContextRunnable.java:37)
	at org.apache.ratis.thirdparty.io.grpc.internal.SerializingExecutor.run(SerializingExecutor.java:123)
	at java.util.concurrent.ThreadPoolExecutor.runWorker(ThreadPoolExecutor.java:1149)
	at java.util.concurrent.ThreadPoolExecutor$Worker.run(ThreadPoolExecutor.java:624)
	at java.lang.Thread.run(Thread.java:748)
Caused by: java.nio.file.NoSuchFileException: /github/workspace/mnt/ozone/hadoop-ozone/integration-test/target/test-dir/MiniOzoneClusterImpl-ab1274d5-24be-4bd6-88ef-d19048f536fd/datanode-2/data-0/containers/hdds/a1de42f3-fe60-4b73-909d-52162d925273/current/containerDir0/1/chunks/104478415088386373.block
	at sun.nio.fs.UnixException.translateToIOException(UnixException.java:86)
	at sun.nio.fs.UnixException.rethrowAsIOException(UnixException.java:102)
	at sun.nio.fs.UnixException.rethrowAsIOException(UnixException.java:107)
	at sun.nio.fs.UnixFileSystemProvider.newFileChannel(UnixFileSystemProvider.java:177)
	at java.nio.channels.FileChannel.open(FileChannel.java:287)
	at org.apache.hadoop.ozone.container.keyvalue.helpers.ChunkUtils.lambda$readData$3(ChunkUtils.java:184)
	at org.apache.hadoop.ozone.container.keyvalue.helpers.ChunkUtils.processFileExclusively(ChunkUtils.java:282)
	at org.apache.hadoop.ozone.container.keyvalue.helpers.ChunkUtils.readData(ChunkUtils.java:183)
	... 20 more
13:15:12.565 [grpc-default-executor-2] ERROR DNAudit - user=null | ip=null | op=READ_CHUNK {blockData=conID: 1 locID: 104478415088386373 bcsId: 141} | ret=FAILURE
java.lang.Exception: java.nio.file.NoSuchFileException: /github/workspace/mnt/ozone/hadoop-ozone/integration-test/target/test-dir/MiniOzoneClusterImpl-ab1274d5-24be-4bd6-88ef-d19048f536fd/datanode-2/data-0/containers/hdds/a1de42f3-fe60-4b73-909d-52162d925273/current/containerDir0/1/chunks/104478415088386373.block
	at org.apache.hadoop.ozone.container.common.impl.HddsDispatcher.dispatchRequest(HddsDispatcher.java:364) [hadoop-hdds-container-service-0.6.0-SNAPSHOT.jar:?]
	at org.apache.hadoop.ozone.container.common.impl.HddsDispatcher.dispatch(HddsDispatcher.java:166) [hadoop-hdds-container-service-0.6.0-SNAPSHOT.jar:?]
	at org.apache.hadoop.ozone.container.common.transport.server.GrpcXceiverService$1.onNext(GrpcXceiverService.java:57) [hadoop-hdds-container-service-0.6.0-SNAPSHOT.jar:?]
	at org.apache.hadoop.ozone.container.common.transport.server.GrpcXceiverService$1.onNext(GrpcXceiverService.java:50) [hadoop-hdds-container-service-0.6.0-SNAPSHOT.jar:?]
	at org.apache.ratis.thirdparty.io.grpc.stub.ServerCalls$StreamingServerCallHandler$StreamingServerCallListener.onMessage(ServerCalls.java:251) [ratis-thirdparty-misc-0.4.0.jar:0.4.0]
	at org.apache.ratis.thirdparty.io.grpc.ForwardingServerCallListener.onMessage(ForwardingServerCallListener.java:33) [ratis-thirdparty-misc-0.4.0.jar:0.4.0]
	at org.apache.hadoop.hdds.tracing.GrpcServerInterceptor$1.onMessage(GrpcServerInterceptor.java:49) [hadoop-hdds-common-0.6.0-SNAPSHOT.jar:?]
	at org.apache.ratis.thirdparty.io.grpc.internal.ServerCallImpl$ServerStreamListenerImpl.messagesAvailableInternal(ServerCallImpl.java:309) [ratis-thirdparty-misc-0.4.0.jar:0.4.0]
	at org.apache.ratis.thirdparty.io.grpc.internal.ServerCallImpl$ServerStreamListenerImpl.messagesAvailable(ServerCallImpl.java:292) [ratis-thirdparty-misc-0.4.0.jar:0.4.0]
	at org.apache.ratis.thirdparty.io.grpc.internal.ServerImpl$JumpToApplicationThreadServerStreamListener$1MessagesAvailable.runInContext(ServerImpl.java:782) [ratis-thirdparty-misc-0.4.0.jar:0.4.0]
	at org.apache.ratis.thirdparty.io.grpc.internal.ContextRunnable.run(ContextRunnable.java:37) [ratis-thirdparty-misc-0.4.0.jar:0.4.0]
	at org.apache.ratis.thirdparty.io.grpc.internal.SerializingExecutor.run(SerializingExecutor.java:123) [ratis-thirdparty-misc-0.4.0.jar:0.4.0]
	at java.util.concurrent.ThreadPoolExecutor.runWorker(ThreadPoolExecutor.java:1149) [?:1.8.0_232]
	at java.util.concurrent.ThreadPoolExecutor$Worker.run(ThreadPoolExecutor.java:624) [?:1.8.0_232]
	at java.lang.Thread.run(Thread.java:748) [?:1.8.0_232]
2020-07-08 13:15:12,567 [Listener at 127.0.0.1/44611] ERROR scm.XceiverClientGrpc (XceiverClientGrpc.java:sendCommandWithRetry(378)) - Failed to execute command cmdType: ReadChunk
traceID: ""
containerID: 1
datanodeUuid: "bc5f1711-66eb-4366-b732-80ea2cb41e2d"
readChunk {
  blockID {
    containerID: 1
    localID: 104478415088386373
    blockCommitSequenceId: 141
  }
  chunkData {
    chunkName: "104478415088386373_chunk_1"
    offset: 0
    len: 12
    checksumData {
      type: CRC32
      bytesPerChecksum: 1048576
      checksums: "\357\322\354/"
    }
  }
}
 on the pipeline Pipeline[ Id: a9e13c2b-a63e-4f31-b10c-9950a9ce729a, Nodes: bc5f1711-66eb-4366-b732-80ea2cb41e2d{ip: 172.17.0.2, host: 474518ed3234, networkLocation: /default-rack, certSerialId: null}ff9146d9-4106-48aa-a260-bf68f771a2db{ip: 172.17.0.2, host: 474518ed3234, networkLocation: /default-rack, certSerialId: null}b16ae193-5323-4e70-89e2-910904aafaa7{ip: 172.17.0.2, host: 474518ed3234, networkLocation: /default-rack, certSerialId: null}, Type:STAND_ALONE, Factor:THREE, State:OPEN, leaderId:ff9146d9-4106-48aa-a260-bf68f771a2db, CreationTimestamp2020-07-08T13:12:49.938Z].
]]></system-out>
  </testcase>
  <testcase name="testVolumeSetOwner" classname="org.apache.hadoop.ozone.client.rpc.TestOzoneRpcClientWithRatis" time="0.008"/>
  <testcase name="testPutKey" classname="org.apache.hadoop.ozone.client.rpc.TestOzoneRpcClientWithRatis" time="0.232"/>
  <testcase name="testReadKeyWithCorruptedData" classname="org.apache.hadoop.ozone.client.rpc.TestOzoneRpcClientWithRatis" time="0.068"/>
  <testcase name="testCreateBucketWithAcls" classname="org.apache.hadoop.ozone.client.rpc.TestOzoneRpcClientWithRatis" time="0.008"/>
  <testcase name="testMultipartUploadWithPartsMisMatchWithIncorrectPartName" classname="org.apache.hadoop.ozone.client.rpc.TestOzoneRpcClientWithRatis" time="0.026"/>
  <testcase name="testCreateVolumeWithMetadata" classname="org.apache.hadoop.ozone.client.rpc.TestOzoneRpcClientWithRatis" time="0.004"/>
  <testcase name="testCreateBucketWithMetadata" classname="org.apache.hadoop.ozone.client.rpc.TestOzoneRpcClientWithRatis" time="0.007"/>
  <testcase name="testListPartsWithPartMarkerGreaterThanPartCount" classname="org.apache.hadoop.ozone.client.rpc.TestOzoneRpcClientWithRatis" time="0.068"/>
  <testcase name="testCreateBucket" classname="org.apache.hadoop.ozone.client.rpc.TestOzoneRpcClientWithRatis" time="0.007"/>
  <testcase name="testUploadPartWithNoOverride" classname="org.apache.hadoop.ozone.client.rpc.TestOzoneRpcClientWithRatis" time="0.031"/>
  <testcase name="testInitiateMultipartUploadWithDefaultReplication" classname="org.apache.hadoop.ozone.client.rpc.TestOzoneRpcClientWithRatis" time="0.01"/>
</testsuite>