<?xml version="1.0" encoding="UTF-8"?>
<testsuite xmlns:xsi="http://www.w3.org/2001/XMLSchema-instance" xsi:noNamespaceSchemaLocation="https://maven.apache.org/surefire/maven-surefire-plugin/xsd/surefire-test-report-3.0.xsd" version="3.0" name="org.apache.hadoop.fs.ozone.TestRootedDDSWithFSO" time="30.007" tests="1" errors="1" skipped="0" failures="0">
  <properties>
    <property name="awt.toolkit" value="sun.awt.X11.XToolkit"/>
    <property name="file.encoding.pkg" value="sun.io"/>
    <property name="java.specification.version" value="1.8"/>
    <property name="sun.cpu.isalist" value=""/>
    <property name="sun.jnu.encoding" value="UTF-8"/>
    <property name="java.class.path" value="/home/runner/work/ozone/ozone/hadoop-ozone/integration-test/target/test-classes:/home/runner/work/ozone/ozone/hadoop-ozone/integration-test/target/classes:/home/runner/.m2/repository/org/apache/ozone/ozone-common/1.4.0-SNAPSHOT/ozone-common-1.4.0-SNAPSHOT.jar:/home/runner/.m2/repository/io/grpc/grpc-netty/1.51.1/grpc-netty-1.51.1.jar:/home/runner/.m2/repository/io/grpc/grpc-core/1.51.1/grpc-core-1.51.1.jar:/home/runner/.m2/repository/com/google/android/annotations/4.1.1.4/annotations-4.1.1.4.jar:/home/runner/.m2/repository/org/codehaus/mojo/animal-sniffer-annotations/1.21/animal-sniffer-annotations-1.21.jar:/home/runner/.m2/repository/com/google/errorprone/error_prone_annotations/2.2.0/error_prone_annotations-2.2.0.jar:/home/runner/.m2/repository/io/perfmark/perfmark-api/0.25.0/perfmark-api-0.25.0.jar:/home/runner/.m2/repository/io/netty/netty-codec-http2/4.1.86.Final/netty-codec-http2-4.1.86.Final.jar:/home/runner/.m2/repository/io/netty/netty-common/4.1.86.Final/netty-common-4.1.86.Final.jar:/home/runner/.m2/repository/io/netty/netty-buffer/4.1.86.Final/netty-buffer-4.1.86.Final.jar:/home/runner/.m2/repository/io/netty/netty-codec-http/4.1.86.Final/netty-codec-http-4.1.86.Final.jar:/home/runner/.m2/repository/io/netty/netty-handler-proxy/4.1.86.Final/netty-handler-proxy-4.1.86.Final.jar:/home/runner/.m2/repository/io/netty/netty-codec-socks/4.1.86.Final/netty-codec-socks-4.1.86.Final.jar:/home/runner/.m2/repository/io/netty/netty-tcnative-boringssl-static/2.0.54.Final/netty-tcnative-boringssl-static-2.0.54.Final.jar:/home/runner/.m2/repository/io/netty/netty-tcnative-classes/2.0.54.Final/netty-tcnative-classes-2.0.54.Final.jar:/home/runner/.m2/repository/io/netty/netty-tcnative-boringssl-static/2.0.54.Final/netty-tcnative-boringssl-static-2.0.54.Final-linux-x86_64.jar:/home/runner/.m2/repository/io/netty/netty-tcnative-boringssl-static/2.0.54.Final/netty-tcnative-boringssl-static-2.0.54.Final-linux-aarch_64.jar:/home/runner/.m2/repository/io/netty/netty-tcnative-boringssl-static/2.0.54.Final/netty-tcnative-boringssl-static-2.0.54.Final-osx-x86_64.jar:/home/runner/.m2/repository/io/netty/netty-tcnative-boringssl-static/2.0.54.Final/netty-tcnative-boringssl-static-2.0.54.Final-osx-aarch_64.jar:/home/runner/.m2/repository/io/netty/netty-tcnative-boringssl-static/2.0.54.Final/netty-tcnative-boringssl-static-2.0.54.Final-windows-x86_64.jar:/home/runner/.m2/repository/org/apache/commons/commons-compress/1.21/commons-compress-1.21.jar:/home/runner/.m2/repository/org/apache/ozone/hdds-common/1.4.0-SNAPSHOT/hdds-common-1.4.0-SNAPSHOT.jar:/home/runner/.m2/repository/org/apache/ozone/hdds-client/1.4.0-SNAPSHOT/hdds-client-1.4.0-SNAPSHOT.jar:/home/runner/.m2/repository/org/apache/ozone/ozone-interface-client/1.4.0-SNAPSHOT/ozone-interface-client-1.4.0-SNAPSHOT.jar:/home/runner/.m2/repository/org/apache/hadoop/hadoop-hdfs-client/3.3.5/hadoop-hdfs-client-3.3.5.jar:/home/runner/.m2/repository/com/squareup/okhttp3/okhttp/4.9.3/okhttp-4.9.3.jar:/home/runner/.m2/repository/com/squareup/okio/okio/2.8.0/okio-2.8.0.jar:/home/runner/.m2/repository/org/jetbrains/kotlin/kotlin-stdlib-common/1.6.21/kotlin-stdlib-common-1.6.21.jar:/home/runner/.m2/repository/org/apache/ozone/hdds-test-utils/1.4.0-SNAPSHOT/hdds-test-utils-1.4.0-SNAPSHOT.jar:/home/runner/.m2/repository/com/google/guava/guava/32.0.0-jre/guava-32.0.0-jre.jar:/home/runner/.m2/repository/com/google/guava/failureaccess/1.0.1/failureaccess-1.0.1.jar:/home/runner/.m2/repository/com/google/guava/listenablefuture/9999.0-empty-to-avoid-conflict-with-guava/listenablefuture-9999.0-empty-to-avoid-conflict-with-guava.jar:/home/runner/.m2/repository/com/google/code/findbugs/jsr305/3.0.0/jsr305-3.0.0.jar:/home/runner/.m2/repository/org/checkerframework/checker-qual/3.33.0/checker-qual-3.33.0.jar:/home/runner/.m2/repository/com/google/j2objc/j2objc-annotations/2.8/j2objc-annotations-2.8.jar:/home/runner/.m2/repository/commons-io/commons-io/2.11.0/commons-io-2.11.0.jar:/home/runner/.m2/repository/commons-logging/commons-logging/1.2/commons-logging-1.2.jar:/home/runner/.m2/repository/ch/qos/reload4j/reload4j/1.2.22/reload4j-1.2.22.jar:/home/runner/.m2/repository/org/slf4j/slf4j-api/1.7.36/slf4j-api-1.7.36.jar:/home/runner/.m2/repository/org/apache/ozone/hdds-server-scm/1.4.0-SNAPSHOT/hdds-server-scm-1.4.0-SNAPSHOT.jar:/home/runner/.m2/repository/org/apache/ozone/hdds-container-service/1.4.0-SNAPSHOT/hdds-container-service-1.4.0-SNAPSHOT.jar:/home/runner/.m2/repository/org/apache/ozone/hdds-hadoop-dependency-server/1.4.0-SNAPSHOT/hdds-hadoop-dependency-server-1.4.0-SNAPSHOT.jar:/home/runner/.m2/repository/org/apache/hadoop/hadoop-hdfs/3.3.5/hadoop-hdfs-3.3.5.jar:/home/runner/.m2/repository/commons-daemon/commons-daemon/1.0.13/commons-daemon-1.0.13.jar:/home/runner/.m2/repository/org/apache/ozone/hdds-server-framework/1.4.0-SNAPSHOT/hdds-server-framework-1.4.0-SNAPSHOT.jar:/home/runner/.m2/repository/io/dropwizard/metrics/metrics-core/3.2.4/metrics-core-3.2.4.jar:/home/runner/.m2/repository/org/apache/commons/commons-text/1.10.0/commons-text-1.10.0.jar:/home/runner/.m2/repository/org/bouncycastle/bcprov-jdk15on/1.67/bcprov-jdk15on-1.67.jar:/home/runner/.m2/repository/com/google/protobuf/protobuf-java/2.5.0/protobuf-java-2.5.0.jar:/home/runner/.m2/repository/org/apache/ozone/hdds-server-framework/1.4.0-SNAPSHOT/hdds-server-framework-1.4.0-SNAPSHOT-tests.jar:/home/runner/.m2/repository/org/apache/ozone/hdds-interface-server/1.4.0-SNAPSHOT/hdds-interface-server-1.4.0-SNAPSHOT.jar:/home/runner/.m2/repository/org/apache/ozone/hdds-interface-admin/1.4.0-SNAPSHOT/hdds-interface-admin-1.4.0-SNAPSHOT.jar:/home/runner/.m2/repository/org/apache/ozone/hdds-managed-rocksdb/1.4.0-SNAPSHOT/hdds-managed-rocksdb-1.4.0-SNAPSHOT.jar:/home/runner/.m2/repository/org/rocksdb/rocksdbjni/7.7.3/rocksdbjni-7.7.3.jar:/home/runner/.m2/repository/org/slf4j/slf4j-reload4j/1.7.36/slf4j-reload4j-1.7.36.jar:/home/runner/.m2/repository/org/apache/commons/commons-configuration2/2.1.1/commons-configuration2-2.1.1.jar:/home/runner/.m2/repository/commons-fileupload/commons-fileupload/1.5/commons-fileupload-1.5.jar:/home/runner/.m2/repository/org/apache/logging/log4j/log4j-core/2.17.1/log4j-core-2.17.1.jar:/home/runner/.m2/repository/com/lmax/disruptor/3.4.2/disruptor-3.4.2.jar:/home/runner/.m2/repository/org/eclipse/jetty/jetty-util/9.4.51.v20230217/jetty-util-9.4.51.v20230217.jar:/home/runner/.m2/repository/org/eclipse/jetty/jetty-server/9.4.51.v20230217/jetty-server-9.4.51.v20230217.jar:/home/runner/.m2/repository/org/eclipse/jetty/jetty-http/9.4.51.v20230217/jetty-http-9.4.51.v20230217.jar:/home/runner/.m2/repository/org/eclipse/jetty/jetty-io/9.4.51.v20230217/jetty-io-9.4.51.v20230217.jar:/home/runner/.m2/repository/org/eclipse/jetty/jetty-servlet/9.4.51.v20230217/jetty-servlet-9.4.51.v20230217.jar:/home/runner/.m2/repository/org/eclipse/jetty/jetty-security/9.4.51.v20230217/jetty-security-9.4.51.v20230217.jar:/home/runner/.m2/repository/org/eclipse/jetty/jetty-util-ajax/9.4.51.v20230217/jetty-util-ajax-9.4.51.v20230217.jar:/home/runner/.m2/repository/org/eclipse/jetty/jetty-webapp/9.4.51.v20230217/jetty-webapp-9.4.51.v20230217.jar:/home/runner/.m2/repository/org/eclipse/jetty/jetty-xml/9.4.51.v20230217/jetty-xml-9.4.51.v20230217.jar:/home/runner/.m2/repository/org/apache/ratis/ratis-server/2.5.1/ratis-server-2.5.1.jar:/home/runner/.m2/repository/org/apache/ratis/ratis-thirdparty-misc/1.0.4/ratis-thirdparty-misc-1.0.4.jar:/home/runner/.m2/repository/org/apache/ratis/ratis-proto/2.5.1/ratis-proto-2.5.1.jar:/home/runner/.m2/repository/org/apache/ratis/ratis-common/2.5.1/ratis-common-2.5.1.jar:/home/runner/.m2/repository/org/apache/ratis/ratis-client/2.5.1/ratis-client-2.5.1.jar:/home/runner/.m2/repository/org/apache/ratis/ratis-server-api/2.5.1/ratis-server-api-2.5.1.jar:/home/runner/.m2/repository/org/apache/ratis/ratis-metrics/2.5.1/ratis-metrics-2.5.1.jar:/home/runner/.m2/repository/io/prometheus/simpleclient_dropwizard/0.7.0/simpleclient_dropwizard-0.7.0.jar:/home/runner/.m2/repository/io/prometheus/simpleclient/0.7.0/simpleclient-0.7.0.jar:/home/runner/.m2/repository/io/prometheus/simpleclient_common/0.7.0/simpleclient_common-0.7.0.jar:/home/runner/.m2/repository/com/fasterxml/jackson/datatype/jackson-datatype-jsr310/2.13.4/jackson-datatype-jsr310-2.13.4.jar:/home/runner/.m2/repository/com/fasterxml/jackson/core/jackson-core/2.13.4/jackson-core-2.13.4.jar:/home/runner/.m2/repository/com/github/spotbugs/spotbugs-annotations/3.1.12/spotbugs-annotations-3.1.12.jar:/home/runner/.m2/repository/org/apache/ozone/rocksdb-checkpoint-differ/1.4.0-SNAPSHOT/rocksdb-checkpoint-differ-1.4.0-SNAPSHOT.jar:/home/runner/.m2/repository/org/awaitility/awaitility/4.2.0/awaitility-4.2.0.jar:/home/runner/.m2/repository/org/hamcrest/hamcrest/2.1/hamcrest-2.1.jar:/home/runner/.m2/repository/org/apache/ozone/ozone-manager/1.4.0-SNAPSHOT/ozone-manager-1.4.0-SNAPSHOT.jar:/home/runner/.m2/repository/org/aspectj/aspectjrt/1.9.7/aspectjrt-1.9.7.jar:/home/runner/.m2/repository/org/aspectj/aspectjweaver/1.9.7/aspectjweaver-1.9.7.jar:/home/runner/.m2/repository/org/apache/ozone/hdds-interface-client/1.4.0-SNAPSHOT/hdds-interface-client-1.4.0-SNAPSHOT.jar:/home/runner/.m2/repository/org/apache/hadoop/thirdparty/hadoop-shaded-protobuf_3_7/1.1.1/hadoop-shaded-protobuf_3_7-1.1.1.jar:/home/runner/.m2/repository/org/apache/ozone/ozone-interface-storage/1.4.0-SNAPSHOT/ozone-interface-storage-1.4.0-SNAPSHOT.jar:/home/runner/.m2/repository/org/reflections/reflections/0.9.11/reflections-0.9.11.jar:/home/runner/.m2/repository/com/sun/jersey/jersey-client/1.19/jersey-client-1.19.jar:/home/runner/.m2/repository/org/codehaus/jackson/jackson-core-asl/1.9.13/jackson-core-asl-1.9.13.jar:/home/runner/.m2/repository/org/codehaus/jackson/jackson-mapper-asl/1.9.13/jackson-mapper-asl-1.9.13.jar:/home/runner/.m2/repository/org/codehaus/jackson/jackson-jaxrs/1.9.13/jackson-jaxrs-1.9.13.jar:/home/runner/.m2/repository/org/apache/ranger/ranger-intg/2.3.0/ranger-intg-2.3.0.jar:/home/runner/.m2/repository/org/apache/ranger/ranger-plugins-common/2.3.0/ranger-plugins-common-2.3.0.jar:/home/runner/.m2/repository/commons-lang/commons-lang/2.6/commons-lang-2.6.jar:/home/runner/.m2/repository/org/apache/ranger/ranger-plugins-cred/2.3.0/ranger-plugins-cred-2.3.0.jar:/home/runner/.m2/repository/org/apache/ranger/ranger-plugins-audit/2.3.0/ranger-plugins-audit-2.3.0.jar:/home/runner/.m2/repository/org/eclipse/jetty/jetty-client/9.4.51.v20230217/jetty-client-9.4.51.v20230217.jar:/home/runner/.m2/repository/org/apache/httpcomponents/httpmime/4.5.6/httpmime-4.5.6.jar:/home/runner/.m2/repository/org/apache/httpcomponents/httpcore-nio/4.4.13/httpcore-nio-4.4.13.jar:/home/runner/.m2/repository/org/apache/httpcomponents/httpasyncclient/4.1.3/httpasyncclient-4.1.3.jar:/home/runner/.m2/repository/com/carrotsearch/hppc/0.8.0/hppc-0.8.0.jar:/home/runner/.m2/repository/org/apache/orc/orc-core/1.5.8/orc-core-1.5.8.jar:/home/runner/.m2/repository/net/java/dev/jna/jna/5.2.0/jna-5.2.0.jar:/home/runner/.m2/repository/net/java/dev/jna/jna-platform/5.2.0/jna-platform-5.2.0.jar:/home/runner/.m2/repository/com/kstruct/gethostname4j/0.0.2/gethostname4j-0.0.2.jar:/home/runner/.m2/repository/org/apache/ranger/ranger-plugin-classloader/2.3.0/ranger-plugin-classloader-2.3.0.jar:/home/runner/.m2/repository/org/apache/ozone/hdds-rocks-native/1.4.0-SNAPSHOT/hdds-rocks-native-1.4.0-SNAPSHOT.jar:/home/runner/.m2/repository/org/apache/hadoop/hadoop-minikdc/3.3.5/hadoop-minikdc-3.3.5.jar:/home/runner/.m2/repository/org/apache/kerby/kerb-simplekdc/1.0.1/kerb-simplekdc-1.0.1.jar:/home/runner/.m2/repository/org/apache/kerby/kerb-client/1.0.1/kerb-client-1.0.1.jar:/home/runner/.m2/repository/org/apache/kerby/kerby-config/1.0.1/kerby-config-1.0.1.jar:/home/runner/.m2/repository/org/apache/kerby/kerb-common/1.0.1/kerb-common-1.0.1.jar:/home/runner/.m2/repository/org/apache/kerby/kerb-crypto/1.0.1/kerb-crypto-1.0.1.jar:/home/runner/.m2/repository/org/apache/kerby/kerb-util/1.0.1/kerb-util-1.0.1.jar:/home/runner/.m2/repository/org/apache/kerby/token-provider/1.0.1/token-provider-1.0.1.jar:/home/runner/.m2/repository/org/apache/kerby/kerb-admin/1.0.1/kerb-admin-1.0.1.jar:/home/runner/.m2/repository/org/apache/kerby/kerb-server/1.0.1/kerb-server-1.0.1.jar:/home/runner/.m2/repository/org/apache/kerby/kerb-identity/1.0.1/kerb-identity-1.0.1.jar:/home/runner/.m2/repository/org/apache/kerby/kerby-xdr/1.0.1/kerby-xdr-1.0.1.jar:/home/runner/.m2/repository/org/apache/ozone/ozone-s3gateway/1.4.0-SNAPSHOT/ozone-s3gateway-1.4.0-SNAPSHOT.jar:/home/runner/.m2/repository/org/javassist/javassist/3.21.0-GA/javassist-3.21.0-GA.jar:/home/runner/.m2/repository/org/jboss/weld/servlet/weld-servlet-shaded/3.1.9.Final/weld-servlet-shaded-3.1.9.Final.jar:/home/runner/.m2/repository/org/glassfish/jersey/containers/jersey-container-servlet-core/2.34/jersey-container-servlet-core-2.34.jar:/home/runner/.m2/repository/org/glassfish/hk2/external/jakarta.inject/2.6.1/jakarta.inject-2.6.1.jar:/home/runner/.m2/repository/org/glassfish/jersey/core/jersey-common/2.34/jersey-common-2.34.jar:/home/runner/.m2/repository/jakarta/ws/rs/jakarta.ws.rs-api/2.1.6/jakarta.ws.rs-api-2.1.6.jar:/home/runner/.m2/repository/org/glassfish/jersey/ext/cdi/jersey-cdi1x/2.34/jersey-cdi1x-2.34.jar:/home/runner/.m2/repository/org/glassfish/jersey/inject/jersey-hk2/2.34/jersey-hk2-2.34.jar:/home/runner/.m2/repository/org/glassfish/hk2/hk2-locator/2.6.1/hk2-locator-2.6.1.jar:/home/runner/.m2/repository/org/glassfish/jersey/media/jersey-media-jaxb/2.34/jersey-media-jaxb-2.34.jar:/home/runner/.m2/repository/org/glassfish/hk2/osgi-resource-locator/1.0.3/osgi-resource-locator-1.0.3.jar:/home/runner/.m2/repository/org/glassfish/hk2/hk2-api/2.5.0/hk2-api-2.5.0.jar:/home/runner/.m2/repository/org/glassfish/hk2/hk2-utils/2.5.0/hk2-utils-2.5.0.jar:/home/runner/.m2/repository/org/glassfish/hk2/external/aopalliance-repackaged/2.5.0/aopalliance-repackaged-2.5.0.jar:/home/runner/.m2/repository/com/fasterxml/jackson/dataformat/jackson-dataformat-xml/2.13.4/jackson-dataformat-xml-2.13.4.jar:/home/runner/.m2/repository/org/codehaus/woodstox/stax2-api/4.2.1/stax2-api-4.2.1.jar:/home/runner/.m2/repository/com/fasterxml/woodstox/woodstox-core/5.4.0/woodstox-core-5.4.0.jar:/home/runner/.m2/repository/com/fasterxml/jackson/module/jackson-module-jaxb-annotations/2.13.4/jackson-module-jaxb-annotations-2.13.4.jar:/home/runner/.m2/repository/jakarta/xml/bind/jakarta.xml.bind-api/2.3.3/jakarta.xml.bind-api-2.3.3.jar:/home/runner/.m2/repository/jakarta/activation/jakarta.activation-api/1.2.2/jakarta.activation-api-1.2.2.jar:/home/runner/.m2/repository/javax/enterprise/cdi-api/2.0/cdi-api-2.0.jar:/home/runner/.m2/repository/javax/el/javax.el-api/3.0.0/javax.el-api-3.0.0.jar:/home/runner/.m2/repository/javax/interceptor/javax.interceptor-api/1.2/javax.interceptor-api-1.2.jar:/home/runner/.m2/repository/javax/inject/javax.inject/1/javax.inject-1.jar:/home/runner/.m2/repository/javax/xml/bind/jaxb-api/2.3.0/jaxb-api-2.3.0.jar:/home/runner/.m2/repository/org/glassfish/jaxb/jaxb-runtime/2.3.0.1/jaxb-runtime-2.3.0.1.jar:/home/runner/.m2/repository/org/glassfish/jaxb/jaxb-core/2.3.0.1/jaxb-core-2.3.0.1.jar:/home/runner/.m2/repository/org/glassfish/jaxb/txw2/2.3.0.1/txw2-2.3.0.1.jar:/home/runner/.m2/repository/com/sun/istack/istack-commons-runtime/3.0.5/istack-commons-runtime-3.0.5.jar:/home/runner/.m2/repository/org/jvnet/staxex/stax-ex/1.7.8/stax-ex-1.7.8.jar:/home/runner/.m2/repository/com/sun/xml/fastinfoset/FastInfoset/1.2.13/FastInfoset-1.2.13.jar:/home/runner/.m2/repository/javax/activation/activation/1.1.1/activation-1.1.1.jar:/home/runner/.m2/repository/io/grpc/grpc-protobuf/1.51.1/grpc-protobuf-1.51.1.jar:/home/runner/.m2/repository/com/google/api/grpc/proto-google-common-protos/2.9.0/proto-google-common-protos-2.9.0.jar:/home/runner/.m2/repository/io/grpc/grpc-protobuf-lite/1.51.1/grpc-protobuf-lite-1.51.1.jar:/home/runner/.m2/repository/io/grpc/grpc-stub/1.51.1/grpc-stub-1.51.1.jar:/home/runner/.m2/repository/io/netty/netty-transport/4.1.86.Final/netty-transport-4.1.86.Final.jar:/home/runner/.m2/repository/io/netty/netty-resolver/4.1.86.Final/netty-resolver-4.1.86.Final.jar:/home/runner/.m2/repository/org/apache/ozone/ozone-csi/1.4.0-SNAPSHOT/ozone-csi-1.4.0-SNAPSHOT.jar:/home/runner/.m2/repository/com/google/protobuf/protobuf-java-util/3.19.6/protobuf-java-util-3.19.6.jar:/home/runner/.m2/repository/com/google/code/gson/gson/2.9.0/gson-2.9.0.jar:/home/runner/.m2/repository/org/apache/ozone/hdds-config/1.4.0-SNAPSHOT/hdds-config-1.4.0-SNAPSHOT.jar:/home/runner/.m2/repository/io/netty/netty-transport-native-epoll/4.1.86.Final/netty-transport-native-epoll-4.1.86.Final-linux-x86_64.jar:/home/runner/.m2/repository/io/netty/netty-transport-classes-epoll/4.1.86.Final/netty-transport-classes-epoll-4.1.86.Final.jar:/home/runner/.m2/repository/io/netty/netty-transport-native-unix-common/4.1.86.Final/netty-transport-native-unix-common-4.1.86.Final.jar:/home/runner/.m2/repository/org/apache/ozone/ozone-recon/1.4.0-SNAPSHOT/ozone-recon-1.4.0-SNAPSHOT.jar:/home/runner/.m2/repository/org/apache/ozone/ozone-reconcodegen/1.4.0-SNAPSHOT/ozone-reconcodegen-1.4.0-SNAPSHOT.jar:/home/runner/.m2/repository/com/google/inject/guice/5.1.0/guice-5.1.0.jar:/home/runner/.m2/repository/aopalliance/aopalliance/1.0/aopalliance-1.0.jar:/home/runner/.m2/repository/com/google/inject/extensions/guice-assistedinject/5.1.0/guice-assistedinject-5.1.0.jar:/home/runner/.m2/repository/com/google/inject/extensions/guice-servlet/5.1.0/guice-servlet-5.1.0.jar:/home/runner/.m2/repository/org/glassfish/jersey/containers/jersey-container-servlet/2.34/jersey-container-servlet-2.34.jar:/home/runner/.m2/repository/org/glassfish/hk2/guice-bridge/2.5.0/guice-bridge-2.5.0.jar:/home/runner/.m2/repository/org/glassfish/jersey/core/jersey-server/2.34/jersey-server-2.34.jar:/home/runner/.m2/repository/org/glassfish/jersey/core/jersey-client/2.34/jersey-client-2.34.jar:/home/runner/.m2/repository/jakarta/annotation/jakarta.annotation-api/1.3.5/jakarta.annotation-api-1.3.5.jar:/home/runner/.m2/repository/jakarta/validation/jakarta.validation-api/2.0.2/jakarta.validation-api-2.0.2.jar:/home/runner/.m2/repository/org/glassfish/jersey/media/jersey-media-json-jackson/2.34/jersey-media-json-jackson-2.34.jar:/home/runner/.m2/repository/org/glassfish/jersey/ext/jersey-entity-filtering/2.34/jersey-entity-filtering-2.34.jar:/home/runner/.m2/repository/org/jooq/jooq/3.11.10/jooq-3.11.10.jar:/home/runner/.m2/repository/org/jooq/jooq-meta/3.11.10/jooq-meta-3.11.10.jar:/home/runner/.m2/repository/org/jooq/jooq-codegen/3.11.10/jooq-codegen-3.11.10.jar:/home/runner/.m2/repository/com/jolbox/bonecp/0.8.0.RELEASE/bonecp-0.8.0.RELEASE.jar:/home/runner/.m2/repository/org/apache/derby/derby/10.14.2.0/derby-10.14.2.0.jar:/home/runner/.m2/repository/org/xerial/sqlite-jdbc/3.41.2.2/sqlite-jdbc-3.41.2.2.jar:/home/runner/.m2/repository/org/springframework/spring-jdbc/5.3.27/spring-jdbc-5.3.27.jar:/home/runner/.m2/repository/org/springframework/spring-beans/5.3.27/spring-beans-5.3.27.jar:/home/runner/.m2/repository/org/springframework/spring-core/5.3.27/spring-core-5.3.27.jar:/home/runner/.m2/repository/org/springframework/spring-tx/5.3.27/spring-tx-5.3.27.jar:/home/runner/.m2/repository/org/apache/ozone/ozone-client/1.4.0-SNAPSHOT/ozone-client-1.4.0-SNAPSHOT.jar:/home/runner/.m2/repository/org/apache/ozone/hdds-erasurecode/1.4.0-SNAPSHOT/hdds-erasurecode-1.4.0-SNAPSHOT.jar:/home/runner/.m2/repository/org/apache/ozone/ozone-filesystem/1.4.0-SNAPSHOT/ozone-filesystem-1.4.0-SNAPSHOT.jar:/home/runner/.m2/repository/org/apache/ozone/ozone-filesystem-common/1.4.0-SNAPSHOT/ozone-filesystem-common-1.4.0-SNAPSHOT.jar:/home/runner/.m2/repository/org/apache/ozone/ozone-tools/1.4.0-SNAPSHOT/ozone-tools-1.4.0-SNAPSHOT.jar:/home/runner/.m2/repository/com/amazonaws/aws-java-sdk-core/1.12.261/aws-java-sdk-core-1.12.261.jar:/home/runner/.m2/repository/org/apache/httpcomponents/httpclient/4.5.13/httpclient-4.5.13.jar:/home/runner/.m2/repository/org/apache/httpcomponents/httpcore/4.4.13/httpcore-4.4.13.jar:/home/runner/.m2/repository/software/amazon/ion/ion-java/1.0.2/ion-java-1.0.2.jar:/home/runner/.m2/repository/com/fasterxml/jackson/dataformat/jackson-dataformat-cbor/2.13.4/jackson-dataformat-cbor-2.13.4.jar:/home/runner/.m2/repository/joda-time/joda-time/2.10.6/joda-time-2.10.6.jar:/home/runner/.m2/repository/com/amazonaws/aws-java-sdk-s3/1.12.261/aws-java-sdk-s3-1.12.261.jar:/home/runner/.m2/repository/com/amazonaws/aws-java-sdk-kms/1.12.261/aws-java-sdk-kms-1.12.261.jar:/home/runner/.m2/repository/com/amazonaws/jmespath-java/1.12.261/jmespath-java-1.12.261.jar:/home/runner/.m2/repository/org/kohsuke/metainf-services/metainf-services/1.8/metainf-services-1.8.jar:/home/runner/.m2/repository/org/apache/ozone/hdds-tools/1.4.0-SNAPSHOT/hdds-tools-1.4.0-SNAPSHOT.jar:/home/runner/.m2/repository/org/apache/ratis/ratis-tools/2.5.1/ratis-tools-2.5.1.jar:/home/runner/.m2/repository/commons-cli/commons-cli/1.2/commons-cli-1.2.jar:/home/runner/.m2/repository/org/apache/commons/commons-lang3/3.7/commons-lang3-3.7.jar:/home/runner/.m2/repository/org/apache/ozone/ozone-manager/1.4.0-SNAPSHOT/ozone-manager-1.4.0-SNAPSHOT-tests.jar:/home/runner/.m2/repository/org/apache/ozone/hdds-common/1.4.0-SNAPSHOT/hdds-common-1.4.0-SNAPSHOT-tests.jar:/home/runner/.m2/repository/org/apache/ozone/hdds-hadoop-dependency-client/1.4.0-SNAPSHOT/hdds-hadoop-dependency-client-1.4.0-SNAPSHOT.jar:/home/runner/.m2/repository/info/picocli/picocli/4.6.1/picocli-4.6.1.jar:/home/runner/.m2/repository/com/fasterxml/jackson/core/jackson-annotations/2.13.4/jackson-annotations-2.13.4.jar:/home/runner/.m2/repository/org/apache/ozone/hdds-annotation-processing/1.4.0-SNAPSHOT/hdds-annotation-processing-1.4.0-SNAPSHOT.jar:/home/runner/.m2/repository/javax/annotation/javax.annotation-api/1.2/javax.annotation-api-1.2.jar:/home/runner/.m2/repository/org/apache/ratis/ratis-netty/2.5.1/ratis-netty-2.5.1.jar:/home/runner/.m2/repository/org/apache/ratis/ratis-grpc/2.5.1/ratis-grpc-2.5.1.jar:/home/runner/.m2/repository/org/apache/logging/log4j/log4j-api/2.17.1/log4j-api-2.17.1.jar:/home/runner/.m2/repository/org/apache/commons/commons-pool2/2.6.0/commons-pool2-2.6.0.jar:/home/runner/.m2/repository/org/bouncycastle/bcpkix-jdk15on/1.67/bcpkix-jdk15on-1.67.jar:/home/runner/.m2/repository/commons-validator/commons-validator/1.6/commons-validator-1.6.jar:/home/runner/.m2/repository/commons-beanutils/commons-beanutils/1.9.4/commons-beanutils-1.9.4.jar:/home/runner/.m2/repository/commons-digester/commons-digester/1.8.1/commons-digester-1.8.1.jar:/home/runner/.m2/repository/commons-collections/commons-collections/3.2.2/commons-collections-3.2.2.jar:/home/runner/.m2/repository/io/jaegertracing/jaeger-client/1.6.0/jaeger-client-1.6.0.jar:/home/runner/.m2/repository/io/jaegertracing/jaeger-thrift/1.6.0/jaeger-thrift-1.6.0.jar:/home/runner/.m2/repository/org/apache/thrift/libthrift/0.14.1/libthrift-0.14.1.jar:/home/runner/.m2/repository/io/jaegertracing/jaeger-core/1.6.0/jaeger-core-1.6.0.jar:/home/runner/.m2/repository/io/jaegertracing/jaeger-tracerresolver/1.6.0/jaeger-tracerresolver-1.6.0.jar:/home/runner/.m2/repository/io/opentracing/contrib/opentracing-tracerresolver/0.1.8/opentracing-tracerresolver-0.1.8.jar:/home/runner/.m2/repository/org/jetbrains/kotlin/kotlin-stdlib/1.6.21/kotlin-stdlib-1.6.21.jar:/home/runner/.m2/repository/org/jetbrains/annotations/13.0/annotations-13.0.jar:/home/runner/.m2/repository/io/opentracing/opentracing-util/0.33.0/opentracing-util-0.33.0.jar:/home/runner/.m2/repository/io/opentracing/opentracing-api/0.33.0/opentracing-api-0.33.0.jar:/home/runner/.m2/repository/io/opentracing/opentracing-noop/0.33.0/opentracing-noop-0.33.0.jar:/home/runner/.m2/repository/org/yaml/snakeyaml/2.0/snakeyaml-2.0.jar:/home/runner/.m2/repository/io/grpc/grpc-api/1.51.1/grpc-api-1.51.1.jar:/home/runner/.m2/repository/io/grpc/grpc-context/1.51.1/grpc-context-1.51.1.jar:/home/runner/.m2/repository/junit/junit/4.13.1/junit-4.13.1.jar:/home/runner/.m2/repository/org/hamcrest/hamcrest-core/1.3/hamcrest-core-1.3.jar:/home/runner/.m2/repository/org/junit/jupiter/junit-jupiter-api/5.8.2/junit-jupiter-api-5.8.2.jar:/home/runner/.m2/repository/org/opentest4j/opentest4j/1.2.0/opentest4j-1.2.0.jar:/home/runner/.m2/repository/org/junit/platform/junit-platform-commons/1.8.2/junit-platform-commons-1.8.2.jar:/home/runner/.m2/repository/org/apiguardian/apiguardian-api/1.1.2/apiguardian-api-1.1.2.jar:/home/runner/.m2/repository/org/junit/jupiter/junit-jupiter-params/5.8.2/junit-jupiter-params-5.8.2.jar:/home/runner/.m2/repository/org/junit/jupiter/junit-jupiter-migrationsupport/5.8.2/junit-jupiter-migrationsupport-5.8.2.jar:/home/runner/.m2/repository/org/junit/jupiter/junit-jupiter-engine/5.8.2/junit-jupiter-engine-5.8.2.jar:/home/runner/.m2/repository/org/junit/platform/junit-platform-engine/1.8.2/junit-platform-engine-1.8.2.jar:/home/runner/.m2/repository/org/junit/vintage/junit-vintage-engine/5.8.2/junit-vintage-engine-5.8.2.jar:/home/runner/.m2/repository/org/junit/platform/junit-platform-launcher/1.8.2/junit-platform-launcher-1.8.2.jar:/home/runner/.m2/repository/org/mockito/mockito-core/3.5.9/mockito-core-3.5.9.jar:/home/runner/.m2/repository/net/bytebuddy/byte-buddy/1.10.13/byte-buddy-1.10.13.jar:/home/runner/.m2/repository/net/bytebuddy/byte-buddy-agent/1.10.13/byte-buddy-agent-1.10.13.jar:/home/runner/.m2/repository/org/objenesis/objenesis/1.0/objenesis-1.0.jar:/home/runner/.m2/repository/org/apache/hadoop/hadoop-kms/3.3.5/hadoop-kms-3.3.5.jar:/home/runner/.m2/repository/org/apache/hadoop/hadoop-auth/3.3.5/hadoop-auth-3.3.5.jar:/home/runner/.m2/repository/com/nimbusds/nimbus-jose-jwt/9.8.1/nimbus-jose-jwt-9.8.1.jar:/home/runner/.m2/repository/com/github/stephenc/jcip/jcip-annotations/1.0-1/jcip-annotations-1.0-1.jar:/home/runner/.m2/repository/net/minidev/json-smart/2.4.7/json-smart-2.4.7.jar:/home/runner/.m2/repository/net/minidev/accessors-smart/2.4.7/accessors-smart-2.4.7.jar:/home/runner/.m2/repository/org/ow2/asm/asm/5.0.4/asm-5.0.4.jar:/home/runner/.m2/repository/org/apache/zookeeper/zookeeper/3.5.6/zookeeper-3.5.6.jar:/home/runner/.m2/repository/org/apache/zookeeper/zookeeper-jute/3.5.6/zookeeper-jute-3.5.6.jar:/home/runner/.m2/repository/org/apache/yetus/audience-annotations/0.5.0/audience-annotations-0.5.0.jar:/home/runner/.m2/repository/org/apache/curator/curator-framework/4.2.0/curator-framework-4.2.0.jar:/home/runner/.m2/repository/org/apache/hadoop/thirdparty/hadoop-shaded-guava/1.1.1/hadoop-shaded-guava-1.1.1.jar:/home/runner/.m2/repository/com/sun/jersey/jersey-core/1.19/jersey-core-1.19.jar:/home/runner/.m2/repository/javax/ws/rs/jsr311-api/1.1.1/jsr311-api-1.1.1.jar:/home/runner/.m2/repository/com/sun/jersey/jersey-server/1.19/jersey-server-1.19.jar:/home/runner/.m2/repository/javax/servlet/javax.servlet-api/3.1.0/javax.servlet-api-3.1.0.jar:/home/runner/.m2/repository/org/apache/hadoop/hadoop-common/3.3.5/hadoop-common-3.3.5.jar:/home/runner/.m2/repository/org/apache/commons/commons-math3/3.1.1/commons-math3-3.1.1.jar:/home/runner/.m2/repository/commons-net/commons-net/3.9.0/commons-net-3.9.0.jar:/home/runner/.m2/repository/com/sun/jersey/jersey-servlet/1.19/jersey-servlet-1.19.jar:/home/runner/.m2/repository/com/github/pjfanning/jersey-json/1.20/jersey-json-1.20.jar:/home/runner/.m2/repository/org/codehaus/jettison/jettison/1.1/jettison-1.1.jar:/home/runner/.m2/repository/com/sun/xml/bind/jaxb-impl/2.2.3-1/jaxb-impl-2.2.3-1.jar:/home/runner/.m2/repository/com/google/re2j/re2j/1.1/re2j-1.1.jar:/home/runner/.m2/repository/com/jcraft/jsch/0.1.54/jsch-0.1.54.jar:/home/runner/.m2/repository/org/apache/curator/curator-client/4.2.0/curator-client-4.2.0.jar:/home/runner/.m2/repository/org/apache/curator/curator-recipes/4.2.0/curator-recipes-4.2.0.jar:/home/runner/.m2/repository/org/apache/kerby/kerb-core/1.0.1/kerb-core-1.0.1.jar:/home/runner/.m2/repository/org/apache/kerby/kerby-pkix/1.0.1/kerby-pkix-1.0.1.jar:/home/runner/.m2/repository/org/apache/kerby/kerby-asn1/1.0.1/kerby-asn1-1.0.1.jar:/home/runner/.m2/repository/org/apache/kerby/kerby-util/1.0.1/kerby-util-1.0.1.jar:/home/runner/.m2/repository/dnsjava/dnsjava/2.1.7/dnsjava-2.1.7.jar:/home/runner/.m2/repository/org/xerial/snappy/snappy-java/1.1.8.2/snappy-java-1.1.8.2.jar:/home/runner/.m2/repository/com/fasterxml/jackson/core/jackson-databind/2.13.4.2/jackson-databind-2.13.4.2.jar:/home/runner/.m2/repository/org/apache/hadoop/hadoop-kms/3.3.5/hadoop-kms-3.3.5-tests.jar:/home/runner/.m2/repository/org/apache/ozone/hdds-server-scm/1.4.0-SNAPSHOT/hdds-server-scm-1.4.0-SNAPSHOT-tests.jar:/home/runner/.m2/repository/org/apache/ozone/hdds-container-service/1.4.0-SNAPSHOT/hdds-container-service-1.4.0-SNAPSHOT-tests.jar:/home/runner/.m2/repository/com/github/luben/zstd-jni/1.5.2-5/zstd-jni-1.5.2-5.jar:/home/runner/.m2/repository/commons-codec/commons-codec/1.15/commons-codec-1.15.jar:/home/runner/.m2/repository/io/netty/netty-codec/4.1.86.Final/netty-codec-4.1.86.Final.jar:/home/runner/.m2/repository/io/netty/netty-handler/4.1.86.Final/netty-handler-4.1.86.Final.jar:/home/runner/.m2/repository/org/apache/ozone/hdds-hadoop-dependency-test/1.4.0-SNAPSHOT/hdds-hadoop-dependency-test-1.4.0-SNAPSHOT.jar:/home/runner/.m2/repository/org/apache/hadoop/hadoop-common/3.3.5/hadoop-common-3.3.5-tests.jar:/home/runner/.m2/repository/org/apache/hadoop/hadoop-hdfs/3.3.5/hadoop-hdfs-3.3.5-tests.jar:/home/runner/.m2/repository/org/assertj/assertj-core/3.12.2/assertj-core-3.12.2.jar:/home/runner/.m2/repository/org/apache/hadoop/hadoop-distcp/3.3.5/hadoop-distcp-3.3.5.jar:/home/runner/.m2/repository/org/apache/hadoop/hadoop-mapreduce-client-jobclient/3.3.5/hadoop-mapreduce-client-jobclient-3.3.5.jar:/home/runner/.m2/repository/org/apache/hadoop/hadoop-mapreduce-client-common/3.3.5/hadoop-mapreduce-client-common-3.3.5.jar:/home/runner/.m2/repository/org/apache/hadoop/hadoop-yarn-common/3.3.5/hadoop-yarn-common-3.3.5.jar:/home/runner/.m2/repository/org/apache/hadoop/hadoop-yarn-api/3.3.5/hadoop-yarn-api-3.3.5.jar:/home/runner/.m2/repository/com/sun/jersey/contribs/jersey-guice/1.19/jersey-guice-1.19.jar:/home/runner/.m2/repository/com/fasterxml/jackson/jaxrs/jackson-jaxrs-json-provider/2.13.4/jackson-jaxrs-json-provider-2.13.4.jar:/home/runner/.m2/repository/com/fasterxml/jackson/jaxrs/jackson-jaxrs-base/2.13.4/jackson-jaxrs-base-2.13.4.jar:/home/runner/.m2/repository/org/apache/hadoop/hadoop-yarn-client/3.3.5/hadoop-yarn-client-3.3.5.jar:/home/runner/.m2/repository/org/eclipse/jetty/websocket/websocket-client/9.4.48.v20220622/websocket-client-9.4.48.v20220622.jar:/home/runner/.m2/repository/org/eclipse/jetty/websocket/websocket-common/9.4.48.v20220622/websocket-common-9.4.48.v20220622.jar:/home/runner/.m2/repository/org/eclipse/jetty/websocket/websocket-api/9.4.48.v20220622/websocket-api-9.4.48.v20220622.jar:/home/runner/.m2/repository/org/jline/jline/3.9.0/jline-3.9.0.jar:/home/runner/.m2/repository/org/apache/hadoop/hadoop-mapreduce-client-core/3.3.5/hadoop-mapreduce-client-core-3.3.5.jar:/home/runner/.m2/repository/org/apache/avro/avro/1.7.7/avro-1.7.7.jar:/home/runner/.m2/repository/com/thoughtworks/paranamer/paranamer/2.3/paranamer-2.3.jar:/home/runner/.m2/repository/org/apache/hadoop/hadoop-annotations/3.3.5/hadoop-annotations-3.3.5.jar:/usr/lib/jvm/temurin-8-jdk-amd64/jre/../lib/tools.jar:/home/runner/.m2/repository/io/netty/netty/3.10.6.Final/netty-3.10.6.Final.jar:/home/runner/.m2/repository/org/apache/hadoop/hadoop-distcp/3.3.5/hadoop-distcp-3.3.5-tests.jar:/home/runner/.m2/repository/org/slf4j/jul-to-slf4j/1.7.36/jul-to-slf4j-1.7.36.jar:"/>
    <property name="java.vm.vendor" value="Temurin"/>
    <property name="sun.arch.data.model" value="64"/>
    <property name="test.build.dir" value="/home/runner/work/ozone/ozone/hadoop-ozone/integration-test/target/test-dir"/>
    <property name="test.cache.data" value=""/>
    <property name="java.vendor.url" value="https://adoptium.net/"/>
    <property name="user.timezone" value="Etc/UTC"/>
    <property name="java.vm.specification.version" value="1.8"/>
    <property name="os.name" value="Linux"/>
    <property name="test.build.data" value="/home/runner/work/ozone/ozone/hadoop-ozone/integration-test/target/test-dir"/>
    <property name="sun.java.launcher" value="SUN_STANDARD"/>
    <property name="sun.boot.library.path" value="/usr/lib/jvm/temurin-8-jdk-amd64/jre/lib/amd64"/>
    <property name="sun.java.command" value="/home/runner/work/ozone/ozone/hadoop-ozone/integration-test/target/surefire/surefirebooter8530632868303410746.jar /home/runner/work/ozone/ozone/hadoop-ozone/integration-test/target/surefire 2023-06-21T16-09-04_852-jvmRun1 surefire5252866676253710776tmp surefire_34159416879739180424tmp"/>
    <property name="native.lib.tmp.dir" value="/tmp"/>
    <property name="surefire.test.class.path" value="/home/runner/work/ozone/ozone/hadoop-ozone/integration-test/target/test-classes:/home/runner/work/ozone/ozone/hadoop-ozone/integration-test/target/classes:/home/runner/.m2/repository/org/apache/ozone/ozone-common/1.4.0-SNAPSHOT/ozone-common-1.4.0-SNAPSHOT.jar:/home/runner/.m2/repository/io/grpc/grpc-netty/1.51.1/grpc-netty-1.51.1.jar:/home/runner/.m2/repository/io/grpc/grpc-core/1.51.1/grpc-core-1.51.1.jar:/home/runner/.m2/repository/com/google/android/annotations/4.1.1.4/annotations-4.1.1.4.jar:/home/runner/.m2/repository/org/codehaus/mojo/animal-sniffer-annotations/1.21/animal-sniffer-annotations-1.21.jar:/home/runner/.m2/repository/com/google/errorprone/error_prone_annotations/2.2.0/error_prone_annotations-2.2.0.jar:/home/runner/.m2/repository/io/perfmark/perfmark-api/0.25.0/perfmark-api-0.25.0.jar:/home/runner/.m2/repository/io/netty/netty-codec-http2/4.1.86.Final/netty-codec-http2-4.1.86.Final.jar:/home/runner/.m2/repository/io/netty/netty-common/4.1.86.Final/netty-common-4.1.86.Final.jar:/home/runner/.m2/repository/io/netty/netty-buffer/4.1.86.Final/netty-buffer-4.1.86.Final.jar:/home/runner/.m2/repository/io/netty/netty-codec-http/4.1.86.Final/netty-codec-http-4.1.86.Final.jar:/home/runner/.m2/repository/io/netty/netty-handler-proxy/4.1.86.Final/netty-handler-proxy-4.1.86.Final.jar:/home/runner/.m2/repository/io/netty/netty-codec-socks/4.1.86.Final/netty-codec-socks-4.1.86.Final.jar:/home/runner/.m2/repository/io/netty/netty-tcnative-boringssl-static/2.0.54.Final/netty-tcnative-boringssl-static-2.0.54.Final.jar:/home/runner/.m2/repository/io/netty/netty-tcnative-classes/2.0.54.Final/netty-tcnative-classes-2.0.54.Final.jar:/home/runner/.m2/repository/io/netty/netty-tcnative-boringssl-static/2.0.54.Final/netty-tcnative-boringssl-static-2.0.54.Final-linux-x86_64.jar:/home/runner/.m2/repository/io/netty/netty-tcnative-boringssl-static/2.0.54.Final/netty-tcnative-boringssl-static-2.0.54.Final-linux-aarch_64.jar:/home/runner/.m2/repository/io/netty/netty-tcnative-boringssl-static/2.0.54.Final/netty-tcnative-boringssl-static-2.0.54.Final-osx-x86_64.jar:/home/runner/.m2/repository/io/netty/netty-tcnative-boringssl-static/2.0.54.Final/netty-tcnative-boringssl-static-2.0.54.Final-osx-aarch_64.jar:/home/runner/.m2/repository/io/netty/netty-tcnative-boringssl-static/2.0.54.Final/netty-tcnative-boringssl-static-2.0.54.Final-windows-x86_64.jar:/home/runner/.m2/repository/org/apache/commons/commons-compress/1.21/commons-compress-1.21.jar:/home/runner/.m2/repository/org/apache/ozone/hdds-common/1.4.0-SNAPSHOT/hdds-common-1.4.0-SNAPSHOT.jar:/home/runner/.m2/repository/org/apache/ozone/hdds-client/1.4.0-SNAPSHOT/hdds-client-1.4.0-SNAPSHOT.jar:/home/runner/.m2/repository/org/apache/ozone/ozone-interface-client/1.4.0-SNAPSHOT/ozone-interface-client-1.4.0-SNAPSHOT.jar:/home/runner/.m2/repository/org/apache/hadoop/hadoop-hdfs-client/3.3.5/hadoop-hdfs-client-3.3.5.jar:/home/runner/.m2/repository/com/squareup/okhttp3/okhttp/4.9.3/okhttp-4.9.3.jar:/home/runner/.m2/repository/com/squareup/okio/okio/2.8.0/okio-2.8.0.jar:/home/runner/.m2/repository/org/jetbrains/kotlin/kotlin-stdlib-common/1.6.21/kotlin-stdlib-common-1.6.21.jar:/home/runner/.m2/repository/org/apache/ozone/hdds-test-utils/1.4.0-SNAPSHOT/hdds-test-utils-1.4.0-SNAPSHOT.jar:/home/runner/.m2/repository/com/google/guava/guava/32.0.0-jre/guava-32.0.0-jre.jar:/home/runner/.m2/repository/com/google/guava/failureaccess/1.0.1/failureaccess-1.0.1.jar:/home/runner/.m2/repository/com/google/guava/listenablefuture/9999.0-empty-to-avoid-conflict-with-guava/listenablefuture-9999.0-empty-to-avoid-conflict-with-guava.jar:/home/runner/.m2/repository/com/google/code/findbugs/jsr305/3.0.0/jsr305-3.0.0.jar:/home/runner/.m2/repository/org/checkerframework/checker-qual/3.33.0/checker-qual-3.33.0.jar:/home/runner/.m2/repository/com/google/j2objc/j2objc-annotations/2.8/j2objc-annotations-2.8.jar:/home/runner/.m2/repository/commons-io/commons-io/2.11.0/commons-io-2.11.0.jar:/home/runner/.m2/repository/commons-logging/commons-logging/1.2/commons-logging-1.2.jar:/home/runner/.m2/repository/ch/qos/reload4j/reload4j/1.2.22/reload4j-1.2.22.jar:/home/runner/.m2/repository/org/slf4j/slf4j-api/1.7.36/slf4j-api-1.7.36.jar:/home/runner/.m2/repository/org/apache/ozone/hdds-server-scm/1.4.0-SNAPSHOT/hdds-server-scm-1.4.0-SNAPSHOT.jar:/home/runner/.m2/repository/org/apache/ozone/hdds-container-service/1.4.0-SNAPSHOT/hdds-container-service-1.4.0-SNAPSHOT.jar:/home/runner/.m2/repository/org/apache/ozone/hdds-hadoop-dependency-server/1.4.0-SNAPSHOT/hdds-hadoop-dependency-server-1.4.0-SNAPSHOT.jar:/home/runner/.m2/repository/org/apache/hadoop/hadoop-hdfs/3.3.5/hadoop-hdfs-3.3.5.jar:/home/runner/.m2/repository/commons-daemon/commons-daemon/1.0.13/commons-daemon-1.0.13.jar:/home/runner/.m2/repository/org/apache/ozone/hdds-server-framework/1.4.0-SNAPSHOT/hdds-server-framework-1.4.0-SNAPSHOT.jar:/home/runner/.m2/repository/io/dropwizard/metrics/metrics-core/3.2.4/metrics-core-3.2.4.jar:/home/runner/.m2/repository/org/apache/commons/commons-text/1.10.0/commons-text-1.10.0.jar:/home/runner/.m2/repository/org/bouncycastle/bcprov-jdk15on/1.67/bcprov-jdk15on-1.67.jar:/home/runner/.m2/repository/com/google/protobuf/protobuf-java/2.5.0/protobuf-java-2.5.0.jar:/home/runner/.m2/repository/org/apache/ozone/hdds-server-framework/1.4.0-SNAPSHOT/hdds-server-framework-1.4.0-SNAPSHOT-tests.jar:/home/runner/.m2/repository/org/apache/ozone/hdds-interface-server/1.4.0-SNAPSHOT/hdds-interface-server-1.4.0-SNAPSHOT.jar:/home/runner/.m2/repository/org/apache/ozone/hdds-interface-admin/1.4.0-SNAPSHOT/hdds-interface-admin-1.4.0-SNAPSHOT.jar:/home/runner/.m2/repository/org/apache/ozone/hdds-managed-rocksdb/1.4.0-SNAPSHOT/hdds-managed-rocksdb-1.4.0-SNAPSHOT.jar:/home/runner/.m2/repository/org/rocksdb/rocksdbjni/7.7.3/rocksdbjni-7.7.3.jar:/home/runner/.m2/repository/org/slf4j/slf4j-reload4j/1.7.36/slf4j-reload4j-1.7.36.jar:/home/runner/.m2/repository/org/apache/commons/commons-configuration2/2.1.1/commons-configuration2-2.1.1.jar:/home/runner/.m2/repository/commons-fileupload/commons-fileupload/1.5/commons-fileupload-1.5.jar:/home/runner/.m2/repository/org/apache/logging/log4j/log4j-core/2.17.1/log4j-core-2.17.1.jar:/home/runner/.m2/repository/com/lmax/disruptor/3.4.2/disruptor-3.4.2.jar:/home/runner/.m2/repository/org/eclipse/jetty/jetty-util/9.4.51.v20230217/jetty-util-9.4.51.v20230217.jar:/home/runner/.m2/repository/org/eclipse/jetty/jetty-server/9.4.51.v20230217/jetty-server-9.4.51.v20230217.jar:/home/runner/.m2/repository/org/eclipse/jetty/jetty-http/9.4.51.v20230217/jetty-http-9.4.51.v20230217.jar:/home/runner/.m2/repository/org/eclipse/jetty/jetty-io/9.4.51.v20230217/jetty-io-9.4.51.v20230217.jar:/home/runner/.m2/repository/org/eclipse/jetty/jetty-servlet/9.4.51.v20230217/jetty-servlet-9.4.51.v20230217.jar:/home/runner/.m2/repository/org/eclipse/jetty/jetty-security/9.4.51.v20230217/jetty-security-9.4.51.v20230217.jar:/home/runner/.m2/repository/org/eclipse/jetty/jetty-util-ajax/9.4.51.v20230217/jetty-util-ajax-9.4.51.v20230217.jar:/home/runner/.m2/repository/org/eclipse/jetty/jetty-webapp/9.4.51.v20230217/jetty-webapp-9.4.51.v20230217.jar:/home/runner/.m2/repository/org/eclipse/jetty/jetty-xml/9.4.51.v20230217/jetty-xml-9.4.51.v20230217.jar:/home/runner/.m2/repository/org/apache/ratis/ratis-server/2.5.1/ratis-server-2.5.1.jar:/home/runner/.m2/repository/org/apache/ratis/ratis-thirdparty-misc/1.0.4/ratis-thirdparty-misc-1.0.4.jar:/home/runner/.m2/repository/org/apache/ratis/ratis-proto/2.5.1/ratis-proto-2.5.1.jar:/home/runner/.m2/repository/org/apache/ratis/ratis-common/2.5.1/ratis-common-2.5.1.jar:/home/runner/.m2/repository/org/apache/ratis/ratis-client/2.5.1/ratis-client-2.5.1.jar:/home/runner/.m2/repository/org/apache/ratis/ratis-server-api/2.5.1/ratis-server-api-2.5.1.jar:/home/runner/.m2/repository/org/apache/ratis/ratis-metrics/2.5.1/ratis-metrics-2.5.1.jar:/home/runner/.m2/repository/io/prometheus/simpleclient_dropwizard/0.7.0/simpleclient_dropwizard-0.7.0.jar:/home/runner/.m2/repository/io/prometheus/simpleclient/0.7.0/simpleclient-0.7.0.jar:/home/runner/.m2/repository/io/prometheus/simpleclient_common/0.7.0/simpleclient_common-0.7.0.jar:/home/runner/.m2/repository/com/fasterxml/jackson/datatype/jackson-datatype-jsr310/2.13.4/jackson-datatype-jsr310-2.13.4.jar:/home/runner/.m2/repository/com/fasterxml/jackson/core/jackson-core/2.13.4/jackson-core-2.13.4.jar:/home/runner/.m2/repository/com/github/spotbugs/spotbugs-annotations/3.1.12/spotbugs-annotations-3.1.12.jar:/home/runner/.m2/repository/org/apache/ozone/rocksdb-checkpoint-differ/1.4.0-SNAPSHOT/rocksdb-checkpoint-differ-1.4.0-SNAPSHOT.jar:/home/runner/.m2/repository/org/awaitility/awaitility/4.2.0/awaitility-4.2.0.jar:/home/runner/.m2/repository/org/hamcrest/hamcrest/2.1/hamcrest-2.1.jar:/home/runner/.m2/repository/org/apache/ozone/ozone-manager/1.4.0-SNAPSHOT/ozone-manager-1.4.0-SNAPSHOT.jar:/home/runner/.m2/repository/org/aspectj/aspectjrt/1.9.7/aspectjrt-1.9.7.jar:/home/runner/.m2/repository/org/aspectj/aspectjweaver/1.9.7/aspectjweaver-1.9.7.jar:/home/runner/.m2/repository/org/apache/ozone/hdds-interface-client/1.4.0-SNAPSHOT/hdds-interface-client-1.4.0-SNAPSHOT.jar:/home/runner/.m2/repository/org/apache/hadoop/thirdparty/hadoop-shaded-protobuf_3_7/1.1.1/hadoop-shaded-protobuf_3_7-1.1.1.jar:/home/runner/.m2/repository/org/apache/ozone/ozone-interface-storage/1.4.0-SNAPSHOT/ozone-interface-storage-1.4.0-SNAPSHOT.jar:/home/runner/.m2/repository/org/reflections/reflections/0.9.11/reflections-0.9.11.jar:/home/runner/.m2/repository/com/sun/jersey/jersey-client/1.19/jersey-client-1.19.jar:/home/runner/.m2/repository/org/codehaus/jackson/jackson-core-asl/1.9.13/jackson-core-asl-1.9.13.jar:/home/runner/.m2/repository/org/codehaus/jackson/jackson-mapper-asl/1.9.13/jackson-mapper-asl-1.9.13.jar:/home/runner/.m2/repository/org/codehaus/jackson/jackson-jaxrs/1.9.13/jackson-jaxrs-1.9.13.jar:/home/runner/.m2/repository/org/apache/ranger/ranger-intg/2.3.0/ranger-intg-2.3.0.jar:/home/runner/.m2/repository/org/apache/ranger/ranger-plugins-common/2.3.0/ranger-plugins-common-2.3.0.jar:/home/runner/.m2/repository/commons-lang/commons-lang/2.6/commons-lang-2.6.jar:/home/runner/.m2/repository/org/apache/ranger/ranger-plugins-cred/2.3.0/ranger-plugins-cred-2.3.0.jar:/home/runner/.m2/repository/org/apache/ranger/ranger-plugins-audit/2.3.0/ranger-plugins-audit-2.3.0.jar:/home/runner/.m2/repository/org/eclipse/jetty/jetty-client/9.4.51.v20230217/jetty-client-9.4.51.v20230217.jar:/home/runner/.m2/repository/org/apache/httpcomponents/httpmime/4.5.6/httpmime-4.5.6.jar:/home/runner/.m2/repository/org/apache/httpcomponents/httpcore-nio/4.4.13/httpcore-nio-4.4.13.jar:/home/runner/.m2/repository/org/apache/httpcomponents/httpasyncclient/4.1.3/httpasyncclient-4.1.3.jar:/home/runner/.m2/repository/com/carrotsearch/hppc/0.8.0/hppc-0.8.0.jar:/home/runner/.m2/repository/org/apache/orc/orc-core/1.5.8/orc-core-1.5.8.jar:/home/runner/.m2/repository/net/java/dev/jna/jna/5.2.0/jna-5.2.0.jar:/home/runner/.m2/repository/net/java/dev/jna/jna-platform/5.2.0/jna-platform-5.2.0.jar:/home/runner/.m2/repository/com/kstruct/gethostname4j/0.0.2/gethostname4j-0.0.2.jar:/home/runner/.m2/repository/org/apache/ranger/ranger-plugin-classloader/2.3.0/ranger-plugin-classloader-2.3.0.jar:/home/runner/.m2/repository/org/apache/ozone/hdds-rocks-native/1.4.0-SNAPSHOT/hdds-rocks-native-1.4.0-SNAPSHOT.jar:/home/runner/.m2/repository/org/apache/hadoop/hadoop-minikdc/3.3.5/hadoop-minikdc-3.3.5.jar:/home/runner/.m2/repository/org/apache/kerby/kerb-simplekdc/1.0.1/kerb-simplekdc-1.0.1.jar:/home/runner/.m2/repository/org/apache/kerby/kerb-client/1.0.1/kerb-client-1.0.1.jar:/home/runner/.m2/repository/org/apache/kerby/kerby-config/1.0.1/kerby-config-1.0.1.jar:/home/runner/.m2/repository/org/apache/kerby/kerb-common/1.0.1/kerb-common-1.0.1.jar:/home/runner/.m2/repository/org/apache/kerby/kerb-crypto/1.0.1/kerb-crypto-1.0.1.jar:/home/runner/.m2/repository/org/apache/kerby/kerb-util/1.0.1/kerb-util-1.0.1.jar:/home/runner/.m2/repository/org/apache/kerby/token-provider/1.0.1/token-provider-1.0.1.jar:/home/runner/.m2/repository/org/apache/kerby/kerb-admin/1.0.1/kerb-admin-1.0.1.jar:/home/runner/.m2/repository/org/apache/kerby/kerb-server/1.0.1/kerb-server-1.0.1.jar:/home/runner/.m2/repository/org/apache/kerby/kerb-identity/1.0.1/kerb-identity-1.0.1.jar:/home/runner/.m2/repository/org/apache/kerby/kerby-xdr/1.0.1/kerby-xdr-1.0.1.jar:/home/runner/.m2/repository/org/apache/ozone/ozone-s3gateway/1.4.0-SNAPSHOT/ozone-s3gateway-1.4.0-SNAPSHOT.jar:/home/runner/.m2/repository/org/javassist/javassist/3.21.0-GA/javassist-3.21.0-GA.jar:/home/runner/.m2/repository/org/jboss/weld/servlet/weld-servlet-shaded/3.1.9.Final/weld-servlet-shaded-3.1.9.Final.jar:/home/runner/.m2/repository/org/glassfish/jersey/containers/jersey-container-servlet-core/2.34/jersey-container-servlet-core-2.34.jar:/home/runner/.m2/repository/org/glassfish/hk2/external/jakarta.inject/2.6.1/jakarta.inject-2.6.1.jar:/home/runner/.m2/repository/org/glassfish/jersey/core/jersey-common/2.34/jersey-common-2.34.jar:/home/runner/.m2/repository/jakarta/ws/rs/jakarta.ws.rs-api/2.1.6/jakarta.ws.rs-api-2.1.6.jar:/home/runner/.m2/repository/org/glassfish/jersey/ext/cdi/jersey-cdi1x/2.34/jersey-cdi1x-2.34.jar:/home/runner/.m2/repository/org/glassfish/jersey/inject/jersey-hk2/2.34/jersey-hk2-2.34.jar:/home/runner/.m2/repository/org/glassfish/hk2/hk2-locator/2.6.1/hk2-locator-2.6.1.jar:/home/runner/.m2/repository/org/glassfish/jersey/media/jersey-media-jaxb/2.34/jersey-media-jaxb-2.34.jar:/home/runner/.m2/repository/org/glassfish/hk2/osgi-resource-locator/1.0.3/osgi-resource-locator-1.0.3.jar:/home/runner/.m2/repository/org/glassfish/hk2/hk2-api/2.5.0/hk2-api-2.5.0.jar:/home/runner/.m2/repository/org/glassfish/hk2/hk2-utils/2.5.0/hk2-utils-2.5.0.jar:/home/runner/.m2/repository/org/glassfish/hk2/external/aopalliance-repackaged/2.5.0/aopalliance-repackaged-2.5.0.jar:/home/runner/.m2/repository/com/fasterxml/jackson/dataformat/jackson-dataformat-xml/2.13.4/jackson-dataformat-xml-2.13.4.jar:/home/runner/.m2/repository/org/codehaus/woodstox/stax2-api/4.2.1/stax2-api-4.2.1.jar:/home/runner/.m2/repository/com/fasterxml/woodstox/woodstox-core/5.4.0/woodstox-core-5.4.0.jar:/home/runner/.m2/repository/com/fasterxml/jackson/module/jackson-module-jaxb-annotations/2.13.4/jackson-module-jaxb-annotations-2.13.4.jar:/home/runner/.m2/repository/jakarta/xml/bind/jakarta.xml.bind-api/2.3.3/jakarta.xml.bind-api-2.3.3.jar:/home/runner/.m2/repository/jakarta/activation/jakarta.activation-api/1.2.2/jakarta.activation-api-1.2.2.jar:/home/runner/.m2/repository/javax/enterprise/cdi-api/2.0/cdi-api-2.0.jar:/home/runner/.m2/repository/javax/el/javax.el-api/3.0.0/javax.el-api-3.0.0.jar:/home/runner/.m2/repository/javax/interceptor/javax.interceptor-api/1.2/javax.interceptor-api-1.2.jar:/home/runner/.m2/repository/javax/inject/javax.inject/1/javax.inject-1.jar:/home/runner/.m2/repository/javax/xml/bind/jaxb-api/2.3.0/jaxb-api-2.3.0.jar:/home/runner/.m2/repository/org/glassfish/jaxb/jaxb-runtime/2.3.0.1/jaxb-runtime-2.3.0.1.jar:/home/runner/.m2/repository/org/glassfish/jaxb/jaxb-core/2.3.0.1/jaxb-core-2.3.0.1.jar:/home/runner/.m2/repository/org/glassfish/jaxb/txw2/2.3.0.1/txw2-2.3.0.1.jar:/home/runner/.m2/repository/com/sun/istack/istack-commons-runtime/3.0.5/istack-commons-runtime-3.0.5.jar:/home/runner/.m2/repository/org/jvnet/staxex/stax-ex/1.7.8/stax-ex-1.7.8.jar:/home/runner/.m2/repository/com/sun/xml/fastinfoset/FastInfoset/1.2.13/FastInfoset-1.2.13.jar:/home/runner/.m2/repository/javax/activation/activation/1.1.1/activation-1.1.1.jar:/home/runner/.m2/repository/io/grpc/grpc-protobuf/1.51.1/grpc-protobuf-1.51.1.jar:/home/runner/.m2/repository/com/google/api/grpc/proto-google-common-protos/2.9.0/proto-google-common-protos-2.9.0.jar:/home/runner/.m2/repository/io/grpc/grpc-protobuf-lite/1.51.1/grpc-protobuf-lite-1.51.1.jar:/home/runner/.m2/repository/io/grpc/grpc-stub/1.51.1/grpc-stub-1.51.1.jar:/home/runner/.m2/repository/io/netty/netty-transport/4.1.86.Final/netty-transport-4.1.86.Final.jar:/home/runner/.m2/repository/io/netty/netty-resolver/4.1.86.Final/netty-resolver-4.1.86.Final.jar:/home/runner/.m2/repository/org/apache/ozone/ozone-csi/1.4.0-SNAPSHOT/ozone-csi-1.4.0-SNAPSHOT.jar:/home/runner/.m2/repository/com/google/protobuf/protobuf-java-util/3.19.6/protobuf-java-util-3.19.6.jar:/home/runner/.m2/repository/com/google/code/gson/gson/2.9.0/gson-2.9.0.jar:/home/runner/.m2/repository/org/apache/ozone/hdds-config/1.4.0-SNAPSHOT/hdds-config-1.4.0-SNAPSHOT.jar:/home/runner/.m2/repository/io/netty/netty-transport-native-epoll/4.1.86.Final/netty-transport-native-epoll-4.1.86.Final-linux-x86_64.jar:/home/runner/.m2/repository/io/netty/netty-transport-classes-epoll/4.1.86.Final/netty-transport-classes-epoll-4.1.86.Final.jar:/home/runner/.m2/repository/io/netty/netty-transport-native-unix-common/4.1.86.Final/netty-transport-native-unix-common-4.1.86.Final.jar:/home/runner/.m2/repository/org/apache/ozone/ozone-recon/1.4.0-SNAPSHOT/ozone-recon-1.4.0-SNAPSHOT.jar:/home/runner/.m2/repository/org/apache/ozone/ozone-reconcodegen/1.4.0-SNAPSHOT/ozone-reconcodegen-1.4.0-SNAPSHOT.jar:/home/runner/.m2/repository/com/google/inject/guice/5.1.0/guice-5.1.0.jar:/home/runner/.m2/repository/aopalliance/aopalliance/1.0/aopalliance-1.0.jar:/home/runner/.m2/repository/com/google/inject/extensions/guice-assistedinject/5.1.0/guice-assistedinject-5.1.0.jar:/home/runner/.m2/repository/com/google/inject/extensions/guice-servlet/5.1.0/guice-servlet-5.1.0.jar:/home/runner/.m2/repository/org/glassfish/jersey/containers/jersey-container-servlet/2.34/jersey-container-servlet-2.34.jar:/home/runner/.m2/repository/org/glassfish/hk2/guice-bridge/2.5.0/guice-bridge-2.5.0.jar:/home/runner/.m2/repository/org/glassfish/jersey/core/jersey-server/2.34/jersey-server-2.34.jar:/home/runner/.m2/repository/org/glassfish/jersey/core/jersey-client/2.34/jersey-client-2.34.jar:/home/runner/.m2/repository/jakarta/annotation/jakarta.annotation-api/1.3.5/jakarta.annotation-api-1.3.5.jar:/home/runner/.m2/repository/jakarta/validation/jakarta.validation-api/2.0.2/jakarta.validation-api-2.0.2.jar:/home/runner/.m2/repository/org/glassfish/jersey/media/jersey-media-json-jackson/2.34/jersey-media-json-jackson-2.34.jar:/home/runner/.m2/repository/org/glassfish/jersey/ext/jersey-entity-filtering/2.34/jersey-entity-filtering-2.34.jar:/home/runner/.m2/repository/org/jooq/jooq/3.11.10/jooq-3.11.10.jar:/home/runner/.m2/repository/org/jooq/jooq-meta/3.11.10/jooq-meta-3.11.10.jar:/home/runner/.m2/repository/org/jooq/jooq-codegen/3.11.10/jooq-codegen-3.11.10.jar:/home/runner/.m2/repository/com/jolbox/bonecp/0.8.0.RELEASE/bonecp-0.8.0.RELEASE.jar:/home/runner/.m2/repository/org/apache/derby/derby/10.14.2.0/derby-10.14.2.0.jar:/home/runner/.m2/repository/org/xerial/sqlite-jdbc/3.41.2.2/sqlite-jdbc-3.41.2.2.jar:/home/runner/.m2/repository/org/springframework/spring-jdbc/5.3.27/spring-jdbc-5.3.27.jar:/home/runner/.m2/repository/org/springframework/spring-beans/5.3.27/spring-beans-5.3.27.jar:/home/runner/.m2/repository/org/springframework/spring-core/5.3.27/spring-core-5.3.27.jar:/home/runner/.m2/repository/org/springframework/spring-tx/5.3.27/spring-tx-5.3.27.jar:/home/runner/.m2/repository/org/apache/ozone/ozone-client/1.4.0-SNAPSHOT/ozone-client-1.4.0-SNAPSHOT.jar:/home/runner/.m2/repository/org/apache/ozone/hdds-erasurecode/1.4.0-SNAPSHOT/hdds-erasurecode-1.4.0-SNAPSHOT.jar:/home/runner/.m2/repository/org/apache/ozone/ozone-filesystem/1.4.0-SNAPSHOT/ozone-filesystem-1.4.0-SNAPSHOT.jar:/home/runner/.m2/repository/org/apache/ozone/ozone-filesystem-common/1.4.0-SNAPSHOT/ozone-filesystem-common-1.4.0-SNAPSHOT.jar:/home/runner/.m2/repository/org/apache/ozone/ozone-tools/1.4.0-SNAPSHOT/ozone-tools-1.4.0-SNAPSHOT.jar:/home/runner/.m2/repository/com/amazonaws/aws-java-sdk-core/1.12.261/aws-java-sdk-core-1.12.261.jar:/home/runner/.m2/repository/org/apache/httpcomponents/httpclient/4.5.13/httpclient-4.5.13.jar:/home/runner/.m2/repository/org/apache/httpcomponents/httpcore/4.4.13/httpcore-4.4.13.jar:/home/runner/.m2/repository/software/amazon/ion/ion-java/1.0.2/ion-java-1.0.2.jar:/home/runner/.m2/repository/com/fasterxml/jackson/dataformat/jackson-dataformat-cbor/2.13.4/jackson-dataformat-cbor-2.13.4.jar:/home/runner/.m2/repository/joda-time/joda-time/2.10.6/joda-time-2.10.6.jar:/home/runner/.m2/repository/com/amazonaws/aws-java-sdk-s3/1.12.261/aws-java-sdk-s3-1.12.261.jar:/home/runner/.m2/repository/com/amazonaws/aws-java-sdk-kms/1.12.261/aws-java-sdk-kms-1.12.261.jar:/home/runner/.m2/repository/com/amazonaws/jmespath-java/1.12.261/jmespath-java-1.12.261.jar:/home/runner/.m2/repository/org/kohsuke/metainf-services/metainf-services/1.8/metainf-services-1.8.jar:/home/runner/.m2/repository/org/apache/ozone/hdds-tools/1.4.0-SNAPSHOT/hdds-tools-1.4.0-SNAPSHOT.jar:/home/runner/.m2/repository/org/apache/ratis/ratis-tools/2.5.1/ratis-tools-2.5.1.jar:/home/runner/.m2/repository/commons-cli/commons-cli/1.2/commons-cli-1.2.jar:/home/runner/.m2/repository/org/apache/commons/commons-lang3/3.7/commons-lang3-3.7.jar:/home/runner/.m2/repository/org/apache/ozone/ozone-manager/1.4.0-SNAPSHOT/ozone-manager-1.4.0-SNAPSHOT-tests.jar:/home/runner/.m2/repository/org/apache/ozone/hdds-common/1.4.0-SNAPSHOT/hdds-common-1.4.0-SNAPSHOT-tests.jar:/home/runner/.m2/repository/org/apache/ozone/hdds-hadoop-dependency-client/1.4.0-SNAPSHOT/hdds-hadoop-dependency-client-1.4.0-SNAPSHOT.jar:/home/runner/.m2/repository/info/picocli/picocli/4.6.1/picocli-4.6.1.jar:/home/runner/.m2/repository/com/fasterxml/jackson/core/jackson-annotations/2.13.4/jackson-annotations-2.13.4.jar:/home/runner/.m2/repository/org/apache/ozone/hdds-annotation-processing/1.4.0-SNAPSHOT/hdds-annotation-processing-1.4.0-SNAPSHOT.jar:/home/runner/.m2/repository/javax/annotation/javax.annotation-api/1.2/javax.annotation-api-1.2.jar:/home/runner/.m2/repository/org/apache/ratis/ratis-netty/2.5.1/ratis-netty-2.5.1.jar:/home/runner/.m2/repository/org/apache/ratis/ratis-grpc/2.5.1/ratis-grpc-2.5.1.jar:/home/runner/.m2/repository/org/apache/logging/log4j/log4j-api/2.17.1/log4j-api-2.17.1.jar:/home/runner/.m2/repository/org/apache/commons/commons-pool2/2.6.0/commons-pool2-2.6.0.jar:/home/runner/.m2/repository/org/bouncycastle/bcpkix-jdk15on/1.67/bcpkix-jdk15on-1.67.jar:/home/runner/.m2/repository/commons-validator/commons-validator/1.6/commons-validator-1.6.jar:/home/runner/.m2/repository/commons-beanutils/commons-beanutils/1.9.4/commons-beanutils-1.9.4.jar:/home/runner/.m2/repository/commons-digester/commons-digester/1.8.1/commons-digester-1.8.1.jar:/home/runner/.m2/repository/commons-collections/commons-collections/3.2.2/commons-collections-3.2.2.jar:/home/runner/.m2/repository/io/jaegertracing/jaeger-client/1.6.0/jaeger-client-1.6.0.jar:/home/runner/.m2/repository/io/jaegertracing/jaeger-thrift/1.6.0/jaeger-thrift-1.6.0.jar:/home/runner/.m2/repository/org/apache/thrift/libthrift/0.14.1/libthrift-0.14.1.jar:/home/runner/.m2/repository/io/jaegertracing/jaeger-core/1.6.0/jaeger-core-1.6.0.jar:/home/runner/.m2/repository/io/jaegertracing/jaeger-tracerresolver/1.6.0/jaeger-tracerresolver-1.6.0.jar:/home/runner/.m2/repository/io/opentracing/contrib/opentracing-tracerresolver/0.1.8/opentracing-tracerresolver-0.1.8.jar:/home/runner/.m2/repository/org/jetbrains/kotlin/kotlin-stdlib/1.6.21/kotlin-stdlib-1.6.21.jar:/home/runner/.m2/repository/org/jetbrains/annotations/13.0/annotations-13.0.jar:/home/runner/.m2/repository/io/opentracing/opentracing-util/0.33.0/opentracing-util-0.33.0.jar:/home/runner/.m2/repository/io/opentracing/opentracing-api/0.33.0/opentracing-api-0.33.0.jar:/home/runner/.m2/repository/io/opentracing/opentracing-noop/0.33.0/opentracing-noop-0.33.0.jar:/home/runner/.m2/repository/org/yaml/snakeyaml/2.0/snakeyaml-2.0.jar:/home/runner/.m2/repository/io/grpc/grpc-api/1.51.1/grpc-api-1.51.1.jar:/home/runner/.m2/repository/io/grpc/grpc-context/1.51.1/grpc-context-1.51.1.jar:/home/runner/.m2/repository/junit/junit/4.13.1/junit-4.13.1.jar:/home/runner/.m2/repository/org/hamcrest/hamcrest-core/1.3/hamcrest-core-1.3.jar:/home/runner/.m2/repository/org/junit/jupiter/junit-jupiter-api/5.8.2/junit-jupiter-api-5.8.2.jar:/home/runner/.m2/repository/org/opentest4j/opentest4j/1.2.0/opentest4j-1.2.0.jar:/home/runner/.m2/repository/org/junit/platform/junit-platform-commons/1.8.2/junit-platform-commons-1.8.2.jar:/home/runner/.m2/repository/org/apiguardian/apiguardian-api/1.1.2/apiguardian-api-1.1.2.jar:/home/runner/.m2/repository/org/junit/jupiter/junit-jupiter-params/5.8.2/junit-jupiter-params-5.8.2.jar:/home/runner/.m2/repository/org/junit/jupiter/junit-jupiter-migrationsupport/5.8.2/junit-jupiter-migrationsupport-5.8.2.jar:/home/runner/.m2/repository/org/junit/jupiter/junit-jupiter-engine/5.8.2/junit-jupiter-engine-5.8.2.jar:/home/runner/.m2/repository/org/junit/platform/junit-platform-engine/1.8.2/junit-platform-engine-1.8.2.jar:/home/runner/.m2/repository/org/junit/vintage/junit-vintage-engine/5.8.2/junit-vintage-engine-5.8.2.jar:/home/runner/.m2/repository/org/junit/platform/junit-platform-launcher/1.8.2/junit-platform-launcher-1.8.2.jar:/home/runner/.m2/repository/org/mockito/mockito-core/3.5.9/mockito-core-3.5.9.jar:/home/runner/.m2/repository/net/bytebuddy/byte-buddy/1.10.13/byte-buddy-1.10.13.jar:/home/runner/.m2/repository/net/bytebuddy/byte-buddy-agent/1.10.13/byte-buddy-agent-1.10.13.jar:/home/runner/.m2/repository/org/objenesis/objenesis/1.0/objenesis-1.0.jar:/home/runner/.m2/repository/org/apache/hadoop/hadoop-kms/3.3.5/hadoop-kms-3.3.5.jar:/home/runner/.m2/repository/org/apache/hadoop/hadoop-auth/3.3.5/hadoop-auth-3.3.5.jar:/home/runner/.m2/repository/com/nimbusds/nimbus-jose-jwt/9.8.1/nimbus-jose-jwt-9.8.1.jar:/home/runner/.m2/repository/com/github/stephenc/jcip/jcip-annotations/1.0-1/jcip-annotations-1.0-1.jar:/home/runner/.m2/repository/net/minidev/json-smart/2.4.7/json-smart-2.4.7.jar:/home/runner/.m2/repository/net/minidev/accessors-smart/2.4.7/accessors-smart-2.4.7.jar:/home/runner/.m2/repository/org/ow2/asm/asm/5.0.4/asm-5.0.4.jar:/home/runner/.m2/repository/org/apache/zookeeper/zookeeper/3.5.6/zookeeper-3.5.6.jar:/home/runner/.m2/repository/org/apache/zookeeper/zookeeper-jute/3.5.6/zookeeper-jute-3.5.6.jar:/home/runner/.m2/repository/org/apache/yetus/audience-annotations/0.5.0/audience-annotations-0.5.0.jar:/home/runner/.m2/repository/org/apache/curator/curator-framework/4.2.0/curator-framework-4.2.0.jar:/home/runner/.m2/repository/org/apache/hadoop/thirdparty/hadoop-shaded-guava/1.1.1/hadoop-shaded-guava-1.1.1.jar:/home/runner/.m2/repository/com/sun/jersey/jersey-core/1.19/jersey-core-1.19.jar:/home/runner/.m2/repository/javax/ws/rs/jsr311-api/1.1.1/jsr311-api-1.1.1.jar:/home/runner/.m2/repository/com/sun/jersey/jersey-server/1.19/jersey-server-1.19.jar:/home/runner/.m2/repository/javax/servlet/javax.servlet-api/3.1.0/javax.servlet-api-3.1.0.jar:/home/runner/.m2/repository/org/apache/hadoop/hadoop-common/3.3.5/hadoop-common-3.3.5.jar:/home/runner/.m2/repository/org/apache/commons/commons-math3/3.1.1/commons-math3-3.1.1.jar:/home/runner/.m2/repository/commons-net/commons-net/3.9.0/commons-net-3.9.0.jar:/home/runner/.m2/repository/com/sun/jersey/jersey-servlet/1.19/jersey-servlet-1.19.jar:/home/runner/.m2/repository/com/github/pjfanning/jersey-json/1.20/jersey-json-1.20.jar:/home/runner/.m2/repository/org/codehaus/jettison/jettison/1.1/jettison-1.1.jar:/home/runner/.m2/repository/com/sun/xml/bind/jaxb-impl/2.2.3-1/jaxb-impl-2.2.3-1.jar:/home/runner/.m2/repository/com/google/re2j/re2j/1.1/re2j-1.1.jar:/home/runner/.m2/repository/com/jcraft/jsch/0.1.54/jsch-0.1.54.jar:/home/runner/.m2/repository/org/apache/curator/curator-client/4.2.0/curator-client-4.2.0.jar:/home/runner/.m2/repository/org/apache/curator/curator-recipes/4.2.0/curator-recipes-4.2.0.jar:/home/runner/.m2/repository/org/apache/kerby/kerb-core/1.0.1/kerb-core-1.0.1.jar:/home/runner/.m2/repository/org/apache/kerby/kerby-pkix/1.0.1/kerby-pkix-1.0.1.jar:/home/runner/.m2/repository/org/apache/kerby/kerby-asn1/1.0.1/kerby-asn1-1.0.1.jar:/home/runner/.m2/repository/org/apache/kerby/kerby-util/1.0.1/kerby-util-1.0.1.jar:/home/runner/.m2/repository/dnsjava/dnsjava/2.1.7/dnsjava-2.1.7.jar:/home/runner/.m2/repository/org/xerial/snappy/snappy-java/1.1.8.2/snappy-java-1.1.8.2.jar:/home/runner/.m2/repository/com/fasterxml/jackson/core/jackson-databind/2.13.4.2/jackson-databind-2.13.4.2.jar:/home/runner/.m2/repository/org/apache/hadoop/hadoop-kms/3.3.5/hadoop-kms-3.3.5-tests.jar:/home/runner/.m2/repository/org/apache/ozone/hdds-server-scm/1.4.0-SNAPSHOT/hdds-server-scm-1.4.0-SNAPSHOT-tests.jar:/home/runner/.m2/repository/org/apache/ozone/hdds-container-service/1.4.0-SNAPSHOT/hdds-container-service-1.4.0-SNAPSHOT-tests.jar:/home/runner/.m2/repository/com/github/luben/zstd-jni/1.5.2-5/zstd-jni-1.5.2-5.jar:/home/runner/.m2/repository/commons-codec/commons-codec/1.15/commons-codec-1.15.jar:/home/runner/.m2/repository/io/netty/netty-codec/4.1.86.Final/netty-codec-4.1.86.Final.jar:/home/runner/.m2/repository/io/netty/netty-handler/4.1.86.Final/netty-handler-4.1.86.Final.jar:/home/runner/.m2/repository/org/apache/ozone/hdds-hadoop-dependency-test/1.4.0-SNAPSHOT/hdds-hadoop-dependency-test-1.4.0-SNAPSHOT.jar:/home/runner/.m2/repository/org/apache/hadoop/hadoop-common/3.3.5/hadoop-common-3.3.5-tests.jar:/home/runner/.m2/repository/org/apache/hadoop/hadoop-hdfs/3.3.5/hadoop-hdfs-3.3.5-tests.jar:/home/runner/.m2/repository/org/assertj/assertj-core/3.12.2/assertj-core-3.12.2.jar:/home/runner/.m2/repository/org/apache/hadoop/hadoop-distcp/3.3.5/hadoop-distcp-3.3.5.jar:/home/runner/.m2/repository/org/apache/hadoop/hadoop-mapreduce-client-jobclient/3.3.5/hadoop-mapreduce-client-jobclient-3.3.5.jar:/home/runner/.m2/repository/org/apache/hadoop/hadoop-mapreduce-client-common/3.3.5/hadoop-mapreduce-client-common-3.3.5.jar:/home/runner/.m2/repository/org/apache/hadoop/hadoop-yarn-common/3.3.5/hadoop-yarn-common-3.3.5.jar:/home/runner/.m2/repository/org/apache/hadoop/hadoop-yarn-api/3.3.5/hadoop-yarn-api-3.3.5.jar:/home/runner/.m2/repository/com/sun/jersey/contribs/jersey-guice/1.19/jersey-guice-1.19.jar:/home/runner/.m2/repository/com/fasterxml/jackson/jaxrs/jackson-jaxrs-json-provider/2.13.4/jackson-jaxrs-json-provider-2.13.4.jar:/home/runner/.m2/repository/com/fasterxml/jackson/jaxrs/jackson-jaxrs-base/2.13.4/jackson-jaxrs-base-2.13.4.jar:/home/runner/.m2/repository/org/apache/hadoop/hadoop-yarn-client/3.3.5/hadoop-yarn-client-3.3.5.jar:/home/runner/.m2/repository/org/eclipse/jetty/websocket/websocket-client/9.4.48.v20220622/websocket-client-9.4.48.v20220622.jar:/home/runner/.m2/repository/org/eclipse/jetty/websocket/websocket-common/9.4.48.v20220622/websocket-common-9.4.48.v20220622.jar:/home/runner/.m2/repository/org/eclipse/jetty/websocket/websocket-api/9.4.48.v20220622/websocket-api-9.4.48.v20220622.jar:/home/runner/.m2/repository/org/jline/jline/3.9.0/jline-3.9.0.jar:/home/runner/.m2/repository/org/apache/hadoop/hadoop-mapreduce-client-core/3.3.5/hadoop-mapreduce-client-core-3.3.5.jar:/home/runner/.m2/repository/org/apache/avro/avro/1.7.7/avro-1.7.7.jar:/home/runner/.m2/repository/com/thoughtworks/paranamer/paranamer/2.3/paranamer-2.3.jar:/home/runner/.m2/repository/org/apache/hadoop/hadoop-annotations/3.3.5/hadoop-annotations-3.3.5.jar:/usr/lib/jvm/temurin-8-jdk-amd64/jre/../lib/tools.jar:/home/runner/.m2/repository/io/netty/netty/3.10.6.Final/netty-3.10.6.Final.jar:/home/runner/.m2/repository/org/apache/hadoop/hadoop-distcp/3.3.5/hadoop-distcp-3.3.5-tests.jar:/home/runner/.m2/repository/org/slf4j/jul-to-slf4j/1.7.36/jul-to-slf4j-1.7.36.jar:"/>
    <property name="sun.cpu.endian" value="little"/>
    <property name="user.home" value="/home/runner"/>
    <property name="user.language" value="en"/>
    <property name="java.specification.vendor" value="Oracle Corporation"/>
    <property name="java.home" value="/usr/lib/jvm/temurin-8-jdk-amd64/jre"/>
    <property name="java.security.krb5.conf" value="/home/runner/work/ozone/ozone/hadoop-ozone/integration-test/target/test-classes/krb5.conf"/>
    <property name="basedir" value="/home/runner/work/ozone/ozone/hadoop-ozone/integration-test"/>
    <property name="file.separator" value="/"/>
    <property name="line.separator" value="&#10;"/>
    <property name="java.vm.specification.vendor" value="Oracle Corporation"/>
    <property name="java.specification.name" value="Java Platform API Specification"/>
    <property name="java.awt.graphicsenv" value="sun.awt.X11GraphicsEnvironment"/>
    <property name="skip.installnpx" value="true"/>
    <property name="surefire.real.class.path" value="/home/runner/work/ozone/ozone/hadoop-ozone/integration-test/target/surefire/surefirebooter8530632868303410746.jar:/home/runner/.m2/repository/org/jacoco/org.jacoco.agent/0.8.5/org.jacoco.agent-0.8.5-runtime.jar"/>
    <property name="hadoop.log.dir" value="/home/runner/work/ozone/ozone/hadoop-ozone/integration-test/target/log"/>
    <property name="sun.boot.class.path" value="/usr/lib/jvm/temurin-8-jdk-amd64/jre/lib/resources.jar:/usr/lib/jvm/temurin-8-jdk-amd64/jre/lib/rt.jar:/usr/lib/jvm/temurin-8-jdk-amd64/jre/lib/sunrsasign.jar:/usr/lib/jvm/temurin-8-jdk-amd64/jre/lib/jsse.jar:/usr/lib/jvm/temurin-8-jdk-amd64/jre/lib/jce.jar:/usr/lib/jvm/temurin-8-jdk-amd64/jre/lib/charsets.jar:/usr/lib/jvm/temurin-8-jdk-amd64/jre/lib/jfr.jar:/usr/lib/jvm/temurin-8-jdk-amd64/jre/classes"/>
    <property name="sun.management.compiler" value="HotSpot 64-Bit Tiered Compilers"/>
    <property name="skip.npx" value="true"/>
    <property name="java.runtime.version" value="1.8.0_372-b07"/>
    <property name="java.net.preferIPv4Stack" value="true"/>
    <property name="user.name" value="runner"/>
    <property name="path.separator" value=":"/>
    <property name="java.security.egd" value="file:///dev/urandom"/>
    <property name="os.version" value="5.15.0-1039-azure"/>
    <property name="java.endorsed.dirs" value="/usr/lib/jvm/temurin-8-jdk-amd64/jre/lib/endorsed"/>
    <property name="java.runtime.name" value="OpenJDK Runtime Environment"/>
    <property name="file.encoding" value="UTF-8"/>
    <property name="java.vm.name" value="OpenJDK 64-Bit Server VM"/>
    <property name="test.build.webapps" value=""/>
    <property name="localRepository" value="/home/runner/.m2/repository"/>
    <property name="jetty.git.hash" value="b45c405e4544384de066f814ed42ae3dceacdd49"/>
    <property name="java.vendor.url.bug" value="https://github.com/adoptium/adoptium-support/issues"/>
    <property name="java.io.tmpdir" value="/tmp"/>
    <property name="require.test.libhadoop" value=""/>
    <property name="java.version" value="1.8.0_372"/>
    <property name="user.dir" value="/home/runner/work/ozone/ozone/hadoop-ozone/integration-test"/>
    <property name="os.arch" value="amd64"/>
    <property name="java.vm.specification.name" value="Java Virtual Machine Specification"/>
    <property name="test.build.classes" value="/home/runner/work/ozone/ozone/hadoop-ozone/integration-test/target/test-classes"/>
    <property name="java.awt.printerjob" value="sun.print.PSPrinterJob"/>
    <property name="sun.os.patch.level" value="unknown"/>
    <property name="org.apache.ratis.thirdparty.io.netty.allocator.useCacheForAllThreads" value="false"/>
    <property name="hadoop.tmp.dir" value="/home/runner/work/ozone/ozone/hadoop-ozone/integration-test/target/tmp"/>
    <property name="java.library.path" value="/usr/java/packages/lib/amd64:/usr/lib64:/lib64:/lib:/usr/lib"/>
    <property name="java.vm.info" value="mixed mode"/>
    <property name="java.vendor" value="Temurin"/>
    <property name="java.vm.version" value="25.372-b07"/>
    <property name="java.specification.maintenance.version" value="4"/>
    <property name="java.ext.dirs" value="/usr/lib/jvm/temurin-8-jdk-amd64/jre/lib/ext:/usr/java/packages/lib/ext"/>
    <property name="sun.io.unicode.encoding" value="UnicodeLittle"/>
    <property name="java.class.version" value="52.0"/>
  </properties>
  <testcase name="testDeleteVolumeAndBucket" classname="org.apache.hadoop.fs.ozone.TestRootedDDSWithFSO" time="1.855">
    <error type="org.apache.hadoop.fs.PathIsNotEmptyDirectoryException"><![CDATA[org.apache.hadoop.fs.PathIsNotEmptyDirectoryException: `/volume15541/bucket92136': Directory is not empty
	at org.apache.hadoop.fs.ozone.BasicRootedOzoneFileSystem.deleteBucketFromVolume(BasicRootedOzoneFileSystem.java:767)
	at org.apache.hadoop.fs.ozone.BasicRootedOzoneFileSystem.deleteBucket(BasicRootedOzoneFileSystem.java:739)
	at org.apache.hadoop.fs.ozone.BasicRootedOzoneFileSystem.delete(BasicRootedOzoneFileSystem.java:667)
	at org.apache.hadoop.fs.ozone.BasicRootedOzoneFileSystem.deleteVolume(BasicRootedOzoneFileSystem.java:794)
	at org.apache.hadoop.fs.ozone.BasicRootedOzoneFileSystem.delete(BasicRootedOzoneFileSystem.java:662)
	at org.apache.hadoop.fs.ozone.TestRootedDDSWithFSO.testDeleteVolumeAndBucket(TestRootedDDSWithFSO.java:194)
	at sun.reflect.NativeMethodAccessorImpl.invoke0(Native Method)
	at sun.reflect.NativeMethodAccessorImpl.invoke(NativeMethodAccessorImpl.java:62)
	at sun.reflect.DelegatingMethodAccessorImpl.invoke(DelegatingMethodAccessorImpl.java:43)
	at java.lang.reflect.Method.invoke(Method.java:498)
	at org.junit.runners.model.FrameworkMethod$1.runReflectiveCall(FrameworkMethod.java:59)
	at org.junit.internal.runners.model.ReflectiveCallable.run(ReflectiveCallable.java:12)
	at org.junit.runners.model.FrameworkMethod.invokeExplosively(FrameworkMethod.java:56)
	at org.junit.internal.runners.statements.InvokeMethod.evaluate(InvokeMethod.java:17)
	at org.junit.internal.runners.statements.RunAfters.evaluate(RunAfters.java:27)
	at org.junit.runners.ParentRunner$3.evaluate(ParentRunner.java:306)
	at org.junit.runners.BlockJUnit4ClassRunner$1.evaluate(BlockJUnit4ClassRunner.java:100)
	at org.junit.runners.ParentRunner.runLeaf(ParentRunner.java:366)
	at org.junit.runners.BlockJUnit4ClassRunner.runChild(BlockJUnit4ClassRunner.java:103)
	at org.junit.runners.BlockJUnit4ClassRunner.runChild(BlockJUnit4ClassRunner.java:63)
	at org.junit.runners.ParentRunner$4.run(ParentRunner.java:331)
	at org.junit.runners.ParentRunner$1.schedule(ParentRunner.java:79)
	at org.junit.runners.ParentRunner.runChildren(ParentRunner.java:329)
	at org.junit.runners.ParentRunner.access$100(ParentRunner.java:66)
	at org.junit.runners.ParentRunner$2.evaluate(ParentRunner.java:293)
	at org.junit.internal.runners.statements.RunBefores.evaluate(RunBefores.java:26)
	at org.junit.internal.runners.statements.RunAfters.evaluate(RunAfters.java:27)
	at org.junit.runners.ParentRunner$3.evaluate(ParentRunner.java:306)
	at org.junit.runners.ParentRunner.run(ParentRunner.java:413)
	at org.junit.runner.JUnitCore.run(JUnitCore.java:137)
	at org.junit.runner.JUnitCore.run(JUnitCore.java:115)
	at org.junit.vintage.engine.execution.RunnerExecutor.execute(RunnerExecutor.java:42)
	at org.junit.vintage.engine.VintageTestEngine.executeAllChildren(VintageTestEngine.java:80)
	at org.junit.vintage.engine.VintageTestEngine.execute(VintageTestEngine.java:72)
	at org.junit.platform.launcher.core.EngineExecutionOrchestrator.execute(EngineExecutionOrchestrator.java:107)
	at org.junit.platform.launcher.core.EngineExecutionOrchestrator.execute(EngineExecutionOrchestrator.java:88)
	at org.junit.platform.launcher.core.EngineExecutionOrchestrator.lambda$execute$0(EngineExecutionOrchestrator.java:54)
	at org.junit.platform.launcher.core.EngineExecutionOrchestrator.withInterceptedStreams(EngineExecutionOrchestrator.java:67)
	at org.junit.platform.launcher.core.EngineExecutionOrchestrator.execute(EngineExecutionOrchestrator.java:52)
	at org.junit.platform.launcher.core.DefaultLauncher.execute(DefaultLauncher.java:114)
	at org.junit.platform.launcher.core.DefaultLauncher.execute(DefaultLauncher.java:86)
	at org.junit.platform.launcher.core.DefaultLauncherSession$DelegatingLauncher.execute(DefaultLauncherSession.java:86)
	at org.junit.platform.launcher.core.SessionPerRequestLauncher.execute(SessionPerRequestLauncher.java:53)
	at org.apache.maven.surefire.junitplatform.JUnitPlatformProvider.execute(JUnitPlatformProvider.java:188)
	at org.apache.maven.surefire.junitplatform.JUnitPlatformProvider.invokeAllTests(JUnitPlatformProvider.java:154)
	at org.apache.maven.surefire.junitplatform.JUnitPlatformProvider.invoke(JUnitPlatformProvider.java:124)
	at org.apache.maven.surefire.booter.ForkedBooter.runSuitesInProcess(ForkedBooter.java:428)
	at org.apache.maven.surefire.booter.ForkedBooter.execute(ForkedBooter.java:162)
	at org.apache.maven.surefire.booter.ForkedBooter.run(ForkedBooter.java:562)
	at org.apache.maven.surefire.booter.ForkedBooter.main(ForkedBooter.java:548)
]]></error>
    <system-out><![CDATA[2023-06-21 16:52:04,522 [main] WARN  server.ServerUtils (ServerUtils.java:getScmDbDir(155)) - ozone.scm.db.dirs is not configured. We recommend adding this setting. Falling back to ozone.metadata.dirs instead.
2023-06-21 16:52:04,773 [main] INFO  reflections.Reflections (Reflections.java:scan(232)) - Reflections took 176 ms to scan 7 urls, producing 159 keys and 372 values 
2023-06-21 16:52:04,970 [main] WARN  server.ServerUtils (ServerUtils.java:getScmDbDir(155)) - ozone.scm.db.dirs is not configured. We recommend adding this setting. Falling back to ozone.metadata.dirs instead.
2023-06-21 16:52:04,974 [main] INFO  ha.SCMHANodeDetails (SCMHANodeDetails.java:loadSCMHAConfig(210)) - ServiceID for StorageContainerManager is null
2023-06-21 16:52:04,983 [main] WARN  ha.SCMHANodeDetails (SCMHANodeDetails.java:validateSCMHAConfig(183)) - Invalid config ozone.scm.ratis.enable. The config was not specified, but the default value true conflicts with the expected config value false. Falling back to the expected value. Current State of SCM: SCM is running in Non-HA without Ratis Ratis SCM -> Non Ratis SCM or Non HA SCM -> HA SCM is not supported
2023-06-21 16:52:04,983 [main] INFO  ha.SCMHANodeDetails (SCMHANodeDetails.java:loadSCMHAConfig(215)) - ozone.scm.default.service.id is not defined, falling back to ozone.scm.service.ids to find serviceID for StorageContainerManager if it is HA enabled cluster
2023-06-21 16:52:05,762 [main] WARN  utils.HAUtils (HAUtils.java:getMetaDir(339)) - ozone.scm.db.dirs is not configured. We recommend adding this setting. Falling back to ozone.metadata.dirs instead.
2023-06-21 16:52:05,931 [main] WARN  db.DBStoreBuilder (DBStoreBuilder.java:applyDBDefinition(165)) - ozone.scm.db.dirs is not configured. We recommend adding this setting. Falling back to ozone.metadata.dirs instead.
2023-06-21 16:52:06,223 [main] INFO  net.NodeSchemaLoader (NodeSchemaLoader.java:loadSchemaFromFile(129)) - Loading schema from [jar:file:/home/runner/.m2/repository/org/apache/ozone/hdds-common/1.4.0-SNAPSHOT/hdds-common-1.4.0-SNAPSHOT.jar!/network-topology-default.xml]
2023-06-21 16:52:06,225 [main] INFO  net.NodeSchemaLoader (NodeSchemaLoader.java:loadSchema(176)) - Loading network topology layer schema file
2023-06-21 16:52:06,274 [main] INFO  metrics.MetricRegistries (MetricRegistriesLoader.java:load(64)) - Loaded MetricRegistries class org.apache.ratis.metrics.impl.MetricRegistriesImpl
2023-06-21 16:52:06,291 [main] INFO  upgrade.AbstractLayoutVersionManager (AbstractLayoutVersionManager.java:init(83)) - Initializing Layout version manager with metadata layout = HADOOP_PRC_PORTS_IN_DATANODEDETAILS (version = 7), software layout = HADOOP_PRC_PORTS_IN_DATANODEDETAILS (version = 7)
2023-06-21 16:52:06,485 [main] INFO  ha.SequenceIdGenerator (SequenceIdGenerator.java:upgradeToSequenceId(349)) - upgrade localId to 111677748019200000
2023-06-21 16:52:06,486 [main] INFO  ha.SequenceIdGenerator (SequenceIdGenerator.java:upgradeToSequenceId(359)) - upgrade delTxnId to 0
2023-06-21 16:52:06,491 [main] INFO  ha.SequenceIdGenerator (SequenceIdGenerator.java:upgradeToSequenceId(376)) - upgrade containerId to 0
2023-06-21 16:52:06,494 [main] INFO  ha.SequenceIdGenerator (SequenceIdGenerator.java:<init>(220)) - Init the HA SequenceIdGenerator.
2023-06-21 16:52:06,562 [main] WARN  server.ServerUtils (ServerUtils.java:sanitizeUserArgs(80)) - ozone.scm.stale.node.interval value = 300000 is larger than max = 100000 based on the key value of ozone.scm.heartbeat.thread.interval, reset to the max value 100000.
2023-06-21 16:52:06,562 [main] WARN  server.ServerUtils (ServerUtils.java:sanitizeUserArgs(80)) - ozone.scm.stale.node.interval value = 300000 is larger than max = 100000 based on the key value of ozone.scm.heartbeat.thread.interval, reset to the max value 100000.
2023-06-21 16:52:06,573 [main] INFO  node.SCMNodeManager (SCMNodeManager.java:<init>(158)) - Entering startup safe mode.
2023-06-21 16:52:06,591 [main] INFO  algorithms.ContainerPlacementPolicyFactory (ContainerPlacementPolicyFactory.java:getPolicyInternal(86)) - Create container placement policy of type org.apache.hadoop.hdds.scm.container.placement.algorithms.SCMContainerPlacementRackAware
2023-06-21 16:52:06,595 [main] INFO  algorithms.ContainerPlacementPolicyFactory (ContainerPlacementPolicyFactory.java:getPolicyInternal(86)) - Create container placement policy of type org.apache.hadoop.hdds.scm.container.placement.algorithms.SCMContainerPlacementRackScatter
2023-06-21 16:52:06,605 [main] INFO  pipeline.PipelineStateManagerImpl (PipelineStateManagerImpl.java:initialize(78)) - No pipeline exists in current db
2023-06-21 16:52:06,620 [main] INFO  algorithms.LeaderChoosePolicyFactory (LeaderChoosePolicyFactory.java:getPolicy(57)) - Create leader choose policy of type org.apache.hadoop.hdds.scm.pipeline.leader.choose.algorithms.MinLeaderCountChoosePolicy
2023-06-21 16:52:06,621 [main] INFO  algorithms.ContainerPlacementPolicyFactory (ContainerPlacementPolicyFactory.java:getPolicyInternal(86)) - Create container placement policy of type org.apache.hadoop.hdds.scm.container.placement.algorithms.SCMContainerPlacementRackScatter
2023-06-21 16:52:06,627 [main] INFO  ha.SCMServiceManager (SCMServiceManager.java:register(42)) - Registering service BackgroundPipelineCreator.
2023-06-21 16:52:06,627 [main] INFO  pipeline.BackgroundPipelineCreator (BackgroundPipelineCreator.java:start(124)) - Starting RatisPipelineUtilsThread.
2023-06-21 16:52:06,631 [main] INFO  BackgroundPipelineScrubber (BackgroundSCMService.java:start(68)) - Starting BackgroundPipelineScrubber Service.
2023-06-21 16:52:06,635 [main] INFO  ha.SCMServiceManager (SCMServiceManager.java:register(42)) - Registering service BackgroundPipelineScrubber.
2023-06-21 16:52:06,643 [main] INFO  ExpiredContainerReplicaOpScrubber (BackgroundSCMService.java:start(68)) - Starting ExpiredContainerReplicaOpScrubber Service.
2023-06-21 16:52:06,643 [main] INFO  ha.SCMServiceManager (SCMServiceManager.java:register(42)) - Registering service ExpiredContainerReplicaOpScrubber.
2023-06-21 16:52:06,692 [main] INFO  algorithms.PipelineChoosePolicyFactory (PipelineChoosePolicyFactory.java:createPipelineChoosePolicyFromClass(73)) - Create pipeline choose policy of type org.apache.hadoop.hdds.scm.pipeline.choose.algorithms.RandomPipelineChoosePolicy
2023-06-21 16:52:06,715 [main] INFO  ha.SCMServiceManager (SCMServiceManager.java:register(42)) - Registering service SCMBlockDeletingService.
2023-06-21 16:52:06,782 [main] INFO  replication.ReplicationManager (ReplicationManager.java:start(286)) - Starting Replication Monitor Thread.
2023-06-21 16:52:06,799 [main] INFO  ha.SCMServiceManager (SCMServiceManager.java:register(42)) - Registering service ReplicationManager.
2023-06-21 16:52:06,803 [ReplicationMonitor] INFO  replication.ReplicationManager (ReplicationManager.java:processAll(361)) - Replication Manager is not ready to run until 3000ms after safemode exit
2023-06-21 16:52:06,815 [main] INFO  safemode.ContainerSafeModeRule (ContainerSafeModeRule.java:<init>(89)) - containers with one replica threshold count 0
2023-06-21 16:52:06,819 [main] INFO  safemode.HealthyPipelineSafeModeRule (HealthyPipelineSafeModeRule.java:initializeRule(169)) - Total pipeline count is 0, healthy pipeline threshold count is 1
2023-06-21 16:52:06,821 [main] INFO  safemode.OneReplicaPipelineSafeModeRule (OneReplicaPipelineSafeModeRule.java:initializeRule(180)) - Total pipeline count is 0, pipeline's with at least one datanode reported threshold count is 0
2023-06-21 16:52:06,878 [main] INFO  server.StorageContainerManager (StorageContainerManager.java:<init>(417)) - SCM start with adminUsers: [runner]
2023-06-21 16:52:07,272 [main] INFO  audit.AuditLogger (AuditLogger.java:refreshDebugCmdSet(126)) - Refresh DebugCmdSet for SCMAudit to [].
2023-06-21 16:52:07,307 [main] INFO  ipc.CallQueueManager (CallQueueManager.java:<init>(90)) - Using callQueue: class java.util.concurrent.LinkedBlockingQueue, queueCapacity: 2000, scheduler: class org.apache.hadoop.ipc.DefaultRpcScheduler, ipcBackoff: false.
2023-06-21 16:52:07,349 [Socket Reader #1 for port 15002] INFO  ipc.Server (Server.java:run(1319)) - Starting Socket Reader #1 for port 15002
2023-06-21 16:52:07,387 [Listener at 0.0.0.0/15002] INFO  hdds.HddsUtils (HddsUtils.java:preserveThreadName(848)) - Restoring thread name: main
2023-06-21 16:52:07,412 [main] INFO  audit.AuditLogger (AuditLogger.java:refreshDebugCmdSet(126)) - Refresh DebugCmdSet for SCMAudit to [].
2023-06-21 16:52:07,418 [main] INFO  ipc.CallQueueManager (CallQueueManager.java:<init>(90)) - Using callQueue: class java.util.concurrent.LinkedBlockingQueue, queueCapacity: 2000, scheduler: class org.apache.hadoop.ipc.DefaultRpcScheduler, ipcBackoff: false.
2023-06-21 16:52:07,418 [Socket Reader #1 for port 15001] INFO  ipc.Server (Server.java:run(1319)) - Starting Socket Reader #1 for port 15001
2023-06-21 16:52:07,424 [Listener at 0.0.0.0/15001] INFO  hdds.HddsUtils (HddsUtils.java:preserveThreadName(848)) - Restoring thread name: main
2023-06-21 16:52:07,464 [main] INFO  audit.AuditLogger (AuditLogger.java:refreshDebugCmdSet(126)) - Refresh DebugCmdSet for SCMAudit to [].
2023-06-21 16:52:07,481 [main] INFO  ipc.CallQueueManager (CallQueueManager.java:<init>(90)) - Using callQueue: class java.util.concurrent.LinkedBlockingQueue, queueCapacity: 2000, scheduler: class org.apache.hadoop.ipc.DefaultRpcScheduler, ipcBackoff: false.
2023-06-21 16:52:07,482 [Socket Reader #1 for port 15000] INFO  ipc.Server (Server.java:run(1319)) - Starting Socket Reader #1 for port 15000
2023-06-21 16:52:07,485 [Listener at 0.0.0.0/15000] INFO  hdds.HddsUtils (HddsUtils.java:preserveThreadName(848)) - Restoring thread name: main
2023-06-21 16:52:07,544 [main] INFO  ha.SCMServiceManager (SCMServiceManager.java:register(42)) - Registering service ContainerBalancer.
2023-06-21 16:52:07,545 [main] INFO  server.StorageContainerManager (StorageContainerManager.java:<init>(430)) - 
Container Balancer status:
Key                            Value
Running                        false
Container Balancer Configuration values:
Key                                                Value
Threshold                                          10
Max Datanodes to Involve per Iteration(percent)    20
Max Size to Move per Iteration                     500GB
Max Size Entering Target per Iteration             26GB
Max Size Leaving Source per Iteration              26GB

2023-06-21 16:52:07,550 [main] INFO  ha.SCMContext (SCMContext.java:updateSafeModeStatus(228)) - Update SafeModeStatus from SafeModeStatus{safeModeStatus=true, preCheckPassed=false} to SafeModeStatus{safeModeStatus=true, preCheckPassed=false}.
2023-06-21 16:52:07,553 [main] INFO  server.StorageContainerManager (StorageContainerManager.java:start(1486)) - StorageContainerLocationProtocol RPC server is listening at /0.0.0.0:15000
2023-06-21 16:52:07,629 [main] WARN  impl.MetricsConfig (MetricsConfig.java:loadFirst(136)) - Cannot locate configuration: tried hadoop-metrics2-storagecontainermanager.properties,hadoop-metrics2.properties
2023-06-21 16:52:07,643 [main] INFO  impl.MetricsSystemImpl (MetricsSystemImpl.java:startTimer(378)) - Scheduled Metric snapshot period at 10 second(s).
2023-06-21 16:52:07,644 [main] INFO  impl.MetricsSystemImpl (MetricsSystemImpl.java:start(191)) - StorageContainerManager metrics system started
2023-06-21 16:52:07,962 [main] INFO  server.SCMClientProtocolServer (SCMClientProtocolServer.java:start(201)) - RPC server for Client  is listening at /0.0.0.0:15000
2023-06-21 16:52:07,963 [IPC Server Responder] INFO  ipc.Server (Server.java:run(1558)) - IPC Server Responder: starting
2023-06-21 16:52:07,978 [main] INFO  server.StorageContainerManager (StorageContainerManager.java:start(1499)) - ScmBlockLocationProtocol RPC server is listening at /0.0.0.0:15001
2023-06-21 16:52:07,979 [main] INFO  server.SCMBlockProtocolServer (SCMBlockProtocolServer.java:start(152)) - RPC server for Block Protocol is listening at /0.0.0.0:15001
2023-06-21 16:52:07,981 [IPC Server Responder] INFO  ipc.Server (Server.java:run(1558)) - IPC Server Responder: starting
2023-06-21 16:52:07,982 [IPC Server listener on 15001] INFO  ipc.Server (Server.java:run(1398)) - IPC Server listener on 15001: starting
2023-06-21 16:52:07,987 [main] INFO  server.SCMDatanodeProtocolServer (SCMDatanodeProtocolServer.java:start(193)) - ScmDatanodeProtocol RPC server for DataNodes is listening at /0.0.0.0:15002
2023-06-21 16:52:08,007 [IPC Server listener on 15000] INFO  ipc.Server (Server.java:run(1398)) - IPC Server listener on 15000: starting
2023-06-21 16:52:08,013 [IPC Server listener on 15002] INFO  ipc.Server (Server.java:run(1398)) - IPC Server listener on 15002: starting
2023-06-21 16:52:08,014 [IPC Server Responder] INFO  ipc.Server (Server.java:run(1558)) - IPC Server Responder: starting
2023-06-21 16:52:08,009 [JvmPauseMonitor0] INFO  util.JvmPauseMonitor (JvmPauseMonitor.java:run(103)) - JvmPauseMonitor-d786f8e8-1d7d-4d20-ba3d-f543d4d6a2c5: Started
2023-06-21 16:52:08,038 [main] INFO  http.BaseHttpServer (BaseHttpServer.java:newHttpServer2BuilderForOzone(224)) - Starting Web-server for scm at: http://0.0.0.0:15003
2023-06-21 16:52:08,038 [main] INFO  http.BaseHttpServer (BaseHttpServer.java:<init>(111)) - Hadoop Security Enabled: false Ozone Security Enabled: false Ozone HTTP Security Enabled: false 
2023-06-21 16:52:08,072 [main] INFO  util.log (Log.java:initialized(170)) - Logging initialized @5184ms to org.eclipse.jetty.util.log.Slf4jLog
2023-06-21 16:52:08,184 [main] WARN  server.AuthenticationFilter (AuthenticationFilter.java:constructSecretProvider(240)) - Unable to initialize FileSignerSecretProvider, falling back to use random secrets. Reason: Could not read signature secret file: /home/runner/hadoop-http-auth-signature-secret
2023-06-21 16:52:08,196 [main] INFO  http.HttpRequestLog (HttpRequestLog.java:getRequestLog(86)) - Http request log for http.requests.scm is not defined
2023-06-21 16:52:08,203 [main] INFO  http.HttpServer2 (HttpServer2.java:addGlobalFilter(1031)) - Added global filter 'safety' (class=org.apache.hadoop.hdds.server.http.HttpServer2$QuotingInputFilter)
2023-06-21 16:52:08,207 [main] INFO  http.HttpServer2 (HttpServer2.java:addFilter(1007)) - Added filter static_user_filter (class=org.apache.hadoop.http.lib.StaticUserWebFilter$StaticUserFilter) to context scm
2023-06-21 16:52:08,207 [main] INFO  http.HttpServer2 (HttpServer2.java:addFilter(1015)) - Added filter static_user_filter (class=org.apache.hadoop.http.lib.StaticUserWebFilter$StaticUserFilter) to context static
2023-06-21 16:52:08,207 [main] INFO  http.HttpServer2 (HttpServer2.java:addFilter(1015)) - Added filter static_user_filter (class=org.apache.hadoop.http.lib.StaticUserWebFilter$StaticUserFilter) to context logs
2023-06-21 16:52:08,251 [main] INFO  http.BaseHttpServer (BaseHttpServer.java:<init>(190)) - HTTP server of scm uses base directory /home/runner/work/ozone/ozone/hadoop-ozone/integration-test/target/test-dir/MiniOzoneClusterImpl-bc117425-4aef-44e4-9aa3-5f74caebda79/ozone-meta/webserver
2023-06-21 16:52:08,252 [main] INFO  http.HttpServer2 (HttpServer2.java:bindListener(1250)) - Jetty bound to port 15003
2023-06-21 16:52:08,253 [main] INFO  server.Server (Server.java:doStart(375)) - jetty-9.4.51.v20230217; built: 2023-02-17T08:19:37.309Z; git: b45c405e4544384de066f814ed42ae3dceacdd49; jvm 1.8.0_372-b07
2023-06-21 16:52:08,291 [main] INFO  server.session (DefaultSessionIdManager.java:doStart(334)) - DefaultSessionIdManager workerName=node0
2023-06-21 16:52:08,291 [main] INFO  server.session (DefaultSessionIdManager.java:doStart(339)) - No SessionScavenger set, using defaults
2023-06-21 16:52:08,293 [main] INFO  server.session (HouseKeeper.java:startScavenging(132)) - node0 Scavenging every 660000ms
2023-06-21 16:52:08,311 [main] INFO  handler.ContextHandler (ContextHandler.java:doStart(921)) - Started o.e.j.s.ServletContextHandler@5a8149f6{logs,/logs,file:///home/runner/work/ozone/ozone/hadoop-ozone/integration-test/target/log,AVAILABLE}
2023-06-21 16:52:08,313 [main] INFO  handler.ContextHandler (ContextHandler.java:doStart(921)) - Started o.e.j.s.ServletContextHandler@3f0c2eff{static,/static,file:///home/runner/work/ozone/ozone/hadoop-ozone/integration-test/target/test-classes/webapps/static,AVAILABLE}
2023-06-21 16:52:08,375 [main] INFO  handler.ContextHandler (ContextHandler.java:doStart(921)) - Started o.e.j.w.WebAppContext@7f93fce1{scm,/,file:///home/runner/work/ozone/ozone/hadoop-ozone/integration-test/target/test-classes/webapps/scm/,AVAILABLE}{file:/home/runner/work/ozone/ozone/hadoop-ozone/integration-test/target/test-classes/webapps/scm}
2023-06-21 16:52:08,386 [main] INFO  server.AbstractConnector (AbstractConnector.java:doStart(333)) - Started ServerConnector@104e6540{HTTP/1.1, (http/1.1)}{0.0.0.0:15003}
2023-06-21 16:52:08,387 [main] INFO  server.Server (Server.java:doStart(415)) - Started @5499ms
2023-06-21 16:52:08,391 [main] INFO  impl.MetricsSinkAdapter (MetricsSinkAdapter.java:start(204)) - Sink prometheus started
2023-06-21 16:52:08,391 [main] INFO  impl.MetricsSystemImpl (MetricsSystemImpl.java:registerSink(305)) - Registered sink prometheus
2023-06-21 16:52:08,393 [main] INFO  http.BaseHttpServer (BaseHttpServer.java:updateConnectorAddress(344)) - HTTP server of scm listening at http://0.0.0.0:15003
2023-06-21 16:52:08,399 [main] WARN  server.ServerUtils (ServerUtils.java:getDBPath(311)) - ozone.om.db.dirs is not configured. We recommend adding this setting. Falling back to ozone.metadata.dirs instead.
2023-06-21 16:52:08,476 [main] INFO  audit.AuditLogger (AuditLogger.java:refreshDebugCmdSet(126)) - Refresh DebugCmdSet for OMAudit to [].
2023-06-21 16:52:08,577 [main] INFO  ha.OMHANodeDetails (OMHANodeDetails.java:loadOMHAConfig(115)) - ozone.om.internal.service.id is not defined, falling back to ozone.om.service.ids to find serviceID for OzoneManager if it is HA enabled cluster
2023-06-21 16:52:08,585 [main] INFO  ha.OMHANodeDetails (OMHANodeDetails.java:loadOMHAConfig(226)) - Configuration does not have ozone.om.address set. Falling back to the default OM address /127.0.0.1:15004
2023-06-21 16:52:08,586 [main] INFO  ha.OMHANodeDetails (OMHANodeDetails.java:getOMNodeDetailsForNonHA(254)) - OM Service ID is not set. Setting it to the default ID: omServiceIdDefault
2023-06-21 16:52:08,586 [main] INFO  ha.OMHANodeDetails (OMHANodeDetails.java:getOMNodeDetailsForNonHA(261)) - OM Node ID is not set. Setting it to the default ID: om1
2023-06-21 16:52:08,594 [main] WARN  server.ServerUtils (ServerUtils.java:getDBPath(311)) - ozone.om.db.dirs is not configured. We recommend adding this setting. Falling back to ozone.metadata.dirs instead.
2023-06-21 16:52:08,600 [main] INFO  upgrade.AbstractLayoutVersionManager (AbstractLayoutVersionManager.java:init(83)) - Initializing Layout version manager with metadata layout = QUOTA (version = 6), software layout = QUOTA (version = 6)
2023-06-21 16:52:08,728 [main] INFO  reflections.Reflections (Reflections.java:scan(232)) - Reflections took 124 ms to scan 2 urls, producing 181 keys and 502 values [using 2 cores]
2023-06-21 16:52:08,739 [main] INFO  upgrade.OMLayoutVersionManager (OMLayoutVersionManager.java:lambda$0(115)) - Skipping Upgrade Action QuotaRepairUpgradeAction since it has been finalized.
2023-06-21 16:52:08,743 [main] INFO  upgrade.OMLayoutVersionManager (OMLayoutVersionManager.java:lambda$0(115)) - Skipping Upgrade Action MockOmUpgradeAction since it has been finalized.
2023-06-21 16:52:08,746 [main] WARN  server.ServerUtils (ServerUtils.java:getDBPath(311)) - ozone.om.db.dirs is not configured. We recommend adding this setting. Falling back to ozone.metadata.dirs instead.
2023-06-21 16:52:08,978 [main] INFO  proxy.SCMBlockLocationFailoverProxyProvider (SCMBlockLocationFailoverProxyProvider.java:<init>(114)) - Created block location fail-over proxy with 1 nodes: [nodeId=scmNodeId,nodeAddress=/0.0.0.0:15001]
2023-06-21 16:52:09,017 [main] INFO  proxy.SCMBlockLocationFailoverProxyProvider (SCMBlockLocationFailoverProxyProvider.java:<init>(114)) - Created block location fail-over proxy with 1 nodes: [nodeId=scmNodeId,nodeAddress=/0.0.0.0:15001]
2023-06-21 16:52:09,288 [main] INFO  om.OzoneManager (OzoneManager.java:<init>(644)) - OM start with adminUsers: [runner]
2023-06-21 16:52:09,306 [main] WARN  server.ServerUtils (ServerUtils.java:getDBPath(311)) - ozone.om.db.dirs is not configured. We recommend adding this setting. Falling back to ozone.metadata.dirs instead.
2023-06-21 16:52:09,340 [main] INFO  helpers.OmKeyInfo (OmKeyInfo.java:getCodec(71)) - OmKeyInfo.getCodec ignorePipeline = true
2023-06-21 16:52:09,694 [main] INFO  om.OzoneManager (OzoneManager.java:instantiateServices(773)) - S3 Multi-Tenancy is disabled
2023-06-21 16:52:09,732 [main] INFO  om.OmSnapshotManager (OmSnapshotManager.java:<init>(170)) - Ozone filesystem snapshot feature is enabled.
2023-06-21 16:52:09,741 [main] WARN  server.ServerUtils (ServerUtils.java:getDBPath(311)) - ozone.om.snapshot.diff.db.dir is not configured. We recommend adding this setting. Falling back to ozone.metadata.dirs instead.
2023-06-21 16:52:09,789 [main] INFO  utils.NativeLibraryLoader (NativeLibraryLoader.java:loadLibrary(105)) - Loading Library: ozone_rocksdb_tools
2023-06-21 16:52:09,791 [main] INFO  snapshot.SnapshotDiffManager (SnapshotDiffManager.java:closeExecutorService(1384)) - Shutting down executorService: 'SstDumpToolExecutor'
2023-06-21 16:52:09,877 [main] INFO  om.OzoneManager (OzoneManager.java:addS3GVolumeToDB(4237)) - Created Volume s3v With Owner runner required for S3Gateway operations.
2023-06-21 16:52:09,970 [main] WARN  server.ServerUtils (ServerUtils.java:getDefaultRatisDirectory(323)) - Storage directory for Ratis is not configured. It is a good idea to map this to an SSD disk. Falling back to ozone.metadata.dirs
2023-06-21 16:52:09,971 [main] WARN  utils.OzoneManagerRatisUtils (OzoneManagerRatisUtils.java:getOMRatisSnapshotDirectory(461)) - ozone.om.ratis.snapshot.dir is not configured. Falling back to ozone.metadata.dirs config
2023-06-21 16:52:09,989 [main] WARN  server.ServerUtils (ServerUtils.java:getDefaultRatisDirectory(323)) - Storage directory for Ratis is not configured. It is a good idea to map this to an SSD disk. Falling back to ozone.metadata.dirs
2023-06-21 16:52:10,025 [main] INFO  ratis.OzoneManagerRatisServer (OzoneManagerRatisServer.java:<init>(163)) - Instantiating OM Ratis server with groupID: omServiceIdDefault and peers: localhost:15007
2023-06-21 16:52:10,037 [main] INFO  ratis.OzoneManagerStateMachine (OzoneManagerStateMachine.java:loadSnapshotInfoFromDB(670)) - LastAppliedIndex is set from TransactionInfo from OM DB as (t:0, i:~)
2023-06-21 16:52:10,116 [main] INFO  server.RaftServer (ConfUtils.java:logGet(46)) - raft.rpc.type = GRPC (default)
2023-06-21 16:52:10,126 [main] INFO  grpc.GrpcConfigKeys (ConfUtils.java:logFallback(53)) - raft.grpc.admin.host = null (fallback to raft.grpc.server.host)
2023-06-21 16:52:10,128 [main] INFO  grpc.GrpcConfigKeys (ConfUtils.java:logFallback(53)) - raft.grpc.admin.port = 15007 (fallback to raft.grpc.server.port)
2023-06-21 16:52:10,128 [main] INFO  grpc.GrpcConfigKeys (ConfUtils.java:logFallback(53)) - raft.grpc.client.host = null (fallback to raft.grpc.server.host)
2023-06-21 16:52:10,130 [main] INFO  grpc.GrpcConfigKeys (ConfUtils.java:logFallback(53)) - raft.grpc.client.port = 15007 (fallback to raft.grpc.server.port)
2023-06-21 16:52:10,131 [main] INFO  grpc.GrpcConfigKeys (ConfUtils.java:logGet(46)) - raft.grpc.server.host = null (default)
2023-06-21 16:52:10,131 [main] INFO  grpc.GrpcConfigKeys (ConfUtils.java:logGet(46)) - raft.grpc.server.port = 15007 (custom)
2023-06-21 16:52:10,133 [main] INFO  server.GrpcService (ConfUtils.java:logGet(46)) - raft.grpc.message.size.max = 33554432 (custom)
2023-06-21 16:52:10,135 [main] INFO  server.RaftServerConfigKeys (ConfUtils.java:logGet(46)) - raft.server.log.appender.buffer.byte-limit = 33554432 (custom)
2023-06-21 16:52:10,136 [main] INFO  server.GrpcService (ConfUtils.java:logGet(46)) - raft.grpc.flow.control.window = 1MB (=1048576) (default)
2023-06-21 16:52:10,138 [main] INFO  server.RaftServerConfigKeys (ConfUtils.java:logGet(46)) - raft.server.rpc.request.timeout = 3000ms (default)
2023-06-21 16:52:10,153 [main] INFO  grpc.GrpcConfigKeys (ConfUtils.java:logGet(46)) - raft.grpc.server.heartbeat.channel = true (default)
2023-06-21 16:52:10,157 [main] INFO  grpc.GrpcConfigKeys (ConfUtils.java:logGet(46)) - raft.grpc.server.async.request.thread.pool.cached = true (default)
2023-06-21 16:52:10,159 [main] INFO  grpc.GrpcConfigKeys (ConfUtils.java:logGet(46)) - raft.grpc.server.async.request.thread.pool.size = 32 (default)
2023-06-21 16:52:10,411 [main] INFO  impl.DataStreamServerImpl (ConfUtils.java:logGet(46)) - raft.datastream.type = DISABLED (default)
2023-06-21 16:52:10,414 [main] INFO  server.RaftServerConfigKeys (ConfUtils.java:logGet(46)) - raft.server.threadpool.proxy.cached = true (default)
2023-06-21 16:52:10,415 [main] INFO  server.RaftServerConfigKeys (ConfUtils.java:logGet(46)) - raft.server.threadpool.proxy.size = 0 (default)
2023-06-21 16:52:10,416 [main] INFO  server.RaftServerConfigKeys (ConfUtils.java:logGet(46)) - raft.server.rpc.slowness.timeout = 120s (custom)
2023-06-21 16:52:10,416 [main] INFO  server.RaftServerConfigKeys (ConfUtils.java:logGet(46)) - raft.server.leaderelection.leader.step-down.wait-time = 10s (default)
2023-06-21 16:52:10,421 [main] INFO  server.RaftServerConfigKeys (ConfUtils.java:logGet(46)) - raft.server.storage.dir = [/home/runner/work/ozone/ozone/hadoop-ozone/integration-test/target/test-dir/MiniOzoneClusterImpl-bc117425-4aef-44e4-9aa3-5f74caebda79/ozone-meta/ratis] (custom)
2023-06-21 16:52:10,435 [main] INFO  server.RaftServer (RaftServerProxy.java:addNew(98)) - om1: addNew group-C5BA1605619E:[om1|rpc:localhost:15007|priority:0|startupRole:FOLLOWER] returns group-C5BA1605619E:java.util.concurrent.CompletableFuture@51421b7d[Not completed]
2023-06-21 16:52:10,435 [main] INFO  om.OzoneManager (OzoneManager.java:initializeRatisServer(2106)) - OzoneManager Ratis server initialized at port 15007
2023-06-21 16:52:10,438 [main] INFO  om.OzoneManager (OzoneManager.java:getRpcServer(1166)) - Creating RPC Server
2023-06-21 16:52:10,467 [om1-groupManagement] INFO  server.RaftServer$Division (RaftServerImpl.java:<init>(198)) - om1: new RaftServerImpl for group-C5BA1605619E:[om1|rpc:localhost:15007|priority:0|startupRole:FOLLOWER] with OzoneManagerStateMachine:uninitialized
2023-06-21 16:52:10,480 [om1-groupManagement] INFO  server.RaftServerConfigKeys (ConfUtils.java:logGet(46)) - raft.server.rpc.timeout.min = 1s (custom)
2023-06-21 16:52:10,481 [om1-groupManagement] INFO  server.RaftServerConfigKeys (ConfUtils.java:logGet(46)) - raft.server.rpc.timeout.max = 1200ms (custom)
2023-06-21 16:52:10,482 [om1-groupManagement] INFO  server.RaftServerConfigKeys (ConfUtils.java:logGet(46)) - raft.server.rpc.sleep.time = 25ms (default)
2023-06-21 16:52:10,482 [om1-groupManagement] INFO  server.RaftServerConfigKeys (ConfUtils.java:logGet(46)) - raft.server.rpc.slowness.timeout = 120s (custom)
2023-06-21 16:52:10,482 [om1-groupManagement] INFO  server.RaftServerConfigKeys (ConfUtils.java:logGet(46)) - raft.server.leaderelection.leader.step-down.wait-time = 10s (default)
2023-06-21 16:52:10,482 [om1-groupManagement] INFO  server.RaftServerConfigKeys (ConfUtils.java:logGet(46)) - raft.server.sleep.deviation.threshold = 300ms (default)
2023-06-21 16:52:10,501 [om1-groupManagement] INFO  server.RaftServer$Division (ServerState.java:<init>(120)) - om1@group-C5BA1605619E: ConfigurationManager, init=-1: peers:[om1|rpc:localhost:15007|priority:0|startupRole:FOLLOWER]|listeners:[], old=null, confs=<EMPTY_MAP>
2023-06-21 16:52:10,501 [om1-groupManagement] INFO  server.RaftServerConfigKeys (ConfUtils.java:logGet(46)) - raft.server.storage.dir = [/home/runner/work/ozone/ozone/hadoop-ozone/integration-test/target/test-dir/MiniOzoneClusterImpl-bc117425-4aef-44e4-9aa3-5f74caebda79/ozone-meta/ratis] (custom)
2023-06-21 16:52:10,511 [om1-groupManagement] INFO  server.RaftServerConfigKeys (ConfUtils.java:logGet(46)) - raft.server.log.corruption.policy = EXCEPTION (default)
2023-06-21 16:52:10,511 [om1-groupManagement] INFO  server.RaftServerConfigKeys (ConfUtils.java:logGet(46)) - raft.server.storage.free-space.min = 0MB (=0) (default)
2023-06-21 16:52:10,707 [JvmPauseMonitor0] WARN  util.JvmPauseMonitor (JvmPauseMonitor.java:detectPause(124)) - JvmPauseMonitor-d786f8e8-1d7d-4d20-ba3d-f543d4d6a2c5: Detected pause in JVM or host machine approximately 0.174s with 0.174s GC time.
GC pool 'PS MarkSweep' had collection(s): count=1 time=158ms
GC pool 'PS Scavenge' had collection(s): count=1 time=16ms
2023-06-21 16:52:10,714 [om1-groupManagement] INFO  server.RaftServerConfigKeys (ConfUtils.java:logGet(46)) - raft.server.notification.no-leader.timeout = 120s (custom)
2023-06-21 16:52:10,722 [om1-groupManagement] INFO  server.RaftServerConfigKeys (ConfUtils.java:logGet(46)) - raft.server.read.timeout = 10s (default)
2023-06-21 16:52:10,730 [om1-groupManagement] INFO  server.RaftServerConfigKeys (ConfUtils.java:logGet(46)) - raft.server.retrycache.expirytime = 300s (custom)
2023-06-21 16:52:10,731 [om1-groupManagement] INFO  server.RaftServerConfigKeys (ConfUtils.java:logGet(46)) - raft.server.retrycache.statistics.expirytime = 100μs (default)
2023-06-21 16:52:10,788 [om1-groupManagement] INFO  server.RaftServerConfigKeys (ConfUtils.java:logGet(46)) - raft.server.read.option = DEFAULT (default)
2023-06-21 16:52:10,838 [om1-groupManagement] INFO  server.RaftServerConfigKeys (ConfUtils.java:logGet(46)) - raft.server.rpc.request.timeout = 3000ms (default)
2023-06-21 16:52:10,841 [om1-groupManagement] INFO  server.RaftServerConfigKeys (ConfUtils.java:logGet(46)) - raft.server.log.appender.install.snapshot.enabled = false (custom)
2023-06-21 16:52:10,842 [om1-groupManagement] INFO  server.RaftServerConfigKeys (ConfUtils.java:logGet(46)) - raft.server.threadpool.server.cached = true (default)
2023-06-21 16:52:10,842 [om1-groupManagement] INFO  server.RaftServerConfigKeys (ConfUtils.java:logGet(46)) - raft.server.threadpool.server.size = 0 (default)
2023-06-21 16:52:10,842 [om1-groupManagement] INFO  server.RaftServerConfigKeys (ConfUtils.java:logGet(46)) - raft.server.threadpool.client.cached = true (default)
2023-06-21 16:52:10,851 [om1-groupManagement] INFO  server.RaftServerConfigKeys (ConfUtils.java:logGet(46)) - raft.server.threadpool.client.size = 0 (default)
2023-06-21 16:52:11,670 [main] INFO  reflections.Reflections (Reflections.java:scan(232)) - Reflections took 939 ms to scan 19 urls, producing 69 keys and 5389 values [using 2 cores]
2023-06-21 16:52:11,869 [main] INFO  ipc.CallQueueManager (CallQueueManager.java:<init>(90)) - Using callQueue: class java.util.concurrent.LinkedBlockingQueue, queueCapacity: 2000, scheduler: class org.apache.hadoop.ipc.DefaultRpcScheduler, ipcBackoff: false.
2023-06-21 16:52:11,869 [Socket Reader #1 for port 15004] INFO  ipc.Server (Server.java:run(1319)) - Starting Socket Reader #1 for port 15004
2023-06-21 16:52:11,876 [Listener at 127.0.0.1/15004] INFO  hdds.HddsUtils (HddsUtils.java:preserveThreadName(848)) - Restoring thread name: main
2023-06-21 16:52:11,907 [main] INFO  impl.MetricsSystemImpl (MetricsSystemImpl.java:init(158)) - OzoneManager metrics system started (again)
2023-06-21 16:52:11,922 [main] INFO  om.OzoneManager (OzoneManager.java:start(1588)) - OzoneManager RPC server is listening at localhost/127.0.0.1:15004
2023-06-21 16:52:11,922 [main] INFO  ratis.OzoneManagerRatisServer (OzoneManagerRatisServer.java:start(558)) - Starting OzoneManagerRatisServer om1 at port 15007
2023-06-21 16:52:11,925 [om1-impl-thread1] INFO  storage.RaftStorageDirectory (RaftStorageDirectoryImpl.java:analyzeStorage(137)) - The storage directory /home/runner/work/ozone/ozone/hadoop-ozone/integration-test/target/test-dir/MiniOzoneClusterImpl-bc117425-4aef-44e4-9aa3-5f74caebda79/ozone-meta/ratis/bf265839-605b-3f16-9796-c5ba1605619e does not exist. Creating ...
2023-06-21 16:52:11,930 [om1-impl-thread1] INFO  storage.RaftStorageDirectory (RaftStorageDirectoryImpl.java:tryLock(231)) - Lock on /home/runner/work/ozone/ozone/hadoop-ozone/integration-test/target/test-dir/MiniOzoneClusterImpl-bc117425-4aef-44e4-9aa3-5f74caebda79/ozone-meta/ratis/bf265839-605b-3f16-9796-c5ba1605619e/in_use.lock acquired by nodename 103413@fv-az624-409
2023-06-21 16:52:11,936 [om1-impl-thread1] INFO  storage.RaftStorage (RaftStorageImpl.java:format(96)) - Storage directory /home/runner/work/ozone/ozone/hadoop-ozone/integration-test/target/test-dir/MiniOzoneClusterImpl-bc117425-4aef-44e4-9aa3-5f74caebda79/ozone-meta/ratis/bf265839-605b-3f16-9796-c5ba1605619e has been successfully formatted.
2023-06-21 16:52:11,939 [om1-impl-thread1] INFO  server.RaftServerConfigKeys (ConfUtils.java:logGet(46)) - raft.server.log.use.memory = false (default)
2023-06-21 16:52:11,947 [om1-impl-thread1] INFO  server.RaftServerConfigKeys (ConfUtils.java:logGet(46)) - raft.server.log.purge.gap = 1000000 (custom)
2023-06-21 16:52:11,949 [om1-impl-thread1] INFO  server.RaftServerConfigKeys (ConfUtils.java:logGet(46)) - raft.server.log.appender.buffer.byte-limit = 33554432 (custom)
2023-06-21 16:52:11,951 [om1-impl-thread1] INFO  server.RaftServerConfigKeys (ConfUtils.java:logGet(46)) - raft.server.log.statemachine.data.read.timeout = 1000ms (default)
2023-06-21 16:52:11,952 [om1-impl-thread1] INFO  server.RaftServerConfigKeys (ConfUtils.java:logGet(46)) - raft.server.log.purge.preservation.log.num = 0 (default)
2023-06-21 16:52:11,954 [om1-impl-thread1] INFO  server.RaftServerConfigKeys (ConfUtils.java:logGet(46)) - raft.server.log.segment.size.max = 4194304 (custom)
2023-06-21 16:52:11,962 [om1-impl-thread1] INFO  server.RaftServerConfigKeys (ConfUtils.java:logGet(46)) - raft.server.log.segment.cache.num.max = 2 (custom)
2023-06-21 16:52:11,962 [om1-impl-thread1] INFO  server.RaftServerConfigKeys (ConfUtils.java:logGet(46)) - raft.server.log.segment.cache.size.max = 200MB (=209715200) (default)
2023-06-21 16:52:11,963 [om1-impl-thread1] INFO  server.RaftServerConfigKeys (ConfUtils.java:logGet(46)) - raft.server.log.appender.buffer.byte-limit = 33554432 (custom)
2023-06-21 16:52:11,969 [om1-impl-thread1] INFO  segmented.SegmentedRaftLogWorker (SegmentedRaftLogWorker.java:<init>(188)) - new om1@group-C5BA1605619E-SegmentedRaftLogWorker for RaftStorageImpl:Storage Directory /home/runner/work/ozone/ozone/hadoop-ozone/integration-test/target/test-dir/MiniOzoneClusterImpl-bc117425-4aef-44e4-9aa3-5f74caebda79/ozone-meta/ratis/bf265839-605b-3f16-9796-c5ba1605619e
2023-06-21 16:52:11,969 [om1-impl-thread1] INFO  server.RaftServerConfigKeys (ConfUtils.java:logGet(46)) - raft.server.log.queue.byte-limit = 64MB (=67108864) (default)
2023-06-21 16:52:11,969 [om1-impl-thread1] INFO  server.RaftServerConfigKeys (ConfUtils.java:logGet(46)) - raft.server.log.queue.element-limit = 4096 (default)
2023-06-21 16:52:11,970 [om1-impl-thread1] INFO  server.RaftServerConfigKeys (ConfUtils.java:logGet(46)) - raft.server.log.segment.size.max = 4194304 (custom)
2023-06-21 16:52:11,971 [om1-impl-thread1] INFO  server.RaftServerConfigKeys (ConfUtils.java:logGet(46)) - raft.server.log.preallocated.size = 4194304 (custom)
2023-06-21 16:52:11,971 [om1-impl-thread1] INFO  server.RaftServerConfigKeys (ConfUtils.java:logGet(46)) - raft.server.log.force.sync.num = 128 (default)
2023-06-21 16:52:11,972 [om1-impl-thread1] INFO  server.RaftServerConfigKeys (ConfUtils.java:logGet(46)) - raft.server.log.statemachine.data.sync = true (default)
2023-06-21 16:52:11,972 [om1-impl-thread1] INFO  server.RaftServerConfigKeys (ConfUtils.java:logGet(46)) - raft.server.log.statemachine.data.sync.timeout = 10s (default)
2023-06-21 16:52:11,972 [om1-impl-thread1] INFO  server.RaftServerConfigKeys (ConfUtils.java:logGet(46)) - raft.server.log.statemachine.data.sync.timeout.retry = -1 (default)
2023-06-21 16:52:11,981 [om1-impl-thread1] INFO  server.RaftServerConfigKeys (ConfUtils.java:logGet(46)) - raft.server.log.write.buffer.size = 64KB (=65536) (default)
2023-06-21 16:52:11,981 [om1-impl-thread1] INFO  server.RaftServerConfigKeys (ConfUtils.java:logGet(46)) - raft.server.log.appender.buffer.byte-limit = 33554432 (custom)
2023-06-21 16:52:11,987 [om1-impl-thread1] INFO  server.RaftServerConfigKeys (ConfUtils.java:logGet(46)) - raft.server.log.unsafe-flush.enabled = false (default)
2023-06-21 16:52:11,987 [om1-impl-thread1] INFO  server.RaftServerConfigKeys (ConfUtils.java:logGet(46)) - raft.server.log.async-flush.enabled = false (default)
2023-06-21 16:52:11,987 [om1-impl-thread1] INFO  server.RaftServerConfigKeys (ConfUtils.java:logGet(46)) - raft.server.log.statemachine.data.caching.enabled = false (default)
2023-06-21 16:52:11,994 [om1-impl-thread1] INFO  segmented.SegmentedRaftLogWorker (SegmentedRaftLogWorker.java:lambda$new$0(135)) - om1@group-C5BA1605619E-SegmentedRaftLogWorker: flushIndex: setUnconditionally 0 -> -1
2023-06-21 16:52:11,994 [om1-impl-thread1] INFO  segmented.SegmentedRaftLogWorker (SegmentedRaftLogWorker.java:lambda$new$0(135)) - om1@group-C5BA1605619E-SegmentedRaftLogWorker: safeCacheEvictIndex: setUnconditionally 0 -> -1
2023-06-21 16:52:11,996 [om1-impl-thread1] INFO  server.RaftServer$Division (RaftServerImpl.java:start(342)) - om1@group-C5BA1605619E: start as a follower, conf=-1: peers:[om1|rpc:localhost:15007|priority:0|startupRole:FOLLOWER]|listeners:[], old=null
2023-06-21 16:52:11,997 [om1-impl-thread1] INFO  server.RaftServer$Division (RaftServerImpl.java:setRole(329)) - om1@group-C5BA1605619E: changes role from      null to FOLLOWER at term 0 for startAsFollower
2023-06-21 16:52:11,998 [om1-impl-thread1] INFO  impl.RoleInfo (RoleInfo.java:updateAndGet(139)) - om1: start om1@group-C5BA1605619E-FollowerState
2023-06-21 16:52:12,004 [om1-impl-thread1] INFO  util.JmxRegister (JmxRegister.java:tryRegister(44)) - Successfully registered JMX Bean with object name Ratis:service=RaftServer,group=group-C5BA1605619E,id=om1
2023-06-21 16:52:12,006 [om1-impl-thread1] INFO  server.RaftServerConfigKeys (ConfUtils.java:logGet(46)) - raft.server.snapshot.auto.trigger.enabled = true (custom)
2023-06-21 16:52:12,007 [om1-impl-thread1] INFO  server.RaftServerConfigKeys (ConfUtils.java:logGet(46)) - raft.server.snapshot.auto.trigger.threshold = 400000 (default)
2023-06-21 16:52:12,007 [om1-impl-thread1] INFO  server.RaftServerConfigKeys (ConfUtils.java:logGet(46)) - raft.server.snapshot.retention.file.num = -1 (default)
2023-06-21 16:52:12,008 [om1-impl-thread1] INFO  server.RaftServerConfigKeys (ConfUtils.java:logGet(46)) - raft.server.log.purge.upto.snapshot.index = true (custom)
2023-06-21 16:52:12,012 [om1@group-C5BA1605619E-FollowerState] INFO  server.RaftServerConfigKeys (ConfUtils.java:logFallback(53)) - raft.server.rpc.first-election.timeout.min = 1s (fallback to raft.server.rpc.timeout.min)
2023-06-21 16:52:12,012 [om1@group-C5BA1605619E-FollowerState] INFO  server.RaftServerConfigKeys (ConfUtils.java:logFallback(53)) - raft.server.rpc.first-election.timeout.max = 1200ms (fallback to raft.server.rpc.timeout.max)
2023-06-21 16:52:12,014 [main] INFO  server.RaftServer (RaftServerProxy.java:startImpl(400)) - om1: start RPC server
2023-06-21 16:52:12,068 [main] INFO  server.GrpcService (GrpcService.java:startImpl(302)) - om1: GrpcService started, listening on 15007
2023-06-21 16:52:12,069 [JvmPauseMonitor1] INFO  util.JvmPauseMonitor (JvmPauseMonitor.java:run(103)) - JvmPauseMonitor-om1: Started
2023-06-21 16:52:12,070 [main] INFO  om.OzoneManager (OzoneManager.java:start(1604)) - Version File has different layout version (6) than OM DB (null). That is expected if this OM has never been finalized to a newer layout version.
2023-06-21 16:52:12,096 [main] INFO  http.BaseHttpServer (BaseHttpServer.java:newHttpServer2BuilderForOzone(224)) - Starting Web-server for ozoneManager at: http://0.0.0.0:15005
2023-06-21 16:52:12,096 [main] INFO  http.BaseHttpServer (BaseHttpServer.java:<init>(111)) - Hadoop Security Enabled: false Ozone Security Enabled: false Ozone HTTP Security Enabled: false 
2023-06-21 16:52:12,098 [main] WARN  server.AuthenticationFilter (AuthenticationFilter.java:constructSecretProvider(240)) - Unable to initialize FileSignerSecretProvider, falling back to use random secrets. Reason: Could not read signature secret file: /home/runner/hadoop-http-auth-signature-secret
2023-06-21 16:52:12,105 [main] INFO  http.HttpRequestLog (HttpRequestLog.java:getRequestLog(86)) - Http request log for http.requests.ozoneManager is not defined
2023-06-21 16:52:12,109 [main] INFO  http.HttpServer2 (HttpServer2.java:addGlobalFilter(1031)) - Added global filter 'safety' (class=org.apache.hadoop.hdds.server.http.HttpServer2$QuotingInputFilter)
2023-06-21 16:52:12,110 [main] INFO  http.HttpServer2 (HttpServer2.java:addFilter(1007)) - Added filter static_user_filter (class=org.apache.hadoop.http.lib.StaticUserWebFilter$StaticUserFilter) to context ozoneManager
2023-06-21 16:52:12,110 [main] INFO  http.HttpServer2 (HttpServer2.java:addFilter(1015)) - Added filter static_user_filter (class=org.apache.hadoop.http.lib.StaticUserWebFilter$StaticUserFilter) to context static
2023-06-21 16:52:12,110 [main] INFO  http.HttpServer2 (HttpServer2.java:addFilter(1015)) - Added filter static_user_filter (class=org.apache.hadoop.http.lib.StaticUserWebFilter$StaticUserFilter) to context logs
2023-06-21 16:52:12,112 [main] INFO  http.BaseHttpServer (BaseHttpServer.java:<init>(190)) - HTTP server of ozoneManager uses base directory /home/runner/work/ozone/ozone/hadoop-ozone/integration-test/target/test-dir/MiniOzoneClusterImpl-bc117425-4aef-44e4-9aa3-5f74caebda79/ozone-meta/webserver
2023-06-21 16:52:12,117 [main] INFO  http.HttpServer2 (HttpServer2.java:bindListener(1250)) - Jetty bound to port 15005
2023-06-21 16:52:12,117 [main] INFO  server.Server (Server.java:doStart(375)) - jetty-9.4.51.v20230217; built: 2023-02-17T08:19:37.309Z; git: b45c405e4544384de066f814ed42ae3dceacdd49; jvm 1.8.0_372-b07
2023-06-21 16:52:12,128 [main] INFO  server.session (DefaultSessionIdManager.java:doStart(334)) - DefaultSessionIdManager workerName=node0
2023-06-21 16:52:12,129 [main] INFO  server.session (DefaultSessionIdManager.java:doStart(339)) - No SessionScavenger set, using defaults
2023-06-21 16:52:12,129 [main] INFO  server.session (HouseKeeper.java:startScavenging(132)) - node0 Scavenging every 600000ms
2023-06-21 16:52:12,130 [main] INFO  handler.ContextHandler (ContextHandler.java:doStart(921)) - Started o.e.j.s.ServletContextHandler@7b69204f{logs,/logs,file:///home/runner/work/ozone/ozone/hadoop-ozone/integration-test/target/log,AVAILABLE}
2023-06-21 16:52:12,131 [main] INFO  handler.ContextHandler (ContextHandler.java:doStart(921)) - Started o.e.j.s.ServletContextHandler@6b19f4b8{static,/static,file:///home/runner/work/ozone/ozone/hadoop-ozone/integration-test/target/test-classes/webapps/static,AVAILABLE}
2023-06-21 16:52:12,135 [main] INFO  handler.ContextHandler (ContextHandler.java:doStart(921)) - Started o.e.j.w.WebAppContext@480284c3{ozoneManager,/,file:///home/runner/work/ozone/ozone/hadoop-ozone/integration-test/target/test-classes/webapps/ozoneManager/,AVAILABLE}{file:/home/runner/work/ozone/ozone/hadoop-ozone/integration-test/target/test-classes/webapps/ozoneManager}
2023-06-21 16:52:12,137 [main] INFO  server.AbstractConnector (AbstractConnector.java:doStart(333)) - Started ServerConnector@15aa7d97{HTTP/1.1, (http/1.1)}{0.0.0.0:15005}
2023-06-21 16:52:12,138 [main] INFO  server.Server (Server.java:doStart(415)) - Started @9250ms
2023-06-21 16:52:12,138 [main] WARN  impl.MetricsSystemImpl (MetricsSystemImpl.java:register(279)) - Sink prometheus already exists!
2023-06-21 16:52:12,138 [main] INFO  http.BaseHttpServer (BaseHttpServer.java:updateConnectorAddress(344)) - HTTP server of ozoneManager listening at http://0.0.0.0:15005
2023-06-21 16:52:12,140 [IPC Server Responder] INFO  ipc.Server (Server.java:run(1558)) - IPC Server Responder: starting
2023-06-21 16:52:12,145 [IPC Server listener on 15004] INFO  ipc.Server (Server.java:run(1398)) - IPC Server listener on 15004: starting
2023-06-21 16:52:12,165 [main] INFO  om.OzoneManager (OzoneManager.java:startTrashEmptier(2059)) - Trash Interval set to 0. Files deleted won't move to trash
2023-06-21 16:52:12,340 [main] WARN  impl.MetricRegistriesImpl (MetricRegistriesImpl.java:addReporterRegistration(111)) - New reporters are added after registries were created. Some metrics will be missing from the reporter. Please add reporter before adding any new registry.
2023-06-21 16:52:12,341 [main] WARN  impl.MetricRegistriesImpl (MetricRegistriesImpl.java:addReporterRegistration(111)) - New reporters are added after registries were created. Some metrics will be missing from the reporter. Please add reporter before adding any new registry.
2023-06-21 16:52:12,341 [main] INFO  impl.MetricsSystemImpl (MetricsSystemImpl.java:init(158)) - HddsDatanode metrics system started (again)
2023-06-21 16:52:12,364 [main] INFO  ozone.HddsDatanodeService (HddsDatanodeService.java:start(262)) - HddsDatanodeService host:fv-az624-409 ip:10.1.0.51
2023-06-21 16:52:12,403 [main] INFO  upgrade.AbstractLayoutVersionManager (AbstractLayoutVersionManager.java:init(83)) - Initializing Layout version manager with metadata layout = HADOOP_PRC_PORTS_IN_DATANODEDETAILS (version = 7), software layout = HADOOP_PRC_PORTS_IN_DATANODEDETAILS (version = 7)
2023-06-21 16:52:12,406 [main] INFO  statemachine.DatanodeStateMachine (DatanodeStateMachine.java:getEndPointTaskThreadPoolSize(279)) - Datanode State Machine Task Thread Pool size 2
2023-06-21 16:52:12,476 [main] INFO  volume.HddsVolume (HddsVolume.java:<init>(130)) - Creating HddsVolume: /home/runner/work/ozone/ozone/hadoop-ozone/integration-test/target/test-dir/MiniOzoneClusterImpl-bc117425-4aef-44e4-9aa3-5f74caebda79/datanode-0/data-0/containers/hdds of storage type : DISK capacity : 9223372036854775807
2023-06-21 16:52:12,479 [main] INFO  volume.MutableVolumeSet (MutableVolumeSet.java:initializeVolumeSet(175)) - Added Volume : /home/runner/work/ozone/ozone/hadoop-ozone/integration-test/target/test-dir/MiniOzoneClusterImpl-bc117425-4aef-44e4-9aa3-5f74caebda79/datanode-0/data-0/containers/hdds to VolumeSet
2023-06-21 16:52:12,480 [main] INFO  volume.ThrottledAsyncChecker (ThrottledAsyncChecker.java:schedule(141)) - Scheduling a check for /home/runner/work/ozone/ozone/hadoop-ozone/integration-test/target/test-dir/MiniOzoneClusterImpl-bc117425-4aef-44e4-9aa3-5f74caebda79/datanode-0/data-0/containers/hdds
2023-06-21 16:52:12,500 [main] INFO  volume.StorageVolumeChecker (StorageVolumeChecker.java:checkAllVolumes(202)) - Scheduled health check for volume /home/runner/work/ozone/ozone/hadoop-ozone/integration-test/target/test-dir/MiniOzoneClusterImpl-bc117425-4aef-44e4-9aa3-5f74caebda79/datanode-0/data-0/containers/hdds
2023-06-21 16:52:12,521 [main] INFO  volume.MutableVolumeSet (MutableVolumeSet.java:initializeVolumeSet(175)) - Added Volume : /home/runner/work/ozone/ozone/hadoop-ozone/integration-test/target/test-dir/MiniOzoneClusterImpl-bc117425-4aef-44e4-9aa3-5f74caebda79/datanode-0/data/ratis to VolumeSet
2023-06-21 16:52:12,522 [main] INFO  volume.ThrottledAsyncChecker (ThrottledAsyncChecker.java:schedule(141)) - Scheduling a check for /home/runner/work/ozone/ozone/hadoop-ozone/integration-test/target/test-dir/MiniOzoneClusterImpl-bc117425-4aef-44e4-9aa3-5f74caebda79/datanode-0/data/ratis
2023-06-21 16:52:12,522 [main] INFO  volume.StorageVolumeChecker (StorageVolumeChecker.java:checkAllVolumes(202)) - Scheduled health check for volume /home/runner/work/ozone/ozone/hadoop-ozone/integration-test/target/test-dir/MiniOzoneClusterImpl-bc117425-4aef-44e4-9aa3-5f74caebda79/datanode-0/data/ratis
2023-06-21 16:52:12,552 [Thread-140] INFO  ozoneimpl.ContainerReader (ContainerReader.java:readVolume(175)) - Finish verifying containers on volume /home/runner/work/ozone/ozone/hadoop-ozone/integration-test/target/test-dir/MiniOzoneClusterImpl-bc117425-4aef-44e4-9aa3-5f74caebda79/datanode-0/data-0/containers/hdds
2023-06-21 16:52:12,552 [main] INFO  ozoneimpl.OzoneContainer (OzoneContainer.java:buildContainerSet(316)) - Build ContainerSet costs 0s
2023-06-21 16:52:12,627 [main] INFO  audit.AuditLogger (AuditLogger.java:refreshDebugCmdSet(126)) - Refresh DebugCmdSet for DNAudit to [].
2023-06-21 16:52:12,673 [main] INFO  server.RaftServer (ConfUtils.java:logGet(46)) - raft.rpc.type = GRPC (default)
2023-06-21 16:52:12,681 [main] INFO  grpc.GrpcConfigKeys (ConfUtils.java:logFallback(53)) - raft.grpc.admin.host = null (fallback to raft.grpc.server.host)
2023-06-21 16:52:12,682 [main] INFO  grpc.GrpcConfigKeys (ConfUtils.java:logGet(46)) - raft.grpc.admin.port = 15013 (custom)
2023-06-21 16:52:12,683 [main] INFO  grpc.GrpcConfigKeys (ConfUtils.java:logFallback(53)) - raft.grpc.client.host = null (fallback to raft.grpc.server.host)
2023-06-21 16:52:12,683 [main] INFO  grpc.GrpcConfigKeys (ConfUtils.java:logGet(46)) - raft.grpc.client.port = 15012 (custom)
2023-06-21 16:52:12,683 [main] INFO  grpc.GrpcConfigKeys (ConfUtils.java:logGet(46)) - raft.grpc.server.host = null (default)
2023-06-21 16:52:12,683 [main] INFO  grpc.GrpcConfigKeys (ConfUtils.java:logGet(46)) - raft.grpc.server.port = 15014 (custom)
2023-06-21 16:52:12,683 [main] INFO  server.GrpcService (ConfUtils.java:logGet(46)) - raft.grpc.message.size.max = 32MB (=33554432) (custom)
2023-06-21 16:52:12,684 [main] INFO  server.RaftServerConfigKeys (ConfUtils.java:logGet(46)) - raft.server.log.appender.buffer.byte-limit = 33554432 (custom)
2023-06-21 16:52:12,684 [main] INFO  server.GrpcService (ConfUtils.java:logGet(46)) - raft.grpc.flow.control.window = 5MB (=5242880) (custom)
2023-06-21 16:52:12,684 [main] INFO  server.RaftServerConfigKeys (ConfUtils.java:logGet(46)) - raft.server.rpc.request.timeout = 60s (custom)
2023-06-21 16:52:12,684 [main] INFO  grpc.GrpcConfigKeys (ConfUtils.java:logGet(46)) - raft.grpc.server.heartbeat.channel = true (default)
2023-06-21 16:52:12,684 [main] INFO  grpc.GrpcConfigKeys (ConfUtils.java:logGet(46)) - raft.grpc.server.async.request.thread.pool.cached = true (default)
2023-06-21 16:52:12,684 [main] INFO  grpc.GrpcConfigKeys (ConfUtils.java:logGet(46)) - raft.grpc.server.async.request.thread.pool.size = 32 (default)
2023-06-21 16:52:12,688 [main] INFO  impl.DataStreamServerImpl (ConfUtils.java:logGet(46)) - raft.datastream.type = NETTY (custom)
2023-06-21 16:52:12,702 [main] INFO  server.RaftServerConfigKeys (ConfUtils.java:logGet(46)) - raft.server.data-stream.async.request.thread.pool.cached = false (default)
2023-06-21 16:52:12,703 [main] INFO  server.RaftServerConfigKeys (ConfUtils.java:logGet(46)) - raft.server.data-stream.async.request.thread.pool.size = 20 (custom)
2023-06-21 16:52:12,704 [main] INFO  server.RaftServerConfigKeys (ConfUtils.java:logGet(46)) - raft.server.data-stream.async.write.thread.pool.size = 16 (default)
2023-06-21 16:52:12,705 [main] INFO  server.RaftServerConfigKeys (ConfUtils.java:logGet(46)) - raft.server.data-stream.client.pool.size = 10 (default)
2023-06-21 16:52:12,711 [main] INFO  netty.NettyConfigKeys$DataStream (ConfUtils.java:logGet(46)) - raft.netty.dataStream.server.use-epoll = false (default)
2023-06-21 16:52:12,712 [main] INFO  netty.NettyConfigKeys$DataStream (ConfUtils.java:logGet(46)) - raft.netty.dataStream.server.boss-group.size = 0 (default)
2023-06-21 16:52:12,724 [main] INFO  netty.NettyConfigKeys$DataStream (ConfUtils.java:logGet(46)) - raft.netty.dataStream.server.worker-group.size = 0 (default)
2023-06-21 16:52:12,729 [main] INFO  netty.NettyConfigKeys$DataStream (ConfUtils.java:logGet(46)) - raft.netty.dataStream.server.tls.conf = null (default)
2023-06-21 16:52:12,731 [main] INFO  netty.NettyConfigKeys$DataStream (ConfUtils.java:logGet(46)) - raft.netty.dataStream.host = null (default)
2023-06-21 16:52:12,731 [main] INFO  netty.NettyConfigKeys$DataStream (ConfUtils.java:logGet(46)) - raft.netty.dataStream.port = 15015 (custom)
2023-06-21 16:52:12,742 [main] INFO  server.RaftServerConfigKeys (ConfUtils.java:logGet(46)) - raft.server.threadpool.proxy.cached = true (default)
2023-06-21 16:52:12,742 [main] INFO  server.RaftServerConfigKeys (ConfUtils.java:logGet(46)) - raft.server.threadpool.proxy.size = 0 (default)
2023-06-21 16:52:12,742 [main] INFO  server.RaftServerConfigKeys (ConfUtils.java:logGet(46)) - raft.server.rpc.slowness.timeout = 300s (custom)
2023-06-21 16:52:12,743 [main] INFO  server.RaftServerConfigKeys (ConfUtils.java:logGet(46)) - raft.server.leaderelection.leader.step-down.wait-time = 10s (default)
2023-06-21 16:52:12,743 [main] INFO  server.RaftServerConfigKeys (ConfUtils.java:logGet(46)) - raft.server.storage.dir = [/home/runner/work/ozone/ozone/hadoop-ozone/integration-test/target/test-dir/MiniOzoneClusterImpl-bc117425-4aef-44e4-9aa3-5f74caebda79/datanode-0/data/ratis] (custom)
2023-06-21 16:52:12,769 [44f60e89-e275-465b-85ec-e219e0803a81-NettyServerStreamRpc-bossGroup--thread1] INFO  logging.LoggingHandler (AbstractInternalLogger.java:log(148)) - [id: 0x56a3e0f2] REGISTERED
2023-06-21 16:52:12,770 [44f60e89-e275-465b-85ec-e219e0803a81-NettyServerStreamRpc-bossGroup--thread1] INFO  logging.LoggingHandler (AbstractInternalLogger.java:log(148)) - [id: 0x56a3e0f2] BIND: 0.0.0.0/0.0.0.0:15015
2023-06-21 16:52:12,771 [44f60e89-e275-465b-85ec-e219e0803a81-NettyServerStreamRpc-bossGroup--thread1] INFO  logging.LoggingHandler (AbstractInternalLogger.java:log(148)) - [id: 0x56a3e0f2, L:/0:0:0:0:0:0:0:0:15015] ACTIVE
2023-06-21 16:52:12,775 [main] INFO  server.XceiverServerGrpc (XceiverServerGrpc.java:<init>(132)) - GrpcServer channel type EpollServerSocketChannel
2023-06-21 16:52:12,820 [main] INFO  replication.ReplicationSupervisor (ReplicationSupervisor.java:nodeStateUpdated(305)) - Node state updated to IN_SERVICE, scaling executor pool size to 10
2023-06-21 16:52:12,892 [main] INFO  http.BaseHttpServer (BaseHttpServer.java:newHttpServer2BuilderForOzone(224)) - Starting Web-server for hddsDatanode at: http://0.0.0.0:15009
2023-06-21 16:52:12,892 [main] INFO  http.BaseHttpServer (BaseHttpServer.java:<init>(111)) - Hadoop Security Enabled: false Ozone Security Enabled: false Ozone HTTP Security Enabled: false 
2023-06-21 16:52:12,894 [main] WARN  server.AuthenticationFilter (AuthenticationFilter.java:constructSecretProvider(240)) - Unable to initialize FileSignerSecretProvider, falling back to use random secrets. Reason: Could not read signature secret file: /home/runner/hadoop-http-auth-signature-secret
2023-06-21 16:52:12,895 [main] INFO  http.HttpRequestLog (HttpRequestLog.java:getRequestLog(86)) - Http request log for http.requests.hddsDatanode is not defined
2023-06-21 16:52:12,896 [main] INFO  http.HttpServer2 (HttpServer2.java:addGlobalFilter(1031)) - Added global filter 'safety' (class=org.apache.hadoop.hdds.server.http.HttpServer2$QuotingInputFilter)
2023-06-21 16:52:12,897 [main] INFO  http.HttpServer2 (HttpServer2.java:addFilter(1007)) - Added filter static_user_filter (class=org.apache.hadoop.http.lib.StaticUserWebFilter$StaticUserFilter) to context hddsDatanode
2023-06-21 16:52:12,897 [main] INFO  http.HttpServer2 (HttpServer2.java:addFilter(1015)) - Added filter static_user_filter (class=org.apache.hadoop.http.lib.StaticUserWebFilter$StaticUserFilter) to context static
2023-06-21 16:52:12,897 [main] INFO  http.HttpServer2 (HttpServer2.java:addFilter(1015)) - Added filter static_user_filter (class=org.apache.hadoop.http.lib.StaticUserWebFilter$StaticUserFilter) to context logs
2023-06-21 16:52:12,899 [main] INFO  http.BaseHttpServer (BaseHttpServer.java:<init>(190)) - HTTP server of hddsDatanode uses base directory /home/runner/work/ozone/ozone/hadoop-ozone/integration-test/target/test-dir/MiniOzoneClusterImpl-bc117425-4aef-44e4-9aa3-5f74caebda79/datanode-0/meta/webserver
2023-06-21 16:52:12,899 [main] INFO  http.HttpServer2 (HttpServer2.java:bindListener(1250)) - Jetty bound to port 15009
2023-06-21 16:52:12,899 [main] INFO  server.Server (Server.java:doStart(375)) - jetty-9.4.51.v20230217; built: 2023-02-17T08:19:37.309Z; git: b45c405e4544384de066f814ed42ae3dceacdd49; jvm 1.8.0_372-b07
2023-06-21 16:52:12,904 [main] INFO  server.session (DefaultSessionIdManager.java:doStart(334)) - DefaultSessionIdManager workerName=node0
2023-06-21 16:52:12,904 [main] INFO  server.session (DefaultSessionIdManager.java:doStart(339)) - No SessionScavenger set, using defaults
2023-06-21 16:52:12,904 [main] INFO  server.session (HouseKeeper.java:startScavenging(132)) - node0 Scavenging every 660000ms
2023-06-21 16:52:12,905 [main] INFO  handler.ContextHandler (ContextHandler.java:doStart(921)) - Started o.e.j.s.ServletContextHandler@39743121{logs,/logs,file:///home/runner/work/ozone/ozone/hadoop-ozone/integration-test/target/log,AVAILABLE}
2023-06-21 16:52:12,906 [main] INFO  handler.ContextHandler (ContextHandler.java:doStart(921)) - Started o.e.j.s.ServletContextHandler@11efe93f{static,/static,jar:file:/home/runner/.m2/repository/org/apache/ozone/hdds-container-service/1.4.0-SNAPSHOT/hdds-container-service-1.4.0-SNAPSHOT.jar!/webapps/static,AVAILABLE}
2023-06-21 16:52:13,050 [om1@group-C5BA1605619E-FollowerState] INFO  impl.FollowerState (FollowerState.java:run(143)) - om1@group-C5BA1605619E-FollowerState: change to CANDIDATE, lastRpcElapsedTime:1051336739ns, electionTimeout:1036ms
2023-06-21 16:52:13,051 [om1@group-C5BA1605619E-FollowerState] INFO  impl.RoleInfo (RoleInfo.java:shutdownFollowerState(110)) - om1: shutdown om1@group-C5BA1605619E-FollowerState
2023-06-21 16:52:13,051 [om1@group-C5BA1605619E-FollowerState] INFO  server.RaftServer$Division (RaftServerImpl.java:setRole(329)) - om1@group-C5BA1605619E: changes role from  FOLLOWER to CANDIDATE at term 0 for changeToCandidate
2023-06-21 16:52:13,055 [om1@group-C5BA1605619E-FollowerState] INFO  server.RaftServerConfigKeys (ConfUtils.java:logGet(46)) - raft.server.leaderelection.pre-vote = true (default)
2023-06-21 16:52:13,055 [om1@group-C5BA1605619E-FollowerState] INFO  impl.RoleInfo (RoleInfo.java:updateAndGet(139)) - om1: start om1@group-C5BA1605619E-LeaderElection1
2023-06-21 16:52:13,059 [om1@group-C5BA1605619E-LeaderElection1] INFO  impl.LeaderElection (LeaderElection.java:askForVotes(321)) - om1@group-C5BA1605619E-LeaderElection1 PRE_VOTE round 0: submit vote requests at term 0 for -1: peers:[om1|rpc:localhost:15007|priority:0|startupRole:FOLLOWER]|listeners:[], old=null
2023-06-21 16:52:13,059 [om1@group-C5BA1605619E-LeaderElection1] INFO  impl.LeaderElection (LeaderElection.java:askForVotes(323)) - om1@group-C5BA1605619E-LeaderElection1 PRE_VOTE round 0: result PASSED (term=0)
2023-06-21 16:52:13,062 [om1@group-C5BA1605619E-LeaderElection1] INFO  impl.LeaderElection (LeaderElection.java:askForVotes(321)) - om1@group-C5BA1605619E-LeaderElection1 ELECTION round 0: submit vote requests at term 1 for -1: peers:[om1|rpc:localhost:15007|priority:0|startupRole:FOLLOWER]|listeners:[], old=null
2023-06-21 16:52:13,062 [om1@group-C5BA1605619E-LeaderElection1] INFO  impl.LeaderElection (LeaderElection.java:askForVotes(323)) - om1@group-C5BA1605619E-LeaderElection1 ELECTION round 0: result PASSED (term=1)
2023-06-21 16:52:13,062 [om1@group-C5BA1605619E-LeaderElection1] INFO  impl.RoleInfo (RoleInfo.java:shutdownLeaderElection(130)) - om1: shutdown om1@group-C5BA1605619E-LeaderElection1
2023-06-21 16:52:13,063 [om1@group-C5BA1605619E-LeaderElection1] INFO  server.RaftServer$Division (RaftServerImpl.java:setRole(329)) - om1@group-C5BA1605619E: changes role from CANDIDATE to LEADER at term 1 for changeToLeader
2023-06-21 16:52:13,070 [om1@group-C5BA1605619E-LeaderElection1] INFO  server.RaftServer$Division (ServerState.java:setLeader(317)) - om1@group-C5BA1605619E: change Leader from null to om1 at term 1 for becomeLeader, leader elected after 2349ms
2023-06-21 16:52:13,074 [om1@group-C5BA1605619E-LeaderElection1] INFO  server.RaftServerConfigKeys (ConfUtils.java:logGet(46)) - raft.server.staging.catchup.gap = 1000 (default)
2023-06-21 16:52:13,084 [om1@group-C5BA1605619E-LeaderElection1] INFO  server.RaftServerConfigKeys (ConfUtils.java:logGet(46)) - raft.server.write.element-limit = 4096 (default)
2023-06-21 16:52:13,085 [om1@group-C5BA1605619E-LeaderElection1] INFO  server.RaftServerConfigKeys (ConfUtils.java:logGet(46)) - raft.server.write.byte-limit = 64MB (=67108864) (default)
2023-06-21 16:52:13,089 [om1@group-C5BA1605619E-LeaderElection1] INFO  server.RaftServerConfigKeys (ConfUtils.java:logGet(46)) - raft.server.watch.timeout = 10s (default)
2023-06-21 16:52:13,090 [om1@group-C5BA1605619E-LeaderElection1] INFO  server.RaftServerConfigKeys (ConfUtils.java:logGet(46)) - raft.server.watch.timeout.denomination = 1s (default)
2023-06-21 16:52:13,091 [om1@group-C5BA1605619E-LeaderElection1] INFO  server.RaftServerConfigKeys (ConfUtils.java:logGet(46)) - raft.server.watch.element-limit = 65536 (default)
2023-06-21 16:52:13,097 [om1@group-C5BA1605619E-LeaderElection1] INFO  server.RaftServerConfigKeys (ConfUtils.java:logGet(46)) - raft.server.write.element-limit = 4096 (default)
2023-06-21 16:52:13,100 [om1@group-C5BA1605619E-LeaderElection1] INFO  server.RaftServerConfigKeys (ConfUtils.java:logGet(46)) - raft.server.write.follower.gap.ratio.max = -1.0 (default)
2023-06-21 16:52:13,103 [om1@group-C5BA1605619E-LeaderElection1] INFO  impl.RoleInfo (RoleInfo.java:updateAndGet(139)) - om1: start om1@group-C5BA1605619E-LeaderStateImpl
2023-06-21 16:52:13,143 [om1@group-C5BA1605619E-LeaderElection1] INFO  segmented.SegmentedRaftLogWorker (SegmentedRaftLogWorker.java:startLogSegment(447)) - om1@group-C5BA1605619E-SegmentedRaftLogWorker: Starting segment from index:0
2023-06-21 16:52:13,217 [om1@group-C5BA1605619E-LeaderElection1] INFO  server.RaftServer$Division (ServerState.java:setRaftConf(434)) - om1@group-C5BA1605619E: set configuration 0: peers:[om1|rpc:localhost:15007|admin:|client:|dataStream:|priority:0|startupRole:FOLLOWER]|listeners:[], old=null
2023-06-21 16:52:13,231 [main] INFO  handler.ContextHandler (ContextHandler.java:doStart(921)) - Started o.e.j.w.WebAppContext@63028db{hddsDatanode,/,file:///home/runner/work/ozone/ozone/hadoop-ozone/integration-test/target/test-dir/MiniOzoneClusterImpl-bc117425-4aef-44e4-9aa3-5f74caebda79/datanode-0/meta/webserver/jetty-0_0_0_0-15009-hdds-container-service-1_4_0-SNAPSHOT_jar-_-any-4294541690287285750/webapp/,AVAILABLE}{jar:file:/home/runner/.m2/repository/org/apache/ozone/hdds-container-service/1.4.0-SNAPSHOT/hdds-container-service-1.4.0-SNAPSHOT.jar!/webapps/hddsDatanode}
2023-06-21 16:52:13,240 [main] INFO  server.AbstractConnector (AbstractConnector.java:doStart(333)) - Started ServerConnector@68154374{HTTP/1.1, (http/1.1)}{0.0.0.0:15009}
2023-06-21 16:52:13,240 [main] INFO  server.Server (Server.java:doStart(415)) - Started @10353ms
2023-06-21 16:52:13,240 [main] WARN  impl.MetricsSystemImpl (MetricsSystemImpl.java:register(279)) - Sink prometheus already exists!
2023-06-21 16:52:13,242 [main] INFO  http.BaseHttpServer (BaseHttpServer.java:updateConnectorAddress(344)) - HTTP server of hddsDatanode listening at http://0.0.0.0:15009
2023-06-21 16:52:13,246 [main] INFO  ipc.CallQueueManager (CallQueueManager.java:<init>(90)) - Using callQueue: class java.util.concurrent.LinkedBlockingQueue, queueCapacity: 100, scheduler: class org.apache.hadoop.ipc.DefaultRpcScheduler, ipcBackoff: false.
2023-06-21 16:52:13,248 [Socket Reader #1 for port 15010] INFO  ipc.Server (Server.java:run(1319)) - Starting Socket Reader #1 for port 15010
2023-06-21 16:52:13,250 [Listener at 0.0.0.0/15010] INFO  hdds.HddsUtils (HddsUtils.java:preserveThreadName(848)) - Restoring thread name: main
2023-06-21 16:52:13,252 [main] INFO  ozone.HddsDatanodeService (HddsDatanodeService.java:start(344)) - Datanode start with admins: [runner]
2023-06-21 16:52:13,252 [main] INFO  ozone.HddsDatanodeClientProtocolServer (HddsDatanodeClientProtocolServer.java:start(72)) - RPC server for Client /0.0.0.0:15010
2023-06-21 16:52:13,253 [IPC Server Responder] INFO  ipc.Server (Server.java:run(1558)) - IPC Server Responder: starting
2023-06-21 16:52:13,253 [IPC Server listener on 15010] INFO  ipc.Server (Server.java:run(1398)) - IPC Server listener on 15010: starting
2023-06-21 16:52:13,256 [main] WARN  impl.MetricRegistriesImpl (MetricRegistriesImpl.java:addReporterRegistration(111)) - New reporters are added after registries were created. Some metrics will be missing from the reporter. Please add reporter before adding any new registry.
2023-06-21 16:52:13,256 [main] WARN  impl.MetricRegistriesImpl (MetricRegistriesImpl.java:addReporterRegistration(111)) - New reporters are added after registries were created. Some metrics will be missing from the reporter. Please add reporter before adding any new registry.
2023-06-21 16:52:13,256 [main] INFO  impl.MetricsSystemImpl (MetricsSystemImpl.java:init(158)) - HddsDatanode metrics system started (again)
2023-06-21 16:52:13,263 [Datanode State Machine Daemon Thread] INFO  statemachine.DatanodeStateMachine (DatanodeStateMachine.java:lambda$startDaemon$0(531)) - Ozone container server started.
2023-06-21 16:52:13,296 [main] INFO  ozone.HddsDatanodeService (HddsDatanodeService.java:start(262)) - HddsDatanodeService host:fv-az624-409 ip:10.1.0.51
2023-06-21 16:52:13,333 [main] INFO  upgrade.AbstractLayoutVersionManager (AbstractLayoutVersionManager.java:init(83)) - Initializing Layout version manager with metadata layout = HADOOP_PRC_PORTS_IN_DATANODEDETAILS (version = 7), software layout = HADOOP_PRC_PORTS_IN_DATANODEDETAILS (version = 7)
2023-06-21 16:52:13,342 [main] INFO  statemachine.DatanodeStateMachine (DatanodeStateMachine.java:getEndPointTaskThreadPoolSize(279)) - Datanode State Machine Task Thread Pool size 2
2023-06-21 16:52:13,351 [main] INFO  volume.HddsVolume (HddsVolume.java:<init>(130)) - Creating HddsVolume: /home/runner/work/ozone/ozone/hadoop-ozone/integration-test/target/test-dir/MiniOzoneClusterImpl-bc117425-4aef-44e4-9aa3-5f74caebda79/datanode-1/data-0/containers/hdds of storage type : DISK capacity : 9223372036854775807
2023-06-21 16:52:13,351 [main] INFO  volume.MutableVolumeSet (MutableVolumeSet.java:initializeVolumeSet(175)) - Added Volume : /home/runner/work/ozone/ozone/hadoop-ozone/integration-test/target/test-dir/MiniOzoneClusterImpl-bc117425-4aef-44e4-9aa3-5f74caebda79/datanode-1/data-0/containers/hdds to VolumeSet
2023-06-21 16:52:13,351 [main] INFO  volume.ThrottledAsyncChecker (ThrottledAsyncChecker.java:schedule(141)) - Scheduling a check for /home/runner/work/ozone/ozone/hadoop-ozone/integration-test/target/test-dir/MiniOzoneClusterImpl-bc117425-4aef-44e4-9aa3-5f74caebda79/datanode-1/data-0/containers/hdds
2023-06-21 16:52:13,352 [om1@group-C5BA1605619E-SegmentedRaftLogWorker] INFO  segmented.SegmentedRaftLogWorker (SegmentedRaftLogWorker.java:execute(651)) - om1@group-C5BA1605619E-SegmentedRaftLogWorker: created new log segment /home/runner/work/ozone/ozone/hadoop-ozone/integration-test/target/test-dir/MiniOzoneClusterImpl-bc117425-4aef-44e4-9aa3-5f74caebda79/ozone-meta/ratis/bf265839-605b-3f16-9796-c5ba1605619e/current/log_inprogress_0
2023-06-21 16:52:13,359 [main] INFO  volume.StorageVolumeChecker (StorageVolumeChecker.java:checkAllVolumes(202)) - Scheduled health check for volume /home/runner/work/ozone/ozone/hadoop-ozone/integration-test/target/test-dir/MiniOzoneClusterImpl-bc117425-4aef-44e4-9aa3-5f74caebda79/datanode-1/data-0/containers/hdds
2023-06-21 16:52:13,397 [main] INFO  volume.MutableVolumeSet (MutableVolumeSet.java:initializeVolumeSet(175)) - Added Volume : /home/runner/work/ozone/ozone/hadoop-ozone/integration-test/target/test-dir/MiniOzoneClusterImpl-bc117425-4aef-44e4-9aa3-5f74caebda79/datanode-1/data/ratis to VolumeSet
2023-06-21 16:52:13,397 [main] INFO  volume.ThrottledAsyncChecker (ThrottledAsyncChecker.java:schedule(141)) - Scheduling a check for /home/runner/work/ozone/ozone/hadoop-ozone/integration-test/target/test-dir/MiniOzoneClusterImpl-bc117425-4aef-44e4-9aa3-5f74caebda79/datanode-1/data/ratis
2023-06-21 16:52:13,398 [main] INFO  volume.StorageVolumeChecker (StorageVolumeChecker.java:checkAllVolumes(202)) - Scheduled health check for volume /home/runner/work/ozone/ozone/hadoop-ozone/integration-test/target/test-dir/MiniOzoneClusterImpl-bc117425-4aef-44e4-9aa3-5f74caebda79/datanode-1/data/ratis
2023-06-21 16:52:13,429 [Thread-159] INFO  ozoneimpl.ContainerReader (ContainerReader.java:readVolume(175)) - Finish verifying containers on volume /home/runner/work/ozone/ozone/hadoop-ozone/integration-test/target/test-dir/MiniOzoneClusterImpl-bc117425-4aef-44e4-9aa3-5f74caebda79/datanode-1/data-0/containers/hdds
2023-06-21 16:52:13,430 [main] INFO  ozoneimpl.OzoneContainer (OzoneContainer.java:buildContainerSet(316)) - Build ContainerSet costs 0s
2023-06-21 16:52:13,435 [main] INFO  server.RaftServer (ConfUtils.java:logGet(46)) - raft.rpc.type = GRPC (default)
2023-06-21 16:52:13,437 [main] INFO  grpc.GrpcConfigKeys (ConfUtils.java:logFallback(53)) - raft.grpc.admin.host = null (fallback to raft.grpc.server.host)
2023-06-21 16:52:13,437 [main] INFO  grpc.GrpcConfigKeys (ConfUtils.java:logGet(46)) - raft.grpc.admin.port = 15022 (custom)
2023-06-21 16:52:13,437 [main] INFO  grpc.GrpcConfigKeys (ConfUtils.java:logFallback(53)) - raft.grpc.client.host = null (fallback to raft.grpc.server.host)
2023-06-21 16:52:13,437 [main] INFO  grpc.GrpcConfigKeys (ConfUtils.java:logGet(46)) - raft.grpc.client.port = 15021 (custom)
2023-06-21 16:52:13,437 [main] INFO  grpc.GrpcConfigKeys (ConfUtils.java:logGet(46)) - raft.grpc.server.host = null (default)
2023-06-21 16:52:13,437 [main] INFO  grpc.GrpcConfigKeys (ConfUtils.java:logGet(46)) - raft.grpc.server.port = 15023 (custom)
2023-06-21 16:52:13,437 [main] INFO  server.GrpcService (ConfUtils.java:logGet(46)) - raft.grpc.message.size.max = 32MB (=33554432) (custom)
2023-06-21 16:52:13,439 [main] INFO  server.RaftServerConfigKeys (ConfUtils.java:logGet(46)) - raft.server.log.appender.buffer.byte-limit = 33554432 (custom)
2023-06-21 16:52:13,439 [main] INFO  server.GrpcService (ConfUtils.java:logGet(46)) - raft.grpc.flow.control.window = 5MB (=5242880) (custom)
2023-06-21 16:52:13,439 [main] INFO  server.RaftServerConfigKeys (ConfUtils.java:logGet(46)) - raft.server.rpc.request.timeout = 60s (custom)
2023-06-21 16:52:13,439 [main] INFO  grpc.GrpcConfigKeys (ConfUtils.java:logGet(46)) - raft.grpc.server.heartbeat.channel = true (default)
2023-06-21 16:52:13,439 [main] INFO  grpc.GrpcConfigKeys (ConfUtils.java:logGet(46)) - raft.grpc.server.async.request.thread.pool.cached = true (default)
2023-06-21 16:52:13,440 [main] INFO  grpc.GrpcConfigKeys (ConfUtils.java:logGet(46)) - raft.grpc.server.async.request.thread.pool.size = 32 (default)
2023-06-21 16:52:13,446 [main] INFO  impl.DataStreamServerImpl (ConfUtils.java:logGet(46)) - raft.datastream.type = NETTY (custom)
2023-06-21 16:52:13,447 [main] INFO  server.RaftServerConfigKeys (ConfUtils.java:logGet(46)) - raft.server.data-stream.async.request.thread.pool.cached = false (default)
2023-06-21 16:52:13,448 [main] INFO  server.RaftServerConfigKeys (ConfUtils.java:logGet(46)) - raft.server.data-stream.async.request.thread.pool.size = 20 (custom)
2023-06-21 16:52:13,448 [main] INFO  server.RaftServerConfigKeys (ConfUtils.java:logGet(46)) - raft.server.data-stream.async.write.thread.pool.size = 16 (default)
2023-06-21 16:52:13,448 [main] INFO  server.RaftServerConfigKeys (ConfUtils.java:logGet(46)) - raft.server.data-stream.client.pool.size = 10 (default)
2023-06-21 16:52:13,448 [main] INFO  netty.NettyConfigKeys$DataStream (ConfUtils.java:logGet(46)) - raft.netty.dataStream.server.use-epoll = false (default)
2023-06-21 16:52:13,448 [main] INFO  netty.NettyConfigKeys$DataStream (ConfUtils.java:logGet(46)) - raft.netty.dataStream.server.boss-group.size = 0 (default)
2023-06-21 16:52:13,450 [main] INFO  netty.NettyConfigKeys$DataStream (ConfUtils.java:logGet(46)) - raft.netty.dataStream.server.worker-group.size = 0 (default)
2023-06-21 16:52:13,450 [main] INFO  netty.NettyConfigKeys$DataStream (ConfUtils.java:logGet(46)) - raft.netty.dataStream.server.tls.conf = null (default)
2023-06-21 16:52:13,450 [main] INFO  netty.NettyConfigKeys$DataStream (ConfUtils.java:logGet(46)) - raft.netty.dataStream.host = null (default)
2023-06-21 16:52:13,451 [main] INFO  netty.NettyConfigKeys$DataStream (ConfUtils.java:logGet(46)) - raft.netty.dataStream.port = 15024 (custom)
2023-06-21 16:52:13,456 [main] INFO  server.RaftServerConfigKeys (ConfUtils.java:logGet(46)) - raft.server.threadpool.proxy.cached = true (default)
2023-06-21 16:52:13,456 [main] INFO  server.RaftServerConfigKeys (ConfUtils.java:logGet(46)) - raft.server.threadpool.proxy.size = 0 (default)
2023-06-21 16:52:13,456 [main] INFO  server.RaftServerConfigKeys (ConfUtils.java:logGet(46)) - raft.server.rpc.slowness.timeout = 300s (custom)
2023-06-21 16:52:13,456 [main] INFO  server.RaftServerConfigKeys (ConfUtils.java:logGet(46)) - raft.server.leaderelection.leader.step-down.wait-time = 10s (default)
2023-06-21 16:52:13,457 [main] INFO  server.RaftServerConfigKeys (ConfUtils.java:logGet(46)) - raft.server.storage.dir = [/home/runner/work/ozone/ozone/hadoop-ozone/integration-test/target/test-dir/MiniOzoneClusterImpl-bc117425-4aef-44e4-9aa3-5f74caebda79/datanode-1/data/ratis] (custom)
2023-06-21 16:52:13,463 [0ffaae9a-de1a-4167-9662-2ff6145c2fa0-NettyServerStreamRpc-bossGroup--thread1] INFO  logging.LoggingHandler (AbstractInternalLogger.java:log(148)) - [id: 0x5331e68f] REGISTERED
2023-06-21 16:52:13,464 [0ffaae9a-de1a-4167-9662-2ff6145c2fa0-NettyServerStreamRpc-bossGroup--thread1] INFO  logging.LoggingHandler (AbstractInternalLogger.java:log(148)) - [id: 0x5331e68f] BIND: 0.0.0.0/0.0.0.0:15024
2023-06-21 16:52:13,464 [0ffaae9a-de1a-4167-9662-2ff6145c2fa0-NettyServerStreamRpc-bossGroup--thread1] INFO  logging.LoggingHandler (AbstractInternalLogger.java:log(148)) - [id: 0x5331e68f, L:/0:0:0:0:0:0:0:0:15024] ACTIVE
2023-06-21 16:52:13,470 [main] INFO  server.XceiverServerGrpc (XceiverServerGrpc.java:<init>(132)) - GrpcServer channel type EpollServerSocketChannel
2023-06-21 16:52:13,475 [main] INFO  replication.ReplicationSupervisor (ReplicationSupervisor.java:nodeStateUpdated(305)) - Node state updated to IN_SERVICE, scaling executor pool size to 10
2023-06-21 16:52:13,480 [main] INFO  http.BaseHttpServer (BaseHttpServer.java:newHttpServer2BuilderForOzone(224)) - Starting Web-server for hddsDatanode at: http://0.0.0.0:15018
2023-06-21 16:52:13,480 [main] INFO  http.BaseHttpServer (BaseHttpServer.java:<init>(111)) - Hadoop Security Enabled: false Ozone Security Enabled: false Ozone HTTP Security Enabled: false 
2023-06-21 16:52:13,482 [main] WARN  server.AuthenticationFilter (AuthenticationFilter.java:constructSecretProvider(240)) - Unable to initialize FileSignerSecretProvider, falling back to use random secrets. Reason: Could not read signature secret file: /home/runner/hadoop-http-auth-signature-secret
2023-06-21 16:52:13,503 [main] INFO  http.HttpRequestLog (HttpRequestLog.java:getRequestLog(86)) - Http request log for http.requests.hddsDatanode is not defined
2023-06-21 16:52:13,505 [main] INFO  http.HttpServer2 (HttpServer2.java:addGlobalFilter(1031)) - Added global filter 'safety' (class=org.apache.hadoop.hdds.server.http.HttpServer2$QuotingInputFilter)
2023-06-21 16:52:13,506 [main] INFO  http.HttpServer2 (HttpServer2.java:addFilter(1007)) - Added filter static_user_filter (class=org.apache.hadoop.http.lib.StaticUserWebFilter$StaticUserFilter) to context hddsDatanode
2023-06-21 16:52:13,506 [main] INFO  http.HttpServer2 (HttpServer2.java:addFilter(1015)) - Added filter static_user_filter (class=org.apache.hadoop.http.lib.StaticUserWebFilter$StaticUserFilter) to context static
2023-06-21 16:52:13,506 [main] INFO  http.HttpServer2 (HttpServer2.java:addFilter(1015)) - Added filter static_user_filter (class=org.apache.hadoop.http.lib.StaticUserWebFilter$StaticUserFilter) to context logs
2023-06-21 16:52:13,507 [main] INFO  http.BaseHttpServer (BaseHttpServer.java:<init>(190)) - HTTP server of hddsDatanode uses base directory /home/runner/work/ozone/ozone/hadoop-ozone/integration-test/target/test-dir/MiniOzoneClusterImpl-bc117425-4aef-44e4-9aa3-5f74caebda79/datanode-1/meta/webserver
2023-06-21 16:52:13,507 [main] INFO  http.HttpServer2 (HttpServer2.java:bindListener(1250)) - Jetty bound to port 15018
2023-06-21 16:52:13,507 [main] INFO  server.Server (Server.java:doStart(375)) - jetty-9.4.51.v20230217; built: 2023-02-17T08:19:37.309Z; git: b45c405e4544384de066f814ed42ae3dceacdd49; jvm 1.8.0_372-b07
2023-06-21 16:52:13,556 [main] INFO  server.session (DefaultSessionIdManager.java:doStart(334)) - DefaultSessionIdManager workerName=node0
2023-06-21 16:52:13,556 [main] INFO  server.session (DefaultSessionIdManager.java:doStart(339)) - No SessionScavenger set, using defaults
2023-06-21 16:52:13,556 [main] INFO  server.session (HouseKeeper.java:startScavenging(132)) - node0 Scavenging every 660000ms
2023-06-21 16:52:13,560 [main] INFO  handler.ContextHandler (ContextHandler.java:doStart(921)) - Started o.e.j.s.ServletContextHandler@5002dc29{logs,/logs,file:///home/runner/work/ozone/ozone/hadoop-ozone/integration-test/target/log,AVAILABLE}
2023-06-21 16:52:13,560 [main] INFO  handler.ContextHandler (ContextHandler.java:doStart(921)) - Started o.e.j.s.ServletContextHandler@4a0e955{static,/static,jar:file:/home/runner/.m2/repository/org/apache/ozone/hdds-container-service/1.4.0-SNAPSHOT/hdds-container-service-1.4.0-SNAPSHOT.jar!/webapps/static,AVAILABLE}
2023-06-21 16:52:13,552 [om1@group-C5BA1605619E-StateMachineUpdater] INFO  ratis.OzoneManagerStateMachine (OzoneManagerStateMachine.java:notifyConfigurationChanged(201)) - Received Configuration change notification from Ratis. New Peer list:
[id: "om1"
address: "localhost:15007"
startupRole: FOLLOWER
]
2023-06-21 16:52:13,617 [Datanode State Machine Task Thread - 0] INFO  datanode.InitDatanodeState (InitDatanodeState.java:persistContainerDatanodeDetails(138)) - DatanodeDetails is persisted to /home/runner/work/ozone/ozone/hadoop-ozone/integration-test/target/test-dir/MiniOzoneClusterImpl-bc117425-4aef-44e4-9aa3-5f74caebda79/datanode-0/meta/datanode.id
2023-06-21 16:52:13,863 [main] INFO  handler.ContextHandler (ContextHandler.java:doStart(921)) - Started o.e.j.w.WebAppContext@26a0e3f7{hddsDatanode,/,file:///home/runner/work/ozone/ozone/hadoop-ozone/integration-test/target/test-dir/MiniOzoneClusterImpl-bc117425-4aef-44e4-9aa3-5f74caebda79/datanode-1/meta/webserver/jetty-0_0_0_0-15018-hdds-container-service-1_4_0-SNAPSHOT_jar-_-any-1792293654256025228/webapp/,AVAILABLE}{jar:file:/home/runner/.m2/repository/org/apache/ozone/hdds-container-service/1.4.0-SNAPSHOT/hdds-container-service-1.4.0-SNAPSHOT.jar!/webapps/hddsDatanode}
2023-06-21 16:52:13,870 [main] INFO  server.AbstractConnector (AbstractConnector.java:doStart(333)) - Started ServerConnector@690e281f{HTTP/1.1, (http/1.1)}{0.0.0.0:15018}
2023-06-21 16:52:13,871 [main] INFO  server.Server (Server.java:doStart(415)) - Started @10983ms
2023-06-21 16:52:13,871 [main] WARN  impl.MetricsSystemImpl (MetricsSystemImpl.java:register(279)) - Sink prometheus already exists!
2023-06-21 16:52:13,875 [main] INFO  http.BaseHttpServer (BaseHttpServer.java:updateConnectorAddress(344)) - HTTP server of hddsDatanode listening at http://0.0.0.0:15018
2023-06-21 16:52:13,876 [main] INFO  ipc.CallQueueManager (CallQueueManager.java:<init>(90)) - Using callQueue: class java.util.concurrent.LinkedBlockingQueue, queueCapacity: 100, scheduler: class org.apache.hadoop.ipc.DefaultRpcScheduler, ipcBackoff: false.
2023-06-21 16:52:13,877 [Socket Reader #1 for port 15019] INFO  ipc.Server (Server.java:run(1319)) - Starting Socket Reader #1 for port 15019
2023-06-21 16:52:13,882 [Listener at 0.0.0.0/15019] INFO  hdds.HddsUtils (HddsUtils.java:preserveThreadName(848)) - Restoring thread name: main
2023-06-21 16:52:13,883 [main] INFO  ozone.HddsDatanodeService (HddsDatanodeService.java:start(344)) - Datanode start with admins: [runner]
2023-06-21 16:52:13,883 [main] INFO  ozone.HddsDatanodeClientProtocolServer (HddsDatanodeClientProtocolServer.java:start(72)) - RPC server for Client /0.0.0.0:15019
2023-06-21 16:52:13,883 [IPC Server Responder] INFO  ipc.Server (Server.java:run(1558)) - IPC Server Responder: starting
2023-06-21 16:52:13,885 [IPC Server listener on 15019] INFO  ipc.Server (Server.java:run(1398)) - IPC Server listener on 15019: starting
2023-06-21 16:52:13,886 [Datanode State Machine Daemon Thread] INFO  statemachine.DatanodeStateMachine (DatanodeStateMachine.java:lambda$startDaemon$0(531)) - Ozone container server started.
2023-06-21 16:52:13,886 [main] WARN  impl.MetricRegistriesImpl (MetricRegistriesImpl.java:addReporterRegistration(111)) - New reporters are added after registries were created. Some metrics will be missing from the reporter. Please add reporter before adding any new registry.
2023-06-21 16:52:13,889 [main] WARN  impl.MetricRegistriesImpl (MetricRegistriesImpl.java:addReporterRegistration(111)) - New reporters are added after registries were created. Some metrics will be missing from the reporter. Please add reporter before adding any new registry.
2023-06-21 16:52:13,889 [main] INFO  impl.MetricsSystemImpl (MetricsSystemImpl.java:init(158)) - HddsDatanode metrics system started (again)
2023-06-21 16:52:13,904 [main] INFO  ozone.HddsDatanodeService (HddsDatanodeService.java:start(262)) - HddsDatanodeService host:fv-az624-409 ip:10.1.0.51
2023-06-21 16:52:13,921 [Datanode State Machine Task Thread - 0] INFO  datanode.InitDatanodeState (InitDatanodeState.java:persistContainerDatanodeDetails(138)) - DatanodeDetails is persisted to /home/runner/work/ozone/ozone/hadoop-ozone/integration-test/target/test-dir/MiniOzoneClusterImpl-bc117425-4aef-44e4-9aa3-5f74caebda79/datanode-1/meta/datanode.id
2023-06-21 16:52:13,942 [main] INFO  upgrade.AbstractLayoutVersionManager (AbstractLayoutVersionManager.java:init(83)) - Initializing Layout version manager with metadata layout = HADOOP_PRC_PORTS_IN_DATANODEDETAILS (version = 7), software layout = HADOOP_PRC_PORTS_IN_DATANODEDETAILS (version = 7)
2023-06-21 16:52:13,945 [main] INFO  statemachine.DatanodeStateMachine (DatanodeStateMachine.java:getEndPointTaskThreadPoolSize(279)) - Datanode State Machine Task Thread Pool size 2
2023-06-21 16:52:13,953 [main] INFO  volume.HddsVolume (HddsVolume.java:<init>(130)) - Creating HddsVolume: /home/runner/work/ozone/ozone/hadoop-ozone/integration-test/target/test-dir/MiniOzoneClusterImpl-bc117425-4aef-44e4-9aa3-5f74caebda79/datanode-2/data-0/containers/hdds of storage type : DISK capacity : 9223372036854775807
2023-06-21 16:52:13,953 [main] INFO  volume.MutableVolumeSet (MutableVolumeSet.java:initializeVolumeSet(175)) - Added Volume : /home/runner/work/ozone/ozone/hadoop-ozone/integration-test/target/test-dir/MiniOzoneClusterImpl-bc117425-4aef-44e4-9aa3-5f74caebda79/datanode-2/data-0/containers/hdds to VolumeSet
2023-06-21 16:52:13,953 [main] INFO  volume.ThrottledAsyncChecker (ThrottledAsyncChecker.java:schedule(141)) - Scheduling a check for /home/runner/work/ozone/ozone/hadoop-ozone/integration-test/target/test-dir/MiniOzoneClusterImpl-bc117425-4aef-44e4-9aa3-5f74caebda79/datanode-2/data-0/containers/hdds
2023-06-21 16:52:13,957 [main] INFO  volume.StorageVolumeChecker (StorageVolumeChecker.java:checkAllVolumes(202)) - Scheduled health check for volume /home/runner/work/ozone/ozone/hadoop-ozone/integration-test/target/test-dir/MiniOzoneClusterImpl-bc117425-4aef-44e4-9aa3-5f74caebda79/datanode-2/data-0/containers/hdds
2023-06-21 16:52:13,980 [main] INFO  volume.MutableVolumeSet (MutableVolumeSet.java:initializeVolumeSet(175)) - Added Volume : /home/runner/work/ozone/ozone/hadoop-ozone/integration-test/target/test-dir/MiniOzoneClusterImpl-bc117425-4aef-44e4-9aa3-5f74caebda79/datanode-2/data/ratis to VolumeSet
2023-06-21 16:52:13,980 [main] INFO  volume.ThrottledAsyncChecker (ThrottledAsyncChecker.java:schedule(141)) - Scheduling a check for /home/runner/work/ozone/ozone/hadoop-ozone/integration-test/target/test-dir/MiniOzoneClusterImpl-bc117425-4aef-44e4-9aa3-5f74caebda79/datanode-2/data/ratis
2023-06-21 16:52:13,980 [main] INFO  volume.StorageVolumeChecker (StorageVolumeChecker.java:checkAllVolumes(202)) - Scheduled health check for volume /home/runner/work/ozone/ozone/hadoop-ozone/integration-test/target/test-dir/MiniOzoneClusterImpl-bc117425-4aef-44e4-9aa3-5f74caebda79/datanode-2/data/ratis
2023-06-21 16:52:13,997 [Thread-176] INFO  ozoneimpl.ContainerReader (ContainerReader.java:readVolume(175)) - Finish verifying containers on volume /home/runner/work/ozone/ozone/hadoop-ozone/integration-test/target/test-dir/MiniOzoneClusterImpl-bc117425-4aef-44e4-9aa3-5f74caebda79/datanode-2/data-0/containers/hdds
2023-06-21 16:52:13,997 [main] INFO  ozoneimpl.OzoneContainer (OzoneContainer.java:buildContainerSet(316)) - Build ContainerSet costs 0s
2023-06-21 16:52:14,004 [main] INFO  server.RaftServer (ConfUtils.java:logGet(46)) - raft.rpc.type = GRPC (default)
2023-06-21 16:52:14,004 [main] INFO  grpc.GrpcConfigKeys (ConfUtils.java:logFallback(53)) - raft.grpc.admin.host = null (fallback to raft.grpc.server.host)
2023-06-21 16:52:14,004 [main] INFO  grpc.GrpcConfigKeys (ConfUtils.java:logGet(46)) - raft.grpc.admin.port = 15031 (custom)
2023-06-21 16:52:14,007 [main] INFO  grpc.GrpcConfigKeys (ConfUtils.java:logFallback(53)) - raft.grpc.client.host = null (fallback to raft.grpc.server.host)
2023-06-21 16:52:14,007 [main] INFO  grpc.GrpcConfigKeys (ConfUtils.java:logGet(46)) - raft.grpc.client.port = 15030 (custom)
2023-06-21 16:52:14,007 [main] INFO  grpc.GrpcConfigKeys (ConfUtils.java:logGet(46)) - raft.grpc.server.host = null (default)
2023-06-21 16:52:14,007 [main] INFO  grpc.GrpcConfigKeys (ConfUtils.java:logGet(46)) - raft.grpc.server.port = 15032 (custom)
2023-06-21 16:52:14,007 [main] INFO  server.GrpcService (ConfUtils.java:logGet(46)) - raft.grpc.message.size.max = 32MB (=33554432) (custom)
2023-06-21 16:52:14,007 [main] INFO  server.RaftServerConfigKeys (ConfUtils.java:logGet(46)) - raft.server.log.appender.buffer.byte-limit = 33554432 (custom)
2023-06-21 16:52:14,007 [main] INFO  server.GrpcService (ConfUtils.java:logGet(46)) - raft.grpc.flow.control.window = 5MB (=5242880) (custom)
2023-06-21 16:52:14,008 [main] INFO  server.RaftServerConfigKeys (ConfUtils.java:logGet(46)) - raft.server.rpc.request.timeout = 60s (custom)
2023-06-21 16:52:14,008 [main] INFO  grpc.GrpcConfigKeys (ConfUtils.java:logGet(46)) - raft.grpc.server.heartbeat.channel = true (default)
2023-06-21 16:52:14,008 [main] INFO  grpc.GrpcConfigKeys (ConfUtils.java:logGet(46)) - raft.grpc.server.async.request.thread.pool.cached = true (default)
2023-06-21 16:52:14,008 [main] INFO  grpc.GrpcConfigKeys (ConfUtils.java:logGet(46)) - raft.grpc.server.async.request.thread.pool.size = 32 (default)
2023-06-21 16:52:14,012 [main] INFO  impl.DataStreamServerImpl (ConfUtils.java:logGet(46)) - raft.datastream.type = NETTY (custom)
2023-06-21 16:52:14,012 [main] INFO  server.RaftServerConfigKeys (ConfUtils.java:logGet(46)) - raft.server.data-stream.async.request.thread.pool.cached = false (default)
2023-06-21 16:52:14,013 [main] INFO  server.RaftServerConfigKeys (ConfUtils.java:logGet(46)) - raft.server.data-stream.async.request.thread.pool.size = 20 (custom)
2023-06-21 16:52:14,013 [main] INFO  server.RaftServerConfigKeys (ConfUtils.java:logGet(46)) - raft.server.data-stream.async.write.thread.pool.size = 16 (default)
2023-06-21 16:52:14,013 [main] INFO  server.RaftServerConfigKeys (ConfUtils.java:logGet(46)) - raft.server.data-stream.client.pool.size = 10 (default)
2023-06-21 16:52:14,013 [main] INFO  netty.NettyConfigKeys$DataStream (ConfUtils.java:logGet(46)) - raft.netty.dataStream.server.use-epoll = false (default)
2023-06-21 16:52:14,013 [main] INFO  netty.NettyConfigKeys$DataStream (ConfUtils.java:logGet(46)) - raft.netty.dataStream.server.boss-group.size = 0 (default)
2023-06-21 16:52:14,014 [main] INFO  netty.NettyConfigKeys$DataStream (ConfUtils.java:logGet(46)) - raft.netty.dataStream.server.worker-group.size = 0 (default)
2023-06-21 16:52:14,014 [main] INFO  netty.NettyConfigKeys$DataStream (ConfUtils.java:logGet(46)) - raft.netty.dataStream.server.tls.conf = null (default)
2023-06-21 16:52:14,015 [main] INFO  netty.NettyConfigKeys$DataStream (ConfUtils.java:logGet(46)) - raft.netty.dataStream.host = null (default)
2023-06-21 16:52:14,015 [main] INFO  netty.NettyConfigKeys$DataStream (ConfUtils.java:logGet(46)) - raft.netty.dataStream.port = 15033 (custom)
2023-06-21 16:52:14,015 [main] INFO  server.RaftServerConfigKeys (ConfUtils.java:logGet(46)) - raft.server.threadpool.proxy.cached = true (default)
2023-06-21 16:52:14,016 [main] INFO  server.RaftServerConfigKeys (ConfUtils.java:logGet(46)) - raft.server.threadpool.proxy.size = 0 (default)
2023-06-21 16:52:14,017 [8245ab04-78c1-4e53-8989-11805473ea66-NettyServerStreamRpc-bossGroup--thread1] INFO  logging.LoggingHandler (AbstractInternalLogger.java:log(148)) - [id: 0x80602626] REGISTERED
2023-06-21 16:52:14,017 [main] INFO  server.RaftServerConfigKeys (ConfUtils.java:logGet(46)) - raft.server.rpc.slowness.timeout = 300s (custom)
2023-06-21 16:52:14,017 [8245ab04-78c1-4e53-8989-11805473ea66-NettyServerStreamRpc-bossGroup--thread1] INFO  logging.LoggingHandler (AbstractInternalLogger.java:log(148)) - [id: 0x80602626] BIND: 0.0.0.0/0.0.0.0:15033
2023-06-21 16:52:14,017 [8245ab04-78c1-4e53-8989-11805473ea66-NettyServerStreamRpc-bossGroup--thread1] INFO  logging.LoggingHandler (AbstractInternalLogger.java:log(148)) - [id: 0x80602626, L:/0:0:0:0:0:0:0:0:15033] ACTIVE
2023-06-21 16:52:14,017 [main] INFO  server.RaftServerConfigKeys (ConfUtils.java:logGet(46)) - raft.server.leaderelection.leader.step-down.wait-time = 10s (default)
2023-06-21 16:52:14,018 [main] INFO  server.RaftServerConfigKeys (ConfUtils.java:logGet(46)) - raft.server.storage.dir = [/home/runner/work/ozone/ozone/hadoop-ozone/integration-test/target/test-dir/MiniOzoneClusterImpl-bc117425-4aef-44e4-9aa3-5f74caebda79/datanode-2/data/ratis] (custom)
2023-06-21 16:52:14,020 [main] INFO  server.XceiverServerGrpc (XceiverServerGrpc.java:<init>(132)) - GrpcServer channel type EpollServerSocketChannel
2023-06-21 16:52:14,023 [main] INFO  replication.ReplicationSupervisor (ReplicationSupervisor.java:nodeStateUpdated(305)) - Node state updated to IN_SERVICE, scaling executor pool size to 10
2023-06-21 16:52:14,031 [main] INFO  http.BaseHttpServer (BaseHttpServer.java:newHttpServer2BuilderForOzone(224)) - Starting Web-server for hddsDatanode at: http://0.0.0.0:15027
2023-06-21 16:52:14,031 [main] INFO  http.BaseHttpServer (BaseHttpServer.java:<init>(111)) - Hadoop Security Enabled: false Ozone Security Enabled: false Ozone HTTP Security Enabled: false 
2023-06-21 16:52:14,033 [main] WARN  server.AuthenticationFilter (AuthenticationFilter.java:constructSecretProvider(240)) - Unable to initialize FileSignerSecretProvider, falling back to use random secrets. Reason: Could not read signature secret file: /home/runner/hadoop-http-auth-signature-secret
2023-06-21 16:52:14,034 [main] INFO  http.HttpRequestLog (HttpRequestLog.java:getRequestLog(86)) - Http request log for http.requests.hddsDatanode is not defined
2023-06-21 16:52:14,037 [main] INFO  http.HttpServer2 (HttpServer2.java:addGlobalFilter(1031)) - Added global filter 'safety' (class=org.apache.hadoop.hdds.server.http.HttpServer2$QuotingInputFilter)
2023-06-21 16:52:14,037 [main] INFO  http.HttpServer2 (HttpServer2.java:addFilter(1007)) - Added filter static_user_filter (class=org.apache.hadoop.http.lib.StaticUserWebFilter$StaticUserFilter) to context hddsDatanode
2023-06-21 16:52:14,038 [main] INFO  http.HttpServer2 (HttpServer2.java:addFilter(1015)) - Added filter static_user_filter (class=org.apache.hadoop.http.lib.StaticUserWebFilter$StaticUserFilter) to context logs
2023-06-21 16:52:14,038 [main] INFO  http.HttpServer2 (HttpServer2.java:addFilter(1015)) - Added filter static_user_filter (class=org.apache.hadoop.http.lib.StaticUserWebFilter$StaticUserFilter) to context static
2023-06-21 16:52:14,038 [main] INFO  http.BaseHttpServer (BaseHttpServer.java:<init>(190)) - HTTP server of hddsDatanode uses base directory /home/runner/work/ozone/ozone/hadoop-ozone/integration-test/target/test-dir/MiniOzoneClusterImpl-bc117425-4aef-44e4-9aa3-5f74caebda79/datanode-2/meta/webserver
2023-06-21 16:52:14,039 [main] INFO  http.HttpServer2 (HttpServer2.java:bindListener(1250)) - Jetty bound to port 15027
2023-06-21 16:52:14,039 [main] INFO  server.Server (Server.java:doStart(375)) - jetty-9.4.51.v20230217; built: 2023-02-17T08:19:37.309Z; git: b45c405e4544384de066f814ed42ae3dceacdd49; jvm 1.8.0_372-b07
2023-06-21 16:52:14,041 [main] INFO  server.session (DefaultSessionIdManager.java:doStart(334)) - DefaultSessionIdManager workerName=node0
2023-06-21 16:52:14,041 [main] INFO  server.session (DefaultSessionIdManager.java:doStart(339)) - No SessionScavenger set, using defaults
2023-06-21 16:52:14,041 [main] INFO  server.session (HouseKeeper.java:startScavenging(132)) - node0 Scavenging every 600000ms
2023-06-21 16:52:14,043 [main] INFO  handler.ContextHandler (ContextHandler.java:doStart(921)) - Started o.e.j.s.ServletContextHandler@22711852{logs,/logs,file:///home/runner/work/ozone/ozone/hadoop-ozone/integration-test/target/log,AVAILABLE}
2023-06-21 16:52:14,044 [main] INFO  handler.ContextHandler (ContextHandler.java:doStart(921)) - Started o.e.j.s.ServletContextHandler@25ab7132{static,/static,jar:file:/home/runner/.m2/repository/org/apache/ozone/hdds-container-service/1.4.0-SNAPSHOT/hdds-container-service-1.4.0-SNAPSHOT.jar!/webapps/static,AVAILABLE}
2023-06-21 16:52:14,288 [main] INFO  handler.ContextHandler (ContextHandler.java:doStart(921)) - Started o.e.j.w.WebAppContext@2cd3f1c0{hddsDatanode,/,file:///home/runner/work/ozone/ozone/hadoop-ozone/integration-test/target/test-dir/MiniOzoneClusterImpl-bc117425-4aef-44e4-9aa3-5f74caebda79/datanode-2/meta/webserver/jetty-0_0_0_0-15027-hdds-container-service-1_4_0-SNAPSHOT_jar-_-any-609354540825397428/webapp/,AVAILABLE}{jar:file:/home/runner/.m2/repository/org/apache/ozone/hdds-container-service/1.4.0-SNAPSHOT/hdds-container-service-1.4.0-SNAPSHOT.jar!/webapps/hddsDatanode}
2023-06-21 16:52:14,291 [main] INFO  server.AbstractConnector (AbstractConnector.java:doStart(333)) - Started ServerConnector@29d38163{HTTP/1.1, (http/1.1)}{0.0.0.0:15027}
2023-06-21 16:52:14,291 [main] INFO  server.Server (Server.java:doStart(415)) - Started @11404ms
2023-06-21 16:52:14,291 [main] WARN  impl.MetricsSystemImpl (MetricsSystemImpl.java:register(279)) - Sink prometheus already exists!
2023-06-21 16:52:14,292 [main] INFO  http.BaseHttpServer (BaseHttpServer.java:updateConnectorAddress(344)) - HTTP server of hddsDatanode listening at http://0.0.0.0:15027
2023-06-21 16:52:14,293 [main] INFO  ipc.CallQueueManager (CallQueueManager.java:<init>(90)) - Using callQueue: class java.util.concurrent.LinkedBlockingQueue, queueCapacity: 100, scheduler: class org.apache.hadoop.ipc.DefaultRpcScheduler, ipcBackoff: false.
2023-06-21 16:52:14,293 [Socket Reader #1 for port 15028] INFO  ipc.Server (Server.java:run(1319)) - Starting Socket Reader #1 for port 15028
2023-06-21 16:52:14,296 [Listener at 0.0.0.0/15028] INFO  hdds.HddsUtils (HddsUtils.java:preserveThreadName(848)) - Restoring thread name: main
2023-06-21 16:52:14,296 [main] INFO  ozone.HddsDatanodeService (HddsDatanodeService.java:start(344)) - Datanode start with admins: [runner]
2023-06-21 16:52:14,297 [main] INFO  ozone.HddsDatanodeClientProtocolServer (HddsDatanodeClientProtocolServer.java:start(72)) - RPC server for Client /0.0.0.0:15028
2023-06-21 16:52:14,299 [IPC Server Responder] INFO  ipc.Server (Server.java:run(1558)) - IPC Server Responder: starting
2023-06-21 16:52:14,304 [IPC Server listener on 15028] INFO  ipc.Server (Server.java:run(1398)) - IPC Server listener on 15028: starting
2023-06-21 16:52:14,305 [main] INFO  ozone.MiniOzoneClusterImpl (MiniOzoneClusterImpl.java:lambda$waitForClusterToBeReady$0(224)) - Waiting for nodes to be ready. Got 0 of 3 DN Heartbeats.
2023-06-21 16:52:14,311 [main] INFO  ozone.MiniOzoneClusterImpl (MiniOzoneClusterImpl.java:lambda$waitForClusterToBeReady$0(227)) - Waiting for cluster to exit safe mode
2023-06-21 16:52:14,312 [main] INFO  ozone.MiniOzoneClusterImpl (MiniOzoneClusterImpl.java:lambda$waitForClusterToBeReady$0(229)) - SCM became leader
2023-06-21 16:52:14,304 [Datanode State Machine Daemon Thread] INFO  statemachine.DatanodeStateMachine (DatanodeStateMachine.java:lambda$startDaemon$0(531)) - Ozone container server started.
2023-06-21 16:52:14,319 [Datanode State Machine Task Thread - 0] INFO  datanode.InitDatanodeState (InitDatanodeState.java:persistContainerDatanodeDetails(138)) - DatanodeDetails is persisted to /home/runner/work/ozone/ozone/hadoop-ozone/integration-test/target/test-dir/MiniOzoneClusterImpl-bc117425-4aef-44e4-9aa3-5f74caebda79/datanode-2/meta/datanode.id
2023-06-21 16:52:15,312 [main] INFO  ozone.MiniOzoneClusterImpl (MiniOzoneClusterImpl.java:lambda$waitForClusterToBeReady$0(224)) - Waiting for nodes to be ready. Got 0 of 3 DN Heartbeats.
2023-06-21 16:52:15,312 [main] INFO  ozone.MiniOzoneClusterImpl (MiniOzoneClusterImpl.java:lambda$waitForClusterToBeReady$0(227)) - Waiting for cluster to exit safe mode
2023-06-21 16:52:15,312 [main] INFO  ozone.MiniOzoneClusterImpl (MiniOzoneClusterImpl.java:lambda$waitForClusterToBeReady$0(229)) - SCM became leader
2023-06-21 16:52:15,456 [EndpointStateMachine task thread for /0.0.0.0:15002 - 0 ] INFO  utils.DatanodeStoreCache (DatanodeStoreCache.java:addDB(66)) - Added db /home/runner/work/ozone/ozone/hadoop-ozone/integration-test/target/test-dir/MiniOzoneClusterImpl-bc117425-4aef-44e4-9aa3-5f74caebda79/datanode-0/data-0/containers/hdds/bc117425-4aef-44e4-9aa3-5f74caebda79/DS-a890392f-6dc9-41d9-a45c-429d9262c8c1/container.db to cache
2023-06-21 16:52:15,457 [EndpointStateMachine task thread for /0.0.0.0:15002 - 0 ] INFO  volume.HddsVolume (HddsVolume.java:createDbStore(350)) - SchemaV3 db is created and loaded at /home/runner/work/ozone/ozone/hadoop-ozone/integration-test/target/test-dir/MiniOzoneClusterImpl-bc117425-4aef-44e4-9aa3-5f74caebda79/datanode-0/data-0/containers/hdds/bc117425-4aef-44e4-9aa3-5f74caebda79/DS-a890392f-6dc9-41d9-a45c-429d9262c8c1/container.db for volume DS-a890392f-6dc9-41d9-a45c-429d9262c8c1
2023-06-21 16:52:15,462 [EndpointStateMachine task thread for /0.0.0.0:15002 - 0 ] INFO  ozoneimpl.OzoneContainer (OzoneContainer.java:start(411)) - Attempting to start container services.
2023-06-21 16:52:15,465 [EndpointStateMachine task thread for /0.0.0.0:15002 - 0 ] INFO  ozoneimpl.OzoneContainer (OzoneContainer.java:startContainerScrub(327)) - Scheduled background container scanners and the on-demand container scanner have been disabled.
2023-06-21 16:52:15,467 [EndpointStateMachine task thread for /0.0.0.0:15002 - 0 ] INFO  replication.ReplicationServer (ReplicationServer.java:start(128)) - ReplicationServer is started using port 15016
2023-06-21 16:52:15,467 [EndpointStateMachine task thread for /0.0.0.0:15002 - 0 ] INFO  ratis.XceiverServerRatis (XceiverServerRatis.java:start(517)) - Starting XceiverServerRatis 44f60e89-e275-465b-85ec-e219e0803a81
2023-06-21 16:52:15,468 [EndpointStateMachine task thread for /0.0.0.0:15002 - 0 ] INFO  server.RaftServer (RaftServerProxy.java:startImpl(400)) - 44f60e89-e275-465b-85ec-e219e0803a81: start RPC server
2023-06-21 16:52:15,476 [EndpointStateMachine task thread for /0.0.0.0:15002 - 0 ] INFO  server.GrpcService (GrpcService.java:startImpl(302)) - 44f60e89-e275-465b-85ec-e219e0803a81: GrpcService started, listening on 15012
2023-06-21 16:52:15,478 [EndpointStateMachine task thread for /0.0.0.0:15002 - 0 ] INFO  server.GrpcService (GrpcService.java:startImpl(302)) - 44f60e89-e275-465b-85ec-e219e0803a81: GrpcService started, listening on 15014
2023-06-21 16:52:15,480 [EndpointStateMachine task thread for /0.0.0.0:15002 - 0 ] INFO  server.GrpcService (GrpcService.java:startImpl(302)) - 44f60e89-e275-465b-85ec-e219e0803a81: GrpcService started, listening on 15013
2023-06-21 16:52:15,480 [EndpointStateMachine task thread for /0.0.0.0:15002 - 0 ] INFO  ratis.XceiverServerRatis (XceiverServerRatis.java:getRealPort(543)) - XceiverServerRatis 44f60e89-e275-465b-85ec-e219e0803a81 is started using port 15012 for RATIS
2023-06-21 16:52:15,480 [JvmPauseMonitor2] INFO  util.JvmPauseMonitor (JvmPauseMonitor.java:run(103)) - JvmPauseMonitor-44f60e89-e275-465b-85ec-e219e0803a81: Started
2023-06-21 16:52:15,480 [EndpointStateMachine task thread for /0.0.0.0:15002 - 0 ] INFO  ratis.XceiverServerRatis (XceiverServerRatis.java:getRealPort(543)) - XceiverServerRatis 44f60e89-e275-465b-85ec-e219e0803a81 is started using port 15013 for RATIS_ADMIN
2023-06-21 16:52:15,480 [EndpointStateMachine task thread for /0.0.0.0:15002 - 0 ] INFO  ratis.XceiverServerRatis (XceiverServerRatis.java:getRealPort(543)) - XceiverServerRatis 44f60e89-e275-465b-85ec-e219e0803a81 is started using port 15014 for RATIS_SERVER
2023-06-21 16:52:15,480 [EndpointStateMachine task thread for /0.0.0.0:15002 - 0 ] INFO  ratis.XceiverServerRatis (XceiverServerRatis.java:getRealPort(543)) - XceiverServerRatis 44f60e89-e275-465b-85ec-e219e0803a81 is started using port 15015 for RATIS_DATASTREAM
2023-06-21 16:52:15,497 [BlockDeletingService#0] INFO  interfaces.ContainerDeletionChoosingPolicyTemplate (ContainerDeletionChoosingPolicyTemplate.java:chooseContainerForBlockDeletion(83)) - Chosen 0/5000 blocks from 0 candidate containers.
2023-06-21 16:52:15,941 [EndpointStateMachine task thread for /0.0.0.0:15002 - 0 ] INFO  utils.DatanodeStoreCache (DatanodeStoreCache.java:addDB(66)) - Added db /home/runner/work/ozone/ozone/hadoop-ozone/integration-test/target/test-dir/MiniOzoneClusterImpl-bc117425-4aef-44e4-9aa3-5f74caebda79/datanode-1/data-0/containers/hdds/bc117425-4aef-44e4-9aa3-5f74caebda79/DS-2be32cf9-d4b4-482b-adb4-8944b30b618b/container.db to cache
2023-06-21 16:52:15,942 [EndpointStateMachine task thread for /0.0.0.0:15002 - 0 ] INFO  volume.HddsVolume (HddsVolume.java:createDbStore(350)) - SchemaV3 db is created and loaded at /home/runner/work/ozone/ozone/hadoop-ozone/integration-test/target/test-dir/MiniOzoneClusterImpl-bc117425-4aef-44e4-9aa3-5f74caebda79/datanode-1/data-0/containers/hdds/bc117425-4aef-44e4-9aa3-5f74caebda79/DS-2be32cf9-d4b4-482b-adb4-8944b30b618b/container.db for volume DS-2be32cf9-d4b4-482b-adb4-8944b30b618b
2023-06-21 16:52:15,943 [EndpointStateMachine task thread for /0.0.0.0:15002 - 0 ] INFO  ozoneimpl.OzoneContainer (OzoneContainer.java:start(411)) - Attempting to start container services.
2023-06-21 16:52:15,943 [EndpointStateMachine task thread for /0.0.0.0:15002 - 0 ] INFO  ozoneimpl.OzoneContainer (OzoneContainer.java:startContainerScrub(327)) - Scheduled background container scanners and the on-demand container scanner have been disabled.
2023-06-21 16:52:15,945 [EndpointStateMachine task thread for /0.0.0.0:15002 - 0 ] INFO  replication.ReplicationServer (ReplicationServer.java:start(128)) - ReplicationServer is started using port 15025
2023-06-21 16:52:15,946 [EndpointStateMachine task thread for /0.0.0.0:15002 - 0 ] INFO  ratis.XceiverServerRatis (XceiverServerRatis.java:start(517)) - Starting XceiverServerRatis 0ffaae9a-de1a-4167-9662-2ff6145c2fa0
2023-06-21 16:52:15,947 [EndpointStateMachine task thread for /0.0.0.0:15002 - 0 ] INFO  server.RaftServer (RaftServerProxy.java:startImpl(400)) - 0ffaae9a-de1a-4167-9662-2ff6145c2fa0: start RPC server
2023-06-21 16:52:15,953 [EndpointStateMachine task thread for /0.0.0.0:15002 - 0 ] INFO  server.GrpcService (GrpcService.java:startImpl(302)) - 0ffaae9a-de1a-4167-9662-2ff6145c2fa0: GrpcService started, listening on 15021
2023-06-21 16:52:15,954 [EndpointStateMachine task thread for /0.0.0.0:15002 - 0 ] INFO  server.GrpcService (GrpcService.java:startImpl(302)) - 0ffaae9a-de1a-4167-9662-2ff6145c2fa0: GrpcService started, listening on 15023
2023-06-21 16:52:15,958 [EndpointStateMachine task thread for /0.0.0.0:15002 - 0 ] INFO  server.GrpcService (GrpcService.java:startImpl(302)) - 0ffaae9a-de1a-4167-9662-2ff6145c2fa0: GrpcService started, listening on 15022
2023-06-21 16:52:15,959 [EndpointStateMachine task thread for /0.0.0.0:15002 - 0 ] INFO  ratis.XceiverServerRatis (XceiverServerRatis.java:getRealPort(543)) - XceiverServerRatis 0ffaae9a-de1a-4167-9662-2ff6145c2fa0 is started using port 15021 for RATIS
2023-06-21 16:52:15,959 [JvmPauseMonitor3] INFO  util.JvmPauseMonitor (JvmPauseMonitor.java:run(103)) - JvmPauseMonitor-0ffaae9a-de1a-4167-9662-2ff6145c2fa0: Started
2023-06-21 16:52:15,959 [EndpointStateMachine task thread for /0.0.0.0:15002 - 0 ] INFO  ratis.XceiverServerRatis (XceiverServerRatis.java:getRealPort(543)) - XceiverServerRatis 0ffaae9a-de1a-4167-9662-2ff6145c2fa0 is started using port 15022 for RATIS_ADMIN
2023-06-21 16:52:15,959 [EndpointStateMachine task thread for /0.0.0.0:15002 - 0 ] INFO  ratis.XceiverServerRatis (XceiverServerRatis.java:getRealPort(543)) - XceiverServerRatis 0ffaae9a-de1a-4167-9662-2ff6145c2fa0 is started using port 15023 for RATIS_SERVER
2023-06-21 16:52:15,959 [EndpointStateMachine task thread for /0.0.0.0:15002 - 0 ] INFO  ratis.XceiverServerRatis (XceiverServerRatis.java:getRealPort(543)) - XceiverServerRatis 0ffaae9a-de1a-4167-9662-2ff6145c2fa0 is started using port 15024 for RATIS_DATASTREAM
2023-06-21 16:52:15,968 [BlockDeletingService#0] INFO  interfaces.ContainerDeletionChoosingPolicyTemplate (ContainerDeletionChoosingPolicyTemplate.java:chooseContainerForBlockDeletion(83)) - Chosen 0/5000 blocks from 0 candidate containers.
2023-06-21 16:52:16,312 [main] INFO  ozone.MiniOzoneClusterImpl (MiniOzoneClusterImpl.java:lambda$waitForClusterToBeReady$0(224)) - Waiting for nodes to be ready. Got 0 of 3 DN Heartbeats.
2023-06-21 16:52:16,313 [main] INFO  ozone.MiniOzoneClusterImpl (MiniOzoneClusterImpl.java:lambda$waitForClusterToBeReady$0(227)) - Waiting for cluster to exit safe mode
2023-06-21 16:52:16,313 [main] INFO  ozone.MiniOzoneClusterImpl (MiniOzoneClusterImpl.java:lambda$waitForClusterToBeReady$0(229)) - SCM became leader
2023-06-21 16:52:16,358 [EndpointStateMachine task thread for /0.0.0.0:15002 - 0 ] INFO  utils.DatanodeStoreCache (DatanodeStoreCache.java:addDB(66)) - Added db /home/runner/work/ozone/ozone/hadoop-ozone/integration-test/target/test-dir/MiniOzoneClusterImpl-bc117425-4aef-44e4-9aa3-5f74caebda79/datanode-2/data-0/containers/hdds/bc117425-4aef-44e4-9aa3-5f74caebda79/DS-981c3e91-ce6e-4d79-80d3-2337318c86e7/container.db to cache
2023-06-21 16:52:16,358 [EndpointStateMachine task thread for /0.0.0.0:15002 - 0 ] INFO  volume.HddsVolume (HddsVolume.java:createDbStore(350)) - SchemaV3 db is created and loaded at /home/runner/work/ozone/ozone/hadoop-ozone/integration-test/target/test-dir/MiniOzoneClusterImpl-bc117425-4aef-44e4-9aa3-5f74caebda79/datanode-2/data-0/containers/hdds/bc117425-4aef-44e4-9aa3-5f74caebda79/DS-981c3e91-ce6e-4d79-80d3-2337318c86e7/container.db for volume DS-981c3e91-ce6e-4d79-80d3-2337318c86e7
2023-06-21 16:52:16,359 [EndpointStateMachine task thread for /0.0.0.0:15002 - 0 ] INFO  ozoneimpl.OzoneContainer (OzoneContainer.java:start(411)) - Attempting to start container services.
2023-06-21 16:52:16,359 [EndpointStateMachine task thread for /0.0.0.0:15002 - 0 ] INFO  ozoneimpl.OzoneContainer (OzoneContainer.java:startContainerScrub(327)) - Scheduled background container scanners and the on-demand container scanner have been disabled.
2023-06-21 16:52:16,365 [EndpointStateMachine task thread for /0.0.0.0:15002 - 0 ] INFO  replication.ReplicationServer (ReplicationServer.java:start(128)) - ReplicationServer is started using port 15034
2023-06-21 16:52:16,365 [EndpointStateMachine task thread for /0.0.0.0:15002 - 0 ] INFO  ratis.XceiverServerRatis (XceiverServerRatis.java:start(517)) - Starting XceiverServerRatis 8245ab04-78c1-4e53-8989-11805473ea66
2023-06-21 16:52:16,366 [EndpointStateMachine task thread for /0.0.0.0:15002 - 0 ] INFO  server.RaftServer (RaftServerProxy.java:startImpl(400)) - 8245ab04-78c1-4e53-8989-11805473ea66: start RPC server
2023-06-21 16:52:16,369 [EndpointStateMachine task thread for /0.0.0.0:15002 - 0 ] INFO  server.GrpcService (GrpcService.java:startImpl(302)) - 8245ab04-78c1-4e53-8989-11805473ea66: GrpcService started, listening on 15030
2023-06-21 16:52:16,371 [EndpointStateMachine task thread for /0.0.0.0:15002 - 0 ] INFO  server.GrpcService (GrpcService.java:startImpl(302)) - 8245ab04-78c1-4e53-8989-11805473ea66: GrpcService started, listening on 15032
2023-06-21 16:52:16,372 [EndpointStateMachine task thread for /0.0.0.0:15002 - 0 ] INFO  server.GrpcService (GrpcService.java:startImpl(302)) - 8245ab04-78c1-4e53-8989-11805473ea66: GrpcService started, listening on 15031
2023-06-21 16:52:16,373 [EndpointStateMachine task thread for /0.0.0.0:15002 - 0 ] INFO  ratis.XceiverServerRatis (XceiverServerRatis.java:getRealPort(543)) - XceiverServerRatis 8245ab04-78c1-4e53-8989-11805473ea66 is started using port 15030 for RATIS
2023-06-21 16:52:16,373 [JvmPauseMonitor4] INFO  util.JvmPauseMonitor (JvmPauseMonitor.java:run(103)) - JvmPauseMonitor-8245ab04-78c1-4e53-8989-11805473ea66: Started
2023-06-21 16:52:16,373 [EndpointStateMachine task thread for /0.0.0.0:15002 - 0 ] INFO  ratis.XceiverServerRatis (XceiverServerRatis.java:getRealPort(543)) - XceiverServerRatis 8245ab04-78c1-4e53-8989-11805473ea66 is started using port 15031 for RATIS_ADMIN
2023-06-21 16:52:16,373 [EndpointStateMachine task thread for /0.0.0.0:15002 - 0 ] INFO  ratis.XceiverServerRatis (XceiverServerRatis.java:getRealPort(543)) - XceiverServerRatis 8245ab04-78c1-4e53-8989-11805473ea66 is started using port 15032 for RATIS_SERVER
2023-06-21 16:52:16,373 [EndpointStateMachine task thread for /0.0.0.0:15002 - 0 ] INFO  ratis.XceiverServerRatis (XceiverServerRatis.java:getRealPort(543)) - XceiverServerRatis 8245ab04-78c1-4e53-8989-11805473ea66 is started using port 15033 for RATIS_DATASTREAM
2023-06-21 16:52:16,381 [BlockDeletingService#0] INFO  interfaces.ContainerDeletionChoosingPolicyTemplate (ContainerDeletionChoosingPolicyTemplate.java:chooseContainerForBlockDeletion(83)) - Chosen 0/5000 blocks from 0 candidate containers.
2023-06-21 16:52:17,313 [main] INFO  ozone.MiniOzoneClusterImpl (MiniOzoneClusterImpl.java:lambda$waitForClusterToBeReady$0(224)) - Waiting for nodes to be ready. Got 0 of 3 DN Heartbeats.
2023-06-21 16:52:17,313 [main] INFO  ozone.MiniOzoneClusterImpl (MiniOzoneClusterImpl.java:lambda$waitForClusterToBeReady$0(227)) - Waiting for cluster to exit safe mode
2023-06-21 16:52:17,313 [main] INFO  ozone.MiniOzoneClusterImpl (MiniOzoneClusterImpl.java:lambda$waitForClusterToBeReady$0(229)) - SCM became leader
2023-06-21 16:52:17,341 [IPC Server handler 17 on default port 15002] INFO  net.NetworkTopologyImpl (NetworkTopologyImpl.java:add(112)) - Added a new node: /default-rack/44f60e89-e275-465b-85ec-e219e0803a81
2023-06-21 16:52:17,344 [IPC Server handler 17 on default port 15002] INFO  node.SCMNodeManager (SCMNodeManager.java:register(406)) - Registered Data node : 44f60e89-e275-465b-85ec-e219e0803a81{ip: 10.1.0.51, host: fv-az624-409, ports: [HTTP=15009, CLIENT_RPC=15010, REPLICATION=15016, RATIS=15012, RATIS_ADMIN=15013, RATIS_SERVER=15014, RATIS_DATASTREAM=15015, STANDALONE=15011], networkLocation: /default-rack, certSerialId: null, persistedOpState: null, persistedOpStateExpiryEpochSec: 0}
2023-06-21 16:52:17,354 [EventQueue-NodeRegistrationContainerReportForContainerSafeModeRule] INFO  safemode.SCMSafeModeManager (SCMSafeModeManager.java:validateSafeModeExitRules(200)) - ContainerSafeModeRule rule is successfully validated
2023-06-21 16:52:17,354 [EventQueue-NodeRegistrationContainerReportForDataNodeSafeModeRule] INFO  safemode.SCMSafeModeManager (DataNodeSafeModeRule.java:process(71)) - SCM in safe mode. 1 DataNodes registered, 3 required.
2023-06-21 16:52:17,355 [EventQueue-NewNodeForNewNodeHandler] INFO  pipeline.BackgroundPipelineCreator (BackgroundPipelineCreator.java:notifyEventTriggered(276)) - trigger a one-shot run on RatisPipelineUtilsThread.
2023-06-21 16:52:17,364 [EventQueue-PipelineReportForOneReplicaPipelineSafeModeRule] INFO  safemode.SCMSafeModeManager (SCMSafeModeManager.java:validateSafeModeExitRules(200)) - AtleastOneDatanodeReportedRule rule is successfully validated
2023-06-21 16:52:17,366 [RatisPipelineUtilsThread - 0] INFO  pipeline.RatisPipelineProvider (RatisPipelineProvider.java:lambda$create$0(206)) - Sending CreatePipelineCommand for pipeline:PipelineID=ae2abaea-6ec7-44a5-aa81-9053350b20cc to datanode:44f60e89-e275-465b-85ec-e219e0803a81
2023-06-21 16:52:17,387 [RatisPipelineUtilsThread - 0] INFO  pipeline.PipelineStateManagerImpl (PipelineStateManagerImpl.java:addPipeline(103)) - Created pipeline Pipeline[ Id: ae2abaea-6ec7-44a5-aa81-9053350b20cc, Nodes: 44f60e89-e275-465b-85ec-e219e0803a81(fv-az624-409/10.1.0.51), ReplicationConfig: RATIS/ONE, State:ALLOCATED, leaderId:, CreationTimestamp2023-06-21T16:52:17.364Z[Etc/UTC]].
2023-06-21 16:52:17,901 [IPC Server handler 19 on default port 15002] INFO  net.NetworkTopologyImpl (NetworkTopologyImpl.java:add(112)) - Added a new node: /default-rack/0ffaae9a-de1a-4167-9662-2ff6145c2fa0
2023-06-21 16:52:17,901 [IPC Server handler 19 on default port 15002] INFO  node.SCMNodeManager (SCMNodeManager.java:register(406)) - Registered Data node : 0ffaae9a-de1a-4167-9662-2ff6145c2fa0{ip: 10.1.0.51, host: fv-az624-409, ports: [HTTP=15018, CLIENT_RPC=15019, REPLICATION=15025, RATIS=15021, RATIS_ADMIN=15022, RATIS_SERVER=15023, RATIS_DATASTREAM=15024, STANDALONE=15020], networkLocation: /default-rack, certSerialId: null, persistedOpState: null, persistedOpStateExpiryEpochSec: 0}
2023-06-21 16:52:17,903 [EventQueue-NodeRegistrationContainerReportForDataNodeSafeModeRule] INFO  safemode.SCMSafeModeManager (DataNodeSafeModeRule.java:process(71)) - SCM in safe mode. 2 DataNodes registered, 3 required.
2023-06-21 16:52:17,904 [EventQueue-NewNodeForNewNodeHandler] INFO  pipeline.BackgroundPipelineCreator (BackgroundPipelineCreator.java:notifyEventTriggered(276)) - trigger a one-shot run on RatisPipelineUtilsThread.
2023-06-21 16:52:17,905 [RatisPipelineUtilsThread - 0] INFO  pipeline.RatisPipelineProvider (RatisPipelineProvider.java:lambda$create$0(206)) - Sending CreatePipelineCommand for pipeline:PipelineID=988cf191-3165-49b5-88a3-83d9e75e45ee to datanode:0ffaae9a-de1a-4167-9662-2ff6145c2fa0
2023-06-21 16:52:17,906 [RatisPipelineUtilsThread - 0] INFO  pipeline.PipelineStateManagerImpl (PipelineStateManagerImpl.java:addPipeline(103)) - Created pipeline Pipeline[ Id: 988cf191-3165-49b5-88a3-83d9e75e45ee, Nodes: 0ffaae9a-de1a-4167-9662-2ff6145c2fa0(fv-az624-409/10.1.0.51), ReplicationConfig: RATIS/ONE, State:ALLOCATED, leaderId:, CreationTimestamp2023-06-21T16:52:17.905Z[Etc/UTC]].
2023-06-21 16:52:18,314 [main] INFO  ozone.MiniOzoneClusterImpl (MiniOzoneClusterImpl.java:lambda$waitForClusterToBeReady$0(224)) - Waiting for nodes to be ready. Got 2 of 3 DN Heartbeats.
2023-06-21 16:52:18,314 [main] INFO  ozone.MiniOzoneClusterImpl (MiniOzoneClusterImpl.java:lambda$waitForClusterToBeReady$0(227)) - Waiting for cluster to exit safe mode
2023-06-21 16:52:18,314 [main] INFO  ozone.MiniOzoneClusterImpl (MiniOzoneClusterImpl.java:lambda$waitForClusterToBeReady$0(229)) - SCM became leader
2023-06-21 16:52:18,316 [IPC Server handler 18 on default port 15002] INFO  net.NetworkTopologyImpl (NetworkTopologyImpl.java:add(112)) - Added a new node: /default-rack/8245ab04-78c1-4e53-8989-11805473ea66
2023-06-21 16:52:18,316 [IPC Server handler 18 on default port 15002] INFO  node.SCMNodeManager (SCMNodeManager.java:register(406)) - Registered Data node : 8245ab04-78c1-4e53-8989-11805473ea66{ip: 10.1.0.51, host: fv-az624-409, ports: [HTTP=15027, CLIENT_RPC=15028, REPLICATION=15034, RATIS=15030, RATIS_ADMIN=15031, RATIS_SERVER=15032, RATIS_DATASTREAM=15033, STANDALONE=15029], networkLocation: /default-rack, certSerialId: null, persistedOpState: null, persistedOpStateExpiryEpochSec: 0}
2023-06-21 16:52:18,317 [EventQueue-NewNodeForNewNodeHandler] INFO  pipeline.BackgroundPipelineCreator (BackgroundPipelineCreator.java:notifyEventTriggered(276)) - trigger a one-shot run on RatisPipelineUtilsThread.
2023-06-21 16:52:18,317 [RatisPipelineUtilsThread - 0] INFO  pipeline.RatisPipelineProvider (RatisPipelineProvider.java:lambda$create$0(206)) - Sending CreatePipelineCommand for pipeline:PipelineID=f50fed80-0ba6-46d9-8e36-501f925ab6b1 to datanode:8245ab04-78c1-4e53-8989-11805473ea66
2023-06-21 16:52:18,318 [RatisPipelineUtilsThread - 0] INFO  pipeline.PipelineStateManagerImpl (PipelineStateManagerImpl.java:addPipeline(103)) - Created pipeline Pipeline[ Id: f50fed80-0ba6-46d9-8e36-501f925ab6b1, Nodes: 8245ab04-78c1-4e53-8989-11805473ea66(fv-az624-409/10.1.0.51), ReplicationConfig: RATIS/ONE, State:ALLOCATED, leaderId:, CreationTimestamp2023-06-21T16:52:18.317Z[Etc/UTC]].
2023-06-21 16:52:18,320 [EventQueue-NodeRegistrationContainerReportForDataNodeSafeModeRule] INFO  safemode.SCMSafeModeManager (DataNodeSafeModeRule.java:process(71)) - SCM in safe mode. 3 DataNodes registered, 3 required.
2023-06-21 16:52:18,320 [EventQueue-NodeRegistrationContainerReportForDataNodeSafeModeRule] INFO  safemode.SCMSafeModeManager (SCMSafeModeManager.java:validateSafeModeExitRules(200)) - DataNodeSafeModeRule rule is successfully validated
2023-06-21 16:52:18,320 [EventQueue-NodeRegistrationContainerReportForDataNodeSafeModeRule] INFO  safemode.SCMSafeModeManager (SCMSafeModeManager.java:completePreCheck(229)) - All SCM safe mode pre check rules have passed
2023-06-21 16:52:18,320 [EventQueue-NodeRegistrationContainerReportForDataNodeSafeModeRule] INFO  ha.SCMContext (SCMContext.java:updateSafeModeStatus(228)) - Update SafeModeStatus from SafeModeStatus{safeModeStatus=true, preCheckPassed=false} to SafeModeStatus{safeModeStatus=true, preCheckPassed=true}.
2023-06-21 16:52:18,320 [EventQueue-NodeRegistrationContainerReportForDataNodeSafeModeRule] INFO  pipeline.BackgroundPipelineCreator (BackgroundPipelineCreator.java:notifyEventTriggered(276)) - trigger a one-shot run on RatisPipelineUtilsThread.
2023-06-21 16:52:18,325 [RatisPipelineUtilsThread - 0] INFO  pipeline.RatisPipelineProvider (RatisPipelineProvider.java:lambda$create$0(206)) - Sending CreatePipelineCommand for pipeline:PipelineID=a7f633f1-2c07-4c3f-8075-5513452ea3c4 to datanode:8245ab04-78c1-4e53-8989-11805473ea66
2023-06-21 16:52:18,325 [RatisPipelineUtilsThread - 0] INFO  pipeline.RatisPipelineProvider (RatisPipelineProvider.java:lambda$create$0(206)) - Sending CreatePipelineCommand for pipeline:PipelineID=a7f633f1-2c07-4c3f-8075-5513452ea3c4 to datanode:0ffaae9a-de1a-4167-9662-2ff6145c2fa0
2023-06-21 16:52:18,326 [RatisPipelineUtilsThread - 0] INFO  pipeline.RatisPipelineProvider (RatisPipelineProvider.java:lambda$create$0(206)) - Sending CreatePipelineCommand for pipeline:PipelineID=a7f633f1-2c07-4c3f-8075-5513452ea3c4 to datanode:44f60e89-e275-465b-85ec-e219e0803a81
2023-06-21 16:52:18,327 [RatisPipelineUtilsThread - 0] INFO  pipeline.PipelineStateManagerImpl (PipelineStateManagerImpl.java:addPipeline(103)) - Created pipeline Pipeline[ Id: a7f633f1-2c07-4c3f-8075-5513452ea3c4, Nodes: 8245ab04-78c1-4e53-8989-11805473ea66(fv-az624-409/10.1.0.51)0ffaae9a-de1a-4167-9662-2ff6145c2fa0(fv-az624-409/10.1.0.51)44f60e89-e275-465b-85ec-e219e0803a81(fv-az624-409/10.1.0.51), ReplicationConfig: RATIS/THREE, State:ALLOCATED, leaderId:, CreationTimestamp2023-06-21T16:52:18.325Z[Etc/UTC]].
2023-06-21 16:52:18,328 [RatisPipelineUtilsThread - 0] INFO  pipeline.RatisPipelineProvider (RatisPipelineProvider.java:lambda$create$0(206)) - Sending CreatePipelineCommand for pipeline:PipelineID=7cce7c79-62a6-4dc2-9652-72f51a2b26ba to datanode:8245ab04-78c1-4e53-8989-11805473ea66
2023-06-21 16:52:18,328 [RatisPipelineUtilsThread - 0] INFO  pipeline.RatisPipelineProvider (RatisPipelineProvider.java:lambda$create$0(206)) - Sending CreatePipelineCommand for pipeline:PipelineID=7cce7c79-62a6-4dc2-9652-72f51a2b26ba to datanode:44f60e89-e275-465b-85ec-e219e0803a81
2023-06-21 16:52:18,328 [RatisPipelineUtilsThread - 0] INFO  pipeline.RatisPipelineProvider (RatisPipelineProvider.java:lambda$create$0(206)) - Sending CreatePipelineCommand for pipeline:PipelineID=7cce7c79-62a6-4dc2-9652-72f51a2b26ba to datanode:0ffaae9a-de1a-4167-9662-2ff6145c2fa0
2023-06-21 16:52:18,329 [RatisPipelineUtilsThread - 0] INFO  pipeline.PipelineStateManagerImpl (PipelineStateManagerImpl.java:addPipeline(103)) - Created pipeline Pipeline[ Id: 7cce7c79-62a6-4dc2-9652-72f51a2b26ba, Nodes: 8245ab04-78c1-4e53-8989-11805473ea66(fv-az624-409/10.1.0.51)44f60e89-e275-465b-85ec-e219e0803a81(fv-az624-409/10.1.0.51)0ffaae9a-de1a-4167-9662-2ff6145c2fa0(fv-az624-409/10.1.0.51), ReplicationConfig: RATIS/THREE, State:ALLOCATED, leaderId:, CreationTimestamp2023-06-21T16:52:18.328Z[Etc/UTC]].
2023-06-21 16:52:18,330 [RatisPipelineUtilsThread - 0] INFO  pipeline.PipelineManagerImpl (PipelineManagerImpl.java:recordMetricsForPipeline(826)) - Pipeline: PipelineID=7cce7c79-62a6-4dc2-9652-72f51a2b26ba contains same datanodes as previous pipelines: PipelineID=a7f633f1-2c07-4c3f-8075-5513452ea3c4 nodeIds: 8245ab04-78c1-4e53-8989-11805473ea66, 44f60e89-e275-465b-85ec-e219e0803a81, 0ffaae9a-de1a-4167-9662-2ff6145c2fa0
2023-06-21 16:52:18,333 [RatisPipelineUtilsThread - 0] WARN  pipeline.PipelinePlacementPolicy (PipelinePlacementPolicy.java:filterViableNodes(166)) - Pipeline creation failed due to no sufficient healthy datanodes. Required 3. Found 0. Excluded 3.
2023-06-21 16:52:19,316 [main] INFO  ozone.MiniOzoneClusterImpl (MiniOzoneClusterImpl.java:lambda$waitForClusterToBeReady$0(224)) - Nodes are ready. Got 3 of 3 DN Heartbeats.
2023-06-21 16:52:19,318 [main] INFO  ozone.MiniOzoneClusterImpl (MiniOzoneClusterImpl.java:lambda$waitForClusterToBeReady$0(227)) - Waiting for cluster to exit safe mode
2023-06-21 16:52:19,318 [main] INFO  ozone.MiniOzoneClusterImpl (MiniOzoneClusterImpl.java:lambda$waitForClusterToBeReady$0(229)) - SCM became leader
2023-06-21 16:52:20,321 [main] INFO  ozone.MiniOzoneClusterImpl (MiniOzoneClusterImpl.java:lambda$waitForClusterToBeReady$0(224)) - Nodes are ready. Got 3 of 3 DN Heartbeats.
2023-06-21 16:52:20,321 [main] INFO  ozone.MiniOzoneClusterImpl (MiniOzoneClusterImpl.java:lambda$waitForClusterToBeReady$0(227)) - Waiting for cluster to exit safe mode
2023-06-21 16:52:20,321 [main] INFO  ozone.MiniOzoneClusterImpl (MiniOzoneClusterImpl.java:lambda$waitForClusterToBeReady$0(229)) - SCM became leader
2023-06-21 16:52:20,371 [PipelineCommandHandlerThread-0] INFO  server.RaftServer (RaftServerProxy.java:addNew(98)) - 44f60e89-e275-465b-85ec-e219e0803a81: addNew group-9053350B20CC:[44f60e89-e275-465b-85ec-e219e0803a81|rpc:10.1.0.51:15014|admin:10.1.0.51:15013|client:10.1.0.51:15012|dataStream:10.1.0.51:15015|priority:1|startupRole:FOLLOWER] returns group-9053350B20CC:java.util.concurrent.CompletableFuture@a77f78d[Not completed]
2023-06-21 16:52:20,391 [44f60e89-e275-465b-85ec-e219e0803a81-groupManagement] INFO  server.RaftServer$Division (RaftServerImpl.java:<init>(198)) - 44f60e89-e275-465b-85ec-e219e0803a81: new RaftServerImpl for group-9053350B20CC:[44f60e89-e275-465b-85ec-e219e0803a81|rpc:10.1.0.51:15014|admin:10.1.0.51:15013|client:10.1.0.51:15012|dataStream:10.1.0.51:15015|priority:1|startupRole:FOLLOWER] with ContainerStateMachine:uninitialized
2023-06-21 16:52:20,391 [44f60e89-e275-465b-85ec-e219e0803a81-groupManagement] INFO  server.RaftServerConfigKeys (ConfUtils.java:logGet(46)) - raft.server.rpc.timeout.min = 5s (custom)
2023-06-21 16:52:20,391 [44f60e89-e275-465b-85ec-e219e0803a81-groupManagement] INFO  server.RaftServerConfigKeys (ConfUtils.java:logGet(46)) - raft.server.rpc.timeout.max = 5200ms (custom)
2023-06-21 16:52:20,392 [44f60e89-e275-465b-85ec-e219e0803a81-groupManagement] INFO  server.RaftServerConfigKeys (ConfUtils.java:logGet(46)) - raft.server.rpc.sleep.time = 25ms (default)
2023-06-21 16:52:20,392 [44f60e89-e275-465b-85ec-e219e0803a81-groupManagement] INFO  server.RaftServerConfigKeys (ConfUtils.java:logGet(46)) - raft.server.rpc.slowness.timeout = 300s (custom)
2023-06-21 16:52:20,392 [44f60e89-e275-465b-85ec-e219e0803a81-groupManagement] INFO  server.RaftServerConfigKeys (ConfUtils.java:logGet(46)) - raft.server.leaderelection.leader.step-down.wait-time = 10s (default)
2023-06-21 16:52:20,392 [44f60e89-e275-465b-85ec-e219e0803a81-groupManagement] INFO  server.RaftServerConfigKeys (ConfUtils.java:logGet(46)) - raft.server.sleep.deviation.threshold = 300ms (default)
2023-06-21 16:52:20,392 [44f60e89-e275-465b-85ec-e219e0803a81-groupManagement] INFO  server.RaftServer$Division (ServerState.java:<init>(120)) - 44f60e89-e275-465b-85ec-e219e0803a81@group-9053350B20CC: ConfigurationManager, init=-1: peers:[44f60e89-e275-465b-85ec-e219e0803a81|rpc:10.1.0.51:15014|admin:10.1.0.51:15013|client:10.1.0.51:15012|dataStream:10.1.0.51:15015|priority:1|startupRole:FOLLOWER]|listeners:[], old=null, confs=<EMPTY_MAP>
2023-06-21 16:52:20,392 [44f60e89-e275-465b-85ec-e219e0803a81-groupManagement] INFO  server.RaftServerConfigKeys (ConfUtils.java:logGet(46)) - raft.server.storage.dir = [/home/runner/work/ozone/ozone/hadoop-ozone/integration-test/target/test-dir/MiniOzoneClusterImpl-bc117425-4aef-44e4-9aa3-5f74caebda79/datanode-0/data/ratis] (custom)
2023-06-21 16:52:20,392 [44f60e89-e275-465b-85ec-e219e0803a81-groupManagement] INFO  server.RaftServerConfigKeys (ConfUtils.java:logGet(46)) - raft.server.log.corruption.policy = EXCEPTION (default)
2023-06-21 16:52:20,392 [44f60e89-e275-465b-85ec-e219e0803a81-groupManagement] INFO  server.RaftServerConfigKeys (ConfUtils.java:logGet(46)) - raft.server.storage.free-space.min = 0MB (=0) (default)
2023-06-21 16:52:20,393 [44f60e89-e275-465b-85ec-e219e0803a81-groupManagement] INFO  server.RaftServerConfigKeys (ConfUtils.java:logGet(46)) - raft.server.notification.no-leader.timeout = 300s (custom)
2023-06-21 16:52:20,393 [44f60e89-e275-465b-85ec-e219e0803a81-groupManagement] INFO  server.RaftServerConfigKeys (ConfUtils.java:logGet(46)) - raft.server.read.timeout = 10s (default)
2023-06-21 16:52:20,393 [44f60e89-e275-465b-85ec-e219e0803a81-groupManagement] INFO  server.RaftServerConfigKeys (ConfUtils.java:logGet(46)) - raft.server.retrycache.expirytime = 600000ms (custom)
2023-06-21 16:52:20,393 [44f60e89-e275-465b-85ec-e219e0803a81-groupManagement] INFO  server.RaftServerConfigKeys (ConfUtils.java:logGet(46)) - raft.server.retrycache.statistics.expirytime = 100μs (default)
2023-06-21 16:52:20,393 [44f60e89-e275-465b-85ec-e219e0803a81-groupManagement] INFO  server.RaftServerConfigKeys (ConfUtils.java:logGet(46)) - raft.server.read.option = DEFAULT (default)
2023-06-21 16:52:20,404 [44f60e89-e275-465b-85ec-e219e0803a81-groupManagement] INFO  server.RaftServerConfigKeys (ConfUtils.java:logGet(46)) - raft.server.rpc.request.timeout = 60s (custom)
2023-06-21 16:52:20,405 [44f60e89-e275-465b-85ec-e219e0803a81-groupManagement] INFO  server.RaftServerConfigKeys (ConfUtils.java:logGet(46)) - raft.server.log.appender.install.snapshot.enabled = false (custom)
2023-06-21 16:52:20,406 [44f60e89-e275-465b-85ec-e219e0803a81-groupManagement] INFO  server.RaftServerConfigKeys (ConfUtils.java:logGet(46)) - raft.server.threadpool.server.cached = true (default)
2023-06-21 16:52:20,406 [44f60e89-e275-465b-85ec-e219e0803a81-groupManagement] INFO  server.RaftServerConfigKeys (ConfUtils.java:logGet(46)) - raft.server.threadpool.server.size = 0 (default)
2023-06-21 16:52:20,406 [44f60e89-e275-465b-85ec-e219e0803a81-groupManagement] INFO  server.RaftServerConfigKeys (ConfUtils.java:logGet(46)) - raft.server.threadpool.client.cached = true (default)
2023-06-21 16:52:20,406 [44f60e89-e275-465b-85ec-e219e0803a81-groupManagement] INFO  server.RaftServerConfigKeys (ConfUtils.java:logGet(46)) - raft.server.threadpool.client.size = 0 (default)
2023-06-21 16:52:20,406 [44f60e89-e275-465b-85ec-e219e0803a81-groupManagement] INFO  storage.RaftStorageDirectory (RaftStorageDirectoryImpl.java:analyzeStorage(137)) - The storage directory /home/runner/work/ozone/ozone/hadoop-ozone/integration-test/target/test-dir/MiniOzoneClusterImpl-bc117425-4aef-44e4-9aa3-5f74caebda79/datanode-0/data/ratis/ae2abaea-6ec7-44a5-aa81-9053350b20cc does not exist. Creating ...
2023-06-21 16:52:20,409 [44f60e89-e275-465b-85ec-e219e0803a81-groupManagement] INFO  storage.RaftStorageDirectory (RaftStorageDirectoryImpl.java:tryLock(231)) - Lock on /home/runner/work/ozone/ozone/hadoop-ozone/integration-test/target/test-dir/MiniOzoneClusterImpl-bc117425-4aef-44e4-9aa3-5f74caebda79/datanode-0/data/ratis/ae2abaea-6ec7-44a5-aa81-9053350b20cc/in_use.lock acquired by nodename 103413@fv-az624-409
2023-06-21 16:52:20,410 [44f60e89-e275-465b-85ec-e219e0803a81-groupManagement] INFO  storage.RaftStorage (RaftStorageImpl.java:format(96)) - Storage directory /home/runner/work/ozone/ozone/hadoop-ozone/integration-test/target/test-dir/MiniOzoneClusterImpl-bc117425-4aef-44e4-9aa3-5f74caebda79/datanode-0/data/ratis/ae2abaea-6ec7-44a5-aa81-9053350b20cc has been successfully formatted.
2023-06-21 16:52:20,419 [44f60e89-e275-465b-85ec-e219e0803a81-groupManagement] INFO  ratis.ContainerStateMachine (ContainerStateMachine.java:loadSnapshot(262)) - group-9053350B20CC: The snapshot info is null. Setting the last applied indexto:(t:0, i:~)
2023-06-21 16:52:20,419 [44f60e89-e275-465b-85ec-e219e0803a81-groupManagement] INFO  server.RaftServerConfigKeys (ConfUtils.java:logGet(46)) - raft.server.log.use.memory = false (default)
2023-06-21 16:52:20,420 [44f60e89-e275-465b-85ec-e219e0803a81-groupManagement] INFO  server.RaftServerConfigKeys (ConfUtils.java:logGet(46)) - raft.server.log.purge.gap = 1000000 (custom)
2023-06-21 16:52:20,420 [44f60e89-e275-465b-85ec-e219e0803a81-groupManagement] INFO  server.RaftServerConfigKeys (ConfUtils.java:logGet(46)) - raft.server.log.appender.buffer.byte-limit = 33554432 (custom)
2023-06-21 16:52:20,420 [44f60e89-e275-465b-85ec-e219e0803a81-groupManagement] INFO  server.RaftServerConfigKeys (ConfUtils.java:logGet(46)) - raft.server.log.statemachine.data.read.timeout = 1000ms (default)
2023-06-21 16:52:20,420 [44f60e89-e275-465b-85ec-e219e0803a81-groupManagement] INFO  server.RaftServerConfigKeys (ConfUtils.java:logGet(46)) - raft.server.log.purge.preservation.log.num = 0 (default)
2023-06-21 16:52:20,420 [44f60e89-e275-465b-85ec-e219e0803a81-groupManagement] INFO  server.RaftServerConfigKeys (ConfUtils.java:logGet(46)) - raft.server.log.segment.size.max = 1048576 (custom)
2023-06-21 16:52:20,421 [44f60e89-e275-465b-85ec-e219e0803a81-groupManagement] INFO  server.RaftServerConfigKeys (ConfUtils.java:logGet(46)) - raft.server.log.segment.cache.num.max = 2 (custom)
2023-06-21 16:52:20,421 [44f60e89-e275-465b-85ec-e219e0803a81-groupManagement] INFO  server.RaftServerConfigKeys (ConfUtils.java:logGet(46)) - raft.server.log.segment.cache.size.max = 200MB (=209715200) (default)
2023-06-21 16:52:20,421 [44f60e89-e275-465b-85ec-e219e0803a81-groupManagement] INFO  server.RaftServerConfigKeys (ConfUtils.java:logGet(46)) - raft.server.log.appender.buffer.byte-limit = 33554432 (custom)
2023-06-21 16:52:20,421 [44f60e89-e275-465b-85ec-e219e0803a81-groupManagement] INFO  segmented.SegmentedRaftLogWorker (SegmentedRaftLogWorker.java:<init>(188)) - new 44f60e89-e275-465b-85ec-e219e0803a81@group-9053350B20CC-SegmentedRaftLogWorker for RaftStorageImpl:Storage Directory /home/runner/work/ozone/ozone/hadoop-ozone/integration-test/target/test-dir/MiniOzoneClusterImpl-bc117425-4aef-44e4-9aa3-5f74caebda79/datanode-0/data/ratis/ae2abaea-6ec7-44a5-aa81-9053350b20cc
2023-06-21 16:52:20,421 [44f60e89-e275-465b-85ec-e219e0803a81-groupManagement] INFO  server.RaftServerConfigKeys (ConfUtils.java:logGet(46)) - raft.server.log.queue.byte-limit = 4294967296 (custom)
2023-06-21 16:52:20,422 [44f60e89-e275-465b-85ec-e219e0803a81-groupManagement] INFO  server.RaftServerConfigKeys (ConfUtils.java:logGet(46)) - raft.server.log.queue.element-limit = 1024 (custom)
2023-06-21 16:52:20,422 [44f60e89-e275-465b-85ec-e219e0803a81-groupManagement] INFO  server.RaftServerConfigKeys (ConfUtils.java:logGet(46)) - raft.server.log.segment.size.max = 1048576 (custom)
2023-06-21 16:52:20,422 [44f60e89-e275-465b-85ec-e219e0803a81-groupManagement] INFO  server.RaftServerConfigKeys (ConfUtils.java:logGet(46)) - raft.server.log.preallocated.size = 16384 (custom)
2023-06-21 16:52:20,422 [44f60e89-e275-465b-85ec-e219e0803a81-groupManagement] INFO  server.RaftServerConfigKeys (ConfUtils.java:logGet(46)) - raft.server.log.force.sync.num = 128 (default)
2023-06-21 16:52:20,422 [44f60e89-e275-465b-85ec-e219e0803a81-groupManagement] INFO  server.RaftServerConfigKeys (ConfUtils.java:logGet(46)) - raft.server.log.statemachine.data.sync = true (default)
2023-06-21 16:52:20,422 [44f60e89-e275-465b-85ec-e219e0803a81-groupManagement] INFO  server.RaftServerConfigKeys (ConfUtils.java:logGet(46)) - raft.server.log.statemachine.data.sync.timeout = 10s (default)
2023-06-21 16:52:20,422 [44f60e89-e275-465b-85ec-e219e0803a81-groupManagement] INFO  server.RaftServerConfigKeys (ConfUtils.java:logGet(46)) - raft.server.log.statemachine.data.sync.timeout.retry = -1 (default)
2023-06-21 16:52:20,424 [44f60e89-e275-465b-85ec-e219e0803a81-groupManagement] INFO  server.RaftServerConfigKeys (ConfUtils.java:logGet(46)) - raft.server.log.write.buffer.size = 1048576 (custom)
2023-06-21 16:52:20,424 [44f60e89-e275-465b-85ec-e219e0803a81-groupManagement] INFO  server.RaftServerConfigKeys (ConfUtils.java:logGet(46)) - raft.server.log.appender.buffer.byte-limit = 33554432 (custom)
2023-06-21 16:52:20,430 [44f60e89-e275-465b-85ec-e219e0803a81-groupManagement] INFO  server.RaftServerConfigKeys (ConfUtils.java:logGet(46)) - raft.server.log.unsafe-flush.enabled = false (default)
2023-06-21 16:52:20,430 [44f60e89-e275-465b-85ec-e219e0803a81-groupManagement] INFO  server.RaftServerConfigKeys (ConfUtils.java:logGet(46)) - raft.server.log.async-flush.enabled = false (default)
2023-06-21 16:52:20,430 [44f60e89-e275-465b-85ec-e219e0803a81-groupManagement] INFO  server.RaftServerConfigKeys (ConfUtils.java:logGet(46)) - raft.server.log.statemachine.data.caching.enabled = true (custom)
2023-06-21 16:52:20,431 [44f60e89-e275-465b-85ec-e219e0803a81-groupManagement] INFO  segmented.SegmentedRaftLogWorker (SegmentedRaftLogWorker.java:lambda$new$0(135)) - 44f60e89-e275-465b-85ec-e219e0803a81@group-9053350B20CC-SegmentedRaftLogWorker: flushIndex: setUnconditionally 0 -> -1
2023-06-21 16:52:20,431 [44f60e89-e275-465b-85ec-e219e0803a81-groupManagement] INFO  segmented.SegmentedRaftLogWorker (SegmentedRaftLogWorker.java:lambda$new$0(135)) - 44f60e89-e275-465b-85ec-e219e0803a81@group-9053350B20CC-SegmentedRaftLogWorker: safeCacheEvictIndex: setUnconditionally 0 -> -1
2023-06-21 16:52:20,432 [44f60e89-e275-465b-85ec-e219e0803a81-groupManagement] INFO  server.RaftServer$Division (RaftServerImpl.java:start(342)) - 44f60e89-e275-465b-85ec-e219e0803a81@group-9053350B20CC: start as a follower, conf=-1: peers:[44f60e89-e275-465b-85ec-e219e0803a81|rpc:10.1.0.51:15014|admin:10.1.0.51:15013|client:10.1.0.51:15012|dataStream:10.1.0.51:15015|priority:1|startupRole:FOLLOWER]|listeners:[], old=null
2023-06-21 16:52:20,432 [44f60e89-e275-465b-85ec-e219e0803a81-groupManagement] INFO  server.RaftServer$Division (RaftServerImpl.java:setRole(329)) - 44f60e89-e275-465b-85ec-e219e0803a81@group-9053350B20CC: changes role from      null to FOLLOWER at term 0 for startAsFollower
2023-06-21 16:52:20,432 [44f60e89-e275-465b-85ec-e219e0803a81-groupManagement] INFO  impl.RoleInfo (RoleInfo.java:updateAndGet(139)) - 44f60e89-e275-465b-85ec-e219e0803a81: start 44f60e89-e275-465b-85ec-e219e0803a81@group-9053350B20CC-FollowerState
2023-06-21 16:52:20,433 [44f60e89-e275-465b-85ec-e219e0803a81-groupManagement] INFO  util.JmxRegister (JmxRegister.java:tryRegister(44)) - Successfully registered JMX Bean with object name Ratis:service=RaftServer,group=group-9053350B20CC,id=44f60e89-e275-465b-85ec-e219e0803a81
2023-06-21 16:52:20,436 [44f60e89-e275-465b-85ec-e219e0803a81-groupManagement] INFO  server.RaftServerConfigKeys (ConfUtils.java:logGet(46)) - raft.server.snapshot.auto.trigger.enabled = true (custom)
2023-06-21 16:52:20,436 [44f60e89-e275-465b-85ec-e219e0803a81-groupManagement] INFO  server.RaftServerConfigKeys (ConfUtils.java:logGet(46)) - raft.server.snapshot.auto.trigger.threshold = 10000 (custom)
2023-06-21 16:52:20,436 [44f60e89-e275-465b-85ec-e219e0803a81-groupManagement] INFO  server.RaftServerConfigKeys (ConfUtils.java:logGet(46)) - raft.server.snapshot.retention.file.num = 5 (custom)
2023-06-21 16:52:20,436 [44f60e89-e275-465b-85ec-e219e0803a81-groupManagement] INFO  server.RaftServerConfigKeys (ConfUtils.java:logGet(46)) - raft.server.log.purge.upto.snapshot.index = false (default)
2023-06-21 16:52:20,441 [EventQueue-PipelineReportForPipelineReportHandler] INFO  pipeline.PipelineManagerImpl (PipelineManagerImpl.java:openPipeline(367)) - Pipeline Pipeline[ Id: ae2abaea-6ec7-44a5-aa81-9053350b20cc, Nodes: 44f60e89-e275-465b-85ec-e219e0803a81(fv-az624-409/10.1.0.51), ReplicationConfig: RATIS/ONE, State:ALLOCATED, leaderId:44f60e89-e275-465b-85ec-e219e0803a81, CreationTimestamp2023-06-21T16:52:17.364Z[Etc/UTC]] moved to OPEN state
2023-06-21 16:52:20,446 [EventQueue-OpenPipelineForHealthyPipelineSafeModeRule] INFO  safemode.SCMSafeModeManager (HealthyPipelineSafeModeRule.java:process(137)) - SCM in safe mode. Healthy pipelines reported count is 0, required healthy pipeline reported count is 1
2023-06-21 16:52:20,447 [44f60e89-e275-465b-85ec-e219e0803a81@group-9053350B20CC-FollowerState] INFO  server.RaftServerConfigKeys (ConfUtils.java:logFallback(53)) - raft.server.rpc.first-election.timeout.min = 5s (fallback to raft.server.rpc.timeout.min)
2023-06-21 16:52:20,447 [44f60e89-e275-465b-85ec-e219e0803a81@group-9053350B20CC-FollowerState] INFO  server.RaftServerConfigKeys (ConfUtils.java:logFallback(53)) - raft.server.rpc.first-election.timeout.max = 5200ms (fallback to raft.server.rpc.timeout.max)
2023-06-21 16:52:20,451 [PipelineCommandHandlerThread-0] INFO  ratis.XceiverServerRatis (XceiverServerRatis.java:addGroup(804)) - Created group PipelineID=ae2abaea-6ec7-44a5-aa81-9053350b20cc
2023-06-21 16:52:20,451 [PipelineCommandHandlerThread-0] INFO  commandhandler.CreatePipelineCommandHandler (CreatePipelineCommandHandler.java:lambda$handle$2(124)) - Created Pipeline RATIS ONE PipelineID=ae2abaea-6ec7-44a5-aa81-9053350b20cc.
2023-06-21 16:52:20,452 [PipelineCommandHandlerThread-0] INFO  server.RaftServer (RaftServerProxy.java:addNew(98)) - 44f60e89-e275-465b-85ec-e219e0803a81: addNew group-5513452EA3C4:[8245ab04-78c1-4e53-8989-11805473ea66|rpc:10.1.0.51:15032|admin:10.1.0.51:15031|client:10.1.0.51:15030|dataStream:10.1.0.51:15033|priority:0|startupRole:FOLLOWER, 0ffaae9a-de1a-4167-9662-2ff6145c2fa0|rpc:10.1.0.51:15023|admin:10.1.0.51:15022|client:10.1.0.51:15021|dataStream:10.1.0.51:15024|priority:1|startupRole:FOLLOWER, 44f60e89-e275-465b-85ec-e219e0803a81|rpc:10.1.0.51:15014|admin:10.1.0.51:15013|client:10.1.0.51:15012|dataStream:10.1.0.51:15015|priority:0|startupRole:FOLLOWER] returns group-5513452EA3C4:java.util.concurrent.CompletableFuture@523e940a[Not completed]
2023-06-21 16:52:20,461 [44f60e89-e275-465b-85ec-e219e0803a81-groupManagement] INFO  server.RaftServer$Division (RaftServerImpl.java:<init>(198)) - 44f60e89-e275-465b-85ec-e219e0803a81: new RaftServerImpl for group-5513452EA3C4:[8245ab04-78c1-4e53-8989-11805473ea66|rpc:10.1.0.51:15032|admin:10.1.0.51:15031|client:10.1.0.51:15030|dataStream:10.1.0.51:15033|priority:0|startupRole:FOLLOWER, 0ffaae9a-de1a-4167-9662-2ff6145c2fa0|rpc:10.1.0.51:15023|admin:10.1.0.51:15022|client:10.1.0.51:15021|dataStream:10.1.0.51:15024|priority:1|startupRole:FOLLOWER, 44f60e89-e275-465b-85ec-e219e0803a81|rpc:10.1.0.51:15014|admin:10.1.0.51:15013|client:10.1.0.51:15012|dataStream:10.1.0.51:15015|priority:0|startupRole:FOLLOWER] with ContainerStateMachine:uninitialized
2023-06-21 16:52:20,461 [44f60e89-e275-465b-85ec-e219e0803a81-groupManagement] INFO  server.RaftServerConfigKeys (ConfUtils.java:logGet(46)) - raft.server.rpc.timeout.min = 5s (custom)
2023-06-21 16:52:20,461 [44f60e89-e275-465b-85ec-e219e0803a81-groupManagement] INFO  server.RaftServerConfigKeys (ConfUtils.java:logGet(46)) - raft.server.rpc.timeout.max = 5200ms (custom)
2023-06-21 16:52:20,461 [44f60e89-e275-465b-85ec-e219e0803a81-groupManagement] INFO  server.RaftServerConfigKeys (ConfUtils.java:logGet(46)) - raft.server.rpc.sleep.time = 25ms (default)
2023-06-21 16:52:20,462 [44f60e89-e275-465b-85ec-e219e0803a81-groupManagement] INFO  server.RaftServerConfigKeys (ConfUtils.java:logGet(46)) - raft.server.rpc.slowness.timeout = 300s (custom)
2023-06-21 16:52:20,462 [44f60e89-e275-465b-85ec-e219e0803a81-groupManagement] INFO  server.RaftServerConfigKeys (ConfUtils.java:logGet(46)) - raft.server.leaderelection.leader.step-down.wait-time = 10s (default)
2023-06-21 16:52:20,462 [44f60e89-e275-465b-85ec-e219e0803a81-groupManagement] INFO  server.RaftServerConfigKeys (ConfUtils.java:logGet(46)) - raft.server.sleep.deviation.threshold = 300ms (default)
2023-06-21 16:52:20,462 [44f60e89-e275-465b-85ec-e219e0803a81-groupManagement] INFO  server.RaftServer$Division (ServerState.java:<init>(120)) - 44f60e89-e275-465b-85ec-e219e0803a81@group-5513452EA3C4: ConfigurationManager, init=-1: peers:[8245ab04-78c1-4e53-8989-11805473ea66|rpc:10.1.0.51:15032|admin:10.1.0.51:15031|client:10.1.0.51:15030|dataStream:10.1.0.51:15033|priority:0|startupRole:FOLLOWER, 0ffaae9a-de1a-4167-9662-2ff6145c2fa0|rpc:10.1.0.51:15023|admin:10.1.0.51:15022|client:10.1.0.51:15021|dataStream:10.1.0.51:15024|priority:1|startupRole:FOLLOWER, 44f60e89-e275-465b-85ec-e219e0803a81|rpc:10.1.0.51:15014|admin:10.1.0.51:15013|client:10.1.0.51:15012|dataStream:10.1.0.51:15015|priority:0|startupRole:FOLLOWER]|listeners:[], old=null, confs=<EMPTY_MAP>
2023-06-21 16:52:20,462 [44f60e89-e275-465b-85ec-e219e0803a81-groupManagement] INFO  server.RaftServerConfigKeys (ConfUtils.java:logGet(46)) - raft.server.storage.dir = [/home/runner/work/ozone/ozone/hadoop-ozone/integration-test/target/test-dir/MiniOzoneClusterImpl-bc117425-4aef-44e4-9aa3-5f74caebda79/datanode-0/data/ratis] (custom)
2023-06-21 16:52:20,462 [44f60e89-e275-465b-85ec-e219e0803a81-groupManagement] INFO  server.RaftServerConfigKeys (ConfUtils.java:logGet(46)) - raft.server.log.corruption.policy = EXCEPTION (default)
2023-06-21 16:52:20,462 [44f60e89-e275-465b-85ec-e219e0803a81-groupManagement] INFO  server.RaftServerConfigKeys (ConfUtils.java:logGet(46)) - raft.server.storage.free-space.min = 0MB (=0) (default)
2023-06-21 16:52:20,462 [44f60e89-e275-465b-85ec-e219e0803a81-groupManagement] INFO  server.RaftServerConfigKeys (ConfUtils.java:logGet(46)) - raft.server.notification.no-leader.timeout = 300s (custom)
2023-06-21 16:52:20,462 [44f60e89-e275-465b-85ec-e219e0803a81-groupManagement] INFO  server.RaftServerConfigKeys (ConfUtils.java:logGet(46)) - raft.server.read.timeout = 10s (default)
2023-06-21 16:52:20,462 [44f60e89-e275-465b-85ec-e219e0803a81-groupManagement] INFO  server.RaftServerConfigKeys (ConfUtils.java:logGet(46)) - raft.server.retrycache.expirytime = 600000ms (custom)
2023-06-21 16:52:20,462 [44f60e89-e275-465b-85ec-e219e0803a81-groupManagement] INFO  server.RaftServerConfigKeys (ConfUtils.java:logGet(46)) - raft.server.retrycache.statistics.expirytime = 100μs (default)
2023-06-21 16:52:20,464 [44f60e89-e275-465b-85ec-e219e0803a81-groupManagement] INFO  server.RaftServerConfigKeys (ConfUtils.java:logGet(46)) - raft.server.read.option = DEFAULT (default)
2023-06-21 16:52:20,466 [44f60e89-e275-465b-85ec-e219e0803a81-groupManagement] INFO  server.RaftServerConfigKeys (ConfUtils.java:logGet(46)) - raft.server.rpc.request.timeout = 60s (custom)
2023-06-21 16:52:20,469 [44f60e89-e275-465b-85ec-e219e0803a81-groupManagement] INFO  server.RaftServerConfigKeys (ConfUtils.java:logGet(46)) - raft.server.log.appender.install.snapshot.enabled = false (custom)
2023-06-21 16:52:20,469 [44f60e89-e275-465b-85ec-e219e0803a81-groupManagement] INFO  server.RaftServerConfigKeys (ConfUtils.java:logGet(46)) - raft.server.threadpool.server.cached = true (default)
2023-06-21 16:52:20,469 [44f60e89-e275-465b-85ec-e219e0803a81-groupManagement] INFO  server.RaftServerConfigKeys (ConfUtils.java:logGet(46)) - raft.server.threadpool.server.size = 0 (default)
2023-06-21 16:52:20,469 [44f60e89-e275-465b-85ec-e219e0803a81-groupManagement] INFO  server.RaftServerConfigKeys (ConfUtils.java:logGet(46)) - raft.server.threadpool.client.cached = true (default)
2023-06-21 16:52:20,469 [44f60e89-e275-465b-85ec-e219e0803a81-groupManagement] INFO  server.RaftServerConfigKeys (ConfUtils.java:logGet(46)) - raft.server.threadpool.client.size = 0 (default)
2023-06-21 16:52:20,470 [44f60e89-e275-465b-85ec-e219e0803a81-groupManagement] INFO  storage.RaftStorageDirectory (RaftStorageDirectoryImpl.java:analyzeStorage(137)) - The storage directory /home/runner/work/ozone/ozone/hadoop-ozone/integration-test/target/test-dir/MiniOzoneClusterImpl-bc117425-4aef-44e4-9aa3-5f74caebda79/datanode-0/data/ratis/a7f633f1-2c07-4c3f-8075-5513452ea3c4 does not exist. Creating ...
2023-06-21 16:52:20,471 [44f60e89-e275-465b-85ec-e219e0803a81-groupManagement] INFO  storage.RaftStorageDirectory (RaftStorageDirectoryImpl.java:tryLock(231)) - Lock on /home/runner/work/ozone/ozone/hadoop-ozone/integration-test/target/test-dir/MiniOzoneClusterImpl-bc117425-4aef-44e4-9aa3-5f74caebda79/datanode-0/data/ratis/a7f633f1-2c07-4c3f-8075-5513452ea3c4/in_use.lock acquired by nodename 103413@fv-az624-409
2023-06-21 16:52:20,473 [44f60e89-e275-465b-85ec-e219e0803a81-groupManagement] INFO  storage.RaftStorage (RaftStorageImpl.java:format(96)) - Storage directory /home/runner/work/ozone/ozone/hadoop-ozone/integration-test/target/test-dir/MiniOzoneClusterImpl-bc117425-4aef-44e4-9aa3-5f74caebda79/datanode-0/data/ratis/a7f633f1-2c07-4c3f-8075-5513452ea3c4 has been successfully formatted.
2023-06-21 16:52:20,473 [44f60e89-e275-465b-85ec-e219e0803a81-groupManagement] INFO  ratis.ContainerStateMachine (ContainerStateMachine.java:loadSnapshot(262)) - group-5513452EA3C4: The snapshot info is null. Setting the last applied indexto:(t:0, i:~)
2023-06-21 16:52:20,474 [44f60e89-e275-465b-85ec-e219e0803a81-groupManagement] INFO  server.RaftServerConfigKeys (ConfUtils.java:logGet(46)) - raft.server.log.use.memory = false (default)
2023-06-21 16:52:20,477 [EventQueue-OpenPipelineForHealthyPipelineSafeModeRule] INFO  safemode.SCMSafeModeManager (HealthyPipelineSafeModeRule.java:process(137)) - SCM in safe mode. Healthy pipelines reported count is 0, required healthy pipeline reported count is 1
2023-06-21 16:52:20,478 [44f60e89-e275-465b-85ec-e219e0803a81-groupManagement] INFO  server.RaftServerConfigKeys (ConfUtils.java:logGet(46)) - raft.server.log.purge.gap = 1000000 (custom)
2023-06-21 16:52:20,479 [44f60e89-e275-465b-85ec-e219e0803a81-groupManagement] INFO  server.RaftServerConfigKeys (ConfUtils.java:logGet(46)) - raft.server.log.appender.buffer.byte-limit = 33554432 (custom)
2023-06-21 16:52:20,479 [44f60e89-e275-465b-85ec-e219e0803a81-groupManagement] INFO  server.RaftServerConfigKeys (ConfUtils.java:logGet(46)) - raft.server.log.statemachine.data.read.timeout = 1000ms (default)
2023-06-21 16:52:20,479 [44f60e89-e275-465b-85ec-e219e0803a81-groupManagement] INFO  server.RaftServerConfigKeys (ConfUtils.java:logGet(46)) - raft.server.log.purge.preservation.log.num = 0 (default)
2023-06-21 16:52:20,480 [44f60e89-e275-465b-85ec-e219e0803a81-groupManagement] INFO  server.RaftServerConfigKeys (ConfUtils.java:logGet(46)) - raft.server.log.segment.size.max = 1048576 (custom)
2023-06-21 16:52:20,480 [44f60e89-e275-465b-85ec-e219e0803a81-groupManagement] INFO  server.RaftServerConfigKeys (ConfUtils.java:logGet(46)) - raft.server.log.segment.cache.num.max = 2 (custom)
2023-06-21 16:52:20,481 [44f60e89-e275-465b-85ec-e219e0803a81-groupManagement] INFO  server.RaftServerConfigKeys (ConfUtils.java:logGet(46)) - raft.server.log.segment.cache.size.max = 200MB (=209715200) (default)
2023-06-21 16:52:20,482 [44f60e89-e275-465b-85ec-e219e0803a81-groupManagement] INFO  server.RaftServerConfigKeys (ConfUtils.java:logGet(46)) - raft.server.log.appender.buffer.byte-limit = 33554432 (custom)
2023-06-21 16:52:20,482 [44f60e89-e275-465b-85ec-e219e0803a81-groupManagement] INFO  segmented.SegmentedRaftLogWorker (SegmentedRaftLogWorker.java:<init>(188)) - new 44f60e89-e275-465b-85ec-e219e0803a81@group-5513452EA3C4-SegmentedRaftLogWorker for RaftStorageImpl:Storage Directory /home/runner/work/ozone/ozone/hadoop-ozone/integration-test/target/test-dir/MiniOzoneClusterImpl-bc117425-4aef-44e4-9aa3-5f74caebda79/datanode-0/data/ratis/a7f633f1-2c07-4c3f-8075-5513452ea3c4
2023-06-21 16:52:20,482 [44f60e89-e275-465b-85ec-e219e0803a81-groupManagement] INFO  server.RaftServerConfigKeys (ConfUtils.java:logGet(46)) - raft.server.log.queue.byte-limit = 4294967296 (custom)
2023-06-21 16:52:20,482 [44f60e89-e275-465b-85ec-e219e0803a81-groupManagement] INFO  server.RaftServerConfigKeys (ConfUtils.java:logGet(46)) - raft.server.log.queue.element-limit = 1024 (custom)
2023-06-21 16:52:20,482 [44f60e89-e275-465b-85ec-e219e0803a81-groupManagement] INFO  server.RaftServerConfigKeys (ConfUtils.java:logGet(46)) - raft.server.log.segment.size.max = 1048576 (custom)
2023-06-21 16:52:20,483 [44f60e89-e275-465b-85ec-e219e0803a81-groupManagement] INFO  server.RaftServerConfigKeys (ConfUtils.java:logGet(46)) - raft.server.log.preallocated.size = 16384 (custom)
2023-06-21 16:52:20,483 [44f60e89-e275-465b-85ec-e219e0803a81-groupManagement] INFO  server.RaftServerConfigKeys (ConfUtils.java:logGet(46)) - raft.server.log.force.sync.num = 128 (default)
2023-06-21 16:52:20,483 [44f60e89-e275-465b-85ec-e219e0803a81-groupManagement] INFO  server.RaftServerConfigKeys (ConfUtils.java:logGet(46)) - raft.server.log.statemachine.data.sync = true (default)
2023-06-21 16:52:20,483 [44f60e89-e275-465b-85ec-e219e0803a81-groupManagement] INFO  server.RaftServerConfigKeys (ConfUtils.java:logGet(46)) - raft.server.log.statemachine.data.sync.timeout = 10s (default)
2023-06-21 16:52:20,483 [44f60e89-e275-465b-85ec-e219e0803a81-groupManagement] INFO  server.RaftServerConfigKeys (ConfUtils.java:logGet(46)) - raft.server.log.statemachine.data.sync.timeout.retry = -1 (default)
2023-06-21 16:52:20,486 [44f60e89-e275-465b-85ec-e219e0803a81-groupManagement] INFO  server.RaftServerConfigKeys (ConfUtils.java:logGet(46)) - raft.server.log.write.buffer.size = 1048576 (custom)
2023-06-21 16:52:20,486 [44f60e89-e275-465b-85ec-e219e0803a81-groupManagement] INFO  server.RaftServerConfigKeys (ConfUtils.java:logGet(46)) - raft.server.log.appender.buffer.byte-limit = 33554432 (custom)
2023-06-21 16:52:20,494 [44f60e89-e275-465b-85ec-e219e0803a81-groupManagement] INFO  server.RaftServerConfigKeys (ConfUtils.java:logGet(46)) - raft.server.log.unsafe-flush.enabled = false (default)
2023-06-21 16:52:20,494 [44f60e89-e275-465b-85ec-e219e0803a81-groupManagement] INFO  server.RaftServerConfigKeys (ConfUtils.java:logGet(46)) - raft.server.log.async-flush.enabled = false (default)
2023-06-21 16:52:20,494 [44f60e89-e275-465b-85ec-e219e0803a81-groupManagement] INFO  server.RaftServerConfigKeys (ConfUtils.java:logGet(46)) - raft.server.log.statemachine.data.caching.enabled = true (custom)
2023-06-21 16:52:20,495 [44f60e89-e275-465b-85ec-e219e0803a81-groupManagement] INFO  segmented.SegmentedRaftLogWorker (SegmentedRaftLogWorker.java:lambda$new$0(135)) - 44f60e89-e275-465b-85ec-e219e0803a81@group-5513452EA3C4-SegmentedRaftLogWorker: flushIndex: setUnconditionally 0 -> -1
2023-06-21 16:52:20,495 [44f60e89-e275-465b-85ec-e219e0803a81-groupManagement] INFO  segmented.SegmentedRaftLogWorker (SegmentedRaftLogWorker.java:lambda$new$0(135)) - 44f60e89-e275-465b-85ec-e219e0803a81@group-5513452EA3C4-SegmentedRaftLogWorker: safeCacheEvictIndex: setUnconditionally 0 -> -1
2023-06-21 16:52:20,495 [44f60e89-e275-465b-85ec-e219e0803a81-groupManagement] INFO  server.RaftServer$Division (RaftServerImpl.java:start(342)) - 44f60e89-e275-465b-85ec-e219e0803a81@group-5513452EA3C4: start as a follower, conf=-1: peers:[8245ab04-78c1-4e53-8989-11805473ea66|rpc:10.1.0.51:15032|admin:10.1.0.51:15031|client:10.1.0.51:15030|dataStream:10.1.0.51:15033|priority:0|startupRole:FOLLOWER, 0ffaae9a-de1a-4167-9662-2ff6145c2fa0|rpc:10.1.0.51:15023|admin:10.1.0.51:15022|client:10.1.0.51:15021|dataStream:10.1.0.51:15024|priority:1|startupRole:FOLLOWER, 44f60e89-e275-465b-85ec-e219e0803a81|rpc:10.1.0.51:15014|admin:10.1.0.51:15013|client:10.1.0.51:15012|dataStream:10.1.0.51:15015|priority:0|startupRole:FOLLOWER]|listeners:[], old=null
2023-06-21 16:52:20,495 [44f60e89-e275-465b-85ec-e219e0803a81-groupManagement] INFO  server.RaftServer$Division (RaftServerImpl.java:setRole(329)) - 44f60e89-e275-465b-85ec-e219e0803a81@group-5513452EA3C4: changes role from      null to FOLLOWER at term 0 for startAsFollower
2023-06-21 16:52:20,495 [44f60e89-e275-465b-85ec-e219e0803a81-groupManagement] INFO  impl.RoleInfo (RoleInfo.java:updateAndGet(139)) - 44f60e89-e275-465b-85ec-e219e0803a81: start 44f60e89-e275-465b-85ec-e219e0803a81@group-5513452EA3C4-FollowerState
2023-06-21 16:52:20,498 [44f60e89-e275-465b-85ec-e219e0803a81-groupManagement] INFO  util.JmxRegister (JmxRegister.java:tryRegister(44)) - Successfully registered JMX Bean with object name Ratis:service=RaftServer,group=group-5513452EA3C4,id=44f60e89-e275-465b-85ec-e219e0803a81
2023-06-21 16:52:20,498 [44f60e89-e275-465b-85ec-e219e0803a81-groupManagement] INFO  server.RaftServerConfigKeys (ConfUtils.java:logGet(46)) - raft.server.snapshot.auto.trigger.enabled = true (custom)
2023-06-21 16:52:20,498 [44f60e89-e275-465b-85ec-e219e0803a81-groupManagement] INFO  server.RaftServerConfigKeys (ConfUtils.java:logGet(46)) - raft.server.snapshot.auto.trigger.threshold = 10000 (custom)
2023-06-21 16:52:20,498 [44f60e89-e275-465b-85ec-e219e0803a81-groupManagement] INFO  server.RaftServerConfigKeys (ConfUtils.java:logGet(46)) - raft.server.snapshot.retention.file.num = 5 (custom)
2023-06-21 16:52:20,499 [44f60e89-e275-465b-85ec-e219e0803a81-groupManagement] INFO  server.RaftServerConfigKeys (ConfUtils.java:logGet(46)) - raft.server.log.purge.upto.snapshot.index = false (default)
2023-06-21 16:52:20,499 [44f60e89-e275-465b-85ec-e219e0803a81@group-5513452EA3C4-FollowerState] INFO  server.RaftServerConfigKeys (ConfUtils.java:logFallback(53)) - raft.server.rpc.first-election.timeout.min = 5s (fallback to raft.server.rpc.timeout.min)
2023-06-21 16:52:20,500 [44f60e89-e275-465b-85ec-e219e0803a81@group-5513452EA3C4-FollowerState] INFO  server.RaftServerConfigKeys (ConfUtils.java:logFallback(53)) - raft.server.rpc.first-election.timeout.max = 5200ms (fallback to raft.server.rpc.timeout.max)
2023-06-21 16:52:20,501 [PipelineCommandHandlerThread-0] INFO  ratis.XceiverServerRatis (XceiverServerRatis.java:addGroup(804)) - Created group PipelineID=a7f633f1-2c07-4c3f-8075-5513452ea3c4
2023-06-21 16:52:20,911 [PipelineCommandHandlerThread-0] INFO  server.RaftServer (RaftServerProxy.java:addNew(98)) - 0ffaae9a-de1a-4167-9662-2ff6145c2fa0: addNew group-83D9E75E45EE:[0ffaae9a-de1a-4167-9662-2ff6145c2fa0|rpc:10.1.0.51:15023|admin:10.1.0.51:15022|client:10.1.0.51:15021|dataStream:10.1.0.51:15024|priority:1|startupRole:FOLLOWER] returns group-83D9E75E45EE:java.util.concurrent.CompletableFuture@18ee77a3[Not completed]
2023-06-21 16:52:20,914 [0ffaae9a-de1a-4167-9662-2ff6145c2fa0-groupManagement] INFO  server.RaftServer$Division (RaftServerImpl.java:<init>(198)) - 0ffaae9a-de1a-4167-9662-2ff6145c2fa0: new RaftServerImpl for group-83D9E75E45EE:[0ffaae9a-de1a-4167-9662-2ff6145c2fa0|rpc:10.1.0.51:15023|admin:10.1.0.51:15022|client:10.1.0.51:15021|dataStream:10.1.0.51:15024|priority:1|startupRole:FOLLOWER] with ContainerStateMachine:uninitialized
2023-06-21 16:52:20,914 [0ffaae9a-de1a-4167-9662-2ff6145c2fa0-groupManagement] INFO  server.RaftServerConfigKeys (ConfUtils.java:logGet(46)) - raft.server.rpc.timeout.min = 5s (custom)
2023-06-21 16:52:20,914 [0ffaae9a-de1a-4167-9662-2ff6145c2fa0-groupManagement] INFO  server.RaftServerConfigKeys (ConfUtils.java:logGet(46)) - raft.server.rpc.timeout.max = 5200ms (custom)
2023-06-21 16:52:20,915 [0ffaae9a-de1a-4167-9662-2ff6145c2fa0-groupManagement] INFO  server.RaftServerConfigKeys (ConfUtils.java:logGet(46)) - raft.server.rpc.sleep.time = 25ms (default)
2023-06-21 16:52:20,915 [0ffaae9a-de1a-4167-9662-2ff6145c2fa0-groupManagement] INFO  server.RaftServerConfigKeys (ConfUtils.java:logGet(46)) - raft.server.rpc.slowness.timeout = 300s (custom)
2023-06-21 16:52:20,915 [0ffaae9a-de1a-4167-9662-2ff6145c2fa0-groupManagement] INFO  server.RaftServerConfigKeys (ConfUtils.java:logGet(46)) - raft.server.leaderelection.leader.step-down.wait-time = 10s (default)
2023-06-21 16:52:20,915 [0ffaae9a-de1a-4167-9662-2ff6145c2fa0-groupManagement] INFO  server.RaftServerConfigKeys (ConfUtils.java:logGet(46)) - raft.server.sleep.deviation.threshold = 300ms (default)
2023-06-21 16:52:20,915 [0ffaae9a-de1a-4167-9662-2ff6145c2fa0-groupManagement] INFO  server.RaftServer$Division (ServerState.java:<init>(120)) - 0ffaae9a-de1a-4167-9662-2ff6145c2fa0@group-83D9E75E45EE: ConfigurationManager, init=-1: peers:[0ffaae9a-de1a-4167-9662-2ff6145c2fa0|rpc:10.1.0.51:15023|admin:10.1.0.51:15022|client:10.1.0.51:15021|dataStream:10.1.0.51:15024|priority:1|startupRole:FOLLOWER]|listeners:[], old=null, confs=<EMPTY_MAP>
2023-06-21 16:52:20,915 [0ffaae9a-de1a-4167-9662-2ff6145c2fa0-groupManagement] INFO  server.RaftServerConfigKeys (ConfUtils.java:logGet(46)) - raft.server.storage.dir = [/home/runner/work/ozone/ozone/hadoop-ozone/integration-test/target/test-dir/MiniOzoneClusterImpl-bc117425-4aef-44e4-9aa3-5f74caebda79/datanode-1/data/ratis] (custom)
2023-06-21 16:52:20,916 [0ffaae9a-de1a-4167-9662-2ff6145c2fa0-groupManagement] INFO  server.RaftServerConfigKeys (ConfUtils.java:logGet(46)) - raft.server.log.corruption.policy = EXCEPTION (default)
2023-06-21 16:52:20,916 [0ffaae9a-de1a-4167-9662-2ff6145c2fa0-groupManagement] INFO  server.RaftServerConfigKeys (ConfUtils.java:logGet(46)) - raft.server.storage.free-space.min = 0MB (=0) (default)
2023-06-21 16:52:20,917 [0ffaae9a-de1a-4167-9662-2ff6145c2fa0-groupManagement] INFO  server.RaftServerConfigKeys (ConfUtils.java:logGet(46)) - raft.server.notification.no-leader.timeout = 300s (custom)
2023-06-21 16:52:20,919 [0ffaae9a-de1a-4167-9662-2ff6145c2fa0-groupManagement] INFO  server.RaftServerConfigKeys (ConfUtils.java:logGet(46)) - raft.server.read.timeout = 10s (default)
2023-06-21 16:52:20,919 [0ffaae9a-de1a-4167-9662-2ff6145c2fa0-groupManagement] INFO  server.RaftServerConfigKeys (ConfUtils.java:logGet(46)) - raft.server.retrycache.expirytime = 600000ms (custom)
2023-06-21 16:52:20,919 [0ffaae9a-de1a-4167-9662-2ff6145c2fa0-groupManagement] INFO  server.RaftServerConfigKeys (ConfUtils.java:logGet(46)) - raft.server.retrycache.statistics.expirytime = 100μs (default)
2023-06-21 16:52:20,919 [0ffaae9a-de1a-4167-9662-2ff6145c2fa0-groupManagement] INFO  server.RaftServerConfigKeys (ConfUtils.java:logGet(46)) - raft.server.read.option = DEFAULT (default)
2023-06-21 16:52:20,921 [0ffaae9a-de1a-4167-9662-2ff6145c2fa0-groupManagement] INFO  server.RaftServerConfigKeys (ConfUtils.java:logGet(46)) - raft.server.rpc.request.timeout = 60s (custom)
2023-06-21 16:52:20,921 [0ffaae9a-de1a-4167-9662-2ff6145c2fa0-groupManagement] INFO  server.RaftServerConfigKeys (ConfUtils.java:logGet(46)) - raft.server.log.appender.install.snapshot.enabled = false (custom)
2023-06-21 16:52:20,921 [0ffaae9a-de1a-4167-9662-2ff6145c2fa0-groupManagement] INFO  server.RaftServerConfigKeys (ConfUtils.java:logGet(46)) - raft.server.threadpool.server.cached = true (default)
2023-06-21 16:52:20,922 [0ffaae9a-de1a-4167-9662-2ff6145c2fa0-groupManagement] INFO  server.RaftServerConfigKeys (ConfUtils.java:logGet(46)) - raft.server.threadpool.server.size = 0 (default)
2023-06-21 16:52:20,922 [0ffaae9a-de1a-4167-9662-2ff6145c2fa0-groupManagement] INFO  server.RaftServerConfigKeys (ConfUtils.java:logGet(46)) - raft.server.threadpool.client.cached = true (default)
2023-06-21 16:52:20,922 [0ffaae9a-de1a-4167-9662-2ff6145c2fa0-groupManagement] INFO  server.RaftServerConfigKeys (ConfUtils.java:logGet(46)) - raft.server.threadpool.client.size = 0 (default)
2023-06-21 16:52:20,922 [0ffaae9a-de1a-4167-9662-2ff6145c2fa0-groupManagement] INFO  storage.RaftStorageDirectory (RaftStorageDirectoryImpl.java:analyzeStorage(137)) - The storage directory /home/runner/work/ozone/ozone/hadoop-ozone/integration-test/target/test-dir/MiniOzoneClusterImpl-bc117425-4aef-44e4-9aa3-5f74caebda79/datanode-1/data/ratis/988cf191-3165-49b5-88a3-83d9e75e45ee does not exist. Creating ...
2023-06-21 16:52:20,925 [0ffaae9a-de1a-4167-9662-2ff6145c2fa0-groupManagement] INFO  storage.RaftStorageDirectory (RaftStorageDirectoryImpl.java:tryLock(231)) - Lock on /home/runner/work/ozone/ozone/hadoop-ozone/integration-test/target/test-dir/MiniOzoneClusterImpl-bc117425-4aef-44e4-9aa3-5f74caebda79/datanode-1/data/ratis/988cf191-3165-49b5-88a3-83d9e75e45ee/in_use.lock acquired by nodename 103413@fv-az624-409
2023-06-21 16:52:20,926 [0ffaae9a-de1a-4167-9662-2ff6145c2fa0-groupManagement] INFO  storage.RaftStorage (RaftStorageImpl.java:format(96)) - Storage directory /home/runner/work/ozone/ozone/hadoop-ozone/integration-test/target/test-dir/MiniOzoneClusterImpl-bc117425-4aef-44e4-9aa3-5f74caebda79/datanode-1/data/ratis/988cf191-3165-49b5-88a3-83d9e75e45ee has been successfully formatted.
2023-06-21 16:52:20,928 [0ffaae9a-de1a-4167-9662-2ff6145c2fa0-groupManagement] INFO  ratis.ContainerStateMachine (ContainerStateMachine.java:loadSnapshot(262)) - group-83D9E75E45EE: The snapshot info is null. Setting the last applied indexto:(t:0, i:~)
2023-06-21 16:52:20,930 [0ffaae9a-de1a-4167-9662-2ff6145c2fa0-groupManagement] INFO  server.RaftServerConfigKeys (ConfUtils.java:logGet(46)) - raft.server.log.use.memory = false (default)
2023-06-21 16:52:20,930 [0ffaae9a-de1a-4167-9662-2ff6145c2fa0-groupManagement] INFO  server.RaftServerConfigKeys (ConfUtils.java:logGet(46)) - raft.server.log.purge.gap = 1000000 (custom)
2023-06-21 16:52:20,932 [0ffaae9a-de1a-4167-9662-2ff6145c2fa0-groupManagement] INFO  server.RaftServerConfigKeys (ConfUtils.java:logGet(46)) - raft.server.log.appender.buffer.byte-limit = 33554432 (custom)
2023-06-21 16:52:20,932 [0ffaae9a-de1a-4167-9662-2ff6145c2fa0-groupManagement] INFO  server.RaftServerConfigKeys (ConfUtils.java:logGet(46)) - raft.server.log.statemachine.data.read.timeout = 1000ms (default)
2023-06-21 16:52:20,934 [0ffaae9a-de1a-4167-9662-2ff6145c2fa0-groupManagement] INFO  server.RaftServerConfigKeys (ConfUtils.java:logGet(46)) - raft.server.log.purge.preservation.log.num = 0 (default)
2023-06-21 16:52:20,938 [0ffaae9a-de1a-4167-9662-2ff6145c2fa0-groupManagement] INFO  server.RaftServerConfigKeys (ConfUtils.java:logGet(46)) - raft.server.log.segment.size.max = 1048576 (custom)
2023-06-21 16:52:20,933 [EventQueue-PipelineReportForPipelineReportHandler] INFO  pipeline.PipelineManagerImpl (PipelineManagerImpl.java:openPipeline(367)) - Pipeline Pipeline[ Id: 988cf191-3165-49b5-88a3-83d9e75e45ee, Nodes: 0ffaae9a-de1a-4167-9662-2ff6145c2fa0(fv-az624-409/10.1.0.51), ReplicationConfig: RATIS/ONE, State:ALLOCATED, leaderId:0ffaae9a-de1a-4167-9662-2ff6145c2fa0, CreationTimestamp2023-06-21T16:52:17.905Z[Etc/UTC]] moved to OPEN state
2023-06-21 16:52:20,940 [EventQueue-OpenPipelineForHealthyPipelineSafeModeRule] INFO  safemode.SCMSafeModeManager (HealthyPipelineSafeModeRule.java:process(137)) - SCM in safe mode. Healthy pipelines reported count is 0, required healthy pipeline reported count is 1
2023-06-21 16:52:20,941 [0ffaae9a-de1a-4167-9662-2ff6145c2fa0-groupManagement] INFO  server.RaftServerConfigKeys (ConfUtils.java:logGet(46)) - raft.server.log.segment.cache.num.max = 2 (custom)
2023-06-21 16:52:20,941 [0ffaae9a-de1a-4167-9662-2ff6145c2fa0-groupManagement] INFO  server.RaftServerConfigKeys (ConfUtils.java:logGet(46)) - raft.server.log.segment.cache.size.max = 200MB (=209715200) (default)
2023-06-21 16:52:20,941 [0ffaae9a-de1a-4167-9662-2ff6145c2fa0-groupManagement] INFO  server.RaftServerConfigKeys (ConfUtils.java:logGet(46)) - raft.server.log.appender.buffer.byte-limit = 33554432 (custom)
2023-06-21 16:52:20,941 [0ffaae9a-de1a-4167-9662-2ff6145c2fa0-groupManagement] INFO  segmented.SegmentedRaftLogWorker (SegmentedRaftLogWorker.java:<init>(188)) - new 0ffaae9a-de1a-4167-9662-2ff6145c2fa0@group-83D9E75E45EE-SegmentedRaftLogWorker for RaftStorageImpl:Storage Directory /home/runner/work/ozone/ozone/hadoop-ozone/integration-test/target/test-dir/MiniOzoneClusterImpl-bc117425-4aef-44e4-9aa3-5f74caebda79/datanode-1/data/ratis/988cf191-3165-49b5-88a3-83d9e75e45ee
2023-06-21 16:52:20,941 [0ffaae9a-de1a-4167-9662-2ff6145c2fa0-groupManagement] INFO  server.RaftServerConfigKeys (ConfUtils.java:logGet(46)) - raft.server.log.queue.byte-limit = 4294967296 (custom)
2023-06-21 16:52:20,941 [0ffaae9a-de1a-4167-9662-2ff6145c2fa0-groupManagement] INFO  server.RaftServerConfigKeys (ConfUtils.java:logGet(46)) - raft.server.log.queue.element-limit = 1024 (custom)
2023-06-21 16:52:20,941 [0ffaae9a-de1a-4167-9662-2ff6145c2fa0-groupManagement] INFO  server.RaftServerConfigKeys (ConfUtils.java:logGet(46)) - raft.server.log.segment.size.max = 1048576 (custom)
2023-06-21 16:52:20,941 [0ffaae9a-de1a-4167-9662-2ff6145c2fa0-groupManagement] INFO  server.RaftServerConfigKeys (ConfUtils.java:logGet(46)) - raft.server.log.preallocated.size = 16384 (custom)
2023-06-21 16:52:20,941 [0ffaae9a-de1a-4167-9662-2ff6145c2fa0-groupManagement] INFO  server.RaftServerConfigKeys (ConfUtils.java:logGet(46)) - raft.server.log.force.sync.num = 128 (default)
2023-06-21 16:52:20,941 [0ffaae9a-de1a-4167-9662-2ff6145c2fa0-groupManagement] INFO  server.RaftServerConfigKeys (ConfUtils.java:logGet(46)) - raft.server.log.statemachine.data.sync = true (default)
2023-06-21 16:52:20,941 [0ffaae9a-de1a-4167-9662-2ff6145c2fa0-groupManagement] INFO  server.RaftServerConfigKeys (ConfUtils.java:logGet(46)) - raft.server.log.statemachine.data.sync.timeout = 10s (default)
2023-06-21 16:52:20,941 [0ffaae9a-de1a-4167-9662-2ff6145c2fa0-groupManagement] INFO  server.RaftServerConfigKeys (ConfUtils.java:logGet(46)) - raft.server.log.statemachine.data.sync.timeout.retry = -1 (default)
2023-06-21 16:52:20,956 [0ffaae9a-de1a-4167-9662-2ff6145c2fa0-groupManagement] INFO  server.RaftServerConfigKeys (ConfUtils.java:logGet(46)) - raft.server.log.write.buffer.size = 1048576 (custom)
2023-06-21 16:52:20,956 [0ffaae9a-de1a-4167-9662-2ff6145c2fa0-groupManagement] INFO  server.RaftServerConfigKeys (ConfUtils.java:logGet(46)) - raft.server.log.appender.buffer.byte-limit = 33554432 (custom)
2023-06-21 16:52:20,969 [0ffaae9a-de1a-4167-9662-2ff6145c2fa0-groupManagement] INFO  server.RaftServerConfigKeys (ConfUtils.java:logGet(46)) - raft.server.log.unsafe-flush.enabled = false (default)
2023-06-21 16:52:20,969 [0ffaae9a-de1a-4167-9662-2ff6145c2fa0-groupManagement] INFO  server.RaftServerConfigKeys (ConfUtils.java:logGet(46)) - raft.server.log.async-flush.enabled = false (default)
2023-06-21 16:52:20,969 [0ffaae9a-de1a-4167-9662-2ff6145c2fa0-groupManagement] INFO  server.RaftServerConfigKeys (ConfUtils.java:logGet(46)) - raft.server.log.statemachine.data.caching.enabled = true (custom)
2023-06-21 16:52:21,292 [0ffaae9a-de1a-4167-9662-2ff6145c2fa0-groupManagement] INFO  segmented.SegmentedRaftLogWorker (SegmentedRaftLogWorker.java:lambda$new$0(135)) - 0ffaae9a-de1a-4167-9662-2ff6145c2fa0@group-83D9E75E45EE-SegmentedRaftLogWorker: flushIndex: setUnconditionally 0 -> -1
2023-06-21 16:52:21,292 [0ffaae9a-de1a-4167-9662-2ff6145c2fa0-groupManagement] INFO  segmented.SegmentedRaftLogWorker (SegmentedRaftLogWorker.java:lambda$new$0(135)) - 0ffaae9a-de1a-4167-9662-2ff6145c2fa0@group-83D9E75E45EE-SegmentedRaftLogWorker: safeCacheEvictIndex: setUnconditionally 0 -> -1
2023-06-21 16:52:21,291 [JvmPauseMonitor2] WARN  util.JvmPauseMonitor (JvmPauseMonitor.java:detectPause(124)) - JvmPauseMonitor-44f60e89-e275-465b-85ec-e219e0803a81: Detected pause in JVM or host machine approximately 0.308s with 0.318s GC time.
GC pool 'PS MarkSweep' had collection(s): count=1 time=252ms
GC pool 'PS Scavenge' had collection(s): count=1 time=66ms
2023-06-21 16:52:21,289 [JvmPauseMonitor1] WARN  util.JvmPauseMonitor (JvmPauseMonitor.java:detectPause(124)) - JvmPauseMonitor-om1: Detected pause in JVM or host machine approximately 0.217s with 0.318s GC time.
GC pool 'PS MarkSweep' had collection(s): count=1 time=252ms
GC pool 'PS Scavenge' had collection(s): count=1 time=66ms
2023-06-21 16:52:21,308 [0ffaae9a-de1a-4167-9662-2ff6145c2fa0-groupManagement] INFO  server.RaftServer$Division (RaftServerImpl.java:start(342)) - 0ffaae9a-de1a-4167-9662-2ff6145c2fa0@group-83D9E75E45EE: start as a follower, conf=-1: peers:[0ffaae9a-de1a-4167-9662-2ff6145c2fa0|rpc:10.1.0.51:15023|admin:10.1.0.51:15022|client:10.1.0.51:15021|dataStream:10.1.0.51:15024|priority:1|startupRole:FOLLOWER]|listeners:[], old=null
2023-06-21 16:52:21,309 [0ffaae9a-de1a-4167-9662-2ff6145c2fa0-groupManagement] INFO  server.RaftServer$Division (RaftServerImpl.java:setRole(329)) - 0ffaae9a-de1a-4167-9662-2ff6145c2fa0@group-83D9E75E45EE: changes role from      null to FOLLOWER at term 0 for startAsFollower
2023-06-21 16:52:21,309 [0ffaae9a-de1a-4167-9662-2ff6145c2fa0-groupManagement] INFO  impl.RoleInfo (RoleInfo.java:updateAndGet(139)) - 0ffaae9a-de1a-4167-9662-2ff6145c2fa0: start 0ffaae9a-de1a-4167-9662-2ff6145c2fa0@group-83D9E75E45EE-FollowerState
2023-06-21 16:52:21,313 [0ffaae9a-de1a-4167-9662-2ff6145c2fa0-groupManagement] INFO  util.JmxRegister (JmxRegister.java:tryRegister(44)) - Successfully registered JMX Bean with object name Ratis:service=RaftServer,group=group-83D9E75E45EE,id=0ffaae9a-de1a-4167-9662-2ff6145c2fa0
2023-06-21 16:52:21,313 [0ffaae9a-de1a-4167-9662-2ff6145c2fa0-groupManagement] INFO  server.RaftServerConfigKeys (ConfUtils.java:logGet(46)) - raft.server.snapshot.auto.trigger.enabled = true (custom)
2023-06-21 16:52:21,313 [0ffaae9a-de1a-4167-9662-2ff6145c2fa0-groupManagement] INFO  server.RaftServerConfigKeys (ConfUtils.java:logGet(46)) - raft.server.snapshot.auto.trigger.threshold = 10000 (custom)
2023-06-21 16:52:21,313 [0ffaae9a-de1a-4167-9662-2ff6145c2fa0-groupManagement] INFO  server.RaftServerConfigKeys (ConfUtils.java:logGet(46)) - raft.server.snapshot.retention.file.num = 5 (custom)
2023-06-21 16:52:21,313 [0ffaae9a-de1a-4167-9662-2ff6145c2fa0-groupManagement] INFO  server.RaftServerConfigKeys (ConfUtils.java:logGet(46)) - raft.server.log.purge.upto.snapshot.index = false (default)
2023-06-21 16:52:21,315 [0ffaae9a-de1a-4167-9662-2ff6145c2fa0@group-83D9E75E45EE-FollowerState] INFO  server.RaftServerConfigKeys (ConfUtils.java:logFallback(53)) - raft.server.rpc.first-election.timeout.min = 5s (fallback to raft.server.rpc.timeout.min)
2023-06-21 16:52:21,315 [0ffaae9a-de1a-4167-9662-2ff6145c2fa0@group-83D9E75E45EE-FollowerState] INFO  server.RaftServerConfigKeys (ConfUtils.java:logFallback(53)) - raft.server.rpc.first-election.timeout.max = 5200ms (fallback to raft.server.rpc.timeout.max)
2023-06-21 16:52:21,327 [main] INFO  ozone.MiniOzoneClusterImpl (MiniOzoneClusterImpl.java:lambda$waitForClusterToBeReady$0(224)) - Nodes are ready. Got 3 of 3 DN Heartbeats.
2023-06-21 16:52:21,327 [main] INFO  ozone.MiniOzoneClusterImpl (MiniOzoneClusterImpl.java:lambda$waitForClusterToBeReady$0(227)) - Waiting for cluster to exit safe mode
2023-06-21 16:52:21,327 [main] INFO  ozone.MiniOzoneClusterImpl (MiniOzoneClusterImpl.java:lambda$waitForClusterToBeReady$0(229)) - SCM became leader
2023-06-21 16:52:21,328 [PipelineCommandHandlerThread-0] INFO  ratis.XceiverServerRatis (XceiverServerRatis.java:addGroup(804)) - Created group PipelineID=988cf191-3165-49b5-88a3-83d9e75e45ee
2023-06-21 16:52:21,328 [PipelineCommandHandlerThread-0] INFO  commandhandler.CreatePipelineCommandHandler (CreatePipelineCommandHandler.java:lambda$handle$2(124)) - Created Pipeline RATIS ONE PipelineID=988cf191-3165-49b5-88a3-83d9e75e45ee.
2023-06-21 16:52:21,328 [PipelineCommandHandlerThread-0] INFO  server.RaftServer (RaftServerProxy.java:addNew(98)) - 0ffaae9a-de1a-4167-9662-2ff6145c2fa0: addNew group-5513452EA3C4:[8245ab04-78c1-4e53-8989-11805473ea66|rpc:10.1.0.51:15032|admin:10.1.0.51:15031|client:10.1.0.51:15030|dataStream:10.1.0.51:15033|priority:0|startupRole:FOLLOWER, 0ffaae9a-de1a-4167-9662-2ff6145c2fa0|rpc:10.1.0.51:15023|admin:10.1.0.51:15022|client:10.1.0.51:15021|dataStream:10.1.0.51:15024|priority:1|startupRole:FOLLOWER, 44f60e89-e275-465b-85ec-e219e0803a81|rpc:10.1.0.51:15014|admin:10.1.0.51:15013|client:10.1.0.51:15012|dataStream:10.1.0.51:15015|priority:0|startupRole:FOLLOWER] returns group-5513452EA3C4:java.util.concurrent.CompletableFuture@1cd1e066[Not completed]
2023-06-21 16:52:21,330 [0ffaae9a-de1a-4167-9662-2ff6145c2fa0-groupManagement] INFO  server.RaftServer$Division (RaftServerImpl.java:<init>(198)) - 0ffaae9a-de1a-4167-9662-2ff6145c2fa0: new RaftServerImpl for group-5513452EA3C4:[8245ab04-78c1-4e53-8989-11805473ea66|rpc:10.1.0.51:15032|admin:10.1.0.51:15031|client:10.1.0.51:15030|dataStream:10.1.0.51:15033|priority:0|startupRole:FOLLOWER, 0ffaae9a-de1a-4167-9662-2ff6145c2fa0|rpc:10.1.0.51:15023|admin:10.1.0.51:15022|client:10.1.0.51:15021|dataStream:10.1.0.51:15024|priority:1|startupRole:FOLLOWER, 44f60e89-e275-465b-85ec-e219e0803a81|rpc:10.1.0.51:15014|admin:10.1.0.51:15013|client:10.1.0.51:15012|dataStream:10.1.0.51:15015|priority:0|startupRole:FOLLOWER] with ContainerStateMachine:uninitialized
2023-06-21 16:52:21,330 [0ffaae9a-de1a-4167-9662-2ff6145c2fa0-groupManagement] INFO  server.RaftServerConfigKeys (ConfUtils.java:logGet(46)) - raft.server.rpc.timeout.min = 5s (custom)
2023-06-21 16:52:21,330 [0ffaae9a-de1a-4167-9662-2ff6145c2fa0-groupManagement] INFO  server.RaftServerConfigKeys (ConfUtils.java:logGet(46)) - raft.server.rpc.timeout.max = 5200ms (custom)
2023-06-21 16:52:21,330 [0ffaae9a-de1a-4167-9662-2ff6145c2fa0-groupManagement] INFO  server.RaftServerConfigKeys (ConfUtils.java:logGet(46)) - raft.server.rpc.sleep.time = 25ms (default)
2023-06-21 16:52:21,330 [0ffaae9a-de1a-4167-9662-2ff6145c2fa0-groupManagement] INFO  server.RaftServerConfigKeys (ConfUtils.java:logGet(46)) - raft.server.rpc.slowness.timeout = 300s (custom)
2023-06-21 16:52:21,330 [0ffaae9a-de1a-4167-9662-2ff6145c2fa0-groupManagement] INFO  server.RaftServerConfigKeys (ConfUtils.java:logGet(46)) - raft.server.leaderelection.leader.step-down.wait-time = 10s (default)
2023-06-21 16:52:21,330 [0ffaae9a-de1a-4167-9662-2ff6145c2fa0-groupManagement] INFO  server.RaftServerConfigKeys (ConfUtils.java:logGet(46)) - raft.server.sleep.deviation.threshold = 300ms (default)
2023-06-21 16:52:21,330 [0ffaae9a-de1a-4167-9662-2ff6145c2fa0-groupManagement] INFO  server.RaftServer$Division (ServerState.java:<init>(120)) - 0ffaae9a-de1a-4167-9662-2ff6145c2fa0@group-5513452EA3C4: ConfigurationManager, init=-1: peers:[8245ab04-78c1-4e53-8989-11805473ea66|rpc:10.1.0.51:15032|admin:10.1.0.51:15031|client:10.1.0.51:15030|dataStream:10.1.0.51:15033|priority:0|startupRole:FOLLOWER, 0ffaae9a-de1a-4167-9662-2ff6145c2fa0|rpc:10.1.0.51:15023|admin:10.1.0.51:15022|client:10.1.0.51:15021|dataStream:10.1.0.51:15024|priority:1|startupRole:FOLLOWER, 44f60e89-e275-465b-85ec-e219e0803a81|rpc:10.1.0.51:15014|admin:10.1.0.51:15013|client:10.1.0.51:15012|dataStream:10.1.0.51:15015|priority:0|startupRole:FOLLOWER]|listeners:[], old=null, confs=<EMPTY_MAP>
2023-06-21 16:52:21,330 [0ffaae9a-de1a-4167-9662-2ff6145c2fa0-groupManagement] INFO  server.RaftServerConfigKeys (ConfUtils.java:logGet(46)) - raft.server.storage.dir = [/home/runner/work/ozone/ozone/hadoop-ozone/integration-test/target/test-dir/MiniOzoneClusterImpl-bc117425-4aef-44e4-9aa3-5f74caebda79/datanode-1/data/ratis] (custom)
2023-06-21 16:52:21,330 [0ffaae9a-de1a-4167-9662-2ff6145c2fa0-groupManagement] INFO  server.RaftServerConfigKeys (ConfUtils.java:logGet(46)) - raft.server.log.corruption.policy = EXCEPTION (default)
2023-06-21 16:52:21,330 [0ffaae9a-de1a-4167-9662-2ff6145c2fa0-groupManagement] INFO  server.RaftServerConfigKeys (ConfUtils.java:logGet(46)) - raft.server.storage.free-space.min = 0MB (=0) (default)
2023-06-21 16:52:21,331 [0ffaae9a-de1a-4167-9662-2ff6145c2fa0-groupManagement] INFO  server.RaftServerConfigKeys (ConfUtils.java:logGet(46)) - raft.server.notification.no-leader.timeout = 300s (custom)
2023-06-21 16:52:21,331 [0ffaae9a-de1a-4167-9662-2ff6145c2fa0-groupManagement] INFO  server.RaftServerConfigKeys (ConfUtils.java:logGet(46)) - raft.server.read.timeout = 10s (default)
2023-06-21 16:52:21,331 [0ffaae9a-de1a-4167-9662-2ff6145c2fa0-groupManagement] INFO  server.RaftServerConfigKeys (ConfUtils.java:logGet(46)) - raft.server.retrycache.expirytime = 600000ms (custom)
2023-06-21 16:52:21,331 [0ffaae9a-de1a-4167-9662-2ff6145c2fa0-groupManagement] INFO  server.RaftServerConfigKeys (ConfUtils.java:logGet(46)) - raft.server.retrycache.statistics.expirytime = 100μs (default)
2023-06-21 16:52:21,331 [0ffaae9a-de1a-4167-9662-2ff6145c2fa0-groupManagement] INFO  server.RaftServerConfigKeys (ConfUtils.java:logGet(46)) - raft.server.read.option = DEFAULT (default)
2023-06-21 16:52:21,333 [0ffaae9a-de1a-4167-9662-2ff6145c2fa0-groupManagement] INFO  server.RaftServerConfigKeys (ConfUtils.java:logGet(46)) - raft.server.rpc.request.timeout = 60s (custom)
2023-06-21 16:52:21,334 [0ffaae9a-de1a-4167-9662-2ff6145c2fa0-groupManagement] INFO  server.RaftServerConfigKeys (ConfUtils.java:logGet(46)) - raft.server.log.appender.install.snapshot.enabled = false (custom)
2023-06-21 16:52:21,334 [0ffaae9a-de1a-4167-9662-2ff6145c2fa0-groupManagement] INFO  server.RaftServerConfigKeys (ConfUtils.java:logGet(46)) - raft.server.threadpool.server.cached = true (default)
2023-06-21 16:52:21,334 [0ffaae9a-de1a-4167-9662-2ff6145c2fa0-groupManagement] INFO  server.RaftServerConfigKeys (ConfUtils.java:logGet(46)) - raft.server.threadpool.server.size = 0 (default)
2023-06-21 16:52:21,334 [0ffaae9a-de1a-4167-9662-2ff6145c2fa0-groupManagement] INFO  server.RaftServerConfigKeys (ConfUtils.java:logGet(46)) - raft.server.threadpool.client.cached = true (default)
2023-06-21 16:52:21,336 [0ffaae9a-de1a-4167-9662-2ff6145c2fa0-groupManagement] INFO  server.RaftServerConfigKeys (ConfUtils.java:logGet(46)) - raft.server.threadpool.client.size = 0 (default)
2023-06-21 16:52:21,336 [0ffaae9a-de1a-4167-9662-2ff6145c2fa0-groupManagement] INFO  storage.RaftStorageDirectory (RaftStorageDirectoryImpl.java:analyzeStorage(137)) - The storage directory /home/runner/work/ozone/ozone/hadoop-ozone/integration-test/target/test-dir/MiniOzoneClusterImpl-bc117425-4aef-44e4-9aa3-5f74caebda79/datanode-1/data/ratis/a7f633f1-2c07-4c3f-8075-5513452ea3c4 does not exist. Creating ...
2023-06-21 16:52:21,338 [0ffaae9a-de1a-4167-9662-2ff6145c2fa0-groupManagement] INFO  storage.RaftStorageDirectory (RaftStorageDirectoryImpl.java:tryLock(231)) - Lock on /home/runner/work/ozone/ozone/hadoop-ozone/integration-test/target/test-dir/MiniOzoneClusterImpl-bc117425-4aef-44e4-9aa3-5f74caebda79/datanode-1/data/ratis/a7f633f1-2c07-4c3f-8075-5513452ea3c4/in_use.lock acquired by nodename 103413@fv-az624-409
2023-06-21 16:52:21,341 [0ffaae9a-de1a-4167-9662-2ff6145c2fa0-groupManagement] INFO  storage.RaftStorage (RaftStorageImpl.java:format(96)) - Storage directory /home/runner/work/ozone/ozone/hadoop-ozone/integration-test/target/test-dir/MiniOzoneClusterImpl-bc117425-4aef-44e4-9aa3-5f74caebda79/datanode-1/data/ratis/a7f633f1-2c07-4c3f-8075-5513452ea3c4 has been successfully formatted.
2023-06-21 16:52:21,346 [0ffaae9a-de1a-4167-9662-2ff6145c2fa0-groupManagement] INFO  ratis.ContainerStateMachine (ContainerStateMachine.java:loadSnapshot(262)) - group-5513452EA3C4: The snapshot info is null. Setting the last applied indexto:(t:0, i:~)
2023-06-21 16:52:21,347 [grpc-default-executor-0] INFO  server.RaftServer (RaftServerProxy.java:addNew(98)) - 8245ab04-78c1-4e53-8989-11805473ea66: addNew group-5513452EA3C4:[8245ab04-78c1-4e53-8989-11805473ea66|rpc:10.1.0.51:15032|admin:10.1.0.51:15031|client:10.1.0.51:15030|dataStream:10.1.0.51:15033|priority:0|startupRole:FOLLOWER, 0ffaae9a-de1a-4167-9662-2ff6145c2fa0|rpc:10.1.0.51:15023|admin:10.1.0.51:15022|client:10.1.0.51:15021|dataStream:10.1.0.51:15024|priority:1|startupRole:FOLLOWER, 44f60e89-e275-465b-85ec-e219e0803a81|rpc:10.1.0.51:15014|admin:10.1.0.51:15013|client:10.1.0.51:15012|dataStream:10.1.0.51:15015|priority:0|startupRole:FOLLOWER] returns group-5513452EA3C4:java.util.concurrent.CompletableFuture@661bfb60[Not completed]
2023-06-21 16:52:21,351 [PipelineCommandHandlerThread-0] INFO  server.RaftServer (RaftServerProxy.java:addNew(98)) - 8245ab04-78c1-4e53-8989-11805473ea66: addNew group-501F925AB6B1:[8245ab04-78c1-4e53-8989-11805473ea66|rpc:10.1.0.51:15032|admin:10.1.0.51:15031|client:10.1.0.51:15030|dataStream:10.1.0.51:15033|priority:1|startupRole:FOLLOWER] returns group-501F925AB6B1:java.util.concurrent.CompletableFuture@1c57920b[Not completed]
2023-06-21 16:52:21,356 [0ffaae9a-de1a-4167-9662-2ff6145c2fa0-groupManagement] INFO  server.RaftServerConfigKeys (ConfUtils.java:logGet(46)) - raft.server.log.use.memory = false (default)
2023-06-21 16:52:21,357 [EventQueue-OpenPipelineForHealthyPipelineSafeModeRule] INFO  safemode.SCMSafeModeManager (HealthyPipelineSafeModeRule.java:process(137)) - SCM in safe mode. Healthy pipelines reported count is 0, required healthy pipeline reported count is 1
2023-06-21 16:52:21,358 [0ffaae9a-de1a-4167-9662-2ff6145c2fa0-groupManagement] INFO  server.RaftServerConfigKeys (ConfUtils.java:logGet(46)) - raft.server.log.purge.gap = 1000000 (custom)
2023-06-21 16:52:21,358 [0ffaae9a-de1a-4167-9662-2ff6145c2fa0-groupManagement] INFO  server.RaftServerConfigKeys (ConfUtils.java:logGet(46)) - raft.server.log.appender.buffer.byte-limit = 33554432 (custom)
2023-06-21 16:52:21,358 [0ffaae9a-de1a-4167-9662-2ff6145c2fa0-groupManagement] INFO  server.RaftServerConfigKeys (ConfUtils.java:logGet(46)) - raft.server.log.statemachine.data.read.timeout = 1000ms (default)
2023-06-21 16:52:21,358 [0ffaae9a-de1a-4167-9662-2ff6145c2fa0-groupManagement] INFO  server.RaftServerConfigKeys (ConfUtils.java:logGet(46)) - raft.server.log.purge.preservation.log.num = 0 (default)
2023-06-21 16:52:21,358 [0ffaae9a-de1a-4167-9662-2ff6145c2fa0-groupManagement] INFO  server.RaftServerConfigKeys (ConfUtils.java:logGet(46)) - raft.server.log.segment.size.max = 1048576 (custom)
2023-06-21 16:52:21,359 [0ffaae9a-de1a-4167-9662-2ff6145c2fa0-groupManagement] INFO  server.RaftServerConfigKeys (ConfUtils.java:logGet(46)) - raft.server.log.segment.cache.num.max = 2 (custom)
2023-06-21 16:52:21,359 [0ffaae9a-de1a-4167-9662-2ff6145c2fa0-groupManagement] INFO  server.RaftServerConfigKeys (ConfUtils.java:logGet(46)) - raft.server.log.segment.cache.size.max = 200MB (=209715200) (default)
2023-06-21 16:52:21,359 [0ffaae9a-de1a-4167-9662-2ff6145c2fa0-groupManagement] INFO  server.RaftServerConfigKeys (ConfUtils.java:logGet(46)) - raft.server.log.appender.buffer.byte-limit = 33554432 (custom)
2023-06-21 16:52:21,359 [0ffaae9a-de1a-4167-9662-2ff6145c2fa0-groupManagement] INFO  segmented.SegmentedRaftLogWorker (SegmentedRaftLogWorker.java:<init>(188)) - new 0ffaae9a-de1a-4167-9662-2ff6145c2fa0@group-5513452EA3C4-SegmentedRaftLogWorker for RaftStorageImpl:Storage Directory /home/runner/work/ozone/ozone/hadoop-ozone/integration-test/target/test-dir/MiniOzoneClusterImpl-bc117425-4aef-44e4-9aa3-5f74caebda79/datanode-1/data/ratis/a7f633f1-2c07-4c3f-8075-5513452ea3c4
2023-06-21 16:52:21,359 [0ffaae9a-de1a-4167-9662-2ff6145c2fa0-groupManagement] INFO  server.RaftServerConfigKeys (ConfUtils.java:logGet(46)) - raft.server.log.queue.byte-limit = 4294967296 (custom)
2023-06-21 16:52:21,359 [0ffaae9a-de1a-4167-9662-2ff6145c2fa0-groupManagement] INFO  server.RaftServerConfigKeys (ConfUtils.java:logGet(46)) - raft.server.log.queue.element-limit = 1024 (custom)
2023-06-21 16:52:21,359 [0ffaae9a-de1a-4167-9662-2ff6145c2fa0-groupManagement] INFO  server.RaftServerConfigKeys (ConfUtils.java:logGet(46)) - raft.server.log.segment.size.max = 1048576 (custom)
2023-06-21 16:52:21,359 [0ffaae9a-de1a-4167-9662-2ff6145c2fa0-groupManagement] INFO  server.RaftServerConfigKeys (ConfUtils.java:logGet(46)) - raft.server.log.preallocated.size = 16384 (custom)
2023-06-21 16:52:21,359 [0ffaae9a-de1a-4167-9662-2ff6145c2fa0-groupManagement] INFO  server.RaftServerConfigKeys (ConfUtils.java:logGet(46)) - raft.server.log.force.sync.num = 128 (default)
2023-06-21 16:52:21,359 [0ffaae9a-de1a-4167-9662-2ff6145c2fa0-groupManagement] INFO  server.RaftServerConfigKeys (ConfUtils.java:logGet(46)) - raft.server.log.statemachine.data.sync = true (default)
2023-06-21 16:52:21,359 [0ffaae9a-de1a-4167-9662-2ff6145c2fa0-groupManagement] INFO  server.RaftServerConfigKeys (ConfUtils.java:logGet(46)) - raft.server.log.statemachine.data.sync.timeout = 10s (default)
2023-06-21 16:52:21,359 [0ffaae9a-de1a-4167-9662-2ff6145c2fa0-groupManagement] INFO  server.RaftServerConfigKeys (ConfUtils.java:logGet(46)) - raft.server.log.statemachine.data.sync.timeout.retry = -1 (default)
2023-06-21 16:52:21,360 [0ffaae9a-de1a-4167-9662-2ff6145c2fa0-groupManagement] INFO  server.RaftServerConfigKeys (ConfUtils.java:logGet(46)) - raft.server.log.write.buffer.size = 1048576 (custom)
2023-06-21 16:52:21,361 [0ffaae9a-de1a-4167-9662-2ff6145c2fa0-groupManagement] INFO  server.RaftServerConfigKeys (ConfUtils.java:logGet(46)) - raft.server.log.appender.buffer.byte-limit = 33554432 (custom)
2023-06-21 16:52:21,357 [8245ab04-78c1-4e53-8989-11805473ea66-groupManagement] INFO  server.RaftServer$Division (RaftServerImpl.java:<init>(198)) - 8245ab04-78c1-4e53-8989-11805473ea66: new RaftServerImpl for group-5513452EA3C4:[8245ab04-78c1-4e53-8989-11805473ea66|rpc:10.1.0.51:15032|admin:10.1.0.51:15031|client:10.1.0.51:15030|dataStream:10.1.0.51:15033|priority:0|startupRole:FOLLOWER, 0ffaae9a-de1a-4167-9662-2ff6145c2fa0|rpc:10.1.0.51:15023|admin:10.1.0.51:15022|client:10.1.0.51:15021|dataStream:10.1.0.51:15024|priority:1|startupRole:FOLLOWER, 44f60e89-e275-465b-85ec-e219e0803a81|rpc:10.1.0.51:15014|admin:10.1.0.51:15013|client:10.1.0.51:15012|dataStream:10.1.0.51:15015|priority:0|startupRole:FOLLOWER] with ContainerStateMachine:uninitialized
2023-06-21 16:52:21,365 [8245ab04-78c1-4e53-8989-11805473ea66-groupManagement] INFO  server.RaftServerConfigKeys (ConfUtils.java:logGet(46)) - raft.server.rpc.timeout.min = 5s (custom)
2023-06-21 16:52:21,365 [8245ab04-78c1-4e53-8989-11805473ea66-groupManagement] INFO  server.RaftServerConfigKeys (ConfUtils.java:logGet(46)) - raft.server.rpc.timeout.max = 5200ms (custom)
2023-06-21 16:52:21,365 [8245ab04-78c1-4e53-8989-11805473ea66-groupManagement] INFO  server.RaftServerConfigKeys (ConfUtils.java:logGet(46)) - raft.server.rpc.sleep.time = 25ms (default)
2023-06-21 16:52:21,365 [8245ab04-78c1-4e53-8989-11805473ea66-groupManagement] INFO  server.RaftServerConfigKeys (ConfUtils.java:logGet(46)) - raft.server.rpc.slowness.timeout = 300s (custom)
2023-06-21 16:52:21,365 [8245ab04-78c1-4e53-8989-11805473ea66-groupManagement] INFO  server.RaftServerConfigKeys (ConfUtils.java:logGet(46)) - raft.server.leaderelection.leader.step-down.wait-time = 10s (default)
2023-06-21 16:52:21,365 [8245ab04-78c1-4e53-8989-11805473ea66-groupManagement] INFO  server.RaftServerConfigKeys (ConfUtils.java:logGet(46)) - raft.server.sleep.deviation.threshold = 300ms (default)
2023-06-21 16:52:21,365 [8245ab04-78c1-4e53-8989-11805473ea66-groupManagement] INFO  server.RaftServer$Division (ServerState.java:<init>(120)) - 8245ab04-78c1-4e53-8989-11805473ea66@group-5513452EA3C4: ConfigurationManager, init=-1: peers:[8245ab04-78c1-4e53-8989-11805473ea66|rpc:10.1.0.51:15032|admin:10.1.0.51:15031|client:10.1.0.51:15030|dataStream:10.1.0.51:15033|priority:0|startupRole:FOLLOWER, 0ffaae9a-de1a-4167-9662-2ff6145c2fa0|rpc:10.1.0.51:15023|admin:10.1.0.51:15022|client:10.1.0.51:15021|dataStream:10.1.0.51:15024|priority:1|startupRole:FOLLOWER, 44f60e89-e275-465b-85ec-e219e0803a81|rpc:10.1.0.51:15014|admin:10.1.0.51:15013|client:10.1.0.51:15012|dataStream:10.1.0.51:15015|priority:0|startupRole:FOLLOWER]|listeners:[], old=null, confs=<EMPTY_MAP>
2023-06-21 16:52:21,365 [8245ab04-78c1-4e53-8989-11805473ea66-groupManagement] INFO  server.RaftServerConfigKeys (ConfUtils.java:logGet(46)) - raft.server.storage.dir = [/home/runner/work/ozone/ozone/hadoop-ozone/integration-test/target/test-dir/MiniOzoneClusterImpl-bc117425-4aef-44e4-9aa3-5f74caebda79/datanode-2/data/ratis] (custom)
2023-06-21 16:52:21,365 [8245ab04-78c1-4e53-8989-11805473ea66-groupManagement] INFO  server.RaftServerConfigKeys (ConfUtils.java:logGet(46)) - raft.server.log.corruption.policy = EXCEPTION (default)
2023-06-21 16:52:21,365 [8245ab04-78c1-4e53-8989-11805473ea66-groupManagement] INFO  server.RaftServerConfigKeys (ConfUtils.java:logGet(46)) - raft.server.storage.free-space.min = 0MB (=0) (default)
2023-06-21 16:52:21,366 [8245ab04-78c1-4e53-8989-11805473ea66-groupManagement] INFO  server.RaftServerConfigKeys (ConfUtils.java:logGet(46)) - raft.server.notification.no-leader.timeout = 300s (custom)
2023-06-21 16:52:21,366 [8245ab04-78c1-4e53-8989-11805473ea66-groupManagement] INFO  server.RaftServerConfigKeys (ConfUtils.java:logGet(46)) - raft.server.read.timeout = 10s (default)
2023-06-21 16:52:21,366 [8245ab04-78c1-4e53-8989-11805473ea66-groupManagement] INFO  server.RaftServerConfigKeys (ConfUtils.java:logGet(46)) - raft.server.retrycache.expirytime = 600000ms (custom)
2023-06-21 16:52:21,366 [8245ab04-78c1-4e53-8989-11805473ea66-groupManagement] INFO  server.RaftServerConfigKeys (ConfUtils.java:logGet(46)) - raft.server.retrycache.statistics.expirytime = 100μs (default)
2023-06-21 16:52:21,366 [8245ab04-78c1-4e53-8989-11805473ea66-groupManagement] INFO  server.RaftServerConfigKeys (ConfUtils.java:logGet(46)) - raft.server.read.option = DEFAULT (default)
2023-06-21 16:52:21,375 [0ffaae9a-de1a-4167-9662-2ff6145c2fa0-groupManagement] INFO  server.RaftServerConfigKeys (ConfUtils.java:logGet(46)) - raft.server.log.unsafe-flush.enabled = false (default)
2023-06-21 16:52:21,378 [8245ab04-78c1-4e53-8989-11805473ea66-groupManagement] INFO  server.RaftServerConfigKeys (ConfUtils.java:logGet(46)) - raft.server.rpc.request.timeout = 60s (custom)
2023-06-21 16:52:21,379 [8245ab04-78c1-4e53-8989-11805473ea66-groupManagement] INFO  server.RaftServerConfigKeys (ConfUtils.java:logGet(46)) - raft.server.log.appender.install.snapshot.enabled = false (custom)
2023-06-21 16:52:21,379 [8245ab04-78c1-4e53-8989-11805473ea66-groupManagement] INFO  server.RaftServerConfigKeys (ConfUtils.java:logGet(46)) - raft.server.threadpool.server.cached = true (default)
2023-06-21 16:52:21,379 [8245ab04-78c1-4e53-8989-11805473ea66-groupManagement] INFO  server.RaftServerConfigKeys (ConfUtils.java:logGet(46)) - raft.server.threadpool.server.size = 0 (default)
2023-06-21 16:52:21,379 [8245ab04-78c1-4e53-8989-11805473ea66-groupManagement] INFO  server.RaftServerConfigKeys (ConfUtils.java:logGet(46)) - raft.server.threadpool.client.cached = true (default)
2023-06-21 16:52:21,379 [8245ab04-78c1-4e53-8989-11805473ea66-groupManagement] INFO  server.RaftServerConfigKeys (ConfUtils.java:logGet(46)) - raft.server.threadpool.client.size = 0 (default)
2023-06-21 16:52:21,380 [8245ab04-78c1-4e53-8989-11805473ea66-groupManagement] INFO  server.RaftServer$Division (RaftServerImpl.java:<init>(198)) - 8245ab04-78c1-4e53-8989-11805473ea66: new RaftServerImpl for group-501F925AB6B1:[8245ab04-78c1-4e53-8989-11805473ea66|rpc:10.1.0.51:15032|admin:10.1.0.51:15031|client:10.1.0.51:15030|dataStream:10.1.0.51:15033|priority:1|startupRole:FOLLOWER] with ContainerStateMachine:uninitialized
2023-06-21 16:52:21,380 [8245ab04-78c1-4e53-8989-11805473ea66-groupManagement] INFO  server.RaftServerConfigKeys (ConfUtils.java:logGet(46)) - raft.server.rpc.timeout.min = 5s (custom)
2023-06-21 16:52:21,380 [8245ab04-78c1-4e53-8989-11805473ea66-groupManagement] INFO  server.RaftServerConfigKeys (ConfUtils.java:logGet(46)) - raft.server.rpc.timeout.max = 5200ms (custom)
2023-06-21 16:52:21,380 [8245ab04-78c1-4e53-8989-11805473ea66-groupManagement] INFO  server.RaftServerConfigKeys (ConfUtils.java:logGet(46)) - raft.server.rpc.sleep.time = 25ms (default)
2023-06-21 16:52:21,380 [8245ab04-78c1-4e53-8989-11805473ea66-groupManagement] INFO  server.RaftServerConfigKeys (ConfUtils.java:logGet(46)) - raft.server.rpc.slowness.timeout = 300s (custom)
2023-06-21 16:52:21,380 [8245ab04-78c1-4e53-8989-11805473ea66-groupManagement] INFO  server.RaftServerConfigKeys (ConfUtils.java:logGet(46)) - raft.server.leaderelection.leader.step-down.wait-time = 10s (default)
2023-06-21 16:52:21,381 [8245ab04-78c1-4e53-8989-11805473ea66-groupManagement] INFO  server.RaftServerConfigKeys (ConfUtils.java:logGet(46)) - raft.server.sleep.deviation.threshold = 300ms (default)
2023-06-21 16:52:21,381 [8245ab04-78c1-4e53-8989-11805473ea66-groupManagement] INFO  server.RaftServer$Division (ServerState.java:<init>(120)) - 8245ab04-78c1-4e53-8989-11805473ea66@group-501F925AB6B1: ConfigurationManager, init=-1: peers:[8245ab04-78c1-4e53-8989-11805473ea66|rpc:10.1.0.51:15032|admin:10.1.0.51:15031|client:10.1.0.51:15030|dataStream:10.1.0.51:15033|priority:1|startupRole:FOLLOWER]|listeners:[], old=null, confs=<EMPTY_MAP>
2023-06-21 16:52:21,381 [8245ab04-78c1-4e53-8989-11805473ea66-groupManagement] INFO  server.RaftServerConfigKeys (ConfUtils.java:logGet(46)) - raft.server.storage.dir = [/home/runner/work/ozone/ozone/hadoop-ozone/integration-test/target/test-dir/MiniOzoneClusterImpl-bc117425-4aef-44e4-9aa3-5f74caebda79/datanode-2/data/ratis] (custom)
2023-06-21 16:52:21,381 [8245ab04-78c1-4e53-8989-11805473ea66-groupManagement] INFO  server.RaftServerConfigKeys (ConfUtils.java:logGet(46)) - raft.server.log.corruption.policy = EXCEPTION (default)
2023-06-21 16:52:21,381 [8245ab04-78c1-4e53-8989-11805473ea66-groupManagement] INFO  server.RaftServerConfigKeys (ConfUtils.java:logGet(46)) - raft.server.storage.free-space.min = 0MB (=0) (default)
2023-06-21 16:52:21,381 [8245ab04-78c1-4e53-8989-11805473ea66-groupManagement] INFO  server.RaftServerConfigKeys (ConfUtils.java:logGet(46)) - raft.server.notification.no-leader.timeout = 300s (custom)
2023-06-21 16:52:21,381 [8245ab04-78c1-4e53-8989-11805473ea66-groupManagement] INFO  server.RaftServerConfigKeys (ConfUtils.java:logGet(46)) - raft.server.read.timeout = 10s (default)
2023-06-21 16:52:21,381 [8245ab04-78c1-4e53-8989-11805473ea66-groupManagement] INFO  server.RaftServerConfigKeys (ConfUtils.java:logGet(46)) - raft.server.retrycache.expirytime = 600000ms (custom)
2023-06-21 16:52:21,381 [8245ab04-78c1-4e53-8989-11805473ea66-groupManagement] INFO  server.RaftServerConfigKeys (ConfUtils.java:logGet(46)) - raft.server.retrycache.statistics.expirytime = 100μs (default)
2023-06-21 16:52:21,381 [8245ab04-78c1-4e53-8989-11805473ea66-groupManagement] INFO  server.RaftServerConfigKeys (ConfUtils.java:logGet(46)) - raft.server.read.option = DEFAULT (default)
2023-06-21 16:52:21,383 [8245ab04-78c1-4e53-8989-11805473ea66-groupManagement] INFO  server.RaftServerConfigKeys (ConfUtils.java:logGet(46)) - raft.server.rpc.request.timeout = 60s (custom)
2023-06-21 16:52:21,383 [8245ab04-78c1-4e53-8989-11805473ea66-groupManagement] INFO  server.RaftServerConfigKeys (ConfUtils.java:logGet(46)) - raft.server.log.appender.install.snapshot.enabled = false (custom)
2023-06-21 16:52:21,383 [8245ab04-78c1-4e53-8989-11805473ea66-groupManagement] INFO  server.RaftServerConfigKeys (ConfUtils.java:logGet(46)) - raft.server.threadpool.server.cached = true (default)
2023-06-21 16:52:21,383 [8245ab04-78c1-4e53-8989-11805473ea66-groupManagement] INFO  server.RaftServerConfigKeys (ConfUtils.java:logGet(46)) - raft.server.threadpool.server.size = 0 (default)
2023-06-21 16:52:21,383 [8245ab04-78c1-4e53-8989-11805473ea66-groupManagement] INFO  server.RaftServerConfigKeys (ConfUtils.java:logGet(46)) - raft.server.threadpool.client.cached = true (default)
2023-06-21 16:52:21,383 [8245ab04-78c1-4e53-8989-11805473ea66-groupManagement] INFO  server.RaftServerConfigKeys (ConfUtils.java:logGet(46)) - raft.server.threadpool.client.size = 0 (default)
2023-06-21 16:52:21,384 [0ffaae9a-de1a-4167-9662-2ff6145c2fa0-groupManagement] INFO  server.RaftServerConfigKeys (ConfUtils.java:logGet(46)) - raft.server.log.async-flush.enabled = false (default)
2023-06-21 16:52:21,384 [0ffaae9a-de1a-4167-9662-2ff6145c2fa0-groupManagement] INFO  server.RaftServerConfigKeys (ConfUtils.java:logGet(46)) - raft.server.log.statemachine.data.caching.enabled = true (custom)
2023-06-21 16:52:21,384 [0ffaae9a-de1a-4167-9662-2ff6145c2fa0-groupManagement] INFO  segmented.SegmentedRaftLogWorker (SegmentedRaftLogWorker.java:lambda$new$0(135)) - 0ffaae9a-de1a-4167-9662-2ff6145c2fa0@group-5513452EA3C4-SegmentedRaftLogWorker: flushIndex: setUnconditionally 0 -> -1
2023-06-21 16:52:21,385 [0ffaae9a-de1a-4167-9662-2ff6145c2fa0-groupManagement] INFO  segmented.SegmentedRaftLogWorker (SegmentedRaftLogWorker.java:lambda$new$0(135)) - 0ffaae9a-de1a-4167-9662-2ff6145c2fa0@group-5513452EA3C4-SegmentedRaftLogWorker: safeCacheEvictIndex: setUnconditionally 0 -> -1
2023-06-21 16:52:21,386 [8245ab04-78c1-4e53-8989-11805473ea66-groupManagement] INFO  storage.RaftStorageDirectory (RaftStorageDirectoryImpl.java:analyzeStorage(137)) - The storage directory /home/runner/work/ozone/ozone/hadoop-ozone/integration-test/target/test-dir/MiniOzoneClusterImpl-bc117425-4aef-44e4-9aa3-5f74caebda79/datanode-2/data/ratis/a7f633f1-2c07-4c3f-8075-5513452ea3c4 does not exist. Creating ...
2023-06-21 16:52:21,388 [8245ab04-78c1-4e53-8989-11805473ea66-groupManagement] INFO  storage.RaftStorageDirectory (RaftStorageDirectoryImpl.java:tryLock(231)) - Lock on /home/runner/work/ozone/ozone/hadoop-ozone/integration-test/target/test-dir/MiniOzoneClusterImpl-bc117425-4aef-44e4-9aa3-5f74caebda79/datanode-2/data/ratis/a7f633f1-2c07-4c3f-8075-5513452ea3c4/in_use.lock acquired by nodename 103413@fv-az624-409
2023-06-21 16:52:21,391 [0ffaae9a-de1a-4167-9662-2ff6145c2fa0-groupManagement] INFO  server.RaftServer$Division (RaftServerImpl.java:start(342)) - 0ffaae9a-de1a-4167-9662-2ff6145c2fa0@group-5513452EA3C4: start as a follower, conf=-1: peers:[8245ab04-78c1-4e53-8989-11805473ea66|rpc:10.1.0.51:15032|admin:10.1.0.51:15031|client:10.1.0.51:15030|dataStream:10.1.0.51:15033|priority:0|startupRole:FOLLOWER, 0ffaae9a-de1a-4167-9662-2ff6145c2fa0|rpc:10.1.0.51:15023|admin:10.1.0.51:15022|client:10.1.0.51:15021|dataStream:10.1.0.51:15024|priority:1|startupRole:FOLLOWER, 44f60e89-e275-465b-85ec-e219e0803a81|rpc:10.1.0.51:15014|admin:10.1.0.51:15013|client:10.1.0.51:15012|dataStream:10.1.0.51:15015|priority:0|startupRole:FOLLOWER]|listeners:[], old=null
2023-06-21 16:52:21,391 [0ffaae9a-de1a-4167-9662-2ff6145c2fa0-groupManagement] INFO  server.RaftServer$Division (RaftServerImpl.java:setRole(329)) - 0ffaae9a-de1a-4167-9662-2ff6145c2fa0@group-5513452EA3C4: changes role from      null to FOLLOWER at term 0 for startAsFollower
2023-06-21 16:52:21,391 [0ffaae9a-de1a-4167-9662-2ff6145c2fa0-groupManagement] INFO  impl.RoleInfo (RoleInfo.java:updateAndGet(139)) - 0ffaae9a-de1a-4167-9662-2ff6145c2fa0: start 0ffaae9a-de1a-4167-9662-2ff6145c2fa0@group-5513452EA3C4-FollowerState
2023-06-21 16:52:21,391 [8245ab04-78c1-4e53-8989-11805473ea66-groupManagement] INFO  storage.RaftStorage (RaftStorageImpl.java:format(96)) - Storage directory /home/runner/work/ozone/ozone/hadoop-ozone/integration-test/target/test-dir/MiniOzoneClusterImpl-bc117425-4aef-44e4-9aa3-5f74caebda79/datanode-2/data/ratis/a7f633f1-2c07-4c3f-8075-5513452ea3c4 has been successfully formatted.
2023-06-21 16:52:21,394 [0ffaae9a-de1a-4167-9662-2ff6145c2fa0-groupManagement] INFO  util.JmxRegister (JmxRegister.java:tryRegister(44)) - Successfully registered JMX Bean with object name Ratis:service=RaftServer,group=group-5513452EA3C4,id=0ffaae9a-de1a-4167-9662-2ff6145c2fa0
2023-06-21 16:52:21,401 [0ffaae9a-de1a-4167-9662-2ff6145c2fa0-groupManagement] INFO  server.RaftServerConfigKeys (ConfUtils.java:logGet(46)) - raft.server.snapshot.auto.trigger.enabled = true (custom)
2023-06-21 16:52:21,401 [0ffaae9a-de1a-4167-9662-2ff6145c2fa0-groupManagement] INFO  server.RaftServerConfigKeys (ConfUtils.java:logGet(46)) - raft.server.snapshot.auto.trigger.threshold = 10000 (custom)
2023-06-21 16:52:21,401 [0ffaae9a-de1a-4167-9662-2ff6145c2fa0-groupManagement] INFO  server.RaftServerConfigKeys (ConfUtils.java:logGet(46)) - raft.server.snapshot.retention.file.num = 5 (custom)
2023-06-21 16:52:21,401 [0ffaae9a-de1a-4167-9662-2ff6145c2fa0-groupManagement] INFO  server.RaftServerConfigKeys (ConfUtils.java:logGet(46)) - raft.server.log.purge.upto.snapshot.index = false (default)
2023-06-21 16:52:21,401 [0ffaae9a-de1a-4167-9662-2ff6145c2fa0@group-5513452EA3C4-FollowerState] INFO  server.RaftServerConfigKeys (ConfUtils.java:logFallback(53)) - raft.server.rpc.first-election.timeout.min = 5s (fallback to raft.server.rpc.timeout.min)
2023-06-21 16:52:21,401 [0ffaae9a-de1a-4167-9662-2ff6145c2fa0@group-5513452EA3C4-FollowerState] INFO  server.RaftServerConfigKeys (ConfUtils.java:logFallback(53)) - raft.server.rpc.first-election.timeout.max = 5200ms (fallback to raft.server.rpc.timeout.max)
2023-06-21 16:52:21,401 [PipelineCommandHandlerThread-0] INFO  ratis.XceiverServerRatis (XceiverServerRatis.java:addGroup(804)) - Created group PipelineID=a7f633f1-2c07-4c3f-8075-5513452ea3c4
2023-06-21 16:52:21,404 [8245ab04-78c1-4e53-8989-11805473ea66-groupManagement] INFO  ratis.ContainerStateMachine (ContainerStateMachine.java:loadSnapshot(262)) - group-5513452EA3C4: The snapshot info is null. Setting the last applied indexto:(t:0, i:~)
2023-06-21 16:52:21,410 [EventQueue-PipelineReportForPipelineReportHandler] INFO  pipeline.PipelineManagerImpl (PipelineManagerImpl.java:openPipeline(367)) - Pipeline Pipeline[ Id: f50fed80-0ba6-46d9-8e36-501f925ab6b1, Nodes: 8245ab04-78c1-4e53-8989-11805473ea66(fv-az624-409/10.1.0.51), ReplicationConfig: RATIS/ONE, State:ALLOCATED, leaderId:8245ab04-78c1-4e53-8989-11805473ea66, CreationTimestamp2023-06-21T16:52:18.317Z[Etc/UTC]] moved to OPEN state
2023-06-21 16:52:21,411 [8245ab04-78c1-4e53-8989-11805473ea66-groupManagement] INFO  server.RaftServerConfigKeys (ConfUtils.java:logGet(46)) - raft.server.log.use.memory = false (default)
2023-06-21 16:52:21,411 [8245ab04-78c1-4e53-8989-11805473ea66-groupManagement] INFO  server.RaftServerConfigKeys (ConfUtils.java:logGet(46)) - raft.server.log.purge.gap = 1000000 (custom)
2023-06-21 16:52:21,411 [EventQueue-OpenPipelineForHealthyPipelineSafeModeRule] INFO  safemode.SCMSafeModeManager (HealthyPipelineSafeModeRule.java:process(137)) - SCM in safe mode. Healthy pipelines reported count is 0, required healthy pipeline reported count is 1
2023-06-21 16:52:21,411 [8245ab04-78c1-4e53-8989-11805473ea66-groupManagement] INFO  server.RaftServerConfigKeys (ConfUtils.java:logGet(46)) - raft.server.log.appender.buffer.byte-limit = 33554432 (custom)
2023-06-21 16:52:21,412 [8245ab04-78c1-4e53-8989-11805473ea66-groupManagement] INFO  server.RaftServerConfigKeys (ConfUtils.java:logGet(46)) - raft.server.log.statemachine.data.read.timeout = 1000ms (default)
2023-06-21 16:52:21,412 [8245ab04-78c1-4e53-8989-11805473ea66-groupManagement] INFO  server.RaftServerConfigKeys (ConfUtils.java:logGet(46)) - raft.server.log.purge.preservation.log.num = 0 (default)
2023-06-21 16:52:21,412 [8245ab04-78c1-4e53-8989-11805473ea66-groupManagement] INFO  server.RaftServerConfigKeys (ConfUtils.java:logGet(46)) - raft.server.log.segment.size.max = 1048576 (custom)
2023-06-21 16:52:21,413 [8245ab04-78c1-4e53-8989-11805473ea66-groupManagement] INFO  server.RaftServerConfigKeys (ConfUtils.java:logGet(46)) - raft.server.log.segment.cache.num.max = 2 (custom)
2023-06-21 16:52:21,419 [8245ab04-78c1-4e53-8989-11805473ea66-groupManagement] INFO  server.RaftServerConfigKeys (ConfUtils.java:logGet(46)) - raft.server.log.segment.cache.size.max = 200MB (=209715200) (default)
2023-06-21 16:52:21,419 [8245ab04-78c1-4e53-8989-11805473ea66-groupManagement] INFO  server.RaftServerConfigKeys (ConfUtils.java:logGet(46)) - raft.server.log.appender.buffer.byte-limit = 33554432 (custom)
2023-06-21 16:52:21,420 [8245ab04-78c1-4e53-8989-11805473ea66-groupManagement] INFO  segmented.SegmentedRaftLogWorker (SegmentedRaftLogWorker.java:<init>(188)) - new 8245ab04-78c1-4e53-8989-11805473ea66@group-5513452EA3C4-SegmentedRaftLogWorker for RaftStorageImpl:Storage Directory /home/runner/work/ozone/ozone/hadoop-ozone/integration-test/target/test-dir/MiniOzoneClusterImpl-bc117425-4aef-44e4-9aa3-5f74caebda79/datanode-2/data/ratis/a7f633f1-2c07-4c3f-8075-5513452ea3c4
2023-06-21 16:52:21,424 [8245ab04-78c1-4e53-8989-11805473ea66-groupManagement] INFO  server.RaftServerConfigKeys (ConfUtils.java:logGet(46)) - raft.server.log.queue.byte-limit = 4294967296 (custom)
2023-06-21 16:52:21,424 [8245ab04-78c1-4e53-8989-11805473ea66-groupManagement] INFO  server.RaftServerConfigKeys (ConfUtils.java:logGet(46)) - raft.server.log.queue.element-limit = 1024 (custom)
2023-06-21 16:52:21,424 [8245ab04-78c1-4e53-8989-11805473ea66-groupManagement] INFO  server.RaftServerConfigKeys (ConfUtils.java:logGet(46)) - raft.server.log.segment.size.max = 1048576 (custom)
2023-06-21 16:52:21,424 [8245ab04-78c1-4e53-8989-11805473ea66-groupManagement] INFO  server.RaftServerConfigKeys (ConfUtils.java:logGet(46)) - raft.server.log.preallocated.size = 16384 (custom)
2023-06-21 16:52:21,424 [8245ab04-78c1-4e53-8989-11805473ea66-groupManagement] INFO  server.RaftServerConfigKeys (ConfUtils.java:logGet(46)) - raft.server.log.force.sync.num = 128 (default)
2023-06-21 16:52:21,424 [8245ab04-78c1-4e53-8989-11805473ea66-groupManagement] INFO  server.RaftServerConfigKeys (ConfUtils.java:logGet(46)) - raft.server.log.statemachine.data.sync = true (default)
2023-06-21 16:52:21,424 [8245ab04-78c1-4e53-8989-11805473ea66-groupManagement] INFO  server.RaftServerConfigKeys (ConfUtils.java:logGet(46)) - raft.server.log.statemachine.data.sync.timeout = 10s (default)
2023-06-21 16:52:21,424 [8245ab04-78c1-4e53-8989-11805473ea66-groupManagement] INFO  server.RaftServerConfigKeys (ConfUtils.java:logGet(46)) - raft.server.log.statemachine.data.sync.timeout.retry = -1 (default)
2023-06-21 16:52:21,427 [8245ab04-78c1-4e53-8989-11805473ea66-groupManagement] INFO  server.RaftServerConfigKeys (ConfUtils.java:logGet(46)) - raft.server.log.write.buffer.size = 1048576 (custom)
2023-06-21 16:52:21,428 [8245ab04-78c1-4e53-8989-11805473ea66-groupManagement] INFO  server.RaftServerConfigKeys (ConfUtils.java:logGet(46)) - raft.server.log.appender.buffer.byte-limit = 33554432 (custom)
2023-06-21 16:52:21,435 [8245ab04-78c1-4e53-8989-11805473ea66-groupManagement] INFO  server.RaftServerConfigKeys (ConfUtils.java:logGet(46)) - raft.server.log.unsafe-flush.enabled = false (default)
2023-06-21 16:52:21,435 [8245ab04-78c1-4e53-8989-11805473ea66-groupManagement] INFO  server.RaftServerConfigKeys (ConfUtils.java:logGet(46)) - raft.server.log.async-flush.enabled = false (default)
2023-06-21 16:52:21,435 [8245ab04-78c1-4e53-8989-11805473ea66-groupManagement] INFO  server.RaftServerConfigKeys (ConfUtils.java:logGet(46)) - raft.server.log.statemachine.data.caching.enabled = true (custom)
2023-06-21 16:52:21,435 [8245ab04-78c1-4e53-8989-11805473ea66-groupManagement] INFO  segmented.SegmentedRaftLogWorker (SegmentedRaftLogWorker.java:lambda$new$0(135)) - 8245ab04-78c1-4e53-8989-11805473ea66@group-5513452EA3C4-SegmentedRaftLogWorker: flushIndex: setUnconditionally 0 -> -1
2023-06-21 16:52:21,435 [8245ab04-78c1-4e53-8989-11805473ea66-groupManagement] INFO  segmented.SegmentedRaftLogWorker (SegmentedRaftLogWorker.java:lambda$new$0(135)) - 8245ab04-78c1-4e53-8989-11805473ea66@group-5513452EA3C4-SegmentedRaftLogWorker: safeCacheEvictIndex: setUnconditionally 0 -> -1
2023-06-21 16:52:21,436 [8245ab04-78c1-4e53-8989-11805473ea66-groupManagement] INFO  server.RaftServer$Division (RaftServerImpl.java:start(342)) - 8245ab04-78c1-4e53-8989-11805473ea66@group-5513452EA3C4: start as a follower, conf=-1: peers:[8245ab04-78c1-4e53-8989-11805473ea66|rpc:10.1.0.51:15032|admin:10.1.0.51:15031|client:10.1.0.51:15030|dataStream:10.1.0.51:15033|priority:0|startupRole:FOLLOWER, 0ffaae9a-de1a-4167-9662-2ff6145c2fa0|rpc:10.1.0.51:15023|admin:10.1.0.51:15022|client:10.1.0.51:15021|dataStream:10.1.0.51:15024|priority:1|startupRole:FOLLOWER, 44f60e89-e275-465b-85ec-e219e0803a81|rpc:10.1.0.51:15014|admin:10.1.0.51:15013|client:10.1.0.51:15012|dataStream:10.1.0.51:15015|priority:0|startupRole:FOLLOWER]|listeners:[], old=null
2023-06-21 16:52:21,436 [8245ab04-78c1-4e53-8989-11805473ea66-groupManagement] INFO  server.RaftServer$Division (RaftServerImpl.java:setRole(329)) - 8245ab04-78c1-4e53-8989-11805473ea66@group-5513452EA3C4: changes role from      null to FOLLOWER at term 0 for startAsFollower
2023-06-21 16:52:21,436 [8245ab04-78c1-4e53-8989-11805473ea66-groupManagement] INFO  impl.RoleInfo (RoleInfo.java:updateAndGet(139)) - 8245ab04-78c1-4e53-8989-11805473ea66: start 8245ab04-78c1-4e53-8989-11805473ea66@group-5513452EA3C4-FollowerState
2023-06-21 16:52:21,437 [8245ab04-78c1-4e53-8989-11805473ea66-groupManagement] INFO  util.JmxRegister (JmxRegister.java:tryRegister(44)) - Successfully registered JMX Bean with object name Ratis:service=RaftServer,group=group-5513452EA3C4,id=8245ab04-78c1-4e53-8989-11805473ea66
2023-06-21 16:52:21,437 [8245ab04-78c1-4e53-8989-11805473ea66-groupManagement] INFO  server.RaftServerConfigKeys (ConfUtils.java:logGet(46)) - raft.server.snapshot.auto.trigger.enabled = true (custom)
2023-06-21 16:52:21,437 [8245ab04-78c1-4e53-8989-11805473ea66-groupManagement] INFO  server.RaftServerConfigKeys (ConfUtils.java:logGet(46)) - raft.server.snapshot.auto.trigger.threshold = 10000 (custom)
2023-06-21 16:52:21,437 [8245ab04-78c1-4e53-8989-11805473ea66-groupManagement] INFO  server.RaftServerConfigKeys (ConfUtils.java:logGet(46)) - raft.server.snapshot.retention.file.num = 5 (custom)
2023-06-21 16:52:21,437 [8245ab04-78c1-4e53-8989-11805473ea66-groupManagement] INFO  server.RaftServerConfigKeys (ConfUtils.java:logGet(46)) - raft.server.log.purge.upto.snapshot.index = false (default)
2023-06-21 16:52:21,438 [8245ab04-78c1-4e53-8989-11805473ea66-groupManagement] INFO  storage.RaftStorageDirectory (RaftStorageDirectoryImpl.java:analyzeStorage(137)) - The storage directory /home/runner/work/ozone/ozone/hadoop-ozone/integration-test/target/test-dir/MiniOzoneClusterImpl-bc117425-4aef-44e4-9aa3-5f74caebda79/datanode-2/data/ratis/f50fed80-0ba6-46d9-8e36-501f925ab6b1 does not exist. Creating ...
2023-06-21 16:52:21,440 [8245ab04-78c1-4e53-8989-11805473ea66-groupManagement] INFO  storage.RaftStorageDirectory (RaftStorageDirectoryImpl.java:tryLock(231)) - Lock on /home/runner/work/ozone/ozone/hadoop-ozone/integration-test/target/test-dir/MiniOzoneClusterImpl-bc117425-4aef-44e4-9aa3-5f74caebda79/datanode-2/data/ratis/f50fed80-0ba6-46d9-8e36-501f925ab6b1/in_use.lock acquired by nodename 103413@fv-az624-409
2023-06-21 16:52:21,441 [8245ab04-78c1-4e53-8989-11805473ea66-groupManagement] INFO  storage.RaftStorage (RaftStorageImpl.java:format(96)) - Storage directory /home/runner/work/ozone/ozone/hadoop-ozone/integration-test/target/test-dir/MiniOzoneClusterImpl-bc117425-4aef-44e4-9aa3-5f74caebda79/datanode-2/data/ratis/f50fed80-0ba6-46d9-8e36-501f925ab6b1 has been successfully formatted.
2023-06-21 16:52:21,442 [8245ab04-78c1-4e53-8989-11805473ea66-groupManagement] INFO  ratis.ContainerStateMachine (ContainerStateMachine.java:loadSnapshot(262)) - group-501F925AB6B1: The snapshot info is null. Setting the last applied indexto:(t:0, i:~)
2023-06-21 16:52:21,444 [8245ab04-78c1-4e53-8989-11805473ea66-groupManagement] INFO  server.RaftServerConfigKeys (ConfUtils.java:logGet(46)) - raft.server.log.use.memory = false (default)
2023-06-21 16:52:21,444 [8245ab04-78c1-4e53-8989-11805473ea66-groupManagement] INFO  server.RaftServerConfigKeys (ConfUtils.java:logGet(46)) - raft.server.log.purge.gap = 1000000 (custom)
2023-06-21 16:52:21,444 [8245ab04-78c1-4e53-8989-11805473ea66-groupManagement] INFO  server.RaftServerConfigKeys (ConfUtils.java:logGet(46)) - raft.server.log.appender.buffer.byte-limit = 33554432 (custom)
2023-06-21 16:52:21,444 [8245ab04-78c1-4e53-8989-11805473ea66-groupManagement] INFO  server.RaftServerConfigKeys (ConfUtils.java:logGet(46)) - raft.server.log.statemachine.data.read.timeout = 1000ms (default)
2023-06-21 16:52:21,444 [8245ab04-78c1-4e53-8989-11805473ea66-groupManagement] INFO  server.RaftServerConfigKeys (ConfUtils.java:logGet(46)) - raft.server.log.purge.preservation.log.num = 0 (default)
2023-06-21 16:52:21,444 [8245ab04-78c1-4e53-8989-11805473ea66-groupManagement] INFO  server.RaftServerConfigKeys (ConfUtils.java:logGet(46)) - raft.server.log.segment.size.max = 1048576 (custom)
2023-06-21 16:52:21,445 [8245ab04-78c1-4e53-8989-11805473ea66-groupManagement] INFO  server.RaftServerConfigKeys (ConfUtils.java:logGet(46)) - raft.server.log.segment.cache.num.max = 2 (custom)
2023-06-21 16:52:21,445 [8245ab04-78c1-4e53-8989-11805473ea66-groupManagement] INFO  server.RaftServerConfigKeys (ConfUtils.java:logGet(46)) - raft.server.log.segment.cache.size.max = 200MB (=209715200) (default)
2023-06-21 16:52:21,445 [8245ab04-78c1-4e53-8989-11805473ea66-groupManagement] INFO  server.RaftServerConfigKeys (ConfUtils.java:logGet(46)) - raft.server.log.appender.buffer.byte-limit = 33554432 (custom)
2023-06-21 16:52:21,445 [8245ab04-78c1-4e53-8989-11805473ea66-groupManagement] INFO  segmented.SegmentedRaftLogWorker (SegmentedRaftLogWorker.java:<init>(188)) - new 8245ab04-78c1-4e53-8989-11805473ea66@group-501F925AB6B1-SegmentedRaftLogWorker for RaftStorageImpl:Storage Directory /home/runner/work/ozone/ozone/hadoop-ozone/integration-test/target/test-dir/MiniOzoneClusterImpl-bc117425-4aef-44e4-9aa3-5f74caebda79/datanode-2/data/ratis/f50fed80-0ba6-46d9-8e36-501f925ab6b1
2023-06-21 16:52:21,445 [8245ab04-78c1-4e53-8989-11805473ea66-groupManagement] INFO  server.RaftServerConfigKeys (ConfUtils.java:logGet(46)) - raft.server.log.queue.byte-limit = 4294967296 (custom)
2023-06-21 16:52:21,445 [8245ab04-78c1-4e53-8989-11805473ea66-groupManagement] INFO  server.RaftServerConfigKeys (ConfUtils.java:logGet(46)) - raft.server.log.queue.element-limit = 1024 (custom)
2023-06-21 16:52:21,445 [8245ab04-78c1-4e53-8989-11805473ea66-groupManagement] INFO  server.RaftServerConfigKeys (ConfUtils.java:logGet(46)) - raft.server.log.segment.size.max = 1048576 (custom)
2023-06-21 16:52:21,445 [8245ab04-78c1-4e53-8989-11805473ea66-groupManagement] INFO  server.RaftServerConfigKeys (ConfUtils.java:logGet(46)) - raft.server.log.preallocated.size = 16384 (custom)
2023-06-21 16:52:21,445 [8245ab04-78c1-4e53-8989-11805473ea66-groupManagement] INFO  server.RaftServerConfigKeys (ConfUtils.java:logGet(46)) - raft.server.log.force.sync.num = 128 (default)
2023-06-21 16:52:21,445 [8245ab04-78c1-4e53-8989-11805473ea66-groupManagement] INFO  server.RaftServerConfigKeys (ConfUtils.java:logGet(46)) - raft.server.log.statemachine.data.sync = true (default)
2023-06-21 16:52:21,445 [8245ab04-78c1-4e53-8989-11805473ea66-groupManagement] INFO  server.RaftServerConfigKeys (ConfUtils.java:logGet(46)) - raft.server.log.statemachine.data.sync.timeout = 10s (default)
2023-06-21 16:52:21,445 [8245ab04-78c1-4e53-8989-11805473ea66-groupManagement] INFO  server.RaftServerConfigKeys (ConfUtils.java:logGet(46)) - raft.server.log.statemachine.data.sync.timeout.retry = -1 (default)
2023-06-21 16:52:21,446 [8245ab04-78c1-4e53-8989-11805473ea66-groupManagement] INFO  server.RaftServerConfigKeys (ConfUtils.java:logGet(46)) - raft.server.log.write.buffer.size = 1048576 (custom)
2023-06-21 16:52:21,447 [8245ab04-78c1-4e53-8989-11805473ea66-groupManagement] INFO  server.RaftServerConfigKeys (ConfUtils.java:logGet(46)) - raft.server.log.appender.buffer.byte-limit = 33554432 (custom)
2023-06-21 16:52:21,457 [8245ab04-78c1-4e53-8989-11805473ea66-groupManagement] INFO  server.RaftServerConfigKeys (ConfUtils.java:logGet(46)) - raft.server.log.unsafe-flush.enabled = false (default)
2023-06-21 16:52:21,457 [8245ab04-78c1-4e53-8989-11805473ea66-groupManagement] INFO  server.RaftServerConfigKeys (ConfUtils.java:logGet(46)) - raft.server.log.async-flush.enabled = false (default)
2023-06-21 16:52:21,457 [8245ab04-78c1-4e53-8989-11805473ea66-groupManagement] INFO  server.RaftServerConfigKeys (ConfUtils.java:logGet(46)) - raft.server.log.statemachine.data.caching.enabled = true (custom)
2023-06-21 16:52:21,459 [8245ab04-78c1-4e53-8989-11805473ea66-groupManagement] INFO  segmented.SegmentedRaftLogWorker (SegmentedRaftLogWorker.java:lambda$new$0(135)) - 8245ab04-78c1-4e53-8989-11805473ea66@group-501F925AB6B1-SegmentedRaftLogWorker: flushIndex: setUnconditionally 0 -> -1
2023-06-21 16:52:21,459 [8245ab04-78c1-4e53-8989-11805473ea66-groupManagement] INFO  segmented.SegmentedRaftLogWorker (SegmentedRaftLogWorker.java:lambda$new$0(135)) - 8245ab04-78c1-4e53-8989-11805473ea66@group-501F925AB6B1-SegmentedRaftLogWorker: safeCacheEvictIndex: setUnconditionally 0 -> -1
2023-06-21 16:52:21,463 [8245ab04-78c1-4e53-8989-11805473ea66@group-5513452EA3C4-FollowerState] INFO  server.RaftServerConfigKeys (ConfUtils.java:logFallback(53)) - raft.server.rpc.first-election.timeout.min = 5s (fallback to raft.server.rpc.timeout.min)
2023-06-21 16:52:21,468 [8245ab04-78c1-4e53-8989-11805473ea66@group-5513452EA3C4-FollowerState] INFO  server.RaftServerConfigKeys (ConfUtils.java:logFallback(53)) - raft.server.rpc.first-election.timeout.max = 5200ms (fallback to raft.server.rpc.timeout.max)
2023-06-21 16:52:21,471 [EventQueue-OpenPipelineForHealthyPipelineSafeModeRule] INFO  safemode.SCMSafeModeManager (HealthyPipelineSafeModeRule.java:process(137)) - SCM in safe mode. Healthy pipelines reported count is 0, required healthy pipeline reported count is 1
2023-06-21 16:52:21,473 [8245ab04-78c1-4e53-8989-11805473ea66-groupManagement] INFO  server.RaftServer$Division (RaftServerImpl.java:start(342)) - 8245ab04-78c1-4e53-8989-11805473ea66@group-501F925AB6B1: start as a follower, conf=-1: peers:[8245ab04-78c1-4e53-8989-11805473ea66|rpc:10.1.0.51:15032|admin:10.1.0.51:15031|client:10.1.0.51:15030|dataStream:10.1.0.51:15033|priority:1|startupRole:FOLLOWER]|listeners:[], old=null
2023-06-21 16:52:21,473 [8245ab04-78c1-4e53-8989-11805473ea66-groupManagement] INFO  server.RaftServer$Division (RaftServerImpl.java:setRole(329)) - 8245ab04-78c1-4e53-8989-11805473ea66@group-501F925AB6B1: changes role from      null to FOLLOWER at term 0 for startAsFollower
2023-06-21 16:52:21,473 [8245ab04-78c1-4e53-8989-11805473ea66-groupManagement] INFO  impl.RoleInfo (RoleInfo.java:updateAndGet(139)) - 8245ab04-78c1-4e53-8989-11805473ea66: start 8245ab04-78c1-4e53-8989-11805473ea66@group-501F925AB6B1-FollowerState
2023-06-21 16:52:21,476 [8245ab04-78c1-4e53-8989-11805473ea66-groupManagement] INFO  util.JmxRegister (JmxRegister.java:tryRegister(44)) - Successfully registered JMX Bean with object name Ratis:service=RaftServer,group=group-501F925AB6B1,id=8245ab04-78c1-4e53-8989-11805473ea66
2023-06-21 16:52:21,476 [8245ab04-78c1-4e53-8989-11805473ea66-groupManagement] INFO  server.RaftServerConfigKeys (ConfUtils.java:logGet(46)) - raft.server.snapshot.auto.trigger.enabled = true (custom)
2023-06-21 16:52:21,476 [8245ab04-78c1-4e53-8989-11805473ea66-groupManagement] INFO  server.RaftServerConfigKeys (ConfUtils.java:logGet(46)) - raft.server.snapshot.auto.trigger.threshold = 10000 (custom)
2023-06-21 16:52:21,476 [8245ab04-78c1-4e53-8989-11805473ea66-groupManagement] INFO  server.RaftServerConfigKeys (ConfUtils.java:logGet(46)) - raft.server.snapshot.retention.file.num = 5 (custom)
2023-06-21 16:52:21,476 [8245ab04-78c1-4e53-8989-11805473ea66-groupManagement] INFO  server.RaftServerConfigKeys (ConfUtils.java:logGet(46)) - raft.server.log.purge.upto.snapshot.index = false (default)
2023-06-21 16:52:21,477 [8245ab04-78c1-4e53-8989-11805473ea66@group-501F925AB6B1-FollowerState] INFO  server.RaftServerConfigKeys (ConfUtils.java:logFallback(53)) - raft.server.rpc.first-election.timeout.min = 5s (fallback to raft.server.rpc.timeout.min)
2023-06-21 16:52:21,477 [8245ab04-78c1-4e53-8989-11805473ea66@group-501F925AB6B1-FollowerState] INFO  server.RaftServerConfigKeys (ConfUtils.java:logFallback(53)) - raft.server.rpc.first-election.timeout.max = 5200ms (fallback to raft.server.rpc.timeout.max)
2023-06-21 16:52:21,479 [PipelineCommandHandlerThread-0] INFO  ratis.XceiverServerRatis (XceiverServerRatis.java:addGroup(804)) - Created group PipelineID=f50fed80-0ba6-46d9-8e36-501f925ab6b1
2023-06-21 16:52:21,479 [PipelineCommandHandlerThread-0] INFO  commandhandler.CreatePipelineCommandHandler (CreatePipelineCommandHandler.java:lambda$handle$2(124)) - Created Pipeline RATIS ONE PipelineID=f50fed80-0ba6-46d9-8e36-501f925ab6b1.
2023-06-21 16:52:21,485 [PipelineCommandHandlerThread-0] INFO  server.RaftServer (RaftServerProxy.java:addNew(98)) - 8245ab04-78c1-4e53-8989-11805473ea66: addNew group-72F51A2B26BA:[8245ab04-78c1-4e53-8989-11805473ea66|rpc:10.1.0.51:15032|admin:10.1.0.51:15031|client:10.1.0.51:15030|dataStream:10.1.0.51:15033|priority:0|startupRole:FOLLOWER, 0ffaae9a-de1a-4167-9662-2ff6145c2fa0|rpc:10.1.0.51:15023|admin:10.1.0.51:15022|client:10.1.0.51:15021|dataStream:10.1.0.51:15024|priority:0|startupRole:FOLLOWER, 44f60e89-e275-465b-85ec-e219e0803a81|rpc:10.1.0.51:15014|admin:10.1.0.51:15013|client:10.1.0.51:15012|dataStream:10.1.0.51:15015|priority:1|startupRole:FOLLOWER] returns group-72F51A2B26BA:java.util.concurrent.CompletableFuture@12907ff1[Not completed]
2023-06-21 16:52:21,487 [8245ab04-78c1-4e53-8989-11805473ea66-groupManagement] INFO  server.RaftServer$Division (RaftServerImpl.java:<init>(198)) - 8245ab04-78c1-4e53-8989-11805473ea66: new RaftServerImpl for group-72F51A2B26BA:[8245ab04-78c1-4e53-8989-11805473ea66|rpc:10.1.0.51:15032|admin:10.1.0.51:15031|client:10.1.0.51:15030|dataStream:10.1.0.51:15033|priority:0|startupRole:FOLLOWER, 0ffaae9a-de1a-4167-9662-2ff6145c2fa0|rpc:10.1.0.51:15023|admin:10.1.0.51:15022|client:10.1.0.51:15021|dataStream:10.1.0.51:15024|priority:0|startupRole:FOLLOWER, 44f60e89-e275-465b-85ec-e219e0803a81|rpc:10.1.0.51:15014|admin:10.1.0.51:15013|client:10.1.0.51:15012|dataStream:10.1.0.51:15015|priority:1|startupRole:FOLLOWER] with ContainerStateMachine:uninitialized
2023-06-21 16:52:21,487 [8245ab04-78c1-4e53-8989-11805473ea66-groupManagement] INFO  server.RaftServerConfigKeys (ConfUtils.java:logGet(46)) - raft.server.rpc.timeout.min = 5s (custom)
2023-06-21 16:52:21,487 [8245ab04-78c1-4e53-8989-11805473ea66-groupManagement] INFO  server.RaftServerConfigKeys (ConfUtils.java:logGet(46)) - raft.server.rpc.timeout.max = 5200ms (custom)
2023-06-21 16:52:21,487 [8245ab04-78c1-4e53-8989-11805473ea66-groupManagement] INFO  server.RaftServerConfigKeys (ConfUtils.java:logGet(46)) - raft.server.rpc.sleep.time = 25ms (default)
2023-06-21 16:52:21,487 [8245ab04-78c1-4e53-8989-11805473ea66-groupManagement] INFO  server.RaftServerConfigKeys (ConfUtils.java:logGet(46)) - raft.server.rpc.slowness.timeout = 300s (custom)
2023-06-21 16:52:21,487 [8245ab04-78c1-4e53-8989-11805473ea66-groupManagement] INFO  server.RaftServerConfigKeys (ConfUtils.java:logGet(46)) - raft.server.leaderelection.leader.step-down.wait-time = 10s (default)
2023-06-21 16:52:21,488 [8245ab04-78c1-4e53-8989-11805473ea66-groupManagement] INFO  server.RaftServerConfigKeys (ConfUtils.java:logGet(46)) - raft.server.sleep.deviation.threshold = 300ms (default)
2023-06-21 16:52:21,488 [8245ab04-78c1-4e53-8989-11805473ea66-groupManagement] INFO  server.RaftServer$Division (ServerState.java:<init>(120)) - 8245ab04-78c1-4e53-8989-11805473ea66@group-72F51A2B26BA: ConfigurationManager, init=-1: peers:[8245ab04-78c1-4e53-8989-11805473ea66|rpc:10.1.0.51:15032|admin:10.1.0.51:15031|client:10.1.0.51:15030|dataStream:10.1.0.51:15033|priority:0|startupRole:FOLLOWER, 0ffaae9a-de1a-4167-9662-2ff6145c2fa0|rpc:10.1.0.51:15023|admin:10.1.0.51:15022|client:10.1.0.51:15021|dataStream:10.1.0.51:15024|priority:0|startupRole:FOLLOWER, 44f60e89-e275-465b-85ec-e219e0803a81|rpc:10.1.0.51:15014|admin:10.1.0.51:15013|client:10.1.0.51:15012|dataStream:10.1.0.51:15015|priority:1|startupRole:FOLLOWER]|listeners:[], old=null, confs=<EMPTY_MAP>
2023-06-21 16:52:21,488 [8245ab04-78c1-4e53-8989-11805473ea66-groupManagement] INFO  server.RaftServerConfigKeys (ConfUtils.java:logGet(46)) - raft.server.storage.dir = [/home/runner/work/ozone/ozone/hadoop-ozone/integration-test/target/test-dir/MiniOzoneClusterImpl-bc117425-4aef-44e4-9aa3-5f74caebda79/datanode-2/data/ratis] (custom)
2023-06-21 16:52:21,488 [8245ab04-78c1-4e53-8989-11805473ea66-groupManagement] INFO  server.RaftServerConfigKeys (ConfUtils.java:logGet(46)) - raft.server.log.corruption.policy = EXCEPTION (default)
2023-06-21 16:52:21,488 [8245ab04-78c1-4e53-8989-11805473ea66-groupManagement] INFO  server.RaftServerConfigKeys (ConfUtils.java:logGet(46)) - raft.server.storage.free-space.min = 0MB (=0) (default)
2023-06-21 16:52:21,488 [8245ab04-78c1-4e53-8989-11805473ea66-groupManagement] INFO  server.RaftServerConfigKeys (ConfUtils.java:logGet(46)) - raft.server.notification.no-leader.timeout = 300s (custom)
2023-06-21 16:52:21,488 [8245ab04-78c1-4e53-8989-11805473ea66-groupManagement] INFO  server.RaftServerConfigKeys (ConfUtils.java:logGet(46)) - raft.server.read.timeout = 10s (default)
2023-06-21 16:52:21,488 [8245ab04-78c1-4e53-8989-11805473ea66-groupManagement] INFO  server.RaftServerConfigKeys (ConfUtils.java:logGet(46)) - raft.server.retrycache.expirytime = 600000ms (custom)
2023-06-21 16:52:21,488 [8245ab04-78c1-4e53-8989-11805473ea66-groupManagement] INFO  server.RaftServerConfigKeys (ConfUtils.java:logGet(46)) - raft.server.retrycache.statistics.expirytime = 100μs (default)
2023-06-21 16:52:21,488 [8245ab04-78c1-4e53-8989-11805473ea66-groupManagement] INFO  server.RaftServerConfigKeys (ConfUtils.java:logGet(46)) - raft.server.read.option = DEFAULT (default)
2023-06-21 16:52:21,489 [8245ab04-78c1-4e53-8989-11805473ea66-groupManagement] INFO  server.RaftServerConfigKeys (ConfUtils.java:logGet(46)) - raft.server.rpc.request.timeout = 60s (custom)
2023-06-21 16:52:21,490 [8245ab04-78c1-4e53-8989-11805473ea66-groupManagement] INFO  server.RaftServerConfigKeys (ConfUtils.java:logGet(46)) - raft.server.log.appender.install.snapshot.enabled = false (custom)
2023-06-21 16:52:21,490 [8245ab04-78c1-4e53-8989-11805473ea66-groupManagement] INFO  server.RaftServerConfigKeys (ConfUtils.java:logGet(46)) - raft.server.threadpool.server.cached = true (default)
2023-06-21 16:52:21,490 [8245ab04-78c1-4e53-8989-11805473ea66-groupManagement] INFO  server.RaftServerConfigKeys (ConfUtils.java:logGet(46)) - raft.server.threadpool.server.size = 0 (default)
2023-06-21 16:52:21,490 [8245ab04-78c1-4e53-8989-11805473ea66-groupManagement] INFO  server.RaftServerConfigKeys (ConfUtils.java:logGet(46)) - raft.server.threadpool.client.cached = true (default)
2023-06-21 16:52:21,490 [8245ab04-78c1-4e53-8989-11805473ea66-groupManagement] INFO  server.RaftServerConfigKeys (ConfUtils.java:logGet(46)) - raft.server.threadpool.client.size = 0 (default)
2023-06-21 16:52:21,490 [8245ab04-78c1-4e53-8989-11805473ea66-groupManagement] INFO  storage.RaftStorageDirectory (RaftStorageDirectoryImpl.java:analyzeStorage(137)) - The storage directory /home/runner/work/ozone/ozone/hadoop-ozone/integration-test/target/test-dir/MiniOzoneClusterImpl-bc117425-4aef-44e4-9aa3-5f74caebda79/datanode-2/data/ratis/7cce7c79-62a6-4dc2-9652-72f51a2b26ba does not exist. Creating ...
2023-06-21 16:52:21,492 [8245ab04-78c1-4e53-8989-11805473ea66-groupManagement] INFO  storage.RaftStorageDirectory (RaftStorageDirectoryImpl.java:tryLock(231)) - Lock on /home/runner/work/ozone/ozone/hadoop-ozone/integration-test/target/test-dir/MiniOzoneClusterImpl-bc117425-4aef-44e4-9aa3-5f74caebda79/datanode-2/data/ratis/7cce7c79-62a6-4dc2-9652-72f51a2b26ba/in_use.lock acquired by nodename 103413@fv-az624-409
2023-06-21 16:52:21,493 [8245ab04-78c1-4e53-8989-11805473ea66-groupManagement] INFO  storage.RaftStorage (RaftStorageImpl.java:format(96)) - Storage directory /home/runner/work/ozone/ozone/hadoop-ozone/integration-test/target/test-dir/MiniOzoneClusterImpl-bc117425-4aef-44e4-9aa3-5f74caebda79/datanode-2/data/ratis/7cce7c79-62a6-4dc2-9652-72f51a2b26ba has been successfully formatted.
2023-06-21 16:52:21,494 [8245ab04-78c1-4e53-8989-11805473ea66-groupManagement] INFO  ratis.ContainerStateMachine (ContainerStateMachine.java:loadSnapshot(262)) - group-72F51A2B26BA: The snapshot info is null. Setting the last applied indexto:(t:0, i:~)
2023-06-21 16:52:21,494 [8245ab04-78c1-4e53-8989-11805473ea66-groupManagement] INFO  server.RaftServerConfigKeys (ConfUtils.java:logGet(46)) - raft.server.log.use.memory = false (default)
2023-06-21 16:52:21,494 [8245ab04-78c1-4e53-8989-11805473ea66-groupManagement] INFO  server.RaftServerConfigKeys (ConfUtils.java:logGet(46)) - raft.server.log.purge.gap = 1000000 (custom)
2023-06-21 16:52:21,494 [8245ab04-78c1-4e53-8989-11805473ea66-groupManagement] INFO  server.RaftServerConfigKeys (ConfUtils.java:logGet(46)) - raft.server.log.appender.buffer.byte-limit = 33554432 (custom)
2023-06-21 16:52:21,494 [8245ab04-78c1-4e53-8989-11805473ea66-groupManagement] INFO  server.RaftServerConfigKeys (ConfUtils.java:logGet(46)) - raft.server.log.statemachine.data.read.timeout = 1000ms (default)
2023-06-21 16:52:21,494 [8245ab04-78c1-4e53-8989-11805473ea66-groupManagement] INFO  server.RaftServerConfigKeys (ConfUtils.java:logGet(46)) - raft.server.log.purge.preservation.log.num = 0 (default)
2023-06-21 16:52:21,496 [EventQueue-OpenPipelineForHealthyPipelineSafeModeRule] INFO  safemode.SCMSafeModeManager (HealthyPipelineSafeModeRule.java:process(137)) - SCM in safe mode. Healthy pipelines reported count is 0, required healthy pipeline reported count is 1
2023-06-21 16:52:21,507 [8245ab04-78c1-4e53-8989-11805473ea66-groupManagement] INFO  server.RaftServerConfigKeys (ConfUtils.java:logGet(46)) - raft.server.log.segment.size.max = 1048576 (custom)
2023-06-21 16:52:21,508 [8245ab04-78c1-4e53-8989-11805473ea66-groupManagement] INFO  server.RaftServerConfigKeys (ConfUtils.java:logGet(46)) - raft.server.log.segment.cache.num.max = 2 (custom)
2023-06-21 16:52:21,508 [8245ab04-78c1-4e53-8989-11805473ea66-groupManagement] INFO  server.RaftServerConfigKeys (ConfUtils.java:logGet(46)) - raft.server.log.segment.cache.size.max = 200MB (=209715200) (default)
2023-06-21 16:52:21,508 [8245ab04-78c1-4e53-8989-11805473ea66-groupManagement] INFO  server.RaftServerConfigKeys (ConfUtils.java:logGet(46)) - raft.server.log.appender.buffer.byte-limit = 33554432 (custom)
2023-06-21 16:52:21,508 [8245ab04-78c1-4e53-8989-11805473ea66-groupManagement] INFO  segmented.SegmentedRaftLogWorker (SegmentedRaftLogWorker.java:<init>(188)) - new 8245ab04-78c1-4e53-8989-11805473ea66@group-72F51A2B26BA-SegmentedRaftLogWorker for RaftStorageImpl:Storage Directory /home/runner/work/ozone/ozone/hadoop-ozone/integration-test/target/test-dir/MiniOzoneClusterImpl-bc117425-4aef-44e4-9aa3-5f74caebda79/datanode-2/data/ratis/7cce7c79-62a6-4dc2-9652-72f51a2b26ba
2023-06-21 16:52:21,508 [8245ab04-78c1-4e53-8989-11805473ea66-groupManagement] INFO  server.RaftServerConfigKeys (ConfUtils.java:logGet(46)) - raft.server.log.queue.byte-limit = 4294967296 (custom)
2023-06-21 16:52:21,508 [8245ab04-78c1-4e53-8989-11805473ea66-groupManagement] INFO  server.RaftServerConfigKeys (ConfUtils.java:logGet(46)) - raft.server.log.queue.element-limit = 1024 (custom)
2023-06-21 16:52:21,508 [8245ab04-78c1-4e53-8989-11805473ea66-groupManagement] INFO  server.RaftServerConfigKeys (ConfUtils.java:logGet(46)) - raft.server.log.segment.size.max = 1048576 (custom)
2023-06-21 16:52:21,508 [8245ab04-78c1-4e53-8989-11805473ea66-groupManagement] INFO  server.RaftServerConfigKeys (ConfUtils.java:logGet(46)) - raft.server.log.preallocated.size = 16384 (custom)
2023-06-21 16:52:21,508 [8245ab04-78c1-4e53-8989-11805473ea66-groupManagement] INFO  server.RaftServerConfigKeys (ConfUtils.java:logGet(46)) - raft.server.log.force.sync.num = 128 (default)
2023-06-21 16:52:21,508 [8245ab04-78c1-4e53-8989-11805473ea66-groupManagement] INFO  server.RaftServerConfigKeys (ConfUtils.java:logGet(46)) - raft.server.log.statemachine.data.sync = true (default)
2023-06-21 16:52:21,509 [8245ab04-78c1-4e53-8989-11805473ea66-groupManagement] INFO  server.RaftServerConfigKeys (ConfUtils.java:logGet(46)) - raft.server.log.statemachine.data.sync.timeout = 10s (default)
2023-06-21 16:52:21,509 [8245ab04-78c1-4e53-8989-11805473ea66-groupManagement] INFO  server.RaftServerConfigKeys (ConfUtils.java:logGet(46)) - raft.server.log.statemachine.data.sync.timeout.retry = -1 (default)
2023-06-21 16:52:21,509 [8245ab04-78c1-4e53-8989-11805473ea66-groupManagement] INFO  server.RaftServerConfigKeys (ConfUtils.java:logGet(46)) - raft.server.log.write.buffer.size = 1048576 (custom)
2023-06-21 16:52:21,510 [8245ab04-78c1-4e53-8989-11805473ea66-groupManagement] INFO  server.RaftServerConfigKeys (ConfUtils.java:logGet(46)) - raft.server.log.appender.buffer.byte-limit = 33554432 (custom)
2023-06-21 16:52:21,516 [8245ab04-78c1-4e53-8989-11805473ea66-groupManagement] INFO  server.RaftServerConfigKeys (ConfUtils.java:logGet(46)) - raft.server.log.unsafe-flush.enabled = false (default)
2023-06-21 16:52:21,516 [8245ab04-78c1-4e53-8989-11805473ea66-groupManagement] INFO  server.RaftServerConfigKeys (ConfUtils.java:logGet(46)) - raft.server.log.async-flush.enabled = false (default)
2023-06-21 16:52:21,522 [8245ab04-78c1-4e53-8989-11805473ea66-groupManagement] INFO  server.RaftServerConfigKeys (ConfUtils.java:logGet(46)) - raft.server.log.statemachine.data.caching.enabled = true (custom)
2023-06-21 16:52:21,523 [8245ab04-78c1-4e53-8989-11805473ea66-groupManagement] INFO  segmented.SegmentedRaftLogWorker (SegmentedRaftLogWorker.java:lambda$new$0(135)) - 8245ab04-78c1-4e53-8989-11805473ea66@group-72F51A2B26BA-SegmentedRaftLogWorker: flushIndex: setUnconditionally 0 -> -1
2023-06-21 16:52:21,523 [8245ab04-78c1-4e53-8989-11805473ea66-groupManagement] INFO  segmented.SegmentedRaftLogWorker (SegmentedRaftLogWorker.java:lambda$new$0(135)) - 8245ab04-78c1-4e53-8989-11805473ea66@group-72F51A2B26BA-SegmentedRaftLogWorker: safeCacheEvictIndex: setUnconditionally 0 -> -1
2023-06-21 16:52:21,529 [8245ab04-78c1-4e53-8989-11805473ea66-groupManagement] INFO  server.RaftServer$Division (RaftServerImpl.java:start(342)) - 8245ab04-78c1-4e53-8989-11805473ea66@group-72F51A2B26BA: start as a follower, conf=-1: peers:[8245ab04-78c1-4e53-8989-11805473ea66|rpc:10.1.0.51:15032|admin:10.1.0.51:15031|client:10.1.0.51:15030|dataStream:10.1.0.51:15033|priority:0|startupRole:FOLLOWER, 0ffaae9a-de1a-4167-9662-2ff6145c2fa0|rpc:10.1.0.51:15023|admin:10.1.0.51:15022|client:10.1.0.51:15021|dataStream:10.1.0.51:15024|priority:0|startupRole:FOLLOWER, 44f60e89-e275-465b-85ec-e219e0803a81|rpc:10.1.0.51:15014|admin:10.1.0.51:15013|client:10.1.0.51:15012|dataStream:10.1.0.51:15015|priority:1|startupRole:FOLLOWER]|listeners:[], old=null
2023-06-21 16:52:21,529 [8245ab04-78c1-4e53-8989-11805473ea66-groupManagement] INFO  server.RaftServer$Division (RaftServerImpl.java:setRole(329)) - 8245ab04-78c1-4e53-8989-11805473ea66@group-72F51A2B26BA: changes role from      null to FOLLOWER at term 0 for startAsFollower
2023-06-21 16:52:21,529 [8245ab04-78c1-4e53-8989-11805473ea66-groupManagement] INFO  impl.RoleInfo (RoleInfo.java:updateAndGet(139)) - 8245ab04-78c1-4e53-8989-11805473ea66: start 8245ab04-78c1-4e53-8989-11805473ea66@group-72F51A2B26BA-FollowerState
2023-06-21 16:52:21,554 [8245ab04-78c1-4e53-8989-11805473ea66-groupManagement] INFO  util.JmxRegister (JmxRegister.java:tryRegister(44)) - Successfully registered JMX Bean with object name Ratis:service=RaftServer,group=group-72F51A2B26BA,id=8245ab04-78c1-4e53-8989-11805473ea66
2023-06-21 16:52:21,554 [8245ab04-78c1-4e53-8989-11805473ea66-groupManagement] INFO  server.RaftServerConfigKeys (ConfUtils.java:logGet(46)) - raft.server.snapshot.auto.trigger.enabled = true (custom)
2023-06-21 16:52:21,554 [8245ab04-78c1-4e53-8989-11805473ea66-groupManagement] INFO  server.RaftServerConfigKeys (ConfUtils.java:logGet(46)) - raft.server.snapshot.auto.trigger.threshold = 10000 (custom)
2023-06-21 16:52:21,554 [8245ab04-78c1-4e53-8989-11805473ea66-groupManagement] INFO  server.RaftServerConfigKeys (ConfUtils.java:logGet(46)) - raft.server.snapshot.retention.file.num = 5 (custom)
2023-06-21 16:52:21,554 [8245ab04-78c1-4e53-8989-11805473ea66-groupManagement] INFO  server.RaftServerConfigKeys (ConfUtils.java:logGet(46)) - raft.server.log.purge.upto.snapshot.index = false (default)
2023-06-21 16:52:21,556 [8245ab04-78c1-4e53-8989-11805473ea66@group-72F51A2B26BA-FollowerState] INFO  server.RaftServerConfigKeys (ConfUtils.java:logFallback(53)) - raft.server.rpc.first-election.timeout.min = 5s (fallback to raft.server.rpc.timeout.min)
2023-06-21 16:52:21,556 [PipelineCommandHandlerThread-0] INFO  ratis.XceiverServerRatis (XceiverServerRatis.java:addGroup(804)) - Created group PipelineID=7cce7c79-62a6-4dc2-9652-72f51a2b26ba
2023-06-21 16:52:21,558 [8245ab04-78c1-4e53-8989-11805473ea66@group-72F51A2B26BA-FollowerState] INFO  server.RaftServerConfigKeys (ConfUtils.java:logFallback(53)) - raft.server.rpc.first-election.timeout.max = 5200ms (fallback to raft.server.rpc.timeout.max)
2023-06-21 16:52:21,623 [grpc-default-executor-1] INFO  server.RaftServer (RaftServerProxy.java:addNew(98)) - 44f60e89-e275-465b-85ec-e219e0803a81: addNew group-72F51A2B26BA:[8245ab04-78c1-4e53-8989-11805473ea66|rpc:10.1.0.51:15032|admin:10.1.0.51:15031|client:10.1.0.51:15030|dataStream:10.1.0.51:15033|priority:0|startupRole:FOLLOWER, 0ffaae9a-de1a-4167-9662-2ff6145c2fa0|rpc:10.1.0.51:15023|admin:10.1.0.51:15022|client:10.1.0.51:15021|dataStream:10.1.0.51:15024|priority:0|startupRole:FOLLOWER, 44f60e89-e275-465b-85ec-e219e0803a81|rpc:10.1.0.51:15014|admin:10.1.0.51:15013|client:10.1.0.51:15012|dataStream:10.1.0.51:15015|priority:1|startupRole:FOLLOWER] returns group-72F51A2B26BA:java.util.concurrent.CompletableFuture@75e1f2d7[Not completed]
2023-06-21 16:52:21,624 [44f60e89-e275-465b-85ec-e219e0803a81-groupManagement] INFO  server.RaftServer$Division (RaftServerImpl.java:<init>(198)) - 44f60e89-e275-465b-85ec-e219e0803a81: new RaftServerImpl for group-72F51A2B26BA:[8245ab04-78c1-4e53-8989-11805473ea66|rpc:10.1.0.51:15032|admin:10.1.0.51:15031|client:10.1.0.51:15030|dataStream:10.1.0.51:15033|priority:0|startupRole:FOLLOWER, 0ffaae9a-de1a-4167-9662-2ff6145c2fa0|rpc:10.1.0.51:15023|admin:10.1.0.51:15022|client:10.1.0.51:15021|dataStream:10.1.0.51:15024|priority:0|startupRole:FOLLOWER, 44f60e89-e275-465b-85ec-e219e0803a81|rpc:10.1.0.51:15014|admin:10.1.0.51:15013|client:10.1.0.51:15012|dataStream:10.1.0.51:15015|priority:1|startupRole:FOLLOWER] with ContainerStateMachine:uninitialized
2023-06-21 16:52:21,624 [44f60e89-e275-465b-85ec-e219e0803a81-groupManagement] INFO  server.RaftServerConfigKeys (ConfUtils.java:logGet(46)) - raft.server.rpc.timeout.min = 5s (custom)
2023-06-21 16:52:21,624 [44f60e89-e275-465b-85ec-e219e0803a81-groupManagement] INFO  server.RaftServerConfigKeys (ConfUtils.java:logGet(46)) - raft.server.rpc.timeout.max = 5200ms (custom)
2023-06-21 16:52:21,624 [44f60e89-e275-465b-85ec-e219e0803a81-groupManagement] INFO  server.RaftServerConfigKeys (ConfUtils.java:logGet(46)) - raft.server.rpc.sleep.time = 25ms (default)
2023-06-21 16:52:21,624 [44f60e89-e275-465b-85ec-e219e0803a81-groupManagement] INFO  server.RaftServerConfigKeys (ConfUtils.java:logGet(46)) - raft.server.rpc.slowness.timeout = 300s (custom)
2023-06-21 16:52:21,624 [44f60e89-e275-465b-85ec-e219e0803a81-groupManagement] INFO  server.RaftServerConfigKeys (ConfUtils.java:logGet(46)) - raft.server.leaderelection.leader.step-down.wait-time = 10s (default)
2023-06-21 16:52:21,624 [44f60e89-e275-465b-85ec-e219e0803a81-groupManagement] INFO  server.RaftServerConfigKeys (ConfUtils.java:logGet(46)) - raft.server.sleep.deviation.threshold = 300ms (default)
2023-06-21 16:52:21,624 [44f60e89-e275-465b-85ec-e219e0803a81-groupManagement] INFO  server.RaftServer$Division (ServerState.java:<init>(120)) - 44f60e89-e275-465b-85ec-e219e0803a81@group-72F51A2B26BA: ConfigurationManager, init=-1: peers:[8245ab04-78c1-4e53-8989-11805473ea66|rpc:10.1.0.51:15032|admin:10.1.0.51:15031|client:10.1.0.51:15030|dataStream:10.1.0.51:15033|priority:0|startupRole:FOLLOWER, 0ffaae9a-de1a-4167-9662-2ff6145c2fa0|rpc:10.1.0.51:15023|admin:10.1.0.51:15022|client:10.1.0.51:15021|dataStream:10.1.0.51:15024|priority:0|startupRole:FOLLOWER, 44f60e89-e275-465b-85ec-e219e0803a81|rpc:10.1.0.51:15014|admin:10.1.0.51:15013|client:10.1.0.51:15012|dataStream:10.1.0.51:15015|priority:1|startupRole:FOLLOWER]|listeners:[], old=null, confs=<EMPTY_MAP>
2023-06-21 16:52:21,625 [44f60e89-e275-465b-85ec-e219e0803a81-groupManagement] INFO  server.RaftServerConfigKeys (ConfUtils.java:logGet(46)) - raft.server.storage.dir = [/home/runner/work/ozone/ozone/hadoop-ozone/integration-test/target/test-dir/MiniOzoneClusterImpl-bc117425-4aef-44e4-9aa3-5f74caebda79/datanode-0/data/ratis] (custom)
2023-06-21 16:52:21,625 [44f60e89-e275-465b-85ec-e219e0803a81-groupManagement] INFO  server.RaftServerConfigKeys (ConfUtils.java:logGet(46)) - raft.server.log.corruption.policy = EXCEPTION (default)
2023-06-21 16:52:21,625 [44f60e89-e275-465b-85ec-e219e0803a81-groupManagement] INFO  server.RaftServerConfigKeys (ConfUtils.java:logGet(46)) - raft.server.storage.free-space.min = 0MB (=0) (default)
2023-06-21 16:52:21,625 [44f60e89-e275-465b-85ec-e219e0803a81-groupManagement] INFO  server.RaftServerConfigKeys (ConfUtils.java:logGet(46)) - raft.server.notification.no-leader.timeout = 300s (custom)
2023-06-21 16:52:21,625 [44f60e89-e275-465b-85ec-e219e0803a81-groupManagement] INFO  server.RaftServerConfigKeys (ConfUtils.java:logGet(46)) - raft.server.read.timeout = 10s (default)
2023-06-21 16:52:21,625 [44f60e89-e275-465b-85ec-e219e0803a81-groupManagement] INFO  server.RaftServerConfigKeys (ConfUtils.java:logGet(46)) - raft.server.retrycache.expirytime = 600000ms (custom)
2023-06-21 16:52:21,625 [44f60e89-e275-465b-85ec-e219e0803a81-groupManagement] INFO  server.RaftServerConfigKeys (ConfUtils.java:logGet(46)) - raft.server.retrycache.statistics.expirytime = 100μs (default)
2023-06-21 16:52:21,625 [44f60e89-e275-465b-85ec-e219e0803a81-groupManagement] INFO  server.RaftServerConfigKeys (ConfUtils.java:logGet(46)) - raft.server.read.option = DEFAULT (default)
2023-06-21 16:52:21,626 [44f60e89-e275-465b-85ec-e219e0803a81-groupManagement] INFO  server.RaftServerConfigKeys (ConfUtils.java:logGet(46)) - raft.server.rpc.request.timeout = 60s (custom)
2023-06-21 16:52:21,626 [44f60e89-e275-465b-85ec-e219e0803a81-groupManagement] INFO  server.RaftServerConfigKeys (ConfUtils.java:logGet(46)) - raft.server.log.appender.install.snapshot.enabled = false (custom)
2023-06-21 16:52:21,626 [44f60e89-e275-465b-85ec-e219e0803a81-groupManagement] INFO  server.RaftServerConfigKeys (ConfUtils.java:logGet(46)) - raft.server.threadpool.server.cached = true (default)
2023-06-21 16:52:21,626 [44f60e89-e275-465b-85ec-e219e0803a81-groupManagement] INFO  server.RaftServerConfigKeys (ConfUtils.java:logGet(46)) - raft.server.threadpool.server.size = 0 (default)
2023-06-21 16:52:21,626 [44f60e89-e275-465b-85ec-e219e0803a81-groupManagement] INFO  server.RaftServerConfigKeys (ConfUtils.java:logGet(46)) - raft.server.threadpool.client.cached = true (default)
2023-06-21 16:52:21,626 [44f60e89-e275-465b-85ec-e219e0803a81-groupManagement] INFO  server.RaftServerConfigKeys (ConfUtils.java:logGet(46)) - raft.server.threadpool.client.size = 0 (default)
2023-06-21 16:52:21,627 [44f60e89-e275-465b-85ec-e219e0803a81-groupManagement] INFO  storage.RaftStorageDirectory (RaftStorageDirectoryImpl.java:analyzeStorage(137)) - The storage directory /home/runner/work/ozone/ozone/hadoop-ozone/integration-test/target/test-dir/MiniOzoneClusterImpl-bc117425-4aef-44e4-9aa3-5f74caebda79/datanode-0/data/ratis/7cce7c79-62a6-4dc2-9652-72f51a2b26ba does not exist. Creating ...
2023-06-21 16:52:21,629 [44f60e89-e275-465b-85ec-e219e0803a81-groupManagement] INFO  storage.RaftStorageDirectory (RaftStorageDirectoryImpl.java:tryLock(231)) - Lock on /home/runner/work/ozone/ozone/hadoop-ozone/integration-test/target/test-dir/MiniOzoneClusterImpl-bc117425-4aef-44e4-9aa3-5f74caebda79/datanode-0/data/ratis/7cce7c79-62a6-4dc2-9652-72f51a2b26ba/in_use.lock acquired by nodename 103413@fv-az624-409
2023-06-21 16:52:21,631 [44f60e89-e275-465b-85ec-e219e0803a81-groupManagement] INFO  storage.RaftStorage (RaftStorageImpl.java:format(96)) - Storage directory /home/runner/work/ozone/ozone/hadoop-ozone/integration-test/target/test-dir/MiniOzoneClusterImpl-bc117425-4aef-44e4-9aa3-5f74caebda79/datanode-0/data/ratis/7cce7c79-62a6-4dc2-9652-72f51a2b26ba has been successfully formatted.
2023-06-21 16:52:21,632 [44f60e89-e275-465b-85ec-e219e0803a81-groupManagement] INFO  ratis.ContainerStateMachine (ContainerStateMachine.java:loadSnapshot(262)) - group-72F51A2B26BA: The snapshot info is null. Setting the last applied indexto:(t:0, i:~)
2023-06-21 16:52:21,633 [44f60e89-e275-465b-85ec-e219e0803a81-groupManagement] INFO  server.RaftServerConfigKeys (ConfUtils.java:logGet(46)) - raft.server.log.use.memory = false (default)
2023-06-21 16:52:21,634 [44f60e89-e275-465b-85ec-e219e0803a81-groupManagement] INFO  server.RaftServerConfigKeys (ConfUtils.java:logGet(46)) - raft.server.log.purge.gap = 1000000 (custom)
2023-06-21 16:52:21,634 [44f60e89-e275-465b-85ec-e219e0803a81-groupManagement] INFO  server.RaftServerConfigKeys (ConfUtils.java:logGet(46)) - raft.server.log.appender.buffer.byte-limit = 33554432 (custom)
2023-06-21 16:52:21,634 [44f60e89-e275-465b-85ec-e219e0803a81-groupManagement] INFO  server.RaftServerConfigKeys (ConfUtils.java:logGet(46)) - raft.server.log.statemachine.data.read.timeout = 1000ms (default)
2023-06-21 16:52:21,634 [44f60e89-e275-465b-85ec-e219e0803a81-groupManagement] INFO  server.RaftServerConfigKeys (ConfUtils.java:logGet(46)) - raft.server.log.purge.preservation.log.num = 0 (default)
2023-06-21 16:52:21,635 [EventQueue-OpenPipelineForHealthyPipelineSafeModeRule] INFO  safemode.SCMSafeModeManager (HealthyPipelineSafeModeRule.java:process(137)) - SCM in safe mode. Healthy pipelines reported count is 0, required healthy pipeline reported count is 1
2023-06-21 16:52:21,642 [44f60e89-e275-465b-85ec-e219e0803a81-groupManagement] INFO  server.RaftServerConfigKeys (ConfUtils.java:logGet(46)) - raft.server.log.segment.size.max = 1048576 (custom)
2023-06-21 16:52:21,644 [44f60e89-e275-465b-85ec-e219e0803a81-groupManagement] INFO  server.RaftServerConfigKeys (ConfUtils.java:logGet(46)) - raft.server.log.segment.cache.num.max = 2 (custom)
2023-06-21 16:52:21,644 [44f60e89-e275-465b-85ec-e219e0803a81-groupManagement] INFO  server.RaftServerConfigKeys (ConfUtils.java:logGet(46)) - raft.server.log.segment.cache.size.max = 200MB (=209715200) (default)
2023-06-21 16:52:21,644 [44f60e89-e275-465b-85ec-e219e0803a81-groupManagement] INFO  server.RaftServerConfigKeys (ConfUtils.java:logGet(46)) - raft.server.log.appender.buffer.byte-limit = 33554432 (custom)
2023-06-21 16:52:21,644 [44f60e89-e275-465b-85ec-e219e0803a81-groupManagement] INFO  segmented.SegmentedRaftLogWorker (SegmentedRaftLogWorker.java:<init>(188)) - new 44f60e89-e275-465b-85ec-e219e0803a81@group-72F51A2B26BA-SegmentedRaftLogWorker for RaftStorageImpl:Storage Directory /home/runner/work/ozone/ozone/hadoop-ozone/integration-test/target/test-dir/MiniOzoneClusterImpl-bc117425-4aef-44e4-9aa3-5f74caebda79/datanode-0/data/ratis/7cce7c79-62a6-4dc2-9652-72f51a2b26ba
2023-06-21 16:52:21,644 [44f60e89-e275-465b-85ec-e219e0803a81-groupManagement] INFO  server.RaftServerConfigKeys (ConfUtils.java:logGet(46)) - raft.server.log.queue.byte-limit = 4294967296 (custom)
2023-06-21 16:52:21,644 [44f60e89-e275-465b-85ec-e219e0803a81-groupManagement] INFO  server.RaftServerConfigKeys (ConfUtils.java:logGet(46)) - raft.server.log.queue.element-limit = 1024 (custom)
2023-06-21 16:52:21,645 [44f60e89-e275-465b-85ec-e219e0803a81-groupManagement] INFO  server.RaftServerConfigKeys (ConfUtils.java:logGet(46)) - raft.server.log.segment.size.max = 1048576 (custom)
2023-06-21 16:52:21,645 [44f60e89-e275-465b-85ec-e219e0803a81-groupManagement] INFO  server.RaftServerConfigKeys (ConfUtils.java:logGet(46)) - raft.server.log.preallocated.size = 16384 (custom)
2023-06-21 16:52:21,645 [44f60e89-e275-465b-85ec-e219e0803a81-groupManagement] INFO  server.RaftServerConfigKeys (ConfUtils.java:logGet(46)) - raft.server.log.force.sync.num = 128 (default)
2023-06-21 16:52:21,645 [44f60e89-e275-465b-85ec-e219e0803a81-groupManagement] INFO  server.RaftServerConfigKeys (ConfUtils.java:logGet(46)) - raft.server.log.statemachine.data.sync = true (default)
2023-06-21 16:52:21,645 [44f60e89-e275-465b-85ec-e219e0803a81-groupManagement] INFO  server.RaftServerConfigKeys (ConfUtils.java:logGet(46)) - raft.server.log.statemachine.data.sync.timeout = 10s (default)
2023-06-21 16:52:21,645 [44f60e89-e275-465b-85ec-e219e0803a81-groupManagement] INFO  server.RaftServerConfigKeys (ConfUtils.java:logGet(46)) - raft.server.log.statemachine.data.sync.timeout.retry = -1 (default)
2023-06-21 16:52:21,646 [44f60e89-e275-465b-85ec-e219e0803a81-groupManagement] INFO  server.RaftServerConfigKeys (ConfUtils.java:logGet(46)) - raft.server.log.write.buffer.size = 1048576 (custom)
2023-06-21 16:52:21,648 [44f60e89-e275-465b-85ec-e219e0803a81-groupManagement] INFO  server.RaftServerConfigKeys (ConfUtils.java:logGet(46)) - raft.server.log.appender.buffer.byte-limit = 33554432 (custom)
2023-06-21 16:52:21,656 [44f60e89-e275-465b-85ec-e219e0803a81-groupManagement] INFO  server.RaftServerConfigKeys (ConfUtils.java:logGet(46)) - raft.server.log.unsafe-flush.enabled = false (default)
2023-06-21 16:52:21,657 [44f60e89-e275-465b-85ec-e219e0803a81-groupManagement] INFO  server.RaftServerConfigKeys (ConfUtils.java:logGet(46)) - raft.server.log.async-flush.enabled = false (default)
2023-06-21 16:52:21,657 [44f60e89-e275-465b-85ec-e219e0803a81-groupManagement] INFO  server.RaftServerConfigKeys (ConfUtils.java:logGet(46)) - raft.server.log.statemachine.data.caching.enabled = true (custom)
2023-06-21 16:52:21,668 [44f60e89-e275-465b-85ec-e219e0803a81-groupManagement] INFO  segmented.SegmentedRaftLogWorker (SegmentedRaftLogWorker.java:lambda$new$0(135)) - 44f60e89-e275-465b-85ec-e219e0803a81@group-72F51A2B26BA-SegmentedRaftLogWorker: flushIndex: setUnconditionally 0 -> -1
2023-06-21 16:52:21,668 [44f60e89-e275-465b-85ec-e219e0803a81-groupManagement] INFO  segmented.SegmentedRaftLogWorker (SegmentedRaftLogWorker.java:lambda$new$0(135)) - 44f60e89-e275-465b-85ec-e219e0803a81@group-72F51A2B26BA-SegmentedRaftLogWorker: safeCacheEvictIndex: setUnconditionally 0 -> -1
2023-06-21 16:52:21,676 [44f60e89-e275-465b-85ec-e219e0803a81-groupManagement] INFO  server.RaftServer$Division (RaftServerImpl.java:start(342)) - 44f60e89-e275-465b-85ec-e219e0803a81@group-72F51A2B26BA: start as a follower, conf=-1: peers:[8245ab04-78c1-4e53-8989-11805473ea66|rpc:10.1.0.51:15032|admin:10.1.0.51:15031|client:10.1.0.51:15030|dataStream:10.1.0.51:15033|priority:0|startupRole:FOLLOWER, 0ffaae9a-de1a-4167-9662-2ff6145c2fa0|rpc:10.1.0.51:15023|admin:10.1.0.51:15022|client:10.1.0.51:15021|dataStream:10.1.0.51:15024|priority:0|startupRole:FOLLOWER, 44f60e89-e275-465b-85ec-e219e0803a81|rpc:10.1.0.51:15014|admin:10.1.0.51:15013|client:10.1.0.51:15012|dataStream:10.1.0.51:15015|priority:1|startupRole:FOLLOWER]|listeners:[], old=null
2023-06-21 16:52:21,676 [44f60e89-e275-465b-85ec-e219e0803a81-groupManagement] INFO  server.RaftServer$Division (RaftServerImpl.java:setRole(329)) - 44f60e89-e275-465b-85ec-e219e0803a81@group-72F51A2B26BA: changes role from      null to FOLLOWER at term 0 for startAsFollower
2023-06-21 16:52:21,679 [44f60e89-e275-465b-85ec-e219e0803a81-groupManagement] INFO  impl.RoleInfo (RoleInfo.java:updateAndGet(139)) - 44f60e89-e275-465b-85ec-e219e0803a81: start 44f60e89-e275-465b-85ec-e219e0803a81@group-72F51A2B26BA-FollowerState
2023-06-21 16:52:21,680 [PipelineCommandHandlerThread-0] INFO  commandhandler.CreatePipelineCommandHandler (CreatePipelineCommandHandler.java:lambda$handle$2(124)) - Created Pipeline RATIS THREE PipelineID=a7f633f1-2c07-4c3f-8075-5513452ea3c4.
2023-06-21 16:52:21,681 [44f60e89-e275-465b-85ec-e219e0803a81@group-72F51A2B26BA-FollowerState] INFO  server.RaftServerConfigKeys (ConfUtils.java:logFallback(53)) - raft.server.rpc.first-election.timeout.min = 5s (fallback to raft.server.rpc.timeout.min)
2023-06-21 16:52:21,681 [44f60e89-e275-465b-85ec-e219e0803a81-groupManagement] INFO  util.JmxRegister (JmxRegister.java:tryRegister(44)) - Successfully registered JMX Bean with object name Ratis:service=RaftServer,group=group-72F51A2B26BA,id=44f60e89-e275-465b-85ec-e219e0803a81
2023-06-21 16:52:21,684 [44f60e89-e275-465b-85ec-e219e0803a81-groupManagement] INFO  server.RaftServerConfigKeys (ConfUtils.java:logGet(46)) - raft.server.snapshot.auto.trigger.enabled = true (custom)
2023-06-21 16:52:21,684 [44f60e89-e275-465b-85ec-e219e0803a81-groupManagement] INFO  server.RaftServerConfigKeys (ConfUtils.java:logGet(46)) - raft.server.snapshot.auto.trigger.threshold = 10000 (custom)
2023-06-21 16:52:21,684 [44f60e89-e275-465b-85ec-e219e0803a81-groupManagement] INFO  server.RaftServerConfigKeys (ConfUtils.java:logGet(46)) - raft.server.snapshot.retention.file.num = 5 (custom)
2023-06-21 16:52:21,684 [44f60e89-e275-465b-85ec-e219e0803a81-groupManagement] INFO  server.RaftServerConfigKeys (ConfUtils.java:logGet(46)) - raft.server.log.purge.upto.snapshot.index = false (default)
2023-06-21 16:52:21,689 [44f60e89-e275-465b-85ec-e219e0803a81@group-72F51A2B26BA-FollowerState] INFO  server.RaftServerConfigKeys (ConfUtils.java:logFallback(53)) - raft.server.rpc.first-election.timeout.max = 5200ms (fallback to raft.server.rpc.timeout.max)
2023-06-21 16:52:21,711 [PipelineCommandHandlerThread-0] INFO  commandhandler.CreatePipelineCommandHandler (CreatePipelineCommandHandler.java:lambda$handle$2(124)) - Created Pipeline RATIS THREE PipelineID=a7f633f1-2c07-4c3f-8075-5513452ea3c4.
2023-06-21 16:52:21,712 [PipelineCommandHandlerThread-0] INFO  server.RaftServer (RaftServerProxy.java:addNew(98)) - 0ffaae9a-de1a-4167-9662-2ff6145c2fa0: addNew group-72F51A2B26BA:[8245ab04-78c1-4e53-8989-11805473ea66|rpc:10.1.0.51:15032|admin:10.1.0.51:15031|client:10.1.0.51:15030|dataStream:10.1.0.51:15033|priority:0|startupRole:FOLLOWER, 0ffaae9a-de1a-4167-9662-2ff6145c2fa0|rpc:10.1.0.51:15023|admin:10.1.0.51:15022|client:10.1.0.51:15021|dataStream:10.1.0.51:15024|priority:0|startupRole:FOLLOWER, 44f60e89-e275-465b-85ec-e219e0803a81|rpc:10.1.0.51:15014|admin:10.1.0.51:15013|client:10.1.0.51:15012|dataStream:10.1.0.51:15015|priority:1|startupRole:FOLLOWER] returns group-72F51A2B26BA:java.util.concurrent.CompletableFuture@2d69ada6[Not completed]
2023-06-21 16:52:21,713 [0ffaae9a-de1a-4167-9662-2ff6145c2fa0-groupManagement] INFO  server.RaftServer$Division (RaftServerImpl.java:<init>(198)) - 0ffaae9a-de1a-4167-9662-2ff6145c2fa0: new RaftServerImpl for group-72F51A2B26BA:[8245ab04-78c1-4e53-8989-11805473ea66|rpc:10.1.0.51:15032|admin:10.1.0.51:15031|client:10.1.0.51:15030|dataStream:10.1.0.51:15033|priority:0|startupRole:FOLLOWER, 0ffaae9a-de1a-4167-9662-2ff6145c2fa0|rpc:10.1.0.51:15023|admin:10.1.0.51:15022|client:10.1.0.51:15021|dataStream:10.1.0.51:15024|priority:0|startupRole:FOLLOWER, 44f60e89-e275-465b-85ec-e219e0803a81|rpc:10.1.0.51:15014|admin:10.1.0.51:15013|client:10.1.0.51:15012|dataStream:10.1.0.51:15015|priority:1|startupRole:FOLLOWER] with ContainerStateMachine:uninitialized
2023-06-21 16:52:21,713 [0ffaae9a-de1a-4167-9662-2ff6145c2fa0-groupManagement] INFO  server.RaftServerConfigKeys (ConfUtils.java:logGet(46)) - raft.server.rpc.timeout.min = 5s (custom)
2023-06-21 16:52:21,714 [0ffaae9a-de1a-4167-9662-2ff6145c2fa0-groupManagement] INFO  server.RaftServerConfigKeys (ConfUtils.java:logGet(46)) - raft.server.rpc.timeout.max = 5200ms (custom)
2023-06-21 16:52:21,714 [0ffaae9a-de1a-4167-9662-2ff6145c2fa0-groupManagement] INFO  server.RaftServerConfigKeys (ConfUtils.java:logGet(46)) - raft.server.rpc.sleep.time = 25ms (default)
2023-06-21 16:52:21,714 [0ffaae9a-de1a-4167-9662-2ff6145c2fa0-groupManagement] INFO  server.RaftServerConfigKeys (ConfUtils.java:logGet(46)) - raft.server.rpc.slowness.timeout = 300s (custom)
2023-06-21 16:52:21,714 [0ffaae9a-de1a-4167-9662-2ff6145c2fa0-groupManagement] INFO  server.RaftServerConfigKeys (ConfUtils.java:logGet(46)) - raft.server.leaderelection.leader.step-down.wait-time = 10s (default)
2023-06-21 16:52:21,714 [0ffaae9a-de1a-4167-9662-2ff6145c2fa0-groupManagement] INFO  server.RaftServerConfigKeys (ConfUtils.java:logGet(46)) - raft.server.sleep.deviation.threshold = 300ms (default)
2023-06-21 16:52:21,714 [0ffaae9a-de1a-4167-9662-2ff6145c2fa0-groupManagement] INFO  server.RaftServer$Division (ServerState.java:<init>(120)) - 0ffaae9a-de1a-4167-9662-2ff6145c2fa0@group-72F51A2B26BA: ConfigurationManager, init=-1: peers:[8245ab04-78c1-4e53-8989-11805473ea66|rpc:10.1.0.51:15032|admin:10.1.0.51:15031|client:10.1.0.51:15030|dataStream:10.1.0.51:15033|priority:0|startupRole:FOLLOWER, 0ffaae9a-de1a-4167-9662-2ff6145c2fa0|rpc:10.1.0.51:15023|admin:10.1.0.51:15022|client:10.1.0.51:15021|dataStream:10.1.0.51:15024|priority:0|startupRole:FOLLOWER, 44f60e89-e275-465b-85ec-e219e0803a81|rpc:10.1.0.51:15014|admin:10.1.0.51:15013|client:10.1.0.51:15012|dataStream:10.1.0.51:15015|priority:1|startupRole:FOLLOWER]|listeners:[], old=null, confs=<EMPTY_MAP>
2023-06-21 16:52:21,714 [0ffaae9a-de1a-4167-9662-2ff6145c2fa0-groupManagement] INFO  server.RaftServerConfigKeys (ConfUtils.java:logGet(46)) - raft.server.storage.dir = [/home/runner/work/ozone/ozone/hadoop-ozone/integration-test/target/test-dir/MiniOzoneClusterImpl-bc117425-4aef-44e4-9aa3-5f74caebda79/datanode-1/data/ratis] (custom)
2023-06-21 16:52:21,714 [0ffaae9a-de1a-4167-9662-2ff6145c2fa0-groupManagement] INFO  server.RaftServerConfigKeys (ConfUtils.java:logGet(46)) - raft.server.log.corruption.policy = EXCEPTION (default)
2023-06-21 16:52:21,714 [0ffaae9a-de1a-4167-9662-2ff6145c2fa0-groupManagement] INFO  server.RaftServerConfigKeys (ConfUtils.java:logGet(46)) - raft.server.storage.free-space.min = 0MB (=0) (default)
2023-06-21 16:52:21,714 [0ffaae9a-de1a-4167-9662-2ff6145c2fa0-groupManagement] INFO  server.RaftServerConfigKeys (ConfUtils.java:logGet(46)) - raft.server.notification.no-leader.timeout = 300s (custom)
2023-06-21 16:52:21,714 [0ffaae9a-de1a-4167-9662-2ff6145c2fa0-groupManagement] INFO  server.RaftServerConfigKeys (ConfUtils.java:logGet(46)) - raft.server.read.timeout = 10s (default)
2023-06-21 16:52:21,714 [0ffaae9a-de1a-4167-9662-2ff6145c2fa0-groupManagement] INFO  server.RaftServerConfigKeys (ConfUtils.java:logGet(46)) - raft.server.retrycache.expirytime = 600000ms (custom)
2023-06-21 16:52:21,714 [0ffaae9a-de1a-4167-9662-2ff6145c2fa0-groupManagement] INFO  server.RaftServerConfigKeys (ConfUtils.java:logGet(46)) - raft.server.retrycache.statistics.expirytime = 100μs (default)
2023-06-21 16:52:21,715 [0ffaae9a-de1a-4167-9662-2ff6145c2fa0-groupManagement] INFO  server.RaftServerConfigKeys (ConfUtils.java:logGet(46)) - raft.server.read.option = DEFAULT (default)
2023-06-21 16:52:21,716 [0ffaae9a-de1a-4167-9662-2ff6145c2fa0-groupManagement] INFO  server.RaftServerConfigKeys (ConfUtils.java:logGet(46)) - raft.server.rpc.request.timeout = 60s (custom)
2023-06-21 16:52:21,716 [0ffaae9a-de1a-4167-9662-2ff6145c2fa0-groupManagement] INFO  server.RaftServerConfigKeys (ConfUtils.java:logGet(46)) - raft.server.log.appender.install.snapshot.enabled = false (custom)
2023-06-21 16:52:21,716 [0ffaae9a-de1a-4167-9662-2ff6145c2fa0-groupManagement] INFO  server.RaftServerConfigKeys (ConfUtils.java:logGet(46)) - raft.server.threadpool.server.cached = true (default)
2023-06-21 16:52:21,716 [0ffaae9a-de1a-4167-9662-2ff6145c2fa0-groupManagement] INFO  server.RaftServerConfigKeys (ConfUtils.java:logGet(46)) - raft.server.threadpool.server.size = 0 (default)
2023-06-21 16:52:21,716 [0ffaae9a-de1a-4167-9662-2ff6145c2fa0-groupManagement] INFO  server.RaftServerConfigKeys (ConfUtils.java:logGet(46)) - raft.server.threadpool.client.cached = true (default)
2023-06-21 16:52:21,716 [0ffaae9a-de1a-4167-9662-2ff6145c2fa0-groupManagement] INFO  server.RaftServerConfigKeys (ConfUtils.java:logGet(46)) - raft.server.threadpool.client.size = 0 (default)
2023-06-21 16:52:21,716 [0ffaae9a-de1a-4167-9662-2ff6145c2fa0-groupManagement] INFO  storage.RaftStorageDirectory (RaftStorageDirectoryImpl.java:analyzeStorage(137)) - The storage directory /home/runner/work/ozone/ozone/hadoop-ozone/integration-test/target/test-dir/MiniOzoneClusterImpl-bc117425-4aef-44e4-9aa3-5f74caebda79/datanode-1/data/ratis/7cce7c79-62a6-4dc2-9652-72f51a2b26ba does not exist. Creating ...
2023-06-21 16:52:21,717 [0ffaae9a-de1a-4167-9662-2ff6145c2fa0-groupManagement] INFO  storage.RaftStorageDirectory (RaftStorageDirectoryImpl.java:tryLock(231)) - Lock on /home/runner/work/ozone/ozone/hadoop-ozone/integration-test/target/test-dir/MiniOzoneClusterImpl-bc117425-4aef-44e4-9aa3-5f74caebda79/datanode-1/data/ratis/7cce7c79-62a6-4dc2-9652-72f51a2b26ba/in_use.lock acquired by nodename 103413@fv-az624-409
2023-06-21 16:52:21,719 [0ffaae9a-de1a-4167-9662-2ff6145c2fa0-groupManagement] INFO  storage.RaftStorage (RaftStorageImpl.java:format(96)) - Storage directory /home/runner/work/ozone/ozone/hadoop-ozone/integration-test/target/test-dir/MiniOzoneClusterImpl-bc117425-4aef-44e4-9aa3-5f74caebda79/datanode-1/data/ratis/7cce7c79-62a6-4dc2-9652-72f51a2b26ba has been successfully formatted.
2023-06-21 16:52:21,720 [0ffaae9a-de1a-4167-9662-2ff6145c2fa0-groupManagement] INFO  ratis.ContainerStateMachine (ContainerStateMachine.java:loadSnapshot(262)) - group-72F51A2B26BA: The snapshot info is null. Setting the last applied indexto:(t:0, i:~)
2023-06-21 16:52:21,720 [0ffaae9a-de1a-4167-9662-2ff6145c2fa0-groupManagement] INFO  server.RaftServerConfigKeys (ConfUtils.java:logGet(46)) - raft.server.log.use.memory = false (default)
2023-06-21 16:52:21,720 [0ffaae9a-de1a-4167-9662-2ff6145c2fa0-groupManagement] INFO  server.RaftServerConfigKeys (ConfUtils.java:logGet(46)) - raft.server.log.purge.gap = 1000000 (custom)
2023-06-21 16:52:21,720 [0ffaae9a-de1a-4167-9662-2ff6145c2fa0-groupManagement] INFO  server.RaftServerConfigKeys (ConfUtils.java:logGet(46)) - raft.server.log.appender.buffer.byte-limit = 33554432 (custom)
2023-06-21 16:52:21,720 [0ffaae9a-de1a-4167-9662-2ff6145c2fa0-groupManagement] INFO  server.RaftServerConfigKeys (ConfUtils.java:logGet(46)) - raft.server.log.statemachine.data.read.timeout = 1000ms (default)
2023-06-21 16:52:21,720 [0ffaae9a-de1a-4167-9662-2ff6145c2fa0-groupManagement] INFO  server.RaftServerConfigKeys (ConfUtils.java:logGet(46)) - raft.server.log.purge.preservation.log.num = 0 (default)
2023-06-21 16:52:21,722 [0ffaae9a-de1a-4167-9662-2ff6145c2fa0-groupManagement] INFO  server.RaftServerConfigKeys (ConfUtils.java:logGet(46)) - raft.server.log.segment.size.max = 1048576 (custom)
2023-06-21 16:52:21,723 [0ffaae9a-de1a-4167-9662-2ff6145c2fa0-groupManagement] INFO  server.RaftServerConfigKeys (ConfUtils.java:logGet(46)) - raft.server.log.segment.cache.num.max = 2 (custom)
2023-06-21 16:52:21,723 [0ffaae9a-de1a-4167-9662-2ff6145c2fa0-groupManagement] INFO  server.RaftServerConfigKeys (ConfUtils.java:logGet(46)) - raft.server.log.segment.cache.size.max = 200MB (=209715200) (default)
2023-06-21 16:52:21,723 [0ffaae9a-de1a-4167-9662-2ff6145c2fa0-groupManagement] INFO  server.RaftServerConfigKeys (ConfUtils.java:logGet(46)) - raft.server.log.appender.buffer.byte-limit = 33554432 (custom)
2023-06-21 16:52:21,723 [0ffaae9a-de1a-4167-9662-2ff6145c2fa0-groupManagement] INFO  segmented.SegmentedRaftLogWorker (SegmentedRaftLogWorker.java:<init>(188)) - new 0ffaae9a-de1a-4167-9662-2ff6145c2fa0@group-72F51A2B26BA-SegmentedRaftLogWorker for RaftStorageImpl:Storage Directory /home/runner/work/ozone/ozone/hadoop-ozone/integration-test/target/test-dir/MiniOzoneClusterImpl-bc117425-4aef-44e4-9aa3-5f74caebda79/datanode-1/data/ratis/7cce7c79-62a6-4dc2-9652-72f51a2b26ba
2023-06-21 16:52:21,723 [0ffaae9a-de1a-4167-9662-2ff6145c2fa0-groupManagement] INFO  server.RaftServerConfigKeys (ConfUtils.java:logGet(46)) - raft.server.log.queue.byte-limit = 4294967296 (custom)
2023-06-21 16:52:21,723 [0ffaae9a-de1a-4167-9662-2ff6145c2fa0-groupManagement] INFO  server.RaftServerConfigKeys (ConfUtils.java:logGet(46)) - raft.server.log.queue.element-limit = 1024 (custom)
2023-06-21 16:52:21,728 [0ffaae9a-de1a-4167-9662-2ff6145c2fa0-groupManagement] INFO  server.RaftServerConfigKeys (ConfUtils.java:logGet(46)) - raft.server.log.segment.size.max = 1048576 (custom)
2023-06-21 16:52:21,728 [0ffaae9a-de1a-4167-9662-2ff6145c2fa0-groupManagement] INFO  server.RaftServerConfigKeys (ConfUtils.java:logGet(46)) - raft.server.log.preallocated.size = 16384 (custom)
2023-06-21 16:52:21,728 [0ffaae9a-de1a-4167-9662-2ff6145c2fa0-groupManagement] INFO  server.RaftServerConfigKeys (ConfUtils.java:logGet(46)) - raft.server.log.force.sync.num = 128 (default)
2023-06-21 16:52:21,728 [0ffaae9a-de1a-4167-9662-2ff6145c2fa0-groupManagement] INFO  server.RaftServerConfigKeys (ConfUtils.java:logGet(46)) - raft.server.log.statemachine.data.sync = true (default)
2023-06-21 16:52:21,728 [0ffaae9a-de1a-4167-9662-2ff6145c2fa0-groupManagement] INFO  server.RaftServerConfigKeys (ConfUtils.java:logGet(46)) - raft.server.log.statemachine.data.sync.timeout = 10s (default)
2023-06-21 16:52:21,728 [0ffaae9a-de1a-4167-9662-2ff6145c2fa0-groupManagement] INFO  server.RaftServerConfigKeys (ConfUtils.java:logGet(46)) - raft.server.log.statemachine.data.sync.timeout.retry = -1 (default)
2023-06-21 16:52:21,729 [0ffaae9a-de1a-4167-9662-2ff6145c2fa0-groupManagement] INFO  server.RaftServerConfigKeys (ConfUtils.java:logGet(46)) - raft.server.log.write.buffer.size = 1048576 (custom)
2023-06-21 16:52:21,729 [0ffaae9a-de1a-4167-9662-2ff6145c2fa0-groupManagement] INFO  server.RaftServerConfigKeys (ConfUtils.java:logGet(46)) - raft.server.log.appender.buffer.byte-limit = 33554432 (custom)
2023-06-21 16:52:21,725 [EventQueue-OpenPipelineForHealthyPipelineSafeModeRule] INFO  safemode.SCMSafeModeManager (HealthyPipelineSafeModeRule.java:process(137)) - SCM in safe mode. Healthy pipelines reported count is 0, required healthy pipeline reported count is 1
2023-06-21 16:52:21,738 [0ffaae9a-de1a-4167-9662-2ff6145c2fa0-groupManagement] INFO  server.RaftServerConfigKeys (ConfUtils.java:logGet(46)) - raft.server.log.unsafe-flush.enabled = false (default)
2023-06-21 16:52:21,738 [0ffaae9a-de1a-4167-9662-2ff6145c2fa0-groupManagement] INFO  server.RaftServerConfigKeys (ConfUtils.java:logGet(46)) - raft.server.log.async-flush.enabled = false (default)
2023-06-21 16:52:21,738 [0ffaae9a-de1a-4167-9662-2ff6145c2fa0-groupManagement] INFO  server.RaftServerConfigKeys (ConfUtils.java:logGet(46)) - raft.server.log.statemachine.data.caching.enabled = true (custom)
2023-06-21 16:52:21,738 [0ffaae9a-de1a-4167-9662-2ff6145c2fa0-groupManagement] INFO  segmented.SegmentedRaftLogWorker (SegmentedRaftLogWorker.java:lambda$new$0(135)) - 0ffaae9a-de1a-4167-9662-2ff6145c2fa0@group-72F51A2B26BA-SegmentedRaftLogWorker: flushIndex: setUnconditionally 0 -> -1
2023-06-21 16:52:21,738 [0ffaae9a-de1a-4167-9662-2ff6145c2fa0-groupManagement] INFO  segmented.SegmentedRaftLogWorker (SegmentedRaftLogWorker.java:lambda$new$0(135)) - 0ffaae9a-de1a-4167-9662-2ff6145c2fa0@group-72F51A2B26BA-SegmentedRaftLogWorker: safeCacheEvictIndex: setUnconditionally 0 -> -1
2023-06-21 16:52:21,739 [0ffaae9a-de1a-4167-9662-2ff6145c2fa0-groupManagement] INFO  server.RaftServer$Division (RaftServerImpl.java:start(342)) - 0ffaae9a-de1a-4167-9662-2ff6145c2fa0@group-72F51A2B26BA: start as a follower, conf=-1: peers:[8245ab04-78c1-4e53-8989-11805473ea66|rpc:10.1.0.51:15032|admin:10.1.0.51:15031|client:10.1.0.51:15030|dataStream:10.1.0.51:15033|priority:0|startupRole:FOLLOWER, 0ffaae9a-de1a-4167-9662-2ff6145c2fa0|rpc:10.1.0.51:15023|admin:10.1.0.51:15022|client:10.1.0.51:15021|dataStream:10.1.0.51:15024|priority:0|startupRole:FOLLOWER, 44f60e89-e275-465b-85ec-e219e0803a81|rpc:10.1.0.51:15014|admin:10.1.0.51:15013|client:10.1.0.51:15012|dataStream:10.1.0.51:15015|priority:1|startupRole:FOLLOWER]|listeners:[], old=null
2023-06-21 16:52:21,739 [0ffaae9a-de1a-4167-9662-2ff6145c2fa0-groupManagement] INFO  server.RaftServer$Division (RaftServerImpl.java:setRole(329)) - 0ffaae9a-de1a-4167-9662-2ff6145c2fa0@group-72F51A2B26BA: changes role from      null to FOLLOWER at term 0 for startAsFollower
2023-06-21 16:52:21,739 [0ffaae9a-de1a-4167-9662-2ff6145c2fa0-groupManagement] INFO  impl.RoleInfo (RoleInfo.java:updateAndGet(139)) - 0ffaae9a-de1a-4167-9662-2ff6145c2fa0: start 0ffaae9a-de1a-4167-9662-2ff6145c2fa0@group-72F51A2B26BA-FollowerState
2023-06-21 16:52:21,739 [0ffaae9a-de1a-4167-9662-2ff6145c2fa0-groupManagement] INFO  util.JmxRegister (JmxRegister.java:tryRegister(44)) - Successfully registered JMX Bean with object name Ratis:service=RaftServer,group=group-72F51A2B26BA,id=0ffaae9a-de1a-4167-9662-2ff6145c2fa0
2023-06-21 16:52:21,739 [0ffaae9a-de1a-4167-9662-2ff6145c2fa0-groupManagement] INFO  server.RaftServerConfigKeys (ConfUtils.java:logGet(46)) - raft.server.snapshot.auto.trigger.enabled = true (custom)
2023-06-21 16:52:21,739 [0ffaae9a-de1a-4167-9662-2ff6145c2fa0-groupManagement] INFO  server.RaftServerConfigKeys (ConfUtils.java:logGet(46)) - raft.server.snapshot.auto.trigger.threshold = 10000 (custom)
2023-06-21 16:52:21,739 [0ffaae9a-de1a-4167-9662-2ff6145c2fa0-groupManagement] INFO  server.RaftServerConfigKeys (ConfUtils.java:logGet(46)) - raft.server.snapshot.retention.file.num = 5 (custom)
2023-06-21 16:52:21,739 [0ffaae9a-de1a-4167-9662-2ff6145c2fa0-groupManagement] INFO  server.RaftServerConfigKeys (ConfUtils.java:logGet(46)) - raft.server.log.purge.upto.snapshot.index = false (default)
2023-06-21 16:52:21,740 [PipelineCommandHandlerThread-0] INFO  ratis.XceiverServerRatis (XceiverServerRatis.java:addGroup(804)) - Created group PipelineID=7cce7c79-62a6-4dc2-9652-72f51a2b26ba
2023-06-21 16:52:21,740 [0ffaae9a-de1a-4167-9662-2ff6145c2fa0@group-72F51A2B26BA-FollowerState] INFO  server.RaftServerConfigKeys (ConfUtils.java:logFallback(53)) - raft.server.rpc.first-election.timeout.min = 5s (fallback to raft.server.rpc.timeout.min)
2023-06-21 16:52:21,750 [0ffaae9a-de1a-4167-9662-2ff6145c2fa0@group-72F51A2B26BA-FollowerState] INFO  server.RaftServerConfigKeys (ConfUtils.java:logFallback(53)) - raft.server.rpc.first-election.timeout.max = 5200ms (fallback to raft.server.rpc.timeout.max)
2023-06-21 16:52:21,793 [PipelineCommandHandlerThread-0] INFO  commandhandler.CreatePipelineCommandHandler (CreatePipelineCommandHandler.java:lambda$handle$2(124)) - Created Pipeline RATIS THREE PipelineID=7cce7c79-62a6-4dc2-9652-72f51a2b26ba.
2023-06-21 16:52:21,833 [PipelineCommandHandlerThread-0] INFO  commandhandler.CreatePipelineCommandHandler (CreatePipelineCommandHandler.java:lambda$handle$2(124)) - Created Pipeline RATIS THREE PipelineID=7cce7c79-62a6-4dc2-9652-72f51a2b26ba.
2023-06-21 16:52:22,328 [main] INFO  ozone.MiniOzoneClusterImpl (MiniOzoneClusterImpl.java:lambda$waitForClusterToBeReady$0(224)) - Nodes are ready. Got 3 of 3 DN Heartbeats.
2023-06-21 16:52:22,328 [main] INFO  ozone.MiniOzoneClusterImpl (MiniOzoneClusterImpl.java:lambda$waitForClusterToBeReady$0(227)) - Waiting for cluster to exit safe mode
2023-06-21 16:52:22,328 [main] INFO  ozone.MiniOzoneClusterImpl (MiniOzoneClusterImpl.java:lambda$waitForClusterToBeReady$0(229)) - SCM became leader
2023-06-21 16:52:23,328 [main] INFO  ozone.MiniOzoneClusterImpl (MiniOzoneClusterImpl.java:lambda$waitForClusterToBeReady$0(224)) - Nodes are ready. Got 3 of 3 DN Heartbeats.
2023-06-21 16:52:23,329 [main] INFO  ozone.MiniOzoneClusterImpl (MiniOzoneClusterImpl.java:lambda$waitForClusterToBeReady$0(227)) - Waiting for cluster to exit safe mode
2023-06-21 16:52:23,329 [main] INFO  ozone.MiniOzoneClusterImpl (MiniOzoneClusterImpl.java:lambda$waitForClusterToBeReady$0(229)) - SCM became leader
2023-06-21 16:52:24,329 [main] INFO  ozone.MiniOzoneClusterImpl (MiniOzoneClusterImpl.java:lambda$waitForClusterToBeReady$0(224)) - Nodes are ready. Got 3 of 3 DN Heartbeats.
2023-06-21 16:52:24,329 [main] INFO  ozone.MiniOzoneClusterImpl (MiniOzoneClusterImpl.java:lambda$waitForClusterToBeReady$0(227)) - Waiting for cluster to exit safe mode
2023-06-21 16:52:24,329 [main] INFO  ozone.MiniOzoneClusterImpl (MiniOzoneClusterImpl.java:lambda$waitForClusterToBeReady$0(229)) - SCM became leader
2023-06-21 16:52:25,330 [main] INFO  ozone.MiniOzoneClusterImpl (MiniOzoneClusterImpl.java:lambda$waitForClusterToBeReady$0(224)) - Nodes are ready. Got 3 of 3 DN Heartbeats.
2023-06-21 16:52:25,330 [main] INFO  ozone.MiniOzoneClusterImpl (MiniOzoneClusterImpl.java:lambda$waitForClusterToBeReady$0(227)) - Waiting for cluster to exit safe mode
2023-06-21 16:52:25,330 [main] INFO  ozone.MiniOzoneClusterImpl (MiniOzoneClusterImpl.java:lambda$waitForClusterToBeReady$0(229)) - SCM became leader
2023-06-21 16:52:25,493 [44f60e89-e275-465b-85ec-e219e0803a81@group-9053350B20CC-FollowerState] INFO  impl.FollowerState (FollowerState.java:run(143)) - 44f60e89-e275-465b-85ec-e219e0803a81@group-9053350B20CC-FollowerState: change to CANDIDATE, lastRpcElapsedTime:5060135877ns, electionTimeout:5045ms
2023-06-21 16:52:25,493 [44f60e89-e275-465b-85ec-e219e0803a81@group-9053350B20CC-FollowerState] INFO  impl.RoleInfo (RoleInfo.java:shutdownFollowerState(110)) - 44f60e89-e275-465b-85ec-e219e0803a81: shutdown 44f60e89-e275-465b-85ec-e219e0803a81@group-9053350B20CC-FollowerState
2023-06-21 16:52:25,493 [44f60e89-e275-465b-85ec-e219e0803a81@group-9053350B20CC-FollowerState] INFO  server.RaftServer$Division (RaftServerImpl.java:setRole(329)) - 44f60e89-e275-465b-85ec-e219e0803a81@group-9053350B20CC: changes role from  FOLLOWER to CANDIDATE at term 0 for changeToCandidate
2023-06-21 16:52:25,495 [44f60e89-e275-465b-85ec-e219e0803a81@group-9053350B20CC-FollowerState] INFO  server.RaftServerConfigKeys (ConfUtils.java:logGet(46)) - raft.server.leaderelection.pre-vote = true (default)
2023-06-21 16:52:25,495 [44f60e89-e275-465b-85ec-e219e0803a81@group-9053350B20CC-FollowerState] INFO  impl.RoleInfo (RoleInfo.java:updateAndGet(139)) - 44f60e89-e275-465b-85ec-e219e0803a81: start 44f60e89-e275-465b-85ec-e219e0803a81@group-9053350B20CC-LeaderElection2
2023-06-21 16:52:25,501 [44f60e89-e275-465b-85ec-e219e0803a81@group-9053350B20CC-LeaderElection2] INFO  impl.LeaderElection (LeaderElection.java:askForVotes(321)) - 44f60e89-e275-465b-85ec-e219e0803a81@group-9053350B20CC-LeaderElection2 PRE_VOTE round 0: submit vote requests at term 0 for -1: peers:[44f60e89-e275-465b-85ec-e219e0803a81|rpc:10.1.0.51:15014|admin:10.1.0.51:15013|client:10.1.0.51:15012|dataStream:10.1.0.51:15015|priority:1|startupRole:FOLLOWER]|listeners:[], old=null
2023-06-21 16:52:25,501 [44f60e89-e275-465b-85ec-e219e0803a81@group-9053350B20CC-LeaderElection2] INFO  impl.LeaderElection (LeaderElection.java:askForVotes(323)) - 44f60e89-e275-465b-85ec-e219e0803a81@group-9053350B20CC-LeaderElection2 PRE_VOTE round 0: result PASSED (term=0)
2023-06-21 16:52:25,503 [44f60e89-e275-465b-85ec-e219e0803a81@group-9053350B20CC-LeaderElection2] INFO  impl.LeaderElection (LeaderElection.java:askForVotes(321)) - 44f60e89-e275-465b-85ec-e219e0803a81@group-9053350B20CC-LeaderElection2 ELECTION round 0: submit vote requests at term 1 for -1: peers:[44f60e89-e275-465b-85ec-e219e0803a81|rpc:10.1.0.51:15014|admin:10.1.0.51:15013|client:10.1.0.51:15012|dataStream:10.1.0.51:15015|priority:1|startupRole:FOLLOWER]|listeners:[], old=null
2023-06-21 16:52:25,503 [44f60e89-e275-465b-85ec-e219e0803a81@group-9053350B20CC-LeaderElection2] INFO  impl.LeaderElection (LeaderElection.java:askForVotes(323)) - 44f60e89-e275-465b-85ec-e219e0803a81@group-9053350B20CC-LeaderElection2 ELECTION round 0: result PASSED (term=1)
2023-06-21 16:52:25,503 [44f60e89-e275-465b-85ec-e219e0803a81@group-9053350B20CC-LeaderElection2] INFO  impl.RoleInfo (RoleInfo.java:shutdownLeaderElection(130)) - 44f60e89-e275-465b-85ec-e219e0803a81: shutdown 44f60e89-e275-465b-85ec-e219e0803a81@group-9053350B20CC-LeaderElection2
2023-06-21 16:52:25,503 [44f60e89-e275-465b-85ec-e219e0803a81@group-9053350B20CC-LeaderElection2] INFO  server.RaftServer$Division (RaftServerImpl.java:setRole(329)) - 44f60e89-e275-465b-85ec-e219e0803a81@group-9053350B20CC: changes role from CANDIDATE to LEADER at term 1 for changeToLeader
2023-06-21 16:52:25,503 [44f60e89-e275-465b-85ec-e219e0803a81@group-9053350B20CC-LeaderElection2] INFO  ratis.XceiverServerRatis (XceiverServerRatis.java:handleLeaderChangedNotification(902)) - Leader change notification received for group: group-9053350B20CC with new leaderId: 44f60e89-e275-465b-85ec-e219e0803a81
2023-06-21 16:52:25,504 [44f60e89-e275-465b-85ec-e219e0803a81@group-9053350B20CC-LeaderElection2] INFO  server.RaftServer$Division (ServerState.java:setLeader(317)) - 44f60e89-e275-465b-85ec-e219e0803a81@group-9053350B20CC: change Leader from null to 44f60e89-e275-465b-85ec-e219e0803a81 at term 1 for becomeLeader, leader elected after 5110ms
2023-06-21 16:52:25,504 [44f60e89-e275-465b-85ec-e219e0803a81@group-9053350B20CC-LeaderElection2] INFO  server.RaftServerConfigKeys (ConfUtils.java:logGet(46)) - raft.server.staging.catchup.gap = 1000 (default)
2023-06-21 16:52:25,504 [44f60e89-e275-465b-85ec-e219e0803a81@group-9053350B20CC-LeaderElection2] INFO  server.RaftServerConfigKeys (ConfUtils.java:logGet(46)) - raft.server.write.element-limit = 1024 (custom)
2023-06-21 16:52:25,504 [44f60e89-e275-465b-85ec-e219e0803a81@group-9053350B20CC-LeaderElection2] INFO  server.RaftServerConfigKeys (ConfUtils.java:logGet(46)) - raft.server.write.byte-limit = 1024 M (=1073741824) (custom)
2023-06-21 16:52:25,506 [EventQueue-OpenPipelineForHealthyPipelineSafeModeRule] INFO  safemode.SCMSafeModeManager (HealthyPipelineSafeModeRule.java:process(137)) - SCM in safe mode. Healthy pipelines reported count is 0, required healthy pipeline reported count is 1
2023-06-21 16:52:25,507 [44f60e89-e275-465b-85ec-e219e0803a81@group-9053350B20CC-LeaderElection2] INFO  server.RaftServerConfigKeys (ConfUtils.java:logGet(46)) - raft.server.watch.timeout = 180s (custom)
2023-06-21 16:52:25,507 [44f60e89-e275-465b-85ec-e219e0803a81@group-9053350B20CC-LeaderElection2] INFO  server.RaftServerConfigKeys (ConfUtils.java:logGet(46)) - raft.server.watch.timeout.denomination = 1s (default)
2023-06-21 16:52:25,507 [44f60e89-e275-465b-85ec-e219e0803a81@group-9053350B20CC-LeaderElection2] INFO  server.RaftServerConfigKeys (ConfUtils.java:logGet(46)) - raft.server.watch.element-limit = 65536 (default)
2023-06-21 16:52:25,507 [44f60e89-e275-465b-85ec-e219e0803a81@group-9053350B20CC-LeaderElection2] INFO  server.RaftServerConfigKeys (ConfUtils.java:logGet(46)) - raft.server.write.element-limit = 1024 (custom)
2023-06-21 16:52:25,507 [44f60e89-e275-465b-85ec-e219e0803a81@group-9053350B20CC-LeaderElection2] INFO  server.RaftServerConfigKeys (ConfUtils.java:logGet(46)) - raft.server.write.follower.gap.ratio.max = -1.0 (default)
2023-06-21 16:52:25,507 [44f60e89-e275-465b-85ec-e219e0803a81@group-9053350B20CC-LeaderElection2] INFO  impl.RoleInfo (RoleInfo.java:updateAndGet(139)) - 44f60e89-e275-465b-85ec-e219e0803a81: start 44f60e89-e275-465b-85ec-e219e0803a81@group-9053350B20CC-LeaderStateImpl
2023-06-21 16:52:25,508 [44f60e89-e275-465b-85ec-e219e0803a81@group-9053350B20CC-LeaderElection2] INFO  segmented.SegmentedRaftLogWorker (SegmentedRaftLogWorker.java:startLogSegment(447)) - 44f60e89-e275-465b-85ec-e219e0803a81@group-9053350B20CC-SegmentedRaftLogWorker: Starting segment from index:0
2023-06-21 16:52:25,509 [44f60e89-e275-465b-85ec-e219e0803a81@group-9053350B20CC-LeaderElection2] INFO  server.RaftServer$Division (ServerState.java:setRaftConf(434)) - 44f60e89-e275-465b-85ec-e219e0803a81@group-9053350B20CC: set configuration 0: peers:[44f60e89-e275-465b-85ec-e219e0803a81|rpc:10.1.0.51:15014|admin:10.1.0.51:15013|client:10.1.0.51:15012|dataStream:10.1.0.51:15015|priority:1|startupRole:FOLLOWER]|listeners:[], old=null
2023-06-21 16:52:25,510 [44f60e89-e275-465b-85ec-e219e0803a81@group-9053350B20CC-SegmentedRaftLogWorker] INFO  segmented.SegmentedRaftLogWorker (SegmentedRaftLogWorker.java:execute(651)) - 44f60e89-e275-465b-85ec-e219e0803a81@group-9053350B20CC-SegmentedRaftLogWorker: created new log segment /home/runner/work/ozone/ozone/hadoop-ozone/integration-test/target/test-dir/MiniOzoneClusterImpl-bc117425-4aef-44e4-9aa3-5f74caebda79/datanode-0/data/ratis/ae2abaea-6ec7-44a5-aa81-9053350b20cc/current/log_inprogress_0
2023-06-21 16:52:25,687 [44f60e89-e275-465b-85ec-e219e0803a81@group-5513452EA3C4-FollowerState] INFO  impl.FollowerState (FollowerState.java:run(143)) - 44f60e89-e275-465b-85ec-e219e0803a81@group-5513452EA3C4-FollowerState: change to CANDIDATE, lastRpcElapsedTime:5192131248ns, electionTimeout:5187ms
2023-06-21 16:52:25,689 [44f60e89-e275-465b-85ec-e219e0803a81@group-5513452EA3C4-FollowerState] INFO  impl.RoleInfo (RoleInfo.java:shutdownFollowerState(110)) - 44f60e89-e275-465b-85ec-e219e0803a81: shutdown 44f60e89-e275-465b-85ec-e219e0803a81@group-5513452EA3C4-FollowerState
2023-06-21 16:52:25,689 [44f60e89-e275-465b-85ec-e219e0803a81@group-5513452EA3C4-FollowerState] INFO  server.RaftServer$Division (RaftServerImpl.java:setRole(329)) - 44f60e89-e275-465b-85ec-e219e0803a81@group-5513452EA3C4: changes role from  FOLLOWER to CANDIDATE at term 0 for changeToCandidate
2023-06-21 16:52:25,689 [44f60e89-e275-465b-85ec-e219e0803a81@group-5513452EA3C4-FollowerState] INFO  server.RaftServerConfigKeys (ConfUtils.java:logGet(46)) - raft.server.leaderelection.pre-vote = true (default)
2023-06-21 16:52:25,690 [44f60e89-e275-465b-85ec-e219e0803a81@group-5513452EA3C4-FollowerState] INFO  impl.RoleInfo (RoleInfo.java:updateAndGet(139)) - 44f60e89-e275-465b-85ec-e219e0803a81: start 44f60e89-e275-465b-85ec-e219e0803a81@group-5513452EA3C4-LeaderElection3
2023-06-21 16:52:25,692 [44f60e89-e275-465b-85ec-e219e0803a81@group-5513452EA3C4-LeaderElection3] INFO  impl.LeaderElection (LeaderElection.java:askForVotes(321)) - 44f60e89-e275-465b-85ec-e219e0803a81@group-5513452EA3C4-LeaderElection3 PRE_VOTE round 0: submit vote requests at term 0 for -1: peers:[8245ab04-78c1-4e53-8989-11805473ea66|rpc:10.1.0.51:15032|admin:10.1.0.51:15031|client:10.1.0.51:15030|dataStream:10.1.0.51:15033|priority:0|startupRole:FOLLOWER, 0ffaae9a-de1a-4167-9662-2ff6145c2fa0|rpc:10.1.0.51:15023|admin:10.1.0.51:15022|client:10.1.0.51:15021|dataStream:10.1.0.51:15024|priority:1|startupRole:FOLLOWER, 44f60e89-e275-465b-85ec-e219e0803a81|rpc:10.1.0.51:15014|admin:10.1.0.51:15013|client:10.1.0.51:15012|dataStream:10.1.0.51:15015|priority:0|startupRole:FOLLOWER]|listeners:[], old=null
2023-06-21 16:52:25,698 [44f60e89-e275-465b-85ec-e219e0803a81@group-5513452EA3C4-LeaderElection3] INFO  server.RaftServerConfigKeys (ConfUtils.java:logFallback(53)) - raft.server.rpc.first-election.timeout.min = 5s (fallback to raft.server.rpc.timeout.min)
2023-06-21 16:52:25,698 [44f60e89-e275-465b-85ec-e219e0803a81@group-5513452EA3C4-LeaderElection3] INFO  server.RaftServerConfigKeys (ConfUtils.java:logFallback(53)) - raft.server.rpc.first-election.timeout.max = 5200ms (fallback to raft.server.rpc.timeout.max)
2023-06-21 16:52:25,701 [44f60e89-e275-465b-85ec-e219e0803a81@group-5513452EA3C4-LeaderElection3-1] INFO  server.GrpcServerProtocolClient (GrpcServerProtocolClient.java:<init>(65)) - Build channel for 8245ab04-78c1-4e53-8989-11805473ea66
2023-06-21 16:52:25,706 [44f60e89-e275-465b-85ec-e219e0803a81@group-5513452EA3C4-LeaderElection3-2] INFO  server.GrpcServerProtocolClient (GrpcServerProtocolClient.java:<init>(65)) - Build channel for 0ffaae9a-de1a-4167-9662-2ff6145c2fa0
2023-06-21 16:52:25,723 [grpc-default-executor-2] INFO  server.RaftServer$Division (RaftServerImpl.java:requestVote(1302)) - 8245ab04-78c1-4e53-8989-11805473ea66@group-5513452EA3C4: receive requestVote(PRE_VOTE, 44f60e89-e275-465b-85ec-e219e0803a81, group-5513452EA3C4, 0, (t:0, i:0))
2023-06-21 16:52:25,726 [grpc-default-executor-2] INFO  impl.VoteContext (VoteContext.java:log(49)) - 8245ab04-78c1-4e53-8989-11805473ea66@group-5513452EA3C4-FOLLOWER: accept PRE_VOTE from 44f60e89-e275-465b-85ec-e219e0803a81: our priority 0 <= candidate's priority 0
2023-06-21 16:52:25,733 [grpc-default-executor-1] INFO  server.RaftServer$Division (RaftServerImpl.java:requestVote(1302)) - 0ffaae9a-de1a-4167-9662-2ff6145c2fa0@group-5513452EA3C4: receive requestVote(PRE_VOTE, 44f60e89-e275-465b-85ec-e219e0803a81, group-5513452EA3C4, 0, (t:0, i:0))
2023-06-21 16:52:25,733 [grpc-default-executor-1] INFO  impl.VoteContext (VoteContext.java:log(49)) - 0ffaae9a-de1a-4167-9662-2ff6145c2fa0@group-5513452EA3C4-FOLLOWER: reject PRE_VOTE from 44f60e89-e275-465b-85ec-e219e0803a81: our priority 1 > candidate's priority 0
2023-06-21 16:52:25,738 [grpc-default-executor-1] INFO  server.RaftServer$Division (RaftServerImpl.java:requestVote(1335)) - 0ffaae9a-de1a-4167-9662-2ff6145c2fa0@group-5513452EA3C4 replies to PRE_VOTE vote request: 44f60e89-e275-465b-85ec-e219e0803a81<-0ffaae9a-de1a-4167-9662-2ff6145c2fa0#0:FAIL-t0. Peer's state: 0ffaae9a-de1a-4167-9662-2ff6145c2fa0@group-5513452EA3C4:t0, leader=null, voted=, raftlog=Memoized:0ffaae9a-de1a-4167-9662-2ff6145c2fa0@group-5513452EA3C4-SegmentedRaftLog:OPENED:c-1, conf=-1: peers:[8245ab04-78c1-4e53-8989-11805473ea66|rpc:10.1.0.51:15032|admin:10.1.0.51:15031|client:10.1.0.51:15030|dataStream:10.1.0.51:15033|priority:0|startupRole:FOLLOWER, 0ffaae9a-de1a-4167-9662-2ff6145c2fa0|rpc:10.1.0.51:15023|admin:10.1.0.51:15022|client:10.1.0.51:15021|dataStream:10.1.0.51:15024|priority:1|startupRole:FOLLOWER, 44f60e89-e275-465b-85ec-e219e0803a81|rpc:10.1.0.51:15014|admin:10.1.0.51:15013|client:10.1.0.51:15012|dataStream:10.1.0.51:15015|priority:0|startupRole:FOLLOWER]|listeners:[], old=null
2023-06-21 16:52:25,740 [grpc-default-executor-2] INFO  server.RaftServer$Division (RaftServerImpl.java:requestVote(1335)) - 8245ab04-78c1-4e53-8989-11805473ea66@group-5513452EA3C4 replies to PRE_VOTE vote request: 44f60e89-e275-465b-85ec-e219e0803a81<-8245ab04-78c1-4e53-8989-11805473ea66#0:OK-t0. Peer's state: 8245ab04-78c1-4e53-8989-11805473ea66@group-5513452EA3C4:t0, leader=null, voted=, raftlog=Memoized:8245ab04-78c1-4e53-8989-11805473ea66@group-5513452EA3C4-SegmentedRaftLog:OPENED:c-1, conf=-1: peers:[8245ab04-78c1-4e53-8989-11805473ea66|rpc:10.1.0.51:15032|admin:10.1.0.51:15031|client:10.1.0.51:15030|dataStream:10.1.0.51:15033|priority:0|startupRole:FOLLOWER, 0ffaae9a-de1a-4167-9662-2ff6145c2fa0|rpc:10.1.0.51:15023|admin:10.1.0.51:15022|client:10.1.0.51:15021|dataStream:10.1.0.51:15024|priority:1|startupRole:FOLLOWER, 44f60e89-e275-465b-85ec-e219e0803a81|rpc:10.1.0.51:15014|admin:10.1.0.51:15013|client:10.1.0.51:15012|dataStream:10.1.0.51:15015|priority:0|startupRole:FOLLOWER]|listeners:[], old=null
2023-06-21 16:52:25,744 [44f60e89-e275-465b-85ec-e219e0803a81@group-5513452EA3C4-LeaderElection3] INFO  impl.LeaderElection (LeaderElection.java:logAndReturn(90)) - 44f60e89-e275-465b-85ec-e219e0803a81@group-5513452EA3C4-LeaderElection3: PRE_VOTE REJECTED received 2 response(s) and 0 exception(s):
2023-06-21 16:52:25,746 [44f60e89-e275-465b-85ec-e219e0803a81@group-5513452EA3C4-LeaderElection3] INFO  impl.LeaderElection (LeaderElection.java:logAndReturn(94)) -   Response 0: 44f60e89-e275-465b-85ec-e219e0803a81<-8245ab04-78c1-4e53-8989-11805473ea66#0:OK-t0
2023-06-21 16:52:25,746 [44f60e89-e275-465b-85ec-e219e0803a81@group-5513452EA3C4-LeaderElection3] INFO  impl.LeaderElection (LeaderElection.java:logAndReturn(94)) -   Response 1: 44f60e89-e275-465b-85ec-e219e0803a81<-0ffaae9a-de1a-4167-9662-2ff6145c2fa0#0:FAIL-t0
2023-06-21 16:52:25,746 [44f60e89-e275-465b-85ec-e219e0803a81@group-5513452EA3C4-LeaderElection3] INFO  impl.LeaderElection (LeaderElection.java:askForVotes(323)) - 44f60e89-e275-465b-85ec-e219e0803a81@group-5513452EA3C4-LeaderElection3 PRE_VOTE round 0: result REJECTED
2023-06-21 16:52:25,749 [44f60e89-e275-465b-85ec-e219e0803a81@group-5513452EA3C4-LeaderElection3] INFO  server.RaftServer$Division (RaftServerImpl.java:setRole(329)) - 44f60e89-e275-465b-85ec-e219e0803a81@group-5513452EA3C4: changes role from CANDIDATE to FOLLOWER at term 0 for REJECTED
2023-06-21 16:52:25,749 [44f60e89-e275-465b-85ec-e219e0803a81@group-5513452EA3C4-LeaderElection3] INFO  impl.RoleInfo (RoleInfo.java:shutdownLeaderElection(130)) - 44f60e89-e275-465b-85ec-e219e0803a81: shutdown 44f60e89-e275-465b-85ec-e219e0803a81@group-5513452EA3C4-LeaderElection3
2023-06-21 16:52:25,749 [44f60e89-e275-465b-85ec-e219e0803a81@group-5513452EA3C4-LeaderElection3] INFO  impl.RoleInfo (RoleInfo.java:updateAndGet(139)) - 44f60e89-e275-465b-85ec-e219e0803a81: start 44f60e89-e275-465b-85ec-e219e0803a81@group-5513452EA3C4-FollowerState
2023-06-21 16:52:26,330 [main] INFO  ozone.MiniOzoneClusterImpl (MiniOzoneClusterImpl.java:lambda$waitForClusterToBeReady$0(224)) - Nodes are ready. Got 3 of 3 DN Heartbeats.
2023-06-21 16:52:26,331 [main] INFO  ozone.MiniOzoneClusterImpl (MiniOzoneClusterImpl.java:lambda$waitForClusterToBeReady$0(227)) - Waiting for cluster to exit safe mode
2023-06-21 16:52:26,331 [main] INFO  ozone.MiniOzoneClusterImpl (MiniOzoneClusterImpl.java:lambda$waitForClusterToBeReady$0(229)) - SCM became leader
2023-06-21 16:52:26,481 [0ffaae9a-de1a-4167-9662-2ff6145c2fa0@group-83D9E75E45EE-FollowerState] INFO  impl.FollowerState (FollowerState.java:run(143)) - 0ffaae9a-de1a-4167-9662-2ff6145c2fa0@group-83D9E75E45EE-FollowerState: change to CANDIDATE, lastRpcElapsedTime:5172614000ns, electionTimeout:5166ms
2023-06-21 16:52:26,482 [0ffaae9a-de1a-4167-9662-2ff6145c2fa0@group-83D9E75E45EE-FollowerState] INFO  impl.RoleInfo (RoleInfo.java:shutdownFollowerState(110)) - 0ffaae9a-de1a-4167-9662-2ff6145c2fa0: shutdown 0ffaae9a-de1a-4167-9662-2ff6145c2fa0@group-83D9E75E45EE-FollowerState
2023-06-21 16:52:26,482 [0ffaae9a-de1a-4167-9662-2ff6145c2fa0@group-83D9E75E45EE-FollowerState] INFO  server.RaftServer$Division (RaftServerImpl.java:setRole(329)) - 0ffaae9a-de1a-4167-9662-2ff6145c2fa0@group-83D9E75E45EE: changes role from  FOLLOWER to CANDIDATE at term 0 for changeToCandidate
2023-06-21 16:52:26,485 [0ffaae9a-de1a-4167-9662-2ff6145c2fa0@group-83D9E75E45EE-FollowerState] INFO  server.RaftServerConfigKeys (ConfUtils.java:logGet(46)) - raft.server.leaderelection.pre-vote = true (default)
2023-06-21 16:52:26,485 [0ffaae9a-de1a-4167-9662-2ff6145c2fa0@group-83D9E75E45EE-FollowerState] INFO  impl.RoleInfo (RoleInfo.java:updateAndGet(139)) - 0ffaae9a-de1a-4167-9662-2ff6145c2fa0: start 0ffaae9a-de1a-4167-9662-2ff6145c2fa0@group-83D9E75E45EE-LeaderElection4
2023-06-21 16:52:26,498 [0ffaae9a-de1a-4167-9662-2ff6145c2fa0@group-83D9E75E45EE-LeaderElection4] INFO  impl.LeaderElection (LeaderElection.java:askForVotes(321)) - 0ffaae9a-de1a-4167-9662-2ff6145c2fa0@group-83D9E75E45EE-LeaderElection4 PRE_VOTE round 0: submit vote requests at term 0 for -1: peers:[0ffaae9a-de1a-4167-9662-2ff6145c2fa0|rpc:10.1.0.51:15023|admin:10.1.0.51:15022|client:10.1.0.51:15021|dataStream:10.1.0.51:15024|priority:1|startupRole:FOLLOWER]|listeners:[], old=null
2023-06-21 16:52:26,499 [0ffaae9a-de1a-4167-9662-2ff6145c2fa0@group-83D9E75E45EE-LeaderElection4] INFO  impl.LeaderElection (LeaderElection.java:askForVotes(323)) - 0ffaae9a-de1a-4167-9662-2ff6145c2fa0@group-83D9E75E45EE-LeaderElection4 PRE_VOTE round 0: result PASSED (term=0)
2023-06-21 16:52:26,501 [0ffaae9a-de1a-4167-9662-2ff6145c2fa0@group-83D9E75E45EE-LeaderElection4] INFO  impl.LeaderElection (LeaderElection.java:askForVotes(321)) - 0ffaae9a-de1a-4167-9662-2ff6145c2fa0@group-83D9E75E45EE-LeaderElection4 ELECTION round 0: submit vote requests at term 1 for -1: peers:[0ffaae9a-de1a-4167-9662-2ff6145c2fa0|rpc:10.1.0.51:15023|admin:10.1.0.51:15022|client:10.1.0.51:15021|dataStream:10.1.0.51:15024|priority:1|startupRole:FOLLOWER]|listeners:[], old=null
2023-06-21 16:52:26,501 [0ffaae9a-de1a-4167-9662-2ff6145c2fa0@group-83D9E75E45EE-LeaderElection4] INFO  impl.LeaderElection (LeaderElection.java:askForVotes(323)) - 0ffaae9a-de1a-4167-9662-2ff6145c2fa0@group-83D9E75E45EE-LeaderElection4 ELECTION round 0: result PASSED (term=1)
2023-06-21 16:52:26,501 [0ffaae9a-de1a-4167-9662-2ff6145c2fa0@group-83D9E75E45EE-LeaderElection4] INFO  impl.RoleInfo (RoleInfo.java:shutdownLeaderElection(130)) - 0ffaae9a-de1a-4167-9662-2ff6145c2fa0: shutdown 0ffaae9a-de1a-4167-9662-2ff6145c2fa0@group-83D9E75E45EE-LeaderElection4
2023-06-21 16:52:26,501 [0ffaae9a-de1a-4167-9662-2ff6145c2fa0@group-83D9E75E45EE-LeaderElection4] INFO  server.RaftServer$Division (RaftServerImpl.java:setRole(329)) - 0ffaae9a-de1a-4167-9662-2ff6145c2fa0@group-83D9E75E45EE: changes role from CANDIDATE to LEADER at term 1 for changeToLeader
2023-06-21 16:52:26,501 [0ffaae9a-de1a-4167-9662-2ff6145c2fa0@group-83D9E75E45EE-LeaderElection4] INFO  ratis.XceiverServerRatis (XceiverServerRatis.java:handleLeaderChangedNotification(902)) - Leader change notification received for group: group-83D9E75E45EE with new leaderId: 0ffaae9a-de1a-4167-9662-2ff6145c2fa0
2023-06-21 16:52:26,507 [8245ab04-78c1-4e53-8989-11805473ea66@group-5513452EA3C4-FollowerState] INFO  server.RaftServerConfigKeys (ConfUtils.java:logFallback(53)) - raft.server.rpc.first-election.timeout.min = 5s (fallback to raft.server.rpc.timeout.min)
2023-06-21 16:52:26,507 [0ffaae9a-de1a-4167-9662-2ff6145c2fa0@group-83D9E75E45EE-LeaderElection4] INFO  server.RaftServer$Division (ServerState.java:setLeader(317)) - 0ffaae9a-de1a-4167-9662-2ff6145c2fa0@group-83D9E75E45EE: change Leader from null to 0ffaae9a-de1a-4167-9662-2ff6145c2fa0 at term 1 for becomeLeader, leader elected after 5584ms
2023-06-21 16:52:26,507 [8245ab04-78c1-4e53-8989-11805473ea66@group-5513452EA3C4-FollowerState] INFO  server.RaftServerConfigKeys (ConfUtils.java:logFallback(53)) - raft.server.rpc.first-election.timeout.max = 5200ms (fallback to raft.server.rpc.timeout.max)
2023-06-21 16:52:26,507 [0ffaae9a-de1a-4167-9662-2ff6145c2fa0@group-83D9E75E45EE-LeaderElection4] INFO  server.RaftServerConfigKeys (ConfUtils.java:logGet(46)) - raft.server.staging.catchup.gap = 1000 (default)
2023-06-21 16:52:26,510 [0ffaae9a-de1a-4167-9662-2ff6145c2fa0@group-83D9E75E45EE-LeaderElection4] INFO  server.RaftServerConfigKeys (ConfUtils.java:logGet(46)) - raft.server.write.element-limit = 1024 (custom)
2023-06-21 16:52:26,510 [0ffaae9a-de1a-4167-9662-2ff6145c2fa0@group-83D9E75E45EE-LeaderElection4] INFO  server.RaftServerConfigKeys (ConfUtils.java:logGet(46)) - raft.server.write.byte-limit = 1024 M (=1073741824) (custom)
2023-06-21 16:52:26,510 [EventQueue-OpenPipelineForHealthyPipelineSafeModeRule] INFO  safemode.SCMSafeModeManager (HealthyPipelineSafeModeRule.java:process(137)) - SCM in safe mode. Healthy pipelines reported count is 0, required healthy pipeline reported count is 1
2023-06-21 16:52:26,511 [0ffaae9a-de1a-4167-9662-2ff6145c2fa0@group-83D9E75E45EE-LeaderElection4] INFO  server.RaftServerConfigKeys (ConfUtils.java:logGet(46)) - raft.server.watch.timeout = 180s (custom)
2023-06-21 16:52:26,511 [0ffaae9a-de1a-4167-9662-2ff6145c2fa0@group-83D9E75E45EE-LeaderElection4] INFO  server.RaftServerConfigKeys (ConfUtils.java:logGet(46)) - raft.server.watch.timeout.denomination = 1s (default)
2023-06-21 16:52:26,511 [0ffaae9a-de1a-4167-9662-2ff6145c2fa0@group-83D9E75E45EE-LeaderElection4] INFO  server.RaftServerConfigKeys (ConfUtils.java:logGet(46)) - raft.server.watch.element-limit = 65536 (default)
2023-06-21 16:52:26,511 [0ffaae9a-de1a-4167-9662-2ff6145c2fa0@group-83D9E75E45EE-LeaderElection4] INFO  server.RaftServerConfigKeys (ConfUtils.java:logGet(46)) - raft.server.write.element-limit = 1024 (custom)
2023-06-21 16:52:26,511 [0ffaae9a-de1a-4167-9662-2ff6145c2fa0@group-83D9E75E45EE-LeaderElection4] INFO  server.RaftServerConfigKeys (ConfUtils.java:logGet(46)) - raft.server.write.follower.gap.ratio.max = -1.0 (default)
2023-06-21 16:52:26,511 [0ffaae9a-de1a-4167-9662-2ff6145c2fa0@group-83D9E75E45EE-LeaderElection4] INFO  impl.RoleInfo (RoleInfo.java:updateAndGet(139)) - 0ffaae9a-de1a-4167-9662-2ff6145c2fa0: start 0ffaae9a-de1a-4167-9662-2ff6145c2fa0@group-83D9E75E45EE-LeaderStateImpl
2023-06-21 16:52:26,512 [0ffaae9a-de1a-4167-9662-2ff6145c2fa0@group-83D9E75E45EE-LeaderElection4] INFO  segmented.SegmentedRaftLogWorker (SegmentedRaftLogWorker.java:startLogSegment(447)) - 0ffaae9a-de1a-4167-9662-2ff6145c2fa0@group-83D9E75E45EE-SegmentedRaftLogWorker: Starting segment from index:0
2023-06-21 16:52:26,515 [0ffaae9a-de1a-4167-9662-2ff6145c2fa0@group-83D9E75E45EE-LeaderElection4] INFO  server.RaftServer$Division (ServerState.java:setRaftConf(434)) - 0ffaae9a-de1a-4167-9662-2ff6145c2fa0@group-83D9E75E45EE: set configuration 0: peers:[0ffaae9a-de1a-4167-9662-2ff6145c2fa0|rpc:10.1.0.51:15023|admin:10.1.0.51:15022|client:10.1.0.51:15021|dataStream:10.1.0.51:15024|priority:1|startupRole:FOLLOWER]|listeners:[], old=null
2023-06-21 16:52:26,518 [0ffaae9a-de1a-4167-9662-2ff6145c2fa0@group-83D9E75E45EE-SegmentedRaftLogWorker] INFO  segmented.SegmentedRaftLogWorker (SegmentedRaftLogWorker.java:execute(651)) - 0ffaae9a-de1a-4167-9662-2ff6145c2fa0@group-83D9E75E45EE-SegmentedRaftLogWorker: created new log segment /home/runner/work/ozone/ozone/hadoop-ozone/integration-test/target/test-dir/MiniOzoneClusterImpl-bc117425-4aef-44e4-9aa3-5f74caebda79/datanode-1/data/ratis/988cf191-3165-49b5-88a3-83d9e75e45ee/current/log_inprogress_0
2023-06-21 16:52:26,538 [0ffaae9a-de1a-4167-9662-2ff6145c2fa0@group-5513452EA3C4-FollowerState] INFO  impl.FollowerState (FollowerState.java:run(143)) - 0ffaae9a-de1a-4167-9662-2ff6145c2fa0@group-5513452EA3C4-FollowerState: change to CANDIDATE, lastRpcElapsedTime:5146816216ns, electionTimeout:5136ms
2023-06-21 16:52:26,538 [0ffaae9a-de1a-4167-9662-2ff6145c2fa0@group-5513452EA3C4-FollowerState] INFO  impl.RoleInfo (RoleInfo.java:shutdownFollowerState(110)) - 0ffaae9a-de1a-4167-9662-2ff6145c2fa0: shutdown 0ffaae9a-de1a-4167-9662-2ff6145c2fa0@group-5513452EA3C4-FollowerState
2023-06-21 16:52:26,538 [0ffaae9a-de1a-4167-9662-2ff6145c2fa0@group-5513452EA3C4-FollowerState] INFO  server.RaftServer$Division (RaftServerImpl.java:setRole(329)) - 0ffaae9a-de1a-4167-9662-2ff6145c2fa0@group-5513452EA3C4: changes role from  FOLLOWER to CANDIDATE at term 0 for changeToCandidate
2023-06-21 16:52:26,538 [0ffaae9a-de1a-4167-9662-2ff6145c2fa0@group-5513452EA3C4-FollowerState] INFO  server.RaftServerConfigKeys (ConfUtils.java:logGet(46)) - raft.server.leaderelection.pre-vote = true (default)
2023-06-21 16:52:26,538 [0ffaae9a-de1a-4167-9662-2ff6145c2fa0@group-5513452EA3C4-FollowerState] INFO  impl.RoleInfo (RoleInfo.java:updateAndGet(139)) - 0ffaae9a-de1a-4167-9662-2ff6145c2fa0: start 0ffaae9a-de1a-4167-9662-2ff6145c2fa0@group-5513452EA3C4-LeaderElection5
2023-06-21 16:52:26,540 [0ffaae9a-de1a-4167-9662-2ff6145c2fa0@group-5513452EA3C4-LeaderElection5] INFO  impl.LeaderElection (LeaderElection.java:askForVotes(321)) - 0ffaae9a-de1a-4167-9662-2ff6145c2fa0@group-5513452EA3C4-LeaderElection5 PRE_VOTE round 0: submit vote requests at term 0 for -1: peers:[8245ab04-78c1-4e53-8989-11805473ea66|rpc:10.1.0.51:15032|admin:10.1.0.51:15031|client:10.1.0.51:15030|dataStream:10.1.0.51:15033|priority:0|startupRole:FOLLOWER, 0ffaae9a-de1a-4167-9662-2ff6145c2fa0|rpc:10.1.0.51:15023|admin:10.1.0.51:15022|client:10.1.0.51:15021|dataStream:10.1.0.51:15024|priority:1|startupRole:FOLLOWER, 44f60e89-e275-465b-85ec-e219e0803a81|rpc:10.1.0.51:15014|admin:10.1.0.51:15013|client:10.1.0.51:15012|dataStream:10.1.0.51:15015|priority:0|startupRole:FOLLOWER]|listeners:[], old=null
2023-06-21 16:52:26,542 [0ffaae9a-de1a-4167-9662-2ff6145c2fa0@group-5513452EA3C4-LeaderElection5] INFO  server.RaftServerConfigKeys (ConfUtils.java:logFallback(53)) - raft.server.rpc.first-election.timeout.min = 5s (fallback to raft.server.rpc.timeout.min)
2023-06-21 16:52:26,542 [0ffaae9a-de1a-4167-9662-2ff6145c2fa0@group-5513452EA3C4-LeaderElection5] INFO  server.RaftServerConfigKeys (ConfUtils.java:logFallback(53)) - raft.server.rpc.first-election.timeout.max = 5200ms (fallback to raft.server.rpc.timeout.max)
2023-06-21 16:52:26,542 [0ffaae9a-de1a-4167-9662-2ff6145c2fa0@group-5513452EA3C4-LeaderElection5-2] INFO  server.GrpcServerProtocolClient (GrpcServerProtocolClient.java:<init>(65)) - Build channel for 44f60e89-e275-465b-85ec-e219e0803a81
2023-06-21 16:52:26,547 [0ffaae9a-de1a-4167-9662-2ff6145c2fa0@group-5513452EA3C4-LeaderElection5-1] INFO  server.GrpcServerProtocolClient (GrpcServerProtocolClient.java:<init>(65)) - Build channel for 8245ab04-78c1-4e53-8989-11805473ea66
2023-06-21 16:52:26,815 [8245ab04-78c1-4e53-8989-11805473ea66@group-72F51A2B26BA-FollowerState] INFO  impl.FollowerState (FollowerState.java:run(143)) - 8245ab04-78c1-4e53-8989-11805473ea66@group-72F51A2B26BA-FollowerState: change to CANDIDATE, lastRpcElapsedTime:5286180387ns, electionTimeout:5160ms
2023-06-21 16:52:26,816 [8245ab04-78c1-4e53-8989-11805473ea66@group-72F51A2B26BA-FollowerState] INFO  impl.RoleInfo (RoleInfo.java:shutdownFollowerState(110)) - 8245ab04-78c1-4e53-8989-11805473ea66: shutdown 8245ab04-78c1-4e53-8989-11805473ea66@group-72F51A2B26BA-FollowerState
2023-06-21 16:52:26,816 [8245ab04-78c1-4e53-8989-11805473ea66@group-72F51A2B26BA-FollowerState] INFO  server.RaftServer$Division (RaftServerImpl.java:setRole(329)) - 8245ab04-78c1-4e53-8989-11805473ea66@group-72F51A2B26BA: changes role from  FOLLOWER to CANDIDATE at term 0 for changeToCandidate
2023-06-21 16:52:26,816 [8245ab04-78c1-4e53-8989-11805473ea66@group-72F51A2B26BA-FollowerState] INFO  server.RaftServerConfigKeys (ConfUtils.java:logGet(46)) - raft.server.leaderelection.pre-vote = true (default)
2023-06-21 16:52:26,816 [8245ab04-78c1-4e53-8989-11805473ea66@group-72F51A2B26BA-FollowerState] INFO  impl.RoleInfo (RoleInfo.java:updateAndGet(139)) - 8245ab04-78c1-4e53-8989-11805473ea66: start 8245ab04-78c1-4e53-8989-11805473ea66@group-72F51A2B26BA-LeaderElection6
2023-06-21 16:52:26,816 [8245ab04-78c1-4e53-8989-11805473ea66@group-501F925AB6B1-FollowerState] INFO  impl.FollowerState (FollowerState.java:run(143)) - 8245ab04-78c1-4e53-8989-11805473ea66@group-501F925AB6B1-FollowerState: change to CANDIDATE, lastRpcElapsedTime:5343363654ns, electionTimeout:5151ms
2023-06-21 16:52:26,816 [8245ab04-78c1-4e53-8989-11805473ea66@group-501F925AB6B1-FollowerState] INFO  impl.RoleInfo (RoleInfo.java:shutdownFollowerState(110)) - 8245ab04-78c1-4e53-8989-11805473ea66: shutdown 8245ab04-78c1-4e53-8989-11805473ea66@group-501F925AB6B1-FollowerState
2023-06-21 16:52:26,817 [8245ab04-78c1-4e53-8989-11805473ea66@group-501F925AB6B1-FollowerState] INFO  server.RaftServer$Division (RaftServerImpl.java:setRole(329)) - 8245ab04-78c1-4e53-8989-11805473ea66@group-501F925AB6B1: changes role from  FOLLOWER to CANDIDATE at term 0 for changeToCandidate
2023-06-21 16:52:26,817 [8245ab04-78c1-4e53-8989-11805473ea66@group-501F925AB6B1-FollowerState] INFO  server.RaftServerConfigKeys (ConfUtils.java:logGet(46)) - raft.server.leaderelection.pre-vote = true (default)
2023-06-21 16:52:26,817 [8245ab04-78c1-4e53-8989-11805473ea66@group-501F925AB6B1-FollowerState] INFO  impl.RoleInfo (RoleInfo.java:updateAndGet(139)) - 8245ab04-78c1-4e53-8989-11805473ea66: start 8245ab04-78c1-4e53-8989-11805473ea66@group-501F925AB6B1-LeaderElection7
2023-06-21 16:52:26,823 [8245ab04-78c1-4e53-8989-11805473ea66@group-501F925AB6B1-LeaderElection7] INFO  impl.LeaderElection (LeaderElection.java:askForVotes(321)) - 8245ab04-78c1-4e53-8989-11805473ea66@group-501F925AB6B1-LeaderElection7 PRE_VOTE round 0: submit vote requests at term 0 for -1: peers:[8245ab04-78c1-4e53-8989-11805473ea66|rpc:10.1.0.51:15032|admin:10.1.0.51:15031|client:10.1.0.51:15030|dataStream:10.1.0.51:15033|priority:1|startupRole:FOLLOWER]|listeners:[], old=null
2023-06-21 16:52:26,824 [8245ab04-78c1-4e53-8989-11805473ea66@group-501F925AB6B1-LeaderElection7] INFO  impl.LeaderElection (LeaderElection.java:askForVotes(323)) - 8245ab04-78c1-4e53-8989-11805473ea66@group-501F925AB6B1-LeaderElection7 PRE_VOTE round 0: result PASSED (term=0)
2023-06-21 16:52:26,824 [8245ab04-78c1-4e53-8989-11805473ea66@group-72F51A2B26BA-LeaderElection6] INFO  impl.LeaderElection (LeaderElection.java:askForVotes(321)) - 8245ab04-78c1-4e53-8989-11805473ea66@group-72F51A2B26BA-LeaderElection6 PRE_VOTE round 0: submit vote requests at term 0 for -1: peers:[8245ab04-78c1-4e53-8989-11805473ea66|rpc:10.1.0.51:15032|admin:10.1.0.51:15031|client:10.1.0.51:15030|dataStream:10.1.0.51:15033|priority:0|startupRole:FOLLOWER, 0ffaae9a-de1a-4167-9662-2ff6145c2fa0|rpc:10.1.0.51:15023|admin:10.1.0.51:15022|client:10.1.0.51:15021|dataStream:10.1.0.51:15024|priority:0|startupRole:FOLLOWER, 44f60e89-e275-465b-85ec-e219e0803a81|rpc:10.1.0.51:15014|admin:10.1.0.51:15013|client:10.1.0.51:15012|dataStream:10.1.0.51:15015|priority:1|startupRole:FOLLOWER]|listeners:[], old=null
2023-06-21 16:52:26,832 [8245ab04-78c1-4e53-8989-11805473ea66@group-501F925AB6B1-LeaderElection7] INFO  impl.LeaderElection (LeaderElection.java:askForVotes(321)) - 8245ab04-78c1-4e53-8989-11805473ea66@group-501F925AB6B1-LeaderElection7 ELECTION round 0: submit vote requests at term 1 for -1: peers:[8245ab04-78c1-4e53-8989-11805473ea66|rpc:10.1.0.51:15032|admin:10.1.0.51:15031|client:10.1.0.51:15030|dataStream:10.1.0.51:15033|priority:1|startupRole:FOLLOWER]|listeners:[], old=null
2023-06-21 16:52:26,832 [8245ab04-78c1-4e53-8989-11805473ea66@group-501F925AB6B1-LeaderElection7] INFO  impl.LeaderElection (LeaderElection.java:askForVotes(323)) - 8245ab04-78c1-4e53-8989-11805473ea66@group-501F925AB6B1-LeaderElection7 ELECTION round 0: result PASSED (term=1)
2023-06-21 16:52:26,835 [8245ab04-78c1-4e53-8989-11805473ea66@group-501F925AB6B1-LeaderElection7] INFO  impl.RoleInfo (RoleInfo.java:shutdownLeaderElection(130)) - 8245ab04-78c1-4e53-8989-11805473ea66: shutdown 8245ab04-78c1-4e53-8989-11805473ea66@group-501F925AB6B1-LeaderElection7
2023-06-21 16:52:26,835 [8245ab04-78c1-4e53-8989-11805473ea66@group-501F925AB6B1-LeaderElection7] INFO  server.RaftServer$Division (RaftServerImpl.java:setRole(329)) - 8245ab04-78c1-4e53-8989-11805473ea66@group-501F925AB6B1: changes role from CANDIDATE to LEADER at term 1 for changeToLeader
2023-06-21 16:52:26,835 [8245ab04-78c1-4e53-8989-11805473ea66@group-501F925AB6B1-LeaderElection7] INFO  ratis.XceiverServerRatis (XceiverServerRatis.java:handleLeaderChangedNotification(902)) - Leader change notification received for group: group-501F925AB6B1 with new leaderId: 8245ab04-78c1-4e53-8989-11805473ea66
2023-06-21 16:52:26,841 [8245ab04-78c1-4e53-8989-11805473ea66@group-72F51A2B26BA-LeaderElection6] INFO  server.RaftServerConfigKeys (ConfUtils.java:logFallback(53)) - raft.server.rpc.first-election.timeout.min = 5s (fallback to raft.server.rpc.timeout.min)
2023-06-21 16:52:26,846 [8245ab04-78c1-4e53-8989-11805473ea66@group-72F51A2B26BA-LeaderElection6] INFO  server.RaftServerConfigKeys (ConfUtils.java:logFallback(53)) - raft.server.rpc.first-election.timeout.max = 5200ms (fallback to raft.server.rpc.timeout.max)
2023-06-21 16:52:26,846 [8245ab04-78c1-4e53-8989-11805473ea66@group-501F925AB6B1-LeaderElection7] INFO  server.RaftServer$Division (ServerState.java:setLeader(317)) - 8245ab04-78c1-4e53-8989-11805473ea66@group-501F925AB6B1: change Leader from null to 8245ab04-78c1-4e53-8989-11805473ea66 at term 1 for becomeLeader, leader elected after 5454ms
2023-06-21 16:52:26,847 [8245ab04-78c1-4e53-8989-11805473ea66@group-501F925AB6B1-LeaderElection7] INFO  server.RaftServerConfigKeys (ConfUtils.java:logGet(46)) - raft.server.staging.catchup.gap = 1000 (default)
2023-06-21 16:52:26,850 [8245ab04-78c1-4e53-8989-11805473ea66@group-501F925AB6B1-LeaderElection7] INFO  server.RaftServerConfigKeys (ConfUtils.java:logGet(46)) - raft.server.write.element-limit = 1024 (custom)
2023-06-21 16:52:26,850 [8245ab04-78c1-4e53-8989-11805473ea66@group-501F925AB6B1-LeaderElection7] INFO  server.RaftServerConfigKeys (ConfUtils.java:logGet(46)) - raft.server.write.byte-limit = 1024 M (=1073741824) (custom)
2023-06-21 16:52:26,851 [8245ab04-78c1-4e53-8989-11805473ea66@group-501F925AB6B1-LeaderElection7] INFO  server.RaftServerConfigKeys (ConfUtils.java:logGet(46)) - raft.server.watch.timeout = 180s (custom)
2023-06-21 16:52:26,851 [8245ab04-78c1-4e53-8989-11805473ea66@group-501F925AB6B1-LeaderElection7] INFO  server.RaftServerConfigKeys (ConfUtils.java:logGet(46)) - raft.server.watch.timeout.denomination = 1s (default)
2023-06-21 16:52:26,851 [8245ab04-78c1-4e53-8989-11805473ea66@group-501F925AB6B1-LeaderElection7] INFO  server.RaftServerConfigKeys (ConfUtils.java:logGet(46)) - raft.server.watch.element-limit = 65536 (default)
2023-06-21 16:52:26,851 [8245ab04-78c1-4e53-8989-11805473ea66@group-501F925AB6B1-LeaderElection7] INFO  server.RaftServerConfigKeys (ConfUtils.java:logGet(46)) - raft.server.write.element-limit = 1024 (custom)
2023-06-21 16:52:26,851 [8245ab04-78c1-4e53-8989-11805473ea66@group-501F925AB6B1-LeaderElection7] INFO  server.RaftServerConfigKeys (ConfUtils.java:logGet(46)) - raft.server.write.follower.gap.ratio.max = -1.0 (default)
2023-06-21 16:52:26,851 [8245ab04-78c1-4e53-8989-11805473ea66@group-501F925AB6B1-LeaderElection7] INFO  impl.RoleInfo (RoleInfo.java:updateAndGet(139)) - 8245ab04-78c1-4e53-8989-11805473ea66: start 8245ab04-78c1-4e53-8989-11805473ea66@group-501F925AB6B1-LeaderStateImpl
2023-06-21 16:52:26,851 [8245ab04-78c1-4e53-8989-11805473ea66@group-501F925AB6B1-LeaderElection7] INFO  segmented.SegmentedRaftLogWorker (SegmentedRaftLogWorker.java:startLogSegment(447)) - 8245ab04-78c1-4e53-8989-11805473ea66@group-501F925AB6B1-SegmentedRaftLogWorker: Starting segment from index:0
2023-06-21 16:52:26,852 [grpc-default-executor-2] INFO  server.RaftServer$Division (RaftServerImpl.java:requestVote(1302)) - 8245ab04-78c1-4e53-8989-11805473ea66@group-5513452EA3C4: receive requestVote(PRE_VOTE, 0ffaae9a-de1a-4167-9662-2ff6145c2fa0, group-5513452EA3C4, 0, (t:0, i:0))
2023-06-21 16:52:26,852 [grpc-default-executor-2] INFO  impl.VoteContext (VoteContext.java:log(49)) - 8245ab04-78c1-4e53-8989-11805473ea66@group-5513452EA3C4-FOLLOWER: accept PRE_VOTE from 0ffaae9a-de1a-4167-9662-2ff6145c2fa0: our priority 0 <= candidate's priority 1
2023-06-21 16:52:26,852 [grpc-default-executor-2] INFO  server.RaftServer$Division (RaftServerImpl.java:requestVote(1335)) - 8245ab04-78c1-4e53-8989-11805473ea66@group-5513452EA3C4 replies to PRE_VOTE vote request: 0ffaae9a-de1a-4167-9662-2ff6145c2fa0<-8245ab04-78c1-4e53-8989-11805473ea66#0:OK-t0. Peer's state: 8245ab04-78c1-4e53-8989-11805473ea66@group-5513452EA3C4:t0, leader=null, voted=, raftlog=Memoized:8245ab04-78c1-4e53-8989-11805473ea66@group-5513452EA3C4-SegmentedRaftLog:OPENED:c-1, conf=-1: peers:[8245ab04-78c1-4e53-8989-11805473ea66|rpc:10.1.0.51:15032|admin:10.1.0.51:15031|client:10.1.0.51:15030|dataStream:10.1.0.51:15033|priority:0|startupRole:FOLLOWER, 0ffaae9a-de1a-4167-9662-2ff6145c2fa0|rpc:10.1.0.51:15023|admin:10.1.0.51:15022|client:10.1.0.51:15021|dataStream:10.1.0.51:15024|priority:1|startupRole:FOLLOWER, 44f60e89-e275-465b-85ec-e219e0803a81|rpc:10.1.0.51:15014|admin:10.1.0.51:15013|client:10.1.0.51:15012|dataStream:10.1.0.51:15015|priority:0|startupRole:FOLLOWER]|listeners:[], old=null
2023-06-21 16:52:26,853 [8245ab04-78c1-4e53-8989-11805473ea66@group-72F51A2B26BA-LeaderElection6-1] INFO  server.GrpcServerProtocolClient (GrpcServerProtocolClient.java:<init>(65)) - Build channel for 0ffaae9a-de1a-4167-9662-2ff6145c2fa0
2023-06-21 16:52:26,853 [EventQueue-OpenPipelineForHealthyPipelineSafeModeRule] INFO  safemode.SCMSafeModeManager (HealthyPipelineSafeModeRule.java:process(137)) - SCM in safe mode. Healthy pipelines reported count is 0, required healthy pipeline reported count is 1
2023-06-21 16:52:26,859 [8245ab04-78c1-4e53-8989-11805473ea66@group-72F51A2B26BA-LeaderElection6-2] INFO  server.GrpcServerProtocolClient (GrpcServerProtocolClient.java:<init>(65)) - Build channel for 44f60e89-e275-465b-85ec-e219e0803a81
2023-06-21 16:52:26,876 [8245ab04-78c1-4e53-8989-11805473ea66@group-501F925AB6B1-SegmentedRaftLogWorker] INFO  segmented.SegmentedRaftLogWorker (SegmentedRaftLogWorker.java:execute(651)) - 8245ab04-78c1-4e53-8989-11805473ea66@group-501F925AB6B1-SegmentedRaftLogWorker: created new log segment /home/runner/work/ozone/ozone/hadoop-ozone/integration-test/target/test-dir/MiniOzoneClusterImpl-bc117425-4aef-44e4-9aa3-5f74caebda79/datanode-2/data/ratis/f50fed80-0ba6-46d9-8e36-501f925ab6b1/current/log_inprogress_0
2023-06-21 16:52:26,877 [0ffaae9a-de1a-4167-9662-2ff6145c2fa0@group-72F51A2B26BA-FollowerState] INFO  impl.FollowerState (FollowerState.java:run(143)) - 0ffaae9a-de1a-4167-9662-2ff6145c2fa0@group-72F51A2B26BA-FollowerState: change to CANDIDATE, lastRpcElapsedTime:5138526173ns, electionTimeout:5126ms
2023-06-21 16:52:26,878 [0ffaae9a-de1a-4167-9662-2ff6145c2fa0@group-72F51A2B26BA-FollowerState] INFO  impl.RoleInfo (RoleInfo.java:shutdownFollowerState(110)) - 0ffaae9a-de1a-4167-9662-2ff6145c2fa0: shutdown 0ffaae9a-de1a-4167-9662-2ff6145c2fa0@group-72F51A2B26BA-FollowerState
2023-06-21 16:52:26,878 [0ffaae9a-de1a-4167-9662-2ff6145c2fa0@group-72F51A2B26BA-FollowerState] INFO  server.RaftServer$Division (RaftServerImpl.java:setRole(329)) - 0ffaae9a-de1a-4167-9662-2ff6145c2fa0@group-72F51A2B26BA: changes role from  FOLLOWER to CANDIDATE at term 0 for changeToCandidate
2023-06-21 16:52:26,878 [0ffaae9a-de1a-4167-9662-2ff6145c2fa0@group-72F51A2B26BA-FollowerState] INFO  server.RaftServerConfigKeys (ConfUtils.java:logGet(46)) - raft.server.leaderelection.pre-vote = true (default)
2023-06-21 16:52:26,878 [0ffaae9a-de1a-4167-9662-2ff6145c2fa0@group-72F51A2B26BA-FollowerState] INFO  impl.RoleInfo (RoleInfo.java:updateAndGet(139)) - 0ffaae9a-de1a-4167-9662-2ff6145c2fa0: start 0ffaae9a-de1a-4167-9662-2ff6145c2fa0@group-72F51A2B26BA-LeaderElection8
2023-06-21 16:52:26,887 [44f60e89-e275-465b-85ec-e219e0803a81@group-72F51A2B26BA-FollowerState] INFO  impl.FollowerState (FollowerState.java:run(143)) - 44f60e89-e275-465b-85ec-e219e0803a81@group-72F51A2B26BA-FollowerState: change to CANDIDATE, lastRpcElapsedTime:5207984596ns, electionTimeout:5198ms
2023-06-21 16:52:26,888 [44f60e89-e275-465b-85ec-e219e0803a81@group-72F51A2B26BA-FollowerState] INFO  impl.RoleInfo (RoleInfo.java:shutdownFollowerState(110)) - 44f60e89-e275-465b-85ec-e219e0803a81: shutdown 44f60e89-e275-465b-85ec-e219e0803a81@group-72F51A2B26BA-FollowerState
2023-06-21 16:52:26,888 [44f60e89-e275-465b-85ec-e219e0803a81@group-72F51A2B26BA-FollowerState] INFO  server.RaftServer$Division (RaftServerImpl.java:setRole(329)) - 44f60e89-e275-465b-85ec-e219e0803a81@group-72F51A2B26BA: changes role from  FOLLOWER to CANDIDATE at term 0 for changeToCandidate
2023-06-21 16:52:26,888 [44f60e89-e275-465b-85ec-e219e0803a81@group-72F51A2B26BA-FollowerState] INFO  server.RaftServerConfigKeys (ConfUtils.java:logGet(46)) - raft.server.leaderelection.pre-vote = true (default)
2023-06-21 16:52:26,888 [44f60e89-e275-465b-85ec-e219e0803a81@group-72F51A2B26BA-FollowerState] INFO  impl.RoleInfo (RoleInfo.java:updateAndGet(139)) - 44f60e89-e275-465b-85ec-e219e0803a81: start 44f60e89-e275-465b-85ec-e219e0803a81@group-72F51A2B26BA-LeaderElection9
2023-06-21 16:52:26,891 [8245ab04-78c1-4e53-8989-11805473ea66@group-501F925AB6B1-LeaderElection7] INFO  server.RaftServer$Division (ServerState.java:setRaftConf(434)) - 8245ab04-78c1-4e53-8989-11805473ea66@group-501F925AB6B1: set configuration 0: peers:[8245ab04-78c1-4e53-8989-11805473ea66|rpc:10.1.0.51:15032|admin:10.1.0.51:15031|client:10.1.0.51:15030|dataStream:10.1.0.51:15033|priority:1|startupRole:FOLLOWER]|listeners:[], old=null
2023-06-21 16:52:26,893 [grpc-default-executor-2] INFO  server.RaftServer$Division (RaftServerImpl.java:requestVote(1302)) - 44f60e89-e275-465b-85ec-e219e0803a81@group-5513452EA3C4: receive requestVote(PRE_VOTE, 0ffaae9a-de1a-4167-9662-2ff6145c2fa0, group-5513452EA3C4, 0, (t:0, i:0))
2023-06-21 16:52:26,893 [grpc-default-executor-2] INFO  impl.VoteContext (VoteContext.java:log(49)) - 44f60e89-e275-465b-85ec-e219e0803a81@group-5513452EA3C4-FOLLOWER: accept PRE_VOTE from 0ffaae9a-de1a-4167-9662-2ff6145c2fa0: our priority 0 <= candidate's priority 1
2023-06-21 16:52:26,893 [grpc-default-executor-2] INFO  server.RaftServer$Division (RaftServerImpl.java:requestVote(1335)) - 44f60e89-e275-465b-85ec-e219e0803a81@group-5513452EA3C4 replies to PRE_VOTE vote request: 0ffaae9a-de1a-4167-9662-2ff6145c2fa0<-44f60e89-e275-465b-85ec-e219e0803a81#0:OK-t0. Peer's state: 44f60e89-e275-465b-85ec-e219e0803a81@group-5513452EA3C4:t0, leader=null, voted=, raftlog=Memoized:44f60e89-e275-465b-85ec-e219e0803a81@group-5513452EA3C4-SegmentedRaftLog:OPENED:c-1, conf=-1: peers:[8245ab04-78c1-4e53-8989-11805473ea66|rpc:10.1.0.51:15032|admin:10.1.0.51:15031|client:10.1.0.51:15030|dataStream:10.1.0.51:15033|priority:0|startupRole:FOLLOWER, 0ffaae9a-de1a-4167-9662-2ff6145c2fa0|rpc:10.1.0.51:15023|admin:10.1.0.51:15022|client:10.1.0.51:15021|dataStream:10.1.0.51:15024|priority:1|startupRole:FOLLOWER, 44f60e89-e275-465b-85ec-e219e0803a81|rpc:10.1.0.51:15014|admin:10.1.0.51:15013|client:10.1.0.51:15012|dataStream:10.1.0.51:15015|priority:0|startupRole:FOLLOWER]|listeners:[], old=null
2023-06-21 16:52:26,895 [0ffaae9a-de1a-4167-9662-2ff6145c2fa0@group-5513452EA3C4-LeaderElection5] INFO  impl.LeaderElection (LeaderElection.java:logAndReturn(90)) - 0ffaae9a-de1a-4167-9662-2ff6145c2fa0@group-5513452EA3C4-LeaderElection5: PRE_VOTE PASSED received 1 response(s) and 0 exception(s):
2023-06-21 16:52:26,895 [0ffaae9a-de1a-4167-9662-2ff6145c2fa0@group-5513452EA3C4-LeaderElection5] INFO  impl.LeaderElection (LeaderElection.java:logAndReturn(94)) -   Response 0: 0ffaae9a-de1a-4167-9662-2ff6145c2fa0<-8245ab04-78c1-4e53-8989-11805473ea66#0:OK-t0
2023-06-21 16:52:26,895 [0ffaae9a-de1a-4167-9662-2ff6145c2fa0@group-5513452EA3C4-LeaderElection5] INFO  impl.LeaderElection (LeaderElection.java:askForVotes(323)) - 0ffaae9a-de1a-4167-9662-2ff6145c2fa0@group-5513452EA3C4-LeaderElection5 PRE_VOTE round 0: result PASSED
2023-06-21 16:52:26,897 [0ffaae9a-de1a-4167-9662-2ff6145c2fa0@group-5513452EA3C4-LeaderElection5] INFO  impl.LeaderElection (LeaderElection.java:askForVotes(321)) - 0ffaae9a-de1a-4167-9662-2ff6145c2fa0@group-5513452EA3C4-LeaderElection5 ELECTION round 0: submit vote requests at term 1 for -1: peers:[8245ab04-78c1-4e53-8989-11805473ea66|rpc:10.1.0.51:15032|admin:10.1.0.51:15031|client:10.1.0.51:15030|dataStream:10.1.0.51:15033|priority:0|startupRole:FOLLOWER, 0ffaae9a-de1a-4167-9662-2ff6145c2fa0|rpc:10.1.0.51:15023|admin:10.1.0.51:15022|client:10.1.0.51:15021|dataStream:10.1.0.51:15024|priority:1|startupRole:FOLLOWER, 44f60e89-e275-465b-85ec-e219e0803a81|rpc:10.1.0.51:15014|admin:10.1.0.51:15013|client:10.1.0.51:15012|dataStream:10.1.0.51:15015|priority:0|startupRole:FOLLOWER]|listeners:[], old=null
2023-06-21 16:52:26,911 [0ffaae9a-de1a-4167-9662-2ff6145c2fa0@group-5513452EA3C4-LeaderElection5] INFO  server.RaftServerConfigKeys (ConfUtils.java:logFallback(53)) - raft.server.rpc.first-election.timeout.min = 5s (fallback to raft.server.rpc.timeout.min)
2023-06-21 16:52:26,916 [0ffaae9a-de1a-4167-9662-2ff6145c2fa0@group-5513452EA3C4-LeaderElection5] INFO  server.RaftServerConfigKeys (ConfUtils.java:logFallback(53)) - raft.server.rpc.first-election.timeout.max = 5200ms (fallback to raft.server.rpc.timeout.max)
2023-06-21 16:52:26,916 [44f60e89-e275-465b-85ec-e219e0803a81@group-72F51A2B26BA-LeaderElection9] INFO  impl.LeaderElection (LeaderElection.java:askForVotes(321)) - 44f60e89-e275-465b-85ec-e219e0803a81@group-72F51A2B26BA-LeaderElection9 PRE_VOTE round 0: submit vote requests at term 0 for -1: peers:[8245ab04-78c1-4e53-8989-11805473ea66|rpc:10.1.0.51:15032|admin:10.1.0.51:15031|client:10.1.0.51:15030|dataStream:10.1.0.51:15033|priority:0|startupRole:FOLLOWER, 0ffaae9a-de1a-4167-9662-2ff6145c2fa0|rpc:10.1.0.51:15023|admin:10.1.0.51:15022|client:10.1.0.51:15021|dataStream:10.1.0.51:15024|priority:0|startupRole:FOLLOWER, 44f60e89-e275-465b-85ec-e219e0803a81|rpc:10.1.0.51:15014|admin:10.1.0.51:15013|client:10.1.0.51:15012|dataStream:10.1.0.51:15015|priority:1|startupRole:FOLLOWER]|listeners:[], old=null
2023-06-21 16:52:26,916 [0ffaae9a-de1a-4167-9662-2ff6145c2fa0@group-72F51A2B26BA-LeaderElection8] INFO  impl.LeaderElection (LeaderElection.java:askForVotes(321)) - 0ffaae9a-de1a-4167-9662-2ff6145c2fa0@group-72F51A2B26BA-LeaderElection8 PRE_VOTE round 0: submit vote requests at term 0 for -1: peers:[8245ab04-78c1-4e53-8989-11805473ea66|rpc:10.1.0.51:15032|admin:10.1.0.51:15031|client:10.1.0.51:15030|dataStream:10.1.0.51:15033|priority:0|startupRole:FOLLOWER, 0ffaae9a-de1a-4167-9662-2ff6145c2fa0|rpc:10.1.0.51:15023|admin:10.1.0.51:15022|client:10.1.0.51:15021|dataStream:10.1.0.51:15024|priority:0|startupRole:FOLLOWER, 44f60e89-e275-465b-85ec-e219e0803a81|rpc:10.1.0.51:15014|admin:10.1.0.51:15013|client:10.1.0.51:15012|dataStream:10.1.0.51:15015|priority:1|startupRole:FOLLOWER]|listeners:[], old=null
2023-06-21 16:52:26,924 [44f60e89-e275-465b-85ec-e219e0803a81@group-72F51A2B26BA-LeaderElection9] INFO  server.RaftServerConfigKeys (ConfUtils.java:logFallback(53)) - raft.server.rpc.first-election.timeout.min = 5s (fallback to raft.server.rpc.timeout.min)
2023-06-21 16:52:26,927 [44f60e89-e275-465b-85ec-e219e0803a81@group-72F51A2B26BA-LeaderElection9] INFO  server.RaftServerConfigKeys (ConfUtils.java:logFallback(53)) - raft.server.rpc.first-election.timeout.max = 5200ms (fallback to raft.server.rpc.timeout.max)
2023-06-21 16:52:26,927 [0ffaae9a-de1a-4167-9662-2ff6145c2fa0@group-72F51A2B26BA-LeaderElection8] INFO  server.RaftServerConfigKeys (ConfUtils.java:logFallback(53)) - raft.server.rpc.first-election.timeout.min = 5s (fallback to raft.server.rpc.timeout.min)
2023-06-21 16:52:26,934 [0ffaae9a-de1a-4167-9662-2ff6145c2fa0@group-72F51A2B26BA-LeaderElection8] INFO  server.RaftServerConfigKeys (ConfUtils.java:logFallback(53)) - raft.server.rpc.first-election.timeout.max = 5200ms (fallback to raft.server.rpc.timeout.max)
2023-06-21 16:52:26,935 [grpc-default-executor-2] INFO  server.RaftServer$Division (RaftServerImpl.java:requestVote(1302)) - 8245ab04-78c1-4e53-8989-11805473ea66@group-5513452EA3C4: receive requestVote(ELECTION, 0ffaae9a-de1a-4167-9662-2ff6145c2fa0, group-5513452EA3C4, 1, (t:0, i:0))
2023-06-21 16:52:26,935 [grpc-default-executor-2] INFO  impl.VoteContext (VoteContext.java:log(49)) - 8245ab04-78c1-4e53-8989-11805473ea66@group-5513452EA3C4-FOLLOWER: accept ELECTION from 0ffaae9a-de1a-4167-9662-2ff6145c2fa0: our priority 0 <= candidate's priority 1
2023-06-21 16:52:26,935 [grpc-default-executor-2] INFO  server.RaftServer$Division (RaftServerImpl.java:setRole(329)) - 8245ab04-78c1-4e53-8989-11805473ea66@group-5513452EA3C4: changes role from  FOLLOWER to FOLLOWER at term 1 for candidate:0ffaae9a-de1a-4167-9662-2ff6145c2fa0
2023-06-21 16:52:26,936 [grpc-default-executor-2] INFO  impl.RoleInfo (RoleInfo.java:shutdownFollowerState(110)) - 8245ab04-78c1-4e53-8989-11805473ea66: shutdown 8245ab04-78c1-4e53-8989-11805473ea66@group-5513452EA3C4-FollowerState
2023-06-21 16:52:26,936 [grpc-default-executor-2] INFO  impl.RoleInfo (RoleInfo.java:updateAndGet(139)) - 8245ab04-78c1-4e53-8989-11805473ea66: start 8245ab04-78c1-4e53-8989-11805473ea66@group-5513452EA3C4-FollowerState
2023-06-21 16:52:26,936 [8245ab04-78c1-4e53-8989-11805473ea66@group-5513452EA3C4-FollowerState] INFO  impl.FollowerState (FollowerState.java:run(152)) - 8245ab04-78c1-4e53-8989-11805473ea66@group-5513452EA3C4-FollowerState was interrupted
2023-06-21 16:52:26,944 [grpc-default-executor-1] INFO  server.RaftServer$Division (RaftServerImpl.java:requestVote(1302)) - 44f60e89-e275-465b-85ec-e219e0803a81@group-5513452EA3C4: receive requestVote(ELECTION, 0ffaae9a-de1a-4167-9662-2ff6145c2fa0, group-5513452EA3C4, 1, (t:0, i:0))
2023-06-21 16:52:26,944 [grpc-default-executor-0] INFO  server.RaftServer$Division (RaftServerImpl.java:requestVote(1302)) - 8245ab04-78c1-4e53-8989-11805473ea66@group-72F51A2B26BA: receive requestVote(PRE_VOTE, 44f60e89-e275-465b-85ec-e219e0803a81, group-72F51A2B26BA, 0, (t:0, i:0))
2023-06-21 16:52:26,944 [grpc-default-executor-1] INFO  impl.VoteContext (VoteContext.java:log(49)) - 44f60e89-e275-465b-85ec-e219e0803a81@group-5513452EA3C4-FOLLOWER: accept ELECTION from 0ffaae9a-de1a-4167-9662-2ff6145c2fa0: our priority 0 <= candidate's priority 1
2023-06-21 16:52:26,944 [grpc-default-executor-1] INFO  server.RaftServer$Division (RaftServerImpl.java:setRole(329)) - 44f60e89-e275-465b-85ec-e219e0803a81@group-5513452EA3C4: changes role from  FOLLOWER to FOLLOWER at term 1 for candidate:0ffaae9a-de1a-4167-9662-2ff6145c2fa0
2023-06-21 16:52:26,944 [grpc-default-executor-0] INFO  impl.VoteContext (VoteContext.java:log(49)) - 8245ab04-78c1-4e53-8989-11805473ea66@group-72F51A2B26BA-CANDIDATE: accept PRE_VOTE from 44f60e89-e275-465b-85ec-e219e0803a81: our priority 0 <= candidate's priority 1
2023-06-21 16:52:26,944 [grpc-default-executor-1] INFO  impl.RoleInfo (RoleInfo.java:shutdownFollowerState(110)) - 44f60e89-e275-465b-85ec-e219e0803a81: shutdown 44f60e89-e275-465b-85ec-e219e0803a81@group-5513452EA3C4-FollowerState
2023-06-21 16:52:26,945 [grpc-default-executor-0] INFO  server.RaftServer$Division (RaftServerImpl.java:requestVote(1335)) - 8245ab04-78c1-4e53-8989-11805473ea66@group-72F51A2B26BA replies to PRE_VOTE vote request: 44f60e89-e275-465b-85ec-e219e0803a81<-8245ab04-78c1-4e53-8989-11805473ea66#0:OK-t0. Peer's state: 8245ab04-78c1-4e53-8989-11805473ea66@group-72F51A2B26BA:t0, leader=null, voted=, raftlog=Memoized:8245ab04-78c1-4e53-8989-11805473ea66@group-72F51A2B26BA-SegmentedRaftLog:OPENED:c-1, conf=-1: peers:[8245ab04-78c1-4e53-8989-11805473ea66|rpc:10.1.0.51:15032|admin:10.1.0.51:15031|client:10.1.0.51:15030|dataStream:10.1.0.51:15033|priority:0|startupRole:FOLLOWER, 0ffaae9a-de1a-4167-9662-2ff6145c2fa0|rpc:10.1.0.51:15023|admin:10.1.0.51:15022|client:10.1.0.51:15021|dataStream:10.1.0.51:15024|priority:0|startupRole:FOLLOWER, 44f60e89-e275-465b-85ec-e219e0803a81|rpc:10.1.0.51:15014|admin:10.1.0.51:15013|client:10.1.0.51:15012|dataStream:10.1.0.51:15015|priority:1|startupRole:FOLLOWER]|listeners:[], old=null
2023-06-21 16:52:26,947 [grpc-default-executor-2] INFO  server.RaftServer$Division (RaftServerImpl.java:requestVote(1335)) - 8245ab04-78c1-4e53-8989-11805473ea66@group-5513452EA3C4 replies to ELECTION vote request: 0ffaae9a-de1a-4167-9662-2ff6145c2fa0<-8245ab04-78c1-4e53-8989-11805473ea66#0:OK-t1. Peer's state: 8245ab04-78c1-4e53-8989-11805473ea66@group-5513452EA3C4:t1, leader=null, voted=0ffaae9a-de1a-4167-9662-2ff6145c2fa0, raftlog=Memoized:8245ab04-78c1-4e53-8989-11805473ea66@group-5513452EA3C4-SegmentedRaftLog:OPENED:c-1, conf=-1: peers:[8245ab04-78c1-4e53-8989-11805473ea66|rpc:10.1.0.51:15032|admin:10.1.0.51:15031|client:10.1.0.51:15030|dataStream:10.1.0.51:15033|priority:0|startupRole:FOLLOWER, 0ffaae9a-de1a-4167-9662-2ff6145c2fa0|rpc:10.1.0.51:15023|admin:10.1.0.51:15022|client:10.1.0.51:15021|dataStream:10.1.0.51:15024|priority:1|startupRole:FOLLOWER, 44f60e89-e275-465b-85ec-e219e0803a81|rpc:10.1.0.51:15014|admin:10.1.0.51:15013|client:10.1.0.51:15012|dataStream:10.1.0.51:15015|priority:0|startupRole:FOLLOWER]|listeners:[], old=null
2023-06-21 16:52:26,951 [44f60e89-e275-465b-85ec-e219e0803a81@group-72F51A2B26BA-LeaderElection9] INFO  impl.LeaderElection (LeaderElection.java:logAndReturn(90)) - 44f60e89-e275-465b-85ec-e219e0803a81@group-72F51A2B26BA-LeaderElection9: PRE_VOTE PASSED received 1 response(s) and 0 exception(s):
2023-06-21 16:52:26,955 [grpc-default-executor-0] INFO  server.RaftServer$Division (RaftServerImpl.java:requestVote(1302)) - 8245ab04-78c1-4e53-8989-11805473ea66@group-72F51A2B26BA: receive requestVote(PRE_VOTE, 0ffaae9a-de1a-4167-9662-2ff6145c2fa0, group-72F51A2B26BA, 0, (t:0, i:0))
2023-06-21 16:52:26,955 [grpc-default-executor-3] INFO  server.RaftServer$Division (RaftServerImpl.java:requestVote(1302)) - 0ffaae9a-de1a-4167-9662-2ff6145c2fa0@group-72F51A2B26BA: receive requestVote(PRE_VOTE, 44f60e89-e275-465b-85ec-e219e0803a81, group-72F51A2B26BA, 0, (t:0, i:0))
2023-06-21 16:52:26,951 [44f60e89-e275-465b-85ec-e219e0803a81@group-5513452EA3C4-FollowerState] INFO  impl.FollowerState (FollowerState.java:run(152)) - 44f60e89-e275-465b-85ec-e219e0803a81@group-5513452EA3C4-FollowerState was interrupted
2023-06-21 16:52:26,951 [grpc-default-executor-1] INFO  impl.RoleInfo (RoleInfo.java:updateAndGet(139)) - 44f60e89-e275-465b-85ec-e219e0803a81: start 44f60e89-e275-465b-85ec-e219e0803a81@group-5513452EA3C4-FollowerState
2023-06-21 16:52:26,957 [grpc-default-executor-0] INFO  impl.VoteContext (VoteContext.java:log(49)) - 8245ab04-78c1-4e53-8989-11805473ea66@group-72F51A2B26BA-CANDIDATE: accept PRE_VOTE from 0ffaae9a-de1a-4167-9662-2ff6145c2fa0: our priority 0 <= candidate's priority 0
2023-06-21 16:52:26,956 [44f60e89-e275-465b-85ec-e219e0803a81@group-72F51A2B26BA-LeaderElection9] INFO  impl.LeaderElection (LeaderElection.java:logAndReturn(94)) -   Response 0: 44f60e89-e275-465b-85ec-e219e0803a81<-8245ab04-78c1-4e53-8989-11805473ea66#0:OK-t0
2023-06-21 16:52:26,958 [grpc-default-executor-0] INFO  server.RaftServer$Division (RaftServerImpl.java:requestVote(1335)) - 8245ab04-78c1-4e53-8989-11805473ea66@group-72F51A2B26BA replies to PRE_VOTE vote request: 0ffaae9a-de1a-4167-9662-2ff6145c2fa0<-8245ab04-78c1-4e53-8989-11805473ea66#0:OK-t0. Peer's state: 8245ab04-78c1-4e53-8989-11805473ea66@group-72F51A2B26BA:t0, leader=null, voted=, raftlog=Memoized:8245ab04-78c1-4e53-8989-11805473ea66@group-72F51A2B26BA-SegmentedRaftLog:OPENED:c-1, conf=-1: peers:[8245ab04-78c1-4e53-8989-11805473ea66|rpc:10.1.0.51:15032|admin:10.1.0.51:15031|client:10.1.0.51:15030|dataStream:10.1.0.51:15033|priority:0|startupRole:FOLLOWER, 0ffaae9a-de1a-4167-9662-2ff6145c2fa0|rpc:10.1.0.51:15023|admin:10.1.0.51:15022|client:10.1.0.51:15021|dataStream:10.1.0.51:15024|priority:0|startupRole:FOLLOWER, 44f60e89-e275-465b-85ec-e219e0803a81|rpc:10.1.0.51:15014|admin:10.1.0.51:15013|client:10.1.0.51:15012|dataStream:10.1.0.51:15015|priority:1|startupRole:FOLLOWER]|listeners:[], old=null
2023-06-21 16:52:26,958 [grpc-default-executor-3] INFO  impl.VoteContext (VoteContext.java:log(49)) - 0ffaae9a-de1a-4167-9662-2ff6145c2fa0@group-72F51A2B26BA-CANDIDATE: accept PRE_VOTE from 44f60e89-e275-465b-85ec-e219e0803a81: our priority 0 <= candidate's priority 1
2023-06-21 16:52:26,958 [grpc-default-executor-3] INFO  server.RaftServer$Division (RaftServerImpl.java:requestVote(1335)) - 0ffaae9a-de1a-4167-9662-2ff6145c2fa0@group-72F51A2B26BA replies to PRE_VOTE vote request: 44f60e89-e275-465b-85ec-e219e0803a81<-0ffaae9a-de1a-4167-9662-2ff6145c2fa0#0:OK-t0. Peer's state: 0ffaae9a-de1a-4167-9662-2ff6145c2fa0@group-72F51A2B26BA:t0, leader=null, voted=, raftlog=Memoized:0ffaae9a-de1a-4167-9662-2ff6145c2fa0@group-72F51A2B26BA-SegmentedRaftLog:OPENED:c-1, conf=-1: peers:[8245ab04-78c1-4e53-8989-11805473ea66|rpc:10.1.0.51:15032|admin:10.1.0.51:15031|client:10.1.0.51:15030|dataStream:10.1.0.51:15033|priority:0|startupRole:FOLLOWER, 0ffaae9a-de1a-4167-9662-2ff6145c2fa0|rpc:10.1.0.51:15023|admin:10.1.0.51:15022|client:10.1.0.51:15021|dataStream:10.1.0.51:15024|priority:0|startupRole:FOLLOWER, 44f60e89-e275-465b-85ec-e219e0803a81|rpc:10.1.0.51:15014|admin:10.1.0.51:15013|client:10.1.0.51:15012|dataStream:10.1.0.51:15015|priority:1|startupRole:FOLLOWER]|listeners:[], old=null
2023-06-21 16:52:26,958 [grpc-default-executor-5] INFO  server.RaftServer$Division (RaftServerImpl.java:requestVote(1302)) - 44f60e89-e275-465b-85ec-e219e0803a81@group-72F51A2B26BA: receive requestVote(PRE_VOTE, 8245ab04-78c1-4e53-8989-11805473ea66, group-72F51A2B26BA, 0, (t:0, i:0))
2023-06-21 16:52:26,967 [grpc-default-executor-6] INFO  server.RaftServer$Division (RaftServerImpl.java:requestVote(1302)) - 44f60e89-e275-465b-85ec-e219e0803a81@group-72F51A2B26BA: receive requestVote(PRE_VOTE, 0ffaae9a-de1a-4167-9662-2ff6145c2fa0, group-72F51A2B26BA, 0, (t:0, i:0))
2023-06-21 16:52:26,963 [grpc-default-executor-0] INFO  server.RaftServer$Division (RaftServerImpl.java:requestVote(1302)) - 0ffaae9a-de1a-4167-9662-2ff6145c2fa0@group-72F51A2B26BA: receive requestVote(PRE_VOTE, 8245ab04-78c1-4e53-8989-11805473ea66, group-72F51A2B26BA, 0, (t:0, i:0))
2023-06-21 16:52:26,963 [44f60e89-e275-465b-85ec-e219e0803a81@group-72F51A2B26BA-LeaderElection9] INFO  impl.LeaderElection (LeaderElection.java:askForVotes(323)) - 44f60e89-e275-465b-85ec-e219e0803a81@group-72F51A2B26BA-LeaderElection9 PRE_VOTE round 0: result PASSED
2023-06-21 16:52:26,962 [0ffaae9a-de1a-4167-9662-2ff6145c2fa0@group-5513452EA3C4-LeaderElection5] INFO  impl.LeaderElection (LeaderElection.java:logAndReturn(90)) - 0ffaae9a-de1a-4167-9662-2ff6145c2fa0@group-5513452EA3C4-LeaderElection5: ELECTION PASSED received 1 response(s) and 0 exception(s):
2023-06-21 16:52:26,971 [0ffaae9a-de1a-4167-9662-2ff6145c2fa0@group-5513452EA3C4-LeaderElection5] INFO  impl.LeaderElection (LeaderElection.java:logAndReturn(94)) -   Response 0: 0ffaae9a-de1a-4167-9662-2ff6145c2fa0<-8245ab04-78c1-4e53-8989-11805473ea66#0:OK-t1
2023-06-21 16:52:26,971 [0ffaae9a-de1a-4167-9662-2ff6145c2fa0@group-5513452EA3C4-LeaderElection5] INFO  impl.LeaderElection (LeaderElection.java:askForVotes(323)) - 0ffaae9a-de1a-4167-9662-2ff6145c2fa0@group-5513452EA3C4-LeaderElection5 ELECTION round 0: result PASSED
2023-06-21 16:52:26,971 [0ffaae9a-de1a-4167-9662-2ff6145c2fa0@group-5513452EA3C4-LeaderElection5] INFO  impl.RoleInfo (RoleInfo.java:shutdownLeaderElection(130)) - 0ffaae9a-de1a-4167-9662-2ff6145c2fa0: shutdown 0ffaae9a-de1a-4167-9662-2ff6145c2fa0@group-5513452EA3C4-LeaderElection5
2023-06-21 16:52:26,971 [0ffaae9a-de1a-4167-9662-2ff6145c2fa0@group-5513452EA3C4-LeaderElection5] INFO  server.RaftServer$Division (RaftServerImpl.java:setRole(329)) - 0ffaae9a-de1a-4167-9662-2ff6145c2fa0@group-5513452EA3C4: changes role from CANDIDATE to LEADER at term 1 for changeToLeader
2023-06-21 16:52:26,971 [0ffaae9a-de1a-4167-9662-2ff6145c2fa0@group-5513452EA3C4-LeaderElection5] INFO  ratis.XceiverServerRatis (XceiverServerRatis.java:handleLeaderChangedNotification(902)) - Leader change notification received for group: group-5513452EA3C4 with new leaderId: 0ffaae9a-de1a-4167-9662-2ff6145c2fa0
2023-06-21 16:52:26,972 [0ffaae9a-de1a-4167-9662-2ff6145c2fa0@group-5513452EA3C4-LeaderElection5] INFO  server.RaftServer$Division (ServerState.java:setLeader(317)) - 0ffaae9a-de1a-4167-9662-2ff6145c2fa0@group-5513452EA3C4: change Leader from null to 0ffaae9a-de1a-4167-9662-2ff6145c2fa0 at term 1 for becomeLeader, leader elected after 5640ms
2023-06-21 16:52:26,972 [0ffaae9a-de1a-4167-9662-2ff6145c2fa0@group-5513452EA3C4-LeaderElection5] INFO  server.RaftServerConfigKeys (ConfUtils.java:logGet(46)) - raft.server.staging.catchup.gap = 1000 (default)
2023-06-21 16:52:26,972 [0ffaae9a-de1a-4167-9662-2ff6145c2fa0@group-5513452EA3C4-LeaderElection5] INFO  server.RaftServerConfigKeys (ConfUtils.java:logGet(46)) - raft.server.write.element-limit = 1024 (custom)
2023-06-21 16:52:26,972 [0ffaae9a-de1a-4167-9662-2ff6145c2fa0@group-5513452EA3C4-LeaderElection5] INFO  server.RaftServerConfigKeys (ConfUtils.java:logGet(46)) - raft.server.write.byte-limit = 1024 M (=1073741824) (custom)
2023-06-21 16:52:26,972 [0ffaae9a-de1a-4167-9662-2ff6145c2fa0@group-5513452EA3C4-LeaderElection5] INFO  server.RaftServerConfigKeys (ConfUtils.java:logGet(46)) - raft.server.watch.timeout = 180s (custom)
2023-06-21 16:52:26,972 [0ffaae9a-de1a-4167-9662-2ff6145c2fa0@group-5513452EA3C4-LeaderElection5] INFO  server.RaftServerConfigKeys (ConfUtils.java:logGet(46)) - raft.server.watch.timeout.denomination = 1s (default)
2023-06-21 16:52:26,973 [0ffaae9a-de1a-4167-9662-2ff6145c2fa0@group-5513452EA3C4-LeaderElection5] INFO  server.RaftServerConfigKeys (ConfUtils.java:logGet(46)) - raft.server.watch.element-limit = 65536 (default)
2023-06-21 16:52:26,973 [0ffaae9a-de1a-4167-9662-2ff6145c2fa0@group-5513452EA3C4-LeaderElection5] INFO  server.RaftServerConfigKeys (ConfUtils.java:logGet(46)) - raft.server.write.element-limit = 1024 (custom)
2023-06-21 16:52:26,973 [0ffaae9a-de1a-4167-9662-2ff6145c2fa0@group-5513452EA3C4-LeaderElection5] INFO  server.RaftServerConfigKeys (ConfUtils.java:logGet(46)) - raft.server.write.follower.gap.ratio.max = -1.0 (default)
2023-06-21 16:52:26,976 [grpc-default-executor-5] INFO  impl.VoteContext (VoteContext.java:log(49)) - 44f60e89-e275-465b-85ec-e219e0803a81@group-72F51A2B26BA-CANDIDATE: reject PRE_VOTE from 8245ab04-78c1-4e53-8989-11805473ea66: our priority 1 > candidate's priority 0
2023-06-21 16:52:26,971 [grpc-default-executor-0] INFO  impl.VoteContext (VoteContext.java:log(49)) - 0ffaae9a-de1a-4167-9662-2ff6145c2fa0@group-72F51A2B26BA-CANDIDATE: accept PRE_VOTE from 8245ab04-78c1-4e53-8989-11805473ea66: our priority 0 <= candidate's priority 0
2023-06-21 16:52:26,976 [grpc-default-executor-5] INFO  server.RaftServer$Division (RaftServerImpl.java:requestVote(1335)) - 44f60e89-e275-465b-85ec-e219e0803a81@group-72F51A2B26BA replies to PRE_VOTE vote request: 8245ab04-78c1-4e53-8989-11805473ea66<-44f60e89-e275-465b-85ec-e219e0803a81#0:FAIL-t0. Peer's state: 44f60e89-e275-465b-85ec-e219e0803a81@group-72F51A2B26BA:t0, leader=null, voted=, raftlog=Memoized:44f60e89-e275-465b-85ec-e219e0803a81@group-72F51A2B26BA-SegmentedRaftLog:OPENED:c-1, conf=-1: peers:[8245ab04-78c1-4e53-8989-11805473ea66|rpc:10.1.0.51:15032|admin:10.1.0.51:15031|client:10.1.0.51:15030|dataStream:10.1.0.51:15033|priority:0|startupRole:FOLLOWER, 0ffaae9a-de1a-4167-9662-2ff6145c2fa0|rpc:10.1.0.51:15023|admin:10.1.0.51:15022|client:10.1.0.51:15021|dataStream:10.1.0.51:15024|priority:0|startupRole:FOLLOWER, 44f60e89-e275-465b-85ec-e219e0803a81|rpc:10.1.0.51:15014|admin:10.1.0.51:15013|client:10.1.0.51:15012|dataStream:10.1.0.51:15015|priority:1|startupRole:FOLLOWER]|listeners:[], old=null
2023-06-21 16:52:26,976 [grpc-default-executor-0] INFO  server.RaftServer$Division (RaftServerImpl.java:requestVote(1335)) - 0ffaae9a-de1a-4167-9662-2ff6145c2fa0@group-72F51A2B26BA replies to PRE_VOTE vote request: 8245ab04-78c1-4e53-8989-11805473ea66<-0ffaae9a-de1a-4167-9662-2ff6145c2fa0#0:OK-t0. Peer's state: 0ffaae9a-de1a-4167-9662-2ff6145c2fa0@group-72F51A2B26BA:t0, leader=null, voted=, raftlog=Memoized:0ffaae9a-de1a-4167-9662-2ff6145c2fa0@group-72F51A2B26BA-SegmentedRaftLog:OPENED:c-1, conf=-1: peers:[8245ab04-78c1-4e53-8989-11805473ea66|rpc:10.1.0.51:15032|admin:10.1.0.51:15031|client:10.1.0.51:15030|dataStream:10.1.0.51:15033|priority:0|startupRole:FOLLOWER, 0ffaae9a-de1a-4167-9662-2ff6145c2fa0|rpc:10.1.0.51:15023|admin:10.1.0.51:15022|client:10.1.0.51:15021|dataStream:10.1.0.51:15024|priority:0|startupRole:FOLLOWER, 44f60e89-e275-465b-85ec-e219e0803a81|rpc:10.1.0.51:15014|admin:10.1.0.51:15013|client:10.1.0.51:15012|dataStream:10.1.0.51:15015|priority:1|startupRole:FOLLOWER]|listeners:[], old=null
2023-06-21 16:52:26,978 [grpc-default-executor-1] INFO  server.RaftServer$Division (RaftServerImpl.java:requestVote(1335)) - 44f60e89-e275-465b-85ec-e219e0803a81@group-5513452EA3C4 replies to ELECTION vote request: 0ffaae9a-de1a-4167-9662-2ff6145c2fa0<-44f60e89-e275-465b-85ec-e219e0803a81#0:OK-t1. Peer's state: 44f60e89-e275-465b-85ec-e219e0803a81@group-5513452EA3C4:t1, leader=null, voted=0ffaae9a-de1a-4167-9662-2ff6145c2fa0, raftlog=Memoized:44f60e89-e275-465b-85ec-e219e0803a81@group-5513452EA3C4-SegmentedRaftLog:OPENED:c-1, conf=-1: peers:[8245ab04-78c1-4e53-8989-11805473ea66|rpc:10.1.0.51:15032|admin:10.1.0.51:15031|client:10.1.0.51:15030|dataStream:10.1.0.51:15033|priority:0|startupRole:FOLLOWER, 0ffaae9a-de1a-4167-9662-2ff6145c2fa0|rpc:10.1.0.51:15023|admin:10.1.0.51:15022|client:10.1.0.51:15021|dataStream:10.1.0.51:15024|priority:1|startupRole:FOLLOWER, 44f60e89-e275-465b-85ec-e219e0803a81|rpc:10.1.0.51:15014|admin:10.1.0.51:15013|client:10.1.0.51:15012|dataStream:10.1.0.51:15015|priority:0|startupRole:FOLLOWER]|listeners:[], old=null
2023-06-21 16:52:26,980 [44f60e89-e275-465b-85ec-e219e0803a81@group-72F51A2B26BA-LeaderElection9] INFO  impl.LeaderElection (LeaderElection.java:askForVotes(321)) - 44f60e89-e275-465b-85ec-e219e0803a81@group-72F51A2B26BA-LeaderElection9 ELECTION round 0: submit vote requests at term 1 for -1: peers:[8245ab04-78c1-4e53-8989-11805473ea66|rpc:10.1.0.51:15032|admin:10.1.0.51:15031|client:10.1.0.51:15030|dataStream:10.1.0.51:15033|priority:0|startupRole:FOLLOWER, 0ffaae9a-de1a-4167-9662-2ff6145c2fa0|rpc:10.1.0.51:15023|admin:10.1.0.51:15022|client:10.1.0.51:15021|dataStream:10.1.0.51:15024|priority:0|startupRole:FOLLOWER, 44f60e89-e275-465b-85ec-e219e0803a81|rpc:10.1.0.51:15014|admin:10.1.0.51:15013|client:10.1.0.51:15012|dataStream:10.1.0.51:15015|priority:1|startupRole:FOLLOWER]|listeners:[], old=null
2023-06-21 16:52:26,994 [EventQueue-PipelineReportForPipelineReportHandler] INFO  pipeline.PipelineManagerImpl (PipelineManagerImpl.java:openPipeline(367)) - Pipeline Pipeline[ Id: a7f633f1-2c07-4c3f-8075-5513452ea3c4, Nodes: 8245ab04-78c1-4e53-8989-11805473ea66(fv-az624-409/10.1.0.51)0ffaae9a-de1a-4167-9662-2ff6145c2fa0(fv-az624-409/10.1.0.51)44f60e89-e275-465b-85ec-e219e0803a81(fv-az624-409/10.1.0.51), ReplicationConfig: RATIS/THREE, State:ALLOCATED, leaderId:0ffaae9a-de1a-4167-9662-2ff6145c2fa0, CreationTimestamp2023-06-21T16:52:18.325Z[Etc/UTC]] moved to OPEN state
2023-06-21 16:52:26,980 [grpc-default-executor-6] INFO  impl.VoteContext (VoteContext.java:log(49)) - 44f60e89-e275-465b-85ec-e219e0803a81@group-72F51A2B26BA-CANDIDATE: reject PRE_VOTE from 0ffaae9a-de1a-4167-9662-2ff6145c2fa0: our priority 1 > candidate's priority 0
2023-06-21 16:52:27,003 [grpc-default-executor-6] INFO  server.RaftServer$Division (RaftServerImpl.java:requestVote(1335)) - 44f60e89-e275-465b-85ec-e219e0803a81@group-72F51A2B26BA replies to PRE_VOTE vote request: 0ffaae9a-de1a-4167-9662-2ff6145c2fa0<-44f60e89-e275-465b-85ec-e219e0803a81#0:FAIL-t1. Peer's state: 44f60e89-e275-465b-85ec-e219e0803a81@group-72F51A2B26BA:t1, leader=null, voted=44f60e89-e275-465b-85ec-e219e0803a81, raftlog=Memoized:44f60e89-e275-465b-85ec-e219e0803a81@group-72F51A2B26BA-SegmentedRaftLog:OPENED:c-1, conf=-1: peers:[8245ab04-78c1-4e53-8989-11805473ea66|rpc:10.1.0.51:15032|admin:10.1.0.51:15031|client:10.1.0.51:15030|dataStream:10.1.0.51:15033|priority:0|startupRole:FOLLOWER, 0ffaae9a-de1a-4167-9662-2ff6145c2fa0|rpc:10.1.0.51:15023|admin:10.1.0.51:15022|client:10.1.0.51:15021|dataStream:10.1.0.51:15024|priority:0|startupRole:FOLLOWER, 44f60e89-e275-465b-85ec-e219e0803a81|rpc:10.1.0.51:15014|admin:10.1.0.51:15013|client:10.1.0.51:15012|dataStream:10.1.0.51:15015|priority:1|startupRole:FOLLOWER]|listeners:[], old=null
2023-06-21 16:52:27,001 [EventQueue-OpenPipelineForHealthyPipelineSafeModeRule] INFO  safemode.SCMSafeModeManager (HealthyPipelineSafeModeRule.java:process(137)) - SCM in safe mode. Healthy pipelines reported count is 1, required healthy pipeline reported count is 1
2023-06-21 16:52:27,004 [EventQueue-OpenPipelineForHealthyPipelineSafeModeRule] INFO  safemode.SCMSafeModeManager (SCMSafeModeManager.java:validateSafeModeExitRules(200)) - HealthyPipelineSafeModeRule rule is successfully validated
2023-06-21 16:52:27,004 [EventQueue-OpenPipelineForHealthyPipelineSafeModeRule] INFO  safemode.SCMSafeModeManager (SCMSafeModeManager.java:validateSafeModeExitRules(215)) - ScmSafeModeManager, all rules are successfully validated
2023-06-21 16:52:27,004 [EventQueue-OpenPipelineForHealthyPipelineSafeModeRule] INFO  safemode.SCMSafeModeManager (SCMSafeModeManager.java:exitSafeMode(244)) - SCM exiting safe mode.
2023-06-21 16:52:27,004 [EventQueue-OpenPipelineForHealthyPipelineSafeModeRule] INFO  ha.SCMContext (SCMContext.java:updateSafeModeStatus(228)) - Update SafeModeStatus from SafeModeStatus{safeModeStatus=true, preCheckPassed=true} to SafeModeStatus{safeModeStatus=false, preCheckPassed=true}.
2023-06-21 16:52:27,004 [EventQueue-OpenPipelineForHealthyPipelineSafeModeRule] INFO  pipeline.BackgroundPipelineCreator (BackgroundPipelineCreator.java:notifyStatusChanged(254)) - Service BackgroundPipelineCreator transitions to RUNNING.
2023-06-21 16:52:27,004 [EventQueue-OpenPipelineForHealthyPipelineSafeModeRule] INFO  BackgroundPipelineScrubber (BackgroundSCMService.java:notifyStatusChanged(82)) - Service BackgroundPipelineScrubber transitions to RUNNING.
2023-06-21 16:52:27,004 [EventQueue-OpenPipelineForHealthyPipelineSafeModeRule] INFO  ExpiredContainerReplicaOpScrubber (BackgroundSCMService.java:notifyStatusChanged(82)) - Service ExpiredContainerReplicaOpScrubber transitions to RUNNING.
2023-06-21 16:52:27,004 [EventQueue-OpenPipelineForHealthyPipelineSafeModeRule] INFO  replication.ReplicationManager (ReplicationManager.java:notifyStatusChanged(1361)) - Service ReplicationManager transitions to RUNNING.
2023-06-21 16:52:27,008 [EventQueue-OpenPipelineForHealthyPipelineSafeModeRule] WARN  balancer.ContainerBalancer (ContainerBalancer.java:shouldRun(135)) - Could not find persisted configuration for ContainerBalancer when checking if ContainerBalancer should run. ContainerBalancer should not run now.
2023-06-21 16:52:27,000 [8245ab04-78c1-4e53-8989-11805473ea66@group-72F51A2B26BA-LeaderElection6] INFO  impl.LeaderElection (LeaderElection.java:logAndReturn(90)) - 8245ab04-78c1-4e53-8989-11805473ea66@group-72F51A2B26BA-LeaderElection6: PRE_VOTE REJECTED received 2 response(s) and 0 exception(s):
2023-06-21 16:52:27,012 [8245ab04-78c1-4e53-8989-11805473ea66@group-72F51A2B26BA-LeaderElection6] INFO  impl.LeaderElection (LeaderElection.java:logAndReturn(94)) -   Response 0: 8245ab04-78c1-4e53-8989-11805473ea66<-0ffaae9a-de1a-4167-9662-2ff6145c2fa0#0:OK-t0
2023-06-21 16:52:27,012 [8245ab04-78c1-4e53-8989-11805473ea66@group-72F51A2B26BA-LeaderElection6] INFO  impl.LeaderElection (LeaderElection.java:logAndReturn(94)) -   Response 1: 8245ab04-78c1-4e53-8989-11805473ea66<-44f60e89-e275-465b-85ec-e219e0803a81#0:FAIL-t0
2023-06-21 16:52:27,012 [8245ab04-78c1-4e53-8989-11805473ea66@group-72F51A2B26BA-LeaderElection6] INFO  impl.LeaderElection (LeaderElection.java:askForVotes(323)) - 8245ab04-78c1-4e53-8989-11805473ea66@group-72F51A2B26BA-LeaderElection6 PRE_VOTE round 0: result REJECTED
2023-06-21 16:52:27,012 [8245ab04-78c1-4e53-8989-11805473ea66@group-72F51A2B26BA-LeaderElection6] INFO  server.RaftServer$Division (RaftServerImpl.java:setRole(329)) - 8245ab04-78c1-4e53-8989-11805473ea66@group-72F51A2B26BA: changes role from CANDIDATE to FOLLOWER at term 0 for REJECTED
2023-06-21 16:52:27,012 [8245ab04-78c1-4e53-8989-11805473ea66@group-72F51A2B26BA-LeaderElection6] INFO  impl.RoleInfo (RoleInfo.java:shutdownLeaderElection(130)) - 8245ab04-78c1-4e53-8989-11805473ea66: shutdown 8245ab04-78c1-4e53-8989-11805473ea66@group-72F51A2B26BA-LeaderElection6
2023-06-21 16:52:27,012 [8245ab04-78c1-4e53-8989-11805473ea66@group-72F51A2B26BA-LeaderElection6] INFO  impl.RoleInfo (RoleInfo.java:updateAndGet(139)) - 8245ab04-78c1-4e53-8989-11805473ea66: start 8245ab04-78c1-4e53-8989-11805473ea66@group-72F51A2B26BA-FollowerState
2023-06-21 16:52:26,995 [44f60e89-e275-465b-85ec-e219e0803a81@group-72F51A2B26BA-LeaderElection9] INFO  server.RaftServerConfigKeys (ConfUtils.java:logFallback(53)) - raft.server.rpc.first-election.timeout.min = 5s (fallback to raft.server.rpc.timeout.min)
2023-06-21 16:52:27,013 [44f60e89-e275-465b-85ec-e219e0803a81@group-72F51A2B26BA-LeaderElection9] INFO  server.RaftServerConfigKeys (ConfUtils.java:logFallback(53)) - raft.server.rpc.first-election.timeout.max = 5200ms (fallback to raft.server.rpc.timeout.max)
2023-06-21 16:52:27,012 [grpc-default-executor-5] INFO  server.RaftServer$Division (RaftServerImpl.java:requestVote(1302)) - 0ffaae9a-de1a-4167-9662-2ff6145c2fa0@group-72F51A2B26BA: receive requestVote(ELECTION, 44f60e89-e275-465b-85ec-e219e0803a81, group-72F51A2B26BA, 1, (t:0, i:0))
2023-06-21 16:52:27,013 [grpc-default-executor-5] INFO  impl.VoteContext (VoteContext.java:log(49)) - 0ffaae9a-de1a-4167-9662-2ff6145c2fa0@group-72F51A2B26BA-CANDIDATE: accept ELECTION from 44f60e89-e275-465b-85ec-e219e0803a81: our priority 0 <= candidate's priority 1
2023-06-21 16:52:27,013 [grpc-default-executor-5] INFO  server.RaftServer$Division (RaftServerImpl.java:setRole(329)) - 0ffaae9a-de1a-4167-9662-2ff6145c2fa0@group-72F51A2B26BA: changes role from CANDIDATE to FOLLOWER at term 1 for candidate:44f60e89-e275-465b-85ec-e219e0803a81
2023-06-21 16:52:27,013 [grpc-default-executor-5] INFO  impl.RoleInfo (RoleInfo.java:shutdownLeaderElection(130)) - 0ffaae9a-de1a-4167-9662-2ff6145c2fa0: shutdown 0ffaae9a-de1a-4167-9662-2ff6145c2fa0@group-72F51A2B26BA-LeaderElection8
2023-06-21 16:52:27,003 [grpc-default-executor-1] INFO  server.RaftServer$Division (RaftServerImpl.java:requestVote(1302)) - 8245ab04-78c1-4e53-8989-11805473ea66@group-72F51A2B26BA: receive requestVote(ELECTION, 44f60e89-e275-465b-85ec-e219e0803a81, group-72F51A2B26BA, 1, (t:0, i:0))
2023-06-21 16:52:27,014 [grpc-default-executor-1] INFO  impl.VoteContext (VoteContext.java:log(49)) - 8245ab04-78c1-4e53-8989-11805473ea66@group-72F51A2B26BA-FOLLOWER: accept ELECTION from 44f60e89-e275-465b-85ec-e219e0803a81: our priority 0 <= candidate's priority 1
2023-06-21 16:52:27,014 [grpc-default-executor-1] INFO  server.RaftServer$Division (RaftServerImpl.java:setRole(329)) - 8245ab04-78c1-4e53-8989-11805473ea66@group-72F51A2B26BA: changes role from  FOLLOWER to FOLLOWER at term 1 for candidate:44f60e89-e275-465b-85ec-e219e0803a81
2023-06-21 16:52:27,014 [grpc-default-executor-1] INFO  impl.RoleInfo (RoleInfo.java:shutdownFollowerState(110)) - 8245ab04-78c1-4e53-8989-11805473ea66: shutdown 8245ab04-78c1-4e53-8989-11805473ea66@group-72F51A2B26BA-FollowerState
2023-06-21 16:52:27,014 [grpc-default-executor-1] INFO  impl.RoleInfo (RoleInfo.java:updateAndGet(139)) - 8245ab04-78c1-4e53-8989-11805473ea66: start 8245ab04-78c1-4e53-8989-11805473ea66@group-72F51A2B26BA-FollowerState
2023-06-21 16:52:27,014 [8245ab04-78c1-4e53-8989-11805473ea66@group-72F51A2B26BA-FollowerState] INFO  impl.FollowerState (FollowerState.java:shouldRun(117)) - 8245ab04-78c1-4e53-8989-11805473ea66@group-72F51A2B26BA-FollowerState: Stopping now (isRunning? false, role = FOLLOWER)
2023-06-21 16:52:27,016 [grpc-default-executor-5] INFO  impl.RoleInfo (RoleInfo.java:updateAndGet(139)) - 0ffaae9a-de1a-4167-9662-2ff6145c2fa0: start 0ffaae9a-de1a-4167-9662-2ff6145c2fa0@group-72F51A2B26BA-FollowerState
2023-06-21 16:52:27,020 [grpc-default-executor-1] INFO  server.RaftServer$Division (RaftServerImpl.java:requestVote(1335)) - 8245ab04-78c1-4e53-8989-11805473ea66@group-72F51A2B26BA replies to ELECTION vote request: 44f60e89-e275-465b-85ec-e219e0803a81<-8245ab04-78c1-4e53-8989-11805473ea66#0:OK-t1. Peer's state: 8245ab04-78c1-4e53-8989-11805473ea66@group-72F51A2B26BA:t1, leader=null, voted=44f60e89-e275-465b-85ec-e219e0803a81, raftlog=Memoized:8245ab04-78c1-4e53-8989-11805473ea66@group-72F51A2B26BA-SegmentedRaftLog:OPENED:c-1, conf=-1: peers:[8245ab04-78c1-4e53-8989-11805473ea66|rpc:10.1.0.51:15032|admin:10.1.0.51:15031|client:10.1.0.51:15030|dataStream:10.1.0.51:15033|priority:0|startupRole:FOLLOWER, 0ffaae9a-de1a-4167-9662-2ff6145c2fa0|rpc:10.1.0.51:15023|admin:10.1.0.51:15022|client:10.1.0.51:15021|dataStream:10.1.0.51:15024|priority:0|startupRole:FOLLOWER, 44f60e89-e275-465b-85ec-e219e0803a81|rpc:10.1.0.51:15014|admin:10.1.0.51:15013|client:10.1.0.51:15012|dataStream:10.1.0.51:15015|priority:1|startupRole:FOLLOWER]|listeners:[], old=null
2023-06-21 16:52:27,024 [grpc-default-executor-5] INFO  server.RaftServer$Division (RaftServerImpl.java:requestVote(1335)) - 0ffaae9a-de1a-4167-9662-2ff6145c2fa0@group-72F51A2B26BA replies to ELECTION vote request: 44f60e89-e275-465b-85ec-e219e0803a81<-0ffaae9a-de1a-4167-9662-2ff6145c2fa0#0:OK-t1. Peer's state: 0ffaae9a-de1a-4167-9662-2ff6145c2fa0@group-72F51A2B26BA:t1, leader=null, voted=44f60e89-e275-465b-85ec-e219e0803a81, raftlog=Memoized:0ffaae9a-de1a-4167-9662-2ff6145c2fa0@group-72F51A2B26BA-SegmentedRaftLog:OPENED:c-1, conf=-1: peers:[8245ab04-78c1-4e53-8989-11805473ea66|rpc:10.1.0.51:15032|admin:10.1.0.51:15031|client:10.1.0.51:15030|dataStream:10.1.0.51:15033|priority:0|startupRole:FOLLOWER, 0ffaae9a-de1a-4167-9662-2ff6145c2fa0|rpc:10.1.0.51:15023|admin:10.1.0.51:15022|client:10.1.0.51:15021|dataStream:10.1.0.51:15024|priority:0|startupRole:FOLLOWER, 44f60e89-e275-465b-85ec-e219e0803a81|rpc:10.1.0.51:15014|admin:10.1.0.51:15013|client:10.1.0.51:15012|dataStream:10.1.0.51:15015|priority:1|startupRole:FOLLOWER]|listeners:[], old=null
2023-06-21 16:52:27,025 [0ffaae9a-de1a-4167-9662-2ff6145c2fa0@group-5513452EA3C4-LeaderElection5] INFO  server.RaftServerConfigKeys (ConfUtils.java:logGet(46)) - raft.server.log.appender.snapshot.chunk.size.max = 16MB (=16777216) (default)
2023-06-21 16:52:27,033 [0ffaae9a-de1a-4167-9662-2ff6145c2fa0@group-5513452EA3C4-LeaderElection5] INFO  server.RaftServerConfigKeys (ConfUtils.java:logGet(46)) - raft.server.log.appender.buffer.byte-limit = 33554432 (custom)
2023-06-21 16:52:27,034 [0ffaae9a-de1a-4167-9662-2ff6145c2fa0@group-5513452EA3C4-LeaderElection5] INFO  server.RaftServerConfigKeys (ConfUtils.java:logGet(46)) - raft.server.log.appender.buffer.element-limit = 1 (custom)
2023-06-21 16:52:27,035 [0ffaae9a-de1a-4167-9662-2ff6145c2fa0@group-72F51A2B26BA-LeaderElection8] INFO  impl.LeaderElection (LeaderElection.java:logAndReturn(90)) - 0ffaae9a-de1a-4167-9662-2ff6145c2fa0@group-72F51A2B26BA-LeaderElection8: PRE_VOTE DISCOVERED_A_NEW_TERM (term=1) received 2 response(s) and 0 exception(s):
2023-06-21 16:52:27,037 [0ffaae9a-de1a-4167-9662-2ff6145c2fa0@group-72F51A2B26BA-LeaderElection8] INFO  impl.LeaderElection (LeaderElection.java:logAndReturn(94)) -   Response 0: 0ffaae9a-de1a-4167-9662-2ff6145c2fa0<-8245ab04-78c1-4e53-8989-11805473ea66#0:OK-t0
2023-06-21 16:52:27,037 [0ffaae9a-de1a-4167-9662-2ff6145c2fa0@group-72F51A2B26BA-LeaderElection8] INFO  impl.LeaderElection (LeaderElection.java:logAndReturn(94)) -   Response 1: 0ffaae9a-de1a-4167-9662-2ff6145c2fa0<-44f60e89-e275-465b-85ec-e219e0803a81#0:FAIL-t1
2023-06-21 16:52:27,037 [0ffaae9a-de1a-4167-9662-2ff6145c2fa0@group-72F51A2B26BA-LeaderElection8] INFO  impl.LeaderElection (LeaderElection.java:askForVotes(323)) - 0ffaae9a-de1a-4167-9662-2ff6145c2fa0@group-72F51A2B26BA-LeaderElection8 PRE_VOTE round 0: result DISCOVERED_A_NEW_TERM (term=1)
2023-06-21 16:52:27,035 [44f60e89-e275-465b-85ec-e219e0803a81@group-72F51A2B26BA-LeaderElection9] INFO  impl.LeaderElection (LeaderElection.java:logAndReturn(90)) - 44f60e89-e275-465b-85ec-e219e0803a81@group-72F51A2B26BA-LeaderElection9: ELECTION PASSED received 1 response(s) and 0 exception(s):
2023-06-21 16:52:27,038 [44f60e89-e275-465b-85ec-e219e0803a81@group-72F51A2B26BA-LeaderElection9] INFO  impl.LeaderElection (LeaderElection.java:logAndReturn(94)) -   Response 0: 44f60e89-e275-465b-85ec-e219e0803a81<-0ffaae9a-de1a-4167-9662-2ff6145c2fa0#0:OK-t1
2023-06-21 16:52:27,038 [44f60e89-e275-465b-85ec-e219e0803a81@group-72F51A2B26BA-LeaderElection9] INFO  impl.LeaderElection (LeaderElection.java:askForVotes(323)) - 44f60e89-e275-465b-85ec-e219e0803a81@group-72F51A2B26BA-LeaderElection9 ELECTION round 0: result PASSED
2023-06-21 16:52:27,038 [44f60e89-e275-465b-85ec-e219e0803a81@group-72F51A2B26BA-LeaderElection9] INFO  impl.RoleInfo (RoleInfo.java:shutdownLeaderElection(130)) - 44f60e89-e275-465b-85ec-e219e0803a81: shutdown 44f60e89-e275-465b-85ec-e219e0803a81@group-72F51A2B26BA-LeaderElection9
2023-06-21 16:52:27,038 [44f60e89-e275-465b-85ec-e219e0803a81@group-72F51A2B26BA-LeaderElection9] INFO  server.RaftServer$Division (RaftServerImpl.java:setRole(329)) - 44f60e89-e275-465b-85ec-e219e0803a81@group-72F51A2B26BA: changes role from CANDIDATE to LEADER at term 1 for changeToLeader
2023-06-21 16:52:27,038 [44f60e89-e275-465b-85ec-e219e0803a81@group-72F51A2B26BA-LeaderElection9] INFO  ratis.XceiverServerRatis (XceiverServerRatis.java:handleLeaderChangedNotification(902)) - Leader change notification received for group: group-72F51A2B26BA with new leaderId: 44f60e89-e275-465b-85ec-e219e0803a81
2023-06-21 16:52:27,038 [44f60e89-e275-465b-85ec-e219e0803a81@group-72F51A2B26BA-LeaderElection9] INFO  server.RaftServer$Division (ServerState.java:setLeader(317)) - 44f60e89-e275-465b-85ec-e219e0803a81@group-72F51A2B26BA: change Leader from null to 44f60e89-e275-465b-85ec-e219e0803a81 at term 1 for becomeLeader, leader elected after 5412ms
2023-06-21 16:52:27,038 [44f60e89-e275-465b-85ec-e219e0803a81@group-72F51A2B26BA-LeaderElection9] INFO  server.RaftServerConfigKeys (ConfUtils.java:logGet(46)) - raft.server.staging.catchup.gap = 1000 (default)
2023-06-21 16:52:27,038 [44f60e89-e275-465b-85ec-e219e0803a81@group-72F51A2B26BA-LeaderElection9] INFO  server.RaftServerConfigKeys (ConfUtils.java:logGet(46)) - raft.server.write.element-limit = 1024 (custom)
2023-06-21 16:52:27,039 [44f60e89-e275-465b-85ec-e219e0803a81@group-72F51A2B26BA-LeaderElection9] INFO  server.RaftServerConfigKeys (ConfUtils.java:logGet(46)) - raft.server.write.byte-limit = 1024 M (=1073741824) (custom)
2023-06-21 16:52:27,040 [44f60e89-e275-465b-85ec-e219e0803a81@group-72F51A2B26BA-LeaderElection9] INFO  server.RaftServerConfigKeys (ConfUtils.java:logGet(46)) - raft.server.watch.timeout = 180s (custom)
2023-06-21 16:52:27,040 [44f60e89-e275-465b-85ec-e219e0803a81@group-72F51A2B26BA-LeaderElection9] INFO  server.RaftServerConfigKeys (ConfUtils.java:logGet(46)) - raft.server.watch.timeout.denomination = 1s (default)
2023-06-21 16:52:27,040 [44f60e89-e275-465b-85ec-e219e0803a81@group-72F51A2B26BA-LeaderElection9] INFO  server.RaftServerConfigKeys (ConfUtils.java:logGet(46)) - raft.server.watch.element-limit = 65536 (default)
2023-06-21 16:52:27,040 [44f60e89-e275-465b-85ec-e219e0803a81@group-72F51A2B26BA-LeaderElection9] INFO  server.RaftServerConfigKeys (ConfUtils.java:logGet(46)) - raft.server.write.element-limit = 1024 (custom)
2023-06-21 16:52:27,040 [44f60e89-e275-465b-85ec-e219e0803a81@group-72F51A2B26BA-LeaderElection9] INFO  server.RaftServerConfigKeys (ConfUtils.java:logGet(46)) - raft.server.write.follower.gap.ratio.max = -1.0 (default)
2023-06-21 16:52:27,041 [44f60e89-e275-465b-85ec-e219e0803a81@group-72F51A2B26BA-LeaderElection9] INFO  server.RaftServerConfigKeys (ConfUtils.java:logGet(46)) - raft.server.log.appender.snapshot.chunk.size.max = 16MB (=16777216) (default)
2023-06-21 16:52:27,041 [44f60e89-e275-465b-85ec-e219e0803a81@group-72F51A2B26BA-LeaderElection9] INFO  server.RaftServerConfigKeys (ConfUtils.java:logGet(46)) - raft.server.log.appender.buffer.byte-limit = 33554432 (custom)
2023-06-21 16:52:27,041 [44f60e89-e275-465b-85ec-e219e0803a81@group-72F51A2B26BA-LeaderElection9] INFO  server.RaftServerConfigKeys (ConfUtils.java:logGet(46)) - raft.server.log.appender.buffer.element-limit = 1 (custom)
2023-06-21 16:52:27,041 [EventQueue-PipelineReportForPipelineReportHandler] INFO  pipeline.PipelineManagerImpl (PipelineManagerImpl.java:openPipeline(367)) - Pipeline Pipeline[ Id: 7cce7c79-62a6-4dc2-9652-72f51a2b26ba, Nodes: 8245ab04-78c1-4e53-8989-11805473ea66(fv-az624-409/10.1.0.51)44f60e89-e275-465b-85ec-e219e0803a81(fv-az624-409/10.1.0.51)0ffaae9a-de1a-4167-9662-2ff6145c2fa0(fv-az624-409/10.1.0.51), ReplicationConfig: RATIS/THREE, State:ALLOCATED, leaderId:44f60e89-e275-465b-85ec-e219e0803a81, CreationTimestamp2023-06-21T16:52:18.328Z[Etc/UTC]] moved to OPEN state
2023-06-21 16:52:27,046 [44f60e89-e275-465b-85ec-e219e0803a81@group-72F51A2B26BA-LeaderElection9] INFO  server.RaftServerConfigKeys (ConfUtils.java:logGet(46)) - raft.server.log.appender.wait-time.min = 10ms (default)
2023-06-21 16:52:27,047 [44f60e89-e275-465b-85ec-e219e0803a81@group-72F51A2B26BA-LeaderElection9] INFO  grpc.GrpcConfigKeys (ConfUtils.java:logGet(46)) - raft.grpc.server.leader.outstanding.appends.max = 128 (default)
2023-06-21 16:52:27,047 [44f60e89-e275-465b-85ec-e219e0803a81@group-72F51A2B26BA-LeaderElection9] INFO  server.RaftServerConfigKeys (ConfUtils.java:logGet(46)) - raft.server.rpc.request.timeout = 60s (custom)
2023-06-21 16:52:27,048 [44f60e89-e275-465b-85ec-e219e0803a81@group-72F51A2B26BA-LeaderElection9] INFO  grpc.GrpcConfigKeys (ConfUtils.java:logGet(46)) - raft.grpc.server.install_snapshot.request.element-limit = 8 (default)
2023-06-21 16:52:27,048 [44f60e89-e275-465b-85ec-e219e0803a81@group-72F51A2B26BA-LeaderElection9] INFO  grpc.GrpcConfigKeys (ConfUtils.java:logGet(46)) - raft.grpc.server.install_snapshot.request.timeout = 3000ms (default)
2023-06-21 16:52:27,048 [0ffaae9a-de1a-4167-9662-2ff6145c2fa0@group-5513452EA3C4-LeaderElection5] INFO  server.RaftServerConfigKeys (ConfUtils.java:logGet(46)) - raft.server.log.appender.wait-time.min = 10ms (default)
2023-06-21 16:52:27,050 [44f60e89-e275-465b-85ec-e219e0803a81@group-72F51A2B26BA-LeaderElection9] INFO  server.RaftServerConfigKeys (ConfUtils.java:logGet(46)) - raft.server.log.appender.install.snapshot.enabled = false (custom)
2023-06-21 16:52:27,050 [44f60e89-e275-465b-85ec-e219e0803a81@group-72F51A2B26BA-LeaderElection9] INFO  grpc.GrpcConfigKeys (ConfUtils.java:logGet(46)) - raft.grpc.server.heartbeat.channel = true (default)
2023-06-21 16:52:27,051 [0ffaae9a-de1a-4167-9662-2ff6145c2fa0@group-5513452EA3C4-LeaderElection5] INFO  grpc.GrpcConfigKeys (ConfUtils.java:logGet(46)) - raft.grpc.server.leader.outstanding.appends.max = 128 (default)
2023-06-21 16:52:27,052 [0ffaae9a-de1a-4167-9662-2ff6145c2fa0@group-5513452EA3C4-LeaderElection5] INFO  server.RaftServerConfigKeys (ConfUtils.java:logGet(46)) - raft.server.rpc.request.timeout = 60s (custom)
2023-06-21 16:52:27,052 [0ffaae9a-de1a-4167-9662-2ff6145c2fa0@group-5513452EA3C4-LeaderElection5] INFO  grpc.GrpcConfigKeys (ConfUtils.java:logGet(46)) - raft.grpc.server.install_snapshot.request.element-limit = 8 (default)
2023-06-21 16:52:27,053 [0ffaae9a-de1a-4167-9662-2ff6145c2fa0@group-5513452EA3C4-LeaderElection5] INFO  grpc.GrpcConfigKeys (ConfUtils.java:logGet(46)) - raft.grpc.server.install_snapshot.request.timeout = 3000ms (default)
2023-06-21 16:52:27,053 [0ffaae9a-de1a-4167-9662-2ff6145c2fa0@group-5513452EA3C4-LeaderElection5] INFO  server.RaftServerConfigKeys (ConfUtils.java:logGet(46)) - raft.server.log.appender.install.snapshot.enabled = false (custom)
2023-06-21 16:52:27,053 [0ffaae9a-de1a-4167-9662-2ff6145c2fa0@group-5513452EA3C4-LeaderElection5] INFO  grpc.GrpcConfigKeys (ConfUtils.java:logGet(46)) - raft.grpc.server.heartbeat.channel = true (default)
2023-06-21 16:52:27,054 [0ffaae9a-de1a-4167-9662-2ff6145c2fa0@group-5513452EA3C4-LeaderElection5] INFO  server.RaftServerConfigKeys (ConfUtils.java:logGet(46)) - raft.server.log.appender.snapshot.chunk.size.max = 16MB (=16777216) (default)
2023-06-21 16:52:27,054 [0ffaae9a-de1a-4167-9662-2ff6145c2fa0@group-5513452EA3C4-LeaderElection5] INFO  server.RaftServerConfigKeys (ConfUtils.java:logGet(46)) - raft.server.log.appender.buffer.byte-limit = 33554432 (custom)
2023-06-21 16:52:27,054 [0ffaae9a-de1a-4167-9662-2ff6145c2fa0@group-5513452EA3C4-LeaderElection5] INFO  server.RaftServerConfigKeys (ConfUtils.java:logGet(46)) - raft.server.log.appender.buffer.element-limit = 1 (custom)
2023-06-21 16:52:27,054 [0ffaae9a-de1a-4167-9662-2ff6145c2fa0@group-5513452EA3C4-LeaderElection5] INFO  server.RaftServerConfigKeys (ConfUtils.java:logGet(46)) - raft.server.log.appender.wait-time.min = 10ms (default)
2023-06-21 16:52:27,055 [0ffaae9a-de1a-4167-9662-2ff6145c2fa0@group-5513452EA3C4-LeaderElection5] INFO  grpc.GrpcConfigKeys (ConfUtils.java:logGet(46)) - raft.grpc.server.leader.outstanding.appends.max = 128 (default)
2023-06-21 16:52:27,056 [0ffaae9a-de1a-4167-9662-2ff6145c2fa0@group-5513452EA3C4-LeaderElection5] INFO  server.RaftServerConfigKeys (ConfUtils.java:logGet(46)) - raft.server.rpc.request.timeout = 60s (custom)
2023-06-21 16:52:27,056 [0ffaae9a-de1a-4167-9662-2ff6145c2fa0@group-5513452EA3C4-LeaderElection5] INFO  grpc.GrpcConfigKeys (ConfUtils.java:logGet(46)) - raft.grpc.server.install_snapshot.request.element-limit = 8 (default)
2023-06-21 16:52:27,055 [44f60e89-e275-465b-85ec-e219e0803a81@group-72F51A2B26BA-LeaderElection9] INFO  server.RaftServerConfigKeys (ConfUtils.java:logGet(46)) - raft.server.log.appender.snapshot.chunk.size.max = 16MB (=16777216) (default)
2023-06-21 16:52:27,057 [44f60e89-e275-465b-85ec-e219e0803a81@group-72F51A2B26BA-LeaderElection9] INFO  server.RaftServerConfigKeys (ConfUtils.java:logGet(46)) - raft.server.log.appender.buffer.byte-limit = 33554432 (custom)
2023-06-21 16:52:27,057 [44f60e89-e275-465b-85ec-e219e0803a81@group-72F51A2B26BA-LeaderElection9] INFO  server.RaftServerConfigKeys (ConfUtils.java:logGet(46)) - raft.server.log.appender.buffer.element-limit = 1 (custom)
2023-06-21 16:52:27,057 [44f60e89-e275-465b-85ec-e219e0803a81@group-72F51A2B26BA-LeaderElection9] INFO  server.RaftServerConfigKeys (ConfUtils.java:logGet(46)) - raft.server.log.appender.wait-time.min = 10ms (default)
2023-06-21 16:52:27,056 [0ffaae9a-de1a-4167-9662-2ff6145c2fa0@group-5513452EA3C4-LeaderElection5] INFO  grpc.GrpcConfigKeys (ConfUtils.java:logGet(46)) - raft.grpc.server.install_snapshot.request.timeout = 3000ms (default)
2023-06-21 16:52:27,057 [0ffaae9a-de1a-4167-9662-2ff6145c2fa0@group-5513452EA3C4-LeaderElection5] INFO  server.RaftServerConfigKeys (ConfUtils.java:logGet(46)) - raft.server.log.appender.install.snapshot.enabled = false (custom)
2023-06-21 16:52:27,057 [0ffaae9a-de1a-4167-9662-2ff6145c2fa0@group-5513452EA3C4-LeaderElection5] INFO  grpc.GrpcConfigKeys (ConfUtils.java:logGet(46)) - raft.grpc.server.heartbeat.channel = true (default)
2023-06-21 16:52:27,058 [44f60e89-e275-465b-85ec-e219e0803a81@group-72F51A2B26BA-LeaderElection9] INFO  grpc.GrpcConfigKeys (ConfUtils.java:logGet(46)) - raft.grpc.server.leader.outstanding.appends.max = 128 (default)
2023-06-21 16:52:27,058 [44f60e89-e275-465b-85ec-e219e0803a81@group-72F51A2B26BA-LeaderElection9] INFO  server.RaftServerConfigKeys (ConfUtils.java:logGet(46)) - raft.server.rpc.request.timeout = 60s (custom)
2023-06-21 16:52:27,058 [44f60e89-e275-465b-85ec-e219e0803a81@group-72F51A2B26BA-LeaderElection9] INFO  grpc.GrpcConfigKeys (ConfUtils.java:logGet(46)) - raft.grpc.server.install_snapshot.request.element-limit = 8 (default)
2023-06-21 16:52:27,058 [44f60e89-e275-465b-85ec-e219e0803a81@group-72F51A2B26BA-LeaderElection9] INFO  grpc.GrpcConfigKeys (ConfUtils.java:logGet(46)) - raft.grpc.server.install_snapshot.request.timeout = 3000ms (default)
2023-06-21 16:52:27,059 [44f60e89-e275-465b-85ec-e219e0803a81@group-72F51A2B26BA-LeaderElection9] INFO  server.RaftServerConfigKeys (ConfUtils.java:logGet(46)) - raft.server.log.appender.install.snapshot.enabled = false (custom)
2023-06-21 16:52:27,059 [44f60e89-e275-465b-85ec-e219e0803a81@group-72F51A2B26BA-LeaderElection9] INFO  grpc.GrpcConfigKeys (ConfUtils.java:logGet(46)) - raft.grpc.server.heartbeat.channel = true (default)
2023-06-21 16:52:27,062 [0ffaae9a-de1a-4167-9662-2ff6145c2fa0@group-5513452EA3C4-LeaderElection5] INFO  impl.RoleInfo (RoleInfo.java:updateAndGet(139)) - 0ffaae9a-de1a-4167-9662-2ff6145c2fa0: start 0ffaae9a-de1a-4167-9662-2ff6145c2fa0@group-5513452EA3C4-LeaderStateImpl
2023-06-21 16:52:27,063 [0ffaae9a-de1a-4167-9662-2ff6145c2fa0@group-5513452EA3C4-LeaderElection5] INFO  segmented.SegmentedRaftLogWorker (SegmentedRaftLogWorker.java:startLogSegment(447)) - 0ffaae9a-de1a-4167-9662-2ff6145c2fa0@group-5513452EA3C4-SegmentedRaftLogWorker: Starting segment from index:0
2023-06-21 16:52:27,063 [44f60e89-e275-465b-85ec-e219e0803a81@group-72F51A2B26BA-LeaderElection9] INFO  impl.RoleInfo (RoleInfo.java:updateAndGet(139)) - 44f60e89-e275-465b-85ec-e219e0803a81: start 44f60e89-e275-465b-85ec-e219e0803a81@group-72F51A2B26BA-LeaderStateImpl
2023-06-21 16:52:27,064 [44f60e89-e275-465b-85ec-e219e0803a81@group-72F51A2B26BA-LeaderElection9] INFO  segmented.SegmentedRaftLogWorker (SegmentedRaftLogWorker.java:startLogSegment(447)) - 44f60e89-e275-465b-85ec-e219e0803a81@group-72F51A2B26BA-SegmentedRaftLogWorker: Starting segment from index:0
2023-06-21 16:52:27,065 [0ffaae9a-de1a-4167-9662-2ff6145c2fa0@group-5513452EA3C4-SegmentedRaftLogWorker] INFO  segmented.SegmentedRaftLogWorker (SegmentedRaftLogWorker.java:execute(651)) - 0ffaae9a-de1a-4167-9662-2ff6145c2fa0@group-5513452EA3C4-SegmentedRaftLogWorker: created new log segment /home/runner/work/ozone/ozone/hadoop-ozone/integration-test/target/test-dir/MiniOzoneClusterImpl-bc117425-4aef-44e4-9aa3-5f74caebda79/datanode-1/data/ratis/a7f633f1-2c07-4c3f-8075-5513452ea3c4/current/log_inprogress_0
2023-06-21 16:52:27,066 [44f60e89-e275-465b-85ec-e219e0803a81@group-72F51A2B26BA-SegmentedRaftLogWorker] INFO  segmented.SegmentedRaftLogWorker (SegmentedRaftLogWorker.java:execute(651)) - 44f60e89-e275-465b-85ec-e219e0803a81@group-72F51A2B26BA-SegmentedRaftLogWorker: created new log segment /home/runner/work/ozone/ozone/hadoop-ozone/integration-test/target/test-dir/MiniOzoneClusterImpl-bc117425-4aef-44e4-9aa3-5f74caebda79/datanode-0/data/ratis/7cce7c79-62a6-4dc2-9652-72f51a2b26ba/current/log_inprogress_0
2023-06-21 16:52:27,077 [44f60e89-e275-465b-85ec-e219e0803a81@group-72F51A2B26BA-LeaderElection9] INFO  server.RaftServer$Division (ServerState.java:setRaftConf(434)) - 44f60e89-e275-465b-85ec-e219e0803a81@group-72F51A2B26BA: set configuration 0: peers:[8245ab04-78c1-4e53-8989-11805473ea66|rpc:10.1.0.51:15032|admin:10.1.0.51:15031|client:10.1.0.51:15030|dataStream:10.1.0.51:15033|priority:0|startupRole:FOLLOWER, 0ffaae9a-de1a-4167-9662-2ff6145c2fa0|rpc:10.1.0.51:15023|admin:10.1.0.51:15022|client:10.1.0.51:15021|dataStream:10.1.0.51:15024|priority:0|startupRole:FOLLOWER, 44f60e89-e275-465b-85ec-e219e0803a81|rpc:10.1.0.51:15014|admin:10.1.0.51:15013|client:10.1.0.51:15012|dataStream:10.1.0.51:15015|priority:1|startupRole:FOLLOWER]|listeners:[], old=null
2023-06-21 16:52:27,078 [0ffaae9a-de1a-4167-9662-2ff6145c2fa0@group-5513452EA3C4-LeaderElection5] INFO  server.RaftServer$Division (ServerState.java:setRaftConf(434)) - 0ffaae9a-de1a-4167-9662-2ff6145c2fa0@group-5513452EA3C4: set configuration 0: peers:[8245ab04-78c1-4e53-8989-11805473ea66|rpc:10.1.0.51:15032|admin:10.1.0.51:15031|client:10.1.0.51:15030|dataStream:10.1.0.51:15033|priority:0|startupRole:FOLLOWER, 0ffaae9a-de1a-4167-9662-2ff6145c2fa0|rpc:10.1.0.51:15023|admin:10.1.0.51:15022|client:10.1.0.51:15021|dataStream:10.1.0.51:15024|priority:1|startupRole:FOLLOWER, 44f60e89-e275-465b-85ec-e219e0803a81|rpc:10.1.0.51:15014|admin:10.1.0.51:15013|client:10.1.0.51:15012|dataStream:10.1.0.51:15015|priority:0|startupRole:FOLLOWER]|listeners:[], old=null
2023-06-21 16:52:27,128 [0ffaae9a-de1a-4167-9662-2ff6145c2fa0-server-thread1] INFO  ratis.XceiverServerRatis (XceiverServerRatis.java:handleLeaderChangedNotification(902)) - Leader change notification received for group: group-72F51A2B26BA with new leaderId: 44f60e89-e275-465b-85ec-e219e0803a81
2023-06-21 16:52:27,128 [0ffaae9a-de1a-4167-9662-2ff6145c2fa0-server-thread1] INFO  server.RaftServer$Division (ServerState.java:setLeader(317)) - 0ffaae9a-de1a-4167-9662-2ff6145c2fa0@group-72F51A2B26BA: change Leader from null to 44f60e89-e275-465b-85ec-e219e0803a81 at term 1 for appendEntries, leader elected after 5413ms
2023-06-21 16:52:27,142 [8245ab04-78c1-4e53-8989-11805473ea66-server-thread1] INFO  ratis.XceiverServerRatis (XceiverServerRatis.java:handleLeaderChangedNotification(902)) - Leader change notification received for group: group-5513452EA3C4 with new leaderId: 0ffaae9a-de1a-4167-9662-2ff6145c2fa0
2023-06-21 16:52:27,142 [44f60e89-e275-465b-85ec-e219e0803a81-server-thread1] INFO  ratis.XceiverServerRatis (XceiverServerRatis.java:handleLeaderChangedNotification(902)) - Leader change notification received for group: group-5513452EA3C4 with new leaderId: 0ffaae9a-de1a-4167-9662-2ff6145c2fa0
2023-06-21 16:52:27,142 [44f60e89-e275-465b-85ec-e219e0803a81-server-thread1] INFO  server.RaftServer$Division (ServerState.java:setLeader(317)) - 44f60e89-e275-465b-85ec-e219e0803a81@group-5513452EA3C4: change Leader from null to 0ffaae9a-de1a-4167-9662-2ff6145c2fa0 at term 1 for appendEntries, leader elected after 6679ms
2023-06-21 16:52:27,142 [8245ab04-78c1-4e53-8989-11805473ea66-server-thread1] INFO  ratis.XceiverServerRatis (XceiverServerRatis.java:handleLeaderChangedNotification(902)) - Leader change notification received for group: group-72F51A2B26BA with new leaderId: 44f60e89-e275-465b-85ec-e219e0803a81
2023-06-21 16:52:27,142 [8245ab04-78c1-4e53-8989-11805473ea66-server-thread1] INFO  server.RaftServer$Division (ServerState.java:setLeader(317)) - 8245ab04-78c1-4e53-8989-11805473ea66@group-72F51A2B26BA: change Leader from null to 44f60e89-e275-465b-85ec-e219e0803a81 at term 1 for appendEntries, leader elected after 5654ms
2023-06-21 16:52:27,144 [0ffaae9a-de1a-4167-9662-2ff6145c2fa0-server-thread1] INFO  server.RaftServer$Division (ServerState.java:setRaftConf(434)) - 0ffaae9a-de1a-4167-9662-2ff6145c2fa0@group-72F51A2B26BA: set configuration 0: peers:[8245ab04-78c1-4e53-8989-11805473ea66|rpc:10.1.0.51:15032|admin:10.1.0.51:15031|client:10.1.0.51:15030|dataStream:10.1.0.51:15033|priority:0|startupRole:FOLLOWER, 0ffaae9a-de1a-4167-9662-2ff6145c2fa0|rpc:10.1.0.51:15023|admin:10.1.0.51:15022|client:10.1.0.51:15021|dataStream:10.1.0.51:15024|priority:0|startupRole:FOLLOWER, 44f60e89-e275-465b-85ec-e219e0803a81|rpc:10.1.0.51:15014|admin:10.1.0.51:15013|client:10.1.0.51:15012|dataStream:10.1.0.51:15015|priority:1|startupRole:FOLLOWER]|listeners:[], old=null
2023-06-21 16:52:27,145 [0ffaae9a-de1a-4167-9662-2ff6145c2fa0-server-thread1] INFO  segmented.SegmentedRaftLogWorker (SegmentedRaftLogWorker.java:startLogSegment(447)) - 0ffaae9a-de1a-4167-9662-2ff6145c2fa0@group-72F51A2B26BA-SegmentedRaftLogWorker: Starting segment from index:0
2023-06-21 16:52:27,142 [8245ab04-78c1-4e53-8989-11805473ea66-server-thread1] INFO  server.RaftServer$Division (ServerState.java:setLeader(317)) - 8245ab04-78c1-4e53-8989-11805473ea66@group-5513452EA3C4: change Leader from null to 0ffaae9a-de1a-4167-9662-2ff6145c2fa0 at term 1 for appendEntries, leader elected after 5776ms
2023-06-21 16:52:27,157 [8245ab04-78c1-4e53-8989-11805473ea66-server-thread1] INFO  server.RaftServer$Division (ServerState.java:setRaftConf(434)) - 8245ab04-78c1-4e53-8989-11805473ea66@group-72F51A2B26BA: set configuration 0: peers:[8245ab04-78c1-4e53-8989-11805473ea66|rpc:10.1.0.51:15032|admin:10.1.0.51:15031|client:10.1.0.51:15030|dataStream:10.1.0.51:15033|priority:0|startupRole:FOLLOWER, 0ffaae9a-de1a-4167-9662-2ff6145c2fa0|rpc:10.1.0.51:15023|admin:10.1.0.51:15022|client:10.1.0.51:15021|dataStream:10.1.0.51:15024|priority:0|startupRole:FOLLOWER, 44f60e89-e275-465b-85ec-e219e0803a81|rpc:10.1.0.51:15014|admin:10.1.0.51:15013|client:10.1.0.51:15012|dataStream:10.1.0.51:15015|priority:1|startupRole:FOLLOWER]|listeners:[], old=null
2023-06-21 16:52:27,157 [8245ab04-78c1-4e53-8989-11805473ea66-server-thread1] INFO  segmented.SegmentedRaftLogWorker (SegmentedRaftLogWorker.java:startLogSegment(447)) - 8245ab04-78c1-4e53-8989-11805473ea66@group-72F51A2B26BA-SegmentedRaftLogWorker: Starting segment from index:0
2023-06-21 16:52:27,158 [8245ab04-78c1-4e53-8989-11805473ea66-server-thread1] INFO  server.RaftServer$Division (ServerState.java:setRaftConf(434)) - 8245ab04-78c1-4e53-8989-11805473ea66@group-5513452EA3C4: set configuration 0: peers:[8245ab04-78c1-4e53-8989-11805473ea66|rpc:10.1.0.51:15032|admin:10.1.0.51:15031|client:10.1.0.51:15030|dataStream:10.1.0.51:15033|priority:0|startupRole:FOLLOWER, 0ffaae9a-de1a-4167-9662-2ff6145c2fa0|rpc:10.1.0.51:15023|admin:10.1.0.51:15022|client:10.1.0.51:15021|dataStream:10.1.0.51:15024|priority:1|startupRole:FOLLOWER, 44f60e89-e275-465b-85ec-e219e0803a81|rpc:10.1.0.51:15014|admin:10.1.0.51:15013|client:10.1.0.51:15012|dataStream:10.1.0.51:15015|priority:0|startupRole:FOLLOWER]|listeners:[], old=null
2023-06-21 16:52:27,158 [8245ab04-78c1-4e53-8989-11805473ea66-server-thread1] INFO  segmented.SegmentedRaftLogWorker (SegmentedRaftLogWorker.java:startLogSegment(447)) - 8245ab04-78c1-4e53-8989-11805473ea66@group-5513452EA3C4-SegmentedRaftLogWorker: Starting segment from index:0
2023-06-21 16:52:27,162 [44f60e89-e275-465b-85ec-e219e0803a81-server-thread2] INFO  server.RaftServer$Division (ServerState.java:setRaftConf(434)) - 44f60e89-e275-465b-85ec-e219e0803a81@group-5513452EA3C4: set configuration 0: peers:[8245ab04-78c1-4e53-8989-11805473ea66|rpc:10.1.0.51:15032|admin:10.1.0.51:15031|client:10.1.0.51:15030|dataStream:10.1.0.51:15033|priority:0|startupRole:FOLLOWER, 0ffaae9a-de1a-4167-9662-2ff6145c2fa0|rpc:10.1.0.51:15023|admin:10.1.0.51:15022|client:10.1.0.51:15021|dataStream:10.1.0.51:15024|priority:1|startupRole:FOLLOWER, 44f60e89-e275-465b-85ec-e219e0803a81|rpc:10.1.0.51:15014|admin:10.1.0.51:15013|client:10.1.0.51:15012|dataStream:10.1.0.51:15015|priority:0|startupRole:FOLLOWER]|listeners:[], old=null
2023-06-21 16:52:27,162 [44f60e89-e275-465b-85ec-e219e0803a81-server-thread2] INFO  segmented.SegmentedRaftLogWorker (SegmentedRaftLogWorker.java:startLogSegment(447)) - 44f60e89-e275-465b-85ec-e219e0803a81@group-5513452EA3C4-SegmentedRaftLogWorker: Starting segment from index:0
2023-06-21 16:52:27,163 [0ffaae9a-de1a-4167-9662-2ff6145c2fa0@group-72F51A2B26BA-SegmentedRaftLogWorker] INFO  segmented.SegmentedRaftLogWorker (SegmentedRaftLogWorker.java:execute(651)) - 0ffaae9a-de1a-4167-9662-2ff6145c2fa0@group-72F51A2B26BA-SegmentedRaftLogWorker: created new log segment /home/runner/work/ozone/ozone/hadoop-ozone/integration-test/target/test-dir/MiniOzoneClusterImpl-bc117425-4aef-44e4-9aa3-5f74caebda79/datanode-1/data/ratis/7cce7c79-62a6-4dc2-9652-72f51a2b26ba/current/log_inprogress_0
2023-06-21 16:52:27,163 [8245ab04-78c1-4e53-8989-11805473ea66@group-72F51A2B26BA-SegmentedRaftLogWorker] INFO  segmented.SegmentedRaftLogWorker (SegmentedRaftLogWorker.java:execute(651)) - 8245ab04-78c1-4e53-8989-11805473ea66@group-72F51A2B26BA-SegmentedRaftLogWorker: created new log segment /home/runner/work/ozone/ozone/hadoop-ozone/integration-test/target/test-dir/MiniOzoneClusterImpl-bc117425-4aef-44e4-9aa3-5f74caebda79/datanode-2/data/ratis/7cce7c79-62a6-4dc2-9652-72f51a2b26ba/current/log_inprogress_0
2023-06-21 16:52:27,164 [44f60e89-e275-465b-85ec-e219e0803a81@group-5513452EA3C4-SegmentedRaftLogWorker] INFO  segmented.SegmentedRaftLogWorker (SegmentedRaftLogWorker.java:execute(651)) - 44f60e89-e275-465b-85ec-e219e0803a81@group-5513452EA3C4-SegmentedRaftLogWorker: created new log segment /home/runner/work/ozone/ozone/hadoop-ozone/integration-test/target/test-dir/MiniOzoneClusterImpl-bc117425-4aef-44e4-9aa3-5f74caebda79/datanode-0/data/ratis/a7f633f1-2c07-4c3f-8075-5513452ea3c4/current/log_inprogress_0
2023-06-21 16:52:27,168 [8245ab04-78c1-4e53-8989-11805473ea66@group-5513452EA3C4-SegmentedRaftLogWorker] INFO  segmented.SegmentedRaftLogWorker (SegmentedRaftLogWorker.java:execute(651)) - 8245ab04-78c1-4e53-8989-11805473ea66@group-5513452EA3C4-SegmentedRaftLogWorker: created new log segment /home/runner/work/ozone/ozone/hadoop-ozone/integration-test/target/test-dir/MiniOzoneClusterImpl-bc117425-4aef-44e4-9aa3-5f74caebda79/datanode-2/data/ratis/a7f633f1-2c07-4c3f-8075-5513452ea3c4/current/log_inprogress_0
2023-06-21 16:52:27,332 [main] INFO  ozone.MiniOzoneClusterImpl (MiniOzoneClusterImpl.java:lambda$waitForClusterToBeReady$0(224)) - Nodes are ready. Got 3 of 3 DN Heartbeats.
2023-06-21 16:52:27,332 [main] INFO  ozone.MiniOzoneClusterImpl (MiniOzoneClusterImpl.java:lambda$waitForClusterToBeReady$0(227)) - Cluster exits safe mode
2023-06-21 16:52:27,332 [main] INFO  ozone.MiniOzoneClusterImpl (MiniOzoneClusterImpl.java:lambda$waitForClusterToBeReady$0(229)) - SCM became leader
2023-06-21 16:52:27,935 [main] INFO  rpc.RpcClient (RpcClient.java:createVolume(458)) - Creating Volume: volume15541, with user38845 as owner and space quota set to -1 bytes, counts quota set to -1
2023-06-21 16:52:28,004 [OM StateMachine ApplyTransaction Thread - 0] INFO  volume.OMVolumeCreateRequest (OMVolumeCreateRequest.java:validateAndUpdateCache(196)) - created volume:volume15541 for user:user38845
2023-06-21 16:52:28,028 [main] INFO  rpc.RpcClient (RpcClient.java:createBucket(685)) - Creating Bucket: volume15541/bucket92136, with bucket layout FILE_SYSTEM_OPTIMIZED, runner as owner, Versioning false, Storage Type set to DISK and Encryption set to false, Replication Type set to server-side default replication type, Namespace Quota set to -1, Space Quota set to -1 
2023-06-21 16:52:28,048 [OM StateMachine ApplyTransaction Thread - 0] INFO  bucket.OMBucketCreateRequest (OMBucketCreateRequest.java:validateAndUpdateCache(270)) - created bucket: bucket92136 of layout FILE_SYSTEM_OPTIMIZED in volume: volume15541
2023-06-21 16:52:28,346 [IPC Server handler 0 on default port 15001] INFO  ha.SequenceIdGenerator (SequenceIdGenerator.java:getNextId(128)) - Allocate a batch for containerId, change lastId from 0 to 1000.
2023-06-21 16:52:28,359 [IPC Server handler 0 on default port 15001] WARN  ha.SequenceIdGenerator (SequenceIdGenerator.java:allocateBatch(237)) - Failed to allocate a batch for localId, expected lastId is 0, actual lastId is 111677748019200000.
2023-06-21 16:52:28,359 [IPC Server handler 0 on default port 15001] INFO  ha.SequenceIdGenerator (SequenceIdGenerator.java:getNextId(128)) - Allocate a batch for localId, change lastId from 111677748019200000 to 111677748019201000.
2023-06-21 16:52:28,451 [main] INFO  impl.MetricsSystemImpl (MetricsSystemImpl.java:init(158)) - XceiverClientMetrics metrics system started (again)
2023-06-21 16:52:28,452 [main] INFO  lib.Interns (Interns.java:removeEldestEntry(50)) - Metrics intern cache overflow at 2011 for MetricsSystem={MetricsSystem=MetricsInfoImpl{name=MetricsSystem, description=MetricsSystem}, MetricsSystem record=MetricsInfoImpl{name=MetricsSystem, description=MetricsSystem record}}
2023-06-21 16:52:29,588 [main] INFO  ozone.TestRootedDDSWithFSO (TestRootedDDSWithFSO.java:assertTableRowCount(234)) - deletedDirectoryTable actual row count=0, expectedCount=0
2023-06-21 16:52:29,589 [main] INFO  ozone.TestRootedDDSWithFSO (TestRootedDDSWithFSO.java:assertTableRowCount(234)) - directoryTable actual row count=10, expectedCount=10
2023-06-21 16:52:29,589 [main] INFO  ozone.TestRootedDDSWithFSO (TestRootedDDSWithFSO.java:assertTableRowCount(234)) - fileTable actual row count=6, expectedCount=6
2023-06-21 16:52:29,957 [IPC Server handler 2 on default port 15001] INFO  ha.SequenceIdGenerator (SequenceIdGenerator.java:getNextId(128)) - Allocate a batch for delTxnId, change lastId from 0 to 1000.
16:52:29.926 [OM StateMachine ApplyTransaction Thread - 0] ERROR OMAudit - user=runner | ip=127.0.0.1 | op=DELETE_BUCKET {volume=volume15541, bucket=bucket92136} | ret=FAILURE
org.apache.hadoop.ozone.om.exceptions.OMException: Bucket is not empty
	at org.apache.hadoop.ozone.om.request.bucket.OMBucketDeleteRequest.validateAndUpdateCache(OMBucketDeleteRequest.java:139) ~[ozone-manager-1.4.0-SNAPSHOT.jar:?]
	at org.apache.hadoop.ozone.protocolPB.OzoneManagerRequestHandler.handleWriteRequest(OzoneManagerRequestHandler.java:344) ~[ozone-manager-1.4.0-SNAPSHOT.jar:?]
	at org.apache.hadoop.ozone.om.ratis.OzoneManagerStateMachine.runCommand(OzoneManagerStateMachine.java:567) ~[ozone-manager-1.4.0-SNAPSHOT.jar:?]
	at org.apache.hadoop.ozone.om.ratis.OzoneManagerStateMachine.lambda$1(OzoneManagerStateMachine.java:358) ~[ozone-manager-1.4.0-SNAPSHOT.jar:?]
	at java.util.concurrent.CompletableFuture$AsyncSupply.run(CompletableFuture.java:1604) [?:1.8.0_372]
	at java.util.concurrent.ThreadPoolExecutor.runWorker(ThreadPoolExecutor.java:1149) [?:1.8.0_372]
	at java.util.concurrent.ThreadPoolExecutor$Worker.run(ThreadPoolExecutor.java:624) [?:1.8.0_372]
	at java.lang.Thread.run(Thread.java:750) [?:1.8.0_372]
2023-06-21 16:52:29,972 [OM StateMachine ApplyTransaction Thread - 0] ERROR bucket.OMBucketDeleteRequest (OMBucketDeleteRequest.java:validateAndUpdateCache(212)) - Delete bucket failed for bucket:bucket92136 in volume:volume15541
BUCKET_NOT_EMPTY org.apache.hadoop.ozone.om.exceptions.OMException: Bucket is not empty
	at org.apache.hadoop.ozone.om.request.bucket.OMBucketDeleteRequest.validateAndUpdateCache(OMBucketDeleteRequest.java:139)
	at org.apache.hadoop.ozone.protocolPB.OzoneManagerRequestHandler.handleWriteRequest(OzoneManagerRequestHandler.java:344)
	at org.apache.hadoop.ozone.om.ratis.OzoneManagerStateMachine.runCommand(OzoneManagerStateMachine.java:567)
	at org.apache.hadoop.ozone.om.ratis.OzoneManagerStateMachine.lambda$1(OzoneManagerStateMachine.java:358)
	at java.util.concurrent.CompletableFuture$AsyncSupply.run(CompletableFuture.java:1604)
	at java.util.concurrent.ThreadPoolExecutor.runWorker(ThreadPoolExecutor.java:1149)
	at java.util.concurrent.ThreadPoolExecutor$Worker.run(ThreadPoolExecutor.java:624)
	at java.lang.Thread.run(Thread.java:750)
2023-06-21 16:52:29,989 [KeyDeletingService#0] INFO  utils.BackgroundService (AbstractKeyDeletingService.java:optimizeDirDeletesAndSubmitRequest(429)) - Number of dirs deleted: 4, Number of sub-dir deleted: 0, Number of sub-files moved: 0 to DeletedTable, Number of sub-dirs moved 5 to DeletedDirectoryTable, iteration elapsed: 73ms, totalRunCount: 13650
2023-06-21 16:52:30,006 [KeyDeletingService#0] INFO  utils.BackgroundService (AbstractKeyDeletingService.java:optimizeDirDeletesAndSubmitRequest(429)) - Number of dirs deleted: 4, Number of sub-dir deleted: 0, Number of sub-files moved: 5 to DeletedTable, Number of sub-dirs moved 0 to DeletedDirectoryTable, iteration elapsed: 17ms, totalRunCount: 13651
2023-06-21 16:52:30,049 [KeyDeletingService#0] INFO  utils.BackgroundService (AbstractKeyDeletingService.java:optimizeDirDeletesAndSubmitRequest(429)) - Number of dirs deleted: 6, Number of sub-dir deleted: 0, Number of sub-files moved: 2 to DeletedTable, Number of sub-dirs moved 0 to DeletedDirectoryTable, iteration elapsed: 42ms, totalRunCount: 13652
2023-06-21 16:52:30,055 [KeyDeletingService#0] INFO  utils.BackgroundService (AbstractKeyDeletingService.java:optimizeDirDeletesAndSubmitRequest(429)) - Number of dirs deleted: 2, Number of sub-dir deleted: 0, Number of sub-files moved: 0 to DeletedTable, Number of sub-dirs moved 0 to DeletedDirectoryTable, iteration elapsed: 6ms, totalRunCount: 13653
]]></system-out>
  </testcase>
</testsuite>