<?xml version="1.0" encoding="UTF-8"?>
<testsuite xmlns:xsi="http://www.w3.org/2001/XMLSchema-instance" xsi:noNamespaceSchemaLocation="https://maven.apache.org/surefire/maven-surefire-plugin/xsd/surefire-test-report.xsd" name="org.apache.hadoop.ozone.client.rpc.TestBlockOutputStreamWithFailures" time="393.083" tests="5" errors="1" skipped="0" failures="0">
  <properties>
    <property name="awt.toolkit" value="sun.awt.X11.XToolkit"/>
    <property name="file.encoding.pkg" value="sun.io"/>
    <property name="java.specification.version" value="1.8"/>
    <property name="sun.cpu.isalist" value=""/>
    <property name="sun.jnu.encoding" value="UTF-8"/>
    <property name="java.class.path" value="/home/runner/work/ozone/ozone/hadoop-ozone/integration-test/target/test-classes:/home/runner/work/ozone/ozone/hadoop-ozone/integration-test/target/classes:/home/runner/.m2/repository/org/apache/ozone/ozone-common/1.3.0-SNAPSHOT/ozone-common-1.3.0-SNAPSHOT.jar:/home/runner/.m2/repository/org/apache/commons/commons-compress/1.21/commons-compress-1.21.jar:/home/runner/.m2/repository/org/apache/ozone/hdds-common/1.3.0-SNAPSHOT/hdds-common-1.3.0-SNAPSHOT.jar:/home/runner/.m2/repository/org/apache/ozone/hdds-client/1.3.0-SNAPSHOT/hdds-client-1.3.0-SNAPSHOT.jar:/home/runner/.m2/repository/org/apache/ozone/ozone-interface-client/1.3.0-SNAPSHOT/ozone-interface-client-1.3.0-SNAPSHOT.jar:/home/runner/.m2/repository/org/apache/ozone/hdds-test-utils/1.3.0-SNAPSHOT/hdds-test-utils-1.3.0-SNAPSHOT.jar:/home/runner/.m2/repository/com/google/guava/guava/30.1.1-jre/guava-30.1.1-jre.jar:/home/runner/.m2/repository/com/google/guava/failureaccess/1.0.1/failureaccess-1.0.1.jar:/home/runner/.m2/repository/com/google/guava/listenablefuture/9999.0-empty-to-avoid-conflict-with-guava/listenablefuture-9999.0-empty-to-avoid-conflict-with-guava.jar:/home/runner/.m2/repository/com/google/code/findbugs/jsr305/3.0.0/jsr305-3.0.0.jar:/home/runner/.m2/repository/org/checkerframework/checker-qual/3.8.0/checker-qual-3.8.0.jar:/home/runner/.m2/repository/com/google/errorprone/error_prone_annotations/2.2.0/error_prone_annotations-2.2.0.jar:/home/runner/.m2/repository/com/google/j2objc/j2objc-annotations/1.3/j2objc-annotations-1.3.jar:/home/runner/.m2/repository/commons-io/commons-io/2.11.0/commons-io-2.11.0.jar:/home/runner/.m2/repository/commons-logging/commons-logging/1.2/commons-logging-1.2.jar:/home/runner/.m2/repository/log4j/log4j/1.2.17/log4j-1.2.17.jar:/home/runner/.m2/repository/org/slf4j/slf4j-api/1.7.30/slf4j-api-1.7.30.jar:/home/runner/.m2/repository/org/apache/ozone/hdds-server-scm/1.3.0-SNAPSHOT/hdds-server-scm-1.3.0-SNAPSHOT.jar:/home/runner/.m2/repository/org/apache/ozone/hdds-container-service/1.3.0-SNAPSHOT/hdds-container-service-1.3.0-SNAPSHOT.jar:/home/runner/.m2/repository/org/apache/ozone/hdds-hadoop-dependency-server/1.3.0-SNAPSHOT/hdds-hadoop-dependency-server-1.3.0-SNAPSHOT.jar:/home/runner/.m2/repository/org/apache/hadoop/hadoop-hdfs/3.3.1/hadoop-hdfs-3.3.1.jar:/home/runner/.m2/repository/org/apache/ozone/hdds-server-framework/1.3.0-SNAPSHOT/hdds-server-framework-1.3.0-SNAPSHOT.jar:/home/runner/.m2/repository/org/apache/ozone/hdds-interface-server/1.3.0-SNAPSHOT/hdds-interface-server-1.3.0-SNAPSHOT.jar:/home/runner/.m2/repository/org/eclipse/jetty/jetty-servlet/9.4.43.v20210629/jetty-servlet-9.4.43.v20210629.jar:/home/runner/.m2/repository/org/eclipse/jetty/jetty-security/9.4.43.v20210629/jetty-security-9.4.43.v20210629.jar:/home/runner/.m2/repository/org/rocksdb/rocksdbjni/6.25.3/rocksdbjni-6.25.3.jar:/home/runner/.m2/repository/io/prometheus/simpleclient_dropwizard/0.7.0/simpleclient_dropwizard-0.7.0.jar:/home/runner/.m2/repository/io/prometheus/simpleclient/0.7.0/simpleclient-0.7.0.jar:/home/runner/.m2/repository/io/prometheus/simpleclient_common/0.7.0/simpleclient_common-0.7.0.jar:/home/runner/.m2/repository/com/fasterxml/jackson/datatype/jackson-datatype-jsr310/2.12.1/jackson-datatype-jsr310-2.12.1.jar:/home/runner/.m2/repository/io/dropwizard/metrics/metrics-core/3.2.4/metrics-core-3.2.4.jar:/home/runner/.m2/repository/org/apache/hadoop/hadoop-hdfs-client/3.3.1/hadoop-hdfs-client-3.3.1.jar:/home/runner/.m2/repository/org/bouncycastle/bcprov-jdk15on/1.67/bcprov-jdk15on-1.67.jar:/home/runner/.m2/repository/com/google/protobuf/protobuf-java/2.5.0/protobuf-java-2.5.0.jar:/home/runner/.m2/repository/org/apache/ozone/ozone-manager/1.3.0-SNAPSHOT/ozone-manager-1.3.0-SNAPSHOT.jar:/home/runner/.m2/repository/org/aspectj/aspectjrt/1.9.7/aspectjrt-1.9.7.jar:/home/runner/.m2/repository/org/aspectj/aspectjweaver/1.9.7/aspectjweaver-1.9.7.jar:/home/runner/.m2/repository/org/apache/ozone/hdds-interface-client/1.3.0-SNAPSHOT/hdds-interface-client-1.3.0-SNAPSHOT.jar:/home/runner/.m2/repository/org/apache/hadoop/thirdparty/hadoop-shaded-protobuf_3_7/1.1.1/hadoop-shaded-protobuf_3_7-1.1.1.jar:/home/runner/.m2/repository/org/apache/ozone/ozone-interface-storage/1.3.0-SNAPSHOT/ozone-interface-storage-1.3.0-SNAPSHOT.jar:/home/runner/.m2/repository/org/reflections/reflections/0.9.11/reflections-0.9.11.jar:/home/runner/.m2/repository/org/apache/hadoop/hadoop-minikdc/3.3.1/hadoop-minikdc-3.3.1.jar:/home/runner/.m2/repository/org/apache/kerby/kerb-simplekdc/1.0.1/kerb-simplekdc-1.0.1.jar:/home/runner/.m2/repository/org/apache/kerby/kerb-client/1.0.1/kerb-client-1.0.1.jar:/home/runner/.m2/repository/org/apache/kerby/kerby-config/1.0.1/kerby-config-1.0.1.jar:/home/runner/.m2/repository/org/apache/kerby/kerb-common/1.0.1/kerb-common-1.0.1.jar:/home/runner/.m2/repository/org/apache/kerby/kerb-crypto/1.0.1/kerb-crypto-1.0.1.jar:/home/runner/.m2/repository/org/apache/kerby/kerb-util/1.0.1/kerb-util-1.0.1.jar:/home/runner/.m2/repository/org/apache/kerby/token-provider/1.0.1/token-provider-1.0.1.jar:/home/runner/.m2/repository/org/apache/kerby/kerb-admin/1.0.1/kerb-admin-1.0.1.jar:/home/runner/.m2/repository/org/apache/kerby/kerb-server/1.0.1/kerb-server-1.0.1.jar:/home/runner/.m2/repository/org/apache/kerby/kerb-identity/1.0.1/kerb-identity-1.0.1.jar:/home/runner/.m2/repository/org/apache/kerby/kerby-xdr/1.0.1/kerby-xdr-1.0.1.jar:/home/runner/.m2/repository/org/slf4j/slf4j-log4j12/1.7.30/slf4j-log4j12-1.7.30.jar:/home/runner/.m2/repository/org/apache/ozone/ozone-s3gateway/1.3.0-SNAPSHOT/ozone-s3gateway-1.3.0-SNAPSHOT.jar:/home/runner/.m2/repository/org/javassist/javassist/3.21.0-GA/javassist-3.21.0-GA.jar:/home/runner/.m2/repository/org/jboss/weld/servlet/weld-servlet/2.4.7.Final/weld-servlet-2.4.7.Final.jar:/home/runner/.m2/repository/org/glassfish/jersey/containers/jersey-container-servlet-core/2.33/jersey-container-servlet-core-2.33.jar:/home/runner/.m2/repository/org/glassfish/hk2/external/jakarta.inject/2.6.1/jakarta.inject-2.6.1.jar:/home/runner/.m2/repository/org/glassfish/jersey/core/jersey-common/2.33/jersey-common-2.33.jar:/home/runner/.m2/repository/jakarta/ws/rs/jakarta.ws.rs-api/2.1.6/jakarta.ws.rs-api-2.1.6.jar:/home/runner/.m2/repository/org/glassfish/jersey/ext/cdi/jersey-cdi1x/2.33/jersey-cdi1x-2.33.jar:/home/runner/.m2/repository/org/glassfish/jersey/inject/jersey-hk2/2.33/jersey-hk2-2.33.jar:/home/runner/.m2/repository/org/glassfish/hk2/hk2-locator/2.6.1/hk2-locator-2.6.1.jar:/home/runner/.m2/repository/org/glassfish/jersey/media/jersey-media-jaxb/2.33/jersey-media-jaxb-2.33.jar:/home/runner/.m2/repository/org/glassfish/hk2/osgi-resource-locator/1.0.3/osgi-resource-locator-1.0.3.jar:/home/runner/.m2/repository/org/glassfish/hk2/hk2-api/2.5.0/hk2-api-2.5.0.jar:/home/runner/.m2/repository/org/glassfish/hk2/hk2-utils/2.5.0/hk2-utils-2.5.0.jar:/home/runner/.m2/repository/org/glassfish/hk2/external/aopalliance-repackaged/2.5.0/aopalliance-repackaged-2.5.0.jar:/home/runner/.m2/repository/com/fasterxml/jackson/dataformat/jackson-dataformat-xml/2.12.1/jackson-dataformat-xml-2.12.1.jar:/home/runner/.m2/repository/com/fasterxml/jackson/core/jackson-core/2.12.1/jackson-core-2.12.1.jar:/home/runner/.m2/repository/com/fasterxml/jackson/module/jackson-module-jaxb-annotations/2.12.1/jackson-module-jaxb-annotations-2.12.1.jar:/home/runner/.m2/repository/jakarta/xml/bind/jakarta.xml.bind-api/2.3.2/jakarta.xml.bind-api-2.3.2.jar:/home/runner/.m2/repository/org/codehaus/woodstox/stax2-api/3.1.4/stax2-api-3.1.4.jar:/home/runner/.m2/repository/com/fasterxml/woodstox/woodstox-core/5.0.3/woodstox-core-5.0.3.jar:/home/runner/.m2/repository/javax/enterprise/cdi-api/1.2/cdi-api-1.2.jar:/home/runner/.m2/repository/javax/el/javax.el-api/3.0.0/javax.el-api-3.0.0.jar:/home/runner/.m2/repository/javax/interceptor/javax.interceptor-api/1.2/javax.interceptor-api-1.2.jar:/home/runner/.m2/repository/javax/inject/javax.inject/1/javax.inject-1.jar:/home/runner/.m2/repository/javax/xml/bind/jaxb-api/2.3.0/jaxb-api-2.3.0.jar:/home/runner/.m2/repository/org/glassfish/jaxb/jaxb-runtime/2.3.0.1/jaxb-runtime-2.3.0.1.jar:/home/runner/.m2/repository/org/glassfish/jaxb/jaxb-core/2.3.0.1/jaxb-core-2.3.0.1.jar:/home/runner/.m2/repository/org/glassfish/jaxb/txw2/2.3.0.1/txw2-2.3.0.1.jar:/home/runner/.m2/repository/com/sun/istack/istack-commons-runtime/3.0.5/istack-commons-runtime-3.0.5.jar:/home/runner/.m2/repository/org/jvnet/staxex/stax-ex/1.7.8/stax-ex-1.7.8.jar:/home/runner/.m2/repository/com/sun/xml/fastinfoset/FastInfoset/1.2.13/FastInfoset-1.2.13.jar:/home/runner/.m2/repository/javax/activation/activation/1.1.1/activation-1.1.1.jar:/home/runner/.m2/repository/org/apache/ozone/ozone-csi/1.3.0-SNAPSHOT/ozone-csi-1.3.0-SNAPSHOT.jar:/home/runner/.m2/repository/com/google/protobuf/protobuf-java-util/3.12.0/protobuf-java-util-3.12.0.jar:/home/runner/.m2/repository/com/google/code/gson/gson/2.2.4/gson-2.2.4.jar:/home/runner/.m2/repository/org/apache/ozone/hdds-config/1.3.0-SNAPSHOT/hdds-config-1.3.0-SNAPSHOT.jar:/home/runner/.m2/repository/io/grpc/grpc-netty/1.33.0/grpc-netty-1.33.0.jar:/home/runner/.m2/repository/io/grpc/grpc-core/1.33.0/grpc-core-1.33.0.jar:/home/runner/.m2/repository/com/google/android/annotations/4.1.1.4/annotations-4.1.1.4.jar:/home/runner/.m2/repository/io/netty/netty-codec-http2/4.1.63.Final/netty-codec-http2-4.1.63.Final.jar:/home/runner/.m2/repository/io/netty/netty-codec-http/4.1.63.Final/netty-codec-http-4.1.63.Final.jar:/home/runner/.m2/repository/io/netty/netty-handler-proxy/4.1.63.Final/netty-handler-proxy-4.1.63.Final.jar:/home/runner/.m2/repository/io/netty/netty-codec-socks/4.1.63.Final/netty-codec-socks-4.1.63.Final.jar:/home/runner/.m2/repository/io/perfmark/perfmark-api/0.19.0/perfmark-api-0.19.0.jar:/home/runner/.m2/repository/org/codehaus/mojo/animal-sniffer-annotations/1.18/animal-sniffer-annotations-1.18.jar:/home/runner/.m2/repository/io/netty/netty-transport-native-epoll/4.1.63.Final/netty-transport-native-epoll-4.1.63.Final.jar:/home/runner/.m2/repository/io/netty/netty-common/4.1.63.Final/netty-common-4.1.63.Final.jar:/home/runner/.m2/repository/io/netty/netty-buffer/4.1.63.Final/netty-buffer-4.1.63.Final.jar:/home/runner/.m2/repository/io/netty/netty-transport-native-unix-common/4.1.63.Final/netty-transport-native-unix-common-4.1.63.Final.jar:/home/runner/.m2/repository/io/grpc/grpc-protobuf/1.33.0/grpc-protobuf-1.33.0.jar:/home/runner/.m2/repository/io/grpc/grpc-api/1.33.0/grpc-api-1.33.0.jar:/home/runner/.m2/repository/io/grpc/grpc-context/1.33.0/grpc-context-1.33.0.jar:/home/runner/.m2/repository/com/google/api/grpc/proto-google-common-protos/1.17.0/proto-google-common-protos-1.17.0.jar:/home/runner/.m2/repository/io/grpc/grpc-protobuf-lite/1.33.0/grpc-protobuf-lite-1.33.0.jar:/home/runner/.m2/repository/io/grpc/grpc-stub/1.33.0/grpc-stub-1.33.0.jar:/home/runner/.m2/repository/org/apache/ozone/ozone-recon/1.3.0-SNAPSHOT/ozone-recon-1.3.0-SNAPSHOT.jar:/home/runner/.m2/repository/org/apache/ozone/ozone-reconcodegen/1.3.0-SNAPSHOT/ozone-reconcodegen-1.3.0-SNAPSHOT.jar:/home/runner/.m2/repository/com/google/inject/extensions/guice-multibindings/4.0/guice-multibindings-4.0.jar:/home/runner/.m2/repository/com/google/inject/guice/4.0/guice-4.0.jar:/home/runner/.m2/repository/aopalliance/aopalliance/1.0/aopalliance-1.0.jar:/home/runner/.m2/repository/com/google/inject/extensions/guice-assistedinject/4.0/guice-assistedinject-4.0.jar:/home/runner/.m2/repository/com/google/inject/extensions/guice-servlet/4.0/guice-servlet-4.0.jar:/home/runner/.m2/repository/org/glassfish/jersey/containers/jersey-container-servlet/2.33/jersey-container-servlet-2.33.jar:/home/runner/.m2/repository/org/glassfish/hk2/guice-bridge/2.5.0/guice-bridge-2.5.0.jar:/home/runner/.m2/repository/org/glassfish/jersey/core/jersey-server/2.33/jersey-server-2.33.jar:/home/runner/.m2/repository/org/glassfish/jersey/core/jersey-client/2.33/jersey-client-2.33.jar:/home/runner/.m2/repository/jakarta/annotation/jakarta.annotation-api/1.3.5/jakarta.annotation-api-1.3.5.jar:/home/runner/.m2/repository/jakarta/validation/jakarta.validation-api/2.0.2/jakarta.validation-api-2.0.2.jar:/home/runner/.m2/repository/org/glassfish/jersey/media/jersey-media-json-jackson/2.33/jersey-media-json-jackson-2.33.jar:/home/runner/.m2/repository/org/glassfish/jersey/ext/jersey-entity-filtering/2.33/jersey-entity-filtering-2.33.jar:/home/runner/.m2/repository/org/jooq/jooq/3.11.10/jooq-3.11.10.jar:/home/runner/.m2/repository/org/jooq/jooq-meta/3.11.10/jooq-meta-3.11.10.jar:/home/runner/.m2/repository/org/jooq/jooq-codegen/3.11.10/jooq-codegen-3.11.10.jar:/home/runner/.m2/repository/com/jolbox/bonecp/0.8.0.RELEASE/bonecp-0.8.0.RELEASE.jar:/home/runner/.m2/repository/org/apache/derby/derby/10.14.2.0/derby-10.14.2.0.jar:/home/runner/.m2/repository/org/xerial/sqlite-jdbc/3.25.2/sqlite-jdbc-3.25.2.jar:/home/runner/.m2/repository/org/springframework/spring-jdbc/5.2.18.RELEASE/spring-jdbc-5.2.18.RELEASE.jar:/home/runner/.m2/repository/org/springframework/spring-beans/5.2.18.RELEASE/spring-beans-5.2.18.RELEASE.jar:/home/runner/.m2/repository/org/springframework/spring-core/5.2.18.RELEASE/spring-core-5.2.18.RELEASE.jar:/home/runner/.m2/repository/org/springframework/spring-jcl/5.2.18.RELEASE/spring-jcl-5.2.18.RELEASE.jar:/home/runner/.m2/repository/org/springframework/spring-tx/5.2.18.RELEASE/spring-tx-5.2.18.RELEASE.jar:/home/runner/.m2/repository/org/apache/ozone/ozone-client/1.3.0-SNAPSHOT/ozone-client-1.3.0-SNAPSHOT.jar:/home/runner/.m2/repository/org/apache/ozone/ozone-filesystem/1.3.0-SNAPSHOT/ozone-filesystem-1.3.0-SNAPSHOT.jar:/home/runner/.m2/repository/org/apache/ozone/ozone-filesystem-common/1.3.0-SNAPSHOT/ozone-filesystem-common-1.3.0-SNAPSHOT.jar:/home/runner/.m2/repository/org/apache/ozone/ozone-tools/1.3.0-SNAPSHOT/ozone-tools-1.3.0-SNAPSHOT.jar:/home/runner/.m2/repository/org/apache/ratis/ratis-tools/2.2.0/ratis-tools-2.2.0.jar:/home/runner/.m2/repository/com/amazonaws/aws-java-sdk-core/1.11.1034/aws-java-sdk-core-1.11.1034.jar:/home/runner/.m2/repository/org/apache/httpcomponents/httpclient/4.5.13/httpclient-4.5.13.jar:/home/runner/.m2/repository/org/apache/httpcomponents/httpcore/4.4.13/httpcore-4.4.13.jar:/home/runner/.m2/repository/software/amazon/ion/ion-java/1.0.2/ion-java-1.0.2.jar:/home/runner/.m2/repository/com/fasterxml/jackson/dataformat/jackson-dataformat-cbor/2.12.1/jackson-dataformat-cbor-2.12.1.jar:/home/runner/.m2/repository/joda-time/joda-time/2.8.1/joda-time-2.8.1.jar:/home/runner/.m2/repository/com/amazonaws/aws-java-sdk-s3/1.11.1034/aws-java-sdk-s3-1.11.1034.jar:/home/runner/.m2/repository/com/amazonaws/aws-java-sdk-kms/1.11.1034/aws-java-sdk-kms-1.11.1034.jar:/home/runner/.m2/repository/com/amazonaws/jmespath-java/1.11.1034/jmespath-java-1.11.1034.jar:/home/runner/.m2/repository/org/kohsuke/metainf-services/metainf-services/1.8/metainf-services-1.8.jar:/home/runner/.m2/repository/org/apache/ozone/hdds-tools/1.3.0-SNAPSHOT/hdds-tools-1.3.0-SNAPSHOT.jar:/home/runner/.m2/repository/commons-cli/commons-cli/1.2/commons-cli-1.2.jar:/home/runner/.m2/repository/org/apache/commons/commons-lang3/3.7/commons-lang3-3.7.jar:/home/runner/.m2/repository/org/apache/ozone/ozone-manager/1.3.0-SNAPSHOT/ozone-manager-1.3.0-SNAPSHOT-tests.jar:/home/runner/.m2/repository/org/apache/ozone/hdds-common/1.3.0-SNAPSHOT/hdds-common-1.3.0-SNAPSHOT-tests.jar:/home/runner/.m2/repository/org/apache/ozone/hdds-hadoop-dependency-client/1.3.0-SNAPSHOT/hdds-hadoop-dependency-client-1.3.0-SNAPSHOT.jar:/home/runner/.m2/repository/info/picocli/picocli/4.6.1/picocli-4.6.1.jar:/home/runner/.m2/repository/com/fasterxml/jackson/core/jackson-annotations/2.12.1/jackson-annotations-2.12.1.jar:/home/runner/.m2/repository/javax/annotation/javax.annotation-api/1.2/javax.annotation-api-1.2.jar:/home/runner/.m2/repository/org/apache/ratis/ratis-server/2.2.0/ratis-server-2.2.0.jar:/home/runner/.m2/repository/org/apache/ratis/ratis-client/2.2.0/ratis-client-2.2.0.jar:/home/runner/.m2/repository/org/apache/ratis/ratis-server-api/2.2.0/ratis-server-api-2.2.0.jar:/home/runner/.m2/repository/org/apache/ratis/ratis-metrics/2.2.0/ratis-metrics-2.2.0.jar:/home/runner/.m2/repository/org/apache/ratis/ratis-netty/2.2.0/ratis-netty-2.2.0.jar:/home/runner/.m2/repository/org/apache/ratis/ratis-grpc/2.2.0/ratis-grpc-2.2.0.jar:/home/runner/.m2/repository/org/apache/logging/log4j/log4j-api/2.13.3/log4j-api-2.13.3.jar:/home/runner/.m2/repository/org/apache/logging/log4j/log4j-core/2.13.3/log4j-core-2.13.3.jar:/home/runner/.m2/repository/com/lmax/disruptor/3.4.2/disruptor-3.4.2.jar:/home/runner/.m2/repository/org/apache/commons/commons-pool2/2.6.0/commons-pool2-2.6.0.jar:/home/runner/.m2/repository/org/bouncycastle/bcpkix-jdk15on/1.67/bcpkix-jdk15on-1.67.jar:/home/runner/.m2/repository/commons-validator/commons-validator/1.6/commons-validator-1.6.jar:/home/runner/.m2/repository/commons-beanutils/commons-beanutils/1.9.4/commons-beanutils-1.9.4.jar:/home/runner/.m2/repository/commons-digester/commons-digester/1.8.1/commons-digester-1.8.1.jar:/home/runner/.m2/repository/commons-collections/commons-collections/3.2.2/commons-collections-3.2.2.jar:/home/runner/.m2/repository/io/jaegertracing/jaeger-client/1.6.0/jaeger-client-1.6.0.jar:/home/runner/.m2/repository/io/jaegertracing/jaeger-thrift/1.6.0/jaeger-thrift-1.6.0.jar:/home/runner/.m2/repository/org/apache/thrift/libthrift/0.14.1/libthrift-0.14.1.jar:/home/runner/.m2/repository/com/squareup/okhttp3/okhttp/4.9.0/okhttp-4.9.0.jar:/home/runner/.m2/repository/com/squareup/okio/okio/2.8.0/okio-2.8.0.jar:/home/runner/.m2/repository/io/jaegertracing/jaeger-core/1.6.0/jaeger-core-1.6.0.jar:/home/runner/.m2/repository/io/jaegertracing/jaeger-tracerresolver/1.6.0/jaeger-tracerresolver-1.6.0.jar:/home/runner/.m2/repository/io/opentracing/contrib/opentracing-tracerresolver/0.1.8/opentracing-tracerresolver-0.1.8.jar:/home/runner/.m2/repository/org/jetbrains/kotlin/kotlin-stdlib/1.4.31/kotlin-stdlib-1.4.31.jar:/home/runner/.m2/repository/org/jetbrains/kotlin/kotlin-stdlib-common/1.4.31/kotlin-stdlib-common-1.4.31.jar:/home/runner/.m2/repository/org/jetbrains/annotations/13.0/annotations-13.0.jar:/home/runner/.m2/repository/io/opentracing/opentracing-util/0.33.0/opentracing-util-0.33.0.jar:/home/runner/.m2/repository/io/opentracing/opentracing-api/0.33.0/opentracing-api-0.33.0.jar:/home/runner/.m2/repository/io/opentracing/opentracing-noop/0.33.0/opentracing-noop-0.33.0.jar:/home/runner/.m2/repository/org/yaml/snakeyaml/1.26/snakeyaml-1.26.jar:/home/runner/.m2/repository/org/apache/ozone/hdds-interface-admin/1.3.0-SNAPSHOT/hdds-interface-admin-1.3.0-SNAPSHOT.jar:/home/runner/.m2/repository/junit/junit/4.13.1/junit-4.13.1.jar:/home/runner/.m2/repository/org/hamcrest/hamcrest-core/1.3/hamcrest-core-1.3.jar:/home/runner/.m2/repository/org/junit/jupiter/junit-jupiter-api/5.7.0/junit-jupiter-api-5.7.0.jar:/home/runner/.m2/repository/org/apiguardian/apiguardian-api/1.1.0/apiguardian-api-1.1.0.jar:/home/runner/.m2/repository/org/opentest4j/opentest4j/1.2.0/opentest4j-1.2.0.jar:/home/runner/.m2/repository/org/junit/platform/junit-platform-commons/1.7.0/junit-platform-commons-1.7.0.jar:/home/runner/.m2/repository/org/junit/jupiter/junit-jupiter-engine/5.7.0/junit-jupiter-engine-5.7.0.jar:/home/runner/.m2/repository/org/junit/platform/junit-platform-engine/1.7.0/junit-platform-engine-1.7.0.jar:/home/runner/.m2/repository/org/junit/vintage/junit-vintage-engine/5.7.0/junit-vintage-engine-5.7.0.jar:/home/runner/.m2/repository/org/junit/platform/junit-platform-launcher/1.7.0/junit-platform-launcher-1.7.0.jar:/home/runner/.m2/repository/org/openjdk/jmh/jmh-core/1.19/jmh-core-1.19.jar:/home/runner/.m2/repository/net/sf/jopt-simple/jopt-simple/4.6/jopt-simple-4.6.jar:/home/runner/.m2/repository/org/apache/commons/commons-math3/3.1.1/commons-math3-3.1.1.jar:/home/runner/.m2/repository/org/openjdk/jmh/jmh-generator-annprocess/1.19/jmh-generator-annprocess-1.19.jar:/home/runner/.m2/repository/org/mockito/mockito-core/2.28.2/mockito-core-2.28.2.jar:/home/runner/.m2/repository/net/bytebuddy/byte-buddy/1.9.10/byte-buddy-1.9.10.jar:/home/runner/.m2/repository/net/bytebuddy/byte-buddy-agent/1.9.10/byte-buddy-agent-1.9.10.jar:/home/runner/.m2/repository/org/objenesis/objenesis/1.0/objenesis-1.0.jar:/home/runner/.m2/repository/org/apache/hadoop/hadoop-kms/3.3.1/hadoop-kms-3.3.1.jar:/home/runner/.m2/repository/org/apache/hadoop/hadoop-auth/3.3.1/hadoop-auth-3.3.1.jar:/home/runner/.m2/repository/com/nimbusds/nimbus-jose-jwt/7.9/nimbus-jose-jwt-7.9.jar:/home/runner/.m2/repository/com/github/stephenc/jcip/jcip-annotations/1.0-1/jcip-annotations-1.0-1.jar:/home/runner/.m2/repository/net/minidev/json-smart/2.3.1/json-smart-2.3.1.jar:/home/runner/.m2/repository/net/minidev/accessors-smart/2.3.1/accessors-smart-2.3.1.jar:/home/runner/.m2/repository/org/ow2/asm/asm/5.0.4/asm-5.0.4.jar:/home/runner/.m2/repository/org/apache/zookeeper/zookeeper/3.5.6/zookeeper-3.5.6.jar:/home/runner/.m2/repository/org/apache/zookeeper/zookeeper-jute/3.5.6/zookeeper-jute-3.5.6.jar:/home/runner/.m2/repository/org/apache/yetus/audience-annotations/0.5.0/audience-annotations-0.5.0.jar:/home/runner/.m2/repository/org/apache/curator/curator-framework/4.2.0/curator-framework-4.2.0.jar:/home/runner/.m2/repository/org/apache/hadoop/thirdparty/hadoop-shaded-guava/1.1.1/hadoop-shaded-guava-1.1.1.jar:/home/runner/.m2/repository/com/sun/jersey/jersey-core/1.19/jersey-core-1.19.jar:/home/runner/.m2/repository/javax/ws/rs/jsr311-api/1.1.1/jsr311-api-1.1.1.jar:/home/runner/.m2/repository/com/sun/jersey/jersey-server/1.19/jersey-server-1.19.jar:/home/runner/.m2/repository/javax/servlet/javax.servlet-api/3.1.0/javax.servlet-api-3.1.0.jar:/home/runner/.m2/repository/org/eclipse/jetty/jetty-server/9.4.43.v20210629/jetty-server-9.4.43.v20210629.jar:/home/runner/.m2/repository/org/eclipse/jetty/jetty-http/9.4.43.v20210629/jetty-http-9.4.43.v20210629.jar:/home/runner/.m2/repository/org/eclipse/jetty/jetty-io/9.4.43.v20210629/jetty-io-9.4.43.v20210629.jar:/home/runner/.m2/repository/org/eclipse/jetty/jetty-webapp/9.4.43.v20210629/jetty-webapp-9.4.43.v20210629.jar:/home/runner/.m2/repository/org/eclipse/jetty/jetty-xml/9.4.43.v20210629/jetty-xml-9.4.43.v20210629.jar:/home/runner/.m2/repository/org/apache/hadoop/hadoop-common/3.3.1/hadoop-common-3.3.1.jar:/home/runner/.m2/repository/commons-net/commons-net/3.6/commons-net-3.6.jar:/home/runner/.m2/repository/jakarta/activation/jakarta.activation-api/1.2.1/jakarta.activation-api-1.2.1.jar:/home/runner/.m2/repository/com/sun/jersey/jersey-servlet/1.19/jersey-servlet-1.19.jar:/home/runner/.m2/repository/com/sun/jersey/jersey-json/1.19/jersey-json-1.19.jar:/home/runner/.m2/repository/org/codehaus/jettison/jettison/1.1/jettison-1.1.jar:/home/runner/.m2/repository/com/sun/xml/bind/jaxb-impl/2.2.3-1/jaxb-impl-2.2.3-1.jar:/home/runner/.m2/repository/org/codehaus/jackson/jackson-jaxrs/1.9.2/jackson-jaxrs-1.9.2.jar:/home/runner/.m2/repository/org/codehaus/jackson/jackson-xc/1.9.2/jackson-xc-1.9.2.jar:/home/runner/.m2/repository/org/apache/commons/commons-configuration2/2.1.1/commons-configuration2-2.1.1.jar:/home/runner/.m2/repository/org/apache/commons/commons-text/1.4/commons-text-1.4.jar:/home/runner/.m2/repository/com/google/re2j/re2j/1.1/re2j-1.1.jar:/home/runner/.m2/repository/com/jcraft/jsch/0.1.54/jsch-0.1.54.jar:/home/runner/.m2/repository/org/apache/curator/curator-client/4.2.0/curator-client-4.2.0.jar:/home/runner/.m2/repository/org/apache/curator/curator-recipes/4.2.0/curator-recipes-4.2.0.jar:/home/runner/.m2/repository/org/apache/kerby/kerb-core/1.0.1/kerb-core-1.0.1.jar:/home/runner/.m2/repository/org/apache/kerby/kerby-pkix/1.0.1/kerby-pkix-1.0.1.jar:/home/runner/.m2/repository/org/apache/kerby/kerby-asn1/1.0.1/kerby-asn1-1.0.1.jar:/home/runner/.m2/repository/org/apache/kerby/kerby-util/1.0.1/kerby-util-1.0.1.jar:/home/runner/.m2/repository/dnsjava/dnsjava/2.1.7/dnsjava-2.1.7.jar:/home/runner/.m2/repository/org/xerial/snappy/snappy-java/1.1.8.2/snappy-java-1.1.8.2.jar:/home/runner/.m2/repository/org/slf4j/jul-to-slf4j/1.7.30/jul-to-slf4j-1.7.30.jar:/home/runner/.m2/repository/org/eclipse/jetty/jetty-util/9.4.43.v20210629/jetty-util-9.4.43.v20210629.jar:/home/runner/.m2/repository/com/fasterxml/jackson/core/jackson-databind/2.12.1/jackson-databind-2.12.1.jar:/home/runner/.m2/repository/org/apache/hadoop/hadoop-kms/3.3.1/hadoop-kms-3.3.1-tests.jar:/home/runner/.m2/repository/org/apache/ozone/hdds-server-scm/1.3.0-SNAPSHOT/hdds-server-scm-1.3.0-SNAPSHOT-tests.jar:/home/runner/.m2/repository/org/apache/ozone/hdds-container-service/1.3.0-SNAPSHOT/hdds-container-service-1.3.0-SNAPSHOT-tests.jar:/home/runner/.m2/repository/commons-codec/commons-codec/1.11/commons-codec-1.11.jar:/home/runner/.m2/repository/io/netty/netty-transport/4.1.63.Final/netty-transport-4.1.63.Final.jar:/home/runner/.m2/repository/io/netty/netty-resolver/4.1.63.Final/netty-resolver-4.1.63.Final.jar:/home/runner/.m2/repository/io/netty/netty-codec/4.1.63.Final/netty-codec-4.1.63.Final.jar:/home/runner/.m2/repository/io/netty/netty-handler/4.1.63.Final/netty-handler-4.1.63.Final.jar:/home/runner/.m2/repository/org/apache/ozone/hdds-hadoop-dependency-test/1.3.0-SNAPSHOT/hdds-hadoop-dependency-test-1.3.0-SNAPSHOT.jar:/home/runner/.m2/repository/org/apache/hadoop/hadoop-common/3.3.1/hadoop-common-3.3.1-tests.jar:/home/runner/.m2/repository/org/assertj/assertj-core/3.12.2/assertj-core-3.12.2.jar:/home/runner/.m2/repository/org/apache/hadoop/hadoop-hdfs/3.3.1/hadoop-hdfs-3.3.1-tests.jar:/home/runner/.m2/repository/org/eclipse/jetty/jetty-util-ajax/9.4.43.v20210629/jetty-util-ajax-9.4.43.v20210629.jar:/home/runner/.m2/repository/commons-daemon/commons-daemon/1.0.13/commons-daemon-1.0.13.jar:/home/runner/.m2/repository/io/netty/netty/3.10.6.Final/netty-3.10.6.Final.jar:/home/runner/.m2/repository/io/netty/netty-all/4.1.63.Final/netty-all-4.1.63.Final.jar:/home/runner/.m2/repository/org/apache/htrace/htrace-core4/4.1.0-incubating/htrace-core4-4.1.0-incubating.jar:/home/runner/.m2/repository/org/fusesource/leveldbjni/leveldbjni-all/1.8/leveldbjni-all-1.8.jar:/home/runner/.m2/repository/org/apache/hadoop/hadoop-distcp/3.3.1/hadoop-distcp-3.3.1.jar:/home/runner/.m2/repository/org/apache/hadoop/hadoop-mapreduce-client-jobclient/3.3.1/hadoop-mapreduce-client-jobclient-3.3.1.jar:/home/runner/.m2/repository/org/apache/hadoop/hadoop-mapreduce-client-common/3.3.1/hadoop-mapreduce-client-common-3.3.1.jar:/home/runner/.m2/repository/org/apache/hadoop/hadoop-yarn-common/3.3.1/hadoop-yarn-common-3.3.1.jar:/home/runner/.m2/repository/org/apache/hadoop/hadoop-yarn-api/3.3.1/hadoop-yarn-api-3.3.1.jar:/home/runner/.m2/repository/com/sun/jersey/jersey-client/1.19/jersey-client-1.19.jar:/home/runner/.m2/repository/com/sun/jersey/contribs/jersey-guice/1.19/jersey-guice-1.19.jar:/home/runner/.m2/repository/com/fasterxml/jackson/jaxrs/jackson-jaxrs-json-provider/2.12.1/jackson-jaxrs-json-provider-2.12.1.jar:/home/runner/.m2/repository/com/fasterxml/jackson/jaxrs/jackson-jaxrs-base/2.12.1/jackson-jaxrs-base-2.12.1.jar:/home/runner/.m2/repository/org/apache/hadoop/hadoop-yarn-client/3.3.1/hadoop-yarn-client-3.3.1.jar:/home/runner/.m2/repository/org/eclipse/jetty/websocket/websocket-client/9.4.40.v20210413/websocket-client-9.4.40.v20210413.jar:/home/runner/.m2/repository/org/eclipse/jetty/jetty-client/9.4.40.v20210413/jetty-client-9.4.40.v20210413.jar:/home/runner/.m2/repository/org/eclipse/jetty/websocket/websocket-common/9.4.40.v20210413/websocket-common-9.4.40.v20210413.jar:/home/runner/.m2/repository/org/eclipse/jetty/websocket/websocket-api/9.4.40.v20210413/websocket-api-9.4.40.v20210413.jar:/home/runner/.m2/repository/org/jline/jline/3.9.0/jline-3.9.0.jar:/home/runner/.m2/repository/org/apache/hadoop/hadoop-mapreduce-client-core/3.3.1/hadoop-mapreduce-client-core-3.3.1.jar:/home/runner/.m2/repository/org/apache/avro/avro/1.7.7/avro-1.7.7.jar:/home/runner/.m2/repository/org/codehaus/jackson/jackson-core-asl/1.9.13/jackson-core-asl-1.9.13.jar:/home/runner/.m2/repository/org/codehaus/jackson/jackson-mapper-asl/1.9.13/jackson-mapper-asl-1.9.13.jar:/home/runner/.m2/repository/com/thoughtworks/paranamer/paranamer/2.3/paranamer-2.3.jar:/home/runner/.m2/repository/org/apache/hadoop/hadoop-annotations/3.3.1/hadoop-annotations-3.3.1.jar:/usr/lib/jvm/adoptopenjdk-8-hotspot-amd64/jre/../lib/tools.jar:/home/runner/.m2/repository/org/apache/hadoop/hadoop-distcp/3.3.1/hadoop-distcp-3.3.1-tests.jar:/home/runner/.m2/repository/org/apache/ratis/ratis-common/2.2.0/ratis-common-2.2.0.jar:/home/runner/.m2/repository/org/apache/ratis/ratis-thirdparty-misc/0.7.0/ratis-thirdparty-misc-0.7.0.jar:/home/runner/.m2/repository/org/apache/ratis/ratis-proto/2.2.0/ratis-proto-2.2.0.jar:"/>
    <property name="java.vm.vendor" value="AdoptOpenJDK"/>
    <property name="sun.arch.data.model" value="64"/>
    <property name="test.build.dir" value="/home/runner/work/ozone/ozone/hadoop-ozone/integration-test/target/test-dir"/>
    <property name="test.cache.data" value=""/>
    <property name="java.vendor.url" value="https://adoptopenjdk.net/"/>
    <property name="user.timezone" value=""/>
    <property name="java.vm.specification.version" value="1.8"/>
    <property name="os.name" value="Linux"/>
    <property name="test.build.data" value="/home/runner/work/ozone/ozone/hadoop-ozone/integration-test/target/test-dir"/>
    <property name="sun.java.launcher" value="SUN_STANDARD"/>
    <property name="sun.boot.library.path" value="/usr/lib/jvm/adoptopenjdk-8-hotspot-amd64/jre/lib/amd64"/>
    <property name="sun.java.command" value="/home/runner/work/ozone/ozone/hadoop-ozone/integration-test/target/surefire/surefirebooter331236889591785557.jar /home/runner/work/ozone/ozone/hadoop-ozone/integration-test/target/surefire 2021-11-30T10-00-19_196-jvmRun1 surefire5626704355909816042tmp surefire_59034944624099533544tmp"/>
    <property name="surefire.test.class.path" value="/home/runner/work/ozone/ozone/hadoop-ozone/integration-test/target/test-classes:/home/runner/work/ozone/ozone/hadoop-ozone/integration-test/target/classes:/home/runner/.m2/repository/org/apache/ozone/ozone-common/1.3.0-SNAPSHOT/ozone-common-1.3.0-SNAPSHOT.jar:/home/runner/.m2/repository/org/apache/commons/commons-compress/1.21/commons-compress-1.21.jar:/home/runner/.m2/repository/org/apache/ozone/hdds-common/1.3.0-SNAPSHOT/hdds-common-1.3.0-SNAPSHOT.jar:/home/runner/.m2/repository/org/apache/ozone/hdds-client/1.3.0-SNAPSHOT/hdds-client-1.3.0-SNAPSHOT.jar:/home/runner/.m2/repository/org/apache/ozone/ozone-interface-client/1.3.0-SNAPSHOT/ozone-interface-client-1.3.0-SNAPSHOT.jar:/home/runner/.m2/repository/org/apache/ozone/hdds-test-utils/1.3.0-SNAPSHOT/hdds-test-utils-1.3.0-SNAPSHOT.jar:/home/runner/.m2/repository/com/google/guava/guava/30.1.1-jre/guava-30.1.1-jre.jar:/home/runner/.m2/repository/com/google/guava/failureaccess/1.0.1/failureaccess-1.0.1.jar:/home/runner/.m2/repository/com/google/guava/listenablefuture/9999.0-empty-to-avoid-conflict-with-guava/listenablefuture-9999.0-empty-to-avoid-conflict-with-guava.jar:/home/runner/.m2/repository/com/google/code/findbugs/jsr305/3.0.0/jsr305-3.0.0.jar:/home/runner/.m2/repository/org/checkerframework/checker-qual/3.8.0/checker-qual-3.8.0.jar:/home/runner/.m2/repository/com/google/errorprone/error_prone_annotations/2.2.0/error_prone_annotations-2.2.0.jar:/home/runner/.m2/repository/com/google/j2objc/j2objc-annotations/1.3/j2objc-annotations-1.3.jar:/home/runner/.m2/repository/commons-io/commons-io/2.11.0/commons-io-2.11.0.jar:/home/runner/.m2/repository/commons-logging/commons-logging/1.2/commons-logging-1.2.jar:/home/runner/.m2/repository/log4j/log4j/1.2.17/log4j-1.2.17.jar:/home/runner/.m2/repository/org/slf4j/slf4j-api/1.7.30/slf4j-api-1.7.30.jar:/home/runner/.m2/repository/org/apache/ozone/hdds-server-scm/1.3.0-SNAPSHOT/hdds-server-scm-1.3.0-SNAPSHOT.jar:/home/runner/.m2/repository/org/apache/ozone/hdds-container-service/1.3.0-SNAPSHOT/hdds-container-service-1.3.0-SNAPSHOT.jar:/home/runner/.m2/repository/org/apache/ozone/hdds-hadoop-dependency-server/1.3.0-SNAPSHOT/hdds-hadoop-dependency-server-1.3.0-SNAPSHOT.jar:/home/runner/.m2/repository/org/apache/hadoop/hadoop-hdfs/3.3.1/hadoop-hdfs-3.3.1.jar:/home/runner/.m2/repository/org/apache/ozone/hdds-server-framework/1.3.0-SNAPSHOT/hdds-server-framework-1.3.0-SNAPSHOT.jar:/home/runner/.m2/repository/org/apache/ozone/hdds-interface-server/1.3.0-SNAPSHOT/hdds-interface-server-1.3.0-SNAPSHOT.jar:/home/runner/.m2/repository/org/eclipse/jetty/jetty-servlet/9.4.43.v20210629/jetty-servlet-9.4.43.v20210629.jar:/home/runner/.m2/repository/org/eclipse/jetty/jetty-security/9.4.43.v20210629/jetty-security-9.4.43.v20210629.jar:/home/runner/.m2/repository/org/rocksdb/rocksdbjni/6.25.3/rocksdbjni-6.25.3.jar:/home/runner/.m2/repository/io/prometheus/simpleclient_dropwizard/0.7.0/simpleclient_dropwizard-0.7.0.jar:/home/runner/.m2/repository/io/prometheus/simpleclient/0.7.0/simpleclient-0.7.0.jar:/home/runner/.m2/repository/io/prometheus/simpleclient_common/0.7.0/simpleclient_common-0.7.0.jar:/home/runner/.m2/repository/com/fasterxml/jackson/datatype/jackson-datatype-jsr310/2.12.1/jackson-datatype-jsr310-2.12.1.jar:/home/runner/.m2/repository/io/dropwizard/metrics/metrics-core/3.2.4/metrics-core-3.2.4.jar:/home/runner/.m2/repository/org/apache/hadoop/hadoop-hdfs-client/3.3.1/hadoop-hdfs-client-3.3.1.jar:/home/runner/.m2/repository/org/bouncycastle/bcprov-jdk15on/1.67/bcprov-jdk15on-1.67.jar:/home/runner/.m2/repository/com/google/protobuf/protobuf-java/2.5.0/protobuf-java-2.5.0.jar:/home/runner/.m2/repository/org/apache/ozone/ozone-manager/1.3.0-SNAPSHOT/ozone-manager-1.3.0-SNAPSHOT.jar:/home/runner/.m2/repository/org/aspectj/aspectjrt/1.9.7/aspectjrt-1.9.7.jar:/home/runner/.m2/repository/org/aspectj/aspectjweaver/1.9.7/aspectjweaver-1.9.7.jar:/home/runner/.m2/repository/org/apache/ozone/hdds-interface-client/1.3.0-SNAPSHOT/hdds-interface-client-1.3.0-SNAPSHOT.jar:/home/runner/.m2/repository/org/apache/hadoop/thirdparty/hadoop-shaded-protobuf_3_7/1.1.1/hadoop-shaded-protobuf_3_7-1.1.1.jar:/home/runner/.m2/repository/org/apache/ozone/ozone-interface-storage/1.3.0-SNAPSHOT/ozone-interface-storage-1.3.0-SNAPSHOT.jar:/home/runner/.m2/repository/org/reflections/reflections/0.9.11/reflections-0.9.11.jar:/home/runner/.m2/repository/org/apache/hadoop/hadoop-minikdc/3.3.1/hadoop-minikdc-3.3.1.jar:/home/runner/.m2/repository/org/apache/kerby/kerb-simplekdc/1.0.1/kerb-simplekdc-1.0.1.jar:/home/runner/.m2/repository/org/apache/kerby/kerb-client/1.0.1/kerb-client-1.0.1.jar:/home/runner/.m2/repository/org/apache/kerby/kerby-config/1.0.1/kerby-config-1.0.1.jar:/home/runner/.m2/repository/org/apache/kerby/kerb-common/1.0.1/kerb-common-1.0.1.jar:/home/runner/.m2/repository/org/apache/kerby/kerb-crypto/1.0.1/kerb-crypto-1.0.1.jar:/home/runner/.m2/repository/org/apache/kerby/kerb-util/1.0.1/kerb-util-1.0.1.jar:/home/runner/.m2/repository/org/apache/kerby/token-provider/1.0.1/token-provider-1.0.1.jar:/home/runner/.m2/repository/org/apache/kerby/kerb-admin/1.0.1/kerb-admin-1.0.1.jar:/home/runner/.m2/repository/org/apache/kerby/kerb-server/1.0.1/kerb-server-1.0.1.jar:/home/runner/.m2/repository/org/apache/kerby/kerb-identity/1.0.1/kerb-identity-1.0.1.jar:/home/runner/.m2/repository/org/apache/kerby/kerby-xdr/1.0.1/kerby-xdr-1.0.1.jar:/home/runner/.m2/repository/org/slf4j/slf4j-log4j12/1.7.30/slf4j-log4j12-1.7.30.jar:/home/runner/.m2/repository/org/apache/ozone/ozone-s3gateway/1.3.0-SNAPSHOT/ozone-s3gateway-1.3.0-SNAPSHOT.jar:/home/runner/.m2/repository/org/javassist/javassist/3.21.0-GA/javassist-3.21.0-GA.jar:/home/runner/.m2/repository/org/jboss/weld/servlet/weld-servlet/2.4.7.Final/weld-servlet-2.4.7.Final.jar:/home/runner/.m2/repository/org/glassfish/jersey/containers/jersey-container-servlet-core/2.33/jersey-container-servlet-core-2.33.jar:/home/runner/.m2/repository/org/glassfish/hk2/external/jakarta.inject/2.6.1/jakarta.inject-2.6.1.jar:/home/runner/.m2/repository/org/glassfish/jersey/core/jersey-common/2.33/jersey-common-2.33.jar:/home/runner/.m2/repository/jakarta/ws/rs/jakarta.ws.rs-api/2.1.6/jakarta.ws.rs-api-2.1.6.jar:/home/runner/.m2/repository/org/glassfish/jersey/ext/cdi/jersey-cdi1x/2.33/jersey-cdi1x-2.33.jar:/home/runner/.m2/repository/org/glassfish/jersey/inject/jersey-hk2/2.33/jersey-hk2-2.33.jar:/home/runner/.m2/repository/org/glassfish/hk2/hk2-locator/2.6.1/hk2-locator-2.6.1.jar:/home/runner/.m2/repository/org/glassfish/jersey/media/jersey-media-jaxb/2.33/jersey-media-jaxb-2.33.jar:/home/runner/.m2/repository/org/glassfish/hk2/osgi-resource-locator/1.0.3/osgi-resource-locator-1.0.3.jar:/home/runner/.m2/repository/org/glassfish/hk2/hk2-api/2.5.0/hk2-api-2.5.0.jar:/home/runner/.m2/repository/org/glassfish/hk2/hk2-utils/2.5.0/hk2-utils-2.5.0.jar:/home/runner/.m2/repository/org/glassfish/hk2/external/aopalliance-repackaged/2.5.0/aopalliance-repackaged-2.5.0.jar:/home/runner/.m2/repository/com/fasterxml/jackson/dataformat/jackson-dataformat-xml/2.12.1/jackson-dataformat-xml-2.12.1.jar:/home/runner/.m2/repository/com/fasterxml/jackson/core/jackson-core/2.12.1/jackson-core-2.12.1.jar:/home/runner/.m2/repository/com/fasterxml/jackson/module/jackson-module-jaxb-annotations/2.12.1/jackson-module-jaxb-annotations-2.12.1.jar:/home/runner/.m2/repository/jakarta/xml/bind/jakarta.xml.bind-api/2.3.2/jakarta.xml.bind-api-2.3.2.jar:/home/runner/.m2/repository/org/codehaus/woodstox/stax2-api/3.1.4/stax2-api-3.1.4.jar:/home/runner/.m2/repository/com/fasterxml/woodstox/woodstox-core/5.0.3/woodstox-core-5.0.3.jar:/home/runner/.m2/repository/javax/enterprise/cdi-api/1.2/cdi-api-1.2.jar:/home/runner/.m2/repository/javax/el/javax.el-api/3.0.0/javax.el-api-3.0.0.jar:/home/runner/.m2/repository/javax/interceptor/javax.interceptor-api/1.2/javax.interceptor-api-1.2.jar:/home/runner/.m2/repository/javax/inject/javax.inject/1/javax.inject-1.jar:/home/runner/.m2/repository/javax/xml/bind/jaxb-api/2.3.0/jaxb-api-2.3.0.jar:/home/runner/.m2/repository/org/glassfish/jaxb/jaxb-runtime/2.3.0.1/jaxb-runtime-2.3.0.1.jar:/home/runner/.m2/repository/org/glassfish/jaxb/jaxb-core/2.3.0.1/jaxb-core-2.3.0.1.jar:/home/runner/.m2/repository/org/glassfish/jaxb/txw2/2.3.0.1/txw2-2.3.0.1.jar:/home/runner/.m2/repository/com/sun/istack/istack-commons-runtime/3.0.5/istack-commons-runtime-3.0.5.jar:/home/runner/.m2/repository/org/jvnet/staxex/stax-ex/1.7.8/stax-ex-1.7.8.jar:/home/runner/.m2/repository/com/sun/xml/fastinfoset/FastInfoset/1.2.13/FastInfoset-1.2.13.jar:/home/runner/.m2/repository/javax/activation/activation/1.1.1/activation-1.1.1.jar:/home/runner/.m2/repository/org/apache/ozone/ozone-csi/1.3.0-SNAPSHOT/ozone-csi-1.3.0-SNAPSHOT.jar:/home/runner/.m2/repository/com/google/protobuf/protobuf-java-util/3.12.0/protobuf-java-util-3.12.0.jar:/home/runner/.m2/repository/com/google/code/gson/gson/2.2.4/gson-2.2.4.jar:/home/runner/.m2/repository/org/apache/ozone/hdds-config/1.3.0-SNAPSHOT/hdds-config-1.3.0-SNAPSHOT.jar:/home/runner/.m2/repository/io/grpc/grpc-netty/1.33.0/grpc-netty-1.33.0.jar:/home/runner/.m2/repository/io/grpc/grpc-core/1.33.0/grpc-core-1.33.0.jar:/home/runner/.m2/repository/com/google/android/annotations/4.1.1.4/annotations-4.1.1.4.jar:/home/runner/.m2/repository/io/netty/netty-codec-http2/4.1.63.Final/netty-codec-http2-4.1.63.Final.jar:/home/runner/.m2/repository/io/netty/netty-codec-http/4.1.63.Final/netty-codec-http-4.1.63.Final.jar:/home/runner/.m2/repository/io/netty/netty-handler-proxy/4.1.63.Final/netty-handler-proxy-4.1.63.Final.jar:/home/runner/.m2/repository/io/netty/netty-codec-socks/4.1.63.Final/netty-codec-socks-4.1.63.Final.jar:/home/runner/.m2/repository/io/perfmark/perfmark-api/0.19.0/perfmark-api-0.19.0.jar:/home/runner/.m2/repository/org/codehaus/mojo/animal-sniffer-annotations/1.18/animal-sniffer-annotations-1.18.jar:/home/runner/.m2/repository/io/netty/netty-transport-native-epoll/4.1.63.Final/netty-transport-native-epoll-4.1.63.Final.jar:/home/runner/.m2/repository/io/netty/netty-common/4.1.63.Final/netty-common-4.1.63.Final.jar:/home/runner/.m2/repository/io/netty/netty-buffer/4.1.63.Final/netty-buffer-4.1.63.Final.jar:/home/runner/.m2/repository/io/netty/netty-transport-native-unix-common/4.1.63.Final/netty-transport-native-unix-common-4.1.63.Final.jar:/home/runner/.m2/repository/io/grpc/grpc-protobuf/1.33.0/grpc-protobuf-1.33.0.jar:/home/runner/.m2/repository/io/grpc/grpc-api/1.33.0/grpc-api-1.33.0.jar:/home/runner/.m2/repository/io/grpc/grpc-context/1.33.0/grpc-context-1.33.0.jar:/home/runner/.m2/repository/com/google/api/grpc/proto-google-common-protos/1.17.0/proto-google-common-protos-1.17.0.jar:/home/runner/.m2/repository/io/grpc/grpc-protobuf-lite/1.33.0/grpc-protobuf-lite-1.33.0.jar:/home/runner/.m2/repository/io/grpc/grpc-stub/1.33.0/grpc-stub-1.33.0.jar:/home/runner/.m2/repository/org/apache/ozone/ozone-recon/1.3.0-SNAPSHOT/ozone-recon-1.3.0-SNAPSHOT.jar:/home/runner/.m2/repository/org/apache/ozone/ozone-reconcodegen/1.3.0-SNAPSHOT/ozone-reconcodegen-1.3.0-SNAPSHOT.jar:/home/runner/.m2/repository/com/google/inject/extensions/guice-multibindings/4.0/guice-multibindings-4.0.jar:/home/runner/.m2/repository/com/google/inject/guice/4.0/guice-4.0.jar:/home/runner/.m2/repository/aopalliance/aopalliance/1.0/aopalliance-1.0.jar:/home/runner/.m2/repository/com/google/inject/extensions/guice-assistedinject/4.0/guice-assistedinject-4.0.jar:/home/runner/.m2/repository/com/google/inject/extensions/guice-servlet/4.0/guice-servlet-4.0.jar:/home/runner/.m2/repository/org/glassfish/jersey/containers/jersey-container-servlet/2.33/jersey-container-servlet-2.33.jar:/home/runner/.m2/repository/org/glassfish/hk2/guice-bridge/2.5.0/guice-bridge-2.5.0.jar:/home/runner/.m2/repository/org/glassfish/jersey/core/jersey-server/2.33/jersey-server-2.33.jar:/home/runner/.m2/repository/org/glassfish/jersey/core/jersey-client/2.33/jersey-client-2.33.jar:/home/runner/.m2/repository/jakarta/annotation/jakarta.annotation-api/1.3.5/jakarta.annotation-api-1.3.5.jar:/home/runner/.m2/repository/jakarta/validation/jakarta.validation-api/2.0.2/jakarta.validation-api-2.0.2.jar:/home/runner/.m2/repository/org/glassfish/jersey/media/jersey-media-json-jackson/2.33/jersey-media-json-jackson-2.33.jar:/home/runner/.m2/repository/org/glassfish/jersey/ext/jersey-entity-filtering/2.33/jersey-entity-filtering-2.33.jar:/home/runner/.m2/repository/org/jooq/jooq/3.11.10/jooq-3.11.10.jar:/home/runner/.m2/repository/org/jooq/jooq-meta/3.11.10/jooq-meta-3.11.10.jar:/home/runner/.m2/repository/org/jooq/jooq-codegen/3.11.10/jooq-codegen-3.11.10.jar:/home/runner/.m2/repository/com/jolbox/bonecp/0.8.0.RELEASE/bonecp-0.8.0.RELEASE.jar:/home/runner/.m2/repository/org/apache/derby/derby/10.14.2.0/derby-10.14.2.0.jar:/home/runner/.m2/repository/org/xerial/sqlite-jdbc/3.25.2/sqlite-jdbc-3.25.2.jar:/home/runner/.m2/repository/org/springframework/spring-jdbc/5.2.18.RELEASE/spring-jdbc-5.2.18.RELEASE.jar:/home/runner/.m2/repository/org/springframework/spring-beans/5.2.18.RELEASE/spring-beans-5.2.18.RELEASE.jar:/home/runner/.m2/repository/org/springframework/spring-core/5.2.18.RELEASE/spring-core-5.2.18.RELEASE.jar:/home/runner/.m2/repository/org/springframework/spring-jcl/5.2.18.RELEASE/spring-jcl-5.2.18.RELEASE.jar:/home/runner/.m2/repository/org/springframework/spring-tx/5.2.18.RELEASE/spring-tx-5.2.18.RELEASE.jar:/home/runner/.m2/repository/org/apache/ozone/ozone-client/1.3.0-SNAPSHOT/ozone-client-1.3.0-SNAPSHOT.jar:/home/runner/.m2/repository/org/apache/ozone/ozone-filesystem/1.3.0-SNAPSHOT/ozone-filesystem-1.3.0-SNAPSHOT.jar:/home/runner/.m2/repository/org/apache/ozone/ozone-filesystem-common/1.3.0-SNAPSHOT/ozone-filesystem-common-1.3.0-SNAPSHOT.jar:/home/runner/.m2/repository/org/apache/ozone/ozone-tools/1.3.0-SNAPSHOT/ozone-tools-1.3.0-SNAPSHOT.jar:/home/runner/.m2/repository/org/apache/ratis/ratis-tools/2.2.0/ratis-tools-2.2.0.jar:/home/runner/.m2/repository/com/amazonaws/aws-java-sdk-core/1.11.1034/aws-java-sdk-core-1.11.1034.jar:/home/runner/.m2/repository/org/apache/httpcomponents/httpclient/4.5.13/httpclient-4.5.13.jar:/home/runner/.m2/repository/org/apache/httpcomponents/httpcore/4.4.13/httpcore-4.4.13.jar:/home/runner/.m2/repository/software/amazon/ion/ion-java/1.0.2/ion-java-1.0.2.jar:/home/runner/.m2/repository/com/fasterxml/jackson/dataformat/jackson-dataformat-cbor/2.12.1/jackson-dataformat-cbor-2.12.1.jar:/home/runner/.m2/repository/joda-time/joda-time/2.8.1/joda-time-2.8.1.jar:/home/runner/.m2/repository/com/amazonaws/aws-java-sdk-s3/1.11.1034/aws-java-sdk-s3-1.11.1034.jar:/home/runner/.m2/repository/com/amazonaws/aws-java-sdk-kms/1.11.1034/aws-java-sdk-kms-1.11.1034.jar:/home/runner/.m2/repository/com/amazonaws/jmespath-java/1.11.1034/jmespath-java-1.11.1034.jar:/home/runner/.m2/repository/org/kohsuke/metainf-services/metainf-services/1.8/metainf-services-1.8.jar:/home/runner/.m2/repository/org/apache/ozone/hdds-tools/1.3.0-SNAPSHOT/hdds-tools-1.3.0-SNAPSHOT.jar:/home/runner/.m2/repository/commons-cli/commons-cli/1.2/commons-cli-1.2.jar:/home/runner/.m2/repository/org/apache/commons/commons-lang3/3.7/commons-lang3-3.7.jar:/home/runner/.m2/repository/org/apache/ozone/ozone-manager/1.3.0-SNAPSHOT/ozone-manager-1.3.0-SNAPSHOT-tests.jar:/home/runner/.m2/repository/org/apache/ozone/hdds-common/1.3.0-SNAPSHOT/hdds-common-1.3.0-SNAPSHOT-tests.jar:/home/runner/.m2/repository/org/apache/ozone/hdds-hadoop-dependency-client/1.3.0-SNAPSHOT/hdds-hadoop-dependency-client-1.3.0-SNAPSHOT.jar:/home/runner/.m2/repository/info/picocli/picocli/4.6.1/picocli-4.6.1.jar:/home/runner/.m2/repository/com/fasterxml/jackson/core/jackson-annotations/2.12.1/jackson-annotations-2.12.1.jar:/home/runner/.m2/repository/javax/annotation/javax.annotation-api/1.2/javax.annotation-api-1.2.jar:/home/runner/.m2/repository/org/apache/ratis/ratis-server/2.2.0/ratis-server-2.2.0.jar:/home/runner/.m2/repository/org/apache/ratis/ratis-client/2.2.0/ratis-client-2.2.0.jar:/home/runner/.m2/repository/org/apache/ratis/ratis-server-api/2.2.0/ratis-server-api-2.2.0.jar:/home/runner/.m2/repository/org/apache/ratis/ratis-metrics/2.2.0/ratis-metrics-2.2.0.jar:/home/runner/.m2/repository/org/apache/ratis/ratis-netty/2.2.0/ratis-netty-2.2.0.jar:/home/runner/.m2/repository/org/apache/ratis/ratis-grpc/2.2.0/ratis-grpc-2.2.0.jar:/home/runner/.m2/repository/org/apache/logging/log4j/log4j-api/2.13.3/log4j-api-2.13.3.jar:/home/runner/.m2/repository/org/apache/logging/log4j/log4j-core/2.13.3/log4j-core-2.13.3.jar:/home/runner/.m2/repository/com/lmax/disruptor/3.4.2/disruptor-3.4.2.jar:/home/runner/.m2/repository/org/apache/commons/commons-pool2/2.6.0/commons-pool2-2.6.0.jar:/home/runner/.m2/repository/org/bouncycastle/bcpkix-jdk15on/1.67/bcpkix-jdk15on-1.67.jar:/home/runner/.m2/repository/commons-validator/commons-validator/1.6/commons-validator-1.6.jar:/home/runner/.m2/repository/commons-beanutils/commons-beanutils/1.9.4/commons-beanutils-1.9.4.jar:/home/runner/.m2/repository/commons-digester/commons-digester/1.8.1/commons-digester-1.8.1.jar:/home/runner/.m2/repository/commons-collections/commons-collections/3.2.2/commons-collections-3.2.2.jar:/home/runner/.m2/repository/io/jaegertracing/jaeger-client/1.6.0/jaeger-client-1.6.0.jar:/home/runner/.m2/repository/io/jaegertracing/jaeger-thrift/1.6.0/jaeger-thrift-1.6.0.jar:/home/runner/.m2/repository/org/apache/thrift/libthrift/0.14.1/libthrift-0.14.1.jar:/home/runner/.m2/repository/com/squareup/okhttp3/okhttp/4.9.0/okhttp-4.9.0.jar:/home/runner/.m2/repository/com/squareup/okio/okio/2.8.0/okio-2.8.0.jar:/home/runner/.m2/repository/io/jaegertracing/jaeger-core/1.6.0/jaeger-core-1.6.0.jar:/home/runner/.m2/repository/io/jaegertracing/jaeger-tracerresolver/1.6.0/jaeger-tracerresolver-1.6.0.jar:/home/runner/.m2/repository/io/opentracing/contrib/opentracing-tracerresolver/0.1.8/opentracing-tracerresolver-0.1.8.jar:/home/runner/.m2/repository/org/jetbrains/kotlin/kotlin-stdlib/1.4.31/kotlin-stdlib-1.4.31.jar:/home/runner/.m2/repository/org/jetbrains/kotlin/kotlin-stdlib-common/1.4.31/kotlin-stdlib-common-1.4.31.jar:/home/runner/.m2/repository/org/jetbrains/annotations/13.0/annotations-13.0.jar:/home/runner/.m2/repository/io/opentracing/opentracing-util/0.33.0/opentracing-util-0.33.0.jar:/home/runner/.m2/repository/io/opentracing/opentracing-api/0.33.0/opentracing-api-0.33.0.jar:/home/runner/.m2/repository/io/opentracing/opentracing-noop/0.33.0/opentracing-noop-0.33.0.jar:/home/runner/.m2/repository/org/yaml/snakeyaml/1.26/snakeyaml-1.26.jar:/home/runner/.m2/repository/org/apache/ozone/hdds-interface-admin/1.3.0-SNAPSHOT/hdds-interface-admin-1.3.0-SNAPSHOT.jar:/home/runner/.m2/repository/junit/junit/4.13.1/junit-4.13.1.jar:/home/runner/.m2/repository/org/hamcrest/hamcrest-core/1.3/hamcrest-core-1.3.jar:/home/runner/.m2/repository/org/junit/jupiter/junit-jupiter-api/5.7.0/junit-jupiter-api-5.7.0.jar:/home/runner/.m2/repository/org/apiguardian/apiguardian-api/1.1.0/apiguardian-api-1.1.0.jar:/home/runner/.m2/repository/org/opentest4j/opentest4j/1.2.0/opentest4j-1.2.0.jar:/home/runner/.m2/repository/org/junit/platform/junit-platform-commons/1.7.0/junit-platform-commons-1.7.0.jar:/home/runner/.m2/repository/org/junit/jupiter/junit-jupiter-engine/5.7.0/junit-jupiter-engine-5.7.0.jar:/home/runner/.m2/repository/org/junit/platform/junit-platform-engine/1.7.0/junit-platform-engine-1.7.0.jar:/home/runner/.m2/repository/org/junit/vintage/junit-vintage-engine/5.7.0/junit-vintage-engine-5.7.0.jar:/home/runner/.m2/repository/org/junit/platform/junit-platform-launcher/1.7.0/junit-platform-launcher-1.7.0.jar:/home/runner/.m2/repository/org/openjdk/jmh/jmh-core/1.19/jmh-core-1.19.jar:/home/runner/.m2/repository/net/sf/jopt-simple/jopt-simple/4.6/jopt-simple-4.6.jar:/home/runner/.m2/repository/org/apache/commons/commons-math3/3.1.1/commons-math3-3.1.1.jar:/home/runner/.m2/repository/org/openjdk/jmh/jmh-generator-annprocess/1.19/jmh-generator-annprocess-1.19.jar:/home/runner/.m2/repository/org/mockito/mockito-core/2.28.2/mockito-core-2.28.2.jar:/home/runner/.m2/repository/net/bytebuddy/byte-buddy/1.9.10/byte-buddy-1.9.10.jar:/home/runner/.m2/repository/net/bytebuddy/byte-buddy-agent/1.9.10/byte-buddy-agent-1.9.10.jar:/home/runner/.m2/repository/org/objenesis/objenesis/1.0/objenesis-1.0.jar:/home/runner/.m2/repository/org/apache/hadoop/hadoop-kms/3.3.1/hadoop-kms-3.3.1.jar:/home/runner/.m2/repository/org/apache/hadoop/hadoop-auth/3.3.1/hadoop-auth-3.3.1.jar:/home/runner/.m2/repository/com/nimbusds/nimbus-jose-jwt/7.9/nimbus-jose-jwt-7.9.jar:/home/runner/.m2/repository/com/github/stephenc/jcip/jcip-annotations/1.0-1/jcip-annotations-1.0-1.jar:/home/runner/.m2/repository/net/minidev/json-smart/2.3.1/json-smart-2.3.1.jar:/home/runner/.m2/repository/net/minidev/accessors-smart/2.3.1/accessors-smart-2.3.1.jar:/home/runner/.m2/repository/org/ow2/asm/asm/5.0.4/asm-5.0.4.jar:/home/runner/.m2/repository/org/apache/zookeeper/zookeeper/3.5.6/zookeeper-3.5.6.jar:/home/runner/.m2/repository/org/apache/zookeeper/zookeeper-jute/3.5.6/zookeeper-jute-3.5.6.jar:/home/runner/.m2/repository/org/apache/yetus/audience-annotations/0.5.0/audience-annotations-0.5.0.jar:/home/runner/.m2/repository/org/apache/curator/curator-framework/4.2.0/curator-framework-4.2.0.jar:/home/runner/.m2/repository/org/apache/hadoop/thirdparty/hadoop-shaded-guava/1.1.1/hadoop-shaded-guava-1.1.1.jar:/home/runner/.m2/repository/com/sun/jersey/jersey-core/1.19/jersey-core-1.19.jar:/home/runner/.m2/repository/javax/ws/rs/jsr311-api/1.1.1/jsr311-api-1.1.1.jar:/home/runner/.m2/repository/com/sun/jersey/jersey-server/1.19/jersey-server-1.19.jar:/home/runner/.m2/repository/javax/servlet/javax.servlet-api/3.1.0/javax.servlet-api-3.1.0.jar:/home/runner/.m2/repository/org/eclipse/jetty/jetty-server/9.4.43.v20210629/jetty-server-9.4.43.v20210629.jar:/home/runner/.m2/repository/org/eclipse/jetty/jetty-http/9.4.43.v20210629/jetty-http-9.4.43.v20210629.jar:/home/runner/.m2/repository/org/eclipse/jetty/jetty-io/9.4.43.v20210629/jetty-io-9.4.43.v20210629.jar:/home/runner/.m2/repository/org/eclipse/jetty/jetty-webapp/9.4.43.v20210629/jetty-webapp-9.4.43.v20210629.jar:/home/runner/.m2/repository/org/eclipse/jetty/jetty-xml/9.4.43.v20210629/jetty-xml-9.4.43.v20210629.jar:/home/runner/.m2/repository/org/apache/hadoop/hadoop-common/3.3.1/hadoop-common-3.3.1.jar:/home/runner/.m2/repository/commons-net/commons-net/3.6/commons-net-3.6.jar:/home/runner/.m2/repository/jakarta/activation/jakarta.activation-api/1.2.1/jakarta.activation-api-1.2.1.jar:/home/runner/.m2/repository/com/sun/jersey/jersey-servlet/1.19/jersey-servlet-1.19.jar:/home/runner/.m2/repository/com/sun/jersey/jersey-json/1.19/jersey-json-1.19.jar:/home/runner/.m2/repository/org/codehaus/jettison/jettison/1.1/jettison-1.1.jar:/home/runner/.m2/repository/com/sun/xml/bind/jaxb-impl/2.2.3-1/jaxb-impl-2.2.3-1.jar:/home/runner/.m2/repository/org/codehaus/jackson/jackson-jaxrs/1.9.2/jackson-jaxrs-1.9.2.jar:/home/runner/.m2/repository/org/codehaus/jackson/jackson-xc/1.9.2/jackson-xc-1.9.2.jar:/home/runner/.m2/repository/org/apache/commons/commons-configuration2/2.1.1/commons-configuration2-2.1.1.jar:/home/runner/.m2/repository/org/apache/commons/commons-text/1.4/commons-text-1.4.jar:/home/runner/.m2/repository/com/google/re2j/re2j/1.1/re2j-1.1.jar:/home/runner/.m2/repository/com/jcraft/jsch/0.1.54/jsch-0.1.54.jar:/home/runner/.m2/repository/org/apache/curator/curator-client/4.2.0/curator-client-4.2.0.jar:/home/runner/.m2/repository/org/apache/curator/curator-recipes/4.2.0/curator-recipes-4.2.0.jar:/home/runner/.m2/repository/org/apache/kerby/kerb-core/1.0.1/kerb-core-1.0.1.jar:/home/runner/.m2/repository/org/apache/kerby/kerby-pkix/1.0.1/kerby-pkix-1.0.1.jar:/home/runner/.m2/repository/org/apache/kerby/kerby-asn1/1.0.1/kerby-asn1-1.0.1.jar:/home/runner/.m2/repository/org/apache/kerby/kerby-util/1.0.1/kerby-util-1.0.1.jar:/home/runner/.m2/repository/dnsjava/dnsjava/2.1.7/dnsjava-2.1.7.jar:/home/runner/.m2/repository/org/xerial/snappy/snappy-java/1.1.8.2/snappy-java-1.1.8.2.jar:/home/runner/.m2/repository/org/slf4j/jul-to-slf4j/1.7.30/jul-to-slf4j-1.7.30.jar:/home/runner/.m2/repository/org/eclipse/jetty/jetty-util/9.4.43.v20210629/jetty-util-9.4.43.v20210629.jar:/home/runner/.m2/repository/com/fasterxml/jackson/core/jackson-databind/2.12.1/jackson-databind-2.12.1.jar:/home/runner/.m2/repository/org/apache/hadoop/hadoop-kms/3.3.1/hadoop-kms-3.3.1-tests.jar:/home/runner/.m2/repository/org/apache/ozone/hdds-server-scm/1.3.0-SNAPSHOT/hdds-server-scm-1.3.0-SNAPSHOT-tests.jar:/home/runner/.m2/repository/org/apache/ozone/hdds-container-service/1.3.0-SNAPSHOT/hdds-container-service-1.3.0-SNAPSHOT-tests.jar:/home/runner/.m2/repository/commons-codec/commons-codec/1.11/commons-codec-1.11.jar:/home/runner/.m2/repository/io/netty/netty-transport/4.1.63.Final/netty-transport-4.1.63.Final.jar:/home/runner/.m2/repository/io/netty/netty-resolver/4.1.63.Final/netty-resolver-4.1.63.Final.jar:/home/runner/.m2/repository/io/netty/netty-codec/4.1.63.Final/netty-codec-4.1.63.Final.jar:/home/runner/.m2/repository/io/netty/netty-handler/4.1.63.Final/netty-handler-4.1.63.Final.jar:/home/runner/.m2/repository/org/apache/ozone/hdds-hadoop-dependency-test/1.3.0-SNAPSHOT/hdds-hadoop-dependency-test-1.3.0-SNAPSHOT.jar:/home/runner/.m2/repository/org/apache/hadoop/hadoop-common/3.3.1/hadoop-common-3.3.1-tests.jar:/home/runner/.m2/repository/org/assertj/assertj-core/3.12.2/assertj-core-3.12.2.jar:/home/runner/.m2/repository/org/apache/hadoop/hadoop-hdfs/3.3.1/hadoop-hdfs-3.3.1-tests.jar:/home/runner/.m2/repository/org/eclipse/jetty/jetty-util-ajax/9.4.43.v20210629/jetty-util-ajax-9.4.43.v20210629.jar:/home/runner/.m2/repository/commons-daemon/commons-daemon/1.0.13/commons-daemon-1.0.13.jar:/home/runner/.m2/repository/io/netty/netty/3.10.6.Final/netty-3.10.6.Final.jar:/home/runner/.m2/repository/io/netty/netty-all/4.1.63.Final/netty-all-4.1.63.Final.jar:/home/runner/.m2/repository/org/apache/htrace/htrace-core4/4.1.0-incubating/htrace-core4-4.1.0-incubating.jar:/home/runner/.m2/repository/org/fusesource/leveldbjni/leveldbjni-all/1.8/leveldbjni-all-1.8.jar:/home/runner/.m2/repository/org/apache/hadoop/hadoop-distcp/3.3.1/hadoop-distcp-3.3.1.jar:/home/runner/.m2/repository/org/apache/hadoop/hadoop-mapreduce-client-jobclient/3.3.1/hadoop-mapreduce-client-jobclient-3.3.1.jar:/home/runner/.m2/repository/org/apache/hadoop/hadoop-mapreduce-client-common/3.3.1/hadoop-mapreduce-client-common-3.3.1.jar:/home/runner/.m2/repository/org/apache/hadoop/hadoop-yarn-common/3.3.1/hadoop-yarn-common-3.3.1.jar:/home/runner/.m2/repository/org/apache/hadoop/hadoop-yarn-api/3.3.1/hadoop-yarn-api-3.3.1.jar:/home/runner/.m2/repository/com/sun/jersey/jersey-client/1.19/jersey-client-1.19.jar:/home/runner/.m2/repository/com/sun/jersey/contribs/jersey-guice/1.19/jersey-guice-1.19.jar:/home/runner/.m2/repository/com/fasterxml/jackson/jaxrs/jackson-jaxrs-json-provider/2.12.1/jackson-jaxrs-json-provider-2.12.1.jar:/home/runner/.m2/repository/com/fasterxml/jackson/jaxrs/jackson-jaxrs-base/2.12.1/jackson-jaxrs-base-2.12.1.jar:/home/runner/.m2/repository/org/apache/hadoop/hadoop-yarn-client/3.3.1/hadoop-yarn-client-3.3.1.jar:/home/runner/.m2/repository/org/eclipse/jetty/websocket/websocket-client/9.4.40.v20210413/websocket-client-9.4.40.v20210413.jar:/home/runner/.m2/repository/org/eclipse/jetty/jetty-client/9.4.40.v20210413/jetty-client-9.4.40.v20210413.jar:/home/runner/.m2/repository/org/eclipse/jetty/websocket/websocket-common/9.4.40.v20210413/websocket-common-9.4.40.v20210413.jar:/home/runner/.m2/repository/org/eclipse/jetty/websocket/websocket-api/9.4.40.v20210413/websocket-api-9.4.40.v20210413.jar:/home/runner/.m2/repository/org/jline/jline/3.9.0/jline-3.9.0.jar:/home/runner/.m2/repository/org/apache/hadoop/hadoop-mapreduce-client-core/3.3.1/hadoop-mapreduce-client-core-3.3.1.jar:/home/runner/.m2/repository/org/apache/avro/avro/1.7.7/avro-1.7.7.jar:/home/runner/.m2/repository/org/codehaus/jackson/jackson-core-asl/1.9.13/jackson-core-asl-1.9.13.jar:/home/runner/.m2/repository/org/codehaus/jackson/jackson-mapper-asl/1.9.13/jackson-mapper-asl-1.9.13.jar:/home/runner/.m2/repository/com/thoughtworks/paranamer/paranamer/2.3/paranamer-2.3.jar:/home/runner/.m2/repository/org/apache/hadoop/hadoop-annotations/3.3.1/hadoop-annotations-3.3.1.jar:/usr/lib/jvm/adoptopenjdk-8-hotspot-amd64/jre/../lib/tools.jar:/home/runner/.m2/repository/org/apache/hadoop/hadoop-distcp/3.3.1/hadoop-distcp-3.3.1-tests.jar:/home/runner/.m2/repository/org/apache/ratis/ratis-common/2.2.0/ratis-common-2.2.0.jar:/home/runner/.m2/repository/org/apache/ratis/ratis-thirdparty-misc/0.7.0/ratis-thirdparty-misc-0.7.0.jar:/home/runner/.m2/repository/org/apache/ratis/ratis-proto/2.2.0/ratis-proto-2.2.0.jar:"/>
    <property name="sun.cpu.endian" value="little"/>
    <property name="user.home" value="/home/runner"/>
    <property name="user.language" value="en"/>
    <property name="java.specification.vendor" value="Oracle Corporation"/>
    <property name="java.home" value="/usr/lib/jvm/adoptopenjdk-8-hotspot-amd64/jre"/>
    <property name="java.security.krb5.conf" value="/home/runner/work/ozone/ozone/hadoop-ozone/integration-test/target/test-classes/krb5.conf"/>
    <property name="basedir" value="/home/runner/work/ozone/ozone/hadoop-ozone/integration-test"/>
    <property name="file.separator" value="/"/>
    <property name="line.separator" value="&#10;"/>
    <property name="java.vm.specification.vendor" value="Oracle Corporation"/>
    <property name="java.specification.name" value="Java Platform API Specification"/>
    <property name="java.awt.graphicsenv" value="sun.awt.X11GraphicsEnvironment"/>
    <property name="skip.installnpx" value="true"/>
    <property name="surefire.real.class.path" value="/home/runner/work/ozone/ozone/hadoop-ozone/integration-test/target/surefire/surefirebooter331236889591785557.jar:/home/runner/.m2/repository/org/jacoco/org.jacoco.agent/0.8.5/org.jacoco.agent-0.8.5-runtime.jar"/>
    <property name="hadoop.log.dir" value="/home/runner/work/ozone/ozone/hadoop-ozone/integration-test/target/log"/>
    <property name="sun.boot.class.path" value="/usr/lib/jvm/adoptopenjdk-8-hotspot-amd64/jre/lib/resources.jar:/usr/lib/jvm/adoptopenjdk-8-hotspot-amd64/jre/lib/rt.jar:/usr/lib/jvm/adoptopenjdk-8-hotspot-amd64/jre/lib/sunrsasign.jar:/usr/lib/jvm/adoptopenjdk-8-hotspot-amd64/jre/lib/jsse.jar:/usr/lib/jvm/adoptopenjdk-8-hotspot-amd64/jre/lib/jce.jar:/usr/lib/jvm/adoptopenjdk-8-hotspot-amd64/jre/lib/charsets.jar:/usr/lib/jvm/adoptopenjdk-8-hotspot-amd64/jre/lib/jfr.jar:/usr/lib/jvm/adoptopenjdk-8-hotspot-amd64/jre/classes"/>
    <property name="sun.management.compiler" value="HotSpot 64-Bit Tiered Compilers"/>
    <property name="skip.npx" value="true"/>
    <property name="java.runtime.version" value="1.8.0_292-b10"/>
    <property name="java.net.preferIPv4Stack" value="true"/>
    <property name="user.name" value="runner"/>
    <property name="path.separator" value=":"/>
    <property name="java.security.egd" value="file:///dev/urandom"/>
    <property name="os.version" value="5.4.0-1063-azure"/>
    <property name="java.endorsed.dirs" value="/usr/lib/jvm/adoptopenjdk-8-hotspot-amd64/jre/lib/endorsed"/>
    <property name="java.runtime.name" value="OpenJDK Runtime Environment"/>
    <property name="file.encoding" value="UTF-8"/>
    <property name="java.vm.name" value="OpenJDK 64-Bit Server VM"/>
    <property name="test.build.webapps" value=""/>
    <property name="localRepository" value="/home/runner/.m2/repository"/>
    <property name="java.vendor.url.bug" value="https://github.com/AdoptOpenJDK/openjdk-support/issues"/>
    <property name="java.io.tmpdir" value="/tmp"/>
    <property name="require.test.libhadoop" value=""/>
    <property name="java.version" value="1.8.0_292"/>
    <property name="user.dir" value="/home/runner/work/ozone/ozone/hadoop-ozone/integration-test"/>
    <property name="os.arch" value="amd64"/>
    <property name="java.vm.specification.name" value="Java Virtual Machine Specification"/>
    <property name="test.build.classes" value="/home/runner/work/ozone/ozone/hadoop-ozone/integration-test/target/test-classes"/>
    <property name="java.awt.printerjob" value="sun.print.PSPrinterJob"/>
    <property name="sun.os.patch.level" value="unknown"/>
    <property name="hadoop.tmp.dir" value="/home/runner/work/ozone/ozone/hadoop-ozone/integration-test/target/tmp"/>
    <property name="java.library.path" value="/usr/java/packages/lib/amd64:/usr/lib64:/lib64:/lib:/usr/lib"/>
    <property name="java.vm.info" value="mixed mode"/>
    <property name="java.vendor" value="AdoptOpenJDK"/>
    <property name="java.vm.version" value="25.292-b10"/>
    <property name="java.ext.dirs" value="/usr/lib/jvm/adoptopenjdk-8-hotspot-amd64/jre/lib/ext:/usr/java/packages/lib/ext"/>
    <property name="sun.io.unicode.encoding" value="UnicodeLittle"/>
    <property name="java.class.version" value="52.0"/>
  </properties>
  <testcase name="test2DatanodesFailure" classname="org.apache.hadoop.ozone.client.rpc.TestBlockOutputStreamWithFailures" time="72.671">
    <error message="java.io.IOException: INTERNAL_ERROR org.apache.hadoop.ozone.om.exceptions.OMException: Allocated 0 blocks. Requested 1 blocks" type="java.io.IOException">java.io.IOException: java.io.IOException: INTERNAL_ERROR org.apache.hadoop.ozone.om.exceptions.OMException: Allocated 0 blocks. Requested 1 blocks
	at org.apache.hadoop.ozone.client.io.KeyOutputStream.handleWrite(KeyOutputStream.java:243)
	at org.apache.hadoop.ozone.client.io.KeyOutputStream.write(KeyOutputStream.java:213)
	at org.apache.hadoop.ozone.client.io.OzoneOutputStream.write(OzoneOutputStream.java:50)
	at java.io.OutputStream.write(OutputStream.java:75)
	at org.apache.hadoop.ozone.client.rpc.TestBlockOutputStreamWithFailures.test2DatanodesFailure(TestBlockOutputStreamWithFailures.java:414)
	at sun.reflect.NativeMethodAccessorImpl.invoke0(Native Method)
	at sun.reflect.NativeMethodAccessorImpl.invoke(NativeMethodAccessorImpl.java:62)
	at sun.reflect.DelegatingMethodAccessorImpl.invoke(DelegatingMethodAccessorImpl.java:43)
	at java.lang.reflect.Method.invoke(Method.java:498)
	at org.junit.runners.model.FrameworkMethod$1.runReflectiveCall(FrameworkMethod.java:59)
	at org.junit.internal.runners.model.ReflectiveCallable.run(ReflectiveCallable.java:12)
	at org.junit.runners.model.FrameworkMethod.invokeExplosively(FrameworkMethod.java:56)
	at org.junit.internal.runners.statements.InvokeMethod.evaluate(InvokeMethod.java:17)
	at org.junit.internal.runners.statements.RunBefores.evaluate(RunBefores.java:26)
	at org.junit.internal.runners.statements.RunAfters.evaluate(RunAfters.java:27)
	at org.junit.internal.runners.statements.FailOnTimeout$CallableStatement.call(FailOnTimeout.java:288)
	at org.junit.internal.runners.statements.FailOnTimeout$CallableStatement.call(FailOnTimeout.java:282)
	at java.util.concurrent.FutureTask.run(FutureTask.java:266)
	at java.lang.Thread.run(Thread.java:748)
Caused by: java.io.IOException: INTERNAL_ERROR org.apache.hadoop.ozone.om.exceptions.OMException: Allocated 0 blocks. Requested 1 blocks
	at org.apache.hadoop.ozone.client.io.KeyOutputStream.handleWrite(KeyOutputStream.java:243)
	at org.apache.hadoop.ozone.client.io.KeyOutputStream.handleRetry(KeyOutputStream.java:415)
	at org.apache.hadoop.ozone.client.io.KeyOutputStream.handleException(KeyOutputStream.java:360)
	at org.apache.hadoop.ozone.client.io.KeyOutputStream.handleFlushOrClose(KeyOutputStream.java:471)
	at org.apache.hadoop.ozone.client.io.KeyOutputStream.handleWrite(KeyOutputStream.java:237)
	... 18 more
Caused by: INTERNAL_ERROR org.apache.hadoop.ozone.om.exceptions.OMException: Allocated 0 blocks. Requested 1 blocks
	at org.apache.hadoop.ozone.om.protocolPB.OzoneManagerProtocolClientSideTranslatorPB.handleError(OzoneManagerProtocolClientSideTranslatorPB.java:632)
	at org.apache.hadoop.ozone.om.protocolPB.OzoneManagerProtocolClientSideTranslatorPB.allocateBlock(OzoneManagerProtocolClientSideTranslatorPB.java:662)
	at org.apache.hadoop.ozone.client.io.BlockOutputStreamEntryPool.allocateNewBlock(BlockOutputStreamEntryPool.java:305)
	at org.apache.hadoop.ozone.client.io.BlockOutputStreamEntryPool.allocateBlockIfNeeded(BlockOutputStreamEntryPool.java:366)
	at org.apache.hadoop.ozone.client.io.KeyOutputStream.handleWrite(KeyOutputStream.java:222)
	... 22 more
</error>
    <system-out><![CDATA[2021-11-30 10:07:36,541 [Time-limited test] WARN  server.ServerUtils (ServerUtils.java:getScmDbDir(148)) - ozone.scm.db.dirs is not configured. We recommend adding this setting. Falling back to ozone.metadata.dirs instead.
2021-11-30 10:07:36,618 [Time-limited test] INFO  ha.SCMHANodeDetails (SCMHANodeDetails.java:loadSCMHAConfig(157)) - ServiceID for StorageContainerManager is null
2021-11-30 10:07:36,618 [Time-limited test] INFO  ha.SCMHANodeDetails (SCMHANodeDetails.java:loadSCMHAConfig(162)) - ozone.scm.default.service.id is not defined, falling back to ozone.scm.service.ids to find serviceID for StorageContainerManager if it is HA enabled cluster
2021-11-30 10:07:36,719 [Time-limited test] WARN  server.ServerUtils (ServerUtils.java:getScmDbDir(148)) - ozone.scm.db.dirs is not configured. We recommend adding this setting. Falling back to ozone.metadata.dirs instead.
2021-11-30 10:07:36,722 [Time-limited test] INFO  upgrade.AbstractLayoutVersionManager (AbstractLayoutVersionManager.java:init(79)) - Initializing Layout version manager with metadata layout = SCM_HA (version = 2), software layout = SCM_HA (version = 2)
2021-11-30 10:07:36,913 [Time-limited test] INFO  reflections.Reflections (Reflections.java:scan(232)) - Reflections took 123 ms to scan 7 urls, producing 119 keys and 279 values 
2021-11-30 10:07:37,515 [Time-limited test] WARN  utils.HAUtils (HAUtils.java:getMetaDir(342)) - ozone.scm.db.dirs is not configured. We recommend adding this setting. Falling back to ozone.metadata.dirs instead.
2021-11-30 10:07:37,640 [Time-limited test] WARN  db.DBStoreBuilder (DBStoreBuilder.java:applyDBDefinition(145)) - ozone.scm.db.dirs is not configured. We recommend adding this setting. Falling back to ozone.metadata.dirs instead.
2021-11-30 10:07:37,798 [Time-limited test] INFO  net.NodeSchemaLoader (NodeSchemaLoader.java:loadSchemaFromFile(129)) - Loading schema from [jar:file:/home/runner/.m2/repository/org/apache/ozone/hdds-common/1.3.0-SNAPSHOT/hdds-common-1.3.0-SNAPSHOT.jar!/network-topology-default.xml]
2021-11-30 10:07:37,800 [Time-limited test] INFO  net.NodeSchemaLoader (NodeSchemaLoader.java:loadSchema(176)) - Loading network topology layer schema file
2021-11-30 10:07:37,843 [Time-limited test] INFO  metrics.MetricRegistries (MetricRegistriesLoader.java:load(64)) - Loaded MetricRegistries class org.apache.ratis.metrics.impl.MetricRegistriesImpl
2021-11-30 10:07:37,858 [Time-limited test] INFO  ha.SequenceIdGenerator (SequenceIdGenerator.java:upgradeToSequenceId(347)) - upgrade localId to 107544261427200000
2021-11-30 10:07:37,859 [Time-limited test] INFO  ha.SequenceIdGenerator (SequenceIdGenerator.java:upgradeToSequenceId(357)) - upgrade delTxnId to 0
2021-11-30 10:07:37,863 [Time-limited test] INFO  ha.SequenceIdGenerator (SequenceIdGenerator.java:upgradeToSequenceId(371)) - upgrade containerId to 0
2021-11-30 10:07:37,868 [Time-limited test] INFO  ha.SequenceIdGenerator (SequenceIdGenerator.java:<init>(218)) - Init the HA SequenceIdGenerator.
2021-11-30 10:07:37,917 [Time-limited test] WARN  server.ServerUtils (ServerUtils.java:sanitizeUserArgs(67)) - ozone.scm.dead.node.interval value = 10000 is smaller than min = 20000 based on the key value of ozone.scm.stale.node.interval, reset to the min value 20000.
2021-11-30 10:07:37,925 [Time-limited test] INFO  node.SCMNodeManager (SCMNodeManager.java:<init>(144)) - Entering startup safe mode.
2021-11-30 10:07:37,989 [Time-limited test] INFO  algorithms.ContainerPlacementPolicyFactory (ContainerPlacementPolicyFactory.java:getPolicy(60)) - Create container placement policy of type org.apache.hadoop.hdds.scm.container.placement.algorithms.SCMContainerPlacementRandom
2021-11-30 10:07:37,998 [Time-limited test] INFO  pipeline.PipelineStateManagerImpl (PipelineStateManagerImpl.java:initialize(78)) - No pipeline exists in current db
2021-11-30 10:07:38,035 [Time-limited test] INFO  algorithms.LeaderChoosePolicyFactory (LeaderChoosePolicyFactory.java:getPolicy(57)) - Create leader choose policy of type org.apache.hadoop.hdds.scm.pipeline.leader.choose.algorithms.MinLeaderCountChoosePolicy
2021-11-30 10:07:38,043 [Time-limited test] INFO  ha.SCMServiceManager (SCMServiceManager.java:register(43)) - Registering service BackgroundPipelineCreator.
2021-11-30 10:07:38,043 [Time-limited test] INFO  pipeline.BackgroundPipelineCreator (BackgroundPipelineCreator.java:start(130)) - Starting RatisPipelineUtilsThread.
2021-11-30 10:07:38,084 [Time-limited test] INFO  algorithms.PipelineChoosePolicyFactory (PipelineChoosePolicyFactory.java:createPipelineChoosePolicyFromClass(73)) - Create pipeline choose policy of type org.apache.hadoop.hdds.scm.pipeline.choose.algorithms.RandomPipelineChoosePolicy
2021-11-30 10:07:38,104 [Time-limited test] INFO  ha.SCMServiceManager (SCMServiceManager.java:register(43)) - Registering service SCMBlockDeletingService.
2021-11-30 10:07:38,129 [Time-limited test] INFO  ha.SCMServiceManager (SCMServiceManager.java:register(43)) - Registering service ReplicationManager.
2021-11-30 10:07:38,132 [Time-limited test] INFO  container.ReplicationManager (ReplicationManager.java:start(319)) - Starting Replication Monitor Thread.
2021-11-30 10:07:38,144 [ReplicationMonitor] INFO  container.ReplicationManager (ReplicationManager.java:processAll(371)) - Replication Monitor Thread took 0 milliseconds for processing 0 containers.
2021-11-30 10:07:38,146 [Time-limited test] INFO  safemode.ContainerSafeModeRule (ContainerSafeModeRule.java:<init>(89)) - containers with one replica threshold count 0
2021-11-30 10:07:38,150 [Time-limited test] INFO  safemode.HealthyPipelineSafeModeRule (HealthyPipelineSafeModeRule.java:initializeRule(156)) - Total pipeline count is 0, healthy pipeline threshold count is 1
2021-11-30 10:07:38,157 [Time-limited test] INFO  safemode.OneReplicaPipelineSafeModeRule (OneReplicaPipelineSafeModeRule.java:initializeRule(180)) - Total pipeline count is 0, pipeline's with at least one datanode reported threshold count is 0
2021-11-30 10:07:38,544 [Time-limited test] INFO  ipc.CallQueueManager (CallQueueManager.java:<init>(90)) - Using callQueue: class java.util.concurrent.LinkedBlockingQueue, queueCapacity: 2000, scheduler: class org.apache.hadoop.ipc.DefaultRpcScheduler, ipcBackoff: false.
2021-11-30 10:07:38,582 [Socket Reader #1 for port 0] INFO  ipc.Server (Server.java:run(1265)) - Starting Socket Reader #1 for port 0
2021-11-30 10:07:38,630 [Listener at 0.0.0.0/34443] INFO  ipc.CallQueueManager (CallQueueManager.java:<init>(90)) - Using callQueue: class java.util.concurrent.LinkedBlockingQueue, queueCapacity: 2000, scheduler: class org.apache.hadoop.ipc.DefaultRpcScheduler, ipcBackoff: false.
2021-11-30 10:07:38,631 [Socket Reader #1 for port 0] INFO  ipc.Server (Server.java:run(1265)) - Starting Socket Reader #1 for port 0
2021-11-30 10:07:38,652 [Listener at 0.0.0.0/35975] INFO  ipc.CallQueueManager (CallQueueManager.java:<init>(90)) - Using callQueue: class java.util.concurrent.LinkedBlockingQueue, queueCapacity: 2000, scheduler: class org.apache.hadoop.ipc.DefaultRpcScheduler, ipcBackoff: false.
2021-11-30 10:07:38,653 [Socket Reader #1 for port 0] INFO  ipc.Server (Server.java:run(1265)) - Starting Socket Reader #1 for port 0
2021-11-30 10:07:38,706 [Listener at 0.0.0.0/33467] INFO  algorithms.ContainerPlacementPolicyFactory (ContainerPlacementPolicyFactory.java:getPolicy(60)) - Create container placement policy of type org.apache.hadoop.hdds.scm.container.placement.algorithms.SCMContainerPlacementRandom
2021-11-30 10:07:38,719 [Listener at 0.0.0.0/33467] INFO  server.StorageContainerManager (StorageContainerManager.java:<init>(388)) - 
Container Balancer status:
Key                            Value
Running                        false
Container Balancer Configuration values:
Key                                                Value
Threshold                                          0.1
Max Datanodes to Involve per Iteration(ratio)      0.2
Max Size to Move per Iteration                     30GB
Max Size Entering Target per Iteration             1GB
Max Size Leaving Source per Iteration              1GB

2021-11-30 10:07:38,719 [Listener at 0.0.0.0/33467] WARN  events.EventQueue (EventQueue.java:fireEvent(194)) - No event handler registered for event TypedEvent{payloadType=SafeModeStatus, name='Safe mode status'}
2021-11-30 10:07:38,719 [Listener at 0.0.0.0/33467] INFO  ha.SCMContext (SCMContext.java:updateSafeModeStatus(205)) - Update SafeModeStatus from SafeModeStatus{safeModeStatus=true, preCheckPassed=false} to SafeModeStatus{safeModeStatus=true, preCheckPassed=false}.
2021-11-30 10:07:38,723 [Listener at 0.0.0.0/33467] INFO  server.StorageContainerManager (StorageContainerManager.java:start(1303)) - StorageContainerLocationProtocol RPC server is listening at /0.0.0.0:33467
2021-11-30 10:07:38,789 [Listener at 0.0.0.0/33467] WARN  impl.MetricsConfig (MetricsConfig.java:loadFirst(136)) - Cannot locate configuration: tried hadoop-metrics2-storagecontainermanager.properties,hadoop-metrics2.properties
2021-11-30 10:07:38,808 [Listener at 0.0.0.0/33467] INFO  impl.MetricsSystemImpl (MetricsSystemImpl.java:startTimer(378)) - Scheduled Metric snapshot period at 10 second(s).
2021-11-30 10:07:38,811 [Listener at 0.0.0.0/33467] INFO  impl.MetricsSystemImpl (MetricsSystemImpl.java:start(191)) - StorageContainerManager metrics system started
2021-11-30 10:07:39,129 [Listener at 0.0.0.0/33467] INFO  server.SCMClientProtocolServer (SCMClientProtocolServer.java:start(164)) - RPC server for Client  is listening at /0.0.0.0:33467
2021-11-30 10:07:39,132 [IPC Server Responder] INFO  ipc.Server (Server.java:run(1507)) - IPC Server Responder: starting
2021-11-30 10:07:39,133 [IPC Server listener on 0] INFO  ipc.Server (Server.java:run(1344)) - IPC Server listener on 0: starting
2021-11-30 10:07:39,138 [Listener at 0.0.0.0/33467] INFO  server.StorageContainerManager (StorageContainerManager.java:start(1318)) - ScmBlockLocationProtocol RPC server is listening at /0.0.0.0:35975
2021-11-30 10:07:39,138 [Listener at 0.0.0.0/33467] INFO  server.SCMBlockProtocolServer (SCMBlockProtocolServer.java:start(151)) - RPC server for Block Protocol is listening at /0.0.0.0:35975
2021-11-30 10:07:39,139 [IPC Server Responder] INFO  ipc.Server (Server.java:run(1507)) - IPC Server Responder: starting
2021-11-30 10:07:39,139 [IPC Server listener on 0] INFO  ipc.Server (Server.java:run(1344)) - IPC Server listener on 0: starting
2021-11-30 10:07:39,142 [Listener at 0.0.0.0/33467] INFO  server.StorageContainerManager (StorageContainerManager.java:start(1324)) - ScmDatanodeProtocl RPC server is listening at /0.0.0.0:34443
2021-11-30 10:07:39,142 [Listener at 0.0.0.0/33467] INFO  server.SCMDatanodeProtocolServer (SCMDatanodeProtocolServer.java:start(181)) - RPC server for DataNodes is listening at /0.0.0.0:34443
2021-11-30 10:07:39,143 [IPC Server Responder] INFO  ipc.Server (Server.java:run(1507)) - IPC Server Responder: starting
2021-11-30 10:07:39,143 [IPC Server listener on 0] INFO  ipc.Server (Server.java:run(1344)) - IPC Server listener on 0: starting
2021-11-30 10:07:39,163 [org.apache.hadoop.util.JvmPauseMonitor$Monitor@6af7c2a8] INFO  util.JvmPauseMonitor (JvmPauseMonitor.java:run(188)) - Starting JVM pause monitor
2021-11-30 10:07:39,173 [Listener at 0.0.0.0/33467] INFO  http.BaseHttpServer (BaseHttpServer.java:newHttpServer2BuilderForOzone(209)) - Starting Web-server for scm at: http://0.0.0.0:0
2021-11-30 10:07:39,174 [Listener at 0.0.0.0/33467] INFO  http.BaseHttpServer (BaseHttpServer.java:<init>(107)) - Hadoop Security Enabled: false Ozone Security Enabled: false Ozone HTTP Security Enabled: false 
2021-11-30 10:07:39,200 [Listener at 0.0.0.0/33467] INFO  util.log (Log.java:initialized(170)) - Logging initialized @3915ms to org.eclipse.jetty.util.log.Slf4jLog
2021-11-30 10:07:39,310 [Listener at 0.0.0.0/33467] INFO  server.AuthenticationFilter (AuthenticationFilter.java:constructSecretProvider(240)) - Unable to initialize FileSignerSecretProvider, falling back to use random secrets.
2021-11-30 10:07:39,316 [Listener at 0.0.0.0/33467] WARN  http.HttpRequestLog (HttpRequestLog.java:getRequestLog(103)) - Jetty request log can only be enabled using Log4j
2021-11-30 10:07:39,323 [Listener at 0.0.0.0/33467] INFO  http.HttpServer2 (HttpServer2.java:addGlobalFilter(1030)) - Added global filter 'safety' (class=org.apache.hadoop.hdds.server.http.HttpServer2$QuotingInputFilter)
2021-11-30 10:07:39,326 [Listener at 0.0.0.0/33467] INFO  http.HttpServer2 (HttpServer2.java:addFilter(1006)) - Added filter static_user_filter (class=org.apache.hadoop.http.lib.StaticUserWebFilter$StaticUserFilter) to context scm
2021-11-30 10:07:39,326 [Listener at 0.0.0.0/33467] INFO  http.HttpServer2 (HttpServer2.java:addFilter(1014)) - Added filter static_user_filter (class=org.apache.hadoop.http.lib.StaticUserWebFilter$StaticUserFilter) to context static
2021-11-30 10:07:39,326 [Listener at 0.0.0.0/33467] INFO  http.HttpServer2 (HttpServer2.java:addFilter(1014)) - Added filter static_user_filter (class=org.apache.hadoop.http.lib.StaticUserWebFilter$StaticUserFilter) to context logs
2021-11-30 10:07:39,365 [Listener at 0.0.0.0/33467] INFO  http.HttpServer2 (HttpServer2.java:bindListener(1249)) - Jetty bound to port 45627
2021-11-30 10:07:39,366 [Listener at 0.0.0.0/33467] INFO  server.Server (Server.java:doStart(375)) - jetty-9.4.43.v20210629; built: 2021-06-30T11:07:22.254Z; git: 526006ecfa3af7f1a27ef3a288e2bef7ea9dd7e8; jvm 1.8.0_292-b10
2021-11-30 10:07:39,398 [Listener at 0.0.0.0/33467] INFO  server.session (DefaultSessionIdManager.java:doStart(334)) - DefaultSessionIdManager workerName=node0
2021-11-30 10:07:39,398 [Listener at 0.0.0.0/33467] INFO  server.session (DefaultSessionIdManager.java:doStart(339)) - No SessionScavenger set, using defaults
2021-11-30 10:07:39,400 [Listener at 0.0.0.0/33467] INFO  server.session (HouseKeeper.java:startScavenging(132)) - node0 Scavenging every 600000ms
2021-11-30 10:07:39,412 [Listener at 0.0.0.0/33467] INFO  handler.ContextHandler (ContextHandler.java:doStart(915)) - Started o.e.j.s.ServletContextHandler@222c1ac1{logs,/logs,file:///home/runner/work/ozone/ozone/hadoop-ozone/integration-test/target/log,AVAILABLE}
2021-11-30 10:07:39,413 [Listener at 0.0.0.0/33467] INFO  handler.ContextHandler (ContextHandler.java:doStart(915)) - Started o.e.j.s.ServletContextHandler@f33bfd2{static,/static,file:///home/runner/work/ozone/ozone/hadoop-ozone/integration-test/target/test-classes/webapps/static,AVAILABLE}
2021-11-30 10:07:39,454 [Listener at 0.0.0.0/33467] INFO  handler.ContextHandler (ContextHandler.java:doStart(915)) - Started o.e.j.w.WebAppContext@7e536cf5{scm,/,file:///home/runner/work/ozone/ozone/hadoop-ozone/integration-test/target/test-classes/webapps/scm/,AVAILABLE}{file:/home/runner/work/ozone/ozone/hadoop-ozone/integration-test/target/test-classes/webapps/scm}
2021-11-30 10:07:39,462 [Listener at 0.0.0.0/33467] INFO  server.AbstractConnector (AbstractConnector.java:doStart(331)) - Started ServerConnector@6c8ceec3{HTTP/1.1, (http/1.1)}{0.0.0.0:45627}
2021-11-30 10:07:39,463 [Listener at 0.0.0.0/33467] INFO  server.Server (Server.java:doStart(415)) - Started @4178ms
2021-11-30 10:07:39,468 [Listener at 0.0.0.0/33467] INFO  impl.MetricsSinkAdapter (MetricsSinkAdapter.java:start(204)) - Sink prometheus started
2021-11-30 10:07:39,468 [Listener at 0.0.0.0/33467] INFO  impl.MetricsSystemImpl (MetricsSystemImpl.java:registerSink(305)) - Registered sink prometheus
2021-11-30 10:07:39,469 [Listener at 0.0.0.0/33467] INFO  http.BaseHttpServer (BaseHttpServer.java:updateConnectorAddress(329)) - HTTP server of scm listening at http://0.0.0.0:45627
2021-11-30 10:07:39,471 [Listener at 0.0.0.0/33467] WARN  server.ServerUtils (ServerUtils.java:getDBPath(225)) - ozone.om.db.dirs is not configured. We recommend adding this setting. Falling back to ozone.metadata.dirs instead.
2021-11-30 10:07:39,579 [Listener at 0.0.0.0/33467] INFO  ha.OMHANodeDetails (OMHANodeDetails.java:loadOMHAConfig(112)) - ozone.om.internal.service.id is not defined, falling back to ozone.om.service.ids to find serviceID for OzoneManager if it is HA enabled cluster
2021-11-30 10:07:39,582 [Listener at 0.0.0.0/33467] INFO  ha.OMHANodeDetails (OMHANodeDetails.java:loadOMHAConfig(217)) - Configuration does not have ozone.om.address set. Falling back to the default OM address /127.0.0.1:0
2021-11-30 10:07:39,583 [Listener at 0.0.0.0/33467] INFO  ha.OMHANodeDetails (OMHANodeDetails.java:getOMNodeDetailsForNonHA(245)) - OM Service ID is not set. Setting it to the default ID: omServiceIdDefault
2021-11-30 10:07:39,583 [Listener at 0.0.0.0/33467] INFO  ha.OMHANodeDetails (OMHANodeDetails.java:getOMNodeDetailsForNonHA(252)) - OM Node ID is not set. Setting it to the default ID: om1
2021-11-30 10:07:39,586 [Listener at 0.0.0.0/33467] WARN  server.ServerUtils (ServerUtils.java:getDBPath(225)) - ozone.om.db.dirs is not configured. We recommend adding this setting. Falling back to ozone.metadata.dirs instead.
2021-11-30 10:07:39,588 [Listener at 0.0.0.0/33467] INFO  upgrade.AbstractLayoutVersionManager (AbstractLayoutVersionManager.java:init(79)) - Initializing Layout version manager with metadata layout = INITIAL_VERSION (version = 0), software layout = INITIAL_VERSION (version = 0)
2021-11-30 10:07:39,651 [Listener at 0.0.0.0/33467] INFO  reflections.Reflections (Reflections.java:scan(232)) - Reflections took 59 ms to scan 2 urls, producing 132 keys and 344 values [using 2 cores]
2021-11-30 10:07:39,657 [Listener at 0.0.0.0/33467] INFO  upgrade.OMLayoutVersionManager (OMLayoutVersionManager.java:lambda$0(115)) - Skipping Upgrade Action MockOmUpgradeAction since it has been finalized.
2021-11-30 10:07:39,658 [Listener at 0.0.0.0/33467] WARN  server.ServerUtils (ServerUtils.java:getDBPath(225)) - ozone.om.db.dirs is not configured. We recommend adding this setting. Falling back to ozone.metadata.dirs instead.
2021-11-30 10:07:40,048 [Listener at 0.0.0.0/33467] WARN  server.ServerUtils (ServerUtils.java:getDBPath(225)) - ozone.om.db.dirs is not configured. We recommend adding this setting. Falling back to ozone.metadata.dirs instead.
2021-11-30 10:07:40,055 [Listener at 0.0.0.0/33467] INFO  codec.OmKeyInfoCodec (OmKeyInfoCodec.java:<init>(50)) - OmKeyInfoCodec ignorePipeline = true
2021-11-30 10:07:40,056 [Listener at 0.0.0.0/33467] INFO  codec.RepeatedOmKeyInfoCodec (RepeatedOmKeyInfoCodec.java:<init>(42)) - RepeatedOmKeyInfoCodec ignorePipeline = true
2021-11-30 10:07:40,257 [Listener at 0.0.0.0/33467] INFO  om.OzoneManager (OzoneManager.java:addS3GVolumeToDB(3609)) - Created Volume s3v With Owner runner required for S3Gateway operations.
2021-11-30 10:07:40,323 [Listener at 0.0.0.0/33467] WARN  server.ServerUtils (ServerUtils.java:getDefaultRatisDirectory(237)) - Storage directory for Ratis is not configured. It is a good idea to map this to an SSD disk. Falling back to ozone.metadata.dirs
2021-11-30 10:07:40,324 [Listener at 0.0.0.0/33467] WARN  utils.OzoneManagerRatisUtils (OzoneManagerRatisUtils.java:getOMRatisSnapshotDirectory(431)) - ozone.om.ratis.snapshot.dir is not configured. Falling back to ozone.metadata.dirs config
2021-11-30 10:07:40,347 [Listener at 0.0.0.0/33467] WARN  server.ServerUtils (ServerUtils.java:getDefaultRatisDirectory(237)) - Storage directory for Ratis is not configured. It is a good idea to map this to an SSD disk. Falling back to ozone.metadata.dirs
2021-11-30 10:07:40,384 [Listener at 0.0.0.0/33467] INFO  ratis.OzoneManagerRatisServer (OzoneManagerRatisServer.java:<init>(159)) - Instantiating OM Ratis server with groupID: omServiceIdDefault and peers: localhost:9872
2021-11-30 10:07:40,393 [Listener at 0.0.0.0/33467] INFO  ratis.OzoneManagerStateMachine (OzoneManagerStateMachine.java:loadSnapshotInfoFromDB(605)) - LastAppliedIndex is set from TransactionInfo from OM DB as (t:0, i:~)
2021-11-30 10:07:40,431 [Listener at 0.0.0.0/33467] INFO  server.RaftServer (ConfUtils.java:logGet(44)) - raft.rpc.type = GRPC (default)
2021-11-30 10:07:40,515 [Listener at 0.0.0.0/33467] INFO  grpc.GrpcFactory (GrpcFactory.java:checkPooledByteBufAllocatorUseCacheForAllThreads(48)) - PERFORMANCE WARNING: useCacheForAllThreads is true that may cause Netty to create a lot garbage objects and, as a result, trigger GC.
	It is recommended to disable useCacheForAllThreads by setting -Dorg.apache.ratis.thirdparty.io.netty.allocator.useCacheForAllThreads=false in command line.
2021-11-30 10:07:40,519 [Listener at 0.0.0.0/33467] INFO  grpc.GrpcConfigKeys (ConfUtils.java:logGet(44)) - raft.grpc.admin.port = -1 (default)
2021-11-30 10:07:40,520 [Listener at 0.0.0.0/33467] INFO  grpc.GrpcConfigKeys (ConfUtils.java:logGet(44)) - raft.grpc.server.port = 9872 (custom)
2021-11-30 10:07:40,523 [Listener at 0.0.0.0/33467] INFO  grpc.GrpcConfigKeys (ConfUtils.java:logGet(44)) - raft.grpc.client.port = -1 (default)
2021-11-30 10:07:40,528 [Listener at 0.0.0.0/33467] INFO  grpc.GrpcConfigKeys (ConfUtils.java:logGet(44)) - raft.grpc.server.port = 9872 (custom)
2021-11-30 10:07:40,528 [Listener at 0.0.0.0/33467] INFO  grpc.GrpcConfigKeys (ConfUtils.java:logGet(44)) - raft.grpc.server.port = 9872 (custom)
2021-11-30 10:07:40,529 [Listener at 0.0.0.0/33467] INFO  server.GrpcService (ConfUtils.java:logGet(44)) - raft.grpc.message.size.max = 33554432 (custom)
2021-11-30 10:07:40,530 [Listener at 0.0.0.0/33467] INFO  server.RaftServerConfigKeys (ConfUtils.java:logGet(44)) - raft.server.log.appender.buffer.byte-limit = 33554432 (custom)
2021-11-30 10:07:40,531 [Listener at 0.0.0.0/33467] INFO  server.GrpcService (ConfUtils.java:logGet(44)) - raft.grpc.flow.control.window = 1MB (=1048576) (default)
2021-11-30 10:07:40,531 [Listener at 0.0.0.0/33467] INFO  server.RaftServerConfigKeys (ConfUtils.java:logGet(44)) - raft.server.rpc.request.timeout = 3000ms (default)
2021-11-30 10:07:40,824 [Listener at 0.0.0.0/33467] INFO  impl.DataStreamServerImpl (ConfUtils.java:logGet(44)) - raft.datastream.type = DISABLED (default)
2021-11-30 10:07:40,827 [Listener at 0.0.0.0/33467] INFO  server.RaftServerConfigKeys (ConfUtils.java:logGet(44)) - raft.server.rpc.slowness.timeout = 120s (custom)
2021-11-30 10:07:40,827 [Listener at 0.0.0.0/33467] INFO  server.RaftServerConfigKeys (ConfUtils.java:logGet(44)) - raft.server.leaderelection.leader.step-down.wait-time = 10s (default)
2021-11-30 10:07:40,843 [Listener at 0.0.0.0/33467] INFO  server.RaftServerConfigKeys (ConfUtils.java:logGet(44)) - raft.server.storage.dir = [/home/runner/work/ozone/ozone/hadoop-ozone/integration-test/target/test-dir/MiniOzoneClusterImpl-0e29ee7e-a070-46b0-aa8f-4a21e578e9b3/ozone-meta/ratis] (custom)
2021-11-30 10:07:40,849 [Listener at 0.0.0.0/33467] INFO  server.RaftServer (RaftServerProxy.java:addNew(95)) - om1: addNew group-C5BA1605619E:[om1|rpc:localhost:9872|priority:0] returns group-C5BA1605619E:java.util.concurrent.CompletableFuture@574fa6f9[Not completed]
2021-11-30 10:07:40,850 [Listener at 0.0.0.0/33467] INFO  om.OzoneManager (OzoneManager.java:initializeRatisServer(1771)) - OzoneManager Ratis server initialized at port 9872
2021-11-30 10:07:40,873 [Listener at 0.0.0.0/33467] INFO  ipc.CallQueueManager (CallQueueManager.java:<init>(90)) - Using callQueue: class java.util.concurrent.LinkedBlockingQueue, queueCapacity: 2000, scheduler: class org.apache.hadoop.ipc.DefaultRpcScheduler, ipcBackoff: false.
2021-11-30 10:07:40,878 [pool-39-thread-1] INFO  server.RaftServer$Division (RaftServerImpl.java:<init>(184)) - om1: new RaftServerImpl for group-C5BA1605619E:[om1|rpc:localhost:9872|priority:0] with OzoneManagerStateMachine:uninitialized
2021-11-30 10:07:40,882 [pool-39-thread-1] INFO  server.RaftServerConfigKeys (ConfUtils.java:logGet(44)) - raft.server.rpc.timeout.min = 1s (custom)
2021-11-30 10:07:40,891 [pool-39-thread-1] INFO  server.RaftServerConfigKeys (ConfUtils.java:logGet(44)) - raft.server.rpc.timeout.max = 1200ms (custom)
2021-11-30 10:07:40,891 [pool-39-thread-1] INFO  server.RaftServerConfigKeys (ConfUtils.java:logGet(44)) - raft.server.rpc.sleep.time = 25ms (default)
2021-11-30 10:07:40,891 [pool-39-thread-1] INFO  server.RaftServerConfigKeys (ConfUtils.java:logGet(44)) - raft.server.rpc.slowness.timeout = 120s (custom)
2021-11-30 10:07:40,891 [pool-39-thread-1] INFO  server.RaftServerConfigKeys (ConfUtils.java:logGet(44)) - raft.server.leaderelection.leader.step-down.wait-time = 10s (default)
2021-11-30 10:07:40,891 [pool-39-thread-1] INFO  server.RaftServerConfigKeys (ConfUtils.java:logGet(44)) - raft.server.sleep.deviation.threshold = 300ms (default)
2021-11-30 10:07:40,892 [pool-39-thread-1] INFO  server.RaftServerConfigKeys (ConfUtils.java:logGet(44)) - raft.server.log.appender.install.snapshot.enabled = false (custom)
2021-11-30 10:07:40,898 [pool-39-thread-1] INFO  server.RaftServer$Division (ServerState.java:<init>(105)) - om1@group-C5BA1605619E: ConfigurationManager, init=-1: [om1|rpc:localhost:9872|priority:0], old=null, confs=<EMPTY_MAP>
2021-11-30 10:07:40,892 [Socket Reader #1 for port 0] INFO  ipc.Server (Server.java:run(1265)) - Starting Socket Reader #1 for port 0
2021-11-30 10:07:40,904 [pool-39-thread-1] INFO  server.RaftServerConfigKeys (ConfUtils.java:logGet(44)) - raft.server.storage.dir = [/home/runner/work/ozone/ozone/hadoop-ozone/integration-test/target/test-dir/MiniOzoneClusterImpl-0e29ee7e-a070-46b0-aa8f-4a21e578e9b3/ozone-meta/ratis] (custom)
2021-11-30 10:07:40,909 [pool-39-thread-1] INFO  server.RaftServerConfigKeys (ConfUtils.java:logGet(44)) - raft.server.log.corruption.policy = EXCEPTION (default)
2021-11-30 10:07:40,916 [pool-39-thread-1] INFO  server.RaftServerConfigKeys (ConfUtils.java:logGet(44)) - raft.server.storage.free-space.min = 0MB (=0) (default)
2021-11-30 10:07:40,918 [pool-39-thread-1] INFO  storage.RaftStorageDirectory (RaftStorageDirectoryImpl.java:analyzeStorage(135)) - The storage directory /home/runner/work/ozone/ozone/hadoop-ozone/integration-test/target/test-dir/MiniOzoneClusterImpl-0e29ee7e-a070-46b0-aa8f-4a21e578e9b3/ozone-meta/ratis/bf265839-605b-3f16-9796-c5ba1605619e does not exist. Creating ...
2021-11-30 10:07:40,927 [Listener at 127.0.0.1/41539] INFO  om.OzoneManager (OzoneManager.java:initFSOLayout(3786)) - Configured ozone.om.metadata.layout=SIMPLE and disabled optimized OM FS operations
2021-11-30 10:07:40,928 [pool-39-thread-1] INFO  storage.RaftStorageDirectory (RaftStorageDirectoryImpl.java:tryLock(230)) - Lock on /home/runner/work/ozone/ozone/hadoop-ozone/integration-test/target/test-dir/MiniOzoneClusterImpl-0e29ee7e-a070-46b0-aa8f-4a21e578e9b3/ozone-meta/ratis/bf265839-605b-3f16-9796-c5ba1605619e/in_use.lock acquired by nodename 12829@fv-az297-56
2021-11-30 10:07:40,935 [Listener at 127.0.0.1/41539] INFO  impl.MetricsSystemImpl (MetricsSystemImpl.java:init(158)) - OzoneManager metrics system started (again)
2021-11-30 10:07:40,944 [pool-39-thread-1] INFO  storage.RaftStorage (RaftStorageImpl.java:format(89)) - Storage directory /home/runner/work/ozone/ozone/hadoop-ozone/integration-test/target/test-dir/MiniOzoneClusterImpl-0e29ee7e-a070-46b0-aa8f-4a21e578e9b3/ozone-meta/ratis/bf265839-605b-3f16-9796-c5ba1605619e has been successfully formatted.
2021-11-30 10:07:40,947 [pool-39-thread-1] INFO  server.RaftServerConfigKeys (ConfUtils.java:logGet(44)) - raft.server.notification.no-leader.timeout = 120s (custom)
2021-11-30 10:07:40,949 [pool-39-thread-1] INFO  server.RaftServerConfigKeys (ConfUtils.java:logGet(44)) - raft.server.log.use.memory = false (default)
2021-11-30 10:07:40,958 [pool-39-thread-1] INFO  server.RaftServerConfigKeys (ConfUtils.java:logGet(44)) - raft.server.log.purge.gap = 1000000 (custom)
2021-11-30 10:07:40,968 [pool-39-thread-1] INFO  server.RaftServerConfigKeys (ConfUtils.java:logGet(44)) - raft.server.log.appender.buffer.byte-limit = 33554432 (custom)
2021-11-30 10:07:40,962 [Listener at 127.0.0.1/41539] INFO  om.OzoneManager (OzoneManager.java:start(1365)) - OzoneManager RPC server is listening at localhost/127.0.0.1:41539
2021-11-30 10:07:40,980 [Listener at 127.0.0.1/41539] INFO  ratis.OzoneManagerRatisServer (OzoneManagerRatisServer.java:start(516)) - Starting OzoneManagerRatisServer om1 at port 9872
2021-11-30 10:07:40,984 [pool-39-thread-1] INFO  server.RaftServerConfigKeys (ConfUtils.java:logGet(44)) - raft.server.log.segment.size.max = 4194304 (custom)
2021-11-30 10:07:40,992 [pool-39-thread-1] INFO  server.RaftServerConfigKeys (ConfUtils.java:logGet(44)) - raft.server.log.segment.cache.num.max = 2 (custom)
2021-11-30 10:07:40,992 [pool-39-thread-1] INFO  server.RaftServerConfigKeys (ConfUtils.java:logGet(44)) - raft.server.log.segment.cache.size.max = 200MB (=209715200) (default)
2021-11-30 10:07:40,999 [pool-39-thread-1] INFO  segmented.SegmentedRaftLogWorker (SegmentedRaftLogWorker.java:<init>(182)) - new om1@group-C5BA1605619E-SegmentedRaftLogWorker for RaftStorageImpl:Storage Directory /home/runner/work/ozone/ozone/hadoop-ozone/integration-test/target/test-dir/MiniOzoneClusterImpl-0e29ee7e-a070-46b0-aa8f-4a21e578e9b3/ozone-meta/ratis/bf265839-605b-3f16-9796-c5ba1605619e
2021-11-30 10:07:40,999 [pool-39-thread-1] INFO  server.RaftServerConfigKeys (ConfUtils.java:logGet(44)) - raft.server.log.queue.byte-limit = 64MB (=67108864) (default)
2021-11-30 10:07:41,000 [pool-39-thread-1] INFO  server.RaftServerConfigKeys (ConfUtils.java:logGet(44)) - raft.server.log.queue.element-limit = 4096 (default)
2021-11-30 10:07:41,001 [pool-39-thread-1] INFO  server.RaftServerConfigKeys (ConfUtils.java:logGet(44)) - raft.server.log.segment.size.max = 4194304 (custom)
2021-11-30 10:07:41,001 [pool-39-thread-1] INFO  server.RaftServerConfigKeys (ConfUtils.java:logGet(44)) - raft.server.log.preallocated.size = 4194304 (custom)
2021-11-30 10:07:41,002 [pool-39-thread-1] INFO  server.RaftServerConfigKeys (ConfUtils.java:logGet(44)) - raft.server.log.force.sync.num = 128 (default)
2021-11-30 10:07:41,003 [pool-39-thread-1] INFO  server.RaftServerConfigKeys (ConfUtils.java:logGet(44)) - raft.server.log.statemachine.data.sync = true (default)
2021-11-30 10:07:41,003 [pool-39-thread-1] INFO  server.RaftServerConfigKeys (ConfUtils.java:logGet(44)) - raft.server.log.statemachine.data.sync.timeout = 10s (default)
2021-11-30 10:07:41,004 [pool-39-thread-1] INFO  server.RaftServerConfigKeys (ConfUtils.java:logGet(44)) - raft.server.log.statemachine.data.sync.timeout.retry = -1 (default)
2021-11-30 10:07:41,012 [pool-39-thread-1] INFO  server.RaftServerConfigKeys (ConfUtils.java:logGet(44)) - raft.server.log.write.buffer.size = 64KB (=65536) (default)
2021-11-30 10:07:41,012 [pool-39-thread-1] INFO  server.RaftServerConfigKeys (ConfUtils.java:logGet(44)) - raft.server.log.statemachine.data.caching.enabled = false (default)
2021-11-30 10:07:41,019 [pool-39-thread-1] INFO  segmented.SegmentedRaftLogWorker (SegmentedRaftLogWorker.java:lambda$new$0(133)) - om1@group-C5BA1605619E-SegmentedRaftLogWorker: flushIndex: setUnconditionally 0 -> -1
2021-11-30 10:07:41,019 [pool-39-thread-1] INFO  segmented.SegmentedRaftLogWorker (SegmentedRaftLogWorker.java:lambda$new$0(133)) - om1@group-C5BA1605619E-SegmentedRaftLogWorker: safeCacheEvictIndex: setUnconditionally 0 -> -1
2021-11-30 10:07:41,023 [pool-39-thread-1] INFO  server.RaftServerConfigKeys (ConfUtils.java:logGet(44)) - raft.server.snapshot.auto.trigger.enabled = true (custom)
2021-11-30 10:07:41,024 [pool-39-thread-1] INFO  server.RaftServerConfigKeys (ConfUtils.java:logGet(44)) - raft.server.snapshot.auto.trigger.threshold = 400000 (default)
2021-11-30 10:07:41,025 [pool-39-thread-1] INFO  server.RaftServerConfigKeys (ConfUtils.java:logGet(44)) - raft.server.snapshot.retention.file.num = -1 (default)
2021-11-30 10:07:41,025 [pool-39-thread-1] INFO  server.RaftServerConfigKeys (ConfUtils.java:logGet(44)) - raft.server.log.purge.upto.snapshot.index = true (custom)
2021-11-30 10:07:41,027 [pool-39-thread-1] INFO  server.RaftServerConfigKeys (ConfUtils.java:logGet(44)) - raft.server.retrycache.expirytime = 300s (custom)
2021-11-30 10:07:41,027 [pool-39-thread-1] INFO  server.RaftServerConfigKeys (ConfUtils.java:logGet(44)) - raft.server.retrycache.statistics.expirytime = 100μs (default)
2021-11-30 10:07:41,071 [Listener at 127.0.0.1/41539] INFO  server.RaftServer$Division (RaftServerImpl.java:start(301)) - om1@group-C5BA1605619E: start as a follower, conf=-1: [om1|rpc:localhost:9872|priority:0], old=null
2021-11-30 10:07:41,072 [Listener at 127.0.0.1/41539] INFO  server.RaftServer$Division (RaftServerImpl.java:setRole(290)) - om1@group-C5BA1605619E: changes role from      null to FOLLOWER at term 0 for startAsFollower
2021-11-30 10:07:41,074 [Listener at 127.0.0.1/41539] INFO  impl.RoleInfo (RoleInfo.java:updateAndGet(130)) - om1: start om1@group-C5BA1605619E-FollowerState
2021-11-30 10:07:41,075 [Listener at 127.0.0.1/41539] INFO  util.JmxRegister (JmxRegister.java:tryRegister(44)) - Successfully registered JMX Bean with object name Ratis:service=RaftServer,group=group-C5BA1605619E,id=om1
2021-11-30 10:07:41,080 [Listener at 127.0.0.1/41539] INFO  server.RaftServer (RaftServerProxy.java:lambda$start$5(374)) - om1: start RPC server
2021-11-30 10:07:41,143 [Listener at 127.0.0.1/41539] INFO  server.GrpcService (GrpcService.java:startImpl(253)) - om1: GrpcService started, listening on 9872
2021-11-30 10:07:41,145 [Listener at 127.0.0.1/41539] INFO  om.OzoneManager (OzoneManager.java:start(1381)) - Version File has different layout version (0) than OM DB (null). That is expected if this OM has never been finalized to a newer layout version.
2021-11-30 10:07:41,147 [org.apache.ratis.util.JvmPauseMonitor$$Lambda$533/844391723@37fc666a] INFO  util.JvmPauseMonitor (JvmPauseMonitor.java:run(103)) - JvmPauseMonitor-om1: Started
2021-11-30 10:07:41,155 [Listener at 127.0.0.1/41539] INFO  http.BaseHttpServer (BaseHttpServer.java:newHttpServer2BuilderForOzone(209)) - Starting Web-server for ozoneManager at: http://0.0.0.0:0
2021-11-30 10:07:41,155 [Listener at 127.0.0.1/41539] INFO  http.BaseHttpServer (BaseHttpServer.java:<init>(107)) - Hadoop Security Enabled: false Ozone Security Enabled: false Ozone HTTP Security Enabled: false 
2021-11-30 10:07:41,157 [Listener at 127.0.0.1/41539] INFO  server.AuthenticationFilter (AuthenticationFilter.java:constructSecretProvider(240)) - Unable to initialize FileSignerSecretProvider, falling back to use random secrets.
2021-11-30 10:07:41,164 [Listener at 127.0.0.1/41539] WARN  http.HttpRequestLog (HttpRequestLog.java:getRequestLog(103)) - Jetty request log can only be enabled using Log4j
2021-11-30 10:07:41,165 [Listener at 127.0.0.1/41539] INFO  http.HttpServer2 (HttpServer2.java:addGlobalFilter(1030)) - Added global filter 'safety' (class=org.apache.hadoop.hdds.server.http.HttpServer2$QuotingInputFilter)
2021-11-30 10:07:41,167 [Listener at 127.0.0.1/41539] INFO  http.HttpServer2 (HttpServer2.java:addFilter(1006)) - Added filter static_user_filter (class=org.apache.hadoop.http.lib.StaticUserWebFilter$StaticUserFilter) to context ozoneManager
2021-11-30 10:07:41,168 [Listener at 127.0.0.1/41539] INFO  http.HttpServer2 (HttpServer2.java:addFilter(1014)) - Added filter static_user_filter (class=org.apache.hadoop.http.lib.StaticUserWebFilter$StaticUserFilter) to context static
2021-11-30 10:07:41,169 [Listener at 127.0.0.1/41539] INFO  http.HttpServer2 (HttpServer2.java:addFilter(1014)) - Added filter static_user_filter (class=org.apache.hadoop.http.lib.StaticUserWebFilter$StaticUserFilter) to context logs
2021-11-30 10:07:41,170 [Listener at 127.0.0.1/41539] INFO  http.HttpServer2 (HttpServer2.java:bindListener(1249)) - Jetty bound to port 43957
2021-11-30 10:07:41,171 [Listener at 127.0.0.1/41539] INFO  server.Server (Server.java:doStart(375)) - jetty-9.4.43.v20210629; built: 2021-06-30T11:07:22.254Z; git: 526006ecfa3af7f1a27ef3a288e2bef7ea9dd7e8; jvm 1.8.0_292-b10
2021-11-30 10:07:41,177 [Listener at 127.0.0.1/41539] INFO  server.session (DefaultSessionIdManager.java:doStart(334)) - DefaultSessionIdManager workerName=node0
2021-11-30 10:07:41,177 [Listener at 127.0.0.1/41539] INFO  server.session (DefaultSessionIdManager.java:doStart(339)) - No SessionScavenger set, using defaults
2021-11-30 10:07:41,177 [Listener at 127.0.0.1/41539] INFO  server.session (HouseKeeper.java:startScavenging(132)) - node0 Scavenging every 600000ms
2021-11-30 10:07:41,178 [Listener at 127.0.0.1/41539] INFO  handler.ContextHandler (ContextHandler.java:doStart(915)) - Started o.e.j.s.ServletContextHandler@2bdde142{logs,/logs,file:///home/runner/work/ozone/ozone/hadoop-ozone/integration-test/target/log,AVAILABLE}
2021-11-30 10:07:41,179 [Listener at 127.0.0.1/41539] INFO  handler.ContextHandler (ContextHandler.java:doStart(915)) - Started o.e.j.s.ServletContextHandler@68117a11{static,/static,file:///home/runner/work/ozone/ozone/hadoop-ozone/integration-test/target/test-classes/webapps/static,AVAILABLE}
2021-11-30 10:07:41,183 [Listener at 127.0.0.1/41539] INFO  handler.ContextHandler (ContextHandler.java:doStart(915)) - Started o.e.j.w.WebAppContext@4b6c2949{ozoneManager,/,file:///home/runner/work/ozone/ozone/hadoop-ozone/integration-test/target/test-classes/webapps/ozoneManager/,AVAILABLE}{file:/home/runner/work/ozone/ozone/hadoop-ozone/integration-test/target/test-classes/webapps/ozoneManager}
2021-11-30 10:07:41,184 [Listener at 127.0.0.1/41539] INFO  server.AbstractConnector (AbstractConnector.java:doStart(331)) - Started ServerConnector@6687c648{HTTP/1.1, (http/1.1)}{0.0.0.0:43957}
2021-11-30 10:07:41,188 [Listener at 127.0.0.1/41539] INFO  server.Server (Server.java:doStart(415)) - Started @5903ms
2021-11-30 10:07:41,188 [Listener at 127.0.0.1/41539] WARN  impl.MetricsSystemImpl (MetricsSystemImpl.java:register(279)) - Sink prometheus already exists!
2021-11-30 10:07:41,189 [Listener at 127.0.0.1/41539] INFO  http.BaseHttpServer (BaseHttpServer.java:updateConnectorAddress(329)) - HTTP server of ozoneManager listening at http://0.0.0.0:43957
2021-11-30 10:07:41,189 [IPC Server Responder] INFO  ipc.Server (Server.java:run(1507)) - IPC Server Responder: starting
2021-11-30 10:07:41,189 [IPC Server listener on 0] INFO  ipc.Server (Server.java:run(1344)) - IPC Server listener on 0: starting
2021-11-30 10:07:41,196 [Listener at 127.0.0.1/41539] INFO  om.OzoneManager (OzoneManager.java:startTrashEmptier(1729)) - Trash Interval set to 0. Files deleted will not move to trash
2021-11-30 10:07:41,204 [org.apache.hadoop.util.JvmPauseMonitor$Monitor@34867c15] INFO  util.JvmPauseMonitor (JvmPauseMonitor.java:run(188)) - Starting JVM pause monitor
2021-11-30 10:07:41,368 [Listener at 127.0.0.1/41539] WARN  impl.MetricRegistriesImpl (MetricRegistriesImpl.java:addReporterRegistration(111)) - New reporters are added after registries were created. Some metrics will be missing from the reporter. Please add reporter before adding any new registry.
2021-11-30 10:07:41,369 [Listener at 127.0.0.1/41539] WARN  impl.MetricRegistriesImpl (MetricRegistriesImpl.java:addReporterRegistration(111)) - New reporters are added after registries were created. Some metrics will be missing from the reporter. Please add reporter before adding any new registry.
2021-11-30 10:07:41,369 [Listener at 127.0.0.1/41539] INFO  impl.MetricsSystemImpl (MetricsSystemImpl.java:init(158)) - HddsDatanode metrics system started (again)
2021-11-30 10:07:41,393 [Listener at 127.0.0.1/41539] INFO  ozone.HddsDatanodeService (HddsDatanodeService.java:start(234)) - HddsDatanodeService host:fv-az297-56.nmf1rxwemy4u5di1sxxf4ejcwb.jx.internal.cloudapp.net ip:10.1.0.53
2021-11-30 10:07:41,423 [Listener at 127.0.0.1/41539] INFO  upgrade.AbstractLayoutVersionManager (AbstractLayoutVersionManager.java:init(79)) - Initializing Layout version manager with metadata layout = SCM_HA (version = 2), software layout = SCM_HA (version = 2)
2021-11-30 10:07:41,461 [Listener at 127.0.0.1/41539] INFO  reflections.Reflections (Reflections.java:scan(232)) - Reflections took 37 ms to scan 7 urls, producing 119 keys and 279 values 
2021-11-30 10:07:41,465 [Listener at 127.0.0.1/41539] INFO  statemachine.DatanodeStateMachine (DatanodeStateMachine.java:getEndPointTaskThreadPoolSize(219)) - Datanode State Machine Task Thread Pool size 2
2021-11-30 10:07:41,515 [Listener at 127.0.0.1/41539] INFO  volume.HddsVolume (HddsVolume.java:<init>(120)) - Creating HddsVolume: /home/runner/work/ozone/ozone/hadoop-ozone/integration-test/target/test-dir/MiniOzoneClusterImpl-0e29ee7e-a070-46b0-aa8f-4a21e578e9b3/datanode-0/data-0/containers/hdds of storage type : DISK capacity : 9223372036854775807
2021-11-30 10:07:41,517 [Listener at 127.0.0.1/41539] INFO  volume.MutableVolumeSet (MutableVolumeSet.java:initializeVolumeSet(168)) - Added Volume : /home/runner/work/ozone/ozone/hadoop-ozone/integration-test/target/test-dir/MiniOzoneClusterImpl-0e29ee7e-a070-46b0-aa8f-4a21e578e9b3/datanode-0/data-0/containers/hdds to VolumeSet
2021-11-30 10:07:41,518 [Listener at 127.0.0.1/41539] INFO  volume.ThrottledAsyncChecker (ThrottledAsyncChecker.java:schedule(141)) - Scheduling a check for /home/runner/work/ozone/ozone/hadoop-ozone/integration-test/target/test-dir/MiniOzoneClusterImpl-0e29ee7e-a070-46b0-aa8f-4a21e578e9b3/datanode-0/data-0/containers/hdds
2021-11-30 10:07:41,540 [Listener at 127.0.0.1/41539] INFO  volume.StorageVolumeChecker (StorageVolumeChecker.java:checkAllVolumes(202)) - Scheduled health check for volume /home/runner/work/ozone/ozone/hadoop-ozone/integration-test/target/test-dir/MiniOzoneClusterImpl-0e29ee7e-a070-46b0-aa8f-4a21e578e9b3/datanode-0/data-0/containers/hdds
2021-11-30 10:07:41,560 [Listener at 127.0.0.1/41539] INFO  volume.MutableVolumeSet (MutableVolumeSet.java:initializeVolumeSet(168)) - Added Volume : /home/runner/work/ozone/ozone/hadoop-ozone/integration-test/target/test-dir/MiniOzoneClusterImpl-0e29ee7e-a070-46b0-aa8f-4a21e578e9b3/datanode-0/data/ratis to VolumeSet
2021-11-30 10:07:41,560 [Listener at 127.0.0.1/41539] INFO  volume.ThrottledAsyncChecker (ThrottledAsyncChecker.java:schedule(141)) - Scheduling a check for /home/runner/work/ozone/ozone/hadoop-ozone/integration-test/target/test-dir/MiniOzoneClusterImpl-0e29ee7e-a070-46b0-aa8f-4a21e578e9b3/datanode-0/data/ratis
2021-11-30 10:07:41,560 [Listener at 127.0.0.1/41539] INFO  volume.StorageVolumeChecker (StorageVolumeChecker.java:checkAllVolumes(202)) - Scheduled health check for volume /home/runner/work/ozone/ozone/hadoop-ozone/integration-test/target/test-dir/MiniOzoneClusterImpl-0e29ee7e-a070-46b0-aa8f-4a21e578e9b3/datanode-0/data/ratis
2021-11-30 10:07:41,578 [Thread-129] INFO  ozoneimpl.ContainerReader (ContainerReader.java:readVolume(172)) - Finish verifying containers on volume /home/runner/work/ozone/ozone/hadoop-ozone/integration-test/target/test-dir/MiniOzoneClusterImpl-0e29ee7e-a070-46b0-aa8f-4a21e578e9b3/datanode-0/data-0/containers/hdds
2021-11-30 10:07:41,578 [Listener at 127.0.0.1/41539] INFO  ozoneimpl.OzoneContainer (OzoneContainer.java:buildContainerSet(236)) - Build ContainerSet costs 0s
2021-11-30 10:07:41,645 [Listener at 127.0.0.1/41539] INFO  server.RaftServer (ConfUtils.java:logGet(44)) - raft.rpc.type = GRPC (default)
2021-11-30 10:07:41,646 [Listener at 127.0.0.1/41539] INFO  grpc.GrpcFactory (GrpcFactory.java:checkPooledByteBufAllocatorUseCacheForAllThreads(48)) - PERFORMANCE WARNING: useCacheForAllThreads is true that may cause Netty to create a lot garbage objects and, as a result, trigger GC.
	It is recommended to disable useCacheForAllThreads by setting -Dorg.apache.ratis.thirdparty.io.netty.allocator.useCacheForAllThreads=false in command line.
2021-11-30 10:07:41,646 [Listener at 127.0.0.1/41539] INFO  grpc.GrpcConfigKeys (ConfUtils.java:logGet(44)) - raft.grpc.admin.port = 0 (custom)
2021-11-30 10:07:41,646 [Listener at 127.0.0.1/41539] INFO  grpc.GrpcConfigKeys (ConfUtils.java:logGet(44)) - raft.grpc.client.port = 0 (custom)
2021-11-30 10:07:41,646 [Listener at 127.0.0.1/41539] INFO  grpc.GrpcConfigKeys (ConfUtils.java:logGet(44)) - raft.grpc.server.port = 0 (default)
2021-11-30 10:07:41,648 [Listener at 127.0.0.1/41539] INFO  server.GrpcService (ConfUtils.java:logGet(44)) - raft.grpc.message.size.max = 32MB (=33554432) (custom)
2021-11-30 10:07:41,651 [Listener at 127.0.0.1/41539] INFO  server.RaftServerConfigKeys (ConfUtils.java:logGet(44)) - raft.server.log.appender.buffer.byte-limit = 33554432 (custom)
2021-11-30 10:07:41,652 [Listener at 127.0.0.1/41539] INFO  server.GrpcService (ConfUtils.java:logGet(44)) - raft.grpc.flow.control.window = 5MB (=5242880) (custom)
2021-11-30 10:07:41,652 [Listener at 127.0.0.1/41539] INFO  server.RaftServerConfigKeys (ConfUtils.java:logGet(44)) - raft.server.rpc.request.timeout = 3000ms (default)
2021-11-30 10:07:41,654 [Listener at 127.0.0.1/41539] INFO  impl.DataStreamServerImpl (ConfUtils.java:logGet(44)) - raft.datastream.type = DISABLED (default)
2021-11-30 10:07:41,654 [Listener at 127.0.0.1/41539] INFO  server.RaftServerConfigKeys (ConfUtils.java:logGet(44)) - raft.server.rpc.slowness.timeout = 300000ms (custom)
2021-11-30 10:07:41,654 [Listener at 127.0.0.1/41539] INFO  server.RaftServerConfigKeys (ConfUtils.java:logGet(44)) - raft.server.leaderelection.leader.step-down.wait-time = 10s (default)
2021-11-30 10:07:41,654 [Listener at 127.0.0.1/41539] INFO  server.RaftServerConfigKeys (ConfUtils.java:logGet(44)) - raft.server.storage.dir = [/home/runner/work/ozone/ozone/hadoop-ozone/integration-test/target/test-dir/MiniOzoneClusterImpl-0e29ee7e-a070-46b0-aa8f-4a21e578e9b3/datanode-0/data/ratis] (custom)
2021-11-30 10:07:41,728 [Listener at 127.0.0.1/41539] INFO  http.BaseHttpServer (BaseHttpServer.java:newHttpServer2BuilderForOzone(209)) - Starting Web-server for hddsDatanode at: http://0.0.0.0:0
2021-11-30 10:07:41,729 [Listener at 127.0.0.1/41539] INFO  http.BaseHttpServer (BaseHttpServer.java:<init>(107)) - Hadoop Security Enabled: false Ozone Security Enabled: false Ozone HTTP Security Enabled: false 
2021-11-30 10:07:41,731 [Listener at 127.0.0.1/41539] INFO  server.AuthenticationFilter (AuthenticationFilter.java:constructSecretProvider(240)) - Unable to initialize FileSignerSecretProvider, falling back to use random secrets.
2021-11-30 10:07:41,732 [Listener at 127.0.0.1/41539] WARN  http.HttpRequestLog (HttpRequestLog.java:getRequestLog(103)) - Jetty request log can only be enabled using Log4j
2021-11-30 10:07:41,733 [Listener at 127.0.0.1/41539] INFO  http.HttpServer2 (HttpServer2.java:addGlobalFilter(1030)) - Added global filter 'safety' (class=org.apache.hadoop.hdds.server.http.HttpServer2$QuotingInputFilter)
2021-11-30 10:07:41,734 [Listener at 127.0.0.1/41539] INFO  http.HttpServer2 (HttpServer2.java:addFilter(1006)) - Added filter static_user_filter (class=org.apache.hadoop.http.lib.StaticUserWebFilter$StaticUserFilter) to context hddsDatanode
2021-11-30 10:07:41,734 [Listener at 127.0.0.1/41539] INFO  http.HttpServer2 (HttpServer2.java:addFilter(1014)) - Added filter static_user_filter (class=org.apache.hadoop.http.lib.StaticUserWebFilter$StaticUserFilter) to context static
2021-11-30 10:07:41,734 [Listener at 127.0.0.1/41539] INFO  http.HttpServer2 (HttpServer2.java:addFilter(1014)) - Added filter static_user_filter (class=org.apache.hadoop.http.lib.StaticUserWebFilter$StaticUserFilter) to context logs
2021-11-30 10:07:41,734 [Listener at 127.0.0.1/41539] INFO  http.HttpServer2 (HttpServer2.java:bindListener(1249)) - Jetty bound to port 45787
2021-11-30 10:07:41,735 [Listener at 127.0.0.1/41539] INFO  server.Server (Server.java:doStart(375)) - jetty-9.4.43.v20210629; built: 2021-06-30T11:07:22.254Z; git: 526006ecfa3af7f1a27ef3a288e2bef7ea9dd7e8; jvm 1.8.0_292-b10
2021-11-30 10:07:41,740 [Listener at 127.0.0.1/41539] INFO  server.session (DefaultSessionIdManager.java:doStart(334)) - DefaultSessionIdManager workerName=node0
2021-11-30 10:07:41,740 [Listener at 127.0.0.1/41539] INFO  server.session (DefaultSessionIdManager.java:doStart(339)) - No SessionScavenger set, using defaults
2021-11-30 10:07:41,740 [Listener at 127.0.0.1/41539] INFO  server.session (HouseKeeper.java:startScavenging(132)) - node0 Scavenging every 660000ms
2021-11-30 10:07:41,741 [Listener at 127.0.0.1/41539] INFO  handler.ContextHandler (ContextHandler.java:doStart(915)) - Started o.e.j.s.ServletContextHandler@263f2705{logs,/logs,file:///home/runner/work/ozone/ozone/hadoop-ozone/integration-test/target/log,AVAILABLE}
2021-11-30 10:07:41,741 [Listener at 127.0.0.1/41539] INFO  handler.ContextHandler (ContextHandler.java:doStart(915)) - Started o.e.j.s.ServletContextHandler@6b828342{static,/static,jar:file:/home/runner/.m2/repository/org/apache/ozone/hdds-container-service/1.3.0-SNAPSHOT/hdds-container-service-1.3.0-SNAPSHOT.jar!/webapps/static,AVAILABLE}
2021-11-30 10:07:41,817 [Listener at 127.0.0.1/41539] INFO  handler.ContextHandler (ContextHandler.java:doStart(915)) - Started o.e.j.w.WebAppContext@8692045{hddsDatanode,/,file:///tmp/jetty-0_0_0_0-45787-hdds-container-service-1_3_0-SNAPSHOT_jar-_-any-5997204693528661365/webapp/,AVAILABLE}{jar:file:/home/runner/.m2/repository/org/apache/ozone/hdds-container-service/1.3.0-SNAPSHOT/hdds-container-service-1.3.0-SNAPSHOT.jar!/webapps/hddsDatanode}
2021-11-30 10:07:41,818 [Listener at 127.0.0.1/41539] INFO  server.AbstractConnector (AbstractConnector.java:doStart(331)) - Started ServerConnector@4a352139{HTTP/1.1, (http/1.1)}{0.0.0.0:45787}
2021-11-30 10:07:41,819 [Listener at 127.0.0.1/41539] INFO  server.Server (Server.java:doStart(415)) - Started @6534ms
2021-11-30 10:07:41,819 [Listener at 127.0.0.1/41539] WARN  impl.MetricsSystemImpl (MetricsSystemImpl.java:register(279)) - Sink prometheus already exists!
2021-11-30 10:07:41,819 [Listener at 127.0.0.1/41539] INFO  http.BaseHttpServer (BaseHttpServer.java:updateConnectorAddress(329)) - HTTP server of hddsDatanode listening at http://0.0.0.0:45787
2021-11-30 10:07:41,821 [Listener at 127.0.0.1/41539] WARN  impl.MetricRegistriesImpl (MetricRegistriesImpl.java:addReporterRegistration(111)) - New reporters are added after registries were created. Some metrics will be missing from the reporter. Please add reporter before adding any new registry.
2021-11-30 10:07:41,821 [Listener at 127.0.0.1/41539] WARN  impl.MetricRegistriesImpl (MetricRegistriesImpl.java:addReporterRegistration(111)) - New reporters are added after registries were created. Some metrics will be missing from the reporter. Please add reporter before adding any new registry.
2021-11-30 10:07:41,821 [Listener at 127.0.0.1/41539] INFO  impl.MetricsSystemImpl (MetricsSystemImpl.java:init(158)) - HddsDatanode metrics system started (again)
2021-11-30 10:07:41,831 [Datanode State Machine Daemon Thread] INFO  statemachine.DatanodeStateMachine (DatanodeStateMachine.java:lambda$startDaemon$0(467)) - Ozone container server started.
2021-11-30 10:07:41,852 [org.apache.hadoop.util.JvmPauseMonitor$Monitor@2d2ee3b6] INFO  util.JvmPauseMonitor (JvmPauseMonitor.java:run(188)) - Starting JVM pause monitor
2021-11-30 10:07:41,856 [Listener at 127.0.0.1/41539] INFO  ozone.HddsDatanodeService (HddsDatanodeService.java:start(234)) - HddsDatanodeService host:fv-az297-56.nmf1rxwemy4u5di1sxxf4ejcwb.jx.internal.cloudapp.net ip:10.1.0.53
2021-11-30 10:07:41,884 [Listener at 127.0.0.1/41539] INFO  upgrade.AbstractLayoutVersionManager (AbstractLayoutVersionManager.java:init(79)) - Initializing Layout version manager with metadata layout = SCM_HA (version = 2), software layout = SCM_HA (version = 2)
2021-11-30 10:07:41,953 [Listener at 127.0.0.1/41539] INFO  reflections.Reflections (Reflections.java:scan(232)) - Reflections took 67 ms to scan 7 urls, producing 119 keys and 279 values 
2021-11-30 10:07:41,961 [Listener at 127.0.0.1/41539] INFO  statemachine.DatanodeStateMachine (DatanodeStateMachine.java:getEndPointTaskThreadPoolSize(219)) - Datanode State Machine Task Thread Pool size 2
2021-11-30 10:07:41,965 [Listener at 127.0.0.1/41539] INFO  volume.HddsVolume (HddsVolume.java:<init>(120)) - Creating HddsVolume: /home/runner/work/ozone/ozone/hadoop-ozone/integration-test/target/test-dir/MiniOzoneClusterImpl-0e29ee7e-a070-46b0-aa8f-4a21e578e9b3/datanode-1/data-0/containers/hdds of storage type : DISK capacity : 9223372036854775807
2021-11-30 10:07:41,965 [Listener at 127.0.0.1/41539] INFO  volume.MutableVolumeSet (MutableVolumeSet.java:initializeVolumeSet(168)) - Added Volume : /home/runner/work/ozone/ozone/hadoop-ozone/integration-test/target/test-dir/MiniOzoneClusterImpl-0e29ee7e-a070-46b0-aa8f-4a21e578e9b3/datanode-1/data-0/containers/hdds to VolumeSet
2021-11-30 10:07:41,965 [Listener at 127.0.0.1/41539] INFO  volume.ThrottledAsyncChecker (ThrottledAsyncChecker.java:schedule(141)) - Scheduling a check for /home/runner/work/ozone/ozone/hadoop-ozone/integration-test/target/test-dir/MiniOzoneClusterImpl-0e29ee7e-a070-46b0-aa8f-4a21e578e9b3/datanode-1/data-0/containers/hdds
2021-11-30 10:07:41,966 [Listener at 127.0.0.1/41539] INFO  volume.StorageVolumeChecker (StorageVolumeChecker.java:checkAllVolumes(202)) - Scheduled health check for volume /home/runner/work/ozone/ozone/hadoop-ozone/integration-test/target/test-dir/MiniOzoneClusterImpl-0e29ee7e-a070-46b0-aa8f-4a21e578e9b3/datanode-1/data-0/containers/hdds
2021-11-30 10:07:41,984 [Listener at 127.0.0.1/41539] INFO  volume.MutableVolumeSet (MutableVolumeSet.java:initializeVolumeSet(168)) - Added Volume : /home/runner/work/ozone/ozone/hadoop-ozone/integration-test/target/test-dir/MiniOzoneClusterImpl-0e29ee7e-a070-46b0-aa8f-4a21e578e9b3/datanode-1/data/ratis to VolumeSet
2021-11-30 10:07:41,984 [Listener at 127.0.0.1/41539] INFO  volume.ThrottledAsyncChecker (ThrottledAsyncChecker.java:schedule(141)) - Scheduling a check for /home/runner/work/ozone/ozone/hadoop-ozone/integration-test/target/test-dir/MiniOzoneClusterImpl-0e29ee7e-a070-46b0-aa8f-4a21e578e9b3/datanode-1/data/ratis
2021-11-30 10:07:41,985 [Listener at 127.0.0.1/41539] INFO  volume.StorageVolumeChecker (StorageVolumeChecker.java:checkAllVolumes(202)) - Scheduled health check for volume /home/runner/work/ozone/ozone/hadoop-ozone/integration-test/target/test-dir/MiniOzoneClusterImpl-0e29ee7e-a070-46b0-aa8f-4a21e578e9b3/datanode-1/data/ratis
2021-11-30 10:07:41,996 [Datanode State Machine Task Thread - 0] INFO  datanode.InitDatanodeState (InitDatanodeState.java:persistContainerDatanodeDetails(145)) - DatanodeDetails is persisted to /home/runner/work/ozone/ozone/hadoop-ozone/integration-test/target/test-dir/MiniOzoneClusterImpl-0e29ee7e-a070-46b0-aa8f-4a21e578e9b3/datanode-0/meta/datanode.id
2021-11-30 10:07:42,009 [Thread-141] INFO  ozoneimpl.ContainerReader (ContainerReader.java:readVolume(172)) - Finish verifying containers on volume /home/runner/work/ozone/ozone/hadoop-ozone/integration-test/target/test-dir/MiniOzoneClusterImpl-0e29ee7e-a070-46b0-aa8f-4a21e578e9b3/datanode-1/data-0/containers/hdds
2021-11-30 10:07:42,010 [Listener at 127.0.0.1/41539] INFO  ozoneimpl.OzoneContainer (OzoneContainer.java:buildContainerSet(236)) - Build ContainerSet costs 0s
2021-11-30 10:07:42,017 [Listener at 127.0.0.1/41539] INFO  server.RaftServer (ConfUtils.java:logGet(44)) - raft.rpc.type = GRPC (default)
2021-11-30 10:07:42,018 [Listener at 127.0.0.1/41539] INFO  grpc.GrpcFactory (GrpcFactory.java:checkPooledByteBufAllocatorUseCacheForAllThreads(48)) - PERFORMANCE WARNING: useCacheForAllThreads is true that may cause Netty to create a lot garbage objects and, as a result, trigger GC.
	It is recommended to disable useCacheForAllThreads by setting -Dorg.apache.ratis.thirdparty.io.netty.allocator.useCacheForAllThreads=false in command line.
2021-11-30 10:07:42,018 [Listener at 127.0.0.1/41539] INFO  grpc.GrpcConfigKeys (ConfUtils.java:logGet(44)) - raft.grpc.admin.port = 0 (custom)
2021-11-30 10:07:42,018 [Listener at 127.0.0.1/41539] INFO  grpc.GrpcConfigKeys (ConfUtils.java:logGet(44)) - raft.grpc.client.port = 0 (custom)
2021-11-30 10:07:42,018 [Listener at 127.0.0.1/41539] INFO  grpc.GrpcConfigKeys (ConfUtils.java:logGet(44)) - raft.grpc.server.port = 0 (default)
2021-11-30 10:07:42,018 [Listener at 127.0.0.1/41539] INFO  server.GrpcService (ConfUtils.java:logGet(44)) - raft.grpc.message.size.max = 32MB (=33554432) (custom)
2021-11-30 10:07:42,018 [Listener at 127.0.0.1/41539] INFO  server.RaftServerConfigKeys (ConfUtils.java:logGet(44)) - raft.server.log.appender.buffer.byte-limit = 33554432 (custom)
2021-11-30 10:07:42,018 [Listener at 127.0.0.1/41539] INFO  server.GrpcService (ConfUtils.java:logGet(44)) - raft.grpc.flow.control.window = 5MB (=5242880) (custom)
2021-11-30 10:07:42,019 [Listener at 127.0.0.1/41539] INFO  server.RaftServerConfigKeys (ConfUtils.java:logGet(44)) - raft.server.rpc.request.timeout = 3000ms (default)
2021-11-30 10:07:42,020 [Listener at 127.0.0.1/41539] INFO  impl.DataStreamServerImpl (ConfUtils.java:logGet(44)) - raft.datastream.type = DISABLED (default)
2021-11-30 10:07:42,020 [Listener at 127.0.0.1/41539] INFO  server.RaftServerConfigKeys (ConfUtils.java:logGet(44)) - raft.server.rpc.slowness.timeout = 300000ms (custom)
2021-11-30 10:07:42,020 [Listener at 127.0.0.1/41539] INFO  server.RaftServerConfigKeys (ConfUtils.java:logGet(44)) - raft.server.leaderelection.leader.step-down.wait-time = 10s (default)
2021-11-30 10:07:42,020 [Listener at 127.0.0.1/41539] INFO  server.RaftServerConfigKeys (ConfUtils.java:logGet(44)) - raft.server.storage.dir = [/home/runner/work/ozone/ozone/hadoop-ozone/integration-test/target/test-dir/MiniOzoneClusterImpl-0e29ee7e-a070-46b0-aa8f-4a21e578e9b3/datanode-1/data/ratis] (custom)
2021-11-30 10:07:42,025 [Listener at 127.0.0.1/41539] INFO  http.BaseHttpServer (BaseHttpServer.java:newHttpServer2BuilderForOzone(209)) - Starting Web-server for hddsDatanode at: http://0.0.0.0:0
2021-11-30 10:07:42,025 [Listener at 127.0.0.1/41539] INFO  http.BaseHttpServer (BaseHttpServer.java:<init>(107)) - Hadoop Security Enabled: false Ozone Security Enabled: false Ozone HTTP Security Enabled: false 
2021-11-30 10:07:42,026 [Listener at 127.0.0.1/41539] INFO  server.AuthenticationFilter (AuthenticationFilter.java:constructSecretProvider(240)) - Unable to initialize FileSignerSecretProvider, falling back to use random secrets.
2021-11-30 10:07:42,027 [Listener at 127.0.0.1/41539] WARN  http.HttpRequestLog (HttpRequestLog.java:getRequestLog(103)) - Jetty request log can only be enabled using Log4j
2021-11-30 10:07:42,028 [Listener at 127.0.0.1/41539] INFO  http.HttpServer2 (HttpServer2.java:addGlobalFilter(1030)) - Added global filter 'safety' (class=org.apache.hadoop.hdds.server.http.HttpServer2$QuotingInputFilter)
2021-11-30 10:07:42,029 [Listener at 127.0.0.1/41539] INFO  http.HttpServer2 (HttpServer2.java:addFilter(1006)) - Added filter static_user_filter (class=org.apache.hadoop.http.lib.StaticUserWebFilter$StaticUserFilter) to context hddsDatanode
2021-11-30 10:07:42,029 [Listener at 127.0.0.1/41539] INFO  http.HttpServer2 (HttpServer2.java:addFilter(1014)) - Added filter static_user_filter (class=org.apache.hadoop.http.lib.StaticUserWebFilter$StaticUserFilter) to context static
2021-11-30 10:07:42,029 [Listener at 127.0.0.1/41539] INFO  http.HttpServer2 (HttpServer2.java:addFilter(1014)) - Added filter static_user_filter (class=org.apache.hadoop.http.lib.StaticUserWebFilter$StaticUserFilter) to context logs
2021-11-30 10:07:42,030 [Listener at 127.0.0.1/41539] INFO  http.HttpServer2 (HttpServer2.java:bindListener(1249)) - Jetty bound to port 33863
2021-11-30 10:07:42,030 [Listener at 127.0.0.1/41539] INFO  server.Server (Server.java:doStart(375)) - jetty-9.4.43.v20210629; built: 2021-06-30T11:07:22.254Z; git: 526006ecfa3af7f1a27ef3a288e2bef7ea9dd7e8; jvm 1.8.0_292-b10
2021-11-30 10:07:42,031 [Listener at 127.0.0.1/41539] INFO  server.session (DefaultSessionIdManager.java:doStart(334)) - DefaultSessionIdManager workerName=node0
2021-11-30 10:07:42,031 [Listener at 127.0.0.1/41539] INFO  server.session (DefaultSessionIdManager.java:doStart(339)) - No SessionScavenger set, using defaults
2021-11-30 10:07:42,031 [Listener at 127.0.0.1/41539] INFO  server.session (HouseKeeper.java:startScavenging(132)) - node0 Scavenging every 600000ms
2021-11-30 10:07:42,032 [Listener at 127.0.0.1/41539] INFO  handler.ContextHandler (ContextHandler.java:doStart(915)) - Started o.e.j.s.ServletContextHandler@47f950f5{logs,/logs,file:///home/runner/work/ozone/ozone/hadoop-ozone/integration-test/target/log,AVAILABLE}
2021-11-30 10:07:42,032 [Listener at 127.0.0.1/41539] INFO  handler.ContextHandler (ContextHandler.java:doStart(915)) - Started o.e.j.s.ServletContextHandler@69c06a03{static,/static,jar:file:/home/runner/.m2/repository/org/apache/ozone/hdds-container-service/1.3.0-SNAPSHOT/hdds-container-service-1.3.0-SNAPSHOT.jar!/webapps/static,AVAILABLE}
2021-11-30 10:07:42,073 [Listener at 127.0.0.1/41539] INFO  handler.ContextHandler (ContextHandler.java:doStart(915)) - Started o.e.j.w.WebAppContext@33e5020d{hddsDatanode,/,file:///tmp/jetty-0_0_0_0-33863-hdds-container-service-1_3_0-SNAPSHOT_jar-_-any-263036337091068086/webapp/,AVAILABLE}{jar:file:/home/runner/.m2/repository/org/apache/ozone/hdds-container-service/1.3.0-SNAPSHOT/hdds-container-service-1.3.0-SNAPSHOT.jar!/webapps/hddsDatanode}
2021-11-30 10:07:42,075 [Listener at 127.0.0.1/41539] INFO  server.AbstractConnector (AbstractConnector.java:doStart(331)) - Started ServerConnector@30d6abe2{HTTP/1.1, (http/1.1)}{0.0.0.0:33863}
2021-11-30 10:07:42,075 [Listener at 127.0.0.1/41539] INFO  server.Server (Server.java:doStart(415)) - Started @6790ms
2021-11-30 10:07:42,075 [Listener at 127.0.0.1/41539] WARN  impl.MetricsSystemImpl (MetricsSystemImpl.java:register(279)) - Sink prometheus already exists!
2021-11-30 10:07:42,076 [Listener at 127.0.0.1/41539] INFO  http.BaseHttpServer (BaseHttpServer.java:updateConnectorAddress(329)) - HTTP server of hddsDatanode listening at http://0.0.0.0:33863
2021-11-30 10:07:42,076 [Listener at 127.0.0.1/41539] WARN  impl.MetricRegistriesImpl (MetricRegistriesImpl.java:addReporterRegistration(111)) - New reporters are added after registries were created. Some metrics will be missing from the reporter. Please add reporter before adding any new registry.
2021-11-30 10:07:42,077 [Listener at 127.0.0.1/41539] WARN  impl.MetricRegistriesImpl (MetricRegistriesImpl.java:addReporterRegistration(111)) - New reporters are added after registries were created. Some metrics will be missing from the reporter. Please add reporter before adding any new registry.
2021-11-30 10:07:42,077 [Listener at 127.0.0.1/41539] INFO  impl.MetricsSystemImpl (MetricsSystemImpl.java:init(158)) - HddsDatanode metrics system started (again)
2021-11-30 10:07:42,084 [Datanode State Machine Daemon Thread] INFO  statemachine.DatanodeStateMachine (DatanodeStateMachine.java:lambda$startDaemon$0(467)) - Ozone container server started.
2021-11-30 10:07:42,091 [Listener at 127.0.0.1/41539] INFO  ozone.HddsDatanodeService (HddsDatanodeService.java:start(234)) - HddsDatanodeService host:fv-az297-56.nmf1rxwemy4u5di1sxxf4ejcwb.jx.internal.cloudapp.net ip:10.1.0.53
2021-11-30 10:07:42,110 [org.apache.hadoop.util.JvmPauseMonitor$Monitor@6b01b925] INFO  util.JvmPauseMonitor (JvmPauseMonitor.java:run(188)) - Starting JVM pause monitor
2021-11-30 10:07:42,262 [org.apache.ratis.util.JvmPauseMonitor$$Lambda$533/844391723@37fc666a] WARN  util.JvmPauseMonitor (JvmPauseMonitor.java:detectPause(124)) - JvmPauseMonitor-om1: Detected pause in JVM or host machine (eg GC): pause of approximately 110923944ns.
GC pool 'PS MarkSweep' had collection(s): count=1 time=136ms
GC pool 'PS Scavenge' had collection(s): count=2 time=31ms
2021-11-30 10:07:42,265 [om1@group-C5BA1605619E-FollowerState] INFO  impl.FollowerState (FollowerState.java:run(134)) - om1@group-C5BA1605619E-FollowerState: change to CANDIDATE, lastRpcElapsedTime:1192153278ns, electionTimeout:1188ms
2021-11-30 10:07:42,266 [om1@group-C5BA1605619E-FollowerState] INFO  impl.RoleInfo (RoleInfo.java:shutdownFollowerState(108)) - om1: shutdown om1@group-C5BA1605619E-FollowerState
2021-11-30 10:07:42,271 [om1@group-C5BA1605619E-FollowerState] INFO  server.RaftServer$Division (RaftServerImpl.java:setRole(290)) - om1@group-C5BA1605619E: changes role from  FOLLOWER to CANDIDATE at term 0 for changeToCandidate
2021-11-30 10:07:42,274 [om1@group-C5BA1605619E-FollowerState] INFO  server.RaftServerConfigKeys (ConfUtils.java:logGet(44)) - raft.server.leaderelection.pre-vote = false (custom)
2021-11-30 10:07:42,271 [Listener at 127.0.0.1/41539] INFO  upgrade.AbstractLayoutVersionManager (AbstractLayoutVersionManager.java:init(79)) - Initializing Layout version manager with metadata layout = SCM_HA (version = 2), software layout = SCM_HA (version = 2)
2021-11-30 10:07:42,280 [om1@group-C5BA1605619E-FollowerState] INFO  impl.RoleInfo (RoleInfo.java:updateAndGet(130)) - om1: start om1@group-C5BA1605619E-LeaderElection1
2021-11-30 10:07:42,281 [Datanode State Machine Task Thread - 0] INFO  datanode.InitDatanodeState (InitDatanodeState.java:persistContainerDatanodeDetails(145)) - DatanodeDetails is persisted to /home/runner/work/ozone/ozone/hadoop-ozone/integration-test/target/test-dir/MiniOzoneClusterImpl-0e29ee7e-a070-46b0-aa8f-4a21e578e9b3/datanode-1/meta/datanode.id
2021-11-30 10:07:42,304 [om1@group-C5BA1605619E-LeaderElection1] INFO  impl.LeaderElection (LeaderElection.java:askForVotes(306)) - om1@group-C5BA1605619E-LeaderElection1 ELECTION round 0: submit vote requests at term 1 for -1: [om1|rpc:localhost:9872|priority:0], old=null
2021-11-30 10:07:42,305 [om1@group-C5BA1605619E-LeaderElection1] INFO  impl.LeaderElection (LeaderElection.java:askForVotes(308)) - om1@group-C5BA1605619E-LeaderElection1 ELECTION round 0: result PASSED (term=1)
2021-11-30 10:07:42,306 [om1@group-C5BA1605619E-LeaderElection1] INFO  impl.RoleInfo (RoleInfo.java:shutdownLeaderElection(121)) - om1: shutdown om1@group-C5BA1605619E-LeaderElection1
2021-11-30 10:07:42,306 [om1@group-C5BA1605619E-LeaderElection1] INFO  server.RaftServer$Division (RaftServerImpl.java:setRole(290)) - om1@group-C5BA1605619E: changes role from CANDIDATE to LEADER at term 1 for changeToLeader
2021-11-30 10:07:42,307 [om1@group-C5BA1605619E-LeaderElection1] INFO  server.RaftServer$Division (ServerState.java:setLeader(285)) - om1@group-C5BA1605619E: change Leader from null to om1 at term 1 for becomeLeader, leader elected after 1359ms
2021-11-30 10:07:42,312 [om1@group-C5BA1605619E-LeaderElection1] INFO  server.RaftServerConfigKeys (ConfUtils.java:logGet(44)) - raft.server.staging.catchup.gap = 1000 (default)
2021-11-30 10:07:42,316 [om1@group-C5BA1605619E-LeaderElection1] INFO  server.RaftServerConfigKeys (ConfUtils.java:logGet(44)) - raft.server.write.element-limit = 4096 (default)
2021-11-30 10:07:42,317 [om1@group-C5BA1605619E-LeaderElection1] INFO  server.RaftServerConfigKeys (ConfUtils.java:logGet(44)) - raft.server.write.byte-limit = 64MB (=67108864) (default)
2021-11-30 10:07:42,323 [om1@group-C5BA1605619E-LeaderElection1] INFO  server.RaftServerConfigKeys (ConfUtils.java:logGet(44)) - raft.server.watch.timeout = 10s (default)
2021-11-30 10:07:42,323 [om1@group-C5BA1605619E-LeaderElection1] INFO  server.RaftServerConfigKeys (ConfUtils.java:logGet(44)) - raft.server.watch.timeout.denomination = 1s (default)
2021-11-30 10:07:42,324 [om1@group-C5BA1605619E-LeaderElection1] INFO  server.RaftServerConfigKeys (ConfUtils.java:logGet(44)) - raft.server.watch.element-limit = 65536 (default)
2021-11-30 10:07:42,327 [om1@group-C5BA1605619E-LeaderElection1] INFO  server.RaftServerConfigKeys (ConfUtils.java:logGet(44)) - raft.server.write.element-limit = 4096 (default)
2021-11-30 10:07:42,329 [om1@group-C5BA1605619E-LeaderElection1] INFO  server.RaftServerConfigKeys (ConfUtils.java:logGet(44)) - raft.server.write.follower.gap.ratio.max = -1.0 (default)
2021-11-30 10:07:42,331 [om1@group-C5BA1605619E-LeaderElection1] INFO  impl.RoleInfo (RoleInfo.java:updateAndGet(130)) - om1: start om1@group-C5BA1605619E-LeaderStateImpl
2021-11-30 10:07:42,348 [Listener at 127.0.0.1/41539] INFO  reflections.Reflections (Reflections.java:scan(232)) - Reflections took 65 ms to scan 7 urls, producing 119 keys and 279 values 
2021-11-30 10:07:42,357 [Listener at 127.0.0.1/41539] INFO  statemachine.DatanodeStateMachine (DatanodeStateMachine.java:getEndPointTaskThreadPoolSize(219)) - Datanode State Machine Task Thread Pool size 2
2021-11-30 10:07:42,361 [om1@group-C5BA1605619E-LeaderElection1] INFO  segmented.SegmentedRaftLogWorker (SegmentedRaftLogWorker.java:startLogSegment(394)) - om1@group-C5BA1605619E-SegmentedRaftLogWorker: Starting segment from index:0
2021-11-30 10:07:42,366 [Listener at 127.0.0.1/41539] INFO  volume.HddsVolume (HddsVolume.java:<init>(120)) - Creating HddsVolume: /home/runner/work/ozone/ozone/hadoop-ozone/integration-test/target/test-dir/MiniOzoneClusterImpl-0e29ee7e-a070-46b0-aa8f-4a21e578e9b3/datanode-2/data-0/containers/hdds of storage type : DISK capacity : 9223372036854775807
2021-11-30 10:07:42,366 [Listener at 127.0.0.1/41539] INFO  volume.MutableVolumeSet (MutableVolumeSet.java:initializeVolumeSet(168)) - Added Volume : /home/runner/work/ozone/ozone/hadoop-ozone/integration-test/target/test-dir/MiniOzoneClusterImpl-0e29ee7e-a070-46b0-aa8f-4a21e578e9b3/datanode-2/data-0/containers/hdds to VolumeSet
2021-11-30 10:07:42,366 [Listener at 127.0.0.1/41539] INFO  volume.ThrottledAsyncChecker (ThrottledAsyncChecker.java:schedule(141)) - Scheduling a check for /home/runner/work/ozone/ozone/hadoop-ozone/integration-test/target/test-dir/MiniOzoneClusterImpl-0e29ee7e-a070-46b0-aa8f-4a21e578e9b3/datanode-2/data-0/containers/hdds
2021-11-30 10:07:42,368 [Listener at 127.0.0.1/41539] INFO  volume.StorageVolumeChecker (StorageVolumeChecker.java:checkAllVolumes(202)) - Scheduled health check for volume /home/runner/work/ozone/ozone/hadoop-ozone/integration-test/target/test-dir/MiniOzoneClusterImpl-0e29ee7e-a070-46b0-aa8f-4a21e578e9b3/datanode-2/data-0/containers/hdds
2021-11-30 10:07:42,394 [Listener at 127.0.0.1/41539] INFO  volume.MutableVolumeSet (MutableVolumeSet.java:initializeVolumeSet(168)) - Added Volume : /home/runner/work/ozone/ozone/hadoop-ozone/integration-test/target/test-dir/MiniOzoneClusterImpl-0e29ee7e-a070-46b0-aa8f-4a21e578e9b3/datanode-2/data/ratis to VolumeSet
2021-11-30 10:07:42,394 [Listener at 127.0.0.1/41539] INFO  volume.ThrottledAsyncChecker (ThrottledAsyncChecker.java:schedule(141)) - Scheduling a check for /home/runner/work/ozone/ozone/hadoop-ozone/integration-test/target/test-dir/MiniOzoneClusterImpl-0e29ee7e-a070-46b0-aa8f-4a21e578e9b3/datanode-2/data/ratis
2021-11-30 10:07:42,394 [Listener at 127.0.0.1/41539] INFO  volume.StorageVolumeChecker (StorageVolumeChecker.java:checkAllVolumes(202)) - Scheduled health check for volume /home/runner/work/ozone/ozone/hadoop-ozone/integration-test/target/test-dir/MiniOzoneClusterImpl-0e29ee7e-a070-46b0-aa8f-4a21e578e9b3/datanode-2/data/ratis
2021-11-30 10:07:42,428 [om1@group-C5BA1605619E-LeaderElection1] INFO  server.RaftServer$Division (ServerState.java:setRaftConf(387)) - om1@group-C5BA1605619E: set configuration 0: [om1|rpc:localhost:9872|admin:|client:|dataStream:|priority:0], old=null
2021-11-30 10:07:42,429 [Thread-155] INFO  ozoneimpl.ContainerReader (ContainerReader.java:readVolume(172)) - Finish verifying containers on volume /home/runner/work/ozone/ozone/hadoop-ozone/integration-test/target/test-dir/MiniOzoneClusterImpl-0e29ee7e-a070-46b0-aa8f-4a21e578e9b3/datanode-2/data-0/containers/hdds
2021-11-30 10:07:42,432 [Listener at 127.0.0.1/41539] INFO  ozoneimpl.OzoneContainer (OzoneContainer.java:buildContainerSet(236)) - Build ContainerSet costs 0s
2021-11-30 10:07:42,435 [Listener at 127.0.0.1/41539] INFO  server.RaftServer (ConfUtils.java:logGet(44)) - raft.rpc.type = GRPC (default)
2021-11-30 10:07:42,436 [Listener at 127.0.0.1/41539] INFO  grpc.GrpcFactory (GrpcFactory.java:checkPooledByteBufAllocatorUseCacheForAllThreads(48)) - PERFORMANCE WARNING: useCacheForAllThreads is true that may cause Netty to create a lot garbage objects and, as a result, trigger GC.
	It is recommended to disable useCacheForAllThreads by setting -Dorg.apache.ratis.thirdparty.io.netty.allocator.useCacheForAllThreads=false in command line.
2021-11-30 10:07:42,436 [Listener at 127.0.0.1/41539] INFO  grpc.GrpcConfigKeys (ConfUtils.java:logGet(44)) - raft.grpc.admin.port = 0 (custom)
2021-11-30 10:07:42,436 [Listener at 127.0.0.1/41539] INFO  grpc.GrpcConfigKeys (ConfUtils.java:logGet(44)) - raft.grpc.client.port = 0 (custom)
2021-11-30 10:07:42,436 [Listener at 127.0.0.1/41539] INFO  grpc.GrpcConfigKeys (ConfUtils.java:logGet(44)) - raft.grpc.server.port = 0 (default)
2021-11-30 10:07:42,436 [Listener at 127.0.0.1/41539] INFO  server.GrpcService (ConfUtils.java:logGet(44)) - raft.grpc.message.size.max = 32MB (=33554432) (custom)
2021-11-30 10:07:42,436 [Listener at 127.0.0.1/41539] INFO  server.RaftServerConfigKeys (ConfUtils.java:logGet(44)) - raft.server.log.appender.buffer.byte-limit = 33554432 (custom)
2021-11-30 10:07:42,437 [Listener at 127.0.0.1/41539] INFO  server.GrpcService (ConfUtils.java:logGet(44)) - raft.grpc.flow.control.window = 5MB (=5242880) (custom)
2021-11-30 10:07:42,437 [Listener at 127.0.0.1/41539] INFO  server.RaftServerConfigKeys (ConfUtils.java:logGet(44)) - raft.server.rpc.request.timeout = 3000ms (default)
2021-11-30 10:07:42,438 [Listener at 127.0.0.1/41539] INFO  impl.DataStreamServerImpl (ConfUtils.java:logGet(44)) - raft.datastream.type = DISABLED (default)
2021-11-30 10:07:42,438 [Listener at 127.0.0.1/41539] INFO  server.RaftServerConfigKeys (ConfUtils.java:logGet(44)) - raft.server.rpc.slowness.timeout = 300000ms (custom)
2021-11-30 10:07:42,438 [Listener at 127.0.0.1/41539] INFO  server.RaftServerConfigKeys (ConfUtils.java:logGet(44)) - raft.server.leaderelection.leader.step-down.wait-time = 10s (default)
2021-11-30 10:07:42,438 [Listener at 127.0.0.1/41539] INFO  server.RaftServerConfigKeys (ConfUtils.java:logGet(44)) - raft.server.storage.dir = [/home/runner/work/ozone/ozone/hadoop-ozone/integration-test/target/test-dir/MiniOzoneClusterImpl-0e29ee7e-a070-46b0-aa8f-4a21e578e9b3/datanode-2/data/ratis] (custom)
2021-11-30 10:07:42,442 [Listener at 127.0.0.1/41539] INFO  http.BaseHttpServer (BaseHttpServer.java:newHttpServer2BuilderForOzone(209)) - Starting Web-server for hddsDatanode at: http://0.0.0.0:0
2021-11-30 10:07:42,442 [Listener at 127.0.0.1/41539] INFO  http.BaseHttpServer (BaseHttpServer.java:<init>(107)) - Hadoop Security Enabled: false Ozone Security Enabled: false Ozone HTTP Security Enabled: false 
2021-11-30 10:07:42,443 [Listener at 127.0.0.1/41539] INFO  server.AuthenticationFilter (AuthenticationFilter.java:constructSecretProvider(240)) - Unable to initialize FileSignerSecretProvider, falling back to use random secrets.
2021-11-30 10:07:42,444 [Listener at 127.0.0.1/41539] WARN  http.HttpRequestLog (HttpRequestLog.java:getRequestLog(103)) - Jetty request log can only be enabled using Log4j
2021-11-30 10:07:42,445 [Listener at 127.0.0.1/41539] INFO  http.HttpServer2 (HttpServer2.java:addGlobalFilter(1030)) - Added global filter 'safety' (class=org.apache.hadoop.hdds.server.http.HttpServer2$QuotingInputFilter)
2021-11-30 10:07:42,445 [Listener at 127.0.0.1/41539] INFO  http.HttpServer2 (HttpServer2.java:addFilter(1006)) - Added filter static_user_filter (class=org.apache.hadoop.http.lib.StaticUserWebFilter$StaticUserFilter) to context hddsDatanode
2021-11-30 10:07:42,446 [Listener at 127.0.0.1/41539] INFO  http.HttpServer2 (HttpServer2.java:addFilter(1014)) - Added filter static_user_filter (class=org.apache.hadoop.http.lib.StaticUserWebFilter$StaticUserFilter) to context logs
2021-11-30 10:07:42,446 [Listener at 127.0.0.1/41539] INFO  http.HttpServer2 (HttpServer2.java:addFilter(1014)) - Added filter static_user_filter (class=org.apache.hadoop.http.lib.StaticUserWebFilter$StaticUserFilter) to context static
2021-11-30 10:07:42,446 [Listener at 127.0.0.1/41539] INFO  http.HttpServer2 (HttpServer2.java:bindListener(1249)) - Jetty bound to port 44171
2021-11-30 10:07:42,446 [Listener at 127.0.0.1/41539] INFO  server.Server (Server.java:doStart(375)) - jetty-9.4.43.v20210629; built: 2021-06-30T11:07:22.254Z; git: 526006ecfa3af7f1a27ef3a288e2bef7ea9dd7e8; jvm 1.8.0_292-b10
2021-11-30 10:07:42,460 [Listener at 127.0.0.1/41539] INFO  server.session (DefaultSessionIdManager.java:doStart(334)) - DefaultSessionIdManager workerName=node0
2021-11-30 10:07:42,460 [Listener at 127.0.0.1/41539] INFO  server.session (DefaultSessionIdManager.java:doStart(339)) - No SessionScavenger set, using defaults
2021-11-30 10:07:42,461 [Listener at 127.0.0.1/41539] INFO  server.session (HouseKeeper.java:startScavenging(132)) - node0 Scavenging every 660000ms
2021-11-30 10:07:42,464 [Listener at 127.0.0.1/41539] INFO  handler.ContextHandler (ContextHandler.java:doStart(915)) - Started o.e.j.s.ServletContextHandler@35c64ea5{logs,/logs,file:///home/runner/work/ozone/ozone/hadoop-ozone/integration-test/target/log,AVAILABLE}
2021-11-30 10:07:42,465 [Listener at 127.0.0.1/41539] INFO  handler.ContextHandler (ContextHandler.java:doStart(915)) - Started o.e.j.s.ServletContextHandler@5fa4a4f7{static,/static,jar:file:/home/runner/.m2/repository/org/apache/ozone/hdds-container-service/1.3.0-SNAPSHOT/hdds-container-service-1.3.0-SNAPSHOT.jar!/webapps/static,AVAILABLE}
2021-11-30 10:07:42,499 [om1@group-C5BA1605619E-SegmentedRaftLogWorker] INFO  segmented.SegmentedRaftLogWorker (SegmentedRaftLogWorker.java:execute(601)) - om1@group-C5BA1605619E-SegmentedRaftLogWorker: created new log segment /home/runner/work/ozone/ozone/hadoop-ozone/integration-test/target/test-dir/MiniOzoneClusterImpl-0e29ee7e-a070-46b0-aa8f-4a21e578e9b3/ozone-meta/ratis/bf265839-605b-3f16-9796-c5ba1605619e/current/log_inprogress_0
2021-11-30 10:07:42,505 [Listener at 127.0.0.1/41539] INFO  handler.ContextHandler (ContextHandler.java:doStart(915)) - Started o.e.j.w.WebAppContext@55b116e2{hddsDatanode,/,file:///tmp/jetty-0_0_0_0-44171-hdds-container-service-1_3_0-SNAPSHOT_jar-_-any-8639962777743922979/webapp/,AVAILABLE}{jar:file:/home/runner/.m2/repository/org/apache/ozone/hdds-container-service/1.3.0-SNAPSHOT/hdds-container-service-1.3.0-SNAPSHOT.jar!/webapps/hddsDatanode}
2021-11-30 10:07:42,506 [Listener at 127.0.0.1/41539] INFO  server.AbstractConnector (AbstractConnector.java:doStart(331)) - Started ServerConnector@5b27f56{HTTP/1.1, (http/1.1)}{0.0.0.0:44171}
2021-11-30 10:07:42,506 [Listener at 127.0.0.1/41539] INFO  server.Server (Server.java:doStart(415)) - Started @7221ms
2021-11-30 10:07:42,506 [Listener at 127.0.0.1/41539] WARN  impl.MetricsSystemImpl (MetricsSystemImpl.java:register(279)) - Sink prometheus already exists!
2021-11-30 10:07:42,507 [Listener at 127.0.0.1/41539] INFO  http.BaseHttpServer (BaseHttpServer.java:updateConnectorAddress(329)) - HTTP server of hddsDatanode listening at http://0.0.0.0:44171
2021-11-30 10:07:42,508 [Listener at 127.0.0.1/41539] WARN  impl.MetricRegistriesImpl (MetricRegistriesImpl.java:addReporterRegistration(111)) - New reporters are added after registries were created. Some metrics will be missing from the reporter. Please add reporter before adding any new registry.
2021-11-30 10:07:42,508 [Listener at 127.0.0.1/41539] WARN  impl.MetricRegistriesImpl (MetricRegistriesImpl.java:addReporterRegistration(111)) - New reporters are added after registries were created. Some metrics will be missing from the reporter. Please add reporter before adding any new registry.
2021-11-30 10:07:42,508 [Listener at 127.0.0.1/41539] INFO  impl.MetricsSystemImpl (MetricsSystemImpl.java:init(158)) - HddsDatanode metrics system started (again)
2021-11-30 10:07:42,516 [Datanode State Machine Daemon Thread] INFO  statemachine.DatanodeStateMachine (DatanodeStateMachine.java:lambda$startDaemon$0(467)) - Ozone container server started.
2021-11-30 10:07:42,531 [Listener at 127.0.0.1/41539] INFO  ozone.HddsDatanodeService (HddsDatanodeService.java:start(234)) - HddsDatanodeService host:fv-az297-56.nmf1rxwemy4u5di1sxxf4ejcwb.jx.internal.cloudapp.net ip:10.1.0.53
2021-11-30 10:07:42,552 [org.apache.hadoop.util.JvmPauseMonitor$Monitor@c98ee11] INFO  util.JvmPauseMonitor (JvmPauseMonitor.java:run(188)) - Starting JVM pause monitor
2021-11-30 10:07:42,556 [Datanode State Machine Task Thread - 0] INFO  datanode.InitDatanodeState (InitDatanodeState.java:persistContainerDatanodeDetails(145)) - DatanodeDetails is persisted to /home/runner/work/ozone/ozone/hadoop-ozone/integration-test/target/test-dir/MiniOzoneClusterImpl-0e29ee7e-a070-46b0-aa8f-4a21e578e9b3/datanode-2/meta/datanode.id
2021-11-30 10:07:42,570 [Listener at 127.0.0.1/41539] INFO  upgrade.AbstractLayoutVersionManager (AbstractLayoutVersionManager.java:init(79)) - Initializing Layout version manager with metadata layout = SCM_HA (version = 2), software layout = SCM_HA (version = 2)
2021-11-30 10:07:42,607 [Listener at 127.0.0.1/41539] INFO  reflections.Reflections (Reflections.java:scan(232)) - Reflections took 35 ms to scan 7 urls, producing 119 keys and 279 values 
2021-11-30 10:07:42,608 [Listener at 127.0.0.1/41539] INFO  statemachine.DatanodeStateMachine (DatanodeStateMachine.java:getEndPointTaskThreadPoolSize(219)) - Datanode State Machine Task Thread Pool size 2
2021-11-30 10:07:42,610 [Listener at 127.0.0.1/41539] INFO  volume.HddsVolume (HddsVolume.java:<init>(120)) - Creating HddsVolume: /home/runner/work/ozone/ozone/hadoop-ozone/integration-test/target/test-dir/MiniOzoneClusterImpl-0e29ee7e-a070-46b0-aa8f-4a21e578e9b3/datanode-3/data-0/containers/hdds of storage type : DISK capacity : 9223372036854775807
2021-11-30 10:07:42,610 [Listener at 127.0.0.1/41539] INFO  volume.MutableVolumeSet (MutableVolumeSet.java:initializeVolumeSet(168)) - Added Volume : /home/runner/work/ozone/ozone/hadoop-ozone/integration-test/target/test-dir/MiniOzoneClusterImpl-0e29ee7e-a070-46b0-aa8f-4a21e578e9b3/datanode-3/data-0/containers/hdds to VolumeSet
2021-11-30 10:07:42,610 [Listener at 127.0.0.1/41539] INFO  volume.ThrottledAsyncChecker (ThrottledAsyncChecker.java:schedule(141)) - Scheduling a check for /home/runner/work/ozone/ozone/hadoop-ozone/integration-test/target/test-dir/MiniOzoneClusterImpl-0e29ee7e-a070-46b0-aa8f-4a21e578e9b3/datanode-3/data-0/containers/hdds
2021-11-30 10:07:42,624 [Listener at 127.0.0.1/41539] INFO  volume.StorageVolumeChecker (StorageVolumeChecker.java:checkAllVolumes(202)) - Scheduled health check for volume /home/runner/work/ozone/ozone/hadoop-ozone/integration-test/target/test-dir/MiniOzoneClusterImpl-0e29ee7e-a070-46b0-aa8f-4a21e578e9b3/datanode-3/data-0/containers/hdds
2021-11-30 10:07:42,645 [Listener at 127.0.0.1/41539] INFO  volume.MutableVolumeSet (MutableVolumeSet.java:initializeVolumeSet(168)) - Added Volume : /home/runner/work/ozone/ozone/hadoop-ozone/integration-test/target/test-dir/MiniOzoneClusterImpl-0e29ee7e-a070-46b0-aa8f-4a21e578e9b3/datanode-3/data/ratis to VolumeSet
2021-11-30 10:07:42,645 [Listener at 127.0.0.1/41539] INFO  volume.ThrottledAsyncChecker (ThrottledAsyncChecker.java:schedule(141)) - Scheduling a check for /home/runner/work/ozone/ozone/hadoop-ozone/integration-test/target/test-dir/MiniOzoneClusterImpl-0e29ee7e-a070-46b0-aa8f-4a21e578e9b3/datanode-3/data/ratis
2021-11-30 10:07:42,646 [Listener at 127.0.0.1/41539] INFO  volume.StorageVolumeChecker (StorageVolumeChecker.java:checkAllVolumes(202)) - Scheduled health check for volume /home/runner/work/ozone/ozone/hadoop-ozone/integration-test/target/test-dir/MiniOzoneClusterImpl-0e29ee7e-a070-46b0-aa8f-4a21e578e9b3/datanode-3/data/ratis
2021-11-30 10:07:42,650 [om1@group-C5BA1605619E-StateMachineUpdater] INFO  ratis.OzoneManagerStateMachine (OzoneManagerStateMachine.java:notifyConfigurationChanged(188)) - Received Configuration change notification from Ratis. New Peer list:
[id: "om1"
address: "localhost:9872"
]
2021-11-30 10:07:42,665 [Thread-167] INFO  ozoneimpl.ContainerReader (ContainerReader.java:readVolume(172)) - Finish verifying containers on volume /home/runner/work/ozone/ozone/hadoop-ozone/integration-test/target/test-dir/MiniOzoneClusterImpl-0e29ee7e-a070-46b0-aa8f-4a21e578e9b3/datanode-3/data-0/containers/hdds
2021-11-30 10:07:42,665 [Listener at 127.0.0.1/41539] INFO  ozoneimpl.OzoneContainer (OzoneContainer.java:buildContainerSet(236)) - Build ContainerSet costs 0s
2021-11-30 10:07:42,669 [Listener at 127.0.0.1/41539] INFO  server.RaftServer (ConfUtils.java:logGet(44)) - raft.rpc.type = GRPC (default)
2021-11-30 10:07:42,669 [Listener at 127.0.0.1/41539] INFO  grpc.GrpcFactory (GrpcFactory.java:checkPooledByteBufAllocatorUseCacheForAllThreads(48)) - PERFORMANCE WARNING: useCacheForAllThreads is true that may cause Netty to create a lot garbage objects and, as a result, trigger GC.
	It is recommended to disable useCacheForAllThreads by setting -Dorg.apache.ratis.thirdparty.io.netty.allocator.useCacheForAllThreads=false in command line.
2021-11-30 10:07:42,669 [Listener at 127.0.0.1/41539] INFO  grpc.GrpcConfigKeys (ConfUtils.java:logGet(44)) - raft.grpc.admin.port = 0 (custom)
2021-11-30 10:07:42,669 [Listener at 127.0.0.1/41539] INFO  grpc.GrpcConfigKeys (ConfUtils.java:logGet(44)) - raft.grpc.client.port = 0 (custom)
2021-11-30 10:07:42,669 [Listener at 127.0.0.1/41539] INFO  grpc.GrpcConfigKeys (ConfUtils.java:logGet(44)) - raft.grpc.server.port = 0 (default)
2021-11-30 10:07:42,670 [Listener at 127.0.0.1/41539] INFO  server.GrpcService (ConfUtils.java:logGet(44)) - raft.grpc.message.size.max = 32MB (=33554432) (custom)
2021-11-30 10:07:42,670 [Listener at 127.0.0.1/41539] INFO  server.RaftServerConfigKeys (ConfUtils.java:logGet(44)) - raft.server.log.appender.buffer.byte-limit = 33554432 (custom)
2021-11-30 10:07:42,670 [Listener at 127.0.0.1/41539] INFO  server.GrpcService (ConfUtils.java:logGet(44)) - raft.grpc.flow.control.window = 5MB (=5242880) (custom)
2021-11-30 10:07:42,670 [Listener at 127.0.0.1/41539] INFO  server.RaftServerConfigKeys (ConfUtils.java:logGet(44)) - raft.server.rpc.request.timeout = 3000ms (default)
2021-11-30 10:07:42,671 [Listener at 127.0.0.1/41539] INFO  impl.DataStreamServerImpl (ConfUtils.java:logGet(44)) - raft.datastream.type = DISABLED (default)
2021-11-30 10:07:42,671 [Listener at 127.0.0.1/41539] INFO  server.RaftServerConfigKeys (ConfUtils.java:logGet(44)) - raft.server.rpc.slowness.timeout = 300000ms (custom)
2021-11-30 10:07:42,672 [Listener at 127.0.0.1/41539] INFO  server.RaftServerConfigKeys (ConfUtils.java:logGet(44)) - raft.server.leaderelection.leader.step-down.wait-time = 10s (default)
2021-11-30 10:07:42,672 [Listener at 127.0.0.1/41539] INFO  server.RaftServerConfigKeys (ConfUtils.java:logGet(44)) - raft.server.storage.dir = [/home/runner/work/ozone/ozone/hadoop-ozone/integration-test/target/test-dir/MiniOzoneClusterImpl-0e29ee7e-a070-46b0-aa8f-4a21e578e9b3/datanode-3/data/ratis] (custom)
2021-11-30 10:07:42,677 [Listener at 127.0.0.1/41539] INFO  http.BaseHttpServer (BaseHttpServer.java:newHttpServer2BuilderForOzone(209)) - Starting Web-server for hddsDatanode at: http://0.0.0.0:0
2021-11-30 10:07:42,677 [Listener at 127.0.0.1/41539] INFO  http.BaseHttpServer (BaseHttpServer.java:<init>(107)) - Hadoop Security Enabled: false Ozone Security Enabled: false Ozone HTTP Security Enabled: false 
2021-11-30 10:07:42,678 [Listener at 127.0.0.1/41539] INFO  server.AuthenticationFilter (AuthenticationFilter.java:constructSecretProvider(240)) - Unable to initialize FileSignerSecretProvider, falling back to use random secrets.
2021-11-30 10:07:42,680 [Listener at 127.0.0.1/41539] WARN  http.HttpRequestLog (HttpRequestLog.java:getRequestLog(103)) - Jetty request log can only be enabled using Log4j
2021-11-30 10:07:42,681 [Listener at 127.0.0.1/41539] INFO  http.HttpServer2 (HttpServer2.java:addGlobalFilter(1030)) - Added global filter 'safety' (class=org.apache.hadoop.hdds.server.http.HttpServer2$QuotingInputFilter)
2021-11-30 10:07:42,682 [Listener at 127.0.0.1/41539] INFO  http.HttpServer2 (HttpServer2.java:addFilter(1006)) - Added filter static_user_filter (class=org.apache.hadoop.http.lib.StaticUserWebFilter$StaticUserFilter) to context hddsDatanode
2021-11-30 10:07:42,682 [Listener at 127.0.0.1/41539] INFO  http.HttpServer2 (HttpServer2.java:addFilter(1014)) - Added filter static_user_filter (class=org.apache.hadoop.http.lib.StaticUserWebFilter$StaticUserFilter) to context static
2021-11-30 10:07:42,682 [Listener at 127.0.0.1/41539] INFO  http.HttpServer2 (HttpServer2.java:addFilter(1014)) - Added filter static_user_filter (class=org.apache.hadoop.http.lib.StaticUserWebFilter$StaticUserFilter) to context logs
2021-11-30 10:07:42,682 [Listener at 127.0.0.1/41539] INFO  http.HttpServer2 (HttpServer2.java:bindListener(1249)) - Jetty bound to port 37019
2021-11-30 10:07:42,682 [Listener at 127.0.0.1/41539] INFO  server.Server (Server.java:doStart(375)) - jetty-9.4.43.v20210629; built: 2021-06-30T11:07:22.254Z; git: 526006ecfa3af7f1a27ef3a288e2bef7ea9dd7e8; jvm 1.8.0_292-b10
2021-11-30 10:07:42,684 [Listener at 127.0.0.1/41539] INFO  server.session (DefaultSessionIdManager.java:doStart(334)) - DefaultSessionIdManager workerName=node0
2021-11-30 10:07:42,684 [Listener at 127.0.0.1/41539] INFO  server.session (DefaultSessionIdManager.java:doStart(339)) - No SessionScavenger set, using defaults
2021-11-30 10:07:42,684 [Listener at 127.0.0.1/41539] INFO  server.session (HouseKeeper.java:startScavenging(132)) - node0 Scavenging every 660000ms
2021-11-30 10:07:42,688 [Listener at 127.0.0.1/41539] INFO  handler.ContextHandler (ContextHandler.java:doStart(915)) - Started o.e.j.s.ServletContextHandler@34f93e16{logs,/logs,file:///home/runner/work/ozone/ozone/hadoop-ozone/integration-test/target/log,AVAILABLE}
2021-11-30 10:07:42,689 [Listener at 127.0.0.1/41539] INFO  handler.ContextHandler (ContextHandler.java:doStart(915)) - Started o.e.j.s.ServletContextHandler@56d20dd2{static,/static,jar:file:/home/runner/.m2/repository/org/apache/ozone/hdds-container-service/1.3.0-SNAPSHOT/hdds-container-service-1.3.0-SNAPSHOT.jar!/webapps/static,AVAILABLE}
2021-11-30 10:07:42,728 [Listener at 127.0.0.1/41539] INFO  handler.ContextHandler (ContextHandler.java:doStart(915)) - Started o.e.j.w.WebAppContext@3392ec03{hddsDatanode,/,file:///tmp/jetty-0_0_0_0-37019-hdds-container-service-1_3_0-SNAPSHOT_jar-_-any-2241973423949942079/webapp/,AVAILABLE}{jar:file:/home/runner/.m2/repository/org/apache/ozone/hdds-container-service/1.3.0-SNAPSHOT/hdds-container-service-1.3.0-SNAPSHOT.jar!/webapps/hddsDatanode}
2021-11-30 10:07:42,730 [Listener at 127.0.0.1/41539] INFO  server.AbstractConnector (AbstractConnector.java:doStart(331)) - Started ServerConnector@797df468{HTTP/1.1, (http/1.1)}{0.0.0.0:37019}
2021-11-30 10:07:42,730 [Listener at 127.0.0.1/41539] INFO  server.Server (Server.java:doStart(415)) - Started @7445ms
2021-11-30 10:07:42,730 [Listener at 127.0.0.1/41539] WARN  impl.MetricsSystemImpl (MetricsSystemImpl.java:register(279)) - Sink prometheus already exists!
2021-11-30 10:07:42,731 [Listener at 127.0.0.1/41539] INFO  http.BaseHttpServer (BaseHttpServer.java:updateConnectorAddress(329)) - HTTP server of hddsDatanode listening at http://0.0.0.0:37019
2021-11-30 10:07:42,731 [Listener at 127.0.0.1/41539] WARN  impl.MetricRegistriesImpl (MetricRegistriesImpl.java:addReporterRegistration(111)) - New reporters are added after registries were created. Some metrics will be missing from the reporter. Please add reporter before adding any new registry.
2021-11-30 10:07:42,731 [Listener at 127.0.0.1/41539] WARN  impl.MetricRegistriesImpl (MetricRegistriesImpl.java:addReporterRegistration(111)) - New reporters are added after registries were created. Some metrics will be missing from the reporter. Please add reporter before adding any new registry.
2021-11-30 10:07:42,731 [Listener at 127.0.0.1/41539] INFO  impl.MetricsSystemImpl (MetricsSystemImpl.java:init(158)) - HddsDatanode metrics system started (again)
2021-11-30 10:07:42,732 [Datanode State Machine Daemon Thread] INFO  statemachine.DatanodeStateMachine (DatanodeStateMachine.java:lambda$startDaemon$0(467)) - Ozone container server started.
2021-11-30 10:07:42,746 [Listener at 127.0.0.1/41539] INFO  ozone.HddsDatanodeService (HddsDatanodeService.java:start(234)) - HddsDatanodeService host:fv-az297-56.nmf1rxwemy4u5di1sxxf4ejcwb.jx.internal.cloudapp.net ip:10.1.0.53
2021-11-30 10:07:42,757 [org.apache.hadoop.util.JvmPauseMonitor$Monitor@6151773f] INFO  util.JvmPauseMonitor (JvmPauseMonitor.java:run(188)) - Starting JVM pause monitor
2021-11-30 10:07:42,769 [Datanode State Machine Task Thread - 0] INFO  datanode.InitDatanodeState (InitDatanodeState.java:persistContainerDatanodeDetails(145)) - DatanodeDetails is persisted to /home/runner/work/ozone/ozone/hadoop-ozone/integration-test/target/test-dir/MiniOzoneClusterImpl-0e29ee7e-a070-46b0-aa8f-4a21e578e9b3/datanode-3/meta/datanode.id
2021-11-30 10:07:42,779 [Listener at 127.0.0.1/41539] INFO  upgrade.AbstractLayoutVersionManager (AbstractLayoutVersionManager.java:init(79)) - Initializing Layout version manager with metadata layout = SCM_HA (version = 2), software layout = SCM_HA (version = 2)
2021-11-30 10:07:42,817 [Listener at 127.0.0.1/41539] INFO  reflections.Reflections (Reflections.java:scan(232)) - Reflections took 36 ms to scan 7 urls, producing 119 keys and 279 values 
2021-11-30 10:07:42,820 [Listener at 127.0.0.1/41539] INFO  statemachine.DatanodeStateMachine (DatanodeStateMachine.java:getEndPointTaskThreadPoolSize(219)) - Datanode State Machine Task Thread Pool size 2
2021-11-30 10:07:42,829 [Listener at 127.0.0.1/41539] INFO  volume.HddsVolume (HddsVolume.java:<init>(120)) - Creating HddsVolume: /home/runner/work/ozone/ozone/hadoop-ozone/integration-test/target/test-dir/MiniOzoneClusterImpl-0e29ee7e-a070-46b0-aa8f-4a21e578e9b3/datanode-4/data-0/containers/hdds of storage type : DISK capacity : 9223372036854775807
2021-11-30 10:07:42,829 [Listener at 127.0.0.1/41539] INFO  volume.MutableVolumeSet (MutableVolumeSet.java:initializeVolumeSet(168)) - Added Volume : /home/runner/work/ozone/ozone/hadoop-ozone/integration-test/target/test-dir/MiniOzoneClusterImpl-0e29ee7e-a070-46b0-aa8f-4a21e578e9b3/datanode-4/data-0/containers/hdds to VolumeSet
2021-11-30 10:07:42,829 [Listener at 127.0.0.1/41539] INFO  volume.ThrottledAsyncChecker (ThrottledAsyncChecker.java:schedule(141)) - Scheduling a check for /home/runner/work/ozone/ozone/hadoop-ozone/integration-test/target/test-dir/MiniOzoneClusterImpl-0e29ee7e-a070-46b0-aa8f-4a21e578e9b3/datanode-4/data-0/containers/hdds
2021-11-30 10:07:42,830 [Listener at 127.0.0.1/41539] INFO  volume.StorageVolumeChecker (StorageVolumeChecker.java:checkAllVolumes(202)) - Scheduled health check for volume /home/runner/work/ozone/ozone/hadoop-ozone/integration-test/target/test-dir/MiniOzoneClusterImpl-0e29ee7e-a070-46b0-aa8f-4a21e578e9b3/datanode-4/data-0/containers/hdds
2021-11-30 10:07:42,848 [Listener at 127.0.0.1/41539] INFO  volume.MutableVolumeSet (MutableVolumeSet.java:initializeVolumeSet(168)) - Added Volume : /home/runner/work/ozone/ozone/hadoop-ozone/integration-test/target/test-dir/MiniOzoneClusterImpl-0e29ee7e-a070-46b0-aa8f-4a21e578e9b3/datanode-4/data/ratis to VolumeSet
2021-11-30 10:07:42,849 [Listener at 127.0.0.1/41539] INFO  volume.ThrottledAsyncChecker (ThrottledAsyncChecker.java:schedule(141)) - Scheduling a check for /home/runner/work/ozone/ozone/hadoop-ozone/integration-test/target/test-dir/MiniOzoneClusterImpl-0e29ee7e-a070-46b0-aa8f-4a21e578e9b3/datanode-4/data/ratis
2021-11-30 10:07:42,849 [Listener at 127.0.0.1/41539] INFO  volume.StorageVolumeChecker (StorageVolumeChecker.java:checkAllVolumes(202)) - Scheduled health check for volume /home/runner/work/ozone/ozone/hadoop-ozone/integration-test/target/test-dir/MiniOzoneClusterImpl-0e29ee7e-a070-46b0-aa8f-4a21e578e9b3/datanode-4/data/ratis
2021-11-30 10:07:42,868 [Thread-179] INFO  ozoneimpl.ContainerReader (ContainerReader.java:readVolume(172)) - Finish verifying containers on volume /home/runner/work/ozone/ozone/hadoop-ozone/integration-test/target/test-dir/MiniOzoneClusterImpl-0e29ee7e-a070-46b0-aa8f-4a21e578e9b3/datanode-4/data-0/containers/hdds
2021-11-30 10:07:42,868 [Listener at 127.0.0.1/41539] INFO  ozoneimpl.OzoneContainer (OzoneContainer.java:buildContainerSet(236)) - Build ContainerSet costs 0s
2021-11-30 10:07:42,872 [Listener at 127.0.0.1/41539] INFO  server.RaftServer (ConfUtils.java:logGet(44)) - raft.rpc.type = GRPC (default)
2021-11-30 10:07:42,874 [Listener at 127.0.0.1/41539] INFO  grpc.GrpcFactory (GrpcFactory.java:checkPooledByteBufAllocatorUseCacheForAllThreads(48)) - PERFORMANCE WARNING: useCacheForAllThreads is true that may cause Netty to create a lot garbage objects and, as a result, trigger GC.
	It is recommended to disable useCacheForAllThreads by setting -Dorg.apache.ratis.thirdparty.io.netty.allocator.useCacheForAllThreads=false in command line.
2021-11-30 10:07:42,874 [Listener at 127.0.0.1/41539] INFO  grpc.GrpcConfigKeys (ConfUtils.java:logGet(44)) - raft.grpc.admin.port = 0 (custom)
2021-11-30 10:07:42,875 [Listener at 127.0.0.1/41539] INFO  grpc.GrpcConfigKeys (ConfUtils.java:logGet(44)) - raft.grpc.client.port = 0 (custom)
2021-11-30 10:07:42,875 [Listener at 127.0.0.1/41539] INFO  grpc.GrpcConfigKeys (ConfUtils.java:logGet(44)) - raft.grpc.server.port = 0 (default)
2021-11-30 10:07:42,876 [Listener at 127.0.0.1/41539] INFO  server.GrpcService (ConfUtils.java:logGet(44)) - raft.grpc.message.size.max = 32MB (=33554432) (custom)
2021-11-30 10:07:42,876 [Listener at 127.0.0.1/41539] INFO  server.RaftServerConfigKeys (ConfUtils.java:logGet(44)) - raft.server.log.appender.buffer.byte-limit = 33554432 (custom)
2021-11-30 10:07:42,876 [Listener at 127.0.0.1/41539] INFO  server.GrpcService (ConfUtils.java:logGet(44)) - raft.grpc.flow.control.window = 5MB (=5242880) (custom)
2021-11-30 10:07:42,876 [Listener at 127.0.0.1/41539] INFO  server.RaftServerConfigKeys (ConfUtils.java:logGet(44)) - raft.server.rpc.request.timeout = 3000ms (default)
2021-11-30 10:07:42,877 [Listener at 127.0.0.1/41539] INFO  impl.DataStreamServerImpl (ConfUtils.java:logGet(44)) - raft.datastream.type = DISABLED (default)
2021-11-30 10:07:42,878 [Listener at 127.0.0.1/41539] INFO  server.RaftServerConfigKeys (ConfUtils.java:logGet(44)) - raft.server.rpc.slowness.timeout = 300000ms (custom)
2021-11-30 10:07:42,878 [Listener at 127.0.0.1/41539] INFO  server.RaftServerConfigKeys (ConfUtils.java:logGet(44)) - raft.server.leaderelection.leader.step-down.wait-time = 10s (default)
2021-11-30 10:07:42,879 [Listener at 127.0.0.1/41539] INFO  server.RaftServerConfigKeys (ConfUtils.java:logGet(44)) - raft.server.storage.dir = [/home/runner/work/ozone/ozone/hadoop-ozone/integration-test/target/test-dir/MiniOzoneClusterImpl-0e29ee7e-a070-46b0-aa8f-4a21e578e9b3/datanode-4/data/ratis] (custom)
2021-11-30 10:07:42,889 [Listener at 127.0.0.1/41539] INFO  http.BaseHttpServer (BaseHttpServer.java:newHttpServer2BuilderForOzone(209)) - Starting Web-server for hddsDatanode at: http://0.0.0.0:0
2021-11-30 10:07:42,889 [Listener at 127.0.0.1/41539] INFO  http.BaseHttpServer (BaseHttpServer.java:<init>(107)) - Hadoop Security Enabled: false Ozone Security Enabled: false Ozone HTTP Security Enabled: false 
2021-11-30 10:07:42,890 [Listener at 127.0.0.1/41539] INFO  server.AuthenticationFilter (AuthenticationFilter.java:constructSecretProvider(240)) - Unable to initialize FileSignerSecretProvider, falling back to use random secrets.
2021-11-30 10:07:42,892 [Listener at 127.0.0.1/41539] WARN  http.HttpRequestLog (HttpRequestLog.java:getRequestLog(103)) - Jetty request log can only be enabled using Log4j
2021-11-30 10:07:42,893 [Listener at 127.0.0.1/41539] INFO  http.HttpServer2 (HttpServer2.java:addGlobalFilter(1030)) - Added global filter 'safety' (class=org.apache.hadoop.hdds.server.http.HttpServer2$QuotingInputFilter)
2021-11-30 10:07:42,894 [Listener at 127.0.0.1/41539] INFO  http.HttpServer2 (HttpServer2.java:addFilter(1006)) - Added filter static_user_filter (class=org.apache.hadoop.http.lib.StaticUserWebFilter$StaticUserFilter) to context hddsDatanode
2021-11-30 10:07:42,895 [Listener at 127.0.0.1/41539] INFO  http.HttpServer2 (HttpServer2.java:addFilter(1014)) - Added filter static_user_filter (class=org.apache.hadoop.http.lib.StaticUserWebFilter$StaticUserFilter) to context static
2021-11-30 10:07:42,895 [Listener at 127.0.0.1/41539] INFO  http.HttpServer2 (HttpServer2.java:addFilter(1014)) - Added filter static_user_filter (class=org.apache.hadoop.http.lib.StaticUserWebFilter$StaticUserFilter) to context logs
2021-11-30 10:07:42,895 [Listener at 127.0.0.1/41539] INFO  http.HttpServer2 (HttpServer2.java:bindListener(1249)) - Jetty bound to port 44341
2021-11-30 10:07:42,896 [Listener at 127.0.0.1/41539] INFO  server.Server (Server.java:doStart(375)) - jetty-9.4.43.v20210629; built: 2021-06-30T11:07:22.254Z; git: 526006ecfa3af7f1a27ef3a288e2bef7ea9dd7e8; jvm 1.8.0_292-b10
2021-11-30 10:07:42,902 [Listener at 127.0.0.1/41539] INFO  server.session (DefaultSessionIdManager.java:doStart(334)) - DefaultSessionIdManager workerName=node0
2021-11-30 10:07:42,902 [Listener at 127.0.0.1/41539] INFO  server.session (DefaultSessionIdManager.java:doStart(339)) - No SessionScavenger set, using defaults
2021-11-30 10:07:42,902 [Listener at 127.0.0.1/41539] INFO  server.session (HouseKeeper.java:startScavenging(132)) - node0 Scavenging every 660000ms
2021-11-30 10:07:42,903 [Listener at 127.0.0.1/41539] INFO  handler.ContextHandler (ContextHandler.java:doStart(915)) - Started o.e.j.s.ServletContextHandler@675afc96{logs,/logs,file:///home/runner/work/ozone/ozone/hadoop-ozone/integration-test/target/log,AVAILABLE}
2021-11-30 10:07:42,903 [Listener at 127.0.0.1/41539] INFO  handler.ContextHandler (ContextHandler.java:doStart(915)) - Started o.e.j.s.ServletContextHandler@63d6315{static,/static,jar:file:/home/runner/.m2/repository/org/apache/ozone/hdds-container-service/1.3.0-SNAPSHOT/hdds-container-service-1.3.0-SNAPSHOT.jar!/webapps/static,AVAILABLE}
2021-11-30 10:07:42,943 [Listener at 127.0.0.1/41539] INFO  handler.ContextHandler (ContextHandler.java:doStart(915)) - Started o.e.j.w.WebAppContext@73f557b8{hddsDatanode,/,file:///tmp/jetty-0_0_0_0-44341-hdds-container-service-1_3_0-SNAPSHOT_jar-_-any-7651568698625106782/webapp/,AVAILABLE}{jar:file:/home/runner/.m2/repository/org/apache/ozone/hdds-container-service/1.3.0-SNAPSHOT/hdds-container-service-1.3.0-SNAPSHOT.jar!/webapps/hddsDatanode}
2021-11-30 10:07:42,945 [Listener at 127.0.0.1/41539] INFO  server.AbstractConnector (AbstractConnector.java:doStart(331)) - Started ServerConnector@10296c53{HTTP/1.1, (http/1.1)}{0.0.0.0:44341}
2021-11-30 10:07:42,945 [Listener at 127.0.0.1/41539] INFO  server.Server (Server.java:doStart(415)) - Started @7660ms
2021-11-30 10:07:42,945 [Listener at 127.0.0.1/41539] WARN  impl.MetricsSystemImpl (MetricsSystemImpl.java:register(279)) - Sink prometheus already exists!
2021-11-30 10:07:42,946 [Listener at 127.0.0.1/41539] INFO  http.BaseHttpServer (BaseHttpServer.java:updateConnectorAddress(329)) - HTTP server of hddsDatanode listening at http://0.0.0.0:44341
2021-11-30 10:07:42,946 [Datanode State Machine Daemon Thread] INFO  statemachine.DatanodeStateMachine (DatanodeStateMachine.java:lambda$startDaemon$0(467)) - Ozone container server started.
2021-11-30 10:07:42,948 [Listener at 127.0.0.1/41539] WARN  impl.MetricRegistriesImpl (MetricRegistriesImpl.java:addReporterRegistration(111)) - New reporters are added after registries were created. Some metrics will be missing from the reporter. Please add reporter before adding any new registry.
2021-11-30 10:07:42,948 [Listener at 127.0.0.1/41539] WARN  impl.MetricRegistriesImpl (MetricRegistriesImpl.java:addReporterRegistration(111)) - New reporters are added after registries were created. Some metrics will be missing from the reporter. Please add reporter before adding any new registry.
2021-11-30 10:07:42,948 [Listener at 127.0.0.1/41539] INFO  impl.MetricsSystemImpl (MetricsSystemImpl.java:init(158)) - HddsDatanode metrics system started (again)
2021-11-30 10:07:42,960 [org.apache.hadoop.util.JvmPauseMonitor$Monitor@539a057b] INFO  util.JvmPauseMonitor (JvmPauseMonitor.java:run(188)) - Starting JVM pause monitor
2021-11-30 10:07:42,962 [Datanode State Machine Task Thread - 0] INFO  datanode.InitDatanodeState (InitDatanodeState.java:persistContainerDatanodeDetails(145)) - DatanodeDetails is persisted to /home/runner/work/ozone/ozone/hadoop-ozone/integration-test/target/test-dir/MiniOzoneClusterImpl-0e29ee7e-a070-46b0-aa8f-4a21e578e9b3/datanode-4/meta/datanode.id
2021-11-30 10:07:42,974 [Listener at 127.0.0.1/41539] INFO  ozone.HddsDatanodeService (HddsDatanodeService.java:start(234)) - HddsDatanodeService host:fv-az297-56.nmf1rxwemy4u5di1sxxf4ejcwb.jx.internal.cloudapp.net ip:10.1.0.53
2021-11-30 10:07:42,990 [Listener at 127.0.0.1/41539] INFO  upgrade.AbstractLayoutVersionManager (AbstractLayoutVersionManager.java:init(79)) - Initializing Layout version manager with metadata layout = SCM_HA (version = 2), software layout = SCM_HA (version = 2)
2021-11-30 10:07:43,040 [Listener at 127.0.0.1/41539] INFO  reflections.Reflections (Reflections.java:scan(232)) - Reflections took 49 ms to scan 7 urls, producing 119 keys and 279 values 
2021-11-30 10:07:43,043 [Listener at 127.0.0.1/41539] INFO  statemachine.DatanodeStateMachine (DatanodeStateMachine.java:getEndPointTaskThreadPoolSize(219)) - Datanode State Machine Task Thread Pool size 2
2021-11-30 10:07:43,045 [Listener at 127.0.0.1/41539] INFO  volume.HddsVolume (HddsVolume.java:<init>(120)) - Creating HddsVolume: /home/runner/work/ozone/ozone/hadoop-ozone/integration-test/target/test-dir/MiniOzoneClusterImpl-0e29ee7e-a070-46b0-aa8f-4a21e578e9b3/datanode-5/data-0/containers/hdds of storage type : DISK capacity : 9223372036854775807
2021-11-30 10:07:43,046 [Listener at 127.0.0.1/41539] INFO  volume.MutableVolumeSet (MutableVolumeSet.java:initializeVolumeSet(168)) - Added Volume : /home/runner/work/ozone/ozone/hadoop-ozone/integration-test/target/test-dir/MiniOzoneClusterImpl-0e29ee7e-a070-46b0-aa8f-4a21e578e9b3/datanode-5/data-0/containers/hdds to VolumeSet
2021-11-30 10:07:43,046 [Listener at 127.0.0.1/41539] INFO  volume.ThrottledAsyncChecker (ThrottledAsyncChecker.java:schedule(141)) - Scheduling a check for /home/runner/work/ozone/ozone/hadoop-ozone/integration-test/target/test-dir/MiniOzoneClusterImpl-0e29ee7e-a070-46b0-aa8f-4a21e578e9b3/datanode-5/data-0/containers/hdds
2021-11-30 10:07:43,052 [Listener at 127.0.0.1/41539] INFO  volume.StorageVolumeChecker (StorageVolumeChecker.java:checkAllVolumes(202)) - Scheduled health check for volume /home/runner/work/ozone/ozone/hadoop-ozone/integration-test/target/test-dir/MiniOzoneClusterImpl-0e29ee7e-a070-46b0-aa8f-4a21e578e9b3/datanode-5/data-0/containers/hdds
2021-11-30 10:07:43,073 [Listener at 127.0.0.1/41539] INFO  volume.MutableVolumeSet (MutableVolumeSet.java:initializeVolumeSet(168)) - Added Volume : /home/runner/work/ozone/ozone/hadoop-ozone/integration-test/target/test-dir/MiniOzoneClusterImpl-0e29ee7e-a070-46b0-aa8f-4a21e578e9b3/datanode-5/data/ratis to VolumeSet
2021-11-30 10:07:43,073 [Listener at 127.0.0.1/41539] INFO  volume.ThrottledAsyncChecker (ThrottledAsyncChecker.java:schedule(141)) - Scheduling a check for /home/runner/work/ozone/ozone/hadoop-ozone/integration-test/target/test-dir/MiniOzoneClusterImpl-0e29ee7e-a070-46b0-aa8f-4a21e578e9b3/datanode-5/data/ratis
2021-11-30 10:07:43,073 [Listener at 127.0.0.1/41539] INFO  volume.StorageVolumeChecker (StorageVolumeChecker.java:checkAllVolumes(202)) - Scheduled health check for volume /home/runner/work/ozone/ozone/hadoop-ozone/integration-test/target/test-dir/MiniOzoneClusterImpl-0e29ee7e-a070-46b0-aa8f-4a21e578e9b3/datanode-5/data/ratis
2021-11-30 10:07:43,086 [Thread-191] INFO  ozoneimpl.ContainerReader (ContainerReader.java:readVolume(172)) - Finish verifying containers on volume /home/runner/work/ozone/ozone/hadoop-ozone/integration-test/target/test-dir/MiniOzoneClusterImpl-0e29ee7e-a070-46b0-aa8f-4a21e578e9b3/datanode-5/data-0/containers/hdds
2021-11-30 10:07:43,086 [Listener at 127.0.0.1/41539] INFO  ozoneimpl.OzoneContainer (OzoneContainer.java:buildContainerSet(236)) - Build ContainerSet costs 0s
2021-11-30 10:07:43,089 [Listener at 127.0.0.1/41539] INFO  server.RaftServer (ConfUtils.java:logGet(44)) - raft.rpc.type = GRPC (default)
2021-11-30 10:07:43,089 [Listener at 127.0.0.1/41539] INFO  grpc.GrpcFactory (GrpcFactory.java:checkPooledByteBufAllocatorUseCacheForAllThreads(48)) - PERFORMANCE WARNING: useCacheForAllThreads is true that may cause Netty to create a lot garbage objects and, as a result, trigger GC.
	It is recommended to disable useCacheForAllThreads by setting -Dorg.apache.ratis.thirdparty.io.netty.allocator.useCacheForAllThreads=false in command line.
2021-11-30 10:07:43,089 [Listener at 127.0.0.1/41539] INFO  grpc.GrpcConfigKeys (ConfUtils.java:logGet(44)) - raft.grpc.admin.port = 0 (custom)
2021-11-30 10:07:43,089 [Listener at 127.0.0.1/41539] INFO  grpc.GrpcConfigKeys (ConfUtils.java:logGet(44)) - raft.grpc.client.port = 0 (custom)
2021-11-30 10:07:43,089 [Listener at 127.0.0.1/41539] INFO  grpc.GrpcConfigKeys (ConfUtils.java:logGet(44)) - raft.grpc.server.port = 0 (default)
2021-11-30 10:07:43,089 [Listener at 127.0.0.1/41539] INFO  server.GrpcService (ConfUtils.java:logGet(44)) - raft.grpc.message.size.max = 32MB (=33554432) (custom)
2021-11-30 10:07:43,090 [Listener at 127.0.0.1/41539] INFO  server.RaftServerConfigKeys (ConfUtils.java:logGet(44)) - raft.server.log.appender.buffer.byte-limit = 33554432 (custom)
2021-11-30 10:07:43,090 [Listener at 127.0.0.1/41539] INFO  server.GrpcService (ConfUtils.java:logGet(44)) - raft.grpc.flow.control.window = 5MB (=5242880) (custom)
2021-11-30 10:07:43,090 [Listener at 127.0.0.1/41539] INFO  server.RaftServerConfigKeys (ConfUtils.java:logGet(44)) - raft.server.rpc.request.timeout = 3000ms (default)
2021-11-30 10:07:43,091 [Listener at 127.0.0.1/41539] INFO  impl.DataStreamServerImpl (ConfUtils.java:logGet(44)) - raft.datastream.type = DISABLED (default)
2021-11-30 10:07:43,091 [Listener at 127.0.0.1/41539] INFO  server.RaftServerConfigKeys (ConfUtils.java:logGet(44)) - raft.server.rpc.slowness.timeout = 300000ms (custom)
2021-11-30 10:07:43,091 [Listener at 127.0.0.1/41539] INFO  server.RaftServerConfigKeys (ConfUtils.java:logGet(44)) - raft.server.leaderelection.leader.step-down.wait-time = 10s (default)
2021-11-30 10:07:43,091 [Listener at 127.0.0.1/41539] INFO  server.RaftServerConfigKeys (ConfUtils.java:logGet(44)) - raft.server.storage.dir = [/home/runner/work/ozone/ozone/hadoop-ozone/integration-test/target/test-dir/MiniOzoneClusterImpl-0e29ee7e-a070-46b0-aa8f-4a21e578e9b3/datanode-5/data/ratis] (custom)
2021-11-30 10:07:43,095 [Listener at 127.0.0.1/41539] INFO  http.BaseHttpServer (BaseHttpServer.java:newHttpServer2BuilderForOzone(209)) - Starting Web-server for hddsDatanode at: http://0.0.0.0:0
2021-11-30 10:07:43,095 [Listener at 127.0.0.1/41539] INFO  http.BaseHttpServer (BaseHttpServer.java:<init>(107)) - Hadoop Security Enabled: false Ozone Security Enabled: false Ozone HTTP Security Enabled: false 
2021-11-30 10:07:43,096 [Listener at 127.0.0.1/41539] INFO  server.AuthenticationFilter (AuthenticationFilter.java:constructSecretProvider(240)) - Unable to initialize FileSignerSecretProvider, falling back to use random secrets.
2021-11-30 10:07:43,097 [Listener at 127.0.0.1/41539] WARN  http.HttpRequestLog (HttpRequestLog.java:getRequestLog(103)) - Jetty request log can only be enabled using Log4j
2021-11-30 10:07:43,098 [Listener at 127.0.0.1/41539] INFO  http.HttpServer2 (HttpServer2.java:addGlobalFilter(1030)) - Added global filter 'safety' (class=org.apache.hadoop.hdds.server.http.HttpServer2$QuotingInputFilter)
2021-11-30 10:07:43,098 [Listener at 127.0.0.1/41539] INFO  http.HttpServer2 (HttpServer2.java:addFilter(1006)) - Added filter static_user_filter (class=org.apache.hadoop.http.lib.StaticUserWebFilter$StaticUserFilter) to context hddsDatanode
2021-11-30 10:07:43,099 [Listener at 127.0.0.1/41539] INFO  http.HttpServer2 (HttpServer2.java:addFilter(1014)) - Added filter static_user_filter (class=org.apache.hadoop.http.lib.StaticUserWebFilter$StaticUserFilter) to context static
2021-11-30 10:07:43,099 [Listener at 127.0.0.1/41539] INFO  http.HttpServer2 (HttpServer2.java:addFilter(1014)) - Added filter static_user_filter (class=org.apache.hadoop.http.lib.StaticUserWebFilter$StaticUserFilter) to context logs
2021-11-30 10:07:43,099 [Listener at 127.0.0.1/41539] INFO  http.HttpServer2 (HttpServer2.java:bindListener(1249)) - Jetty bound to port 45259
2021-11-30 10:07:43,099 [Listener at 127.0.0.1/41539] INFO  server.Server (Server.java:doStart(375)) - jetty-9.4.43.v20210629; built: 2021-06-30T11:07:22.254Z; git: 526006ecfa3af7f1a27ef3a288e2bef7ea9dd7e8; jvm 1.8.0_292-b10
2021-11-30 10:07:43,106 [Listener at 127.0.0.1/41539] INFO  server.session (DefaultSessionIdManager.java:doStart(334)) - DefaultSessionIdManager workerName=node0
2021-11-30 10:07:43,106 [Listener at 127.0.0.1/41539] INFO  server.session (DefaultSessionIdManager.java:doStart(339)) - No SessionScavenger set, using defaults
2021-11-30 10:07:43,107 [Listener at 127.0.0.1/41539] INFO  server.session (HouseKeeper.java:startScavenging(132)) - node0 Scavenging every 660000ms
2021-11-30 10:07:43,107 [Listener at 127.0.0.1/41539] INFO  handler.ContextHandler (ContextHandler.java:doStart(915)) - Started o.e.j.s.ServletContextHandler@4476352e{logs,/logs,file:///home/runner/work/ozone/ozone/hadoop-ozone/integration-test/target/log,AVAILABLE}
2021-11-30 10:07:43,108 [Listener at 127.0.0.1/41539] INFO  handler.ContextHandler (ContextHandler.java:doStart(915)) - Started o.e.j.s.ServletContextHandler@68241187{static,/static,jar:file:/home/runner/.m2/repository/org/apache/ozone/hdds-container-service/1.3.0-SNAPSHOT/hdds-container-service-1.3.0-SNAPSHOT.jar!/webapps/static,AVAILABLE}
2021-11-30 10:07:43,148 [Listener at 127.0.0.1/41539] INFO  handler.ContextHandler (ContextHandler.java:doStart(915)) - Started o.e.j.w.WebAppContext@39e90093{hddsDatanode,/,file:///tmp/jetty-0_0_0_0-45259-hdds-container-service-1_3_0-SNAPSHOT_jar-_-any-8835384311396041438/webapp/,AVAILABLE}{jar:file:/home/runner/.m2/repository/org/apache/ozone/hdds-container-service/1.3.0-SNAPSHOT/hdds-container-service-1.3.0-SNAPSHOT.jar!/webapps/hddsDatanode}
2021-11-30 10:07:43,149 [Listener at 127.0.0.1/41539] INFO  server.AbstractConnector (AbstractConnector.java:doStart(331)) - Started ServerConnector@4c4e3eaa{HTTP/1.1, (http/1.1)}{0.0.0.0:45259}
2021-11-30 10:07:43,149 [Listener at 127.0.0.1/41539] INFO  server.Server (Server.java:doStart(415)) - Started @7864ms
2021-11-30 10:07:43,149 [Listener at 127.0.0.1/41539] WARN  impl.MetricsSystemImpl (MetricsSystemImpl.java:register(279)) - Sink prometheus already exists!
2021-11-30 10:07:43,150 [Listener at 127.0.0.1/41539] INFO  http.BaseHttpServer (BaseHttpServer.java:updateConnectorAddress(329)) - HTTP server of hddsDatanode listening at http://0.0.0.0:45259
2021-11-30 10:07:43,151 [Listener at 127.0.0.1/41539] WARN  impl.MetricRegistriesImpl (MetricRegistriesImpl.java:addReporterRegistration(111)) - New reporters are added after registries were created. Some metrics will be missing from the reporter. Please add reporter before adding any new registry.
2021-11-30 10:07:43,151 [Listener at 127.0.0.1/41539] WARN  impl.MetricRegistriesImpl (MetricRegistriesImpl.java:addReporterRegistration(111)) - New reporters are added after registries were created. Some metrics will be missing from the reporter. Please add reporter before adding any new registry.
2021-11-30 10:07:43,151 [Listener at 127.0.0.1/41539] INFO  impl.MetricsSystemImpl (MetricsSystemImpl.java:init(158)) - HddsDatanode metrics system started (again)
2021-11-30 10:07:43,162 [Datanode State Machine Daemon Thread] INFO  statemachine.DatanodeStateMachine (DatanodeStateMachine.java:lambda$startDaemon$0(467)) - Ozone container server started.
2021-11-30 10:07:43,184 [org.apache.hadoop.util.JvmPauseMonitor$Monitor@64518abd] INFO  util.JvmPauseMonitor (JvmPauseMonitor.java:run(188)) - Starting JVM pause monitor
2021-11-30 10:07:43,186 [Listener at 127.0.0.1/41539] INFO  ozone.HddsDatanodeService (HddsDatanodeService.java:start(234)) - HddsDatanodeService host:fv-az297-56.nmf1rxwemy4u5di1sxxf4ejcwb.jx.internal.cloudapp.net ip:10.1.0.53
2021-11-30 10:07:43,190 [Datanode State Machine Task Thread - 0] INFO  datanode.InitDatanodeState (InitDatanodeState.java:persistContainerDatanodeDetails(145)) - DatanodeDetails is persisted to /home/runner/work/ozone/ozone/hadoop-ozone/integration-test/target/test-dir/MiniOzoneClusterImpl-0e29ee7e-a070-46b0-aa8f-4a21e578e9b3/datanode-5/meta/datanode.id
2021-11-30 10:07:43,209 [Listener at 127.0.0.1/41539] INFO  upgrade.AbstractLayoutVersionManager (AbstractLayoutVersionManager.java:init(79)) - Initializing Layout version manager with metadata layout = SCM_HA (version = 2), software layout = SCM_HA (version = 2)
2021-11-30 10:07:43,246 [Listener at 127.0.0.1/41539] INFO  reflections.Reflections (Reflections.java:scan(232)) - Reflections took 35 ms to scan 7 urls, producing 119 keys and 279 values 
2021-11-30 10:07:43,247 [Listener at 127.0.0.1/41539] INFO  statemachine.DatanodeStateMachine (DatanodeStateMachine.java:getEndPointTaskThreadPoolSize(219)) - Datanode State Machine Task Thread Pool size 2
2021-11-30 10:07:43,249 [Listener at 127.0.0.1/41539] INFO  volume.HddsVolume (HddsVolume.java:<init>(120)) - Creating HddsVolume: /home/runner/work/ozone/ozone/hadoop-ozone/integration-test/target/test-dir/MiniOzoneClusterImpl-0e29ee7e-a070-46b0-aa8f-4a21e578e9b3/datanode-6/data-0/containers/hdds of storage type : DISK capacity : 9223372036854775807
2021-11-30 10:07:43,249 [Listener at 127.0.0.1/41539] INFO  volume.MutableVolumeSet (MutableVolumeSet.java:initializeVolumeSet(168)) - Added Volume : /home/runner/work/ozone/ozone/hadoop-ozone/integration-test/target/test-dir/MiniOzoneClusterImpl-0e29ee7e-a070-46b0-aa8f-4a21e578e9b3/datanode-6/data-0/containers/hdds to VolumeSet
2021-11-30 10:07:43,249 [Listener at 127.0.0.1/41539] INFO  volume.ThrottledAsyncChecker (ThrottledAsyncChecker.java:schedule(141)) - Scheduling a check for /home/runner/work/ozone/ozone/hadoop-ozone/integration-test/target/test-dir/MiniOzoneClusterImpl-0e29ee7e-a070-46b0-aa8f-4a21e578e9b3/datanode-6/data-0/containers/hdds
2021-11-30 10:07:43,256 [Listener at 127.0.0.1/41539] INFO  volume.StorageVolumeChecker (StorageVolumeChecker.java:checkAllVolumes(202)) - Scheduled health check for volume /home/runner/work/ozone/ozone/hadoop-ozone/integration-test/target/test-dir/MiniOzoneClusterImpl-0e29ee7e-a070-46b0-aa8f-4a21e578e9b3/datanode-6/data-0/containers/hdds
2021-11-30 10:07:43,270 [Listener at 127.0.0.1/41539] INFO  volume.MutableVolumeSet (MutableVolumeSet.java:initializeVolumeSet(168)) - Added Volume : /home/runner/work/ozone/ozone/hadoop-ozone/integration-test/target/test-dir/MiniOzoneClusterImpl-0e29ee7e-a070-46b0-aa8f-4a21e578e9b3/datanode-6/data/ratis to VolumeSet
2021-11-30 10:07:43,270 [Listener at 127.0.0.1/41539] INFO  volume.ThrottledAsyncChecker (ThrottledAsyncChecker.java:schedule(141)) - Scheduling a check for /home/runner/work/ozone/ozone/hadoop-ozone/integration-test/target/test-dir/MiniOzoneClusterImpl-0e29ee7e-a070-46b0-aa8f-4a21e578e9b3/datanode-6/data/ratis
2021-11-30 10:07:43,270 [Listener at 127.0.0.1/41539] INFO  volume.StorageVolumeChecker (StorageVolumeChecker.java:checkAllVolumes(202)) - Scheduled health check for volume /home/runner/work/ozone/ozone/hadoop-ozone/integration-test/target/test-dir/MiniOzoneClusterImpl-0e29ee7e-a070-46b0-aa8f-4a21e578e9b3/datanode-6/data/ratis
2021-11-30 10:07:43,283 [Thread-203] INFO  ozoneimpl.ContainerReader (ContainerReader.java:readVolume(172)) - Finish verifying containers on volume /home/runner/work/ozone/ozone/hadoop-ozone/integration-test/target/test-dir/MiniOzoneClusterImpl-0e29ee7e-a070-46b0-aa8f-4a21e578e9b3/datanode-6/data-0/containers/hdds
2021-11-30 10:07:43,283 [Listener at 127.0.0.1/41539] INFO  ozoneimpl.OzoneContainer (OzoneContainer.java:buildContainerSet(236)) - Build ContainerSet costs 0s
2021-11-30 10:07:43,286 [Listener at 127.0.0.1/41539] INFO  server.RaftServer (ConfUtils.java:logGet(44)) - raft.rpc.type = GRPC (default)
2021-11-30 10:07:43,286 [Listener at 127.0.0.1/41539] INFO  grpc.GrpcFactory (GrpcFactory.java:checkPooledByteBufAllocatorUseCacheForAllThreads(48)) - PERFORMANCE WARNING: useCacheForAllThreads is true that may cause Netty to create a lot garbage objects and, as a result, trigger GC.
	It is recommended to disable useCacheForAllThreads by setting -Dorg.apache.ratis.thirdparty.io.netty.allocator.useCacheForAllThreads=false in command line.
2021-11-30 10:07:43,287 [Listener at 127.0.0.1/41539] INFO  grpc.GrpcConfigKeys (ConfUtils.java:logGet(44)) - raft.grpc.admin.port = 0 (custom)
2021-11-30 10:07:43,287 [Listener at 127.0.0.1/41539] INFO  grpc.GrpcConfigKeys (ConfUtils.java:logGet(44)) - raft.grpc.client.port = 0 (custom)
2021-11-30 10:07:43,287 [Listener at 127.0.0.1/41539] INFO  grpc.GrpcConfigKeys (ConfUtils.java:logGet(44)) - raft.grpc.server.port = 0 (default)
2021-11-30 10:07:43,287 [Listener at 127.0.0.1/41539] INFO  server.GrpcService (ConfUtils.java:logGet(44)) - raft.grpc.message.size.max = 32MB (=33554432) (custom)
2021-11-30 10:07:43,287 [Listener at 127.0.0.1/41539] INFO  server.RaftServerConfigKeys (ConfUtils.java:logGet(44)) - raft.server.log.appender.buffer.byte-limit = 33554432 (custom)
2021-11-30 10:07:43,287 [Listener at 127.0.0.1/41539] INFO  server.GrpcService (ConfUtils.java:logGet(44)) - raft.grpc.flow.control.window = 5MB (=5242880) (custom)
2021-11-30 10:07:43,287 [Listener at 127.0.0.1/41539] INFO  server.RaftServerConfigKeys (ConfUtils.java:logGet(44)) - raft.server.rpc.request.timeout = 3000ms (default)
2021-11-30 10:07:43,288 [Listener at 127.0.0.1/41539] INFO  impl.DataStreamServerImpl (ConfUtils.java:logGet(44)) - raft.datastream.type = DISABLED (default)
2021-11-30 10:07:43,288 [Listener at 127.0.0.1/41539] INFO  server.RaftServerConfigKeys (ConfUtils.java:logGet(44)) - raft.server.rpc.slowness.timeout = 300000ms (custom)
2021-11-30 10:07:43,289 [Listener at 127.0.0.1/41539] INFO  server.RaftServerConfigKeys (ConfUtils.java:logGet(44)) - raft.server.leaderelection.leader.step-down.wait-time = 10s (default)
2021-11-30 10:07:43,289 [Listener at 127.0.0.1/41539] INFO  server.RaftServerConfigKeys (ConfUtils.java:logGet(44)) - raft.server.storage.dir = [/home/runner/work/ozone/ozone/hadoop-ozone/integration-test/target/test-dir/MiniOzoneClusterImpl-0e29ee7e-a070-46b0-aa8f-4a21e578e9b3/datanode-6/data/ratis] (custom)
2021-11-30 10:07:43,292 [Listener at 127.0.0.1/41539] INFO  http.BaseHttpServer (BaseHttpServer.java:newHttpServer2BuilderForOzone(209)) - Starting Web-server for hddsDatanode at: http://0.0.0.0:0
2021-11-30 10:07:43,293 [Listener at 127.0.0.1/41539] INFO  http.BaseHttpServer (BaseHttpServer.java:<init>(107)) - Hadoop Security Enabled: false Ozone Security Enabled: false Ozone HTTP Security Enabled: false 
2021-11-30 10:07:43,294 [Listener at 127.0.0.1/41539] INFO  server.AuthenticationFilter (AuthenticationFilter.java:constructSecretProvider(240)) - Unable to initialize FileSignerSecretProvider, falling back to use random secrets.
2021-11-30 10:07:43,294 [Listener at 127.0.0.1/41539] WARN  http.HttpRequestLog (HttpRequestLog.java:getRequestLog(103)) - Jetty request log can only be enabled using Log4j
2021-11-30 10:07:43,295 [Listener at 127.0.0.1/41539] INFO  http.HttpServer2 (HttpServer2.java:addGlobalFilter(1030)) - Added global filter 'safety' (class=org.apache.hadoop.hdds.server.http.HttpServer2$QuotingInputFilter)
2021-11-30 10:07:43,296 [Listener at 127.0.0.1/41539] INFO  http.HttpServer2 (HttpServer2.java:addFilter(1006)) - Added filter static_user_filter (class=org.apache.hadoop.http.lib.StaticUserWebFilter$StaticUserFilter) to context hddsDatanode
2021-11-30 10:07:43,296 [Listener at 127.0.0.1/41539] INFO  http.HttpServer2 (HttpServer2.java:addFilter(1014)) - Added filter static_user_filter (class=org.apache.hadoop.http.lib.StaticUserWebFilter$StaticUserFilter) to context static
2021-11-30 10:07:43,296 [Listener at 127.0.0.1/41539] INFO  http.HttpServer2 (HttpServer2.java:addFilter(1014)) - Added filter static_user_filter (class=org.apache.hadoop.http.lib.StaticUserWebFilter$StaticUserFilter) to context logs
2021-11-30 10:07:43,296 [Listener at 127.0.0.1/41539] INFO  http.HttpServer2 (HttpServer2.java:bindListener(1249)) - Jetty bound to port 45705
2021-11-30 10:07:43,297 [Listener at 127.0.0.1/41539] INFO  server.Server (Server.java:doStart(375)) - jetty-9.4.43.v20210629; built: 2021-06-30T11:07:22.254Z; git: 526006ecfa3af7f1a27ef3a288e2bef7ea9dd7e8; jvm 1.8.0_292-b10
2021-11-30 10:07:43,300 [Listener at 127.0.0.1/41539] INFO  server.session (DefaultSessionIdManager.java:doStart(334)) - DefaultSessionIdManager workerName=node0
2021-11-30 10:07:43,300 [Listener at 127.0.0.1/41539] INFO  server.session (DefaultSessionIdManager.java:doStart(339)) - No SessionScavenger set, using defaults
2021-11-30 10:07:43,300 [Listener at 127.0.0.1/41539] INFO  server.session (HouseKeeper.java:startScavenging(132)) - node0 Scavenging every 660000ms
2021-11-30 10:07:43,301 [Listener at 127.0.0.1/41539] INFO  handler.ContextHandler (ContextHandler.java:doStart(915)) - Started o.e.j.s.ServletContextHandler@4364f4d9{logs,/logs,file:///home/runner/work/ozone/ozone/hadoop-ozone/integration-test/target/log,AVAILABLE}
2021-11-30 10:07:43,301 [Listener at 127.0.0.1/41539] INFO  handler.ContextHandler (ContextHandler.java:doStart(915)) - Started o.e.j.s.ServletContextHandler@4f8a6f8e{static,/static,jar:file:/home/runner/.m2/repository/org/apache/ozone/hdds-container-service/1.3.0-SNAPSHOT/hdds-container-service-1.3.0-SNAPSHOT.jar!/webapps/static,AVAILABLE}
2021-11-30 10:07:43,346 [Listener at 127.0.0.1/41539] INFO  handler.ContextHandler (ContextHandler.java:doStart(915)) - Started o.e.j.w.WebAppContext@605626a2{hddsDatanode,/,file:///tmp/jetty-0_0_0_0-45705-hdds-container-service-1_3_0-SNAPSHOT_jar-_-any-5510110222296745782/webapp/,AVAILABLE}{jar:file:/home/runner/.m2/repository/org/apache/ozone/hdds-container-service/1.3.0-SNAPSHOT/hdds-container-service-1.3.0-SNAPSHOT.jar!/webapps/hddsDatanode}
2021-11-30 10:07:43,348 [Listener at 127.0.0.1/41539] INFO  server.AbstractConnector (AbstractConnector.java:doStart(331)) - Started ServerConnector@24424088{HTTP/1.1, (http/1.1)}{0.0.0.0:45705}
2021-11-30 10:07:43,348 [Listener at 127.0.0.1/41539] INFO  server.Server (Server.java:doStart(415)) - Started @8063ms
2021-11-30 10:07:43,348 [Listener at 127.0.0.1/41539] WARN  impl.MetricsSystemImpl (MetricsSystemImpl.java:register(279)) - Sink prometheus already exists!
2021-11-30 10:07:43,349 [Listener at 127.0.0.1/41539] INFO  http.BaseHttpServer (BaseHttpServer.java:updateConnectorAddress(329)) - HTTP server of hddsDatanode listening at http://0.0.0.0:45705
2021-11-30 10:07:43,350 [Listener at 127.0.0.1/41539] INFO  ozone.MiniOzoneClusterImpl (MiniOzoneClusterImpl.java:lambda$waitForClusterToBeReady$0(235)) - Waiting for nodes to be ready. Got 0 of 7 DN Heartbeats.
2021-11-30 10:07:43,351 [Listener at 127.0.0.1/41539] INFO  ozone.MiniOzoneClusterImpl (MiniOzoneClusterImpl.java:lambda$waitForClusterToBeReady$0(238)) - Waiting for cluster to exit safe mode
2021-11-30 10:07:43,351 [Listener at 127.0.0.1/41539] INFO  ozone.MiniOzoneClusterImpl (MiniOzoneClusterImpl.java:lambda$waitForClusterToBeReady$0(240)) - SCM became leader
2021-11-30 10:07:43,351 [Datanode State Machine Daemon Thread] INFO  statemachine.DatanodeStateMachine (DatanodeStateMachine.java:lambda$startDaemon$0(467)) - Ozone container server started.
2021-11-30 10:07:43,364 [org.apache.hadoop.util.JvmPauseMonitor$Monitor@6cfed512] INFO  util.JvmPauseMonitor (JvmPauseMonitor.java:run(188)) - Starting JVM pause monitor
2021-11-30 10:07:43,369 [Datanode State Machine Task Thread - 0] INFO  datanode.InitDatanodeState (InitDatanodeState.java:persistContainerDatanodeDetails(145)) - DatanodeDetails is persisted to /home/runner/work/ozone/ozone/hadoop-ozone/integration-test/target/test-dir/MiniOzoneClusterImpl-0e29ee7e-a070-46b0-aa8f-4a21e578e9b3/datanode-6/meta/datanode.id
2021-11-30 10:07:43,903 [EndpointStateMachine task thread for /0.0.0.0:34443 - 0 ] INFO  ozoneimpl.OzoneContainer (OzoneContainer.java:start(304)) - Attempting to start container services.
2021-11-30 10:07:43,905 [EndpointStateMachine task thread for /0.0.0.0:34443 - 0 ] INFO  ozoneimpl.OzoneContainer (OzoneContainer.java:startContainerScrub(249)) - Background container scanner has been disabled.
2021-11-30 10:07:43,907 [EndpointStateMachine task thread for /0.0.0.0:34443 - 0 ] INFO  replication.ReplicationServer (ReplicationServer.java:start(107)) - ReplicationServer is started using port 36767
2021-11-30 10:07:43,910 [EndpointStateMachine task thread for /0.0.0.0:34443 - 0 ] INFO  ratis.XceiverServerRatis (XceiverServerRatis.java:start(484)) - Starting XceiverServerRatis fc496f33-557f-4ba9-a352-3c0776838466
2021-11-30 10:07:43,911 [EndpointStateMachine task thread for /0.0.0.0:34443 - 0 ] INFO  server.RaftServer (RaftServerProxy.java:lambda$start$5(374)) - fc496f33-557f-4ba9-a352-3c0776838466: start RPC server
2021-11-30 10:07:43,913 [EndpointStateMachine task thread for /0.0.0.0:34443 - 0 ] INFO  server.GrpcService (GrpcService.java:startImpl(253)) - fc496f33-557f-4ba9-a352-3c0776838466: GrpcService started, listening on 44781
2021-11-30 10:07:43,914 [EndpointStateMachine task thread for /0.0.0.0:34443 - 0 ] INFO  ratis.XceiverServerRatis (XceiverServerRatis.java:getRealPort(505)) - XceiverServerRatis fc496f33-557f-4ba9-a352-3c0776838466 is started using port 44781 for RATIS
2021-11-30 10:07:43,914 [org.apache.ratis.util.JvmPauseMonitor$$Lambda$533/844391723@50e77b90] INFO  util.JvmPauseMonitor (JvmPauseMonitor.java:run(103)) - JvmPauseMonitor-fc496f33-557f-4ba9-a352-3c0776838466: Started
2021-11-30 10:07:43,914 [EndpointStateMachine task thread for /0.0.0.0:34443 - 0 ] INFO  ratis.XceiverServerRatis (XceiverServerRatis.java:getRealPort(505)) - XceiverServerRatis fc496f33-557f-4ba9-a352-3c0776838466 is started using port 44781 for RATIS_ADMIN
2021-11-30 10:07:43,914 [EndpointStateMachine task thread for /0.0.0.0:34443 - 0 ] INFO  ratis.XceiverServerRatis (XceiverServerRatis.java:getRealPort(505)) - XceiverServerRatis fc496f33-557f-4ba9-a352-3c0776838466 is started using port 44781 for RATIS_SERVER
2021-11-30 10:07:43,915 [EndpointStateMachine task thread for /0.0.0.0:34443 - 0 ] INFO  server.XceiverServerGrpc (XceiverServerGrpc.java:start(135)) - XceiverServerGrpc fc496f33-557f-4ba9-a352-3c0776838466 is started using port 44407
2021-11-30 10:07:44,115 [EndpointStateMachine task thread for /0.0.0.0:34443 - 0 ] INFO  ozoneimpl.OzoneContainer (OzoneContainer.java:start(304)) - Attempting to start container services.
2021-11-30 10:07:44,115 [EndpointStateMachine task thread for /0.0.0.0:34443 - 0 ] INFO  ozoneimpl.OzoneContainer (OzoneContainer.java:startContainerScrub(249)) - Background container scanner has been disabled.
2021-11-30 10:07:44,116 [EndpointStateMachine task thread for /0.0.0.0:34443 - 0 ] INFO  replication.ReplicationServer (ReplicationServer.java:start(107)) - ReplicationServer is started using port 43211
2021-11-30 10:07:44,117 [EndpointStateMachine task thread for /0.0.0.0:34443 - 0 ] INFO  ratis.XceiverServerRatis (XceiverServerRatis.java:start(484)) - Starting XceiverServerRatis 4a8c6e6d-65e8-48ee-8359-0610b7f8095e
2021-11-30 10:07:44,118 [EndpointStateMachine task thread for /0.0.0.0:34443 - 0 ] INFO  server.RaftServer (RaftServerProxy.java:lambda$start$5(374)) - 4a8c6e6d-65e8-48ee-8359-0610b7f8095e: start RPC server
2021-11-30 10:07:44,119 [EndpointStateMachine task thread for /0.0.0.0:34443 - 0 ] INFO  server.GrpcService (GrpcService.java:startImpl(253)) - 4a8c6e6d-65e8-48ee-8359-0610b7f8095e: GrpcService started, listening on 46879
2021-11-30 10:07:44,119 [EndpointStateMachine task thread for /0.0.0.0:34443 - 0 ] INFO  ratis.XceiverServerRatis (XceiverServerRatis.java:getRealPort(505)) - XceiverServerRatis 4a8c6e6d-65e8-48ee-8359-0610b7f8095e is started using port 46879 for RATIS
2021-11-30 10:07:44,119 [EndpointStateMachine task thread for /0.0.0.0:34443 - 0 ] INFO  ratis.XceiverServerRatis (XceiverServerRatis.java:getRealPort(505)) - XceiverServerRatis 4a8c6e6d-65e8-48ee-8359-0610b7f8095e is started using port 46879 for RATIS_ADMIN
2021-11-30 10:07:44,119 [org.apache.ratis.util.JvmPauseMonitor$$Lambda$533/844391723@f3c0a7c] INFO  util.JvmPauseMonitor (JvmPauseMonitor.java:run(103)) - JvmPauseMonitor-4a8c6e6d-65e8-48ee-8359-0610b7f8095e: Started
2021-11-30 10:07:44,119 [EndpointStateMachine task thread for /0.0.0.0:34443 - 0 ] INFO  ratis.XceiverServerRatis (XceiverServerRatis.java:getRealPort(505)) - XceiverServerRatis 4a8c6e6d-65e8-48ee-8359-0610b7f8095e is started using port 46879 for RATIS_SERVER
2021-11-30 10:07:44,124 [EndpointStateMachine task thread for /0.0.0.0:34443 - 0 ] INFO  server.XceiverServerGrpc (XceiverServerGrpc.java:start(135)) - XceiverServerGrpc 4a8c6e6d-65e8-48ee-8359-0610b7f8095e is started using port 39419
2021-11-30 10:07:44,351 [Listener at 127.0.0.1/41539] INFO  ozone.MiniOzoneClusterImpl (MiniOzoneClusterImpl.java:lambda$waitForClusterToBeReady$0(235)) - Waiting for nodes to be ready. Got 0 of 7 DN Heartbeats.
2021-11-30 10:07:44,351 [Listener at 127.0.0.1/41539] INFO  ozone.MiniOzoneClusterImpl (MiniOzoneClusterImpl.java:lambda$waitForClusterToBeReady$0(238)) - Waiting for cluster to exit safe mode
2021-11-30 10:07:44,351 [Listener at 127.0.0.1/41539] INFO  ozone.MiniOzoneClusterImpl (MiniOzoneClusterImpl.java:lambda$waitForClusterToBeReady$0(240)) - SCM became leader
2021-11-30 10:07:44,557 [EndpointStateMachine task thread for /0.0.0.0:34443 - 0 ] INFO  ozoneimpl.OzoneContainer (OzoneContainer.java:start(304)) - Attempting to start container services.
2021-11-30 10:07:44,557 [EndpointStateMachine task thread for /0.0.0.0:34443 - 0 ] INFO  ozoneimpl.OzoneContainer (OzoneContainer.java:startContainerScrub(249)) - Background container scanner has been disabled.
2021-11-30 10:07:44,559 [EndpointStateMachine task thread for /0.0.0.0:34443 - 0 ] INFO  replication.ReplicationServer (ReplicationServer.java:start(107)) - ReplicationServer is started using port 44659
2021-11-30 10:07:44,559 [EndpointStateMachine task thread for /0.0.0.0:34443 - 0 ] INFO  ratis.XceiverServerRatis (XceiverServerRatis.java:start(484)) - Starting XceiverServerRatis a369f656-5f1a-419f-8148-dd7161541bf1
2021-11-30 10:07:44,560 [EndpointStateMachine task thread for /0.0.0.0:34443 - 0 ] INFO  server.RaftServer (RaftServerProxy.java:lambda$start$5(374)) - a369f656-5f1a-419f-8148-dd7161541bf1: start RPC server
2021-11-30 10:07:44,562 [EndpointStateMachine task thread for /0.0.0.0:34443 - 0 ] INFO  server.GrpcService (GrpcService.java:startImpl(253)) - a369f656-5f1a-419f-8148-dd7161541bf1: GrpcService started, listening on 34899
2021-11-30 10:07:44,562 [EndpointStateMachine task thread for /0.0.0.0:34443 - 0 ] INFO  ratis.XceiverServerRatis (XceiverServerRatis.java:getRealPort(505)) - XceiverServerRatis a369f656-5f1a-419f-8148-dd7161541bf1 is started using port 34899 for RATIS
2021-11-30 10:07:44,562 [org.apache.ratis.util.JvmPauseMonitor$$Lambda$533/844391723@31948870] INFO  util.JvmPauseMonitor (JvmPauseMonitor.java:run(103)) - JvmPauseMonitor-a369f656-5f1a-419f-8148-dd7161541bf1: Started
2021-11-30 10:07:44,562 [EndpointStateMachine task thread for /0.0.0.0:34443 - 0 ] INFO  ratis.XceiverServerRatis (XceiverServerRatis.java:getRealPort(505)) - XceiverServerRatis a369f656-5f1a-419f-8148-dd7161541bf1 is started using port 34899 for RATIS_ADMIN
2021-11-30 10:07:44,563 [EndpointStateMachine task thread for /0.0.0.0:34443 - 0 ] INFO  ratis.XceiverServerRatis (XceiverServerRatis.java:getRealPort(505)) - XceiverServerRatis a369f656-5f1a-419f-8148-dd7161541bf1 is started using port 34899 for RATIS_SERVER
2021-11-30 10:07:44,565 [EndpointStateMachine task thread for /0.0.0.0:34443 - 0 ] INFO  server.XceiverServerGrpc (XceiverServerGrpc.java:start(135)) - XceiverServerGrpc a369f656-5f1a-419f-8148-dd7161541bf1 is started using port 36351
2021-11-30 10:07:44,761 [EndpointStateMachine task thread for /0.0.0.0:34443 - 0 ] INFO  ozoneimpl.OzoneContainer (OzoneContainer.java:start(304)) - Attempting to start container services.
2021-11-30 10:07:44,761 [EndpointStateMachine task thread for /0.0.0.0:34443 - 0 ] INFO  ozoneimpl.OzoneContainer (OzoneContainer.java:startContainerScrub(249)) - Background container scanner has been disabled.
2021-11-30 10:07:44,763 [EndpointStateMachine task thread for /0.0.0.0:34443 - 0 ] INFO  replication.ReplicationServer (ReplicationServer.java:start(107)) - ReplicationServer is started using port 42837
2021-11-30 10:07:44,764 [EndpointStateMachine task thread for /0.0.0.0:34443 - 0 ] INFO  ratis.XceiverServerRatis (XceiverServerRatis.java:start(484)) - Starting XceiverServerRatis f261d845-a31c-4557-bbf6-cf3b66338abe
2021-11-30 10:07:44,765 [EndpointStateMachine task thread for /0.0.0.0:34443 - 0 ] INFO  server.RaftServer (RaftServerProxy.java:lambda$start$5(374)) - f261d845-a31c-4557-bbf6-cf3b66338abe: start RPC server
2021-11-30 10:07:44,766 [EndpointStateMachine task thread for /0.0.0.0:34443 - 0 ] INFO  server.GrpcService (GrpcService.java:startImpl(253)) - f261d845-a31c-4557-bbf6-cf3b66338abe: GrpcService started, listening on 34515
2021-11-30 10:07:44,766 [EndpointStateMachine task thread for /0.0.0.0:34443 - 0 ] INFO  ratis.XceiverServerRatis (XceiverServerRatis.java:getRealPort(505)) - XceiverServerRatis f261d845-a31c-4557-bbf6-cf3b66338abe is started using port 34515 for RATIS
2021-11-30 10:07:44,766 [org.apache.ratis.util.JvmPauseMonitor$$Lambda$533/844391723@62fbda96] INFO  util.JvmPauseMonitor (JvmPauseMonitor.java:run(103)) - JvmPauseMonitor-f261d845-a31c-4557-bbf6-cf3b66338abe: Started
2021-11-30 10:07:44,766 [EndpointStateMachine task thread for /0.0.0.0:34443 - 0 ] INFO  ratis.XceiverServerRatis (XceiverServerRatis.java:getRealPort(505)) - XceiverServerRatis f261d845-a31c-4557-bbf6-cf3b66338abe is started using port 34515 for RATIS_ADMIN
2021-11-30 10:07:44,766 [EndpointStateMachine task thread for /0.0.0.0:34443 - 0 ] INFO  ratis.XceiverServerRatis (XceiverServerRatis.java:getRealPort(505)) - XceiverServerRatis f261d845-a31c-4557-bbf6-cf3b66338abe is started using port 34515 for RATIS_SERVER
2021-11-30 10:07:44,767 [EndpointStateMachine task thread for /0.0.0.0:34443 - 0 ] INFO  server.XceiverServerGrpc (XceiverServerGrpc.java:start(135)) - XceiverServerGrpc f261d845-a31c-4557-bbf6-cf3b66338abe is started using port 35037
2021-11-30 10:07:44,964 [EndpointStateMachine task thread for /0.0.0.0:34443 - 0 ] INFO  ozoneimpl.OzoneContainer (OzoneContainer.java:start(304)) - Attempting to start container services.
2021-11-30 10:07:44,964 [EndpointStateMachine task thread for /0.0.0.0:34443 - 0 ] INFO  ozoneimpl.OzoneContainer (OzoneContainer.java:startContainerScrub(249)) - Background container scanner has been disabled.
2021-11-30 10:07:44,966 [EndpointStateMachine task thread for /0.0.0.0:34443 - 0 ] INFO  replication.ReplicationServer (ReplicationServer.java:start(107)) - ReplicationServer is started using port 39225
2021-11-30 10:07:44,966 [EndpointStateMachine task thread for /0.0.0.0:34443 - 0 ] INFO  ratis.XceiverServerRatis (XceiverServerRatis.java:start(484)) - Starting XceiverServerRatis 594a5f90-d5fa-4b06-ac33-1af263ebc166
2021-11-30 10:07:44,967 [EndpointStateMachine task thread for /0.0.0.0:34443 - 0 ] INFO  server.RaftServer (RaftServerProxy.java:lambda$start$5(374)) - 594a5f90-d5fa-4b06-ac33-1af263ebc166: start RPC server
2021-11-30 10:07:44,968 [EndpointStateMachine task thread for /0.0.0.0:34443 - 0 ] INFO  server.GrpcService (GrpcService.java:startImpl(253)) - 594a5f90-d5fa-4b06-ac33-1af263ebc166: GrpcService started, listening on 39275
2021-11-30 10:07:44,968 [EndpointStateMachine task thread for /0.0.0.0:34443 - 0 ] INFO  ratis.XceiverServerRatis (XceiverServerRatis.java:getRealPort(505)) - XceiverServerRatis 594a5f90-d5fa-4b06-ac33-1af263ebc166 is started using port 39275 for RATIS
2021-11-30 10:07:44,969 [org.apache.ratis.util.JvmPauseMonitor$$Lambda$533/844391723@754ffe88] INFO  util.JvmPauseMonitor (JvmPauseMonitor.java:run(103)) - JvmPauseMonitor-594a5f90-d5fa-4b06-ac33-1af263ebc166: Started
2021-11-30 10:07:44,969 [EndpointStateMachine task thread for /0.0.0.0:34443 - 0 ] INFO  ratis.XceiverServerRatis (XceiverServerRatis.java:getRealPort(505)) - XceiverServerRatis 594a5f90-d5fa-4b06-ac33-1af263ebc166 is started using port 39275 for RATIS_ADMIN
2021-11-30 10:07:44,971 [EndpointStateMachine task thread for /0.0.0.0:34443 - 0 ] INFO  ratis.XceiverServerRatis (XceiverServerRatis.java:getRealPort(505)) - XceiverServerRatis 594a5f90-d5fa-4b06-ac33-1af263ebc166 is started using port 39275 for RATIS_SERVER
2021-11-30 10:07:44,973 [EndpointStateMachine task thread for /0.0.0.0:34443 - 0 ] INFO  server.XceiverServerGrpc (XceiverServerGrpc.java:start(135)) - XceiverServerGrpc 594a5f90-d5fa-4b06-ac33-1af263ebc166 is started using port 45399
2021-11-30 10:07:45,190 [EndpointStateMachine task thread for /0.0.0.0:34443 - 0 ] INFO  ozoneimpl.OzoneContainer (OzoneContainer.java:start(304)) - Attempting to start container services.
2021-11-30 10:07:45,190 [EndpointStateMachine task thread for /0.0.0.0:34443 - 0 ] INFO  ozoneimpl.OzoneContainer (OzoneContainer.java:startContainerScrub(249)) - Background container scanner has been disabled.
2021-11-30 10:07:45,192 [EndpointStateMachine task thread for /0.0.0.0:34443 - 0 ] INFO  replication.ReplicationServer (ReplicationServer.java:start(107)) - ReplicationServer is started using port 38163
2021-11-30 10:07:45,192 [EndpointStateMachine task thread for /0.0.0.0:34443 - 0 ] INFO  ratis.XceiverServerRatis (XceiverServerRatis.java:start(484)) - Starting XceiverServerRatis 9100756b-960e-45b3-aeba-6353ed9ea095
2021-11-30 10:07:45,195 [EndpointStateMachine task thread for /0.0.0.0:34443 - 0 ] INFO  server.RaftServer (RaftServerProxy.java:lambda$start$5(374)) - 9100756b-960e-45b3-aeba-6353ed9ea095: start RPC server
2021-11-30 10:07:45,196 [EndpointStateMachine task thread for /0.0.0.0:34443 - 0 ] INFO  server.GrpcService (GrpcService.java:startImpl(253)) - 9100756b-960e-45b3-aeba-6353ed9ea095: GrpcService started, listening on 41205
2021-11-30 10:07:45,197 [EndpointStateMachine task thread for /0.0.0.0:34443 - 0 ] INFO  ratis.XceiverServerRatis (XceiverServerRatis.java:getRealPort(505)) - XceiverServerRatis 9100756b-960e-45b3-aeba-6353ed9ea095 is started using port 41205 for RATIS
2021-11-30 10:07:45,197 [EndpointStateMachine task thread for /0.0.0.0:34443 - 0 ] INFO  ratis.XceiverServerRatis (XceiverServerRatis.java:getRealPort(505)) - XceiverServerRatis 9100756b-960e-45b3-aeba-6353ed9ea095 is started using port 41205 for RATIS_ADMIN
2021-11-30 10:07:45,197 [EndpointStateMachine task thread for /0.0.0.0:34443 - 0 ] INFO  ratis.XceiverServerRatis (XceiverServerRatis.java:getRealPort(505)) - XceiverServerRatis 9100756b-960e-45b3-aeba-6353ed9ea095 is started using port 41205 for RATIS_SERVER
2021-11-30 10:07:45,198 [org.apache.ratis.util.JvmPauseMonitor$$Lambda$533/844391723@7b9b0878] INFO  util.JvmPauseMonitor (JvmPauseMonitor.java:run(103)) - JvmPauseMonitor-9100756b-960e-45b3-aeba-6353ed9ea095: Started
2021-11-30 10:07:45,198 [EndpointStateMachine task thread for /0.0.0.0:34443 - 0 ] INFO  server.XceiverServerGrpc (XceiverServerGrpc.java:start(135)) - XceiverServerGrpc 9100756b-960e-45b3-aeba-6353ed9ea095 is started using port 34613
2021-11-30 10:07:45,352 [Listener at 127.0.0.1/41539] INFO  ozone.MiniOzoneClusterImpl (MiniOzoneClusterImpl.java:lambda$waitForClusterToBeReady$0(235)) - Waiting for nodes to be ready. Got 0 of 7 DN Heartbeats.
2021-11-30 10:07:45,352 [Listener at 127.0.0.1/41539] INFO  ozone.MiniOzoneClusterImpl (MiniOzoneClusterImpl.java:lambda$waitForClusterToBeReady$0(238)) - Waiting for cluster to exit safe mode
2021-11-30 10:07:45,352 [Listener at 127.0.0.1/41539] INFO  ozone.MiniOzoneClusterImpl (MiniOzoneClusterImpl.java:lambda$waitForClusterToBeReady$0(240)) - SCM became leader
2021-11-30 10:07:45,374 [EndpointStateMachine task thread for /0.0.0.0:34443 - 0 ] INFO  ozoneimpl.OzoneContainer (OzoneContainer.java:start(304)) - Attempting to start container services.
2021-11-30 10:07:45,375 [EndpointStateMachine task thread for /0.0.0.0:34443 - 0 ] INFO  ozoneimpl.OzoneContainer (OzoneContainer.java:startContainerScrub(249)) - Background container scanner has been disabled.
2021-11-30 10:07:45,380 [EndpointStateMachine task thread for /0.0.0.0:34443 - 0 ] INFO  replication.ReplicationServer (ReplicationServer.java:start(107)) - ReplicationServer is started using port 41033
2021-11-30 10:07:45,380 [EndpointStateMachine task thread for /0.0.0.0:34443 - 0 ] INFO  ratis.XceiverServerRatis (XceiverServerRatis.java:start(484)) - Starting XceiverServerRatis 6554f318-a890-4dbb-b82d-600ac54ca0e4
2021-11-30 10:07:45,381 [EndpointStateMachine task thread for /0.0.0.0:34443 - 0 ] INFO  server.RaftServer (RaftServerProxy.java:lambda$start$5(374)) - 6554f318-a890-4dbb-b82d-600ac54ca0e4: start RPC server
2021-11-30 10:07:45,384 [EndpointStateMachine task thread for /0.0.0.0:34443 - 0 ] INFO  server.GrpcService (GrpcService.java:startImpl(253)) - 6554f318-a890-4dbb-b82d-600ac54ca0e4: GrpcService started, listening on 36339
2021-11-30 10:07:45,385 [EndpointStateMachine task thread for /0.0.0.0:34443 - 0 ] INFO  ratis.XceiverServerRatis (XceiverServerRatis.java:getRealPort(505)) - XceiverServerRatis 6554f318-a890-4dbb-b82d-600ac54ca0e4 is started using port 36339 for RATIS
2021-11-30 10:07:45,385 [EndpointStateMachine task thread for /0.0.0.0:34443 - 0 ] INFO  ratis.XceiverServerRatis (XceiverServerRatis.java:getRealPort(505)) - XceiverServerRatis 6554f318-a890-4dbb-b82d-600ac54ca0e4 is started using port 36339 for RATIS_ADMIN
2021-11-30 10:07:45,385 [EndpointStateMachine task thread for /0.0.0.0:34443 - 0 ] INFO  ratis.XceiverServerRatis (XceiverServerRatis.java:getRealPort(505)) - XceiverServerRatis 6554f318-a890-4dbb-b82d-600ac54ca0e4 is started using port 36339 for RATIS_SERVER
2021-11-30 10:07:45,386 [EndpointStateMachine task thread for /0.0.0.0:34443 - 0 ] INFO  server.XceiverServerGrpc (XceiverServerGrpc.java:start(135)) - XceiverServerGrpc 6554f318-a890-4dbb-b82d-600ac54ca0e4 is started using port 44085
2021-11-30 10:07:45,388 [org.apache.ratis.util.JvmPauseMonitor$$Lambda$533/844391723@1aa376ee] INFO  util.JvmPauseMonitor (JvmPauseMonitor.java:run(103)) - JvmPauseMonitor-6554f318-a890-4dbb-b82d-600ac54ca0e4: Started
2021-11-30 10:07:45,880 [IPC Server handler 16 on default port 34443] INFO  net.NetworkTopologyImpl (NetworkTopologyImpl.java:add(112)) - Added a new node: /default-rack/fc496f33-557f-4ba9-a352-3c0776838466
2021-11-30 10:07:45,882 [IPC Server handler 16 on default port 34443] INFO  node.SCMNodeManager (SCMNodeManager.java:register(389)) - Registered Data node : fc496f33-557f-4ba9-a352-3c0776838466{ip: 10.1.0.53, host: fv-az297-56.nmf1rxwemy4u5di1sxxf4ejcwb.jx.internal.cloudapp.net, ports: [REPLICATION=36767, RATIS=44781, RATIS_ADMIN=44781, RATIS_SERVER=44781, STANDALONE=44407], networkLocation: /default-rack, certSerialId: null, persistedOpState: null, persistedOpStateExpiryEpochSec: 0}
2021-11-30 10:07:45,884 [EventQueue-NewNodeForNewNodeHandler] INFO  pipeline.BackgroundPipelineCreator (BackgroundPipelineCreator.java:notifyEventTriggered(285)) - trigger a one-shot run on RatisPipelineUtilsThread.
2021-11-30 10:07:45,896 [EventQueue-NodeRegistrationContainerReportForContainerSafeModeRule] INFO  safemode.SCMSafeModeManager (SCMSafeModeManager.java:validateSafeModeExitRules(204)) - ContainerSafeModeRule rule is successfully validated
2021-11-30 10:07:45,897 [RatisPipelineUtilsThread - 0] INFO  pipeline.RatisPipelineProvider (RatisPipelineProvider.java:lambda$create$0(183)) - Sending CreatePipelineCommand for pipeline:PipelineID=8e7695d8-f261-497c-a029-ad92f1682eba to datanode:fc496f33-557f-4ba9-a352-3c0776838466
2021-11-30 10:07:45,897 [EventQueue-NodeRegistrationContainerReportForDataNodeSafeModeRule] INFO  safemode.SCMSafeModeManager (DataNodeSafeModeRule.java:process(71)) - SCM in safe mode. 1 DataNodes registered, 3 required.
2021-11-30 10:07:45,897 [EventQueue-PipelineReportForOneReplicaPipelineSafeModeRule] INFO  safemode.SCMSafeModeManager (SCMSafeModeManager.java:validateSafeModeExitRules(204)) - AtleastOneDatanodeReportedRule rule is successfully validated
2021-11-30 10:07:45,912 [RatisPipelineUtilsThread - 0] INFO  pipeline.PipelineStateManagerImpl (PipelineStateManagerImpl.java:addPipeline(101)) - Created pipeline Pipeline[ Id: 8e7695d8-f261-497c-a029-ad92f1682eba, Nodes: fc496f33-557f-4ba9-a352-3c0776838466{ip: 10.1.0.53, host: fv-az297-56.nmf1rxwemy4u5di1sxxf4ejcwb.jx.internal.cloudapp.net, ports: [REPLICATION=36767, RATIS=44781, RATIS_ADMIN=44781, RATIS_SERVER=44781, STANDALONE=44407], networkLocation: /default-rack, certSerialId: null, persistedOpState: IN_SERVICE, persistedOpStateExpiryEpochSec: 0}, ReplicationConfig: RATIS/ONE, State:ALLOCATED, leaderId:, CreationTimestamp2021-11-30T10:07:45.893Z[Etc/UTC]].
2021-11-30 10:07:46,113 [IPC Server handler 15 on default port 34443] INFO  net.NetworkTopologyImpl (NetworkTopologyImpl.java:add(112)) - Added a new node: /default-rack/4a8c6e6d-65e8-48ee-8359-0610b7f8095e
2021-11-30 10:07:46,113 [IPC Server handler 15 on default port 34443] INFO  node.SCMNodeManager (SCMNodeManager.java:register(389)) - Registered Data node : 4a8c6e6d-65e8-48ee-8359-0610b7f8095e{ip: 10.1.0.53, host: fv-az297-56.nmf1rxwemy4u5di1sxxf4ejcwb.jx.internal.cloudapp.net, ports: [REPLICATION=43211, RATIS=46879, RATIS_ADMIN=46879, RATIS_SERVER=46879, STANDALONE=39419], networkLocation: /default-rack, certSerialId: null, persistedOpState: null, persistedOpStateExpiryEpochSec: 0}
2021-11-30 10:07:46,114 [EventQueue-NewNodeForNewNodeHandler] INFO  pipeline.BackgroundPipelineCreator (BackgroundPipelineCreator.java:notifyEventTriggered(285)) - trigger a one-shot run on RatisPipelineUtilsThread.
2021-11-30 10:07:46,116 [RatisPipelineUtilsThread - 0] INFO  pipeline.RatisPipelineProvider (RatisPipelineProvider.java:lambda$create$0(183)) - Sending CreatePipelineCommand for pipeline:PipelineID=c871126e-9f3c-4dd0-8a2e-473dac6310bb to datanode:4a8c6e6d-65e8-48ee-8359-0610b7f8095e
2021-11-30 10:07:46,117 [EventQueue-NodeRegistrationContainerReportForDataNodeSafeModeRule] INFO  safemode.SCMSafeModeManager (DataNodeSafeModeRule.java:process(71)) - SCM in safe mode. 2 DataNodes registered, 3 required.
2021-11-30 10:07:46,117 [RatisPipelineUtilsThread - 0] INFO  pipeline.PipelineStateManagerImpl (PipelineStateManagerImpl.java:addPipeline(101)) - Created pipeline Pipeline[ Id: c871126e-9f3c-4dd0-8a2e-473dac6310bb, Nodes: 4a8c6e6d-65e8-48ee-8359-0610b7f8095e{ip: 10.1.0.53, host: fv-az297-56.nmf1rxwemy4u5di1sxxf4ejcwb.jx.internal.cloudapp.net, ports: [REPLICATION=43211, RATIS=46879, RATIS_ADMIN=46879, RATIS_SERVER=46879, STANDALONE=39419], networkLocation: /default-rack, certSerialId: null, persistedOpState: IN_SERVICE, persistedOpStateExpiryEpochSec: 0}, ReplicationConfig: RATIS/ONE, State:ALLOCATED, leaderId:, CreationTimestamp2021-11-30T10:07:46.116Z[Etc/UTC]].
2021-11-30 10:07:46,353 [Listener at 127.0.0.1/41539] INFO  ozone.MiniOzoneClusterImpl (MiniOzoneClusterImpl.java:lambda$waitForClusterToBeReady$0(235)) - Waiting for nodes to be ready. Got 2 of 7 DN Heartbeats.
2021-11-30 10:07:46,353 [Listener at 127.0.0.1/41539] INFO  ozone.MiniOzoneClusterImpl (MiniOzoneClusterImpl.java:lambda$waitForClusterToBeReady$0(238)) - Waiting for cluster to exit safe mode
2021-11-30 10:07:46,353 [Listener at 127.0.0.1/41539] INFO  ozone.MiniOzoneClusterImpl (MiniOzoneClusterImpl.java:lambda$waitForClusterToBeReady$0(240)) - SCM became leader
2021-11-30 10:07:46,555 [IPC Server handler 18 on default port 34443] INFO  net.NetworkTopologyImpl (NetworkTopologyImpl.java:add(112)) - Added a new node: /default-rack/a369f656-5f1a-419f-8148-dd7161541bf1
2021-11-30 10:07:46,556 [IPC Server handler 18 on default port 34443] INFO  node.SCMNodeManager (SCMNodeManager.java:register(389)) - Registered Data node : a369f656-5f1a-419f-8148-dd7161541bf1{ip: 10.1.0.53, host: fv-az297-56.nmf1rxwemy4u5di1sxxf4ejcwb.jx.internal.cloudapp.net, ports: [REPLICATION=44659, RATIS=34899, RATIS_ADMIN=34899, RATIS_SERVER=34899, STANDALONE=36351], networkLocation: /default-rack, certSerialId: null, persistedOpState: null, persistedOpStateExpiryEpochSec: 0}
2021-11-30 10:07:46,556 [EventQueue-NewNodeForNewNodeHandler] INFO  pipeline.BackgroundPipelineCreator (BackgroundPipelineCreator.java:notifyEventTriggered(285)) - trigger a one-shot run on RatisPipelineUtilsThread.
2021-11-30 10:07:46,557 [RatisPipelineUtilsThread - 0] INFO  pipeline.RatisPipelineProvider (RatisPipelineProvider.java:lambda$create$0(183)) - Sending CreatePipelineCommand for pipeline:PipelineID=9ba1797c-65e4-4d96-85cc-a164c42ac008 to datanode:a369f656-5f1a-419f-8148-dd7161541bf1
2021-11-30 10:07:46,557 [EventQueue-NodeRegistrationContainerReportForDataNodeSafeModeRule] INFO  safemode.SCMSafeModeManager (DataNodeSafeModeRule.java:process(71)) - SCM in safe mode. 3 DataNodes registered, 3 required.
2021-11-30 10:07:46,558 [EventQueue-NodeRegistrationContainerReportForDataNodeSafeModeRule] INFO  safemode.SCMSafeModeManager (SCMSafeModeManager.java:validateSafeModeExitRules(204)) - DataNodeSafeModeRule rule is successfully validated
2021-11-30 10:07:46,558 [EventQueue-NodeRegistrationContainerReportForDataNodeSafeModeRule] INFO  safemode.SCMSafeModeManager (SCMSafeModeManager.java:completePreCheck(233)) - All SCM safe mode pre check rules have passed
2021-11-30 10:07:46,558 [EventQueue-NodeRegistrationContainerReportForDataNodeSafeModeRule] WARN  events.EventQueue (EventQueue.java:fireEvent(194)) - No event handler registered for event TypedEvent{payloadType=SafeModeStatus, name='Safe mode status'}
2021-11-30 10:07:46,558 [EventQueue-NodeRegistrationContainerReportForDataNodeSafeModeRule] INFO  ha.SCMContext (SCMContext.java:updateSafeModeStatus(205)) - Update SafeModeStatus from SafeModeStatus{safeModeStatus=true, preCheckPassed=false} to SafeModeStatus{safeModeStatus=true, preCheckPassed=true}.
2021-11-30 10:07:46,558 [EventQueue-NodeRegistrationContainerReportForDataNodeSafeModeRule] INFO  pipeline.BackgroundPipelineCreator (BackgroundPipelineCreator.java:notifyEventTriggered(285)) - trigger a one-shot run on RatisPipelineUtilsThread.
2021-11-30 10:07:46,559 [RatisPipelineUtilsThread - 0] INFO  pipeline.PipelineStateManagerImpl (PipelineStateManagerImpl.java:addPipeline(101)) - Created pipeline Pipeline[ Id: 9ba1797c-65e4-4d96-85cc-a164c42ac008, Nodes: a369f656-5f1a-419f-8148-dd7161541bf1{ip: 10.1.0.53, host: fv-az297-56.nmf1rxwemy4u5di1sxxf4ejcwb.jx.internal.cloudapp.net, ports: [REPLICATION=44659, RATIS=34899, RATIS_ADMIN=34899, RATIS_SERVER=34899, STANDALONE=36351], networkLocation: /default-rack, certSerialId: null, persistedOpState: IN_SERVICE, persistedOpStateExpiryEpochSec: 0}, ReplicationConfig: RATIS/ONE, State:ALLOCATED, leaderId:, CreationTimestamp2021-11-30T10:07:46.557Z[Etc/UTC]].
2021-11-30 10:07:46,562 [RatisPipelineUtilsThread - 0] INFO  pipeline.RatisPipelineProvider (RatisPipelineProvider.java:lambda$create$0(183)) - Sending CreatePipelineCommand for pipeline:PipelineID=eb8e675b-dbe2-4c1e-bbe8-d183e921640b to datanode:a369f656-5f1a-419f-8148-dd7161541bf1
2021-11-30 10:07:46,562 [RatisPipelineUtilsThread - 0] INFO  pipeline.RatisPipelineProvider (RatisPipelineProvider.java:lambda$create$0(183)) - Sending CreatePipelineCommand for pipeline:PipelineID=eb8e675b-dbe2-4c1e-bbe8-d183e921640b to datanode:fc496f33-557f-4ba9-a352-3c0776838466
2021-11-30 10:07:46,562 [RatisPipelineUtilsThread - 0] INFO  pipeline.RatisPipelineProvider (RatisPipelineProvider.java:lambda$create$0(183)) - Sending CreatePipelineCommand for pipeline:PipelineID=eb8e675b-dbe2-4c1e-bbe8-d183e921640b to datanode:4a8c6e6d-65e8-48ee-8359-0610b7f8095e
2021-11-30 10:07:46,563 [RatisPipelineUtilsThread - 0] INFO  pipeline.PipelineStateManagerImpl (PipelineStateManagerImpl.java:addPipeline(101)) - Created pipeline Pipeline[ Id: eb8e675b-dbe2-4c1e-bbe8-d183e921640b, Nodes: a369f656-5f1a-419f-8148-dd7161541bf1{ip: 10.1.0.53, host: fv-az297-56.nmf1rxwemy4u5di1sxxf4ejcwb.jx.internal.cloudapp.net, ports: [REPLICATION=44659, RATIS=34899, RATIS_ADMIN=34899, RATIS_SERVER=34899, STANDALONE=36351], networkLocation: /default-rack, certSerialId: null, persistedOpState: IN_SERVICE, persistedOpStateExpiryEpochSec: 0}fc496f33-557f-4ba9-a352-3c0776838466{ip: 10.1.0.53, host: fv-az297-56.nmf1rxwemy4u5di1sxxf4ejcwb.jx.internal.cloudapp.net, ports: [REPLICATION=36767, RATIS=44781, RATIS_ADMIN=44781, RATIS_SERVER=44781, STANDALONE=44407], networkLocation: /default-rack, certSerialId: null, persistedOpState: IN_SERVICE, persistedOpStateExpiryEpochSec: 0}4a8c6e6d-65e8-48ee-8359-0610b7f8095e{ip: 10.1.0.53, host: fv-az297-56.nmf1rxwemy4u5di1sxxf4ejcwb.jx.internal.cloudapp.net, ports: [REPLICATION=43211, RATIS=46879, RATIS_ADMIN=46879, RATIS_SERVER=46879, STANDALONE=39419], networkLocation: /default-rack, certSerialId: null, persistedOpState: IN_SERVICE, persistedOpStateExpiryEpochSec: 0}, ReplicationConfig: RATIS/THREE, State:ALLOCATED, leaderId:, CreationTimestamp2021-11-30T10:07:46.562Z[Etc/UTC]].
2021-11-30 10:07:46,564 [RatisPipelineUtilsThread - 0] INFO  pipeline.RatisPipelineProvider (RatisPipelineProvider.java:lambda$create$0(183)) - Sending CreatePipelineCommand for pipeline:PipelineID=a798c64c-2b0c-4b84-be7e-e114e9338692 to datanode:fc496f33-557f-4ba9-a352-3c0776838466
2021-11-30 10:07:46,565 [RatisPipelineUtilsThread - 0] INFO  pipeline.RatisPipelineProvider (RatisPipelineProvider.java:lambda$create$0(183)) - Sending CreatePipelineCommand for pipeline:PipelineID=a798c64c-2b0c-4b84-be7e-e114e9338692 to datanode:4a8c6e6d-65e8-48ee-8359-0610b7f8095e
2021-11-30 10:07:46,565 [RatisPipelineUtilsThread - 0] INFO  pipeline.RatisPipelineProvider (RatisPipelineProvider.java:lambda$create$0(183)) - Sending CreatePipelineCommand for pipeline:PipelineID=a798c64c-2b0c-4b84-be7e-e114e9338692 to datanode:a369f656-5f1a-419f-8148-dd7161541bf1
2021-11-30 10:07:46,565 [RatisPipelineUtilsThread - 0] INFO  pipeline.PipelineStateManagerImpl (PipelineStateManagerImpl.java:addPipeline(101)) - Created pipeline Pipeline[ Id: a798c64c-2b0c-4b84-be7e-e114e9338692, Nodes: fc496f33-557f-4ba9-a352-3c0776838466{ip: 10.1.0.53, host: fv-az297-56.nmf1rxwemy4u5di1sxxf4ejcwb.jx.internal.cloudapp.net, ports: [REPLICATION=36767, RATIS=44781, RATIS_ADMIN=44781, RATIS_SERVER=44781, STANDALONE=44407], networkLocation: /default-rack, certSerialId: null, persistedOpState: IN_SERVICE, persistedOpStateExpiryEpochSec: 0}4a8c6e6d-65e8-48ee-8359-0610b7f8095e{ip: 10.1.0.53, host: fv-az297-56.nmf1rxwemy4u5di1sxxf4ejcwb.jx.internal.cloudapp.net, ports: [REPLICATION=43211, RATIS=46879, RATIS_ADMIN=46879, RATIS_SERVER=46879, STANDALONE=39419], networkLocation: /default-rack, certSerialId: null, persistedOpState: IN_SERVICE, persistedOpStateExpiryEpochSec: 0}a369f656-5f1a-419f-8148-dd7161541bf1{ip: 10.1.0.53, host: fv-az297-56.nmf1rxwemy4u5di1sxxf4ejcwb.jx.internal.cloudapp.net, ports: [REPLICATION=44659, RATIS=34899, RATIS_ADMIN=34899, RATIS_SERVER=34899, STANDALONE=36351], networkLocation: /default-rack, certSerialId: null, persistedOpState: IN_SERVICE, persistedOpStateExpiryEpochSec: 0}, ReplicationConfig: RATIS/THREE, State:ALLOCATED, leaderId:, CreationTimestamp2021-11-30T10:07:46.564Z[Etc/UTC]].
2021-11-30 10:07:46,566 [RatisPipelineUtilsThread - 0] INFO  pipeline.PipelineManagerImpl (PipelineManagerImpl.java:recordMetricsForPipeline(620)) - Pipeline: PipelineID=a798c64c-2b0c-4b84-be7e-e114e9338692 contains same datanodes as previous pipelines: PipelineID=eb8e675b-dbe2-4c1e-bbe8-d183e921640b nodeIds: fc496f33-557f-4ba9-a352-3c0776838466, 4a8c6e6d-65e8-48ee-8359-0610b7f8095e, a369f656-5f1a-419f-8148-dd7161541bf1
2021-11-30 10:07:46,759 [IPC Server handler 16 on default port 34443] INFO  net.NetworkTopologyImpl (NetworkTopologyImpl.java:add(112)) - Added a new node: /default-rack/f261d845-a31c-4557-bbf6-cf3b66338abe
2021-11-30 10:07:46,760 [IPC Server handler 16 on default port 34443] INFO  node.SCMNodeManager (SCMNodeManager.java:register(389)) - Registered Data node : f261d845-a31c-4557-bbf6-cf3b66338abe{ip: 10.1.0.53, host: fv-az297-56.nmf1rxwemy4u5di1sxxf4ejcwb.jx.internal.cloudapp.net, ports: [REPLICATION=42837, RATIS=34515, RATIS_ADMIN=34515, RATIS_SERVER=34515, STANDALONE=35037], networkLocation: /default-rack, certSerialId: null, persistedOpState: null, persistedOpStateExpiryEpochSec: 0}
2021-11-30 10:07:46,761 [EventQueue-NewNodeForNewNodeHandler] INFO  pipeline.BackgroundPipelineCreator (BackgroundPipelineCreator.java:notifyEventTriggered(285)) - trigger a one-shot run on RatisPipelineUtilsThread.
2021-11-30 10:07:46,763 [RatisPipelineUtilsThread - 0] INFO  pipeline.RatisPipelineProvider (RatisPipelineProvider.java:lambda$create$0(183)) - Sending CreatePipelineCommand for pipeline:PipelineID=7d4d46a9-5f25-4fb3-ab67-2a2248a72664 to datanode:f261d845-a31c-4557-bbf6-cf3b66338abe
2021-11-30 10:07:46,764 [RatisPipelineUtilsThread - 0] INFO  pipeline.PipelineStateManagerImpl (PipelineStateManagerImpl.java:addPipeline(101)) - Created pipeline Pipeline[ Id: 7d4d46a9-5f25-4fb3-ab67-2a2248a72664, Nodes: f261d845-a31c-4557-bbf6-cf3b66338abe{ip: 10.1.0.53, host: fv-az297-56.nmf1rxwemy4u5di1sxxf4ejcwb.jx.internal.cloudapp.net, ports: [REPLICATION=42837, RATIS=34515, RATIS_ADMIN=34515, RATIS_SERVER=34515, STANDALONE=35037], networkLocation: /default-rack, certSerialId: null, persistedOpState: IN_SERVICE, persistedOpStateExpiryEpochSec: 0}, ReplicationConfig: RATIS/ONE, State:ALLOCATED, leaderId:, CreationTimestamp2021-11-30T10:07:46.763Z[Etc/UTC]].
2021-11-30 10:07:46,963 [IPC Server handler 15 on default port 34443] INFO  net.NetworkTopologyImpl (NetworkTopologyImpl.java:add(112)) - Added a new node: /default-rack/594a5f90-d5fa-4b06-ac33-1af263ebc166
2021-11-30 10:07:46,963 [IPC Server handler 15 on default port 34443] INFO  node.SCMNodeManager (SCMNodeManager.java:register(389)) - Registered Data node : 594a5f90-d5fa-4b06-ac33-1af263ebc166{ip: 10.1.0.53, host: fv-az297-56.nmf1rxwemy4u5di1sxxf4ejcwb.jx.internal.cloudapp.net, ports: [REPLICATION=39225, RATIS=39275, RATIS_ADMIN=39275, RATIS_SERVER=39275, STANDALONE=45399], networkLocation: /default-rack, certSerialId: null, persistedOpState: null, persistedOpStateExpiryEpochSec: 0}
2021-11-30 10:07:46,963 [EventQueue-NewNodeForNewNodeHandler] INFO  pipeline.BackgroundPipelineCreator (BackgroundPipelineCreator.java:notifyEventTriggered(285)) - trigger a one-shot run on RatisPipelineUtilsThread.
2021-11-30 10:07:46,965 [RatisPipelineUtilsThread - 0] INFO  pipeline.RatisPipelineProvider (RatisPipelineProvider.java:lambda$create$0(183)) - Sending CreatePipelineCommand for pipeline:PipelineID=d15c9091-5f0c-45e6-aafa-a835347b52d5 to datanode:594a5f90-d5fa-4b06-ac33-1af263ebc166
2021-11-30 10:07:46,966 [RatisPipelineUtilsThread - 0] INFO  pipeline.PipelineStateManagerImpl (PipelineStateManagerImpl.java:addPipeline(101)) - Created pipeline Pipeline[ Id: d15c9091-5f0c-45e6-aafa-a835347b52d5, Nodes: 594a5f90-d5fa-4b06-ac33-1af263ebc166{ip: 10.1.0.53, host: fv-az297-56.nmf1rxwemy4u5di1sxxf4ejcwb.jx.internal.cloudapp.net, ports: [REPLICATION=39225, RATIS=39275, RATIS_ADMIN=39275, RATIS_SERVER=39275, STANDALONE=45399], networkLocation: /default-rack, certSerialId: null, persistedOpState: IN_SERVICE, persistedOpStateExpiryEpochSec: 0}, ReplicationConfig: RATIS/ONE, State:ALLOCATED, leaderId:, CreationTimestamp2021-11-30T10:07:46.965Z[Etc/UTC]].
2021-11-30 10:07:47,190 [IPC Server handler 17 on default port 34443] INFO  net.NetworkTopologyImpl (NetworkTopologyImpl.java:add(112)) - Added a new node: /default-rack/9100756b-960e-45b3-aeba-6353ed9ea095
2021-11-30 10:07:47,190 [IPC Server handler 17 on default port 34443] INFO  node.SCMNodeManager (SCMNodeManager.java:register(389)) - Registered Data node : 9100756b-960e-45b3-aeba-6353ed9ea095{ip: 10.1.0.53, host: fv-az297-56.nmf1rxwemy4u5di1sxxf4ejcwb.jx.internal.cloudapp.net, ports: [REPLICATION=38163, RATIS=41205, RATIS_ADMIN=41205, RATIS_SERVER=41205, STANDALONE=34613], networkLocation: /default-rack, certSerialId: null, persistedOpState: null, persistedOpStateExpiryEpochSec: 0}
2021-11-30 10:07:47,190 [EventQueue-NewNodeForNewNodeHandler] INFO  pipeline.BackgroundPipelineCreator (BackgroundPipelineCreator.java:notifyEventTriggered(285)) - trigger a one-shot run on RatisPipelineUtilsThread.
2021-11-30 10:07:47,193 [RatisPipelineUtilsThread - 0] INFO  pipeline.RatisPipelineProvider (RatisPipelineProvider.java:lambda$create$0(183)) - Sending CreatePipelineCommand for pipeline:PipelineID=a30b9f78-d6c2-4975-b652-d8cadbbb701c to datanode:9100756b-960e-45b3-aeba-6353ed9ea095
2021-11-30 10:07:47,194 [RatisPipelineUtilsThread - 0] INFO  pipeline.PipelineStateManagerImpl (PipelineStateManagerImpl.java:addPipeline(101)) - Created pipeline Pipeline[ Id: a30b9f78-d6c2-4975-b652-d8cadbbb701c, Nodes: 9100756b-960e-45b3-aeba-6353ed9ea095{ip: 10.1.0.53, host: fv-az297-56.nmf1rxwemy4u5di1sxxf4ejcwb.jx.internal.cloudapp.net, ports: [REPLICATION=38163, RATIS=41205, RATIS_ADMIN=41205, RATIS_SERVER=41205, STANDALONE=34613], networkLocation: /default-rack, certSerialId: null, persistedOpState: IN_SERVICE, persistedOpStateExpiryEpochSec: 0}, ReplicationConfig: RATIS/ONE, State:ALLOCATED, leaderId:, CreationTimestamp2021-11-30T10:07:47.193Z[Etc/UTC]].
2021-11-30 10:07:47,194 [RatisPipelineUtilsThread - 0] INFO  pipeline.RatisPipelineProvider (RatisPipelineProvider.java:lambda$create$0(183)) - Sending CreatePipelineCommand for pipeline:PipelineID=8c4c6b63-eaa5-43cf-a829-d1c7a318df2b to datanode:f261d845-a31c-4557-bbf6-cf3b66338abe
2021-11-30 10:07:47,194 [RatisPipelineUtilsThread - 0] INFO  pipeline.RatisPipelineProvider (RatisPipelineProvider.java:lambda$create$0(183)) - Sending CreatePipelineCommand for pipeline:PipelineID=8c4c6b63-eaa5-43cf-a829-d1c7a318df2b to datanode:9100756b-960e-45b3-aeba-6353ed9ea095
2021-11-30 10:07:47,194 [RatisPipelineUtilsThread - 0] INFO  pipeline.RatisPipelineProvider (RatisPipelineProvider.java:lambda$create$0(183)) - Sending CreatePipelineCommand for pipeline:PipelineID=8c4c6b63-eaa5-43cf-a829-d1c7a318df2b to datanode:594a5f90-d5fa-4b06-ac33-1af263ebc166
2021-11-30 10:07:47,195 [RatisPipelineUtilsThread - 0] INFO  pipeline.PipelineStateManagerImpl (PipelineStateManagerImpl.java:addPipeline(101)) - Created pipeline Pipeline[ Id: 8c4c6b63-eaa5-43cf-a829-d1c7a318df2b, Nodes: f261d845-a31c-4557-bbf6-cf3b66338abe{ip: 10.1.0.53, host: fv-az297-56.nmf1rxwemy4u5di1sxxf4ejcwb.jx.internal.cloudapp.net, ports: [REPLICATION=42837, RATIS=34515, RATIS_ADMIN=34515, RATIS_SERVER=34515, STANDALONE=35037], networkLocation: /default-rack, certSerialId: null, persistedOpState: IN_SERVICE, persistedOpStateExpiryEpochSec: 0}9100756b-960e-45b3-aeba-6353ed9ea095{ip: 10.1.0.53, host: fv-az297-56.nmf1rxwemy4u5di1sxxf4ejcwb.jx.internal.cloudapp.net, ports: [REPLICATION=38163, RATIS=41205, RATIS_ADMIN=41205, RATIS_SERVER=41205, STANDALONE=34613], networkLocation: /default-rack, certSerialId: null, persistedOpState: IN_SERVICE, persistedOpStateExpiryEpochSec: 0}594a5f90-d5fa-4b06-ac33-1af263ebc166{ip: 10.1.0.53, host: fv-az297-56.nmf1rxwemy4u5di1sxxf4ejcwb.jx.internal.cloudapp.net, ports: [REPLICATION=39225, RATIS=39275, RATIS_ADMIN=39275, RATIS_SERVER=39275, STANDALONE=45399], networkLocation: /default-rack, certSerialId: null, persistedOpState: IN_SERVICE, persistedOpStateExpiryEpochSec: 0}, ReplicationConfig: RATIS/THREE, State:ALLOCATED, leaderId:, CreationTimestamp2021-11-30T10:07:47.194Z[Etc/UTC]].
2021-11-30 10:07:47,198 [RatisPipelineUtilsThread - 0] INFO  pipeline.RatisPipelineProvider (RatisPipelineProvider.java:lambda$create$0(183)) - Sending CreatePipelineCommand for pipeline:PipelineID=1053b465-f2e9-4599-823d-d3eed943ad18 to datanode:9100756b-960e-45b3-aeba-6353ed9ea095
2021-11-30 10:07:47,198 [RatisPipelineUtilsThread - 0] INFO  pipeline.RatisPipelineProvider (RatisPipelineProvider.java:lambda$create$0(183)) - Sending CreatePipelineCommand for pipeline:PipelineID=1053b465-f2e9-4599-823d-d3eed943ad18 to datanode:f261d845-a31c-4557-bbf6-cf3b66338abe
2021-11-30 10:07:47,198 [RatisPipelineUtilsThread - 0] INFO  pipeline.RatisPipelineProvider (RatisPipelineProvider.java:lambda$create$0(183)) - Sending CreatePipelineCommand for pipeline:PipelineID=1053b465-f2e9-4599-823d-d3eed943ad18 to datanode:594a5f90-d5fa-4b06-ac33-1af263ebc166
2021-11-30 10:07:47,199 [RatisPipelineUtilsThread - 0] INFO  pipeline.PipelineStateManagerImpl (PipelineStateManagerImpl.java:addPipeline(101)) - Created pipeline Pipeline[ Id: 1053b465-f2e9-4599-823d-d3eed943ad18, Nodes: 9100756b-960e-45b3-aeba-6353ed9ea095{ip: 10.1.0.53, host: fv-az297-56.nmf1rxwemy4u5di1sxxf4ejcwb.jx.internal.cloudapp.net, ports: [REPLICATION=38163, RATIS=41205, RATIS_ADMIN=41205, RATIS_SERVER=41205, STANDALONE=34613], networkLocation: /default-rack, certSerialId: null, persistedOpState: IN_SERVICE, persistedOpStateExpiryEpochSec: 0}f261d845-a31c-4557-bbf6-cf3b66338abe{ip: 10.1.0.53, host: fv-az297-56.nmf1rxwemy4u5di1sxxf4ejcwb.jx.internal.cloudapp.net, ports: [REPLICATION=42837, RATIS=34515, RATIS_ADMIN=34515, RATIS_SERVER=34515, STANDALONE=35037], networkLocation: /default-rack, certSerialId: null, persistedOpState: IN_SERVICE, persistedOpStateExpiryEpochSec: 0}594a5f90-d5fa-4b06-ac33-1af263ebc166{ip: 10.1.0.53, host: fv-az297-56.nmf1rxwemy4u5di1sxxf4ejcwb.jx.internal.cloudapp.net, ports: [REPLICATION=39225, RATIS=39275, RATIS_ADMIN=39275, RATIS_SERVER=39275, STANDALONE=45399], networkLocation: /default-rack, certSerialId: null, persistedOpState: IN_SERVICE, persistedOpStateExpiryEpochSec: 0}, ReplicationConfig: RATIS/THREE, State:ALLOCATED, leaderId:, CreationTimestamp2021-11-30T10:07:47.198Z[Etc/UTC]].
2021-11-30 10:07:47,199 [RatisPipelineUtilsThread - 0] INFO  pipeline.PipelineManagerImpl (PipelineManagerImpl.java:recordMetricsForPipeline(620)) - Pipeline: PipelineID=1053b465-f2e9-4599-823d-d3eed943ad18 contains same datanodes as previous pipelines: PipelineID=8c4c6b63-eaa5-43cf-a829-d1c7a318df2b nodeIds: 9100756b-960e-45b3-aeba-6353ed9ea095, f261d845-a31c-4557-bbf6-cf3b66338abe, 594a5f90-d5fa-4b06-ac33-1af263ebc166
2021-11-30 10:07:47,353 [Listener at 127.0.0.1/41539] INFO  ozone.MiniOzoneClusterImpl (MiniOzoneClusterImpl.java:lambda$waitForClusterToBeReady$0(235)) - Waiting for nodes to be ready. Got 6 of 7 DN Heartbeats.
2021-11-30 10:07:47,354 [Listener at 127.0.0.1/41539] INFO  ozone.MiniOzoneClusterImpl (MiniOzoneClusterImpl.java:lambda$waitForClusterToBeReady$0(238)) - Waiting for cluster to exit safe mode
2021-11-30 10:07:47,354 [Listener at 127.0.0.1/41539] INFO  ozone.MiniOzoneClusterImpl (MiniOzoneClusterImpl.java:lambda$waitForClusterToBeReady$0(240)) - SCM became leader
2021-11-30 10:07:47,367 [IPC Server handler 19 on default port 34443] INFO  net.NetworkTopologyImpl (NetworkTopologyImpl.java:add(112)) - Added a new node: /default-rack/6554f318-a890-4dbb-b82d-600ac54ca0e4
2021-11-30 10:07:47,367 [IPC Server handler 19 on default port 34443] INFO  node.SCMNodeManager (SCMNodeManager.java:register(389)) - Registered Data node : 6554f318-a890-4dbb-b82d-600ac54ca0e4{ip: 10.1.0.53, host: fv-az297-56.nmf1rxwemy4u5di1sxxf4ejcwb.jx.internal.cloudapp.net, ports: [REPLICATION=41033, RATIS=36339, RATIS_ADMIN=36339, RATIS_SERVER=36339, STANDALONE=44085], networkLocation: /default-rack, certSerialId: null, persistedOpState: null, persistedOpStateExpiryEpochSec: 0}
2021-11-30 10:07:47,367 [EventQueue-NewNodeForNewNodeHandler] INFO  pipeline.BackgroundPipelineCreator (BackgroundPipelineCreator.java:notifyEventTriggered(285)) - trigger a one-shot run on RatisPipelineUtilsThread.
2021-11-30 10:07:47,368 [RatisPipelineUtilsThread - 0] INFO  pipeline.RatisPipelineProvider (RatisPipelineProvider.java:lambda$create$0(183)) - Sending CreatePipelineCommand for pipeline:PipelineID=da3f8c28-ae31-443f-b8ce-beff2b3f06c2 to datanode:6554f318-a890-4dbb-b82d-600ac54ca0e4
2021-11-30 10:07:47,369 [RatisPipelineUtilsThread - 0] INFO  pipeline.PipelineStateManagerImpl (PipelineStateManagerImpl.java:addPipeline(101)) - Created pipeline Pipeline[ Id: da3f8c28-ae31-443f-b8ce-beff2b3f06c2, Nodes: 6554f318-a890-4dbb-b82d-600ac54ca0e4{ip: 10.1.0.53, host: fv-az297-56.nmf1rxwemy4u5di1sxxf4ejcwb.jx.internal.cloudapp.net, ports: [REPLICATION=41033, RATIS=36339, RATIS_ADMIN=36339, RATIS_SERVER=36339, STANDALONE=44085], networkLocation: /default-rack, certSerialId: null, persistedOpState: IN_SERVICE, persistedOpStateExpiryEpochSec: 0}, ReplicationConfig: RATIS/ONE, State:ALLOCATED, leaderId:, CreationTimestamp2021-11-30T10:07:47.368Z[Etc/UTC]].
2021-11-30 10:07:48,355 [Listener at 127.0.0.1/41539] INFO  ozone.MiniOzoneClusterImpl (MiniOzoneClusterImpl.java:lambda$waitForClusterToBeReady$0(235)) - Nodes are ready. Got 7 of 7 DN Heartbeats.
2021-11-30 10:07:48,355 [Listener at 127.0.0.1/41539] INFO  ozone.MiniOzoneClusterImpl (MiniOzoneClusterImpl.java:lambda$waitForClusterToBeReady$0(238)) - Waiting for cluster to exit safe mode
2021-11-30 10:07:48,355 [Listener at 127.0.0.1/41539] INFO  ozone.MiniOzoneClusterImpl (MiniOzoneClusterImpl.java:lambda$waitForClusterToBeReady$0(240)) - SCM became leader
2021-11-30 10:07:48,908 [Command processor thread] INFO  server.RaftServer (RaftServerProxy.java:addNew(95)) - fc496f33-557f-4ba9-a352-3c0776838466: addNew group-AD92F1682EBA:[fc496f33-557f-4ba9-a352-3c0776838466|rpc:10.1.0.53:44781|priority:1] returns group-AD92F1682EBA:java.util.concurrent.CompletableFuture@3e05f8ef[Not completed]
2021-11-30 10:07:48,918 [pool-55-thread-1] INFO  server.RaftServer$Division (RaftServerImpl.java:<init>(184)) - fc496f33-557f-4ba9-a352-3c0776838466: new RaftServerImpl for group-AD92F1682EBA:[fc496f33-557f-4ba9-a352-3c0776838466|rpc:10.1.0.53:44781|priority:1] with ContainerStateMachine:uninitialized
2021-11-30 10:07:48,919 [pool-55-thread-1] INFO  server.RaftServerConfigKeys (ConfUtils.java:logGet(44)) - raft.server.rpc.timeout.min = 5s (custom)
2021-11-30 10:07:48,919 [pool-55-thread-1] INFO  server.RaftServerConfigKeys (ConfUtils.java:logGet(44)) - raft.server.rpc.timeout.max = 5200ms (custom)
2021-11-30 10:07:48,919 [pool-55-thread-1] INFO  server.RaftServerConfigKeys (ConfUtils.java:logGet(44)) - raft.server.rpc.sleep.time = 25ms (default)
2021-11-30 10:07:48,920 [pool-55-thread-1] INFO  server.RaftServerConfigKeys (ConfUtils.java:logGet(44)) - raft.server.rpc.slowness.timeout = 300000ms (custom)
2021-11-30 10:07:48,920 [pool-55-thread-1] INFO  server.RaftServerConfigKeys (ConfUtils.java:logGet(44)) - raft.server.leaderelection.leader.step-down.wait-time = 10s (default)
2021-11-30 10:07:48,920 [pool-55-thread-1] INFO  server.RaftServerConfigKeys (ConfUtils.java:logGet(44)) - raft.server.sleep.deviation.threshold = 300ms (default)
2021-11-30 10:07:48,920 [pool-55-thread-1] INFO  server.RaftServerConfigKeys (ConfUtils.java:logGet(44)) - raft.server.log.appender.install.snapshot.enabled = false (custom)
2021-11-30 10:07:48,920 [pool-55-thread-1] INFO  server.RaftServer$Division (ServerState.java:<init>(105)) - fc496f33-557f-4ba9-a352-3c0776838466@group-AD92F1682EBA: ConfigurationManager, init=-1: [fc496f33-557f-4ba9-a352-3c0776838466|rpc:10.1.0.53:44781|priority:1], old=null, confs=<EMPTY_MAP>
2021-11-30 10:07:48,920 [pool-55-thread-1] INFO  server.RaftServerConfigKeys (ConfUtils.java:logGet(44)) - raft.server.storage.dir = [/home/runner/work/ozone/ozone/hadoop-ozone/integration-test/target/test-dir/MiniOzoneClusterImpl-0e29ee7e-a070-46b0-aa8f-4a21e578e9b3/datanode-0/data/ratis] (custom)
2021-11-30 10:07:48,920 [pool-55-thread-1] INFO  server.RaftServerConfigKeys (ConfUtils.java:logGet(44)) - raft.server.log.corruption.policy = EXCEPTION (default)
2021-11-30 10:07:48,920 [pool-55-thread-1] INFO  server.RaftServerConfigKeys (ConfUtils.java:logGet(44)) - raft.server.storage.free-space.min = 0MB (=0) (default)
2021-11-30 10:07:48,921 [pool-55-thread-1] INFO  storage.RaftStorageDirectory (RaftStorageDirectoryImpl.java:analyzeStorage(135)) - The storage directory /home/runner/work/ozone/ozone/hadoop-ozone/integration-test/target/test-dir/MiniOzoneClusterImpl-0e29ee7e-a070-46b0-aa8f-4a21e578e9b3/datanode-0/data/ratis/8e7695d8-f261-497c-a029-ad92f1682eba does not exist. Creating ...
2021-11-30 10:07:48,922 [pool-55-thread-1] INFO  storage.RaftStorageDirectory (RaftStorageDirectoryImpl.java:tryLock(230)) - Lock on /home/runner/work/ozone/ozone/hadoop-ozone/integration-test/target/test-dir/MiniOzoneClusterImpl-0e29ee7e-a070-46b0-aa8f-4a21e578e9b3/datanode-0/data/ratis/8e7695d8-f261-497c-a029-ad92f1682eba/in_use.lock acquired by nodename 12829@fv-az297-56
2021-11-30 10:07:48,925 [pool-55-thread-1] INFO  storage.RaftStorage (RaftStorageImpl.java:format(89)) - Storage directory /home/runner/work/ozone/ozone/hadoop-ozone/integration-test/target/test-dir/MiniOzoneClusterImpl-0e29ee7e-a070-46b0-aa8f-4a21e578e9b3/datanode-0/data/ratis/8e7695d8-f261-497c-a029-ad92f1682eba has been successfully formatted.
2021-11-30 10:07:48,930 [pool-55-thread-1] INFO  ratis.ContainerStateMachine (ContainerStateMachine.java:loadSnapshot(224)) - group-AD92F1682EBA: The snapshot info is null. Setting the last applied indexto:(t:0, i:~)
2021-11-30 10:07:48,930 [pool-55-thread-1] INFO  server.RaftServerConfigKeys (ConfUtils.java:logGet(44)) - raft.server.notification.no-leader.timeout = 300000ms (custom)
2021-11-30 10:07:48,930 [pool-55-thread-1] INFO  server.RaftServerConfigKeys (ConfUtils.java:logGet(44)) - raft.server.log.use.memory = false (default)
2021-11-30 10:07:48,930 [pool-55-thread-1] INFO  server.RaftServerConfigKeys (ConfUtils.java:logGet(44)) - raft.server.log.purge.gap = 1000000 (custom)
2021-11-30 10:07:48,930 [pool-55-thread-1] INFO  server.RaftServerConfigKeys (ConfUtils.java:logGet(44)) - raft.server.log.appender.buffer.byte-limit = 33554432 (custom)
2021-11-30 10:07:48,934 [pool-55-thread-1] INFO  server.RaftServerConfigKeys (ConfUtils.java:logGet(44)) - raft.server.log.segment.size.max = 1048576 (custom)
2021-11-30 10:07:48,937 [pool-55-thread-1] INFO  server.RaftServerConfigKeys (ConfUtils.java:logGet(44)) - raft.server.log.segment.cache.num.max = 2 (custom)
2021-11-30 10:07:48,937 [pool-55-thread-1] INFO  server.RaftServerConfigKeys (ConfUtils.java:logGet(44)) - raft.server.log.segment.cache.size.max = 200MB (=209715200) (default)
2021-11-30 10:07:48,937 [pool-55-thread-1] INFO  segmented.SegmentedRaftLogWorker (SegmentedRaftLogWorker.java:<init>(182)) - new fc496f33-557f-4ba9-a352-3c0776838466@group-AD92F1682EBA-SegmentedRaftLogWorker for RaftStorageImpl:Storage Directory /home/runner/work/ozone/ozone/hadoop-ozone/integration-test/target/test-dir/MiniOzoneClusterImpl-0e29ee7e-a070-46b0-aa8f-4a21e578e9b3/datanode-0/data/ratis/8e7695d8-f261-497c-a029-ad92f1682eba
2021-11-30 10:07:48,937 [pool-55-thread-1] INFO  server.RaftServerConfigKeys (ConfUtils.java:logGet(44)) - raft.server.log.queue.byte-limit = 2147483647 (custom)
2021-11-30 10:07:48,937 [pool-55-thread-1] INFO  server.RaftServerConfigKeys (ConfUtils.java:logGet(44)) - raft.server.log.queue.element-limit = 1024 (custom)
2021-11-30 10:07:48,937 [pool-55-thread-1] INFO  server.RaftServerConfigKeys (ConfUtils.java:logGet(44)) - raft.server.log.segment.size.max = 1048576 (custom)
2021-11-30 10:07:48,938 [pool-55-thread-1] INFO  server.RaftServerConfigKeys (ConfUtils.java:logGet(44)) - raft.server.log.preallocated.size = 16384 (custom)
2021-11-30 10:07:48,938 [pool-55-thread-1] INFO  server.RaftServerConfigKeys (ConfUtils.java:logGet(44)) - raft.server.log.force.sync.num = 128 (default)
2021-11-30 10:07:48,938 [pool-55-thread-1] INFO  server.RaftServerConfigKeys (ConfUtils.java:logGet(44)) - raft.server.log.statemachine.data.sync = true (default)
2021-11-30 10:07:48,938 [pool-55-thread-1] INFO  server.RaftServerConfigKeys (ConfUtils.java:logGet(44)) - raft.server.log.statemachine.data.sync.timeout = 10s (default)
2021-11-30 10:07:48,938 [pool-55-thread-1] INFO  server.RaftServerConfigKeys (ConfUtils.java:logGet(44)) - raft.server.log.statemachine.data.sync.timeout.retry = -1 (default)
2021-11-30 10:07:48,941 [EventQueue-PipelineReportForPipelineReportHandler] INFO  pipeline.PipelineManagerImpl (PipelineManagerImpl.java:openPipeline(289)) - Pipeline Pipeline[ Id: 8e7695d8-f261-497c-a029-ad92f1682eba, Nodes: fc496f33-557f-4ba9-a352-3c0776838466{ip: 10.1.0.53, host: fv-az297-56.nmf1rxwemy4u5di1sxxf4ejcwb.jx.internal.cloudapp.net, ports: [REPLICATION=36767, RATIS=44781, RATIS_ADMIN=44781, RATIS_SERVER=44781, STANDALONE=44407], networkLocation: /default-rack, certSerialId: null, persistedOpState: IN_SERVICE, persistedOpStateExpiryEpochSec: 0}, ReplicationConfig: RATIS/ONE, State:ALLOCATED, leaderId:fc496f33-557f-4ba9-a352-3c0776838466, CreationTimestamp2021-11-30T10:07:45.893Z[Etc/UTC]] moved to OPEN state
2021-11-30 10:07:48,953 [pool-55-thread-1] INFO  server.RaftServerConfigKeys (ConfUtils.java:logGet(44)) - raft.server.log.write.buffer.size = 1048576 (custom)
2021-11-30 10:07:48,954 [pool-55-thread-1] INFO  server.RaftServerConfigKeys (ConfUtils.java:logGet(44)) - raft.server.log.statemachine.data.caching.enabled = true (custom)
2021-11-30 10:07:48,954 [EventQueue-OpenPipelineForHealthyPipelineSafeModeRule] INFO  safemode.SCMSafeModeManager (HealthyPipelineSafeModeRule.java:process(124)) - SCM in safe mode. Healthy pipelines reported count is 0, required healthy pipeline reported count is 1
2021-11-30 10:07:48,954 [pool-55-thread-1] INFO  segmented.SegmentedRaftLogWorker (SegmentedRaftLogWorker.java:lambda$new$0(133)) - fc496f33-557f-4ba9-a352-3c0776838466@group-AD92F1682EBA-SegmentedRaftLogWorker: flushIndex: setUnconditionally 0 -> -1
2021-11-30 10:07:48,954 [pool-55-thread-1] INFO  segmented.SegmentedRaftLogWorker (SegmentedRaftLogWorker.java:lambda$new$0(133)) - fc496f33-557f-4ba9-a352-3c0776838466@group-AD92F1682EBA-SegmentedRaftLogWorker: safeCacheEvictIndex: setUnconditionally 0 -> -1
2021-11-30 10:07:48,956 [pool-55-thread-1] INFO  server.RaftServerConfigKeys (ConfUtils.java:logGet(44)) - raft.server.snapshot.auto.trigger.enabled = true (custom)
2021-11-30 10:07:48,956 [pool-55-thread-1] INFO  server.RaftServerConfigKeys (ConfUtils.java:logGet(44)) - raft.server.snapshot.auto.trigger.threshold = 10000 (custom)
2021-11-30 10:07:48,956 [pool-55-thread-1] INFO  server.RaftServerConfigKeys (ConfUtils.java:logGet(44)) - raft.server.snapshot.retention.file.num = 5 (custom)
2021-11-30 10:07:48,956 [pool-55-thread-1] INFO  server.RaftServerConfigKeys (ConfUtils.java:logGet(44)) - raft.server.log.purge.upto.snapshot.index = false (default)
2021-11-30 10:07:48,956 [pool-55-thread-1] INFO  server.RaftServerConfigKeys (ConfUtils.java:logGet(44)) - raft.server.retrycache.expirytime = 600000ms (custom)
2021-11-30 10:07:48,956 [pool-55-thread-1] INFO  server.RaftServerConfigKeys (ConfUtils.java:logGet(44)) - raft.server.retrycache.statistics.expirytime = 100μs (default)
2021-11-30 10:07:48,958 [pool-55-thread-1] INFO  server.RaftServer$Division (RaftServerImpl.java:start(301)) - fc496f33-557f-4ba9-a352-3c0776838466@group-AD92F1682EBA: start as a follower, conf=-1: [fc496f33-557f-4ba9-a352-3c0776838466|rpc:10.1.0.53:44781|priority:1], old=null
2021-11-30 10:07:48,959 [pool-55-thread-1] INFO  server.RaftServer$Division (RaftServerImpl.java:setRole(290)) - fc496f33-557f-4ba9-a352-3c0776838466@group-AD92F1682EBA: changes role from      null to FOLLOWER at term 0 for startAsFollower
2021-11-30 10:07:48,959 [pool-55-thread-1] INFO  impl.RoleInfo (RoleInfo.java:updateAndGet(130)) - fc496f33-557f-4ba9-a352-3c0776838466: start fc496f33-557f-4ba9-a352-3c0776838466@group-AD92F1682EBA-FollowerState
2021-11-30 10:07:48,960 [pool-55-thread-1] INFO  util.JmxRegister (JmxRegister.java:tryRegister(44)) - Successfully registered JMX Bean with object name Ratis:service=RaftServer,group=group-AD92F1682EBA,id=fc496f33-557f-4ba9-a352-3c0776838466
2021-11-30 10:07:48,988 [Command processor thread] INFO  ratis.XceiverServerRatis (XceiverServerRatis.java:addGroup(768)) - Created group PipelineID=8e7695d8-f261-497c-a029-ad92f1682eba
2021-11-30 10:07:48,989 [Command processor thread] INFO  commandhandler.CreatePipelineCommandHandler (CreatePipelineCommandHandler.java:handle(106)) - Created Pipeline RATIS ONE PipelineID=8e7695d8-f261-497c-a029-ad92f1682eba.
2021-11-30 10:07:48,989 [Command processor thread] INFO  server.RaftServer (RaftServerProxy.java:addNew(95)) - fc496f33-557f-4ba9-a352-3c0776838466: addNew group-D183E921640B:[fc496f33-557f-4ba9-a352-3c0776838466|rpc:10.1.0.53:44781|priority:0, 4a8c6e6d-65e8-48ee-8359-0610b7f8095e|rpc:10.1.0.53:46879|priority:0, a369f656-5f1a-419f-8148-dd7161541bf1|rpc:10.1.0.53:34899|priority:1] returns group-D183E921640B:java.util.concurrent.CompletableFuture@432ad8c2[Not completed]
2021-11-30 10:07:48,990 [pool-55-thread-1] INFO  server.RaftServer$Division (RaftServerImpl.java:<init>(184)) - fc496f33-557f-4ba9-a352-3c0776838466: new RaftServerImpl for group-D183E921640B:[fc496f33-557f-4ba9-a352-3c0776838466|rpc:10.1.0.53:44781|priority:0, 4a8c6e6d-65e8-48ee-8359-0610b7f8095e|rpc:10.1.0.53:46879|priority:0, a369f656-5f1a-419f-8148-dd7161541bf1|rpc:10.1.0.53:34899|priority:1] with ContainerStateMachine:uninitialized
2021-11-30 10:07:48,991 [pool-55-thread-1] INFO  server.RaftServerConfigKeys (ConfUtils.java:logGet(44)) - raft.server.rpc.timeout.min = 5s (custom)
2021-11-30 10:07:48,991 [pool-55-thread-1] INFO  server.RaftServerConfigKeys (ConfUtils.java:logGet(44)) - raft.server.rpc.timeout.max = 5200ms (custom)
2021-11-30 10:07:48,991 [pool-55-thread-1] INFO  server.RaftServerConfigKeys (ConfUtils.java:logGet(44)) - raft.server.rpc.sleep.time = 25ms (default)
2021-11-30 10:07:48,991 [pool-55-thread-1] INFO  server.RaftServerConfigKeys (ConfUtils.java:logGet(44)) - raft.server.rpc.slowness.timeout = 300000ms (custom)
2021-11-30 10:07:48,991 [pool-55-thread-1] INFO  server.RaftServerConfigKeys (ConfUtils.java:logGet(44)) - raft.server.leaderelection.leader.step-down.wait-time = 10s (default)
2021-11-30 10:07:48,991 [pool-55-thread-1] INFO  server.RaftServerConfigKeys (ConfUtils.java:logGet(44)) - raft.server.sleep.deviation.threshold = 300ms (default)
2021-11-30 10:07:48,991 [pool-55-thread-1] INFO  server.RaftServerConfigKeys (ConfUtils.java:logGet(44)) - raft.server.log.appender.install.snapshot.enabled = false (custom)
2021-11-30 10:07:48,991 [pool-55-thread-1] INFO  server.RaftServer$Division (ServerState.java:<init>(105)) - fc496f33-557f-4ba9-a352-3c0776838466@group-D183E921640B: ConfigurationManager, init=-1: [fc496f33-557f-4ba9-a352-3c0776838466|rpc:10.1.0.53:44781|priority:0, 4a8c6e6d-65e8-48ee-8359-0610b7f8095e|rpc:10.1.0.53:46879|priority:0, a369f656-5f1a-419f-8148-dd7161541bf1|rpc:10.1.0.53:34899|priority:1], old=null, confs=<EMPTY_MAP>
2021-11-30 10:07:48,991 [pool-55-thread-1] INFO  server.RaftServerConfigKeys (ConfUtils.java:logGet(44)) - raft.server.storage.dir = [/home/runner/work/ozone/ozone/hadoop-ozone/integration-test/target/test-dir/MiniOzoneClusterImpl-0e29ee7e-a070-46b0-aa8f-4a21e578e9b3/datanode-0/data/ratis] (custom)
2021-11-30 10:07:48,992 [pool-55-thread-1] INFO  server.RaftServerConfigKeys (ConfUtils.java:logGet(44)) - raft.server.log.corruption.policy = EXCEPTION (default)
2021-11-30 10:07:48,992 [pool-55-thread-1] INFO  server.RaftServerConfigKeys (ConfUtils.java:logGet(44)) - raft.server.storage.free-space.min = 0MB (=0) (default)
2021-11-30 10:07:48,992 [pool-55-thread-1] INFO  storage.RaftStorageDirectory (RaftStorageDirectoryImpl.java:analyzeStorage(135)) - The storage directory /home/runner/work/ozone/ozone/hadoop-ozone/integration-test/target/test-dir/MiniOzoneClusterImpl-0e29ee7e-a070-46b0-aa8f-4a21e578e9b3/datanode-0/data/ratis/eb8e675b-dbe2-4c1e-bbe8-d183e921640b does not exist. Creating ...
2021-11-30 10:07:48,993 [pool-55-thread-1] INFO  storage.RaftStorageDirectory (RaftStorageDirectoryImpl.java:tryLock(230)) - Lock on /home/runner/work/ozone/ozone/hadoop-ozone/integration-test/target/test-dir/MiniOzoneClusterImpl-0e29ee7e-a070-46b0-aa8f-4a21e578e9b3/datanode-0/data/ratis/eb8e675b-dbe2-4c1e-bbe8-d183e921640b/in_use.lock acquired by nodename 12829@fv-az297-56
2021-11-30 10:07:48,994 [pool-55-thread-1] INFO  storage.RaftStorage (RaftStorageImpl.java:format(89)) - Storage directory /home/runner/work/ozone/ozone/hadoop-ozone/integration-test/target/test-dir/MiniOzoneClusterImpl-0e29ee7e-a070-46b0-aa8f-4a21e578e9b3/datanode-0/data/ratis/eb8e675b-dbe2-4c1e-bbe8-d183e921640b has been successfully formatted.
2021-11-30 10:07:49,000 [pool-55-thread-1] INFO  ratis.ContainerStateMachine (ContainerStateMachine.java:loadSnapshot(224)) - group-D183E921640B: The snapshot info is null. Setting the last applied indexto:(t:0, i:~)
2021-11-30 10:07:49,002 [EventQueue-OpenPipelineForHealthyPipelineSafeModeRule] INFO  safemode.SCMSafeModeManager (HealthyPipelineSafeModeRule.java:process(124)) - SCM in safe mode. Healthy pipelines reported count is 0, required healthy pipeline reported count is 1
2021-11-30 10:07:49,004 [pool-55-thread-1] INFO  server.RaftServerConfigKeys (ConfUtils.java:logGet(44)) - raft.server.notification.no-leader.timeout = 300000ms (custom)
2021-11-30 10:07:49,005 [pool-55-thread-1] INFO  server.RaftServerConfigKeys (ConfUtils.java:logGet(44)) - raft.server.log.use.memory = false (default)
2021-11-30 10:07:49,005 [pool-55-thread-1] INFO  server.RaftServerConfigKeys (ConfUtils.java:logGet(44)) - raft.server.log.purge.gap = 1000000 (custom)
2021-11-30 10:07:49,005 [pool-55-thread-1] INFO  server.RaftServerConfigKeys (ConfUtils.java:logGet(44)) - raft.server.log.appender.buffer.byte-limit = 33554432 (custom)
2021-11-30 10:07:49,006 [pool-55-thread-1] INFO  server.RaftServerConfigKeys (ConfUtils.java:logGet(44)) - raft.server.log.segment.size.max = 1048576 (custom)
2021-11-30 10:07:49,007 [pool-55-thread-1] INFO  server.RaftServerConfigKeys (ConfUtils.java:logGet(44)) - raft.server.log.segment.cache.num.max = 2 (custom)
2021-11-30 10:07:49,007 [pool-55-thread-1] INFO  server.RaftServerConfigKeys (ConfUtils.java:logGet(44)) - raft.server.log.segment.cache.size.max = 200MB (=209715200) (default)
2021-11-30 10:07:49,007 [pool-55-thread-1] INFO  segmented.SegmentedRaftLogWorker (SegmentedRaftLogWorker.java:<init>(182)) - new fc496f33-557f-4ba9-a352-3c0776838466@group-D183E921640B-SegmentedRaftLogWorker for RaftStorageImpl:Storage Directory /home/runner/work/ozone/ozone/hadoop-ozone/integration-test/target/test-dir/MiniOzoneClusterImpl-0e29ee7e-a070-46b0-aa8f-4a21e578e9b3/datanode-0/data/ratis/eb8e675b-dbe2-4c1e-bbe8-d183e921640b
2021-11-30 10:07:49,007 [pool-55-thread-1] INFO  server.RaftServerConfigKeys (ConfUtils.java:logGet(44)) - raft.server.log.queue.byte-limit = 2147483647 (custom)
2021-11-30 10:07:49,007 [pool-55-thread-1] INFO  server.RaftServerConfigKeys (ConfUtils.java:logGet(44)) - raft.server.log.queue.element-limit = 1024 (custom)
2021-11-30 10:07:49,007 [pool-55-thread-1] INFO  server.RaftServerConfigKeys (ConfUtils.java:logGet(44)) - raft.server.log.segment.size.max = 1048576 (custom)
2021-11-30 10:07:49,007 [pool-55-thread-1] INFO  server.RaftServerConfigKeys (ConfUtils.java:logGet(44)) - raft.server.log.preallocated.size = 16384 (custom)
2021-11-30 10:07:49,007 [pool-55-thread-1] INFO  server.RaftServerConfigKeys (ConfUtils.java:logGet(44)) - raft.server.log.force.sync.num = 128 (default)
2021-11-30 10:07:49,007 [pool-55-thread-1] INFO  server.RaftServerConfigKeys (ConfUtils.java:logGet(44)) - raft.server.log.statemachine.data.sync = true (default)
2021-11-30 10:07:49,007 [pool-55-thread-1] INFO  server.RaftServerConfigKeys (ConfUtils.java:logGet(44)) - raft.server.log.statemachine.data.sync.timeout = 10s (default)
2021-11-30 10:07:49,007 [pool-55-thread-1] INFO  server.RaftServerConfigKeys (ConfUtils.java:logGet(44)) - raft.server.log.statemachine.data.sync.timeout.retry = -1 (default)
2021-11-30 10:07:49,009 [pool-55-thread-1] INFO  server.RaftServerConfigKeys (ConfUtils.java:logGet(44)) - raft.server.log.write.buffer.size = 1048576 (custom)
2021-11-30 10:07:49,009 [pool-55-thread-1] INFO  server.RaftServerConfigKeys (ConfUtils.java:logGet(44)) - raft.server.log.statemachine.data.caching.enabled = true (custom)
2021-11-30 10:07:49,010 [pool-55-thread-1] INFO  segmented.SegmentedRaftLogWorker (SegmentedRaftLogWorker.java:lambda$new$0(133)) - fc496f33-557f-4ba9-a352-3c0776838466@group-D183E921640B-SegmentedRaftLogWorker: flushIndex: setUnconditionally 0 -> -1
2021-11-30 10:07:49,010 [pool-55-thread-1] INFO  segmented.SegmentedRaftLogWorker (SegmentedRaftLogWorker.java:lambda$new$0(133)) - fc496f33-557f-4ba9-a352-3c0776838466@group-D183E921640B-SegmentedRaftLogWorker: safeCacheEvictIndex: setUnconditionally 0 -> -1
2021-11-30 10:07:49,010 [pool-55-thread-1] INFO  server.RaftServerConfigKeys (ConfUtils.java:logGet(44)) - raft.server.snapshot.auto.trigger.enabled = true (custom)
2021-11-30 10:07:49,010 [pool-55-thread-1] INFO  server.RaftServerConfigKeys (ConfUtils.java:logGet(44)) - raft.server.snapshot.auto.trigger.threshold = 10000 (custom)
2021-11-30 10:07:49,010 [pool-55-thread-1] INFO  server.RaftServerConfigKeys (ConfUtils.java:logGet(44)) - raft.server.snapshot.retention.file.num = 5 (custom)
2021-11-30 10:07:49,010 [pool-55-thread-1] INFO  server.RaftServerConfigKeys (ConfUtils.java:logGet(44)) - raft.server.log.purge.upto.snapshot.index = false (default)
2021-11-30 10:07:49,010 [pool-55-thread-1] INFO  server.RaftServerConfigKeys (ConfUtils.java:logGet(44)) - raft.server.retrycache.expirytime = 600000ms (custom)
2021-11-30 10:07:49,010 [pool-55-thread-1] INFO  server.RaftServerConfigKeys (ConfUtils.java:logGet(44)) - raft.server.retrycache.statistics.expirytime = 100μs (default)
2021-11-30 10:07:49,012 [pool-55-thread-1] INFO  server.RaftServer$Division (RaftServerImpl.java:start(301)) - fc496f33-557f-4ba9-a352-3c0776838466@group-D183E921640B: start as a follower, conf=-1: [fc496f33-557f-4ba9-a352-3c0776838466|rpc:10.1.0.53:44781|priority:0, 4a8c6e6d-65e8-48ee-8359-0610b7f8095e|rpc:10.1.0.53:46879|priority:0, a369f656-5f1a-419f-8148-dd7161541bf1|rpc:10.1.0.53:34899|priority:1], old=null
2021-11-30 10:07:49,012 [pool-55-thread-1] INFO  server.RaftServer$Division (RaftServerImpl.java:setRole(290)) - fc496f33-557f-4ba9-a352-3c0776838466@group-D183E921640B: changes role from      null to FOLLOWER at term 0 for startAsFollower
2021-11-30 10:07:49,012 [pool-55-thread-1] INFO  impl.RoleInfo (RoleInfo.java:updateAndGet(130)) - fc496f33-557f-4ba9-a352-3c0776838466: start fc496f33-557f-4ba9-a352-3c0776838466@group-D183E921640B-FollowerState
2021-11-30 10:07:49,013 [pool-55-thread-1] INFO  util.JmxRegister (JmxRegister.java:tryRegister(44)) - Successfully registered JMX Bean with object name Ratis:service=RaftServer,group=group-D183E921640B,id=fc496f33-557f-4ba9-a352-3c0776838466
2021-11-30 10:07:49,015 [Command processor thread] INFO  ratis.XceiverServerRatis (XceiverServerRatis.java:addGroup(768)) - Created group PipelineID=eb8e675b-dbe2-4c1e-bbe8-d183e921640b
2021-11-30 10:07:49,112 [Command processor thread] INFO  server.RaftServer (RaftServerProxy.java:addNew(95)) - 4a8c6e6d-65e8-48ee-8359-0610b7f8095e: addNew group-473DAC6310BB:[4a8c6e6d-65e8-48ee-8359-0610b7f8095e|rpc:10.1.0.53:46879|priority:1] returns group-473DAC6310BB:java.util.concurrent.CompletableFuture@1bc3b817[Not completed]
2021-11-30 10:07:49,116 [pool-74-thread-1] INFO  server.RaftServer$Division (RaftServerImpl.java:<init>(184)) - 4a8c6e6d-65e8-48ee-8359-0610b7f8095e: new RaftServerImpl for group-473DAC6310BB:[4a8c6e6d-65e8-48ee-8359-0610b7f8095e|rpc:10.1.0.53:46879|priority:1] with ContainerStateMachine:uninitialized
2021-11-30 10:07:49,118 [pool-74-thread-1] INFO  server.RaftServerConfigKeys (ConfUtils.java:logGet(44)) - raft.server.rpc.timeout.min = 5s (custom)
2021-11-30 10:07:49,118 [pool-74-thread-1] INFO  server.RaftServerConfigKeys (ConfUtils.java:logGet(44)) - raft.server.rpc.timeout.max = 5200ms (custom)
2021-11-30 10:07:49,118 [pool-74-thread-1] INFO  server.RaftServerConfigKeys (ConfUtils.java:logGet(44)) - raft.server.rpc.sleep.time = 25ms (default)
2021-11-30 10:07:49,118 [pool-74-thread-1] INFO  server.RaftServerConfigKeys (ConfUtils.java:logGet(44)) - raft.server.rpc.slowness.timeout = 300000ms (custom)
2021-11-30 10:07:49,118 [pool-74-thread-1] INFO  server.RaftServerConfigKeys (ConfUtils.java:logGet(44)) - raft.server.leaderelection.leader.step-down.wait-time = 10s (default)
2021-11-30 10:07:49,118 [pool-74-thread-1] INFO  server.RaftServerConfigKeys (ConfUtils.java:logGet(44)) - raft.server.sleep.deviation.threshold = 300ms (default)
2021-11-30 10:07:49,118 [pool-74-thread-1] INFO  server.RaftServerConfigKeys (ConfUtils.java:logGet(44)) - raft.server.log.appender.install.snapshot.enabled = false (custom)
2021-11-30 10:07:49,118 [pool-74-thread-1] INFO  server.RaftServer$Division (ServerState.java:<init>(105)) - 4a8c6e6d-65e8-48ee-8359-0610b7f8095e@group-473DAC6310BB: ConfigurationManager, init=-1: [4a8c6e6d-65e8-48ee-8359-0610b7f8095e|rpc:10.1.0.53:46879|priority:1], old=null, confs=<EMPTY_MAP>
2021-11-30 10:07:49,118 [pool-74-thread-1] INFO  server.RaftServerConfigKeys (ConfUtils.java:logGet(44)) - raft.server.storage.dir = [/home/runner/work/ozone/ozone/hadoop-ozone/integration-test/target/test-dir/MiniOzoneClusterImpl-0e29ee7e-a070-46b0-aa8f-4a21e578e9b3/datanode-1/data/ratis] (custom)
2021-11-30 10:07:49,119 [pool-74-thread-1] INFO  server.RaftServerConfigKeys (ConfUtils.java:logGet(44)) - raft.server.log.corruption.policy = EXCEPTION (default)
2021-11-30 10:07:49,119 [pool-74-thread-1] INFO  server.RaftServerConfigKeys (ConfUtils.java:logGet(44)) - raft.server.storage.free-space.min = 0MB (=0) (default)
2021-11-30 10:07:49,119 [pool-74-thread-1] INFO  storage.RaftStorageDirectory (RaftStorageDirectoryImpl.java:analyzeStorage(135)) - The storage directory /home/runner/work/ozone/ozone/hadoop-ozone/integration-test/target/test-dir/MiniOzoneClusterImpl-0e29ee7e-a070-46b0-aa8f-4a21e578e9b3/datanode-1/data/ratis/c871126e-9f3c-4dd0-8a2e-473dac6310bb does not exist. Creating ...
2021-11-30 10:07:49,120 [pool-74-thread-1] INFO  storage.RaftStorageDirectory (RaftStorageDirectoryImpl.java:tryLock(230)) - Lock on /home/runner/work/ozone/ozone/hadoop-ozone/integration-test/target/test-dir/MiniOzoneClusterImpl-0e29ee7e-a070-46b0-aa8f-4a21e578e9b3/datanode-1/data/ratis/c871126e-9f3c-4dd0-8a2e-473dac6310bb/in_use.lock acquired by nodename 12829@fv-az297-56
2021-11-30 10:07:49,121 [pool-74-thread-1] INFO  storage.RaftStorage (RaftStorageImpl.java:format(89)) - Storage directory /home/runner/work/ozone/ozone/hadoop-ozone/integration-test/target/test-dir/MiniOzoneClusterImpl-0e29ee7e-a070-46b0-aa8f-4a21e578e9b3/datanode-1/data/ratis/c871126e-9f3c-4dd0-8a2e-473dac6310bb has been successfully formatted.
2021-11-30 10:07:49,122 [pool-74-thread-1] INFO  ratis.ContainerStateMachine (ContainerStateMachine.java:loadSnapshot(224)) - group-473DAC6310BB: The snapshot info is null. Setting the last applied indexto:(t:0, i:~)
2021-11-30 10:07:49,125 [EventQueue-PipelineReportForPipelineReportHandler] INFO  pipeline.PipelineManagerImpl (PipelineManagerImpl.java:openPipeline(289)) - Pipeline Pipeline[ Id: c871126e-9f3c-4dd0-8a2e-473dac6310bb, Nodes: 4a8c6e6d-65e8-48ee-8359-0610b7f8095e{ip: 10.1.0.53, host: fv-az297-56.nmf1rxwemy4u5di1sxxf4ejcwb.jx.internal.cloudapp.net, ports: [REPLICATION=43211, RATIS=46879, RATIS_ADMIN=46879, RATIS_SERVER=46879, STANDALONE=39419], networkLocation: /default-rack, certSerialId: null, persistedOpState: IN_SERVICE, persistedOpStateExpiryEpochSec: 0}, ReplicationConfig: RATIS/ONE, State:ALLOCATED, leaderId:4a8c6e6d-65e8-48ee-8359-0610b7f8095e, CreationTimestamp2021-11-30T10:07:46.116Z[Etc/UTC]] moved to OPEN state
2021-11-30 10:07:49,128 [EventQueue-OpenPipelineForHealthyPipelineSafeModeRule] INFO  safemode.SCMSafeModeManager (HealthyPipelineSafeModeRule.java:process(124)) - SCM in safe mode. Healthy pipelines reported count is 0, required healthy pipeline reported count is 1
2021-11-30 10:07:49,130 [pool-74-thread-1] INFO  server.RaftServerConfigKeys (ConfUtils.java:logGet(44)) - raft.server.notification.no-leader.timeout = 300000ms (custom)
2021-11-30 10:07:49,131 [pool-74-thread-1] INFO  server.RaftServerConfigKeys (ConfUtils.java:logGet(44)) - raft.server.log.use.memory = false (default)
2021-11-30 10:07:49,131 [pool-74-thread-1] INFO  server.RaftServerConfigKeys (ConfUtils.java:logGet(44)) - raft.server.log.purge.gap = 1000000 (custom)
2021-11-30 10:07:49,131 [pool-74-thread-1] INFO  server.RaftServerConfigKeys (ConfUtils.java:logGet(44)) - raft.server.log.appender.buffer.byte-limit = 33554432 (custom)
2021-11-30 10:07:49,133 [pool-74-thread-1] INFO  server.RaftServerConfigKeys (ConfUtils.java:logGet(44)) - raft.server.log.segment.size.max = 1048576 (custom)
2021-11-30 10:07:49,134 [pool-74-thread-1] INFO  server.RaftServerConfigKeys (ConfUtils.java:logGet(44)) - raft.server.log.segment.cache.num.max = 2 (custom)
2021-11-30 10:07:49,134 [pool-74-thread-1] INFO  server.RaftServerConfigKeys (ConfUtils.java:logGet(44)) - raft.server.log.segment.cache.size.max = 200MB (=209715200) (default)
2021-11-30 10:07:49,134 [pool-74-thread-1] INFO  segmented.SegmentedRaftLogWorker (SegmentedRaftLogWorker.java:<init>(182)) - new 4a8c6e6d-65e8-48ee-8359-0610b7f8095e@group-473DAC6310BB-SegmentedRaftLogWorker for RaftStorageImpl:Storage Directory /home/runner/work/ozone/ozone/hadoop-ozone/integration-test/target/test-dir/MiniOzoneClusterImpl-0e29ee7e-a070-46b0-aa8f-4a21e578e9b3/datanode-1/data/ratis/c871126e-9f3c-4dd0-8a2e-473dac6310bb
2021-11-30 10:07:49,134 [pool-74-thread-1] INFO  server.RaftServerConfigKeys (ConfUtils.java:logGet(44)) - raft.server.log.queue.byte-limit = 2147483647 (custom)
2021-11-30 10:07:49,134 [pool-74-thread-1] INFO  server.RaftServerConfigKeys (ConfUtils.java:logGet(44)) - raft.server.log.queue.element-limit = 1024 (custom)
2021-11-30 10:07:49,135 [pool-74-thread-1] INFO  server.RaftServerConfigKeys (ConfUtils.java:logGet(44)) - raft.server.log.segment.size.max = 1048576 (custom)
2021-11-30 10:07:49,135 [pool-74-thread-1] INFO  server.RaftServerConfigKeys (ConfUtils.java:logGet(44)) - raft.server.log.preallocated.size = 16384 (custom)
2021-11-30 10:07:49,135 [pool-74-thread-1] INFO  server.RaftServerConfigKeys (ConfUtils.java:logGet(44)) - raft.server.log.force.sync.num = 128 (default)
2021-11-30 10:07:49,135 [pool-74-thread-1] INFO  server.RaftServerConfigKeys (ConfUtils.java:logGet(44)) - raft.server.log.statemachine.data.sync = true (default)
2021-11-30 10:07:49,135 [pool-74-thread-1] INFO  server.RaftServerConfigKeys (ConfUtils.java:logGet(44)) - raft.server.log.statemachine.data.sync.timeout = 10s (default)
2021-11-30 10:07:49,135 [pool-74-thread-1] INFO  server.RaftServerConfigKeys (ConfUtils.java:logGet(44)) - raft.server.log.statemachine.data.sync.timeout.retry = -1 (default)
2021-11-30 10:07:49,143 [pool-74-thread-1] INFO  server.RaftServerConfigKeys (ConfUtils.java:logGet(44)) - raft.server.log.write.buffer.size = 1048576 (custom)
2021-11-30 10:07:49,144 [pool-74-thread-1] INFO  server.RaftServerConfigKeys (ConfUtils.java:logGet(44)) - raft.server.log.statemachine.data.caching.enabled = true (custom)
2021-11-30 10:07:49,145 [pool-74-thread-1] INFO  segmented.SegmentedRaftLogWorker (SegmentedRaftLogWorker.java:lambda$new$0(133)) - 4a8c6e6d-65e8-48ee-8359-0610b7f8095e@group-473DAC6310BB-SegmentedRaftLogWorker: flushIndex: setUnconditionally 0 -> -1
2021-11-30 10:07:49,146 [pool-74-thread-1] INFO  segmented.SegmentedRaftLogWorker (SegmentedRaftLogWorker.java:lambda$new$0(133)) - 4a8c6e6d-65e8-48ee-8359-0610b7f8095e@group-473DAC6310BB-SegmentedRaftLogWorker: safeCacheEvictIndex: setUnconditionally 0 -> -1
2021-11-30 10:07:49,148 [pool-74-thread-1] INFO  server.RaftServerConfigKeys (ConfUtils.java:logGet(44)) - raft.server.snapshot.auto.trigger.enabled = true (custom)
2021-11-30 10:07:49,148 [pool-74-thread-1] INFO  server.RaftServerConfigKeys (ConfUtils.java:logGet(44)) - raft.server.snapshot.auto.trigger.threshold = 10000 (custom)
2021-11-30 10:07:49,148 [pool-74-thread-1] INFO  server.RaftServerConfigKeys (ConfUtils.java:logGet(44)) - raft.server.snapshot.retention.file.num = 5 (custom)
2021-11-30 10:07:49,148 [pool-74-thread-1] INFO  server.RaftServerConfigKeys (ConfUtils.java:logGet(44)) - raft.server.log.purge.upto.snapshot.index = false (default)
2021-11-30 10:07:49,148 [pool-74-thread-1] INFO  server.RaftServerConfigKeys (ConfUtils.java:logGet(44)) - raft.server.retrycache.expirytime = 600000ms (custom)
2021-11-30 10:07:49,148 [pool-74-thread-1] INFO  server.RaftServerConfigKeys (ConfUtils.java:logGet(44)) - raft.server.retrycache.statistics.expirytime = 100μs (default)
2021-11-30 10:07:49,150 [pool-74-thread-1] INFO  server.RaftServer$Division (RaftServerImpl.java:start(301)) - 4a8c6e6d-65e8-48ee-8359-0610b7f8095e@group-473DAC6310BB: start as a follower, conf=-1: [4a8c6e6d-65e8-48ee-8359-0610b7f8095e|rpc:10.1.0.53:46879|priority:1], old=null
2021-11-30 10:07:49,150 [pool-74-thread-1] INFO  server.RaftServer$Division (RaftServerImpl.java:setRole(290)) - 4a8c6e6d-65e8-48ee-8359-0610b7f8095e@group-473DAC6310BB: changes role from      null to FOLLOWER at term 0 for startAsFollower
2021-11-30 10:07:49,150 [pool-74-thread-1] INFO  impl.RoleInfo (RoleInfo.java:updateAndGet(130)) - 4a8c6e6d-65e8-48ee-8359-0610b7f8095e: start 4a8c6e6d-65e8-48ee-8359-0610b7f8095e@group-473DAC6310BB-FollowerState
2021-11-30 10:07:49,157 [pool-74-thread-1] INFO  util.JmxRegister (JmxRegister.java:tryRegister(44)) - Successfully registered JMX Bean with object name Ratis:service=RaftServer,group=group-473DAC6310BB,id=4a8c6e6d-65e8-48ee-8359-0610b7f8095e
2021-11-30 10:07:49,162 [Command processor thread] INFO  ratis.XceiverServerRatis (XceiverServerRatis.java:addGroup(768)) - Created group PipelineID=c871126e-9f3c-4dd0-8a2e-473dac6310bb
2021-11-30 10:07:49,162 [Command processor thread] INFO  commandhandler.CreatePipelineCommandHandler (CreatePipelineCommandHandler.java:handle(106)) - Created Pipeline RATIS ONE PipelineID=c871126e-9f3c-4dd0-8a2e-473dac6310bb.
2021-11-30 10:07:49,170 [Command processor thread] INFO  server.RaftServer (RaftServerProxy.java:addNew(95)) - 4a8c6e6d-65e8-48ee-8359-0610b7f8095e: addNew group-D183E921640B:[fc496f33-557f-4ba9-a352-3c0776838466|rpc:10.1.0.53:44781|priority:0, 4a8c6e6d-65e8-48ee-8359-0610b7f8095e|rpc:10.1.0.53:46879|priority:0, a369f656-5f1a-419f-8148-dd7161541bf1|rpc:10.1.0.53:34899|priority:1] returns group-D183E921640B:java.util.concurrent.CompletableFuture@1ffc2fb7[Not completed]
2021-11-30 10:07:49,171 [pool-74-thread-1] INFO  server.RaftServer$Division (RaftServerImpl.java:<init>(184)) - 4a8c6e6d-65e8-48ee-8359-0610b7f8095e: new RaftServerImpl for group-D183E921640B:[fc496f33-557f-4ba9-a352-3c0776838466|rpc:10.1.0.53:44781|priority:0, 4a8c6e6d-65e8-48ee-8359-0610b7f8095e|rpc:10.1.0.53:46879|priority:0, a369f656-5f1a-419f-8148-dd7161541bf1|rpc:10.1.0.53:34899|priority:1] with ContainerStateMachine:uninitialized
2021-11-30 10:07:49,172 [pool-74-thread-1] INFO  server.RaftServerConfigKeys (ConfUtils.java:logGet(44)) - raft.server.rpc.timeout.min = 5s (custom)
2021-11-30 10:07:49,172 [pool-74-thread-1] INFO  server.RaftServerConfigKeys (ConfUtils.java:logGet(44)) - raft.server.rpc.timeout.max = 5200ms (custom)
2021-11-30 10:07:49,172 [pool-74-thread-1] INFO  server.RaftServerConfigKeys (ConfUtils.java:logGet(44)) - raft.server.rpc.sleep.time = 25ms (default)
2021-11-30 10:07:49,172 [pool-74-thread-1] INFO  server.RaftServerConfigKeys (ConfUtils.java:logGet(44)) - raft.server.rpc.slowness.timeout = 300000ms (custom)
2021-11-30 10:07:49,172 [pool-74-thread-1] INFO  server.RaftServerConfigKeys (ConfUtils.java:logGet(44)) - raft.server.leaderelection.leader.step-down.wait-time = 10s (default)
2021-11-30 10:07:49,172 [pool-74-thread-1] INFO  server.RaftServerConfigKeys (ConfUtils.java:logGet(44)) - raft.server.sleep.deviation.threshold = 300ms (default)
2021-11-30 10:07:49,172 [pool-74-thread-1] INFO  server.RaftServerConfigKeys (ConfUtils.java:logGet(44)) - raft.server.log.appender.install.snapshot.enabled = false (custom)
2021-11-30 10:07:49,172 [pool-74-thread-1] INFO  server.RaftServer$Division (ServerState.java:<init>(105)) - 4a8c6e6d-65e8-48ee-8359-0610b7f8095e@group-D183E921640B: ConfigurationManager, init=-1: [fc496f33-557f-4ba9-a352-3c0776838466|rpc:10.1.0.53:44781|priority:0, 4a8c6e6d-65e8-48ee-8359-0610b7f8095e|rpc:10.1.0.53:46879|priority:0, a369f656-5f1a-419f-8148-dd7161541bf1|rpc:10.1.0.53:34899|priority:1], old=null, confs=<EMPTY_MAP>
2021-11-30 10:07:49,172 [pool-74-thread-1] INFO  server.RaftServerConfigKeys (ConfUtils.java:logGet(44)) - raft.server.storage.dir = [/home/runner/work/ozone/ozone/hadoop-ozone/integration-test/target/test-dir/MiniOzoneClusterImpl-0e29ee7e-a070-46b0-aa8f-4a21e578e9b3/datanode-1/data/ratis] (custom)
2021-11-30 10:07:49,172 [pool-74-thread-1] INFO  server.RaftServerConfigKeys (ConfUtils.java:logGet(44)) - raft.server.log.corruption.policy = EXCEPTION (default)
2021-11-30 10:07:49,172 [pool-74-thread-1] INFO  server.RaftServerConfigKeys (ConfUtils.java:logGet(44)) - raft.server.storage.free-space.min = 0MB (=0) (default)
2021-11-30 10:07:49,172 [pool-74-thread-1] INFO  storage.RaftStorageDirectory (RaftStorageDirectoryImpl.java:analyzeStorage(135)) - The storage directory /home/runner/work/ozone/ozone/hadoop-ozone/integration-test/target/test-dir/MiniOzoneClusterImpl-0e29ee7e-a070-46b0-aa8f-4a21e578e9b3/datanode-1/data/ratis/eb8e675b-dbe2-4c1e-bbe8-d183e921640b does not exist. Creating ...
2021-11-30 10:07:49,173 [pool-74-thread-1] INFO  storage.RaftStorageDirectory (RaftStorageDirectoryImpl.java:tryLock(230)) - Lock on /home/runner/work/ozone/ozone/hadoop-ozone/integration-test/target/test-dir/MiniOzoneClusterImpl-0e29ee7e-a070-46b0-aa8f-4a21e578e9b3/datanode-1/data/ratis/eb8e675b-dbe2-4c1e-bbe8-d183e921640b/in_use.lock acquired by nodename 12829@fv-az297-56
2021-11-30 10:07:49,174 [pool-74-thread-1] INFO  storage.RaftStorage (RaftStorageImpl.java:format(89)) - Storage directory /home/runner/work/ozone/ozone/hadoop-ozone/integration-test/target/test-dir/MiniOzoneClusterImpl-0e29ee7e-a070-46b0-aa8f-4a21e578e9b3/datanode-1/data/ratis/eb8e675b-dbe2-4c1e-bbe8-d183e921640b has been successfully formatted.
2021-11-30 10:07:49,177 [pool-74-thread-1] INFO  ratis.ContainerStateMachine (ContainerStateMachine.java:loadSnapshot(224)) - group-D183E921640B: The snapshot info is null. Setting the last applied indexto:(t:0, i:~)
2021-11-30 10:07:49,177 [pool-74-thread-1] INFO  server.RaftServerConfigKeys (ConfUtils.java:logGet(44)) - raft.server.notification.no-leader.timeout = 300000ms (custom)
2021-11-30 10:07:49,177 [pool-74-thread-1] INFO  server.RaftServerConfigKeys (ConfUtils.java:logGet(44)) - raft.server.log.use.memory = false (default)
2021-11-30 10:07:49,177 [pool-74-thread-1] INFO  server.RaftServerConfigKeys (ConfUtils.java:logGet(44)) - raft.server.log.purge.gap = 1000000 (custom)
2021-11-30 10:07:49,177 [pool-74-thread-1] INFO  server.RaftServerConfigKeys (ConfUtils.java:logGet(44)) - raft.server.log.appender.buffer.byte-limit = 33554432 (custom)
2021-11-30 10:07:49,178 [pool-74-thread-1] INFO  server.RaftServerConfigKeys (ConfUtils.java:logGet(44)) - raft.server.log.segment.size.max = 1048576 (custom)
2021-11-30 10:07:49,178 [pool-74-thread-1] INFO  server.RaftServerConfigKeys (ConfUtils.java:logGet(44)) - raft.server.log.segment.cache.num.max = 2 (custom)
2021-11-30 10:07:49,181 [pool-74-thread-1] INFO  server.RaftServerConfigKeys (ConfUtils.java:logGet(44)) - raft.server.log.segment.cache.size.max = 200MB (=209715200) (default)
2021-11-30 10:07:49,181 [pool-74-thread-1] INFO  segmented.SegmentedRaftLogWorker (SegmentedRaftLogWorker.java:<init>(182)) - new 4a8c6e6d-65e8-48ee-8359-0610b7f8095e@group-D183E921640B-SegmentedRaftLogWorker for RaftStorageImpl:Storage Directory /home/runner/work/ozone/ozone/hadoop-ozone/integration-test/target/test-dir/MiniOzoneClusterImpl-0e29ee7e-a070-46b0-aa8f-4a21e578e9b3/datanode-1/data/ratis/eb8e675b-dbe2-4c1e-bbe8-d183e921640b
2021-11-30 10:07:49,182 [pool-74-thread-1] INFO  server.RaftServerConfigKeys (ConfUtils.java:logGet(44)) - raft.server.log.queue.byte-limit = 2147483647 (custom)
2021-11-30 10:07:49,182 [pool-74-thread-1] INFO  server.RaftServerConfigKeys (ConfUtils.java:logGet(44)) - raft.server.log.queue.element-limit = 1024 (custom)
2021-11-30 10:07:49,182 [pool-74-thread-1] INFO  server.RaftServerConfigKeys (ConfUtils.java:logGet(44)) - raft.server.log.segment.size.max = 1048576 (custom)
2021-11-30 10:07:49,182 [pool-74-thread-1] INFO  server.RaftServerConfigKeys (ConfUtils.java:logGet(44)) - raft.server.log.preallocated.size = 16384 (custom)
2021-11-30 10:07:49,182 [pool-74-thread-1] INFO  server.RaftServerConfigKeys (ConfUtils.java:logGet(44)) - raft.server.log.force.sync.num = 128 (default)
2021-11-30 10:07:49,182 [pool-74-thread-1] INFO  server.RaftServerConfigKeys (ConfUtils.java:logGet(44)) - raft.server.log.statemachine.data.sync = true (default)
2021-11-30 10:07:49,182 [pool-74-thread-1] INFO  server.RaftServerConfigKeys (ConfUtils.java:logGet(44)) - raft.server.log.statemachine.data.sync.timeout = 10s (default)
2021-11-30 10:07:49,182 [pool-74-thread-1] INFO  server.RaftServerConfigKeys (ConfUtils.java:logGet(44)) - raft.server.log.statemachine.data.sync.timeout.retry = -1 (default)
2021-11-30 10:07:49,183 [pool-74-thread-1] INFO  server.RaftServerConfigKeys (ConfUtils.java:logGet(44)) - raft.server.log.write.buffer.size = 1048576 (custom)
2021-11-30 10:07:49,184 [pool-74-thread-1] INFO  server.RaftServerConfigKeys (ConfUtils.java:logGet(44)) - raft.server.log.statemachine.data.caching.enabled = true (custom)
2021-11-30 10:07:49,185 [pool-74-thread-1] INFO  segmented.SegmentedRaftLogWorker (SegmentedRaftLogWorker.java:lambda$new$0(133)) - 4a8c6e6d-65e8-48ee-8359-0610b7f8095e@group-D183E921640B-SegmentedRaftLogWorker: flushIndex: setUnconditionally 0 -> -1
2021-11-30 10:07:49,185 [pool-74-thread-1] INFO  segmented.SegmentedRaftLogWorker (SegmentedRaftLogWorker.java:lambda$new$0(133)) - 4a8c6e6d-65e8-48ee-8359-0610b7f8095e@group-D183E921640B-SegmentedRaftLogWorker: safeCacheEvictIndex: setUnconditionally 0 -> -1
2021-11-30 10:07:49,195 [pool-74-thread-1] INFO  server.RaftServerConfigKeys (ConfUtils.java:logGet(44)) - raft.server.snapshot.auto.trigger.enabled = true (custom)
2021-11-30 10:07:49,195 [pool-74-thread-1] INFO  server.RaftServerConfigKeys (ConfUtils.java:logGet(44)) - raft.server.snapshot.auto.trigger.threshold = 10000 (custom)
2021-11-30 10:07:49,195 [pool-74-thread-1] INFO  server.RaftServerConfigKeys (ConfUtils.java:logGet(44)) - raft.server.snapshot.retention.file.num = 5 (custom)
2021-11-30 10:07:49,195 [pool-74-thread-1] INFO  server.RaftServerConfigKeys (ConfUtils.java:logGet(44)) - raft.server.log.purge.upto.snapshot.index = false (default)
2021-11-30 10:07:49,195 [pool-74-thread-1] INFO  server.RaftServerConfigKeys (ConfUtils.java:logGet(44)) - raft.server.retrycache.expirytime = 600000ms (custom)
2021-11-30 10:07:49,195 [pool-74-thread-1] INFO  server.RaftServerConfigKeys (ConfUtils.java:logGet(44)) - raft.server.retrycache.statistics.expirytime = 100μs (default)
2021-11-30 10:07:49,196 [EventQueue-OpenPipelineForHealthyPipelineSafeModeRule] INFO  safemode.SCMSafeModeManager (HealthyPipelineSafeModeRule.java:process(124)) - SCM in safe mode. Healthy pipelines reported count is 0, required healthy pipeline reported count is 1
2021-11-30 10:07:49,211 [pool-74-thread-1] INFO  server.RaftServer$Division (RaftServerImpl.java:start(301)) - 4a8c6e6d-65e8-48ee-8359-0610b7f8095e@group-D183E921640B: start as a follower, conf=-1: [fc496f33-557f-4ba9-a352-3c0776838466|rpc:10.1.0.53:44781|priority:0, 4a8c6e6d-65e8-48ee-8359-0610b7f8095e|rpc:10.1.0.53:46879|priority:0, a369f656-5f1a-419f-8148-dd7161541bf1|rpc:10.1.0.53:34899|priority:1], old=null
2021-11-30 10:07:49,212 [pool-74-thread-1] INFO  server.RaftServer$Division (RaftServerImpl.java:setRole(290)) - 4a8c6e6d-65e8-48ee-8359-0610b7f8095e@group-D183E921640B: changes role from      null to FOLLOWER at term 0 for startAsFollower
2021-11-30 10:07:49,212 [pool-74-thread-1] INFO  impl.RoleInfo (RoleInfo.java:updateAndGet(130)) - 4a8c6e6d-65e8-48ee-8359-0610b7f8095e: start 4a8c6e6d-65e8-48ee-8359-0610b7f8095e@group-D183E921640B-FollowerState
2021-11-30 10:07:49,215 [pool-74-thread-1] INFO  util.JmxRegister (JmxRegister.java:tryRegister(44)) - Successfully registered JMX Bean with object name Ratis:service=RaftServer,group=group-D183E921640B,id=4a8c6e6d-65e8-48ee-8359-0610b7f8095e
2021-11-30 10:07:49,238 [Command processor thread] INFO  ratis.XceiverServerRatis (XceiverServerRatis.java:addGroup(768)) - Created group PipelineID=eb8e675b-dbe2-4c1e-bbe8-d183e921640b
2021-11-30 10:07:49,355 [Listener at 127.0.0.1/41539] INFO  ozone.MiniOzoneClusterImpl (MiniOzoneClusterImpl.java:lambda$waitForClusterToBeReady$0(235)) - Nodes are ready. Got 7 of 7 DN Heartbeats.
2021-11-30 10:07:49,356 [Listener at 127.0.0.1/41539] INFO  ozone.MiniOzoneClusterImpl (MiniOzoneClusterImpl.java:lambda$waitForClusterToBeReady$0(238)) - Waiting for cluster to exit safe mode
2021-11-30 10:07:49,356 [Listener at 127.0.0.1/41539] INFO  ozone.MiniOzoneClusterImpl (MiniOzoneClusterImpl.java:lambda$waitForClusterToBeReady$0(240)) - SCM became leader
2021-11-30 10:07:49,556 [Command processor thread] INFO  server.RaftServer (RaftServerProxy.java:addNew(95)) - a369f656-5f1a-419f-8148-dd7161541bf1: addNew group-A164C42AC008:[a369f656-5f1a-419f-8148-dd7161541bf1|rpc:10.1.0.53:34899|priority:1] returns group-A164C42AC008:java.util.concurrent.CompletableFuture@dbcfa14[Not completed]
2021-11-30 10:07:49,566 [pool-93-thread-1] INFO  server.RaftServer$Division (RaftServerImpl.java:<init>(184)) - a369f656-5f1a-419f-8148-dd7161541bf1: new RaftServerImpl for group-A164C42AC008:[a369f656-5f1a-419f-8148-dd7161541bf1|rpc:10.1.0.53:34899|priority:1] with ContainerStateMachine:uninitialized
2021-11-30 10:07:49,570 [pool-93-thread-1] INFO  server.RaftServerConfigKeys (ConfUtils.java:logGet(44)) - raft.server.rpc.timeout.min = 5s (custom)
2021-11-30 10:07:49,570 [pool-93-thread-1] INFO  server.RaftServerConfigKeys (ConfUtils.java:logGet(44)) - raft.server.rpc.timeout.max = 5200ms (custom)
2021-11-30 10:07:49,570 [pool-93-thread-1] INFO  server.RaftServerConfigKeys (ConfUtils.java:logGet(44)) - raft.server.rpc.sleep.time = 25ms (default)
2021-11-30 10:07:49,570 [pool-93-thread-1] INFO  server.RaftServerConfigKeys (ConfUtils.java:logGet(44)) - raft.server.rpc.slowness.timeout = 300000ms (custom)
2021-11-30 10:07:49,570 [pool-93-thread-1] INFO  server.RaftServerConfigKeys (ConfUtils.java:logGet(44)) - raft.server.leaderelection.leader.step-down.wait-time = 10s (default)
2021-11-30 10:07:49,570 [pool-93-thread-1] INFO  server.RaftServerConfigKeys (ConfUtils.java:logGet(44)) - raft.server.sleep.deviation.threshold = 300ms (default)
2021-11-30 10:07:49,570 [pool-93-thread-1] INFO  server.RaftServerConfigKeys (ConfUtils.java:logGet(44)) - raft.server.log.appender.install.snapshot.enabled = false (custom)
2021-11-30 10:07:49,570 [pool-93-thread-1] INFO  server.RaftServer$Division (ServerState.java:<init>(105)) - a369f656-5f1a-419f-8148-dd7161541bf1@group-A164C42AC008: ConfigurationManager, init=-1: [a369f656-5f1a-419f-8148-dd7161541bf1|rpc:10.1.0.53:34899|priority:1], old=null, confs=<EMPTY_MAP>
2021-11-30 10:07:49,570 [pool-93-thread-1] INFO  server.RaftServerConfigKeys (ConfUtils.java:logGet(44)) - raft.server.storage.dir = [/home/runner/work/ozone/ozone/hadoop-ozone/integration-test/target/test-dir/MiniOzoneClusterImpl-0e29ee7e-a070-46b0-aa8f-4a21e578e9b3/datanode-2/data/ratis] (custom)
2021-11-30 10:07:49,571 [pool-93-thread-1] INFO  server.RaftServerConfigKeys (ConfUtils.java:logGet(44)) - raft.server.log.corruption.policy = EXCEPTION (default)
2021-11-30 10:07:49,571 [pool-93-thread-1] INFO  server.RaftServerConfigKeys (ConfUtils.java:logGet(44)) - raft.server.storage.free-space.min = 0MB (=0) (default)
2021-11-30 10:07:49,571 [pool-93-thread-1] INFO  storage.RaftStorageDirectory (RaftStorageDirectoryImpl.java:analyzeStorage(135)) - The storage directory /home/runner/work/ozone/ozone/hadoop-ozone/integration-test/target/test-dir/MiniOzoneClusterImpl-0e29ee7e-a070-46b0-aa8f-4a21e578e9b3/datanode-2/data/ratis/9ba1797c-65e4-4d96-85cc-a164c42ac008 does not exist. Creating ...
2021-11-30 10:07:49,574 [pool-93-thread-1] INFO  storage.RaftStorageDirectory (RaftStorageDirectoryImpl.java:tryLock(230)) - Lock on /home/runner/work/ozone/ozone/hadoop-ozone/integration-test/target/test-dir/MiniOzoneClusterImpl-0e29ee7e-a070-46b0-aa8f-4a21e578e9b3/datanode-2/data/ratis/9ba1797c-65e4-4d96-85cc-a164c42ac008/in_use.lock acquired by nodename 12829@fv-az297-56
2021-11-30 10:07:49,576 [pool-93-thread-1] INFO  storage.RaftStorage (RaftStorageImpl.java:format(89)) - Storage directory /home/runner/work/ozone/ozone/hadoop-ozone/integration-test/target/test-dir/MiniOzoneClusterImpl-0e29ee7e-a070-46b0-aa8f-4a21e578e9b3/datanode-2/data/ratis/9ba1797c-65e4-4d96-85cc-a164c42ac008 has been successfully formatted.
2021-11-30 10:07:49,578 [pool-93-thread-1] INFO  ratis.ContainerStateMachine (ContainerStateMachine.java:loadSnapshot(224)) - group-A164C42AC008: The snapshot info is null. Setting the last applied indexto:(t:0, i:~)
2021-11-30 10:07:49,581 [EventQueue-PipelineReportForPipelineReportHandler] INFO  pipeline.PipelineManagerImpl (PipelineManagerImpl.java:openPipeline(289)) - Pipeline Pipeline[ Id: 9ba1797c-65e4-4d96-85cc-a164c42ac008, Nodes: a369f656-5f1a-419f-8148-dd7161541bf1{ip: 10.1.0.53, host: fv-az297-56.nmf1rxwemy4u5di1sxxf4ejcwb.jx.internal.cloudapp.net, ports: [REPLICATION=44659, RATIS=34899, RATIS_ADMIN=34899, RATIS_SERVER=34899, STANDALONE=36351], networkLocation: /default-rack, certSerialId: null, persistedOpState: IN_SERVICE, persistedOpStateExpiryEpochSec: 0}, ReplicationConfig: RATIS/ONE, State:ALLOCATED, leaderId:a369f656-5f1a-419f-8148-dd7161541bf1, CreationTimestamp2021-11-30T10:07:46.557Z[Etc/UTC]] moved to OPEN state
2021-11-30 10:07:49,592 [pool-93-thread-1] INFO  server.RaftServerConfigKeys (ConfUtils.java:logGet(44)) - raft.server.notification.no-leader.timeout = 300000ms (custom)
2021-11-30 10:07:49,592 [pool-93-thread-1] INFO  server.RaftServerConfigKeys (ConfUtils.java:logGet(44)) - raft.server.log.use.memory = false (default)
2021-11-30 10:07:49,592 [pool-93-thread-1] INFO  server.RaftServerConfigKeys (ConfUtils.java:logGet(44)) - raft.server.log.purge.gap = 1000000 (custom)
2021-11-30 10:07:49,592 [pool-93-thread-1] INFO  server.RaftServerConfigKeys (ConfUtils.java:logGet(44)) - raft.server.log.appender.buffer.byte-limit = 33554432 (custom)
2021-11-30 10:07:49,593 [EventQueue-OpenPipelineForHealthyPipelineSafeModeRule] INFO  safemode.SCMSafeModeManager (HealthyPipelineSafeModeRule.java:process(124)) - SCM in safe mode. Healthy pipelines reported count is 0, required healthy pipeline reported count is 1
2021-11-30 10:07:49,593 [pool-93-thread-1] INFO  server.RaftServerConfigKeys (ConfUtils.java:logGet(44)) - raft.server.log.segment.size.max = 1048576 (custom)
2021-11-30 10:07:49,607 [pool-93-thread-1] INFO  server.RaftServerConfigKeys (ConfUtils.java:logGet(44)) - raft.server.log.segment.cache.num.max = 2 (custom)
2021-11-30 10:07:49,607 [pool-93-thread-1] INFO  server.RaftServerConfigKeys (ConfUtils.java:logGet(44)) - raft.server.log.segment.cache.size.max = 200MB (=209715200) (default)
2021-11-30 10:07:49,607 [pool-93-thread-1] INFO  segmented.SegmentedRaftLogWorker (SegmentedRaftLogWorker.java:<init>(182)) - new a369f656-5f1a-419f-8148-dd7161541bf1@group-A164C42AC008-SegmentedRaftLogWorker for RaftStorageImpl:Storage Directory /home/runner/work/ozone/ozone/hadoop-ozone/integration-test/target/test-dir/MiniOzoneClusterImpl-0e29ee7e-a070-46b0-aa8f-4a21e578e9b3/datanode-2/data/ratis/9ba1797c-65e4-4d96-85cc-a164c42ac008
2021-11-30 10:07:49,607 [pool-93-thread-1] INFO  server.RaftServerConfigKeys (ConfUtils.java:logGet(44)) - raft.server.log.queue.byte-limit = 2147483647 (custom)
2021-11-30 10:07:49,607 [pool-93-thread-1] INFO  server.RaftServerConfigKeys (ConfUtils.java:logGet(44)) - raft.server.log.queue.element-limit = 1024 (custom)
2021-11-30 10:07:49,607 [pool-93-thread-1] INFO  server.RaftServerConfigKeys (ConfUtils.java:logGet(44)) - raft.server.log.segment.size.max = 1048576 (custom)
2021-11-30 10:07:49,607 [pool-93-thread-1] INFO  server.RaftServerConfigKeys (ConfUtils.java:logGet(44)) - raft.server.log.preallocated.size = 16384 (custom)
2021-11-30 10:07:49,607 [pool-93-thread-1] INFO  server.RaftServerConfigKeys (ConfUtils.java:logGet(44)) - raft.server.log.force.sync.num = 128 (default)
2021-11-30 10:07:49,607 [pool-93-thread-1] INFO  server.RaftServerConfigKeys (ConfUtils.java:logGet(44)) - raft.server.log.statemachine.data.sync = true (default)
2021-11-30 10:07:49,607 [pool-93-thread-1] INFO  server.RaftServerConfigKeys (ConfUtils.java:logGet(44)) - raft.server.log.statemachine.data.sync.timeout = 10s (default)
2021-11-30 10:07:49,607 [pool-93-thread-1] INFO  server.RaftServerConfigKeys (ConfUtils.java:logGet(44)) - raft.server.log.statemachine.data.sync.timeout.retry = -1 (default)
2021-11-30 10:07:49,608 [pool-93-thread-1] INFO  server.RaftServerConfigKeys (ConfUtils.java:logGet(44)) - raft.server.log.write.buffer.size = 1048576 (custom)
2021-11-30 10:07:49,608 [pool-93-thread-1] INFO  server.RaftServerConfigKeys (ConfUtils.java:logGet(44)) - raft.server.log.statemachine.data.caching.enabled = true (custom)
2021-11-30 10:07:49,608 [pool-93-thread-1] INFO  segmented.SegmentedRaftLogWorker (SegmentedRaftLogWorker.java:lambda$new$0(133)) - a369f656-5f1a-419f-8148-dd7161541bf1@group-A164C42AC008-SegmentedRaftLogWorker: flushIndex: setUnconditionally 0 -> -1
2021-11-30 10:07:49,609 [pool-93-thread-1] INFO  segmented.SegmentedRaftLogWorker (SegmentedRaftLogWorker.java:lambda$new$0(133)) - a369f656-5f1a-419f-8148-dd7161541bf1@group-A164C42AC008-SegmentedRaftLogWorker: safeCacheEvictIndex: setUnconditionally 0 -> -1
2021-11-30 10:07:49,613 [grpc-default-executor-0] INFO  server.RaftServer (RaftServerProxy.java:addNew(95)) - a369f656-5f1a-419f-8148-dd7161541bf1: addNew group-D183E921640B:[fc496f33-557f-4ba9-a352-3c0776838466|rpc:10.1.0.53:44781|dataStream:|priority:0, 4a8c6e6d-65e8-48ee-8359-0610b7f8095e|rpc:10.1.0.53:46879|dataStream:|priority:0, a369f656-5f1a-419f-8148-dd7161541bf1|rpc:10.1.0.53:34899|dataStream:|priority:1] returns group-D183E921640B:java.util.concurrent.CompletableFuture@7b231f6a[Not completed]
2021-11-30 10:07:49,613 [pool-93-thread-1] INFO  server.RaftServerConfigKeys (ConfUtils.java:logGet(44)) - raft.server.snapshot.auto.trigger.enabled = true (custom)
2021-11-30 10:07:49,616 [pool-93-thread-1] INFO  server.RaftServerConfigKeys (ConfUtils.java:logGet(44)) - raft.server.snapshot.auto.trigger.threshold = 10000 (custom)
2021-11-30 10:07:49,616 [pool-93-thread-1] INFO  server.RaftServerConfigKeys (ConfUtils.java:logGet(44)) - raft.server.snapshot.retention.file.num = 5 (custom)
2021-11-30 10:07:49,616 [pool-93-thread-1] INFO  server.RaftServerConfigKeys (ConfUtils.java:logGet(44)) - raft.server.log.purge.upto.snapshot.index = false (default)
2021-11-30 10:07:49,620 [pool-93-thread-1] INFO  server.RaftServerConfigKeys (ConfUtils.java:logGet(44)) - raft.server.retrycache.expirytime = 600000ms (custom)
2021-11-30 10:07:49,621 [pool-93-thread-1] INFO  server.RaftServerConfigKeys (ConfUtils.java:logGet(44)) - raft.server.retrycache.statistics.expirytime = 100μs (default)
2021-11-30 10:07:49,623 [pool-93-thread-1] INFO  server.RaftServer$Division (RaftServerImpl.java:<init>(184)) - a369f656-5f1a-419f-8148-dd7161541bf1: new RaftServerImpl for group-D183E921640B:[fc496f33-557f-4ba9-a352-3c0776838466|rpc:10.1.0.53:44781|dataStream:|priority:0, 4a8c6e6d-65e8-48ee-8359-0610b7f8095e|rpc:10.1.0.53:46879|dataStream:|priority:0, a369f656-5f1a-419f-8148-dd7161541bf1|rpc:10.1.0.53:34899|dataStream:|priority:1] with ContainerStateMachine:uninitialized
2021-11-30 10:07:49,623 [pool-93-thread-1] INFO  server.RaftServerConfigKeys (ConfUtils.java:logGet(44)) - raft.server.rpc.timeout.min = 5s (custom)
2021-11-30 10:07:49,623 [pool-93-thread-1] INFO  server.RaftServerConfigKeys (ConfUtils.java:logGet(44)) - raft.server.rpc.timeout.max = 5200ms (custom)
2021-11-30 10:07:49,623 [pool-93-thread-1] INFO  server.RaftServerConfigKeys (ConfUtils.java:logGet(44)) - raft.server.rpc.sleep.time = 25ms (default)
2021-11-30 10:07:49,624 [pool-93-thread-1] INFO  server.RaftServerConfigKeys (ConfUtils.java:logGet(44)) - raft.server.rpc.slowness.timeout = 300000ms (custom)
2021-11-30 10:07:49,624 [pool-93-thread-1] INFO  server.RaftServerConfigKeys (ConfUtils.java:logGet(44)) - raft.server.leaderelection.leader.step-down.wait-time = 10s (default)
2021-11-30 10:07:49,624 [pool-93-thread-1] INFO  server.RaftServerConfigKeys (ConfUtils.java:logGet(44)) - raft.server.sleep.deviation.threshold = 300ms (default)
2021-11-30 10:07:49,624 [pool-93-thread-1] INFO  server.RaftServerConfigKeys (ConfUtils.java:logGet(44)) - raft.server.log.appender.install.snapshot.enabled = false (custom)
2021-11-30 10:07:49,624 [pool-93-thread-1] INFO  server.RaftServer$Division (ServerState.java:<init>(105)) - a369f656-5f1a-419f-8148-dd7161541bf1@group-D183E921640B: ConfigurationManager, init=-1: [fc496f33-557f-4ba9-a352-3c0776838466|rpc:10.1.0.53:44781|dataStream:|priority:0, 4a8c6e6d-65e8-48ee-8359-0610b7f8095e|rpc:10.1.0.53:46879|dataStream:|priority:0, a369f656-5f1a-419f-8148-dd7161541bf1|rpc:10.1.0.53:34899|dataStream:|priority:1], old=null, confs=<EMPTY_MAP>
2021-11-30 10:07:49,624 [pool-93-thread-1] INFO  server.RaftServerConfigKeys (ConfUtils.java:logGet(44)) - raft.server.storage.dir = [/home/runner/work/ozone/ozone/hadoop-ozone/integration-test/target/test-dir/MiniOzoneClusterImpl-0e29ee7e-a070-46b0-aa8f-4a21e578e9b3/datanode-2/data/ratis] (custom)
2021-11-30 10:07:49,624 [pool-93-thread-1] INFO  server.RaftServerConfigKeys (ConfUtils.java:logGet(44)) - raft.server.log.corruption.policy = EXCEPTION (default)
2021-11-30 10:07:49,624 [pool-93-thread-1] INFO  server.RaftServerConfigKeys (ConfUtils.java:logGet(44)) - raft.server.storage.free-space.min = 0MB (=0) (default)
2021-11-30 10:07:49,624 [pool-93-thread-1] INFO  storage.RaftStorageDirectory (RaftStorageDirectoryImpl.java:analyzeStorage(135)) - The storage directory /home/runner/work/ozone/ozone/hadoop-ozone/integration-test/target/test-dir/MiniOzoneClusterImpl-0e29ee7e-a070-46b0-aa8f-4a21e578e9b3/datanode-2/data/ratis/eb8e675b-dbe2-4c1e-bbe8-d183e921640b does not exist. Creating ...
2021-11-30 10:07:49,625 [pool-93-thread-1] INFO  storage.RaftStorageDirectory (RaftStorageDirectoryImpl.java:tryLock(230)) - Lock on /home/runner/work/ozone/ozone/hadoop-ozone/integration-test/target/test-dir/MiniOzoneClusterImpl-0e29ee7e-a070-46b0-aa8f-4a21e578e9b3/datanode-2/data/ratis/eb8e675b-dbe2-4c1e-bbe8-d183e921640b/in_use.lock acquired by nodename 12829@fv-az297-56
2021-11-30 10:07:49,627 [pool-93-thread-1] INFO  storage.RaftStorage (RaftStorageImpl.java:format(89)) - Storage directory /home/runner/work/ozone/ozone/hadoop-ozone/integration-test/target/test-dir/MiniOzoneClusterImpl-0e29ee7e-a070-46b0-aa8f-4a21e578e9b3/datanode-2/data/ratis/eb8e675b-dbe2-4c1e-bbe8-d183e921640b has been successfully formatted.
2021-11-30 10:07:49,627 [pool-93-thread-1] INFO  ratis.ContainerStateMachine (ContainerStateMachine.java:loadSnapshot(224)) - group-D183E921640B: The snapshot info is null. Setting the last applied indexto:(t:0, i:~)
2021-11-30 10:07:49,628 [pool-93-thread-1] INFO  server.RaftServerConfigKeys (ConfUtils.java:logGet(44)) - raft.server.notification.no-leader.timeout = 300000ms (custom)
2021-11-30 10:07:49,628 [pool-93-thread-1] INFO  server.RaftServerConfigKeys (ConfUtils.java:logGet(44)) - raft.server.log.use.memory = false (default)
2021-11-30 10:07:49,629 [pool-93-thread-1] INFO  server.RaftServerConfigKeys (ConfUtils.java:logGet(44)) - raft.server.log.purge.gap = 1000000 (custom)
2021-11-30 10:07:49,629 [pool-93-thread-1] INFO  server.RaftServerConfigKeys (ConfUtils.java:logGet(44)) - raft.server.log.appender.buffer.byte-limit = 33554432 (custom)
2021-11-30 10:07:49,629 [pool-93-thread-1] INFO  server.RaftServerConfigKeys (ConfUtils.java:logGet(44)) - raft.server.log.segment.size.max = 1048576 (custom)
2021-11-30 10:07:49,630 [pool-93-thread-1] INFO  server.RaftServerConfigKeys (ConfUtils.java:logGet(44)) - raft.server.log.segment.cache.num.max = 2 (custom)
2021-11-30 10:07:49,630 [pool-93-thread-1] INFO  server.RaftServerConfigKeys (ConfUtils.java:logGet(44)) - raft.server.log.segment.cache.size.max = 200MB (=209715200) (default)
2021-11-30 10:07:49,630 [pool-93-thread-1] INFO  segmented.SegmentedRaftLogWorker (SegmentedRaftLogWorker.java:<init>(182)) - new a369f656-5f1a-419f-8148-dd7161541bf1@group-D183E921640B-SegmentedRaftLogWorker for RaftStorageImpl:Storage Directory /home/runner/work/ozone/ozone/hadoop-ozone/integration-test/target/test-dir/MiniOzoneClusterImpl-0e29ee7e-a070-46b0-aa8f-4a21e578e9b3/datanode-2/data/ratis/eb8e675b-dbe2-4c1e-bbe8-d183e921640b
2021-11-30 10:07:49,631 [pool-93-thread-1] INFO  server.RaftServerConfigKeys (ConfUtils.java:logGet(44)) - raft.server.log.queue.byte-limit = 2147483647 (custom)
2021-11-30 10:07:49,631 [pool-93-thread-1] INFO  server.RaftServerConfigKeys (ConfUtils.java:logGet(44)) - raft.server.log.queue.element-limit = 1024 (custom)
2021-11-30 10:07:49,631 [pool-93-thread-1] INFO  server.RaftServerConfigKeys (ConfUtils.java:logGet(44)) - raft.server.log.segment.size.max = 1048576 (custom)
2021-11-30 10:07:49,631 [pool-93-thread-1] INFO  server.RaftServerConfigKeys (ConfUtils.java:logGet(44)) - raft.server.log.preallocated.size = 16384 (custom)
2021-11-30 10:07:49,631 [pool-93-thread-1] INFO  server.RaftServerConfigKeys (ConfUtils.java:logGet(44)) - raft.server.log.force.sync.num = 128 (default)
2021-11-30 10:07:49,631 [pool-93-thread-1] INFO  server.RaftServerConfigKeys (ConfUtils.java:logGet(44)) - raft.server.log.statemachine.data.sync = true (default)
2021-11-30 10:07:49,631 [pool-93-thread-1] INFO  server.RaftServerConfigKeys (ConfUtils.java:logGet(44)) - raft.server.log.statemachine.data.sync.timeout = 10s (default)
2021-11-30 10:07:49,632 [pool-93-thread-1] INFO  server.RaftServerConfigKeys (ConfUtils.java:logGet(44)) - raft.server.log.statemachine.data.sync.timeout.retry = -1 (default)
2021-11-30 10:07:49,630 [EventQueue-OpenPipelineForHealthyPipelineSafeModeRule] INFO  safemode.SCMSafeModeManager (HealthyPipelineSafeModeRule.java:process(124)) - SCM in safe mode. Healthy pipelines reported count is 0, required healthy pipeline reported count is 1
2021-11-30 10:07:49,633 [pool-93-thread-1] INFO  server.RaftServerConfigKeys (ConfUtils.java:logGet(44)) - raft.server.log.write.buffer.size = 1048576 (custom)
2021-11-30 10:07:49,633 [pool-93-thread-1] INFO  server.RaftServerConfigKeys (ConfUtils.java:logGet(44)) - raft.server.log.statemachine.data.caching.enabled = true (custom)
2021-11-30 10:07:49,633 [pool-93-thread-1] INFO  segmented.SegmentedRaftLogWorker (SegmentedRaftLogWorker.java:lambda$new$0(133)) - a369f656-5f1a-419f-8148-dd7161541bf1@group-D183E921640B-SegmentedRaftLogWorker: flushIndex: setUnconditionally 0 -> -1
2021-11-30 10:07:49,633 [pool-93-thread-1] INFO  segmented.SegmentedRaftLogWorker (SegmentedRaftLogWorker.java:lambda$new$0(133)) - a369f656-5f1a-419f-8148-dd7161541bf1@group-D183E921640B-SegmentedRaftLogWorker: safeCacheEvictIndex: setUnconditionally 0 -> -1
2021-11-30 10:07:49,635 [pool-93-thread-1] INFO  server.RaftServerConfigKeys (ConfUtils.java:logGet(44)) - raft.server.snapshot.auto.trigger.enabled = true (custom)
2021-11-30 10:07:49,635 [pool-93-thread-1] INFO  server.RaftServerConfigKeys (ConfUtils.java:logGet(44)) - raft.server.snapshot.auto.trigger.threshold = 10000 (custom)
2021-11-30 10:07:49,635 [pool-93-thread-1] INFO  server.RaftServerConfigKeys (ConfUtils.java:logGet(44)) - raft.server.snapshot.retention.file.num = 5 (custom)
2021-11-30 10:07:49,635 [pool-93-thread-1] INFO  server.RaftServerConfigKeys (ConfUtils.java:logGet(44)) - raft.server.log.purge.upto.snapshot.index = false (default)
2021-11-30 10:07:49,635 [pool-93-thread-1] INFO  server.RaftServerConfigKeys (ConfUtils.java:logGet(44)) - raft.server.retrycache.expirytime = 600000ms (custom)
2021-11-30 10:07:49,635 [pool-93-thread-1] INFO  server.RaftServerConfigKeys (ConfUtils.java:logGet(44)) - raft.server.retrycache.statistics.expirytime = 100μs (default)
2021-11-30 10:07:49,636 [pool-93-thread-1] INFO  server.RaftServer$Division (RaftServerImpl.java:start(301)) - a369f656-5f1a-419f-8148-dd7161541bf1@group-A164C42AC008: start as a follower, conf=-1: [a369f656-5f1a-419f-8148-dd7161541bf1|rpc:10.1.0.53:34899|priority:1], old=null
2021-11-30 10:07:49,636 [pool-93-thread-1] INFO  server.RaftServer$Division (RaftServerImpl.java:setRole(290)) - a369f656-5f1a-419f-8148-dd7161541bf1@group-A164C42AC008: changes role from      null to FOLLOWER at term 0 for startAsFollower
2021-11-30 10:07:49,636 [pool-93-thread-1] INFO  impl.RoleInfo (RoleInfo.java:updateAndGet(130)) - a369f656-5f1a-419f-8148-dd7161541bf1: start a369f656-5f1a-419f-8148-dd7161541bf1@group-A164C42AC008-FollowerState
2021-11-30 10:07:49,644 [pool-93-thread-1] INFO  util.JmxRegister (JmxRegister.java:tryRegister(44)) - Successfully registered JMX Bean with object name Ratis:service=RaftServer,group=group-A164C42AC008,id=a369f656-5f1a-419f-8148-dd7161541bf1
2021-11-30 10:07:49,648 [pool-93-thread-1] INFO  server.RaftServer$Division (RaftServerImpl.java:start(301)) - a369f656-5f1a-419f-8148-dd7161541bf1@group-D183E921640B: start as a follower, conf=-1: [fc496f33-557f-4ba9-a352-3c0776838466|rpc:10.1.0.53:44781|dataStream:|priority:0, 4a8c6e6d-65e8-48ee-8359-0610b7f8095e|rpc:10.1.0.53:46879|dataStream:|priority:0, a369f656-5f1a-419f-8148-dd7161541bf1|rpc:10.1.0.53:34899|dataStream:|priority:1], old=null
2021-11-30 10:07:49,648 [pool-93-thread-1] INFO  server.RaftServer$Division (RaftServerImpl.java:setRole(290)) - a369f656-5f1a-419f-8148-dd7161541bf1@group-D183E921640B: changes role from      null to FOLLOWER at term 0 for startAsFollower
2021-11-30 10:07:49,648 [pool-93-thread-1] INFO  impl.RoleInfo (RoleInfo.java:updateAndGet(130)) - a369f656-5f1a-419f-8148-dd7161541bf1: start a369f656-5f1a-419f-8148-dd7161541bf1@group-D183E921640B-FollowerState
2021-11-30 10:07:49,648 [Command processor thread] INFO  ratis.XceiverServerRatis (XceiverServerRatis.java:addGroup(768)) - Created group PipelineID=9ba1797c-65e4-4d96-85cc-a164c42ac008
2021-11-30 10:07:49,649 [pool-93-thread-1] INFO  util.JmxRegister (JmxRegister.java:tryRegister(44)) - Successfully registered JMX Bean with object name Ratis:service=RaftServer,group=group-D183E921640B,id=a369f656-5f1a-419f-8148-dd7161541bf1
2021-11-30 10:07:49,649 [Command processor thread] INFO  commandhandler.CreatePipelineCommandHandler (CreatePipelineCommandHandler.java:handle(106)) - Created Pipeline RATIS ONE PipelineID=9ba1797c-65e4-4d96-85cc-a164c42ac008.
2021-11-30 10:07:49,670 [Command processor thread] INFO  server.RaftServer (RaftServerProxy.java:addNew(95)) - a369f656-5f1a-419f-8148-dd7161541bf1: addNew group-E114E9338692:[fc496f33-557f-4ba9-a352-3c0776838466|rpc:10.1.0.53:44781|priority:0, 4a8c6e6d-65e8-48ee-8359-0610b7f8095e|rpc:10.1.0.53:46879|priority:1, a369f656-5f1a-419f-8148-dd7161541bf1|rpc:10.1.0.53:34899|priority:0] returns group-E114E9338692:java.util.concurrent.CompletableFuture@9836f7b[Not completed]
2021-11-30 10:07:49,672 [pool-93-thread-1] INFO  server.RaftServer$Division (RaftServerImpl.java:<init>(184)) - a369f656-5f1a-419f-8148-dd7161541bf1: new RaftServerImpl for group-E114E9338692:[fc496f33-557f-4ba9-a352-3c0776838466|rpc:10.1.0.53:44781|priority:0, 4a8c6e6d-65e8-48ee-8359-0610b7f8095e|rpc:10.1.0.53:46879|priority:1, a369f656-5f1a-419f-8148-dd7161541bf1|rpc:10.1.0.53:34899|priority:0] with ContainerStateMachine:uninitialized
2021-11-30 10:07:49,672 [pool-93-thread-1] INFO  server.RaftServerConfigKeys (ConfUtils.java:logGet(44)) - raft.server.rpc.timeout.min = 5s (custom)
2021-11-30 10:07:49,673 [pool-93-thread-1] INFO  server.RaftServerConfigKeys (ConfUtils.java:logGet(44)) - raft.server.rpc.timeout.max = 5200ms (custom)
2021-11-30 10:07:49,673 [pool-93-thread-1] INFO  server.RaftServerConfigKeys (ConfUtils.java:logGet(44)) - raft.server.rpc.sleep.time = 25ms (default)
2021-11-30 10:07:49,673 [pool-93-thread-1] INFO  server.RaftServerConfigKeys (ConfUtils.java:logGet(44)) - raft.server.rpc.slowness.timeout = 300000ms (custom)
2021-11-30 10:07:49,673 [pool-93-thread-1] INFO  server.RaftServerConfigKeys (ConfUtils.java:logGet(44)) - raft.server.leaderelection.leader.step-down.wait-time = 10s (default)
2021-11-30 10:07:49,673 [pool-93-thread-1] INFO  server.RaftServerConfigKeys (ConfUtils.java:logGet(44)) - raft.server.sleep.deviation.threshold = 300ms (default)
2021-11-30 10:07:49,673 [pool-93-thread-1] INFO  server.RaftServerConfigKeys (ConfUtils.java:logGet(44)) - raft.server.log.appender.install.snapshot.enabled = false (custom)
2021-11-30 10:07:49,673 [pool-93-thread-1] INFO  server.RaftServer$Division (ServerState.java:<init>(105)) - a369f656-5f1a-419f-8148-dd7161541bf1@group-E114E9338692: ConfigurationManager, init=-1: [fc496f33-557f-4ba9-a352-3c0776838466|rpc:10.1.0.53:44781|priority:0, 4a8c6e6d-65e8-48ee-8359-0610b7f8095e|rpc:10.1.0.53:46879|priority:1, a369f656-5f1a-419f-8148-dd7161541bf1|rpc:10.1.0.53:34899|priority:0], old=null, confs=<EMPTY_MAP>
2021-11-30 10:07:49,673 [pool-93-thread-1] INFO  server.RaftServerConfigKeys (ConfUtils.java:logGet(44)) - raft.server.storage.dir = [/home/runner/work/ozone/ozone/hadoop-ozone/integration-test/target/test-dir/MiniOzoneClusterImpl-0e29ee7e-a070-46b0-aa8f-4a21e578e9b3/datanode-2/data/ratis] (custom)
2021-11-30 10:07:49,673 [pool-93-thread-1] INFO  server.RaftServerConfigKeys (ConfUtils.java:logGet(44)) - raft.server.log.corruption.policy = EXCEPTION (default)
2021-11-30 10:07:49,673 [pool-93-thread-1] INFO  server.RaftServerConfigKeys (ConfUtils.java:logGet(44)) - raft.server.storage.free-space.min = 0MB (=0) (default)
2021-11-30 10:07:49,673 [pool-93-thread-1] INFO  storage.RaftStorageDirectory (RaftStorageDirectoryImpl.java:analyzeStorage(135)) - The storage directory /home/runner/work/ozone/ozone/hadoop-ozone/integration-test/target/test-dir/MiniOzoneClusterImpl-0e29ee7e-a070-46b0-aa8f-4a21e578e9b3/datanode-2/data/ratis/a798c64c-2b0c-4b84-be7e-e114e9338692 does not exist. Creating ...
2021-11-30 10:07:49,674 [pool-93-thread-1] INFO  storage.RaftStorageDirectory (RaftStorageDirectoryImpl.java:tryLock(230)) - Lock on /home/runner/work/ozone/ozone/hadoop-ozone/integration-test/target/test-dir/MiniOzoneClusterImpl-0e29ee7e-a070-46b0-aa8f-4a21e578e9b3/datanode-2/data/ratis/a798c64c-2b0c-4b84-be7e-e114e9338692/in_use.lock acquired by nodename 12829@fv-az297-56
2021-11-30 10:07:49,676 [pool-93-thread-1] INFO  storage.RaftStorage (RaftStorageImpl.java:format(89)) - Storage directory /home/runner/work/ozone/ozone/hadoop-ozone/integration-test/target/test-dir/MiniOzoneClusterImpl-0e29ee7e-a070-46b0-aa8f-4a21e578e9b3/datanode-2/data/ratis/a798c64c-2b0c-4b84-be7e-e114e9338692 has been successfully formatted.
2021-11-30 10:07:49,676 [pool-93-thread-1] INFO  ratis.ContainerStateMachine (ContainerStateMachine.java:loadSnapshot(224)) - group-E114E9338692: The snapshot info is null. Setting the last applied indexto:(t:0, i:~)
2021-11-30 10:07:49,676 [pool-93-thread-1] INFO  server.RaftServerConfigKeys (ConfUtils.java:logGet(44)) - raft.server.notification.no-leader.timeout = 300000ms (custom)
2021-11-30 10:07:49,676 [pool-93-thread-1] INFO  server.RaftServerConfigKeys (ConfUtils.java:logGet(44)) - raft.server.log.use.memory = false (default)
2021-11-30 10:07:49,676 [pool-93-thread-1] INFO  server.RaftServerConfigKeys (ConfUtils.java:logGet(44)) - raft.server.log.purge.gap = 1000000 (custom)
2021-11-30 10:07:49,676 [pool-93-thread-1] INFO  server.RaftServerConfigKeys (ConfUtils.java:logGet(44)) - raft.server.log.appender.buffer.byte-limit = 33554432 (custom)
2021-11-30 10:07:49,677 [pool-93-thread-1] INFO  server.RaftServerConfigKeys (ConfUtils.java:logGet(44)) - raft.server.log.segment.size.max = 1048576 (custom)
2021-11-30 10:07:49,679 [pool-93-thread-1] INFO  server.RaftServerConfigKeys (ConfUtils.java:logGet(44)) - raft.server.log.segment.cache.num.max = 2 (custom)
2021-11-30 10:07:49,679 [pool-93-thread-1] INFO  server.RaftServerConfigKeys (ConfUtils.java:logGet(44)) - raft.server.log.segment.cache.size.max = 200MB (=209715200) (default)
2021-11-30 10:07:49,679 [pool-93-thread-1] INFO  segmented.SegmentedRaftLogWorker (SegmentedRaftLogWorker.java:<init>(182)) - new a369f656-5f1a-419f-8148-dd7161541bf1@group-E114E9338692-SegmentedRaftLogWorker for RaftStorageImpl:Storage Directory /home/runner/work/ozone/ozone/hadoop-ozone/integration-test/target/test-dir/MiniOzoneClusterImpl-0e29ee7e-a070-46b0-aa8f-4a21e578e9b3/datanode-2/data/ratis/a798c64c-2b0c-4b84-be7e-e114e9338692
2021-11-30 10:07:49,679 [pool-93-thread-1] INFO  server.RaftServerConfigKeys (ConfUtils.java:logGet(44)) - raft.server.log.queue.byte-limit = 2147483647 (custom)
2021-11-30 10:07:49,679 [pool-93-thread-1] INFO  server.RaftServerConfigKeys (ConfUtils.java:logGet(44)) - raft.server.log.queue.element-limit = 1024 (custom)
2021-11-30 10:07:49,679 [pool-93-thread-1] INFO  server.RaftServerConfigKeys (ConfUtils.java:logGet(44)) - raft.server.log.segment.size.max = 1048576 (custom)
2021-11-30 10:07:49,679 [pool-93-thread-1] INFO  server.RaftServerConfigKeys (ConfUtils.java:logGet(44)) - raft.server.log.preallocated.size = 16384 (custom)
2021-11-30 10:07:49,679 [pool-93-thread-1] INFO  server.RaftServerConfigKeys (ConfUtils.java:logGet(44)) - raft.server.log.force.sync.num = 128 (default)
2021-11-30 10:07:49,679 [pool-93-thread-1] INFO  server.RaftServerConfigKeys (ConfUtils.java:logGet(44)) - raft.server.log.statemachine.data.sync = true (default)
2021-11-30 10:07:49,679 [pool-93-thread-1] INFO  server.RaftServerConfigKeys (ConfUtils.java:logGet(44)) - raft.server.log.statemachine.data.sync.timeout = 10s (default)
2021-11-30 10:07:49,679 [EventQueue-OpenPipelineForHealthyPipelineSafeModeRule] INFO  safemode.SCMSafeModeManager (HealthyPipelineSafeModeRule.java:process(124)) - SCM in safe mode. Healthy pipelines reported count is 0, required healthy pipeline reported count is 1
2021-11-30 10:07:49,679 [pool-93-thread-1] INFO  server.RaftServerConfigKeys (ConfUtils.java:logGet(44)) - raft.server.log.statemachine.data.sync.timeout.retry = -1 (default)
2021-11-30 10:07:49,680 [pool-93-thread-1] INFO  server.RaftServerConfigKeys (ConfUtils.java:logGet(44)) - raft.server.log.write.buffer.size = 1048576 (custom)
2021-11-30 10:07:49,680 [pool-93-thread-1] INFO  server.RaftServerConfigKeys (ConfUtils.java:logGet(44)) - raft.server.log.statemachine.data.caching.enabled = true (custom)
2021-11-30 10:07:49,681 [pool-93-thread-1] INFO  segmented.SegmentedRaftLogWorker (SegmentedRaftLogWorker.java:lambda$new$0(133)) - a369f656-5f1a-419f-8148-dd7161541bf1@group-E114E9338692-SegmentedRaftLogWorker: flushIndex: setUnconditionally 0 -> -1
2021-11-30 10:07:49,681 [pool-93-thread-1] INFO  segmented.SegmentedRaftLogWorker (SegmentedRaftLogWorker.java:lambda$new$0(133)) - a369f656-5f1a-419f-8148-dd7161541bf1@group-E114E9338692-SegmentedRaftLogWorker: safeCacheEvictIndex: setUnconditionally 0 -> -1
2021-11-30 10:07:49,691 [pool-93-thread-1] INFO  server.RaftServerConfigKeys (ConfUtils.java:logGet(44)) - raft.server.snapshot.auto.trigger.enabled = true (custom)
2021-11-30 10:07:49,691 [pool-93-thread-1] INFO  server.RaftServerConfigKeys (ConfUtils.java:logGet(44)) - raft.server.snapshot.auto.trigger.threshold = 10000 (custom)
2021-11-30 10:07:49,691 [pool-93-thread-1] INFO  server.RaftServerConfigKeys (ConfUtils.java:logGet(44)) - raft.server.snapshot.retention.file.num = 5 (custom)
2021-11-30 10:07:49,691 [pool-93-thread-1] INFO  server.RaftServerConfigKeys (ConfUtils.java:logGet(44)) - raft.server.log.purge.upto.snapshot.index = false (default)
2021-11-30 10:07:49,692 [pool-93-thread-1] INFO  server.RaftServerConfigKeys (ConfUtils.java:logGet(44)) - raft.server.retrycache.expirytime = 600000ms (custom)
2021-11-30 10:07:49,692 [pool-93-thread-1] INFO  server.RaftServerConfigKeys (ConfUtils.java:logGet(44)) - raft.server.retrycache.statistics.expirytime = 100μs (default)
2021-11-30 10:07:49,693 [pool-93-thread-1] INFO  server.RaftServer$Division (RaftServerImpl.java:start(301)) - a369f656-5f1a-419f-8148-dd7161541bf1@group-E114E9338692: start as a follower, conf=-1: [fc496f33-557f-4ba9-a352-3c0776838466|rpc:10.1.0.53:44781|priority:0, 4a8c6e6d-65e8-48ee-8359-0610b7f8095e|rpc:10.1.0.53:46879|priority:1, a369f656-5f1a-419f-8148-dd7161541bf1|rpc:10.1.0.53:34899|priority:0], old=null
2021-11-30 10:07:49,693 [pool-93-thread-1] INFO  server.RaftServer$Division (RaftServerImpl.java:setRole(290)) - a369f656-5f1a-419f-8148-dd7161541bf1@group-E114E9338692: changes role from      null to FOLLOWER at term 0 for startAsFollower
2021-11-30 10:07:49,693 [pool-93-thread-1] INFO  impl.RoleInfo (RoleInfo.java:updateAndGet(130)) - a369f656-5f1a-419f-8148-dd7161541bf1: start a369f656-5f1a-419f-8148-dd7161541bf1@group-E114E9338692-FollowerState
2021-11-30 10:07:49,697 [pool-93-thread-1] INFO  util.JmxRegister (JmxRegister.java:tryRegister(44)) - Successfully registered JMX Bean with object name Ratis:service=RaftServer,group=group-E114E9338692,id=a369f656-5f1a-419f-8148-dd7161541bf1
2021-11-30 10:07:49,699 [Command processor thread] INFO  ratis.XceiverServerRatis (XceiverServerRatis.java:addGroup(768)) - Created group PipelineID=a798c64c-2b0c-4b84-be7e-e114e9338692
2021-11-30 10:07:49,737 [grpc-default-executor-1] INFO  server.RaftServer (RaftServerProxy.java:addNew(95)) - fc496f33-557f-4ba9-a352-3c0776838466: addNew group-E114E9338692:[fc496f33-557f-4ba9-a352-3c0776838466|rpc:10.1.0.53:44781|dataStream:|priority:0, 4a8c6e6d-65e8-48ee-8359-0610b7f8095e|rpc:10.1.0.53:46879|dataStream:|priority:1, a369f656-5f1a-419f-8148-dd7161541bf1|rpc:10.1.0.53:34899|dataStream:|priority:0] returns group-E114E9338692:java.util.concurrent.CompletableFuture@4d556718[Not completed]
2021-11-30 10:07:49,745 [pool-55-thread-1] INFO  server.RaftServer$Division (RaftServerImpl.java:<init>(184)) - fc496f33-557f-4ba9-a352-3c0776838466: new RaftServerImpl for group-E114E9338692:[fc496f33-557f-4ba9-a352-3c0776838466|rpc:10.1.0.53:44781|dataStream:|priority:0, 4a8c6e6d-65e8-48ee-8359-0610b7f8095e|rpc:10.1.0.53:46879|dataStream:|priority:1, a369f656-5f1a-419f-8148-dd7161541bf1|rpc:10.1.0.53:34899|dataStream:|priority:0] with ContainerStateMachine:uninitialized
2021-11-30 10:07:49,745 [pool-55-thread-1] INFO  server.RaftServerConfigKeys (ConfUtils.java:logGet(44)) - raft.server.rpc.timeout.min = 5s (custom)
2021-11-30 10:07:49,745 [pool-55-thread-1] INFO  server.RaftServerConfigKeys (ConfUtils.java:logGet(44)) - raft.server.rpc.timeout.max = 5200ms (custom)
2021-11-30 10:07:49,745 [pool-55-thread-1] INFO  server.RaftServerConfigKeys (ConfUtils.java:logGet(44)) - raft.server.rpc.sleep.time = 25ms (default)
2021-11-30 10:07:49,745 [pool-55-thread-1] INFO  server.RaftServerConfigKeys (ConfUtils.java:logGet(44)) - raft.server.rpc.slowness.timeout = 300000ms (custom)
2021-11-30 10:07:49,745 [pool-55-thread-1] INFO  server.RaftServerConfigKeys (ConfUtils.java:logGet(44)) - raft.server.leaderelection.leader.step-down.wait-time = 10s (default)
2021-11-30 10:07:49,745 [pool-55-thread-1] INFO  server.RaftServerConfigKeys (ConfUtils.java:logGet(44)) - raft.server.sleep.deviation.threshold = 300ms (default)
2021-11-30 10:07:49,745 [pool-55-thread-1] INFO  server.RaftServerConfigKeys (ConfUtils.java:logGet(44)) - raft.server.log.appender.install.snapshot.enabled = false (custom)
2021-11-30 10:07:49,745 [pool-55-thread-1] INFO  server.RaftServer$Division (ServerState.java:<init>(105)) - fc496f33-557f-4ba9-a352-3c0776838466@group-E114E9338692: ConfigurationManager, init=-1: [fc496f33-557f-4ba9-a352-3c0776838466|rpc:10.1.0.53:44781|dataStream:|priority:0, 4a8c6e6d-65e8-48ee-8359-0610b7f8095e|rpc:10.1.0.53:46879|dataStream:|priority:1, a369f656-5f1a-419f-8148-dd7161541bf1|rpc:10.1.0.53:34899|dataStream:|priority:0], old=null, confs=<EMPTY_MAP>
2021-11-30 10:07:49,745 [pool-55-thread-1] INFO  server.RaftServerConfigKeys (ConfUtils.java:logGet(44)) - raft.server.storage.dir = [/home/runner/work/ozone/ozone/hadoop-ozone/integration-test/target/test-dir/MiniOzoneClusterImpl-0e29ee7e-a070-46b0-aa8f-4a21e578e9b3/datanode-0/data/ratis] (custom)
2021-11-30 10:07:49,746 [pool-55-thread-1] INFO  server.RaftServerConfigKeys (ConfUtils.java:logGet(44)) - raft.server.log.corruption.policy = EXCEPTION (default)
2021-11-30 10:07:49,746 [pool-55-thread-1] INFO  server.RaftServerConfigKeys (ConfUtils.java:logGet(44)) - raft.server.storage.free-space.min = 0MB (=0) (default)
2021-11-30 10:07:49,746 [pool-55-thread-1] INFO  storage.RaftStorageDirectory (RaftStorageDirectoryImpl.java:analyzeStorage(135)) - The storage directory /home/runner/work/ozone/ozone/hadoop-ozone/integration-test/target/test-dir/MiniOzoneClusterImpl-0e29ee7e-a070-46b0-aa8f-4a21e578e9b3/datanode-0/data/ratis/a798c64c-2b0c-4b84-be7e-e114e9338692 does not exist. Creating ...
2021-11-30 10:07:49,751 [pool-55-thread-1] INFO  storage.RaftStorageDirectory (RaftStorageDirectoryImpl.java:tryLock(230)) - Lock on /home/runner/work/ozone/ozone/hadoop-ozone/integration-test/target/test-dir/MiniOzoneClusterImpl-0e29ee7e-a070-46b0-aa8f-4a21e578e9b3/datanode-0/data/ratis/a798c64c-2b0c-4b84-be7e-e114e9338692/in_use.lock acquired by nodename 12829@fv-az297-56
2021-11-30 10:07:49,754 [pool-55-thread-1] INFO  storage.RaftStorage (RaftStorageImpl.java:format(89)) - Storage directory /home/runner/work/ozone/ozone/hadoop-ozone/integration-test/target/test-dir/MiniOzoneClusterImpl-0e29ee7e-a070-46b0-aa8f-4a21e578e9b3/datanode-0/data/ratis/a798c64c-2b0c-4b84-be7e-e114e9338692 has been successfully formatted.
2021-11-30 10:07:49,754 [pool-55-thread-1] INFO  ratis.ContainerStateMachine (ContainerStateMachine.java:loadSnapshot(224)) - group-E114E9338692: The snapshot info is null. Setting the last applied indexto:(t:0, i:~)
2021-11-30 10:07:49,754 [pool-55-thread-1] INFO  server.RaftServerConfigKeys (ConfUtils.java:logGet(44)) - raft.server.notification.no-leader.timeout = 300000ms (custom)
2021-11-30 10:07:49,755 [pool-55-thread-1] INFO  server.RaftServerConfigKeys (ConfUtils.java:logGet(44)) - raft.server.log.use.memory = false (default)
2021-11-30 10:07:49,755 [pool-55-thread-1] INFO  server.RaftServerConfigKeys (ConfUtils.java:logGet(44)) - raft.server.log.purge.gap = 1000000 (custom)
2021-11-30 10:07:49,755 [pool-55-thread-1] INFO  server.RaftServerConfigKeys (ConfUtils.java:logGet(44)) - raft.server.log.appender.buffer.byte-limit = 33554432 (custom)
2021-11-30 10:07:49,755 [pool-55-thread-1] INFO  server.RaftServerConfigKeys (ConfUtils.java:logGet(44)) - raft.server.log.segment.size.max = 1048576 (custom)
2021-11-30 10:07:49,755 [pool-55-thread-1] INFO  server.RaftServerConfigKeys (ConfUtils.java:logGet(44)) - raft.server.log.segment.cache.num.max = 2 (custom)
2021-11-30 10:07:49,755 [pool-55-thread-1] INFO  server.RaftServerConfigKeys (ConfUtils.java:logGet(44)) - raft.server.log.segment.cache.size.max = 200MB (=209715200) (default)
2021-11-30 10:07:49,755 [pool-55-thread-1] INFO  segmented.SegmentedRaftLogWorker (SegmentedRaftLogWorker.java:<init>(182)) - new fc496f33-557f-4ba9-a352-3c0776838466@group-E114E9338692-SegmentedRaftLogWorker for RaftStorageImpl:Storage Directory /home/runner/work/ozone/ozone/hadoop-ozone/integration-test/target/test-dir/MiniOzoneClusterImpl-0e29ee7e-a070-46b0-aa8f-4a21e578e9b3/datanode-0/data/ratis/a798c64c-2b0c-4b84-be7e-e114e9338692
2021-11-30 10:07:49,755 [pool-55-thread-1] INFO  server.RaftServerConfigKeys (ConfUtils.java:logGet(44)) - raft.server.log.queue.byte-limit = 2147483647 (custom)
2021-11-30 10:07:49,755 [pool-55-thread-1] INFO  server.RaftServerConfigKeys (ConfUtils.java:logGet(44)) - raft.server.log.queue.element-limit = 1024 (custom)
2021-11-30 10:07:49,756 [pool-55-thread-1] INFO  server.RaftServerConfigKeys (ConfUtils.java:logGet(44)) - raft.server.log.segment.size.max = 1048576 (custom)
2021-11-30 10:07:49,756 [pool-55-thread-1] INFO  server.RaftServerConfigKeys (ConfUtils.java:logGet(44)) - raft.server.log.preallocated.size = 16384 (custom)
2021-11-30 10:07:49,756 [pool-55-thread-1] INFO  server.RaftServerConfigKeys (ConfUtils.java:logGet(44)) - raft.server.log.force.sync.num = 128 (default)
2021-11-30 10:07:49,756 [pool-55-thread-1] INFO  server.RaftServerConfigKeys (ConfUtils.java:logGet(44)) - raft.server.log.statemachine.data.sync = true (default)
2021-11-30 10:07:49,756 [pool-55-thread-1] INFO  server.RaftServerConfigKeys (ConfUtils.java:logGet(44)) - raft.server.log.statemachine.data.sync.timeout = 10s (default)
2021-11-30 10:07:49,756 [pool-55-thread-1] INFO  server.RaftServerConfigKeys (ConfUtils.java:logGet(44)) - raft.server.log.statemachine.data.sync.timeout.retry = -1 (default)
2021-11-30 10:07:49,759 [pool-55-thread-1] INFO  server.RaftServerConfigKeys (ConfUtils.java:logGet(44)) - raft.server.log.write.buffer.size = 1048576 (custom)
2021-11-30 10:07:49,759 [pool-55-thread-1] INFO  server.RaftServerConfigKeys (ConfUtils.java:logGet(44)) - raft.server.log.statemachine.data.caching.enabled = true (custom)
2021-11-30 10:07:49,760 [pool-55-thread-1] INFO  segmented.SegmentedRaftLogWorker (SegmentedRaftLogWorker.java:lambda$new$0(133)) - fc496f33-557f-4ba9-a352-3c0776838466@group-E114E9338692-SegmentedRaftLogWorker: flushIndex: setUnconditionally 0 -> -1
2021-11-30 10:07:49,760 [pool-55-thread-1] INFO  segmented.SegmentedRaftLogWorker (SegmentedRaftLogWorker.java:lambda$new$0(133)) - fc496f33-557f-4ba9-a352-3c0776838466@group-E114E9338692-SegmentedRaftLogWorker: safeCacheEvictIndex: setUnconditionally 0 -> -1
2021-11-30 10:07:49,761 [pool-55-thread-1] INFO  server.RaftServerConfigKeys (ConfUtils.java:logGet(44)) - raft.server.snapshot.auto.trigger.enabled = true (custom)
2021-11-30 10:07:49,761 [pool-55-thread-1] INFO  server.RaftServerConfigKeys (ConfUtils.java:logGet(44)) - raft.server.snapshot.auto.trigger.threshold = 10000 (custom)
2021-11-30 10:07:49,761 [pool-55-thread-1] INFO  server.RaftServerConfigKeys (ConfUtils.java:logGet(44)) - raft.server.snapshot.retention.file.num = 5 (custom)
2021-11-30 10:07:49,761 [pool-55-thread-1] INFO  server.RaftServerConfigKeys (ConfUtils.java:logGet(44)) - raft.server.log.purge.upto.snapshot.index = false (default)
2021-11-30 10:07:49,761 [pool-55-thread-1] INFO  server.RaftServerConfigKeys (ConfUtils.java:logGet(44)) - raft.server.retrycache.expirytime = 600000ms (custom)
2021-11-30 10:07:49,761 [pool-55-thread-1] INFO  server.RaftServerConfigKeys (ConfUtils.java:logGet(44)) - raft.server.retrycache.statistics.expirytime = 100μs (default)
2021-11-30 10:07:49,768 [pool-55-thread-1] INFO  server.RaftServer$Division (RaftServerImpl.java:start(301)) - fc496f33-557f-4ba9-a352-3c0776838466@group-E114E9338692: start as a follower, conf=-1: [fc496f33-557f-4ba9-a352-3c0776838466|rpc:10.1.0.53:44781|dataStream:|priority:0, 4a8c6e6d-65e8-48ee-8359-0610b7f8095e|rpc:10.1.0.53:46879|dataStream:|priority:1, a369f656-5f1a-419f-8148-dd7161541bf1|rpc:10.1.0.53:34899|dataStream:|priority:0], old=null
2021-11-30 10:07:49,769 [pool-55-thread-1] INFO  server.RaftServer$Division (RaftServerImpl.java:setRole(290)) - fc496f33-557f-4ba9-a352-3c0776838466@group-E114E9338692: changes role from      null to FOLLOWER at term 0 for startAsFollower
2021-11-30 10:07:49,769 [pool-55-thread-1] INFO  impl.RoleInfo (RoleInfo.java:updateAndGet(130)) - fc496f33-557f-4ba9-a352-3c0776838466: start fc496f33-557f-4ba9-a352-3c0776838466@group-E114E9338692-FollowerState
2021-11-30 10:07:49,773 [EventQueue-OpenPipelineForHealthyPipelineSafeModeRule] INFO  safemode.SCMSafeModeManager (HealthyPipelineSafeModeRule.java:process(124)) - SCM in safe mode. Healthy pipelines reported count is 0, required healthy pipeline reported count is 1
2021-11-30 10:07:49,776 [pool-55-thread-1] INFO  util.JmxRegister (JmxRegister.java:tryRegister(44)) - Successfully registered JMX Bean with object name Ratis:service=RaftServer,group=group-E114E9338692,id=fc496f33-557f-4ba9-a352-3c0776838466
2021-11-30 10:07:49,776 [Command processor thread] INFO  server.RaftServer (RaftServerProxy.java:addNew(95)) - f261d845-a31c-4557-bbf6-cf3b66338abe: addNew group-2A2248A72664:[f261d845-a31c-4557-bbf6-cf3b66338abe|rpc:10.1.0.53:34515|priority:1] returns group-2A2248A72664:java.util.concurrent.CompletableFuture@7893addb[Not completed]
2021-11-30 10:07:49,778 [pool-112-thread-1] INFO  server.RaftServer$Division (RaftServerImpl.java:<init>(184)) - f261d845-a31c-4557-bbf6-cf3b66338abe: new RaftServerImpl for group-2A2248A72664:[f261d845-a31c-4557-bbf6-cf3b66338abe|rpc:10.1.0.53:34515|priority:1] with ContainerStateMachine:uninitialized
2021-11-30 10:07:49,785 [pool-112-thread-1] INFO  server.RaftServerConfigKeys (ConfUtils.java:logGet(44)) - raft.server.rpc.timeout.min = 5s (custom)
2021-11-30 10:07:49,785 [pool-112-thread-1] INFO  server.RaftServerConfigKeys (ConfUtils.java:logGet(44)) - raft.server.rpc.timeout.max = 5200ms (custom)
2021-11-30 10:07:49,785 [pool-112-thread-1] INFO  server.RaftServerConfigKeys (ConfUtils.java:logGet(44)) - raft.server.rpc.sleep.time = 25ms (default)
2021-11-30 10:07:49,785 [pool-112-thread-1] INFO  server.RaftServerConfigKeys (ConfUtils.java:logGet(44)) - raft.server.rpc.slowness.timeout = 300000ms (custom)
2021-11-30 10:07:49,785 [pool-112-thread-1] INFO  server.RaftServerConfigKeys (ConfUtils.java:logGet(44)) - raft.server.leaderelection.leader.step-down.wait-time = 10s (default)
2021-11-30 10:07:49,785 [pool-112-thread-1] INFO  server.RaftServerConfigKeys (ConfUtils.java:logGet(44)) - raft.server.sleep.deviation.threshold = 300ms (default)
2021-11-30 10:07:49,786 [pool-112-thread-1] INFO  server.RaftServerConfigKeys (ConfUtils.java:logGet(44)) - raft.server.log.appender.install.snapshot.enabled = false (custom)
2021-11-30 10:07:49,786 [pool-112-thread-1] INFO  server.RaftServer$Division (ServerState.java:<init>(105)) - f261d845-a31c-4557-bbf6-cf3b66338abe@group-2A2248A72664: ConfigurationManager, init=-1: [f261d845-a31c-4557-bbf6-cf3b66338abe|rpc:10.1.0.53:34515|priority:1], old=null, confs=<EMPTY_MAP>
2021-11-30 10:07:49,786 [pool-112-thread-1] INFO  server.RaftServerConfigKeys (ConfUtils.java:logGet(44)) - raft.server.storage.dir = [/home/runner/work/ozone/ozone/hadoop-ozone/integration-test/target/test-dir/MiniOzoneClusterImpl-0e29ee7e-a070-46b0-aa8f-4a21e578e9b3/datanode-3/data/ratis] (custom)
2021-11-30 10:07:49,786 [pool-112-thread-1] INFO  server.RaftServerConfigKeys (ConfUtils.java:logGet(44)) - raft.server.log.corruption.policy = EXCEPTION (default)
2021-11-30 10:07:49,786 [pool-112-thread-1] INFO  server.RaftServerConfigKeys (ConfUtils.java:logGet(44)) - raft.server.storage.free-space.min = 0MB (=0) (default)
2021-11-30 10:07:49,786 [pool-112-thread-1] INFO  storage.RaftStorageDirectory (RaftStorageDirectoryImpl.java:analyzeStorage(135)) - The storage directory /home/runner/work/ozone/ozone/hadoop-ozone/integration-test/target/test-dir/MiniOzoneClusterImpl-0e29ee7e-a070-46b0-aa8f-4a21e578e9b3/datanode-3/data/ratis/7d4d46a9-5f25-4fb3-ab67-2a2248a72664 does not exist. Creating ...
2021-11-30 10:07:49,788 [pool-112-thread-1] INFO  storage.RaftStorageDirectory (RaftStorageDirectoryImpl.java:tryLock(230)) - Lock on /home/runner/work/ozone/ozone/hadoop-ozone/integration-test/target/test-dir/MiniOzoneClusterImpl-0e29ee7e-a070-46b0-aa8f-4a21e578e9b3/datanode-3/data/ratis/7d4d46a9-5f25-4fb3-ab67-2a2248a72664/in_use.lock acquired by nodename 12829@fv-az297-56
2021-11-30 10:07:49,793 [pool-112-thread-1] INFO  storage.RaftStorage (RaftStorageImpl.java:format(89)) - Storage directory /home/runner/work/ozone/ozone/hadoop-ozone/integration-test/target/test-dir/MiniOzoneClusterImpl-0e29ee7e-a070-46b0-aa8f-4a21e578e9b3/datanode-3/data/ratis/7d4d46a9-5f25-4fb3-ab67-2a2248a72664 has been successfully formatted.
2021-11-30 10:07:49,794 [pool-112-thread-1] INFO  ratis.ContainerStateMachine (ContainerStateMachine.java:loadSnapshot(224)) - group-2A2248A72664: The snapshot info is null. Setting the last applied indexto:(t:0, i:~)
2021-11-30 10:07:49,794 [pool-112-thread-1] INFO  server.RaftServerConfigKeys (ConfUtils.java:logGet(44)) - raft.server.notification.no-leader.timeout = 300000ms (custom)
2021-11-30 10:07:49,794 [pool-112-thread-1] INFO  server.RaftServerConfigKeys (ConfUtils.java:logGet(44)) - raft.server.log.use.memory = false (default)
2021-11-30 10:07:49,794 [pool-112-thread-1] INFO  server.RaftServerConfigKeys (ConfUtils.java:logGet(44)) - raft.server.log.purge.gap = 1000000 (custom)
2021-11-30 10:07:49,795 [pool-112-thread-1] INFO  server.RaftServerConfigKeys (ConfUtils.java:logGet(44)) - raft.server.log.appender.buffer.byte-limit = 33554432 (custom)
2021-11-30 10:07:49,795 [pool-112-thread-1] INFO  server.RaftServerConfigKeys (ConfUtils.java:logGet(44)) - raft.server.log.segment.size.max = 1048576 (custom)
2021-11-30 10:07:49,795 [pool-112-thread-1] INFO  server.RaftServerConfigKeys (ConfUtils.java:logGet(44)) - raft.server.log.segment.cache.num.max = 2 (custom)
2021-11-30 10:07:49,799 [EventQueue-PipelineReportForPipelineReportHandler] INFO  pipeline.PipelineManagerImpl (PipelineManagerImpl.java:openPipeline(289)) - Pipeline Pipeline[ Id: 7d4d46a9-5f25-4fb3-ab67-2a2248a72664, Nodes: f261d845-a31c-4557-bbf6-cf3b66338abe{ip: 10.1.0.53, host: fv-az297-56.nmf1rxwemy4u5di1sxxf4ejcwb.jx.internal.cloudapp.net, ports: [REPLICATION=42837, RATIS=34515, RATIS_ADMIN=34515, RATIS_SERVER=34515, STANDALONE=35037], networkLocation: /default-rack, certSerialId: null, persistedOpState: IN_SERVICE, persistedOpStateExpiryEpochSec: 0}, ReplicationConfig: RATIS/ONE, State:ALLOCATED, leaderId:f261d845-a31c-4557-bbf6-cf3b66338abe, CreationTimestamp2021-11-30T10:07:46.763Z[Etc/UTC]] moved to OPEN state
2021-11-30 10:07:49,799 [EventQueue-OpenPipelineForHealthyPipelineSafeModeRule] INFO  safemode.SCMSafeModeManager (HealthyPipelineSafeModeRule.java:process(124)) - SCM in safe mode. Healthy pipelines reported count is 0, required healthy pipeline reported count is 1
2021-11-30 10:07:49,799 [pool-112-thread-1] INFO  server.RaftServerConfigKeys (ConfUtils.java:logGet(44)) - raft.server.log.segment.cache.size.max = 200MB (=209715200) (default)
2021-11-30 10:07:49,801 [pool-112-thread-1] INFO  segmented.SegmentedRaftLogWorker (SegmentedRaftLogWorker.java:<init>(182)) - new f261d845-a31c-4557-bbf6-cf3b66338abe@group-2A2248A72664-SegmentedRaftLogWorker for RaftStorageImpl:Storage Directory /home/runner/work/ozone/ozone/hadoop-ozone/integration-test/target/test-dir/MiniOzoneClusterImpl-0e29ee7e-a070-46b0-aa8f-4a21e578e9b3/datanode-3/data/ratis/7d4d46a9-5f25-4fb3-ab67-2a2248a72664
2021-11-30 10:07:49,801 [pool-112-thread-1] INFO  server.RaftServerConfigKeys (ConfUtils.java:logGet(44)) - raft.server.log.queue.byte-limit = 2147483647 (custom)
2021-11-30 10:07:49,801 [pool-112-thread-1] INFO  server.RaftServerConfigKeys (ConfUtils.java:logGet(44)) - raft.server.log.queue.element-limit = 1024 (custom)
2021-11-30 10:07:49,801 [pool-112-thread-1] INFO  server.RaftServerConfigKeys (ConfUtils.java:logGet(44)) - raft.server.log.segment.size.max = 1048576 (custom)
2021-11-30 10:07:49,801 [pool-112-thread-1] INFO  server.RaftServerConfigKeys (ConfUtils.java:logGet(44)) - raft.server.log.preallocated.size = 16384 (custom)
2021-11-30 10:07:49,801 [pool-112-thread-1] INFO  server.RaftServerConfigKeys (ConfUtils.java:logGet(44)) - raft.server.log.force.sync.num = 128 (default)
2021-11-30 10:07:49,802 [pool-112-thread-1] INFO  server.RaftServerConfigKeys (ConfUtils.java:logGet(44)) - raft.server.log.statemachine.data.sync = true (default)
2021-11-30 10:07:49,802 [pool-112-thread-1] INFO  server.RaftServerConfigKeys (ConfUtils.java:logGet(44)) - raft.server.log.statemachine.data.sync.timeout = 10s (default)
2021-11-30 10:07:49,802 [pool-112-thread-1] INFO  server.RaftServerConfigKeys (ConfUtils.java:logGet(44)) - raft.server.log.statemachine.data.sync.timeout.retry = -1 (default)
2021-11-30 10:07:49,802 [pool-112-thread-1] INFO  server.RaftServerConfigKeys (ConfUtils.java:logGet(44)) - raft.server.log.write.buffer.size = 1048576 (custom)
2021-11-30 10:07:49,803 [pool-112-thread-1] INFO  server.RaftServerConfigKeys (ConfUtils.java:logGet(44)) - raft.server.log.statemachine.data.caching.enabled = true (custom)
2021-11-30 10:07:49,803 [pool-112-thread-1] INFO  segmented.SegmentedRaftLogWorker (SegmentedRaftLogWorker.java:lambda$new$0(133)) - f261d845-a31c-4557-bbf6-cf3b66338abe@group-2A2248A72664-SegmentedRaftLogWorker: flushIndex: setUnconditionally 0 -> -1
2021-11-30 10:07:49,803 [pool-112-thread-1] INFO  segmented.SegmentedRaftLogWorker (SegmentedRaftLogWorker.java:lambda$new$0(133)) - f261d845-a31c-4557-bbf6-cf3b66338abe@group-2A2248A72664-SegmentedRaftLogWorker: safeCacheEvictIndex: setUnconditionally 0 -> -1
2021-11-30 10:07:49,806 [pool-112-thread-1] INFO  server.RaftServerConfigKeys (ConfUtils.java:logGet(44)) - raft.server.snapshot.auto.trigger.enabled = true (custom)
2021-11-30 10:07:49,806 [pool-112-thread-1] INFO  server.RaftServerConfigKeys (ConfUtils.java:logGet(44)) - raft.server.snapshot.auto.trigger.threshold = 10000 (custom)
2021-11-30 10:07:49,814 [pool-112-thread-1] INFO  server.RaftServerConfigKeys (ConfUtils.java:logGet(44)) - raft.server.snapshot.retention.file.num = 5 (custom)
2021-11-30 10:07:49,814 [pool-112-thread-1] INFO  server.RaftServerConfigKeys (ConfUtils.java:logGet(44)) - raft.server.log.purge.upto.snapshot.index = false (default)
2021-11-30 10:07:49,814 [pool-112-thread-1] INFO  server.RaftServerConfigKeys (ConfUtils.java:logGet(44)) - raft.server.retrycache.expirytime = 600000ms (custom)
2021-11-30 10:07:49,814 [pool-112-thread-1] INFO  server.RaftServerConfigKeys (ConfUtils.java:logGet(44)) - raft.server.retrycache.statistics.expirytime = 100μs (default)
2021-11-30 10:07:49,815 [pool-112-thread-1] INFO  server.RaftServer$Division (RaftServerImpl.java:start(301)) - f261d845-a31c-4557-bbf6-cf3b66338abe@group-2A2248A72664: start as a follower, conf=-1: [f261d845-a31c-4557-bbf6-cf3b66338abe|rpc:10.1.0.53:34515|priority:1], old=null
2021-11-30 10:07:49,815 [pool-112-thread-1] INFO  server.RaftServer$Division (RaftServerImpl.java:setRole(290)) - f261d845-a31c-4557-bbf6-cf3b66338abe@group-2A2248A72664: changes role from      null to FOLLOWER at term 0 for startAsFollower
2021-11-30 10:07:49,815 [pool-112-thread-1] INFO  impl.RoleInfo (RoleInfo.java:updateAndGet(130)) - f261d845-a31c-4557-bbf6-cf3b66338abe: start f261d845-a31c-4557-bbf6-cf3b66338abe@group-2A2248A72664-FollowerState
2021-11-30 10:07:49,832 [Command processor thread] INFO  commandhandler.CreatePipelineCommandHandler (CreatePipelineCommandHandler.java:handle(106)) - Created Pipeline RATIS THREE PipelineID=eb8e675b-dbe2-4c1e-bbe8-d183e921640b.
2021-11-30 10:07:49,832 [Command processor thread] INFO  server.RaftServer (RaftServerProxy.java:addNew(95)) - 4a8c6e6d-65e8-48ee-8359-0610b7f8095e: addNew group-E114E9338692:[fc496f33-557f-4ba9-a352-3c0776838466|rpc:10.1.0.53:44781|priority:0, 4a8c6e6d-65e8-48ee-8359-0610b7f8095e|rpc:10.1.0.53:46879|priority:1, a369f656-5f1a-419f-8148-dd7161541bf1|rpc:10.1.0.53:34899|priority:0] returns group-E114E9338692:java.util.concurrent.CompletableFuture@605c1663[Not completed]
2021-11-30 10:07:49,833 [pool-112-thread-1] INFO  util.JmxRegister (JmxRegister.java:tryRegister(44)) - Successfully registered JMX Bean with object name Ratis:service=RaftServer,group=group-2A2248A72664,id=f261d845-a31c-4557-bbf6-cf3b66338abe
2021-11-30 10:07:49,834 [pool-74-thread-1] INFO  server.RaftServer$Division (RaftServerImpl.java:<init>(184)) - 4a8c6e6d-65e8-48ee-8359-0610b7f8095e: new RaftServerImpl for group-E114E9338692:[fc496f33-557f-4ba9-a352-3c0776838466|rpc:10.1.0.53:44781|priority:0, 4a8c6e6d-65e8-48ee-8359-0610b7f8095e|rpc:10.1.0.53:46879|priority:1, a369f656-5f1a-419f-8148-dd7161541bf1|rpc:10.1.0.53:34899|priority:0] with ContainerStateMachine:uninitialized
2021-11-30 10:07:49,834 [pool-74-thread-1] INFO  server.RaftServerConfigKeys (ConfUtils.java:logGet(44)) - raft.server.rpc.timeout.min = 5s (custom)
2021-11-30 10:07:49,834 [pool-74-thread-1] INFO  server.RaftServerConfigKeys (ConfUtils.java:logGet(44)) - raft.server.rpc.timeout.max = 5200ms (custom)
2021-11-30 10:07:49,834 [pool-74-thread-1] INFO  server.RaftServerConfigKeys (ConfUtils.java:logGet(44)) - raft.server.rpc.sleep.time = 25ms (default)
2021-11-30 10:07:49,834 [pool-74-thread-1] INFO  server.RaftServerConfigKeys (ConfUtils.java:logGet(44)) - raft.server.rpc.slowness.timeout = 300000ms (custom)
2021-11-30 10:07:49,834 [pool-74-thread-1] INFO  server.RaftServerConfigKeys (ConfUtils.java:logGet(44)) - raft.server.leaderelection.leader.step-down.wait-time = 10s (default)
2021-11-30 10:07:49,834 [pool-74-thread-1] INFO  server.RaftServerConfigKeys (ConfUtils.java:logGet(44)) - raft.server.sleep.deviation.threshold = 300ms (default)
2021-11-30 10:07:49,834 [pool-74-thread-1] INFO  server.RaftServerConfigKeys (ConfUtils.java:logGet(44)) - raft.server.log.appender.install.snapshot.enabled = false (custom)
2021-11-30 10:07:49,834 [pool-74-thread-1] INFO  server.RaftServer$Division (ServerState.java:<init>(105)) - 4a8c6e6d-65e8-48ee-8359-0610b7f8095e@group-E114E9338692: ConfigurationManager, init=-1: [fc496f33-557f-4ba9-a352-3c0776838466|rpc:10.1.0.53:44781|priority:0, 4a8c6e6d-65e8-48ee-8359-0610b7f8095e|rpc:10.1.0.53:46879|priority:1, a369f656-5f1a-419f-8148-dd7161541bf1|rpc:10.1.0.53:34899|priority:0], old=null, confs=<EMPTY_MAP>
2021-11-30 10:07:49,834 [pool-74-thread-1] INFO  server.RaftServerConfigKeys (ConfUtils.java:logGet(44)) - raft.server.storage.dir = [/home/runner/work/ozone/ozone/hadoop-ozone/integration-test/target/test-dir/MiniOzoneClusterImpl-0e29ee7e-a070-46b0-aa8f-4a21e578e9b3/datanode-1/data/ratis] (custom)
2021-11-30 10:07:49,834 [pool-74-thread-1] INFO  server.RaftServerConfigKeys (ConfUtils.java:logGet(44)) - raft.server.log.corruption.policy = EXCEPTION (default)
2021-11-30 10:07:49,834 [pool-74-thread-1] INFO  server.RaftServerConfigKeys (ConfUtils.java:logGet(44)) - raft.server.storage.free-space.min = 0MB (=0) (default)
2021-11-30 10:07:49,834 [pool-74-thread-1] INFO  storage.RaftStorageDirectory (RaftStorageDirectoryImpl.java:analyzeStorage(135)) - The storage directory /home/runner/work/ozone/ozone/hadoop-ozone/integration-test/target/test-dir/MiniOzoneClusterImpl-0e29ee7e-a070-46b0-aa8f-4a21e578e9b3/datanode-1/data/ratis/a798c64c-2b0c-4b84-be7e-e114e9338692 does not exist. Creating ...
2021-11-30 10:07:49,836 [pool-74-thread-1] INFO  storage.RaftStorageDirectory (RaftStorageDirectoryImpl.java:tryLock(230)) - Lock on /home/runner/work/ozone/ozone/hadoop-ozone/integration-test/target/test-dir/MiniOzoneClusterImpl-0e29ee7e-a070-46b0-aa8f-4a21e578e9b3/datanode-1/data/ratis/a798c64c-2b0c-4b84-be7e-e114e9338692/in_use.lock acquired by nodename 12829@fv-az297-56
2021-11-30 10:07:49,837 [pool-74-thread-1] INFO  storage.RaftStorage (RaftStorageImpl.java:format(89)) - Storage directory /home/runner/work/ozone/ozone/hadoop-ozone/integration-test/target/test-dir/MiniOzoneClusterImpl-0e29ee7e-a070-46b0-aa8f-4a21e578e9b3/datanode-1/data/ratis/a798c64c-2b0c-4b84-be7e-e114e9338692 has been successfully formatted.
2021-11-30 10:07:49,840 [pool-74-thread-1] INFO  ratis.ContainerStateMachine (ContainerStateMachine.java:loadSnapshot(224)) - group-E114E9338692: The snapshot info is null. Setting the last applied indexto:(t:0, i:~)
2021-11-30 10:07:49,840 [pool-74-thread-1] INFO  server.RaftServerConfigKeys (ConfUtils.java:logGet(44)) - raft.server.notification.no-leader.timeout = 300000ms (custom)
2021-11-30 10:07:49,840 [pool-74-thread-1] INFO  server.RaftServerConfigKeys (ConfUtils.java:logGet(44)) - raft.server.log.use.memory = false (default)
2021-11-30 10:07:49,840 [pool-74-thread-1] INFO  server.RaftServerConfigKeys (ConfUtils.java:logGet(44)) - raft.server.log.purge.gap = 1000000 (custom)
2021-11-30 10:07:49,840 [pool-74-thread-1] INFO  server.RaftServerConfigKeys (ConfUtils.java:logGet(44)) - raft.server.log.appender.buffer.byte-limit = 33554432 (custom)
2021-11-30 10:07:49,840 [Command processor thread] INFO  ratis.XceiverServerRatis (XceiverServerRatis.java:addGroup(768)) - Created group PipelineID=7d4d46a9-5f25-4fb3-ab67-2a2248a72664
2021-11-30 10:07:49,841 [Command processor thread] INFO  commandhandler.CreatePipelineCommandHandler (CreatePipelineCommandHandler.java:handle(106)) - Created Pipeline RATIS ONE PipelineID=7d4d46a9-5f25-4fb3-ab67-2a2248a72664.
2021-11-30 10:07:49,841 [Command processor thread] INFO  server.RaftServer (RaftServerProxy.java:addNew(95)) - f261d845-a31c-4557-bbf6-cf3b66338abe: addNew group-D1C7A318DF2B:[594a5f90-d5fa-4b06-ac33-1af263ebc166|rpc:10.1.0.53:39275|priority:0, f261d845-a31c-4557-bbf6-cf3b66338abe|rpc:10.1.0.53:34515|priority:0, 9100756b-960e-45b3-aeba-6353ed9ea095|rpc:10.1.0.53:41205|priority:1] returns group-D1C7A318DF2B:java.util.concurrent.CompletableFuture@7cac3611[Not completed]
2021-11-30 10:07:49,842 [pool-112-thread-1] INFO  server.RaftServer$Division (RaftServerImpl.java:<init>(184)) - f261d845-a31c-4557-bbf6-cf3b66338abe: new RaftServerImpl for group-D1C7A318DF2B:[594a5f90-d5fa-4b06-ac33-1af263ebc166|rpc:10.1.0.53:39275|priority:0, f261d845-a31c-4557-bbf6-cf3b66338abe|rpc:10.1.0.53:34515|priority:0, 9100756b-960e-45b3-aeba-6353ed9ea095|rpc:10.1.0.53:41205|priority:1] with ContainerStateMachine:uninitialized
2021-11-30 10:07:49,842 [pool-112-thread-1] INFO  server.RaftServerConfigKeys (ConfUtils.java:logGet(44)) - raft.server.rpc.timeout.min = 5s (custom)
2021-11-30 10:07:49,842 [pool-112-thread-1] INFO  server.RaftServerConfigKeys (ConfUtils.java:logGet(44)) - raft.server.rpc.timeout.max = 5200ms (custom)
2021-11-30 10:07:49,843 [pool-112-thread-1] INFO  server.RaftServerConfigKeys (ConfUtils.java:logGet(44)) - raft.server.rpc.sleep.time = 25ms (default)
2021-11-30 10:07:49,843 [pool-112-thread-1] INFO  server.RaftServerConfigKeys (ConfUtils.java:logGet(44)) - raft.server.rpc.slowness.timeout = 300000ms (custom)
2021-11-30 10:07:49,843 [pool-112-thread-1] INFO  server.RaftServerConfigKeys (ConfUtils.java:logGet(44)) - raft.server.leaderelection.leader.step-down.wait-time = 10s (default)
2021-11-30 10:07:49,843 [pool-112-thread-1] INFO  server.RaftServerConfigKeys (ConfUtils.java:logGet(44)) - raft.server.sleep.deviation.threshold = 300ms (default)
2021-11-30 10:07:49,843 [pool-112-thread-1] INFO  server.RaftServerConfigKeys (ConfUtils.java:logGet(44)) - raft.server.log.appender.install.snapshot.enabled = false (custom)
2021-11-30 10:07:49,843 [pool-112-thread-1] INFO  server.RaftServer$Division (ServerState.java:<init>(105)) - f261d845-a31c-4557-bbf6-cf3b66338abe@group-D1C7A318DF2B: ConfigurationManager, init=-1: [594a5f90-d5fa-4b06-ac33-1af263ebc166|rpc:10.1.0.53:39275|priority:0, f261d845-a31c-4557-bbf6-cf3b66338abe|rpc:10.1.0.53:34515|priority:0, 9100756b-960e-45b3-aeba-6353ed9ea095|rpc:10.1.0.53:41205|priority:1], old=null, confs=<EMPTY_MAP>
2021-11-30 10:07:49,843 [pool-112-thread-1] INFO  server.RaftServerConfigKeys (ConfUtils.java:logGet(44)) - raft.server.storage.dir = [/home/runner/work/ozone/ozone/hadoop-ozone/integration-test/target/test-dir/MiniOzoneClusterImpl-0e29ee7e-a070-46b0-aa8f-4a21e578e9b3/datanode-3/data/ratis] (custom)
2021-11-30 10:07:49,843 [pool-112-thread-1] INFO  server.RaftServerConfigKeys (ConfUtils.java:logGet(44)) - raft.server.log.corruption.policy = EXCEPTION (default)
2021-11-30 10:07:49,843 [pool-112-thread-1] INFO  server.RaftServerConfigKeys (ConfUtils.java:logGet(44)) - raft.server.storage.free-space.min = 0MB (=0) (default)
2021-11-30 10:07:49,843 [pool-112-thread-1] INFO  storage.RaftStorageDirectory (RaftStorageDirectoryImpl.java:analyzeStorage(135)) - The storage directory /home/runner/work/ozone/ozone/hadoop-ozone/integration-test/target/test-dir/MiniOzoneClusterImpl-0e29ee7e-a070-46b0-aa8f-4a21e578e9b3/datanode-3/data/ratis/8c4c6b63-eaa5-43cf-a829-d1c7a318df2b does not exist. Creating ...
2021-11-30 10:07:49,844 [EventQueue-OpenPipelineForHealthyPipelineSafeModeRule] INFO  safemode.SCMSafeModeManager (HealthyPipelineSafeModeRule.java:process(124)) - SCM in safe mode. Healthy pipelines reported count is 0, required healthy pipeline reported count is 1
2021-11-30 10:07:49,844 [pool-74-thread-1] INFO  server.RaftServerConfigKeys (ConfUtils.java:logGet(44)) - raft.server.log.segment.size.max = 1048576 (custom)
2021-11-30 10:07:49,845 [pool-112-thread-1] INFO  storage.RaftStorageDirectory (RaftStorageDirectoryImpl.java:tryLock(230)) - Lock on /home/runner/work/ozone/ozone/hadoop-ozone/integration-test/target/test-dir/MiniOzoneClusterImpl-0e29ee7e-a070-46b0-aa8f-4a21e578e9b3/datanode-3/data/ratis/8c4c6b63-eaa5-43cf-a829-d1c7a318df2b/in_use.lock acquired by nodename 12829@fv-az297-56
2021-11-30 10:07:49,845 [pool-74-thread-1] INFO  server.RaftServerConfigKeys (ConfUtils.java:logGet(44)) - raft.server.log.segment.cache.num.max = 2 (custom)
2021-11-30 10:07:49,845 [pool-74-thread-1] INFO  server.RaftServerConfigKeys (ConfUtils.java:logGet(44)) - raft.server.log.segment.cache.size.max = 200MB (=209715200) (default)
2021-11-30 10:07:49,845 [pool-74-thread-1] INFO  segmented.SegmentedRaftLogWorker (SegmentedRaftLogWorker.java:<init>(182)) - new 4a8c6e6d-65e8-48ee-8359-0610b7f8095e@group-E114E9338692-SegmentedRaftLogWorker for RaftStorageImpl:Storage Directory /home/runner/work/ozone/ozone/hadoop-ozone/integration-test/target/test-dir/MiniOzoneClusterImpl-0e29ee7e-a070-46b0-aa8f-4a21e578e9b3/datanode-1/data/ratis/a798c64c-2b0c-4b84-be7e-e114e9338692
2021-11-30 10:07:49,845 [pool-74-thread-1] INFO  server.RaftServerConfigKeys (ConfUtils.java:logGet(44)) - raft.server.log.queue.byte-limit = 2147483647 (custom)
2021-11-30 10:07:49,845 [pool-74-thread-1] INFO  server.RaftServerConfigKeys (ConfUtils.java:logGet(44)) - raft.server.log.queue.element-limit = 1024 (custom)
2021-11-30 10:07:49,845 [pool-74-thread-1] INFO  server.RaftServerConfigKeys (ConfUtils.java:logGet(44)) - raft.server.log.segment.size.max = 1048576 (custom)
2021-11-30 10:07:49,845 [pool-74-thread-1] INFO  server.RaftServerConfigKeys (ConfUtils.java:logGet(44)) - raft.server.log.preallocated.size = 16384 (custom)
2021-11-30 10:07:49,845 [pool-74-thread-1] INFO  server.RaftServerConfigKeys (ConfUtils.java:logGet(44)) - raft.server.log.force.sync.num = 128 (default)
2021-11-30 10:07:49,845 [pool-74-thread-1] INFO  server.RaftServerConfigKeys (ConfUtils.java:logGet(44)) - raft.server.log.statemachine.data.sync = true (default)
2021-11-30 10:07:49,846 [pool-74-thread-1] INFO  server.RaftServerConfigKeys (ConfUtils.java:logGet(44)) - raft.server.log.statemachine.data.sync.timeout = 10s (default)
2021-11-30 10:07:49,846 [pool-74-thread-1] INFO  server.RaftServerConfigKeys (ConfUtils.java:logGet(44)) - raft.server.log.statemachine.data.sync.timeout.retry = -1 (default)
2021-11-30 10:07:49,846 [pool-112-thread-1] INFO  storage.RaftStorage (RaftStorageImpl.java:format(89)) - Storage directory /home/runner/work/ozone/ozone/hadoop-ozone/integration-test/target/test-dir/MiniOzoneClusterImpl-0e29ee7e-a070-46b0-aa8f-4a21e578e9b3/datanode-3/data/ratis/8c4c6b63-eaa5-43cf-a829-d1c7a318df2b has been successfully formatted.
2021-11-30 10:07:49,846 [pool-112-thread-1] INFO  ratis.ContainerStateMachine (ContainerStateMachine.java:loadSnapshot(224)) - group-D1C7A318DF2B: The snapshot info is null. Setting the last applied indexto:(t:0, i:~)
2021-11-30 10:07:49,848 [EventQueue-OpenPipelineForHealthyPipelineSafeModeRule] INFO  safemode.SCMSafeModeManager (HealthyPipelineSafeModeRule.java:process(124)) - SCM in safe mode. Healthy pipelines reported count is 0, required healthy pipeline reported count is 1
2021-11-30 10:07:49,848 [pool-74-thread-1] INFO  server.RaftServerConfigKeys (ConfUtils.java:logGet(44)) - raft.server.log.write.buffer.size = 1048576 (custom)
2021-11-30 10:07:49,848 [pool-112-thread-1] INFO  server.RaftServerConfigKeys (ConfUtils.java:logGet(44)) - raft.server.notification.no-leader.timeout = 300000ms (custom)
2021-11-30 10:07:49,849 [pool-112-thread-1] INFO  server.RaftServerConfigKeys (ConfUtils.java:logGet(44)) - raft.server.log.use.memory = false (default)
2021-11-30 10:07:49,849 [pool-112-thread-1] INFO  server.RaftServerConfigKeys (ConfUtils.java:logGet(44)) - raft.server.log.purge.gap = 1000000 (custom)
2021-11-30 10:07:49,849 [pool-112-thread-1] INFO  server.RaftServerConfigKeys (ConfUtils.java:logGet(44)) - raft.server.log.appender.buffer.byte-limit = 33554432 (custom)
2021-11-30 10:07:49,856 [pool-112-thread-1] INFO  server.RaftServerConfigKeys (ConfUtils.java:logGet(44)) - raft.server.log.segment.size.max = 1048576 (custom)
2021-11-30 10:07:49,851 [pool-74-thread-1] INFO  server.RaftServerConfigKeys (ConfUtils.java:logGet(44)) - raft.server.log.statemachine.data.caching.enabled = true (custom)
2021-11-30 10:07:49,856 [pool-112-thread-1] INFO  server.RaftServerConfigKeys (ConfUtils.java:logGet(44)) - raft.server.log.segment.cache.num.max = 2 (custom)
2021-11-30 10:07:49,856 [pool-112-thread-1] INFO  server.RaftServerConfigKeys (ConfUtils.java:logGet(44)) - raft.server.log.segment.cache.size.max = 200MB (=209715200) (default)
2021-11-30 10:07:49,856 [pool-74-thread-1] INFO  segmented.SegmentedRaftLogWorker (SegmentedRaftLogWorker.java:lambda$new$0(133)) - 4a8c6e6d-65e8-48ee-8359-0610b7f8095e@group-E114E9338692-SegmentedRaftLogWorker: flushIndex: setUnconditionally 0 -> -1
2021-11-30 10:07:49,858 [pool-74-thread-1] INFO  segmented.SegmentedRaftLogWorker (SegmentedRaftLogWorker.java:lambda$new$0(133)) - 4a8c6e6d-65e8-48ee-8359-0610b7f8095e@group-E114E9338692-SegmentedRaftLogWorker: safeCacheEvictIndex: setUnconditionally 0 -> -1
2021-11-30 10:07:49,859 [pool-112-thread-1] INFO  segmented.SegmentedRaftLogWorker (SegmentedRaftLogWorker.java:<init>(182)) - new f261d845-a31c-4557-bbf6-cf3b66338abe@group-D1C7A318DF2B-SegmentedRaftLogWorker for RaftStorageImpl:Storage Directory /home/runner/work/ozone/ozone/hadoop-ozone/integration-test/target/test-dir/MiniOzoneClusterImpl-0e29ee7e-a070-46b0-aa8f-4a21e578e9b3/datanode-3/data/ratis/8c4c6b63-eaa5-43cf-a829-d1c7a318df2b
2021-11-30 10:07:49,860 [pool-112-thread-1] INFO  server.RaftServerConfigKeys (ConfUtils.java:logGet(44)) - raft.server.log.queue.byte-limit = 2147483647 (custom)
2021-11-30 10:07:49,860 [pool-112-thread-1] INFO  server.RaftServerConfigKeys (ConfUtils.java:logGet(44)) - raft.server.log.queue.element-limit = 1024 (custom)
2021-11-30 10:07:49,860 [pool-112-thread-1] INFO  server.RaftServerConfigKeys (ConfUtils.java:logGet(44)) - raft.server.log.segment.size.max = 1048576 (custom)
2021-11-30 10:07:49,860 [pool-74-thread-1] INFO  server.RaftServerConfigKeys (ConfUtils.java:logGet(44)) - raft.server.snapshot.auto.trigger.enabled = true (custom)
2021-11-30 10:07:49,860 [pool-112-thread-1] INFO  server.RaftServerConfigKeys (ConfUtils.java:logGet(44)) - raft.server.log.preallocated.size = 16384 (custom)
2021-11-30 10:07:49,862 [pool-112-thread-1] INFO  server.RaftServerConfigKeys (ConfUtils.java:logGet(44)) - raft.server.log.force.sync.num = 128 (default)
2021-11-30 10:07:49,862 [pool-112-thread-1] INFO  server.RaftServerConfigKeys (ConfUtils.java:logGet(44)) - raft.server.log.statemachine.data.sync = true (default)
2021-11-30 10:07:49,862 [pool-112-thread-1] INFO  server.RaftServerConfigKeys (ConfUtils.java:logGet(44)) - raft.server.log.statemachine.data.sync.timeout = 10s (default)
2021-11-30 10:07:49,862 [pool-112-thread-1] INFO  server.RaftServerConfigKeys (ConfUtils.java:logGet(44)) - raft.server.log.statemachine.data.sync.timeout.retry = -1 (default)
2021-11-30 10:07:49,863 [pool-112-thread-1] INFO  server.RaftServerConfigKeys (ConfUtils.java:logGet(44)) - raft.server.log.write.buffer.size = 1048576 (custom)
2021-11-30 10:07:49,863 [pool-112-thread-1] INFO  server.RaftServerConfigKeys (ConfUtils.java:logGet(44)) - raft.server.log.statemachine.data.caching.enabled = true (custom)
2021-11-30 10:07:49,863 [pool-112-thread-1] INFO  segmented.SegmentedRaftLogWorker (SegmentedRaftLogWorker.java:lambda$new$0(133)) - f261d845-a31c-4557-bbf6-cf3b66338abe@group-D1C7A318DF2B-SegmentedRaftLogWorker: flushIndex: setUnconditionally 0 -> -1
2021-11-30 10:07:49,863 [pool-112-thread-1] INFO  segmented.SegmentedRaftLogWorker (SegmentedRaftLogWorker.java:lambda$new$0(133)) - f261d845-a31c-4557-bbf6-cf3b66338abe@group-D1C7A318DF2B-SegmentedRaftLogWorker: safeCacheEvictIndex: setUnconditionally 0 -> -1
2021-11-30 10:07:49,860 [pool-74-thread-1] INFO  server.RaftServerConfigKeys (ConfUtils.java:logGet(44)) - raft.server.snapshot.auto.trigger.threshold = 10000 (custom)
2021-11-30 10:07:49,863 [pool-74-thread-1] INFO  server.RaftServerConfigKeys (ConfUtils.java:logGet(44)) - raft.server.snapshot.retention.file.num = 5 (custom)
2021-11-30 10:07:49,863 [pool-74-thread-1] INFO  server.RaftServerConfigKeys (ConfUtils.java:logGet(44)) - raft.server.log.purge.upto.snapshot.index = false (default)
2021-11-30 10:07:49,872 [pool-112-thread-1] INFO  server.RaftServerConfigKeys (ConfUtils.java:logGet(44)) - raft.server.snapshot.auto.trigger.enabled = true (custom)
2021-11-30 10:07:49,872 [pool-112-thread-1] INFO  server.RaftServerConfigKeys (ConfUtils.java:logGet(44)) - raft.server.snapshot.auto.trigger.threshold = 10000 (custom)
2021-11-30 10:07:49,872 [pool-112-thread-1] INFO  server.RaftServerConfigKeys (ConfUtils.java:logGet(44)) - raft.server.snapshot.retention.file.num = 5 (custom)
2021-11-30 10:07:49,872 [pool-112-thread-1] INFO  server.RaftServerConfigKeys (ConfUtils.java:logGet(44)) - raft.server.log.purge.upto.snapshot.index = false (default)
2021-11-30 10:07:49,872 [pool-112-thread-1] INFO  server.RaftServerConfigKeys (ConfUtils.java:logGet(44)) - raft.server.retrycache.expirytime = 600000ms (custom)
2021-11-30 10:07:49,872 [pool-112-thread-1] INFO  server.RaftServerConfigKeys (ConfUtils.java:logGet(44)) - raft.server.retrycache.statistics.expirytime = 100μs (default)
2021-11-30 10:07:49,873 [pool-112-thread-1] INFO  server.RaftServer$Division (RaftServerImpl.java:start(301)) - f261d845-a31c-4557-bbf6-cf3b66338abe@group-D1C7A318DF2B: start as a follower, conf=-1: [594a5f90-d5fa-4b06-ac33-1af263ebc166|rpc:10.1.0.53:39275|priority:0, f261d845-a31c-4557-bbf6-cf3b66338abe|rpc:10.1.0.53:34515|priority:0, 9100756b-960e-45b3-aeba-6353ed9ea095|rpc:10.1.0.53:41205|priority:1], old=null
2021-11-30 10:07:49,873 [pool-112-thread-1] INFO  server.RaftServer$Division (RaftServerImpl.java:setRole(290)) - f261d845-a31c-4557-bbf6-cf3b66338abe@group-D1C7A318DF2B: changes role from      null to FOLLOWER at term 0 for startAsFollower
2021-11-30 10:07:49,874 [pool-112-thread-1] INFO  impl.RoleInfo (RoleInfo.java:updateAndGet(130)) - f261d845-a31c-4557-bbf6-cf3b66338abe: start f261d845-a31c-4557-bbf6-cf3b66338abe@group-D1C7A318DF2B-FollowerState
2021-11-30 10:07:49,877 [pool-74-thread-1] INFO  server.RaftServerConfigKeys (ConfUtils.java:logGet(44)) - raft.server.retrycache.expirytime = 600000ms (custom)
2021-11-30 10:07:49,877 [pool-74-thread-1] INFO  server.RaftServerConfigKeys (ConfUtils.java:logGet(44)) - raft.server.retrycache.statistics.expirytime = 100μs (default)
2021-11-30 10:07:49,878 [pool-112-thread-1] INFO  util.JmxRegister (JmxRegister.java:tryRegister(44)) - Successfully registered JMX Bean with object name Ratis:service=RaftServer,group=group-D1C7A318DF2B,id=f261d845-a31c-4557-bbf6-cf3b66338abe
2021-11-30 10:07:49,883 [pool-74-thread-1] INFO  server.RaftServer$Division (RaftServerImpl.java:start(301)) - 4a8c6e6d-65e8-48ee-8359-0610b7f8095e@group-E114E9338692: start as a follower, conf=-1: [fc496f33-557f-4ba9-a352-3c0776838466|rpc:10.1.0.53:44781|priority:0, 4a8c6e6d-65e8-48ee-8359-0610b7f8095e|rpc:10.1.0.53:46879|priority:1, a369f656-5f1a-419f-8148-dd7161541bf1|rpc:10.1.0.53:34899|priority:0], old=null
2021-11-30 10:07:49,883 [pool-74-thread-1] INFO  server.RaftServer$Division (RaftServerImpl.java:setRole(290)) - 4a8c6e6d-65e8-48ee-8359-0610b7f8095e@group-E114E9338692: changes role from      null to FOLLOWER at term 0 for startAsFollower
2021-11-30 10:07:49,888 [pool-74-thread-1] INFO  impl.RoleInfo (RoleInfo.java:updateAndGet(130)) - 4a8c6e6d-65e8-48ee-8359-0610b7f8095e: start 4a8c6e6d-65e8-48ee-8359-0610b7f8095e@group-E114E9338692-FollowerState
2021-11-30 10:07:49,898 [Command processor thread] INFO  ratis.XceiverServerRatis (XceiverServerRatis.java:addGroup(768)) - Created group PipelineID=8c4c6b63-eaa5-43cf-a829-d1c7a318df2b
2021-11-30 10:07:49,903 [Command processor thread] INFO  commandhandler.CreatePipelineCommandHandler (CreatePipelineCommandHandler.java:handle(106)) - Created Pipeline RATIS THREE PipelineID=eb8e675b-dbe2-4c1e-bbe8-d183e921640b.
2021-11-30 10:07:49,903 [pool-74-thread-1] INFO  util.JmxRegister (JmxRegister.java:tryRegister(44)) - Successfully registered JMX Bean with object name Ratis:service=RaftServer,group=group-E114E9338692,id=4a8c6e6d-65e8-48ee-8359-0610b7f8095e
2021-11-30 10:07:49,908 [Command processor thread] INFO  ratis.XceiverServerRatis (XceiverServerRatis.java:addGroup(768)) - Created group PipelineID=a798c64c-2b0c-4b84-be7e-e114e9338692
2021-11-30 10:07:49,913 [Command processor thread] INFO  commandhandler.CreatePipelineCommandHandler (CreatePipelineCommandHandler.java:handle(106)) - Created Pipeline RATIS THREE PipelineID=a798c64c-2b0c-4b84-be7e-e114e9338692.
2021-11-30 10:07:49,924 [grpc-default-executor-1] INFO  server.RaftServer (RaftServerProxy.java:addNew(95)) - 9100756b-960e-45b3-aeba-6353ed9ea095: addNew group-D1C7A318DF2B:[594a5f90-d5fa-4b06-ac33-1af263ebc166|rpc:10.1.0.53:39275|dataStream:|priority:0, f261d845-a31c-4557-bbf6-cf3b66338abe|rpc:10.1.0.53:34515|dataStream:|priority:0, 9100756b-960e-45b3-aeba-6353ed9ea095|rpc:10.1.0.53:41205|dataStream:|priority:1] returns group-D1C7A318DF2B:java.util.concurrent.CompletableFuture@74e76de0[Not completed]
2021-11-30 10:07:49,933 [pool-150-thread-1] INFO  server.RaftServer$Division (RaftServerImpl.java:<init>(184)) - 9100756b-960e-45b3-aeba-6353ed9ea095: new RaftServerImpl for group-D1C7A318DF2B:[594a5f90-d5fa-4b06-ac33-1af263ebc166|rpc:10.1.0.53:39275|dataStream:|priority:0, f261d845-a31c-4557-bbf6-cf3b66338abe|rpc:10.1.0.53:34515|dataStream:|priority:0, 9100756b-960e-45b3-aeba-6353ed9ea095|rpc:10.1.0.53:41205|dataStream:|priority:1] with ContainerStateMachine:uninitialized
2021-11-30 10:07:49,933 [pool-150-thread-1] INFO  server.RaftServerConfigKeys (ConfUtils.java:logGet(44)) - raft.server.rpc.timeout.min = 5s (custom)
2021-11-30 10:07:49,933 [pool-150-thread-1] INFO  server.RaftServerConfigKeys (ConfUtils.java:logGet(44)) - raft.server.rpc.timeout.max = 5200ms (custom)
2021-11-30 10:07:49,933 [pool-150-thread-1] INFO  server.RaftServerConfigKeys (ConfUtils.java:logGet(44)) - raft.server.rpc.sleep.time = 25ms (default)
2021-11-30 10:07:49,933 [pool-150-thread-1] INFO  server.RaftServerConfigKeys (ConfUtils.java:logGet(44)) - raft.server.rpc.slowness.timeout = 300000ms (custom)
2021-11-30 10:07:49,933 [pool-150-thread-1] INFO  server.RaftServerConfigKeys (ConfUtils.java:logGet(44)) - raft.server.leaderelection.leader.step-down.wait-time = 10s (default)
2021-11-30 10:07:49,933 [pool-150-thread-1] INFO  server.RaftServerConfigKeys (ConfUtils.java:logGet(44)) - raft.server.sleep.deviation.threshold = 300ms (default)
2021-11-30 10:07:49,933 [pool-150-thread-1] INFO  server.RaftServerConfigKeys (ConfUtils.java:logGet(44)) - raft.server.log.appender.install.snapshot.enabled = false (custom)
2021-11-30 10:07:49,933 [pool-150-thread-1] INFO  server.RaftServer$Division (ServerState.java:<init>(105)) - 9100756b-960e-45b3-aeba-6353ed9ea095@group-D1C7A318DF2B: ConfigurationManager, init=-1: [594a5f90-d5fa-4b06-ac33-1af263ebc166|rpc:10.1.0.53:39275|dataStream:|priority:0, f261d845-a31c-4557-bbf6-cf3b66338abe|rpc:10.1.0.53:34515|dataStream:|priority:0, 9100756b-960e-45b3-aeba-6353ed9ea095|rpc:10.1.0.53:41205|dataStream:|priority:1], old=null, confs=<EMPTY_MAP>
2021-11-30 10:07:49,934 [pool-150-thread-1] INFO  server.RaftServerConfigKeys (ConfUtils.java:logGet(44)) - raft.server.storage.dir = [/home/runner/work/ozone/ozone/hadoop-ozone/integration-test/target/test-dir/MiniOzoneClusterImpl-0e29ee7e-a070-46b0-aa8f-4a21e578e9b3/datanode-5/data/ratis] (custom)
2021-11-30 10:07:49,934 [pool-150-thread-1] INFO  server.RaftServerConfigKeys (ConfUtils.java:logGet(44)) - raft.server.log.corruption.policy = EXCEPTION (default)
2021-11-30 10:07:49,934 [pool-150-thread-1] INFO  server.RaftServerConfigKeys (ConfUtils.java:logGet(44)) - raft.server.storage.free-space.min = 0MB (=0) (default)
2021-11-30 10:07:49,934 [pool-150-thread-1] INFO  storage.RaftStorageDirectory (RaftStorageDirectoryImpl.java:analyzeStorage(135)) - The storage directory /home/runner/work/ozone/ozone/hadoop-ozone/integration-test/target/test-dir/MiniOzoneClusterImpl-0e29ee7e-a070-46b0-aa8f-4a21e578e9b3/datanode-5/data/ratis/8c4c6b63-eaa5-43cf-a829-d1c7a318df2b does not exist. Creating ...
2021-11-30 10:07:49,935 [pool-150-thread-1] INFO  storage.RaftStorageDirectory (RaftStorageDirectoryImpl.java:tryLock(230)) - Lock on /home/runner/work/ozone/ozone/hadoop-ozone/integration-test/target/test-dir/MiniOzoneClusterImpl-0e29ee7e-a070-46b0-aa8f-4a21e578e9b3/datanode-5/data/ratis/8c4c6b63-eaa5-43cf-a829-d1c7a318df2b/in_use.lock acquired by nodename 12829@fv-az297-56
2021-11-30 10:07:49,936 [pool-150-thread-1] INFO  storage.RaftStorage (RaftStorageImpl.java:format(89)) - Storage directory /home/runner/work/ozone/ozone/hadoop-ozone/integration-test/target/test-dir/MiniOzoneClusterImpl-0e29ee7e-a070-46b0-aa8f-4a21e578e9b3/datanode-5/data/ratis/8c4c6b63-eaa5-43cf-a829-d1c7a318df2b has been successfully formatted.
2021-11-30 10:07:49,937 [pool-150-thread-1] INFO  ratis.ContainerStateMachine (ContainerStateMachine.java:loadSnapshot(224)) - group-D1C7A318DF2B: The snapshot info is null. Setting the last applied indexto:(t:0, i:~)
2021-11-30 10:07:49,941 [pool-150-thread-1] INFO  server.RaftServerConfigKeys (ConfUtils.java:logGet(44)) - raft.server.notification.no-leader.timeout = 300000ms (custom)
2021-11-30 10:07:49,942 [pool-150-thread-1] INFO  server.RaftServerConfigKeys (ConfUtils.java:logGet(44)) - raft.server.log.use.memory = false (default)
2021-11-30 10:07:49,942 [pool-150-thread-1] INFO  server.RaftServerConfigKeys (ConfUtils.java:logGet(44)) - raft.server.log.purge.gap = 1000000 (custom)
2021-11-30 10:07:49,942 [pool-150-thread-1] INFO  server.RaftServerConfigKeys (ConfUtils.java:logGet(44)) - raft.server.log.appender.buffer.byte-limit = 33554432 (custom)
2021-11-30 10:07:49,942 [pool-150-thread-1] INFO  server.RaftServerConfigKeys (ConfUtils.java:logGet(44)) - raft.server.log.segment.size.max = 1048576 (custom)
2021-11-30 10:07:49,944 [pool-150-thread-1] INFO  server.RaftServerConfigKeys (ConfUtils.java:logGet(44)) - raft.server.log.segment.cache.num.max = 2 (custom)
2021-11-30 10:07:49,948 [pool-150-thread-1] INFO  server.RaftServerConfigKeys (ConfUtils.java:logGet(44)) - raft.server.log.segment.cache.size.max = 200MB (=209715200) (default)
2021-11-30 10:07:49,948 [pool-150-thread-1] INFO  segmented.SegmentedRaftLogWorker (SegmentedRaftLogWorker.java:<init>(182)) - new 9100756b-960e-45b3-aeba-6353ed9ea095@group-D1C7A318DF2B-SegmentedRaftLogWorker for RaftStorageImpl:Storage Directory /home/runner/work/ozone/ozone/hadoop-ozone/integration-test/target/test-dir/MiniOzoneClusterImpl-0e29ee7e-a070-46b0-aa8f-4a21e578e9b3/datanode-5/data/ratis/8c4c6b63-eaa5-43cf-a829-d1c7a318df2b
2021-11-30 10:07:49,948 [pool-150-thread-1] INFO  server.RaftServerConfigKeys (ConfUtils.java:logGet(44)) - raft.server.log.queue.byte-limit = 2147483647 (custom)
2021-11-30 10:07:49,948 [pool-150-thread-1] INFO  server.RaftServerConfigKeys (ConfUtils.java:logGet(44)) - raft.server.log.queue.element-limit = 1024 (custom)
2021-11-30 10:07:49,948 [pool-150-thread-1] INFO  server.RaftServerConfigKeys (ConfUtils.java:logGet(44)) - raft.server.log.segment.size.max = 1048576 (custom)
2021-11-30 10:07:49,948 [pool-150-thread-1] INFO  server.RaftServerConfigKeys (ConfUtils.java:logGet(44)) - raft.server.log.preallocated.size = 16384 (custom)
2021-11-30 10:07:49,948 [pool-150-thread-1] INFO  server.RaftServerConfigKeys (ConfUtils.java:logGet(44)) - raft.server.log.force.sync.num = 128 (default)
2021-11-30 10:07:49,949 [pool-150-thread-1] INFO  server.RaftServerConfigKeys (ConfUtils.java:logGet(44)) - raft.server.log.statemachine.data.sync = true (default)
2021-11-30 10:07:49,949 [pool-150-thread-1] INFO  server.RaftServerConfigKeys (ConfUtils.java:logGet(44)) - raft.server.log.statemachine.data.sync.timeout = 10s (default)
2021-11-30 10:07:49,950 [pool-150-thread-1] INFO  server.RaftServerConfigKeys (ConfUtils.java:logGet(44)) - raft.server.log.statemachine.data.sync.timeout.retry = -1 (default)
2021-11-30 10:07:49,955 [pool-150-thread-1] INFO  server.RaftServerConfigKeys (ConfUtils.java:logGet(44)) - raft.server.log.write.buffer.size = 1048576 (custom)
2021-11-30 10:07:49,960 [pool-150-thread-1] INFO  server.RaftServerConfigKeys (ConfUtils.java:logGet(44)) - raft.server.log.statemachine.data.caching.enabled = true (custom)
2021-11-30 10:07:49,960 [pool-150-thread-1] INFO  segmented.SegmentedRaftLogWorker (SegmentedRaftLogWorker.java:lambda$new$0(133)) - 9100756b-960e-45b3-aeba-6353ed9ea095@group-D1C7A318DF2B-SegmentedRaftLogWorker: flushIndex: setUnconditionally 0 -> -1
2021-11-30 10:07:49,960 [pool-150-thread-1] INFO  segmented.SegmentedRaftLogWorker (SegmentedRaftLogWorker.java:lambda$new$0(133)) - 9100756b-960e-45b3-aeba-6353ed9ea095@group-D1C7A318DF2B-SegmentedRaftLogWorker: safeCacheEvictIndex: setUnconditionally 0 -> -1
2021-11-30 10:07:49,960 [pool-150-thread-1] INFO  server.RaftServerConfigKeys (ConfUtils.java:logGet(44)) - raft.server.snapshot.auto.trigger.enabled = true (custom)
2021-11-30 10:07:49,960 [pool-150-thread-1] INFO  server.RaftServerConfigKeys (ConfUtils.java:logGet(44)) - raft.server.snapshot.auto.trigger.threshold = 10000 (custom)
2021-11-30 10:07:49,960 [pool-150-thread-1] INFO  server.RaftServerConfigKeys (ConfUtils.java:logGet(44)) - raft.server.snapshot.retention.file.num = 5 (custom)
2021-11-30 10:07:49,960 [pool-150-thread-1] INFO  server.RaftServerConfigKeys (ConfUtils.java:logGet(44)) - raft.server.log.purge.upto.snapshot.index = false (default)
2021-11-30 10:07:49,960 [pool-150-thread-1] INFO  server.RaftServerConfigKeys (ConfUtils.java:logGet(44)) - raft.server.retrycache.expirytime = 600000ms (custom)
2021-11-30 10:07:49,960 [pool-150-thread-1] INFO  server.RaftServerConfigKeys (ConfUtils.java:logGet(44)) - raft.server.retrycache.statistics.expirytime = 100μs (default)
2021-11-30 10:07:49,964 [Command processor thread] INFO  server.RaftServer (RaftServerProxy.java:addNew(95)) - 594a5f90-d5fa-4b06-ac33-1af263ebc166: addNew group-A835347B52D5:[594a5f90-d5fa-4b06-ac33-1af263ebc166|rpc:10.1.0.53:39275|priority:1] returns group-A835347B52D5:java.util.concurrent.CompletableFuture@1176d514[Not completed]
2021-11-30 10:07:49,965 [pool-150-thread-1] INFO  server.RaftServer$Division (RaftServerImpl.java:start(301)) - 9100756b-960e-45b3-aeba-6353ed9ea095@group-D1C7A318DF2B: start as a follower, conf=-1: [594a5f90-d5fa-4b06-ac33-1af263ebc166|rpc:10.1.0.53:39275|dataStream:|priority:0, f261d845-a31c-4557-bbf6-cf3b66338abe|rpc:10.1.0.53:34515|dataStream:|priority:0, 9100756b-960e-45b3-aeba-6353ed9ea095|rpc:10.1.0.53:41205|dataStream:|priority:1], old=null
2021-11-30 10:07:49,965 [pool-150-thread-1] INFO  server.RaftServer$Division (RaftServerImpl.java:setRole(290)) - 9100756b-960e-45b3-aeba-6353ed9ea095@group-D1C7A318DF2B: changes role from      null to FOLLOWER at term 0 for startAsFollower
2021-11-30 10:07:49,965 [pool-150-thread-1] INFO  impl.RoleInfo (RoleInfo.java:updateAndGet(130)) - 9100756b-960e-45b3-aeba-6353ed9ea095: start 9100756b-960e-45b3-aeba-6353ed9ea095@group-D1C7A318DF2B-FollowerState
2021-11-30 10:07:49,965 [pool-150-thread-1] INFO  util.JmxRegister (JmxRegister.java:tryRegister(44)) - Successfully registered JMX Bean with object name Ratis:service=RaftServer,group=group-D1C7A318DF2B,id=9100756b-960e-45b3-aeba-6353ed9ea095
2021-11-30 10:07:49,982 [pool-131-thread-1] INFO  server.RaftServer$Division (RaftServerImpl.java:<init>(184)) - 594a5f90-d5fa-4b06-ac33-1af263ebc166: new RaftServerImpl for group-A835347B52D5:[594a5f90-d5fa-4b06-ac33-1af263ebc166|rpc:10.1.0.53:39275|priority:1] with ContainerStateMachine:uninitialized
2021-11-30 10:07:49,982 [pool-131-thread-1] INFO  server.RaftServerConfigKeys (ConfUtils.java:logGet(44)) - raft.server.rpc.timeout.min = 5s (custom)
2021-11-30 10:07:49,982 [pool-131-thread-1] INFO  server.RaftServerConfigKeys (ConfUtils.java:logGet(44)) - raft.server.rpc.timeout.max = 5200ms (custom)
2021-11-30 10:07:49,982 [pool-131-thread-1] INFO  server.RaftServerConfigKeys (ConfUtils.java:logGet(44)) - raft.server.rpc.sleep.time = 25ms (default)
2021-11-30 10:07:49,984 [pool-131-thread-1] INFO  server.RaftServerConfigKeys (ConfUtils.java:logGet(44)) - raft.server.rpc.slowness.timeout = 300000ms (custom)
2021-11-30 10:07:49,984 [pool-131-thread-1] INFO  server.RaftServerConfigKeys (ConfUtils.java:logGet(44)) - raft.server.leaderelection.leader.step-down.wait-time = 10s (default)
2021-11-30 10:07:49,984 [pool-131-thread-1] INFO  server.RaftServerConfigKeys (ConfUtils.java:logGet(44)) - raft.server.sleep.deviation.threshold = 300ms (default)
2021-11-30 10:07:49,984 [pool-131-thread-1] INFO  server.RaftServerConfigKeys (ConfUtils.java:logGet(44)) - raft.server.log.appender.install.snapshot.enabled = false (custom)
2021-11-30 10:07:49,984 [pool-131-thread-1] INFO  server.RaftServer$Division (ServerState.java:<init>(105)) - 594a5f90-d5fa-4b06-ac33-1af263ebc166@group-A835347B52D5: ConfigurationManager, init=-1: [594a5f90-d5fa-4b06-ac33-1af263ebc166|rpc:10.1.0.53:39275|priority:1], old=null, confs=<EMPTY_MAP>
2021-11-30 10:07:49,984 [pool-131-thread-1] INFO  server.RaftServerConfigKeys (ConfUtils.java:logGet(44)) - raft.server.storage.dir = [/home/runner/work/ozone/ozone/hadoop-ozone/integration-test/target/test-dir/MiniOzoneClusterImpl-0e29ee7e-a070-46b0-aa8f-4a21e578e9b3/datanode-4/data/ratis] (custom)
2021-11-30 10:07:49,984 [pool-131-thread-1] INFO  server.RaftServerConfigKeys (ConfUtils.java:logGet(44)) - raft.server.log.corruption.policy = EXCEPTION (default)
2021-11-30 10:07:49,984 [pool-131-thread-1] INFO  server.RaftServerConfigKeys (ConfUtils.java:logGet(44)) - raft.server.storage.free-space.min = 0MB (=0) (default)
2021-11-30 10:07:49,984 [pool-131-thread-1] INFO  storage.RaftStorageDirectory (RaftStorageDirectoryImpl.java:analyzeStorage(135)) - The storage directory /home/runner/work/ozone/ozone/hadoop-ozone/integration-test/target/test-dir/MiniOzoneClusterImpl-0e29ee7e-a070-46b0-aa8f-4a21e578e9b3/datanode-4/data/ratis/d15c9091-5f0c-45e6-aafa-a835347b52d5 does not exist. Creating ...
2021-11-30 10:07:49,985 [pool-131-thread-1] INFO  storage.RaftStorageDirectory (RaftStorageDirectoryImpl.java:tryLock(230)) - Lock on /home/runner/work/ozone/ozone/hadoop-ozone/integration-test/target/test-dir/MiniOzoneClusterImpl-0e29ee7e-a070-46b0-aa8f-4a21e578e9b3/datanode-4/data/ratis/d15c9091-5f0c-45e6-aafa-a835347b52d5/in_use.lock acquired by nodename 12829@fv-az297-56
2021-11-30 10:07:49,987 [pool-131-thread-1] INFO  storage.RaftStorage (RaftStorageImpl.java:format(89)) - Storage directory /home/runner/work/ozone/ozone/hadoop-ozone/integration-test/target/test-dir/MiniOzoneClusterImpl-0e29ee7e-a070-46b0-aa8f-4a21e578e9b3/datanode-4/data/ratis/d15c9091-5f0c-45e6-aafa-a835347b52d5 has been successfully formatted.
2021-11-30 10:07:49,989 [pool-131-thread-1] INFO  ratis.ContainerStateMachine (ContainerStateMachine.java:loadSnapshot(224)) - group-A835347B52D5: The snapshot info is null. Setting the last applied indexto:(t:0, i:~)
2021-11-30 10:07:49,989 [pool-131-thread-1] INFO  server.RaftServerConfigKeys (ConfUtils.java:logGet(44)) - raft.server.notification.no-leader.timeout = 300000ms (custom)
2021-11-30 10:07:49,989 [pool-131-thread-1] INFO  server.RaftServerConfigKeys (ConfUtils.java:logGet(44)) - raft.server.log.use.memory = false (default)
2021-11-30 10:07:49,990 [pool-131-thread-1] INFO  server.RaftServerConfigKeys (ConfUtils.java:logGet(44)) - raft.server.log.purge.gap = 1000000 (custom)
2021-11-30 10:07:49,990 [pool-131-thread-1] INFO  server.RaftServerConfigKeys (ConfUtils.java:logGet(44)) - raft.server.log.appender.buffer.byte-limit = 33554432 (custom)
2021-11-30 10:07:49,990 [pool-131-thread-1] INFO  server.RaftServerConfigKeys (ConfUtils.java:logGet(44)) - raft.server.log.segment.size.max = 1048576 (custom)
2021-11-30 10:07:49,990 [pool-131-thread-1] INFO  server.RaftServerConfigKeys (ConfUtils.java:logGet(44)) - raft.server.log.segment.cache.num.max = 2 (custom)
2021-11-30 10:07:49,990 [pool-131-thread-1] INFO  server.RaftServerConfigKeys (ConfUtils.java:logGet(44)) - raft.server.log.segment.cache.size.max = 200MB (=209715200) (default)
2021-11-30 10:07:49,990 [pool-131-thread-1] INFO  segmented.SegmentedRaftLogWorker (SegmentedRaftLogWorker.java:<init>(182)) - new 594a5f90-d5fa-4b06-ac33-1af263ebc166@group-A835347B52D5-SegmentedRaftLogWorker for RaftStorageImpl:Storage Directory /home/runner/work/ozone/ozone/hadoop-ozone/integration-test/target/test-dir/MiniOzoneClusterImpl-0e29ee7e-a070-46b0-aa8f-4a21e578e9b3/datanode-4/data/ratis/d15c9091-5f0c-45e6-aafa-a835347b52d5
2021-11-30 10:07:49,990 [pool-131-thread-1] INFO  server.RaftServerConfigKeys (ConfUtils.java:logGet(44)) - raft.server.log.queue.byte-limit = 2147483647 (custom)
2021-11-30 10:07:49,990 [pool-131-thread-1] INFO  server.RaftServerConfigKeys (ConfUtils.java:logGet(44)) - raft.server.log.queue.element-limit = 1024 (custom)
2021-11-30 10:07:49,990 [pool-131-thread-1] INFO  server.RaftServerConfigKeys (ConfUtils.java:logGet(44)) - raft.server.log.segment.size.max = 1048576 (custom)
2021-11-30 10:07:49,990 [pool-131-thread-1] INFO  server.RaftServerConfigKeys (ConfUtils.java:logGet(44)) - raft.server.log.preallocated.size = 16384 (custom)
2021-11-30 10:07:49,990 [pool-131-thread-1] INFO  server.RaftServerConfigKeys (ConfUtils.java:logGet(44)) - raft.server.log.force.sync.num = 128 (default)
2021-11-30 10:07:49,990 [pool-131-thread-1] INFO  server.RaftServerConfigKeys (ConfUtils.java:logGet(44)) - raft.server.log.statemachine.data.sync = true (default)
2021-11-30 10:07:49,990 [pool-131-thread-1] INFO  server.RaftServerConfigKeys (ConfUtils.java:logGet(44)) - raft.server.log.statemachine.data.sync.timeout = 10s (default)
2021-11-30 10:07:49,990 [pool-131-thread-1] INFO  server.RaftServerConfigKeys (ConfUtils.java:logGet(44)) - raft.server.log.statemachine.data.sync.timeout.retry = -1 (default)
2021-11-30 10:07:49,991 [pool-131-thread-1] INFO  server.RaftServerConfigKeys (ConfUtils.java:logGet(44)) - raft.server.log.write.buffer.size = 1048576 (custom)
2021-11-30 10:07:49,992 [EventQueue-PipelineReportForPipelineReportHandler] INFO  pipeline.PipelineManagerImpl (PipelineManagerImpl.java:openPipeline(289)) - Pipeline Pipeline[ Id: d15c9091-5f0c-45e6-aafa-a835347b52d5, Nodes: 594a5f90-d5fa-4b06-ac33-1af263ebc166{ip: 10.1.0.53, host: fv-az297-56.nmf1rxwemy4u5di1sxxf4ejcwb.jx.internal.cloudapp.net, ports: [REPLICATION=39225, RATIS=39275, RATIS_ADMIN=39275, RATIS_SERVER=39275, STANDALONE=45399], networkLocation: /default-rack, certSerialId: null, persistedOpState: IN_SERVICE, persistedOpStateExpiryEpochSec: 0}, ReplicationConfig: RATIS/ONE, State:ALLOCATED, leaderId:594a5f90-d5fa-4b06-ac33-1af263ebc166, CreationTimestamp2021-11-30T10:07:46.965Z[Etc/UTC]] moved to OPEN state
2021-11-30 10:07:49,992 [EventQueue-OpenPipelineForHealthyPipelineSafeModeRule] INFO  safemode.SCMSafeModeManager (HealthyPipelineSafeModeRule.java:process(124)) - SCM in safe mode. Healthy pipelines reported count is 0, required healthy pipeline reported count is 1
2021-11-30 10:07:49,995 [Command processor thread] INFO  commandhandler.CreatePipelineCommandHandler (CreatePipelineCommandHandler.java:handle(106)) - Created Pipeline RATIS THREE PipelineID=a798c64c-2b0c-4b84-be7e-e114e9338692.
2021-11-30 10:07:49,996 [pool-131-thread-1] INFO  server.RaftServerConfigKeys (ConfUtils.java:logGet(44)) - raft.server.log.statemachine.data.caching.enabled = true (custom)
2021-11-30 10:07:49,996 [pool-131-thread-1] INFO  segmented.SegmentedRaftLogWorker (SegmentedRaftLogWorker.java:lambda$new$0(133)) - 594a5f90-d5fa-4b06-ac33-1af263ebc166@group-A835347B52D5-SegmentedRaftLogWorker: flushIndex: setUnconditionally 0 -> -1
2021-11-30 10:07:49,997 [pool-131-thread-1] INFO  segmented.SegmentedRaftLogWorker (SegmentedRaftLogWorker.java:lambda$new$0(133)) - 594a5f90-d5fa-4b06-ac33-1af263ebc166@group-A835347B52D5-SegmentedRaftLogWorker: safeCacheEvictIndex: setUnconditionally 0 -> -1
2021-11-30 10:07:49,997 [pool-131-thread-1] INFO  server.RaftServerConfigKeys (ConfUtils.java:logGet(44)) - raft.server.snapshot.auto.trigger.enabled = true (custom)
2021-11-30 10:07:49,997 [pool-131-thread-1] INFO  server.RaftServerConfigKeys (ConfUtils.java:logGet(44)) - raft.server.snapshot.auto.trigger.threshold = 10000 (custom)
2021-11-30 10:07:49,997 [pool-131-thread-1] INFO  server.RaftServerConfigKeys (ConfUtils.java:logGet(44)) - raft.server.snapshot.retention.file.num = 5 (custom)
2021-11-30 10:07:49,997 [pool-131-thread-1] INFO  server.RaftServerConfigKeys (ConfUtils.java:logGet(44)) - raft.server.log.purge.upto.snapshot.index = false (default)
2021-11-30 10:07:49,997 [pool-131-thread-1] INFO  server.RaftServerConfigKeys (ConfUtils.java:logGet(44)) - raft.server.retrycache.expirytime = 600000ms (custom)
2021-11-30 10:07:50,001 [pool-131-thread-1] INFO  server.RaftServerConfigKeys (ConfUtils.java:logGet(44)) - raft.server.retrycache.statistics.expirytime = 100μs (default)
2021-11-30 10:07:50,001 [grpc-default-executor-1] INFO  server.RaftServer (RaftServerProxy.java:addNew(95)) - 594a5f90-d5fa-4b06-ac33-1af263ebc166: addNew group-D1C7A318DF2B:[594a5f90-d5fa-4b06-ac33-1af263ebc166|rpc:10.1.0.53:39275|dataStream:|priority:0, f261d845-a31c-4557-bbf6-cf3b66338abe|rpc:10.1.0.53:34515|dataStream:|priority:0, 9100756b-960e-45b3-aeba-6353ed9ea095|rpc:10.1.0.53:41205|dataStream:|priority:1] returns group-D1C7A318DF2B:java.util.concurrent.CompletableFuture@603b8851[Not completed]
2021-11-30 10:07:50,003 [pool-131-thread-1] INFO  server.RaftServer$Division (RaftServerImpl.java:<init>(184)) - 594a5f90-d5fa-4b06-ac33-1af263ebc166: new RaftServerImpl for group-D1C7A318DF2B:[594a5f90-d5fa-4b06-ac33-1af263ebc166|rpc:10.1.0.53:39275|dataStream:|priority:0, f261d845-a31c-4557-bbf6-cf3b66338abe|rpc:10.1.0.53:34515|dataStream:|priority:0, 9100756b-960e-45b3-aeba-6353ed9ea095|rpc:10.1.0.53:41205|dataStream:|priority:1] with ContainerStateMachine:uninitialized
2021-11-30 10:07:50,003 [pool-131-thread-1] INFO  server.RaftServerConfigKeys (ConfUtils.java:logGet(44)) - raft.server.rpc.timeout.min = 5s (custom)
2021-11-30 10:07:50,003 [pool-131-thread-1] INFO  server.RaftServerConfigKeys (ConfUtils.java:logGet(44)) - raft.server.rpc.timeout.max = 5200ms (custom)
2021-11-30 10:07:50,003 [pool-131-thread-1] INFO  server.RaftServerConfigKeys (ConfUtils.java:logGet(44)) - raft.server.rpc.sleep.time = 25ms (default)
2021-11-30 10:07:50,003 [pool-131-thread-1] INFO  server.RaftServerConfigKeys (ConfUtils.java:logGet(44)) - raft.server.rpc.slowness.timeout = 300000ms (custom)
2021-11-30 10:07:50,004 [pool-131-thread-1] INFO  server.RaftServerConfigKeys (ConfUtils.java:logGet(44)) - raft.server.leaderelection.leader.step-down.wait-time = 10s (default)
2021-11-30 10:07:50,004 [pool-131-thread-1] INFO  server.RaftServerConfigKeys (ConfUtils.java:logGet(44)) - raft.server.sleep.deviation.threshold = 300ms (default)
2021-11-30 10:07:50,004 [pool-131-thread-1] INFO  server.RaftServerConfigKeys (ConfUtils.java:logGet(44)) - raft.server.log.appender.install.snapshot.enabled = false (custom)
2021-11-30 10:07:50,004 [pool-131-thread-1] INFO  server.RaftServer$Division (ServerState.java:<init>(105)) - 594a5f90-d5fa-4b06-ac33-1af263ebc166@group-D1C7A318DF2B: ConfigurationManager, init=-1: [594a5f90-d5fa-4b06-ac33-1af263ebc166|rpc:10.1.0.53:39275|dataStream:|priority:0, f261d845-a31c-4557-bbf6-cf3b66338abe|rpc:10.1.0.53:34515|dataStream:|priority:0, 9100756b-960e-45b3-aeba-6353ed9ea095|rpc:10.1.0.53:41205|dataStream:|priority:1], old=null, confs=<EMPTY_MAP>
2021-11-30 10:07:50,004 [pool-131-thread-1] INFO  server.RaftServerConfigKeys (ConfUtils.java:logGet(44)) - raft.server.storage.dir = [/home/runner/work/ozone/ozone/hadoop-ozone/integration-test/target/test-dir/MiniOzoneClusterImpl-0e29ee7e-a070-46b0-aa8f-4a21e578e9b3/datanode-4/data/ratis] (custom)
2021-11-30 10:07:50,004 [pool-131-thread-1] INFO  server.RaftServerConfigKeys (ConfUtils.java:logGet(44)) - raft.server.log.corruption.policy = EXCEPTION (default)
2021-11-30 10:07:50,004 [pool-131-thread-1] INFO  server.RaftServerConfigKeys (ConfUtils.java:logGet(44)) - raft.server.storage.free-space.min = 0MB (=0) (default)
2021-11-30 10:07:50,004 [pool-131-thread-1] INFO  storage.RaftStorageDirectory (RaftStorageDirectoryImpl.java:analyzeStorage(135)) - The storage directory /home/runner/work/ozone/ozone/hadoop-ozone/integration-test/target/test-dir/MiniOzoneClusterImpl-0e29ee7e-a070-46b0-aa8f-4a21e578e9b3/datanode-4/data/ratis/8c4c6b63-eaa5-43cf-a829-d1c7a318df2b does not exist. Creating ...
2021-11-30 10:07:50,005 [pool-131-thread-1] INFO  storage.RaftStorageDirectory (RaftStorageDirectoryImpl.java:tryLock(230)) - Lock on /home/runner/work/ozone/ozone/hadoop-ozone/integration-test/target/test-dir/MiniOzoneClusterImpl-0e29ee7e-a070-46b0-aa8f-4a21e578e9b3/datanode-4/data/ratis/8c4c6b63-eaa5-43cf-a829-d1c7a318df2b/in_use.lock acquired by nodename 12829@fv-az297-56
2021-11-30 10:07:50,006 [pool-131-thread-1] INFO  storage.RaftStorage (RaftStorageImpl.java:format(89)) - Storage directory /home/runner/work/ozone/ozone/hadoop-ozone/integration-test/target/test-dir/MiniOzoneClusterImpl-0e29ee7e-a070-46b0-aa8f-4a21e578e9b3/datanode-4/data/ratis/8c4c6b63-eaa5-43cf-a829-d1c7a318df2b has been successfully formatted.
2021-11-30 10:07:50,007 [pool-131-thread-1] INFO  ratis.ContainerStateMachine (ContainerStateMachine.java:loadSnapshot(224)) - group-D1C7A318DF2B: The snapshot info is null. Setting the last applied indexto:(t:0, i:~)
2021-11-30 10:07:50,007 [pool-131-thread-1] INFO  server.RaftServerConfigKeys (ConfUtils.java:logGet(44)) - raft.server.notification.no-leader.timeout = 300000ms (custom)
2021-11-30 10:07:50,007 [pool-131-thread-1] INFO  server.RaftServerConfigKeys (ConfUtils.java:logGet(44)) - raft.server.log.use.memory = false (default)
2021-11-30 10:07:50,007 [pool-131-thread-1] INFO  server.RaftServerConfigKeys (ConfUtils.java:logGet(44)) - raft.server.log.purge.gap = 1000000 (custom)
2021-11-30 10:07:50,007 [pool-131-thread-1] INFO  server.RaftServerConfigKeys (ConfUtils.java:logGet(44)) - raft.server.log.appender.buffer.byte-limit = 33554432 (custom)
2021-11-30 10:07:50,007 [pool-131-thread-1] INFO  server.RaftServerConfigKeys (ConfUtils.java:logGet(44)) - raft.server.log.segment.size.max = 1048576 (custom)
2021-11-30 10:07:50,009 [EventQueue-OpenPipelineForHealthyPipelineSafeModeRule] INFO  safemode.SCMSafeModeManager (HealthyPipelineSafeModeRule.java:process(124)) - SCM in safe mode. Healthy pipelines reported count is 0, required healthy pipeline reported count is 1
2021-11-30 10:07:50,009 [pool-131-thread-1] INFO  server.RaftServerConfigKeys (ConfUtils.java:logGet(44)) - raft.server.log.segment.cache.num.max = 2 (custom)
2021-11-30 10:07:50,009 [pool-131-thread-1] INFO  server.RaftServerConfigKeys (ConfUtils.java:logGet(44)) - raft.server.log.segment.cache.size.max = 200MB (=209715200) (default)
2021-11-30 10:07:50,009 [pool-131-thread-1] INFO  segmented.SegmentedRaftLogWorker (SegmentedRaftLogWorker.java:<init>(182)) - new 594a5f90-d5fa-4b06-ac33-1af263ebc166@group-D1C7A318DF2B-SegmentedRaftLogWorker for RaftStorageImpl:Storage Directory /home/runner/work/ozone/ozone/hadoop-ozone/integration-test/target/test-dir/MiniOzoneClusterImpl-0e29ee7e-a070-46b0-aa8f-4a21e578e9b3/datanode-4/data/ratis/8c4c6b63-eaa5-43cf-a829-d1c7a318df2b
2021-11-30 10:07:50,009 [pool-131-thread-1] INFO  server.RaftServerConfigKeys (ConfUtils.java:logGet(44)) - raft.server.log.queue.byte-limit = 2147483647 (custom)
2021-11-30 10:07:50,009 [pool-131-thread-1] INFO  server.RaftServerConfigKeys (ConfUtils.java:logGet(44)) - raft.server.log.queue.element-limit = 1024 (custom)
2021-11-30 10:07:50,009 [pool-131-thread-1] INFO  server.RaftServerConfigKeys (ConfUtils.java:logGet(44)) - raft.server.log.segment.size.max = 1048576 (custom)
2021-11-30 10:07:50,010 [pool-131-thread-1] INFO  server.RaftServerConfigKeys (ConfUtils.java:logGet(44)) - raft.server.log.preallocated.size = 16384 (custom)
2021-11-30 10:07:50,010 [pool-131-thread-1] INFO  server.RaftServerConfigKeys (ConfUtils.java:logGet(44)) - raft.server.log.force.sync.num = 128 (default)
2021-11-30 10:07:50,010 [pool-131-thread-1] INFO  server.RaftServerConfigKeys (ConfUtils.java:logGet(44)) - raft.server.log.statemachine.data.sync = true (default)
2021-11-30 10:07:50,010 [pool-131-thread-1] INFO  server.RaftServerConfigKeys (ConfUtils.java:logGet(44)) - raft.server.log.statemachine.data.sync.timeout = 10s (default)
2021-11-30 10:07:50,010 [pool-131-thread-1] INFO  server.RaftServerConfigKeys (ConfUtils.java:logGet(44)) - raft.server.log.statemachine.data.sync.timeout.retry = -1 (default)
2021-11-30 10:07:50,011 [pool-131-thread-1] INFO  server.RaftServerConfigKeys (ConfUtils.java:logGet(44)) - raft.server.log.write.buffer.size = 1048576 (custom)
2021-11-30 10:07:50,011 [pool-131-thread-1] INFO  server.RaftServerConfigKeys (ConfUtils.java:logGet(44)) - raft.server.log.statemachine.data.caching.enabled = true (custom)
2021-11-30 10:07:50,011 [pool-131-thread-1] INFO  segmented.SegmentedRaftLogWorker (SegmentedRaftLogWorker.java:lambda$new$0(133)) - 594a5f90-d5fa-4b06-ac33-1af263ebc166@group-D1C7A318DF2B-SegmentedRaftLogWorker: flushIndex: setUnconditionally 0 -> -1
2021-11-30 10:07:50,011 [pool-131-thread-1] INFO  segmented.SegmentedRaftLogWorker (SegmentedRaftLogWorker.java:lambda$new$0(133)) - 594a5f90-d5fa-4b06-ac33-1af263ebc166@group-D1C7A318DF2B-SegmentedRaftLogWorker: safeCacheEvictIndex: setUnconditionally 0 -> -1
2021-11-30 10:07:50,013 [pool-131-thread-1] INFO  server.RaftServerConfigKeys (ConfUtils.java:logGet(44)) - raft.server.snapshot.auto.trigger.enabled = true (custom)
2021-11-30 10:07:50,013 [pool-131-thread-1] INFO  server.RaftServerConfigKeys (ConfUtils.java:logGet(44)) - raft.server.snapshot.auto.trigger.threshold = 10000 (custom)
2021-11-30 10:07:50,013 [pool-131-thread-1] INFO  server.RaftServerConfigKeys (ConfUtils.java:logGet(44)) - raft.server.snapshot.retention.file.num = 5 (custom)
2021-11-30 10:07:50,013 [pool-131-thread-1] INFO  server.RaftServerConfigKeys (ConfUtils.java:logGet(44)) - raft.server.log.purge.upto.snapshot.index = false (default)
2021-11-30 10:07:50,013 [pool-131-thread-1] INFO  server.RaftServerConfigKeys (ConfUtils.java:logGet(44)) - raft.server.retrycache.expirytime = 600000ms (custom)
2021-11-30 10:07:50,013 [pool-131-thread-1] INFO  server.RaftServerConfigKeys (ConfUtils.java:logGet(44)) - raft.server.retrycache.statistics.expirytime = 100μs (default)
2021-11-30 10:07:50,014 [pool-131-thread-1] INFO  server.RaftServer$Division (RaftServerImpl.java:start(301)) - 594a5f90-d5fa-4b06-ac33-1af263ebc166@group-A835347B52D5: start as a follower, conf=-1: [594a5f90-d5fa-4b06-ac33-1af263ebc166|rpc:10.1.0.53:39275|priority:1], old=null
2021-11-30 10:07:50,014 [pool-131-thread-1] INFO  server.RaftServer$Division (RaftServerImpl.java:setRole(290)) - 594a5f90-d5fa-4b06-ac33-1af263ebc166@group-A835347B52D5: changes role from      null to FOLLOWER at term 0 for startAsFollower
2021-11-30 10:07:50,014 [pool-131-thread-1] INFO  impl.RoleInfo (RoleInfo.java:updateAndGet(130)) - 594a5f90-d5fa-4b06-ac33-1af263ebc166: start 594a5f90-d5fa-4b06-ac33-1af263ebc166@group-A835347B52D5-FollowerState
2021-11-30 10:07:50,017 [pool-131-thread-1] INFO  util.JmxRegister (JmxRegister.java:tryRegister(44)) - Successfully registered JMX Bean with object name Ratis:service=RaftServer,group=group-A835347B52D5,id=594a5f90-d5fa-4b06-ac33-1af263ebc166
2021-11-30 10:07:50,024 [Command processor thread] INFO  ratis.XceiverServerRatis (XceiverServerRatis.java:addGroup(768)) - Created group PipelineID=d15c9091-5f0c-45e6-aafa-a835347b52d5
2021-11-30 10:07:50,024 [pool-131-thread-1] INFO  server.RaftServer$Division (RaftServerImpl.java:start(301)) - 594a5f90-d5fa-4b06-ac33-1af263ebc166@group-D1C7A318DF2B: start as a follower, conf=-1: [594a5f90-d5fa-4b06-ac33-1af263ebc166|rpc:10.1.0.53:39275|dataStream:|priority:0, f261d845-a31c-4557-bbf6-cf3b66338abe|rpc:10.1.0.53:34515|dataStream:|priority:0, 9100756b-960e-45b3-aeba-6353ed9ea095|rpc:10.1.0.53:41205|dataStream:|priority:1], old=null
2021-11-30 10:07:50,024 [Command processor thread] INFO  commandhandler.CreatePipelineCommandHandler (CreatePipelineCommandHandler.java:handle(106)) - Created Pipeline RATIS ONE PipelineID=d15c9091-5f0c-45e6-aafa-a835347b52d5.
2021-11-30 10:07:50,024 [pool-131-thread-1] INFO  server.RaftServer$Division (RaftServerImpl.java:setRole(290)) - 594a5f90-d5fa-4b06-ac33-1af263ebc166@group-D1C7A318DF2B: changes role from      null to FOLLOWER at term 0 for startAsFollower
2021-11-30 10:07:50,024 [pool-131-thread-1] INFO  impl.RoleInfo (RoleInfo.java:updateAndGet(130)) - 594a5f90-d5fa-4b06-ac33-1af263ebc166: start 594a5f90-d5fa-4b06-ac33-1af263ebc166@group-D1C7A318DF2B-FollowerState
2021-11-30 10:07:50,025 [Command processor thread] INFO  server.RaftServer (RaftServerProxy.java:addNew(95)) - 594a5f90-d5fa-4b06-ac33-1af263ebc166: addNew group-D3EED943AD18:[594a5f90-d5fa-4b06-ac33-1af263ebc166|rpc:10.1.0.53:39275|priority:1, f261d845-a31c-4557-bbf6-cf3b66338abe|rpc:10.1.0.53:34515|priority:0, 9100756b-960e-45b3-aeba-6353ed9ea095|rpc:10.1.0.53:41205|priority:0] returns group-D3EED943AD18:java.util.concurrent.CompletableFuture@154943e2[Not completed]
2021-11-30 10:07:50,025 [pool-131-thread-1] INFO  util.JmxRegister (JmxRegister.java:tryRegister(44)) - Successfully registered JMX Bean with object name Ratis:service=RaftServer,group=group-D1C7A318DF2B,id=594a5f90-d5fa-4b06-ac33-1af263ebc166
2021-11-30 10:07:50,027 [pool-131-thread-1] INFO  server.RaftServer$Division (RaftServerImpl.java:<init>(184)) - 594a5f90-d5fa-4b06-ac33-1af263ebc166: new RaftServerImpl for group-D3EED943AD18:[594a5f90-d5fa-4b06-ac33-1af263ebc166|rpc:10.1.0.53:39275|priority:1, f261d845-a31c-4557-bbf6-cf3b66338abe|rpc:10.1.0.53:34515|priority:0, 9100756b-960e-45b3-aeba-6353ed9ea095|rpc:10.1.0.53:41205|priority:0] with ContainerStateMachine:uninitialized
2021-11-30 10:07:50,028 [pool-131-thread-1] INFO  server.RaftServerConfigKeys (ConfUtils.java:logGet(44)) - raft.server.rpc.timeout.min = 5s (custom)
2021-11-30 10:07:50,028 [pool-131-thread-1] INFO  server.RaftServerConfigKeys (ConfUtils.java:logGet(44)) - raft.server.rpc.timeout.max = 5200ms (custom)
2021-11-30 10:07:50,028 [pool-131-thread-1] INFO  server.RaftServerConfigKeys (ConfUtils.java:logGet(44)) - raft.server.rpc.sleep.time = 25ms (default)
2021-11-30 10:07:50,028 [pool-131-thread-1] INFO  server.RaftServerConfigKeys (ConfUtils.java:logGet(44)) - raft.server.rpc.slowness.timeout = 300000ms (custom)
2021-11-30 10:07:50,028 [pool-131-thread-1] INFO  server.RaftServerConfigKeys (ConfUtils.java:logGet(44)) - raft.server.leaderelection.leader.step-down.wait-time = 10s (default)
2021-11-30 10:07:50,028 [pool-131-thread-1] INFO  server.RaftServerConfigKeys (ConfUtils.java:logGet(44)) - raft.server.sleep.deviation.threshold = 300ms (default)
2021-11-30 10:07:50,028 [pool-131-thread-1] INFO  server.RaftServerConfigKeys (ConfUtils.java:logGet(44)) - raft.server.log.appender.install.snapshot.enabled = false (custom)
2021-11-30 10:07:50,028 [pool-131-thread-1] INFO  server.RaftServer$Division (ServerState.java:<init>(105)) - 594a5f90-d5fa-4b06-ac33-1af263ebc166@group-D3EED943AD18: ConfigurationManager, init=-1: [594a5f90-d5fa-4b06-ac33-1af263ebc166|rpc:10.1.0.53:39275|priority:1, f261d845-a31c-4557-bbf6-cf3b66338abe|rpc:10.1.0.53:34515|priority:0, 9100756b-960e-45b3-aeba-6353ed9ea095|rpc:10.1.0.53:41205|priority:0], old=null, confs=<EMPTY_MAP>
2021-11-30 10:07:50,028 [pool-131-thread-1] INFO  server.RaftServerConfigKeys (ConfUtils.java:logGet(44)) - raft.server.storage.dir = [/home/runner/work/ozone/ozone/hadoop-ozone/integration-test/target/test-dir/MiniOzoneClusterImpl-0e29ee7e-a070-46b0-aa8f-4a21e578e9b3/datanode-4/data/ratis] (custom)
2021-11-30 10:07:50,028 [pool-131-thread-1] INFO  server.RaftServerConfigKeys (ConfUtils.java:logGet(44)) - raft.server.log.corruption.policy = EXCEPTION (default)
2021-11-30 10:07:50,028 [pool-131-thread-1] INFO  server.RaftServerConfigKeys (ConfUtils.java:logGet(44)) - raft.server.storage.free-space.min = 0MB (=0) (default)
2021-11-30 10:07:50,029 [pool-131-thread-1] INFO  storage.RaftStorageDirectory (RaftStorageDirectoryImpl.java:analyzeStorage(135)) - The storage directory /home/runner/work/ozone/ozone/hadoop-ozone/integration-test/target/test-dir/MiniOzoneClusterImpl-0e29ee7e-a070-46b0-aa8f-4a21e578e9b3/datanode-4/data/ratis/1053b465-f2e9-4599-823d-d3eed943ad18 does not exist. Creating ...
2021-11-30 10:07:50,030 [pool-131-thread-1] INFO  storage.RaftStorageDirectory (RaftStorageDirectoryImpl.java:tryLock(230)) - Lock on /home/runner/work/ozone/ozone/hadoop-ozone/integration-test/target/test-dir/MiniOzoneClusterImpl-0e29ee7e-a070-46b0-aa8f-4a21e578e9b3/datanode-4/data/ratis/1053b465-f2e9-4599-823d-d3eed943ad18/in_use.lock acquired by nodename 12829@fv-az297-56
2021-11-30 10:07:50,032 [Command processor thread] INFO  commandhandler.CreatePipelineCommandHandler (CreatePipelineCommandHandler.java:handle(106)) - Created Pipeline RATIS THREE PipelineID=8c4c6b63-eaa5-43cf-a829-d1c7a318df2b.
2021-11-30 10:07:50,032 [Command processor thread] INFO  server.RaftServer (RaftServerProxy.java:addNew(95)) - f261d845-a31c-4557-bbf6-cf3b66338abe: addNew group-D3EED943AD18:[594a5f90-d5fa-4b06-ac33-1af263ebc166|rpc:10.1.0.53:39275|priority:1, f261d845-a31c-4557-bbf6-cf3b66338abe|rpc:10.1.0.53:34515|priority:0, 9100756b-960e-45b3-aeba-6353ed9ea095|rpc:10.1.0.53:41205|priority:0] returns group-D3EED943AD18:java.util.concurrent.CompletableFuture@c9d0f74[Not completed]
2021-11-30 10:07:50,033 [pool-112-thread-1] INFO  server.RaftServer$Division (RaftServerImpl.java:<init>(184)) - f261d845-a31c-4557-bbf6-cf3b66338abe: new RaftServerImpl for group-D3EED943AD18:[594a5f90-d5fa-4b06-ac33-1af263ebc166|rpc:10.1.0.53:39275|priority:1, f261d845-a31c-4557-bbf6-cf3b66338abe|rpc:10.1.0.53:34515|priority:0, 9100756b-960e-45b3-aeba-6353ed9ea095|rpc:10.1.0.53:41205|priority:0] with ContainerStateMachine:uninitialized
2021-11-30 10:07:50,033 [pool-112-thread-1] INFO  server.RaftServerConfigKeys (ConfUtils.java:logGet(44)) - raft.server.rpc.timeout.min = 5s (custom)
2021-11-30 10:07:50,034 [pool-112-thread-1] INFO  server.RaftServerConfigKeys (ConfUtils.java:logGet(44)) - raft.server.rpc.timeout.max = 5200ms (custom)
2021-11-30 10:07:50,034 [pool-112-thread-1] INFO  server.RaftServerConfigKeys (ConfUtils.java:logGet(44)) - raft.server.rpc.sleep.time = 25ms (default)
2021-11-30 10:07:50,034 [pool-112-thread-1] INFO  server.RaftServerConfigKeys (ConfUtils.java:logGet(44)) - raft.server.rpc.slowness.timeout = 300000ms (custom)
2021-11-30 10:07:50,034 [pool-112-thread-1] INFO  server.RaftServerConfigKeys (ConfUtils.java:logGet(44)) - raft.server.leaderelection.leader.step-down.wait-time = 10s (default)
2021-11-30 10:07:50,034 [pool-112-thread-1] INFO  server.RaftServerConfigKeys (ConfUtils.java:logGet(44)) - raft.server.sleep.deviation.threshold = 300ms (default)
2021-11-30 10:07:50,034 [pool-112-thread-1] INFO  server.RaftServerConfigKeys (ConfUtils.java:logGet(44)) - raft.server.log.appender.install.snapshot.enabled = false (custom)
2021-11-30 10:07:50,034 [pool-112-thread-1] INFO  server.RaftServer$Division (ServerState.java:<init>(105)) - f261d845-a31c-4557-bbf6-cf3b66338abe@group-D3EED943AD18: ConfigurationManager, init=-1: [594a5f90-d5fa-4b06-ac33-1af263ebc166|rpc:10.1.0.53:39275|priority:1, f261d845-a31c-4557-bbf6-cf3b66338abe|rpc:10.1.0.53:34515|priority:0, 9100756b-960e-45b3-aeba-6353ed9ea095|rpc:10.1.0.53:41205|priority:0], old=null, confs=<EMPTY_MAP>
2021-11-30 10:07:50,034 [pool-112-thread-1] INFO  server.RaftServerConfigKeys (ConfUtils.java:logGet(44)) - raft.server.storage.dir = [/home/runner/work/ozone/ozone/hadoop-ozone/integration-test/target/test-dir/MiniOzoneClusterImpl-0e29ee7e-a070-46b0-aa8f-4a21e578e9b3/datanode-3/data/ratis] (custom)
2021-11-30 10:07:50,034 [pool-112-thread-1] INFO  server.RaftServerConfigKeys (ConfUtils.java:logGet(44)) - raft.server.log.corruption.policy = EXCEPTION (default)
2021-11-30 10:07:50,034 [pool-112-thread-1] INFO  server.RaftServerConfigKeys (ConfUtils.java:logGet(44)) - raft.server.storage.free-space.min = 0MB (=0) (default)
2021-11-30 10:07:50,034 [pool-112-thread-1] INFO  storage.RaftStorageDirectory (RaftStorageDirectoryImpl.java:analyzeStorage(135)) - The storage directory /home/runner/work/ozone/ozone/hadoop-ozone/integration-test/target/test-dir/MiniOzoneClusterImpl-0e29ee7e-a070-46b0-aa8f-4a21e578e9b3/datanode-3/data/ratis/1053b465-f2e9-4599-823d-d3eed943ad18 does not exist. Creating ...
2021-11-30 10:07:50,034 [pool-131-thread-1] INFO  storage.RaftStorage (RaftStorageImpl.java:format(89)) - Storage directory /home/runner/work/ozone/ozone/hadoop-ozone/integration-test/target/test-dir/MiniOzoneClusterImpl-0e29ee7e-a070-46b0-aa8f-4a21e578e9b3/datanode-4/data/ratis/1053b465-f2e9-4599-823d-d3eed943ad18 has been successfully formatted.
2021-11-30 10:07:50,035 [pool-131-thread-1] INFO  ratis.ContainerStateMachine (ContainerStateMachine.java:loadSnapshot(224)) - group-D3EED943AD18: The snapshot info is null. Setting the last applied indexto:(t:0, i:~)
2021-11-30 10:07:50,035 [pool-112-thread-1] INFO  storage.RaftStorageDirectory (RaftStorageDirectoryImpl.java:tryLock(230)) - Lock on /home/runner/work/ozone/ozone/hadoop-ozone/integration-test/target/test-dir/MiniOzoneClusterImpl-0e29ee7e-a070-46b0-aa8f-4a21e578e9b3/datanode-3/data/ratis/1053b465-f2e9-4599-823d-d3eed943ad18/in_use.lock acquired by nodename 12829@fv-az297-56
2021-11-30 10:07:50,037 [EventQueue-OpenPipelineForHealthyPipelineSafeModeRule] INFO  safemode.SCMSafeModeManager (HealthyPipelineSafeModeRule.java:process(124)) - SCM in safe mode. Healthy pipelines reported count is 0, required healthy pipeline reported count is 1
2021-11-30 10:07:50,037 [pool-131-thread-1] INFO  server.RaftServerConfigKeys (ConfUtils.java:logGet(44)) - raft.server.notification.no-leader.timeout = 300000ms (custom)
2021-11-30 10:07:50,037 [pool-131-thread-1] INFO  server.RaftServerConfigKeys (ConfUtils.java:logGet(44)) - raft.server.log.use.memory = false (default)
2021-11-30 10:07:50,037 [pool-131-thread-1] INFO  server.RaftServerConfigKeys (ConfUtils.java:logGet(44)) - raft.server.log.purge.gap = 1000000 (custom)
2021-11-30 10:07:50,037 [pool-131-thread-1] INFO  server.RaftServerConfigKeys (ConfUtils.java:logGet(44)) - raft.server.log.appender.buffer.byte-limit = 33554432 (custom)
2021-11-30 10:07:50,037 [pool-131-thread-1] INFO  server.RaftServerConfigKeys (ConfUtils.java:logGet(44)) - raft.server.log.segment.size.max = 1048576 (custom)
2021-11-30 10:07:50,038 [pool-131-thread-1] INFO  server.RaftServerConfigKeys (ConfUtils.java:logGet(44)) - raft.server.log.segment.cache.num.max = 2 (custom)
2021-11-30 10:07:50,038 [pool-131-thread-1] INFO  server.RaftServerConfigKeys (ConfUtils.java:logGet(44)) - raft.server.log.segment.cache.size.max = 200MB (=209715200) (default)
2021-11-30 10:07:50,038 [pool-112-thread-1] INFO  storage.RaftStorage (RaftStorageImpl.java:format(89)) - Storage directory /home/runner/work/ozone/ozone/hadoop-ozone/integration-test/target/test-dir/MiniOzoneClusterImpl-0e29ee7e-a070-46b0-aa8f-4a21e578e9b3/datanode-3/data/ratis/1053b465-f2e9-4599-823d-d3eed943ad18 has been successfully formatted.
2021-11-30 10:07:50,038 [pool-112-thread-1] INFO  ratis.ContainerStateMachine (ContainerStateMachine.java:loadSnapshot(224)) - group-D3EED943AD18: The snapshot info is null. Setting the last applied indexto:(t:0, i:~)
2021-11-30 10:07:50,039 [pool-112-thread-1] INFO  server.RaftServerConfigKeys (ConfUtils.java:logGet(44)) - raft.server.notification.no-leader.timeout = 300000ms (custom)
2021-11-30 10:07:50,039 [pool-112-thread-1] INFO  server.RaftServerConfigKeys (ConfUtils.java:logGet(44)) - raft.server.log.use.memory = false (default)
2021-11-30 10:07:50,039 [pool-112-thread-1] INFO  server.RaftServerConfigKeys (ConfUtils.java:logGet(44)) - raft.server.log.purge.gap = 1000000 (custom)
2021-11-30 10:07:50,039 [pool-112-thread-1] INFO  server.RaftServerConfigKeys (ConfUtils.java:logGet(44)) - raft.server.log.appender.buffer.byte-limit = 33554432 (custom)
2021-11-30 10:07:50,039 [pool-112-thread-1] INFO  server.RaftServerConfigKeys (ConfUtils.java:logGet(44)) - raft.server.log.segment.size.max = 1048576 (custom)
2021-11-30 10:07:50,040 [EventQueue-OpenPipelineForHealthyPipelineSafeModeRule] INFO  safemode.SCMSafeModeManager (HealthyPipelineSafeModeRule.java:process(124)) - SCM in safe mode. Healthy pipelines reported count is 0, required healthy pipeline reported count is 1
2021-11-30 10:07:50,040 [pool-131-thread-1] INFO  segmented.SegmentedRaftLogWorker (SegmentedRaftLogWorker.java:<init>(182)) - new 594a5f90-d5fa-4b06-ac33-1af263ebc166@group-D3EED943AD18-SegmentedRaftLogWorker for RaftStorageImpl:Storage Directory /home/runner/work/ozone/ozone/hadoop-ozone/integration-test/target/test-dir/MiniOzoneClusterImpl-0e29ee7e-a070-46b0-aa8f-4a21e578e9b3/datanode-4/data/ratis/1053b465-f2e9-4599-823d-d3eed943ad18
2021-11-30 10:07:50,040 [pool-131-thread-1] INFO  server.RaftServerConfigKeys (ConfUtils.java:logGet(44)) - raft.server.log.queue.byte-limit = 2147483647 (custom)
2021-11-30 10:07:50,040 [pool-131-thread-1] INFO  server.RaftServerConfigKeys (ConfUtils.java:logGet(44)) - raft.server.log.queue.element-limit = 1024 (custom)
2021-11-30 10:07:50,040 [pool-131-thread-1] INFO  server.RaftServerConfigKeys (ConfUtils.java:logGet(44)) - raft.server.log.segment.size.max = 1048576 (custom)
2021-11-30 10:07:50,040 [pool-131-thread-1] INFO  server.RaftServerConfigKeys (ConfUtils.java:logGet(44)) - raft.server.log.preallocated.size = 16384 (custom)
2021-11-30 10:07:50,040 [pool-131-thread-1] INFO  server.RaftServerConfigKeys (ConfUtils.java:logGet(44)) - raft.server.log.force.sync.num = 128 (default)
2021-11-30 10:07:50,040 [pool-131-thread-1] INFO  server.RaftServerConfigKeys (ConfUtils.java:logGet(44)) - raft.server.log.statemachine.data.sync = true (default)
2021-11-30 10:07:50,040 [pool-131-thread-1] INFO  server.RaftServerConfigKeys (ConfUtils.java:logGet(44)) - raft.server.log.statemachine.data.sync.timeout = 10s (default)
2021-11-30 10:07:50,040 [pool-131-thread-1] INFO  server.RaftServerConfigKeys (ConfUtils.java:logGet(44)) - raft.server.log.statemachine.data.sync.timeout.retry = -1 (default)
2021-11-30 10:07:50,040 [pool-112-thread-1] INFO  server.RaftServerConfigKeys (ConfUtils.java:logGet(44)) - raft.server.log.segment.cache.num.max = 2 (custom)
2021-11-30 10:07:50,041 [pool-112-thread-1] INFO  server.RaftServerConfigKeys (ConfUtils.java:logGet(44)) - raft.server.log.segment.cache.size.max = 200MB (=209715200) (default)
2021-11-30 10:07:50,041 [pool-112-thread-1] INFO  segmented.SegmentedRaftLogWorker (SegmentedRaftLogWorker.java:<init>(182)) - new f261d845-a31c-4557-bbf6-cf3b66338abe@group-D3EED943AD18-SegmentedRaftLogWorker for RaftStorageImpl:Storage Directory /home/runner/work/ozone/ozone/hadoop-ozone/integration-test/target/test-dir/MiniOzoneClusterImpl-0e29ee7e-a070-46b0-aa8f-4a21e578e9b3/datanode-3/data/ratis/1053b465-f2e9-4599-823d-d3eed943ad18
2021-11-30 10:07:50,041 [pool-112-thread-1] INFO  server.RaftServerConfigKeys (ConfUtils.java:logGet(44)) - raft.server.log.queue.byte-limit = 2147483647 (custom)
2021-11-30 10:07:50,041 [pool-112-thread-1] INFO  server.RaftServerConfigKeys (ConfUtils.java:logGet(44)) - raft.server.log.queue.element-limit = 1024 (custom)
2021-11-30 10:07:50,041 [pool-112-thread-1] INFO  server.RaftServerConfigKeys (ConfUtils.java:logGet(44)) - raft.server.log.segment.size.max = 1048576 (custom)
2021-11-30 10:07:50,041 [pool-112-thread-1] INFO  server.RaftServerConfigKeys (ConfUtils.java:logGet(44)) - raft.server.log.preallocated.size = 16384 (custom)
2021-11-30 10:07:50,041 [pool-112-thread-1] INFO  server.RaftServerConfigKeys (ConfUtils.java:logGet(44)) - raft.server.log.force.sync.num = 128 (default)
2021-11-30 10:07:50,041 [pool-112-thread-1] INFO  server.RaftServerConfigKeys (ConfUtils.java:logGet(44)) - raft.server.log.statemachine.data.sync = true (default)
2021-11-30 10:07:50,041 [pool-112-thread-1] INFO  server.RaftServerConfigKeys (ConfUtils.java:logGet(44)) - raft.server.log.statemachine.data.sync.timeout = 10s (default)
2021-11-30 10:07:50,041 [pool-112-thread-1] INFO  server.RaftServerConfigKeys (ConfUtils.java:logGet(44)) - raft.server.log.statemachine.data.sync.timeout.retry = -1 (default)
2021-11-30 10:07:50,045 [pool-131-thread-1] INFO  server.RaftServerConfigKeys (ConfUtils.java:logGet(44)) - raft.server.log.write.buffer.size = 1048576 (custom)
2021-11-30 10:07:50,045 [pool-112-thread-1] INFO  server.RaftServerConfigKeys (ConfUtils.java:logGet(44)) - raft.server.log.write.buffer.size = 1048576 (custom)
2021-11-30 10:07:50,046 [pool-131-thread-1] INFO  server.RaftServerConfigKeys (ConfUtils.java:logGet(44)) - raft.server.log.statemachine.data.caching.enabled = true (custom)
2021-11-30 10:07:50,046 [pool-112-thread-1] INFO  server.RaftServerConfigKeys (ConfUtils.java:logGet(44)) - raft.server.log.statemachine.data.caching.enabled = true (custom)
2021-11-30 10:07:50,046 [pool-131-thread-1] INFO  segmented.SegmentedRaftLogWorker (SegmentedRaftLogWorker.java:lambda$new$0(133)) - 594a5f90-d5fa-4b06-ac33-1af263ebc166@group-D3EED943AD18-SegmentedRaftLogWorker: flushIndex: setUnconditionally 0 -> -1
2021-11-30 10:07:50,046 [pool-131-thread-1] INFO  segmented.SegmentedRaftLogWorker (SegmentedRaftLogWorker.java:lambda$new$0(133)) - 594a5f90-d5fa-4b06-ac33-1af263ebc166@group-D3EED943AD18-SegmentedRaftLogWorker: safeCacheEvictIndex: setUnconditionally 0 -> -1
2021-11-30 10:07:50,046 [pool-112-thread-1] INFO  segmented.SegmentedRaftLogWorker (SegmentedRaftLogWorker.java:lambda$new$0(133)) - f261d845-a31c-4557-bbf6-cf3b66338abe@group-D3EED943AD18-SegmentedRaftLogWorker: flushIndex: setUnconditionally 0 -> -1
2021-11-30 10:07:50,046 [pool-112-thread-1] INFO  segmented.SegmentedRaftLogWorker (SegmentedRaftLogWorker.java:lambda$new$0(133)) - f261d845-a31c-4557-bbf6-cf3b66338abe@group-D3EED943AD18-SegmentedRaftLogWorker: safeCacheEvictIndex: setUnconditionally 0 -> -1
2021-11-30 10:07:50,047 [pool-131-thread-1] INFO  server.RaftServerConfigKeys (ConfUtils.java:logGet(44)) - raft.server.snapshot.auto.trigger.enabled = true (custom)
2021-11-30 10:07:50,047 [pool-131-thread-1] INFO  server.RaftServerConfigKeys (ConfUtils.java:logGet(44)) - raft.server.snapshot.auto.trigger.threshold = 10000 (custom)
2021-11-30 10:07:50,048 [pool-131-thread-1] INFO  server.RaftServerConfigKeys (ConfUtils.java:logGet(44)) - raft.server.snapshot.retention.file.num = 5 (custom)
2021-11-30 10:07:50,048 [pool-131-thread-1] INFO  server.RaftServerConfigKeys (ConfUtils.java:logGet(44)) - raft.server.log.purge.upto.snapshot.index = false (default)
2021-11-30 10:07:50,048 [pool-112-thread-1] INFO  server.RaftServerConfigKeys (ConfUtils.java:logGet(44)) - raft.server.snapshot.auto.trigger.enabled = true (custom)
2021-11-30 10:07:50,048 [pool-131-thread-1] INFO  server.RaftServerConfigKeys (ConfUtils.java:logGet(44)) - raft.server.retrycache.expirytime = 600000ms (custom)
2021-11-30 10:07:50,048 [pool-112-thread-1] INFO  server.RaftServerConfigKeys (ConfUtils.java:logGet(44)) - raft.server.snapshot.auto.trigger.threshold = 10000 (custom)
2021-11-30 10:07:50,048 [pool-131-thread-1] INFO  server.RaftServerConfigKeys (ConfUtils.java:logGet(44)) - raft.server.retrycache.statistics.expirytime = 100μs (default)
2021-11-30 10:07:50,048 [pool-112-thread-1] INFO  server.RaftServerConfigKeys (ConfUtils.java:logGet(44)) - raft.server.snapshot.retention.file.num = 5 (custom)
2021-11-30 10:07:50,048 [pool-112-thread-1] INFO  server.RaftServerConfigKeys (ConfUtils.java:logGet(44)) - raft.server.log.purge.upto.snapshot.index = false (default)
2021-11-30 10:07:50,048 [pool-112-thread-1] INFO  server.RaftServerConfigKeys (ConfUtils.java:logGet(44)) - raft.server.retrycache.expirytime = 600000ms (custom)
2021-11-30 10:07:50,048 [pool-112-thread-1] INFO  server.RaftServerConfigKeys (ConfUtils.java:logGet(44)) - raft.server.retrycache.statistics.expirytime = 100μs (default)
2021-11-30 10:07:50,049 [pool-131-thread-1] INFO  server.RaftServer$Division (RaftServerImpl.java:start(301)) - 594a5f90-d5fa-4b06-ac33-1af263ebc166@group-D3EED943AD18: start as a follower, conf=-1: [594a5f90-d5fa-4b06-ac33-1af263ebc166|rpc:10.1.0.53:39275|priority:1, f261d845-a31c-4557-bbf6-cf3b66338abe|rpc:10.1.0.53:34515|priority:0, 9100756b-960e-45b3-aeba-6353ed9ea095|rpc:10.1.0.53:41205|priority:0], old=null
2021-11-30 10:07:50,049 [pool-131-thread-1] INFO  server.RaftServer$Division (RaftServerImpl.java:setRole(290)) - 594a5f90-d5fa-4b06-ac33-1af263ebc166@group-D3EED943AD18: changes role from      null to FOLLOWER at term 0 for startAsFollower
2021-11-30 10:07:50,049 [pool-131-thread-1] INFO  impl.RoleInfo (RoleInfo.java:updateAndGet(130)) - 594a5f90-d5fa-4b06-ac33-1af263ebc166: start 594a5f90-d5fa-4b06-ac33-1af263ebc166@group-D3EED943AD18-FollowerState
2021-11-30 10:07:50,052 [pool-112-thread-1] INFO  server.RaftServer$Division (RaftServerImpl.java:start(301)) - f261d845-a31c-4557-bbf6-cf3b66338abe@group-D3EED943AD18: start as a follower, conf=-1: [594a5f90-d5fa-4b06-ac33-1af263ebc166|rpc:10.1.0.53:39275|priority:1, f261d845-a31c-4557-bbf6-cf3b66338abe|rpc:10.1.0.53:34515|priority:0, 9100756b-960e-45b3-aeba-6353ed9ea095|rpc:10.1.0.53:41205|priority:0], old=null
2021-11-30 10:07:50,052 [pool-112-thread-1] INFO  server.RaftServer$Division (RaftServerImpl.java:setRole(290)) - f261d845-a31c-4557-bbf6-cf3b66338abe@group-D3EED943AD18: changes role from      null to FOLLOWER at term 0 for startAsFollower
2021-11-30 10:07:50,052 [pool-112-thread-1] INFO  impl.RoleInfo (RoleInfo.java:updateAndGet(130)) - f261d845-a31c-4557-bbf6-cf3b66338abe: start f261d845-a31c-4557-bbf6-cf3b66338abe@group-D3EED943AD18-FollowerState
2021-11-30 10:07:50,052 [pool-131-thread-1] INFO  util.JmxRegister (JmxRegister.java:tryRegister(44)) - Successfully registered JMX Bean with object name Ratis:service=RaftServer,group=group-D3EED943AD18,id=594a5f90-d5fa-4b06-ac33-1af263ebc166
2021-11-30 10:07:50,053 [pool-112-thread-1] INFO  util.JmxRegister (JmxRegister.java:tryRegister(44)) - Successfully registered JMX Bean with object name Ratis:service=RaftServer,group=group-D3EED943AD18,id=f261d845-a31c-4557-bbf6-cf3b66338abe
2021-11-30 10:07:50,056 [Command processor thread] INFO  ratis.XceiverServerRatis (XceiverServerRatis.java:addGroup(768)) - Created group PipelineID=1053b465-f2e9-4599-823d-d3eed943ad18
2021-11-30 10:07:50,066 [Command processor thread] INFO  ratis.XceiverServerRatis (XceiverServerRatis.java:addGroup(768)) - Created group PipelineID=1053b465-f2e9-4599-823d-d3eed943ad18
2021-11-30 10:07:50,075 [grpc-default-executor-1] INFO  server.RaftServer (RaftServerProxy.java:addNew(95)) - 9100756b-960e-45b3-aeba-6353ed9ea095: addNew group-D3EED943AD18:[594a5f90-d5fa-4b06-ac33-1af263ebc166|rpc:10.1.0.53:39275|dataStream:|priority:1, f261d845-a31c-4557-bbf6-cf3b66338abe|rpc:10.1.0.53:34515|dataStream:|priority:0, 9100756b-960e-45b3-aeba-6353ed9ea095|rpc:10.1.0.53:41205|dataStream:|priority:0] returns group-D3EED943AD18:java.util.concurrent.CompletableFuture@7533e849[Not completed]
2021-11-30 10:07:50,077 [pool-150-thread-1] INFO  server.RaftServer$Division (RaftServerImpl.java:<init>(184)) - 9100756b-960e-45b3-aeba-6353ed9ea095: new RaftServerImpl for group-D3EED943AD18:[594a5f90-d5fa-4b06-ac33-1af263ebc166|rpc:10.1.0.53:39275|dataStream:|priority:1, f261d845-a31c-4557-bbf6-cf3b66338abe|rpc:10.1.0.53:34515|dataStream:|priority:0, 9100756b-960e-45b3-aeba-6353ed9ea095|rpc:10.1.0.53:41205|dataStream:|priority:0] with ContainerStateMachine:uninitialized
2021-11-30 10:07:50,077 [pool-150-thread-1] INFO  server.RaftServerConfigKeys (ConfUtils.java:logGet(44)) - raft.server.rpc.timeout.min = 5s (custom)
2021-11-30 10:07:50,077 [pool-150-thread-1] INFO  server.RaftServerConfigKeys (ConfUtils.java:logGet(44)) - raft.server.rpc.timeout.max = 5200ms (custom)
2021-11-30 10:07:50,077 [pool-150-thread-1] INFO  server.RaftServerConfigKeys (ConfUtils.java:logGet(44)) - raft.server.rpc.sleep.time = 25ms (default)
2021-11-30 10:07:50,077 [pool-150-thread-1] INFO  server.RaftServerConfigKeys (ConfUtils.java:logGet(44)) - raft.server.rpc.slowness.timeout = 300000ms (custom)
2021-11-30 10:07:50,077 [pool-150-thread-1] INFO  server.RaftServerConfigKeys (ConfUtils.java:logGet(44)) - raft.server.leaderelection.leader.step-down.wait-time = 10s (default)
2021-11-30 10:07:50,077 [pool-150-thread-1] INFO  server.RaftServerConfigKeys (ConfUtils.java:logGet(44)) - raft.server.sleep.deviation.threshold = 300ms (default)
2021-11-30 10:07:50,077 [pool-150-thread-1] INFO  server.RaftServerConfigKeys (ConfUtils.java:logGet(44)) - raft.server.log.appender.install.snapshot.enabled = false (custom)
2021-11-30 10:07:50,078 [pool-150-thread-1] INFO  server.RaftServer$Division (ServerState.java:<init>(105)) - 9100756b-960e-45b3-aeba-6353ed9ea095@group-D3EED943AD18: ConfigurationManager, init=-1: [594a5f90-d5fa-4b06-ac33-1af263ebc166|rpc:10.1.0.53:39275|dataStream:|priority:1, f261d845-a31c-4557-bbf6-cf3b66338abe|rpc:10.1.0.53:34515|dataStream:|priority:0, 9100756b-960e-45b3-aeba-6353ed9ea095|rpc:10.1.0.53:41205|dataStream:|priority:0], old=null, confs=<EMPTY_MAP>
2021-11-30 10:07:50,078 [pool-150-thread-1] INFO  server.RaftServerConfigKeys (ConfUtils.java:logGet(44)) - raft.server.storage.dir = [/home/runner/work/ozone/ozone/hadoop-ozone/integration-test/target/test-dir/MiniOzoneClusterImpl-0e29ee7e-a070-46b0-aa8f-4a21e578e9b3/datanode-5/data/ratis] (custom)
2021-11-30 10:07:50,078 [pool-150-thread-1] INFO  server.RaftServerConfigKeys (ConfUtils.java:logGet(44)) - raft.server.log.corruption.policy = EXCEPTION (default)
2021-11-30 10:07:50,078 [pool-150-thread-1] INFO  server.RaftServerConfigKeys (ConfUtils.java:logGet(44)) - raft.server.storage.free-space.min = 0MB (=0) (default)
2021-11-30 10:07:50,078 [pool-150-thread-1] INFO  storage.RaftStorageDirectory (RaftStorageDirectoryImpl.java:analyzeStorage(135)) - The storage directory /home/runner/work/ozone/ozone/hadoop-ozone/integration-test/target/test-dir/MiniOzoneClusterImpl-0e29ee7e-a070-46b0-aa8f-4a21e578e9b3/datanode-5/data/ratis/1053b465-f2e9-4599-823d-d3eed943ad18 does not exist. Creating ...
2021-11-30 10:07:50,079 [pool-150-thread-1] INFO  storage.RaftStorageDirectory (RaftStorageDirectoryImpl.java:tryLock(230)) - Lock on /home/runner/work/ozone/ozone/hadoop-ozone/integration-test/target/test-dir/MiniOzoneClusterImpl-0e29ee7e-a070-46b0-aa8f-4a21e578e9b3/datanode-5/data/ratis/1053b465-f2e9-4599-823d-d3eed943ad18/in_use.lock acquired by nodename 12829@fv-az297-56
2021-11-30 10:07:50,080 [pool-150-thread-1] INFO  storage.RaftStorage (RaftStorageImpl.java:format(89)) - Storage directory /home/runner/work/ozone/ozone/hadoop-ozone/integration-test/target/test-dir/MiniOzoneClusterImpl-0e29ee7e-a070-46b0-aa8f-4a21e578e9b3/datanode-5/data/ratis/1053b465-f2e9-4599-823d-d3eed943ad18 has been successfully formatted.
2021-11-30 10:07:50,081 [pool-150-thread-1] INFO  ratis.ContainerStateMachine (ContainerStateMachine.java:loadSnapshot(224)) - group-D3EED943AD18: The snapshot info is null. Setting the last applied indexto:(t:0, i:~)
2021-11-30 10:07:50,081 [pool-150-thread-1] INFO  server.RaftServerConfigKeys (ConfUtils.java:logGet(44)) - raft.server.notification.no-leader.timeout = 300000ms (custom)
2021-11-30 10:07:50,082 [pool-150-thread-1] INFO  server.RaftServerConfigKeys (ConfUtils.java:logGet(44)) - raft.server.log.use.memory = false (default)
2021-11-30 10:07:50,082 [pool-150-thread-1] INFO  server.RaftServerConfigKeys (ConfUtils.java:logGet(44)) - raft.server.log.purge.gap = 1000000 (custom)
2021-11-30 10:07:50,083 [pool-150-thread-1] INFO  server.RaftServerConfigKeys (ConfUtils.java:logGet(44)) - raft.server.log.appender.buffer.byte-limit = 33554432 (custom)
2021-11-30 10:07:50,083 [pool-150-thread-1] INFO  server.RaftServerConfigKeys (ConfUtils.java:logGet(44)) - raft.server.log.segment.size.max = 1048576 (custom)
2021-11-30 10:07:50,084 [pool-150-thread-1] INFO  server.RaftServerConfigKeys (ConfUtils.java:logGet(44)) - raft.server.log.segment.cache.num.max = 2 (custom)
2021-11-30 10:07:50,084 [pool-150-thread-1] INFO  server.RaftServerConfigKeys (ConfUtils.java:logGet(44)) - raft.server.log.segment.cache.size.max = 200MB (=209715200) (default)
2021-11-30 10:07:50,084 [pool-150-thread-1] INFO  segmented.SegmentedRaftLogWorker (SegmentedRaftLogWorker.java:<init>(182)) - new 9100756b-960e-45b3-aeba-6353ed9ea095@group-D3EED943AD18-SegmentedRaftLogWorker for RaftStorageImpl:Storage Directory /home/runner/work/ozone/ozone/hadoop-ozone/integration-test/target/test-dir/MiniOzoneClusterImpl-0e29ee7e-a070-46b0-aa8f-4a21e578e9b3/datanode-5/data/ratis/1053b465-f2e9-4599-823d-d3eed943ad18
2021-11-30 10:07:50,084 [pool-150-thread-1] INFO  server.RaftServerConfigKeys (ConfUtils.java:logGet(44)) - raft.server.log.queue.byte-limit = 2147483647 (custom)
2021-11-30 10:07:50,084 [pool-150-thread-1] INFO  server.RaftServerConfigKeys (ConfUtils.java:logGet(44)) - raft.server.log.queue.element-limit = 1024 (custom)
2021-11-30 10:07:50,084 [pool-150-thread-1] INFO  server.RaftServerConfigKeys (ConfUtils.java:logGet(44)) - raft.server.log.segment.size.max = 1048576 (custom)
2021-11-30 10:07:50,085 [pool-150-thread-1] INFO  server.RaftServerConfigKeys (ConfUtils.java:logGet(44)) - raft.server.log.preallocated.size = 16384 (custom)
2021-11-30 10:07:50,085 [pool-150-thread-1] INFO  server.RaftServerConfigKeys (ConfUtils.java:logGet(44)) - raft.server.log.force.sync.num = 128 (default)
2021-11-30 10:07:50,085 [pool-150-thread-1] INFO  server.RaftServerConfigKeys (ConfUtils.java:logGet(44)) - raft.server.log.statemachine.data.sync = true (default)
2021-11-30 10:07:50,085 [pool-150-thread-1] INFO  server.RaftServerConfigKeys (ConfUtils.java:logGet(44)) - raft.server.log.statemachine.data.sync.timeout = 10s (default)
2021-11-30 10:07:50,085 [pool-150-thread-1] INFO  server.RaftServerConfigKeys (ConfUtils.java:logGet(44)) - raft.server.log.statemachine.data.sync.timeout.retry = -1 (default)
2021-11-30 10:07:50,090 [pool-150-thread-1] INFO  server.RaftServerConfigKeys (ConfUtils.java:logGet(44)) - raft.server.log.write.buffer.size = 1048576 (custom)
2021-11-30 10:07:50,090 [pool-150-thread-1] INFO  server.RaftServerConfigKeys (ConfUtils.java:logGet(44)) - raft.server.log.statemachine.data.caching.enabled = true (custom)
2021-11-30 10:07:50,091 [pool-150-thread-1] INFO  segmented.SegmentedRaftLogWorker (SegmentedRaftLogWorker.java:lambda$new$0(133)) - 9100756b-960e-45b3-aeba-6353ed9ea095@group-D3EED943AD18-SegmentedRaftLogWorker: flushIndex: setUnconditionally 0 -> -1
2021-11-30 10:07:50,091 [pool-150-thread-1] INFO  segmented.SegmentedRaftLogWorker (SegmentedRaftLogWorker.java:lambda$new$0(133)) - 9100756b-960e-45b3-aeba-6353ed9ea095@group-D3EED943AD18-SegmentedRaftLogWorker: safeCacheEvictIndex: setUnconditionally 0 -> -1
2021-11-30 10:07:50,100 [pool-150-thread-1] INFO  server.RaftServerConfigKeys (ConfUtils.java:logGet(44)) - raft.server.snapshot.auto.trigger.enabled = true (custom)
2021-11-30 10:07:50,100 [pool-150-thread-1] INFO  server.RaftServerConfigKeys (ConfUtils.java:logGet(44)) - raft.server.snapshot.auto.trigger.threshold = 10000 (custom)
2021-11-30 10:07:50,100 [pool-150-thread-1] INFO  server.RaftServerConfigKeys (ConfUtils.java:logGet(44)) - raft.server.snapshot.retention.file.num = 5 (custom)
2021-11-30 10:07:50,100 [pool-150-thread-1] INFO  server.RaftServerConfigKeys (ConfUtils.java:logGet(44)) - raft.server.log.purge.upto.snapshot.index = false (default)
2021-11-30 10:07:50,100 [pool-150-thread-1] INFO  server.RaftServerConfigKeys (ConfUtils.java:logGet(44)) - raft.server.retrycache.expirytime = 600000ms (custom)
2021-11-30 10:07:50,101 [pool-150-thread-1] INFO  server.RaftServerConfigKeys (ConfUtils.java:logGet(44)) - raft.server.retrycache.statistics.expirytime = 100μs (default)
2021-11-30 10:07:50,101 [pool-150-thread-1] INFO  server.RaftServer$Division (RaftServerImpl.java:start(301)) - 9100756b-960e-45b3-aeba-6353ed9ea095@group-D3EED943AD18: start as a follower, conf=-1: [594a5f90-d5fa-4b06-ac33-1af263ebc166|rpc:10.1.0.53:39275|dataStream:|priority:1, f261d845-a31c-4557-bbf6-cf3b66338abe|rpc:10.1.0.53:34515|dataStream:|priority:0, 9100756b-960e-45b3-aeba-6353ed9ea095|rpc:10.1.0.53:41205|dataStream:|priority:0], old=null
2021-11-30 10:07:50,102 [pool-150-thread-1] INFO  server.RaftServer$Division (RaftServerImpl.java:setRole(290)) - 9100756b-960e-45b3-aeba-6353ed9ea095@group-D3EED943AD18: changes role from      null to FOLLOWER at term 0 for startAsFollower
2021-11-30 10:07:50,102 [pool-150-thread-1] INFO  impl.RoleInfo (RoleInfo.java:updateAndGet(130)) - 9100756b-960e-45b3-aeba-6353ed9ea095: start 9100756b-960e-45b3-aeba-6353ed9ea095@group-D3EED943AD18-FollowerState
2021-11-30 10:07:50,103 [pool-150-thread-1] INFO  util.JmxRegister (JmxRegister.java:tryRegister(44)) - Successfully registered JMX Bean with object name Ratis:service=RaftServer,group=group-D3EED943AD18,id=9100756b-960e-45b3-aeba-6353ed9ea095
2021-11-30 10:07:50,145 [Command processor thread] INFO  commandhandler.CreatePipelineCommandHandler (CreatePipelineCommandHandler.java:handle(106)) - Created Pipeline RATIS THREE PipelineID=1053b465-f2e9-4599-823d-d3eed943ad18.
2021-11-30 10:07:50,156 [Command processor thread] INFO  commandhandler.CreatePipelineCommandHandler (CreatePipelineCommandHandler.java:handle(106)) - Created Pipeline RATIS THREE PipelineID=1053b465-f2e9-4599-823d-d3eed943ad18.
2021-11-30 10:07:50,184 [Command processor thread] INFO  server.RaftServer (RaftServerProxy.java:addNew(95)) - 9100756b-960e-45b3-aeba-6353ed9ea095: addNew group-D8CADBBB701C:[9100756b-960e-45b3-aeba-6353ed9ea095|rpc:10.1.0.53:41205|priority:1] returns group-D8CADBBB701C:java.util.concurrent.CompletableFuture@224d2fd8[Not completed]
2021-11-30 10:07:50,185 [pool-150-thread-1] INFO  server.RaftServer$Division (RaftServerImpl.java:<init>(184)) - 9100756b-960e-45b3-aeba-6353ed9ea095: new RaftServerImpl for group-D8CADBBB701C:[9100756b-960e-45b3-aeba-6353ed9ea095|rpc:10.1.0.53:41205|priority:1] with ContainerStateMachine:uninitialized
2021-11-30 10:07:50,185 [pool-150-thread-1] INFO  server.RaftServerConfigKeys (ConfUtils.java:logGet(44)) - raft.server.rpc.timeout.min = 5s (custom)
2021-11-30 10:07:50,185 [pool-150-thread-1] INFO  server.RaftServerConfigKeys (ConfUtils.java:logGet(44)) - raft.server.rpc.timeout.max = 5200ms (custom)
2021-11-30 10:07:50,185 [pool-150-thread-1] INFO  server.RaftServerConfigKeys (ConfUtils.java:logGet(44)) - raft.server.rpc.sleep.time = 25ms (default)
2021-11-30 10:07:50,185 [pool-150-thread-1] INFO  server.RaftServerConfigKeys (ConfUtils.java:logGet(44)) - raft.server.rpc.slowness.timeout = 300000ms (custom)
2021-11-30 10:07:50,185 [pool-150-thread-1] INFO  server.RaftServerConfigKeys (ConfUtils.java:logGet(44)) - raft.server.leaderelection.leader.step-down.wait-time = 10s (default)
2021-11-30 10:07:50,186 [pool-150-thread-1] INFO  server.RaftServerConfigKeys (ConfUtils.java:logGet(44)) - raft.server.sleep.deviation.threshold = 300ms (default)
2021-11-30 10:07:50,186 [pool-150-thread-1] INFO  server.RaftServerConfigKeys (ConfUtils.java:logGet(44)) - raft.server.log.appender.install.snapshot.enabled = false (custom)
2021-11-30 10:07:50,186 [pool-150-thread-1] INFO  server.RaftServer$Division (ServerState.java:<init>(105)) - 9100756b-960e-45b3-aeba-6353ed9ea095@group-D8CADBBB701C: ConfigurationManager, init=-1: [9100756b-960e-45b3-aeba-6353ed9ea095|rpc:10.1.0.53:41205|priority:1], old=null, confs=<EMPTY_MAP>
2021-11-30 10:07:50,186 [pool-150-thread-1] INFO  server.RaftServerConfigKeys (ConfUtils.java:logGet(44)) - raft.server.storage.dir = [/home/runner/work/ozone/ozone/hadoop-ozone/integration-test/target/test-dir/MiniOzoneClusterImpl-0e29ee7e-a070-46b0-aa8f-4a21e578e9b3/datanode-5/data/ratis] (custom)
2021-11-30 10:07:50,186 [pool-150-thread-1] INFO  server.RaftServerConfigKeys (ConfUtils.java:logGet(44)) - raft.server.log.corruption.policy = EXCEPTION (default)
2021-11-30 10:07:50,186 [pool-150-thread-1] INFO  server.RaftServerConfigKeys (ConfUtils.java:logGet(44)) - raft.server.storage.free-space.min = 0MB (=0) (default)
2021-11-30 10:07:50,186 [pool-150-thread-1] INFO  storage.RaftStorageDirectory (RaftStorageDirectoryImpl.java:analyzeStorage(135)) - The storage directory /home/runner/work/ozone/ozone/hadoop-ozone/integration-test/target/test-dir/MiniOzoneClusterImpl-0e29ee7e-a070-46b0-aa8f-4a21e578e9b3/datanode-5/data/ratis/a30b9f78-d6c2-4975-b652-d8cadbbb701c does not exist. Creating ...
2021-11-30 10:07:50,187 [pool-150-thread-1] INFO  storage.RaftStorageDirectory (RaftStorageDirectoryImpl.java:tryLock(230)) - Lock on /home/runner/work/ozone/ozone/hadoop-ozone/integration-test/target/test-dir/MiniOzoneClusterImpl-0e29ee7e-a070-46b0-aa8f-4a21e578e9b3/datanode-5/data/ratis/a30b9f78-d6c2-4975-b652-d8cadbbb701c/in_use.lock acquired by nodename 12829@fv-az297-56
2021-11-30 10:07:50,188 [pool-150-thread-1] INFO  storage.RaftStorage (RaftStorageImpl.java:format(89)) - Storage directory /home/runner/work/ozone/ozone/hadoop-ozone/integration-test/target/test-dir/MiniOzoneClusterImpl-0e29ee7e-a070-46b0-aa8f-4a21e578e9b3/datanode-5/data/ratis/a30b9f78-d6c2-4975-b652-d8cadbbb701c has been successfully formatted.
2021-11-30 10:07:50,189 [pool-150-thread-1] INFO  ratis.ContainerStateMachine (ContainerStateMachine.java:loadSnapshot(224)) - group-D8CADBBB701C: The snapshot info is null. Setting the last applied indexto:(t:0, i:~)
2021-11-30 10:07:50,189 [pool-150-thread-1] INFO  server.RaftServerConfigKeys (ConfUtils.java:logGet(44)) - raft.server.notification.no-leader.timeout = 300000ms (custom)
2021-11-30 10:07:50,189 [pool-150-thread-1] INFO  server.RaftServerConfigKeys (ConfUtils.java:logGet(44)) - raft.server.log.use.memory = false (default)
2021-11-30 10:07:50,189 [pool-150-thread-1] INFO  server.RaftServerConfigKeys (ConfUtils.java:logGet(44)) - raft.server.log.purge.gap = 1000000 (custom)
2021-11-30 10:07:50,189 [pool-150-thread-1] INFO  server.RaftServerConfigKeys (ConfUtils.java:logGet(44)) - raft.server.log.appender.buffer.byte-limit = 33554432 (custom)
2021-11-30 10:07:50,189 [pool-150-thread-1] INFO  server.RaftServerConfigKeys (ConfUtils.java:logGet(44)) - raft.server.log.segment.size.max = 1048576 (custom)
2021-11-30 10:07:50,190 [pool-150-thread-1] INFO  server.RaftServerConfigKeys (ConfUtils.java:logGet(44)) - raft.server.log.segment.cache.num.max = 2 (custom)
2021-11-30 10:07:50,190 [pool-150-thread-1] INFO  server.RaftServerConfigKeys (ConfUtils.java:logGet(44)) - raft.server.log.segment.cache.size.max = 200MB (=209715200) (default)
2021-11-30 10:07:50,190 [pool-150-thread-1] INFO  segmented.SegmentedRaftLogWorker (SegmentedRaftLogWorker.java:<init>(182)) - new 9100756b-960e-45b3-aeba-6353ed9ea095@group-D8CADBBB701C-SegmentedRaftLogWorker for RaftStorageImpl:Storage Directory /home/runner/work/ozone/ozone/hadoop-ozone/integration-test/target/test-dir/MiniOzoneClusterImpl-0e29ee7e-a070-46b0-aa8f-4a21e578e9b3/datanode-5/data/ratis/a30b9f78-d6c2-4975-b652-d8cadbbb701c
2021-11-30 10:07:50,190 [pool-150-thread-1] INFO  server.RaftServerConfigKeys (ConfUtils.java:logGet(44)) - raft.server.log.queue.byte-limit = 2147483647 (custom)
2021-11-30 10:07:50,190 [pool-150-thread-1] INFO  server.RaftServerConfigKeys (ConfUtils.java:logGet(44)) - raft.server.log.queue.element-limit = 1024 (custom)
2021-11-30 10:07:50,190 [pool-150-thread-1] INFO  server.RaftServerConfigKeys (ConfUtils.java:logGet(44)) - raft.server.log.segment.size.max = 1048576 (custom)
2021-11-30 10:07:50,190 [pool-150-thread-1] INFO  server.RaftServerConfigKeys (ConfUtils.java:logGet(44)) - raft.server.log.preallocated.size = 16384 (custom)
2021-11-30 10:07:50,190 [pool-150-thread-1] INFO  server.RaftServerConfigKeys (ConfUtils.java:logGet(44)) - raft.server.log.force.sync.num = 128 (default)
2021-11-30 10:07:50,190 [pool-150-thread-1] INFO  server.RaftServerConfigKeys (ConfUtils.java:logGet(44)) - raft.server.log.statemachine.data.sync = true (default)
2021-11-30 10:07:50,190 [pool-150-thread-1] INFO  server.RaftServerConfigKeys (ConfUtils.java:logGet(44)) - raft.server.log.statemachine.data.sync.timeout = 10s (default)
2021-11-30 10:07:50,190 [pool-150-thread-1] INFO  server.RaftServerConfigKeys (ConfUtils.java:logGet(44)) - raft.server.log.statemachine.data.sync.timeout.retry = -1 (default)
2021-11-30 10:07:50,190 [EventQueue-PipelineReportForPipelineReportHandler] INFO  pipeline.PipelineManagerImpl (PipelineManagerImpl.java:openPipeline(289)) - Pipeline Pipeline[ Id: a30b9f78-d6c2-4975-b652-d8cadbbb701c, Nodes: 9100756b-960e-45b3-aeba-6353ed9ea095{ip: 10.1.0.53, host: fv-az297-56.nmf1rxwemy4u5di1sxxf4ejcwb.jx.internal.cloudapp.net, ports: [REPLICATION=38163, RATIS=41205, RATIS_ADMIN=41205, RATIS_SERVER=41205, STANDALONE=34613], networkLocation: /default-rack, certSerialId: null, persistedOpState: IN_SERVICE, persistedOpStateExpiryEpochSec: 0}, ReplicationConfig: RATIS/ONE, State:ALLOCATED, leaderId:9100756b-960e-45b3-aeba-6353ed9ea095, CreationTimestamp2021-11-30T10:07:47.193Z[Etc/UTC]] moved to OPEN state
2021-11-30 10:07:50,191 [pool-150-thread-1] INFO  server.RaftServerConfigKeys (ConfUtils.java:logGet(44)) - raft.server.log.write.buffer.size = 1048576 (custom)
2021-11-30 10:07:50,191 [EventQueue-OpenPipelineForHealthyPipelineSafeModeRule] INFO  safemode.SCMSafeModeManager (HealthyPipelineSafeModeRule.java:process(124)) - SCM in safe mode. Healthy pipelines reported count is 0, required healthy pipeline reported count is 1
2021-11-30 10:07:50,192 [pool-150-thread-1] INFO  server.RaftServerConfigKeys (ConfUtils.java:logGet(44)) - raft.server.log.statemachine.data.caching.enabled = true (custom)
2021-11-30 10:07:50,192 [pool-150-thread-1] INFO  segmented.SegmentedRaftLogWorker (SegmentedRaftLogWorker.java:lambda$new$0(133)) - 9100756b-960e-45b3-aeba-6353ed9ea095@group-D8CADBBB701C-SegmentedRaftLogWorker: flushIndex: setUnconditionally 0 -> -1
2021-11-30 10:07:50,193 [pool-150-thread-1] INFO  segmented.SegmentedRaftLogWorker (SegmentedRaftLogWorker.java:lambda$new$0(133)) - 9100756b-960e-45b3-aeba-6353ed9ea095@group-D8CADBBB701C-SegmentedRaftLogWorker: safeCacheEvictIndex: setUnconditionally 0 -> -1
2021-11-30 10:07:50,193 [pool-150-thread-1] INFO  server.RaftServerConfigKeys (ConfUtils.java:logGet(44)) - raft.server.snapshot.auto.trigger.enabled = true (custom)
2021-11-30 10:07:50,193 [pool-150-thread-1] INFO  server.RaftServerConfigKeys (ConfUtils.java:logGet(44)) - raft.server.snapshot.auto.trigger.threshold = 10000 (custom)
2021-11-30 10:07:50,193 [pool-150-thread-1] INFO  server.RaftServerConfigKeys (ConfUtils.java:logGet(44)) - raft.server.snapshot.retention.file.num = 5 (custom)
2021-11-30 10:07:50,193 [pool-150-thread-1] INFO  server.RaftServerConfigKeys (ConfUtils.java:logGet(44)) - raft.server.log.purge.upto.snapshot.index = false (default)
2021-11-30 10:07:50,193 [pool-150-thread-1] INFO  server.RaftServerConfigKeys (ConfUtils.java:logGet(44)) - raft.server.retrycache.expirytime = 600000ms (custom)
2021-11-30 10:07:50,193 [pool-150-thread-1] INFO  server.RaftServerConfigKeys (ConfUtils.java:logGet(44)) - raft.server.retrycache.statistics.expirytime = 100μs (default)
2021-11-30 10:07:50,194 [pool-150-thread-1] INFO  server.RaftServer$Division (RaftServerImpl.java:start(301)) - 9100756b-960e-45b3-aeba-6353ed9ea095@group-D8CADBBB701C: start as a follower, conf=-1: [9100756b-960e-45b3-aeba-6353ed9ea095|rpc:10.1.0.53:41205|priority:1], old=null
2021-11-30 10:07:50,194 [pool-150-thread-1] INFO  server.RaftServer$Division (RaftServerImpl.java:setRole(290)) - 9100756b-960e-45b3-aeba-6353ed9ea095@group-D8CADBBB701C: changes role from      null to FOLLOWER at term 0 for startAsFollower
2021-11-30 10:07:50,194 [pool-150-thread-1] INFO  impl.RoleInfo (RoleInfo.java:updateAndGet(130)) - 9100756b-960e-45b3-aeba-6353ed9ea095: start 9100756b-960e-45b3-aeba-6353ed9ea095@group-D8CADBBB701C-FollowerState
2021-11-30 10:07:50,197 [pool-150-thread-1] INFO  util.JmxRegister (JmxRegister.java:tryRegister(44)) - Successfully registered JMX Bean with object name Ratis:service=RaftServer,group=group-D8CADBBB701C,id=9100756b-960e-45b3-aeba-6353ed9ea095
2021-11-30 10:07:50,198 [Command processor thread] INFO  ratis.XceiverServerRatis (XceiverServerRatis.java:addGroup(768)) - Created group PipelineID=a30b9f78-d6c2-4975-b652-d8cadbbb701c
2021-11-30 10:07:50,198 [Command processor thread] INFO  commandhandler.CreatePipelineCommandHandler (CreatePipelineCommandHandler.java:handle(106)) - Created Pipeline RATIS ONE PipelineID=a30b9f78-d6c2-4975-b652-d8cadbbb701c.
2021-11-30 10:07:50,356 [Listener at 127.0.0.1/41539] INFO  ozone.MiniOzoneClusterImpl (MiniOzoneClusterImpl.java:lambda$waitForClusterToBeReady$0(235)) - Nodes are ready. Got 7 of 7 DN Heartbeats.
2021-11-30 10:07:50,356 [Listener at 127.0.0.1/41539] INFO  ozone.MiniOzoneClusterImpl (MiniOzoneClusterImpl.java:lambda$waitForClusterToBeReady$0(238)) - Waiting for cluster to exit safe mode
2021-11-30 10:07:50,356 [Listener at 127.0.0.1/41539] INFO  ozone.MiniOzoneClusterImpl (MiniOzoneClusterImpl.java:lambda$waitForClusterToBeReady$0(240)) - SCM became leader
2021-11-30 10:07:50,366 [Command processor thread] INFO  server.RaftServer (RaftServerProxy.java:addNew(95)) - 6554f318-a890-4dbb-b82d-600ac54ca0e4: addNew group-BEFF2B3F06C2:[6554f318-a890-4dbb-b82d-600ac54ca0e4|rpc:10.1.0.53:36339|priority:1] returns group-BEFF2B3F06C2:java.util.concurrent.CompletableFuture@71b22613[Not completed]
2021-11-30 10:07:50,368 [pool-169-thread-1] INFO  server.RaftServer$Division (RaftServerImpl.java:<init>(184)) - 6554f318-a890-4dbb-b82d-600ac54ca0e4: new RaftServerImpl for group-BEFF2B3F06C2:[6554f318-a890-4dbb-b82d-600ac54ca0e4|rpc:10.1.0.53:36339|priority:1] with ContainerStateMachine:uninitialized
2021-11-30 10:07:50,368 [pool-169-thread-1] INFO  server.RaftServerConfigKeys (ConfUtils.java:logGet(44)) - raft.server.rpc.timeout.min = 5s (custom)
2021-11-30 10:07:50,368 [pool-169-thread-1] INFO  server.RaftServerConfigKeys (ConfUtils.java:logGet(44)) - raft.server.rpc.timeout.max = 5200ms (custom)
2021-11-30 10:07:50,368 [pool-169-thread-1] INFO  server.RaftServerConfigKeys (ConfUtils.java:logGet(44)) - raft.server.rpc.sleep.time = 25ms (default)
2021-11-30 10:07:50,368 [pool-169-thread-1] INFO  server.RaftServerConfigKeys (ConfUtils.java:logGet(44)) - raft.server.rpc.slowness.timeout = 300000ms (custom)
2021-11-30 10:07:50,368 [pool-169-thread-1] INFO  server.RaftServerConfigKeys (ConfUtils.java:logGet(44)) - raft.server.leaderelection.leader.step-down.wait-time = 10s (default)
2021-11-30 10:07:50,368 [pool-169-thread-1] INFO  server.RaftServerConfigKeys (ConfUtils.java:logGet(44)) - raft.server.sleep.deviation.threshold = 300ms (default)
2021-11-30 10:07:50,368 [pool-169-thread-1] INFO  server.RaftServerConfigKeys (ConfUtils.java:logGet(44)) - raft.server.log.appender.install.snapshot.enabled = false (custom)
2021-11-30 10:07:50,368 [pool-169-thread-1] INFO  server.RaftServer$Division (ServerState.java:<init>(105)) - 6554f318-a890-4dbb-b82d-600ac54ca0e4@group-BEFF2B3F06C2: ConfigurationManager, init=-1: [6554f318-a890-4dbb-b82d-600ac54ca0e4|rpc:10.1.0.53:36339|priority:1], old=null, confs=<EMPTY_MAP>
2021-11-30 10:07:50,368 [pool-169-thread-1] INFO  server.RaftServerConfigKeys (ConfUtils.java:logGet(44)) - raft.server.storage.dir = [/home/runner/work/ozone/ozone/hadoop-ozone/integration-test/target/test-dir/MiniOzoneClusterImpl-0e29ee7e-a070-46b0-aa8f-4a21e578e9b3/datanode-6/data/ratis] (custom)
2021-11-30 10:07:50,369 [pool-169-thread-1] INFO  server.RaftServerConfigKeys (ConfUtils.java:logGet(44)) - raft.server.log.corruption.policy = EXCEPTION (default)
2021-11-30 10:07:50,369 [pool-169-thread-1] INFO  server.RaftServerConfigKeys (ConfUtils.java:logGet(44)) - raft.server.storage.free-space.min = 0MB (=0) (default)
2021-11-30 10:07:50,369 [pool-169-thread-1] INFO  storage.RaftStorageDirectory (RaftStorageDirectoryImpl.java:analyzeStorage(135)) - The storage directory /home/runner/work/ozone/ozone/hadoop-ozone/integration-test/target/test-dir/MiniOzoneClusterImpl-0e29ee7e-a070-46b0-aa8f-4a21e578e9b3/datanode-6/data/ratis/da3f8c28-ae31-443f-b8ce-beff2b3f06c2 does not exist. Creating ...
2021-11-30 10:07:50,370 [pool-169-thread-1] INFO  storage.RaftStorageDirectory (RaftStorageDirectoryImpl.java:tryLock(230)) - Lock on /home/runner/work/ozone/ozone/hadoop-ozone/integration-test/target/test-dir/MiniOzoneClusterImpl-0e29ee7e-a070-46b0-aa8f-4a21e578e9b3/datanode-6/data/ratis/da3f8c28-ae31-443f-b8ce-beff2b3f06c2/in_use.lock acquired by nodename 12829@fv-az297-56
2021-11-30 10:07:50,372 [pool-169-thread-1] INFO  storage.RaftStorage (RaftStorageImpl.java:format(89)) - Storage directory /home/runner/work/ozone/ozone/hadoop-ozone/integration-test/target/test-dir/MiniOzoneClusterImpl-0e29ee7e-a070-46b0-aa8f-4a21e578e9b3/datanode-6/data/ratis/da3f8c28-ae31-443f-b8ce-beff2b3f06c2 has been successfully formatted.
2021-11-30 10:07:50,373 [pool-169-thread-1] INFO  ratis.ContainerStateMachine (ContainerStateMachine.java:loadSnapshot(224)) - group-BEFF2B3F06C2: The snapshot info is null. Setting the last applied indexto:(t:0, i:~)
2021-11-30 10:07:50,373 [pool-169-thread-1] INFO  server.RaftServerConfigKeys (ConfUtils.java:logGet(44)) - raft.server.notification.no-leader.timeout = 300000ms (custom)
2021-11-30 10:07:50,373 [pool-169-thread-1] INFO  server.RaftServerConfigKeys (ConfUtils.java:logGet(44)) - raft.server.log.use.memory = false (default)
2021-11-30 10:07:50,374 [pool-169-thread-1] INFO  server.RaftServerConfigKeys (ConfUtils.java:logGet(44)) - raft.server.log.purge.gap = 1000000 (custom)
2021-11-30 10:07:50,374 [pool-169-thread-1] INFO  server.RaftServerConfigKeys (ConfUtils.java:logGet(44)) - raft.server.log.appender.buffer.byte-limit = 33554432 (custom)
2021-11-30 10:07:50,374 [pool-169-thread-1] INFO  server.RaftServerConfigKeys (ConfUtils.java:logGet(44)) - raft.server.log.segment.size.max = 1048576 (custom)
2021-11-30 10:07:50,374 [pool-169-thread-1] INFO  server.RaftServerConfigKeys (ConfUtils.java:logGet(44)) - raft.server.log.segment.cache.num.max = 2 (custom)
2021-11-30 10:07:50,374 [pool-169-thread-1] INFO  server.RaftServerConfigKeys (ConfUtils.java:logGet(44)) - raft.server.log.segment.cache.size.max = 200MB (=209715200) (default)
2021-11-30 10:07:50,374 [pool-169-thread-1] INFO  segmented.SegmentedRaftLogWorker (SegmentedRaftLogWorker.java:<init>(182)) - new 6554f318-a890-4dbb-b82d-600ac54ca0e4@group-BEFF2B3F06C2-SegmentedRaftLogWorker for RaftStorageImpl:Storage Directory /home/runner/work/ozone/ozone/hadoop-ozone/integration-test/target/test-dir/MiniOzoneClusterImpl-0e29ee7e-a070-46b0-aa8f-4a21e578e9b3/datanode-6/data/ratis/da3f8c28-ae31-443f-b8ce-beff2b3f06c2
2021-11-30 10:07:50,374 [pool-169-thread-1] INFO  server.RaftServerConfigKeys (ConfUtils.java:logGet(44)) - raft.server.log.queue.byte-limit = 2147483647 (custom)
2021-11-30 10:07:50,374 [pool-169-thread-1] INFO  server.RaftServerConfigKeys (ConfUtils.java:logGet(44)) - raft.server.log.queue.element-limit = 1024 (custom)
2021-11-30 10:07:50,374 [pool-169-thread-1] INFO  server.RaftServerConfigKeys (ConfUtils.java:logGet(44)) - raft.server.log.segment.size.max = 1048576 (custom)
2021-11-30 10:07:50,374 [pool-169-thread-1] INFO  server.RaftServerConfigKeys (ConfUtils.java:logGet(44)) - raft.server.log.preallocated.size = 16384 (custom)
2021-11-30 10:07:50,374 [pool-169-thread-1] INFO  server.RaftServerConfigKeys (ConfUtils.java:logGet(44)) - raft.server.log.force.sync.num = 128 (default)
2021-11-30 10:07:50,374 [pool-169-thread-1] INFO  server.RaftServerConfigKeys (ConfUtils.java:logGet(44)) - raft.server.log.statemachine.data.sync = true (default)
2021-11-30 10:07:50,374 [pool-169-thread-1] INFO  server.RaftServerConfigKeys (ConfUtils.java:logGet(44)) - raft.server.log.statemachine.data.sync.timeout = 10s (default)
2021-11-30 10:07:50,375 [pool-169-thread-1] INFO  server.RaftServerConfigKeys (ConfUtils.java:logGet(44)) - raft.server.log.statemachine.data.sync.timeout.retry = -1 (default)
2021-11-30 10:07:50,375 [pool-169-thread-1] INFO  server.RaftServerConfigKeys (ConfUtils.java:logGet(44)) - raft.server.log.write.buffer.size = 1048576 (custom)
2021-11-30 10:07:50,375 [EventQueue-PipelineReportForPipelineReportHandler] INFO  pipeline.PipelineManagerImpl (PipelineManagerImpl.java:openPipeline(289)) - Pipeline Pipeline[ Id: da3f8c28-ae31-443f-b8ce-beff2b3f06c2, Nodes: 6554f318-a890-4dbb-b82d-600ac54ca0e4{ip: 10.1.0.53, host: fv-az297-56.nmf1rxwemy4u5di1sxxf4ejcwb.jx.internal.cloudapp.net, ports: [REPLICATION=41033, RATIS=36339, RATIS_ADMIN=36339, RATIS_SERVER=36339, STANDALONE=44085], networkLocation: /default-rack, certSerialId: null, persistedOpState: IN_SERVICE, persistedOpStateExpiryEpochSec: 0}, ReplicationConfig: RATIS/ONE, State:ALLOCATED, leaderId:6554f318-a890-4dbb-b82d-600ac54ca0e4, CreationTimestamp2021-11-30T10:07:47.368Z[Etc/UTC]] moved to OPEN state
2021-11-30 10:07:50,376 [EventQueue-OpenPipelineForHealthyPipelineSafeModeRule] INFO  safemode.SCMSafeModeManager (HealthyPipelineSafeModeRule.java:process(124)) - SCM in safe mode. Healthy pipelines reported count is 0, required healthy pipeline reported count is 1
2021-11-30 10:07:50,376 [pool-169-thread-1] INFO  server.RaftServerConfigKeys (ConfUtils.java:logGet(44)) - raft.server.log.statemachine.data.caching.enabled = true (custom)
2021-11-30 10:07:50,378 [pool-169-thread-1] INFO  segmented.SegmentedRaftLogWorker (SegmentedRaftLogWorker.java:lambda$new$0(133)) - 6554f318-a890-4dbb-b82d-600ac54ca0e4@group-BEFF2B3F06C2-SegmentedRaftLogWorker: flushIndex: setUnconditionally 0 -> -1
2021-11-30 10:07:50,378 [pool-169-thread-1] INFO  segmented.SegmentedRaftLogWorker (SegmentedRaftLogWorker.java:lambda$new$0(133)) - 6554f318-a890-4dbb-b82d-600ac54ca0e4@group-BEFF2B3F06C2-SegmentedRaftLogWorker: safeCacheEvictIndex: setUnconditionally 0 -> -1
2021-11-30 10:07:50,378 [pool-169-thread-1] INFO  server.RaftServerConfigKeys (ConfUtils.java:logGet(44)) - raft.server.snapshot.auto.trigger.enabled = true (custom)
2021-11-30 10:07:50,379 [pool-169-thread-1] INFO  server.RaftServerConfigKeys (ConfUtils.java:logGet(44)) - raft.server.snapshot.auto.trigger.threshold = 10000 (custom)
2021-11-30 10:07:50,379 [pool-169-thread-1] INFO  server.RaftServerConfigKeys (ConfUtils.java:logGet(44)) - raft.server.snapshot.retention.file.num = 5 (custom)
2021-11-30 10:07:50,379 [pool-169-thread-1] INFO  server.RaftServerConfigKeys (ConfUtils.java:logGet(44)) - raft.server.log.purge.upto.snapshot.index = false (default)
2021-11-30 10:07:50,379 [pool-169-thread-1] INFO  server.RaftServerConfigKeys (ConfUtils.java:logGet(44)) - raft.server.retrycache.expirytime = 600000ms (custom)
2021-11-30 10:07:50,379 [pool-169-thread-1] INFO  server.RaftServerConfigKeys (ConfUtils.java:logGet(44)) - raft.server.retrycache.statistics.expirytime = 100μs (default)
2021-11-30 10:07:50,380 [pool-169-thread-1] INFO  server.RaftServer$Division (RaftServerImpl.java:start(301)) - 6554f318-a890-4dbb-b82d-600ac54ca0e4@group-BEFF2B3F06C2: start as a follower, conf=-1: [6554f318-a890-4dbb-b82d-600ac54ca0e4|rpc:10.1.0.53:36339|priority:1], old=null
2021-11-30 10:07:50,380 [pool-169-thread-1] INFO  server.RaftServer$Division (RaftServerImpl.java:setRole(290)) - 6554f318-a890-4dbb-b82d-600ac54ca0e4@group-BEFF2B3F06C2: changes role from      null to FOLLOWER at term 0 for startAsFollower
2021-11-30 10:07:50,380 [pool-169-thread-1] INFO  impl.RoleInfo (RoleInfo.java:updateAndGet(130)) - 6554f318-a890-4dbb-b82d-600ac54ca0e4: start 6554f318-a890-4dbb-b82d-600ac54ca0e4@group-BEFF2B3F06C2-FollowerState
2021-11-30 10:07:50,383 [pool-169-thread-1] INFO  util.JmxRegister (JmxRegister.java:tryRegister(44)) - Successfully registered JMX Bean with object name Ratis:service=RaftServer,group=group-BEFF2B3F06C2,id=6554f318-a890-4dbb-b82d-600ac54ca0e4
2021-11-30 10:07:50,384 [Command processor thread] INFO  ratis.XceiverServerRatis (XceiverServerRatis.java:addGroup(768)) - Created group PipelineID=da3f8c28-ae31-443f-b8ce-beff2b3f06c2
2021-11-30 10:07:50,385 [Command processor thread] INFO  commandhandler.CreatePipelineCommandHandler (CreatePipelineCommandHandler.java:handle(106)) - Created Pipeline RATIS ONE PipelineID=da3f8c28-ae31-443f-b8ce-beff2b3f06c2.
2021-11-30 10:07:51,356 [Listener at 127.0.0.1/41539] INFO  ozone.MiniOzoneClusterImpl (MiniOzoneClusterImpl.java:lambda$waitForClusterToBeReady$0(235)) - Nodes are ready. Got 7 of 7 DN Heartbeats.
2021-11-30 10:07:51,357 [Listener at 127.0.0.1/41539] INFO  ozone.MiniOzoneClusterImpl (MiniOzoneClusterImpl.java:lambda$waitForClusterToBeReady$0(238)) - Waiting for cluster to exit safe mode
2021-11-30 10:07:51,357 [Listener at 127.0.0.1/41539] INFO  ozone.MiniOzoneClusterImpl (MiniOzoneClusterImpl.java:lambda$waitForClusterToBeReady$0(240)) - SCM became leader
2021-11-30 10:07:52,357 [Listener at 127.0.0.1/41539] INFO  ozone.MiniOzoneClusterImpl (MiniOzoneClusterImpl.java:lambda$waitForClusterToBeReady$0(235)) - Nodes are ready. Got 7 of 7 DN Heartbeats.
2021-11-30 10:07:52,357 [Listener at 127.0.0.1/41539] INFO  ozone.MiniOzoneClusterImpl (MiniOzoneClusterImpl.java:lambda$waitForClusterToBeReady$0(238)) - Waiting for cluster to exit safe mode
2021-11-30 10:07:52,357 [Listener at 127.0.0.1/41539] INFO  ozone.MiniOzoneClusterImpl (MiniOzoneClusterImpl.java:lambda$waitForClusterToBeReady$0(240)) - SCM became leader
2021-11-30 10:07:53,358 [Listener at 127.0.0.1/41539] INFO  ozone.MiniOzoneClusterImpl (MiniOzoneClusterImpl.java:lambda$waitForClusterToBeReady$0(235)) - Nodes are ready. Got 7 of 7 DN Heartbeats.
2021-11-30 10:07:53,358 [Listener at 127.0.0.1/41539] INFO  ozone.MiniOzoneClusterImpl (MiniOzoneClusterImpl.java:lambda$waitForClusterToBeReady$0(238)) - Waiting for cluster to exit safe mode
2021-11-30 10:07:53,358 [Listener at 127.0.0.1/41539] INFO  ozone.MiniOzoneClusterImpl (MiniOzoneClusterImpl.java:lambda$waitForClusterToBeReady$0(240)) - SCM became leader
2021-11-30 10:07:53,988 [fc496f33-557f-4ba9-a352-3c0776838466@group-AD92F1682EBA-FollowerState] INFO  impl.FollowerState (FollowerState.java:run(134)) - fc496f33-557f-4ba9-a352-3c0776838466@group-AD92F1682EBA-FollowerState: change to CANDIDATE, lastRpcElapsedTime:5029058082ns, electionTimeout:5024ms
2021-11-30 10:07:53,989 [fc496f33-557f-4ba9-a352-3c0776838466@group-AD92F1682EBA-FollowerState] INFO  impl.RoleInfo (RoleInfo.java:shutdownFollowerState(108)) - fc496f33-557f-4ba9-a352-3c0776838466: shutdown fc496f33-557f-4ba9-a352-3c0776838466@group-AD92F1682EBA-FollowerState
2021-11-30 10:07:53,989 [fc496f33-557f-4ba9-a352-3c0776838466@group-AD92F1682EBA-FollowerState] INFO  server.RaftServer$Division (RaftServerImpl.java:setRole(290)) - fc496f33-557f-4ba9-a352-3c0776838466@group-AD92F1682EBA: changes role from  FOLLOWER to CANDIDATE at term 0 for changeToCandidate
2021-11-30 10:07:53,989 [fc496f33-557f-4ba9-a352-3c0776838466@group-AD92F1682EBA-FollowerState] INFO  server.RaftServerConfigKeys (ConfUtils.java:logGet(44)) - raft.server.leaderelection.pre-vote = false (custom)
2021-11-30 10:07:53,989 [fc496f33-557f-4ba9-a352-3c0776838466@group-AD92F1682EBA-FollowerState] INFO  impl.RoleInfo (RoleInfo.java:updateAndGet(130)) - fc496f33-557f-4ba9-a352-3c0776838466: start fc496f33-557f-4ba9-a352-3c0776838466@group-AD92F1682EBA-LeaderElection2
2021-11-30 10:07:53,993 [fc496f33-557f-4ba9-a352-3c0776838466@group-AD92F1682EBA-LeaderElection2] INFO  impl.LeaderElection (LeaderElection.java:askForVotes(306)) - fc496f33-557f-4ba9-a352-3c0776838466@group-AD92F1682EBA-LeaderElection2 ELECTION round 0: submit vote requests at term 1 for -1: [fc496f33-557f-4ba9-a352-3c0776838466|rpc:10.1.0.53:44781|priority:1], old=null
2021-11-30 10:07:53,993 [fc496f33-557f-4ba9-a352-3c0776838466@group-AD92F1682EBA-LeaderElection2] INFO  impl.LeaderElection (LeaderElection.java:askForVotes(308)) - fc496f33-557f-4ba9-a352-3c0776838466@group-AD92F1682EBA-LeaderElection2 ELECTION round 0: result PASSED (term=1)
2021-11-30 10:07:53,993 [fc496f33-557f-4ba9-a352-3c0776838466@group-AD92F1682EBA-LeaderElection2] INFO  impl.RoleInfo (RoleInfo.java:shutdownLeaderElection(121)) - fc496f33-557f-4ba9-a352-3c0776838466: shutdown fc496f33-557f-4ba9-a352-3c0776838466@group-AD92F1682EBA-LeaderElection2
2021-11-30 10:07:53,993 [fc496f33-557f-4ba9-a352-3c0776838466@group-AD92F1682EBA-LeaderElection2] INFO  server.RaftServer$Division (RaftServerImpl.java:setRole(290)) - fc496f33-557f-4ba9-a352-3c0776838466@group-AD92F1682EBA: changes role from CANDIDATE to LEADER at term 1 for changeToLeader
2021-11-30 10:07:53,993 [fc496f33-557f-4ba9-a352-3c0776838466@group-AD92F1682EBA-LeaderElection2] INFO  ratis.XceiverServerRatis (XceiverServerRatis.java:handleLeaderChangedNotification(866)) - Leader change notification received for group: group-AD92F1682EBA with new leaderId: fc496f33-557f-4ba9-a352-3c0776838466
2021-11-30 10:07:53,993 [fc496f33-557f-4ba9-a352-3c0776838466@group-AD92F1682EBA-LeaderElection2] INFO  server.RaftServer$Division (ServerState.java:setLeader(285)) - fc496f33-557f-4ba9-a352-3c0776838466@group-AD92F1682EBA: change Leader from null to fc496f33-557f-4ba9-a352-3c0776838466 at term 1 for becomeLeader, leader elected after 5062ms
2021-11-30 10:07:53,993 [fc496f33-557f-4ba9-a352-3c0776838466@group-AD92F1682EBA-LeaderElection2] INFO  server.RaftServerConfigKeys (ConfUtils.java:logGet(44)) - raft.server.staging.catchup.gap = 1000 (default)
2021-11-30 10:07:53,994 [fc496f33-557f-4ba9-a352-3c0776838466@group-AD92F1682EBA-LeaderElection2] INFO  server.RaftServerConfigKeys (ConfUtils.java:logGet(44)) - raft.server.write.element-limit = 1024 (custom)
2021-11-30 10:07:53,994 [fc496f33-557f-4ba9-a352-3c0776838466@group-AD92F1682EBA-LeaderElection2] INFO  server.RaftServerConfigKeys (ConfUtils.java:logGet(44)) - raft.server.write.byte-limit = 1024 M (=1073741824) (custom)
2021-11-30 10:07:53,994 [fc496f33-557f-4ba9-a352-3c0776838466@group-AD92F1682EBA-LeaderElection2] INFO  server.RaftServerConfigKeys (ConfUtils.java:logGet(44)) - raft.server.watch.timeout = 3000ms (custom)
2021-11-30 10:07:53,994 [fc496f33-557f-4ba9-a352-3c0776838466@group-AD92F1682EBA-LeaderElection2] INFO  server.RaftServerConfigKeys (ConfUtils.java:logGet(44)) - raft.server.watch.timeout.denomination = 1s (default)
2021-11-30 10:07:53,994 [fc496f33-557f-4ba9-a352-3c0776838466@group-AD92F1682EBA-LeaderElection2] INFO  server.RaftServerConfigKeys (ConfUtils.java:logGet(44)) - raft.server.watch.element-limit = 65536 (default)
2021-11-30 10:07:53,995 [fc496f33-557f-4ba9-a352-3c0776838466@group-AD92F1682EBA-LeaderElection2] INFO  server.RaftServerConfigKeys (ConfUtils.java:logGet(44)) - raft.server.write.element-limit = 1024 (custom)
2021-11-30 10:07:53,995 [fc496f33-557f-4ba9-a352-3c0776838466@group-AD92F1682EBA-LeaderElection2] INFO  server.RaftServerConfigKeys (ConfUtils.java:logGet(44)) - raft.server.write.follower.gap.ratio.max = -1.0 (default)
2021-11-30 10:07:53,995 [fc496f33-557f-4ba9-a352-3c0776838466@group-AD92F1682EBA-LeaderElection2] INFO  impl.RoleInfo (RoleInfo.java:updateAndGet(130)) - fc496f33-557f-4ba9-a352-3c0776838466: start fc496f33-557f-4ba9-a352-3c0776838466@group-AD92F1682EBA-LeaderStateImpl
2021-11-30 10:07:53,995 [fc496f33-557f-4ba9-a352-3c0776838466@group-AD92F1682EBA-LeaderElection2] INFO  segmented.SegmentedRaftLogWorker (SegmentedRaftLogWorker.java:startLogSegment(394)) - fc496f33-557f-4ba9-a352-3c0776838466@group-AD92F1682EBA-SegmentedRaftLogWorker: Starting segment from index:0
2021-11-30 10:07:53,995 [EventQueue-OpenPipelineForHealthyPipelineSafeModeRule] INFO  safemode.SCMSafeModeManager (HealthyPipelineSafeModeRule.java:process(124)) - SCM in safe mode. Healthy pipelines reported count is 0, required healthy pipeline reported count is 1
2021-11-30 10:07:53,996 [fc496f33-557f-4ba9-a352-3c0776838466@group-AD92F1682EBA-SegmentedRaftLogWorker] INFO  segmented.SegmentedRaftLogWorker (SegmentedRaftLogWorker.java:execute(601)) - fc496f33-557f-4ba9-a352-3c0776838466@group-AD92F1682EBA-SegmentedRaftLogWorker: created new log segment /home/runner/work/ozone/ozone/hadoop-ozone/integration-test/target/test-dir/MiniOzoneClusterImpl-0e29ee7e-a070-46b0-aa8f-4a21e578e9b3/datanode-0/data/ratis/8e7695d8-f261-497c-a029-ad92f1682eba/current/log_inprogress_0
2021-11-30 10:07:54,000 [fc496f33-557f-4ba9-a352-3c0776838466@group-AD92F1682EBA-LeaderElection2] INFO  server.RaftServer$Division (ServerState.java:setRaftConf(387)) - fc496f33-557f-4ba9-a352-3c0776838466@group-AD92F1682EBA: set configuration 0: [fc496f33-557f-4ba9-a352-3c0776838466|rpc:10.1.0.53:44781|dataStream:|priority:1], old=null
2021-11-30 10:07:54,199 [fc496f33-557f-4ba9-a352-3c0776838466@group-D183E921640B-FollowerState] INFO  impl.FollowerState (FollowerState.java:run(134)) - fc496f33-557f-4ba9-a352-3c0776838466@group-D183E921640B-FollowerState: change to CANDIDATE, lastRpcElapsedTime:5186857233ns, electionTimeout:5178ms
2021-11-30 10:07:54,200 [fc496f33-557f-4ba9-a352-3c0776838466@group-D183E921640B-FollowerState] INFO  impl.RoleInfo (RoleInfo.java:shutdownFollowerState(108)) - fc496f33-557f-4ba9-a352-3c0776838466: shutdown fc496f33-557f-4ba9-a352-3c0776838466@group-D183E921640B-FollowerState
2021-11-30 10:07:54,201 [fc496f33-557f-4ba9-a352-3c0776838466@group-D183E921640B-FollowerState] INFO  server.RaftServer$Division (RaftServerImpl.java:setRole(290)) - fc496f33-557f-4ba9-a352-3c0776838466@group-D183E921640B: changes role from  FOLLOWER to CANDIDATE at term 0 for changeToCandidate
2021-11-30 10:07:54,201 [fc496f33-557f-4ba9-a352-3c0776838466@group-D183E921640B-FollowerState] INFO  server.RaftServerConfigKeys (ConfUtils.java:logGet(44)) - raft.server.leaderelection.pre-vote = false (custom)
2021-11-30 10:07:54,201 [fc496f33-557f-4ba9-a352-3c0776838466@group-D183E921640B-FollowerState] INFO  impl.RoleInfo (RoleInfo.java:updateAndGet(130)) - fc496f33-557f-4ba9-a352-3c0776838466: start fc496f33-557f-4ba9-a352-3c0776838466@group-D183E921640B-LeaderElection3
2021-11-30 10:07:54,204 [fc496f33-557f-4ba9-a352-3c0776838466@group-D183E921640B-LeaderElection3] INFO  impl.LeaderElection (LeaderElection.java:askForVotes(306)) - fc496f33-557f-4ba9-a352-3c0776838466@group-D183E921640B-LeaderElection3 ELECTION round 0: submit vote requests at term 1 for -1: [fc496f33-557f-4ba9-a352-3c0776838466|rpc:10.1.0.53:44781|priority:0, 4a8c6e6d-65e8-48ee-8359-0610b7f8095e|rpc:10.1.0.53:46879|priority:0, a369f656-5f1a-419f-8148-dd7161541bf1|rpc:10.1.0.53:34899|priority:1], old=null
2021-11-30 10:07:54,215 [4a8c6e6d-65e8-48ee-8359-0610b7f8095e@group-473DAC6310BB-FollowerState] INFO  impl.FollowerState (FollowerState.java:run(134)) - 4a8c6e6d-65e8-48ee-8359-0610b7f8095e@group-473DAC6310BB-FollowerState: change to CANDIDATE, lastRpcElapsedTime:5064884762ns, electionTimeout:5058ms
2021-11-30 10:07:54,215 [4a8c6e6d-65e8-48ee-8359-0610b7f8095e@group-473DAC6310BB-FollowerState] INFO  impl.RoleInfo (RoleInfo.java:shutdownFollowerState(108)) - 4a8c6e6d-65e8-48ee-8359-0610b7f8095e: shutdown 4a8c6e6d-65e8-48ee-8359-0610b7f8095e@group-473DAC6310BB-FollowerState
2021-11-30 10:07:54,215 [4a8c6e6d-65e8-48ee-8359-0610b7f8095e@group-473DAC6310BB-FollowerState] INFO  server.RaftServer$Division (RaftServerImpl.java:setRole(290)) - 4a8c6e6d-65e8-48ee-8359-0610b7f8095e@group-473DAC6310BB: changes role from  FOLLOWER to CANDIDATE at term 0 for changeToCandidate
2021-11-30 10:07:54,215 [4a8c6e6d-65e8-48ee-8359-0610b7f8095e@group-473DAC6310BB-FollowerState] INFO  server.RaftServerConfigKeys (ConfUtils.java:logGet(44)) - raft.server.leaderelection.pre-vote = false (custom)
2021-11-30 10:07:54,215 [4a8c6e6d-65e8-48ee-8359-0610b7f8095e@group-473DAC6310BB-FollowerState] INFO  impl.RoleInfo (RoleInfo.java:updateAndGet(130)) - 4a8c6e6d-65e8-48ee-8359-0610b7f8095e: start 4a8c6e6d-65e8-48ee-8359-0610b7f8095e@group-473DAC6310BB-LeaderElection4
2021-11-30 10:07:54,232 [4a8c6e6d-65e8-48ee-8359-0610b7f8095e@group-473DAC6310BB-LeaderElection4] INFO  impl.LeaderElection (LeaderElection.java:askForVotes(306)) - 4a8c6e6d-65e8-48ee-8359-0610b7f8095e@group-473DAC6310BB-LeaderElection4 ELECTION round 0: submit vote requests at term 1 for -1: [4a8c6e6d-65e8-48ee-8359-0610b7f8095e|rpc:10.1.0.53:46879|priority:1], old=null
2021-11-30 10:07:54,235 [4a8c6e6d-65e8-48ee-8359-0610b7f8095e@group-473DAC6310BB-LeaderElection4] INFO  impl.LeaderElection (LeaderElection.java:askForVotes(308)) - 4a8c6e6d-65e8-48ee-8359-0610b7f8095e@group-473DAC6310BB-LeaderElection4 ELECTION round 0: result PASSED (term=1)
2021-11-30 10:07:54,235 [4a8c6e6d-65e8-48ee-8359-0610b7f8095e@group-473DAC6310BB-LeaderElection4] INFO  impl.RoleInfo (RoleInfo.java:shutdownLeaderElection(121)) - 4a8c6e6d-65e8-48ee-8359-0610b7f8095e: shutdown 4a8c6e6d-65e8-48ee-8359-0610b7f8095e@group-473DAC6310BB-LeaderElection4
2021-11-30 10:07:54,235 [4a8c6e6d-65e8-48ee-8359-0610b7f8095e@group-473DAC6310BB-LeaderElection4] INFO  server.RaftServer$Division (RaftServerImpl.java:setRole(290)) - 4a8c6e6d-65e8-48ee-8359-0610b7f8095e@group-473DAC6310BB: changes role from CANDIDATE to LEADER at term 1 for changeToLeader
2021-11-30 10:07:54,235 [4a8c6e6d-65e8-48ee-8359-0610b7f8095e@group-473DAC6310BB-LeaderElection4] INFO  ratis.XceiverServerRatis (XceiverServerRatis.java:handleLeaderChangedNotification(866)) - Leader change notification received for group: group-473DAC6310BB with new leaderId: 4a8c6e6d-65e8-48ee-8359-0610b7f8095e
2021-11-30 10:07:54,236 [4a8c6e6d-65e8-48ee-8359-0610b7f8095e@group-473DAC6310BB-LeaderElection4] INFO  server.RaftServer$Division (ServerState.java:setLeader(285)) - 4a8c6e6d-65e8-48ee-8359-0610b7f8095e@group-473DAC6310BB: change Leader from null to 4a8c6e6d-65e8-48ee-8359-0610b7f8095e at term 1 for becomeLeader, leader elected after 5104ms
2021-11-30 10:07:54,236 [4a8c6e6d-65e8-48ee-8359-0610b7f8095e@group-473DAC6310BB-LeaderElection4] INFO  server.RaftServerConfigKeys (ConfUtils.java:logGet(44)) - raft.server.staging.catchup.gap = 1000 (default)
2021-11-30 10:07:54,236 [4a8c6e6d-65e8-48ee-8359-0610b7f8095e@group-473DAC6310BB-LeaderElection4] INFO  server.RaftServerConfigKeys (ConfUtils.java:logGet(44)) - raft.server.write.element-limit = 1024 (custom)
2021-11-30 10:07:54,236 [4a8c6e6d-65e8-48ee-8359-0610b7f8095e@group-473DAC6310BB-LeaderElection4] INFO  server.RaftServerConfigKeys (ConfUtils.java:logGet(44)) - raft.server.write.byte-limit = 1024 M (=1073741824) (custom)
2021-11-30 10:07:54,236 [4a8c6e6d-65e8-48ee-8359-0610b7f8095e@group-473DAC6310BB-LeaderElection4] INFO  server.RaftServerConfigKeys (ConfUtils.java:logGet(44)) - raft.server.watch.timeout = 3000ms (custom)
2021-11-30 10:07:54,237 [4a8c6e6d-65e8-48ee-8359-0610b7f8095e@group-473DAC6310BB-LeaderElection4] INFO  server.RaftServerConfigKeys (ConfUtils.java:logGet(44)) - raft.server.watch.timeout.denomination = 1s (default)
2021-11-30 10:07:54,237 [4a8c6e6d-65e8-48ee-8359-0610b7f8095e@group-473DAC6310BB-LeaderElection4] INFO  server.RaftServerConfigKeys (ConfUtils.java:logGet(44)) - raft.server.watch.element-limit = 65536 (default)
2021-11-30 10:07:54,237 [4a8c6e6d-65e8-48ee-8359-0610b7f8095e@group-473DAC6310BB-LeaderElection4] INFO  server.RaftServerConfigKeys (ConfUtils.java:logGet(44)) - raft.server.write.element-limit = 1024 (custom)
2021-11-30 10:07:54,237 [4a8c6e6d-65e8-48ee-8359-0610b7f8095e@group-473DAC6310BB-LeaderElection4] INFO  server.RaftServerConfigKeys (ConfUtils.java:logGet(44)) - raft.server.write.follower.gap.ratio.max = -1.0 (default)
2021-11-30 10:07:54,237 [4a8c6e6d-65e8-48ee-8359-0610b7f8095e@group-473DAC6310BB-LeaderElection4] INFO  impl.RoleInfo (RoleInfo.java:updateAndGet(130)) - 4a8c6e6d-65e8-48ee-8359-0610b7f8095e: start 4a8c6e6d-65e8-48ee-8359-0610b7f8095e@group-473DAC6310BB-LeaderStateImpl
2021-11-30 10:07:54,237 [EventQueue-OpenPipelineForHealthyPipelineSafeModeRule] INFO  safemode.SCMSafeModeManager (HealthyPipelineSafeModeRule.java:process(124)) - SCM in safe mode. Healthy pipelines reported count is 0, required healthy pipeline reported count is 1
2021-11-30 10:07:54,237 [4a8c6e6d-65e8-48ee-8359-0610b7f8095e@group-473DAC6310BB-LeaderElection4] INFO  segmented.SegmentedRaftLogWorker (SegmentedRaftLogWorker.java:startLogSegment(394)) - 4a8c6e6d-65e8-48ee-8359-0610b7f8095e@group-473DAC6310BB-SegmentedRaftLogWorker: Starting segment from index:0
2021-11-30 10:07:54,239 [4a8c6e6d-65e8-48ee-8359-0610b7f8095e@group-473DAC6310BB-LeaderElection4] INFO  server.RaftServer$Division (ServerState.java:setRaftConf(387)) - 4a8c6e6d-65e8-48ee-8359-0610b7f8095e@group-473DAC6310BB: set configuration 0: [4a8c6e6d-65e8-48ee-8359-0610b7f8095e|rpc:10.1.0.53:46879|dataStream:|priority:1], old=null
2021-11-30 10:07:54,241 [4a8c6e6d-65e8-48ee-8359-0610b7f8095e@group-473DAC6310BB-SegmentedRaftLogWorker] INFO  segmented.SegmentedRaftLogWorker (SegmentedRaftLogWorker.java:execute(601)) - 4a8c6e6d-65e8-48ee-8359-0610b7f8095e@group-473DAC6310BB-SegmentedRaftLogWorker: created new log segment /home/runner/work/ozone/ozone/hadoop-ozone/integration-test/target/test-dir/MiniOzoneClusterImpl-0e29ee7e-a070-46b0-aa8f-4a21e578e9b3/datanode-1/data/ratis/c871126e-9f3c-4dd0-8a2e-473dac6310bb/current/log_inprogress_0
2021-11-30 10:07:54,244 [grpc-default-executor-1] INFO  server.RaftServer$Division (RaftServerImpl.java:requestVote(1046)) - 4a8c6e6d-65e8-48ee-8359-0610b7f8095e@group-D183E921640B: receive requestVote(ELECTION, fc496f33-557f-4ba9-a352-3c0776838466, group-D183E921640B, 1, (t:0, i:0))
2021-11-30 10:07:54,246 [grpc-default-executor-1] INFO  impl.VoteContext (VoteContext.java:log(48)) - 4a8c6e6d-65e8-48ee-8359-0610b7f8095e@group-D183E921640B-FOLLOWER: accept ELECTION from fc496f33-557f-4ba9-a352-3c0776838466: our priority 0 <= candidate's priority 0
2021-11-30 10:07:54,246 [grpc-default-executor-1] INFO  server.RaftServer$Division (RaftServerImpl.java:setRole(290)) - 4a8c6e6d-65e8-48ee-8359-0610b7f8095e@group-D183E921640B: changes role from  FOLLOWER to FOLLOWER at term 1 for candidate:fc496f33-557f-4ba9-a352-3c0776838466
2021-11-30 10:07:54,246 [grpc-default-executor-1] INFO  impl.RoleInfo (RoleInfo.java:shutdownFollowerState(108)) - 4a8c6e6d-65e8-48ee-8359-0610b7f8095e: shutdown 4a8c6e6d-65e8-48ee-8359-0610b7f8095e@group-D183E921640B-FollowerState
2021-11-30 10:07:54,247 [4a8c6e6d-65e8-48ee-8359-0610b7f8095e@group-D183E921640B-FollowerState] INFO  impl.FollowerState (FollowerState.java:run(143)) - 4a8c6e6d-65e8-48ee-8359-0610b7f8095e@group-D183E921640B-FollowerState was interrupted: {}
java.lang.InterruptedException: sleep interrupted
	at java.lang.Thread.sleep(Native Method)
	at java.lang.Thread.sleep(Thread.java:340)
	at java.util.concurrent.TimeUnit.sleep(TimeUnit.java:386)
	at org.apache.ratis.util.TimeDuration.sleep(TimeDuration.java:324)
	at org.apache.ratis.util.TimeDuration.sleep(TimeDuration.java:309)
	at org.apache.ratis.server.impl.FollowerState.run(FollowerState.java:118)
2021-11-30 10:07:54,248 [grpc-default-executor-1] INFO  impl.RoleInfo (RoleInfo.java:updateAndGet(130)) - 4a8c6e6d-65e8-48ee-8359-0610b7f8095e: start 4a8c6e6d-65e8-48ee-8359-0610b7f8095e@group-D183E921640B-FollowerState
2021-11-30 10:07:54,257 [grpc-default-executor-1] INFO  server.RaftServer$Division (RaftServerImpl.java:requestVote(1078)) - 4a8c6e6d-65e8-48ee-8359-0610b7f8095e@group-D183E921640B replies to ELECTION vote request: fc496f33-557f-4ba9-a352-3c0776838466<-4a8c6e6d-65e8-48ee-8359-0610b7f8095e#0:OK-t1. Peer's state: 4a8c6e6d-65e8-48ee-8359-0610b7f8095e@group-D183E921640B:t1, leader=null, voted=fc496f33-557f-4ba9-a352-3c0776838466, raftlog=4a8c6e6d-65e8-48ee-8359-0610b7f8095e@group-D183E921640B-SegmentedRaftLog:OPENED:c-1, conf=-1: [fc496f33-557f-4ba9-a352-3c0776838466|rpc:10.1.0.53:44781|priority:0, 4a8c6e6d-65e8-48ee-8359-0610b7f8095e|rpc:10.1.0.53:46879|priority:0, a369f656-5f1a-419f-8148-dd7161541bf1|rpc:10.1.0.53:34899|priority:1], old=null
2021-11-30 10:07:54,258 [grpc-default-executor-0] INFO  server.RaftServer$Division (RaftServerImpl.java:requestVote(1046)) - a369f656-5f1a-419f-8148-dd7161541bf1@group-D183E921640B: receive requestVote(ELECTION, fc496f33-557f-4ba9-a352-3c0776838466, group-D183E921640B, 1, (t:0, i:0))
2021-11-30 10:07:54,258 [grpc-default-executor-0] INFO  impl.VoteContext (VoteContext.java:log(48)) - a369f656-5f1a-419f-8148-dd7161541bf1@group-D183E921640B-FOLLOWER: reject ELECTION from fc496f33-557f-4ba9-a352-3c0776838466: our priority 1 > candidate's priority 0
2021-11-30 10:07:54,259 [grpc-default-executor-0] INFO  server.RaftServer$Division (RaftServerImpl.java:setRole(290)) - a369f656-5f1a-419f-8148-dd7161541bf1@group-D183E921640B: changes role from  FOLLOWER to FOLLOWER at term 1 for candidate:fc496f33-557f-4ba9-a352-3c0776838466
2021-11-30 10:07:54,260 [grpc-default-executor-0] INFO  impl.RoleInfo (RoleInfo.java:shutdownFollowerState(108)) - a369f656-5f1a-419f-8148-dd7161541bf1: shutdown a369f656-5f1a-419f-8148-dd7161541bf1@group-D183E921640B-FollowerState
2021-11-30 10:07:54,260 [grpc-default-executor-0] INFO  impl.RoleInfo (RoleInfo.java:updateAndGet(130)) - a369f656-5f1a-419f-8148-dd7161541bf1: start a369f656-5f1a-419f-8148-dd7161541bf1@group-D183E921640B-FollowerState
2021-11-30 10:07:54,260 [a369f656-5f1a-419f-8148-dd7161541bf1@group-D183E921640B-FollowerState] INFO  impl.FollowerState (FollowerState.java:run(143)) - a369f656-5f1a-419f-8148-dd7161541bf1@group-D183E921640B-FollowerState was interrupted: {}
java.lang.InterruptedException: sleep interrupted
	at java.lang.Thread.sleep(Native Method)
	at java.lang.Thread.sleep(Thread.java:340)
	at java.util.concurrent.TimeUnit.sleep(TimeUnit.java:386)
	at org.apache.ratis.util.TimeDuration.sleep(TimeDuration.java:324)
	at org.apache.ratis.util.TimeDuration.sleep(TimeDuration.java:309)
	at org.apache.ratis.server.impl.FollowerState.run(FollowerState.java:118)
2021-11-30 10:07:54,266 [grpc-default-executor-0] INFO  server.RaftServer$Division (RaftServerImpl.java:requestVote(1078)) - a369f656-5f1a-419f-8148-dd7161541bf1@group-D183E921640B replies to ELECTION vote request: fc496f33-557f-4ba9-a352-3c0776838466<-a369f656-5f1a-419f-8148-dd7161541bf1#0:FAIL-t1. Peer's state: a369f656-5f1a-419f-8148-dd7161541bf1@group-D183E921640B:t1, leader=null, voted=null, raftlog=a369f656-5f1a-419f-8148-dd7161541bf1@group-D183E921640B-SegmentedRaftLog:OPENED:c-1, conf=-1: [fc496f33-557f-4ba9-a352-3c0776838466|rpc:10.1.0.53:44781|dataStream:|priority:0, 4a8c6e6d-65e8-48ee-8359-0610b7f8095e|rpc:10.1.0.53:46879|dataStream:|priority:0, a369f656-5f1a-419f-8148-dd7161541bf1|rpc:10.1.0.53:34899|dataStream:|priority:1], old=null
2021-11-30 10:07:54,268 [fc496f33-557f-4ba9-a352-3c0776838466@group-D183E921640B-LeaderElection3] INFO  impl.LeaderElection (LeaderElection.java:logAndReturn(89)) - fc496f33-557f-4ba9-a352-3c0776838466@group-D183E921640B-LeaderElection3: ELECTION REJECTED received 2 response(s) and 0 exception(s):
2021-11-30 10:07:54,268 [fc496f33-557f-4ba9-a352-3c0776838466@group-D183E921640B-LeaderElection3] INFO  impl.LeaderElection (LeaderElection.java:logAndReturn(93)) -   Response 0: fc496f33-557f-4ba9-a352-3c0776838466<-4a8c6e6d-65e8-48ee-8359-0610b7f8095e#0:OK-t1
2021-11-30 10:07:54,268 [fc496f33-557f-4ba9-a352-3c0776838466@group-D183E921640B-LeaderElection3] INFO  impl.LeaderElection (LeaderElection.java:logAndReturn(93)) -   Response 1: fc496f33-557f-4ba9-a352-3c0776838466<-a369f656-5f1a-419f-8148-dd7161541bf1#0:FAIL-t1
2021-11-30 10:07:54,268 [fc496f33-557f-4ba9-a352-3c0776838466@group-D183E921640B-LeaderElection3] INFO  impl.LeaderElection (LeaderElection.java:askForVotes(308)) - fc496f33-557f-4ba9-a352-3c0776838466@group-D183E921640B-LeaderElection3 ELECTION round 0: result REJECTED
2021-11-30 10:07:54,268 [fc496f33-557f-4ba9-a352-3c0776838466@group-D183E921640B-LeaderElection3] INFO  server.RaftServer$Division (RaftServerImpl.java:setRole(290)) - fc496f33-557f-4ba9-a352-3c0776838466@group-D183E921640B: changes role from CANDIDATE to FOLLOWER at term 1 for REJECTED
2021-11-30 10:07:54,268 [fc496f33-557f-4ba9-a352-3c0776838466@group-D183E921640B-LeaderElection3] INFO  impl.RoleInfo (RoleInfo.java:shutdownLeaderElection(121)) - fc496f33-557f-4ba9-a352-3c0776838466: shutdown fc496f33-557f-4ba9-a352-3c0776838466@group-D183E921640B-LeaderElection3
2021-11-30 10:07:54,268 [fc496f33-557f-4ba9-a352-3c0776838466@group-D183E921640B-LeaderElection3] INFO  impl.RoleInfo (RoleInfo.java:updateAndGet(130)) - fc496f33-557f-4ba9-a352-3c0776838466: start fc496f33-557f-4ba9-a352-3c0776838466@group-D183E921640B-FollowerState
2021-11-30 10:07:54,358 [Listener at 127.0.0.1/41539] INFO  ozone.MiniOzoneClusterImpl (MiniOzoneClusterImpl.java:lambda$waitForClusterToBeReady$0(235)) - Nodes are ready. Got 7 of 7 DN Heartbeats.
2021-11-30 10:07:54,360 [Listener at 127.0.0.1/41539] INFO  ozone.MiniOzoneClusterImpl (MiniOzoneClusterImpl.java:lambda$waitForClusterToBeReady$0(238)) - Waiting for cluster to exit safe mode
2021-11-30 10:07:54,360 [Listener at 127.0.0.1/41539] INFO  ozone.MiniOzoneClusterImpl (MiniOzoneClusterImpl.java:lambda$waitForClusterToBeReady$0(240)) - SCM became leader
2021-11-30 10:07:54,701 [a369f656-5f1a-419f-8148-dd7161541bf1@group-A164C42AC008-FollowerState] INFO  impl.FollowerState (FollowerState.java:run(134)) - a369f656-5f1a-419f-8148-dd7161541bf1@group-A164C42AC008-FollowerState: change to CANDIDATE, lastRpcElapsedTime:5065133077ns, electionTimeout:5057ms
2021-11-30 10:07:54,702 [a369f656-5f1a-419f-8148-dd7161541bf1@group-A164C42AC008-FollowerState] INFO  impl.RoleInfo (RoleInfo.java:shutdownFollowerState(108)) - a369f656-5f1a-419f-8148-dd7161541bf1: shutdown a369f656-5f1a-419f-8148-dd7161541bf1@group-A164C42AC008-FollowerState
2021-11-30 10:07:54,702 [a369f656-5f1a-419f-8148-dd7161541bf1@group-A164C42AC008-FollowerState] INFO  server.RaftServer$Division (RaftServerImpl.java:setRole(290)) - a369f656-5f1a-419f-8148-dd7161541bf1@group-A164C42AC008: changes role from  FOLLOWER to CANDIDATE at term 0 for changeToCandidate
2021-11-30 10:07:54,701 [a369f656-5f1a-419f-8148-dd7161541bf1@group-E114E9338692-FollowerState] INFO  impl.FollowerState (FollowerState.java:run(134)) - a369f656-5f1a-419f-8148-dd7161541bf1@group-E114E9338692-FollowerState: change to CANDIDATE, lastRpcElapsedTime:5008482186ns, electionTimeout:5003ms
2021-11-30 10:07:54,702 [a369f656-5f1a-419f-8148-dd7161541bf1@group-A164C42AC008-FollowerState] INFO  server.RaftServerConfigKeys (ConfUtils.java:logGet(44)) - raft.server.leaderelection.pre-vote = false (custom)
2021-11-30 10:07:54,702 [a369f656-5f1a-419f-8148-dd7161541bf1@group-E114E9338692-FollowerState] INFO  impl.RoleInfo (RoleInfo.java:shutdownFollowerState(108)) - a369f656-5f1a-419f-8148-dd7161541bf1: shutdown a369f656-5f1a-419f-8148-dd7161541bf1@group-E114E9338692-FollowerState
2021-11-30 10:07:54,702 [a369f656-5f1a-419f-8148-dd7161541bf1@group-A164C42AC008-FollowerState] INFO  impl.RoleInfo (RoleInfo.java:updateAndGet(130)) - a369f656-5f1a-419f-8148-dd7161541bf1: start a369f656-5f1a-419f-8148-dd7161541bf1@group-A164C42AC008-LeaderElection5
2021-11-30 10:07:54,702 [a369f656-5f1a-419f-8148-dd7161541bf1@group-E114E9338692-FollowerState] INFO  server.RaftServer$Division (RaftServerImpl.java:setRole(290)) - a369f656-5f1a-419f-8148-dd7161541bf1@group-E114E9338692: changes role from  FOLLOWER to CANDIDATE at term 0 for changeToCandidate
2021-11-30 10:07:54,703 [a369f656-5f1a-419f-8148-dd7161541bf1@group-E114E9338692-FollowerState] INFO  server.RaftServerConfigKeys (ConfUtils.java:logGet(44)) - raft.server.leaderelection.pre-vote = false (custom)
2021-11-30 10:07:54,704 [a369f656-5f1a-419f-8148-dd7161541bf1@group-E114E9338692-FollowerState] INFO  impl.RoleInfo (RoleInfo.java:updateAndGet(130)) - a369f656-5f1a-419f-8148-dd7161541bf1: start a369f656-5f1a-419f-8148-dd7161541bf1@group-E114E9338692-LeaderElection6
2021-11-30 10:07:54,711 [a369f656-5f1a-419f-8148-dd7161541bf1@group-A164C42AC008-LeaderElection5] INFO  impl.LeaderElection (LeaderElection.java:askForVotes(306)) - a369f656-5f1a-419f-8148-dd7161541bf1@group-A164C42AC008-LeaderElection5 ELECTION round 0: submit vote requests at term 1 for -1: [a369f656-5f1a-419f-8148-dd7161541bf1|rpc:10.1.0.53:34899|priority:1], old=null
2021-11-30 10:07:54,711 [a369f656-5f1a-419f-8148-dd7161541bf1@group-A164C42AC008-LeaderElection5] INFO  impl.LeaderElection (LeaderElection.java:askForVotes(308)) - a369f656-5f1a-419f-8148-dd7161541bf1@group-A164C42AC008-LeaderElection5 ELECTION round 0: result PASSED (term=1)
2021-11-30 10:07:54,711 [a369f656-5f1a-419f-8148-dd7161541bf1@group-A164C42AC008-LeaderElection5] INFO  impl.RoleInfo (RoleInfo.java:shutdownLeaderElection(121)) - a369f656-5f1a-419f-8148-dd7161541bf1: shutdown a369f656-5f1a-419f-8148-dd7161541bf1@group-A164C42AC008-LeaderElection5
2021-11-30 10:07:54,711 [a369f656-5f1a-419f-8148-dd7161541bf1@group-A164C42AC008-LeaderElection5] INFO  server.RaftServer$Division (RaftServerImpl.java:setRole(290)) - a369f656-5f1a-419f-8148-dd7161541bf1@group-A164C42AC008: changes role from CANDIDATE to LEADER at term 1 for changeToLeader
2021-11-30 10:07:54,711 [a369f656-5f1a-419f-8148-dd7161541bf1@group-A164C42AC008-LeaderElection5] INFO  ratis.XceiverServerRatis (XceiverServerRatis.java:handleLeaderChangedNotification(866)) - Leader change notification received for group: group-A164C42AC008 with new leaderId: a369f656-5f1a-419f-8148-dd7161541bf1
2021-11-30 10:07:54,712 [a369f656-5f1a-419f-8148-dd7161541bf1@group-A164C42AC008-LeaderElection5] INFO  server.RaftServer$Division (ServerState.java:setLeader(285)) - a369f656-5f1a-419f-8148-dd7161541bf1@group-A164C42AC008: change Leader from null to a369f656-5f1a-419f-8148-dd7161541bf1 at term 1 for becomeLeader, leader elected after 5119ms
2021-11-30 10:07:54,715 [EventQueue-OpenPipelineForHealthyPipelineSafeModeRule] INFO  safemode.SCMSafeModeManager (HealthyPipelineSafeModeRule.java:process(124)) - SCM in safe mode. Healthy pipelines reported count is 0, required healthy pipeline reported count is 1
2021-11-30 10:07:54,715 [a369f656-5f1a-419f-8148-dd7161541bf1@group-A164C42AC008-LeaderElection5] INFO  server.RaftServerConfigKeys (ConfUtils.java:logGet(44)) - raft.server.staging.catchup.gap = 1000 (default)
2021-11-30 10:07:54,716 [a369f656-5f1a-419f-8148-dd7161541bf1@group-A164C42AC008-LeaderElection5] INFO  server.RaftServerConfigKeys (ConfUtils.java:logGet(44)) - raft.server.write.element-limit = 1024 (custom)
2021-11-30 10:07:54,716 [a369f656-5f1a-419f-8148-dd7161541bf1@group-A164C42AC008-LeaderElection5] INFO  server.RaftServerConfigKeys (ConfUtils.java:logGet(44)) - raft.server.write.byte-limit = 1024 M (=1073741824) (custom)
2021-11-30 10:07:54,716 [a369f656-5f1a-419f-8148-dd7161541bf1@group-A164C42AC008-LeaderElection5] INFO  server.RaftServerConfigKeys (ConfUtils.java:logGet(44)) - raft.server.watch.timeout = 3000ms (custom)
2021-11-30 10:07:54,716 [a369f656-5f1a-419f-8148-dd7161541bf1@group-A164C42AC008-LeaderElection5] INFO  server.RaftServerConfigKeys (ConfUtils.java:logGet(44)) - raft.server.watch.timeout.denomination = 1s (default)
2021-11-30 10:07:54,716 [a369f656-5f1a-419f-8148-dd7161541bf1@group-A164C42AC008-LeaderElection5] INFO  server.RaftServerConfigKeys (ConfUtils.java:logGet(44)) - raft.server.watch.element-limit = 65536 (default)
2021-11-30 10:07:54,716 [a369f656-5f1a-419f-8148-dd7161541bf1@group-A164C42AC008-LeaderElection5] INFO  server.RaftServerConfigKeys (ConfUtils.java:logGet(44)) - raft.server.write.element-limit = 1024 (custom)
2021-11-30 10:07:54,716 [a369f656-5f1a-419f-8148-dd7161541bf1@group-A164C42AC008-LeaderElection5] INFO  server.RaftServerConfigKeys (ConfUtils.java:logGet(44)) - raft.server.write.follower.gap.ratio.max = -1.0 (default)
2021-11-30 10:07:54,717 [a369f656-5f1a-419f-8148-dd7161541bf1@group-A164C42AC008-LeaderElection5] INFO  impl.RoleInfo (RoleInfo.java:updateAndGet(130)) - a369f656-5f1a-419f-8148-dd7161541bf1: start a369f656-5f1a-419f-8148-dd7161541bf1@group-A164C42AC008-LeaderStateImpl
2021-11-30 10:07:54,717 [a369f656-5f1a-419f-8148-dd7161541bf1@group-A164C42AC008-LeaderElection5] INFO  segmented.SegmentedRaftLogWorker (SegmentedRaftLogWorker.java:startLogSegment(394)) - a369f656-5f1a-419f-8148-dd7161541bf1@group-A164C42AC008-SegmentedRaftLogWorker: Starting segment from index:0
2021-11-30 10:07:54,718 [a369f656-5f1a-419f-8148-dd7161541bf1@group-E114E9338692-LeaderElection6] INFO  impl.LeaderElection (LeaderElection.java:askForVotes(306)) - a369f656-5f1a-419f-8148-dd7161541bf1@group-E114E9338692-LeaderElection6 ELECTION round 0: submit vote requests at term 1 for -1: [fc496f33-557f-4ba9-a352-3c0776838466|rpc:10.1.0.53:44781|priority:0, 4a8c6e6d-65e8-48ee-8359-0610b7f8095e|rpc:10.1.0.53:46879|priority:1, a369f656-5f1a-419f-8148-dd7161541bf1|rpc:10.1.0.53:34899|priority:0], old=null
2021-11-30 10:07:54,719 [a369f656-5f1a-419f-8148-dd7161541bf1@group-A164C42AC008-SegmentedRaftLogWorker] INFO  segmented.SegmentedRaftLogWorker (SegmentedRaftLogWorker.java:execute(601)) - a369f656-5f1a-419f-8148-dd7161541bf1@group-A164C42AC008-SegmentedRaftLogWorker: created new log segment /home/runner/work/ozone/ozone/hadoop-ozone/integration-test/target/test-dir/MiniOzoneClusterImpl-0e29ee7e-a070-46b0-aa8f-4a21e578e9b3/datanode-2/data/ratis/9ba1797c-65e4-4d96-85cc-a164c42ac008/current/log_inprogress_0
2021-11-30 10:07:54,729 [a369f656-5f1a-419f-8148-dd7161541bf1@group-A164C42AC008-LeaderElection5] INFO  server.RaftServer$Division (ServerState.java:setRaftConf(387)) - a369f656-5f1a-419f-8148-dd7161541bf1@group-A164C42AC008: set configuration 0: [a369f656-5f1a-419f-8148-dd7161541bf1|rpc:10.1.0.53:34899|dataStream:|priority:1], old=null
2021-11-30 10:07:54,740 [grpc-default-executor-0] INFO  server.RaftServer$Division (RaftServerImpl.java:requestVote(1046)) - fc496f33-557f-4ba9-a352-3c0776838466@group-E114E9338692: receive requestVote(ELECTION, a369f656-5f1a-419f-8148-dd7161541bf1, group-E114E9338692, 1, (t:0, i:0))
2021-11-30 10:07:54,740 [grpc-default-executor-0] INFO  impl.VoteContext (VoteContext.java:log(48)) - fc496f33-557f-4ba9-a352-3c0776838466@group-E114E9338692-FOLLOWER: accept ELECTION from a369f656-5f1a-419f-8148-dd7161541bf1: our priority 0 <= candidate's priority 0
2021-11-30 10:07:54,740 [grpc-default-executor-0] INFO  server.RaftServer$Division (RaftServerImpl.java:setRole(290)) - fc496f33-557f-4ba9-a352-3c0776838466@group-E114E9338692: changes role from  FOLLOWER to FOLLOWER at term 1 for candidate:a369f656-5f1a-419f-8148-dd7161541bf1
2021-11-30 10:07:54,740 [grpc-default-executor-0] INFO  impl.RoleInfo (RoleInfo.java:shutdownFollowerState(108)) - fc496f33-557f-4ba9-a352-3c0776838466: shutdown fc496f33-557f-4ba9-a352-3c0776838466@group-E114E9338692-FollowerState
2021-11-30 10:07:54,741 [grpc-default-executor-0] INFO  impl.RoleInfo (RoleInfo.java:updateAndGet(130)) - fc496f33-557f-4ba9-a352-3c0776838466: start fc496f33-557f-4ba9-a352-3c0776838466@group-E114E9338692-FollowerState
2021-11-30 10:07:54,741 [fc496f33-557f-4ba9-a352-3c0776838466@group-E114E9338692-FollowerState] INFO  impl.FollowerState (FollowerState.java:run(143)) - fc496f33-557f-4ba9-a352-3c0776838466@group-E114E9338692-FollowerState was interrupted: {}
java.lang.InterruptedException: sleep interrupted
	at java.lang.Thread.sleep(Native Method)
	at java.lang.Thread.sleep(Thread.java:340)
	at java.util.concurrent.TimeUnit.sleep(TimeUnit.java:386)
	at org.apache.ratis.util.TimeDuration.sleep(TimeDuration.java:324)
	at org.apache.ratis.util.TimeDuration.sleep(TimeDuration.java:309)
	at org.apache.ratis.server.impl.FollowerState.run(FollowerState.java:118)
2021-11-30 10:07:54,743 [grpc-default-executor-0] INFO  server.RaftServer$Division (RaftServerImpl.java:requestVote(1078)) - fc496f33-557f-4ba9-a352-3c0776838466@group-E114E9338692 replies to ELECTION vote request: a369f656-5f1a-419f-8148-dd7161541bf1<-fc496f33-557f-4ba9-a352-3c0776838466#0:OK-t1. Peer's state: fc496f33-557f-4ba9-a352-3c0776838466@group-E114E9338692:t1, leader=null, voted=a369f656-5f1a-419f-8148-dd7161541bf1, raftlog=fc496f33-557f-4ba9-a352-3c0776838466@group-E114E9338692-SegmentedRaftLog:OPENED:c-1, conf=-1: [fc496f33-557f-4ba9-a352-3c0776838466|rpc:10.1.0.53:44781|dataStream:|priority:0, 4a8c6e6d-65e8-48ee-8359-0610b7f8095e|rpc:10.1.0.53:46879|dataStream:|priority:1, a369f656-5f1a-419f-8148-dd7161541bf1|rpc:10.1.0.53:34899|dataStream:|priority:0], old=null
2021-11-30 10:07:54,748 [grpc-default-executor-0] INFO  server.RaftServer$Division (RaftServerImpl.java:requestVote(1046)) - 4a8c6e6d-65e8-48ee-8359-0610b7f8095e@group-E114E9338692: receive requestVote(ELECTION, a369f656-5f1a-419f-8148-dd7161541bf1, group-E114E9338692, 1, (t:0, i:0))
2021-11-30 10:07:54,748 [grpc-default-executor-0] INFO  impl.VoteContext (VoteContext.java:log(48)) - 4a8c6e6d-65e8-48ee-8359-0610b7f8095e@group-E114E9338692-FOLLOWER: reject ELECTION from a369f656-5f1a-419f-8148-dd7161541bf1: our priority 1 > candidate's priority 0
2021-11-30 10:07:54,748 [grpc-default-executor-0] INFO  server.RaftServer$Division (RaftServerImpl.java:setRole(290)) - 4a8c6e6d-65e8-48ee-8359-0610b7f8095e@group-E114E9338692: changes role from  FOLLOWER to FOLLOWER at term 1 for candidate:a369f656-5f1a-419f-8148-dd7161541bf1
2021-11-30 10:07:54,748 [grpc-default-executor-0] INFO  impl.RoleInfo (RoleInfo.java:shutdownFollowerState(108)) - 4a8c6e6d-65e8-48ee-8359-0610b7f8095e: shutdown 4a8c6e6d-65e8-48ee-8359-0610b7f8095e@group-E114E9338692-FollowerState
2021-11-30 10:07:54,748 [grpc-default-executor-0] INFO  impl.RoleInfo (RoleInfo.java:updateAndGet(130)) - 4a8c6e6d-65e8-48ee-8359-0610b7f8095e: start 4a8c6e6d-65e8-48ee-8359-0610b7f8095e@group-E114E9338692-FollowerState
2021-11-30 10:07:54,748 [4a8c6e6d-65e8-48ee-8359-0610b7f8095e@group-E114E9338692-FollowerState] INFO  impl.FollowerState (FollowerState.java:run(143)) - 4a8c6e6d-65e8-48ee-8359-0610b7f8095e@group-E114E9338692-FollowerState was interrupted: {}
java.lang.InterruptedException: sleep interrupted
	at java.lang.Thread.sleep(Native Method)
	at java.lang.Thread.sleep(Thread.java:340)
	at java.util.concurrent.TimeUnit.sleep(TimeUnit.java:386)
	at org.apache.ratis.util.TimeDuration.sleep(TimeDuration.java:324)
	at org.apache.ratis.util.TimeDuration.sleep(TimeDuration.java:309)
	at org.apache.ratis.server.impl.FollowerState.run(FollowerState.java:118)
2021-11-30 10:07:54,753 [grpc-default-executor-0] INFO  server.RaftServer$Division (RaftServerImpl.java:requestVote(1078)) - 4a8c6e6d-65e8-48ee-8359-0610b7f8095e@group-E114E9338692 replies to ELECTION vote request: a369f656-5f1a-419f-8148-dd7161541bf1<-4a8c6e6d-65e8-48ee-8359-0610b7f8095e#0:FAIL-t1. Peer's state: 4a8c6e6d-65e8-48ee-8359-0610b7f8095e@group-E114E9338692:t1, leader=null, voted=null, raftlog=4a8c6e6d-65e8-48ee-8359-0610b7f8095e@group-E114E9338692-SegmentedRaftLog:OPENED:c-1, conf=-1: [fc496f33-557f-4ba9-a352-3c0776838466|rpc:10.1.0.53:44781|priority:0, 4a8c6e6d-65e8-48ee-8359-0610b7f8095e|rpc:10.1.0.53:46879|priority:1, a369f656-5f1a-419f-8148-dd7161541bf1|rpc:10.1.0.53:34899|priority:0], old=null
2021-11-30 10:07:54,755 [a369f656-5f1a-419f-8148-dd7161541bf1@group-E114E9338692-LeaderElection6] INFO  impl.LeaderElection (LeaderElection.java:logAndReturn(89)) - a369f656-5f1a-419f-8148-dd7161541bf1@group-E114E9338692-LeaderElection6: ELECTION REJECTED received 2 response(s) and 0 exception(s):
2021-11-30 10:07:54,755 [a369f656-5f1a-419f-8148-dd7161541bf1@group-E114E9338692-LeaderElection6] INFO  impl.LeaderElection (LeaderElection.java:logAndReturn(93)) -   Response 0: a369f656-5f1a-419f-8148-dd7161541bf1<-fc496f33-557f-4ba9-a352-3c0776838466#0:OK-t1
2021-11-30 10:07:54,755 [a369f656-5f1a-419f-8148-dd7161541bf1@group-E114E9338692-LeaderElection6] INFO  impl.LeaderElection (LeaderElection.java:logAndReturn(93)) -   Response 1: a369f656-5f1a-419f-8148-dd7161541bf1<-4a8c6e6d-65e8-48ee-8359-0610b7f8095e#0:FAIL-t1
2021-11-30 10:07:54,755 [a369f656-5f1a-419f-8148-dd7161541bf1@group-E114E9338692-LeaderElection6] INFO  impl.LeaderElection (LeaderElection.java:askForVotes(308)) - a369f656-5f1a-419f-8148-dd7161541bf1@group-E114E9338692-LeaderElection6 ELECTION round 0: result REJECTED
2021-11-30 10:07:54,755 [a369f656-5f1a-419f-8148-dd7161541bf1@group-E114E9338692-LeaderElection6] INFO  server.RaftServer$Division (RaftServerImpl.java:setRole(290)) - a369f656-5f1a-419f-8148-dd7161541bf1@group-E114E9338692: changes role from CANDIDATE to FOLLOWER at term 1 for REJECTED
2021-11-30 10:07:54,756 [a369f656-5f1a-419f-8148-dd7161541bf1@group-E114E9338692-LeaderElection6] INFO  impl.RoleInfo (RoleInfo.java:shutdownLeaderElection(121)) - a369f656-5f1a-419f-8148-dd7161541bf1: shutdown a369f656-5f1a-419f-8148-dd7161541bf1@group-E114E9338692-LeaderElection6
2021-11-30 10:07:54,756 [a369f656-5f1a-419f-8148-dd7161541bf1@group-E114E9338692-LeaderElection6] INFO  impl.RoleInfo (RoleInfo.java:updateAndGet(130)) - a369f656-5f1a-419f-8148-dd7161541bf1: start a369f656-5f1a-419f-8148-dd7161541bf1@group-E114E9338692-FollowerState
2021-11-30 10:07:54,950 [f261d845-a31c-4557-bbf6-cf3b66338abe@group-2A2248A72664-FollowerState] INFO  impl.FollowerState (FollowerState.java:run(134)) - f261d845-a31c-4557-bbf6-cf3b66338abe@group-2A2248A72664-FollowerState: change to CANDIDATE, lastRpcElapsedTime:5134516406ns, electionTimeout:5117ms
2021-11-30 10:07:54,951 [f261d845-a31c-4557-bbf6-cf3b66338abe@group-2A2248A72664-FollowerState] INFO  impl.RoleInfo (RoleInfo.java:shutdownFollowerState(108)) - f261d845-a31c-4557-bbf6-cf3b66338abe: shutdown f261d845-a31c-4557-bbf6-cf3b66338abe@group-2A2248A72664-FollowerState
2021-11-30 10:07:54,952 [f261d845-a31c-4557-bbf6-cf3b66338abe@group-2A2248A72664-FollowerState] INFO  server.RaftServer$Division (RaftServerImpl.java:setRole(290)) - f261d845-a31c-4557-bbf6-cf3b66338abe@group-2A2248A72664: changes role from  FOLLOWER to CANDIDATE at term 0 for changeToCandidate
2021-11-30 10:07:54,952 [f261d845-a31c-4557-bbf6-cf3b66338abe@group-2A2248A72664-FollowerState] INFO  server.RaftServerConfigKeys (ConfUtils.java:logGet(44)) - raft.server.leaderelection.pre-vote = false (custom)
2021-11-30 10:07:54,953 [f261d845-a31c-4557-bbf6-cf3b66338abe@group-2A2248A72664-FollowerState] INFO  impl.RoleInfo (RoleInfo.java:updateAndGet(130)) - f261d845-a31c-4557-bbf6-cf3b66338abe: start f261d845-a31c-4557-bbf6-cf3b66338abe@group-2A2248A72664-LeaderElection7
2021-11-30 10:07:54,955 [f261d845-a31c-4557-bbf6-cf3b66338abe@group-2A2248A72664-LeaderElection7] INFO  impl.LeaderElection (LeaderElection.java:askForVotes(306)) - f261d845-a31c-4557-bbf6-cf3b66338abe@group-2A2248A72664-LeaderElection7 ELECTION round 0: submit vote requests at term 1 for -1: [f261d845-a31c-4557-bbf6-cf3b66338abe|rpc:10.1.0.53:34515|priority:1], old=null
2021-11-30 10:07:54,956 [f261d845-a31c-4557-bbf6-cf3b66338abe@group-2A2248A72664-LeaderElection7] INFO  impl.LeaderElection (LeaderElection.java:askForVotes(308)) - f261d845-a31c-4557-bbf6-cf3b66338abe@group-2A2248A72664-LeaderElection7 ELECTION round 0: result PASSED (term=1)
2021-11-30 10:07:54,956 [f261d845-a31c-4557-bbf6-cf3b66338abe@group-2A2248A72664-LeaderElection7] INFO  impl.RoleInfo (RoleInfo.java:shutdownLeaderElection(121)) - f261d845-a31c-4557-bbf6-cf3b66338abe: shutdown f261d845-a31c-4557-bbf6-cf3b66338abe@group-2A2248A72664-LeaderElection7
2021-11-30 10:07:54,956 [f261d845-a31c-4557-bbf6-cf3b66338abe@group-2A2248A72664-LeaderElection7] INFO  server.RaftServer$Division (RaftServerImpl.java:setRole(290)) - f261d845-a31c-4557-bbf6-cf3b66338abe@group-2A2248A72664: changes role from CANDIDATE to LEADER at term 1 for changeToLeader
2021-11-30 10:07:54,956 [f261d845-a31c-4557-bbf6-cf3b66338abe@group-2A2248A72664-LeaderElection7] INFO  ratis.XceiverServerRatis (XceiverServerRatis.java:handleLeaderChangedNotification(866)) - Leader change notification received for group: group-2A2248A72664 with new leaderId: f261d845-a31c-4557-bbf6-cf3b66338abe
2021-11-30 10:07:54,956 [f261d845-a31c-4557-bbf6-cf3b66338abe@group-2A2248A72664-LeaderElection7] INFO  server.RaftServer$Division (ServerState.java:setLeader(285)) - f261d845-a31c-4557-bbf6-cf3b66338abe@group-2A2248A72664: change Leader from null to f261d845-a31c-4557-bbf6-cf3b66338abe at term 1 for becomeLeader, leader elected after 5161ms
2021-11-30 10:07:54,956 [f261d845-a31c-4557-bbf6-cf3b66338abe@group-2A2248A72664-LeaderElection7] INFO  server.RaftServerConfigKeys (ConfUtils.java:logGet(44)) - raft.server.staging.catchup.gap = 1000 (default)
2021-11-30 10:07:54,957 [f261d845-a31c-4557-bbf6-cf3b66338abe@group-2A2248A72664-LeaderElection7] INFO  server.RaftServerConfigKeys (ConfUtils.java:logGet(44)) - raft.server.write.element-limit = 1024 (custom)
2021-11-30 10:07:54,957 [f261d845-a31c-4557-bbf6-cf3b66338abe@group-2A2248A72664-LeaderElection7] INFO  server.RaftServerConfigKeys (ConfUtils.java:logGet(44)) - raft.server.write.byte-limit = 1024 M (=1073741824) (custom)
2021-11-30 10:07:54,957 [f261d845-a31c-4557-bbf6-cf3b66338abe@group-2A2248A72664-LeaderElection7] INFO  server.RaftServerConfigKeys (ConfUtils.java:logGet(44)) - raft.server.watch.timeout = 3000ms (custom)
2021-11-30 10:07:54,957 [f261d845-a31c-4557-bbf6-cf3b66338abe@group-2A2248A72664-LeaderElection7] INFO  server.RaftServerConfigKeys (ConfUtils.java:logGet(44)) - raft.server.watch.timeout.denomination = 1s (default)
2021-11-30 10:07:54,958 [f261d845-a31c-4557-bbf6-cf3b66338abe@group-2A2248A72664-LeaderElection7] INFO  server.RaftServerConfigKeys (ConfUtils.java:logGet(44)) - raft.server.watch.element-limit = 65536 (default)
2021-11-30 10:07:54,958 [f261d845-a31c-4557-bbf6-cf3b66338abe@group-2A2248A72664-LeaderElection7] INFO  server.RaftServerConfigKeys (ConfUtils.java:logGet(44)) - raft.server.write.element-limit = 1024 (custom)
2021-11-30 10:07:54,958 [f261d845-a31c-4557-bbf6-cf3b66338abe@group-2A2248A72664-LeaderElection7] INFO  server.RaftServerConfigKeys (ConfUtils.java:logGet(44)) - raft.server.write.follower.gap.ratio.max = -1.0 (default)
2021-11-30 10:07:54,958 [f261d845-a31c-4557-bbf6-cf3b66338abe@group-2A2248A72664-LeaderElection7] INFO  impl.RoleInfo (RoleInfo.java:updateAndGet(130)) - f261d845-a31c-4557-bbf6-cf3b66338abe: start f261d845-a31c-4557-bbf6-cf3b66338abe@group-2A2248A72664-LeaderStateImpl
2021-11-30 10:07:54,958 [f261d845-a31c-4557-bbf6-cf3b66338abe@group-2A2248A72664-LeaderElection7] INFO  segmented.SegmentedRaftLogWorker (SegmentedRaftLogWorker.java:startLogSegment(394)) - f261d845-a31c-4557-bbf6-cf3b66338abe@group-2A2248A72664-SegmentedRaftLogWorker: Starting segment from index:0
2021-11-30 10:07:54,959 [EventQueue-OpenPipelineForHealthyPipelineSafeModeRule] INFO  safemode.SCMSafeModeManager (HealthyPipelineSafeModeRule.java:process(124)) - SCM in safe mode. Healthy pipelines reported count is 0, required healthy pipeline reported count is 1
2021-11-30 10:07:54,960 [f261d845-a31c-4557-bbf6-cf3b66338abe@group-2A2248A72664-SegmentedRaftLogWorker] INFO  segmented.SegmentedRaftLogWorker (SegmentedRaftLogWorker.java:execute(601)) - f261d845-a31c-4557-bbf6-cf3b66338abe@group-2A2248A72664-SegmentedRaftLogWorker: created new log segment /home/runner/work/ozone/ozone/hadoop-ozone/integration-test/target/test-dir/MiniOzoneClusterImpl-0e29ee7e-a070-46b0-aa8f-4a21e578e9b3/datanode-3/data/ratis/7d4d46a9-5f25-4fb3-ab67-2a2248a72664/current/log_inprogress_0
2021-11-30 10:07:54,963 [f261d845-a31c-4557-bbf6-cf3b66338abe@group-2A2248A72664-LeaderElection7] INFO  server.RaftServer$Division (ServerState.java:setRaftConf(387)) - f261d845-a31c-4557-bbf6-cf3b66338abe@group-2A2248A72664: set configuration 0: [f261d845-a31c-4557-bbf6-cf3b66338abe|rpc:10.1.0.53:34515|dataStream:|priority:1], old=null
2021-11-30 10:07:54,966 [f261d845-a31c-4557-bbf6-cf3b66338abe@group-D1C7A318DF2B-FollowerState] INFO  impl.FollowerState (FollowerState.java:run(134)) - f261d845-a31c-4557-bbf6-cf3b66338abe@group-D1C7A318DF2B-FollowerState: change to CANDIDATE, lastRpcElapsedTime:5092186065ns, electionTimeout:5088ms
2021-11-30 10:07:54,966 [f261d845-a31c-4557-bbf6-cf3b66338abe@group-D1C7A318DF2B-FollowerState] INFO  impl.RoleInfo (RoleInfo.java:shutdownFollowerState(108)) - f261d845-a31c-4557-bbf6-cf3b66338abe: shutdown f261d845-a31c-4557-bbf6-cf3b66338abe@group-D1C7A318DF2B-FollowerState
2021-11-30 10:07:54,966 [f261d845-a31c-4557-bbf6-cf3b66338abe@group-D1C7A318DF2B-FollowerState] INFO  server.RaftServer$Division (RaftServerImpl.java:setRole(290)) - f261d845-a31c-4557-bbf6-cf3b66338abe@group-D1C7A318DF2B: changes role from  FOLLOWER to CANDIDATE at term 0 for changeToCandidate
2021-11-30 10:07:54,966 [f261d845-a31c-4557-bbf6-cf3b66338abe@group-D1C7A318DF2B-FollowerState] INFO  server.RaftServerConfigKeys (ConfUtils.java:logGet(44)) - raft.server.leaderelection.pre-vote = false (custom)
2021-11-30 10:07:54,966 [f261d845-a31c-4557-bbf6-cf3b66338abe@group-D1C7A318DF2B-FollowerState] INFO  impl.RoleInfo (RoleInfo.java:updateAndGet(130)) - f261d845-a31c-4557-bbf6-cf3b66338abe: start f261d845-a31c-4557-bbf6-cf3b66338abe@group-D1C7A318DF2B-LeaderElection8
2021-11-30 10:07:54,972 [f261d845-a31c-4557-bbf6-cf3b66338abe@group-D1C7A318DF2B-LeaderElection8] INFO  impl.LeaderElection (LeaderElection.java:askForVotes(306)) - f261d845-a31c-4557-bbf6-cf3b66338abe@group-D1C7A318DF2B-LeaderElection8 ELECTION round 0: submit vote requests at term 1 for -1: [594a5f90-d5fa-4b06-ac33-1af263ebc166|rpc:10.1.0.53:39275|priority:0, f261d845-a31c-4557-bbf6-cf3b66338abe|rpc:10.1.0.53:34515|priority:0, 9100756b-960e-45b3-aeba-6353ed9ea095|rpc:10.1.0.53:41205|priority:1], old=null
2021-11-30 10:07:54,982 [9100756b-960e-45b3-aeba-6353ed9ea095@group-D1C7A318DF2B-FollowerState] INFO  impl.FollowerState (FollowerState.java:run(134)) - 9100756b-960e-45b3-aeba-6353ed9ea095@group-D1C7A318DF2B-FollowerState: change to CANDIDATE, lastRpcElapsedTime:5017019582ns, electionTimeout:5016ms
2021-11-30 10:07:54,982 [9100756b-960e-45b3-aeba-6353ed9ea095@group-D1C7A318DF2B-FollowerState] INFO  impl.RoleInfo (RoleInfo.java:shutdownFollowerState(108)) - 9100756b-960e-45b3-aeba-6353ed9ea095: shutdown 9100756b-960e-45b3-aeba-6353ed9ea095@group-D1C7A318DF2B-FollowerState
2021-11-30 10:07:54,982 [9100756b-960e-45b3-aeba-6353ed9ea095@group-D1C7A318DF2B-FollowerState] INFO  server.RaftServer$Division (RaftServerImpl.java:setRole(290)) - 9100756b-960e-45b3-aeba-6353ed9ea095@group-D1C7A318DF2B: changes role from  FOLLOWER to CANDIDATE at term 0 for changeToCandidate
2021-11-30 10:07:54,989 [9100756b-960e-45b3-aeba-6353ed9ea095@group-D1C7A318DF2B-FollowerState] INFO  server.RaftServerConfigKeys (ConfUtils.java:logGet(44)) - raft.server.leaderelection.pre-vote = false (custom)
2021-11-30 10:07:54,989 [9100756b-960e-45b3-aeba-6353ed9ea095@group-D1C7A318DF2B-FollowerState] INFO  impl.RoleInfo (RoleInfo.java:updateAndGet(130)) - 9100756b-960e-45b3-aeba-6353ed9ea095: start 9100756b-960e-45b3-aeba-6353ed9ea095@group-D1C7A318DF2B-LeaderElection9
2021-11-30 10:07:54,989 [grpc-default-executor-0] INFO  server.RaftServer$Division (RaftServerImpl.java:requestVote(1046)) - 9100756b-960e-45b3-aeba-6353ed9ea095@group-D1C7A318DF2B: receive requestVote(ELECTION, f261d845-a31c-4557-bbf6-cf3b66338abe, group-D1C7A318DF2B, 1, (t:0, i:0))
2021-11-30 10:07:54,994 [grpc-default-executor-0] INFO  impl.VoteContext (VoteContext.java:log(48)) - 9100756b-960e-45b3-aeba-6353ed9ea095@group-D1C7A318DF2B-CANDIDATE: reject ELECTION from f261d845-a31c-4557-bbf6-cf3b66338abe: our priority 1 > candidate's priority 0
2021-11-30 10:07:54,995 [grpc-default-executor-0] INFO  server.RaftServer$Division (RaftServerImpl.java:setRole(290)) - 9100756b-960e-45b3-aeba-6353ed9ea095@group-D1C7A318DF2B: changes role from CANDIDATE to FOLLOWER at term 1 for candidate:f261d845-a31c-4557-bbf6-cf3b66338abe
2021-11-30 10:07:54,995 [grpc-default-executor-0] INFO  impl.RoleInfo (RoleInfo.java:shutdownLeaderElection(121)) - 9100756b-960e-45b3-aeba-6353ed9ea095: shutdown 9100756b-960e-45b3-aeba-6353ed9ea095@group-D1C7A318DF2B-LeaderElection9
2021-11-30 10:07:54,995 [grpc-default-executor-0] INFO  impl.RoleInfo (RoleInfo.java:updateAndGet(130)) - 9100756b-960e-45b3-aeba-6353ed9ea095: start 9100756b-960e-45b3-aeba-6353ed9ea095@group-D1C7A318DF2B-FollowerState
2021-11-30 10:07:54,997 [grpc-default-executor-0] INFO  server.RaftServer$Division (RaftServerImpl.java:requestVote(1078)) - 9100756b-960e-45b3-aeba-6353ed9ea095@group-D1C7A318DF2B replies to ELECTION vote request: f261d845-a31c-4557-bbf6-cf3b66338abe<-9100756b-960e-45b3-aeba-6353ed9ea095#0:FAIL-t1. Peer's state: 9100756b-960e-45b3-aeba-6353ed9ea095@group-D1C7A318DF2B:t1, leader=null, voted=null, raftlog=9100756b-960e-45b3-aeba-6353ed9ea095@group-D1C7A318DF2B-SegmentedRaftLog:OPENED:c-1, conf=-1: [594a5f90-d5fa-4b06-ac33-1af263ebc166|rpc:10.1.0.53:39275|dataStream:|priority:0, f261d845-a31c-4557-bbf6-cf3b66338abe|rpc:10.1.0.53:34515|dataStream:|priority:0, 9100756b-960e-45b3-aeba-6353ed9ea095|rpc:10.1.0.53:41205|dataStream:|priority:1], old=null
2021-11-30 10:07:55,000 [9100756b-960e-45b3-aeba-6353ed9ea095@group-D1C7A318DF2B-LeaderElection9] INFO  impl.LeaderElection (LeaderElection.java:run(230)) - 9100756b-960e-45b3-aeba-6353ed9ea095@group-D1C7A318DF2B-LeaderElection9: skip running since this is already CLOSING
2021-11-30 10:07:55,003 [f261d845-a31c-4557-bbf6-cf3b66338abe@group-D1C7A318DF2B-LeaderElection8] INFO  impl.LeaderElection (LeaderElection.java:logAndReturn(89)) - f261d845-a31c-4557-bbf6-cf3b66338abe@group-D1C7A318DF2B-LeaderElection8: ELECTION REJECTED received 1 response(s) and 0 exception(s):
2021-11-30 10:07:55,011 [f261d845-a31c-4557-bbf6-cf3b66338abe@group-D1C7A318DF2B-LeaderElection8] INFO  impl.LeaderElection (LeaderElection.java:logAndReturn(93)) -   Response 0: f261d845-a31c-4557-bbf6-cf3b66338abe<-9100756b-960e-45b3-aeba-6353ed9ea095#0:FAIL-t1
2021-11-30 10:07:55,011 [f261d845-a31c-4557-bbf6-cf3b66338abe@group-D1C7A318DF2B-LeaderElection8] INFO  impl.LeaderElection (LeaderElection.java:askForVotes(308)) - f261d845-a31c-4557-bbf6-cf3b66338abe@group-D1C7A318DF2B-LeaderElection8 ELECTION round 0: result REJECTED
2021-11-30 10:07:55,011 [f261d845-a31c-4557-bbf6-cf3b66338abe@group-D1C7A318DF2B-LeaderElection8] INFO  server.RaftServer$Division (RaftServerImpl.java:setRole(290)) - f261d845-a31c-4557-bbf6-cf3b66338abe@group-D1C7A318DF2B: changes role from CANDIDATE to FOLLOWER at term 1 for REJECTED
2021-11-30 10:07:55,011 [f261d845-a31c-4557-bbf6-cf3b66338abe@group-D1C7A318DF2B-LeaderElection8] INFO  impl.RoleInfo (RoleInfo.java:shutdownLeaderElection(121)) - f261d845-a31c-4557-bbf6-cf3b66338abe: shutdown f261d845-a31c-4557-bbf6-cf3b66338abe@group-D1C7A318DF2B-LeaderElection8
2021-11-30 10:07:55,011 [f261d845-a31c-4557-bbf6-cf3b66338abe@group-D1C7A318DF2B-LeaderElection8] INFO  impl.RoleInfo (RoleInfo.java:updateAndGet(130)) - f261d845-a31c-4557-bbf6-cf3b66338abe: start f261d845-a31c-4557-bbf6-cf3b66338abe@group-D1C7A318DF2B-FollowerState
2021-11-30 10:07:55,011 [grpc-default-executor-0] INFO  server.RaftServer$Division (RaftServerImpl.java:requestVote(1046)) - 594a5f90-d5fa-4b06-ac33-1af263ebc166@group-D1C7A318DF2B: receive requestVote(ELECTION, f261d845-a31c-4557-bbf6-cf3b66338abe, group-D1C7A318DF2B, 1, (t:0, i:0))
2021-11-30 10:07:55,011 [grpc-default-executor-0] INFO  impl.VoteContext (VoteContext.java:log(48)) - 594a5f90-d5fa-4b06-ac33-1af263ebc166@group-D1C7A318DF2B-FOLLOWER: accept ELECTION from f261d845-a31c-4557-bbf6-cf3b66338abe: our priority 0 <= candidate's priority 0
2021-11-30 10:07:55,011 [grpc-default-executor-0] INFO  server.RaftServer$Division (RaftServerImpl.java:setRole(290)) - 594a5f90-d5fa-4b06-ac33-1af263ebc166@group-D1C7A318DF2B: changes role from  FOLLOWER to FOLLOWER at term 1 for candidate:f261d845-a31c-4557-bbf6-cf3b66338abe
2021-11-30 10:07:55,011 [grpc-default-executor-0] INFO  impl.RoleInfo (RoleInfo.java:shutdownFollowerState(108)) - 594a5f90-d5fa-4b06-ac33-1af263ebc166: shutdown 594a5f90-d5fa-4b06-ac33-1af263ebc166@group-D1C7A318DF2B-FollowerState
2021-11-30 10:07:55,012 [grpc-default-executor-0] INFO  impl.RoleInfo (RoleInfo.java:updateAndGet(130)) - 594a5f90-d5fa-4b06-ac33-1af263ebc166: start 594a5f90-d5fa-4b06-ac33-1af263ebc166@group-D1C7A318DF2B-FollowerState
2021-11-30 10:07:55,012 [594a5f90-d5fa-4b06-ac33-1af263ebc166@group-D1C7A318DF2B-FollowerState] INFO  impl.FollowerState (FollowerState.java:run(143)) - 594a5f90-d5fa-4b06-ac33-1af263ebc166@group-D1C7A318DF2B-FollowerState was interrupted: {}
java.lang.InterruptedException: sleep interrupted
	at java.lang.Thread.sleep(Native Method)
	at java.lang.Thread.sleep(Thread.java:340)
	at java.util.concurrent.TimeUnit.sleep(TimeUnit.java:386)
	at org.apache.ratis.util.TimeDuration.sleep(TimeDuration.java:324)
	at org.apache.ratis.util.TimeDuration.sleep(TimeDuration.java:309)
	at org.apache.ratis.server.impl.FollowerState.run(FollowerState.java:118)
2021-11-30 10:07:55,019 [grpc-default-executor-0] INFO  server.RaftServer$Division (RaftServerImpl.java:requestVote(1078)) - 594a5f90-d5fa-4b06-ac33-1af263ebc166@group-D1C7A318DF2B replies to ELECTION vote request: f261d845-a31c-4557-bbf6-cf3b66338abe<-594a5f90-d5fa-4b06-ac33-1af263ebc166#0:OK-t1. Peer's state: 594a5f90-d5fa-4b06-ac33-1af263ebc166@group-D1C7A318DF2B:t1, leader=null, voted=f261d845-a31c-4557-bbf6-cf3b66338abe, raftlog=594a5f90-d5fa-4b06-ac33-1af263ebc166@group-D1C7A318DF2B-SegmentedRaftLog:OPENED:c-1, conf=-1: [594a5f90-d5fa-4b06-ac33-1af263ebc166|rpc:10.1.0.53:39275|dataStream:|priority:0, f261d845-a31c-4557-bbf6-cf3b66338abe|rpc:10.1.0.53:34515|dataStream:|priority:0, 9100756b-960e-45b3-aeba-6353ed9ea095|rpc:10.1.0.53:41205|dataStream:|priority:1], old=null
2021-11-30 10:07:55,156 [594a5f90-d5fa-4b06-ac33-1af263ebc166@group-D3EED943AD18-FollowerState] INFO  impl.FollowerState (FollowerState.java:run(134)) - 594a5f90-d5fa-4b06-ac33-1af263ebc166@group-D3EED943AD18-FollowerState: change to CANDIDATE, lastRpcElapsedTime:5106907624ns, electionTimeout:5103ms
2021-11-30 10:07:55,156 [594a5f90-d5fa-4b06-ac33-1af263ebc166@group-D3EED943AD18-FollowerState] INFO  impl.RoleInfo (RoleInfo.java:shutdownFollowerState(108)) - 594a5f90-d5fa-4b06-ac33-1af263ebc166: shutdown 594a5f90-d5fa-4b06-ac33-1af263ebc166@group-D3EED943AD18-FollowerState
2021-11-30 10:07:55,157 [594a5f90-d5fa-4b06-ac33-1af263ebc166@group-D3EED943AD18-FollowerState] INFO  server.RaftServer$Division (RaftServerImpl.java:setRole(290)) - 594a5f90-d5fa-4b06-ac33-1af263ebc166@group-D3EED943AD18: changes role from  FOLLOWER to CANDIDATE at term 0 for changeToCandidate
2021-11-30 10:07:55,158 [594a5f90-d5fa-4b06-ac33-1af263ebc166@group-D3EED943AD18-FollowerState] INFO  server.RaftServerConfigKeys (ConfUtils.java:logGet(44)) - raft.server.leaderelection.pre-vote = false (custom)
2021-11-30 10:07:55,158 [594a5f90-d5fa-4b06-ac33-1af263ebc166@group-D3EED943AD18-FollowerState] INFO  impl.RoleInfo (RoleInfo.java:updateAndGet(130)) - 594a5f90-d5fa-4b06-ac33-1af263ebc166: start 594a5f90-d5fa-4b06-ac33-1af263ebc166@group-D3EED943AD18-LeaderElection10
2021-11-30 10:07:55,167 [594a5f90-d5fa-4b06-ac33-1af263ebc166@group-D3EED943AD18-LeaderElection10] INFO  impl.LeaderElection (LeaderElection.java:askForVotes(306)) - 594a5f90-d5fa-4b06-ac33-1af263ebc166@group-D3EED943AD18-LeaderElection10 ELECTION round 0: submit vote requests at term 1 for -1: [594a5f90-d5fa-4b06-ac33-1af263ebc166|rpc:10.1.0.53:39275|priority:1, f261d845-a31c-4557-bbf6-cf3b66338abe|rpc:10.1.0.53:34515|priority:0, 9100756b-960e-45b3-aeba-6353ed9ea095|rpc:10.1.0.53:41205|priority:0], old=null
2021-11-30 10:07:55,182 [grpc-default-executor-0] INFO  server.RaftServer$Division (RaftServerImpl.java:requestVote(1046)) - f261d845-a31c-4557-bbf6-cf3b66338abe@group-D3EED943AD18: receive requestVote(ELECTION, 594a5f90-d5fa-4b06-ac33-1af263ebc166, group-D3EED943AD18, 1, (t:0, i:0))
2021-11-30 10:07:55,183 [grpc-default-executor-0] INFO  impl.VoteContext (VoteContext.java:log(48)) - f261d845-a31c-4557-bbf6-cf3b66338abe@group-D3EED943AD18-FOLLOWER: accept ELECTION from 594a5f90-d5fa-4b06-ac33-1af263ebc166: our priority 0 <= candidate's priority 1
2021-11-30 10:07:55,183 [grpc-default-executor-0] INFO  server.RaftServer$Division (RaftServerImpl.java:setRole(290)) - f261d845-a31c-4557-bbf6-cf3b66338abe@group-D3EED943AD18: changes role from  FOLLOWER to FOLLOWER at term 1 for candidate:594a5f90-d5fa-4b06-ac33-1af263ebc166
2021-11-30 10:07:55,183 [grpc-default-executor-0] INFO  impl.RoleInfo (RoleInfo.java:shutdownFollowerState(108)) - f261d845-a31c-4557-bbf6-cf3b66338abe: shutdown f261d845-a31c-4557-bbf6-cf3b66338abe@group-D3EED943AD18-FollowerState
2021-11-30 10:07:55,183 [grpc-default-executor-0] INFO  impl.RoleInfo (RoleInfo.java:updateAndGet(130)) - f261d845-a31c-4557-bbf6-cf3b66338abe: start f261d845-a31c-4557-bbf6-cf3b66338abe@group-D3EED943AD18-FollowerState
2021-11-30 10:07:55,183 [f261d845-a31c-4557-bbf6-cf3b66338abe@group-D3EED943AD18-FollowerState] INFO  impl.FollowerState (FollowerState.java:run(143)) - f261d845-a31c-4557-bbf6-cf3b66338abe@group-D3EED943AD18-FollowerState was interrupted: {}
java.lang.InterruptedException: sleep interrupted
	at java.lang.Thread.sleep(Native Method)
	at java.lang.Thread.sleep(Thread.java:340)
	at java.util.concurrent.TimeUnit.sleep(TimeUnit.java:386)
	at org.apache.ratis.util.TimeDuration.sleep(TimeDuration.java:324)
	at org.apache.ratis.util.TimeDuration.sleep(TimeDuration.java:309)
	at org.apache.ratis.server.impl.FollowerState.run(FollowerState.java:118)
2021-11-30 10:07:55,191 [grpc-default-executor-1] INFO  server.RaftServer$Division (RaftServerImpl.java:requestVote(1046)) - 9100756b-960e-45b3-aeba-6353ed9ea095@group-D3EED943AD18: receive requestVote(ELECTION, 594a5f90-d5fa-4b06-ac33-1af263ebc166, group-D3EED943AD18, 1, (t:0, i:0))
2021-11-30 10:07:55,191 [grpc-default-executor-1] INFO  impl.VoteContext (VoteContext.java:log(48)) - 9100756b-960e-45b3-aeba-6353ed9ea095@group-D3EED943AD18-FOLLOWER: accept ELECTION from 594a5f90-d5fa-4b06-ac33-1af263ebc166: our priority 0 <= candidate's priority 1
2021-11-30 10:07:55,191 [grpc-default-executor-1] INFO  server.RaftServer$Division (RaftServerImpl.java:setRole(290)) - 9100756b-960e-45b3-aeba-6353ed9ea095@group-D3EED943AD18: changes role from  FOLLOWER to FOLLOWER at term 1 for candidate:594a5f90-d5fa-4b06-ac33-1af263ebc166
2021-11-30 10:07:55,191 [grpc-default-executor-1] INFO  impl.RoleInfo (RoleInfo.java:shutdownFollowerState(108)) - 9100756b-960e-45b3-aeba-6353ed9ea095: shutdown 9100756b-960e-45b3-aeba-6353ed9ea095@group-D3EED943AD18-FollowerState
2021-11-30 10:07:55,191 [grpc-default-executor-1] INFO  impl.RoleInfo (RoleInfo.java:updateAndGet(130)) - 9100756b-960e-45b3-aeba-6353ed9ea095: start 9100756b-960e-45b3-aeba-6353ed9ea095@group-D3EED943AD18-FollowerState
2021-11-30 10:07:55,192 [9100756b-960e-45b3-aeba-6353ed9ea095@group-D3EED943AD18-FollowerState] INFO  impl.FollowerState (FollowerState.java:run(143)) - 9100756b-960e-45b3-aeba-6353ed9ea095@group-D3EED943AD18-FollowerState was interrupted: {}
java.lang.InterruptedException: sleep interrupted
	at java.lang.Thread.sleep(Native Method)
	at java.lang.Thread.sleep(Thread.java:340)
	at java.util.concurrent.TimeUnit.sleep(TimeUnit.java:386)
	at org.apache.ratis.util.TimeDuration.sleep(TimeDuration.java:324)
	at org.apache.ratis.util.TimeDuration.sleep(TimeDuration.java:309)
	at org.apache.ratis.server.impl.FollowerState.run(FollowerState.java:118)
2021-11-30 10:07:55,193 [grpc-default-executor-0] INFO  server.RaftServer$Division (RaftServerImpl.java:requestVote(1078)) - f261d845-a31c-4557-bbf6-cf3b66338abe@group-D3EED943AD18 replies to ELECTION vote request: 594a5f90-d5fa-4b06-ac33-1af263ebc166<-f261d845-a31c-4557-bbf6-cf3b66338abe#0:OK-t1. Peer's state: f261d845-a31c-4557-bbf6-cf3b66338abe@group-D3EED943AD18:t1, leader=null, voted=594a5f90-d5fa-4b06-ac33-1af263ebc166, raftlog=f261d845-a31c-4557-bbf6-cf3b66338abe@group-D3EED943AD18-SegmentedRaftLog:OPENED:c-1, conf=-1: [594a5f90-d5fa-4b06-ac33-1af263ebc166|rpc:10.1.0.53:39275|priority:1, f261d845-a31c-4557-bbf6-cf3b66338abe|rpc:10.1.0.53:34515|priority:0, 9100756b-960e-45b3-aeba-6353ed9ea095|rpc:10.1.0.53:41205|priority:0], old=null
2021-11-30 10:07:55,197 [grpc-default-executor-1] INFO  server.RaftServer$Division (RaftServerImpl.java:requestVote(1078)) - 9100756b-960e-45b3-aeba-6353ed9ea095@group-D3EED943AD18 replies to ELECTION vote request: 594a5f90-d5fa-4b06-ac33-1af263ebc166<-9100756b-960e-45b3-aeba-6353ed9ea095#0:OK-t1. Peer's state: 9100756b-960e-45b3-aeba-6353ed9ea095@group-D3EED943AD18:t1, leader=null, voted=594a5f90-d5fa-4b06-ac33-1af263ebc166, raftlog=9100756b-960e-45b3-aeba-6353ed9ea095@group-D3EED943AD18-SegmentedRaftLog:OPENED:c-1, conf=-1: [594a5f90-d5fa-4b06-ac33-1af263ebc166|rpc:10.1.0.53:39275|dataStream:|priority:1, f261d845-a31c-4557-bbf6-cf3b66338abe|rpc:10.1.0.53:34515|dataStream:|priority:0, 9100756b-960e-45b3-aeba-6353ed9ea095|rpc:10.1.0.53:41205|dataStream:|priority:0], old=null
2021-11-30 10:07:55,199 [594a5f90-d5fa-4b06-ac33-1af263ebc166@group-D3EED943AD18-LeaderElection10] INFO  impl.LeaderElection (LeaderElection.java:logAndReturn(89)) - 594a5f90-d5fa-4b06-ac33-1af263ebc166@group-D3EED943AD18-LeaderElection10: ELECTION PASSED received 1 response(s) and 0 exception(s):
2021-11-30 10:07:55,200 [594a5f90-d5fa-4b06-ac33-1af263ebc166@group-D3EED943AD18-LeaderElection10] INFO  impl.LeaderElection (LeaderElection.java:logAndReturn(93)) -   Response 0: 594a5f90-d5fa-4b06-ac33-1af263ebc166<-f261d845-a31c-4557-bbf6-cf3b66338abe#0:OK-t1
2021-11-30 10:07:55,200 [594a5f90-d5fa-4b06-ac33-1af263ebc166@group-D3EED943AD18-LeaderElection10] INFO  impl.LeaderElection (LeaderElection.java:askForVotes(308)) - 594a5f90-d5fa-4b06-ac33-1af263ebc166@group-D3EED943AD18-LeaderElection10 ELECTION round 0: result PASSED
2021-11-30 10:07:55,200 [594a5f90-d5fa-4b06-ac33-1af263ebc166@group-D3EED943AD18-LeaderElection10] INFO  impl.RoleInfo (RoleInfo.java:shutdownLeaderElection(121)) - 594a5f90-d5fa-4b06-ac33-1af263ebc166: shutdown 594a5f90-d5fa-4b06-ac33-1af263ebc166@group-D3EED943AD18-LeaderElection10
2021-11-30 10:07:55,201 [594a5f90-d5fa-4b06-ac33-1af263ebc166@group-D3EED943AD18-LeaderElection10] INFO  server.RaftServer$Division (RaftServerImpl.java:setRole(290)) - 594a5f90-d5fa-4b06-ac33-1af263ebc166@group-D3EED943AD18: changes role from CANDIDATE to LEADER at term 1 for changeToLeader
2021-11-30 10:07:55,201 [594a5f90-d5fa-4b06-ac33-1af263ebc166@group-D3EED943AD18-LeaderElection10] INFO  ratis.XceiverServerRatis (XceiverServerRatis.java:handleLeaderChangedNotification(866)) - Leader change notification received for group: group-D3EED943AD18 with new leaderId: 594a5f90-d5fa-4b06-ac33-1af263ebc166
2021-11-30 10:07:55,201 [594a5f90-d5fa-4b06-ac33-1af263ebc166@group-D3EED943AD18-LeaderElection10] INFO  server.RaftServer$Division (ServerState.java:setLeader(285)) - 594a5f90-d5fa-4b06-ac33-1af263ebc166@group-D3EED943AD18: change Leader from null to 594a5f90-d5fa-4b06-ac33-1af263ebc166 at term 1 for becomeLeader, leader elected after 5165ms
2021-11-30 10:07:55,201 [594a5f90-d5fa-4b06-ac33-1af263ebc166@group-D3EED943AD18-LeaderElection10] INFO  server.RaftServerConfigKeys (ConfUtils.java:logGet(44)) - raft.server.staging.catchup.gap = 1000 (default)
2021-11-30 10:07:55,201 [594a5f90-d5fa-4b06-ac33-1af263ebc166@group-D3EED943AD18-LeaderElection10] INFO  server.RaftServerConfigKeys (ConfUtils.java:logGet(44)) - raft.server.write.element-limit = 1024 (custom)
2021-11-30 10:07:55,201 [594a5f90-d5fa-4b06-ac33-1af263ebc166@group-D3EED943AD18-LeaderElection10] INFO  server.RaftServerConfigKeys (ConfUtils.java:logGet(44)) - raft.server.write.byte-limit = 1024 M (=1073741824) (custom)
2021-11-30 10:07:55,202 [594a5f90-d5fa-4b06-ac33-1af263ebc166@group-D3EED943AD18-LeaderElection10] INFO  server.RaftServerConfigKeys (ConfUtils.java:logGet(44)) - raft.server.watch.timeout = 3000ms (custom)
2021-11-30 10:07:55,202 [594a5f90-d5fa-4b06-ac33-1af263ebc166@group-D3EED943AD18-LeaderElection10] INFO  server.RaftServerConfigKeys (ConfUtils.java:logGet(44)) - raft.server.watch.timeout.denomination = 1s (default)
2021-11-30 10:07:55,202 [594a5f90-d5fa-4b06-ac33-1af263ebc166@group-D3EED943AD18-LeaderElection10] INFO  server.RaftServerConfigKeys (ConfUtils.java:logGet(44)) - raft.server.watch.element-limit = 65536 (default)
2021-11-30 10:07:55,202 [594a5f90-d5fa-4b06-ac33-1af263ebc166@group-D3EED943AD18-LeaderElection10] INFO  server.RaftServerConfigKeys (ConfUtils.java:logGet(44)) - raft.server.write.element-limit = 1024 (custom)
2021-11-30 10:07:55,202 [594a5f90-d5fa-4b06-ac33-1af263ebc166@group-D3EED943AD18-LeaderElection10] INFO  server.RaftServerConfigKeys (ConfUtils.java:logGet(44)) - raft.server.write.follower.gap.ratio.max = -1.0 (default)
2021-11-30 10:07:55,205 [EventQueue-PipelineReportForPipelineReportHandler] INFO  pipeline.PipelineManagerImpl (PipelineManagerImpl.java:openPipeline(289)) - Pipeline Pipeline[ Id: 1053b465-f2e9-4599-823d-d3eed943ad18, Nodes: 9100756b-960e-45b3-aeba-6353ed9ea095{ip: 10.1.0.53, host: fv-az297-56.nmf1rxwemy4u5di1sxxf4ejcwb.jx.internal.cloudapp.net, ports: [REPLICATION=38163, RATIS=41205, RATIS_ADMIN=41205, RATIS_SERVER=41205, STANDALONE=34613], networkLocation: /default-rack, certSerialId: null, persistedOpState: IN_SERVICE, persistedOpStateExpiryEpochSec: 0}f261d845-a31c-4557-bbf6-cf3b66338abe{ip: 10.1.0.53, host: fv-az297-56.nmf1rxwemy4u5di1sxxf4ejcwb.jx.internal.cloudapp.net, ports: [REPLICATION=42837, RATIS=34515, RATIS_ADMIN=34515, RATIS_SERVER=34515, STANDALONE=35037], networkLocation: /default-rack, certSerialId: null, persistedOpState: IN_SERVICE, persistedOpStateExpiryEpochSec: 0}594a5f90-d5fa-4b06-ac33-1af263ebc166{ip: 10.1.0.53, host: fv-az297-56.nmf1rxwemy4u5di1sxxf4ejcwb.jx.internal.cloudapp.net, ports: [REPLICATION=39225, RATIS=39275, RATIS_ADMIN=39275, RATIS_SERVER=39275, STANDALONE=45399], networkLocation: /default-rack, certSerialId: null, persistedOpState: IN_SERVICE, persistedOpStateExpiryEpochSec: 0}, ReplicationConfig: RATIS/THREE, State:ALLOCATED, leaderId:594a5f90-d5fa-4b06-ac33-1af263ebc166, CreationTimestamp2021-11-30T10:07:47.198Z[Etc/UTC]] moved to OPEN state
2021-11-30 10:07:55,205 [EventQueue-OpenPipelineForHealthyPipelineSafeModeRule] INFO  safemode.SCMSafeModeManager (HealthyPipelineSafeModeRule.java:process(124)) - SCM in safe mode. Healthy pipelines reported count is 0, required healthy pipeline reported count is 1
2021-11-30 10:07:55,207 [EventQueue-OpenPipelineForHealthyPipelineSafeModeRule] INFO  safemode.SCMSafeModeManager (HealthyPipelineSafeModeRule.java:process(124)) - SCM in safe mode. Healthy pipelines reported count is 1, required healthy pipeline reported count is 1
2021-11-30 10:07:55,207 [EventQueue-OpenPipelineForHealthyPipelineSafeModeRule] INFO  safemode.SCMSafeModeManager (SCMSafeModeManager.java:validateSafeModeExitRules(204)) - HealthyPipelineSafeModeRule rule is successfully validated
2021-11-30 10:07:55,207 [EventQueue-OpenPipelineForHealthyPipelineSafeModeRule] INFO  safemode.SCMSafeModeManager (SCMSafeModeManager.java:validateSafeModeExitRules(219)) - ScmSafeModeManager, all rules are successfully validated
2021-11-30 10:07:55,207 [EventQueue-OpenPipelineForHealthyPipelineSafeModeRule] INFO  safemode.SCMSafeModeManager (SCMSafeModeManager.java:exitSafeMode(248)) - SCM exiting safe mode.
2021-11-30 10:07:55,208 [EventQueue-OpenPipelineForHealthyPipelineSafeModeRule] WARN  events.EventQueue (EventQueue.java:fireEvent(194)) - No event handler registered for event TypedEvent{payloadType=SafeModeStatus, name='Safe mode status'}
2021-11-30 10:07:55,208 [EventQueue-OpenPipelineForHealthyPipelineSafeModeRule] INFO  ha.SCMContext (SCMContext.java:updateSafeModeStatus(205)) - Update SafeModeStatus from SafeModeStatus{safeModeStatus=true, preCheckPassed=true} to SafeModeStatus{safeModeStatus=false, preCheckPassed=true}.
2021-11-30 10:07:55,208 [EventQueue-OpenPipelineForHealthyPipelineSafeModeRule] INFO  pipeline.BackgroundPipelineCreator (BackgroundPipelineCreator.java:notifyStatusChanged(264)) - Service BackgroundPipelineCreator transitions to RUNNING.
2021-11-30 10:07:55,208 [EventQueue-OpenPipelineForHealthyPipelineSafeModeRule] INFO  container.ReplicationManager (ReplicationManager.java:notifyStatusChanged(1756)) - Service ReplicationManager transitions to RUNNING.
2021-11-30 10:07:55,214 [594a5f90-d5fa-4b06-ac33-1af263ebc166@group-D3EED943AD18-LeaderElection10] INFO  server.RaftServerConfigKeys (ConfUtils.java:logGet(44)) - raft.server.log.appender.snapshot.chunk.size.max = 16MB (=16777216) (default)
2021-11-30 10:07:55,214 [594a5f90-d5fa-4b06-ac33-1af263ebc166@group-D3EED943AD18-LeaderElection10] INFO  server.RaftServerConfigKeys (ConfUtils.java:logGet(44)) - raft.server.log.appender.buffer.byte-limit = 33554432 (custom)
2021-11-30 10:07:55,214 [594a5f90-d5fa-4b06-ac33-1af263ebc166@group-D3EED943AD18-LeaderElection10] INFO  server.RaftServerConfigKeys (ConfUtils.java:logGet(44)) - raft.server.log.appender.buffer.element-limit = 1 (custom)
2021-11-30 10:07:55,217 [594a5f90-d5fa-4b06-ac33-1af263ebc166@group-D3EED943AD18-LeaderElection10] INFO  grpc.GrpcConfigKeys (ConfUtils.java:logGet(44)) - raft.grpc.server.leader.outstanding.appends.max = 128 (default)
2021-11-30 10:07:55,217 [594a5f90-d5fa-4b06-ac33-1af263ebc166@group-D3EED943AD18-LeaderElection10] INFO  server.RaftServerConfigKeys (ConfUtils.java:logGet(44)) - raft.server.rpc.request.timeout = 3000ms (default)
2021-11-30 10:07:55,217 [594a5f90-d5fa-4b06-ac33-1af263ebc166@group-D3EED943AD18-LeaderElection10] INFO  server.RaftServerConfigKeys (ConfUtils.java:logGet(44)) - raft.server.log.appender.install.snapshot.enabled = false (custom)
2021-11-30 10:07:55,218 [594a5f90-d5fa-4b06-ac33-1af263ebc166@group-A835347B52D5-FollowerState] INFO  impl.FollowerState (FollowerState.java:run(134)) - 594a5f90-d5fa-4b06-ac33-1af263ebc166@group-A835347B52D5-FollowerState: change to CANDIDATE, lastRpcElapsedTime:5203398132ns, electionTimeout:5194ms
2021-11-30 10:07:55,220 [594a5f90-d5fa-4b06-ac33-1af263ebc166@group-A835347B52D5-FollowerState] INFO  impl.RoleInfo (RoleInfo.java:shutdownFollowerState(108)) - 594a5f90-d5fa-4b06-ac33-1af263ebc166: shutdown 594a5f90-d5fa-4b06-ac33-1af263ebc166@group-A835347B52D5-FollowerState
2021-11-30 10:07:55,220 [594a5f90-d5fa-4b06-ac33-1af263ebc166@group-A835347B52D5-FollowerState] INFO  server.RaftServer$Division (RaftServerImpl.java:setRole(290)) - 594a5f90-d5fa-4b06-ac33-1af263ebc166@group-A835347B52D5: changes role from  FOLLOWER to CANDIDATE at term 0 for changeToCandidate
2021-11-30 10:07:55,220 [594a5f90-d5fa-4b06-ac33-1af263ebc166@group-A835347B52D5-FollowerState] INFO  server.RaftServerConfigKeys (ConfUtils.java:logGet(44)) - raft.server.leaderelection.pre-vote = false (custom)
2021-11-30 10:07:55,220 [594a5f90-d5fa-4b06-ac33-1af263ebc166@group-A835347B52D5-FollowerState] INFO  impl.RoleInfo (RoleInfo.java:updateAndGet(130)) - 594a5f90-d5fa-4b06-ac33-1af263ebc166: start 594a5f90-d5fa-4b06-ac33-1af263ebc166@group-A835347B52D5-LeaderElection11
2021-11-30 10:07:55,223 [594a5f90-d5fa-4b06-ac33-1af263ebc166@group-D3EED943AD18-LeaderElection10] INFO  server.RaftServerConfigKeys (ConfUtils.java:logGet(44)) - raft.server.log.appender.snapshot.chunk.size.max = 16MB (=16777216) (default)
2021-11-30 10:07:55,223 [594a5f90-d5fa-4b06-ac33-1af263ebc166@group-D3EED943AD18-LeaderElection10] INFO  server.RaftServerConfigKeys (ConfUtils.java:logGet(44)) - raft.server.log.appender.buffer.byte-limit = 33554432 (custom)
2021-11-30 10:07:55,223 [594a5f90-d5fa-4b06-ac33-1af263ebc166@group-D3EED943AD18-LeaderElection10] INFO  server.RaftServerConfigKeys (ConfUtils.java:logGet(44)) - raft.server.log.appender.buffer.element-limit = 1 (custom)
2021-11-30 10:07:55,224 [594a5f90-d5fa-4b06-ac33-1af263ebc166@group-D3EED943AD18-LeaderElection10] INFO  grpc.GrpcConfigKeys (ConfUtils.java:logGet(44)) - raft.grpc.server.leader.outstanding.appends.max = 128 (default)
2021-11-30 10:07:55,224 [594a5f90-d5fa-4b06-ac33-1af263ebc166@group-D3EED943AD18-LeaderElection10] INFO  server.RaftServerConfigKeys (ConfUtils.java:logGet(44)) - raft.server.rpc.request.timeout = 3000ms (default)
2021-11-30 10:07:55,224 [594a5f90-d5fa-4b06-ac33-1af263ebc166@group-D3EED943AD18-LeaderElection10] INFO  server.RaftServerConfigKeys (ConfUtils.java:logGet(44)) - raft.server.log.appender.install.snapshot.enabled = false (custom)
2021-11-30 10:07:55,226 [594a5f90-d5fa-4b06-ac33-1af263ebc166@group-D3EED943AD18-LeaderElection10] INFO  impl.RoleInfo (RoleInfo.java:updateAndGet(130)) - 594a5f90-d5fa-4b06-ac33-1af263ebc166: start 594a5f90-d5fa-4b06-ac33-1af263ebc166@group-D3EED943AD18-LeaderStateImpl
2021-11-30 10:07:55,227 [594a5f90-d5fa-4b06-ac33-1af263ebc166@group-D3EED943AD18-LeaderElection10] INFO  segmented.SegmentedRaftLogWorker (SegmentedRaftLogWorker.java:startLogSegment(394)) - 594a5f90-d5fa-4b06-ac33-1af263ebc166@group-D3EED943AD18-SegmentedRaftLogWorker: Starting segment from index:0
2021-11-30 10:07:55,228 [594a5f90-d5fa-4b06-ac33-1af263ebc166@group-D3EED943AD18-SegmentedRaftLogWorker] INFO  segmented.SegmentedRaftLogWorker (SegmentedRaftLogWorker.java:execute(601)) - 594a5f90-d5fa-4b06-ac33-1af263ebc166@group-D3EED943AD18-SegmentedRaftLogWorker: created new log segment /home/runner/work/ozone/ozone/hadoop-ozone/integration-test/target/test-dir/MiniOzoneClusterImpl-0e29ee7e-a070-46b0-aa8f-4a21e578e9b3/datanode-4/data/ratis/1053b465-f2e9-4599-823d-d3eed943ad18/current/log_inprogress_0
2021-11-30 10:07:55,229 [594a5f90-d5fa-4b06-ac33-1af263ebc166@group-A835347B52D5-LeaderElection11] INFO  impl.LeaderElection (LeaderElection.java:askForVotes(306)) - 594a5f90-d5fa-4b06-ac33-1af263ebc166@group-A835347B52D5-LeaderElection11 ELECTION round 0: submit vote requests at term 1 for -1: [594a5f90-d5fa-4b06-ac33-1af263ebc166|rpc:10.1.0.53:39275|priority:1], old=null
2021-11-30 10:07:55,229 [594a5f90-d5fa-4b06-ac33-1af263ebc166@group-A835347B52D5-LeaderElection11] INFO  impl.LeaderElection (LeaderElection.java:askForVotes(308)) - 594a5f90-d5fa-4b06-ac33-1af263ebc166@group-A835347B52D5-LeaderElection11 ELECTION round 0: result PASSED (term=1)
2021-11-30 10:07:55,229 [594a5f90-d5fa-4b06-ac33-1af263ebc166@group-A835347B52D5-LeaderElection11] INFO  impl.RoleInfo (RoleInfo.java:shutdownLeaderElection(121)) - 594a5f90-d5fa-4b06-ac33-1af263ebc166: shutdown 594a5f90-d5fa-4b06-ac33-1af263ebc166@group-A835347B52D5-LeaderElection11
2021-11-30 10:07:55,229 [594a5f90-d5fa-4b06-ac33-1af263ebc166@group-A835347B52D5-LeaderElection11] INFO  server.RaftServer$Division (RaftServerImpl.java:setRole(290)) - 594a5f90-d5fa-4b06-ac33-1af263ebc166@group-A835347B52D5: changes role from CANDIDATE to LEADER at term 1 for changeToLeader
2021-11-30 10:07:55,229 [594a5f90-d5fa-4b06-ac33-1af263ebc166@group-A835347B52D5-LeaderElection11] INFO  ratis.XceiverServerRatis (XceiverServerRatis.java:handleLeaderChangedNotification(866)) - Leader change notification received for group: group-A835347B52D5 with new leaderId: 594a5f90-d5fa-4b06-ac33-1af263ebc166
2021-11-30 10:07:55,232 [594a5f90-d5fa-4b06-ac33-1af263ebc166@group-A835347B52D5-LeaderElection11] INFO  server.RaftServer$Division (ServerState.java:setLeader(285)) - 594a5f90-d5fa-4b06-ac33-1af263ebc166@group-A835347B52D5: change Leader from null to 594a5f90-d5fa-4b06-ac33-1af263ebc166 at term 1 for becomeLeader, leader elected after 5239ms
2021-11-30 10:07:55,233 [594a5f90-d5fa-4b06-ac33-1af263ebc166@group-A835347B52D5-LeaderElection11] INFO  server.RaftServerConfigKeys (ConfUtils.java:logGet(44)) - raft.server.staging.catchup.gap = 1000 (default)
2021-11-30 10:07:55,233 [594a5f90-d5fa-4b06-ac33-1af263ebc166@group-A835347B52D5-LeaderElection11] INFO  server.RaftServerConfigKeys (ConfUtils.java:logGet(44)) - raft.server.write.element-limit = 1024 (custom)
2021-11-30 10:07:55,233 [594a5f90-d5fa-4b06-ac33-1af263ebc166@group-A835347B52D5-LeaderElection11] INFO  server.RaftServerConfigKeys (ConfUtils.java:logGet(44)) - raft.server.write.byte-limit = 1024 M (=1073741824) (custom)
2021-11-30 10:07:55,233 [594a5f90-d5fa-4b06-ac33-1af263ebc166@group-A835347B52D5-LeaderElection11] INFO  server.RaftServerConfigKeys (ConfUtils.java:logGet(44)) - raft.server.watch.timeout = 3000ms (custom)
2021-11-30 10:07:55,233 [594a5f90-d5fa-4b06-ac33-1af263ebc166@group-A835347B52D5-LeaderElection11] INFO  server.RaftServerConfigKeys (ConfUtils.java:logGet(44)) - raft.server.watch.timeout.denomination = 1s (default)
2021-11-30 10:07:55,234 [594a5f90-d5fa-4b06-ac33-1af263ebc166@group-A835347B52D5-LeaderElection11] INFO  server.RaftServerConfigKeys (ConfUtils.java:logGet(44)) - raft.server.watch.element-limit = 65536 (default)
2021-11-30 10:07:55,234 [594a5f90-d5fa-4b06-ac33-1af263ebc166@group-A835347B52D5-LeaderElection11] INFO  server.RaftServerConfigKeys (ConfUtils.java:logGet(44)) - raft.server.write.element-limit = 1024 (custom)
2021-11-30 10:07:55,234 [594a5f90-d5fa-4b06-ac33-1af263ebc166@group-A835347B52D5-LeaderElection11] INFO  server.RaftServerConfigKeys (ConfUtils.java:logGet(44)) - raft.server.write.follower.gap.ratio.max = -1.0 (default)
2021-11-30 10:07:55,234 [594a5f90-d5fa-4b06-ac33-1af263ebc166@group-A835347B52D5-LeaderElection11] INFO  impl.RoleInfo (RoleInfo.java:updateAndGet(130)) - 594a5f90-d5fa-4b06-ac33-1af263ebc166: start 594a5f90-d5fa-4b06-ac33-1af263ebc166@group-A835347B52D5-LeaderStateImpl
2021-11-30 10:07:55,234 [594a5f90-d5fa-4b06-ac33-1af263ebc166@group-A835347B52D5-LeaderElection11] INFO  segmented.SegmentedRaftLogWorker (SegmentedRaftLogWorker.java:startLogSegment(394)) - 594a5f90-d5fa-4b06-ac33-1af263ebc166@group-A835347B52D5-SegmentedRaftLogWorker: Starting segment from index:0
2021-11-30 10:07:55,237 [594a5f90-d5fa-4b06-ac33-1af263ebc166@group-A835347B52D5-LeaderElection11] INFO  server.RaftServer$Division (ServerState.java:setRaftConf(387)) - 594a5f90-d5fa-4b06-ac33-1af263ebc166@group-A835347B52D5: set configuration 0: [594a5f90-d5fa-4b06-ac33-1af263ebc166|rpc:10.1.0.53:39275|dataStream:|priority:1], old=null
2021-11-30 10:07:55,244 [594a5f90-d5fa-4b06-ac33-1af263ebc166@group-A835347B52D5-SegmentedRaftLogWorker] INFO  segmented.SegmentedRaftLogWorker (SegmentedRaftLogWorker.java:execute(601)) - 594a5f90-d5fa-4b06-ac33-1af263ebc166@group-A835347B52D5-SegmentedRaftLogWorker: created new log segment /home/runner/work/ozone/ozone/hadoop-ozone/integration-test/target/test-dir/MiniOzoneClusterImpl-0e29ee7e-a070-46b0-aa8f-4a21e578e9b3/datanode-4/data/ratis/d15c9091-5f0c-45e6-aafa-a835347b52d5/current/log_inprogress_0
2021-11-30 10:07:55,251 [594a5f90-d5fa-4b06-ac33-1af263ebc166@group-D3EED943AD18-LeaderElection10] INFO  server.RaftServer$Division (ServerState.java:setRaftConf(387)) - 594a5f90-d5fa-4b06-ac33-1af263ebc166@group-D3EED943AD18: set configuration 0: [594a5f90-d5fa-4b06-ac33-1af263ebc166|rpc:10.1.0.53:39275|dataStream:|priority:1, f261d845-a31c-4557-bbf6-cf3b66338abe|rpc:10.1.0.53:34515|dataStream:|priority:0, 9100756b-960e-45b3-aeba-6353ed9ea095|rpc:10.1.0.53:41205|dataStream:|priority:0], old=null
2021-11-30 10:07:55,277 [grpc-default-executor-1] INFO  ratis.XceiverServerRatis (XceiverServerRatis.java:handleLeaderChangedNotification(866)) - Leader change notification received for group: group-D3EED943AD18 with new leaderId: 594a5f90-d5fa-4b06-ac33-1af263ebc166
2021-11-30 10:07:55,277 [grpc-default-executor-1] INFO  server.RaftServer$Division (ServerState.java:setLeader(285)) - 9100756b-960e-45b3-aeba-6353ed9ea095@group-D3EED943AD18: change Leader from null to 594a5f90-d5fa-4b06-ac33-1af263ebc166 at term 1 for appendEntries, leader elected after 5195ms
2021-11-30 10:07:55,278 [grpc-default-executor-2] INFO  ratis.XceiverServerRatis (XceiverServerRatis.java:handleLeaderChangedNotification(866)) - Leader change notification received for group: group-D3EED943AD18 with new leaderId: 594a5f90-d5fa-4b06-ac33-1af263ebc166
2021-11-30 10:07:55,278 [grpc-default-executor-2] INFO  server.RaftServer$Division (ServerState.java:setLeader(285)) - f261d845-a31c-4557-bbf6-cf3b66338abe@group-D3EED943AD18: change Leader from null to 594a5f90-d5fa-4b06-ac33-1af263ebc166 at term 1 for appendEntries, leader elected after 5239ms
2021-11-30 10:07:55,291 [grpc-default-executor-1] INFO  server.RaftServer$Division (ServerState.java:setRaftConf(387)) - 9100756b-960e-45b3-aeba-6353ed9ea095@group-D3EED943AD18: set configuration 0: [594a5f90-d5fa-4b06-ac33-1af263ebc166|rpc:10.1.0.53:39275|dataStream:|priority:1, f261d845-a31c-4557-bbf6-cf3b66338abe|rpc:10.1.0.53:34515|dataStream:|priority:0, 9100756b-960e-45b3-aeba-6353ed9ea095|rpc:10.1.0.53:41205|dataStream:|priority:0], old=null
2021-11-30 10:07:55,291 [grpc-default-executor-2] INFO  server.RaftServer$Division (ServerState.java:setRaftConf(387)) - f261d845-a31c-4557-bbf6-cf3b66338abe@group-D3EED943AD18: set configuration 0: [594a5f90-d5fa-4b06-ac33-1af263ebc166|rpc:10.1.0.53:39275|dataStream:|priority:1, f261d845-a31c-4557-bbf6-cf3b66338abe|rpc:10.1.0.53:34515|dataStream:|priority:0, 9100756b-960e-45b3-aeba-6353ed9ea095|rpc:10.1.0.53:41205|dataStream:|priority:0], old=null
2021-11-30 10:07:55,291 [grpc-default-executor-1] INFO  segmented.SegmentedRaftLogWorker (SegmentedRaftLogWorker.java:startLogSegment(394)) - 9100756b-960e-45b3-aeba-6353ed9ea095@group-D3EED943AD18-SegmentedRaftLogWorker: Starting segment from index:0
2021-11-30 10:07:55,292 [grpc-default-executor-2] INFO  segmented.SegmentedRaftLogWorker (SegmentedRaftLogWorker.java:startLogSegment(394)) - f261d845-a31c-4557-bbf6-cf3b66338abe@group-D3EED943AD18-SegmentedRaftLogWorker: Starting segment from index:0
2021-11-30 10:07:55,293 [9100756b-960e-45b3-aeba-6353ed9ea095@group-D3EED943AD18-SegmentedRaftLogWorker] INFO  segmented.SegmentedRaftLogWorker (SegmentedRaftLogWorker.java:execute(601)) - 9100756b-960e-45b3-aeba-6353ed9ea095@group-D3EED943AD18-SegmentedRaftLogWorker: created new log segment /home/runner/work/ozone/ozone/hadoop-ozone/integration-test/target/test-dir/MiniOzoneClusterImpl-0e29ee7e-a070-46b0-aa8f-4a21e578e9b3/datanode-5/data/ratis/1053b465-f2e9-4599-823d-d3eed943ad18/current/log_inprogress_0
2021-11-30 10:07:55,293 [f261d845-a31c-4557-bbf6-cf3b66338abe@group-D3EED943AD18-SegmentedRaftLogWorker] INFO  segmented.SegmentedRaftLogWorker (SegmentedRaftLogWorker.java:execute(601)) - f261d845-a31c-4557-bbf6-cf3b66338abe@group-D3EED943AD18-SegmentedRaftLogWorker: created new log segment /home/runner/work/ozone/ozone/hadoop-ozone/integration-test/target/test-dir/MiniOzoneClusterImpl-0e29ee7e-a070-46b0-aa8f-4a21e578e9b3/datanode-3/data/ratis/1053b465-f2e9-4599-823d-d3eed943ad18/current/log_inprogress_0
2021-11-30 10:07:55,302 [9100756b-960e-45b3-aeba-6353ed9ea095@group-D8CADBBB701C-FollowerState] INFO  impl.FollowerState (FollowerState.java:run(134)) - 9100756b-960e-45b3-aeba-6353ed9ea095@group-D8CADBBB701C-FollowerState: change to CANDIDATE, lastRpcElapsedTime:5107635035ns, electionTimeout:5102ms
2021-11-30 10:07:55,302 [9100756b-960e-45b3-aeba-6353ed9ea095@group-D8CADBBB701C-FollowerState] INFO  impl.RoleInfo (RoleInfo.java:shutdownFollowerState(108)) - 9100756b-960e-45b3-aeba-6353ed9ea095: shutdown 9100756b-960e-45b3-aeba-6353ed9ea095@group-D8CADBBB701C-FollowerState
2021-11-30 10:07:55,302 [9100756b-960e-45b3-aeba-6353ed9ea095@group-D8CADBBB701C-FollowerState] INFO  server.RaftServer$Division (RaftServerImpl.java:setRole(290)) - 9100756b-960e-45b3-aeba-6353ed9ea095@group-D8CADBBB701C: changes role from  FOLLOWER to CANDIDATE at term 0 for changeToCandidate
2021-11-30 10:07:55,302 [9100756b-960e-45b3-aeba-6353ed9ea095@group-D8CADBBB701C-FollowerState] INFO  server.RaftServerConfigKeys (ConfUtils.java:logGet(44)) - raft.server.leaderelection.pre-vote = false (custom)
2021-11-30 10:07:55,303 [9100756b-960e-45b3-aeba-6353ed9ea095@group-D8CADBBB701C-FollowerState] INFO  impl.RoleInfo (RoleInfo.java:updateAndGet(130)) - 9100756b-960e-45b3-aeba-6353ed9ea095: start 9100756b-960e-45b3-aeba-6353ed9ea095@group-D8CADBBB701C-LeaderElection12
2021-11-30 10:07:55,315 [9100756b-960e-45b3-aeba-6353ed9ea095@group-D8CADBBB701C-LeaderElection12] INFO  impl.LeaderElection (LeaderElection.java:askForVotes(306)) - 9100756b-960e-45b3-aeba-6353ed9ea095@group-D8CADBBB701C-LeaderElection12 ELECTION round 0: submit vote requests at term 1 for -1: [9100756b-960e-45b3-aeba-6353ed9ea095|rpc:10.1.0.53:41205|priority:1], old=null
2021-11-30 10:07:55,315 [9100756b-960e-45b3-aeba-6353ed9ea095@group-D8CADBBB701C-LeaderElection12] INFO  impl.LeaderElection (LeaderElection.java:askForVotes(308)) - 9100756b-960e-45b3-aeba-6353ed9ea095@group-D8CADBBB701C-LeaderElection12 ELECTION round 0: result PASSED (term=1)
2021-11-30 10:07:55,315 [9100756b-960e-45b3-aeba-6353ed9ea095@group-D8CADBBB701C-LeaderElection12] INFO  impl.RoleInfo (RoleInfo.java:shutdownLeaderElection(121)) - 9100756b-960e-45b3-aeba-6353ed9ea095: shutdown 9100756b-960e-45b3-aeba-6353ed9ea095@group-D8CADBBB701C-LeaderElection12
2021-11-30 10:07:55,315 [9100756b-960e-45b3-aeba-6353ed9ea095@group-D8CADBBB701C-LeaderElection12] INFO  server.RaftServer$Division (RaftServerImpl.java:setRole(290)) - 9100756b-960e-45b3-aeba-6353ed9ea095@group-D8CADBBB701C: changes role from CANDIDATE to LEADER at term 1 for changeToLeader
2021-11-30 10:07:55,315 [9100756b-960e-45b3-aeba-6353ed9ea095@group-D8CADBBB701C-LeaderElection12] INFO  ratis.XceiverServerRatis (XceiverServerRatis.java:handleLeaderChangedNotification(866)) - Leader change notification received for group: group-D8CADBBB701C with new leaderId: 9100756b-960e-45b3-aeba-6353ed9ea095
2021-11-30 10:07:55,315 [9100756b-960e-45b3-aeba-6353ed9ea095@group-D8CADBBB701C-LeaderElection12] INFO  server.RaftServer$Division (ServerState.java:setLeader(285)) - 9100756b-960e-45b3-aeba-6353ed9ea095@group-D8CADBBB701C: change Leader from null to 9100756b-960e-45b3-aeba-6353ed9ea095 at term 1 for becomeLeader, leader elected after 5126ms
2021-11-30 10:07:55,316 [9100756b-960e-45b3-aeba-6353ed9ea095@group-D8CADBBB701C-LeaderElection12] INFO  server.RaftServerConfigKeys (ConfUtils.java:logGet(44)) - raft.server.staging.catchup.gap = 1000 (default)
2021-11-30 10:07:55,317 [9100756b-960e-45b3-aeba-6353ed9ea095@group-D8CADBBB701C-LeaderElection12] INFO  server.RaftServerConfigKeys (ConfUtils.java:logGet(44)) - raft.server.write.element-limit = 1024 (custom)
2021-11-30 10:07:55,317 [9100756b-960e-45b3-aeba-6353ed9ea095@group-D8CADBBB701C-LeaderElection12] INFO  server.RaftServerConfigKeys (ConfUtils.java:logGet(44)) - raft.server.write.byte-limit = 1024 M (=1073741824) (custom)
2021-11-30 10:07:55,318 [9100756b-960e-45b3-aeba-6353ed9ea095@group-D8CADBBB701C-LeaderElection12] INFO  server.RaftServerConfigKeys (ConfUtils.java:logGet(44)) - raft.server.watch.timeout = 3000ms (custom)
2021-11-30 10:07:55,318 [9100756b-960e-45b3-aeba-6353ed9ea095@group-D8CADBBB701C-LeaderElection12] INFO  server.RaftServerConfigKeys (ConfUtils.java:logGet(44)) - raft.server.watch.timeout.denomination = 1s (default)
2021-11-30 10:07:55,318 [9100756b-960e-45b3-aeba-6353ed9ea095@group-D8CADBBB701C-LeaderElection12] INFO  server.RaftServerConfigKeys (ConfUtils.java:logGet(44)) - raft.server.watch.element-limit = 65536 (default)
2021-11-30 10:07:55,318 [9100756b-960e-45b3-aeba-6353ed9ea095@group-D8CADBBB701C-LeaderElection12] INFO  server.RaftServerConfigKeys (ConfUtils.java:logGet(44)) - raft.server.write.element-limit = 1024 (custom)
2021-11-30 10:07:55,319 [9100756b-960e-45b3-aeba-6353ed9ea095@group-D8CADBBB701C-LeaderElection12] INFO  server.RaftServerConfigKeys (ConfUtils.java:logGet(44)) - raft.server.write.follower.gap.ratio.max = -1.0 (default)
2021-11-30 10:07:55,319 [9100756b-960e-45b3-aeba-6353ed9ea095@group-D8CADBBB701C-LeaderElection12] INFO  impl.RoleInfo (RoleInfo.java:updateAndGet(130)) - 9100756b-960e-45b3-aeba-6353ed9ea095: start 9100756b-960e-45b3-aeba-6353ed9ea095@group-D8CADBBB701C-LeaderStateImpl
2021-11-30 10:07:55,319 [9100756b-960e-45b3-aeba-6353ed9ea095@group-D8CADBBB701C-LeaderElection12] INFO  segmented.SegmentedRaftLogWorker (SegmentedRaftLogWorker.java:startLogSegment(394)) - 9100756b-960e-45b3-aeba-6353ed9ea095@group-D8CADBBB701C-SegmentedRaftLogWorker: Starting segment from index:0
2021-11-30 10:07:55,321 [9100756b-960e-45b3-aeba-6353ed9ea095@group-D8CADBBB701C-SegmentedRaftLogWorker] INFO  segmented.SegmentedRaftLogWorker (SegmentedRaftLogWorker.java:execute(601)) - 9100756b-960e-45b3-aeba-6353ed9ea095@group-D8CADBBB701C-SegmentedRaftLogWorker: created new log segment /home/runner/work/ozone/ozone/hadoop-ozone/integration-test/target/test-dir/MiniOzoneClusterImpl-0e29ee7e-a070-46b0-aa8f-4a21e578e9b3/datanode-5/data/ratis/a30b9f78-d6c2-4975-b652-d8cadbbb701c/current/log_inprogress_0
2021-11-30 10:07:55,324 [9100756b-960e-45b3-aeba-6353ed9ea095@group-D8CADBBB701C-LeaderElection12] INFO  server.RaftServer$Division (ServerState.java:setRaftConf(387)) - 9100756b-960e-45b3-aeba-6353ed9ea095@group-D8CADBBB701C: set configuration 0: [9100756b-960e-45b3-aeba-6353ed9ea095|rpc:10.1.0.53:41205|dataStream:|priority:1], old=null
2021-11-30 10:07:55,360 [Listener at 127.0.0.1/41539] INFO  ozone.MiniOzoneClusterImpl (MiniOzoneClusterImpl.java:lambda$waitForClusterToBeReady$0(235)) - Nodes are ready. Got 7 of 7 DN Heartbeats.
2021-11-30 10:07:55,360 [Listener at 127.0.0.1/41539] INFO  ozone.MiniOzoneClusterImpl (MiniOzoneClusterImpl.java:lambda$waitForClusterToBeReady$0(238)) - Cluster exits safe mode
2021-11-30 10:07:55,360 [Listener at 127.0.0.1/41539] INFO  ozone.MiniOzoneClusterImpl (MiniOzoneClusterImpl.java:lambda$waitForClusterToBeReady$0(240)) - SCM became leader
2021-11-30 10:07:55,547 [6554f318-a890-4dbb-b82d-600ac54ca0e4@group-BEFF2B3F06C2-FollowerState] INFO  impl.FollowerState (FollowerState.java:run(134)) - 6554f318-a890-4dbb-b82d-600ac54ca0e4@group-BEFF2B3F06C2-FollowerState: change to CANDIDATE, lastRpcElapsedTime:5167496466ns, electionTimeout:5162ms
2021-11-30 10:07:55,548 [6554f318-a890-4dbb-b82d-600ac54ca0e4@group-BEFF2B3F06C2-FollowerState] INFO  impl.RoleInfo (RoleInfo.java:shutdownFollowerState(108)) - 6554f318-a890-4dbb-b82d-600ac54ca0e4: shutdown 6554f318-a890-4dbb-b82d-600ac54ca0e4@group-BEFF2B3F06C2-FollowerState
2021-11-30 10:07:55,548 [6554f318-a890-4dbb-b82d-600ac54ca0e4@group-BEFF2B3F06C2-FollowerState] INFO  server.RaftServer$Division (RaftServerImpl.java:setRole(290)) - 6554f318-a890-4dbb-b82d-600ac54ca0e4@group-BEFF2B3F06C2: changes role from  FOLLOWER to CANDIDATE at term 0 for changeToCandidate
2021-11-30 10:07:55,549 [6554f318-a890-4dbb-b82d-600ac54ca0e4@group-BEFF2B3F06C2-FollowerState] INFO  server.RaftServerConfigKeys (ConfUtils.java:logGet(44)) - raft.server.leaderelection.pre-vote = false (custom)
2021-11-30 10:07:55,549 [6554f318-a890-4dbb-b82d-600ac54ca0e4@group-BEFF2B3F06C2-FollowerState] INFO  impl.RoleInfo (RoleInfo.java:updateAndGet(130)) - 6554f318-a890-4dbb-b82d-600ac54ca0e4: start 6554f318-a890-4dbb-b82d-600ac54ca0e4@group-BEFF2B3F06C2-LeaderElection13
2021-11-30 10:07:55,562 [6554f318-a890-4dbb-b82d-600ac54ca0e4@group-BEFF2B3F06C2-LeaderElection13] INFO  impl.LeaderElection (LeaderElection.java:askForVotes(306)) - 6554f318-a890-4dbb-b82d-600ac54ca0e4@group-BEFF2B3F06C2-LeaderElection13 ELECTION round 0: submit vote requests at term 1 for -1: [6554f318-a890-4dbb-b82d-600ac54ca0e4|rpc:10.1.0.53:36339|priority:1], old=null
2021-11-30 10:07:55,562 [6554f318-a890-4dbb-b82d-600ac54ca0e4@group-BEFF2B3F06C2-LeaderElection13] INFO  impl.LeaderElection (LeaderElection.java:askForVotes(308)) - 6554f318-a890-4dbb-b82d-600ac54ca0e4@group-BEFF2B3F06C2-LeaderElection13 ELECTION round 0: result PASSED (term=1)
2021-11-30 10:07:55,562 [6554f318-a890-4dbb-b82d-600ac54ca0e4@group-BEFF2B3F06C2-LeaderElection13] INFO  impl.RoleInfo (RoleInfo.java:shutdownLeaderElection(121)) - 6554f318-a890-4dbb-b82d-600ac54ca0e4: shutdown 6554f318-a890-4dbb-b82d-600ac54ca0e4@group-BEFF2B3F06C2-LeaderElection13
2021-11-30 10:07:55,562 [6554f318-a890-4dbb-b82d-600ac54ca0e4@group-BEFF2B3F06C2-LeaderElection13] INFO  server.RaftServer$Division (RaftServerImpl.java:setRole(290)) - 6554f318-a890-4dbb-b82d-600ac54ca0e4@group-BEFF2B3F06C2: changes role from CANDIDATE to LEADER at term 1 for changeToLeader
2021-11-30 10:07:55,562 [6554f318-a890-4dbb-b82d-600ac54ca0e4@group-BEFF2B3F06C2-LeaderElection13] INFO  ratis.XceiverServerRatis (XceiverServerRatis.java:handleLeaderChangedNotification(866)) - Leader change notification received for group: group-BEFF2B3F06C2 with new leaderId: 6554f318-a890-4dbb-b82d-600ac54ca0e4
2021-11-30 10:07:55,562 [6554f318-a890-4dbb-b82d-600ac54ca0e4@group-BEFF2B3F06C2-LeaderElection13] INFO  server.RaftServer$Division (ServerState.java:setLeader(285)) - 6554f318-a890-4dbb-b82d-600ac54ca0e4@group-BEFF2B3F06C2: change Leader from null to 6554f318-a890-4dbb-b82d-600ac54ca0e4 at term 1 for becomeLeader, leader elected after 5188ms
2021-11-30 10:07:55,562 [6554f318-a890-4dbb-b82d-600ac54ca0e4@group-BEFF2B3F06C2-LeaderElection13] INFO  server.RaftServerConfigKeys (ConfUtils.java:logGet(44)) - raft.server.staging.catchup.gap = 1000 (default)
2021-11-30 10:07:55,563 [6554f318-a890-4dbb-b82d-600ac54ca0e4@group-BEFF2B3F06C2-LeaderElection13] INFO  server.RaftServerConfigKeys (ConfUtils.java:logGet(44)) - raft.server.write.element-limit = 1024 (custom)
2021-11-30 10:07:55,563 [6554f318-a890-4dbb-b82d-600ac54ca0e4@group-BEFF2B3F06C2-LeaderElection13] INFO  server.RaftServerConfigKeys (ConfUtils.java:logGet(44)) - raft.server.write.byte-limit = 1024 M (=1073741824) (custom)
2021-11-30 10:07:55,563 [6554f318-a890-4dbb-b82d-600ac54ca0e4@group-BEFF2B3F06C2-LeaderElection13] INFO  server.RaftServerConfigKeys (ConfUtils.java:logGet(44)) - raft.server.watch.timeout = 3000ms (custom)
2021-11-30 10:07:55,563 [6554f318-a890-4dbb-b82d-600ac54ca0e4@group-BEFF2B3F06C2-LeaderElection13] INFO  server.RaftServerConfigKeys (ConfUtils.java:logGet(44)) - raft.server.watch.timeout.denomination = 1s (default)
2021-11-30 10:07:55,563 [6554f318-a890-4dbb-b82d-600ac54ca0e4@group-BEFF2B3F06C2-LeaderElection13] INFO  server.RaftServerConfigKeys (ConfUtils.java:logGet(44)) - raft.server.watch.element-limit = 65536 (default)
2021-11-30 10:07:55,564 [6554f318-a890-4dbb-b82d-600ac54ca0e4@group-BEFF2B3F06C2-LeaderElection13] INFO  server.RaftServerConfigKeys (ConfUtils.java:logGet(44)) - raft.server.write.element-limit = 1024 (custom)
2021-11-30 10:07:55,564 [6554f318-a890-4dbb-b82d-600ac54ca0e4@group-BEFF2B3F06C2-LeaderElection13] INFO  server.RaftServerConfigKeys (ConfUtils.java:logGet(44)) - raft.server.write.follower.gap.ratio.max = -1.0 (default)
2021-11-30 10:07:55,564 [6554f318-a890-4dbb-b82d-600ac54ca0e4@group-BEFF2B3F06C2-LeaderElection13] INFO  impl.RoleInfo (RoleInfo.java:updateAndGet(130)) - 6554f318-a890-4dbb-b82d-600ac54ca0e4: start 6554f318-a890-4dbb-b82d-600ac54ca0e4@group-BEFF2B3F06C2-LeaderStateImpl
2021-11-30 10:07:55,564 [6554f318-a890-4dbb-b82d-600ac54ca0e4@group-BEFF2B3F06C2-LeaderElection13] INFO  segmented.SegmentedRaftLogWorker (SegmentedRaftLogWorker.java:startLogSegment(394)) - 6554f318-a890-4dbb-b82d-600ac54ca0e4@group-BEFF2B3F06C2-SegmentedRaftLogWorker: Starting segment from index:0
2021-11-30 10:07:55,565 [6554f318-a890-4dbb-b82d-600ac54ca0e4@group-BEFF2B3F06C2-SegmentedRaftLogWorker] INFO  segmented.SegmentedRaftLogWorker (SegmentedRaftLogWorker.java:execute(601)) - 6554f318-a890-4dbb-b82d-600ac54ca0e4@group-BEFF2B3F06C2-SegmentedRaftLogWorker: created new log segment /home/runner/work/ozone/ozone/hadoop-ozone/integration-test/target/test-dir/MiniOzoneClusterImpl-0e29ee7e-a070-46b0-aa8f-4a21e578e9b3/datanode-6/data/ratis/da3f8c28-ae31-443f-b8ce-beff2b3f06c2/current/log_inprogress_0
2021-11-30 10:07:55,568 [6554f318-a890-4dbb-b82d-600ac54ca0e4@group-BEFF2B3F06C2-LeaderElection13] INFO  server.RaftServer$Division (ServerState.java:setRaftConf(387)) - 6554f318-a890-4dbb-b82d-600ac54ca0e4@group-BEFF2B3F06C2: set configuration 0: [6554f318-a890-4dbb-b82d-600ac54ca0e4|rpc:10.1.0.53:36339|dataStream:|priority:1], old=null
2021-11-30 10:07:55,632 [Listener at 127.0.0.1/41539] INFO  rpc.RpcClient (RpcClient.java:createVolume(389)) - Creating Volume: testblockoutputstream, with runner as owner and space quota set to -1 bytes, counts quota set to -1
2021-11-30 10:07:55,871 [OM StateMachine ApplyTransaction Thread - 0] INFO  volume.OMVolumeCreateRequest (OMVolumeCreateRequest.java:validateAndUpdateCache(195)) - created volume:testblockoutputstream for user:runner
2021-11-30 10:07:55,908 [Listener at 127.0.0.1/41539] INFO  rpc.RpcClient (RpcClient.java:createBucket(549)) - Creating Bucket: testblockoutputstream/testblockoutputstream, with Versioning false and Storage Type set to DISK and Encryption set to false 
2021-11-30 10:07:55,980 [IPC Server handler 0 on default port 35975] INFO  ha.SequenceIdGenerator (SequenceIdGenerator.java:getNextId(127)) - Allocate a batch for containerId, change lastId from 0 to 1000.
2021-11-30 10:07:55,991 [IPC Server handler 0 on default port 35975] WARN  ha.SequenceIdGenerator (SequenceIdGenerator.java:allocateBatch(235)) - Failed to allocate a batch for localId, expected lastId is 0, actual lastId is 107544261427200000.
2021-11-30 10:07:55,991 [IPC Server handler 0 on default port 35975] INFO  ha.SequenceIdGenerator (SequenceIdGenerator.java:getNextId(127)) - Allocate a batch for localId, change lastId from 107544261427200000 to 107544261427201000.
2021-11-30 10:07:56,073 [Listener at 127.0.0.1/41539] INFO  impl.MetricsSystemImpl (MetricsSystemImpl.java:init(158)) - XceiverClientMetrics metrics system started (again)
2021-11-30 10:07:59,307 [fc496f33-557f-4ba9-a352-3c0776838466@group-D183E921640B-FollowerState] INFO  impl.FollowerState (FollowerState.java:run(134)) - fc496f33-557f-4ba9-a352-3c0776838466@group-D183E921640B-FollowerState: change to CANDIDATE, lastRpcElapsedTime:5038610318ns, electionTimeout:5037ms
2021-11-30 10:07:59,307 [fc496f33-557f-4ba9-a352-3c0776838466@group-D183E921640B-FollowerState] INFO  impl.RoleInfo (RoleInfo.java:shutdownFollowerState(108)) - fc496f33-557f-4ba9-a352-3c0776838466: shutdown fc496f33-557f-4ba9-a352-3c0776838466@group-D183E921640B-FollowerState
2021-11-30 10:07:59,307 [fc496f33-557f-4ba9-a352-3c0776838466@group-D183E921640B-FollowerState] INFO  server.RaftServer$Division (RaftServerImpl.java:setRole(290)) - fc496f33-557f-4ba9-a352-3c0776838466@group-D183E921640B: changes role from  FOLLOWER to CANDIDATE at term 1 for changeToCandidate
2021-11-30 10:07:59,307 [fc496f33-557f-4ba9-a352-3c0776838466@group-D183E921640B-FollowerState] INFO  server.RaftServerConfigKeys (ConfUtils.java:logGet(44)) - raft.server.leaderelection.pre-vote = false (custom)
2021-11-30 10:07:59,307 [fc496f33-557f-4ba9-a352-3c0776838466@group-D183E921640B-FollowerState] INFO  impl.RoleInfo (RoleInfo.java:updateAndGet(130)) - fc496f33-557f-4ba9-a352-3c0776838466: start fc496f33-557f-4ba9-a352-3c0776838466@group-D183E921640B-LeaderElection14
2021-11-30 10:07:59,309 [fc496f33-557f-4ba9-a352-3c0776838466@group-D183E921640B-LeaderElection14] INFO  impl.LeaderElection (LeaderElection.java:askForVotes(306)) - fc496f33-557f-4ba9-a352-3c0776838466@group-D183E921640B-LeaderElection14 ELECTION round 0: submit vote requests at term 2 for -1: [fc496f33-557f-4ba9-a352-3c0776838466|rpc:10.1.0.53:44781|priority:0, 4a8c6e6d-65e8-48ee-8359-0610b7f8095e|rpc:10.1.0.53:46879|priority:0, a369f656-5f1a-419f-8148-dd7161541bf1|rpc:10.1.0.53:34899|priority:1], old=null
2021-11-30 10:07:59,316 [grpc-default-executor-2] INFO  server.RaftServer$Division (RaftServerImpl.java:requestVote(1046)) - 4a8c6e6d-65e8-48ee-8359-0610b7f8095e@group-D183E921640B: receive requestVote(ELECTION, fc496f33-557f-4ba9-a352-3c0776838466, group-D183E921640B, 2, (t:0, i:0))
2021-11-30 10:07:59,316 [grpc-default-executor-0] INFO  server.RaftServer$Division (RaftServerImpl.java:requestVote(1046)) - a369f656-5f1a-419f-8148-dd7161541bf1@group-D183E921640B: receive requestVote(ELECTION, fc496f33-557f-4ba9-a352-3c0776838466, group-D183E921640B, 2, (t:0, i:0))
2021-11-30 10:07:59,316 [grpc-default-executor-0] INFO  impl.VoteContext (VoteContext.java:log(48)) - a369f656-5f1a-419f-8148-dd7161541bf1@group-D183E921640B-FOLLOWER: reject ELECTION from fc496f33-557f-4ba9-a352-3c0776838466: our priority 1 > candidate's priority 0
2021-11-30 10:07:59,316 [grpc-default-executor-0] INFO  server.RaftServer$Division (RaftServerImpl.java:setRole(290)) - a369f656-5f1a-419f-8148-dd7161541bf1@group-D183E921640B: changes role from  FOLLOWER to FOLLOWER at term 2 for candidate:fc496f33-557f-4ba9-a352-3c0776838466
2021-11-30 10:07:59,316 [grpc-default-executor-0] INFO  impl.RoleInfo (RoleInfo.java:shutdownFollowerState(108)) - a369f656-5f1a-419f-8148-dd7161541bf1: shutdown a369f656-5f1a-419f-8148-dd7161541bf1@group-D183E921640B-FollowerState
2021-11-30 10:07:59,316 [grpc-default-executor-0] INFO  impl.RoleInfo (RoleInfo.java:updateAndGet(130)) - a369f656-5f1a-419f-8148-dd7161541bf1: start a369f656-5f1a-419f-8148-dd7161541bf1@group-D183E921640B-FollowerState
2021-11-30 10:07:59,317 [a369f656-5f1a-419f-8148-dd7161541bf1@group-D183E921640B-FollowerState] INFO  impl.FollowerState (FollowerState.java:run(143)) - a369f656-5f1a-419f-8148-dd7161541bf1@group-D183E921640B-FollowerState was interrupted: {}
java.lang.InterruptedException: sleep interrupted
	at java.lang.Thread.sleep(Native Method)
	at java.lang.Thread.sleep(Thread.java:340)
	at java.util.concurrent.TimeUnit.sleep(TimeUnit.java:386)
	at org.apache.ratis.util.TimeDuration.sleep(TimeDuration.java:324)
	at org.apache.ratis.util.TimeDuration.sleep(TimeDuration.java:309)
	at org.apache.ratis.server.impl.FollowerState.run(FollowerState.java:118)
2021-11-30 10:07:59,329 [grpc-default-executor-2] INFO  impl.VoteContext (VoteContext.java:log(48)) - 4a8c6e6d-65e8-48ee-8359-0610b7f8095e@group-D183E921640B-FOLLOWER: accept ELECTION from fc496f33-557f-4ba9-a352-3c0776838466: our priority 0 <= candidate's priority 0
2021-11-30 10:07:59,329 [grpc-default-executor-2] INFO  server.RaftServer$Division (RaftServerImpl.java:setRole(290)) - 4a8c6e6d-65e8-48ee-8359-0610b7f8095e@group-D183E921640B: changes role from  FOLLOWER to FOLLOWER at term 2 for candidate:fc496f33-557f-4ba9-a352-3c0776838466
2021-11-30 10:07:59,329 [grpc-default-executor-2] INFO  impl.RoleInfo (RoleInfo.java:shutdownFollowerState(108)) - 4a8c6e6d-65e8-48ee-8359-0610b7f8095e: shutdown 4a8c6e6d-65e8-48ee-8359-0610b7f8095e@group-D183E921640B-FollowerState
2021-11-30 10:07:59,329 [grpc-default-executor-2] INFO  impl.RoleInfo (RoleInfo.java:updateAndGet(130)) - 4a8c6e6d-65e8-48ee-8359-0610b7f8095e: start 4a8c6e6d-65e8-48ee-8359-0610b7f8095e@group-D183E921640B-FollowerState
2021-11-30 10:07:59,329 [4a8c6e6d-65e8-48ee-8359-0610b7f8095e@group-D183E921640B-FollowerState] INFO  impl.FollowerState (FollowerState.java:run(143)) - 4a8c6e6d-65e8-48ee-8359-0610b7f8095e@group-D183E921640B-FollowerState was interrupted: {}
java.lang.InterruptedException: sleep interrupted
	at java.lang.Thread.sleep(Native Method)
	at java.lang.Thread.sleep(Thread.java:340)
	at java.util.concurrent.TimeUnit.sleep(TimeUnit.java:386)
	at org.apache.ratis.util.TimeDuration.sleep(TimeDuration.java:324)
	at org.apache.ratis.util.TimeDuration.sleep(TimeDuration.java:309)
	at org.apache.ratis.server.impl.FollowerState.run(FollowerState.java:118)
2021-11-30 10:07:59,330 [grpc-default-executor-0] INFO  server.RaftServer$Division (RaftServerImpl.java:requestVote(1078)) - a369f656-5f1a-419f-8148-dd7161541bf1@group-D183E921640B replies to ELECTION vote request: fc496f33-557f-4ba9-a352-3c0776838466<-a369f656-5f1a-419f-8148-dd7161541bf1#0:FAIL-t2. Peer's state: a369f656-5f1a-419f-8148-dd7161541bf1@group-D183E921640B:t2, leader=null, voted=null, raftlog=a369f656-5f1a-419f-8148-dd7161541bf1@group-D183E921640B-SegmentedRaftLog:OPENED:c-1, conf=-1: [fc496f33-557f-4ba9-a352-3c0776838466|rpc:10.1.0.53:44781|dataStream:|priority:0, 4a8c6e6d-65e8-48ee-8359-0610b7f8095e|rpc:10.1.0.53:46879|dataStream:|priority:0, a369f656-5f1a-419f-8148-dd7161541bf1|rpc:10.1.0.53:34899|dataStream:|priority:1], old=null
2021-11-30 10:07:59,332 [fc496f33-557f-4ba9-a352-3c0776838466@group-D183E921640B-LeaderElection14] INFO  impl.LeaderElection (LeaderElection.java:logAndReturn(89)) - fc496f33-557f-4ba9-a352-3c0776838466@group-D183E921640B-LeaderElection14: ELECTION REJECTED received 1 response(s) and 0 exception(s):
2021-11-30 10:07:59,333 [fc496f33-557f-4ba9-a352-3c0776838466@group-D183E921640B-LeaderElection14] INFO  impl.LeaderElection (LeaderElection.java:logAndReturn(93)) -   Response 0: fc496f33-557f-4ba9-a352-3c0776838466<-a369f656-5f1a-419f-8148-dd7161541bf1#0:FAIL-t2
2021-11-30 10:07:59,333 [fc496f33-557f-4ba9-a352-3c0776838466@group-D183E921640B-LeaderElection14] INFO  impl.LeaderElection (LeaderElection.java:askForVotes(308)) - fc496f33-557f-4ba9-a352-3c0776838466@group-D183E921640B-LeaderElection14 ELECTION round 0: result REJECTED
2021-11-30 10:07:59,333 [fc496f33-557f-4ba9-a352-3c0776838466@group-D183E921640B-LeaderElection14] INFO  server.RaftServer$Division (RaftServerImpl.java:setRole(290)) - fc496f33-557f-4ba9-a352-3c0776838466@group-D183E921640B: changes role from CANDIDATE to FOLLOWER at term 2 for REJECTED
2021-11-30 10:07:59,333 [fc496f33-557f-4ba9-a352-3c0776838466@group-D183E921640B-LeaderElection14] INFO  impl.RoleInfo (RoleInfo.java:shutdownLeaderElection(121)) - fc496f33-557f-4ba9-a352-3c0776838466: shutdown fc496f33-557f-4ba9-a352-3c0776838466@group-D183E921640B-LeaderElection14
2021-11-30 10:07:59,333 [fc496f33-557f-4ba9-a352-3c0776838466@group-D183E921640B-LeaderElection14] INFO  impl.RoleInfo (RoleInfo.java:updateAndGet(130)) - fc496f33-557f-4ba9-a352-3c0776838466: start fc496f33-557f-4ba9-a352-3c0776838466@group-D183E921640B-FollowerState
2021-11-30 10:07:59,337 [grpc-default-executor-2] INFO  server.RaftServer$Division (RaftServerImpl.java:requestVote(1078)) - 4a8c6e6d-65e8-48ee-8359-0610b7f8095e@group-D183E921640B replies to ELECTION vote request: fc496f33-557f-4ba9-a352-3c0776838466<-4a8c6e6d-65e8-48ee-8359-0610b7f8095e#0:OK-t2. Peer's state: 4a8c6e6d-65e8-48ee-8359-0610b7f8095e@group-D183E921640B:t2, leader=null, voted=fc496f33-557f-4ba9-a352-3c0776838466, raftlog=4a8c6e6d-65e8-48ee-8359-0610b7f8095e@group-D183E921640B-SegmentedRaftLog:OPENED:c-1, conf=-1: [fc496f33-557f-4ba9-a352-3c0776838466|rpc:10.1.0.53:44781|priority:0, 4a8c6e6d-65e8-48ee-8359-0610b7f8095e|rpc:10.1.0.53:46879|priority:0, a369f656-5f1a-419f-8148-dd7161541bf1|rpc:10.1.0.53:34899|priority:1], old=null
2021-11-30 10:07:59,879 [fc496f33-557f-4ba9-a352-3c0776838466@group-E114E9338692-FollowerState] INFO  impl.FollowerState (FollowerState.java:run(134)) - fc496f33-557f-4ba9-a352-3c0776838466@group-E114E9338692-FollowerState: change to CANDIDATE, lastRpcElapsedTime:5135720747ns, electionTimeout:5133ms
2021-11-30 10:07:59,879 [fc496f33-557f-4ba9-a352-3c0776838466@group-E114E9338692-FollowerState] INFO  impl.RoleInfo (RoleInfo.java:shutdownFollowerState(108)) - fc496f33-557f-4ba9-a352-3c0776838466: shutdown fc496f33-557f-4ba9-a352-3c0776838466@group-E114E9338692-FollowerState
2021-11-30 10:07:59,879 [fc496f33-557f-4ba9-a352-3c0776838466@group-E114E9338692-FollowerState] INFO  server.RaftServer$Division (RaftServerImpl.java:setRole(290)) - fc496f33-557f-4ba9-a352-3c0776838466@group-E114E9338692: changes role from  FOLLOWER to CANDIDATE at term 1 for changeToCandidate
2021-11-30 10:07:59,879 [fc496f33-557f-4ba9-a352-3c0776838466@group-E114E9338692-FollowerState] INFO  server.RaftServerConfigKeys (ConfUtils.java:logGet(44)) - raft.server.leaderelection.pre-vote = false (custom)
2021-11-30 10:07:59,879 [fc496f33-557f-4ba9-a352-3c0776838466@group-E114E9338692-FollowerState] INFO  impl.RoleInfo (RoleInfo.java:updateAndGet(130)) - fc496f33-557f-4ba9-a352-3c0776838466: start fc496f33-557f-4ba9-a352-3c0776838466@group-E114E9338692-LeaderElection15
2021-11-30 10:07:59,882 [fc496f33-557f-4ba9-a352-3c0776838466@group-E114E9338692-LeaderElection15] INFO  impl.LeaderElection (LeaderElection.java:askForVotes(306)) - fc496f33-557f-4ba9-a352-3c0776838466@group-E114E9338692-LeaderElection15 ELECTION round 0: submit vote requests at term 2 for -1: [fc496f33-557f-4ba9-a352-3c0776838466|rpc:10.1.0.53:44781|dataStream:|priority:0, 4a8c6e6d-65e8-48ee-8359-0610b7f8095e|rpc:10.1.0.53:46879|dataStream:|priority:1, a369f656-5f1a-419f-8148-dd7161541bf1|rpc:10.1.0.53:34899|dataStream:|priority:0], old=null
2021-11-30 10:07:59,886 [grpc-default-executor-2] INFO  server.RaftServer$Division (RaftServerImpl.java:requestVote(1046)) - 4a8c6e6d-65e8-48ee-8359-0610b7f8095e@group-E114E9338692: receive requestVote(ELECTION, fc496f33-557f-4ba9-a352-3c0776838466, group-E114E9338692, 2, (t:0, i:0))
2021-11-30 10:07:59,887 [grpc-default-executor-2] INFO  impl.VoteContext (VoteContext.java:log(48)) - 4a8c6e6d-65e8-48ee-8359-0610b7f8095e@group-E114E9338692-FOLLOWER: reject ELECTION from fc496f33-557f-4ba9-a352-3c0776838466: our priority 1 > candidate's priority 0
2021-11-30 10:07:59,887 [grpc-default-executor-0] INFO  server.RaftServer$Division (RaftServerImpl.java:requestVote(1046)) - a369f656-5f1a-419f-8148-dd7161541bf1@group-E114E9338692: receive requestVote(ELECTION, fc496f33-557f-4ba9-a352-3c0776838466, group-E114E9338692, 2, (t:0, i:0))
2021-11-30 10:07:59,887 [grpc-default-executor-2] INFO  server.RaftServer$Division (RaftServerImpl.java:setRole(290)) - 4a8c6e6d-65e8-48ee-8359-0610b7f8095e@group-E114E9338692: changes role from  FOLLOWER to FOLLOWER at term 2 for candidate:fc496f33-557f-4ba9-a352-3c0776838466
2021-11-30 10:07:59,888 [grpc-default-executor-2] INFO  impl.RoleInfo (RoleInfo.java:shutdownFollowerState(108)) - 4a8c6e6d-65e8-48ee-8359-0610b7f8095e: shutdown 4a8c6e6d-65e8-48ee-8359-0610b7f8095e@group-E114E9338692-FollowerState
2021-11-30 10:07:59,888 [grpc-default-executor-2] INFO  impl.RoleInfo (RoleInfo.java:updateAndGet(130)) - 4a8c6e6d-65e8-48ee-8359-0610b7f8095e: start 4a8c6e6d-65e8-48ee-8359-0610b7f8095e@group-E114E9338692-FollowerState
2021-11-30 10:07:59,888 [4a8c6e6d-65e8-48ee-8359-0610b7f8095e@group-E114E9338692-FollowerState] INFO  impl.FollowerState (FollowerState.java:run(143)) - 4a8c6e6d-65e8-48ee-8359-0610b7f8095e@group-E114E9338692-FollowerState was interrupted: {}
java.lang.InterruptedException: sleep interrupted
	at java.lang.Thread.sleep(Native Method)
	at java.lang.Thread.sleep(Thread.java:340)
	at java.util.concurrent.TimeUnit.sleep(TimeUnit.java:386)
	at org.apache.ratis.util.TimeDuration.sleep(TimeDuration.java:324)
	at org.apache.ratis.util.TimeDuration.sleep(TimeDuration.java:309)
	at org.apache.ratis.server.impl.FollowerState.run(FollowerState.java:118)
2021-11-30 10:07:59,888 [grpc-default-executor-0] INFO  impl.VoteContext (VoteContext.java:log(48)) - a369f656-5f1a-419f-8148-dd7161541bf1@group-E114E9338692-FOLLOWER: accept ELECTION from fc496f33-557f-4ba9-a352-3c0776838466: our priority 0 <= candidate's priority 0
2021-11-30 10:07:59,888 [grpc-default-executor-0] INFO  server.RaftServer$Division (RaftServerImpl.java:setRole(290)) - a369f656-5f1a-419f-8148-dd7161541bf1@group-E114E9338692: changes role from  FOLLOWER to FOLLOWER at term 2 for candidate:fc496f33-557f-4ba9-a352-3c0776838466
2021-11-30 10:07:59,888 [grpc-default-executor-0] INFO  impl.RoleInfo (RoleInfo.java:shutdownFollowerState(108)) - a369f656-5f1a-419f-8148-dd7161541bf1: shutdown a369f656-5f1a-419f-8148-dd7161541bf1@group-E114E9338692-FollowerState
2021-11-30 10:07:59,892 [grpc-default-executor-0] INFO  impl.RoleInfo (RoleInfo.java:updateAndGet(130)) - a369f656-5f1a-419f-8148-dd7161541bf1: start a369f656-5f1a-419f-8148-dd7161541bf1@group-E114E9338692-FollowerState
2021-11-30 10:07:59,892 [a369f656-5f1a-419f-8148-dd7161541bf1@group-E114E9338692-FollowerState] INFO  impl.FollowerState (FollowerState.java:run(143)) - a369f656-5f1a-419f-8148-dd7161541bf1@group-E114E9338692-FollowerState was interrupted: {}
java.lang.InterruptedException: sleep interrupted
	at java.lang.Thread.sleep(Native Method)
	at java.lang.Thread.sleep(Thread.java:340)
	at java.util.concurrent.TimeUnit.sleep(TimeUnit.java:386)
	at org.apache.ratis.util.TimeDuration.sleep(TimeDuration.java:324)
	at org.apache.ratis.util.TimeDuration.sleep(TimeDuration.java:309)
	at org.apache.ratis.server.impl.FollowerState.run(FollowerState.java:118)
2021-11-30 10:07:59,893 [grpc-default-executor-2] INFO  server.RaftServer$Division (RaftServerImpl.java:requestVote(1078)) - 4a8c6e6d-65e8-48ee-8359-0610b7f8095e@group-E114E9338692 replies to ELECTION vote request: fc496f33-557f-4ba9-a352-3c0776838466<-4a8c6e6d-65e8-48ee-8359-0610b7f8095e#0:FAIL-t2. Peer's state: 4a8c6e6d-65e8-48ee-8359-0610b7f8095e@group-E114E9338692:t2, leader=null, voted=null, raftlog=4a8c6e6d-65e8-48ee-8359-0610b7f8095e@group-E114E9338692-SegmentedRaftLog:OPENED:c-1, conf=-1: [fc496f33-557f-4ba9-a352-3c0776838466|rpc:10.1.0.53:44781|priority:0, 4a8c6e6d-65e8-48ee-8359-0610b7f8095e|rpc:10.1.0.53:46879|priority:1, a369f656-5f1a-419f-8148-dd7161541bf1|rpc:10.1.0.53:34899|priority:0], old=null
2021-11-30 10:07:59,894 [grpc-default-executor-0] INFO  server.RaftServer$Division (RaftServerImpl.java:requestVote(1078)) - a369f656-5f1a-419f-8148-dd7161541bf1@group-E114E9338692 replies to ELECTION vote request: fc496f33-557f-4ba9-a352-3c0776838466<-a369f656-5f1a-419f-8148-dd7161541bf1#0:OK-t2. Peer's state: a369f656-5f1a-419f-8148-dd7161541bf1@group-E114E9338692:t2, leader=null, voted=fc496f33-557f-4ba9-a352-3c0776838466, raftlog=a369f656-5f1a-419f-8148-dd7161541bf1@group-E114E9338692-SegmentedRaftLog:OPENED:c-1, conf=-1: [fc496f33-557f-4ba9-a352-3c0776838466|rpc:10.1.0.53:44781|priority:0, 4a8c6e6d-65e8-48ee-8359-0610b7f8095e|rpc:10.1.0.53:46879|priority:1, a369f656-5f1a-419f-8148-dd7161541bf1|rpc:10.1.0.53:34899|priority:0], old=null
2021-11-30 10:07:59,896 [fc496f33-557f-4ba9-a352-3c0776838466@group-E114E9338692-LeaderElection15] INFO  impl.LeaderElection (LeaderElection.java:logAndReturn(89)) - fc496f33-557f-4ba9-a352-3c0776838466@group-E114E9338692-LeaderElection15: ELECTION REJECTED received 1 response(s) and 0 exception(s):
2021-11-30 10:07:59,897 [fc496f33-557f-4ba9-a352-3c0776838466@group-E114E9338692-LeaderElection15] INFO  impl.LeaderElection (LeaderElection.java:logAndReturn(93)) -   Response 0: fc496f33-557f-4ba9-a352-3c0776838466<-4a8c6e6d-65e8-48ee-8359-0610b7f8095e#0:FAIL-t2
2021-11-30 10:07:59,897 [fc496f33-557f-4ba9-a352-3c0776838466@group-E114E9338692-LeaderElection15] INFO  impl.LeaderElection (LeaderElection.java:askForVotes(308)) - fc496f33-557f-4ba9-a352-3c0776838466@group-E114E9338692-LeaderElection15 ELECTION round 0: result REJECTED
2021-11-30 10:07:59,897 [fc496f33-557f-4ba9-a352-3c0776838466@group-E114E9338692-LeaderElection15] INFO  server.RaftServer$Division (RaftServerImpl.java:setRole(290)) - fc496f33-557f-4ba9-a352-3c0776838466@group-E114E9338692: changes role from CANDIDATE to FOLLOWER at term 2 for REJECTED
2021-11-30 10:07:59,897 [fc496f33-557f-4ba9-a352-3c0776838466@group-E114E9338692-LeaderElection15] INFO  impl.RoleInfo (RoleInfo.java:shutdownLeaderElection(121)) - fc496f33-557f-4ba9-a352-3c0776838466: shutdown fc496f33-557f-4ba9-a352-3c0776838466@group-E114E9338692-LeaderElection15
2021-11-30 10:07:59,897 [fc496f33-557f-4ba9-a352-3c0776838466@group-E114E9338692-LeaderElection15] INFO  impl.RoleInfo (RoleInfo.java:updateAndGet(130)) - fc496f33-557f-4ba9-a352-3c0776838466: start fc496f33-557f-4ba9-a352-3c0776838466@group-E114E9338692-FollowerState
2021-11-30 10:08:00,085 [594a5f90-d5fa-4b06-ac33-1af263ebc166@group-D1C7A318DF2B-FollowerState] INFO  impl.FollowerState (FollowerState.java:run(134)) - 594a5f90-d5fa-4b06-ac33-1af263ebc166@group-D1C7A318DF2B-FollowerState: change to CANDIDATE, lastRpcElapsedTime:5065563819ns, electionTimeout:5064ms
2021-11-30 10:08:00,086 [594a5f90-d5fa-4b06-ac33-1af263ebc166@group-D1C7A318DF2B-FollowerState] INFO  impl.RoleInfo (RoleInfo.java:shutdownFollowerState(108)) - 594a5f90-d5fa-4b06-ac33-1af263ebc166: shutdown 594a5f90-d5fa-4b06-ac33-1af263ebc166@group-D1C7A318DF2B-FollowerState
2021-11-30 10:08:00,086 [594a5f90-d5fa-4b06-ac33-1af263ebc166@group-D1C7A318DF2B-FollowerState] INFO  server.RaftServer$Division (RaftServerImpl.java:setRole(290)) - 594a5f90-d5fa-4b06-ac33-1af263ebc166@group-D1C7A318DF2B: changes role from  FOLLOWER to CANDIDATE at term 1 for changeToCandidate
2021-11-30 10:08:00,086 [594a5f90-d5fa-4b06-ac33-1af263ebc166@group-D1C7A318DF2B-FollowerState] INFO  server.RaftServerConfigKeys (ConfUtils.java:logGet(44)) - raft.server.leaderelection.pre-vote = false (custom)
2021-11-30 10:08:00,086 [594a5f90-d5fa-4b06-ac33-1af263ebc166@group-D1C7A318DF2B-FollowerState] INFO  impl.RoleInfo (RoleInfo.java:updateAndGet(130)) - 594a5f90-d5fa-4b06-ac33-1af263ebc166: start 594a5f90-d5fa-4b06-ac33-1af263ebc166@group-D1C7A318DF2B-LeaderElection16
2021-11-30 10:08:00,088 [594a5f90-d5fa-4b06-ac33-1af263ebc166@group-D1C7A318DF2B-LeaderElection16] INFO  impl.LeaderElection (LeaderElection.java:askForVotes(306)) - 594a5f90-d5fa-4b06-ac33-1af263ebc166@group-D1C7A318DF2B-LeaderElection16 ELECTION round 0: submit vote requests at term 2 for -1: [594a5f90-d5fa-4b06-ac33-1af263ebc166|rpc:10.1.0.53:39275|dataStream:|priority:0, f261d845-a31c-4557-bbf6-cf3b66338abe|rpc:10.1.0.53:34515|dataStream:|priority:0, 9100756b-960e-45b3-aeba-6353ed9ea095|rpc:10.1.0.53:41205|dataStream:|priority:1], old=null
2021-11-30 10:08:00,093 [grpc-default-executor-2] INFO  server.RaftServer$Division (RaftServerImpl.java:requestVote(1046)) - f261d845-a31c-4557-bbf6-cf3b66338abe@group-D1C7A318DF2B: receive requestVote(ELECTION, 594a5f90-d5fa-4b06-ac33-1af263ebc166, group-D1C7A318DF2B, 2, (t:0, i:0))
2021-11-30 10:08:00,093 [grpc-default-executor-2] INFO  impl.VoteContext (VoteContext.java:log(48)) - f261d845-a31c-4557-bbf6-cf3b66338abe@group-D1C7A318DF2B-FOLLOWER: accept ELECTION from 594a5f90-d5fa-4b06-ac33-1af263ebc166: our priority 0 <= candidate's priority 0
2021-11-30 10:08:00,093 [grpc-default-executor-2] INFO  server.RaftServer$Division (RaftServerImpl.java:setRole(290)) - f261d845-a31c-4557-bbf6-cf3b66338abe@group-D1C7A318DF2B: changes role from  FOLLOWER to FOLLOWER at term 2 for candidate:594a5f90-d5fa-4b06-ac33-1af263ebc166
2021-11-30 10:08:00,093 [grpc-default-executor-2] INFO  impl.RoleInfo (RoleInfo.java:shutdownFollowerState(108)) - f261d845-a31c-4557-bbf6-cf3b66338abe: shutdown f261d845-a31c-4557-bbf6-cf3b66338abe@group-D1C7A318DF2B-FollowerState
2021-11-30 10:08:00,093 [grpc-default-executor-2] INFO  impl.RoleInfo (RoleInfo.java:updateAndGet(130)) - f261d845-a31c-4557-bbf6-cf3b66338abe: start f261d845-a31c-4557-bbf6-cf3b66338abe@group-D1C7A318DF2B-FollowerState
2021-11-30 10:08:00,093 [f261d845-a31c-4557-bbf6-cf3b66338abe@group-D1C7A318DF2B-FollowerState] INFO  impl.FollowerState (FollowerState.java:run(143)) - f261d845-a31c-4557-bbf6-cf3b66338abe@group-D1C7A318DF2B-FollowerState was interrupted: {}
java.lang.InterruptedException: sleep interrupted
	at java.lang.Thread.sleep(Native Method)
	at java.lang.Thread.sleep(Thread.java:340)
	at java.util.concurrent.TimeUnit.sleep(TimeUnit.java:386)
	at org.apache.ratis.util.TimeDuration.sleep(TimeDuration.java:324)
	at org.apache.ratis.util.TimeDuration.sleep(TimeDuration.java:309)
	at org.apache.ratis.server.impl.FollowerState.run(FollowerState.java:118)
2021-11-30 10:08:00,101 [grpc-default-executor-2] INFO  server.RaftServer$Division (RaftServerImpl.java:requestVote(1078)) - f261d845-a31c-4557-bbf6-cf3b66338abe@group-D1C7A318DF2B replies to ELECTION vote request: 594a5f90-d5fa-4b06-ac33-1af263ebc166<-f261d845-a31c-4557-bbf6-cf3b66338abe#0:OK-t2. Peer's state: f261d845-a31c-4557-bbf6-cf3b66338abe@group-D1C7A318DF2B:t2, leader=null, voted=594a5f90-d5fa-4b06-ac33-1af263ebc166, raftlog=f261d845-a31c-4557-bbf6-cf3b66338abe@group-D1C7A318DF2B-SegmentedRaftLog:OPENED:c-1, conf=-1: [594a5f90-d5fa-4b06-ac33-1af263ebc166|rpc:10.1.0.53:39275|priority:0, f261d845-a31c-4557-bbf6-cf3b66338abe|rpc:10.1.0.53:34515|priority:0, 9100756b-960e-45b3-aeba-6353ed9ea095|rpc:10.1.0.53:41205|priority:1], old=null
2021-11-30 10:08:00,101 [grpc-default-executor-0] INFO  server.RaftServer$Division (RaftServerImpl.java:requestVote(1046)) - 9100756b-960e-45b3-aeba-6353ed9ea095@group-D1C7A318DF2B: receive requestVote(ELECTION, 594a5f90-d5fa-4b06-ac33-1af263ebc166, group-D1C7A318DF2B, 2, (t:0, i:0))
2021-11-30 10:08:00,101 [grpc-default-executor-0] INFO  impl.VoteContext (VoteContext.java:log(48)) - 9100756b-960e-45b3-aeba-6353ed9ea095@group-D1C7A318DF2B-FOLLOWER: reject ELECTION from 594a5f90-d5fa-4b06-ac33-1af263ebc166: our priority 1 > candidate's priority 0
2021-11-30 10:08:00,101 [grpc-default-executor-0] INFO  server.RaftServer$Division (RaftServerImpl.java:setRole(290)) - 9100756b-960e-45b3-aeba-6353ed9ea095@group-D1C7A318DF2B: changes role from  FOLLOWER to FOLLOWER at term 2 for candidate:594a5f90-d5fa-4b06-ac33-1af263ebc166
2021-11-30 10:08:00,101 [grpc-default-executor-0] INFO  impl.RoleInfo (RoleInfo.java:shutdownFollowerState(108)) - 9100756b-960e-45b3-aeba-6353ed9ea095: shutdown 9100756b-960e-45b3-aeba-6353ed9ea095@group-D1C7A318DF2B-FollowerState
2021-11-30 10:08:00,101 [grpc-default-executor-0] INFO  impl.RoleInfo (RoleInfo.java:updateAndGet(130)) - 9100756b-960e-45b3-aeba-6353ed9ea095: start 9100756b-960e-45b3-aeba-6353ed9ea095@group-D1C7A318DF2B-FollowerState
2021-11-30 10:08:00,101 [9100756b-960e-45b3-aeba-6353ed9ea095@group-D1C7A318DF2B-FollowerState] INFO  impl.FollowerState (FollowerState.java:run(143)) - 9100756b-960e-45b3-aeba-6353ed9ea095@group-D1C7A318DF2B-FollowerState was interrupted: {}
java.lang.InterruptedException: sleep interrupted
	at java.lang.Thread.sleep(Native Method)
	at java.lang.Thread.sleep(Thread.java:340)
	at java.util.concurrent.TimeUnit.sleep(TimeUnit.java:386)
	at org.apache.ratis.util.TimeDuration.sleep(TimeDuration.java:324)
	at org.apache.ratis.util.TimeDuration.sleep(TimeDuration.java:309)
	at org.apache.ratis.server.impl.FollowerState.run(FollowerState.java:118)
2021-11-30 10:08:00,103 [grpc-default-executor-0] INFO  server.RaftServer$Division (RaftServerImpl.java:requestVote(1078)) - 9100756b-960e-45b3-aeba-6353ed9ea095@group-D1C7A318DF2B replies to ELECTION vote request: 594a5f90-d5fa-4b06-ac33-1af263ebc166<-9100756b-960e-45b3-aeba-6353ed9ea095#0:FAIL-t2. Peer's state: 9100756b-960e-45b3-aeba-6353ed9ea095@group-D1C7A318DF2B:t2, leader=null, voted=null, raftlog=9100756b-960e-45b3-aeba-6353ed9ea095@group-D1C7A318DF2B-SegmentedRaftLog:OPENED:c-1, conf=-1: [594a5f90-d5fa-4b06-ac33-1af263ebc166|rpc:10.1.0.53:39275|dataStream:|priority:0, f261d845-a31c-4557-bbf6-cf3b66338abe|rpc:10.1.0.53:34515|dataStream:|priority:0, 9100756b-960e-45b3-aeba-6353ed9ea095|rpc:10.1.0.53:41205|dataStream:|priority:1], old=null
2021-11-30 10:08:00,107 [594a5f90-d5fa-4b06-ac33-1af263ebc166@group-D1C7A318DF2B-LeaderElection16] INFO  impl.LeaderElection (LeaderElection.java:logAndReturn(89)) - 594a5f90-d5fa-4b06-ac33-1af263ebc166@group-D1C7A318DF2B-LeaderElection16: ELECTION REJECTED received 2 response(s) and 0 exception(s):
2021-11-30 10:08:00,107 [594a5f90-d5fa-4b06-ac33-1af263ebc166@group-D1C7A318DF2B-LeaderElection16] INFO  impl.LeaderElection (LeaderElection.java:logAndReturn(93)) -   Response 0: 594a5f90-d5fa-4b06-ac33-1af263ebc166<-f261d845-a31c-4557-bbf6-cf3b66338abe#0:OK-t2
2021-11-30 10:08:00,107 [594a5f90-d5fa-4b06-ac33-1af263ebc166@group-D1C7A318DF2B-LeaderElection16] INFO  impl.LeaderElection (LeaderElection.java:logAndReturn(93)) -   Response 1: 594a5f90-d5fa-4b06-ac33-1af263ebc166<-9100756b-960e-45b3-aeba-6353ed9ea095#0:FAIL-t2
2021-11-30 10:08:00,107 [594a5f90-d5fa-4b06-ac33-1af263ebc166@group-D1C7A318DF2B-LeaderElection16] INFO  impl.LeaderElection (LeaderElection.java:askForVotes(308)) - 594a5f90-d5fa-4b06-ac33-1af263ebc166@group-D1C7A318DF2B-LeaderElection16 ELECTION round 0: result REJECTED
2021-11-30 10:08:00,107 [594a5f90-d5fa-4b06-ac33-1af263ebc166@group-D1C7A318DF2B-LeaderElection16] INFO  server.RaftServer$Division (RaftServerImpl.java:setRole(290)) - 594a5f90-d5fa-4b06-ac33-1af263ebc166@group-D1C7A318DF2B: changes role from CANDIDATE to FOLLOWER at term 2 for REJECTED
2021-11-30 10:08:00,107 [594a5f90-d5fa-4b06-ac33-1af263ebc166@group-D1C7A318DF2B-LeaderElection16] INFO  impl.RoleInfo (RoleInfo.java:shutdownLeaderElection(121)) - 594a5f90-d5fa-4b06-ac33-1af263ebc166: shutdown 594a5f90-d5fa-4b06-ac33-1af263ebc166@group-D1C7A318DF2B-LeaderElection16
2021-11-30 10:08:00,108 [594a5f90-d5fa-4b06-ac33-1af263ebc166@group-D1C7A318DF2B-LeaderElection16] INFO  impl.RoleInfo (RoleInfo.java:updateAndGet(130)) - 594a5f90-d5fa-4b06-ac33-1af263ebc166: start 594a5f90-d5fa-4b06-ac33-1af263ebc166@group-D1C7A318DF2B-FollowerState
2021-11-30 10:08:01,596 [Listener at 127.0.0.1/41539] INFO  ozoneimpl.OzoneContainer (OzoneContainer.java:stop(325)) - Attempting to stop container services.
2021-11-30 10:08:01,600 [Listener at 127.0.0.1/41539] INFO  server.RaftServer (RaftServerProxy.java:lambda$close$6(391)) - 9100756b-960e-45b3-aeba-6353ed9ea095: close
2021-11-30 10:08:01,601 [Listener at 127.0.0.1/41539] INFO  server.RaftServer$Division (RaftServerImpl.java:lambda$close$4(412)) - 9100756b-960e-45b3-aeba-6353ed9ea095@group-D1C7A318DF2B: shutdown
2021-11-30 10:08:01,601 [Listener at 127.0.0.1/41539] INFO  util.JmxRegister (JmxRegister.java:unregister(73)) - Successfully un-registered JMX Bean with object name Ratis:service=RaftServer,group=group-D1C7A318DF2B,id=9100756b-960e-45b3-aeba-6353ed9ea095
2021-11-30 10:08:01,602 [Listener at 127.0.0.1/41539] INFO  impl.RoleInfo (RoleInfo.java:shutdownFollowerState(108)) - 9100756b-960e-45b3-aeba-6353ed9ea095: shutdown 9100756b-960e-45b3-aeba-6353ed9ea095@group-D1C7A318DF2B-FollowerState
2021-11-30 10:08:01,602 [Listener at 127.0.0.1/41539] INFO  impl.StateMachineUpdater (StateMachineUpdater.java:stopAndJoin(149)) - 9100756b-960e-45b3-aeba-6353ed9ea095@group-D1C7A318DF2B-StateMachineUpdater: set stopIndex = -1
2021-11-30 10:08:01,602 [9100756b-960e-45b3-aeba-6353ed9ea095@group-D1C7A318DF2B-FollowerState] INFO  impl.FollowerState (FollowerState.java:run(143)) - 9100756b-960e-45b3-aeba-6353ed9ea095@group-D1C7A318DF2B-FollowerState was interrupted: {}
java.lang.InterruptedException: sleep interrupted
	at java.lang.Thread.sleep(Native Method)
	at java.lang.Thread.sleep(Thread.java:340)
	at java.util.concurrent.TimeUnit.sleep(TimeUnit.java:386)
	at org.apache.ratis.util.TimeDuration.sleep(TimeDuration.java:324)
	at org.apache.ratis.util.TimeDuration.sleep(TimeDuration.java:309)
	at org.apache.ratis.server.impl.FollowerState.run(FollowerState.java:118)
2021-11-30 10:08:01,604 [Listener at 127.0.0.1/41539] INFO  server.RaftServer$Division (ServerState.java:close(419)) - 9100756b-960e-45b3-aeba-6353ed9ea095@group-D1C7A318DF2B: closes. applyIndex: -1
2021-11-30 10:08:01,605 [9100756b-960e-45b3-aeba-6353ed9ea095@group-D1C7A318DF2B-SegmentedRaftLogWorker] INFO  segmented.SegmentedRaftLogWorker (SegmentedRaftLogWorker.java:run(327)) - 9100756b-960e-45b3-aeba-6353ed9ea095@group-D1C7A318DF2B-SegmentedRaftLogWorker was interrupted, exiting. There are 0 tasks remaining in the queue.
2021-11-30 10:08:01,606 [Listener at 127.0.0.1/41539] INFO  segmented.SegmentedRaftLogWorker (SegmentedRaftLogWorker.java:close(237)) - 9100756b-960e-45b3-aeba-6353ed9ea095@group-D1C7A318DF2B-SegmentedRaftLogWorker close()
2021-11-30 10:08:01,607 [Listener at 127.0.0.1/41539] INFO  server.RaftServer$Division (RaftServerImpl.java:lambda$close$4(412)) - 9100756b-960e-45b3-aeba-6353ed9ea095@group-D8CADBBB701C: shutdown
2021-11-30 10:08:01,607 [Listener at 127.0.0.1/41539] INFO  util.JmxRegister (JmxRegister.java:unregister(73)) - Successfully un-registered JMX Bean with object name Ratis:service=RaftServer,group=group-D8CADBBB701C,id=9100756b-960e-45b3-aeba-6353ed9ea095
2021-11-30 10:08:01,607 [Listener at 127.0.0.1/41539] INFO  impl.RoleInfo (RoleInfo.java:shutdownLeaderState(91)) - 9100756b-960e-45b3-aeba-6353ed9ea095: shutdown 9100756b-960e-45b3-aeba-6353ed9ea095@group-D8CADBBB701C-LeaderStateImpl
2021-11-30 10:08:01,608 [Listener at 127.0.0.1/41539] INFO  impl.PendingRequests (PendingRequests.java:sendNotLeaderResponses(282)) - 9100756b-960e-45b3-aeba-6353ed9ea095@group-D8CADBBB701C-PendingRequests: sendNotLeaderResponses
2021-11-30 10:08:01,609 [Listener at 127.0.0.1/41539] INFO  impl.StateMachineUpdater (StateMachineUpdater.java:stopAndJoin(149)) - 9100756b-960e-45b3-aeba-6353ed9ea095@group-D8CADBBB701C-StateMachineUpdater: set stopIndex = 0
2021-11-30 10:08:01,610 [9100756b-960e-45b3-aeba-6353ed9ea095@group-D8CADBBB701C-StateMachineUpdater] INFO  ratis.ContainerStateMachine (ContainerStateMachine.java:takeSnapshot(292)) - group-D8CADBBB701C: Taking a snapshot at:(t:1, i:0) file /home/runner/work/ozone/ozone/hadoop-ozone/integration-test/target/test-dir/MiniOzoneClusterImpl-0e29ee7e-a070-46b0-aa8f-4a21e578e9b3/datanode-5/data/ratis/a30b9f78-d6c2-4975-b652-d8cadbbb701c/sm/snapshot.1_0
2021-11-30 10:08:01,636 [9100756b-960e-45b3-aeba-6353ed9ea095@group-D8CADBBB701C-StateMachineUpdater] INFO  ratis.ContainerStateMachine (ContainerStateMachine.java:takeSnapshot(303)) - group-D8CADBBB701C: Finished taking a snapshot at:(t:1, i:0) file:/home/runner/work/ozone/ozone/hadoop-ozone/integration-test/target/test-dir/MiniOzoneClusterImpl-0e29ee7e-a070-46b0-aa8f-4a21e578e9b3/datanode-5/data/ratis/a30b9f78-d6c2-4975-b652-d8cadbbb701c/sm/snapshot.1_0 took: 26 ms
2021-11-30 10:08:01,638 [9100756b-960e-45b3-aeba-6353ed9ea095@group-D8CADBBB701C-StateMachineUpdater] INFO  impl.StateMachineUpdater (StateMachineUpdater.java:takeSnapshot(281)) - 9100756b-960e-45b3-aeba-6353ed9ea095@group-D8CADBBB701C-StateMachineUpdater: Took a snapshot at index 0
2021-11-30 10:08:01,639 [9100756b-960e-45b3-aeba-6353ed9ea095@group-D8CADBBB701C-StateMachineUpdater] INFO  impl.StateMachineUpdater (StateMachineUpdater.java:lambda$new$0(89)) - 9100756b-960e-45b3-aeba-6353ed9ea095@group-D8CADBBB701C-StateMachineUpdater: snapshotIndex: updateIncreasingly -1 -> 0
2021-11-30 10:08:01,644 [Listener at 127.0.0.1/41539] INFO  server.RaftServer$Division (ServerState.java:close(419)) - 9100756b-960e-45b3-aeba-6353ed9ea095@group-D8CADBBB701C: closes. applyIndex: 0
2021-11-30 10:08:01,644 [9100756b-960e-45b3-aeba-6353ed9ea095@group-D8CADBBB701C-SegmentedRaftLogWorker] INFO  segmented.SegmentedRaftLogWorker (SegmentedRaftLogWorker.java:run(327)) - 9100756b-960e-45b3-aeba-6353ed9ea095@group-D8CADBBB701C-SegmentedRaftLogWorker was interrupted, exiting. There are 0 tasks remaining in the queue.
2021-11-30 10:08:01,645 [Listener at 127.0.0.1/41539] INFO  segmented.SegmentedRaftLogWorker (SegmentedRaftLogWorker.java:close(237)) - 9100756b-960e-45b3-aeba-6353ed9ea095@group-D8CADBBB701C-SegmentedRaftLogWorker close()
2021-11-30 10:08:01,646 [Listener at 127.0.0.1/41539] INFO  server.RaftServer$Division (RaftServerImpl.java:lambda$close$4(412)) - 9100756b-960e-45b3-aeba-6353ed9ea095@group-D3EED943AD18: shutdown
2021-11-30 10:08:01,646 [Listener at 127.0.0.1/41539] INFO  util.JmxRegister (JmxRegister.java:unregister(73)) - Successfully un-registered JMX Bean with object name Ratis:service=RaftServer,group=group-D3EED943AD18,id=9100756b-960e-45b3-aeba-6353ed9ea095
2021-11-30 10:08:01,646 [Listener at 127.0.0.1/41539] INFO  impl.RoleInfo (RoleInfo.java:shutdownFollowerState(108)) - 9100756b-960e-45b3-aeba-6353ed9ea095: shutdown 9100756b-960e-45b3-aeba-6353ed9ea095@group-D3EED943AD18-FollowerState
2021-11-30 10:08:01,646 [Listener at 127.0.0.1/41539] INFO  impl.StateMachineUpdater (StateMachineUpdater.java:stopAndJoin(149)) - 9100756b-960e-45b3-aeba-6353ed9ea095@group-D3EED943AD18-StateMachineUpdater: set stopIndex = 16
2021-11-30 10:08:01,646 [9100756b-960e-45b3-aeba-6353ed9ea095@group-D3EED943AD18-FollowerState] INFO  impl.FollowerState (FollowerState.java:run(143)) - 9100756b-960e-45b3-aeba-6353ed9ea095@group-D3EED943AD18-FollowerState was interrupted: {}
java.lang.InterruptedException: sleep interrupted
	at java.lang.Thread.sleep(Native Method)
	at java.lang.Thread.sleep(Thread.java:340)
	at java.util.concurrent.TimeUnit.sleep(TimeUnit.java:386)
	at org.apache.ratis.util.TimeDuration.sleep(TimeDuration.java:324)
	at org.apache.ratis.util.TimeDuration.sleep(TimeDuration.java:309)
	at org.apache.ratis.server.impl.FollowerState.run(FollowerState.java:118)
2021-11-30 10:08:01,647 [9100756b-960e-45b3-aeba-6353ed9ea095@group-D3EED943AD18-StateMachineUpdater] INFO  ratis.ContainerStateMachine (ContainerStateMachine.java:takeSnapshot(292)) - group-D3EED943AD18: Taking a snapshot at:(t:1, i:16) file /home/runner/work/ozone/ozone/hadoop-ozone/integration-test/target/test-dir/MiniOzoneClusterImpl-0e29ee7e-a070-46b0-aa8f-4a21e578e9b3/datanode-5/data/ratis/1053b465-f2e9-4599-823d-d3eed943ad18/sm/snapshot.1_16
2021-11-30 10:08:01,651 [9100756b-960e-45b3-aeba-6353ed9ea095@group-D3EED943AD18-StateMachineUpdater] INFO  ratis.ContainerStateMachine (ContainerStateMachine.java:takeSnapshot(303)) - group-D3EED943AD18: Finished taking a snapshot at:(t:1, i:16) file:/home/runner/work/ozone/ozone/hadoop-ozone/integration-test/target/test-dir/MiniOzoneClusterImpl-0e29ee7e-a070-46b0-aa8f-4a21e578e9b3/datanode-5/data/ratis/1053b465-f2e9-4599-823d-d3eed943ad18/sm/snapshot.1_16 took: 4 ms
2021-11-30 10:08:01,651 [9100756b-960e-45b3-aeba-6353ed9ea095@group-D3EED943AD18-StateMachineUpdater] INFO  impl.StateMachineUpdater (StateMachineUpdater.java:takeSnapshot(281)) - 9100756b-960e-45b3-aeba-6353ed9ea095@group-D3EED943AD18-StateMachineUpdater: Took a snapshot at index 16
2021-11-30 10:08:01,651 [9100756b-960e-45b3-aeba-6353ed9ea095@group-D3EED943AD18-StateMachineUpdater] INFO  impl.StateMachineUpdater (StateMachineUpdater.java:lambda$new$0(89)) - 9100756b-960e-45b3-aeba-6353ed9ea095@group-D3EED943AD18-StateMachineUpdater: snapshotIndex: updateIncreasingly -1 -> 16
2021-11-30 10:08:01,652 [Listener at 127.0.0.1/41539] INFO  server.RaftServer$Division (ServerState.java:close(419)) - 9100756b-960e-45b3-aeba-6353ed9ea095@group-D3EED943AD18: closes. applyIndex: 16
2021-11-30 10:08:01,653 [9100756b-960e-45b3-aeba-6353ed9ea095@group-D3EED943AD18-SegmentedRaftLogWorker] INFO  segmented.SegmentedRaftLogWorker (SegmentedRaftLogWorker.java:run(327)) - 9100756b-960e-45b3-aeba-6353ed9ea095@group-D3EED943AD18-SegmentedRaftLogWorker was interrupted, exiting. There are 0 tasks remaining in the queue.
2021-11-30 10:08:01,654 [Listener at 127.0.0.1/41539] INFO  segmented.SegmentedRaftLogWorker (SegmentedRaftLogWorker.java:close(237)) - 9100756b-960e-45b3-aeba-6353ed9ea095@group-D3EED943AD18-SegmentedRaftLogWorker close()
2021-11-30 10:08:01,655 [Listener at 127.0.0.1/41539] INFO  server.GrpcService (GrpcService.java:closeImpl(262)) - 9100756b-960e-45b3-aeba-6353ed9ea095: shutdown server with port 41205 now
2021-11-30 10:08:01,662 [grpc-default-executor-2] WARN  server.GrpcServerProtocolService (LogUtils.java:warn(122)) - 9100756b-960e-45b3-aeba-6353ed9ea095: installSnapshot onError, lastRequest: 594a5f90-d5fa-4b06-ac33-1af263ebc166->9100756b-960e-45b3-aeba-6353ed9ea095#44-t1,previous=(t:1, i:15),leaderCommit=14,initializing? true,entries: size=1, first=(t:1, i:16), METADATAENTRY(c:14): org.apache.ratis.thirdparty.io.grpc.StatusRuntimeException: CANCELLED: client cancelled
2021-11-30 10:08:01,663 [grpc-default-executor-1] WARN  server.GrpcLogAppender (LogUtils.java:warn(122)) - 594a5f90-d5fa-4b06-ac33-1af263ebc166@group-D3EED943AD18->9100756b-960e-45b3-aeba-6353ed9ea095-AppendLogResponseHandler: Failed appendEntries: org.apache.ratis.thirdparty.io.grpc.StatusRuntimeException: CANCELLED: HTTP/2 error code: CANCEL
Received Rst Stream
2021-11-30 10:08:01,665 [grpc-default-executor-1] INFO  leader.FollowerInfo (FollowerInfoImpl.java:lambda$new$0(47)) - 594a5f90-d5fa-4b06-ac33-1af263ebc166@group-D3EED943AD18->9100756b-960e-45b3-aeba-6353ed9ea095: nextIndex: updateUnconditionally 17 -> 16
2021-11-30 10:08:01,668 [Listener at 127.0.0.1/41539] INFO  server.GrpcService (GrpcService.java:closeImpl(271)) - 9100756b-960e-45b3-aeba-6353ed9ea095: shutdown server with port 41205 successfully
2021-11-30 10:08:01,668 [org.apache.ratis.util.JvmPauseMonitor$$Lambda$533/844391723@7b9b0878] INFO  util.JvmPauseMonitor (JvmPauseMonitor.java:run(109)) - JvmPauseMonitor-9100756b-960e-45b3-aeba-6353ed9ea095: Stopped
2021-11-30 10:08:01,670 [Listener at 127.0.0.1/41539] INFO  utils.BackgroundService (BackgroundService.java:shutdown(132)) - Shutting down service BlockDeletingService
2021-11-30 10:08:01,691 [grpc-default-executor-0] WARN  server.GrpcLogAppender (LogUtils.java:warn(122)) - 594a5f90-d5fa-4b06-ac33-1af263ebc166@group-D3EED943AD18->9100756b-960e-45b3-aeba-6353ed9ea095-AppendLogResponseHandler: Failed appendEntries: org.apache.ratis.thirdparty.io.grpc.StatusRuntimeException: UNAVAILABLE: io exception
2021-11-30 10:08:01,692 [grpc-default-executor-0] INFO  leader.FollowerInfo (FollowerInfoImpl.java:lambda$new$0(47)) - 594a5f90-d5fa-4b06-ac33-1af263ebc166@group-D3EED943AD18->9100756b-960e-45b3-aeba-6353ed9ea095: nextIndex: updateUnconditionally 17 -> 16
2021-11-30 10:08:04,178 [grpc-default-executor-0] WARN  server.GrpcLogAppender (LogUtils.java:warn(122)) - 594a5f90-d5fa-4b06-ac33-1af263ebc166@group-D3EED943AD18->9100756b-960e-45b3-aeba-6353ed9ea095-AppendLogResponseHandler: Failed appendEntries: org.apache.ratis.thirdparty.io.grpc.StatusRuntimeException: UNAVAILABLE: io exception
2021-11-30 10:08:04,179 [grpc-default-executor-0] INFO  leader.FollowerInfo (FollowerInfoImpl.java:lambda$new$0(47)) - 594a5f90-d5fa-4b06-ac33-1af263ebc166@group-D3EED943AD18->9100756b-960e-45b3-aeba-6353ed9ea095: nextIndex: updateUnconditionally 17 -> 16
2021-11-30 10:08:04,435 [fc496f33-557f-4ba9-a352-3c0776838466@group-D183E921640B-FollowerState] INFO  impl.FollowerState (FollowerState.java:run(134)) - fc496f33-557f-4ba9-a352-3c0776838466@group-D183E921640B-FollowerState: change to CANDIDATE, lastRpcElapsedTime:5102511715ns, electionTimeout:5096ms
2021-11-30 10:08:04,436 [fc496f33-557f-4ba9-a352-3c0776838466@group-D183E921640B-FollowerState] INFO  impl.RoleInfo (RoleInfo.java:shutdownFollowerState(108)) - fc496f33-557f-4ba9-a352-3c0776838466: shutdown fc496f33-557f-4ba9-a352-3c0776838466@group-D183E921640B-FollowerState
2021-11-30 10:08:04,436 [fc496f33-557f-4ba9-a352-3c0776838466@group-D183E921640B-FollowerState] INFO  server.RaftServer$Division (RaftServerImpl.java:setRole(290)) - fc496f33-557f-4ba9-a352-3c0776838466@group-D183E921640B: changes role from  FOLLOWER to CANDIDATE at term 2 for changeToCandidate
2021-11-30 10:08:04,436 [fc496f33-557f-4ba9-a352-3c0776838466@group-D183E921640B-FollowerState] INFO  server.RaftServerConfigKeys (ConfUtils.java:logGet(44)) - raft.server.leaderelection.pre-vote = false (custom)
2021-11-30 10:08:04,436 [fc496f33-557f-4ba9-a352-3c0776838466@group-D183E921640B-FollowerState] INFO  impl.RoleInfo (RoleInfo.java:updateAndGet(130)) - fc496f33-557f-4ba9-a352-3c0776838466: start fc496f33-557f-4ba9-a352-3c0776838466@group-D183E921640B-LeaderElection17
2021-11-30 10:08:04,447 [fc496f33-557f-4ba9-a352-3c0776838466@group-D183E921640B-LeaderElection17] INFO  impl.LeaderElection (LeaderElection.java:askForVotes(306)) - fc496f33-557f-4ba9-a352-3c0776838466@group-D183E921640B-LeaderElection17 ELECTION round 0: submit vote requests at term 3 for -1: [fc496f33-557f-4ba9-a352-3c0776838466|rpc:10.1.0.53:44781|priority:0, 4a8c6e6d-65e8-48ee-8359-0610b7f8095e|rpc:10.1.0.53:46879|priority:0, a369f656-5f1a-419f-8148-dd7161541bf1|rpc:10.1.0.53:34899|priority:1], old=null
2021-11-30 10:08:04,457 [grpc-default-executor-0] INFO  server.RaftServer$Division (RaftServerImpl.java:requestVote(1046)) - 4a8c6e6d-65e8-48ee-8359-0610b7f8095e@group-D183E921640B: receive requestVote(ELECTION, fc496f33-557f-4ba9-a352-3c0776838466, group-D183E921640B, 3, (t:0, i:0))
2021-11-30 10:08:04,457 [grpc-default-executor-0] INFO  impl.VoteContext (VoteContext.java:log(48)) - 4a8c6e6d-65e8-48ee-8359-0610b7f8095e@group-D183E921640B-FOLLOWER: accept ELECTION from fc496f33-557f-4ba9-a352-3c0776838466: our priority 0 <= candidate's priority 0
2021-11-30 10:08:04,457 [grpc-default-executor-0] INFO  server.RaftServer$Division (RaftServerImpl.java:setRole(290)) - 4a8c6e6d-65e8-48ee-8359-0610b7f8095e@group-D183E921640B: changes role from  FOLLOWER to FOLLOWER at term 3 for candidate:fc496f33-557f-4ba9-a352-3c0776838466
2021-11-30 10:08:04,457 [grpc-default-executor-0] INFO  impl.RoleInfo (RoleInfo.java:shutdownFollowerState(108)) - 4a8c6e6d-65e8-48ee-8359-0610b7f8095e: shutdown 4a8c6e6d-65e8-48ee-8359-0610b7f8095e@group-D183E921640B-FollowerState
2021-11-30 10:08:04,457 [grpc-default-executor-0] INFO  impl.RoleInfo (RoleInfo.java:updateAndGet(130)) - 4a8c6e6d-65e8-48ee-8359-0610b7f8095e: start 4a8c6e6d-65e8-48ee-8359-0610b7f8095e@group-D183E921640B-FollowerState
2021-11-30 10:08:04,460 [4a8c6e6d-65e8-48ee-8359-0610b7f8095e@group-D183E921640B-FollowerState] INFO  impl.FollowerState (FollowerState.java:run(143)) - 4a8c6e6d-65e8-48ee-8359-0610b7f8095e@group-D183E921640B-FollowerState was interrupted: {}
java.lang.InterruptedException: sleep interrupted
	at java.lang.Thread.sleep(Native Method)
	at java.lang.Thread.sleep(Thread.java:340)
	at java.util.concurrent.TimeUnit.sleep(TimeUnit.java:386)
	at org.apache.ratis.util.TimeDuration.sleep(TimeDuration.java:324)
	at org.apache.ratis.util.TimeDuration.sleep(TimeDuration.java:309)
	at org.apache.ratis.server.impl.FollowerState.run(FollowerState.java:118)
2021-11-30 10:08:04,460 [grpc-default-executor-0] INFO  server.RaftServer$Division (RaftServerImpl.java:requestVote(1078)) - 4a8c6e6d-65e8-48ee-8359-0610b7f8095e@group-D183E921640B replies to ELECTION vote request: fc496f33-557f-4ba9-a352-3c0776838466<-4a8c6e6d-65e8-48ee-8359-0610b7f8095e#0:OK-t3. Peer's state: 4a8c6e6d-65e8-48ee-8359-0610b7f8095e@group-D183E921640B:t3, leader=null, voted=fc496f33-557f-4ba9-a352-3c0776838466, raftlog=4a8c6e6d-65e8-48ee-8359-0610b7f8095e@group-D183E921640B-SegmentedRaftLog:OPENED:c-1, conf=-1: [fc496f33-557f-4ba9-a352-3c0776838466|rpc:10.1.0.53:44781|priority:0, 4a8c6e6d-65e8-48ee-8359-0610b7f8095e|rpc:10.1.0.53:46879|priority:0, a369f656-5f1a-419f-8148-dd7161541bf1|rpc:10.1.0.53:34899|priority:1], old=null
2021-11-30 10:08:04,461 [grpc-default-executor-2] INFO  server.RaftServer$Division (RaftServerImpl.java:requestVote(1046)) - a369f656-5f1a-419f-8148-dd7161541bf1@group-D183E921640B: receive requestVote(ELECTION, fc496f33-557f-4ba9-a352-3c0776838466, group-D183E921640B, 3, (t:0, i:0))
2021-11-30 10:08:04,466 [grpc-default-executor-2] INFO  impl.VoteContext (VoteContext.java:log(48)) - a369f656-5f1a-419f-8148-dd7161541bf1@group-D183E921640B-FOLLOWER: reject ELECTION from fc496f33-557f-4ba9-a352-3c0776838466: our priority 1 > candidate's priority 0
2021-11-30 10:08:04,466 [grpc-default-executor-2] INFO  server.RaftServer$Division (RaftServerImpl.java:setRole(290)) - a369f656-5f1a-419f-8148-dd7161541bf1@group-D183E921640B: changes role from  FOLLOWER to FOLLOWER at term 3 for candidate:fc496f33-557f-4ba9-a352-3c0776838466
2021-11-30 10:08:04,466 [grpc-default-executor-2] INFO  impl.RoleInfo (RoleInfo.java:shutdownFollowerState(108)) - a369f656-5f1a-419f-8148-dd7161541bf1: shutdown a369f656-5f1a-419f-8148-dd7161541bf1@group-D183E921640B-FollowerState
2021-11-30 10:08:04,466 [grpc-default-executor-2] INFO  impl.RoleInfo (RoleInfo.java:updateAndGet(130)) - a369f656-5f1a-419f-8148-dd7161541bf1: start a369f656-5f1a-419f-8148-dd7161541bf1@group-D183E921640B-FollowerState
2021-11-30 10:08:04,466 [a369f656-5f1a-419f-8148-dd7161541bf1@group-D183E921640B-FollowerState] INFO  impl.FollowerState (FollowerState.java:run(143)) - a369f656-5f1a-419f-8148-dd7161541bf1@group-D183E921640B-FollowerState was interrupted: {}
java.lang.InterruptedException: sleep interrupted
	at java.lang.Thread.sleep(Native Method)
	at java.lang.Thread.sleep(Thread.java:340)
	at java.util.concurrent.TimeUnit.sleep(TimeUnit.java:386)
	at org.apache.ratis.util.TimeDuration.sleep(TimeDuration.java:324)
	at org.apache.ratis.util.TimeDuration.sleep(TimeDuration.java:309)
	at org.apache.ratis.server.impl.FollowerState.run(FollowerState.java:118)
2021-11-30 10:08:04,470 [grpc-default-executor-2] INFO  server.RaftServer$Division (RaftServerImpl.java:requestVote(1078)) - a369f656-5f1a-419f-8148-dd7161541bf1@group-D183E921640B replies to ELECTION vote request: fc496f33-557f-4ba9-a352-3c0776838466<-a369f656-5f1a-419f-8148-dd7161541bf1#0:FAIL-t3. Peer's state: a369f656-5f1a-419f-8148-dd7161541bf1@group-D183E921640B:t3, leader=null, voted=null, raftlog=a369f656-5f1a-419f-8148-dd7161541bf1@group-D183E921640B-SegmentedRaftLog:OPENED:c-1, conf=-1: [fc496f33-557f-4ba9-a352-3c0776838466|rpc:10.1.0.53:44781|dataStream:|priority:0, 4a8c6e6d-65e8-48ee-8359-0610b7f8095e|rpc:10.1.0.53:46879|dataStream:|priority:0, a369f656-5f1a-419f-8148-dd7161541bf1|rpc:10.1.0.53:34899|dataStream:|priority:1], old=null
2021-11-30 10:08:04,474 [fc496f33-557f-4ba9-a352-3c0776838466@group-D183E921640B-LeaderElection17] INFO  impl.LeaderElection (LeaderElection.java:logAndReturn(89)) - fc496f33-557f-4ba9-a352-3c0776838466@group-D183E921640B-LeaderElection17: ELECTION REJECTED received 2 response(s) and 0 exception(s):
2021-11-30 10:08:04,474 [fc496f33-557f-4ba9-a352-3c0776838466@group-D183E921640B-LeaderElection17] INFO  impl.LeaderElection (LeaderElection.java:logAndReturn(93)) -   Response 0: fc496f33-557f-4ba9-a352-3c0776838466<-4a8c6e6d-65e8-48ee-8359-0610b7f8095e#0:OK-t3
2021-11-30 10:08:04,474 [fc496f33-557f-4ba9-a352-3c0776838466@group-D183E921640B-LeaderElection17] INFO  impl.LeaderElection (LeaderElection.java:logAndReturn(93)) -   Response 1: fc496f33-557f-4ba9-a352-3c0776838466<-a369f656-5f1a-419f-8148-dd7161541bf1#0:FAIL-t3
2021-11-30 10:08:04,474 [fc496f33-557f-4ba9-a352-3c0776838466@group-D183E921640B-LeaderElection17] INFO  impl.LeaderElection (LeaderElection.java:askForVotes(308)) - fc496f33-557f-4ba9-a352-3c0776838466@group-D183E921640B-LeaderElection17 ELECTION round 0: result REJECTED
2021-11-30 10:08:04,474 [fc496f33-557f-4ba9-a352-3c0776838466@group-D183E921640B-LeaderElection17] INFO  server.RaftServer$Division (RaftServerImpl.java:setRole(290)) - fc496f33-557f-4ba9-a352-3c0776838466@group-D183E921640B: changes role from CANDIDATE to FOLLOWER at term 3 for REJECTED
2021-11-30 10:08:04,474 [fc496f33-557f-4ba9-a352-3c0776838466@group-D183E921640B-LeaderElection17] INFO  impl.RoleInfo (RoleInfo.java:shutdownLeaderElection(121)) - fc496f33-557f-4ba9-a352-3c0776838466: shutdown fc496f33-557f-4ba9-a352-3c0776838466@group-D183E921640B-LeaderElection17
2021-11-30 10:08:04,474 [fc496f33-557f-4ba9-a352-3c0776838466@group-D183E921640B-LeaderElection17] INFO  impl.RoleInfo (RoleInfo.java:updateAndGet(130)) - fc496f33-557f-4ba9-a352-3c0776838466: start fc496f33-557f-4ba9-a352-3c0776838466@group-D183E921640B-FollowerState
2021-11-30 10:08:04,673 [Listener at 127.0.0.1/41539] INFO  statemachine.DatanodeStateMachine (DatanodeStateMachine.java:stopDaemon(526)) - Ozone container server stopped.
2021-11-30 10:08:04,677 [Listener at 127.0.0.1/41539] INFO  handler.ContextHandler (ContextHandler.java:doStop(1153)) - Stopped o.e.j.w.WebAppContext@39e90093{hddsDatanode,/,null,STOPPED}{jar:file:/home/runner/.m2/repository/org/apache/ozone/hdds-container-service/1.3.0-SNAPSHOT/hdds-container-service-1.3.0-SNAPSHOT.jar!/webapps/hddsDatanode}
2021-11-30 10:08:04,683 [Listener at 127.0.0.1/41539] INFO  server.AbstractConnector (AbstractConnector.java:doStop(381)) - Stopped ServerConnector@4c4e3eaa{HTTP/1.1, (http/1.1)}{0.0.0.0:0}
2021-11-30 10:08:04,683 [Listener at 127.0.0.1/41539] INFO  server.session (HouseKeeper.java:stopScavenging(149)) - node0 Stopped scavenging
2021-11-30 10:08:04,684 [Listener at 127.0.0.1/41539] INFO  handler.ContextHandler (ContextHandler.java:doStop(1153)) - Stopped o.e.j.s.ServletContextHandler@68241187{static,/static,jar:file:/home/runner/.m2/repository/org/apache/ozone/hdds-container-service/1.3.0-SNAPSHOT/hdds-container-service-1.3.0-SNAPSHOT.jar!/webapps/static,STOPPED}
2021-11-30 10:08:04,685 [Listener at 127.0.0.1/41539] INFO  handler.ContextHandler (ContextHandler.java:doStop(1153)) - Stopped o.e.j.s.ServletContextHandler@4476352e{logs,/logs,file:///home/runner/work/ozone/ozone/hadoop-ozone/integration-test/target/log,STOPPED}
2021-11-30 10:08:04,915 [fc496f33-557f-4ba9-a352-3c0776838466@group-E114E9338692-FollowerState] INFO  impl.FollowerState (FollowerState.java:run(134)) - fc496f33-557f-4ba9-a352-3c0776838466@group-E114E9338692-FollowerState: change to CANDIDATE, lastRpcElapsedTime:5017931940ns, electionTimeout:5010ms
2021-11-30 10:08:04,916 [fc496f33-557f-4ba9-a352-3c0776838466@group-E114E9338692-FollowerState] INFO  impl.RoleInfo (RoleInfo.java:shutdownFollowerState(108)) - fc496f33-557f-4ba9-a352-3c0776838466: shutdown fc496f33-557f-4ba9-a352-3c0776838466@group-E114E9338692-FollowerState
2021-11-30 10:08:04,916 [fc496f33-557f-4ba9-a352-3c0776838466@group-E114E9338692-FollowerState] INFO  server.RaftServer$Division (RaftServerImpl.java:setRole(290)) - fc496f33-557f-4ba9-a352-3c0776838466@group-E114E9338692: changes role from  FOLLOWER to CANDIDATE at term 2 for changeToCandidate
2021-11-30 10:08:04,916 [fc496f33-557f-4ba9-a352-3c0776838466@group-E114E9338692-FollowerState] INFO  server.RaftServerConfigKeys (ConfUtils.java:logGet(44)) - raft.server.leaderelection.pre-vote = false (custom)
2021-11-30 10:08:04,916 [fc496f33-557f-4ba9-a352-3c0776838466@group-E114E9338692-FollowerState] INFO  impl.RoleInfo (RoleInfo.java:updateAndGet(130)) - fc496f33-557f-4ba9-a352-3c0776838466: start fc496f33-557f-4ba9-a352-3c0776838466@group-E114E9338692-LeaderElection18
2021-11-30 10:08:04,923 [4a8c6e6d-65e8-48ee-8359-0610b7f8095e@group-E114E9338692-FollowerState] INFO  impl.FollowerState (FollowerState.java:run(134)) - 4a8c6e6d-65e8-48ee-8359-0610b7f8095e@group-E114E9338692-FollowerState: change to CANDIDATE, lastRpcElapsedTime:5034586215ns, electionTimeout:5025ms
2021-11-30 10:08:04,923 [4a8c6e6d-65e8-48ee-8359-0610b7f8095e@group-E114E9338692-FollowerState] INFO  impl.RoleInfo (RoleInfo.java:shutdownFollowerState(108)) - 4a8c6e6d-65e8-48ee-8359-0610b7f8095e: shutdown 4a8c6e6d-65e8-48ee-8359-0610b7f8095e@group-E114E9338692-FollowerState
2021-11-30 10:08:04,923 [4a8c6e6d-65e8-48ee-8359-0610b7f8095e@group-E114E9338692-FollowerState] INFO  server.RaftServer$Division (RaftServerImpl.java:setRole(290)) - 4a8c6e6d-65e8-48ee-8359-0610b7f8095e@group-E114E9338692: changes role from  FOLLOWER to CANDIDATE at term 2 for changeToCandidate
2021-11-30 10:08:04,923 [4a8c6e6d-65e8-48ee-8359-0610b7f8095e@group-E114E9338692-FollowerState] INFO  server.RaftServerConfigKeys (ConfUtils.java:logGet(44)) - raft.server.leaderelection.pre-vote = false (custom)
2021-11-30 10:08:04,923 [4a8c6e6d-65e8-48ee-8359-0610b7f8095e@group-E114E9338692-FollowerState] INFO  impl.RoleInfo (RoleInfo.java:updateAndGet(130)) - 4a8c6e6d-65e8-48ee-8359-0610b7f8095e: start 4a8c6e6d-65e8-48ee-8359-0610b7f8095e@group-E114E9338692-LeaderElection19
2021-11-30 10:08:04,926 [fc496f33-557f-4ba9-a352-3c0776838466@group-E114E9338692-LeaderElection18] INFO  impl.LeaderElection (LeaderElection.java:askForVotes(306)) - fc496f33-557f-4ba9-a352-3c0776838466@group-E114E9338692-LeaderElection18 ELECTION round 0: submit vote requests at term 3 for -1: [fc496f33-557f-4ba9-a352-3c0776838466|rpc:10.1.0.53:44781|dataStream:|priority:0, 4a8c6e6d-65e8-48ee-8359-0610b7f8095e|rpc:10.1.0.53:46879|dataStream:|priority:1, a369f656-5f1a-419f-8148-dd7161541bf1|rpc:10.1.0.53:34899|dataStream:|priority:0], old=null
2021-11-30 10:08:04,929 [4a8c6e6d-65e8-48ee-8359-0610b7f8095e@group-E114E9338692-LeaderElection19] INFO  impl.LeaderElection (LeaderElection.java:askForVotes(306)) - 4a8c6e6d-65e8-48ee-8359-0610b7f8095e@group-E114E9338692-LeaderElection19 ELECTION round 0: submit vote requests at term 3 for -1: [fc496f33-557f-4ba9-a352-3c0776838466|rpc:10.1.0.53:44781|priority:0, 4a8c6e6d-65e8-48ee-8359-0610b7f8095e|rpc:10.1.0.53:46879|priority:1, a369f656-5f1a-419f-8148-dd7161541bf1|rpc:10.1.0.53:34899|priority:0], old=null
2021-11-30 10:08:04,937 [grpc-default-executor-2] INFO  server.RaftServer$Division (RaftServerImpl.java:requestVote(1046)) - a369f656-5f1a-419f-8148-dd7161541bf1@group-E114E9338692: receive requestVote(ELECTION, fc496f33-557f-4ba9-a352-3c0776838466, group-E114E9338692, 3, (t:0, i:0))
2021-11-30 10:08:04,938 [grpc-default-executor-2] INFO  impl.VoteContext (VoteContext.java:log(48)) - a369f656-5f1a-419f-8148-dd7161541bf1@group-E114E9338692-FOLLOWER: accept ELECTION from fc496f33-557f-4ba9-a352-3c0776838466: our priority 0 <= candidate's priority 0
2021-11-30 10:08:04,938 [grpc-default-executor-2] INFO  server.RaftServer$Division (RaftServerImpl.java:setRole(290)) - a369f656-5f1a-419f-8148-dd7161541bf1@group-E114E9338692: changes role from  FOLLOWER to FOLLOWER at term 3 for candidate:fc496f33-557f-4ba9-a352-3c0776838466
2021-11-30 10:08:04,938 [grpc-default-executor-2] INFO  impl.RoleInfo (RoleInfo.java:shutdownFollowerState(108)) - a369f656-5f1a-419f-8148-dd7161541bf1: shutdown a369f656-5f1a-419f-8148-dd7161541bf1@group-E114E9338692-FollowerState
2021-11-30 10:08:04,938 [grpc-default-executor-2] INFO  impl.RoleInfo (RoleInfo.java:updateAndGet(130)) - a369f656-5f1a-419f-8148-dd7161541bf1: start a369f656-5f1a-419f-8148-dd7161541bf1@group-E114E9338692-FollowerState
2021-11-30 10:08:04,938 [a369f656-5f1a-419f-8148-dd7161541bf1@group-E114E9338692-FollowerState] INFO  impl.FollowerState (FollowerState.java:run(143)) - a369f656-5f1a-419f-8148-dd7161541bf1@group-E114E9338692-FollowerState was interrupted: {}
java.lang.InterruptedException: sleep interrupted
	at java.lang.Thread.sleep(Native Method)
	at java.lang.Thread.sleep(Thread.java:340)
	at java.util.concurrent.TimeUnit.sleep(TimeUnit.java:386)
	at org.apache.ratis.util.TimeDuration.sleep(TimeDuration.java:324)
	at org.apache.ratis.util.TimeDuration.sleep(TimeDuration.java:309)
	at org.apache.ratis.server.impl.FollowerState.run(FollowerState.java:118)
2021-11-30 10:08:04,942 [grpc-default-executor-0] INFO  server.RaftServer$Division (RaftServerImpl.java:requestVote(1046)) - 4a8c6e6d-65e8-48ee-8359-0610b7f8095e@group-E114E9338692: receive requestVote(ELECTION, fc496f33-557f-4ba9-a352-3c0776838466, group-E114E9338692, 3, (t:0, i:0))
2021-11-30 10:08:04,942 [grpc-default-executor-0] INFO  impl.VoteContext (VoteContext.java:log(48)) - 4a8c6e6d-65e8-48ee-8359-0610b7f8095e@group-E114E9338692-CANDIDATE: reject ELECTION from fc496f33-557f-4ba9-a352-3c0776838466: already has voted for 4a8c6e6d-65e8-48ee-8359-0610b7f8095e at current term 3
2021-11-30 10:08:04,942 [grpc-default-executor-0] INFO  server.RaftServer$Division (RaftServerImpl.java:requestVote(1078)) - 4a8c6e6d-65e8-48ee-8359-0610b7f8095e@group-E114E9338692 replies to ELECTION vote request: fc496f33-557f-4ba9-a352-3c0776838466<-4a8c6e6d-65e8-48ee-8359-0610b7f8095e#0:FAIL-t3. Peer's state: 4a8c6e6d-65e8-48ee-8359-0610b7f8095e@group-E114E9338692:t3, leader=null, voted=4a8c6e6d-65e8-48ee-8359-0610b7f8095e, raftlog=4a8c6e6d-65e8-48ee-8359-0610b7f8095e@group-E114E9338692-SegmentedRaftLog:OPENED:c-1, conf=-1: [fc496f33-557f-4ba9-a352-3c0776838466|rpc:10.1.0.53:44781|priority:0, 4a8c6e6d-65e8-48ee-8359-0610b7f8095e|rpc:10.1.0.53:46879|priority:1, a369f656-5f1a-419f-8148-dd7161541bf1|rpc:10.1.0.53:34899|priority:0], old=null
2021-11-30 10:08:04,943 [grpc-default-executor-1] INFO  server.RaftServer$Division (RaftServerImpl.java:requestVote(1046)) - fc496f33-557f-4ba9-a352-3c0776838466@group-E114E9338692: receive requestVote(ELECTION, 4a8c6e6d-65e8-48ee-8359-0610b7f8095e, group-E114E9338692, 3, (t:0, i:0))
2021-11-30 10:08:04,944 [grpc-default-executor-1] INFO  impl.VoteContext (VoteContext.java:log(48)) - fc496f33-557f-4ba9-a352-3c0776838466@group-E114E9338692-CANDIDATE: reject ELECTION from 4a8c6e6d-65e8-48ee-8359-0610b7f8095e: already has voted for fc496f33-557f-4ba9-a352-3c0776838466 at current term 3
2021-11-30 10:08:04,944 [grpc-default-executor-1] INFO  server.RaftServer$Division (RaftServerImpl.java:requestVote(1078)) - fc496f33-557f-4ba9-a352-3c0776838466@group-E114E9338692 replies to ELECTION vote request: 4a8c6e6d-65e8-48ee-8359-0610b7f8095e<-fc496f33-557f-4ba9-a352-3c0776838466#0:FAIL-t3. Peer's state: fc496f33-557f-4ba9-a352-3c0776838466@group-E114E9338692:t3, leader=null, voted=fc496f33-557f-4ba9-a352-3c0776838466, raftlog=fc496f33-557f-4ba9-a352-3c0776838466@group-E114E9338692-SegmentedRaftLog:OPENED:c-1, conf=-1: [fc496f33-557f-4ba9-a352-3c0776838466|rpc:10.1.0.53:44781|dataStream:|priority:0, 4a8c6e6d-65e8-48ee-8359-0610b7f8095e|rpc:10.1.0.53:46879|dataStream:|priority:1, a369f656-5f1a-419f-8148-dd7161541bf1|rpc:10.1.0.53:34899|dataStream:|priority:0], old=null
2021-11-30 10:08:04,947 [grpc-default-executor-2] INFO  server.RaftServer$Division (RaftServerImpl.java:requestVote(1078)) - a369f656-5f1a-419f-8148-dd7161541bf1@group-E114E9338692 replies to ELECTION vote request: fc496f33-557f-4ba9-a352-3c0776838466<-a369f656-5f1a-419f-8148-dd7161541bf1#0:OK-t3. Peer's state: a369f656-5f1a-419f-8148-dd7161541bf1@group-E114E9338692:t3, leader=null, voted=fc496f33-557f-4ba9-a352-3c0776838466, raftlog=a369f656-5f1a-419f-8148-dd7161541bf1@group-E114E9338692-SegmentedRaftLog:OPENED:c-1, conf=-1: [fc496f33-557f-4ba9-a352-3c0776838466|rpc:10.1.0.53:44781|priority:0, 4a8c6e6d-65e8-48ee-8359-0610b7f8095e|rpc:10.1.0.53:46879|priority:1, a369f656-5f1a-419f-8148-dd7161541bf1|rpc:10.1.0.53:34899|priority:0], old=null
2021-11-30 10:08:04,950 [fc496f33-557f-4ba9-a352-3c0776838466@group-E114E9338692-LeaderElection18] INFO  impl.LeaderElection (LeaderElection.java:logAndReturn(89)) - fc496f33-557f-4ba9-a352-3c0776838466@group-E114E9338692-LeaderElection18: ELECTION REJECTED received 1 response(s) and 0 exception(s):
2021-11-30 10:08:04,950 [fc496f33-557f-4ba9-a352-3c0776838466@group-E114E9338692-LeaderElection18] INFO  impl.LeaderElection (LeaderElection.java:logAndReturn(93)) -   Response 0: fc496f33-557f-4ba9-a352-3c0776838466<-4a8c6e6d-65e8-48ee-8359-0610b7f8095e#0:FAIL-t3
2021-11-30 10:08:04,950 [fc496f33-557f-4ba9-a352-3c0776838466@group-E114E9338692-LeaderElection18] INFO  impl.LeaderElection (LeaderElection.java:askForVotes(308)) - fc496f33-557f-4ba9-a352-3c0776838466@group-E114E9338692-LeaderElection18 ELECTION round 0: result REJECTED
2021-11-30 10:08:04,950 [fc496f33-557f-4ba9-a352-3c0776838466@group-E114E9338692-LeaderElection18] INFO  server.RaftServer$Division (RaftServerImpl.java:setRole(290)) - fc496f33-557f-4ba9-a352-3c0776838466@group-E114E9338692: changes role from CANDIDATE to FOLLOWER at term 3 for REJECTED
2021-11-30 10:08:04,950 [fc496f33-557f-4ba9-a352-3c0776838466@group-E114E9338692-LeaderElection18] INFO  impl.RoleInfo (RoleInfo.java:shutdownLeaderElection(121)) - fc496f33-557f-4ba9-a352-3c0776838466: shutdown fc496f33-557f-4ba9-a352-3c0776838466@group-E114E9338692-LeaderElection18
2021-11-30 10:08:04,951 [fc496f33-557f-4ba9-a352-3c0776838466@group-E114E9338692-LeaderElection18] INFO  impl.RoleInfo (RoleInfo.java:updateAndGet(130)) - fc496f33-557f-4ba9-a352-3c0776838466: start fc496f33-557f-4ba9-a352-3c0776838466@group-E114E9338692-FollowerState
2021-11-30 10:08:04,968 [grpc-default-executor-1] INFO  server.RaftServer$Division (RaftServerImpl.java:requestVote(1046)) - a369f656-5f1a-419f-8148-dd7161541bf1@group-E114E9338692: receive requestVote(ELECTION, 4a8c6e6d-65e8-48ee-8359-0610b7f8095e, group-E114E9338692, 3, (t:0, i:0))
2021-11-30 10:08:04,968 [grpc-default-executor-1] INFO  impl.VoteContext (VoteContext.java:log(48)) - a369f656-5f1a-419f-8148-dd7161541bf1@group-E114E9338692-FOLLOWER: reject ELECTION from 4a8c6e6d-65e8-48ee-8359-0610b7f8095e: already has voted for fc496f33-557f-4ba9-a352-3c0776838466 at current term 3
2021-11-30 10:08:04,968 [grpc-default-executor-1] INFO  server.RaftServer$Division (RaftServerImpl.java:requestVote(1078)) - a369f656-5f1a-419f-8148-dd7161541bf1@group-E114E9338692 replies to ELECTION vote request: 4a8c6e6d-65e8-48ee-8359-0610b7f8095e<-a369f656-5f1a-419f-8148-dd7161541bf1#0:FAIL-t3. Peer's state: a369f656-5f1a-419f-8148-dd7161541bf1@group-E114E9338692:t3, leader=null, voted=fc496f33-557f-4ba9-a352-3c0776838466, raftlog=a369f656-5f1a-419f-8148-dd7161541bf1@group-E114E9338692-SegmentedRaftLog:OPENED:c-1, conf=-1: [fc496f33-557f-4ba9-a352-3c0776838466|rpc:10.1.0.53:44781|priority:0, 4a8c6e6d-65e8-48ee-8359-0610b7f8095e|rpc:10.1.0.53:46879|priority:1, a369f656-5f1a-419f-8148-dd7161541bf1|rpc:10.1.0.53:34899|priority:0], old=null
2021-11-30 10:08:04,973 [4a8c6e6d-65e8-48ee-8359-0610b7f8095e@group-E114E9338692-LeaderElection19] INFO  impl.LeaderElection (LeaderElection.java:logAndReturn(89)) - 4a8c6e6d-65e8-48ee-8359-0610b7f8095e@group-E114E9338692-LeaderElection19: ELECTION REJECTED received 2 response(s) and 0 exception(s):
2021-11-30 10:08:04,973 [4a8c6e6d-65e8-48ee-8359-0610b7f8095e@group-E114E9338692-LeaderElection19] INFO  impl.LeaderElection (LeaderElection.java:logAndReturn(93)) -   Response 0: 4a8c6e6d-65e8-48ee-8359-0610b7f8095e<-fc496f33-557f-4ba9-a352-3c0776838466#0:FAIL-t3
2021-11-30 10:08:04,973 [4a8c6e6d-65e8-48ee-8359-0610b7f8095e@group-E114E9338692-LeaderElection19] INFO  impl.LeaderElection (LeaderElection.java:logAndReturn(93)) -   Response 1: 4a8c6e6d-65e8-48ee-8359-0610b7f8095e<-a369f656-5f1a-419f-8148-dd7161541bf1#0:FAIL-t3
2021-11-30 10:08:04,973 [4a8c6e6d-65e8-48ee-8359-0610b7f8095e@group-E114E9338692-LeaderElection19] INFO  impl.LeaderElection (LeaderElection.java:askForVotes(308)) - 4a8c6e6d-65e8-48ee-8359-0610b7f8095e@group-E114E9338692-LeaderElection19 ELECTION round 0: result REJECTED
2021-11-30 10:08:04,973 [4a8c6e6d-65e8-48ee-8359-0610b7f8095e@group-E114E9338692-LeaderElection19] INFO  server.RaftServer$Division (RaftServerImpl.java:setRole(290)) - 4a8c6e6d-65e8-48ee-8359-0610b7f8095e@group-E114E9338692: changes role from CANDIDATE to FOLLOWER at term 3 for REJECTED
2021-11-30 10:08:04,973 [4a8c6e6d-65e8-48ee-8359-0610b7f8095e@group-E114E9338692-LeaderElection19] INFO  impl.RoleInfo (RoleInfo.java:shutdownLeaderElection(121)) - 4a8c6e6d-65e8-48ee-8359-0610b7f8095e: shutdown 4a8c6e6d-65e8-48ee-8359-0610b7f8095e@group-E114E9338692-LeaderElection19
2021-11-30 10:08:04,973 [4a8c6e6d-65e8-48ee-8359-0610b7f8095e@group-E114E9338692-LeaderElection19] INFO  impl.RoleInfo (RoleInfo.java:updateAndGet(130)) - 4a8c6e6d-65e8-48ee-8359-0610b7f8095e: start 4a8c6e6d-65e8-48ee-8359-0610b7f8095e@group-E114E9338692-FollowerState
2021-11-30 10:08:05,273 [f261d845-a31c-4557-bbf6-cf3b66338abe@group-D1C7A318DF2B-FollowerState] INFO  impl.FollowerState (FollowerState.java:run(134)) - f261d845-a31c-4557-bbf6-cf3b66338abe@group-D1C7A318DF2B-FollowerState: change to CANDIDATE, lastRpcElapsedTime:5172754171ns, electionTimeout:5171ms
2021-11-30 10:08:05,275 [f261d845-a31c-4557-bbf6-cf3b66338abe@group-D1C7A318DF2B-FollowerState] INFO  impl.RoleInfo (RoleInfo.java:shutdownFollowerState(108)) - f261d845-a31c-4557-bbf6-cf3b66338abe: shutdown f261d845-a31c-4557-bbf6-cf3b66338abe@group-D1C7A318DF2B-FollowerState
2021-11-30 10:08:05,275 [f261d845-a31c-4557-bbf6-cf3b66338abe@group-D1C7A318DF2B-FollowerState] INFO  server.RaftServer$Division (RaftServerImpl.java:setRole(290)) - f261d845-a31c-4557-bbf6-cf3b66338abe@group-D1C7A318DF2B: changes role from  FOLLOWER to CANDIDATE at term 2 for changeToCandidate
2021-11-30 10:08:05,275 [f261d845-a31c-4557-bbf6-cf3b66338abe@group-D1C7A318DF2B-FollowerState] INFO  server.RaftServerConfigKeys (ConfUtils.java:logGet(44)) - raft.server.leaderelection.pre-vote = false (custom)
2021-11-30 10:08:05,275 [f261d845-a31c-4557-bbf6-cf3b66338abe@group-D1C7A318DF2B-FollowerState] INFO  impl.RoleInfo (RoleInfo.java:updateAndGet(130)) - f261d845-a31c-4557-bbf6-cf3b66338abe: start f261d845-a31c-4557-bbf6-cf3b66338abe@group-D1C7A318DF2B-LeaderElection20
2021-11-30 10:08:05,286 [f261d845-a31c-4557-bbf6-cf3b66338abe@group-D1C7A318DF2B-LeaderElection20] INFO  impl.LeaderElection (LeaderElection.java:askForVotes(306)) - f261d845-a31c-4557-bbf6-cf3b66338abe@group-D1C7A318DF2B-LeaderElection20 ELECTION round 0: submit vote requests at term 3 for -1: [594a5f90-d5fa-4b06-ac33-1af263ebc166|rpc:10.1.0.53:39275|priority:0, f261d845-a31c-4557-bbf6-cf3b66338abe|rpc:10.1.0.53:34515|priority:0, 9100756b-960e-45b3-aeba-6353ed9ea095|rpc:10.1.0.53:41205|priority:1], old=null
2021-11-30 10:08:05,293 [grpc-default-executor-1] INFO  server.RaftServer$Division (RaftServerImpl.java:requestVote(1046)) - 594a5f90-d5fa-4b06-ac33-1af263ebc166@group-D1C7A318DF2B: receive requestVote(ELECTION, f261d845-a31c-4557-bbf6-cf3b66338abe, group-D1C7A318DF2B, 3, (t:0, i:0))
2021-11-30 10:08:05,293 [grpc-default-executor-1] INFO  impl.VoteContext (VoteContext.java:log(48)) - 594a5f90-d5fa-4b06-ac33-1af263ebc166@group-D1C7A318DF2B-FOLLOWER: accept ELECTION from f261d845-a31c-4557-bbf6-cf3b66338abe: our priority 0 <= candidate's priority 0
2021-11-30 10:08:05,293 [grpc-default-executor-1] INFO  server.RaftServer$Division (RaftServerImpl.java:setRole(290)) - 594a5f90-d5fa-4b06-ac33-1af263ebc166@group-D1C7A318DF2B: changes role from  FOLLOWER to FOLLOWER at term 3 for candidate:f261d845-a31c-4557-bbf6-cf3b66338abe
2021-11-30 10:08:05,293 [grpc-default-executor-1] INFO  impl.RoleInfo (RoleInfo.java:shutdownFollowerState(108)) - 594a5f90-d5fa-4b06-ac33-1af263ebc166: shutdown 594a5f90-d5fa-4b06-ac33-1af263ebc166@group-D1C7A318DF2B-FollowerState
2021-11-30 10:08:05,293 [grpc-default-executor-1] INFO  impl.RoleInfo (RoleInfo.java:updateAndGet(130)) - 594a5f90-d5fa-4b06-ac33-1af263ebc166: start 594a5f90-d5fa-4b06-ac33-1af263ebc166@group-D1C7A318DF2B-FollowerState
2021-11-30 10:08:05,293 [594a5f90-d5fa-4b06-ac33-1af263ebc166@group-D1C7A318DF2B-FollowerState] INFO  impl.FollowerState (FollowerState.java:run(143)) - 594a5f90-d5fa-4b06-ac33-1af263ebc166@group-D1C7A318DF2B-FollowerState was interrupted: {}
java.lang.InterruptedException: sleep interrupted
	at java.lang.Thread.sleep(Native Method)
	at java.lang.Thread.sleep(Thread.java:340)
	at java.util.concurrent.TimeUnit.sleep(TimeUnit.java:386)
	at org.apache.ratis.util.TimeDuration.sleep(TimeDuration.java:324)
	at org.apache.ratis.util.TimeDuration.sleep(TimeDuration.java:309)
	at org.apache.ratis.server.impl.FollowerState.run(FollowerState.java:118)
2021-11-30 10:08:05,295 [grpc-default-executor-1] INFO  server.RaftServer$Division (RaftServerImpl.java:requestVote(1078)) - 594a5f90-d5fa-4b06-ac33-1af263ebc166@group-D1C7A318DF2B replies to ELECTION vote request: f261d845-a31c-4557-bbf6-cf3b66338abe<-594a5f90-d5fa-4b06-ac33-1af263ebc166#0:OK-t3. Peer's state: 594a5f90-d5fa-4b06-ac33-1af263ebc166@group-D1C7A318DF2B:t3, leader=null, voted=f261d845-a31c-4557-bbf6-cf3b66338abe, raftlog=594a5f90-d5fa-4b06-ac33-1af263ebc166@group-D1C7A318DF2B-SegmentedRaftLog:OPENED:c-1, conf=-1: [594a5f90-d5fa-4b06-ac33-1af263ebc166|rpc:10.1.0.53:39275|dataStream:|priority:0, f261d845-a31c-4557-bbf6-cf3b66338abe|rpc:10.1.0.53:34515|dataStream:|priority:0, 9100756b-960e-45b3-aeba-6353ed9ea095|rpc:10.1.0.53:41205|dataStream:|priority:1], old=null
2021-11-30 10:08:05,300 [f261d845-a31c-4557-bbf6-cf3b66338abe@group-D1C7A318DF2B-LeaderElection20] INFO  impl.LeaderElection (LogUtils.java:infoOrTrace(137)) - f261d845-a31c-4557-bbf6-cf3b66338abe@group-D1C7A318DF2B-LeaderElection20 got exception when requesting votes: java.util.concurrent.ExecutionException: org.apache.ratis.thirdparty.io.grpc.StatusRuntimeException: UNAVAILABLE: io exception
2021-11-30 10:08:05,300 [f261d845-a31c-4557-bbf6-cf3b66338abe@group-D1C7A318DF2B-LeaderElection20] INFO  impl.LeaderElection (LeaderElection.java:logAndReturn(89)) - f261d845-a31c-4557-bbf6-cf3b66338abe@group-D1C7A318DF2B-LeaderElection20: ELECTION PASSED received 1 response(s) and 1 exception(s):
2021-11-30 10:08:05,300 [f261d845-a31c-4557-bbf6-cf3b66338abe@group-D1C7A318DF2B-LeaderElection20] INFO  impl.LeaderElection (LeaderElection.java:logAndReturn(93)) -   Response 0: f261d845-a31c-4557-bbf6-cf3b66338abe<-594a5f90-d5fa-4b06-ac33-1af263ebc166#0:OK-t3
2021-11-30 10:08:05,301 [f261d845-a31c-4557-bbf6-cf3b66338abe@group-D1C7A318DF2B-LeaderElection20] INFO  impl.LeaderElection (LogUtils.java:infoOrTrace(137)) -   Exception 1: java.util.concurrent.ExecutionException: org.apache.ratis.thirdparty.io.grpc.StatusRuntimeException: UNAVAILABLE: io exception
2021-11-30 10:08:05,301 [f261d845-a31c-4557-bbf6-cf3b66338abe@group-D1C7A318DF2B-LeaderElection20] INFO  impl.LeaderElection (LeaderElection.java:askForVotes(308)) - f261d845-a31c-4557-bbf6-cf3b66338abe@group-D1C7A318DF2B-LeaderElection20 ELECTION round 0: result PASSED
2021-11-30 10:08:05,301 [f261d845-a31c-4557-bbf6-cf3b66338abe@group-D1C7A318DF2B-LeaderElection20] INFO  impl.RoleInfo (RoleInfo.java:shutdownLeaderElection(121)) - f261d845-a31c-4557-bbf6-cf3b66338abe: shutdown f261d845-a31c-4557-bbf6-cf3b66338abe@group-D1C7A318DF2B-LeaderElection20
2021-11-30 10:08:05,301 [f261d845-a31c-4557-bbf6-cf3b66338abe@group-D1C7A318DF2B-LeaderElection20] INFO  server.RaftServer$Division (RaftServerImpl.java:setRole(290)) - f261d845-a31c-4557-bbf6-cf3b66338abe@group-D1C7A318DF2B: changes role from CANDIDATE to LEADER at term 3 for changeToLeader
2021-11-30 10:08:05,301 [f261d845-a31c-4557-bbf6-cf3b66338abe@group-D1C7A318DF2B-LeaderElection20] INFO  ratis.XceiverServerRatis (XceiverServerRatis.java:handleLeaderChangedNotification(866)) - Leader change notification received for group: group-D1C7A318DF2B with new leaderId: f261d845-a31c-4557-bbf6-cf3b66338abe
2021-11-30 10:08:05,301 [f261d845-a31c-4557-bbf6-cf3b66338abe@group-D1C7A318DF2B-LeaderElection20] INFO  server.RaftServer$Division (ServerState.java:setLeader(285)) - f261d845-a31c-4557-bbf6-cf3b66338abe@group-D1C7A318DF2B: change Leader from null to f261d845-a31c-4557-bbf6-cf3b66338abe at term 3 for becomeLeader, leader elected after 15454ms
2021-11-30 10:08:05,301 [f261d845-a31c-4557-bbf6-cf3b66338abe@group-D1C7A318DF2B-LeaderElection20] INFO  server.RaftServerConfigKeys (ConfUtils.java:logGet(44)) - raft.server.staging.catchup.gap = 1000 (default)
2021-11-30 10:08:05,301 [f261d845-a31c-4557-bbf6-cf3b66338abe@group-D1C7A318DF2B-LeaderElection20] INFO  server.RaftServerConfigKeys (ConfUtils.java:logGet(44)) - raft.server.write.element-limit = 1024 (custom)
2021-11-30 10:08:05,301 [f261d845-a31c-4557-bbf6-cf3b66338abe@group-D1C7A318DF2B-LeaderElection20] INFO  server.RaftServerConfigKeys (ConfUtils.java:logGet(44)) - raft.server.write.byte-limit = 1024 M (=1073741824) (custom)
2021-11-30 10:08:05,302 [f261d845-a31c-4557-bbf6-cf3b66338abe@group-D1C7A318DF2B-LeaderElection20] INFO  server.RaftServerConfigKeys (ConfUtils.java:logGet(44)) - raft.server.watch.timeout = 3000ms (custom)
2021-11-30 10:08:05,302 [f261d845-a31c-4557-bbf6-cf3b66338abe@group-D1C7A318DF2B-LeaderElection20] INFO  server.RaftServerConfigKeys (ConfUtils.java:logGet(44)) - raft.server.watch.timeout.denomination = 1s (default)
2021-11-30 10:08:05,302 [f261d845-a31c-4557-bbf6-cf3b66338abe@group-D1C7A318DF2B-LeaderElection20] INFO  server.RaftServerConfigKeys (ConfUtils.java:logGet(44)) - raft.server.watch.element-limit = 65536 (default)
2021-11-30 10:08:05,302 [f261d845-a31c-4557-bbf6-cf3b66338abe@group-D1C7A318DF2B-LeaderElection20] INFO  server.RaftServerConfigKeys (ConfUtils.java:logGet(44)) - raft.server.write.element-limit = 1024 (custom)
2021-11-30 10:08:05,302 [f261d845-a31c-4557-bbf6-cf3b66338abe@group-D1C7A318DF2B-LeaderElection20] INFO  server.RaftServerConfigKeys (ConfUtils.java:logGet(44)) - raft.server.write.follower.gap.ratio.max = -1.0 (default)
2021-11-30 10:08:05,302 [f261d845-a31c-4557-bbf6-cf3b66338abe@group-D1C7A318DF2B-LeaderElection20] INFO  server.RaftServerConfigKeys (ConfUtils.java:logGet(44)) - raft.server.log.appender.snapshot.chunk.size.max = 16MB (=16777216) (default)
2021-11-30 10:08:05,302 [f261d845-a31c-4557-bbf6-cf3b66338abe@group-D1C7A318DF2B-LeaderElection20] INFO  server.RaftServerConfigKeys (ConfUtils.java:logGet(44)) - raft.server.log.appender.buffer.byte-limit = 33554432 (custom)
2021-11-30 10:08:05,302 [f261d845-a31c-4557-bbf6-cf3b66338abe@group-D1C7A318DF2B-LeaderElection20] INFO  server.RaftServerConfigKeys (ConfUtils.java:logGet(44)) - raft.server.log.appender.buffer.element-limit = 1 (custom)
2021-11-30 10:08:05,302 [f261d845-a31c-4557-bbf6-cf3b66338abe@group-D1C7A318DF2B-LeaderElection20] INFO  grpc.GrpcConfigKeys (ConfUtils.java:logGet(44)) - raft.grpc.server.leader.outstanding.appends.max = 128 (default)
2021-11-30 10:08:05,303 [f261d845-a31c-4557-bbf6-cf3b66338abe@group-D1C7A318DF2B-LeaderElection20] INFO  server.RaftServerConfigKeys (ConfUtils.java:logGet(44)) - raft.server.rpc.request.timeout = 3000ms (default)
2021-11-30 10:08:05,303 [f261d845-a31c-4557-bbf6-cf3b66338abe@group-D1C7A318DF2B-LeaderElection20] INFO  server.RaftServerConfigKeys (ConfUtils.java:logGet(44)) - raft.server.log.appender.install.snapshot.enabled = false (custom)
2021-11-30 10:08:05,306 [f261d845-a31c-4557-bbf6-cf3b66338abe@group-D1C7A318DF2B-LeaderElection20] INFO  server.RaftServerConfigKeys (ConfUtils.java:logGet(44)) - raft.server.log.appender.snapshot.chunk.size.max = 16MB (=16777216) (default)
2021-11-30 10:08:05,306 [f261d845-a31c-4557-bbf6-cf3b66338abe@group-D1C7A318DF2B-LeaderElection20] INFO  server.RaftServerConfigKeys (ConfUtils.java:logGet(44)) - raft.server.log.appender.buffer.byte-limit = 33554432 (custom)
2021-11-30 10:08:05,307 [f261d845-a31c-4557-bbf6-cf3b66338abe@group-D1C7A318DF2B-LeaderElection20] INFO  server.RaftServerConfigKeys (ConfUtils.java:logGet(44)) - raft.server.log.appender.buffer.element-limit = 1 (custom)
2021-11-30 10:08:05,307 [f261d845-a31c-4557-bbf6-cf3b66338abe@group-D1C7A318DF2B-LeaderElection20] INFO  grpc.GrpcConfigKeys (ConfUtils.java:logGet(44)) - raft.grpc.server.leader.outstanding.appends.max = 128 (default)
2021-11-30 10:08:05,307 [f261d845-a31c-4557-bbf6-cf3b66338abe@group-D1C7A318DF2B-LeaderElection20] INFO  server.RaftServerConfigKeys (ConfUtils.java:logGet(44)) - raft.server.rpc.request.timeout = 3000ms (default)
2021-11-30 10:08:05,307 [f261d845-a31c-4557-bbf6-cf3b66338abe@group-D1C7A318DF2B-LeaderElection20] INFO  server.RaftServerConfigKeys (ConfUtils.java:logGet(44)) - raft.server.log.appender.install.snapshot.enabled = false (custom)
2021-11-30 10:08:05,311 [f261d845-a31c-4557-bbf6-cf3b66338abe@group-D1C7A318DF2B-LeaderElection20] INFO  impl.RoleInfo (RoleInfo.java:updateAndGet(130)) - f261d845-a31c-4557-bbf6-cf3b66338abe: start f261d845-a31c-4557-bbf6-cf3b66338abe@group-D1C7A318DF2B-LeaderStateImpl
2021-11-30 10:08:05,312 [f261d845-a31c-4557-bbf6-cf3b66338abe@group-D1C7A318DF2B-LeaderElection20] INFO  segmented.SegmentedRaftLogWorker (SegmentedRaftLogWorker.java:startLogSegment(394)) - f261d845-a31c-4557-bbf6-cf3b66338abe@group-D1C7A318DF2B-SegmentedRaftLogWorker: Starting segment from index:0
2021-11-30 10:08:05,313 [f261d845-a31c-4557-bbf6-cf3b66338abe@group-D1C7A318DF2B-SegmentedRaftLogWorker] INFO  segmented.SegmentedRaftLogWorker (SegmentedRaftLogWorker.java:execute(601)) - f261d845-a31c-4557-bbf6-cf3b66338abe@group-D1C7A318DF2B-SegmentedRaftLogWorker: created new log segment /home/runner/work/ozone/ozone/hadoop-ozone/integration-test/target/test-dir/MiniOzoneClusterImpl-0e29ee7e-a070-46b0-aa8f-4a21e578e9b3/datanode-3/data/ratis/8c4c6b63-eaa5-43cf-a829-d1c7a318df2b/current/log_inprogress_0
2021-11-30 10:08:05,323 [grpc-default-executor-1] WARN  server.GrpcLogAppender (LogUtils.java:warn(122)) - f261d845-a31c-4557-bbf6-cf3b66338abe@group-D1C7A318DF2B->9100756b-960e-45b3-aeba-6353ed9ea095-AppendLogResponseHandler: Failed appendEntries: org.apache.ratis.thirdparty.io.grpc.StatusRuntimeException: UNAVAILABLE: io exception
2021-11-30 10:08:05,324 [grpc-default-executor-1] WARN  server.GrpcLogAppender (GrpcLogAppender.java:resetClient(110)) - f261d845-a31c-4557-bbf6-cf3b66338abe@group-D1C7A318DF2B->9100756b-960e-45b3-aeba-6353ed9ea095-GrpcLogAppender: Leader has not got in touch with Follower f261d845-a31c-4557-bbf6-cf3b66338abe@group-D1C7A318DF2B->9100756b-960e-45b3-aeba-6353ed9ea095(c-1,m0,n0, attendVote=true, lastRpcSendTime=5221, lastRpcResponseTime=5221) yet, just keep nextIndex unchanged and retry.
2021-11-30 10:08:05,327 [grpc-default-executor-1] WARN  server.GrpcLogAppender (LogUtils.java:warn(122)) - f261d845-a31c-4557-bbf6-cf3b66338abe@group-D1C7A318DF2B->9100756b-960e-45b3-aeba-6353ed9ea095-AppendLogResponseHandler: Failed appendEntries: org.apache.ratis.thirdparty.io.grpc.StatusRuntimeException: UNAVAILABLE: io exception
2021-11-30 10:08:05,328 [grpc-default-executor-1] WARN  server.GrpcLogAppender (GrpcLogAppender.java:resetClient(110)) - f261d845-a31c-4557-bbf6-cf3b66338abe@group-D1C7A318DF2B->9100756b-960e-45b3-aeba-6353ed9ea095-GrpcLogAppender: Leader has not got in touch with Follower f261d845-a31c-4557-bbf6-cf3b66338abe@group-D1C7A318DF2B->9100756b-960e-45b3-aeba-6353ed9ea095(c-1,m0,n1, attendVote=true, lastRpcSendTime=2, lastRpcResponseTime=5225) yet, just keep nextIndex unchanged and retry.
2021-11-30 10:08:05,337 [f261d845-a31c-4557-bbf6-cf3b66338abe@group-D1C7A318DF2B-LeaderElection20] INFO  server.RaftServer$Division (ServerState.java:setRaftConf(387)) - f261d845-a31c-4557-bbf6-cf3b66338abe@group-D1C7A318DF2B: set configuration 0: [594a5f90-d5fa-4b06-ac33-1af263ebc166|rpc:10.1.0.53:39275|dataStream:|priority:0, f261d845-a31c-4557-bbf6-cf3b66338abe|rpc:10.1.0.53:34515|dataStream:|priority:0, 9100756b-960e-45b3-aeba-6353ed9ea095|rpc:10.1.0.53:41205|dataStream:|priority:1], old=null
2021-11-30 10:08:05,340 [grpc-default-executor-1] INFO  ratis.XceiverServerRatis (XceiverServerRatis.java:handleLeaderChangedNotification(866)) - Leader change notification received for group: group-D1C7A318DF2B with new leaderId: f261d845-a31c-4557-bbf6-cf3b66338abe
2021-11-30 10:08:05,341 [grpc-default-executor-1] INFO  server.RaftServer$Division (ServerState.java:setLeader(285)) - 594a5f90-d5fa-4b06-ac33-1af263ebc166@group-D1C7A318DF2B: change Leader from null to f261d845-a31c-4557-bbf6-cf3b66338abe at term 3 for appendEntries, leader elected after 15333ms
2021-11-30 10:08:05,342 [grpc-default-executor-1] INFO  server.RaftServer$Division (ServerState.java:setRaftConf(387)) - 594a5f90-d5fa-4b06-ac33-1af263ebc166@group-D1C7A318DF2B: set configuration 0: [594a5f90-d5fa-4b06-ac33-1af263ebc166|rpc:10.1.0.53:39275|dataStream:|priority:0, f261d845-a31c-4557-bbf6-cf3b66338abe|rpc:10.1.0.53:34515|dataStream:|priority:0, 9100756b-960e-45b3-aeba-6353ed9ea095|rpc:10.1.0.53:41205|dataStream:|priority:1], old=null
2021-11-30 10:08:05,343 [grpc-default-executor-1] INFO  segmented.SegmentedRaftLogWorker (SegmentedRaftLogWorker.java:startLogSegment(394)) - 594a5f90-d5fa-4b06-ac33-1af263ebc166@group-D1C7A318DF2B-SegmentedRaftLogWorker: Starting segment from index:0
2021-11-30 10:08:05,347 [594a5f90-d5fa-4b06-ac33-1af263ebc166@group-D1C7A318DF2B-SegmentedRaftLogWorker] INFO  segmented.SegmentedRaftLogWorker (SegmentedRaftLogWorker.java:execute(601)) - 594a5f90-d5fa-4b06-ac33-1af263ebc166@group-D1C7A318DF2B-SegmentedRaftLogWorker: created new log segment /home/runner/work/ozone/ozone/hadoop-ozone/integration-test/target/test-dir/MiniOzoneClusterImpl-0e29ee7e-a070-46b0-aa8f-4a21e578e9b3/datanode-4/data/ratis/8c4c6b63-eaa5-43cf-a829-d1c7a318df2b/current/log_inprogress_0
2021-11-30 10:08:06,392 [EventQueue-StaleNodeForStaleNodeHandler] INFO  node.StaleNodeHandler (StaleNodeHandler.java:onMessage(58)) - Datanode 9100756b-960e-45b3-aeba-6353ed9ea095{ip: 10.1.0.53, host: fv-az297-56.nmf1rxwemy4u5di1sxxf4ejcwb.jx.internal.cloudapp.net, ports: [REPLICATION=38163, RATIS=41205, RATIS_ADMIN=41205, RATIS_SERVER=41205, STANDALONE=34613], networkLocation: /default-rack, certSerialId: null, persistedOpState: IN_SERVICE, persistedOpStateExpiryEpochSec: 0} moved to stale state. Finalizing its pipelines [PipelineID=8c4c6b63-eaa5-43cf-a829-d1c7a318df2b, PipelineID=a30b9f78-d6c2-4975-b652-d8cadbbb701c, PipelineID=1053b465-f2e9-4599-823d-d3eed943ad18]
2021-11-30 10:08:06,393 [EventQueue-StaleNodeForStaleNodeHandler] INFO  pipeline.PipelineManagerImpl (PipelineManagerImpl.java:closePipeline(349)) - Pipeline Pipeline[ Id: 8c4c6b63-eaa5-43cf-a829-d1c7a318df2b, Nodes: f261d845-a31c-4557-bbf6-cf3b66338abe{ip: 10.1.0.53, host: fv-az297-56.nmf1rxwemy4u5di1sxxf4ejcwb.jx.internal.cloudapp.net, ports: [REPLICATION=42837, RATIS=34515, RATIS_ADMIN=34515, RATIS_SERVER=34515, STANDALONE=35037], networkLocation: /default-rack, certSerialId: null, persistedOpState: IN_SERVICE, persistedOpStateExpiryEpochSec: 0}9100756b-960e-45b3-aeba-6353ed9ea095{ip: 10.1.0.53, host: fv-az297-56.nmf1rxwemy4u5di1sxxf4ejcwb.jx.internal.cloudapp.net, ports: [REPLICATION=38163, RATIS=41205, RATIS_ADMIN=41205, RATIS_SERVER=41205, STANDALONE=34613], networkLocation: /default-rack, certSerialId: null, persistedOpState: IN_SERVICE, persistedOpStateExpiryEpochSec: 0}594a5f90-d5fa-4b06-ac33-1af263ebc166{ip: 10.1.0.53, host: fv-az297-56.nmf1rxwemy4u5di1sxxf4ejcwb.jx.internal.cloudapp.net, ports: [REPLICATION=39225, RATIS=39275, RATIS_ADMIN=39275, RATIS_SERVER=39275, STANDALONE=45399], networkLocation: /default-rack, certSerialId: null, persistedOpState: IN_SERVICE, persistedOpStateExpiryEpochSec: 0}, ReplicationConfig: RATIS/THREE, State:ALLOCATED, leaderId:, CreationTimestamp2021-11-30T10:07:47.194Z[Etc/UTC]] moved to CLOSED state
2021-11-30 10:08:06,396 [EventQueue-StaleNodeForStaleNodeHandler] INFO  pipeline.PipelineManagerImpl (PipelineManagerImpl.java:closePipeline(349)) - Pipeline Pipeline[ Id: a30b9f78-d6c2-4975-b652-d8cadbbb701c, Nodes: 9100756b-960e-45b3-aeba-6353ed9ea095{ip: 10.1.0.53, host: fv-az297-56.nmf1rxwemy4u5di1sxxf4ejcwb.jx.internal.cloudapp.net, ports: [REPLICATION=38163, RATIS=41205, RATIS_ADMIN=41205, RATIS_SERVER=41205, STANDALONE=34613], networkLocation: /default-rack, certSerialId: null, persistedOpState: IN_SERVICE, persistedOpStateExpiryEpochSec: 0}, ReplicationConfig: RATIS/ONE, State:OPEN, leaderId:9100756b-960e-45b3-aeba-6353ed9ea095, CreationTimestamp2021-11-30T10:07:47.193Z[Etc/UTC]] moved to CLOSED state
2021-11-30 10:08:06,396 [EventQueue-StaleNodeForStaleNodeHandler] INFO  pipeline.PipelineManagerImpl (PipelineManagerImpl.java:closePipeline(349)) - Pipeline Pipeline[ Id: 1053b465-f2e9-4599-823d-d3eed943ad18, Nodes: 9100756b-960e-45b3-aeba-6353ed9ea095{ip: 10.1.0.53, host: fv-az297-56.nmf1rxwemy4u5di1sxxf4ejcwb.jx.internal.cloudapp.net, ports: [REPLICATION=38163, RATIS=41205, RATIS_ADMIN=41205, RATIS_SERVER=41205, STANDALONE=34613], networkLocation: /default-rack, certSerialId: null, persistedOpState: IN_SERVICE, persistedOpStateExpiryEpochSec: 0}f261d845-a31c-4557-bbf6-cf3b66338abe{ip: 10.1.0.53, host: fv-az297-56.nmf1rxwemy4u5di1sxxf4ejcwb.jx.internal.cloudapp.net, ports: [REPLICATION=42837, RATIS=34515, RATIS_ADMIN=34515, RATIS_SERVER=34515, STANDALONE=35037], networkLocation: /default-rack, certSerialId: null, persistedOpState: IN_SERVICE, persistedOpStateExpiryEpochSec: 0}594a5f90-d5fa-4b06-ac33-1af263ebc166{ip: 10.1.0.53, host: fv-az297-56.nmf1rxwemy4u5di1sxxf4ejcwb.jx.internal.cloudapp.net, ports: [REPLICATION=39225, RATIS=39275, RATIS_ADMIN=39275, RATIS_SERVER=39275, STANDALONE=45399], networkLocation: /default-rack, certSerialId: null, persistedOpState: IN_SERVICE, persistedOpStateExpiryEpochSec: 0}, ReplicationConfig: RATIS/THREE, State:OPEN, leaderId:594a5f90-d5fa-4b06-ac33-1af263ebc166, CreationTimestamp2021-11-30T10:07:47.198Z[Etc/UTC]] moved to CLOSED state
2021-11-30 10:08:06,406 [EventQueue-CloseContainerForCloseContainerEventHandler] INFO  container.CloseContainerEventHandler (CloseContainerEventHandler.java:onMessage(69)) - Close container Event triggered for container : #1
2021-11-30 10:08:06,679 [grpc-default-executor-1] WARN  server.GrpcLogAppender (LogUtils.java:warn(122)) - 594a5f90-d5fa-4b06-ac33-1af263ebc166@group-D3EED943AD18->9100756b-960e-45b3-aeba-6353ed9ea095-AppendLogResponseHandler: Failed appendEntries: org.apache.ratis.thirdparty.io.grpc.StatusRuntimeException: UNAVAILABLE: io exception
2021-11-30 10:08:06,680 [grpc-default-executor-1] INFO  leader.FollowerInfo (FollowerInfoImpl.java:lambda$new$0(47)) - 594a5f90-d5fa-4b06-ac33-1af263ebc166@group-D3EED943AD18->9100756b-960e-45b3-aeba-6353ed9ea095: nextIndex: updateUnconditionally 17 -> 16
2021-11-30 10:08:07,829 [grpc-default-executor-1] WARN  server.GrpcLogAppender (LogUtils.java:warn(122)) - f261d845-a31c-4557-bbf6-cf3b66338abe@group-D1C7A318DF2B->9100756b-960e-45b3-aeba-6353ed9ea095-AppendLogResponseHandler: Failed appendEntries: org.apache.ratis.thirdparty.io.grpc.StatusRuntimeException: UNAVAILABLE: io exception
2021-11-30 10:08:07,830 [grpc-default-executor-1] WARN  server.GrpcLogAppender (GrpcLogAppender.java:resetClient(110)) - f261d845-a31c-4557-bbf6-cf3b66338abe@group-D1C7A318DF2B->9100756b-960e-45b3-aeba-6353ed9ea095-GrpcLogAppender: Leader has not got in touch with Follower f261d845-a31c-4557-bbf6-cf3b66338abe@group-D1C7A318DF2B->9100756b-960e-45b3-aeba-6353ed9ea095(c-1,m0,n1, attendVote=true, lastRpcSendTime=2501, lastRpcResponseTime=7728) yet, just keep nextIndex unchanged and retry.
2021-11-30 10:08:08,377 [grpc-default-executor-1] WARN  server.GrpcLogAppender (LogUtils.java:warn(122)) - 594a5f90-d5fa-4b06-ac33-1af263ebc166@group-D3EED943AD18->9100756b-960e-45b3-aeba-6353ed9ea095-AppendLogResponseHandler: Failed appendEntries: org.apache.ratis.thirdparty.io.grpc.StatusRuntimeException: UNAVAILABLE: io exception
2021-11-30 10:08:08,378 [grpc-default-executor-1] INFO  leader.FollowerInfo (FollowerInfoImpl.java:lambda$new$0(47)) - 594a5f90-d5fa-4b06-ac33-1af263ebc166@group-D3EED943AD18->9100756b-960e-45b3-aeba-6353ed9ea095: nextIndex: updateUnconditionally 17 -> 16
2021-11-30 10:08:08,401 [pool-191-thread-9] INFO  keyvalue.KeyValueContainer (KeyValueContainer.java:flushAndSyncDB(397)) - Container 1 is synced with bcsId 14.
2021-11-30 10:08:08,401 [pool-191-thread-9] INFO  keyvalue.KeyValueContainer (KeyValueContainer.java:flushAndSyncDB(397)) - Container 1 is synced with bcsId 14.
2021-11-30 10:08:08,404 [pool-191-thread-9] INFO  keyvalue.KeyValueContainer (KeyValueContainer.java:close(334)) - Container 1 is closed with bcsId 14.
2021-11-30 10:08:08,414 [grpc-default-executor-2] WARN  server.GrpcLogAppender (LogUtils.java:warn(122)) - 594a5f90-d5fa-4b06-ac33-1af263ebc166@group-D3EED943AD18->9100756b-960e-45b3-aeba-6353ed9ea095-AppendLogResponseHandler: Failed appendEntries: org.apache.ratis.thirdparty.io.grpc.StatusRuntimeException: UNAVAILABLE: io exception
2021-11-30 10:08:08,415 [grpc-default-executor-2] INFO  leader.FollowerInfo (FollowerInfoImpl.java:lambda$new$0(47)) - 594a5f90-d5fa-4b06-ac33-1af263ebc166@group-D3EED943AD18->9100756b-960e-45b3-aeba-6353ed9ea095: nextIndex: updateUnconditionally 17 -> 16
2021-11-30 10:08:08,417 [EventQueue-IncrementalContainerReportForIncrementalContainerReportHandler] INFO  container.IncrementalContainerReportHandler (AbstractContainerReportHandler.java:updateContainerState(223)) - Moving container #1 to CLOSED state, datanode 594a5f90-d5fa-4b06-ac33-1af263ebc166{ip: 10.1.0.53, host: fv-az297-56.nmf1rxwemy4u5di1sxxf4ejcwb.jx.internal.cloudapp.net, ports: [REPLICATION=39225, RATIS=39275, RATIS_ADMIN=39275, RATIS_SERVER=39275, STANDALONE=45399], networkLocation: /default-rack, certSerialId: null, persistedOpState: IN_SERVICE, persistedOpStateExpiryEpochSec: 0} reported CLOSED replica.
2021-11-30 10:08:08,421 [grpc-default-executor-1] WARN  server.GrpcLogAppender (LogUtils.java:warn(122)) - 594a5f90-d5fa-4b06-ac33-1af263ebc166@group-D3EED943AD18->9100756b-960e-45b3-aeba-6353ed9ea095-AppendLogResponseHandler: Failed appendEntries: org.apache.ratis.thirdparty.io.grpc.StatusRuntimeException: UNAVAILABLE: io exception
2021-11-30 10:08:08,421 [grpc-default-executor-1] INFO  leader.FollowerInfo (FollowerInfoImpl.java:lambda$new$0(47)) - 594a5f90-d5fa-4b06-ac33-1af263ebc166@group-D3EED943AD18->9100756b-960e-45b3-aeba-6353ed9ea095: nextIndex: updateUnconditionally 17 -> 16
2021-11-30 10:08:08,422 [grpc-default-executor-1] WARN  server.GrpcLogAppender (LogUtils.java:warn(122)) - 594a5f90-d5fa-4b06-ac33-1af263ebc166@group-D3EED943AD18->9100756b-960e-45b3-aeba-6353ed9ea095-AppendLogResponseHandler: Failed appendEntries: org.apache.ratis.thirdparty.io.grpc.StatusRuntimeException: UNAVAILABLE: io exception
2021-11-30 10:08:08,423 [grpc-default-executor-1] INFO  leader.FollowerInfo (FollowerInfoImpl.java:lambda$new$0(47)) - 594a5f90-d5fa-4b06-ac33-1af263ebc166@group-D3EED943AD18->9100756b-960e-45b3-aeba-6353ed9ea095: nextIndex: updateUnconditionally 17 -> 16
2021-11-30 10:08:08,436 [pool-192-thread-9] INFO  keyvalue.KeyValueContainer (KeyValueContainer.java:flushAndSyncDB(397)) - Container 1 is synced with bcsId 14.
2021-11-30 10:08:08,438 [pool-192-thread-9] INFO  keyvalue.KeyValueContainer (KeyValueContainer.java:flushAndSyncDB(397)) - Container 1 is synced with bcsId 14.
2021-11-30 10:08:08,440 [pool-192-thread-9] INFO  keyvalue.KeyValueContainer (KeyValueContainer.java:close(334)) - Container 1 is closed with bcsId 14.
2021-11-30 10:08:09,508 [4a8c6e6d-65e8-48ee-8359-0610b7f8095e@group-D183E921640B-FollowerState] INFO  impl.FollowerState (FollowerState.java:run(134)) - 4a8c6e6d-65e8-48ee-8359-0610b7f8095e@group-D183E921640B-FollowerState: change to CANDIDATE, lastRpcElapsedTime:5048415469ns, electionTimeout:5042ms
2021-11-30 10:08:09,509 [4a8c6e6d-65e8-48ee-8359-0610b7f8095e@group-D183E921640B-FollowerState] INFO  impl.RoleInfo (RoleInfo.java:shutdownFollowerState(108)) - 4a8c6e6d-65e8-48ee-8359-0610b7f8095e: shutdown 4a8c6e6d-65e8-48ee-8359-0610b7f8095e@group-D183E921640B-FollowerState
2021-11-30 10:08:09,509 [4a8c6e6d-65e8-48ee-8359-0610b7f8095e@group-D183E921640B-FollowerState] INFO  server.RaftServer$Division (RaftServerImpl.java:setRole(290)) - 4a8c6e6d-65e8-48ee-8359-0610b7f8095e@group-D183E921640B: changes role from  FOLLOWER to CANDIDATE at term 3 for changeToCandidate
2021-11-30 10:08:09,509 [4a8c6e6d-65e8-48ee-8359-0610b7f8095e@group-D183E921640B-FollowerState] INFO  server.RaftServerConfigKeys (ConfUtils.java:logGet(44)) - raft.server.leaderelection.pre-vote = false (custom)
2021-11-30 10:08:09,509 [4a8c6e6d-65e8-48ee-8359-0610b7f8095e@group-D183E921640B-FollowerState] INFO  impl.RoleInfo (RoleInfo.java:updateAndGet(130)) - 4a8c6e6d-65e8-48ee-8359-0610b7f8095e: start 4a8c6e6d-65e8-48ee-8359-0610b7f8095e@group-D183E921640B-LeaderElection21
2021-11-30 10:08:09,521 [4a8c6e6d-65e8-48ee-8359-0610b7f8095e@group-D183E921640B-LeaderElection21] INFO  impl.LeaderElection (LeaderElection.java:askForVotes(306)) - 4a8c6e6d-65e8-48ee-8359-0610b7f8095e@group-D183E921640B-LeaderElection21 ELECTION round 0: submit vote requests at term 4 for -1: [fc496f33-557f-4ba9-a352-3c0776838466|rpc:10.1.0.53:44781|priority:0, 4a8c6e6d-65e8-48ee-8359-0610b7f8095e|rpc:10.1.0.53:46879|priority:0, a369f656-5f1a-419f-8148-dd7161541bf1|rpc:10.1.0.53:34899|priority:1], old=null
2021-11-30 10:08:09,545 [grpc-default-executor-1] INFO  server.RaftServer$Division (RaftServerImpl.java:requestVote(1046)) - fc496f33-557f-4ba9-a352-3c0776838466@group-D183E921640B: receive requestVote(ELECTION, 4a8c6e6d-65e8-48ee-8359-0610b7f8095e, group-D183E921640B, 4, (t:0, i:0))
2021-11-30 10:08:09,545 [grpc-default-executor-1] INFO  impl.VoteContext (VoteContext.java:log(48)) - fc496f33-557f-4ba9-a352-3c0776838466@group-D183E921640B-FOLLOWER: accept ELECTION from 4a8c6e6d-65e8-48ee-8359-0610b7f8095e: our priority 0 <= candidate's priority 0
2021-11-30 10:08:09,545 [grpc-default-executor-1] INFO  server.RaftServer$Division (RaftServerImpl.java:setRole(290)) - fc496f33-557f-4ba9-a352-3c0776838466@group-D183E921640B: changes role from  FOLLOWER to FOLLOWER at term 4 for candidate:4a8c6e6d-65e8-48ee-8359-0610b7f8095e
2021-11-30 10:08:09,545 [grpc-default-executor-1] INFO  impl.RoleInfo (RoleInfo.java:shutdownFollowerState(108)) - fc496f33-557f-4ba9-a352-3c0776838466: shutdown fc496f33-557f-4ba9-a352-3c0776838466@group-D183E921640B-FollowerState
2021-11-30 10:08:09,545 [grpc-default-executor-1] INFO  impl.RoleInfo (RoleInfo.java:updateAndGet(130)) - fc496f33-557f-4ba9-a352-3c0776838466: start fc496f33-557f-4ba9-a352-3c0776838466@group-D183E921640B-FollowerState
2021-11-30 10:08:09,546 [fc496f33-557f-4ba9-a352-3c0776838466@group-D183E921640B-FollowerState] INFO  impl.FollowerState (FollowerState.java:run(143)) - fc496f33-557f-4ba9-a352-3c0776838466@group-D183E921640B-FollowerState was interrupted: {}
java.lang.InterruptedException: sleep interrupted
	at java.lang.Thread.sleep(Native Method)
	at java.lang.Thread.sleep(Thread.java:340)
	at java.util.concurrent.TimeUnit.sleep(TimeUnit.java:386)
	at org.apache.ratis.util.TimeDuration.sleep(TimeDuration.java:324)
	at org.apache.ratis.util.TimeDuration.sleep(TimeDuration.java:309)
	at org.apache.ratis.server.impl.FollowerState.run(FollowerState.java:118)
2021-11-30 10:08:09,551 [grpc-default-executor-1] INFO  server.RaftServer$Division (RaftServerImpl.java:requestVote(1078)) - fc496f33-557f-4ba9-a352-3c0776838466@group-D183E921640B replies to ELECTION vote request: 4a8c6e6d-65e8-48ee-8359-0610b7f8095e<-fc496f33-557f-4ba9-a352-3c0776838466#0:OK-t4. Peer's state: fc496f33-557f-4ba9-a352-3c0776838466@group-D183E921640B:t4, leader=null, voted=4a8c6e6d-65e8-48ee-8359-0610b7f8095e, raftlog=fc496f33-557f-4ba9-a352-3c0776838466@group-D183E921640B-SegmentedRaftLog:OPENED:c-1, conf=-1: [fc496f33-557f-4ba9-a352-3c0776838466|rpc:10.1.0.53:44781|priority:0, 4a8c6e6d-65e8-48ee-8359-0610b7f8095e|rpc:10.1.0.53:46879|priority:0, a369f656-5f1a-419f-8148-dd7161541bf1|rpc:10.1.0.53:34899|priority:1], old=null
2021-11-30 10:08:09,557 [grpc-default-executor-2] INFO  server.RaftServer$Division (RaftServerImpl.java:requestVote(1046)) - a369f656-5f1a-419f-8148-dd7161541bf1@group-D183E921640B: receive requestVote(ELECTION, 4a8c6e6d-65e8-48ee-8359-0610b7f8095e, group-D183E921640B, 4, (t:0, i:0))
2021-11-30 10:08:09,558 [grpc-default-executor-2] INFO  impl.VoteContext (VoteContext.java:log(48)) - a369f656-5f1a-419f-8148-dd7161541bf1@group-D183E921640B-FOLLOWER: reject ELECTION from 4a8c6e6d-65e8-48ee-8359-0610b7f8095e: our priority 1 > candidate's priority 0
2021-11-30 10:08:09,558 [grpc-default-executor-2] INFO  server.RaftServer$Division (RaftServerImpl.java:setRole(290)) - a369f656-5f1a-419f-8148-dd7161541bf1@group-D183E921640B: changes role from  FOLLOWER to FOLLOWER at term 4 for candidate:4a8c6e6d-65e8-48ee-8359-0610b7f8095e
2021-11-30 10:08:09,558 [grpc-default-executor-2] INFO  impl.RoleInfo (RoleInfo.java:shutdownFollowerState(108)) - a369f656-5f1a-419f-8148-dd7161541bf1: shutdown a369f656-5f1a-419f-8148-dd7161541bf1@group-D183E921640B-FollowerState
2021-11-30 10:08:09,558 [grpc-default-executor-2] INFO  impl.RoleInfo (RoleInfo.java:updateAndGet(130)) - a369f656-5f1a-419f-8148-dd7161541bf1: start a369f656-5f1a-419f-8148-dd7161541bf1@group-D183E921640B-FollowerState
2021-11-30 10:08:09,558 [a369f656-5f1a-419f-8148-dd7161541bf1@group-D183E921640B-FollowerState] INFO  impl.FollowerState (FollowerState.java:run(143)) - a369f656-5f1a-419f-8148-dd7161541bf1@group-D183E921640B-FollowerState was interrupted: {}
java.lang.InterruptedException: sleep interrupted
	at java.lang.Thread.sleep(Native Method)
	at java.lang.Thread.sleep(Thread.java:340)
	at java.util.concurrent.TimeUnit.sleep(TimeUnit.java:386)
	at org.apache.ratis.util.TimeDuration.sleep(TimeDuration.java:324)
	at org.apache.ratis.util.TimeDuration.sleep(TimeDuration.java:309)
	at org.apache.ratis.server.impl.FollowerState.run(FollowerState.java:118)
2021-11-30 10:08:09,574 [grpc-default-executor-2] INFO  server.RaftServer$Division (RaftServerImpl.java:requestVote(1078)) - a369f656-5f1a-419f-8148-dd7161541bf1@group-D183E921640B replies to ELECTION vote request: 4a8c6e6d-65e8-48ee-8359-0610b7f8095e<-a369f656-5f1a-419f-8148-dd7161541bf1#0:FAIL-t4. Peer's state: a369f656-5f1a-419f-8148-dd7161541bf1@group-D183E921640B:t4, leader=null, voted=null, raftlog=a369f656-5f1a-419f-8148-dd7161541bf1@group-D183E921640B-SegmentedRaftLog:OPENED:c-1, conf=-1: [fc496f33-557f-4ba9-a352-3c0776838466|rpc:10.1.0.53:44781|dataStream:|priority:0, 4a8c6e6d-65e8-48ee-8359-0610b7f8095e|rpc:10.1.0.53:46879|dataStream:|priority:0, a369f656-5f1a-419f-8148-dd7161541bf1|rpc:10.1.0.53:34899|dataStream:|priority:1], old=null
2021-11-30 10:08:09,576 [4a8c6e6d-65e8-48ee-8359-0610b7f8095e@group-D183E921640B-LeaderElection21] INFO  impl.LeaderElection (LeaderElection.java:logAndReturn(89)) - 4a8c6e6d-65e8-48ee-8359-0610b7f8095e@group-D183E921640B-LeaderElection21: ELECTION REJECTED received 2 response(s) and 0 exception(s):
2021-11-30 10:08:09,576 [4a8c6e6d-65e8-48ee-8359-0610b7f8095e@group-D183E921640B-LeaderElection21] INFO  impl.LeaderElection (LeaderElection.java:logAndReturn(93)) -   Response 0: 4a8c6e6d-65e8-48ee-8359-0610b7f8095e<-fc496f33-557f-4ba9-a352-3c0776838466#0:OK-t4
2021-11-30 10:08:09,576 [4a8c6e6d-65e8-48ee-8359-0610b7f8095e@group-D183E921640B-LeaderElection21] INFO  impl.LeaderElection (LeaderElection.java:logAndReturn(93)) -   Response 1: 4a8c6e6d-65e8-48ee-8359-0610b7f8095e<-a369f656-5f1a-419f-8148-dd7161541bf1#0:FAIL-t4
2021-11-30 10:08:09,576 [4a8c6e6d-65e8-48ee-8359-0610b7f8095e@group-D183E921640B-LeaderElection21] INFO  impl.LeaderElection (LeaderElection.java:askForVotes(308)) - 4a8c6e6d-65e8-48ee-8359-0610b7f8095e@group-D183E921640B-LeaderElection21 ELECTION round 0: result REJECTED
2021-11-30 10:08:09,577 [4a8c6e6d-65e8-48ee-8359-0610b7f8095e@group-D183E921640B-LeaderElection21] INFO  server.RaftServer$Division (RaftServerImpl.java:setRole(290)) - 4a8c6e6d-65e8-48ee-8359-0610b7f8095e@group-D183E921640B: changes role from CANDIDATE to FOLLOWER at term 4 for REJECTED
2021-11-30 10:08:09,577 [4a8c6e6d-65e8-48ee-8359-0610b7f8095e@group-D183E921640B-LeaderElection21] INFO  impl.RoleInfo (RoleInfo.java:shutdownLeaderElection(121)) - 4a8c6e6d-65e8-48ee-8359-0610b7f8095e: shutdown 4a8c6e6d-65e8-48ee-8359-0610b7f8095e@group-D183E921640B-LeaderElection21
2021-11-30 10:08:09,577 [4a8c6e6d-65e8-48ee-8359-0610b7f8095e@group-D183E921640B-LeaderElection21] INFO  impl.RoleInfo (RoleInfo.java:updateAndGet(130)) - 4a8c6e6d-65e8-48ee-8359-0610b7f8095e: start 4a8c6e6d-65e8-48ee-8359-0610b7f8095e@group-D183E921640B-FollowerState
2021-11-30 10:08:09,689 [Listener at 127.0.0.1/41539] INFO  ozoneimpl.OzoneContainer (OzoneContainer.java:stop(325)) - Attempting to stop container services.
2021-11-30 10:08:09,690 [Listener at 127.0.0.1/41539] INFO  server.RaftServer (RaftServerProxy.java:lambda$close$6(391)) - f261d845-a31c-4557-bbf6-cf3b66338abe: close
2021-11-30 10:08:09,690 [Listener at 127.0.0.1/41539] INFO  server.RaftServer$Division (RaftServerImpl.java:lambda$close$4(412)) - f261d845-a31c-4557-bbf6-cf3b66338abe@group-2A2248A72664: shutdown
2021-11-30 10:08:09,690 [ForkJoinPool.commonPool-worker-1] INFO  server.RaftServer$Division (RaftServerImpl.java:lambda$close$4(412)) - f261d845-a31c-4557-bbf6-cf3b66338abe@group-D1C7A318DF2B: shutdown
2021-11-30 10:08:09,690 [Listener at 127.0.0.1/41539] INFO  util.JmxRegister (JmxRegister.java:unregister(73)) - Successfully un-registered JMX Bean with object name Ratis:service=RaftServer,group=group-2A2248A72664,id=f261d845-a31c-4557-bbf6-cf3b66338abe
2021-11-30 10:08:09,690 [ForkJoinPool.commonPool-worker-1] INFO  util.JmxRegister (JmxRegister.java:unregister(73)) - Successfully un-registered JMX Bean with object name Ratis:service=RaftServer,group=group-D1C7A318DF2B,id=f261d845-a31c-4557-bbf6-cf3b66338abe
2021-11-30 10:08:09,691 [ForkJoinPool.commonPool-worker-1] INFO  impl.RoleInfo (RoleInfo.java:shutdownLeaderState(91)) - f261d845-a31c-4557-bbf6-cf3b66338abe: shutdown f261d845-a31c-4557-bbf6-cf3b66338abe@group-D1C7A318DF2B-LeaderStateImpl
2021-11-30 10:08:09,692 [f261d845-a31c-4557-bbf6-cf3b66338abe@group-D1C7A318DF2B->594a5f90-d5fa-4b06-ac33-1af263ebc166-GrpcLogAppender-LogAppenderDaemon] WARN  server.GrpcLogAppender (GrpcLogAppender.java:mayWait(177)) - f261d845-a31c-4557-bbf6-cf3b66338abe@group-D1C7A318DF2B->594a5f90-d5fa-4b06-ac33-1af263ebc166-GrpcLogAppender: Wait interrupted by java.lang.InterruptedException
2021-11-30 10:08:09,691 [Listener at 127.0.0.1/41539] INFO  impl.RoleInfo (RoleInfo.java:shutdownLeaderState(91)) - f261d845-a31c-4557-bbf6-cf3b66338abe: shutdown f261d845-a31c-4557-bbf6-cf3b66338abe@group-2A2248A72664-LeaderStateImpl
2021-11-30 10:08:09,691 [ForkJoinPool.commonPool-worker-1] INFO  impl.PendingRequests (PendingRequests.java:sendNotLeaderResponses(282)) - f261d845-a31c-4557-bbf6-cf3b66338abe@group-D1C7A318DF2B-PendingRequests: sendNotLeaderResponses
2021-11-30 10:08:09,697 [Listener at 127.0.0.1/41539] INFO  impl.PendingRequests (PendingRequests.java:sendNotLeaderResponses(282)) - f261d845-a31c-4557-bbf6-cf3b66338abe@group-2A2248A72664-PendingRequests: sendNotLeaderResponses
2021-11-30 10:08:09,697 [ForkJoinPool.commonPool-worker-1] INFO  impl.StateMachineUpdater (StateMachineUpdater.java:stopAndJoin(149)) - f261d845-a31c-4557-bbf6-cf3b66338abe@group-D1C7A318DF2B-StateMachineUpdater: set stopIndex = 0
2021-11-30 10:08:09,697 [Listener at 127.0.0.1/41539] INFO  impl.StateMachineUpdater (StateMachineUpdater.java:stopAndJoin(149)) - f261d845-a31c-4557-bbf6-cf3b66338abe@group-2A2248A72664-StateMachineUpdater: set stopIndex = 0
2021-11-30 10:08:09,697 [f261d845-a31c-4557-bbf6-cf3b66338abe@group-2A2248A72664-StateMachineUpdater] INFO  ratis.ContainerStateMachine (ContainerStateMachine.java:takeSnapshot(292)) - group-2A2248A72664: Taking a snapshot at:(t:1, i:0) file /home/runner/work/ozone/ozone/hadoop-ozone/integration-test/target/test-dir/MiniOzoneClusterImpl-0e29ee7e-a070-46b0-aa8f-4a21e578e9b3/datanode-3/data/ratis/7d4d46a9-5f25-4fb3-ab67-2a2248a72664/sm/snapshot.1_0
2021-11-30 10:08:09,698 [f261d845-a31c-4557-bbf6-cf3b66338abe@group-D1C7A318DF2B-StateMachineUpdater] INFO  ratis.ContainerStateMachine (ContainerStateMachine.java:takeSnapshot(292)) - group-D1C7A318DF2B: Taking a snapshot at:(t:3, i:0) file /home/runner/work/ozone/ozone/hadoop-ozone/integration-test/target/test-dir/MiniOzoneClusterImpl-0e29ee7e-a070-46b0-aa8f-4a21e578e9b3/datanode-3/data/ratis/8c4c6b63-eaa5-43cf-a829-d1c7a318df2b/sm/snapshot.3_0
2021-11-30 10:08:09,698 [grpc-default-executor-2] INFO  server.GrpcServerProtocolService (GrpcServerProtocolService.java:onCompleted(140)) - 594a5f90-d5fa-4b06-ac33-1af263ebc166: Completed APPEND_ENTRIES, lastRequest: f261d845-a31c-4557-bbf6-cf3b66338abe->594a5f90-d5fa-4b06-ac33-1af263ebc166#1-t3,previous=(t:0, i:0),leaderCommit=-1,initializing? true,entries: size=1, first=(t:3, i:0), CONFIGURATIONENTRY
2021-11-30 10:08:09,699 [f261d845-a31c-4557-bbf6-cf3b66338abe@group-D1C7A318DF2B-StateMachineUpdater] INFO  ratis.ContainerStateMachine (ContainerStateMachine.java:takeSnapshot(303)) - group-D1C7A318DF2B: Finished taking a snapshot at:(t:3, i:0) file:/home/runner/work/ozone/ozone/hadoop-ozone/integration-test/target/test-dir/MiniOzoneClusterImpl-0e29ee7e-a070-46b0-aa8f-4a21e578e9b3/datanode-3/data/ratis/8c4c6b63-eaa5-43cf-a829-d1c7a318df2b/sm/snapshot.3_0 took: 1 ms
2021-11-30 10:08:09,699 [f261d845-a31c-4557-bbf6-cf3b66338abe@group-D1C7A318DF2B-StateMachineUpdater] INFO  impl.StateMachineUpdater (StateMachineUpdater.java:takeSnapshot(281)) - f261d845-a31c-4557-bbf6-cf3b66338abe@group-D1C7A318DF2B-StateMachineUpdater: Took a snapshot at index 0
2021-11-30 10:08:09,698 [f261d845-a31c-4557-bbf6-cf3b66338abe@group-2A2248A72664-StateMachineUpdater] INFO  ratis.ContainerStateMachine (ContainerStateMachine.java:takeSnapshot(303)) - group-2A2248A72664: Finished taking a snapshot at:(t:1, i:0) file:/home/runner/work/ozone/ozone/hadoop-ozone/integration-test/target/test-dir/MiniOzoneClusterImpl-0e29ee7e-a070-46b0-aa8f-4a21e578e9b3/datanode-3/data/ratis/7d4d46a9-5f25-4fb3-ab67-2a2248a72664/sm/snapshot.1_0 took: 1 ms
2021-11-30 10:08:09,699 [f261d845-a31c-4557-bbf6-cf3b66338abe@group-D1C7A318DF2B-StateMachineUpdater] INFO  impl.StateMachineUpdater (StateMachineUpdater.java:lambda$new$0(89)) - f261d845-a31c-4557-bbf6-cf3b66338abe@group-D1C7A318DF2B-StateMachineUpdater: snapshotIndex: updateIncreasingly -1 -> 0
2021-11-30 10:08:09,699 [f261d845-a31c-4557-bbf6-cf3b66338abe@group-2A2248A72664-StateMachineUpdater] INFO  impl.StateMachineUpdater (StateMachineUpdater.java:takeSnapshot(281)) - f261d845-a31c-4557-bbf6-cf3b66338abe@group-2A2248A72664-StateMachineUpdater: Took a snapshot at index 0
2021-11-30 10:08:09,699 [f261d845-a31c-4557-bbf6-cf3b66338abe@group-2A2248A72664-StateMachineUpdater] INFO  impl.StateMachineUpdater (StateMachineUpdater.java:lambda$new$0(89)) - f261d845-a31c-4557-bbf6-cf3b66338abe@group-2A2248A72664-StateMachineUpdater: snapshotIndex: updateIncreasingly -1 -> 0
2021-11-30 10:08:09,699 [ForkJoinPool.commonPool-worker-1] INFO  server.RaftServer$Division (ServerState.java:close(419)) - f261d845-a31c-4557-bbf6-cf3b66338abe@group-D1C7A318DF2B: closes. applyIndex: 0
2021-11-30 10:08:09,699 [f261d845-a31c-4557-bbf6-cf3b66338abe@group-D1C7A318DF2B-SegmentedRaftLogWorker] INFO  segmented.SegmentedRaftLogWorker (SegmentedRaftLogWorker.java:run(327)) - f261d845-a31c-4557-bbf6-cf3b66338abe@group-D1C7A318DF2B-SegmentedRaftLogWorker was interrupted, exiting. There are 0 tasks remaining in the queue.
2021-11-30 10:08:09,700 [Listener at 127.0.0.1/41539] INFO  server.RaftServer$Division (ServerState.java:close(419)) - f261d845-a31c-4557-bbf6-cf3b66338abe@group-2A2248A72664: closes. applyIndex: 0
2021-11-30 10:08:09,701 [f261d845-a31c-4557-bbf6-cf3b66338abe@group-2A2248A72664-SegmentedRaftLogWorker] INFO  segmented.SegmentedRaftLogWorker (SegmentedRaftLogWorker.java:run(327)) - f261d845-a31c-4557-bbf6-cf3b66338abe@group-2A2248A72664-SegmentedRaftLogWorker was interrupted, exiting. There are 0 tasks remaining in the queue.
2021-11-30 10:08:09,701 [grpc-default-executor-2] INFO  server.GrpcLogAppender (GrpcLogAppender.java:onCompleted(346)) - f261d845-a31c-4557-bbf6-cf3b66338abe@group-D1C7A318DF2B->594a5f90-d5fa-4b06-ac33-1af263ebc166-AppendLogResponseHandler: follower responses appendEntries COMPLETED
2021-11-30 10:08:09,702 [grpc-default-executor-2] INFO  leader.FollowerInfo (FollowerInfoImpl.java:lambda$new$0(47)) - f261d845-a31c-4557-bbf6-cf3b66338abe@group-D1C7A318DF2B->594a5f90-d5fa-4b06-ac33-1af263ebc166: nextIndex: updateUnconditionally 1 -> 0
2021-11-30 10:08:09,701 [ForkJoinPool.commonPool-worker-1] INFO  segmented.SegmentedRaftLogWorker (SegmentedRaftLogWorker.java:close(237)) - f261d845-a31c-4557-bbf6-cf3b66338abe@group-D1C7A318DF2B-SegmentedRaftLogWorker close()
2021-11-30 10:08:09,703 [Listener at 127.0.0.1/41539] INFO  segmented.SegmentedRaftLogWorker (SegmentedRaftLogWorker.java:close(237)) - f261d845-a31c-4557-bbf6-cf3b66338abe@group-2A2248A72664-SegmentedRaftLogWorker close()
2021-11-30 10:08:09,704 [ForkJoinPool.commonPool-worker-1] INFO  server.RaftServer$Division (RaftServerImpl.java:lambda$close$4(412)) - f261d845-a31c-4557-bbf6-cf3b66338abe@group-D3EED943AD18: shutdown
2021-11-30 10:08:09,704 [ForkJoinPool.commonPool-worker-1] INFO  util.JmxRegister (JmxRegister.java:unregister(73)) - Successfully un-registered JMX Bean with object name Ratis:service=RaftServer,group=group-D3EED943AD18,id=f261d845-a31c-4557-bbf6-cf3b66338abe
2021-11-30 10:08:09,704 [ForkJoinPool.commonPool-worker-1] INFO  impl.RoleInfo (RoleInfo.java:shutdownFollowerState(108)) - f261d845-a31c-4557-bbf6-cf3b66338abe: shutdown f261d845-a31c-4557-bbf6-cf3b66338abe@group-D3EED943AD18-FollowerState
2021-11-30 10:08:09,704 [ForkJoinPool.commonPool-worker-1] INFO  impl.StateMachineUpdater (StateMachineUpdater.java:stopAndJoin(149)) - f261d845-a31c-4557-bbf6-cf3b66338abe@group-D3EED943AD18-StateMachineUpdater: set stopIndex = 17
2021-11-30 10:08:09,704 [f261d845-a31c-4557-bbf6-cf3b66338abe@group-D3EED943AD18-FollowerState] INFO  impl.FollowerState (FollowerState.java:run(143)) - f261d845-a31c-4557-bbf6-cf3b66338abe@group-D3EED943AD18-FollowerState was interrupted: {}
java.lang.InterruptedException: sleep interrupted
	at java.lang.Thread.sleep(Native Method)
	at java.lang.Thread.sleep(Thread.java:340)
	at java.util.concurrent.TimeUnit.sleep(TimeUnit.java:386)
	at org.apache.ratis.util.TimeDuration.sleep(TimeDuration.java:324)
	at org.apache.ratis.util.TimeDuration.sleep(TimeDuration.java:309)
	at org.apache.ratis.server.impl.FollowerState.run(FollowerState.java:118)
2021-11-30 10:08:09,704 [f261d845-a31c-4557-bbf6-cf3b66338abe@group-D3EED943AD18-StateMachineUpdater] INFO  ratis.ContainerStateMachine (ContainerStateMachine.java:takeSnapshot(292)) - group-D3EED943AD18: Taking a snapshot at:(t:1, i:17) file /home/runner/work/ozone/ozone/hadoop-ozone/integration-test/target/test-dir/MiniOzoneClusterImpl-0e29ee7e-a070-46b0-aa8f-4a21e578e9b3/datanode-3/data/ratis/1053b465-f2e9-4599-823d-d3eed943ad18/sm/snapshot.1_17
2021-11-30 10:08:09,708 [f261d845-a31c-4557-bbf6-cf3b66338abe@group-D3EED943AD18-StateMachineUpdater] INFO  ratis.ContainerStateMachine (ContainerStateMachine.java:takeSnapshot(303)) - group-D3EED943AD18: Finished taking a snapshot at:(t:1, i:17) file:/home/runner/work/ozone/ozone/hadoop-ozone/integration-test/target/test-dir/MiniOzoneClusterImpl-0e29ee7e-a070-46b0-aa8f-4a21e578e9b3/datanode-3/data/ratis/1053b465-f2e9-4599-823d-d3eed943ad18/sm/snapshot.1_17 took: 4 ms
2021-11-30 10:08:09,709 [f261d845-a31c-4557-bbf6-cf3b66338abe@group-D3EED943AD18-StateMachineUpdater] INFO  impl.StateMachineUpdater (StateMachineUpdater.java:takeSnapshot(281)) - f261d845-a31c-4557-bbf6-cf3b66338abe@group-D3EED943AD18-StateMachineUpdater: Took a snapshot at index 17
2021-11-30 10:08:09,709 [f261d845-a31c-4557-bbf6-cf3b66338abe@group-D3EED943AD18-StateMachineUpdater] INFO  impl.StateMachineUpdater (StateMachineUpdater.java:lambda$new$0(89)) - f261d845-a31c-4557-bbf6-cf3b66338abe@group-D3EED943AD18-StateMachineUpdater: snapshotIndex: updateIncreasingly -1 -> 17
2021-11-30 10:08:09,710 [ForkJoinPool.commonPool-worker-1] INFO  server.RaftServer$Division (ServerState.java:close(419)) - f261d845-a31c-4557-bbf6-cf3b66338abe@group-D3EED943AD18: closes. applyIndex: 17
2021-11-30 10:08:09,710 [f261d845-a31c-4557-bbf6-cf3b66338abe@group-D3EED943AD18-SegmentedRaftLogWorker] INFO  segmented.SegmentedRaftLogWorker (SegmentedRaftLogWorker.java:run(327)) - f261d845-a31c-4557-bbf6-cf3b66338abe@group-D3EED943AD18-SegmentedRaftLogWorker was interrupted, exiting. There are 0 tasks remaining in the queue.
2021-11-30 10:08:09,717 [ForkJoinPool.commonPool-worker-1] INFO  segmented.SegmentedRaftLogWorker (SegmentedRaftLogWorker.java:close(237)) - f261d845-a31c-4557-bbf6-cf3b66338abe@group-D3EED943AD18-SegmentedRaftLogWorker close()
2021-11-30 10:08:09,728 [Listener at 127.0.0.1/41539] INFO  server.GrpcService (GrpcService.java:closeImpl(262)) - f261d845-a31c-4557-bbf6-cf3b66338abe: shutdown server with port 34515 now
2021-11-30 10:08:09,732 [grpc-default-executor-0] WARN  server.GrpcLogAppender (LogUtils.java:warn(122)) - 594a5f90-d5fa-4b06-ac33-1af263ebc166@group-D3EED943AD18->f261d845-a31c-4557-bbf6-cf3b66338abe-AppendLogResponseHandler: Failed appendEntries: org.apache.ratis.thirdparty.io.grpc.StatusRuntimeException: CANCELLED: HTTP/2 error code: CANCEL
Received Rst Stream
2021-11-30 10:08:09,732 [grpc-default-executor-0] INFO  leader.FollowerInfo (FollowerInfoImpl.java:lambda$new$0(47)) - 594a5f90-d5fa-4b06-ac33-1af263ebc166@group-D3EED943AD18->f261d845-a31c-4557-bbf6-cf3b66338abe: nextIndex: updateUnconditionally 19 -> 18
2021-11-30 10:08:09,732 [grpc-default-executor-1] WARN  server.GrpcServerProtocolService (LogUtils.java:warn(122)) - f261d845-a31c-4557-bbf6-cf3b66338abe: installSnapshot onError, lastRequest: 594a5f90-d5fa-4b06-ac33-1af263ebc166->f261d845-a31c-4557-bbf6-cf3b66338abe#301-t1,previous=(t:1, i:17),leaderCommit=17,initializing? true,entries: size=1, first=(t:1, i:18), METADATAENTRY(c:17): org.apache.ratis.thirdparty.io.grpc.StatusRuntimeException: CANCELLED: client cancelled
2021-11-30 10:08:09,735 [Listener at 127.0.0.1/41539] INFO  server.GrpcService (GrpcService.java:closeImpl(271)) - f261d845-a31c-4557-bbf6-cf3b66338abe: shutdown server with port 34515 successfully
2021-11-30 10:08:09,739 [org.apache.ratis.util.JvmPauseMonitor$$Lambda$533/844391723@62fbda96] INFO  util.JvmPauseMonitor (JvmPauseMonitor.java:run(109)) - JvmPauseMonitor-f261d845-a31c-4557-bbf6-cf3b66338abe: Stopped
2021-11-30 10:08:09,740 [Listener at 127.0.0.1/41539] INFO  utils.BackgroundService (BackgroundService.java:shutdown(132)) - Shutting down service BlockDeletingService
2021-11-30 10:08:09,753 [grpc-default-executor-0] WARN  server.GrpcLogAppender (LogUtils.java:warn(122)) - 594a5f90-d5fa-4b06-ac33-1af263ebc166@group-D3EED943AD18->f261d845-a31c-4557-bbf6-cf3b66338abe-AppendLogResponseHandler: Failed appendEntries: org.apache.ratis.thirdparty.io.grpc.StatusRuntimeException: UNAVAILABLE: io exception
2021-11-30 10:08:09,754 [grpc-default-executor-0] INFO  leader.FollowerInfo (FollowerInfoImpl.java:lambda$new$0(47)) - 594a5f90-d5fa-4b06-ac33-1af263ebc166@group-D3EED943AD18->f261d845-a31c-4557-bbf6-cf3b66338abe: nextIndex: updateUnconditionally 19 -> 18
2021-11-30 10:08:09,971 [fc496f33-557f-4ba9-a352-3c0776838466@group-E114E9338692-FollowerState] INFO  impl.FollowerState (FollowerState.java:run(134)) - fc496f33-557f-4ba9-a352-3c0776838466@group-E114E9338692-FollowerState: change to CANDIDATE, lastRpcElapsedTime:5019544875ns, electionTimeout:5009ms
2021-11-30 10:08:09,971 [fc496f33-557f-4ba9-a352-3c0776838466@group-E114E9338692-FollowerState] INFO  impl.RoleInfo (RoleInfo.java:shutdownFollowerState(108)) - fc496f33-557f-4ba9-a352-3c0776838466: shutdown fc496f33-557f-4ba9-a352-3c0776838466@group-E114E9338692-FollowerState
2021-11-30 10:08:09,971 [fc496f33-557f-4ba9-a352-3c0776838466@group-E114E9338692-FollowerState] INFO  server.RaftServer$Division (RaftServerImpl.java:setRole(290)) - fc496f33-557f-4ba9-a352-3c0776838466@group-E114E9338692: changes role from  FOLLOWER to CANDIDATE at term 3 for changeToCandidate
2021-11-30 10:08:09,971 [fc496f33-557f-4ba9-a352-3c0776838466@group-E114E9338692-FollowerState] INFO  server.RaftServerConfigKeys (ConfUtils.java:logGet(44)) - raft.server.leaderelection.pre-vote = false (custom)
2021-11-30 10:08:09,971 [fc496f33-557f-4ba9-a352-3c0776838466@group-E114E9338692-FollowerState] INFO  impl.RoleInfo (RoleInfo.java:updateAndGet(130)) - fc496f33-557f-4ba9-a352-3c0776838466: start fc496f33-557f-4ba9-a352-3c0776838466@group-E114E9338692-LeaderElection22
2021-11-30 10:08:09,981 [fc496f33-557f-4ba9-a352-3c0776838466@group-E114E9338692-LeaderElection22] INFO  impl.LeaderElection (LeaderElection.java:askForVotes(306)) - fc496f33-557f-4ba9-a352-3c0776838466@group-E114E9338692-LeaderElection22 ELECTION round 0: submit vote requests at term 4 for -1: [fc496f33-557f-4ba9-a352-3c0776838466|rpc:10.1.0.53:44781|dataStream:|priority:0, 4a8c6e6d-65e8-48ee-8359-0610b7f8095e|rpc:10.1.0.53:46879|dataStream:|priority:1, a369f656-5f1a-419f-8148-dd7161541bf1|rpc:10.1.0.53:34899|dataStream:|priority:0], old=null
2021-11-30 10:08:09,988 [grpc-default-executor-0] INFO  server.RaftServer$Division (RaftServerImpl.java:requestVote(1046)) - 4a8c6e6d-65e8-48ee-8359-0610b7f8095e@group-E114E9338692: receive requestVote(ELECTION, fc496f33-557f-4ba9-a352-3c0776838466, group-E114E9338692, 4, (t:0, i:0))
2021-11-30 10:08:09,988 [grpc-default-executor-0] INFO  impl.VoteContext (VoteContext.java:log(48)) - 4a8c6e6d-65e8-48ee-8359-0610b7f8095e@group-E114E9338692-FOLLOWER: reject ELECTION from fc496f33-557f-4ba9-a352-3c0776838466: our priority 1 > candidate's priority 0
2021-11-30 10:08:09,988 [grpc-default-executor-0] INFO  server.RaftServer$Division (RaftServerImpl.java:setRole(290)) - 4a8c6e6d-65e8-48ee-8359-0610b7f8095e@group-E114E9338692: changes role from  FOLLOWER to FOLLOWER at term 4 for candidate:fc496f33-557f-4ba9-a352-3c0776838466
2021-11-30 10:08:09,988 [grpc-default-executor-0] INFO  impl.RoleInfo (RoleInfo.java:shutdownFollowerState(108)) - 4a8c6e6d-65e8-48ee-8359-0610b7f8095e: shutdown 4a8c6e6d-65e8-48ee-8359-0610b7f8095e@group-E114E9338692-FollowerState
2021-11-30 10:08:10,000 [grpc-default-executor-0] INFO  impl.RoleInfo (RoleInfo.java:updateAndGet(130)) - 4a8c6e6d-65e8-48ee-8359-0610b7f8095e: start 4a8c6e6d-65e8-48ee-8359-0610b7f8095e@group-E114E9338692-FollowerState
2021-11-30 10:08:10,000 [4a8c6e6d-65e8-48ee-8359-0610b7f8095e@group-E114E9338692-FollowerState] INFO  impl.FollowerState (FollowerState.java:run(143)) - 4a8c6e6d-65e8-48ee-8359-0610b7f8095e@group-E114E9338692-FollowerState was interrupted: {}
java.lang.InterruptedException: sleep interrupted
	at java.lang.Thread.sleep(Native Method)
	at java.lang.Thread.sleep(Thread.java:340)
	at java.util.concurrent.TimeUnit.sleep(TimeUnit.java:386)
	at org.apache.ratis.util.TimeDuration.sleep(TimeDuration.java:324)
	at org.apache.ratis.util.TimeDuration.sleep(TimeDuration.java:309)
	at org.apache.ratis.server.impl.FollowerState.run(FollowerState.java:118)
2021-11-30 10:08:10,002 [grpc-default-executor-1] INFO  server.RaftServer$Division (RaftServerImpl.java:requestVote(1046)) - a369f656-5f1a-419f-8148-dd7161541bf1@group-E114E9338692: receive requestVote(ELECTION, fc496f33-557f-4ba9-a352-3c0776838466, group-E114E9338692, 4, (t:0, i:0))
2021-11-30 10:08:10,002 [grpc-default-executor-1] INFO  impl.VoteContext (VoteContext.java:log(48)) - a369f656-5f1a-419f-8148-dd7161541bf1@group-E114E9338692-FOLLOWER: accept ELECTION from fc496f33-557f-4ba9-a352-3c0776838466: our priority 0 <= candidate's priority 0
2021-11-30 10:08:10,002 [grpc-default-executor-1] INFO  server.RaftServer$Division (RaftServerImpl.java:setRole(290)) - a369f656-5f1a-419f-8148-dd7161541bf1@group-E114E9338692: changes role from  FOLLOWER to FOLLOWER at term 4 for candidate:fc496f33-557f-4ba9-a352-3c0776838466
2021-11-30 10:08:10,003 [grpc-default-executor-1] INFO  impl.RoleInfo (RoleInfo.java:shutdownFollowerState(108)) - a369f656-5f1a-419f-8148-dd7161541bf1: shutdown a369f656-5f1a-419f-8148-dd7161541bf1@group-E114E9338692-FollowerState
2021-11-30 10:08:10,008 [a369f656-5f1a-419f-8148-dd7161541bf1@group-E114E9338692-FollowerState] INFO  impl.FollowerState (FollowerState.java:run(143)) - a369f656-5f1a-419f-8148-dd7161541bf1@group-E114E9338692-FollowerState was interrupted: {}
java.lang.InterruptedException: sleep interrupted
	at java.lang.Thread.sleep(Native Method)
	at java.lang.Thread.sleep(Thread.java:340)
	at java.util.concurrent.TimeUnit.sleep(TimeUnit.java:386)
	at org.apache.ratis.util.TimeDuration.sleep(TimeDuration.java:324)
	at org.apache.ratis.util.TimeDuration.sleep(TimeDuration.java:309)
	at org.apache.ratis.server.impl.FollowerState.run(FollowerState.java:118)
2021-11-30 10:08:10,010 [grpc-default-executor-0] INFO  server.RaftServer$Division (RaftServerImpl.java:requestVote(1078)) - 4a8c6e6d-65e8-48ee-8359-0610b7f8095e@group-E114E9338692 replies to ELECTION vote request: fc496f33-557f-4ba9-a352-3c0776838466<-4a8c6e6d-65e8-48ee-8359-0610b7f8095e#0:FAIL-t4. Peer's state: 4a8c6e6d-65e8-48ee-8359-0610b7f8095e@group-E114E9338692:t4, leader=null, voted=null, raftlog=4a8c6e6d-65e8-48ee-8359-0610b7f8095e@group-E114E9338692-SegmentedRaftLog:OPENED:c-1, conf=-1: [fc496f33-557f-4ba9-a352-3c0776838466|rpc:10.1.0.53:44781|priority:0, 4a8c6e6d-65e8-48ee-8359-0610b7f8095e|rpc:10.1.0.53:46879|priority:1, a369f656-5f1a-419f-8148-dd7161541bf1|rpc:10.1.0.53:34899|priority:0], old=null
2021-11-30 10:08:10,008 [grpc-default-executor-1] INFO  impl.RoleInfo (RoleInfo.java:updateAndGet(130)) - a369f656-5f1a-419f-8148-dd7161541bf1: start a369f656-5f1a-419f-8148-dd7161541bf1@group-E114E9338692-FollowerState
2021-11-30 10:08:10,014 [fc496f33-557f-4ba9-a352-3c0776838466@group-E114E9338692-LeaderElection22] INFO  impl.LeaderElection (LeaderElection.java:logAndReturn(89)) - fc496f33-557f-4ba9-a352-3c0776838466@group-E114E9338692-LeaderElection22: ELECTION REJECTED received 1 response(s) and 0 exception(s):
2021-11-30 10:08:10,014 [fc496f33-557f-4ba9-a352-3c0776838466@group-E114E9338692-LeaderElection22] INFO  impl.LeaderElection (LeaderElection.java:logAndReturn(93)) -   Response 0: fc496f33-557f-4ba9-a352-3c0776838466<-4a8c6e6d-65e8-48ee-8359-0610b7f8095e#0:FAIL-t4
2021-11-30 10:08:10,014 [fc496f33-557f-4ba9-a352-3c0776838466@group-E114E9338692-LeaderElection22] INFO  impl.LeaderElection (LeaderElection.java:askForVotes(308)) - fc496f33-557f-4ba9-a352-3c0776838466@group-E114E9338692-LeaderElection22 ELECTION round 0: result REJECTED
2021-11-30 10:08:10,015 [fc496f33-557f-4ba9-a352-3c0776838466@group-E114E9338692-LeaderElection22] INFO  server.RaftServer$Division (RaftServerImpl.java:setRole(290)) - fc496f33-557f-4ba9-a352-3c0776838466@group-E114E9338692: changes role from CANDIDATE to FOLLOWER at term 4 for REJECTED
2021-11-30 10:08:10,015 [fc496f33-557f-4ba9-a352-3c0776838466@group-E114E9338692-LeaderElection22] INFO  impl.RoleInfo (RoleInfo.java:shutdownLeaderElection(121)) - fc496f33-557f-4ba9-a352-3c0776838466: shutdown fc496f33-557f-4ba9-a352-3c0776838466@group-E114E9338692-LeaderElection22
2021-11-30 10:08:10,015 [fc496f33-557f-4ba9-a352-3c0776838466@group-E114E9338692-LeaderElection22] INFO  impl.RoleInfo (RoleInfo.java:updateAndGet(130)) - fc496f33-557f-4ba9-a352-3c0776838466: start fc496f33-557f-4ba9-a352-3c0776838466@group-E114E9338692-FollowerState
2021-11-30 10:08:10,015 [grpc-default-executor-1] INFO  server.RaftServer$Division (RaftServerImpl.java:requestVote(1078)) - a369f656-5f1a-419f-8148-dd7161541bf1@group-E114E9338692 replies to ELECTION vote request: fc496f33-557f-4ba9-a352-3c0776838466<-a369f656-5f1a-419f-8148-dd7161541bf1#0:OK-t4. Peer's state: a369f656-5f1a-419f-8148-dd7161541bf1@group-E114E9338692:t4, leader=null, voted=fc496f33-557f-4ba9-a352-3c0776838466, raftlog=a369f656-5f1a-419f-8148-dd7161541bf1@group-E114E9338692-SegmentedRaftLog:OPENED:c-1, conf=-1: [fc496f33-557f-4ba9-a352-3c0776838466|rpc:10.1.0.53:44781|priority:0, 4a8c6e6d-65e8-48ee-8359-0610b7f8095e|rpc:10.1.0.53:46879|priority:1, a369f656-5f1a-419f-8148-dd7161541bf1|rpc:10.1.0.53:34899|priority:0], old=null
2021-11-30 10:08:10,923 [grpc-default-executor-1] WARN  server.GrpcLogAppender (LogUtils.java:warn(122)) - 594a5f90-d5fa-4b06-ac33-1af263ebc166@group-D3EED943AD18->9100756b-960e-45b3-aeba-6353ed9ea095-AppendLogResponseHandler: Failed appendEntries: org.apache.ratis.thirdparty.io.grpc.StatusRuntimeException: UNAVAILABLE: io exception
2021-11-30 10:08:10,924 [grpc-default-executor-1] INFO  leader.FollowerInfo (FollowerInfoImpl.java:lambda$new$0(47)) - 594a5f90-d5fa-4b06-ac33-1af263ebc166@group-D3EED943AD18->9100756b-960e-45b3-aeba-6353ed9ea095: nextIndex: updateUnconditionally 17 -> 16
2021-11-30 10:08:12,239 [grpc-default-executor-1] WARN  server.GrpcLogAppender (LogUtils.java:warn(122)) - 594a5f90-d5fa-4b06-ac33-1af263ebc166@group-D3EED943AD18->f261d845-a31c-4557-bbf6-cf3b66338abe-AppendLogResponseHandler: Failed appendEntries: org.apache.ratis.thirdparty.io.grpc.StatusRuntimeException: UNAVAILABLE: io exception
2021-11-30 10:08:12,240 [grpc-default-executor-1] INFO  leader.FollowerInfo (FollowerInfoImpl.java:lambda$new$0(47)) - 594a5f90-d5fa-4b06-ac33-1af263ebc166@group-D3EED943AD18->f261d845-a31c-4557-bbf6-cf3b66338abe: nextIndex: updateUnconditionally 19 -> 18
2021-11-30 10:08:12,755 [Listener at 127.0.0.1/41539] INFO  statemachine.DatanodeStateMachine (DatanodeStateMachine.java:stopDaemon(526)) - Ozone container server stopped.
2021-11-30 10:08:12,756 [Listener at 127.0.0.1/41539] INFO  handler.ContextHandler (ContextHandler.java:doStop(1153)) - Stopped o.e.j.w.WebAppContext@3392ec03{hddsDatanode,/,null,STOPPED}{jar:file:/home/runner/.m2/repository/org/apache/ozone/hdds-container-service/1.3.0-SNAPSHOT/hdds-container-service-1.3.0-SNAPSHOT.jar!/webapps/hddsDatanode}
2021-11-30 10:08:12,757 [Listener at 127.0.0.1/41539] INFO  server.AbstractConnector (AbstractConnector.java:doStop(381)) - Stopped ServerConnector@797df468{HTTP/1.1, (http/1.1)}{0.0.0.0:0}
2021-11-30 10:08:12,757 [Listener at 127.0.0.1/41539] INFO  server.session (HouseKeeper.java:stopScavenging(149)) - node0 Stopped scavenging
2021-11-30 10:08:12,758 [Listener at 127.0.0.1/41539] INFO  handler.ContextHandler (ContextHandler.java:doStop(1153)) - Stopped o.e.j.s.ServletContextHandler@56d20dd2{static,/static,jar:file:/home/runner/.m2/repository/org/apache/ozone/hdds-container-service/1.3.0-SNAPSHOT/hdds-container-service-1.3.0-SNAPSHOT.jar!/webapps/static,STOPPED}
2021-11-30 10:08:12,758 [Listener at 127.0.0.1/41539] INFO  handler.ContextHandler (ContextHandler.java:doStop(1153)) - Stopped o.e.j.s.ServletContextHandler@34f93e16{logs,/logs,file:///home/runner/work/ozone/ozone/hadoop-ozone/integration-test/target/log,STOPPED}
10:08:12.764 [grpc-default-executor-1] ERROR DNAudit - user=null | ip=null | op=WRITE_CHUNK {blockData=conID: 1 locID: 107544261427200001 bcsId: 14} | ret=FAILURE
org.apache.hadoop.hdds.scm.container.common.helpers.ContainerNotOpenException: Container 1 in CLOSED state
	at org.apache.hadoop.ozone.container.common.impl.HddsDispatcher.validateContainerCommand(HddsDispatcher.java:481) ~[hdds-container-service-1.3.0-SNAPSHOT.jar:?]
	at org.apache.hadoop.ozone.container.common.transport.server.ratis.ContainerStateMachine.startTransaction(ContainerStateMachine.java:318) ~[hdds-container-service-1.3.0-SNAPSHOT.jar:?]
	at org.apache.ratis.server.impl.RaftServerImpl.submitClientRequestAsync(RaftServerImpl.java:797) ~[ratis-server-2.2.0.jar:2.2.0]
	at org.apache.ratis.server.impl.RaftServerProxy.lambda$submitClientRequestAsync$9(RaftServerProxy.java:417) ~[ratis-server-2.2.0.jar:2.2.0]
	at org.apache.ratis.server.impl.RaftServerProxy.lambda$null$7(RaftServerProxy.java:412) ~[ratis-server-2.2.0.jar:2.2.0]
	at org.apache.ratis.util.JavaUtils.callAsUnchecked(JavaUtils.java:115) ~[ratis-common-2.2.0.jar:2.2.0]
	at org.apache.ratis.server.impl.RaftServerProxy.lambda$submitRequest$8(RaftServerProxy.java:412) ~[ratis-server-2.2.0.jar:2.2.0]
	at java.util.concurrent.CompletableFuture.uniComposeStage(CompletableFuture.java:995) ~[?:1.8.0_292]
	at java.util.concurrent.CompletableFuture.thenCompose(CompletableFuture.java:2137) ~[?:1.8.0_292]
	at org.apache.ratis.server.impl.RaftServerProxy.submitRequest(RaftServerProxy.java:411) ~[ratis-server-2.2.0.jar:2.2.0]
	at org.apache.ratis.server.impl.RaftServerProxy.submitClientRequestAsync(RaftServerProxy.java:417) ~[ratis-server-2.2.0.jar:2.2.0]
	at org.apache.ratis.grpc.client.GrpcClientProtocolService$RequestStreamObserver.processClientRequest(GrpcClientProtocolService.java:222) ~[ratis-grpc-2.2.0.jar:2.2.0]
	at org.apache.ratis.grpc.client.GrpcClientProtocolService$OrderedRequestStreamObserver.processClientRequest(GrpcClientProtocolService.java:328) ~[ratis-grpc-2.2.0.jar:2.2.0]
	at org.apache.ratis.util.SlidingWindow$Server.processRequestsFromHead(SlidingWindow.java:431) [ratis-common-2.2.0.jar:2.2.0]
	at org.apache.ratis.util.SlidingWindow$Server.receivedRequest(SlidingWindow.java:423) [ratis-common-2.2.0.jar:2.2.0]
	at org.apache.ratis.grpc.client.GrpcClientProtocolService$OrderedRequestStreamObserver.processClientRequest(GrpcClientProtocolService.java:352) [ratis-grpc-2.2.0.jar:2.2.0]
	at org.apache.ratis.grpc.client.GrpcClientProtocolService$RequestStreamObserver.onNext(GrpcClientProtocolService.java:242) [ratis-grpc-2.2.0.jar:2.2.0]
	at org.apache.ratis.grpc.client.GrpcClientProtocolService$RequestStreamObserver.onNext(GrpcClientProtocolService.java:165) [ratis-grpc-2.2.0.jar:2.2.0]
	at org.apache.ratis.thirdparty.io.grpc.stub.ServerCalls$StreamingServerCallHandler$StreamingServerCallListener.onMessage(ServerCalls.java:255) [ratis-thirdparty-misc-0.7.0.jar:0.7.0]
	at org.apache.ratis.thirdparty.io.grpc.ForwardingServerCallListener.onMessage(ForwardingServerCallListener.java:33) [ratis-thirdparty-misc-0.7.0.jar:0.7.0]
	at org.apache.ratis.thirdparty.io.grpc.internal.ServerCallImpl$ServerStreamListenerImpl.messagesAvailableInternal(ServerCallImpl.java:309) [ratis-thirdparty-misc-0.7.0.jar:0.7.0]
	at org.apache.ratis.thirdparty.io.grpc.internal.ServerCallImpl$ServerStreamListenerImpl.messagesAvailable(ServerCallImpl.java:292) [ratis-thirdparty-misc-0.7.0.jar:0.7.0]
	at org.apache.ratis.thirdparty.io.grpc.internal.ServerImpl$JumpToApplicationThreadServerStreamListener$1MessagesAvailable.runInContext(ServerImpl.java:782) [ratis-thirdparty-misc-0.7.0.jar:0.7.0]
	at org.apache.ratis.thirdparty.io.grpc.internal.ContextRunnable.run(ContextRunnable.java:37) [ratis-thirdparty-misc-0.7.0.jar:0.7.0]
	at org.apache.ratis.thirdparty.io.grpc.internal.SerializingExecutor.run(SerializingExecutor.java:123) [ratis-thirdparty-misc-0.7.0.jar:0.7.0]
	at java.util.concurrent.ThreadPoolExecutor.runWorker(ThreadPoolExecutor.java:1149) [?:1.8.0_292]
	at java.util.concurrent.ThreadPoolExecutor$Worker.run(ThreadPoolExecutor.java:624) [?:1.8.0_292]
	at java.lang.Thread.run(Thread.java:748) [?:1.8.0_292]
10:08:12.823 [grpc-default-executor-1] ERROR DNAudit - user=null | ip=null | op=WRITE_CHUNK {blockData=conID: 1 locID: 107544261427200001 bcsId: 14} | ret=FAILURE
org.apache.hadoop.hdds.scm.container.common.helpers.ContainerNotOpenException: Container 1 in CLOSED state
	at org.apache.hadoop.ozone.container.common.impl.HddsDispatcher.validateContainerCommand(HddsDispatcher.java:481) ~[hdds-container-service-1.3.0-SNAPSHOT.jar:?]
	at org.apache.hadoop.ozone.container.common.transport.server.ratis.ContainerStateMachine.startTransaction(ContainerStateMachine.java:318) ~[hdds-container-service-1.3.0-SNAPSHOT.jar:?]
	at org.apache.ratis.server.impl.RaftServerImpl.submitClientRequestAsync(RaftServerImpl.java:797) ~[ratis-server-2.2.0.jar:2.2.0]
	at org.apache.ratis.server.impl.RaftServerProxy.lambda$submitClientRequestAsync$9(RaftServerProxy.java:417) ~[ratis-server-2.2.0.jar:2.2.0]
	at org.apache.ratis.server.impl.RaftServerProxy.lambda$null$7(RaftServerProxy.java:412) ~[ratis-server-2.2.0.jar:2.2.0]
	at org.apache.ratis.util.JavaUtils.callAsUnchecked(JavaUtils.java:115) ~[ratis-common-2.2.0.jar:2.2.0]
	at org.apache.ratis.server.impl.RaftServerProxy.lambda$submitRequest$8(RaftServerProxy.java:412) ~[ratis-server-2.2.0.jar:2.2.0]
	at java.util.concurrent.CompletableFuture.uniComposeStage(CompletableFuture.java:995) ~[?:1.8.0_292]
	at java.util.concurrent.CompletableFuture.thenCompose(CompletableFuture.java:2137) ~[?:1.8.0_292]
	at org.apache.ratis.server.impl.RaftServerProxy.submitRequest(RaftServerProxy.java:411) ~[ratis-server-2.2.0.jar:2.2.0]
	at org.apache.ratis.server.impl.RaftServerProxy.submitClientRequestAsync(RaftServerProxy.java:417) ~[ratis-server-2.2.0.jar:2.2.0]
	at org.apache.ratis.grpc.client.GrpcClientProtocolService$RequestStreamObserver.processClientRequest(GrpcClientProtocolService.java:222) ~[ratis-grpc-2.2.0.jar:2.2.0]
	at org.apache.ratis.grpc.client.GrpcClientProtocolService$OrderedRequestStreamObserver.processClientRequest(GrpcClientProtocolService.java:328) ~[ratis-grpc-2.2.0.jar:2.2.0]
	at org.apache.ratis.util.SlidingWindow$Server.processRequestsFromHead(SlidingWindow.java:431) [ratis-common-2.2.0.jar:2.2.0]
	at org.apache.ratis.util.SlidingWindow$Server.receivedRequest(SlidingWindow.java:423) [ratis-common-2.2.0.jar:2.2.0]
	at org.apache.ratis.grpc.client.GrpcClientProtocolService$OrderedRequestStreamObserver.processClientRequest(GrpcClientProtocolService.java:352) [ratis-grpc-2.2.0.jar:2.2.0]
	at org.apache.ratis.grpc.client.GrpcClientProtocolService$RequestStreamObserver.onNext(GrpcClientProtocolService.java:242) [ratis-grpc-2.2.0.jar:2.2.0]
	at org.apache.ratis.grpc.client.GrpcClientProtocolService$RequestStreamObserver.onNext(GrpcClientProtocolService.java:165) [ratis-grpc-2.2.0.jar:2.2.0]
	at org.apache.ratis.thirdparty.io.grpc.stub.ServerCalls$StreamingServerCallHandler$StreamingServerCallListener.onMessage(ServerCalls.java:255) [ratis-thirdparty-misc-0.7.0.jar:0.7.0]
	at org.apache.ratis.thirdparty.io.grpc.ForwardingServerCallListener.onMessage(ForwardingServerCallListener.java:33) [ratis-thirdparty-misc-0.7.0.jar:0.7.0]
	at org.apache.ratis.thirdparty.io.grpc.internal.ServerCallImpl$ServerStreamListenerImpl.messagesAvailableInternal(ServerCallImpl.java:309) [ratis-thirdparty-misc-0.7.0.jar:0.7.0]
	at org.apache.ratis.thirdparty.io.grpc.internal.ServerCallImpl$ServerStreamListenerImpl.messagesAvailable(ServerCallImpl.java:292) [ratis-thirdparty-misc-0.7.0.jar:0.7.0]
	at org.apache.ratis.thirdparty.io.grpc.internal.ServerImpl$JumpToApplicationThreadServerStreamListener$1MessagesAvailable.runInContext(ServerImpl.java:782) [ratis-thirdparty-misc-0.7.0.jar:0.7.0]
	at org.apache.ratis.thirdparty.io.grpc.internal.ContextRunnable.run(ContextRunnable.java:37) [ratis-thirdparty-misc-0.7.0.jar:0.7.0]
	at org.apache.ratis.thirdparty.io.grpc.internal.SerializingExecutor.run(SerializingExecutor.java:123) [ratis-thirdparty-misc-0.7.0.jar:0.7.0]
	at java.util.concurrent.ThreadPoolExecutor.runWorker(ThreadPoolExecutor.java:1149) [?:1.8.0_292]
	at java.util.concurrent.ThreadPoolExecutor$Worker.run(ThreadPoolExecutor.java:624) [?:1.8.0_292]
	at java.lang.Thread.run(Thread.java:748) [?:1.8.0_292]
10:08:12.829 [grpc-default-executor-1] ERROR DNAudit - user=null | ip=null | op=PUT_BLOCK {blockData=[blockId=conID: 1 locID: 107544261427200001 bcsId: 0, size=650]} | ret=FAILURE
org.apache.hadoop.hdds.scm.container.common.helpers.ContainerNotOpenException: Container 1 in CLOSED state
	at org.apache.hadoop.ozone.container.common.impl.HddsDispatcher.validateContainerCommand(HddsDispatcher.java:481) ~[hdds-container-service-1.3.0-SNAPSHOT.jar:?]
	at org.apache.hadoop.ozone.container.common.transport.server.ratis.ContainerStateMachine.startTransaction(ContainerStateMachine.java:318) ~[hdds-container-service-1.3.0-SNAPSHOT.jar:?]
	at org.apache.ratis.server.impl.RaftServerImpl.submitClientRequestAsync(RaftServerImpl.java:797) ~[ratis-server-2.2.0.jar:2.2.0]
	at org.apache.ratis.server.impl.RaftServerProxy.lambda$submitClientRequestAsync$9(RaftServerProxy.java:417) ~[ratis-server-2.2.0.jar:2.2.0]
	at org.apache.ratis.server.impl.RaftServerProxy.lambda$null$7(RaftServerProxy.java:412) ~[ratis-server-2.2.0.jar:2.2.0]
	at org.apache.ratis.util.JavaUtils.callAsUnchecked(JavaUtils.java:115) ~[ratis-common-2.2.0.jar:2.2.0]
	at org.apache.ratis.server.impl.RaftServerProxy.lambda$submitRequest$8(RaftServerProxy.java:412) ~[ratis-server-2.2.0.jar:2.2.0]
	at java.util.concurrent.CompletableFuture.uniComposeStage(CompletableFuture.java:995) ~[?:1.8.0_292]
	at java.util.concurrent.CompletableFuture.thenCompose(CompletableFuture.java:2137) ~[?:1.8.0_292]
	at org.apache.ratis.server.impl.RaftServerProxy.submitRequest(RaftServerProxy.java:411) ~[ratis-server-2.2.0.jar:2.2.0]
	at org.apache.ratis.server.impl.RaftServerProxy.submitClientRequestAsync(RaftServerProxy.java:417) ~[ratis-server-2.2.0.jar:2.2.0]
	at org.apache.ratis.grpc.client.GrpcClientProtocolService$RequestStreamObserver.processClientRequest(GrpcClientProtocolService.java:222) ~[ratis-grpc-2.2.0.jar:2.2.0]
	at org.apache.ratis.grpc.client.GrpcClientProtocolService$OrderedRequestStreamObserver.processClientRequest(GrpcClientProtocolService.java:328) ~[ratis-grpc-2.2.0.jar:2.2.0]
	at org.apache.ratis.util.SlidingWindow$Server.processRequestsFromHead(SlidingWindow.java:431) [ratis-common-2.2.0.jar:2.2.0]
	at org.apache.ratis.util.SlidingWindow$Server.receivedRequest(SlidingWindow.java:423) [ratis-common-2.2.0.jar:2.2.0]
	at org.apache.ratis.grpc.client.GrpcClientProtocolService$OrderedRequestStreamObserver.processClientRequest(GrpcClientProtocolService.java:352) [ratis-grpc-2.2.0.jar:2.2.0]
	at org.apache.ratis.grpc.client.GrpcClientProtocolService$RequestStreamObserver.onNext(GrpcClientProtocolService.java:242) [ratis-grpc-2.2.0.jar:2.2.0]
	at org.apache.ratis.grpc.client.GrpcClientProtocolService$RequestStreamObserver.onNext(GrpcClientProtocolService.java:165) [ratis-grpc-2.2.0.jar:2.2.0]
	at org.apache.ratis.thirdparty.io.grpc.stub.ServerCalls$StreamingServerCallHandler$StreamingServerCallListener.onMessage(ServerCalls.java:255) [ratis-thirdparty-misc-0.7.0.jar:0.7.0]
	at org.apache.ratis.thirdparty.io.grpc.ForwardingServerCallListener.onMessage(ForwardingServerCallListener.java:33) [ratis-thirdparty-misc-0.7.0.jar:0.7.0]
	at org.apache.ratis.thirdparty.io.grpc.internal.ServerCallImpl$ServerStreamListenerImpl.messagesAvailableInternal(ServerCallImpl.java:309) [ratis-thirdparty-misc-0.7.0.jar:0.7.0]
	at org.apache.ratis.thirdparty.io.grpc.internal.ServerCallImpl$ServerStreamListenerImpl.messagesAvailable(ServerCallImpl.java:292) [ratis-thirdparty-misc-0.7.0.jar:0.7.0]
	at org.apache.ratis.thirdparty.io.grpc.internal.ServerImpl$JumpToApplicationThreadServerStreamListener$1MessagesAvailable.runInContext(ServerImpl.java:782) [ratis-thirdparty-misc-0.7.0.jar:0.7.0]
	at org.apache.ratis.thirdparty.io.grpc.internal.ContextRunnable.run(ContextRunnable.java:37) [ratis-thirdparty-misc-0.7.0.jar:0.7.0]
	at org.apache.ratis.thirdparty.io.grpc.internal.SerializingExecutor.run(SerializingExecutor.java:123) [ratis-thirdparty-misc-0.7.0.jar:0.7.0]
	at java.util.concurrent.ThreadPoolExecutor.runWorker(ThreadPoolExecutor.java:1149) [?:1.8.0_292]
	at java.util.concurrent.ThreadPoolExecutor$Worker.run(ThreadPoolExecutor.java:624) [?:1.8.0_292]
	at java.lang.Thread.run(Thread.java:748) [?:1.8.0_292]
10:08:12.831 [grpc-default-executor-1] ERROR DNAudit - user=null | ip=null | op=WRITE_CHUNK {blockData=conID: 1 locID: 107544261427200001 bcsId: 14} | ret=FAILURE
org.apache.hadoop.hdds.scm.container.common.helpers.ContainerNotOpenException: Container 1 in CLOSED state
	at org.apache.hadoop.ozone.container.common.impl.HddsDispatcher.validateContainerCommand(HddsDispatcher.java:481) ~[hdds-container-service-1.3.0-SNAPSHOT.jar:?]
	at org.apache.hadoop.ozone.container.common.transport.server.ratis.ContainerStateMachine.startTransaction(ContainerStateMachine.java:318) ~[hdds-container-service-1.3.0-SNAPSHOT.jar:?]
	at org.apache.ratis.server.impl.RaftServerImpl.submitClientRequestAsync(RaftServerImpl.java:797) ~[ratis-server-2.2.0.jar:2.2.0]
	at org.apache.ratis.server.impl.RaftServerProxy.lambda$submitClientRequestAsync$9(RaftServerProxy.java:417) ~[ratis-server-2.2.0.jar:2.2.0]
	at org.apache.ratis.server.impl.RaftServerProxy.lambda$null$7(RaftServerProxy.java:412) ~[ratis-server-2.2.0.jar:2.2.0]
	at org.apache.ratis.util.JavaUtils.callAsUnchecked(JavaUtils.java:115) ~[ratis-common-2.2.0.jar:2.2.0]
	at org.apache.ratis.server.impl.RaftServerProxy.lambda$submitRequest$8(RaftServerProxy.java:412) ~[ratis-server-2.2.0.jar:2.2.0]
	at java.util.concurrent.CompletableFuture.uniComposeStage(CompletableFuture.java:995) ~[?:1.8.0_292]
	at java.util.concurrent.CompletableFuture.thenCompose(CompletableFuture.java:2137) ~[?:1.8.0_292]
	at org.apache.ratis.server.impl.RaftServerProxy.submitRequest(RaftServerProxy.java:411) ~[ratis-server-2.2.0.jar:2.2.0]
	at org.apache.ratis.server.impl.RaftServerProxy.submitClientRequestAsync(RaftServerProxy.java:417) ~[ratis-server-2.2.0.jar:2.2.0]
	at org.apache.ratis.grpc.client.GrpcClientProtocolService$RequestStreamObserver.processClientRequest(GrpcClientProtocolService.java:222) ~[ratis-grpc-2.2.0.jar:2.2.0]
	at org.apache.ratis.grpc.client.GrpcClientProtocolService$OrderedRequestStreamObserver.processClientRequest(GrpcClientProtocolService.java:328) ~[ratis-grpc-2.2.0.jar:2.2.0]
	at org.apache.ratis.util.SlidingWindow$Server.processRequestsFromHead(SlidingWindow.java:431) [ratis-common-2.2.0.jar:2.2.0]
	at org.apache.ratis.util.SlidingWindow$Server.receivedRequest(SlidingWindow.java:423) [ratis-common-2.2.0.jar:2.2.0]
	at org.apache.ratis.grpc.client.GrpcClientProtocolService$OrderedRequestStreamObserver.processClientRequest(GrpcClientProtocolService.java:352) [ratis-grpc-2.2.0.jar:2.2.0]
	at org.apache.ratis.grpc.client.GrpcClientProtocolService$RequestStreamObserver.onNext(GrpcClientProtocolService.java:242) [ratis-grpc-2.2.0.jar:2.2.0]
	at org.apache.ratis.grpc.client.GrpcClientProtocolService$RequestStreamObserver.onNext(GrpcClientProtocolService.java:165) [ratis-grpc-2.2.0.jar:2.2.0]
	at org.apache.ratis.thirdparty.io.grpc.stub.ServerCalls$StreamingServerCallHandler$StreamingServerCallListener.onMessage(ServerCalls.java:255) [ratis-thirdparty-misc-0.7.0.jar:0.7.0]
	at org.apache.ratis.thirdparty.io.grpc.ForwardingServerCallListener.onMessage(ForwardingServerCallListener.java:33) [ratis-thirdparty-misc-0.7.0.jar:0.7.0]
	at org.apache.ratis.thirdparty.io.grpc.internal.ServerCallImpl$ServerStreamListenerImpl.messagesAvailableInternal(ServerCallImpl.java:309) [ratis-thirdparty-misc-0.7.0.jar:0.7.0]
	at org.apache.ratis.thirdparty.io.grpc.internal.ServerCallImpl$ServerStreamListenerImpl.messagesAvailable(ServerCallImpl.java:292) [ratis-thirdparty-misc-0.7.0.jar:0.7.0]
	at org.apache.ratis.thirdparty.io.grpc.internal.ServerImpl$JumpToApplicationThreadServerStreamListener$1MessagesAvailable.runInContext(ServerImpl.java:782) [ratis-thirdparty-misc-0.7.0.jar:0.7.0]
	at org.apache.ratis.thirdparty.io.grpc.internal.ContextRunnable.run(ContextRunnable.java:37) [ratis-thirdparty-misc-0.7.0.jar:0.7.0]
	at org.apache.ratis.thirdparty.io.grpc.internal.SerializingExecutor.run(SerializingExecutor.java:123) [ratis-thirdparty-misc-0.7.0.jar:0.7.0]
	at java.util.concurrent.ThreadPoolExecutor.runWorker(ThreadPoolExecutor.java:1149) [?:1.8.0_292]
	at java.util.concurrent.ThreadPoolExecutor$Worker.run(ThreadPoolExecutor.java:624) [?:1.8.0_292]
	at java.lang.Thread.run(Thread.java:748) [?:1.8.0_292]
10:08:12.855 [grpc-default-executor-1] ERROR DNAudit - user=null | ip=null | op=WRITE_CHUNK {blockData=conID: 1 locID: 107544261427200001 bcsId: 14} | ret=FAILURE
org.apache.hadoop.hdds.scm.container.common.helpers.ContainerNotOpenException: Container 1 in CLOSED state
	at org.apache.hadoop.ozone.container.common.impl.HddsDispatcher.validateContainerCommand(HddsDispatcher.java:481) ~[hdds-container-service-1.3.0-SNAPSHOT.jar:?]
	at org.apache.hadoop.ozone.container.common.transport.server.ratis.ContainerStateMachine.startTransaction(ContainerStateMachine.java:318) ~[hdds-container-service-1.3.0-SNAPSHOT.jar:?]
	at org.apache.ratis.server.impl.RaftServerImpl.submitClientRequestAsync(RaftServerImpl.java:797) ~[ratis-server-2.2.0.jar:2.2.0]
	at org.apache.ratis.server.impl.RaftServerProxy.lambda$submitClientRequestAsync$9(RaftServerProxy.java:417) ~[ratis-server-2.2.0.jar:2.2.0]
	at org.apache.ratis.server.impl.RaftServerProxy.lambda$null$7(RaftServerProxy.java:412) ~[ratis-server-2.2.0.jar:2.2.0]
	at org.apache.ratis.util.JavaUtils.callAsUnchecked(JavaUtils.java:115) ~[ratis-common-2.2.0.jar:2.2.0]
	at org.apache.ratis.server.impl.RaftServerProxy.lambda$submitRequest$8(RaftServerProxy.java:412) ~[ratis-server-2.2.0.jar:2.2.0]
	at java.util.concurrent.CompletableFuture.uniComposeStage(CompletableFuture.java:995) ~[?:1.8.0_292]
	at java.util.concurrent.CompletableFuture.thenCompose(CompletableFuture.java:2137) ~[?:1.8.0_292]
	at org.apache.ratis.server.impl.RaftServerProxy.submitRequest(RaftServerProxy.java:411) ~[ratis-server-2.2.0.jar:2.2.0]
	at org.apache.ratis.server.impl.RaftServerProxy.submitClientRequestAsync(RaftServerProxy.java:417) ~[ratis-server-2.2.0.jar:2.2.0]
	at org.apache.ratis.grpc.client.GrpcClientProtocolService$RequestStreamObserver.processClientRequest(GrpcClientProtocolService.java:222) ~[ratis-grpc-2.2.0.jar:2.2.0]
	at org.apache.ratis.grpc.client.GrpcClientProtocolService$OrderedRequestStreamObserver.processClientRequest(GrpcClientProtocolService.java:328) ~[ratis-grpc-2.2.0.jar:2.2.0]
	at org.apache.ratis.util.SlidingWindow$Server.processRequestsFromHead(SlidingWindow.java:431) [ratis-common-2.2.0.jar:2.2.0]
	at org.apache.ratis.util.SlidingWindow$Server.receivedRequest(SlidingWindow.java:423) [ratis-common-2.2.0.jar:2.2.0]
	at org.apache.ratis.grpc.client.GrpcClientProtocolService$OrderedRequestStreamObserver.processClientRequest(GrpcClientProtocolService.java:352) [ratis-grpc-2.2.0.jar:2.2.0]
	at org.apache.ratis.grpc.client.GrpcClientProtocolService$RequestStreamObserver.onNext(GrpcClientProtocolService.java:242) [ratis-grpc-2.2.0.jar:2.2.0]
	at org.apache.ratis.grpc.client.GrpcClientProtocolService$RequestStreamObserver.onNext(GrpcClientProtocolService.java:165) [ratis-grpc-2.2.0.jar:2.2.0]
	at org.apache.ratis.thirdparty.io.grpc.stub.ServerCalls$StreamingServerCallHandler$StreamingServerCallListener.onMessage(ServerCalls.java:255) [ratis-thirdparty-misc-0.7.0.jar:0.7.0]
	at org.apache.ratis.thirdparty.io.grpc.ForwardingServerCallListener.onMessage(ForwardingServerCallListener.java:33) [ratis-thirdparty-misc-0.7.0.jar:0.7.0]
	at org.apache.ratis.thirdparty.io.grpc.internal.ServerCallImpl$ServerStreamListenerImpl.messagesAvailableInternal(ServerCallImpl.java:309) [ratis-thirdparty-misc-0.7.0.jar:0.7.0]
	at org.apache.ratis.thirdparty.io.grpc.internal.ServerCallImpl$ServerStreamListenerImpl.messagesAvailable(ServerCallImpl.java:292) [ratis-thirdparty-misc-0.7.0.jar:0.7.0]
	at org.apache.ratis.thirdparty.io.grpc.internal.ServerImpl$JumpToApplicationThreadServerStreamListener$1MessagesAvailable.runInContext(ServerImpl.java:782) [ratis-thirdparty-misc-0.7.0.jar:0.7.0]
	at org.apache.ratis.thirdparty.io.grpc.internal.ContextRunnable.run(ContextRunnable.java:37) [ratis-thirdparty-misc-0.7.0.jar:0.7.0]
	at org.apache.ratis.thirdparty.io.grpc.internal.SerializingExecutor.run(SerializingExecutor.java:123) [ratis-thirdparty-misc-0.7.0.jar:0.7.0]
	at java.util.concurrent.ThreadPoolExecutor.runWorker(ThreadPoolExecutor.java:1149) [?:1.8.0_292]
	at java.util.concurrent.ThreadPoolExecutor$Worker.run(ThreadPoolExecutor.java:624) [?:1.8.0_292]
	at java.lang.Thread.run(Thread.java:748) [?:1.8.0_292]
10:08:12.860 [grpc-default-executor-1] ERROR DNAudit - user=null | ip=null | op=PUT_BLOCK {blockData=[blockId=conID: 1 locID: 107544261427200001 bcsId: 0, size=800]} | ret=FAILURE
org.apache.hadoop.hdds.scm.container.common.helpers.ContainerNotOpenException: Container 1 in CLOSED state
	at org.apache.hadoop.ozone.container.common.impl.HddsDispatcher.validateContainerCommand(HddsDispatcher.java:481) ~[hdds-container-service-1.3.0-SNAPSHOT.jar:?]
	at org.apache.hadoop.ozone.container.common.transport.server.ratis.ContainerStateMachine.startTransaction(ContainerStateMachine.java:318) ~[hdds-container-service-1.3.0-SNAPSHOT.jar:?]
	at org.apache.ratis.server.impl.RaftServerImpl.submitClientRequestAsync(RaftServerImpl.java:797) ~[ratis-server-2.2.0.jar:2.2.0]
	at org.apache.ratis.server.impl.RaftServerProxy.lambda$submitClientRequestAsync$9(RaftServerProxy.java:417) ~[ratis-server-2.2.0.jar:2.2.0]
	at org.apache.ratis.server.impl.RaftServerProxy.lambda$null$7(RaftServerProxy.java:412) ~[ratis-server-2.2.0.jar:2.2.0]
	at org.apache.ratis.util.JavaUtils.callAsUnchecked(JavaUtils.java:115) ~[ratis-common-2.2.0.jar:2.2.0]
	at org.apache.ratis.server.impl.RaftServerProxy.lambda$submitRequest$8(RaftServerProxy.java:412) ~[ratis-server-2.2.0.jar:2.2.0]
	at java.util.concurrent.CompletableFuture.uniComposeStage(CompletableFuture.java:995) ~[?:1.8.0_292]
	at java.util.concurrent.CompletableFuture.thenCompose(CompletableFuture.java:2137) ~[?:1.8.0_292]
	at org.apache.ratis.server.impl.RaftServerProxy.submitRequest(RaftServerProxy.java:411) ~[ratis-server-2.2.0.jar:2.2.0]
	at org.apache.ratis.server.impl.RaftServerProxy.submitClientRequestAsync(RaftServerProxy.java:417) ~[ratis-server-2.2.0.jar:2.2.0]
	at org.apache.ratis.grpc.client.GrpcClientProtocolService$RequestStreamObserver.processClientRequest(GrpcClientProtocolService.java:222) ~[ratis-grpc-2.2.0.jar:2.2.0]
	at org.apache.ratis.grpc.client.GrpcClientProtocolService$OrderedRequestStreamObserver.processClientRequest(GrpcClientProtocolService.java:328) ~[ratis-grpc-2.2.0.jar:2.2.0]
	at org.apache.ratis.util.SlidingWindow$Server.processRequestsFromHead(SlidingWindow.java:431) [ratis-common-2.2.0.jar:2.2.0]
	at org.apache.ratis.util.SlidingWindow$Server.receivedRequest(SlidingWindow.java:423) [ratis-common-2.2.0.jar:2.2.0]
	at org.apache.ratis.grpc.client.GrpcClientProtocolService$OrderedRequestStreamObserver.processClientRequest(GrpcClientProtocolService.java:352) [ratis-grpc-2.2.0.jar:2.2.0]
	at org.apache.ratis.grpc.client.GrpcClientProtocolService$RequestStreamObserver.onNext(GrpcClientProtocolService.java:242) [ratis-grpc-2.2.0.jar:2.2.0]
	at org.apache.ratis.grpc.client.GrpcClientProtocolService$RequestStreamObserver.onNext(GrpcClientProtocolService.java:165) [ratis-grpc-2.2.0.jar:2.2.0]
	at org.apache.ratis.thirdparty.io.grpc.stub.ServerCalls$StreamingServerCallHandler$StreamingServerCallListener.onMessage(ServerCalls.java:255) [ratis-thirdparty-misc-0.7.0.jar:0.7.0]
	at org.apache.ratis.thirdparty.io.grpc.ForwardingServerCallListener.onMessage(ForwardingServerCallListener.java:33) [ratis-thirdparty-misc-0.7.0.jar:0.7.0]
	at org.apache.ratis.thirdparty.io.grpc.internal.ServerCallImpl$ServerStreamListenerImpl.messagesAvailableInternal(ServerCallImpl.java:309) [ratis-thirdparty-misc-0.7.0.jar:0.7.0]
	at org.apache.ratis.thirdparty.io.grpc.internal.ServerCallImpl$ServerStreamListenerImpl.messagesAvailable(ServerCallImpl.java:292) [ratis-thirdparty-misc-0.7.0.jar:0.7.0]
	at org.apache.ratis.thirdparty.io.grpc.internal.ServerImpl$JumpToApplicationThreadServerStreamListener$1MessagesAvailable.runInContext(ServerImpl.java:782) [ratis-thirdparty-misc-0.7.0.jar:0.7.0]
	at org.apache.ratis.thirdparty.io.grpc.internal.ContextRunnable.run(ContextRunnable.java:37) [ratis-thirdparty-misc-0.7.0.jar:0.7.0]
	at org.apache.ratis.thirdparty.io.grpc.internal.SerializingExecutor.run(SerializingExecutor.java:123) [ratis-thirdparty-misc-0.7.0.jar:0.7.0]
	at java.util.concurrent.ThreadPoolExecutor.runWorker(ThreadPoolExecutor.java:1149) [?:1.8.0_292]
	at java.util.concurrent.ThreadPoolExecutor$Worker.run(ThreadPoolExecutor.java:624) [?:1.8.0_292]
	at java.lang.Thread.run(Thread.java:748) [?:1.8.0_292]
2021-11-30 10:08:12,925 [IPC Server handler 0 on default port 35975] INFO  pipeline.RatisPipelineProvider (RatisPipelineProvider.java:lambda$create$0(183)) - Sending CreatePipelineCommand for pipeline:PipelineID=3757da8e-5c17-4e62-950e-a7af2a5b734f to datanode:f261d845-a31c-4557-bbf6-cf3b66338abe
2021-11-30 10:08:12,925 [IPC Server handler 0 on default port 35975] INFO  pipeline.RatisPipelineProvider (RatisPipelineProvider.java:lambda$create$0(183)) - Sending CreatePipelineCommand for pipeline:PipelineID=3757da8e-5c17-4e62-950e-a7af2a5b734f to datanode:6554f318-a890-4dbb-b82d-600ac54ca0e4
2021-11-30 10:08:12,925 [IPC Server handler 0 on default port 35975] INFO  pipeline.RatisPipelineProvider (RatisPipelineProvider.java:lambda$create$0(183)) - Sending CreatePipelineCommand for pipeline:PipelineID=3757da8e-5c17-4e62-950e-a7af2a5b734f to datanode:594a5f90-d5fa-4b06-ac33-1af263ebc166
2021-11-30 10:08:12,926 [IPC Server handler 0 on default port 35975] INFO  pipeline.PipelineStateManagerImpl (PipelineStateManagerImpl.java:addPipeline(101)) - Created pipeline Pipeline[ Id: 3757da8e-5c17-4e62-950e-a7af2a5b734f, Nodes: f261d845-a31c-4557-bbf6-cf3b66338abe{ip: 10.1.0.53, host: fv-az297-56.nmf1rxwemy4u5di1sxxf4ejcwb.jx.internal.cloudapp.net, ports: [REPLICATION=42837, RATIS=34515, RATIS_ADMIN=34515, RATIS_SERVER=34515, STANDALONE=35037], networkLocation: /default-rack, certSerialId: null, persistedOpState: IN_SERVICE, persistedOpStateExpiryEpochSec: 0}6554f318-a890-4dbb-b82d-600ac54ca0e4{ip: 10.1.0.53, host: fv-az297-56.nmf1rxwemy4u5di1sxxf4ejcwb.jx.internal.cloudapp.net, ports: [REPLICATION=41033, RATIS=36339, RATIS_ADMIN=36339, RATIS_SERVER=36339, STANDALONE=44085], networkLocation: /default-rack, certSerialId: null, persistedOpState: IN_SERVICE, persistedOpStateExpiryEpochSec: 0}594a5f90-d5fa-4b06-ac33-1af263ebc166{ip: 10.1.0.53, host: fv-az297-56.nmf1rxwemy4u5di1sxxf4ejcwb.jx.internal.cloudapp.net, ports: [REPLICATION=39225, RATIS=39275, RATIS_ADMIN=39275, RATIS_SERVER=39275, STANDALONE=45399], networkLocation: /default-rack, certSerialId: null, persistedOpState: IN_SERVICE, persistedOpStateExpiryEpochSec: 0}, ReplicationConfig: RATIS/THREE, State:ALLOCATED, leaderId:, CreationTimestamp2021-11-30T10:08:12.925Z[Etc/UTC]].
2021-11-30 10:08:13,424 [grpc-default-executor-1] WARN  server.GrpcLogAppender (LogUtils.java:warn(122)) - 594a5f90-d5fa-4b06-ac33-1af263ebc166@group-D3EED943AD18->9100756b-960e-45b3-aeba-6353ed9ea095-AppendLogResponseHandler: Failed appendEntries: org.apache.ratis.thirdparty.io.grpc.StatusRuntimeException: UNAVAILABLE: io exception
2021-11-30 10:08:13,424 [grpc-default-executor-1] INFO  leader.FollowerInfo (FollowerInfoImpl.java:lambda$new$0(47)) - 594a5f90-d5fa-4b06-ac33-1af263ebc166@group-D3EED943AD18->9100756b-960e-45b3-aeba-6353ed9ea095: nextIndex: updateUnconditionally 17 -> 16
2021-11-30 10:08:13,622 [594a5f90-d5fa-4b06-ac33-1af263ebc166@group-D3EED943AD18-LeaderStateImpl] WARN  server.RaftServer$Division (LeaderStateImpl.java:checkLeadership(974)) - 594a5f90-d5fa-4b06-ac33-1af263ebc166@group-D3EED943AD18-LeaderStateImpl: Lost leadership on term: 1. Election timeout: 5200ms. In charge for: 18420ms. Conf: 0: [594a5f90-d5fa-4b06-ac33-1af263ebc166|rpc:10.1.0.53:39275|dataStream:|priority:1, f261d845-a31c-4557-bbf6-cf3b66338abe|rpc:10.1.0.53:34515|dataStream:|priority:0, 9100756b-960e-45b3-aeba-6353ed9ea095|rpc:10.1.0.53:41205|dataStream:|priority:0], old=null
2021-11-30 10:08:13,623 [594a5f90-d5fa-4b06-ac33-1af263ebc166@group-D3EED943AD18-LeaderStateImpl] WARN  server.RaftServer$Division (LeaderStateImpl.java:lambda$checkLeadership$15(978)) - Follower 594a5f90-d5fa-4b06-ac33-1af263ebc166@group-D3EED943AD18->f261d845-a31c-4557-bbf6-cf3b66338abe(c17,m18,n18, attendVote=true, lastRpcSendTime=1383, lastRpcResponseTime=5202)
2021-11-30 10:08:13,623 [594a5f90-d5fa-4b06-ac33-1af263ebc166@group-D3EED943AD18-LeaderStateImpl] WARN  server.RaftServer$Division (LeaderStateImpl.java:lambda$checkLeadership$15(978)) - Follower 594a5f90-d5fa-4b06-ac33-1af263ebc166@group-D3EED943AD18->9100756b-960e-45b3-aeba-6353ed9ea095(c16,m16,n16, attendVote=true, lastRpcSendTime=199, lastRpcResponseTime=12044)
2021-11-30 10:08:13,623 [594a5f90-d5fa-4b06-ac33-1af263ebc166@group-D3EED943AD18-LeaderStateImpl] INFO  server.RaftServer$Division (RaftServerImpl.java:setRole(290)) - 594a5f90-d5fa-4b06-ac33-1af263ebc166@group-D3EED943AD18: changes role from    LEADER to FOLLOWER at term 1 for StepDownReason:LOST_MAJORITY_HEARTBEATS
2021-11-30 10:08:13,623 [594a5f90-d5fa-4b06-ac33-1af263ebc166@group-D3EED943AD18-LeaderStateImpl] INFO  impl.RoleInfo (RoleInfo.java:shutdownLeaderState(91)) - 594a5f90-d5fa-4b06-ac33-1af263ebc166: shutdown 594a5f90-d5fa-4b06-ac33-1af263ebc166@group-D3EED943AD18-LeaderStateImpl
2021-11-30 10:08:13,624 [594a5f90-d5fa-4b06-ac33-1af263ebc166@group-D3EED943AD18-LeaderStateImpl] INFO  impl.PendingRequests (PendingRequests.java:sendNotLeaderResponses(282)) - 594a5f90-d5fa-4b06-ac33-1af263ebc166@group-D3EED943AD18-PendingRequests: sendNotLeaderResponses
2021-11-30 10:08:13,624 [594a5f90-d5fa-4b06-ac33-1af263ebc166@group-D3EED943AD18->9100756b-960e-45b3-aeba-6353ed9ea095-GrpcLogAppender-LogAppenderDaemon] WARN  server.GrpcLogAppender (GrpcLogAppender.java:mayWait(177)) - 594a5f90-d5fa-4b06-ac33-1af263ebc166@group-D3EED943AD18->9100756b-960e-45b3-aeba-6353ed9ea095-GrpcLogAppender: Wait interrupted by java.lang.InterruptedException
2021-11-30 10:08:13,625 [594a5f90-d5fa-4b06-ac33-1af263ebc166@group-D3EED943AD18-LeaderStateImpl] INFO  impl.RoleInfo (RoleInfo.java:updateAndGet(130)) - 594a5f90-d5fa-4b06-ac33-1af263ebc166: start 594a5f90-d5fa-4b06-ac33-1af263ebc166@group-D3EED943AD18-FollowerState
2021-11-30 10:08:13,627 [594a5f90-d5fa-4b06-ac33-1af263ebc166@group-D3EED943AD18->f261d845-a31c-4557-bbf6-cf3b66338abe-GrpcLogAppender-LogAppenderDaemon] WARN  server.GrpcLogAppender (GrpcLogAppender.java:mayWait(177)) - 594a5f90-d5fa-4b06-ac33-1af263ebc166@group-D3EED943AD18->f261d845-a31c-4557-bbf6-cf3b66338abe-GrpcLogAppender: Wait interrupted by java.lang.InterruptedException
2021-11-30 10:08:14,417 [Command processor thread] INFO  server.RaftServer (RaftServerProxy.java:addNew(95)) - 594a5f90-d5fa-4b06-ac33-1af263ebc166: addNew group-A7AF2A5B734F:[594a5f90-d5fa-4b06-ac33-1af263ebc166|rpc:10.1.0.53:39275|priority:0, f261d845-a31c-4557-bbf6-cf3b66338abe|rpc:10.1.0.53:34515|priority:0, 6554f318-a890-4dbb-b82d-600ac54ca0e4|rpc:10.1.0.53:36339|priority:1] returns group-A7AF2A5B734F:java.util.concurrent.CompletableFuture@a446c25[Not completed]
2021-11-30 10:08:14,419 [pool-131-thread-1] INFO  server.RaftServer$Division (RaftServerImpl.java:<init>(184)) - 594a5f90-d5fa-4b06-ac33-1af263ebc166: new RaftServerImpl for group-A7AF2A5B734F:[594a5f90-d5fa-4b06-ac33-1af263ebc166|rpc:10.1.0.53:39275|priority:0, f261d845-a31c-4557-bbf6-cf3b66338abe|rpc:10.1.0.53:34515|priority:0, 6554f318-a890-4dbb-b82d-600ac54ca0e4|rpc:10.1.0.53:36339|priority:1] with ContainerStateMachine:uninitialized
2021-11-30 10:08:14,420 [pool-131-thread-1] INFO  server.RaftServerConfigKeys (ConfUtils.java:logGet(44)) - raft.server.rpc.timeout.min = 5s (custom)
2021-11-30 10:08:14,421 [pool-131-thread-1] INFO  server.RaftServerConfigKeys (ConfUtils.java:logGet(44)) - raft.server.rpc.timeout.max = 5200ms (custom)
2021-11-30 10:08:14,421 [pool-131-thread-1] INFO  server.RaftServerConfigKeys (ConfUtils.java:logGet(44)) - raft.server.rpc.sleep.time = 25ms (default)
2021-11-30 10:08:14,421 [pool-131-thread-1] INFO  server.RaftServerConfigKeys (ConfUtils.java:logGet(44)) - raft.server.rpc.slowness.timeout = 300000ms (custom)
2021-11-30 10:08:14,421 [pool-131-thread-1] INFO  server.RaftServerConfigKeys (ConfUtils.java:logGet(44)) - raft.server.leaderelection.leader.step-down.wait-time = 10s (default)
2021-11-30 10:08:14,421 [pool-131-thread-1] INFO  server.RaftServerConfigKeys (ConfUtils.java:logGet(44)) - raft.server.sleep.deviation.threshold = 300ms (default)
2021-11-30 10:08:14,421 [pool-131-thread-1] INFO  server.RaftServerConfigKeys (ConfUtils.java:logGet(44)) - raft.server.log.appender.install.snapshot.enabled = false (custom)
2021-11-30 10:08:14,421 [pool-131-thread-1] INFO  server.RaftServer$Division (ServerState.java:<init>(105)) - 594a5f90-d5fa-4b06-ac33-1af263ebc166@group-A7AF2A5B734F: ConfigurationManager, init=-1: [594a5f90-d5fa-4b06-ac33-1af263ebc166|rpc:10.1.0.53:39275|priority:0, f261d845-a31c-4557-bbf6-cf3b66338abe|rpc:10.1.0.53:34515|priority:0, 6554f318-a890-4dbb-b82d-600ac54ca0e4|rpc:10.1.0.53:36339|priority:1], old=null, confs=<EMPTY_MAP>
2021-11-30 10:08:14,421 [pool-131-thread-1] INFO  server.RaftServerConfigKeys (ConfUtils.java:logGet(44)) - raft.server.storage.dir = [/home/runner/work/ozone/ozone/hadoop-ozone/integration-test/target/test-dir/MiniOzoneClusterImpl-0e29ee7e-a070-46b0-aa8f-4a21e578e9b3/datanode-4/data/ratis] (custom)
2021-11-30 10:08:14,421 [pool-131-thread-1] INFO  server.RaftServerConfigKeys (ConfUtils.java:logGet(44)) - raft.server.log.corruption.policy = EXCEPTION (default)
2021-11-30 10:08:14,421 [pool-131-thread-1] INFO  server.RaftServerConfigKeys (ConfUtils.java:logGet(44)) - raft.server.storage.free-space.min = 0MB (=0) (default)
2021-11-30 10:08:14,421 [pool-131-thread-1] INFO  storage.RaftStorageDirectory (RaftStorageDirectoryImpl.java:analyzeStorage(135)) - The storage directory /home/runner/work/ozone/ozone/hadoop-ozone/integration-test/target/test-dir/MiniOzoneClusterImpl-0e29ee7e-a070-46b0-aa8f-4a21e578e9b3/datanode-4/data/ratis/3757da8e-5c17-4e62-950e-a7af2a5b734f does not exist. Creating ...
2021-11-30 10:08:14,423 [pool-131-thread-1] INFO  storage.RaftStorageDirectory (RaftStorageDirectoryImpl.java:tryLock(230)) - Lock on /home/runner/work/ozone/ozone/hadoop-ozone/integration-test/target/test-dir/MiniOzoneClusterImpl-0e29ee7e-a070-46b0-aa8f-4a21e578e9b3/datanode-4/data/ratis/3757da8e-5c17-4e62-950e-a7af2a5b734f/in_use.lock acquired by nodename 12829@fv-az297-56
2021-11-30 10:08:14,425 [pool-131-thread-1] INFO  storage.RaftStorage (RaftStorageImpl.java:format(89)) - Storage directory /home/runner/work/ozone/ozone/hadoop-ozone/integration-test/target/test-dir/MiniOzoneClusterImpl-0e29ee7e-a070-46b0-aa8f-4a21e578e9b3/datanode-4/data/ratis/3757da8e-5c17-4e62-950e-a7af2a5b734f has been successfully formatted.
2021-11-30 10:08:14,425 [pool-131-thread-1] INFO  ratis.ContainerStateMachine (ContainerStateMachine.java:loadSnapshot(224)) - group-A7AF2A5B734F: The snapshot info is null. Setting the last applied indexto:(t:0, i:~)
2021-11-30 10:08:14,426 [pool-131-thread-1] INFO  server.RaftServerConfigKeys (ConfUtils.java:logGet(44)) - raft.server.notification.no-leader.timeout = 300000ms (custom)
2021-11-30 10:08:14,426 [pool-131-thread-1] INFO  server.RaftServerConfigKeys (ConfUtils.java:logGet(44)) - raft.server.log.use.memory = false (default)
2021-11-30 10:08:14,426 [pool-131-thread-1] INFO  server.RaftServerConfigKeys (ConfUtils.java:logGet(44)) - raft.server.log.purge.gap = 1000000 (custom)
2021-11-30 10:08:14,426 [pool-131-thread-1] INFO  server.RaftServerConfigKeys (ConfUtils.java:logGet(44)) - raft.server.log.appender.buffer.byte-limit = 33554432 (custom)
2021-11-30 10:08:14,426 [pool-131-thread-1] INFO  server.RaftServerConfigKeys (ConfUtils.java:logGet(44)) - raft.server.log.segment.size.max = 1048576 (custom)
2021-11-30 10:08:14,427 [pool-131-thread-1] INFO  server.RaftServerConfigKeys (ConfUtils.java:logGet(44)) - raft.server.log.segment.cache.num.max = 2 (custom)
2021-11-30 10:08:14,427 [pool-131-thread-1] INFO  server.RaftServerConfigKeys (ConfUtils.java:logGet(44)) - raft.server.log.segment.cache.size.max = 200MB (=209715200) (default)
2021-11-30 10:08:14,427 [pool-131-thread-1] INFO  segmented.SegmentedRaftLogWorker (SegmentedRaftLogWorker.java:<init>(182)) - new 594a5f90-d5fa-4b06-ac33-1af263ebc166@group-A7AF2A5B734F-SegmentedRaftLogWorker for RaftStorageImpl:Storage Directory /home/runner/work/ozone/ozone/hadoop-ozone/integration-test/target/test-dir/MiniOzoneClusterImpl-0e29ee7e-a070-46b0-aa8f-4a21e578e9b3/datanode-4/data/ratis/3757da8e-5c17-4e62-950e-a7af2a5b734f
2021-11-30 10:08:14,427 [pool-131-thread-1] INFO  server.RaftServerConfigKeys (ConfUtils.java:logGet(44)) - raft.server.log.queue.byte-limit = 2147483647 (custom)
2021-11-30 10:08:14,427 [pool-131-thread-1] INFO  server.RaftServerConfigKeys (ConfUtils.java:logGet(44)) - raft.server.log.queue.element-limit = 1024 (custom)
2021-11-30 10:08:14,427 [pool-131-thread-1] INFO  server.RaftServerConfigKeys (ConfUtils.java:logGet(44)) - raft.server.log.segment.size.max = 1048576 (custom)
2021-11-30 10:08:14,427 [pool-131-thread-1] INFO  server.RaftServerConfigKeys (ConfUtils.java:logGet(44)) - raft.server.log.preallocated.size = 16384 (custom)
2021-11-30 10:08:14,428 [pool-131-thread-1] INFO  server.RaftServerConfigKeys (ConfUtils.java:logGet(44)) - raft.server.log.force.sync.num = 128 (default)
2021-11-30 10:08:14,428 [pool-131-thread-1] INFO  server.RaftServerConfigKeys (ConfUtils.java:logGet(44)) - raft.server.log.statemachine.data.sync = true (default)
2021-11-30 10:08:14,428 [pool-131-thread-1] INFO  server.RaftServerConfigKeys (ConfUtils.java:logGet(44)) - raft.server.log.statemachine.data.sync.timeout = 10s (default)
2021-11-30 10:08:14,428 [pool-131-thread-1] INFO  server.RaftServerConfigKeys (ConfUtils.java:logGet(44)) - raft.server.log.statemachine.data.sync.timeout.retry = -1 (default)
2021-11-30 10:08:14,430 [pool-131-thread-1] INFO  server.RaftServerConfigKeys (ConfUtils.java:logGet(44)) - raft.server.log.write.buffer.size = 1048576 (custom)
2021-11-30 10:08:14,431 [pool-131-thread-1] INFO  server.RaftServerConfigKeys (ConfUtils.java:logGet(44)) - raft.server.log.statemachine.data.caching.enabled = true (custom)
2021-11-30 10:08:14,431 [pool-131-thread-1] INFO  segmented.SegmentedRaftLogWorker (SegmentedRaftLogWorker.java:lambda$new$0(133)) - 594a5f90-d5fa-4b06-ac33-1af263ebc166@group-A7AF2A5B734F-SegmentedRaftLogWorker: flushIndex: setUnconditionally 0 -> -1
2021-11-30 10:08:14,431 [pool-131-thread-1] INFO  segmented.SegmentedRaftLogWorker (SegmentedRaftLogWorker.java:lambda$new$0(133)) - 594a5f90-d5fa-4b06-ac33-1af263ebc166@group-A7AF2A5B734F-SegmentedRaftLogWorker: safeCacheEvictIndex: setUnconditionally 0 -> -1
2021-11-30 10:08:14,436 [pool-131-thread-1] INFO  server.RaftServerConfigKeys (ConfUtils.java:logGet(44)) - raft.server.snapshot.auto.trigger.enabled = true (custom)
2021-11-30 10:08:14,436 [pool-131-thread-1] INFO  server.RaftServerConfigKeys (ConfUtils.java:logGet(44)) - raft.server.snapshot.auto.trigger.threshold = 10000 (custom)
2021-11-30 10:08:14,436 [pool-131-thread-1] INFO  server.RaftServerConfigKeys (ConfUtils.java:logGet(44)) - raft.server.snapshot.retention.file.num = 5 (custom)
2021-11-30 10:08:14,436 [pool-131-thread-1] INFO  server.RaftServerConfigKeys (ConfUtils.java:logGet(44)) - raft.server.log.purge.upto.snapshot.index = false (default)
2021-11-30 10:08:14,436 [pool-131-thread-1] INFO  server.RaftServerConfigKeys (ConfUtils.java:logGet(44)) - raft.server.retrycache.expirytime = 600000ms (custom)
2021-11-30 10:08:14,436 [pool-131-thread-1] INFO  server.RaftServerConfigKeys (ConfUtils.java:logGet(44)) - raft.server.retrycache.statistics.expirytime = 100μs (default)
2021-11-30 10:08:14,440 [EventQueue-StaleNodeForStaleNodeHandler] INFO  node.StaleNodeHandler (StaleNodeHandler.java:onMessage(58)) - Datanode f261d845-a31c-4557-bbf6-cf3b66338abe{ip: 10.1.0.53, host: fv-az297-56.nmf1rxwemy4u5di1sxxf4ejcwb.jx.internal.cloudapp.net, ports: [REPLICATION=42837, RATIS=34515, RATIS_ADMIN=34515, RATIS_SERVER=34515, STANDALONE=35037], networkLocation: /default-rack, certSerialId: null, persistedOpState: IN_SERVICE, persistedOpStateExpiryEpochSec: 0} moved to stale state. Finalizing its pipelines [PipelineID=7d4d46a9-5f25-4fb3-ab67-2a2248a72664, PipelineID=8c4c6b63-eaa5-43cf-a829-d1c7a318df2b, PipelineID=3757da8e-5c17-4e62-950e-a7af2a5b734f, PipelineID=1053b465-f2e9-4599-823d-d3eed943ad18]
2021-11-30 10:08:14,441 [EventQueue-StaleNodeForStaleNodeHandler] INFO  pipeline.PipelineManagerImpl (PipelineManagerImpl.java:closePipeline(349)) - Pipeline Pipeline[ Id: 7d4d46a9-5f25-4fb3-ab67-2a2248a72664, Nodes: f261d845-a31c-4557-bbf6-cf3b66338abe{ip: 10.1.0.53, host: fv-az297-56.nmf1rxwemy4u5di1sxxf4ejcwb.jx.internal.cloudapp.net, ports: [REPLICATION=42837, RATIS=34515, RATIS_ADMIN=34515, RATIS_SERVER=34515, STANDALONE=35037], networkLocation: /default-rack, certSerialId: null, persistedOpState: IN_SERVICE, persistedOpStateExpiryEpochSec: 0}, ReplicationConfig: RATIS/ONE, State:OPEN, leaderId:f261d845-a31c-4557-bbf6-cf3b66338abe, CreationTimestamp2021-11-30T10:07:46.763Z[Etc/UTC]] moved to CLOSED state
2021-11-30 10:08:14,441 [EventQueue-StaleNodeForStaleNodeHandler] INFO  pipeline.PipelineManagerImpl (PipelineManagerImpl.java:closePipeline(349)) - Pipeline Pipeline[ Id: 3757da8e-5c17-4e62-950e-a7af2a5b734f, Nodes: f261d845-a31c-4557-bbf6-cf3b66338abe{ip: 10.1.0.53, host: fv-az297-56.nmf1rxwemy4u5di1sxxf4ejcwb.jx.internal.cloudapp.net, ports: [REPLICATION=42837, RATIS=34515, RATIS_ADMIN=34515, RATIS_SERVER=34515, STANDALONE=35037], networkLocation: /default-rack, certSerialId: null, persistedOpState: IN_SERVICE, persistedOpStateExpiryEpochSec: 0}6554f318-a890-4dbb-b82d-600ac54ca0e4{ip: 10.1.0.53, host: fv-az297-56.nmf1rxwemy4u5di1sxxf4ejcwb.jx.internal.cloudapp.net, ports: [REPLICATION=41033, RATIS=36339, RATIS_ADMIN=36339, RATIS_SERVER=36339, STANDALONE=44085], networkLocation: /default-rack, certSerialId: null, persistedOpState: IN_SERVICE, persistedOpStateExpiryEpochSec: 0}594a5f90-d5fa-4b06-ac33-1af263ebc166{ip: 10.1.0.53, host: fv-az297-56.nmf1rxwemy4u5di1sxxf4ejcwb.jx.internal.cloudapp.net, ports: [REPLICATION=39225, RATIS=39275, RATIS_ADMIN=39275, RATIS_SERVER=39275, STANDALONE=45399], networkLocation: /default-rack, certSerialId: null, persistedOpState: IN_SERVICE, persistedOpStateExpiryEpochSec: 0}, ReplicationConfig: RATIS/THREE, State:ALLOCATED, leaderId:, CreationTimestamp2021-11-30T10:08:12.925Z[Etc/UTC]] moved to CLOSED state
2021-11-30 10:08:14,440 [pool-131-thread-1] INFO  server.RaftServer$Division (RaftServerImpl.java:start(301)) - 594a5f90-d5fa-4b06-ac33-1af263ebc166@group-A7AF2A5B734F: start as a follower, conf=-1: [594a5f90-d5fa-4b06-ac33-1af263ebc166|rpc:10.1.0.53:39275|priority:0, f261d845-a31c-4557-bbf6-cf3b66338abe|rpc:10.1.0.53:34515|priority:0, 6554f318-a890-4dbb-b82d-600ac54ca0e4|rpc:10.1.0.53:36339|priority:1], old=null
2021-11-30 10:08:14,441 [pool-131-thread-1] INFO  server.RaftServer$Division (RaftServerImpl.java:setRole(290)) - 594a5f90-d5fa-4b06-ac33-1af263ebc166@group-A7AF2A5B734F: changes role from      null to FOLLOWER at term 0 for startAsFollower
2021-11-30 10:08:14,441 [pool-131-thread-1] INFO  impl.RoleInfo (RoleInfo.java:updateAndGet(130)) - 594a5f90-d5fa-4b06-ac33-1af263ebc166: start 594a5f90-d5fa-4b06-ac33-1af263ebc166@group-A7AF2A5B734F-FollowerState
2021-11-30 10:08:14,442 [pool-131-thread-1] INFO  util.JmxRegister (JmxRegister.java:tryRegister(44)) - Successfully registered JMX Bean with object name Ratis:service=RaftServer,group=group-A7AF2A5B734F,id=594a5f90-d5fa-4b06-ac33-1af263ebc166
2021-11-30 10:08:14,443 [Command processor thread] INFO  ratis.XceiverServerRatis (XceiverServerRatis.java:addGroup(768)) - Created group PipelineID=3757da8e-5c17-4e62-950e-a7af2a5b734f
2021-11-30 10:08:14,449 [Command processor thread] WARN  commandhandler.CreatePipelineCommandHandler (CreatePipelineCommandHandler.java:lambda$handle$1(103)) - Add group failed for f261d845-a31c-4557-bbf6-cf3b66338abe{ip: 10.1.0.53, host: fv-az297-56.nmf1rxwemy4u5di1sxxf4ejcwb.jx.internal.cloudapp.net, ports: [REPLICATION=42837, RATIS=34515, RATIS_ADMIN=34515, RATIS_SERVER=34515, STANDALONE=35037], networkLocation: /default-rack, certSerialId: null, persistedOpState: IN_SERVICE, persistedOpStateExpiryEpochSec: 0}
java.io.IOException: org.apache.ratis.thirdparty.io.grpc.StatusRuntimeException: UNAVAILABLE: io exception
	at org.apache.ratis.grpc.GrpcUtil.unwrapException(GrpcUtil.java:92)
	at org.apache.ratis.grpc.client.GrpcClientProtocolClient.blockingCall(GrpcClientProtocolClient.java:218)
	at org.apache.ratis.grpc.client.GrpcClientProtocolClient.groupAdd(GrpcClientProtocolClient.java:179)
	at org.apache.ratis.grpc.client.GrpcClientRpc.sendRequest(GrpcClientRpc.java:96)
	at org.apache.ratis.client.impl.BlockingImpl.sendRequest(BlockingImpl.java:130)
	at org.apache.ratis.client.impl.GroupManagementImpl.add(GroupManagementImpl.java:51)
	at org.apache.hadoop.ozone.container.common.statemachine.commandhandler.CreatePipelineCommandHandler.lambda$handle$1(CreatePipelineCommandHandler.java:99)
	at java.util.stream.ForEachOps$ForEachOp$OfRef.accept(ForEachOps.java:183)
	at java.util.stream.ReferencePipeline$2$1.accept(ReferencePipeline.java:175)
	at java.util.ArrayList$ArrayListSpliterator.forEachRemaining(ArrayList.java:1384)
	at java.util.stream.AbstractPipeline.copyInto(AbstractPipeline.java:482)
	at java.util.stream.AbstractPipeline.wrapAndCopyInto(AbstractPipeline.java:472)
	at java.util.stream.ForEachOps$ForEachOp.evaluateSequential(ForEachOps.java:150)
	at java.util.stream.ForEachOps$ForEachOp$OfRef.evaluateSequential(ForEachOps.java:173)
	at java.util.stream.AbstractPipeline.evaluate(AbstractPipeline.java:234)
	at java.util.stream.ReferencePipeline.forEach(ReferencePipeline.java:485)
	at org.apache.hadoop.ozone.container.common.statemachine.commandhandler.CreatePipelineCommandHandler.handle(CreatePipelineCommandHandler.java:95)
	at org.apache.hadoop.ozone.container.common.statemachine.commandhandler.CommandDispatcher.handle(CommandDispatcher.java:99)
	at org.apache.hadoop.ozone.container.common.statemachine.DatanodeStateMachine.lambda$initCommandHandlerThread$2(DatanodeStateMachine.java:567)
	at java.lang.Thread.run(Thread.java:748)
Caused by: org.apache.ratis.thirdparty.io.grpc.StatusRuntimeException: UNAVAILABLE: io exception
	at org.apache.ratis.thirdparty.io.grpc.stub.ClientCalls.toStatusRuntimeException(ClientCalls.java:262)
	at org.apache.ratis.thirdparty.io.grpc.stub.ClientCalls.getUnchecked(ClientCalls.java:243)
	at org.apache.ratis.thirdparty.io.grpc.stub.ClientCalls.blockingUnaryCall(ClientCalls.java:156)
	at org.apache.ratis.proto.grpc.AdminProtocolServiceGrpc$AdminProtocolServiceBlockingStub.groupManagement(AdminProtocolServiceGrpc.java:413)
	at org.apache.ratis.grpc.client.GrpcClientProtocolClient.lambda$groupAdd$5(GrpcClientProtocolClient.java:181)
	at org.apache.ratis.grpc.client.GrpcClientProtocolClient.blockingCall(GrpcClientProtocolClient.java:216)
	... 18 more
Caused by: org.apache.ratis.thirdparty.io.netty.channel.AbstractChannel$AnnotatedConnectException: finishConnect(..) failed: Connection refused: /10.1.0.53:34515
Caused by: java.net.ConnectException: finishConnect(..) failed: Connection refused
	at org.apache.ratis.thirdparty.io.netty.channel.unix.Errors.newConnectException0(Errors.java:155)
	at org.apache.ratis.thirdparty.io.netty.channel.unix.Errors.handleConnectErrno(Errors.java:128)
	at org.apache.ratis.thirdparty.io.netty.channel.unix.Socket.finishConnect(Socket.java:278)
	at org.apache.ratis.thirdparty.io.netty.channel.epoll.AbstractEpollChannel$AbstractEpollUnsafe.doFinishConnect(AbstractEpollChannel.java:710)
	at org.apache.ratis.thirdparty.io.netty.channel.epoll.AbstractEpollChannel$AbstractEpollUnsafe.finishConnect(AbstractEpollChannel.java:687)
	at org.apache.ratis.thirdparty.io.netty.channel.epoll.AbstractEpollChannel$AbstractEpollUnsafe.epollOutReady(AbstractEpollChannel.java:567)
	at org.apache.ratis.thirdparty.io.netty.channel.epoll.EpollEventLoop.processReady(EpollEventLoop.java:470)
	at org.apache.ratis.thirdparty.io.netty.channel.epoll.EpollEventLoop.run(EpollEventLoop.java:378)
	at org.apache.ratis.thirdparty.io.netty.util.concurrent.SingleThreadEventExecutor$4.run(SingleThreadEventExecutor.java:989)
	at org.apache.ratis.thirdparty.io.netty.util.internal.ThreadExecutorMap$2.run(ThreadExecutorMap.java:74)
	at org.apache.ratis.thirdparty.io.netty.util.concurrent.FastThreadLocalRunnable.run(FastThreadLocalRunnable.java:30)
	at java.lang.Thread.run(Thread.java:748)
2021-11-30 10:08:14,459 [grpc-default-executor-1] INFO  server.RaftServer (RaftServerProxy.java:addNew(95)) - 6554f318-a890-4dbb-b82d-600ac54ca0e4: addNew group-A7AF2A5B734F:[594a5f90-d5fa-4b06-ac33-1af263ebc166|rpc:10.1.0.53:39275|dataStream:|priority:0, f261d845-a31c-4557-bbf6-cf3b66338abe|rpc:10.1.0.53:34515|dataStream:|priority:0, 6554f318-a890-4dbb-b82d-600ac54ca0e4|rpc:10.1.0.53:36339|dataStream:|priority:1] returns group-A7AF2A5B734F:java.util.concurrent.CompletableFuture@5f15689[Not completed]
2021-11-30 10:08:14,460 [pool-169-thread-1] INFO  server.RaftServer$Division (RaftServerImpl.java:<init>(184)) - 6554f318-a890-4dbb-b82d-600ac54ca0e4: new RaftServerImpl for group-A7AF2A5B734F:[594a5f90-d5fa-4b06-ac33-1af263ebc166|rpc:10.1.0.53:39275|dataStream:|priority:0, f261d845-a31c-4557-bbf6-cf3b66338abe|rpc:10.1.0.53:34515|dataStream:|priority:0, 6554f318-a890-4dbb-b82d-600ac54ca0e4|rpc:10.1.0.53:36339|dataStream:|priority:1] with ContainerStateMachine:uninitialized
2021-11-30 10:08:14,460 [pool-169-thread-1] INFO  server.RaftServerConfigKeys (ConfUtils.java:logGet(44)) - raft.server.rpc.timeout.min = 5s (custom)
2021-11-30 10:08:14,460 [pool-169-thread-1] INFO  server.RaftServerConfigKeys (ConfUtils.java:logGet(44)) - raft.server.rpc.timeout.max = 5200ms (custom)
2021-11-30 10:08:14,460 [pool-169-thread-1] INFO  server.RaftServerConfigKeys (ConfUtils.java:logGet(44)) - raft.server.rpc.sleep.time = 25ms (default)
2021-11-30 10:08:14,461 [pool-169-thread-1] INFO  server.RaftServerConfigKeys (ConfUtils.java:logGet(44)) - raft.server.rpc.slowness.timeout = 300000ms (custom)
2021-11-30 10:08:14,461 [pool-169-thread-1] INFO  server.RaftServerConfigKeys (ConfUtils.java:logGet(44)) - raft.server.leaderelection.leader.step-down.wait-time = 10s (default)
2021-11-30 10:08:14,461 [pool-169-thread-1] INFO  server.RaftServerConfigKeys (ConfUtils.java:logGet(44)) - raft.server.sleep.deviation.threshold = 300ms (default)
2021-11-30 10:08:14,461 [pool-169-thread-1] INFO  server.RaftServerConfigKeys (ConfUtils.java:logGet(44)) - raft.server.log.appender.install.snapshot.enabled = false (custom)
2021-11-30 10:08:14,461 [pool-169-thread-1] INFO  server.RaftServer$Division (ServerState.java:<init>(105)) - 6554f318-a890-4dbb-b82d-600ac54ca0e4@group-A7AF2A5B734F: ConfigurationManager, init=-1: [594a5f90-d5fa-4b06-ac33-1af263ebc166|rpc:10.1.0.53:39275|dataStream:|priority:0, f261d845-a31c-4557-bbf6-cf3b66338abe|rpc:10.1.0.53:34515|dataStream:|priority:0, 6554f318-a890-4dbb-b82d-600ac54ca0e4|rpc:10.1.0.53:36339|dataStream:|priority:1], old=null, confs=<EMPTY_MAP>
2021-11-30 10:08:14,461 [pool-169-thread-1] INFO  server.RaftServerConfigKeys (ConfUtils.java:logGet(44)) - raft.server.storage.dir = [/home/runner/work/ozone/ozone/hadoop-ozone/integration-test/target/test-dir/MiniOzoneClusterImpl-0e29ee7e-a070-46b0-aa8f-4a21e578e9b3/datanode-6/data/ratis] (custom)
2021-11-30 10:08:14,461 [pool-169-thread-1] INFO  server.RaftServerConfigKeys (ConfUtils.java:logGet(44)) - raft.server.log.corruption.policy = EXCEPTION (default)
2021-11-30 10:08:14,461 [pool-169-thread-1] INFO  server.RaftServerConfigKeys (ConfUtils.java:logGet(44)) - raft.server.storage.free-space.min = 0MB (=0) (default)
2021-11-30 10:08:14,461 [pool-169-thread-1] INFO  storage.RaftStorageDirectory (RaftStorageDirectoryImpl.java:analyzeStorage(135)) - The storage directory /home/runner/work/ozone/ozone/hadoop-ozone/integration-test/target/test-dir/MiniOzoneClusterImpl-0e29ee7e-a070-46b0-aa8f-4a21e578e9b3/datanode-6/data/ratis/3757da8e-5c17-4e62-950e-a7af2a5b734f does not exist. Creating ...
2021-11-30 10:08:14,464 [pool-169-thread-1] INFO  storage.RaftStorageDirectory (RaftStorageDirectoryImpl.java:tryLock(230)) - Lock on /home/runner/work/ozone/ozone/hadoop-ozone/integration-test/target/test-dir/MiniOzoneClusterImpl-0e29ee7e-a070-46b0-aa8f-4a21e578e9b3/datanode-6/data/ratis/3757da8e-5c17-4e62-950e-a7af2a5b734f/in_use.lock acquired by nodename 12829@fv-az297-56
2021-11-30 10:08:14,465 [pool-169-thread-1] INFO  storage.RaftStorage (RaftStorageImpl.java:format(89)) - Storage directory /home/runner/work/ozone/ozone/hadoop-ozone/integration-test/target/test-dir/MiniOzoneClusterImpl-0e29ee7e-a070-46b0-aa8f-4a21e578e9b3/datanode-6/data/ratis/3757da8e-5c17-4e62-950e-a7af2a5b734f has been successfully formatted.
2021-11-30 10:08:14,467 [pool-169-thread-1] INFO  ratis.ContainerStateMachine (ContainerStateMachine.java:loadSnapshot(224)) - group-A7AF2A5B734F: The snapshot info is null. Setting the last applied indexto:(t:0, i:~)
2021-11-30 10:08:14,468 [pool-169-thread-1] INFO  server.RaftServerConfigKeys (ConfUtils.java:logGet(44)) - raft.server.notification.no-leader.timeout = 300000ms (custom)
2021-11-30 10:08:14,468 [pool-169-thread-1] INFO  server.RaftServerConfigKeys (ConfUtils.java:logGet(44)) - raft.server.log.use.memory = false (default)
2021-11-30 10:08:14,469 [pool-169-thread-1] INFO  server.RaftServerConfigKeys (ConfUtils.java:logGet(44)) - raft.server.log.purge.gap = 1000000 (custom)
2021-11-30 10:08:14,469 [pool-169-thread-1] INFO  server.RaftServerConfigKeys (ConfUtils.java:logGet(44)) - raft.server.log.appender.buffer.byte-limit = 33554432 (custom)
2021-11-30 10:08:14,469 [pool-169-thread-1] INFO  server.RaftServerConfigKeys (ConfUtils.java:logGet(44)) - raft.server.log.segment.size.max = 1048576 (custom)
2021-11-30 10:08:14,469 [pool-169-thread-1] INFO  server.RaftServerConfigKeys (ConfUtils.java:logGet(44)) - raft.server.log.segment.cache.num.max = 2 (custom)
2021-11-30 10:08:14,469 [pool-169-thread-1] INFO  server.RaftServerConfigKeys (ConfUtils.java:logGet(44)) - raft.server.log.segment.cache.size.max = 200MB (=209715200) (default)
2021-11-30 10:08:14,469 [pool-169-thread-1] INFO  segmented.SegmentedRaftLogWorker (SegmentedRaftLogWorker.java:<init>(182)) - new 6554f318-a890-4dbb-b82d-600ac54ca0e4@group-A7AF2A5B734F-SegmentedRaftLogWorker for RaftStorageImpl:Storage Directory /home/runner/work/ozone/ozone/hadoop-ozone/integration-test/target/test-dir/MiniOzoneClusterImpl-0e29ee7e-a070-46b0-aa8f-4a21e578e9b3/datanode-6/data/ratis/3757da8e-5c17-4e62-950e-a7af2a5b734f
2021-11-30 10:08:14,469 [pool-169-thread-1] INFO  server.RaftServerConfigKeys (ConfUtils.java:logGet(44)) - raft.server.log.queue.byte-limit = 2147483647 (custom)
2021-11-30 10:08:14,469 [pool-169-thread-1] INFO  server.RaftServerConfigKeys (ConfUtils.java:logGet(44)) - raft.server.log.queue.element-limit = 1024 (custom)
2021-11-30 10:08:14,469 [pool-169-thread-1] INFO  server.RaftServerConfigKeys (ConfUtils.java:logGet(44)) - raft.server.log.segment.size.max = 1048576 (custom)
2021-11-30 10:08:14,470 [pool-169-thread-1] INFO  server.RaftServerConfigKeys (ConfUtils.java:logGet(44)) - raft.server.log.preallocated.size = 16384 (custom)
2021-11-30 10:08:14,470 [pool-169-thread-1] INFO  server.RaftServerConfigKeys (ConfUtils.java:logGet(44)) - raft.server.log.force.sync.num = 128 (default)
2021-11-30 10:08:14,470 [pool-169-thread-1] INFO  server.RaftServerConfigKeys (ConfUtils.java:logGet(44)) - raft.server.log.statemachine.data.sync = true (default)
2021-11-30 10:08:14,470 [pool-169-thread-1] INFO  server.RaftServerConfigKeys (ConfUtils.java:logGet(44)) - raft.server.log.statemachine.data.sync.timeout = 10s (default)
2021-11-30 10:08:14,470 [pool-169-thread-1] INFO  server.RaftServerConfigKeys (ConfUtils.java:logGet(44)) - raft.server.log.statemachine.data.sync.timeout.retry = -1 (default)
2021-11-30 10:08:14,470 [pool-169-thread-1] INFO  server.RaftServerConfigKeys (ConfUtils.java:logGet(44)) - raft.server.log.write.buffer.size = 1048576 (custom)
2021-11-30 10:08:14,473 [pool-169-thread-1] INFO  server.RaftServerConfigKeys (ConfUtils.java:logGet(44)) - raft.server.log.statemachine.data.caching.enabled = true (custom)
2021-11-30 10:08:14,473 [pool-169-thread-1] INFO  segmented.SegmentedRaftLogWorker (SegmentedRaftLogWorker.java:lambda$new$0(133)) - 6554f318-a890-4dbb-b82d-600ac54ca0e4@group-A7AF2A5B734F-SegmentedRaftLogWorker: flushIndex: setUnconditionally 0 -> -1
2021-11-30 10:08:14,473 [pool-169-thread-1] INFO  segmented.SegmentedRaftLogWorker (SegmentedRaftLogWorker.java:lambda$new$0(133)) - 6554f318-a890-4dbb-b82d-600ac54ca0e4@group-A7AF2A5B734F-SegmentedRaftLogWorker: safeCacheEvictIndex: setUnconditionally 0 -> -1
2021-11-30 10:08:14,479 [pool-169-thread-1] INFO  server.RaftServerConfigKeys (ConfUtils.java:logGet(44)) - raft.server.snapshot.auto.trigger.enabled = true (custom)
2021-11-30 10:08:14,479 [pool-169-thread-1] INFO  server.RaftServerConfigKeys (ConfUtils.java:logGet(44)) - raft.server.snapshot.auto.trigger.threshold = 10000 (custom)
2021-11-30 10:08:14,479 [pool-169-thread-1] INFO  server.RaftServerConfigKeys (ConfUtils.java:logGet(44)) - raft.server.snapshot.retention.file.num = 5 (custom)
2021-11-30 10:08:14,479 [pool-169-thread-1] INFO  server.RaftServerConfigKeys (ConfUtils.java:logGet(44)) - raft.server.log.purge.upto.snapshot.index = false (default)
2021-11-30 10:08:14,479 [pool-169-thread-1] INFO  server.RaftServerConfigKeys (ConfUtils.java:logGet(44)) - raft.server.retrycache.expirytime = 600000ms (custom)
2021-11-30 10:08:14,479 [pool-169-thread-1] INFO  server.RaftServerConfigKeys (ConfUtils.java:logGet(44)) - raft.server.retrycache.statistics.expirytime = 100μs (default)
2021-11-30 10:08:14,480 [pool-169-thread-1] INFO  server.RaftServer$Division (RaftServerImpl.java:start(301)) - 6554f318-a890-4dbb-b82d-600ac54ca0e4@group-A7AF2A5B734F: start as a follower, conf=-1: [594a5f90-d5fa-4b06-ac33-1af263ebc166|rpc:10.1.0.53:39275|dataStream:|priority:0, f261d845-a31c-4557-bbf6-cf3b66338abe|rpc:10.1.0.53:34515|dataStream:|priority:0, 6554f318-a890-4dbb-b82d-600ac54ca0e4|rpc:10.1.0.53:36339|dataStream:|priority:1], old=null
2021-11-30 10:08:14,480 [pool-169-thread-1] INFO  server.RaftServer$Division (RaftServerImpl.java:setRole(290)) - 6554f318-a890-4dbb-b82d-600ac54ca0e4@group-A7AF2A5B734F: changes role from      null to FOLLOWER at term 0 for startAsFollower
2021-11-30 10:08:14,480 [pool-169-thread-1] INFO  impl.RoleInfo (RoleInfo.java:updateAndGet(130)) - 6554f318-a890-4dbb-b82d-600ac54ca0e4: start 6554f318-a890-4dbb-b82d-600ac54ca0e4@group-A7AF2A5B734F-FollowerState
2021-11-30 10:08:14,483 [pool-169-thread-1] INFO  util.JmxRegister (JmxRegister.java:tryRegister(44)) - Successfully registered JMX Bean with object name Ratis:service=RaftServer,group=group-A7AF2A5B734F,id=6554f318-a890-4dbb-b82d-600ac54ca0e4
2021-11-30 10:08:14,509 [Command processor thread] INFO  commandhandler.CreatePipelineCommandHandler (CreatePipelineCommandHandler.java:handle(106)) - Created Pipeline RATIS THREE PipelineID=3757da8e-5c17-4e62-950e-a7af2a5b734f.
2021-11-30 10:08:14,661 [a369f656-5f1a-419f-8148-dd7161541bf1@group-D183E921640B-FollowerState] INFO  impl.FollowerState (FollowerState.java:run(134)) - a369f656-5f1a-419f-8148-dd7161541bf1@group-D183E921640B-FollowerState: change to CANDIDATE, lastRpcElapsedTime:5102720457ns, electionTimeout:5092ms
2021-11-30 10:08:14,661 [a369f656-5f1a-419f-8148-dd7161541bf1@group-D183E921640B-FollowerState] INFO  impl.RoleInfo (RoleInfo.java:shutdownFollowerState(108)) - a369f656-5f1a-419f-8148-dd7161541bf1: shutdown a369f656-5f1a-419f-8148-dd7161541bf1@group-D183E921640B-FollowerState
2021-11-30 10:08:14,662 [a369f656-5f1a-419f-8148-dd7161541bf1@group-D183E921640B-FollowerState] INFO  server.RaftServer$Division (RaftServerImpl.java:setRole(290)) - a369f656-5f1a-419f-8148-dd7161541bf1@group-D183E921640B: changes role from  FOLLOWER to CANDIDATE at term 4 for changeToCandidate
2021-11-30 10:08:14,662 [a369f656-5f1a-419f-8148-dd7161541bf1@group-D183E921640B-FollowerState] INFO  server.RaftServerConfigKeys (ConfUtils.java:logGet(44)) - raft.server.leaderelection.pre-vote = false (custom)
2021-11-30 10:08:14,662 [a369f656-5f1a-419f-8148-dd7161541bf1@group-D183E921640B-FollowerState] INFO  impl.RoleInfo (RoleInfo.java:updateAndGet(130)) - a369f656-5f1a-419f-8148-dd7161541bf1: start a369f656-5f1a-419f-8148-dd7161541bf1@group-D183E921640B-LeaderElection23
2021-11-30 10:08:14,684 [a369f656-5f1a-419f-8148-dd7161541bf1@group-D183E921640B-LeaderElection23] INFO  impl.LeaderElection (LeaderElection.java:askForVotes(306)) - a369f656-5f1a-419f-8148-dd7161541bf1@group-D183E921640B-LeaderElection23 ELECTION round 0: submit vote requests at term 5 for -1: [fc496f33-557f-4ba9-a352-3c0776838466|rpc:10.1.0.53:44781|dataStream:|priority:0, 4a8c6e6d-65e8-48ee-8359-0610b7f8095e|rpc:10.1.0.53:46879|dataStream:|priority:0, a369f656-5f1a-419f-8148-dd7161541bf1|rpc:10.1.0.53:34899|dataStream:|priority:1], old=null
2021-11-30 10:08:14,699 [grpc-default-executor-1] INFO  server.RaftServer$Division (RaftServerImpl.java:requestVote(1046)) - fc496f33-557f-4ba9-a352-3c0776838466@group-D183E921640B: receive requestVote(ELECTION, a369f656-5f1a-419f-8148-dd7161541bf1, group-D183E921640B, 5, (t:0, i:0))
2021-11-30 10:08:14,699 [grpc-default-executor-1] INFO  impl.VoteContext (VoteContext.java:log(48)) - fc496f33-557f-4ba9-a352-3c0776838466@group-D183E921640B-FOLLOWER: accept ELECTION from a369f656-5f1a-419f-8148-dd7161541bf1: our priority 0 <= candidate's priority 1
2021-11-30 10:08:14,699 [grpc-default-executor-1] INFO  server.RaftServer$Division (RaftServerImpl.java:setRole(290)) - fc496f33-557f-4ba9-a352-3c0776838466@group-D183E921640B: changes role from  FOLLOWER to FOLLOWER at term 5 for candidate:a369f656-5f1a-419f-8148-dd7161541bf1
2021-11-30 10:08:14,699 [grpc-default-executor-1] INFO  impl.RoleInfo (RoleInfo.java:shutdownFollowerState(108)) - fc496f33-557f-4ba9-a352-3c0776838466: shutdown fc496f33-557f-4ba9-a352-3c0776838466@group-D183E921640B-FollowerState
2021-11-30 10:08:14,701 [grpc-default-executor-1] INFO  impl.RoleInfo (RoleInfo.java:updateAndGet(130)) - fc496f33-557f-4ba9-a352-3c0776838466: start fc496f33-557f-4ba9-a352-3c0776838466@group-D183E921640B-FollowerState
2021-11-30 10:08:14,702 [fc496f33-557f-4ba9-a352-3c0776838466@group-D183E921640B-FollowerState] INFO  impl.FollowerState (FollowerState.java:run(143)) - fc496f33-557f-4ba9-a352-3c0776838466@group-D183E921640B-FollowerState was interrupted: {}
java.lang.InterruptedException: sleep interrupted
	at java.lang.Thread.sleep(Native Method)
	at java.lang.Thread.sleep(Thread.java:340)
	at java.util.concurrent.TimeUnit.sleep(TimeUnit.java:386)
	at org.apache.ratis.util.TimeDuration.sleep(TimeDuration.java:324)
	at org.apache.ratis.util.TimeDuration.sleep(TimeDuration.java:309)
	at org.apache.ratis.server.impl.FollowerState.run(FollowerState.java:118)
2021-11-30 10:08:14,703 [grpc-default-executor-0] INFO  server.RaftServer$Division (RaftServerImpl.java:requestVote(1046)) - 4a8c6e6d-65e8-48ee-8359-0610b7f8095e@group-D183E921640B: receive requestVote(ELECTION, a369f656-5f1a-419f-8148-dd7161541bf1, group-D183E921640B, 5, (t:0, i:0))
2021-11-30 10:08:14,703 [grpc-default-executor-0] INFO  impl.VoteContext (VoteContext.java:log(48)) - 4a8c6e6d-65e8-48ee-8359-0610b7f8095e@group-D183E921640B-FOLLOWER: accept ELECTION from a369f656-5f1a-419f-8148-dd7161541bf1: our priority 0 <= candidate's priority 1
2021-11-30 10:08:14,703 [grpc-default-executor-0] INFO  server.RaftServer$Division (RaftServerImpl.java:setRole(290)) - 4a8c6e6d-65e8-48ee-8359-0610b7f8095e@group-D183E921640B: changes role from  FOLLOWER to FOLLOWER at term 5 for candidate:a369f656-5f1a-419f-8148-dd7161541bf1
2021-11-30 10:08:14,703 [grpc-default-executor-0] INFO  impl.RoleInfo (RoleInfo.java:shutdownFollowerState(108)) - 4a8c6e6d-65e8-48ee-8359-0610b7f8095e: shutdown 4a8c6e6d-65e8-48ee-8359-0610b7f8095e@group-D183E921640B-FollowerState
2021-11-30 10:08:14,705 [grpc-default-executor-0] INFO  impl.RoleInfo (RoleInfo.java:updateAndGet(130)) - 4a8c6e6d-65e8-48ee-8359-0610b7f8095e: start 4a8c6e6d-65e8-48ee-8359-0610b7f8095e@group-D183E921640B-FollowerState
2021-11-30 10:08:14,705 [grpc-default-executor-1] INFO  server.RaftServer$Division (RaftServerImpl.java:requestVote(1078)) - fc496f33-557f-4ba9-a352-3c0776838466@group-D183E921640B replies to ELECTION vote request: a369f656-5f1a-419f-8148-dd7161541bf1<-fc496f33-557f-4ba9-a352-3c0776838466#0:OK-t5. Peer's state: fc496f33-557f-4ba9-a352-3c0776838466@group-D183E921640B:t5, leader=null, voted=a369f656-5f1a-419f-8148-dd7161541bf1, raftlog=fc496f33-557f-4ba9-a352-3c0776838466@group-D183E921640B-SegmentedRaftLog:OPENED:c-1, conf=-1: [fc496f33-557f-4ba9-a352-3c0776838466|rpc:10.1.0.53:44781|priority:0, 4a8c6e6d-65e8-48ee-8359-0610b7f8095e|rpc:10.1.0.53:46879|priority:0, a369f656-5f1a-419f-8148-dd7161541bf1|rpc:10.1.0.53:34899|priority:1], old=null
2021-11-30 10:08:14,705 [4a8c6e6d-65e8-48ee-8359-0610b7f8095e@group-D183E921640B-FollowerState] INFO  impl.FollowerState (FollowerState.java:run(143)) - 4a8c6e6d-65e8-48ee-8359-0610b7f8095e@group-D183E921640B-FollowerState was interrupted: {}
java.lang.InterruptedException: sleep interrupted
	at java.lang.Thread.sleep(Native Method)
	at java.lang.Thread.sleep(Thread.java:340)
	at java.util.concurrent.TimeUnit.sleep(TimeUnit.java:386)
	at org.apache.ratis.util.TimeDuration.sleep(TimeDuration.java:324)
	at org.apache.ratis.util.TimeDuration.sleep(TimeDuration.java:309)
	at org.apache.ratis.server.impl.FollowerState.run(FollowerState.java:118)
2021-11-30 10:08:14,716 [grpc-default-executor-0] INFO  server.RaftServer$Division (RaftServerImpl.java:requestVote(1078)) - 4a8c6e6d-65e8-48ee-8359-0610b7f8095e@group-D183E921640B replies to ELECTION vote request: a369f656-5f1a-419f-8148-dd7161541bf1<-4a8c6e6d-65e8-48ee-8359-0610b7f8095e#0:OK-t5. Peer's state: 4a8c6e6d-65e8-48ee-8359-0610b7f8095e@group-D183E921640B:t5, leader=null, voted=a369f656-5f1a-419f-8148-dd7161541bf1, raftlog=4a8c6e6d-65e8-48ee-8359-0610b7f8095e@group-D183E921640B-SegmentedRaftLog:OPENED:c-1, conf=-1: [fc496f33-557f-4ba9-a352-3c0776838466|rpc:10.1.0.53:44781|priority:0, 4a8c6e6d-65e8-48ee-8359-0610b7f8095e|rpc:10.1.0.53:46879|priority:0, a369f656-5f1a-419f-8148-dd7161541bf1|rpc:10.1.0.53:34899|priority:1], old=null
2021-11-30 10:08:14,718 [a369f656-5f1a-419f-8148-dd7161541bf1@group-D183E921640B-LeaderElection23] INFO  impl.LeaderElection (LeaderElection.java:logAndReturn(89)) - a369f656-5f1a-419f-8148-dd7161541bf1@group-D183E921640B-LeaderElection23: ELECTION PASSED received 1 response(s) and 0 exception(s):
2021-11-30 10:08:14,718 [a369f656-5f1a-419f-8148-dd7161541bf1@group-D183E921640B-LeaderElection23] INFO  impl.LeaderElection (LeaderElection.java:logAndReturn(93)) -   Response 0: a369f656-5f1a-419f-8148-dd7161541bf1<-4a8c6e6d-65e8-48ee-8359-0610b7f8095e#0:OK-t5
2021-11-30 10:08:14,718 [a369f656-5f1a-419f-8148-dd7161541bf1@group-D183E921640B-LeaderElection23] INFO  impl.LeaderElection (LeaderElection.java:askForVotes(308)) - a369f656-5f1a-419f-8148-dd7161541bf1@group-D183E921640B-LeaderElection23 ELECTION round 0: result PASSED
2021-11-30 10:08:14,719 [a369f656-5f1a-419f-8148-dd7161541bf1@group-D183E921640B-LeaderElection23] INFO  impl.RoleInfo (RoleInfo.java:shutdownLeaderElection(121)) - a369f656-5f1a-419f-8148-dd7161541bf1: shutdown a369f656-5f1a-419f-8148-dd7161541bf1@group-D183E921640B-LeaderElection23
2021-11-30 10:08:14,719 [a369f656-5f1a-419f-8148-dd7161541bf1@group-D183E921640B-LeaderElection23] INFO  server.RaftServer$Division (RaftServerImpl.java:setRole(290)) - a369f656-5f1a-419f-8148-dd7161541bf1@group-D183E921640B: changes role from CANDIDATE to LEADER at term 5 for changeToLeader
2021-11-30 10:08:14,719 [a369f656-5f1a-419f-8148-dd7161541bf1@group-D183E921640B-LeaderElection23] INFO  ratis.XceiverServerRatis (XceiverServerRatis.java:handleLeaderChangedNotification(866)) - Leader change notification received for group: group-D183E921640B with new leaderId: a369f656-5f1a-419f-8148-dd7161541bf1
2021-11-30 10:08:14,719 [a369f656-5f1a-419f-8148-dd7161541bf1@group-D183E921640B-LeaderElection23] INFO  server.RaftServer$Division (ServerState.java:setLeader(285)) - a369f656-5f1a-419f-8148-dd7161541bf1@group-D183E921640B: change Leader from null to a369f656-5f1a-419f-8148-dd7161541bf1 at term 5 for becomeLeader, leader elected after 25091ms
2021-11-30 10:08:14,719 [a369f656-5f1a-419f-8148-dd7161541bf1@group-D183E921640B-LeaderElection23] INFO  server.RaftServerConfigKeys (ConfUtils.java:logGet(44)) - raft.server.staging.catchup.gap = 1000 (default)
2021-11-30 10:08:14,719 [a369f656-5f1a-419f-8148-dd7161541bf1@group-D183E921640B-LeaderElection23] INFO  server.RaftServerConfigKeys (ConfUtils.java:logGet(44)) - raft.server.write.element-limit = 1024 (custom)
2021-11-30 10:08:14,719 [a369f656-5f1a-419f-8148-dd7161541bf1@group-D183E921640B-LeaderElection23] INFO  server.RaftServerConfigKeys (ConfUtils.java:logGet(44)) - raft.server.write.byte-limit = 1024 M (=1073741824) (custom)
2021-11-30 10:08:14,719 [a369f656-5f1a-419f-8148-dd7161541bf1@group-D183E921640B-LeaderElection23] INFO  server.RaftServerConfigKeys (ConfUtils.java:logGet(44)) - raft.server.watch.timeout = 3000ms (custom)
2021-11-30 10:08:14,720 [a369f656-5f1a-419f-8148-dd7161541bf1@group-D183E921640B-LeaderElection23] INFO  server.RaftServerConfigKeys (ConfUtils.java:logGet(44)) - raft.server.watch.timeout.denomination = 1s (default)
2021-11-30 10:08:14,720 [a369f656-5f1a-419f-8148-dd7161541bf1@group-D183E921640B-LeaderElection23] INFO  server.RaftServerConfigKeys (ConfUtils.java:logGet(44)) - raft.server.watch.element-limit = 65536 (default)
2021-11-30 10:08:14,720 [a369f656-5f1a-419f-8148-dd7161541bf1@group-D183E921640B-LeaderElection23] INFO  server.RaftServerConfigKeys (ConfUtils.java:logGet(44)) - raft.server.write.element-limit = 1024 (custom)
2021-11-30 10:08:14,720 [a369f656-5f1a-419f-8148-dd7161541bf1@group-D183E921640B-LeaderElection23] INFO  server.RaftServerConfigKeys (ConfUtils.java:logGet(44)) - raft.server.write.follower.gap.ratio.max = -1.0 (default)
2021-11-30 10:08:14,720 [a369f656-5f1a-419f-8148-dd7161541bf1@group-D183E921640B-LeaderElection23] INFO  server.RaftServerConfigKeys (ConfUtils.java:logGet(44)) - raft.server.log.appender.snapshot.chunk.size.max = 16MB (=16777216) (default)
2021-11-30 10:08:14,720 [a369f656-5f1a-419f-8148-dd7161541bf1@group-D183E921640B-LeaderElection23] INFO  server.RaftServerConfigKeys (ConfUtils.java:logGet(44)) - raft.server.log.appender.buffer.byte-limit = 33554432 (custom)
2021-11-30 10:08:14,720 [a369f656-5f1a-419f-8148-dd7161541bf1@group-D183E921640B-LeaderElection23] INFO  server.RaftServerConfigKeys (ConfUtils.java:logGet(44)) - raft.server.log.appender.buffer.element-limit = 1 (custom)
2021-11-30 10:08:14,720 [a369f656-5f1a-419f-8148-dd7161541bf1@group-D183E921640B-LeaderElection23] INFO  grpc.GrpcConfigKeys (ConfUtils.java:logGet(44)) - raft.grpc.server.leader.outstanding.appends.max = 128 (default)
2021-11-30 10:08:14,720 [a369f656-5f1a-419f-8148-dd7161541bf1@group-D183E921640B-LeaderElection23] INFO  server.RaftServerConfigKeys (ConfUtils.java:logGet(44)) - raft.server.rpc.request.timeout = 3000ms (default)
2021-11-30 10:08:14,720 [a369f656-5f1a-419f-8148-dd7161541bf1@group-D183E921640B-LeaderElection23] INFO  server.RaftServerConfigKeys (ConfUtils.java:logGet(44)) - raft.server.log.appender.install.snapshot.enabled = false (custom)
2021-11-30 10:08:14,721 [a369f656-5f1a-419f-8148-dd7161541bf1@group-D183E921640B-LeaderElection23] INFO  server.RaftServerConfigKeys (ConfUtils.java:logGet(44)) - raft.server.log.appender.snapshot.chunk.size.max = 16MB (=16777216) (default)
2021-11-30 10:08:14,721 [a369f656-5f1a-419f-8148-dd7161541bf1@group-D183E921640B-LeaderElection23] INFO  server.RaftServerConfigKeys (ConfUtils.java:logGet(44)) - raft.server.log.appender.buffer.byte-limit = 33554432 (custom)
2021-11-30 10:08:14,721 [a369f656-5f1a-419f-8148-dd7161541bf1@group-D183E921640B-LeaderElection23] INFO  server.RaftServerConfigKeys (ConfUtils.java:logGet(44)) - raft.server.log.appender.buffer.element-limit = 1 (custom)
2021-11-30 10:08:14,721 [a369f656-5f1a-419f-8148-dd7161541bf1@group-D183E921640B-LeaderElection23] INFO  grpc.GrpcConfigKeys (ConfUtils.java:logGet(44)) - raft.grpc.server.leader.outstanding.appends.max = 128 (default)
2021-11-30 10:08:14,721 [a369f656-5f1a-419f-8148-dd7161541bf1@group-D183E921640B-LeaderElection23] INFO  server.RaftServerConfigKeys (ConfUtils.java:logGet(44)) - raft.server.rpc.request.timeout = 3000ms (default)
2021-11-30 10:08:14,721 [a369f656-5f1a-419f-8148-dd7161541bf1@group-D183E921640B-LeaderElection23] INFO  server.RaftServerConfigKeys (ConfUtils.java:logGet(44)) - raft.server.log.appender.install.snapshot.enabled = false (custom)
2021-11-30 10:08:14,722 [a369f656-5f1a-419f-8148-dd7161541bf1@group-D183E921640B-LeaderElection23] INFO  impl.RoleInfo (RoleInfo.java:updateAndGet(130)) - a369f656-5f1a-419f-8148-dd7161541bf1: start a369f656-5f1a-419f-8148-dd7161541bf1@group-D183E921640B-LeaderStateImpl
2021-11-30 10:08:14,722 [a369f656-5f1a-419f-8148-dd7161541bf1@group-D183E921640B-LeaderElection23] INFO  segmented.SegmentedRaftLogWorker (SegmentedRaftLogWorker.java:startLogSegment(394)) - a369f656-5f1a-419f-8148-dd7161541bf1@group-D183E921640B-SegmentedRaftLogWorker: Starting segment from index:0
2021-11-30 10:08:14,727 [EventQueue-PipelineReportForPipelineReportHandler] INFO  pipeline.PipelineManagerImpl (PipelineManagerImpl.java:openPipeline(289)) - Pipeline Pipeline[ Id: eb8e675b-dbe2-4c1e-bbe8-d183e921640b, Nodes: a369f656-5f1a-419f-8148-dd7161541bf1{ip: 10.1.0.53, host: fv-az297-56.nmf1rxwemy4u5di1sxxf4ejcwb.jx.internal.cloudapp.net, ports: [REPLICATION=44659, RATIS=34899, RATIS_ADMIN=34899, RATIS_SERVER=34899, STANDALONE=36351], networkLocation: /default-rack, certSerialId: null, persistedOpState: IN_SERVICE, persistedOpStateExpiryEpochSec: 0}fc496f33-557f-4ba9-a352-3c0776838466{ip: 10.1.0.53, host: fv-az297-56.nmf1rxwemy4u5di1sxxf4ejcwb.jx.internal.cloudapp.net, ports: [REPLICATION=36767, RATIS=44781, RATIS_ADMIN=44781, RATIS_SERVER=44781, STANDALONE=44407], networkLocation: /default-rack, certSerialId: null, persistedOpState: IN_SERVICE, persistedOpStateExpiryEpochSec: 0}4a8c6e6d-65e8-48ee-8359-0610b7f8095e{ip: 10.1.0.53, host: fv-az297-56.nmf1rxwemy4u5di1sxxf4ejcwb.jx.internal.cloudapp.net, ports: [REPLICATION=43211, RATIS=46879, RATIS_ADMIN=46879, RATIS_SERVER=46879, STANDALONE=39419], networkLocation: /default-rack, certSerialId: null, persistedOpState: IN_SERVICE, persistedOpStateExpiryEpochSec: 0}, ReplicationConfig: RATIS/THREE, State:ALLOCATED, leaderId:a369f656-5f1a-419f-8148-dd7161541bf1, CreationTimestamp2021-11-30T10:07:46.562Z[Etc/UTC]] moved to OPEN state
2021-11-30 10:08:14,736 [a369f656-5f1a-419f-8148-dd7161541bf1@group-D183E921640B-SegmentedRaftLogWorker] INFO  segmented.SegmentedRaftLogWorker (SegmentedRaftLogWorker.java:execute(601)) - a369f656-5f1a-419f-8148-dd7161541bf1@group-D183E921640B-SegmentedRaftLogWorker: created new log segment /home/runner/work/ozone/ozone/hadoop-ozone/integration-test/target/test-dir/MiniOzoneClusterImpl-0e29ee7e-a070-46b0-aa8f-4a21e578e9b3/datanode-2/data/ratis/eb8e675b-dbe2-4c1e-bbe8-d183e921640b/current/log_inprogress_0
2021-11-30 10:08:14,743 [a369f656-5f1a-419f-8148-dd7161541bf1@group-D183E921640B-LeaderElection23] INFO  server.RaftServer$Division (ServerState.java:setRaftConf(387)) - a369f656-5f1a-419f-8148-dd7161541bf1@group-D183E921640B: set configuration 0: [fc496f33-557f-4ba9-a352-3c0776838466|rpc:10.1.0.53:44781|dataStream:|priority:0, 4a8c6e6d-65e8-48ee-8359-0610b7f8095e|rpc:10.1.0.53:46879|dataStream:|priority:0, a369f656-5f1a-419f-8148-dd7161541bf1|rpc:10.1.0.53:34899|dataStream:|priority:1], old=null
2021-11-30 10:08:14,745 [grpc-default-executor-0] INFO  ratis.XceiverServerRatis (XceiverServerRatis.java:handleLeaderChangedNotification(866)) - Leader change notification received for group: group-D183E921640B with new leaderId: a369f656-5f1a-419f-8148-dd7161541bf1
2021-11-30 10:08:14,746 [grpc-default-executor-0] INFO  server.RaftServer$Division (ServerState.java:setLeader(285)) - fc496f33-557f-4ba9-a352-3c0776838466@group-D183E921640B: change Leader from null to a369f656-5f1a-419f-8148-dd7161541bf1 at term 5 for appendEntries, leader elected after 25744ms
2021-11-30 10:08:14,758 [grpc-default-executor-0] INFO  ratis.XceiverServerRatis (XceiverServerRatis.java:handleLeaderChangedNotification(866)) - Leader change notification received for group: group-D183E921640B with new leaderId: a369f656-5f1a-419f-8148-dd7161541bf1
2021-11-30 10:08:14,758 [grpc-default-executor-0] INFO  server.RaftServer$Division (ServerState.java:setLeader(285)) - 4a8c6e6d-65e8-48ee-8359-0610b7f8095e@group-D183E921640B: change Leader from null to a369f656-5f1a-419f-8148-dd7161541bf1 at term 5 for appendEntries, leader elected after 25580ms
2021-11-30 10:08:14,781 [grpc-default-executor-1] INFO  server.RaftServer$Division (ServerState.java:setRaftConf(387)) - fc496f33-557f-4ba9-a352-3c0776838466@group-D183E921640B: set configuration 0: [fc496f33-557f-4ba9-a352-3c0776838466|rpc:10.1.0.53:44781|dataStream:|priority:0, 4a8c6e6d-65e8-48ee-8359-0610b7f8095e|rpc:10.1.0.53:46879|dataStream:|priority:0, a369f656-5f1a-419f-8148-dd7161541bf1|rpc:10.1.0.53:34899|dataStream:|priority:1], old=null
2021-11-30 10:08:14,781 [grpc-default-executor-1] INFO  segmented.SegmentedRaftLogWorker (SegmentedRaftLogWorker.java:startLogSegment(394)) - fc496f33-557f-4ba9-a352-3c0776838466@group-D183E921640B-SegmentedRaftLogWorker: Starting segment from index:0
2021-11-30 10:08:14,783 [fc496f33-557f-4ba9-a352-3c0776838466@group-D183E921640B-SegmentedRaftLogWorker] INFO  segmented.SegmentedRaftLogWorker (SegmentedRaftLogWorker.java:execute(601)) - fc496f33-557f-4ba9-a352-3c0776838466@group-D183E921640B-SegmentedRaftLogWorker: created new log segment /home/runner/work/ozone/ozone/hadoop-ozone/integration-test/target/test-dir/MiniOzoneClusterImpl-0e29ee7e-a070-46b0-aa8f-4a21e578e9b3/datanode-0/data/ratis/eb8e675b-dbe2-4c1e-bbe8-d183e921640b/current/log_inprogress_0
2021-11-30 10:08:14,784 [grpc-default-executor-1] INFO  server.RaftServer$Division (ServerState.java:setRaftConf(387)) - 4a8c6e6d-65e8-48ee-8359-0610b7f8095e@group-D183E921640B: set configuration 0: [fc496f33-557f-4ba9-a352-3c0776838466|rpc:10.1.0.53:44781|dataStream:|priority:0, 4a8c6e6d-65e8-48ee-8359-0610b7f8095e|rpc:10.1.0.53:46879|dataStream:|priority:0, a369f656-5f1a-419f-8148-dd7161541bf1|rpc:10.1.0.53:34899|dataStream:|priority:1], old=null
2021-11-30 10:08:14,800 [grpc-default-executor-1] INFO  segmented.SegmentedRaftLogWorker (SegmentedRaftLogWorker.java:startLogSegment(394)) - 4a8c6e6d-65e8-48ee-8359-0610b7f8095e@group-D183E921640B-SegmentedRaftLogWorker: Starting segment from index:0
2021-11-30 10:08:14,804 [4a8c6e6d-65e8-48ee-8359-0610b7f8095e@group-D183E921640B-SegmentedRaftLogWorker] INFO  segmented.SegmentedRaftLogWorker (SegmentedRaftLogWorker.java:execute(601)) - 4a8c6e6d-65e8-48ee-8359-0610b7f8095e@group-D183E921640B-SegmentedRaftLogWorker: created new log segment /home/runner/work/ozone/ozone/hadoop-ozone/integration-test/target/test-dir/MiniOzoneClusterImpl-0e29ee7e-a070-46b0-aa8f-4a21e578e9b3/datanode-1/data/ratis/eb8e675b-dbe2-4c1e-bbe8-d183e921640b/current/log_inprogress_0
2021-11-30 10:08:15,029 [4a8c6e6d-65e8-48ee-8359-0610b7f8095e@group-E114E9338692-FollowerState] INFO  impl.FollowerState (FollowerState.java:run(134)) - 4a8c6e6d-65e8-48ee-8359-0610b7f8095e@group-E114E9338692-FollowerState: change to CANDIDATE, lastRpcElapsedTime:5028739488ns, electionTimeout:5016ms
2021-11-30 10:08:15,029 [4a8c6e6d-65e8-48ee-8359-0610b7f8095e@group-E114E9338692-FollowerState] INFO  impl.RoleInfo (RoleInfo.java:shutdownFollowerState(108)) - 4a8c6e6d-65e8-48ee-8359-0610b7f8095e: shutdown 4a8c6e6d-65e8-48ee-8359-0610b7f8095e@group-E114E9338692-FollowerState
2021-11-30 10:08:15,029 [4a8c6e6d-65e8-48ee-8359-0610b7f8095e@group-E114E9338692-FollowerState] INFO  server.RaftServer$Division (RaftServerImpl.java:setRole(290)) - 4a8c6e6d-65e8-48ee-8359-0610b7f8095e@group-E114E9338692: changes role from  FOLLOWER to CANDIDATE at term 4 for changeToCandidate
2021-11-30 10:08:15,029 [4a8c6e6d-65e8-48ee-8359-0610b7f8095e@group-E114E9338692-FollowerState] INFO  server.RaftServerConfigKeys (ConfUtils.java:logGet(44)) - raft.server.leaderelection.pre-vote = false (custom)
2021-11-30 10:08:15,029 [4a8c6e6d-65e8-48ee-8359-0610b7f8095e@group-E114E9338692-FollowerState] INFO  impl.RoleInfo (RoleInfo.java:updateAndGet(130)) - 4a8c6e6d-65e8-48ee-8359-0610b7f8095e: start 4a8c6e6d-65e8-48ee-8359-0610b7f8095e@group-E114E9338692-LeaderElection24
2021-11-30 10:08:15,057 [4a8c6e6d-65e8-48ee-8359-0610b7f8095e@group-E114E9338692-LeaderElection24] INFO  impl.LeaderElection (LeaderElection.java:askForVotes(306)) - 4a8c6e6d-65e8-48ee-8359-0610b7f8095e@group-E114E9338692-LeaderElection24 ELECTION round 0: submit vote requests at term 5 for -1: [fc496f33-557f-4ba9-a352-3c0776838466|rpc:10.1.0.53:44781|priority:0, 4a8c6e6d-65e8-48ee-8359-0610b7f8095e|rpc:10.1.0.53:46879|priority:1, a369f656-5f1a-419f-8148-dd7161541bf1|rpc:10.1.0.53:34899|priority:0], old=null
2021-11-30 10:08:15,065 [grpc-default-executor-0] INFO  server.RaftServer$Division (RaftServerImpl.java:requestVote(1046)) - fc496f33-557f-4ba9-a352-3c0776838466@group-E114E9338692: receive requestVote(ELECTION, 4a8c6e6d-65e8-48ee-8359-0610b7f8095e, group-E114E9338692, 5, (t:0, i:0))
2021-11-30 10:08:15,065 [grpc-default-executor-0] INFO  impl.VoteContext (VoteContext.java:log(48)) - fc496f33-557f-4ba9-a352-3c0776838466@group-E114E9338692-FOLLOWER: accept ELECTION from 4a8c6e6d-65e8-48ee-8359-0610b7f8095e: our priority 0 <= candidate's priority 1
2021-11-30 10:08:15,065 [grpc-default-executor-0] INFO  server.RaftServer$Division (RaftServerImpl.java:setRole(290)) - fc496f33-557f-4ba9-a352-3c0776838466@group-E114E9338692: changes role from  FOLLOWER to FOLLOWER at term 5 for candidate:4a8c6e6d-65e8-48ee-8359-0610b7f8095e
2021-11-30 10:08:15,065 [grpc-default-executor-0] INFO  impl.RoleInfo (RoleInfo.java:shutdownFollowerState(108)) - fc496f33-557f-4ba9-a352-3c0776838466: shutdown fc496f33-557f-4ba9-a352-3c0776838466@group-E114E9338692-FollowerState
2021-11-30 10:08:15,068 [grpc-default-executor-0] INFO  impl.RoleInfo (RoleInfo.java:updateAndGet(130)) - fc496f33-557f-4ba9-a352-3c0776838466: start fc496f33-557f-4ba9-a352-3c0776838466@group-E114E9338692-FollowerState
2021-11-30 10:08:15,068 [fc496f33-557f-4ba9-a352-3c0776838466@group-E114E9338692-FollowerState] INFO  impl.FollowerState (FollowerState.java:run(143)) - fc496f33-557f-4ba9-a352-3c0776838466@group-E114E9338692-FollowerState was interrupted: {}
java.lang.InterruptedException: sleep interrupted
	at java.lang.Thread.sleep(Native Method)
	at java.lang.Thread.sleep(Thread.java:340)
	at java.util.concurrent.TimeUnit.sleep(TimeUnit.java:386)
	at org.apache.ratis.util.TimeDuration.sleep(TimeDuration.java:324)
	at org.apache.ratis.util.TimeDuration.sleep(TimeDuration.java:309)
	at org.apache.ratis.server.impl.FollowerState.run(FollowerState.java:118)
2021-11-30 10:08:15,072 [grpc-default-executor-1] INFO  server.RaftServer$Division (RaftServerImpl.java:requestVote(1046)) - a369f656-5f1a-419f-8148-dd7161541bf1@group-E114E9338692: receive requestVote(ELECTION, 4a8c6e6d-65e8-48ee-8359-0610b7f8095e, group-E114E9338692, 5, (t:0, i:0))
2021-11-30 10:08:15,072 [grpc-default-executor-1] INFO  impl.VoteContext (VoteContext.java:log(48)) - a369f656-5f1a-419f-8148-dd7161541bf1@group-E114E9338692-FOLLOWER: accept ELECTION from 4a8c6e6d-65e8-48ee-8359-0610b7f8095e: our priority 0 <= candidate's priority 1
2021-11-30 10:08:15,072 [grpc-default-executor-1] INFO  server.RaftServer$Division (RaftServerImpl.java:setRole(290)) - a369f656-5f1a-419f-8148-dd7161541bf1@group-E114E9338692: changes role from  FOLLOWER to FOLLOWER at term 5 for candidate:4a8c6e6d-65e8-48ee-8359-0610b7f8095e
2021-11-30 10:08:15,072 [grpc-default-executor-1] INFO  impl.RoleInfo (RoleInfo.java:shutdownFollowerState(108)) - a369f656-5f1a-419f-8148-dd7161541bf1: shutdown a369f656-5f1a-419f-8148-dd7161541bf1@group-E114E9338692-FollowerState
2021-11-30 10:08:15,075 [grpc-default-executor-1] INFO  impl.RoleInfo (RoleInfo.java:updateAndGet(130)) - a369f656-5f1a-419f-8148-dd7161541bf1: start a369f656-5f1a-419f-8148-dd7161541bf1@group-E114E9338692-FollowerState
2021-11-30 10:08:15,075 [a369f656-5f1a-419f-8148-dd7161541bf1@group-E114E9338692-FollowerState] INFO  impl.FollowerState (FollowerState.java:run(143)) - a369f656-5f1a-419f-8148-dd7161541bf1@group-E114E9338692-FollowerState was interrupted: {}
java.lang.InterruptedException: sleep interrupted
	at java.lang.Thread.sleep(Native Method)
	at java.lang.Thread.sleep(Thread.java:340)
	at java.util.concurrent.TimeUnit.sleep(TimeUnit.java:386)
	at org.apache.ratis.util.TimeDuration.sleep(TimeDuration.java:324)
	at org.apache.ratis.util.TimeDuration.sleep(TimeDuration.java:309)
	at org.apache.ratis.server.impl.FollowerState.run(FollowerState.java:118)
2021-11-30 10:08:15,076 [grpc-default-executor-0] INFO  server.RaftServer$Division (RaftServerImpl.java:requestVote(1078)) - fc496f33-557f-4ba9-a352-3c0776838466@group-E114E9338692 replies to ELECTION vote request: 4a8c6e6d-65e8-48ee-8359-0610b7f8095e<-fc496f33-557f-4ba9-a352-3c0776838466#0:OK-t5. Peer's state: fc496f33-557f-4ba9-a352-3c0776838466@group-E114E9338692:t5, leader=null, voted=4a8c6e6d-65e8-48ee-8359-0610b7f8095e, raftlog=fc496f33-557f-4ba9-a352-3c0776838466@group-E114E9338692-SegmentedRaftLog:OPENED:c-1, conf=-1: [fc496f33-557f-4ba9-a352-3c0776838466|rpc:10.1.0.53:44781|dataStream:|priority:0, 4a8c6e6d-65e8-48ee-8359-0610b7f8095e|rpc:10.1.0.53:46879|dataStream:|priority:1, a369f656-5f1a-419f-8148-dd7161541bf1|rpc:10.1.0.53:34899|dataStream:|priority:0], old=null
2021-11-30 10:08:15,083 [grpc-default-executor-1] INFO  server.RaftServer$Division (RaftServerImpl.java:requestVote(1078)) - a369f656-5f1a-419f-8148-dd7161541bf1@group-E114E9338692 replies to ELECTION vote request: 4a8c6e6d-65e8-48ee-8359-0610b7f8095e<-a369f656-5f1a-419f-8148-dd7161541bf1#0:OK-t5. Peer's state: a369f656-5f1a-419f-8148-dd7161541bf1@group-E114E9338692:t5, leader=null, voted=4a8c6e6d-65e8-48ee-8359-0610b7f8095e, raftlog=a369f656-5f1a-419f-8148-dd7161541bf1@group-E114E9338692-SegmentedRaftLog:OPENED:c-1, conf=-1: [fc496f33-557f-4ba9-a352-3c0776838466|rpc:10.1.0.53:44781|priority:0, 4a8c6e6d-65e8-48ee-8359-0610b7f8095e|rpc:10.1.0.53:46879|priority:1, a369f656-5f1a-419f-8148-dd7161541bf1|rpc:10.1.0.53:34899|priority:0], old=null
2021-11-30 10:08:15,093 [4a8c6e6d-65e8-48ee-8359-0610b7f8095e@group-E114E9338692-LeaderElection24] INFO  impl.LeaderElection (LeaderElection.java:logAndReturn(89)) - 4a8c6e6d-65e8-48ee-8359-0610b7f8095e@group-E114E9338692-LeaderElection24: ELECTION PASSED received 1 response(s) and 0 exception(s):
2021-11-30 10:08:15,094 [4a8c6e6d-65e8-48ee-8359-0610b7f8095e@group-E114E9338692-LeaderElection24] INFO  impl.LeaderElection (LeaderElection.java:logAndReturn(93)) -   Response 0: 4a8c6e6d-65e8-48ee-8359-0610b7f8095e<-a369f656-5f1a-419f-8148-dd7161541bf1#0:OK-t5
2021-11-30 10:08:15,094 [4a8c6e6d-65e8-48ee-8359-0610b7f8095e@group-E114E9338692-LeaderElection24] INFO  impl.LeaderElection (LeaderElection.java:askForVotes(308)) - 4a8c6e6d-65e8-48ee-8359-0610b7f8095e@group-E114E9338692-LeaderElection24 ELECTION round 0: result PASSED
2021-11-30 10:08:15,094 [4a8c6e6d-65e8-48ee-8359-0610b7f8095e@group-E114E9338692-LeaderElection24] INFO  impl.RoleInfo (RoleInfo.java:shutdownLeaderElection(121)) - 4a8c6e6d-65e8-48ee-8359-0610b7f8095e: shutdown 4a8c6e6d-65e8-48ee-8359-0610b7f8095e@group-E114E9338692-LeaderElection24
2021-11-30 10:08:15,094 [4a8c6e6d-65e8-48ee-8359-0610b7f8095e@group-E114E9338692-LeaderElection24] INFO  server.RaftServer$Division (RaftServerImpl.java:setRole(290)) - 4a8c6e6d-65e8-48ee-8359-0610b7f8095e@group-E114E9338692: changes role from CANDIDATE to LEADER at term 5 for changeToLeader
2021-11-30 10:08:15,094 [4a8c6e6d-65e8-48ee-8359-0610b7f8095e@group-E114E9338692-LeaderElection24] INFO  ratis.XceiverServerRatis (XceiverServerRatis.java:handleLeaderChangedNotification(866)) - Leader change notification received for group: group-E114E9338692 with new leaderId: 4a8c6e6d-65e8-48ee-8359-0610b7f8095e
2021-11-30 10:08:15,094 [4a8c6e6d-65e8-48ee-8359-0610b7f8095e@group-E114E9338692-LeaderElection24] INFO  server.RaftServer$Division (ServerState.java:setLeader(285)) - 4a8c6e6d-65e8-48ee-8359-0610b7f8095e@group-E114E9338692: change Leader from null to 4a8c6e6d-65e8-48ee-8359-0610b7f8095e at term 5 for becomeLeader, leader elected after 25253ms
2021-11-30 10:08:15,094 [4a8c6e6d-65e8-48ee-8359-0610b7f8095e@group-E114E9338692-LeaderElection24] INFO  server.RaftServerConfigKeys (ConfUtils.java:logGet(44)) - raft.server.staging.catchup.gap = 1000 (default)
2021-11-30 10:08:15,094 [4a8c6e6d-65e8-48ee-8359-0610b7f8095e@group-E114E9338692-LeaderElection24] INFO  server.RaftServerConfigKeys (ConfUtils.java:logGet(44)) - raft.server.write.element-limit = 1024 (custom)
2021-11-30 10:08:15,094 [4a8c6e6d-65e8-48ee-8359-0610b7f8095e@group-E114E9338692-LeaderElection24] INFO  server.RaftServerConfigKeys (ConfUtils.java:logGet(44)) - raft.server.write.byte-limit = 1024 M (=1073741824) (custom)
2021-11-30 10:08:15,095 [4a8c6e6d-65e8-48ee-8359-0610b7f8095e@group-E114E9338692-LeaderElection24] INFO  server.RaftServerConfigKeys (ConfUtils.java:logGet(44)) - raft.server.watch.timeout = 3000ms (custom)
2021-11-30 10:08:15,095 [4a8c6e6d-65e8-48ee-8359-0610b7f8095e@group-E114E9338692-LeaderElection24] INFO  server.RaftServerConfigKeys (ConfUtils.java:logGet(44)) - raft.server.watch.timeout.denomination = 1s (default)
2021-11-30 10:08:15,095 [4a8c6e6d-65e8-48ee-8359-0610b7f8095e@group-E114E9338692-LeaderElection24] INFO  server.RaftServerConfigKeys (ConfUtils.java:logGet(44)) - raft.server.watch.element-limit = 65536 (default)
2021-11-30 10:08:15,095 [4a8c6e6d-65e8-48ee-8359-0610b7f8095e@group-E114E9338692-LeaderElection24] INFO  server.RaftServerConfigKeys (ConfUtils.java:logGet(44)) - raft.server.write.element-limit = 1024 (custom)
2021-11-30 10:08:15,095 [4a8c6e6d-65e8-48ee-8359-0610b7f8095e@group-E114E9338692-LeaderElection24] INFO  server.RaftServerConfigKeys (ConfUtils.java:logGet(44)) - raft.server.write.follower.gap.ratio.max = -1.0 (default)
2021-11-30 10:08:15,095 [4a8c6e6d-65e8-48ee-8359-0610b7f8095e@group-E114E9338692-LeaderElection24] INFO  server.RaftServerConfigKeys (ConfUtils.java:logGet(44)) - raft.server.log.appender.snapshot.chunk.size.max = 16MB (=16777216) (default)
2021-11-30 10:08:15,095 [4a8c6e6d-65e8-48ee-8359-0610b7f8095e@group-E114E9338692-LeaderElection24] INFO  server.RaftServerConfigKeys (ConfUtils.java:logGet(44)) - raft.server.log.appender.buffer.byte-limit = 33554432 (custom)
2021-11-30 10:08:15,095 [4a8c6e6d-65e8-48ee-8359-0610b7f8095e@group-E114E9338692-LeaderElection24] INFO  server.RaftServerConfigKeys (ConfUtils.java:logGet(44)) - raft.server.log.appender.buffer.element-limit = 1 (custom)
2021-11-30 10:08:15,095 [4a8c6e6d-65e8-48ee-8359-0610b7f8095e@group-E114E9338692-LeaderElection24] INFO  grpc.GrpcConfigKeys (ConfUtils.java:logGet(44)) - raft.grpc.server.leader.outstanding.appends.max = 128 (default)
2021-11-30 10:08:15,095 [4a8c6e6d-65e8-48ee-8359-0610b7f8095e@group-E114E9338692-LeaderElection24] INFO  server.RaftServerConfigKeys (ConfUtils.java:logGet(44)) - raft.server.rpc.request.timeout = 3000ms (default)
2021-11-30 10:08:15,095 [4a8c6e6d-65e8-48ee-8359-0610b7f8095e@group-E114E9338692-LeaderElection24] INFO  server.RaftServerConfigKeys (ConfUtils.java:logGet(44)) - raft.server.log.appender.install.snapshot.enabled = false (custom)
2021-11-30 10:08:15,096 [EventQueue-PipelineReportForPipelineReportHandler] INFO  pipeline.PipelineManagerImpl (PipelineManagerImpl.java:openPipeline(289)) - Pipeline Pipeline[ Id: a798c64c-2b0c-4b84-be7e-e114e9338692, Nodes: fc496f33-557f-4ba9-a352-3c0776838466{ip: 10.1.0.53, host: fv-az297-56.nmf1rxwemy4u5di1sxxf4ejcwb.jx.internal.cloudapp.net, ports: [REPLICATION=36767, RATIS=44781, RATIS_ADMIN=44781, RATIS_SERVER=44781, STANDALONE=44407], networkLocation: /default-rack, certSerialId: null, persistedOpState: IN_SERVICE, persistedOpStateExpiryEpochSec: 0}4a8c6e6d-65e8-48ee-8359-0610b7f8095e{ip: 10.1.0.53, host: fv-az297-56.nmf1rxwemy4u5di1sxxf4ejcwb.jx.internal.cloudapp.net, ports: [REPLICATION=43211, RATIS=46879, RATIS_ADMIN=46879, RATIS_SERVER=46879, STANDALONE=39419], networkLocation: /default-rack, certSerialId: null, persistedOpState: IN_SERVICE, persistedOpStateExpiryEpochSec: 0}a369f656-5f1a-419f-8148-dd7161541bf1{ip: 10.1.0.53, host: fv-az297-56.nmf1rxwemy4u5di1sxxf4ejcwb.jx.internal.cloudapp.net, ports: [REPLICATION=44659, RATIS=34899, RATIS_ADMIN=34899, RATIS_SERVER=34899, STANDALONE=36351], networkLocation: /default-rack, certSerialId: null, persistedOpState: IN_SERVICE, persistedOpStateExpiryEpochSec: 0}, ReplicationConfig: RATIS/THREE, State:ALLOCATED, leaderId:4a8c6e6d-65e8-48ee-8359-0610b7f8095e, CreationTimestamp2021-11-30T10:07:46.564Z[Etc/UTC]] moved to OPEN state
2021-11-30 10:08:15,097 [4a8c6e6d-65e8-48ee-8359-0610b7f8095e@group-E114E9338692-LeaderElection24] INFO  server.RaftServerConfigKeys (ConfUtils.java:logGet(44)) - raft.server.log.appender.snapshot.chunk.size.max = 16MB (=16777216) (default)
2021-11-30 10:08:15,097 [4a8c6e6d-65e8-48ee-8359-0610b7f8095e@group-E114E9338692-LeaderElection24] INFO  server.RaftServerConfigKeys (ConfUtils.java:logGet(44)) - raft.server.log.appender.buffer.byte-limit = 33554432 (custom)
2021-11-30 10:08:15,097 [4a8c6e6d-65e8-48ee-8359-0610b7f8095e@group-E114E9338692-LeaderElection24] INFO  server.RaftServerConfigKeys (ConfUtils.java:logGet(44)) - raft.server.log.appender.buffer.element-limit = 1 (custom)
2021-11-30 10:08:15,097 [4a8c6e6d-65e8-48ee-8359-0610b7f8095e@group-E114E9338692-LeaderElection24] INFO  grpc.GrpcConfigKeys (ConfUtils.java:logGet(44)) - raft.grpc.server.leader.outstanding.appends.max = 128 (default)
2021-11-30 10:08:15,097 [4a8c6e6d-65e8-48ee-8359-0610b7f8095e@group-E114E9338692-LeaderElection24] INFO  server.RaftServerConfigKeys (ConfUtils.java:logGet(44)) - raft.server.rpc.request.timeout = 3000ms (default)
2021-11-30 10:08:15,097 [4a8c6e6d-65e8-48ee-8359-0610b7f8095e@group-E114E9338692-LeaderElection24] INFO  server.RaftServerConfigKeys (ConfUtils.java:logGet(44)) - raft.server.log.appender.install.snapshot.enabled = false (custom)
2021-11-30 10:08:15,098 [4a8c6e6d-65e8-48ee-8359-0610b7f8095e@group-E114E9338692-LeaderElection24] INFO  impl.RoleInfo (RoleInfo.java:updateAndGet(130)) - 4a8c6e6d-65e8-48ee-8359-0610b7f8095e: start 4a8c6e6d-65e8-48ee-8359-0610b7f8095e@group-E114E9338692-LeaderStateImpl
2021-11-30 10:08:15,099 [4a8c6e6d-65e8-48ee-8359-0610b7f8095e@group-E114E9338692-LeaderElection24] INFO  segmented.SegmentedRaftLogWorker (SegmentedRaftLogWorker.java:startLogSegment(394)) - 4a8c6e6d-65e8-48ee-8359-0610b7f8095e@group-E114E9338692-SegmentedRaftLogWorker: Starting segment from index:0
2021-11-30 10:08:15,100 [4a8c6e6d-65e8-48ee-8359-0610b7f8095e@group-E114E9338692-SegmentedRaftLogWorker] INFO  segmented.SegmentedRaftLogWorker (SegmentedRaftLogWorker.java:execute(601)) - 4a8c6e6d-65e8-48ee-8359-0610b7f8095e@group-E114E9338692-SegmentedRaftLogWorker: created new log segment /home/runner/work/ozone/ozone/hadoop-ozone/integration-test/target/test-dir/MiniOzoneClusterImpl-0e29ee7e-a070-46b0-aa8f-4a21e578e9b3/datanode-1/data/ratis/a798c64c-2b0c-4b84-be7e-e114e9338692/current/log_inprogress_0
2021-11-30 10:08:15,132 [grpc-default-executor-0] INFO  ratis.XceiverServerRatis (XceiverServerRatis.java:handleLeaderChangedNotification(866)) - Leader change notification received for group: group-E114E9338692 with new leaderId: 4a8c6e6d-65e8-48ee-8359-0610b7f8095e
2021-11-30 10:08:15,132 [grpc-default-executor-0] INFO  server.RaftServer$Division (ServerState.java:setLeader(285)) - a369f656-5f1a-419f-8148-dd7161541bf1@group-E114E9338692: change Leader from null to 4a8c6e6d-65e8-48ee-8359-0610b7f8095e at term 5 for appendEntries, leader elected after 25456ms
2021-11-30 10:08:15,135 [4a8c6e6d-65e8-48ee-8359-0610b7f8095e@group-E114E9338692-LeaderElection24] INFO  server.RaftServer$Division (ServerState.java:setRaftConf(387)) - 4a8c6e6d-65e8-48ee-8359-0610b7f8095e@group-E114E9338692: set configuration 0: [fc496f33-557f-4ba9-a352-3c0776838466|rpc:10.1.0.53:44781|dataStream:|priority:0, 4a8c6e6d-65e8-48ee-8359-0610b7f8095e|rpc:10.1.0.53:46879|dataStream:|priority:1, a369f656-5f1a-419f-8148-dd7161541bf1|rpc:10.1.0.53:34899|dataStream:|priority:0], old=null
2021-11-30 10:08:15,149 [grpc-default-executor-1] INFO  ratis.XceiverServerRatis (XceiverServerRatis.java:handleLeaderChangedNotification(866)) - Leader change notification received for group: group-E114E9338692 with new leaderId: 4a8c6e6d-65e8-48ee-8359-0610b7f8095e
2021-11-30 10:08:15,149 [grpc-default-executor-1] INFO  server.RaftServer$Division (ServerState.java:setLeader(285)) - fc496f33-557f-4ba9-a352-3c0776838466@group-E114E9338692: change Leader from null to 4a8c6e6d-65e8-48ee-8359-0610b7f8095e at term 5 for appendEntries, leader elected after 25394ms
2021-11-30 10:08:15,160 [grpc-default-executor-1] INFO  server.RaftServer$Division (ServerState.java:setRaftConf(387)) - fc496f33-557f-4ba9-a352-3c0776838466@group-E114E9338692: set configuration 0: [fc496f33-557f-4ba9-a352-3c0776838466|rpc:10.1.0.53:44781|dataStream:|priority:0, 4a8c6e6d-65e8-48ee-8359-0610b7f8095e|rpc:10.1.0.53:46879|dataStream:|priority:1, a369f656-5f1a-419f-8148-dd7161541bf1|rpc:10.1.0.53:34899|dataStream:|priority:0], old=null
2021-11-30 10:08:15,160 [grpc-default-executor-0] INFO  server.RaftServer$Division (ServerState.java:setRaftConf(387)) - a369f656-5f1a-419f-8148-dd7161541bf1@group-E114E9338692: set configuration 0: [fc496f33-557f-4ba9-a352-3c0776838466|rpc:10.1.0.53:44781|dataStream:|priority:0, 4a8c6e6d-65e8-48ee-8359-0610b7f8095e|rpc:10.1.0.53:46879|dataStream:|priority:1, a369f656-5f1a-419f-8148-dd7161541bf1|rpc:10.1.0.53:34899|dataStream:|priority:0], old=null
2021-11-30 10:08:15,160 [grpc-default-executor-1] INFO  segmented.SegmentedRaftLogWorker (SegmentedRaftLogWorker.java:startLogSegment(394)) - fc496f33-557f-4ba9-a352-3c0776838466@group-E114E9338692-SegmentedRaftLogWorker: Starting segment from index:0
2021-11-30 10:08:15,161 [grpc-default-executor-0] INFO  segmented.SegmentedRaftLogWorker (SegmentedRaftLogWorker.java:startLogSegment(394)) - a369f656-5f1a-419f-8148-dd7161541bf1@group-E114E9338692-SegmentedRaftLogWorker: Starting segment from index:0
2021-11-30 10:08:15,162 [fc496f33-557f-4ba9-a352-3c0776838466@group-E114E9338692-SegmentedRaftLogWorker] INFO  segmented.SegmentedRaftLogWorker (SegmentedRaftLogWorker.java:execute(601)) - fc496f33-557f-4ba9-a352-3c0776838466@group-E114E9338692-SegmentedRaftLogWorker: created new log segment /home/runner/work/ozone/ozone/hadoop-ozone/integration-test/target/test-dir/MiniOzoneClusterImpl-0e29ee7e-a070-46b0-aa8f-4a21e578e9b3/datanode-0/data/ratis/a798c64c-2b0c-4b84-be7e-e114e9338692/current/log_inprogress_0
2021-11-30 10:08:15,162 [a369f656-5f1a-419f-8148-dd7161541bf1@group-E114E9338692-SegmentedRaftLogWorker] INFO  segmented.SegmentedRaftLogWorker (SegmentedRaftLogWorker.java:execute(601)) - a369f656-5f1a-419f-8148-dd7161541bf1@group-E114E9338692-SegmentedRaftLogWorker: created new log segment /home/runner/work/ozone/ozone/hadoop-ozone/integration-test/target/test-dir/MiniOzoneClusterImpl-0e29ee7e-a070-46b0-aa8f-4a21e578e9b3/datanode-2/data/ratis/a798c64c-2b0c-4b84-be7e-e114e9338692/current/log_inprogress_0
2021-11-30 10:08:15,380 [594a5f90-d5fa-4b06-ac33-1af263ebc166@group-D1C7A318DF2B-FollowerState] INFO  impl.FollowerState (FollowerState.java:run(134)) - 594a5f90-d5fa-4b06-ac33-1af263ebc166@group-D1C7A318DF2B-FollowerState: change to CANDIDATE, lastRpcElapsedTime:7491723710ns, electionTimeout:5076ms
2021-11-30 10:08:15,380 [594a5f90-d5fa-4b06-ac33-1af263ebc166@group-D1C7A318DF2B-FollowerState] INFO  impl.RoleInfo (RoleInfo.java:shutdownFollowerState(108)) - 594a5f90-d5fa-4b06-ac33-1af263ebc166: shutdown 594a5f90-d5fa-4b06-ac33-1af263ebc166@group-D1C7A318DF2B-FollowerState
2021-11-30 10:08:15,380 [594a5f90-d5fa-4b06-ac33-1af263ebc166@group-D1C7A318DF2B-FollowerState] INFO  server.RaftServer$Division (RaftServerImpl.java:setRole(290)) - 594a5f90-d5fa-4b06-ac33-1af263ebc166@group-D1C7A318DF2B: changes role from  FOLLOWER to CANDIDATE at term 3 for changeToCandidate
2021-11-30 10:08:15,380 [594a5f90-d5fa-4b06-ac33-1af263ebc166@group-D1C7A318DF2B-FollowerState] INFO  server.RaftServerConfigKeys (ConfUtils.java:logGet(44)) - raft.server.leaderelection.pre-vote = false (custom)
2021-11-30 10:08:15,380 [594a5f90-d5fa-4b06-ac33-1af263ebc166@group-D1C7A318DF2B-FollowerState] INFO  impl.RoleInfo (RoleInfo.java:updateAndGet(130)) - 594a5f90-d5fa-4b06-ac33-1af263ebc166: start 594a5f90-d5fa-4b06-ac33-1af263ebc166@group-D1C7A318DF2B-LeaderElection25
2021-11-30 10:08:15,384 [594a5f90-d5fa-4b06-ac33-1af263ebc166@group-D1C7A318DF2B-LeaderElection25] INFO  server.RaftServer$Division (ServerState.java:setLeader(285)) - 594a5f90-d5fa-4b06-ac33-1af263ebc166@group-D1C7A318DF2B: change Leader from f261d845-a31c-4557-bbf6-cf3b66338abe to null at term 3 for ELECTION
2021-11-30 10:08:15,388 [594a5f90-d5fa-4b06-ac33-1af263ebc166@group-D1C7A318DF2B-LeaderElection25] INFO  impl.LeaderElection (LeaderElection.java:askForVotes(306)) - 594a5f90-d5fa-4b06-ac33-1af263ebc166@group-D1C7A318DF2B-LeaderElection25 ELECTION round 0: submit vote requests at term 4 for 0: [594a5f90-d5fa-4b06-ac33-1af263ebc166|rpc:10.1.0.53:39275|dataStream:|priority:0, f261d845-a31c-4557-bbf6-cf3b66338abe|rpc:10.1.0.53:34515|dataStream:|priority:0, 9100756b-960e-45b3-aeba-6353ed9ea095|rpc:10.1.0.53:41205|dataStream:|priority:1], old=null
2021-11-30 10:08:15,393 [594a5f90-d5fa-4b06-ac33-1af263ebc166@group-D1C7A318DF2B-LeaderElection25] INFO  impl.LeaderElection (LogUtils.java:infoOrTrace(137)) - 594a5f90-d5fa-4b06-ac33-1af263ebc166@group-D1C7A318DF2B-LeaderElection25 got exception when requesting votes: java.util.concurrent.ExecutionException: org.apache.ratis.thirdparty.io.grpc.StatusRuntimeException: UNAVAILABLE: io exception
2021-11-30 10:08:15,397 [594a5f90-d5fa-4b06-ac33-1af263ebc166@group-D1C7A318DF2B-LeaderElection25] INFO  impl.LeaderElection (LogUtils.java:infoOrTrace(137)) - 594a5f90-d5fa-4b06-ac33-1af263ebc166@group-D1C7A318DF2B-LeaderElection25 got exception when requesting votes: java.util.concurrent.ExecutionException: org.apache.ratis.thirdparty.io.grpc.StatusRuntimeException: UNAVAILABLE: io exception
2021-11-30 10:08:15,397 [594a5f90-d5fa-4b06-ac33-1af263ebc166@group-D1C7A318DF2B-LeaderElection25] INFO  impl.LeaderElection (LeaderElection.java:logAndReturn(89)) - 594a5f90-d5fa-4b06-ac33-1af263ebc166@group-D1C7A318DF2B-LeaderElection25: ELECTION REJECTED received 0 response(s) and 2 exception(s):
2021-11-30 10:08:15,397 [594a5f90-d5fa-4b06-ac33-1af263ebc166@group-D1C7A318DF2B-LeaderElection25] INFO  impl.LeaderElection (LogUtils.java:infoOrTrace(137)) -   Exception 0: java.util.concurrent.ExecutionException: org.apache.ratis.thirdparty.io.grpc.StatusRuntimeException: UNAVAILABLE: io exception
2021-11-30 10:08:15,397 [594a5f90-d5fa-4b06-ac33-1af263ebc166@group-D1C7A318DF2B-LeaderElection25] INFO  impl.LeaderElection (LogUtils.java:infoOrTrace(137)) -   Exception 1: java.util.concurrent.ExecutionException: org.apache.ratis.thirdparty.io.grpc.StatusRuntimeException: UNAVAILABLE: io exception
2021-11-30 10:08:15,397 [594a5f90-d5fa-4b06-ac33-1af263ebc166@group-D1C7A318DF2B-LeaderElection25] INFO  impl.LeaderElection (LeaderElection.java:askForVotes(308)) - 594a5f90-d5fa-4b06-ac33-1af263ebc166@group-D1C7A318DF2B-LeaderElection25 ELECTION round 0: result REJECTED
2021-11-30 10:08:15,397 [594a5f90-d5fa-4b06-ac33-1af263ebc166@group-D1C7A318DF2B-LeaderElection25] INFO  server.RaftServer$Division (RaftServerImpl.java:setRole(290)) - 594a5f90-d5fa-4b06-ac33-1af263ebc166@group-D1C7A318DF2B: changes role from CANDIDATE to FOLLOWER at term 4 for REJECTED
2021-11-30 10:08:15,397 [594a5f90-d5fa-4b06-ac33-1af263ebc166@group-D1C7A318DF2B-LeaderElection25] INFO  impl.RoleInfo (RoleInfo.java:shutdownLeaderElection(121)) - 594a5f90-d5fa-4b06-ac33-1af263ebc166: shutdown 594a5f90-d5fa-4b06-ac33-1af263ebc166@group-D1C7A318DF2B-LeaderElection25
2021-11-30 10:08:15,397 [594a5f90-d5fa-4b06-ac33-1af263ebc166@group-D1C7A318DF2B-LeaderElection25] INFO  impl.RoleInfo (RoleInfo.java:updateAndGet(130)) - 594a5f90-d5fa-4b06-ac33-1af263ebc166: start 594a5f90-d5fa-4b06-ac33-1af263ebc166@group-D1C7A318DF2B-FollowerState
2021-11-30 10:08:16,452 [EventQueue-DeadNodeForDeadNodeHandler] INFO  node.DeadNodeHandler (DeadNodeHandler.java:onMessage(80)) - A dead datanode is detected. 9100756b-960e-45b3-aeba-6353ed9ea095{ip: 10.1.0.53, host: fv-az297-56.nmf1rxwemy4u5di1sxxf4ejcwb.jx.internal.cloudapp.net, ports: [REPLICATION=38163, RATIS=41205, RATIS_ADMIN=41205, RATIS_SERVER=41205, STANDALONE=34613], networkLocation: /default-rack, certSerialId: null, persistedOpState: IN_SERVICE, persistedOpStateExpiryEpochSec: 0}
2021-11-30 10:08:16,454 [EventQueue-DeadNodeForDeadNodeHandler] INFO  pipeline.RatisPipelineProvider (RatisPipelineProvider.java:lambda$close$1(222)) - Send pipeline:PipelineID=8c4c6b63-eaa5-43cf-a829-d1c7a318df2b close command to datanode f261d845-a31c-4557-bbf6-cf3b66338abe
2021-11-30 10:08:16,460 [EventQueue-DeadNodeForDeadNodeHandler] INFO  pipeline.RatisPipelineProvider (RatisPipelineProvider.java:lambda$close$1(222)) - Send pipeline:PipelineID=8c4c6b63-eaa5-43cf-a829-d1c7a318df2b close command to datanode 9100756b-960e-45b3-aeba-6353ed9ea095
2021-11-30 10:08:16,460 [EventQueue-DeadNodeForDeadNodeHandler] INFO  pipeline.RatisPipelineProvider (RatisPipelineProvider.java:lambda$close$1(222)) - Send pipeline:PipelineID=8c4c6b63-eaa5-43cf-a829-d1c7a318df2b close command to datanode 594a5f90-d5fa-4b06-ac33-1af263ebc166
2021-11-30 10:08:16,463 [EventQueue-DeadNodeForDeadNodeHandler] INFO  pipeline.PipelineStateManagerImpl (PipelineStateManagerImpl.java:removePipeline(223)) - Pipeline Pipeline[ Id: 8c4c6b63-eaa5-43cf-a829-d1c7a318df2b, Nodes: f261d845-a31c-4557-bbf6-cf3b66338abe{ip: 10.1.0.53, host: fv-az297-56.nmf1rxwemy4u5di1sxxf4ejcwb.jx.internal.cloudapp.net, ports: [REPLICATION=42837, RATIS=34515, RATIS_ADMIN=34515, RATIS_SERVER=34515, STANDALONE=35037], networkLocation: /default-rack, certSerialId: null, persistedOpState: IN_SERVICE, persistedOpStateExpiryEpochSec: 0}9100756b-960e-45b3-aeba-6353ed9ea095{ip: 10.1.0.53, host: fv-az297-56.nmf1rxwemy4u5di1sxxf4ejcwb.jx.internal.cloudapp.net, ports: [REPLICATION=38163, RATIS=41205, RATIS_ADMIN=41205, RATIS_SERVER=41205, STANDALONE=34613], networkLocation: /default-rack, certSerialId: null, persistedOpState: IN_SERVICE, persistedOpStateExpiryEpochSec: 0}594a5f90-d5fa-4b06-ac33-1af263ebc166{ip: 10.1.0.53, host: fv-az297-56.nmf1rxwemy4u5di1sxxf4ejcwb.jx.internal.cloudapp.net, ports: [REPLICATION=39225, RATIS=39275, RATIS_ADMIN=39275, RATIS_SERVER=39275, STANDALONE=45399], networkLocation: /default-rack, certSerialId: null, persistedOpState: IN_SERVICE, persistedOpStateExpiryEpochSec: 0}, ReplicationConfig: RATIS/THREE, State:CLOSED, leaderId:, CreationTimestamp2021-11-30T10:07:47.194Z[Etc/UTC]] removed.
2021-11-30 10:08:16,463 [EventQueue-DeadNodeForDeadNodeHandler] INFO  pipeline.RatisPipelineProvider (RatisPipelineProvider.java:lambda$close$1(222)) - Send pipeline:PipelineID=a30b9f78-d6c2-4975-b652-d8cadbbb701c close command to datanode 9100756b-960e-45b3-aeba-6353ed9ea095
2021-11-30 10:08:16,467 [EventQueue-DeadNodeForDeadNodeHandler] INFO  pipeline.PipelineStateManagerImpl (PipelineStateManagerImpl.java:removePipeline(223)) - Pipeline Pipeline[ Id: a30b9f78-d6c2-4975-b652-d8cadbbb701c, Nodes: 9100756b-960e-45b3-aeba-6353ed9ea095{ip: 10.1.0.53, host: fv-az297-56.nmf1rxwemy4u5di1sxxf4ejcwb.jx.internal.cloudapp.net, ports: [REPLICATION=38163, RATIS=41205, RATIS_ADMIN=41205, RATIS_SERVER=41205, STANDALONE=34613], networkLocation: /default-rack, certSerialId: null, persistedOpState: IN_SERVICE, persistedOpStateExpiryEpochSec: 0}, ReplicationConfig: RATIS/ONE, State:CLOSED, leaderId:9100756b-960e-45b3-aeba-6353ed9ea095, CreationTimestamp2021-11-30T10:07:47.193Z[Etc/UTC]] removed.
2021-11-30 10:08:16,467 [EventQueue-DeadNodeForDeadNodeHandler] INFO  pipeline.RatisPipelineProvider (RatisPipelineProvider.java:lambda$close$1(222)) - Send pipeline:PipelineID=1053b465-f2e9-4599-823d-d3eed943ad18 close command to datanode 9100756b-960e-45b3-aeba-6353ed9ea095
2021-11-30 10:08:16,467 [EventQueue-DeadNodeForDeadNodeHandler] INFO  pipeline.RatisPipelineProvider (RatisPipelineProvider.java:lambda$close$1(222)) - Send pipeline:PipelineID=1053b465-f2e9-4599-823d-d3eed943ad18 close command to datanode f261d845-a31c-4557-bbf6-cf3b66338abe
2021-11-30 10:08:16,468 [EventQueue-DeadNodeForDeadNodeHandler] INFO  pipeline.RatisPipelineProvider (RatisPipelineProvider.java:lambda$close$1(222)) - Send pipeline:PipelineID=1053b465-f2e9-4599-823d-d3eed943ad18 close command to datanode 594a5f90-d5fa-4b06-ac33-1af263ebc166
2021-11-30 10:08:16,469 [EventQueue-DeadNodeForDeadNodeHandler] INFO  pipeline.PipelineStateManagerImpl (PipelineStateManagerImpl.java:removePipeline(223)) - Pipeline Pipeline[ Id: 1053b465-f2e9-4599-823d-d3eed943ad18, Nodes: 9100756b-960e-45b3-aeba-6353ed9ea095{ip: 10.1.0.53, host: fv-az297-56.nmf1rxwemy4u5di1sxxf4ejcwb.jx.internal.cloudapp.net, ports: [REPLICATION=38163, RATIS=41205, RATIS_ADMIN=41205, RATIS_SERVER=41205, STANDALONE=34613], networkLocation: /default-rack, certSerialId: null, persistedOpState: IN_SERVICE, persistedOpStateExpiryEpochSec: 0}f261d845-a31c-4557-bbf6-cf3b66338abe{ip: 10.1.0.53, host: fv-az297-56.nmf1rxwemy4u5di1sxxf4ejcwb.jx.internal.cloudapp.net, ports: [REPLICATION=42837, RATIS=34515, RATIS_ADMIN=34515, RATIS_SERVER=34515, STANDALONE=35037], networkLocation: /default-rack, certSerialId: null, persistedOpState: IN_SERVICE, persistedOpStateExpiryEpochSec: 0}594a5f90-d5fa-4b06-ac33-1af263ebc166{ip: 10.1.0.53, host: fv-az297-56.nmf1rxwemy4u5di1sxxf4ejcwb.jx.internal.cloudapp.net, ports: [REPLICATION=39225, RATIS=39275, RATIS_ADMIN=39275, RATIS_SERVER=39275, STANDALONE=45399], networkLocation: /default-rack, certSerialId: null, persistedOpState: IN_SERVICE, persistedOpStateExpiryEpochSec: 0}, ReplicationConfig: RATIS/THREE, State:CLOSED, leaderId:594a5f90-d5fa-4b06-ac33-1af263ebc166, CreationTimestamp2021-11-30T10:07:47.198Z[Etc/UTC]] removed.
2021-11-30 10:08:16,473 [EventQueue-DeadNodeForDeadNodeHandler] INFO  net.NetworkTopologyImpl (NetworkTopologyImpl.java:remove(137)) - Removed a node: /default-rack/9100756b-960e-45b3-aeba-6353ed9ea095
2021-11-30 10:08:18,772 [594a5f90-d5fa-4b06-ac33-1af263ebc166@group-D3EED943AD18-FollowerState] INFO  impl.FollowerState (FollowerState.java:lostMajorityHeartbeatsRecently(107)) - 594a5f90-d5fa-4b06-ac33-1af263ebc166@group-D3EED943AD18-FollowerState: Skipping leader election since it stepped down recently (elapsed = 5146ms < waitTime = 10s)
2021-11-30 10:08:19,426 [Command processor thread] INFO  server.RaftServer (RaftServerProxy.java:remove(106)) - 594a5f90-d5fa-4b06-ac33-1af263ebc166: remove  FOLLOWER 594a5f90-d5fa-4b06-ac33-1af263ebc166@group-D1C7A318DF2B:t4, leader=null, voted=594a5f90-d5fa-4b06-ac33-1af263ebc166, raftlog=594a5f90-d5fa-4b06-ac33-1af263ebc166@group-D1C7A318DF2B-SegmentedRaftLog:OPENED:c0, conf=0: [594a5f90-d5fa-4b06-ac33-1af263ebc166|rpc:10.1.0.53:39275|dataStream:|priority:0, f261d845-a31c-4557-bbf6-cf3b66338abe|rpc:10.1.0.53:34515|dataStream:|priority:0, 9100756b-960e-45b3-aeba-6353ed9ea095|rpc:10.1.0.53:41205|dataStream:|priority:1], old=null RUNNING
2021-11-30 10:08:19,428 [Command processor thread] INFO  server.RaftServer$Division (RaftServerImpl.java:lambda$close$4(412)) - 594a5f90-d5fa-4b06-ac33-1af263ebc166@group-D1C7A318DF2B: shutdown
2021-11-30 10:08:19,428 [Command processor thread] INFO  util.JmxRegister (JmxRegister.java:unregister(73)) - Successfully un-registered JMX Bean with object name Ratis:service=RaftServer,group=group-D1C7A318DF2B,id=594a5f90-d5fa-4b06-ac33-1af263ebc166
2021-11-30 10:08:19,430 [Command processor thread] INFO  impl.RoleInfo (RoleInfo.java:shutdownFollowerState(108)) - 594a5f90-d5fa-4b06-ac33-1af263ebc166: shutdown 594a5f90-d5fa-4b06-ac33-1af263ebc166@group-D1C7A318DF2B-FollowerState
2021-11-30 10:08:19,430 [594a5f90-d5fa-4b06-ac33-1af263ebc166@group-D1C7A318DF2B-FollowerState] INFO  impl.FollowerState (FollowerState.java:run(143)) - 594a5f90-d5fa-4b06-ac33-1af263ebc166@group-D1C7A318DF2B-FollowerState was interrupted: {}
java.lang.InterruptedException: sleep interrupted
	at java.lang.Thread.sleep(Native Method)
	at java.lang.Thread.sleep(Thread.java:340)
	at java.util.concurrent.TimeUnit.sleep(TimeUnit.java:386)
	at org.apache.ratis.util.TimeDuration.sleep(TimeDuration.java:324)
	at org.apache.ratis.util.TimeDuration.sleep(TimeDuration.java:309)
	at org.apache.ratis.server.impl.FollowerState.run(FollowerState.java:118)
2021-11-30 10:08:19,430 [Command processor thread] INFO  impl.StateMachineUpdater (StateMachineUpdater.java:stopAndJoin(149)) - 594a5f90-d5fa-4b06-ac33-1af263ebc166@group-D1C7A318DF2B-StateMachineUpdater: set stopIndex = 0
2021-11-30 10:08:19,431 [594a5f90-d5fa-4b06-ac33-1af263ebc166@group-D1C7A318DF2B-StateMachineUpdater] INFO  ratis.ContainerStateMachine (ContainerStateMachine.java:takeSnapshot(292)) - group-D1C7A318DF2B: Taking a snapshot at:(t:3, i:0) file /home/runner/work/ozone/ozone/hadoop-ozone/integration-test/target/test-dir/MiniOzoneClusterImpl-0e29ee7e-a070-46b0-aa8f-4a21e578e9b3/datanode-4/data/ratis/8c4c6b63-eaa5-43cf-a829-d1c7a318df2b/sm/snapshot.3_0
2021-11-30 10:08:19,432 [594a5f90-d5fa-4b06-ac33-1af263ebc166@group-D1C7A318DF2B-StateMachineUpdater] INFO  ratis.ContainerStateMachine (ContainerStateMachine.java:takeSnapshot(303)) - group-D1C7A318DF2B: Finished taking a snapshot at:(t:3, i:0) file:/home/runner/work/ozone/ozone/hadoop-ozone/integration-test/target/test-dir/MiniOzoneClusterImpl-0e29ee7e-a070-46b0-aa8f-4a21e578e9b3/datanode-4/data/ratis/8c4c6b63-eaa5-43cf-a829-d1c7a318df2b/sm/snapshot.3_0 took: 1 ms
2021-11-30 10:08:19,432 [594a5f90-d5fa-4b06-ac33-1af263ebc166@group-D1C7A318DF2B-StateMachineUpdater] INFO  impl.StateMachineUpdater (StateMachineUpdater.java:takeSnapshot(281)) - 594a5f90-d5fa-4b06-ac33-1af263ebc166@group-D1C7A318DF2B-StateMachineUpdater: Took a snapshot at index 0
2021-11-30 10:08:19,432 [594a5f90-d5fa-4b06-ac33-1af263ebc166@group-D1C7A318DF2B-StateMachineUpdater] INFO  impl.StateMachineUpdater (StateMachineUpdater.java:lambda$new$0(89)) - 594a5f90-d5fa-4b06-ac33-1af263ebc166@group-D1C7A318DF2B-StateMachineUpdater: snapshotIndex: updateIncreasingly -1 -> 0
2021-11-30 10:08:19,432 [Command processor thread] INFO  server.RaftServer$Division (ServerState.java:close(419)) - 594a5f90-d5fa-4b06-ac33-1af263ebc166@group-D1C7A318DF2B: closes. applyIndex: 0
2021-11-30 10:08:19,432 [594a5f90-d5fa-4b06-ac33-1af263ebc166@group-D1C7A318DF2B-SegmentedRaftLogWorker] INFO  segmented.SegmentedRaftLogWorker (SegmentedRaftLogWorker.java:run(327)) - 594a5f90-d5fa-4b06-ac33-1af263ebc166@group-D1C7A318DF2B-SegmentedRaftLogWorker was interrupted, exiting. There are 0 tasks remaining in the queue.
2021-11-30 10:08:19,434 [Command processor thread] INFO  segmented.SegmentedRaftLogWorker (SegmentedRaftLogWorker.java:close(237)) - 594a5f90-d5fa-4b06-ac33-1af263ebc166@group-D1C7A318DF2B-SegmentedRaftLogWorker close()
2021-11-30 10:08:19,438 [Command processor thread] INFO  server.RaftServer$Division (RaftServerImpl.java:groupRemove(382)) - 594a5f90-d5fa-4b06-ac33-1af263ebc166@group-D1C7A318DF2B: Succeed to remove RaftStorageDirectory Storage Directory /home/runner/work/ozone/ozone/hadoop-ozone/integration-test/target/test-dir/MiniOzoneClusterImpl-0e29ee7e-a070-46b0-aa8f-4a21e578e9b3/datanode-4/data/ratis/8c4c6b63-eaa5-43cf-a829-d1c7a318df2b
2021-11-30 10:08:19,439 [Command processor thread] INFO  commandhandler.ClosePipelineCommandHandler (ClosePipelineCommandHandler.java:handle(78)) - Close Pipeline PipelineID=8c4c6b63-eaa5-43cf-a829-d1c7a318df2b command on datanode 594a5f90-d5fa-4b06-ac33-1af263ebc166.
2021-11-30 10:08:19,439 [Command processor thread] INFO  server.RaftServer (RaftServerProxy.java:remove(106)) - 594a5f90-d5fa-4b06-ac33-1af263ebc166: remove  FOLLOWER 594a5f90-d5fa-4b06-ac33-1af263ebc166@group-D3EED943AD18:t1, leader=594a5f90-d5fa-4b06-ac33-1af263ebc166, voted=594a5f90-d5fa-4b06-ac33-1af263ebc166, raftlog=594a5f90-d5fa-4b06-ac33-1af263ebc166@group-D3EED943AD18-SegmentedRaftLog:OPENED:c18, conf=0: [594a5f90-d5fa-4b06-ac33-1af263ebc166|rpc:10.1.0.53:39275|dataStream:|priority:1, f261d845-a31c-4557-bbf6-cf3b66338abe|rpc:10.1.0.53:34515|dataStream:|priority:0, 9100756b-960e-45b3-aeba-6353ed9ea095|rpc:10.1.0.53:41205|dataStream:|priority:0], old=null RUNNING
2021-11-30 10:08:19,439 [Command processor thread] INFO  server.RaftServer$Division (RaftServerImpl.java:lambda$close$4(412)) - 594a5f90-d5fa-4b06-ac33-1af263ebc166@group-D3EED943AD18: shutdown
2021-11-30 10:08:19,439 [Command processor thread] INFO  util.JmxRegister (JmxRegister.java:unregister(73)) - Successfully un-registered JMX Bean with object name Ratis:service=RaftServer,group=group-D3EED943AD18,id=594a5f90-d5fa-4b06-ac33-1af263ebc166
2021-11-30 10:08:19,439 [Command processor thread] INFO  impl.RoleInfo (RoleInfo.java:shutdownFollowerState(108)) - 594a5f90-d5fa-4b06-ac33-1af263ebc166: shutdown 594a5f90-d5fa-4b06-ac33-1af263ebc166@group-D3EED943AD18-FollowerState
2021-11-30 10:08:19,440 [594a5f90-d5fa-4b06-ac33-1af263ebc166@group-D3EED943AD18-FollowerState] INFO  impl.FollowerState (FollowerState.java:run(143)) - 594a5f90-d5fa-4b06-ac33-1af263ebc166@group-D3EED943AD18-FollowerState was interrupted: {}
java.lang.InterruptedException: sleep interrupted
	at java.lang.Thread.sleep(Native Method)
	at java.lang.Thread.sleep(Thread.java:340)
	at java.util.concurrent.TimeUnit.sleep(TimeUnit.java:386)
	at org.apache.ratis.util.TimeDuration.sleep(TimeDuration.java:324)
	at org.apache.ratis.util.TimeDuration.sleep(TimeDuration.java:309)
	at org.apache.ratis.server.impl.FollowerState.run(FollowerState.java:118)
2021-11-30 10:08:19,440 [594a5f90-d5fa-4b06-ac33-1af263ebc166@group-D3EED943AD18-StateMachineUpdater] INFO  ratis.ContainerStateMachine (ContainerStateMachine.java:takeSnapshot(292)) - group-D3EED943AD18: Taking a snapshot at:(t:1, i:18) file /home/runner/work/ozone/ozone/hadoop-ozone/integration-test/target/test-dir/MiniOzoneClusterImpl-0e29ee7e-a070-46b0-aa8f-4a21e578e9b3/datanode-4/data/ratis/1053b465-f2e9-4599-823d-d3eed943ad18/sm/snapshot.1_18
2021-11-30 10:08:19,440 [Command processor thread] INFO  impl.StateMachineUpdater (StateMachineUpdater.java:stopAndJoin(149)) - 594a5f90-d5fa-4b06-ac33-1af263ebc166@group-D3EED943AD18-StateMachineUpdater: set stopIndex = 18
2021-11-30 10:08:19,441 [594a5f90-d5fa-4b06-ac33-1af263ebc166@group-D3EED943AD18-StateMachineUpdater] INFO  ratis.ContainerStateMachine (ContainerStateMachine.java:takeSnapshot(303)) - group-D3EED943AD18: Finished taking a snapshot at:(t:1, i:18) file:/home/runner/work/ozone/ozone/hadoop-ozone/integration-test/target/test-dir/MiniOzoneClusterImpl-0e29ee7e-a070-46b0-aa8f-4a21e578e9b3/datanode-4/data/ratis/1053b465-f2e9-4599-823d-d3eed943ad18/sm/snapshot.1_18 took: 2 ms
2021-11-30 10:08:19,442 [594a5f90-d5fa-4b06-ac33-1af263ebc166@group-D3EED943AD18-StateMachineUpdater] INFO  impl.StateMachineUpdater (StateMachineUpdater.java:takeSnapshot(281)) - 594a5f90-d5fa-4b06-ac33-1af263ebc166@group-D3EED943AD18-StateMachineUpdater: Took a snapshot at index 18
2021-11-30 10:08:19,442 [594a5f90-d5fa-4b06-ac33-1af263ebc166@group-D3EED943AD18-StateMachineUpdater] INFO  impl.StateMachineUpdater (StateMachineUpdater.java:lambda$new$0(89)) - 594a5f90-d5fa-4b06-ac33-1af263ebc166@group-D3EED943AD18-StateMachineUpdater: snapshotIndex: updateIncreasingly -1 -> 18
2021-11-30 10:08:19,442 [Command processor thread] INFO  server.RaftServer$Division (ServerState.java:close(419)) - 594a5f90-d5fa-4b06-ac33-1af263ebc166@group-D3EED943AD18: closes. applyIndex: 18
2021-11-30 10:08:19,443 [594a5f90-d5fa-4b06-ac33-1af263ebc166@group-D3EED943AD18-SegmentedRaftLogWorker] INFO  segmented.SegmentedRaftLogWorker (SegmentedRaftLogWorker.java:run(327)) - 594a5f90-d5fa-4b06-ac33-1af263ebc166@group-D3EED943AD18-SegmentedRaftLogWorker was interrupted, exiting. There are 0 tasks remaining in the queue.
2021-11-30 10:08:19,443 [Command processor thread] INFO  segmented.SegmentedRaftLogWorker (SegmentedRaftLogWorker.java:close(237)) - 594a5f90-d5fa-4b06-ac33-1af263ebc166@group-D3EED943AD18-SegmentedRaftLogWorker close()
2021-11-30 10:08:19,448 [Command processor thread] INFO  server.RaftServer$Division (RaftServerImpl.java:groupRemove(382)) - 594a5f90-d5fa-4b06-ac33-1af263ebc166@group-D3EED943AD18: Succeed to remove RaftStorageDirectory Storage Directory /home/runner/work/ozone/ozone/hadoop-ozone/integration-test/target/test-dir/MiniOzoneClusterImpl-0e29ee7e-a070-46b0-aa8f-4a21e578e9b3/datanode-4/data/ratis/1053b465-f2e9-4599-823d-d3eed943ad18
2021-11-30 10:08:19,448 [Command processor thread] INFO  commandhandler.ClosePipelineCommandHandler (ClosePipelineCommandHandler.java:handle(78)) - Close Pipeline PipelineID=1053b465-f2e9-4599-823d-d3eed943ad18 command on datanode 594a5f90-d5fa-4b06-ac33-1af263ebc166.
2021-11-30 10:08:19,567 [594a5f90-d5fa-4b06-ac33-1af263ebc166@group-A7AF2A5B734F-FollowerState] INFO  impl.FollowerState (FollowerState.java:run(134)) - 594a5f90-d5fa-4b06-ac33-1af263ebc166@group-A7AF2A5B734F-FollowerState: change to CANDIDATE, lastRpcElapsedTime:5125233004ns, electionTimeout:5124ms
2021-11-30 10:08:19,567 [594a5f90-d5fa-4b06-ac33-1af263ebc166@group-A7AF2A5B734F-FollowerState] INFO  impl.RoleInfo (RoleInfo.java:shutdownFollowerState(108)) - 594a5f90-d5fa-4b06-ac33-1af263ebc166: shutdown 594a5f90-d5fa-4b06-ac33-1af263ebc166@group-A7AF2A5B734F-FollowerState
2021-11-30 10:08:19,567 [594a5f90-d5fa-4b06-ac33-1af263ebc166@group-A7AF2A5B734F-FollowerState] INFO  server.RaftServer$Division (RaftServerImpl.java:setRole(290)) - 594a5f90-d5fa-4b06-ac33-1af263ebc166@group-A7AF2A5B734F: changes role from  FOLLOWER to CANDIDATE at term 0 for changeToCandidate
2021-11-30 10:08:19,567 [594a5f90-d5fa-4b06-ac33-1af263ebc166@group-A7AF2A5B734F-FollowerState] INFO  server.RaftServerConfigKeys (ConfUtils.java:logGet(44)) - raft.server.leaderelection.pre-vote = false (custom)
2021-11-30 10:08:19,567 [594a5f90-d5fa-4b06-ac33-1af263ebc166@group-A7AF2A5B734F-FollowerState] INFO  impl.RoleInfo (RoleInfo.java:updateAndGet(130)) - 594a5f90-d5fa-4b06-ac33-1af263ebc166: start 594a5f90-d5fa-4b06-ac33-1af263ebc166@group-A7AF2A5B734F-LeaderElection26
2021-11-30 10:08:19,571 [6554f318-a890-4dbb-b82d-600ac54ca0e4@group-A7AF2A5B734F-FollowerState] INFO  impl.FollowerState (FollowerState.java:run(134)) - 6554f318-a890-4dbb-b82d-600ac54ca0e4@group-A7AF2A5B734F-FollowerState: change to CANDIDATE, lastRpcElapsedTime:5090985943ns, electionTimeout:5087ms
2021-11-30 10:08:19,571 [6554f318-a890-4dbb-b82d-600ac54ca0e4@group-A7AF2A5B734F-FollowerState] INFO  impl.RoleInfo (RoleInfo.java:shutdownFollowerState(108)) - 6554f318-a890-4dbb-b82d-600ac54ca0e4: shutdown 6554f318-a890-4dbb-b82d-600ac54ca0e4@group-A7AF2A5B734F-FollowerState
2021-11-30 10:08:19,571 [6554f318-a890-4dbb-b82d-600ac54ca0e4@group-A7AF2A5B734F-FollowerState] INFO  server.RaftServer$Division (RaftServerImpl.java:setRole(290)) - 6554f318-a890-4dbb-b82d-600ac54ca0e4@group-A7AF2A5B734F: changes role from  FOLLOWER to CANDIDATE at term 0 for changeToCandidate
2021-11-30 10:08:19,571 [6554f318-a890-4dbb-b82d-600ac54ca0e4@group-A7AF2A5B734F-FollowerState] INFO  server.RaftServerConfigKeys (ConfUtils.java:logGet(44)) - raft.server.leaderelection.pre-vote = false (custom)
2021-11-30 10:08:19,571 [6554f318-a890-4dbb-b82d-600ac54ca0e4@group-A7AF2A5B734F-FollowerState] INFO  impl.RoleInfo (RoleInfo.java:updateAndGet(130)) - 6554f318-a890-4dbb-b82d-600ac54ca0e4: start 6554f318-a890-4dbb-b82d-600ac54ca0e4@group-A7AF2A5B734F-LeaderElection27
2021-11-30 10:08:19,575 [594a5f90-d5fa-4b06-ac33-1af263ebc166@group-A7AF2A5B734F-LeaderElection26] INFO  impl.LeaderElection (LeaderElection.java:askForVotes(306)) - 594a5f90-d5fa-4b06-ac33-1af263ebc166@group-A7AF2A5B734F-LeaderElection26 ELECTION round 0: submit vote requests at term 1 for -1: [594a5f90-d5fa-4b06-ac33-1af263ebc166|rpc:10.1.0.53:39275|priority:0, f261d845-a31c-4557-bbf6-cf3b66338abe|rpc:10.1.0.53:34515|priority:0, 6554f318-a890-4dbb-b82d-600ac54ca0e4|rpc:10.1.0.53:36339|priority:1], old=null
2021-11-30 10:08:19,576 [594a5f90-d5fa-4b06-ac33-1af263ebc166@group-A7AF2A5B734F-LeaderElection26] INFO  impl.LeaderElection (LogUtils.java:infoOrTrace(137)) - 594a5f90-d5fa-4b06-ac33-1af263ebc166@group-A7AF2A5B734F-LeaderElection26 got exception when requesting votes: java.util.concurrent.ExecutionException: org.apache.ratis.thirdparty.io.grpc.StatusRuntimeException: UNAVAILABLE: io exception
2021-11-30 10:08:19,582 [6554f318-a890-4dbb-b82d-600ac54ca0e4@group-A7AF2A5B734F-LeaderElection27] INFO  impl.LeaderElection (LeaderElection.java:askForVotes(306)) - 6554f318-a890-4dbb-b82d-600ac54ca0e4@group-A7AF2A5B734F-LeaderElection27 ELECTION round 0: submit vote requests at term 1 for -1: [594a5f90-d5fa-4b06-ac33-1af263ebc166|rpc:10.1.0.53:39275|dataStream:|priority:0, f261d845-a31c-4557-bbf6-cf3b66338abe|rpc:10.1.0.53:34515|dataStream:|priority:0, 6554f318-a890-4dbb-b82d-600ac54ca0e4|rpc:10.1.0.53:36339|dataStream:|priority:1], old=null
2021-11-30 10:08:19,609 [grpc-default-executor-0] INFO  server.RaftServer$Division (RaftServerImpl.java:requestVote(1046)) - 6554f318-a890-4dbb-b82d-600ac54ca0e4@group-A7AF2A5B734F: receive requestVote(ELECTION, 594a5f90-d5fa-4b06-ac33-1af263ebc166, group-A7AF2A5B734F, 1, (t:0, i:0))
2021-11-30 10:08:19,609 [grpc-default-executor-0] INFO  impl.VoteContext (VoteContext.java:log(48)) - 6554f318-a890-4dbb-b82d-600ac54ca0e4@group-A7AF2A5B734F-CANDIDATE: reject ELECTION from 594a5f90-d5fa-4b06-ac33-1af263ebc166: already has voted for 6554f318-a890-4dbb-b82d-600ac54ca0e4 at current term 1
2021-11-30 10:08:19,610 [grpc-default-executor-0] INFO  server.RaftServer$Division (RaftServerImpl.java:requestVote(1078)) - 6554f318-a890-4dbb-b82d-600ac54ca0e4@group-A7AF2A5B734F replies to ELECTION vote request: 594a5f90-d5fa-4b06-ac33-1af263ebc166<-6554f318-a890-4dbb-b82d-600ac54ca0e4#0:FAIL-t1. Peer's state: 6554f318-a890-4dbb-b82d-600ac54ca0e4@group-A7AF2A5B734F:t1, leader=null, voted=6554f318-a890-4dbb-b82d-600ac54ca0e4, raftlog=6554f318-a890-4dbb-b82d-600ac54ca0e4@group-A7AF2A5B734F-SegmentedRaftLog:OPENED:c-1, conf=-1: [594a5f90-d5fa-4b06-ac33-1af263ebc166|rpc:10.1.0.53:39275|dataStream:|priority:0, f261d845-a31c-4557-bbf6-cf3b66338abe|rpc:10.1.0.53:34515|dataStream:|priority:0, 6554f318-a890-4dbb-b82d-600ac54ca0e4|rpc:10.1.0.53:36339|dataStream:|priority:1], old=null
2021-11-30 10:08:19,613 [grpc-default-executor-0] INFO  server.RaftServer$Division (RaftServerImpl.java:requestVote(1046)) - 594a5f90-d5fa-4b06-ac33-1af263ebc166@group-A7AF2A5B734F: receive requestVote(ELECTION, 6554f318-a890-4dbb-b82d-600ac54ca0e4, group-A7AF2A5B734F, 1, (t:0, i:0))
2021-11-30 10:08:19,613 [grpc-default-executor-0] INFO  impl.VoteContext (VoteContext.java:log(48)) - 594a5f90-d5fa-4b06-ac33-1af263ebc166@group-A7AF2A5B734F-CANDIDATE: reject ELECTION from 6554f318-a890-4dbb-b82d-600ac54ca0e4: already has voted for 594a5f90-d5fa-4b06-ac33-1af263ebc166 at current term 1
2021-11-30 10:08:19,614 [grpc-default-executor-0] INFO  server.RaftServer$Division (RaftServerImpl.java:requestVote(1078)) - 594a5f90-d5fa-4b06-ac33-1af263ebc166@group-A7AF2A5B734F replies to ELECTION vote request: 6554f318-a890-4dbb-b82d-600ac54ca0e4<-594a5f90-d5fa-4b06-ac33-1af263ebc166#0:FAIL-t1. Peer's state: 594a5f90-d5fa-4b06-ac33-1af263ebc166@group-A7AF2A5B734F:t1, leader=null, voted=594a5f90-d5fa-4b06-ac33-1af263ebc166, raftlog=594a5f90-d5fa-4b06-ac33-1af263ebc166@group-A7AF2A5B734F-SegmentedRaftLog:OPENED:c-1, conf=-1: [594a5f90-d5fa-4b06-ac33-1af263ebc166|rpc:10.1.0.53:39275|priority:0, f261d845-a31c-4557-bbf6-cf3b66338abe|rpc:10.1.0.53:34515|priority:0, 6554f318-a890-4dbb-b82d-600ac54ca0e4|rpc:10.1.0.53:36339|priority:1], old=null
2021-11-30 10:08:19,615 [594a5f90-d5fa-4b06-ac33-1af263ebc166@group-A7AF2A5B734F-LeaderElection26] INFO  impl.LeaderElection (LeaderElection.java:logAndReturn(89)) - 594a5f90-d5fa-4b06-ac33-1af263ebc166@group-A7AF2A5B734F-LeaderElection26: ELECTION REJECTED received 1 response(s) and 1 exception(s):
2021-11-30 10:08:19,615 [594a5f90-d5fa-4b06-ac33-1af263ebc166@group-A7AF2A5B734F-LeaderElection26] INFO  impl.LeaderElection (LeaderElection.java:logAndReturn(93)) -   Response 0: 594a5f90-d5fa-4b06-ac33-1af263ebc166<-6554f318-a890-4dbb-b82d-600ac54ca0e4#0:FAIL-t1
2021-11-30 10:08:19,615 [594a5f90-d5fa-4b06-ac33-1af263ebc166@group-A7AF2A5B734F-LeaderElection26] INFO  impl.LeaderElection (LogUtils.java:infoOrTrace(137)) -   Exception 1: java.util.concurrent.ExecutionException: org.apache.ratis.thirdparty.io.grpc.StatusRuntimeException: UNAVAILABLE: io exception
2021-11-30 10:08:19,625 [6554f318-a890-4dbb-b82d-600ac54ca0e4@group-A7AF2A5B734F-LeaderElection27] INFO  impl.LeaderElection (LogUtils.java:infoOrTrace(137)) - 6554f318-a890-4dbb-b82d-600ac54ca0e4@group-A7AF2A5B734F-LeaderElection27 got exception when requesting votes: java.util.concurrent.ExecutionException: org.apache.ratis.thirdparty.io.grpc.StatusRuntimeException: UNAVAILABLE: io exception
2021-11-30 10:08:19,625 [6554f318-a890-4dbb-b82d-600ac54ca0e4@group-A7AF2A5B734F-LeaderElection27] INFO  impl.LeaderElection (LeaderElection.java:logAndReturn(89)) - 6554f318-a890-4dbb-b82d-600ac54ca0e4@group-A7AF2A5B734F-LeaderElection27: ELECTION REJECTED received 1 response(s) and 1 exception(s):
2021-11-30 10:08:19,625 [6554f318-a890-4dbb-b82d-600ac54ca0e4@group-A7AF2A5B734F-LeaderElection27] INFO  impl.LeaderElection (LeaderElection.java:logAndReturn(93)) -   Response 0: 6554f318-a890-4dbb-b82d-600ac54ca0e4<-594a5f90-d5fa-4b06-ac33-1af263ebc166#0:FAIL-t1
2021-11-30 10:08:19,625 [6554f318-a890-4dbb-b82d-600ac54ca0e4@group-A7AF2A5B734F-LeaderElection27] INFO  impl.LeaderElection (LogUtils.java:infoOrTrace(137)) -   Exception 1: java.util.concurrent.ExecutionException: org.apache.ratis.thirdparty.io.grpc.StatusRuntimeException: UNAVAILABLE: io exception
2021-11-30 10:08:19,625 [6554f318-a890-4dbb-b82d-600ac54ca0e4@group-A7AF2A5B734F-LeaderElection27] INFO  impl.LeaderElection (LeaderElection.java:askForVotes(308)) - 6554f318-a890-4dbb-b82d-600ac54ca0e4@group-A7AF2A5B734F-LeaderElection27 ELECTION round 0: result REJECTED
2021-11-30 10:08:19,625 [6554f318-a890-4dbb-b82d-600ac54ca0e4@group-A7AF2A5B734F-LeaderElection27] INFO  server.RaftServer$Division (RaftServerImpl.java:setRole(290)) - 6554f318-a890-4dbb-b82d-600ac54ca0e4@group-A7AF2A5B734F: changes role from CANDIDATE to FOLLOWER at term 1 for REJECTED
2021-11-30 10:08:19,625 [6554f318-a890-4dbb-b82d-600ac54ca0e4@group-A7AF2A5B734F-LeaderElection27] INFO  impl.RoleInfo (RoleInfo.java:shutdownLeaderElection(121)) - 6554f318-a890-4dbb-b82d-600ac54ca0e4: shutdown 6554f318-a890-4dbb-b82d-600ac54ca0e4@group-A7AF2A5B734F-LeaderElection27
2021-11-30 10:08:19,625 [6554f318-a890-4dbb-b82d-600ac54ca0e4@group-A7AF2A5B734F-LeaderElection27] INFO  impl.RoleInfo (RoleInfo.java:updateAndGet(130)) - 6554f318-a890-4dbb-b82d-600ac54ca0e4: start 6554f318-a890-4dbb-b82d-600ac54ca0e4@group-A7AF2A5B734F-FollowerState
2021-11-30 10:08:19,628 [594a5f90-d5fa-4b06-ac33-1af263ebc166@group-A7AF2A5B734F-LeaderElection26] INFO  impl.LeaderElection (LeaderElection.java:askForVotes(308)) - 594a5f90-d5fa-4b06-ac33-1af263ebc166@group-A7AF2A5B734F-LeaderElection26 ELECTION round 0: result REJECTED
2021-11-30 10:08:19,628 [594a5f90-d5fa-4b06-ac33-1af263ebc166@group-A7AF2A5B734F-LeaderElection26] INFO  server.RaftServer$Division (RaftServerImpl.java:setRole(290)) - 594a5f90-d5fa-4b06-ac33-1af263ebc166@group-A7AF2A5B734F: changes role from CANDIDATE to FOLLOWER at term 1 for REJECTED
2021-11-30 10:08:19,628 [594a5f90-d5fa-4b06-ac33-1af263ebc166@group-A7AF2A5B734F-LeaderElection26] INFO  impl.RoleInfo (RoleInfo.java:shutdownLeaderElection(121)) - 594a5f90-d5fa-4b06-ac33-1af263ebc166: shutdown 594a5f90-d5fa-4b06-ac33-1af263ebc166@group-A7AF2A5B734F-LeaderElection26
2021-11-30 10:08:19,628 [594a5f90-d5fa-4b06-ac33-1af263ebc166@group-A7AF2A5B734F-LeaderElection26] INFO  impl.RoleInfo (RoleInfo.java:updateAndGet(130)) - 594a5f90-d5fa-4b06-ac33-1af263ebc166: start 594a5f90-d5fa-4b06-ac33-1af263ebc166@group-A7AF2A5B734F-FollowerState
2021-11-30 10:08:24,469 [EventQueue-DeadNodeForDeadNodeHandler] INFO  node.DeadNodeHandler (DeadNodeHandler.java:onMessage(80)) - A dead datanode is detected. f261d845-a31c-4557-bbf6-cf3b66338abe{ip: 10.1.0.53, host: fv-az297-56.nmf1rxwemy4u5di1sxxf4ejcwb.jx.internal.cloudapp.net, ports: [REPLICATION=42837, RATIS=34515, RATIS_ADMIN=34515, RATIS_SERVER=34515, STANDALONE=35037], networkLocation: /default-rack, certSerialId: null, persistedOpState: IN_SERVICE, persistedOpStateExpiryEpochSec: 0}
2021-11-30 10:08:24,469 [EventQueue-DeadNodeForDeadNodeHandler] INFO  pipeline.RatisPipelineProvider (RatisPipelineProvider.java:lambda$close$1(222)) - Send pipeline:PipelineID=7d4d46a9-5f25-4fb3-ab67-2a2248a72664 close command to datanode f261d845-a31c-4557-bbf6-cf3b66338abe
2021-11-30 10:08:24,469 [EventQueue-DeadNodeForDeadNodeHandler] INFO  pipeline.PipelineStateManagerImpl (PipelineStateManagerImpl.java:removePipeline(223)) - Pipeline Pipeline[ Id: 7d4d46a9-5f25-4fb3-ab67-2a2248a72664, Nodes: f261d845-a31c-4557-bbf6-cf3b66338abe{ip: 10.1.0.53, host: fv-az297-56.nmf1rxwemy4u5di1sxxf4ejcwb.jx.internal.cloudapp.net, ports: [REPLICATION=42837, RATIS=34515, RATIS_ADMIN=34515, RATIS_SERVER=34515, STANDALONE=35037], networkLocation: /default-rack, certSerialId: null, persistedOpState: IN_SERVICE, persistedOpStateExpiryEpochSec: 0}, ReplicationConfig: RATIS/ONE, State:CLOSED, leaderId:f261d845-a31c-4557-bbf6-cf3b66338abe, CreationTimestamp2021-11-30T10:07:46.763Z[Etc/UTC]] removed.
2021-11-30 10:08:24,470 [EventQueue-DeadNodeForDeadNodeHandler] INFO  pipeline.RatisPipelineProvider (RatisPipelineProvider.java:lambda$close$1(222)) - Send pipeline:PipelineID=3757da8e-5c17-4e62-950e-a7af2a5b734f close command to datanode f261d845-a31c-4557-bbf6-cf3b66338abe
2021-11-30 10:08:24,470 [EventQueue-DeadNodeForDeadNodeHandler] INFO  pipeline.RatisPipelineProvider (RatisPipelineProvider.java:lambda$close$1(222)) - Send pipeline:PipelineID=3757da8e-5c17-4e62-950e-a7af2a5b734f close command to datanode 6554f318-a890-4dbb-b82d-600ac54ca0e4
2021-11-30 10:08:24,470 [EventQueue-DeadNodeForDeadNodeHandler] INFO  pipeline.RatisPipelineProvider (RatisPipelineProvider.java:lambda$close$1(222)) - Send pipeline:PipelineID=3757da8e-5c17-4e62-950e-a7af2a5b734f close command to datanode 594a5f90-d5fa-4b06-ac33-1af263ebc166
2021-11-30 10:08:24,470 [EventQueue-DeadNodeForDeadNodeHandler] INFO  pipeline.PipelineStateManagerImpl (PipelineStateManagerImpl.java:removePipeline(223)) - Pipeline Pipeline[ Id: 3757da8e-5c17-4e62-950e-a7af2a5b734f, Nodes: f261d845-a31c-4557-bbf6-cf3b66338abe{ip: 10.1.0.53, host: fv-az297-56.nmf1rxwemy4u5di1sxxf4ejcwb.jx.internal.cloudapp.net, ports: [REPLICATION=42837, RATIS=34515, RATIS_ADMIN=34515, RATIS_SERVER=34515, STANDALONE=35037], networkLocation: /default-rack, certSerialId: null, persistedOpState: IN_SERVICE, persistedOpStateExpiryEpochSec: 0}6554f318-a890-4dbb-b82d-600ac54ca0e4{ip: 10.1.0.53, host: fv-az297-56.nmf1rxwemy4u5di1sxxf4ejcwb.jx.internal.cloudapp.net, ports: [REPLICATION=41033, RATIS=36339, RATIS_ADMIN=36339, RATIS_SERVER=36339, STANDALONE=44085], networkLocation: /default-rack, certSerialId: null, persistedOpState: IN_SERVICE, persistedOpStateExpiryEpochSec: 0}594a5f90-d5fa-4b06-ac33-1af263ebc166{ip: 10.1.0.53, host: fv-az297-56.nmf1rxwemy4u5di1sxxf4ejcwb.jx.internal.cloudapp.net, ports: [REPLICATION=39225, RATIS=39275, RATIS_ADMIN=39275, RATIS_SERVER=39275, STANDALONE=45399], networkLocation: /default-rack, certSerialId: null, persistedOpState: IN_SERVICE, persistedOpStateExpiryEpochSec: 0}, ReplicationConfig: RATIS/THREE, State:CLOSED, leaderId:, CreationTimestamp2021-11-30T10:08:12.925Z[Etc/UTC]] removed.
2021-11-30 10:08:24,470 [EventQueue-DeadNodeForDeadNodeHandler] INFO  net.NetworkTopologyImpl (NetworkTopologyImpl.java:remove(137)) - Removed a node: /default-rack/f261d845-a31c-4557-bbf6-cf3b66338abe
2021-11-30 10:08:24,546 [IPC Server handler 0 on default port 35975] WARN  pipeline.WritableRatisContainerProvider (WritableRatisContainerProvider.java:getContainer(125)) - Pipeline creation failed for repConfig RATIS/THREE Datanodes may be used up.
org.apache.hadoop.hdds.scm.pipeline.PipelineNotFoundException: Pipeline PipelineID=3757da8e-5c17-4e62-950e-a7af2a5b734f cannot be found
	at org.apache.hadoop.hdds.scm.pipeline.PipelineManagerImpl.waitPipelineReady(PipelineManagerImpl.java:487)
	at org.apache.hadoop.hdds.scm.pipeline.WritableRatisContainerProvider.getContainer(WritableRatisContainerProvider.java:122)
	at org.apache.hadoop.hdds.scm.pipeline.WritableContainerFactory.getContainer(WritableContainerFactory.java:52)
	at org.apache.hadoop.hdds.scm.block.BlockManagerImpl.allocateBlock(BlockManagerImpl.java:176)
	at org.apache.hadoop.hdds.scm.server.SCMBlockProtocolServer.allocateBlock(SCMBlockProtocolServer.java:194)
	at org.apache.hadoop.hdds.scm.protocol.ScmBlockLocationProtocolServerSideTranslatorPB.allocateScmBlock(ScmBlockLocationProtocolServerSideTranslatorPB.java:180)
	at org.apache.hadoop.hdds.scm.protocol.ScmBlockLocationProtocolServerSideTranslatorPB.processMessage(ScmBlockLocationProtocolServerSideTranslatorPB.java:130)
	at org.apache.hadoop.hdds.server.OzoneProtocolMessageDispatcher.processRequest(OzoneProtocolMessageDispatcher.java:87)
	at org.apache.hadoop.hdds.scm.protocol.ScmBlockLocationProtocolServerSideTranslatorPB.send(ScmBlockLocationProtocolServerSideTranslatorPB.java:112)
	at org.apache.hadoop.hdds.protocol.proto.ScmBlockLocationProtocolProtos$ScmBlockLocationProtocolService$2.callBlockingMethod(ScmBlockLocationProtocolProtos.java:13937)
	at org.apache.hadoop.ipc.ProtobufRpcEngine$Server.processCall(ProtobufRpcEngine.java:466)
	at org.apache.hadoop.ipc.ProtobufRpcEngine2$Server$ProtoBufRpcInvoker.call(ProtobufRpcEngine2.java:574)
	at org.apache.hadoop.ipc.ProtobufRpcEngine2$Server$ProtoBufRpcInvoker.call(ProtobufRpcEngine2.java:552)
	at org.apache.hadoop.ipc.RPC$Server.call(RPC.java:1093)
	at org.apache.hadoop.ipc.Server$RpcCall.run(Server.java:1035)
	at org.apache.hadoop.ipc.Server$RpcCall.run(Server.java:963)
	at java.security.AccessController.doPrivileged(Native Method)
	at javax.security.auth.Subject.doAs(Subject.java:422)
	at org.apache.hadoop.security.UserGroupInformation.doAs(UserGroupInformation.java:1878)
	at org.apache.hadoop.ipc.Server$Handler.run(Server.java:2966)
2021-11-30 10:08:24,546 [IPC Server handler 0 on default port 35975] ERROR pipeline.WritableRatisContainerProvider (WritableRatisContainerProvider.java:getContainer(164)) - Unable to allocate a block for the size: 800, repConfig: RATIS/THREE
2021-11-30 10:08:24,547 [IPC Server handler 0 on default port 35975] ERROR block.BlockManagerImpl (BlockManagerImpl.java:allocateBlock(184)) - Unable to allocate a block for the size: 800, replicationConfig: RATIS/THREE
2021-11-30 10:08:24,553 [Listener at 127.0.0.1/41539] INFO  ozone.MiniOzoneClusterImpl (MiniOzoneClusterImpl.java:shutdown(453)) - Shutting down the Mini Ozone Cluster
2021-11-30 10:08:24,553 [Listener at 127.0.0.1/41539] INFO  ozone.MiniOzoneClusterImpl (MiniOzoneClusterImpl.java:stop(468)) - Stopping the Mini Ozone Cluster
2021-11-30 10:08:24,553 [Listener at 127.0.0.1/41539] INFO  ozone.MiniOzoneClusterImpl (MiniOzoneClusterImpl.java:stopOM(550)) - Stopping the OzoneManager
2021-11-30 10:08:24,553 [Listener at 127.0.0.1/41539] INFO  om.OzoneManager (OzoneManager.java:stop(1830)) - om1[localhost:0]: Stopping Ozone Manager
2021-11-30 10:08:24,554 [Listener at 127.0.0.1/41539] INFO  ipc.Server (Server.java:stop(3414)) - Stopping server on 41539
2021-11-30 10:08:24,557 [IPC Server listener on 0] INFO  ipc.Server (Server.java:run(1376)) - Stopping IPC Server listener on 0
2021-11-30 10:08:24,559 [IPC Server Responder] INFO  ipc.Server (Server.java:run(1512)) - Stopping IPC Server Responder
2021-11-30 10:08:24,559 [Listener at 127.0.0.1/41539] INFO  server.RaftServer (RaftServerProxy.java:lambda$close$6(391)) - om1: close
2021-11-30 10:08:24,559 [Listener at 127.0.0.1/41539] INFO  server.RaftServer$Division (RaftServerImpl.java:lambda$close$4(412)) - om1@group-C5BA1605619E: shutdown
2021-11-30 10:08:24,559 [Listener at 127.0.0.1/41539] INFO  util.JmxRegister (JmxRegister.java:unregister(73)) - Successfully un-registered JMX Bean with object name Ratis:service=RaftServer,group=group-C5BA1605619E,id=om1
2021-11-30 10:08:24,560 [Listener at 127.0.0.1/41539] INFO  impl.RoleInfo (RoleInfo.java:shutdownLeaderState(91)) - om1: shutdown om1@group-C5BA1605619E-LeaderStateImpl
2021-11-30 10:08:24,560 [Listener at 127.0.0.1/41539] INFO  impl.PendingRequests (PendingRequests.java:sendNotLeaderResponses(282)) - om1@group-C5BA1605619E-PendingRequests: sendNotLeaderResponses
2021-11-30 10:08:24,568 [Listener at 127.0.0.1/41539] INFO  impl.StateMachineUpdater (StateMachineUpdater.java:stopAndJoin(149)) - om1@group-C5BA1605619E-StateMachineUpdater: set stopIndex = 6
2021-11-30 10:08:24,569 [om1@group-C5BA1605619E-StateMachineUpdater] INFO  ratis.OzoneManagerStateMachine (OzoneManagerStateMachine.java:takeSnapshot(417)) - Current Snapshot Index (t:1, i:6)
2021-11-30 10:08:24,570 [om1@group-C5BA1605619E-StateMachineUpdater] INFO  impl.StateMachineUpdater (StateMachineUpdater.java:takeSnapshot(281)) - om1@group-C5BA1605619E-StateMachineUpdater: Took a snapshot at index 6
2021-11-30 10:08:24,570 [om1@group-C5BA1605619E-StateMachineUpdater] INFO  impl.StateMachineUpdater (StateMachineUpdater.java:lambda$new$0(89)) - om1@group-C5BA1605619E-StateMachineUpdater: snapshotIndex: updateIncreasingly -1 -> 6
2021-11-30 10:08:24,570 [om1@group-C5BA1605619E-StateMachineUpdater] INFO  ratis.OzoneManagerStateMachine (OzoneManagerStateMachine.java:close(471)) - StateMachine has shutdown. Shutdown OzoneManager if not already shutdown.
2021-11-30 10:08:24,570 [Listener at 127.0.0.1/41539] INFO  server.RaftServer$Division (ServerState.java:close(419)) - om1@group-C5BA1605619E: closes. applyIndex: 6
2021-11-30 10:08:24,571 [om1@group-C5BA1605619E-SegmentedRaftLogWorker] INFO  segmented.SegmentedRaftLogWorker (SegmentedRaftLogWorker.java:run(327)) - om1@group-C5BA1605619E-SegmentedRaftLogWorker was interrupted, exiting. There are 0 tasks remaining in the queue.
2021-11-30 10:08:24,572 [Listener at 127.0.0.1/41539] INFO  segmented.SegmentedRaftLogWorker (SegmentedRaftLogWorker.java:close(237)) - om1@group-C5BA1605619E-SegmentedRaftLogWorker close()
2021-11-30 10:08:24,573 [Listener at 127.0.0.1/41539] INFO  server.GrpcService (GrpcService.java:closeImpl(262)) - om1: shutdown server with port 9872 now
2021-11-30 10:08:24,573 [Listener at 127.0.0.1/41539] INFO  server.GrpcService (GrpcService.java:closeImpl(271)) - om1: shutdown server with port 9872 successfully
2021-11-30 10:08:24,573 [org.apache.ratis.util.JvmPauseMonitor$$Lambda$533/844391723@37fc666a] INFO  util.JvmPauseMonitor (JvmPauseMonitor.java:run(109)) - JvmPauseMonitor-om1: Stopped
2021-11-30 10:08:24,573 [Listener at 127.0.0.1/41539] INFO  ratis.OzoneManagerDoubleBuffer (OzoneManagerDoubleBuffer.java:stop(437)) - Stopping OMDoubleBuffer flush thread
2021-11-30 10:08:24,574 [OMDoubleBufferFlushThread] INFO  ratis.OzoneManagerDoubleBuffer (OzoneManagerDoubleBuffer.java:flushTransactions(356)) - OMDoubleBuffer flush thread OMDoubleBufferFlushThread is interrupted and will exit. OMDoubleBufferFlushThread
2021-11-30 10:08:24,576 [Listener at 127.0.0.1/41539] INFO  utils.BackgroundService (BackgroundService.java:shutdown(132)) - Shutting down service KeyDeletingService
2021-11-30 10:08:24,577 [Listener at 127.0.0.1/41539] INFO  utils.BackgroundService (BackgroundService.java:shutdown(132)) - Shutting down service DirectoryDeletingService
2021-11-30 10:08:24,579 [Listener at 127.0.0.1/41539] INFO  handler.ContextHandler (ContextHandler.java:doStop(1153)) - Stopped o.e.j.w.WebAppContext@4b6c2949{ozoneManager,/,null,STOPPED}{file:/home/runner/work/ozone/ozone/hadoop-ozone/integration-test/target/test-classes/webapps/ozoneManager}
2021-11-30 10:08:24,580 [Listener at 127.0.0.1/41539] INFO  server.AbstractConnector (AbstractConnector.java:doStop(381)) - Stopped ServerConnector@6687c648{HTTP/1.1, (http/1.1)}{0.0.0.0:0}
2021-11-30 10:08:24,580 [Listener at 127.0.0.1/41539] INFO  server.session (HouseKeeper.java:stopScavenging(149)) - node0 Stopped scavenging
2021-11-30 10:08:24,580 [Listener at 127.0.0.1/41539] INFO  handler.ContextHandler (ContextHandler.java:doStop(1153)) - Stopped o.e.j.s.ServletContextHandler@68117a11{static,/static,file:///home/runner/work/ozone/ozone/hadoop-ozone/integration-test/target/test-classes/webapps/static,STOPPED}
2021-11-30 10:08:24,580 [Listener at 127.0.0.1/41539] INFO  handler.ContextHandler (ContextHandler.java:doStop(1153)) - Stopped o.e.j.s.ServletContextHandler@2bdde142{logs,/logs,file:///home/runner/work/ozone/ozone/hadoop-ozone/integration-test/target/log,STOPPED}
2021-11-30 10:08:24,583 [Listener at 127.0.0.1/41539] INFO  ozone.MiniOzoneClusterImpl (MiniOzoneClusterImpl.java:stopDatanodes(527)) - Stopping the HddsDatanodes
2021-11-30 10:08:24,633 [6554f318-a890-4dbb-b82d-600ac54ca0e4@group-A7AF2A5B734F-FollowerState] INFO  impl.FollowerState (FollowerState.java:run(134)) - 6554f318-a890-4dbb-b82d-600ac54ca0e4@group-A7AF2A5B734F-FollowerState: change to CANDIDATE, lastRpcElapsedTime:5007516069ns, electionTimeout:5002ms
2021-11-30 10:08:24,633 [6554f318-a890-4dbb-b82d-600ac54ca0e4@group-A7AF2A5B734F-FollowerState] INFO  impl.RoleInfo (RoleInfo.java:shutdownFollowerState(108)) - 6554f318-a890-4dbb-b82d-600ac54ca0e4: shutdown 6554f318-a890-4dbb-b82d-600ac54ca0e4@group-A7AF2A5B734F-FollowerState
2021-11-30 10:08:24,633 [6554f318-a890-4dbb-b82d-600ac54ca0e4@group-A7AF2A5B734F-FollowerState] INFO  server.RaftServer$Division (RaftServerImpl.java:setRole(290)) - 6554f318-a890-4dbb-b82d-600ac54ca0e4@group-A7AF2A5B734F: changes role from  FOLLOWER to CANDIDATE at term 1 for changeToCandidate
2021-11-30 10:08:24,633 [6554f318-a890-4dbb-b82d-600ac54ca0e4@group-A7AF2A5B734F-FollowerState] INFO  server.RaftServerConfigKeys (ConfUtils.java:logGet(44)) - raft.server.leaderelection.pre-vote = false (custom)
2021-11-30 10:08:24,633 [6554f318-a890-4dbb-b82d-600ac54ca0e4@group-A7AF2A5B734F-FollowerState] INFO  impl.RoleInfo (RoleInfo.java:updateAndGet(130)) - 6554f318-a890-4dbb-b82d-600ac54ca0e4: start 6554f318-a890-4dbb-b82d-600ac54ca0e4@group-A7AF2A5B734F-LeaderElection28
2021-11-30 10:08:24,641 [6554f318-a890-4dbb-b82d-600ac54ca0e4@group-A7AF2A5B734F-LeaderElection28] INFO  impl.LeaderElection (LeaderElection.java:askForVotes(306)) - 6554f318-a890-4dbb-b82d-600ac54ca0e4@group-A7AF2A5B734F-LeaderElection28 ELECTION round 0: submit vote requests at term 2 for -1: [594a5f90-d5fa-4b06-ac33-1af263ebc166|rpc:10.1.0.53:39275|dataStream:|priority:0, f261d845-a31c-4557-bbf6-cf3b66338abe|rpc:10.1.0.53:34515|dataStream:|priority:0, 6554f318-a890-4dbb-b82d-600ac54ca0e4|rpc:10.1.0.53:36339|dataStream:|priority:1], old=null
2021-11-30 10:08:24,653 [grpc-default-executor-1] INFO  server.RaftServer$Division (RaftServerImpl.java:requestVote(1046)) - 594a5f90-d5fa-4b06-ac33-1af263ebc166@group-A7AF2A5B734F: receive requestVote(ELECTION, 6554f318-a890-4dbb-b82d-600ac54ca0e4, group-A7AF2A5B734F, 2, (t:0, i:0))
2021-11-30 10:08:24,654 [grpc-default-executor-1] INFO  impl.VoteContext (VoteContext.java:log(48)) - 594a5f90-d5fa-4b06-ac33-1af263ebc166@group-A7AF2A5B734F-FOLLOWER: accept ELECTION from 6554f318-a890-4dbb-b82d-600ac54ca0e4: our priority 0 <= candidate's priority 1
2021-11-30 10:08:24,654 [grpc-default-executor-1] INFO  server.RaftServer$Division (RaftServerImpl.java:setRole(290)) - 594a5f90-d5fa-4b06-ac33-1af263ebc166@group-A7AF2A5B734F: changes role from  FOLLOWER to FOLLOWER at term 2 for candidate:6554f318-a890-4dbb-b82d-600ac54ca0e4
2021-11-30 10:08:24,654 [grpc-default-executor-1] INFO  impl.RoleInfo (RoleInfo.java:shutdownFollowerState(108)) - 594a5f90-d5fa-4b06-ac33-1af263ebc166: shutdown 594a5f90-d5fa-4b06-ac33-1af263ebc166@group-A7AF2A5B734F-FollowerState
2021-11-30 10:08:24,654 [grpc-default-executor-1] INFO  impl.RoleInfo (RoleInfo.java:updateAndGet(130)) - 594a5f90-d5fa-4b06-ac33-1af263ebc166: start 594a5f90-d5fa-4b06-ac33-1af263ebc166@group-A7AF2A5B734F-FollowerState
2021-11-30 10:08:24,654 [594a5f90-d5fa-4b06-ac33-1af263ebc166@group-A7AF2A5B734F-FollowerState] INFO  impl.FollowerState (FollowerState.java:run(143)) - 594a5f90-d5fa-4b06-ac33-1af263ebc166@group-A7AF2A5B734F-FollowerState was interrupted: {}
java.lang.InterruptedException: sleep interrupted
	at java.lang.Thread.sleep(Native Method)
	at java.lang.Thread.sleep(Thread.java:340)
	at java.util.concurrent.TimeUnit.sleep(TimeUnit.java:386)
	at org.apache.ratis.util.TimeDuration.sleep(TimeDuration.java:324)
	at org.apache.ratis.util.TimeDuration.sleep(TimeDuration.java:309)
	at org.apache.ratis.server.impl.FollowerState.run(FollowerState.java:118)
2021-11-30 10:08:24,664 [6554f318-a890-4dbb-b82d-600ac54ca0e4@group-A7AF2A5B734F-LeaderElection28] INFO  impl.LeaderElection (LogUtils.java:infoOrTrace(137)) - 6554f318-a890-4dbb-b82d-600ac54ca0e4@group-A7AF2A5B734F-LeaderElection28 got exception when requesting votes: java.util.concurrent.ExecutionException: org.apache.ratis.thirdparty.io.grpc.StatusRuntimeException: UNAVAILABLE: io exception
2021-11-30 10:08:24,664 [grpc-default-executor-1] INFO  server.RaftServer$Division (RaftServerImpl.java:requestVote(1078)) - 594a5f90-d5fa-4b06-ac33-1af263ebc166@group-A7AF2A5B734F replies to ELECTION vote request: 6554f318-a890-4dbb-b82d-600ac54ca0e4<-594a5f90-d5fa-4b06-ac33-1af263ebc166#0:OK-t2. Peer's state: 594a5f90-d5fa-4b06-ac33-1af263ebc166@group-A7AF2A5B734F:t2, leader=null, voted=6554f318-a890-4dbb-b82d-600ac54ca0e4, raftlog=594a5f90-d5fa-4b06-ac33-1af263ebc166@group-A7AF2A5B734F-SegmentedRaftLog:OPENED:c-1, conf=-1: [594a5f90-d5fa-4b06-ac33-1af263ebc166|rpc:10.1.0.53:39275|priority:0, f261d845-a31c-4557-bbf6-cf3b66338abe|rpc:10.1.0.53:34515|priority:0, 6554f318-a890-4dbb-b82d-600ac54ca0e4|rpc:10.1.0.53:36339|priority:1], old=null
2021-11-30 10:08:24,666 [6554f318-a890-4dbb-b82d-600ac54ca0e4@group-A7AF2A5B734F-LeaderElection28] INFO  impl.LeaderElection (LeaderElection.java:logAndReturn(89)) - 6554f318-a890-4dbb-b82d-600ac54ca0e4@group-A7AF2A5B734F-LeaderElection28: ELECTION PASSED received 1 response(s) and 1 exception(s):
2021-11-30 10:08:24,666 [6554f318-a890-4dbb-b82d-600ac54ca0e4@group-A7AF2A5B734F-LeaderElection28] INFO  impl.LeaderElection (LeaderElection.java:logAndReturn(93)) -   Response 0: 6554f318-a890-4dbb-b82d-600ac54ca0e4<-594a5f90-d5fa-4b06-ac33-1af263ebc166#0:OK-t2
2021-11-30 10:08:24,666 [6554f318-a890-4dbb-b82d-600ac54ca0e4@group-A7AF2A5B734F-LeaderElection28] INFO  impl.LeaderElection (LogUtils.java:infoOrTrace(137)) -   Exception 1: java.util.concurrent.ExecutionException: org.apache.ratis.thirdparty.io.grpc.StatusRuntimeException: UNAVAILABLE: io exception
2021-11-30 10:08:24,666 [6554f318-a890-4dbb-b82d-600ac54ca0e4@group-A7AF2A5B734F-LeaderElection28] INFO  impl.LeaderElection (LeaderElection.java:askForVotes(308)) - 6554f318-a890-4dbb-b82d-600ac54ca0e4@group-A7AF2A5B734F-LeaderElection28 ELECTION round 0: result PASSED
2021-11-30 10:08:24,666 [6554f318-a890-4dbb-b82d-600ac54ca0e4@group-A7AF2A5B734F-LeaderElection28] INFO  impl.RoleInfo (RoleInfo.java:shutdownLeaderElection(121)) - 6554f318-a890-4dbb-b82d-600ac54ca0e4: shutdown 6554f318-a890-4dbb-b82d-600ac54ca0e4@group-A7AF2A5B734F-LeaderElection28
2021-11-30 10:08:24,666 [6554f318-a890-4dbb-b82d-600ac54ca0e4@group-A7AF2A5B734F-LeaderElection28] INFO  server.RaftServer$Division (RaftServerImpl.java:setRole(290)) - 6554f318-a890-4dbb-b82d-600ac54ca0e4@group-A7AF2A5B734F: changes role from CANDIDATE to LEADER at term 2 for changeToLeader
2021-11-30 10:08:24,666 [6554f318-a890-4dbb-b82d-600ac54ca0e4@group-A7AF2A5B734F-LeaderElection28] INFO  ratis.XceiverServerRatis (XceiverServerRatis.java:handleLeaderChangedNotification(866)) - Leader change notification received for group: group-A7AF2A5B734F with new leaderId: 6554f318-a890-4dbb-b82d-600ac54ca0e4
2021-11-30 10:08:24,666 [6554f318-a890-4dbb-b82d-600ac54ca0e4@group-A7AF2A5B734F-LeaderElection28] INFO  server.RaftServer$Division (ServerState.java:setLeader(285)) - 6554f318-a890-4dbb-b82d-600ac54ca0e4@group-A7AF2A5B734F: change Leader from null to 6554f318-a890-4dbb-b82d-600ac54ca0e4 at term 2 for becomeLeader, leader elected after 10197ms
2021-11-30 10:08:24,667 [6554f318-a890-4dbb-b82d-600ac54ca0e4@group-A7AF2A5B734F-LeaderElection28] INFO  server.RaftServerConfigKeys (ConfUtils.java:logGet(44)) - raft.server.staging.catchup.gap = 1000 (default)
2021-11-30 10:08:24,667 [6554f318-a890-4dbb-b82d-600ac54ca0e4@group-A7AF2A5B734F-LeaderElection28] INFO  server.RaftServerConfigKeys (ConfUtils.java:logGet(44)) - raft.server.write.element-limit = 1024 (custom)
2021-11-30 10:08:24,667 [6554f318-a890-4dbb-b82d-600ac54ca0e4@group-A7AF2A5B734F-LeaderElection28] INFO  server.RaftServerConfigKeys (ConfUtils.java:logGet(44)) - raft.server.write.byte-limit = 1024 M (=1073741824) (custom)
2021-11-30 10:08:24,667 [6554f318-a890-4dbb-b82d-600ac54ca0e4@group-A7AF2A5B734F-LeaderElection28] INFO  server.RaftServerConfigKeys (ConfUtils.java:logGet(44)) - raft.server.watch.timeout = 3000ms (custom)
2021-11-30 10:08:24,667 [6554f318-a890-4dbb-b82d-600ac54ca0e4@group-A7AF2A5B734F-LeaderElection28] INFO  server.RaftServerConfigKeys (ConfUtils.java:logGet(44)) - raft.server.watch.timeout.denomination = 1s (default)
2021-11-30 10:08:24,667 [6554f318-a890-4dbb-b82d-600ac54ca0e4@group-A7AF2A5B734F-LeaderElection28] INFO  server.RaftServerConfigKeys (ConfUtils.java:logGet(44)) - raft.server.watch.element-limit = 65536 (default)
2021-11-30 10:08:24,667 [6554f318-a890-4dbb-b82d-600ac54ca0e4@group-A7AF2A5B734F-LeaderElection28] INFO  server.RaftServerConfigKeys (ConfUtils.java:logGet(44)) - raft.server.write.element-limit = 1024 (custom)
2021-11-30 10:08:24,667 [6554f318-a890-4dbb-b82d-600ac54ca0e4@group-A7AF2A5B734F-LeaderElection28] INFO  server.RaftServerConfigKeys (ConfUtils.java:logGet(44)) - raft.server.write.follower.gap.ratio.max = -1.0 (default)
2021-11-30 10:08:24,667 [6554f318-a890-4dbb-b82d-600ac54ca0e4@group-A7AF2A5B734F-LeaderElection28] INFO  server.RaftServerConfigKeys (ConfUtils.java:logGet(44)) - raft.server.log.appender.snapshot.chunk.size.max = 16MB (=16777216) (default)
2021-11-30 10:08:24,668 [6554f318-a890-4dbb-b82d-600ac54ca0e4@group-A7AF2A5B734F-LeaderElection28] INFO  server.RaftServerConfigKeys (ConfUtils.java:logGet(44)) - raft.server.log.appender.buffer.byte-limit = 33554432 (custom)
2021-11-30 10:08:24,668 [6554f318-a890-4dbb-b82d-600ac54ca0e4@group-A7AF2A5B734F-LeaderElection28] INFO  server.RaftServerConfigKeys (ConfUtils.java:logGet(44)) - raft.server.log.appender.buffer.element-limit = 1 (custom)
2021-11-30 10:08:24,668 [6554f318-a890-4dbb-b82d-600ac54ca0e4@group-A7AF2A5B734F-LeaderElection28] INFO  grpc.GrpcConfigKeys (ConfUtils.java:logGet(44)) - raft.grpc.server.leader.outstanding.appends.max = 128 (default)
2021-11-30 10:08:24,668 [6554f318-a890-4dbb-b82d-600ac54ca0e4@group-A7AF2A5B734F-LeaderElection28] INFO  server.RaftServerConfigKeys (ConfUtils.java:logGet(44)) - raft.server.rpc.request.timeout = 3000ms (default)
2021-11-30 10:08:24,668 [6554f318-a890-4dbb-b82d-600ac54ca0e4@group-A7AF2A5B734F-LeaderElection28] INFO  server.RaftServerConfigKeys (ConfUtils.java:logGet(44)) - raft.server.log.appender.install.snapshot.enabled = false (custom)
2021-11-30 10:08:24,669 [6554f318-a890-4dbb-b82d-600ac54ca0e4@group-A7AF2A5B734F-LeaderElection28] INFO  server.RaftServerConfigKeys (ConfUtils.java:logGet(44)) - raft.server.log.appender.snapshot.chunk.size.max = 16MB (=16777216) (default)
2021-11-30 10:08:24,669 [6554f318-a890-4dbb-b82d-600ac54ca0e4@group-A7AF2A5B734F-LeaderElection28] INFO  server.RaftServerConfigKeys (ConfUtils.java:logGet(44)) - raft.server.log.appender.buffer.byte-limit = 33554432 (custom)
2021-11-30 10:08:24,669 [6554f318-a890-4dbb-b82d-600ac54ca0e4@group-A7AF2A5B734F-LeaderElection28] INFO  server.RaftServerConfigKeys (ConfUtils.java:logGet(44)) - raft.server.log.appender.buffer.element-limit = 1 (custom)
2021-11-30 10:08:24,669 [6554f318-a890-4dbb-b82d-600ac54ca0e4@group-A7AF2A5B734F-LeaderElection28] INFO  grpc.GrpcConfigKeys (ConfUtils.java:logGet(44)) - raft.grpc.server.leader.outstanding.appends.max = 128 (default)
2021-11-30 10:08:24,670 [EventQueue-PipelineReportForPipelineReportHandler] INFO  pipeline.PipelineReportHandler (PipelineReportHandler.java:processPipelineReport(113)) - Reported pipeline PipelineID=3757da8e-5c17-4e62-950e-a7af2a5b734f is not found
2021-11-30 10:08:24,670 [6554f318-a890-4dbb-b82d-600ac54ca0e4@group-A7AF2A5B734F-LeaderElection28] INFO  server.RaftServerConfigKeys (ConfUtils.java:logGet(44)) - raft.server.rpc.request.timeout = 3000ms (default)
2021-11-30 10:08:24,670 [6554f318-a890-4dbb-b82d-600ac54ca0e4@group-A7AF2A5B734F-LeaderElection28] INFO  server.RaftServerConfigKeys (ConfUtils.java:logGet(44)) - raft.server.log.appender.install.snapshot.enabled = false (custom)
2021-11-30 10:08:24,671 [6554f318-a890-4dbb-b82d-600ac54ca0e4@group-A7AF2A5B734F-LeaderElection28] INFO  impl.RoleInfo (RoleInfo.java:updateAndGet(130)) - 6554f318-a890-4dbb-b82d-600ac54ca0e4: start 6554f318-a890-4dbb-b82d-600ac54ca0e4@group-A7AF2A5B734F-LeaderStateImpl
2021-11-30 10:08:24,671 [6554f318-a890-4dbb-b82d-600ac54ca0e4@group-A7AF2A5B734F-LeaderElection28] INFO  segmented.SegmentedRaftLogWorker (SegmentedRaftLogWorker.java:startLogSegment(394)) - 6554f318-a890-4dbb-b82d-600ac54ca0e4@group-A7AF2A5B734F-SegmentedRaftLogWorker: Starting segment from index:0
2021-11-30 10:08:24,673 [6554f318-a890-4dbb-b82d-600ac54ca0e4@group-A7AF2A5B734F-SegmentedRaftLogWorker] INFO  segmented.SegmentedRaftLogWorker (SegmentedRaftLogWorker.java:execute(601)) - 6554f318-a890-4dbb-b82d-600ac54ca0e4@group-A7AF2A5B734F-SegmentedRaftLogWorker: created new log segment /home/runner/work/ozone/ozone/hadoop-ozone/integration-test/target/test-dir/MiniOzoneClusterImpl-0e29ee7e-a070-46b0-aa8f-4a21e578e9b3/datanode-6/data/ratis/3757da8e-5c17-4e62-950e-a7af2a5b734f/current/log_inprogress_0
2021-11-30 10:08:24,697 [grpc-default-executor-1] WARN  server.GrpcLogAppender (LogUtils.java:warn(122)) - 6554f318-a890-4dbb-b82d-600ac54ca0e4@group-A7AF2A5B734F->f261d845-a31c-4557-bbf6-cf3b66338abe-AppendLogResponseHandler: Failed appendEntries: org.apache.ratis.thirdparty.io.grpc.StatusRuntimeException: UNAVAILABLE: io exception
2021-11-30 10:08:24,698 [grpc-default-executor-1] WARN  server.GrpcLogAppender (GrpcLogAppender.java:resetClient(110)) - 6554f318-a890-4dbb-b82d-600ac54ca0e4@group-A7AF2A5B734F->f261d845-a31c-4557-bbf6-cf3b66338abe-GrpcLogAppender: Leader has not got in touch with Follower 6554f318-a890-4dbb-b82d-600ac54ca0e4@group-A7AF2A5B734F->f261d845-a31c-4557-bbf6-cf3b66338abe(c-1,m0,n1, attendVote=true, lastRpcSendTime=0, lastRpcResponseTime=5230) yet, just keep nextIndex unchanged and retry.
2021-11-30 10:08:24,705 [6554f318-a890-4dbb-b82d-600ac54ca0e4@group-A7AF2A5B734F-LeaderElection28] INFO  server.RaftServer$Division (ServerState.java:setRaftConf(387)) - 6554f318-a890-4dbb-b82d-600ac54ca0e4@group-A7AF2A5B734F: set configuration 0: [594a5f90-d5fa-4b06-ac33-1af263ebc166|rpc:10.1.0.53:39275|dataStream:|priority:0, f261d845-a31c-4557-bbf6-cf3b66338abe|rpc:10.1.0.53:34515|dataStream:|priority:0, 6554f318-a890-4dbb-b82d-600ac54ca0e4|rpc:10.1.0.53:36339|dataStream:|priority:1], old=null
2021-11-30 10:08:24,720 [grpc-default-executor-0] INFO  ratis.XceiverServerRatis (XceiverServerRatis.java:handleLeaderChangedNotification(866)) - Leader change notification received for group: group-A7AF2A5B734F with new leaderId: 6554f318-a890-4dbb-b82d-600ac54ca0e4
2021-11-30 10:08:24,720 [grpc-default-executor-0] INFO  server.RaftServer$Division (ServerState.java:setLeader(285)) - 594a5f90-d5fa-4b06-ac33-1af263ebc166@group-A7AF2A5B734F: change Leader from null to 6554f318-a890-4dbb-b82d-600ac54ca0e4 at term 2 for appendEntries, leader elected after 10293ms
2021-11-30 10:08:24,733 [grpc-default-executor-0] INFO  server.RaftServer$Division (ServerState.java:setRaftConf(387)) - 594a5f90-d5fa-4b06-ac33-1af263ebc166@group-A7AF2A5B734F: set configuration 0: [594a5f90-d5fa-4b06-ac33-1af263ebc166|rpc:10.1.0.53:39275|dataStream:|priority:0, f261d845-a31c-4557-bbf6-cf3b66338abe|rpc:10.1.0.53:34515|dataStream:|priority:0, 6554f318-a890-4dbb-b82d-600ac54ca0e4|rpc:10.1.0.53:36339|dataStream:|priority:1], old=null
2021-11-30 10:08:24,733 [grpc-default-executor-0] INFO  segmented.SegmentedRaftLogWorker (SegmentedRaftLogWorker.java:startLogSegment(394)) - 594a5f90-d5fa-4b06-ac33-1af263ebc166@group-A7AF2A5B734F-SegmentedRaftLogWorker: Starting segment from index:0
2021-11-30 10:08:24,735 [594a5f90-d5fa-4b06-ac33-1af263ebc166@group-A7AF2A5B734F-SegmentedRaftLogWorker] INFO  segmented.SegmentedRaftLogWorker (SegmentedRaftLogWorker.java:execute(601)) - 594a5f90-d5fa-4b06-ac33-1af263ebc166@group-A7AF2A5B734F-SegmentedRaftLogWorker: created new log segment /home/runner/work/ozone/ozone/hadoop-ozone/integration-test/target/test-dir/MiniOzoneClusterImpl-0e29ee7e-a070-46b0-aa8f-4a21e578e9b3/datanode-4/data/ratis/3757da8e-5c17-4e62-950e-a7af2a5b734f/current/log_inprogress_0
2021-11-30 10:08:25,465 [Command processor thread] INFO  server.RaftServer (RaftServerProxy.java:remove(106)) - 6554f318-a890-4dbb-b82d-600ac54ca0e4: remove    LEADER 6554f318-a890-4dbb-b82d-600ac54ca0e4@group-A7AF2A5B734F:t2, leader=6554f318-a890-4dbb-b82d-600ac54ca0e4, voted=6554f318-a890-4dbb-b82d-600ac54ca0e4, raftlog=6554f318-a890-4dbb-b82d-600ac54ca0e4@group-A7AF2A5B734F-SegmentedRaftLog:OPENED:c0, conf=0: [594a5f90-d5fa-4b06-ac33-1af263ebc166|rpc:10.1.0.53:39275|dataStream:|priority:0, f261d845-a31c-4557-bbf6-cf3b66338abe|rpc:10.1.0.53:34515|dataStream:|priority:0, 6554f318-a890-4dbb-b82d-600ac54ca0e4|rpc:10.1.0.53:36339|dataStream:|priority:1], old=null RUNNING
2021-11-30 10:08:25,466 [Command processor thread] INFO  server.RaftServer$Division (RaftServerImpl.java:lambda$close$4(412)) - 6554f318-a890-4dbb-b82d-600ac54ca0e4@group-A7AF2A5B734F: shutdown
2021-11-30 10:08:25,466 [Command processor thread] INFO  util.JmxRegister (JmxRegister.java:unregister(73)) - Successfully un-registered JMX Bean with object name Ratis:service=RaftServer,group=group-A7AF2A5B734F,id=6554f318-a890-4dbb-b82d-600ac54ca0e4
2021-11-30 10:08:25,466 [Command processor thread] INFO  impl.RoleInfo (RoleInfo.java:shutdownLeaderState(91)) - 6554f318-a890-4dbb-b82d-600ac54ca0e4: shutdown 6554f318-a890-4dbb-b82d-600ac54ca0e4@group-A7AF2A5B734F-LeaderStateImpl
2021-11-30 10:08:25,466 [Command processor thread] INFO  impl.PendingRequests (PendingRequests.java:sendNotLeaderResponses(282)) - 6554f318-a890-4dbb-b82d-600ac54ca0e4@group-A7AF2A5B734F-PendingRequests: sendNotLeaderResponses
2021-11-30 10:08:25,466 [6554f318-a890-4dbb-b82d-600ac54ca0e4@group-A7AF2A5B734F->594a5f90-d5fa-4b06-ac33-1af263ebc166-GrpcLogAppender-LogAppenderDaemon] WARN  server.GrpcLogAppender (GrpcLogAppender.java:mayWait(177)) - 6554f318-a890-4dbb-b82d-600ac54ca0e4@group-A7AF2A5B734F->594a5f90-d5fa-4b06-ac33-1af263ebc166-GrpcLogAppender: Wait interrupted by java.lang.InterruptedException
2021-11-30 10:08:25,467 [Command processor thread] INFO  impl.StateMachineUpdater (StateMachineUpdater.java:stopAndJoin(149)) - 6554f318-a890-4dbb-b82d-600ac54ca0e4@group-A7AF2A5B734F-StateMachineUpdater: set stopIndex = 0
2021-11-30 10:08:25,467 [6554f318-a890-4dbb-b82d-600ac54ca0e4@group-A7AF2A5B734F-StateMachineUpdater] INFO  ratis.ContainerStateMachine (ContainerStateMachine.java:takeSnapshot(292)) - group-A7AF2A5B734F: Taking a snapshot at:(t:2, i:0) file /home/runner/work/ozone/ozone/hadoop-ozone/integration-test/target/test-dir/MiniOzoneClusterImpl-0e29ee7e-a070-46b0-aa8f-4a21e578e9b3/datanode-6/data/ratis/3757da8e-5c17-4e62-950e-a7af2a5b734f/sm/snapshot.2_0
2021-11-30 10:08:25,467 [grpc-default-executor-0] INFO  server.GrpcServerProtocolService (GrpcServerProtocolService.java:onCompleted(140)) - 594a5f90-d5fa-4b06-ac33-1af263ebc166: Completed APPEND_ENTRIES, lastRequest: 6554f318-a890-4dbb-b82d-600ac54ca0e4->594a5f90-d5fa-4b06-ac33-1af263ebc166#1-t2,previous=(t:0, i:0),leaderCommit=0,initializing? true,entries: size=1, first=(t:2, i:0), CONFIGURATIONENTRY
2021-11-30 10:08:25,468 [grpc-default-executor-0] INFO  server.GrpcLogAppender (GrpcLogAppender.java:onCompleted(346)) - 6554f318-a890-4dbb-b82d-600ac54ca0e4@group-A7AF2A5B734F->594a5f90-d5fa-4b06-ac33-1af263ebc166-AppendLogResponseHandler: follower responses appendEntries COMPLETED
2021-11-30 10:08:25,468 [grpc-default-executor-0] INFO  leader.FollowerInfo (FollowerInfoImpl.java:lambda$new$0(47)) - 6554f318-a890-4dbb-b82d-600ac54ca0e4@group-A7AF2A5B734F->594a5f90-d5fa-4b06-ac33-1af263ebc166: nextIndex: updateUnconditionally 1 -> 0
2021-11-30 10:08:25,468 [6554f318-a890-4dbb-b82d-600ac54ca0e4@group-A7AF2A5B734F-StateMachineUpdater] INFO  ratis.ContainerStateMachine (ContainerStateMachine.java:takeSnapshot(303)) - group-A7AF2A5B734F: Finished taking a snapshot at:(t:2, i:0) file:/home/runner/work/ozone/ozone/hadoop-ozone/integration-test/target/test-dir/MiniOzoneClusterImpl-0e29ee7e-a070-46b0-aa8f-4a21e578e9b3/datanode-6/data/ratis/3757da8e-5c17-4e62-950e-a7af2a5b734f/sm/snapshot.2_0 took: 2 ms
2021-11-30 10:08:25,469 [6554f318-a890-4dbb-b82d-600ac54ca0e4@group-A7AF2A5B734F-StateMachineUpdater] INFO  impl.StateMachineUpdater (StateMachineUpdater.java:takeSnapshot(281)) - 6554f318-a890-4dbb-b82d-600ac54ca0e4@group-A7AF2A5B734F-StateMachineUpdater: Took a snapshot at index 0
2021-11-30 10:08:25,469 [6554f318-a890-4dbb-b82d-600ac54ca0e4@group-A7AF2A5B734F-StateMachineUpdater] INFO  impl.StateMachineUpdater (StateMachineUpdater.java:lambda$new$0(89)) - 6554f318-a890-4dbb-b82d-600ac54ca0e4@group-A7AF2A5B734F-StateMachineUpdater: snapshotIndex: updateIncreasingly -1 -> 0
2021-11-30 10:08:25,469 [Command processor thread] INFO  server.RaftServer$Division (ServerState.java:close(419)) - 6554f318-a890-4dbb-b82d-600ac54ca0e4@group-A7AF2A5B734F: closes. applyIndex: 0
2021-11-30 10:08:25,470 [6554f318-a890-4dbb-b82d-600ac54ca0e4@group-A7AF2A5B734F-SegmentedRaftLogWorker] INFO  segmented.SegmentedRaftLogWorker (SegmentedRaftLogWorker.java:run(327)) - 6554f318-a890-4dbb-b82d-600ac54ca0e4@group-A7AF2A5B734F-SegmentedRaftLogWorker was interrupted, exiting. There are 0 tasks remaining in the queue.
2021-11-30 10:08:25,471 [Command processor thread] INFO  segmented.SegmentedRaftLogWorker (SegmentedRaftLogWorker.java:close(237)) - 6554f318-a890-4dbb-b82d-600ac54ca0e4@group-A7AF2A5B734F-SegmentedRaftLogWorker close()
2021-11-30 10:08:25,472 [6554f318-a890-4dbb-b82d-600ac54ca0e4@group-A7AF2A5B734F->f261d845-a31c-4557-bbf6-cf3b66338abe-GrpcLogAppender-LogAppenderDaemon] ERROR leader.LogAppenderDaemon (LogAppenderDaemon.java:run(86)) - 6554f318-a890-4dbb-b82d-600ac54ca0e4@group-A7AF2A5B734F->f261d845-a31c-4557-bbf6-cf3b66338abe-GrpcLogAppender-LogAppenderDaemon failed
java.lang.IllegalArgumentException: 6554f318-a890-4dbb-b82d-600ac54ca0e4@group-A7AF2A5B734F-SegmentedRaftLog is expected to be opened but it is CLOSED
	at org.apache.ratis.util.OpenCloseState.assertOpen(OpenCloseState.java:63)
	at org.apache.ratis.server.raftlog.RaftLogBase.checkLogState(RaftLogBase.java:107)
	at org.apache.ratis.server.raftlog.segmented.SegmentedRaftLog.getLastEntryTermIndex(SegmentedRaftLog.java:339)
	at org.apache.ratis.server.raftlog.RaftLog.getNextIndex(RaftLog.java:83)
	at org.apache.ratis.server.leader.LogAppenderBase.newAppendEntriesRequest(LogAppenderBase.java:138)
	at org.apache.ratis.grpc.server.GrpcLogAppender.appendLog(GrpcLogAppender.java:213)
	at org.apache.ratis.grpc.server.GrpcLogAppender.run(GrpcLogAppender.java:147)
	at org.apache.ratis.server.leader.LogAppenderDaemon.run(LogAppenderDaemon.java:77)
	at java.lang.Thread.run(Thread.java:748)
Caused by: org.apache.ratis.util.OpenCloseState$CloseTrace: Close 6554f318-a890-4dbb-b82d-600ac54ca0e4@group-A7AF2A5B734F-SegmentedRaftLog
	at org.apache.ratis.util.OpenCloseState.lambda$close$1(OpenCloseState.java:109)
	at java.util.concurrent.atomic.AtomicReference.getAndUpdate(AtomicReference.java:160)
	at org.apache.ratis.util.OpenCloseState.close(OpenCloseState.java:109)
	at org.apache.ratis.server.raftlog.RaftLogBase.close(RaftLogBase.java:356)
	at org.apache.ratis.server.raftlog.segmented.SegmentedRaftLog.close(SegmentedRaftLog.java:505)
	at org.apache.ratis.server.impl.ServerState.close(ServerState.java:421)
	at org.apache.ratis.server.impl.RaftServerImpl.lambda$close$4(RaftServerImpl.java:434)
	at org.apache.ratis.util.LifeCycle.lambda$checkStateAndClose$4(LifeCycle.java:299)
	at org.apache.ratis.util.LifeCycle.checkStateAndClose(LifeCycle.java:319)
	at org.apache.ratis.util.LifeCycle.checkStateAndClose(LifeCycle.java:297)
	at org.apache.ratis.server.impl.RaftServerImpl.close(RaftServerImpl.java:411)
	at org.apache.ratis.server.impl.RaftServerImpl.groupRemove(RaftServerImpl.java:376)
	at org.apache.ratis.server.impl.RaftServerProxy.lambda$groupRemoveAsync$14(RaftServerProxy.java:507)
	at java.util.concurrent.CompletableFuture.uniApply(CompletableFuture.java:616)
	at java.util.concurrent.CompletableFuture.uniApplyStage(CompletableFuture.java:628)
	at java.util.concurrent.CompletableFuture.thenApply(CompletableFuture.java:1996)
	at org.apache.ratis.server.impl.RaftServerProxy.groupRemoveAsync(RaftServerProxy.java:506)
	at org.apache.ratis.server.impl.RaftServerProxy.groupManagementAsync(RaftServerProxy.java:460)
	at org.apache.ratis.server.impl.RaftServerProxy.groupManagement(RaftServerProxy.java:440)
	at org.apache.hadoop.ozone.container.common.transport.server.ratis.XceiverServerRatis.removeGroup(XceiverServerRatis.java:784)
	at org.apache.hadoop.ozone.container.common.statemachine.commandhandler.ClosePipelineCommandHandler.handle(ClosePipelineCommandHandler.java:77)
	at org.apache.hadoop.ozone.container.common.statemachine.commandhandler.CommandDispatcher.handle(CommandDispatcher.java:99)
	at org.apache.hadoop.ozone.container.common.statemachine.DatanodeStateMachine.lambda$initCommandHandlerThread$2(DatanodeStateMachine.java:567)
	... 1 more
2021-11-30 10:08:25,477 [Command processor thread] INFO  server.RaftServer$Division (RaftServerImpl.java:groupRemove(382)) - 6554f318-a890-4dbb-b82d-600ac54ca0e4@group-A7AF2A5B734F: Succeed to remove RaftStorageDirectory Storage Directory /home/runner/work/ozone/ozone/hadoop-ozone/integration-test/target/test-dir/MiniOzoneClusterImpl-0e29ee7e-a070-46b0-aa8f-4a21e578e9b3/datanode-6/data/ratis/3757da8e-5c17-4e62-950e-a7af2a5b734f
2021-11-30 10:08:25,477 [Command processor thread] INFO  commandhandler.ClosePipelineCommandHandler (ClosePipelineCommandHandler.java:handle(78)) - Close Pipeline PipelineID=3757da8e-5c17-4e62-950e-a7af2a5b734f command on datanode 6554f318-a890-4dbb-b82d-600ac54ca0e4.
2021-11-30 10:08:29,584 [Listener at 127.0.0.1/41539] INFO  ozoneimpl.OzoneContainer (OzoneContainer.java:stop(325)) - Attempting to stop container services.
2021-11-30 10:08:29,584 [ForkJoinPool.commonPool-worker-1] INFO  ozoneimpl.OzoneContainer (OzoneContainer.java:stop(325)) - Attempting to stop container services.
2021-11-30 10:08:29,585 [ForkJoinPool.commonPool-worker-1] INFO  server.RaftServer (RaftServerProxy.java:lambda$close$6(391)) - 4a8c6e6d-65e8-48ee-8359-0610b7f8095e: close
2021-11-30 10:08:29,585 [ForkJoinPool.commonPool-worker-1] INFO  server.RaftServer$Division (RaftServerImpl.java:lambda$close$4(412)) - 4a8c6e6d-65e8-48ee-8359-0610b7f8095e@group-E114E9338692: shutdown
2021-11-30 10:08:29,585 [ForkJoinPool.commonPool-worker-1] INFO  util.JmxRegister (JmxRegister.java:unregister(73)) - Successfully un-registered JMX Bean with object name Ratis:service=RaftServer,group=group-E114E9338692,id=4a8c6e6d-65e8-48ee-8359-0610b7f8095e
2021-11-30 10:08:29,585 [ForkJoinPool.commonPool-worker-1] INFO  impl.RoleInfo (RoleInfo.java:shutdownLeaderState(91)) - 4a8c6e6d-65e8-48ee-8359-0610b7f8095e: shutdown 4a8c6e6d-65e8-48ee-8359-0610b7f8095e@group-E114E9338692-LeaderStateImpl
2021-11-30 10:08:29,586 [ForkJoinPool.commonPool-worker-1] INFO  impl.PendingRequests (PendingRequests.java:sendNotLeaderResponses(282)) - 4a8c6e6d-65e8-48ee-8359-0610b7f8095e@group-E114E9338692-PendingRequests: sendNotLeaderResponses
2021-11-30 10:08:29,586 [ForkJoinPool.commonPool-worker-1] INFO  impl.StateMachineUpdater (StateMachineUpdater.java:stopAndJoin(149)) - 4a8c6e6d-65e8-48ee-8359-0610b7f8095e@group-E114E9338692-StateMachineUpdater: set stopIndex = 0
2021-11-30 10:08:29,588 [4a8c6e6d-65e8-48ee-8359-0610b7f8095e@group-E114E9338692-StateMachineUpdater] INFO  ratis.ContainerStateMachine (ContainerStateMachine.java:takeSnapshot(292)) - group-E114E9338692: Taking a snapshot at:(t:5, i:0) file /home/runner/work/ozone/ozone/hadoop-ozone/integration-test/target/test-dir/MiniOzoneClusterImpl-0e29ee7e-a070-46b0-aa8f-4a21e578e9b3/datanode-1/data/ratis/a798c64c-2b0c-4b84-be7e-e114e9338692/sm/snapshot.5_0
2021-11-30 10:08:29,588 [Listener at 127.0.0.1/41539] INFO  server.RaftServer (RaftServerProxy.java:lambda$close$6(391)) - 594a5f90-d5fa-4b06-ac33-1af263ebc166: close
2021-11-30 10:08:29,589 [Listener at 127.0.0.1/41539] INFO  server.RaftServer$Division (RaftServerImpl.java:lambda$close$4(412)) - 594a5f90-d5fa-4b06-ac33-1af263ebc166@group-A835347B52D5: shutdown
2021-11-30 10:08:29,589 [Listener at 127.0.0.1/41539] INFO  util.JmxRegister (JmxRegister.java:unregister(73)) - Successfully un-registered JMX Bean with object name Ratis:service=RaftServer,group=group-A835347B52D5,id=594a5f90-d5fa-4b06-ac33-1af263ebc166
2021-11-30 10:08:29,589 [Listener at 127.0.0.1/41539] INFO  impl.RoleInfo (RoleInfo.java:shutdownLeaderState(91)) - 594a5f90-d5fa-4b06-ac33-1af263ebc166: shutdown 594a5f90-d5fa-4b06-ac33-1af263ebc166@group-A835347B52D5-LeaderStateImpl
2021-11-30 10:08:29,589 [Listener at 127.0.0.1/41539] INFO  impl.PendingRequests (PendingRequests.java:sendNotLeaderResponses(282)) - 594a5f90-d5fa-4b06-ac33-1af263ebc166@group-A835347B52D5-PendingRequests: sendNotLeaderResponses
2021-11-30 10:08:29,589 [4a8c6e6d-65e8-48ee-8359-0610b7f8095e@group-E114E9338692-StateMachineUpdater] INFO  ratis.ContainerStateMachine (ContainerStateMachine.java:takeSnapshot(303)) - group-E114E9338692: Finished taking a snapshot at:(t:5, i:0) file:/home/runner/work/ozone/ozone/hadoop-ozone/integration-test/target/test-dir/MiniOzoneClusterImpl-0e29ee7e-a070-46b0-aa8f-4a21e578e9b3/datanode-1/data/ratis/a798c64c-2b0c-4b84-be7e-e114e9338692/sm/snapshot.5_0 took: 2 ms
2021-11-30 10:08:29,589 [Listener at 127.0.0.1/41539] INFO  impl.StateMachineUpdater (StateMachineUpdater.java:stopAndJoin(149)) - 594a5f90-d5fa-4b06-ac33-1af263ebc166@group-A835347B52D5-StateMachineUpdater: set stopIndex = 0
2021-11-30 10:08:29,589 [4a8c6e6d-65e8-48ee-8359-0610b7f8095e@group-E114E9338692-StateMachineUpdater] INFO  impl.StateMachineUpdater (StateMachineUpdater.java:takeSnapshot(281)) - 4a8c6e6d-65e8-48ee-8359-0610b7f8095e@group-E114E9338692-StateMachineUpdater: Took a snapshot at index 0
2021-11-30 10:08:29,590 [4a8c6e6d-65e8-48ee-8359-0610b7f8095e@group-E114E9338692-StateMachineUpdater] INFO  impl.StateMachineUpdater (StateMachineUpdater.java:lambda$new$0(89)) - 4a8c6e6d-65e8-48ee-8359-0610b7f8095e@group-E114E9338692-StateMachineUpdater: snapshotIndex: updateIncreasingly -1 -> 0
2021-11-30 10:08:29,590 [ForkJoinPool.commonPool-worker-1] INFO  server.RaftServer$Division (ServerState.java:close(419)) - 4a8c6e6d-65e8-48ee-8359-0610b7f8095e@group-E114E9338692: closes. applyIndex: 0
2021-11-30 10:08:29,590 [4a8c6e6d-65e8-48ee-8359-0610b7f8095e@group-E114E9338692-SegmentedRaftLogWorker] INFO  segmented.SegmentedRaftLogWorker (SegmentedRaftLogWorker.java:run(327)) - 4a8c6e6d-65e8-48ee-8359-0610b7f8095e@group-E114E9338692-SegmentedRaftLogWorker was interrupted, exiting. There are 0 tasks remaining in the queue.
2021-11-30 10:08:29,590 [594a5f90-d5fa-4b06-ac33-1af263ebc166@group-A835347B52D5-StateMachineUpdater] INFO  ratis.ContainerStateMachine (ContainerStateMachine.java:takeSnapshot(292)) - group-A835347B52D5: Taking a snapshot at:(t:1, i:0) file /home/runner/work/ozone/ozone/hadoop-ozone/integration-test/target/test-dir/MiniOzoneClusterImpl-0e29ee7e-a070-46b0-aa8f-4a21e578e9b3/datanode-4/data/ratis/d15c9091-5f0c-45e6-aafa-a835347b52d5/sm/snapshot.1_0
2021-11-30 10:08:29,592 [ForkJoinPool.commonPool-worker-1] INFO  segmented.SegmentedRaftLogWorker (SegmentedRaftLogWorker.java:close(237)) - 4a8c6e6d-65e8-48ee-8359-0610b7f8095e@group-E114E9338692-SegmentedRaftLogWorker close()
2021-11-30 10:08:29,592 [4a8c6e6d-65e8-48ee-8359-0610b7f8095e@group-E114E9338692->a369f656-5f1a-419f-8148-dd7161541bf1-GrpcLogAppender-LogAppenderDaemon] WARN  server.GrpcLogAppender (GrpcLogAppender.java:mayWait(177)) - 4a8c6e6d-65e8-48ee-8359-0610b7f8095e@group-E114E9338692->a369f656-5f1a-419f-8148-dd7161541bf1-GrpcLogAppender: Wait interrupted by java.lang.InterruptedException
2021-11-30 10:08:29,594 [594a5f90-d5fa-4b06-ac33-1af263ebc166@group-A835347B52D5-StateMachineUpdater] INFO  ratis.ContainerStateMachine (ContainerStateMachine.java:takeSnapshot(303)) - group-A835347B52D5: Finished taking a snapshot at:(t:1, i:0) file:/home/runner/work/ozone/ozone/hadoop-ozone/integration-test/target/test-dir/MiniOzoneClusterImpl-0e29ee7e-a070-46b0-aa8f-4a21e578e9b3/datanode-4/data/ratis/d15c9091-5f0c-45e6-aafa-a835347b52d5/sm/snapshot.1_0 took: 4 ms
2021-11-30 10:08:29,593 [4a8c6e6d-65e8-48ee-8359-0610b7f8095e@group-E114E9338692->fc496f33-557f-4ba9-a352-3c0776838466-GrpcLogAppender-LogAppenderDaemon] WARN  server.GrpcLogAppender (GrpcLogAppender.java:mayWait(177)) - 4a8c6e6d-65e8-48ee-8359-0610b7f8095e@group-E114E9338692->fc496f33-557f-4ba9-a352-3c0776838466-GrpcLogAppender: Wait interrupted by java.lang.InterruptedException
2021-11-30 10:08:29,594 [594a5f90-d5fa-4b06-ac33-1af263ebc166@group-A835347B52D5-StateMachineUpdater] INFO  impl.StateMachineUpdater (StateMachineUpdater.java:takeSnapshot(281)) - 594a5f90-d5fa-4b06-ac33-1af263ebc166@group-A835347B52D5-StateMachineUpdater: Took a snapshot at index 0
2021-11-30 10:08:29,594 [594a5f90-d5fa-4b06-ac33-1af263ebc166@group-A835347B52D5-StateMachineUpdater] INFO  impl.StateMachineUpdater (StateMachineUpdater.java:lambda$new$0(89)) - 594a5f90-d5fa-4b06-ac33-1af263ebc166@group-A835347B52D5-StateMachineUpdater: snapshotIndex: updateIncreasingly -1 -> 0
2021-11-30 10:08:29,593 [ForkJoinPool.commonPool-worker-1] INFO  server.RaftServer$Division (RaftServerImpl.java:lambda$close$4(412)) - 4a8c6e6d-65e8-48ee-8359-0610b7f8095e@group-473DAC6310BB: shutdown
2021-11-30 10:08:29,594 [ForkJoinPool.commonPool-worker-1] INFO  util.JmxRegister (JmxRegister.java:unregister(73)) - Successfully un-registered JMX Bean with object name Ratis:service=RaftServer,group=group-473DAC6310BB,id=4a8c6e6d-65e8-48ee-8359-0610b7f8095e
2021-11-30 10:08:29,594 [ForkJoinPool.commonPool-worker-1] INFO  impl.RoleInfo (RoleInfo.java:shutdownLeaderState(91)) - 4a8c6e6d-65e8-48ee-8359-0610b7f8095e: shutdown 4a8c6e6d-65e8-48ee-8359-0610b7f8095e@group-473DAC6310BB-LeaderStateImpl
2021-11-30 10:08:29,594 [grpc-default-executor-0] INFO  server.GrpcServerProtocolService (GrpcServerProtocolService.java:onCompleted(140)) - a369f656-5f1a-419f-8148-dd7161541bf1: Completed APPEND_ENTRIES, lastRequest: 4a8c6e6d-65e8-48ee-8359-0610b7f8095e->a369f656-5f1a-419f-8148-dd7161541bf1#1-t5,previous=(t:0, i:0),leaderCommit=-1,initializing? true,entries: size=1, first=(t:5, i:0), CONFIGURATIONENTRY
2021-11-30 10:08:29,595 [Listener at 127.0.0.1/41539] INFO  server.RaftServer$Division (ServerState.java:close(419)) - 594a5f90-d5fa-4b06-ac33-1af263ebc166@group-A835347B52D5: closes. applyIndex: 0
2021-11-30 10:08:29,595 [594a5f90-d5fa-4b06-ac33-1af263ebc166@group-A835347B52D5-SegmentedRaftLogWorker] INFO  segmented.SegmentedRaftLogWorker (SegmentedRaftLogWorker.java:run(327)) - 594a5f90-d5fa-4b06-ac33-1af263ebc166@group-A835347B52D5-SegmentedRaftLogWorker was interrupted, exiting. There are 0 tasks remaining in the queue.
2021-11-30 10:08:29,594 [grpc-default-executor-1] INFO  server.GrpcServerProtocolService (GrpcServerProtocolService.java:onCompleted(140)) - fc496f33-557f-4ba9-a352-3c0776838466: Completed APPEND_ENTRIES, lastRequest: 4a8c6e6d-65e8-48ee-8359-0610b7f8095e->fc496f33-557f-4ba9-a352-3c0776838466#1-t5,previous=(t:0, i:0),leaderCommit=0,initializing? true,entries: size=1, first=(t:5, i:0), CONFIGURATIONENTRY
2021-11-30 10:08:29,595 [Listener at 127.0.0.1/41539] INFO  segmented.SegmentedRaftLogWorker (SegmentedRaftLogWorker.java:close(237)) - 594a5f90-d5fa-4b06-ac33-1af263ebc166@group-A835347B52D5-SegmentedRaftLogWorker close()
2021-11-30 10:08:29,596 [grpc-default-executor-2] INFO  server.GrpcLogAppender (GrpcLogAppender.java:onCompleted(346)) - 4a8c6e6d-65e8-48ee-8359-0610b7f8095e@group-E114E9338692->fc496f33-557f-4ba9-a352-3c0776838466-AppendLogResponseHandler: follower responses appendEntries COMPLETED
2021-11-30 10:08:29,595 [ForkJoinPool.commonPool-worker-1] INFO  impl.PendingRequests (PendingRequests.java:sendNotLeaderResponses(282)) - 4a8c6e6d-65e8-48ee-8359-0610b7f8095e@group-473DAC6310BB-PendingRequests: sendNotLeaderResponses
2021-11-30 10:08:29,596 [grpc-default-executor-2] INFO  leader.FollowerInfo (FollowerInfoImpl.java:lambda$new$0(47)) - 4a8c6e6d-65e8-48ee-8359-0610b7f8095e@group-E114E9338692->fc496f33-557f-4ba9-a352-3c0776838466: nextIndex: updateUnconditionally 1 -> 0
2021-11-30 10:08:29,596 [grpc-default-executor-1] INFO  server.GrpcLogAppender (GrpcLogAppender.java:onCompleted(346)) - 4a8c6e6d-65e8-48ee-8359-0610b7f8095e@group-E114E9338692->a369f656-5f1a-419f-8148-dd7161541bf1-AppendLogResponseHandler: follower responses appendEntries COMPLETED
2021-11-30 10:08:29,597 [grpc-default-executor-1] INFO  leader.FollowerInfo (FollowerInfoImpl.java:lambda$new$0(47)) - 4a8c6e6d-65e8-48ee-8359-0610b7f8095e@group-E114E9338692->a369f656-5f1a-419f-8148-dd7161541bf1: nextIndex: updateUnconditionally 1 -> 0
2021-11-30 10:08:29,597 [ForkJoinPool.commonPool-worker-1] INFO  impl.StateMachineUpdater (StateMachineUpdater.java:stopAndJoin(149)) - 4a8c6e6d-65e8-48ee-8359-0610b7f8095e@group-473DAC6310BB-StateMachineUpdater: set stopIndex = 0
2021-11-30 10:08:29,597 [Listener at 127.0.0.1/41539] INFO  server.RaftServer$Division (RaftServerImpl.java:lambda$close$4(412)) - 594a5f90-d5fa-4b06-ac33-1af263ebc166@group-A7AF2A5B734F: shutdown
2021-11-30 10:08:29,597 [Listener at 127.0.0.1/41539] INFO  util.JmxRegister (JmxRegister.java:unregister(73)) - Successfully un-registered JMX Bean with object name Ratis:service=RaftServer,group=group-A7AF2A5B734F,id=594a5f90-d5fa-4b06-ac33-1af263ebc166
2021-11-30 10:08:29,597 [Listener at 127.0.0.1/41539] INFO  impl.RoleInfo (RoleInfo.java:shutdownFollowerState(108)) - 594a5f90-d5fa-4b06-ac33-1af263ebc166: shutdown 594a5f90-d5fa-4b06-ac33-1af263ebc166@group-A7AF2A5B734F-FollowerState
2021-11-30 10:08:29,597 [Listener at 127.0.0.1/41539] INFO  impl.StateMachineUpdater (StateMachineUpdater.java:stopAndJoin(149)) - 594a5f90-d5fa-4b06-ac33-1af263ebc166@group-A7AF2A5B734F-StateMachineUpdater: set stopIndex = 0
2021-11-30 10:08:29,597 [594a5f90-d5fa-4b06-ac33-1af263ebc166@group-A7AF2A5B734F-FollowerState] INFO  impl.FollowerState (FollowerState.java:run(143)) - 594a5f90-d5fa-4b06-ac33-1af263ebc166@group-A7AF2A5B734F-FollowerState was interrupted: {}
java.lang.InterruptedException: sleep interrupted
	at java.lang.Thread.sleep(Native Method)
	at java.lang.Thread.sleep(Thread.java:340)
	at java.util.concurrent.TimeUnit.sleep(TimeUnit.java:386)
	at org.apache.ratis.util.TimeDuration.sleep(TimeDuration.java:324)
	at org.apache.ratis.util.TimeDuration.sleep(TimeDuration.java:309)
	at org.apache.ratis.server.impl.FollowerState.run(FollowerState.java:118)
2021-11-30 10:08:29,598 [4a8c6e6d-65e8-48ee-8359-0610b7f8095e@group-473DAC6310BB-StateMachineUpdater] INFO  ratis.ContainerStateMachine (ContainerStateMachine.java:takeSnapshot(292)) - group-473DAC6310BB: Taking a snapshot at:(t:1, i:0) file /home/runner/work/ozone/ozone/hadoop-ozone/integration-test/target/test-dir/MiniOzoneClusterImpl-0e29ee7e-a070-46b0-aa8f-4a21e578e9b3/datanode-1/data/ratis/c871126e-9f3c-4dd0-8a2e-473dac6310bb/sm/snapshot.1_0
2021-11-30 10:08:29,599 [594a5f90-d5fa-4b06-ac33-1af263ebc166@group-A7AF2A5B734F-StateMachineUpdater] INFO  ratis.ContainerStateMachine (ContainerStateMachine.java:takeSnapshot(292)) - group-A7AF2A5B734F: Taking a snapshot at:(t:2, i:0) file /home/runner/work/ozone/ozone/hadoop-ozone/integration-test/target/test-dir/MiniOzoneClusterImpl-0e29ee7e-a070-46b0-aa8f-4a21e578e9b3/datanode-4/data/ratis/3757da8e-5c17-4e62-950e-a7af2a5b734f/sm/snapshot.2_0
2021-11-30 10:08:29,600 [4a8c6e6d-65e8-48ee-8359-0610b7f8095e@group-473DAC6310BB-StateMachineUpdater] INFO  ratis.ContainerStateMachine (ContainerStateMachine.java:takeSnapshot(303)) - group-473DAC6310BB: Finished taking a snapshot at:(t:1, i:0) file:/home/runner/work/ozone/ozone/hadoop-ozone/integration-test/target/test-dir/MiniOzoneClusterImpl-0e29ee7e-a070-46b0-aa8f-4a21e578e9b3/datanode-1/data/ratis/c871126e-9f3c-4dd0-8a2e-473dac6310bb/sm/snapshot.1_0 took: 1 ms
2021-11-30 10:08:29,600 [4a8c6e6d-65e8-48ee-8359-0610b7f8095e@group-473DAC6310BB-StateMachineUpdater] INFO  impl.StateMachineUpdater (StateMachineUpdater.java:takeSnapshot(281)) - 4a8c6e6d-65e8-48ee-8359-0610b7f8095e@group-473DAC6310BB-StateMachineUpdater: Took a snapshot at index 0
2021-11-30 10:08:29,600 [594a5f90-d5fa-4b06-ac33-1af263ebc166@group-A7AF2A5B734F-StateMachineUpdater] INFO  ratis.ContainerStateMachine (ContainerStateMachine.java:takeSnapshot(303)) - group-A7AF2A5B734F: Finished taking a snapshot at:(t:2, i:0) file:/home/runner/work/ozone/ozone/hadoop-ozone/integration-test/target/test-dir/MiniOzoneClusterImpl-0e29ee7e-a070-46b0-aa8f-4a21e578e9b3/datanode-4/data/ratis/3757da8e-5c17-4e62-950e-a7af2a5b734f/sm/snapshot.2_0 took: 1 ms
2021-11-30 10:08:29,600 [594a5f90-d5fa-4b06-ac33-1af263ebc166@group-A7AF2A5B734F-StateMachineUpdater] INFO  impl.StateMachineUpdater (StateMachineUpdater.java:takeSnapshot(281)) - 594a5f90-d5fa-4b06-ac33-1af263ebc166@group-A7AF2A5B734F-StateMachineUpdater: Took a snapshot at index 0
2021-11-30 10:08:29,600 [594a5f90-d5fa-4b06-ac33-1af263ebc166@group-A7AF2A5B734F-StateMachineUpdater] INFO  impl.StateMachineUpdater (StateMachineUpdater.java:lambda$new$0(89)) - 594a5f90-d5fa-4b06-ac33-1af263ebc166@group-A7AF2A5B734F-StateMachineUpdater: snapshotIndex: updateIncreasingly -1 -> 0
2021-11-30 10:08:29,600 [Listener at 127.0.0.1/41539] INFO  server.RaftServer$Division (ServerState.java:close(419)) - 594a5f90-d5fa-4b06-ac33-1af263ebc166@group-A7AF2A5B734F: closes. applyIndex: 0
2021-11-30 10:08:29,601 [4a8c6e6d-65e8-48ee-8359-0610b7f8095e@group-473DAC6310BB-StateMachineUpdater] INFO  impl.StateMachineUpdater (StateMachineUpdater.java:lambda$new$0(89)) - 4a8c6e6d-65e8-48ee-8359-0610b7f8095e@group-473DAC6310BB-StateMachineUpdater: snapshotIndex: updateIncreasingly -1 -> 0
2021-11-30 10:08:29,601 [594a5f90-d5fa-4b06-ac33-1af263ebc166@group-A7AF2A5B734F-SegmentedRaftLogWorker] INFO  segmented.SegmentedRaftLogWorker (SegmentedRaftLogWorker.java:run(327)) - 594a5f90-d5fa-4b06-ac33-1af263ebc166@group-A7AF2A5B734F-SegmentedRaftLogWorker was interrupted, exiting. There are 0 tasks remaining in the queue.
2021-11-30 10:08:29,601 [ForkJoinPool.commonPool-worker-1] INFO  server.RaftServer$Division (ServerState.java:close(419)) - 4a8c6e6d-65e8-48ee-8359-0610b7f8095e@group-473DAC6310BB: closes. applyIndex: 0
2021-11-30 10:08:29,601 [4a8c6e6d-65e8-48ee-8359-0610b7f8095e@group-473DAC6310BB-SegmentedRaftLogWorker] INFO  segmented.SegmentedRaftLogWorker (SegmentedRaftLogWorker.java:run(327)) - 4a8c6e6d-65e8-48ee-8359-0610b7f8095e@group-473DAC6310BB-SegmentedRaftLogWorker was interrupted, exiting. There are 0 tasks remaining in the queue.
2021-11-30 10:08:29,601 [ForkJoinPool.commonPool-worker-1] INFO  segmented.SegmentedRaftLogWorker (SegmentedRaftLogWorker.java:close(237)) - 4a8c6e6d-65e8-48ee-8359-0610b7f8095e@group-473DAC6310BB-SegmentedRaftLogWorker close()
2021-11-30 10:08:29,601 [Listener at 127.0.0.1/41539] INFO  segmented.SegmentedRaftLogWorker (SegmentedRaftLogWorker.java:close(237)) - 594a5f90-d5fa-4b06-ac33-1af263ebc166@group-A7AF2A5B734F-SegmentedRaftLogWorker close()
2021-11-30 10:08:29,602 [ForkJoinPool.commonPool-worker-1] INFO  server.RaftServer$Division (RaftServerImpl.java:lambda$close$4(412)) - 4a8c6e6d-65e8-48ee-8359-0610b7f8095e@group-D183E921640B: shutdown
2021-11-30 10:08:29,603 [Listener at 127.0.0.1/41539] INFO  server.GrpcService (GrpcService.java:closeImpl(262)) - 594a5f90-d5fa-4b06-ac33-1af263ebc166: shutdown server with port 39275 now
2021-11-30 10:08:29,603 [ForkJoinPool.commonPool-worker-1] INFO  util.JmxRegister (JmxRegister.java:unregister(73)) - Successfully un-registered JMX Bean with object name Ratis:service=RaftServer,group=group-D183E921640B,id=4a8c6e6d-65e8-48ee-8359-0610b7f8095e
2021-11-30 10:08:29,606 [ForkJoinPool.commonPool-worker-1] INFO  impl.RoleInfo (RoleInfo.java:shutdownFollowerState(108)) - 4a8c6e6d-65e8-48ee-8359-0610b7f8095e: shutdown 4a8c6e6d-65e8-48ee-8359-0610b7f8095e@group-D183E921640B-FollowerState
2021-11-30 10:08:29,606 [ForkJoinPool.commonPool-worker-1] INFO  impl.StateMachineUpdater (StateMachineUpdater.java:stopAndJoin(149)) - 4a8c6e6d-65e8-48ee-8359-0610b7f8095e@group-D183E921640B-StateMachineUpdater: set stopIndex = 0
2021-11-30 10:08:29,606 [4a8c6e6d-65e8-48ee-8359-0610b7f8095e@group-D183E921640B-FollowerState] INFO  impl.FollowerState (FollowerState.java:run(143)) - 4a8c6e6d-65e8-48ee-8359-0610b7f8095e@group-D183E921640B-FollowerState was interrupted: {}
java.lang.InterruptedException: sleep interrupted
	at java.lang.Thread.sleep(Native Method)
	at java.lang.Thread.sleep(Thread.java:340)
	at java.util.concurrent.TimeUnit.sleep(TimeUnit.java:386)
	at org.apache.ratis.util.TimeDuration.sleep(TimeDuration.java:324)
	at org.apache.ratis.util.TimeDuration.sleep(TimeDuration.java:309)
	at org.apache.ratis.server.impl.FollowerState.run(FollowerState.java:118)
2021-11-30 10:08:29,606 [4a8c6e6d-65e8-48ee-8359-0610b7f8095e@group-D183E921640B-StateMachineUpdater] INFO  ratis.ContainerStateMachine (ContainerStateMachine.java:takeSnapshot(292)) - group-D183E921640B: Taking a snapshot at:(t:5, i:0) file /home/runner/work/ozone/ozone/hadoop-ozone/integration-test/target/test-dir/MiniOzoneClusterImpl-0e29ee7e-a070-46b0-aa8f-4a21e578e9b3/datanode-1/data/ratis/eb8e675b-dbe2-4c1e-bbe8-d183e921640b/sm/snapshot.5_0
2021-11-30 10:08:29,609 [4a8c6e6d-65e8-48ee-8359-0610b7f8095e@group-D183E921640B-StateMachineUpdater] INFO  ratis.ContainerStateMachine (ContainerStateMachine.java:takeSnapshot(303)) - group-D183E921640B: Finished taking a snapshot at:(t:5, i:0) file:/home/runner/work/ozone/ozone/hadoop-ozone/integration-test/target/test-dir/MiniOzoneClusterImpl-0e29ee7e-a070-46b0-aa8f-4a21e578e9b3/datanode-1/data/ratis/eb8e675b-dbe2-4c1e-bbe8-d183e921640b/sm/snapshot.5_0 took: 2 ms
2021-11-30 10:08:29,609 [4a8c6e6d-65e8-48ee-8359-0610b7f8095e@group-D183E921640B-StateMachineUpdater] INFO  impl.StateMachineUpdater (StateMachineUpdater.java:takeSnapshot(281)) - 4a8c6e6d-65e8-48ee-8359-0610b7f8095e@group-D183E921640B-StateMachineUpdater: Took a snapshot at index 0
2021-11-30 10:08:29,609 [4a8c6e6d-65e8-48ee-8359-0610b7f8095e@group-D183E921640B-StateMachineUpdater] INFO  impl.StateMachineUpdater (StateMachineUpdater.java:lambda$new$0(89)) - 4a8c6e6d-65e8-48ee-8359-0610b7f8095e@group-D183E921640B-StateMachineUpdater: snapshotIndex: updateIncreasingly -1 -> 0
2021-11-30 10:08:29,609 [ForkJoinPool.commonPool-worker-1] INFO  server.RaftServer$Division (ServerState.java:close(419)) - 4a8c6e6d-65e8-48ee-8359-0610b7f8095e@group-D183E921640B: closes. applyIndex: 0
2021-11-30 10:08:29,610 [4a8c6e6d-65e8-48ee-8359-0610b7f8095e@group-D183E921640B-SegmentedRaftLogWorker] INFO  segmented.SegmentedRaftLogWorker (SegmentedRaftLogWorker.java:run(327)) - 4a8c6e6d-65e8-48ee-8359-0610b7f8095e@group-D183E921640B-SegmentedRaftLogWorker was interrupted, exiting. There are 0 tasks remaining in the queue.
2021-11-30 10:08:29,610 [ForkJoinPool.commonPool-worker-1] INFO  segmented.SegmentedRaftLogWorker (SegmentedRaftLogWorker.java:close(237)) - 4a8c6e6d-65e8-48ee-8359-0610b7f8095e@group-D183E921640B-SegmentedRaftLogWorker close()
2021-11-30 10:08:29,612 [grpc-default-executor-0] WARN  client.GrpcClientProtocolService (LogUtils.java:warn(122)) - 1-UnorderedRequestStreamObserver1: onError: org.apache.ratis.thirdparty.io.grpc.StatusRuntimeException: CANCELLED: client cancelled
2021-11-30 10:08:29,613 [ForkJoinPool.commonPool-worker-1] INFO  server.GrpcService (GrpcService.java:closeImpl(262)) - 4a8c6e6d-65e8-48ee-8359-0610b7f8095e: shutdown server with port 46879 now
2021-11-30 10:08:29,619 [grpc-default-executor-2] WARN  server.GrpcServerProtocolService (LogUtils.java:warn(122)) - 4a8c6e6d-65e8-48ee-8359-0610b7f8095e: installSnapshot onError, lastRequest: a369f656-5f1a-419f-8148-dd7161541bf1->4a8c6e6d-65e8-48ee-8359-0610b7f8095e#1-t5,previous=(t:0, i:0),leaderCommit=0,initializing? true,entries: size=1, first=(t:5, i:0), CONFIGURATIONENTRY: org.apache.ratis.thirdparty.io.grpc.StatusRuntimeException: CANCELLED: client cancelled
2021-11-30 10:08:29,620 [Listener at 127.0.0.1/41539] INFO  server.GrpcService (GrpcService.java:closeImpl(271)) - 594a5f90-d5fa-4b06-ac33-1af263ebc166: shutdown server with port 39275 successfully
2021-11-30 10:08:29,621 [org.apache.ratis.util.JvmPauseMonitor$$Lambda$533/844391723@754ffe88] INFO  util.JvmPauseMonitor (JvmPauseMonitor.java:run(109)) - JvmPauseMonitor-594a5f90-d5fa-4b06-ac33-1af263ebc166: Stopped
2021-11-30 10:08:29,622 [Listener at 127.0.0.1/41539] INFO  utils.BackgroundService (BackgroundService.java:shutdown(132)) - Shutting down service BlockDeletingService
2021-11-30 10:08:29,632 [grpc-default-executor-0] WARN  server.GrpcLogAppender (LogUtils.java:warn(122)) - a369f656-5f1a-419f-8148-dd7161541bf1@group-D183E921640B->4a8c6e6d-65e8-48ee-8359-0610b7f8095e-AppendLogResponseHandler: Failed appendEntries: org.apache.ratis.thirdparty.io.grpc.StatusRuntimeException: CANCELLED: HTTP/2 error code: CANCEL
Received Rst Stream
2021-11-30 10:08:29,632 [grpc-default-executor-0] WARN  server.GrpcLogAppender (GrpcLogAppender.java:resetClient(110)) - a369f656-5f1a-419f-8148-dd7161541bf1@group-D183E921640B->4a8c6e6d-65e8-48ee-8359-0610b7f8095e-GrpcLogAppender: Leader has not got in touch with Follower a369f656-5f1a-419f-8148-dd7161541bf1@group-D183E921640B->4a8c6e6d-65e8-48ee-8359-0610b7f8095e(c0,m0,n1, attendVote=true, lastRpcSendTime=2260, lastRpcResponseTime=2250) yet, just keep nextIndex unchanged and retry.
2021-11-30 10:08:29,634 [ForkJoinPool.commonPool-worker-1] INFO  server.GrpcService (GrpcService.java:closeImpl(271)) - 4a8c6e6d-65e8-48ee-8359-0610b7f8095e: shutdown server with port 46879 successfully
2021-11-30 10:08:29,634 [org.apache.ratis.util.JvmPauseMonitor$$Lambda$533/844391723@f3c0a7c] INFO  util.JvmPauseMonitor (JvmPauseMonitor.java:run(109)) - JvmPauseMonitor-4a8c6e6d-65e8-48ee-8359-0610b7f8095e: Stopped
2021-11-30 10:08:29,649 [ForkJoinPool.commonPool-worker-1] INFO  utils.BackgroundService (BackgroundService.java:shutdown(132)) - Shutting down service BlockDeletingService
2021-11-30 10:08:29,889 [grpc-default-executor-0] WARN  server.GrpcLogAppender (LogUtils.java:warn(122)) - a369f656-5f1a-419f-8148-dd7161541bf1@group-D183E921640B->4a8c6e6d-65e8-48ee-8359-0610b7f8095e-AppendLogResponseHandler: Failed appendEntries: org.apache.ratis.thirdparty.io.grpc.StatusRuntimeException: UNAVAILABLE: io exception
2021-11-30 10:08:29,889 [grpc-default-executor-0] WARN  server.GrpcLogAppender (GrpcLogAppender.java:resetClient(110)) - a369f656-5f1a-419f-8148-dd7161541bf1@group-D183E921640B->4a8c6e6d-65e8-48ee-8359-0610b7f8095e-GrpcLogAppender: Leader has not got in touch with Follower a369f656-5f1a-419f-8148-dd7161541bf1@group-D183E921640B->4a8c6e6d-65e8-48ee-8359-0610b7f8095e(c0,m0,n1, attendVote=true, lastRpcSendTime=2518, lastRpcResponseTime=2507) yet, just keep nextIndex unchanged and retry.
2021-11-30 10:08:32,398 [grpc-default-executor-0] WARN  server.GrpcLogAppender (LogUtils.java:warn(122)) - a369f656-5f1a-419f-8148-dd7161541bf1@group-D183E921640B->4a8c6e6d-65e8-48ee-8359-0610b7f8095e-AppendLogResponseHandler: Failed appendEntries: org.apache.ratis.thirdparty.io.grpc.StatusRuntimeException: UNAVAILABLE: io exception
2021-11-30 10:08:32,399 [grpc-default-executor-0] WARN  server.GrpcLogAppender (GrpcLogAppender.java:resetClient(110)) - a369f656-5f1a-419f-8148-dd7161541bf1@group-D183E921640B->4a8c6e6d-65e8-48ee-8359-0610b7f8095e-GrpcLogAppender: Leader has not got in touch with Follower a369f656-5f1a-419f-8148-dd7161541bf1@group-D183E921640B->4a8c6e6d-65e8-48ee-8359-0610b7f8095e(c0,m0,n1, attendVote=true, lastRpcSendTime=2507, lastRpcResponseTime=5017) yet, just keep nextIndex unchanged and retry.
2021-11-30 10:08:32,628 [Listener at 127.0.0.1/41539] INFO  statemachine.DatanodeStateMachine (DatanodeStateMachine.java:stopDaemon(526)) - Ozone container server stopped.
2021-11-30 10:08:32,629 [Listener at 127.0.0.1/41539] INFO  handler.ContextHandler (ContextHandler.java:doStop(1153)) - Stopped o.e.j.w.WebAppContext@73f557b8{hddsDatanode,/,null,STOPPED}{jar:file:/home/runner/.m2/repository/org/apache/ozone/hdds-container-service/1.3.0-SNAPSHOT/hdds-container-service-1.3.0-SNAPSHOT.jar!/webapps/hddsDatanode}
2021-11-30 10:08:32,631 [Listener at 127.0.0.1/41539] INFO  server.AbstractConnector (AbstractConnector.java:doStop(381)) - Stopped ServerConnector@10296c53{HTTP/1.1, (http/1.1)}{0.0.0.0:0}
2021-11-30 10:08:32,631 [Listener at 127.0.0.1/41539] INFO  server.session (HouseKeeper.java:stopScavenging(149)) - node0 Stopped scavenging
2021-11-30 10:08:32,631 [Listener at 127.0.0.1/41539] INFO  handler.ContextHandler (ContextHandler.java:doStop(1153)) - Stopped o.e.j.s.ServletContextHandler@63d6315{static,/static,jar:file:/home/runner/.m2/repository/org/apache/ozone/hdds-container-service/1.3.0-SNAPSHOT/hdds-container-service-1.3.0-SNAPSHOT.jar!/webapps/static,STOPPED}
2021-11-30 10:08:32,631 [Listener at 127.0.0.1/41539] INFO  handler.ContextHandler (ContextHandler.java:doStop(1153)) - Stopped o.e.j.s.ServletContextHandler@675afc96{logs,/logs,file:///home/runner/work/ozone/ozone/hadoop-ozone/integration-test/target/log,STOPPED}
2021-11-30 10:08:32,654 [ForkJoinPool.commonPool-worker-1] INFO  statemachine.DatanodeStateMachine (DatanodeStateMachine.java:stopDaemon(526)) - Ozone container server stopped.
2021-11-30 10:08:32,658 [ForkJoinPool.commonPool-worker-1] INFO  handler.ContextHandler (ContextHandler.java:doStop(1153)) - Stopped o.e.j.w.WebAppContext@33e5020d{hddsDatanode,/,null,STOPPED}{jar:file:/home/runner/.m2/repository/org/apache/ozone/hdds-container-service/1.3.0-SNAPSHOT/hdds-container-service-1.3.0-SNAPSHOT.jar!/webapps/hddsDatanode}
2021-11-30 10:08:32,664 [ForkJoinPool.commonPool-worker-1] INFO  server.AbstractConnector (AbstractConnector.java:doStop(381)) - Stopped ServerConnector@30d6abe2{HTTP/1.1, (http/1.1)}{0.0.0.0:0}
2021-11-30 10:08:32,664 [ForkJoinPool.commonPool-worker-1] INFO  server.session (HouseKeeper.java:stopScavenging(149)) - node0 Stopped scavenging
2021-11-30 10:08:32,665 [ForkJoinPool.commonPool-worker-1] INFO  handler.ContextHandler (ContextHandler.java:doStop(1153)) - Stopped o.e.j.s.ServletContextHandler@69c06a03{static,/static,jar:file:/home/runner/.m2/repository/org/apache/ozone/hdds-container-service/1.3.0-SNAPSHOT/hdds-container-service-1.3.0-SNAPSHOT.jar!/webapps/static,STOPPED}
2021-11-30 10:08:32,666 [ForkJoinPool.commonPool-worker-1] INFO  handler.ContextHandler (ContextHandler.java:doStop(1153)) - Stopped o.e.j.s.ServletContextHandler@47f950f5{logs,/logs,file:///home/runner/work/ozone/ozone/hadoop-ozone/integration-test/target/log,STOPPED}
2021-11-30 10:08:34,194 [EventQueue-StaleNodeForStaleNodeHandler] INFO  node.StaleNodeHandler (StaleNodeHandler.java:onMessage(58)) - Datanode 4a8c6e6d-65e8-48ee-8359-0610b7f8095e{ip: 10.1.0.53, host: fv-az297-56.nmf1rxwemy4u5di1sxxf4ejcwb.jx.internal.cloudapp.net, ports: [REPLICATION=43211, RATIS=46879, RATIS_ADMIN=46879, RATIS_SERVER=46879, STANDALONE=39419], networkLocation: /default-rack, certSerialId: null, persistedOpState: IN_SERVICE, persistedOpStateExpiryEpochSec: 0} moved to stale state. Finalizing its pipelines [PipelineID=a798c64c-2b0c-4b84-be7e-e114e9338692, PipelineID=c871126e-9f3c-4dd0-8a2e-473dac6310bb, PipelineID=eb8e675b-dbe2-4c1e-bbe8-d183e921640b]
2021-11-30 10:08:34,195 [EventQueue-StaleNodeForStaleNodeHandler] INFO  pipeline.PipelineManagerImpl (PipelineManagerImpl.java:closePipeline(349)) - Pipeline Pipeline[ Id: a798c64c-2b0c-4b84-be7e-e114e9338692, Nodes: fc496f33-557f-4ba9-a352-3c0776838466{ip: 10.1.0.53, host: fv-az297-56.nmf1rxwemy4u5di1sxxf4ejcwb.jx.internal.cloudapp.net, ports: [REPLICATION=36767, RATIS=44781, RATIS_ADMIN=44781, RATIS_SERVER=44781, STANDALONE=44407], networkLocation: /default-rack, certSerialId: null, persistedOpState: IN_SERVICE, persistedOpStateExpiryEpochSec: 0}4a8c6e6d-65e8-48ee-8359-0610b7f8095e{ip: 10.1.0.53, host: fv-az297-56.nmf1rxwemy4u5di1sxxf4ejcwb.jx.internal.cloudapp.net, ports: [REPLICATION=43211, RATIS=46879, RATIS_ADMIN=46879, RATIS_SERVER=46879, STANDALONE=39419], networkLocation: /default-rack, certSerialId: null, persistedOpState: IN_SERVICE, persistedOpStateExpiryEpochSec: 0}a369f656-5f1a-419f-8148-dd7161541bf1{ip: 10.1.0.53, host: fv-az297-56.nmf1rxwemy4u5di1sxxf4ejcwb.jx.internal.cloudapp.net, ports: [REPLICATION=44659, RATIS=34899, RATIS_ADMIN=34899, RATIS_SERVER=34899, STANDALONE=36351], networkLocation: /default-rack, certSerialId: null, persistedOpState: IN_SERVICE, persistedOpStateExpiryEpochSec: 0}, ReplicationConfig: RATIS/THREE, State:OPEN, leaderId:4a8c6e6d-65e8-48ee-8359-0610b7f8095e, CreationTimestamp2021-11-30T10:07:46.564Z[Etc/UTC]] moved to CLOSED state
2021-11-30 10:08:34,196 [EventQueue-StaleNodeForStaleNodeHandler] INFO  pipeline.PipelineManagerImpl (PipelineManagerImpl.java:closePipeline(349)) - Pipeline Pipeline[ Id: c871126e-9f3c-4dd0-8a2e-473dac6310bb, Nodes: 4a8c6e6d-65e8-48ee-8359-0610b7f8095e{ip: 10.1.0.53, host: fv-az297-56.nmf1rxwemy4u5di1sxxf4ejcwb.jx.internal.cloudapp.net, ports: [REPLICATION=43211, RATIS=46879, RATIS_ADMIN=46879, RATIS_SERVER=46879, STANDALONE=39419], networkLocation: /default-rack, certSerialId: null, persistedOpState: IN_SERVICE, persistedOpStateExpiryEpochSec: 0}, ReplicationConfig: RATIS/ONE, State:OPEN, leaderId:4a8c6e6d-65e8-48ee-8359-0610b7f8095e, CreationTimestamp2021-11-30T10:07:46.116Z[Etc/UTC]] moved to CLOSED state
2021-11-30 10:08:34,196 [EventQueue-StaleNodeForStaleNodeHandler] INFO  pipeline.PipelineManagerImpl (PipelineManagerImpl.java:closePipeline(349)) - Pipeline Pipeline[ Id: eb8e675b-dbe2-4c1e-bbe8-d183e921640b, Nodes: a369f656-5f1a-419f-8148-dd7161541bf1{ip: 10.1.0.53, host: fv-az297-56.nmf1rxwemy4u5di1sxxf4ejcwb.jx.internal.cloudapp.net, ports: [REPLICATION=44659, RATIS=34899, RATIS_ADMIN=34899, RATIS_SERVER=34899, STANDALONE=36351], networkLocation: /default-rack, certSerialId: null, persistedOpState: IN_SERVICE, persistedOpStateExpiryEpochSec: 0}fc496f33-557f-4ba9-a352-3c0776838466{ip: 10.1.0.53, host: fv-az297-56.nmf1rxwemy4u5di1sxxf4ejcwb.jx.internal.cloudapp.net, ports: [REPLICATION=36767, RATIS=44781, RATIS_ADMIN=44781, RATIS_SERVER=44781, STANDALONE=44407], networkLocation: /default-rack, certSerialId: null, persistedOpState: IN_SERVICE, persistedOpStateExpiryEpochSec: 0}4a8c6e6d-65e8-48ee-8359-0610b7f8095e{ip: 10.1.0.53, host: fv-az297-56.nmf1rxwemy4u5di1sxxf4ejcwb.jx.internal.cloudapp.net, ports: [REPLICATION=43211, RATIS=46879, RATIS_ADMIN=46879, RATIS_SERVER=46879, STANDALONE=39419], networkLocation: /default-rack, certSerialId: null, persistedOpState: IN_SERVICE, persistedOpStateExpiryEpochSec: 0}, ReplicationConfig: RATIS/THREE, State:OPEN, leaderId:a369f656-5f1a-419f-8148-dd7161541bf1, CreationTimestamp2021-11-30T10:07:46.562Z[Etc/UTC]] moved to CLOSED state
2021-11-30 10:08:34,494 [EventQueue-StaleNodeForStaleNodeHandler] INFO  node.StaleNodeHandler (StaleNodeHandler.java:onMessage(58)) - Datanode 594a5f90-d5fa-4b06-ac33-1af263ebc166{ip: 10.1.0.53, host: fv-az297-56.nmf1rxwemy4u5di1sxxf4ejcwb.jx.internal.cloudapp.net, ports: [REPLICATION=39225, RATIS=39275, RATIS_ADMIN=39275, RATIS_SERVER=39275, STANDALONE=45399], networkLocation: /default-rack, certSerialId: null, persistedOpState: IN_SERVICE, persistedOpStateExpiryEpochSec: 0} moved to stale state. Finalizing its pipelines [PipelineID=d15c9091-5f0c-45e6-aafa-a835347b52d5]
2021-11-30 10:08:34,495 [EventQueue-StaleNodeForStaleNodeHandler] INFO  pipeline.PipelineManagerImpl (PipelineManagerImpl.java:closePipeline(349)) - Pipeline Pipeline[ Id: d15c9091-5f0c-45e6-aafa-a835347b52d5, Nodes: 594a5f90-d5fa-4b06-ac33-1af263ebc166{ip: 10.1.0.53, host: fv-az297-56.nmf1rxwemy4u5di1sxxf4ejcwb.jx.internal.cloudapp.net, ports: [REPLICATION=39225, RATIS=39275, RATIS_ADMIN=39275, RATIS_SERVER=39275, STANDALONE=45399], networkLocation: /default-rack, certSerialId: null, persistedOpState: IN_SERVICE, persistedOpStateExpiryEpochSec: 0}, ReplicationConfig: RATIS/ONE, State:OPEN, leaderId:594a5f90-d5fa-4b06-ac33-1af263ebc166, CreationTimestamp2021-11-30T10:07:46.965Z[Etc/UTC]] moved to CLOSED state
2021-11-30 10:08:34,900 [grpc-default-executor-0] WARN  server.GrpcLogAppender (LogUtils.java:warn(122)) - a369f656-5f1a-419f-8148-dd7161541bf1@group-D183E921640B->4a8c6e6d-65e8-48ee-8359-0610b7f8095e-AppendLogResponseHandler: Failed appendEntries: org.apache.ratis.thirdparty.io.grpc.StatusRuntimeException: UNAVAILABLE: io exception
2021-11-30 10:08:34,901 [grpc-default-executor-0] WARN  server.GrpcLogAppender (GrpcLogAppender.java:resetClient(110)) - a369f656-5f1a-419f-8148-dd7161541bf1@group-D183E921640B->4a8c6e6d-65e8-48ee-8359-0610b7f8095e-GrpcLogAppender: Leader has not got in touch with Follower a369f656-5f1a-419f-8148-dd7161541bf1@group-D183E921640B->4a8c6e6d-65e8-48ee-8359-0610b7f8095e(c0,m0,n1, attendVote=true, lastRpcSendTime=0, lastRpcResponseTime=7519) yet, just keep nextIndex unchanged and retry.
2021-11-30 10:08:35,421 [a369f656-5f1a-419f-8148-dd7161541bf1@group-E114E9338692-FollowerState] INFO  impl.FollowerState (FollowerState.java:run(134)) - a369f656-5f1a-419f-8148-dd7161541bf1@group-E114E9338692-FollowerState: change to CANDIDATE, lastRpcElapsedTime:7688266913ns, electionTimeout:5033ms
2021-11-30 10:08:35,421 [a369f656-5f1a-419f-8148-dd7161541bf1@group-E114E9338692-FollowerState] INFO  impl.RoleInfo (RoleInfo.java:shutdownFollowerState(108)) - a369f656-5f1a-419f-8148-dd7161541bf1: shutdown a369f656-5f1a-419f-8148-dd7161541bf1@group-E114E9338692-FollowerState
2021-11-30 10:08:35,421 [a369f656-5f1a-419f-8148-dd7161541bf1@group-E114E9338692-FollowerState] INFO  server.RaftServer$Division (RaftServerImpl.java:setRole(290)) - a369f656-5f1a-419f-8148-dd7161541bf1@group-E114E9338692: changes role from  FOLLOWER to CANDIDATE at term 5 for changeToCandidate
2021-11-30 10:08:35,421 [a369f656-5f1a-419f-8148-dd7161541bf1@group-E114E9338692-FollowerState] INFO  server.RaftServerConfigKeys (ConfUtils.java:logGet(44)) - raft.server.leaderelection.pre-vote = false (custom)
2021-11-30 10:08:35,421 [a369f656-5f1a-419f-8148-dd7161541bf1@group-E114E9338692-FollowerState] INFO  impl.RoleInfo (RoleInfo.java:updateAndGet(130)) - a369f656-5f1a-419f-8148-dd7161541bf1: start a369f656-5f1a-419f-8148-dd7161541bf1@group-E114E9338692-LeaderElection29
2021-11-30 10:08:35,427 [a369f656-5f1a-419f-8148-dd7161541bf1@group-E114E9338692-LeaderElection29] INFO  server.RaftServer$Division (ServerState.java:setLeader(285)) - a369f656-5f1a-419f-8148-dd7161541bf1@group-E114E9338692: change Leader from 4a8c6e6d-65e8-48ee-8359-0610b7f8095e to null at term 5 for ELECTION
2021-11-30 10:08:35,429 [a369f656-5f1a-419f-8148-dd7161541bf1@group-E114E9338692-LeaderElection29] INFO  impl.LeaderElection (LeaderElection.java:askForVotes(306)) - a369f656-5f1a-419f-8148-dd7161541bf1@group-E114E9338692-LeaderElection29 ELECTION round 0: submit vote requests at term 6 for 0: [fc496f33-557f-4ba9-a352-3c0776838466|rpc:10.1.0.53:44781|dataStream:|priority:0, 4a8c6e6d-65e8-48ee-8359-0610b7f8095e|rpc:10.1.0.53:46879|dataStream:|priority:1, a369f656-5f1a-419f-8148-dd7161541bf1|rpc:10.1.0.53:34899|dataStream:|priority:0], old=null
2021-11-30 10:08:35,445 [grpc-default-executor-0] INFO  server.RaftServer$Division (RaftServerImpl.java:requestVote(1046)) - fc496f33-557f-4ba9-a352-3c0776838466@group-E114E9338692: receive requestVote(ELECTION, a369f656-5f1a-419f-8148-dd7161541bf1, group-E114E9338692, 6, (t:5, i:0))
2021-11-30 10:08:35,446 [grpc-default-executor-0] INFO  impl.VoteContext (VoteContext.java:log(48)) - fc496f33-557f-4ba9-a352-3c0776838466@group-E114E9338692-FOLLOWER: accept ELECTION from a369f656-5f1a-419f-8148-dd7161541bf1: our priority 0 <= candidate's priority 0
2021-11-30 10:08:35,446 [grpc-default-executor-0] INFO  server.RaftServer$Division (ServerState.java:setLeader(285)) - fc496f33-557f-4ba9-a352-3c0776838466@group-E114E9338692: change Leader from 4a8c6e6d-65e8-48ee-8359-0610b7f8095e to null at term 6 for updateCurrentTerm
2021-11-30 10:08:35,446 [grpc-default-executor-0] INFO  server.RaftServer$Division (RaftServerImpl.java:setRole(290)) - fc496f33-557f-4ba9-a352-3c0776838466@group-E114E9338692: changes role from  FOLLOWER to FOLLOWER at term 6 for candidate:a369f656-5f1a-419f-8148-dd7161541bf1
2021-11-30 10:08:35,446 [grpc-default-executor-0] INFO  impl.RoleInfo (RoleInfo.java:shutdownFollowerState(108)) - fc496f33-557f-4ba9-a352-3c0776838466: shutdown fc496f33-557f-4ba9-a352-3c0776838466@group-E114E9338692-FollowerState
2021-11-30 10:08:35,464 [fc496f33-557f-4ba9-a352-3c0776838466@group-E114E9338692-FollowerState] INFO  impl.FollowerState (FollowerState.java:run(143)) - fc496f33-557f-4ba9-a352-3c0776838466@group-E114E9338692-FollowerState was interrupted: {}
java.lang.InterruptedException: sleep interrupted
	at java.lang.Thread.sleep(Native Method)
	at java.lang.Thread.sleep(Thread.java:340)
	at java.util.concurrent.TimeUnit.sleep(TimeUnit.java:386)
	at org.apache.ratis.util.TimeDuration.sleep(TimeDuration.java:324)
	at org.apache.ratis.util.TimeDuration.sleep(TimeDuration.java:309)
	at org.apache.ratis.server.impl.FollowerState.run(FollowerState.java:118)
2021-11-30 10:08:35,464 [grpc-default-executor-0] INFO  impl.RoleInfo (RoleInfo.java:updateAndGet(130)) - fc496f33-557f-4ba9-a352-3c0776838466: start fc496f33-557f-4ba9-a352-3c0776838466@group-E114E9338692-FollowerState
2021-11-30 10:08:35,469 [a369f656-5f1a-419f-8148-dd7161541bf1@group-E114E9338692-LeaderElection29] INFO  impl.LeaderElection (LogUtils.java:infoOrTrace(137)) - a369f656-5f1a-419f-8148-dd7161541bf1@group-E114E9338692-LeaderElection29 got exception when requesting votes: java.util.concurrent.ExecutionException: org.apache.ratis.thirdparty.io.grpc.StatusRuntimeException: UNAVAILABLE: io exception
2021-11-30 10:08:35,470 [grpc-default-executor-0] INFO  server.RaftServer$Division (RaftServerImpl.java:requestVote(1078)) - fc496f33-557f-4ba9-a352-3c0776838466@group-E114E9338692 replies to ELECTION vote request: a369f656-5f1a-419f-8148-dd7161541bf1<-fc496f33-557f-4ba9-a352-3c0776838466#0:OK-t6. Peer's state: fc496f33-557f-4ba9-a352-3c0776838466@group-E114E9338692:t6, leader=null, voted=a369f656-5f1a-419f-8148-dd7161541bf1, raftlog=fc496f33-557f-4ba9-a352-3c0776838466@group-E114E9338692-SegmentedRaftLog:OPENED:c0, conf=0: [fc496f33-557f-4ba9-a352-3c0776838466|rpc:10.1.0.53:44781|dataStream:|priority:0, 4a8c6e6d-65e8-48ee-8359-0610b7f8095e|rpc:10.1.0.53:46879|dataStream:|priority:1, a369f656-5f1a-419f-8148-dd7161541bf1|rpc:10.1.0.53:34899|dataStream:|priority:0], old=null
2021-11-30 10:08:35,473 [a369f656-5f1a-419f-8148-dd7161541bf1@group-E114E9338692-LeaderElection29] INFO  impl.LeaderElection (LeaderElection.java:logAndReturn(89)) - a369f656-5f1a-419f-8148-dd7161541bf1@group-E114E9338692-LeaderElection29: ELECTION PASSED received 1 response(s) and 1 exception(s):
2021-11-30 10:08:35,473 [a369f656-5f1a-419f-8148-dd7161541bf1@group-E114E9338692-LeaderElection29] INFO  impl.LeaderElection (LeaderElection.java:logAndReturn(93)) -   Response 0: a369f656-5f1a-419f-8148-dd7161541bf1<-fc496f33-557f-4ba9-a352-3c0776838466#0:OK-t6
2021-11-30 10:08:35,473 [a369f656-5f1a-419f-8148-dd7161541bf1@group-E114E9338692-LeaderElection29] INFO  impl.LeaderElection (LogUtils.java:infoOrTrace(137)) -   Exception 1: java.util.concurrent.ExecutionException: org.apache.ratis.thirdparty.io.grpc.StatusRuntimeException: UNAVAILABLE: io exception
2021-11-30 10:08:35,473 [a369f656-5f1a-419f-8148-dd7161541bf1@group-E114E9338692-LeaderElection29] INFO  impl.LeaderElection (LeaderElection.java:askForVotes(308)) - a369f656-5f1a-419f-8148-dd7161541bf1@group-E114E9338692-LeaderElection29 ELECTION round 0: result PASSED
2021-11-30 10:08:35,473 [a369f656-5f1a-419f-8148-dd7161541bf1@group-E114E9338692-LeaderElection29] INFO  impl.RoleInfo (RoleInfo.java:shutdownLeaderElection(121)) - a369f656-5f1a-419f-8148-dd7161541bf1: shutdown a369f656-5f1a-419f-8148-dd7161541bf1@group-E114E9338692-LeaderElection29
2021-11-30 10:08:35,473 [a369f656-5f1a-419f-8148-dd7161541bf1@group-E114E9338692-LeaderElection29] INFO  server.RaftServer$Division (RaftServerImpl.java:setRole(290)) - a369f656-5f1a-419f-8148-dd7161541bf1@group-E114E9338692: changes role from CANDIDATE to LEADER at term 6 for changeToLeader
2021-11-30 10:08:35,473 [a369f656-5f1a-419f-8148-dd7161541bf1@group-E114E9338692-LeaderElection29] INFO  ratis.XceiverServerRatis (XceiverServerRatis.java:handleLeaderChangedNotification(866)) - Leader change notification received for group: group-E114E9338692 with new leaderId: a369f656-5f1a-419f-8148-dd7161541bf1
2021-11-30 10:08:35,474 [a369f656-5f1a-419f-8148-dd7161541bf1@group-E114E9338692-LeaderElection29] INFO  server.RaftServer$Division (ServerState.java:setLeader(285)) - a369f656-5f1a-419f-8148-dd7161541bf1@group-E114E9338692: change Leader from null to a369f656-5f1a-419f-8148-dd7161541bf1 at term 6 for becomeLeader, leader elected after 46ms
2021-11-30 10:08:35,474 [a369f656-5f1a-419f-8148-dd7161541bf1@group-E114E9338692-LeaderElection29] INFO  server.RaftServerConfigKeys (ConfUtils.java:logGet(44)) - raft.server.staging.catchup.gap = 1000 (default)
2021-11-30 10:08:35,474 [a369f656-5f1a-419f-8148-dd7161541bf1@group-E114E9338692-LeaderElection29] INFO  server.RaftServerConfigKeys (ConfUtils.java:logGet(44)) - raft.server.write.element-limit = 1024 (custom)
2021-11-30 10:08:35,474 [a369f656-5f1a-419f-8148-dd7161541bf1@group-E114E9338692-LeaderElection29] INFO  server.RaftServerConfigKeys (ConfUtils.java:logGet(44)) - raft.server.write.byte-limit = 1024 M (=1073741824) (custom)
2021-11-30 10:08:35,474 [a369f656-5f1a-419f-8148-dd7161541bf1@group-E114E9338692-LeaderElection29] INFO  server.RaftServerConfigKeys (ConfUtils.java:logGet(44)) - raft.server.watch.timeout = 3000ms (custom)
2021-11-30 10:08:35,474 [a369f656-5f1a-419f-8148-dd7161541bf1@group-E114E9338692-LeaderElection29] INFO  server.RaftServerConfigKeys (ConfUtils.java:logGet(44)) - raft.server.watch.timeout.denomination = 1s (default)
2021-11-30 10:08:35,474 [a369f656-5f1a-419f-8148-dd7161541bf1@group-E114E9338692-LeaderElection29] INFO  server.RaftServerConfigKeys (ConfUtils.java:logGet(44)) - raft.server.watch.element-limit = 65536 (default)
2021-11-30 10:08:35,474 [a369f656-5f1a-419f-8148-dd7161541bf1@group-E114E9338692-LeaderElection29] INFO  server.RaftServerConfigKeys (ConfUtils.java:logGet(44)) - raft.server.write.element-limit = 1024 (custom)
2021-11-30 10:08:35,474 [a369f656-5f1a-419f-8148-dd7161541bf1@group-E114E9338692-LeaderElection29] INFO  server.RaftServerConfigKeys (ConfUtils.java:logGet(44)) - raft.server.write.follower.gap.ratio.max = -1.0 (default)
2021-11-30 10:08:35,474 [a369f656-5f1a-419f-8148-dd7161541bf1@group-E114E9338692-LeaderElection29] INFO  server.RaftServerConfigKeys (ConfUtils.java:logGet(44)) - raft.server.log.appender.snapshot.chunk.size.max = 16MB (=16777216) (default)
2021-11-30 10:08:35,475 [a369f656-5f1a-419f-8148-dd7161541bf1@group-E114E9338692-LeaderElection29] INFO  server.RaftServerConfigKeys (ConfUtils.java:logGet(44)) - raft.server.log.appender.buffer.byte-limit = 33554432 (custom)
2021-11-30 10:08:35,475 [a369f656-5f1a-419f-8148-dd7161541bf1@group-E114E9338692-LeaderElection29] INFO  server.RaftServerConfigKeys (ConfUtils.java:logGet(44)) - raft.server.log.appender.buffer.element-limit = 1 (custom)
2021-11-30 10:08:35,475 [a369f656-5f1a-419f-8148-dd7161541bf1@group-E114E9338692-LeaderElection29] INFO  grpc.GrpcConfigKeys (ConfUtils.java:logGet(44)) - raft.grpc.server.leader.outstanding.appends.max = 128 (default)
2021-11-30 10:08:35,475 [a369f656-5f1a-419f-8148-dd7161541bf1@group-E114E9338692-LeaderElection29] INFO  server.RaftServerConfigKeys (ConfUtils.java:logGet(44)) - raft.server.rpc.request.timeout = 3000ms (default)
2021-11-30 10:08:35,475 [a369f656-5f1a-419f-8148-dd7161541bf1@group-E114E9338692-LeaderElection29] INFO  server.RaftServerConfigKeys (ConfUtils.java:logGet(44)) - raft.server.log.appender.install.snapshot.enabled = false (custom)
2021-11-30 10:08:35,475 [a369f656-5f1a-419f-8148-dd7161541bf1@group-E114E9338692-LeaderElection29] INFO  server.RaftServerConfigKeys (ConfUtils.java:logGet(44)) - raft.server.log.appender.snapshot.chunk.size.max = 16MB (=16777216) (default)
2021-11-30 10:08:35,475 [a369f656-5f1a-419f-8148-dd7161541bf1@group-E114E9338692-LeaderElection29] INFO  server.RaftServerConfigKeys (ConfUtils.java:logGet(44)) - raft.server.log.appender.buffer.byte-limit = 33554432 (custom)
2021-11-30 10:08:35,475 [a369f656-5f1a-419f-8148-dd7161541bf1@group-E114E9338692-LeaderElection29] INFO  server.RaftServerConfigKeys (ConfUtils.java:logGet(44)) - raft.server.log.appender.buffer.element-limit = 1 (custom)
2021-11-30 10:08:35,475 [a369f656-5f1a-419f-8148-dd7161541bf1@group-E114E9338692-LeaderElection29] INFO  grpc.GrpcConfigKeys (ConfUtils.java:logGet(44)) - raft.grpc.server.leader.outstanding.appends.max = 128 (default)
2021-11-30 10:08:35,475 [a369f656-5f1a-419f-8148-dd7161541bf1@group-E114E9338692-LeaderElection29] INFO  server.RaftServerConfigKeys (ConfUtils.java:logGet(44)) - raft.server.rpc.request.timeout = 3000ms (default)
2021-11-30 10:08:35,475 [a369f656-5f1a-419f-8148-dd7161541bf1@group-E114E9338692-LeaderElection29] INFO  server.RaftServerConfigKeys (ConfUtils.java:logGet(44)) - raft.server.log.appender.install.snapshot.enabled = false (custom)
2021-11-30 10:08:35,484 [a369f656-5f1a-419f-8148-dd7161541bf1@group-E114E9338692-LeaderElection29] INFO  impl.RoleInfo (RoleInfo.java:updateAndGet(130)) - a369f656-5f1a-419f-8148-dd7161541bf1: start a369f656-5f1a-419f-8148-dd7161541bf1@group-E114E9338692-LeaderStateImpl
2021-11-30 10:08:35,484 [a369f656-5f1a-419f-8148-dd7161541bf1@group-E114E9338692-LeaderElection29] INFO  segmented.SegmentedRaftLogWorker (SegmentedRaftLogWorker.java:rollLogSegment(399)) - a369f656-5f1a-419f-8148-dd7161541bf1@group-E114E9338692-SegmentedRaftLogWorker: Rolling segment log-0_0 to index:0
2021-11-30 10:08:35,486 [a369f656-5f1a-419f-8148-dd7161541bf1@group-E114E9338692-SegmentedRaftLogWorker] INFO  segmented.SegmentedRaftLogWorker (SegmentedRaftLogWorker.java:execute(558)) - a369f656-5f1a-419f-8148-dd7161541bf1@group-E114E9338692-SegmentedRaftLogWorker: Rolled log segment from /home/runner/work/ozone/ozone/hadoop-ozone/integration-test/target/test-dir/MiniOzoneClusterImpl-0e29ee7e-a070-46b0-aa8f-4a21e578e9b3/datanode-2/data/ratis/a798c64c-2b0c-4b84-be7e-e114e9338692/current/log_inprogress_0 to /home/runner/work/ozone/ozone/hadoop-ozone/integration-test/target/test-dir/MiniOzoneClusterImpl-0e29ee7e-a070-46b0-aa8f-4a21e578e9b3/datanode-2/data/ratis/a798c64c-2b0c-4b84-be7e-e114e9338692/current/log_0-0
2021-11-30 10:08:35,490 [a369f656-5f1a-419f-8148-dd7161541bf1@group-E114E9338692-SegmentedRaftLogWorker] INFO  segmented.SegmentedRaftLogWorker (SegmentedRaftLogWorker.java:execute(601)) - a369f656-5f1a-419f-8148-dd7161541bf1@group-E114E9338692-SegmentedRaftLogWorker: created new log segment /home/runner/work/ozone/ozone/hadoop-ozone/integration-test/target/test-dir/MiniOzoneClusterImpl-0e29ee7e-a070-46b0-aa8f-4a21e578e9b3/datanode-2/data/ratis/a798c64c-2b0c-4b84-be7e-e114e9338692/current/log_inprogress_1
2021-11-30 10:08:35,509 [grpc-default-executor-0] WARN  server.GrpcLogAppender (LogUtils.java:warn(122)) - a369f656-5f1a-419f-8148-dd7161541bf1@group-E114E9338692->4a8c6e6d-65e8-48ee-8359-0610b7f8095e-AppendLogResponseHandler: Failed appendEntries: org.apache.ratis.thirdparty.io.grpc.StatusRuntimeException: UNAVAILABLE: io exception
2021-11-30 10:08:35,510 [grpc-default-executor-0] WARN  server.GrpcLogAppender (GrpcLogAppender.java:resetClient(110)) - a369f656-5f1a-419f-8148-dd7161541bf1@group-E114E9338692->4a8c6e6d-65e8-48ee-8359-0610b7f8095e-GrpcLogAppender: Leader has not got in touch with Follower a369f656-5f1a-419f-8148-dd7161541bf1@group-E114E9338692->4a8c6e6d-65e8-48ee-8359-0610b7f8095e(c-1,m0,n1, attendVote=true, lastRpcSendTime=5235, lastRpcResponseTime=5235) yet, just keep nextIndex unchanged and retry.
2021-11-30 10:08:35,512 [grpc-default-executor-0] WARN  server.GrpcLogAppender (LogUtils.java:warn(122)) - a369f656-5f1a-419f-8148-dd7161541bf1@group-E114E9338692->4a8c6e6d-65e8-48ee-8359-0610b7f8095e-AppendLogResponseHandler: Failed appendEntries: org.apache.ratis.thirdparty.io.grpc.StatusRuntimeException: UNAVAILABLE: io exception
2021-11-30 10:08:35,514 [grpc-default-executor-0] WARN  server.GrpcLogAppender (GrpcLogAppender.java:resetClient(110)) - a369f656-5f1a-419f-8148-dd7161541bf1@group-E114E9338692->4a8c6e6d-65e8-48ee-8359-0610b7f8095e-GrpcLogAppender: Leader has not got in touch with Follower a369f656-5f1a-419f-8148-dd7161541bf1@group-E114E9338692->4a8c6e6d-65e8-48ee-8359-0610b7f8095e(c-1,m0,n2, attendVote=true, lastRpcSendTime=3, lastRpcResponseTime=5239) yet, just keep nextIndex unchanged and retry.
2021-11-30 10:08:35,528 [a369f656-5f1a-419f-8148-dd7161541bf1@group-E114E9338692-LeaderElection29] INFO  server.RaftServer$Division (ServerState.java:setRaftConf(387)) - a369f656-5f1a-419f-8148-dd7161541bf1@group-E114E9338692: set configuration 1: [fc496f33-557f-4ba9-a352-3c0776838466|rpc:10.1.0.53:44781|dataStream:|priority:0, 4a8c6e6d-65e8-48ee-8359-0610b7f8095e|rpc:10.1.0.53:46879|dataStream:|priority:1, a369f656-5f1a-419f-8148-dd7161541bf1|rpc:10.1.0.53:34899|dataStream:|priority:0], old=null
2021-11-30 10:08:35,537 [grpc-default-executor-2] INFO  ratis.XceiverServerRatis (XceiverServerRatis.java:handleLeaderChangedNotification(866)) - Leader change notification received for group: group-E114E9338692 with new leaderId: a369f656-5f1a-419f-8148-dd7161541bf1
2021-11-30 10:08:35,537 [grpc-default-executor-2] INFO  server.RaftServer$Division (ServerState.java:setLeader(285)) - fc496f33-557f-4ba9-a352-3c0776838466@group-E114E9338692: change Leader from null to a369f656-5f1a-419f-8148-dd7161541bf1 at term 6 for appendEntries, leader elected after 91ms
2021-11-30 10:08:35,540 [grpc-default-executor-2] INFO  server.RaftServer$Division (ServerState.java:setRaftConf(387)) - fc496f33-557f-4ba9-a352-3c0776838466@group-E114E9338692: set configuration 1: [fc496f33-557f-4ba9-a352-3c0776838466|rpc:10.1.0.53:44781|dataStream:|priority:0, 4a8c6e6d-65e8-48ee-8359-0610b7f8095e|rpc:10.1.0.53:46879|dataStream:|priority:1, a369f656-5f1a-419f-8148-dd7161541bf1|rpc:10.1.0.53:34899|dataStream:|priority:0], old=null
2021-11-30 10:08:35,540 [grpc-default-executor-2] INFO  segmented.SegmentedRaftLogWorker (SegmentedRaftLogWorker.java:rollLogSegment(399)) - fc496f33-557f-4ba9-a352-3c0776838466@group-E114E9338692-SegmentedRaftLogWorker: Rolling segment log-0_0 to index:0
2021-11-30 10:08:35,540 [fc496f33-557f-4ba9-a352-3c0776838466@group-E114E9338692-SegmentedRaftLogWorker] INFO  segmented.SegmentedRaftLogWorker (SegmentedRaftLogWorker.java:execute(558)) - fc496f33-557f-4ba9-a352-3c0776838466@group-E114E9338692-SegmentedRaftLogWorker: Rolled log segment from /home/runner/work/ozone/ozone/hadoop-ozone/integration-test/target/test-dir/MiniOzoneClusterImpl-0e29ee7e-a070-46b0-aa8f-4a21e578e9b3/datanode-0/data/ratis/a798c64c-2b0c-4b84-be7e-e114e9338692/current/log_inprogress_0 to /home/runner/work/ozone/ozone/hadoop-ozone/integration-test/target/test-dir/MiniOzoneClusterImpl-0e29ee7e-a070-46b0-aa8f-4a21e578e9b3/datanode-0/data/ratis/a798c64c-2b0c-4b84-be7e-e114e9338692/current/log_0-0
2021-11-30 10:08:35,542 [fc496f33-557f-4ba9-a352-3c0776838466@group-E114E9338692-SegmentedRaftLogWorker] INFO  segmented.SegmentedRaftLogWorker (SegmentedRaftLogWorker.java:execute(601)) - fc496f33-557f-4ba9-a352-3c0776838466@group-E114E9338692-SegmentedRaftLogWorker: created new log segment /home/runner/work/ozone/ozone/hadoop-ozone/integration-test/target/test-dir/MiniOzoneClusterImpl-0e29ee7e-a070-46b0-aa8f-4a21e578e9b3/datanode-0/data/ratis/a798c64c-2b0c-4b84-be7e-e114e9338692/current/log_inprogress_1
2021-11-30 10:08:35,560 [grpc-default-executor-2] WARN  server.GrpcLogAppender (LogUtils.java:warn(122)) - a369f656-5f1a-419f-8148-dd7161541bf1@group-E114E9338692->4a8c6e6d-65e8-48ee-8359-0610b7f8095e-AppendLogResponseHandler: Failed appendEntries: org.apache.ratis.thirdparty.io.grpc.StatusRuntimeException: UNAVAILABLE: io exception
2021-11-30 10:08:35,561 [grpc-default-executor-2] WARN  server.GrpcLogAppender (GrpcLogAppender.java:resetClient(110)) - a369f656-5f1a-419f-8148-dd7161541bf1@group-E114E9338692->4a8c6e6d-65e8-48ee-8359-0610b7f8095e-GrpcLogAppender: Leader has not got in touch with Follower a369f656-5f1a-419f-8148-dd7161541bf1@group-E114E9338692->4a8c6e6d-65e8-48ee-8359-0610b7f8095e(c-1,m0,n3, attendVote=true, lastRpcSendTime=0, lastRpcResponseTime=5286) yet, just keep nextIndex unchanged and retry.
2021-11-30 10:08:37,408 [grpc-default-executor-0] WARN  server.GrpcLogAppender (LogUtils.java:warn(122)) - a369f656-5f1a-419f-8148-dd7161541bf1@group-D183E921640B->4a8c6e6d-65e8-48ee-8359-0610b7f8095e-AppendLogResponseHandler: Failed appendEntries: org.apache.ratis.thirdparty.io.grpc.StatusRuntimeException: UNAVAILABLE: io exception
2021-11-30 10:08:37,409 [grpc-default-executor-0] WARN  server.GrpcLogAppender (GrpcLogAppender.java:resetClient(110)) - a369f656-5f1a-419f-8148-dd7161541bf1@group-D183E921640B->4a8c6e6d-65e8-48ee-8359-0610b7f8095e-GrpcLogAppender: Leader has not got in touch with Follower a369f656-5f1a-419f-8148-dd7161541bf1@group-D183E921640B->4a8c6e6d-65e8-48ee-8359-0610b7f8095e(c0,m0,n1, attendVote=true, lastRpcSendTime=2509, lastRpcResponseTime=10027) yet, just keep nextIndex unchanged and retry.
2021-11-30 10:08:37,634 [Listener at 127.0.0.1/41539] INFO  ozoneimpl.OzoneContainer (OzoneContainer.java:stop(325)) - Attempting to stop container services.
2021-11-30 10:08:37,635 [Listener at 127.0.0.1/41539] INFO  server.RaftServer (RaftServerProxy.java:lambda$close$6(391)) - 6554f318-a890-4dbb-b82d-600ac54ca0e4: close
2021-11-30 10:08:37,635 [Listener at 127.0.0.1/41539] INFO  server.RaftServer$Division (RaftServerImpl.java:lambda$close$4(412)) - 6554f318-a890-4dbb-b82d-600ac54ca0e4@group-BEFF2B3F06C2: shutdown
2021-11-30 10:08:37,635 [Listener at 127.0.0.1/41539] INFO  util.JmxRegister (JmxRegister.java:unregister(73)) - Successfully un-registered JMX Bean with object name Ratis:service=RaftServer,group=group-BEFF2B3F06C2,id=6554f318-a890-4dbb-b82d-600ac54ca0e4
2021-11-30 10:08:37,635 [Listener at 127.0.0.1/41539] INFO  impl.RoleInfo (RoleInfo.java:shutdownLeaderState(91)) - 6554f318-a890-4dbb-b82d-600ac54ca0e4: shutdown 6554f318-a890-4dbb-b82d-600ac54ca0e4@group-BEFF2B3F06C2-LeaderStateImpl
2021-11-30 10:08:37,635 [Listener at 127.0.0.1/41539] INFO  impl.PendingRequests (PendingRequests.java:sendNotLeaderResponses(282)) - 6554f318-a890-4dbb-b82d-600ac54ca0e4@group-BEFF2B3F06C2-PendingRequests: sendNotLeaderResponses
2021-11-30 10:08:37,636 [Listener at 127.0.0.1/41539] INFO  impl.StateMachineUpdater (StateMachineUpdater.java:stopAndJoin(149)) - 6554f318-a890-4dbb-b82d-600ac54ca0e4@group-BEFF2B3F06C2-StateMachineUpdater: set stopIndex = 0
2021-11-30 10:08:37,636 [6554f318-a890-4dbb-b82d-600ac54ca0e4@group-BEFF2B3F06C2-StateMachineUpdater] INFO  ratis.ContainerStateMachine (ContainerStateMachine.java:takeSnapshot(292)) - group-BEFF2B3F06C2: Taking a snapshot at:(t:1, i:0) file /home/runner/work/ozone/ozone/hadoop-ozone/integration-test/target/test-dir/MiniOzoneClusterImpl-0e29ee7e-a070-46b0-aa8f-4a21e578e9b3/datanode-6/data/ratis/da3f8c28-ae31-443f-b8ce-beff2b3f06c2/sm/snapshot.1_0
2021-11-30 10:08:37,637 [6554f318-a890-4dbb-b82d-600ac54ca0e4@group-BEFF2B3F06C2-StateMachineUpdater] INFO  ratis.ContainerStateMachine (ContainerStateMachine.java:takeSnapshot(303)) - group-BEFF2B3F06C2: Finished taking a snapshot at:(t:1, i:0) file:/home/runner/work/ozone/ozone/hadoop-ozone/integration-test/target/test-dir/MiniOzoneClusterImpl-0e29ee7e-a070-46b0-aa8f-4a21e578e9b3/datanode-6/data/ratis/da3f8c28-ae31-443f-b8ce-beff2b3f06c2/sm/snapshot.1_0 took: 2 ms
2021-11-30 10:08:37,637 [6554f318-a890-4dbb-b82d-600ac54ca0e4@group-BEFF2B3F06C2-StateMachineUpdater] INFO  impl.StateMachineUpdater (StateMachineUpdater.java:takeSnapshot(281)) - 6554f318-a890-4dbb-b82d-600ac54ca0e4@group-BEFF2B3F06C2-StateMachineUpdater: Took a snapshot at index 0
2021-11-30 10:08:37,637 [6554f318-a890-4dbb-b82d-600ac54ca0e4@group-BEFF2B3F06C2-StateMachineUpdater] INFO  impl.StateMachineUpdater (StateMachineUpdater.java:lambda$new$0(89)) - 6554f318-a890-4dbb-b82d-600ac54ca0e4@group-BEFF2B3F06C2-StateMachineUpdater: snapshotIndex: updateIncreasingly -1 -> 0
2021-11-30 10:08:37,638 [Listener at 127.0.0.1/41539] INFO  server.RaftServer$Division (ServerState.java:close(419)) - 6554f318-a890-4dbb-b82d-600ac54ca0e4@group-BEFF2B3F06C2: closes. applyIndex: 0
2021-11-30 10:08:37,638 [6554f318-a890-4dbb-b82d-600ac54ca0e4@group-BEFF2B3F06C2-SegmentedRaftLogWorker] INFO  segmented.SegmentedRaftLogWorker (SegmentedRaftLogWorker.java:run(327)) - 6554f318-a890-4dbb-b82d-600ac54ca0e4@group-BEFF2B3F06C2-SegmentedRaftLogWorker was interrupted, exiting. There are 0 tasks remaining in the queue.
2021-11-30 10:08:37,638 [Listener at 127.0.0.1/41539] INFO  segmented.SegmentedRaftLogWorker (SegmentedRaftLogWorker.java:close(237)) - 6554f318-a890-4dbb-b82d-600ac54ca0e4@group-BEFF2B3F06C2-SegmentedRaftLogWorker close()
2021-11-30 10:08:37,641 [Listener at 127.0.0.1/41539] INFO  server.GrpcService (GrpcService.java:closeImpl(262)) - 6554f318-a890-4dbb-b82d-600ac54ca0e4: shutdown server with port 36339 now
2021-11-30 10:08:37,652 [Listener at 127.0.0.1/41539] INFO  server.GrpcService (GrpcService.java:closeImpl(271)) - 6554f318-a890-4dbb-b82d-600ac54ca0e4: shutdown server with port 36339 successfully
2021-11-30 10:08:37,653 [org.apache.ratis.util.JvmPauseMonitor$$Lambda$533/844391723@1aa376ee] INFO  util.JvmPauseMonitor (JvmPauseMonitor.java:run(109)) - JvmPauseMonitor-6554f318-a890-4dbb-b82d-600ac54ca0e4: Stopped
2021-11-30 10:08:37,653 [Listener at 127.0.0.1/41539] INFO  utils.BackgroundService (BackgroundService.java:shutdown(132)) - Shutting down service BlockDeletingService
2021-11-30 10:08:37,688 [ForkJoinPool.commonPool-worker-1] INFO  ozoneimpl.OzoneContainer (OzoneContainer.java:stop(325)) - Attempting to stop container services.
2021-11-30 10:08:37,690 [ForkJoinPool.commonPool-worker-1] INFO  server.RaftServer (RaftServerProxy.java:lambda$close$6(391)) - a369f656-5f1a-419f-8148-dd7161541bf1: close
2021-11-30 10:08:37,690 [ForkJoinPool.commonPool-worker-1] INFO  server.RaftServer$Division (RaftServerImpl.java:lambda$close$4(412)) - a369f656-5f1a-419f-8148-dd7161541bf1@group-A164C42AC008: shutdown
2021-11-30 10:08:37,690 [ForkJoinPool.commonPool-worker-1] INFO  util.JmxRegister (JmxRegister.java:unregister(73)) - Successfully un-registered JMX Bean with object name Ratis:service=RaftServer,group=group-A164C42AC008,id=a369f656-5f1a-419f-8148-dd7161541bf1
2021-11-30 10:08:37,690 [ForkJoinPool.commonPool-worker-1] INFO  impl.RoleInfo (RoleInfo.java:shutdownLeaderState(91)) - a369f656-5f1a-419f-8148-dd7161541bf1: shutdown a369f656-5f1a-419f-8148-dd7161541bf1@group-A164C42AC008-LeaderStateImpl
2021-11-30 10:08:37,690 [ForkJoinPool.commonPool-worker-1] INFO  impl.PendingRequests (PendingRequests.java:sendNotLeaderResponses(282)) - a369f656-5f1a-419f-8148-dd7161541bf1@group-A164C42AC008-PendingRequests: sendNotLeaderResponses
2021-11-30 10:08:37,691 [ForkJoinPool.commonPool-worker-1] INFO  impl.StateMachineUpdater (StateMachineUpdater.java:stopAndJoin(149)) - a369f656-5f1a-419f-8148-dd7161541bf1@group-A164C42AC008-StateMachineUpdater: set stopIndex = 0
2021-11-30 10:08:37,691 [a369f656-5f1a-419f-8148-dd7161541bf1@group-A164C42AC008-StateMachineUpdater] INFO  ratis.ContainerStateMachine (ContainerStateMachine.java:takeSnapshot(292)) - group-A164C42AC008: Taking a snapshot at:(t:1, i:0) file /home/runner/work/ozone/ozone/hadoop-ozone/integration-test/target/test-dir/MiniOzoneClusterImpl-0e29ee7e-a070-46b0-aa8f-4a21e578e9b3/datanode-2/data/ratis/9ba1797c-65e4-4d96-85cc-a164c42ac008/sm/snapshot.1_0
2021-11-30 10:08:37,696 [a369f656-5f1a-419f-8148-dd7161541bf1@group-A164C42AC008-StateMachineUpdater] INFO  ratis.ContainerStateMachine (ContainerStateMachine.java:takeSnapshot(303)) - group-A164C42AC008: Finished taking a snapshot at:(t:1, i:0) file:/home/runner/work/ozone/ozone/hadoop-ozone/integration-test/target/test-dir/MiniOzoneClusterImpl-0e29ee7e-a070-46b0-aa8f-4a21e578e9b3/datanode-2/data/ratis/9ba1797c-65e4-4d96-85cc-a164c42ac008/sm/snapshot.1_0 took: 5 ms
2021-11-30 10:08:37,696 [a369f656-5f1a-419f-8148-dd7161541bf1@group-A164C42AC008-StateMachineUpdater] INFO  impl.StateMachineUpdater (StateMachineUpdater.java:takeSnapshot(281)) - a369f656-5f1a-419f-8148-dd7161541bf1@group-A164C42AC008-StateMachineUpdater: Took a snapshot at index 0
2021-11-30 10:08:37,696 [a369f656-5f1a-419f-8148-dd7161541bf1@group-A164C42AC008-StateMachineUpdater] INFO  impl.StateMachineUpdater (StateMachineUpdater.java:lambda$new$0(89)) - a369f656-5f1a-419f-8148-dd7161541bf1@group-A164C42AC008-StateMachineUpdater: snapshotIndex: updateIncreasingly -1 -> 0
2021-11-30 10:08:37,696 [ForkJoinPool.commonPool-worker-1] INFO  server.RaftServer$Division (ServerState.java:close(419)) - a369f656-5f1a-419f-8148-dd7161541bf1@group-A164C42AC008: closes. applyIndex: 0
2021-11-30 10:08:37,697 [a369f656-5f1a-419f-8148-dd7161541bf1@group-A164C42AC008-SegmentedRaftLogWorker] INFO  segmented.SegmentedRaftLogWorker (SegmentedRaftLogWorker.java:run(327)) - a369f656-5f1a-419f-8148-dd7161541bf1@group-A164C42AC008-SegmentedRaftLogWorker was interrupted, exiting. There are 0 tasks remaining in the queue.
2021-11-30 10:08:37,697 [ForkJoinPool.commonPool-worker-1] INFO  segmented.SegmentedRaftLogWorker (SegmentedRaftLogWorker.java:close(237)) - a369f656-5f1a-419f-8148-dd7161541bf1@group-A164C42AC008-SegmentedRaftLogWorker close()
2021-11-30 10:08:37,717 [ForkJoinPool.commonPool-worker-1] INFO  server.RaftServer$Division (RaftServerImpl.java:lambda$close$4(412)) - a369f656-5f1a-419f-8148-dd7161541bf1@group-E114E9338692: shutdown
2021-11-30 10:08:37,717 [ForkJoinPool.commonPool-worker-1] INFO  util.JmxRegister (JmxRegister.java:unregister(73)) - Successfully un-registered JMX Bean with object name Ratis:service=RaftServer,group=group-E114E9338692,id=a369f656-5f1a-419f-8148-dd7161541bf1
2021-11-30 10:08:37,717 [ForkJoinPool.commonPool-worker-1] INFO  impl.RoleInfo (RoleInfo.java:shutdownLeaderState(91)) - a369f656-5f1a-419f-8148-dd7161541bf1: shutdown a369f656-5f1a-419f-8148-dd7161541bf1@group-E114E9338692-LeaderStateImpl
2021-11-30 10:08:37,717 [ForkJoinPool.commonPool-worker-1] INFO  impl.PendingRequests (PendingRequests.java:sendNotLeaderResponses(282)) - a369f656-5f1a-419f-8148-dd7161541bf1@group-E114E9338692-PendingRequests: sendNotLeaderResponses
2021-11-30 10:08:37,717 [a369f656-5f1a-419f-8148-dd7161541bf1@group-E114E9338692->fc496f33-557f-4ba9-a352-3c0776838466-GrpcLogAppender-LogAppenderDaemon] WARN  server.GrpcLogAppender (GrpcLogAppender.java:mayWait(177)) - a369f656-5f1a-419f-8148-dd7161541bf1@group-E114E9338692->fc496f33-557f-4ba9-a352-3c0776838466-GrpcLogAppender: Wait interrupted by java.lang.InterruptedException
2021-11-30 10:08:37,719 [grpc-default-executor-2] INFO  server.GrpcServerProtocolService (GrpcServerProtocolService.java:onCompleted(140)) - fc496f33-557f-4ba9-a352-3c0776838466: Completed APPEND_ENTRIES, lastRequest: a369f656-5f1a-419f-8148-dd7161541bf1->fc496f33-557f-4ba9-a352-3c0776838466#2-t6,previous=(t:6, i:1),leaderCommit=1,initializing? true,entries: size=1, first=(t:6, i:2), METADATAENTRY(c:1)
2021-11-30 10:08:37,720 [grpc-default-executor-0] INFO  server.GrpcLogAppender (GrpcLogAppender.java:onCompleted(346)) - a369f656-5f1a-419f-8148-dd7161541bf1@group-E114E9338692->fc496f33-557f-4ba9-a352-3c0776838466-AppendLogResponseHandler: follower responses appendEntries COMPLETED
2021-11-30 10:08:37,720 [grpc-default-executor-0] INFO  leader.FollowerInfo (FollowerInfoImpl.java:lambda$new$0(47)) - a369f656-5f1a-419f-8148-dd7161541bf1@group-E114E9338692->fc496f33-557f-4ba9-a352-3c0776838466: nextIndex: updateUnconditionally 3 -> 2
2021-11-30 10:08:37,729 [ForkJoinPool.commonPool-worker-1] INFO  impl.StateMachineUpdater (StateMachineUpdater.java:stopAndJoin(149)) - a369f656-5f1a-419f-8148-dd7161541bf1@group-E114E9338692-StateMachineUpdater: set stopIndex = 2
2021-11-30 10:08:37,732 [a369f656-5f1a-419f-8148-dd7161541bf1@group-E114E9338692-StateMachineUpdater] INFO  ratis.ContainerStateMachine (ContainerStateMachine.java:takeSnapshot(292)) - group-E114E9338692: Taking a snapshot at:(t:6, i:2) file /home/runner/work/ozone/ozone/hadoop-ozone/integration-test/target/test-dir/MiniOzoneClusterImpl-0e29ee7e-a070-46b0-aa8f-4a21e578e9b3/datanode-2/data/ratis/a798c64c-2b0c-4b84-be7e-e114e9338692/sm/snapshot.6_2
2021-11-30 10:08:37,733 [a369f656-5f1a-419f-8148-dd7161541bf1@group-E114E9338692-StateMachineUpdater] INFO  ratis.ContainerStateMachine (ContainerStateMachine.java:takeSnapshot(303)) - group-E114E9338692: Finished taking a snapshot at:(t:6, i:2) file:/home/runner/work/ozone/ozone/hadoop-ozone/integration-test/target/test-dir/MiniOzoneClusterImpl-0e29ee7e-a070-46b0-aa8f-4a21e578e9b3/datanode-2/data/ratis/a798c64c-2b0c-4b84-be7e-e114e9338692/sm/snapshot.6_2 took: 1 ms
2021-11-30 10:08:37,733 [a369f656-5f1a-419f-8148-dd7161541bf1@group-E114E9338692-StateMachineUpdater] INFO  impl.StateMachineUpdater (StateMachineUpdater.java:takeSnapshot(281)) - a369f656-5f1a-419f-8148-dd7161541bf1@group-E114E9338692-StateMachineUpdater: Took a snapshot at index 2
2021-11-30 10:08:37,733 [a369f656-5f1a-419f-8148-dd7161541bf1@group-E114E9338692-StateMachineUpdater] INFO  impl.StateMachineUpdater (StateMachineUpdater.java:lambda$new$0(89)) - a369f656-5f1a-419f-8148-dd7161541bf1@group-E114E9338692-StateMachineUpdater: snapshotIndex: updateIncreasingly -1 -> 2
2021-11-30 10:08:37,733 [ForkJoinPool.commonPool-worker-1] INFO  server.RaftServer$Division (ServerState.java:close(419)) - a369f656-5f1a-419f-8148-dd7161541bf1@group-E114E9338692: closes. applyIndex: 2
2021-11-30 10:08:37,734 [a369f656-5f1a-419f-8148-dd7161541bf1@group-E114E9338692-SegmentedRaftLogWorker] INFO  segmented.SegmentedRaftLogWorker (SegmentedRaftLogWorker.java:run(327)) - a369f656-5f1a-419f-8148-dd7161541bf1@group-E114E9338692-SegmentedRaftLogWorker was interrupted, exiting. There are 0 tasks remaining in the queue.
2021-11-30 10:08:37,740 [a369f656-5f1a-419f-8148-dd7161541bf1@group-E114E9338692->4a8c6e6d-65e8-48ee-8359-0610b7f8095e-GrpcLogAppender-LogAppenderDaemon] ERROR leader.LogAppenderDaemon (LogAppenderDaemon.java:run(86)) - a369f656-5f1a-419f-8148-dd7161541bf1@group-E114E9338692->4a8c6e6d-65e8-48ee-8359-0610b7f8095e-GrpcLogAppender-LogAppenderDaemon failed
java.lang.IllegalArgumentException: a369f656-5f1a-419f-8148-dd7161541bf1@group-E114E9338692-SegmentedRaftLog is expected to be opened but it is CLOSED
	at org.apache.ratis.util.OpenCloseState.assertOpen(OpenCloseState.java:63)
	at org.apache.ratis.server.raftlog.RaftLogBase.checkLogState(RaftLogBase.java:107)
	at org.apache.ratis.server.raftlog.segmented.SegmentedRaftLog.getLastEntryTermIndex(SegmentedRaftLog.java:339)
	at org.apache.ratis.server.raftlog.RaftLog.getNextIndex(RaftLog.java:83)
	at org.apache.ratis.server.leader.LogAppenderBase.newAppendEntriesRequest(LogAppenderBase.java:138)
	at org.apache.ratis.grpc.server.GrpcLogAppender.appendLog(GrpcLogAppender.java:213)
	at org.apache.ratis.grpc.server.GrpcLogAppender.run(GrpcLogAppender.java:147)
	at org.apache.ratis.server.leader.LogAppenderDaemon.run(LogAppenderDaemon.java:77)
	at java.lang.Thread.run(Thread.java:748)
Caused by: org.apache.ratis.util.OpenCloseState$CloseTrace: Close a369f656-5f1a-419f-8148-dd7161541bf1@group-E114E9338692-SegmentedRaftLog
	at org.apache.ratis.util.OpenCloseState.lambda$close$1(OpenCloseState.java:109)
	at java.util.concurrent.atomic.AtomicReference.getAndUpdate(AtomicReference.java:160)
	at org.apache.ratis.util.OpenCloseState.close(OpenCloseState.java:109)
	at org.apache.ratis.server.raftlog.RaftLogBase.close(RaftLogBase.java:356)
	at org.apache.ratis.server.raftlog.segmented.SegmentedRaftLog.close(SegmentedRaftLog.java:505)
	at org.apache.ratis.server.impl.ServerState.close(ServerState.java:421)
	at org.apache.ratis.server.impl.RaftServerImpl.lambda$close$4(RaftServerImpl.java:434)
	at org.apache.ratis.util.LifeCycle.lambda$checkStateAndClose$4(LifeCycle.java:299)
	at org.apache.ratis.util.LifeCycle.checkStateAndClose(LifeCycle.java:319)
	at org.apache.ratis.util.LifeCycle.checkStateAndClose(LifeCycle.java:297)
	at org.apache.ratis.server.impl.RaftServerImpl.close(RaftServerImpl.java:411)
	at org.apache.ratis.server.impl.RaftServerProxy$ImplMap.close(RaftServerProxy.java:129)
	at org.apache.ratis.server.impl.RaftServerProxy$ImplMap.lambda$close$0(RaftServerProxy.java:117)
	at java.util.stream.ForEachOps$ForEachOp$OfRef.accept(ForEachOps.java:183)
	at java.util.concurrent.ConcurrentHashMap$EntrySpliterator.forEachRemaining(ConcurrentHashMap.java:3606)
	at java.util.stream.AbstractPipeline.copyInto(AbstractPipeline.java:482)
	at java.util.stream.ForEachOps$ForEachTask.compute(ForEachOps.java:290)
	at java.util.concurrent.CountedCompleter.exec(CountedCompleter.java:731)
	at java.util.concurrent.ForkJoinTask.doExec(ForkJoinTask.java:289)
	at java.util.concurrent.ForkJoinTask.doInvoke(ForkJoinTask.java:401)
	at java.util.concurrent.ForkJoinTask.invoke(ForkJoinTask.java:734)
	at java.util.stream.ForEachOps$ForEachOp.evaluateParallel(ForEachOps.java:159)
	at java.util.stream.ForEachOps$ForEachOp$OfRef.evaluateParallel(ForEachOps.java:173)
	at java.util.stream.AbstractPipeline.evaluate(AbstractPipeline.java:233)
	at java.util.stream.ReferencePipeline.forEach(ReferencePipeline.java:485)
	at java.util.stream.ReferencePipeline$Head.forEach(ReferencePipeline.java:650)
	at org.apache.ratis.server.impl.RaftServerProxy$ImplMap.close(RaftServerProxy.java:117)
	at org.apache.ratis.server.impl.RaftServerProxy.lambda$close$6(RaftServerProxy.java:392)
	at org.apache.ratis.util.LifeCycle.lambda$checkStateAndClose$4(LifeCycle.java:299)
	at org.apache.ratis.util.LifeCycle.checkStateAndClose(LifeCycle.java:319)
	at org.apache.ratis.util.LifeCycle.checkStateAndClose(LifeCycle.java:297)
	at org.apache.ratis.server.impl.RaftServerProxy.close(RaftServerProxy.java:390)
	at org.apache.hadoop.ozone.container.common.transport.server.ratis.XceiverServerRatis.stop(XceiverServerRatis.java:516)
	at org.apache.hadoop.ozone.container.ozoneimpl.OzoneContainer.stop(OzoneContainer.java:328)
	at org.apache.hadoop.ozone.container.common.statemachine.DatanodeStateMachine.close(DatanodeStateMachine.java:380)
	at org.apache.hadoop.ozone.container.common.statemachine.DatanodeStateMachine.stopDaemon(DatanodeStateMachine.java:525)
	at org.apache.hadoop.ozone.HddsDatanodeService.stop(HddsDatanodeService.java:587)
	at org.apache.hadoop.ozone.MiniOzoneClusterImpl.stopDatanode(MiniOzoneClusterImpl.java:535)
	at java.util.stream.ForEachOps$ForEachOp$OfRef.accept(ForEachOps.java:183)
	at java.util.ArrayList$ArrayListSpliterator.forEachRemaining(ArrayList.java:1384)
	at java.util.stream.AbstractPipeline.copyInto(AbstractPipeline.java:482)
	at java.util.stream.ForEachOps$ForEachTask.compute(ForEachOps.java:290)
	at java.util.concurrent.CountedCompleter.exec(CountedCompleter.java:731)
	at java.util.concurrent.ForkJoinTask.doExec(ForkJoinTask.java:289)
	at java.util.concurrent.ForkJoinPool$WorkQueue.execLocalTasks(ForkJoinPool.java:1040)
	at java.util.concurrent.ForkJoinPool$WorkQueue.runTask(ForkJoinPool.java:1058)
	at java.util.concurrent.ForkJoinPool.runWorker(ForkJoinPool.java:1692)
	at java.util.concurrent.ForkJoinWorkerThread.run(ForkJoinWorkerThread.java:175)
2021-11-30 10:08:37,748 [ForkJoinPool.commonPool-worker-1] INFO  segmented.SegmentedRaftLogWorker (SegmentedRaftLogWorker.java:close(237)) - a369f656-5f1a-419f-8148-dd7161541bf1@group-E114E9338692-SegmentedRaftLogWorker close()
2021-11-30 10:08:37,749 [ForkJoinPool.commonPool-worker-1] INFO  server.RaftServer$Division (RaftServerImpl.java:lambda$close$4(412)) - a369f656-5f1a-419f-8148-dd7161541bf1@group-D183E921640B: shutdown
2021-11-30 10:08:37,749 [ForkJoinPool.commonPool-worker-1] INFO  util.JmxRegister (JmxRegister.java:unregister(73)) - Successfully un-registered JMX Bean with object name Ratis:service=RaftServer,group=group-D183E921640B,id=a369f656-5f1a-419f-8148-dd7161541bf1
2021-11-30 10:08:37,750 [ForkJoinPool.commonPool-worker-1] INFO  impl.RoleInfo (RoleInfo.java:shutdownLeaderState(91)) - a369f656-5f1a-419f-8148-dd7161541bf1: shutdown a369f656-5f1a-419f-8148-dd7161541bf1@group-D183E921640B-LeaderStateImpl
2021-11-30 10:08:37,750 [a369f656-5f1a-419f-8148-dd7161541bf1@group-D183E921640B->fc496f33-557f-4ba9-a352-3c0776838466-GrpcLogAppender-LogAppenderDaemon] WARN  server.GrpcLogAppender (GrpcLogAppender.java:mayWait(177)) - a369f656-5f1a-419f-8148-dd7161541bf1@group-D183E921640B->fc496f33-557f-4ba9-a352-3c0776838466-GrpcLogAppender: Wait interrupted by java.lang.InterruptedException
2021-11-30 10:08:37,750 [ForkJoinPool.commonPool-worker-1] INFO  impl.PendingRequests (PendingRequests.java:sendNotLeaderResponses(282)) - a369f656-5f1a-419f-8148-dd7161541bf1@group-D183E921640B-PendingRequests: sendNotLeaderResponses
2021-11-30 10:08:37,750 [ForkJoinPool.commonPool-worker-1] INFO  impl.StateMachineUpdater (StateMachineUpdater.java:stopAndJoin(149)) - a369f656-5f1a-419f-8148-dd7161541bf1@group-D183E921640B-StateMachineUpdater: set stopIndex = 0
2021-11-30 10:08:37,750 [a369f656-5f1a-419f-8148-dd7161541bf1@group-D183E921640B-StateMachineUpdater] INFO  ratis.ContainerStateMachine (ContainerStateMachine.java:takeSnapshot(292)) - group-D183E921640B: Taking a snapshot at:(t:5, i:0) file /home/runner/work/ozone/ozone/hadoop-ozone/integration-test/target/test-dir/MiniOzoneClusterImpl-0e29ee7e-a070-46b0-aa8f-4a21e578e9b3/datanode-2/data/ratis/eb8e675b-dbe2-4c1e-bbe8-d183e921640b/sm/snapshot.5_0
2021-11-30 10:08:37,751 [grpc-default-executor-2] INFO  server.GrpcServerProtocolService (GrpcServerProtocolService.java:onCompleted(140)) - fc496f33-557f-4ba9-a352-3c0776838466: Completed APPEND_ENTRIES, lastRequest: a369f656-5f1a-419f-8148-dd7161541bf1->fc496f33-557f-4ba9-a352-3c0776838466#1-t5,previous=(t:0, i:0),leaderCommit=0,initializing? true,entries: size=1, first=(t:5, i:0), CONFIGURATIONENTRY
2021-11-30 10:08:37,752 [grpc-default-executor-0] INFO  server.GrpcLogAppender (GrpcLogAppender.java:onCompleted(346)) - a369f656-5f1a-419f-8148-dd7161541bf1@group-D183E921640B->fc496f33-557f-4ba9-a352-3c0776838466-AppendLogResponseHandler: follower responses appendEntries COMPLETED
2021-11-30 10:08:37,752 [grpc-default-executor-0] INFO  leader.FollowerInfo (FollowerInfoImpl.java:lambda$new$0(47)) - a369f656-5f1a-419f-8148-dd7161541bf1@group-D183E921640B->fc496f33-557f-4ba9-a352-3c0776838466: nextIndex: updateUnconditionally 1 -> 0
2021-11-30 10:08:37,752 [a369f656-5f1a-419f-8148-dd7161541bf1@group-D183E921640B-StateMachineUpdater] INFO  ratis.ContainerStateMachine (ContainerStateMachine.java:takeSnapshot(303)) - group-D183E921640B: Finished taking a snapshot at:(t:5, i:0) file:/home/runner/work/ozone/ozone/hadoop-ozone/integration-test/target/test-dir/MiniOzoneClusterImpl-0e29ee7e-a070-46b0-aa8f-4a21e578e9b3/datanode-2/data/ratis/eb8e675b-dbe2-4c1e-bbe8-d183e921640b/sm/snapshot.5_0 took: 1 ms
2021-11-30 10:08:37,752 [a369f656-5f1a-419f-8148-dd7161541bf1@group-D183E921640B-StateMachineUpdater] INFO  impl.StateMachineUpdater (StateMachineUpdater.java:takeSnapshot(281)) - a369f656-5f1a-419f-8148-dd7161541bf1@group-D183E921640B-StateMachineUpdater: Took a snapshot at index 0
2021-11-30 10:08:37,752 [a369f656-5f1a-419f-8148-dd7161541bf1@group-D183E921640B-StateMachineUpdater] INFO  impl.StateMachineUpdater (StateMachineUpdater.java:lambda$new$0(89)) - a369f656-5f1a-419f-8148-dd7161541bf1@group-D183E921640B-StateMachineUpdater: snapshotIndex: updateIncreasingly -1 -> 0
2021-11-30 10:08:37,752 [ForkJoinPool.commonPool-worker-1] INFO  server.RaftServer$Division (ServerState.java:close(419)) - a369f656-5f1a-419f-8148-dd7161541bf1@group-D183E921640B: closes. applyIndex: 0
2021-11-30 10:08:37,753 [a369f656-5f1a-419f-8148-dd7161541bf1@group-D183E921640B-SegmentedRaftLogWorker] INFO  segmented.SegmentedRaftLogWorker (SegmentedRaftLogWorker.java:run(327)) - a369f656-5f1a-419f-8148-dd7161541bf1@group-D183E921640B-SegmentedRaftLogWorker was interrupted, exiting. There are 0 tasks remaining in the queue.
2021-11-30 10:08:37,753 [ForkJoinPool.commonPool-worker-1] INFO  segmented.SegmentedRaftLogWorker (SegmentedRaftLogWorker.java:close(237)) - a369f656-5f1a-419f-8148-dd7161541bf1@group-D183E921640B-SegmentedRaftLogWorker close()
2021-11-30 10:08:37,760 [ForkJoinPool.commonPool-worker-1] INFO  server.GrpcService (GrpcService.java:closeImpl(262)) - a369f656-5f1a-419f-8148-dd7161541bf1: shutdown server with port 34899 now
2021-11-30 10:08:37,765 [ForkJoinPool.commonPool-worker-1] INFO  server.GrpcService (GrpcService.java:closeImpl(271)) - a369f656-5f1a-419f-8148-dd7161541bf1: shutdown server with port 34899 successfully
2021-11-30 10:08:37,765 [org.apache.ratis.util.JvmPauseMonitor$$Lambda$533/844391723@31948870] INFO  util.JvmPauseMonitor (JvmPauseMonitor.java:run(109)) - JvmPauseMonitor-a369f656-5f1a-419f-8148-dd7161541bf1: Stopped
2021-11-30 10:08:37,767 [ForkJoinPool.commonPool-worker-1] INFO  utils.BackgroundService (BackgroundService.java:shutdown(132)) - Shutting down service BlockDeletingService
2021-11-30 10:08:40,677 [Listener at 127.0.0.1/41539] INFO  statemachine.DatanodeStateMachine (DatanodeStateMachine.java:stopDaemon(526)) - Ozone container server stopped.
2021-11-30 10:08:40,678 [Listener at 127.0.0.1/41539] INFO  handler.ContextHandler (ContextHandler.java:doStop(1153)) - Stopped o.e.j.w.WebAppContext@605626a2{hddsDatanode,/,null,STOPPED}{jar:file:/home/runner/.m2/repository/org/apache/ozone/hdds-container-service/1.3.0-SNAPSHOT/hdds-container-service-1.3.0-SNAPSHOT.jar!/webapps/hddsDatanode}
2021-11-30 10:08:40,679 [Listener at 127.0.0.1/41539] INFO  server.AbstractConnector (AbstractConnector.java:doStop(381)) - Stopped ServerConnector@24424088{HTTP/1.1, (http/1.1)}{0.0.0.0:0}
2021-11-30 10:08:40,679 [Listener at 127.0.0.1/41539] INFO  server.session (HouseKeeper.java:stopScavenging(149)) - node0 Stopped scavenging
2021-11-30 10:08:40,679 [Listener at 127.0.0.1/41539] INFO  handler.ContextHandler (ContextHandler.java:doStop(1153)) - Stopped o.e.j.s.ServletContextHandler@4f8a6f8e{static,/static,jar:file:/home/runner/.m2/repository/org/apache/ozone/hdds-container-service/1.3.0-SNAPSHOT/hdds-container-service-1.3.0-SNAPSHOT.jar!/webapps/static,STOPPED}
2021-11-30 10:08:40,679 [Listener at 127.0.0.1/41539] INFO  handler.ContextHandler (ContextHandler.java:doStop(1153)) - Stopped o.e.j.s.ServletContextHandler@4364f4d9{logs,/logs,file:///home/runner/work/ozone/ozone/hadoop-ozone/integration-test/target/log,STOPPED}
2021-11-30 10:08:40,770 [ForkJoinPool.commonPool-worker-1] INFO  statemachine.DatanodeStateMachine (DatanodeStateMachine.java:stopDaemon(526)) - Ozone container server stopped.
2021-11-30 10:08:40,772 [ForkJoinPool.commonPool-worker-1] INFO  handler.ContextHandler (ContextHandler.java:doStop(1153)) - Stopped o.e.j.w.WebAppContext@55b116e2{hddsDatanode,/,null,STOPPED}{jar:file:/home/runner/.m2/repository/org/apache/ozone/hdds-container-service/1.3.0-SNAPSHOT/hdds-container-service-1.3.0-SNAPSHOT.jar!/webapps/hddsDatanode}
2021-11-30 10:08:40,776 [ForkJoinPool.commonPool-worker-1] INFO  server.AbstractConnector (AbstractConnector.java:doStop(381)) - Stopped ServerConnector@5b27f56{HTTP/1.1, (http/1.1)}{0.0.0.0:0}
2021-11-30 10:08:40,776 [ForkJoinPool.commonPool-worker-1] INFO  server.session (HouseKeeper.java:stopScavenging(149)) - node0 Stopped scavenging
2021-11-30 10:08:40,777 [ForkJoinPool.commonPool-worker-1] INFO  handler.ContextHandler (ContextHandler.java:doStop(1153)) - Stopped o.e.j.s.ServletContextHandler@5fa4a4f7{static,/static,jar:file:/home/runner/.m2/repository/org/apache/ozone/hdds-container-service/1.3.0-SNAPSHOT/hdds-container-service-1.3.0-SNAPSHOT.jar!/webapps/static,STOPPED}
2021-11-30 10:08:40,778 [ForkJoinPool.commonPool-worker-1] INFO  handler.ContextHandler (ContextHandler.java:doStop(1153)) - Stopped o.e.j.s.ServletContextHandler@35c64ea5{logs,/logs,file:///home/runner/work/ozone/ozone/hadoop-ozone/integration-test/target/log,STOPPED}
2021-11-30 10:08:41,718 [EventQueue-StaleNodeForStaleNodeHandler] INFO  node.StaleNodeHandler (StaleNodeHandler.java:onMessage(58)) - Datanode 6554f318-a890-4dbb-b82d-600ac54ca0e4{ip: 10.1.0.53, host: fv-az297-56.nmf1rxwemy4u5di1sxxf4ejcwb.jx.internal.cloudapp.net, ports: [REPLICATION=41033, RATIS=36339, RATIS_ADMIN=36339, RATIS_SERVER=36339, STANDALONE=44085], networkLocation: /default-rack, certSerialId: null, persistedOpState: IN_SERVICE, persistedOpStateExpiryEpochSec: 0} moved to stale state. Finalizing its pipelines [PipelineID=da3f8c28-ae31-443f-b8ce-beff2b3f06c2]
2021-11-30 10:08:41,718 [EventQueue-StaleNodeForStaleNodeHandler] INFO  pipeline.PipelineManagerImpl (PipelineManagerImpl.java:closePipeline(349)) - Pipeline Pipeline[ Id: da3f8c28-ae31-443f-b8ce-beff2b3f06c2, Nodes: 6554f318-a890-4dbb-b82d-600ac54ca0e4{ip: 10.1.0.53, host: fv-az297-56.nmf1rxwemy4u5di1sxxf4ejcwb.jx.internal.cloudapp.net, ports: [REPLICATION=41033, RATIS=36339, RATIS_ADMIN=36339, RATIS_SERVER=36339, STANDALONE=44085], networkLocation: /default-rack, certSerialId: null, persistedOpState: IN_SERVICE, persistedOpStateExpiryEpochSec: 0}, ReplicationConfig: RATIS/ONE, State:OPEN, leaderId:6554f318-a890-4dbb-b82d-600ac54ca0e4, CreationTimestamp2021-11-30T10:07:47.368Z[Etc/UTC]] moved to CLOSED state
2021-11-30 10:08:41,818 [EventQueue-StaleNodeForStaleNodeHandler] INFO  node.StaleNodeHandler (StaleNodeHandler.java:onMessage(58)) - Datanode a369f656-5f1a-419f-8148-dd7161541bf1{ip: 10.1.0.53, host: fv-az297-56.nmf1rxwemy4u5di1sxxf4ejcwb.jx.internal.cloudapp.net, ports: [REPLICATION=44659, RATIS=34899, RATIS_ADMIN=34899, RATIS_SERVER=34899, STANDALONE=36351], networkLocation: /default-rack, certSerialId: null, persistedOpState: IN_SERVICE, persistedOpStateExpiryEpochSec: 0} moved to stale state. Finalizing its pipelines [PipelineID=9ba1797c-65e4-4d96-85cc-a164c42ac008, PipelineID=a798c64c-2b0c-4b84-be7e-e114e9338692, PipelineID=eb8e675b-dbe2-4c1e-bbe8-d183e921640b]
2021-11-30 10:08:41,819 [EventQueue-StaleNodeForStaleNodeHandler] INFO  pipeline.PipelineManagerImpl (PipelineManagerImpl.java:closePipeline(349)) - Pipeline Pipeline[ Id: 9ba1797c-65e4-4d96-85cc-a164c42ac008, Nodes: a369f656-5f1a-419f-8148-dd7161541bf1{ip: 10.1.0.53, host: fv-az297-56.nmf1rxwemy4u5di1sxxf4ejcwb.jx.internal.cloudapp.net, ports: [REPLICATION=44659, RATIS=34899, RATIS_ADMIN=34899, RATIS_SERVER=34899, STANDALONE=36351], networkLocation: /default-rack, certSerialId: null, persistedOpState: IN_SERVICE, persistedOpStateExpiryEpochSec: 0}, ReplicationConfig: RATIS/ONE, State:OPEN, leaderId:a369f656-5f1a-419f-8148-dd7161541bf1, CreationTimestamp2021-11-30T10:07:46.557Z[Etc/UTC]] moved to CLOSED state
2021-11-30 10:08:44,121 [EventQueue-DeadNodeForDeadNodeHandler] INFO  node.DeadNodeHandler (DeadNodeHandler.java:onMessage(80)) - A dead datanode is detected. 4a8c6e6d-65e8-48ee-8359-0610b7f8095e{ip: 10.1.0.53, host: fv-az297-56.nmf1rxwemy4u5di1sxxf4ejcwb.jx.internal.cloudapp.net, ports: [REPLICATION=43211, RATIS=46879, RATIS_ADMIN=46879, RATIS_SERVER=46879, STANDALONE=39419], networkLocation: /default-rack, certSerialId: null, persistedOpState: IN_SERVICE, persistedOpStateExpiryEpochSec: 0}
2021-11-30 10:08:44,122 [EventQueue-DeadNodeForDeadNodeHandler] INFO  pipeline.RatisPipelineProvider (RatisPipelineProvider.java:lambda$close$1(222)) - Send pipeline:PipelineID=a798c64c-2b0c-4b84-be7e-e114e9338692 close command to datanode fc496f33-557f-4ba9-a352-3c0776838466
2021-11-30 10:08:44,122 [EventQueue-DeadNodeForDeadNodeHandler] INFO  pipeline.RatisPipelineProvider (RatisPipelineProvider.java:lambda$close$1(222)) - Send pipeline:PipelineID=a798c64c-2b0c-4b84-be7e-e114e9338692 close command to datanode 4a8c6e6d-65e8-48ee-8359-0610b7f8095e
2021-11-30 10:08:44,122 [EventQueue-DeadNodeForDeadNodeHandler] INFO  pipeline.RatisPipelineProvider (RatisPipelineProvider.java:lambda$close$1(222)) - Send pipeline:PipelineID=a798c64c-2b0c-4b84-be7e-e114e9338692 close command to datanode a369f656-5f1a-419f-8148-dd7161541bf1
2021-11-30 10:08:44,122 [EventQueue-DeadNodeForDeadNodeHandler] INFO  pipeline.PipelineStateManagerImpl (PipelineStateManagerImpl.java:removePipeline(223)) - Pipeline Pipeline[ Id: a798c64c-2b0c-4b84-be7e-e114e9338692, Nodes: fc496f33-557f-4ba9-a352-3c0776838466{ip: 10.1.0.53, host: fv-az297-56.nmf1rxwemy4u5di1sxxf4ejcwb.jx.internal.cloudapp.net, ports: [REPLICATION=36767, RATIS=44781, RATIS_ADMIN=44781, RATIS_SERVER=44781, STANDALONE=44407], networkLocation: /default-rack, certSerialId: null, persistedOpState: IN_SERVICE, persistedOpStateExpiryEpochSec: 0}4a8c6e6d-65e8-48ee-8359-0610b7f8095e{ip: 10.1.0.53, host: fv-az297-56.nmf1rxwemy4u5di1sxxf4ejcwb.jx.internal.cloudapp.net, ports: [REPLICATION=43211, RATIS=46879, RATIS_ADMIN=46879, RATIS_SERVER=46879, STANDALONE=39419], networkLocation: /default-rack, certSerialId: null, persistedOpState: IN_SERVICE, persistedOpStateExpiryEpochSec: 0}a369f656-5f1a-419f-8148-dd7161541bf1{ip: 10.1.0.53, host: fv-az297-56.nmf1rxwemy4u5di1sxxf4ejcwb.jx.internal.cloudapp.net, ports: [REPLICATION=44659, RATIS=34899, RATIS_ADMIN=34899, RATIS_SERVER=34899, STANDALONE=36351], networkLocation: /default-rack, certSerialId: null, persistedOpState: IN_SERVICE, persistedOpStateExpiryEpochSec: 0}, ReplicationConfig: RATIS/THREE, State:CLOSED, leaderId:4a8c6e6d-65e8-48ee-8359-0610b7f8095e, CreationTimestamp2021-11-30T10:07:46.564Z[Etc/UTC]] removed.
2021-11-30 10:08:44,122 [EventQueue-DeadNodeForDeadNodeHandler] INFO  pipeline.RatisPipelineProvider (RatisPipelineProvider.java:lambda$close$1(222)) - Send pipeline:PipelineID=c871126e-9f3c-4dd0-8a2e-473dac6310bb close command to datanode 4a8c6e6d-65e8-48ee-8359-0610b7f8095e
2021-11-30 10:08:44,122 [EventQueue-DeadNodeForDeadNodeHandler] INFO  pipeline.PipelineStateManagerImpl (PipelineStateManagerImpl.java:removePipeline(223)) - Pipeline Pipeline[ Id: c871126e-9f3c-4dd0-8a2e-473dac6310bb, Nodes: 4a8c6e6d-65e8-48ee-8359-0610b7f8095e{ip: 10.1.0.53, host: fv-az297-56.nmf1rxwemy4u5di1sxxf4ejcwb.jx.internal.cloudapp.net, ports: [REPLICATION=43211, RATIS=46879, RATIS_ADMIN=46879, RATIS_SERVER=46879, STANDALONE=39419], networkLocation: /default-rack, certSerialId: null, persistedOpState: IN_SERVICE, persistedOpStateExpiryEpochSec: 0}, ReplicationConfig: RATIS/ONE, State:CLOSED, leaderId:4a8c6e6d-65e8-48ee-8359-0610b7f8095e, CreationTimestamp2021-11-30T10:07:46.116Z[Etc/UTC]] removed.
2021-11-30 10:08:44,123 [EventQueue-DeadNodeForDeadNodeHandler] INFO  pipeline.RatisPipelineProvider (RatisPipelineProvider.java:lambda$close$1(222)) - Send pipeline:PipelineID=eb8e675b-dbe2-4c1e-bbe8-d183e921640b close command to datanode a369f656-5f1a-419f-8148-dd7161541bf1
2021-11-30 10:08:44,123 [EventQueue-DeadNodeForDeadNodeHandler] INFO  pipeline.RatisPipelineProvider (RatisPipelineProvider.java:lambda$close$1(222)) - Send pipeline:PipelineID=eb8e675b-dbe2-4c1e-bbe8-d183e921640b close command to datanode fc496f33-557f-4ba9-a352-3c0776838466
2021-11-30 10:08:44,123 [EventQueue-DeadNodeForDeadNodeHandler] INFO  pipeline.RatisPipelineProvider (RatisPipelineProvider.java:lambda$close$1(222)) - Send pipeline:PipelineID=eb8e675b-dbe2-4c1e-bbe8-d183e921640b close command to datanode 4a8c6e6d-65e8-48ee-8359-0610b7f8095e
2021-11-30 10:08:44,123 [EventQueue-DeadNodeForDeadNodeHandler] INFO  pipeline.PipelineStateManagerImpl (PipelineStateManagerImpl.java:removePipeline(223)) - Pipeline Pipeline[ Id: eb8e675b-dbe2-4c1e-bbe8-d183e921640b, Nodes: a369f656-5f1a-419f-8148-dd7161541bf1{ip: 10.1.0.53, host: fv-az297-56.nmf1rxwemy4u5di1sxxf4ejcwb.jx.internal.cloudapp.net, ports: [REPLICATION=44659, RATIS=34899, RATIS_ADMIN=34899, RATIS_SERVER=34899, STANDALONE=36351], networkLocation: /default-rack, certSerialId: null, persistedOpState: IN_SERVICE, persistedOpStateExpiryEpochSec: 0}fc496f33-557f-4ba9-a352-3c0776838466{ip: 10.1.0.53, host: fv-az297-56.nmf1rxwemy4u5di1sxxf4ejcwb.jx.internal.cloudapp.net, ports: [REPLICATION=36767, RATIS=44781, RATIS_ADMIN=44781, RATIS_SERVER=44781, STANDALONE=44407], networkLocation: /default-rack, certSerialId: null, persistedOpState: IN_SERVICE, persistedOpStateExpiryEpochSec: 0}4a8c6e6d-65e8-48ee-8359-0610b7f8095e{ip: 10.1.0.53, host: fv-az297-56.nmf1rxwemy4u5di1sxxf4ejcwb.jx.internal.cloudapp.net, ports: [REPLICATION=43211, RATIS=46879, RATIS_ADMIN=46879, RATIS_SERVER=46879, STANDALONE=39419], networkLocation: /default-rack, certSerialId: null, persistedOpState: IN_SERVICE, persistedOpStateExpiryEpochSec: 0}, ReplicationConfig: RATIS/THREE, State:CLOSED, leaderId:a369f656-5f1a-419f-8148-dd7161541bf1, CreationTimestamp2021-11-30T10:07:46.562Z[Etc/UTC]] removed.
2021-11-30 10:08:44,123 [EventQueue-DeadNodeForDeadNodeHandler] INFO  net.NetworkTopologyImpl (NetworkTopologyImpl.java:remove(137)) - Removed a node: /default-rack/4a8c6e6d-65e8-48ee-8359-0610b7f8095e
2021-11-30 10:08:44,522 [EventQueue-DeadNodeForDeadNodeHandler] INFO  node.DeadNodeHandler (DeadNodeHandler.java:onMessage(80)) - A dead datanode is detected. 594a5f90-d5fa-4b06-ac33-1af263ebc166{ip: 10.1.0.53, host: fv-az297-56.nmf1rxwemy4u5di1sxxf4ejcwb.jx.internal.cloudapp.net, ports: [REPLICATION=39225, RATIS=39275, RATIS_ADMIN=39275, RATIS_SERVER=39275, STANDALONE=45399], networkLocation: /default-rack, certSerialId: null, persistedOpState: IN_SERVICE, persistedOpStateExpiryEpochSec: 0}
2021-11-30 10:08:44,522 [EventQueue-DeadNodeForDeadNodeHandler] INFO  pipeline.RatisPipelineProvider (RatisPipelineProvider.java:lambda$close$1(222)) - Send pipeline:PipelineID=d15c9091-5f0c-45e6-aafa-a835347b52d5 close command to datanode 594a5f90-d5fa-4b06-ac33-1af263ebc166
2021-11-30 10:08:44,523 [EventQueue-DeadNodeForDeadNodeHandler] INFO  pipeline.PipelineStateManagerImpl (PipelineStateManagerImpl.java:removePipeline(223)) - Pipeline Pipeline[ Id: d15c9091-5f0c-45e6-aafa-a835347b52d5, Nodes: 594a5f90-d5fa-4b06-ac33-1af263ebc166{ip: 10.1.0.53, host: fv-az297-56.nmf1rxwemy4u5di1sxxf4ejcwb.jx.internal.cloudapp.net, ports: [REPLICATION=39225, RATIS=39275, RATIS_ADMIN=39275, RATIS_SERVER=39275, STANDALONE=45399], networkLocation: /default-rack, certSerialId: null, persistedOpState: IN_SERVICE, persistedOpStateExpiryEpochSec: 0}, ReplicationConfig: RATIS/ONE, State:CLOSED, leaderId:594a5f90-d5fa-4b06-ac33-1af263ebc166, CreationTimestamp2021-11-30T10:07:46.965Z[Etc/UTC]] removed.
2021-11-30 10:08:44,523 [EventQueue-DeadNodeForDeadNodeHandler] INFO  net.NetworkTopologyImpl (NetworkTopologyImpl.java:remove(137)) - Removed a node: /default-rack/594a5f90-d5fa-4b06-ac33-1af263ebc166
2021-11-30 10:08:45,424 [fc496f33-557f-4ba9-a352-3c0776838466@group-D183E921640B-FollowerState] INFO  impl.FollowerState (FollowerState.java:run(134)) - fc496f33-557f-4ba9-a352-3c0776838466@group-D183E921640B-FollowerState: change to CANDIDATE, lastRpcElapsedTime:8013519654ns, electionTimeout:5134ms
2021-11-30 10:08:45,424 [fc496f33-557f-4ba9-a352-3c0776838466@group-D183E921640B-FollowerState] INFO  impl.RoleInfo (RoleInfo.java:shutdownFollowerState(108)) - fc496f33-557f-4ba9-a352-3c0776838466: shutdown fc496f33-557f-4ba9-a352-3c0776838466@group-D183E921640B-FollowerState
2021-11-30 10:08:45,424 [fc496f33-557f-4ba9-a352-3c0776838466@group-D183E921640B-FollowerState] INFO  server.RaftServer$Division (RaftServerImpl.java:setRole(290)) - fc496f33-557f-4ba9-a352-3c0776838466@group-D183E921640B: changes role from  FOLLOWER to CANDIDATE at term 5 for changeToCandidate
2021-11-30 10:08:45,424 [fc496f33-557f-4ba9-a352-3c0776838466@group-D183E921640B-FollowerState] INFO  server.RaftServerConfigKeys (ConfUtils.java:logGet(44)) - raft.server.leaderelection.pre-vote = false (custom)
2021-11-30 10:08:45,424 [fc496f33-557f-4ba9-a352-3c0776838466@group-D183E921640B-FollowerState] INFO  impl.RoleInfo (RoleInfo.java:updateAndGet(130)) - fc496f33-557f-4ba9-a352-3c0776838466: start fc496f33-557f-4ba9-a352-3c0776838466@group-D183E921640B-LeaderElection30
2021-11-30 10:08:45,425 [fc496f33-557f-4ba9-a352-3c0776838466@group-D183E921640B-LeaderElection30] INFO  server.RaftServer$Division (ServerState.java:setLeader(285)) - fc496f33-557f-4ba9-a352-3c0776838466@group-D183E921640B: change Leader from a369f656-5f1a-419f-8148-dd7161541bf1 to null at term 5 for ELECTION
2021-11-30 10:08:45,428 [fc496f33-557f-4ba9-a352-3c0776838466@group-D183E921640B-LeaderElection30] INFO  impl.LeaderElection (LeaderElection.java:askForVotes(306)) - fc496f33-557f-4ba9-a352-3c0776838466@group-D183E921640B-LeaderElection30 ELECTION round 0: submit vote requests at term 6 for 0: [fc496f33-557f-4ba9-a352-3c0776838466|rpc:10.1.0.53:44781|dataStream:|priority:0, 4a8c6e6d-65e8-48ee-8359-0610b7f8095e|rpc:10.1.0.53:46879|dataStream:|priority:0, a369f656-5f1a-419f-8148-dd7161541bf1|rpc:10.1.0.53:34899|dataStream:|priority:1], old=null
2021-11-30 10:08:45,433 [fc496f33-557f-4ba9-a352-3c0776838466@group-D183E921640B-LeaderElection30] INFO  impl.LeaderElection (LogUtils.java:infoOrTrace(137)) - fc496f33-557f-4ba9-a352-3c0776838466@group-D183E921640B-LeaderElection30 got exception when requesting votes: java.util.concurrent.ExecutionException: org.apache.ratis.thirdparty.io.grpc.StatusRuntimeException: UNAVAILABLE: io exception
2021-11-30 10:08:45,435 [fc496f33-557f-4ba9-a352-3c0776838466@group-D183E921640B-LeaderElection30] INFO  impl.LeaderElection (LogUtils.java:infoOrTrace(137)) - fc496f33-557f-4ba9-a352-3c0776838466@group-D183E921640B-LeaderElection30 got exception when requesting votes: java.util.concurrent.ExecutionException: org.apache.ratis.thirdparty.io.grpc.StatusRuntimeException: UNAVAILABLE: io exception
2021-11-30 10:08:45,435 [fc496f33-557f-4ba9-a352-3c0776838466@group-D183E921640B-LeaderElection30] INFO  impl.LeaderElection (LeaderElection.java:logAndReturn(89)) - fc496f33-557f-4ba9-a352-3c0776838466@group-D183E921640B-LeaderElection30: ELECTION REJECTED received 0 response(s) and 2 exception(s):
2021-11-30 10:08:45,435 [fc496f33-557f-4ba9-a352-3c0776838466@group-D183E921640B-LeaderElection30] INFO  impl.LeaderElection (LogUtils.java:infoOrTrace(137)) -   Exception 0: java.util.concurrent.ExecutionException: org.apache.ratis.thirdparty.io.grpc.StatusRuntimeException: UNAVAILABLE: io exception
2021-11-30 10:08:45,435 [fc496f33-557f-4ba9-a352-3c0776838466@group-D183E921640B-LeaderElection30] INFO  impl.LeaderElection (LogUtils.java:infoOrTrace(137)) -   Exception 1: java.util.concurrent.ExecutionException: org.apache.ratis.thirdparty.io.grpc.StatusRuntimeException: UNAVAILABLE: io exception
2021-11-30 10:08:45,435 [fc496f33-557f-4ba9-a352-3c0776838466@group-D183E921640B-LeaderElection30] INFO  impl.LeaderElection (LeaderElection.java:askForVotes(308)) - fc496f33-557f-4ba9-a352-3c0776838466@group-D183E921640B-LeaderElection30 ELECTION round 0: result REJECTED
2021-11-30 10:08:45,435 [fc496f33-557f-4ba9-a352-3c0776838466@group-D183E921640B-LeaderElection30] INFO  server.RaftServer$Division (RaftServerImpl.java:setRole(290)) - fc496f33-557f-4ba9-a352-3c0776838466@group-D183E921640B: changes role from CANDIDATE to FOLLOWER at term 6 for REJECTED
2021-11-30 10:08:45,435 [fc496f33-557f-4ba9-a352-3c0776838466@group-D183E921640B-LeaderElection30] INFO  impl.RoleInfo (RoleInfo.java:shutdownLeaderElection(121)) - fc496f33-557f-4ba9-a352-3c0776838466: shutdown fc496f33-557f-4ba9-a352-3c0776838466@group-D183E921640B-LeaderElection30
2021-11-30 10:08:45,435 [fc496f33-557f-4ba9-a352-3c0776838466@group-D183E921640B-LeaderElection30] INFO  impl.RoleInfo (RoleInfo.java:updateAndGet(130)) - fc496f33-557f-4ba9-a352-3c0776838466: start fc496f33-557f-4ba9-a352-3c0776838466@group-D183E921640B-FollowerState
2021-11-30 10:08:45,571 [fc496f33-557f-4ba9-a352-3c0776838466@group-E114E9338692-FollowerState] INFO  impl.FollowerState (FollowerState.java:run(134)) - fc496f33-557f-4ba9-a352-3c0776838466@group-E114E9338692-FollowerState: change to CANDIDATE, lastRpcElapsedTime:9991874596ns, electionTimeout:5069ms
2021-11-30 10:08:45,571 [fc496f33-557f-4ba9-a352-3c0776838466@group-E114E9338692-FollowerState] INFO  impl.RoleInfo (RoleInfo.java:shutdownFollowerState(108)) - fc496f33-557f-4ba9-a352-3c0776838466: shutdown fc496f33-557f-4ba9-a352-3c0776838466@group-E114E9338692-FollowerState
2021-11-30 10:08:45,571 [fc496f33-557f-4ba9-a352-3c0776838466@group-E114E9338692-FollowerState] INFO  server.RaftServer$Division (RaftServerImpl.java:setRole(290)) - fc496f33-557f-4ba9-a352-3c0776838466@group-E114E9338692: changes role from  FOLLOWER to CANDIDATE at term 6 for changeToCandidate
2021-11-30 10:08:45,571 [fc496f33-557f-4ba9-a352-3c0776838466@group-E114E9338692-FollowerState] INFO  server.RaftServerConfigKeys (ConfUtils.java:logGet(44)) - raft.server.leaderelection.pre-vote = false (custom)
2021-11-30 10:08:45,571 [fc496f33-557f-4ba9-a352-3c0776838466@group-E114E9338692-FollowerState] INFO  impl.RoleInfo (RoleInfo.java:updateAndGet(130)) - fc496f33-557f-4ba9-a352-3c0776838466: start fc496f33-557f-4ba9-a352-3c0776838466@group-E114E9338692-LeaderElection31
2021-11-30 10:08:45,571 [fc496f33-557f-4ba9-a352-3c0776838466@group-E114E9338692-LeaderElection31] INFO  server.RaftServer$Division (ServerState.java:setLeader(285)) - fc496f33-557f-4ba9-a352-3c0776838466@group-E114E9338692: change Leader from a369f656-5f1a-419f-8148-dd7161541bf1 to null at term 6 for ELECTION
2021-11-30 10:08:45,573 [fc496f33-557f-4ba9-a352-3c0776838466@group-E114E9338692-LeaderElection31] INFO  impl.LeaderElection (LeaderElection.java:askForVotes(306)) - fc496f33-557f-4ba9-a352-3c0776838466@group-E114E9338692-LeaderElection31 ELECTION round 0: submit vote requests at term 7 for 1: [fc496f33-557f-4ba9-a352-3c0776838466|rpc:10.1.0.53:44781|dataStream:|priority:0, 4a8c6e6d-65e8-48ee-8359-0610b7f8095e|rpc:10.1.0.53:46879|dataStream:|priority:1, a369f656-5f1a-419f-8148-dd7161541bf1|rpc:10.1.0.53:34899|dataStream:|priority:0], old=null
2021-11-30 10:08:45,576 [fc496f33-557f-4ba9-a352-3c0776838466@group-E114E9338692-LeaderElection31] INFO  impl.LeaderElection (LogUtils.java:infoOrTrace(137)) - fc496f33-557f-4ba9-a352-3c0776838466@group-E114E9338692-LeaderElection31 got exception when requesting votes: java.util.concurrent.ExecutionException: org.apache.ratis.thirdparty.io.grpc.StatusRuntimeException: UNAVAILABLE: io exception
2021-11-30 10:08:45,576 [fc496f33-557f-4ba9-a352-3c0776838466@group-E114E9338692-LeaderElection31] INFO  impl.LeaderElection (LogUtils.java:infoOrTrace(137)) - fc496f33-557f-4ba9-a352-3c0776838466@group-E114E9338692-LeaderElection31 got exception when requesting votes: java.util.concurrent.ExecutionException: org.apache.ratis.thirdparty.io.grpc.StatusRuntimeException: UNAVAILABLE: io exception
2021-11-30 10:08:45,576 [fc496f33-557f-4ba9-a352-3c0776838466@group-E114E9338692-LeaderElection31] INFO  impl.LeaderElection (LeaderElection.java:logAndReturn(89)) - fc496f33-557f-4ba9-a352-3c0776838466@group-E114E9338692-LeaderElection31: ELECTION REJECTED received 0 response(s) and 2 exception(s):
2021-11-30 10:08:45,576 [fc496f33-557f-4ba9-a352-3c0776838466@group-E114E9338692-LeaderElection31] INFO  impl.LeaderElection (LogUtils.java:infoOrTrace(137)) -   Exception 0: java.util.concurrent.ExecutionException: org.apache.ratis.thirdparty.io.grpc.StatusRuntimeException: UNAVAILABLE: io exception
2021-11-30 10:08:45,576 [fc496f33-557f-4ba9-a352-3c0776838466@group-E114E9338692-LeaderElection31] INFO  impl.LeaderElection (LogUtils.java:infoOrTrace(137)) -   Exception 1: java.util.concurrent.ExecutionException: org.apache.ratis.thirdparty.io.grpc.StatusRuntimeException: UNAVAILABLE: io exception
2021-11-30 10:08:45,576 [fc496f33-557f-4ba9-a352-3c0776838466@group-E114E9338692-LeaderElection31] INFO  impl.LeaderElection (LeaderElection.java:askForVotes(308)) - fc496f33-557f-4ba9-a352-3c0776838466@group-E114E9338692-LeaderElection31 ELECTION round 0: result REJECTED
2021-11-30 10:08:45,576 [fc496f33-557f-4ba9-a352-3c0776838466@group-E114E9338692-LeaderElection31] INFO  server.RaftServer$Division (RaftServerImpl.java:setRole(290)) - fc496f33-557f-4ba9-a352-3c0776838466@group-E114E9338692: changes role from CANDIDATE to FOLLOWER at term 7 for REJECTED
2021-11-30 10:08:45,576 [fc496f33-557f-4ba9-a352-3c0776838466@group-E114E9338692-LeaderElection31] INFO  impl.RoleInfo (RoleInfo.java:shutdownLeaderElection(121)) - fc496f33-557f-4ba9-a352-3c0776838466: shutdown fc496f33-557f-4ba9-a352-3c0776838466@group-E114E9338692-LeaderElection31
2021-11-30 10:08:45,576 [fc496f33-557f-4ba9-a352-3c0776838466@group-E114E9338692-LeaderElection31] INFO  impl.RoleInfo (RoleInfo.java:updateAndGet(130)) - fc496f33-557f-4ba9-a352-3c0776838466: start fc496f33-557f-4ba9-a352-3c0776838466@group-E114E9338692-FollowerState
2021-11-30 10:08:45,681 [Listener at 127.0.0.1/41539] INFO  ozoneimpl.OzoneContainer (OzoneContainer.java:stop(325)) - Attempting to stop container services.
2021-11-30 10:08:45,682 [Listener at 127.0.0.1/41539] INFO  server.RaftServer (RaftServerProxy.java:lambda$close$6(391)) - fc496f33-557f-4ba9-a352-3c0776838466: close
2021-11-30 10:08:45,683 [Listener at 127.0.0.1/41539] INFO  server.RaftServer$Division (RaftServerImpl.java:lambda$close$4(412)) - fc496f33-557f-4ba9-a352-3c0776838466@group-E114E9338692: shutdown
2021-11-30 10:08:45,683 [Listener at 127.0.0.1/41539] INFO  util.JmxRegister (JmxRegister.java:unregister(73)) - Successfully un-registered JMX Bean with object name Ratis:service=RaftServer,group=group-E114E9338692,id=fc496f33-557f-4ba9-a352-3c0776838466
2021-11-30 10:08:45,684 [Listener at 127.0.0.1/41539] INFO  impl.RoleInfo (RoleInfo.java:shutdownFollowerState(108)) - fc496f33-557f-4ba9-a352-3c0776838466: shutdown fc496f33-557f-4ba9-a352-3c0776838466@group-E114E9338692-FollowerState
2021-11-30 10:08:45,684 [Listener at 127.0.0.1/41539] INFO  impl.StateMachineUpdater (StateMachineUpdater.java:stopAndJoin(149)) - fc496f33-557f-4ba9-a352-3c0776838466@group-E114E9338692-StateMachineUpdater: set stopIndex = 1
2021-11-30 10:08:45,684 [fc496f33-557f-4ba9-a352-3c0776838466@group-E114E9338692-FollowerState] INFO  impl.FollowerState (FollowerState.java:run(143)) - fc496f33-557f-4ba9-a352-3c0776838466@group-E114E9338692-FollowerState was interrupted: {}
java.lang.InterruptedException: sleep interrupted
	at java.lang.Thread.sleep(Native Method)
	at java.lang.Thread.sleep(Thread.java:340)
	at java.util.concurrent.TimeUnit.sleep(TimeUnit.java:386)
	at org.apache.ratis.util.TimeDuration.sleep(TimeDuration.java:324)
	at org.apache.ratis.util.TimeDuration.sleep(TimeDuration.java:309)
	at org.apache.ratis.server.impl.FollowerState.run(FollowerState.java:118)
2021-11-30 10:08:45,684 [fc496f33-557f-4ba9-a352-3c0776838466@group-E114E9338692-StateMachineUpdater] INFO  ratis.ContainerStateMachine (ContainerStateMachine.java:takeSnapshot(292)) - group-E114E9338692: Taking a snapshot at:(t:6, i:1) file /home/runner/work/ozone/ozone/hadoop-ozone/integration-test/target/test-dir/MiniOzoneClusterImpl-0e29ee7e-a070-46b0-aa8f-4a21e578e9b3/datanode-0/data/ratis/a798c64c-2b0c-4b84-be7e-e114e9338692/sm/snapshot.6_1
2021-11-30 10:08:45,684 [ForkJoinPool.commonPool-worker-0] INFO  server.RaftServer$Division (RaftServerImpl.java:lambda$close$4(412)) - fc496f33-557f-4ba9-a352-3c0776838466@group-D183E921640B: shutdown
2021-11-30 10:08:45,685 [ForkJoinPool.commonPool-worker-0] INFO  util.JmxRegister (JmxRegister.java:unregister(73)) - Successfully un-registered JMX Bean with object name Ratis:service=RaftServer,group=group-D183E921640B,id=fc496f33-557f-4ba9-a352-3c0776838466
2021-11-30 10:08:45,685 [ForkJoinPool.commonPool-worker-0] INFO  impl.RoleInfo (RoleInfo.java:shutdownFollowerState(108)) - fc496f33-557f-4ba9-a352-3c0776838466: shutdown fc496f33-557f-4ba9-a352-3c0776838466@group-D183E921640B-FollowerState
2021-11-30 10:08:45,685 [fc496f33-557f-4ba9-a352-3c0776838466@group-D183E921640B-FollowerState] INFO  impl.FollowerState (FollowerState.java:run(143)) - fc496f33-557f-4ba9-a352-3c0776838466@group-D183E921640B-FollowerState was interrupted: {}
java.lang.InterruptedException: sleep interrupted
	at java.lang.Thread.sleep(Native Method)
	at java.lang.Thread.sleep(Thread.java:340)
	at java.util.concurrent.TimeUnit.sleep(TimeUnit.java:386)
	at org.apache.ratis.util.TimeDuration.sleep(TimeDuration.java:324)
	at org.apache.ratis.util.TimeDuration.sleep(TimeDuration.java:309)
	at org.apache.ratis.server.impl.FollowerState.run(FollowerState.java:118)
2021-11-30 10:08:45,685 [fc496f33-557f-4ba9-a352-3c0776838466@group-E114E9338692-StateMachineUpdater] INFO  ratis.ContainerStateMachine (ContainerStateMachine.java:takeSnapshot(303)) - group-E114E9338692: Finished taking a snapshot at:(t:6, i:1) file:/home/runner/work/ozone/ozone/hadoop-ozone/integration-test/target/test-dir/MiniOzoneClusterImpl-0e29ee7e-a070-46b0-aa8f-4a21e578e9b3/datanode-0/data/ratis/a798c64c-2b0c-4b84-be7e-e114e9338692/sm/snapshot.6_1 took: 1 ms
2021-11-30 10:08:45,685 [fc496f33-557f-4ba9-a352-3c0776838466@group-E114E9338692-StateMachineUpdater] INFO  impl.StateMachineUpdater (StateMachineUpdater.java:takeSnapshot(281)) - fc496f33-557f-4ba9-a352-3c0776838466@group-E114E9338692-StateMachineUpdater: Took a snapshot at index 1
2021-11-30 10:08:45,685 [fc496f33-557f-4ba9-a352-3c0776838466@group-E114E9338692-StateMachineUpdater] INFO  impl.StateMachineUpdater (StateMachineUpdater.java:lambda$new$0(89)) - fc496f33-557f-4ba9-a352-3c0776838466@group-E114E9338692-StateMachineUpdater: snapshotIndex: updateIncreasingly -1 -> 1
2021-11-30 10:08:45,686 [Listener at 127.0.0.1/41539] INFO  server.RaftServer$Division (ServerState.java:close(419)) - fc496f33-557f-4ba9-a352-3c0776838466@group-E114E9338692: closes. applyIndex: 1
2021-11-30 10:08:45,687 [fc496f33-557f-4ba9-a352-3c0776838466@group-E114E9338692-SegmentedRaftLogWorker] INFO  segmented.SegmentedRaftLogWorker (SegmentedRaftLogWorker.java:run(327)) - fc496f33-557f-4ba9-a352-3c0776838466@group-E114E9338692-SegmentedRaftLogWorker was interrupted, exiting. There are 0 tasks remaining in the queue.
2021-11-30 10:08:45,688 [Listener at 127.0.0.1/41539] INFO  segmented.SegmentedRaftLogWorker (SegmentedRaftLogWorker.java:close(237)) - fc496f33-557f-4ba9-a352-3c0776838466@group-E114E9338692-SegmentedRaftLogWorker close()
2021-11-30 10:08:45,690 [fc496f33-557f-4ba9-a352-3c0776838466@group-D183E921640B-StateMachineUpdater] INFO  ratis.ContainerStateMachine (ContainerStateMachine.java:takeSnapshot(292)) - group-D183E921640B: Taking a snapshot at:(t:5, i:0) file /home/runner/work/ozone/ozone/hadoop-ozone/integration-test/target/test-dir/MiniOzoneClusterImpl-0e29ee7e-a070-46b0-aa8f-4a21e578e9b3/datanode-0/data/ratis/eb8e675b-dbe2-4c1e-bbe8-d183e921640b/sm/snapshot.5_0
2021-11-30 10:08:45,692 [fc496f33-557f-4ba9-a352-3c0776838466@group-D183E921640B-StateMachineUpdater] INFO  ratis.ContainerStateMachine (ContainerStateMachine.java:takeSnapshot(303)) - group-D183E921640B: Finished taking a snapshot at:(t:5, i:0) file:/home/runner/work/ozone/ozone/hadoop-ozone/integration-test/target/test-dir/MiniOzoneClusterImpl-0e29ee7e-a070-46b0-aa8f-4a21e578e9b3/datanode-0/data/ratis/eb8e675b-dbe2-4c1e-bbe8-d183e921640b/sm/snapshot.5_0 took: 2 ms
2021-11-30 10:08:45,692 [fc496f33-557f-4ba9-a352-3c0776838466@group-D183E921640B-StateMachineUpdater] INFO  impl.StateMachineUpdater (StateMachineUpdater.java:takeSnapshot(281)) - fc496f33-557f-4ba9-a352-3c0776838466@group-D183E921640B-StateMachineUpdater: Took a snapshot at index 0
2021-11-30 10:08:45,693 [fc496f33-557f-4ba9-a352-3c0776838466@group-D183E921640B-StateMachineUpdater] INFO  impl.StateMachineUpdater (StateMachineUpdater.java:lambda$new$0(89)) - fc496f33-557f-4ba9-a352-3c0776838466@group-D183E921640B-StateMachineUpdater: snapshotIndex: updateIncreasingly -1 -> 0
2021-11-30 10:08:45,700 [ForkJoinPool.commonPool-worker-0] INFO  impl.StateMachineUpdater (StateMachineUpdater.java:stopAndJoin(149)) - fc496f33-557f-4ba9-a352-3c0776838466@group-D183E921640B-StateMachineUpdater: set stopIndex = 0
2021-11-30 10:08:45,700 [ForkJoinPool.commonPool-worker-0] INFO  server.RaftServer$Division (ServerState.java:close(419)) - fc496f33-557f-4ba9-a352-3c0776838466@group-D183E921640B: closes. applyIndex: 0
2021-11-30 10:08:45,700 [fc496f33-557f-4ba9-a352-3c0776838466@group-D183E921640B-SegmentedRaftLogWorker] INFO  segmented.SegmentedRaftLogWorker (SegmentedRaftLogWorker.java:run(327)) - fc496f33-557f-4ba9-a352-3c0776838466@group-D183E921640B-SegmentedRaftLogWorker was interrupted, exiting. There are 0 tasks remaining in the queue.
2021-11-30 10:08:45,700 [ForkJoinPool.commonPool-worker-0] INFO  segmented.SegmentedRaftLogWorker (SegmentedRaftLogWorker.java:close(237)) - fc496f33-557f-4ba9-a352-3c0776838466@group-D183E921640B-SegmentedRaftLogWorker close()
2021-11-30 10:08:45,700 [ForkJoinPool.commonPool-worker-0] INFO  server.RaftServer$Division (RaftServerImpl.java:lambda$close$4(412)) - fc496f33-557f-4ba9-a352-3c0776838466@group-AD92F1682EBA: shutdown
2021-11-30 10:08:45,700 [ForkJoinPool.commonPool-worker-0] INFO  util.JmxRegister (JmxRegister.java:unregister(73)) - Successfully un-registered JMX Bean with object name Ratis:service=RaftServer,group=group-AD92F1682EBA,id=fc496f33-557f-4ba9-a352-3c0776838466
2021-11-30 10:08:45,700 [ForkJoinPool.commonPool-worker-0] INFO  impl.RoleInfo (RoleInfo.java:shutdownLeaderState(91)) - fc496f33-557f-4ba9-a352-3c0776838466: shutdown fc496f33-557f-4ba9-a352-3c0776838466@group-AD92F1682EBA-LeaderStateImpl
2021-11-30 10:08:45,701 [ForkJoinPool.commonPool-worker-0] INFO  impl.PendingRequests (PendingRequests.java:sendNotLeaderResponses(282)) - fc496f33-557f-4ba9-a352-3c0776838466@group-AD92F1682EBA-PendingRequests: sendNotLeaderResponses
2021-11-30 10:08:45,702 [ForkJoinPool.commonPool-worker-0] INFO  impl.StateMachineUpdater (StateMachineUpdater.java:stopAndJoin(149)) - fc496f33-557f-4ba9-a352-3c0776838466@group-AD92F1682EBA-StateMachineUpdater: set stopIndex = 0
2021-11-30 10:08:45,702 [fc496f33-557f-4ba9-a352-3c0776838466@group-AD92F1682EBA-StateMachineUpdater] INFO  ratis.ContainerStateMachine (ContainerStateMachine.java:takeSnapshot(292)) - group-AD92F1682EBA: Taking a snapshot at:(t:1, i:0) file /home/runner/work/ozone/ozone/hadoop-ozone/integration-test/target/test-dir/MiniOzoneClusterImpl-0e29ee7e-a070-46b0-aa8f-4a21e578e9b3/datanode-0/data/ratis/8e7695d8-f261-497c-a029-ad92f1682eba/sm/snapshot.1_0
2021-11-30 10:08:45,703 [fc496f33-557f-4ba9-a352-3c0776838466@group-AD92F1682EBA-StateMachineUpdater] INFO  ratis.ContainerStateMachine (ContainerStateMachine.java:takeSnapshot(303)) - group-AD92F1682EBA: Finished taking a snapshot at:(t:1, i:0) file:/home/runner/work/ozone/ozone/hadoop-ozone/integration-test/target/test-dir/MiniOzoneClusterImpl-0e29ee7e-a070-46b0-aa8f-4a21e578e9b3/datanode-0/data/ratis/8e7695d8-f261-497c-a029-ad92f1682eba/sm/snapshot.1_0 took: 1 ms
2021-11-30 10:08:45,703 [fc496f33-557f-4ba9-a352-3c0776838466@group-AD92F1682EBA-StateMachineUpdater] INFO  impl.StateMachineUpdater (StateMachineUpdater.java:takeSnapshot(281)) - fc496f33-557f-4ba9-a352-3c0776838466@group-AD92F1682EBA-StateMachineUpdater: Took a snapshot at index 0
2021-11-30 10:08:45,703 [fc496f33-557f-4ba9-a352-3c0776838466@group-AD92F1682EBA-StateMachineUpdater] INFO  impl.StateMachineUpdater (StateMachineUpdater.java:lambda$new$0(89)) - fc496f33-557f-4ba9-a352-3c0776838466@group-AD92F1682EBA-StateMachineUpdater: snapshotIndex: updateIncreasingly -1 -> 0
2021-11-30 10:08:45,705 [ForkJoinPool.commonPool-worker-0] INFO  server.RaftServer$Division (ServerState.java:close(419)) - fc496f33-557f-4ba9-a352-3c0776838466@group-AD92F1682EBA: closes. applyIndex: 0
2021-11-30 10:08:45,705 [fc496f33-557f-4ba9-a352-3c0776838466@group-AD92F1682EBA-SegmentedRaftLogWorker] INFO  segmented.SegmentedRaftLogWorker (SegmentedRaftLogWorker.java:run(327)) - fc496f33-557f-4ba9-a352-3c0776838466@group-AD92F1682EBA-SegmentedRaftLogWorker was interrupted, exiting. There are 0 tasks remaining in the queue.
2021-11-30 10:08:45,705 [ForkJoinPool.commonPool-worker-0] INFO  segmented.SegmentedRaftLogWorker (SegmentedRaftLogWorker.java:close(237)) - fc496f33-557f-4ba9-a352-3c0776838466@group-AD92F1682EBA-SegmentedRaftLogWorker close()
2021-11-30 10:08:45,706 [Listener at 127.0.0.1/41539] INFO  server.GrpcService (GrpcService.java:closeImpl(262)) - fc496f33-557f-4ba9-a352-3c0776838466: shutdown server with port 44781 now
2021-11-30 10:08:45,709 [Listener at 127.0.0.1/41539] INFO  server.GrpcService (GrpcService.java:closeImpl(271)) - fc496f33-557f-4ba9-a352-3c0776838466: shutdown server with port 44781 successfully
2021-11-30 10:08:45,709 [org.apache.ratis.util.JvmPauseMonitor$$Lambda$533/844391723@50e77b90] INFO  util.JvmPauseMonitor (JvmPauseMonitor.java:run(109)) - JvmPauseMonitor-fc496f33-557f-4ba9-a352-3c0776838466: Stopped
2021-11-30 10:08:45,722 [Listener at 127.0.0.1/41539] INFO  utils.BackgroundService (BackgroundService.java:shutdown(132)) - Shutting down service BlockDeletingService
2021-11-30 10:08:48,726 [Listener at 127.0.0.1/41539] INFO  statemachine.DatanodeStateMachine (DatanodeStateMachine.java:stopDaemon(526)) - Ozone container server stopped.
2021-11-30 10:08:48,726 [Listener at 127.0.0.1/41539] INFO  handler.ContextHandler (ContextHandler.java:doStop(1153)) - Stopped o.e.j.w.WebAppContext@8692045{hddsDatanode,/,null,STOPPED}{jar:file:/home/runner/.m2/repository/org/apache/ozone/hdds-container-service/1.3.0-SNAPSHOT/hdds-container-service-1.3.0-SNAPSHOT.jar!/webapps/hddsDatanode}
2021-11-30 10:08:48,727 [Listener at 127.0.0.1/41539] INFO  server.AbstractConnector (AbstractConnector.java:doStop(381)) - Stopped ServerConnector@4a352139{HTTP/1.1, (http/1.1)}{0.0.0.0:0}
2021-11-30 10:08:48,728 [Listener at 127.0.0.1/41539] INFO  server.session (HouseKeeper.java:stopScavenging(149)) - node0 Stopped scavenging
2021-11-30 10:08:48,728 [Listener at 127.0.0.1/41539] INFO  handler.ContextHandler (ContextHandler.java:doStop(1153)) - Stopped o.e.j.s.ServletContextHandler@6b828342{static,/static,jar:file:/home/runner/.m2/repository/org/apache/ozone/hdds-container-service/1.3.0-SNAPSHOT/hdds-container-service-1.3.0-SNAPSHOT.jar!/webapps/static,STOPPED}
2021-11-30 10:08:48,728 [Listener at 127.0.0.1/41539] INFO  handler.ContextHandler (ContextHandler.java:doStop(1153)) - Stopped o.e.j.s.ServletContextHandler@263f2705{logs,/logs,file:///home/runner/work/ozone/ozone/hadoop-ozone/integration-test/target/log,STOPPED}
2021-11-30 10:08:48,729 [Listener at 127.0.0.1/41539] INFO  ozone.MiniOzoneClusterImpl (MiniOzoneClusterImpl.java:stopSCM(542)) - Stopping the StorageContainerManager
2021-11-30 10:08:48,729 [Listener at 127.0.0.1/41539] INFO  server.StorageContainerManager (StorageContainerManager.java:stop(1395)) - Stopping Container Balancer service.
2021-11-30 10:08:48,730 [Listener at 127.0.0.1/41539] INFO  balancer.ContainerBalancer (ContainerBalancer.java:stop(734)) - Container Balancer is not running.
2021-11-30 10:08:48,730 [Listener at 127.0.0.1/41539] INFO  server.StorageContainerManager (StorageContainerManager.java:stop(1402)) - Stopping Replication Manager Service.
2021-11-30 10:08:48,730 [Listener at 127.0.0.1/41539] INFO  container.ReplicationManager (ReplicationManager.java:stop(350)) - Stopping Replication Monitor Thread.
2021-11-30 10:08:48,730 [Listener at 127.0.0.1/41539] INFO  server.StorageContainerManager (StorageContainerManager.java:stop(1409)) - Stopping the Datanode Admin Monitor.
2021-11-30 10:08:48,730 [Listener at 127.0.0.1/41539] INFO  server.StorageContainerManager (StorageContainerManager.java:stop(1416)) - Stopping Lease Manager of the command watchers
2021-11-30 10:08:48,730 [Listener at 127.0.0.1/41539] INFO  server.StorageContainerManager (StorageContainerManager.java:stop(1423)) - Stopping datanode service RPC server
2021-11-30 10:08:48,730 [Listener at 127.0.0.1/41539] INFO  server.SCMDatanodeProtocolServer (SCMDatanodeProtocolServer.java:stop(389)) - Stopping the RPC server for DataNodes
2021-11-30 10:08:48,730 [Listener at 127.0.0.1/41539] INFO  ipc.Server (Server.java:stop(3414)) - Stopping server on 34443
2021-11-30 10:08:48,732 [IPC Server Responder] INFO  ipc.Server (Server.java:run(1512)) - Stopping IPC Server Responder
2021-11-30 10:08:48,732 [IPC Server listener on 0] INFO  ipc.Server (Server.java:run(1376)) - Stopping IPC Server listener on 0
2021-11-30 10:08:48,736 [SCM Heartbeat Processing Thread - 0] WARN  node.NodeStateManager (NodeStateManager.java:scheduleNextHealthCheck(799)) - Current Thread is interrupted, shutting down HB processing thread for Node Manager.
2021-11-30 10:08:48,736 [Listener at 127.0.0.1/41539] INFO  server.StorageContainerManager (StorageContainerManager.java:stop(1431)) - Stopping block service RPC server
2021-11-30 10:08:48,736 [Listener at 127.0.0.1/41539] INFO  server.SCMBlockProtocolServer (SCMBlockProtocolServer.java:stop(160)) - Stopping the RPC server for Block Protocol
2021-11-30 10:08:48,736 [Listener at 127.0.0.1/41539] INFO  ipc.Server (Server.java:stop(3414)) - Stopping server on 35975
2021-11-30 10:08:48,738 [IPC Server listener on 0] INFO  ipc.Server (Server.java:run(1376)) - Stopping IPC Server listener on 0
2021-11-30 10:08:48,738 [IPC Server Responder] INFO  ipc.Server (Server.java:run(1512)) - Stopping IPC Server Responder
2021-11-30 10:08:48,739 [Listener at 127.0.0.1/41539] INFO  server.StorageContainerManager (StorageContainerManager.java:stop(1438)) - Stopping the StorageContainerLocationProtocol RPC server
2021-11-30 10:08:48,744 [Listener at 127.0.0.1/41539] INFO  server.SCMClientProtocolServer (SCMClientProtocolServer.java:stop(173)) - Stopping the RPC server for Client Protocol
2021-11-30 10:08:48,744 [Listener at 127.0.0.1/41539] INFO  ipc.Server (Server.java:stop(3414)) - Stopping server on 33467
2021-11-30 10:08:48,750 [IPC Server listener on 0] INFO  ipc.Server (Server.java:run(1376)) - Stopping IPC Server listener on 0
2021-11-30 10:08:48,750 [IPC Server Responder] INFO  ipc.Server (Server.java:run(1512)) - Stopping IPC Server Responder
2021-11-30 10:08:48,752 [Listener at 127.0.0.1/41539] INFO  server.StorageContainerManager (StorageContainerManager.java:stop(1445)) - Stopping Storage Container Manager HTTP server.
2021-11-30 10:08:48,753 [Listener at 127.0.0.1/41539] INFO  handler.ContextHandler (ContextHandler.java:doStop(1153)) - Stopped o.e.j.w.WebAppContext@7e536cf5{scm,/,null,STOPPED}{file:/home/runner/work/ozone/ozone/hadoop-ozone/integration-test/target/test-classes/webapps/scm}
2021-11-30 10:08:48,753 [Listener at 127.0.0.1/41539] INFO  server.AbstractConnector (AbstractConnector.java:doStop(381)) - Stopped ServerConnector@6c8ceec3{HTTP/1.1, (http/1.1)}{0.0.0.0:0}
2021-11-30 10:08:48,753 [Listener at 127.0.0.1/41539] INFO  server.session (HouseKeeper.java:stopScavenging(149)) - node0 Stopped scavenging
2021-11-30 10:08:48,754 [Listener at 127.0.0.1/41539] INFO  handler.ContextHandler (ContextHandler.java:doStop(1153)) - Stopped o.e.j.s.ServletContextHandler@f33bfd2{static,/static,file:///home/runner/work/ozone/ozone/hadoop-ozone/integration-test/target/test-classes/webapps/static,STOPPED}
2021-11-30 10:08:48,754 [Listener at 127.0.0.1/41539] INFO  handler.ContextHandler (ContextHandler.java:doStop(1153)) - Stopped o.e.j.s.ServletContextHandler@222c1ac1{logs,/logs,file:///home/runner/work/ozone/ozone/hadoop-ozone/integration-test/target/log,STOPPED}
2021-11-30 10:08:48,754 [Listener at 127.0.0.1/41539] INFO  server.StorageContainerManager (StorageContainerManager.java:stop(1456)) - Stopping Block Manager Service.
2021-11-30 10:08:48,754 [Listener at 127.0.0.1/41539] INFO  utils.BackgroundService (BackgroundService.java:shutdown(132)) - Shutting down service SCMBlockDeletingService
2021-11-30 10:08:48,755 [Listener at 127.0.0.1/41539] INFO  utils.BackgroundService (BackgroundService.java:shutdown(132)) - Shutting down service SCMBlockDeletingService
2021-11-30 10:08:48,755 [Listener at 127.0.0.1/41539] INFO  server.StorageContainerManager (StorageContainerManager.java:stop(1483)) - Stopping SCM Event Queue.
2021-11-30 10:08:48,759 [Listener at 127.0.0.1/41539] INFO  server.StorageContainerManager (StorageContainerManager.java:stop(1494)) - Stopping SCM HA services.
2021-11-30 10:08:48,759 [Listener at 127.0.0.1/41539] INFO  pipeline.BackgroundPipelineCreator (BackgroundPipelineCreator.java:stop(158)) - Stopping RatisPipelineUtilsThread.
2021-11-30 10:08:48,760 [Listener at 127.0.0.1/41539] INFO  server.StorageContainerManager (StorageContainerManager.java:stop(1504)) - Stopping SCM MetadataStore.
2021-11-30 10:08:48,761 [Listener at 127.0.0.1/41539] INFO  impl.MetricsSystemImpl (MetricsSystemImpl.java:stop(210)) - Stopping XceiverClientMetrics metrics system...
2021-11-30 10:08:48,788 [prometheus] INFO  impl.MetricsSinkAdapter (MetricsSinkAdapter.java:publishMetricsFromQueue(141)) - prometheus thread interrupted.
2021-11-30 10:08:48,788 [Listener at 127.0.0.1/41539] INFO  impl.MetricsSystemImpl (MetricsSystemImpl.java:stop(216)) - XceiverClientMetrics metrics system stopped.
]]></system-out>
  </testcase>
  <testcase name="testDatanodeFailureWithPreAllocation" classname="org.apache.hadoop.ozone.client.rpc.TestBlockOutputStreamWithFailures" time="98.464"/>
  <testcase name="testDatanodeFailureWithSingleNodeRatis" classname="org.apache.hadoop.ozone.client.rpc.TestBlockOutputStreamWithFailures" time="106.19"/>
  <testcase name="testWatchForCommitDatanodeFailure" classname="org.apache.hadoop.ozone.client.rpc.TestBlockOutputStreamWithFailures" time="52.765"/>
  <testcase name="testContainerClose" classname="org.apache.hadoop.ozone.client.rpc.TestBlockOutputStreamWithFailures" time="62.985"/>
</testsuite>