<?xml version="1.0" encoding="UTF-8"?>
<testsuite xmlns:xsi="http://www.w3.org/2001/XMLSchema-instance" xsi:noNamespaceSchemaLocation="https://maven.apache.org/surefire/maven-surefire-plugin/xsd/surefire-test-report.xsd" name="org.apache.hadoop.fs.ozone.TestOzoneFileInterfaces" time="447.421" tests="18" errors="0" skipped="0" failures="1">
  <properties>
    <property name="awt.toolkit" value="sun.awt.X11.XToolkit"/>
    <property name="file.encoding.pkg" value="sun.io"/>
    <property name="java.specification.version" value="1.8"/>
    <property name="sun.cpu.isalist" value=""/>
    <property name="sun.jnu.encoding" value="ANSI_X3.4-1968"/>
    <property name="java.class.path" value="/github/workspace/mnt/ozone/hadoop-ozone/integration-test/target/test-classes:/github/workspace/mnt/ozone/hadoop-ozone/integration-test/target/classes:/home/user/.m2/repository/org/apache/hadoop/hadoop-ozone-common/0.6.0-SNAPSHOT/hadoop-ozone-common-0.6.0-SNAPSHOT.jar:/home/user/.m2/repository/org/apache/commons/commons-compress/1.4.1/commons-compress-1.4.1.jar:/home/user/.m2/repository/org/tukaani/xz/1.0/xz-1.0.jar:/home/user/.m2/repository/org/apache/hadoop/hadoop-hdds-common/0.6.0-SNAPSHOT/hadoop-hdds-common-0.6.0-SNAPSHOT.jar:/home/user/.m2/repository/info/picocli/picocli/3.9.6/picocli-3.9.6.jar:/home/user/.m2/repository/com/fasterxml/jackson/core/jackson-annotations/2.10.3/jackson-annotations-2.10.3.jar:/home/user/.m2/repository/javax/annotation/javax.annotation-api/1.2/javax.annotation-api-1.2.jar:/home/user/.m2/repository/org/apache/ratis/ratis-server/0.6.0-490b689-SNAPSHOT/ratis-server-0.6.0-490b689-SNAPSHOT.jar:/home/user/.m2/repository/org/apache/ratis/ratis-thirdparty-misc/0.3.0/ratis-thirdparty-misc-0.3.0.jar:/home/user/.m2/repository/org/apache/ratis/ratis-client/0.6.0-490b689-SNAPSHOT/ratis-client-0.6.0-490b689-SNAPSHOT.jar:/home/user/.m2/repository/org/apache/ratis/ratis-metrics/0.6.0-490b689-SNAPSHOT/ratis-metrics-0.6.0-490b689-SNAPSHOT.jar:/home/user/.m2/repository/org/apache/ratis/ratis-netty/0.6.0-490b689-SNAPSHOT/ratis-netty-0.6.0-490b689-SNAPSHOT.jar:/home/user/.m2/repository/org/apache/ratis/ratis-grpc/0.6.0-490b689-SNAPSHOT/ratis-grpc-0.6.0-490b689-SNAPSHOT.jar:/home/user/.m2/repository/org/apache/logging/log4j/log4j-api/2.11.0/log4j-api-2.11.0.jar:/home/user/.m2/repository/org/apache/logging/log4j/log4j-core/2.11.0/log4j-core-2.11.0.jar:/home/user/.m2/repository/com/lmax/disruptor/3.4.2/disruptor-3.4.2.jar:/home/user/.m2/repository/org/apache/commons/commons-pool2/2.6.0/commons-pool2-2.6.0.jar:/home/user/.m2/repository/org/bouncycastle/bcpkix-jdk15on/1.60/bcpkix-jdk15on-1.60.jar:/home/user/.m2/repository/commons-validator/commons-validator/1.6/commons-validator-1.6.jar:/home/user/.m2/repository/commons-digester/commons-digester/1.8.1/commons-digester-1.8.1.jar:/home/user/.m2/repository/io/jaegertracing/jaeger-client/1.2.0/jaeger-client-1.2.0.jar:/home/user/.m2/repository/io/jaegertracing/jaeger-thrift/1.2.0/jaeger-thrift-1.2.0.jar:/home/user/.m2/repository/org/apache/thrift/libthrift/0.13.0/libthrift-0.13.0.jar:/home/user/.m2/repository/com/squareup/okhttp3/okhttp/4.2.2/okhttp-4.2.2.jar:/home/user/.m2/repository/com/squareup/okio/okio/2.2.2/okio-2.2.2.jar:/home/user/.m2/repository/org/jetbrains/kotlin/kotlin-stdlib/1.3.50/kotlin-stdlib-1.3.50.jar:/home/user/.m2/repository/org/jetbrains/kotlin/kotlin-stdlib-common/1.3.50/kotlin-stdlib-common-1.3.50.jar:/home/user/.m2/repository/org/jetbrains/annotations/13.0/annotations-13.0.jar:/home/user/.m2/repository/io/jaegertracing/jaeger-core/1.2.0/jaeger-core-1.2.0.jar:/home/user/.m2/repository/io/jaegertracing/jaeger-tracerresolver/1.2.0/jaeger-tracerresolver-1.2.0.jar:/home/user/.m2/repository/io/opentracing/contrib/opentracing-tracerresolver/0.1.8/opentracing-tracerresolver-0.1.8.jar:/home/user/.m2/repository/io/opentracing/opentracing-util/0.33.0/opentracing-util-0.33.0.jar:/home/user/.m2/repository/io/opentracing/opentracing-api/0.33.0/opentracing-api-0.33.0.jar:/home/user/.m2/repository/io/opentracing/opentracing-noop/0.33.0/opentracing-noop-0.33.0.jar:/home/user/.m2/repository/org/apache/hadoop/hadoop-hdds-client/0.6.0-SNAPSHOT/hadoop-hdds-client-0.6.0-SNAPSHOT.jar:/home/user/.m2/repository/org/apache/hadoop/hadoop-hdds-test-utils/0.6.0-SNAPSHOT/hadoop-hdds-test-utils-0.6.0-SNAPSHOT.jar:/home/user/.m2/repository/com/google/guava/guava/28.2-jre/guava-28.2-jre.jar:/home/user/.m2/repository/com/google/guava/failureaccess/1.0.1/failureaccess-1.0.1.jar:/home/user/.m2/repository/com/google/guava/listenablefuture/9999.0-empty-to-avoid-conflict-with-guava/listenablefuture-9999.0-empty-to-avoid-conflict-with-guava.jar:/home/user/.m2/repository/com/google/code/findbugs/jsr305/3.0.0/jsr305-3.0.0.jar:/home/user/.m2/repository/org/checkerframework/checker-qual/2.10.0/checker-qual-2.10.0.jar:/home/user/.m2/repository/com/google/errorprone/error_prone_annotations/2.3.4/error_prone_annotations-2.3.4.jar:/home/user/.m2/repository/com/google/j2objc/j2objc-annotations/1.3/j2objc-annotations-1.3.jar:/home/user/.m2/repository/commons-io/commons-io/2.5/commons-io-2.5.jar:/home/user/.m2/repository/commons-logging/commons-logging/1.1.3/commons-logging-1.1.3.jar:/home/user/.m2/repository/log4j/log4j/1.2.17/log4j-1.2.17.jar:/home/user/.m2/repository/org/apache/commons/commons-lang3/3.7/commons-lang3-3.7.jar:/home/user/.m2/repository/org/slf4j/slf4j-api/1.7.25/slf4j-api-1.7.25.jar:/home/user/.m2/repository/org/apache/hadoop/hadoop-hdds-server-scm/0.6.0-SNAPSHOT/hadoop-hdds-server-scm-0.6.0-SNAPSHOT.jar:/home/user/.m2/repository/org/apache/hadoop/hadoop-hdds-container-service/0.6.0-SNAPSHOT/hadoop-hdds-container-service-0.6.0-SNAPSHOT.jar:/home/user/.m2/repository/org/apache/hadoop/hadoop-hdds-hadoop-dependency-server/0.6.0-SNAPSHOT/hadoop-hdds-hadoop-dependency-server-0.6.0-SNAPSHOT.jar:/home/user/.m2/repository/org/apache/hadoop/hadoop-hdds-server-framework/0.6.0-SNAPSHOT/hadoop-hdds-server-framework-0.6.0-SNAPSHOT.jar:/home/user/.m2/repository/org/rocksdb/rocksdbjni/6.6.4/rocksdbjni-6.6.4.jar:/home/user/.m2/repository/io/prometheus/simpleclient_dropwizard/0.7.0/simpleclient_dropwizard-0.7.0.jar:/home/user/.m2/repository/io/prometheus/simpleclient/0.7.0/simpleclient-0.7.0.jar:/home/user/.m2/repository/io/prometheus/simpleclient_common/0.7.0/simpleclient_common-0.7.0.jar:/home/user/.m2/repository/com/fasterxml/jackson/datatype/jackson-datatype-jsr310/2.10.3/jackson-datatype-jsr310-2.10.3.jar:/home/user/.m2/repository/org/apache/hadoop/hadoop-hdds-docs/0.6.0-SNAPSHOT/hadoop-hdds-docs-0.6.0-SNAPSHOT.jar:/home/user/.m2/repository/io/dropwizard/metrics/metrics-core/3.2.4/metrics-core-3.2.4.jar:/home/user/.m2/repository/org/apache/hadoop/hadoop-hdfs-client/3.2.0/hadoop-hdfs-client-3.2.0.jar:/home/user/.m2/repository/org/bouncycastle/bcprov-jdk15on/1.60/bcprov-jdk15on-1.60.jar:/home/user/.m2/repository/org/apache/hadoop/hadoop-ozone-ozone-manager/0.6.0-SNAPSHOT/hadoop-ozone-ozone-manager-0.6.0-SNAPSHOT.jar:/home/user/.m2/repository/org/apache/hadoop/hadoop-minikdc/3.2.0/hadoop-minikdc-3.2.0.jar:/home/user/.m2/repository/org/apache/kerby/kerb-simplekdc/1.0.1/kerb-simplekdc-1.0.1.jar:/home/user/.m2/repository/org/apache/kerby/kerb-client/1.0.1/kerb-client-1.0.1.jar:/home/user/.m2/repository/org/apache/kerby/kerby-config/1.0.1/kerby-config-1.0.1.jar:/home/user/.m2/repository/org/apache/kerby/kerb-core/1.0.1/kerb-core-1.0.1.jar:/home/user/.m2/repository/org/apache/kerby/kerby-pkix/1.0.1/kerby-pkix-1.0.1.jar:/home/user/.m2/repository/org/apache/kerby/kerby-asn1/1.0.1/kerby-asn1-1.0.1.jar:/home/user/.m2/repository/org/apache/kerby/kerby-util/1.0.1/kerby-util-1.0.1.jar:/home/user/.m2/repository/org/apache/kerby/kerb-common/1.0.1/kerb-common-1.0.1.jar:/home/user/.m2/repository/org/apache/kerby/kerb-crypto/1.0.1/kerb-crypto-1.0.1.jar:/home/user/.m2/repository/org/apache/kerby/kerb-util/1.0.1/kerb-util-1.0.1.jar:/home/user/.m2/repository/org/apache/kerby/token-provider/1.0.1/token-provider-1.0.1.jar:/home/user/.m2/repository/org/apache/kerby/kerb-admin/1.0.1/kerb-admin-1.0.1.jar:/home/user/.m2/repository/org/apache/kerby/kerb-server/1.0.1/kerb-server-1.0.1.jar:/home/user/.m2/repository/org/apache/kerby/kerb-identity/1.0.1/kerb-identity-1.0.1.jar:/home/user/.m2/repository/org/apache/kerby/kerby-xdr/1.0.1/kerby-xdr-1.0.1.jar:/home/user/.m2/repository/org/slf4j/slf4j-log4j12/1.7.25/slf4j-log4j12-1.7.25.jar:/home/user/.m2/repository/org/apache/hadoop/hadoop-ozone-s3gateway/0.6.0-SNAPSHOT/hadoop-ozone-s3gateway-0.6.0-SNAPSHOT.jar:/home/user/.m2/repository/org/jboss/weld/servlet/weld-servlet/2.4.7.Final/weld-servlet-2.4.7.Final.jar:/home/user/.m2/repository/org/glassfish/jersey/containers/jersey-container-servlet-core/2.27/jersey-container-servlet-core-2.27.jar:/home/user/.m2/repository/org/glassfish/hk2/external/javax.inject/2.5.0-b42/javax.inject-2.5.0-b42.jar:/home/user/.m2/repository/org/glassfish/jersey/core/jersey-common/2.27/jersey-common-2.27.jar:/home/user/.m2/repository/org/glassfish/hk2/osgi-resource-locator/1.0.1/osgi-resource-locator-1.0.1.jar:/home/user/.m2/repository/javax/ws/rs/javax.ws.rs-api/2.1/javax.ws.rs-api-2.1.jar:/home/user/.m2/repository/org/glassfish/jersey/ext/cdi/jersey-cdi1x/2.27/jersey-cdi1x-2.27.jar:/home/user/.m2/repository/org/glassfish/jersey/inject/jersey-hk2/2.27/jersey-hk2-2.27.jar:/home/user/.m2/repository/org/glassfish/hk2/hk2-locator/2.5.0-b42/hk2-locator-2.5.0-b42.jar:/home/user/.m2/repository/org/javassist/javassist/3.22.0-CR2/javassist-3.22.0-CR2.jar:/home/user/.m2/repository/org/glassfish/hk2/hk2-api/2.5.0/hk2-api-2.5.0.jar:/home/user/.m2/repository/org/glassfish/hk2/external/jakarta.inject/2.5.0/jakarta.inject-2.5.0.jar:/home/user/.m2/repository/org/glassfish/hk2/hk2-utils/2.5.0/hk2-utils-2.5.0.jar:/home/user/.m2/repository/jakarta/annotation/jakarta.annotation-api/1.3.4/jakarta.annotation-api-1.3.4.jar:/home/user/.m2/repository/org/glassfish/hk2/external/aopalliance-repackaged/2.5.0/aopalliance-repackaged-2.5.0.jar:/home/user/.m2/repository/com/fasterxml/jackson/dataformat/jackson-dataformat-xml/2.9.0/jackson-dataformat-xml-2.9.0.jar:/home/user/.m2/repository/com/fasterxml/jackson/core/jackson-core/2.10.3/jackson-core-2.10.3.jar:/home/user/.m2/repository/com/fasterxml/jackson/module/jackson-module-jaxb-annotations/2.10.3/jackson-module-jaxb-annotations-2.10.3.jar:/home/user/.m2/repository/jakarta/xml/bind/jakarta.xml.bind-api/2.3.2/jakarta.xml.bind-api-2.3.2.jar:/home/user/.m2/repository/jakarta/activation/jakarta.activation-api/1.2.1/jakarta.activation-api-1.2.1.jar:/home/user/.m2/repository/org/codehaus/woodstox/stax2-api/3.1.4/stax2-api-3.1.4.jar:/home/user/.m2/repository/com/fasterxml/woodstox/woodstox-core/5.0.3/woodstox-core-5.0.3.jar:/home/user/.m2/repository/javax/enterprise/cdi-api/1.2/cdi-api-1.2.jar:/home/user/.m2/repository/javax/el/javax.el-api/3.0.0/javax.el-api-3.0.0.jar:/home/user/.m2/repository/javax/interceptor/javax.interceptor-api/1.2/javax.interceptor-api-1.2.jar:/home/user/.m2/repository/javax/inject/javax.inject/1/javax.inject-1.jar:/home/user/.m2/repository/com/sun/xml/bind/jaxb-impl/2.3.0.1/jaxb-impl-2.3.0.1.jar:/home/user/.m2/repository/com/sun/xml/bind/jaxb-core/2.3.0.1/jaxb-core-2.3.0.1.jar:/home/user/.m2/repository/javax/xml/bind/jaxb-api/2.3.0/jaxb-api-2.3.0.jar:/home/user/.m2/repository/javax/activation/activation/1.1.1/activation-1.1.1.jar:/home/user/.m2/repository/org/apache/hadoop/hadoop-ozone-csi/0.6.0-SNAPSHOT/hadoop-ozone-csi-0.6.0-SNAPSHOT.jar:/home/user/.m2/repository/com/google/protobuf/protobuf-java-util/3.5.1/protobuf-java-util-3.5.1.jar:/home/user/.m2/repository/com/google/code/gson/gson/2.2.4/gson-2.2.4.jar:/home/user/.m2/repository/org/apache/hadoop/hadoop-hdds-config/0.6.0-SNAPSHOT/hadoop-hdds-config-0.6.0-SNAPSHOT.jar:/home/user/.m2/repository/com/google/protobuf/protobuf-java/2.5.0/protobuf-java-2.5.0.jar:/home/user/.m2/repository/io/grpc/grpc-netty/1.17.1/grpc-netty-1.17.1.jar:/home/user/.m2/repository/io/grpc/grpc-core/1.17.1/grpc-core-1.17.1.jar:/home/user/.m2/repository/io/grpc/grpc-context/1.17.1/grpc-context-1.17.1.jar:/home/user/.m2/repository/org/codehaus/mojo/animal-sniffer-annotations/1.17/animal-sniffer-annotations-1.17.jar:/home/user/.m2/repository/io/opencensus/opencensus-api/0.17.0/opencensus-api-0.17.0.jar:/home/user/.m2/repository/io/opencensus/opencensus-contrib-grpc-metrics/0.17.0/opencensus-contrib-grpc-metrics-0.17.0.jar:/home/user/.m2/repository/io/netty/netty-codec-http2/4.1.30.Final/netty-codec-http2-4.1.30.Final.jar:/home/user/.m2/repository/io/netty/netty-codec-http/4.1.30.Final/netty-codec-http-4.1.30.Final.jar:/home/user/.m2/repository/io/netty/netty-codec/4.1.30.Final/netty-codec-4.1.30.Final.jar:/home/user/.m2/repository/io/netty/netty-handler/4.1.30.Final/netty-handler-4.1.30.Final.jar:/home/user/.m2/repository/io/netty/netty-handler-proxy/4.1.30.Final/netty-handler-proxy-4.1.30.Final.jar:/home/user/.m2/repository/io/netty/netty-codec-socks/4.1.30.Final/netty-codec-socks-4.1.30.Final.jar:/home/user/.m2/repository/io/netty/netty-transport-native-epoll/4.1.38.Final/netty-transport-native-epoll-4.1.38.Final.jar:/home/user/.m2/repository/io/netty/netty-common/4.1.38.Final/netty-common-4.1.38.Final.jar:/home/user/.m2/repository/io/netty/netty-buffer/4.1.38.Final/netty-buffer-4.1.38.Final.jar:/home/user/.m2/repository/io/netty/netty-transport/4.1.38.Final/netty-transport-4.1.38.Final.jar:/home/user/.m2/repository/io/netty/netty-resolver/4.1.38.Final/netty-resolver-4.1.38.Final.jar:/home/user/.m2/repository/io/netty/netty-transport-native-unix-common/4.1.38.Final/netty-transport-native-unix-common-4.1.38.Final.jar:/home/user/.m2/repository/io/grpc/grpc-protobuf/1.17.1/grpc-protobuf-1.17.1.jar:/home/user/.m2/repository/com/google/api/grpc/proto-google-common-protos/1.0.0/proto-google-common-protos-1.0.0.jar:/home/user/.m2/repository/io/grpc/grpc-protobuf-lite/1.17.1/grpc-protobuf-lite-1.17.1.jar:/home/user/.m2/repository/io/grpc/grpc-stub/1.17.1/grpc-stub-1.17.1.jar:/home/user/.m2/repository/org/apache/hadoop/hadoop-ozone-recon/0.6.0-SNAPSHOT/hadoop-ozone-recon-0.6.0-SNAPSHOT.jar:/home/user/.m2/repository/org/apache/hadoop/hadoop-ozone-reconcodegen/0.6.0-SNAPSHOT/hadoop-ozone-reconcodegen-0.6.0-SNAPSHOT.jar:/home/user/.m2/repository/com/google/inject/extensions/guice-multibindings/4.0/guice-multibindings-4.0.jar:/home/user/.m2/repository/com/google/inject/guice/4.0/guice-4.0.jar:/home/user/.m2/repository/aopalliance/aopalliance/1.0/aopalliance-1.0.jar:/home/user/.m2/repository/com/google/inject/extensions/guice-servlet/4.0/guice-servlet-4.0.jar:/home/user/.m2/repository/org/glassfish/jersey/containers/jersey-container-servlet/2.27/jersey-container-servlet-2.27.jar:/home/user/.m2/repository/org/glassfish/hk2/guice-bridge/2.5.0/guice-bridge-2.5.0.jar:/home/user/.m2/repository/org/glassfish/jersey/core/jersey-server/2.27/jersey-server-2.27.jar:/home/user/.m2/repository/org/glassfish/jersey/core/jersey-client/2.27/jersey-client-2.27.jar:/home/user/.m2/repository/org/glassfish/jersey/media/jersey-media-jaxb/2.27/jersey-media-jaxb-2.27.jar:/home/user/.m2/repository/javax/validation/validation-api/1.1.0.Final/validation-api-1.1.0.Final.jar:/home/user/.m2/repository/org/glassfish/jersey/media/jersey-media-json-jackson/2.27/jersey-media-json-jackson-2.27.jar:/home/user/.m2/repository/org/glassfish/jersey/ext/jersey-entity-filtering/2.27/jersey-entity-filtering-2.27.jar:/home/user/.m2/repository/com/google/inject/extensions/guice-assistedinject/4.0/guice-assistedinject-4.0.jar:/home/user/.m2/repository/org/jooq/jooq/3.11.10/jooq-3.11.10.jar:/home/user/.m2/repository/org/jooq/jooq-meta/3.11.10/jooq-meta-3.11.10.jar:/home/user/.m2/repository/org/jooq/jooq-codegen/3.11.10/jooq-codegen-3.11.10.jar:/home/user/.m2/repository/com/jolbox/bonecp/0.8.0.RELEASE/bonecp-0.8.0.RELEASE.jar:/home/user/.m2/repository/org/xerial/sqlite-jdbc/3.25.2/sqlite-jdbc-3.25.2.jar:/home/user/.m2/repository/org/springframework/spring-jdbc/5.2.5.RELEASE/spring-jdbc-5.2.5.RELEASE.jar:/home/user/.m2/repository/org/springframework/spring-beans/5.2.5.RELEASE/spring-beans-5.2.5.RELEASE.jar:/home/user/.m2/repository/org/springframework/spring-core/5.2.5.RELEASE/spring-core-5.2.5.RELEASE.jar:/home/user/.m2/repository/org/springframework/spring-jcl/5.2.5.RELEASE/spring-jcl-5.2.5.RELEASE.jar:/home/user/.m2/repository/org/springframework/spring-tx/5.2.5.RELEASE/spring-tx-5.2.5.RELEASE.jar:/home/user/.m2/repository/org/apache/hadoop/hadoop-ozone-client/0.6.0-SNAPSHOT/hadoop-ozone-client-0.6.0-SNAPSHOT.jar:/home/user/.m2/repository/org/apache/hadoop/hadoop-ozone-filesystem/0.6.0-SNAPSHOT/hadoop-ozone-filesystem-0.6.0-SNAPSHOT.jar:/home/user/.m2/repository/org/apache/hadoop/hadoop-hdds-hadoop-dependency-client/0.6.0-SNAPSHOT/hadoop-hdds-hadoop-dependency-client-0.6.0-SNAPSHOT.jar:/home/user/.m2/repository/org/apache/hadoop/hadoop-ozone-tools/0.6.0-SNAPSHOT/hadoop-ozone-tools-0.6.0-SNAPSHOT.jar:/home/user/.m2/repository/org/apache/hadoop/hadoop-hdfs/3.2.0/hadoop-hdfs-3.2.0.jar:/home/user/.m2/repository/org/apache/ratis/ratis-tools/0.6.0-490b689-SNAPSHOT/ratis-tools-0.6.0-490b689-SNAPSHOT.jar:/home/user/.m2/repository/org/apache/ratis/ratis-proto/0.6.0-490b689-SNAPSHOT/ratis-proto-0.6.0-490b689-SNAPSHOT.jar:/home/user/.m2/repository/org/apache/ratis/ratis-common/0.6.0-490b689-SNAPSHOT/ratis-common-0.6.0-490b689-SNAPSHOT.jar:/home/user/.m2/repository/com/amazonaws/aws-java-sdk-core/1.11.615/aws-java-sdk-core-1.11.615.jar:/home/user/.m2/repository/org/apache/httpcomponents/httpclient/4.5.2/httpclient-4.5.2.jar:/home/user/.m2/repository/org/apache/httpcomponents/httpcore/4.4.4/httpcore-4.4.4.jar:/home/user/.m2/repository/software/amazon/ion/ion-java/1.0.2/ion-java-1.0.2.jar:/home/user/.m2/repository/com/fasterxml/jackson/dataformat/jackson-dataformat-cbor/2.10.3/jackson-dataformat-cbor-2.10.3.jar:/home/user/.m2/repository/joda-time/joda-time/2.9.9/joda-time-2.9.9.jar:/home/user/.m2/repository/com/amazonaws/aws-java-sdk-s3/1.11.615/aws-java-sdk-s3-1.11.615.jar:/home/user/.m2/repository/com/amazonaws/aws-java-sdk-kms/1.11.615/aws-java-sdk-kms-1.11.615.jar:/home/user/.m2/repository/com/amazonaws/jmespath-java/1.11.615/jmespath-java-1.11.615.jar:/home/user/.m2/repository/org/apache/hadoop/hadoop-hdds-tools/0.6.0-SNAPSHOT/hadoop-hdds-tools-0.6.0-SNAPSHOT.jar:/home/user/.m2/repository/commons-cli/commons-cli/1.2/commons-cli-1.2.jar:/home/user/.m2/repository/commons-lang/commons-lang/2.6/commons-lang-2.6.jar:/home/user/.m2/repository/org/apache/hadoop/hadoop-ozone-ozone-manager/0.6.0-SNAPSHOT/hadoop-ozone-ozone-manager-0.6.0-SNAPSHOT-tests.jar:/home/user/.m2/repository/junit/junit/4.11/junit-4.11.jar:/home/user/.m2/repository/org/hamcrest/hamcrest-core/1.3/hamcrest-core-1.3.jar:/home/user/.m2/repository/org/openjdk/jmh/jmh-core/1.19/jmh-core-1.19.jar:/home/user/.m2/repository/net/sf/jopt-simple/jopt-simple/4.6/jopt-simple-4.6.jar:/home/user/.m2/repository/org/apache/commons/commons-math3/3.1.1/commons-math3-3.1.1.jar:/home/user/.m2/repository/org/openjdk/jmh/jmh-generator-annprocess/1.19/jmh-generator-annprocess-1.19.jar:/home/user/.m2/repository/org/mockito/mockito-all/1.8.5/mockito-all-1.8.5.jar:/home/user/.m2/repository/org/apache/hadoop/hadoop-kms/3.2.0/hadoop-kms-3.2.0.jar:/home/user/.m2/repository/org/apache/hadoop/hadoop-auth/3.2.0/hadoop-auth-3.2.0.jar:/home/user/.m2/repository/com/nimbusds/nimbus-jose-jwt/7.9/nimbus-jose-jwt-7.9.jar:/home/user/.m2/repository/com/github/stephenc/jcip/jcip-annotations/1.0-1/jcip-annotations-1.0-1.jar:/home/user/.m2/repository/net/minidev/json-smart/2.3/json-smart-2.3.jar:/home/user/.m2/repository/net/minidev/accessors-smart/1.2/accessors-smart-1.2.jar:/home/user/.m2/repository/org/ow2/asm/asm/5.0.4/asm-5.0.4.jar:/home/user/.m2/repository/org/apache/zookeeper/zookeeper/3.4.13/zookeeper-3.4.13.jar:/home/user/.m2/repository/org/apache/yetus/audience-annotations/0.5.0/audience-annotations-0.5.0.jar:/home/user/.m2/repository/org/apache/curator/curator-framework/2.12.0/curator-framework-2.12.0.jar:/home/user/.m2/repository/com/sun/jersey/jersey-core/1.19/jersey-core-1.19.jar:/home/user/.m2/repository/javax/ws/rs/jsr311-api/1.1.1/jsr311-api-1.1.1.jar:/home/user/.m2/repository/com/sun/jersey/jersey-server/1.19/jersey-server-1.19.jar:/home/user/.m2/repository/javax/servlet/javax.servlet-api/3.1.0/javax.servlet-api-3.1.0.jar:/home/user/.m2/repository/org/eclipse/jetty/jetty-server/9.4.26.v20200117/jetty-server-9.4.26.v20200117.jar:/home/user/.m2/repository/org/eclipse/jetty/jetty-http/9.4.26.v20200117/jetty-http-9.4.26.v20200117.jar:/home/user/.m2/repository/org/eclipse/jetty/jetty-io/9.4.26.v20200117/jetty-io-9.4.26.v20200117.jar:/home/user/.m2/repository/org/eclipse/jetty/jetty-webapp/9.4.26.v20200117/jetty-webapp-9.4.26.v20200117.jar:/home/user/.m2/repository/org/eclipse/jetty/jetty-xml/9.4.26.v20200117/jetty-xml-9.4.26.v20200117.jar:/home/user/.m2/repository/org/eclipse/jetty/jetty-servlet/9.4.26.v20200117/jetty-servlet-9.4.26.v20200117.jar:/home/user/.m2/repository/org/eclipse/jetty/jetty-security/9.4.26.v20200117/jetty-security-9.4.26.v20200117.jar:/home/user/.m2/repository/org/apache/hadoop/hadoop-common/3.2.0/hadoop-common-3.2.0.jar:/home/user/.m2/repository/commons-net/commons-net/3.6/commons-net-3.6.jar:/home/user/.m2/repository/commons-collections/commons-collections/3.2.2/commons-collections-3.2.2.jar:/home/user/.m2/repository/com/sun/jersey/jersey-servlet/1.19/jersey-servlet-1.19.jar:/home/user/.m2/repository/com/sun/jersey/jersey-json/1.19/jersey-json-1.19.jar:/home/user/.m2/repository/org/codehaus/jettison/jettison/1.1/jettison-1.1.jar:/home/user/.m2/repository/org/codehaus/jackson/jackson-jaxrs/1.9.13/jackson-jaxrs-1.9.13.jar:/home/user/.m2/repository/org/codehaus/jackson/jackson-xc/1.9.13/jackson-xc-1.9.13.jar:/home/user/.m2/repository/commons-beanutils/commons-beanutils/1.9.4/commons-beanutils-1.9.4.jar:/home/user/.m2/repository/org/apache/commons/commons-configuration2/2.1.1/commons-configuration2-2.1.1.jar:/home/user/.m2/repository/org/apache/commons/commons-text/1.4/commons-text-1.4.jar:/home/user/.m2/repository/com/google/re2j/re2j/1.1/re2j-1.1.jar:/home/user/.m2/repository/com/jcraft/jsch/0.1.54/jsch-0.1.54.jar:/home/user/.m2/repository/org/apache/curator/curator-client/2.12.0/curator-client-2.12.0.jar:/home/user/.m2/repository/org/apache/curator/curator-recipes/2.12.0/curator-recipes-2.12.0.jar:/home/user/.m2/repository/dnsjava/dnsjava/2.1.7/dnsjava-2.1.7.jar:/home/user/.m2/repository/org/slf4j/jul-to-slf4j/1.7.25/jul-to-slf4j-1.7.25.jar:/home/user/.m2/repository/org/eclipse/jetty/jetty-util/9.4.26.v20200117/jetty-util-9.4.26.v20200117.jar:/home/user/.m2/repository/com/fasterxml/jackson/core/jackson-databind/2.10.3/jackson-databind-2.10.3.jar:/home/user/.m2/repository/org/apache/hadoop/hadoop-kms/3.2.0/hadoop-kms-3.2.0-tests.jar:/home/user/.m2/repository/org/apache/hadoop/hadoop-hdds-server-scm/0.6.0-SNAPSHOT/hadoop-hdds-server-scm-0.6.0-SNAPSHOT-tests.jar:/home/user/.m2/repository/org/apache/hadoop/hadoop-hdds-container-service/0.6.0-SNAPSHOT/hadoop-hdds-container-service-0.6.0-SNAPSHOT-tests.jar:/home/user/.m2/repository/org/apache/hadoop/hadoop-hdds-common/0.6.0-SNAPSHOT/hadoop-hdds-common-0.6.0-SNAPSHOT-tests.jar:/home/user/.m2/repository/org/yaml/snakeyaml/1.16/snakeyaml-1.16.jar:/home/user/.m2/repository/org/apache/hadoop/hadoop-hdds-hadoop-dependency-test/0.6.0-SNAPSHOT/hadoop-hdds-hadoop-dependency-test-0.6.0-SNAPSHOT.jar:/home/user/.m2/repository/org/apache/hadoop/hadoop-common/3.2.0/hadoop-common-3.2.0-tests.jar:/home/user/.m2/repository/javax/servlet/jsp/jsp-api/2.1/jsp-api-2.1.jar:/home/user/.m2/repository/org/apache/hadoop/hadoop-hdfs/3.2.0/hadoop-hdfs-3.2.0-tests.jar:/home/user/.m2/repository/org/eclipse/jetty/jetty-util-ajax/9.4.26.v20200117/jetty-util-ajax-9.4.26.v20200117.jar:/home/user/.m2/repository/commons-codec/commons-codec/1.11/commons-codec-1.11.jar:/home/user/.m2/repository/commons-daemon/commons-daemon/1.0.13/commons-daemon-1.0.13.jar:/home/user/.m2/repository/io/netty/netty/3.10.5.Final/netty-3.10.5.Final.jar:/home/user/.m2/repository/io/netty/netty-all/4.1.47.Final/netty-all-4.1.47.Final.jar:/home/user/.m2/repository/org/apache/htrace/htrace-core4/4.1.0-incubating/htrace-core4-4.1.0-incubating.jar:/home/user/.m2/repository/org/fusesource/leveldbjni/leveldbjni-all/1.8/leveldbjni-all-1.8.jar:/home/user/.m2/repository/org/apache/hadoop/hadoop-distcp/3.2.0/hadoop-distcp-3.2.0.jar:/home/user/.m2/repository/org/apache/hadoop/hadoop-mapreduce-client-jobclient/3.2.0/hadoop-mapreduce-client-jobclient-3.2.0.jar:/home/user/.m2/repository/org/apache/hadoop/hadoop-mapreduce-client-common/3.2.0/hadoop-mapreduce-client-common-3.2.0.jar:/home/user/.m2/repository/org/apache/hadoop/hadoop-yarn-common/3.2.0/hadoop-yarn-common-3.2.0.jar:/home/user/.m2/repository/org/apache/hadoop/hadoop-yarn-api/3.2.0/hadoop-yarn-api-3.2.0.jar:/home/user/.m2/repository/com/sun/jersey/jersey-client/1.19/jersey-client-1.19.jar:/home/user/.m2/repository/com/sun/jersey/contribs/jersey-guice/1.19/jersey-guice-1.19.jar:/home/user/.m2/repository/com/fasterxml/jackson/jaxrs/jackson-jaxrs-json-provider/2.10.3/jackson-jaxrs-json-provider-2.10.3.jar:/home/user/.m2/repository/com/fasterxml/jackson/jaxrs/jackson-jaxrs-base/2.10.3/jackson-jaxrs-base-2.10.3.jar:/home/user/.m2/repository/org/apache/hadoop/hadoop-yarn-client/3.2.0/hadoop-yarn-client-3.2.0.jar:/home/user/.m2/repository/org/apache/hadoop/hadoop-mapreduce-client-core/3.2.0/hadoop-mapreduce-client-core-3.2.0.jar:/home/user/.m2/repository/org/apache/avro/avro/1.7.7/avro-1.7.7.jar:/home/user/.m2/repository/org/codehaus/jackson/jackson-core-asl/1.9.13/jackson-core-asl-1.9.13.jar:/home/user/.m2/repository/org/codehaus/jackson/jackson-mapper-asl/1.9.13/jackson-mapper-asl-1.9.13.jar:/home/user/.m2/repository/com/thoughtworks/paranamer/paranamer/2.3/paranamer-2.3.jar:/home/user/.m2/repository/org/xerial/snappy/snappy-java/1.0.5/snappy-java-1.0.5.jar:/home/user/.m2/repository/org/apache/hadoop/hadoop-annotations/3.2.0/hadoop-annotations-3.2.0.jar:/usr/lib/jvm/java-1.8.0-openjdk-1.8.0.232.b09-0.el7_7.x86_64/jre/../lib/tools.jar:/home/user/.m2/repository/org/apache/hadoop/hadoop-distcp/3.2.0/hadoop-distcp-3.2.0-tests.jar:"/>
    <property name="java.vm.vendor" value="Oracle Corporation"/>
    <property name="sun.arch.data.model" value="64"/>
    <property name="test.build.dir" value="/github/workspace/mnt/ozone/hadoop-ozone/integration-test/target/test-dir"/>
    <property name="test.cache.data" value=""/>
    <property name="java.vendor.url" value="http://java.oracle.com/"/>
    <property name="user.timezone" value=""/>
    <property name="java.vm.specification.version" value="1.8"/>
    <property name="os.name" value="Linux"/>
    <property name="test.build.data" value="/github/workspace/mnt/ozone/hadoop-ozone/integration-test/target/test-dir"/>
    <property name="user.country" value="US"/>
    <property name="sun.java.launcher" value="SUN_STANDARD"/>
    <property name="sun.boot.library.path" value="/usr/lib/jvm/java-1.8.0-openjdk-1.8.0.232.b09-0.el7_7.x86_64/jre/lib/amd64"/>
    <property name="sun.java.command" value="/github/workspace/mnt/ozone/hadoop-ozone/integration-test/target/surefire/surefirebooter2917647552071646348.jar /github/workspace/mnt/ozone/hadoop-ozone/integration-test/target/surefire 2020-04-24T11-52-03_795-jvmRun1 surefire6150784770303152178tmp surefire_34938536254317463784tmp"/>
    <property name="surefire.test.class.path" value="/github/workspace/mnt/ozone/hadoop-ozone/integration-test/target/test-classes:/github/workspace/mnt/ozone/hadoop-ozone/integration-test/target/classes:/home/user/.m2/repository/org/apache/hadoop/hadoop-ozone-common/0.6.0-SNAPSHOT/hadoop-ozone-common-0.6.0-SNAPSHOT.jar:/home/user/.m2/repository/org/apache/commons/commons-compress/1.4.1/commons-compress-1.4.1.jar:/home/user/.m2/repository/org/tukaani/xz/1.0/xz-1.0.jar:/home/user/.m2/repository/org/apache/hadoop/hadoop-hdds-common/0.6.0-SNAPSHOT/hadoop-hdds-common-0.6.0-SNAPSHOT.jar:/home/user/.m2/repository/info/picocli/picocli/3.9.6/picocli-3.9.6.jar:/home/user/.m2/repository/com/fasterxml/jackson/core/jackson-annotations/2.10.3/jackson-annotations-2.10.3.jar:/home/user/.m2/repository/javax/annotation/javax.annotation-api/1.2/javax.annotation-api-1.2.jar:/home/user/.m2/repository/org/apache/ratis/ratis-server/0.6.0-490b689-SNAPSHOT/ratis-server-0.6.0-490b689-SNAPSHOT.jar:/home/user/.m2/repository/org/apache/ratis/ratis-thirdparty-misc/0.3.0/ratis-thirdparty-misc-0.3.0.jar:/home/user/.m2/repository/org/apache/ratis/ratis-client/0.6.0-490b689-SNAPSHOT/ratis-client-0.6.0-490b689-SNAPSHOT.jar:/home/user/.m2/repository/org/apache/ratis/ratis-metrics/0.6.0-490b689-SNAPSHOT/ratis-metrics-0.6.0-490b689-SNAPSHOT.jar:/home/user/.m2/repository/org/apache/ratis/ratis-netty/0.6.0-490b689-SNAPSHOT/ratis-netty-0.6.0-490b689-SNAPSHOT.jar:/home/user/.m2/repository/org/apache/ratis/ratis-grpc/0.6.0-490b689-SNAPSHOT/ratis-grpc-0.6.0-490b689-SNAPSHOT.jar:/home/user/.m2/repository/org/apache/logging/log4j/log4j-api/2.11.0/log4j-api-2.11.0.jar:/home/user/.m2/repository/org/apache/logging/log4j/log4j-core/2.11.0/log4j-core-2.11.0.jar:/home/user/.m2/repository/com/lmax/disruptor/3.4.2/disruptor-3.4.2.jar:/home/user/.m2/repository/org/apache/commons/commons-pool2/2.6.0/commons-pool2-2.6.0.jar:/home/user/.m2/repository/org/bouncycastle/bcpkix-jdk15on/1.60/bcpkix-jdk15on-1.60.jar:/home/user/.m2/repository/commons-validator/commons-validator/1.6/commons-validator-1.6.jar:/home/user/.m2/repository/commons-digester/commons-digester/1.8.1/commons-digester-1.8.1.jar:/home/user/.m2/repository/io/jaegertracing/jaeger-client/1.2.0/jaeger-client-1.2.0.jar:/home/user/.m2/repository/io/jaegertracing/jaeger-thrift/1.2.0/jaeger-thrift-1.2.0.jar:/home/user/.m2/repository/org/apache/thrift/libthrift/0.13.0/libthrift-0.13.0.jar:/home/user/.m2/repository/com/squareup/okhttp3/okhttp/4.2.2/okhttp-4.2.2.jar:/home/user/.m2/repository/com/squareup/okio/okio/2.2.2/okio-2.2.2.jar:/home/user/.m2/repository/org/jetbrains/kotlin/kotlin-stdlib/1.3.50/kotlin-stdlib-1.3.50.jar:/home/user/.m2/repository/org/jetbrains/kotlin/kotlin-stdlib-common/1.3.50/kotlin-stdlib-common-1.3.50.jar:/home/user/.m2/repository/org/jetbrains/annotations/13.0/annotations-13.0.jar:/home/user/.m2/repository/io/jaegertracing/jaeger-core/1.2.0/jaeger-core-1.2.0.jar:/home/user/.m2/repository/io/jaegertracing/jaeger-tracerresolver/1.2.0/jaeger-tracerresolver-1.2.0.jar:/home/user/.m2/repository/io/opentracing/contrib/opentracing-tracerresolver/0.1.8/opentracing-tracerresolver-0.1.8.jar:/home/user/.m2/repository/io/opentracing/opentracing-util/0.33.0/opentracing-util-0.33.0.jar:/home/user/.m2/repository/io/opentracing/opentracing-api/0.33.0/opentracing-api-0.33.0.jar:/home/user/.m2/repository/io/opentracing/opentracing-noop/0.33.0/opentracing-noop-0.33.0.jar:/home/user/.m2/repository/org/apache/hadoop/hadoop-hdds-client/0.6.0-SNAPSHOT/hadoop-hdds-client-0.6.0-SNAPSHOT.jar:/home/user/.m2/repository/org/apache/hadoop/hadoop-hdds-test-utils/0.6.0-SNAPSHOT/hadoop-hdds-test-utils-0.6.0-SNAPSHOT.jar:/home/user/.m2/repository/com/google/guava/guava/28.2-jre/guava-28.2-jre.jar:/home/user/.m2/repository/com/google/guava/failureaccess/1.0.1/failureaccess-1.0.1.jar:/home/user/.m2/repository/com/google/guava/listenablefuture/9999.0-empty-to-avoid-conflict-with-guava/listenablefuture-9999.0-empty-to-avoid-conflict-with-guava.jar:/home/user/.m2/repository/com/google/code/findbugs/jsr305/3.0.0/jsr305-3.0.0.jar:/home/user/.m2/repository/org/checkerframework/checker-qual/2.10.0/checker-qual-2.10.0.jar:/home/user/.m2/repository/com/google/errorprone/error_prone_annotations/2.3.4/error_prone_annotations-2.3.4.jar:/home/user/.m2/repository/com/google/j2objc/j2objc-annotations/1.3/j2objc-annotations-1.3.jar:/home/user/.m2/repository/commons-io/commons-io/2.5/commons-io-2.5.jar:/home/user/.m2/repository/commons-logging/commons-logging/1.1.3/commons-logging-1.1.3.jar:/home/user/.m2/repository/log4j/log4j/1.2.17/log4j-1.2.17.jar:/home/user/.m2/repository/org/apache/commons/commons-lang3/3.7/commons-lang3-3.7.jar:/home/user/.m2/repository/org/slf4j/slf4j-api/1.7.25/slf4j-api-1.7.25.jar:/home/user/.m2/repository/org/apache/hadoop/hadoop-hdds-server-scm/0.6.0-SNAPSHOT/hadoop-hdds-server-scm-0.6.0-SNAPSHOT.jar:/home/user/.m2/repository/org/apache/hadoop/hadoop-hdds-container-service/0.6.0-SNAPSHOT/hadoop-hdds-container-service-0.6.0-SNAPSHOT.jar:/home/user/.m2/repository/org/apache/hadoop/hadoop-hdds-hadoop-dependency-server/0.6.0-SNAPSHOT/hadoop-hdds-hadoop-dependency-server-0.6.0-SNAPSHOT.jar:/home/user/.m2/repository/org/apache/hadoop/hadoop-hdds-server-framework/0.6.0-SNAPSHOT/hadoop-hdds-server-framework-0.6.0-SNAPSHOT.jar:/home/user/.m2/repository/org/rocksdb/rocksdbjni/6.6.4/rocksdbjni-6.6.4.jar:/home/user/.m2/repository/io/prometheus/simpleclient_dropwizard/0.7.0/simpleclient_dropwizard-0.7.0.jar:/home/user/.m2/repository/io/prometheus/simpleclient/0.7.0/simpleclient-0.7.0.jar:/home/user/.m2/repository/io/prometheus/simpleclient_common/0.7.0/simpleclient_common-0.7.0.jar:/home/user/.m2/repository/com/fasterxml/jackson/datatype/jackson-datatype-jsr310/2.10.3/jackson-datatype-jsr310-2.10.3.jar:/home/user/.m2/repository/org/apache/hadoop/hadoop-hdds-docs/0.6.0-SNAPSHOT/hadoop-hdds-docs-0.6.0-SNAPSHOT.jar:/home/user/.m2/repository/io/dropwizard/metrics/metrics-core/3.2.4/metrics-core-3.2.4.jar:/home/user/.m2/repository/org/apache/hadoop/hadoop-hdfs-client/3.2.0/hadoop-hdfs-client-3.2.0.jar:/home/user/.m2/repository/org/bouncycastle/bcprov-jdk15on/1.60/bcprov-jdk15on-1.60.jar:/home/user/.m2/repository/org/apache/hadoop/hadoop-ozone-ozone-manager/0.6.0-SNAPSHOT/hadoop-ozone-ozone-manager-0.6.0-SNAPSHOT.jar:/home/user/.m2/repository/org/apache/hadoop/hadoop-minikdc/3.2.0/hadoop-minikdc-3.2.0.jar:/home/user/.m2/repository/org/apache/kerby/kerb-simplekdc/1.0.1/kerb-simplekdc-1.0.1.jar:/home/user/.m2/repository/org/apache/kerby/kerb-client/1.0.1/kerb-client-1.0.1.jar:/home/user/.m2/repository/org/apache/kerby/kerby-config/1.0.1/kerby-config-1.0.1.jar:/home/user/.m2/repository/org/apache/kerby/kerb-core/1.0.1/kerb-core-1.0.1.jar:/home/user/.m2/repository/org/apache/kerby/kerby-pkix/1.0.1/kerby-pkix-1.0.1.jar:/home/user/.m2/repository/org/apache/kerby/kerby-asn1/1.0.1/kerby-asn1-1.0.1.jar:/home/user/.m2/repository/org/apache/kerby/kerby-util/1.0.1/kerby-util-1.0.1.jar:/home/user/.m2/repository/org/apache/kerby/kerb-common/1.0.1/kerb-common-1.0.1.jar:/home/user/.m2/repository/org/apache/kerby/kerb-crypto/1.0.1/kerb-crypto-1.0.1.jar:/home/user/.m2/repository/org/apache/kerby/kerb-util/1.0.1/kerb-util-1.0.1.jar:/home/user/.m2/repository/org/apache/kerby/token-provider/1.0.1/token-provider-1.0.1.jar:/home/user/.m2/repository/org/apache/kerby/kerb-admin/1.0.1/kerb-admin-1.0.1.jar:/home/user/.m2/repository/org/apache/kerby/kerb-server/1.0.1/kerb-server-1.0.1.jar:/home/user/.m2/repository/org/apache/kerby/kerb-identity/1.0.1/kerb-identity-1.0.1.jar:/home/user/.m2/repository/org/apache/kerby/kerby-xdr/1.0.1/kerby-xdr-1.0.1.jar:/home/user/.m2/repository/org/slf4j/slf4j-log4j12/1.7.25/slf4j-log4j12-1.7.25.jar:/home/user/.m2/repository/org/apache/hadoop/hadoop-ozone-s3gateway/0.6.0-SNAPSHOT/hadoop-ozone-s3gateway-0.6.0-SNAPSHOT.jar:/home/user/.m2/repository/org/jboss/weld/servlet/weld-servlet/2.4.7.Final/weld-servlet-2.4.7.Final.jar:/home/user/.m2/repository/org/glassfish/jersey/containers/jersey-container-servlet-core/2.27/jersey-container-servlet-core-2.27.jar:/home/user/.m2/repository/org/glassfish/hk2/external/javax.inject/2.5.0-b42/javax.inject-2.5.0-b42.jar:/home/user/.m2/repository/org/glassfish/jersey/core/jersey-common/2.27/jersey-common-2.27.jar:/home/user/.m2/repository/org/glassfish/hk2/osgi-resource-locator/1.0.1/osgi-resource-locator-1.0.1.jar:/home/user/.m2/repository/javax/ws/rs/javax.ws.rs-api/2.1/javax.ws.rs-api-2.1.jar:/home/user/.m2/repository/org/glassfish/jersey/ext/cdi/jersey-cdi1x/2.27/jersey-cdi1x-2.27.jar:/home/user/.m2/repository/org/glassfish/jersey/inject/jersey-hk2/2.27/jersey-hk2-2.27.jar:/home/user/.m2/repository/org/glassfish/hk2/hk2-locator/2.5.0-b42/hk2-locator-2.5.0-b42.jar:/home/user/.m2/repository/org/javassist/javassist/3.22.0-CR2/javassist-3.22.0-CR2.jar:/home/user/.m2/repository/org/glassfish/hk2/hk2-api/2.5.0/hk2-api-2.5.0.jar:/home/user/.m2/repository/org/glassfish/hk2/external/jakarta.inject/2.5.0/jakarta.inject-2.5.0.jar:/home/user/.m2/repository/org/glassfish/hk2/hk2-utils/2.5.0/hk2-utils-2.5.0.jar:/home/user/.m2/repository/jakarta/annotation/jakarta.annotation-api/1.3.4/jakarta.annotation-api-1.3.4.jar:/home/user/.m2/repository/org/glassfish/hk2/external/aopalliance-repackaged/2.5.0/aopalliance-repackaged-2.5.0.jar:/home/user/.m2/repository/com/fasterxml/jackson/dataformat/jackson-dataformat-xml/2.9.0/jackson-dataformat-xml-2.9.0.jar:/home/user/.m2/repository/com/fasterxml/jackson/core/jackson-core/2.10.3/jackson-core-2.10.3.jar:/home/user/.m2/repository/com/fasterxml/jackson/module/jackson-module-jaxb-annotations/2.10.3/jackson-module-jaxb-annotations-2.10.3.jar:/home/user/.m2/repository/jakarta/xml/bind/jakarta.xml.bind-api/2.3.2/jakarta.xml.bind-api-2.3.2.jar:/home/user/.m2/repository/jakarta/activation/jakarta.activation-api/1.2.1/jakarta.activation-api-1.2.1.jar:/home/user/.m2/repository/org/codehaus/woodstox/stax2-api/3.1.4/stax2-api-3.1.4.jar:/home/user/.m2/repository/com/fasterxml/woodstox/woodstox-core/5.0.3/woodstox-core-5.0.3.jar:/home/user/.m2/repository/javax/enterprise/cdi-api/1.2/cdi-api-1.2.jar:/home/user/.m2/repository/javax/el/javax.el-api/3.0.0/javax.el-api-3.0.0.jar:/home/user/.m2/repository/javax/interceptor/javax.interceptor-api/1.2/javax.interceptor-api-1.2.jar:/home/user/.m2/repository/javax/inject/javax.inject/1/javax.inject-1.jar:/home/user/.m2/repository/com/sun/xml/bind/jaxb-impl/2.3.0.1/jaxb-impl-2.3.0.1.jar:/home/user/.m2/repository/com/sun/xml/bind/jaxb-core/2.3.0.1/jaxb-core-2.3.0.1.jar:/home/user/.m2/repository/javax/xml/bind/jaxb-api/2.3.0/jaxb-api-2.3.0.jar:/home/user/.m2/repository/javax/activation/activation/1.1.1/activation-1.1.1.jar:/home/user/.m2/repository/org/apache/hadoop/hadoop-ozone-csi/0.6.0-SNAPSHOT/hadoop-ozone-csi-0.6.0-SNAPSHOT.jar:/home/user/.m2/repository/com/google/protobuf/protobuf-java-util/3.5.1/protobuf-java-util-3.5.1.jar:/home/user/.m2/repository/com/google/code/gson/gson/2.2.4/gson-2.2.4.jar:/home/user/.m2/repository/org/apache/hadoop/hadoop-hdds-config/0.6.0-SNAPSHOT/hadoop-hdds-config-0.6.0-SNAPSHOT.jar:/home/user/.m2/repository/com/google/protobuf/protobuf-java/2.5.0/protobuf-java-2.5.0.jar:/home/user/.m2/repository/io/grpc/grpc-netty/1.17.1/grpc-netty-1.17.1.jar:/home/user/.m2/repository/io/grpc/grpc-core/1.17.1/grpc-core-1.17.1.jar:/home/user/.m2/repository/io/grpc/grpc-context/1.17.1/grpc-context-1.17.1.jar:/home/user/.m2/repository/org/codehaus/mojo/animal-sniffer-annotations/1.17/animal-sniffer-annotations-1.17.jar:/home/user/.m2/repository/io/opencensus/opencensus-api/0.17.0/opencensus-api-0.17.0.jar:/home/user/.m2/repository/io/opencensus/opencensus-contrib-grpc-metrics/0.17.0/opencensus-contrib-grpc-metrics-0.17.0.jar:/home/user/.m2/repository/io/netty/netty-codec-http2/4.1.30.Final/netty-codec-http2-4.1.30.Final.jar:/home/user/.m2/repository/io/netty/netty-codec-http/4.1.30.Final/netty-codec-http-4.1.30.Final.jar:/home/user/.m2/repository/io/netty/netty-codec/4.1.30.Final/netty-codec-4.1.30.Final.jar:/home/user/.m2/repository/io/netty/netty-handler/4.1.30.Final/netty-handler-4.1.30.Final.jar:/home/user/.m2/repository/io/netty/netty-handler-proxy/4.1.30.Final/netty-handler-proxy-4.1.30.Final.jar:/home/user/.m2/repository/io/netty/netty-codec-socks/4.1.30.Final/netty-codec-socks-4.1.30.Final.jar:/home/user/.m2/repository/io/netty/netty-transport-native-epoll/4.1.38.Final/netty-transport-native-epoll-4.1.38.Final.jar:/home/user/.m2/repository/io/netty/netty-common/4.1.38.Final/netty-common-4.1.38.Final.jar:/home/user/.m2/repository/io/netty/netty-buffer/4.1.38.Final/netty-buffer-4.1.38.Final.jar:/home/user/.m2/repository/io/netty/netty-transport/4.1.38.Final/netty-transport-4.1.38.Final.jar:/home/user/.m2/repository/io/netty/netty-resolver/4.1.38.Final/netty-resolver-4.1.38.Final.jar:/home/user/.m2/repository/io/netty/netty-transport-native-unix-common/4.1.38.Final/netty-transport-native-unix-common-4.1.38.Final.jar:/home/user/.m2/repository/io/grpc/grpc-protobuf/1.17.1/grpc-protobuf-1.17.1.jar:/home/user/.m2/repository/com/google/api/grpc/proto-google-common-protos/1.0.0/proto-google-common-protos-1.0.0.jar:/home/user/.m2/repository/io/grpc/grpc-protobuf-lite/1.17.1/grpc-protobuf-lite-1.17.1.jar:/home/user/.m2/repository/io/grpc/grpc-stub/1.17.1/grpc-stub-1.17.1.jar:/home/user/.m2/repository/org/apache/hadoop/hadoop-ozone-recon/0.6.0-SNAPSHOT/hadoop-ozone-recon-0.6.0-SNAPSHOT.jar:/home/user/.m2/repository/org/apache/hadoop/hadoop-ozone-reconcodegen/0.6.0-SNAPSHOT/hadoop-ozone-reconcodegen-0.6.0-SNAPSHOT.jar:/home/user/.m2/repository/com/google/inject/extensions/guice-multibindings/4.0/guice-multibindings-4.0.jar:/home/user/.m2/repository/com/google/inject/guice/4.0/guice-4.0.jar:/home/user/.m2/repository/aopalliance/aopalliance/1.0/aopalliance-1.0.jar:/home/user/.m2/repository/com/google/inject/extensions/guice-servlet/4.0/guice-servlet-4.0.jar:/home/user/.m2/repository/org/glassfish/jersey/containers/jersey-container-servlet/2.27/jersey-container-servlet-2.27.jar:/home/user/.m2/repository/org/glassfish/hk2/guice-bridge/2.5.0/guice-bridge-2.5.0.jar:/home/user/.m2/repository/org/glassfish/jersey/core/jersey-server/2.27/jersey-server-2.27.jar:/home/user/.m2/repository/org/glassfish/jersey/core/jersey-client/2.27/jersey-client-2.27.jar:/home/user/.m2/repository/org/glassfish/jersey/media/jersey-media-jaxb/2.27/jersey-media-jaxb-2.27.jar:/home/user/.m2/repository/javax/validation/validation-api/1.1.0.Final/validation-api-1.1.0.Final.jar:/home/user/.m2/repository/org/glassfish/jersey/media/jersey-media-json-jackson/2.27/jersey-media-json-jackson-2.27.jar:/home/user/.m2/repository/org/glassfish/jersey/ext/jersey-entity-filtering/2.27/jersey-entity-filtering-2.27.jar:/home/user/.m2/repository/com/google/inject/extensions/guice-assistedinject/4.0/guice-assistedinject-4.0.jar:/home/user/.m2/repository/org/jooq/jooq/3.11.10/jooq-3.11.10.jar:/home/user/.m2/repository/org/jooq/jooq-meta/3.11.10/jooq-meta-3.11.10.jar:/home/user/.m2/repository/org/jooq/jooq-codegen/3.11.10/jooq-codegen-3.11.10.jar:/home/user/.m2/repository/com/jolbox/bonecp/0.8.0.RELEASE/bonecp-0.8.0.RELEASE.jar:/home/user/.m2/repository/org/xerial/sqlite-jdbc/3.25.2/sqlite-jdbc-3.25.2.jar:/home/user/.m2/repository/org/springframework/spring-jdbc/5.2.5.RELEASE/spring-jdbc-5.2.5.RELEASE.jar:/home/user/.m2/repository/org/springframework/spring-beans/5.2.5.RELEASE/spring-beans-5.2.5.RELEASE.jar:/home/user/.m2/repository/org/springframework/spring-core/5.2.5.RELEASE/spring-core-5.2.5.RELEASE.jar:/home/user/.m2/repository/org/springframework/spring-jcl/5.2.5.RELEASE/spring-jcl-5.2.5.RELEASE.jar:/home/user/.m2/repository/org/springframework/spring-tx/5.2.5.RELEASE/spring-tx-5.2.5.RELEASE.jar:/home/user/.m2/repository/org/apache/hadoop/hadoop-ozone-client/0.6.0-SNAPSHOT/hadoop-ozone-client-0.6.0-SNAPSHOT.jar:/home/user/.m2/repository/org/apache/hadoop/hadoop-ozone-filesystem/0.6.0-SNAPSHOT/hadoop-ozone-filesystem-0.6.0-SNAPSHOT.jar:/home/user/.m2/repository/org/apache/hadoop/hadoop-hdds-hadoop-dependency-client/0.6.0-SNAPSHOT/hadoop-hdds-hadoop-dependency-client-0.6.0-SNAPSHOT.jar:/home/user/.m2/repository/org/apache/hadoop/hadoop-ozone-tools/0.6.0-SNAPSHOT/hadoop-ozone-tools-0.6.0-SNAPSHOT.jar:/home/user/.m2/repository/org/apache/hadoop/hadoop-hdfs/3.2.0/hadoop-hdfs-3.2.0.jar:/home/user/.m2/repository/org/apache/ratis/ratis-tools/0.6.0-490b689-SNAPSHOT/ratis-tools-0.6.0-490b689-SNAPSHOT.jar:/home/user/.m2/repository/org/apache/ratis/ratis-proto/0.6.0-490b689-SNAPSHOT/ratis-proto-0.6.0-490b689-SNAPSHOT.jar:/home/user/.m2/repository/org/apache/ratis/ratis-common/0.6.0-490b689-SNAPSHOT/ratis-common-0.6.0-490b689-SNAPSHOT.jar:/home/user/.m2/repository/com/amazonaws/aws-java-sdk-core/1.11.615/aws-java-sdk-core-1.11.615.jar:/home/user/.m2/repository/org/apache/httpcomponents/httpclient/4.5.2/httpclient-4.5.2.jar:/home/user/.m2/repository/org/apache/httpcomponents/httpcore/4.4.4/httpcore-4.4.4.jar:/home/user/.m2/repository/software/amazon/ion/ion-java/1.0.2/ion-java-1.0.2.jar:/home/user/.m2/repository/com/fasterxml/jackson/dataformat/jackson-dataformat-cbor/2.10.3/jackson-dataformat-cbor-2.10.3.jar:/home/user/.m2/repository/joda-time/joda-time/2.9.9/joda-time-2.9.9.jar:/home/user/.m2/repository/com/amazonaws/aws-java-sdk-s3/1.11.615/aws-java-sdk-s3-1.11.615.jar:/home/user/.m2/repository/com/amazonaws/aws-java-sdk-kms/1.11.615/aws-java-sdk-kms-1.11.615.jar:/home/user/.m2/repository/com/amazonaws/jmespath-java/1.11.615/jmespath-java-1.11.615.jar:/home/user/.m2/repository/org/apache/hadoop/hadoop-hdds-tools/0.6.0-SNAPSHOT/hadoop-hdds-tools-0.6.0-SNAPSHOT.jar:/home/user/.m2/repository/commons-cli/commons-cli/1.2/commons-cli-1.2.jar:/home/user/.m2/repository/commons-lang/commons-lang/2.6/commons-lang-2.6.jar:/home/user/.m2/repository/org/apache/hadoop/hadoop-ozone-ozone-manager/0.6.0-SNAPSHOT/hadoop-ozone-ozone-manager-0.6.0-SNAPSHOT-tests.jar:/home/user/.m2/repository/junit/junit/4.11/junit-4.11.jar:/home/user/.m2/repository/org/hamcrest/hamcrest-core/1.3/hamcrest-core-1.3.jar:/home/user/.m2/repository/org/openjdk/jmh/jmh-core/1.19/jmh-core-1.19.jar:/home/user/.m2/repository/net/sf/jopt-simple/jopt-simple/4.6/jopt-simple-4.6.jar:/home/user/.m2/repository/org/apache/commons/commons-math3/3.1.1/commons-math3-3.1.1.jar:/home/user/.m2/repository/org/openjdk/jmh/jmh-generator-annprocess/1.19/jmh-generator-annprocess-1.19.jar:/home/user/.m2/repository/org/mockito/mockito-all/1.8.5/mockito-all-1.8.5.jar:/home/user/.m2/repository/org/apache/hadoop/hadoop-kms/3.2.0/hadoop-kms-3.2.0.jar:/home/user/.m2/repository/org/apache/hadoop/hadoop-auth/3.2.0/hadoop-auth-3.2.0.jar:/home/user/.m2/repository/com/nimbusds/nimbus-jose-jwt/7.9/nimbus-jose-jwt-7.9.jar:/home/user/.m2/repository/com/github/stephenc/jcip/jcip-annotations/1.0-1/jcip-annotations-1.0-1.jar:/home/user/.m2/repository/net/minidev/json-smart/2.3/json-smart-2.3.jar:/home/user/.m2/repository/net/minidev/accessors-smart/1.2/accessors-smart-1.2.jar:/home/user/.m2/repository/org/ow2/asm/asm/5.0.4/asm-5.0.4.jar:/home/user/.m2/repository/org/apache/zookeeper/zookeeper/3.4.13/zookeeper-3.4.13.jar:/home/user/.m2/repository/org/apache/yetus/audience-annotations/0.5.0/audience-annotations-0.5.0.jar:/home/user/.m2/repository/org/apache/curator/curator-framework/2.12.0/curator-framework-2.12.0.jar:/home/user/.m2/repository/com/sun/jersey/jersey-core/1.19/jersey-core-1.19.jar:/home/user/.m2/repository/javax/ws/rs/jsr311-api/1.1.1/jsr311-api-1.1.1.jar:/home/user/.m2/repository/com/sun/jersey/jersey-server/1.19/jersey-server-1.19.jar:/home/user/.m2/repository/javax/servlet/javax.servlet-api/3.1.0/javax.servlet-api-3.1.0.jar:/home/user/.m2/repository/org/eclipse/jetty/jetty-server/9.4.26.v20200117/jetty-server-9.4.26.v20200117.jar:/home/user/.m2/repository/org/eclipse/jetty/jetty-http/9.4.26.v20200117/jetty-http-9.4.26.v20200117.jar:/home/user/.m2/repository/org/eclipse/jetty/jetty-io/9.4.26.v20200117/jetty-io-9.4.26.v20200117.jar:/home/user/.m2/repository/org/eclipse/jetty/jetty-webapp/9.4.26.v20200117/jetty-webapp-9.4.26.v20200117.jar:/home/user/.m2/repository/org/eclipse/jetty/jetty-xml/9.4.26.v20200117/jetty-xml-9.4.26.v20200117.jar:/home/user/.m2/repository/org/eclipse/jetty/jetty-servlet/9.4.26.v20200117/jetty-servlet-9.4.26.v20200117.jar:/home/user/.m2/repository/org/eclipse/jetty/jetty-security/9.4.26.v20200117/jetty-security-9.4.26.v20200117.jar:/home/user/.m2/repository/org/apache/hadoop/hadoop-common/3.2.0/hadoop-common-3.2.0.jar:/home/user/.m2/repository/commons-net/commons-net/3.6/commons-net-3.6.jar:/home/user/.m2/repository/commons-collections/commons-collections/3.2.2/commons-collections-3.2.2.jar:/home/user/.m2/repository/com/sun/jersey/jersey-servlet/1.19/jersey-servlet-1.19.jar:/home/user/.m2/repository/com/sun/jersey/jersey-json/1.19/jersey-json-1.19.jar:/home/user/.m2/repository/org/codehaus/jettison/jettison/1.1/jettison-1.1.jar:/home/user/.m2/repository/org/codehaus/jackson/jackson-jaxrs/1.9.13/jackson-jaxrs-1.9.13.jar:/home/user/.m2/repository/org/codehaus/jackson/jackson-xc/1.9.13/jackson-xc-1.9.13.jar:/home/user/.m2/repository/commons-beanutils/commons-beanutils/1.9.4/commons-beanutils-1.9.4.jar:/home/user/.m2/repository/org/apache/commons/commons-configuration2/2.1.1/commons-configuration2-2.1.1.jar:/home/user/.m2/repository/org/apache/commons/commons-text/1.4/commons-text-1.4.jar:/home/user/.m2/repository/com/google/re2j/re2j/1.1/re2j-1.1.jar:/home/user/.m2/repository/com/jcraft/jsch/0.1.54/jsch-0.1.54.jar:/home/user/.m2/repository/org/apache/curator/curator-client/2.12.0/curator-client-2.12.0.jar:/home/user/.m2/repository/org/apache/curator/curator-recipes/2.12.0/curator-recipes-2.12.0.jar:/home/user/.m2/repository/dnsjava/dnsjava/2.1.7/dnsjava-2.1.7.jar:/home/user/.m2/repository/org/slf4j/jul-to-slf4j/1.7.25/jul-to-slf4j-1.7.25.jar:/home/user/.m2/repository/org/eclipse/jetty/jetty-util/9.4.26.v20200117/jetty-util-9.4.26.v20200117.jar:/home/user/.m2/repository/com/fasterxml/jackson/core/jackson-databind/2.10.3/jackson-databind-2.10.3.jar:/home/user/.m2/repository/org/apache/hadoop/hadoop-kms/3.2.0/hadoop-kms-3.2.0-tests.jar:/home/user/.m2/repository/org/apache/hadoop/hadoop-hdds-server-scm/0.6.0-SNAPSHOT/hadoop-hdds-server-scm-0.6.0-SNAPSHOT-tests.jar:/home/user/.m2/repository/org/apache/hadoop/hadoop-hdds-container-service/0.6.0-SNAPSHOT/hadoop-hdds-container-service-0.6.0-SNAPSHOT-tests.jar:/home/user/.m2/repository/org/apache/hadoop/hadoop-hdds-common/0.6.0-SNAPSHOT/hadoop-hdds-common-0.6.0-SNAPSHOT-tests.jar:/home/user/.m2/repository/org/yaml/snakeyaml/1.16/snakeyaml-1.16.jar:/home/user/.m2/repository/org/apache/hadoop/hadoop-hdds-hadoop-dependency-test/0.6.0-SNAPSHOT/hadoop-hdds-hadoop-dependency-test-0.6.0-SNAPSHOT.jar:/home/user/.m2/repository/org/apache/hadoop/hadoop-common/3.2.0/hadoop-common-3.2.0-tests.jar:/home/user/.m2/repository/javax/servlet/jsp/jsp-api/2.1/jsp-api-2.1.jar:/home/user/.m2/repository/org/apache/hadoop/hadoop-hdfs/3.2.0/hadoop-hdfs-3.2.0-tests.jar:/home/user/.m2/repository/org/eclipse/jetty/jetty-util-ajax/9.4.26.v20200117/jetty-util-ajax-9.4.26.v20200117.jar:/home/user/.m2/repository/commons-codec/commons-codec/1.11/commons-codec-1.11.jar:/home/user/.m2/repository/commons-daemon/commons-daemon/1.0.13/commons-daemon-1.0.13.jar:/home/user/.m2/repository/io/netty/netty/3.10.5.Final/netty-3.10.5.Final.jar:/home/user/.m2/repository/io/netty/netty-all/4.1.47.Final/netty-all-4.1.47.Final.jar:/home/user/.m2/repository/org/apache/htrace/htrace-core4/4.1.0-incubating/htrace-core4-4.1.0-incubating.jar:/home/user/.m2/repository/org/fusesource/leveldbjni/leveldbjni-all/1.8/leveldbjni-all-1.8.jar:/home/user/.m2/repository/org/apache/hadoop/hadoop-distcp/3.2.0/hadoop-distcp-3.2.0.jar:/home/user/.m2/repository/org/apache/hadoop/hadoop-mapreduce-client-jobclient/3.2.0/hadoop-mapreduce-client-jobclient-3.2.0.jar:/home/user/.m2/repository/org/apache/hadoop/hadoop-mapreduce-client-common/3.2.0/hadoop-mapreduce-client-common-3.2.0.jar:/home/user/.m2/repository/org/apache/hadoop/hadoop-yarn-common/3.2.0/hadoop-yarn-common-3.2.0.jar:/home/user/.m2/repository/org/apache/hadoop/hadoop-yarn-api/3.2.0/hadoop-yarn-api-3.2.0.jar:/home/user/.m2/repository/com/sun/jersey/jersey-client/1.19/jersey-client-1.19.jar:/home/user/.m2/repository/com/sun/jersey/contribs/jersey-guice/1.19/jersey-guice-1.19.jar:/home/user/.m2/repository/com/fasterxml/jackson/jaxrs/jackson-jaxrs-json-provider/2.10.3/jackson-jaxrs-json-provider-2.10.3.jar:/home/user/.m2/repository/com/fasterxml/jackson/jaxrs/jackson-jaxrs-base/2.10.3/jackson-jaxrs-base-2.10.3.jar:/home/user/.m2/repository/org/apache/hadoop/hadoop-yarn-client/3.2.0/hadoop-yarn-client-3.2.0.jar:/home/user/.m2/repository/org/apache/hadoop/hadoop-mapreduce-client-core/3.2.0/hadoop-mapreduce-client-core-3.2.0.jar:/home/user/.m2/repository/org/apache/avro/avro/1.7.7/avro-1.7.7.jar:/home/user/.m2/repository/org/codehaus/jackson/jackson-core-asl/1.9.13/jackson-core-asl-1.9.13.jar:/home/user/.m2/repository/org/codehaus/jackson/jackson-mapper-asl/1.9.13/jackson-mapper-asl-1.9.13.jar:/home/user/.m2/repository/com/thoughtworks/paranamer/paranamer/2.3/paranamer-2.3.jar:/home/user/.m2/repository/org/xerial/snappy/snappy-java/1.0.5/snappy-java-1.0.5.jar:/home/user/.m2/repository/org/apache/hadoop/hadoop-annotations/3.2.0/hadoop-annotations-3.2.0.jar:/usr/lib/jvm/java-1.8.0-openjdk-1.8.0.232.b09-0.el7_7.x86_64/jre/../lib/tools.jar:/home/user/.m2/repository/org/apache/hadoop/hadoop-distcp/3.2.0/hadoop-distcp-3.2.0-tests.jar:"/>
    <property name="sun.cpu.endian" value="little"/>
    <property name="user.home" value="/home/user"/>
    <property name="user.language" value="en"/>
    <property name="java.specification.vendor" value="Oracle Corporation"/>
    <property name="java.home" value="/usr/lib/jvm/java-1.8.0-openjdk-1.8.0.232.b09-0.el7_7.x86_64/jre"/>
    <property name="java.security.krb5.conf" value="/github/workspace/mnt/ozone/hadoop-ozone/integration-test/target/test-classes/krb5.conf"/>
    <property name="basedir" value="/github/workspace/mnt/ozone/hadoop-ozone/integration-test"/>
    <property name="file.separator" value="/"/>
    <property name="line.separator" value="&#10;"/>
    <property name="java.vm.specification.vendor" value="Oracle Corporation"/>
    <property name="java.specification.name" value="Java Platform API Specification"/>
    <property name="java.awt.graphicsenv" value="sun.awt.X11GraphicsEnvironment"/>
    <property name="surefire.real.class.path" value="/github/workspace/mnt/ozone/hadoop-ozone/integration-test/target/surefire/surefirebooter2917647552071646348.jar:/home/user/.m2/repository/org/jacoco/org.jacoco.agent/0.8.3/org.jacoco.agent-0.8.3-runtime.jar"/>
    <property name="hadoop.log.dir" value="/github/workspace/mnt/ozone/hadoop-ozone/integration-test/target/log"/>
    <property name="sun.boot.class.path" value="/usr/lib/jvm/java-1.8.0-openjdk-1.8.0.232.b09-0.el7_7.x86_64/jre/lib/resources.jar:/usr/lib/jvm/java-1.8.0-openjdk-1.8.0.232.b09-0.el7_7.x86_64/jre/lib/rt.jar:/usr/lib/jvm/java-1.8.0-openjdk-1.8.0.232.b09-0.el7_7.x86_64/jre/lib/sunrsasign.jar:/usr/lib/jvm/java-1.8.0-openjdk-1.8.0.232.b09-0.el7_7.x86_64/jre/lib/jsse.jar:/usr/lib/jvm/java-1.8.0-openjdk-1.8.0.232.b09-0.el7_7.x86_64/jre/lib/jce.jar:/usr/lib/jvm/java-1.8.0-openjdk-1.8.0.232.b09-0.el7_7.x86_64/jre/lib/charsets.jar:/usr/lib/jvm/java-1.8.0-openjdk-1.8.0.232.b09-0.el7_7.x86_64/jre/lib/jfr.jar:/usr/lib/jvm/java-1.8.0-openjdk-1.8.0.232.b09-0.el7_7.x86_64/jre/classes"/>
    <property name="sun.management.compiler" value="HotSpot 64-Bit Tiered Compilers"/>
    <property name="java.runtime.version" value="1.8.0_232-b09"/>
    <property name="java.net.preferIPv4Stack" value="true"/>
    <property name="user.name" value="jenkins1001"/>
    <property name="path.separator" value=":"/>
    <property name="java.security.egd" value="file:///dev/urandom"/>
    <property name="os.version" value="5.0.0-1035-azure"/>
    <property name="java.endorsed.dirs" value="/usr/lib/jvm/java-1.8.0-openjdk-1.8.0.232.b09-0.el7_7.x86_64/jre/lib/endorsed"/>
    <property name="java.runtime.name" value="OpenJDK Runtime Environment"/>
    <property name="file.encoding" value="ANSI_X3.4-1968"/>
    <property name="java.vm.name" value="OpenJDK 64-Bit Server VM"/>
    <property name="test.build.webapps" value=""/>
    <property name="localRepository" value="/home/user/.m2/repository"/>
    <property name="java.vendor.url.bug" value="http://bugreport.sun.com/bugreport/"/>
    <property name="java.io.tmpdir" value="/tmp"/>
    <property name="require.test.libhadoop" value=""/>
    <property name="java.version" value="1.8.0_232"/>
    <property name="user.dir" value="/github/workspace/mnt/ozone/hadoop-ozone/integration-test"/>
    <property name="os.arch" value="amd64"/>
    <property name="java.vm.specification.name" value="Java Virtual Machine Specification"/>
    <property name="test.build.classes" value="/github/workspace/mnt/ozone/hadoop-ozone/integration-test/target/test-classes"/>
    <property name="java.awt.printerjob" value="sun.print.PSPrinterJob"/>
    <property name="sun.os.patch.level" value="unknown"/>
    <property name="hadoop.tmp.dir" value="/github/workspace/mnt/ozone/hadoop-ozone/integration-test/target/tmp"/>
    <property name="java.library.path" value="/usr/lib:/usr/java/packages/lib/amd64:/usr/lib64:/lib64:/lib:/usr/lib"/>
    <property name="java.vm.info" value="mixed mode"/>
    <property name="java.vendor" value="Oracle Corporation"/>
    <property name="java.vm.version" value="25.232-b09"/>
    <property name="java.ext.dirs" value="/usr/lib/jvm/java-1.8.0-openjdk-1.8.0.232.b09-0.el7_7.x86_64/jre/lib/ext:/usr/java/packages/lib/ext"/>
    <property name="sun.io.unicode.encoding" value="UnicodeLittle"/>
    <property name="java.class.version" value="52.0"/>
  </properties>
  <testcase name="testReplication[0]" classname="org.apache.hadoop.fs.ozone.TestOzoneFileInterfaces" time="31.223"/>
  <testcase name="testOzoneManagerLocatedFileStatusBlockOffsetsWithMultiBlockFile[0]" classname="org.apache.hadoop.fs.ozone.TestOzoneFileInterfaces" time="28.071"/>
  <testcase name="testOzoneManagerFileSystemInterface[0]" classname="org.apache.hadoop.fs.ozone.TestOzoneFileInterfaces" time="22.922"/>
  <testcase name="testListStatus[0]" classname="org.apache.hadoop.fs.ozone.TestOzoneFileInterfaces" time="23.933"/>
  <testcase name="testDirectory[0]" classname="org.apache.hadoop.fs.ozone.TestOzoneFileInterfaces" time="23.924"/>
  <testcase name="testPathToKey[0]" classname="org.apache.hadoop.fs.ozone.TestOzoneFileInterfaces" time="23.821"/>
  <testcase name="testFileSystemInit[0]" classname="org.apache.hadoop.fs.ozone.TestOzoneFileInterfaces" time="23.815"/>
  <testcase name="testOzFsReadWrite[0]" classname="org.apache.hadoop.fs.ozone.TestOzoneFileInterfaces" time="24.054"/>
  <testcase name="testOzoneManagerLocatedFileStatus[0]" classname="org.apache.hadoop.fs.ozone.TestOzoneFileInterfaces" time="22.931"/>
  <testcase name="testReplication[1]" classname="org.apache.hadoop.fs.ozone.TestOzoneFileInterfaces" time="23.019"/>
  <testcase name="testOzoneManagerLocatedFileStatusBlockOffsetsWithMultiBlockFile[1]" classname="org.apache.hadoop.fs.ozone.TestOzoneFileInterfaces" time="34.169">
    <failure message="expected:&lt;4194304&gt; but was:&lt;1048576&gt;" type="java.lang.AssertionError"><![CDATA[java.lang.AssertionError: expected:<4194304> but was:<1048576>
	at org.junit.Assert.fail(Assert.java:88)
	at org.junit.Assert.failNotEquals(Assert.java:743)
	at org.junit.Assert.assertEquals(Assert.java:118)
	at org.junit.Assert.assertEquals(Assert.java:555)
	at org.junit.Assert.assertEquals(Assert.java:542)
	at org.apache.hadoop.fs.ozone.TestOzoneFileInterfaces.testOzoneManagerLocatedFileStatusBlockOffsetsWithMultiBlockFile(TestOzoneFileInterfaces.java:453)
	at sun.reflect.NativeMethodAccessorImpl.invoke0(Native Method)
	at sun.reflect.NativeMethodAccessorImpl.invoke(NativeMethodAccessorImpl.java:62)
	at sun.reflect.DelegatingMethodAccessorImpl.invoke(DelegatingMethodAccessorImpl.java:43)
	at java.lang.reflect.Method.invoke(Method.java:498)
	at org.junit.runners.model.FrameworkMethod$1.runReflectiveCall(FrameworkMethod.java:47)
	at org.junit.internal.runners.model.ReflectiveCallable.run(ReflectiveCallable.java:12)
	at org.junit.runners.model.FrameworkMethod.invokeExplosively(FrameworkMethod.java:44)
	at org.junit.internal.runners.statements.InvokeMethod.evaluate(InvokeMethod.java:17)
	at org.junit.internal.runners.statements.RunBefores.evaluate(RunBefores.java:26)
	at org.junit.internal.runners.statements.RunAfters.evaluate(RunAfters.java:27)
	at org.junit.runners.ParentRunner.runLeaf(ParentRunner.java:271)
	at org.junit.runners.BlockJUnit4ClassRunner.runChild(BlockJUnit4ClassRunner.java:70)
	at org.junit.runners.BlockJUnit4ClassRunner.runChild(BlockJUnit4ClassRunner.java:50)
	at org.junit.runners.ParentRunner$3.run(ParentRunner.java:238)
	at org.junit.runners.ParentRunner$1.schedule(ParentRunner.java:63)
	at org.junit.runners.ParentRunner.runChildren(ParentRunner.java:236)
	at org.junit.runners.ParentRunner.access$000(ParentRunner.java:53)
	at org.junit.runners.ParentRunner$2.evaluate(ParentRunner.java:229)
	at org.junit.runners.ParentRunner.run(ParentRunner.java:309)
	at org.junit.runners.Suite.runChild(Suite.java:127)
	at org.junit.runners.Suite.runChild(Suite.java:26)
	at org.junit.runners.ParentRunner$3.run(ParentRunner.java:238)
	at org.junit.runners.ParentRunner$1.schedule(ParentRunner.java:63)
	at org.junit.runners.ParentRunner.runChildren(ParentRunner.java:236)
	at org.junit.runners.ParentRunner.access$000(ParentRunner.java:53)
	at org.junit.runners.ParentRunner$2.evaluate(ParentRunner.java:229)
	at org.junit.runners.ParentRunner.run(ParentRunner.java:309)
	at org.apache.maven.surefire.junit4.JUnit4Provider.execute(JUnit4Provider.java:365)
	at org.apache.maven.surefire.junit4.JUnit4Provider.executeWithRerun(JUnit4Provider.java:273)
	at org.apache.maven.surefire.junit4.JUnit4Provider.executeTestSet(JUnit4Provider.java:238)
	at org.apache.maven.surefire.junit4.JUnit4Provider.invoke(JUnit4Provider.java:159)
	at org.apache.maven.surefire.booter.ForkedBooter.invokeProviderInSameClassLoader(ForkedBooter.java:384)
	at org.apache.maven.surefire.booter.ForkedBooter.runSuitesInProcess(ForkedBooter.java:345)
	at org.apache.maven.surefire.booter.ForkedBooter.execute(ForkedBooter.java:126)
	at org.apache.maven.surefire.booter.ForkedBooter.main(ForkedBooter.java:418)
]]></failure>
    <system-out><![CDATA[2020-04-24 11:59:59,042 [main] WARN  server.ServerUtils (ServerUtils.java:getScmDbDir(148)) - ozone.scm.db.dirs is not configured. We recommend adding this setting. Falling back to ozone.metadata.dirs instead.
2020-04-24 11:59:59,044 [main] WARN  server.ServerUtils (ServerUtils.java:getScmDbDir(148)) - ozone.scm.db.dirs is not configured. We recommend adding this setting. Falling back to ozone.metadata.dirs instead.
2020-04-24 11:59:59,044 [main] WARN  db.DBStoreBuilder (DBStoreBuilder.java:createDBStoreBuilder(277)) - ozone.scm.db.dirs is not configured. We recommend adding this setting. Falling back to ozone.metadata.dirs instead.
2020-04-24 11:59:59,071 [main] INFO  net.NodeSchemaLoader (NodeSchemaLoader.java:loadSchemaFromFile(126)) - Loading file from sun.misc.CompoundEnumeration@3cbe83b2
2020-04-24 11:59:59,071 [main] INFO  net.NodeSchemaLoader (NodeSchemaLoader.java:loadSchema(172)) - Loading network topology layer schema file
2020-04-24 11:59:59,073 [main] WARN  server.ServerUtils (ServerUtils.java:sanitizeUserArgs(73)) - ozone.scm.stale.node.interval value = 300000 is larger than max = 100000 based on the key value of ozone.scm.heartbeat.thread.interval, reset to the max value 100000.
2020-04-24 11:59:59,073 [main] WARN  server.ServerUtils (ServerUtils.java:sanitizeUserArgs(73)) - ozone.scm.stale.node.interval value = 300000 is larger than max = 100000 based on the key value of ozone.scm.heartbeat.thread.interval, reset to the max value 100000.
2020-04-24 11:59:59,074 [main] INFO  node.SCMNodeManager (SCMNodeManager.java:<init>(116)) - Entering startup safe mode.
2020-04-24 11:59:59,074 [main] INFO  algorithms.ContainerPlacementPolicyFactory (ContainerPlacementPolicyFactory.java:getPolicy(60)) - Create container placement policy of type org.apache.hadoop.hdds.scm.container.placement.algorithms.SCMContainerPlacementRandom
2020-04-24 11:59:59,074 [main] INFO  pipeline.SCMPipelineManager (SCMPipelineManager.java:initializePipelineState(158)) - No pipeline exists in current db
2020-04-24 11:59:59,078 [main] INFO  safemode.HealthyPipelineSafeModeRule (HealthyPipelineSafeModeRule.java:<init>(89)) - Total pipeline count is 0, healthy pipeline threshold count is 0
2020-04-24 11:59:59,079 [main] INFO  safemode.OneReplicaPipelineSafeModeRule (OneReplicaPipelineSafeModeRule.java:<init>(79)) - Total pipeline count is 0, pipeline's with at least one datanode reported threshold count is 0
2020-04-24 11:59:59,079 [main] INFO  ipc.CallQueueManager (CallQueueManager.java:<init>(84)) - Using callQueue: class java.util.concurrent.LinkedBlockingQueue, queueCapacity: 2000, scheduler: class org.apache.hadoop.ipc.DefaultRpcScheduler, ipcBackoff: false.
2020-04-24 11:59:59,080 [Socket Reader #1 for port 45881] INFO  ipc.Server (Server.java:run(1074)) - Starting Socket Reader #1 for port 45881
2020-04-24 11:59:59,081 [main] INFO  ipc.CallQueueManager (CallQueueManager.java:<init>(84)) - Using callQueue: class java.util.concurrent.LinkedBlockingQueue, queueCapacity: 2000, scheduler: class org.apache.hadoop.ipc.DefaultRpcScheduler, ipcBackoff: false.
2020-04-24 11:59:59,081 [Socket Reader #1 for port 39169] INFO  ipc.Server (Server.java:run(1074)) - Starting Socket Reader #1 for port 39169
2020-04-24 11:59:59,082 [main] INFO  ipc.CallQueueManager (CallQueueManager.java:<init>(84)) - Using callQueue: class java.util.concurrent.LinkedBlockingQueue, queueCapacity: 2000, scheduler: class org.apache.hadoop.ipc.DefaultRpcScheduler, ipcBackoff: false.
2020-04-24 11:59:59,086 [Socket Reader #1 for port 40541] INFO  ipc.Server (Server.java:run(1074)) - Starting Socket Reader #1 for port 40541
2020-04-24 11:59:59,087 [RatisPipelineUtilsThread] ERROR pipeline.SCMPipelineManager (SCMPipelineManager.java:createPipeline(222)) - Failed to create pipeline of type RATIS and factor ONE. Exception: Cannot create pipeline of factor 1 using 0 nodes. Used 0 nodes. Healthy nodes 0
2020-04-24 11:59:59,089 [main] INFO  http.BaseHttpServer (BaseHttpServer.java:newHttpServer2BuilderForOzone(174)) - Starting Web-server for scm at: http://0.0.0.0:0
2020-04-24 11:59:59,090 [main] INFO  server.AuthenticationFilter (AuthenticationFilter.java:constructSecretProvider(240)) - Unable to initialize FileSignerSecretProvider, falling back to use random secrets.
2020-04-24 11:59:59,090 [main] WARN  http.HttpRequestLog (HttpRequestLog.java:getRequestLog(103)) - Jetty request log can only be enabled using Log4j
2020-04-24 11:59:59,091 [main] INFO  http.HttpServer2 (HttpServer2.java:addGlobalFilter(979)) - Added global filter 'safety' (class=org.apache.hadoop.hdds.server.http.HttpServer2$QuotingInputFilter)
2020-04-24 11:59:59,091 [main] INFO  http.HttpServer2 (HttpServer2.java:addFilter(955)) - Added filter static_user_filter (class=org.apache.hadoop.hdds.server.http.StaticUserWebFilter$StaticUserFilter) to context scm
2020-04-24 11:59:59,092 [main] INFO  http.HttpServer2 (HttpServer2.java:addFilter(963)) - Added filter static_user_filter (class=org.apache.hadoop.hdds.server.http.StaticUserWebFilter$StaticUserFilter) to context logs
2020-04-24 11:59:59,092 [main] INFO  http.HttpServer2 (HttpServer2.java:addFilter(963)) - Added filter static_user_filter (class=org.apache.hadoop.hdds.server.http.StaticUserWebFilter$StaticUserFilter) to context static
2020-04-24 11:59:59,093 [main] INFO  server.StorageContainerManager (StorageContainerManager.java:start(781)) - StorageContainerLocationProtocol RPC server is listening at /0.0.0.0:40541
2020-04-24 11:59:59,094 [main] WARN  impl.MetricsConfig (MetricsConfig.java:loadFirst(134)) - Cannot locate configuration: tried hadoop-metrics2-storagecontainermanager.properties,hadoop-metrics2.properties
2020-04-24 11:59:59,095 [main] INFO  impl.MetricsSystemImpl (MetricsSystemImpl.java:startTimer(374)) - Scheduled Metric snapshot period at 10 second(s).
2020-04-24 11:59:59,095 [main] INFO  impl.MetricsSystemImpl (MetricsSystemImpl.java:start(191)) - StorageContainerManager metrics system started
2020-04-24 11:59:59,126 [main] WARN  impl.MetricsSystemImpl (MetricsSystemImpl.java:register(276)) - Sink prometheus already exists!
2020-04-24 11:59:59,163 [main] INFO  server.SCMClientProtocolServer (SCMClientProtocolServer.java:start(155)) - RPC server for Client  is listening at /0.0.0.0:40541
2020-04-24 11:59:59,164 [IPC Server Responder] INFO  ipc.Server (Server.java:run(1314)) - IPC Server Responder: starting
2020-04-24 11:59:59,164 [IPC Server listener on 40541] INFO  ipc.Server (Server.java:run(1153)) - IPC Server listener on 40541: starting
2020-04-24 11:59:59,170 [main] INFO  server.StorageContainerManager (StorageContainerManager.java:start(793)) - ScmBlockLocationProtocol RPC server is listening at /0.0.0.0:39169
2020-04-24 11:59:59,170 [main] INFO  server.SCMBlockProtocolServer (SCMBlockProtocolServer.java:start(149)) - RPC server for Block Protocol is listening at /0.0.0.0:39169
2020-04-24 11:59:59,171 [IPC Server Responder] INFO  ipc.Server (Server.java:run(1314)) - IPC Server Responder: starting
2020-04-24 11:59:59,173 [IPC Server listener on 39169] INFO  ipc.Server (Server.java:run(1153)) - IPC Server listener on 39169: starting
2020-04-24 11:59:59,183 [main] INFO  server.StorageContainerManager (StorageContainerManager.java:start(799)) - ScmDatanodeProtocl RPC server is listening at /0.0.0.0:45881
2020-04-24 11:59:59,183 [main] INFO  server.SCMDatanodeProtocolServer (SCMDatanodeProtocolServer.java:start(172)) - RPC server for DataNodes is listening at /0.0.0.0:45881
2020-04-24 11:59:59,183 [IPC Server Responder] INFO  ipc.Server (Server.java:run(1314)) - IPC Server Responder: starting
2020-04-24 11:59:59,184 [IPC Server listener on 45881] INFO  ipc.Server (Server.java:run(1153)) - IPC Server listener on 45881: starting
2020-04-24 11:59:59,192 [main] INFO  http.HttpServer2 (HttpServer2.java:bindListener(1197)) - Jetty bound to port 35401
2020-04-24 11:59:59,192 [main] INFO  server.Server (Server.java:doStart(359)) - jetty-9.4.26.v20200117; built: 2020-01-17T12:35:33.676Z; git: 7b38981d25d14afb4a12ff1f2596756144edf695; jvm 1.8.0_232-b09
2020-04-24 11:59:59,193 [main] INFO  server.session (DefaultSessionIdManager.java:doStart(333)) - DefaultSessionIdManager workerName=node0
2020-04-24 11:59:59,193 [main] INFO  server.session (DefaultSessionIdManager.java:doStart(338)) - No SessionScavenger set, using defaults
2020-04-24 11:59:59,193 [main] INFO  server.session (HouseKeeper.java:startScavenging(140)) - node0 Scavenging every 600000ms
2020-04-24 11:59:59,194 [main] INFO  handler.ContextHandler (ContextHandler.java:doStart(825)) - Started o.e.j.s.ServletContextHandler@5f15f096{logs,/logs,file:///github/workspace/mnt/ozone/hadoop-ozone/integration-test/target/log,AVAILABLE}
2020-04-24 11:59:59,194 [main] INFO  handler.ContextHandler (ContextHandler.java:doStart(825)) - Started o.e.j.s.ServletContextHandler@1d907f1e{static,/static,file:///github/workspace/mnt/ozone/hadoop-ozone/integration-test/target/test-classes/webapps/static,AVAILABLE}
2020-04-24 11:59:59,198 [main] INFO  handler.ContextHandler (ContextHandler.java:doStart(825)) - Started o.e.j.w.WebAppContext@188faf5b{scm,/,file:///github/workspace/mnt/ozone/hadoop-ozone/integration-test/target/test-classes/webapps/scm/,AVAILABLE}{file:/github/workspace/mnt/ozone/hadoop-ozone/integration-test/target/test-classes/webapps/scm}
2020-04-24 11:59:59,205 [main] INFO  server.AbstractConnector (AbstractConnector.java:doStart(330)) - Started ServerConnector@670dbbcd{HTTP/1.1,[http/1.1]}{0.0.0.0:35401}
2020-04-24 11:59:59,205 [main] INFO  server.Server (Server.java:doStart(399)) - Started @248918ms
2020-04-24 11:59:59,205 [main] WARN  impl.MetricsSystemImpl (MetricsSystemImpl.java:register(276)) - Sink prometheus already exists!
2020-04-24 11:59:59,209 [main] INFO  http.BaseHttpServer (BaseHttpServer.java:updateConnectorAddress(288)) - HTTP server of scm listening at http://0.0.0.0:35401
2020-04-24 11:59:59,210 [main] WARN  server.ServerUtils (ServerUtils.java:getDBPath(225)) - ozone.om.db.dirs is not configured. We recommend adding this setting. Falling back to ozone.metadata.dirs instead.
2020-04-24 11:59:59,210 [org.apache.hadoop.util.JvmPauseMonitor$Monitor@11550dfd] INFO  util.JvmPauseMonitor (JvmPauseMonitor.java:run(188)) - Starting JVM pause monitor
2020-04-24 11:59:59,211 [main] INFO  ha.OMHANodeDetails (OMHANodeDetails.java:loadOMHAConfig(104)) - ozone.om.internal.service.id is not defined, falling back to ozone.om.service.ids to find serviceID for OzoneManager if it is HA enabled cluster
2020-04-24 11:59:59,211 [main] INFO  ha.OMHANodeDetails (OMHANodeDetails.java:loadOMHAConfig(207)) - Configuration either no ozone.om.address set. Falling back to the default OM address /127.0.0.1:0
2020-04-24 11:59:59,211 [main] INFO  ha.OMHANodeDetails (OMHANodeDetails.java:getOMNodeDetails(237)) - OM Service ID is not set. Setting it to the default ID: omServiceIdDefault
2020-04-24 11:59:59,212 [main] WARN  server.ServerUtils (ServerUtils.java:getDBPath(225)) - ozone.om.db.dirs is not configured. We recommend adding this setting. Falling back to ozone.metadata.dirs instead.
2020-04-24 11:59:59,212 [main] WARN  server.ServerUtils (ServerUtils.java:getDBPath(225)) - ozone.om.db.dirs is not configured. We recommend adding this setting. Falling back to ozone.metadata.dirs instead.
2020-04-24 11:59:59,223 [main] WARN  server.ServerUtils (ServerUtils.java:getDBPath(225)) - ozone.om.db.dirs is not configured. We recommend adding this setting. Falling back to ozone.metadata.dirs instead.
2020-04-24 11:59:59,278 [main] INFO  ipc.CallQueueManager (CallQueueManager.java:<init>(84)) - Using callQueue: class java.util.concurrent.LinkedBlockingQueue, queueCapacity: 2000, scheduler: class org.apache.hadoop.ipc.DefaultRpcScheduler, ipcBackoff: false.
2020-04-24 11:59:59,278 [Socket Reader #1 for port 44373] INFO  ipc.Server (Server.java:run(1074)) - Starting Socket Reader #1 for port 44373
2020-04-24 11:59:59,300 [main] INFO  impl.MetricsSystemImpl (MetricsSystemImpl.java:init(158)) - OzoneManager metrics system started (again)
2020-04-24 11:59:59,302 [main] INFO  om.OzoneManager (OzoneManager.java:start(1113)) - OzoneManager RPC server is listening at localhost/127.0.0.1:44373
2020-04-24 11:59:59,303 [IPC Server Responder] INFO  ipc.Server (Server.java:run(1314)) - IPC Server Responder: starting
2020-04-24 11:59:59,303 [IPC Server listener on 44373] INFO  ipc.Server (Server.java:run(1153)) - IPC Server listener on 44373: starting
2020-04-24 11:59:59,315 [main] INFO  http.BaseHttpServer (BaseHttpServer.java:newHttpServer2BuilderForOzone(174)) - Starting Web-server for ozoneManager at: http://0.0.0.0:0
2020-04-24 11:59:59,321 [main] INFO  server.AuthenticationFilter (AuthenticationFilter.java:constructSecretProvider(240)) - Unable to initialize FileSignerSecretProvider, falling back to use random secrets.
2020-04-24 11:59:59,323 [main] WARN  http.HttpRequestLog (HttpRequestLog.java:getRequestLog(103)) - Jetty request log can only be enabled using Log4j
2020-04-24 11:59:59,324 [main] INFO  http.HttpServer2 (HttpServer2.java:addGlobalFilter(979)) - Added global filter 'safety' (class=org.apache.hadoop.hdds.server.http.HttpServer2$QuotingInputFilter)
2020-04-24 11:59:59,324 [main] INFO  http.HttpServer2 (HttpServer2.java:addFilter(955)) - Added filter static_user_filter (class=org.apache.hadoop.hdds.server.http.StaticUserWebFilter$StaticUserFilter) to context ozoneManager
2020-04-24 11:59:59,324 [main] INFO  http.HttpServer2 (HttpServer2.java:addFilter(963)) - Added filter static_user_filter (class=org.apache.hadoop.hdds.server.http.StaticUserWebFilter$StaticUserFilter) to context logs
2020-04-24 11:59:59,324 [main] INFO  http.HttpServer2 (HttpServer2.java:addFilter(963)) - Added filter static_user_filter (class=org.apache.hadoop.hdds.server.http.StaticUserWebFilter$StaticUserFilter) to context static
2020-04-24 11:59:59,325 [main] INFO  http.HttpServer2 (HttpServer2.java:bindListener(1197)) - Jetty bound to port 38337
2020-04-24 11:59:59,325 [main] INFO  server.Server (Server.java:doStart(359)) - jetty-9.4.26.v20200117; built: 2020-01-17T12:35:33.676Z; git: 7b38981d25d14afb4a12ff1f2596756144edf695; jvm 1.8.0_232-b09
2020-04-24 11:59:59,329 [main] INFO  server.session (DefaultSessionIdManager.java:doStart(333)) - DefaultSessionIdManager workerName=node0
2020-04-24 11:59:59,329 [main] INFO  server.session (DefaultSessionIdManager.java:doStart(338)) - No SessionScavenger set, using defaults
2020-04-24 11:59:59,329 [main] INFO  server.session (HouseKeeper.java:startScavenging(140)) - node0 Scavenging every 600000ms
2020-04-24 11:59:59,330 [main] INFO  handler.ContextHandler (ContextHandler.java:doStart(825)) - Started o.e.j.s.ServletContextHandler@4e9057dc{logs,/logs,file:///github/workspace/mnt/ozone/hadoop-ozone/integration-test/target/log,AVAILABLE}
2020-04-24 11:59:59,330 [main] INFO  handler.ContextHandler (ContextHandler.java:doStart(825)) - Started o.e.j.s.ServletContextHandler@3bfd0522{static,/static,file:///github/workspace/mnt/ozone/hadoop-ozone/integration-test/target/test-classes/webapps/static,AVAILABLE}
2020-04-24 11:59:59,335 [main] INFO  handler.ContextHandler (ContextHandler.java:doStart(825)) - Started o.e.j.w.WebAppContext@7f47888c{ozoneManager,/,file:///github/workspace/mnt/ozone/hadoop-ozone/integration-test/target/test-classes/webapps/ozoneManager/,AVAILABLE}{file:/github/workspace/mnt/ozone/hadoop-ozone/integration-test/target/test-classes/webapps/ozoneManager}
2020-04-24 11:59:59,336 [main] INFO  server.AbstractConnector (AbstractConnector.java:doStart(330)) - Started ServerConnector@466271a6{HTTP/1.1,[http/1.1]}{0.0.0.0:38337}
2020-04-24 11:59:59,336 [main] INFO  server.Server (Server.java:doStart(399)) - Started @249048ms
2020-04-24 11:59:59,336 [main] WARN  impl.MetricsSystemImpl (MetricsSystemImpl.java:register(276)) - Sink prometheus already exists!
2020-04-24 11:59:59,339 [main] INFO  http.BaseHttpServer (BaseHttpServer.java:updateConnectorAddress(288)) - HTTP server of ozoneManager listening at http://0.0.0.0:38337
2020-04-24 11:59:59,344 [main] INFO  impl.MetricsSystemImpl (MetricsSystemImpl.java:init(158)) - HddsDatanode metrics system started (again)
2020-04-24 11:59:59,346 [main] INFO  ozone.HddsDatanodeService (HddsDatanodeService.java:start(204)) - HddsDatanodeService host:4a38389e7a26 ip:172.17.0.2
2020-04-24 11:59:59,347 [main] INFO  volume.HddsVolume (HddsVolume.java:<init>(176)) - Creating Volume: /github/workspace/mnt/ozone/hadoop-ozone/integration-test/target/test-dir/MiniOzoneClusterImpl-04ebbe06-f53c-4430-a49a-d9bd549dca97/datanode-0/data-0/containers/hdds of storage type : DISK and capacity : 9223372036854775807
2020-04-24 11:59:59,348 [main] INFO  volume.MutableVolumeSet (MutableVolumeSet.java:initializeVolumeSet(189)) - Added Volume : /github/workspace/mnt/ozone/hadoop-ozone/integration-test/target/test-dir/MiniOzoneClusterImpl-04ebbe06-f53c-4430-a49a-d9bd549dca97/datanode-0/data-0/containers/hdds to VolumeSet
2020-04-24 11:59:59,348 [main] INFO  volume.ThrottledAsyncChecker (ThrottledAsyncChecker.java:schedule(141)) - Scheduling a check for /github/workspace/mnt/ozone/hadoop-ozone/integration-test/target/test-dir/MiniOzoneClusterImpl-04ebbe06-f53c-4430-a49a-d9bd549dca97/datanode-0/data-0/containers/hdds
2020-04-24 11:59:59,349 [main] INFO  volume.HddsVolumeChecker (HddsVolumeChecker.java:checkAllVolumes(200)) - Scheduled health check for volume /github/workspace/mnt/ozone/hadoop-ozone/integration-test/target/test-dir/MiniOzoneClusterImpl-04ebbe06-f53c-4430-a49a-d9bd549dca97/datanode-0/data-0/containers/hdds
2020-04-24 11:59:59,365 [main] INFO  impl.RaftServerProxy (ConfUtils.java:logGet(44)) - raft.rpc.type = GRPC (default)
2020-04-24 11:59:59,366 [main] INFO  grpc.GrpcFactory (GrpcFactory.java:checkPooledByteBufAllocatorUseCacheForAllThreads(45)) - PERFORMANCE WARNING: useCacheForAllThreads is true that may cause Netty to create a lot garbage objects and, as a result, trigger GC.
	It is recommended to disable useCacheForAllThreads by setting -Dorg.apache.ratis.thirdparty.io.netty.allocator.useCacheForAllThreads=false in command line.
2020-04-24 11:59:59,366 [main] INFO  grpc.GrpcConfigKeys (ConfUtils.java:logGet(44)) - raft.grpc.server.port = 0 (default)
2020-04-24 11:59:59,366 [main] INFO  server.GrpcService (ConfUtils.java:logGet(44)) - raft.grpc.message.size.max = 32MB (=33554432) (custom)
2020-04-24 11:59:59,366 [main] INFO  server.RaftServerConfigKeys (ConfUtils.java:logGet(44)) - raft.server.log.appender.buffer.byte-limit = 33554432 (custom)
2020-04-24 11:59:59,366 [main] INFO  server.GrpcService (ConfUtils.java:logGet(44)) - raft.grpc.flow.control.window = 5MB (=5242880) (custom)
2020-04-24 11:59:59,367 [main] INFO  server.RaftServerConfigKeys (ConfUtils.java:logGet(44)) - raft.server.rpc.request.timeout = 60s (custom)
2020-04-24 11:59:59,367 [main] INFO  server.RaftServerConfigKeys (ConfUtils.java:logGet(44)) - raft.server.storage.dir = [/github/workspace/mnt/ozone/hadoop-ozone/integration-test/target/test-dir/MiniOzoneClusterImpl-04ebbe06-f53c-4430-a49a-d9bd549dca97/datanode-0/data/ratis] (custom)
2020-04-24 11:59:59,371 [main] INFO  http.BaseHttpServer (BaseHttpServer.java:newHttpServer2BuilderForOzone(174)) - Starting Web-server for hddsDatanode at: http://0.0.0.0:0
2020-04-24 11:59:59,371 [main] INFO  server.AuthenticationFilter (AuthenticationFilter.java:constructSecretProvider(240)) - Unable to initialize FileSignerSecretProvider, falling back to use random secrets.
2020-04-24 11:59:59,372 [main] WARN  http.HttpRequestLog (HttpRequestLog.java:getRequestLog(103)) - Jetty request log can only be enabled using Log4j
2020-04-24 11:59:59,373 [main] INFO  http.HttpServer2 (HttpServer2.java:addGlobalFilter(979)) - Added global filter 'safety' (class=org.apache.hadoop.hdds.server.http.HttpServer2$QuotingInputFilter)
2020-04-24 11:59:59,373 [main] INFO  http.HttpServer2 (HttpServer2.java:addFilter(955)) - Added filter static_user_filter (class=org.apache.hadoop.hdds.server.http.StaticUserWebFilter$StaticUserFilter) to context hddsDatanode
2020-04-24 11:59:59,373 [main] INFO  http.HttpServer2 (HttpServer2.java:addFilter(963)) - Added filter static_user_filter (class=org.apache.hadoop.hdds.server.http.StaticUserWebFilter$StaticUserFilter) to context logs
2020-04-24 11:59:59,373 [main] INFO  http.HttpServer2 (HttpServer2.java:addFilter(963)) - Added filter static_user_filter (class=org.apache.hadoop.hdds.server.http.StaticUserWebFilter$StaticUserFilter) to context static
2020-04-24 11:59:59,373 [main] INFO  http.HttpServer2 (HttpServer2.java:bindListener(1197)) - Jetty bound to port 36569
2020-04-24 11:59:59,373 [main] INFO  server.Server (Server.java:doStart(359)) - jetty-9.4.26.v20200117; built: 2020-01-17T12:35:33.676Z; git: 7b38981d25d14afb4a12ff1f2596756144edf695; jvm 1.8.0_232-b09
2020-04-24 11:59:59,377 [main] INFO  server.session (DefaultSessionIdManager.java:doStart(333)) - DefaultSessionIdManager workerName=node0
2020-04-24 11:59:59,378 [main] INFO  server.session (DefaultSessionIdManager.java:doStart(338)) - No SessionScavenger set, using defaults
2020-04-24 11:59:59,378 [main] INFO  server.session (HouseKeeper.java:startScavenging(140)) - node0 Scavenging every 660000ms
2020-04-24 11:59:59,378 [main] INFO  handler.ContextHandler (ContextHandler.java:doStart(825)) - Started o.e.j.s.ServletContextHandler@55566c6a{logs,/logs,file:///github/workspace/mnt/ozone/hadoop-ozone/integration-test/target/log,AVAILABLE}
2020-04-24 11:59:59,379 [main] INFO  handler.ContextHandler (ContextHandler.java:doStart(825)) - Started o.e.j.s.ServletContextHandler@5441ca6f{static,/static,jar:file:/home/user/.m2/repository/org/apache/hadoop/hadoop-hdds-container-service/0.6.0-SNAPSHOT/hadoop-hdds-container-service-0.6.0-SNAPSHOT.jar!/webapps/static,AVAILABLE}
2020-04-24 11:59:59,406 [main] INFO  handler.ContextHandler (ContextHandler.java:doStart(825)) - Started o.e.j.w.WebAppContext@4f0dacfe{hddsDatanode,/,file:///tmp/jetty-0_0_0_0-36569-hadoop-hdds-container-service-0_6_0-SNAPSHOT_jar-_-any-1586129623409478803.dir/webapp/,AVAILABLE}{jar:file:/home/user/.m2/repository/org/apache/hadoop/hadoop-hdds-container-service/0.6.0-SNAPSHOT/hadoop-hdds-container-service-0.6.0-SNAPSHOT.jar!/webapps/hddsDatanode}
2020-04-24 11:59:59,407 [main] INFO  server.AbstractConnector (AbstractConnector.java:doStart(330)) - Started ServerConnector@1e280597{HTTP/1.1,[http/1.1]}{0.0.0.0:36569}
2020-04-24 11:59:59,407 [main] INFO  server.Server (Server.java:doStart(399)) - Started @249120ms
2020-04-24 11:59:59,407 [main] WARN  impl.MetricsSystemImpl (MetricsSystemImpl.java:register(276)) - Sink prometheus already exists!
2020-04-24 11:59:59,410 [main] INFO  http.BaseHttpServer (BaseHttpServer.java:updateConnectorAddress(288)) - HTTP server of hddsDatanode listening at http://0.0.0.0:36569
2020-04-24 11:59:59,411 [main] INFO  impl.MetricsSystemImpl (MetricsSystemImpl.java:init(158)) - HddsDatanode metrics system started (again)
2020-04-24 11:59:59,414 [main] INFO  ozone.HddsDatanodeService (HddsDatanodeService.java:start(204)) - HddsDatanodeService host:4a38389e7a26 ip:172.17.0.2
2020-04-24 11:59:59,417 [org.apache.hadoop.util.JvmPauseMonitor$Monitor@709a73b5] INFO  util.JvmPauseMonitor (JvmPauseMonitor.java:run(188)) - Starting JVM pause monitor
2020-04-24 11:59:59,418 [Datanode State Machine Thread - 0] INFO  datanode.InitDatanodeState (InitDatanodeState.java:persistContainerDatanodeDetails(145)) - DatanodeDetails is persisted to /github/workspace/mnt/ozone/hadoop-ozone/integration-test/target/test-dir/MiniOzoneClusterImpl-04ebbe06-f53c-4430-a49a-d9bd549dca97/datanode-0/meta/datanode.id
2020-04-24 11:59:59,419 [main] INFO  volume.HddsVolume (HddsVolume.java:<init>(176)) - Creating Volume: /github/workspace/mnt/ozone/hadoop-ozone/integration-test/target/test-dir/MiniOzoneClusterImpl-04ebbe06-f53c-4430-a49a-d9bd549dca97/datanode-1/data-0/containers/hdds of storage type : DISK and capacity : 9223372036854775807
2020-04-24 11:59:59,419 [main] INFO  volume.MutableVolumeSet (MutableVolumeSet.java:initializeVolumeSet(189)) - Added Volume : /github/workspace/mnt/ozone/hadoop-ozone/integration-test/target/test-dir/MiniOzoneClusterImpl-04ebbe06-f53c-4430-a49a-d9bd549dca97/datanode-1/data-0/containers/hdds to VolumeSet
2020-04-24 11:59:59,419 [main] INFO  volume.ThrottledAsyncChecker (ThrottledAsyncChecker.java:schedule(141)) - Scheduling a check for /github/workspace/mnt/ozone/hadoop-ozone/integration-test/target/test-dir/MiniOzoneClusterImpl-04ebbe06-f53c-4430-a49a-d9bd549dca97/datanode-1/data-0/containers/hdds
2020-04-24 11:59:59,420 [main] INFO  volume.HddsVolumeChecker (HddsVolumeChecker.java:checkAllVolumes(200)) - Scheduled health check for volume /github/workspace/mnt/ozone/hadoop-ozone/integration-test/target/test-dir/MiniOzoneClusterImpl-04ebbe06-f53c-4430-a49a-d9bd549dca97/datanode-1/data-0/containers/hdds
2020-04-24 11:59:59,436 [main] INFO  impl.RaftServerProxy (ConfUtils.java:logGet(44)) - raft.rpc.type = GRPC (default)
2020-04-24 11:59:59,436 [main] INFO  grpc.GrpcFactory (GrpcFactory.java:checkPooledByteBufAllocatorUseCacheForAllThreads(45)) - PERFORMANCE WARNING: useCacheForAllThreads is true that may cause Netty to create a lot garbage objects and, as a result, trigger GC.
	It is recommended to disable useCacheForAllThreads by setting -Dorg.apache.ratis.thirdparty.io.netty.allocator.useCacheForAllThreads=false in command line.
2020-04-24 11:59:59,436 [main] INFO  grpc.GrpcConfigKeys (ConfUtils.java:logGet(44)) - raft.grpc.server.port = 0 (default)
2020-04-24 11:59:59,436 [main] INFO  server.GrpcService (ConfUtils.java:logGet(44)) - raft.grpc.message.size.max = 32MB (=33554432) (custom)
2020-04-24 11:59:59,436 [main] INFO  server.RaftServerConfigKeys (ConfUtils.java:logGet(44)) - raft.server.log.appender.buffer.byte-limit = 33554432 (custom)
2020-04-24 11:59:59,437 [main] INFO  server.GrpcService (ConfUtils.java:logGet(44)) - raft.grpc.flow.control.window = 5MB (=5242880) (custom)
2020-04-24 11:59:59,437 [main] INFO  server.RaftServerConfigKeys (ConfUtils.java:logGet(44)) - raft.server.rpc.request.timeout = 60s (custom)
2020-04-24 11:59:59,437 [main] INFO  server.RaftServerConfigKeys (ConfUtils.java:logGet(44)) - raft.server.storage.dir = [/github/workspace/mnt/ozone/hadoop-ozone/integration-test/target/test-dir/MiniOzoneClusterImpl-04ebbe06-f53c-4430-a49a-d9bd549dca97/datanode-1/data/ratis] (custom)
2020-04-24 11:59:59,441 [main] INFO  http.BaseHttpServer (BaseHttpServer.java:newHttpServer2BuilderForOzone(174)) - Starting Web-server for hddsDatanode at: http://0.0.0.0:0
2020-04-24 11:59:59,442 [main] INFO  server.AuthenticationFilter (AuthenticationFilter.java:constructSecretProvider(240)) - Unable to initialize FileSignerSecretProvider, falling back to use random secrets.
2020-04-24 11:59:59,442 [main] WARN  http.HttpRequestLog (HttpRequestLog.java:getRequestLog(103)) - Jetty request log can only be enabled using Log4j
2020-04-24 11:59:59,443 [main] INFO  http.HttpServer2 (HttpServer2.java:addGlobalFilter(979)) - Added global filter 'safety' (class=org.apache.hadoop.hdds.server.http.HttpServer2$QuotingInputFilter)
2020-04-24 11:59:59,443 [main] INFO  http.HttpServer2 (HttpServer2.java:addFilter(955)) - Added filter static_user_filter (class=org.apache.hadoop.hdds.server.http.StaticUserWebFilter$StaticUserFilter) to context hddsDatanode
2020-04-24 11:59:59,443 [main] INFO  http.HttpServer2 (HttpServer2.java:addFilter(963)) - Added filter static_user_filter (class=org.apache.hadoop.hdds.server.http.StaticUserWebFilter$StaticUserFilter) to context logs
2020-04-24 11:59:59,443 [main] INFO  http.HttpServer2 (HttpServer2.java:addFilter(963)) - Added filter static_user_filter (class=org.apache.hadoop.hdds.server.http.StaticUserWebFilter$StaticUserFilter) to context static
2020-04-24 11:59:59,444 [main] INFO  http.HttpServer2 (HttpServer2.java:bindListener(1197)) - Jetty bound to port 43039
2020-04-24 11:59:59,444 [main] INFO  server.Server (Server.java:doStart(359)) - jetty-9.4.26.v20200117; built: 2020-01-17T12:35:33.676Z; git: 7b38981d25d14afb4a12ff1f2596756144edf695; jvm 1.8.0_232-b09
2020-04-24 11:59:59,445 [main] INFO  server.session (DefaultSessionIdManager.java:doStart(333)) - DefaultSessionIdManager workerName=node0
2020-04-24 11:59:59,445 [main] INFO  server.session (DefaultSessionIdManager.java:doStart(338)) - No SessionScavenger set, using defaults
2020-04-24 11:59:59,445 [main] INFO  server.session (HouseKeeper.java:startScavenging(140)) - node0 Scavenging every 600000ms
2020-04-24 11:59:59,446 [main] INFO  handler.ContextHandler (ContextHandler.java:doStart(825)) - Started o.e.j.s.ServletContextHandler@579ded18{logs,/logs,file:///github/workspace/mnt/ozone/hadoop-ozone/integration-test/target/log,AVAILABLE}
2020-04-24 11:59:59,446 [main] INFO  handler.ContextHandler (ContextHandler.java:doStart(825)) - Started o.e.j.s.ServletContextHandler@77067c6c{static,/static,jar:file:/home/user/.m2/repository/org/apache/hadoop/hadoop-hdds-container-service/0.6.0-SNAPSHOT/hadoop-hdds-container-service-0.6.0-SNAPSHOT.jar!/webapps/static,AVAILABLE}
2020-04-24 11:59:59,472 [main] INFO  handler.ContextHandler (ContextHandler.java:doStart(825)) - Started o.e.j.w.WebAppContext@2c6f74f6{hddsDatanode,/,file:///tmp/jetty-0_0_0_0-43039-hadoop-hdds-container-service-0_6_0-SNAPSHOT_jar-_-any-41146946115572840.dir/webapp/,AVAILABLE}{jar:file:/home/user/.m2/repository/org/apache/hadoop/hadoop-hdds-container-service/0.6.0-SNAPSHOT/hadoop-hdds-container-service-0.6.0-SNAPSHOT.jar!/webapps/hddsDatanode}
2020-04-24 11:59:59,473 [main] INFO  server.AbstractConnector (AbstractConnector.java:doStart(330)) - Started ServerConnector@67dec91e{HTTP/1.1,[http/1.1]}{0.0.0.0:43039}
2020-04-24 11:59:59,473 [main] INFO  server.Server (Server.java:doStart(399)) - Started @249186ms
2020-04-24 11:59:59,473 [main] WARN  impl.MetricsSystemImpl (MetricsSystemImpl.java:register(276)) - Sink prometheus already exists!
2020-04-24 11:59:59,477 [main] INFO  http.BaseHttpServer (BaseHttpServer.java:updateConnectorAddress(288)) - HTTP server of hddsDatanode listening at http://0.0.0.0:43039
2020-04-24 11:59:59,477 [main] INFO  impl.MetricsSystemImpl (MetricsSystemImpl.java:init(158)) - HddsDatanode metrics system started (again)
2020-04-24 11:59:59,485 [main] INFO  ozone.HddsDatanodeService (HddsDatanodeService.java:start(204)) - HddsDatanodeService host:4a38389e7a26 ip:172.17.0.2
2020-04-24 11:59:59,486 [org.apache.hadoop.util.JvmPauseMonitor$Monitor@ab5a511] INFO  util.JvmPauseMonitor (JvmPauseMonitor.java:run(188)) - Starting JVM pause monitor
2020-04-24 11:59:59,486 [main] INFO  volume.HddsVolume (HddsVolume.java:<init>(176)) - Creating Volume: /github/workspace/mnt/ozone/hadoop-ozone/integration-test/target/test-dir/MiniOzoneClusterImpl-04ebbe06-f53c-4430-a49a-d9bd549dca97/datanode-2/data-0/containers/hdds of storage type : DISK and capacity : 9223372036854775807
2020-04-24 11:59:59,486 [main] INFO  volume.MutableVolumeSet (MutableVolumeSet.java:initializeVolumeSet(189)) - Added Volume : /github/workspace/mnt/ozone/hadoop-ozone/integration-test/target/test-dir/MiniOzoneClusterImpl-04ebbe06-f53c-4430-a49a-d9bd549dca97/datanode-2/data-0/containers/hdds to VolumeSet
2020-04-24 11:59:59,486 [Datanode State Machine Thread - 0] INFO  datanode.InitDatanodeState (InitDatanodeState.java:persistContainerDatanodeDetails(145)) - DatanodeDetails is persisted to /github/workspace/mnt/ozone/hadoop-ozone/integration-test/target/test-dir/MiniOzoneClusterImpl-04ebbe06-f53c-4430-a49a-d9bd549dca97/datanode-1/meta/datanode.id
2020-04-24 11:59:59,486 [main] INFO  volume.ThrottledAsyncChecker (ThrottledAsyncChecker.java:schedule(141)) - Scheduling a check for /github/workspace/mnt/ozone/hadoop-ozone/integration-test/target/test-dir/MiniOzoneClusterImpl-04ebbe06-f53c-4430-a49a-d9bd549dca97/datanode-2/data-0/containers/hdds
2020-04-24 11:59:59,487 [main] INFO  volume.HddsVolumeChecker (HddsVolumeChecker.java:checkAllVolumes(200)) - Scheduled health check for volume /github/workspace/mnt/ozone/hadoop-ozone/integration-test/target/test-dir/MiniOzoneClusterImpl-04ebbe06-f53c-4430-a49a-d9bd549dca97/datanode-2/data-0/containers/hdds
2020-04-24 11:59:59,502 [main] INFO  impl.RaftServerProxy (ConfUtils.java:logGet(44)) - raft.rpc.type = GRPC (default)
2020-04-24 11:59:59,503 [main] INFO  grpc.GrpcFactory (GrpcFactory.java:checkPooledByteBufAllocatorUseCacheForAllThreads(45)) - PERFORMANCE WARNING: useCacheForAllThreads is true that may cause Netty to create a lot garbage objects and, as a result, trigger GC.
	It is recommended to disable useCacheForAllThreads by setting -Dorg.apache.ratis.thirdparty.io.netty.allocator.useCacheForAllThreads=false in command line.
2020-04-24 11:59:59,503 [main] INFO  grpc.GrpcConfigKeys (ConfUtils.java:logGet(44)) - raft.grpc.server.port = 0 (default)
2020-04-24 11:59:59,503 [main] INFO  server.GrpcService (ConfUtils.java:logGet(44)) - raft.grpc.message.size.max = 32MB (=33554432) (custom)
2020-04-24 11:59:59,503 [main] INFO  server.RaftServerConfigKeys (ConfUtils.java:logGet(44)) - raft.server.log.appender.buffer.byte-limit = 33554432 (custom)
2020-04-24 11:59:59,503 [main] INFO  server.GrpcService (ConfUtils.java:logGet(44)) - raft.grpc.flow.control.window = 5MB (=5242880) (custom)
2020-04-24 11:59:59,503 [main] INFO  server.RaftServerConfigKeys (ConfUtils.java:logGet(44)) - raft.server.rpc.request.timeout = 60s (custom)
2020-04-24 11:59:59,504 [main] INFO  server.RaftServerConfigKeys (ConfUtils.java:logGet(44)) - raft.server.storage.dir = [/github/workspace/mnt/ozone/hadoop-ozone/integration-test/target/test-dir/MiniOzoneClusterImpl-04ebbe06-f53c-4430-a49a-d9bd549dca97/datanode-2/data/ratis] (custom)
2020-04-24 11:59:59,507 [main] INFO  http.BaseHttpServer (BaseHttpServer.java:newHttpServer2BuilderForOzone(174)) - Starting Web-server for hddsDatanode at: http://0.0.0.0:0
2020-04-24 11:59:59,508 [main] INFO  server.AuthenticationFilter (AuthenticationFilter.java:constructSecretProvider(240)) - Unable to initialize FileSignerSecretProvider, falling back to use random secrets.
2020-04-24 11:59:59,508 [main] WARN  http.HttpRequestLog (HttpRequestLog.java:getRequestLog(103)) - Jetty request log can only be enabled using Log4j
2020-04-24 11:59:59,509 [main] INFO  http.HttpServer2 (HttpServer2.java:addGlobalFilter(979)) - Added global filter 'safety' (class=org.apache.hadoop.hdds.server.http.HttpServer2$QuotingInputFilter)
2020-04-24 11:59:59,510 [main] INFO  http.HttpServer2 (HttpServer2.java:addFilter(955)) - Added filter static_user_filter (class=org.apache.hadoop.hdds.server.http.StaticUserWebFilter$StaticUserFilter) to context hddsDatanode
2020-04-24 11:59:59,510 [main] INFO  http.HttpServer2 (HttpServer2.java:addFilter(963)) - Added filter static_user_filter (class=org.apache.hadoop.hdds.server.http.StaticUserWebFilter$StaticUserFilter) to context logs
2020-04-24 11:59:59,510 [main] INFO  http.HttpServer2 (HttpServer2.java:addFilter(963)) - Added filter static_user_filter (class=org.apache.hadoop.hdds.server.http.StaticUserWebFilter$StaticUserFilter) to context static
2020-04-24 11:59:59,510 [main] INFO  http.HttpServer2 (HttpServer2.java:bindListener(1197)) - Jetty bound to port 39637
2020-04-24 11:59:59,510 [main] INFO  server.Server (Server.java:doStart(359)) - jetty-9.4.26.v20200117; built: 2020-01-17T12:35:33.676Z; git: 7b38981d25d14afb4a12ff1f2596756144edf695; jvm 1.8.0_232-b09
2020-04-24 11:59:59,512 [main] INFO  server.session (DefaultSessionIdManager.java:doStart(333)) - DefaultSessionIdManager workerName=node0
2020-04-24 11:59:59,512 [main] INFO  server.session (DefaultSessionIdManager.java:doStart(338)) - No SessionScavenger set, using defaults
2020-04-24 11:59:59,513 [main] INFO  server.session (HouseKeeper.java:startScavenging(140)) - node0 Scavenging every 600000ms
2020-04-24 11:59:59,513 [main] INFO  handler.ContextHandler (ContextHandler.java:doStart(825)) - Started o.e.j.s.ServletContextHandler@3523a08a{logs,/logs,file:///github/workspace/mnt/ozone/hadoop-ozone/integration-test/target/log,AVAILABLE}
2020-04-24 11:59:59,513 [main] INFO  handler.ContextHandler (ContextHandler.java:doStart(825)) - Started o.e.j.s.ServletContextHandler@2d471b7a{static,/static,jar:file:/home/user/.m2/repository/org/apache/hadoop/hadoop-hdds-container-service/0.6.0-SNAPSHOT/hadoop-hdds-container-service-0.6.0-SNAPSHOT.jar!/webapps/static,AVAILABLE}
2020-04-24 11:59:59,540 [main] INFO  handler.ContextHandler (ContextHandler.java:doStart(825)) - Started o.e.j.w.WebAppContext@319df025{hddsDatanode,/,file:///tmp/jetty-0_0_0_0-39637-hadoop-hdds-container-service-0_6_0-SNAPSHOT_jar-_-any-2946331492146311582.dir/webapp/,AVAILABLE}{jar:file:/home/user/.m2/repository/org/apache/hadoop/hadoop-hdds-container-service/0.6.0-SNAPSHOT/hadoop-hdds-container-service-0.6.0-SNAPSHOT.jar!/webapps/hddsDatanode}
2020-04-24 11:59:59,541 [main] INFO  server.AbstractConnector (AbstractConnector.java:doStart(330)) - Started ServerConnector@5b8a7da0{HTTP/1.1,[http/1.1]}{0.0.0.0:39637}
2020-04-24 11:59:59,541 [main] INFO  server.Server (Server.java:doStart(399)) - Started @249253ms
2020-04-24 11:59:59,541 [main] WARN  impl.MetricsSystemImpl (MetricsSystemImpl.java:register(276)) - Sink prometheus already exists!
2020-04-24 11:59:59,544 [main] INFO  http.BaseHttpServer (BaseHttpServer.java:updateConnectorAddress(288)) - HTTP server of hddsDatanode listening at http://0.0.0.0:39637
2020-04-24 11:59:59,545 [main] INFO  ozone.MiniOzoneClusterImpl (MiniOzoneClusterImpl.java:lambda$waitForClusterToBeReady$0(177)) - Waiting for nodes to be ready. Got 0 of 3 DN Heartbeats.
2020-04-24 11:59:59,545 [main] INFO  ozone.MiniOzoneClusterImpl (MiniOzoneClusterImpl.java:lambda$waitForClusterToBeReady$0(180)) - Waiting for cluster to exit safe mode
2020-04-24 11:59:59,549 [org.apache.hadoop.util.JvmPauseMonitor$Monitor@60907dcc] INFO  util.JvmPauseMonitor (JvmPauseMonitor.java:run(188)) - Starting JVM pause monitor
2020-04-24 11:59:59,551 [Datanode State Machine Thread - 0] INFO  datanode.InitDatanodeState (InitDatanodeState.java:persistContainerDatanodeDetails(145)) - DatanodeDetails is persisted to /github/workspace/mnt/ozone/hadoop-ozone/integration-test/target/test-dir/MiniOzoneClusterImpl-04ebbe06-f53c-4430-a49a-d9bd549dca97/datanode-2/meta/datanode.id
2020-04-24 12:00:00,546 [main] INFO  ozone.MiniOzoneClusterImpl (MiniOzoneClusterImpl.java:lambda$waitForClusterToBeReady$0(177)) - Waiting for nodes to be ready. Got 0 of 3 DN Heartbeats.
2020-04-24 12:00:00,546 [main] INFO  ozone.MiniOzoneClusterImpl (MiniOzoneClusterImpl.java:lambda$waitForClusterToBeReady$0(180)) - Waiting for cluster to exit safe mode
2020-04-24 12:00:01,424 [Datanode State Machine Thread - 0] INFO  ozoneimpl.OzoneContainer (OzoneContainer.java:start(232)) - Attempting to start container services.
2020-04-24 12:00:01,424 [Datanode State Machine Thread - 0] INFO  ozoneimpl.OzoneContainer (OzoneContainer.java:startContainerScrub(196)) - Background container scanner has been disabled.
2020-04-24 12:00:01,424 [Datanode State Machine Thread - 0] INFO  ratis.XceiverServerRatis (XceiverServerRatis.java:start(424)) - Starting XceiverServerRatis 2973722e-481f-4d7e-8dc5-81664b76c6de at port 0
2020-04-24 12:00:01,425 [Datanode State Machine Thread - 0] INFO  impl.RaftServerProxy (RaftServerProxy.java:lambda$start$3(299)) - 2973722e-481f-4d7e-8dc5-81664b76c6de: start RPC server
2020-04-24 12:00:01,426 [Datanode State Machine Thread - 0] INFO  server.GrpcService (GrpcService.java:startImpl(159)) - 2973722e-481f-4d7e-8dc5-81664b76c6de: GrpcService started, listening on 0.0.0.0/0.0.0.0:34303
2020-04-24 12:00:01,427 [Datanode State Machine Thread - 0] INFO  ratis.XceiverServerRatis (XceiverServerRatis.java:start(436)) - XceiverServerRatis 2973722e-481f-4d7e-8dc5-81664b76c6de is started using port 34303
2020-04-24 12:00:01,427 [Datanode State Machine Thread - 0] INFO  server.XceiverServerGrpc (XceiverServerGrpc.java:start(145)) - XceiverServerGrpc 2973722e-481f-4d7e-8dc5-81664b76c6de is started using port 39997
2020-04-24 12:00:01,488 [Datanode State Machine Thread - 0] INFO  ozoneimpl.OzoneContainer (OzoneContainer.java:start(232)) - Attempting to start container services.
2020-04-24 12:00:01,488 [Datanode State Machine Thread - 0] INFO  ozoneimpl.OzoneContainer (OzoneContainer.java:startContainerScrub(196)) - Background container scanner has been disabled.
2020-04-24 12:00:01,488 [Datanode State Machine Thread - 0] INFO  ratis.XceiverServerRatis (XceiverServerRatis.java:start(424)) - Starting XceiverServerRatis 5eff9a06-5967-44f9-80ef-de1d46e4c966 at port 0
2020-04-24 12:00:01,489 [Datanode State Machine Thread - 0] INFO  impl.RaftServerProxy (RaftServerProxy.java:lambda$start$3(299)) - 5eff9a06-5967-44f9-80ef-de1d46e4c966: start RPC server
2020-04-24 12:00:01,491 [Datanode State Machine Thread - 0] INFO  server.GrpcService (GrpcService.java:startImpl(159)) - 5eff9a06-5967-44f9-80ef-de1d46e4c966: GrpcService started, listening on 0.0.0.0/0.0.0.0:40017
2020-04-24 12:00:01,492 [Datanode State Machine Thread - 0] INFO  ratis.XceiverServerRatis (XceiverServerRatis.java:start(436)) - XceiverServerRatis 5eff9a06-5967-44f9-80ef-de1d46e4c966 is started using port 40017
2020-04-24 12:00:01,493 [Datanode State Machine Thread - 0] INFO  server.XceiverServerGrpc (XceiverServerGrpc.java:start(145)) - XceiverServerGrpc 5eff9a06-5967-44f9-80ef-de1d46e4c966 is started using port 46767
2020-04-24 12:00:01,547 [main] INFO  ozone.MiniOzoneClusterImpl (MiniOzoneClusterImpl.java:lambda$waitForClusterToBeReady$0(177)) - Waiting for nodes to be ready. Got 0 of 3 DN Heartbeats.
2020-04-24 12:00:01,547 [main] INFO  ozone.MiniOzoneClusterImpl (MiniOzoneClusterImpl.java:lambda$waitForClusterToBeReady$0(180)) - Waiting for cluster to exit safe mode
2020-04-24 12:00:01,551 [Datanode State Machine Thread - 0] INFO  ozoneimpl.OzoneContainer (OzoneContainer.java:start(232)) - Attempting to start container services.
2020-04-24 12:00:01,551 [Datanode State Machine Thread - 0] INFO  ozoneimpl.OzoneContainer (OzoneContainer.java:startContainerScrub(196)) - Background container scanner has been disabled.
2020-04-24 12:00:01,551 [Datanode State Machine Thread - 0] INFO  ratis.XceiverServerRatis (XceiverServerRatis.java:start(424)) - Starting XceiverServerRatis 5005a2c3-5168-417f-bbb4-79f56e1cdb1d at port 0
2020-04-24 12:00:01,552 [Datanode State Machine Thread - 0] INFO  impl.RaftServerProxy (RaftServerProxy.java:lambda$start$3(299)) - 5005a2c3-5168-417f-bbb4-79f56e1cdb1d: start RPC server
2020-04-24 12:00:01,553 [Datanode State Machine Thread - 0] INFO  server.GrpcService (GrpcService.java:startImpl(159)) - 5005a2c3-5168-417f-bbb4-79f56e1cdb1d: GrpcService started, listening on 0.0.0.0/0.0.0.0:44903
2020-04-24 12:00:01,553 [Datanode State Machine Thread - 0] INFO  ratis.XceiverServerRatis (XceiverServerRatis.java:start(436)) - XceiverServerRatis 5005a2c3-5168-417f-bbb4-79f56e1cdb1d is started using port 44903
2020-04-24 12:00:01,553 [Datanode State Machine Thread - 0] INFO  server.XceiverServerGrpc (XceiverServerGrpc.java:start(145)) - XceiverServerGrpc 5005a2c3-5168-417f-bbb4-79f56e1cdb1d is started using port 36675
2020-04-24 12:00:02,547 [main] INFO  ozone.MiniOzoneClusterImpl (MiniOzoneClusterImpl.java:lambda$waitForClusterToBeReady$0(177)) - Waiting for nodes to be ready. Got 0 of 3 DN Heartbeats.
2020-04-24 12:00:02,547 [main] INFO  ozone.MiniOzoneClusterImpl (MiniOzoneClusterImpl.java:lambda$waitForClusterToBeReady$0(180)) - Waiting for cluster to exit safe mode
2020-04-24 12:00:03,419 [IPC Server handler 0 on 45881] INFO  net.NetworkTopology (NetworkTopologyImpl.java:add(111)) - Added a new node: /default-rack/2973722e-481f-4d7e-8dc5-81664b76c6de
2020-04-24 12:00:03,419 [IPC Server handler 0 on 45881] INFO  node.SCMNodeManager (SCMNodeManager.java:register(268)) - Registered Data node : 2973722e-481f-4d7e-8dc5-81664b76c6de{ip: 172.17.0.2, host: 4a38389e7a26, networkLocation: /default-rack, certSerialId: null}
2020-04-24 12:00:03,419 [RatisPipelineUtilsThread] INFO  pipeline.RatisPipelineProvider (RatisPipelineProvider.java:lambda$create$0(138)) - Sending CreatePipelineCommand for pipeline:PipelineID=4fc07812-96a4-4dd0-8afb-8bd36e726bfe to datanode:2973722e-481f-4d7e-8dc5-81664b76c6de
2020-04-24 12:00:03,420 [EventQueue-NodeRegistrationContainerReportForContainerSafeModeRule] INFO  safemode.SCMSafeModeManager (SCMSafeModeManager.java:validateSafeModeExitRules(183)) - ContainerSafeModeRule rule is successfully validated
2020-04-24 12:00:03,420 [RatisPipelineUtilsThread] INFO  pipeline.PipelineStateManager (PipelineStateManager.java:addPipeline(54)) - Created pipeline Pipeline[ Id: 4fc07812-96a4-4dd0-8afb-8bd36e726bfe, Nodes: 2973722e-481f-4d7e-8dc5-81664b76c6de{ip: 172.17.0.2, host: 4a38389e7a26, networkLocation: /default-rack, certSerialId: null}, Type:RATIS, Factor:ONE, State:ALLOCATED, leaderId:null, CreationTimestamp2020-04-24T12:00:03.419Z]
2020-04-24 12:00:03,420 [RatisPipelineUtilsThread] ERROR pipeline.SCMPipelineManager (SCMPipelineManager.java:createPipeline(222)) - Failed to create pipeline of type RATIS and factor ONE. Exception: Cannot create pipeline of factor 1 using 0 nodes. Used 1 nodes. Healthy nodes 1
2020-04-24 12:00:03,420 [EventQueue-NodeRegistrationContainerReportForDataNodeSafeModeRule] INFO  safemode.SCMSafeModeManager (DataNodeSafeModeRule.java:process(71)) - SCM in safe mode. 1 DataNodes registered, 1 required.
2020-04-24 12:00:03,430 [EventQueue-NodeRegistrationContainerReportForDataNodeSafeModeRule] INFO  safemode.SCMSafeModeManager (SCMSafeModeManager.java:validateSafeModeExitRules(183)) - DataNodeSafeModeRule rule is successfully validated
2020-04-24 12:00:03,430 [EventQueue-NodeRegistrationContainerReportForDataNodeSafeModeRule] INFO  safemode.SCMSafeModeManager (SCMSafeModeManager.java:completePreCheck(211)) - All SCM safe mode pre check rules have passed
2020-04-24 12:00:03,430 [RatisPipelineUtilsThread] ERROR pipeline.SCMPipelineManager (SCMPipelineManager.java:createPipeline(222)) - Failed to create pipeline of type RATIS and factor ONE. Exception: Cannot create pipeline of factor 1 using 0 nodes. Used 1 nodes. Healthy nodes 1
2020-04-24 12:00:03,430 [RatisPipelineUtilsThread] WARN  pipeline.PipelinePlacementPolicy (PipelinePlacementPolicy.java:filterViableNodes(132)) - Pipeline creation failed due to no sufficient healthy datanodes. Required 3. Found 1.
2020-04-24 12:00:03,430 [RatisPipelineUtilsThread] ERROR pipeline.SCMPipelineManager (SCMPipelineManager.java:createPipeline(222)) - Failed to create pipeline of type RATIS and factor THREE. Exception: Pipeline creation failed due to no sufficient healthy datanodes. Required 3. Found 1.
2020-04-24 12:00:03,486 [IPC Server handler 1 on 45881] INFO  net.NetworkTopology (NetworkTopologyImpl.java:add(111)) - Added a new node: /default-rack/5eff9a06-5967-44f9-80ef-de1d46e4c966
2020-04-24 12:00:03,486 [IPC Server handler 1 on 45881] INFO  node.SCMNodeManager (SCMNodeManager.java:register(268)) - Registered Data node : 5eff9a06-5967-44f9-80ef-de1d46e4c966{ip: 172.17.0.2, host: 4a38389e7a26, networkLocation: /default-rack, certSerialId: null}
2020-04-24 12:00:03,487 [EventQueue-NodeRegistrationContainerReportForContainerSafeModeRule] INFO  safemode.SCMSafeModeManager (SCMSafeModeManager.java:validateSafeModeExitRules(183)) - ContainerSafeModeRule rule is successfully validated
2020-04-24 12:00:03,487 [EventQueue-NodeRegistrationContainerReportForDataNodeSafeModeRule] INFO  safemode.SCMSafeModeManager (SCMSafeModeManager.java:validateSafeModeExitRules(183)) - DataNodeSafeModeRule rule is successfully validated
2020-04-24 12:00:03,487 [RatisPipelineUtilsThread] INFO  pipeline.RatisPipelineProvider (RatisPipelineProvider.java:lambda$create$0(138)) - Sending CreatePipelineCommand for pipeline:PipelineID=e28a342b-e986-45f7-8526-904e30eb3bc9 to datanode:5eff9a06-5967-44f9-80ef-de1d46e4c966
2020-04-24 12:00:03,487 [RatisPipelineUtilsThread] INFO  pipeline.PipelineStateManager (PipelineStateManager.java:addPipeline(54)) - Created pipeline Pipeline[ Id: e28a342b-e986-45f7-8526-904e30eb3bc9, Nodes: 5eff9a06-5967-44f9-80ef-de1d46e4c966{ip: 172.17.0.2, host: 4a38389e7a26, networkLocation: /default-rack, certSerialId: null}, Type:RATIS, Factor:ONE, State:ALLOCATED, leaderId:null, CreationTimestamp2020-04-24T12:00:03.487Z]
2020-04-24 12:00:03,487 [RatisPipelineUtilsThread] ERROR pipeline.SCMPipelineManager (SCMPipelineManager.java:createPipeline(222)) - Failed to create pipeline of type RATIS and factor ONE. Exception: Cannot create pipeline of factor 1 using 0 nodes. Used 2 nodes. Healthy nodes 2
2020-04-24 12:00:03,487 [RatisPipelineUtilsThread] WARN  pipeline.PipelinePlacementPolicy (PipelinePlacementPolicy.java:filterViableNodes(132)) - Pipeline creation failed due to no sufficient healthy datanodes. Required 3. Found 2.
2020-04-24 12:00:03,488 [RatisPipelineUtilsThread] ERROR pipeline.SCMPipelineManager (SCMPipelineManager.java:createPipeline(222)) - Failed to create pipeline of type RATIS and factor THREE. Exception: Pipeline creation failed due to no sufficient healthy datanodes. Required 3. Found 2.
2020-04-24 12:00:03,548 [main] INFO  ozone.MiniOzoneClusterImpl (MiniOzoneClusterImpl.java:lambda$waitForClusterToBeReady$0(177)) - Waiting for nodes to be ready. Got 2 of 3 DN Heartbeats.
2020-04-24 12:00:03,548 [main] INFO  ozone.MiniOzoneClusterImpl (MiniOzoneClusterImpl.java:lambda$waitForClusterToBeReady$0(180)) - Waiting for cluster to exit safe mode
2020-04-24 12:00:03,550 [IPC Server handler 2 on 45881] INFO  net.NetworkTopology (NetworkTopologyImpl.java:add(111)) - Added a new node: /default-rack/5005a2c3-5168-417f-bbb4-79f56e1cdb1d
2020-04-24 12:00:03,550 [IPC Server handler 2 on 45881] INFO  node.SCMNodeManager (SCMNodeManager.java:register(268)) - Registered Data node : 5005a2c3-5168-417f-bbb4-79f56e1cdb1d{ip: 172.17.0.2, host: 4a38389e7a26, networkLocation: /default-rack, certSerialId: null}
2020-04-24 12:00:03,550 [RatisPipelineUtilsThread] INFO  pipeline.RatisPipelineProvider (RatisPipelineProvider.java:lambda$create$0(138)) - Sending CreatePipelineCommand for pipeline:PipelineID=2014cd54-9fd4-4e15-a301-ea2a623ab37b to datanode:5005a2c3-5168-417f-bbb4-79f56e1cdb1d
2020-04-24 12:00:03,550 [RatisPipelineUtilsThread] INFO  pipeline.PipelineStateManager (PipelineStateManager.java:addPipeline(54)) - Created pipeline Pipeline[ Id: 2014cd54-9fd4-4e15-a301-ea2a623ab37b, Nodes: 5005a2c3-5168-417f-bbb4-79f56e1cdb1d{ip: 172.17.0.2, host: 4a38389e7a26, networkLocation: /default-rack, certSerialId: null}, Type:RATIS, Factor:ONE, State:ALLOCATED, leaderId:null, CreationTimestamp2020-04-24T12:00:03.550Z]
2020-04-24 12:00:03,551 [RatisPipelineUtilsThread] ERROR pipeline.SCMPipelineManager (SCMPipelineManager.java:createPipeline(222)) - Failed to create pipeline of type RATIS and factor ONE. Exception: Cannot create pipeline of factor 1 using 0 nodes. Used 3 nodes. Healthy nodes 3
2020-04-24 12:00:03,551 [RatisPipelineUtilsThread] INFO  pipeline.RatisPipelineProvider (RatisPipelineProvider.java:lambda$create$0(138)) - Sending CreatePipelineCommand for pipeline:PipelineID=51b24a8c-2f82-4de5-9a2e-7ad1695502c0 to datanode:5005a2c3-5168-417f-bbb4-79f56e1cdb1d
2020-04-24 12:00:03,551 [RatisPipelineUtilsThread] INFO  pipeline.RatisPipelineProvider (RatisPipelineProvider.java:lambda$create$0(138)) - Sending CreatePipelineCommand for pipeline:PipelineID=51b24a8c-2f82-4de5-9a2e-7ad1695502c0 to datanode:2973722e-481f-4d7e-8dc5-81664b76c6de
2020-04-24 12:00:03,551 [RatisPipelineUtilsThread] INFO  pipeline.RatisPipelineProvider (RatisPipelineProvider.java:lambda$create$0(138)) - Sending CreatePipelineCommand for pipeline:PipelineID=51b24a8c-2f82-4de5-9a2e-7ad1695502c0 to datanode:5eff9a06-5967-44f9-80ef-de1d46e4c966
2020-04-24 12:00:03,551 [RatisPipelineUtilsThread] INFO  pipeline.PipelineStateManager (PipelineStateManager.java:addPipeline(54)) - Created pipeline Pipeline[ Id: 51b24a8c-2f82-4de5-9a2e-7ad1695502c0, Nodes: 5005a2c3-5168-417f-bbb4-79f56e1cdb1d{ip: 172.17.0.2, host: 4a38389e7a26, networkLocation: /default-rack, certSerialId: null}2973722e-481f-4d7e-8dc5-81664b76c6de{ip: 172.17.0.2, host: 4a38389e7a26, networkLocation: /default-rack, certSerialId: null}5eff9a06-5967-44f9-80ef-de1d46e4c966{ip: 172.17.0.2, host: 4a38389e7a26, networkLocation: /default-rack, certSerialId: null}, Type:RATIS, Factor:THREE, State:ALLOCATED, leaderId:null, CreationTimestamp2020-04-24T12:00:03.551Z]
2020-04-24 12:00:03,551 [RatisPipelineUtilsThread] ERROR pipeline.SCMPipelineManager (SCMPipelineManager.java:createPipeline(222)) - Failed to create pipeline of type RATIS and factor THREE. Exception: Pipeline creation failed because nodes are engaged in other pipelines and every node can only be engaged in max 2 pipelines. Required 3. Found 0
2020-04-24 12:00:03,551 [EventQueue-NodeRegistrationContainerReportForContainerSafeModeRule] INFO  safemode.SCMSafeModeManager (SCMSafeModeManager.java:validateSafeModeExitRules(183)) - ContainerSafeModeRule rule is successfully validated
2020-04-24 12:00:03,554 [EventQueue-NodeRegistrationContainerReportForDataNodeSafeModeRule] INFO  safemode.SCMSafeModeManager (SCMSafeModeManager.java:validateSafeModeExitRules(183)) - DataNodeSafeModeRule rule is successfully validated
2020-04-24 12:00:04,548 [main] INFO  ozone.MiniOzoneClusterImpl (MiniOzoneClusterImpl.java:lambda$waitForClusterToBeReady$0(177)) - Nodes are ready. Got 3 of 3 DN Heartbeats.
2020-04-24 12:00:04,548 [main] INFO  ozone.MiniOzoneClusterImpl (MiniOzoneClusterImpl.java:lambda$waitForClusterToBeReady$0(180)) - Waiting for cluster to exit safe mode
2020-04-24 12:00:05,548 [main] INFO  ozone.MiniOzoneClusterImpl (MiniOzoneClusterImpl.java:lambda$waitForClusterToBeReady$0(177)) - Nodes are ready. Got 3 of 3 DN Heartbeats.
2020-04-24 12:00:05,549 [main] INFO  ozone.MiniOzoneClusterImpl (MiniOzoneClusterImpl.java:lambda$waitForClusterToBeReady$0(180)) - Waiting for cluster to exit safe mode
2020-04-24 12:00:06,419 [Command processor thread] INFO  impl.RaftServerProxy (RaftServerProxy.java:addNew(89)) - 2973722e-481f-4d7e-8dc5-81664b76c6de: addNew group-8BD36E726BFE:[2973722e-481f-4d7e-8dc5-81664b76c6de:172.17.0.2:34303] returns group-8BD36E726BFE:java.util.concurrent.CompletableFuture@281678b3[Not completed]
2020-04-24 12:00:06,420 [pool-703-thread-1] INFO  impl.RaftServerImpl (RaftServerImpl.java:<init>(97)) - 2973722e-481f-4d7e-8dc5-81664b76c6de: new RaftServerImpl for group-8BD36E726BFE:[2973722e-481f-4d7e-8dc5-81664b76c6de:172.17.0.2:34303] with ContainerStateMachine:uninitialized
2020-04-24 12:00:06,421 [pool-703-thread-1] INFO  server.RaftServerConfigKeys (ConfUtils.java:logGet(44)) - raft.server.rpc.timeout.min = 5s (custom)
2020-04-24 12:00:06,421 [pool-703-thread-1] INFO  server.RaftServerConfigKeys (ConfUtils.java:logGet(44)) - raft.server.rpc.timeout.max = 5200ms (custom)
2020-04-24 12:00:06,421 [pool-703-thread-1] INFO  server.RaftServerConfigKeys (ConfUtils.java:logGet(44)) - raft.server.rpcslowness.timeout = 300s (custom)
2020-04-24 12:00:06,421 [pool-703-thread-1] INFO  server.RaftServerConfigKeys (ConfUtils.java:logGet(44)) - raft.server.sleep.deviation.threshold = 300 (default)
2020-04-24 12:00:06,422 [pool-703-thread-1] INFO  server.RaftServerConfigKeys (ConfUtils.java:logGet(44)) - raft.server.log.appender.install.snapshot.enabled = false (custom)
2020-04-24 12:00:06,422 [pool-703-thread-1] INFO  impl.RaftServerImpl (ServerState.java:<init>(103)) - 2973722e-481f-4d7e-8dc5-81664b76c6de@group-8BD36E726BFE: ConfigurationManager, init=-1: [2973722e-481f-4d7e-8dc5-81664b76c6de:172.17.0.2:34303], old=null, confs=<EMPTY_MAP>
2020-04-24 12:00:06,422 [pool-703-thread-1] INFO  server.RaftServerConfigKeys (ConfUtils.java:logGet(44)) - raft.server.storage.dir = [/github/workspace/mnt/ozone/hadoop-ozone/integration-test/target/test-dir/MiniOzoneClusterImpl-04ebbe06-f53c-4430-a49a-d9bd549dca97/datanode-0/data/ratis] (custom)
2020-04-24 12:00:06,422 [pool-703-thread-1] INFO  server.RaftServerConfigKeys (ConfUtils.java:logGet(44)) - raft.server.log.corruption.policy = EXCEPTION (default)
2020-04-24 12:00:06,422 [pool-703-thread-1] INFO  storage.RaftStorageDirectory (RaftStorageDirectory.java:analyzeStorage(253)) - The storage directory /github/workspace/mnt/ozone/hadoop-ozone/integration-test/target/test-dir/MiniOzoneClusterImpl-04ebbe06-f53c-4430-a49a-d9bd549dca97/datanode-0/data/ratis/4fc07812-96a4-4dd0-8afb-8bd36e726bfe does not exist. Creating ...
2020-04-24 12:00:06,423 [pool-703-thread-1] INFO  storage.RaftStorageDirectory (RaftStorageDirectory.java:tryLock(335)) - Lock on /github/workspace/mnt/ozone/hadoop-ozone/integration-test/target/test-dir/MiniOzoneClusterImpl-04ebbe06-f53c-4430-a49a-d9bd549dca97/datanode-0/data/ratis/4fc07812-96a4-4dd0-8afb-8bd36e726bfe/in_use.lock acquired by nodename 4276@4a38389e7a26
2020-04-24 12:00:06,424 [pool-703-thread-1] INFO  storage.RaftStorage (RaftStorage.java:format(84)) - Storage directory /github/workspace/mnt/ozone/hadoop-ozone/integration-test/target/test-dir/MiniOzoneClusterImpl-04ebbe06-f53c-4430-a49a-d9bd549dca97/datanode-0/data/ratis/4fc07812-96a4-4dd0-8afb-8bd36e726bfe has been successfully formatted.
2020-04-24 12:00:06,425 [pool-703-thread-1] INFO  ratis.ContainerStateMachine (ContainerStateMachine.java:loadSnapshot(226)) - group-8BD36E726BFE: The snapshot info is null. Setting the last applied indexto:(t:0, i:~)
2020-04-24 12:00:06,425 [pool-703-thread-1] INFO  server.RaftServerConfigKeys (ConfUtils.java:logGet(44)) - raft.server.notification.no-leader.timeout = 60s (default)
2020-04-24 12:00:06,425 [pool-703-thread-1] INFO  server.RaftServerConfigKeys (ConfUtils.java:logGet(44)) - raft.server.log.use.memory = false (default)
2020-04-24 12:00:06,426 [pool-703-thread-1] INFO  server.RaftServerConfigKeys (ConfUtils.java:logGet(44)) - raft.server.log.purge.gap = 1000000 (custom)
2020-04-24 12:00:06,426 [pool-703-thread-1] INFO  server.RaftServerConfigKeys (ConfUtils.java:logGet(44)) - raft.server.log.appender.buffer.byte-limit = 33554432 (custom)
2020-04-24 12:00:06,426 [pool-703-thread-1] INFO  server.RaftServerConfigKeys (ConfUtils.java:logGet(44)) - raft.server.log.segment.size.max = 1048576 (custom)
2020-04-24 12:00:06,426 [pool-703-thread-1] INFO  metrics.RatisMetrics (RatisMetrics.java:lambda$create$0(39)) - Creating Metrics Registry : ratis.log_worker.2973722e-481f-4d7e-8dc5-81664b76c6de
2020-04-24 12:00:06,426 [pool-703-thread-1] INFO  server.RaftServerConfigKeys (ConfUtils.java:logGet(44)) - raft.server.log.segment.cache.num.max = 2 (custom)
2020-04-24 12:00:06,426 [EventQueue-PipelineReportForPipelineReportHandler] INFO  pipeline.PipelineStateManager (PipelineStateManager.java:openPipeline(131)) - Pipeline Pipeline[ Id: 4fc07812-96a4-4dd0-8afb-8bd36e726bfe, Nodes: 2973722e-481f-4d7e-8dc5-81664b76c6de{ip: 172.17.0.2, host: 4a38389e7a26, networkLocation: /default-rack, certSerialId: null}, Type:RATIS, Factor:ONE, State:ALLOCATED, leaderId:2973722e-481f-4d7e-8dc5-81664b76c6de, CreationTimestamp2020-04-24T12:00:03.419Z] moved to OPEN state
2020-04-24 12:00:06,426 [pool-703-thread-1] INFO  segmented.SegmentedRaftLogWorker (SegmentedRaftLogWorker.java:<init>(176)) - new 2973722e-481f-4d7e-8dc5-81664b76c6de@group-8BD36E726BFE-SegmentedRaftLogWorker for RaftStorage:Storage Directory /github/workspace/mnt/ozone/hadoop-ozone/integration-test/target/test-dir/MiniOzoneClusterImpl-04ebbe06-f53c-4430-a49a-d9bd549dca97/datanode-0/data/ratis/4fc07812-96a4-4dd0-8afb-8bd36e726bfe
2020-04-24 12:00:06,426 [pool-703-thread-1] INFO  server.RaftServerConfigKeys (ConfUtils.java:logGet(44)) - raft.server.log.queue.byte-limit = 2147483647 (custom)
2020-04-24 12:00:06,427 [pool-703-thread-1] INFO  server.RaftServerConfigKeys (ConfUtils.java:logGet(44)) - raft.server.log.queue.element-limit = 1024 (custom)
2020-04-24 12:00:06,427 [pool-703-thread-1] INFO  server.RaftServerConfigKeys (ConfUtils.java:logGet(44)) - raft.server.log.segment.size.max = 1048576 (custom)
2020-04-24 12:00:06,427 [pool-703-thread-1] INFO  server.RaftServerConfigKeys (ConfUtils.java:logGet(44)) - raft.server.log.preallocated.size = 16384 (custom)
2020-04-24 12:00:06,427 [pool-703-thread-1] INFO  server.RaftServerConfigKeys (ConfUtils.java:logGet(44)) - raft.server.log.write.buffer.size = 1048576 (custom)
2020-04-24 12:00:06,427 [pool-703-thread-1] INFO  server.RaftServerConfigKeys (ConfUtils.java:logGet(44)) - raft.server.log.force.sync.num = 128 (default)
2020-04-24 12:00:06,428 [pool-703-thread-1] INFO  server.RaftServerConfigKeys (ConfUtils.java:logGet(44)) - raft.server.log.statemachine.data.sync = true (default)
2020-04-24 12:00:06,428 [pool-703-thread-1] INFO  server.RaftServerConfigKeys (ConfUtils.java:logGet(44)) - raft.server.log.statemachine.data.sync.timeout = 10s (default)
2020-04-24 12:00:06,428 [pool-703-thread-1] INFO  server.RaftServerConfigKeys (ConfUtils.java:logGet(44)) - raft.server.log.statemachine.data.sync.timeout.retry = -1 (default)
2020-04-24 12:00:06,431 [EventQueue-OpenPipelineForHealthyPipelineSafeModeRule] INFO  safemode.SCMSafeModeManager (HealthyPipelineSafeModeRule.java:process(132)) - SCM in safe mode. Healthy pipelines reported count is 0, required healthy pipeline reported count is 1
2020-04-24 12:00:06,431 [EventQueue-OpenPipelineForOneReplicaPipelineSafeModeRule] INFO  safemode.SCMSafeModeManager (SCMSafeModeManager.java:validateSafeModeExitRules(183)) - AtleastOneDatanodeReportedRule rule is successfully validated
2020-04-24 12:00:06,434 [pool-703-thread-1] INFO  server.RaftServerConfigKeys (ConfUtils.java:logGet(44)) - raft.server.log.statemachine.data.caching.enabled = true (custom)
2020-04-24 12:00:06,434 [pool-703-thread-1] INFO  segmented.SegmentedRaftLogWorker (SegmentedRaftLogWorker.java:lambda$new$0(129)) - 2973722e-481f-4d7e-8dc5-81664b76c6de@group-8BD36E726BFE-SegmentedRaftLogWorker: flushIndex: setUnconditionally 0 -> -1
2020-04-24 12:00:06,434 [pool-703-thread-1] INFO  server.RaftServerConfigKeys (ConfUtils.java:logGet(44)) - raft.server.snapshot.auto.trigger.enabled = true (custom)
2020-04-24 12:00:06,434 [pool-703-thread-1] INFO  server.RaftServerConfigKeys (ConfUtils.java:logGet(44)) - raft.server.snapshot.auto.trigger.threshold = 10000 (custom)
2020-04-24 12:00:06,434 [pool-703-thread-1] INFO  server.RaftServerConfigKeys (ConfUtils.java:logGet(44)) - raft.server.snapshot.retention.file.num = 5 (custom)
2020-04-24 12:00:06,434 [pool-703-thread-1] INFO  server.RaftServerConfigKeys (ConfUtils.java:logGet(44)) - raft.server.retrycache.expirytime = 600000ms (custom)
2020-04-24 12:00:06,435 [pool-703-thread-1] INFO  metrics.RatisMetrics (RatisMetrics.java:lambda$create$0(39)) - Creating Metrics Registry : ratis.leader_election.2973722e-481f-4d7e-8dc5-81664b76c6de@group-8BD36E726BFE
2020-04-24 12:00:06,435 [pool-703-thread-1] INFO  metrics.RatisMetrics (RatisMetrics.java:lambda$create$0(39)) - Creating Metrics Registry : ratis.server.2973722e-481f-4d7e-8dc5-81664b76c6de@group-8BD36E726BFE
2020-04-24 12:00:06,437 [pool-703-thread-1] INFO  impl.RaftServerImpl (RaftServerImpl.java:start(183)) - 2973722e-481f-4d7e-8dc5-81664b76c6de@group-8BD36E726BFE: start as a follower, conf=-1: [2973722e-481f-4d7e-8dc5-81664b76c6de:172.17.0.2:34303], old=null
2020-04-24 12:00:06,437 [pool-703-thread-1] INFO  impl.RaftServerImpl (RaftServerImpl.java:setRole(172)) - 2973722e-481f-4d7e-8dc5-81664b76c6de@group-8BD36E726BFE: changes role from      null to FOLLOWER at term 0 for startAsFollower
2020-04-24 12:00:06,437 [pool-703-thread-1] INFO  impl.RoleInfo (RoleInfo.java:updateAndGet(143)) - 2973722e-481f-4d7e-8dc5-81664b76c6de: start FollowerState
2020-04-24 12:00:06,437 [pool-703-thread-1] INFO  util.JmxRegister (JmxRegister.java:tryRegister(44)) - Successfully registered JMX Bean with object name Ratis:service=RaftServer,group=group-8BD36E726BFE,id=2973722e-481f-4d7e-8dc5-81664b76c6de
2020-04-24 12:00:06,437 [pool-703-thread-1] INFO  metrics.RatisMetrics (RatisMetrics.java:lambda$create$0(39)) - Creating Metrics Registry : ratis.state_machine.2973722e-481f-4d7e-8dc5-81664b76c6de@group-8BD36E726BFE
2020-04-24 12:00:06,439 [Command processor thread] INFO  commandhandler.CreatePipelineCommandHandler (CreatePipelineCommandHandler.java:handle(109)) - Created Pipeline RATIS ONE #id: "4fc07812-96a4-4dd0-8afb-8bd36e726bfe"
.
2020-04-24 12:00:06,439 [Command processor thread] INFO  impl.RaftServerProxy (RaftServerProxy.java:addNew(89)) - 2973722e-481f-4d7e-8dc5-81664b76c6de: addNew group-7AD1695502C0:[5005a2c3-5168-417f-bbb4-79f56e1cdb1d:172.17.0.2:44903, 5eff9a06-5967-44f9-80ef-de1d46e4c966:172.17.0.2:40017, 2973722e-481f-4d7e-8dc5-81664b76c6de:172.17.0.2:34303] returns group-7AD1695502C0:java.util.concurrent.CompletableFuture@2c29e969[Not completed]
2020-04-24 12:00:06,440 [pool-703-thread-1] INFO  impl.RaftServerImpl (RaftServerImpl.java:<init>(97)) - 2973722e-481f-4d7e-8dc5-81664b76c6de: new RaftServerImpl for group-7AD1695502C0:[5005a2c3-5168-417f-bbb4-79f56e1cdb1d:172.17.0.2:44903, 5eff9a06-5967-44f9-80ef-de1d46e4c966:172.17.0.2:40017, 2973722e-481f-4d7e-8dc5-81664b76c6de:172.17.0.2:34303] with ContainerStateMachine:uninitialized
2020-04-24 12:00:06,440 [pool-703-thread-1] INFO  server.RaftServerConfigKeys (ConfUtils.java:logGet(44)) - raft.server.rpc.timeout.min = 5s (custom)
2020-04-24 12:00:06,440 [pool-703-thread-1] INFO  server.RaftServerConfigKeys (ConfUtils.java:logGet(44)) - raft.server.rpc.timeout.max = 5200ms (custom)
2020-04-24 12:00:06,441 [pool-703-thread-1] INFO  server.RaftServerConfigKeys (ConfUtils.java:logGet(44)) - raft.server.rpcslowness.timeout = 300s (custom)
2020-04-24 12:00:06,441 [pool-703-thread-1] INFO  server.RaftServerConfigKeys (ConfUtils.java:logGet(44)) - raft.server.sleep.deviation.threshold = 300 (default)
2020-04-24 12:00:06,441 [pool-703-thread-1] INFO  server.RaftServerConfigKeys (ConfUtils.java:logGet(44)) - raft.server.log.appender.install.snapshot.enabled = false (custom)
2020-04-24 12:00:06,441 [pool-703-thread-1] INFO  impl.RaftServerImpl (ServerState.java:<init>(103)) - 2973722e-481f-4d7e-8dc5-81664b76c6de@group-7AD1695502C0: ConfigurationManager, init=-1: [5005a2c3-5168-417f-bbb4-79f56e1cdb1d:172.17.0.2:44903, 5eff9a06-5967-44f9-80ef-de1d46e4c966:172.17.0.2:40017, 2973722e-481f-4d7e-8dc5-81664b76c6de:172.17.0.2:34303], old=null, confs=<EMPTY_MAP>
2020-04-24 12:00:06,441 [pool-703-thread-1] INFO  server.RaftServerConfigKeys (ConfUtils.java:logGet(44)) - raft.server.storage.dir = [/github/workspace/mnt/ozone/hadoop-ozone/integration-test/target/test-dir/MiniOzoneClusterImpl-04ebbe06-f53c-4430-a49a-d9bd549dca97/datanode-0/data/ratis] (custom)
2020-04-24 12:00:06,441 [pool-703-thread-1] INFO  server.RaftServerConfigKeys (ConfUtils.java:logGet(44)) - raft.server.log.corruption.policy = EXCEPTION (default)
2020-04-24 12:00:06,441 [pool-703-thread-1] INFO  storage.RaftStorageDirectory (RaftStorageDirectory.java:analyzeStorage(253)) - The storage directory /github/workspace/mnt/ozone/hadoop-ozone/integration-test/target/test-dir/MiniOzoneClusterImpl-04ebbe06-f53c-4430-a49a-d9bd549dca97/datanode-0/data/ratis/51b24a8c-2f82-4de5-9a2e-7ad1695502c0 does not exist. Creating ...
2020-04-24 12:00:06,442 [pool-703-thread-1] INFO  storage.RaftStorageDirectory (RaftStorageDirectory.java:tryLock(335)) - Lock on /github/workspace/mnt/ozone/hadoop-ozone/integration-test/target/test-dir/MiniOzoneClusterImpl-04ebbe06-f53c-4430-a49a-d9bd549dca97/datanode-0/data/ratis/51b24a8c-2f82-4de5-9a2e-7ad1695502c0/in_use.lock acquired by nodename 4276@4a38389e7a26
2020-04-24 12:00:06,443 [pool-703-thread-1] INFO  storage.RaftStorage (RaftStorage.java:format(84)) - Storage directory /github/workspace/mnt/ozone/hadoop-ozone/integration-test/target/test-dir/MiniOzoneClusterImpl-04ebbe06-f53c-4430-a49a-d9bd549dca97/datanode-0/data/ratis/51b24a8c-2f82-4de5-9a2e-7ad1695502c0 has been successfully formatted.
2020-04-24 12:00:06,444 [pool-703-thread-1] INFO  ratis.ContainerStateMachine (ContainerStateMachine.java:loadSnapshot(226)) - group-7AD1695502C0: The snapshot info is null. Setting the last applied indexto:(t:0, i:~)
2020-04-24 12:00:06,444 [pool-703-thread-1] INFO  server.RaftServerConfigKeys (ConfUtils.java:logGet(44)) - raft.server.notification.no-leader.timeout = 60s (default)
2020-04-24 12:00:06,444 [pool-703-thread-1] INFO  server.RaftServerConfigKeys (ConfUtils.java:logGet(44)) - raft.server.log.use.memory = false (default)
2020-04-24 12:00:06,444 [pool-703-thread-1] INFO  server.RaftServerConfigKeys (ConfUtils.java:logGet(44)) - raft.server.log.purge.gap = 1000000 (custom)
2020-04-24 12:00:06,445 [pool-703-thread-1] INFO  server.RaftServerConfigKeys (ConfUtils.java:logGet(44)) - raft.server.log.appender.buffer.byte-limit = 33554432 (custom)
2020-04-24 12:00:06,445 [pool-703-thread-1] INFO  server.RaftServerConfigKeys (ConfUtils.java:logGet(44)) - raft.server.log.segment.size.max = 1048576 (custom)
2020-04-24 12:00:06,445 [pool-703-thread-1] INFO  server.RaftServerConfigKeys (ConfUtils.java:logGet(44)) - raft.server.log.segment.cache.num.max = 2 (custom)
2020-04-24 12:00:06,445 [pool-703-thread-1] INFO  segmented.SegmentedRaftLogWorker (SegmentedRaftLogWorker.java:<init>(176)) - new 2973722e-481f-4d7e-8dc5-81664b76c6de@group-7AD1695502C0-SegmentedRaftLogWorker for RaftStorage:Storage Directory /github/workspace/mnt/ozone/hadoop-ozone/integration-test/target/test-dir/MiniOzoneClusterImpl-04ebbe06-f53c-4430-a49a-d9bd549dca97/datanode-0/data/ratis/51b24a8c-2f82-4de5-9a2e-7ad1695502c0
2020-04-24 12:00:06,445 [pool-703-thread-1] INFO  server.RaftServerConfigKeys (ConfUtils.java:logGet(44)) - raft.server.log.queue.byte-limit = 2147483647 (custom)
2020-04-24 12:00:06,445 [pool-703-thread-1] INFO  server.RaftServerConfigKeys (ConfUtils.java:logGet(44)) - raft.server.log.queue.element-limit = 1024 (custom)
2020-04-24 12:00:06,445 [pool-703-thread-1] INFO  server.RaftServerConfigKeys (ConfUtils.java:logGet(44)) - raft.server.log.segment.size.max = 1048576 (custom)
2020-04-24 12:00:06,445 [pool-703-thread-1] INFO  server.RaftServerConfigKeys (ConfUtils.java:logGet(44)) - raft.server.log.preallocated.size = 16384 (custom)
2020-04-24 12:00:06,445 [pool-703-thread-1] INFO  server.RaftServerConfigKeys (ConfUtils.java:logGet(44)) - raft.server.log.write.buffer.size = 1048576 (custom)
2020-04-24 12:00:06,445 [pool-703-thread-1] INFO  server.RaftServerConfigKeys (ConfUtils.java:logGet(44)) - raft.server.log.force.sync.num = 128 (default)
2020-04-24 12:00:06,445 [pool-703-thread-1] INFO  server.RaftServerConfigKeys (ConfUtils.java:logGet(44)) - raft.server.log.statemachine.data.sync = true (default)
2020-04-24 12:00:06,445 [pool-703-thread-1] INFO  server.RaftServerConfigKeys (ConfUtils.java:logGet(44)) - raft.server.log.statemachine.data.sync.timeout = 10s (default)
2020-04-24 12:00:06,445 [pool-703-thread-1] INFO  server.RaftServerConfigKeys (ConfUtils.java:logGet(44)) - raft.server.log.statemachine.data.sync.timeout.retry = -1 (default)
2020-04-24 12:00:06,447 [pool-703-thread-1] INFO  server.RaftServerConfigKeys (ConfUtils.java:logGet(44)) - raft.server.log.statemachine.data.caching.enabled = true (custom)
2020-04-24 12:00:06,447 [pool-703-thread-1] INFO  segmented.SegmentedRaftLogWorker (SegmentedRaftLogWorker.java:lambda$new$0(129)) - 2973722e-481f-4d7e-8dc5-81664b76c6de@group-7AD1695502C0-SegmentedRaftLogWorker: flushIndex: setUnconditionally 0 -> -1
2020-04-24 12:00:06,447 [pool-703-thread-1] INFO  server.RaftServerConfigKeys (ConfUtils.java:logGet(44)) - raft.server.snapshot.auto.trigger.enabled = true (custom)
2020-04-24 12:00:06,447 [pool-703-thread-1] INFO  server.RaftServerConfigKeys (ConfUtils.java:logGet(44)) - raft.server.snapshot.auto.trigger.threshold = 10000 (custom)
2020-04-24 12:00:06,447 [pool-703-thread-1] INFO  server.RaftServerConfigKeys (ConfUtils.java:logGet(44)) - raft.server.snapshot.retention.file.num = 5 (custom)
2020-04-24 12:00:06,447 [pool-703-thread-1] INFO  server.RaftServerConfigKeys (ConfUtils.java:logGet(44)) - raft.server.retrycache.expirytime = 600000ms (custom)
2020-04-24 12:00:06,447 [pool-703-thread-1] INFO  metrics.RatisMetrics (RatisMetrics.java:lambda$create$0(39)) - Creating Metrics Registry : ratis.leader_election.2973722e-481f-4d7e-8dc5-81664b76c6de@group-7AD1695502C0
2020-04-24 12:00:06,448 [pool-703-thread-1] INFO  metrics.RatisMetrics (RatisMetrics.java:lambda$create$0(39)) - Creating Metrics Registry : ratis.server.2973722e-481f-4d7e-8dc5-81664b76c6de@group-7AD1695502C0
2020-04-24 12:00:06,450 [pool-703-thread-1] INFO  impl.RaftServerImpl (RaftServerImpl.java:start(183)) - 2973722e-481f-4d7e-8dc5-81664b76c6de@group-7AD1695502C0: start as a follower, conf=-1: [5005a2c3-5168-417f-bbb4-79f56e1cdb1d:172.17.0.2:44903, 5eff9a06-5967-44f9-80ef-de1d46e4c966:172.17.0.2:40017, 2973722e-481f-4d7e-8dc5-81664b76c6de:172.17.0.2:34303], old=null
2020-04-24 12:00:06,450 [pool-703-thread-1] INFO  impl.RaftServerImpl (RaftServerImpl.java:setRole(172)) - 2973722e-481f-4d7e-8dc5-81664b76c6de@group-7AD1695502C0: changes role from      null to FOLLOWER at term 0 for startAsFollower
2020-04-24 12:00:06,450 [pool-703-thread-1] INFO  impl.RoleInfo (RoleInfo.java:updateAndGet(143)) - 2973722e-481f-4d7e-8dc5-81664b76c6de: start FollowerState
2020-04-24 12:00:06,450 [pool-703-thread-1] INFO  util.JmxRegister (JmxRegister.java:tryRegister(44)) - Successfully registered JMX Bean with object name Ratis:service=RaftServer,group=group-7AD1695502C0,id=2973722e-481f-4d7e-8dc5-81664b76c6de
2020-04-24 12:00:06,450 [pool-703-thread-1] INFO  metrics.RatisMetrics (RatisMetrics.java:lambda$create$0(39)) - Creating Metrics Registry : ratis.state_machine.2973722e-481f-4d7e-8dc5-81664b76c6de@group-7AD1695502C0
2020-04-24 12:00:06,458 [grpc-default-executor-0] INFO  impl.RaftServerProxy (RaftServerProxy.java:addNew(89)) - 5005a2c3-5168-417f-bbb4-79f56e1cdb1d: addNew group-7AD1695502C0:[5005a2c3-5168-417f-bbb4-79f56e1cdb1d:172.17.0.2:44903, 5eff9a06-5967-44f9-80ef-de1d46e4c966:172.17.0.2:40017, 2973722e-481f-4d7e-8dc5-81664b76c6de:172.17.0.2:34303] returns group-7AD1695502C0:java.util.concurrent.CompletableFuture@50868673[Not completed]
2020-04-24 12:00:06,459 [pool-733-thread-1] INFO  impl.RaftServerImpl (RaftServerImpl.java:<init>(97)) - 5005a2c3-5168-417f-bbb4-79f56e1cdb1d: new RaftServerImpl for group-7AD1695502C0:[5005a2c3-5168-417f-bbb4-79f56e1cdb1d:172.17.0.2:44903, 5eff9a06-5967-44f9-80ef-de1d46e4c966:172.17.0.2:40017, 2973722e-481f-4d7e-8dc5-81664b76c6de:172.17.0.2:34303] with ContainerStateMachine:uninitialized
2020-04-24 12:00:06,460 [pool-733-thread-1] INFO  server.RaftServerConfigKeys (ConfUtils.java:logGet(44)) - raft.server.rpc.timeout.min = 5s (custom)
2020-04-24 12:00:06,460 [pool-733-thread-1] INFO  server.RaftServerConfigKeys (ConfUtils.java:logGet(44)) - raft.server.rpc.timeout.max = 5200ms (custom)
2020-04-24 12:00:06,460 [pool-733-thread-1] INFO  server.RaftServerConfigKeys (ConfUtils.java:logGet(44)) - raft.server.rpcslowness.timeout = 300s (custom)
2020-04-24 12:00:06,460 [pool-733-thread-1] INFO  server.RaftServerConfigKeys (ConfUtils.java:logGet(44)) - raft.server.sleep.deviation.threshold = 300 (default)
2020-04-24 12:00:06,460 [pool-733-thread-1] INFO  server.RaftServerConfigKeys (ConfUtils.java:logGet(44)) - raft.server.log.appender.install.snapshot.enabled = false (custom)
2020-04-24 12:00:06,460 [pool-733-thread-1] INFO  impl.RaftServerImpl (ServerState.java:<init>(103)) - 5005a2c3-5168-417f-bbb4-79f56e1cdb1d@group-7AD1695502C0: ConfigurationManager, init=-1: [5005a2c3-5168-417f-bbb4-79f56e1cdb1d:172.17.0.2:44903, 5eff9a06-5967-44f9-80ef-de1d46e4c966:172.17.0.2:40017, 2973722e-481f-4d7e-8dc5-81664b76c6de:172.17.0.2:34303], old=null, confs=<EMPTY_MAP>
2020-04-24 12:00:06,460 [pool-733-thread-1] INFO  server.RaftServerConfigKeys (ConfUtils.java:logGet(44)) - raft.server.storage.dir = [/github/workspace/mnt/ozone/hadoop-ozone/integration-test/target/test-dir/MiniOzoneClusterImpl-04ebbe06-f53c-4430-a49a-d9bd549dca97/datanode-2/data/ratis] (custom)
2020-04-24 12:00:06,460 [pool-733-thread-1] INFO  server.RaftServerConfigKeys (ConfUtils.java:logGet(44)) - raft.server.log.corruption.policy = EXCEPTION (default)
2020-04-24 12:00:06,460 [pool-733-thread-1] INFO  storage.RaftStorageDirectory (RaftStorageDirectory.java:analyzeStorage(253)) - The storage directory /github/workspace/mnt/ozone/hadoop-ozone/integration-test/target/test-dir/MiniOzoneClusterImpl-04ebbe06-f53c-4430-a49a-d9bd549dca97/datanode-2/data/ratis/51b24a8c-2f82-4de5-9a2e-7ad1695502c0 does not exist. Creating ...
2020-04-24 12:00:06,461 [pool-733-thread-1] INFO  storage.RaftStorageDirectory (RaftStorageDirectory.java:tryLock(335)) - Lock on /github/workspace/mnt/ozone/hadoop-ozone/integration-test/target/test-dir/MiniOzoneClusterImpl-04ebbe06-f53c-4430-a49a-d9bd549dca97/datanode-2/data/ratis/51b24a8c-2f82-4de5-9a2e-7ad1695502c0/in_use.lock acquired by nodename 4276@4a38389e7a26
2020-04-24 12:00:06,463 [pool-733-thread-1] INFO  storage.RaftStorage (RaftStorage.java:format(84)) - Storage directory /github/workspace/mnt/ozone/hadoop-ozone/integration-test/target/test-dir/MiniOzoneClusterImpl-04ebbe06-f53c-4430-a49a-d9bd549dca97/datanode-2/data/ratis/51b24a8c-2f82-4de5-9a2e-7ad1695502c0 has been successfully formatted.
2020-04-24 12:00:06,464 [pool-733-thread-1] INFO  ratis.ContainerStateMachine (ContainerStateMachine.java:loadSnapshot(226)) - group-7AD1695502C0: The snapshot info is null. Setting the last applied indexto:(t:0, i:~)
2020-04-24 12:00:06,465 [pool-733-thread-1] INFO  server.RaftServerConfigKeys (ConfUtils.java:logGet(44)) - raft.server.notification.no-leader.timeout = 60s (default)
2020-04-24 12:00:06,465 [pool-733-thread-1] INFO  server.RaftServerConfigKeys (ConfUtils.java:logGet(44)) - raft.server.log.use.memory = false (default)
2020-04-24 12:00:06,465 [pool-733-thread-1] INFO  server.RaftServerConfigKeys (ConfUtils.java:logGet(44)) - raft.server.log.purge.gap = 1000000 (custom)
2020-04-24 12:00:06,465 [pool-733-thread-1] INFO  server.RaftServerConfigKeys (ConfUtils.java:logGet(44)) - raft.server.log.appender.buffer.byte-limit = 33554432 (custom)
2020-04-24 12:00:06,465 [pool-733-thread-1] INFO  server.RaftServerConfigKeys (ConfUtils.java:logGet(44)) - raft.server.log.segment.size.max = 1048576 (custom)
2020-04-24 12:00:06,466 [pool-733-thread-1] INFO  metrics.RatisMetrics (RatisMetrics.java:lambda$create$0(39)) - Creating Metrics Registry : ratis.log_worker.5005a2c3-5168-417f-bbb4-79f56e1cdb1d
2020-04-24 12:00:06,466 [pool-733-thread-1] INFO  server.RaftServerConfigKeys (ConfUtils.java:logGet(44)) - raft.server.log.segment.cache.num.max = 2 (custom)
2020-04-24 12:00:06,466 [pool-733-thread-1] INFO  segmented.SegmentedRaftLogWorker (SegmentedRaftLogWorker.java:<init>(176)) - new 5005a2c3-5168-417f-bbb4-79f56e1cdb1d@group-7AD1695502C0-SegmentedRaftLogWorker for RaftStorage:Storage Directory /github/workspace/mnt/ozone/hadoop-ozone/integration-test/target/test-dir/MiniOzoneClusterImpl-04ebbe06-f53c-4430-a49a-d9bd549dca97/datanode-2/data/ratis/51b24a8c-2f82-4de5-9a2e-7ad1695502c0
2020-04-24 12:00:06,466 [pool-733-thread-1] INFO  server.RaftServerConfigKeys (ConfUtils.java:logGet(44)) - raft.server.log.queue.byte-limit = 2147483647 (custom)
2020-04-24 12:00:06,466 [pool-733-thread-1] INFO  server.RaftServerConfigKeys (ConfUtils.java:logGet(44)) - raft.server.log.queue.element-limit = 1024 (custom)
2020-04-24 12:00:06,466 [pool-733-thread-1] INFO  server.RaftServerConfigKeys (ConfUtils.java:logGet(44)) - raft.server.log.segment.size.max = 1048576 (custom)
2020-04-24 12:00:06,466 [pool-733-thread-1] INFO  server.RaftServerConfigKeys (ConfUtils.java:logGet(44)) - raft.server.log.preallocated.size = 16384 (custom)
2020-04-24 12:00:06,466 [pool-733-thread-1] INFO  server.RaftServerConfigKeys (ConfUtils.java:logGet(44)) - raft.server.log.write.buffer.size = 1048576 (custom)
2020-04-24 12:00:06,466 [pool-733-thread-1] INFO  server.RaftServerConfigKeys (ConfUtils.java:logGet(44)) - raft.server.log.force.sync.num = 128 (default)
2020-04-24 12:00:06,466 [pool-733-thread-1] INFO  server.RaftServerConfigKeys (ConfUtils.java:logGet(44)) - raft.server.log.statemachine.data.sync = true (default)
2020-04-24 12:00:06,466 [pool-733-thread-1] INFO  server.RaftServerConfigKeys (ConfUtils.java:logGet(44)) - raft.server.log.statemachine.data.sync.timeout = 10s (default)
2020-04-24 12:00:06,466 [pool-733-thread-1] INFO  server.RaftServerConfigKeys (ConfUtils.java:logGet(44)) - raft.server.log.statemachine.data.sync.timeout.retry = -1 (default)
2020-04-24 12:00:06,468 [pool-733-thread-1] INFO  server.RaftServerConfigKeys (ConfUtils.java:logGet(44)) - raft.server.log.statemachine.data.caching.enabled = true (custom)
2020-04-24 12:00:06,468 [pool-733-thread-1] INFO  segmented.SegmentedRaftLogWorker (SegmentedRaftLogWorker.java:lambda$new$0(129)) - 5005a2c3-5168-417f-bbb4-79f56e1cdb1d@group-7AD1695502C0-SegmentedRaftLogWorker: flushIndex: setUnconditionally 0 -> -1
2020-04-24 12:00:06,468 [pool-733-thread-1] INFO  server.RaftServerConfigKeys (ConfUtils.java:logGet(44)) - raft.server.snapshot.auto.trigger.enabled = true (custom)
2020-04-24 12:00:06,468 [pool-733-thread-1] INFO  server.RaftServerConfigKeys (ConfUtils.java:logGet(44)) - raft.server.snapshot.auto.trigger.threshold = 10000 (custom)
2020-04-24 12:00:06,468 [pool-733-thread-1] INFO  server.RaftServerConfigKeys (ConfUtils.java:logGet(44)) - raft.server.snapshot.retention.file.num = 5 (custom)
2020-04-24 12:00:06,469 [pool-733-thread-1] INFO  server.RaftServerConfigKeys (ConfUtils.java:logGet(44)) - raft.server.retrycache.expirytime = 600000ms (custom)
2020-04-24 12:00:06,469 [pool-733-thread-1] INFO  metrics.RatisMetrics (RatisMetrics.java:lambda$create$0(39)) - Creating Metrics Registry : ratis.leader_election.5005a2c3-5168-417f-bbb4-79f56e1cdb1d@group-7AD1695502C0
2020-04-24 12:00:06,469 [pool-733-thread-1] INFO  metrics.RatisMetrics (RatisMetrics.java:lambda$create$0(39)) - Creating Metrics Registry : ratis.server.5005a2c3-5168-417f-bbb4-79f56e1cdb1d@group-7AD1695502C0
2020-04-24 12:00:06,471 [pool-733-thread-1] INFO  impl.RaftServerImpl (RaftServerImpl.java:start(183)) - 5005a2c3-5168-417f-bbb4-79f56e1cdb1d@group-7AD1695502C0: start as a follower, conf=-1: [5005a2c3-5168-417f-bbb4-79f56e1cdb1d:172.17.0.2:44903, 5eff9a06-5967-44f9-80ef-de1d46e4c966:172.17.0.2:40017, 2973722e-481f-4d7e-8dc5-81664b76c6de:172.17.0.2:34303], old=null
2020-04-24 12:00:06,471 [pool-733-thread-1] INFO  impl.RaftServerImpl (RaftServerImpl.java:setRole(172)) - 5005a2c3-5168-417f-bbb4-79f56e1cdb1d@group-7AD1695502C0: changes role from      null to FOLLOWER at term 0 for startAsFollower
2020-04-24 12:00:06,471 [pool-733-thread-1] INFO  impl.RoleInfo (RoleInfo.java:updateAndGet(143)) - 5005a2c3-5168-417f-bbb4-79f56e1cdb1d: start FollowerState
2020-04-24 12:00:06,472 [pool-733-thread-1] INFO  util.JmxRegister (JmxRegister.java:tryRegister(44)) - Successfully registered JMX Bean with object name Ratis:service=RaftServer,group=group-7AD1695502C0,id=5005a2c3-5168-417f-bbb4-79f56e1cdb1d
2020-04-24 12:00:06,472 [pool-733-thread-1] INFO  metrics.RatisMetrics (RatisMetrics.java:lambda$create$0(39)) - Creating Metrics Registry : ratis.state_machine.5005a2c3-5168-417f-bbb4-79f56e1cdb1d@group-7AD1695502C0
2020-04-24 12:00:06,486 [grpc-default-executor-0] INFO  impl.RaftServerProxy (RaftServerProxy.java:addNew(89)) - 5eff9a06-5967-44f9-80ef-de1d46e4c966: addNew group-7AD1695502C0:[5005a2c3-5168-417f-bbb4-79f56e1cdb1d:172.17.0.2:44903, 5eff9a06-5967-44f9-80ef-de1d46e4c966:172.17.0.2:40017, 2973722e-481f-4d7e-8dc5-81664b76c6de:172.17.0.2:34303] returns group-7AD1695502C0:java.util.concurrent.CompletableFuture@24dbf482[Not completed]
2020-04-24 12:00:06,486 [Command processor thread] INFO  impl.RaftServerProxy (RaftServerProxy.java:addNew(89)) - 5eff9a06-5967-44f9-80ef-de1d46e4c966: addNew group-904E30EB3BC9:[5eff9a06-5967-44f9-80ef-de1d46e4c966:172.17.0.2:40017] returns group-904E30EB3BC9:java.util.concurrent.CompletableFuture@6f5e74cf[Not completed]
2020-04-24 12:00:06,488 [pool-718-thread-1] INFO  impl.RaftServerImpl (RaftServerImpl.java:<init>(97)) - 5eff9a06-5967-44f9-80ef-de1d46e4c966: new RaftServerImpl for group-7AD1695502C0:[5005a2c3-5168-417f-bbb4-79f56e1cdb1d:172.17.0.2:44903, 5eff9a06-5967-44f9-80ef-de1d46e4c966:172.17.0.2:40017, 2973722e-481f-4d7e-8dc5-81664b76c6de:172.17.0.2:34303] with ContainerStateMachine:uninitialized
2020-04-24 12:00:06,489 [pool-718-thread-1] INFO  server.RaftServerConfigKeys (ConfUtils.java:logGet(44)) - raft.server.rpc.timeout.min = 5s (custom)
2020-04-24 12:00:06,489 [pool-718-thread-1] INFO  server.RaftServerConfigKeys (ConfUtils.java:logGet(44)) - raft.server.rpc.timeout.max = 5200ms (custom)
2020-04-24 12:00:06,489 [pool-718-thread-1] INFO  server.RaftServerConfigKeys (ConfUtils.java:logGet(44)) - raft.server.rpcslowness.timeout = 300s (custom)
2020-04-24 12:00:06,489 [pool-718-thread-1] INFO  server.RaftServerConfigKeys (ConfUtils.java:logGet(44)) - raft.server.sleep.deviation.threshold = 300 (default)
2020-04-24 12:00:06,489 [pool-718-thread-1] INFO  server.RaftServerConfigKeys (ConfUtils.java:logGet(44)) - raft.server.log.appender.install.snapshot.enabled = false (custom)
2020-04-24 12:00:06,489 [pool-718-thread-1] INFO  impl.RaftServerImpl (ServerState.java:<init>(103)) - 5eff9a06-5967-44f9-80ef-de1d46e4c966@group-7AD1695502C0: ConfigurationManager, init=-1: [5005a2c3-5168-417f-bbb4-79f56e1cdb1d:172.17.0.2:44903, 5eff9a06-5967-44f9-80ef-de1d46e4c966:172.17.0.2:40017, 2973722e-481f-4d7e-8dc5-81664b76c6de:172.17.0.2:34303], old=null, confs=<EMPTY_MAP>
2020-04-24 12:00:06,490 [pool-718-thread-1] INFO  server.RaftServerConfigKeys (ConfUtils.java:logGet(44)) - raft.server.storage.dir = [/github/workspace/mnt/ozone/hadoop-ozone/integration-test/target/test-dir/MiniOzoneClusterImpl-04ebbe06-f53c-4430-a49a-d9bd549dca97/datanode-1/data/ratis] (custom)
2020-04-24 12:00:06,490 [pool-718-thread-1] INFO  server.RaftServerConfigKeys (ConfUtils.java:logGet(44)) - raft.server.log.corruption.policy = EXCEPTION (default)
2020-04-24 12:00:06,490 [pool-718-thread-1] INFO  storage.RaftStorageDirectory (RaftStorageDirectory.java:analyzeStorage(253)) - The storage directory /github/workspace/mnt/ozone/hadoop-ozone/integration-test/target/test-dir/MiniOzoneClusterImpl-04ebbe06-f53c-4430-a49a-d9bd549dca97/datanode-1/data/ratis/51b24a8c-2f82-4de5-9a2e-7ad1695502c0 does not exist. Creating ...
2020-04-24 12:00:06,491 [pool-718-thread-1] INFO  storage.RaftStorageDirectory (RaftStorageDirectory.java:tryLock(335)) - Lock on /github/workspace/mnt/ozone/hadoop-ozone/integration-test/target/test-dir/MiniOzoneClusterImpl-04ebbe06-f53c-4430-a49a-d9bd549dca97/datanode-1/data/ratis/51b24a8c-2f82-4de5-9a2e-7ad1695502c0/in_use.lock acquired by nodename 4276@4a38389e7a26
2020-04-24 12:00:06,492 [pool-718-thread-1] INFO  storage.RaftStorage (RaftStorage.java:format(84)) - Storage directory /github/workspace/mnt/ozone/hadoop-ozone/integration-test/target/test-dir/MiniOzoneClusterImpl-04ebbe06-f53c-4430-a49a-d9bd549dca97/datanode-1/data/ratis/51b24a8c-2f82-4de5-9a2e-7ad1695502c0 has been successfully formatted.
2020-04-24 12:00:06,493 [pool-718-thread-1] INFO  ratis.ContainerStateMachine (ContainerStateMachine.java:loadSnapshot(226)) - group-7AD1695502C0: The snapshot info is null. Setting the last applied indexto:(t:0, i:~)
2020-04-24 12:00:06,493 [pool-718-thread-1] INFO  server.RaftServerConfigKeys (ConfUtils.java:logGet(44)) - raft.server.notification.no-leader.timeout = 60s (default)
2020-04-24 12:00:06,494 [EventQueue-PipelineReportForPipelineReportHandler] INFO  pipeline.PipelineStateManager (PipelineStateManager.java:openPipeline(131)) - Pipeline Pipeline[ Id: e28a342b-e986-45f7-8526-904e30eb3bc9, Nodes: 5eff9a06-5967-44f9-80ef-de1d46e4c966{ip: 172.17.0.2, host: 4a38389e7a26, networkLocation: /default-rack, certSerialId: null}, Type:RATIS, Factor:ONE, State:ALLOCATED, leaderId:5eff9a06-5967-44f9-80ef-de1d46e4c966, CreationTimestamp2020-04-24T12:00:03.487Z] moved to OPEN state
2020-04-24 12:00:06,494 [pool-718-thread-1] INFO  server.RaftServerConfigKeys (ConfUtils.java:logGet(44)) - raft.server.log.use.memory = false (default)
2020-04-24 12:00:06,494 [EventQueue-OpenPipelineForOneReplicaPipelineSafeModeRule] INFO  safemode.SCMSafeModeManager (SCMSafeModeManager.java:validateSafeModeExitRules(183)) - AtleastOneDatanodeReportedRule rule is successfully validated
2020-04-24 12:00:06,494 [EventQueue-OpenPipelineForHealthyPipelineSafeModeRule] INFO  safemode.SCMSafeModeManager (HealthyPipelineSafeModeRule.java:process(132)) - SCM in safe mode. Healthy pipelines reported count is 0, required healthy pipeline reported count is 1
2020-04-24 12:00:06,494 [pool-718-thread-1] INFO  server.RaftServerConfigKeys (ConfUtils.java:logGet(44)) - raft.server.log.purge.gap = 1000000 (custom)
2020-04-24 12:00:06,495 [pool-718-thread-1] INFO  server.RaftServerConfigKeys (ConfUtils.java:logGet(44)) - raft.server.log.appender.buffer.byte-limit = 33554432 (custom)
2020-04-24 12:00:06,495 [pool-718-thread-1] INFO  server.RaftServerConfigKeys (ConfUtils.java:logGet(44)) - raft.server.log.segment.size.max = 1048576 (custom)
2020-04-24 12:00:06,495 [pool-718-thread-1] INFO  metrics.RatisMetrics (RatisMetrics.java:lambda$create$0(39)) - Creating Metrics Registry : ratis.log_worker.5eff9a06-5967-44f9-80ef-de1d46e4c966
2020-04-24 12:00:06,496 [pool-718-thread-1] INFO  server.RaftServerConfigKeys (ConfUtils.java:logGet(44)) - raft.server.log.segment.cache.num.max = 2 (custom)
2020-04-24 12:00:06,496 [pool-718-thread-1] INFO  segmented.SegmentedRaftLogWorker (SegmentedRaftLogWorker.java:<init>(176)) - new 5eff9a06-5967-44f9-80ef-de1d46e4c966@group-7AD1695502C0-SegmentedRaftLogWorker for RaftStorage:Storage Directory /github/workspace/mnt/ozone/hadoop-ozone/integration-test/target/test-dir/MiniOzoneClusterImpl-04ebbe06-f53c-4430-a49a-d9bd549dca97/datanode-1/data/ratis/51b24a8c-2f82-4de5-9a2e-7ad1695502c0
2020-04-24 12:00:06,496 [pool-718-thread-1] INFO  server.RaftServerConfigKeys (ConfUtils.java:logGet(44)) - raft.server.log.queue.byte-limit = 2147483647 (custom)
2020-04-24 12:00:06,496 [pool-718-thread-1] INFO  server.RaftServerConfigKeys (ConfUtils.java:logGet(44)) - raft.server.log.queue.element-limit = 1024 (custom)
2020-04-24 12:00:06,496 [pool-718-thread-1] INFO  server.RaftServerConfigKeys (ConfUtils.java:logGet(44)) - raft.server.log.segment.size.max = 1048576 (custom)
2020-04-24 12:00:06,496 [pool-718-thread-1] INFO  server.RaftServerConfigKeys (ConfUtils.java:logGet(44)) - raft.server.log.preallocated.size = 16384 (custom)
2020-04-24 12:00:06,496 [pool-718-thread-1] INFO  server.RaftServerConfigKeys (ConfUtils.java:logGet(44)) - raft.server.log.write.buffer.size = 1048576 (custom)
2020-04-24 12:00:06,496 [pool-718-thread-1] INFO  server.RaftServerConfigKeys (ConfUtils.java:logGet(44)) - raft.server.log.force.sync.num = 128 (default)
2020-04-24 12:00:06,497 [pool-718-thread-1] INFO  server.RaftServerConfigKeys (ConfUtils.java:logGet(44)) - raft.server.log.statemachine.data.sync = true (default)
2020-04-24 12:00:06,497 [pool-718-thread-1] INFO  server.RaftServerConfigKeys (ConfUtils.java:logGet(44)) - raft.server.log.statemachine.data.sync.timeout = 10s (default)
2020-04-24 12:00:06,497 [pool-718-thread-1] INFO  server.RaftServerConfigKeys (ConfUtils.java:logGet(44)) - raft.server.log.statemachine.data.sync.timeout.retry = -1 (default)
2020-04-24 12:00:06,499 [pool-718-thread-1] INFO  server.RaftServerConfigKeys (ConfUtils.java:logGet(44)) - raft.server.log.statemachine.data.caching.enabled = true (custom)
2020-04-24 12:00:06,499 [pool-718-thread-1] INFO  segmented.SegmentedRaftLogWorker (SegmentedRaftLogWorker.java:lambda$new$0(129)) - 5eff9a06-5967-44f9-80ef-de1d46e4c966@group-7AD1695502C0-SegmentedRaftLogWorker: flushIndex: setUnconditionally 0 -> -1
2020-04-24 12:00:06,499 [pool-718-thread-1] INFO  server.RaftServerConfigKeys (ConfUtils.java:logGet(44)) - raft.server.snapshot.auto.trigger.enabled = true (custom)
2020-04-24 12:00:06,500 [pool-718-thread-1] INFO  server.RaftServerConfigKeys (ConfUtils.java:logGet(44)) - raft.server.snapshot.auto.trigger.threshold = 10000 (custom)
2020-04-24 12:00:06,500 [pool-718-thread-1] INFO  server.RaftServerConfigKeys (ConfUtils.java:logGet(44)) - raft.server.snapshot.retention.file.num = 5 (custom)
2020-04-24 12:00:06,500 [pool-718-thread-1] INFO  server.RaftServerConfigKeys (ConfUtils.java:logGet(44)) - raft.server.retrycache.expirytime = 600000ms (custom)
2020-04-24 12:00:06,500 [pool-718-thread-1] INFO  metrics.RatisMetrics (RatisMetrics.java:lambda$create$0(39)) - Creating Metrics Registry : ratis.leader_election.5eff9a06-5967-44f9-80ef-de1d46e4c966@group-7AD1695502C0
2020-04-24 12:00:06,500 [pool-718-thread-1] INFO  metrics.RatisMetrics (RatisMetrics.java:lambda$create$0(39)) - Creating Metrics Registry : ratis.server.5eff9a06-5967-44f9-80ef-de1d46e4c966@group-7AD1695502C0
2020-04-24 12:00:06,502 [pool-718-thread-1] INFO  impl.RaftServerImpl (RaftServerImpl.java:<init>(97)) - 5eff9a06-5967-44f9-80ef-de1d46e4c966: new RaftServerImpl for group-904E30EB3BC9:[5eff9a06-5967-44f9-80ef-de1d46e4c966:172.17.0.2:40017] with ContainerStateMachine:uninitialized
2020-04-24 12:00:06,503 [pool-718-thread-1] INFO  server.RaftServerConfigKeys (ConfUtils.java:logGet(44)) - raft.server.rpc.timeout.min = 5s (custom)
2020-04-24 12:00:06,503 [pool-718-thread-1] INFO  server.RaftServerConfigKeys (ConfUtils.java:logGet(44)) - raft.server.rpc.timeout.max = 5200ms (custom)
2020-04-24 12:00:06,503 [pool-718-thread-1] INFO  server.RaftServerConfigKeys (ConfUtils.java:logGet(44)) - raft.server.rpcslowness.timeout = 300s (custom)
2020-04-24 12:00:06,503 [pool-718-thread-1] INFO  server.RaftServerConfigKeys (ConfUtils.java:logGet(44)) - raft.server.sleep.deviation.threshold = 300 (default)
2020-04-24 12:00:06,503 [pool-718-thread-1] INFO  server.RaftServerConfigKeys (ConfUtils.java:logGet(44)) - raft.server.log.appender.install.snapshot.enabled = false (custom)
2020-04-24 12:00:06,503 [pool-718-thread-1] INFO  impl.RaftServerImpl (ServerState.java:<init>(103)) - 5eff9a06-5967-44f9-80ef-de1d46e4c966@group-904E30EB3BC9: ConfigurationManager, init=-1: [5eff9a06-5967-44f9-80ef-de1d46e4c966:172.17.0.2:40017], old=null, confs=<EMPTY_MAP>
2020-04-24 12:00:06,504 [pool-718-thread-1] INFO  server.RaftServerConfigKeys (ConfUtils.java:logGet(44)) - raft.server.storage.dir = [/github/workspace/mnt/ozone/hadoop-ozone/integration-test/target/test-dir/MiniOzoneClusterImpl-04ebbe06-f53c-4430-a49a-d9bd549dca97/datanode-1/data/ratis] (custom)
2020-04-24 12:00:06,504 [pool-718-thread-1] INFO  server.RaftServerConfigKeys (ConfUtils.java:logGet(44)) - raft.server.log.corruption.policy = EXCEPTION (default)
2020-04-24 12:00:06,504 [pool-718-thread-1] INFO  storage.RaftStorageDirectory (RaftStorageDirectory.java:analyzeStorage(253)) - The storage directory /github/workspace/mnt/ozone/hadoop-ozone/integration-test/target/test-dir/MiniOzoneClusterImpl-04ebbe06-f53c-4430-a49a-d9bd549dca97/datanode-1/data/ratis/e28a342b-e986-45f7-8526-904e30eb3bc9 does not exist. Creating ...
2020-04-24 12:00:06,505 [pool-718-thread-1] INFO  storage.RaftStorageDirectory (RaftStorageDirectory.java:tryLock(335)) - Lock on /github/workspace/mnt/ozone/hadoop-ozone/integration-test/target/test-dir/MiniOzoneClusterImpl-04ebbe06-f53c-4430-a49a-d9bd549dca97/datanode-1/data/ratis/e28a342b-e986-45f7-8526-904e30eb3bc9/in_use.lock acquired by nodename 4276@4a38389e7a26
2020-04-24 12:00:06,506 [pool-718-thread-1] INFO  storage.RaftStorage (RaftStorage.java:format(84)) - Storage directory /github/workspace/mnt/ozone/hadoop-ozone/integration-test/target/test-dir/MiniOzoneClusterImpl-04ebbe06-f53c-4430-a49a-d9bd549dca97/datanode-1/data/ratis/e28a342b-e986-45f7-8526-904e30eb3bc9 has been successfully formatted.
2020-04-24 12:00:06,506 [pool-718-thread-1] INFO  ratis.ContainerStateMachine (ContainerStateMachine.java:loadSnapshot(226)) - group-904E30EB3BC9: The snapshot info is null. Setting the last applied indexto:(t:0, i:~)
2020-04-24 12:00:06,507 [pool-718-thread-1] INFO  server.RaftServerConfigKeys (ConfUtils.java:logGet(44)) - raft.server.notification.no-leader.timeout = 60s (default)
2020-04-24 12:00:06,507 [pool-718-thread-1] INFO  server.RaftServerConfigKeys (ConfUtils.java:logGet(44)) - raft.server.log.use.memory = false (default)
2020-04-24 12:00:06,507 [pool-718-thread-1] INFO  server.RaftServerConfigKeys (ConfUtils.java:logGet(44)) - raft.server.log.purge.gap = 1000000 (custom)
2020-04-24 12:00:06,507 [pool-718-thread-1] INFO  server.RaftServerConfigKeys (ConfUtils.java:logGet(44)) - raft.server.log.appender.buffer.byte-limit = 33554432 (custom)
2020-04-24 12:00:06,507 [pool-718-thread-1] INFO  server.RaftServerConfigKeys (ConfUtils.java:logGet(44)) - raft.server.log.segment.size.max = 1048576 (custom)
2020-04-24 12:00:06,507 [pool-718-thread-1] INFO  server.RaftServerConfigKeys (ConfUtils.java:logGet(44)) - raft.server.log.segment.cache.num.max = 2 (custom)
2020-04-24 12:00:06,507 [pool-718-thread-1] INFO  segmented.SegmentedRaftLogWorker (SegmentedRaftLogWorker.java:<init>(176)) - new 5eff9a06-5967-44f9-80ef-de1d46e4c966@group-904E30EB3BC9-SegmentedRaftLogWorker for RaftStorage:Storage Directory /github/workspace/mnt/ozone/hadoop-ozone/integration-test/target/test-dir/MiniOzoneClusterImpl-04ebbe06-f53c-4430-a49a-d9bd549dca97/datanode-1/data/ratis/e28a342b-e986-45f7-8526-904e30eb3bc9
2020-04-24 12:00:06,507 [pool-718-thread-1] INFO  server.RaftServerConfigKeys (ConfUtils.java:logGet(44)) - raft.server.log.queue.byte-limit = 2147483647 (custom)
2020-04-24 12:00:06,507 [pool-718-thread-1] INFO  server.RaftServerConfigKeys (ConfUtils.java:logGet(44)) - raft.server.log.queue.element-limit = 1024 (custom)
2020-04-24 12:00:06,507 [pool-718-thread-1] INFO  server.RaftServerConfigKeys (ConfUtils.java:logGet(44)) - raft.server.log.segment.size.max = 1048576 (custom)
2020-04-24 12:00:06,507 [pool-718-thread-1] INFO  server.RaftServerConfigKeys (ConfUtils.java:logGet(44)) - raft.server.log.preallocated.size = 16384 (custom)
2020-04-24 12:00:06,507 [pool-718-thread-1] INFO  server.RaftServerConfigKeys (ConfUtils.java:logGet(44)) - raft.server.log.write.buffer.size = 1048576 (custom)
2020-04-24 12:00:06,507 [pool-718-thread-1] INFO  server.RaftServerConfigKeys (ConfUtils.java:logGet(44)) - raft.server.log.force.sync.num = 128 (default)
2020-04-24 12:00:06,508 [pool-718-thread-1] INFO  server.RaftServerConfigKeys (ConfUtils.java:logGet(44)) - raft.server.log.statemachine.data.sync = true (default)
2020-04-24 12:00:06,508 [pool-718-thread-1] INFO  server.RaftServerConfigKeys (ConfUtils.java:logGet(44)) - raft.server.log.statemachine.data.sync.timeout = 10s (default)
2020-04-24 12:00:06,508 [pool-718-thread-1] INFO  server.RaftServerConfigKeys (ConfUtils.java:logGet(44)) - raft.server.log.statemachine.data.sync.timeout.retry = -1 (default)
2020-04-24 12:00:06,508 [pool-718-thread-1] INFO  server.RaftServerConfigKeys (ConfUtils.java:logGet(44)) - raft.server.log.statemachine.data.caching.enabled = true (custom)
2020-04-24 12:00:06,509 [pool-718-thread-1] INFO  segmented.SegmentedRaftLogWorker (SegmentedRaftLogWorker.java:lambda$new$0(129)) - 5eff9a06-5967-44f9-80ef-de1d46e4c966@group-904E30EB3BC9-SegmentedRaftLogWorker: flushIndex: setUnconditionally 0 -> -1
2020-04-24 12:00:06,509 [pool-718-thread-1] INFO  server.RaftServerConfigKeys (ConfUtils.java:logGet(44)) - raft.server.snapshot.auto.trigger.enabled = true (custom)
2020-04-24 12:00:06,509 [pool-718-thread-1] INFO  server.RaftServerConfigKeys (ConfUtils.java:logGet(44)) - raft.server.snapshot.auto.trigger.threshold = 10000 (custom)
2020-04-24 12:00:06,509 [pool-718-thread-1] INFO  server.RaftServerConfigKeys (ConfUtils.java:logGet(44)) - raft.server.snapshot.retention.file.num = 5 (custom)
2020-04-24 12:00:06,509 [pool-718-thread-1] INFO  server.RaftServerConfigKeys (ConfUtils.java:logGet(44)) - raft.server.retrycache.expirytime = 600000ms (custom)
2020-04-24 12:00:06,509 [pool-718-thread-1] INFO  metrics.RatisMetrics (RatisMetrics.java:lambda$create$0(39)) - Creating Metrics Registry : ratis.leader_election.5eff9a06-5967-44f9-80ef-de1d46e4c966@group-904E30EB3BC9
2020-04-24 12:00:06,510 [pool-718-thread-1] INFO  metrics.RatisMetrics (RatisMetrics.java:lambda$create$0(39)) - Creating Metrics Registry : ratis.server.5eff9a06-5967-44f9-80ef-de1d46e4c966@group-904E30EB3BC9
2020-04-24 12:00:06,511 [pool-718-thread-1] INFO  impl.RaftServerImpl (RaftServerImpl.java:start(183)) - 5eff9a06-5967-44f9-80ef-de1d46e4c966@group-7AD1695502C0: start as a follower, conf=-1: [5005a2c3-5168-417f-bbb4-79f56e1cdb1d:172.17.0.2:44903, 5eff9a06-5967-44f9-80ef-de1d46e4c966:172.17.0.2:40017, 2973722e-481f-4d7e-8dc5-81664b76c6de:172.17.0.2:34303], old=null
2020-04-24 12:00:06,511 [pool-718-thread-1] INFO  impl.RaftServerImpl (RaftServerImpl.java:setRole(172)) - 5eff9a06-5967-44f9-80ef-de1d46e4c966@group-7AD1695502C0: changes role from      null to FOLLOWER at term 0 for startAsFollower
2020-04-24 12:00:06,511 [pool-718-thread-1] INFO  impl.RoleInfo (RoleInfo.java:updateAndGet(143)) - 5eff9a06-5967-44f9-80ef-de1d46e4c966: start FollowerState
2020-04-24 12:00:06,512 [pool-718-thread-1] INFO  util.JmxRegister (JmxRegister.java:tryRegister(44)) - Successfully registered JMX Bean with object name Ratis:service=RaftServer,group=group-7AD1695502C0,id=5eff9a06-5967-44f9-80ef-de1d46e4c966
2020-04-24 12:00:06,512 [pool-718-thread-1] INFO  metrics.RatisMetrics (RatisMetrics.java:lambda$create$0(39)) - Creating Metrics Registry : ratis.state_machine.5eff9a06-5967-44f9-80ef-de1d46e4c966@group-7AD1695502C0
2020-04-24 12:00:06,513 [pool-718-thread-1] INFO  impl.RaftServerImpl (RaftServerImpl.java:start(183)) - 5eff9a06-5967-44f9-80ef-de1d46e4c966@group-904E30EB3BC9: start as a follower, conf=-1: [5eff9a06-5967-44f9-80ef-de1d46e4c966:172.17.0.2:40017], old=null
2020-04-24 12:00:06,513 [pool-718-thread-1] INFO  impl.RaftServerImpl (RaftServerImpl.java:setRole(172)) - 5eff9a06-5967-44f9-80ef-de1d46e4c966@group-904E30EB3BC9: changes role from      null to FOLLOWER at term 0 for startAsFollower
2020-04-24 12:00:06,513 [pool-718-thread-1] INFO  impl.RoleInfo (RoleInfo.java:updateAndGet(143)) - 5eff9a06-5967-44f9-80ef-de1d46e4c966: start FollowerState
2020-04-24 12:00:06,523 [pool-718-thread-1] INFO  util.JmxRegister (JmxRegister.java:tryRegister(44)) - Successfully registered JMX Bean with object name Ratis:service=RaftServer,group=group-904E30EB3BC9,id=5eff9a06-5967-44f9-80ef-de1d46e4c966
2020-04-24 12:00:06,523 [pool-718-thread-1] INFO  metrics.RatisMetrics (RatisMetrics.java:lambda$create$0(39)) - Creating Metrics Registry : ratis.state_machine.5eff9a06-5967-44f9-80ef-de1d46e4c966@group-904E30EB3BC9
2020-04-24 12:00:06,523 [Command processor thread] INFO  commandhandler.CreatePipelineCommandHandler (CreatePipelineCommandHandler.java:handle(109)) - Created Pipeline RATIS THREE #id: "51b24a8c-2f82-4de5-9a2e-7ad1695502c0"
.
2020-04-24 12:00:06,525 [Command processor thread] INFO  commandhandler.CreatePipelineCommandHandler (CreatePipelineCommandHandler.java:handle(109)) - Created Pipeline RATIS ONE #id: "e28a342b-e986-45f7-8526-904e30eb3bc9"
.
2020-04-24 12:00:06,549 [main] INFO  ozone.MiniOzoneClusterImpl (MiniOzoneClusterImpl.java:lambda$waitForClusterToBeReady$0(177)) - Nodes are ready. Got 3 of 3 DN Heartbeats.
2020-04-24 12:00:06,549 [main] INFO  ozone.MiniOzoneClusterImpl (MiniOzoneClusterImpl.java:lambda$waitForClusterToBeReady$0(180)) - Waiting for cluster to exit safe mode
2020-04-24 12:00:06,549 [Command processor thread] INFO  impl.RaftServerProxy (RaftServerProxy.java:addNew(89)) - 5005a2c3-5168-417f-bbb4-79f56e1cdb1d: addNew group-EA2A623AB37B:[5005a2c3-5168-417f-bbb4-79f56e1cdb1d:172.17.0.2:44903] returns group-EA2A623AB37B:java.util.concurrent.CompletableFuture@23f0249a[Not completed]
2020-04-24 12:00:06,550 [pool-733-thread-1] INFO  impl.RaftServerImpl (RaftServerImpl.java:<init>(97)) - 5005a2c3-5168-417f-bbb4-79f56e1cdb1d: new RaftServerImpl for group-EA2A623AB37B:[5005a2c3-5168-417f-bbb4-79f56e1cdb1d:172.17.0.2:44903] with ContainerStateMachine:uninitialized
2020-04-24 12:00:06,550 [pool-733-thread-1] INFO  server.RaftServerConfigKeys (ConfUtils.java:logGet(44)) - raft.server.rpc.timeout.min = 5s (custom)
2020-04-24 12:00:06,550 [pool-733-thread-1] INFO  server.RaftServerConfigKeys (ConfUtils.java:logGet(44)) - raft.server.rpc.timeout.max = 5200ms (custom)
2020-04-24 12:00:06,550 [pool-733-thread-1] INFO  server.RaftServerConfigKeys (ConfUtils.java:logGet(44)) - raft.server.rpcslowness.timeout = 300s (custom)
2020-04-24 12:00:06,550 [pool-733-thread-1] INFO  server.RaftServerConfigKeys (ConfUtils.java:logGet(44)) - raft.server.sleep.deviation.threshold = 300 (default)
2020-04-24 12:00:06,550 [pool-733-thread-1] INFO  server.RaftServerConfigKeys (ConfUtils.java:logGet(44)) - raft.server.log.appender.install.snapshot.enabled = false (custom)
2020-04-24 12:00:06,550 [pool-733-thread-1] INFO  impl.RaftServerImpl (ServerState.java:<init>(103)) - 5005a2c3-5168-417f-bbb4-79f56e1cdb1d@group-EA2A623AB37B: ConfigurationManager, init=-1: [5005a2c3-5168-417f-bbb4-79f56e1cdb1d:172.17.0.2:44903], old=null, confs=<EMPTY_MAP>
2020-04-24 12:00:06,550 [pool-733-thread-1] INFO  server.RaftServerConfigKeys (ConfUtils.java:logGet(44)) - raft.server.storage.dir = [/github/workspace/mnt/ozone/hadoop-ozone/integration-test/target/test-dir/MiniOzoneClusterImpl-04ebbe06-f53c-4430-a49a-d9bd549dca97/datanode-2/data/ratis] (custom)
2020-04-24 12:00:06,550 [pool-733-thread-1] INFO  server.RaftServerConfigKeys (ConfUtils.java:logGet(44)) - raft.server.log.corruption.policy = EXCEPTION (default)
2020-04-24 12:00:06,551 [pool-733-thread-1] INFO  storage.RaftStorageDirectory (RaftStorageDirectory.java:analyzeStorage(253)) - The storage directory /github/workspace/mnt/ozone/hadoop-ozone/integration-test/target/test-dir/MiniOzoneClusterImpl-04ebbe06-f53c-4430-a49a-d9bd549dca97/datanode-2/data/ratis/2014cd54-9fd4-4e15-a301-ea2a623ab37b does not exist. Creating ...
2020-04-24 12:00:06,551 [pool-733-thread-1] INFO  storage.RaftStorageDirectory (RaftStorageDirectory.java:tryLock(335)) - Lock on /github/workspace/mnt/ozone/hadoop-ozone/integration-test/target/test-dir/MiniOzoneClusterImpl-04ebbe06-f53c-4430-a49a-d9bd549dca97/datanode-2/data/ratis/2014cd54-9fd4-4e15-a301-ea2a623ab37b/in_use.lock acquired by nodename 4276@4a38389e7a26
2020-04-24 12:00:06,553 [pool-733-thread-1] INFO  storage.RaftStorage (RaftStorage.java:format(84)) - Storage directory /github/workspace/mnt/ozone/hadoop-ozone/integration-test/target/test-dir/MiniOzoneClusterImpl-04ebbe06-f53c-4430-a49a-d9bd549dca97/datanode-2/data/ratis/2014cd54-9fd4-4e15-a301-ea2a623ab37b has been successfully formatted.
2020-04-24 12:00:06,553 [pool-733-thread-1] INFO  ratis.ContainerStateMachine (ContainerStateMachine.java:loadSnapshot(226)) - group-EA2A623AB37B: The snapshot info is null. Setting the last applied indexto:(t:0, i:~)
2020-04-24 12:00:06,553 [pool-733-thread-1] INFO  server.RaftServerConfigKeys (ConfUtils.java:logGet(44)) - raft.server.notification.no-leader.timeout = 60s (default)
2020-04-24 12:00:06,554 [EventQueue-PipelineReportForPipelineReportHandler] INFO  pipeline.PipelineStateManager (PipelineStateManager.java:openPipeline(131)) - Pipeline Pipeline[ Id: 2014cd54-9fd4-4e15-a301-ea2a623ab37b, Nodes: 5005a2c3-5168-417f-bbb4-79f56e1cdb1d{ip: 172.17.0.2, host: 4a38389e7a26, networkLocation: /default-rack, certSerialId: null}, Type:RATIS, Factor:ONE, State:ALLOCATED, leaderId:5005a2c3-5168-417f-bbb4-79f56e1cdb1d, CreationTimestamp2020-04-24T12:00:03.550Z] moved to OPEN state
2020-04-24 12:00:06,554 [pool-733-thread-1] INFO  server.RaftServerConfigKeys (ConfUtils.java:logGet(44)) - raft.server.log.use.memory = false (default)
2020-04-24 12:00:06,554 [pool-733-thread-1] INFO  server.RaftServerConfigKeys (ConfUtils.java:logGet(44)) - raft.server.log.purge.gap = 1000000 (custom)
2020-04-24 12:00:06,554 [EventQueue-OpenPipelineForHealthyPipelineSafeModeRule] INFO  safemode.SCMSafeModeManager (HealthyPipelineSafeModeRule.java:process(132)) - SCM in safe mode. Healthy pipelines reported count is 0, required healthy pipeline reported count is 1
2020-04-24 12:00:06,554 [EventQueue-OpenPipelineForOneReplicaPipelineSafeModeRule] INFO  safemode.SCMSafeModeManager (SCMSafeModeManager.java:validateSafeModeExitRules(183)) - AtleastOneDatanodeReportedRule rule is successfully validated
2020-04-24 12:00:06,554 [pool-733-thread-1] INFO  server.RaftServerConfigKeys (ConfUtils.java:logGet(44)) - raft.server.log.appender.buffer.byte-limit = 33554432 (custom)
2020-04-24 12:00:06,554 [pool-733-thread-1] INFO  server.RaftServerConfigKeys (ConfUtils.java:logGet(44)) - raft.server.log.segment.size.max = 1048576 (custom)
2020-04-24 12:00:06,554 [pool-733-thread-1] INFO  server.RaftServerConfigKeys (ConfUtils.java:logGet(44)) - raft.server.log.segment.cache.num.max = 2 (custom)
2020-04-24 12:00:06,555 [pool-733-thread-1] INFO  segmented.SegmentedRaftLogWorker (SegmentedRaftLogWorker.java:<init>(176)) - new 5005a2c3-5168-417f-bbb4-79f56e1cdb1d@group-EA2A623AB37B-SegmentedRaftLogWorker for RaftStorage:Storage Directory /github/workspace/mnt/ozone/hadoop-ozone/integration-test/target/test-dir/MiniOzoneClusterImpl-04ebbe06-f53c-4430-a49a-d9bd549dca97/datanode-2/data/ratis/2014cd54-9fd4-4e15-a301-ea2a623ab37b
2020-04-24 12:00:06,555 [pool-733-thread-1] INFO  server.RaftServerConfigKeys (ConfUtils.java:logGet(44)) - raft.server.log.queue.byte-limit = 2147483647 (custom)
2020-04-24 12:00:06,555 [pool-733-thread-1] INFO  server.RaftServerConfigKeys (ConfUtils.java:logGet(44)) - raft.server.log.queue.element-limit = 1024 (custom)
2020-04-24 12:00:06,555 [pool-733-thread-1] INFO  server.RaftServerConfigKeys (ConfUtils.java:logGet(44)) - raft.server.log.segment.size.max = 1048576 (custom)
2020-04-24 12:00:06,555 [pool-733-thread-1] INFO  server.RaftServerConfigKeys (ConfUtils.java:logGet(44)) - raft.server.log.preallocated.size = 16384 (custom)
2020-04-24 12:00:06,555 [pool-733-thread-1] INFO  server.RaftServerConfigKeys (ConfUtils.java:logGet(44)) - raft.server.log.write.buffer.size = 1048576 (custom)
2020-04-24 12:00:06,555 [pool-733-thread-1] INFO  server.RaftServerConfigKeys (ConfUtils.java:logGet(44)) - raft.server.log.force.sync.num = 128 (default)
2020-04-24 12:00:06,555 [pool-733-thread-1] INFO  server.RaftServerConfigKeys (ConfUtils.java:logGet(44)) - raft.server.log.statemachine.data.sync = true (default)
2020-04-24 12:00:06,555 [pool-733-thread-1] INFO  server.RaftServerConfigKeys (ConfUtils.java:logGet(44)) - raft.server.log.statemachine.data.sync.timeout = 10s (default)
2020-04-24 12:00:06,555 [pool-733-thread-1] INFO  server.RaftServerConfigKeys (ConfUtils.java:logGet(44)) - raft.server.log.statemachine.data.sync.timeout.retry = -1 (default)
2020-04-24 12:00:06,556 [pool-733-thread-1] INFO  server.RaftServerConfigKeys (ConfUtils.java:logGet(44)) - raft.server.log.statemachine.data.caching.enabled = true (custom)
2020-04-24 12:00:06,556 [pool-733-thread-1] INFO  segmented.SegmentedRaftLogWorker (SegmentedRaftLogWorker.java:lambda$new$0(129)) - 5005a2c3-5168-417f-bbb4-79f56e1cdb1d@group-EA2A623AB37B-SegmentedRaftLogWorker: flushIndex: setUnconditionally 0 -> -1
2020-04-24 12:00:06,556 [pool-733-thread-1] INFO  server.RaftServerConfigKeys (ConfUtils.java:logGet(44)) - raft.server.snapshot.auto.trigger.enabled = true (custom)
2020-04-24 12:00:06,556 [pool-733-thread-1] INFO  server.RaftServerConfigKeys (ConfUtils.java:logGet(44)) - raft.server.snapshot.auto.trigger.threshold = 10000 (custom)
2020-04-24 12:00:06,556 [pool-733-thread-1] INFO  server.RaftServerConfigKeys (ConfUtils.java:logGet(44)) - raft.server.snapshot.retention.file.num = 5 (custom)
2020-04-24 12:00:06,556 [pool-733-thread-1] INFO  server.RaftServerConfigKeys (ConfUtils.java:logGet(44)) - raft.server.retrycache.expirytime = 600000ms (custom)
2020-04-24 12:00:06,556 [pool-733-thread-1] INFO  metrics.RatisMetrics (RatisMetrics.java:lambda$create$0(39)) - Creating Metrics Registry : ratis.leader_election.5005a2c3-5168-417f-bbb4-79f56e1cdb1d@group-EA2A623AB37B
2020-04-24 12:00:06,557 [pool-733-thread-1] INFO  metrics.RatisMetrics (RatisMetrics.java:lambda$create$0(39)) - Creating Metrics Registry : ratis.server.5005a2c3-5168-417f-bbb4-79f56e1cdb1d@group-EA2A623AB37B
2020-04-24 12:00:06,558 [pool-733-thread-1] INFO  impl.RaftServerImpl (RaftServerImpl.java:start(183)) - 5005a2c3-5168-417f-bbb4-79f56e1cdb1d@group-EA2A623AB37B: start as a follower, conf=-1: [5005a2c3-5168-417f-bbb4-79f56e1cdb1d:172.17.0.2:44903], old=null
2020-04-24 12:00:06,558 [pool-733-thread-1] INFO  impl.RaftServerImpl (RaftServerImpl.java:setRole(172)) - 5005a2c3-5168-417f-bbb4-79f56e1cdb1d@group-EA2A623AB37B: changes role from      null to FOLLOWER at term 0 for startAsFollower
2020-04-24 12:00:06,559 [pool-733-thread-1] INFO  impl.RoleInfo (RoleInfo.java:updateAndGet(143)) - 5005a2c3-5168-417f-bbb4-79f56e1cdb1d: start FollowerState
2020-04-24 12:00:06,559 [pool-733-thread-1] INFO  util.JmxRegister (JmxRegister.java:tryRegister(44)) - Successfully registered JMX Bean with object name Ratis:service=RaftServer,group=group-EA2A623AB37B,id=5005a2c3-5168-417f-bbb4-79f56e1cdb1d
2020-04-24 12:00:06,559 [pool-733-thread-1] INFO  metrics.RatisMetrics (RatisMetrics.java:lambda$create$0(39)) - Creating Metrics Registry : ratis.state_machine.5005a2c3-5168-417f-bbb4-79f56e1cdb1d@group-EA2A623AB37B
2020-04-24 12:00:06,569 [Command processor thread] INFO  commandhandler.CreatePipelineCommandHandler (CreatePipelineCommandHandler.java:handle(109)) - Created Pipeline RATIS ONE #id: "2014cd54-9fd4-4e15-a301-ea2a623ab37b"
.
2020-04-24 12:00:07,549 [main] INFO  ozone.MiniOzoneClusterImpl (MiniOzoneClusterImpl.java:lambda$waitForClusterToBeReady$0(177)) - Nodes are ready. Got 3 of 3 DN Heartbeats.
2020-04-24 12:00:07,550 [main] INFO  ozone.MiniOzoneClusterImpl (MiniOzoneClusterImpl.java:lambda$waitForClusterToBeReady$0(180)) - Waiting for cluster to exit safe mode
2020-04-24 12:00:08,550 [main] INFO  ozone.MiniOzoneClusterImpl (MiniOzoneClusterImpl.java:lambda$waitForClusterToBeReady$0(177)) - Nodes are ready. Got 3 of 3 DN Heartbeats.
2020-04-24 12:00:08,550 [main] INFO  ozone.MiniOzoneClusterImpl (MiniOzoneClusterImpl.java:lambda$waitForClusterToBeReady$0(180)) - Waiting for cluster to exit safe mode
2020-04-24 12:00:09,551 [main] INFO  ozone.MiniOzoneClusterImpl (MiniOzoneClusterImpl.java:lambda$waitForClusterToBeReady$0(177)) - Nodes are ready. Got 3 of 3 DN Heartbeats.
2020-04-24 12:00:09,551 [main] INFO  ozone.MiniOzoneClusterImpl (MiniOzoneClusterImpl.java:lambda$waitForClusterToBeReady$0(180)) - Waiting for cluster to exit safe mode
2020-04-24 12:00:10,551 [main] INFO  ozone.MiniOzoneClusterImpl (MiniOzoneClusterImpl.java:lambda$waitForClusterToBeReady$0(177)) - Nodes are ready. Got 3 of 3 DN Heartbeats.
2020-04-24 12:00:10,551 [main] INFO  ozone.MiniOzoneClusterImpl (MiniOzoneClusterImpl.java:lambda$waitForClusterToBeReady$0(180)) - Waiting for cluster to exit safe mode
2020-04-24 12:00:11,447 [Thread-2505] INFO  impl.FollowerState (FollowerState.java:run(108)) - 2973722e-481f-4d7e-8dc5-81664b76c6de@group-8BD36E726BFE-FollowerState: change to CANDIDATE, lastRpcTime:5010ms, electionTimeout:5010ms
2020-04-24 12:00:11,448 [Thread-2505] INFO  impl.RoleInfo (RoleInfo.java:shutdownFollowerState(121)) - 2973722e-481f-4d7e-8dc5-81664b76c6de: shutdown FollowerState
2020-04-24 12:00:11,448 [Thread-2505] INFO  impl.RaftServerImpl (RaftServerImpl.java:setRole(172)) - 2973722e-481f-4d7e-8dc5-81664b76c6de@group-8BD36E726BFE: changes role from  FOLLOWER to CANDIDATE at term 0 for changeToCandidate
2020-04-24 12:00:11,448 [Thread-2505] INFO  impl.RoleInfo (RoleInfo.java:updateAndGet(143)) - 2973722e-481f-4d7e-8dc5-81664b76c6de: start LeaderElection
2020-04-24 12:00:11,452 [2973722e-481f-4d7e-8dc5-81664b76c6de@group-8BD36E726BFE-LeaderElection51] INFO  impl.LeaderElection (LeaderElection.java:askForVotes(206)) - 2973722e-481f-4d7e-8dc5-81664b76c6de@group-8BD36E726BFE-LeaderElection51: begin an election at term 1 for -1: [2973722e-481f-4d7e-8dc5-81664b76c6de:172.17.0.2:34303], old=null
2020-04-24 12:00:11,452 [2973722e-481f-4d7e-8dc5-81664b76c6de@group-8BD36E726BFE-LeaderElection51] INFO  impl.RoleInfo (RoleInfo.java:shutdownLeaderElection(134)) - 2973722e-481f-4d7e-8dc5-81664b76c6de: shutdown LeaderElection
2020-04-24 12:00:11,452 [2973722e-481f-4d7e-8dc5-81664b76c6de@group-8BD36E726BFE-LeaderElection51] INFO  impl.RaftServerImpl (RaftServerImpl.java:setRole(172)) - 2973722e-481f-4d7e-8dc5-81664b76c6de@group-8BD36E726BFE: changes role from CANDIDATE to LEADER at term 1 for changeToLeader
2020-04-24 12:00:11,452 [2973722e-481f-4d7e-8dc5-81664b76c6de@group-8BD36E726BFE-LeaderElection51] INFO  ratis.XceiverServerRatis (XceiverServerRatis.java:handleLeaderChangedNotification(761)) - Leader change notification received for group: group-8BD36E726BFE with new leaderId: 2973722e-481f-4d7e-8dc5-81664b76c6de
2020-04-24 12:00:11,453 [2973722e-481f-4d7e-8dc5-81664b76c6de@group-8BD36E726BFE-LeaderElection51] INFO  impl.RaftServerImpl (ServerState.java:setLeader(255)) - 2973722e-481f-4d7e-8dc5-81664b76c6de@group-8BD36E726BFE: change Leader from null to 2973722e-481f-4d7e-8dc5-81664b76c6de at term 1 for becomeLeader, leader elected after 5027ms
2020-04-24 12:00:11,457 [2973722e-481f-4d7e-8dc5-81664b76c6de@group-8BD36E726BFE-LeaderElection51] INFO  server.RaftServerConfigKeys (ConfUtils.java:logGet(44)) - raft.server.staging.catchup.gap = 1000 (default)
2020-04-24 12:00:11,457 [2973722e-481f-4d7e-8dc5-81664b76c6de@group-8BD36E726BFE-LeaderElection51] INFO  server.RaftServerConfigKeys (ConfUtils.java:logGet(44)) - raft.server.rpc.sleep.time = 25ms (default)
2020-04-24 12:00:11,457 [2973722e-481f-4d7e-8dc5-81664b76c6de@group-8BD36E726BFE-LeaderElection51] INFO  metrics.RatisMetrics (RatisMetrics.java:lambda$create$0(39)) - Creating Metrics Registry : ratis.log_appender.2973722e-481f-4d7e-8dc5-81664b76c6de@group-8BD36E726BFE
2020-04-24 12:00:11,457 [2973722e-481f-4d7e-8dc5-81664b76c6de@group-8BD36E726BFE-LeaderElection51] INFO  server.RaftServerConfigKeys (ConfUtils.java:logGet(44)) - raft.server.write.element-limit = 1024 (custom)
2020-04-24 12:00:11,457 [2973722e-481f-4d7e-8dc5-81664b76c6de@group-8BD36E726BFE-LeaderElection51] INFO  server.RaftServerConfigKeys (ConfUtils.java:logGet(44)) - raft.server.write.byte-limit = 1073741824 (custom)
2020-04-24 12:00:11,458 [2973722e-481f-4d7e-8dc5-81664b76c6de@group-8BD36E726BFE-LeaderElection51] INFO  server.RaftServerConfigKeys (ConfUtils.java:logGet(44)) - raft.server.watch.timeout = 180s (custom)
2020-04-24 12:00:11,458 [2973722e-481f-4d7e-8dc5-81664b76c6de@group-8BD36E726BFE-LeaderElection51] INFO  server.RaftServerConfigKeys (ConfUtils.java:logGet(44)) - raft.server.watch.timeout.denomination = 1s (default)
2020-04-24 12:00:11,458 [2973722e-481f-4d7e-8dc5-81664b76c6de@group-8BD36E726BFE-LeaderElection51] INFO  server.RaftServerConfigKeys (ConfUtils.java:logGet(44)) - raft.server.watch.element-limit = 65536 (default)
2020-04-24 12:00:11,458 [2973722e-481f-4d7e-8dc5-81664b76c6de@group-8BD36E726BFE-LeaderElection51] INFO  impl.RoleInfo (RoleInfo.java:updateAndGet(143)) - 2973722e-481f-4d7e-8dc5-81664b76c6de: start LeaderState
2020-04-24 12:00:11,459 [2973722e-481f-4d7e-8dc5-81664b76c6de@group-8BD36E726BFE-LeaderElection51] INFO  segmented.SegmentedRaftLogWorker (SegmentedRaftLogWorker.java:startLogSegment(391)) - 2973722e-481f-4d7e-8dc5-81664b76c6de@group-8BD36E726BFE-SegmentedRaftLogWorker: Starting segment from index:0
2020-04-24 12:00:11,460 [2973722e-481f-4d7e-8dc5-81664b76c6de@group-8BD36E726BFE-LeaderElection51] INFO  impl.RaftServerImpl (ServerState.java:setRaftConf(356)) - 2973722e-481f-4d7e-8dc5-81664b76c6de@group-8BD36E726BFE: set configuration 0: [2973722e-481f-4d7e-8dc5-81664b76c6de:172.17.0.2:34303], old=null at 0
2020-04-24 12:00:11,460 [2973722e-481f-4d7e-8dc5-81664b76c6de@group-8BD36E726BFE-SegmentedRaftLogWorker] INFO  segmented.SegmentedRaftLogWorker (SegmentedRaftLogWorker.java:execute(583)) - 2973722e-481f-4d7e-8dc5-81664b76c6de@group-8BD36E726BFE-SegmentedRaftLogWorker: created new log segment /github/workspace/mnt/ozone/hadoop-ozone/integration-test/target/test-dir/MiniOzoneClusterImpl-04ebbe06-f53c-4430-a49a-d9bd549dca97/datanode-0/data/ratis/4fc07812-96a4-4dd0-8afb-8bd36e726bfe/current/log_inprogress_0
2020-04-24 12:00:11,481 [Thread-2509] INFO  impl.FollowerState (FollowerState.java:run(108)) - 5005a2c3-5168-417f-bbb4-79f56e1cdb1d@group-7AD1695502C0-FollowerState: change to CANDIDATE, lastRpcTime:5010ms, electionTimeout:5009ms
2020-04-24 12:00:11,481 [Thread-2509] INFO  impl.RoleInfo (RoleInfo.java:shutdownFollowerState(121)) - 5005a2c3-5168-417f-bbb4-79f56e1cdb1d: shutdown FollowerState
2020-04-24 12:00:11,481 [Thread-2509] INFO  impl.RaftServerImpl (RaftServerImpl.java:setRole(172)) - 5005a2c3-5168-417f-bbb4-79f56e1cdb1d@group-7AD1695502C0: changes role from  FOLLOWER to CANDIDATE at term 0 for changeToCandidate
2020-04-24 12:00:11,482 [Thread-2509] INFO  impl.RoleInfo (RoleInfo.java:updateAndGet(143)) - 5005a2c3-5168-417f-bbb4-79f56e1cdb1d: start LeaderElection
2020-04-24 12:00:11,490 [5005a2c3-5168-417f-bbb4-79f56e1cdb1d@group-7AD1695502C0-LeaderElection52] INFO  impl.LeaderElection (LeaderElection.java:askForVotes(206)) - 5005a2c3-5168-417f-bbb4-79f56e1cdb1d@group-7AD1695502C0-LeaderElection52: begin an election at term 1 for -1: [5005a2c3-5168-417f-bbb4-79f56e1cdb1d:172.17.0.2:44903, 5eff9a06-5967-44f9-80ef-de1d46e4c966:172.17.0.2:40017, 2973722e-481f-4d7e-8dc5-81664b76c6de:172.17.0.2:34303], old=null
2020-04-24 12:00:11,500 [grpc-default-executor-0] INFO  impl.RaftServerImpl (RaftServerImpl.java:setRole(172)) - 5eff9a06-5967-44f9-80ef-de1d46e4c966@group-7AD1695502C0: changes role from  FOLLOWER to FOLLOWER at term 1 for recognizeCandidate:5005a2c3-5168-417f-bbb4-79f56e1cdb1d
2020-04-24 12:00:11,501 [grpc-default-executor-0] INFO  impl.RoleInfo (RoleInfo.java:shutdownFollowerState(121)) - 5eff9a06-5967-44f9-80ef-de1d46e4c966: shutdown FollowerState
2020-04-24 12:00:11,501 [grpc-default-executor-0] INFO  impl.RoleInfo (RoleInfo.java:updateAndGet(143)) - 5eff9a06-5967-44f9-80ef-de1d46e4c966: start FollowerState
2020-04-24 12:00:11,501 [Thread-2513] INFO  impl.FollowerState (FollowerState.java:run(117)) - 5eff9a06-5967-44f9-80ef-de1d46e4c966@group-7AD1695502C0-FollowerState was interrupted: java.lang.InterruptedException: sleep interrupted
2020-04-24 12:00:11,515 [grpc-default-executor-0] INFO  impl.RaftServerImpl (RaftServerImpl.java:setRole(172)) - 2973722e-481f-4d7e-8dc5-81664b76c6de@group-7AD1695502C0: changes role from  FOLLOWER to FOLLOWER at term 1 for recognizeCandidate:5005a2c3-5168-417f-bbb4-79f56e1cdb1d
2020-04-24 12:00:11,515 [grpc-default-executor-0] INFO  impl.RoleInfo (RoleInfo.java:shutdownFollowerState(121)) - 2973722e-481f-4d7e-8dc5-81664b76c6de: shutdown FollowerState
2020-04-24 12:00:11,516 [grpc-default-executor-0] INFO  impl.RoleInfo (RoleInfo.java:updateAndGet(143)) - 2973722e-481f-4d7e-8dc5-81664b76c6de: start FollowerState
2020-04-24 12:00:11,516 [5005a2c3-5168-417f-bbb4-79f56e1cdb1d@group-7AD1695502C0-LeaderElection52] INFO  impl.LeaderElection (LeaderElection.java:logAndReturn(61)) - 5005a2c3-5168-417f-bbb4-79f56e1cdb1d@group-7AD1695502C0-LeaderElection52: Election PASSED; received 1 response(s) [5005a2c3-5168-417f-bbb4-79f56e1cdb1d<-5eff9a06-5967-44f9-80ef-de1d46e4c966#0:OK-t1] and 0 exception(s); 5005a2c3-5168-417f-bbb4-79f56e1cdb1d@group-7AD1695502C0:t1, leader=null, voted=5005a2c3-5168-417f-bbb4-79f56e1cdb1d, raftlog=5005a2c3-5168-417f-bbb4-79f56e1cdb1d@group-7AD1695502C0-SegmentedRaftLog:OPENED:c-1,f-1,i0, conf=-1: [5005a2c3-5168-417f-bbb4-79f56e1cdb1d:172.17.0.2:44903, 5eff9a06-5967-44f9-80ef-de1d46e4c966:172.17.0.2:40017, 2973722e-481f-4d7e-8dc5-81664b76c6de:172.17.0.2:34303], old=null
2020-04-24 12:00:11,516 [Thread-2507] INFO  impl.FollowerState (FollowerState.java:run(117)) - 2973722e-481f-4d7e-8dc5-81664b76c6de@group-7AD1695502C0-FollowerState was interrupted: java.lang.InterruptedException: sleep interrupted
2020-04-24 12:00:11,526 [5005a2c3-5168-417f-bbb4-79f56e1cdb1d@group-7AD1695502C0-LeaderElection52] INFO  impl.RoleInfo (RoleInfo.java:shutdownLeaderElection(134)) - 5005a2c3-5168-417f-bbb4-79f56e1cdb1d: shutdown LeaderElection
2020-04-24 12:00:11,527 [5005a2c3-5168-417f-bbb4-79f56e1cdb1d@group-7AD1695502C0-LeaderElection52] INFO  impl.RaftServerImpl (RaftServerImpl.java:setRole(172)) - 5005a2c3-5168-417f-bbb4-79f56e1cdb1d@group-7AD1695502C0: changes role from CANDIDATE to LEADER at term 1 for changeToLeader
2020-04-24 12:00:11,527 [5005a2c3-5168-417f-bbb4-79f56e1cdb1d@group-7AD1695502C0-LeaderElection52] INFO  ratis.XceiverServerRatis (XceiverServerRatis.java:handleLeaderChangedNotification(761)) - Leader change notification received for group: group-7AD1695502C0 with new leaderId: 5005a2c3-5168-417f-bbb4-79f56e1cdb1d
2020-04-24 12:00:11,527 [5005a2c3-5168-417f-bbb4-79f56e1cdb1d@group-7AD1695502C0-LeaderElection52] INFO  impl.RaftServerImpl (ServerState.java:setLeader(255)) - 5005a2c3-5168-417f-bbb4-79f56e1cdb1d@group-7AD1695502C0: change Leader from null to 5005a2c3-5168-417f-bbb4-79f56e1cdb1d at term 1 for becomeLeader, leader elected after 5061ms
2020-04-24 12:00:11,527 [5005a2c3-5168-417f-bbb4-79f56e1cdb1d@group-7AD1695502C0-LeaderElection52] INFO  server.RaftServerConfigKeys (ConfUtils.java:logGet(44)) - raft.server.staging.catchup.gap = 1000 (default)
2020-04-24 12:00:11,527 [5005a2c3-5168-417f-bbb4-79f56e1cdb1d@group-7AD1695502C0-LeaderElection52] INFO  server.RaftServerConfigKeys (ConfUtils.java:logGet(44)) - raft.server.rpc.sleep.time = 25ms (default)
2020-04-24 12:00:11,527 [5005a2c3-5168-417f-bbb4-79f56e1cdb1d@group-7AD1695502C0-LeaderElection52] INFO  metrics.RatisMetrics (RatisMetrics.java:lambda$create$0(39)) - Creating Metrics Registry : ratis.log_appender.5005a2c3-5168-417f-bbb4-79f56e1cdb1d@group-7AD1695502C0
2020-04-24 12:00:11,527 [5005a2c3-5168-417f-bbb4-79f56e1cdb1d@group-7AD1695502C0-LeaderElection52] INFO  server.RaftServerConfigKeys (ConfUtils.java:logGet(44)) - raft.server.write.element-limit = 1024 (custom)
2020-04-24 12:00:11,527 [5005a2c3-5168-417f-bbb4-79f56e1cdb1d@group-7AD1695502C0-LeaderElection52] INFO  server.RaftServerConfigKeys (ConfUtils.java:logGet(44)) - raft.server.write.byte-limit = 1073741824 (custom)
2020-04-24 12:00:11,528 [5005a2c3-5168-417f-bbb4-79f56e1cdb1d@group-7AD1695502C0-LeaderElection52] INFO  server.RaftServerConfigKeys (ConfUtils.java:logGet(44)) - raft.server.watch.timeout = 180s (custom)
2020-04-24 12:00:11,528 [5005a2c3-5168-417f-bbb4-79f56e1cdb1d@group-7AD1695502C0-LeaderElection52] INFO  server.RaftServerConfigKeys (ConfUtils.java:logGet(44)) - raft.server.watch.timeout.denomination = 1s (default)
2020-04-24 12:00:11,528 [5005a2c3-5168-417f-bbb4-79f56e1cdb1d@group-7AD1695502C0-LeaderElection52] INFO  server.RaftServerConfigKeys (ConfUtils.java:logGet(44)) - raft.server.watch.element-limit = 65536 (default)
2020-04-24 12:00:11,528 [5005a2c3-5168-417f-bbb4-79f56e1cdb1d@group-7AD1695502C0-LeaderElection52] INFO  server.RaftServerConfigKeys (ConfUtils.java:logGet(44)) - raft.server.log.appender.snapshot.chunk.size.max = 16MB (=16777216) (default)
2020-04-24 12:00:11,528 [5005a2c3-5168-417f-bbb4-79f56e1cdb1d@group-7AD1695502C0-LeaderElection52] INFO  server.RaftServerConfigKeys (ConfUtils.java:logGet(44)) - raft.server.log.appender.buffer.byte-limit = 33554432 (custom)
2020-04-24 12:00:11,528 [5005a2c3-5168-417f-bbb4-79f56e1cdb1d@group-7AD1695502C0-LeaderElection52] INFO  server.RaftServerConfigKeys (ConfUtils.java:logGet(44)) - raft.server.log.appender.buffer.element-limit = 1 (custom)
2020-04-24 12:00:11,528 [5005a2c3-5168-417f-bbb4-79f56e1cdb1d@group-7AD1695502C0-LeaderElection52] INFO  grpc.GrpcConfigKeys (ConfUtils.java:logGet(44)) - raft.grpc.server.leader.outstanding.appends.max = 128 (default)
2020-04-24 12:00:11,528 [5005a2c3-5168-417f-bbb4-79f56e1cdb1d@group-7AD1695502C0-LeaderElection52] INFO  server.RaftServerConfigKeys (ConfUtils.java:logGet(44)) - raft.server.rpc.request.timeout = 60s (custom)
2020-04-24 12:00:11,528 [5005a2c3-5168-417f-bbb4-79f56e1cdb1d@group-7AD1695502C0-LeaderElection52] INFO  server.RaftServerConfigKeys (ConfUtils.java:logGet(44)) - raft.server.log.appender.install.snapshot.enabled = false (custom)
2020-04-24 12:00:11,530 [EventQueue-PipelineReportForPipelineReportHandler] INFO  pipeline.PipelineStateManager (PipelineStateManager.java:openPipeline(131)) - Pipeline Pipeline[ Id: 51b24a8c-2f82-4de5-9a2e-7ad1695502c0, Nodes: 5005a2c3-5168-417f-bbb4-79f56e1cdb1d{ip: 172.17.0.2, host: 4a38389e7a26, networkLocation: /default-rack, certSerialId: null}2973722e-481f-4d7e-8dc5-81664b76c6de{ip: 172.17.0.2, host: 4a38389e7a26, networkLocation: /default-rack, certSerialId: null}5eff9a06-5967-44f9-80ef-de1d46e4c966{ip: 172.17.0.2, host: 4a38389e7a26, networkLocation: /default-rack, certSerialId: null}, Type:RATIS, Factor:THREE, State:ALLOCATED, leaderId:5005a2c3-5168-417f-bbb4-79f56e1cdb1d, CreationTimestamp2020-04-24T12:00:03.551Z] moved to OPEN state
2020-04-24 12:00:11,530 [EventQueue-OpenPipelineForHealthyPipelineSafeModeRule] INFO  safemode.SCMSafeModeManager (HealthyPipelineSafeModeRule.java:process(132)) - SCM in safe mode. Healthy pipelines reported count is 1, required healthy pipeline reported count is 1
2020-04-24 12:00:11,530 [EventQueue-OpenPipelineForOneReplicaPipelineSafeModeRule] INFO  safemode.SCMSafeModeManager (SCMSafeModeManager.java:validateSafeModeExitRules(183)) - AtleastOneDatanodeReportedRule rule is successfully validated
2020-04-24 12:00:11,532 [EventQueue-OpenPipelineForHealthyPipelineSafeModeRule] INFO  safemode.SCMSafeModeManager (SCMSafeModeManager.java:validateSafeModeExitRules(183)) - HealthyPipelineSafeModeRule rule is successfully validated
2020-04-24 12:00:11,532 [EventQueue-OpenPipelineForHealthyPipelineSafeModeRule] INFO  safemode.SCMSafeModeManager (SCMSafeModeManager.java:validateSafeModeExitRules(197)) - ScmSafeModeManager, all rules are successfully validated
2020-04-24 12:00:11,532 [EventQueue-OpenPipelineForHealthyPipelineSafeModeRule] INFO  safemode.SCMSafeModeManager (SCMSafeModeManager.java:exitSafeMode(226)) - SCM exiting safe mode.
2020-04-24 12:00:11,531 [5005a2c3-5168-417f-bbb4-79f56e1cdb1d@group-7AD1695502C0-LeaderElection52] INFO  server.RaftServerConfigKeys (ConfUtils.java:logGet(44)) - raft.server.log.appender.snapshot.chunk.size.max = 16MB (=16777216) (default)
2020-04-24 12:00:11,532 [5005a2c3-5168-417f-bbb4-79f56e1cdb1d@group-7AD1695502C0-LeaderElection52] INFO  server.RaftServerConfigKeys (ConfUtils.java:logGet(44)) - raft.server.log.appender.buffer.byte-limit = 33554432 (custom)
2020-04-24 12:00:11,532 [5005a2c3-5168-417f-bbb4-79f56e1cdb1d@group-7AD1695502C0-LeaderElection52] INFO  server.RaftServerConfigKeys (ConfUtils.java:logGet(44)) - raft.server.log.appender.buffer.element-limit = 1 (custom)
2020-04-24 12:00:11,532 [5005a2c3-5168-417f-bbb4-79f56e1cdb1d@group-7AD1695502C0-LeaderElection52] INFO  grpc.GrpcConfigKeys (ConfUtils.java:logGet(44)) - raft.grpc.server.leader.outstanding.appends.max = 128 (default)
2020-04-24 12:00:11,532 [5005a2c3-5168-417f-bbb4-79f56e1cdb1d@group-7AD1695502C0-LeaderElection52] INFO  server.RaftServerConfigKeys (ConfUtils.java:logGet(44)) - raft.server.rpc.request.timeout = 60s (custom)
2020-04-24 12:00:11,532 [5005a2c3-5168-417f-bbb4-79f56e1cdb1d@group-7AD1695502C0-LeaderElection52] INFO  server.RaftServerConfigKeys (ConfUtils.java:logGet(44)) - raft.server.log.appender.install.snapshot.enabled = false (custom)
2020-04-24 12:00:11,534 [5005a2c3-5168-417f-bbb4-79f56e1cdb1d@group-7AD1695502C0-LeaderElection52] INFO  impl.RoleInfo (RoleInfo.java:updateAndGet(143)) - 5005a2c3-5168-417f-bbb4-79f56e1cdb1d: start LeaderState
2020-04-24 12:00:11,535 [5005a2c3-5168-417f-bbb4-79f56e1cdb1d@group-7AD1695502C0-LeaderElection52] INFO  segmented.SegmentedRaftLogWorker (SegmentedRaftLogWorker.java:startLogSegment(391)) - 5005a2c3-5168-417f-bbb4-79f56e1cdb1d@group-7AD1695502C0-SegmentedRaftLogWorker: Starting segment from index:0
2020-04-24 12:00:11,536 [5005a2c3-5168-417f-bbb4-79f56e1cdb1d@group-7AD1695502C0-SegmentedRaftLogWorker] INFO  segmented.SegmentedRaftLogWorker (SegmentedRaftLogWorker.java:execute(583)) - 5005a2c3-5168-417f-bbb4-79f56e1cdb1d@group-7AD1695502C0-SegmentedRaftLogWorker: created new log segment /github/workspace/mnt/ozone/hadoop-ozone/integration-test/target/test-dir/MiniOzoneClusterImpl-04ebbe06-f53c-4430-a49a-d9bd549dca97/datanode-2/data/ratis/51b24a8c-2f82-4de5-9a2e-7ad1695502c0/current/log_inprogress_0
2020-04-24 12:00:11,541 [5005a2c3-5168-417f-bbb4-79f56e1cdb1d@group-7AD1695502C0-LeaderElection52] INFO  impl.RaftServerImpl (ServerState.java:setRaftConf(356)) - 5005a2c3-5168-417f-bbb4-79f56e1cdb1d@group-7AD1695502C0: set configuration 0: [5005a2c3-5168-417f-bbb4-79f56e1cdb1d:172.17.0.2:44903, 5eff9a06-5967-44f9-80ef-de1d46e4c966:172.17.0.2:40017, 2973722e-481f-4d7e-8dc5-81664b76c6de:172.17.0.2:34303], old=null at 0
2020-04-24 12:00:11,550 [grpc-default-executor-1] INFO  ratis.XceiverServerRatis (XceiverServerRatis.java:handleLeaderChangedNotification(761)) - Leader change notification received for group: group-7AD1695502C0 with new leaderId: 5005a2c3-5168-417f-bbb4-79f56e1cdb1d
2020-04-24 12:00:11,550 [grpc-default-executor-1] INFO  impl.RaftServerImpl (ServerState.java:setLeader(255)) - 5eff9a06-5967-44f9-80ef-de1d46e4c966@group-7AD1695502C0: change Leader from null to 5005a2c3-5168-417f-bbb4-79f56e1cdb1d at term 1 for appendEntries, leader elected after 5056ms
2020-04-24 12:00:11,552 [grpc-default-executor-1] INFO  impl.RaftServerImpl (ServerState.java:setRaftConf(356)) - 5eff9a06-5967-44f9-80ef-de1d46e4c966@group-7AD1695502C0: set configuration 0: [5005a2c3-5168-417f-bbb4-79f56e1cdb1d:172.17.0.2:44903, 5eff9a06-5967-44f9-80ef-de1d46e4c966:172.17.0.2:40017, 2973722e-481f-4d7e-8dc5-81664b76c6de:172.17.0.2:34303], old=null at 0
2020-04-24 12:00:11,552 [grpc-default-executor-1] INFO  segmented.SegmentedRaftLogWorker (SegmentedRaftLogWorker.java:startLogSegment(391)) - 5eff9a06-5967-44f9-80ef-de1d46e4c966@group-7AD1695502C0-SegmentedRaftLogWorker: Starting segment from index:0
2020-04-24 12:00:11,552 [main] INFO  ozone.MiniOzoneClusterImpl (MiniOzoneClusterImpl.java:lambda$waitForClusterToBeReady$0(177)) - Nodes are ready. Got 3 of 3 DN Heartbeats.
2020-04-24 12:00:11,552 [main] INFO  ozone.MiniOzoneClusterImpl (MiniOzoneClusterImpl.java:lambda$waitForClusterToBeReady$0(180)) - Cluster exits safe mode
2020-04-24 12:00:11,555 [5eff9a06-5967-44f9-80ef-de1d46e4c966@group-7AD1695502C0-SegmentedRaftLogWorker] INFO  segmented.SegmentedRaftLogWorker (SegmentedRaftLogWorker.java:execute(583)) - 5eff9a06-5967-44f9-80ef-de1d46e4c966@group-7AD1695502C0-SegmentedRaftLogWorker: created new log segment /github/workspace/mnt/ozone/hadoop-ozone/integration-test/target/test-dir/MiniOzoneClusterImpl-04ebbe06-f53c-4430-a49a-d9bd549dca97/datanode-1/data/ratis/51b24a8c-2f82-4de5-9a2e-7ad1695502c0/current/log_inprogress_0
2020-04-24 12:00:11,558 [grpc-default-executor-2] INFO  ratis.XceiverServerRatis (XceiverServerRatis.java:handleLeaderChangedNotification(761)) - Leader change notification received for group: group-7AD1695502C0 with new leaderId: 5005a2c3-5168-417f-bbb4-79f56e1cdb1d
2020-04-24 12:00:11,559 [grpc-default-executor-2] INFO  impl.RaftServerImpl (ServerState.java:setLeader(255)) - 2973722e-481f-4d7e-8dc5-81664b76c6de@group-7AD1695502C0: change Leader from null to 5005a2c3-5168-417f-bbb4-79f56e1cdb1d at term 1 for appendEntries, leader elected after 5114ms
2020-04-24 12:00:11,560 [grpc-default-executor-2] INFO  impl.RaftServerImpl (ServerState.java:setRaftConf(356)) - 2973722e-481f-4d7e-8dc5-81664b76c6de@group-7AD1695502C0: set configuration 0: [5005a2c3-5168-417f-bbb4-79f56e1cdb1d:172.17.0.2:44903, 5eff9a06-5967-44f9-80ef-de1d46e4c966:172.17.0.2:40017, 2973722e-481f-4d7e-8dc5-81664b76c6de:172.17.0.2:34303], old=null at 0
2020-04-24 12:00:11,560 [grpc-default-executor-2] INFO  segmented.SegmentedRaftLogWorker (SegmentedRaftLogWorker.java:startLogSegment(391)) - 2973722e-481f-4d7e-8dc5-81664b76c6de@group-7AD1695502C0-SegmentedRaftLogWorker: Starting segment from index:0
2020-04-24 12:00:11,566 [2973722e-481f-4d7e-8dc5-81664b76c6de@group-7AD1695502C0-SegmentedRaftLogWorker] INFO  segmented.SegmentedRaftLogWorker (SegmentedRaftLogWorker.java:execute(583)) - 2973722e-481f-4d7e-8dc5-81664b76c6de@group-7AD1695502C0-SegmentedRaftLogWorker: created new log segment /github/workspace/mnt/ozone/hadoop-ozone/integration-test/target/test-dir/MiniOzoneClusterImpl-04ebbe06-f53c-4430-a49a-d9bd549dca97/datanode-0/data/ratis/51b24a8c-2f82-4de5-9a2e-7ad1695502c0/current/log_inprogress_0
2020-04-24 12:00:11,602 [main] INFO  rpc.RpcClient (RpcClient.java:createVolume(308)) - Creating Volume: fzmcrldrlk, with user56978 as owner.
2020-04-24 12:00:11,603 [IPC Server handler 3 on 44373] INFO  volume.OMVolumeCreateRequest (OMVolumeCreateRequest.java:validateAndUpdateCache(209)) - created volume:fzmcrldrlk for user:user56978
2020-04-24 12:00:11,610 [Thread-2517] INFO  impl.FollowerState (FollowerState.java:run(108)) - 5005a2c3-5168-417f-bbb4-79f56e1cdb1d@group-EA2A623AB37B-FollowerState: change to CANDIDATE, lastRpcTime:5051ms, electionTimeout:5046ms
2020-04-24 12:00:11,610 [Thread-2517] INFO  impl.RoleInfo (RoleInfo.java:shutdownFollowerState(121)) - 5005a2c3-5168-417f-bbb4-79f56e1cdb1d: shutdown FollowerState
2020-04-24 12:00:11,610 [Thread-2517] INFO  impl.RaftServerImpl (RaftServerImpl.java:setRole(172)) - 5005a2c3-5168-417f-bbb4-79f56e1cdb1d@group-EA2A623AB37B: changes role from  FOLLOWER to CANDIDATE at term 0 for changeToCandidate
2020-04-24 12:00:11,610 [Thread-2517] INFO  impl.RoleInfo (RoleInfo.java:updateAndGet(143)) - 5005a2c3-5168-417f-bbb4-79f56e1cdb1d: start LeaderElection
2020-04-24 12:00:11,616 [main] INFO  rpc.RpcClient (RpcClient.java:createBucket(447)) - Creating Bucket: fzmcrldrlk/exhhtvzxps, with Versioning false and Storage Type set to DISK and Encryption set to false 
2020-04-24 12:00:11,619 [5005a2c3-5168-417f-bbb4-79f56e1cdb1d@group-EA2A623AB37B-LeaderElection53] INFO  impl.LeaderElection (LeaderElection.java:askForVotes(206)) - 5005a2c3-5168-417f-bbb4-79f56e1cdb1d@group-EA2A623AB37B-LeaderElection53: begin an election at term 1 for -1: [5005a2c3-5168-417f-bbb4-79f56e1cdb1d:172.17.0.2:44903], old=null
2020-04-24 12:00:11,619 [5005a2c3-5168-417f-bbb4-79f56e1cdb1d@group-EA2A623AB37B-LeaderElection53] INFO  impl.RoleInfo (RoleInfo.java:shutdownLeaderElection(134)) - 5005a2c3-5168-417f-bbb4-79f56e1cdb1d: shutdown LeaderElection
2020-04-24 12:00:11,619 [5005a2c3-5168-417f-bbb4-79f56e1cdb1d@group-EA2A623AB37B-LeaderElection53] INFO  impl.RaftServerImpl (RaftServerImpl.java:setRole(172)) - 5005a2c3-5168-417f-bbb4-79f56e1cdb1d@group-EA2A623AB37B: changes role from CANDIDATE to LEADER at term 1 for changeToLeader
2020-04-24 12:00:11,620 [5005a2c3-5168-417f-bbb4-79f56e1cdb1d@group-EA2A623AB37B-LeaderElection53] INFO  ratis.XceiverServerRatis (XceiverServerRatis.java:handleLeaderChangedNotification(761)) - Leader change notification received for group: group-EA2A623AB37B with new leaderId: 5005a2c3-5168-417f-bbb4-79f56e1cdb1d
2020-04-24 12:00:11,620 [5005a2c3-5168-417f-bbb4-79f56e1cdb1d@group-EA2A623AB37B-LeaderElection53] INFO  impl.RaftServerImpl (ServerState.java:setLeader(255)) - 5005a2c3-5168-417f-bbb4-79f56e1cdb1d@group-EA2A623AB37B: change Leader from null to 5005a2c3-5168-417f-bbb4-79f56e1cdb1d at term 1 for becomeLeader, leader elected after 5066ms
2020-04-24 12:00:11,620 [5005a2c3-5168-417f-bbb4-79f56e1cdb1d@group-EA2A623AB37B-LeaderElection53] INFO  server.RaftServerConfigKeys (ConfUtils.java:logGet(44)) - raft.server.staging.catchup.gap = 1000 (default)
2020-04-24 12:00:11,620 [5005a2c3-5168-417f-bbb4-79f56e1cdb1d@group-EA2A623AB37B-LeaderElection53] INFO  server.RaftServerConfigKeys (ConfUtils.java:logGet(44)) - raft.server.rpc.sleep.time = 25ms (default)
2020-04-24 12:00:11,620 [5005a2c3-5168-417f-bbb4-79f56e1cdb1d@group-EA2A623AB37B-LeaderElection53] INFO  metrics.RatisMetrics (RatisMetrics.java:lambda$create$0(39)) - Creating Metrics Registry : ratis.log_appender.5005a2c3-5168-417f-bbb4-79f56e1cdb1d@group-EA2A623AB37B
2020-04-24 12:00:11,620 [5005a2c3-5168-417f-bbb4-79f56e1cdb1d@group-EA2A623AB37B-LeaderElection53] INFO  server.RaftServerConfigKeys (ConfUtils.java:logGet(44)) - raft.server.write.element-limit = 1024 (custom)
2020-04-24 12:00:11,620 [5005a2c3-5168-417f-bbb4-79f56e1cdb1d@group-EA2A623AB37B-LeaderElection53] INFO  server.RaftServerConfigKeys (ConfUtils.java:logGet(44)) - raft.server.write.byte-limit = 1073741824 (custom)
2020-04-24 12:00:11,621 [5005a2c3-5168-417f-bbb4-79f56e1cdb1d@group-EA2A623AB37B-LeaderElection53] INFO  server.RaftServerConfigKeys (ConfUtils.java:logGet(44)) - raft.server.watch.timeout = 180s (custom)
2020-04-24 12:00:11,621 [5005a2c3-5168-417f-bbb4-79f56e1cdb1d@group-EA2A623AB37B-LeaderElection53] INFO  server.RaftServerConfigKeys (ConfUtils.java:logGet(44)) - raft.server.watch.timeout.denomination = 1s (default)
2020-04-24 12:00:11,621 [5005a2c3-5168-417f-bbb4-79f56e1cdb1d@group-EA2A623AB37B-LeaderElection53] INFO  server.RaftServerConfigKeys (ConfUtils.java:logGet(44)) - raft.server.watch.element-limit = 65536 (default)
2020-04-24 12:00:11,621 [5005a2c3-5168-417f-bbb4-79f56e1cdb1d@group-EA2A623AB37B-LeaderElection53] INFO  impl.RoleInfo (RoleInfo.java:updateAndGet(143)) - 5005a2c3-5168-417f-bbb4-79f56e1cdb1d: start LeaderState
2020-04-24 12:00:11,623 [5005a2c3-5168-417f-bbb4-79f56e1cdb1d@group-EA2A623AB37B-LeaderElection53] INFO  segmented.SegmentedRaftLogWorker (SegmentedRaftLogWorker.java:startLogSegment(391)) - 5005a2c3-5168-417f-bbb4-79f56e1cdb1d@group-EA2A623AB37B-SegmentedRaftLogWorker: Starting segment from index:0
2020-04-24 12:00:11,624 [5005a2c3-5168-417f-bbb4-79f56e1cdb1d@group-EA2A623AB37B-LeaderElection53] INFO  impl.RaftServerImpl (ServerState.java:setRaftConf(356)) - 5005a2c3-5168-417f-bbb4-79f56e1cdb1d@group-EA2A623AB37B: set configuration 0: [5005a2c3-5168-417f-bbb4-79f56e1cdb1d:172.17.0.2:44903], old=null at 0
2020-04-24 12:00:11,625 [5005a2c3-5168-417f-bbb4-79f56e1cdb1d@group-EA2A623AB37B-SegmentedRaftLogWorker] INFO  segmented.SegmentedRaftLogWorker (SegmentedRaftLogWorker.java:execute(583)) - 5005a2c3-5168-417f-bbb4-79f56e1cdb1d@group-EA2A623AB37B-SegmentedRaftLogWorker: created new log segment /github/workspace/mnt/ozone/hadoop-ozone/integration-test/target/test-dir/MiniOzoneClusterImpl-04ebbe06-f53c-4430-a49a-d9bd549dca97/datanode-2/data/ratis/2014cd54-9fd4-4e15-a301-ea2a623ab37b/current/log_inprogress_0
2020-04-24 12:00:11,668 [Thread-2515] INFO  impl.FollowerState (FollowerState.java:run(108)) - 5eff9a06-5967-44f9-80ef-de1d46e4c966@group-904E30EB3BC9-FollowerState: change to CANDIDATE, lastRpcTime:5155ms, electionTimeout:5143ms
2020-04-24 12:00:11,669 [Thread-2515] INFO  impl.RoleInfo (RoleInfo.java:shutdownFollowerState(121)) - 5eff9a06-5967-44f9-80ef-de1d46e4c966: shutdown FollowerState
2020-04-24 12:00:11,669 [Thread-2515] INFO  impl.RaftServerImpl (RaftServerImpl.java:setRole(172)) - 5eff9a06-5967-44f9-80ef-de1d46e4c966@group-904E30EB3BC9: changes role from  FOLLOWER to CANDIDATE at term 0 for changeToCandidate
2020-04-24 12:00:11,669 [Thread-2515] INFO  impl.RoleInfo (RoleInfo.java:updateAndGet(143)) - 5eff9a06-5967-44f9-80ef-de1d46e4c966: start LeaderElection
2020-04-24 12:00:11,688 [5eff9a06-5967-44f9-80ef-de1d46e4c966@group-904E30EB3BC9-LeaderElection54] INFO  impl.LeaderElection (LeaderElection.java:askForVotes(206)) - 5eff9a06-5967-44f9-80ef-de1d46e4c966@group-904E30EB3BC9-LeaderElection54: begin an election at term 1 for -1: [5eff9a06-5967-44f9-80ef-de1d46e4c966:172.17.0.2:40017], old=null
2020-04-24 12:00:11,688 [5eff9a06-5967-44f9-80ef-de1d46e4c966@group-904E30EB3BC9-LeaderElection54] INFO  impl.RoleInfo (RoleInfo.java:shutdownLeaderElection(134)) - 5eff9a06-5967-44f9-80ef-de1d46e4c966: shutdown LeaderElection
2020-04-24 12:00:11,688 [5eff9a06-5967-44f9-80ef-de1d46e4c966@group-904E30EB3BC9-LeaderElection54] INFO  impl.RaftServerImpl (RaftServerImpl.java:setRole(172)) - 5eff9a06-5967-44f9-80ef-de1d46e4c966@group-904E30EB3BC9: changes role from CANDIDATE to LEADER at term 1 for changeToLeader
2020-04-24 12:00:11,688 [5eff9a06-5967-44f9-80ef-de1d46e4c966@group-904E30EB3BC9-LeaderElection54] INFO  ratis.XceiverServerRatis (XceiverServerRatis.java:handleLeaderChangedNotification(761)) - Leader change notification received for group: group-904E30EB3BC9 with new leaderId: 5eff9a06-5967-44f9-80ef-de1d46e4c966
2020-04-24 12:00:11,689 [5eff9a06-5967-44f9-80ef-de1d46e4c966@group-904E30EB3BC9-LeaderElection54] INFO  impl.RaftServerImpl (ServerState.java:setLeader(255)) - 5eff9a06-5967-44f9-80ef-de1d46e4c966@group-904E30EB3BC9: change Leader from null to 5eff9a06-5967-44f9-80ef-de1d46e4c966 at term 1 for becomeLeader, leader elected after 5181ms
2020-04-24 12:00:11,689 [5eff9a06-5967-44f9-80ef-de1d46e4c966@group-904E30EB3BC9-LeaderElection54] INFO  server.RaftServerConfigKeys (ConfUtils.java:logGet(44)) - raft.server.staging.catchup.gap = 1000 (default)
2020-04-24 12:00:11,689 [5eff9a06-5967-44f9-80ef-de1d46e4c966@group-904E30EB3BC9-LeaderElection54] INFO  server.RaftServerConfigKeys (ConfUtils.java:logGet(44)) - raft.server.rpc.sleep.time = 25ms (default)
2020-04-24 12:00:11,689 [5eff9a06-5967-44f9-80ef-de1d46e4c966@group-904E30EB3BC9-LeaderElection54] INFO  metrics.RatisMetrics (RatisMetrics.java:lambda$create$0(39)) - Creating Metrics Registry : ratis.log_appender.5eff9a06-5967-44f9-80ef-de1d46e4c966@group-904E30EB3BC9
2020-04-24 12:00:11,690 [5eff9a06-5967-44f9-80ef-de1d46e4c966@group-904E30EB3BC9-LeaderElection54] INFO  server.RaftServerConfigKeys (ConfUtils.java:logGet(44)) - raft.server.write.element-limit = 1024 (custom)
2020-04-24 12:00:11,690 [5eff9a06-5967-44f9-80ef-de1d46e4c966@group-904E30EB3BC9-LeaderElection54] INFO  server.RaftServerConfigKeys (ConfUtils.java:logGet(44)) - raft.server.write.byte-limit = 1073741824 (custom)
2020-04-24 12:00:11,690 [5eff9a06-5967-44f9-80ef-de1d46e4c966@group-904E30EB3BC9-LeaderElection54] INFO  server.RaftServerConfigKeys (ConfUtils.java:logGet(44)) - raft.server.watch.timeout = 180s (custom)
2020-04-24 12:00:11,690 [5eff9a06-5967-44f9-80ef-de1d46e4c966@group-904E30EB3BC9-LeaderElection54] INFO  server.RaftServerConfigKeys (ConfUtils.java:logGet(44)) - raft.server.watch.timeout.denomination = 1s (default)
2020-04-24 12:00:11,690 [5eff9a06-5967-44f9-80ef-de1d46e4c966@group-904E30EB3BC9-LeaderElection54] INFO  server.RaftServerConfigKeys (ConfUtils.java:logGet(44)) - raft.server.watch.element-limit = 65536 (default)
2020-04-24 12:00:11,690 [5eff9a06-5967-44f9-80ef-de1d46e4c966@group-904E30EB3BC9-LeaderElection54] INFO  impl.RoleInfo (RoleInfo.java:updateAndGet(143)) - 5eff9a06-5967-44f9-80ef-de1d46e4c966: start LeaderState
2020-04-24 12:00:11,691 [5eff9a06-5967-44f9-80ef-de1d46e4c966@group-904E30EB3BC9-LeaderElection54] INFO  segmented.SegmentedRaftLogWorker (SegmentedRaftLogWorker.java:startLogSegment(391)) - 5eff9a06-5967-44f9-80ef-de1d46e4c966@group-904E30EB3BC9-SegmentedRaftLogWorker: Starting segment from index:0
2020-04-24 12:00:11,695 [5eff9a06-5967-44f9-80ef-de1d46e4c966@group-904E30EB3BC9-SegmentedRaftLogWorker] INFO  segmented.SegmentedRaftLogWorker (SegmentedRaftLogWorker.java:execute(583)) - 5eff9a06-5967-44f9-80ef-de1d46e4c966@group-904E30EB3BC9-SegmentedRaftLogWorker: created new log segment /github/workspace/mnt/ozone/hadoop-ozone/integration-test/target/test-dir/MiniOzoneClusterImpl-04ebbe06-f53c-4430-a49a-d9bd549dca97/datanode-1/data/ratis/e28a342b-e986-45f7-8526-904e30eb3bc9/current/log_inprogress_0
2020-04-24 12:00:11,699 [5eff9a06-5967-44f9-80ef-de1d46e4c966@group-904E30EB3BC9-LeaderElection54] INFO  impl.RaftServerImpl (ServerState.java:setRaftConf(356)) - 5eff9a06-5967-44f9-80ef-de1d46e4c966@group-904E30EB3BC9: set configuration 0: [5eff9a06-5967-44f9-80ef-de1d46e4c966:172.17.0.2:40017], old=null at 0
2020-04-24 12:00:14,535 [Thread-2527] INFO  container.ReplicationManager (ReplicationManager.java:start(165)) - Starting Replication Monitor Thread.
2020-04-24 12:00:14,537 [ReplicationMonitor] INFO  container.ReplicationManager (ReplicationManager.java:run(228)) - Replication Monitor Thread took 0 milliseconds for processing 1 containers.
2020-04-24 12:00:14,537 [EventQueue-CloseContainerForCloseContainerEventHandler] INFO  container.CloseContainerEventHandler (CloseContainerEventHandler.java:onMessage(61)) - Close container Event triggered for container : #1
2020-04-24 12:00:15,690 [Command processor thread] ERROR commandhandler.CloseContainerCommandHandler (CloseContainerCommandHandler.java:handle(85)) - Container #1 does not exist in datanode. Container close failed.
2020-04-24 12:00:15,999 [grpc-default-executor-1] WARN  server.GrpcLogAppender (LogUtils.java:warn(122)) - 5005a2c3-5168-417f-bbb4-79f56e1cdb1d@group-7AD1695502C0->5eff9a06-5967-44f9-80ef-de1d46e4c966-AppendLogResponseHandler: Failed appendEntries: org.apache.ratis.thirdparty.io.grpc.StatusRuntimeException: CANCELLED: Failed to read message.
2020-04-24 12:00:16,006 [grpc-default-executor-0] WARN  server.GrpcServerProtocolService (LogUtils.java:warn(122)) - 5eff9a06-5967-44f9-80ef-de1d46e4c966: installSnapshot onError, lastRequest: 5005a2c3-5168-417f-bbb4-79f56e1cdb1d->5eff9a06-5967-44f9-80ef-de1d46e4c966#1-t1, previous=(t:0, i:0), leaderCommit=0, initializing? false, entries: size=1, first=(t:1, i:0), CONFIGURATIONENTRY: org.apache.ratis.thirdparty.io.grpc.StatusRuntimeException: CANCELLED: cancelled before receiving half close
2020-04-24 12:00:16,006 [grpc-default-executor-1] INFO  impl.FollowerInfo (FollowerInfo.java:lambda$new$0(50)) - 5005a2c3-5168-417f-bbb4-79f56e1cdb1d@group-7AD1695502C0->5eff9a06-5967-44f9-80ef-de1d46e4c966: nextIndex: updateUnconditionally 1 -> 0
2020-04-24 12:00:17,027 [grpc-default-executor-0] INFO  impl.RaftServerImpl (ServerState.java:setRaftConf(356)) - 5eff9a06-5967-44f9-80ef-de1d46e4c966@group-7AD1695502C0: set configuration 0: [5005a2c3-5168-417f-bbb4-79f56e1cdb1d:172.17.0.2:44903, 5eff9a06-5967-44f9-80ef-de1d46e4c966:172.17.0.2:40017, 2973722e-481f-4d7e-8dc5-81664b76c6de:172.17.0.2:34303], old=null at 0
2020-04-24 12:00:17,035 [RatisApplyTransactionExecutor 1] INFO  interfaces.Container (KeyValueContainer.java:flushAndSyncDB(387)) - Container 1 is synced with bcsId 6.
2020-04-24 12:00:17,035 [RatisApplyTransactionExecutor 1] INFO  interfaces.Container (KeyValueContainer.java:flushAndSyncDB(387)) - Container 1 is synced with bcsId 6.
2020-04-24 12:00:17,038 [RatisApplyTransactionExecutor 1] INFO  interfaces.Container (KeyValueContainer.java:close(325)) - Container 1 is closed with bcsId 6.
2020-04-24 12:00:17,044 [EventQueue-IncrementalContainerReportForIncrementalContainerReportHandler] INFO  container.IncrementalContainerReportHandler (AbstractContainerReportHandler.java:updateContainerState(178)) - Moving container #1 to CLOSED state, datanode 5005a2c3-5168-417f-bbb4-79f56e1cdb1d{ip: 172.17.0.2, host: 4a38389e7a26, networkLocation: /default-rack, certSerialId: null} reported CLOSED replica.
2020-04-24 12:00:17,046 [RatisApplyTransactionExecutor 1] INFO  interfaces.Container (KeyValueContainer.java:flushAndSyncDB(387)) - Container 1 is synced with bcsId 6.
2020-04-24 12:00:17,056 [RatisApplyTransactionExecutor 1] INFO  interfaces.Container (KeyValueContainer.java:flushAndSyncDB(387)) - Container 1 is synced with bcsId 6.
2020-04-24 12:00:17,057 [RatisApplyTransactionExecutor 1] INFO  interfaces.Container (KeyValueContainer.java:close(325)) - Container 1 is closed with bcsId 6.
2020-04-24 12:00:17,121 [RatisApplyTransactionExecutor 1] INFO  interfaces.Container (KeyValueContainer.java:flushAndSyncDB(387)) - Container 1 is synced with bcsId 6.
2020-04-24 12:00:17,121 [RatisApplyTransactionExecutor 1] INFO  interfaces.Container (KeyValueContainer.java:flushAndSyncDB(387)) - Container 1 is synced with bcsId 6.
2020-04-24 12:00:17,124 [RatisApplyTransactionExecutor 1] INFO  interfaces.Container (KeyValueContainer.java:close(325)) - Container 1 is closed with bcsId 6.
12:00:17.618 [grpc-default-executor-0] ERROR DNAudit - user=null | ip=null | op=WRITE_CHUNK {blockData=conID: 1 locID: 104053447859896336 bcsId: 6} | ret=FAILURE
org.apache.hadoop.hdds.scm.container.common.helpers.ContainerNotOpenException: Container 1 in CLOSED state
	at org.apache.hadoop.ozone.container.common.impl.HddsDispatcher.validateContainerCommand(HddsDispatcher.java:478) ~[hadoop-hdds-container-service-0.6.0-SNAPSHOT.jar:?]
	at org.apache.hadoop.ozone.container.common.transport.server.ratis.ContainerStateMachine.startTransaction(ContainerStateMachine.java:314) ~[hadoop-hdds-container-service-0.6.0-SNAPSHOT.jar:?]
	at org.apache.ratis.server.impl.RaftServerImpl.submitClientRequestAsync(RaftServerImpl.java:596) ~[ratis-server-0.6.0-490b689-SNAPSHOT.jar:0.6.0-490b689-SNAPSHOT]
	at org.apache.ratis.server.impl.RaftServerProxy.lambda$submitClientRequestAsync$7(RaftServerProxy.java:333) ~[ratis-server-0.6.0-490b689-SNAPSHOT.jar:0.6.0-490b689-SNAPSHOT]
	at org.apache.ratis.server.impl.RaftServerProxy.lambda$null$5(RaftServerProxy.java:328) ~[ratis-server-0.6.0-490b689-SNAPSHOT.jar:0.6.0-490b689-SNAPSHOT]
	at org.apache.ratis.util.JavaUtils.callAsUnchecked(JavaUtils.java:109) ~[ratis-common-0.6.0-490b689-SNAPSHOT.jar:0.6.0-490b689-SNAPSHOT]
	at org.apache.ratis.server.impl.RaftServerProxy.lambda$submitRequest$6(RaftServerProxy.java:328) ~[ratis-server-0.6.0-490b689-SNAPSHOT.jar:0.6.0-490b689-SNAPSHOT]
	at java.util.concurrent.CompletableFuture.uniComposeStage(CompletableFuture.java:995) ~[?:1.8.0_232]
	at java.util.concurrent.CompletableFuture.thenCompose(CompletableFuture.java:2137) ~[?:1.8.0_232]
	at org.apache.ratis.server.impl.RaftServerProxy.submitRequest(RaftServerProxy.java:327) ~[ratis-server-0.6.0-490b689-SNAPSHOT.jar:0.6.0-490b689-SNAPSHOT]
	at org.apache.ratis.server.impl.RaftServerProxy.submitClientRequestAsync(RaftServerProxy.java:333) ~[ratis-server-0.6.0-490b689-SNAPSHOT.jar:0.6.0-490b689-SNAPSHOT]
	at org.apache.ratis.grpc.client.GrpcClientProtocolService$RequestStreamObserver.processClientRequest(GrpcClientProtocolService.java:225) ~[ratis-grpc-0.6.0-490b689-SNAPSHOT.jar:0.6.0-490b689-SNAPSHOT]
	at org.apache.ratis.grpc.client.GrpcClientProtocolService$OrderedRequestStreamObserver.processClientRequest(GrpcClientProtocolService.java:331) ~[ratis-grpc-0.6.0-490b689-SNAPSHOT.jar:0.6.0-490b689-SNAPSHOT]
	at org.apache.ratis.util.SlidingWindow$Server.processRequestsFromHead(SlidingWindow.java:429) [ratis-common-0.6.0-490b689-SNAPSHOT.jar:0.6.0-490b689-SNAPSHOT]
	at org.apache.ratis.util.SlidingWindow$Server.receivedRequest(SlidingWindow.java:421) [ratis-common-0.6.0-490b689-SNAPSHOT.jar:0.6.0-490b689-SNAPSHOT]
	at org.apache.ratis.grpc.client.GrpcClientProtocolService$OrderedRequestStreamObserver.processClientRequest(GrpcClientProtocolService.java:355) [ratis-grpc-0.6.0-490b689-SNAPSHOT.jar:0.6.0-490b689-SNAPSHOT]
	at org.apache.ratis.grpc.client.GrpcClientProtocolService$RequestStreamObserver.onNext(GrpcClientProtocolService.java:245) [ratis-grpc-0.6.0-490b689-SNAPSHOT.jar:0.6.0-490b689-SNAPSHOT]
	at org.apache.ratis.grpc.client.GrpcClientProtocolService$RequestStreamObserver.onNext(GrpcClientProtocolService.java:168) [ratis-grpc-0.6.0-490b689-SNAPSHOT.jar:0.6.0-490b689-SNAPSHOT]
	at org.apache.ratis.thirdparty.io.grpc.stub.ServerCalls$StreamingServerCallHandler$StreamingServerCallListener.onMessage(ServerCalls.java:251) [ratis-thirdparty-misc-0.3.0.jar:0.3.0]
	at org.apache.ratis.thirdparty.io.grpc.internal.ServerCallImpl$ServerStreamListenerImpl.messagesAvailableInternal(ServerCallImpl.java:309) [ratis-thirdparty-misc-0.3.0.jar:0.3.0]
	at org.apache.ratis.thirdparty.io.grpc.internal.ServerCallImpl$ServerStreamListenerImpl.messagesAvailable(ServerCallImpl.java:292) [ratis-thirdparty-misc-0.3.0.jar:0.3.0]
	at org.apache.ratis.thirdparty.io.grpc.internal.ServerImpl$JumpToApplicationThreadServerStreamListener$1MessagesAvailable.runInContext(ServerImpl.java:779) [ratis-thirdparty-misc-0.3.0.jar:0.3.0]
	at org.apache.ratis.thirdparty.io.grpc.internal.ContextRunnable.run(ContextRunnable.java:37) [ratis-thirdparty-misc-0.3.0.jar:0.3.0]
	at org.apache.ratis.thirdparty.io.grpc.internal.SerializingExecutor.run(SerializingExecutor.java:123) [ratis-thirdparty-misc-0.3.0.jar:0.3.0]
	at java.util.concurrent.ThreadPoolExecutor.runWorker(ThreadPoolExecutor.java:1149) [?:1.8.0_232]
	at java.util.concurrent.ThreadPoolExecutor$Worker.run(ThreadPoolExecutor.java:624) [?:1.8.0_232]
	at java.lang.Thread.run(Thread.java:748) [?:1.8.0_232]
12:00:17.650 [grpc-default-executor-0] ERROR DNAudit - user=null | ip=null | op=PUT_BLOCK {blockData=[blockId=conID: 1 locID: 104053447859896336 bcsId: 0,size=3145728]} | ret=FAILURE
org.apache.hadoop.hdds.scm.container.common.helpers.ContainerNotOpenException: Container 1 in CLOSED state
	at org.apache.hadoop.ozone.container.common.impl.HddsDispatcher.validateContainerCommand(HddsDispatcher.java:478) ~[hadoop-hdds-container-service-0.6.0-SNAPSHOT.jar:?]
	at org.apache.hadoop.ozone.container.common.transport.server.ratis.ContainerStateMachine.startTransaction(ContainerStateMachine.java:314) ~[hadoop-hdds-container-service-0.6.0-SNAPSHOT.jar:?]
	at org.apache.ratis.server.impl.RaftServerImpl.submitClientRequestAsync(RaftServerImpl.java:596) ~[ratis-server-0.6.0-490b689-SNAPSHOT.jar:0.6.0-490b689-SNAPSHOT]
	at org.apache.ratis.server.impl.RaftServerProxy.lambda$submitClientRequestAsync$7(RaftServerProxy.java:333) ~[ratis-server-0.6.0-490b689-SNAPSHOT.jar:0.6.0-490b689-SNAPSHOT]
	at org.apache.ratis.server.impl.RaftServerProxy.lambda$null$5(RaftServerProxy.java:328) ~[ratis-server-0.6.0-490b689-SNAPSHOT.jar:0.6.0-490b689-SNAPSHOT]
	at org.apache.ratis.util.JavaUtils.callAsUnchecked(JavaUtils.java:109) ~[ratis-common-0.6.0-490b689-SNAPSHOT.jar:0.6.0-490b689-SNAPSHOT]
	at org.apache.ratis.server.impl.RaftServerProxy.lambda$submitRequest$6(RaftServerProxy.java:328) ~[ratis-server-0.6.0-490b689-SNAPSHOT.jar:0.6.0-490b689-SNAPSHOT]
	at java.util.concurrent.CompletableFuture.uniComposeStage(CompletableFuture.java:995) ~[?:1.8.0_232]
	at java.util.concurrent.CompletableFuture.thenCompose(CompletableFuture.java:2137) ~[?:1.8.0_232]
	at org.apache.ratis.server.impl.RaftServerProxy.submitRequest(RaftServerProxy.java:327) ~[ratis-server-0.6.0-490b689-SNAPSHOT.jar:0.6.0-490b689-SNAPSHOT]
	at org.apache.ratis.server.impl.RaftServerProxy.submitClientRequestAsync(RaftServerProxy.java:333) ~[ratis-server-0.6.0-490b689-SNAPSHOT.jar:0.6.0-490b689-SNAPSHOT]
	at org.apache.ratis.grpc.client.GrpcClientProtocolService$RequestStreamObserver.processClientRequest(GrpcClientProtocolService.java:225) ~[ratis-grpc-0.6.0-490b689-SNAPSHOT.jar:0.6.0-490b689-SNAPSHOT]
	at org.apache.ratis.grpc.client.GrpcClientProtocolService$OrderedRequestStreamObserver.processClientRequest(GrpcClientProtocolService.java:331) ~[ratis-grpc-0.6.0-490b689-SNAPSHOT.jar:0.6.0-490b689-SNAPSHOT]
	at org.apache.ratis.util.SlidingWindow$Server.processRequestsFromHead(SlidingWindow.java:429) [ratis-common-0.6.0-490b689-SNAPSHOT.jar:0.6.0-490b689-SNAPSHOT]
	at org.apache.ratis.util.SlidingWindow$Server.receivedRequest(SlidingWindow.java:421) [ratis-common-0.6.0-490b689-SNAPSHOT.jar:0.6.0-490b689-SNAPSHOT]
	at org.apache.ratis.grpc.client.GrpcClientProtocolService$OrderedRequestStreamObserver.processClientRequest(GrpcClientProtocolService.java:355) [ratis-grpc-0.6.0-490b689-SNAPSHOT.jar:0.6.0-490b689-SNAPSHOT]
	at org.apache.ratis.grpc.client.GrpcClientProtocolService$RequestStreamObserver.onNext(GrpcClientProtocolService.java:245) [ratis-grpc-0.6.0-490b689-SNAPSHOT.jar:0.6.0-490b689-SNAPSHOT]
	at org.apache.ratis.grpc.client.GrpcClientProtocolService$RequestStreamObserver.onNext(GrpcClientProtocolService.java:168) [ratis-grpc-0.6.0-490b689-SNAPSHOT.jar:0.6.0-490b689-SNAPSHOT]
	at org.apache.ratis.thirdparty.io.grpc.stub.ServerCalls$StreamingServerCallHandler$StreamingServerCallListener.onMessage(ServerCalls.java:251) [ratis-thirdparty-misc-0.3.0.jar:0.3.0]
	at org.apache.ratis.thirdparty.io.grpc.internal.ServerCallImpl$ServerStreamListenerImpl.messagesAvailableInternal(ServerCallImpl.java:309) [ratis-thirdparty-misc-0.3.0.jar:0.3.0]
	at org.apache.ratis.thirdparty.io.grpc.internal.ServerCallImpl$ServerStreamListenerImpl.messagesAvailable(ServerCallImpl.java:292) [ratis-thirdparty-misc-0.3.0.jar:0.3.0]
	at org.apache.ratis.thirdparty.io.grpc.internal.ServerImpl$JumpToApplicationThreadServerStreamListener$1MessagesAvailable.runInContext(ServerImpl.java:779) [ratis-thirdparty-misc-0.3.0.jar:0.3.0]
	at org.apache.ratis.thirdparty.io.grpc.internal.ContextRunnable.run(ContextRunnable.java:37) [ratis-thirdparty-misc-0.3.0.jar:0.3.0]
	at org.apache.ratis.thirdparty.io.grpc.internal.SerializingExecutor.run(SerializingExecutor.java:123) [ratis-thirdparty-misc-0.3.0.jar:0.3.0]
	at java.util.concurrent.ThreadPoolExecutor.runWorker(ThreadPoolExecutor.java:1149) [?:1.8.0_232]
	at java.util.concurrent.ThreadPoolExecutor$Worker.run(ThreadPoolExecutor.java:624) [?:1.8.0_232]
	at java.lang.Thread.run(Thread.java:748) [?:1.8.0_232]
2020-04-24 12:00:17,662 [main] INFO  io.BlockOutputStreamEntryPool (BlockOutputStreamEntryPool.java:allocateNewBlock(284)) - Allocating block with ExcludeList {datanodes = [], containerIds = [#1], pipelineIds = []}
2020-04-24 12:00:18,891 [main] INFO  io.BlockOutputStreamEntryPool (BlockOutputStreamEntryPool.java:allocateNewBlock(284)) - Allocating block with ExcludeList {datanodes = [], containerIds = [#1], pipelineIds = []}
2020-04-24 12:00:22,946 [main] INFO  ozone.MiniOzoneClusterImpl (MiniOzoneClusterImpl.java:shutdown(387)) - Shutting down the Mini Ozone Cluster
2020-04-24 12:00:22,946 [main] INFO  ozone.MiniOzoneClusterImpl (MiniOzoneClusterImpl.java:stop(402)) - Stopping the Mini Ozone Cluster
2020-04-24 12:00:22,946 [main] INFO  ozone.MiniOzoneClusterImpl (MiniOzoneClusterImpl.java:stopOM(484)) - Stopping the OzoneManager
2020-04-24 12:00:22,946 [main] INFO  ipc.Server (Server.java:stop(3082)) - Stopping server on 44373
2020-04-24 12:00:22,949 [main] INFO  ratis.OzoneManagerDoubleBuffer (OzoneManagerDoubleBuffer.java:stop(272)) - Stopping OMDoubleBuffer flush thread
2020-04-24 12:00:22,949 [IPC Server listener on 44373] INFO  ipc.Server (Server.java:run(1185)) - Stopping IPC Server listener on 44373
2020-04-24 12:00:22,949 [IPC Server Responder] INFO  ipc.Server (Server.java:run(1319)) - Stopping IPC Server Responder
2020-04-24 12:00:22,950 [OMDoubleBufferFlushThread] INFO  ratis.OzoneManagerDoubleBuffer (OzoneManagerDoubleBuffer.java:flushTransactions(206)) - OMDoubleBuffer flush thread OMDoubleBufferFlushThread is interrupted and will exit. OMDoubleBufferFlushThread
2020-04-24 12:00:22,950 [main] INFO  utils.BackgroundService (BackgroundService.java:shutdown(157)) - Shutting down service KeyDeletingService
2020-04-24 12:00:22,951 [main] INFO  handler.ContextHandler (ContextHandler.java:doStop(1016)) - Stopped o.e.j.w.WebAppContext@7f47888c{ozoneManager,/,null,UNAVAILABLE}{file:/github/workspace/mnt/ozone/hadoop-ozone/integration-test/target/test-classes/webapps/ozoneManager}
2020-04-24 12:00:22,952 [main] INFO  server.AbstractConnector (AbstractConnector.java:doStop(380)) - Stopped ServerConnector@466271a6{HTTP/1.1,[http/1.1]}{0.0.0.0:0}
2020-04-24 12:00:22,953 [main] INFO  server.session (HouseKeeper.java:stopScavenging(158)) - node0 Stopped scavenging
2020-04-24 12:00:22,954 [main] INFO  handler.ContextHandler (ContextHandler.java:doStop(1016)) - Stopped o.e.j.s.ServletContextHandler@3bfd0522{static,/static,file:///github/workspace/mnt/ozone/hadoop-ozone/integration-test/target/test-classes/webapps/static,UNAVAILABLE}
2020-04-24 12:00:22,954 [main] INFO  handler.ContextHandler (ContextHandler.java:doStop(1016)) - Stopped o.e.j.s.ServletContextHandler@4e9057dc{logs,/logs,file:///github/workspace/mnt/ozone/hadoop-ozone/integration-test/target/log,UNAVAILABLE}
2020-04-24 12:00:22,956 [main] INFO  ozone.MiniOzoneClusterImpl (MiniOzoneClusterImpl.java:stopDatanodes(461)) - Stopping the HddsDatanodes
2020-04-24 12:00:23,406 [Datanode State Machine Thread - 0] INFO  statemachine.DatanodeStateMachine (DatanodeStateMachine.java:lambda$startDaemon$0(376)) - Ozone container server started.
2020-04-24 12:00:23,407 [Datanode State Machine Thread - 0] INFO  statemachine.DatanodeStateMachine (DatanodeStateMachine.java:lambda$startDaemon$0(376)) - Ozone container server started.
2020-04-24 12:00:27,956 [main] INFO  ozoneimpl.OzoneContainer (OzoneContainer.java:stop(246)) - Attempting to stop container services.
2020-04-24 12:00:27,957 [ForkJoinPool.commonPool-worker-0] INFO  ozoneimpl.OzoneContainer (OzoneContainer.java:stop(246)) - Attempting to stop container services.
2020-04-24 12:00:27,957 [ForkJoinPool.commonPool-worker-0] INFO  impl.RaftServerProxy (RaftServerProxy.java:lambda$close$4(314)) - 2973722e-481f-4d7e-8dc5-81664b76c6de: close
2020-04-24 12:00:27,957 [main] INFO  impl.RaftServerProxy (RaftServerProxy.java:lambda$close$4(314)) - 5eff9a06-5967-44f9-80ef-de1d46e4c966: close
2020-04-24 12:00:27,958 [main] INFO  impl.RaftServerImpl (RaftServerImpl.java:lambda$shutdown$3(249)) - 5eff9a06-5967-44f9-80ef-de1d46e4c966@group-7AD1695502C0: shutdown
2020-04-24 12:00:27,958 [main] INFO  util.JmxRegister (JmxRegister.java:unregister(73)) - Successfully un-registered JMX Bean with object name Ratis:service=RaftServer,group=group-7AD1695502C0,id=5eff9a06-5967-44f9-80ef-de1d46e4c966
2020-04-24 12:00:27,958 [main] INFO  impl.RoleInfo (RoleInfo.java:shutdownFollowerState(121)) - 5eff9a06-5967-44f9-80ef-de1d46e4c966: shutdown FollowerState
2020-04-24 12:00:27,958 [main] INFO  impl.StateMachineUpdater (StateMachineUpdater.java:stopAndJoin(139)) - 5eff9a06-5967-44f9-80ef-de1d46e4c966@group-7AD1695502C0-StateMachineUpdater: set stopIndex = 42
2020-04-24 12:00:27,959 [Thread-2523] INFO  impl.FollowerState (FollowerState.java:run(117)) - 5eff9a06-5967-44f9-80ef-de1d46e4c966@group-7AD1695502C0-FollowerState was interrupted: java.lang.InterruptedException: sleep interrupted
2020-04-24 12:00:27,957 [ForkJoinPool.commonPool-worker-0] INFO  impl.RaftServerImpl (RaftServerImpl.java:lambda$shutdown$3(249)) - 2973722e-481f-4d7e-8dc5-81664b76c6de@group-8BD36E726BFE: shutdown
2020-04-24 12:00:27,960 [5eff9a06-5967-44f9-80ef-de1d46e4c966@group-7AD1695502C0-StateMachineUpdater] INFO  ratis.ContainerStateMachine (ContainerStateMachine.java:takeSnapshot(288)) - group-7AD1695502C0: Taking a snapshot at:(t:1, i:42) file /github/workspace/mnt/ozone/hadoop-ozone/integration-test/target/test-dir/MiniOzoneClusterImpl-04ebbe06-f53c-4430-a49a-d9bd549dca97/datanode-1/data/ratis/51b24a8c-2f82-4de5-9a2e-7ad1695502c0/sm/snapshot.1_42
2020-04-24 12:00:27,960 [ForkJoinPool.commonPool-worker-0] INFO  util.JmxRegister (JmxRegister.java:unregister(73)) - Successfully un-registered JMX Bean with object name Ratis:service=RaftServer,group=group-8BD36E726BFE,id=2973722e-481f-4d7e-8dc5-81664b76c6de
2020-04-24 12:00:27,960 [ForkJoinPool.commonPool-worker-0] INFO  impl.RoleInfo (RoleInfo.java:shutdownLeaderState(104)) - 2973722e-481f-4d7e-8dc5-81664b76c6de: shutdown LeaderState
2020-04-24 12:00:27,960 [ForkJoinPool.commonPool-worker-0] INFO  impl.PendingRequests (PendingRequests.java:sendNotLeaderResponses(240)) - 2973722e-481f-4d7e-8dc5-81664b76c6de@group-8BD36E726BFE-PendingRequests: sendNotLeaderResponses
2020-04-24 12:00:27,960 [ForkJoinPool.commonPool-worker-0] INFO  metrics.RatisMetrics (RatisMetrics.java:unregister(46)) - Unregistering Metrics Registry : ratis.log_appender.2973722e-481f-4d7e-8dc5-81664b76c6de@group-8BD36E726BFE
2020-04-24 12:00:27,960 [ForkJoinPool.commonPool-worker-0] INFO  impl.StateMachineUpdater (StateMachineUpdater.java:stopAndJoin(139)) - 2973722e-481f-4d7e-8dc5-81664b76c6de@group-8BD36E726BFE-StateMachineUpdater: set stopIndex = 0
2020-04-24 12:00:27,961 [2973722e-481f-4d7e-8dc5-81664b76c6de@group-8BD36E726BFE-StateMachineUpdater] INFO  ratis.ContainerStateMachine (ContainerStateMachine.java:takeSnapshot(288)) - group-8BD36E726BFE: Taking a snapshot at:(t:1, i:0) file /github/workspace/mnt/ozone/hadoop-ozone/integration-test/target/test-dir/MiniOzoneClusterImpl-04ebbe06-f53c-4430-a49a-d9bd549dca97/datanode-0/data/ratis/4fc07812-96a4-4dd0-8afb-8bd36e726bfe/sm/snapshot.1_0
2020-04-24 12:00:27,961 [5eff9a06-5967-44f9-80ef-de1d46e4c966@group-7AD1695502C0-StateMachineUpdater] INFO  ratis.ContainerStateMachine (ContainerStateMachine.java:takeSnapshot(299)) - group-7AD1695502C0: Finished taking a snapshot at:(t:1, i:42) file:/github/workspace/mnt/ozone/hadoop-ozone/integration-test/target/test-dir/MiniOzoneClusterImpl-04ebbe06-f53c-4430-a49a-d9bd549dca97/datanode-1/data/ratis/51b24a8c-2f82-4de5-9a2e-7ad1695502c0/sm/snapshot.1_42 time:1
2020-04-24 12:00:27,961 [5eff9a06-5967-44f9-80ef-de1d46e4c966@group-7AD1695502C0-StateMachineUpdater] INFO  impl.StateMachineUpdater (StateMachineUpdater.java:takeSnapshot(274)) - 5eff9a06-5967-44f9-80ef-de1d46e4c966@group-7AD1695502C0-StateMachineUpdater: Took a snapshot at index 42
2020-04-24 12:00:27,961 [5eff9a06-5967-44f9-80ef-de1d46e4c966@group-7AD1695502C0-StateMachineUpdater] INFO  impl.StateMachineUpdater (StateMachineUpdater.java:lambda$new$0(86)) - 5eff9a06-5967-44f9-80ef-de1d46e4c966@group-7AD1695502C0-StateMachineUpdater: snapshotIndex: updateIncreasingly -1 -> 42
2020-04-24 12:00:27,962 [5eff9a06-5967-44f9-80ef-de1d46e4c966@group-7AD1695502C0-StateMachineUpdater] INFO  metrics.RatisMetrics (RatisMetrics.java:unregister(46)) - Unregistering Metrics Registry : ratis.state_machine.5eff9a06-5967-44f9-80ef-de1d46e4c966@group-7AD1695502C0
2020-04-24 12:00:27,962 [2973722e-481f-4d7e-8dc5-81664b76c6de@group-8BD36E726BFE-StateMachineUpdater] INFO  ratis.ContainerStateMachine (ContainerStateMachine.java:takeSnapshot(299)) - group-8BD36E726BFE: Finished taking a snapshot at:(t:1, i:0) file:/github/workspace/mnt/ozone/hadoop-ozone/integration-test/target/test-dir/MiniOzoneClusterImpl-04ebbe06-f53c-4430-a49a-d9bd549dca97/datanode-0/data/ratis/4fc07812-96a4-4dd0-8afb-8bd36e726bfe/sm/snapshot.1_0 time:1
2020-04-24 12:00:27,962 [main] INFO  impl.RaftServerImpl (ServerState.java:close(387)) - 5eff9a06-5967-44f9-80ef-de1d46e4c966@group-7AD1695502C0: closes. applyIndex: 42
2020-04-24 12:00:27,962 [2973722e-481f-4d7e-8dc5-81664b76c6de@group-8BD36E726BFE-StateMachineUpdater] INFO  impl.StateMachineUpdater (StateMachineUpdater.java:takeSnapshot(274)) - 2973722e-481f-4d7e-8dc5-81664b76c6de@group-8BD36E726BFE-StateMachineUpdater: Took a snapshot at index 0
2020-04-24 12:00:27,962 [5eff9a06-5967-44f9-80ef-de1d46e4c966@group-7AD1695502C0-SegmentedRaftLogWorker] INFO  segmented.SegmentedRaftLogWorker (SegmentedRaftLogWorker.java:run(321)) - 5eff9a06-5967-44f9-80ef-de1d46e4c966@group-7AD1695502C0-SegmentedRaftLogWorker was interrupted, exiting. There are 0 tasks remaining in the queue.
2020-04-24 12:00:27,962 [2973722e-481f-4d7e-8dc5-81664b76c6de@group-8BD36E726BFE-StateMachineUpdater] INFO  impl.StateMachineUpdater (StateMachineUpdater.java:lambda$new$0(86)) - 2973722e-481f-4d7e-8dc5-81664b76c6de@group-8BD36E726BFE-StateMachineUpdater: snapshotIndex: updateIncreasingly -1 -> 0
2020-04-24 12:00:27,963 [2973722e-481f-4d7e-8dc5-81664b76c6de@group-8BD36E726BFE-StateMachineUpdater] INFO  metrics.RatisMetrics (RatisMetrics.java:unregister(46)) - Unregistering Metrics Registry : ratis.state_machine.2973722e-481f-4d7e-8dc5-81664b76c6de@group-8BD36E726BFE
2020-04-24 12:00:27,963 [main] INFO  segmented.SegmentedRaftLogWorker (SegmentedRaftLogWorker.java:close(229)) - 5eff9a06-5967-44f9-80ef-de1d46e4c966@group-7AD1695502C0-SegmentedRaftLogWorker close()
2020-04-24 12:00:27,963 [ForkJoinPool.commonPool-worker-0] INFO  impl.RaftServerImpl (ServerState.java:close(387)) - 2973722e-481f-4d7e-8dc5-81664b76c6de@group-8BD36E726BFE: closes. applyIndex: 0
2020-04-24 12:00:27,965 [2973722e-481f-4d7e-8dc5-81664b76c6de@group-8BD36E726BFE-SegmentedRaftLogWorker] INFO  segmented.SegmentedRaftLogWorker (SegmentedRaftLogWorker.java:run(321)) - 2973722e-481f-4d7e-8dc5-81664b76c6de@group-8BD36E726BFE-SegmentedRaftLogWorker was interrupted, exiting. There are 0 tasks remaining in the queue.
2020-04-24 12:00:27,965 [ForkJoinPool.commonPool-worker-0] INFO  segmented.SegmentedRaftLogWorker (SegmentedRaftLogWorker.java:close(229)) - 2973722e-481f-4d7e-8dc5-81664b76c6de@group-8BD36E726BFE-SegmentedRaftLogWorker close()
2020-04-24 12:00:27,965 [main] INFO  metrics.RatisMetrics (RatisMetrics.java:unregister(46)) - Unregistering Metrics Registry : ratis.log_worker.5eff9a06-5967-44f9-80ef-de1d46e4c966
2020-04-24 12:00:27,967 [main] INFO  metrics.RatisMetrics (RatisMetrics.java:unregister(46)) - Unregistering Metrics Registry : ratis.leader_election.5eff9a06-5967-44f9-80ef-de1d46e4c966@group-7AD1695502C0
2020-04-24 12:00:27,967 [main] INFO  metrics.RatisMetrics (RatisMetrics.java:unregister(46)) - Unregistering Metrics Registry : ratis.server.5eff9a06-5967-44f9-80ef-de1d46e4c966@group-7AD1695502C0
2020-04-24 12:00:27,967 [main] INFO  impl.RaftServerImpl (RaftServerImpl.java:lambda$shutdown$3(249)) - 5eff9a06-5967-44f9-80ef-de1d46e4c966@group-904E30EB3BC9: shutdown
2020-04-24 12:00:27,967 [main] INFO  util.JmxRegister (JmxRegister.java:unregister(73)) - Successfully un-registered JMX Bean with object name Ratis:service=RaftServer,group=group-904E30EB3BC9,id=5eff9a06-5967-44f9-80ef-de1d46e4c966
2020-04-24 12:00:27,968 [main] INFO  impl.RoleInfo (RoleInfo.java:shutdownLeaderState(104)) - 5eff9a06-5967-44f9-80ef-de1d46e4c966: shutdown LeaderState
2020-04-24 12:00:27,968 [main] INFO  impl.PendingRequests (PendingRequests.java:sendNotLeaderResponses(240)) - 5eff9a06-5967-44f9-80ef-de1d46e4c966@group-904E30EB3BC9-PendingRequests: sendNotLeaderResponses
2020-04-24 12:00:27,968 [main] INFO  metrics.RatisMetrics (RatisMetrics.java:unregister(46)) - Unregistering Metrics Registry : ratis.log_appender.5eff9a06-5967-44f9-80ef-de1d46e4c966@group-904E30EB3BC9
2020-04-24 12:00:27,966 [ForkJoinPool.commonPool-worker-0] INFO  metrics.RatisMetrics (RatisMetrics.java:unregister(46)) - Unregistering Metrics Registry : ratis.log_worker.2973722e-481f-4d7e-8dc5-81664b76c6de
2020-04-24 12:00:27,968 [ForkJoinPool.commonPool-worker-0] INFO  metrics.RatisMetrics (RatisMetrics.java:unregister(46)) - Unregistering Metrics Registry : ratis.leader_election.2973722e-481f-4d7e-8dc5-81664b76c6de@group-8BD36E726BFE
2020-04-24 12:00:27,969 [ForkJoinPool.commonPool-worker-0] INFO  metrics.RatisMetrics (RatisMetrics.java:unregister(46)) - Unregistering Metrics Registry : ratis.server.2973722e-481f-4d7e-8dc5-81664b76c6de@group-8BD36E726BFE
2020-04-24 12:00:27,969 [ForkJoinPool.commonPool-worker-0] INFO  impl.RaftServerImpl (RaftServerImpl.java:lambda$shutdown$3(249)) - 2973722e-481f-4d7e-8dc5-81664b76c6de@group-7AD1695502C0: shutdown
2020-04-24 12:00:27,969 [ForkJoinPool.commonPool-worker-0] INFO  util.JmxRegister (JmxRegister.java:unregister(73)) - Successfully un-registered JMX Bean with object name Ratis:service=RaftServer,group=group-7AD1695502C0,id=2973722e-481f-4d7e-8dc5-81664b76c6de
2020-04-24 12:00:27,969 [ForkJoinPool.commonPool-worker-0] INFO  impl.RoleInfo (RoleInfo.java:shutdownFollowerState(121)) - 2973722e-481f-4d7e-8dc5-81664b76c6de: shutdown FollowerState
2020-04-24 12:00:27,969 [Thread-2524] INFO  impl.FollowerState (FollowerState.java:run(117)) - 2973722e-481f-4d7e-8dc5-81664b76c6de@group-7AD1695502C0-FollowerState was interrupted: java.lang.InterruptedException: sleep interrupted
2020-04-24 12:00:27,970 [2973722e-481f-4d7e-8dc5-81664b76c6de@group-7AD1695502C0-StateMachineUpdater] INFO  ratis.ContainerStateMachine (ContainerStateMachine.java:takeSnapshot(288)) - group-7AD1695502C0: Taking a snapshot at:(t:1, i:42) file /github/workspace/mnt/ozone/hadoop-ozone/integration-test/target/test-dir/MiniOzoneClusterImpl-04ebbe06-f53c-4430-a49a-d9bd549dca97/datanode-0/data/ratis/51b24a8c-2f82-4de5-9a2e-7ad1695502c0/sm/snapshot.1_42
2020-04-24 12:00:27,970 [ForkJoinPool.commonPool-worker-0] INFO  impl.StateMachineUpdater (StateMachineUpdater.java:stopAndJoin(139)) - 2973722e-481f-4d7e-8dc5-81664b76c6de@group-7AD1695502C0-StateMachineUpdater: set stopIndex = 42
2020-04-24 12:00:27,970 [5eff9a06-5967-44f9-80ef-de1d46e4c966@group-904E30EB3BC9-StateMachineUpdater] INFO  ratis.ContainerStateMachine (ContainerStateMachine.java:takeSnapshot(288)) - group-904E30EB3BC9: Taking a snapshot at:(t:1, i:0) file /github/workspace/mnt/ozone/hadoop-ozone/integration-test/target/test-dir/MiniOzoneClusterImpl-04ebbe06-f53c-4430-a49a-d9bd549dca97/datanode-1/data/ratis/e28a342b-e986-45f7-8526-904e30eb3bc9/sm/snapshot.1_0
2020-04-24 12:00:27,970 [main] INFO  impl.StateMachineUpdater (StateMachineUpdater.java:stopAndJoin(139)) - 5eff9a06-5967-44f9-80ef-de1d46e4c966@group-904E30EB3BC9-StateMachineUpdater: set stopIndex = 0
2020-04-24 12:00:27,971 [5eff9a06-5967-44f9-80ef-de1d46e4c966@group-904E30EB3BC9-StateMachineUpdater] INFO  ratis.ContainerStateMachine (ContainerStateMachine.java:takeSnapshot(299)) - group-904E30EB3BC9: Finished taking a snapshot at:(t:1, i:0) file:/github/workspace/mnt/ozone/hadoop-ozone/integration-test/target/test-dir/MiniOzoneClusterImpl-04ebbe06-f53c-4430-a49a-d9bd549dca97/datanode-1/data/ratis/e28a342b-e986-45f7-8526-904e30eb3bc9/sm/snapshot.1_0 time:1
2020-04-24 12:00:27,971 [5eff9a06-5967-44f9-80ef-de1d46e4c966@group-904E30EB3BC9-StateMachineUpdater] INFO  impl.StateMachineUpdater (StateMachineUpdater.java:takeSnapshot(274)) - 5eff9a06-5967-44f9-80ef-de1d46e4c966@group-904E30EB3BC9-StateMachineUpdater: Took a snapshot at index 0
2020-04-24 12:00:27,971 [5eff9a06-5967-44f9-80ef-de1d46e4c966@group-904E30EB3BC9-StateMachineUpdater] INFO  impl.StateMachineUpdater (StateMachineUpdater.java:lambda$new$0(86)) - 5eff9a06-5967-44f9-80ef-de1d46e4c966@group-904E30EB3BC9-StateMachineUpdater: snapshotIndex: updateIncreasingly -1 -> 0
2020-04-24 12:00:27,971 [5eff9a06-5967-44f9-80ef-de1d46e4c966@group-904E30EB3BC9-StateMachineUpdater] INFO  metrics.RatisMetrics (RatisMetrics.java:unregister(46)) - Unregistering Metrics Registry : ratis.state_machine.5eff9a06-5967-44f9-80ef-de1d46e4c966@group-904E30EB3BC9
2020-04-24 12:00:27,972 [2973722e-481f-4d7e-8dc5-81664b76c6de@group-7AD1695502C0-StateMachineUpdater] INFO  ratis.ContainerStateMachine (ContainerStateMachine.java:takeSnapshot(299)) - group-7AD1695502C0: Finished taking a snapshot at:(t:1, i:42) file:/github/workspace/mnt/ozone/hadoop-ozone/integration-test/target/test-dir/MiniOzoneClusterImpl-04ebbe06-f53c-4430-a49a-d9bd549dca97/datanode-0/data/ratis/51b24a8c-2f82-4de5-9a2e-7ad1695502c0/sm/snapshot.1_42 time:3
2020-04-24 12:00:27,975 [2973722e-481f-4d7e-8dc5-81664b76c6de@group-7AD1695502C0-StateMachineUpdater] INFO  impl.StateMachineUpdater (StateMachineUpdater.java:takeSnapshot(274)) - 2973722e-481f-4d7e-8dc5-81664b76c6de@group-7AD1695502C0-StateMachineUpdater: Took a snapshot at index 42
2020-04-24 12:00:27,975 [2973722e-481f-4d7e-8dc5-81664b76c6de@group-7AD1695502C0-StateMachineUpdater] INFO  impl.StateMachineUpdater (StateMachineUpdater.java:lambda$new$0(86)) - 2973722e-481f-4d7e-8dc5-81664b76c6de@group-7AD1695502C0-StateMachineUpdater: snapshotIndex: updateIncreasingly -1 -> 42
2020-04-24 12:00:27,975 [2973722e-481f-4d7e-8dc5-81664b76c6de@group-7AD1695502C0-StateMachineUpdater] INFO  metrics.RatisMetrics (RatisMetrics.java:unregister(46)) - Unregistering Metrics Registry : ratis.state_machine.2973722e-481f-4d7e-8dc5-81664b76c6de@group-7AD1695502C0
2020-04-24 12:00:27,976 [main] INFO  impl.RaftServerImpl (ServerState.java:close(387)) - 5eff9a06-5967-44f9-80ef-de1d46e4c966@group-904E30EB3BC9: closes. applyIndex: 0
2020-04-24 12:00:27,977 [ForkJoinPool.commonPool-worker-0] INFO  impl.RaftServerImpl (ServerState.java:close(387)) - 2973722e-481f-4d7e-8dc5-81664b76c6de@group-7AD1695502C0: closes. applyIndex: 42
2020-04-24 12:00:27,977 [5eff9a06-5967-44f9-80ef-de1d46e4c966@group-904E30EB3BC9-SegmentedRaftLogWorker] INFO  segmented.SegmentedRaftLogWorker (SegmentedRaftLogWorker.java:run(321)) - 5eff9a06-5967-44f9-80ef-de1d46e4c966@group-904E30EB3BC9-SegmentedRaftLogWorker was interrupted, exiting. There are 0 tasks remaining in the queue.
2020-04-24 12:00:27,978 [2973722e-481f-4d7e-8dc5-81664b76c6de@group-7AD1695502C0-SegmentedRaftLogWorker] INFO  segmented.SegmentedRaftLogWorker (SegmentedRaftLogWorker.java:run(321)) - 2973722e-481f-4d7e-8dc5-81664b76c6de@group-7AD1695502C0-SegmentedRaftLogWorker was interrupted, exiting. There are 0 tasks remaining in the queue.
2020-04-24 12:00:27,980 [main] INFO  segmented.SegmentedRaftLogWorker (SegmentedRaftLogWorker.java:close(229)) - 5eff9a06-5967-44f9-80ef-de1d46e4c966@group-904E30EB3BC9-SegmentedRaftLogWorker close()
2020-04-24 12:00:27,980 [ForkJoinPool.commonPool-worker-0] INFO  segmented.SegmentedRaftLogWorker (SegmentedRaftLogWorker.java:close(229)) - 2973722e-481f-4d7e-8dc5-81664b76c6de@group-7AD1695502C0-SegmentedRaftLogWorker close()
2020-04-24 12:00:27,981 [main] INFO  metrics.RatisMetrics (RatisMetrics.java:unregister(46)) - Unregistering Metrics Registry : ratis.log_worker.5eff9a06-5967-44f9-80ef-de1d46e4c966
2020-04-24 12:00:27,982 [main] INFO  metrics.RatisMetrics (RatisMetrics.java:unregister(46)) - Unregistering Metrics Registry : ratis.leader_election.5eff9a06-5967-44f9-80ef-de1d46e4c966@group-904E30EB3BC9
2020-04-24 12:00:27,982 [main] INFO  metrics.RatisMetrics (RatisMetrics.java:unregister(46)) - Unregistering Metrics Registry : ratis.server.5eff9a06-5967-44f9-80ef-de1d46e4c966@group-904E30EB3BC9
2020-04-24 12:00:27,981 [ForkJoinPool.commonPool-worker-0] INFO  metrics.RatisMetrics (RatisMetrics.java:unregister(46)) - Unregistering Metrics Registry : ratis.log_worker.2973722e-481f-4d7e-8dc5-81664b76c6de
2020-04-24 12:00:27,982 [ForkJoinPool.commonPool-worker-0] INFO  metrics.RatisMetrics (RatisMetrics.java:unregister(46)) - Unregistering Metrics Registry : ratis.leader_election.2973722e-481f-4d7e-8dc5-81664b76c6de@group-7AD1695502C0
2020-04-24 12:00:27,982 [ForkJoinPool.commonPool-worker-0] INFO  metrics.RatisMetrics (RatisMetrics.java:unregister(46)) - Unregistering Metrics Registry : ratis.server.2973722e-481f-4d7e-8dc5-81664b76c6de@group-7AD1695502C0
2020-04-24 12:00:27,982 [main] INFO  server.GrpcService (GrpcService.java:closeImpl(165)) - 5eff9a06-5967-44f9-80ef-de1d46e4c966: shutdown server with port 40017 now
2020-04-24 12:00:27,982 [ForkJoinPool.commonPool-worker-0] INFO  server.GrpcService (GrpcService.java:closeImpl(165)) - 2973722e-481f-4d7e-8dc5-81664b76c6de: shutdown server with port 34303 now
2020-04-24 12:00:27,984 [grpc-default-executor-3] WARN  server.GrpcServerProtocolService (LogUtils.java:warn(122)) - 5eff9a06-5967-44f9-80ef-de1d46e4c966: installSnapshot onError, lastRequest: 5005a2c3-5168-417f-bbb4-79f56e1cdb1d->5eff9a06-5967-44f9-80ef-de1d46e4c966#45-t1, previous=(t:1, i:41), leaderCommit=40, initializing? false, entries: size=1, first=(t:1, i:42), METADATAENTRY(c:40): org.apache.ratis.thirdparty.io.grpc.StatusRuntimeException: CANCELLED: cancelled before receiving half close
2020-04-24 12:00:27,985 [grpc-default-executor-0] WARN  server.GrpcLogAppender (LogUtils.java:warn(122)) - 5005a2c3-5168-417f-bbb4-79f56e1cdb1d@group-7AD1695502C0->5eff9a06-5967-44f9-80ef-de1d46e4c966-AppendLogResponseHandler: Failed appendEntries: org.apache.ratis.thirdparty.io.grpc.StatusRuntimeException: CANCELLED: HTTP/2 error code: CANCEL
Received Rst Stream
2020-04-24 12:00:27,985 [main] INFO  server.GrpcService (GrpcService.java:closeImpl(173)) - 5eff9a06-5967-44f9-80ef-de1d46e4c966: shutdown server with port 40017 successfully
2020-04-24 12:00:27,989 [ForkJoinPool.commonPool-worker-0] INFO  server.GrpcService (GrpcService.java:closeImpl(173)) - 2973722e-481f-4d7e-8dc5-81664b76c6de: shutdown server with port 34303 successfully
2020-04-24 12:00:27,990 [grpc-default-executor-2] WARN  server.GrpcLogAppender (LogUtils.java:warn(122)) - 5005a2c3-5168-417f-bbb4-79f56e1cdb1d@group-7AD1695502C0->2973722e-481f-4d7e-8dc5-81664b76c6de-AppendLogResponseHandler: Failed appendEntries: org.apache.ratis.thirdparty.io.grpc.StatusRuntimeException: CANCELLED: HTTP/2 error code: CANCEL
Received Rst Stream
2020-04-24 12:00:27,991 [grpc-default-executor-0] INFO  impl.FollowerInfo (FollowerInfo.java:lambda$new$0(50)) - 5005a2c3-5168-417f-bbb4-79f56e1cdb1d@group-7AD1695502C0->5eff9a06-5967-44f9-80ef-de1d46e4c966: nextIndex: updateUnconditionally 43 -> 42
2020-04-24 12:00:27,997 [grpc-default-executor-4] WARN  server.GrpcServerProtocolService (LogUtils.java:warn(122)) - 2973722e-481f-4d7e-8dc5-81664b76c6de: installSnapshot onError, lastRequest: 5005a2c3-5168-417f-bbb4-79f56e1cdb1d->2973722e-481f-4d7e-8dc5-81664b76c6de#44-t1, previous=(t:1, i:41), leaderCommit=40, initializing? false, entries: size=1, first=(t:1, i:42), METADATAENTRY(c:40): org.apache.ratis.thirdparty.io.grpc.StatusRuntimeException: CANCELLED: cancelled before receiving half close
2020-04-24 12:00:28,006 [grpc-default-executor-2] INFO  impl.FollowerInfo (FollowerInfo.java:lambda$new$0(50)) - 5005a2c3-5168-417f-bbb4-79f56e1cdb1d@group-7AD1695502C0->2973722e-481f-4d7e-8dc5-81664b76c6de: nextIndex: updateUnconditionally 43 -> 42
2020-04-24 12:00:28,019 [main] INFO  utils.BackgroundService (BackgroundService.java:shutdown(157)) - Shutting down service BlockDeletingService
2020-04-24 12:00:28,033 [main] INFO  statemachine.DatanodeStateMachine (DatanodeStateMachine.java:stopDaemon(424)) - Ozone container server stopped.
2020-04-24 12:00:28,034 [main] INFO  handler.ContextHandler (ContextHandler.java:doStop(1016)) - Stopped o.e.j.w.WebAppContext@2c6f74f6{hddsDatanode,/,null,UNAVAILABLE}{jar:file:/home/user/.m2/repository/org/apache/hadoop/hadoop-hdds-container-service/0.6.0-SNAPSHOT/hadoop-hdds-container-service-0.6.0-SNAPSHOT.jar!/webapps/hddsDatanode}
2020-04-24 12:00:28,037 [ForkJoinPool.commonPool-worker-0] INFO  utils.BackgroundService (BackgroundService.java:shutdown(157)) - Shutting down service BlockDeletingService
2020-04-24 12:00:28,037 [main] INFO  server.AbstractConnector (AbstractConnector.java:doStop(380)) - Stopped ServerConnector@67dec91e{HTTP/1.1,[http/1.1]}{0.0.0.0:0}
2020-04-24 12:00:28,037 [main] INFO  server.session (HouseKeeper.java:stopScavenging(158)) - node0 Stopped scavenging
2020-04-24 12:00:28,037 [main] INFO  handler.ContextHandler (ContextHandler.java:doStop(1016)) - Stopped o.e.j.s.ServletContextHandler@77067c6c{static,/static,jar:file:/home/user/.m2/repository/org/apache/hadoop/hadoop-hdds-container-service/0.6.0-SNAPSHOT/hadoop-hdds-container-service-0.6.0-SNAPSHOT.jar!/webapps/static,UNAVAILABLE}
2020-04-24 12:00:28,039 [ForkJoinPool.commonPool-worker-0] INFO  statemachine.DatanodeStateMachine (DatanodeStateMachine.java:stopDaemon(424)) - Ozone container server stopped.
2020-04-24 12:00:28,039 [main] INFO  handler.ContextHandler (ContextHandler.java:doStop(1016)) - Stopped o.e.j.s.ServletContextHandler@579ded18{logs,/logs,file:///github/workspace/mnt/ozone/hadoop-ozone/integration-test/target/log,UNAVAILABLE}
2020-04-24 12:00:28,042 [ForkJoinPool.commonPool-worker-0] INFO  handler.ContextHandler (ContextHandler.java:doStop(1016)) - Stopped o.e.j.w.WebAppContext@4f0dacfe{hddsDatanode,/,null,UNAVAILABLE}{jar:file:/home/user/.m2/repository/org/apache/hadoop/hadoop-hdds-container-service/0.6.0-SNAPSHOT/hadoop-hdds-container-service-0.6.0-SNAPSHOT.jar!/webapps/hddsDatanode}
2020-04-24 12:00:28,042 [ForkJoinPool.commonPool-worker-0] INFO  server.AbstractConnector (AbstractConnector.java:doStop(380)) - Stopped ServerConnector@1e280597{HTTP/1.1,[http/1.1]}{0.0.0.0:0}
2020-04-24 12:00:28,042 [ForkJoinPool.commonPool-worker-0] INFO  server.session (HouseKeeper.java:stopScavenging(158)) - node0 Stopped scavenging
2020-04-24 12:00:28,044 [ForkJoinPool.commonPool-worker-0] INFO  handler.ContextHandler (ContextHandler.java:doStop(1016)) - Stopped o.e.j.s.ServletContextHandler@5441ca6f{static,/static,jar:file:/home/user/.m2/repository/org/apache/hadoop/hadoop-hdds-container-service/0.6.0-SNAPSHOT/hadoop-hdds-container-service-0.6.0-SNAPSHOT.jar!/webapps/static,UNAVAILABLE}
2020-04-24 12:00:28,044 [ForkJoinPool.commonPool-worker-0] INFO  handler.ContextHandler (ContextHandler.java:doStop(1016)) - Stopped o.e.j.s.ServletContextHandler@55566c6a{logs,/logs,file:///github/workspace/mnt/ozone/hadoop-ozone/integration-test/target/log,UNAVAILABLE}
2020-04-24 12:00:28,428 [Datanode State Machine Thread - 0] INFO  statemachine.DatanodeStateMachine (DatanodeStateMachine.java:lambda$startDaemon$0(376)) - Ozone container server started.
2020-04-24 12:00:30,417 [grpc-default-executor-3] WARN  server.GrpcLogAppender (LogUtils.java:warn(122)) - 5005a2c3-5168-417f-bbb4-79f56e1cdb1d@group-7AD1695502C0->5eff9a06-5967-44f9-80ef-de1d46e4c966-AppendLogResponseHandler: Failed appendEntries: org.apache.ratis.thirdparty.io.grpc.StatusRuntimeException: UNAVAILABLE: io exception
2020-04-24 12:00:30,418 [grpc-default-executor-3] INFO  impl.FollowerInfo (FollowerInfo.java:lambda$new$0(50)) - 5005a2c3-5168-417f-bbb4-79f56e1cdb1d@group-7AD1695502C0->5eff9a06-5967-44f9-80ef-de1d46e4c966: nextIndex: updateUnconditionally 43 -> 42
2020-04-24 12:00:30,421 [grpc-default-executor-4] WARN  server.GrpcLogAppender (LogUtils.java:warn(122)) - 5005a2c3-5168-417f-bbb4-79f56e1cdb1d@group-7AD1695502C0->2973722e-481f-4d7e-8dc5-81664b76c6de-AppendLogResponseHandler: Failed appendEntries: org.apache.ratis.thirdparty.io.grpc.StatusRuntimeException: UNAVAILABLE: io exception
2020-04-24 12:00:30,423 [grpc-default-executor-4] INFO  impl.FollowerInfo (FollowerInfo.java:lambda$new$0(50)) - 5005a2c3-5168-417f-bbb4-79f56e1cdb1d@group-7AD1695502C0->2973722e-481f-4d7e-8dc5-81664b76c6de: nextIndex: updateUnconditionally 43 -> 42
2020-04-24 12:00:32,917 [grpc-default-executor-3] WARN  server.GrpcLogAppender (LogUtils.java:warn(122)) - 5005a2c3-5168-417f-bbb4-79f56e1cdb1d@group-7AD1695502C0->5eff9a06-5967-44f9-80ef-de1d46e4c966-AppendLogResponseHandler: Failed appendEntries: org.apache.ratis.thirdparty.io.grpc.StatusRuntimeException: UNAVAILABLE: io exception
2020-04-24 12:00:32,918 [grpc-default-executor-3] INFO  impl.FollowerInfo (FollowerInfo.java:lambda$new$0(50)) - 5005a2c3-5168-417f-bbb4-79f56e1cdb1d@group-7AD1695502C0->5eff9a06-5967-44f9-80ef-de1d46e4c966: nextIndex: updateUnconditionally 43 -> 42
2020-04-24 12:00:32,920 [grpc-default-executor-4] WARN  server.GrpcLogAppender (LogUtils.java:warn(122)) - 5005a2c3-5168-417f-bbb4-79f56e1cdb1d@group-7AD1695502C0->2973722e-481f-4d7e-8dc5-81664b76c6de-AppendLogResponseHandler: Failed appendEntries: org.apache.ratis.thirdparty.io.grpc.StatusRuntimeException: UNAVAILABLE: io exception
2020-04-24 12:00:32,921 [grpc-default-executor-4] INFO  impl.FollowerInfo (FollowerInfo.java:lambda$new$0(50)) - 5005a2c3-5168-417f-bbb4-79f56e1cdb1d@group-7AD1695502C0->2973722e-481f-4d7e-8dc5-81664b76c6de: nextIndex: updateUnconditionally 43 -> 42
2020-04-24 12:00:33,041 [main] INFO  ozoneimpl.OzoneContainer (OzoneContainer.java:stop(246)) - Attempting to stop container services.
2020-04-24 12:00:33,042 [main] INFO  impl.RaftServerProxy (RaftServerProxy.java:lambda$close$4(314)) - 5005a2c3-5168-417f-bbb4-79f56e1cdb1d: close
2020-04-24 12:00:33,042 [main] INFO  impl.RaftServerImpl (RaftServerImpl.java:lambda$shutdown$3(249)) - 5005a2c3-5168-417f-bbb4-79f56e1cdb1d@group-7AD1695502C0: shutdown
2020-04-24 12:00:33,042 [main] INFO  util.JmxRegister (JmxRegister.java:unregister(73)) - Successfully un-registered JMX Bean with object name Ratis:service=RaftServer,group=group-7AD1695502C0,id=5005a2c3-5168-417f-bbb4-79f56e1cdb1d
2020-04-24 12:00:33,043 [main] INFO  impl.RoleInfo (RoleInfo.java:shutdownLeaderState(104)) - 5005a2c3-5168-417f-bbb4-79f56e1cdb1d: shutdown LeaderState
2020-04-24 12:00:33,044 [main] INFO  impl.PendingRequests (PendingRequests.java:sendNotLeaderResponses(240)) - 5005a2c3-5168-417f-bbb4-79f56e1cdb1d@group-7AD1695502C0-PendingRequests: sendNotLeaderResponses
2020-04-24 12:00:33,044 [org.apache.ratis.server.impl.LogAppender$AppenderDaemon$$Lambda$469/1828060641@12b2f8d4] WARN  server.GrpcLogAppender (GrpcLogAppender.java:mayWait(153)) - 5005a2c3-5168-417f-bbb4-79f56e1cdb1d@group-7AD1695502C0->5eff9a06-5967-44f9-80ef-de1d46e4c966-GrpcLogAppender: Wait interrupted by java.lang.InterruptedException
2020-04-24 12:00:33,044 [org.apache.ratis.server.impl.LogAppender$AppenderDaemon$$Lambda$469/1828060641@66b4b097] WARN  server.GrpcLogAppender (GrpcLogAppender.java:mayWait(153)) - 5005a2c3-5168-417f-bbb4-79f56e1cdb1d@group-7AD1695502C0->2973722e-481f-4d7e-8dc5-81664b76c6de-GrpcLogAppender: Wait interrupted by java.lang.InterruptedException
2020-04-24 12:00:33,046 [main] INFO  metrics.RatisMetrics (RatisMetrics.java:unregister(46)) - Unregistering Metrics Registry : ratis.log_appender.5005a2c3-5168-417f-bbb4-79f56e1cdb1d@group-7AD1695502C0
2020-04-24 12:00:33,046 [main] INFO  impl.StateMachineUpdater (StateMachineUpdater.java:stopAndJoin(139)) - 5005a2c3-5168-417f-bbb4-79f56e1cdb1d@group-7AD1695502C0-StateMachineUpdater: set stopIndex = 42
2020-04-24 12:00:33,046 [ForkJoinPool.commonPool-worker-1] INFO  impl.RaftServerImpl (RaftServerImpl.java:lambda$shutdown$3(249)) - 5005a2c3-5168-417f-bbb4-79f56e1cdb1d@group-EA2A623AB37B: shutdown
2020-04-24 12:00:33,047 [ForkJoinPool.commonPool-worker-1] INFO  util.JmxRegister (JmxRegister.java:unregister(73)) - Successfully un-registered JMX Bean with object name Ratis:service=RaftServer,group=group-EA2A623AB37B,id=5005a2c3-5168-417f-bbb4-79f56e1cdb1d
2020-04-24 12:00:33,047 [ForkJoinPool.commonPool-worker-1] INFO  impl.RoleInfo (RoleInfo.java:shutdownLeaderState(104)) - 5005a2c3-5168-417f-bbb4-79f56e1cdb1d: shutdown LeaderState
2020-04-24 12:00:33,047 [ForkJoinPool.commonPool-worker-1] INFO  impl.PendingRequests (PendingRequests.java:sendNotLeaderResponses(240)) - 5005a2c3-5168-417f-bbb4-79f56e1cdb1d@group-EA2A623AB37B-PendingRequests: sendNotLeaderResponses
2020-04-24 12:00:33,047 [5005a2c3-5168-417f-bbb4-79f56e1cdb1d@group-7AD1695502C0-StateMachineUpdater] INFO  ratis.ContainerStateMachine (ContainerStateMachine.java:takeSnapshot(288)) - group-7AD1695502C0: Taking a snapshot at:(t:1, i:42) file /github/workspace/mnt/ozone/hadoop-ozone/integration-test/target/test-dir/MiniOzoneClusterImpl-04ebbe06-f53c-4430-a49a-d9bd549dca97/datanode-2/data/ratis/51b24a8c-2f82-4de5-9a2e-7ad1695502c0/sm/snapshot.1_42
2020-04-24 12:00:33,049 [ForkJoinPool.commonPool-worker-1] INFO  metrics.RatisMetrics (RatisMetrics.java:unregister(46)) - Unregistering Metrics Registry : ratis.log_appender.5005a2c3-5168-417f-bbb4-79f56e1cdb1d@group-EA2A623AB37B
2020-04-24 12:00:33,049 [5005a2c3-5168-417f-bbb4-79f56e1cdb1d@group-7AD1695502C0-StateMachineUpdater] INFO  ratis.ContainerStateMachine (ContainerStateMachine.java:takeSnapshot(299)) - group-7AD1695502C0: Finished taking a snapshot at:(t:1, i:42) file:/github/workspace/mnt/ozone/hadoop-ozone/integration-test/target/test-dir/MiniOzoneClusterImpl-04ebbe06-f53c-4430-a49a-d9bd549dca97/datanode-2/data/ratis/51b24a8c-2f82-4de5-9a2e-7ad1695502c0/sm/snapshot.1_42 time:2
2020-04-24 12:00:33,049 [5005a2c3-5168-417f-bbb4-79f56e1cdb1d@group-EA2A623AB37B-StateMachineUpdater] INFO  ratis.ContainerStateMachine (ContainerStateMachine.java:takeSnapshot(288)) - group-EA2A623AB37B: Taking a snapshot at:(t:1, i:0) file /github/workspace/mnt/ozone/hadoop-ozone/integration-test/target/test-dir/MiniOzoneClusterImpl-04ebbe06-f53c-4430-a49a-d9bd549dca97/datanode-2/data/ratis/2014cd54-9fd4-4e15-a301-ea2a623ab37b/sm/snapshot.1_0
2020-04-24 12:00:33,049 [5005a2c3-5168-417f-bbb4-79f56e1cdb1d@group-7AD1695502C0-StateMachineUpdater] INFO  impl.StateMachineUpdater (StateMachineUpdater.java:takeSnapshot(274)) - 5005a2c3-5168-417f-bbb4-79f56e1cdb1d@group-7AD1695502C0-StateMachineUpdater: Took a snapshot at index 42
2020-04-24 12:00:33,049 [ForkJoinPool.commonPool-worker-1] INFO  impl.StateMachineUpdater (StateMachineUpdater.java:stopAndJoin(139)) - 5005a2c3-5168-417f-bbb4-79f56e1cdb1d@group-EA2A623AB37B-StateMachineUpdater: set stopIndex = 0
2020-04-24 12:00:33,049 [5005a2c3-5168-417f-bbb4-79f56e1cdb1d@group-7AD1695502C0-StateMachineUpdater] INFO  impl.StateMachineUpdater (StateMachineUpdater.java:lambda$new$0(86)) - 5005a2c3-5168-417f-bbb4-79f56e1cdb1d@group-7AD1695502C0-StateMachineUpdater: snapshotIndex: updateIncreasingly -1 -> 42
2020-04-24 12:00:33,050 [5005a2c3-5168-417f-bbb4-79f56e1cdb1d@group-7AD1695502C0-StateMachineUpdater] INFO  metrics.RatisMetrics (RatisMetrics.java:unregister(46)) - Unregistering Metrics Registry : ratis.state_machine.5005a2c3-5168-417f-bbb4-79f56e1cdb1d@group-7AD1695502C0
2020-04-24 12:00:33,050 [5005a2c3-5168-417f-bbb4-79f56e1cdb1d@group-EA2A623AB37B-StateMachineUpdater] INFO  ratis.ContainerStateMachine (ContainerStateMachine.java:takeSnapshot(299)) - group-EA2A623AB37B: Finished taking a snapshot at:(t:1, i:0) file:/github/workspace/mnt/ozone/hadoop-ozone/integration-test/target/test-dir/MiniOzoneClusterImpl-04ebbe06-f53c-4430-a49a-d9bd549dca97/datanode-2/data/ratis/2014cd54-9fd4-4e15-a301-ea2a623ab37b/sm/snapshot.1_0 time:1
2020-04-24 12:00:33,050 [5005a2c3-5168-417f-bbb4-79f56e1cdb1d@group-EA2A623AB37B-StateMachineUpdater] INFO  impl.StateMachineUpdater (StateMachineUpdater.java:takeSnapshot(274)) - 5005a2c3-5168-417f-bbb4-79f56e1cdb1d@group-EA2A623AB37B-StateMachineUpdater: Took a snapshot at index 0
2020-04-24 12:00:33,050 [5005a2c3-5168-417f-bbb4-79f56e1cdb1d@group-EA2A623AB37B-StateMachineUpdater] INFO  impl.StateMachineUpdater (StateMachineUpdater.java:lambda$new$0(86)) - 5005a2c3-5168-417f-bbb4-79f56e1cdb1d@group-EA2A623AB37B-StateMachineUpdater: snapshotIndex: updateIncreasingly -1 -> 0
2020-04-24 12:00:33,050 [5005a2c3-5168-417f-bbb4-79f56e1cdb1d@group-EA2A623AB37B-StateMachineUpdater] INFO  metrics.RatisMetrics (RatisMetrics.java:unregister(46)) - Unregistering Metrics Registry : ratis.state_machine.5005a2c3-5168-417f-bbb4-79f56e1cdb1d@group-EA2A623AB37B
2020-04-24 12:00:33,051 [main] INFO  impl.RaftServerImpl (ServerState.java:close(387)) - 5005a2c3-5168-417f-bbb4-79f56e1cdb1d@group-7AD1695502C0: closes. applyIndex: 42
2020-04-24 12:00:33,051 [5005a2c3-5168-417f-bbb4-79f56e1cdb1d@group-7AD1695502C0-SegmentedRaftLogWorker] INFO  segmented.SegmentedRaftLogWorker (SegmentedRaftLogWorker.java:run(321)) - 5005a2c3-5168-417f-bbb4-79f56e1cdb1d@group-7AD1695502C0-SegmentedRaftLogWorker was interrupted, exiting. There are 0 tasks remaining in the queue.
2020-04-24 12:00:33,058 [main] INFO  segmented.SegmentedRaftLogWorker (SegmentedRaftLogWorker.java:close(229)) - 5005a2c3-5168-417f-bbb4-79f56e1cdb1d@group-7AD1695502C0-SegmentedRaftLogWorker close()
2020-04-24 12:00:33,059 [main] INFO  metrics.RatisMetrics (RatisMetrics.java:unregister(46)) - Unregistering Metrics Registry : ratis.log_worker.5005a2c3-5168-417f-bbb4-79f56e1cdb1d
2020-04-24 12:00:33,059 [main] INFO  metrics.RatisMetrics (RatisMetrics.java:unregister(46)) - Unregistering Metrics Registry : ratis.leader_election.5005a2c3-5168-417f-bbb4-79f56e1cdb1d@group-7AD1695502C0
2020-04-24 12:00:33,059 [main] INFO  metrics.RatisMetrics (RatisMetrics.java:unregister(46)) - Unregistering Metrics Registry : ratis.server.5005a2c3-5168-417f-bbb4-79f56e1cdb1d@group-7AD1695502C0
2020-04-24 12:00:33,059 [ForkJoinPool.commonPool-worker-1] INFO  impl.RaftServerImpl (ServerState.java:close(387)) - 5005a2c3-5168-417f-bbb4-79f56e1cdb1d@group-EA2A623AB37B: closes. applyIndex: 0
2020-04-24 12:00:33,059 [5005a2c3-5168-417f-bbb4-79f56e1cdb1d@group-EA2A623AB37B-SegmentedRaftLogWorker] INFO  segmented.SegmentedRaftLogWorker (SegmentedRaftLogWorker.java:run(321)) - 5005a2c3-5168-417f-bbb4-79f56e1cdb1d@group-EA2A623AB37B-SegmentedRaftLogWorker was interrupted, exiting. There are 0 tasks remaining in the queue.
2020-04-24 12:00:33,069 [ForkJoinPool.commonPool-worker-1] INFO  segmented.SegmentedRaftLogWorker (SegmentedRaftLogWorker.java:close(229)) - 5005a2c3-5168-417f-bbb4-79f56e1cdb1d@group-EA2A623AB37B-SegmentedRaftLogWorker close()
2020-04-24 12:00:33,070 [ForkJoinPool.commonPool-worker-1] INFO  metrics.RatisMetrics (RatisMetrics.java:unregister(46)) - Unregistering Metrics Registry : ratis.log_worker.5005a2c3-5168-417f-bbb4-79f56e1cdb1d
2020-04-24 12:00:33,070 [ForkJoinPool.commonPool-worker-1] INFO  metrics.RatisMetrics (RatisMetrics.java:unregister(46)) - Unregistering Metrics Registry : ratis.leader_election.5005a2c3-5168-417f-bbb4-79f56e1cdb1d@group-EA2A623AB37B
2020-04-24 12:00:33,070 [ForkJoinPool.commonPool-worker-1] INFO  metrics.RatisMetrics (RatisMetrics.java:unregister(46)) - Unregistering Metrics Registry : ratis.server.5005a2c3-5168-417f-bbb4-79f56e1cdb1d@group-EA2A623AB37B
2020-04-24 12:00:33,070 [main] INFO  server.GrpcService (GrpcService.java:closeImpl(165)) - 5005a2c3-5168-417f-bbb4-79f56e1cdb1d: shutdown server with port 44903 now
2020-04-24 12:00:33,072 [grpc-default-executor-3] WARN  client.GrpcClientProtocolService (LogUtils.java:warn(122)) - 1-UnorderedRequestStreamObserver1: onError: org.apache.ratis.thirdparty.io.grpc.StatusRuntimeException: CANCELLED: cancelled before receiving half close
2020-04-24 12:00:33,073 [main] INFO  server.GrpcService (GrpcService.java:closeImpl(173)) - 5005a2c3-5168-417f-bbb4-79f56e1cdb1d: shutdown server with port 44903 successfully
2020-04-24 12:00:33,092 [main] INFO  utils.BackgroundService (BackgroundService.java:shutdown(157)) - Shutting down service BlockDeletingService
2020-04-24 12:00:33,094 [main] INFO  statemachine.DatanodeStateMachine (DatanodeStateMachine.java:stopDaemon(424)) - Ozone container server stopped.
2020-04-24 12:00:33,094 [main] INFO  handler.ContextHandler (ContextHandler.java:doStop(1016)) - Stopped o.e.j.w.WebAppContext@319df025{hddsDatanode,/,null,UNAVAILABLE}{jar:file:/home/user/.m2/repository/org/apache/hadoop/hadoop-hdds-container-service/0.6.0-SNAPSHOT/hadoop-hdds-container-service-0.6.0-SNAPSHOT.jar!/webapps/hddsDatanode}
2020-04-24 12:00:33,095 [main] INFO  server.AbstractConnector (AbstractConnector.java:doStop(380)) - Stopped ServerConnector@5b8a7da0{HTTP/1.1,[http/1.1]}{0.0.0.0:0}
2020-04-24 12:00:33,095 [main] INFO  server.session (HouseKeeper.java:stopScavenging(158)) - node0 Stopped scavenging
2020-04-24 12:00:33,096 [main] INFO  handler.ContextHandler (ContextHandler.java:doStop(1016)) - Stopped o.e.j.s.ServletContextHandler@2d471b7a{static,/static,jar:file:/home/user/.m2/repository/org/apache/hadoop/hadoop-hdds-container-service/0.6.0-SNAPSHOT/hadoop-hdds-container-service-0.6.0-SNAPSHOT.jar!/webapps/static,UNAVAILABLE}
2020-04-24 12:00:33,096 [main] INFO  handler.ContextHandler (ContextHandler.java:doStop(1016)) - Stopped o.e.j.s.ServletContextHandler@3523a08a{logs,/logs,file:///github/workspace/mnt/ozone/hadoop-ozone/integration-test/target/log,UNAVAILABLE}
2020-04-24 12:00:33,097 [main] INFO  ozone.MiniOzoneClusterImpl (MiniOzoneClusterImpl.java:stopSCM(476)) - Stopping the StorageContainerManager
2020-04-24 12:00:33,097 [main] INFO  server.StorageContainerManager (StorageContainerManager.java:stop(824)) - Stopping Replication Manager Service.
2020-04-24 12:00:33,097 [main] INFO  container.ReplicationManager (ReplicationManager.java:stop(206)) - Stopping Replication Monitor Thread.
2020-04-24 12:00:33,097 [main] INFO  server.StorageContainerManager (StorageContainerManager.java:stop(831)) - Stopping Lease Manager of the command watchers
2020-04-24 12:00:33,097 [main] INFO  server.StorageContainerManager (StorageContainerManager.java:stop(838)) - Stopping datanode service RPC server
2020-04-24 12:00:33,097 [main] INFO  server.SCMDatanodeProtocolServer (SCMDatanodeProtocolServer.java:stop(361)) - Stopping the RPC server for DataNodes
2020-04-24 12:00:33,097 [main] INFO  ipc.Server (Server.java:stop(3082)) - Stopping server on 45881
2020-04-24 12:00:33,097 [CommandWatcher-LeaseManager#LeaseMonitor] ERROR lease.LeaseManager (LeaseManager.java:run(238)) - Execution was interrupted 
java.lang.InterruptedException: sleep interrupted
	at java.lang.Thread.sleep(Native Method)
	at org.apache.hadoop.ozone.lease.LeaseManager$LeaseMonitor.run(LeaseManager.java:234)
	at java.lang.Thread.run(Thread.java:748)
2020-04-24 12:00:33,098 [IPC Server listener on 45881] INFO  ipc.Server (Server.java:run(1185)) - Stopping IPC Server listener on 45881
2020-04-24 12:00:33,102 [IPC Server Responder] INFO  ipc.Server (Server.java:run(1319)) - Stopping IPC Server Responder
2020-04-24 12:00:33,147 [SCM Heartbeat Processing Thread - 0] WARN  node.NodeStateManager (NodeStateManager.java:scheduleNextHealthCheck(661)) - Current Thread is interrupted, shutting down HB processing thread for Node Manager.
2020-04-24 12:00:33,147 [main] INFO  server.StorageContainerManager (StorageContainerManager.java:stop(846)) - Stopping block service RPC server
2020-04-24 12:00:33,147 [main] INFO  server.SCMBlockProtocolServer (SCMBlockProtocolServer.java:stop(158)) - Stopping the RPC server for Block Protocol
2020-04-24 12:00:33,147 [main] INFO  ipc.Server (Server.java:stop(3082)) - Stopping server on 39169
2020-04-24 12:00:33,148 [main] INFO  server.StorageContainerManager (StorageContainerManager.java:stop(853)) - Stopping the StorageContainerLocationProtocol RPC server
2020-04-24 12:00:33,148 [main] INFO  server.SCMClientProtocolServer (SCMClientProtocolServer.java:stop(164)) - Stopping the RPC server for Client Protocol
2020-04-24 12:00:33,149 [main] INFO  ipc.Server (Server.java:stop(3082)) - Stopping server on 40541
2020-04-24 12:00:33,149 [IPC Server listener on 39169] INFO  ipc.Server (Server.java:run(1185)) - Stopping IPC Server listener on 39169
2020-04-24 12:00:33,149 [IPC Server Responder] INFO  ipc.Server (Server.java:run(1319)) - Stopping IPC Server Responder
2020-04-24 12:00:33,151 [main] INFO  server.StorageContainerManager (StorageContainerManager.java:stop(860)) - Stopping Storage Container Manager HTTP server.
2020-04-24 12:00:33,151 [IPC Server listener on 40541] INFO  ipc.Server (Server.java:run(1185)) - Stopping IPC Server listener on 40541
2020-04-24 12:00:33,151 [IPC Server Responder] INFO  ipc.Server (Server.java:run(1319)) - Stopping IPC Server Responder
2020-04-24 12:00:33,154 [main] INFO  handler.ContextHandler (ContextHandler.java:doStop(1016)) - Stopped o.e.j.w.WebAppContext@188faf5b{scm,/,null,UNAVAILABLE}{file:/github/workspace/mnt/ozone/hadoop-ozone/integration-test/target/test-classes/webapps/scm}
2020-04-24 12:00:33,155 [main] INFO  server.AbstractConnector (AbstractConnector.java:doStop(380)) - Stopped ServerConnector@670dbbcd{HTTP/1.1,[http/1.1]}{0.0.0.0:0}
2020-04-24 12:00:33,155 [main] INFO  server.session (HouseKeeper.java:stopScavenging(158)) - node0 Stopped scavenging
2020-04-24 12:00:33,155 [main] INFO  handler.ContextHandler (ContextHandler.java:doStop(1016)) - Stopped o.e.j.s.ServletContextHandler@1d907f1e{static,/static,file:///github/workspace/mnt/ozone/hadoop-ozone/integration-test/target/test-classes/webapps/static,UNAVAILABLE}
2020-04-24 12:00:33,155 [main] INFO  handler.ContextHandler (ContextHandler.java:doStop(1016)) - Stopped o.e.j.s.ServletContextHandler@5f15f096{logs,/logs,file:///github/workspace/mnt/ozone/hadoop-ozone/integration-test/target/log,UNAVAILABLE}
2020-04-24 12:00:33,158 [main] INFO  server.StorageContainerManager (StorageContainerManager.java:stop(871)) - Stopping Block Manager Service.
2020-04-24 12:00:33,158 [main] INFO  utils.BackgroundService (BackgroundService.java:shutdown(157)) - Shutting down service SCMBlockDeletingService
2020-04-24 12:00:33,158 [main] INFO  utils.BackgroundService (BackgroundService.java:shutdown(157)) - Shutting down service SCMBlockDeletingService
2020-04-24 12:00:33,158 [main] INFO  server.StorageContainerManager (StorageContainerManager.java:stop(896)) - Stopping SCM Event Queue.
2020-04-24 12:00:33,161 [main] INFO  impl.MetricsSystemImpl (MetricsSystemImpl.java:stop(210)) - Stopping HddsDatanode metrics system...
2020-04-24 12:00:33,166 [main] INFO  impl.MetricsSystemImpl (MetricsSystemImpl.java:stop(216)) - HddsDatanode metrics system stopped.
]]></system-out>
    <system-err><![CDATA[Apr 24, 2020 12:00:16 PM org.apache.ratis.thirdparty.io.grpc.internal.SerializingExecutor run
SEVERE: Exception while executing runnable org.apache.ratis.thirdparty.io.grpc.internal.ServerImpl$JumpToApplicationThreadServerStreamListener$1Closed@75abfd48
org.apache.ratis.thirdparty.io.grpc.StatusRuntimeException: CANCELLED: call already cancelled
	at org.apache.ratis.thirdparty.io.grpc.Status.asRuntimeException(Status.java:524)
	at org.apache.ratis.thirdparty.io.grpc.stub.ServerCalls$ServerCallStreamObserverImpl.onCompleted(ServerCalls.java:368)
	at org.apache.ratis.grpc.server.GrpcServerProtocolService$ServerRequestStreamObserver.onError(GrpcServerProtocolService.java:145)
	at org.apache.ratis.thirdparty.io.grpc.stub.ServerCalls$StreamingServerCallHandler$StreamingServerCallListener.onCancel(ServerCalls.java:272)
	at org.apache.ratis.thirdparty.io.grpc.internal.ServerCallImpl$ServerStreamListenerImpl.closedInternal(ServerCallImpl.java:353)
	at org.apache.ratis.thirdparty.io.grpc.internal.ServerCallImpl$ServerStreamListenerImpl.closed(ServerCallImpl.java:341)
	at org.apache.ratis.thirdparty.io.grpc.internal.ServerImpl$JumpToApplicationThreadServerStreamListener$1Closed.runInContext(ServerImpl.java:864)
	at org.apache.ratis.thirdparty.io.grpc.internal.ContextRunnable.run(ContextRunnable.java:37)
	at org.apache.ratis.thirdparty.io.grpc.internal.SerializingExecutor.run(SerializingExecutor.java:123)
	at java.util.concurrent.ThreadPoolExecutor.runWorker(ThreadPoolExecutor.java:1149)
	at java.util.concurrent.ThreadPoolExecutor$Worker.run(ThreadPoolExecutor.java:624)
	at java.lang.Thread.run(Thread.java:748)

Apr 24, 2020 12:00:27 PM org.apache.ratis.thirdparty.io.grpc.internal.SerializingExecutor run
SEVERE: Exception while executing runnable org.apache.ratis.thirdparty.io.grpc.internal.ServerImpl$JumpToApplicationThreadServerStreamListener$1Closed@64f6498
org.apache.ratis.thirdparty.io.grpc.StatusRuntimeException: CANCELLED: call already cancelled
	at org.apache.ratis.thirdparty.io.grpc.Status.asRuntimeException(Status.java:524)
	at org.apache.ratis.thirdparty.io.grpc.stub.ServerCalls$ServerCallStreamObserverImpl.onCompleted(ServerCalls.java:368)
	at org.apache.ratis.grpc.server.GrpcServerProtocolService$ServerRequestStreamObserver.onError(GrpcServerProtocolService.java:145)
	at org.apache.ratis.thirdparty.io.grpc.stub.ServerCalls$StreamingServerCallHandler$StreamingServerCallListener.onCancel(ServerCalls.java:272)
	at org.apache.ratis.thirdparty.io.grpc.internal.ServerCallImpl$ServerStreamListenerImpl.closedInternal(ServerCallImpl.java:353)
	at org.apache.ratis.thirdparty.io.grpc.internal.ServerCallImpl$ServerStreamListenerImpl.closed(ServerCallImpl.java:341)
	at org.apache.ratis.thirdparty.io.grpc.internal.ServerImpl$JumpToApplicationThreadServerStreamListener$1Closed.runInContext(ServerImpl.java:864)
	at org.apache.ratis.thirdparty.io.grpc.internal.ContextRunnable.run(ContextRunnable.java:37)
	at org.apache.ratis.thirdparty.io.grpc.internal.SerializingExecutor.run(SerializingExecutor.java:123)
	at java.util.concurrent.ThreadPoolExecutor.runWorker(ThreadPoolExecutor.java:1149)
	at java.util.concurrent.ThreadPoolExecutor$Worker.run(ThreadPoolExecutor.java:624)
	at java.lang.Thread.run(Thread.java:748)

Apr 24, 2020 12:00:28 PM org.apache.ratis.thirdparty.io.grpc.internal.SerializingExecutor run
SEVERE: Exception while executing runnable org.apache.ratis.thirdparty.io.grpc.internal.ServerImpl$JumpToApplicationThreadServerStreamListener$1Closed@1fe99e69
org.apache.ratis.thirdparty.io.grpc.StatusRuntimeException: CANCELLED: call already cancelled
	at org.apache.ratis.thirdparty.io.grpc.Status.asRuntimeException(Status.java:524)
	at org.apache.ratis.thirdparty.io.grpc.stub.ServerCalls$ServerCallStreamObserverImpl.onCompleted(ServerCalls.java:368)
	at org.apache.ratis.grpc.server.GrpcServerProtocolService$ServerRequestStreamObserver.onError(GrpcServerProtocolService.java:145)
	at org.apache.ratis.thirdparty.io.grpc.stub.ServerCalls$StreamingServerCallHandler$StreamingServerCallListener.onCancel(ServerCalls.java:272)
	at org.apache.ratis.thirdparty.io.grpc.internal.ServerCallImpl$ServerStreamListenerImpl.closedInternal(ServerCallImpl.java:353)
	at org.apache.ratis.thirdparty.io.grpc.internal.ServerCallImpl$ServerStreamListenerImpl.closed(ServerCallImpl.java:341)
	at org.apache.ratis.thirdparty.io.grpc.internal.ServerImpl$JumpToApplicationThreadServerStreamListener$1Closed.runInContext(ServerImpl.java:864)
	at org.apache.ratis.thirdparty.io.grpc.internal.ContextRunnable.run(ContextRunnable.java:37)
	at org.apache.ratis.thirdparty.io.grpc.internal.SerializingExecutor.run(SerializingExecutor.java:123)
	at java.util.concurrent.ThreadPoolExecutor.runWorker(ThreadPoolExecutor.java:1149)
	at java.util.concurrent.ThreadPoolExecutor$Worker.run(ThreadPoolExecutor.java:624)
	at java.lang.Thread.run(Thread.java:748)

]]></system-err>
  </testcase>
  <testcase name="testOzoneManagerFileSystemInterface[1]" classname="org.apache.hadoop.fs.ozone.TestOzoneFileInterfaces" time="22.914"/>
  <testcase name="testListStatus[1]" classname="org.apache.hadoop.fs.ozone.TestOzoneFileInterfaces" time="23.811"/>
  <testcase name="testDirectory[1]" classname="org.apache.hadoop.fs.ozone.TestOzoneFileInterfaces" time="23.914"/>
  <testcase name="testPathToKey[1]" classname="org.apache.hadoop.fs.ozone.TestOzoneFileInterfaces" time="23.806"/>
  <testcase name="testFileSystemInit[1]" classname="org.apache.hadoop.fs.ozone.TestOzoneFileInterfaces" time="23.906"/>
  <testcase name="testOzFsReadWrite[1]" classname="org.apache.hadoop.fs.ozone.TestOzoneFileInterfaces" time="23.019"/>
  <testcase name="testOzoneManagerLocatedFileStatus[1]" classname="org.apache.hadoop.fs.ozone.TestOzoneFileInterfaces" time="24.014"/>
</testsuite>