<?xml version="1.0" encoding="UTF-8"?>
<testsuite xmlns:xsi="http://www.w3.org/2001/XMLSchema-instance" xsi:noNamespaceSchemaLocation="https://maven.apache.org/surefire/maven-surefire-plugin/xsd/surefire-test-report-3.0.xsd" version="3.0" name="org.apache.hadoop.ozone.scm.TestGetCommittedBlockLengthAndPutKey" time="343.629" tests="3" errors="1" skipped="0" failures="0">
  <properties>
    <property name="awt.toolkit" value="sun.awt.X11.XToolkit"/>
    <property name="file.encoding.pkg" value="sun.io"/>
    <property name="java.specification.version" value="1.8"/>
    <property name="sun.cpu.isalist" value=""/>
    <property name="sun.jnu.encoding" value="UTF-8"/>
    <property name="java.class.path" value="/home/runner/work/ozone/ozone/hadoop-ozone/integration-test/target/test-classes:/home/runner/work/ozone/ozone/hadoop-ozone/integration-test/target/classes:/home/runner/.m2/repository/org/apache/ozone/ozone-common/1.3.0-SNAPSHOT/ozone-common-1.3.0-SNAPSHOT.jar:/home/runner/.m2/repository/io/grpc/grpc-netty/1.44.0/grpc-netty-1.44.0.jar:/home/runner/.m2/repository/io/grpc/grpc-core/1.44.0/grpc-core-1.44.0.jar:/home/runner/.m2/repository/com/google/android/annotations/4.1.1.4/annotations-4.1.1.4.jar:/home/runner/.m2/repository/org/codehaus/mojo/animal-sniffer-annotations/1.19/animal-sniffer-annotations-1.19.jar:/home/runner/.m2/repository/com/google/errorprone/error_prone_annotations/2.2.0/error_prone_annotations-2.2.0.jar:/home/runner/.m2/repository/io/perfmark/perfmark-api/0.23.0/perfmark-api-0.23.0.jar:/home/runner/.m2/repository/io/netty/netty-codec-http2/4.1.74.Final/netty-codec-http2-4.1.74.Final.jar:/home/runner/.m2/repository/io/netty/netty-common/4.1.74.Final/netty-common-4.1.74.Final.jar:/home/runner/.m2/repository/io/netty/netty-buffer/4.1.74.Final/netty-buffer-4.1.74.Final.jar:/home/runner/.m2/repository/io/netty/netty-codec-http/4.1.74.Final/netty-codec-http-4.1.74.Final.jar:/home/runner/.m2/repository/io/netty/netty-handler-proxy/4.1.74.Final/netty-handler-proxy-4.1.74.Final.jar:/home/runner/.m2/repository/io/netty/netty-codec-socks/4.1.74.Final/netty-codec-socks-4.1.74.Final.jar:/home/runner/.m2/repository/io/netty/netty-tcnative-boringssl-static/2.0.48.Final/netty-tcnative-boringssl-static-2.0.48.Final.jar:/home/runner/.m2/repository/io/netty/netty-tcnative-classes/2.0.48.Final/netty-tcnative-classes-2.0.48.Final.jar:/home/runner/.m2/repository/io/netty/netty-tcnative/2.0.48.Final/netty-tcnative-2.0.48.Final.jar:/home/runner/.m2/repository/org/apache/commons/commons-compress/1.21/commons-compress-1.21.jar:/home/runner/.m2/repository/org/apache/ozone/hdds-common/1.3.0-SNAPSHOT/hdds-common-1.3.0-SNAPSHOT.jar:/home/runner/.m2/repository/org/apache/ozone/hdds-client/1.3.0-SNAPSHOT/hdds-client-1.3.0-SNAPSHOT.jar:/home/runner/.m2/repository/org/apache/ozone/ozone-interface-client/1.3.0-SNAPSHOT/ozone-interface-client-1.3.0-SNAPSHOT.jar:/home/runner/.m2/repository/org/apache/ozone/hdds-test-utils/1.3.0-SNAPSHOT/hdds-test-utils-1.3.0-SNAPSHOT.jar:/home/runner/.m2/repository/com/google/guava/guava/31.1-jre/guava-31.1-jre.jar:/home/runner/.m2/repository/com/google/guava/failureaccess/1.0.1/failureaccess-1.0.1.jar:/home/runner/.m2/repository/com/google/guava/listenablefuture/9999.0-empty-to-avoid-conflict-with-guava/listenablefuture-9999.0-empty-to-avoid-conflict-with-guava.jar:/home/runner/.m2/repository/com/google/code/findbugs/jsr305/3.0.0/jsr305-3.0.0.jar:/home/runner/.m2/repository/org/checkerframework/checker-qual/3.12.0/checker-qual-3.12.0.jar:/home/runner/.m2/repository/com/google/j2objc/j2objc-annotations/1.3/j2objc-annotations-1.3.jar:/home/runner/.m2/repository/commons-io/commons-io/2.11.0/commons-io-2.11.0.jar:/home/runner/.m2/repository/commons-logging/commons-logging/1.2/commons-logging-1.2.jar:/home/runner/.m2/repository/log4j/log4j/1.2.17/log4j-1.2.17.jar:/home/runner/.m2/repository/org/slf4j/slf4j-api/1.7.30/slf4j-api-1.7.30.jar:/home/runner/.m2/repository/org/apache/ozone/hdds-server-scm/1.3.0-SNAPSHOT/hdds-server-scm-1.3.0-SNAPSHOT.jar:/home/runner/.m2/repository/org/apache/ozone/hdds-container-service/1.3.0-SNAPSHOT/hdds-container-service-1.3.0-SNAPSHOT.jar:/home/runner/.m2/repository/org/apache/ozone/hdds-hadoop-dependency-server/1.3.0-SNAPSHOT/hdds-hadoop-dependency-server-1.3.0-SNAPSHOT.jar:/home/runner/.m2/repository/org/apache/hadoop/hadoop-hdfs/3.3.1/hadoop-hdfs-3.3.1.jar:/home/runner/.m2/repository/org/apache/ozone/hdds-server-framework/1.3.0-SNAPSHOT/hdds-server-framework-1.3.0-SNAPSHOT.jar:/home/runner/.m2/repository/org/apache/ozone/hdds-interface-server/1.3.0-SNAPSHOT/hdds-interface-server-1.3.0-SNAPSHOT.jar:/home/runner/.m2/repository/org/apache/logging/log4j/log4j-core/2.17.1/log4j-core-2.17.1.jar:/home/runner/.m2/repository/com/lmax/disruptor/3.4.2/disruptor-3.4.2.jar:/home/runner/.m2/repository/org/eclipse/jetty/jetty-servlet/9.4.43.v20210629/jetty-servlet-9.4.43.v20210629.jar:/home/runner/.m2/repository/org/eclipse/jetty/jetty-security/9.4.43.v20210629/jetty-security-9.4.43.v20210629.jar:/home/runner/.m2/repository/org/rocksdb/rocksdbjni/6.29.5/rocksdbjni-6.29.5.jar:/home/runner/.m2/repository/io/prometheus/simpleclient_dropwizard/0.7.0/simpleclient_dropwizard-0.7.0.jar:/home/runner/.m2/repository/io/prometheus/simpleclient/0.7.0/simpleclient-0.7.0.jar:/home/runner/.m2/repository/io/prometheus/simpleclient_common/0.7.0/simpleclient_common-0.7.0.jar:/home/runner/.m2/repository/io/dropwizard/metrics/metrics-core/3.2.4/metrics-core-3.2.4.jar:/home/runner/.m2/repository/org/apache/hadoop/hadoop-hdfs-client/3.3.1/hadoop-hdfs-client-3.3.1.jar:/home/runner/.m2/repository/org/bouncycastle/bcprov-jdk15on/1.67/bcprov-jdk15on-1.67.jar:/home/runner/.m2/repository/com/google/protobuf/protobuf-java/2.5.0/protobuf-java-2.5.0.jar:/home/runner/.m2/repository/org/apache/ozone/ozone-manager/1.3.0-SNAPSHOT/ozone-manager-1.3.0-SNAPSHOT.jar:/home/runner/.m2/repository/org/aspectj/aspectjrt/1.9.7/aspectjrt-1.9.7.jar:/home/runner/.m2/repository/org/aspectj/aspectjweaver/1.9.7/aspectjweaver-1.9.7.jar:/home/runner/.m2/repository/org/apache/ozone/hdds-interface-client/1.3.0-SNAPSHOT/hdds-interface-client-1.3.0-SNAPSHOT.jar:/home/runner/.m2/repository/org/apache/hadoop/thirdparty/hadoop-shaded-protobuf_3_7/1.1.1/hadoop-shaded-protobuf_3_7-1.1.1.jar:/home/runner/.m2/repository/org/apache/ozone/ozone-interface-storage/1.3.0-SNAPSHOT/ozone-interface-storage-1.3.0-SNAPSHOT.jar:/home/runner/.m2/repository/org/reflections/reflections/0.9.11/reflections-0.9.11.jar:/home/runner/.m2/repository/com/sun/jersey/jersey-client/1.19/jersey-client-1.19.jar:/home/runner/.m2/repository/org/apache/ranger/ranger-intg/3.0.0-SNAPSHOT/ranger-intg-3.0.0-SNAPSHOT.jar:/home/runner/.m2/repository/org/apache/ranger/ranger-plugins-common/3.0.0-SNAPSHOT/ranger-plugins-common-3.0.0-SNAPSHOT.jar:/home/runner/.m2/repository/commons-lang/commons-lang/2.6/commons-lang-2.6.jar:/home/runner/.m2/repository/org/codehaus/jackson/jackson-jaxrs/1.9.13/jackson-jaxrs-1.9.13.jar:/home/runner/.m2/repository/org/apache/ranger/ranger-plugins-cred/3.0.0-SNAPSHOT/ranger-plugins-cred-3.0.0-SNAPSHOT.jar:/home/runner/.m2/repository/org/apache/ranger/ranger-plugins-audit/3.0.0-SNAPSHOT/ranger-plugins-audit-3.0.0-SNAPSHOT.jar:/home/runner/.m2/repository/org/apache/kafka/kafka-clients/2.8.1/kafka-clients-2.8.1.jar:/home/runner/.m2/repository/com/github/luben/zstd-jni/1.4.9-1/zstd-jni-1.4.9-1.jar:/home/runner/.m2/repository/org/apache/solr/solr-solrj/8.11.2/solr-solrj-8.11.2.jar:/home/runner/.m2/repository/org/eclipse/jetty/jetty-client/9.4.44.v20210927/jetty-client-9.4.44.v20210927.jar:/home/runner/.m2/repository/org/apache/httpcomponents/httpmime/4.5.13/httpmime-4.5.13.jar:/home/runner/.m2/repository/org/apache/httpcomponents/httpcore-nio/4.4.14/httpcore-nio-4.4.14.jar:/home/runner/.m2/repository/org/apache/httpcomponents/httpasyncclient/4.1.4/httpasyncclient-4.1.4.jar:/home/runner/.m2/repository/com/carrotsearch/hppc/0.8.0/hppc-0.8.0.jar:/home/runner/.m2/repository/org/apache/hive/hive-storage-api/2.7.2/hive-storage-api-2.7.2.jar:/home/runner/.m2/repository/org/apache/orc/orc-core/1.5.8/orc-core-1.5.8.jar:/home/runner/.m2/repository/com/amazonaws/aws-java-sdk-bundle/1.12.125/aws-java-sdk-bundle-1.12.125.jar:/home/runner/.m2/repository/net/java/dev/jna/jna/5.2.0/jna-5.2.0.jar:/home/runner/.m2/repository/net/java/dev/jna/jna-platform/5.2.0/jna-platform-5.2.0.jar:/home/runner/.m2/repository/com/kstruct/gethostname4j/0.0.2/gethostname4j-0.0.2.jar:/home/runner/.m2/repository/org/apache/ranger/ranger-plugin-classloader/3.0.0-SNAPSHOT/ranger-plugin-classloader-3.0.0-SNAPSHOT.jar:/home/runner/.m2/repository/org/apache/hadoop/hadoop-minikdc/3.3.1/hadoop-minikdc-3.3.1.jar:/home/runner/.m2/repository/org/apache/kerby/kerb-simplekdc/1.0.1/kerb-simplekdc-1.0.1.jar:/home/runner/.m2/repository/org/apache/kerby/kerb-client/1.0.1/kerb-client-1.0.1.jar:/home/runner/.m2/repository/org/apache/kerby/kerby-config/1.0.1/kerby-config-1.0.1.jar:/home/runner/.m2/repository/org/apache/kerby/kerb-common/1.0.1/kerb-common-1.0.1.jar:/home/runner/.m2/repository/org/apache/kerby/kerb-crypto/1.0.1/kerb-crypto-1.0.1.jar:/home/runner/.m2/repository/org/apache/kerby/kerb-util/1.0.1/kerb-util-1.0.1.jar:/home/runner/.m2/repository/org/apache/kerby/token-provider/1.0.1/token-provider-1.0.1.jar:/home/runner/.m2/repository/org/apache/kerby/kerb-admin/1.0.1/kerb-admin-1.0.1.jar:/home/runner/.m2/repository/org/apache/kerby/kerb-server/1.0.1/kerb-server-1.0.1.jar:/home/runner/.m2/repository/org/apache/kerby/kerb-identity/1.0.1/kerb-identity-1.0.1.jar:/home/runner/.m2/repository/org/apache/kerby/kerby-xdr/1.0.1/kerby-xdr-1.0.1.jar:/home/runner/.m2/repository/org/slf4j/slf4j-log4j12/1.7.30/slf4j-log4j12-1.7.30.jar:/home/runner/.m2/repository/org/apache/ozone/ozone-s3gateway/1.3.0-SNAPSHOT/ozone-s3gateway-1.3.0-SNAPSHOT.jar:/home/runner/.m2/repository/org/javassist/javassist/3.21.0-GA/javassist-3.21.0-GA.jar:/home/runner/.m2/repository/org/jboss/weld/servlet/weld-servlet/2.4.7.Final/weld-servlet-2.4.7.Final.jar:/home/runner/.m2/repository/org/glassfish/jersey/containers/jersey-container-servlet-core/2.33/jersey-container-servlet-core-2.33.jar:/home/runner/.m2/repository/org/glassfish/hk2/external/jakarta.inject/2.6.1/jakarta.inject-2.6.1.jar:/home/runner/.m2/repository/org/glassfish/jersey/core/jersey-common/2.33/jersey-common-2.33.jar:/home/runner/.m2/repository/jakarta/ws/rs/jakarta.ws.rs-api/2.1.6/jakarta.ws.rs-api-2.1.6.jar:/home/runner/.m2/repository/org/glassfish/jersey/ext/cdi/jersey-cdi1x/2.33/jersey-cdi1x-2.33.jar:/home/runner/.m2/repository/org/glassfish/jersey/inject/jersey-hk2/2.33/jersey-hk2-2.33.jar:/home/runner/.m2/repository/org/glassfish/hk2/hk2-locator/2.6.1/hk2-locator-2.6.1.jar:/home/runner/.m2/repository/org/glassfish/jersey/media/jersey-media-jaxb/2.33/jersey-media-jaxb-2.33.jar:/home/runner/.m2/repository/org/glassfish/hk2/osgi-resource-locator/1.0.3/osgi-resource-locator-1.0.3.jar:/home/runner/.m2/repository/org/glassfish/hk2/hk2-api/2.5.0/hk2-api-2.5.0.jar:/home/runner/.m2/repository/org/glassfish/hk2/hk2-utils/2.5.0/hk2-utils-2.5.0.jar:/home/runner/.m2/repository/org/glassfish/hk2/external/aopalliance-repackaged/2.5.0/aopalliance-repackaged-2.5.0.jar:/home/runner/.m2/repository/com/fasterxml/jackson/dataformat/jackson-dataformat-xml/2.13.2/jackson-dataformat-xml-2.13.2.jar:/home/runner/.m2/repository/com/fasterxml/jackson/core/jackson-core/2.13.2/jackson-core-2.13.2.jar:/home/runner/.m2/repository/org/codehaus/woodstox/stax2-api/3.1.4/stax2-api-3.1.4.jar:/home/runner/.m2/repository/com/fasterxml/woodstox/woodstox-core/5.0.3/woodstox-core-5.0.3.jar:/home/runner/.m2/repository/com/fasterxml/jackson/module/jackson-module-jaxb-annotations/2.13.2/jackson-module-jaxb-annotations-2.13.2.jar:/home/runner/.m2/repository/jakarta/xml/bind/jakarta.xml.bind-api/2.3.3/jakarta.xml.bind-api-2.3.3.jar:/home/runner/.m2/repository/jakarta/activation/jakarta.activation-api/1.2.1/jakarta.activation-api-1.2.1.jar:/home/runner/.m2/repository/javax/enterprise/cdi-api/1.2/cdi-api-1.2.jar:/home/runner/.m2/repository/javax/el/javax.el-api/3.0.0/javax.el-api-3.0.0.jar:/home/runner/.m2/repository/javax/interceptor/javax.interceptor-api/1.2/javax.interceptor-api-1.2.jar:/home/runner/.m2/repository/javax/inject/javax.inject/1/javax.inject-1.jar:/home/runner/.m2/repository/javax/xml/bind/jaxb-api/2.3.0/jaxb-api-2.3.0.jar:/home/runner/.m2/repository/org/glassfish/jaxb/jaxb-runtime/2.3.0.1/jaxb-runtime-2.3.0.1.jar:/home/runner/.m2/repository/org/glassfish/jaxb/jaxb-core/2.3.0.1/jaxb-core-2.3.0.1.jar:/home/runner/.m2/repository/org/glassfish/jaxb/txw2/2.3.0.1/txw2-2.3.0.1.jar:/home/runner/.m2/repository/com/sun/istack/istack-commons-runtime/3.0.5/istack-commons-runtime-3.0.5.jar:/home/runner/.m2/repository/org/jvnet/staxex/stax-ex/1.7.8/stax-ex-1.7.8.jar:/home/runner/.m2/repository/com/sun/xml/fastinfoset/FastInfoset/1.2.13/FastInfoset-1.2.13.jar:/home/runner/.m2/repository/javax/activation/activation/1.1.1/activation-1.1.1.jar:/home/runner/.m2/repository/io/grpc/grpc-protobuf/1.44.0/grpc-protobuf-1.44.0.jar:/home/runner/.m2/repository/io/grpc/grpc-api/1.44.0/grpc-api-1.44.0.jar:/home/runner/.m2/repository/io/grpc/grpc-context/1.44.0/grpc-context-1.44.0.jar:/home/runner/.m2/repository/com/google/api/grpc/proto-google-common-protos/2.0.1/proto-google-common-protos-2.0.1.jar:/home/runner/.m2/repository/io/grpc/grpc-protobuf-lite/1.44.0/grpc-protobuf-lite-1.44.0.jar:/home/runner/.m2/repository/io/grpc/grpc-stub/1.44.0/grpc-stub-1.44.0.jar:/home/runner/.m2/repository/io/netty/netty-transport/4.1.74.Final/netty-transport-4.1.74.Final.jar:/home/runner/.m2/repository/io/netty/netty-resolver/4.1.74.Final/netty-resolver-4.1.74.Final.jar:/home/runner/.m2/repository/org/apache/ozone/ozone-csi/1.3.0-SNAPSHOT/ozone-csi-1.3.0-SNAPSHOT.jar:/home/runner/.m2/repository/com/google/protobuf/protobuf-java-util/3.19.2/protobuf-java-util-3.19.2.jar:/home/runner/.m2/repository/com/google/code/gson/gson/2.9.0/gson-2.9.0.jar:/home/runner/.m2/repository/org/apache/ozone/hdds-config/1.3.0-SNAPSHOT/hdds-config-1.3.0-SNAPSHOT.jar:/home/runner/.m2/repository/io/netty/netty-transport-native-epoll/4.1.74.Final/netty-transport-native-epoll-4.1.74.Final-linux-x86_64.jar:/home/runner/.m2/repository/io/netty/netty-transport-classes-epoll/4.1.74.Final/netty-transport-classes-epoll-4.1.74.Final.jar:/home/runner/.m2/repository/io/netty/netty-transport-native-unix-common/4.1.74.Final/netty-transport-native-unix-common-4.1.74.Final.jar:/home/runner/.m2/repository/org/apache/ozone/ozone-recon/1.3.0-SNAPSHOT/ozone-recon-1.3.0-SNAPSHOT.jar:/home/runner/.m2/repository/org/apache/ozone/ozone-reconcodegen/1.3.0-SNAPSHOT/ozone-reconcodegen-1.3.0-SNAPSHOT.jar:/home/runner/.m2/repository/com/google/inject/extensions/guice-multibindings/4.0/guice-multibindings-4.0.jar:/home/runner/.m2/repository/com/google/inject/guice/4.0/guice-4.0.jar:/home/runner/.m2/repository/aopalliance/aopalliance/1.0/aopalliance-1.0.jar:/home/runner/.m2/repository/com/google/inject/extensions/guice-assistedinject/4.0/guice-assistedinject-4.0.jar:/home/runner/.m2/repository/com/google/inject/extensions/guice-servlet/4.0/guice-servlet-4.0.jar:/home/runner/.m2/repository/org/glassfish/jersey/containers/jersey-container-servlet/2.33/jersey-container-servlet-2.33.jar:/home/runner/.m2/repository/org/glassfish/hk2/guice-bridge/2.5.0/guice-bridge-2.5.0.jar:/home/runner/.m2/repository/org/glassfish/jersey/core/jersey-server/2.33/jersey-server-2.33.jar:/home/runner/.m2/repository/org/glassfish/jersey/core/jersey-client/2.33/jersey-client-2.33.jar:/home/runner/.m2/repository/jakarta/annotation/jakarta.annotation-api/1.3.5/jakarta.annotation-api-1.3.5.jar:/home/runner/.m2/repository/jakarta/validation/jakarta.validation-api/2.0.2/jakarta.validation-api-2.0.2.jar:/home/runner/.m2/repository/org/glassfish/jersey/media/jersey-media-json-jackson/2.33/jersey-media-json-jackson-2.33.jar:/home/runner/.m2/repository/org/glassfish/jersey/ext/jersey-entity-filtering/2.33/jersey-entity-filtering-2.33.jar:/home/runner/.m2/repository/org/jooq/jooq/3.11.10/jooq-3.11.10.jar:/home/runner/.m2/repository/org/jooq/jooq-meta/3.11.10/jooq-meta-3.11.10.jar:/home/runner/.m2/repository/org/jooq/jooq-codegen/3.11.10/jooq-codegen-3.11.10.jar:/home/runner/.m2/repository/com/jolbox/bonecp/0.8.0.RELEASE/bonecp-0.8.0.RELEASE.jar:/home/runner/.m2/repository/org/apache/derby/derby/10.14.2.0/derby-10.14.2.0.jar:/home/runner/.m2/repository/org/xerial/sqlite-jdbc/3.25.2/sqlite-jdbc-3.25.2.jar:/home/runner/.m2/repository/org/springframework/spring-jdbc/5.2.20.RELEASE/spring-jdbc-5.2.20.RELEASE.jar:/home/runner/.m2/repository/org/springframework/spring-beans/5.2.20.RELEASE/spring-beans-5.2.20.RELEASE.jar:/home/runner/.m2/repository/org/springframework/spring-core/5.2.20.RELEASE/spring-core-5.2.20.RELEASE.jar:/home/runner/.m2/repository/org/springframework/spring-jcl/5.2.20.RELEASE/spring-jcl-5.2.20.RELEASE.jar:/home/runner/.m2/repository/org/springframework/spring-tx/5.2.20.RELEASE/spring-tx-5.2.20.RELEASE.jar:/home/runner/.m2/repository/org/apache/ozone/ozone-client/1.3.0-SNAPSHOT/ozone-client-1.3.0-SNAPSHOT.jar:/home/runner/.m2/repository/org/apache/ozone/hdds-erasurecode/1.3.0-SNAPSHOT/hdds-erasurecode-1.3.0-SNAPSHOT.jar:/home/runner/.m2/repository/com/github/spotbugs/spotbugs-annotations/3.1.12/spotbugs-annotations-3.1.12.jar:/home/runner/.m2/repository/org/apache/ozone/ozone-filesystem/1.3.0-SNAPSHOT/ozone-filesystem-1.3.0-SNAPSHOT.jar:/home/runner/.m2/repository/org/apache/ozone/ozone-filesystem-common/1.3.0-SNAPSHOT/ozone-filesystem-common-1.3.0-SNAPSHOT.jar:/home/runner/.m2/repository/org/apache/ozone/ozone-tools/1.3.0-SNAPSHOT/ozone-tools-1.3.0-SNAPSHOT.jar:/home/runner/.m2/repository/org/apache/ratis/ratis-tools/2.3.0/ratis-tools-2.3.0.jar:/home/runner/.m2/repository/com/amazonaws/aws-java-sdk-core/1.12.261/aws-java-sdk-core-1.12.261.jar:/home/runner/.m2/repository/org/apache/httpcomponents/httpclient/4.5.13/httpclient-4.5.13.jar:/home/runner/.m2/repository/org/apache/httpcomponents/httpcore/4.4.13/httpcore-4.4.13.jar:/home/runner/.m2/repository/software/amazon/ion/ion-java/1.0.2/ion-java-1.0.2.jar:/home/runner/.m2/repository/com/fasterxml/jackson/dataformat/jackson-dataformat-cbor/2.13.2/jackson-dataformat-cbor-2.13.2.jar:/home/runner/.m2/repository/joda-time/joda-time/2.8.1/joda-time-2.8.1.jar:/home/runner/.m2/repository/com/amazonaws/aws-java-sdk-s3/1.12.261/aws-java-sdk-s3-1.12.261.jar:/home/runner/.m2/repository/com/amazonaws/aws-java-sdk-kms/1.12.261/aws-java-sdk-kms-1.12.261.jar:/home/runner/.m2/repository/com/amazonaws/jmespath-java/1.12.261/jmespath-java-1.12.261.jar:/home/runner/.m2/repository/org/kohsuke/metainf-services/metainf-services/1.8/metainf-services-1.8.jar:/home/runner/.m2/repository/org/apache/ozone/hdds-tools/1.3.0-SNAPSHOT/hdds-tools-1.3.0-SNAPSHOT.jar:/home/runner/.m2/repository/commons-cli/commons-cli/1.2/commons-cli-1.2.jar:/home/runner/.m2/repository/org/apache/commons/commons-lang3/3.7/commons-lang3-3.7.jar:/home/runner/.m2/repository/org/apache/ozone/ozone-manager/1.3.0-SNAPSHOT/ozone-manager-1.3.0-SNAPSHOT-tests.jar:/home/runner/.m2/repository/org/apache/ozone/hdds-common/1.3.0-SNAPSHOT/hdds-common-1.3.0-SNAPSHOT-tests.jar:/home/runner/.m2/repository/org/apache/ozone/hdds-hadoop-dependency-client/1.3.0-SNAPSHOT/hdds-hadoop-dependency-client-1.3.0-SNAPSHOT.jar:/home/runner/.m2/repository/info/picocli/picocli/4.6.1/picocli-4.6.1.jar:/home/runner/.m2/repository/com/fasterxml/jackson/core/jackson-annotations/2.13.2/jackson-annotations-2.13.2.jar:/home/runner/.m2/repository/com/fasterxml/jackson/datatype/jackson-datatype-jsr310/2.13.2/jackson-datatype-jsr310-2.13.2.jar:/home/runner/.m2/repository/javax/annotation/javax.annotation-api/1.2/javax.annotation-api-1.2.jar:/home/runner/.m2/repository/org/apache/ratis/ratis-server/2.3.0/ratis-server-2.3.0.jar:/home/runner/.m2/repository/org/apache/ratis/ratis-client/2.3.0/ratis-client-2.3.0.jar:/home/runner/.m2/repository/org/apache/ratis/ratis-server-api/2.3.0/ratis-server-api-2.3.0.jar:/home/runner/.m2/repository/org/apache/ratis/ratis-metrics/2.3.0/ratis-metrics-2.3.0.jar:/home/runner/.m2/repository/org/apache/ratis/ratis-netty/2.3.0/ratis-netty-2.3.0.jar:/home/runner/.m2/repository/org/apache/ratis/ratis-grpc/2.3.0/ratis-grpc-2.3.0.jar:/home/runner/.m2/repository/org/apache/logging/log4j/log4j-api/2.17.1/log4j-api-2.17.1.jar:/home/runner/.m2/repository/org/apache/commons/commons-pool2/2.6.0/commons-pool2-2.6.0.jar:/home/runner/.m2/repository/org/bouncycastle/bcpkix-jdk15on/1.67/bcpkix-jdk15on-1.67.jar:/home/runner/.m2/repository/commons-validator/commons-validator/1.6/commons-validator-1.6.jar:/home/runner/.m2/repository/commons-beanutils/commons-beanutils/1.9.4/commons-beanutils-1.9.4.jar:/home/runner/.m2/repository/commons-digester/commons-digester/1.8.1/commons-digester-1.8.1.jar:/home/runner/.m2/repository/commons-collections/commons-collections/3.2.2/commons-collections-3.2.2.jar:/home/runner/.m2/repository/io/jaegertracing/jaeger-client/1.6.0/jaeger-client-1.6.0.jar:/home/runner/.m2/repository/io/jaegertracing/jaeger-thrift/1.6.0/jaeger-thrift-1.6.0.jar:/home/runner/.m2/repository/org/apache/thrift/libthrift/0.14.1/libthrift-0.14.1.jar:/home/runner/.m2/repository/com/squareup/okhttp3/okhttp/4.9.0/okhttp-4.9.0.jar:/home/runner/.m2/repository/com/squareup/okio/okio/2.8.0/okio-2.8.0.jar:/home/runner/.m2/repository/io/jaegertracing/jaeger-core/1.6.0/jaeger-core-1.6.0.jar:/home/runner/.m2/repository/io/jaegertracing/jaeger-tracerresolver/1.6.0/jaeger-tracerresolver-1.6.0.jar:/home/runner/.m2/repository/io/opentracing/contrib/opentracing-tracerresolver/0.1.8/opentracing-tracerresolver-0.1.8.jar:/home/runner/.m2/repository/org/jetbrains/kotlin/kotlin-stdlib/1.6.21/kotlin-stdlib-1.6.21.jar:/home/runner/.m2/repository/org/jetbrains/kotlin/kotlin-stdlib-common/1.6.21/kotlin-stdlib-common-1.6.21.jar:/home/runner/.m2/repository/org/jetbrains/annotations/13.0/annotations-13.0.jar:/home/runner/.m2/repository/io/opentracing/opentracing-util/0.33.0/opentracing-util-0.33.0.jar:/home/runner/.m2/repository/io/opentracing/opentracing-api/0.33.0/opentracing-api-0.33.0.jar:/home/runner/.m2/repository/io/opentracing/opentracing-noop/0.33.0/opentracing-noop-0.33.0.jar:/home/runner/.m2/repository/org/yaml/snakeyaml/1.26/snakeyaml-1.26.jar:/home/runner/.m2/repository/org/apache/ozone/hdds-interface-admin/1.3.0-SNAPSHOT/hdds-interface-admin-1.3.0-SNAPSHOT.jar:/home/runner/.m2/repository/junit/junit/4.13.1/junit-4.13.1.jar:/home/runner/.m2/repository/org/hamcrest/hamcrest-core/1.3/hamcrest-core-1.3.jar:/home/runner/.m2/repository/org/junit/jupiter/junit-jupiter-api/5.8.2/junit-jupiter-api-5.8.2.jar:/home/runner/.m2/repository/org/opentest4j/opentest4j/1.2.0/opentest4j-1.2.0.jar:/home/runner/.m2/repository/org/junit/platform/junit-platform-commons/1.8.2/junit-platform-commons-1.8.2.jar:/home/runner/.m2/repository/org/apiguardian/apiguardian-api/1.1.2/apiguardian-api-1.1.2.jar:/home/runner/.m2/repository/org/junit/jupiter/junit-jupiter-params/5.8.2/junit-jupiter-params-5.8.2.jar:/home/runner/.m2/repository/org/junit/jupiter/junit-jupiter-migrationsupport/5.8.2/junit-jupiter-migrationsupport-5.8.2.jar:/home/runner/.m2/repository/org/junit/jupiter/junit-jupiter-engine/5.8.2/junit-jupiter-engine-5.8.2.jar:/home/runner/.m2/repository/org/junit/platform/junit-platform-engine/1.8.2/junit-platform-engine-1.8.2.jar:/home/runner/.m2/repository/org/junit/vintage/junit-vintage-engine/5.8.2/junit-vintage-engine-5.8.2.jar:/home/runner/.m2/repository/org/junit/platform/junit-platform-launcher/1.8.2/junit-platform-launcher-1.8.2.jar:/home/runner/.m2/repository/org/mockito/mockito-core/2.28.2/mockito-core-2.28.2.jar:/home/runner/.m2/repository/net/bytebuddy/byte-buddy/1.9.10/byte-buddy-1.9.10.jar:/home/runner/.m2/repository/net/bytebuddy/byte-buddy-agent/1.9.10/byte-buddy-agent-1.9.10.jar:/home/runner/.m2/repository/org/objenesis/objenesis/1.0/objenesis-1.0.jar:/home/runner/.m2/repository/org/apache/hadoop/hadoop-kms/3.3.1/hadoop-kms-3.3.1.jar:/home/runner/.m2/repository/org/apache/hadoop/hadoop-auth/3.3.1/hadoop-auth-3.3.1.jar:/home/runner/.m2/repository/com/nimbusds/nimbus-jose-jwt/7.9/nimbus-jose-jwt-7.9.jar:/home/runner/.m2/repository/com/github/stephenc/jcip/jcip-annotations/1.0-1/jcip-annotations-1.0-1.jar:/home/runner/.m2/repository/net/minidev/json-smart/2.4.7/json-smart-2.4.7.jar:/home/runner/.m2/repository/net/minidev/accessors-smart/2.4.7/accessors-smart-2.4.7.jar:/home/runner/.m2/repository/org/ow2/asm/asm/5.0.4/asm-5.0.4.jar:/home/runner/.m2/repository/org/apache/zookeeper/zookeeper/3.5.6/zookeeper-3.5.6.jar:/home/runner/.m2/repository/org/apache/zookeeper/zookeeper-jute/3.5.6/zookeeper-jute-3.5.6.jar:/home/runner/.m2/repository/org/apache/yetus/audience-annotations/0.5.0/audience-annotations-0.5.0.jar:/home/runner/.m2/repository/org/apache/curator/curator-framework/4.2.0/curator-framework-4.2.0.jar:/home/runner/.m2/repository/org/apache/hadoop/thirdparty/hadoop-shaded-guava/1.1.1/hadoop-shaded-guava-1.1.1.jar:/home/runner/.m2/repository/com/sun/jersey/jersey-core/1.19/jersey-core-1.19.jar:/home/runner/.m2/repository/javax/ws/rs/jsr311-api/1.1.1/jsr311-api-1.1.1.jar:/home/runner/.m2/repository/com/sun/jersey/jersey-server/1.19/jersey-server-1.19.jar:/home/runner/.m2/repository/javax/servlet/javax.servlet-api/3.1.0/javax.servlet-api-3.1.0.jar:/home/runner/.m2/repository/org/eclipse/jetty/jetty-server/9.4.43.v20210629/jetty-server-9.4.43.v20210629.jar:/home/runner/.m2/repository/org/eclipse/jetty/jetty-http/9.4.43.v20210629/jetty-http-9.4.43.v20210629.jar:/home/runner/.m2/repository/org/eclipse/jetty/jetty-io/9.4.43.v20210629/jetty-io-9.4.43.v20210629.jar:/home/runner/.m2/repository/org/eclipse/jetty/jetty-webapp/9.4.43.v20210629/jetty-webapp-9.4.43.v20210629.jar:/home/runner/.m2/repository/org/eclipse/jetty/jetty-xml/9.4.43.v20210629/jetty-xml-9.4.43.v20210629.jar:/home/runner/.m2/repository/org/apache/hadoop/hadoop-common/3.3.1/hadoop-common-3.3.1.jar:/home/runner/.m2/repository/org/apache/commons/commons-math3/3.1.1/commons-math3-3.1.1.jar:/home/runner/.m2/repository/commons-net/commons-net/3.6/commons-net-3.6.jar:/home/runner/.m2/repository/com/sun/jersey/jersey-servlet/1.19/jersey-servlet-1.19.jar:/home/runner/.m2/repository/com/sun/jersey/jersey-json/1.19/jersey-json-1.19.jar:/home/runner/.m2/repository/org/codehaus/jettison/jettison/1.1/jettison-1.1.jar:/home/runner/.m2/repository/com/sun/xml/bind/jaxb-impl/2.2.3-1/jaxb-impl-2.2.3-1.jar:/home/runner/.m2/repository/org/codehaus/jackson/jackson-xc/1.9.2/jackson-xc-1.9.2.jar:/home/runner/.m2/repository/org/apache/commons/commons-configuration2/2.1.1/commons-configuration2-2.1.1.jar:/home/runner/.m2/repository/org/apache/commons/commons-text/1.4/commons-text-1.4.jar:/home/runner/.m2/repository/com/google/re2j/re2j/1.1/re2j-1.1.jar:/home/runner/.m2/repository/com/jcraft/jsch/0.1.54/jsch-0.1.54.jar:/home/runner/.m2/repository/org/apache/curator/curator-client/4.2.0/curator-client-4.2.0.jar:/home/runner/.m2/repository/org/apache/curator/curator-recipes/4.2.0/curator-recipes-4.2.0.jar:/home/runner/.m2/repository/org/apache/kerby/kerb-core/1.0.1/kerb-core-1.0.1.jar:/home/runner/.m2/repository/org/apache/kerby/kerby-pkix/1.0.1/kerby-pkix-1.0.1.jar:/home/runner/.m2/repository/org/apache/kerby/kerby-asn1/1.0.1/kerby-asn1-1.0.1.jar:/home/runner/.m2/repository/org/apache/kerby/kerby-util/1.0.1/kerby-util-1.0.1.jar:/home/runner/.m2/repository/dnsjava/dnsjava/2.1.7/dnsjava-2.1.7.jar:/home/runner/.m2/repository/org/xerial/snappy/snappy-java/1.1.8.2/snappy-java-1.1.8.2.jar:/home/runner/.m2/repository/org/slf4j/jul-to-slf4j/1.7.30/jul-to-slf4j-1.7.30.jar:/home/runner/.m2/repository/org/eclipse/jetty/jetty-util/9.4.43.v20210629/jetty-util-9.4.43.v20210629.jar:/home/runner/.m2/repository/com/fasterxml/jackson/core/jackson-databind/2.13.2.2/jackson-databind-2.13.2.2.jar:/home/runner/.m2/repository/org/apache/hadoop/hadoop-kms/3.3.1/hadoop-kms-3.3.1-tests.jar:/home/runner/.m2/repository/org/apache/ozone/hdds-server-scm/1.3.0-SNAPSHOT/hdds-server-scm-1.3.0-SNAPSHOT-tests.jar:/home/runner/.m2/repository/org/apache/ozone/hdds-container-service/1.3.0-SNAPSHOT/hdds-container-service-1.3.0-SNAPSHOT-tests.jar:/home/runner/.m2/repository/commons-codec/commons-codec/1.11/commons-codec-1.11.jar:/home/runner/.m2/repository/io/netty/netty-codec/4.1.74.Final/netty-codec-4.1.74.Final.jar:/home/runner/.m2/repository/io/netty/netty-handler/4.1.74.Final/netty-handler-4.1.74.Final.jar:/home/runner/.m2/repository/org/apache/ozone/hdds-hadoop-dependency-test/1.3.0-SNAPSHOT/hdds-hadoop-dependency-test-1.3.0-SNAPSHOT.jar:/home/runner/.m2/repository/org/apache/hadoop/hadoop-common/3.3.1/hadoop-common-3.3.1-tests.jar:/home/runner/.m2/repository/org/assertj/assertj-core/3.12.2/assertj-core-3.12.2.jar:/home/runner/.m2/repository/org/apache/hadoop/hadoop-hdfs/3.3.1/hadoop-hdfs-3.3.1-tests.jar:/home/runner/.m2/repository/org/eclipse/jetty/jetty-util-ajax/9.4.43.v20210629/jetty-util-ajax-9.4.43.v20210629.jar:/home/runner/.m2/repository/commons-daemon/commons-daemon/1.0.13/commons-daemon-1.0.13.jar:/home/runner/.m2/repository/io/netty/netty/3.10.6.Final/netty-3.10.6.Final.jar:/home/runner/.m2/repository/io/netty/netty-all/4.1.74.Final/netty-all-4.1.74.Final.jar:/home/runner/.m2/repository/io/netty/netty-codec-dns/4.1.74.Final/netty-codec-dns-4.1.74.Final.jar:/home/runner/.m2/repository/io/netty/netty-codec-haproxy/4.1.74.Final/netty-codec-haproxy-4.1.74.Final.jar:/home/runner/.m2/repository/io/netty/netty-codec-memcache/4.1.74.Final/netty-codec-memcache-4.1.74.Final.jar:/home/runner/.m2/repository/io/netty/netty-codec-mqtt/4.1.74.Final/netty-codec-mqtt-4.1.74.Final.jar:/home/runner/.m2/repository/io/netty/netty-codec-redis/4.1.74.Final/netty-codec-redis-4.1.74.Final.jar:/home/runner/.m2/repository/io/netty/netty-codec-smtp/4.1.74.Final/netty-codec-smtp-4.1.74.Final.jar:/home/runner/.m2/repository/io/netty/netty-codec-stomp/4.1.74.Final/netty-codec-stomp-4.1.74.Final.jar:/home/runner/.m2/repository/io/netty/netty-codec-xml/4.1.74.Final/netty-codec-xml-4.1.74.Final.jar:/home/runner/.m2/repository/io/netty/netty-resolver-dns/4.1.74.Final/netty-resolver-dns-4.1.74.Final.jar:/home/runner/.m2/repository/io/netty/netty-transport-rxtx/4.1.74.Final/netty-transport-rxtx-4.1.74.Final.jar:/home/runner/.m2/repository/io/netty/netty-transport-sctp/4.1.74.Final/netty-transport-sctp-4.1.74.Final.jar:/home/runner/.m2/repository/io/netty/netty-transport-udt/4.1.74.Final/netty-transport-udt-4.1.74.Final.jar:/home/runner/.m2/repository/io/netty/netty-transport-classes-kqueue/4.1.74.Final/netty-transport-classes-kqueue-4.1.74.Final.jar:/home/runner/.m2/repository/io/netty/netty-resolver-dns-classes-macos/4.1.74.Final/netty-resolver-dns-classes-macos-4.1.74.Final.jar:/home/runner/.m2/repository/io/netty/netty-transport-native-epoll/4.1.74.Final/netty-transport-native-epoll-4.1.74.Final-linux-aarch_64.jar:/home/runner/.m2/repository/io/netty/netty-transport-native-kqueue/4.1.74.Final/netty-transport-native-kqueue-4.1.74.Final-osx-x86_64.jar:/home/runner/.m2/repository/io/netty/netty-transport-native-kqueue/4.1.74.Final/netty-transport-native-kqueue-4.1.74.Final-osx-aarch_64.jar:/home/runner/.m2/repository/io/netty/netty-resolver-dns-native-macos/4.1.74.Final/netty-resolver-dns-native-macos-4.1.74.Final-osx-x86_64.jar:/home/runner/.m2/repository/io/netty/netty-resolver-dns-native-macos/4.1.74.Final/netty-resolver-dns-native-macos-4.1.74.Final-osx-aarch_64.jar:/home/runner/.m2/repository/org/apache/htrace/htrace-core4/4.1.0-incubating/htrace-core4-4.1.0-incubating.jar:/home/runner/.m2/repository/org/fusesource/leveldbjni/leveldbjni-all/1.8/leveldbjni-all-1.8.jar:/home/runner/.m2/repository/org/apache/hadoop/hadoop-distcp/3.3.1/hadoop-distcp-3.3.1.jar:/home/runner/.m2/repository/org/apache/hadoop/hadoop-mapreduce-client-jobclient/3.3.1/hadoop-mapreduce-client-jobclient-3.3.1.jar:/home/runner/.m2/repository/org/apache/hadoop/hadoop-mapreduce-client-common/3.3.1/hadoop-mapreduce-client-common-3.3.1.jar:/home/runner/.m2/repository/org/apache/hadoop/hadoop-yarn-common/3.3.1/hadoop-yarn-common-3.3.1.jar:/home/runner/.m2/repository/org/apache/hadoop/hadoop-yarn-api/3.3.1/hadoop-yarn-api-3.3.1.jar:/home/runner/.m2/repository/com/sun/jersey/contribs/jersey-guice/1.19/jersey-guice-1.19.jar:/home/runner/.m2/repository/com/fasterxml/jackson/jaxrs/jackson-jaxrs-json-provider/2.13.2/jackson-jaxrs-json-provider-2.13.2.jar:/home/runner/.m2/repository/com/fasterxml/jackson/jaxrs/jackson-jaxrs-base/2.13.2/jackson-jaxrs-base-2.13.2.jar:/home/runner/.m2/repository/org/apache/hadoop/hadoop-yarn-client/3.3.1/hadoop-yarn-client-3.3.1.jar:/home/runner/.m2/repository/org/eclipse/jetty/websocket/websocket-client/9.4.40.v20210413/websocket-client-9.4.40.v20210413.jar:/home/runner/.m2/repository/org/eclipse/jetty/websocket/websocket-common/9.4.40.v20210413/websocket-common-9.4.40.v20210413.jar:/home/runner/.m2/repository/org/eclipse/jetty/websocket/websocket-api/9.4.40.v20210413/websocket-api-9.4.40.v20210413.jar:/home/runner/.m2/repository/org/jline/jline/3.9.0/jline-3.9.0.jar:/home/runner/.m2/repository/org/apache/hadoop/hadoop-mapreduce-client-core/3.3.1/hadoop-mapreduce-client-core-3.3.1.jar:/home/runner/.m2/repository/org/apache/avro/avro/1.7.7/avro-1.7.7.jar:/home/runner/.m2/repository/org/codehaus/jackson/jackson-core-asl/1.9.13/jackson-core-asl-1.9.13.jar:/home/runner/.m2/repository/org/codehaus/jackson/jackson-mapper-asl/1.9.13/jackson-mapper-asl-1.9.13.jar:/home/runner/.m2/repository/com/thoughtworks/paranamer/paranamer/2.3/paranamer-2.3.jar:/home/runner/.m2/repository/org/apache/hadoop/hadoop-annotations/3.3.1/hadoop-annotations-3.3.1.jar:/usr/lib/jvm/temurin-8-jdk-amd64/jre/../lib/tools.jar:/home/runner/.m2/repository/org/apache/hadoop/hadoop-distcp/3.3.1/hadoop-distcp-3.3.1-tests.jar:/home/runner/.m2/repository/org/apache/ratis/ratis-common/2.3.0/ratis-common-2.3.0.jar:/home/runner/.m2/repository/org/apache/ratis/ratis-thirdparty-misc/1.0.0/ratis-thirdparty-misc-1.0.0.jar:/home/runner/.m2/repository/org/apache/ratis/ratis-proto/2.3.0/ratis-proto-2.3.0.jar:/home/runner/.m2/repository/org/apache/ozone/ozone-annotation-processing/1.3.0-SNAPSHOT/ozone-annotation-processing-1.3.0-SNAPSHOT.jar:"/>
    <property name="java.vm.vendor" value="Temurin"/>
    <property name="sun.arch.data.model" value="64"/>
    <property name="test.build.dir" value="/home/runner/work/ozone/ozone/hadoop-ozone/integration-test/target/test-dir"/>
    <property name="test.cache.data" value=""/>
    <property name="java.vendor.url" value="https://adoptium.net/"/>
    <property name="user.timezone" value="Etc/UTC"/>
    <property name="java.vm.specification.version" value="1.8"/>
    <property name="os.name" value="Linux"/>
    <property name="test.build.data" value="/home/runner/work/ozone/ozone/hadoop-ozone/integration-test/target/test-dir"/>
    <property name="sun.java.launcher" value="SUN_STANDARD"/>
    <property name="sun.boot.library.path" value="/usr/lib/jvm/temurin-8-jdk-amd64/jre/lib/amd64"/>
    <property name="sun.java.command" value="/home/runner/work/ozone/ozone/hadoop-ozone/integration-test/target/surefire/surefirebooter1124290252818657361.jar /home/runner/work/ozone/ozone/hadoop-ozone/integration-test/target/surefire 2022-07-19T01-03-31_689-jvmRun1 surefire1535946147054682041tmp surefire_22280680608418881485tmp"/>
    <property name="surefire.test.class.path" value="/home/runner/work/ozone/ozone/hadoop-ozone/integration-test/target/test-classes:/home/runner/work/ozone/ozone/hadoop-ozone/integration-test/target/classes:/home/runner/.m2/repository/org/apache/ozone/ozone-common/1.3.0-SNAPSHOT/ozone-common-1.3.0-SNAPSHOT.jar:/home/runner/.m2/repository/io/grpc/grpc-netty/1.44.0/grpc-netty-1.44.0.jar:/home/runner/.m2/repository/io/grpc/grpc-core/1.44.0/grpc-core-1.44.0.jar:/home/runner/.m2/repository/com/google/android/annotations/4.1.1.4/annotations-4.1.1.4.jar:/home/runner/.m2/repository/org/codehaus/mojo/animal-sniffer-annotations/1.19/animal-sniffer-annotations-1.19.jar:/home/runner/.m2/repository/com/google/errorprone/error_prone_annotations/2.2.0/error_prone_annotations-2.2.0.jar:/home/runner/.m2/repository/io/perfmark/perfmark-api/0.23.0/perfmark-api-0.23.0.jar:/home/runner/.m2/repository/io/netty/netty-codec-http2/4.1.74.Final/netty-codec-http2-4.1.74.Final.jar:/home/runner/.m2/repository/io/netty/netty-common/4.1.74.Final/netty-common-4.1.74.Final.jar:/home/runner/.m2/repository/io/netty/netty-buffer/4.1.74.Final/netty-buffer-4.1.74.Final.jar:/home/runner/.m2/repository/io/netty/netty-codec-http/4.1.74.Final/netty-codec-http-4.1.74.Final.jar:/home/runner/.m2/repository/io/netty/netty-handler-proxy/4.1.74.Final/netty-handler-proxy-4.1.74.Final.jar:/home/runner/.m2/repository/io/netty/netty-codec-socks/4.1.74.Final/netty-codec-socks-4.1.74.Final.jar:/home/runner/.m2/repository/io/netty/netty-tcnative-boringssl-static/2.0.48.Final/netty-tcnative-boringssl-static-2.0.48.Final.jar:/home/runner/.m2/repository/io/netty/netty-tcnative-classes/2.0.48.Final/netty-tcnative-classes-2.0.48.Final.jar:/home/runner/.m2/repository/io/netty/netty-tcnative/2.0.48.Final/netty-tcnative-2.0.48.Final.jar:/home/runner/.m2/repository/org/apache/commons/commons-compress/1.21/commons-compress-1.21.jar:/home/runner/.m2/repository/org/apache/ozone/hdds-common/1.3.0-SNAPSHOT/hdds-common-1.3.0-SNAPSHOT.jar:/home/runner/.m2/repository/org/apache/ozone/hdds-client/1.3.0-SNAPSHOT/hdds-client-1.3.0-SNAPSHOT.jar:/home/runner/.m2/repository/org/apache/ozone/ozone-interface-client/1.3.0-SNAPSHOT/ozone-interface-client-1.3.0-SNAPSHOT.jar:/home/runner/.m2/repository/org/apache/ozone/hdds-test-utils/1.3.0-SNAPSHOT/hdds-test-utils-1.3.0-SNAPSHOT.jar:/home/runner/.m2/repository/com/google/guava/guava/31.1-jre/guava-31.1-jre.jar:/home/runner/.m2/repository/com/google/guava/failureaccess/1.0.1/failureaccess-1.0.1.jar:/home/runner/.m2/repository/com/google/guava/listenablefuture/9999.0-empty-to-avoid-conflict-with-guava/listenablefuture-9999.0-empty-to-avoid-conflict-with-guava.jar:/home/runner/.m2/repository/com/google/code/findbugs/jsr305/3.0.0/jsr305-3.0.0.jar:/home/runner/.m2/repository/org/checkerframework/checker-qual/3.12.0/checker-qual-3.12.0.jar:/home/runner/.m2/repository/com/google/j2objc/j2objc-annotations/1.3/j2objc-annotations-1.3.jar:/home/runner/.m2/repository/commons-io/commons-io/2.11.0/commons-io-2.11.0.jar:/home/runner/.m2/repository/commons-logging/commons-logging/1.2/commons-logging-1.2.jar:/home/runner/.m2/repository/log4j/log4j/1.2.17/log4j-1.2.17.jar:/home/runner/.m2/repository/org/slf4j/slf4j-api/1.7.30/slf4j-api-1.7.30.jar:/home/runner/.m2/repository/org/apache/ozone/hdds-server-scm/1.3.0-SNAPSHOT/hdds-server-scm-1.3.0-SNAPSHOT.jar:/home/runner/.m2/repository/org/apache/ozone/hdds-container-service/1.3.0-SNAPSHOT/hdds-container-service-1.3.0-SNAPSHOT.jar:/home/runner/.m2/repository/org/apache/ozone/hdds-hadoop-dependency-server/1.3.0-SNAPSHOT/hdds-hadoop-dependency-server-1.3.0-SNAPSHOT.jar:/home/runner/.m2/repository/org/apache/hadoop/hadoop-hdfs/3.3.1/hadoop-hdfs-3.3.1.jar:/home/runner/.m2/repository/org/apache/ozone/hdds-server-framework/1.3.0-SNAPSHOT/hdds-server-framework-1.3.0-SNAPSHOT.jar:/home/runner/.m2/repository/org/apache/ozone/hdds-interface-server/1.3.0-SNAPSHOT/hdds-interface-server-1.3.0-SNAPSHOT.jar:/home/runner/.m2/repository/org/apache/logging/log4j/log4j-core/2.17.1/log4j-core-2.17.1.jar:/home/runner/.m2/repository/com/lmax/disruptor/3.4.2/disruptor-3.4.2.jar:/home/runner/.m2/repository/org/eclipse/jetty/jetty-servlet/9.4.43.v20210629/jetty-servlet-9.4.43.v20210629.jar:/home/runner/.m2/repository/org/eclipse/jetty/jetty-security/9.4.43.v20210629/jetty-security-9.4.43.v20210629.jar:/home/runner/.m2/repository/org/rocksdb/rocksdbjni/6.29.5/rocksdbjni-6.29.5.jar:/home/runner/.m2/repository/io/prometheus/simpleclient_dropwizard/0.7.0/simpleclient_dropwizard-0.7.0.jar:/home/runner/.m2/repository/io/prometheus/simpleclient/0.7.0/simpleclient-0.7.0.jar:/home/runner/.m2/repository/io/prometheus/simpleclient_common/0.7.0/simpleclient_common-0.7.0.jar:/home/runner/.m2/repository/io/dropwizard/metrics/metrics-core/3.2.4/metrics-core-3.2.4.jar:/home/runner/.m2/repository/org/apache/hadoop/hadoop-hdfs-client/3.3.1/hadoop-hdfs-client-3.3.1.jar:/home/runner/.m2/repository/org/bouncycastle/bcprov-jdk15on/1.67/bcprov-jdk15on-1.67.jar:/home/runner/.m2/repository/com/google/protobuf/protobuf-java/2.5.0/protobuf-java-2.5.0.jar:/home/runner/.m2/repository/org/apache/ozone/ozone-manager/1.3.0-SNAPSHOT/ozone-manager-1.3.0-SNAPSHOT.jar:/home/runner/.m2/repository/org/aspectj/aspectjrt/1.9.7/aspectjrt-1.9.7.jar:/home/runner/.m2/repository/org/aspectj/aspectjweaver/1.9.7/aspectjweaver-1.9.7.jar:/home/runner/.m2/repository/org/apache/ozone/hdds-interface-client/1.3.0-SNAPSHOT/hdds-interface-client-1.3.0-SNAPSHOT.jar:/home/runner/.m2/repository/org/apache/hadoop/thirdparty/hadoop-shaded-protobuf_3_7/1.1.1/hadoop-shaded-protobuf_3_7-1.1.1.jar:/home/runner/.m2/repository/org/apache/ozone/ozone-interface-storage/1.3.0-SNAPSHOT/ozone-interface-storage-1.3.0-SNAPSHOT.jar:/home/runner/.m2/repository/org/reflections/reflections/0.9.11/reflections-0.9.11.jar:/home/runner/.m2/repository/com/sun/jersey/jersey-client/1.19/jersey-client-1.19.jar:/home/runner/.m2/repository/org/apache/ranger/ranger-intg/3.0.0-SNAPSHOT/ranger-intg-3.0.0-SNAPSHOT.jar:/home/runner/.m2/repository/org/apache/ranger/ranger-plugins-common/3.0.0-SNAPSHOT/ranger-plugins-common-3.0.0-SNAPSHOT.jar:/home/runner/.m2/repository/commons-lang/commons-lang/2.6/commons-lang-2.6.jar:/home/runner/.m2/repository/org/codehaus/jackson/jackson-jaxrs/1.9.13/jackson-jaxrs-1.9.13.jar:/home/runner/.m2/repository/org/apache/ranger/ranger-plugins-cred/3.0.0-SNAPSHOT/ranger-plugins-cred-3.0.0-SNAPSHOT.jar:/home/runner/.m2/repository/org/apache/ranger/ranger-plugins-audit/3.0.0-SNAPSHOT/ranger-plugins-audit-3.0.0-SNAPSHOT.jar:/home/runner/.m2/repository/org/apache/kafka/kafka-clients/2.8.1/kafka-clients-2.8.1.jar:/home/runner/.m2/repository/com/github/luben/zstd-jni/1.4.9-1/zstd-jni-1.4.9-1.jar:/home/runner/.m2/repository/org/apache/solr/solr-solrj/8.11.2/solr-solrj-8.11.2.jar:/home/runner/.m2/repository/org/eclipse/jetty/jetty-client/9.4.44.v20210927/jetty-client-9.4.44.v20210927.jar:/home/runner/.m2/repository/org/apache/httpcomponents/httpmime/4.5.13/httpmime-4.5.13.jar:/home/runner/.m2/repository/org/apache/httpcomponents/httpcore-nio/4.4.14/httpcore-nio-4.4.14.jar:/home/runner/.m2/repository/org/apache/httpcomponents/httpasyncclient/4.1.4/httpasyncclient-4.1.4.jar:/home/runner/.m2/repository/com/carrotsearch/hppc/0.8.0/hppc-0.8.0.jar:/home/runner/.m2/repository/org/apache/hive/hive-storage-api/2.7.2/hive-storage-api-2.7.2.jar:/home/runner/.m2/repository/org/apache/orc/orc-core/1.5.8/orc-core-1.5.8.jar:/home/runner/.m2/repository/com/amazonaws/aws-java-sdk-bundle/1.12.125/aws-java-sdk-bundle-1.12.125.jar:/home/runner/.m2/repository/net/java/dev/jna/jna/5.2.0/jna-5.2.0.jar:/home/runner/.m2/repository/net/java/dev/jna/jna-platform/5.2.0/jna-platform-5.2.0.jar:/home/runner/.m2/repository/com/kstruct/gethostname4j/0.0.2/gethostname4j-0.0.2.jar:/home/runner/.m2/repository/org/apache/ranger/ranger-plugin-classloader/3.0.0-SNAPSHOT/ranger-plugin-classloader-3.0.0-SNAPSHOT.jar:/home/runner/.m2/repository/org/apache/hadoop/hadoop-minikdc/3.3.1/hadoop-minikdc-3.3.1.jar:/home/runner/.m2/repository/org/apache/kerby/kerb-simplekdc/1.0.1/kerb-simplekdc-1.0.1.jar:/home/runner/.m2/repository/org/apache/kerby/kerb-client/1.0.1/kerb-client-1.0.1.jar:/home/runner/.m2/repository/org/apache/kerby/kerby-config/1.0.1/kerby-config-1.0.1.jar:/home/runner/.m2/repository/org/apache/kerby/kerb-common/1.0.1/kerb-common-1.0.1.jar:/home/runner/.m2/repository/org/apache/kerby/kerb-crypto/1.0.1/kerb-crypto-1.0.1.jar:/home/runner/.m2/repository/org/apache/kerby/kerb-util/1.0.1/kerb-util-1.0.1.jar:/home/runner/.m2/repository/org/apache/kerby/token-provider/1.0.1/token-provider-1.0.1.jar:/home/runner/.m2/repository/org/apache/kerby/kerb-admin/1.0.1/kerb-admin-1.0.1.jar:/home/runner/.m2/repository/org/apache/kerby/kerb-server/1.0.1/kerb-server-1.0.1.jar:/home/runner/.m2/repository/org/apache/kerby/kerb-identity/1.0.1/kerb-identity-1.0.1.jar:/home/runner/.m2/repository/org/apache/kerby/kerby-xdr/1.0.1/kerby-xdr-1.0.1.jar:/home/runner/.m2/repository/org/slf4j/slf4j-log4j12/1.7.30/slf4j-log4j12-1.7.30.jar:/home/runner/.m2/repository/org/apache/ozone/ozone-s3gateway/1.3.0-SNAPSHOT/ozone-s3gateway-1.3.0-SNAPSHOT.jar:/home/runner/.m2/repository/org/javassist/javassist/3.21.0-GA/javassist-3.21.0-GA.jar:/home/runner/.m2/repository/org/jboss/weld/servlet/weld-servlet/2.4.7.Final/weld-servlet-2.4.7.Final.jar:/home/runner/.m2/repository/org/glassfish/jersey/containers/jersey-container-servlet-core/2.33/jersey-container-servlet-core-2.33.jar:/home/runner/.m2/repository/org/glassfish/hk2/external/jakarta.inject/2.6.1/jakarta.inject-2.6.1.jar:/home/runner/.m2/repository/org/glassfish/jersey/core/jersey-common/2.33/jersey-common-2.33.jar:/home/runner/.m2/repository/jakarta/ws/rs/jakarta.ws.rs-api/2.1.6/jakarta.ws.rs-api-2.1.6.jar:/home/runner/.m2/repository/org/glassfish/jersey/ext/cdi/jersey-cdi1x/2.33/jersey-cdi1x-2.33.jar:/home/runner/.m2/repository/org/glassfish/jersey/inject/jersey-hk2/2.33/jersey-hk2-2.33.jar:/home/runner/.m2/repository/org/glassfish/hk2/hk2-locator/2.6.1/hk2-locator-2.6.1.jar:/home/runner/.m2/repository/org/glassfish/jersey/media/jersey-media-jaxb/2.33/jersey-media-jaxb-2.33.jar:/home/runner/.m2/repository/org/glassfish/hk2/osgi-resource-locator/1.0.3/osgi-resource-locator-1.0.3.jar:/home/runner/.m2/repository/org/glassfish/hk2/hk2-api/2.5.0/hk2-api-2.5.0.jar:/home/runner/.m2/repository/org/glassfish/hk2/hk2-utils/2.5.0/hk2-utils-2.5.0.jar:/home/runner/.m2/repository/org/glassfish/hk2/external/aopalliance-repackaged/2.5.0/aopalliance-repackaged-2.5.0.jar:/home/runner/.m2/repository/com/fasterxml/jackson/dataformat/jackson-dataformat-xml/2.13.2/jackson-dataformat-xml-2.13.2.jar:/home/runner/.m2/repository/com/fasterxml/jackson/core/jackson-core/2.13.2/jackson-core-2.13.2.jar:/home/runner/.m2/repository/org/codehaus/woodstox/stax2-api/3.1.4/stax2-api-3.1.4.jar:/home/runner/.m2/repository/com/fasterxml/woodstox/woodstox-core/5.0.3/woodstox-core-5.0.3.jar:/home/runner/.m2/repository/com/fasterxml/jackson/module/jackson-module-jaxb-annotations/2.13.2/jackson-module-jaxb-annotations-2.13.2.jar:/home/runner/.m2/repository/jakarta/xml/bind/jakarta.xml.bind-api/2.3.3/jakarta.xml.bind-api-2.3.3.jar:/home/runner/.m2/repository/jakarta/activation/jakarta.activation-api/1.2.1/jakarta.activation-api-1.2.1.jar:/home/runner/.m2/repository/javax/enterprise/cdi-api/1.2/cdi-api-1.2.jar:/home/runner/.m2/repository/javax/el/javax.el-api/3.0.0/javax.el-api-3.0.0.jar:/home/runner/.m2/repository/javax/interceptor/javax.interceptor-api/1.2/javax.interceptor-api-1.2.jar:/home/runner/.m2/repository/javax/inject/javax.inject/1/javax.inject-1.jar:/home/runner/.m2/repository/javax/xml/bind/jaxb-api/2.3.0/jaxb-api-2.3.0.jar:/home/runner/.m2/repository/org/glassfish/jaxb/jaxb-runtime/2.3.0.1/jaxb-runtime-2.3.0.1.jar:/home/runner/.m2/repository/org/glassfish/jaxb/jaxb-core/2.3.0.1/jaxb-core-2.3.0.1.jar:/home/runner/.m2/repository/org/glassfish/jaxb/txw2/2.3.0.1/txw2-2.3.0.1.jar:/home/runner/.m2/repository/com/sun/istack/istack-commons-runtime/3.0.5/istack-commons-runtime-3.0.5.jar:/home/runner/.m2/repository/org/jvnet/staxex/stax-ex/1.7.8/stax-ex-1.7.8.jar:/home/runner/.m2/repository/com/sun/xml/fastinfoset/FastInfoset/1.2.13/FastInfoset-1.2.13.jar:/home/runner/.m2/repository/javax/activation/activation/1.1.1/activation-1.1.1.jar:/home/runner/.m2/repository/io/grpc/grpc-protobuf/1.44.0/grpc-protobuf-1.44.0.jar:/home/runner/.m2/repository/io/grpc/grpc-api/1.44.0/grpc-api-1.44.0.jar:/home/runner/.m2/repository/io/grpc/grpc-context/1.44.0/grpc-context-1.44.0.jar:/home/runner/.m2/repository/com/google/api/grpc/proto-google-common-protos/2.0.1/proto-google-common-protos-2.0.1.jar:/home/runner/.m2/repository/io/grpc/grpc-protobuf-lite/1.44.0/grpc-protobuf-lite-1.44.0.jar:/home/runner/.m2/repository/io/grpc/grpc-stub/1.44.0/grpc-stub-1.44.0.jar:/home/runner/.m2/repository/io/netty/netty-transport/4.1.74.Final/netty-transport-4.1.74.Final.jar:/home/runner/.m2/repository/io/netty/netty-resolver/4.1.74.Final/netty-resolver-4.1.74.Final.jar:/home/runner/.m2/repository/org/apache/ozone/ozone-csi/1.3.0-SNAPSHOT/ozone-csi-1.3.0-SNAPSHOT.jar:/home/runner/.m2/repository/com/google/protobuf/protobuf-java-util/3.19.2/protobuf-java-util-3.19.2.jar:/home/runner/.m2/repository/com/google/code/gson/gson/2.9.0/gson-2.9.0.jar:/home/runner/.m2/repository/org/apache/ozone/hdds-config/1.3.0-SNAPSHOT/hdds-config-1.3.0-SNAPSHOT.jar:/home/runner/.m2/repository/io/netty/netty-transport-native-epoll/4.1.74.Final/netty-transport-native-epoll-4.1.74.Final-linux-x86_64.jar:/home/runner/.m2/repository/io/netty/netty-transport-classes-epoll/4.1.74.Final/netty-transport-classes-epoll-4.1.74.Final.jar:/home/runner/.m2/repository/io/netty/netty-transport-native-unix-common/4.1.74.Final/netty-transport-native-unix-common-4.1.74.Final.jar:/home/runner/.m2/repository/org/apache/ozone/ozone-recon/1.3.0-SNAPSHOT/ozone-recon-1.3.0-SNAPSHOT.jar:/home/runner/.m2/repository/org/apache/ozone/ozone-reconcodegen/1.3.0-SNAPSHOT/ozone-reconcodegen-1.3.0-SNAPSHOT.jar:/home/runner/.m2/repository/com/google/inject/extensions/guice-multibindings/4.0/guice-multibindings-4.0.jar:/home/runner/.m2/repository/com/google/inject/guice/4.0/guice-4.0.jar:/home/runner/.m2/repository/aopalliance/aopalliance/1.0/aopalliance-1.0.jar:/home/runner/.m2/repository/com/google/inject/extensions/guice-assistedinject/4.0/guice-assistedinject-4.0.jar:/home/runner/.m2/repository/com/google/inject/extensions/guice-servlet/4.0/guice-servlet-4.0.jar:/home/runner/.m2/repository/org/glassfish/jersey/containers/jersey-container-servlet/2.33/jersey-container-servlet-2.33.jar:/home/runner/.m2/repository/org/glassfish/hk2/guice-bridge/2.5.0/guice-bridge-2.5.0.jar:/home/runner/.m2/repository/org/glassfish/jersey/core/jersey-server/2.33/jersey-server-2.33.jar:/home/runner/.m2/repository/org/glassfish/jersey/core/jersey-client/2.33/jersey-client-2.33.jar:/home/runner/.m2/repository/jakarta/annotation/jakarta.annotation-api/1.3.5/jakarta.annotation-api-1.3.5.jar:/home/runner/.m2/repository/jakarta/validation/jakarta.validation-api/2.0.2/jakarta.validation-api-2.0.2.jar:/home/runner/.m2/repository/org/glassfish/jersey/media/jersey-media-json-jackson/2.33/jersey-media-json-jackson-2.33.jar:/home/runner/.m2/repository/org/glassfish/jersey/ext/jersey-entity-filtering/2.33/jersey-entity-filtering-2.33.jar:/home/runner/.m2/repository/org/jooq/jooq/3.11.10/jooq-3.11.10.jar:/home/runner/.m2/repository/org/jooq/jooq-meta/3.11.10/jooq-meta-3.11.10.jar:/home/runner/.m2/repository/org/jooq/jooq-codegen/3.11.10/jooq-codegen-3.11.10.jar:/home/runner/.m2/repository/com/jolbox/bonecp/0.8.0.RELEASE/bonecp-0.8.0.RELEASE.jar:/home/runner/.m2/repository/org/apache/derby/derby/10.14.2.0/derby-10.14.2.0.jar:/home/runner/.m2/repository/org/xerial/sqlite-jdbc/3.25.2/sqlite-jdbc-3.25.2.jar:/home/runner/.m2/repository/org/springframework/spring-jdbc/5.2.20.RELEASE/spring-jdbc-5.2.20.RELEASE.jar:/home/runner/.m2/repository/org/springframework/spring-beans/5.2.20.RELEASE/spring-beans-5.2.20.RELEASE.jar:/home/runner/.m2/repository/org/springframework/spring-core/5.2.20.RELEASE/spring-core-5.2.20.RELEASE.jar:/home/runner/.m2/repository/org/springframework/spring-jcl/5.2.20.RELEASE/spring-jcl-5.2.20.RELEASE.jar:/home/runner/.m2/repository/org/springframework/spring-tx/5.2.20.RELEASE/spring-tx-5.2.20.RELEASE.jar:/home/runner/.m2/repository/org/apache/ozone/ozone-client/1.3.0-SNAPSHOT/ozone-client-1.3.0-SNAPSHOT.jar:/home/runner/.m2/repository/org/apache/ozone/hdds-erasurecode/1.3.0-SNAPSHOT/hdds-erasurecode-1.3.0-SNAPSHOT.jar:/home/runner/.m2/repository/com/github/spotbugs/spotbugs-annotations/3.1.12/spotbugs-annotations-3.1.12.jar:/home/runner/.m2/repository/org/apache/ozone/ozone-filesystem/1.3.0-SNAPSHOT/ozone-filesystem-1.3.0-SNAPSHOT.jar:/home/runner/.m2/repository/org/apache/ozone/ozone-filesystem-common/1.3.0-SNAPSHOT/ozone-filesystem-common-1.3.0-SNAPSHOT.jar:/home/runner/.m2/repository/org/apache/ozone/ozone-tools/1.3.0-SNAPSHOT/ozone-tools-1.3.0-SNAPSHOT.jar:/home/runner/.m2/repository/org/apache/ratis/ratis-tools/2.3.0/ratis-tools-2.3.0.jar:/home/runner/.m2/repository/com/amazonaws/aws-java-sdk-core/1.12.261/aws-java-sdk-core-1.12.261.jar:/home/runner/.m2/repository/org/apache/httpcomponents/httpclient/4.5.13/httpclient-4.5.13.jar:/home/runner/.m2/repository/org/apache/httpcomponents/httpcore/4.4.13/httpcore-4.4.13.jar:/home/runner/.m2/repository/software/amazon/ion/ion-java/1.0.2/ion-java-1.0.2.jar:/home/runner/.m2/repository/com/fasterxml/jackson/dataformat/jackson-dataformat-cbor/2.13.2/jackson-dataformat-cbor-2.13.2.jar:/home/runner/.m2/repository/joda-time/joda-time/2.8.1/joda-time-2.8.1.jar:/home/runner/.m2/repository/com/amazonaws/aws-java-sdk-s3/1.12.261/aws-java-sdk-s3-1.12.261.jar:/home/runner/.m2/repository/com/amazonaws/aws-java-sdk-kms/1.12.261/aws-java-sdk-kms-1.12.261.jar:/home/runner/.m2/repository/com/amazonaws/jmespath-java/1.12.261/jmespath-java-1.12.261.jar:/home/runner/.m2/repository/org/kohsuke/metainf-services/metainf-services/1.8/metainf-services-1.8.jar:/home/runner/.m2/repository/org/apache/ozone/hdds-tools/1.3.0-SNAPSHOT/hdds-tools-1.3.0-SNAPSHOT.jar:/home/runner/.m2/repository/commons-cli/commons-cli/1.2/commons-cli-1.2.jar:/home/runner/.m2/repository/org/apache/commons/commons-lang3/3.7/commons-lang3-3.7.jar:/home/runner/.m2/repository/org/apache/ozone/ozone-manager/1.3.0-SNAPSHOT/ozone-manager-1.3.0-SNAPSHOT-tests.jar:/home/runner/.m2/repository/org/apache/ozone/hdds-common/1.3.0-SNAPSHOT/hdds-common-1.3.0-SNAPSHOT-tests.jar:/home/runner/.m2/repository/org/apache/ozone/hdds-hadoop-dependency-client/1.3.0-SNAPSHOT/hdds-hadoop-dependency-client-1.3.0-SNAPSHOT.jar:/home/runner/.m2/repository/info/picocli/picocli/4.6.1/picocli-4.6.1.jar:/home/runner/.m2/repository/com/fasterxml/jackson/core/jackson-annotations/2.13.2/jackson-annotations-2.13.2.jar:/home/runner/.m2/repository/com/fasterxml/jackson/datatype/jackson-datatype-jsr310/2.13.2/jackson-datatype-jsr310-2.13.2.jar:/home/runner/.m2/repository/javax/annotation/javax.annotation-api/1.2/javax.annotation-api-1.2.jar:/home/runner/.m2/repository/org/apache/ratis/ratis-server/2.3.0/ratis-server-2.3.0.jar:/home/runner/.m2/repository/org/apache/ratis/ratis-client/2.3.0/ratis-client-2.3.0.jar:/home/runner/.m2/repository/org/apache/ratis/ratis-server-api/2.3.0/ratis-server-api-2.3.0.jar:/home/runner/.m2/repository/org/apache/ratis/ratis-metrics/2.3.0/ratis-metrics-2.3.0.jar:/home/runner/.m2/repository/org/apache/ratis/ratis-netty/2.3.0/ratis-netty-2.3.0.jar:/home/runner/.m2/repository/org/apache/ratis/ratis-grpc/2.3.0/ratis-grpc-2.3.0.jar:/home/runner/.m2/repository/org/apache/logging/log4j/log4j-api/2.17.1/log4j-api-2.17.1.jar:/home/runner/.m2/repository/org/apache/commons/commons-pool2/2.6.0/commons-pool2-2.6.0.jar:/home/runner/.m2/repository/org/bouncycastle/bcpkix-jdk15on/1.67/bcpkix-jdk15on-1.67.jar:/home/runner/.m2/repository/commons-validator/commons-validator/1.6/commons-validator-1.6.jar:/home/runner/.m2/repository/commons-beanutils/commons-beanutils/1.9.4/commons-beanutils-1.9.4.jar:/home/runner/.m2/repository/commons-digester/commons-digester/1.8.1/commons-digester-1.8.1.jar:/home/runner/.m2/repository/commons-collections/commons-collections/3.2.2/commons-collections-3.2.2.jar:/home/runner/.m2/repository/io/jaegertracing/jaeger-client/1.6.0/jaeger-client-1.6.0.jar:/home/runner/.m2/repository/io/jaegertracing/jaeger-thrift/1.6.0/jaeger-thrift-1.6.0.jar:/home/runner/.m2/repository/org/apache/thrift/libthrift/0.14.1/libthrift-0.14.1.jar:/home/runner/.m2/repository/com/squareup/okhttp3/okhttp/4.9.0/okhttp-4.9.0.jar:/home/runner/.m2/repository/com/squareup/okio/okio/2.8.0/okio-2.8.0.jar:/home/runner/.m2/repository/io/jaegertracing/jaeger-core/1.6.0/jaeger-core-1.6.0.jar:/home/runner/.m2/repository/io/jaegertracing/jaeger-tracerresolver/1.6.0/jaeger-tracerresolver-1.6.0.jar:/home/runner/.m2/repository/io/opentracing/contrib/opentracing-tracerresolver/0.1.8/opentracing-tracerresolver-0.1.8.jar:/home/runner/.m2/repository/org/jetbrains/kotlin/kotlin-stdlib/1.6.21/kotlin-stdlib-1.6.21.jar:/home/runner/.m2/repository/org/jetbrains/kotlin/kotlin-stdlib-common/1.6.21/kotlin-stdlib-common-1.6.21.jar:/home/runner/.m2/repository/org/jetbrains/annotations/13.0/annotations-13.0.jar:/home/runner/.m2/repository/io/opentracing/opentracing-util/0.33.0/opentracing-util-0.33.0.jar:/home/runner/.m2/repository/io/opentracing/opentracing-api/0.33.0/opentracing-api-0.33.0.jar:/home/runner/.m2/repository/io/opentracing/opentracing-noop/0.33.0/opentracing-noop-0.33.0.jar:/home/runner/.m2/repository/org/yaml/snakeyaml/1.26/snakeyaml-1.26.jar:/home/runner/.m2/repository/org/apache/ozone/hdds-interface-admin/1.3.0-SNAPSHOT/hdds-interface-admin-1.3.0-SNAPSHOT.jar:/home/runner/.m2/repository/junit/junit/4.13.1/junit-4.13.1.jar:/home/runner/.m2/repository/org/hamcrest/hamcrest-core/1.3/hamcrest-core-1.3.jar:/home/runner/.m2/repository/org/junit/jupiter/junit-jupiter-api/5.8.2/junit-jupiter-api-5.8.2.jar:/home/runner/.m2/repository/org/opentest4j/opentest4j/1.2.0/opentest4j-1.2.0.jar:/home/runner/.m2/repository/org/junit/platform/junit-platform-commons/1.8.2/junit-platform-commons-1.8.2.jar:/home/runner/.m2/repository/org/apiguardian/apiguardian-api/1.1.2/apiguardian-api-1.1.2.jar:/home/runner/.m2/repository/org/junit/jupiter/junit-jupiter-params/5.8.2/junit-jupiter-params-5.8.2.jar:/home/runner/.m2/repository/org/junit/jupiter/junit-jupiter-migrationsupport/5.8.2/junit-jupiter-migrationsupport-5.8.2.jar:/home/runner/.m2/repository/org/junit/jupiter/junit-jupiter-engine/5.8.2/junit-jupiter-engine-5.8.2.jar:/home/runner/.m2/repository/org/junit/platform/junit-platform-engine/1.8.2/junit-platform-engine-1.8.2.jar:/home/runner/.m2/repository/org/junit/vintage/junit-vintage-engine/5.8.2/junit-vintage-engine-5.8.2.jar:/home/runner/.m2/repository/org/junit/platform/junit-platform-launcher/1.8.2/junit-platform-launcher-1.8.2.jar:/home/runner/.m2/repository/org/mockito/mockito-core/2.28.2/mockito-core-2.28.2.jar:/home/runner/.m2/repository/net/bytebuddy/byte-buddy/1.9.10/byte-buddy-1.9.10.jar:/home/runner/.m2/repository/net/bytebuddy/byte-buddy-agent/1.9.10/byte-buddy-agent-1.9.10.jar:/home/runner/.m2/repository/org/objenesis/objenesis/1.0/objenesis-1.0.jar:/home/runner/.m2/repository/org/apache/hadoop/hadoop-kms/3.3.1/hadoop-kms-3.3.1.jar:/home/runner/.m2/repository/org/apache/hadoop/hadoop-auth/3.3.1/hadoop-auth-3.3.1.jar:/home/runner/.m2/repository/com/nimbusds/nimbus-jose-jwt/7.9/nimbus-jose-jwt-7.9.jar:/home/runner/.m2/repository/com/github/stephenc/jcip/jcip-annotations/1.0-1/jcip-annotations-1.0-1.jar:/home/runner/.m2/repository/net/minidev/json-smart/2.4.7/json-smart-2.4.7.jar:/home/runner/.m2/repository/net/minidev/accessors-smart/2.4.7/accessors-smart-2.4.7.jar:/home/runner/.m2/repository/org/ow2/asm/asm/5.0.4/asm-5.0.4.jar:/home/runner/.m2/repository/org/apache/zookeeper/zookeeper/3.5.6/zookeeper-3.5.6.jar:/home/runner/.m2/repository/org/apache/zookeeper/zookeeper-jute/3.5.6/zookeeper-jute-3.5.6.jar:/home/runner/.m2/repository/org/apache/yetus/audience-annotations/0.5.0/audience-annotations-0.5.0.jar:/home/runner/.m2/repository/org/apache/curator/curator-framework/4.2.0/curator-framework-4.2.0.jar:/home/runner/.m2/repository/org/apache/hadoop/thirdparty/hadoop-shaded-guava/1.1.1/hadoop-shaded-guava-1.1.1.jar:/home/runner/.m2/repository/com/sun/jersey/jersey-core/1.19/jersey-core-1.19.jar:/home/runner/.m2/repository/javax/ws/rs/jsr311-api/1.1.1/jsr311-api-1.1.1.jar:/home/runner/.m2/repository/com/sun/jersey/jersey-server/1.19/jersey-server-1.19.jar:/home/runner/.m2/repository/javax/servlet/javax.servlet-api/3.1.0/javax.servlet-api-3.1.0.jar:/home/runner/.m2/repository/org/eclipse/jetty/jetty-server/9.4.43.v20210629/jetty-server-9.4.43.v20210629.jar:/home/runner/.m2/repository/org/eclipse/jetty/jetty-http/9.4.43.v20210629/jetty-http-9.4.43.v20210629.jar:/home/runner/.m2/repository/org/eclipse/jetty/jetty-io/9.4.43.v20210629/jetty-io-9.4.43.v20210629.jar:/home/runner/.m2/repository/org/eclipse/jetty/jetty-webapp/9.4.43.v20210629/jetty-webapp-9.4.43.v20210629.jar:/home/runner/.m2/repository/org/eclipse/jetty/jetty-xml/9.4.43.v20210629/jetty-xml-9.4.43.v20210629.jar:/home/runner/.m2/repository/org/apache/hadoop/hadoop-common/3.3.1/hadoop-common-3.3.1.jar:/home/runner/.m2/repository/org/apache/commons/commons-math3/3.1.1/commons-math3-3.1.1.jar:/home/runner/.m2/repository/commons-net/commons-net/3.6/commons-net-3.6.jar:/home/runner/.m2/repository/com/sun/jersey/jersey-servlet/1.19/jersey-servlet-1.19.jar:/home/runner/.m2/repository/com/sun/jersey/jersey-json/1.19/jersey-json-1.19.jar:/home/runner/.m2/repository/org/codehaus/jettison/jettison/1.1/jettison-1.1.jar:/home/runner/.m2/repository/com/sun/xml/bind/jaxb-impl/2.2.3-1/jaxb-impl-2.2.3-1.jar:/home/runner/.m2/repository/org/codehaus/jackson/jackson-xc/1.9.2/jackson-xc-1.9.2.jar:/home/runner/.m2/repository/org/apache/commons/commons-configuration2/2.1.1/commons-configuration2-2.1.1.jar:/home/runner/.m2/repository/org/apache/commons/commons-text/1.4/commons-text-1.4.jar:/home/runner/.m2/repository/com/google/re2j/re2j/1.1/re2j-1.1.jar:/home/runner/.m2/repository/com/jcraft/jsch/0.1.54/jsch-0.1.54.jar:/home/runner/.m2/repository/org/apache/curator/curator-client/4.2.0/curator-client-4.2.0.jar:/home/runner/.m2/repository/org/apache/curator/curator-recipes/4.2.0/curator-recipes-4.2.0.jar:/home/runner/.m2/repository/org/apache/kerby/kerb-core/1.0.1/kerb-core-1.0.1.jar:/home/runner/.m2/repository/org/apache/kerby/kerby-pkix/1.0.1/kerby-pkix-1.0.1.jar:/home/runner/.m2/repository/org/apache/kerby/kerby-asn1/1.0.1/kerby-asn1-1.0.1.jar:/home/runner/.m2/repository/org/apache/kerby/kerby-util/1.0.1/kerby-util-1.0.1.jar:/home/runner/.m2/repository/dnsjava/dnsjava/2.1.7/dnsjava-2.1.7.jar:/home/runner/.m2/repository/org/xerial/snappy/snappy-java/1.1.8.2/snappy-java-1.1.8.2.jar:/home/runner/.m2/repository/org/slf4j/jul-to-slf4j/1.7.30/jul-to-slf4j-1.7.30.jar:/home/runner/.m2/repository/org/eclipse/jetty/jetty-util/9.4.43.v20210629/jetty-util-9.4.43.v20210629.jar:/home/runner/.m2/repository/com/fasterxml/jackson/core/jackson-databind/2.13.2.2/jackson-databind-2.13.2.2.jar:/home/runner/.m2/repository/org/apache/hadoop/hadoop-kms/3.3.1/hadoop-kms-3.3.1-tests.jar:/home/runner/.m2/repository/org/apache/ozone/hdds-server-scm/1.3.0-SNAPSHOT/hdds-server-scm-1.3.0-SNAPSHOT-tests.jar:/home/runner/.m2/repository/org/apache/ozone/hdds-container-service/1.3.0-SNAPSHOT/hdds-container-service-1.3.0-SNAPSHOT-tests.jar:/home/runner/.m2/repository/commons-codec/commons-codec/1.11/commons-codec-1.11.jar:/home/runner/.m2/repository/io/netty/netty-codec/4.1.74.Final/netty-codec-4.1.74.Final.jar:/home/runner/.m2/repository/io/netty/netty-handler/4.1.74.Final/netty-handler-4.1.74.Final.jar:/home/runner/.m2/repository/org/apache/ozone/hdds-hadoop-dependency-test/1.3.0-SNAPSHOT/hdds-hadoop-dependency-test-1.3.0-SNAPSHOT.jar:/home/runner/.m2/repository/org/apache/hadoop/hadoop-common/3.3.1/hadoop-common-3.3.1-tests.jar:/home/runner/.m2/repository/org/assertj/assertj-core/3.12.2/assertj-core-3.12.2.jar:/home/runner/.m2/repository/org/apache/hadoop/hadoop-hdfs/3.3.1/hadoop-hdfs-3.3.1-tests.jar:/home/runner/.m2/repository/org/eclipse/jetty/jetty-util-ajax/9.4.43.v20210629/jetty-util-ajax-9.4.43.v20210629.jar:/home/runner/.m2/repository/commons-daemon/commons-daemon/1.0.13/commons-daemon-1.0.13.jar:/home/runner/.m2/repository/io/netty/netty/3.10.6.Final/netty-3.10.6.Final.jar:/home/runner/.m2/repository/io/netty/netty-all/4.1.74.Final/netty-all-4.1.74.Final.jar:/home/runner/.m2/repository/io/netty/netty-codec-dns/4.1.74.Final/netty-codec-dns-4.1.74.Final.jar:/home/runner/.m2/repository/io/netty/netty-codec-haproxy/4.1.74.Final/netty-codec-haproxy-4.1.74.Final.jar:/home/runner/.m2/repository/io/netty/netty-codec-memcache/4.1.74.Final/netty-codec-memcache-4.1.74.Final.jar:/home/runner/.m2/repository/io/netty/netty-codec-mqtt/4.1.74.Final/netty-codec-mqtt-4.1.74.Final.jar:/home/runner/.m2/repository/io/netty/netty-codec-redis/4.1.74.Final/netty-codec-redis-4.1.74.Final.jar:/home/runner/.m2/repository/io/netty/netty-codec-smtp/4.1.74.Final/netty-codec-smtp-4.1.74.Final.jar:/home/runner/.m2/repository/io/netty/netty-codec-stomp/4.1.74.Final/netty-codec-stomp-4.1.74.Final.jar:/home/runner/.m2/repository/io/netty/netty-codec-xml/4.1.74.Final/netty-codec-xml-4.1.74.Final.jar:/home/runner/.m2/repository/io/netty/netty-resolver-dns/4.1.74.Final/netty-resolver-dns-4.1.74.Final.jar:/home/runner/.m2/repository/io/netty/netty-transport-rxtx/4.1.74.Final/netty-transport-rxtx-4.1.74.Final.jar:/home/runner/.m2/repository/io/netty/netty-transport-sctp/4.1.74.Final/netty-transport-sctp-4.1.74.Final.jar:/home/runner/.m2/repository/io/netty/netty-transport-udt/4.1.74.Final/netty-transport-udt-4.1.74.Final.jar:/home/runner/.m2/repository/io/netty/netty-transport-classes-kqueue/4.1.74.Final/netty-transport-classes-kqueue-4.1.74.Final.jar:/home/runner/.m2/repository/io/netty/netty-resolver-dns-classes-macos/4.1.74.Final/netty-resolver-dns-classes-macos-4.1.74.Final.jar:/home/runner/.m2/repository/io/netty/netty-transport-native-epoll/4.1.74.Final/netty-transport-native-epoll-4.1.74.Final-linux-aarch_64.jar:/home/runner/.m2/repository/io/netty/netty-transport-native-kqueue/4.1.74.Final/netty-transport-native-kqueue-4.1.74.Final-osx-x86_64.jar:/home/runner/.m2/repository/io/netty/netty-transport-native-kqueue/4.1.74.Final/netty-transport-native-kqueue-4.1.74.Final-osx-aarch_64.jar:/home/runner/.m2/repository/io/netty/netty-resolver-dns-native-macos/4.1.74.Final/netty-resolver-dns-native-macos-4.1.74.Final-osx-x86_64.jar:/home/runner/.m2/repository/io/netty/netty-resolver-dns-native-macos/4.1.74.Final/netty-resolver-dns-native-macos-4.1.74.Final-osx-aarch_64.jar:/home/runner/.m2/repository/org/apache/htrace/htrace-core4/4.1.0-incubating/htrace-core4-4.1.0-incubating.jar:/home/runner/.m2/repository/org/fusesource/leveldbjni/leveldbjni-all/1.8/leveldbjni-all-1.8.jar:/home/runner/.m2/repository/org/apache/hadoop/hadoop-distcp/3.3.1/hadoop-distcp-3.3.1.jar:/home/runner/.m2/repository/org/apache/hadoop/hadoop-mapreduce-client-jobclient/3.3.1/hadoop-mapreduce-client-jobclient-3.3.1.jar:/home/runner/.m2/repository/org/apache/hadoop/hadoop-mapreduce-client-common/3.3.1/hadoop-mapreduce-client-common-3.3.1.jar:/home/runner/.m2/repository/org/apache/hadoop/hadoop-yarn-common/3.3.1/hadoop-yarn-common-3.3.1.jar:/home/runner/.m2/repository/org/apache/hadoop/hadoop-yarn-api/3.3.1/hadoop-yarn-api-3.3.1.jar:/home/runner/.m2/repository/com/sun/jersey/contribs/jersey-guice/1.19/jersey-guice-1.19.jar:/home/runner/.m2/repository/com/fasterxml/jackson/jaxrs/jackson-jaxrs-json-provider/2.13.2/jackson-jaxrs-json-provider-2.13.2.jar:/home/runner/.m2/repository/com/fasterxml/jackson/jaxrs/jackson-jaxrs-base/2.13.2/jackson-jaxrs-base-2.13.2.jar:/home/runner/.m2/repository/org/apache/hadoop/hadoop-yarn-client/3.3.1/hadoop-yarn-client-3.3.1.jar:/home/runner/.m2/repository/org/eclipse/jetty/websocket/websocket-client/9.4.40.v20210413/websocket-client-9.4.40.v20210413.jar:/home/runner/.m2/repository/org/eclipse/jetty/websocket/websocket-common/9.4.40.v20210413/websocket-common-9.4.40.v20210413.jar:/home/runner/.m2/repository/org/eclipse/jetty/websocket/websocket-api/9.4.40.v20210413/websocket-api-9.4.40.v20210413.jar:/home/runner/.m2/repository/org/jline/jline/3.9.0/jline-3.9.0.jar:/home/runner/.m2/repository/org/apache/hadoop/hadoop-mapreduce-client-core/3.3.1/hadoop-mapreduce-client-core-3.3.1.jar:/home/runner/.m2/repository/org/apache/avro/avro/1.7.7/avro-1.7.7.jar:/home/runner/.m2/repository/org/codehaus/jackson/jackson-core-asl/1.9.13/jackson-core-asl-1.9.13.jar:/home/runner/.m2/repository/org/codehaus/jackson/jackson-mapper-asl/1.9.13/jackson-mapper-asl-1.9.13.jar:/home/runner/.m2/repository/com/thoughtworks/paranamer/paranamer/2.3/paranamer-2.3.jar:/home/runner/.m2/repository/org/apache/hadoop/hadoop-annotations/3.3.1/hadoop-annotations-3.3.1.jar:/usr/lib/jvm/temurin-8-jdk-amd64/jre/../lib/tools.jar:/home/runner/.m2/repository/org/apache/hadoop/hadoop-distcp/3.3.1/hadoop-distcp-3.3.1-tests.jar:/home/runner/.m2/repository/org/apache/ratis/ratis-common/2.3.0/ratis-common-2.3.0.jar:/home/runner/.m2/repository/org/apache/ratis/ratis-thirdparty-misc/1.0.0/ratis-thirdparty-misc-1.0.0.jar:/home/runner/.m2/repository/org/apache/ratis/ratis-proto/2.3.0/ratis-proto-2.3.0.jar:/home/runner/.m2/repository/org/apache/ozone/ozone-annotation-processing/1.3.0-SNAPSHOT/ozone-annotation-processing-1.3.0-SNAPSHOT.jar:"/>
    <property name="sun.cpu.endian" value="little"/>
    <property name="user.home" value="/home/runner"/>
    <property name="user.language" value="en"/>
    <property name="java.specification.vendor" value="Oracle Corporation"/>
    <property name="java.home" value="/usr/lib/jvm/temurin-8-jdk-amd64/jre"/>
    <property name="java.security.krb5.conf" value="/home/runner/work/ozone/ozone/hadoop-ozone/integration-test/target/test-classes/krb5.conf"/>
    <property name="basedir" value="/home/runner/work/ozone/ozone/hadoop-ozone/integration-test"/>
    <property name="file.separator" value="/"/>
    <property name="line.separator" value="&#10;"/>
    <property name="java.vm.specification.vendor" value="Oracle Corporation"/>
    <property name="java.specification.name" value="Java Platform API Specification"/>
    <property name="java.awt.graphicsenv" value="sun.awt.X11GraphicsEnvironment"/>
    <property name="skip.installnpx" value="true"/>
    <property name="surefire.real.class.path" value="/home/runner/work/ozone/ozone/hadoop-ozone/integration-test/target/surefire/surefirebooter1124290252818657361.jar:/home/runner/.m2/repository/org/jacoco/org.jacoco.agent/0.8.5/org.jacoco.agent-0.8.5-runtime.jar"/>
    <property name="hadoop.log.dir" value="/home/runner/work/ozone/ozone/hadoop-ozone/integration-test/target/log"/>
    <property name="sun.boot.class.path" value="/usr/lib/jvm/temurin-8-jdk-amd64/jre/lib/resources.jar:/usr/lib/jvm/temurin-8-jdk-amd64/jre/lib/rt.jar:/usr/lib/jvm/temurin-8-jdk-amd64/jre/lib/sunrsasign.jar:/usr/lib/jvm/temurin-8-jdk-amd64/jre/lib/jsse.jar:/usr/lib/jvm/temurin-8-jdk-amd64/jre/lib/jce.jar:/usr/lib/jvm/temurin-8-jdk-amd64/jre/lib/charsets.jar:/usr/lib/jvm/temurin-8-jdk-amd64/jre/lib/jfr.jar:/usr/lib/jvm/temurin-8-jdk-amd64/jre/classes"/>
    <property name="sun.management.compiler" value="HotSpot 64-Bit Tiered Compilers"/>
    <property name="skip.npx" value="true"/>
    <property name="java.runtime.version" value="1.8.0_332-b09"/>
    <property name="java.net.preferIPv4Stack" value="true"/>
    <property name="user.name" value="runner"/>
    <property name="path.separator" value=":"/>
    <property name="java.security.egd" value="file:///dev/urandom"/>
    <property name="os.version" value="5.4.0-1085-azure"/>
    <property name="java.endorsed.dirs" value="/usr/lib/jvm/temurin-8-jdk-amd64/jre/lib/endorsed"/>
    <property name="java.runtime.name" value="OpenJDK Runtime Environment"/>
    <property name="file.encoding" value="UTF-8"/>
    <property name="java.vm.name" value="OpenJDK 64-Bit Server VM"/>
    <property name="test.build.webapps" value=""/>
    <property name="localRepository" value="/home/runner/.m2/repository"/>
    <property name="jetty.git.hash" value="526006ecfa3af7f1a27ef3a288e2bef7ea9dd7e8"/>
    <property name="java.vendor.url.bug" value="https://github.com/adoptium/adoptium-support/issues"/>
    <property name="java.io.tmpdir" value="/tmp"/>
    <property name="require.test.libhadoop" value=""/>
    <property name="java.version" value="1.8.0_332"/>
    <property name="user.dir" value="/home/runner/work/ozone/ozone/hadoop-ozone/integration-test"/>
    <property name="os.arch" value="amd64"/>
    <property name="java.vm.specification.name" value="Java Virtual Machine Specification"/>
    <property name="test.build.classes" value="/home/runner/work/ozone/ozone/hadoop-ozone/integration-test/target/test-classes"/>
    <property name="java.awt.printerjob" value="sun.print.PSPrinterJob"/>
    <property name="sun.os.patch.level" value="unknown"/>
    <property name="hadoop.tmp.dir" value="/home/runner/work/ozone/ozone/hadoop-ozone/integration-test/target/tmp"/>
    <property name="java.library.path" value="/usr/java/packages/lib/amd64:/usr/lib64:/lib64:/lib:/usr/lib"/>
    <property name="java.vm.info" value="mixed mode"/>
    <property name="java.vendor" value="Temurin"/>
    <property name="java.vm.version" value="25.332-b09"/>
    <property name="java.ext.dirs" value="/usr/lib/jvm/temurin-8-jdk-amd64/jre/lib/ext:/usr/java/packages/lib/ext"/>
    <property name="sun.io.unicode.encoding" value="UnicodeLittle"/>
    <property name="java.class.version" value="52.0"/>
  </properties>
  <testcase name="testGetCommittedBlockLengthForInvalidBlock" classname="org.apache.hadoop.ozone.scm.TestGetCommittedBlockLengthAndPutKey" time="0.635">
    <system-out><![CDATA[2022-07-19 01:12:47,981 [main] WARN  server.ServerUtils (ServerUtils.java:getScmDbDir(148)) - ozone.scm.db.dirs is not configured. We recommend adding this setting. Falling back to ozone.metadata.dirs instead.
2022-07-19 01:12:48,109 [main] WARN  server.ServerUtils (ServerUtils.java:getScmDbDir(148)) - ozone.scm.db.dirs is not configured. We recommend adding this setting. Falling back to ozone.metadata.dirs instead.
2022-07-19 01:12:48,113 [main] INFO  ha.SCMHANodeDetails (SCMHANodeDetails.java:loadSCMHAConfig(209)) - ServiceID for StorageContainerManager is null
2022-07-19 01:12:48,125 [main] WARN  ha.SCMHANodeDetails (SCMHANodeDetails.java:validateSCMHAConfig(182)) - Invalid config ozone.scm.ratis.enable. The config was not specified, but the default value true conflicts with the expected config value false. Falling back to the expected value. Current State of SCM: SCM is running in Non-HA without Ratis Ratis SCM -> Non Ratis SCM or Non HA SCM -> HA SCM is not supported
2022-07-19 01:12:48,126 [main] INFO  ha.SCMHANodeDetails (SCMHANodeDetails.java:loadSCMHAConfig(214)) - ozone.scm.default.service.id is not defined, falling back to ozone.scm.service.ids to find serviceID for StorageContainerManager if it is HA enabled cluster
2022-07-19 01:12:48,779 [main] WARN  utils.HAUtils (HAUtils.java:getMetaDir(342)) - ozone.scm.db.dirs is not configured. We recommend adding this setting. Falling back to ozone.metadata.dirs instead.
2022-07-19 01:12:48,928 [main] WARN  db.DBStoreBuilder (DBStoreBuilder.java:applyDBDefinition(145)) - ozone.scm.db.dirs is not configured. We recommend adding this setting. Falling back to ozone.metadata.dirs instead.
2022-07-19 01:12:49,230 [main] INFO  net.NodeSchemaLoader (NodeSchemaLoader.java:loadSchemaFromFile(129)) - Loading schema from [jar:file:/home/runner/.m2/repository/org/apache/ozone/hdds-common/1.3.0-SNAPSHOT/hdds-common-1.3.0-SNAPSHOT.jar!/network-topology-default.xml]
2022-07-19 01:12:49,232 [main] INFO  net.NodeSchemaLoader (NodeSchemaLoader.java:loadSchema(176)) - Loading network topology layer schema file
2022-07-19 01:12:49,281 [main] INFO  metrics.MetricRegistries (MetricRegistriesLoader.java:load(64)) - Loaded MetricRegistries class org.apache.ratis.metrics.impl.MetricRegistriesImpl
2022-07-19 01:12:49,287 [main] INFO  upgrade.AbstractLayoutVersionManager (AbstractLayoutVersionManager.java:init(83)) - Initializing Layout version manager with metadata layout = DATANODE_SCHEMA_V3 (version = 4), software layout = DATANODE_SCHEMA_V3 (version = 4)
2022-07-19 01:12:49,576 [main] INFO  reflections.Reflections (Reflections.java:scan(232)) - Reflections took 183 ms to scan 7 urls, producing 132 keys and 321 values 
2022-07-19 01:12:49,697 [main] INFO  ha.SequenceIdGenerator (SequenceIdGenerator.java:upgradeToSequenceId(349)) - upgrade localId to 109611004723200000
2022-07-19 01:12:49,697 [main] INFO  ha.SequenceIdGenerator (SequenceIdGenerator.java:upgradeToSequenceId(359)) - upgrade delTxnId to 0
2022-07-19 01:12:49,701 [main] INFO  ha.SequenceIdGenerator (SequenceIdGenerator.java:upgradeToSequenceId(376)) - upgrade containerId to 0
2022-07-19 01:12:49,704 [main] INFO  ha.SequenceIdGenerator (SequenceIdGenerator.java:<init>(220)) - Init the HA SequenceIdGenerator.
2022-07-19 01:12:49,747 [main] WARN  server.ServerUtils (ServerUtils.java:sanitizeUserArgs(73)) - ozone.scm.stale.node.interval value = 300000 is larger than max = 100000 based on the key value of ozone.scm.heartbeat.thread.interval, reset to the max value 100000.
2022-07-19 01:12:49,748 [main] WARN  server.ServerUtils (ServerUtils.java:sanitizeUserArgs(73)) - ozone.scm.stale.node.interval value = 300000 is larger than max = 100000 based on the key value of ozone.scm.heartbeat.thread.interval, reset to the max value 100000.
2022-07-19 01:12:49,754 [main] INFO  node.SCMNodeManager (SCMNodeManager.java:<init>(149)) - Entering startup safe mode.
2022-07-19 01:12:49,819 [main] INFO  algorithms.ContainerPlacementPolicyFactory (ContainerPlacementPolicyFactory.java:getPolicyInternal(86)) - Create container placement policy of type org.apache.hadoop.hdds.scm.container.placement.algorithms.SCMContainerPlacementCapacity
2022-07-19 01:12:49,830 [main] INFO  pipeline.PipelineStateManagerImpl (PipelineStateManagerImpl.java:initialize(78)) - No pipeline exists in current db
2022-07-19 01:12:49,884 [main] INFO  algorithms.LeaderChoosePolicyFactory (LeaderChoosePolicyFactory.java:getPolicy(57)) - Create leader choose policy of type org.apache.hadoop.hdds.scm.pipeline.leader.choose.algorithms.MinLeaderCountChoosePolicy
2022-07-19 01:12:49,885 [main] INFO  algorithms.ContainerPlacementPolicyFactory (ContainerPlacementPolicyFactory.java:getPolicyInternal(86)) - Create container placement policy of type org.apache.hadoop.hdds.scm.container.placement.algorithms.SCMContainerPlacementRackScatter
2022-07-19 01:12:49,891 [main] INFO  ha.SCMServiceManager (SCMServiceManager.java:register(42)) - Registering service BackgroundPipelineCreator.
2022-07-19 01:12:49,891 [main] INFO  pipeline.BackgroundPipelineCreator (BackgroundPipelineCreator.java:start(124)) - Starting RatisPipelineUtilsThread.
2022-07-19 01:12:49,898 [main] INFO  BackgroundPipelineScrubber (BackgroundSCMService.java:start(68)) - Starting BackgroundPipelineScrubber Service.
2022-07-19 01:12:49,899 [main] INFO  ha.SCMServiceManager (SCMServiceManager.java:register(42)) - Registering service BackgroundPipelineScrubber.
2022-07-19 01:12:49,907 [main] INFO  ExpiredContainerReplicaOpScrubber (BackgroundSCMService.java:start(68)) - Starting ExpiredContainerReplicaOpScrubber Service.
2022-07-19 01:12:49,911 [main] INFO  ha.SCMServiceManager (SCMServiceManager.java:register(42)) - Registering service ExpiredContainerReplicaOpScrubber.
2022-07-19 01:12:49,949 [main] INFO  algorithms.PipelineChoosePolicyFactory (PipelineChoosePolicyFactory.java:createPipelineChoosePolicyFromClass(73)) - Create pipeline choose policy of type org.apache.hadoop.hdds.scm.pipeline.choose.algorithms.RandomPipelineChoosePolicy
2022-07-19 01:12:49,969 [main] INFO  ha.SCMServiceManager (SCMServiceManager.java:register(42)) - Registering service SCMBlockDeletingService.
2022-07-19 01:12:50,005 [main] INFO  replication.ReplicationManager (ReplicationManager.java:start(191)) - Starting Replication Monitor Thread.
2022-07-19 01:12:50,017 [main] INFO  UnderReplicatedQueueThread (BackgroundSCMService.java:start(68)) - Starting UnderReplicatedQueueThread Service.
2022-07-19 01:12:50,017 [ReplicationMonitor] INFO  replication.ReplicationManager (ReplicationManager.java:processAll(240)) - Replication Manager is not ready to run until 3000ms after safemode exit
2022-07-19 01:12:50,017 [main] INFO  ha.SCMServiceManager (SCMServiceManager.java:register(42)) - Registering service UnderReplicatedQueueThread.
2022-07-19 01:12:50,017 [main] INFO  ha.SCMServiceManager (SCMServiceManager.java:register(42)) - Registering service ReplicationManager.
2022-07-19 01:12:50,031 [main] INFO  safemode.ContainerSafeModeRule (ContainerSafeModeRule.java:<init>(89)) - containers with one replica threshold count 0
2022-07-19 01:12:50,035 [main] INFO  safemode.HealthyPipelineSafeModeRule (HealthyPipelineSafeModeRule.java:initializeRule(169)) - Total pipeline count is 0, healthy pipeline threshold count is 1
2022-07-19 01:12:50,046 [main] INFO  safemode.OneReplicaPipelineSafeModeRule (OneReplicaPipelineSafeModeRule.java:initializeRule(180)) - Total pipeline count is 0, pipeline's with at least one datanode reported threshold count is 0
2022-07-19 01:12:50,449 [main] INFO  audit.AuditLogger (AuditLogger.java:refreshDebugCmdSet(120)) - Refresh DebugCmdSet for SCMAudit to [].
2022-07-19 01:12:50,485 [main] INFO  ipc.CallQueueManager (CallQueueManager.java:<init>(90)) - Using callQueue: class java.util.concurrent.LinkedBlockingQueue, queueCapacity: 2000, scheduler: class org.apache.hadoop.ipc.DefaultRpcScheduler, ipcBackoff: false.
2022-07-19 01:12:50,531 [Socket Reader #1 for port 0] INFO  ipc.Server (Server.java:run(1265)) - Starting Socket Reader #1 for port 0
2022-07-19 01:12:50,596 [Listener at 0.0.0.0/36051] INFO  audit.AuditLogger (AuditLogger.java:refreshDebugCmdSet(120)) - Refresh DebugCmdSet for SCMAudit to [].
2022-07-19 01:12:50,602 [Listener at 0.0.0.0/36051] INFO  ipc.CallQueueManager (CallQueueManager.java:<init>(90)) - Using callQueue: class java.util.concurrent.LinkedBlockingQueue, queueCapacity: 2000, scheduler: class org.apache.hadoop.ipc.DefaultRpcScheduler, ipcBackoff: false.
2022-07-19 01:12:50,603 [Socket Reader #1 for port 0] INFO  ipc.Server (Server.java:run(1265)) - Starting Socket Reader #1 for port 0
2022-07-19 01:12:50,633 [Listener at 0.0.0.0/33413] INFO  audit.AuditLogger (AuditLogger.java:refreshDebugCmdSet(120)) - Refresh DebugCmdSet for SCMAudit to [].
2022-07-19 01:12:50,645 [Listener at 0.0.0.0/33413] INFO  ipc.CallQueueManager (CallQueueManager.java:<init>(90)) - Using callQueue: class java.util.concurrent.LinkedBlockingQueue, queueCapacity: 2000, scheduler: class org.apache.hadoop.ipc.DefaultRpcScheduler, ipcBackoff: false.
2022-07-19 01:12:50,646 [Socket Reader #1 for port 0] INFO  ipc.Server (Server.java:run(1265)) - Starting Socket Reader #1 for port 0
2022-07-19 01:12:50,711 [Listener at 0.0.0.0/38923] INFO  ha.SCMServiceManager (SCMServiceManager.java:register(42)) - Registering service ContainerBalancer.
2022-07-19 01:12:50,714 [Listener at 0.0.0.0/38923] INFO  server.StorageContainerManager (StorageContainerManager.java:<init>(402)) - 
Container Balancer status:
Key                            Value
Running                        false
Container Balancer Configuration values:
Key                                                Value
Threshold                                          10
Max Datanodes to Involve per Iteration(percent)    20
Max Size to Move per Iteration                     500GB
Max Size Entering Target per Iteration             26GB
Max Size Leaving Source per Iteration              26GB

2022-07-19 01:12:50,715 [Listener at 0.0.0.0/38923] WARN  events.EventQueue (EventQueue.java:fireEvent(216)) - No event handler registered for event TypedEvent{payloadType=SafeModeStatus, name='Safe mode status'}
2022-07-19 01:12:50,715 [Listener at 0.0.0.0/38923] INFO  ha.SCMContext (SCMContext.java:updateSafeModeStatus(228)) - Update SafeModeStatus from SafeModeStatus{safeModeStatus=true, preCheckPassed=false} to SafeModeStatus{safeModeStatus=true, preCheckPassed=false}.
2022-07-19 01:12:50,718 [Listener at 0.0.0.0/38923] INFO  server.StorageContainerManager (StorageContainerManager.java:start(1438)) - StorageContainerLocationProtocol RPC server is listening at /0.0.0.0:38923
2022-07-19 01:12:50,817 [Listener at 0.0.0.0/38923] WARN  impl.MetricsConfig (MetricsConfig.java:loadFirst(136)) - Cannot locate configuration: tried hadoop-metrics2-storagecontainermanager.properties,hadoop-metrics2.properties
2022-07-19 01:12:50,832 [Listener at 0.0.0.0/38923] INFO  impl.MetricsSystemImpl (MetricsSystemImpl.java:startTimer(378)) - Scheduled Metric snapshot period at 10 second(s).
2022-07-19 01:12:50,832 [Listener at 0.0.0.0/38923] INFO  impl.MetricsSystemImpl (MetricsSystemImpl.java:start(191)) - StorageContainerManager metrics system started
2022-07-19 01:12:51,192 [Listener at 0.0.0.0/38923] INFO  server.SCMClientProtocolServer (SCMClientProtocolServer.java:start(170)) - RPC server for Client  is listening at /0.0.0.0:38923
2022-07-19 01:12:51,193 [IPC Server Responder] INFO  ipc.Server (Server.java:run(1507)) - IPC Server Responder: starting
2022-07-19 01:12:51,194 [IPC Server listener on 0] INFO  ipc.Server (Server.java:run(1344)) - IPC Server listener on 0: starting
2022-07-19 01:12:51,201 [Listener at 0.0.0.0/38923] INFO  server.StorageContainerManager (StorageContainerManager.java:start(1453)) - ScmBlockLocationProtocol RPC server is listening at /0.0.0.0:33413
2022-07-19 01:12:51,201 [Listener at 0.0.0.0/38923] INFO  server.SCMBlockProtocolServer (SCMBlockProtocolServer.java:start(152)) - RPC server for Block Protocol is listening at /0.0.0.0:33413
2022-07-19 01:12:51,202 [IPC Server Responder] INFO  ipc.Server (Server.java:run(1507)) - IPC Server Responder: starting
2022-07-19 01:12:51,202 [IPC Server listener on 0] INFO  ipc.Server (Server.java:run(1344)) - IPC Server listener on 0: starting
2022-07-19 01:12:51,207 [Listener at 0.0.0.0/38923] INFO  server.SCMDatanodeProtocolServer (SCMDatanodeProtocolServer.java:start(186)) - ScmDatanodeProtocol RPC server for DataNodes is listening at /0.0.0.0:36051
2022-07-19 01:12:51,207 [IPC Server Responder] INFO  ipc.Server (Server.java:run(1507)) - IPC Server Responder: starting
2022-07-19 01:12:51,208 [IPC Server listener on 0] INFO  ipc.Server (Server.java:run(1344)) - IPC Server listener on 0: starting
2022-07-19 01:12:51,231 [org.apache.hadoop.util.JvmPauseMonitor$Monitor@f472245] INFO  util.JvmPauseMonitor (JvmPauseMonitor.java:run(188)) - Starting JVM pause monitor
2022-07-19 01:12:51,248 [Listener at 0.0.0.0/38923] INFO  http.BaseHttpServer (BaseHttpServer.java:newHttpServer2BuilderForOzone(209)) - Starting Web-server for scm at: http://0.0.0.0:0
2022-07-19 01:12:51,248 [Listener at 0.0.0.0/38923] INFO  http.BaseHttpServer (BaseHttpServer.java:<init>(107)) - Hadoop Security Enabled: false Ozone Security Enabled: false Ozone HTTP Security Enabled: false 
2022-07-19 01:12:51,279 [Listener at 0.0.0.0/38923] INFO  util.log (Log.java:initialized(170)) - Logging initialized @4995ms to org.eclipse.jetty.util.log.Slf4jLog
2022-07-19 01:12:51,403 [Listener at 0.0.0.0/38923] INFO  server.AuthenticationFilter (AuthenticationFilter.java:constructSecretProvider(240)) - Unable to initialize FileSignerSecretProvider, falling back to use random secrets.
2022-07-19 01:12:51,409 [Listener at 0.0.0.0/38923] WARN  http.HttpRequestLog (HttpRequestLog.java:getRequestLog(103)) - Jetty request log can only be enabled using Log4j
2022-07-19 01:12:51,416 [Listener at 0.0.0.0/38923] INFO  http.HttpServer2 (HttpServer2.java:addGlobalFilter(1029)) - Added global filter 'safety' (class=org.apache.hadoop.hdds.server.http.HttpServer2$QuotingInputFilter)
2022-07-19 01:12:51,418 [Listener at 0.0.0.0/38923] INFO  http.HttpServer2 (HttpServer2.java:addFilter(1005)) - Added filter static_user_filter (class=org.apache.hadoop.http.lib.StaticUserWebFilter$StaticUserFilter) to context scm
2022-07-19 01:12:51,418 [Listener at 0.0.0.0/38923] INFO  http.HttpServer2 (HttpServer2.java:addFilter(1013)) - Added filter static_user_filter (class=org.apache.hadoop.http.lib.StaticUserWebFilter$StaticUserFilter) to context logs
2022-07-19 01:12:51,419 [Listener at 0.0.0.0/38923] INFO  http.HttpServer2 (HttpServer2.java:addFilter(1013)) - Added filter static_user_filter (class=org.apache.hadoop.http.lib.StaticUserWebFilter$StaticUserFilter) to context static
2022-07-19 01:12:51,462 [Listener at 0.0.0.0/38923] INFO  http.HttpServer2 (HttpServer2.java:bindListener(1248)) - Jetty bound to port 36943
2022-07-19 01:12:51,463 [Listener at 0.0.0.0/38923] INFO  server.Server (Server.java:doStart(375)) - jetty-9.4.43.v20210629; built: 2021-06-30T11:07:22.254Z; git: 526006ecfa3af7f1a27ef3a288e2bef7ea9dd7e8; jvm 1.8.0_332-b09
2022-07-19 01:12:51,494 [Listener at 0.0.0.0/38923] INFO  server.session (DefaultSessionIdManager.java:doStart(334)) - DefaultSessionIdManager workerName=node0
2022-07-19 01:12:51,494 [Listener at 0.0.0.0/38923] INFO  server.session (DefaultSessionIdManager.java:doStart(339)) - No SessionScavenger set, using defaults
2022-07-19 01:12:51,496 [Listener at 0.0.0.0/38923] INFO  server.session (HouseKeeper.java:startScavenging(132)) - node0 Scavenging every 600000ms
2022-07-19 01:12:51,510 [Listener at 0.0.0.0/38923] INFO  handler.ContextHandler (ContextHandler.java:doStart(915)) - Started o.e.j.s.ServletContextHandler@5089a72b{logs,/logs,file:///home/runner/work/ozone/ozone/hadoop-ozone/integration-test/target/log,AVAILABLE}
2022-07-19 01:12:51,511 [Listener at 0.0.0.0/38923] INFO  handler.ContextHandler (ContextHandler.java:doStart(915)) - Started o.e.j.s.ServletContextHandler@75b4db22{static,/static,file:///home/runner/work/ozone/ozone/hadoop-ozone/integration-test/target/test-classes/webapps/static,AVAILABLE}
2022-07-19 01:12:51,562 [Listener at 0.0.0.0/38923] INFO  handler.ContextHandler (ContextHandler.java:doStart(915)) - Started o.e.j.w.WebAppContext@5c945ee7{scm,/,file:///home/runner/work/ozone/ozone/hadoop-ozone/integration-test/target/test-classes/webapps/scm/,AVAILABLE}{file:/home/runner/work/ozone/ozone/hadoop-ozone/integration-test/target/test-classes/webapps/scm}
2022-07-19 01:12:51,578 [Listener at 0.0.0.0/38923] INFO  server.AbstractConnector (AbstractConnector.java:doStart(331)) - Started ServerConnector@23e297d9{HTTP/1.1, (http/1.1)}{0.0.0.0:36943}
2022-07-19 01:12:51,578 [Listener at 0.0.0.0/38923] INFO  server.Server (Server.java:doStart(415)) - Started @5294ms
2022-07-19 01:12:51,582 [Listener at 0.0.0.0/38923] INFO  impl.MetricsSinkAdapter (MetricsSinkAdapter.java:start(204)) - Sink prometheus started
2022-07-19 01:12:51,582 [Listener at 0.0.0.0/38923] INFO  impl.MetricsSystemImpl (MetricsSystemImpl.java:registerSink(305)) - Registered sink prometheus
2022-07-19 01:12:51,583 [Listener at 0.0.0.0/38923] INFO  http.BaseHttpServer (BaseHttpServer.java:updateConnectorAddress(329)) - HTTP server of scm listening at http://0.0.0.0:36943
2022-07-19 01:12:51,585 [Listener at 0.0.0.0/38923] WARN  server.ServerUtils (ServerUtils.java:getDBPath(225)) - ozone.om.db.dirs is not configured. We recommend adding this setting. Falling back to ozone.metadata.dirs instead.
2022-07-19 01:12:51,662 [Listener at 0.0.0.0/38923] INFO  audit.AuditLogger (AuditLogger.java:refreshDebugCmdSet(120)) - Refresh DebugCmdSet for OMAudit to [].
2022-07-19 01:12:51,770 [Listener at 0.0.0.0/38923] INFO  ha.OMHANodeDetails (OMHANodeDetails.java:loadOMHAConfig(115)) - ozone.om.internal.service.id is not defined, falling back to ozone.om.service.ids to find serviceID for OzoneManager if it is HA enabled cluster
2022-07-19 01:12:51,774 [Listener at 0.0.0.0/38923] INFO  ha.OMHANodeDetails (OMHANodeDetails.java:loadOMHAConfig(226)) - Configuration does not have ozone.om.address set. Falling back to the default OM address /127.0.0.1:0
2022-07-19 01:12:51,774 [Listener at 0.0.0.0/38923] INFO  ha.OMHANodeDetails (OMHANodeDetails.java:getOMNodeDetailsForNonHA(254)) - OM Service ID is not set. Setting it to the default ID: omServiceIdDefault
2022-07-19 01:12:51,775 [Listener at 0.0.0.0/38923] INFO  ha.OMHANodeDetails (OMHANodeDetails.java:getOMNodeDetailsForNonHA(261)) - OM Node ID is not set. Setting it to the default ID: om1
2022-07-19 01:12:51,779 [Listener at 0.0.0.0/38923] WARN  server.ServerUtils (ServerUtils.java:getDBPath(225)) - ozone.om.db.dirs is not configured. We recommend adding this setting. Falling back to ozone.metadata.dirs instead.
2022-07-19 01:12:51,781 [Listener at 0.0.0.0/38923] INFO  upgrade.AbstractLayoutVersionManager (AbstractLayoutVersionManager.java:init(83)) - Initializing Layout version manager with metadata layout = MULTITENANCY_SCHEMA (version = 3), software layout = MULTITENANCY_SCHEMA (version = 3)
2022-07-19 01:12:51,882 [Listener at 0.0.0.0/38923] INFO  reflections.Reflections (Reflections.java:scan(232)) - Reflections took 96 ms to scan 2 urls, producing 152 keys and 424 values [using 2 cores]
2022-07-19 01:12:51,886 [Listener at 0.0.0.0/38923] INFO  upgrade.OMLayoutVersionManager (OMLayoutVersionManager.java:lambda$0(115)) - Skipping Upgrade Action MockOmUpgradeAction since it has been finalized.
2022-07-19 01:12:51,892 [Listener at 0.0.0.0/38923] WARN  server.ServerUtils (ServerUtils.java:getDBPath(225)) - ozone.om.db.dirs is not configured. We recommend adding this setting. Falling back to ozone.metadata.dirs instead.
2022-07-19 01:12:52,073 [Listener at 0.0.0.0/38923] INFO  proxy.SCMBlockLocationFailoverProxyProvider (SCMBlockLocationFailoverProxyProvider.java:<init>(114)) - Created block location fail-over proxy with 1 nodes: [nodeId=scmNodeId,nodeAddress=/0.0.0.0:33413]
2022-07-19 01:12:52,105 [Listener at 0.0.0.0/38923] INFO  proxy.SCMBlockLocationFailoverProxyProvider (SCMBlockLocationFailoverProxyProvider.java:<init>(114)) - Created block location fail-over proxy with 1 nodes: [nodeId=scmNodeId,nodeAddress=/0.0.0.0:33413]
2022-07-19 01:12:52,342 [Listener at 0.0.0.0/38923] WARN  server.ServerUtils (ServerUtils.java:getDBPath(225)) - ozone.om.db.dirs is not configured. We recommend adding this setting. Falling back to ozone.metadata.dirs instead.
2022-07-19 01:12:52,349 [Listener at 0.0.0.0/38923] INFO  codec.OmKeyInfoCodec (OmKeyInfoCodec.java:<init>(49)) - OmKeyInfoCodec ignorePipeline = true
2022-07-19 01:12:52,351 [Listener at 0.0.0.0/38923] INFO  codec.RepeatedOmKeyInfoCodec (RepeatedOmKeyInfoCodec.java:<init>(41)) - RepeatedOmKeyInfoCodec ignorePipeline = true
2022-07-19 01:12:52,554 [Listener at 0.0.0.0/38923] INFO  om.OzoneManager (OzoneManager.java:instantiateServices(694)) - S3 Multi-Tenancy is disabled
2022-07-19 01:12:52,651 [Listener at 0.0.0.0/38923] INFO  om.OzoneManager (OzoneManager.java:addS3GVolumeToDB(4308)) - Created Volume s3v With Owner runner required for S3Gateway operations.
2022-07-19 01:12:52,732 [Listener at 0.0.0.0/38923] WARN  server.ServerUtils (ServerUtils.java:getDefaultRatisDirectory(237)) - Storage directory for Ratis is not configured. It is a good idea to map this to an SSD disk. Falling back to ozone.metadata.dirs
2022-07-19 01:12:52,735 [Listener at 0.0.0.0/38923] WARN  utils.OzoneManagerRatisUtils (OzoneManagerRatisUtils.java:getOMRatisSnapshotDirectory(431)) - ozone.om.ratis.snapshot.dir is not configured. Falling back to ozone.metadata.dirs config
2022-07-19 01:12:52,758 [Listener at 0.0.0.0/38923] WARN  server.ServerUtils (ServerUtils.java:getDefaultRatisDirectory(237)) - Storage directory for Ratis is not configured. It is a good idea to map this to an SSD disk. Falling back to ozone.metadata.dirs
2022-07-19 01:12:52,794 [Listener at 0.0.0.0/38923] INFO  ratis.OzoneManagerRatisServer (OzoneManagerRatisServer.java:<init>(159)) - Instantiating OM Ratis server with groupID: omServiceIdDefault and peers: localhost:9872
2022-07-19 01:12:52,804 [Listener at 0.0.0.0/38923] INFO  ratis.OzoneManagerStateMachine (OzoneManagerStateMachine.java:loadSnapshotInfoFromDB(632)) - LastAppliedIndex is set from TransactionInfo from OM DB as (t:0, i:~)
2022-07-19 01:12:52,882 [Listener at 0.0.0.0/38923] INFO  server.RaftServer (ConfUtils.java:logGet(46)) - raft.rpc.type = GRPC (default)
2022-07-19 01:12:52,982 [Listener at 0.0.0.0/38923] INFO  grpc.GrpcFactory (GrpcFactory.java:checkPooledByteBufAllocatorUseCacheForAllThreads(48)) - PERFORMANCE WARNING: useCacheForAllThreads is true that may cause Netty to create a lot garbage objects and, as a result, trigger GC.
	It is recommended to disable useCacheForAllThreads by setting -Dorg.apache.ratis.thirdparty.io.netty.allocator.useCacheForAllThreads=false in command line.
2022-07-19 01:12:52,987 [Listener at 0.0.0.0/38923] INFO  grpc.GrpcConfigKeys (ConfUtils.java:logGet(46)) - raft.grpc.admin.port = -1 (default)
2022-07-19 01:12:52,987 [Listener at 0.0.0.0/38923] INFO  grpc.GrpcConfigKeys (ConfUtils.java:logGet(46)) - raft.grpc.server.port = 9872 (custom)
2022-07-19 01:12:52,988 [Listener at 0.0.0.0/38923] INFO  grpc.GrpcConfigKeys (ConfUtils.java:logGet(46)) - raft.grpc.client.port = -1 (default)
2022-07-19 01:12:52,988 [Listener at 0.0.0.0/38923] INFO  grpc.GrpcConfigKeys (ConfUtils.java:logGet(46)) - raft.grpc.server.port = 9872 (custom)
2022-07-19 01:12:52,988 [Listener at 0.0.0.0/38923] INFO  grpc.GrpcConfigKeys (ConfUtils.java:logGet(46)) - raft.grpc.server.port = 9872 (custom)
2022-07-19 01:12:52,989 [Listener at 0.0.0.0/38923] INFO  server.GrpcService (ConfUtils.java:logGet(46)) - raft.grpc.message.size.max = 33554432 (custom)
2022-07-19 01:12:52,991 [Listener at 0.0.0.0/38923] INFO  server.RaftServerConfigKeys (ConfUtils.java:logGet(46)) - raft.server.log.appender.buffer.byte-limit = 33554432 (custom)
2022-07-19 01:12:52,992 [Listener at 0.0.0.0/38923] INFO  server.GrpcService (ConfUtils.java:logGet(46)) - raft.grpc.flow.control.window = 1MB (=1048576) (default)
2022-07-19 01:12:52,992 [Listener at 0.0.0.0/38923] INFO  server.RaftServerConfigKeys (ConfUtils.java:logGet(46)) - raft.server.rpc.request.timeout = 3000ms (default)
2022-07-19 01:12:53,013 [Listener at 0.0.0.0/38923] INFO  grpc.GrpcConfigKeys (ConfUtils.java:logGet(46)) - raft.grpc.server.async.request.thread.pool.cached = true (default)
2022-07-19 01:12:53,013 [Listener at 0.0.0.0/38923] INFO  grpc.GrpcConfigKeys (ConfUtils.java:logGet(46)) - raft.grpc.server.async.request.thread.pool.size = 32 (default)
2022-07-19 01:12:53,365 [Listener at 0.0.0.0/38923] INFO  impl.DataStreamServerImpl (ConfUtils.java:logGet(46)) - raft.datastream.type = DISABLED (default)
2022-07-19 01:12:53,369 [Listener at 0.0.0.0/38923] INFO  server.RaftServerConfigKeys (ConfUtils.java:logGet(46)) - raft.server.threadpool.proxy.cached = true (default)
2022-07-19 01:12:53,370 [Listener at 0.0.0.0/38923] INFO  server.RaftServerConfigKeys (ConfUtils.java:logGet(46)) - raft.server.threadpool.proxy.size = 0 (default)
2022-07-19 01:12:53,370 [Listener at 0.0.0.0/38923] INFO  server.RaftServerConfigKeys (ConfUtils.java:logGet(46)) - raft.server.rpc.slowness.timeout = 120s (custom)
2022-07-19 01:12:53,370 [Listener at 0.0.0.0/38923] INFO  server.RaftServerConfigKeys (ConfUtils.java:logGet(46)) - raft.server.leaderelection.leader.step-down.wait-time = 10s (default)
2022-07-19 01:12:53,374 [Listener at 0.0.0.0/38923] INFO  server.RaftServerConfigKeys (ConfUtils.java:logGet(46)) - raft.server.storage.dir = [/home/runner/work/ozone/ozone/hadoop-ozone/integration-test/target/test-dir/MiniOzoneClusterImpl-2ac8f481-cfe8-4b79-9e35-c5083f796462/ozone-meta/ratis] (custom)
2022-07-19 01:12:53,387 [Listener at 0.0.0.0/38923] INFO  server.RaftServer (RaftServerProxy.java:addNew(96)) - om1: addNew group-C5BA1605619E:[om1|rpc:localhost:9872|priority:0] returns group-C5BA1605619E:java.util.concurrent.CompletableFuture@d158cbe[Not completed]
2022-07-19 01:12:53,387 [Listener at 0.0.0.0/38923] INFO  om.OzoneManager (OzoneManager.java:initializeRatisServer(1963)) - OzoneManager Ratis server initialized at port 9872
2022-07-19 01:12:53,421 [Listener at 0.0.0.0/38923] INFO  om.OzoneManager (OzoneManager.java:getRpcServer(1083)) - Creating RPC Server
2022-07-19 01:12:53,429 [pool-55-thread-1] INFO  server.RaftServer$Division (RaftServerImpl.java:<init>(190)) - om1: new RaftServerImpl for group-C5BA1605619E:[om1|rpc:localhost:9872|priority:0] with OzoneManagerStateMachine:uninitialized
2022-07-19 01:12:53,432 [pool-55-thread-1] INFO  server.RaftServerConfigKeys (ConfUtils.java:logGet(46)) - raft.server.rpc.timeout.min = 1s (custom)
2022-07-19 01:12:53,432 [pool-55-thread-1] INFO  server.RaftServerConfigKeys (ConfUtils.java:logGet(46)) - raft.server.rpc.timeout.max = 1200ms (custom)
2022-07-19 01:12:53,433 [pool-55-thread-1] INFO  server.RaftServerConfigKeys (ConfUtils.java:logGet(46)) - raft.server.rpc.sleep.time = 25ms (default)
2022-07-19 01:12:53,434 [pool-55-thread-1] INFO  server.RaftServerConfigKeys (ConfUtils.java:logGet(46)) - raft.server.rpc.slowness.timeout = 120s (custom)
2022-07-19 01:12:53,434 [pool-55-thread-1] INFO  server.RaftServerConfigKeys (ConfUtils.java:logGet(46)) - raft.server.leaderelection.leader.step-down.wait-time = 10s (default)
2022-07-19 01:12:53,434 [pool-55-thread-1] INFO  server.RaftServerConfigKeys (ConfUtils.java:logGet(46)) - raft.server.sleep.deviation.threshold = 300ms (default)
2022-07-19 01:12:53,455 [pool-55-thread-1] INFO  server.RaftServer$Division (ServerState.java:<init>(107)) - om1@group-C5BA1605619E: ConfigurationManager, init=-1: [om1|rpc:localhost:9872|priority:0], old=null, confs=<EMPTY_MAP>
2022-07-19 01:12:53,455 [pool-55-thread-1] INFO  server.RaftServerConfigKeys (ConfUtils.java:logGet(46)) - raft.server.storage.dir = [/home/runner/work/ozone/ozone/hadoop-ozone/integration-test/target/test-dir/MiniOzoneClusterImpl-2ac8f481-cfe8-4b79-9e35-c5083f796462/ozone-meta/ratis] (custom)
2022-07-19 01:12:53,462 [pool-55-thread-1] INFO  server.RaftServerConfigKeys (ConfUtils.java:logGet(46)) - raft.server.log.corruption.policy = EXCEPTION (default)
2022-07-19 01:12:53,463 [pool-55-thread-1] INFO  server.RaftServerConfigKeys (ConfUtils.java:logGet(46)) - raft.server.storage.free-space.min = 0MB (=0) (default)
2022-07-19 01:12:53,465 [pool-55-thread-1] INFO  storage.RaftStorageDirectory (RaftStorageDirectoryImpl.java:analyzeStorage(135)) - The storage directory /home/runner/work/ozone/ozone/hadoop-ozone/integration-test/target/test-dir/MiniOzoneClusterImpl-2ac8f481-cfe8-4b79-9e35-c5083f796462/ozone-meta/ratis/bf265839-605b-3f16-9796-c5ba1605619e does not exist. Creating ...
2022-07-19 01:12:53,481 [pool-55-thread-1] INFO  storage.RaftStorageDirectory (RaftStorageDirectoryImpl.java:tryLock(230)) - Lock on /home/runner/work/ozone/ozone/hadoop-ozone/integration-test/target/test-dir/MiniOzoneClusterImpl-2ac8f481-cfe8-4b79-9e35-c5083f796462/ozone-meta/ratis/bf265839-605b-3f16-9796-c5ba1605619e/in_use.lock acquired by nodename 14321@fv-az458-285
2022-07-19 01:12:53,491 [pool-55-thread-1] INFO  storage.RaftStorage (RaftStorageImpl.java:format(89)) - Storage directory /home/runner/work/ozone/ozone/hadoop-ozone/integration-test/target/test-dir/MiniOzoneClusterImpl-2ac8f481-cfe8-4b79-9e35-c5083f796462/ozone-meta/ratis/bf265839-605b-3f16-9796-c5ba1605619e has been successfully formatted.
2022-07-19 01:12:53,497 [pool-55-thread-1] INFO  server.RaftServerConfigKeys (ConfUtils.java:logGet(46)) - raft.server.notification.no-leader.timeout = 120s (custom)
2022-07-19 01:12:53,510 [pool-55-thread-1] INFO  server.RaftServerConfigKeys (ConfUtils.java:logGet(46)) - raft.server.log.use.memory = false (default)
2022-07-19 01:12:53,527 [pool-55-thread-1] INFO  server.RaftServerConfigKeys (ConfUtils.java:logGet(46)) - raft.server.log.purge.gap = 1000000 (custom)
2022-07-19 01:12:53,527 [pool-55-thread-1] INFO  server.RaftServerConfigKeys (ConfUtils.java:logGet(46)) - raft.server.log.appender.buffer.byte-limit = 33554432 (custom)
2022-07-19 01:12:53,529 [pool-55-thread-1] INFO  server.RaftServerConfigKeys (ConfUtils.java:logGet(46)) - raft.server.log.statemachine.data.read.timeout = 1000ms (default)
2022-07-19 01:12:53,592 [pool-55-thread-1] INFO  server.RaftServerConfigKeys (ConfUtils.java:logGet(46)) - raft.server.log.segment.size.max = 4194304 (custom)
2022-07-19 01:12:53,606 [pool-55-thread-1] INFO  server.RaftServerConfigKeys (ConfUtils.java:logGet(46)) - raft.server.log.segment.cache.num.max = 2 (custom)
2022-07-19 01:12:53,606 [pool-55-thread-1] INFO  server.RaftServerConfigKeys (ConfUtils.java:logGet(46)) - raft.server.log.segment.cache.size.max = 200MB (=209715200) (default)
2022-07-19 01:12:53,614 [pool-55-thread-1] INFO  segmented.SegmentedRaftLogWorker (SegmentedRaftLogWorker.java:<init>(187)) - new om1@group-C5BA1605619E-SegmentedRaftLogWorker for RaftStorageImpl:Storage Directory /home/runner/work/ozone/ozone/hadoop-ozone/integration-test/target/test-dir/MiniOzoneClusterImpl-2ac8f481-cfe8-4b79-9e35-c5083f796462/ozone-meta/ratis/bf265839-605b-3f16-9796-c5ba1605619e
2022-07-19 01:12:53,614 [pool-55-thread-1] INFO  server.RaftServerConfigKeys (ConfUtils.java:logGet(46)) - raft.server.log.queue.byte-limit = 64MB (=67108864) (default)
2022-07-19 01:12:53,614 [pool-55-thread-1] INFO  server.RaftServerConfigKeys (ConfUtils.java:logGet(46)) - raft.server.log.queue.element-limit = 4096 (default)
2022-07-19 01:12:53,615 [pool-55-thread-1] INFO  server.RaftServerConfigKeys (ConfUtils.java:logGet(46)) - raft.server.log.segment.size.max = 4194304 (custom)
2022-07-19 01:12:53,616 [pool-55-thread-1] INFO  server.RaftServerConfigKeys (ConfUtils.java:logGet(46)) - raft.server.log.preallocated.size = 4194304 (custom)
2022-07-19 01:12:53,616 [pool-55-thread-1] INFO  server.RaftServerConfigKeys (ConfUtils.java:logGet(46)) - raft.server.log.force.sync.num = 128 (default)
2022-07-19 01:12:53,618 [pool-55-thread-1] INFO  server.RaftServerConfigKeys (ConfUtils.java:logGet(46)) - raft.server.log.statemachine.data.sync = true (default)
2022-07-19 01:12:53,618 [pool-55-thread-1] INFO  server.RaftServerConfigKeys (ConfUtils.java:logGet(46)) - raft.server.log.statemachine.data.sync.timeout = 10s (default)
2022-07-19 01:12:53,626 [pool-55-thread-1] INFO  server.RaftServerConfigKeys (ConfUtils.java:logGet(46)) - raft.server.log.statemachine.data.sync.timeout.retry = -1 (default)
2022-07-19 01:12:53,647 [pool-55-thread-1] INFO  server.RaftServerConfigKeys (ConfUtils.java:logGet(46)) - raft.server.log.write.buffer.size = 64KB (=65536) (default)
2022-07-19 01:12:53,648 [pool-55-thread-1] INFO  server.RaftServerConfigKeys (ConfUtils.java:logGet(46)) - raft.server.log.unsafe-flush.enabled = false (default)
2022-07-19 01:12:53,648 [pool-55-thread-1] INFO  server.RaftServerConfigKeys (ConfUtils.java:logGet(46)) - raft.server.log.statemachine.data.caching.enabled = false (default)
2022-07-19 01:12:53,682 [pool-55-thread-1] INFO  segmented.SegmentedRaftLogWorker (SegmentedRaftLogWorker.java:lambda$new$0(135)) - om1@group-C5BA1605619E-SegmentedRaftLogWorker: flushIndex: setUnconditionally 0 -> -1
2022-07-19 01:12:53,682 [pool-55-thread-1] INFO  segmented.SegmentedRaftLogWorker (SegmentedRaftLogWorker.java:lambda$new$0(135)) - om1@group-C5BA1605619E-SegmentedRaftLogWorker: safeCacheEvictIndex: setUnconditionally 0 -> -1
2022-07-19 01:12:53,711 [pool-55-thread-1] INFO  server.RaftServerConfigKeys (ConfUtils.java:logGet(46)) - raft.server.snapshot.auto.trigger.enabled = true (custom)
2022-07-19 01:12:53,712 [pool-55-thread-1] INFO  server.RaftServerConfigKeys (ConfUtils.java:logGet(46)) - raft.server.snapshot.auto.trigger.threshold = 400000 (default)
2022-07-19 01:12:53,719 [pool-55-thread-1] INFO  server.RaftServerConfigKeys (ConfUtils.java:logGet(46)) - raft.server.snapshot.retention.file.num = -1 (default)
2022-07-19 01:12:53,720 [pool-55-thread-1] INFO  server.RaftServerConfigKeys (ConfUtils.java:logGet(46)) - raft.server.log.purge.upto.snapshot.index = true (custom)
2022-07-19 01:12:53,722 [pool-55-thread-1] INFO  server.RaftServerConfigKeys (ConfUtils.java:logGet(46)) - raft.server.retrycache.expirytime = 300s (custom)
2022-07-19 01:12:53,722 [pool-55-thread-1] INFO  server.RaftServerConfigKeys (ConfUtils.java:logGet(46)) - raft.server.retrycache.statistics.expirytime = 100μs (default)
2022-07-19 01:12:53,869 [pool-55-thread-1] INFO  server.RaftServerConfigKeys (ConfUtils.java:logGet(46)) - raft.server.log.appender.install.snapshot.enabled = false (custom)
2022-07-19 01:12:53,869 [pool-55-thread-1] INFO  server.RaftServerConfigKeys (ConfUtils.java:logGet(46)) - raft.server.threadpool.server.cached = true (default)
2022-07-19 01:12:53,870 [pool-55-thread-1] INFO  server.RaftServerConfigKeys (ConfUtils.java:logGet(46)) - raft.server.threadpool.server.size = 0 (default)
2022-07-19 01:12:53,870 [pool-55-thread-1] INFO  server.RaftServerConfigKeys (ConfUtils.java:logGet(46)) - raft.server.threadpool.client.cached = true (default)
2022-07-19 01:12:53,871 [pool-55-thread-1] INFO  server.RaftServerConfigKeys (ConfUtils.java:logGet(46)) - raft.server.threadpool.client.size = 0 (default)
2022-07-19 01:12:54,197 [Listener at 0.0.0.0/38923] INFO  reflections.Reflections (Reflections.java:scan(232)) - Reflections took 706 ms to scan 19 urls, producing 66 keys and 4120 values [using 2 cores]
2022-07-19 01:12:54,596 [Listener at 0.0.0.0/38923] INFO  ipc.CallQueueManager (CallQueueManager.java:<init>(90)) - Using callQueue: class java.util.concurrent.LinkedBlockingQueue, queueCapacity: 2000, scheduler: class org.apache.hadoop.ipc.DefaultRpcScheduler, ipcBackoff: false.
2022-07-19 01:12:54,599 [Socket Reader #1 for port 0] INFO  ipc.Server (Server.java:run(1265)) - Starting Socket Reader #1 for port 0
2022-07-19 01:12:54,639 [Listener at 127.0.0.1/36483] INFO  impl.MetricsSystemImpl (MetricsSystemImpl.java:init(158)) - OzoneManager metrics system started (again)
2022-07-19 01:12:54,655 [Listener at 127.0.0.1/36483] INFO  om.OzoneManager (OzoneManager.java:start(1467)) - OzoneManager RPC server is listening at localhost/127.0.0.1:36483
2022-07-19 01:12:54,656 [Listener at 127.0.0.1/36483] INFO  ratis.OzoneManagerRatisServer (OzoneManagerRatisServer.java:start(554)) - Starting OzoneManagerRatisServer om1 at port 9872
2022-07-19 01:12:54,659 [om1-impl-thread1] INFO  server.RaftServer$Division (RaftServerImpl.java:start(310)) - om1@group-C5BA1605619E: start as a follower, conf=-1: [om1|rpc:localhost:9872|priority:0], old=null
2022-07-19 01:12:54,660 [om1-impl-thread1] INFO  server.RaftServer$Division (RaftServerImpl.java:setRole(299)) - om1@group-C5BA1605619E: changes role from      null to FOLLOWER at term 0 for startAsFollower
2022-07-19 01:12:54,661 [om1-impl-thread1] INFO  impl.RoleInfo (RoleInfo.java:updateAndGet(139)) - om1: start om1@group-C5BA1605619E-FollowerState
2022-07-19 01:12:54,663 [om1-impl-thread1] INFO  util.JmxRegister (JmxRegister.java:tryRegister(44)) - Successfully registered JMX Bean with object name Ratis:service=RaftServer,group=group-C5BA1605619E,id=om1
2022-07-19 01:12:54,671 [Listener at 127.0.0.1/36483] INFO  server.RaftServer (RaftServerProxy.java:lambda$start$6(382)) - om1: start RPC server
2022-07-19 01:12:54,742 [Listener at 127.0.0.1/36483] INFO  server.GrpcService (GrpcService.java:startImpl(260)) - om1: GrpcService started, listening on 9872
2022-07-19 01:12:54,744 [Listener at 127.0.0.1/36483] INFO  om.OzoneManager (OzoneManager.java:start(1483)) - Version File has different layout version (3) than OM DB (null). That is expected if this OM has never been finalized to a newer layout version.
2022-07-19 01:12:54,747 [org.apache.ratis.util.JvmPauseMonitor$$Lambda$614/1734994489@2295bced] INFO  util.JvmPauseMonitor (JvmPauseMonitor.java:run(103)) - JvmPauseMonitor-om1: Started
2022-07-19 01:12:54,769 [Listener at 127.0.0.1/36483] INFO  http.BaseHttpServer (BaseHttpServer.java:newHttpServer2BuilderForOzone(209)) - Starting Web-server for ozoneManager at: http://0.0.0.0:0
2022-07-19 01:12:54,769 [Listener at 127.0.0.1/36483] INFO  http.BaseHttpServer (BaseHttpServer.java:<init>(107)) - Hadoop Security Enabled: false Ozone Security Enabled: false Ozone HTTP Security Enabled: false 
2022-07-19 01:12:54,770 [Listener at 127.0.0.1/36483] INFO  server.AuthenticationFilter (AuthenticationFilter.java:constructSecretProvider(240)) - Unable to initialize FileSignerSecretProvider, falling back to use random secrets.
2022-07-19 01:12:54,773 [Listener at 127.0.0.1/36483] WARN  http.HttpRequestLog (HttpRequestLog.java:getRequestLog(103)) - Jetty request log can only be enabled using Log4j
2022-07-19 01:12:54,776 [Listener at 127.0.0.1/36483] INFO  http.HttpServer2 (HttpServer2.java:addGlobalFilter(1029)) - Added global filter 'safety' (class=org.apache.hadoop.hdds.server.http.HttpServer2$QuotingInputFilter)
2022-07-19 01:12:54,777 [Listener at 127.0.0.1/36483] INFO  http.HttpServer2 (HttpServer2.java:addFilter(1005)) - Added filter static_user_filter (class=org.apache.hadoop.http.lib.StaticUserWebFilter$StaticUserFilter) to context ozoneManager
2022-07-19 01:12:54,777 [Listener at 127.0.0.1/36483] INFO  http.HttpServer2 (HttpServer2.java:addFilter(1013)) - Added filter static_user_filter (class=org.apache.hadoop.http.lib.StaticUserWebFilter$StaticUserFilter) to context static
2022-07-19 01:12:54,777 [Listener at 127.0.0.1/36483] INFO  http.HttpServer2 (HttpServer2.java:addFilter(1013)) - Added filter static_user_filter (class=org.apache.hadoop.http.lib.StaticUserWebFilter$StaticUserFilter) to context logs
2022-07-19 01:12:54,782 [Listener at 127.0.0.1/36483] INFO  http.HttpServer2 (HttpServer2.java:bindListener(1248)) - Jetty bound to port 38845
2022-07-19 01:12:54,782 [Listener at 127.0.0.1/36483] INFO  server.Server (Server.java:doStart(375)) - jetty-9.4.43.v20210629; built: 2021-06-30T11:07:22.254Z; git: 526006ecfa3af7f1a27ef3a288e2bef7ea9dd7e8; jvm 1.8.0_332-b09
2022-07-19 01:12:54,790 [Listener at 127.0.0.1/36483] INFO  server.session (DefaultSessionIdManager.java:doStart(334)) - DefaultSessionIdManager workerName=node0
2022-07-19 01:12:54,790 [Listener at 127.0.0.1/36483] INFO  server.session (DefaultSessionIdManager.java:doStart(339)) - No SessionScavenger set, using defaults
2022-07-19 01:12:54,791 [Listener at 127.0.0.1/36483] INFO  server.session (HouseKeeper.java:startScavenging(132)) - node0 Scavenging every 600000ms
2022-07-19 01:12:54,793 [Listener at 127.0.0.1/36483] INFO  handler.ContextHandler (ContextHandler.java:doStart(915)) - Started o.e.j.s.ServletContextHandler@668d9b0{logs,/logs,file:///home/runner/work/ozone/ozone/hadoop-ozone/integration-test/target/log,AVAILABLE}
2022-07-19 01:12:54,793 [Listener at 127.0.0.1/36483] INFO  handler.ContextHandler (ContextHandler.java:doStart(915)) - Started o.e.j.s.ServletContextHandler@37da25c9{static,/static,file:///home/runner/work/ozone/ozone/hadoop-ozone/integration-test/target/test-classes/webapps/static,AVAILABLE}
2022-07-19 01:12:54,798 [Listener at 127.0.0.1/36483] INFO  handler.ContextHandler (ContextHandler.java:doStart(915)) - Started o.e.j.w.WebAppContext@3239f4c1{ozoneManager,/,file:///home/runner/work/ozone/ozone/hadoop-ozone/integration-test/target/test-classes/webapps/ozoneManager/,AVAILABLE}{file:/home/runner/work/ozone/ozone/hadoop-ozone/integration-test/target/test-classes/webapps/ozoneManager}
2022-07-19 01:12:54,799 [Listener at 127.0.0.1/36483] INFO  server.AbstractConnector (AbstractConnector.java:doStart(331)) - Started ServerConnector@6acdbe95{HTTP/1.1, (http/1.1)}{0.0.0.0:38845}
2022-07-19 01:12:54,799 [Listener at 127.0.0.1/36483] INFO  server.Server (Server.java:doStart(415)) - Started @8515ms
2022-07-19 01:12:54,799 [Listener at 127.0.0.1/36483] WARN  impl.MetricsSystemImpl (MetricsSystemImpl.java:register(279)) - Sink prometheus already exists!
2022-07-19 01:12:54,800 [Listener at 127.0.0.1/36483] INFO  http.BaseHttpServer (BaseHttpServer.java:updateConnectorAddress(329)) - HTTP server of ozoneManager listening at http://0.0.0.0:38845
2022-07-19 01:12:54,800 [IPC Server Responder] INFO  ipc.Server (Server.java:run(1507)) - IPC Server Responder: starting
2022-07-19 01:12:54,801 [IPC Server listener on 0] INFO  ipc.Server (Server.java:run(1344)) - IPC Server listener on 0: starting
2022-07-19 01:12:54,804 [Listener at 127.0.0.1/36483] INFO  om.OzoneManager (OzoneManager.java:startTrashEmptier(1907)) - Trash Interval set to 0. Files deleted won't move to trash
2022-07-19 01:12:54,824 [org.apache.hadoop.util.JvmPauseMonitor$Monitor@2f1841c5] INFO  util.JvmPauseMonitor (JvmPauseMonitor.java:run(188)) - Starting JVM pause monitor
2022-07-19 01:12:55,006 [Listener at 127.0.0.1/36483] WARN  impl.MetricRegistriesImpl (MetricRegistriesImpl.java:addReporterRegistration(111)) - New reporters are added after registries were created. Some metrics will be missing from the reporter. Please add reporter before adding any new registry.
2022-07-19 01:12:55,006 [Listener at 127.0.0.1/36483] WARN  impl.MetricRegistriesImpl (MetricRegistriesImpl.java:addReporterRegistration(111)) - New reporters are added after registries were created. Some metrics will be missing from the reporter. Please add reporter before adding any new registry.
2022-07-19 01:12:55,007 [Listener at 127.0.0.1/36483] INFO  impl.MetricsSystemImpl (MetricsSystemImpl.java:init(158)) - HddsDatanode metrics system started (again)
2022-07-19 01:12:55,025 [Listener at 127.0.0.1/36483] INFO  ozone.HddsDatanodeService (HddsDatanodeService.java:start(236)) - HddsDatanodeService host:fv-az458-285.cxtooap3h1lune4eycoub4ghla.dx.internal.cloudapp.net ip:10.1.0.7
2022-07-19 01:12:55,063 [Listener at 127.0.0.1/36483] INFO  upgrade.AbstractLayoutVersionManager (AbstractLayoutVersionManager.java:init(83)) - Initializing Layout version manager with metadata layout = DATANODE_SCHEMA_V3 (version = 4), software layout = DATANODE_SCHEMA_V3 (version = 4)
2022-07-19 01:12:55,119 [Listener at 127.0.0.1/36483] INFO  reflections.Reflections (Reflections.java:scan(232)) - Reflections took 51 ms to scan 7 urls, producing 132 keys and 321 values 
2022-07-19 01:12:55,127 [Listener at 127.0.0.1/36483] INFO  statemachine.DatanodeStateMachine (DatanodeStateMachine.java:getEndPointTaskThreadPoolSize(237)) - Datanode State Machine Task Thread Pool size 2
2022-07-19 01:12:55,205 [Listener at 127.0.0.1/36483] INFO  volume.HddsVolume (HddsVolume.java:<init>(116)) - Creating HddsVolume: /home/runner/work/ozone/ozone/hadoop-ozone/integration-test/target/test-dir/MiniOzoneClusterImpl-2ac8f481-cfe8-4b79-9e35-c5083f796462/datanode-0/data-0/containers/hdds of storage type : DISK capacity : 9223372036854775807
2022-07-19 01:12:55,208 [Listener at 127.0.0.1/36483] INFO  volume.MutableVolumeSet (MutableVolumeSet.java:initializeVolumeSet(174)) - Added Volume : /home/runner/work/ozone/ozone/hadoop-ozone/integration-test/target/test-dir/MiniOzoneClusterImpl-2ac8f481-cfe8-4b79-9e35-c5083f796462/datanode-0/data-0/containers/hdds to VolumeSet
2022-07-19 01:12:55,209 [Listener at 127.0.0.1/36483] INFO  volume.ThrottledAsyncChecker (ThrottledAsyncChecker.java:schedule(141)) - Scheduling a check for /home/runner/work/ozone/ozone/hadoop-ozone/integration-test/target/test-dir/MiniOzoneClusterImpl-2ac8f481-cfe8-4b79-9e35-c5083f796462/datanode-0/data-0/containers/hdds
2022-07-19 01:12:55,228 [Listener at 127.0.0.1/36483] INFO  volume.StorageVolumeChecker (StorageVolumeChecker.java:checkAllVolumes(202)) - Scheduled health check for volume /home/runner/work/ozone/ozone/hadoop-ozone/integration-test/target/test-dir/MiniOzoneClusterImpl-2ac8f481-cfe8-4b79-9e35-c5083f796462/datanode-0/data-0/containers/hdds
2022-07-19 01:12:55,246 [Listener at 127.0.0.1/36483] INFO  volume.MutableVolumeSet (MutableVolumeSet.java:initializeVolumeSet(174)) - Added Volume : /home/runner/work/ozone/ozone/hadoop-ozone/integration-test/target/test-dir/MiniOzoneClusterImpl-2ac8f481-cfe8-4b79-9e35-c5083f796462/datanode-0/data/ratis to VolumeSet
2022-07-19 01:12:55,247 [Listener at 127.0.0.1/36483] INFO  volume.ThrottledAsyncChecker (ThrottledAsyncChecker.java:schedule(141)) - Scheduling a check for /home/runner/work/ozone/ozone/hadoop-ozone/integration-test/target/test-dir/MiniOzoneClusterImpl-2ac8f481-cfe8-4b79-9e35-c5083f796462/datanode-0/data/ratis
2022-07-19 01:12:55,247 [Listener at 127.0.0.1/36483] INFO  volume.StorageVolumeChecker (StorageVolumeChecker.java:checkAllVolumes(202)) - Scheduled health check for volume /home/runner/work/ozone/ozone/hadoop-ozone/integration-test/target/test-dir/MiniOzoneClusterImpl-2ac8f481-cfe8-4b79-9e35-c5083f796462/datanode-0/data/ratis
2022-07-19 01:12:55,272 [Thread-135] INFO  ozoneimpl.ContainerReader (ContainerReader.java:readVolume(175)) - Finish verifying containers on volume /home/runner/work/ozone/ozone/hadoop-ozone/integration-test/target/test-dir/MiniOzoneClusterImpl-2ac8f481-cfe8-4b79-9e35-c5083f796462/datanode-0/data-0/containers/hdds
2022-07-19 01:12:55,273 [Listener at 127.0.0.1/36483] INFO  ozoneimpl.OzoneContainer (OzoneContainer.java:buildContainerSet(299)) - Build ContainerSet costs 0s
2022-07-19 01:12:55,328 [Listener at 127.0.0.1/36483] INFO  audit.AuditLogger (AuditLogger.java:refreshDebugCmdSet(120)) - Refresh DebugCmdSet for DNAudit to [].
2022-07-19 01:12:55,364 [Listener at 127.0.0.1/36483] INFO  server.RaftServer (ConfUtils.java:logGet(46)) - raft.rpc.type = GRPC (default)
2022-07-19 01:12:55,365 [Listener at 127.0.0.1/36483] INFO  grpc.GrpcFactory (GrpcFactory.java:checkPooledByteBufAllocatorUseCacheForAllThreads(48)) - PERFORMANCE WARNING: useCacheForAllThreads is true that may cause Netty to create a lot garbage objects and, as a result, trigger GC.
	It is recommended to disable useCacheForAllThreads by setting -Dorg.apache.ratis.thirdparty.io.netty.allocator.useCacheForAllThreads=false in command line.
2022-07-19 01:12:55,365 [Listener at 127.0.0.1/36483] INFO  grpc.GrpcConfigKeys (ConfUtils.java:logGet(46)) - raft.grpc.admin.port = 0 (custom)
2022-07-19 01:12:55,368 [Listener at 127.0.0.1/36483] INFO  grpc.GrpcConfigKeys (ConfUtils.java:logGet(46)) - raft.grpc.client.port = 0 (custom)
2022-07-19 01:12:55,368 [Listener at 127.0.0.1/36483] INFO  grpc.GrpcConfigKeys (ConfUtils.java:logGet(46)) - raft.grpc.server.port = 0 (default)
2022-07-19 01:12:55,368 [Listener at 127.0.0.1/36483] INFO  server.GrpcService (ConfUtils.java:logGet(46)) - raft.grpc.message.size.max = 32MB (=33554432) (custom)
2022-07-19 01:12:55,369 [Listener at 127.0.0.1/36483] INFO  server.RaftServerConfigKeys (ConfUtils.java:logGet(46)) - raft.server.log.appender.buffer.byte-limit = 33554432 (custom)
2022-07-19 01:12:55,369 [Listener at 127.0.0.1/36483] INFO  server.GrpcService (ConfUtils.java:logGet(46)) - raft.grpc.flow.control.window = 5MB (=5242880) (custom)
2022-07-19 01:12:55,370 [Listener at 127.0.0.1/36483] INFO  server.RaftServerConfigKeys (ConfUtils.java:logGet(46)) - raft.server.rpc.request.timeout = 60s (custom)
2022-07-19 01:12:55,370 [Listener at 127.0.0.1/36483] INFO  grpc.GrpcConfigKeys (ConfUtils.java:logGet(46)) - raft.grpc.server.async.request.thread.pool.cached = true (default)
2022-07-19 01:12:55,370 [Listener at 127.0.0.1/36483] INFO  grpc.GrpcConfigKeys (ConfUtils.java:logGet(46)) - raft.grpc.server.async.request.thread.pool.size = 32 (default)
2022-07-19 01:12:55,374 [Listener at 127.0.0.1/36483] INFO  impl.DataStreamServerImpl (ConfUtils.java:logGet(46)) - raft.datastream.type = DISABLED (default)
2022-07-19 01:12:55,377 [Listener at 127.0.0.1/36483] INFO  server.RaftServerConfigKeys (ConfUtils.java:logGet(46)) - raft.server.threadpool.proxy.cached = true (default)
2022-07-19 01:12:55,377 [Listener at 127.0.0.1/36483] INFO  server.RaftServerConfigKeys (ConfUtils.java:logGet(46)) - raft.server.threadpool.proxy.size = 0 (default)
2022-07-19 01:12:55,378 [Listener at 127.0.0.1/36483] INFO  server.RaftServerConfigKeys (ConfUtils.java:logGet(46)) - raft.server.rpc.slowness.timeout = 300s (custom)
2022-07-19 01:12:55,378 [Listener at 127.0.0.1/36483] INFO  server.RaftServerConfigKeys (ConfUtils.java:logGet(46)) - raft.server.leaderelection.leader.step-down.wait-time = 10s (default)
2022-07-19 01:12:55,378 [Listener at 127.0.0.1/36483] INFO  server.RaftServerConfigKeys (ConfUtils.java:logGet(46)) - raft.server.storage.dir = [/home/runner/work/ozone/ozone/hadoop-ozone/integration-test/target/test-dir/MiniOzoneClusterImpl-2ac8f481-cfe8-4b79-9e35-c5083f796462/datanode-0/data/ratis] (custom)
2022-07-19 01:12:55,412 [Listener at 127.0.0.1/36483] INFO  server.XceiverServerGrpc (XceiverServerGrpc.java:<init>(132)) - GrpcServer channel type EpollServerSocketChannel
2022-07-19 01:12:55,485 [Listener at 127.0.0.1/36483] INFO  http.BaseHttpServer (BaseHttpServer.java:newHttpServer2BuilderForOzone(209)) - Starting Web-server for hddsDatanode at: http://0.0.0.0:0
2022-07-19 01:12:55,488 [Listener at 127.0.0.1/36483] INFO  http.BaseHttpServer (BaseHttpServer.java:<init>(107)) - Hadoop Security Enabled: false Ozone Security Enabled: false Ozone HTTP Security Enabled: false 
2022-07-19 01:12:55,496 [Listener at 127.0.0.1/36483] INFO  server.AuthenticationFilter (AuthenticationFilter.java:constructSecretProvider(240)) - Unable to initialize FileSignerSecretProvider, falling back to use random secrets.
2022-07-19 01:12:55,496 [Listener at 127.0.0.1/36483] WARN  http.HttpRequestLog (HttpRequestLog.java:getRequestLog(103)) - Jetty request log can only be enabled using Log4j
2022-07-19 01:12:55,498 [Listener at 127.0.0.1/36483] INFO  http.HttpServer2 (HttpServer2.java:addGlobalFilter(1029)) - Added global filter 'safety' (class=org.apache.hadoop.hdds.server.http.HttpServer2$QuotingInputFilter)
2022-07-19 01:12:55,499 [Listener at 127.0.0.1/36483] INFO  http.HttpServer2 (HttpServer2.java:addFilter(1005)) - Added filter static_user_filter (class=org.apache.hadoop.http.lib.StaticUserWebFilter$StaticUserFilter) to context hddsDatanode
2022-07-19 01:12:55,499 [Listener at 127.0.0.1/36483] INFO  http.HttpServer2 (HttpServer2.java:addFilter(1013)) - Added filter static_user_filter (class=org.apache.hadoop.http.lib.StaticUserWebFilter$StaticUserFilter) to context logs
2022-07-19 01:12:55,499 [Listener at 127.0.0.1/36483] INFO  http.HttpServer2 (HttpServer2.java:addFilter(1013)) - Added filter static_user_filter (class=org.apache.hadoop.http.lib.StaticUserWebFilter$StaticUserFilter) to context static
2022-07-19 01:12:55,500 [Listener at 127.0.0.1/36483] INFO  http.HttpServer2 (HttpServer2.java:bindListener(1248)) - Jetty bound to port 41395
2022-07-19 01:12:55,500 [Listener at 127.0.0.1/36483] INFO  server.Server (Server.java:doStart(375)) - jetty-9.4.43.v20210629; built: 2021-06-30T11:07:22.254Z; git: 526006ecfa3af7f1a27ef3a288e2bef7ea9dd7e8; jvm 1.8.0_332-b09
2022-07-19 01:12:55,503 [Listener at 127.0.0.1/36483] INFO  server.session (DefaultSessionIdManager.java:doStart(334)) - DefaultSessionIdManager workerName=node0
2022-07-19 01:12:55,503 [Listener at 127.0.0.1/36483] INFO  server.session (DefaultSessionIdManager.java:doStart(339)) - No SessionScavenger set, using defaults
2022-07-19 01:12:55,503 [Listener at 127.0.0.1/36483] INFO  server.session (HouseKeeper.java:startScavenging(132)) - node0 Scavenging every 600000ms
2022-07-19 01:12:55,505 [Listener at 127.0.0.1/36483] INFO  handler.ContextHandler (ContextHandler.java:doStart(915)) - Started o.e.j.s.ServletContextHandler@47d41097{logs,/logs,file:///home/runner/work/ozone/ozone/hadoop-ozone/integration-test/target/log,AVAILABLE}
2022-07-19 01:12:55,505 [Listener at 127.0.0.1/36483] INFO  handler.ContextHandler (ContextHandler.java:doStart(915)) - Started o.e.j.s.ServletContextHandler@53bb9bd{static,/static,jar:file:/home/runner/.m2/repository/org/apache/ozone/hdds-container-service/1.3.0-SNAPSHOT/hdds-container-service-1.3.0-SNAPSHOT.jar!/webapps/static,AVAILABLE}
2022-07-19 01:12:55,707 [om1@group-C5BA1605619E-FollowerState] INFO  impl.FollowerState (FollowerState.java:run(143)) - om1@group-C5BA1605619E-FollowerState: change to CANDIDATE, lastRpcElapsedTime:1046110373ns, electionTimeout:1030ms
2022-07-19 01:12:55,709 [om1@group-C5BA1605619E-FollowerState] INFO  impl.RoleInfo (RoleInfo.java:shutdownFollowerState(110)) - om1: shutdown om1@group-C5BA1605619E-FollowerState
2022-07-19 01:12:55,709 [om1@group-C5BA1605619E-FollowerState] INFO  server.RaftServer$Division (RaftServerImpl.java:setRole(299)) - om1@group-C5BA1605619E: changes role from  FOLLOWER to CANDIDATE at term 0 for changeToCandidate
2022-07-19 01:12:55,712 [om1@group-C5BA1605619E-FollowerState] INFO  server.RaftServerConfigKeys (ConfUtils.java:logGet(46)) - raft.server.leaderelection.pre-vote = false (custom)
2022-07-19 01:12:55,712 [om1@group-C5BA1605619E-FollowerState] INFO  impl.RoleInfo (RoleInfo.java:updateAndGet(139)) - om1: start om1@group-C5BA1605619E-LeaderElection1
2022-07-19 01:12:55,725 [Listener at 127.0.0.1/36483] INFO  handler.ContextHandler (ContextHandler.java:doStart(915)) - Started o.e.j.w.WebAppContext@5be576eb{hddsDatanode,/,file:///tmp/jetty-0_0_0_0-41395-hdds-container-service-1_3_0-SNAPSHOT_jar-_-any-1171694869953372130/webapp/,AVAILABLE}{jar:file:/home/runner/.m2/repository/org/apache/ozone/hdds-container-service/1.3.0-SNAPSHOT/hdds-container-service-1.3.0-SNAPSHOT.jar!/webapps/hddsDatanode}
2022-07-19 01:12:55,727 [Listener at 127.0.0.1/36483] INFO  server.AbstractConnector (AbstractConnector.java:doStart(331)) - Started ServerConnector@6dd40b43{HTTP/1.1, (http/1.1)}{0.0.0.0:41395}
2022-07-19 01:12:55,727 [Listener at 127.0.0.1/36483] INFO  server.Server (Server.java:doStart(415)) - Started @9443ms
2022-07-19 01:12:55,727 [Listener at 127.0.0.1/36483] WARN  impl.MetricsSystemImpl (MetricsSystemImpl.java:register(279)) - Sink prometheus already exists!
2022-07-19 01:12:55,730 [Listener at 127.0.0.1/36483] INFO  http.BaseHttpServer (BaseHttpServer.java:updateConnectorAddress(329)) - HTTP server of hddsDatanode listening at http://0.0.0.0:41395
2022-07-19 01:12:55,731 [Listener at 127.0.0.1/36483] WARN  impl.MetricRegistriesImpl (MetricRegistriesImpl.java:addReporterRegistration(111)) - New reporters are added after registries were created. Some metrics will be missing from the reporter. Please add reporter before adding any new registry.
2022-07-19 01:12:55,731 [Listener at 127.0.0.1/36483] WARN  impl.MetricRegistriesImpl (MetricRegistriesImpl.java:addReporterRegistration(111)) - New reporters are added after registries were created. Some metrics will be missing from the reporter. Please add reporter before adding any new registry.
2022-07-19 01:12:55,731 [Listener at 127.0.0.1/36483] INFO  impl.MetricsSystemImpl (MetricsSystemImpl.java:init(158)) - HddsDatanode metrics system started (again)
2022-07-19 01:12:55,733 [om1@group-C5BA1605619E-LeaderElection1] INFO  impl.LeaderElection (LeaderElection.java:askForVotes(310)) - om1@group-C5BA1605619E-LeaderElection1 ELECTION round 0: submit vote requests at term 1 for -1: [om1|rpc:localhost:9872|priority:0], old=null
2022-07-19 01:12:55,734 [om1@group-C5BA1605619E-LeaderElection1] INFO  impl.LeaderElection (LeaderElection.java:askForVotes(312)) - om1@group-C5BA1605619E-LeaderElection1 ELECTION round 0: result PASSED (term=1)
2022-07-19 01:12:55,734 [om1@group-C5BA1605619E-LeaderElection1] INFO  impl.RoleInfo (RoleInfo.java:shutdownLeaderElection(130)) - om1: shutdown om1@group-C5BA1605619E-LeaderElection1
2022-07-19 01:12:55,735 [om1@group-C5BA1605619E-LeaderElection1] INFO  server.RaftServer$Division (RaftServerImpl.java:setRole(299)) - om1@group-C5BA1605619E: changes role from CANDIDATE to LEADER at term 1 for changeToLeader
2022-07-19 01:12:55,735 [om1@group-C5BA1605619E-LeaderElection1] INFO  server.RaftServer$Division (ServerState.java:setLeader(287)) - om1@group-C5BA1605619E: change Leader from null to om1 at term 1 for becomeLeader, leader elected after 2238ms
2022-07-19 01:12:55,740 [Datanode State Machine Daemon Thread] INFO  statemachine.DatanodeStateMachine (DatanodeStateMachine.java:lambda$startDaemon$0(492)) - Ozone container server started.
2022-07-19 01:12:55,755 [om1@group-C5BA1605619E-LeaderElection1] INFO  server.RaftServerConfigKeys (ConfUtils.java:logGet(46)) - raft.server.staging.catchup.gap = 1000 (default)
2022-07-19 01:12:55,759 [Listener at 127.0.0.1/36483] INFO  ozone.HddsDatanodeService (HddsDatanodeService.java:start(236)) - HddsDatanodeService host:fv-az458-285.cxtooap3h1lune4eycoub4ghla.dx.internal.cloudapp.net ip:10.1.0.7
2022-07-19 01:12:55,766 [om1@group-C5BA1605619E-LeaderElection1] INFO  server.RaftServerConfigKeys (ConfUtils.java:logGet(46)) - raft.server.write.element-limit = 4096 (default)
2022-07-19 01:12:55,771 [om1@group-C5BA1605619E-LeaderElection1] INFO  server.RaftServerConfigKeys (ConfUtils.java:logGet(46)) - raft.server.write.byte-limit = 64MB (=67108864) (default)
2022-07-19 01:12:55,781 [org.apache.hadoop.util.JvmPauseMonitor$Monitor@18fb3dff] INFO  util.JvmPauseMonitor (JvmPauseMonitor.java:run(188)) - Starting JVM pause monitor
2022-07-19 01:12:55,792 [om1@group-C5BA1605619E-LeaderElection1] INFO  server.RaftServerConfigKeys (ConfUtils.java:logGet(46)) - raft.server.watch.timeout = 10s (default)
2022-07-19 01:12:55,792 [om1@group-C5BA1605619E-LeaderElection1] INFO  server.RaftServerConfigKeys (ConfUtils.java:logGet(46)) - raft.server.watch.timeout.denomination = 1s (default)
2022-07-19 01:12:55,793 [Listener at 127.0.0.1/36483] INFO  upgrade.AbstractLayoutVersionManager (AbstractLayoutVersionManager.java:init(83)) - Initializing Layout version manager with metadata layout = DATANODE_SCHEMA_V3 (version = 4), software layout = DATANODE_SCHEMA_V3 (version = 4)
2022-07-19 01:12:55,799 [om1@group-C5BA1605619E-LeaderElection1] INFO  server.RaftServerConfigKeys (ConfUtils.java:logGet(46)) - raft.server.watch.element-limit = 65536 (default)
2022-07-19 01:12:55,820 [om1@group-C5BA1605619E-LeaderElection1] INFO  server.RaftServerConfigKeys (ConfUtils.java:logGet(46)) - raft.server.write.element-limit = 4096 (default)
2022-07-19 01:12:55,823 [om1@group-C5BA1605619E-LeaderElection1] INFO  server.RaftServerConfigKeys (ConfUtils.java:logGet(46)) - raft.server.write.follower.gap.ratio.max = -1.0 (default)
2022-07-19 01:12:55,848 [om1@group-C5BA1605619E-LeaderElection1] INFO  impl.RoleInfo (RoleInfo.java:updateAndGet(139)) - om1: start om1@group-C5BA1605619E-LeaderStateImpl
2022-07-19 01:12:55,889 [om1@group-C5BA1605619E-LeaderElection1] INFO  segmented.SegmentedRaftLogWorker (SegmentedRaftLogWorker.java:startLogSegment(425)) - om1@group-C5BA1605619E-SegmentedRaftLogWorker: Starting segment from index:0
2022-07-19 01:12:55,949 [Listener at 127.0.0.1/36483] INFO  reflections.Reflections (Reflections.java:scan(232)) - Reflections took 154 ms to scan 7 urls, producing 132 keys and 321 values 
2022-07-19 01:12:55,958 [Listener at 127.0.0.1/36483] INFO  statemachine.DatanodeStateMachine (DatanodeStateMachine.java:getEndPointTaskThreadPoolSize(237)) - Datanode State Machine Task Thread Pool size 2
2022-07-19 01:12:55,968 [Listener at 127.0.0.1/36483] INFO  volume.HddsVolume (HddsVolume.java:<init>(116)) - Creating HddsVolume: /home/runner/work/ozone/ozone/hadoop-ozone/integration-test/target/test-dir/MiniOzoneClusterImpl-2ac8f481-cfe8-4b79-9e35-c5083f796462/datanode-1/data-0/containers/hdds of storage type : DISK capacity : 9223372036854775807
2022-07-19 01:12:55,975 [Listener at 127.0.0.1/36483] INFO  volume.MutableVolumeSet (MutableVolumeSet.java:initializeVolumeSet(174)) - Added Volume : /home/runner/work/ozone/ozone/hadoop-ozone/integration-test/target/test-dir/MiniOzoneClusterImpl-2ac8f481-cfe8-4b79-9e35-c5083f796462/datanode-1/data-0/containers/hdds to VolumeSet
2022-07-19 01:12:55,975 [Listener at 127.0.0.1/36483] INFO  volume.ThrottledAsyncChecker (ThrottledAsyncChecker.java:schedule(141)) - Scheduling a check for /home/runner/work/ozone/ozone/hadoop-ozone/integration-test/target/test-dir/MiniOzoneClusterImpl-2ac8f481-cfe8-4b79-9e35-c5083f796462/datanode-1/data-0/containers/hdds
2022-07-19 01:12:55,974 [om1@group-C5BA1605619E-LeaderElection1] INFO  server.RaftServer$Division (ServerState.java:setRaftConf(393)) - om1@group-C5BA1605619E: set configuration 0: [om1|rpc:localhost:9872|admin:|client:|dataStream:|priority:0], old=null
2022-07-19 01:12:55,991 [Listener at 127.0.0.1/36483] INFO  volume.StorageVolumeChecker (StorageVolumeChecker.java:checkAllVolumes(202)) - Scheduled health check for volume /home/runner/work/ozone/ozone/hadoop-ozone/integration-test/target/test-dir/MiniOzoneClusterImpl-2ac8f481-cfe8-4b79-9e35-c5083f796462/datanode-1/data-0/containers/hdds
2022-07-19 01:12:56,024 [Listener at 127.0.0.1/36483] INFO  volume.MutableVolumeSet (MutableVolumeSet.java:initializeVolumeSet(174)) - Added Volume : /home/runner/work/ozone/ozone/hadoop-ozone/integration-test/target/test-dir/MiniOzoneClusterImpl-2ac8f481-cfe8-4b79-9e35-c5083f796462/datanode-1/data/ratis to VolumeSet
2022-07-19 01:12:56,024 [Listener at 127.0.0.1/36483] INFO  volume.ThrottledAsyncChecker (ThrottledAsyncChecker.java:schedule(141)) - Scheduling a check for /home/runner/work/ozone/ozone/hadoop-ozone/integration-test/target/test-dir/MiniOzoneClusterImpl-2ac8f481-cfe8-4b79-9e35-c5083f796462/datanode-1/data/ratis
2022-07-19 01:12:56,026 [Listener at 127.0.0.1/36483] INFO  volume.StorageVolumeChecker (StorageVolumeChecker.java:checkAllVolumes(202)) - Scheduled health check for volume /home/runner/work/ozone/ozone/hadoop-ozone/integration-test/target/test-dir/MiniOzoneClusterImpl-2ac8f481-cfe8-4b79-9e35-c5083f796462/datanode-1/data/ratis
2022-07-19 01:12:56,027 [Datanode State Machine Task Thread - 0] INFO  datanode.InitDatanodeState (InitDatanodeState.java:persistContainerDatanodeDetails(138)) - DatanodeDetails is persisted to /home/runner/work/ozone/ozone/hadoop-ozone/integration-test/target/test-dir/MiniOzoneClusterImpl-2ac8f481-cfe8-4b79-9e35-c5083f796462/datanode-0/meta/datanode.id
2022-07-19 01:12:56,039 [Thread-150] INFO  ozoneimpl.ContainerReader (ContainerReader.java:readVolume(175)) - Finish verifying containers on volume /home/runner/work/ozone/ozone/hadoop-ozone/integration-test/target/test-dir/MiniOzoneClusterImpl-2ac8f481-cfe8-4b79-9e35-c5083f796462/datanode-1/data-0/containers/hdds
2022-07-19 01:12:56,050 [Listener at 127.0.0.1/36483] INFO  ozoneimpl.OzoneContainer (OzoneContainer.java:buildContainerSet(299)) - Build ContainerSet costs 0s
2022-07-19 01:12:56,055 [Listener at 127.0.0.1/36483] INFO  server.RaftServer (ConfUtils.java:logGet(46)) - raft.rpc.type = GRPC (default)
2022-07-19 01:12:56,055 [Listener at 127.0.0.1/36483] INFO  grpc.GrpcFactory (GrpcFactory.java:checkPooledByteBufAllocatorUseCacheForAllThreads(48)) - PERFORMANCE WARNING: useCacheForAllThreads is true that may cause Netty to create a lot garbage objects and, as a result, trigger GC.
	It is recommended to disable useCacheForAllThreads by setting -Dorg.apache.ratis.thirdparty.io.netty.allocator.useCacheForAllThreads=false in command line.
2022-07-19 01:12:56,055 [Listener at 127.0.0.1/36483] INFO  grpc.GrpcConfigKeys (ConfUtils.java:logGet(46)) - raft.grpc.admin.port = 0 (custom)
2022-07-19 01:12:56,055 [Listener at 127.0.0.1/36483] INFO  grpc.GrpcConfigKeys (ConfUtils.java:logGet(46)) - raft.grpc.client.port = 0 (custom)
2022-07-19 01:12:56,056 [Listener at 127.0.0.1/36483] INFO  grpc.GrpcConfigKeys (ConfUtils.java:logGet(46)) - raft.grpc.server.port = 0 (default)
2022-07-19 01:12:56,056 [Listener at 127.0.0.1/36483] INFO  server.GrpcService (ConfUtils.java:logGet(46)) - raft.grpc.message.size.max = 32MB (=33554432) (custom)
2022-07-19 01:12:56,056 [Listener at 127.0.0.1/36483] INFO  server.RaftServerConfigKeys (ConfUtils.java:logGet(46)) - raft.server.log.appender.buffer.byte-limit = 33554432 (custom)
2022-07-19 01:12:56,056 [Listener at 127.0.0.1/36483] INFO  server.GrpcService (ConfUtils.java:logGet(46)) - raft.grpc.flow.control.window = 5MB (=5242880) (custom)
2022-07-19 01:12:56,056 [Listener at 127.0.0.1/36483] INFO  server.RaftServerConfigKeys (ConfUtils.java:logGet(46)) - raft.server.rpc.request.timeout = 60s (custom)
2022-07-19 01:12:56,057 [Listener at 127.0.0.1/36483] INFO  grpc.GrpcConfigKeys (ConfUtils.java:logGet(46)) - raft.grpc.server.async.request.thread.pool.cached = true (default)
2022-07-19 01:12:56,058 [Listener at 127.0.0.1/36483] INFO  grpc.GrpcConfigKeys (ConfUtils.java:logGet(46)) - raft.grpc.server.async.request.thread.pool.size = 32 (default)
2022-07-19 01:12:56,059 [Listener at 127.0.0.1/36483] INFO  impl.DataStreamServerImpl (ConfUtils.java:logGet(46)) - raft.datastream.type = DISABLED (default)
2022-07-19 01:12:56,060 [Listener at 127.0.0.1/36483] INFO  server.RaftServerConfigKeys (ConfUtils.java:logGet(46)) - raft.server.threadpool.proxy.cached = true (default)
2022-07-19 01:12:56,060 [Listener at 127.0.0.1/36483] INFO  server.RaftServerConfigKeys (ConfUtils.java:logGet(46)) - raft.server.threadpool.proxy.size = 0 (default)
2022-07-19 01:12:56,060 [Listener at 127.0.0.1/36483] INFO  server.RaftServerConfigKeys (ConfUtils.java:logGet(46)) - raft.server.rpc.slowness.timeout = 300s (custom)
2022-07-19 01:12:56,060 [Listener at 127.0.0.1/36483] INFO  server.RaftServerConfigKeys (ConfUtils.java:logGet(46)) - raft.server.leaderelection.leader.step-down.wait-time = 10s (default)
2022-07-19 01:12:56,060 [Listener at 127.0.0.1/36483] INFO  server.RaftServerConfigKeys (ConfUtils.java:logGet(46)) - raft.server.storage.dir = [/home/runner/work/ozone/ozone/hadoop-ozone/integration-test/target/test-dir/MiniOzoneClusterImpl-2ac8f481-cfe8-4b79-9e35-c5083f796462/datanode-1/data/ratis] (custom)
2022-07-19 01:12:56,072 [Listener at 127.0.0.1/36483] INFO  server.XceiverServerGrpc (XceiverServerGrpc.java:<init>(132)) - GrpcServer channel type EpollServerSocketChannel
2022-07-19 01:12:56,083 [Listener at 127.0.0.1/36483] INFO  http.BaseHttpServer (BaseHttpServer.java:newHttpServer2BuilderForOzone(209)) - Starting Web-server for hddsDatanode at: http://0.0.0.0:0
2022-07-19 01:12:56,083 [Listener at 127.0.0.1/36483] INFO  http.BaseHttpServer (BaseHttpServer.java:<init>(107)) - Hadoop Security Enabled: false Ozone Security Enabled: false Ozone HTTP Security Enabled: false 
2022-07-19 01:12:56,085 [Listener at 127.0.0.1/36483] INFO  server.AuthenticationFilter (AuthenticationFilter.java:constructSecretProvider(240)) - Unable to initialize FileSignerSecretProvider, falling back to use random secrets.
2022-07-19 01:12:56,087 [Listener at 127.0.0.1/36483] WARN  http.HttpRequestLog (HttpRequestLog.java:getRequestLog(103)) - Jetty request log can only be enabled using Log4j
2022-07-19 01:12:56,089 [Listener at 127.0.0.1/36483] INFO  http.HttpServer2 (HttpServer2.java:addGlobalFilter(1029)) - Added global filter 'safety' (class=org.apache.hadoop.hdds.server.http.HttpServer2$QuotingInputFilter)
2022-07-19 01:12:56,090 [Listener at 127.0.0.1/36483] INFO  http.HttpServer2 (HttpServer2.java:addFilter(1005)) - Added filter static_user_filter (class=org.apache.hadoop.http.lib.StaticUserWebFilter$StaticUserFilter) to context hddsDatanode
2022-07-19 01:12:56,090 [Listener at 127.0.0.1/36483] INFO  http.HttpServer2 (HttpServer2.java:addFilter(1013)) - Added filter static_user_filter (class=org.apache.hadoop.http.lib.StaticUserWebFilter$StaticUserFilter) to context logs
2022-07-19 01:12:56,090 [Listener at 127.0.0.1/36483] INFO  http.HttpServer2 (HttpServer2.java:addFilter(1013)) - Added filter static_user_filter (class=org.apache.hadoop.http.lib.StaticUserWebFilter$StaticUserFilter) to context static
2022-07-19 01:12:56,091 [Listener at 127.0.0.1/36483] INFO  http.HttpServer2 (HttpServer2.java:bindListener(1248)) - Jetty bound to port 44129
2022-07-19 01:12:56,091 [Listener at 127.0.0.1/36483] INFO  server.Server (Server.java:doStart(375)) - jetty-9.4.43.v20210629; built: 2021-06-30T11:07:22.254Z; git: 526006ecfa3af7f1a27ef3a288e2bef7ea9dd7e8; jvm 1.8.0_332-b09
2022-07-19 01:12:56,095 [Listener at 127.0.0.1/36483] INFO  server.session (DefaultSessionIdManager.java:doStart(334)) - DefaultSessionIdManager workerName=node0
2022-07-19 01:12:56,095 [Listener at 127.0.0.1/36483] INFO  server.session (DefaultSessionIdManager.java:doStart(339)) - No SessionScavenger set, using defaults
2022-07-19 01:12:56,095 [Listener at 127.0.0.1/36483] INFO  server.session (HouseKeeper.java:startScavenging(132)) - node0 Scavenging every 600000ms
2022-07-19 01:12:56,096 [om1@group-C5BA1605619E-SegmentedRaftLogWorker] INFO  segmented.SegmentedRaftLogWorker (SegmentedRaftLogWorker.java:execute(629)) - om1@group-C5BA1605619E-SegmentedRaftLogWorker: created new log segment /home/runner/work/ozone/ozone/hadoop-ozone/integration-test/target/test-dir/MiniOzoneClusterImpl-2ac8f481-cfe8-4b79-9e35-c5083f796462/ozone-meta/ratis/bf265839-605b-3f16-9796-c5ba1605619e/current/log_inprogress_0
2022-07-19 01:12:56,097 [Listener at 127.0.0.1/36483] INFO  handler.ContextHandler (ContextHandler.java:doStart(915)) - Started o.e.j.s.ServletContextHandler@16790b0f{logs,/logs,file:///home/runner/work/ozone/ozone/hadoop-ozone/integration-test/target/log,AVAILABLE}
2022-07-19 01:12:56,097 [Listener at 127.0.0.1/36483] INFO  handler.ContextHandler (ContextHandler.java:doStart(915)) - Started o.e.j.s.ServletContextHandler@75cbb215{static,/static,jar:file:/home/runner/.m2/repository/org/apache/ozone/hdds-container-service/1.3.0-SNAPSHOT/hdds-container-service-1.3.0-SNAPSHOT.jar!/webapps/static,AVAILABLE}
2022-07-19 01:12:56,223 [om1@group-C5BA1605619E-StateMachineUpdater] INFO  ratis.OzoneManagerStateMachine (OzoneManagerStateMachine.java:notifyConfigurationChanged(192)) - Received Configuration change notification from Ratis. New Peer list:
[id: "om1"
address: "localhost:9872"
]
2022-07-19 01:12:56,316 [Listener at 127.0.0.1/36483] INFO  handler.ContextHandler (ContextHandler.java:doStart(915)) - Started o.e.j.w.WebAppContext@7b37d57f{hddsDatanode,/,file:///tmp/jetty-0_0_0_0-44129-hdds-container-service-1_3_0-SNAPSHOT_jar-_-any-4633067646594122022/webapp/,AVAILABLE}{jar:file:/home/runner/.m2/repository/org/apache/ozone/hdds-container-service/1.3.0-SNAPSHOT/hdds-container-service-1.3.0-SNAPSHOT.jar!/webapps/hddsDatanode}
2022-07-19 01:12:56,321 [Listener at 127.0.0.1/36483] INFO  server.AbstractConnector (AbstractConnector.java:doStart(331)) - Started ServerConnector@220700c1{HTTP/1.1, (http/1.1)}{0.0.0.0:44129}
2022-07-19 01:12:56,321 [Listener at 127.0.0.1/36483] INFO  server.Server (Server.java:doStart(415)) - Started @10037ms
2022-07-19 01:12:56,321 [Listener at 127.0.0.1/36483] WARN  impl.MetricsSystemImpl (MetricsSystemImpl.java:register(279)) - Sink prometheus already exists!
2022-07-19 01:12:56,322 [Listener at 127.0.0.1/36483] INFO  http.BaseHttpServer (BaseHttpServer.java:updateConnectorAddress(329)) - HTTP server of hddsDatanode listening at http://0.0.0.0:44129
2022-07-19 01:12:56,324 [Datanode State Machine Daemon Thread] INFO  statemachine.DatanodeStateMachine (DatanodeStateMachine.java:lambda$startDaemon$0(492)) - Ozone container server started.
2022-07-19 01:12:56,325 [Listener at 127.0.0.1/36483] WARN  impl.MetricRegistriesImpl (MetricRegistriesImpl.java:addReporterRegistration(111)) - New reporters are added after registries were created. Some metrics will be missing from the reporter. Please add reporter before adding any new registry.
2022-07-19 01:12:56,326 [Listener at 127.0.0.1/36483] WARN  impl.MetricRegistriesImpl (MetricRegistriesImpl.java:addReporterRegistration(111)) - New reporters are added after registries were created. Some metrics will be missing from the reporter. Please add reporter before adding any new registry.
2022-07-19 01:12:56,326 [Listener at 127.0.0.1/36483] INFO  impl.MetricsSystemImpl (MetricsSystemImpl.java:init(158)) - HddsDatanode metrics system started (again)
2022-07-19 01:12:56,337 [Listener at 127.0.0.1/36483] INFO  ozone.HddsDatanodeService (HddsDatanodeService.java:start(236)) - HddsDatanodeService host:fv-az458-285.cxtooap3h1lune4eycoub4ghla.dx.internal.cloudapp.net ip:10.1.0.7
2022-07-19 01:12:56,348 [org.apache.hadoop.util.JvmPauseMonitor$Monitor@5ebe5156] INFO  util.JvmPauseMonitor (JvmPauseMonitor.java:run(188)) - Starting JVM pause monitor
2022-07-19 01:12:56,362 [Datanode State Machine Task Thread - 0] INFO  datanode.InitDatanodeState (InitDatanodeState.java:persistContainerDatanodeDetails(138)) - DatanodeDetails is persisted to /home/runner/work/ozone/ozone/hadoop-ozone/integration-test/target/test-dir/MiniOzoneClusterImpl-2ac8f481-cfe8-4b79-9e35-c5083f796462/datanode-1/meta/datanode.id
2022-07-19 01:12:56,380 [Listener at 127.0.0.1/36483] INFO  upgrade.AbstractLayoutVersionManager (AbstractLayoutVersionManager.java:init(83)) - Initializing Layout version manager with metadata layout = DATANODE_SCHEMA_V3 (version = 4), software layout = DATANODE_SCHEMA_V3 (version = 4)
2022-07-19 01:12:56,431 [Listener at 127.0.0.1/36483] INFO  reflections.Reflections (Reflections.java:scan(232)) - Reflections took 50 ms to scan 7 urls, producing 132 keys and 321 values 
2022-07-19 01:12:56,432 [Listener at 127.0.0.1/36483] INFO  statemachine.DatanodeStateMachine (DatanodeStateMachine.java:getEndPointTaskThreadPoolSize(237)) - Datanode State Machine Task Thread Pool size 2
2022-07-19 01:12:56,435 [Listener at 127.0.0.1/36483] INFO  volume.HddsVolume (HddsVolume.java:<init>(116)) - Creating HddsVolume: /home/runner/work/ozone/ozone/hadoop-ozone/integration-test/target/test-dir/MiniOzoneClusterImpl-2ac8f481-cfe8-4b79-9e35-c5083f796462/datanode-2/data-0/containers/hdds of storage type : DISK capacity : 9223372036854775807
2022-07-19 01:12:56,435 [Listener at 127.0.0.1/36483] INFO  volume.MutableVolumeSet (MutableVolumeSet.java:initializeVolumeSet(174)) - Added Volume : /home/runner/work/ozone/ozone/hadoop-ozone/integration-test/target/test-dir/MiniOzoneClusterImpl-2ac8f481-cfe8-4b79-9e35-c5083f796462/datanode-2/data-0/containers/hdds to VolumeSet
2022-07-19 01:12:56,435 [Listener at 127.0.0.1/36483] INFO  volume.ThrottledAsyncChecker (ThrottledAsyncChecker.java:schedule(141)) - Scheduling a check for /home/runner/work/ozone/ozone/hadoop-ozone/integration-test/target/test-dir/MiniOzoneClusterImpl-2ac8f481-cfe8-4b79-9e35-c5083f796462/datanode-2/data-0/containers/hdds
2022-07-19 01:12:56,436 [Listener at 127.0.0.1/36483] INFO  volume.StorageVolumeChecker (StorageVolumeChecker.java:checkAllVolumes(202)) - Scheduled health check for volume /home/runner/work/ozone/ozone/hadoop-ozone/integration-test/target/test-dir/MiniOzoneClusterImpl-2ac8f481-cfe8-4b79-9e35-c5083f796462/datanode-2/data-0/containers/hdds
2022-07-19 01:12:56,448 [Listener at 127.0.0.1/36483] INFO  volume.MutableVolumeSet (MutableVolumeSet.java:initializeVolumeSet(174)) - Added Volume : /home/runner/work/ozone/ozone/hadoop-ozone/integration-test/target/test-dir/MiniOzoneClusterImpl-2ac8f481-cfe8-4b79-9e35-c5083f796462/datanode-2/data/ratis to VolumeSet
2022-07-19 01:12:56,448 [Listener at 127.0.0.1/36483] INFO  volume.ThrottledAsyncChecker (ThrottledAsyncChecker.java:schedule(141)) - Scheduling a check for /home/runner/work/ozone/ozone/hadoop-ozone/integration-test/target/test-dir/MiniOzoneClusterImpl-2ac8f481-cfe8-4b79-9e35-c5083f796462/datanode-2/data/ratis
2022-07-19 01:12:56,448 [Listener at 127.0.0.1/36483] INFO  volume.StorageVolumeChecker (StorageVolumeChecker.java:checkAllVolumes(202)) - Scheduled health check for volume /home/runner/work/ozone/ozone/hadoop-ozone/integration-test/target/test-dir/MiniOzoneClusterImpl-2ac8f481-cfe8-4b79-9e35-c5083f796462/datanode-2/data/ratis
2022-07-19 01:12:56,459 [Thread-163] INFO  ozoneimpl.ContainerReader (ContainerReader.java:readVolume(175)) - Finish verifying containers on volume /home/runner/work/ozone/ozone/hadoop-ozone/integration-test/target/test-dir/MiniOzoneClusterImpl-2ac8f481-cfe8-4b79-9e35-c5083f796462/datanode-2/data-0/containers/hdds
2022-07-19 01:12:56,459 [Listener at 127.0.0.1/36483] INFO  ozoneimpl.OzoneContainer (OzoneContainer.java:buildContainerSet(299)) - Build ContainerSet costs 0s
2022-07-19 01:12:56,463 [Listener at 127.0.0.1/36483] INFO  server.RaftServer (ConfUtils.java:logGet(46)) - raft.rpc.type = GRPC (default)
2022-07-19 01:12:56,463 [Listener at 127.0.0.1/36483] INFO  grpc.GrpcFactory (GrpcFactory.java:checkPooledByteBufAllocatorUseCacheForAllThreads(48)) - PERFORMANCE WARNING: useCacheForAllThreads is true that may cause Netty to create a lot garbage objects and, as a result, trigger GC.
	It is recommended to disable useCacheForAllThreads by setting -Dorg.apache.ratis.thirdparty.io.netty.allocator.useCacheForAllThreads=false in command line.
2022-07-19 01:12:56,463 [Listener at 127.0.0.1/36483] INFO  grpc.GrpcConfigKeys (ConfUtils.java:logGet(46)) - raft.grpc.admin.port = 0 (custom)
2022-07-19 01:12:56,463 [Listener at 127.0.0.1/36483] INFO  grpc.GrpcConfigKeys (ConfUtils.java:logGet(46)) - raft.grpc.client.port = 0 (custom)
2022-07-19 01:12:56,464 [Listener at 127.0.0.1/36483] INFO  grpc.GrpcConfigKeys (ConfUtils.java:logGet(46)) - raft.grpc.server.port = 0 (default)
2022-07-19 01:12:56,464 [Listener at 127.0.0.1/36483] INFO  server.GrpcService (ConfUtils.java:logGet(46)) - raft.grpc.message.size.max = 32MB (=33554432) (custom)
2022-07-19 01:12:56,464 [Listener at 127.0.0.1/36483] INFO  server.RaftServerConfigKeys (ConfUtils.java:logGet(46)) - raft.server.log.appender.buffer.byte-limit = 33554432 (custom)
2022-07-19 01:12:56,464 [Listener at 127.0.0.1/36483] INFO  server.GrpcService (ConfUtils.java:logGet(46)) - raft.grpc.flow.control.window = 5MB (=5242880) (custom)
2022-07-19 01:12:56,464 [Listener at 127.0.0.1/36483] INFO  server.RaftServerConfigKeys (ConfUtils.java:logGet(46)) - raft.server.rpc.request.timeout = 60s (custom)
2022-07-19 01:12:56,465 [Listener at 127.0.0.1/36483] INFO  grpc.GrpcConfigKeys (ConfUtils.java:logGet(46)) - raft.grpc.server.async.request.thread.pool.cached = true (default)
2022-07-19 01:12:56,465 [Listener at 127.0.0.1/36483] INFO  grpc.GrpcConfigKeys (ConfUtils.java:logGet(46)) - raft.grpc.server.async.request.thread.pool.size = 32 (default)
2022-07-19 01:12:56,466 [Listener at 127.0.0.1/36483] INFO  impl.DataStreamServerImpl (ConfUtils.java:logGet(46)) - raft.datastream.type = DISABLED (default)
2022-07-19 01:12:56,466 [Listener at 127.0.0.1/36483] INFO  server.RaftServerConfigKeys (ConfUtils.java:logGet(46)) - raft.server.threadpool.proxy.cached = true (default)
2022-07-19 01:12:56,466 [Listener at 127.0.0.1/36483] INFO  server.RaftServerConfigKeys (ConfUtils.java:logGet(46)) - raft.server.threadpool.proxy.size = 0 (default)
2022-07-19 01:12:56,467 [Listener at 127.0.0.1/36483] INFO  server.RaftServerConfigKeys (ConfUtils.java:logGet(46)) - raft.server.rpc.slowness.timeout = 300s (custom)
2022-07-19 01:12:56,467 [Listener at 127.0.0.1/36483] INFO  server.RaftServerConfigKeys (ConfUtils.java:logGet(46)) - raft.server.leaderelection.leader.step-down.wait-time = 10s (default)
2022-07-19 01:12:56,467 [Listener at 127.0.0.1/36483] INFO  server.RaftServerConfigKeys (ConfUtils.java:logGet(46)) - raft.server.storage.dir = [/home/runner/work/ozone/ozone/hadoop-ozone/integration-test/target/test-dir/MiniOzoneClusterImpl-2ac8f481-cfe8-4b79-9e35-c5083f796462/datanode-2/data/ratis] (custom)
2022-07-19 01:12:56,469 [Listener at 127.0.0.1/36483] INFO  server.XceiverServerGrpc (XceiverServerGrpc.java:<init>(132)) - GrpcServer channel type EpollServerSocketChannel
2022-07-19 01:12:56,473 [Listener at 127.0.0.1/36483] INFO  http.BaseHttpServer (BaseHttpServer.java:newHttpServer2BuilderForOzone(209)) - Starting Web-server for hddsDatanode at: http://0.0.0.0:0
2022-07-19 01:12:56,473 [Listener at 127.0.0.1/36483] INFO  http.BaseHttpServer (BaseHttpServer.java:<init>(107)) - Hadoop Security Enabled: false Ozone Security Enabled: false Ozone HTTP Security Enabled: false 
2022-07-19 01:12:56,475 [Listener at 127.0.0.1/36483] INFO  server.AuthenticationFilter (AuthenticationFilter.java:constructSecretProvider(240)) - Unable to initialize FileSignerSecretProvider, falling back to use random secrets.
2022-07-19 01:12:56,475 [Listener at 127.0.0.1/36483] WARN  http.HttpRequestLog (HttpRequestLog.java:getRequestLog(103)) - Jetty request log can only be enabled using Log4j
2022-07-19 01:12:56,477 [Listener at 127.0.0.1/36483] INFO  http.HttpServer2 (HttpServer2.java:addGlobalFilter(1029)) - Added global filter 'safety' (class=org.apache.hadoop.hdds.server.http.HttpServer2$QuotingInputFilter)
2022-07-19 01:12:56,477 [Listener at 127.0.0.1/36483] INFO  http.HttpServer2 (HttpServer2.java:addFilter(1005)) - Added filter static_user_filter (class=org.apache.hadoop.http.lib.StaticUserWebFilter$StaticUserFilter) to context hddsDatanode
2022-07-19 01:12:56,478 [Listener at 127.0.0.1/36483] INFO  http.HttpServer2 (HttpServer2.java:addFilter(1013)) - Added filter static_user_filter (class=org.apache.hadoop.http.lib.StaticUserWebFilter$StaticUserFilter) to context static
2022-07-19 01:12:56,478 [Listener at 127.0.0.1/36483] INFO  http.HttpServer2 (HttpServer2.java:addFilter(1013)) - Added filter static_user_filter (class=org.apache.hadoop.http.lib.StaticUserWebFilter$StaticUserFilter) to context logs
2022-07-19 01:12:56,478 [Listener at 127.0.0.1/36483] INFO  http.HttpServer2 (HttpServer2.java:bindListener(1248)) - Jetty bound to port 40989
2022-07-19 01:12:56,478 [Listener at 127.0.0.1/36483] INFO  server.Server (Server.java:doStart(375)) - jetty-9.4.43.v20210629; built: 2021-06-30T11:07:22.254Z; git: 526006ecfa3af7f1a27ef3a288e2bef7ea9dd7e8; jvm 1.8.0_332-b09
2022-07-19 01:12:56,487 [Listener at 127.0.0.1/36483] INFO  server.session (DefaultSessionIdManager.java:doStart(334)) - DefaultSessionIdManager workerName=node0
2022-07-19 01:12:56,487 [Listener at 127.0.0.1/36483] INFO  server.session (DefaultSessionIdManager.java:doStart(339)) - No SessionScavenger set, using defaults
2022-07-19 01:12:56,488 [Listener at 127.0.0.1/36483] INFO  server.session (HouseKeeper.java:startScavenging(132)) - node0 Scavenging every 660000ms
2022-07-19 01:12:56,490 [Listener at 127.0.0.1/36483] INFO  handler.ContextHandler (ContextHandler.java:doStart(915)) - Started o.e.j.s.ServletContextHandler@4c45f6fb{logs,/logs,file:///home/runner/work/ozone/ozone/hadoop-ozone/integration-test/target/log,AVAILABLE}
2022-07-19 01:12:56,490 [Listener at 127.0.0.1/36483] INFO  handler.ContextHandler (ContextHandler.java:doStart(915)) - Started o.e.j.s.ServletContextHandler@3b17ab03{static,/static,jar:file:/home/runner/.m2/repository/org/apache/ozone/hdds-container-service/1.3.0-SNAPSHOT/hdds-container-service-1.3.0-SNAPSHOT.jar!/webapps/static,AVAILABLE}
2022-07-19 01:12:56,684 [Listener at 127.0.0.1/36483] INFO  handler.ContextHandler (ContextHandler.java:doStart(915)) - Started o.e.j.w.WebAppContext@66c3c813{hddsDatanode,/,file:///tmp/jetty-0_0_0_0-40989-hdds-container-service-1_3_0-SNAPSHOT_jar-_-any-3524620884155032419/webapp/,AVAILABLE}{jar:file:/home/runner/.m2/repository/org/apache/ozone/hdds-container-service/1.3.0-SNAPSHOT/hdds-container-service-1.3.0-SNAPSHOT.jar!/webapps/hddsDatanode}
2022-07-19 01:12:56,686 [Listener at 127.0.0.1/36483] INFO  server.AbstractConnector (AbstractConnector.java:doStart(331)) - Started ServerConnector@53d84d6c{HTTP/1.1, (http/1.1)}{0.0.0.0:40989}
2022-07-19 01:12:56,686 [Listener at 127.0.0.1/36483] INFO  server.Server (Server.java:doStart(415)) - Started @10402ms
2022-07-19 01:12:56,686 [Listener at 127.0.0.1/36483] WARN  impl.MetricsSystemImpl (MetricsSystemImpl.java:register(279)) - Sink prometheus already exists!
2022-07-19 01:12:56,687 [Listener at 127.0.0.1/36483] INFO  http.BaseHttpServer (BaseHttpServer.java:updateConnectorAddress(329)) - HTTP server of hddsDatanode listening at http://0.0.0.0:40989
2022-07-19 01:12:56,689 [Listener at 127.0.0.1/36483] INFO  ozone.MiniOzoneClusterImpl (MiniOzoneClusterImpl.java:lambda$waitForClusterToBeReady$0(216)) - Waiting for nodes to be ready. Got 0 of 3 DN Heartbeats.
2022-07-19 01:12:56,689 [Listener at 127.0.0.1/36483] INFO  ozone.MiniOzoneClusterImpl (MiniOzoneClusterImpl.java:lambda$waitForClusterToBeReady$0(219)) - Waiting for cluster to exit safe mode
2022-07-19 01:12:56,689 [Listener at 127.0.0.1/36483] INFO  ozone.MiniOzoneClusterImpl (MiniOzoneClusterImpl.java:lambda$waitForClusterToBeReady$0(221)) - SCM became leader
2022-07-19 01:12:56,689 [Datanode State Machine Daemon Thread] INFO  statemachine.DatanodeStateMachine (DatanodeStateMachine.java:lambda$startDaemon$0(492)) - Ozone container server started.
2022-07-19 01:12:56,691 [org.apache.hadoop.util.JvmPauseMonitor$Monitor@611dd675] INFO  util.JvmPauseMonitor (JvmPauseMonitor.java:run(188)) - Starting JVM pause monitor
2022-07-19 01:12:56,693 [Datanode State Machine Task Thread - 0] INFO  datanode.InitDatanodeState (InitDatanodeState.java:persistContainerDatanodeDetails(138)) - DatanodeDetails is persisted to /home/runner/work/ozone/ozone/hadoop-ozone/integration-test/target/test-dir/MiniOzoneClusterImpl-2ac8f481-cfe8-4b79-9e35-c5083f796462/datanode-2/meta/datanode.id
2022-07-19 01:12:57,690 [Listener at 127.0.0.1/36483] INFO  ozone.MiniOzoneClusterImpl (MiniOzoneClusterImpl.java:lambda$waitForClusterToBeReady$0(216)) - Waiting for nodes to be ready. Got 0 of 3 DN Heartbeats.
2022-07-19 01:12:57,690 [Listener at 127.0.0.1/36483] INFO  ozone.MiniOzoneClusterImpl (MiniOzoneClusterImpl.java:lambda$waitForClusterToBeReady$0(219)) - Waiting for cluster to exit safe mode
2022-07-19 01:12:57,690 [Listener at 127.0.0.1/36483] INFO  ozone.MiniOzoneClusterImpl (MiniOzoneClusterImpl.java:lambda$waitForClusterToBeReady$0(221)) - SCM became leader
2022-07-19 01:12:57,916 [EndpointStateMachine task thread for /0.0.0.0:36051 - 0 ] INFO  volume.HddsVolume (HddsVolume.java:createDbStore(309)) - SchemaV3 db is created and loaded at /home/runner/work/ozone/ozone/hadoop-ozone/integration-test/target/test-dir/MiniOzoneClusterImpl-2ac8f481-cfe8-4b79-9e35-c5083f796462/datanode-0/data-0/containers/hdds/2ac8f481-cfe8-4b79-9e35-c5083f796462/DS-ae9478df-72f0-43d8-9bec-7e4c2ea27b6d/container.db for volume DS-ae9478df-72f0-43d8-9bec-7e4c2ea27b6d
2022-07-19 01:12:57,921 [EndpointStateMachine task thread for /0.0.0.0:36051 - 0 ] INFO  volume.HddsVolume (HddsVolume.java:closeDbStore(340)) - SchemaV3 db is stopped at /home/runner/work/ozone/ozone/hadoop-ozone/integration-test/target/test-dir/MiniOzoneClusterImpl-2ac8f481-cfe8-4b79-9e35-c5083f796462/datanode-0/data-0/containers/hdds/2ac8f481-cfe8-4b79-9e35-c5083f796462/DS-ae9478df-72f0-43d8-9bec-7e4c2ea27b6d/container.db for volume DS-ae9478df-72f0-43d8-9bec-7e4c2ea27b6d
2022-07-19 01:12:57,921 [EndpointStateMachine task thread for /0.0.0.0:36051 - 0 ] INFO  ozoneimpl.OzoneContainer (OzoneContainer.java:start(377)) - Attempting to start container services.
2022-07-19 01:12:57,923 [EndpointStateMachine task thread for /0.0.0.0:36051 - 0 ] INFO  ozoneimpl.OzoneContainer (OzoneContainer.java:startContainerScrub(312)) - Background container scanner has been disabled.
2022-07-19 01:12:57,925 [EndpointStateMachine task thread for /0.0.0.0:36051 - 0 ] INFO  replication.ReplicationServer (ReplicationServer.java:start(111)) - ReplicationServer is started using port 36017
2022-07-19 01:12:57,928 [EndpointStateMachine task thread for /0.0.0.0:36051 - 0 ] INFO  ratis.XceiverServerRatis (XceiverServerRatis.java:start(481)) - Starting XceiverServerRatis 153d89b1-ea87-43f0-8e86-ff1392cd03ec
2022-07-19 01:12:57,934 [EndpointStateMachine task thread for /0.0.0.0:36051 - 0 ] INFO  server.RaftServer (RaftServerProxy.java:lambda$start$6(382)) - 153d89b1-ea87-43f0-8e86-ff1392cd03ec: start RPC server
2022-07-19 01:12:57,936 [EndpointStateMachine task thread for /0.0.0.0:36051 - 0 ] INFO  server.GrpcService (GrpcService.java:startImpl(260)) - 153d89b1-ea87-43f0-8e86-ff1392cd03ec: GrpcService started, listening on 40195
2022-07-19 01:12:57,937 [EndpointStateMachine task thread for /0.0.0.0:36051 - 0 ] INFO  ratis.XceiverServerRatis (XceiverServerRatis.java:getRealPort(502)) - XceiverServerRatis 153d89b1-ea87-43f0-8e86-ff1392cd03ec is started using port 40195 for RATIS
2022-07-19 01:12:57,937 [EndpointStateMachine task thread for /0.0.0.0:36051 - 0 ] INFO  ratis.XceiverServerRatis (XceiverServerRatis.java:getRealPort(502)) - XceiverServerRatis 153d89b1-ea87-43f0-8e86-ff1392cd03ec is started using port 40195 for RATIS_ADMIN
2022-07-19 01:12:57,937 [EndpointStateMachine task thread for /0.0.0.0:36051 - 0 ] INFO  ratis.XceiverServerRatis (XceiverServerRatis.java:getRealPort(502)) - XceiverServerRatis 153d89b1-ea87-43f0-8e86-ff1392cd03ec is started using port 40195 for RATIS_SERVER
2022-07-19 01:12:57,937 [org.apache.ratis.util.JvmPauseMonitor$$Lambda$614/1734994489@60107aec] INFO  util.JvmPauseMonitor (JvmPauseMonitor.java:run(103)) - JvmPauseMonitor-153d89b1-ea87-43f0-8e86-ff1392cd03ec: Started
2022-07-19 01:12:57,948 [EndpointStateMachine task thread for /0.0.0.0:36051 - 0 ] INFO  server.XceiverServerGrpc (XceiverServerGrpc.java:start(180)) - XceiverServerGrpc 153d89b1-ea87-43f0-8e86-ff1392cd03ec is started using port 40985
2022-07-19 01:12:58,393 [EndpointStateMachine task thread for /0.0.0.0:36051 - 0 ] INFO  volume.HddsVolume (HddsVolume.java:createDbStore(309)) - SchemaV3 db is created and loaded at /home/runner/work/ozone/ozone/hadoop-ozone/integration-test/target/test-dir/MiniOzoneClusterImpl-2ac8f481-cfe8-4b79-9e35-c5083f796462/datanode-1/data-0/containers/hdds/2ac8f481-cfe8-4b79-9e35-c5083f796462/DS-4df5496b-1c86-4157-9851-45ddd2e638af/container.db for volume DS-4df5496b-1c86-4157-9851-45ddd2e638af
2022-07-19 01:12:58,394 [EndpointStateMachine task thread for /0.0.0.0:36051 - 0 ] INFO  volume.HddsVolume (HddsVolume.java:closeDbStore(340)) - SchemaV3 db is stopped at /home/runner/work/ozone/ozone/hadoop-ozone/integration-test/target/test-dir/MiniOzoneClusterImpl-2ac8f481-cfe8-4b79-9e35-c5083f796462/datanode-1/data-0/containers/hdds/2ac8f481-cfe8-4b79-9e35-c5083f796462/DS-4df5496b-1c86-4157-9851-45ddd2e638af/container.db for volume DS-4df5496b-1c86-4157-9851-45ddd2e638af
2022-07-19 01:12:58,394 [EndpointStateMachine task thread for /0.0.0.0:36051 - 0 ] INFO  ozoneimpl.OzoneContainer (OzoneContainer.java:start(377)) - Attempting to start container services.
2022-07-19 01:12:58,394 [EndpointStateMachine task thread for /0.0.0.0:36051 - 0 ] INFO  ozoneimpl.OzoneContainer (OzoneContainer.java:startContainerScrub(312)) - Background container scanner has been disabled.
2022-07-19 01:12:58,396 [EndpointStateMachine task thread for /0.0.0.0:36051 - 0 ] INFO  replication.ReplicationServer (ReplicationServer.java:start(111)) - ReplicationServer is started using port 44045
2022-07-19 01:12:58,397 [EndpointStateMachine task thread for /0.0.0.0:36051 - 0 ] INFO  ratis.XceiverServerRatis (XceiverServerRatis.java:start(481)) - Starting XceiverServerRatis 77849db6-05f2-412a-81db-f843d144e1d6
2022-07-19 01:12:58,398 [EndpointStateMachine task thread for /0.0.0.0:36051 - 0 ] INFO  server.RaftServer (RaftServerProxy.java:lambda$start$6(382)) - 77849db6-05f2-412a-81db-f843d144e1d6: start RPC server
2022-07-19 01:12:58,399 [EndpointStateMachine task thread for /0.0.0.0:36051 - 0 ] INFO  server.GrpcService (GrpcService.java:startImpl(260)) - 77849db6-05f2-412a-81db-f843d144e1d6: GrpcService started, listening on 46705
2022-07-19 01:12:58,400 [EndpointStateMachine task thread for /0.0.0.0:36051 - 0 ] INFO  ratis.XceiverServerRatis (XceiverServerRatis.java:getRealPort(502)) - XceiverServerRatis 77849db6-05f2-412a-81db-f843d144e1d6 is started using port 46705 for RATIS
2022-07-19 01:12:58,400 [org.apache.ratis.util.JvmPauseMonitor$$Lambda$614/1734994489@3be16be1] INFO  util.JvmPauseMonitor (JvmPauseMonitor.java:run(103)) - JvmPauseMonitor-77849db6-05f2-412a-81db-f843d144e1d6: Started
2022-07-19 01:12:58,400 [EndpointStateMachine task thread for /0.0.0.0:36051 - 0 ] INFO  ratis.XceiverServerRatis (XceiverServerRatis.java:getRealPort(502)) - XceiverServerRatis 77849db6-05f2-412a-81db-f843d144e1d6 is started using port 46705 for RATIS_ADMIN
2022-07-19 01:12:58,400 [EndpointStateMachine task thread for /0.0.0.0:36051 - 0 ] INFO  ratis.XceiverServerRatis (XceiverServerRatis.java:getRealPort(502)) - XceiverServerRatis 77849db6-05f2-412a-81db-f843d144e1d6 is started using port 46705 for RATIS_SERVER
2022-07-19 01:12:58,401 [EndpointStateMachine task thread for /0.0.0.0:36051 - 0 ] INFO  server.XceiverServerGrpc (XceiverServerGrpc.java:start(180)) - XceiverServerGrpc 77849db6-05f2-412a-81db-f843d144e1d6 is started using port 44741
2022-07-19 01:12:58,690 [Listener at 127.0.0.1/36483] INFO  ozone.MiniOzoneClusterImpl (MiniOzoneClusterImpl.java:lambda$waitForClusterToBeReady$0(216)) - Waiting for nodes to be ready. Got 0 of 3 DN Heartbeats.
2022-07-19 01:12:58,691 [Listener at 127.0.0.1/36483] INFO  ozone.MiniOzoneClusterImpl (MiniOzoneClusterImpl.java:lambda$waitForClusterToBeReady$0(219)) - Waiting for cluster to exit safe mode
2022-07-19 01:12:58,691 [Listener at 127.0.0.1/36483] INFO  ozone.MiniOzoneClusterImpl (MiniOzoneClusterImpl.java:lambda$waitForClusterToBeReady$0(221)) - SCM became leader
2022-07-19 01:12:58,743 [EndpointStateMachine task thread for /0.0.0.0:36051 - 0 ] INFO  volume.HddsVolume (HddsVolume.java:createDbStore(309)) - SchemaV3 db is created and loaded at /home/runner/work/ozone/ozone/hadoop-ozone/integration-test/target/test-dir/MiniOzoneClusterImpl-2ac8f481-cfe8-4b79-9e35-c5083f796462/datanode-2/data-0/containers/hdds/2ac8f481-cfe8-4b79-9e35-c5083f796462/DS-cda73158-6f28-475a-8b0b-09ac0f4b3e60/container.db for volume DS-cda73158-6f28-475a-8b0b-09ac0f4b3e60
2022-07-19 01:12:58,743 [EndpointStateMachine task thread for /0.0.0.0:36051 - 0 ] INFO  volume.HddsVolume (HddsVolume.java:closeDbStore(340)) - SchemaV3 db is stopped at /home/runner/work/ozone/ozone/hadoop-ozone/integration-test/target/test-dir/MiniOzoneClusterImpl-2ac8f481-cfe8-4b79-9e35-c5083f796462/datanode-2/data-0/containers/hdds/2ac8f481-cfe8-4b79-9e35-c5083f796462/DS-cda73158-6f28-475a-8b0b-09ac0f4b3e60/container.db for volume DS-cda73158-6f28-475a-8b0b-09ac0f4b3e60
2022-07-19 01:12:58,744 [EndpointStateMachine task thread for /0.0.0.0:36051 - 0 ] INFO  ozoneimpl.OzoneContainer (OzoneContainer.java:start(377)) - Attempting to start container services.
2022-07-19 01:12:58,744 [EndpointStateMachine task thread for /0.0.0.0:36051 - 0 ] INFO  ozoneimpl.OzoneContainer (OzoneContainer.java:startContainerScrub(312)) - Background container scanner has been disabled.
2022-07-19 01:12:58,748 [EndpointStateMachine task thread for /0.0.0.0:36051 - 0 ] INFO  replication.ReplicationServer (ReplicationServer.java:start(111)) - ReplicationServer is started using port 40739
2022-07-19 01:12:58,749 [EndpointStateMachine task thread for /0.0.0.0:36051 - 0 ] INFO  ratis.XceiverServerRatis (XceiverServerRatis.java:start(481)) - Starting XceiverServerRatis 2aa730c3-ca7b-4604-9fbc-a2524fdd8453
2022-07-19 01:12:58,749 [EndpointStateMachine task thread for /0.0.0.0:36051 - 0 ] INFO  server.RaftServer (RaftServerProxy.java:lambda$start$6(382)) - 2aa730c3-ca7b-4604-9fbc-a2524fdd8453: start RPC server
2022-07-19 01:12:58,751 [EndpointStateMachine task thread for /0.0.0.0:36051 - 0 ] INFO  server.GrpcService (GrpcService.java:startImpl(260)) - 2aa730c3-ca7b-4604-9fbc-a2524fdd8453: GrpcService started, listening on 41013
2022-07-19 01:12:58,751 [EndpointStateMachine task thread for /0.0.0.0:36051 - 0 ] INFO  ratis.XceiverServerRatis (XceiverServerRatis.java:getRealPort(502)) - XceiverServerRatis 2aa730c3-ca7b-4604-9fbc-a2524fdd8453 is started using port 41013 for RATIS
2022-07-19 01:12:58,751 [EndpointStateMachine task thread for /0.0.0.0:36051 - 0 ] INFO  ratis.XceiverServerRatis (XceiverServerRatis.java:getRealPort(502)) - XceiverServerRatis 2aa730c3-ca7b-4604-9fbc-a2524fdd8453 is started using port 41013 for RATIS_ADMIN
2022-07-19 01:12:58,751 [EndpointStateMachine task thread for /0.0.0.0:36051 - 0 ] INFO  ratis.XceiverServerRatis (XceiverServerRatis.java:getRealPort(502)) - XceiverServerRatis 2aa730c3-ca7b-4604-9fbc-a2524fdd8453 is started using port 41013 for RATIS_SERVER
2022-07-19 01:12:58,751 [org.apache.ratis.util.JvmPauseMonitor$$Lambda$614/1734994489@26794790] INFO  util.JvmPauseMonitor (JvmPauseMonitor.java:run(103)) - JvmPauseMonitor-2aa730c3-ca7b-4604-9fbc-a2524fdd8453: Started
2022-07-19 01:12:58,761 [EndpointStateMachine task thread for /0.0.0.0:36051 - 0 ] INFO  server.XceiverServerGrpc (XceiverServerGrpc.java:start(180)) - XceiverServerGrpc 2aa730c3-ca7b-4604-9fbc-a2524fdd8453 is started using port 33689
2022-07-19 01:12:59,691 [Listener at 127.0.0.1/36483] INFO  ozone.MiniOzoneClusterImpl (MiniOzoneClusterImpl.java:lambda$waitForClusterToBeReady$0(216)) - Waiting for nodes to be ready. Got 0 of 3 DN Heartbeats.
2022-07-19 01:12:59,692 [Listener at 127.0.0.1/36483] INFO  ozone.MiniOzoneClusterImpl (MiniOzoneClusterImpl.java:lambda$waitForClusterToBeReady$0(219)) - Waiting for cluster to exit safe mode
2022-07-19 01:12:59,692 [Listener at 127.0.0.1/36483] INFO  ozone.MiniOzoneClusterImpl (MiniOzoneClusterImpl.java:lambda$waitForClusterToBeReady$0(221)) - SCM became leader
2022-07-19 01:12:59,814 [IPC Server handler 19 on default port 36051] INFO  net.NetworkTopologyImpl (NetworkTopologyImpl.java:add(112)) - Added a new node: /default-rack/153d89b1-ea87-43f0-8e86-ff1392cd03ec
2022-07-19 01:12:59,817 [IPC Server handler 19 on default port 36051] INFO  node.SCMNodeManager (SCMNodeManager.java:register(397)) - Registered Data node : 153d89b1-ea87-43f0-8e86-ff1392cd03ec{ip: 10.1.0.7, host: fv-az458-285.cxtooap3h1lune4eycoub4ghla.dx.internal.cloudapp.net, ports: [REPLICATION=36017, RATIS=40195, RATIS_ADMIN=40195, RATIS_SERVER=40195, STANDALONE=40985], networkLocation: /default-rack, certSerialId: null, persistedOpState: null, persistedOpStateExpiryEpochSec: 0}
2022-07-19 01:12:59,822 [EventQueue-NewNodeForNewNodeHandler] INFO  pipeline.BackgroundPipelineCreator (BackgroundPipelineCreator.java:notifyEventTriggered(276)) - trigger a one-shot run on RatisPipelineUtilsThread.
2022-07-19 01:12:59,834 [EventQueue-NodeRegistrationContainerReportForDataNodeSafeModeRule] INFO  safemode.SCMSafeModeManager (DataNodeSafeModeRule.java:process(71)) - SCM in safe mode. 1 DataNodes registered, 3 required.
2022-07-19 01:12:59,835 [RatisPipelineUtilsThread - 0] INFO  pipeline.RatisPipelineProvider (RatisPipelineProvider.java:lambda$create$0(195)) - Sending CreatePipelineCommand for pipeline:PipelineID=b49b2675-e83a-4497-9a00-0e5836ca61da to datanode:153d89b1-ea87-43f0-8e86-ff1392cd03ec
2022-07-19 01:12:59,835 [EventQueue-NodeRegistrationContainerReportForContainerSafeModeRule] INFO  safemode.SCMSafeModeManager (SCMSafeModeManager.java:validateSafeModeExitRules(204)) - ContainerSafeModeRule rule is successfully validated
2022-07-19 01:12:59,836 [EventQueue-PipelineReportForOneReplicaPipelineSafeModeRule] INFO  safemode.SCMSafeModeManager (SCMSafeModeManager.java:validateSafeModeExitRules(204)) - AtleastOneDatanodeReportedRule rule is successfully validated
2022-07-19 01:12:59,850 [RatisPipelineUtilsThread - 0] INFO  pipeline.PipelineStateManagerImpl (PipelineStateManagerImpl.java:addPipeline(103)) - Created pipeline Pipeline[ Id: b49b2675-e83a-4497-9a00-0e5836ca61da, Nodes: 153d89b1-ea87-43f0-8e86-ff1392cd03ec{ip: 10.1.0.7, host: fv-az458-285.cxtooap3h1lune4eycoub4ghla.dx.internal.cloudapp.net, ports: [REPLICATION=36017, RATIS=40195, RATIS_ADMIN=40195, RATIS_SERVER=40195, STANDALONE=40985], networkLocation: /default-rack, certSerialId: null, persistedOpState: IN_SERVICE, persistedOpStateExpiryEpochSec: 0}, ReplicationConfig: RATIS/ONE, State:ALLOCATED, leaderId:, CreationTimestamp2022-07-19T01:12:59.831Z[Etc/UTC]].
2022-07-19 01:13:00,351 [IPC Server handler 12 on default port 36051] INFO  net.NetworkTopologyImpl (NetworkTopologyImpl.java:add(112)) - Added a new node: /default-rack/77849db6-05f2-412a-81db-f843d144e1d6
2022-07-19 01:13:00,352 [IPC Server handler 12 on default port 36051] INFO  node.SCMNodeManager (SCMNodeManager.java:register(397)) - Registered Data node : 77849db6-05f2-412a-81db-f843d144e1d6{ip: 10.1.0.7, host: fv-az458-285.cxtooap3h1lune4eycoub4ghla.dx.internal.cloudapp.net, ports: [REPLICATION=44045, RATIS=46705, RATIS_ADMIN=46705, RATIS_SERVER=46705, STANDALONE=44741], networkLocation: /default-rack, certSerialId: null, persistedOpState: null, persistedOpStateExpiryEpochSec: 0}
2022-07-19 01:13:00,352 [EventQueue-NewNodeForNewNodeHandler] INFO  pipeline.BackgroundPipelineCreator (BackgroundPipelineCreator.java:notifyEventTriggered(276)) - trigger a one-shot run on RatisPipelineUtilsThread.
2022-07-19 01:13:00,354 [RatisPipelineUtilsThread - 0] INFO  pipeline.RatisPipelineProvider (RatisPipelineProvider.java:lambda$create$0(195)) - Sending CreatePipelineCommand for pipeline:PipelineID=90228cc2-1977-4a2d-b266-948f8e0fd406 to datanode:77849db6-05f2-412a-81db-f843d144e1d6
2022-07-19 01:13:00,355 [EventQueue-NodeRegistrationContainerReportForDataNodeSafeModeRule] INFO  safemode.SCMSafeModeManager (DataNodeSafeModeRule.java:process(71)) - SCM in safe mode. 2 DataNodes registered, 3 required.
2022-07-19 01:13:00,356 [RatisPipelineUtilsThread - 0] INFO  pipeline.PipelineStateManagerImpl (PipelineStateManagerImpl.java:addPipeline(103)) - Created pipeline Pipeline[ Id: 90228cc2-1977-4a2d-b266-948f8e0fd406, Nodes: 77849db6-05f2-412a-81db-f843d144e1d6{ip: 10.1.0.7, host: fv-az458-285.cxtooap3h1lune4eycoub4ghla.dx.internal.cloudapp.net, ports: [REPLICATION=44045, RATIS=46705, RATIS_ADMIN=46705, RATIS_SERVER=46705, STANDALONE=44741], networkLocation: /default-rack, certSerialId: null, persistedOpState: IN_SERVICE, persistedOpStateExpiryEpochSec: 0}, ReplicationConfig: RATIS/ONE, State:ALLOCATED, leaderId:, CreationTimestamp2022-07-19T01:13:00.354Z[Etc/UTC]].
2022-07-19 01:13:00,692 [Listener at 127.0.0.1/36483] INFO  ozone.MiniOzoneClusterImpl (MiniOzoneClusterImpl.java:lambda$waitForClusterToBeReady$0(216)) - Waiting for nodes to be ready. Got 2 of 3 DN Heartbeats.
2022-07-19 01:13:00,692 [Listener at 127.0.0.1/36483] INFO  ozone.MiniOzoneClusterImpl (MiniOzoneClusterImpl.java:lambda$waitForClusterToBeReady$0(219)) - Waiting for cluster to exit safe mode
2022-07-19 01:13:00,693 [Listener at 127.0.0.1/36483] INFO  ozone.MiniOzoneClusterImpl (MiniOzoneClusterImpl.java:lambda$waitForClusterToBeReady$0(221)) - SCM became leader
2022-07-19 01:13:00,695 [IPC Server handler 18 on default port 36051] INFO  net.NetworkTopologyImpl (NetworkTopologyImpl.java:add(112)) - Added a new node: /default-rack/2aa730c3-ca7b-4604-9fbc-a2524fdd8453
2022-07-19 01:13:00,695 [IPC Server handler 18 on default port 36051] INFO  node.SCMNodeManager (SCMNodeManager.java:register(397)) - Registered Data node : 2aa730c3-ca7b-4604-9fbc-a2524fdd8453{ip: 10.1.0.7, host: fv-az458-285.cxtooap3h1lune4eycoub4ghla.dx.internal.cloudapp.net, ports: [REPLICATION=40739, RATIS=41013, RATIS_ADMIN=41013, RATIS_SERVER=41013, STANDALONE=33689], networkLocation: /default-rack, certSerialId: null, persistedOpState: null, persistedOpStateExpiryEpochSec: 0}
2022-07-19 01:13:00,695 [EventQueue-NewNodeForNewNodeHandler] INFO  pipeline.BackgroundPipelineCreator (BackgroundPipelineCreator.java:notifyEventTriggered(276)) - trigger a one-shot run on RatisPipelineUtilsThread.
2022-07-19 01:13:00,696 [EventQueue-NodeRegistrationContainerReportForDataNodeSafeModeRule] INFO  safemode.SCMSafeModeManager (DataNodeSafeModeRule.java:process(71)) - SCM in safe mode. 3 DataNodes registered, 3 required.
2022-07-19 01:13:00,696 [EventQueue-NodeRegistrationContainerReportForDataNodeSafeModeRule] INFO  safemode.SCMSafeModeManager (SCMSafeModeManager.java:validateSafeModeExitRules(204)) - DataNodeSafeModeRule rule is successfully validated
2022-07-19 01:13:00,696 [EventQueue-NodeRegistrationContainerReportForDataNodeSafeModeRule] INFO  safemode.SCMSafeModeManager (SCMSafeModeManager.java:completePreCheck(233)) - All SCM safe mode pre check rules have passed
2022-07-19 01:13:00,696 [EventQueue-NodeRegistrationContainerReportForDataNodeSafeModeRule] WARN  events.EventQueue (EventQueue.java:fireEvent(216)) - No event handler registered for event TypedEvent{payloadType=SafeModeStatus, name='Safe mode status'}
2022-07-19 01:13:00,696 [EventQueue-NodeRegistrationContainerReportForDataNodeSafeModeRule] INFO  ha.SCMContext (SCMContext.java:updateSafeModeStatus(228)) - Update SafeModeStatus from SafeModeStatus{safeModeStatus=true, preCheckPassed=false} to SafeModeStatus{safeModeStatus=true, preCheckPassed=true}.
2022-07-19 01:13:00,696 [EventQueue-NodeRegistrationContainerReportForDataNodeSafeModeRule] INFO  pipeline.BackgroundPipelineCreator (BackgroundPipelineCreator.java:notifyEventTriggered(276)) - trigger a one-shot run on RatisPipelineUtilsThread.
2022-07-19 01:13:00,696 [RatisPipelineUtilsThread - 0] INFO  pipeline.RatisPipelineProvider (RatisPipelineProvider.java:lambda$create$0(195)) - Sending CreatePipelineCommand for pipeline:PipelineID=c56a90e9-32d8-4bd0-9503-dc6bbb3a7561 to datanode:2aa730c3-ca7b-4604-9fbc-a2524fdd8453
2022-07-19 01:13:00,697 [RatisPipelineUtilsThread - 0] INFO  pipeline.PipelineStateManagerImpl (PipelineStateManagerImpl.java:addPipeline(103)) - Created pipeline Pipeline[ Id: c56a90e9-32d8-4bd0-9503-dc6bbb3a7561, Nodes: 2aa730c3-ca7b-4604-9fbc-a2524fdd8453{ip: 10.1.0.7, host: fv-az458-285.cxtooap3h1lune4eycoub4ghla.dx.internal.cloudapp.net, ports: [REPLICATION=40739, RATIS=41013, RATIS_ADMIN=41013, RATIS_SERVER=41013, STANDALONE=33689], networkLocation: /default-rack, certSerialId: null, persistedOpState: IN_SERVICE, persistedOpStateExpiryEpochSec: 0}, ReplicationConfig: RATIS/ONE, State:ALLOCATED, leaderId:, CreationTimestamp2022-07-19T01:13:00.696Z[Etc/UTC]].
2022-07-19 01:13:00,701 [RatisPipelineUtilsThread - 0] INFO  pipeline.RatisPipelineProvider (RatisPipelineProvider.java:lambda$create$0(195)) - Sending CreatePipelineCommand for pipeline:PipelineID=37c69e10-7ac0-428d-8fc3-685272520154 to datanode:153d89b1-ea87-43f0-8e86-ff1392cd03ec
2022-07-19 01:13:00,701 [RatisPipelineUtilsThread - 0] INFO  pipeline.RatisPipelineProvider (RatisPipelineProvider.java:lambda$create$0(195)) - Sending CreatePipelineCommand for pipeline:PipelineID=37c69e10-7ac0-428d-8fc3-685272520154 to datanode:2aa730c3-ca7b-4604-9fbc-a2524fdd8453
2022-07-19 01:13:00,701 [RatisPipelineUtilsThread - 0] INFO  pipeline.RatisPipelineProvider (RatisPipelineProvider.java:lambda$create$0(195)) - Sending CreatePipelineCommand for pipeline:PipelineID=37c69e10-7ac0-428d-8fc3-685272520154 to datanode:77849db6-05f2-412a-81db-f843d144e1d6
2022-07-19 01:13:00,702 [RatisPipelineUtilsThread - 0] INFO  pipeline.PipelineStateManagerImpl (PipelineStateManagerImpl.java:addPipeline(103)) - Created pipeline Pipeline[ Id: 37c69e10-7ac0-428d-8fc3-685272520154, Nodes: 153d89b1-ea87-43f0-8e86-ff1392cd03ec{ip: 10.1.0.7, host: fv-az458-285.cxtooap3h1lune4eycoub4ghla.dx.internal.cloudapp.net, ports: [REPLICATION=36017, RATIS=40195, RATIS_ADMIN=40195, RATIS_SERVER=40195, STANDALONE=40985], networkLocation: /default-rack, certSerialId: null, persistedOpState: IN_SERVICE, persistedOpStateExpiryEpochSec: 0}2aa730c3-ca7b-4604-9fbc-a2524fdd8453{ip: 10.1.0.7, host: fv-az458-285.cxtooap3h1lune4eycoub4ghla.dx.internal.cloudapp.net, ports: [REPLICATION=40739, RATIS=41013, RATIS_ADMIN=41013, RATIS_SERVER=41013, STANDALONE=33689], networkLocation: /default-rack, certSerialId: null, persistedOpState: IN_SERVICE, persistedOpStateExpiryEpochSec: 0}77849db6-05f2-412a-81db-f843d144e1d6{ip: 10.1.0.7, host: fv-az458-285.cxtooap3h1lune4eycoub4ghla.dx.internal.cloudapp.net, ports: [REPLICATION=44045, RATIS=46705, RATIS_ADMIN=46705, RATIS_SERVER=46705, STANDALONE=44741], networkLocation: /default-rack, certSerialId: null, persistedOpState: IN_SERVICE, persistedOpStateExpiryEpochSec: 0}, ReplicationConfig: RATIS/THREE, State:ALLOCATED, leaderId:, CreationTimestamp2022-07-19T01:13:00.701Z[Etc/UTC]].
2022-07-19 01:13:00,704 [RatisPipelineUtilsThread - 0] INFO  pipeline.RatisPipelineProvider (RatisPipelineProvider.java:lambda$create$0(195)) - Sending CreatePipelineCommand for pipeline:PipelineID=b0dbf070-c726-4fce-ae39-e4775dbc12bb to datanode:153d89b1-ea87-43f0-8e86-ff1392cd03ec
2022-07-19 01:13:00,704 [RatisPipelineUtilsThread - 0] INFO  pipeline.RatisPipelineProvider (RatisPipelineProvider.java:lambda$create$0(195)) - Sending CreatePipelineCommand for pipeline:PipelineID=b0dbf070-c726-4fce-ae39-e4775dbc12bb to datanode:2aa730c3-ca7b-4604-9fbc-a2524fdd8453
2022-07-19 01:13:00,704 [RatisPipelineUtilsThread - 0] INFO  pipeline.RatisPipelineProvider (RatisPipelineProvider.java:lambda$create$0(195)) - Sending CreatePipelineCommand for pipeline:PipelineID=b0dbf070-c726-4fce-ae39-e4775dbc12bb to datanode:77849db6-05f2-412a-81db-f843d144e1d6
2022-07-19 01:13:00,705 [RatisPipelineUtilsThread - 0] INFO  pipeline.PipelineStateManagerImpl (PipelineStateManagerImpl.java:addPipeline(103)) - Created pipeline Pipeline[ Id: b0dbf070-c726-4fce-ae39-e4775dbc12bb, Nodes: 153d89b1-ea87-43f0-8e86-ff1392cd03ec{ip: 10.1.0.7, host: fv-az458-285.cxtooap3h1lune4eycoub4ghla.dx.internal.cloudapp.net, ports: [REPLICATION=36017, RATIS=40195, RATIS_ADMIN=40195, RATIS_SERVER=40195, STANDALONE=40985], networkLocation: /default-rack, certSerialId: null, persistedOpState: IN_SERVICE, persistedOpStateExpiryEpochSec: 0}2aa730c3-ca7b-4604-9fbc-a2524fdd8453{ip: 10.1.0.7, host: fv-az458-285.cxtooap3h1lune4eycoub4ghla.dx.internal.cloudapp.net, ports: [REPLICATION=40739, RATIS=41013, RATIS_ADMIN=41013, RATIS_SERVER=41013, STANDALONE=33689], networkLocation: /default-rack, certSerialId: null, persistedOpState: IN_SERVICE, persistedOpStateExpiryEpochSec: 0}77849db6-05f2-412a-81db-f843d144e1d6{ip: 10.1.0.7, host: fv-az458-285.cxtooap3h1lune4eycoub4ghla.dx.internal.cloudapp.net, ports: [REPLICATION=44045, RATIS=46705, RATIS_ADMIN=46705, RATIS_SERVER=46705, STANDALONE=44741], networkLocation: /default-rack, certSerialId: null, persistedOpState: IN_SERVICE, persistedOpStateExpiryEpochSec: 0}, ReplicationConfig: RATIS/THREE, State:ALLOCATED, leaderId:, CreationTimestamp2022-07-19T01:13:00.704Z[Etc/UTC]].
2022-07-19 01:13:00,705 [RatisPipelineUtilsThread - 0] INFO  pipeline.PipelineManagerImpl (PipelineManagerImpl.java:recordMetricsForPipeline(796)) - Pipeline: PipelineID=b0dbf070-c726-4fce-ae39-e4775dbc12bb contains same datanodes as previous pipelines: PipelineID=37c69e10-7ac0-428d-8fc3-685272520154 nodeIds: 153d89b1-ea87-43f0-8e86-ff1392cd03ec, 2aa730c3-ca7b-4604-9fbc-a2524fdd8453, 77849db6-05f2-412a-81db-f843d144e1d6
2022-07-19 01:13:01,693 [Listener at 127.0.0.1/36483] INFO  ozone.MiniOzoneClusterImpl (MiniOzoneClusterImpl.java:lambda$waitForClusterToBeReady$0(216)) - Nodes are ready. Got 3 of 3 DN Heartbeats.
2022-07-19 01:13:01,694 [Listener at 127.0.0.1/36483] INFO  ozone.MiniOzoneClusterImpl (MiniOzoneClusterImpl.java:lambda$waitForClusterToBeReady$0(219)) - Waiting for cluster to exit safe mode
2022-07-19 01:13:01,694 [Listener at 127.0.0.1/36483] INFO  ozone.MiniOzoneClusterImpl (MiniOzoneClusterImpl.java:lambda$waitForClusterToBeReady$0(221)) - SCM became leader
2022-07-19 01:13:02,695 [Listener at 127.0.0.1/36483] INFO  ozone.MiniOzoneClusterImpl (MiniOzoneClusterImpl.java:lambda$waitForClusterToBeReady$0(216)) - Nodes are ready. Got 3 of 3 DN Heartbeats.
2022-07-19 01:13:02,695 [Listener at 127.0.0.1/36483] INFO  ozone.MiniOzoneClusterImpl (MiniOzoneClusterImpl.java:lambda$waitForClusterToBeReady$0(219)) - Waiting for cluster to exit safe mode
2022-07-19 01:13:02,695 [Listener at 127.0.0.1/36483] INFO  ozone.MiniOzoneClusterImpl (MiniOzoneClusterImpl.java:lambda$waitForClusterToBeReady$0(221)) - SCM became leader
2022-07-19 01:13:02,815 [Command processor thread] INFO  server.RaftServer (RaftServerProxy.java:addNew(96)) - 153d89b1-ea87-43f0-8e86-ff1392cd03ec: addNew group-0E5836CA61DA:[153d89b1-ea87-43f0-8e86-ff1392cd03ec|rpc:10.1.0.7:40195|priority:1] returns group-0E5836CA61DA:java.util.concurrent.CompletableFuture@6329c986[Not completed]
2022-07-19 01:13:02,830 [pool-72-thread-1] INFO  server.RaftServer$Division (RaftServerImpl.java:<init>(190)) - 153d89b1-ea87-43f0-8e86-ff1392cd03ec: new RaftServerImpl for group-0E5836CA61DA:[153d89b1-ea87-43f0-8e86-ff1392cd03ec|rpc:10.1.0.7:40195|priority:1] with ContainerStateMachine:uninitialized
2022-07-19 01:13:02,830 [pool-72-thread-1] INFO  server.RaftServerConfigKeys (ConfUtils.java:logGet(46)) - raft.server.rpc.timeout.min = 5s (custom)
2022-07-19 01:13:02,830 [pool-72-thread-1] INFO  server.RaftServerConfigKeys (ConfUtils.java:logGet(46)) - raft.server.rpc.timeout.max = 5200ms (custom)
2022-07-19 01:13:02,830 [pool-72-thread-1] INFO  server.RaftServerConfigKeys (ConfUtils.java:logGet(46)) - raft.server.rpc.sleep.time = 25ms (default)
2022-07-19 01:13:02,830 [pool-72-thread-1] INFO  server.RaftServerConfigKeys (ConfUtils.java:logGet(46)) - raft.server.rpc.slowness.timeout = 300s (custom)
2022-07-19 01:13:02,830 [pool-72-thread-1] INFO  server.RaftServerConfigKeys (ConfUtils.java:logGet(46)) - raft.server.leaderelection.leader.step-down.wait-time = 10s (default)
2022-07-19 01:13:02,830 [pool-72-thread-1] INFO  server.RaftServerConfigKeys (ConfUtils.java:logGet(46)) - raft.server.sleep.deviation.threshold = 300ms (default)
2022-07-19 01:13:02,831 [pool-72-thread-1] INFO  server.RaftServer$Division (ServerState.java:<init>(107)) - 153d89b1-ea87-43f0-8e86-ff1392cd03ec@group-0E5836CA61DA: ConfigurationManager, init=-1: [153d89b1-ea87-43f0-8e86-ff1392cd03ec|rpc:10.1.0.7:40195|priority:1], old=null, confs=<EMPTY_MAP>
2022-07-19 01:13:02,831 [pool-72-thread-1] INFO  server.RaftServerConfigKeys (ConfUtils.java:logGet(46)) - raft.server.storage.dir = [/home/runner/work/ozone/ozone/hadoop-ozone/integration-test/target/test-dir/MiniOzoneClusterImpl-2ac8f481-cfe8-4b79-9e35-c5083f796462/datanode-0/data/ratis] (custom)
2022-07-19 01:13:02,831 [pool-72-thread-1] INFO  server.RaftServerConfigKeys (ConfUtils.java:logGet(46)) - raft.server.log.corruption.policy = EXCEPTION (default)
2022-07-19 01:13:02,831 [pool-72-thread-1] INFO  server.RaftServerConfigKeys (ConfUtils.java:logGet(46)) - raft.server.storage.free-space.min = 0MB (=0) (default)
2022-07-19 01:13:02,831 [pool-72-thread-1] INFO  storage.RaftStorageDirectory (RaftStorageDirectoryImpl.java:analyzeStorage(135)) - The storage directory /home/runner/work/ozone/ozone/hadoop-ozone/integration-test/target/test-dir/MiniOzoneClusterImpl-2ac8f481-cfe8-4b79-9e35-c5083f796462/datanode-0/data/ratis/b49b2675-e83a-4497-9a00-0e5836ca61da does not exist. Creating ...
2022-07-19 01:13:02,834 [pool-72-thread-1] INFO  storage.RaftStorageDirectory (RaftStorageDirectoryImpl.java:tryLock(230)) - Lock on /home/runner/work/ozone/ozone/hadoop-ozone/integration-test/target/test-dir/MiniOzoneClusterImpl-2ac8f481-cfe8-4b79-9e35-c5083f796462/datanode-0/data/ratis/b49b2675-e83a-4497-9a00-0e5836ca61da/in_use.lock acquired by nodename 14321@fv-az458-285
2022-07-19 01:13:02,835 [pool-72-thread-1] INFO  storage.RaftStorage (RaftStorageImpl.java:format(89)) - Storage directory /home/runner/work/ozone/ozone/hadoop-ozone/integration-test/target/test-dir/MiniOzoneClusterImpl-2ac8f481-cfe8-4b79-9e35-c5083f796462/datanode-0/data/ratis/b49b2675-e83a-4497-9a00-0e5836ca61da has been successfully formatted.
2022-07-19 01:13:02,840 [pool-72-thread-1] INFO  ratis.ContainerStateMachine (ContainerStateMachine.java:loadSnapshot(236)) - group-0E5836CA61DA: The snapshot info is null. Setting the last applied indexto:(t:0, i:~)
2022-07-19 01:13:02,840 [pool-72-thread-1] INFO  server.RaftServerConfigKeys (ConfUtils.java:logGet(46)) - raft.server.notification.no-leader.timeout = 300s (custom)
2022-07-19 01:13:02,840 [pool-72-thread-1] INFO  server.RaftServerConfigKeys (ConfUtils.java:logGet(46)) - raft.server.log.use.memory = false (default)
2022-07-19 01:13:02,840 [pool-72-thread-1] INFO  server.RaftServerConfigKeys (ConfUtils.java:logGet(46)) - raft.server.log.purge.gap = 1000000 (custom)
2022-07-19 01:13:02,840 [pool-72-thread-1] INFO  server.RaftServerConfigKeys (ConfUtils.java:logGet(46)) - raft.server.log.appender.buffer.byte-limit = 33554432 (custom)
2022-07-19 01:13:02,841 [pool-72-thread-1] INFO  server.RaftServerConfigKeys (ConfUtils.java:logGet(46)) - raft.server.log.statemachine.data.read.timeout = 1000ms (default)
2022-07-19 01:13:02,841 [pool-72-thread-1] INFO  server.RaftServerConfigKeys (ConfUtils.java:logGet(46)) - raft.server.log.segment.size.max = 1048576 (custom)
2022-07-19 01:13:02,842 [pool-72-thread-1] INFO  server.RaftServerConfigKeys (ConfUtils.java:logGet(46)) - raft.server.log.segment.cache.num.max = 2 (custom)
2022-07-19 01:13:02,842 [pool-72-thread-1] INFO  server.RaftServerConfigKeys (ConfUtils.java:logGet(46)) - raft.server.log.segment.cache.size.max = 200MB (=209715200) (default)
2022-07-19 01:13:02,842 [pool-72-thread-1] INFO  segmented.SegmentedRaftLogWorker (SegmentedRaftLogWorker.java:<init>(187)) - new 153d89b1-ea87-43f0-8e86-ff1392cd03ec@group-0E5836CA61DA-SegmentedRaftLogWorker for RaftStorageImpl:Storage Directory /home/runner/work/ozone/ozone/hadoop-ozone/integration-test/target/test-dir/MiniOzoneClusterImpl-2ac8f481-cfe8-4b79-9e35-c5083f796462/datanode-0/data/ratis/b49b2675-e83a-4497-9a00-0e5836ca61da
2022-07-19 01:13:02,842 [pool-72-thread-1] INFO  server.RaftServerConfigKeys (ConfUtils.java:logGet(46)) - raft.server.log.queue.byte-limit = 4294967296 (custom)
2022-07-19 01:13:02,843 [pool-72-thread-1] INFO  server.RaftServerConfigKeys (ConfUtils.java:logGet(46)) - raft.server.log.queue.element-limit = 1024 (custom)
2022-07-19 01:13:02,843 [pool-72-thread-1] INFO  server.RaftServerConfigKeys (ConfUtils.java:logGet(46)) - raft.server.log.segment.size.max = 1048576 (custom)
2022-07-19 01:13:02,843 [pool-72-thread-1] INFO  server.RaftServerConfigKeys (ConfUtils.java:logGet(46)) - raft.server.log.preallocated.size = 16384 (custom)
2022-07-19 01:13:02,843 [pool-72-thread-1] INFO  server.RaftServerConfigKeys (ConfUtils.java:logGet(46)) - raft.server.log.force.sync.num = 128 (default)
2022-07-19 01:13:02,843 [pool-72-thread-1] INFO  server.RaftServerConfigKeys (ConfUtils.java:logGet(46)) - raft.server.log.statemachine.data.sync = true (default)
2022-07-19 01:13:02,843 [pool-72-thread-1] INFO  server.RaftServerConfigKeys (ConfUtils.java:logGet(46)) - raft.server.log.statemachine.data.sync.timeout = 10s (default)
2022-07-19 01:13:02,843 [pool-72-thread-1] INFO  server.RaftServerConfigKeys (ConfUtils.java:logGet(46)) - raft.server.log.statemachine.data.sync.timeout.retry = -1 (default)
2022-07-19 01:13:02,845 [pool-72-thread-1] INFO  server.RaftServerConfigKeys (ConfUtils.java:logGet(46)) - raft.server.log.write.buffer.size = 1048576 (custom)
2022-07-19 01:13:02,846 [pool-72-thread-1] INFO  server.RaftServerConfigKeys (ConfUtils.java:logGet(46)) - raft.server.log.unsafe-flush.enabled = false (default)
2022-07-19 01:13:02,846 [pool-72-thread-1] INFO  server.RaftServerConfigKeys (ConfUtils.java:logGet(46)) - raft.server.log.statemachine.data.caching.enabled = true (custom)
2022-07-19 01:13:02,846 [pool-72-thread-1] INFO  segmented.SegmentedRaftLogWorker (SegmentedRaftLogWorker.java:lambda$new$0(135)) - 153d89b1-ea87-43f0-8e86-ff1392cd03ec@group-0E5836CA61DA-SegmentedRaftLogWorker: flushIndex: setUnconditionally 0 -> -1
2022-07-19 01:13:02,846 [pool-72-thread-1] INFO  segmented.SegmentedRaftLogWorker (SegmentedRaftLogWorker.java:lambda$new$0(135)) - 153d89b1-ea87-43f0-8e86-ff1392cd03ec@group-0E5836CA61DA-SegmentedRaftLogWorker: safeCacheEvictIndex: setUnconditionally 0 -> -1
2022-07-19 01:13:02,846 [pool-72-thread-1] INFO  server.RaftServerConfigKeys (ConfUtils.java:logGet(46)) - raft.server.snapshot.auto.trigger.enabled = true (custom)
2022-07-19 01:13:02,846 [pool-72-thread-1] INFO  server.RaftServerConfigKeys (ConfUtils.java:logGet(46)) - raft.server.snapshot.auto.trigger.threshold = 10000 (custom)
2022-07-19 01:13:02,846 [pool-72-thread-1] INFO  server.RaftServerConfigKeys (ConfUtils.java:logGet(46)) - raft.server.snapshot.retention.file.num = 5 (custom)
2022-07-19 01:13:02,847 [pool-72-thread-1] INFO  server.RaftServerConfigKeys (ConfUtils.java:logGet(46)) - raft.server.log.purge.upto.snapshot.index = false (default)
2022-07-19 01:13:02,847 [pool-72-thread-1] INFO  server.RaftServerConfigKeys (ConfUtils.java:logGet(46)) - raft.server.retrycache.expirytime = 600000ms (custom)
2022-07-19 01:13:02,847 [pool-72-thread-1] INFO  server.RaftServerConfigKeys (ConfUtils.java:logGet(46)) - raft.server.retrycache.statistics.expirytime = 100μs (default)
2022-07-19 01:13:02,849 [pool-72-thread-1] INFO  server.RaftServerConfigKeys (ConfUtils.java:logGet(46)) - raft.server.log.appender.install.snapshot.enabled = false (custom)
2022-07-19 01:13:02,849 [pool-72-thread-1] INFO  server.RaftServerConfigKeys (ConfUtils.java:logGet(46)) - raft.server.threadpool.server.cached = true (default)
2022-07-19 01:13:02,849 [pool-72-thread-1] INFO  server.RaftServerConfigKeys (ConfUtils.java:logGet(46)) - raft.server.threadpool.server.size = 0 (default)
2022-07-19 01:13:02,849 [pool-72-thread-1] INFO  server.RaftServerConfigKeys (ConfUtils.java:logGet(46)) - raft.server.threadpool.client.cached = true (default)
2022-07-19 01:13:02,849 [pool-72-thread-1] INFO  server.RaftServerConfigKeys (ConfUtils.java:logGet(46)) - raft.server.threadpool.client.size = 0 (default)
2022-07-19 01:13:02,850 [pool-72-thread-1] INFO  server.RaftServer$Division (RaftServerImpl.java:start(310)) - 153d89b1-ea87-43f0-8e86-ff1392cd03ec@group-0E5836CA61DA: start as a follower, conf=-1: [153d89b1-ea87-43f0-8e86-ff1392cd03ec|rpc:10.1.0.7:40195|priority:1], old=null
2022-07-19 01:13:02,850 [pool-72-thread-1] INFO  server.RaftServer$Division (RaftServerImpl.java:setRole(299)) - 153d89b1-ea87-43f0-8e86-ff1392cd03ec@group-0E5836CA61DA: changes role from      null to FOLLOWER at term 0 for startAsFollower
2022-07-19 01:13:02,850 [pool-72-thread-1] INFO  impl.RoleInfo (RoleInfo.java:updateAndGet(139)) - 153d89b1-ea87-43f0-8e86-ff1392cd03ec: start 153d89b1-ea87-43f0-8e86-ff1392cd03ec@group-0E5836CA61DA-FollowerState
2022-07-19 01:13:02,852 [pool-72-thread-1] INFO  util.JmxRegister (JmxRegister.java:tryRegister(44)) - Successfully registered JMX Bean with object name Ratis:service=RaftServer,group=group-0E5836CA61DA,id=153d89b1-ea87-43f0-8e86-ff1392cd03ec
2022-07-19 01:13:02,875 [EventQueue-PipelineReportForPipelineReportHandler] INFO  pipeline.PipelineManagerImpl (PipelineManagerImpl.java:openPipeline(367)) - Pipeline Pipeline[ Id: b49b2675-e83a-4497-9a00-0e5836ca61da, Nodes: 153d89b1-ea87-43f0-8e86-ff1392cd03ec{ip: 10.1.0.7, host: fv-az458-285.cxtooap3h1lune4eycoub4ghla.dx.internal.cloudapp.net, ports: [REPLICATION=36017, RATIS=40195, RATIS_ADMIN=40195, RATIS_SERVER=40195, STANDALONE=40985], networkLocation: /default-rack, certSerialId: null, persistedOpState: IN_SERVICE, persistedOpStateExpiryEpochSec: 0}, ReplicationConfig: RATIS/ONE, State:ALLOCATED, leaderId:153d89b1-ea87-43f0-8e86-ff1392cd03ec, CreationTimestamp2022-07-19T01:12:59.831Z[Etc/UTC]] moved to OPEN state
2022-07-19 01:13:02,877 [EventQueue-OpenPipelineForHealthyPipelineSafeModeRule] INFO  safemode.SCMSafeModeManager (HealthyPipelineSafeModeRule.java:process(137)) - SCM in safe mode. Healthy pipelines reported count is 0, required healthy pipeline reported count is 1
2022-07-19 01:13:02,886 [Command processor thread] INFO  ratis.XceiverServerRatis (XceiverServerRatis.java:addGroup(765)) - Created group PipelineID=b49b2675-e83a-4497-9a00-0e5836ca61da
2022-07-19 01:13:02,887 [Command processor thread] INFO  commandhandler.CreatePipelineCommandHandler (CreatePipelineCommandHandler.java:handle(113)) - Created Pipeline RATIS ONE PipelineID=b49b2675-e83a-4497-9a00-0e5836ca61da.
2022-07-19 01:13:02,887 [Command processor thread] INFO  server.RaftServer (RaftServerProxy.java:addNew(96)) - 153d89b1-ea87-43f0-8e86-ff1392cd03ec: addNew group-685272520154:[2aa730c3-ca7b-4604-9fbc-a2524fdd8453|rpc:10.1.0.7:41013|priority:0, 77849db6-05f2-412a-81db-f843d144e1d6|rpc:10.1.0.7:46705|priority:1, 153d89b1-ea87-43f0-8e86-ff1392cd03ec|rpc:10.1.0.7:40195|priority:0] returns group-685272520154:java.util.concurrent.CompletableFuture@1855731c[Not completed]
2022-07-19 01:13:02,889 [pool-72-thread-1] INFO  server.RaftServer$Division (RaftServerImpl.java:<init>(190)) - 153d89b1-ea87-43f0-8e86-ff1392cd03ec: new RaftServerImpl for group-685272520154:[2aa730c3-ca7b-4604-9fbc-a2524fdd8453|rpc:10.1.0.7:41013|priority:0, 77849db6-05f2-412a-81db-f843d144e1d6|rpc:10.1.0.7:46705|priority:1, 153d89b1-ea87-43f0-8e86-ff1392cd03ec|rpc:10.1.0.7:40195|priority:0] with ContainerStateMachine:uninitialized
2022-07-19 01:13:02,889 [pool-72-thread-1] INFO  server.RaftServerConfigKeys (ConfUtils.java:logGet(46)) - raft.server.rpc.timeout.min = 5s (custom)
2022-07-19 01:13:02,889 [pool-72-thread-1] INFO  server.RaftServerConfigKeys (ConfUtils.java:logGet(46)) - raft.server.rpc.timeout.max = 5200ms (custom)
2022-07-19 01:13:02,889 [pool-72-thread-1] INFO  server.RaftServerConfigKeys (ConfUtils.java:logGet(46)) - raft.server.rpc.sleep.time = 25ms (default)
2022-07-19 01:13:02,889 [pool-72-thread-1] INFO  server.RaftServerConfigKeys (ConfUtils.java:logGet(46)) - raft.server.rpc.slowness.timeout = 300s (custom)
2022-07-19 01:13:02,890 [pool-72-thread-1] INFO  server.RaftServerConfigKeys (ConfUtils.java:logGet(46)) - raft.server.leaderelection.leader.step-down.wait-time = 10s (default)
2022-07-19 01:13:02,890 [pool-72-thread-1] INFO  server.RaftServerConfigKeys (ConfUtils.java:logGet(46)) - raft.server.sleep.deviation.threshold = 300ms (default)
2022-07-19 01:13:02,890 [pool-72-thread-1] INFO  server.RaftServer$Division (ServerState.java:<init>(107)) - 153d89b1-ea87-43f0-8e86-ff1392cd03ec@group-685272520154: ConfigurationManager, init=-1: [2aa730c3-ca7b-4604-9fbc-a2524fdd8453|rpc:10.1.0.7:41013|priority:0, 77849db6-05f2-412a-81db-f843d144e1d6|rpc:10.1.0.7:46705|priority:1, 153d89b1-ea87-43f0-8e86-ff1392cd03ec|rpc:10.1.0.7:40195|priority:0], old=null, confs=<EMPTY_MAP>
2022-07-19 01:13:02,890 [pool-72-thread-1] INFO  server.RaftServerConfigKeys (ConfUtils.java:logGet(46)) - raft.server.storage.dir = [/home/runner/work/ozone/ozone/hadoop-ozone/integration-test/target/test-dir/MiniOzoneClusterImpl-2ac8f481-cfe8-4b79-9e35-c5083f796462/datanode-0/data/ratis] (custom)
2022-07-19 01:13:02,890 [pool-72-thread-1] INFO  server.RaftServerConfigKeys (ConfUtils.java:logGet(46)) - raft.server.log.corruption.policy = EXCEPTION (default)
2022-07-19 01:13:02,890 [pool-72-thread-1] INFO  server.RaftServerConfigKeys (ConfUtils.java:logGet(46)) - raft.server.storage.free-space.min = 0MB (=0) (default)
2022-07-19 01:13:02,890 [pool-72-thread-1] INFO  storage.RaftStorageDirectory (RaftStorageDirectoryImpl.java:analyzeStorage(135)) - The storage directory /home/runner/work/ozone/ozone/hadoop-ozone/integration-test/target/test-dir/MiniOzoneClusterImpl-2ac8f481-cfe8-4b79-9e35-c5083f796462/datanode-0/data/ratis/37c69e10-7ac0-428d-8fc3-685272520154 does not exist. Creating ...
2022-07-19 01:13:02,919 [pool-72-thread-1] INFO  storage.RaftStorageDirectory (RaftStorageDirectoryImpl.java:tryLock(230)) - Lock on /home/runner/work/ozone/ozone/hadoop-ozone/integration-test/target/test-dir/MiniOzoneClusterImpl-2ac8f481-cfe8-4b79-9e35-c5083f796462/datanode-0/data/ratis/37c69e10-7ac0-428d-8fc3-685272520154/in_use.lock acquired by nodename 14321@fv-az458-285
2022-07-19 01:13:02,920 [pool-72-thread-1] INFO  storage.RaftStorage (RaftStorageImpl.java:format(89)) - Storage directory /home/runner/work/ozone/ozone/hadoop-ozone/integration-test/target/test-dir/MiniOzoneClusterImpl-2ac8f481-cfe8-4b79-9e35-c5083f796462/datanode-0/data/ratis/37c69e10-7ac0-428d-8fc3-685272520154 has been successfully formatted.
2022-07-19 01:13:02,920 [pool-72-thread-1] INFO  ratis.ContainerStateMachine (ContainerStateMachine.java:loadSnapshot(236)) - group-685272520154: The snapshot info is null. Setting the last applied indexto:(t:0, i:~)
2022-07-19 01:13:02,921 [pool-72-thread-1] INFO  server.RaftServerConfigKeys (ConfUtils.java:logGet(46)) - raft.server.notification.no-leader.timeout = 300s (custom)
2022-07-19 01:13:02,922 [pool-72-thread-1] INFO  server.RaftServerConfigKeys (ConfUtils.java:logGet(46)) - raft.server.log.use.memory = false (default)
2022-07-19 01:13:02,922 [pool-72-thread-1] INFO  server.RaftServerConfigKeys (ConfUtils.java:logGet(46)) - raft.server.log.purge.gap = 1000000 (custom)
2022-07-19 01:13:02,922 [pool-72-thread-1] INFO  server.RaftServerConfigKeys (ConfUtils.java:logGet(46)) - raft.server.log.appender.buffer.byte-limit = 33554432 (custom)
2022-07-19 01:13:02,922 [pool-72-thread-1] INFO  server.RaftServerConfigKeys (ConfUtils.java:logGet(46)) - raft.server.log.statemachine.data.read.timeout = 1000ms (default)
2022-07-19 01:13:02,923 [EventQueue-OpenPipelineForHealthyPipelineSafeModeRule] INFO  safemode.SCMSafeModeManager (HealthyPipelineSafeModeRule.java:process(137)) - SCM in safe mode. Healthy pipelines reported count is 0, required healthy pipeline reported count is 1
2022-07-19 01:13:02,923 [pool-72-thread-1] INFO  server.RaftServerConfigKeys (ConfUtils.java:logGet(46)) - raft.server.log.segment.size.max = 1048576 (custom)
2022-07-19 01:13:02,924 [pool-72-thread-1] INFO  server.RaftServerConfigKeys (ConfUtils.java:logGet(46)) - raft.server.log.segment.cache.num.max = 2 (custom)
2022-07-19 01:13:02,924 [pool-72-thread-1] INFO  server.RaftServerConfigKeys (ConfUtils.java:logGet(46)) - raft.server.log.segment.cache.size.max = 200MB (=209715200) (default)
2022-07-19 01:13:02,924 [pool-72-thread-1] INFO  segmented.SegmentedRaftLogWorker (SegmentedRaftLogWorker.java:<init>(187)) - new 153d89b1-ea87-43f0-8e86-ff1392cd03ec@group-685272520154-SegmentedRaftLogWorker for RaftStorageImpl:Storage Directory /home/runner/work/ozone/ozone/hadoop-ozone/integration-test/target/test-dir/MiniOzoneClusterImpl-2ac8f481-cfe8-4b79-9e35-c5083f796462/datanode-0/data/ratis/37c69e10-7ac0-428d-8fc3-685272520154
2022-07-19 01:13:02,924 [pool-72-thread-1] INFO  server.RaftServerConfigKeys (ConfUtils.java:logGet(46)) - raft.server.log.queue.byte-limit = 4294967296 (custom)
2022-07-19 01:13:02,924 [pool-72-thread-1] INFO  server.RaftServerConfigKeys (ConfUtils.java:logGet(46)) - raft.server.log.queue.element-limit = 1024 (custom)
2022-07-19 01:13:02,924 [pool-72-thread-1] INFO  server.RaftServerConfigKeys (ConfUtils.java:logGet(46)) - raft.server.log.segment.size.max = 1048576 (custom)
2022-07-19 01:13:02,924 [pool-72-thread-1] INFO  server.RaftServerConfigKeys (ConfUtils.java:logGet(46)) - raft.server.log.preallocated.size = 16384 (custom)
2022-07-19 01:13:02,925 [pool-72-thread-1] INFO  server.RaftServerConfigKeys (ConfUtils.java:logGet(46)) - raft.server.log.force.sync.num = 128 (default)
2022-07-19 01:13:02,925 [pool-72-thread-1] INFO  server.RaftServerConfigKeys (ConfUtils.java:logGet(46)) - raft.server.log.statemachine.data.sync = true (default)
2022-07-19 01:13:02,925 [pool-72-thread-1] INFO  server.RaftServerConfigKeys (ConfUtils.java:logGet(46)) - raft.server.log.statemachine.data.sync.timeout = 10s (default)
2022-07-19 01:13:02,925 [pool-72-thread-1] INFO  server.RaftServerConfigKeys (ConfUtils.java:logGet(46)) - raft.server.log.statemachine.data.sync.timeout.retry = -1 (default)
2022-07-19 01:13:02,926 [pool-72-thread-1] INFO  server.RaftServerConfigKeys (ConfUtils.java:logGet(46)) - raft.server.log.write.buffer.size = 1048576 (custom)
2022-07-19 01:13:02,927 [pool-72-thread-1] INFO  server.RaftServerConfigKeys (ConfUtils.java:logGet(46)) - raft.server.log.unsafe-flush.enabled = false (default)
2022-07-19 01:13:02,927 [pool-72-thread-1] INFO  server.RaftServerConfigKeys (ConfUtils.java:logGet(46)) - raft.server.log.statemachine.data.caching.enabled = true (custom)
2022-07-19 01:13:02,928 [pool-72-thread-1] INFO  segmented.SegmentedRaftLogWorker (SegmentedRaftLogWorker.java:lambda$new$0(135)) - 153d89b1-ea87-43f0-8e86-ff1392cd03ec@group-685272520154-SegmentedRaftLogWorker: flushIndex: setUnconditionally 0 -> -1
2022-07-19 01:13:02,928 [pool-72-thread-1] INFO  segmented.SegmentedRaftLogWorker (SegmentedRaftLogWorker.java:lambda$new$0(135)) - 153d89b1-ea87-43f0-8e86-ff1392cd03ec@group-685272520154-SegmentedRaftLogWorker: safeCacheEvictIndex: setUnconditionally 0 -> -1
2022-07-19 01:13:02,931 [pool-72-thread-1] INFO  server.RaftServerConfigKeys (ConfUtils.java:logGet(46)) - raft.server.snapshot.auto.trigger.enabled = true (custom)
2022-07-19 01:13:02,931 [pool-72-thread-1] INFO  server.RaftServerConfigKeys (ConfUtils.java:logGet(46)) - raft.server.snapshot.auto.trigger.threshold = 10000 (custom)
2022-07-19 01:13:02,931 [pool-72-thread-1] INFO  server.RaftServerConfigKeys (ConfUtils.java:logGet(46)) - raft.server.snapshot.retention.file.num = 5 (custom)
2022-07-19 01:13:02,931 [pool-72-thread-1] INFO  server.RaftServerConfigKeys (ConfUtils.java:logGet(46)) - raft.server.log.purge.upto.snapshot.index = false (default)
2022-07-19 01:13:02,931 [pool-72-thread-1] INFO  server.RaftServerConfigKeys (ConfUtils.java:logGet(46)) - raft.server.retrycache.expirytime = 600000ms (custom)
2022-07-19 01:13:02,931 [pool-72-thread-1] INFO  server.RaftServerConfigKeys (ConfUtils.java:logGet(46)) - raft.server.retrycache.statistics.expirytime = 100μs (default)
2022-07-19 01:13:02,933 [pool-72-thread-1] INFO  server.RaftServerConfigKeys (ConfUtils.java:logGet(46)) - raft.server.log.appender.install.snapshot.enabled = false (custom)
2022-07-19 01:13:02,933 [pool-72-thread-1] INFO  server.RaftServerConfigKeys (ConfUtils.java:logGet(46)) - raft.server.threadpool.server.cached = true (default)
2022-07-19 01:13:02,933 [pool-72-thread-1] INFO  server.RaftServerConfigKeys (ConfUtils.java:logGet(46)) - raft.server.threadpool.server.size = 0 (default)
2022-07-19 01:13:02,933 [pool-72-thread-1] INFO  server.RaftServerConfigKeys (ConfUtils.java:logGet(46)) - raft.server.threadpool.client.cached = true (default)
2022-07-19 01:13:02,933 [pool-72-thread-1] INFO  server.RaftServerConfigKeys (ConfUtils.java:logGet(46)) - raft.server.threadpool.client.size = 0 (default)
2022-07-19 01:13:02,934 [pool-72-thread-1] INFO  server.RaftServer$Division (RaftServerImpl.java:start(310)) - 153d89b1-ea87-43f0-8e86-ff1392cd03ec@group-685272520154: start as a follower, conf=-1: [2aa730c3-ca7b-4604-9fbc-a2524fdd8453|rpc:10.1.0.7:41013|priority:0, 77849db6-05f2-412a-81db-f843d144e1d6|rpc:10.1.0.7:46705|priority:1, 153d89b1-ea87-43f0-8e86-ff1392cd03ec|rpc:10.1.0.7:40195|priority:0], old=null
2022-07-19 01:13:02,934 [pool-72-thread-1] INFO  server.RaftServer$Division (RaftServerImpl.java:setRole(299)) - 153d89b1-ea87-43f0-8e86-ff1392cd03ec@group-685272520154: changes role from      null to FOLLOWER at term 0 for startAsFollower
2022-07-19 01:13:02,934 [pool-72-thread-1] INFO  impl.RoleInfo (RoleInfo.java:updateAndGet(139)) - 153d89b1-ea87-43f0-8e86-ff1392cd03ec: start 153d89b1-ea87-43f0-8e86-ff1392cd03ec@group-685272520154-FollowerState
2022-07-19 01:13:02,934 [pool-72-thread-1] INFO  util.JmxRegister (JmxRegister.java:tryRegister(44)) - Successfully registered JMX Bean with object name Ratis:service=RaftServer,group=group-685272520154,id=153d89b1-ea87-43f0-8e86-ff1392cd03ec
2022-07-19 01:13:02,935 [Command processor thread] INFO  ratis.XceiverServerRatis (XceiverServerRatis.java:addGroup(765)) - Created group PipelineID=37c69e10-7ac0-428d-8fc3-685272520154
2022-07-19 01:13:03,350 [Command processor thread] INFO  server.RaftServer (RaftServerProxy.java:addNew(96)) - 77849db6-05f2-412a-81db-f843d144e1d6: addNew group-948F8E0FD406:[77849db6-05f2-412a-81db-f843d144e1d6|rpc:10.1.0.7:46705|priority:1] returns group-948F8E0FD406:java.util.concurrent.CompletableFuture@2e04a9e[Not completed]
2022-07-19 01:13:03,358 [pool-95-thread-1] INFO  server.RaftServer$Division (RaftServerImpl.java:<init>(190)) - 77849db6-05f2-412a-81db-f843d144e1d6: new RaftServerImpl for group-948F8E0FD406:[77849db6-05f2-412a-81db-f843d144e1d6|rpc:10.1.0.7:46705|priority:1] with ContainerStateMachine:uninitialized
2022-07-19 01:13:03,358 [pool-95-thread-1] INFO  server.RaftServerConfigKeys (ConfUtils.java:logGet(46)) - raft.server.rpc.timeout.min = 5s (custom)
2022-07-19 01:13:03,359 [pool-95-thread-1] INFO  server.RaftServerConfigKeys (ConfUtils.java:logGet(46)) - raft.server.rpc.timeout.max = 5200ms (custom)
2022-07-19 01:13:03,359 [pool-95-thread-1] INFO  server.RaftServerConfigKeys (ConfUtils.java:logGet(46)) - raft.server.rpc.sleep.time = 25ms (default)
2022-07-19 01:13:03,359 [pool-95-thread-1] INFO  server.RaftServerConfigKeys (ConfUtils.java:logGet(46)) - raft.server.rpc.slowness.timeout = 300s (custom)
2022-07-19 01:13:03,359 [pool-95-thread-1] INFO  server.RaftServerConfigKeys (ConfUtils.java:logGet(46)) - raft.server.leaderelection.leader.step-down.wait-time = 10s (default)
2022-07-19 01:13:03,359 [pool-95-thread-1] INFO  server.RaftServerConfigKeys (ConfUtils.java:logGet(46)) - raft.server.sleep.deviation.threshold = 300ms (default)
2022-07-19 01:13:03,359 [pool-95-thread-1] INFO  server.RaftServer$Division (ServerState.java:<init>(107)) - 77849db6-05f2-412a-81db-f843d144e1d6@group-948F8E0FD406: ConfigurationManager, init=-1: [77849db6-05f2-412a-81db-f843d144e1d6|rpc:10.1.0.7:46705|priority:1], old=null, confs=<EMPTY_MAP>
2022-07-19 01:13:03,359 [pool-95-thread-1] INFO  server.RaftServerConfigKeys (ConfUtils.java:logGet(46)) - raft.server.storage.dir = [/home/runner/work/ozone/ozone/hadoop-ozone/integration-test/target/test-dir/MiniOzoneClusterImpl-2ac8f481-cfe8-4b79-9e35-c5083f796462/datanode-1/data/ratis] (custom)
2022-07-19 01:13:03,359 [pool-95-thread-1] INFO  server.RaftServerConfigKeys (ConfUtils.java:logGet(46)) - raft.server.log.corruption.policy = EXCEPTION (default)
2022-07-19 01:13:03,359 [pool-95-thread-1] INFO  server.RaftServerConfigKeys (ConfUtils.java:logGet(46)) - raft.server.storage.free-space.min = 0MB (=0) (default)
2022-07-19 01:13:03,360 [pool-95-thread-1] INFO  storage.RaftStorageDirectory (RaftStorageDirectoryImpl.java:analyzeStorage(135)) - The storage directory /home/runner/work/ozone/ozone/hadoop-ozone/integration-test/target/test-dir/MiniOzoneClusterImpl-2ac8f481-cfe8-4b79-9e35-c5083f796462/datanode-1/data/ratis/90228cc2-1977-4a2d-b266-948f8e0fd406 does not exist. Creating ...
2022-07-19 01:13:03,361 [pool-95-thread-1] INFO  storage.RaftStorageDirectory (RaftStorageDirectoryImpl.java:tryLock(230)) - Lock on /home/runner/work/ozone/ozone/hadoop-ozone/integration-test/target/test-dir/MiniOzoneClusterImpl-2ac8f481-cfe8-4b79-9e35-c5083f796462/datanode-1/data/ratis/90228cc2-1977-4a2d-b266-948f8e0fd406/in_use.lock acquired by nodename 14321@fv-az458-285
2022-07-19 01:13:03,362 [pool-95-thread-1] INFO  storage.RaftStorage (RaftStorageImpl.java:format(89)) - Storage directory /home/runner/work/ozone/ozone/hadoop-ozone/integration-test/target/test-dir/MiniOzoneClusterImpl-2ac8f481-cfe8-4b79-9e35-c5083f796462/datanode-1/data/ratis/90228cc2-1977-4a2d-b266-948f8e0fd406 has been successfully formatted.
2022-07-19 01:13:03,363 [pool-95-thread-1] INFO  ratis.ContainerStateMachine (ContainerStateMachine.java:loadSnapshot(236)) - group-948F8E0FD406: The snapshot info is null. Setting the last applied indexto:(t:0, i:~)
2022-07-19 01:13:03,368 [EventQueue-PipelineReportForPipelineReportHandler] INFO  pipeline.PipelineManagerImpl (PipelineManagerImpl.java:openPipeline(367)) - Pipeline Pipeline[ Id: 90228cc2-1977-4a2d-b266-948f8e0fd406, Nodes: 77849db6-05f2-412a-81db-f843d144e1d6{ip: 10.1.0.7, host: fv-az458-285.cxtooap3h1lune4eycoub4ghla.dx.internal.cloudapp.net, ports: [REPLICATION=44045, RATIS=46705, RATIS_ADMIN=46705, RATIS_SERVER=46705, STANDALONE=44741], networkLocation: /default-rack, certSerialId: null, persistedOpState: IN_SERVICE, persistedOpStateExpiryEpochSec: 0}, ReplicationConfig: RATIS/ONE, State:ALLOCATED, leaderId:77849db6-05f2-412a-81db-f843d144e1d6, CreationTimestamp2022-07-19T01:13:00.354Z[Etc/UTC]] moved to OPEN state
2022-07-19 01:13:03,369 [EventQueue-OpenPipelineForHealthyPipelineSafeModeRule] INFO  safemode.SCMSafeModeManager (HealthyPipelineSafeModeRule.java:process(137)) - SCM in safe mode. Healthy pipelines reported count is 0, required healthy pipeline reported count is 1
2022-07-19 01:13:03,369 [pool-95-thread-1] INFO  server.RaftServerConfigKeys (ConfUtils.java:logGet(46)) - raft.server.notification.no-leader.timeout = 300s (custom)
2022-07-19 01:13:03,370 [pool-95-thread-1] INFO  server.RaftServerConfigKeys (ConfUtils.java:logGet(46)) - raft.server.log.use.memory = false (default)
2022-07-19 01:13:03,370 [pool-95-thread-1] INFO  server.RaftServerConfigKeys (ConfUtils.java:logGet(46)) - raft.server.log.purge.gap = 1000000 (custom)
2022-07-19 01:13:03,370 [pool-95-thread-1] INFO  server.RaftServerConfigKeys (ConfUtils.java:logGet(46)) - raft.server.log.appender.buffer.byte-limit = 33554432 (custom)
2022-07-19 01:13:03,370 [pool-95-thread-1] INFO  server.RaftServerConfigKeys (ConfUtils.java:logGet(46)) - raft.server.log.statemachine.data.read.timeout = 1000ms (default)
2022-07-19 01:13:03,370 [pool-95-thread-1] INFO  server.RaftServerConfigKeys (ConfUtils.java:logGet(46)) - raft.server.log.segment.size.max = 1048576 (custom)
2022-07-19 01:13:03,371 [pool-95-thread-1] INFO  server.RaftServerConfigKeys (ConfUtils.java:logGet(46)) - raft.server.log.segment.cache.num.max = 2 (custom)
2022-07-19 01:13:03,371 [pool-95-thread-1] INFO  server.RaftServerConfigKeys (ConfUtils.java:logGet(46)) - raft.server.log.segment.cache.size.max = 200MB (=209715200) (default)
2022-07-19 01:13:03,371 [pool-95-thread-1] INFO  segmented.SegmentedRaftLogWorker (SegmentedRaftLogWorker.java:<init>(187)) - new 77849db6-05f2-412a-81db-f843d144e1d6@group-948F8E0FD406-SegmentedRaftLogWorker for RaftStorageImpl:Storage Directory /home/runner/work/ozone/ozone/hadoop-ozone/integration-test/target/test-dir/MiniOzoneClusterImpl-2ac8f481-cfe8-4b79-9e35-c5083f796462/datanode-1/data/ratis/90228cc2-1977-4a2d-b266-948f8e0fd406
2022-07-19 01:13:03,371 [pool-95-thread-1] INFO  server.RaftServerConfigKeys (ConfUtils.java:logGet(46)) - raft.server.log.queue.byte-limit = 4294967296 (custom)
2022-07-19 01:13:03,371 [pool-95-thread-1] INFO  server.RaftServerConfigKeys (ConfUtils.java:logGet(46)) - raft.server.log.queue.element-limit = 1024 (custom)
2022-07-19 01:13:03,371 [pool-95-thread-1] INFO  server.RaftServerConfigKeys (ConfUtils.java:logGet(46)) - raft.server.log.segment.size.max = 1048576 (custom)
2022-07-19 01:13:03,371 [pool-95-thread-1] INFO  server.RaftServerConfigKeys (ConfUtils.java:logGet(46)) - raft.server.log.preallocated.size = 16384 (custom)
2022-07-19 01:13:03,372 [pool-95-thread-1] INFO  server.RaftServerConfigKeys (ConfUtils.java:logGet(46)) - raft.server.log.force.sync.num = 128 (default)
2022-07-19 01:13:03,372 [pool-95-thread-1] INFO  server.RaftServerConfigKeys (ConfUtils.java:logGet(46)) - raft.server.log.statemachine.data.sync = true (default)
2022-07-19 01:13:03,372 [pool-95-thread-1] INFO  server.RaftServerConfigKeys (ConfUtils.java:logGet(46)) - raft.server.log.statemachine.data.sync.timeout = 10s (default)
2022-07-19 01:13:03,372 [pool-95-thread-1] INFO  server.RaftServerConfigKeys (ConfUtils.java:logGet(46)) - raft.server.log.statemachine.data.sync.timeout.retry = -1 (default)
2022-07-19 01:13:03,373 [pool-95-thread-1] INFO  server.RaftServerConfigKeys (ConfUtils.java:logGet(46)) - raft.server.log.write.buffer.size = 1048576 (custom)
2022-07-19 01:13:03,374 [pool-95-thread-1] INFO  server.RaftServerConfigKeys (ConfUtils.java:logGet(46)) - raft.server.log.unsafe-flush.enabled = false (default)
2022-07-19 01:13:03,374 [pool-95-thread-1] INFO  server.RaftServerConfigKeys (ConfUtils.java:logGet(46)) - raft.server.log.statemachine.data.caching.enabled = true (custom)
2022-07-19 01:13:03,374 [pool-95-thread-1] INFO  segmented.SegmentedRaftLogWorker (SegmentedRaftLogWorker.java:lambda$new$0(135)) - 77849db6-05f2-412a-81db-f843d144e1d6@group-948F8E0FD406-SegmentedRaftLogWorker: flushIndex: setUnconditionally 0 -> -1
2022-07-19 01:13:03,374 [pool-95-thread-1] INFO  segmented.SegmentedRaftLogWorker (SegmentedRaftLogWorker.java:lambda$new$0(135)) - 77849db6-05f2-412a-81db-f843d144e1d6@group-948F8E0FD406-SegmentedRaftLogWorker: safeCacheEvictIndex: setUnconditionally 0 -> -1
2022-07-19 01:13:03,387 [pool-95-thread-1] INFO  server.RaftServerConfigKeys (ConfUtils.java:logGet(46)) - raft.server.snapshot.auto.trigger.enabled = true (custom)
2022-07-19 01:13:03,387 [pool-95-thread-1] INFO  server.RaftServerConfigKeys (ConfUtils.java:logGet(46)) - raft.server.snapshot.auto.trigger.threshold = 10000 (custom)
2022-07-19 01:13:03,387 [pool-95-thread-1] INFO  server.RaftServerConfigKeys (ConfUtils.java:logGet(46)) - raft.server.snapshot.retention.file.num = 5 (custom)
2022-07-19 01:13:03,387 [pool-95-thread-1] INFO  server.RaftServerConfigKeys (ConfUtils.java:logGet(46)) - raft.server.log.purge.upto.snapshot.index = false (default)
2022-07-19 01:13:03,387 [pool-95-thread-1] INFO  server.RaftServerConfigKeys (ConfUtils.java:logGet(46)) - raft.server.retrycache.expirytime = 600000ms (custom)
2022-07-19 01:13:03,387 [pool-95-thread-1] INFO  server.RaftServerConfigKeys (ConfUtils.java:logGet(46)) - raft.server.retrycache.statistics.expirytime = 100μs (default)
2022-07-19 01:13:03,389 [pool-95-thread-1] INFO  server.RaftServerConfigKeys (ConfUtils.java:logGet(46)) - raft.server.log.appender.install.snapshot.enabled = false (custom)
2022-07-19 01:13:03,389 [pool-95-thread-1] INFO  server.RaftServerConfigKeys (ConfUtils.java:logGet(46)) - raft.server.threadpool.server.cached = true (default)
2022-07-19 01:13:03,390 [pool-95-thread-1] INFO  server.RaftServerConfigKeys (ConfUtils.java:logGet(46)) - raft.server.threadpool.server.size = 0 (default)
2022-07-19 01:13:03,390 [pool-95-thread-1] INFO  server.RaftServerConfigKeys (ConfUtils.java:logGet(46)) - raft.server.threadpool.client.cached = true (default)
2022-07-19 01:13:03,390 [pool-95-thread-1] INFO  server.RaftServerConfigKeys (ConfUtils.java:logGet(46)) - raft.server.threadpool.client.size = 0 (default)
2022-07-19 01:13:03,390 [pool-95-thread-1] INFO  server.RaftServer$Division (RaftServerImpl.java:start(310)) - 77849db6-05f2-412a-81db-f843d144e1d6@group-948F8E0FD406: start as a follower, conf=-1: [77849db6-05f2-412a-81db-f843d144e1d6|rpc:10.1.0.7:46705|priority:1], old=null
2022-07-19 01:13:03,390 [pool-95-thread-1] INFO  server.RaftServer$Division (RaftServerImpl.java:setRole(299)) - 77849db6-05f2-412a-81db-f843d144e1d6@group-948F8E0FD406: changes role from      null to FOLLOWER at term 0 for startAsFollower
2022-07-19 01:13:03,390 [pool-95-thread-1] INFO  impl.RoleInfo (RoleInfo.java:updateAndGet(139)) - 77849db6-05f2-412a-81db-f843d144e1d6: start 77849db6-05f2-412a-81db-f843d144e1d6@group-948F8E0FD406-FollowerState
2022-07-19 01:13:03,395 [pool-95-thread-1] INFO  util.JmxRegister (JmxRegister.java:tryRegister(44)) - Successfully registered JMX Bean with object name Ratis:service=RaftServer,group=group-948F8E0FD406,id=77849db6-05f2-412a-81db-f843d144e1d6
2022-07-19 01:13:03,399 [Command processor thread] INFO  ratis.XceiverServerRatis (XceiverServerRatis.java:addGroup(765)) - Created group PipelineID=90228cc2-1977-4a2d-b266-948f8e0fd406
2022-07-19 01:13:03,399 [Command processor thread] INFO  commandhandler.CreatePipelineCommandHandler (CreatePipelineCommandHandler.java:handle(113)) - Created Pipeline RATIS ONE PipelineID=90228cc2-1977-4a2d-b266-948f8e0fd406.
2022-07-19 01:13:03,400 [Command processor thread] INFO  server.RaftServer (RaftServerProxy.java:addNew(96)) - 77849db6-05f2-412a-81db-f843d144e1d6: addNew group-685272520154:[2aa730c3-ca7b-4604-9fbc-a2524fdd8453|rpc:10.1.0.7:41013|priority:0, 77849db6-05f2-412a-81db-f843d144e1d6|rpc:10.1.0.7:46705|priority:1, 153d89b1-ea87-43f0-8e86-ff1392cd03ec|rpc:10.1.0.7:40195|priority:0] returns group-685272520154:java.util.concurrent.CompletableFuture@6dfde1a[Not completed]
2022-07-19 01:13:03,402 [pool-95-thread-1] INFO  server.RaftServer$Division (RaftServerImpl.java:<init>(190)) - 77849db6-05f2-412a-81db-f843d144e1d6: new RaftServerImpl for group-685272520154:[2aa730c3-ca7b-4604-9fbc-a2524fdd8453|rpc:10.1.0.7:41013|priority:0, 77849db6-05f2-412a-81db-f843d144e1d6|rpc:10.1.0.7:46705|priority:1, 153d89b1-ea87-43f0-8e86-ff1392cd03ec|rpc:10.1.0.7:40195|priority:0] with ContainerStateMachine:uninitialized
2022-07-19 01:13:03,402 [pool-95-thread-1] INFO  server.RaftServerConfigKeys (ConfUtils.java:logGet(46)) - raft.server.rpc.timeout.min = 5s (custom)
2022-07-19 01:13:03,402 [pool-95-thread-1] INFO  server.RaftServerConfigKeys (ConfUtils.java:logGet(46)) - raft.server.rpc.timeout.max = 5200ms (custom)
2022-07-19 01:13:03,403 [pool-95-thread-1] INFO  server.RaftServerConfigKeys (ConfUtils.java:logGet(46)) - raft.server.rpc.sleep.time = 25ms (default)
2022-07-19 01:13:03,403 [pool-95-thread-1] INFO  server.RaftServerConfigKeys (ConfUtils.java:logGet(46)) - raft.server.rpc.slowness.timeout = 300s (custom)
2022-07-19 01:13:03,403 [pool-95-thread-1] INFO  server.RaftServerConfigKeys (ConfUtils.java:logGet(46)) - raft.server.leaderelection.leader.step-down.wait-time = 10s (default)
2022-07-19 01:13:03,403 [pool-95-thread-1] INFO  server.RaftServerConfigKeys (ConfUtils.java:logGet(46)) - raft.server.sleep.deviation.threshold = 300ms (default)
2022-07-19 01:13:03,403 [pool-95-thread-1] INFO  server.RaftServer$Division (ServerState.java:<init>(107)) - 77849db6-05f2-412a-81db-f843d144e1d6@group-685272520154: ConfigurationManager, init=-1: [2aa730c3-ca7b-4604-9fbc-a2524fdd8453|rpc:10.1.0.7:41013|priority:0, 77849db6-05f2-412a-81db-f843d144e1d6|rpc:10.1.0.7:46705|priority:1, 153d89b1-ea87-43f0-8e86-ff1392cd03ec|rpc:10.1.0.7:40195|priority:0], old=null, confs=<EMPTY_MAP>
2022-07-19 01:13:03,403 [pool-95-thread-1] INFO  server.RaftServerConfigKeys (ConfUtils.java:logGet(46)) - raft.server.storage.dir = [/home/runner/work/ozone/ozone/hadoop-ozone/integration-test/target/test-dir/MiniOzoneClusterImpl-2ac8f481-cfe8-4b79-9e35-c5083f796462/datanode-1/data/ratis] (custom)
2022-07-19 01:13:03,403 [pool-95-thread-1] INFO  server.RaftServerConfigKeys (ConfUtils.java:logGet(46)) - raft.server.log.corruption.policy = EXCEPTION (default)
2022-07-19 01:13:03,403 [pool-95-thread-1] INFO  server.RaftServerConfigKeys (ConfUtils.java:logGet(46)) - raft.server.storage.free-space.min = 0MB (=0) (default)
2022-07-19 01:13:03,403 [pool-95-thread-1] INFO  storage.RaftStorageDirectory (RaftStorageDirectoryImpl.java:analyzeStorage(135)) - The storage directory /home/runner/work/ozone/ozone/hadoop-ozone/integration-test/target/test-dir/MiniOzoneClusterImpl-2ac8f481-cfe8-4b79-9e35-c5083f796462/datanode-1/data/ratis/37c69e10-7ac0-428d-8fc3-685272520154 does not exist. Creating ...
2022-07-19 01:13:03,428 [pool-95-thread-1] INFO  storage.RaftStorageDirectory (RaftStorageDirectoryImpl.java:tryLock(230)) - Lock on /home/runner/work/ozone/ozone/hadoop-ozone/integration-test/target/test-dir/MiniOzoneClusterImpl-2ac8f481-cfe8-4b79-9e35-c5083f796462/datanode-1/data/ratis/37c69e10-7ac0-428d-8fc3-685272520154/in_use.lock acquired by nodename 14321@fv-az458-285
2022-07-19 01:13:03,430 [pool-95-thread-1] INFO  storage.RaftStorage (RaftStorageImpl.java:format(89)) - Storage directory /home/runner/work/ozone/ozone/hadoop-ozone/integration-test/target/test-dir/MiniOzoneClusterImpl-2ac8f481-cfe8-4b79-9e35-c5083f796462/datanode-1/data/ratis/37c69e10-7ac0-428d-8fc3-685272520154 has been successfully formatted.
2022-07-19 01:13:03,430 [pool-95-thread-1] INFO  ratis.ContainerStateMachine (ContainerStateMachine.java:loadSnapshot(236)) - group-685272520154: The snapshot info is null. Setting the last applied indexto:(t:0, i:~)
2022-07-19 01:13:03,430 [pool-95-thread-1] INFO  server.RaftServerConfigKeys (ConfUtils.java:logGet(46)) - raft.server.notification.no-leader.timeout = 300s (custom)
2022-07-19 01:13:03,430 [pool-95-thread-1] INFO  server.RaftServerConfigKeys (ConfUtils.java:logGet(46)) - raft.server.log.use.memory = false (default)
2022-07-19 01:13:03,430 [pool-95-thread-1] INFO  server.RaftServerConfigKeys (ConfUtils.java:logGet(46)) - raft.server.log.purge.gap = 1000000 (custom)
2022-07-19 01:13:03,432 [pool-95-thread-1] INFO  server.RaftServerConfigKeys (ConfUtils.java:logGet(46)) - raft.server.log.appender.buffer.byte-limit = 33554432 (custom)
2022-07-19 01:13:03,433 [pool-95-thread-1] INFO  server.RaftServerConfigKeys (ConfUtils.java:logGet(46)) - raft.server.log.statemachine.data.read.timeout = 1000ms (default)
2022-07-19 01:13:03,433 [pool-95-thread-1] INFO  server.RaftServerConfigKeys (ConfUtils.java:logGet(46)) - raft.server.log.segment.size.max = 1048576 (custom)
2022-07-19 01:13:03,434 [EventQueue-OpenPipelineForHealthyPipelineSafeModeRule] INFO  safemode.SCMSafeModeManager (HealthyPipelineSafeModeRule.java:process(137)) - SCM in safe mode. Healthy pipelines reported count is 0, required healthy pipeline reported count is 1
2022-07-19 01:13:03,435 [pool-95-thread-1] INFO  server.RaftServerConfigKeys (ConfUtils.java:logGet(46)) - raft.server.log.segment.cache.num.max = 2 (custom)
2022-07-19 01:13:03,435 [pool-95-thread-1] INFO  server.RaftServerConfigKeys (ConfUtils.java:logGet(46)) - raft.server.log.segment.cache.size.max = 200MB (=209715200) (default)
2022-07-19 01:13:03,435 [pool-95-thread-1] INFO  segmented.SegmentedRaftLogWorker (SegmentedRaftLogWorker.java:<init>(187)) - new 77849db6-05f2-412a-81db-f843d144e1d6@group-685272520154-SegmentedRaftLogWorker for RaftStorageImpl:Storage Directory /home/runner/work/ozone/ozone/hadoop-ozone/integration-test/target/test-dir/MiniOzoneClusterImpl-2ac8f481-cfe8-4b79-9e35-c5083f796462/datanode-1/data/ratis/37c69e10-7ac0-428d-8fc3-685272520154
2022-07-19 01:13:03,435 [pool-95-thread-1] INFO  server.RaftServerConfigKeys (ConfUtils.java:logGet(46)) - raft.server.log.queue.byte-limit = 4294967296 (custom)
2022-07-19 01:13:03,435 [pool-95-thread-1] INFO  server.RaftServerConfigKeys (ConfUtils.java:logGet(46)) - raft.server.log.queue.element-limit = 1024 (custom)
2022-07-19 01:13:03,435 [pool-95-thread-1] INFO  server.RaftServerConfigKeys (ConfUtils.java:logGet(46)) - raft.server.log.segment.size.max = 1048576 (custom)
2022-07-19 01:13:03,435 [pool-95-thread-1] INFO  server.RaftServerConfigKeys (ConfUtils.java:logGet(46)) - raft.server.log.preallocated.size = 16384 (custom)
2022-07-19 01:13:03,435 [pool-95-thread-1] INFO  server.RaftServerConfigKeys (ConfUtils.java:logGet(46)) - raft.server.log.force.sync.num = 128 (default)
2022-07-19 01:13:03,435 [pool-95-thread-1] INFO  server.RaftServerConfigKeys (ConfUtils.java:logGet(46)) - raft.server.log.statemachine.data.sync = true (default)
2022-07-19 01:13:03,435 [pool-95-thread-1] INFO  server.RaftServerConfigKeys (ConfUtils.java:logGet(46)) - raft.server.log.statemachine.data.sync.timeout = 10s (default)
2022-07-19 01:13:03,435 [pool-95-thread-1] INFO  server.RaftServerConfigKeys (ConfUtils.java:logGet(46)) - raft.server.log.statemachine.data.sync.timeout.retry = -1 (default)
2022-07-19 01:13:03,440 [pool-95-thread-1] INFO  server.RaftServerConfigKeys (ConfUtils.java:logGet(46)) - raft.server.log.write.buffer.size = 1048576 (custom)
2022-07-19 01:13:03,441 [pool-95-thread-1] INFO  server.RaftServerConfigKeys (ConfUtils.java:logGet(46)) - raft.server.log.unsafe-flush.enabled = false (default)
2022-07-19 01:13:03,441 [pool-95-thread-1] INFO  server.RaftServerConfigKeys (ConfUtils.java:logGet(46)) - raft.server.log.statemachine.data.caching.enabled = true (custom)
2022-07-19 01:13:03,441 [pool-95-thread-1] INFO  segmented.SegmentedRaftLogWorker (SegmentedRaftLogWorker.java:lambda$new$0(135)) - 77849db6-05f2-412a-81db-f843d144e1d6@group-685272520154-SegmentedRaftLogWorker: flushIndex: setUnconditionally 0 -> -1
2022-07-19 01:13:03,441 [pool-95-thread-1] INFO  segmented.SegmentedRaftLogWorker (SegmentedRaftLogWorker.java:lambda$new$0(135)) - 77849db6-05f2-412a-81db-f843d144e1d6@group-685272520154-SegmentedRaftLogWorker: safeCacheEvictIndex: setUnconditionally 0 -> -1
2022-07-19 01:13:03,448 [pool-95-thread-1] INFO  server.RaftServerConfigKeys (ConfUtils.java:logGet(46)) - raft.server.snapshot.auto.trigger.enabled = true (custom)
2022-07-19 01:13:03,448 [pool-95-thread-1] INFO  server.RaftServerConfigKeys (ConfUtils.java:logGet(46)) - raft.server.snapshot.auto.trigger.threshold = 10000 (custom)
2022-07-19 01:13:03,449 [pool-95-thread-1] INFO  server.RaftServerConfigKeys (ConfUtils.java:logGet(46)) - raft.server.snapshot.retention.file.num = 5 (custom)
2022-07-19 01:13:03,449 [pool-95-thread-1] INFO  server.RaftServerConfigKeys (ConfUtils.java:logGet(46)) - raft.server.log.purge.upto.snapshot.index = false (default)
2022-07-19 01:13:03,449 [pool-95-thread-1] INFO  server.RaftServerConfigKeys (ConfUtils.java:logGet(46)) - raft.server.retrycache.expirytime = 600000ms (custom)
2022-07-19 01:13:03,449 [pool-95-thread-1] INFO  server.RaftServerConfigKeys (ConfUtils.java:logGet(46)) - raft.server.retrycache.statistics.expirytime = 100μs (default)
2022-07-19 01:13:03,458 [pool-95-thread-1] INFO  server.RaftServerConfigKeys (ConfUtils.java:logGet(46)) - raft.server.log.appender.install.snapshot.enabled = false (custom)
2022-07-19 01:13:03,458 [pool-95-thread-1] INFO  server.RaftServerConfigKeys (ConfUtils.java:logGet(46)) - raft.server.threadpool.server.cached = true (default)
2022-07-19 01:13:03,459 [pool-95-thread-1] INFO  server.RaftServerConfigKeys (ConfUtils.java:logGet(46)) - raft.server.threadpool.server.size = 0 (default)
2022-07-19 01:13:03,459 [pool-95-thread-1] INFO  server.RaftServerConfigKeys (ConfUtils.java:logGet(46)) - raft.server.threadpool.client.cached = true (default)
2022-07-19 01:13:03,459 [pool-95-thread-1] INFO  server.RaftServerConfigKeys (ConfUtils.java:logGet(46)) - raft.server.threadpool.client.size = 0 (default)
2022-07-19 01:13:03,459 [pool-95-thread-1] INFO  server.RaftServer$Division (RaftServerImpl.java:start(310)) - 77849db6-05f2-412a-81db-f843d144e1d6@group-685272520154: start as a follower, conf=-1: [2aa730c3-ca7b-4604-9fbc-a2524fdd8453|rpc:10.1.0.7:41013|priority:0, 77849db6-05f2-412a-81db-f843d144e1d6|rpc:10.1.0.7:46705|priority:1, 153d89b1-ea87-43f0-8e86-ff1392cd03ec|rpc:10.1.0.7:40195|priority:0], old=null
2022-07-19 01:13:03,459 [pool-95-thread-1] INFO  server.RaftServer$Division (RaftServerImpl.java:setRole(299)) - 77849db6-05f2-412a-81db-f843d144e1d6@group-685272520154: changes role from      null to FOLLOWER at term 0 for startAsFollower
2022-07-19 01:13:03,461 [pool-95-thread-1] INFO  impl.RoleInfo (RoleInfo.java:updateAndGet(139)) - 77849db6-05f2-412a-81db-f843d144e1d6: start 77849db6-05f2-412a-81db-f843d144e1d6@group-685272520154-FollowerState
2022-07-19 01:13:03,461 [pool-95-thread-1] INFO  util.JmxRegister (JmxRegister.java:tryRegister(44)) - Successfully registered JMX Bean with object name Ratis:service=RaftServer,group=group-685272520154,id=77849db6-05f2-412a-81db-f843d144e1d6
2022-07-19 01:13:03,462 [Command processor thread] INFO  ratis.XceiverServerRatis (XceiverServerRatis.java:addGroup(765)) - Created group PipelineID=37c69e10-7ac0-428d-8fc3-685272520154
2022-07-19 01:13:03,567 [grpc-default-executor-0] INFO  server.RaftServer (RaftServerProxy.java:addNew(96)) - 2aa730c3-ca7b-4604-9fbc-a2524fdd8453: addNew group-685272520154:[2aa730c3-ca7b-4604-9fbc-a2524fdd8453|rpc:10.1.0.7:41013|dataStream:|priority:0, 77849db6-05f2-412a-81db-f843d144e1d6|rpc:10.1.0.7:46705|dataStream:|priority:1, 153d89b1-ea87-43f0-8e86-ff1392cd03ec|rpc:10.1.0.7:40195|dataStream:|priority:0] returns group-685272520154:java.util.concurrent.CompletableFuture@3d7d736c[Not completed]
2022-07-19 01:13:03,571 [pool-118-thread-1] INFO  server.RaftServer$Division (RaftServerImpl.java:<init>(190)) - 2aa730c3-ca7b-4604-9fbc-a2524fdd8453: new RaftServerImpl for group-685272520154:[2aa730c3-ca7b-4604-9fbc-a2524fdd8453|rpc:10.1.0.7:41013|dataStream:|priority:0, 77849db6-05f2-412a-81db-f843d144e1d6|rpc:10.1.0.7:46705|dataStream:|priority:1, 153d89b1-ea87-43f0-8e86-ff1392cd03ec|rpc:10.1.0.7:40195|dataStream:|priority:0] with ContainerStateMachine:uninitialized
2022-07-19 01:13:03,571 [pool-118-thread-1] INFO  server.RaftServerConfigKeys (ConfUtils.java:logGet(46)) - raft.server.rpc.timeout.min = 5s (custom)
2022-07-19 01:13:03,571 [pool-118-thread-1] INFO  server.RaftServerConfigKeys (ConfUtils.java:logGet(46)) - raft.server.rpc.timeout.max = 5200ms (custom)
2022-07-19 01:13:03,571 [pool-118-thread-1] INFO  server.RaftServerConfigKeys (ConfUtils.java:logGet(46)) - raft.server.rpc.sleep.time = 25ms (default)
2022-07-19 01:13:03,572 [pool-118-thread-1] INFO  server.RaftServerConfigKeys (ConfUtils.java:logGet(46)) - raft.server.rpc.slowness.timeout = 300s (custom)
2022-07-19 01:13:03,572 [pool-118-thread-1] INFO  server.RaftServerConfigKeys (ConfUtils.java:logGet(46)) - raft.server.leaderelection.leader.step-down.wait-time = 10s (default)
2022-07-19 01:13:03,572 [pool-118-thread-1] INFO  server.RaftServerConfigKeys (ConfUtils.java:logGet(46)) - raft.server.sleep.deviation.threshold = 300ms (default)
2022-07-19 01:13:03,572 [pool-118-thread-1] INFO  server.RaftServer$Division (ServerState.java:<init>(107)) - 2aa730c3-ca7b-4604-9fbc-a2524fdd8453@group-685272520154: ConfigurationManager, init=-1: [2aa730c3-ca7b-4604-9fbc-a2524fdd8453|rpc:10.1.0.7:41013|dataStream:|priority:0, 77849db6-05f2-412a-81db-f843d144e1d6|rpc:10.1.0.7:46705|dataStream:|priority:1, 153d89b1-ea87-43f0-8e86-ff1392cd03ec|rpc:10.1.0.7:40195|dataStream:|priority:0], old=null, confs=<EMPTY_MAP>
2022-07-19 01:13:03,572 [pool-118-thread-1] INFO  server.RaftServerConfigKeys (ConfUtils.java:logGet(46)) - raft.server.storage.dir = [/home/runner/work/ozone/ozone/hadoop-ozone/integration-test/target/test-dir/MiniOzoneClusterImpl-2ac8f481-cfe8-4b79-9e35-c5083f796462/datanode-2/data/ratis] (custom)
2022-07-19 01:13:03,572 [pool-118-thread-1] INFO  server.RaftServerConfigKeys (ConfUtils.java:logGet(46)) - raft.server.log.corruption.policy = EXCEPTION (default)
2022-07-19 01:13:03,572 [pool-118-thread-1] INFO  server.RaftServerConfigKeys (ConfUtils.java:logGet(46)) - raft.server.storage.free-space.min = 0MB (=0) (default)
2022-07-19 01:13:03,572 [pool-118-thread-1] INFO  storage.RaftStorageDirectory (RaftStorageDirectoryImpl.java:analyzeStorage(135)) - The storage directory /home/runner/work/ozone/ozone/hadoop-ozone/integration-test/target/test-dir/MiniOzoneClusterImpl-2ac8f481-cfe8-4b79-9e35-c5083f796462/datanode-2/data/ratis/37c69e10-7ac0-428d-8fc3-685272520154 does not exist. Creating ...
2022-07-19 01:13:03,574 [pool-118-thread-1] INFO  storage.RaftStorageDirectory (RaftStorageDirectoryImpl.java:tryLock(230)) - Lock on /home/runner/work/ozone/ozone/hadoop-ozone/integration-test/target/test-dir/MiniOzoneClusterImpl-2ac8f481-cfe8-4b79-9e35-c5083f796462/datanode-2/data/ratis/37c69e10-7ac0-428d-8fc3-685272520154/in_use.lock acquired by nodename 14321@fv-az458-285
2022-07-19 01:13:03,576 [pool-118-thread-1] INFO  storage.RaftStorage (RaftStorageImpl.java:format(89)) - Storage directory /home/runner/work/ozone/ozone/hadoop-ozone/integration-test/target/test-dir/MiniOzoneClusterImpl-2ac8f481-cfe8-4b79-9e35-c5083f796462/datanode-2/data/ratis/37c69e10-7ac0-428d-8fc3-685272520154 has been successfully formatted.
2022-07-19 01:13:03,579 [pool-118-thread-1] INFO  ratis.ContainerStateMachine (ContainerStateMachine.java:loadSnapshot(236)) - group-685272520154: The snapshot info is null. Setting the last applied indexto:(t:0, i:~)
2022-07-19 01:13:03,579 [pool-118-thread-1] INFO  server.RaftServerConfigKeys (ConfUtils.java:logGet(46)) - raft.server.notification.no-leader.timeout = 300s (custom)
2022-07-19 01:13:03,580 [pool-118-thread-1] INFO  server.RaftServerConfigKeys (ConfUtils.java:logGet(46)) - raft.server.log.use.memory = false (default)
2022-07-19 01:13:03,587 [pool-118-thread-1] INFO  server.RaftServerConfigKeys (ConfUtils.java:logGet(46)) - raft.server.log.purge.gap = 1000000 (custom)
2022-07-19 01:13:03,587 [pool-118-thread-1] INFO  server.RaftServerConfigKeys (ConfUtils.java:logGet(46)) - raft.server.log.appender.buffer.byte-limit = 33554432 (custom)
2022-07-19 01:13:03,587 [pool-118-thread-1] INFO  server.RaftServerConfigKeys (ConfUtils.java:logGet(46)) - raft.server.log.statemachine.data.read.timeout = 1000ms (default)
2022-07-19 01:13:03,587 [pool-118-thread-1] INFO  server.RaftServerConfigKeys (ConfUtils.java:logGet(46)) - raft.server.log.segment.size.max = 1048576 (custom)
2022-07-19 01:13:03,588 [pool-118-thread-1] INFO  server.RaftServerConfigKeys (ConfUtils.java:logGet(46)) - raft.server.log.segment.cache.num.max = 2 (custom)
2022-07-19 01:13:03,588 [pool-118-thread-1] INFO  server.RaftServerConfigKeys (ConfUtils.java:logGet(46)) - raft.server.log.segment.cache.size.max = 200MB (=209715200) (default)
2022-07-19 01:13:03,588 [pool-118-thread-1] INFO  segmented.SegmentedRaftLogWorker (SegmentedRaftLogWorker.java:<init>(187)) - new 2aa730c3-ca7b-4604-9fbc-a2524fdd8453@group-685272520154-SegmentedRaftLogWorker for RaftStorageImpl:Storage Directory /home/runner/work/ozone/ozone/hadoop-ozone/integration-test/target/test-dir/MiniOzoneClusterImpl-2ac8f481-cfe8-4b79-9e35-c5083f796462/datanode-2/data/ratis/37c69e10-7ac0-428d-8fc3-685272520154
2022-07-19 01:13:03,588 [pool-118-thread-1] INFO  server.RaftServerConfigKeys (ConfUtils.java:logGet(46)) - raft.server.log.queue.byte-limit = 4294967296 (custom)
2022-07-19 01:13:03,588 [pool-118-thread-1] INFO  server.RaftServerConfigKeys (ConfUtils.java:logGet(46)) - raft.server.log.queue.element-limit = 1024 (custom)
2022-07-19 01:13:03,588 [pool-118-thread-1] INFO  server.RaftServerConfigKeys (ConfUtils.java:logGet(46)) - raft.server.log.segment.size.max = 1048576 (custom)
2022-07-19 01:13:03,588 [pool-118-thread-1] INFO  server.RaftServerConfigKeys (ConfUtils.java:logGet(46)) - raft.server.log.preallocated.size = 16384 (custom)
2022-07-19 01:13:03,588 [pool-118-thread-1] INFO  server.RaftServerConfigKeys (ConfUtils.java:logGet(46)) - raft.server.log.force.sync.num = 128 (default)
2022-07-19 01:13:03,588 [pool-118-thread-1] INFO  server.RaftServerConfigKeys (ConfUtils.java:logGet(46)) - raft.server.log.statemachine.data.sync = true (default)
2022-07-19 01:13:03,588 [pool-118-thread-1] INFO  server.RaftServerConfigKeys (ConfUtils.java:logGet(46)) - raft.server.log.statemachine.data.sync.timeout = 10s (default)
2022-07-19 01:13:03,588 [pool-118-thread-1] INFO  server.RaftServerConfigKeys (ConfUtils.java:logGet(46)) - raft.server.log.statemachine.data.sync.timeout.retry = -1 (default)
2022-07-19 01:13:03,590 [pool-118-thread-1] INFO  server.RaftServerConfigKeys (ConfUtils.java:logGet(46)) - raft.server.log.write.buffer.size = 1048576 (custom)
2022-07-19 01:13:03,590 [pool-118-thread-1] INFO  server.RaftServerConfigKeys (ConfUtils.java:logGet(46)) - raft.server.log.unsafe-flush.enabled = false (default)
2022-07-19 01:13:03,590 [pool-118-thread-1] INFO  server.RaftServerConfigKeys (ConfUtils.java:logGet(46)) - raft.server.log.statemachine.data.caching.enabled = true (custom)
2022-07-19 01:13:03,590 [pool-118-thread-1] INFO  segmented.SegmentedRaftLogWorker (SegmentedRaftLogWorker.java:lambda$new$0(135)) - 2aa730c3-ca7b-4604-9fbc-a2524fdd8453@group-685272520154-SegmentedRaftLogWorker: flushIndex: setUnconditionally 0 -> -1
2022-07-19 01:13:03,590 [pool-118-thread-1] INFO  segmented.SegmentedRaftLogWorker (SegmentedRaftLogWorker.java:lambda$new$0(135)) - 2aa730c3-ca7b-4604-9fbc-a2524fdd8453@group-685272520154-SegmentedRaftLogWorker: safeCacheEvictIndex: setUnconditionally 0 -> -1
2022-07-19 01:13:03,599 [pool-118-thread-1] INFO  server.RaftServerConfigKeys (ConfUtils.java:logGet(46)) - raft.server.snapshot.auto.trigger.enabled = true (custom)
2022-07-19 01:13:03,599 [pool-118-thread-1] INFO  server.RaftServerConfigKeys (ConfUtils.java:logGet(46)) - raft.server.snapshot.auto.trigger.threshold = 10000 (custom)
2022-07-19 01:13:03,599 [pool-118-thread-1] INFO  server.RaftServerConfigKeys (ConfUtils.java:logGet(46)) - raft.server.snapshot.retention.file.num = 5 (custom)
2022-07-19 01:13:03,599 [pool-118-thread-1] INFO  server.RaftServerConfigKeys (ConfUtils.java:logGet(46)) - raft.server.log.purge.upto.snapshot.index = false (default)
2022-07-19 01:13:03,599 [pool-118-thread-1] INFO  server.RaftServerConfigKeys (ConfUtils.java:logGet(46)) - raft.server.retrycache.expirytime = 600000ms (custom)
2022-07-19 01:13:03,599 [pool-118-thread-1] INFO  server.RaftServerConfigKeys (ConfUtils.java:logGet(46)) - raft.server.retrycache.statistics.expirytime = 100μs (default)
2022-07-19 01:13:03,602 [pool-118-thread-1] INFO  server.RaftServerConfigKeys (ConfUtils.java:logGet(46)) - raft.server.log.appender.install.snapshot.enabled = false (custom)
2022-07-19 01:13:03,602 [pool-118-thread-1] INFO  server.RaftServerConfigKeys (ConfUtils.java:logGet(46)) - raft.server.threadpool.server.cached = true (default)
2022-07-19 01:13:03,602 [pool-118-thread-1] INFO  server.RaftServerConfigKeys (ConfUtils.java:logGet(46)) - raft.server.threadpool.server.size = 0 (default)
2022-07-19 01:13:03,602 [pool-118-thread-1] INFO  server.RaftServerConfigKeys (ConfUtils.java:logGet(46)) - raft.server.threadpool.client.cached = true (default)
2022-07-19 01:13:03,602 [pool-118-thread-1] INFO  server.RaftServerConfigKeys (ConfUtils.java:logGet(46)) - raft.server.threadpool.client.size = 0 (default)
2022-07-19 01:13:03,602 [pool-118-thread-1] INFO  server.RaftServer$Division (RaftServerImpl.java:start(310)) - 2aa730c3-ca7b-4604-9fbc-a2524fdd8453@group-685272520154: start as a follower, conf=-1: [2aa730c3-ca7b-4604-9fbc-a2524fdd8453|rpc:10.1.0.7:41013|dataStream:|priority:0, 77849db6-05f2-412a-81db-f843d144e1d6|rpc:10.1.0.7:46705|dataStream:|priority:1, 153d89b1-ea87-43f0-8e86-ff1392cd03ec|rpc:10.1.0.7:40195|dataStream:|priority:0], old=null
2022-07-19 01:13:03,602 [pool-118-thread-1] INFO  server.RaftServer$Division (RaftServerImpl.java:setRole(299)) - 2aa730c3-ca7b-4604-9fbc-a2524fdd8453@group-685272520154: changes role from      null to FOLLOWER at term 0 for startAsFollower
2022-07-19 01:13:03,603 [pool-118-thread-1] INFO  impl.RoleInfo (RoleInfo.java:updateAndGet(139)) - 2aa730c3-ca7b-4604-9fbc-a2524fdd8453: start 2aa730c3-ca7b-4604-9fbc-a2524fdd8453@group-685272520154-FollowerState
2022-07-19 01:13:03,611 [pool-118-thread-1] INFO  util.JmxRegister (JmxRegister.java:tryRegister(44)) - Successfully registered JMX Bean with object name Ratis:service=RaftServer,group=group-685272520154,id=2aa730c3-ca7b-4604-9fbc-a2524fdd8453
2022-07-19 01:13:03,693 [Command processor thread] INFO  server.RaftServer (RaftServerProxy.java:addNew(96)) - 2aa730c3-ca7b-4604-9fbc-a2524fdd8453: addNew group-DC6BBB3A7561:[2aa730c3-ca7b-4604-9fbc-a2524fdd8453|rpc:10.1.0.7:41013|priority:1] returns group-DC6BBB3A7561:java.util.concurrent.CompletableFuture@39018259[Not completed]
2022-07-19 01:13:03,694 [pool-118-thread-1] INFO  server.RaftServer$Division (RaftServerImpl.java:<init>(190)) - 2aa730c3-ca7b-4604-9fbc-a2524fdd8453: new RaftServerImpl for group-DC6BBB3A7561:[2aa730c3-ca7b-4604-9fbc-a2524fdd8453|rpc:10.1.0.7:41013|priority:1] with ContainerStateMachine:uninitialized
2022-07-19 01:13:03,695 [pool-118-thread-1] INFO  server.RaftServerConfigKeys (ConfUtils.java:logGet(46)) - raft.server.rpc.timeout.min = 5s (custom)
2022-07-19 01:13:03,695 [pool-118-thread-1] INFO  server.RaftServerConfigKeys (ConfUtils.java:logGet(46)) - raft.server.rpc.timeout.max = 5200ms (custom)
2022-07-19 01:13:03,695 [pool-118-thread-1] INFO  server.RaftServerConfigKeys (ConfUtils.java:logGet(46)) - raft.server.rpc.sleep.time = 25ms (default)
2022-07-19 01:13:03,695 [pool-118-thread-1] INFO  server.RaftServerConfigKeys (ConfUtils.java:logGet(46)) - raft.server.rpc.slowness.timeout = 300s (custom)
2022-07-19 01:13:03,695 [pool-118-thread-1] INFO  server.RaftServerConfigKeys (ConfUtils.java:logGet(46)) - raft.server.leaderelection.leader.step-down.wait-time = 10s (default)
2022-07-19 01:13:03,695 [pool-118-thread-1] INFO  server.RaftServerConfigKeys (ConfUtils.java:logGet(46)) - raft.server.sleep.deviation.threshold = 300ms (default)
2022-07-19 01:13:03,695 [pool-118-thread-1] INFO  server.RaftServer$Division (ServerState.java:<init>(107)) - 2aa730c3-ca7b-4604-9fbc-a2524fdd8453@group-DC6BBB3A7561: ConfigurationManager, init=-1: [2aa730c3-ca7b-4604-9fbc-a2524fdd8453|rpc:10.1.0.7:41013|priority:1], old=null, confs=<EMPTY_MAP>
2022-07-19 01:13:03,695 [pool-118-thread-1] INFO  server.RaftServerConfigKeys (ConfUtils.java:logGet(46)) - raft.server.storage.dir = [/home/runner/work/ozone/ozone/hadoop-ozone/integration-test/target/test-dir/MiniOzoneClusterImpl-2ac8f481-cfe8-4b79-9e35-c5083f796462/datanode-2/data/ratis] (custom)
2022-07-19 01:13:03,695 [Listener at 127.0.0.1/36483] INFO  ozone.MiniOzoneClusterImpl (MiniOzoneClusterImpl.java:lambda$waitForClusterToBeReady$0(216)) - Nodes are ready. Got 3 of 3 DN Heartbeats.
2022-07-19 01:13:03,696 [Listener at 127.0.0.1/36483] INFO  ozone.MiniOzoneClusterImpl (MiniOzoneClusterImpl.java:lambda$waitForClusterToBeReady$0(219)) - Waiting for cluster to exit safe mode
2022-07-19 01:13:03,696 [Listener at 127.0.0.1/36483] INFO  ozone.MiniOzoneClusterImpl (MiniOzoneClusterImpl.java:lambda$waitForClusterToBeReady$0(221)) - SCM became leader
2022-07-19 01:13:03,696 [pool-118-thread-1] INFO  server.RaftServerConfigKeys (ConfUtils.java:logGet(46)) - raft.server.log.corruption.policy = EXCEPTION (default)
2022-07-19 01:13:03,696 [pool-118-thread-1] INFO  server.RaftServerConfigKeys (ConfUtils.java:logGet(46)) - raft.server.storage.free-space.min = 0MB (=0) (default)
2022-07-19 01:13:03,696 [pool-118-thread-1] INFO  storage.RaftStorageDirectory (RaftStorageDirectoryImpl.java:analyzeStorage(135)) - The storage directory /home/runner/work/ozone/ozone/hadoop-ozone/integration-test/target/test-dir/MiniOzoneClusterImpl-2ac8f481-cfe8-4b79-9e35-c5083f796462/datanode-2/data/ratis/c56a90e9-32d8-4bd0-9503-dc6bbb3a7561 does not exist. Creating ...
2022-07-19 01:13:03,698 [pool-118-thread-1] INFO  storage.RaftStorageDirectory (RaftStorageDirectoryImpl.java:tryLock(230)) - Lock on /home/runner/work/ozone/ozone/hadoop-ozone/integration-test/target/test-dir/MiniOzoneClusterImpl-2ac8f481-cfe8-4b79-9e35-c5083f796462/datanode-2/data/ratis/c56a90e9-32d8-4bd0-9503-dc6bbb3a7561/in_use.lock acquired by nodename 14321@fv-az458-285
2022-07-19 01:13:03,700 [pool-118-thread-1] INFO  storage.RaftStorage (RaftStorageImpl.java:format(89)) - Storage directory /home/runner/work/ozone/ozone/hadoop-ozone/integration-test/target/test-dir/MiniOzoneClusterImpl-2ac8f481-cfe8-4b79-9e35-c5083f796462/datanode-2/data/ratis/c56a90e9-32d8-4bd0-9503-dc6bbb3a7561 has been successfully formatted.
2022-07-19 01:13:03,700 [pool-118-thread-1] INFO  ratis.ContainerStateMachine (ContainerStateMachine.java:loadSnapshot(236)) - group-DC6BBB3A7561: The snapshot info is null. Setting the last applied indexto:(t:0, i:~)
2022-07-19 01:13:03,701 [pool-118-thread-1] INFO  server.RaftServerConfigKeys (ConfUtils.java:logGet(46)) - raft.server.notification.no-leader.timeout = 300s (custom)
2022-07-19 01:13:03,701 [pool-118-thread-1] INFO  server.RaftServerConfigKeys (ConfUtils.java:logGet(46)) - raft.server.log.use.memory = false (default)
2022-07-19 01:13:03,701 [pool-118-thread-1] INFO  server.RaftServerConfigKeys (ConfUtils.java:logGet(46)) - raft.server.log.purge.gap = 1000000 (custom)
2022-07-19 01:13:03,701 [pool-118-thread-1] INFO  server.RaftServerConfigKeys (ConfUtils.java:logGet(46)) - raft.server.log.appender.buffer.byte-limit = 33554432 (custom)
2022-07-19 01:13:03,701 [pool-118-thread-1] INFO  server.RaftServerConfigKeys (ConfUtils.java:logGet(46)) - raft.server.log.statemachine.data.read.timeout = 1000ms (default)
2022-07-19 01:13:03,701 [pool-118-thread-1] INFO  server.RaftServerConfigKeys (ConfUtils.java:logGet(46)) - raft.server.log.segment.size.max = 1048576 (custom)
2022-07-19 01:13:03,708 [pool-118-thread-1] INFO  server.RaftServerConfigKeys (ConfUtils.java:logGet(46)) - raft.server.log.segment.cache.num.max = 2 (custom)
2022-07-19 01:13:03,708 [pool-118-thread-1] INFO  server.RaftServerConfigKeys (ConfUtils.java:logGet(46)) - raft.server.log.segment.cache.size.max = 200MB (=209715200) (default)
2022-07-19 01:13:03,708 [pool-118-thread-1] INFO  segmented.SegmentedRaftLogWorker (SegmentedRaftLogWorker.java:<init>(187)) - new 2aa730c3-ca7b-4604-9fbc-a2524fdd8453@group-DC6BBB3A7561-SegmentedRaftLogWorker for RaftStorageImpl:Storage Directory /home/runner/work/ozone/ozone/hadoop-ozone/integration-test/target/test-dir/MiniOzoneClusterImpl-2ac8f481-cfe8-4b79-9e35-c5083f796462/datanode-2/data/ratis/c56a90e9-32d8-4bd0-9503-dc6bbb3a7561
2022-07-19 01:13:03,708 [pool-118-thread-1] INFO  server.RaftServerConfigKeys (ConfUtils.java:logGet(46)) - raft.server.log.queue.byte-limit = 4294967296 (custom)
2022-07-19 01:13:03,708 [pool-118-thread-1] INFO  server.RaftServerConfigKeys (ConfUtils.java:logGet(46)) - raft.server.log.queue.element-limit = 1024 (custom)
2022-07-19 01:13:03,709 [pool-118-thread-1] INFO  server.RaftServerConfigKeys (ConfUtils.java:logGet(46)) - raft.server.log.segment.size.max = 1048576 (custom)
2022-07-19 01:13:03,709 [pool-118-thread-1] INFO  server.RaftServerConfigKeys (ConfUtils.java:logGet(46)) - raft.server.log.preallocated.size = 16384 (custom)
2022-07-19 01:13:03,709 [pool-118-thread-1] INFO  server.RaftServerConfigKeys (ConfUtils.java:logGet(46)) - raft.server.log.force.sync.num = 128 (default)
2022-07-19 01:13:03,709 [pool-118-thread-1] INFO  server.RaftServerConfigKeys (ConfUtils.java:logGet(46)) - raft.server.log.statemachine.data.sync = true (default)
2022-07-19 01:13:03,709 [pool-118-thread-1] INFO  server.RaftServerConfigKeys (ConfUtils.java:logGet(46)) - raft.server.log.statemachine.data.sync.timeout = 10s (default)
2022-07-19 01:13:03,709 [pool-118-thread-1] INFO  server.RaftServerConfigKeys (ConfUtils.java:logGet(46)) - raft.server.log.statemachine.data.sync.timeout.retry = -1 (default)
2022-07-19 01:13:03,710 [pool-118-thread-1] INFO  server.RaftServerConfigKeys (ConfUtils.java:logGet(46)) - raft.server.log.write.buffer.size = 1048576 (custom)
2022-07-19 01:13:03,711 [pool-118-thread-1] INFO  server.RaftServerConfigKeys (ConfUtils.java:logGet(46)) - raft.server.log.unsafe-flush.enabled = false (default)
2022-07-19 01:13:03,711 [pool-118-thread-1] INFO  server.RaftServerConfigKeys (ConfUtils.java:logGet(46)) - raft.server.log.statemachine.data.caching.enabled = true (custom)
2022-07-19 01:13:03,711 [pool-118-thread-1] INFO  segmented.SegmentedRaftLogWorker (SegmentedRaftLogWorker.java:lambda$new$0(135)) - 2aa730c3-ca7b-4604-9fbc-a2524fdd8453@group-DC6BBB3A7561-SegmentedRaftLogWorker: flushIndex: setUnconditionally 0 -> -1
2022-07-19 01:13:03,711 [pool-118-thread-1] INFO  segmented.SegmentedRaftLogWorker (SegmentedRaftLogWorker.java:lambda$new$0(135)) - 2aa730c3-ca7b-4604-9fbc-a2524fdd8453@group-DC6BBB3A7561-SegmentedRaftLogWorker: safeCacheEvictIndex: setUnconditionally 0 -> -1
2022-07-19 01:13:03,715 [pool-118-thread-1] INFO  server.RaftServerConfigKeys (ConfUtils.java:logGet(46)) - raft.server.snapshot.auto.trigger.enabled = true (custom)
2022-07-19 01:13:03,715 [pool-118-thread-1] INFO  server.RaftServerConfigKeys (ConfUtils.java:logGet(46)) - raft.server.snapshot.auto.trigger.threshold = 10000 (custom)
2022-07-19 01:13:03,715 [pool-118-thread-1] INFO  server.RaftServerConfigKeys (ConfUtils.java:logGet(46)) - raft.server.snapshot.retention.file.num = 5 (custom)
2022-07-19 01:13:03,715 [pool-118-thread-1] INFO  server.RaftServerConfigKeys (ConfUtils.java:logGet(46)) - raft.server.log.purge.upto.snapshot.index = false (default)
2022-07-19 01:13:03,715 [pool-118-thread-1] INFO  server.RaftServerConfigKeys (ConfUtils.java:logGet(46)) - raft.server.retrycache.expirytime = 600000ms (custom)
2022-07-19 01:13:03,715 [pool-118-thread-1] INFO  server.RaftServerConfigKeys (ConfUtils.java:logGet(46)) - raft.server.retrycache.statistics.expirytime = 100μs (default)
2022-07-19 01:13:03,717 [pool-118-thread-1] INFO  server.RaftServerConfigKeys (ConfUtils.java:logGet(46)) - raft.server.log.appender.install.snapshot.enabled = false (custom)
2022-07-19 01:13:03,717 [pool-118-thread-1] INFO  server.RaftServerConfigKeys (ConfUtils.java:logGet(46)) - raft.server.threadpool.server.cached = true (default)
2022-07-19 01:13:03,717 [pool-118-thread-1] INFO  server.RaftServerConfigKeys (ConfUtils.java:logGet(46)) - raft.server.threadpool.server.size = 0 (default)
2022-07-19 01:13:03,717 [pool-118-thread-1] INFO  server.RaftServerConfigKeys (ConfUtils.java:logGet(46)) - raft.server.threadpool.client.cached = true (default)
2022-07-19 01:13:03,717 [pool-118-thread-1] INFO  server.RaftServerConfigKeys (ConfUtils.java:logGet(46)) - raft.server.threadpool.client.size = 0 (default)
2022-07-19 01:13:03,717 [pool-118-thread-1] INFO  server.RaftServer$Division (RaftServerImpl.java:start(310)) - 2aa730c3-ca7b-4604-9fbc-a2524fdd8453@group-DC6BBB3A7561: start as a follower, conf=-1: [2aa730c3-ca7b-4604-9fbc-a2524fdd8453|rpc:10.1.0.7:41013|priority:1], old=null
2022-07-19 01:13:03,718 [pool-118-thread-1] INFO  server.RaftServer$Division (RaftServerImpl.java:setRole(299)) - 2aa730c3-ca7b-4604-9fbc-a2524fdd8453@group-DC6BBB3A7561: changes role from      null to FOLLOWER at term 0 for startAsFollower
2022-07-19 01:13:03,718 [pool-118-thread-1] INFO  impl.RoleInfo (RoleInfo.java:updateAndGet(139)) - 2aa730c3-ca7b-4604-9fbc-a2524fdd8453: start 2aa730c3-ca7b-4604-9fbc-a2524fdd8453@group-DC6BBB3A7561-FollowerState
2022-07-19 01:13:03,722 [EventQueue-PipelineReportForPipelineReportHandler] INFO  pipeline.PipelineManagerImpl (PipelineManagerImpl.java:openPipeline(367)) - Pipeline Pipeline[ Id: c56a90e9-32d8-4bd0-9503-dc6bbb3a7561, Nodes: 2aa730c3-ca7b-4604-9fbc-a2524fdd8453{ip: 10.1.0.7, host: fv-az458-285.cxtooap3h1lune4eycoub4ghla.dx.internal.cloudapp.net, ports: [REPLICATION=40739, RATIS=41013, RATIS_ADMIN=41013, RATIS_SERVER=41013, STANDALONE=33689], networkLocation: /default-rack, certSerialId: null, persistedOpState: IN_SERVICE, persistedOpStateExpiryEpochSec: 0}, ReplicationConfig: RATIS/ONE, State:ALLOCATED, leaderId:2aa730c3-ca7b-4604-9fbc-a2524fdd8453, CreationTimestamp2022-07-19T01:13:00.696Z[Etc/UTC]] moved to OPEN state
2022-07-19 01:13:03,723 [EventQueue-OpenPipelineForHealthyPipelineSafeModeRule] INFO  safemode.SCMSafeModeManager (HealthyPipelineSafeModeRule.java:process(137)) - SCM in safe mode. Healthy pipelines reported count is 0, required healthy pipeline reported count is 1
2022-07-19 01:13:03,725 [pool-118-thread-1] INFO  util.JmxRegister (JmxRegister.java:tryRegister(44)) - Successfully registered JMX Bean with object name Ratis:service=RaftServer,group=group-DC6BBB3A7561,id=2aa730c3-ca7b-4604-9fbc-a2524fdd8453
2022-07-19 01:13:03,737 [Command processor thread] INFO  ratis.XceiverServerRatis (XceiverServerRatis.java:addGroup(765)) - Created group PipelineID=c56a90e9-32d8-4bd0-9503-dc6bbb3a7561
2022-07-19 01:13:03,738 [Command processor thread] INFO  commandhandler.CreatePipelineCommandHandler (CreatePipelineCommandHandler.java:handle(113)) - Created Pipeline RATIS ONE PipelineID=c56a90e9-32d8-4bd0-9503-dc6bbb3a7561.
2022-07-19 01:13:03,738 [Command processor thread] INFO  server.RaftServer (RaftServerProxy.java:addNew(96)) - 2aa730c3-ca7b-4604-9fbc-a2524fdd8453: addNew group-E4775DBC12BB:[2aa730c3-ca7b-4604-9fbc-a2524fdd8453|rpc:10.1.0.7:41013|priority:1, 77849db6-05f2-412a-81db-f843d144e1d6|rpc:10.1.0.7:46705|priority:0, 153d89b1-ea87-43f0-8e86-ff1392cd03ec|rpc:10.1.0.7:40195|priority:0] returns group-E4775DBC12BB:java.util.concurrent.CompletableFuture@37c66b09[Not completed]
2022-07-19 01:13:03,745 [pool-118-thread-1] INFO  server.RaftServer$Division (RaftServerImpl.java:<init>(190)) - 2aa730c3-ca7b-4604-9fbc-a2524fdd8453: new RaftServerImpl for group-E4775DBC12BB:[2aa730c3-ca7b-4604-9fbc-a2524fdd8453|rpc:10.1.0.7:41013|priority:1, 77849db6-05f2-412a-81db-f843d144e1d6|rpc:10.1.0.7:46705|priority:0, 153d89b1-ea87-43f0-8e86-ff1392cd03ec|rpc:10.1.0.7:40195|priority:0] with ContainerStateMachine:uninitialized
2022-07-19 01:13:03,745 [pool-118-thread-1] INFO  server.RaftServerConfigKeys (ConfUtils.java:logGet(46)) - raft.server.rpc.timeout.min = 5s (custom)
2022-07-19 01:13:03,745 [pool-118-thread-1] INFO  server.RaftServerConfigKeys (ConfUtils.java:logGet(46)) - raft.server.rpc.timeout.max = 5200ms (custom)
2022-07-19 01:13:03,745 [pool-118-thread-1] INFO  server.RaftServerConfigKeys (ConfUtils.java:logGet(46)) - raft.server.rpc.sleep.time = 25ms (default)
2022-07-19 01:13:03,745 [pool-118-thread-1] INFO  server.RaftServerConfigKeys (ConfUtils.java:logGet(46)) - raft.server.rpc.slowness.timeout = 300s (custom)
2022-07-19 01:13:03,745 [pool-118-thread-1] INFO  server.RaftServerConfigKeys (ConfUtils.java:logGet(46)) - raft.server.leaderelection.leader.step-down.wait-time = 10s (default)
2022-07-19 01:13:03,745 [pool-118-thread-1] INFO  server.RaftServerConfigKeys (ConfUtils.java:logGet(46)) - raft.server.sleep.deviation.threshold = 300ms (default)
2022-07-19 01:13:03,745 [pool-118-thread-1] INFO  server.RaftServer$Division (ServerState.java:<init>(107)) - 2aa730c3-ca7b-4604-9fbc-a2524fdd8453@group-E4775DBC12BB: ConfigurationManager, init=-1: [2aa730c3-ca7b-4604-9fbc-a2524fdd8453|rpc:10.1.0.7:41013|priority:1, 77849db6-05f2-412a-81db-f843d144e1d6|rpc:10.1.0.7:46705|priority:0, 153d89b1-ea87-43f0-8e86-ff1392cd03ec|rpc:10.1.0.7:40195|priority:0], old=null, confs=<EMPTY_MAP>
2022-07-19 01:13:03,745 [pool-118-thread-1] INFO  server.RaftServerConfigKeys (ConfUtils.java:logGet(46)) - raft.server.storage.dir = [/home/runner/work/ozone/ozone/hadoop-ozone/integration-test/target/test-dir/MiniOzoneClusterImpl-2ac8f481-cfe8-4b79-9e35-c5083f796462/datanode-2/data/ratis] (custom)
2022-07-19 01:13:03,755 [pool-118-thread-1] INFO  server.RaftServerConfigKeys (ConfUtils.java:logGet(46)) - raft.server.log.corruption.policy = EXCEPTION (default)
2022-07-19 01:13:03,755 [pool-118-thread-1] INFO  server.RaftServerConfigKeys (ConfUtils.java:logGet(46)) - raft.server.storage.free-space.min = 0MB (=0) (default)
2022-07-19 01:13:03,755 [pool-118-thread-1] INFO  storage.RaftStorageDirectory (RaftStorageDirectoryImpl.java:analyzeStorage(135)) - The storage directory /home/runner/work/ozone/ozone/hadoop-ozone/integration-test/target/test-dir/MiniOzoneClusterImpl-2ac8f481-cfe8-4b79-9e35-c5083f796462/datanode-2/data/ratis/b0dbf070-c726-4fce-ae39-e4775dbc12bb does not exist. Creating ...
2022-07-19 01:13:03,762 [pool-118-thread-1] INFO  storage.RaftStorageDirectory (RaftStorageDirectoryImpl.java:tryLock(230)) - Lock on /home/runner/work/ozone/ozone/hadoop-ozone/integration-test/target/test-dir/MiniOzoneClusterImpl-2ac8f481-cfe8-4b79-9e35-c5083f796462/datanode-2/data/ratis/b0dbf070-c726-4fce-ae39-e4775dbc12bb/in_use.lock acquired by nodename 14321@fv-az458-285
2022-07-19 01:13:03,764 [Command processor thread] INFO  commandhandler.CreatePipelineCommandHandler (CreatePipelineCommandHandler.java:handle(113)) - Created Pipeline RATIS THREE PipelineID=37c69e10-7ac0-428d-8fc3-685272520154.
2022-07-19 01:13:03,764 [Command processor thread] INFO  server.RaftServer (RaftServerProxy.java:addNew(96)) - 153d89b1-ea87-43f0-8e86-ff1392cd03ec: addNew group-E4775DBC12BB:[2aa730c3-ca7b-4604-9fbc-a2524fdd8453|rpc:10.1.0.7:41013|priority:1, 77849db6-05f2-412a-81db-f843d144e1d6|rpc:10.1.0.7:46705|priority:0, 153d89b1-ea87-43f0-8e86-ff1392cd03ec|rpc:10.1.0.7:40195|priority:0] returns group-E4775DBC12BB:java.util.concurrent.CompletableFuture@2e306414[Not completed]
2022-07-19 01:13:03,764 [Command processor thread] INFO  commandhandler.CreatePipelineCommandHandler (CreatePipelineCommandHandler.java:handle(113)) - Created Pipeline RATIS THREE PipelineID=37c69e10-7ac0-428d-8fc3-685272520154.
2022-07-19 01:13:03,764 [Command processor thread] INFO  server.RaftServer (RaftServerProxy.java:addNew(96)) - 77849db6-05f2-412a-81db-f843d144e1d6: addNew group-E4775DBC12BB:[2aa730c3-ca7b-4604-9fbc-a2524fdd8453|rpc:10.1.0.7:41013|priority:1, 77849db6-05f2-412a-81db-f843d144e1d6|rpc:10.1.0.7:46705|priority:0, 153d89b1-ea87-43f0-8e86-ff1392cd03ec|rpc:10.1.0.7:40195|priority:0] returns group-E4775DBC12BB:java.util.concurrent.CompletableFuture@4c17b1f2[Not completed]
2022-07-19 01:13:03,765 [pool-72-thread-1] INFO  server.RaftServer$Division (RaftServerImpl.java:<init>(190)) - 153d89b1-ea87-43f0-8e86-ff1392cd03ec: new RaftServerImpl for group-E4775DBC12BB:[2aa730c3-ca7b-4604-9fbc-a2524fdd8453|rpc:10.1.0.7:41013|priority:1, 77849db6-05f2-412a-81db-f843d144e1d6|rpc:10.1.0.7:46705|priority:0, 153d89b1-ea87-43f0-8e86-ff1392cd03ec|rpc:10.1.0.7:40195|priority:0] with ContainerStateMachine:uninitialized
2022-07-19 01:13:03,765 [pool-72-thread-1] INFO  server.RaftServerConfigKeys (ConfUtils.java:logGet(46)) - raft.server.rpc.timeout.min = 5s (custom)
2022-07-19 01:13:03,765 [pool-72-thread-1] INFO  server.RaftServerConfigKeys (ConfUtils.java:logGet(46)) - raft.server.rpc.timeout.max = 5200ms (custom)
2022-07-19 01:13:03,765 [pool-72-thread-1] INFO  server.RaftServerConfigKeys (ConfUtils.java:logGet(46)) - raft.server.rpc.sleep.time = 25ms (default)
2022-07-19 01:13:03,765 [pool-72-thread-1] INFO  server.RaftServerConfigKeys (ConfUtils.java:logGet(46)) - raft.server.rpc.slowness.timeout = 300s (custom)
2022-07-19 01:13:03,765 [pool-72-thread-1] INFO  server.RaftServerConfigKeys (ConfUtils.java:logGet(46)) - raft.server.leaderelection.leader.step-down.wait-time = 10s (default)
2022-07-19 01:13:03,765 [pool-72-thread-1] INFO  server.RaftServerConfigKeys (ConfUtils.java:logGet(46)) - raft.server.sleep.deviation.threshold = 300ms (default)
2022-07-19 01:13:03,765 [pool-72-thread-1] INFO  server.RaftServer$Division (ServerState.java:<init>(107)) - 153d89b1-ea87-43f0-8e86-ff1392cd03ec@group-E4775DBC12BB: ConfigurationManager, init=-1: [2aa730c3-ca7b-4604-9fbc-a2524fdd8453|rpc:10.1.0.7:41013|priority:1, 77849db6-05f2-412a-81db-f843d144e1d6|rpc:10.1.0.7:46705|priority:0, 153d89b1-ea87-43f0-8e86-ff1392cd03ec|rpc:10.1.0.7:40195|priority:0], old=null, confs=<EMPTY_MAP>
2022-07-19 01:13:03,765 [pool-72-thread-1] INFO  server.RaftServerConfigKeys (ConfUtils.java:logGet(46)) - raft.server.storage.dir = [/home/runner/work/ozone/ozone/hadoop-ozone/integration-test/target/test-dir/MiniOzoneClusterImpl-2ac8f481-cfe8-4b79-9e35-c5083f796462/datanode-0/data/ratis] (custom)
2022-07-19 01:13:03,766 [pool-72-thread-1] INFO  server.RaftServerConfigKeys (ConfUtils.java:logGet(46)) - raft.server.log.corruption.policy = EXCEPTION (default)
2022-07-19 01:13:03,766 [pool-72-thread-1] INFO  server.RaftServerConfigKeys (ConfUtils.java:logGet(46)) - raft.server.storage.free-space.min = 0MB (=0) (default)
2022-07-19 01:13:03,767 [pool-72-thread-1] INFO  storage.RaftStorageDirectory (RaftStorageDirectoryImpl.java:analyzeStorage(135)) - The storage directory /home/runner/work/ozone/ozone/hadoop-ozone/integration-test/target/test-dir/MiniOzoneClusterImpl-2ac8f481-cfe8-4b79-9e35-c5083f796462/datanode-0/data/ratis/b0dbf070-c726-4fce-ae39-e4775dbc12bb does not exist. Creating ...
2022-07-19 01:13:03,768 [pool-72-thread-1] INFO  storage.RaftStorageDirectory (RaftStorageDirectoryImpl.java:tryLock(230)) - Lock on /home/runner/work/ozone/ozone/hadoop-ozone/integration-test/target/test-dir/MiniOzoneClusterImpl-2ac8f481-cfe8-4b79-9e35-c5083f796462/datanode-0/data/ratis/b0dbf070-c726-4fce-ae39-e4775dbc12bb/in_use.lock acquired by nodename 14321@fv-az458-285
2022-07-19 01:13:03,768 [pool-95-thread-1] INFO  server.RaftServer$Division (RaftServerImpl.java:<init>(190)) - 77849db6-05f2-412a-81db-f843d144e1d6: new RaftServerImpl for group-E4775DBC12BB:[2aa730c3-ca7b-4604-9fbc-a2524fdd8453|rpc:10.1.0.7:41013|priority:1, 77849db6-05f2-412a-81db-f843d144e1d6|rpc:10.1.0.7:46705|priority:0, 153d89b1-ea87-43f0-8e86-ff1392cd03ec|rpc:10.1.0.7:40195|priority:0] with ContainerStateMachine:uninitialized
2022-07-19 01:13:03,768 [pool-95-thread-1] INFO  server.RaftServerConfigKeys (ConfUtils.java:logGet(46)) - raft.server.rpc.timeout.min = 5s (custom)
2022-07-19 01:13:03,768 [pool-95-thread-1] INFO  server.RaftServerConfigKeys (ConfUtils.java:logGet(46)) - raft.server.rpc.timeout.max = 5200ms (custom)
2022-07-19 01:13:03,768 [pool-95-thread-1] INFO  server.RaftServerConfigKeys (ConfUtils.java:logGet(46)) - raft.server.rpc.sleep.time = 25ms (default)
2022-07-19 01:13:03,768 [pool-95-thread-1] INFO  server.RaftServerConfigKeys (ConfUtils.java:logGet(46)) - raft.server.rpc.slowness.timeout = 300s (custom)
2022-07-19 01:13:03,768 [pool-95-thread-1] INFO  server.RaftServerConfigKeys (ConfUtils.java:logGet(46)) - raft.server.leaderelection.leader.step-down.wait-time = 10s (default)
2022-07-19 01:13:03,768 [pool-95-thread-1] INFO  server.RaftServerConfigKeys (ConfUtils.java:logGet(46)) - raft.server.sleep.deviation.threshold = 300ms (default)
2022-07-19 01:13:03,768 [pool-118-thread-1] INFO  storage.RaftStorage (RaftStorageImpl.java:format(89)) - Storage directory /home/runner/work/ozone/ozone/hadoop-ozone/integration-test/target/test-dir/MiniOzoneClusterImpl-2ac8f481-cfe8-4b79-9e35-c5083f796462/datanode-2/data/ratis/b0dbf070-c726-4fce-ae39-e4775dbc12bb has been successfully formatted.
2022-07-19 01:13:03,768 [pool-95-thread-1] INFO  server.RaftServer$Division (ServerState.java:<init>(107)) - 77849db6-05f2-412a-81db-f843d144e1d6@group-E4775DBC12BB: ConfigurationManager, init=-1: [2aa730c3-ca7b-4604-9fbc-a2524fdd8453|rpc:10.1.0.7:41013|priority:1, 77849db6-05f2-412a-81db-f843d144e1d6|rpc:10.1.0.7:46705|priority:0, 153d89b1-ea87-43f0-8e86-ff1392cd03ec|rpc:10.1.0.7:40195|priority:0], old=null, confs=<EMPTY_MAP>
2022-07-19 01:13:03,769 [pool-95-thread-1] INFO  server.RaftServerConfigKeys (ConfUtils.java:logGet(46)) - raft.server.storage.dir = [/home/runner/work/ozone/ozone/hadoop-ozone/integration-test/target/test-dir/MiniOzoneClusterImpl-2ac8f481-cfe8-4b79-9e35-c5083f796462/datanode-1/data/ratis] (custom)
2022-07-19 01:13:03,769 [pool-118-thread-1] INFO  ratis.ContainerStateMachine (ContainerStateMachine.java:loadSnapshot(236)) - group-E4775DBC12BB: The snapshot info is null. Setting the last applied indexto:(t:0, i:~)
2022-07-19 01:13:03,769 [pool-118-thread-1] INFO  server.RaftServerConfigKeys (ConfUtils.java:logGet(46)) - raft.server.notification.no-leader.timeout = 300s (custom)
2022-07-19 01:13:03,769 [pool-118-thread-1] INFO  server.RaftServerConfigKeys (ConfUtils.java:logGet(46)) - raft.server.log.use.memory = false (default)
2022-07-19 01:13:03,769 [pool-118-thread-1] INFO  server.RaftServerConfigKeys (ConfUtils.java:logGet(46)) - raft.server.log.purge.gap = 1000000 (custom)
2022-07-19 01:13:03,769 [pool-118-thread-1] INFO  server.RaftServerConfigKeys (ConfUtils.java:logGet(46)) - raft.server.log.appender.buffer.byte-limit = 33554432 (custom)
2022-07-19 01:13:03,770 [pool-118-thread-1] INFO  server.RaftServerConfigKeys (ConfUtils.java:logGet(46)) - raft.server.log.statemachine.data.read.timeout = 1000ms (default)
2022-07-19 01:13:03,769 [pool-95-thread-1] INFO  server.RaftServerConfigKeys (ConfUtils.java:logGet(46)) - raft.server.log.corruption.policy = EXCEPTION (default)
2022-07-19 01:13:03,771 [pool-95-thread-1] INFO  server.RaftServerConfigKeys (ConfUtils.java:logGet(46)) - raft.server.storage.free-space.min = 0MB (=0) (default)
2022-07-19 01:13:03,771 [pool-95-thread-1] INFO  storage.RaftStorageDirectory (RaftStorageDirectoryImpl.java:analyzeStorage(135)) - The storage directory /home/runner/work/ozone/ozone/hadoop-ozone/integration-test/target/test-dir/MiniOzoneClusterImpl-2ac8f481-cfe8-4b79-9e35-c5083f796462/datanode-1/data/ratis/b0dbf070-c726-4fce-ae39-e4775dbc12bb does not exist. Creating ...
2022-07-19 01:13:03,772 [EventQueue-OpenPipelineForHealthyPipelineSafeModeRule] INFO  safemode.SCMSafeModeManager (HealthyPipelineSafeModeRule.java:process(137)) - SCM in safe mode. Healthy pipelines reported count is 0, required healthy pipeline reported count is 1
2022-07-19 01:13:03,774 [pool-95-thread-1] INFO  storage.RaftStorageDirectory (RaftStorageDirectoryImpl.java:tryLock(230)) - Lock on /home/runner/work/ozone/ozone/hadoop-ozone/integration-test/target/test-dir/MiniOzoneClusterImpl-2ac8f481-cfe8-4b79-9e35-c5083f796462/datanode-1/data/ratis/b0dbf070-c726-4fce-ae39-e4775dbc12bb/in_use.lock acquired by nodename 14321@fv-az458-285
2022-07-19 01:13:03,775 [pool-118-thread-1] INFO  server.RaftServerConfigKeys (ConfUtils.java:logGet(46)) - raft.server.log.segment.size.max = 1048576 (custom)
2022-07-19 01:13:03,775 [pool-118-thread-1] INFO  server.RaftServerConfigKeys (ConfUtils.java:logGet(46)) - raft.server.log.segment.cache.num.max = 2 (custom)
2022-07-19 01:13:03,775 [pool-118-thread-1] INFO  server.RaftServerConfigKeys (ConfUtils.java:logGet(46)) - raft.server.log.segment.cache.size.max = 200MB (=209715200) (default)
2022-07-19 01:13:03,775 [pool-118-thread-1] INFO  segmented.SegmentedRaftLogWorker (SegmentedRaftLogWorker.java:<init>(187)) - new 2aa730c3-ca7b-4604-9fbc-a2524fdd8453@group-E4775DBC12BB-SegmentedRaftLogWorker for RaftStorageImpl:Storage Directory /home/runner/work/ozone/ozone/hadoop-ozone/integration-test/target/test-dir/MiniOzoneClusterImpl-2ac8f481-cfe8-4b79-9e35-c5083f796462/datanode-2/data/ratis/b0dbf070-c726-4fce-ae39-e4775dbc12bb
2022-07-19 01:13:03,776 [pool-118-thread-1] INFO  server.RaftServerConfigKeys (ConfUtils.java:logGet(46)) - raft.server.log.queue.byte-limit = 4294967296 (custom)
2022-07-19 01:13:03,776 [pool-118-thread-1] INFO  server.RaftServerConfigKeys (ConfUtils.java:logGet(46)) - raft.server.log.queue.element-limit = 1024 (custom)
2022-07-19 01:13:03,776 [pool-118-thread-1] INFO  server.RaftServerConfigKeys (ConfUtils.java:logGet(46)) - raft.server.log.segment.size.max = 1048576 (custom)
2022-07-19 01:13:03,776 [pool-118-thread-1] INFO  server.RaftServerConfigKeys (ConfUtils.java:logGet(46)) - raft.server.log.preallocated.size = 16384 (custom)
2022-07-19 01:13:03,776 [pool-118-thread-1] INFO  server.RaftServerConfigKeys (ConfUtils.java:logGet(46)) - raft.server.log.force.sync.num = 128 (default)
2022-07-19 01:13:03,776 [pool-118-thread-1] INFO  server.RaftServerConfigKeys (ConfUtils.java:logGet(46)) - raft.server.log.statemachine.data.sync = true (default)
2022-07-19 01:13:03,776 [pool-118-thread-1] INFO  server.RaftServerConfigKeys (ConfUtils.java:logGet(46)) - raft.server.log.statemachine.data.sync.timeout = 10s (default)
2022-07-19 01:13:03,776 [pool-118-thread-1] INFO  server.RaftServerConfigKeys (ConfUtils.java:logGet(46)) - raft.server.log.statemachine.data.sync.timeout.retry = -1 (default)
2022-07-19 01:13:03,777 [pool-118-thread-1] INFO  server.RaftServerConfigKeys (ConfUtils.java:logGet(46)) - raft.server.log.write.buffer.size = 1048576 (custom)
2022-07-19 01:13:03,778 [pool-118-thread-1] INFO  server.RaftServerConfigKeys (ConfUtils.java:logGet(46)) - raft.server.log.unsafe-flush.enabled = false (default)
2022-07-19 01:13:03,778 [pool-118-thread-1] INFO  server.RaftServerConfigKeys (ConfUtils.java:logGet(46)) - raft.server.log.statemachine.data.caching.enabled = true (custom)
2022-07-19 01:13:03,778 [pool-72-thread-1] INFO  storage.RaftStorage (RaftStorageImpl.java:format(89)) - Storage directory /home/runner/work/ozone/ozone/hadoop-ozone/integration-test/target/test-dir/MiniOzoneClusterImpl-2ac8f481-cfe8-4b79-9e35-c5083f796462/datanode-0/data/ratis/b0dbf070-c726-4fce-ae39-e4775dbc12bb has been successfully formatted.
2022-07-19 01:13:03,778 [pool-118-thread-1] INFO  segmented.SegmentedRaftLogWorker (SegmentedRaftLogWorker.java:lambda$new$0(135)) - 2aa730c3-ca7b-4604-9fbc-a2524fdd8453@group-E4775DBC12BB-SegmentedRaftLogWorker: flushIndex: setUnconditionally 0 -> -1
2022-07-19 01:13:03,779 [pool-118-thread-1] INFO  segmented.SegmentedRaftLogWorker (SegmentedRaftLogWorker.java:lambda$new$0(135)) - 2aa730c3-ca7b-4604-9fbc-a2524fdd8453@group-E4775DBC12BB-SegmentedRaftLogWorker: safeCacheEvictIndex: setUnconditionally 0 -> -1
2022-07-19 01:13:03,779 [pool-118-thread-1] INFO  server.RaftServerConfigKeys (ConfUtils.java:logGet(46)) - raft.server.snapshot.auto.trigger.enabled = true (custom)
2022-07-19 01:13:03,779 [pool-95-thread-1] INFO  storage.RaftStorage (RaftStorageImpl.java:format(89)) - Storage directory /home/runner/work/ozone/ozone/hadoop-ozone/integration-test/target/test-dir/MiniOzoneClusterImpl-2ac8f481-cfe8-4b79-9e35-c5083f796462/datanode-1/data/ratis/b0dbf070-c726-4fce-ae39-e4775dbc12bb has been successfully formatted.
2022-07-19 01:13:03,779 [pool-72-thread-1] INFO  ratis.ContainerStateMachine (ContainerStateMachine.java:loadSnapshot(236)) - group-E4775DBC12BB: The snapshot info is null. Setting the last applied indexto:(t:0, i:~)
2022-07-19 01:13:03,779 [pool-118-thread-1] INFO  server.RaftServerConfigKeys (ConfUtils.java:logGet(46)) - raft.server.snapshot.auto.trigger.threshold = 10000 (custom)
2022-07-19 01:13:03,779 [pool-118-thread-1] INFO  server.RaftServerConfigKeys (ConfUtils.java:logGet(46)) - raft.server.snapshot.retention.file.num = 5 (custom)
2022-07-19 01:13:03,779 [pool-95-thread-1] INFO  ratis.ContainerStateMachine (ContainerStateMachine.java:loadSnapshot(236)) - group-E4775DBC12BB: The snapshot info is null. Setting the last applied indexto:(t:0, i:~)
2022-07-19 01:13:03,779 [pool-118-thread-1] INFO  server.RaftServerConfigKeys (ConfUtils.java:logGet(46)) - raft.server.log.purge.upto.snapshot.index = false (default)
2022-07-19 01:13:03,779 [pool-95-thread-1] INFO  server.RaftServerConfigKeys (ConfUtils.java:logGet(46)) - raft.server.notification.no-leader.timeout = 300s (custom)
2022-07-19 01:13:03,779 [pool-118-thread-1] INFO  server.RaftServerConfigKeys (ConfUtils.java:logGet(46)) - raft.server.retrycache.expirytime = 600000ms (custom)
2022-07-19 01:13:03,780 [pool-118-thread-1] INFO  server.RaftServerConfigKeys (ConfUtils.java:logGet(46)) - raft.server.retrycache.statistics.expirytime = 100μs (default)
2022-07-19 01:13:03,779 [pool-95-thread-1] INFO  server.RaftServerConfigKeys (ConfUtils.java:logGet(46)) - raft.server.log.use.memory = false (default)
2022-07-19 01:13:03,784 [pool-95-thread-1] INFO  server.RaftServerConfigKeys (ConfUtils.java:logGet(46)) - raft.server.log.purge.gap = 1000000 (custom)
2022-07-19 01:13:03,784 [pool-95-thread-1] INFO  server.RaftServerConfigKeys (ConfUtils.java:logGet(46)) - raft.server.log.appender.buffer.byte-limit = 33554432 (custom)
2022-07-19 01:13:03,784 [pool-95-thread-1] INFO  server.RaftServerConfigKeys (ConfUtils.java:logGet(46)) - raft.server.log.statemachine.data.read.timeout = 1000ms (default)
2022-07-19 01:13:03,784 [pool-95-thread-1] INFO  server.RaftServerConfigKeys (ConfUtils.java:logGet(46)) - raft.server.log.segment.size.max = 1048576 (custom)
2022-07-19 01:13:03,785 [pool-95-thread-1] INFO  server.RaftServerConfigKeys (ConfUtils.java:logGet(46)) - raft.server.log.segment.cache.num.max = 2 (custom)
2022-07-19 01:13:03,785 [pool-95-thread-1] INFO  server.RaftServerConfigKeys (ConfUtils.java:logGet(46)) - raft.server.log.segment.cache.size.max = 200MB (=209715200) (default)
2022-07-19 01:13:03,785 [pool-95-thread-1] INFO  segmented.SegmentedRaftLogWorker (SegmentedRaftLogWorker.java:<init>(187)) - new 77849db6-05f2-412a-81db-f843d144e1d6@group-E4775DBC12BB-SegmentedRaftLogWorker for RaftStorageImpl:Storage Directory /home/runner/work/ozone/ozone/hadoop-ozone/integration-test/target/test-dir/MiniOzoneClusterImpl-2ac8f481-cfe8-4b79-9e35-c5083f796462/datanode-1/data/ratis/b0dbf070-c726-4fce-ae39-e4775dbc12bb
2022-07-19 01:13:03,790 [pool-95-thread-1] INFO  server.RaftServerConfigKeys (ConfUtils.java:logGet(46)) - raft.server.log.queue.byte-limit = 4294967296 (custom)
2022-07-19 01:13:03,783 [pool-72-thread-1] INFO  server.RaftServerConfigKeys (ConfUtils.java:logGet(46)) - raft.server.notification.no-leader.timeout = 300s (custom)
2022-07-19 01:13:03,790 [pool-72-thread-1] INFO  server.RaftServerConfigKeys (ConfUtils.java:logGet(46)) - raft.server.log.use.memory = false (default)
2022-07-19 01:13:03,790 [pool-72-thread-1] INFO  server.RaftServerConfigKeys (ConfUtils.java:logGet(46)) - raft.server.log.purge.gap = 1000000 (custom)
2022-07-19 01:13:03,790 [pool-72-thread-1] INFO  server.RaftServerConfigKeys (ConfUtils.java:logGet(46)) - raft.server.log.appender.buffer.byte-limit = 33554432 (custom)
2022-07-19 01:13:03,790 [pool-72-thread-1] INFO  server.RaftServerConfigKeys (ConfUtils.java:logGet(46)) - raft.server.log.statemachine.data.read.timeout = 1000ms (default)
2022-07-19 01:13:03,783 [pool-118-thread-1] INFO  server.RaftServerConfigKeys (ConfUtils.java:logGet(46)) - raft.server.log.appender.install.snapshot.enabled = false (custom)
2022-07-19 01:13:03,791 [pool-118-thread-1] INFO  server.RaftServerConfigKeys (ConfUtils.java:logGet(46)) - raft.server.threadpool.server.cached = true (default)
2022-07-19 01:13:03,791 [pool-118-thread-1] INFO  server.RaftServerConfigKeys (ConfUtils.java:logGet(46)) - raft.server.threadpool.server.size = 0 (default)
2022-07-19 01:13:03,791 [pool-118-thread-1] INFO  server.RaftServerConfigKeys (ConfUtils.java:logGet(46)) - raft.server.threadpool.client.cached = true (default)
2022-07-19 01:13:03,791 [pool-118-thread-1] INFO  server.RaftServerConfigKeys (ConfUtils.java:logGet(46)) - raft.server.threadpool.client.size = 0 (default)
2022-07-19 01:13:03,791 [pool-118-thread-1] INFO  server.RaftServer$Division (RaftServerImpl.java:start(310)) - 2aa730c3-ca7b-4604-9fbc-a2524fdd8453@group-E4775DBC12BB: start as a follower, conf=-1: [2aa730c3-ca7b-4604-9fbc-a2524fdd8453|rpc:10.1.0.7:41013|priority:1, 77849db6-05f2-412a-81db-f843d144e1d6|rpc:10.1.0.7:46705|priority:0, 153d89b1-ea87-43f0-8e86-ff1392cd03ec|rpc:10.1.0.7:40195|priority:0], old=null
2022-07-19 01:13:03,791 [pool-118-thread-1] INFO  server.RaftServer$Division (RaftServerImpl.java:setRole(299)) - 2aa730c3-ca7b-4604-9fbc-a2524fdd8453@group-E4775DBC12BB: changes role from      null to FOLLOWER at term 0 for startAsFollower
2022-07-19 01:13:03,791 [pool-118-thread-1] INFO  impl.RoleInfo (RoleInfo.java:updateAndGet(139)) - 2aa730c3-ca7b-4604-9fbc-a2524fdd8453: start 2aa730c3-ca7b-4604-9fbc-a2524fdd8453@group-E4775DBC12BB-FollowerState
2022-07-19 01:13:03,782 [EventQueue-OpenPipelineForHealthyPipelineSafeModeRule] INFO  safemode.SCMSafeModeManager (HealthyPipelineSafeModeRule.java:process(137)) - SCM in safe mode. Healthy pipelines reported count is 0, required healthy pipeline reported count is 1
2022-07-19 01:13:03,790 [pool-95-thread-1] INFO  server.RaftServerConfigKeys (ConfUtils.java:logGet(46)) - raft.server.log.queue.element-limit = 1024 (custom)
2022-07-19 01:13:03,792 [pool-95-thread-1] INFO  server.RaftServerConfigKeys (ConfUtils.java:logGet(46)) - raft.server.log.segment.size.max = 1048576 (custom)
2022-07-19 01:13:03,792 [pool-118-thread-1] INFO  util.JmxRegister (JmxRegister.java:tryRegister(44)) - Successfully registered JMX Bean with object name Ratis:service=RaftServer,group=group-E4775DBC12BB,id=2aa730c3-ca7b-4604-9fbc-a2524fdd8453
2022-07-19 01:13:03,791 [pool-72-thread-1] INFO  server.RaftServerConfigKeys (ConfUtils.java:logGet(46)) - raft.server.log.segment.size.max = 1048576 (custom)
2022-07-19 01:13:03,793 [pool-72-thread-1] INFO  server.RaftServerConfigKeys (ConfUtils.java:logGet(46)) - raft.server.log.segment.cache.num.max = 2 (custom)
2022-07-19 01:13:03,793 [pool-72-thread-1] INFO  server.RaftServerConfigKeys (ConfUtils.java:logGet(46)) - raft.server.log.segment.cache.size.max = 200MB (=209715200) (default)
2022-07-19 01:13:03,793 [pool-72-thread-1] INFO  segmented.SegmentedRaftLogWorker (SegmentedRaftLogWorker.java:<init>(187)) - new 153d89b1-ea87-43f0-8e86-ff1392cd03ec@group-E4775DBC12BB-SegmentedRaftLogWorker for RaftStorageImpl:Storage Directory /home/runner/work/ozone/ozone/hadoop-ozone/integration-test/target/test-dir/MiniOzoneClusterImpl-2ac8f481-cfe8-4b79-9e35-c5083f796462/datanode-0/data/ratis/b0dbf070-c726-4fce-ae39-e4775dbc12bb
2022-07-19 01:13:03,793 [pool-72-thread-1] INFO  server.RaftServerConfigKeys (ConfUtils.java:logGet(46)) - raft.server.log.queue.byte-limit = 4294967296 (custom)
2022-07-19 01:13:03,793 [pool-72-thread-1] INFO  server.RaftServerConfigKeys (ConfUtils.java:logGet(46)) - raft.server.log.queue.element-limit = 1024 (custom)
2022-07-19 01:13:03,793 [pool-72-thread-1] INFO  server.RaftServerConfigKeys (ConfUtils.java:logGet(46)) - raft.server.log.segment.size.max = 1048576 (custom)
2022-07-19 01:13:03,793 [pool-72-thread-1] INFO  server.RaftServerConfigKeys (ConfUtils.java:logGet(46)) - raft.server.log.preallocated.size = 16384 (custom)
2022-07-19 01:13:03,793 [pool-72-thread-1] INFO  server.RaftServerConfigKeys (ConfUtils.java:logGet(46)) - raft.server.log.force.sync.num = 128 (default)
2022-07-19 01:13:03,793 [pool-72-thread-1] INFO  server.RaftServerConfigKeys (ConfUtils.java:logGet(46)) - raft.server.log.statemachine.data.sync = true (default)
2022-07-19 01:13:03,793 [pool-72-thread-1] INFO  server.RaftServerConfigKeys (ConfUtils.java:logGet(46)) - raft.server.log.statemachine.data.sync.timeout = 10s (default)
2022-07-19 01:13:03,793 [pool-72-thread-1] INFO  server.RaftServerConfigKeys (ConfUtils.java:logGet(46)) - raft.server.log.statemachine.data.sync.timeout.retry = -1 (default)
2022-07-19 01:13:03,791 [EventQueue-OpenPipelineForHealthyPipelineSafeModeRule] INFO  safemode.SCMSafeModeManager (HealthyPipelineSafeModeRule.java:process(137)) - SCM in safe mode. Healthy pipelines reported count is 0, required healthy pipeline reported count is 1
2022-07-19 01:13:03,792 [pool-95-thread-1] INFO  server.RaftServerConfigKeys (ConfUtils.java:logGet(46)) - raft.server.log.preallocated.size = 16384 (custom)
2022-07-19 01:13:03,794 [pool-95-thread-1] INFO  server.RaftServerConfigKeys (ConfUtils.java:logGet(46)) - raft.server.log.force.sync.num = 128 (default)
2022-07-19 01:13:03,794 [pool-95-thread-1] INFO  server.RaftServerConfigKeys (ConfUtils.java:logGet(46)) - raft.server.log.statemachine.data.sync = true (default)
2022-07-19 01:13:03,794 [pool-95-thread-1] INFO  server.RaftServerConfigKeys (ConfUtils.java:logGet(46)) - raft.server.log.statemachine.data.sync.timeout = 10s (default)
2022-07-19 01:13:03,794 [pool-95-thread-1] INFO  server.RaftServerConfigKeys (ConfUtils.java:logGet(46)) - raft.server.log.statemachine.data.sync.timeout.retry = -1 (default)
2022-07-19 01:13:03,794 [Command processor thread] INFO  ratis.XceiverServerRatis (XceiverServerRatis.java:addGroup(765)) - Created group PipelineID=b0dbf070-c726-4fce-ae39-e4775dbc12bb
2022-07-19 01:13:03,799 [pool-72-thread-1] INFO  server.RaftServerConfigKeys (ConfUtils.java:logGet(46)) - raft.server.log.write.buffer.size = 1048576 (custom)
2022-07-19 01:13:03,799 [pool-95-thread-1] INFO  server.RaftServerConfigKeys (ConfUtils.java:logGet(46)) - raft.server.log.write.buffer.size = 1048576 (custom)
2022-07-19 01:13:03,799 [pool-72-thread-1] INFO  server.RaftServerConfigKeys (ConfUtils.java:logGet(46)) - raft.server.log.unsafe-flush.enabled = false (default)
2022-07-19 01:13:03,800 [pool-72-thread-1] INFO  server.RaftServerConfigKeys (ConfUtils.java:logGet(46)) - raft.server.log.statemachine.data.caching.enabled = true (custom)
2022-07-19 01:13:03,800 [pool-95-thread-1] INFO  server.RaftServerConfigKeys (ConfUtils.java:logGet(46)) - raft.server.log.unsafe-flush.enabled = false (default)
2022-07-19 01:13:03,800 [pool-72-thread-1] INFO  segmented.SegmentedRaftLogWorker (SegmentedRaftLogWorker.java:lambda$new$0(135)) - 153d89b1-ea87-43f0-8e86-ff1392cd03ec@group-E4775DBC12BB-SegmentedRaftLogWorker: flushIndex: setUnconditionally 0 -> -1
2022-07-19 01:13:03,800 [pool-95-thread-1] INFO  server.RaftServerConfigKeys (ConfUtils.java:logGet(46)) - raft.server.log.statemachine.data.caching.enabled = true (custom)
2022-07-19 01:13:03,800 [pool-72-thread-1] INFO  segmented.SegmentedRaftLogWorker (SegmentedRaftLogWorker.java:lambda$new$0(135)) - 153d89b1-ea87-43f0-8e86-ff1392cd03ec@group-E4775DBC12BB-SegmentedRaftLogWorker: safeCacheEvictIndex: setUnconditionally 0 -> -1
2022-07-19 01:13:03,800 [pool-95-thread-1] INFO  segmented.SegmentedRaftLogWorker (SegmentedRaftLogWorker.java:lambda$new$0(135)) - 77849db6-05f2-412a-81db-f843d144e1d6@group-E4775DBC12BB-SegmentedRaftLogWorker: flushIndex: setUnconditionally 0 -> -1
2022-07-19 01:13:03,800 [pool-95-thread-1] INFO  segmented.SegmentedRaftLogWorker (SegmentedRaftLogWorker.java:lambda$new$0(135)) - 77849db6-05f2-412a-81db-f843d144e1d6@group-E4775DBC12BB-SegmentedRaftLogWorker: safeCacheEvictIndex: setUnconditionally 0 -> -1
2022-07-19 01:13:03,806 [pool-72-thread-1] INFO  server.RaftServerConfigKeys (ConfUtils.java:logGet(46)) - raft.server.snapshot.auto.trigger.enabled = true (custom)
2022-07-19 01:13:03,807 [pool-72-thread-1] INFO  server.RaftServerConfigKeys (ConfUtils.java:logGet(46)) - raft.server.snapshot.auto.trigger.threshold = 10000 (custom)
2022-07-19 01:13:03,807 [pool-72-thread-1] INFO  server.RaftServerConfigKeys (ConfUtils.java:logGet(46)) - raft.server.snapshot.retention.file.num = 5 (custom)
2022-07-19 01:13:03,823 [pool-72-thread-1] INFO  server.RaftServerConfigKeys (ConfUtils.java:logGet(46)) - raft.server.log.purge.upto.snapshot.index = false (default)
2022-07-19 01:13:03,823 [pool-72-thread-1] INFO  server.RaftServerConfigKeys (ConfUtils.java:logGet(46)) - raft.server.retrycache.expirytime = 600000ms (custom)
2022-07-19 01:13:03,823 [pool-72-thread-1] INFO  server.RaftServerConfigKeys (ConfUtils.java:logGet(46)) - raft.server.retrycache.statistics.expirytime = 100μs (default)
2022-07-19 01:13:03,811 [pool-95-thread-1] INFO  server.RaftServerConfigKeys (ConfUtils.java:logGet(46)) - raft.server.snapshot.auto.trigger.enabled = true (custom)
2022-07-19 01:13:03,827 [pool-95-thread-1] INFO  server.RaftServerConfigKeys (ConfUtils.java:logGet(46)) - raft.server.snapshot.auto.trigger.threshold = 10000 (custom)
2022-07-19 01:13:03,827 [pool-95-thread-1] INFO  server.RaftServerConfigKeys (ConfUtils.java:logGet(46)) - raft.server.snapshot.retention.file.num = 5 (custom)
2022-07-19 01:13:03,827 [pool-95-thread-1] INFO  server.RaftServerConfigKeys (ConfUtils.java:logGet(46)) - raft.server.log.purge.upto.snapshot.index = false (default)
2022-07-19 01:13:03,827 [pool-95-thread-1] INFO  server.RaftServerConfigKeys (ConfUtils.java:logGet(46)) - raft.server.retrycache.expirytime = 600000ms (custom)
2022-07-19 01:13:03,827 [pool-95-thread-1] INFO  server.RaftServerConfigKeys (ConfUtils.java:logGet(46)) - raft.server.retrycache.statistics.expirytime = 100μs (default)
2022-07-19 01:13:03,830 [pool-72-thread-1] INFO  server.RaftServerConfigKeys (ConfUtils.java:logGet(46)) - raft.server.log.appender.install.snapshot.enabled = false (custom)
2022-07-19 01:13:03,830 [pool-72-thread-1] INFO  server.RaftServerConfigKeys (ConfUtils.java:logGet(46)) - raft.server.threadpool.server.cached = true (default)
2022-07-19 01:13:03,830 [pool-72-thread-1] INFO  server.RaftServerConfigKeys (ConfUtils.java:logGet(46)) - raft.server.threadpool.server.size = 0 (default)
2022-07-19 01:13:03,830 [pool-72-thread-1] INFO  server.RaftServerConfigKeys (ConfUtils.java:logGet(46)) - raft.server.threadpool.client.cached = true (default)
2022-07-19 01:13:03,830 [pool-72-thread-1] INFO  server.RaftServerConfigKeys (ConfUtils.java:logGet(46)) - raft.server.threadpool.client.size = 0 (default)
2022-07-19 01:13:03,830 [pool-72-thread-1] INFO  server.RaftServer$Division (RaftServerImpl.java:start(310)) - 153d89b1-ea87-43f0-8e86-ff1392cd03ec@group-E4775DBC12BB: start as a follower, conf=-1: [2aa730c3-ca7b-4604-9fbc-a2524fdd8453|rpc:10.1.0.7:41013|priority:1, 77849db6-05f2-412a-81db-f843d144e1d6|rpc:10.1.0.7:46705|priority:0, 153d89b1-ea87-43f0-8e86-ff1392cd03ec|rpc:10.1.0.7:40195|priority:0], old=null
2022-07-19 01:13:03,830 [pool-72-thread-1] INFO  server.RaftServer$Division (RaftServerImpl.java:setRole(299)) - 153d89b1-ea87-43f0-8e86-ff1392cd03ec@group-E4775DBC12BB: changes role from      null to FOLLOWER at term 0 for startAsFollower
2022-07-19 01:13:03,831 [pool-72-thread-1] INFO  impl.RoleInfo (RoleInfo.java:updateAndGet(139)) - 153d89b1-ea87-43f0-8e86-ff1392cd03ec: start 153d89b1-ea87-43f0-8e86-ff1392cd03ec@group-E4775DBC12BB-FollowerState
2022-07-19 01:13:03,831 [pool-95-thread-1] INFO  server.RaftServerConfigKeys (ConfUtils.java:logGet(46)) - raft.server.log.appender.install.snapshot.enabled = false (custom)
2022-07-19 01:13:03,831 [pool-95-thread-1] INFO  server.RaftServerConfigKeys (ConfUtils.java:logGet(46)) - raft.server.threadpool.server.cached = true (default)
2022-07-19 01:13:03,831 [pool-95-thread-1] INFO  server.RaftServerConfigKeys (ConfUtils.java:logGet(46)) - raft.server.threadpool.server.size = 0 (default)
2022-07-19 01:13:03,831 [pool-95-thread-1] INFO  server.RaftServerConfigKeys (ConfUtils.java:logGet(46)) - raft.server.threadpool.client.cached = true (default)
2022-07-19 01:13:03,831 [pool-95-thread-1] INFO  server.RaftServerConfigKeys (ConfUtils.java:logGet(46)) - raft.server.threadpool.client.size = 0 (default)
2022-07-19 01:13:03,831 [pool-95-thread-1] INFO  server.RaftServer$Division (RaftServerImpl.java:start(310)) - 77849db6-05f2-412a-81db-f843d144e1d6@group-E4775DBC12BB: start as a follower, conf=-1: [2aa730c3-ca7b-4604-9fbc-a2524fdd8453|rpc:10.1.0.7:41013|priority:1, 77849db6-05f2-412a-81db-f843d144e1d6|rpc:10.1.0.7:46705|priority:0, 153d89b1-ea87-43f0-8e86-ff1392cd03ec|rpc:10.1.0.7:40195|priority:0], old=null
2022-07-19 01:13:03,831 [pool-95-thread-1] INFO  server.RaftServer$Division (RaftServerImpl.java:setRole(299)) - 77849db6-05f2-412a-81db-f843d144e1d6@group-E4775DBC12BB: changes role from      null to FOLLOWER at term 0 for startAsFollower
2022-07-19 01:13:03,833 [pool-95-thread-1] INFO  impl.RoleInfo (RoleInfo.java:updateAndGet(139)) - 77849db6-05f2-412a-81db-f843d144e1d6: start 77849db6-05f2-412a-81db-f843d144e1d6@group-E4775DBC12BB-FollowerState
2022-07-19 01:13:03,833 [pool-95-thread-1] INFO  util.JmxRegister (JmxRegister.java:tryRegister(44)) - Successfully registered JMX Bean with object name Ratis:service=RaftServer,group=group-E4775DBC12BB,id=77849db6-05f2-412a-81db-f843d144e1d6
2022-07-19 01:13:03,835 [Command processor thread] INFO  ratis.XceiverServerRatis (XceiverServerRatis.java:addGroup(765)) - Created group PipelineID=b0dbf070-c726-4fce-ae39-e4775dbc12bb
2022-07-19 01:13:03,841 [pool-72-thread-1] INFO  util.JmxRegister (JmxRegister.java:tryRegister(44)) - Successfully registered JMX Bean with object name Ratis:service=RaftServer,group=group-E4775DBC12BB,id=153d89b1-ea87-43f0-8e86-ff1392cd03ec
2022-07-19 01:13:03,844 [Command processor thread] INFO  ratis.XceiverServerRatis (XceiverServerRatis.java:addGroup(765)) - Created group PipelineID=b0dbf070-c726-4fce-ae39-e4775dbc12bb
2022-07-19 01:13:03,898 [Command processor thread] INFO  commandhandler.CreatePipelineCommandHandler (CreatePipelineCommandHandler.java:handle(113)) - Created Pipeline RATIS THREE PipelineID=b0dbf070-c726-4fce-ae39-e4775dbc12bb.
2022-07-19 01:13:03,941 [Command processor thread] INFO  commandhandler.CreatePipelineCommandHandler (CreatePipelineCommandHandler.java:handle(113)) - Created Pipeline RATIS THREE PipelineID=b0dbf070-c726-4fce-ae39-e4775dbc12bb.
2022-07-19 01:13:03,950 [Command processor thread] INFO  commandhandler.CreatePipelineCommandHandler (CreatePipelineCommandHandler.java:handle(113)) - Created Pipeline RATIS THREE PipelineID=b0dbf070-c726-4fce-ae39-e4775dbc12bb.
2022-07-19 01:13:04,696 [Listener at 127.0.0.1/36483] INFO  ozone.MiniOzoneClusterImpl (MiniOzoneClusterImpl.java:lambda$waitForClusterToBeReady$0(216)) - Nodes are ready. Got 3 of 3 DN Heartbeats.
2022-07-19 01:13:04,696 [Listener at 127.0.0.1/36483] INFO  ozone.MiniOzoneClusterImpl (MiniOzoneClusterImpl.java:lambda$waitForClusterToBeReady$0(219)) - Waiting for cluster to exit safe mode
2022-07-19 01:13:04,696 [Listener at 127.0.0.1/36483] INFO  ozone.MiniOzoneClusterImpl (MiniOzoneClusterImpl.java:lambda$waitForClusterToBeReady$0(221)) - SCM became leader
2022-07-19 01:13:05,697 [Listener at 127.0.0.1/36483] INFO  ozone.MiniOzoneClusterImpl (MiniOzoneClusterImpl.java:lambda$waitForClusterToBeReady$0(216)) - Nodes are ready. Got 3 of 3 DN Heartbeats.
2022-07-19 01:13:05,697 [Listener at 127.0.0.1/36483] INFO  ozone.MiniOzoneClusterImpl (MiniOzoneClusterImpl.java:lambda$waitForClusterToBeReady$0(219)) - Waiting for cluster to exit safe mode
2022-07-19 01:13:05,697 [Listener at 127.0.0.1/36483] INFO  ozone.MiniOzoneClusterImpl (MiniOzoneClusterImpl.java:lambda$waitForClusterToBeReady$0(221)) - SCM became leader
2022-07-19 01:13:06,698 [Listener at 127.0.0.1/36483] INFO  ozone.MiniOzoneClusterImpl (MiniOzoneClusterImpl.java:lambda$waitForClusterToBeReady$0(216)) - Nodes are ready. Got 3 of 3 DN Heartbeats.
2022-07-19 01:13:06,698 [Listener at 127.0.0.1/36483] INFO  ozone.MiniOzoneClusterImpl (MiniOzoneClusterImpl.java:lambda$waitForClusterToBeReady$0(219)) - Waiting for cluster to exit safe mode
2022-07-19 01:13:06,698 [Listener at 127.0.0.1/36483] INFO  ozone.MiniOzoneClusterImpl (MiniOzoneClusterImpl.java:lambda$waitForClusterToBeReady$0(221)) - SCM became leader
2022-07-19 01:13:07,698 [Listener at 127.0.0.1/36483] INFO  ozone.MiniOzoneClusterImpl (MiniOzoneClusterImpl.java:lambda$waitForClusterToBeReady$0(216)) - Nodes are ready. Got 3 of 3 DN Heartbeats.
2022-07-19 01:13:07,699 [Listener at 127.0.0.1/36483] INFO  ozone.MiniOzoneClusterImpl (MiniOzoneClusterImpl.java:lambda$waitForClusterToBeReady$0(219)) - Waiting for cluster to exit safe mode
2022-07-19 01:13:07,699 [Listener at 127.0.0.1/36483] INFO  ozone.MiniOzoneClusterImpl (MiniOzoneClusterImpl.java:lambda$waitForClusterToBeReady$0(221)) - SCM became leader
2022-07-19 01:13:07,978 [153d89b1-ea87-43f0-8e86-ff1392cd03ec@group-685272520154-FollowerState] INFO  impl.FollowerState (FollowerState.java:run(143)) - 153d89b1-ea87-43f0-8e86-ff1392cd03ec@group-685272520154-FollowerState: change to CANDIDATE, lastRpcElapsedTime:5044297404ns, electionTimeout:5043ms
2022-07-19 01:13:07,979 [153d89b1-ea87-43f0-8e86-ff1392cd03ec@group-685272520154-FollowerState] INFO  impl.RoleInfo (RoleInfo.java:shutdownFollowerState(110)) - 153d89b1-ea87-43f0-8e86-ff1392cd03ec: shutdown 153d89b1-ea87-43f0-8e86-ff1392cd03ec@group-685272520154-FollowerState
2022-07-19 01:13:07,979 [153d89b1-ea87-43f0-8e86-ff1392cd03ec@group-685272520154-FollowerState] INFO  server.RaftServer$Division (RaftServerImpl.java:setRole(299)) - 153d89b1-ea87-43f0-8e86-ff1392cd03ec@group-685272520154: changes role from  FOLLOWER to CANDIDATE at term 0 for changeToCandidate
2022-07-19 01:13:07,979 [153d89b1-ea87-43f0-8e86-ff1392cd03ec@group-685272520154-FollowerState] INFO  server.RaftServerConfigKeys (ConfUtils.java:logGet(46)) - raft.server.leaderelection.pre-vote = false (custom)
2022-07-19 01:13:07,979 [153d89b1-ea87-43f0-8e86-ff1392cd03ec@group-685272520154-FollowerState] INFO  impl.RoleInfo (RoleInfo.java:updateAndGet(139)) - 153d89b1-ea87-43f0-8e86-ff1392cd03ec: start 153d89b1-ea87-43f0-8e86-ff1392cd03ec@group-685272520154-LeaderElection2
2022-07-19 01:13:07,983 [153d89b1-ea87-43f0-8e86-ff1392cd03ec@group-685272520154-LeaderElection2] INFO  impl.LeaderElection (LeaderElection.java:askForVotes(310)) - 153d89b1-ea87-43f0-8e86-ff1392cd03ec@group-685272520154-LeaderElection2 ELECTION round 0: submit vote requests at term 1 for -1: [2aa730c3-ca7b-4604-9fbc-a2524fdd8453|rpc:10.1.0.7:41013|priority:0, 77849db6-05f2-412a-81db-f843d144e1d6|rpc:10.1.0.7:46705|priority:1, 153d89b1-ea87-43f0-8e86-ff1392cd03ec|rpc:10.1.0.7:40195|priority:0], old=null
2022-07-19 01:13:07,985 [153d89b1-ea87-43f0-8e86-ff1392cd03ec@group-0E5836CA61DA-FollowerState] INFO  impl.FollowerState (FollowerState.java:run(143)) - 153d89b1-ea87-43f0-8e86-ff1392cd03ec@group-0E5836CA61DA-FollowerState: change to CANDIDATE, lastRpcElapsedTime:5134691501ns, electionTimeout:5124ms
2022-07-19 01:13:07,986 [153d89b1-ea87-43f0-8e86-ff1392cd03ec@group-0E5836CA61DA-FollowerState] INFO  impl.RoleInfo (RoleInfo.java:shutdownFollowerState(110)) - 153d89b1-ea87-43f0-8e86-ff1392cd03ec: shutdown 153d89b1-ea87-43f0-8e86-ff1392cd03ec@group-0E5836CA61DA-FollowerState
2022-07-19 01:13:07,986 [153d89b1-ea87-43f0-8e86-ff1392cd03ec@group-0E5836CA61DA-FollowerState] INFO  server.RaftServer$Division (RaftServerImpl.java:setRole(299)) - 153d89b1-ea87-43f0-8e86-ff1392cd03ec@group-0E5836CA61DA: changes role from  FOLLOWER to CANDIDATE at term 0 for changeToCandidate
2022-07-19 01:13:07,986 [153d89b1-ea87-43f0-8e86-ff1392cd03ec@group-0E5836CA61DA-FollowerState] INFO  server.RaftServerConfigKeys (ConfUtils.java:logGet(46)) - raft.server.leaderelection.pre-vote = false (custom)
2022-07-19 01:13:07,986 [153d89b1-ea87-43f0-8e86-ff1392cd03ec@group-0E5836CA61DA-FollowerState] INFO  impl.RoleInfo (RoleInfo.java:updateAndGet(139)) - 153d89b1-ea87-43f0-8e86-ff1392cd03ec: start 153d89b1-ea87-43f0-8e86-ff1392cd03ec@group-0E5836CA61DA-LeaderElection3
2022-07-19 01:13:07,998 [153d89b1-ea87-43f0-8e86-ff1392cd03ec@group-0E5836CA61DA-LeaderElection3] INFO  impl.LeaderElection (LeaderElection.java:askForVotes(310)) - 153d89b1-ea87-43f0-8e86-ff1392cd03ec@group-0E5836CA61DA-LeaderElection3 ELECTION round 0: submit vote requests at term 1 for -1: [153d89b1-ea87-43f0-8e86-ff1392cd03ec|rpc:10.1.0.7:40195|priority:1], old=null
2022-07-19 01:13:08,008 [153d89b1-ea87-43f0-8e86-ff1392cd03ec@group-0E5836CA61DA-LeaderElection3] INFO  impl.LeaderElection (LeaderElection.java:askForVotes(312)) - 153d89b1-ea87-43f0-8e86-ff1392cd03ec@group-0E5836CA61DA-LeaderElection3 ELECTION round 0: result PASSED (term=1)
2022-07-19 01:13:08,008 [153d89b1-ea87-43f0-8e86-ff1392cd03ec@group-0E5836CA61DA-LeaderElection3] INFO  impl.RoleInfo (RoleInfo.java:shutdownLeaderElection(130)) - 153d89b1-ea87-43f0-8e86-ff1392cd03ec: shutdown 153d89b1-ea87-43f0-8e86-ff1392cd03ec@group-0E5836CA61DA-LeaderElection3
2022-07-19 01:13:08,008 [153d89b1-ea87-43f0-8e86-ff1392cd03ec@group-0E5836CA61DA-LeaderElection3] INFO  server.RaftServer$Division (RaftServerImpl.java:setRole(299)) - 153d89b1-ea87-43f0-8e86-ff1392cd03ec@group-0E5836CA61DA: changes role from CANDIDATE to LEADER at term 1 for changeToLeader
2022-07-19 01:13:08,008 [153d89b1-ea87-43f0-8e86-ff1392cd03ec@group-0E5836CA61DA-LeaderElection3] INFO  ratis.XceiverServerRatis (XceiverServerRatis.java:handleLeaderChangedNotification(863)) - Leader change notification received for group: group-0E5836CA61DA with new leaderId: 153d89b1-ea87-43f0-8e86-ff1392cd03ec
2022-07-19 01:13:08,009 [153d89b1-ea87-43f0-8e86-ff1392cd03ec@group-0E5836CA61DA-LeaderElection3] INFO  server.RaftServer$Division (ServerState.java:setLeader(287)) - 153d89b1-ea87-43f0-8e86-ff1392cd03ec@group-0E5836CA61DA: change Leader from null to 153d89b1-ea87-43f0-8e86-ff1392cd03ec at term 1 for becomeLeader, leader elected after 5168ms
2022-07-19 01:13:08,009 [153d89b1-ea87-43f0-8e86-ff1392cd03ec@group-0E5836CA61DA-LeaderElection3] INFO  server.RaftServerConfigKeys (ConfUtils.java:logGet(46)) - raft.server.staging.catchup.gap = 1000 (default)
2022-07-19 01:13:08,009 [153d89b1-ea87-43f0-8e86-ff1392cd03ec@group-0E5836CA61DA-LeaderElection3] INFO  server.RaftServerConfigKeys (ConfUtils.java:logGet(46)) - raft.server.write.element-limit = 1024 (custom)
2022-07-19 01:13:08,010 [153d89b1-ea87-43f0-8e86-ff1392cd03ec@group-0E5836CA61DA-LeaderElection3] INFO  server.RaftServerConfigKeys (ConfUtils.java:logGet(46)) - raft.server.write.byte-limit = 1024 M (=1073741824) (custom)
2022-07-19 01:13:08,010 [153d89b1-ea87-43f0-8e86-ff1392cd03ec@group-0E5836CA61DA-LeaderElection3] INFO  server.RaftServerConfigKeys (ConfUtils.java:logGet(46)) - raft.server.watch.timeout = 180s (custom)
2022-07-19 01:13:08,010 [153d89b1-ea87-43f0-8e86-ff1392cd03ec@group-0E5836CA61DA-LeaderElection3] INFO  server.RaftServerConfigKeys (ConfUtils.java:logGet(46)) - raft.server.watch.timeout.denomination = 1s (default)
2022-07-19 01:13:08,010 [153d89b1-ea87-43f0-8e86-ff1392cd03ec@group-0E5836CA61DA-LeaderElection3] INFO  server.RaftServerConfigKeys (ConfUtils.java:logGet(46)) - raft.server.watch.element-limit = 65536 (default)
2022-07-19 01:13:08,010 [153d89b1-ea87-43f0-8e86-ff1392cd03ec@group-0E5836CA61DA-LeaderElection3] INFO  server.RaftServerConfigKeys (ConfUtils.java:logGet(46)) - raft.server.write.element-limit = 1024 (custom)
2022-07-19 01:13:08,011 [153d89b1-ea87-43f0-8e86-ff1392cd03ec@group-0E5836CA61DA-LeaderElection3] INFO  server.RaftServerConfigKeys (ConfUtils.java:logGet(46)) - raft.server.write.follower.gap.ratio.max = -1.0 (default)
2022-07-19 01:13:08,015 [153d89b1-ea87-43f0-8e86-ff1392cd03ec@group-0E5836CA61DA-LeaderElection3] INFO  impl.RoleInfo (RoleInfo.java:updateAndGet(139)) - 153d89b1-ea87-43f0-8e86-ff1392cd03ec: start 153d89b1-ea87-43f0-8e86-ff1392cd03ec@group-0E5836CA61DA-LeaderStateImpl
2022-07-19 01:13:08,015 [153d89b1-ea87-43f0-8e86-ff1392cd03ec@group-0E5836CA61DA-LeaderElection3] INFO  segmented.SegmentedRaftLogWorker (SegmentedRaftLogWorker.java:startLogSegment(425)) - 153d89b1-ea87-43f0-8e86-ff1392cd03ec@group-0E5836CA61DA-SegmentedRaftLogWorker: Starting segment from index:0
2022-07-19 01:13:08,019 [153d89b1-ea87-43f0-8e86-ff1392cd03ec@group-0E5836CA61DA-SegmentedRaftLogWorker] INFO  segmented.SegmentedRaftLogWorker (SegmentedRaftLogWorker.java:execute(629)) - 153d89b1-ea87-43f0-8e86-ff1392cd03ec@group-0E5836CA61DA-SegmentedRaftLogWorker: created new log segment /home/runner/work/ozone/ozone/hadoop-ozone/integration-test/target/test-dir/MiniOzoneClusterImpl-2ac8f481-cfe8-4b79-9e35-c5083f796462/datanode-0/data/ratis/b49b2675-e83a-4497-9a00-0e5836ca61da/current/log_inprogress_0
2022-07-19 01:13:08,023 [EventQueue-OpenPipelineForHealthyPipelineSafeModeRule] INFO  safemode.SCMSafeModeManager (HealthyPipelineSafeModeRule.java:process(137)) - SCM in safe mode. Healthy pipelines reported count is 0, required healthy pipeline reported count is 1
2022-07-19 01:13:08,024 [153d89b1-ea87-43f0-8e86-ff1392cd03ec@group-0E5836CA61DA-LeaderElection3] INFO  server.RaftServer$Division (ServerState.java:setRaftConf(393)) - 153d89b1-ea87-43f0-8e86-ff1392cd03ec@group-0E5836CA61DA: set configuration 0: [153d89b1-ea87-43f0-8e86-ff1392cd03ec|rpc:10.1.0.7:40195|dataStream:|priority:1], old=null
2022-07-19 01:13:08,040 [grpc-default-executor-1] INFO  server.RaftServer$Division (RaftServerImpl.java:requestVote(1152)) - 2aa730c3-ca7b-4604-9fbc-a2524fdd8453@group-685272520154: receive requestVote(ELECTION, 153d89b1-ea87-43f0-8e86-ff1392cd03ec, group-685272520154, 1, (t:0, i:0))
2022-07-19 01:13:08,042 [grpc-default-executor-0] INFO  server.RaftServer$Division (RaftServerImpl.java:requestVote(1152)) - 77849db6-05f2-412a-81db-f843d144e1d6@group-685272520154: receive requestVote(ELECTION, 153d89b1-ea87-43f0-8e86-ff1392cd03ec, group-685272520154, 1, (t:0, i:0))
2022-07-19 01:13:08,044 [grpc-default-executor-0] INFO  impl.VoteContext (VoteContext.java:log(48)) - 77849db6-05f2-412a-81db-f843d144e1d6@group-685272520154-FOLLOWER: reject ELECTION from 153d89b1-ea87-43f0-8e86-ff1392cd03ec: our priority 1 > candidate's priority 0
2022-07-19 01:13:08,044 [grpc-default-executor-0] INFO  server.RaftServer$Division (RaftServerImpl.java:setRole(299)) - 77849db6-05f2-412a-81db-f843d144e1d6@group-685272520154: changes role from  FOLLOWER to FOLLOWER at term 1 for candidate:153d89b1-ea87-43f0-8e86-ff1392cd03ec
2022-07-19 01:13:08,044 [grpc-default-executor-0] INFO  impl.RoleInfo (RoleInfo.java:shutdownFollowerState(110)) - 77849db6-05f2-412a-81db-f843d144e1d6: shutdown 77849db6-05f2-412a-81db-f843d144e1d6@group-685272520154-FollowerState
2022-07-19 01:13:08,044 [grpc-default-executor-0] INFO  impl.RoleInfo (RoleInfo.java:updateAndGet(139)) - 77849db6-05f2-412a-81db-f843d144e1d6: start 77849db6-05f2-412a-81db-f843d144e1d6@group-685272520154-FollowerState
2022-07-19 01:13:08,044 [77849db6-05f2-412a-81db-f843d144e1d6@group-685272520154-FollowerState] INFO  impl.FollowerState (FollowerState.java:run(152)) - 77849db6-05f2-412a-81db-f843d144e1d6@group-685272520154-FollowerState was interrupted
2022-07-19 01:13:08,049 [grpc-default-executor-1] INFO  impl.VoteContext (VoteContext.java:log(48)) - 2aa730c3-ca7b-4604-9fbc-a2524fdd8453@group-685272520154-FOLLOWER: accept ELECTION from 153d89b1-ea87-43f0-8e86-ff1392cd03ec: our priority 0 <= candidate's priority 0
2022-07-19 01:13:08,050 [grpc-default-executor-1] INFO  server.RaftServer$Division (RaftServerImpl.java:setRole(299)) - 2aa730c3-ca7b-4604-9fbc-a2524fdd8453@group-685272520154: changes role from  FOLLOWER to FOLLOWER at term 1 for candidate:153d89b1-ea87-43f0-8e86-ff1392cd03ec
2022-07-19 01:13:08,050 [grpc-default-executor-1] INFO  impl.RoleInfo (RoleInfo.java:shutdownFollowerState(110)) - 2aa730c3-ca7b-4604-9fbc-a2524fdd8453: shutdown 2aa730c3-ca7b-4604-9fbc-a2524fdd8453@group-685272520154-FollowerState
2022-07-19 01:13:08,050 [grpc-default-executor-1] INFO  impl.RoleInfo (RoleInfo.java:updateAndGet(139)) - 2aa730c3-ca7b-4604-9fbc-a2524fdd8453: start 2aa730c3-ca7b-4604-9fbc-a2524fdd8453@group-685272520154-FollowerState
2022-07-19 01:13:08,051 [2aa730c3-ca7b-4604-9fbc-a2524fdd8453@group-685272520154-FollowerState] INFO  impl.FollowerState (FollowerState.java:run(152)) - 2aa730c3-ca7b-4604-9fbc-a2524fdd8453@group-685272520154-FollowerState was interrupted
2022-07-19 01:13:08,055 [grpc-default-executor-0] INFO  server.RaftServer$Division (RaftServerImpl.java:requestVote(1184)) - 77849db6-05f2-412a-81db-f843d144e1d6@group-685272520154 replies to ELECTION vote request: 153d89b1-ea87-43f0-8e86-ff1392cd03ec<-77849db6-05f2-412a-81db-f843d144e1d6#0:FAIL-t1. Peer's state: 77849db6-05f2-412a-81db-f843d144e1d6@group-685272520154:t1, leader=null, voted=null, raftlog=77849db6-05f2-412a-81db-f843d144e1d6@group-685272520154-SegmentedRaftLog:OPENED:c-1, conf=-1: [2aa730c3-ca7b-4604-9fbc-a2524fdd8453|rpc:10.1.0.7:41013|priority:0, 77849db6-05f2-412a-81db-f843d144e1d6|rpc:10.1.0.7:46705|priority:1, 153d89b1-ea87-43f0-8e86-ff1392cd03ec|rpc:10.1.0.7:40195|priority:0], old=null
2022-07-19 01:13:08,059 [grpc-default-executor-1] INFO  server.RaftServer$Division (RaftServerImpl.java:requestVote(1184)) - 2aa730c3-ca7b-4604-9fbc-a2524fdd8453@group-685272520154 replies to ELECTION vote request: 153d89b1-ea87-43f0-8e86-ff1392cd03ec<-2aa730c3-ca7b-4604-9fbc-a2524fdd8453#0:OK-t1. Peer's state: 2aa730c3-ca7b-4604-9fbc-a2524fdd8453@group-685272520154:t1, leader=null, voted=153d89b1-ea87-43f0-8e86-ff1392cd03ec, raftlog=2aa730c3-ca7b-4604-9fbc-a2524fdd8453@group-685272520154-SegmentedRaftLog:OPENED:c-1, conf=-1: [2aa730c3-ca7b-4604-9fbc-a2524fdd8453|rpc:10.1.0.7:41013|dataStream:|priority:0, 77849db6-05f2-412a-81db-f843d144e1d6|rpc:10.1.0.7:46705|dataStream:|priority:1, 153d89b1-ea87-43f0-8e86-ff1392cd03ec|rpc:10.1.0.7:40195|dataStream:|priority:0], old=null
2022-07-19 01:13:08,073 [153d89b1-ea87-43f0-8e86-ff1392cd03ec@group-685272520154-LeaderElection2] INFO  impl.LeaderElection (LeaderElection.java:logAndReturn(90)) - 153d89b1-ea87-43f0-8e86-ff1392cd03ec@group-685272520154-LeaderElection2: ELECTION REJECTED received 2 response(s) and 0 exception(s):
2022-07-19 01:13:08,074 [153d89b1-ea87-43f0-8e86-ff1392cd03ec@group-685272520154-LeaderElection2] INFO  impl.LeaderElection (LeaderElection.java:logAndReturn(94)) -   Response 0: 153d89b1-ea87-43f0-8e86-ff1392cd03ec<-2aa730c3-ca7b-4604-9fbc-a2524fdd8453#0:OK-t1
2022-07-19 01:13:08,074 [153d89b1-ea87-43f0-8e86-ff1392cd03ec@group-685272520154-LeaderElection2] INFO  impl.LeaderElection (LeaderElection.java:logAndReturn(94)) -   Response 1: 153d89b1-ea87-43f0-8e86-ff1392cd03ec<-77849db6-05f2-412a-81db-f843d144e1d6#0:FAIL-t1
2022-07-19 01:13:08,074 [153d89b1-ea87-43f0-8e86-ff1392cd03ec@group-685272520154-LeaderElection2] INFO  impl.LeaderElection (LeaderElection.java:askForVotes(312)) - 153d89b1-ea87-43f0-8e86-ff1392cd03ec@group-685272520154-LeaderElection2 ELECTION round 0: result REJECTED
2022-07-19 01:13:08,074 [153d89b1-ea87-43f0-8e86-ff1392cd03ec@group-685272520154-LeaderElection2] INFO  server.RaftServer$Division (RaftServerImpl.java:setRole(299)) - 153d89b1-ea87-43f0-8e86-ff1392cd03ec@group-685272520154: changes role from CANDIDATE to FOLLOWER at term 1 for REJECTED
2022-07-19 01:13:08,075 [153d89b1-ea87-43f0-8e86-ff1392cd03ec@group-685272520154-LeaderElection2] INFO  impl.RoleInfo (RoleInfo.java:shutdownLeaderElection(130)) - 153d89b1-ea87-43f0-8e86-ff1392cd03ec: shutdown 153d89b1-ea87-43f0-8e86-ff1392cd03ec@group-685272520154-LeaderElection2
2022-07-19 01:13:08,075 [153d89b1-ea87-43f0-8e86-ff1392cd03ec@group-685272520154-LeaderElection2] INFO  impl.RoleInfo (RoleInfo.java:updateAndGet(139)) - 153d89b1-ea87-43f0-8e86-ff1392cd03ec: start 153d89b1-ea87-43f0-8e86-ff1392cd03ec@group-685272520154-FollowerState
2022-07-19 01:13:08,530 [77849db6-05f2-412a-81db-f843d144e1d6@group-948F8E0FD406-FollowerState] INFO  impl.FollowerState (FollowerState.java:run(143)) - 77849db6-05f2-412a-81db-f843d144e1d6@group-948F8E0FD406-FollowerState: change to CANDIDATE, lastRpcElapsedTime:5139935631ns, electionTimeout:5131ms
2022-07-19 01:13:08,531 [77849db6-05f2-412a-81db-f843d144e1d6@group-948F8E0FD406-FollowerState] INFO  impl.RoleInfo (RoleInfo.java:shutdownFollowerState(110)) - 77849db6-05f2-412a-81db-f843d144e1d6: shutdown 77849db6-05f2-412a-81db-f843d144e1d6@group-948F8E0FD406-FollowerState
2022-07-19 01:13:08,531 [77849db6-05f2-412a-81db-f843d144e1d6@group-948F8E0FD406-FollowerState] INFO  server.RaftServer$Division (RaftServerImpl.java:setRole(299)) - 77849db6-05f2-412a-81db-f843d144e1d6@group-948F8E0FD406: changes role from  FOLLOWER to CANDIDATE at term 0 for changeToCandidate
2022-07-19 01:13:08,532 [77849db6-05f2-412a-81db-f843d144e1d6@group-948F8E0FD406-FollowerState] INFO  server.RaftServerConfigKeys (ConfUtils.java:logGet(46)) - raft.server.leaderelection.pre-vote = false (custom)
2022-07-19 01:13:08,532 [77849db6-05f2-412a-81db-f843d144e1d6@group-948F8E0FD406-FollowerState] INFO  impl.RoleInfo (RoleInfo.java:updateAndGet(139)) - 77849db6-05f2-412a-81db-f843d144e1d6: start 77849db6-05f2-412a-81db-f843d144e1d6@group-948F8E0FD406-LeaderElection4
2022-07-19 01:13:08,535 [77849db6-05f2-412a-81db-f843d144e1d6@group-948F8E0FD406-LeaderElection4] INFO  impl.LeaderElection (LeaderElection.java:askForVotes(310)) - 77849db6-05f2-412a-81db-f843d144e1d6@group-948F8E0FD406-LeaderElection4 ELECTION round 0: submit vote requests at term 1 for -1: [77849db6-05f2-412a-81db-f843d144e1d6|rpc:10.1.0.7:46705|priority:1], old=null
2022-07-19 01:13:08,536 [77849db6-05f2-412a-81db-f843d144e1d6@group-948F8E0FD406-LeaderElection4] INFO  impl.LeaderElection (LeaderElection.java:askForVotes(312)) - 77849db6-05f2-412a-81db-f843d144e1d6@group-948F8E0FD406-LeaderElection4 ELECTION round 0: result PASSED (term=1)
2022-07-19 01:13:08,536 [77849db6-05f2-412a-81db-f843d144e1d6@group-948F8E0FD406-LeaderElection4] INFO  impl.RoleInfo (RoleInfo.java:shutdownLeaderElection(130)) - 77849db6-05f2-412a-81db-f843d144e1d6: shutdown 77849db6-05f2-412a-81db-f843d144e1d6@group-948F8E0FD406-LeaderElection4
2022-07-19 01:13:08,536 [77849db6-05f2-412a-81db-f843d144e1d6@group-948F8E0FD406-LeaderElection4] INFO  server.RaftServer$Division (RaftServerImpl.java:setRole(299)) - 77849db6-05f2-412a-81db-f843d144e1d6@group-948F8E0FD406: changes role from CANDIDATE to LEADER at term 1 for changeToLeader
2022-07-19 01:13:08,536 [77849db6-05f2-412a-81db-f843d144e1d6@group-948F8E0FD406-LeaderElection4] INFO  ratis.XceiverServerRatis (XceiverServerRatis.java:handleLeaderChangedNotification(863)) - Leader change notification received for group: group-948F8E0FD406 with new leaderId: 77849db6-05f2-412a-81db-f843d144e1d6
2022-07-19 01:13:08,536 [77849db6-05f2-412a-81db-f843d144e1d6@group-948F8E0FD406-LeaderElection4] INFO  server.RaftServer$Division (ServerState.java:setLeader(287)) - 77849db6-05f2-412a-81db-f843d144e1d6@group-948F8E0FD406: change Leader from null to 77849db6-05f2-412a-81db-f843d144e1d6 at term 1 for becomeLeader, leader elected after 5166ms
2022-07-19 01:13:08,536 [77849db6-05f2-412a-81db-f843d144e1d6@group-948F8E0FD406-LeaderElection4] INFO  server.RaftServerConfigKeys (ConfUtils.java:logGet(46)) - raft.server.staging.catchup.gap = 1000 (default)
2022-07-19 01:13:08,539 [EventQueue-OpenPipelineForHealthyPipelineSafeModeRule] INFO  safemode.SCMSafeModeManager (HealthyPipelineSafeModeRule.java:process(137)) - SCM in safe mode. Healthy pipelines reported count is 0, required healthy pipeline reported count is 1
2022-07-19 01:13:08,540 [77849db6-05f2-412a-81db-f843d144e1d6@group-948F8E0FD406-LeaderElection4] INFO  server.RaftServerConfigKeys (ConfUtils.java:logGet(46)) - raft.server.write.element-limit = 1024 (custom)
2022-07-19 01:13:08,540 [77849db6-05f2-412a-81db-f843d144e1d6@group-948F8E0FD406-LeaderElection4] INFO  server.RaftServerConfigKeys (ConfUtils.java:logGet(46)) - raft.server.write.byte-limit = 1024 M (=1073741824) (custom)
2022-07-19 01:13:08,540 [77849db6-05f2-412a-81db-f843d144e1d6@group-948F8E0FD406-LeaderElection4] INFO  server.RaftServerConfigKeys (ConfUtils.java:logGet(46)) - raft.server.watch.timeout = 180s (custom)
2022-07-19 01:13:08,540 [77849db6-05f2-412a-81db-f843d144e1d6@group-948F8E0FD406-LeaderElection4] INFO  server.RaftServerConfigKeys (ConfUtils.java:logGet(46)) - raft.server.watch.timeout.denomination = 1s (default)
2022-07-19 01:13:08,540 [77849db6-05f2-412a-81db-f843d144e1d6@group-948F8E0FD406-LeaderElection4] INFO  server.RaftServerConfigKeys (ConfUtils.java:logGet(46)) - raft.server.watch.element-limit = 65536 (default)
2022-07-19 01:13:08,540 [77849db6-05f2-412a-81db-f843d144e1d6@group-948F8E0FD406-LeaderElection4] INFO  server.RaftServerConfigKeys (ConfUtils.java:logGet(46)) - raft.server.write.element-limit = 1024 (custom)
2022-07-19 01:13:08,541 [77849db6-05f2-412a-81db-f843d144e1d6@group-948F8E0FD406-LeaderElection4] INFO  server.RaftServerConfigKeys (ConfUtils.java:logGet(46)) - raft.server.write.follower.gap.ratio.max = -1.0 (default)
2022-07-19 01:13:08,541 [77849db6-05f2-412a-81db-f843d144e1d6@group-948F8E0FD406-LeaderElection4] INFO  impl.RoleInfo (RoleInfo.java:updateAndGet(139)) - 77849db6-05f2-412a-81db-f843d144e1d6: start 77849db6-05f2-412a-81db-f843d144e1d6@group-948F8E0FD406-LeaderStateImpl
2022-07-19 01:13:08,541 [77849db6-05f2-412a-81db-f843d144e1d6@group-948F8E0FD406-LeaderElection4] INFO  segmented.SegmentedRaftLogWorker (SegmentedRaftLogWorker.java:startLogSegment(425)) - 77849db6-05f2-412a-81db-f843d144e1d6@group-948F8E0FD406-SegmentedRaftLogWorker: Starting segment from index:0
2022-07-19 01:13:08,547 [77849db6-05f2-412a-81db-f843d144e1d6@group-948F8E0FD406-LeaderElection4] INFO  server.RaftServer$Division (ServerState.java:setRaftConf(393)) - 77849db6-05f2-412a-81db-f843d144e1d6@group-948F8E0FD406: set configuration 0: [77849db6-05f2-412a-81db-f843d144e1d6|rpc:10.1.0.7:46705|dataStream:|priority:1], old=null
2022-07-19 01:13:08,548 [77849db6-05f2-412a-81db-f843d144e1d6@group-948F8E0FD406-SegmentedRaftLogWorker] INFO  segmented.SegmentedRaftLogWorker (SegmentedRaftLogWorker.java:execute(629)) - 77849db6-05f2-412a-81db-f843d144e1d6@group-948F8E0FD406-SegmentedRaftLogWorker: created new log segment /home/runner/work/ozone/ozone/hadoop-ozone/integration-test/target/test-dir/MiniOzoneClusterImpl-2ac8f481-cfe8-4b79-9e35-c5083f796462/datanode-1/data/ratis/90228cc2-1977-4a2d-b266-948f8e0fd406/current/log_inprogress_0
2022-07-19 01:13:08,699 [Listener at 127.0.0.1/36483] INFO  ozone.MiniOzoneClusterImpl (MiniOzoneClusterImpl.java:lambda$waitForClusterToBeReady$0(216)) - Nodes are ready. Got 3 of 3 DN Heartbeats.
2022-07-19 01:13:08,699 [Listener at 127.0.0.1/36483] INFO  ozone.MiniOzoneClusterImpl (MiniOzoneClusterImpl.java:lambda$waitForClusterToBeReady$0(219)) - Waiting for cluster to exit safe mode
2022-07-19 01:13:08,700 [Listener at 127.0.0.1/36483] INFO  ozone.MiniOzoneClusterImpl (MiniOzoneClusterImpl.java:lambda$waitForClusterToBeReady$0(221)) - SCM became leader
2022-07-19 01:13:08,842 [2aa730c3-ca7b-4604-9fbc-a2524fdd8453@group-E4775DBC12BB-FollowerState] INFO  impl.FollowerState (FollowerState.java:run(143)) - 2aa730c3-ca7b-4604-9fbc-a2524fdd8453@group-E4775DBC12BB-FollowerState: change to CANDIDATE, lastRpcElapsedTime:5050609342ns, electionTimeout:5048ms
2022-07-19 01:13:08,842 [2aa730c3-ca7b-4604-9fbc-a2524fdd8453@group-E4775DBC12BB-FollowerState] INFO  impl.RoleInfo (RoleInfo.java:shutdownFollowerState(110)) - 2aa730c3-ca7b-4604-9fbc-a2524fdd8453: shutdown 2aa730c3-ca7b-4604-9fbc-a2524fdd8453@group-E4775DBC12BB-FollowerState
2022-07-19 01:13:08,843 [2aa730c3-ca7b-4604-9fbc-a2524fdd8453@group-E4775DBC12BB-FollowerState] INFO  server.RaftServer$Division (RaftServerImpl.java:setRole(299)) - 2aa730c3-ca7b-4604-9fbc-a2524fdd8453@group-E4775DBC12BB: changes role from  FOLLOWER to CANDIDATE at term 0 for changeToCandidate
2022-07-19 01:13:08,843 [2aa730c3-ca7b-4604-9fbc-a2524fdd8453@group-E4775DBC12BB-FollowerState] INFO  server.RaftServerConfigKeys (ConfUtils.java:logGet(46)) - raft.server.leaderelection.pre-vote = false (custom)
2022-07-19 01:13:08,843 [2aa730c3-ca7b-4604-9fbc-a2524fdd8453@group-E4775DBC12BB-FollowerState] INFO  impl.RoleInfo (RoleInfo.java:updateAndGet(139)) - 2aa730c3-ca7b-4604-9fbc-a2524fdd8453: start 2aa730c3-ca7b-4604-9fbc-a2524fdd8453@group-E4775DBC12BB-LeaderElection5
2022-07-19 01:13:08,848 [2aa730c3-ca7b-4604-9fbc-a2524fdd8453@group-E4775DBC12BB-LeaderElection5] INFO  impl.LeaderElection (LeaderElection.java:askForVotes(310)) - 2aa730c3-ca7b-4604-9fbc-a2524fdd8453@group-E4775DBC12BB-LeaderElection5 ELECTION round 0: submit vote requests at term 1 for -1: [2aa730c3-ca7b-4604-9fbc-a2524fdd8453|rpc:10.1.0.7:41013|priority:1, 77849db6-05f2-412a-81db-f843d144e1d6|rpc:10.1.0.7:46705|priority:0, 153d89b1-ea87-43f0-8e86-ff1392cd03ec|rpc:10.1.0.7:40195|priority:0], old=null
2022-07-19 01:13:08,862 [2aa730c3-ca7b-4604-9fbc-a2524fdd8453@group-DC6BBB3A7561-FollowerState] INFO  impl.FollowerState (FollowerState.java:run(143)) - 2aa730c3-ca7b-4604-9fbc-a2524fdd8453@group-DC6BBB3A7561-FollowerState: change to CANDIDATE, lastRpcElapsedTime:5144547749ns, electionTimeout:5137ms
2022-07-19 01:13:08,862 [2aa730c3-ca7b-4604-9fbc-a2524fdd8453@group-DC6BBB3A7561-FollowerState] INFO  impl.RoleInfo (RoleInfo.java:shutdownFollowerState(110)) - 2aa730c3-ca7b-4604-9fbc-a2524fdd8453: shutdown 2aa730c3-ca7b-4604-9fbc-a2524fdd8453@group-DC6BBB3A7561-FollowerState
2022-07-19 01:13:08,863 [2aa730c3-ca7b-4604-9fbc-a2524fdd8453@group-DC6BBB3A7561-FollowerState] INFO  server.RaftServer$Division (RaftServerImpl.java:setRole(299)) - 2aa730c3-ca7b-4604-9fbc-a2524fdd8453@group-DC6BBB3A7561: changes role from  FOLLOWER to CANDIDATE at term 0 for changeToCandidate
2022-07-19 01:13:08,863 [2aa730c3-ca7b-4604-9fbc-a2524fdd8453@group-DC6BBB3A7561-FollowerState] INFO  server.RaftServerConfigKeys (ConfUtils.java:logGet(46)) - raft.server.leaderelection.pre-vote = false (custom)
2022-07-19 01:13:08,863 [2aa730c3-ca7b-4604-9fbc-a2524fdd8453@group-DC6BBB3A7561-FollowerState] INFO  impl.RoleInfo (RoleInfo.java:updateAndGet(139)) - 2aa730c3-ca7b-4604-9fbc-a2524fdd8453: start 2aa730c3-ca7b-4604-9fbc-a2524fdd8453@group-DC6BBB3A7561-LeaderElection6
2022-07-19 01:13:08,869 [grpc-default-executor-0] INFO  server.RaftServer$Division (RaftServerImpl.java:requestVote(1152)) - 77849db6-05f2-412a-81db-f843d144e1d6@group-E4775DBC12BB: receive requestVote(ELECTION, 2aa730c3-ca7b-4604-9fbc-a2524fdd8453, group-E4775DBC12BB, 1, (t:0, i:0))
2022-07-19 01:13:08,869 [grpc-default-executor-0] INFO  impl.VoteContext (VoteContext.java:log(48)) - 77849db6-05f2-412a-81db-f843d144e1d6@group-E4775DBC12BB-FOLLOWER: accept ELECTION from 2aa730c3-ca7b-4604-9fbc-a2524fdd8453: our priority 0 <= candidate's priority 1
2022-07-19 01:13:08,869 [grpc-default-executor-0] INFO  server.RaftServer$Division (RaftServerImpl.java:setRole(299)) - 77849db6-05f2-412a-81db-f843d144e1d6@group-E4775DBC12BB: changes role from  FOLLOWER to FOLLOWER at term 1 for candidate:2aa730c3-ca7b-4604-9fbc-a2524fdd8453
2022-07-19 01:13:08,870 [grpc-default-executor-0] INFO  impl.RoleInfo (RoleInfo.java:shutdownFollowerState(110)) - 77849db6-05f2-412a-81db-f843d144e1d6: shutdown 77849db6-05f2-412a-81db-f843d144e1d6@group-E4775DBC12BB-FollowerState
2022-07-19 01:13:08,870 [grpc-default-executor-0] INFO  impl.RoleInfo (RoleInfo.java:updateAndGet(139)) - 77849db6-05f2-412a-81db-f843d144e1d6: start 77849db6-05f2-412a-81db-f843d144e1d6@group-E4775DBC12BB-FollowerState
2022-07-19 01:13:08,870 [77849db6-05f2-412a-81db-f843d144e1d6@group-E4775DBC12BB-FollowerState] INFO  impl.FollowerState (FollowerState.java:run(152)) - 77849db6-05f2-412a-81db-f843d144e1d6@group-E4775DBC12BB-FollowerState was interrupted
2022-07-19 01:13:08,884 [grpc-default-executor-0] INFO  server.RaftServer$Division (RaftServerImpl.java:requestVote(1184)) - 77849db6-05f2-412a-81db-f843d144e1d6@group-E4775DBC12BB replies to ELECTION vote request: 2aa730c3-ca7b-4604-9fbc-a2524fdd8453<-77849db6-05f2-412a-81db-f843d144e1d6#0:OK-t1. Peer's state: 77849db6-05f2-412a-81db-f843d144e1d6@group-E4775DBC12BB:t1, leader=null, voted=2aa730c3-ca7b-4604-9fbc-a2524fdd8453, raftlog=77849db6-05f2-412a-81db-f843d144e1d6@group-E4775DBC12BB-SegmentedRaftLog:OPENED:c-1, conf=-1: [2aa730c3-ca7b-4604-9fbc-a2524fdd8453|rpc:10.1.0.7:41013|priority:1, 77849db6-05f2-412a-81db-f843d144e1d6|rpc:10.1.0.7:46705|priority:0, 153d89b1-ea87-43f0-8e86-ff1392cd03ec|rpc:10.1.0.7:40195|priority:0], old=null
2022-07-19 01:13:08,885 [2aa730c3-ca7b-4604-9fbc-a2524fdd8453@group-E4775DBC12BB-LeaderElection5] INFO  impl.LeaderElection (LeaderElection.java:logAndReturn(90)) - 2aa730c3-ca7b-4604-9fbc-a2524fdd8453@group-E4775DBC12BB-LeaderElection5: ELECTION PASSED received 1 response(s) and 0 exception(s):
2022-07-19 01:13:08,886 [2aa730c3-ca7b-4604-9fbc-a2524fdd8453@group-E4775DBC12BB-LeaderElection5] INFO  impl.LeaderElection (LeaderElection.java:logAndReturn(94)) -   Response 0: 2aa730c3-ca7b-4604-9fbc-a2524fdd8453<-77849db6-05f2-412a-81db-f843d144e1d6#0:OK-t1
2022-07-19 01:13:08,886 [2aa730c3-ca7b-4604-9fbc-a2524fdd8453@group-E4775DBC12BB-LeaderElection5] INFO  impl.LeaderElection (LeaderElection.java:askForVotes(312)) - 2aa730c3-ca7b-4604-9fbc-a2524fdd8453@group-E4775DBC12BB-LeaderElection5 ELECTION round 0: result PASSED
2022-07-19 01:13:08,888 [2aa730c3-ca7b-4604-9fbc-a2524fdd8453@group-E4775DBC12BB-LeaderElection5] INFO  impl.RoleInfo (RoleInfo.java:shutdownLeaderElection(130)) - 2aa730c3-ca7b-4604-9fbc-a2524fdd8453: shutdown 2aa730c3-ca7b-4604-9fbc-a2524fdd8453@group-E4775DBC12BB-LeaderElection5
2022-07-19 01:13:08,888 [2aa730c3-ca7b-4604-9fbc-a2524fdd8453@group-E4775DBC12BB-LeaderElection5] INFO  server.RaftServer$Division (RaftServerImpl.java:setRole(299)) - 2aa730c3-ca7b-4604-9fbc-a2524fdd8453@group-E4775DBC12BB: changes role from CANDIDATE to LEADER at term 1 for changeToLeader
2022-07-19 01:13:08,888 [2aa730c3-ca7b-4604-9fbc-a2524fdd8453@group-E4775DBC12BB-LeaderElection5] INFO  ratis.XceiverServerRatis (XceiverServerRatis.java:handleLeaderChangedNotification(863)) - Leader change notification received for group: group-E4775DBC12BB with new leaderId: 2aa730c3-ca7b-4604-9fbc-a2524fdd8453
2022-07-19 01:13:08,889 [2aa730c3-ca7b-4604-9fbc-a2524fdd8453@group-E4775DBC12BB-LeaderElection5] INFO  server.RaftServer$Division (ServerState.java:setLeader(287)) - 2aa730c3-ca7b-4604-9fbc-a2524fdd8453@group-E4775DBC12BB: change Leader from null to 2aa730c3-ca7b-4604-9fbc-a2524fdd8453 at term 1 for becomeLeader, leader elected after 5119ms
2022-07-19 01:13:08,889 [2aa730c3-ca7b-4604-9fbc-a2524fdd8453@group-E4775DBC12BB-LeaderElection5] INFO  server.RaftServerConfigKeys (ConfUtils.java:logGet(46)) - raft.server.staging.catchup.gap = 1000 (default)
2022-07-19 01:13:08,890 [2aa730c3-ca7b-4604-9fbc-a2524fdd8453@group-E4775DBC12BB-LeaderElection5] INFO  server.RaftServerConfigKeys (ConfUtils.java:logGet(46)) - raft.server.write.element-limit = 1024 (custom)
2022-07-19 01:13:08,890 [2aa730c3-ca7b-4604-9fbc-a2524fdd8453@group-E4775DBC12BB-LeaderElection5] INFO  server.RaftServerConfigKeys (ConfUtils.java:logGet(46)) - raft.server.write.byte-limit = 1024 M (=1073741824) (custom)
2022-07-19 01:13:08,891 [2aa730c3-ca7b-4604-9fbc-a2524fdd8453@group-E4775DBC12BB-LeaderElection5] INFO  server.RaftServerConfigKeys (ConfUtils.java:logGet(46)) - raft.server.watch.timeout = 180s (custom)
2022-07-19 01:13:08,891 [2aa730c3-ca7b-4604-9fbc-a2524fdd8453@group-E4775DBC12BB-LeaderElection5] INFO  server.RaftServerConfigKeys (ConfUtils.java:logGet(46)) - raft.server.watch.timeout.denomination = 1s (default)
2022-07-19 01:13:08,891 [2aa730c3-ca7b-4604-9fbc-a2524fdd8453@group-DC6BBB3A7561-LeaderElection6] INFO  impl.LeaderElection (LeaderElection.java:askForVotes(310)) - 2aa730c3-ca7b-4604-9fbc-a2524fdd8453@group-DC6BBB3A7561-LeaderElection6 ELECTION round 0: submit vote requests at term 1 for -1: [2aa730c3-ca7b-4604-9fbc-a2524fdd8453|rpc:10.1.0.7:41013|priority:1], old=null
2022-07-19 01:13:08,891 [grpc-default-executor-0] INFO  server.RaftServer$Division (RaftServerImpl.java:requestVote(1152)) - 153d89b1-ea87-43f0-8e86-ff1392cd03ec@group-E4775DBC12BB: receive requestVote(ELECTION, 2aa730c3-ca7b-4604-9fbc-a2524fdd8453, group-E4775DBC12BB, 1, (t:0, i:0))
2022-07-19 01:13:08,892 [2aa730c3-ca7b-4604-9fbc-a2524fdd8453@group-DC6BBB3A7561-LeaderElection6] INFO  impl.LeaderElection (LeaderElection.java:askForVotes(312)) - 2aa730c3-ca7b-4604-9fbc-a2524fdd8453@group-DC6BBB3A7561-LeaderElection6 ELECTION round 0: result PASSED (term=1)
2022-07-19 01:13:08,892 [grpc-default-executor-0] INFO  impl.VoteContext (VoteContext.java:log(48)) - 153d89b1-ea87-43f0-8e86-ff1392cd03ec@group-E4775DBC12BB-FOLLOWER: accept ELECTION from 2aa730c3-ca7b-4604-9fbc-a2524fdd8453: our priority 0 <= candidate's priority 1
2022-07-19 01:13:08,892 [2aa730c3-ca7b-4604-9fbc-a2524fdd8453@group-DC6BBB3A7561-LeaderElection6] INFO  impl.RoleInfo (RoleInfo.java:shutdownLeaderElection(130)) - 2aa730c3-ca7b-4604-9fbc-a2524fdd8453: shutdown 2aa730c3-ca7b-4604-9fbc-a2524fdd8453@group-DC6BBB3A7561-LeaderElection6
2022-07-19 01:13:08,892 [grpc-default-executor-0] INFO  server.RaftServer$Division (RaftServerImpl.java:setRole(299)) - 153d89b1-ea87-43f0-8e86-ff1392cd03ec@group-E4775DBC12BB: changes role from  FOLLOWER to FOLLOWER at term 1 for candidate:2aa730c3-ca7b-4604-9fbc-a2524fdd8453
2022-07-19 01:13:08,892 [grpc-default-executor-0] INFO  impl.RoleInfo (RoleInfo.java:shutdownFollowerState(110)) - 153d89b1-ea87-43f0-8e86-ff1392cd03ec: shutdown 153d89b1-ea87-43f0-8e86-ff1392cd03ec@group-E4775DBC12BB-FollowerState
2022-07-19 01:13:08,892 [grpc-default-executor-0] INFO  impl.RoleInfo (RoleInfo.java:updateAndGet(139)) - 153d89b1-ea87-43f0-8e86-ff1392cd03ec: start 153d89b1-ea87-43f0-8e86-ff1392cd03ec@group-E4775DBC12BB-FollowerState
2022-07-19 01:13:08,892 [153d89b1-ea87-43f0-8e86-ff1392cd03ec@group-E4775DBC12BB-FollowerState] INFO  impl.FollowerState (FollowerState.java:run(152)) - 153d89b1-ea87-43f0-8e86-ff1392cd03ec@group-E4775DBC12BB-FollowerState was interrupted
2022-07-19 01:13:08,891 [2aa730c3-ca7b-4604-9fbc-a2524fdd8453@group-E4775DBC12BB-LeaderElection5] INFO  server.RaftServerConfigKeys (ConfUtils.java:logGet(46)) - raft.server.watch.element-limit = 65536 (default)
2022-07-19 01:13:08,893 [2aa730c3-ca7b-4604-9fbc-a2524fdd8453@group-E4775DBC12BB-LeaderElection5] INFO  server.RaftServerConfigKeys (ConfUtils.java:logGet(46)) - raft.server.write.element-limit = 1024 (custom)
2022-07-19 01:13:08,893 [2aa730c3-ca7b-4604-9fbc-a2524fdd8453@group-E4775DBC12BB-LeaderElection5] INFO  server.RaftServerConfigKeys (ConfUtils.java:logGet(46)) - raft.server.write.follower.gap.ratio.max = -1.0 (default)
2022-07-19 01:13:08,892 [2aa730c3-ca7b-4604-9fbc-a2524fdd8453@group-DC6BBB3A7561-LeaderElection6] INFO  server.RaftServer$Division (RaftServerImpl.java:setRole(299)) - 2aa730c3-ca7b-4604-9fbc-a2524fdd8453@group-DC6BBB3A7561: changes role from CANDIDATE to LEADER at term 1 for changeToLeader
2022-07-19 01:13:08,893 [2aa730c3-ca7b-4604-9fbc-a2524fdd8453@group-DC6BBB3A7561-LeaderElection6] INFO  ratis.XceiverServerRatis (XceiverServerRatis.java:handleLeaderChangedNotification(863)) - Leader change notification received for group: group-DC6BBB3A7561 with new leaderId: 2aa730c3-ca7b-4604-9fbc-a2524fdd8453
2022-07-19 01:13:08,900 [2aa730c3-ca7b-4604-9fbc-a2524fdd8453@group-DC6BBB3A7561-LeaderElection6] INFO  server.RaftServer$Division (ServerState.java:setLeader(287)) - 2aa730c3-ca7b-4604-9fbc-a2524fdd8453@group-DC6BBB3A7561: change Leader from null to 2aa730c3-ca7b-4604-9fbc-a2524fdd8453 at term 1 for becomeLeader, leader elected after 5192ms
2022-07-19 01:13:08,900 [2aa730c3-ca7b-4604-9fbc-a2524fdd8453@group-DC6BBB3A7561-LeaderElection6] INFO  server.RaftServerConfigKeys (ConfUtils.java:logGet(46)) - raft.server.staging.catchup.gap = 1000 (default)
2022-07-19 01:13:08,900 [2aa730c3-ca7b-4604-9fbc-a2524fdd8453@group-DC6BBB3A7561-LeaderElection6] INFO  server.RaftServerConfigKeys (ConfUtils.java:logGet(46)) - raft.server.write.element-limit = 1024 (custom)
2022-07-19 01:13:08,901 [2aa730c3-ca7b-4604-9fbc-a2524fdd8453@group-DC6BBB3A7561-LeaderElection6] INFO  server.RaftServerConfigKeys (ConfUtils.java:logGet(46)) - raft.server.write.byte-limit = 1024 M (=1073741824) (custom)
2022-07-19 01:13:08,901 [2aa730c3-ca7b-4604-9fbc-a2524fdd8453@group-DC6BBB3A7561-LeaderElection6] INFO  server.RaftServerConfigKeys (ConfUtils.java:logGet(46)) - raft.server.watch.timeout = 180s (custom)
2022-07-19 01:13:08,901 [2aa730c3-ca7b-4604-9fbc-a2524fdd8453@group-DC6BBB3A7561-LeaderElection6] INFO  server.RaftServerConfigKeys (ConfUtils.java:logGet(46)) - raft.server.watch.timeout.denomination = 1s (default)
2022-07-19 01:13:08,901 [2aa730c3-ca7b-4604-9fbc-a2524fdd8453@group-DC6BBB3A7561-LeaderElection6] INFO  server.RaftServerConfigKeys (ConfUtils.java:logGet(46)) - raft.server.watch.element-limit = 65536 (default)
2022-07-19 01:13:08,901 [2aa730c3-ca7b-4604-9fbc-a2524fdd8453@group-DC6BBB3A7561-LeaderElection6] INFO  server.RaftServerConfigKeys (ConfUtils.java:logGet(46)) - raft.server.write.element-limit = 1024 (custom)
2022-07-19 01:13:08,901 [2aa730c3-ca7b-4604-9fbc-a2524fdd8453@group-DC6BBB3A7561-LeaderElection6] INFO  server.RaftServerConfigKeys (ConfUtils.java:logGet(46)) - raft.server.write.follower.gap.ratio.max = -1.0 (default)
2022-07-19 01:13:08,901 [2aa730c3-ca7b-4604-9fbc-a2524fdd8453@group-DC6BBB3A7561-LeaderElection6] INFO  impl.RoleInfo (RoleInfo.java:updateAndGet(139)) - 2aa730c3-ca7b-4604-9fbc-a2524fdd8453: start 2aa730c3-ca7b-4604-9fbc-a2524fdd8453@group-DC6BBB3A7561-LeaderStateImpl
2022-07-19 01:13:08,902 [2aa730c3-ca7b-4604-9fbc-a2524fdd8453@group-DC6BBB3A7561-LeaderElection6] INFO  segmented.SegmentedRaftLogWorker (SegmentedRaftLogWorker.java:startLogSegment(425)) - 2aa730c3-ca7b-4604-9fbc-a2524fdd8453@group-DC6BBB3A7561-SegmentedRaftLogWorker: Starting segment from index:0
2022-07-19 01:13:08,908 [2aa730c3-ca7b-4604-9fbc-a2524fdd8453@group-DC6BBB3A7561-LeaderElection6] INFO  server.RaftServer$Division (ServerState.java:setRaftConf(393)) - 2aa730c3-ca7b-4604-9fbc-a2524fdd8453@group-DC6BBB3A7561: set configuration 0: [2aa730c3-ca7b-4604-9fbc-a2524fdd8453|rpc:10.1.0.7:41013|dataStream:|priority:1], old=null
2022-07-19 01:13:08,909 [2aa730c3-ca7b-4604-9fbc-a2524fdd8453@group-DC6BBB3A7561-SegmentedRaftLogWorker] INFO  segmented.SegmentedRaftLogWorker (SegmentedRaftLogWorker.java:execute(629)) - 2aa730c3-ca7b-4604-9fbc-a2524fdd8453@group-DC6BBB3A7561-SegmentedRaftLogWorker: created new log segment /home/runner/work/ozone/ozone/hadoop-ozone/integration-test/target/test-dir/MiniOzoneClusterImpl-2ac8f481-cfe8-4b79-9e35-c5083f796462/datanode-2/data/ratis/c56a90e9-32d8-4bd0-9503-dc6bbb3a7561/current/log_inprogress_0
2022-07-19 01:13:08,909 [grpc-default-executor-0] INFO  server.RaftServer$Division (RaftServerImpl.java:requestVote(1184)) - 153d89b1-ea87-43f0-8e86-ff1392cd03ec@group-E4775DBC12BB replies to ELECTION vote request: 2aa730c3-ca7b-4604-9fbc-a2524fdd8453<-153d89b1-ea87-43f0-8e86-ff1392cd03ec#0:OK-t1. Peer's state: 153d89b1-ea87-43f0-8e86-ff1392cd03ec@group-E4775DBC12BB:t1, leader=null, voted=2aa730c3-ca7b-4604-9fbc-a2524fdd8453, raftlog=153d89b1-ea87-43f0-8e86-ff1392cd03ec@group-E4775DBC12BB-SegmentedRaftLog:OPENED:c-1, conf=-1: [2aa730c3-ca7b-4604-9fbc-a2524fdd8453|rpc:10.1.0.7:41013|priority:1, 77849db6-05f2-412a-81db-f843d144e1d6|rpc:10.1.0.7:46705|priority:0, 153d89b1-ea87-43f0-8e86-ff1392cd03ec|rpc:10.1.0.7:40195|priority:0], old=null
2022-07-19 01:13:08,913 [EventQueue-PipelineReportForPipelineReportHandler] INFO  pipeline.PipelineManagerImpl (PipelineManagerImpl.java:openPipeline(367)) - Pipeline Pipeline[ Id: b0dbf070-c726-4fce-ae39-e4775dbc12bb, Nodes: 153d89b1-ea87-43f0-8e86-ff1392cd03ec{ip: 10.1.0.7, host: fv-az458-285.cxtooap3h1lune4eycoub4ghla.dx.internal.cloudapp.net, ports: [REPLICATION=36017, RATIS=40195, RATIS_ADMIN=40195, RATIS_SERVER=40195, STANDALONE=40985], networkLocation: /default-rack, certSerialId: null, persistedOpState: IN_SERVICE, persistedOpStateExpiryEpochSec: 0}2aa730c3-ca7b-4604-9fbc-a2524fdd8453{ip: 10.1.0.7, host: fv-az458-285.cxtooap3h1lune4eycoub4ghla.dx.internal.cloudapp.net, ports: [REPLICATION=40739, RATIS=41013, RATIS_ADMIN=41013, RATIS_SERVER=41013, STANDALONE=33689], networkLocation: /default-rack, certSerialId: null, persistedOpState: IN_SERVICE, persistedOpStateExpiryEpochSec: 0}77849db6-05f2-412a-81db-f843d144e1d6{ip: 10.1.0.7, host: fv-az458-285.cxtooap3h1lune4eycoub4ghla.dx.internal.cloudapp.net, ports: [REPLICATION=44045, RATIS=46705, RATIS_ADMIN=46705, RATIS_SERVER=46705, STANDALONE=44741], networkLocation: /default-rack, certSerialId: null, persistedOpState: IN_SERVICE, persistedOpStateExpiryEpochSec: 0}, ReplicationConfig: RATIS/THREE, State:ALLOCATED, leaderId:2aa730c3-ca7b-4604-9fbc-a2524fdd8453, CreationTimestamp2022-07-19T01:13:00.704Z[Etc/UTC]] moved to OPEN state
2022-07-19 01:13:08,913 [EventQueue-OpenPipelineForHealthyPipelineSafeModeRule] INFO  safemode.SCMSafeModeManager (HealthyPipelineSafeModeRule.java:process(137)) - SCM in safe mode. Healthy pipelines reported count is 0, required healthy pipeline reported count is 1
2022-07-19 01:13:08,919 [EventQueue-OpenPipelineForHealthyPipelineSafeModeRule] INFO  safemode.SCMSafeModeManager (HealthyPipelineSafeModeRule.java:process(137)) - SCM in safe mode. Healthy pipelines reported count is 1, required healthy pipeline reported count is 1
2022-07-19 01:13:08,920 [EventQueue-OpenPipelineForHealthyPipelineSafeModeRule] INFO  safemode.SCMSafeModeManager (SCMSafeModeManager.java:validateSafeModeExitRules(204)) - HealthyPipelineSafeModeRule rule is successfully validated
2022-07-19 01:13:08,920 [EventQueue-OpenPipelineForHealthyPipelineSafeModeRule] INFO  safemode.SCMSafeModeManager (SCMSafeModeManager.java:validateSafeModeExitRules(219)) - ScmSafeModeManager, all rules are successfully validated
2022-07-19 01:13:08,920 [EventQueue-OpenPipelineForHealthyPipelineSafeModeRule] INFO  safemode.SCMSafeModeManager (SCMSafeModeManager.java:exitSafeMode(248)) - SCM exiting safe mode.
2022-07-19 01:13:08,920 [EventQueue-OpenPipelineForHealthyPipelineSafeModeRule] WARN  events.EventQueue (EventQueue.java:fireEvent(216)) - No event handler registered for event TypedEvent{payloadType=SafeModeStatus, name='Safe mode status'}
2022-07-19 01:13:08,920 [EventQueue-OpenPipelineForHealthyPipelineSafeModeRule] INFO  ha.SCMContext (SCMContext.java:updateSafeModeStatus(228)) - Update SafeModeStatus from SafeModeStatus{safeModeStatus=true, preCheckPassed=true} to SafeModeStatus{safeModeStatus=false, preCheckPassed=true}.
2022-07-19 01:13:08,920 [EventQueue-OpenPipelineForHealthyPipelineSafeModeRule] INFO  pipeline.BackgroundPipelineCreator (BackgroundPipelineCreator.java:notifyStatusChanged(254)) - Service BackgroundPipelineCreator transitions to RUNNING.
2022-07-19 01:13:08,920 [EventQueue-OpenPipelineForHealthyPipelineSafeModeRule] INFO  BackgroundPipelineScrubber (BackgroundSCMService.java:notifyStatusChanged(82)) - Service BackgroundPipelineScrubber transitions to RUNNING.
2022-07-19 01:13:08,920 [EventQueue-OpenPipelineForHealthyPipelineSafeModeRule] INFO  ExpiredContainerReplicaOpScrubber (BackgroundSCMService.java:notifyStatusChanged(82)) - Service ExpiredContainerReplicaOpScrubber transitions to RUNNING.
2022-07-19 01:13:08,920 [EventQueue-OpenPipelineForHealthyPipelineSafeModeRule] INFO  UnderReplicatedQueueThread (BackgroundSCMService.java:notifyStatusChanged(82)) - Service UnderReplicatedQueueThread transitions to RUNNING.
2022-07-19 01:13:08,920 [EventQueue-OpenPipelineForHealthyPipelineSafeModeRule] INFO  replication.ReplicationManager (ReplicationManager.java:notifyStatusChanged(531)) - Service ReplicationManager transitions to RUNNING.
2022-07-19 01:13:08,921 [EventQueue-OpenPipelineForHealthyPipelineSafeModeRule] WARN  balancer.ContainerBalancer (ContainerBalancer.java:shouldRun(894)) - Could not find persisted configuration for ContainerBalancer when checking if ContainerBalancer should run. ContainerBalancer should not run now.
2022-07-19 01:13:08,922 [2aa730c3-ca7b-4604-9fbc-a2524fdd8453@group-E4775DBC12BB-LeaderElection5] INFO  server.RaftServerConfigKeys (ConfUtils.java:logGet(46)) - raft.server.log.appender.snapshot.chunk.size.max = 16MB (=16777216) (default)
2022-07-19 01:13:08,927 [2aa730c3-ca7b-4604-9fbc-a2524fdd8453@group-E4775DBC12BB-LeaderElection5] INFO  server.RaftServerConfigKeys (ConfUtils.java:logGet(46)) - raft.server.log.appender.buffer.byte-limit = 33554432 (custom)
2022-07-19 01:13:08,928 [2aa730c3-ca7b-4604-9fbc-a2524fdd8453@group-E4775DBC12BB-LeaderElection5] INFO  server.RaftServerConfigKeys (ConfUtils.java:logGet(46)) - raft.server.log.appender.buffer.element-limit = 1 (custom)
2022-07-19 01:13:08,931 [2aa730c3-ca7b-4604-9fbc-a2524fdd8453@group-E4775DBC12BB-LeaderElection5] INFO  grpc.GrpcConfigKeys (ConfUtils.java:logGet(46)) - raft.grpc.server.leader.outstanding.appends.max = 128 (default)
2022-07-19 01:13:08,931 [2aa730c3-ca7b-4604-9fbc-a2524fdd8453@group-E4775DBC12BB-LeaderElection5] INFO  server.RaftServerConfigKeys (ConfUtils.java:logGet(46)) - raft.server.rpc.request.timeout = 60s (custom)
2022-07-19 01:13:08,931 [2aa730c3-ca7b-4604-9fbc-a2524fdd8453@group-E4775DBC12BB-LeaderElection5] INFO  server.RaftServerConfigKeys (ConfUtils.java:logGet(46)) - raft.server.log.appender.install.snapshot.enabled = false (custom)
2022-07-19 01:13:08,933 [2aa730c3-ca7b-4604-9fbc-a2524fdd8453@group-E4775DBC12BB-LeaderElection5] INFO  server.RaftServerConfigKeys (ConfUtils.java:logGet(46)) - raft.server.log.appender.snapshot.chunk.size.max = 16MB (=16777216) (default)
2022-07-19 01:13:08,933 [2aa730c3-ca7b-4604-9fbc-a2524fdd8453@group-E4775DBC12BB-LeaderElection5] INFO  server.RaftServerConfigKeys (ConfUtils.java:logGet(46)) - raft.server.log.appender.buffer.byte-limit = 33554432 (custom)
2022-07-19 01:13:08,934 [2aa730c3-ca7b-4604-9fbc-a2524fdd8453@group-E4775DBC12BB-LeaderElection5] INFO  server.RaftServerConfigKeys (ConfUtils.java:logGet(46)) - raft.server.log.appender.buffer.element-limit = 1 (custom)
2022-07-19 01:13:08,934 [2aa730c3-ca7b-4604-9fbc-a2524fdd8453@group-E4775DBC12BB-LeaderElection5] INFO  grpc.GrpcConfigKeys (ConfUtils.java:logGet(46)) - raft.grpc.server.leader.outstanding.appends.max = 128 (default)
2022-07-19 01:13:08,934 [2aa730c3-ca7b-4604-9fbc-a2524fdd8453@group-E4775DBC12BB-LeaderElection5] INFO  server.RaftServerConfigKeys (ConfUtils.java:logGet(46)) - raft.server.rpc.request.timeout = 60s (custom)
2022-07-19 01:13:08,934 [2aa730c3-ca7b-4604-9fbc-a2524fdd8453@group-E4775DBC12BB-LeaderElection5] INFO  server.RaftServerConfigKeys (ConfUtils.java:logGet(46)) - raft.server.log.appender.install.snapshot.enabled = false (custom)
2022-07-19 01:13:08,935 [2aa730c3-ca7b-4604-9fbc-a2524fdd8453@group-E4775DBC12BB-LeaderElection5] INFO  impl.RoleInfo (RoleInfo.java:updateAndGet(139)) - 2aa730c3-ca7b-4604-9fbc-a2524fdd8453: start 2aa730c3-ca7b-4604-9fbc-a2524fdd8453@group-E4775DBC12BB-LeaderStateImpl
2022-07-19 01:13:08,936 [2aa730c3-ca7b-4604-9fbc-a2524fdd8453@group-E4775DBC12BB-LeaderElection5] INFO  segmented.SegmentedRaftLogWorker (SegmentedRaftLogWorker.java:startLogSegment(425)) - 2aa730c3-ca7b-4604-9fbc-a2524fdd8453@group-E4775DBC12BB-SegmentedRaftLogWorker: Starting segment from index:0
2022-07-19 01:13:08,938 [2aa730c3-ca7b-4604-9fbc-a2524fdd8453@group-E4775DBC12BB-SegmentedRaftLogWorker] INFO  segmented.SegmentedRaftLogWorker (SegmentedRaftLogWorker.java:execute(629)) - 2aa730c3-ca7b-4604-9fbc-a2524fdd8453@group-E4775DBC12BB-SegmentedRaftLogWorker: created new log segment /home/runner/work/ozone/ozone/hadoop-ozone/integration-test/target/test-dir/MiniOzoneClusterImpl-2ac8f481-cfe8-4b79-9e35-c5083f796462/datanode-2/data/ratis/b0dbf070-c726-4fce-ae39-e4775dbc12bb/current/log_inprogress_0
2022-07-19 01:13:08,947 [2aa730c3-ca7b-4604-9fbc-a2524fdd8453@group-E4775DBC12BB-LeaderElection5] INFO  server.RaftServer$Division (ServerState.java:setRaftConf(393)) - 2aa730c3-ca7b-4604-9fbc-a2524fdd8453@group-E4775DBC12BB: set configuration 0: [2aa730c3-ca7b-4604-9fbc-a2524fdd8453|rpc:10.1.0.7:41013|dataStream:|priority:1, 77849db6-05f2-412a-81db-f843d144e1d6|rpc:10.1.0.7:46705|dataStream:|priority:0, 153d89b1-ea87-43f0-8e86-ff1392cd03ec|rpc:10.1.0.7:40195|dataStream:|priority:0], old=null
2022-07-19 01:13:08,979 [77849db6-05f2-412a-81db-f843d144e1d6-server-thread1] INFO  ratis.XceiverServerRatis (XceiverServerRatis.java:handleLeaderChangedNotification(863)) - Leader change notification received for group: group-E4775DBC12BB with new leaderId: 2aa730c3-ca7b-4604-9fbc-a2524fdd8453
2022-07-19 01:13:08,980 [153d89b1-ea87-43f0-8e86-ff1392cd03ec-server-thread1] INFO  ratis.XceiverServerRatis (XceiverServerRatis.java:handleLeaderChangedNotification(863)) - Leader change notification received for group: group-E4775DBC12BB with new leaderId: 2aa730c3-ca7b-4604-9fbc-a2524fdd8453
2022-07-19 01:13:08,981 [77849db6-05f2-412a-81db-f843d144e1d6-server-thread1] INFO  server.RaftServer$Division (ServerState.java:setLeader(287)) - 77849db6-05f2-412a-81db-f843d144e1d6@group-E4775DBC12BB: change Leader from null to 2aa730c3-ca7b-4604-9fbc-a2524fdd8453 at term 1 for appendEntries, leader elected after 5199ms
2022-07-19 01:13:08,981 [153d89b1-ea87-43f0-8e86-ff1392cd03ec-server-thread1] INFO  server.RaftServer$Division (ServerState.java:setLeader(287)) - 153d89b1-ea87-43f0-8e86-ff1392cd03ec@group-E4775DBC12BB: change Leader from null to 2aa730c3-ca7b-4604-9fbc-a2524fdd8453 at term 1 for appendEntries, leader elected after 5196ms
2022-07-19 01:13:08,993 [77849db6-05f2-412a-81db-f843d144e1d6-server-thread1] INFO  server.RaftServer$Division (ServerState.java:setRaftConf(393)) - 77849db6-05f2-412a-81db-f843d144e1d6@group-E4775DBC12BB: set configuration 0: [2aa730c3-ca7b-4604-9fbc-a2524fdd8453|rpc:10.1.0.7:41013|dataStream:|priority:1, 77849db6-05f2-412a-81db-f843d144e1d6|rpc:10.1.0.7:46705|dataStream:|priority:0, 153d89b1-ea87-43f0-8e86-ff1392cd03ec|rpc:10.1.0.7:40195|dataStream:|priority:0], old=null
2022-07-19 01:13:08,993 [77849db6-05f2-412a-81db-f843d144e1d6-server-thread1] INFO  segmented.SegmentedRaftLogWorker (SegmentedRaftLogWorker.java:startLogSegment(425)) - 77849db6-05f2-412a-81db-f843d144e1d6@group-E4775DBC12BB-SegmentedRaftLogWorker: Starting segment from index:0
2022-07-19 01:13:09,001 [77849db6-05f2-412a-81db-f843d144e1d6@group-E4775DBC12BB-SegmentedRaftLogWorker] INFO  segmented.SegmentedRaftLogWorker (SegmentedRaftLogWorker.java:execute(629)) - 77849db6-05f2-412a-81db-f843d144e1d6@group-E4775DBC12BB-SegmentedRaftLogWorker: created new log segment /home/runner/work/ozone/ozone/hadoop-ozone/integration-test/target/test-dir/MiniOzoneClusterImpl-2ac8f481-cfe8-4b79-9e35-c5083f796462/datanode-1/data/ratis/b0dbf070-c726-4fce-ae39-e4775dbc12bb/current/log_inprogress_0
2022-07-19 01:13:09,006 [153d89b1-ea87-43f0-8e86-ff1392cd03ec-server-thread2] INFO  server.RaftServer$Division (ServerState.java:setRaftConf(393)) - 153d89b1-ea87-43f0-8e86-ff1392cd03ec@group-E4775DBC12BB: set configuration 0: [2aa730c3-ca7b-4604-9fbc-a2524fdd8453|rpc:10.1.0.7:41013|dataStream:|priority:1, 77849db6-05f2-412a-81db-f843d144e1d6|rpc:10.1.0.7:46705|dataStream:|priority:0, 153d89b1-ea87-43f0-8e86-ff1392cd03ec|rpc:10.1.0.7:40195|dataStream:|priority:0], old=null
2022-07-19 01:13:09,006 [153d89b1-ea87-43f0-8e86-ff1392cd03ec-server-thread2] INFO  segmented.SegmentedRaftLogWorker (SegmentedRaftLogWorker.java:startLogSegment(425)) - 153d89b1-ea87-43f0-8e86-ff1392cd03ec@group-E4775DBC12BB-SegmentedRaftLogWorker: Starting segment from index:0
2022-07-19 01:13:09,008 [153d89b1-ea87-43f0-8e86-ff1392cd03ec@group-E4775DBC12BB-SegmentedRaftLogWorker] INFO  segmented.SegmentedRaftLogWorker (SegmentedRaftLogWorker.java:execute(629)) - 153d89b1-ea87-43f0-8e86-ff1392cd03ec@group-E4775DBC12BB-SegmentedRaftLogWorker: created new log segment /home/runner/work/ozone/ozone/hadoop-ozone/integration-test/target/test-dir/MiniOzoneClusterImpl-2ac8f481-cfe8-4b79-9e35-c5083f796462/datanode-0/data/ratis/b0dbf070-c726-4fce-ae39-e4775dbc12bb/current/log_inprogress_0
2022-07-19 01:13:09,700 [Listener at 127.0.0.1/36483] INFO  ozone.MiniOzoneClusterImpl (MiniOzoneClusterImpl.java:lambda$waitForClusterToBeReady$0(216)) - Nodes are ready. Got 3 of 3 DN Heartbeats.
2022-07-19 01:13:09,700 [Listener at 127.0.0.1/36483] INFO  ozone.MiniOzoneClusterImpl (MiniOzoneClusterImpl.java:lambda$waitForClusterToBeReady$0(219)) - Cluster exits safe mode
2022-07-19 01:13:09,700 [Listener at 127.0.0.1/36483] INFO  ozone.MiniOzoneClusterImpl (MiniOzoneClusterImpl.java:lambda$waitForClusterToBeReady$0(221)) - SCM became leader
2022-07-19 01:13:09,923 [IPC Server handler 1 on default port 38923] INFO  pipeline.PipelineStateManagerImpl (PipelineStateManagerImpl.java:addPipeline(103)) - Created pipeline Pipeline[ Id: 77a1254b-6a2c-448e-ba2f-95be8ad04e30, Nodes: 77849db6-05f2-412a-81db-f843d144e1d6{ip: 10.1.0.7, host: fv-az458-285.cxtooap3h1lune4eycoub4ghla.dx.internal.cloudapp.net, ports: [REPLICATION=44045, RATIS=46705, RATIS_ADMIN=46705, RATIS_SERVER=46705, STANDALONE=44741], networkLocation: /default-rack, certSerialId: null, persistedOpState: IN_SERVICE, persistedOpStateExpiryEpochSec: 0}, ReplicationConfig: STANDALONE/ONE, State:OPEN, leaderId:, CreationTimestamp2022-07-19T01:13:09.922Z[Etc/UTC]].
2022-07-19 01:13:09,930 [IPC Server handler 1 on default port 38923] INFO  ha.SequenceIdGenerator (SequenceIdGenerator.java:getNextId(128)) - Allocate a batch for containerId, change lastId from 0 to 1000.
2022-07-19 01:13:09,961 [Time-limited test] INFO  impl.MetricsSystemImpl (MetricsSystemImpl.java:init(158)) - XceiverClientMetrics metrics system started (again)
2022-07-19 01:13:10,199 [FixedThreadPoolWithAffinityExecutor-9-0] WARN  container.IncrementalContainerReportHandler (AbstractContainerReportHandler.java:updateContainerState(259)) - Container #1 is in OPEN state, but the datanode 77849db6-05f2-412a-81db-f843d144e1d6{ip: 10.1.0.7, host: fv-az458-285.cxtooap3h1lune4eycoub4ghla.dx.internal.cloudapp.net, ports: [REPLICATION=44045, RATIS=46705, RATIS_ADMIN=46705, RATIS_SERVER=46705, STANDALONE=44741], networkLocation: /default-rack, certSerialId: null, persistedOpState: IN_SERVICE, persistedOpStateExpiryEpochSec: 0} reports an CLOSING replica.
2022-07-19 01:13:10,203 [ChunkReader-1] INFO  keyvalue.KeyValueContainer (KeyValueContainer.java:flushAndSyncDB(431)) - Container 1 is synced with bcsId 0.
2022-07-19 01:13:10,204 [ChunkReader-1] INFO  keyvalue.KeyValueContainer (KeyValueContainer.java:flushAndSyncDB(431)) - Container 1 is synced with bcsId 0.
2022-07-19 01:13:10,215 [ChunkReader-1] INFO  keyvalue.KeyValueContainer (KeyValueContainer.java:close(346)) - Container 1 is closed with bcsId 0.
2022-07-19 01:13:10,218 [FixedThreadPoolWithAffinityExecutor-0-0] WARN  container.IncrementalContainerReportHandler (AbstractContainerReportHandler.java:updateContainerState(259)) - Container #1 is in OPEN state, but the datanode 77849db6-05f2-412a-81db-f843d144e1d6{ip: 10.1.0.7, host: fv-az458-285.cxtooap3h1lune4eycoub4ghla.dx.internal.cloudapp.net, ports: [REPLICATION=44045, RATIS=46705, RATIS_ADMIN=46705, RATIS_SERVER=46705, STANDALONE=44741], networkLocation: /default-rack, certSerialId: null, persistedOpState: IN_SERVICE, persistedOpStateExpiryEpochSec: 0} reports an CLOSED replica.
2022-07-19 01:13:10,262 [ChunkReader-2] INFO  keyvalue.KeyValueHandler (ContainerUtils.java:logAndReturnError(88)) - Operation: GetCommittedBlockLength , Trace ID:  , Message: Unable to find the block. , Result: NO_SUCH_BLOCK , StorageContainerException Occurred.
org.apache.hadoop.hdds.scm.container.common.helpers.StorageContainerException: Unable to find the block.
	at org.apache.hadoop.ozone.container.keyvalue.impl.BlockManagerImpl.getBlockByID(BlockManagerImpl.java:359)
	at org.apache.hadoop.ozone.container.keyvalue.impl.BlockManagerImpl.getCommittedBlockLength(BlockManagerImpl.java:284)
	at org.apache.hadoop.ozone.container.keyvalue.KeyValueHandler.handleGetCommittedBlockLength(KeyValueHandler.java:560)
	at org.apache.hadoop.ozone.container.keyvalue.KeyValueHandler.dispatchRequest(KeyValueHandler.java:243)
	at org.apache.hadoop.ozone.container.keyvalue.KeyValueHandler.handle(KeyValueHandler.java:196)
	at org.apache.hadoop.ozone.container.common.impl.HddsDispatcher.dispatchRequest(HddsDispatcher.java:313)
	at org.apache.hadoop.ozone.container.common.impl.HddsDispatcher.lambda$dispatch$0(HddsDispatcher.java:169)
	at org.apache.hadoop.hdds.server.OzoneProtocolMessageDispatcher.processRequest(OzoneProtocolMessageDispatcher.java:87)
	at org.apache.hadoop.ozone.container.common.impl.HddsDispatcher.dispatch(HddsDispatcher.java:168)
	at org.apache.hadoop.ozone.container.common.transport.server.GrpcXceiverService$1.onNext(GrpcXceiverService.java:57)
	at org.apache.hadoop.ozone.container.common.transport.server.GrpcXceiverService$1.onNext(GrpcXceiverService.java:50)
	at org.apache.ratis.thirdparty.io.grpc.stub.ServerCalls$StreamingServerCallHandler$StreamingServerCallListener.onMessage(ServerCalls.java:262)
	at org.apache.ratis.thirdparty.io.grpc.ForwardingServerCallListener.onMessage(ForwardingServerCallListener.java:33)
	at org.apache.hadoop.hdds.tracing.GrpcServerInterceptor$1.onMessage(GrpcServerInterceptor.java:49)
	at org.apache.ratis.thirdparty.io.grpc.internal.ServerCallImpl$ServerStreamListenerImpl.messagesAvailableInternal(ServerCallImpl.java:318)
	at org.apache.ratis.thirdparty.io.grpc.internal.ServerCallImpl$ServerStreamListenerImpl.messagesAvailable(ServerCallImpl.java:301)
	at org.apache.ratis.thirdparty.io.grpc.internal.ServerImpl$JumpToApplicationThreadServerStreamListener$1MessagesAvailable.runInContext(ServerImpl.java:834)
	at org.apache.ratis.thirdparty.io.grpc.internal.ContextRunnable.run(ContextRunnable.java:37)
	at org.apache.ratis.thirdparty.io.grpc.internal.SerializingExecutor.run(SerializingExecutor.java:133)
	at java.util.concurrent.ThreadPoolExecutor.runWorker(ThreadPoolExecutor.java:1149)
	at java.util.concurrent.ThreadPoolExecutor$Worker.run(ThreadPoolExecutor.java:624)
	at java.lang.Thread.run(Thread.java:750)
01:13:10.268 [ChunkReader-2] ERROR DNAudit - user=null | ip=null | op=GET_COMMITTED_BLOCK_LENGTH {blockData=conID: 1 locID: 1658193190179 bcsId: 0} | ret=FAILURE
java.lang.Exception: Unable to find the block.
	at org.apache.hadoop.ozone.container.common.impl.HddsDispatcher.dispatchRequest(HddsDispatcher.java:377) ~[hdds-container-service-1.3.0-SNAPSHOT.jar:?]
	at org.apache.hadoop.ozone.container.common.impl.HddsDispatcher.lambda$dispatch$0(HddsDispatcher.java:169) ~[hdds-container-service-1.3.0-SNAPSHOT.jar:?]
	at org.apache.hadoop.hdds.server.OzoneProtocolMessageDispatcher.processRequest(OzoneProtocolMessageDispatcher.java:87) [hdds-server-framework-1.3.0-SNAPSHOT.jar:?]
	at org.apache.hadoop.ozone.container.common.impl.HddsDispatcher.dispatch(HddsDispatcher.java:168) [hdds-container-service-1.3.0-SNAPSHOT.jar:?]
	at org.apache.hadoop.ozone.container.common.transport.server.GrpcXceiverService$1.onNext(GrpcXceiverService.java:57) [hdds-container-service-1.3.0-SNAPSHOT.jar:?]
	at org.apache.hadoop.ozone.container.common.transport.server.GrpcXceiverService$1.onNext(GrpcXceiverService.java:50) [hdds-container-service-1.3.0-SNAPSHOT.jar:?]
	at org.apache.ratis.thirdparty.io.grpc.stub.ServerCalls$StreamingServerCallHandler$StreamingServerCallListener.onMessage(ServerCalls.java:262) [ratis-thirdparty-misc-1.0.0.jar:1.0.0]
	at org.apache.ratis.thirdparty.io.grpc.ForwardingServerCallListener.onMessage(ForwardingServerCallListener.java:33) [ratis-thirdparty-misc-1.0.0.jar:1.0.0]
	at org.apache.hadoop.hdds.tracing.GrpcServerInterceptor$1.onMessage(GrpcServerInterceptor.java:49) [hdds-common-1.3.0-SNAPSHOT.jar:?]
	at org.apache.ratis.thirdparty.io.grpc.internal.ServerCallImpl$ServerStreamListenerImpl.messagesAvailableInternal(ServerCallImpl.java:318) [ratis-thirdparty-misc-1.0.0.jar:1.0.0]
	at org.apache.ratis.thirdparty.io.grpc.internal.ServerCallImpl$ServerStreamListenerImpl.messagesAvailable(ServerCallImpl.java:301) [ratis-thirdparty-misc-1.0.0.jar:1.0.0]
	at org.apache.ratis.thirdparty.io.grpc.internal.ServerImpl$JumpToApplicationThreadServerStreamListener$1MessagesAvailable.runInContext(ServerImpl.java:834) [ratis-thirdparty-misc-1.0.0.jar:1.0.0]
	at org.apache.ratis.thirdparty.io.grpc.internal.ContextRunnable.run(ContextRunnable.java:37) [ratis-thirdparty-misc-1.0.0.jar:1.0.0]
	at org.apache.ratis.thirdparty.io.grpc.internal.SerializingExecutor.run(SerializingExecutor.java:133) [ratis-thirdparty-misc-1.0.0.jar:1.0.0]
	at java.util.concurrent.ThreadPoolExecutor.runWorker(ThreadPoolExecutor.java:1149) [?:1.8.0_332]
	at java.util.concurrent.ThreadPoolExecutor$Worker.run(ThreadPoolExecutor.java:624) [?:1.8.0_332]
	at java.lang.Thread.run(Thread.java:750) [?:1.8.0_332]
2022-07-19 01:13:10,336 [Time-limited test] ERROR scm.XceiverClientGrpc (XceiverClientGrpc.java:sendCommandWithRetry(443)) - Failed to execute command cmdType: GetCommittedBlockLength
traceID: ""
containerID: 1
datanodeUuid: "77849db6-05f2-412a-81db-f843d144e1d6"
getCommittedBlockLength {
  blockID {
    containerID: 1
    localID: 1658193190179
    blockCommitSequenceId: 0
  }
}
 on the pipeline Pipeline[ Id: 77a1254b-6a2c-448e-ba2f-95be8ad04e30, Nodes: 77849db6-05f2-412a-81db-f843d144e1d6{ip: 10.1.0.7, host: fv-az458-285.cxtooap3h1lune4eycoub4ghla.dx.internal.cloudapp.net, ports: [REPLICATION=44045, RATIS=46705, RATIS_ADMIN=46705, RATIS_SERVER=46705, STANDALONE=44741], networkLocation: /default-rack, certSerialId: null, persistedOpState: IN_SERVICE, persistedOpStateExpiryEpochSec: 0}, ReplicationConfig: STANDALONE/ONE, State:OPEN, leaderId:, CreationTimestamp2022-07-19T01:13:09.922Z[Etc/UTC]].
]]></system-out>
  </testcase>
  <testcase name="tesGetCommittedBlockLength" classname="org.apache.hadoop.ozone.scm.TestGetCommittedBlockLengthAndPutKey" time="0.203"/>
  <testcase name="tesPutKeyResposne" classname="org.apache.hadoop.ozone.scm.TestGetCommittedBlockLengthAndPutKey" time="300.02">
    <error type="org.junit.runners.model.TestTimedOutException"><![CDATA[org.junit.runners.model.TestTimedOutException: test timed out after 300 seconds
	at sun.misc.Unsafe.park(Native Method)
	at java.util.concurrent.locks.LockSupport.park(LockSupport.java:175)
	at java.util.concurrent.CompletableFuture$Signaller.block(CompletableFuture.java:1707)
	at java.util.concurrent.ForkJoinPool.managedBlock(ForkJoinPool.java:3323)
	at java.util.concurrent.CompletableFuture.waitingGet(CompletableFuture.java:1742)
	at java.util.concurrent.CompletableFuture.get(CompletableFuture.java:1908)
	at org.apache.hadoop.hdds.scm.XceiverClientSpi.sendCommand(XceiverClientSpi.java:113)
	at org.apache.hadoop.ozone.scm.TestGetCommittedBlockLengthAndPutKey.tesPutKeyResposne(TestGetCommittedBlockLengthAndPutKey.java:169)
	at sun.reflect.NativeMethodAccessorImpl.invoke0(Native Method)
	at sun.reflect.NativeMethodAccessorImpl.invoke(NativeMethodAccessorImpl.java:62)
	at sun.reflect.DelegatingMethodAccessorImpl.invoke(DelegatingMethodAccessorImpl.java:43)
	at java.lang.reflect.Method.invoke(Method.java:498)
	at org.junit.runners.model.FrameworkMethod$1.runReflectiveCall(FrameworkMethod.java:59)
	at org.junit.internal.runners.model.ReflectiveCallable.run(ReflectiveCallable.java:12)
	at org.junit.runners.model.FrameworkMethod.invokeExplosively(FrameworkMethod.java:56)
	at org.junit.internal.runners.statements.InvokeMethod.evaluate(InvokeMethod.java:17)
	at org.junit.internal.runners.statements.FailOnTimeout$CallableStatement.call(FailOnTimeout.java:288)
	at org.junit.internal.runners.statements.FailOnTimeout$CallableStatement.call(FailOnTimeout.java:282)
	at java.util.concurrent.FutureTask.run(FutureTask.java:266)
	at java.lang.Thread.run(Thread.java:750)
]]></error>
    <system-out><![CDATA[2022-07-19 01:13:13,074 [77849db6-05f2-412a-81db-f843d144e1d6@group-685272520154-FollowerState] INFO  impl.FollowerState (FollowerState.java:run(143)) - 77849db6-05f2-412a-81db-f843d144e1d6@group-685272520154-FollowerState: change to CANDIDATE, lastRpcElapsedTime:5030072770ns, electionTimeout:5026ms
2022-07-19 01:13:13,075 [77849db6-05f2-412a-81db-f843d144e1d6@group-685272520154-FollowerState] INFO  impl.RoleInfo (RoleInfo.java:shutdownFollowerState(110)) - 77849db6-05f2-412a-81db-f843d144e1d6: shutdown 77849db6-05f2-412a-81db-f843d144e1d6@group-685272520154-FollowerState
2022-07-19 01:13:13,075 [77849db6-05f2-412a-81db-f843d144e1d6@group-685272520154-FollowerState] INFO  server.RaftServer$Division (RaftServerImpl.java:setRole(299)) - 77849db6-05f2-412a-81db-f843d144e1d6@group-685272520154: changes role from  FOLLOWER to CANDIDATE at term 1 for changeToCandidate
2022-07-19 01:13:13,075 [77849db6-05f2-412a-81db-f843d144e1d6@group-685272520154-FollowerState] INFO  server.RaftServerConfigKeys (ConfUtils.java:logGet(46)) - raft.server.leaderelection.pre-vote = false (custom)
2022-07-19 01:13:13,075 [77849db6-05f2-412a-81db-f843d144e1d6@group-685272520154-FollowerState] INFO  impl.RoleInfo (RoleInfo.java:updateAndGet(139)) - 77849db6-05f2-412a-81db-f843d144e1d6: start 77849db6-05f2-412a-81db-f843d144e1d6@group-685272520154-LeaderElection7
2022-07-19 01:13:13,077 [77849db6-05f2-412a-81db-f843d144e1d6@group-685272520154-LeaderElection7] INFO  impl.LeaderElection (LeaderElection.java:askForVotes(310)) - 77849db6-05f2-412a-81db-f843d144e1d6@group-685272520154-LeaderElection7 ELECTION round 0: submit vote requests at term 2 for -1: [2aa730c3-ca7b-4604-9fbc-a2524fdd8453|rpc:10.1.0.7:41013|priority:0, 77849db6-05f2-412a-81db-f843d144e1d6|rpc:10.1.0.7:46705|priority:1, 153d89b1-ea87-43f0-8e86-ff1392cd03ec|rpc:10.1.0.7:40195|priority:0], old=null
2022-07-19 01:13:13,087 [grpc-default-executor-0] INFO  server.RaftServer$Division (RaftServerImpl.java:requestVote(1152)) - 153d89b1-ea87-43f0-8e86-ff1392cd03ec@group-685272520154: receive requestVote(ELECTION, 77849db6-05f2-412a-81db-f843d144e1d6, group-685272520154, 2, (t:0, i:0))
2022-07-19 01:13:13,087 [grpc-default-executor-0] INFO  impl.VoteContext (VoteContext.java:log(48)) - 153d89b1-ea87-43f0-8e86-ff1392cd03ec@group-685272520154-FOLLOWER: accept ELECTION from 77849db6-05f2-412a-81db-f843d144e1d6: our priority 0 <= candidate's priority 1
2022-07-19 01:13:13,087 [grpc-default-executor-0] INFO  server.RaftServer$Division (RaftServerImpl.java:setRole(299)) - 153d89b1-ea87-43f0-8e86-ff1392cd03ec@group-685272520154: changes role from  FOLLOWER to FOLLOWER at term 2 for candidate:77849db6-05f2-412a-81db-f843d144e1d6
2022-07-19 01:13:13,087 [grpc-default-executor-0] INFO  impl.RoleInfo (RoleInfo.java:shutdownFollowerState(110)) - 153d89b1-ea87-43f0-8e86-ff1392cd03ec: shutdown 153d89b1-ea87-43f0-8e86-ff1392cd03ec@group-685272520154-FollowerState
2022-07-19 01:13:13,087 [grpc-default-executor-0] INFO  impl.RoleInfo (RoleInfo.java:updateAndGet(139)) - 153d89b1-ea87-43f0-8e86-ff1392cd03ec: start 153d89b1-ea87-43f0-8e86-ff1392cd03ec@group-685272520154-FollowerState
2022-07-19 01:13:13,087 [153d89b1-ea87-43f0-8e86-ff1392cd03ec@group-685272520154-FollowerState] INFO  impl.FollowerState (FollowerState.java:run(152)) - 153d89b1-ea87-43f0-8e86-ff1392cd03ec@group-685272520154-FollowerState was interrupted
2022-07-19 01:13:13,092 [grpc-default-executor-0] INFO  server.RaftServer$Division (RaftServerImpl.java:requestVote(1184)) - 153d89b1-ea87-43f0-8e86-ff1392cd03ec@group-685272520154 replies to ELECTION vote request: 77849db6-05f2-412a-81db-f843d144e1d6<-153d89b1-ea87-43f0-8e86-ff1392cd03ec#0:OK-t2. Peer's state: 153d89b1-ea87-43f0-8e86-ff1392cd03ec@group-685272520154:t2, leader=null, voted=77849db6-05f2-412a-81db-f843d144e1d6, raftlog=153d89b1-ea87-43f0-8e86-ff1392cd03ec@group-685272520154-SegmentedRaftLog:OPENED:c-1, conf=-1: [2aa730c3-ca7b-4604-9fbc-a2524fdd8453|rpc:10.1.0.7:41013|priority:0, 77849db6-05f2-412a-81db-f843d144e1d6|rpc:10.1.0.7:46705|priority:1, 153d89b1-ea87-43f0-8e86-ff1392cd03ec|rpc:10.1.0.7:40195|priority:0], old=null
2022-07-19 01:13:13,093 [77849db6-05f2-412a-81db-f843d144e1d6@group-685272520154-LeaderElection7] INFO  impl.LeaderElection (LeaderElection.java:logAndReturn(90)) - 77849db6-05f2-412a-81db-f843d144e1d6@group-685272520154-LeaderElection7: ELECTION PASSED received 1 response(s) and 0 exception(s):
2022-07-19 01:13:13,094 [77849db6-05f2-412a-81db-f843d144e1d6@group-685272520154-LeaderElection7] INFO  impl.LeaderElection (LeaderElection.java:logAndReturn(94)) -   Response 0: 77849db6-05f2-412a-81db-f843d144e1d6<-153d89b1-ea87-43f0-8e86-ff1392cd03ec#0:OK-t2
2022-07-19 01:13:13,094 [77849db6-05f2-412a-81db-f843d144e1d6@group-685272520154-LeaderElection7] INFO  impl.LeaderElection (LeaderElection.java:askForVotes(312)) - 77849db6-05f2-412a-81db-f843d144e1d6@group-685272520154-LeaderElection7 ELECTION round 0: result PASSED
2022-07-19 01:13:13,094 [77849db6-05f2-412a-81db-f843d144e1d6@group-685272520154-LeaderElection7] INFO  impl.RoleInfo (RoleInfo.java:shutdownLeaderElection(130)) - 77849db6-05f2-412a-81db-f843d144e1d6: shutdown 77849db6-05f2-412a-81db-f843d144e1d6@group-685272520154-LeaderElection7
2022-07-19 01:13:13,094 [77849db6-05f2-412a-81db-f843d144e1d6@group-685272520154-LeaderElection7] INFO  server.RaftServer$Division (RaftServerImpl.java:setRole(299)) - 77849db6-05f2-412a-81db-f843d144e1d6@group-685272520154: changes role from CANDIDATE to LEADER at term 2 for changeToLeader
2022-07-19 01:13:13,094 [77849db6-05f2-412a-81db-f843d144e1d6@group-685272520154-LeaderElection7] INFO  ratis.XceiverServerRatis (XceiverServerRatis.java:handleLeaderChangedNotification(863)) - Leader change notification received for group: group-685272520154 with new leaderId: 77849db6-05f2-412a-81db-f843d144e1d6
2022-07-19 01:13:13,094 [77849db6-05f2-412a-81db-f843d144e1d6@group-685272520154-LeaderElection7] INFO  server.RaftServer$Division (ServerState.java:setLeader(287)) - 77849db6-05f2-412a-81db-f843d144e1d6@group-685272520154: change Leader from null to 77849db6-05f2-412a-81db-f843d144e1d6 at term 2 for becomeLeader, leader elected after 9663ms
2022-07-19 01:13:13,094 [77849db6-05f2-412a-81db-f843d144e1d6@group-685272520154-LeaderElection7] INFO  server.RaftServerConfigKeys (ConfUtils.java:logGet(46)) - raft.server.staging.catchup.gap = 1000 (default)
2022-07-19 01:13:13,094 [77849db6-05f2-412a-81db-f843d144e1d6@group-685272520154-LeaderElection7] INFO  server.RaftServerConfigKeys (ConfUtils.java:logGet(46)) - raft.server.write.element-limit = 1024 (custom)
2022-07-19 01:13:13,095 [77849db6-05f2-412a-81db-f843d144e1d6@group-685272520154-LeaderElection7] INFO  server.RaftServerConfigKeys (ConfUtils.java:logGet(46)) - raft.server.write.byte-limit = 1024 M (=1073741824) (custom)
2022-07-19 01:13:13,096 [77849db6-05f2-412a-81db-f843d144e1d6@group-685272520154-LeaderElection7] INFO  server.RaftServerConfigKeys (ConfUtils.java:logGet(46)) - raft.server.watch.timeout = 180s (custom)
2022-07-19 01:13:13,096 [77849db6-05f2-412a-81db-f843d144e1d6@group-685272520154-LeaderElection7] INFO  server.RaftServerConfigKeys (ConfUtils.java:logGet(46)) - raft.server.watch.timeout.denomination = 1s (default)
2022-07-19 01:13:13,096 [77849db6-05f2-412a-81db-f843d144e1d6@group-685272520154-LeaderElection7] INFO  server.RaftServerConfigKeys (ConfUtils.java:logGet(46)) - raft.server.watch.element-limit = 65536 (default)
2022-07-19 01:13:13,096 [77849db6-05f2-412a-81db-f843d144e1d6@group-685272520154-LeaderElection7] INFO  server.RaftServerConfigKeys (ConfUtils.java:logGet(46)) - raft.server.write.element-limit = 1024 (custom)
2022-07-19 01:13:13,096 [77849db6-05f2-412a-81db-f843d144e1d6@group-685272520154-LeaderElection7] INFO  server.RaftServerConfigKeys (ConfUtils.java:logGet(46)) - raft.server.write.follower.gap.ratio.max = -1.0 (default)
2022-07-19 01:13:13,096 [grpc-default-executor-0] INFO  server.RaftServer$Division (RaftServerImpl.java:requestVote(1152)) - 2aa730c3-ca7b-4604-9fbc-a2524fdd8453@group-685272520154: receive requestVote(ELECTION, 77849db6-05f2-412a-81db-f843d144e1d6, group-685272520154, 2, (t:0, i:0))
2022-07-19 01:13:13,097 [grpc-default-executor-0] INFO  impl.VoteContext (VoteContext.java:log(48)) - 2aa730c3-ca7b-4604-9fbc-a2524fdd8453@group-685272520154-FOLLOWER: accept ELECTION from 77849db6-05f2-412a-81db-f843d144e1d6: our priority 0 <= candidate's priority 1
2022-07-19 01:13:13,097 [grpc-default-executor-0] INFO  server.RaftServer$Division (RaftServerImpl.java:setRole(299)) - 2aa730c3-ca7b-4604-9fbc-a2524fdd8453@group-685272520154: changes role from  FOLLOWER to FOLLOWER at term 2 for candidate:77849db6-05f2-412a-81db-f843d144e1d6
2022-07-19 01:13:13,098 [grpc-default-executor-0] INFO  impl.RoleInfo (RoleInfo.java:shutdownFollowerState(110)) - 2aa730c3-ca7b-4604-9fbc-a2524fdd8453: shutdown 2aa730c3-ca7b-4604-9fbc-a2524fdd8453@group-685272520154-FollowerState
2022-07-19 01:13:13,098 [grpc-default-executor-0] INFO  impl.RoleInfo (RoleInfo.java:updateAndGet(139)) - 2aa730c3-ca7b-4604-9fbc-a2524fdd8453: start 2aa730c3-ca7b-4604-9fbc-a2524fdd8453@group-685272520154-FollowerState
2022-07-19 01:13:13,098 [2aa730c3-ca7b-4604-9fbc-a2524fdd8453@group-685272520154-FollowerState] INFO  impl.FollowerState (FollowerState.java:run(152)) - 2aa730c3-ca7b-4604-9fbc-a2524fdd8453@group-685272520154-FollowerState was interrupted
2022-07-19 01:13:13,099 [77849db6-05f2-412a-81db-f843d144e1d6@group-685272520154-LeaderElection7] INFO  server.RaftServerConfigKeys (ConfUtils.java:logGet(46)) - raft.server.log.appender.snapshot.chunk.size.max = 16MB (=16777216) (default)
2022-07-19 01:13:13,099 [77849db6-05f2-412a-81db-f843d144e1d6@group-685272520154-LeaderElection7] INFO  server.RaftServerConfigKeys (ConfUtils.java:logGet(46)) - raft.server.log.appender.buffer.byte-limit = 33554432 (custom)
2022-07-19 01:13:13,100 [grpc-default-executor-0] INFO  server.RaftServer$Division (RaftServerImpl.java:requestVote(1184)) - 2aa730c3-ca7b-4604-9fbc-a2524fdd8453@group-685272520154 replies to ELECTION vote request: 77849db6-05f2-412a-81db-f843d144e1d6<-2aa730c3-ca7b-4604-9fbc-a2524fdd8453#0:OK-t2. Peer's state: 2aa730c3-ca7b-4604-9fbc-a2524fdd8453@group-685272520154:t2, leader=null, voted=77849db6-05f2-412a-81db-f843d144e1d6, raftlog=2aa730c3-ca7b-4604-9fbc-a2524fdd8453@group-685272520154-SegmentedRaftLog:OPENED:c-1, conf=-1: [2aa730c3-ca7b-4604-9fbc-a2524fdd8453|rpc:10.1.0.7:41013|dataStream:|priority:0, 77849db6-05f2-412a-81db-f843d144e1d6|rpc:10.1.0.7:46705|dataStream:|priority:1, 153d89b1-ea87-43f0-8e86-ff1392cd03ec|rpc:10.1.0.7:40195|dataStream:|priority:0], old=null
2022-07-19 01:13:13,106 [77849db6-05f2-412a-81db-f843d144e1d6@group-685272520154-LeaderElection7] INFO  server.RaftServerConfigKeys (ConfUtils.java:logGet(46)) - raft.server.log.appender.buffer.element-limit = 1 (custom)
2022-07-19 01:13:13,108 [EventQueue-PipelineReportForPipelineReportHandler] INFO  pipeline.PipelineManagerImpl (PipelineManagerImpl.java:openPipeline(367)) - Pipeline Pipeline[ Id: 37c69e10-7ac0-428d-8fc3-685272520154, Nodes: 153d89b1-ea87-43f0-8e86-ff1392cd03ec{ip: 10.1.0.7, host: fv-az458-285.cxtooap3h1lune4eycoub4ghla.dx.internal.cloudapp.net, ports: [REPLICATION=36017, RATIS=40195, RATIS_ADMIN=40195, RATIS_SERVER=40195, STANDALONE=40985], networkLocation: /default-rack, certSerialId: null, persistedOpState: IN_SERVICE, persistedOpStateExpiryEpochSec: 0}2aa730c3-ca7b-4604-9fbc-a2524fdd8453{ip: 10.1.0.7, host: fv-az458-285.cxtooap3h1lune4eycoub4ghla.dx.internal.cloudapp.net, ports: [REPLICATION=40739, RATIS=41013, RATIS_ADMIN=41013, RATIS_SERVER=41013, STANDALONE=33689], networkLocation: /default-rack, certSerialId: null, persistedOpState: IN_SERVICE, persistedOpStateExpiryEpochSec: 0}77849db6-05f2-412a-81db-f843d144e1d6{ip: 10.1.0.7, host: fv-az458-285.cxtooap3h1lune4eycoub4ghla.dx.internal.cloudapp.net, ports: [REPLICATION=44045, RATIS=46705, RATIS_ADMIN=46705, RATIS_SERVER=46705, STANDALONE=44741], networkLocation: /default-rack, certSerialId: null, persistedOpState: IN_SERVICE, persistedOpStateExpiryEpochSec: 0}, ReplicationConfig: RATIS/THREE, State:ALLOCATED, leaderId:77849db6-05f2-412a-81db-f843d144e1d6, CreationTimestamp2022-07-19T01:13:00.701Z[Etc/UTC]] moved to OPEN state
2022-07-19 01:13:13,107 [77849db6-05f2-412a-81db-f843d144e1d6@group-685272520154-LeaderElection7] INFO  grpc.GrpcConfigKeys (ConfUtils.java:logGet(46)) - raft.grpc.server.leader.outstanding.appends.max = 128 (default)
2022-07-19 01:13:13,109 [77849db6-05f2-412a-81db-f843d144e1d6@group-685272520154-LeaderElection7] INFO  server.RaftServerConfigKeys (ConfUtils.java:logGet(46)) - raft.server.rpc.request.timeout = 60s (custom)
2022-07-19 01:13:13,109 [77849db6-05f2-412a-81db-f843d144e1d6@group-685272520154-LeaderElection7] INFO  server.RaftServerConfigKeys (ConfUtils.java:logGet(46)) - raft.server.log.appender.install.snapshot.enabled = false (custom)
2022-07-19 01:13:13,111 [77849db6-05f2-412a-81db-f843d144e1d6@group-685272520154-LeaderElection7] INFO  server.RaftServerConfigKeys (ConfUtils.java:logGet(46)) - raft.server.log.appender.snapshot.chunk.size.max = 16MB (=16777216) (default)
2022-07-19 01:13:13,111 [77849db6-05f2-412a-81db-f843d144e1d6@group-685272520154-LeaderElection7] INFO  server.RaftServerConfigKeys (ConfUtils.java:logGet(46)) - raft.server.log.appender.buffer.byte-limit = 33554432 (custom)
2022-07-19 01:13:13,111 [77849db6-05f2-412a-81db-f843d144e1d6@group-685272520154-LeaderElection7] INFO  server.RaftServerConfigKeys (ConfUtils.java:logGet(46)) - raft.server.log.appender.buffer.element-limit = 1 (custom)
2022-07-19 01:13:13,111 [77849db6-05f2-412a-81db-f843d144e1d6@group-685272520154-LeaderElection7] INFO  grpc.GrpcConfigKeys (ConfUtils.java:logGet(46)) - raft.grpc.server.leader.outstanding.appends.max = 128 (default)
2022-07-19 01:13:13,111 [77849db6-05f2-412a-81db-f843d144e1d6@group-685272520154-LeaderElection7] INFO  server.RaftServerConfigKeys (ConfUtils.java:logGet(46)) - raft.server.rpc.request.timeout = 60s (custom)
2022-07-19 01:13:13,111 [77849db6-05f2-412a-81db-f843d144e1d6@group-685272520154-LeaderElection7] INFO  server.RaftServerConfigKeys (ConfUtils.java:logGet(46)) - raft.server.log.appender.install.snapshot.enabled = false (custom)
2022-07-19 01:13:13,111 [77849db6-05f2-412a-81db-f843d144e1d6@group-685272520154-LeaderElection7] INFO  impl.RoleInfo (RoleInfo.java:updateAndGet(139)) - 77849db6-05f2-412a-81db-f843d144e1d6: start 77849db6-05f2-412a-81db-f843d144e1d6@group-685272520154-LeaderStateImpl
2022-07-19 01:13:13,112 [77849db6-05f2-412a-81db-f843d144e1d6@group-685272520154-LeaderElection7] INFO  segmented.SegmentedRaftLogWorker (SegmentedRaftLogWorker.java:startLogSegment(425)) - 77849db6-05f2-412a-81db-f843d144e1d6@group-685272520154-SegmentedRaftLogWorker: Starting segment from index:0
2022-07-19 01:13:13,115 [77849db6-05f2-412a-81db-f843d144e1d6@group-685272520154-SegmentedRaftLogWorker] INFO  segmented.SegmentedRaftLogWorker (SegmentedRaftLogWorker.java:execute(629)) - 77849db6-05f2-412a-81db-f843d144e1d6@group-685272520154-SegmentedRaftLogWorker: created new log segment /home/runner/work/ozone/ozone/hadoop-ozone/integration-test/target/test-dir/MiniOzoneClusterImpl-2ac8f481-cfe8-4b79-9e35-c5083f796462/datanode-1/data/ratis/37c69e10-7ac0-428d-8fc3-685272520154/current/log_inprogress_0
2022-07-19 01:13:13,130 [77849db6-05f2-412a-81db-f843d144e1d6@group-685272520154-LeaderElection7] INFO  server.RaftServer$Division (ServerState.java:setRaftConf(393)) - 77849db6-05f2-412a-81db-f843d144e1d6@group-685272520154: set configuration 0: [2aa730c3-ca7b-4604-9fbc-a2524fdd8453|rpc:10.1.0.7:41013|dataStream:|priority:0, 77849db6-05f2-412a-81db-f843d144e1d6|rpc:10.1.0.7:46705|dataStream:|priority:1, 153d89b1-ea87-43f0-8e86-ff1392cd03ec|rpc:10.1.0.7:40195|dataStream:|priority:0], old=null
2022-07-19 01:13:13,140 [2aa730c3-ca7b-4604-9fbc-a2524fdd8453-server-thread1] INFO  ratis.XceiverServerRatis (XceiverServerRatis.java:handleLeaderChangedNotification(863)) - Leader change notification received for group: group-685272520154 with new leaderId: 77849db6-05f2-412a-81db-f843d144e1d6
2022-07-19 01:13:13,140 [2aa730c3-ca7b-4604-9fbc-a2524fdd8453-server-thread1] INFO  server.RaftServer$Division (ServerState.java:setLeader(287)) - 2aa730c3-ca7b-4604-9fbc-a2524fdd8453@group-685272520154: change Leader from null to 77849db6-05f2-412a-81db-f843d144e1d6 at term 2 for appendEntries, leader elected after 9560ms
2022-07-19 01:13:13,141 [153d89b1-ea87-43f0-8e86-ff1392cd03ec-server-thread1] INFO  ratis.XceiverServerRatis (XceiverServerRatis.java:handleLeaderChangedNotification(863)) - Leader change notification received for group: group-685272520154 with new leaderId: 77849db6-05f2-412a-81db-f843d144e1d6
2022-07-19 01:13:13,141 [153d89b1-ea87-43f0-8e86-ff1392cd03ec-server-thread1] INFO  server.RaftServer$Division (ServerState.java:setLeader(287)) - 153d89b1-ea87-43f0-8e86-ff1392cd03ec@group-685272520154: change Leader from null to 77849db6-05f2-412a-81db-f843d144e1d6 at term 2 for appendEntries, leader elected after 10220ms
2022-07-19 01:13:13,146 [2aa730c3-ca7b-4604-9fbc-a2524fdd8453-server-thread1] INFO  server.RaftServer$Division (ServerState.java:setRaftConf(393)) - 2aa730c3-ca7b-4604-9fbc-a2524fdd8453@group-685272520154: set configuration 0: [2aa730c3-ca7b-4604-9fbc-a2524fdd8453|rpc:10.1.0.7:41013|dataStream:|priority:0, 77849db6-05f2-412a-81db-f843d144e1d6|rpc:10.1.0.7:46705|dataStream:|priority:1, 153d89b1-ea87-43f0-8e86-ff1392cd03ec|rpc:10.1.0.7:40195|dataStream:|priority:0], old=null
2022-07-19 01:13:13,147 [2aa730c3-ca7b-4604-9fbc-a2524fdd8453-server-thread1] INFO  segmented.SegmentedRaftLogWorker (SegmentedRaftLogWorker.java:startLogSegment(425)) - 2aa730c3-ca7b-4604-9fbc-a2524fdd8453@group-685272520154-SegmentedRaftLogWorker: Starting segment from index:0
2022-07-19 01:13:13,148 [2aa730c3-ca7b-4604-9fbc-a2524fdd8453@group-685272520154-SegmentedRaftLogWorker] INFO  segmented.SegmentedRaftLogWorker (SegmentedRaftLogWorker.java:execute(629)) - 2aa730c3-ca7b-4604-9fbc-a2524fdd8453@group-685272520154-SegmentedRaftLogWorker: created new log segment /home/runner/work/ozone/ozone/hadoop-ozone/integration-test/target/test-dir/MiniOzoneClusterImpl-2ac8f481-cfe8-4b79-9e35-c5083f796462/datanode-2/data/ratis/37c69e10-7ac0-428d-8fc3-685272520154/current/log_inprogress_0
2022-07-19 01:13:13,155 [153d89b1-ea87-43f0-8e86-ff1392cd03ec-server-thread1] INFO  server.RaftServer$Division (ServerState.java:setRaftConf(393)) - 153d89b1-ea87-43f0-8e86-ff1392cd03ec@group-685272520154: set configuration 0: [2aa730c3-ca7b-4604-9fbc-a2524fdd8453|rpc:10.1.0.7:41013|dataStream:|priority:0, 77849db6-05f2-412a-81db-f843d144e1d6|rpc:10.1.0.7:46705|dataStream:|priority:1, 153d89b1-ea87-43f0-8e86-ff1392cd03ec|rpc:10.1.0.7:40195|dataStream:|priority:0], old=null
2022-07-19 01:13:13,155 [153d89b1-ea87-43f0-8e86-ff1392cd03ec-server-thread1] INFO  segmented.SegmentedRaftLogWorker (SegmentedRaftLogWorker.java:startLogSegment(425)) - 153d89b1-ea87-43f0-8e86-ff1392cd03ec@group-685272520154-SegmentedRaftLogWorker: Starting segment from index:0
2022-07-19 01:13:13,162 [153d89b1-ea87-43f0-8e86-ff1392cd03ec@group-685272520154-SegmentedRaftLogWorker] INFO  segmented.SegmentedRaftLogWorker (SegmentedRaftLogWorker.java:execute(629)) - 153d89b1-ea87-43f0-8e86-ff1392cd03ec@group-685272520154-SegmentedRaftLogWorker: created new log segment /home/runner/work/ozone/ozone/hadoop-ozone/integration-test/target/test-dir/MiniOzoneClusterImpl-2ac8f481-cfe8-4b79-9e35-c5083f796462/datanode-0/data/ratis/37c69e10-7ac0-428d-8fc3-685272520154/current/log_inprogress_0
2022-07-19 01:13:20,026 [UnderReplicatedQueueThreadThread] INFO  replication.UnderReplicatedProcessor (UnderReplicatedProcessor.java:processAll(85)) - Processed 0 under replicated containers, failed processing 0
2022-07-19 01:13:50,027 [UnderReplicatedQueueThreadThread] INFO  replication.UnderReplicatedProcessor (UnderReplicatedProcessor.java:processAll(85)) - Processed 0 under replicated containers, failed processing 0
2022-07-19 01:14:20,028 [UnderReplicatedQueueThreadThread] INFO  replication.UnderReplicatedProcessor (UnderReplicatedProcessor.java:processAll(85)) - Processed 0 under replicated containers, failed processing 0
2022-07-19 01:14:50,029 [UnderReplicatedQueueThreadThread] INFO  replication.UnderReplicatedProcessor (UnderReplicatedProcessor.java:processAll(85)) - Processed 0 under replicated containers, failed processing 0
2022-07-19 01:15:20,029 [UnderReplicatedQueueThreadThread] INFO  replication.UnderReplicatedProcessor (UnderReplicatedProcessor.java:processAll(85)) - Processed 0 under replicated containers, failed processing 0
2022-07-19 01:15:50,029 [UnderReplicatedQueueThreadThread] INFO  replication.UnderReplicatedProcessor (UnderReplicatedProcessor.java:processAll(85)) - Processed 0 under replicated containers, failed processing 0
2022-07-19 01:16:20,030 [UnderReplicatedQueueThreadThread] INFO  replication.UnderReplicatedProcessor (UnderReplicatedProcessor.java:processAll(85)) - Processed 0 under replicated containers, failed processing 0
2022-07-19 01:16:50,030 [UnderReplicatedQueueThreadThread] INFO  replication.UnderReplicatedProcessor (UnderReplicatedProcessor.java:processAll(85)) - Processed 0 under replicated containers, failed processing 0
2022-07-19 01:17:20,031 [UnderReplicatedQueueThreadThread] INFO  replication.UnderReplicatedProcessor (UnderReplicatedProcessor.java:processAll(85)) - Processed 0 under replicated containers, failed processing 0
2022-07-19 01:17:50,021 [EventQueue-CloseContainerForCloseContainerEventHandler] INFO  container.CloseContainerEventHandler (CloseContainerEventHandler.java:onMessage(71)) - Close container Event triggered for container : #1
2022-07-19 01:17:50,021 [ReplicationMonitor] INFO  replication.ReplicationManager (ReplicationManager.java:processAll(277)) - Replication Monitor Thread took 4 milliseconds for processing 3 containers.
2022-07-19 01:17:50,031 [UnderReplicatedQueueThreadThread] INFO  replication.UnderReplicatedProcessor (UnderReplicatedProcessor.java:processAll(85)) - Processed 0 under replicated containers, failed processing 0
]]></system-out>
  </testcase>
</testsuite>