<?xml version="1.0" encoding="UTF-8"?>
<testsuite xmlns:xsi="http://www.w3.org/2001/XMLSchema-instance" xsi:noNamespaceSchemaLocation="https://maven.apache.org/surefire/maven-surefire-plugin/xsd/surefire-test-report.xsd" name="org.apache.hadoop.ozone.fsck.TestContainerMapper" time="135.411" tests="1" errors="1" skipped="0" failures="0">
  <properties>
    <property name="awt.toolkit" value="sun.awt.X11.XToolkit"/>
    <property name="file.encoding.pkg" value="sun.io"/>
    <property name="java.specification.version" value="1.8"/>
    <property name="sun.cpu.isalist" value=""/>
    <property name="sun.jnu.encoding" value="ANSI_X3.4-1968"/>
    <property name="java.class.path" value="/github/workspace/mnt/ozone/hadoop-ozone/integration-test/target/test-classes:/github/workspace/mnt/ozone/hadoop-ozone/integration-test/target/classes:/home/user/.m2/repository/org/apache/hadoop/hadoop-ozone-common/0.6.0-SNAPSHOT/hadoop-ozone-common-0.6.0-SNAPSHOT.jar:/home/user/.m2/repository/org/apache/commons/commons-compress/1.4.1/commons-compress-1.4.1.jar:/home/user/.m2/repository/org/tukaani/xz/1.0/xz-1.0.jar:/home/user/.m2/repository/org/apache/hadoop/hadoop-hdds-common/0.6.0-SNAPSHOT/hadoop-hdds-common-0.6.0-SNAPSHOT.jar:/home/user/.m2/repository/info/picocli/picocli/3.9.6/picocli-3.9.6.jar:/home/user/.m2/repository/com/fasterxml/jackson/core/jackson-annotations/2.10.3/jackson-annotations-2.10.3.jar:/home/user/.m2/repository/javax/annotation/javax.annotation-api/1.2/javax.annotation-api-1.2.jar:/home/user/.m2/repository/org/apache/ratis/ratis-server/0.6.0-cac3336-SNAPSHOT/ratis-server-0.6.0-cac3336-SNAPSHOT.jar:/home/user/.m2/repository/org/apache/ratis/ratis-thirdparty-misc/0.4.0/ratis-thirdparty-misc-0.4.0.jar:/home/user/.m2/repository/org/apache/ratis/ratis-client/0.6.0-cac3336-SNAPSHOT/ratis-client-0.6.0-cac3336-SNAPSHOT.jar:/home/user/.m2/repository/org/apache/ratis/ratis-metrics/0.6.0-cac3336-SNAPSHOT/ratis-metrics-0.6.0-cac3336-SNAPSHOT.jar:/home/user/.m2/repository/org/apache/ratis/ratis-netty/0.6.0-cac3336-SNAPSHOT/ratis-netty-0.6.0-cac3336-SNAPSHOT.jar:/home/user/.m2/repository/org/apache/ratis/ratis-grpc/0.6.0-cac3336-SNAPSHOT/ratis-grpc-0.6.0-cac3336-SNAPSHOT.jar:/home/user/.m2/repository/org/apache/logging/log4j/log4j-api/2.11.0/log4j-api-2.11.0.jar:/home/user/.m2/repository/org/apache/logging/log4j/log4j-core/2.11.0/log4j-core-2.11.0.jar:/home/user/.m2/repository/com/lmax/disruptor/3.4.2/disruptor-3.4.2.jar:/home/user/.m2/repository/org/apache/commons/commons-pool2/2.6.0/commons-pool2-2.6.0.jar:/home/user/.m2/repository/org/bouncycastle/bcpkix-jdk15on/1.60/bcpkix-jdk15on-1.60.jar:/home/user/.m2/repository/commons-validator/commons-validator/1.6/commons-validator-1.6.jar:/home/user/.m2/repository/commons-digester/commons-digester/1.8.1/commons-digester-1.8.1.jar:/home/user/.m2/repository/io/jaegertracing/jaeger-client/1.2.0/jaeger-client-1.2.0.jar:/home/user/.m2/repository/io/jaegertracing/jaeger-thrift/1.2.0/jaeger-thrift-1.2.0.jar:/home/user/.m2/repository/org/apache/thrift/libthrift/0.13.0/libthrift-0.13.0.jar:/home/user/.m2/repository/com/squareup/okhttp3/okhttp/4.2.2/okhttp-4.2.2.jar:/home/user/.m2/repository/com/squareup/okio/okio/2.2.2/okio-2.2.2.jar:/home/user/.m2/repository/org/jetbrains/kotlin/kotlin-stdlib/1.3.50/kotlin-stdlib-1.3.50.jar:/home/user/.m2/repository/org/jetbrains/kotlin/kotlin-stdlib-common/1.3.50/kotlin-stdlib-common-1.3.50.jar:/home/user/.m2/repository/org/jetbrains/annotations/13.0/annotations-13.0.jar:/home/user/.m2/repository/io/jaegertracing/jaeger-core/1.2.0/jaeger-core-1.2.0.jar:/home/user/.m2/repository/io/jaegertracing/jaeger-tracerresolver/1.2.0/jaeger-tracerresolver-1.2.0.jar:/home/user/.m2/repository/io/opentracing/contrib/opentracing-tracerresolver/0.1.8/opentracing-tracerresolver-0.1.8.jar:/home/user/.m2/repository/io/opentracing/opentracing-util/0.33.0/opentracing-util-0.33.0.jar:/home/user/.m2/repository/io/opentracing/opentracing-api/0.33.0/opentracing-api-0.33.0.jar:/home/user/.m2/repository/io/opentracing/opentracing-noop/0.33.0/opentracing-noop-0.33.0.jar:/home/user/.m2/repository/org/apache/hadoop/hadoop-hdds-client/0.6.0-SNAPSHOT/hadoop-hdds-client-0.6.0-SNAPSHOT.jar:/home/user/.m2/repository/org/apache/hadoop/hadoop-hdds-test-utils/0.6.0-SNAPSHOT/hadoop-hdds-test-utils-0.6.0-SNAPSHOT.jar:/home/user/.m2/repository/com/google/guava/guava/28.2-jre/guava-28.2-jre.jar:/home/user/.m2/repository/com/google/guava/failureaccess/1.0.1/failureaccess-1.0.1.jar:/home/user/.m2/repository/com/google/guava/listenablefuture/9999.0-empty-to-avoid-conflict-with-guava/listenablefuture-9999.0-empty-to-avoid-conflict-with-guava.jar:/home/user/.m2/repository/com/google/code/findbugs/jsr305/3.0.0/jsr305-3.0.0.jar:/home/user/.m2/repository/org/checkerframework/checker-qual/2.10.0/checker-qual-2.10.0.jar:/home/user/.m2/repository/com/google/errorprone/error_prone_annotations/2.2.0/error_prone_annotations-2.2.0.jar:/home/user/.m2/repository/com/google/j2objc/j2objc-annotations/1.3/j2objc-annotations-1.3.jar:/home/user/.m2/repository/commons-io/commons-io/2.5/commons-io-2.5.jar:/home/user/.m2/repository/commons-logging/commons-logging/1.2/commons-logging-1.2.jar:/home/user/.m2/repository/log4j/log4j/1.2.17/log4j-1.2.17.jar:/home/user/.m2/repository/org/slf4j/slf4j-api/1.7.25/slf4j-api-1.7.25.jar:/home/user/.m2/repository/org/apache/hadoop/hadoop-hdds-server-scm/0.6.0-SNAPSHOT/hadoop-hdds-server-scm-0.6.0-SNAPSHOT.jar:/home/user/.m2/repository/org/apache/hadoop/hadoop-hdds-container-service/0.6.0-SNAPSHOT/hadoop-hdds-container-service-0.6.0-SNAPSHOT.jar:/home/user/.m2/repository/org/apache/hadoop/hadoop-hdds-hadoop-dependency-server/0.6.0-SNAPSHOT/hadoop-hdds-hadoop-dependency-server-0.6.0-SNAPSHOT.jar:/home/user/.m2/repository/org/apache/hadoop/hadoop-hdds-server-framework/0.6.0-SNAPSHOT/hadoop-hdds-server-framework-0.6.0-SNAPSHOT.jar:/home/user/.m2/repository/org/rocksdb/rocksdbjni/6.6.4/rocksdbjni-6.6.4.jar:/home/user/.m2/repository/io/prometheus/simpleclient_dropwizard/0.7.0/simpleclient_dropwizard-0.7.0.jar:/home/user/.m2/repository/io/prometheus/simpleclient/0.7.0/simpleclient-0.7.0.jar:/home/user/.m2/repository/io/prometheus/simpleclient_common/0.7.0/simpleclient_common-0.7.0.jar:/home/user/.m2/repository/com/fasterxml/jackson/datatype/jackson-datatype-jsr310/2.10.3/jackson-datatype-jsr310-2.10.3.jar:/home/user/.m2/repository/org/apache/hadoop/hadoop-hdds-docs/0.6.0-SNAPSHOT/hadoop-hdds-docs-0.6.0-SNAPSHOT.jar:/home/user/.m2/repository/io/dropwizard/metrics/metrics-core/3.2.4/metrics-core-3.2.4.jar:/home/user/.m2/repository/org/apache/hadoop/hadoop-hdfs-client/3.2.1/hadoop-hdfs-client-3.2.1.jar:/home/user/.m2/repository/org/bouncycastle/bcprov-jdk15on/1.60/bcprov-jdk15on-1.60.jar:/home/user/.m2/repository/org/apache/hadoop/hadoop-ozone-ozone-manager/0.6.0-SNAPSHOT/hadoop-ozone-ozone-manager-0.6.0-SNAPSHOT.jar:/home/user/.m2/repository/org/apache/hadoop/hadoop-minikdc/3.2.1/hadoop-minikdc-3.2.1.jar:/home/user/.m2/repository/org/apache/kerby/kerb-simplekdc/1.0.1/kerb-simplekdc-1.0.1.jar:/home/user/.m2/repository/org/apache/kerby/kerb-client/1.0.1/kerb-client-1.0.1.jar:/home/user/.m2/repository/org/apache/kerby/kerby-config/1.0.1/kerby-config-1.0.1.jar:/home/user/.m2/repository/org/apache/kerby/kerb-core/1.0.1/kerb-core-1.0.1.jar:/home/user/.m2/repository/org/apache/kerby/kerby-pkix/1.0.1/kerby-pkix-1.0.1.jar:/home/user/.m2/repository/org/apache/kerby/kerby-asn1/1.0.1/kerby-asn1-1.0.1.jar:/home/user/.m2/repository/org/apache/kerby/kerby-util/1.0.1/kerby-util-1.0.1.jar:/home/user/.m2/repository/org/apache/kerby/kerb-common/1.0.1/kerb-common-1.0.1.jar:/home/user/.m2/repository/org/apache/kerby/kerb-crypto/1.0.1/kerb-crypto-1.0.1.jar:/home/user/.m2/repository/org/apache/kerby/kerb-util/1.0.1/kerb-util-1.0.1.jar:/home/user/.m2/repository/org/apache/kerby/token-provider/1.0.1/token-provider-1.0.1.jar:/home/user/.m2/repository/org/apache/kerby/kerb-admin/1.0.1/kerb-admin-1.0.1.jar:/home/user/.m2/repository/org/apache/kerby/kerb-server/1.0.1/kerb-server-1.0.1.jar:/home/user/.m2/repository/org/apache/kerby/kerb-identity/1.0.1/kerb-identity-1.0.1.jar:/home/user/.m2/repository/org/apache/kerby/kerby-xdr/1.0.1/kerby-xdr-1.0.1.jar:/home/user/.m2/repository/org/slf4j/slf4j-log4j12/1.7.25/slf4j-log4j12-1.7.25.jar:/home/user/.m2/repository/org/apache/hadoop/hadoop-ozone-s3gateway/0.6.0-SNAPSHOT/hadoop-ozone-s3gateway-0.6.0-SNAPSHOT.jar:/home/user/.m2/repository/org/jboss/weld/servlet/weld-servlet/2.4.7.Final/weld-servlet-2.4.7.Final.jar:/home/user/.m2/repository/org/glassfish/jersey/containers/jersey-container-servlet-core/2.27/jersey-container-servlet-core-2.27.jar:/home/user/.m2/repository/org/glassfish/hk2/external/javax.inject/2.5.0-b42/javax.inject-2.5.0-b42.jar:/home/user/.m2/repository/org/glassfish/jersey/core/jersey-common/2.27/jersey-common-2.27.jar:/home/user/.m2/repository/org/glassfish/hk2/osgi-resource-locator/1.0.1/osgi-resource-locator-1.0.1.jar:/home/user/.m2/repository/javax/ws/rs/javax.ws.rs-api/2.1/javax.ws.rs-api-2.1.jar:/home/user/.m2/repository/org/glassfish/jersey/ext/cdi/jersey-cdi1x/2.27/jersey-cdi1x-2.27.jar:/home/user/.m2/repository/org/glassfish/jersey/inject/jersey-hk2/2.27/jersey-hk2-2.27.jar:/home/user/.m2/repository/org/glassfish/hk2/hk2-locator/2.5.0-b42/hk2-locator-2.5.0-b42.jar:/home/user/.m2/repository/org/javassist/javassist/3.22.0-CR2/javassist-3.22.0-CR2.jar:/home/user/.m2/repository/org/glassfish/hk2/hk2-api/2.5.0/hk2-api-2.5.0.jar:/home/user/.m2/repository/org/glassfish/hk2/external/jakarta.inject/2.5.0/jakarta.inject-2.5.0.jar:/home/user/.m2/repository/org/glassfish/hk2/hk2-utils/2.5.0/hk2-utils-2.5.0.jar:/home/user/.m2/repository/jakarta/annotation/jakarta.annotation-api/1.3.4/jakarta.annotation-api-1.3.4.jar:/home/user/.m2/repository/org/glassfish/hk2/external/aopalliance-repackaged/2.5.0/aopalliance-repackaged-2.5.0.jar:/home/user/.m2/repository/com/fasterxml/jackson/dataformat/jackson-dataformat-xml/2.10.3/jackson-dataformat-xml-2.10.3.jar:/home/user/.m2/repository/com/fasterxml/jackson/core/jackson-core/2.10.3/jackson-core-2.10.3.jar:/home/user/.m2/repository/com/fasterxml/jackson/module/jackson-module-jaxb-annotations/2.10.3/jackson-module-jaxb-annotations-2.10.3.jar:/home/user/.m2/repository/jakarta/xml/bind/jakarta.xml.bind-api/2.3.2/jakarta.xml.bind-api-2.3.2.jar:/home/user/.m2/repository/jakarta/activation/jakarta.activation-api/1.2.1/jakarta.activation-api-1.2.1.jar:/home/user/.m2/repository/org/codehaus/woodstox/stax2-api/3.1.4/stax2-api-3.1.4.jar:/home/user/.m2/repository/com/fasterxml/woodstox/woodstox-core/5.0.3/woodstox-core-5.0.3.jar:/home/user/.m2/repository/javax/enterprise/cdi-api/1.2/cdi-api-1.2.jar:/home/user/.m2/repository/javax/el/javax.el-api/3.0.0/javax.el-api-3.0.0.jar:/home/user/.m2/repository/javax/interceptor/javax.interceptor-api/1.2/javax.interceptor-api-1.2.jar:/home/user/.m2/repository/javax/inject/javax.inject/1/javax.inject-1.jar:/home/user/.m2/repository/com/sun/xml/bind/jaxb-impl/2.3.0.1/jaxb-impl-2.3.0.1.jar:/home/user/.m2/repository/com/sun/xml/bind/jaxb-core/2.3.0.1/jaxb-core-2.3.0.1.jar:/home/user/.m2/repository/javax/xml/bind/jaxb-api/2.3.0/jaxb-api-2.3.0.jar:/home/user/.m2/repository/javax/activation/activation/1.1.1/activation-1.1.1.jar:/home/user/.m2/repository/org/apache/hadoop/hadoop-ozone-csi/0.6.0-SNAPSHOT/hadoop-ozone-csi-0.6.0-SNAPSHOT.jar:/home/user/.m2/repository/com/google/protobuf/protobuf-java-util/3.11.0/protobuf-java-util-3.11.0.jar:/home/user/.m2/repository/com/google/code/gson/gson/2.2.4/gson-2.2.4.jar:/home/user/.m2/repository/org/apache/hadoop/hadoop-hdds-config/0.6.0-SNAPSHOT/hadoop-hdds-config-0.6.0-SNAPSHOT.jar:/home/user/.m2/repository/com/google/protobuf/protobuf-java/2.5.0/protobuf-java-2.5.0.jar:/home/user/.m2/repository/io/grpc/grpc-netty/1.29.0/grpc-netty-1.29.0.jar:/home/user/.m2/repository/io/grpc/grpc-core/1.29.0/grpc-core-1.29.0.jar:/home/user/.m2/repository/com/google/android/annotations/4.1.1.4/annotations-4.1.1.4.jar:/home/user/.m2/repository/io/perfmark/perfmark-api/0.19.0/perfmark-api-0.19.0.jar:/home/user/.m2/repository/io/netty/netty-codec-http2/4.1.48.Final/netty-codec-http2-4.1.48.Final.jar:/home/user/.m2/repository/io/netty/netty-codec/4.1.48.Final/netty-codec-4.1.48.Final.jar:/home/user/.m2/repository/io/netty/netty-handler/4.1.48.Final/netty-handler-4.1.48.Final.jar:/home/user/.m2/repository/io/netty/netty-codec-http/4.1.48.Final/netty-codec-http-4.1.48.Final.jar:/home/user/.m2/repository/io/netty/netty-handler-proxy/4.1.48.Final/netty-handler-proxy-4.1.48.Final.jar:/home/user/.m2/repository/io/netty/netty-codec-socks/4.1.48.Final/netty-codec-socks-4.1.48.Final.jar:/home/user/.m2/repository/io/netty/netty-transport-native-epoll/4.1.48.Final/netty-transport-native-epoll-4.1.48.Final.jar:/home/user/.m2/repository/io/netty/netty-common/4.1.48.Final/netty-common-4.1.48.Final.jar:/home/user/.m2/repository/io/netty/netty-buffer/4.1.48.Final/netty-buffer-4.1.48.Final.jar:/home/user/.m2/repository/io/netty/netty-transport/4.1.48.Final/netty-transport-4.1.48.Final.jar:/home/user/.m2/repository/io/netty/netty-resolver/4.1.48.Final/netty-resolver-4.1.48.Final.jar:/home/user/.m2/repository/io/netty/netty-transport-native-unix-common/4.1.48.Final/netty-transport-native-unix-common-4.1.48.Final.jar:/home/user/.m2/repository/io/grpc/grpc-protobuf/1.29.0/grpc-protobuf-1.29.0.jar:/home/user/.m2/repository/io/grpc/grpc-api/1.29.0/grpc-api-1.29.0.jar:/home/user/.m2/repository/io/grpc/grpc-context/1.29.0/grpc-context-1.29.0.jar:/home/user/.m2/repository/org/codehaus/mojo/animal-sniffer-annotations/1.18/animal-sniffer-annotations-1.18.jar:/home/user/.m2/repository/com/google/api/grpc/proto-google-common-protos/1.17.0/proto-google-common-protos-1.17.0.jar:/home/user/.m2/repository/io/grpc/grpc-protobuf-lite/1.29.0/grpc-protobuf-lite-1.29.0.jar:/home/user/.m2/repository/io/grpc/grpc-stub/1.29.0/grpc-stub-1.29.0.jar:/home/user/.m2/repository/org/apache/hadoop/hadoop-ozone-recon/0.6.0-SNAPSHOT/hadoop-ozone-recon-0.6.0-SNAPSHOT.jar:/home/user/.m2/repository/org/apache/hadoop/hadoop-ozone-reconcodegen/0.6.0-SNAPSHOT/hadoop-ozone-reconcodegen-0.6.0-SNAPSHOT.jar:/home/user/.m2/repository/com/google/inject/extensions/guice-multibindings/4.0/guice-multibindings-4.0.jar:/home/user/.m2/repository/com/google/inject/guice/4.0/guice-4.0.jar:/home/user/.m2/repository/aopalliance/aopalliance/1.0/aopalliance-1.0.jar:/home/user/.m2/repository/com/google/inject/extensions/guice-assistedinject/4.0/guice-assistedinject-4.0.jar:/home/user/.m2/repository/com/google/inject/extensions/guice-servlet/4.0/guice-servlet-4.0.jar:/home/user/.m2/repository/org/glassfish/jersey/containers/jersey-container-servlet/2.27/jersey-container-servlet-2.27.jar:/home/user/.m2/repository/org/glassfish/hk2/guice-bridge/2.5.0/guice-bridge-2.5.0.jar:/home/user/.m2/repository/org/glassfish/jersey/core/jersey-server/2.27/jersey-server-2.27.jar:/home/user/.m2/repository/org/glassfish/jersey/core/jersey-client/2.27/jersey-client-2.27.jar:/home/user/.m2/repository/org/glassfish/jersey/media/jersey-media-jaxb/2.27/jersey-media-jaxb-2.27.jar:/home/user/.m2/repository/javax/validation/validation-api/1.1.0.Final/validation-api-1.1.0.Final.jar:/home/user/.m2/repository/org/glassfish/jersey/media/jersey-media-json-jackson/2.27/jersey-media-json-jackson-2.27.jar:/home/user/.m2/repository/org/glassfish/jersey/ext/jersey-entity-filtering/2.27/jersey-entity-filtering-2.27.jar:/home/user/.m2/repository/org/jooq/jooq/3.11.10/jooq-3.11.10.jar:/home/user/.m2/repository/org/jooq/jooq-meta/3.11.10/jooq-meta-3.11.10.jar:/home/user/.m2/repository/org/jooq/jooq-codegen/3.11.10/jooq-codegen-3.11.10.jar:/home/user/.m2/repository/com/jolbox/bonecp/0.8.0.RELEASE/bonecp-0.8.0.RELEASE.jar:/home/user/.m2/repository/org/apache/derby/derby/10.14.2.0/derby-10.14.2.0.jar:/home/user/.m2/repository/org/xerial/sqlite-jdbc/3.25.2/sqlite-jdbc-3.25.2.jar:/home/user/.m2/repository/org/springframework/spring-jdbc/5.2.5.RELEASE/spring-jdbc-5.2.5.RELEASE.jar:/home/user/.m2/repository/org/springframework/spring-beans/5.2.5.RELEASE/spring-beans-5.2.5.RELEASE.jar:/home/user/.m2/repository/org/springframework/spring-core/5.2.5.RELEASE/spring-core-5.2.5.RELEASE.jar:/home/user/.m2/repository/org/springframework/spring-jcl/5.2.5.RELEASE/spring-jcl-5.2.5.RELEASE.jar:/home/user/.m2/repository/org/springframework/spring-tx/5.2.5.RELEASE/spring-tx-5.2.5.RELEASE.jar:/home/user/.m2/repository/org/apache/hadoop/hadoop-ozone-client/0.6.0-SNAPSHOT/hadoop-ozone-client-0.6.0-SNAPSHOT.jar:/home/user/.m2/repository/org/apache/hadoop/hadoop-ozone-filesystem/0.6.0-SNAPSHOT/hadoop-ozone-filesystem-0.6.0-SNAPSHOT.jar:/home/user/.m2/repository/org/apache/hadoop/hadoop-hdds-hadoop-dependency-client/0.6.0-SNAPSHOT/hadoop-hdds-hadoop-dependency-client-0.6.0-SNAPSHOT.jar:/home/user/.m2/repository/org/apache/hadoop/hadoop-ozone-tools/0.6.0-SNAPSHOT/hadoop-ozone-tools-0.6.0-SNAPSHOT.jar:/home/user/.m2/repository/org/apache/hadoop/hadoop-hdfs/3.2.1/hadoop-hdfs-3.2.1.jar:/home/user/.m2/repository/org/apache/ratis/ratis-tools/0.6.0-cac3336-SNAPSHOT/ratis-tools-0.6.0-cac3336-SNAPSHOT.jar:/home/user/.m2/repository/org/apache/ratis/ratis-proto/0.6.0-cac3336-SNAPSHOT/ratis-proto-0.6.0-cac3336-SNAPSHOT.jar:/home/user/.m2/repository/org/apache/ratis/ratis-common/0.6.0-cac3336-SNAPSHOT/ratis-common-0.6.0-cac3336-SNAPSHOT.jar:/home/user/.m2/repository/com/amazonaws/aws-java-sdk-core/1.11.615/aws-java-sdk-core-1.11.615.jar:/home/user/.m2/repository/org/apache/httpcomponents/httpclient/4.5.2/httpclient-4.5.2.jar:/home/user/.m2/repository/org/apache/httpcomponents/httpcore/4.4.4/httpcore-4.4.4.jar:/home/user/.m2/repository/software/amazon/ion/ion-java/1.0.2/ion-java-1.0.2.jar:/home/user/.m2/repository/com/fasterxml/jackson/dataformat/jackson-dataformat-cbor/2.10.3/jackson-dataformat-cbor-2.10.3.jar:/home/user/.m2/repository/joda-time/joda-time/2.8.1/joda-time-2.8.1.jar:/home/user/.m2/repository/com/amazonaws/aws-java-sdk-s3/1.11.615/aws-java-sdk-s3-1.11.615.jar:/home/user/.m2/repository/com/amazonaws/aws-java-sdk-kms/1.11.615/aws-java-sdk-kms-1.11.615.jar:/home/user/.m2/repository/com/amazonaws/jmespath-java/1.11.615/jmespath-java-1.11.615.jar:/home/user/.m2/repository/org/apache/hadoop/hadoop-hdds-tools/0.6.0-SNAPSHOT/hadoop-hdds-tools-0.6.0-SNAPSHOT.jar:/home/user/.m2/repository/commons-cli/commons-cli/1.2/commons-cli-1.2.jar:/home/user/.m2/repository/org/apache/commons/commons-lang3/3.7/commons-lang3-3.7.jar:/home/user/.m2/repository/org/apache/hadoop/hadoop-ozone-ozone-manager/0.6.0-SNAPSHOT/hadoop-ozone-ozone-manager-0.6.0-SNAPSHOT-tests.jar:/home/user/.m2/repository/junit/junit/4.11/junit-4.11.jar:/home/user/.m2/repository/org/hamcrest/hamcrest-core/1.3/hamcrest-core-1.3.jar:/home/user/.m2/repository/org/openjdk/jmh/jmh-core/1.19/jmh-core-1.19.jar:/home/user/.m2/repository/net/sf/jopt-simple/jopt-simple/4.6/jopt-simple-4.6.jar:/home/user/.m2/repository/org/apache/commons/commons-math3/3.1.1/commons-math3-3.1.1.jar:/home/user/.m2/repository/org/openjdk/jmh/jmh-generator-annprocess/1.19/jmh-generator-annprocess-1.19.jar:/home/user/.m2/repository/org/mockito/mockito-all/1.8.5/mockito-all-1.8.5.jar:/home/user/.m2/repository/org/apache/hadoop/hadoop-kms/3.2.1/hadoop-kms-3.2.1.jar:/home/user/.m2/repository/org/apache/hadoop/hadoop-auth/3.2.1/hadoop-auth-3.2.1.jar:/home/user/.m2/repository/com/nimbusds/nimbus-jose-jwt/7.9/nimbus-jose-jwt-7.9.jar:/home/user/.m2/repository/com/github/stephenc/jcip/jcip-annotations/1.0-1/jcip-annotations-1.0-1.jar:/home/user/.m2/repository/net/minidev/json-smart/2.3/json-smart-2.3.jar:/home/user/.m2/repository/net/minidev/accessors-smart/1.2/accessors-smart-1.2.jar:/home/user/.m2/repository/org/ow2/asm/asm/5.0.4/asm-5.0.4.jar:/home/user/.m2/repository/org/apache/zookeeper/zookeeper/3.4.13/zookeeper-3.4.13.jar:/home/user/.m2/repository/org/apache/yetus/audience-annotations/0.5.0/audience-annotations-0.5.0.jar:/home/user/.m2/repository/org/apache/curator/curator-framework/2.13.0/curator-framework-2.13.0.jar:/home/user/.m2/repository/com/sun/jersey/jersey-core/1.19/jersey-core-1.19.jar:/home/user/.m2/repository/javax/ws/rs/jsr311-api/1.1.1/jsr311-api-1.1.1.jar:/home/user/.m2/repository/com/sun/jersey/jersey-server/1.19/jersey-server-1.19.jar:/home/user/.m2/repository/javax/servlet/javax.servlet-api/3.1.0/javax.servlet-api-3.1.0.jar:/home/user/.m2/repository/org/eclipse/jetty/jetty-server/9.4.26.v20200117/jetty-server-9.4.26.v20200117.jar:/home/user/.m2/repository/org/eclipse/jetty/jetty-http/9.4.26.v20200117/jetty-http-9.4.26.v20200117.jar:/home/user/.m2/repository/org/eclipse/jetty/jetty-io/9.4.26.v20200117/jetty-io-9.4.26.v20200117.jar:/home/user/.m2/repository/org/eclipse/jetty/jetty-webapp/9.4.26.v20200117/jetty-webapp-9.4.26.v20200117.jar:/home/user/.m2/repository/org/eclipse/jetty/jetty-xml/9.4.26.v20200117/jetty-xml-9.4.26.v20200117.jar:/home/user/.m2/repository/org/eclipse/jetty/jetty-servlet/9.4.26.v20200117/jetty-servlet-9.4.26.v20200117.jar:/home/user/.m2/repository/org/eclipse/jetty/jetty-security/9.4.26.v20200117/jetty-security-9.4.26.v20200117.jar:/home/user/.m2/repository/org/apache/hadoop/hadoop-common/3.2.1/hadoop-common-3.2.1.jar:/home/user/.m2/repository/commons-net/commons-net/3.6/commons-net-3.6.jar:/home/user/.m2/repository/commons-collections/commons-collections/3.2.2/commons-collections-3.2.2.jar:/home/user/.m2/repository/com/sun/jersey/jersey-servlet/1.19/jersey-servlet-1.19.jar:/home/user/.m2/repository/com/sun/jersey/jersey-json/1.19/jersey-json-1.19.jar:/home/user/.m2/repository/org/codehaus/jettison/jettison/1.1/jettison-1.1.jar:/home/user/.m2/repository/org/codehaus/jackson/jackson-jaxrs/1.9.2/jackson-jaxrs-1.9.2.jar:/home/user/.m2/repository/org/codehaus/jackson/jackson-xc/1.9.2/jackson-xc-1.9.2.jar:/home/user/.m2/repository/commons-beanutils/commons-beanutils/1.9.4/commons-beanutils-1.9.4.jar:/home/user/.m2/repository/org/apache/commons/commons-configuration2/2.1.1/commons-configuration2-2.1.1.jar:/home/user/.m2/repository/org/apache/commons/commons-text/1.4/commons-text-1.4.jar:/home/user/.m2/repository/com/google/re2j/re2j/1.1/re2j-1.1.jar:/home/user/.m2/repository/com/jcraft/jsch/0.1.54/jsch-0.1.54.jar:/home/user/.m2/repository/org/apache/curator/curator-client/2.13.0/curator-client-2.13.0.jar:/home/user/.m2/repository/org/apache/curator/curator-recipes/2.13.0/curator-recipes-2.13.0.jar:/home/user/.m2/repository/dnsjava/dnsjava/2.1.7/dnsjava-2.1.7.jar:/home/user/.m2/repository/org/slf4j/jul-to-slf4j/1.7.25/jul-to-slf4j-1.7.25.jar:/home/user/.m2/repository/org/eclipse/jetty/jetty-util/9.4.26.v20200117/jetty-util-9.4.26.v20200117.jar:/home/user/.m2/repository/com/fasterxml/jackson/core/jackson-databind/2.10.3/jackson-databind-2.10.3.jar:/home/user/.m2/repository/org/apache/hadoop/hadoop-kms/3.2.1/hadoop-kms-3.2.1-tests.jar:/home/user/.m2/repository/org/apache/hadoop/hadoop-hdds-server-scm/0.6.0-SNAPSHOT/hadoop-hdds-server-scm-0.6.0-SNAPSHOT-tests.jar:/home/user/.m2/repository/org/apache/hadoop/hadoop-hdds-container-service/0.6.0-SNAPSHOT/hadoop-hdds-container-service-0.6.0-SNAPSHOT-tests.jar:/home/user/.m2/repository/org/apache/hadoop/hadoop-hdds-common/0.6.0-SNAPSHOT/hadoop-hdds-common-0.6.0-SNAPSHOT-tests.jar:/home/user/.m2/repository/org/yaml/snakeyaml/1.16/snakeyaml-1.16.jar:/home/user/.m2/repository/org/apache/hadoop/hadoop-hdds-hadoop-dependency-test/0.6.0-SNAPSHOT/hadoop-hdds-hadoop-dependency-test-0.6.0-SNAPSHOT.jar:/home/user/.m2/repository/org/apache/hadoop/hadoop-common/3.2.1/hadoop-common-3.2.1-tests.jar:/home/user/.m2/repository/javax/servlet/jsp/jsp-api/2.1/jsp-api-2.1.jar:/home/user/.m2/repository/org/apache/hadoop/hadoop-hdfs/3.2.1/hadoop-hdfs-3.2.1-tests.jar:/home/user/.m2/repository/org/eclipse/jetty/jetty-util-ajax/9.4.26.v20200117/jetty-util-ajax-9.4.26.v20200117.jar:/home/user/.m2/repository/commons-codec/commons-codec/1.11/commons-codec-1.11.jar:/home/user/.m2/repository/commons-daemon/commons-daemon/1.0.13/commons-daemon-1.0.13.jar:/home/user/.m2/repository/io/netty/netty/3.10.5.Final/netty-3.10.5.Final.jar:/home/user/.m2/repository/io/netty/netty-all/4.1.48.Final/netty-all-4.1.48.Final.jar:/home/user/.m2/repository/org/apache/htrace/htrace-core4/4.1.0-incubating/htrace-core4-4.1.0-incubating.jar:/home/user/.m2/repository/org/fusesource/leveldbjni/leveldbjni-all/1.8/leveldbjni-all-1.8.jar:/home/user/.m2/repository/org/apache/hadoop/hadoop-distcp/3.2.1/hadoop-distcp-3.2.1.jar:/home/user/.m2/repository/org/apache/hadoop/hadoop-mapreduce-client-jobclient/3.2.1/hadoop-mapreduce-client-jobclient-3.2.1.jar:/home/user/.m2/repository/org/apache/hadoop/hadoop-mapreduce-client-common/3.2.1/hadoop-mapreduce-client-common-3.2.1.jar:/home/user/.m2/repository/org/apache/hadoop/hadoop-yarn-common/3.2.1/hadoop-yarn-common-3.2.1.jar:/home/user/.m2/repository/org/apache/hadoop/hadoop-yarn-api/3.2.1/hadoop-yarn-api-3.2.1.jar:/home/user/.m2/repository/com/sun/jersey/jersey-client/1.19/jersey-client-1.19.jar:/home/user/.m2/repository/com/sun/jersey/contribs/jersey-guice/1.19/jersey-guice-1.19.jar:/home/user/.m2/repository/com/fasterxml/jackson/jaxrs/jackson-jaxrs-json-provider/2.10.3/jackson-jaxrs-json-provider-2.10.3.jar:/home/user/.m2/repository/com/fasterxml/jackson/jaxrs/jackson-jaxrs-base/2.10.3/jackson-jaxrs-base-2.10.3.jar:/home/user/.m2/repository/org/apache/hadoop/hadoop-yarn-client/3.2.1/hadoop-yarn-client-3.2.1.jar:/home/user/.m2/repository/org/apache/hadoop/hadoop-mapreduce-client-core/3.2.1/hadoop-mapreduce-client-core-3.2.1.jar:/home/user/.m2/repository/org/apache/avro/avro/1.7.7/avro-1.7.7.jar:/home/user/.m2/repository/org/codehaus/jackson/jackson-core-asl/1.9.13/jackson-core-asl-1.9.13.jar:/home/user/.m2/repository/org/codehaus/jackson/jackson-mapper-asl/1.9.13/jackson-mapper-asl-1.9.13.jar:/home/user/.m2/repository/com/thoughtworks/paranamer/paranamer/2.3/paranamer-2.3.jar:/home/user/.m2/repository/org/xerial/snappy/snappy-java/1.0.5/snappy-java-1.0.5.jar:/home/user/.m2/repository/org/apache/hadoop/hadoop-annotations/3.2.1/hadoop-annotations-3.2.1.jar:/usr/lib/jvm/java-1.8.0-openjdk-1.8.0.232.b09-0.el7_7.x86_64/jre/../lib/tools.jar:/home/user/.m2/repository/org/apache/hadoop/hadoop-distcp/3.2.1/hadoop-distcp-3.2.1-tests.jar:"/>
    <property name="java.vm.vendor" value="Oracle Corporation"/>
    <property name="sun.arch.data.model" value="64"/>
    <property name="test.build.dir" value="/github/workspace/mnt/ozone/hadoop-ozone/integration-test/target/test-dir"/>
    <property name="test.cache.data" value=""/>
    <property name="java.vendor.url" value="http://java.oracle.com/"/>
    <property name="user.timezone" value=""/>
    <property name="java.vm.specification.version" value="1.8"/>
    <property name="os.name" value="Linux"/>
    <property name="test.build.data" value="/github/workspace/mnt/ozone/hadoop-ozone/integration-test/target/test-dir"/>
    <property name="user.country" value="US"/>
    <property name="sun.java.launcher" value="SUN_STANDARD"/>
    <property name="sun.boot.library.path" value="/usr/lib/jvm/java-1.8.0-openjdk-1.8.0.232.b09-0.el7_7.x86_64/jre/lib/amd64"/>
    <property name="sun.java.command" value="/github/workspace/mnt/ozone/hadoop-ozone/integration-test/target/surefire/surefirebooter2738613102448532427.jar /github/workspace/mnt/ozone/hadoop-ozone/integration-test/target/surefire 2020-06-02T22-39-55_609-jvmRun1 surefire172542456430119891tmp surefire_364704859134241329088tmp"/>
    <property name="surefire.test.class.path" value="/github/workspace/mnt/ozone/hadoop-ozone/integration-test/target/test-classes:/github/workspace/mnt/ozone/hadoop-ozone/integration-test/target/classes:/home/user/.m2/repository/org/apache/hadoop/hadoop-ozone-common/0.6.0-SNAPSHOT/hadoop-ozone-common-0.6.0-SNAPSHOT.jar:/home/user/.m2/repository/org/apache/commons/commons-compress/1.4.1/commons-compress-1.4.1.jar:/home/user/.m2/repository/org/tukaani/xz/1.0/xz-1.0.jar:/home/user/.m2/repository/org/apache/hadoop/hadoop-hdds-common/0.6.0-SNAPSHOT/hadoop-hdds-common-0.6.0-SNAPSHOT.jar:/home/user/.m2/repository/info/picocli/picocli/3.9.6/picocli-3.9.6.jar:/home/user/.m2/repository/com/fasterxml/jackson/core/jackson-annotations/2.10.3/jackson-annotations-2.10.3.jar:/home/user/.m2/repository/javax/annotation/javax.annotation-api/1.2/javax.annotation-api-1.2.jar:/home/user/.m2/repository/org/apache/ratis/ratis-server/0.6.0-cac3336-SNAPSHOT/ratis-server-0.6.0-cac3336-SNAPSHOT.jar:/home/user/.m2/repository/org/apache/ratis/ratis-thirdparty-misc/0.4.0/ratis-thirdparty-misc-0.4.0.jar:/home/user/.m2/repository/org/apache/ratis/ratis-client/0.6.0-cac3336-SNAPSHOT/ratis-client-0.6.0-cac3336-SNAPSHOT.jar:/home/user/.m2/repository/org/apache/ratis/ratis-metrics/0.6.0-cac3336-SNAPSHOT/ratis-metrics-0.6.0-cac3336-SNAPSHOT.jar:/home/user/.m2/repository/org/apache/ratis/ratis-netty/0.6.0-cac3336-SNAPSHOT/ratis-netty-0.6.0-cac3336-SNAPSHOT.jar:/home/user/.m2/repository/org/apache/ratis/ratis-grpc/0.6.0-cac3336-SNAPSHOT/ratis-grpc-0.6.0-cac3336-SNAPSHOT.jar:/home/user/.m2/repository/org/apache/logging/log4j/log4j-api/2.11.0/log4j-api-2.11.0.jar:/home/user/.m2/repository/org/apache/logging/log4j/log4j-core/2.11.0/log4j-core-2.11.0.jar:/home/user/.m2/repository/com/lmax/disruptor/3.4.2/disruptor-3.4.2.jar:/home/user/.m2/repository/org/apache/commons/commons-pool2/2.6.0/commons-pool2-2.6.0.jar:/home/user/.m2/repository/org/bouncycastle/bcpkix-jdk15on/1.60/bcpkix-jdk15on-1.60.jar:/home/user/.m2/repository/commons-validator/commons-validator/1.6/commons-validator-1.6.jar:/home/user/.m2/repository/commons-digester/commons-digester/1.8.1/commons-digester-1.8.1.jar:/home/user/.m2/repository/io/jaegertracing/jaeger-client/1.2.0/jaeger-client-1.2.0.jar:/home/user/.m2/repository/io/jaegertracing/jaeger-thrift/1.2.0/jaeger-thrift-1.2.0.jar:/home/user/.m2/repository/org/apache/thrift/libthrift/0.13.0/libthrift-0.13.0.jar:/home/user/.m2/repository/com/squareup/okhttp3/okhttp/4.2.2/okhttp-4.2.2.jar:/home/user/.m2/repository/com/squareup/okio/okio/2.2.2/okio-2.2.2.jar:/home/user/.m2/repository/org/jetbrains/kotlin/kotlin-stdlib/1.3.50/kotlin-stdlib-1.3.50.jar:/home/user/.m2/repository/org/jetbrains/kotlin/kotlin-stdlib-common/1.3.50/kotlin-stdlib-common-1.3.50.jar:/home/user/.m2/repository/org/jetbrains/annotations/13.0/annotations-13.0.jar:/home/user/.m2/repository/io/jaegertracing/jaeger-core/1.2.0/jaeger-core-1.2.0.jar:/home/user/.m2/repository/io/jaegertracing/jaeger-tracerresolver/1.2.0/jaeger-tracerresolver-1.2.0.jar:/home/user/.m2/repository/io/opentracing/contrib/opentracing-tracerresolver/0.1.8/opentracing-tracerresolver-0.1.8.jar:/home/user/.m2/repository/io/opentracing/opentracing-util/0.33.0/opentracing-util-0.33.0.jar:/home/user/.m2/repository/io/opentracing/opentracing-api/0.33.0/opentracing-api-0.33.0.jar:/home/user/.m2/repository/io/opentracing/opentracing-noop/0.33.0/opentracing-noop-0.33.0.jar:/home/user/.m2/repository/org/apache/hadoop/hadoop-hdds-client/0.6.0-SNAPSHOT/hadoop-hdds-client-0.6.0-SNAPSHOT.jar:/home/user/.m2/repository/org/apache/hadoop/hadoop-hdds-test-utils/0.6.0-SNAPSHOT/hadoop-hdds-test-utils-0.6.0-SNAPSHOT.jar:/home/user/.m2/repository/com/google/guava/guava/28.2-jre/guava-28.2-jre.jar:/home/user/.m2/repository/com/google/guava/failureaccess/1.0.1/failureaccess-1.0.1.jar:/home/user/.m2/repository/com/google/guava/listenablefuture/9999.0-empty-to-avoid-conflict-with-guava/listenablefuture-9999.0-empty-to-avoid-conflict-with-guava.jar:/home/user/.m2/repository/com/google/code/findbugs/jsr305/3.0.0/jsr305-3.0.0.jar:/home/user/.m2/repository/org/checkerframework/checker-qual/2.10.0/checker-qual-2.10.0.jar:/home/user/.m2/repository/com/google/errorprone/error_prone_annotations/2.2.0/error_prone_annotations-2.2.0.jar:/home/user/.m2/repository/com/google/j2objc/j2objc-annotations/1.3/j2objc-annotations-1.3.jar:/home/user/.m2/repository/commons-io/commons-io/2.5/commons-io-2.5.jar:/home/user/.m2/repository/commons-logging/commons-logging/1.2/commons-logging-1.2.jar:/home/user/.m2/repository/log4j/log4j/1.2.17/log4j-1.2.17.jar:/home/user/.m2/repository/org/slf4j/slf4j-api/1.7.25/slf4j-api-1.7.25.jar:/home/user/.m2/repository/org/apache/hadoop/hadoop-hdds-server-scm/0.6.0-SNAPSHOT/hadoop-hdds-server-scm-0.6.0-SNAPSHOT.jar:/home/user/.m2/repository/org/apache/hadoop/hadoop-hdds-container-service/0.6.0-SNAPSHOT/hadoop-hdds-container-service-0.6.0-SNAPSHOT.jar:/home/user/.m2/repository/org/apache/hadoop/hadoop-hdds-hadoop-dependency-server/0.6.0-SNAPSHOT/hadoop-hdds-hadoop-dependency-server-0.6.0-SNAPSHOT.jar:/home/user/.m2/repository/org/apache/hadoop/hadoop-hdds-server-framework/0.6.0-SNAPSHOT/hadoop-hdds-server-framework-0.6.0-SNAPSHOT.jar:/home/user/.m2/repository/org/rocksdb/rocksdbjni/6.6.4/rocksdbjni-6.6.4.jar:/home/user/.m2/repository/io/prometheus/simpleclient_dropwizard/0.7.0/simpleclient_dropwizard-0.7.0.jar:/home/user/.m2/repository/io/prometheus/simpleclient/0.7.0/simpleclient-0.7.0.jar:/home/user/.m2/repository/io/prometheus/simpleclient_common/0.7.0/simpleclient_common-0.7.0.jar:/home/user/.m2/repository/com/fasterxml/jackson/datatype/jackson-datatype-jsr310/2.10.3/jackson-datatype-jsr310-2.10.3.jar:/home/user/.m2/repository/org/apache/hadoop/hadoop-hdds-docs/0.6.0-SNAPSHOT/hadoop-hdds-docs-0.6.0-SNAPSHOT.jar:/home/user/.m2/repository/io/dropwizard/metrics/metrics-core/3.2.4/metrics-core-3.2.4.jar:/home/user/.m2/repository/org/apache/hadoop/hadoop-hdfs-client/3.2.1/hadoop-hdfs-client-3.2.1.jar:/home/user/.m2/repository/org/bouncycastle/bcprov-jdk15on/1.60/bcprov-jdk15on-1.60.jar:/home/user/.m2/repository/org/apache/hadoop/hadoop-ozone-ozone-manager/0.6.0-SNAPSHOT/hadoop-ozone-ozone-manager-0.6.0-SNAPSHOT.jar:/home/user/.m2/repository/org/apache/hadoop/hadoop-minikdc/3.2.1/hadoop-minikdc-3.2.1.jar:/home/user/.m2/repository/org/apache/kerby/kerb-simplekdc/1.0.1/kerb-simplekdc-1.0.1.jar:/home/user/.m2/repository/org/apache/kerby/kerb-client/1.0.1/kerb-client-1.0.1.jar:/home/user/.m2/repository/org/apache/kerby/kerby-config/1.0.1/kerby-config-1.0.1.jar:/home/user/.m2/repository/org/apache/kerby/kerb-core/1.0.1/kerb-core-1.0.1.jar:/home/user/.m2/repository/org/apache/kerby/kerby-pkix/1.0.1/kerby-pkix-1.0.1.jar:/home/user/.m2/repository/org/apache/kerby/kerby-asn1/1.0.1/kerby-asn1-1.0.1.jar:/home/user/.m2/repository/org/apache/kerby/kerby-util/1.0.1/kerby-util-1.0.1.jar:/home/user/.m2/repository/org/apache/kerby/kerb-common/1.0.1/kerb-common-1.0.1.jar:/home/user/.m2/repository/org/apache/kerby/kerb-crypto/1.0.1/kerb-crypto-1.0.1.jar:/home/user/.m2/repository/org/apache/kerby/kerb-util/1.0.1/kerb-util-1.0.1.jar:/home/user/.m2/repository/org/apache/kerby/token-provider/1.0.1/token-provider-1.0.1.jar:/home/user/.m2/repository/org/apache/kerby/kerb-admin/1.0.1/kerb-admin-1.0.1.jar:/home/user/.m2/repository/org/apache/kerby/kerb-server/1.0.1/kerb-server-1.0.1.jar:/home/user/.m2/repository/org/apache/kerby/kerb-identity/1.0.1/kerb-identity-1.0.1.jar:/home/user/.m2/repository/org/apache/kerby/kerby-xdr/1.0.1/kerby-xdr-1.0.1.jar:/home/user/.m2/repository/org/slf4j/slf4j-log4j12/1.7.25/slf4j-log4j12-1.7.25.jar:/home/user/.m2/repository/org/apache/hadoop/hadoop-ozone-s3gateway/0.6.0-SNAPSHOT/hadoop-ozone-s3gateway-0.6.0-SNAPSHOT.jar:/home/user/.m2/repository/org/jboss/weld/servlet/weld-servlet/2.4.7.Final/weld-servlet-2.4.7.Final.jar:/home/user/.m2/repository/org/glassfish/jersey/containers/jersey-container-servlet-core/2.27/jersey-container-servlet-core-2.27.jar:/home/user/.m2/repository/org/glassfish/hk2/external/javax.inject/2.5.0-b42/javax.inject-2.5.0-b42.jar:/home/user/.m2/repository/org/glassfish/jersey/core/jersey-common/2.27/jersey-common-2.27.jar:/home/user/.m2/repository/org/glassfish/hk2/osgi-resource-locator/1.0.1/osgi-resource-locator-1.0.1.jar:/home/user/.m2/repository/javax/ws/rs/javax.ws.rs-api/2.1/javax.ws.rs-api-2.1.jar:/home/user/.m2/repository/org/glassfish/jersey/ext/cdi/jersey-cdi1x/2.27/jersey-cdi1x-2.27.jar:/home/user/.m2/repository/org/glassfish/jersey/inject/jersey-hk2/2.27/jersey-hk2-2.27.jar:/home/user/.m2/repository/org/glassfish/hk2/hk2-locator/2.5.0-b42/hk2-locator-2.5.0-b42.jar:/home/user/.m2/repository/org/javassist/javassist/3.22.0-CR2/javassist-3.22.0-CR2.jar:/home/user/.m2/repository/org/glassfish/hk2/hk2-api/2.5.0/hk2-api-2.5.0.jar:/home/user/.m2/repository/org/glassfish/hk2/external/jakarta.inject/2.5.0/jakarta.inject-2.5.0.jar:/home/user/.m2/repository/org/glassfish/hk2/hk2-utils/2.5.0/hk2-utils-2.5.0.jar:/home/user/.m2/repository/jakarta/annotation/jakarta.annotation-api/1.3.4/jakarta.annotation-api-1.3.4.jar:/home/user/.m2/repository/org/glassfish/hk2/external/aopalliance-repackaged/2.5.0/aopalliance-repackaged-2.5.0.jar:/home/user/.m2/repository/com/fasterxml/jackson/dataformat/jackson-dataformat-xml/2.10.3/jackson-dataformat-xml-2.10.3.jar:/home/user/.m2/repository/com/fasterxml/jackson/core/jackson-core/2.10.3/jackson-core-2.10.3.jar:/home/user/.m2/repository/com/fasterxml/jackson/module/jackson-module-jaxb-annotations/2.10.3/jackson-module-jaxb-annotations-2.10.3.jar:/home/user/.m2/repository/jakarta/xml/bind/jakarta.xml.bind-api/2.3.2/jakarta.xml.bind-api-2.3.2.jar:/home/user/.m2/repository/jakarta/activation/jakarta.activation-api/1.2.1/jakarta.activation-api-1.2.1.jar:/home/user/.m2/repository/org/codehaus/woodstox/stax2-api/3.1.4/stax2-api-3.1.4.jar:/home/user/.m2/repository/com/fasterxml/woodstox/woodstox-core/5.0.3/woodstox-core-5.0.3.jar:/home/user/.m2/repository/javax/enterprise/cdi-api/1.2/cdi-api-1.2.jar:/home/user/.m2/repository/javax/el/javax.el-api/3.0.0/javax.el-api-3.0.0.jar:/home/user/.m2/repository/javax/interceptor/javax.interceptor-api/1.2/javax.interceptor-api-1.2.jar:/home/user/.m2/repository/javax/inject/javax.inject/1/javax.inject-1.jar:/home/user/.m2/repository/com/sun/xml/bind/jaxb-impl/2.3.0.1/jaxb-impl-2.3.0.1.jar:/home/user/.m2/repository/com/sun/xml/bind/jaxb-core/2.3.0.1/jaxb-core-2.3.0.1.jar:/home/user/.m2/repository/javax/xml/bind/jaxb-api/2.3.0/jaxb-api-2.3.0.jar:/home/user/.m2/repository/javax/activation/activation/1.1.1/activation-1.1.1.jar:/home/user/.m2/repository/org/apache/hadoop/hadoop-ozone-csi/0.6.0-SNAPSHOT/hadoop-ozone-csi-0.6.0-SNAPSHOT.jar:/home/user/.m2/repository/com/google/protobuf/protobuf-java-util/3.11.0/protobuf-java-util-3.11.0.jar:/home/user/.m2/repository/com/google/code/gson/gson/2.2.4/gson-2.2.4.jar:/home/user/.m2/repository/org/apache/hadoop/hadoop-hdds-config/0.6.0-SNAPSHOT/hadoop-hdds-config-0.6.0-SNAPSHOT.jar:/home/user/.m2/repository/com/google/protobuf/protobuf-java/2.5.0/protobuf-java-2.5.0.jar:/home/user/.m2/repository/io/grpc/grpc-netty/1.29.0/grpc-netty-1.29.0.jar:/home/user/.m2/repository/io/grpc/grpc-core/1.29.0/grpc-core-1.29.0.jar:/home/user/.m2/repository/com/google/android/annotations/4.1.1.4/annotations-4.1.1.4.jar:/home/user/.m2/repository/io/perfmark/perfmark-api/0.19.0/perfmark-api-0.19.0.jar:/home/user/.m2/repository/io/netty/netty-codec-http2/4.1.48.Final/netty-codec-http2-4.1.48.Final.jar:/home/user/.m2/repository/io/netty/netty-codec/4.1.48.Final/netty-codec-4.1.48.Final.jar:/home/user/.m2/repository/io/netty/netty-handler/4.1.48.Final/netty-handler-4.1.48.Final.jar:/home/user/.m2/repository/io/netty/netty-codec-http/4.1.48.Final/netty-codec-http-4.1.48.Final.jar:/home/user/.m2/repository/io/netty/netty-handler-proxy/4.1.48.Final/netty-handler-proxy-4.1.48.Final.jar:/home/user/.m2/repository/io/netty/netty-codec-socks/4.1.48.Final/netty-codec-socks-4.1.48.Final.jar:/home/user/.m2/repository/io/netty/netty-transport-native-epoll/4.1.48.Final/netty-transport-native-epoll-4.1.48.Final.jar:/home/user/.m2/repository/io/netty/netty-common/4.1.48.Final/netty-common-4.1.48.Final.jar:/home/user/.m2/repository/io/netty/netty-buffer/4.1.48.Final/netty-buffer-4.1.48.Final.jar:/home/user/.m2/repository/io/netty/netty-transport/4.1.48.Final/netty-transport-4.1.48.Final.jar:/home/user/.m2/repository/io/netty/netty-resolver/4.1.48.Final/netty-resolver-4.1.48.Final.jar:/home/user/.m2/repository/io/netty/netty-transport-native-unix-common/4.1.48.Final/netty-transport-native-unix-common-4.1.48.Final.jar:/home/user/.m2/repository/io/grpc/grpc-protobuf/1.29.0/grpc-protobuf-1.29.0.jar:/home/user/.m2/repository/io/grpc/grpc-api/1.29.0/grpc-api-1.29.0.jar:/home/user/.m2/repository/io/grpc/grpc-context/1.29.0/grpc-context-1.29.0.jar:/home/user/.m2/repository/org/codehaus/mojo/animal-sniffer-annotations/1.18/animal-sniffer-annotations-1.18.jar:/home/user/.m2/repository/com/google/api/grpc/proto-google-common-protos/1.17.0/proto-google-common-protos-1.17.0.jar:/home/user/.m2/repository/io/grpc/grpc-protobuf-lite/1.29.0/grpc-protobuf-lite-1.29.0.jar:/home/user/.m2/repository/io/grpc/grpc-stub/1.29.0/grpc-stub-1.29.0.jar:/home/user/.m2/repository/org/apache/hadoop/hadoop-ozone-recon/0.6.0-SNAPSHOT/hadoop-ozone-recon-0.6.0-SNAPSHOT.jar:/home/user/.m2/repository/org/apache/hadoop/hadoop-ozone-reconcodegen/0.6.0-SNAPSHOT/hadoop-ozone-reconcodegen-0.6.0-SNAPSHOT.jar:/home/user/.m2/repository/com/google/inject/extensions/guice-multibindings/4.0/guice-multibindings-4.0.jar:/home/user/.m2/repository/com/google/inject/guice/4.0/guice-4.0.jar:/home/user/.m2/repository/aopalliance/aopalliance/1.0/aopalliance-1.0.jar:/home/user/.m2/repository/com/google/inject/extensions/guice-assistedinject/4.0/guice-assistedinject-4.0.jar:/home/user/.m2/repository/com/google/inject/extensions/guice-servlet/4.0/guice-servlet-4.0.jar:/home/user/.m2/repository/org/glassfish/jersey/containers/jersey-container-servlet/2.27/jersey-container-servlet-2.27.jar:/home/user/.m2/repository/org/glassfish/hk2/guice-bridge/2.5.0/guice-bridge-2.5.0.jar:/home/user/.m2/repository/org/glassfish/jersey/core/jersey-server/2.27/jersey-server-2.27.jar:/home/user/.m2/repository/org/glassfish/jersey/core/jersey-client/2.27/jersey-client-2.27.jar:/home/user/.m2/repository/org/glassfish/jersey/media/jersey-media-jaxb/2.27/jersey-media-jaxb-2.27.jar:/home/user/.m2/repository/javax/validation/validation-api/1.1.0.Final/validation-api-1.1.0.Final.jar:/home/user/.m2/repository/org/glassfish/jersey/media/jersey-media-json-jackson/2.27/jersey-media-json-jackson-2.27.jar:/home/user/.m2/repository/org/glassfish/jersey/ext/jersey-entity-filtering/2.27/jersey-entity-filtering-2.27.jar:/home/user/.m2/repository/org/jooq/jooq/3.11.10/jooq-3.11.10.jar:/home/user/.m2/repository/org/jooq/jooq-meta/3.11.10/jooq-meta-3.11.10.jar:/home/user/.m2/repository/org/jooq/jooq-codegen/3.11.10/jooq-codegen-3.11.10.jar:/home/user/.m2/repository/com/jolbox/bonecp/0.8.0.RELEASE/bonecp-0.8.0.RELEASE.jar:/home/user/.m2/repository/org/apache/derby/derby/10.14.2.0/derby-10.14.2.0.jar:/home/user/.m2/repository/org/xerial/sqlite-jdbc/3.25.2/sqlite-jdbc-3.25.2.jar:/home/user/.m2/repository/org/springframework/spring-jdbc/5.2.5.RELEASE/spring-jdbc-5.2.5.RELEASE.jar:/home/user/.m2/repository/org/springframework/spring-beans/5.2.5.RELEASE/spring-beans-5.2.5.RELEASE.jar:/home/user/.m2/repository/org/springframework/spring-core/5.2.5.RELEASE/spring-core-5.2.5.RELEASE.jar:/home/user/.m2/repository/org/springframework/spring-jcl/5.2.5.RELEASE/spring-jcl-5.2.5.RELEASE.jar:/home/user/.m2/repository/org/springframework/spring-tx/5.2.5.RELEASE/spring-tx-5.2.5.RELEASE.jar:/home/user/.m2/repository/org/apache/hadoop/hadoop-ozone-client/0.6.0-SNAPSHOT/hadoop-ozone-client-0.6.0-SNAPSHOT.jar:/home/user/.m2/repository/org/apache/hadoop/hadoop-ozone-filesystem/0.6.0-SNAPSHOT/hadoop-ozone-filesystem-0.6.0-SNAPSHOT.jar:/home/user/.m2/repository/org/apache/hadoop/hadoop-hdds-hadoop-dependency-client/0.6.0-SNAPSHOT/hadoop-hdds-hadoop-dependency-client-0.6.0-SNAPSHOT.jar:/home/user/.m2/repository/org/apache/hadoop/hadoop-ozone-tools/0.6.0-SNAPSHOT/hadoop-ozone-tools-0.6.0-SNAPSHOT.jar:/home/user/.m2/repository/org/apache/hadoop/hadoop-hdfs/3.2.1/hadoop-hdfs-3.2.1.jar:/home/user/.m2/repository/org/apache/ratis/ratis-tools/0.6.0-cac3336-SNAPSHOT/ratis-tools-0.6.0-cac3336-SNAPSHOT.jar:/home/user/.m2/repository/org/apache/ratis/ratis-proto/0.6.0-cac3336-SNAPSHOT/ratis-proto-0.6.0-cac3336-SNAPSHOT.jar:/home/user/.m2/repository/org/apache/ratis/ratis-common/0.6.0-cac3336-SNAPSHOT/ratis-common-0.6.0-cac3336-SNAPSHOT.jar:/home/user/.m2/repository/com/amazonaws/aws-java-sdk-core/1.11.615/aws-java-sdk-core-1.11.615.jar:/home/user/.m2/repository/org/apache/httpcomponents/httpclient/4.5.2/httpclient-4.5.2.jar:/home/user/.m2/repository/org/apache/httpcomponents/httpcore/4.4.4/httpcore-4.4.4.jar:/home/user/.m2/repository/software/amazon/ion/ion-java/1.0.2/ion-java-1.0.2.jar:/home/user/.m2/repository/com/fasterxml/jackson/dataformat/jackson-dataformat-cbor/2.10.3/jackson-dataformat-cbor-2.10.3.jar:/home/user/.m2/repository/joda-time/joda-time/2.8.1/joda-time-2.8.1.jar:/home/user/.m2/repository/com/amazonaws/aws-java-sdk-s3/1.11.615/aws-java-sdk-s3-1.11.615.jar:/home/user/.m2/repository/com/amazonaws/aws-java-sdk-kms/1.11.615/aws-java-sdk-kms-1.11.615.jar:/home/user/.m2/repository/com/amazonaws/jmespath-java/1.11.615/jmespath-java-1.11.615.jar:/home/user/.m2/repository/org/apache/hadoop/hadoop-hdds-tools/0.6.0-SNAPSHOT/hadoop-hdds-tools-0.6.0-SNAPSHOT.jar:/home/user/.m2/repository/commons-cli/commons-cli/1.2/commons-cli-1.2.jar:/home/user/.m2/repository/org/apache/commons/commons-lang3/3.7/commons-lang3-3.7.jar:/home/user/.m2/repository/org/apache/hadoop/hadoop-ozone-ozone-manager/0.6.0-SNAPSHOT/hadoop-ozone-ozone-manager-0.6.0-SNAPSHOT-tests.jar:/home/user/.m2/repository/junit/junit/4.11/junit-4.11.jar:/home/user/.m2/repository/org/hamcrest/hamcrest-core/1.3/hamcrest-core-1.3.jar:/home/user/.m2/repository/org/openjdk/jmh/jmh-core/1.19/jmh-core-1.19.jar:/home/user/.m2/repository/net/sf/jopt-simple/jopt-simple/4.6/jopt-simple-4.6.jar:/home/user/.m2/repository/org/apache/commons/commons-math3/3.1.1/commons-math3-3.1.1.jar:/home/user/.m2/repository/org/openjdk/jmh/jmh-generator-annprocess/1.19/jmh-generator-annprocess-1.19.jar:/home/user/.m2/repository/org/mockito/mockito-all/1.8.5/mockito-all-1.8.5.jar:/home/user/.m2/repository/org/apache/hadoop/hadoop-kms/3.2.1/hadoop-kms-3.2.1.jar:/home/user/.m2/repository/org/apache/hadoop/hadoop-auth/3.2.1/hadoop-auth-3.2.1.jar:/home/user/.m2/repository/com/nimbusds/nimbus-jose-jwt/7.9/nimbus-jose-jwt-7.9.jar:/home/user/.m2/repository/com/github/stephenc/jcip/jcip-annotations/1.0-1/jcip-annotations-1.0-1.jar:/home/user/.m2/repository/net/minidev/json-smart/2.3/json-smart-2.3.jar:/home/user/.m2/repository/net/minidev/accessors-smart/1.2/accessors-smart-1.2.jar:/home/user/.m2/repository/org/ow2/asm/asm/5.0.4/asm-5.0.4.jar:/home/user/.m2/repository/org/apache/zookeeper/zookeeper/3.4.13/zookeeper-3.4.13.jar:/home/user/.m2/repository/org/apache/yetus/audience-annotations/0.5.0/audience-annotations-0.5.0.jar:/home/user/.m2/repository/org/apache/curator/curator-framework/2.13.0/curator-framework-2.13.0.jar:/home/user/.m2/repository/com/sun/jersey/jersey-core/1.19/jersey-core-1.19.jar:/home/user/.m2/repository/javax/ws/rs/jsr311-api/1.1.1/jsr311-api-1.1.1.jar:/home/user/.m2/repository/com/sun/jersey/jersey-server/1.19/jersey-server-1.19.jar:/home/user/.m2/repository/javax/servlet/javax.servlet-api/3.1.0/javax.servlet-api-3.1.0.jar:/home/user/.m2/repository/org/eclipse/jetty/jetty-server/9.4.26.v20200117/jetty-server-9.4.26.v20200117.jar:/home/user/.m2/repository/org/eclipse/jetty/jetty-http/9.4.26.v20200117/jetty-http-9.4.26.v20200117.jar:/home/user/.m2/repository/org/eclipse/jetty/jetty-io/9.4.26.v20200117/jetty-io-9.4.26.v20200117.jar:/home/user/.m2/repository/org/eclipse/jetty/jetty-webapp/9.4.26.v20200117/jetty-webapp-9.4.26.v20200117.jar:/home/user/.m2/repository/org/eclipse/jetty/jetty-xml/9.4.26.v20200117/jetty-xml-9.4.26.v20200117.jar:/home/user/.m2/repository/org/eclipse/jetty/jetty-servlet/9.4.26.v20200117/jetty-servlet-9.4.26.v20200117.jar:/home/user/.m2/repository/org/eclipse/jetty/jetty-security/9.4.26.v20200117/jetty-security-9.4.26.v20200117.jar:/home/user/.m2/repository/org/apache/hadoop/hadoop-common/3.2.1/hadoop-common-3.2.1.jar:/home/user/.m2/repository/commons-net/commons-net/3.6/commons-net-3.6.jar:/home/user/.m2/repository/commons-collections/commons-collections/3.2.2/commons-collections-3.2.2.jar:/home/user/.m2/repository/com/sun/jersey/jersey-servlet/1.19/jersey-servlet-1.19.jar:/home/user/.m2/repository/com/sun/jersey/jersey-json/1.19/jersey-json-1.19.jar:/home/user/.m2/repository/org/codehaus/jettison/jettison/1.1/jettison-1.1.jar:/home/user/.m2/repository/org/codehaus/jackson/jackson-jaxrs/1.9.2/jackson-jaxrs-1.9.2.jar:/home/user/.m2/repository/org/codehaus/jackson/jackson-xc/1.9.2/jackson-xc-1.9.2.jar:/home/user/.m2/repository/commons-beanutils/commons-beanutils/1.9.4/commons-beanutils-1.9.4.jar:/home/user/.m2/repository/org/apache/commons/commons-configuration2/2.1.1/commons-configuration2-2.1.1.jar:/home/user/.m2/repository/org/apache/commons/commons-text/1.4/commons-text-1.4.jar:/home/user/.m2/repository/com/google/re2j/re2j/1.1/re2j-1.1.jar:/home/user/.m2/repository/com/jcraft/jsch/0.1.54/jsch-0.1.54.jar:/home/user/.m2/repository/org/apache/curator/curator-client/2.13.0/curator-client-2.13.0.jar:/home/user/.m2/repository/org/apache/curator/curator-recipes/2.13.0/curator-recipes-2.13.0.jar:/home/user/.m2/repository/dnsjava/dnsjava/2.1.7/dnsjava-2.1.7.jar:/home/user/.m2/repository/org/slf4j/jul-to-slf4j/1.7.25/jul-to-slf4j-1.7.25.jar:/home/user/.m2/repository/org/eclipse/jetty/jetty-util/9.4.26.v20200117/jetty-util-9.4.26.v20200117.jar:/home/user/.m2/repository/com/fasterxml/jackson/core/jackson-databind/2.10.3/jackson-databind-2.10.3.jar:/home/user/.m2/repository/org/apache/hadoop/hadoop-kms/3.2.1/hadoop-kms-3.2.1-tests.jar:/home/user/.m2/repository/org/apache/hadoop/hadoop-hdds-server-scm/0.6.0-SNAPSHOT/hadoop-hdds-server-scm-0.6.0-SNAPSHOT-tests.jar:/home/user/.m2/repository/org/apache/hadoop/hadoop-hdds-container-service/0.6.0-SNAPSHOT/hadoop-hdds-container-service-0.6.0-SNAPSHOT-tests.jar:/home/user/.m2/repository/org/apache/hadoop/hadoop-hdds-common/0.6.0-SNAPSHOT/hadoop-hdds-common-0.6.0-SNAPSHOT-tests.jar:/home/user/.m2/repository/org/yaml/snakeyaml/1.16/snakeyaml-1.16.jar:/home/user/.m2/repository/org/apache/hadoop/hadoop-hdds-hadoop-dependency-test/0.6.0-SNAPSHOT/hadoop-hdds-hadoop-dependency-test-0.6.0-SNAPSHOT.jar:/home/user/.m2/repository/org/apache/hadoop/hadoop-common/3.2.1/hadoop-common-3.2.1-tests.jar:/home/user/.m2/repository/javax/servlet/jsp/jsp-api/2.1/jsp-api-2.1.jar:/home/user/.m2/repository/org/apache/hadoop/hadoop-hdfs/3.2.1/hadoop-hdfs-3.2.1-tests.jar:/home/user/.m2/repository/org/eclipse/jetty/jetty-util-ajax/9.4.26.v20200117/jetty-util-ajax-9.4.26.v20200117.jar:/home/user/.m2/repository/commons-codec/commons-codec/1.11/commons-codec-1.11.jar:/home/user/.m2/repository/commons-daemon/commons-daemon/1.0.13/commons-daemon-1.0.13.jar:/home/user/.m2/repository/io/netty/netty/3.10.5.Final/netty-3.10.5.Final.jar:/home/user/.m2/repository/io/netty/netty-all/4.1.48.Final/netty-all-4.1.48.Final.jar:/home/user/.m2/repository/org/apache/htrace/htrace-core4/4.1.0-incubating/htrace-core4-4.1.0-incubating.jar:/home/user/.m2/repository/org/fusesource/leveldbjni/leveldbjni-all/1.8/leveldbjni-all-1.8.jar:/home/user/.m2/repository/org/apache/hadoop/hadoop-distcp/3.2.1/hadoop-distcp-3.2.1.jar:/home/user/.m2/repository/org/apache/hadoop/hadoop-mapreduce-client-jobclient/3.2.1/hadoop-mapreduce-client-jobclient-3.2.1.jar:/home/user/.m2/repository/org/apache/hadoop/hadoop-mapreduce-client-common/3.2.1/hadoop-mapreduce-client-common-3.2.1.jar:/home/user/.m2/repository/org/apache/hadoop/hadoop-yarn-common/3.2.1/hadoop-yarn-common-3.2.1.jar:/home/user/.m2/repository/org/apache/hadoop/hadoop-yarn-api/3.2.1/hadoop-yarn-api-3.2.1.jar:/home/user/.m2/repository/com/sun/jersey/jersey-client/1.19/jersey-client-1.19.jar:/home/user/.m2/repository/com/sun/jersey/contribs/jersey-guice/1.19/jersey-guice-1.19.jar:/home/user/.m2/repository/com/fasterxml/jackson/jaxrs/jackson-jaxrs-json-provider/2.10.3/jackson-jaxrs-json-provider-2.10.3.jar:/home/user/.m2/repository/com/fasterxml/jackson/jaxrs/jackson-jaxrs-base/2.10.3/jackson-jaxrs-base-2.10.3.jar:/home/user/.m2/repository/org/apache/hadoop/hadoop-yarn-client/3.2.1/hadoop-yarn-client-3.2.1.jar:/home/user/.m2/repository/org/apache/hadoop/hadoop-mapreduce-client-core/3.2.1/hadoop-mapreduce-client-core-3.2.1.jar:/home/user/.m2/repository/org/apache/avro/avro/1.7.7/avro-1.7.7.jar:/home/user/.m2/repository/org/codehaus/jackson/jackson-core-asl/1.9.13/jackson-core-asl-1.9.13.jar:/home/user/.m2/repository/org/codehaus/jackson/jackson-mapper-asl/1.9.13/jackson-mapper-asl-1.9.13.jar:/home/user/.m2/repository/com/thoughtworks/paranamer/paranamer/2.3/paranamer-2.3.jar:/home/user/.m2/repository/org/xerial/snappy/snappy-java/1.0.5/snappy-java-1.0.5.jar:/home/user/.m2/repository/org/apache/hadoop/hadoop-annotations/3.2.1/hadoop-annotations-3.2.1.jar:/usr/lib/jvm/java-1.8.0-openjdk-1.8.0.232.b09-0.el7_7.x86_64/jre/../lib/tools.jar:/home/user/.m2/repository/org/apache/hadoop/hadoop-distcp/3.2.1/hadoop-distcp-3.2.1-tests.jar:"/>
    <property name="sun.cpu.endian" value="little"/>
    <property name="user.home" value="/home/user"/>
    <property name="user.language" value="en"/>
    <property name="java.specification.vendor" value="Oracle Corporation"/>
    <property name="java.home" value="/usr/lib/jvm/java-1.8.0-openjdk-1.8.0.232.b09-0.el7_7.x86_64/jre"/>
    <property name="java.security.krb5.conf" value="/github/workspace/mnt/ozone/hadoop-ozone/integration-test/target/test-classes/krb5.conf"/>
    <property name="basedir" value="/github/workspace/mnt/ozone/hadoop-ozone/integration-test"/>
    <property name="file.separator" value="/"/>
    <property name="line.separator" value="&#10;"/>
    <property name="java.vm.specification.vendor" value="Oracle Corporation"/>
    <property name="java.specification.name" value="Java Platform API Specification"/>
    <property name="java.awt.graphicsenv" value="sun.awt.X11GraphicsEnvironment"/>
    <property name="surefire.real.class.path" value="/github/workspace/mnt/ozone/hadoop-ozone/integration-test/target/surefire/surefirebooter2738613102448532427.jar:/home/user/.m2/repository/org/jacoco/org.jacoco.agent/0.8.5/org.jacoco.agent-0.8.5-runtime.jar"/>
    <property name="hadoop.log.dir" value="/github/workspace/mnt/ozone/hadoop-ozone/integration-test/target/log"/>
    <property name="sun.boot.class.path" value="/usr/lib/jvm/java-1.8.0-openjdk-1.8.0.232.b09-0.el7_7.x86_64/jre/lib/resources.jar:/usr/lib/jvm/java-1.8.0-openjdk-1.8.0.232.b09-0.el7_7.x86_64/jre/lib/rt.jar:/usr/lib/jvm/java-1.8.0-openjdk-1.8.0.232.b09-0.el7_7.x86_64/jre/lib/sunrsasign.jar:/usr/lib/jvm/java-1.8.0-openjdk-1.8.0.232.b09-0.el7_7.x86_64/jre/lib/jsse.jar:/usr/lib/jvm/java-1.8.0-openjdk-1.8.0.232.b09-0.el7_7.x86_64/jre/lib/jce.jar:/usr/lib/jvm/java-1.8.0-openjdk-1.8.0.232.b09-0.el7_7.x86_64/jre/lib/charsets.jar:/usr/lib/jvm/java-1.8.0-openjdk-1.8.0.232.b09-0.el7_7.x86_64/jre/lib/jfr.jar:/usr/lib/jvm/java-1.8.0-openjdk-1.8.0.232.b09-0.el7_7.x86_64/jre/classes"/>
    <property name="sun.management.compiler" value="HotSpot 64-Bit Tiered Compilers"/>
    <property name="java.runtime.version" value="1.8.0_232-b09"/>
    <property name="java.net.preferIPv4Stack" value="true"/>
    <property name="user.name" value="jenkins1001"/>
    <property name="path.separator" value=":"/>
    <property name="java.security.egd" value="file:///dev/urandom"/>
    <property name="os.version" value="5.3.0-1020-azure"/>
    <property name="java.endorsed.dirs" value="/usr/lib/jvm/java-1.8.0-openjdk-1.8.0.232.b09-0.el7_7.x86_64/jre/lib/endorsed"/>
    <property name="java.runtime.name" value="OpenJDK Runtime Environment"/>
    <property name="file.encoding" value="ANSI_X3.4-1968"/>
    <property name="java.vm.name" value="OpenJDK 64-Bit Server VM"/>
    <property name="test.build.webapps" value=""/>
    <property name="localRepository" value="/home/user/.m2/repository"/>
    <property name="java.vendor.url.bug" value="http://bugreport.sun.com/bugreport/"/>
    <property name="java.io.tmpdir" value="/tmp"/>
    <property name="require.test.libhadoop" value=""/>
    <property name="java.version" value="1.8.0_232"/>
    <property name="user.dir" value="/github/workspace/mnt/ozone/hadoop-ozone/integration-test"/>
    <property name="os.arch" value="amd64"/>
    <property name="java.vm.specification.name" value="Java Virtual Machine Specification"/>
    <property name="test.build.classes" value="/github/workspace/mnt/ozone/hadoop-ozone/integration-test/target/test-classes"/>
    <property name="java.awt.printerjob" value="sun.print.PSPrinterJob"/>
    <property name="sun.os.patch.level" value="unknown"/>
    <property name="hadoop.tmp.dir" value="/github/workspace/mnt/ozone/hadoop-ozone/integration-test/target/tmp"/>
    <property name="java.library.path" value="/usr/lib:/usr/java/packages/lib/amd64:/usr/lib64:/lib64:/lib:/usr/lib"/>
    <property name="java.vm.info" value="mixed mode"/>
    <property name="java.vendor" value="Oracle Corporation"/>
    <property name="java.vm.version" value="25.232-b09"/>
    <property name="java.ext.dirs" value="/usr/lib/jvm/java-1.8.0-openjdk-1.8.0.232.b09-0.el7_7.x86_64/jre/lib/ext:/usr/java/packages/lib/ext"/>
    <property name="sun.io.unicode.encoding" value="UnicodeLittle"/>
    <property name="java.class.version" value="52.0"/>
  </properties>
  <testcase name="org.apache.hadoop.ozone.fsck.TestContainerMapper" classname="org.apache.hadoop.ozone.fsck.TestContainerMapper" time="135.411">
    <error message="Timed out waiting for condition. Thread diagnostics:&#10;Timestamp: 2020-06-02 11:37:03,099&#10;&#10;&quot;grpc-default-executor-2&quot; daemon prio=5 tid=276 timed_waiting&#10;java.lang.Thread.State: TIMED_WAITING&#10;        at sun.misc.Unsafe.park(Native Method)&#10;        at java.util.concurrent.locks.LockSupport.parkNanos(LockSupport.java:215)&#10;        at java.util.concurrent.SynchronousQueue$TransferStack.awaitFulfill(SynchronousQueue.java:460)&#10;        at java.util.concurrent.SynchronousQueue$TransferStack.transfer(SynchronousQueue.java:362)&#10;        at java.util.concurrent.SynchronousQueue.poll(SynchronousQueue.java:941)&#10;        at java.util.concurrent.ThreadPoolExecutor.getTask(ThreadPoolExecutor.java:1073)&#10;        at java.util.concurrent.ThreadPoolExecutor.runWorker(ThreadPoolExecutor.java:1134)&#10;        at java.util.concurrent.ThreadPoolExecutor$Worker.run(ThreadPoolExecutor.java:624)&#10;        at java.lang.Thread.run(Thread.java:748)&#10;&quot;Command processor thread&quot; daemon prio=5 tid=177 runnable&#10;java.lang.Thread.State: RUNNABLE&#10;        at org.apache.hadoop.ozone.container.common.statemachine.DatanodeStateMachine.lambda$initCommandHandlerThread$1(DatanodeStateMachine.java:472)&#10;        at org.apache.hadoop.ozone.container.common.statemachine.DatanodeStateMachine$$Lambda$171/1907114809.run(Unknown Source)&#10;        at java.lang.Thread.run(Thread.java:748)&#10;&quot;Datanode ReportManager Thread - 3&quot; daemon prio=5 tid=220 in Object.wait()&#10;java.lang.Thread.State: WAITING (on object monitor)&#10;        at sun.misc.Unsafe.park(Native Method)&#10;        at java.util.concurrent.locks.LockSupport.park(LockSupport.java:175)&#10;        at java.util.concurrent.locks.AbstractQueuedSynchronizer$ConditionObject.await(AbstractQueuedSynchronizer.java:2039)&#10;        at java.util.concurrent.ScheduledThreadPoolExecutor$DelayedWorkQueue.take(ScheduledThreadPoolExecutor.java:1088)&#10;        at java.util.concurrent.ScheduledThreadPoolExecutor$DelayedWorkQueue.take(ScheduledThreadPoolExecutor.java:809)&#10;        at java.util.concurrent.ThreadPoolExecutor.getTask(ThreadPoolExecutor.java:1074)&#10;        at java.util.concurrent.ThreadPoolExecutor.runWorker(ThreadPoolExecutor.java:1134)&#10;        at java.util.concurrent.ThreadPoolExecutor$Worker.run(ThreadPoolExecutor.java:624)&#10;        at java.lang.Thread.run(Thread.java:748)&#10;&quot;Finalizer&quot; daemon prio=8 tid=3 in Object.wait()&#10;java.lang.Thread.State: WAITING (on object monitor)&#10;        at java.lang.Object.wait(Native Method)&#10;        at java.lang.ref.ReferenceQueue.remove(ReferenceQueue.java:144)&#10;        at java.lang.ref.ReferenceQueue.remove(ReferenceQueue.java:165)&#10;        at java.lang.ref.Finalizer$FinalizerThread.run(Finalizer.java:216)&#10;&quot;IPC Server handler 14 on default port 37665&quot; daemon prio=5 tid=89 timed_waiting&#10;java.lang.Thread.State: TIMED_WAITING&#10;        at sun.misc.Unsafe.park(Native Method)&#10;        at java.util.concurrent.locks.LockSupport.parkNanos(LockSupport.java:215)&#10;        at java.util.concurrent.locks.AbstractQueuedSynchronizer$ConditionObject.awaitNanos(AbstractQueuedSynchronizer.java:2078)&#10;        at java.util.concurrent.LinkedBlockingQueue.poll(LinkedBlockingQueue.java:467)&#10;        at org.apache.hadoop.ipc.CallQueueManager.take(CallQueueManager.java:295)&#10;        at org.apache.hadoop.ipc.Server$Handler.run(Server.java:2881)&#10;&quot;qtp777295125-212&quot; daemon prio=5 tid=212 timed_waiting&#10;java.lang.Thread.State: TIMED_WAITING&#10;        at sun.misc.Unsafe.park(Native Method)&#10;        at java.util.concurrent.locks.LockSupport.parkNanos(LockSupport.java:215)&#10;        at java.util.concurrent.locks.AbstractQueuedSynchronizer$ConditionObject.awaitNanos(AbstractQueuedSynchronizer.java:2078)&#10;        at org.eclipse.jetty.util.BlockingArrayQueue.poll(BlockingArrayQueue.java:382)&#10;        at org.eclipse.jetty.util.thread.QueuedThreadPool$Runner.idleJobPoll(QueuedThreadPool.java:875)&#10;        at org.eclipse.jetty.util.thread.QueuedThreadPool$Runner.run(QueuedThreadPool.java:925)&#10;        at java.lang.Thread.run(Thread.java:748)&#10;&quot;IPC Server handler 13 on default port 41087&quot; daemon prio=5 tid=68 timed_waiting&#10;java.lang.Thread.State: TIMED_WAITING&#10;        at sun.misc.Unsafe.park(Native Method)&#10;        at java.util.concurrent.locks.LockSupport.parkNanos(LockSupport.java:215)&#10;        at java.util.concurrent.locks.AbstractQueuedSynchronizer$ConditionObject.awaitNanos(AbstractQueuedSynchronizer.java:2078)&#10;        at java.util.concurrent.LinkedBlockingQueue.poll(LinkedBlockingQueue.java:467)&#10;        at org.apache.hadoop.ipc.CallQueueManager.take(CallQueueManager.java:295)&#10;        at org.apache.hadoop.ipc.Server$Handler.run(Server.java:2881)&#10;&quot;qtp777295125-206&quot; daemon prio=5 tid=206 runnable&#10;java.lang.Thread.State: RUNNABLE&#10;        at sun.nio.ch.EPollArrayWrapper.epollWait(Native Method)&#10;        at sun.nio.ch.EPollArrayWrapper.poll(EPollArrayWrapper.java:269)&#10;        at sun.nio.ch.EPollSelectorImpl.doSelect(EPollSelectorImpl.java:93)&#10;        at sun.nio.ch.SelectorImpl.lockAndDoSelect(SelectorImpl.java:86)&#10;        at sun.nio.ch.SelectorImpl.select(SelectorImpl.java:97)&#10;        at sun.nio.ch.SelectorImpl.select(SelectorImpl.java:101)&#10;        at org.eclipse.jetty.io.ManagedSelector$SelectorProducer.select(ManagedSelector.java:472)&#10;        at org.eclipse.jetty.io.ManagedSelector$SelectorProducer.produce(ManagedSelector.java:409)&#10;        at org.eclipse.jetty.util.thread.strategy.EatWhatYouKill.produceTask(EatWhatYouKill.java:360)&#10;        at org.eclipse.jetty.util.thread.strategy.EatWhatYouKill.doProduce(EatWhatYouKill.java:184)&#10;        at org.eclipse.jetty.util.thread.strategy.EatWhatYouKill.tryProduce(EatWhatYouKill.java:171)&#10;        at org.eclipse.jetty.util.thread.strategy.EatWhatYouKill.produce(EatWhatYouKill.java:135)&#10;        at org.eclipse.jetty.io.ManagedSelector$$Lambda$72/1395912847.run(Unknown Source)&#10;        at org.eclipse.jetty.util.thread.QueuedThreadPool.runJob(QueuedThreadPool.java:806)&#10;        at org.eclipse.jetty.util.thread.QueuedThreadPool$Runner.run(QueuedThreadPool.java:938)&#10;        at java.lang.Thread.run(Thread.java:748)&#10;&quot;IPC Server handler 5 on default port 41087&quot; daemon prio=5 tid=60 timed_waiting&#10;java.lang.Thread.State: TIMED_WAITING&#10;        at sun.misc.Unsafe.park(Native Method)&#10;        at java.util.concurrent.locks.LockSupport.parkNanos(LockSupport.java:215)&#10;        at java.util.concurrent.locks.AbstractQueuedSynchronizer$ConditionObject.awaitNanos(AbstractQueuedSynchronizer.java:2078)&#10;        at java.util.concurrent.LinkedBlockingQueue.poll(LinkedBlockingQueue.java:467)&#10;        at org.apache.hadoop.ipc.CallQueueManager.take(CallQueueManager.java:295)&#10;        at org.apache.hadoop.ipc.Server$Handler.run(Server.java:2881)&#10;&quot;IPC Server handler 3 on default port 41087&quot; daemon prio=5 tid=58 timed_waiting&#10;java.lang.Thread.State: TIMED_WAITING&#10;        at sun.misc.Unsafe.park(Native Method)&#10;        at java.util.concurrent.locks.LockSupport.parkNanos(LockSupport.java:215)&#10;        at java.util.concurrent.locks.AbstractQueuedSynchronizer$ConditionObject.awaitNanos(AbstractQueuedSynchronizer.java:2078)&#10;        at java.util.concurrent.LinkedBlockingQueue.poll(LinkedBlockingQueue.java:467)&#10;        at org.apache.hadoop.ipc.CallQueueManager.take(CallQueueManager.java:295)&#10;        at org.apache.hadoop.ipc.Server$Handler.run(Server.java:2881)&#10;&quot;qtp777295125-209&quot; daemon prio=5 tid=209 timed_waiting&#10;java.lang.Thread.State: TIMED_WAITING&#10;        at sun.misc.Unsafe.park(Native Method)&#10;        at java.util.concurrent.locks.LockSupport.parkNanos(LockSupport.java:215)&#10;        at java.util.concurrent.locks.AbstractQueuedSynchronizer$ConditionObject.awaitNanos(AbstractQueuedSynchronizer.java:2078)&#10;        at org.eclipse.jetty.util.BlockingArrayQueue.poll(BlockingArrayQueue.java:382)&#10;        at org.eclipse.jetty.util.thread.QueuedThreadPool$Runner.idleJobPoll(QueuedThreadPool.java:875)&#10;        at org.eclipse.jetty.util.thread.QueuedThreadPool$Runner.run(QueuedThreadPool.java:925)&#10;        at java.lang.Thread.run(Thread.java:748)&#10;&quot;Thread-219&quot; daemon prio=5 tid=311 timed_waiting&#10;java.lang.Thread.State: TIMED_WAITING&#10;        at java.lang.Thread.sleep(Native Method)&#10;        at org.apache.ratis.util.JavaUtils.sleep(JavaUtils.java:243)&#10;        at org.apache.ratis.server.impl.FollowerState.run(FollowerState.java:97)&#10;&quot;qtp777295125-210&quot; daemon prio=5 tid=210 timed_waiting&#10;java.lang.Thread.State: TIMED_WAITING&#10;        at sun.misc.Unsafe.park(Native Method)&#10;        at java.util.concurrent.locks.LockSupport.parkNanos(LockSupport.java:215)&#10;        at java.util.concurrent.locks.AbstractQueuedSynchronizer$ConditionObject.awaitNanos(AbstractQueuedSynchronizer.java:2078)&#10;        at org.eclipse.jetty.util.BlockingArrayQueue.poll(BlockingArrayQueue.java:382)&#10;        at org.eclipse.jetty.util.thread.QueuedThreadPool$Runner.idleJobPoll(QueuedThreadPool.java:875)&#10;        at org.eclipse.jetty.util.thread.QueuedThreadPool$Runner.run(QueuedThreadPool.java:925)&#10;        at java.lang.Thread.run(Thread.java:748)&#10;&quot;IPC Server handler 16 on default port 45051&quot; daemon prio=5 tid=51 timed_waiting&#10;java.lang.Thread.State: TIMED_WAITING&#10;        at sun.misc.Unsafe.park(Native Method)&#10;        at java.util.concurrent.locks.LockSupport.parkNanos(LockSupport.java:215)&#10;        at java.util.concurrent.locks.AbstractQueuedSynchronizer$ConditionObject.awaitNanos(AbstractQueuedSynchronizer.java:2078)&#10;        at java.util.concurrent.LinkedBlockingQueue.poll(LinkedBlockingQueue.java:467)&#10;        at org.apache.hadoop.ipc.CallQueueManager.take(CallQueueManager.java:295)&#10;        at org.apache.hadoop.ipc.Server$Handler.run(Server.java:2881)&#10;&quot;surefire-forkedjvm-command-thread&quot; daemon prio=5 tid=9 runnable&#10;java.lang.Thread.State: RUNNABLE&#10;        at java.io.FileInputStream.readBytes(Native Method)&#10;        at java.io.FileInputStream.read(FileInputStream.java:255)&#10;        at java.io.BufferedInputStream.fill(BufferedInputStream.java:246)&#10;        at java.io.BufferedInputStream.read(BufferedInputStream.java:265)&#10;        at java.io.DataInputStream.readInt(DataInputStream.java:387)&#10;        at org.apache.maven.surefire.booter.MasterProcessCommand.decode(MasterProcessCommand.java:115)&#10;        at org.apache.maven.surefire.booter.CommandReader$CommandRunnable.run(CommandReader.java:390)&#10;        at java.lang.Thread.run(Thread.java:748)&#10;&quot;RatisPipelineUtilsThread&quot;  prio=5 tid=15 timed_waiting&#10;java.lang.Thread.State: TIMED_WAITING&#10;        at sun.misc.Unsafe.park(Native Method)&#10;        at java.util.concurrent.locks.LockSupport.parkNanos(LockSupport.java:215)&#10;        at java.util.concurrent.locks.AbstractQueuedSynchronizer$ConditionObject.awaitNanos(AbstractQueuedSynchronizer.java:2078)&#10;        at java.util.concurrent.ScheduledThreadPoolExecutor$DelayedWorkQueue.take(ScheduledThreadPoolExecutor.java:1093)&#10;        at java.util.concurrent.ScheduledThreadPoolExecutor$DelayedWorkQueue.take(ScheduledThreadPoolExecutor.java:809)&#10;        at java.util.concurrent.ThreadPoolExecutor.getTask(ThreadPoolExecutor.java:1074)&#10;        at java.util.concurrent.ThreadPoolExecutor.runWorker(ThreadPoolExecutor.java:1134)&#10;        at java.util.concurrent.ThreadPoolExecutor$Worker.run(ThreadPoolExecutor.java:624)&#10;        at java.lang.Thread.run(Thread.java:748)&#10;&quot;org.apache.ratis.server.impl.LogAppender$AppenderDaemon$$Lambda$454/578777179@5a9bff98&quot; daemon prio=5 tid=312 timed_waiting&#10;java.lang.Thread.State: TIMED_WAITING&#10;        at java.lang.Object.wait(Native Method)&#10;        at org.apache.ratis.grpc.server.GrpcLogAppender.mayWait(GrpcLogAppender.java:151)&#10;        at org.apache.ratis.grpc.server.GrpcLogAppender.runAppenderImpl(GrpcLogAppender.java:105)&#10;        at org.apache.ratis.server.impl.LogAppender$AppenderDaemon.run(LogAppender.java:77)&#10;        at org.apache.ratis.server.impl.LogAppender$AppenderDaemon$$Lambda$454/578777179.run(Unknown Source)&#10;        at java.lang.Thread.run(Thread.java:748)&#10;&quot;pool-51-thread-1&quot;  prio=5 tid=255 in Object.wait()&#10;java.lang.Thread.State: WAITING (on object monitor)&#10;        at sun.misc.Unsafe.park(Native Method)&#10;        at java.util.concurrent.locks.LockSupport.park(LockSupport.java:175)&#10;        at java.util.concurrent.locks.AbstractQueuedSynchronizer$ConditionObject.await(AbstractQueuedSynchronizer.java:2039)&#10;        at java.util.concurrent.LinkedBlockingQueue.take(LinkedBlockingQueue.java:442)&#10;        at java.util.concurrent.ThreadPoolExecutor.getTask(ThreadPoolExecutor.java:1074)&#10;        at java.util.concurrent.ThreadPoolExecutor.runWorker(ThreadPoolExecutor.java:1134)&#10;        at java.util.concurrent.ThreadPoolExecutor$Worker.run(ThreadPoolExecutor.java:624)&#10;        at java.lang.Thread.run(Thread.java:748)&#10;&quot;Datanode ReportManager Thread - 2&quot; daemon prio=5 tid=199 in Object.wait()&#10;java.lang.Thread.State: WAITING (on object monitor)&#10;        at sun.misc.Unsafe.park(Native Method)&#10;        at java.util.concurrent.locks.LockSupport.park(LockSupport.java:175)&#10;        at java.util.concurrent.locks.AbstractQueuedSynchronizer$ConditionObject.await(AbstractQueuedSynchronizer.java:2039)&#10;        at java.util.concurrent.ScheduledThreadPoolExecutor$DelayedWorkQueue.take(ScheduledThreadPoolExecutor.java:1088)&#10;        at java.util.concurrent.ScheduledThreadPoolExecutor$DelayedWorkQueue.take(ScheduledThreadPoolExecutor.java:809)&#10;        at java.util.concurrent.ThreadPoolExecutor.getTask(ThreadPoolExecutor.java:1074)&#10;        at java.util.concurrent.ThreadPoolExecutor.runWorker(ThreadPoolExecutor.java:1134)&#10;        at java.util.concurrent.ThreadPoolExecutor$Worker.run(ThreadPoolExecutor.java:624)&#10;        at java.lang.Thread.run(Thread.java:748)&#10;&quot;43006955-015f-42cd-b925-cfd3ac6ee1ce@group-62EB59B96157-SegmentedRaftLogWorker&quot;  prio=5 tid=266 timed_waiting&#10;java.lang.Thread.State: TIMED_WAITING&#10;        at sun.misc.Unsafe.park(Native Method)&#10;        at java.util.concurrent.locks.LockSupport.parkNanos(LockSupport.java:215)&#10;        at java.util.concurrent.locks.AbstractQueuedSynchronizer$ConditionObject.awaitNanos(AbstractQueuedSynchronizer.java:2078)&#10;        at org.apache.ratis.util.DataBlockingQueue.poll(DataBlockingQueue.java:137)&#10;        at org.apache.ratis.server.raftlog.segmented.SegmentedRaftLogWorker.run(SegmentedRaftLogWorker.java:287)&#10;        at java.lang.Thread.run(Thread.java:748)&#10;&quot;qtp162320368-96-acceptor-0@677b1118-ServerConnector@7bee8621{HTTP/1.1,[http/1.1]}{0.0.0.0:38263}&quot; daemon prio=3 tid=96 runnable&#10;java.lang.Thread.State: RUNNABLE&#10;        at sun.nio.ch.ServerSocketChannelImpl.accept0(Native Method)&#10;        at sun.nio.ch.ServerSocketChannelImpl.accept(ServerSocketChannelImpl.java:422)&#10;        at sun.nio.ch.ServerSocketChannelImpl.accept(ServerSocketChannelImpl.java:250)&#10;        at org.eclipse.jetty.server.ServerConnector.accept(ServerConnector.java:385)&#10;        at org.eclipse.jetty.server.AbstractConnector$Acceptor.run(AbstractConnector.java:701)&#10;        at org.eclipse.jetty.util.thread.QueuedThreadPool.runJob(QueuedThreadPool.java:806)&#10;        at org.eclipse.jetty.util.thread.QueuedThreadPool$Runner.run(QueuedThreadPool.java:938)&#10;        at java.lang.Thread.run(Thread.java:748)&#10;&quot;Periodic HDDS volume checker&quot; daemon prio=5 tid=170 timed_waiting&#10;java.lang.Thread.State: TIMED_WAITING&#10;        at sun.misc.Unsafe.park(Native Method)&#10;        at java.util.concurrent.locks.LockSupport.parkNanos(LockSupport.java:215)&#10;        at java.util.concurrent.locks.AbstractQueuedSynchronizer$ConditionObject.awaitNanos(AbstractQueuedSynchronizer.java:2078)&#10;        at java.util.concurrent.ScheduledThreadPoolExecutor$DelayedWorkQueue.take(ScheduledThreadPoolExecutor.java:1093)&#10;        at java.util.concurrent.ScheduledThreadPoolExecutor$DelayedWorkQueue.take(ScheduledThreadPoolExecutor.java:809)&#10;        at java.util.concurrent.ThreadPoolExecutor.getTask(ThreadPoolExecutor.java:1074)&#10;        at java.util.concurrent.ThreadPoolExecutor.runWorker(ThreadPoolExecutor.java:1134)&#10;        at java.util.concurrent.ThreadPoolExecutor$Worker.run(ThreadPoolExecutor.java:624)&#10;        at java.lang.Thread.run(Thread.java:748)&#10;&quot;qtp934985972-182&quot; daemon prio=5 tid=182 runnable&#10;java.lang.Thread.State: RUNNABLE&#10;        at sun.nio.ch.EPollArrayWrapper.epollWait(Native Method)&#10;        at sun.nio.ch.EPollArrayWrapper.poll(EPollArrayWrapper.java:269)&#10;        at sun.nio.ch.EPollSelectorImpl.doSelect(EPollSelectorImpl.java:93)&#10;        at sun.nio.ch.SelectorImpl.lockAndDoSelect(SelectorImpl.java:86)&#10;        at sun.nio.ch.SelectorImpl.select(SelectorImpl.java:97)&#10;        at sun.nio.ch.SelectorImpl.select(SelectorImpl.java:101)&#10;        at org.eclipse.jetty.io.ManagedSelector$SelectorProducer.select(ManagedSelector.java:472)&#10;        at org.eclipse.jetty.io.ManagedSelector$SelectorProducer.produce(ManagedSelector.java:409)&#10;        at org.eclipse.jetty.util.thread.strategy.EatWhatYouKill.produceTask(EatWhatYouKill.java:360)&#10;        at org.eclipse.jetty.util.thread.strategy.EatWhatYouKill.doProduce(EatWhatYouKill.java:184)&#10;        at org.eclipse.jetty.util.thread.strategy.EatWhatYouKill.tryProduce(EatWhatYouKill.java:171)&#10;        at org.eclipse.jetty.util.thread.strategy.EatWhatYouKill.produce(EatWhatYouKill.java:135)&#10;        at org.eclipse.jetty.io.ManagedSelector$$Lambda$72/1395912847.run(Unknown Source)&#10;        at org.eclipse.jetty.util.thread.QueuedThreadPool.runJob(QueuedThreadPool.java:806)&#10;        at org.eclipse.jetty.util.thread.QueuedThreadPool$Runner.run(QueuedThreadPool.java:938)&#10;        at java.lang.Thread.run(Thread.java:748)&#10;&quot;qtp162320368-102&quot; daemon prio=5 tid=102 timed_waiting&#10;java.lang.Thread.State: TIMED_WAITING&#10;        at sun.misc.Unsafe.park(Native Method)&#10;        at java.util.concurrent.locks.LockSupport.parkNanos(LockSupport.java:215)&#10;        at java.util.concurrent.locks.AbstractQueuedSynchronizer$ConditionObject.awaitNanos(AbstractQueuedSynchronizer.java:2078)&#10;        at org.eclipse.jetty.util.BlockingArrayQueue.poll(BlockingArrayQueue.java:382)&#10;        at org.eclipse.jetty.util.thread.QueuedThreadPool$Runner.idleJobPoll(QueuedThreadPool.java:875)&#10;        at org.eclipse.jetty.util.thread.QueuedThreadPool$Runner.run(QueuedThreadPool.java:925)&#10;        at java.lang.Thread.run(Thread.java:748)&#10;&quot;IPC Server handler 15 on default port 37665&quot; daemon prio=5 tid=90 timed_waiting&#10;java.lang.Thread.State: TIMED_WAITING&#10;        at sun.misc.Unsafe.park(Native Method)&#10;        at java.util.concurrent.locks.LockSupport.parkNanos(LockSupport.java:215)&#10;        at java.util.concurrent.locks.AbstractQueuedSynchronizer$ConditionObject.awaitNanos(AbstractQueuedSynchronizer.java:2078)&#10;        at java.util.concurrent.LinkedBlockingQueue.poll(LinkedBlockingQueue.java:467)&#10;        at org.apache.hadoop.ipc.CallQueueManager.take(CallQueueManager.java:295)&#10;        at org.apache.hadoop.ipc.Server$Handler.run(Server.java:2881)&#10;&quot;IPC Server handler 16 on default port 41087&quot; daemon prio=5 tid=71 timed_waiting&#10;java.lang.Thread.State: TIMED_WAITING&#10;        at sun.misc.Unsafe.park(Native Method)&#10;        at java.util.concurrent.locks.LockSupport.parkNanos(LockSupport.java:215)&#10;        at java.util.concurrent.locks.AbstractQueuedSynchronizer$ConditionObject.awaitNanos(AbstractQueuedSynchronizer.java:2078)&#10;        at java.util.concurrent.LinkedBlockingQueue.poll(LinkedBlockingQueue.java:467)&#10;        at org.apache.hadoop.ipc.CallQueueManager.take(CallQueueManager.java:295)&#10;        at org.apache.hadoop.ipc.Server$Handler.run(Server.java:2881)&#10;&quot;IPC Server handler 4 on default port 36455&quot; daemon prio=5 tid=124 timed_waiting&#10;java.lang.Thread.State: TIMED_WAITING&#10;        at sun.misc.Unsafe.park(Native Method)&#10;        at java.util.concurrent.locks.LockSupport.parkNanos(LockSupport.java:215)&#10;        at java.util.concurrent.locks.AbstractQueuedSynchronizer$ConditionObject.awaitNanos(AbstractQueuedSynchronizer.java:2078)&#10;        at java.util.concurrent.LinkedBlockingQueue.poll(LinkedBlockingQueue.java:467)&#10;        at org.apache.hadoop.ipc.CallQueueManager.take(CallQueueManager.java:295)&#10;        at org.apache.hadoop.ipc.Server$Handler.run(Server.java:2881)&#10;&quot;Socket Reader #1 for port 0&quot;  prio=5 tid=21 runnable&#10;java.lang.Thread.State: RUNNABLE&#10;        at sun.nio.ch.EPollArrayWrapper.epollWait(Native Method)&#10;        at sun.nio.ch.EPollArrayWrapper.poll(EPollArrayWrapper.java:269)&#10;        at sun.nio.ch.EPollSelectorImpl.doSelect(EPollSelectorImpl.java:93)&#10;        at sun.nio.ch.SelectorImpl.lockAndDoSelect(SelectorImpl.java:86)&#10;        at sun.nio.ch.SelectorImpl.select(SelectorImpl.java:97)&#10;        at sun.nio.ch.SelectorImpl.select(SelectorImpl.java:101)&#10;        at org.apache.hadoop.ipc.Server$Listener$Reader.doRunLoop(Server.java:1242)&#10;        at org.apache.hadoop.ipc.Server$Listener$Reader.run(Server.java:1221)&#10;&quot;IPC Server handler 19 on default port 37665&quot; daemon prio=5 tid=94 timed_waiting&#10;java.lang.Thread.State: TIMED_WAITING&#10;        at sun.misc.Unsafe.park(Native Method)&#10;        at java.util.concurrent.locks.LockSupport.parkNanos(LockSupport.java:215)&#10;        at java.util.concurrent.locks.AbstractQueuedSynchronizer$ConditionObject.awaitNanos(AbstractQueuedSynchronizer.java:2078)&#10;        at java.util.concurrent.LinkedBlockingQueue.poll(LinkedBlockingQueue.java:467)&#10;        at org.apache.hadoop.ipc.CallQueueManager.take(CallQueueManager.java:295)&#10;        at org.apache.hadoop.ipc.Server$Handler.run(Server.java:2881)&#10;&quot;IPC Server Responder&quot; daemon prio=5 tid=19 runnable&#10;java.lang.Thread.State: RUNNABLE&#10;        at sun.nio.ch.EPollArrayWrapper.epollWait(Native Method)&#10;        at sun.nio.ch.EPollArrayWrapper.poll(EPollArrayWrapper.java:269)&#10;        at sun.nio.ch.EPollSelectorImpl.doSelect(EPollSelectorImpl.java:93)&#10;        at sun.nio.ch.SelectorImpl.lockAndDoSelect(SelectorImpl.java:86)&#10;        at sun.nio.ch.SelectorImpl.select(SelectorImpl.java:97)&#10;        at org.apache.hadoop.ipc.Server$Responder.doRunLoop(Server.java:1480)&#10;        at org.apache.hadoop.ipc.Server$Responder.run(Server.java:1463)&#10;&quot;Session-HouseKeeper-231cdda8-1&quot;  prio=5 tid=103 timed_waiting&#10;java.lang.Thread.State: TIMED_WAITING&#10;        at sun.misc.Unsafe.park(Native Method)&#10;        at java.util.concurrent.locks.LockSupport.parkNanos(LockSupport.java:215)&#10;        at java.util.concurrent.locks.AbstractQueuedSynchronizer$ConditionObject.awaitNanos(AbstractQueuedSynchronizer.java:2078)&#10;        at java.util.concurrent.ScheduledThreadPoolExecutor$DelayedWorkQueue.take(ScheduledThreadPoolExecutor.java:1093)&#10;        at java.util.concurrent.ScheduledThreadPoolExecutor$DelayedWorkQueue.take(ScheduledThreadPoolExecutor.java:809)&#10;        at java.util.concurrent.ThreadPoolExecutor.getTask(ThreadPoolExecutor.java:1074)&#10;        at java.util.concurrent.ThreadPoolExecutor.runWorker(ThreadPoolExecutor.java:1134)&#10;        at java.util.concurrent.ThreadPoolExecutor$Worker.run(ThreadPoolExecutor.java:624)&#10;        at java.lang.Thread.run(Thread.java:748)&#10;&quot;org.apache.hadoop.util.JvmPauseMonitor$Monitor@55665086&quot; daemon prio=5 tid=151 timed_waiting&#10;java.lang.Thread.State: TIMED_WAITING&#10;        at java.lang.Thread.sleep(Native Method)&#10;        at org.apache.hadoop.util.JvmPauseMonitor$Monitor.run(JvmPauseMonitor.java:192)&#10;        at java.lang.Thread.run(Thread.java:748)&#10;&quot;IPC Server Responder&quot; daemon prio=5 tid=23 runnable&#10;java.lang.Thread.State: RUNNABLE&#10;        at sun.nio.ch.EPollArrayWrapper.epollWait(Native Method)&#10;        at sun.nio.ch.EPollArrayWrapper.poll(EPollArrayWrapper.java:269)&#10;        at sun.nio.ch.EPollSelectorImpl.doSelect(EPollSelectorImpl.java:93)&#10;        at sun.nio.ch.SelectorImpl.lockAndDoSelect(SelectorImpl.java:86)&#10;        at sun.nio.ch.SelectorImpl.select(SelectorImpl.java:97)&#10;        at org.apache.hadoop.ipc.Server$Responder.doRunLoop(Server.java:1480)&#10;        at org.apache.hadoop.ipc.Server$Responder.run(Server.java:1463)&#10;&quot;IPC Server handler 1 on default port 41087&quot; daemon prio=5 tid=56 timed_waiting&#10;java.lang.Thread.State: TIMED_WAITING&#10;        at sun.misc.Unsafe.park(Native Method)&#10;        at java.util.concurrent.locks.LockSupport.parkNanos(LockSupport.java:215)&#10;        at java.util.concurrent.locks.AbstractQueuedSynchronizer$ConditionObject.awaitNanos(AbstractQueuedSynchronizer.java:2078)&#10;        at java.util.concurrent.LinkedBlockingQueue.poll(LinkedBlockingQueue.java:467)&#10;        at org.apache.hadoop.ipc.CallQueueManager.take(CallQueueManager.java:295)&#10;        at org.apache.hadoop.ipc.Server$Handler.run(Server.java:2881)&#10;&quot;SCM Heartbeat Processing Thread - 0&quot; daemon prio=5 tid=14 timed_waiting&#10;java.lang.Thread.State: TIMED_WAITING&#10;        at sun.misc.Unsafe.park(Native Method)&#10;        at java.util.concurrent.locks.LockSupport.parkNanos(LockSupport.java:215)&#10;        at java.util.concurrent.locks.AbstractQueuedSynchronizer$ConditionObject.awaitNanos(AbstractQueuedSynchronizer.java:2078)&#10;        at java.util.concurrent.ScheduledThreadPoolExecutor$DelayedWorkQueue.take(ScheduledThreadPoolExecutor.java:1093)&#10;        at java.util.concurrent.ScheduledThreadPoolExecutor$DelayedWorkQueue.take(ScheduledThreadPoolExecutor.java:809)&#10;        at java.util.concurrent.ThreadPoolExecutor.getTask(ThreadPoolExecutor.java:1074)&#10;        at java.util.concurrent.ThreadPoolExecutor.runWorker(ThreadPoolExecutor.java:1134)&#10;        at java.util.concurrent.ThreadPoolExecutor$Worker.run(ThreadPoolExecutor.java:624)&#10;        at java.lang.Thread.run(Thread.java:748)&#10;&quot;IPC Server handler 14 on default port 41087&quot; daemon prio=5 tid=69 timed_waiting&#10;java.lang.Thread.State: TIMED_WAITING&#10;        at sun.misc.Unsafe.park(Native Method)&#10;        at java.util.concurrent.locks.LockSupport.parkNanos(LockSupport.java:215)&#10;        at java.util.concurrent.locks.AbstractQueuedSynchronizer$ConditionObject.awaitNanos(AbstractQueuedSynchronizer.java:2078)&#10;        at java.util.concurrent.LinkedBlockingQueue.poll(LinkedBlockingQueue.java:467)&#10;        at org.apache.hadoop.ipc.CallQueueManager.take(CallQueueManager.java:295)&#10;        at org.apache.hadoop.ipc.Server$Handler.run(Server.java:2881)&#10;&quot;IPC Server handler 3 on default port 37665&quot; daemon prio=5 tid=78 timed_waiting&#10;java.lang.Thread.State: TIMED_WAITING&#10;        at sun.misc.Unsafe.park(Native Method)&#10;        at java.util.concurrent.locks.LockSupport.parkNanos(LockSupport.java:215)&#10;        at java.util.concurrent.locks.AbstractQueuedSynchronizer$ConditionObject.awaitNanos(AbstractQueuedSynchronizer.java:2078)&#10;        at java.util.concurrent.LinkedBlockingQueue.poll(LinkedBlockingQueue.java:467)&#10;        at org.apache.hadoop.ipc.CallQueueManager.take(CallQueueManager.java:295)&#10;        at org.apache.hadoop.ipc.Server$Handler.run(Server.java:2881)&#10;&quot;grpc-nio-worker-ELG-3-2&quot; daemon prio=5 tid=272 runnable&#10;java.lang.Thread.State: RUNNABLE&#10;        at sun.nio.ch.EPollArrayWrapper.epollWait(Native Method)&#10;        at sun.nio.ch.EPollArrayWrapper.poll(EPollArrayWrapper.java:269)&#10;        at sun.nio.ch.EPollSelectorImpl.doSelect(EPollSelectorImpl.java:93)&#10;        at sun.nio.ch.SelectorImpl.lockAndDoSelect(SelectorImpl.java:86)&#10;        at sun.nio.ch.SelectorImpl.select(SelectorImpl.java:97)&#10;        at org.apache.ratis.thirdparty.io.netty.channel.nio.SelectedSelectionKeySetSelector.select(SelectedSelectionKeySetSelector.java:62)&#10;        at org.apache.ratis.thirdparty.io.netty.channel.nio.NioEventLoop.select(NioEventLoop.java:807)&#10;        at org.apache.ratis.thirdparty.io.netty.channel.nio.NioEventLoop.run(NioEventLoop.java:457)&#10;        at org.apache.ratis.thirdparty.io.netty.util.concurrent.SingleThreadEventExecutor$4.run(SingleThreadEventExecutor.java:989)&#10;        at org.apache.ratis.thirdparty.io.netty.util.internal.ThreadExecutorMap$2.run(ThreadExecutorMap.java:74)&#10;        at org.apache.ratis.thirdparty.io.netty.util.concurrent.FastThreadLocalRunnable.run(FastThreadLocalRunnable.java:30)&#10;        at java.lang.Thread.run(Thread.java:748)&#10;&quot;IPC Server handler 7 on default port 41087&quot; daemon prio=5 tid=62 timed_waiting&#10;java.lang.Thread.State: TIMED_WAITING&#10;        at sun.misc.Unsafe.park(Native Method)&#10;        at java.util.concurrent.locks.LockSupport.parkNanos(LockSupport.java:215)&#10;        at java.util.concurrent.locks.AbstractQueuedSynchronizer$ConditionObject.awaitNanos(AbstractQueuedSynchronizer.java:2078)&#10;        at java.util.concurrent.LinkedBlockingQueue.poll(LinkedBlockingQueue.java:467)&#10;        at org.apache.hadoop.ipc.CallQueueManager.take(CallQueueManager.java:295)&#10;        at org.apache.hadoop.ipc.Server$Handler.run(Server.java:2881)&#10;&quot;pool-40-thread-1&quot;  prio=5 tid=167 timed_waiting&#10;java.lang.Thread.State: TIMED_WAITING&#10;        at sun.misc.Unsafe.park(Native Method)&#10;        at java.util.concurrent.locks.LockSupport.parkNanos(LockSupport.java:215)&#10;        at java.util.concurrent.locks.AbstractQueuedSynchronizer$ConditionObject.awaitNanos(AbstractQueuedSynchronizer.java:2078)&#10;        at java.util.concurrent.ScheduledThreadPoolExecutor$DelayedWorkQueue.take(ScheduledThreadPoolExecutor.java:1093)&#10;        at java.util.concurrent.ScheduledThreadPoolExecutor$DelayedWorkQueue.take(ScheduledThreadPoolExecutor.java:809)&#10;        at java.util.concurrent.ThreadPoolExecutor.getTask(ThreadPoolExecutor.java:1074)&#10;        at java.util.concurrent.ThreadPoolExecutor.runWorker(ThreadPoolExecutor.java:1134)&#10;        at java.util.concurrent.ThreadPoolExecutor$Worker.run(ThreadPoolExecutor.java:624)&#10;        at java.lang.Thread.run(Thread.java:748)&#10;&quot;java.util.concurrent.ThreadPoolExecutor$Worker@144ff2f0[State = -1, empty queue]&quot; daemon prio=5 tid=313 timed_waiting&#10;java.lang.Thread.State: TIMED_WAITING&#10;        at sun.misc.Unsafe.park(Native Method)&#10;        at java.util.concurrent.locks.LockSupport.parkNanos(LockSupport.java:215)&#10;        at java.util.concurrent.locks.AbstractQueuedSynchronizer$ConditionObject.awaitNanos(AbstractQueuedSynchronizer.java:2078)&#10;        at java.util.concurrent.ScheduledThreadPoolExecutor$DelayedWorkQueue.take(ScheduledThreadPoolExecutor.java:1093)&#10;        at java.util.concurrent.ScheduledThreadPoolExecutor$DelayedWorkQueue.take(ScheduledThreadPoolExecutor.java:809)&#10;        at java.util.concurrent.ThreadPoolExecutor.getTask(ThreadPoolExecutor.java:1074)&#10;        at java.util.concurrent.ThreadPoolExecutor.runWorker(ThreadPoolExecutor.java:1134)&#10;        at java.util.concurrent.ThreadPoolExecutor$Worker.run(ThreadPoolExecutor.java:624)&#10;        at java.lang.Thread.run(Thread.java:748)&#10;&quot;46593078-1315-442c-91b1-b92b4f012500@group-A77CAD7CA71C-StateMachineUpdater&quot; daemon prio=5 tid=253 in Object.wait()&#10;java.lang.Thread.State: WAITING (on object monitor)&#10;        at java.lang.Object.wait(Native Method)&#10;        at java.lang.Object.wait(Object.java:502)&#10;        at org.apache.ratis.server.impl.StateMachineUpdater.waitForCommit(StateMachineUpdater.java:200)&#10;        at org.apache.ratis.server.impl.StateMachineUpdater.run(StateMachineUpdater.java:165)&#10;        at java.lang.Thread.run(Thread.java:748)&#10;&quot;org.apache.hadoop.util.JvmPauseMonitor$Monitor@90f392e&quot; daemon prio=5 tid=202 timed_waiting&#10;java.lang.Thread.State: TIMED_WAITING&#10;        at java.lang.Thread.sleep(Native Method)&#10;        at org.apache.hadoop.util.JvmPauseMonitor$Monitor.run(JvmPauseMonitor.java:192)&#10;        at java.lang.Thread.run(Thread.java:748)&#10;&quot;Session-HouseKeeper-1fec9d33-1&quot;  prio=5 tid=149 timed_waiting&#10;java.lang.Thread.State: TIMED_WAITING&#10;        at sun.misc.Unsafe.park(Native Method)&#10;        at java.util.concurrent.locks.LockSupport.parkNanos(LockSupport.java:215)&#10;        at java.util.concurrent.locks.AbstractQueuedSynchronizer$ConditionObject.awaitNanos(AbstractQueuedSynchronizer.java:2078)&#10;        at java.util.concurrent.ScheduledThreadPoolExecutor$DelayedWorkQueue.take(ScheduledThreadPoolExecutor.java:1093)&#10;        at java.util.concurrent.ScheduledThreadPoolExecutor$DelayedWorkQueue.take(ScheduledThreadPoolExecutor.java:809)&#10;        at java.util.concurrent.ThreadPoolExecutor.getTask(ThreadPoolExecutor.java:1074)&#10;        at java.util.concurrent.ThreadPoolExecutor.runWorker(ThreadPoolExecutor.java:1134)&#10;        at java.util.concurrent.ThreadPoolExecutor$Worker.run(ThreadPoolExecutor.java:624)&#10;        at java.lang.Thread.run(Thread.java:748)&#10;&quot;org.apache.hadoop.util.JvmPauseMonitor$Monitor@5fdd97c1&quot; daemon prio=5 tid=107 timed_waiting&#10;java.lang.Thread.State: TIMED_WAITING&#10;        at java.lang.Thread.sleep(Native Method)&#10;        at org.apache.hadoop.util.JvmPauseMonitor$Monitor.run(JvmPauseMonitor.java:192)&#10;        at java.lang.Thread.run(Thread.java:748)&#10;&quot;IPC Server handler 7 on default port 36455&quot; daemon prio=5 tid=127 timed_waiting&#10;java.lang.Thread.State: TIMED_WAITING&#10;        at sun.misc.Unsafe.park(Native Method)&#10;        at java.util.concurrent.locks.LockSupport.parkNanos(LockSupport.java:215)&#10;        at java.util.concurrent.locks.AbstractQueuedSynchronizer$ConditionObject.awaitNanos(AbstractQueuedSynchronizer.java:2078)&#10;        at java.util.concurrent.LinkedBlockingQueue.poll(LinkedBlockingQueue.java:467)&#10;        at org.apache.hadoop.ipc.CallQueueManager.take(CallQueueManager.java:295)&#10;        at org.apache.hadoop.ipc.Server$Handler.run(Server.java:2881)&#10;&quot;qtp490467503-162&quot; daemon prio=5 tid=162 timed_waiting&#10;java.lang.Thread.State: TIMED_WAITING&#10;        at sun.misc.Unsafe.park(Native Method)&#10;        at java.util.concurrent.locks.LockSupport.parkNanos(LockSupport.java:215)&#10;        at java.util.concurrent.locks.AbstractQueuedSynchronizer$ConditionObject.awaitNanos(AbstractQueuedSynchronizer.java:2078)&#10;        at org.eclipse.jetty.util.BlockingArrayQueue.poll(BlockingArrayQueue.java:382)&#10;        at org.eclipse.jetty.util.thread.QueuedThreadPool$Runner.idleJobPoll(QueuedThreadPool.java:875)&#10;        at org.eclipse.jetty.util.thread.QueuedThreadPool$Runner.run(QueuedThreadPool.java:925)&#10;        at java.lang.Thread.run(Thread.java:748)&#10;&quot;IPC Server handler 2 on default port 36455&quot; daemon prio=5 tid=122 timed_waiting&#10;java.lang.Thread.State: TIMED_WAITING&#10;        at sun.misc.Unsafe.park(Native Method)&#10;        at java.util.concurrent.locks.LockSupport.parkNanos(LockSupport.java:215)&#10;        at java.util.concurrent.locks.AbstractQueuedSynchronizer$ConditionObject.awaitNanos(AbstractQueuedSynchronizer.java:2078)&#10;        at java.util.concurrent.LinkedBlockingQueue.poll(LinkedBlockingQueue.java:467)&#10;        at org.apache.hadoop.ipc.CallQueueManager.take(CallQueueManager.java:295)&#10;        at org.apache.hadoop.ipc.Server$Handler.run(Server.java:2881)&#10;&quot;IPC Server handler 18 on default port 41087&quot; daemon prio=5 tid=73 timed_waiting&#10;java.lang.Thread.State: TIMED_WAITING&#10;        at sun.misc.Unsafe.park(Native Method)&#10;        at java.util.concurrent.locks.LockSupport.parkNanos(LockSupport.java:215)&#10;        at java.util.concurrent.locks.AbstractQueuedSynchronizer$ConditionObject.awaitNanos(AbstractQueuedSynchronizer.java:2078)&#10;        at java.util.concurrent.LinkedBlockingQueue.poll(LinkedBlockingQueue.java:467)&#10;        at org.apache.hadoop.ipc.CallQueueManager.take(CallQueueManager.java:295)&#10;        at org.apache.hadoop.ipc.Server$Handler.run(Server.java:2881)&#10;&quot;IPC Server handler 4 on default port 45051&quot; daemon prio=5 tid=39 timed_waiting&#10;java.lang.Thread.State: TIMED_WAITING&#10;        at sun.misc.Unsafe.park(Native Method)&#10;        at java.util.concurrent.locks.LockSupport.parkNanos(LockSupport.java:215)&#10;        at java.util.concurrent.locks.AbstractQueuedSynchronizer$ConditionObject.awaitNanos(AbstractQueuedSynchronizer.java:2078)&#10;        at java.util.concurrent.LinkedBlockingQueue.poll(LinkedBlockingQueue.java:467)&#10;        at org.apache.hadoop.ipc.CallQueueManager.take(CallQueueManager.java:295)&#10;        at org.apache.hadoop.ipc.Server$Handler.run(Server.java:2881)&#10;&quot;BlockDeletingService#2&quot; daemon prio=5 tid=354 in Object.wait()&#10;java.lang.Thread.State: WAITING (on object monitor)&#10;        at sun.misc.Unsafe.park(Native Method)&#10;        at java.util.concurrent.locks.LockSupport.park(LockSupport.java:175)&#10;        at java.util.concurrent.locks.AbstractQueuedSynchronizer$ConditionObject.await(AbstractQueuedSynchronizer.java:2039)&#10;        at java.util.concurrent.ScheduledThreadPoolExecutor$DelayedWorkQueue.take(ScheduledThreadPoolExecutor.java:1088)&#10;        at java.util.concurrent.ScheduledThreadPoolExecutor$DelayedWorkQueue.take(ScheduledThreadPoolExecutor.java:809)&#10;        at java.util.concurrent.ThreadPoolExecutor.getTask(ThreadPoolExecutor.java:1074)&#10;        at java.util.concurrent.ThreadPoolExecutor.runWorker(ThreadPoolExecutor.java:1134)&#10;        at java.util.concurrent.ThreadPoolExecutor$Worker.run(ThreadPoolExecutor.java:624)&#10;        at java.lang.Thread.run(Thread.java:748)&#10;&quot;EventQueue-Delayed safe mode statusForReplicationManager&quot;  prio=5 tid=32 in Object.wait()&#10;java.lang.Thread.State: WAITING (on object monitor)&#10;        at sun.misc.Unsafe.park(Native Method)&#10;        at java.util.concurrent.locks.LockSupport.park(LockSupport.java:175)&#10;        at java.util.concurrent.locks.AbstractQueuedSynchronizer$ConditionObject.await(AbstractQueuedSynchronizer.java:2039)&#10;        at java.util.concurrent.LinkedBlockingQueue.take(LinkedBlockingQueue.java:442)&#10;        at java.util.concurrent.ThreadPoolExecutor.getTask(ThreadPoolExecutor.java:1074)&#10;        at java.util.concurrent.ThreadPoolExecutor.runWorker(ThreadPoolExecutor.java:1134)&#10;        at java.util.concurrent.ThreadPoolExecutor$Worker.run(ThreadPoolExecutor.java:624)&#10;        at java.lang.Thread.run(Thread.java:748)&#10;&quot;Timer-0&quot;  prio=5 tid=117 timed_waiting&#10;java.lang.Thread.State: TIMED_WAITING&#10;        at java.lang.Object.wait(Native Method)&#10;        at java.util.TimerThread.mainLoop(Timer.java:552)&#10;        at java.util.TimerThread.run(Timer.java:505)&#10;&quot;IPC Server handler 17 on default port 36455&quot; daemon prio=5 tid=137 timed_waiting&#10;java.lang.Thread.State: TIMED_WAITING&#10;        at sun.misc.Unsafe.park(Native Method)&#10;        at java.util.concurrent.locks.LockSupport.parkNanos(LockSupport.java:215)&#10;        at java.util.concurrent.locks.AbstractQueuedSynchronizer$ConditionObject.awaitNanos(AbstractQueuedSynchronizer.java:2078)&#10;        at java.util.concurrent.LinkedBlockingQueue.poll(LinkedBlockingQueue.java:467)&#10;        at org.apache.hadoop.ipc.CallQueueManager.take(CallQueueManager.java:295)&#10;        at org.apache.hadoop.ipc.Server$Handler.run(Server.java:2881)&#10;&quot;grpc-nio-worker-ELG-3-1&quot; daemon prio=5 tid=273 runnable&#10;java.lang.Thread.State: RUNNABLE&#10;        at sun.nio.ch.EPollArrayWrapper.epollWait(Native Method)&#10;        at sun.nio.ch.EPollArrayWrapper.poll(EPollArrayWrapper.java:269)&#10;        at sun.nio.ch.EPollSelectorImpl.doSelect(EPollSelectorImpl.java:93)&#10;        at sun.nio.ch.SelectorImpl.lockAndDoSelect(SelectorImpl.java:86)&#10;        at sun.nio.ch.SelectorImpl.select(SelectorImpl.java:97)&#10;        at org.apache.ratis.thirdparty.io.netty.channel.nio.SelectedSelectionKeySetSelector.select(SelectedSelectionKeySetSelector.java:62)&#10;        at org.apache.ratis.thirdparty.io.netty.channel.nio.NioEventLoop.select(NioEventLoop.java:807)&#10;        at org.apache.ratis.thirdparty.io.netty.channel.nio.NioEventLoop.run(NioEventLoop.java:457)&#10;        at org.apache.ratis.thirdparty.io.netty.util.concurrent.SingleThreadEventExecutor$4.run(SingleThreadEventExecutor.java:989)&#10;        at org.apache.ratis.thirdparty.io.netty.util.internal.ThreadExecutorMap$2.run(ThreadExecutorMap.java:74)&#10;        at org.apache.ratis.thirdparty.io.netty.util.concurrent.FastThreadLocalRunnable.run(FastThreadLocalRunnable.java:30)&#10;        at java.lang.Thread.run(Thread.java:748)&#10;&quot;IPC Server handler 10 on default port 37665&quot; daemon prio=5 tid=85 timed_waiting&#10;java.lang.Thread.State: TIMED_WAITING&#10;        at sun.misc.Unsafe.park(Native Method)&#10;        at java.util.concurrent.locks.LockSupport.parkNanos(LockSupport.java:215)&#10;        at java.util.concurrent.locks.AbstractQueuedSynchronizer$ConditionObject.awaitNanos(AbstractQueuedSynchronizer.java:2078)&#10;        at java.util.concurrent.LinkedBlockingQueue.poll(LinkedBlockingQueue.java:467)&#10;        at org.apache.hadoop.ipc.CallQueueManager.take(CallQueueManager.java:295)&#10;        at org.apache.hadoop.ipc.Server$Handler.run(Server.java:2881)&#10;&quot;process reaper&quot; daemon prio=10 tid=11 timed_waiting&#10;java.lang.Thread.State: TIMED_WAITING&#10;        at sun.misc.Unsafe.park(Native Method)&#10;        at java.util.concurrent.locks.LockSupport.parkNanos(LockSupport.java:215)&#10;        at java.util.concurrent.SynchronousQueue$TransferStack.awaitFulfill(SynchronousQueue.java:460)&#10;        at java.util.concurrent.SynchronousQueue$TransferStack.transfer(SynchronousQueue.java:362)&#10;        at java.util.concurrent.SynchronousQueue.poll(SynchronousQueue.java:941)&#10;        at java.util.concurrent.ThreadPoolExecutor.getTask(ThreadPoolExecutor.java:1073)&#10;        at java.util.concurrent.ThreadPoolExecutor.runWorker(ThreadPoolExecutor.java:1134)&#10;        at java.util.concurrent.ThreadPoolExecutor$Worker.run(ThreadPoolExecutor.java:624)&#10;        at java.lang.Thread.run(Thread.java:748)&#10;&quot;IPC Server handler 8 on default port 37665&quot; daemon prio=5 tid=83 timed_waiting&#10;java.lang.Thread.State: TIMED_WAITING&#10;        at sun.misc.Unsafe.park(Native Method)&#10;        at java.util.concurrent.locks.LockSupport.parkNanos(LockSupport.java:215)&#10;        at java.util.concurrent.locks.AbstractQueuedSynchronizer$ConditionObject.awaitNanos(AbstractQueuedSynchronizer.java:2078)&#10;        at java.util.concurrent.LinkedBlockingQueue.poll(LinkedBlockingQueue.java:467)&#10;        at org.apache.hadoop.ipc.CallQueueManager.take(CallQueueManager.java:295)&#10;        at org.apache.hadoop.ipc.Server$Handler.run(Server.java:2881)&#10;&quot;IPC Server handler 13 on default port 45051&quot; daemon prio=5 tid=48 timed_waiting&#10;java.lang.Thread.State: TIMED_WAITING&#10;        at sun.misc.Unsafe.park(Native Method)&#10;        at java.util.concurrent.locks.LockSupport.parkNanos(LockSupport.java:215)&#10;        at java.util.concurrent.locks.AbstractQueuedSynchronizer$ConditionObject.awaitNanos(AbstractQueuedSynchronizer.java:2078)&#10;        at java.util.concurrent.LinkedBlockingQueue.poll(LinkedBlockingQueue.java:467)&#10;        at org.apache.hadoop.ipc.CallQueueManager.take(CallQueueManager.java:295)&#10;        at org.apache.hadoop.ipc.Server$Handler.run(Server.java:2881)&#10;&quot;grpc-nio-boss-ELG-1-1&quot; daemon prio=5 tid=229 runnable&#10;java.lang.Thread.State: RUNNABLE&#10;        at sun.nio.ch.EPollArrayWrapper.epollWait(Native Method)&#10;        at sun.nio.ch.EPollArrayWrapper.poll(EPollArrayWrapper.java:269)&#10;        at sun.nio.ch.EPollSelectorImpl.doSelect(EPollSelectorImpl.java:93)&#10;        at sun.nio.ch.SelectorImpl.lockAndDoSelect(SelectorImpl.java:86)&#10;        at sun.nio.ch.SelectorImpl.select(SelectorImpl.java:97)&#10;        at sun.nio.ch.SelectorImpl.select(SelectorImpl.java:101)&#10;        at org.apache.ratis.thirdparty.io.netty.channel.nio.SelectedSelectionKeySetSelector.select(SelectedSelectionKeySetSelector.java:68)&#10;        at org.apache.ratis.thirdparty.io.netty.channel.nio.NioEventLoop.select(NioEventLoop.java:803)&#10;        at org.apache.ratis.thirdparty.io.netty.channel.nio.NioEventLoop.run(NioEventLoop.java:457)&#10;        at org.apache.ratis.thirdparty.io.netty.util.concurrent.SingleThreadEventExecutor$4.run(SingleThreadEventExecutor.java:989)&#10;        at org.apache.ratis.thirdparty.io.netty.util.internal.ThreadExecutorMap$2.run(ThreadExecutorMap.java:74)&#10;        at org.apache.ratis.thirdparty.io.netty.util.concurrent.FastThreadLocalRunnable.run(FastThreadLocalRunnable.java:30)&#10;        at java.lang.Thread.run(Thread.java:748)&#10;&quot;qtp162320368-100&quot; daemon prio=5 tid=100 timed_waiting&#10;java.lang.Thread.State: TIMED_WAITING&#10;        at sun.misc.Unsafe.park(Native Method)&#10;        at java.util.concurrent.locks.LockSupport.parkNanos(LockSupport.java:215)&#10;        at java.util.concurrent.locks.AbstractQueuedSynchronizer$ConditionObject.awaitNanos(AbstractQueuedSynchronizer.java:2078)&#10;        at org.eclipse.jetty.util.BlockingArrayQueue.poll(BlockingArrayQueue.java:382)&#10;        at org.eclipse.jetty.util.thread.QueuedThreadPool$Runner.idleJobPoll(QueuedThreadPool.java:875)&#10;        at org.eclipse.jetty.util.thread.QueuedThreadPool$Runner.run(QueuedThreadPool.java:925)&#10;        at java.lang.Thread.run(Thread.java:748)&#10;&quot;pool-35-thread-1&quot;  prio=5 tid=251 in Object.wait()&#10;java.lang.Thread.State: WAITING (on object monitor)&#10;        at sun.misc.Unsafe.park(Native Method)&#10;        at java.util.concurrent.locks.LockSupport.park(LockSupport.java:175)&#10;        at java.util.concurrent.locks.AbstractQueuedSynchronizer$ConditionObject.await(AbstractQueuedSynchronizer.java:2039)&#10;        at java.util.concurrent.LinkedBlockingQueue.take(LinkedBlockingQueue.java:442)&#10;        at java.util.concurrent.ThreadPoolExecutor.getTask(ThreadPoolExecutor.java:1074)&#10;        at java.util.concurrent.ThreadPoolExecutor.runWorker(ThreadPoolExecutor.java:1134)&#10;        at java.util.concurrent.ThreadPoolExecutor$Worker.run(ThreadPoolExecutor.java:624)&#10;        at java.lang.Thread.run(Thread.java:748)&#10;&quot;Datanode ReportManager Thread - 2&quot; daemon prio=5 tid=219 in Object.wait()&#10;java.lang.Thread.State: WAITING (on object monitor)&#10;        at sun.misc.Unsafe.park(Native Method)&#10;        at java.util.concurrent.locks.LockSupport.park(LockSupport.java:175)&#10;        at java.util.concurrent.locks.AbstractQueuedSynchronizer$ConditionObject.await(AbstractQueuedSynchronizer.java:2039)&#10;        at java.util.concurrent.ScheduledThreadPoolExecutor$DelayedWorkQueue.take(ScheduledThreadPoolExecutor.java:1088)&#10;        at java.util.concurrent.ScheduledThreadPoolExecutor$DelayedWorkQueue.take(ScheduledThreadPoolExecutor.java:809)&#10;        at java.util.concurrent.ThreadPoolExecutor.getTask(ThreadPoolExecutor.java:1074)&#10;        at java.util.concurrent.ThreadPoolExecutor.runWorker(ThreadPoolExecutor.java:1134)&#10;        at java.util.concurrent.ThreadPoolExecutor$Worker.run(ThreadPoolExecutor.java:624)&#10;        at java.lang.Thread.run(Thread.java:748)&#10;&quot;qtp934985972-184&quot; daemon prio=5 tid=184 timed_waiting&#10;java.lang.Thread.State: TIMED_WAITING&#10;        at sun.misc.Unsafe.park(Native Method)&#10;        at java.util.concurrent.locks.LockSupport.parkNanos(LockSupport.java:215)&#10;        at java.util.concurrent.locks.AbstractQueuedSynchronizer$ConditionObject.awaitNanos(AbstractQueuedSynchronizer.java:2078)&#10;        at org.eclipse.jetty.util.BlockingArrayQueue.poll(BlockingArrayQueue.java:382)&#10;        at org.eclipse.jetty.util.thread.QueuedThreadPool$Runner.idleJobPoll(QueuedThreadPool.java:875)&#10;        at org.eclipse.jetty.util.thread.QueuedThreadPool$Runner.run(QueuedThreadPool.java:925)&#10;        at java.lang.Thread.run(Thread.java:748)&#10;&quot;Datanode ReportManager Thread - 1&quot; daemon prio=5 tid=173 timed_waiting&#10;java.lang.Thread.State: TIMED_WAITING&#10;        at sun.misc.Unsafe.park(Native Method)&#10;        at java.util.concurrent.locks.LockSupport.parkNanos(LockSupport.java:215)&#10;        at java.util.concurrent.locks.AbstractQueuedSynchronizer$ConditionObject.awaitNanos(AbstractQueuedSynchronizer.java:2078)&#10;        at java.util.concurrent.ScheduledThreadPoolExecutor$DelayedWorkQueue.take(ScheduledThreadPoolExecutor.java:1093)&#10;        at java.util.concurrent.ScheduledThreadPoolExecutor$DelayedWorkQueue.take(ScheduledThreadPoolExecutor.java:809)&#10;        at java.util.concurrent.ThreadPoolExecutor.getTask(ThreadPoolExecutor.java:1074)&#10;        at java.util.concurrent.ThreadPoolExecutor.runWorker(ThreadPoolExecutor.java:1134)&#10;        at java.util.concurrent.ThreadPoolExecutor$Worker.run(ThreadPoolExecutor.java:624)&#10;        at java.lang.Thread.run(Thread.java:748)&#10;&quot;IPC Server handler 3 on default port 45051&quot; daemon prio=5 tid=38 timed_waiting&#10;java.lang.Thread.State: TIMED_WAITING&#10;        at sun.misc.Unsafe.park(Native Method)&#10;        at java.util.concurrent.locks.LockSupport.parkNanos(LockSupport.java:215)&#10;        at java.util.concurrent.locks.AbstractQueuedSynchronizer$ConditionObject.awaitNanos(AbstractQueuedSynchronizer.java:2078)&#10;        at java.util.concurrent.LinkedBlockingQueue.poll(LinkedBlockingQueue.java:467)&#10;        at org.apache.hadoop.ipc.CallQueueManager.take(CallQueueManager.java:295)&#10;        at org.apache.hadoop.ipc.Server$Handler.run(Server.java:2881)&#10;&quot;IPC Server handler 17 on default port 41087&quot; daemon prio=5 tid=72 timed_waiting&#10;java.lang.Thread.State: TIMED_WAITING&#10;        at sun.misc.Unsafe.park(Native Method)&#10;        at java.util.concurrent.locks.LockSupport.parkNanos(LockSupport.java:215)&#10;        at java.util.concurrent.locks.AbstractQueuedSynchronizer$ConditionObject.awaitNanos(AbstractQueuedSynchronizer.java:2078)&#10;        at java.util.concurrent.LinkedBlockingQueue.poll(LinkedBlockingQueue.java:467)&#10;        at org.apache.hadoop.ipc.CallQueueManager.take(CallQueueManager.java:295)&#10;        at org.apache.hadoop.ipc.Server$Handler.run(Server.java:2881)&#10;&quot;EventQueue-NewNodeForNewNodeHandler&quot; daemon prio=5 tid=244 in Object.wait()&#10;java.lang.Thread.State: WAITING (on object monitor)&#10;        at sun.misc.Unsafe.park(Native Method)&#10;        at java.util.concurrent.locks.LockSupport.park(LockSupport.java:175)&#10;        at java.util.concurrent.locks.AbstractQueuedSynchronizer$ConditionObject.await(AbstractQueuedSynchronizer.java:2039)&#10;        at java.util.concurrent.LinkedBlockingQueue.take(LinkedBlockingQueue.java:442)&#10;        at java.util.concurrent.ThreadPoolExecutor.getTask(ThreadPoolExecutor.java:1074)&#10;        at java.util.concurrent.ThreadPoolExecutor.runWorker(ThreadPoolExecutor.java:1134)&#10;        at java.util.concurrent.ThreadPoolExecutor$Worker.run(ThreadPoolExecutor.java:624)&#10;        at java.lang.Thread.run(Thread.java:748)&#10;&quot;BlockDeletingService#1&quot; daemon prio=5 tid=235 timed_waiting&#10;java.lang.Thread.State: TIMED_WAITING&#10;        at sun.misc.Unsafe.park(Native Method)&#10;        at java.util.concurrent.locks.LockSupport.parkNanos(LockSupport.java:215)&#10;        at java.util.concurrent.locks.AbstractQueuedSynchronizer$ConditionObject.awaitNanos(AbstractQueuedSynchronizer.java:2078)&#10;        at java.util.concurrent.ScheduledThreadPoolExecutor$DelayedWorkQueue.take(ScheduledThreadPoolExecutor.java:1093)&#10;        at java.util.concurrent.ScheduledThreadPoolExecutor$DelayedWorkQueue.take(ScheduledThreadPoolExecutor.java:809)&#10;        at java.util.concurrent.ThreadPoolExecutor.getTask(ThreadPoolExecutor.java:1074)&#10;        at java.util.concurrent.ThreadPoolExecutor.runWorker(ThreadPoolExecutor.java:1134)&#10;        at java.util.concurrent.ThreadPoolExecutor$Worker.run(ThreadPoolExecutor.java:624)&#10;        at java.lang.Thread.run(Thread.java:748)&#10;&quot;pool-24-thread-1&quot;  prio=5 tid=140 timed_waiting&#10;java.lang.Thread.State: TIMED_WAITING&#10;        at sun.misc.Unsafe.park(Native Method)&#10;        at java.util.concurrent.locks.LockSupport.parkNanos(LockSupport.java:215)&#10;        at java.util.concurrent.locks.AbstractQueuedSynchronizer$ConditionObject.awaitNanos(AbstractQueuedSynchronizer.java:2078)&#10;        at java.util.concurrent.ScheduledThreadPoolExecutor$DelayedWorkQueue.take(ScheduledThreadPoolExecutor.java:1093)&#10;        at java.util.concurrent.ScheduledThreadPoolExecutor$DelayedWorkQueue.take(ScheduledThreadPoolExecutor.java:809)&#10;        at java.util.concurrent.ThreadPoolExecutor.getTask(ThreadPoolExecutor.java:1074)&#10;        at java.util.concurrent.ThreadPoolExecutor.runWorker(ThreadPoolExecutor.java:1134)&#10;        at java.util.concurrent.ThreadPoolExecutor$Worker.run(ThreadPoolExecutor.java:624)&#10;        at java.lang.Thread.run(Thread.java:748)&#10;&quot;org.apache.hadoop.util.JvmPauseMonitor$Monitor@12c6a81c&quot; daemon prio=5 tid=178 timed_waiting&#10;java.lang.Thread.State: TIMED_WAITING&#10;        at java.lang.Thread.sleep(Native Method)&#10;        at org.apache.hadoop.util.JvmPauseMonitor$Monitor.run(JvmPauseMonitor.java:192)&#10;        at java.lang.Thread.run(Thread.java:748)&#10;&quot;ChunkWriter-1-0&quot; daemon prio=5 tid=226 in Object.wait()&#10;java.lang.Thread.State: WAITING (on object monitor)&#10;        at sun.misc.Unsafe.park(Native Method)&#10;        at java.util.concurrent.locks.LockSupport.park(LockSupport.java:175)&#10;        at java.util.concurrent.locks.AbstractQueuedSynchronizer$ConditionObject.await(AbstractQueuedSynchronizer.java:2039)&#10;        at java.util.concurrent.LinkedBlockingDeque.takeFirst(LinkedBlockingDeque.java:492)&#10;        at java.util.concurrent.LinkedBlockingDeque.take(LinkedBlockingDeque.java:680)&#10;        at java.util.concurrent.ThreadPoolExecutor.getTask(ThreadPoolExecutor.java:1074)&#10;        at java.util.concurrent.ThreadPoolExecutor.runWorker(ThreadPoolExecutor.java:1134)&#10;        at java.util.concurrent.ThreadPoolExecutor$Worker.run(ThreadPoolExecutor.java:624)&#10;        at java.lang.Thread.run(Thread.java:748)&#10;&quot;EventQueue-Safe mode statusForSCMClientProtocolServer&quot;  prio=5 tid=30 in Object.wait()&#10;java.lang.Thread.State: WAITING (on object monitor)&#10;        at sun.misc.Unsafe.park(Native Method)&#10;        at java.util.concurrent.locks.LockSupport.park(LockSupport.java:175)&#10;        at java.util.concurrent.locks.AbstractQueuedSynchronizer$ConditionObject.await(AbstractQueuedSynchronizer.java:2039)&#10;        at java.util.concurrent.LinkedBlockingQueue.take(LinkedBlockingQueue.java:442)&#10;        at java.util.concurrent.ThreadPoolExecutor.getTask(ThreadPoolExecutor.java:1074)&#10;        at java.util.concurrent.ThreadPoolExecutor.runWorker(ThreadPoolExecutor.java:1134)&#10;        at java.util.concurrent.ThreadPoolExecutor$Worker.run(ThreadPoolExecutor.java:624)&#10;        at java.lang.Thread.run(Thread.java:748)&#10;&quot;EventQueue-Safe mode statusForBlockManagerImpl&quot;  prio=5 tid=29 in Object.wait()&#10;java.lang.Thread.State: WAITING (on object monitor)&#10;        at sun.misc.Unsafe.park(Native Method)&#10;        at java.util.concurrent.locks.LockSupport.park(LockSupport.java:175)&#10;        at java.util.concurrent.locks.AbstractQueuedSynchronizer$ConditionObject.await(AbstractQueuedSynchronizer.java:2039)&#10;        at java.util.concurrent.LinkedBlockingQueue.take(LinkedBlockingQueue.java:442)&#10;        at java.util.concurrent.ThreadPoolExecutor.getTask(ThreadPoolExecutor.java:1074)&#10;        at java.util.concurrent.ThreadPoolExecutor.runWorker(ThreadPoolExecutor.java:1134)&#10;        at java.util.concurrent.ThreadPoolExecutor$Worker.run(ThreadPoolExecutor.java:624)&#10;        at java.lang.Thread.run(Thread.java:748)&#10;&quot;qtp448070390-146&quot; daemon prio=5 tid=146 timed_waiting&#10;java.lang.Thread.State: TIMED_WAITING&#10;        at sun.misc.Unsafe.park(Native Method)&#10;        at java.util.concurrent.locks.LockSupport.parkNanos(LockSupport.java:215)&#10;        at java.util.concurrent.locks.AbstractQueuedSynchronizer$ConditionObject.awaitNanos(AbstractQueuedSynchronizer.java:2078)&#10;        at org.eclipse.jetty.util.BlockingArrayQueue.poll(BlockingArrayQueue.java:382)&#10;        at org.eclipse.jetty.util.thread.QueuedThreadPool$Runner.idleJobPoll(QueuedThreadPool.java:875)&#10;        at org.eclipse.jetty.util.thread.QueuedThreadPool$Runner.run(QueuedThreadPool.java:925)&#10;        at java.lang.Thread.run(Thread.java:748)&#10;&quot;KeyDeletingService#1&quot; daemon prio=5 tid=121 in Object.wait()&#10;java.lang.Thread.State: WAITING (on object monitor)&#10;        at sun.misc.Unsafe.park(Native Method)&#10;        at java.util.concurrent.locks.LockSupport.park(LockSupport.java:175)&#10;        at java.util.concurrent.locks.AbstractQueuedSynchronizer$ConditionObject.await(AbstractQueuedSynchronizer.java:2039)&#10;        at java.util.concurrent.ScheduledThreadPoolExecutor$DelayedWorkQueue.take(ScheduledThreadPoolExecutor.java:1088)&#10;        at java.util.concurrent.ScheduledThreadPoolExecutor$DelayedWorkQueue.take(ScheduledThreadPoolExecutor.java:809)&#10;        at java.util.concurrent.ThreadPoolExecutor.getTask(ThreadPoolExecutor.java:1074)&#10;        at java.util.concurrent.ThreadPoolExecutor.runWorker(ThreadPoolExecutor.java:1134)&#10;        at java.util.concurrent.ThreadPoolExecutor$Worker.run(ThreadPoolExecutor.java:624)&#10;        at java.lang.Thread.run(Thread.java:748)&#10;&quot;IPC Server listener on 0&quot; daemon prio=5 tid=112 runnable&#10;java.lang.Thread.State: RUNNABLE&#10;        at sun.nio.ch.EPollArrayWrapper.epollWait(Native Method)&#10;        at sun.nio.ch.EPollArrayWrapper.poll(EPollArrayWrapper.java:269)&#10;        at sun.nio.ch.EPollSelectorImpl.doSelect(EPollSelectorImpl.java:93)&#10;        at sun.nio.ch.SelectorImpl.lockAndDoSelect(SelectorImpl.java:86)&#10;        at sun.nio.ch.SelectorImpl.select(SelectorImpl.java:97)&#10;        at sun.nio.ch.SelectorImpl.select(SelectorImpl.java:101)&#10;        at org.apache.hadoop.ipc.Server$Listener.run(Server.java:1304)&#10;&quot;IPC Server handler 2 on default port 37665&quot; daemon prio=5 tid=77 timed_waiting&#10;java.lang.Thread.State: TIMED_WAITING&#10;        at sun.misc.Unsafe.park(Native Method)&#10;        at java.util.concurrent.locks.LockSupport.parkNanos(LockSupport.java:215)&#10;        at java.util.concurrent.locks.AbstractQueuedSynchronizer$ConditionObject.awaitNanos(AbstractQueuedSynchronizer.java:2078)&#10;        at java.util.concurrent.LinkedBlockingQueue.poll(LinkedBlockingQueue.java:467)&#10;        at org.apache.hadoop.ipc.CallQueueManager.take(CallQueueManager.java:295)&#10;        at org.apache.hadoop.ipc.Server$Handler.run(Server.java:2881)&#10;&quot;qtp448070390-143&quot; daemon prio=5 tid=143 timed_waiting&#10;java.lang.Thread.State: TIMED_WAITING&#10;        at sun.misc.Unsafe.park(Native Method)&#10;        at java.util.concurrent.locks.LockSupport.parkNanos(LockSupport.java:215)&#10;        at java.util.concurrent.locks.AbstractQueuedSynchronizer$ConditionObject.awaitNanos(AbstractQueuedSynchronizer.java:2078)&#10;        at org.eclipse.jetty.util.BlockingArrayQueue.poll(BlockingArrayQueue.java:382)&#10;        at org.eclipse.jetty.util.thread.QueuedThreadPool$Runner.idleJobPoll(QueuedThreadPool.java:875)&#10;        at org.eclipse.jetty.util.thread.QueuedThreadPool$Runner.run(QueuedThreadPool.java:925)&#10;        at java.lang.Thread.run(Thread.java:748)&#10;&quot;IPC Server handler 4 on default port 41087&quot; daemon prio=5 tid=59 timed_waiting&#10;java.lang.Thread.State: TIMED_WAITING&#10;        at sun.misc.Unsafe.park(Native Method)&#10;        at java.util.concurrent.locks.LockSupport.parkNanos(LockSupport.java:215)&#10;        at java.util.concurrent.locks.AbstractQueuedSynchronizer$ConditionObject.awaitNanos(AbstractQueuedSynchronizer.java:2078)&#10;        at java.util.concurrent.LinkedBlockingQueue.poll(LinkedBlockingQueue.java:467)&#10;        at org.apache.hadoop.ipc.CallQueueManager.take(CallQueueManager.java:295)&#10;        at org.apache.hadoop.ipc.Server$Handler.run(Server.java:2881)&#10;&quot;Signal Dispatcher&quot; daemon prio=9 tid=4 runnable&#10;java.lang.Thread.State: RUNNABLE&#10;&quot;qtp490467503-165&quot; daemon prio=5 tid=165 timed_waiting&#10;java.lang.Thread.State: TIMED_WAITING&#10;        at sun.misc.Unsafe.park(Native Method)&#10;        at java.util.concurrent.locks.LockSupport.parkNanos(LockSupport.java:215)&#10;        at java.util.concurrent.locks.AbstractQueuedSynchronizer$ConditionObject.awaitNanos(AbstractQueuedSynchronizer.java:2078)&#10;        at org.eclipse.jetty.util.BlockingArrayQueue.poll(BlockingArrayQueue.java:382)&#10;        at org.eclipse.jetty.util.thread.QueuedThreadPool$Runner.idleJobPoll(QueuedThreadPool.java:875)&#10;        at org.eclipse.jetty.util.thread.QueuedThreadPool$Runner.run(QueuedThreadPool.java:925)&#10;        at java.lang.Thread.run(Thread.java:748)&#10;&quot;qtp448070390-144&quot; daemon prio=5 tid=144 timed_waiting&#10;java.lang.Thread.State: TIMED_WAITING&#10;        at sun.misc.Unsafe.park(Native Method)&#10;        at java.util.concurrent.locks.LockSupport.parkNanos(LockSupport.java:215)&#10;        at java.util.concurrent.locks.AbstractQueuedSynchronizer$ConditionObject.awaitNanos(AbstractQueuedSynchronizer.java:2078)&#10;        at org.eclipse.jetty.util.BlockingArrayQueue.poll(BlockingArrayQueue.java:382)&#10;        at org.eclipse.jetty.util.thread.QueuedThreadPool$Runner.idleJobPoll(QueuedThreadPool.java:875)&#10;        at org.eclipse.jetty.util.thread.QueuedThreadPool$Runner.run(QueuedThreadPool.java:925)&#10;        at java.lang.Thread.run(Thread.java:748)&#10;&quot;IPC Server handler 14 on default port 36455&quot; daemon prio=5 tid=134 timed_waiting&#10;java.lang.Thread.State: TIMED_WAITING&#10;        at sun.misc.Unsafe.park(Native Method)&#10;        at java.util.concurrent.locks.LockSupport.parkNanos(LockSupport.java:215)&#10;        at java.util.concurrent.locks.AbstractQueuedSynchronizer$ConditionObject.awaitNanos(AbstractQueuedSynchronizer.java:2078)&#10;        at java.util.concurrent.LinkedBlockingQueue.poll(LinkedBlockingQueue.java:467)&#10;        at org.apache.hadoop.ipc.CallQueueManager.take(CallQueueManager.java:295)&#10;        at org.apache.hadoop.ipc.Server$Handler.run(Server.java:2881)&#10;&quot;IPC Server handler 6 on default port 45051&quot; daemon prio=5 tid=41 timed_waiting&#10;java.lang.Thread.State: TIMED_WAITING&#10;        at sun.misc.Unsafe.park(Native Method)&#10;        at java.util.concurrent.locks.LockSupport.parkNanos(LockSupport.java:215)&#10;        at java.util.concurrent.locks.AbstractQueuedSynchronizer$ConditionObject.awaitNanos(AbstractQueuedSynchronizer.java:2078)&#10;        at java.util.concurrent.LinkedBlockingQueue.poll(LinkedBlockingQueue.java:467)&#10;        at org.apache.hadoop.ipc.CallQueueManager.take(CallQueueManager.java:295)&#10;        at org.apache.hadoop.ipc.Server$Handler.run(Server.java:2881)&#10;&quot;qtp448070390-148&quot; daemon prio=5 tid=148 timed_waiting&#10;java.lang.Thread.State: TIMED_WAITING&#10;        at sun.misc.Unsafe.park(Native Method)&#10;        at java.util.concurrent.locks.LockSupport.parkNanos(LockSupport.java:215)&#10;        at java.util.concurrent.locks.AbstractQueuedSynchronizer$ConditionObject.awaitNanos(AbstractQueuedSynchronizer.java:2078)&#10;        at org.eclipse.jetty.util.BlockingArrayQueue.poll(BlockingArrayQueue.java:382)&#10;        at org.eclipse.jetty.util.thread.QueuedThreadPool$Runner.idleJobPoll(QueuedThreadPool.java:875)&#10;        at org.eclipse.jetty.util.thread.QueuedThreadPool$Runner.run(QueuedThreadPool.java:925)&#10;        at java.lang.Thread.run(Thread.java:748)&#10;&quot;qtp162320368-101&quot; daemon prio=5 tid=101 timed_waiting&#10;java.lang.Thread.State: TIMED_WAITING&#10;        at sun.misc.Unsafe.park(Native Method)&#10;        at java.util.concurrent.locks.LockSupport.parkNanos(LockSupport.java:215)&#10;        at java.util.concurrent.locks.AbstractQueuedSynchronizer$ConditionObject.awaitNanos(AbstractQueuedSynchronizer.java:2078)&#10;        at org.eclipse.jetty.util.BlockingArrayQueue.poll(BlockingArrayQueue.java:382)&#10;        at org.eclipse.jetty.util.thread.QueuedThreadPool$Runner.idleJobPoll(QueuedThreadPool.java:875)&#10;        at org.eclipse.jetty.util.thread.QueuedThreadPool$Runner.run(QueuedThreadPool.java:925)&#10;        at java.lang.Thread.run(Thread.java:748)&#10;&quot;IPC Server handler 3 on default port 36455&quot; daemon prio=5 tid=123 timed_waiting&#10;java.lang.Thread.State: TIMED_WAITING&#10;        at sun.misc.Unsafe.park(Native Method)&#10;        at java.util.concurrent.locks.LockSupport.parkNanos(LockSupport.java:215)&#10;        at java.util.concurrent.locks.AbstractQueuedSynchronizer$ConditionObject.awaitNanos(AbstractQueuedSynchronizer.java:2078)&#10;        at java.util.concurrent.LinkedBlockingQueue.poll(LinkedBlockingQueue.java:467)&#10;        at org.apache.hadoop.ipc.CallQueueManager.take(CallQueueManager.java:295)&#10;        at org.apache.hadoop.ipc.Server$Handler.run(Server.java:2881)&#10;&quot;org.apache.hadoop.util.JvmPauseMonitor$Monitor@6b349a2e&quot; daemon prio=5 tid=222 timed_waiting&#10;java.lang.Thread.State: TIMED_WAITING&#10;        at java.lang.Thread.sleep(Native Method)&#10;        at org.apache.hadoop.util.JvmPauseMonitor$Monitor.run(JvmPauseMonitor.java:192)&#10;        at java.lang.Thread.run(Thread.java:748)&#10;&quot;IPC Server handler 15 on default port 41087&quot; daemon prio=5 tid=70 timed_waiting&#10;java.lang.Thread.State: TIMED_WAITING&#10;        at sun.misc.Unsafe.park(Native Method)&#10;        at java.util.concurrent.locks.LockSupport.parkNanos(LockSupport.java:215)&#10;        at java.util.concurrent.locks.AbstractQueuedSynchronizer$ConditionObject.awaitNanos(AbstractQueuedSynchronizer.java:2078)&#10;        at java.util.concurrent.LinkedBlockingQueue.poll(LinkedBlockingQueue.java:467)&#10;        at org.apache.hadoop.ipc.CallQueueManager.take(CallQueueManager.java:295)&#10;        at org.apache.hadoop.ipc.Server$Handler.run(Server.java:2881)&#10;&quot;surefire-forkedjvm-ping-30s&quot; daemon prio=5 tid=10 timed_waiting&#10;java.lang.Thread.State: TIMED_WAITING&#10;        at sun.misc.Unsafe.park(Native Method)&#10;        at java.util.concurrent.locks.LockSupport.parkNanos(LockSupport.java:215)&#10;        at java.util.concurrent.locks.AbstractQueuedSynchronizer$ConditionObject.awaitNanos(AbstractQueuedSynchronizer.java:2078)&#10;        at java.util.concurrent.ScheduledThreadPoolExecutor$DelayedWorkQueue.take(ScheduledThreadPoolExecutor.java:1093)&#10;        at java.util.concurrent.ScheduledThreadPoolExecutor$DelayedWorkQueue.take(ScheduledThreadPoolExecutor.java:809)&#10;        at java.util.concurrent.ThreadPoolExecutor.getTask(ThreadPoolExecutor.java:1074)&#10;        at java.util.concurrent.ThreadPoolExecutor.runWorker(ThreadPoolExecutor.java:1134)&#10;        at java.util.concurrent.ThreadPoolExecutor$Worker.run(ThreadPoolExecutor.java:624)&#10;        at java.lang.Thread.run(Thread.java:748)&#10;&quot;ChunkWriter-0-0&quot; daemon prio=5 tid=238 in Object.wait()&#10;java.lang.Thread.State: WAITING (on object monitor)&#10;        at sun.misc.Unsafe.park(Native Method)&#10;        at java.util.concurrent.locks.LockSupport.park(LockSupport.java:175)&#10;        at java.util.concurrent.locks.AbstractQueuedSynchronizer$ConditionObject.await(AbstractQueuedSynchronizer.java:2039)&#10;        at java.util.concurrent.LinkedBlockingDeque.takeFirst(LinkedBlockingDeque.java:492)&#10;        at java.util.concurrent.LinkedBlockingDeque.take(LinkedBlockingDeque.java:680)&#10;        at java.util.concurrent.ThreadPoolExecutor.getTask(ThreadPoolExecutor.java:1074)&#10;        at java.util.concurrent.ThreadPoolExecutor.runWorker(ThreadPoolExecutor.java:1134)&#10;        at java.util.concurrent.ThreadPoolExecutor$Worker.run(ThreadPoolExecutor.java:624)&#10;        at java.lang.Thread.run(Thread.java:748)&#10;&quot;IPC Server handler 9 on default port 36455&quot; daemon prio=5 tid=129 timed_waiting&#10;java.lang.Thread.State: TIMED_WAITING&#10;        at sun.misc.Unsafe.park(Native Method)&#10;        at java.util.concurrent.locks.LockSupport.parkNanos(LockSupport.java:215)&#10;        at java.util.concurrent.locks.AbstractQueuedSynchronizer$ConditionObject.awaitNanos(AbstractQueuedSynchronizer.java:2078)&#10;        at java.util.concurrent.LinkedBlockingQueue.poll(LinkedBlockingQueue.java:467)&#10;        at org.apache.hadoop.ipc.CallQueueManager.take(CallQueueManager.java:295)&#10;        at org.apache.hadoop.ipc.Server$Handler.run(Server.java:2881)&#10;&quot;IPC Server handler 8 on default port 45051&quot; daemon prio=5 tid=43 timed_waiting&#10;java.lang.Thread.State: TIMED_WAITING&#10;        at sun.misc.Unsafe.park(Native Method)&#10;        at java.util.concurrent.locks.LockSupport.parkNanos(LockSupport.java:215)&#10;        at java.util.concurrent.locks.AbstractQueuedSynchronizer$ConditionObject.awaitNanos(AbstractQueuedSynchronizer.java:2078)&#10;        at java.util.concurrent.LinkedBlockingQueue.poll(LinkedBlockingQueue.java:467)&#10;        at org.apache.hadoop.ipc.CallQueueManager.take(CallQueueManager.java:295)&#10;        at org.apache.hadoop.ipc.Server$Handler.run(Server.java:2881)&#10;&quot;qtp934985972-187&quot; daemon prio=5 tid=187 timed_waiting&#10;java.lang.Thread.State: TIMED_WAITING&#10;        at sun.misc.Unsafe.park(Native Method)&#10;        at java.util.concurrent.locks.LockSupport.parkNanos(LockSupport.java:215)&#10;        at java.util.concurrent.locks.AbstractQueuedSynchronizer$ConditionObject.awaitNanos(AbstractQueuedSynchronizer.java:2078)&#10;        at org.eclipse.jetty.util.BlockingArrayQueue.poll(BlockingArrayQueue.java:382)&#10;        at org.eclipse.jetty.util.thread.QueuedThreadPool$Runner.idleJobPoll(QueuedThreadPool.java:875)&#10;        at org.eclipse.jetty.util.thread.QueuedThreadPool$Runner.run(QueuedThreadPool.java:925)&#10;        at java.lang.Thread.run(Thread.java:748)&#10;&quot;IPC Server handler 4 on default port 37665&quot; daemon prio=5 tid=79 timed_waiting&#10;java.lang.Thread.State: TIMED_WAITING&#10;        at sun.misc.Unsafe.park(Native Method)&#10;        at java.util.concurrent.locks.LockSupport.parkNanos(LockSupport.java:215)&#10;        at java.util.concurrent.locks.AbstractQueuedSynchronizer$ConditionObject.awaitNanos(AbstractQueuedSynchronizer.java:2078)&#10;        at java.util.concurrent.LinkedBlockingQueue.poll(LinkedBlockingQueue.java:467)&#10;        at org.apache.hadoop.ipc.CallQueueManager.take(CallQueueManager.java:295)&#10;        at org.apache.hadoop.ipc.Server$Handler.run(Server.java:2881)&#10;&quot;ChunkWriter-1-0&quot; daemon prio=5 tid=232 in Object.wait()&#10;java.lang.Thread.State: WAITING (on object monitor)&#10;        at sun.misc.Unsafe.park(Native Method)&#10;        at java.util.concurrent.locks.LockSupport.park(LockSupport.java:175)&#10;        at java.util.concurrent.locks.AbstractQueuedSynchronizer$ConditionObject.await(AbstractQueuedSynchronizer.java:2039)&#10;        at java.util.concurrent.LinkedBlockingDeque.takeFirst(LinkedBlockingDeque.java:492)&#10;        at java.util.concurrent.LinkedBlockingDeque.take(LinkedBlockingDeque.java:680)&#10;        at java.util.concurrent.ThreadPoolExecutor.getTask(ThreadPoolExecutor.java:1074)&#10;        at java.util.concurrent.ThreadPoolExecutor.runWorker(ThreadPoolExecutor.java:1134)&#10;        at java.util.concurrent.ThreadPoolExecutor$Worker.run(ThreadPoolExecutor.java:624)&#10;        at java.lang.Thread.run(Thread.java:748)&#10;&quot;IPC Server handler 12 on default port 37665&quot; daemon prio=5 tid=87 timed_waiting&#10;java.lang.Thread.State: TIMED_WAITING&#10;        at sun.misc.Unsafe.park(Native Method)&#10;        at java.util.concurrent.locks.LockSupport.parkNanos(LockSupport.java:215)&#10;        at java.util.concurrent.locks.AbstractQueuedSynchronizer$ConditionObject.awaitNanos(AbstractQueuedSynchronizer.java:2078)&#10;        at java.util.concurrent.LinkedBlockingQueue.poll(LinkedBlockingQueue.java:467)&#10;        at org.apache.hadoop.ipc.CallQueueManager.take(CallQueueManager.java:295)&#10;        at org.apache.hadoop.ipc.Server$Handler.run(Server.java:2881)&#10;&quot;pool-67-thread-1&quot;  prio=5 tid=265 in Object.wait()&#10;java.lang.Thread.State: WAITING (on object monitor)&#10;        at sun.misc.Unsafe.park(Native Method)&#10;        at java.util.concurrent.locks.LockSupport.park(LockSupport.java:175)&#10;        at java.util.concurrent.locks.AbstractQueuedSynchronizer$ConditionObject.await(AbstractQueuedSynchronizer.java:2039)&#10;        at java.util.concurrent.LinkedBlockingQueue.take(LinkedBlockingQueue.java:442)&#10;        at java.util.concurrent.ThreadPoolExecutor.getTask(ThreadPoolExecutor.java:1074)&#10;        at java.util.concurrent.ThreadPoolExecutor.runWorker(ThreadPoolExecutor.java:1134)&#10;        at java.util.concurrent.ThreadPoolExecutor$Worker.run(ThreadPoolExecutor.java:624)&#10;        at java.lang.Thread.run(Thread.java:748)&#10;&quot;EventQueue-DatanodeCommandForSCMNodeManager&quot;  prio=5 tid=249 in Object.wait()&#10;java.lang.Thread.State: WAITING (on object monitor)&#10;        at sun.misc.Unsafe.park(Native Method)&#10;        at java.util.concurrent.locks.LockSupport.park(LockSupport.java:175)&#10;        at java.util.concurrent.locks.AbstractQueuedSynchronizer$ConditionObject.await(AbstractQueuedSynchronizer.java:2039)&#10;        at java.util.concurrent.LinkedBlockingQueue.take(LinkedBlockingQueue.java:442)&#10;        at java.util.concurrent.ThreadPoolExecutor.getTask(ThreadPoolExecutor.java:1074)&#10;        at java.util.concurrent.ThreadPoolExecutor.runWorker(ThreadPoolExecutor.java:1134)&#10;        at java.util.concurrent.ThreadPoolExecutor$Worker.run(ThreadPoolExecutor.java:624)&#10;        at java.lang.Thread.run(Thread.java:748)&#10;&quot;Command processor thread&quot; daemon prio=5 tid=201 runnable&#10;java.lang.Thread.State: RUNNABLE&#10;        at org.apache.hadoop.ozone.container.common.statemachine.DatanodeStateMachine.lambda$initCommandHandlerThread$1(DatanodeStateMachine.java:472)&#10;        at org.apache.hadoop.ozone.container.common.statemachine.DatanodeStateMachine$$Lambda$171/1907114809.run(Unknown Source)&#10;        at java.lang.Thread.run(Thread.java:748)&#10;&quot;Thread-204&quot; daemon prio=5 tid=295 timed_waiting&#10;java.lang.Thread.State: TIMED_WAITING&#10;        at sun.misc.Unsafe.park(Native Method)&#10;        at java.util.concurrent.locks.LockSupport.parkNanos(LockSupport.java:215)&#10;        at java.util.concurrent.locks.AbstractQueuedSynchronizer$ConditionObject.awaitNanos(AbstractQueuedSynchronizer.java:2078)&#10;        at java.util.concurrent.ArrayBlockingQueue.poll(ArrayBlockingQueue.java:418)&#10;        at org.apache.ratis.server.impl.LeaderState$EventQueue.poll(LeaderState.java:121)&#10;        at org.apache.ratis.server.impl.LeaderState$EventProcessor.run(LeaderState.java:496)&#10;&quot;ChunkWriter-2-0&quot; daemon prio=5 tid=233 in Object.wait()&#10;java.lang.Thread.State: WAITING (on object monitor)&#10;        at sun.misc.Unsafe.park(Native Method)&#10;        at java.util.concurrent.locks.LockSupport.park(LockSupport.java:175)&#10;        at java.util.concurrent.locks.AbstractQueuedSynchronizer$ConditionObject.await(AbstractQueuedSynchronizer.java:2039)&#10;        at java.util.concurrent.LinkedBlockingDeque.takeFirst(LinkedBlockingDeque.java:492)&#10;        at java.util.concurrent.LinkedBlockingDeque.take(LinkedBlockingDeque.java:680)&#10;        at java.util.concurrent.ThreadPoolExecutor.getTask(ThreadPoolExecutor.java:1074)&#10;        at java.util.concurrent.ThreadPoolExecutor.runWorker(ThreadPoolExecutor.java:1134)&#10;        at java.util.concurrent.ThreadPoolExecutor$Worker.run(ThreadPoolExecutor.java:624)&#10;        at java.lang.Thread.run(Thread.java:748)&#10;&quot;qtp448070390-147&quot; daemon prio=5 tid=147 timed_waiting&#10;java.lang.Thread.State: TIMED_WAITING&#10;        at sun.misc.Unsafe.park(Native Method)&#10;        at java.util.concurrent.locks.LockSupport.parkNanos(LockSupport.java:215)&#10;        at java.util.concurrent.locks.AbstractQueuedSynchronizer$ConditionObject.awaitNanos(AbstractQueuedSynchronizer.java:2078)&#10;        at org.eclipse.jetty.util.BlockingArrayQueue.poll(BlockingArrayQueue.java:382)&#10;        at org.eclipse.jetty.util.thread.QueuedThreadPool$Runner.idleJobPoll(QueuedThreadPool.java:875)&#10;        at org.eclipse.jetty.util.thread.QueuedThreadPool$Runner.run(QueuedThreadPool.java:925)&#10;        at java.lang.Thread.run(Thread.java:748)&#10;&quot;IPC Server handler 15 on default port 36455&quot; daemon prio=5 tid=135 timed_waiting&#10;java.lang.Thread.State: TIMED_WAITING&#10;        at sun.misc.Unsafe.park(Native Method)&#10;        at java.util.concurrent.locks.LockSupport.parkNanos(LockSupport.java:215)&#10;        at java.util.concurrent.locks.AbstractQueuedSynchronizer$ConditionObject.awaitNanos(AbstractQueuedSynchronizer.java:2078)&#10;        at java.util.concurrent.LinkedBlockingQueue.poll(LinkedBlockingQueue.java:467)&#10;        at org.apache.hadoop.ipc.CallQueueManager.take(CallQueueManager.java:295)&#10;        at org.apache.hadoop.ipc.Server$Handler.run(Server.java:2881)&#10;&quot;ChunkWriter-0-0&quot; daemon prio=5 tid=225 in Object.wait()&#10;java.lang.Thread.State: WAITING (on object monitor)&#10;        at sun.misc.Unsafe.park(Native Method)&#10;        at java.util.concurrent.locks.LockSupport.park(LockSupport.java:175)&#10;        at java.util.concurrent.locks.AbstractQueuedSynchronizer$ConditionObject.await(AbstractQueuedSynchronizer.java:2039)&#10;        at java.util.concurrent.LinkedBlockingDeque.takeFirst(LinkedBlockingDeque.java:492)&#10;        at java.util.concurrent.LinkedBlockingDeque.take(LinkedBlockingDeque.java:680)&#10;        at java.util.concurrent.ThreadPoolExecutor.getTask(ThreadPoolExecutor.java:1074)&#10;        at java.util.concurrent.ThreadPoolExecutor.runWorker(ThreadPoolExecutor.java:1134)&#10;        at java.util.concurrent.ThreadPoolExecutor$Worker.run(ThreadPoolExecutor.java:624)&#10;        at java.lang.Thread.run(Thread.java:748)&#10;&quot;Periodic HDDS volume checker&quot; daemon prio=5 tid=153 timed_waiting&#10;java.lang.Thread.State: TIMED_WAITING&#10;        at sun.misc.Unsafe.park(Native Method)&#10;        at java.util.concurrent.locks.LockSupport.parkNanos(LockSupport.java:215)&#10;        at java.util.concurrent.locks.AbstractQueuedSynchronizer$ConditionObject.awaitNanos(AbstractQueuedSynchronizer.java:2078)&#10;        at java.util.concurrent.ScheduledThreadPoolExecutor$DelayedWorkQueue.take(ScheduledThreadPoolExecutor.java:1093)&#10;        at java.util.concurrent.ScheduledThreadPoolExecutor$DelayedWorkQueue.take(ScheduledThreadPoolExecutor.java:809)&#10;        at java.util.concurrent.ThreadPoolExecutor.getTask(ThreadPoolExecutor.java:1074)&#10;        at java.util.concurrent.ThreadPoolExecutor.runWorker(ThreadPoolExecutor.java:1134)&#10;        at java.util.concurrent.ThreadPoolExecutor$Worker.run(ThreadPoolExecutor.java:624)&#10;        at java.lang.Thread.run(Thread.java:748)&#10;&quot;IPC Server handler 6 on default port 41087&quot; daemon prio=5 tid=61 timed_waiting&#10;java.lang.Thread.State: TIMED_WAITING&#10;        at sun.misc.Unsafe.park(Native Method)&#10;        at java.util.concurrent.locks.LockSupport.parkNanos(LockSupport.java:215)&#10;        at java.util.concurrent.locks.AbstractQueuedSynchronizer$ConditionObject.awaitNanos(AbstractQueuedSynchronizer.java:2078)&#10;        at java.util.concurrent.LinkedBlockingQueue.poll(LinkedBlockingQueue.java:467)&#10;        at org.apache.hadoop.ipc.CallQueueManager.take(CallQueueManager.java:295)&#10;        at org.apache.hadoop.ipc.Server$Handler.run(Server.java:2881)&#10;&quot;qtp448070390-142-acceptor-0@338dccb8-ServerConnector@6f1163f7{HTTP/1.1,[http/1.1]}{0.0.0.0:46471}&quot; daemon prio=3 tid=142 runnable&#10;java.lang.Thread.State: RUNNABLE&#10;        at sun.nio.ch.ServerSocketChannelImpl.accept0(Native Method)&#10;        at sun.nio.ch.ServerSocketChannelImpl.accept(ServerSocketChannelImpl.java:422)&#10;        at sun.nio.ch.ServerSocketChannelImpl.accept(ServerSocketChannelImpl.java:250)&#10;        at org.eclipse.jetty.server.ServerConnector.accept(ServerConnector.java:385)&#10;        at org.eclipse.jetty.server.AbstractConnector$Acceptor.run(AbstractConnector.java:701)&#10;        at org.eclipse.jetty.util.thread.QueuedThreadPool.runJob(QueuedThreadPool.java:806)&#10;        at org.eclipse.jetty.util.thread.QueuedThreadPool$Runner.run(QueuedThreadPool.java:938)&#10;        at java.lang.Thread.run(Thread.java:748)&#10;&quot;EventQueue-Delayed safe mode statusForSCMPipelineManager&quot;  prio=5 tid=31 in Object.wait()&#10;java.lang.Thread.State: WAITING (on object monitor)&#10;        at sun.misc.Unsafe.park(Native Method)&#10;        at java.util.concurrent.locks.LockSupport.park(LockSupport.java:175)&#10;        at java.util.concurrent.locks.AbstractQueuedSynchronizer$ConditionObject.await(AbstractQueuedSynchronizer.java:2039)&#10;        at java.util.concurrent.LinkedBlockingQueue.take(LinkedBlockingQueue.java:442)&#10;        at java.util.concurrent.ThreadPoolExecutor.getTask(ThreadPoolExecutor.java:1074)&#10;        at java.util.concurrent.ThreadPoolExecutor.runWorker(ThreadPoolExecutor.java:1134)&#10;        at java.util.concurrent.ThreadPoolExecutor$Worker.run(ThreadPoolExecutor.java:624)&#10;        at java.lang.Thread.run(Thread.java:748)&#10;&quot;IPC Server idle connection scanner for port 41087&quot; daemon prio=5 tid=22 timed_waiting&#10;java.lang.Thread.State: TIMED_WAITING&#10;        at java.lang.Object.wait(Native Method)&#10;        at java.util.TimerThread.mainLoop(Timer.java:552)&#10;        at java.util.TimerThread.run(Timer.java:505)&#10;&quot;SCMBlockDeletingService#1&quot; daemon prio=5 tid=108 in Object.wait()&#10;java.lang.Thread.State: WAITING (on object monitor)&#10;        at sun.misc.Unsafe.park(Native Method)&#10;        at java.util.concurrent.locks.LockSupport.park(LockSupport.java:175)&#10;        at java.util.concurrent.locks.AbstractQueuedSynchronizer$ConditionObject.await(AbstractQueuedSynchronizer.java:2039)&#10;        at java.util.concurrent.ScheduledThreadPoolExecutor$DelayedWorkQueue.take(ScheduledThreadPoolExecutor.java:1088)&#10;        at java.util.concurrent.ScheduledThreadPoolExecutor$DelayedWorkQueue.take(ScheduledThreadPoolExecutor.java:809)&#10;        at java.util.concurrent.ThreadPoolExecutor.getTask(ThreadPoolExecutor.java:1074)&#10;        at java.util.concurrent.ThreadPoolExecutor.runWorker(ThreadPoolExecutor.java:1134)&#10;        at java.util.concurrent.ThreadPoolExecutor$Worker.run(ThreadPoolExecutor.java:624)&#10;        at java.lang.Thread.run(Thread.java:748)&#10;&quot;CommandWatcher-LeaseManager#LeaseMonitor&quot; daemon prio=5 tid=34 timed_waiting&#10;java.lang.Thread.State: TIMED_WAITING&#10;        at java.lang.Thread.sleep(Native Method)&#10;        at org.apache.hadoop.ozone.lease.LeaseManager$LeaseMonitor.run(LeaseManager.java:234)&#10;        at java.lang.Thread.run(Thread.java:748)&#10;&quot;pool-39-thread-1&quot;  prio=5 tid=157 timed_waiting&#10;java.lang.Thread.State: TIMED_WAITING&#10;        at sun.misc.Unsafe.park(Native Method)&#10;        at java.util.concurrent.locks.LockSupport.parkNanos(LockSupport.java:215)&#10;        at java.util.concurrent.locks.AbstractQueuedSynchronizer$ConditionObject.awaitNanos(AbstractQueuedSynchronizer.java:2078)&#10;        at java.util.concurrent.ScheduledThreadPoolExecutor$DelayedWorkQueue.take(ScheduledThreadPoolExecutor.java:1093)&#10;        at java.util.concurrent.ScheduledThreadPoolExecutor$DelayedWorkQueue.take(ScheduledThreadPoolExecutor.java:809)&#10;        at java.util.concurrent.ThreadPoolExecutor.getTask(ThreadPoolExecutor.java:1074)&#10;        at java.util.concurrent.ThreadPoolExecutor.runWorker(ThreadPoolExecutor.java:1134)&#10;        at java.util.concurrent.ThreadPoolExecutor$Worker.run(ThreadPoolExecutor.java:624)&#10;        at java.lang.Thread.run(Thread.java:748)&#10;&quot;IPC Server handler 8 on default port 41087&quot; daemon prio=5 tid=63 timed_waiting&#10;java.lang.Thread.State: TIMED_WAITING&#10;        at sun.misc.Unsafe.park(Native Method)&#10;        at java.util.concurrent.locks.LockSupport.parkNanos(LockSupport.java:215)&#10;        at java.util.concurrent.locks.AbstractQueuedSynchronizer$ConditionObject.awaitNanos(AbstractQueuedSynchronizer.java:2078)&#10;        at java.util.concurrent.LinkedBlockingQueue.poll(LinkedBlockingQueue.java:467)&#10;        at org.apache.hadoop.ipc.CallQueueManager.take(CallQueueManager.java:295)&#10;        at org.apache.hadoop.ipc.Server$Handler.run(Server.java:2881)&#10;&quot;Datanode ReportManager Thread - 0&quot; daemon prio=5 tid=217 timed_waiting&#10;java.lang.Thread.State: TIMED_WAITING&#10;        at sun.misc.Unsafe.park(Native Method)&#10;        at java.util.concurrent.locks.LockSupport.parkNanos(LockSupport.java:215)&#10;        at java.util.concurrent.locks.AbstractQueuedSynchronizer$ConditionObject.awaitNanos(AbstractQueuedSynchronizer.java:2078)&#10;        at java.util.concurrent.ScheduledThreadPoolExecutor$DelayedWorkQueue.take(ScheduledThreadPoolExecutor.java:1093)&#10;        at java.util.concurrent.ScheduledThreadPoolExecutor$DelayedWorkQueue.take(ScheduledThreadPoolExecutor.java:809)&#10;        at java.util.concurrent.ThreadPoolExecutor.getTask(ThreadPoolExecutor.java:1074)&#10;        at java.util.concurrent.ThreadPoolExecutor.runWorker(ThreadPoolExecutor.java:1134)&#10;        at java.util.concurrent.ThreadPoolExecutor$Worker.run(ThreadPoolExecutor.java:624)&#10;        at java.lang.Thread.run(Thread.java:748)&#10;&quot;Timer for &apos;StorageContainerManager&apos; metrics system&quot; daemon prio=5 tid=33 timed_waiting&#10;java.lang.Thread.State: TIMED_WAITING&#10;        at java.lang.Object.wait(Native Method)&#10;        at java.util.TimerThread.mainLoop(Timer.java:552)&#10;        at java.util.TimerThread.run(Timer.java:505)&#10;&quot;Command processor thread&quot; daemon prio=5 tid=221 runnable&#10;java.lang.Thread.State: RUNNABLE&#10;        at org.apache.hadoop.ozone.container.common.statemachine.DatanodeStateMachine.lambda$initCommandHandlerThread$1(DatanodeStateMachine.java:472)&#10;        at org.apache.hadoop.ozone.container.common.statemachine.DatanodeStateMachine$$Lambda$171/1907114809.run(Unknown Source)&#10;        at java.lang.Thread.run(Thread.java:748)&#10;&quot;IPC Server handler 2 on default port 45051&quot; daemon prio=5 tid=37 timed_waiting&#10;java.lang.Thread.State: TIMED_WAITING&#10;        at sun.misc.Unsafe.park(Native Method)&#10;        at java.util.concurrent.locks.LockSupport.parkNanos(LockSupport.java:215)&#10;        at java.util.concurrent.locks.AbstractQueuedSynchronizer$ConditionObject.awaitNanos(AbstractQueuedSynchronizer.java:2078)&#10;        at java.util.concurrent.LinkedBlockingQueue.poll(LinkedBlockingQueue.java:467)&#10;        at org.apache.hadoop.ipc.CallQueueManager.take(CallQueueManager.java:295)&#10;        at org.apache.hadoop.ipc.Server$Handler.run(Server.java:2881)&#10;&quot;IPC Server handler 19 on default port 41087&quot; daemon prio=5 tid=74 timed_waiting&#10;java.lang.Thread.State: TIMED_WAITING&#10;        at sun.misc.Unsafe.park(Native Method)&#10;        at java.util.concurrent.locks.LockSupport.parkNanos(LockSupport.java:215)&#10;        at java.util.concurrent.locks.AbstractQueuedSynchronizer$ConditionObject.awaitNanos(AbstractQueuedSynchronizer.java:2078)&#10;        at java.util.concurrent.LinkedBlockingQueue.poll(LinkedBlockingQueue.java:467)&#10;        at org.apache.hadoop.ipc.CallQueueManager.take(CallQueueManager.java:295)&#10;        at org.apache.hadoop.ipc.Server$Handler.run(Server.java:2881)&#10;&quot;pool-10-thread-1&quot;  prio=5 tid=104 timed_waiting&#10;java.lang.Thread.State: TIMED_WAITING&#10;        at sun.misc.Unsafe.park(Native Method)&#10;        at java.util.concurrent.locks.LockSupport.parkNanos(LockSupport.java:215)&#10;        at java.util.concurrent.locks.AbstractQueuedSynchronizer$ConditionObject.awaitNanos(AbstractQueuedSynchronizer.java:2078)&#10;        at java.util.concurrent.ScheduledThreadPoolExecutor$DelayedWorkQueue.take(ScheduledThreadPoolExecutor.java:1093)&#10;        at java.util.concurrent.ScheduledThreadPoolExecutor$DelayedWorkQueue.take(ScheduledThreadPoolExecutor.java:809)&#10;        at java.util.concurrent.ThreadPoolExecutor.getTask(ThreadPoolExecutor.java:1074)&#10;        at java.util.concurrent.ThreadPoolExecutor.runWorker(ThreadPoolExecutor.java:1134)&#10;        at java.util.concurrent.ThreadPoolExecutor$Worker.run(ThreadPoolExecutor.java:624)&#10;        at java.lang.Thread.run(Thread.java:748)&#10;&quot;IPC Server idle connection scanner for port 36455&quot; daemon prio=5 tid=114 timed_waiting&#10;java.lang.Thread.State: TIMED_WAITING&#10;        at java.lang.Object.wait(Native Method)&#10;        at java.util.TimerThread.mainLoop(Timer.java:552)&#10;        at java.util.TimerThread.run(Timer.java:505)&#10;&quot;qtp162320368-99&quot; daemon prio=5 tid=99 timed_waiting&#10;java.lang.Thread.State: TIMED_WAITING&#10;        at sun.misc.Unsafe.park(Native Method)&#10;        at java.util.concurrent.locks.LockSupport.parkNanos(LockSupport.java:215)&#10;        at java.util.concurrent.locks.AbstractQueuedSynchronizer$ConditionObject.awaitNanos(AbstractQueuedSynchronizer.java:2078)&#10;        at org.eclipse.jetty.util.BlockingArrayQueue.poll(BlockingArrayQueue.java:382)&#10;        at org.eclipse.jetty.util.thread.QueuedThreadPool$Runner.idleJobPoll(QueuedThreadPool.java:875)&#10;        at org.eclipse.jetty.util.thread.QueuedThreadPool$Runner.run(QueuedThreadPool.java:925)&#10;        at java.lang.Thread.run(Thread.java:748)&#10;&quot;qtp934985972-189&quot; daemon prio=5 tid=189 timed_waiting&#10;java.lang.Thread.State: TIMED_WAITING&#10;        at sun.misc.Unsafe.park(Native Method)&#10;        at java.util.concurrent.locks.LockSupport.parkNanos(LockSupport.java:215)&#10;        at java.util.concurrent.locks.AbstractQueuedSynchronizer$ConditionObject.awaitNanos(AbstractQueuedSynchronizer.java:2078)&#10;        at org.eclipse.jetty.util.BlockingArrayQueue.poll(BlockingArrayQueue.java:382)&#10;        at org.eclipse.jetty.util.thread.QueuedThreadPool$Runner.idleJobPoll(QueuedThreadPool.java:875)&#10;        at org.eclipse.jetty.util.thread.QueuedThreadPool$Runner.run(QueuedThreadPool.java:925)&#10;        at java.lang.Thread.run(Thread.java:748)&#10;&quot;IPC Server handler 9 on default port 41087&quot; daemon prio=5 tid=64 timed_waiting&#10;java.lang.Thread.State: TIMED_WAITING&#10;        at sun.misc.Unsafe.park(Native Method)&#10;        at java.util.concurrent.locks.LockSupport.parkNanos(LockSupport.java:215)&#10;        at java.util.concurrent.locks.AbstractQueuedSynchronizer$ConditionObject.awaitNanos(AbstractQueuedSynchronizer.java:2078)&#10;        at java.util.concurrent.LinkedBlockingQueue.poll(LinkedBlockingQueue.java:467)&#10;        at org.apache.hadoop.ipc.CallQueueManager.take(CallQueueManager.java:295)&#10;        at org.apache.hadoop.ipc.Server$Handler.run(Server.java:2881)&#10;&quot;Thread-200&quot; daemon prio=5 tid=291 timed_waiting&#10;java.lang.Thread.State: TIMED_WAITING&#10;        at sun.misc.Unsafe.park(Native Method)&#10;        at java.util.concurrent.locks.LockSupport.parkNanos(LockSupport.java:215)&#10;        at java.util.concurrent.locks.AbstractQueuedSynchronizer$ConditionObject.awaitNanos(AbstractQueuedSynchronizer.java:2078)&#10;        at java.util.concurrent.ArrayBlockingQueue.poll(ArrayBlockingQueue.java:418)&#10;        at org.apache.ratis.server.impl.LeaderState$EventQueue.poll(LeaderState.java:121)&#10;        at org.apache.ratis.server.impl.LeaderState$EventProcessor.run(LeaderState.java:496)&#10;&quot;Periodic HDDS volume checker&quot; daemon prio=5 tid=194 timed_waiting&#10;java.lang.Thread.State: TIMED_WAITING&#10;        at sun.misc.Unsafe.park(Native Method)&#10;        at java.util.concurrent.locks.LockSupport.parkNanos(LockSupport.java:215)&#10;        at java.util.concurrent.locks.AbstractQueuedSynchronizer$ConditionObject.awaitNanos(AbstractQueuedSynchronizer.java:2078)&#10;        at java.util.concurrent.ScheduledThreadPoolExecutor$DelayedWorkQueue.take(ScheduledThreadPoolExecutor.java:1093)&#10;        at java.util.concurrent.ScheduledThreadPoolExecutor$DelayedWorkQueue.take(ScheduledThreadPoolExecutor.java:809)&#10;        at java.util.concurrent.ThreadPoolExecutor.getTask(ThreadPoolExecutor.java:1074)&#10;        at java.util.concurrent.ThreadPoolExecutor.runWorker(ThreadPoolExecutor.java:1134)&#10;        at java.util.concurrent.ThreadPoolExecutor$Worker.run(ThreadPoolExecutor.java:624)&#10;        at java.lang.Thread.run(Thread.java:748)&#10;&quot;IPC Server listener on 0&quot; daemon prio=5 tid=20 runnable&#10;java.lang.Thread.State: RUNNABLE&#10;        at sun.nio.ch.EPollArrayWrapper.epollWait(Native Method)&#10;        at sun.nio.ch.EPollArrayWrapper.poll(EPollArrayWrapper.java:269)&#10;        at sun.nio.ch.EPollSelectorImpl.doSelect(EPollSelectorImpl.java:93)&#10;        at sun.nio.ch.SelectorImpl.lockAndDoSelect(SelectorImpl.java:86)&#10;        at sun.nio.ch.SelectorImpl.select(SelectorImpl.java:97)&#10;        at sun.nio.ch.SelectorImpl.select(SelectorImpl.java:101)&#10;        at org.apache.hadoop.ipc.Server$Listener.run(Server.java:1304)&#10;&quot;dd4333e9-7965-46b1-a2b1-cee7aab213b7@group-E2DBF971A61D-SegmentedRaftLogWorker&quot;  prio=5 tid=262 timed_waiting&#10;java.lang.Thread.State: TIMED_WAITING&#10;        at sun.misc.Unsafe.park(Native Method)&#10;        at java.util.concurrent.locks.LockSupport.parkNanos(LockSupport.java:215)&#10;        at java.util.concurrent.locks.AbstractQueuedSynchronizer$ConditionObject.awaitNanos(AbstractQueuedSynchronizer.java:2078)&#10;        at org.apache.ratis.util.DataBlockingQueue.poll(DataBlockingQueue.java:137)&#10;        at org.apache.ratis.server.raftlog.segmented.SegmentedRaftLogWorker.run(SegmentedRaftLogWorker.java:287)&#10;        at java.lang.Thread.run(Thread.java:748)&#10;&quot;IPC Server handler 0 on default port 41087&quot; daemon prio=5 tid=55 timed_waiting&#10;java.lang.Thread.State: TIMED_WAITING&#10;        at sun.misc.Unsafe.park(Native Method)&#10;        at java.util.concurrent.locks.LockSupport.parkNanos(LockSupport.java:215)&#10;        at java.util.concurrent.locks.AbstractQueuedSynchronizer$ConditionObject.awaitNanos(AbstractQueuedSynchronizer.java:2078)&#10;        at java.util.concurrent.LinkedBlockingQueue.poll(LinkedBlockingQueue.java:467)&#10;        at org.apache.hadoop.ipc.CallQueueManager.take(CallQueueManager.java:295)&#10;        at org.apache.hadoop.ipc.Server$Handler.run(Server.java:2881)&#10;&quot;qtp490467503-160&quot; daemon prio=5 tid=160 timed_waiting&#10;java.lang.Thread.State: TIMED_WAITING&#10;        at sun.misc.Unsafe.park(Native Method)&#10;        at java.util.concurrent.locks.LockSupport.parkNanos(LockSupport.java:215)&#10;        at java.util.concurrent.locks.AbstractQueuedSynchronizer$ConditionObject.awaitNanos(AbstractQueuedSynchronizer.java:2078)&#10;        at org.eclipse.jetty.util.BlockingArrayQueue.poll(BlockingArrayQueue.java:382)&#10;        at org.eclipse.jetty.util.thread.QueuedThreadPool$Runner.idleJobPoll(QueuedThreadPool.java:875)&#10;        at org.eclipse.jetty.util.thread.QueuedThreadPool$Runner.run(QueuedThreadPool.java:925)&#10;        at java.lang.Thread.run(Thread.java:748)&#10;&quot;IPC Server handler 9 on default port 45051&quot; daemon prio=5 tid=44 timed_waiting&#10;java.lang.Thread.State: TIMED_WAITING&#10;        at sun.misc.Unsafe.park(Native Method)&#10;        at java.util.concurrent.locks.LockSupport.parkNanos(LockSupport.java:215)&#10;        at java.util.concurrent.locks.AbstractQueuedSynchronizer$ConditionObject.awaitNanos(AbstractQueuedSynchronizer.java:2078)&#10;        at java.util.concurrent.LinkedBlockingQueue.poll(LinkedBlockingQueue.java:467)&#10;        at org.apache.hadoop.ipc.CallQueueManager.take(CallQueueManager.java:295)&#10;        at org.apache.hadoop.ipc.Server$Handler.run(Server.java:2881)&#10;&quot;EventQueue-NodeRegistrationContainerReportForDataNodeSafeModeRule&quot; daemon prio=5 tid=246 in Object.wait()&#10;java.lang.Thread.State: WAITING (on object monitor)&#10;        at sun.misc.Unsafe.park(Native Method)&#10;        at java.util.concurrent.locks.LockSupport.park(LockSupport.java:175)&#10;        at java.util.concurrent.locks.AbstractQueuedSynchronizer$ConditionObject.await(AbstractQueuedSynchronizer.java:2039)&#10;        at java.util.concurrent.LinkedBlockingQueue.take(LinkedBlockingQueue.java:442)&#10;        at java.util.concurrent.ThreadPoolExecutor.getTask(ThreadPoolExecutor.java:1074)&#10;        at java.util.concurrent.ThreadPoolExecutor.runWorker(ThreadPoolExecutor.java:1134)&#10;        at java.util.concurrent.ThreadPoolExecutor$Worker.run(ThreadPoolExecutor.java:624)&#10;        at java.lang.Thread.run(Thread.java:748)&#10;&quot;Reference Handler&quot; daemon prio=10 tid=2 in Object.wait()&#10;java.lang.Thread.State: WAITING (on object monitor)&#10;        at java.lang.Object.wait(Native Method)&#10;        at java.lang.Object.wait(Object.java:502)&#10;        at java.lang.ref.Reference.tryHandlePending(Reference.java:191)&#10;        at java.lang.ref.Reference$ReferenceHandler.run(Reference.java:153)&#10;&quot;IPC Server handler 11 on default port 45051&quot; daemon prio=5 tid=46 timed_waiting&#10;java.lang.Thread.State: TIMED_WAITING&#10;        at sun.misc.Unsafe.park(Native Method)&#10;        at java.util.concurrent.locks.LockSupport.parkNanos(LockSupport.java:215)&#10;        at java.util.concurrent.locks.AbstractQueuedSynchronizer$ConditionObject.awaitNanos(AbstractQueuedSynchronizer.java:2078)&#10;        at java.util.concurrent.LinkedBlockingQueue.poll(LinkedBlockingQueue.java:467)&#10;        at org.apache.hadoop.ipc.CallQueueManager.take(CallQueueManager.java:295)&#10;        at org.apache.hadoop.ipc.Server$Handler.run(Server.java:2881)&#10;&quot;qtp490467503-159-acceptor-0@38c9b014-ServerConnector@7a5a26b7{HTTP/1.1,[http/1.1]}{0.0.0.0:34053}&quot; daemon prio=3 tid=159 runnable&#10;java.lang.Thread.State: RUNNABLE&#10;        at sun.nio.ch.ServerSocketChannelImpl.accept0(Native Method)&#10;        at sun.nio.ch.ServerSocketChannelImpl.accept(ServerSocketChannelImpl.java:422)&#10;        at sun.nio.ch.ServerSocketChannelImpl.accept(ServerSocketChannelImpl.java:250)&#10;        at org.eclipse.jetty.server.ServerConnector.accept(ServerConnector.java:385)&#10;        at org.eclipse.jetty.server.AbstractConnector$Acceptor.run(AbstractConnector.java:701)&#10;        at org.eclipse.jetty.util.thread.QueuedThreadPool.runJob(QueuedThreadPool.java:806)&#10;        at org.eclipse.jetty.util.thread.QueuedThreadPool$Runner.run(QueuedThreadPool.java:938)&#10;        at java.lang.Thread.run(Thread.java:748)&#10;&quot;IPC Server handler 1 on default port 45051&quot; daemon prio=5 tid=36 timed_waiting&#10;java.lang.Thread.State: TIMED_WAITING&#10;        at sun.misc.Unsafe.park(Native Method)&#10;        at java.util.concurrent.locks.LockSupport.parkNanos(LockSupport.java:215)&#10;        at java.util.concurrent.locks.AbstractQueuedSynchronizer$ConditionObject.awaitNanos(AbstractQueuedSynchronizer.java:2078)&#10;        at java.util.concurrent.LinkedBlockingQueue.poll(LinkedBlockingQueue.java:467)&#10;        at org.apache.hadoop.ipc.CallQueueManager.take(CallQueueManager.java:295)&#10;        at org.apache.hadoop.ipc.Server$Handler.run(Server.java:2881)&#10;&quot;EventQueue-NodeRegistrationContainerReportForContainerSafeModeRule&quot; daemon prio=5 tid=247 in Object.wait()&#10;java.lang.Thread.State: WAITING (on object monitor)&#10;        at sun.misc.Unsafe.park(Native Method)&#10;        at java.util.concurrent.locks.LockSupport.park(LockSupport.java:175)&#10;        at java.util.concurrent.locks.AbstractQueuedSynchronizer$ConditionObject.await(AbstractQueuedSynchronizer.java:2039)&#10;        at java.util.concurrent.LinkedBlockingQueue.take(LinkedBlockingQueue.java:442)&#10;        at java.util.concurrent.ThreadPoolExecutor.getTask(ThreadPoolExecutor.java:1074)&#10;        at java.util.concurrent.ThreadPoolExecutor.runWorker(ThreadPoolExecutor.java:1134)&#10;        at java.util.concurrent.ThreadPoolExecutor$Worker.run(ThreadPoolExecutor.java:624)&#10;        at java.lang.Thread.run(Thread.java:748)&#10;&quot;Socket Reader #1 for port 0&quot;  prio=5 tid=25 runnable&#10;java.lang.Thread.State: RUNNABLE&#10;        at sun.nio.ch.EPollArrayWrapper.epollWait(Native Method)&#10;        at sun.nio.ch.EPollArrayWrapper.poll(EPollArrayWrapper.java:269)&#10;        at sun.nio.ch.EPollSelectorImpl.doSelect(EPollSelectorImpl.java:93)&#10;        at sun.nio.ch.SelectorImpl.lockAndDoSelect(SelectorImpl.java:86)&#10;        at sun.nio.ch.SelectorImpl.select(SelectorImpl.java:97)&#10;        at sun.nio.ch.SelectorImpl.select(SelectorImpl.java:101)&#10;        at org.apache.hadoop.ipc.Server$Listener$Reader.doRunLoop(Server.java:1242)&#10;        at org.apache.hadoop.ipc.Server$Listener$Reader.run(Server.java:1221)&#10;&quot;BlockDeletingService#2&quot; daemon prio=5 tid=353 in Object.wait()&#10;java.lang.Thread.State: WAITING (on object monitor)&#10;        at sun.misc.Unsafe.park(Native Method)&#10;        at java.util.concurrent.locks.LockSupport.park(LockSupport.java:175)&#10;        at java.util.concurrent.locks.AbstractQueuedSynchronizer$ConditionObject.await(AbstractQueuedSynchronizer.java:2039)&#10;        at java.util.concurrent.ScheduledThreadPoolExecutor$DelayedWorkQueue.take(ScheduledThreadPoolExecutor.java:1088)&#10;        at java.util.concurrent.ScheduledThreadPoolExecutor$DelayedWorkQueue.take(ScheduledThreadPoolExecutor.java:809)&#10;        at java.util.concurrent.ThreadPoolExecutor.getTask(ThreadPoolExecutor.java:1074)&#10;        at java.util.concurrent.ThreadPoolExecutor.runWorker(ThreadPoolExecutor.java:1134)&#10;        at java.util.concurrent.ThreadPoolExecutor$Worker.run(ThreadPoolExecutor.java:624)&#10;        at java.lang.Thread.run(Thread.java:748)&#10;&quot;qtp777295125-213&quot; daemon prio=5 tid=213 timed_waiting&#10;java.lang.Thread.State: TIMED_WAITING&#10;        at sun.misc.Unsafe.park(Native Method)&#10;        at java.util.concurrent.locks.LockSupport.parkNanos(LockSupport.java:215)&#10;        at java.util.concurrent.locks.AbstractQueuedSynchronizer$ConditionObject.awaitNanos(AbstractQueuedSynchronizer.java:2078)&#10;        at org.eclipse.jetty.util.BlockingArrayQueue.poll(BlockingArrayQueue.java:382)&#10;        at org.eclipse.jetty.util.thread.QueuedThreadPool$Runner.idleJobPoll(QueuedThreadPool.java:875)&#10;        at org.eclipse.jetty.util.thread.QueuedThreadPool$Runner.run(QueuedThreadPool.java:925)&#10;        at java.lang.Thread.run(Thread.java:748)&#10;&quot;pool-60-thread-1&quot; daemon prio=5 tid=196 timed_waiting&#10;java.lang.Thread.State: TIMED_WAITING&#10;        at sun.misc.Unsafe.park(Native Method)&#10;        at java.util.concurrent.locks.LockSupport.parkNanos(LockSupport.java:215)&#10;        at java.util.concurrent.locks.AbstractQueuedSynchronizer$ConditionObject.awaitNanos(AbstractQueuedSynchronizer.java:2078)&#10;        at java.util.concurrent.ScheduledThreadPoolExecutor$DelayedWorkQueue.take(ScheduledThreadPoolExecutor.java:1093)&#10;        at java.util.concurrent.ScheduledThreadPoolExecutor$DelayedWorkQueue.take(ScheduledThreadPoolExecutor.java:809)&#10;        at java.util.concurrent.ThreadPoolExecutor.getTask(ThreadPoolExecutor.java:1074)&#10;        at java.util.concurrent.ThreadPoolExecutor.runWorker(ThreadPoolExecutor.java:1134)&#10;        at java.util.concurrent.ThreadPoolExecutor$Worker.run(ThreadPoolExecutor.java:624)&#10;        at java.lang.Thread.run(Thread.java:748)&#10;&quot;IPC Server handler 1 on default port 36455&quot; daemon prio=5 tid=120 timed_waiting&#10;java.lang.Thread.State: TIMED_WAITING&#10;        at sun.misc.Unsafe.park(Native Method)&#10;        at java.util.concurrent.locks.LockSupport.parkNanos(LockSupport.java:215)&#10;        at java.util.concurrent.locks.AbstractQueuedSynchronizer$ConditionObject.awaitNanos(AbstractQueuedSynchronizer.java:2078)&#10;        at java.util.concurrent.LinkedBlockingQueue.poll(LinkedBlockingQueue.java:467)&#10;        at org.apache.hadoop.ipc.CallQueueManager.take(CallQueueManager.java:295)&#10;        at org.apache.hadoop.ipc.Server$Handler.run(Server.java:2881)&#10;&quot;IPC Server handler 17 on default port 45051&quot; daemon prio=5 tid=52 timed_waiting&#10;java.lang.Thread.State: TIMED_WAITING&#10;        at sun.misc.Unsafe.park(Native Method)&#10;        at java.util.concurrent.locks.LockSupport.parkNanos(LockSupport.java:215)&#10;        at java.util.concurrent.locks.AbstractQueuedSynchronizer$ConditionObject.awaitNanos(AbstractQueuedSynchronizer.java:2078)&#10;        at java.util.concurrent.LinkedBlockingQueue.poll(LinkedBlockingQueue.java:467)&#10;        at org.apache.hadoop.ipc.CallQueueManager.take(CallQueueManager.java:295)&#10;        at org.apache.hadoop.ipc.Server$Handler.run(Server.java:2881)&#10;&quot;Session-HouseKeeper-1545ef47-1&quot;  prio=5 tid=214 timed_waiting&#10;java.lang.Thread.State: TIMED_WAITING&#10;        at sun.misc.Unsafe.park(Native Method)&#10;        at java.util.concurrent.locks.LockSupport.parkNanos(LockSupport.java:215)&#10;        at java.util.concurrent.locks.AbstractQueuedSynchronizer$ConditionObject.awaitNanos(AbstractQueuedSynchronizer.java:2078)&#10;        at java.util.concurrent.ScheduledThreadPoolExecutor$DelayedWorkQueue.take(ScheduledThreadPoolExecutor.java:1093)&#10;        at java.util.concurrent.ScheduledThreadPoolExecutor$DelayedWorkQueue.take(ScheduledThreadPoolExecutor.java:809)&#10;        at java.util.concurrent.ThreadPoolExecutor.getTask(ThreadPoolExecutor.java:1074)&#10;        at java.util.concurrent.ThreadPoolExecutor.runWorker(ThreadPoolExecutor.java:1134)&#10;        at java.util.concurrent.ThreadPoolExecutor$Worker.run(ThreadPoolExecutor.java:624)&#10;        at java.lang.Thread.run(Thread.java:748)&#10;&quot;Thread-196&quot; daemon prio=5 tid=287 timed_waiting&#10;java.lang.Thread.State: TIMED_WAITING&#10;        at sun.misc.Unsafe.park(Native Method)&#10;        at java.util.concurrent.locks.LockSupport.parkNanos(LockSupport.java:215)&#10;        at java.util.concurrent.locks.AbstractQueuedSynchronizer$ConditionObject.awaitNanos(AbstractQueuedSynchronizer.java:2078)&#10;        at java.util.concurrent.ArrayBlockingQueue.poll(ArrayBlockingQueue.java:418)&#10;        at org.apache.ratis.server.impl.LeaderState$EventQueue.poll(LeaderState.java:121)&#10;        at org.apache.ratis.server.impl.LeaderState$EventProcessor.run(LeaderState.java:496)&#10;&quot;IPC Server handler 17 on default port 37665&quot; daemon prio=5 tid=92 timed_waiting&#10;java.lang.Thread.State: TIMED_WAITING&#10;        at sun.misc.Unsafe.park(Native Method)&#10;        at java.util.concurrent.locks.LockSupport.parkNanos(LockSupport.java:215)&#10;        at java.util.concurrent.locks.AbstractQueuedSynchronizer$ConditionObject.awaitNanos(AbstractQueuedSynchronizer.java:2078)&#10;        at java.util.concurrent.LinkedBlockingQueue.poll(LinkedBlockingQueue.java:467)&#10;        at org.apache.hadoop.ipc.CallQueueManager.take(CallQueueManager.java:295)&#10;        at org.apache.hadoop.ipc.Server$Handler.run(Server.java:2881)&#10;&quot;IPC Server listener on 0&quot; daemon prio=5 tid=24 runnable&#10;java.lang.Thread.State: RUNNABLE&#10;        at sun.nio.ch.EPollArrayWrapper.epollWait(Native Method)&#10;        at sun.nio.ch.EPollArrayWrapper.poll(EPollArrayWrapper.java:269)&#10;        at sun.nio.ch.EPollSelectorImpl.doSelect(EPollSelectorImpl.java:93)&#10;        at sun.nio.ch.SelectorImpl.lockAndDoSelect(SelectorImpl.java:86)&#10;        at sun.nio.ch.SelectorImpl.select(SelectorImpl.java:97)&#10;        at sun.nio.ch.SelectorImpl.select(SelectorImpl.java:101)&#10;        at org.apache.hadoop.ipc.Server$Listener.run(Server.java:1304)&#10;&quot;ChunkWriter-3-0&quot; daemon prio=5 tid=241 in Object.wait()&#10;java.lang.Thread.State: WAITING (on object monitor)&#10;        at sun.misc.Unsafe.park(Native Method)&#10;        at java.util.concurrent.locks.LockSupport.park(LockSupport.java:175)&#10;        at java.util.concurrent.locks.AbstractQueuedSynchronizer$ConditionObject.await(AbstractQueuedSynchronizer.java:2039)&#10;        at java.util.concurrent.LinkedBlockingDeque.takeFirst(LinkedBlockingDeque.java:492)&#10;        at java.util.concurrent.LinkedBlockingDeque.take(LinkedBlockingDeque.java:680)&#10;        at java.util.concurrent.ThreadPoolExecutor.getTask(ThreadPoolExecutor.java:1074)&#10;        at java.util.concurrent.ThreadPoolExecutor.runWorker(ThreadPoolExecutor.java:1134)&#10;        at java.util.concurrent.ThreadPoolExecutor$Worker.run(ThreadPoolExecutor.java:624)&#10;        at java.lang.Thread.run(Thread.java:748)&#10;&quot;IPC Server handler 12 on default port 45051&quot; daemon prio=5 tid=47 timed_waiting&#10;java.lang.Thread.State: TIMED_WAITING&#10;        at sun.misc.Unsafe.park(Native Method)&#10;        at java.util.concurrent.locks.LockSupport.parkNanos(LockSupport.java:215)&#10;        at java.util.concurrent.locks.AbstractQueuedSynchronizer$ConditionObject.awaitNanos(AbstractQueuedSynchronizer.java:2078)&#10;        at java.util.concurrent.LinkedBlockingQueue.poll(LinkedBlockingQueue.java:467)&#10;        at org.apache.hadoop.ipc.CallQueueManager.take(CallQueueManager.java:295)&#10;        at org.apache.hadoop.ipc.Server$Handler.run(Server.java:2881)&#10;&quot;IPC Server handler 10 on default port 36455&quot; daemon prio=5 tid=130 timed_waiting&#10;java.lang.Thread.State: TIMED_WAITING&#10;        at sun.misc.Unsafe.park(Native Method)&#10;        at java.util.concurrent.locks.LockSupport.parkNanos(LockSupport.java:215)&#10;        at java.util.concurrent.locks.AbstractQueuedSynchronizer$ConditionObject.awaitNanos(AbstractQueuedSynchronizer.java:2078)&#10;        at java.util.concurrent.LinkedBlockingQueue.poll(LinkedBlockingQueue.java:467)&#10;        at org.apache.hadoop.ipc.CallQueueManager.take(CallQueueManager.java:295)&#10;        at org.apache.hadoop.ipc.Server$Handler.run(Server.java:2881)&#10;&quot;IPC Server listener on 0&quot; daemon prio=5 tid=16 runnable&#10;java.lang.Thread.State: RUNNABLE&#10;        at sun.nio.ch.EPollArrayWrapper.epollWait(Native Method)&#10;        at sun.nio.ch.EPollArrayWrapper.poll(EPollArrayWrapper.java:269)&#10;        at sun.nio.ch.EPollSelectorImpl.doSelect(EPollSelectorImpl.java:93)&#10;        at sun.nio.ch.SelectorImpl.lockAndDoSelect(SelectorImpl.java:86)&#10;        at sun.nio.ch.SelectorImpl.select(SelectorImpl.java:97)&#10;        at sun.nio.ch.SelectorImpl.select(SelectorImpl.java:101)&#10;        at org.apache.hadoop.ipc.Server$Listener.run(Server.java:1304)&#10;&quot;IPC Server handler 18 on default port 36455&quot; daemon prio=5 tid=138 timed_waiting&#10;java.lang.Thread.State: TIMED_WAITING&#10;        at sun.misc.Unsafe.park(Native Method)&#10;        at java.util.concurrent.locks.LockSupport.parkNanos(LockSupport.java:215)&#10;        at java.util.concurrent.locks.AbstractQueuedSynchronizer$ConditionObject.awaitNanos(AbstractQueuedSynchronizer.java:2078)&#10;        at java.util.concurrent.LinkedBlockingQueue.poll(LinkedBlockingQueue.java:467)&#10;        at org.apache.hadoop.ipc.CallQueueManager.take(CallQueueManager.java:295)&#10;        at org.apache.hadoop.ipc.Server$Handler.run(Server.java:2881)&#10;&quot;IPC Server handler 18 on default port 45051&quot; daemon prio=5 tid=53 timed_waiting&#10;java.lang.Thread.State: TIMED_WAITING&#10;        at sun.misc.Unsafe.park(Native Method)&#10;        at java.util.concurrent.locks.LockSupport.parkNanos(LockSupport.java:215)&#10;        at java.util.concurrent.locks.AbstractQueuedSynchronizer$ConditionObject.awaitNanos(AbstractQueuedSynchronizer.java:2078)&#10;        at java.util.concurrent.LinkedBlockingQueue.poll(LinkedBlockingQueue.java:467)&#10;        at org.apache.hadoop.ipc.CallQueueManager.take(CallQueueManager.java:295)&#10;        at org.apache.hadoop.ipc.Server$Handler.run(Server.java:2881)&#10;&quot;43006955-015f-42cd-b925-cfd3ac6ee1ce@group-E2DBF971A61D-SegmentedRaftLogWorker&quot;  prio=5 tid=269 timed_waiting&#10;java.lang.Thread.State: TIMED_WAITING&#10;        at sun.misc.Unsafe.park(Native Method)&#10;        at java.util.concurrent.locks.LockSupport.parkNanos(LockSupport.java:215)&#10;        at java.util.concurrent.locks.AbstractQueuedSynchronizer$ConditionObject.awaitNanos(AbstractQueuedSynchronizer.java:2078)&#10;        at org.apache.ratis.util.DataBlockingQueue.poll(DataBlockingQueue.java:137)&#10;        at org.apache.ratis.server.raftlog.segmented.SegmentedRaftLogWorker.run(SegmentedRaftLogWorker.java:287)&#10;        at java.lang.Thread.run(Thread.java:748)&#10;&quot;pool-56-thread-1&quot;  prio=5 tid=191 timed_waiting&#10;java.lang.Thread.State: TIMED_WAITING&#10;        at sun.misc.Unsafe.park(Native Method)&#10;        at java.util.concurrent.locks.LockSupport.parkNanos(LockSupport.java:215)&#10;        at java.util.concurrent.locks.AbstractQueuedSynchronizer$ConditionObject.awaitNanos(AbstractQueuedSynchronizer.java:2078)&#10;        at java.util.concurrent.ScheduledThreadPoolExecutor$DelayedWorkQueue.take(ScheduledThreadPoolExecutor.java:1093)&#10;        at java.util.concurrent.ScheduledThreadPoolExecutor$DelayedWorkQueue.take(ScheduledThreadPoolExecutor.java:809)&#10;        at java.util.concurrent.ThreadPoolExecutor.getTask(ThreadPoolExecutor.java:1074)&#10;        at java.util.concurrent.ThreadPoolExecutor.runWorker(ThreadPoolExecutor.java:1134)&#10;        at java.util.concurrent.ThreadPoolExecutor$Worker.run(ThreadPoolExecutor.java:624)&#10;        at java.lang.Thread.run(Thread.java:748)&#10;&quot;org.apache.ratis.server.impl.LogAppender$AppenderDaemon$$Lambda$454/578777179@147f1df1&quot; daemon prio=5 tid=310 timed_waiting&#10;java.lang.Thread.State: TIMED_WAITING&#10;        at java.lang.Object.wait(Native Method)&#10;        at org.apache.ratis.grpc.server.GrpcLogAppender.mayWait(GrpcLogAppender.java:151)&#10;        at org.apache.ratis.grpc.server.GrpcLogAppender.runAppenderImpl(GrpcLogAppender.java:105)&#10;        at org.apache.ratis.server.impl.LogAppender$AppenderDaemon.run(LogAppender.java:77)&#10;        at org.apache.ratis.server.impl.LogAppender$AppenderDaemon$$Lambda$454/578777179.run(Unknown Source)&#10;        at java.lang.Thread.run(Thread.java:748)&#10;&quot;46593078-1315-442c-91b1-b92b4f012500@group-A77CAD7CA71C-SegmentedRaftLogWorker&quot;  prio=5 tid=252 timed_waiting&#10;java.lang.Thread.State: TIMED_WAITING&#10;        at sun.misc.Unsafe.park(Native Method)&#10;        at java.util.concurrent.locks.LockSupport.parkNanos(LockSupport.java:215)&#10;        at java.util.concurrent.locks.AbstractQueuedSynchronizer$ConditionObject.awaitNanos(AbstractQueuedSynchronizer.java:2078)&#10;        at org.apache.ratis.util.DataBlockingQueue.poll(DataBlockingQueue.java:137)&#10;        at org.apache.ratis.server.raftlog.segmented.SegmentedRaftLogWorker.run(SegmentedRaftLogWorker.java:287)&#10;        at java.lang.Thread.run(Thread.java:748)&#10;&quot;pool-71-thread-1&quot;  prio=5 tid=205 timed_waiting&#10;java.lang.Thread.State: TIMED_WAITING&#10;        at sun.misc.Unsafe.park(Native Method)&#10;        at java.util.concurrent.locks.LockSupport.parkNanos(LockSupport.java:215)&#10;        at java.util.concurrent.locks.AbstractQueuedSynchronizer$ConditionObject.awaitNanos(AbstractQueuedSynchronizer.java:2078)&#10;        at java.util.concurrent.ScheduledThreadPoolExecutor$DelayedWorkQueue.take(ScheduledThreadPoolExecutor.java:1093)&#10;        at java.util.concurrent.ScheduledThreadPoolExecutor$DelayedWorkQueue.take(ScheduledThreadPoolExecutor.java:809)&#10;        at java.util.concurrent.ThreadPoolExecutor.getTask(ThreadPoolExecutor.java:1074)&#10;        at java.util.concurrent.ThreadPoolExecutor.runWorker(ThreadPoolExecutor.java:1134)&#10;        at java.util.concurrent.ThreadPoolExecutor$Worker.run(ThreadPoolExecutor.java:624)&#10;        at java.lang.Thread.run(Thread.java:748)&#10;&quot;qtp162320368-95&quot; daemon prio=5 tid=95 runnable&#10;java.lang.Thread.State: RUNNABLE&#10;        at sun.nio.ch.EPollArrayWrapper.epollWait(Native Method)&#10;        at sun.nio.ch.EPollArrayWrapper.poll(EPollArrayWrapper.java:269)&#10;        at sun.nio.ch.EPollSelectorImpl.doSelect(EPollSelectorImpl.java:93)&#10;        at sun.nio.ch.SelectorImpl.lockAndDoSelect(SelectorImpl.java:86)&#10;        at sun.nio.ch.SelectorImpl.select(SelectorImpl.java:97)&#10;        at sun.nio.ch.SelectorImpl.select(SelectorImpl.java:101)&#10;        at org.eclipse.jetty.io.ManagedSelector$SelectorProducer.select(ManagedSelector.java:472)&#10;        at org.eclipse.jetty.io.ManagedSelector$SelectorProducer.produce(ManagedSelector.java:409)&#10;        at org.eclipse.jetty.util.thread.strategy.EatWhatYouKill.produceTask(EatWhatYouKill.java:360)&#10;        at org.eclipse.jetty.util.thread.strategy.EatWhatYouKill.doProduce(EatWhatYouKill.java:184)&#10;        at org.eclipse.jetty.util.thread.strategy.EatWhatYouKill.tryProduce(EatWhatYouKill.java:171)&#10;        at org.eclipse.jetty.util.thread.strategy.EatWhatYouKill.produce(EatWhatYouKill.java:135)&#10;        at org.eclipse.jetty.io.ManagedSelector$$Lambda$72/1395912847.run(Unknown Source)&#10;        at org.eclipse.jetty.util.thread.QueuedThreadPool.runJob(QueuedThreadPool.java:806)&#10;        at org.eclipse.jetty.util.thread.QueuedThreadPool$Runner.run(QueuedThreadPool.java:938)&#10;        at java.lang.Thread.run(Thread.java:748)&#10;&quot;BlockDeletingService#0&quot; daemon prio=5 tid=242 in Object.wait()&#10;java.lang.Thread.State: WAITING (on object monitor)&#10;        at sun.misc.Unsafe.park(Native Method)&#10;        at java.util.concurrent.locks.LockSupport.park(LockSupport.java:175)&#10;        at java.util.concurrent.locks.AbstractQueuedSynchronizer$ConditionObject.await(AbstractQueuedSynchronizer.java:2039)&#10;        at java.util.concurrent.ScheduledThreadPoolExecutor$DelayedWorkQueue.take(ScheduledThreadPoolExecutor.java:1088)&#10;        at java.util.concurrent.ScheduledThreadPoolExecutor$DelayedWorkQueue.take(ScheduledThreadPoolExecutor.java:809)&#10;        at java.util.concurrent.ThreadPoolExecutor.getTask(ThreadPoolExecutor.java:1074)&#10;        at java.util.concurrent.ThreadPoolExecutor.runWorker(ThreadPoolExecutor.java:1134)&#10;        at java.util.concurrent.ThreadPoolExecutor$Worker.run(ThreadPoolExecutor.java:624)&#10;        at java.lang.Thread.run(Thread.java:748)&#10;&quot;prometheus&quot; daemon prio=5 tid=105 in Object.wait()&#10;java.lang.Thread.State: WAITING (on object monitor)&#10;        at java.lang.Object.wait(Native Method)&#10;        at java.lang.Object.wait(Object.java:502)&#10;        at org.apache.hadoop.metrics2.impl.SinkQueue.waitForData(SinkQueue.java:114)&#10;        at org.apache.hadoop.metrics2.impl.SinkQueue.consumeAll(SinkQueue.java:83)&#10;        at org.apache.hadoop.metrics2.impl.MetricsSinkAdapter.publishMetricsFromQueue(MetricsSinkAdapter.java:135)&#10;        at org.apache.hadoop.metrics2.impl.MetricsSinkAdapter$1.run(MetricsSinkAdapter.java:89)&#10;&quot;qtp777295125-208&quot; daemon prio=5 tid=208 timed_waiting&#10;java.lang.Thread.State: TIMED_WAITING&#10;        at sun.misc.Unsafe.park(Native Method)&#10;        at java.util.concurrent.locks.LockSupport.parkNanos(LockSupport.java:215)&#10;        at java.util.concurrent.locks.AbstractQueuedSynchronizer$ConditionObject.awaitNanos(AbstractQueuedSynchronizer.java:2078)&#10;        at org.eclipse.jetty.util.BlockingArrayQueue.poll(BlockingArrayQueue.java:382)&#10;        at org.eclipse.jetty.util.thread.QueuedThreadPool$Runner.idleJobPoll(QueuedThreadPool.java:875)&#10;        at org.eclipse.jetty.util.thread.QueuedThreadPool$Runner.run(QueuedThreadPool.java:925)&#10;        at java.lang.Thread.run(Thread.java:748)&#10;&quot;ChunkWriter-0-0&quot; daemon prio=5 tid=231 in Object.wait()&#10;java.lang.Thread.State: WAITING (on object monitor)&#10;        at sun.misc.Unsafe.park(Native Method)&#10;        at java.util.concurrent.locks.LockSupport.park(LockSupport.java:175)&#10;        at java.util.concurrent.locks.AbstractQueuedSynchronizer$ConditionObject.await(AbstractQueuedSynchronizer.java:2039)&#10;        at java.util.concurrent.LinkedBlockingDeque.takeFirst(LinkedBlockingDeque.java:492)&#10;        at java.util.concurrent.LinkedBlockingDeque.take(LinkedBlockingDeque.java:680)&#10;        at java.util.concurrent.ThreadPoolExecutor.getTask(ThreadPoolExecutor.java:1074)&#10;        at java.util.concurrent.ThreadPoolExecutor.runWorker(ThreadPoolExecutor.java:1134)&#10;        at java.util.concurrent.ThreadPoolExecutor$Worker.run(ThreadPoolExecutor.java:624)&#10;        at java.lang.Thread.run(Thread.java:748)&#10;&quot;IPC Server handler 2 on default port 41087&quot; daemon prio=5 tid=57 timed_waiting&#10;java.lang.Thread.State: TIMED_WAITING&#10;        at sun.misc.Unsafe.park(Native Method)&#10;        at java.util.concurrent.locks.LockSupport.parkNanos(LockSupport.java:215)&#10;        at java.util.concurrent.locks.AbstractQueuedSynchronizer$ConditionObject.awaitNanos(AbstractQueuedSynchronizer.java:2078)&#10;        at java.util.concurrent.LinkedBlockingQueue.poll(LinkedBlockingQueue.java:467)&#10;        at org.apache.hadoop.ipc.CallQueueManager.take(CallQueueManager.java:295)&#10;        at org.apache.hadoop.ipc.Server$Handler.run(Server.java:2881)&#10;&quot;qtp934985972-186&quot; daemon prio=5 tid=186 timed_waiting&#10;java.lang.Thread.State: TIMED_WAITING&#10;        at sun.misc.Unsafe.park(Native Method)&#10;        at java.util.concurrent.locks.LockSupport.parkNanos(LockSupport.java:215)&#10;        at java.util.concurrent.locks.AbstractQueuedSynchronizer$ConditionObject.awaitNanos(AbstractQueuedSynchronizer.java:2078)&#10;        at org.eclipse.jetty.util.BlockingArrayQueue.poll(BlockingArrayQueue.java:382)&#10;        at org.eclipse.jetty.util.thread.QueuedThreadPool$Runner.idleJobPoll(QueuedThreadPool.java:875)&#10;        at org.eclipse.jetty.util.thread.QueuedThreadPool$Runner.run(QueuedThreadPool.java:925)&#10;        at java.lang.Thread.run(Thread.java:748)&#10;&quot;qtp490467503-163&quot; daemon prio=5 tid=163 timed_waiting&#10;java.lang.Thread.State: TIMED_WAITING&#10;        at sun.misc.Unsafe.park(Native Method)&#10;        at java.util.concurrent.locks.LockSupport.parkNanos(LockSupport.java:215)&#10;        at java.util.concurrent.locks.AbstractQueuedSynchronizer$ConditionObject.awaitNanos(AbstractQueuedSynchronizer.java:2078)&#10;        at org.eclipse.jetty.util.BlockingArrayQueue.poll(BlockingArrayQueue.java:382)&#10;        at org.eclipse.jetty.util.thread.QueuedThreadPool$Runner.idleJobPoll(QueuedThreadPool.java:875)&#10;        at org.eclipse.jetty.util.thread.QueuedThreadPool$Runner.run(QueuedThreadPool.java:925)&#10;        at java.lang.Thread.run(Thread.java:748)&#10;&quot;Datanode ReportManager Thread - 2&quot; daemon prio=5 tid=175 in Object.wait()&#10;java.lang.Thread.State: WAITING (on object monitor)&#10;        at sun.misc.Unsafe.park(Native Method)&#10;        at java.util.concurrent.locks.LockSupport.park(LockSupport.java:175)&#10;        at java.util.concurrent.locks.AbstractQueuedSynchronizer$ConditionObject.await(AbstractQueuedSynchronizer.java:2039)&#10;        at java.util.concurrent.ScheduledThreadPoolExecutor$DelayedWorkQueue.take(ScheduledThreadPoolExecutor.java:1088)&#10;        at java.util.concurrent.ScheduledThreadPoolExecutor$DelayedWorkQueue.take(ScheduledThreadPoolExecutor.java:809)&#10;        at java.util.concurrent.ThreadPoolExecutor.getTask(ThreadPoolExecutor.java:1074)&#10;        at java.util.concurrent.ThreadPoolExecutor.runWorker(ThreadPoolExecutor.java:1134)&#10;        at java.util.concurrent.ThreadPoolExecutor$Worker.run(ThreadPoolExecutor.java:624)&#10;        at java.lang.Thread.run(Thread.java:748)&#10;&quot;IPC Server handler 5 on default port 37665&quot; daemon prio=5 tid=80 timed_waiting&#10;java.lang.Thread.State: TIMED_WAITING&#10;        at sun.misc.Unsafe.park(Native Method)&#10;        at java.util.concurrent.locks.LockSupport.parkNanos(LockSupport.java:215)&#10;        at java.util.concurrent.locks.AbstractQueuedSynchronizer$ConditionObject.awaitNanos(AbstractQueuedSynchronizer.java:2078)&#10;        at java.util.concurrent.LinkedBlockingQueue.poll(LinkedBlockingQueue.java:467)&#10;        at org.apache.hadoop.ipc.CallQueueManager.take(CallQueueManager.java:295)&#10;        at org.apache.hadoop.ipc.Server$Handler.run(Server.java:2881)&#10;&quot;qtp490467503-164&quot; daemon prio=5 tid=164 timed_waiting&#10;java.lang.Thread.State: TIMED_WAITING&#10;        at sun.misc.Unsafe.park(Native Method)&#10;        at java.util.concurrent.locks.LockSupport.parkNanos(LockSupport.java:215)&#10;        at java.util.concurrent.locks.AbstractQueuedSynchronizer$ConditionObject.awaitNanos(AbstractQueuedSynchronizer.java:2078)&#10;        at org.eclipse.jetty.util.BlockingArrayQueue.poll(BlockingArrayQueue.java:382)&#10;        at org.eclipse.jetty.util.thread.QueuedThreadPool$Runner.idleJobPoll(QueuedThreadPool.java:875)&#10;        at org.eclipse.jetty.util.thread.QueuedThreadPool$Runner.run(QueuedThreadPool.java:925)&#10;        at java.lang.Thread.run(Thread.java:748)&#10;&quot;IPC Server handler 11 on default port 37665&quot; daemon prio=5 tid=86 timed_waiting&#10;java.lang.Thread.State: TIMED_WAITING&#10;        at sun.misc.Unsafe.park(Native Method)&#10;        at java.util.concurrent.locks.LockSupport.parkNanos(LockSupport.java:215)&#10;        at java.util.concurrent.locks.AbstractQueuedSynchronizer$ConditionObject.awaitNanos(AbstractQueuedSynchronizer.java:2078)&#10;        at java.util.concurrent.LinkedBlockingQueue.poll(LinkedBlockingQueue.java:467)&#10;        at org.apache.hadoop.ipc.CallQueueManager.take(CallQueueManager.java:295)&#10;        at org.apache.hadoop.ipc.Server$Handler.run(Server.java:2881)&#10;&quot;IPC Server handler 7 on default port 37665&quot; daemon prio=5 tid=82 timed_waiting&#10;java.lang.Thread.State: TIMED_WAITING&#10;        at sun.misc.Unsafe.park(Native Method)&#10;        at java.util.concurrent.locks.LockSupport.parkNanos(LockSupport.java:215)&#10;        at java.util.concurrent.locks.AbstractQueuedSynchronizer$ConditionObject.awaitNanos(AbstractQueuedSynchronizer.java:2078)&#10;        at java.util.concurrent.LinkedBlockingQueue.poll(LinkedBlockingQueue.java:467)&#10;        at org.apache.hadoop.ipc.CallQueueManager.take(CallQueueManager.java:295)&#10;        at org.apache.hadoop.ipc.Server$Handler.run(Server.java:2881)&#10;&quot;IPC Server handler 7 on default port 45051&quot; daemon prio=5 tid=42 timed_waiting&#10;java.lang.Thread.State: TIMED_WAITING&#10;        at sun.misc.Unsafe.park(Native Method)&#10;        at java.util.concurrent.locks.LockSupport.parkNanos(LockSupport.java:215)&#10;        at java.util.concurrent.locks.AbstractQueuedSynchronizer$ConditionObject.awaitNanos(AbstractQueuedSynchronizer.java:2078)&#10;        at java.util.concurrent.LinkedBlockingQueue.poll(LinkedBlockingQueue.java:467)&#10;        at org.apache.hadoop.ipc.CallQueueManager.take(CallQueueManager.java:295)&#10;        at org.apache.hadoop.ipc.Server$Handler.run(Server.java:2881)&#10;&quot;qtp934985972-183-acceptor-0@263d8ef6-ServerConnector@6c2063e0{HTTP/1.1,[http/1.1]}{0.0.0.0:43471}&quot; daemon prio=3 tid=183 runnable&#10;java.lang.Thread.State: RUNNABLE&#10;        at sun.nio.ch.ServerSocketChannelImpl.accept0(Native Method)&#10;        at sun.nio.ch.ServerSocketChannelImpl.accept(ServerSocketChannelImpl.java:422)&#10;        at sun.nio.ch.ServerSocketChannelImpl.accept(ServerSocketChannelImpl.java:250)&#10;        at org.eclipse.jetty.server.ServerConnector.accept(ServerConnector.java:385)&#10;        at org.eclipse.jetty.server.AbstractConnector$Acceptor.run(AbstractConnector.java:701)&#10;        at org.eclipse.jetty.util.thread.QueuedThreadPool.runJob(QueuedThreadPool.java:806)&#10;        at org.eclipse.jetty.util.thread.QueuedThreadPool$Runner.run(QueuedThreadPool.java:938)&#10;        at java.lang.Thread.run(Thread.java:748)&#10;&quot;Datanode ReportManager Thread - 1&quot; daemon prio=5 tid=218 in Object.wait()&#10;java.lang.Thread.State: WAITING (on object monitor)&#10;        at sun.misc.Unsafe.park(Native Method)&#10;        at java.util.concurrent.locks.LockSupport.park(LockSupport.java:175)&#10;        at java.util.concurrent.locks.AbstractQueuedSynchronizer$ConditionObject.await(AbstractQueuedSynchronizer.java:2039)&#10;        at java.util.concurrent.ScheduledThreadPoolExecutor$DelayedWorkQueue.take(ScheduledThreadPoolExecutor.java:1088)&#10;        at java.util.concurrent.ScheduledThreadPoolExecutor$DelayedWorkQueue.take(ScheduledThreadPoolExecutor.java:809)&#10;        at java.util.concurrent.ThreadPoolExecutor.getTask(ThreadPoolExecutor.java:1074)&#10;        at java.util.concurrent.ThreadPoolExecutor.runWorker(ThreadPoolExecutor.java:1134)&#10;        at java.util.concurrent.ThreadPoolExecutor$Worker.run(ThreadPoolExecutor.java:624)&#10;        at java.lang.Thread.run(Thread.java:748)&#10;&quot;IPC Server handler 11 on default port 41087&quot; daemon prio=5 tid=66 timed_waiting&#10;java.lang.Thread.State: TIMED_WAITING&#10;        at sun.misc.Unsafe.park(Native Method)&#10;        at java.util.concurrent.locks.LockSupport.parkNanos(LockSupport.java:215)&#10;        at java.util.concurrent.locks.AbstractQueuedSynchronizer$ConditionObject.awaitNanos(AbstractQueuedSynchronizer.java:2078)&#10;        at java.util.concurrent.LinkedBlockingQueue.poll(LinkedBlockingQueue.java:467)&#10;        at org.apache.hadoop.ipc.CallQueueManager.take(CallQueueManager.java:295)&#10;        at org.apache.hadoop.ipc.Server$Handler.run(Server.java:2881)&#10;&quot;43006955-015f-42cd-b925-cfd3ac6ee1ce@group-E2DBF971A61D-StateMachineUpdater&quot; daemon prio=5 tid=270 in Object.wait()&#10;java.lang.Thread.State: WAITING (on object monitor)&#10;        at java.lang.Object.wait(Native Method)&#10;        at java.lang.Object.wait(Object.java:502)&#10;        at org.apache.ratis.server.impl.StateMachineUpdater.waitForCommit(StateMachineUpdater.java:200)&#10;        at org.apache.ratis.server.impl.StateMachineUpdater.run(StateMachineUpdater.java:165)&#10;        at java.lang.Thread.run(Thread.java:748)&#10;&quot;IPC Server handler 18 on default port 37665&quot; daemon prio=5 tid=93 timed_waiting&#10;java.lang.Thread.State: TIMED_WAITING&#10;        at sun.misc.Unsafe.park(Native Method)&#10;        at java.util.concurrent.locks.LockSupport.parkNanos(LockSupport.java:215)&#10;        at java.util.concurrent.locks.AbstractQueuedSynchronizer$ConditionObject.awaitNanos(AbstractQueuedSynchronizer.java:2078)&#10;        at java.util.concurrent.LinkedBlockingQueue.poll(LinkedBlockingQueue.java:467)&#10;        at org.apache.hadoop.ipc.CallQueueManager.take(CallQueueManager.java:295)&#10;        at org.apache.hadoop.ipc.Server$Handler.run(Server.java:2881)&#10;&quot;IPC Server handler 15 on default port 45051&quot; daemon prio=5 tid=50 timed_waiting&#10;java.lang.Thread.State: TIMED_WAITING&#10;        at sun.misc.Unsafe.park(Native Method)&#10;        at java.util.concurrent.locks.LockSupport.parkNanos(LockSupport.java:215)&#10;        at java.util.concurrent.locks.AbstractQueuedSynchronizer$ConditionObject.awaitNanos(AbstractQueuedSynchronizer.java:2078)&#10;        at java.util.concurrent.LinkedBlockingQueue.poll(LinkedBlockingQueue.java:467)&#10;        at org.apache.hadoop.ipc.CallQueueManager.take(CallQueueManager.java:295)&#10;        at org.apache.hadoop.ipc.Server$Handler.run(Server.java:2881)&#10;&quot;IPC Server handler 13 on default port 37665&quot; daemon prio=5 tid=88 timed_waiting&#10;java.lang.Thread.State: TIMED_WAITING&#10;        at sun.misc.Unsafe.park(Native Method)&#10;        at java.util.concurrent.locks.LockSupport.parkNanos(LockSupport.java:215)&#10;        at java.util.concurrent.locks.AbstractQueuedSynchronizer$ConditionObject.awaitNanos(AbstractQueuedSynchronizer.java:2078)&#10;        at java.util.concurrent.LinkedBlockingQueue.poll(LinkedBlockingQueue.java:467)&#10;        at org.apache.hadoop.ipc.CallQueueManager.take(CallQueueManager.java:295)&#10;        at org.apache.hadoop.ipc.Server$Handler.run(Server.java:2881)&#10;&quot;Datanode ReportManager Thread - 0&quot; daemon prio=5 tid=197 timed_waiting&#10;java.lang.Thread.State: TIMED_WAITING&#10;        at sun.misc.Unsafe.park(Native Method)&#10;        at java.util.concurrent.locks.LockSupport.parkNanos(LockSupport.java:215)&#10;        at java.util.concurrent.locks.AbstractQueuedSynchronizer$ConditionObject.awaitNanos(AbstractQueuedSynchronizer.java:2078)&#10;        at java.util.concurrent.ScheduledThreadPoolExecutor$DelayedWorkQueue.take(ScheduledThreadPoolExecutor.java:1093)&#10;        at java.util.concurrent.ScheduledThreadPoolExecutor$DelayedWorkQueue.take(ScheduledThreadPoolExecutor.java:809)&#10;        at java.util.concurrent.ThreadPoolExecutor.getTask(ThreadPoolExecutor.java:1074)&#10;        at java.util.concurrent.ThreadPoolExecutor.runWorker(ThreadPoolExecutor.java:1134)&#10;        at java.util.concurrent.ThreadPoolExecutor$Worker.run(ThreadPoolExecutor.java:624)&#10;        at java.lang.Thread.run(Thread.java:748)&#10;&quot;pool-44-thread-1&quot; daemon prio=5 tid=174 timed_waiting&#10;java.lang.Thread.State: TIMED_WAITING&#10;        at sun.misc.Unsafe.park(Native Method)&#10;        at java.util.concurrent.locks.LockSupport.parkNanos(LockSupport.java:215)&#10;        at java.util.concurrent.locks.AbstractQueuedSynchronizer$ConditionObject.awaitNanos(AbstractQueuedSynchronizer.java:2078)&#10;        at java.util.concurrent.ScheduledThreadPoolExecutor$DelayedWorkQueue.take(ScheduledThreadPoolExecutor.java:1093)&#10;        at java.util.concurrent.ScheduledThreadPoolExecutor$DelayedWorkQueue.take(ScheduledThreadPoolExecutor.java:809)&#10;        at java.util.concurrent.ThreadPoolExecutor.getTask(ThreadPoolExecutor.java:1074)&#10;        at java.util.concurrent.ThreadPoolExecutor.runWorker(ThreadPoolExecutor.java:1134)&#10;        at java.util.concurrent.ThreadPoolExecutor$Worker.run(ThreadPoolExecutor.java:624)&#10;        at java.lang.Thread.run(Thread.java:748)&#10;&quot;OMDoubleBufferFlushThread&quot; daemon prio=5 tid=111 timed_waiting&#10;java.lang.Thread.State: TIMED_WAITING&#10;        at java.lang.Object.wait(Native Method)&#10;        at org.apache.hadoop.ozone.om.ratis.OzoneManagerDoubleBuffer.canFlush(OzoneManagerDoubleBuffer.java:482)&#10;        at org.apache.hadoop.ozone.om.ratis.OzoneManagerDoubleBuffer.flushTransactions(OzoneManagerDoubleBuffer.java:232)&#10;        at org.apache.hadoop.ozone.om.ratis.OzoneManagerDoubleBuffer$$Lambda$80/533944978.run(Unknown Source)&#10;        at java.lang.Thread.run(Thread.java:748)&#10;&quot;Datanode ReportManager Thread - 1&quot; daemon prio=5 tid=198 in Object.wait()&#10;java.lang.Thread.State: WAITING (on object monitor)&#10;        at sun.misc.Unsafe.park(Native Method)&#10;        at java.util.concurrent.locks.LockSupport.park(LockSupport.java:175)&#10;        at java.util.concurrent.locks.AbstractQueuedSynchronizer$ConditionObject.await(AbstractQueuedSynchronizer.java:2039)&#10;        at java.util.concurrent.ScheduledThreadPoolExecutor$DelayedWorkQueue.take(ScheduledThreadPoolExecutor.java:1088)&#10;        at java.util.concurrent.ScheduledThreadPoolExecutor$DelayedWorkQueue.take(ScheduledThreadPoolExecutor.java:809)&#10;        at java.util.concurrent.ThreadPoolExecutor.getTask(ThreadPoolExecutor.java:1074)&#10;        at java.util.concurrent.ThreadPoolExecutor.runWorker(ThreadPoolExecutor.java:1134)&#10;        at java.util.concurrent.ThreadPoolExecutor$Worker.run(ThreadPoolExecutor.java:624)&#10;        at java.lang.Thread.run(Thread.java:748)&#10;&quot;IPC Server handler 12 on default port 41087&quot; daemon prio=5 tid=67 timed_waiting&#10;java.lang.Thread.State: TIMED_WAITING&#10;        at sun.misc.Unsafe.park(Native Method)&#10;        at java.util.concurrent.locks.LockSupport.parkNanos(LockSupport.java:215)&#10;        at java.util.concurrent.locks.AbstractQueuedSynchronizer$ConditionObject.awaitNanos(AbstractQueuedSynchronizer.java:2078)&#10;        at java.util.concurrent.LinkedBlockingQueue.poll(LinkedBlockingQueue.java:467)&#10;        at org.apache.hadoop.ipc.CallQueueManager.take(CallQueueManager.java:295)&#10;        at org.apache.hadoop.ipc.Server$Handler.run(Server.java:2881)&#10;&quot;IPC Server handler 11 on default port 36455&quot; daemon prio=5 tid=131 timed_waiting&#10;java.lang.Thread.State: TIMED_WAITING&#10;        at sun.misc.Unsafe.park(Native Method)&#10;        at java.util.concurrent.locks.LockSupport.parkNanos(LockSupport.java:215)&#10;        at java.util.concurrent.locks.AbstractQueuedSynchronizer$ConditionObject.awaitNanos(AbstractQueuedSynchronizer.java:2078)&#10;        at java.util.concurrent.LinkedBlockingQueue.poll(LinkedBlockingQueue.java:467)&#10;        at org.apache.hadoop.ipc.CallQueueManager.take(CallQueueManager.java:295)&#10;        at org.apache.hadoop.ipc.Server$Handler.run(Server.java:2881)&#10;&quot;IPC Server handler 1 on default port 37665&quot; daemon prio=5 tid=76 timed_waiting&#10;java.lang.Thread.State: TIMED_WAITING&#10;        at sun.misc.Unsafe.park(Native Method)&#10;        at java.util.concurrent.locks.LockSupport.parkNanos(LockSupport.java:215)&#10;        at java.util.concurrent.locks.AbstractQueuedSynchronizer$ConditionObject.awaitNanos(AbstractQueuedSynchronizer.java:2078)&#10;        at java.util.concurrent.LinkedBlockingQueue.poll(LinkedBlockingQueue.java:467)&#10;        at org.apache.hadoop.ipc.CallQueueManager.take(CallQueueManager.java:295)&#10;        at org.apache.hadoop.ipc.Server$Handler.run(Server.java:2881)&#10;&quot;IPC Server handler 19 on default port 45051&quot; daemon prio=5 tid=54 timed_waiting&#10;java.lang.Thread.State: TIMED_WAITING&#10;        at sun.misc.Unsafe.park(Native Method)&#10;        at java.util.concurrent.locks.LockSupport.parkNanos(LockSupport.java:215)&#10;        at java.util.concurrent.locks.AbstractQueuedSynchronizer$ConditionObject.awaitNanos(AbstractQueuedSynchronizer.java:2078)&#10;        at java.util.concurrent.LinkedBlockingQueue.poll(LinkedBlockingQueue.java:467)&#10;        at org.apache.hadoop.ipc.CallQueueManager.take(CallQueueManager.java:295)&#10;        at org.apache.hadoop.ipc.Server$Handler.run(Server.java:2881)&#10;&quot;Socket Reader #1 for port 0&quot;  prio=5 tid=17 runnable&#10;java.lang.Thread.State: RUNNABLE&#10;        at sun.nio.ch.EPollArrayWrapper.epollWait(Native Method)&#10;        at sun.nio.ch.EPollArrayWrapper.poll(EPollArrayWrapper.java:269)&#10;        at sun.nio.ch.EPollSelectorImpl.doSelect(EPollSelectorImpl.java:93)&#10;        at sun.nio.ch.SelectorImpl.lockAndDoSelect(SelectorImpl.java:86)&#10;        at sun.nio.ch.SelectorImpl.select(SelectorImpl.java:97)&#10;        at sun.nio.ch.SelectorImpl.select(SelectorImpl.java:101)&#10;        at org.apache.hadoop.ipc.Server$Listener$Reader.doRunLoop(Server.java:1242)&#10;        at org.apache.hadoop.ipc.Server$Listener$Reader.run(Server.java:1221)&#10;&quot;dd4333e9-7965-46b1-a2b1-cee7aab213b7@group-E2DBF971A61D-StateMachineUpdater&quot; daemon prio=5 tid=263 in Object.wait()&#10;java.lang.Thread.State: WAITING (on object monitor)&#10;        at java.lang.Object.wait(Native Method)&#10;        at java.lang.Object.wait(Object.java:502)&#10;        at org.apache.ratis.server.impl.StateMachineUpdater.waitForCommit(StateMachineUpdater.java:200)&#10;        at org.apache.ratis.server.impl.StateMachineUpdater.run(StateMachineUpdater.java:165)&#10;        at java.lang.Thread.run(Thread.java:748)&#10;&quot;Thread-216&quot; daemon prio=5 tid=308 timed_waiting&#10;java.lang.Thread.State: TIMED_WAITING&#10;        at java.lang.Thread.sleep(Native Method)&#10;        at org.apache.ratis.util.JavaUtils.sleep(JavaUtils.java:243)&#10;        at org.apache.ratis.server.impl.FollowerState.run(FollowerState.java:97)&#10;&quot;qtp490467503-161&quot; daemon prio=5 tid=161 timed_waiting&#10;java.lang.Thread.State: TIMED_WAITING&#10;        at sun.misc.Unsafe.park(Native Method)&#10;        at java.util.concurrent.locks.LockSupport.parkNanos(LockSupport.java:215)&#10;        at java.util.concurrent.locks.AbstractQueuedSynchronizer$ConditionObject.awaitNanos(AbstractQueuedSynchronizer.java:2078)&#10;        at org.eclipse.jetty.util.BlockingArrayQueue.poll(BlockingArrayQueue.java:382)&#10;        at org.eclipse.jetty.util.thread.QueuedThreadPool$Runner.idleJobPoll(QueuedThreadPool.java:875)&#10;        at org.eclipse.jetty.util.thread.QueuedThreadPool$Runner.run(QueuedThreadPool.java:925)&#10;        at java.lang.Thread.run(Thread.java:748)&#10;&quot;qtp448070390-145&quot; daemon prio=5 tid=145 timed_waiting&#10;java.lang.Thread.State: TIMED_WAITING&#10;        at sun.misc.Unsafe.park(Native Method)&#10;        at java.util.concurrent.locks.LockSupport.parkNanos(LockSupport.java:215)&#10;        at java.util.concurrent.locks.AbstractQueuedSynchronizer$ConditionObject.awaitNanos(AbstractQueuedSynchronizer.java:2078)&#10;        at org.eclipse.jetty.util.BlockingArrayQueue.poll(BlockingArrayQueue.java:382)&#10;        at org.eclipse.jetty.util.thread.QueuedThreadPool$Runner.idleJobPoll(QueuedThreadPool.java:875)&#10;        at org.eclipse.jetty.util.thread.QueuedThreadPool$Runner.run(QueuedThreadPool.java:925)&#10;        at java.lang.Thread.run(Thread.java:748)&#10;&quot;Datanode ReportManager Thread - 0&quot; daemon prio=5 tid=171 in Object.wait()&#10;java.lang.Thread.State: WAITING (on object monitor)&#10;        at sun.misc.Unsafe.park(Native Method)&#10;        at java.util.concurrent.locks.LockSupport.park(LockSupport.java:175)&#10;        at java.util.concurrent.locks.AbstractQueuedSynchronizer$ConditionObject.await(AbstractQueuedSynchronizer.java:2039)&#10;        at java.util.concurrent.ScheduledThreadPoolExecutor$DelayedWorkQueue.take(ScheduledThreadPoolExecutor.java:1088)&#10;        at java.util.concurrent.ScheduledThreadPoolExecutor$DelayedWorkQueue.take(ScheduledThreadPoolExecutor.java:809)&#10;        at java.util.concurrent.ThreadPoolExecutor.getTask(ThreadPoolExecutor.java:1074)&#10;        at java.util.concurrent.ThreadPoolExecutor.runWorker(ThreadPoolExecutor.java:1134)&#10;        at java.util.concurrent.ThreadPoolExecutor$Worker.run(ThreadPoolExecutor.java:624)&#10;        at java.lang.Thread.run(Thread.java:748)&#10;&quot;IPC Server Responder&quot; daemon prio=5 tid=27 runnable&#10;java.lang.Thread.State: RUNNABLE&#10;        at sun.nio.ch.EPollArrayWrapper.epollWait(Native Method)&#10;        at sun.nio.ch.EPollArrayWrapper.poll(EPollArrayWrapper.java:269)&#10;        at sun.nio.ch.EPollSelectorImpl.doSelect(EPollSelectorImpl.java:93)&#10;        at sun.nio.ch.SelectorImpl.lockAndDoSelect(SelectorImpl.java:86)&#10;        at sun.nio.ch.SelectorImpl.select(SelectorImpl.java:97)&#10;        at org.apache.hadoop.ipc.Server$Responder.doRunLoop(Server.java:1480)&#10;        at org.apache.hadoop.ipc.Server$Responder.run(Server.java:1463)&#10;&quot;IPC Server handler 10 on default port 45051&quot; daemon prio=5 tid=45 timed_waiting&#10;java.lang.Thread.State: TIMED_WAITING&#10;        at sun.misc.Unsafe.park(Native Method)&#10;        at java.util.concurrent.locks.LockSupport.parkNanos(LockSupport.java:215)&#10;        at java.util.concurrent.locks.AbstractQueuedSynchronizer$ConditionObject.awaitNanos(AbstractQueuedSynchronizer.java:2078)&#10;        at java.util.concurrent.LinkedBlockingQueue.poll(LinkedBlockingQueue.java:467)&#10;        at org.apache.hadoop.ipc.CallQueueManager.take(CallQueueManager.java:295)&#10;        at org.apache.hadoop.ipc.Server$Handler.run(Server.java:2881)&#10;&quot;dd4333e9-7965-46b1-a2b1-cee7aab213b7@group-0A2CC78894B9-SegmentedRaftLogWorker&quot;  prio=5 tid=258 timed_waiting&#10;java.lang.Thread.State: TIMED_WAITING&#10;        at sun.misc.Unsafe.park(Native Method)&#10;        at java.util.concurrent.locks.LockSupport.parkNanos(LockSupport.java:215)&#10;        at java.util.concurrent.locks.AbstractQueuedSynchronizer$ConditionObject.awaitNanos(AbstractQueuedSynchronizer.java:2078)&#10;        at org.apache.ratis.util.DataBlockingQueue.poll(DataBlockingQueue.java:137)&#10;        at org.apache.ratis.server.raftlog.segmented.SegmentedRaftLogWorker.run(SegmentedRaftLogWorker.java:287)&#10;        at java.lang.Thread.run(Thread.java:748)&#10;&quot;qtp934985972-185&quot; daemon prio=5 tid=185 timed_waiting&#10;java.lang.Thread.State: TIMED_WAITING&#10;        at sun.misc.Unsafe.park(Native Method)&#10;        at java.util.concurrent.locks.LockSupport.parkNanos(LockSupport.java:215)&#10;        at java.util.concurrent.locks.AbstractQueuedSynchronizer$ConditionObject.awaitNanos(AbstractQueuedSynchronizer.java:2078)&#10;        at org.eclipse.jetty.util.BlockingArrayQueue.poll(BlockingArrayQueue.java:382)&#10;        at org.eclipse.jetty.util.thread.QueuedThreadPool$Runner.idleJobPoll(QueuedThreadPool.java:875)&#10;        at org.eclipse.jetty.util.thread.QueuedThreadPool$Runner.run(QueuedThreadPool.java:925)&#10;        at java.lang.Thread.run(Thread.java:748)&#10;&quot;qtp162320368-97&quot; daemon prio=5 tid=97 timed_waiting&#10;java.lang.Thread.State: TIMED_WAITING&#10;        at sun.misc.Unsafe.park(Native Method)&#10;        at java.util.concurrent.locks.LockSupport.parkNanos(LockSupport.java:215)&#10;        at java.util.concurrent.locks.AbstractQueuedSynchronizer$ConditionObject.awaitNanos(AbstractQueuedSynchronizer.java:2078)&#10;        at org.eclipse.jetty.util.BlockingArrayQueue.poll(BlockingArrayQueue.java:382)&#10;        at org.eclipse.jetty.util.thread.QueuedThreadPool$Runner.idleJobPoll(QueuedThreadPool.java:875)&#10;        at org.eclipse.jetty.util.thread.QueuedThreadPool$Runner.run(QueuedThreadPool.java:925)&#10;        at java.lang.Thread.run(Thread.java:748)&#10;&quot;Datanode ReportManager Thread - 3&quot; daemon prio=5 tid=176 in Object.wait()&#10;java.lang.Thread.State: WAITING (on object monitor)&#10;        at sun.misc.Unsafe.park(Native Method)&#10;        at java.util.concurrent.locks.LockSupport.park(LockSupport.java:175)&#10;        at java.util.concurrent.locks.AbstractQueuedSynchronizer$ConditionObject.await(AbstractQueuedSynchronizer.java:2039)&#10;        at java.util.concurrent.ScheduledThreadPoolExecutor$DelayedWorkQueue.take(ScheduledThreadPoolExecutor.java:1088)&#10;        at java.util.concurrent.ScheduledThreadPoolExecutor$DelayedWorkQueue.take(ScheduledThreadPoolExecutor.java:809)&#10;        at java.util.concurrent.ThreadPoolExecutor.getTask(ThreadPoolExecutor.java:1074)&#10;        at java.util.concurrent.ThreadPoolExecutor.runWorker(ThreadPoolExecutor.java:1134)&#10;        at java.util.concurrent.ThreadPoolExecutor$Worker.run(ThreadPoolExecutor.java:624)&#10;        at java.lang.Thread.run(Thread.java:748)&#10;&quot;IPC Server handler 6 on default port 37665&quot; daemon prio=5 tid=81 timed_waiting&#10;java.lang.Thread.State: TIMED_WAITING&#10;        at sun.misc.Unsafe.park(Native Method)&#10;        at java.util.concurrent.locks.LockSupport.parkNanos(LockSupport.java:215)&#10;        at java.util.concurrent.locks.AbstractQueuedSynchronizer$ConditionObject.awaitNanos(AbstractQueuedSynchronizer.java:2078)&#10;        at java.util.concurrent.LinkedBlockingQueue.poll(LinkedBlockingQueue.java:467)&#10;        at org.apache.hadoop.ipc.CallQueueManager.take(CallQueueManager.java:295)&#10;        at org.apache.hadoop.ipc.Server$Handler.run(Server.java:2881)&#10;&quot;Datanode ReportManager Thread - 3&quot; daemon prio=5 tid=200 in Object.wait()&#10;java.lang.Thread.State: WAITING (on object monitor)&#10;        at sun.misc.Unsafe.park(Native Method)&#10;        at java.util.concurrent.locks.LockSupport.park(LockSupport.java:175)&#10;        at java.util.concurrent.locks.AbstractQueuedSynchronizer$ConditionObject.await(AbstractQueuedSynchronizer.java:2039)&#10;        at java.util.concurrent.ScheduledThreadPoolExecutor$DelayedWorkQueue.take(ScheduledThreadPoolExecutor.java:1088)&#10;        at java.util.concurrent.ScheduledThreadPoolExecutor$DelayedWorkQueue.take(ScheduledThreadPoolExecutor.java:809)&#10;        at java.util.concurrent.ThreadPoolExecutor.getTask(ThreadPoolExecutor.java:1074)&#10;        at java.util.concurrent.ThreadPoolExecutor.runWorker(ThreadPoolExecutor.java:1134)&#10;        at java.util.concurrent.ThreadPoolExecutor$Worker.run(ThreadPoolExecutor.java:624)&#10;        at java.lang.Thread.run(Thread.java:748)&#10;&quot;46593078-1315-442c-91b1-b92b4f012500@group-E2DBF971A61D-StateMachineUpdater&quot; daemon prio=5 tid=257 in Object.wait()&#10;java.lang.Thread.State: WAITING (on object monitor)&#10;        at java.lang.Object.wait(Native Method)&#10;        at java.lang.Object.wait(Object.java:502)&#10;        at org.apache.ratis.server.impl.StateMachineUpdater.waitForCommit(StateMachineUpdater.java:200)&#10;        at org.apache.ratis.server.impl.StateMachineUpdater.run(StateMachineUpdater.java:165)&#10;        at java.lang.Thread.run(Thread.java:748)&#10;&quot;pool-25-thread-1&quot;  prio=5 tid=150 timed_waiting&#10;java.lang.Thread.State: TIMED_WAITING&#10;        at sun.misc.Unsafe.park(Native Method)&#10;        at java.util.concurrent.locks.LockSupport.parkNanos(LockSupport.java:215)&#10;        at java.util.concurrent.locks.AbstractQueuedSynchronizer$ConditionObject.awaitNanos(AbstractQueuedSynchronizer.java:2078)&#10;        at java.util.concurrent.ScheduledThreadPoolExecutor$DelayedWorkQueue.take(ScheduledThreadPoolExecutor.java:1093)&#10;        at java.util.concurrent.ScheduledThreadPoolExecutor$DelayedWorkQueue.take(ScheduledThreadPoolExecutor.java:809)&#10;        at java.util.concurrent.ThreadPoolExecutor.getTask(ThreadPoolExecutor.java:1074)&#10;        at java.util.concurrent.ThreadPoolExecutor.runWorker(ThreadPoolExecutor.java:1134)&#10;        at java.util.concurrent.ThreadPoolExecutor$Worker.run(ThreadPoolExecutor.java:624)&#10;        at java.lang.Thread.run(Thread.java:748)&#10;&quot;EventQueue-StaleNodeForStaleNodeHandler&quot; daemon prio=5 tid=391 in Object.wait()&#10;java.lang.Thread.State: WAITING (on object monitor)&#10;        at sun.misc.Unsafe.park(Native Method)&#10;        at java.util.concurrent.locks.LockSupport.park(LockSupport.java:175)&#10;        at java.util.concurrent.locks.AbstractQueuedSynchronizer$ConditionObject.await(AbstractQueuedSynchronizer.java:2039)&#10;        at java.util.concurrent.LinkedBlockingQueue.take(LinkedBlockingQueue.java:442)&#10;        at java.util.concurrent.ThreadPoolExecutor.getTask(ThreadPoolExecutor.java:1074)&#10;        at java.util.concurrent.ThreadPoolExecutor.runWorker(ThreadPoolExecutor.java:1134)&#10;        at java.util.concurrent.ThreadPoolExecutor$Worker.run(ThreadPoolExecutor.java:624)&#10;        at java.lang.Thread.run(Thread.java:748)&#10;&quot;IPC Server handler 0 on default port 37665&quot; daemon prio=5 tid=75 timed_waiting&#10;java.lang.Thread.State: TIMED_WAITING&#10;        at sun.misc.Unsafe.park(Native Method)&#10;        at java.util.concurrent.locks.LockSupport.parkNanos(LockSupport.java:215)&#10;        at java.util.concurrent.locks.AbstractQueuedSynchronizer$ConditionObject.awaitNanos(AbstractQueuedSynchronizer.java:2078)&#10;        at java.util.concurrent.LinkedBlockingQueue.poll(LinkedBlockingQueue.java:467)&#10;        at org.apache.hadoop.ipc.CallQueueManager.take(CallQueueManager.java:295)&#10;        at org.apache.hadoop.ipc.Server$Handler.run(Server.java:2881)&#10;&quot;qtp777295125-207-acceptor-0@65a27f4c-ServerConnector@1ef8f7e6{HTTP/1.1,[http/1.1]}{0.0.0.0:32957}&quot; daemon prio=3 tid=207 runnable&#10;java.lang.Thread.State: RUNNABLE&#10;        at sun.nio.ch.ServerSocketChannelImpl.accept0(Native Method)&#10;        at sun.nio.ch.ServerSocketChannelImpl.accept(ServerSocketChannelImpl.java:422)&#10;        at sun.nio.ch.ServerSocketChannelImpl.accept(ServerSocketChannelImpl.java:250)&#10;        at org.eclipse.jetty.server.ServerConnector.accept(ServerConnector.java:385)&#10;        at org.eclipse.jetty.server.AbstractConnector$Acceptor.run(AbstractConnector.java:701)&#10;        at org.eclipse.jetty.util.thread.QueuedThreadPool.runJob(QueuedThreadPool.java:806)&#10;        at org.eclipse.jetty.util.thread.QueuedThreadPool$Runner.run(QueuedThreadPool.java:938)&#10;        at java.lang.Thread.run(Thread.java:748)&#10;&quot;IPC Server handler 19 on default port 36455&quot; daemon prio=5 tid=139 timed_waiting&#10;java.lang.Thread.State: TIMED_WAITING&#10;        at sun.misc.Unsafe.park(Native Method)&#10;        at java.util.concurrent.locks.LockSupport.parkNanos(LockSupport.java:215)&#10;        at java.util.concurrent.locks.AbstractQueuedSynchronizer$ConditionObject.awaitNanos(AbstractQueuedSynchronizer.java:2078)&#10;        at java.util.concurrent.LinkedBlockingQueue.poll(LinkedBlockingQueue.java:467)&#10;        at org.apache.hadoop.ipc.CallQueueManager.take(CallQueueManager.java:295)&#10;        at org.apache.hadoop.ipc.Server$Handler.run(Server.java:2881)&#10;&quot;IPC Server handler 14 on default port 45051&quot; daemon prio=5 tid=49 timed_waiting&#10;java.lang.Thread.State: TIMED_WAITING&#10;        at sun.misc.Unsafe.park(Native Method)&#10;        at java.util.concurrent.locks.LockSupport.parkNanos(LockSupport.java:215)&#10;        at java.util.concurrent.locks.AbstractQueuedSynchronizer$ConditionObject.awaitNanos(AbstractQueuedSynchronizer.java:2078)&#10;        at java.util.concurrent.LinkedBlockingQueue.poll(LinkedBlockingQueue.java:467)&#10;        at org.apache.hadoop.ipc.CallQueueManager.take(CallQueueManager.java:295)&#10;        at org.apache.hadoop.ipc.Server$Handler.run(Server.java:2881)&#10;&quot;IPC Server handler 5 on default port 36455&quot; daemon prio=5 tid=125 timed_waiting&#10;java.lang.Thread.State: TIMED_WAITING&#10;        at sun.misc.Unsafe.park(Native Method)&#10;        at java.util.concurrent.locks.LockSupport.parkNanos(LockSupport.java:215)&#10;        at java.util.concurrent.locks.AbstractQueuedSynchronizer$ConditionObject.awaitNanos(AbstractQueuedSynchronizer.java:2078)&#10;        at java.util.concurrent.LinkedBlockingQueue.poll(LinkedBlockingQueue.java:467)&#10;        at org.apache.hadoop.ipc.CallQueueManager.take(CallQueueManager.java:295)&#10;        at org.apache.hadoop.ipc.Server$Handler.run(Server.java:2881)&#10;&quot;BlockDeletingService#2&quot; daemon prio=5 tid=352 in Object.wait()&#10;java.lang.Thread.State: WAITING (on object monitor)&#10;        at sun.misc.Unsafe.park(Native Method)&#10;        at java.util.concurrent.locks.LockSupport.park(LockSupport.java:175)&#10;        at java.util.concurrent.locks.AbstractQueuedSynchronizer$ConditionObject.await(AbstractQueuedSynchronizer.java:2039)&#10;        at java.util.concurrent.ScheduledThreadPoolExecutor$DelayedWorkQueue.take(ScheduledThreadPoolExecutor.java:1088)&#10;        at java.util.concurrent.ScheduledThreadPoolExecutor$DelayedWorkQueue.take(ScheduledThreadPoolExecutor.java:809)&#10;        at java.util.concurrent.ThreadPoolExecutor.getTask(ThreadPoolExecutor.java:1074)&#10;        at java.util.concurrent.ThreadPoolExecutor.runWorker(ThreadPoolExecutor.java:1134)&#10;        at java.util.concurrent.ThreadPoolExecutor$Worker.run(ThreadPoolExecutor.java:624)&#10;        at java.lang.Thread.run(Thread.java:748)&#10;&quot;IPC Server handler 9 on default port 37665&quot; daemon prio=5 tid=84 timed_waiting&#10;java.lang.Thread.State: TIMED_WAITING&#10;        at sun.misc.Unsafe.park(Native Method)&#10;        at java.util.concurrent.locks.LockSupport.parkNanos(LockSupport.java:215)&#10;        at java.util.concurrent.locks.AbstractQueuedSynchronizer$ConditionObject.awaitNanos(AbstractQueuedSynchronizer.java:2078)&#10;        at java.util.concurrent.LinkedBlockingQueue.poll(LinkedBlockingQueue.java:467)&#10;        at org.apache.hadoop.ipc.CallQueueManager.take(CallQueueManager.java:295)&#10;        at org.apache.hadoop.ipc.Server$Handler.run(Server.java:2881)&#10;&quot;ChunkWriter-1-0&quot; daemon prio=5 tid=239 in Object.wait()&#10;java.lang.Thread.State: WAITING (on object monitor)&#10;        at sun.misc.Unsafe.park(Native Method)&#10;        at java.util.concurrent.locks.LockSupport.park(LockSupport.java:175)&#10;        at java.util.concurrent.locks.AbstractQueuedSynchronizer$ConditionObject.await(AbstractQueuedSynchronizer.java:2039)&#10;        at java.util.concurrent.LinkedBlockingDeque.takeFirst(LinkedBlockingDeque.java:492)&#10;        at java.util.concurrent.LinkedBlockingDeque.take(LinkedBlockingDeque.java:680)&#10;        at java.util.concurrent.ThreadPoolExecutor.getTask(ThreadPoolExecutor.java:1074)&#10;        at java.util.concurrent.ThreadPoolExecutor.runWorker(ThreadPoolExecutor.java:1134)&#10;        at java.util.concurrent.ThreadPoolExecutor$Worker.run(ThreadPoolExecutor.java:624)&#10;        at java.lang.Thread.run(Thread.java:748)&#10;&quot;pool-28-thread-1&quot; daemon prio=5 tid=155 timed_waiting&#10;java.lang.Thread.State: TIMED_WAITING&#10;        at sun.misc.Unsafe.park(Native Method)&#10;        at java.util.concurrent.locks.LockSupport.parkNanos(LockSupport.java:215)&#10;        at java.util.concurrent.locks.AbstractQueuedSynchronizer$ConditionObject.awaitNanos(AbstractQueuedSynchronizer.java:2078)&#10;        at java.util.concurrent.ScheduledThreadPoolExecutor$DelayedWorkQueue.take(ScheduledThreadPoolExecutor.java:1093)&#10;        at java.util.concurrent.ScheduledThreadPoolExecutor$DelayedWorkQueue.take(ScheduledThreadPoolExecutor.java:809)&#10;        at java.util.concurrent.ThreadPoolExecutor.getTask(ThreadPoolExecutor.java:1074)&#10;        at java.util.concurrent.ThreadPoolExecutor.runWorker(ThreadPoolExecutor.java:1134)&#10;        at java.util.concurrent.ThreadPoolExecutor$Worker.run(ThreadPoolExecutor.java:624)&#10;        at java.lang.Thread.run(Thread.java:748)&#10;&quot;IPC Server handler 12 on default port 36455&quot; daemon prio=5 tid=132 timed_waiting&#10;java.lang.Thread.State: TIMED_WAITING&#10;        at sun.misc.Unsafe.park(Native Method)&#10;        at java.util.concurrent.locks.LockSupport.parkNanos(LockSupport.java:215)&#10;        at java.util.concurrent.locks.AbstractQueuedSynchronizer$ConditionObject.awaitNanos(AbstractQueuedSynchronizer.java:2078)&#10;        at java.util.concurrent.LinkedBlockingQueue.poll(LinkedBlockingQueue.java:467)&#10;        at org.apache.hadoop.ipc.CallQueueManager.take(CallQueueManager.java:295)&#10;        at org.apache.hadoop.ipc.Server$Handler.run(Server.java:2881)&#10;&quot;pool-8-thread-1&quot;  prio=5 tid=28 timed_waiting&#10;java.lang.Thread.State: TIMED_WAITING&#10;        at sun.misc.Unsafe.park(Native Method)&#10;        at java.util.concurrent.locks.LockSupport.parkNanos(LockSupport.java:215)&#10;        at java.util.concurrent.locks.AbstractQueuedSynchronizer$ConditionObject.awaitNanos(AbstractQueuedSynchronizer.java:2078)&#10;        at java.util.concurrent.ScheduledThreadPoolExecutor$DelayedWorkQueue.take(ScheduledThreadPoolExecutor.java:1093)&#10;        at java.util.concurrent.ScheduledThreadPoolExecutor$DelayedWorkQueue.take(ScheduledThreadPoolExecutor.java:809)&#10;        at java.util.concurrent.ThreadPoolExecutor.getTask(ThreadPoolExecutor.java:1074)&#10;        at java.util.concurrent.ThreadPoolExecutor.runWorker(ThreadPoolExecutor.java:1134)&#10;        at java.util.concurrent.ThreadPoolExecutor$Worker.run(ThreadPoolExecutor.java:624)&#10;        at java.lang.Thread.run(Thread.java:748)&#10;&quot;ChunkWriter-2-0&quot; daemon prio=5 tid=227 in Object.wait()&#10;java.lang.Thread.State: WAITING (on object monitor)&#10;        at sun.misc.Unsafe.park(Native Method)&#10;        at java.util.concurrent.locks.LockSupport.park(LockSupport.java:175)&#10;        at java.util.concurrent.locks.AbstractQueuedSynchronizer$ConditionObject.await(AbstractQueuedSynchronizer.java:2039)&#10;        at java.util.concurrent.LinkedBlockingDeque.takeFirst(LinkedBlockingDeque.java:492)&#10;        at java.util.concurrent.LinkedBlockingDeque.take(LinkedBlockingDeque.java:680)&#10;        at java.util.concurrent.ThreadPoolExecutor.getTask(ThreadPoolExecutor.java:1074)&#10;        at java.util.concurrent.ThreadPoolExecutor.runWorker(ThreadPoolExecutor.java:1134)&#10;        at java.util.concurrent.ThreadPoolExecutor$Worker.run(ThreadPoolExecutor.java:624)&#10;        at java.lang.Thread.run(Thread.java:748)&#10;&quot;Thread-217&quot; daemon prio=5 tid=309 timed_waiting&#10;java.lang.Thread.State: TIMED_WAITING&#10;        at sun.misc.Unsafe.park(Native Method)&#10;        at java.util.concurrent.locks.LockSupport.parkNanos(LockSupport.java:215)&#10;        at java.util.concurrent.locks.AbstractQueuedSynchronizer$ConditionObject.awaitNanos(AbstractQueuedSynchronizer.java:2078)&#10;        at java.util.concurrent.ArrayBlockingQueue.poll(ArrayBlockingQueue.java:418)&#10;        at org.apache.ratis.server.impl.LeaderState$EventQueue.poll(LeaderState.java:121)&#10;        at org.apache.ratis.server.impl.LeaderState$EventProcessor.run(LeaderState.java:496)&#10;&quot;qtp162320368-98&quot; daemon prio=5 tid=98 timed_waiting&#10;java.lang.Thread.State: TIMED_WAITING&#10;        at sun.misc.Unsafe.park(Native Method)&#10;        at java.util.concurrent.locks.LockSupport.parkNanos(LockSupport.java:215)&#10;        at java.util.concurrent.locks.AbstractQueuedSynchronizer$ConditionObject.awaitNanos(AbstractQueuedSynchronizer.java:2078)&#10;        at org.eclipse.jetty.util.BlockingArrayQueue.poll(BlockingArrayQueue.java:382)&#10;        at org.eclipse.jetty.util.thread.QueuedThreadPool$Runner.idleJobPoll(QueuedThreadPool.java:875)&#10;        at org.eclipse.jetty.util.thread.QueuedThreadPool$Runner.run(QueuedThreadPool.java:925)&#10;        at java.lang.Thread.run(Thread.java:748)&#10;&quot;qtp490467503-158&quot; daemon prio=5 tid=158 runnable&#10;java.lang.Thread.State: RUNNABLE&#10;        at sun.nio.ch.EPollArrayWrapper.epollWait(Native Method)&#10;        at sun.nio.ch.EPollArrayWrapper.poll(EPollArrayWrapper.java:269)&#10;        at sun.nio.ch.EPollSelectorImpl.doSelect(EPollSelectorImpl.java:93)&#10;        at sun.nio.ch.SelectorImpl.lockAndDoSelect(SelectorImpl.java:86)&#10;        at sun.nio.ch.SelectorImpl.select(SelectorImpl.java:97)&#10;        at sun.nio.ch.SelectorImpl.select(SelectorImpl.java:101)&#10;        at org.eclipse.jetty.io.ManagedSelector$SelectorProducer.select(ManagedSelector.java:472)&#10;        at org.eclipse.jetty.io.ManagedSelector$SelectorProducer.produce(ManagedSelector.java:409)&#10;        at org.eclipse.jetty.util.thread.strategy.EatWhatYouKill.produceTask(EatWhatYouKill.java:360)&#10;        at org.eclipse.jetty.util.thread.strategy.EatWhatYouKill.doProduce(EatWhatYouKill.java:184)&#10;        at org.eclipse.jetty.util.thread.strategy.EatWhatYouKill.tryProduce(EatWhatYouKill.java:171)&#10;        at org.eclipse.jetty.util.thread.strategy.EatWhatYouKill.produce(EatWhatYouKill.java:135)&#10;        at org.eclipse.jetty.io.ManagedSelector$$Lambda$72/1395912847.run(Unknown Source)&#10;        at org.eclipse.jetty.util.thread.QueuedThreadPool.runJob(QueuedThreadPool.java:806)&#10;        at org.eclipse.jetty.util.thread.QueuedThreadPool$Runner.run(QueuedThreadPool.java:938)&#10;        at java.lang.Thread.run(Thread.java:748)&#10;&quot;IPC Server handler 5 on default port 45051&quot; daemon prio=5 tid=40 timed_waiting&#10;java.lang.Thread.State: TIMED_WAITING&#10;        at sun.misc.Unsafe.park(Native Method)&#10;        at java.util.concurrent.locks.LockSupport.parkNanos(LockSupport.java:215)&#10;        at java.util.concurrent.locks.AbstractQueuedSynchronizer$ConditionObject.awaitNanos(AbstractQueuedSynchronizer.java:2078)&#10;        at java.util.concurrent.LinkedBlockingQueue.poll(LinkedBlockingQueue.java:467)&#10;        at org.apache.hadoop.ipc.CallQueueManager.take(CallQueueManager.java:295)&#10;        at org.apache.hadoop.ipc.Server$Handler.run(Server.java:2881)&#10;&quot;IPC Server handler 10 on default port 41087&quot; daemon prio=5 tid=65 timed_waiting&#10;java.lang.Thread.State: TIMED_WAITING&#10;        at sun.misc.Unsafe.park(Native Method)&#10;        at java.util.concurrent.locks.LockSupport.parkNanos(LockSupport.java:215)&#10;        at java.util.concurrent.locks.AbstractQueuedSynchronizer$ConditionObject.awaitNanos(AbstractQueuedSynchronizer.java:2078)&#10;        at java.util.concurrent.LinkedBlockingQueue.poll(LinkedBlockingQueue.java:467)&#10;        at org.apache.hadoop.ipc.CallQueueManager.take(CallQueueManager.java:295)&#10;        at org.apache.hadoop.ipc.Server$Handler.run(Server.java:2881)&#10;&quot;pool-55-thread-1&quot;  prio=5 tid=181 timed_waiting&#10;java.lang.Thread.State: TIMED_WAITING&#10;        at sun.misc.Unsafe.park(Native Method)&#10;        at java.util.concurrent.locks.LockSupport.parkNanos(LockSupport.java:215)&#10;        at java.util.concurrent.locks.AbstractQueuedSynchronizer$ConditionObject.awaitNanos(AbstractQueuedSynchronizer.java:2078)&#10;        at java.util.concurrent.ScheduledThreadPoolExecutor$DelayedWorkQueue.take(ScheduledThreadPoolExecutor.java:1093)&#10;        at java.util.concurrent.ScheduledThreadPoolExecutor$DelayedWorkQueue.take(ScheduledThreadPoolExecutor.java:809)&#10;        at java.util.concurrent.ThreadPoolExecutor.getTask(ThreadPoolExecutor.java:1074)&#10;        at java.util.concurrent.ThreadPoolExecutor.runWorker(ThreadPoolExecutor.java:1134)&#10;        at java.util.concurrent.ThreadPoolExecutor$Worker.run(ThreadPoolExecutor.java:624)&#10;        at java.lang.Thread.run(Thread.java:748)&#10;&quot;IPC Server handler 0 on default port 45051&quot; daemon prio=5 tid=35 timed_waiting&#10;java.lang.Thread.State: TIMED_WAITING&#10;        at sun.misc.Unsafe.park(Native Method)&#10;        at java.util.concurrent.locks.LockSupport.parkNanos(LockSupport.java:215)&#10;        at java.util.concurrent.locks.AbstractQueuedSynchronizer$ConditionObject.awaitNanos(AbstractQueuedSynchronizer.java:2078)&#10;        at java.util.concurrent.LinkedBlockingQueue.poll(LinkedBlockingQueue.java:467)&#10;        at org.apache.hadoop.ipc.CallQueueManager.take(CallQueueManager.java:295)&#10;        at org.apache.hadoop.ipc.Server$Handler.run(Server.java:2881)&#10;&quot;IPC Server Responder&quot; daemon prio=5 tid=115 runnable&#10;java.lang.Thread.State: RUNNABLE&#10;        at sun.nio.ch.EPollArrayWrapper.epollWait(Native Method)&#10;        at sun.nio.ch.EPollArrayWrapper.poll(EPollArrayWrapper.java:269)&#10;        at sun.nio.ch.EPollSelectorImpl.doSelect(EPollSelectorImpl.java:93)&#10;        at sun.nio.ch.SelectorImpl.lockAndDoSelect(SelectorImpl.java:86)&#10;        at sun.nio.ch.SelectorImpl.select(SelectorImpl.java:97)&#10;        at org.apache.hadoop.ipc.Server$Responder.doRunLoop(Server.java:1480)&#10;        at org.apache.hadoop.ipc.Server$Responder.run(Server.java:1463)&#10;&quot;43006955-015f-42cd-b925-cfd3ac6ee1ce@group-62EB59B96157-StateMachineUpdater&quot; daemon prio=5 tid=267 in Object.wait()&#10;java.lang.Thread.State: WAITING (on object monitor)&#10;        at java.lang.Object.wait(Native Method)&#10;        at java.lang.Object.wait(Object.java:502)&#10;        at org.apache.ratis.server.impl.StateMachineUpdater.waitForCommit(StateMachineUpdater.java:200)&#10;        at org.apache.ratis.server.impl.StateMachineUpdater.run(StateMachineUpdater.java:165)&#10;        at java.lang.Thread.run(Thread.java:748)&#10;&quot;EventQueue-PipelineReportForPipelineReportHandler&quot; daemon prio=5 tid=248 in Object.wait()&#10;java.lang.Thread.State: WAITING (on object monitor)&#10;        at sun.misc.Unsafe.park(Native Method)&#10;        at java.util.concurrent.locks.LockSupport.park(LockSupport.java:175)&#10;        at java.util.concurrent.locks.AbstractQueuedSynchronizer$ConditionObject.await(AbstractQueuedSynchronizer.java:2039)&#10;        at java.util.concurrent.LinkedBlockingQueue.take(LinkedBlockingQueue.java:442)&#10;        at java.util.concurrent.ThreadPoolExecutor.getTask(ThreadPoolExecutor.java:1074)&#10;        at java.util.concurrent.ThreadPoolExecutor.runWorker(ThreadPoolExecutor.java:1134)&#10;        at java.util.concurrent.ThreadPoolExecutor$Worker.run(ThreadPoolExecutor.java:624)&#10;        at java.lang.Thread.run(Thread.java:748)&#10;&quot;IPC Server handler 16 on default port 36455&quot; daemon prio=5 tid=136 timed_waiting&#10;java.lang.Thread.State: TIMED_WAITING&#10;        at sun.misc.Unsafe.park(Native Method)&#10;        at java.util.concurrent.locks.LockSupport.parkNanos(LockSupport.java:215)&#10;        at java.util.concurrent.locks.AbstractQueuedSynchronizer$ConditionObject.awaitNanos(AbstractQueuedSynchronizer.java:2078)&#10;        at java.util.concurrent.LinkedBlockingQueue.poll(LinkedBlockingQueue.java:467)&#10;        at org.apache.hadoop.ipc.CallQueueManager.take(CallQueueManager.java:295)&#10;        at org.apache.hadoop.ipc.Server$Handler.run(Server.java:2881)&#10;&quot;IPC Server handler 6 on default port 36455&quot; daemon prio=5 tid=126 timed_waiting&#10;java.lang.Thread.State: TIMED_WAITING&#10;        at sun.misc.Unsafe.park(Native Method)&#10;        at java.util.concurrent.locks.LockSupport.parkNanos(LockSupport.java:215)&#10;        at java.util.concurrent.locks.AbstractQueuedSynchronizer$ConditionObject.awaitNanos(AbstractQueuedSynchronizer.java:2078)&#10;        at java.util.concurrent.LinkedBlockingQueue.poll(LinkedBlockingQueue.java:467)&#10;        at org.apache.hadoop.ipc.CallQueueManager.take(CallQueueManager.java:295)&#10;        at org.apache.hadoop.ipc.Server$Handler.run(Server.java:2881)&#10;&quot;IPC Server idle connection scanner for port 45051&quot; daemon prio=5 tid=26 timed_waiting&#10;java.lang.Thread.State: TIMED_WAITING&#10;        at java.lang.Object.wait(Native Method)&#10;        at java.util.TimerThread.mainLoop(Timer.java:552)&#10;        at java.util.TimerThread.run(Timer.java:505)&#10;&quot;BlockDeletingService#0&quot; daemon prio=5 tid=236 in Object.wait()&#10;java.lang.Thread.State: WAITING (on object monitor)&#10;        at sun.misc.Unsafe.park(Native Method)&#10;        at java.util.concurrent.locks.LockSupport.park(LockSupport.java:175)&#10;        at java.util.concurrent.locks.AbstractQueuedSynchronizer$ConditionObject.await(AbstractQueuedSynchronizer.java:2039)&#10;        at java.util.concurrent.ScheduledThreadPoolExecutor$DelayedWorkQueue.take(ScheduledThreadPoolExecutor.java:1088)&#10;        at java.util.concurrent.ScheduledThreadPoolExecutor$DelayedWorkQueue.take(ScheduledThreadPoolExecutor.java:809)&#10;        at java.util.concurrent.ThreadPoolExecutor.getTask(ThreadPoolExecutor.java:1074)&#10;        at java.util.concurrent.ThreadPoolExecutor.runWorker(ThreadPoolExecutor.java:1134)&#10;        at java.util.concurrent.ThreadPoolExecutor$Worker.run(ThreadPoolExecutor.java:624)&#10;        at java.lang.Thread.run(Thread.java:748)&#10;&quot;Socket Reader #1 for port 0&quot;  prio=5 tid=113 runnable&#10;java.lang.Thread.State: RUNNABLE&#10;        at sun.nio.ch.EPollArrayWrapper.epollWait(Native Method)&#10;        at sun.nio.ch.EPollArrayWrapper.poll(EPollArrayWrapper.java:269)&#10;        at sun.nio.ch.EPollSelectorImpl.doSelect(EPollSelectorImpl.java:93)&#10;        at sun.nio.ch.SelectorImpl.lockAndDoSelect(SelectorImpl.java:86)&#10;        at sun.nio.ch.SelectorImpl.select(SelectorImpl.java:97)&#10;        at sun.nio.ch.SelectorImpl.select(SelectorImpl.java:101)&#10;        at org.apache.hadoop.ipc.Server$Listener$Reader.doRunLoop(Server.java:1242)&#10;        at org.apache.hadoop.ipc.Server$Listener$Reader.run(Server.java:1221)&#10;&quot;ChunkWriter-3-0&quot; daemon prio=5 tid=228 in Object.wait()&#10;java.lang.Thread.State: WAITING (on object monitor)&#10;        at sun.misc.Unsafe.park(Native Method)&#10;        at java.util.concurrent.locks.LockSupport.park(LockSupport.java:175)&#10;        at java.util.concurrent.locks.AbstractQueuedSynchronizer$ConditionObject.await(AbstractQueuedSynchronizer.java:2039)&#10;        at java.util.concurrent.LinkedBlockingDeque.takeFirst(LinkedBlockingDeque.java:492)&#10;        at java.util.concurrent.LinkedBlockingDeque.take(LinkedBlockingDeque.java:680)&#10;        at java.util.concurrent.ThreadPoolExecutor.getTask(ThreadPoolExecutor.java:1074)&#10;        at java.util.concurrent.ThreadPoolExecutor.runWorker(ThreadPoolExecutor.java:1134)&#10;        at java.util.concurrent.ThreadPoolExecutor$Worker.run(ThreadPoolExecutor.java:624)&#10;        at java.lang.Thread.run(Thread.java:748)&#10;&quot;pool-72-thread-1&quot;  prio=5 tid=215 timed_waiting&#10;java.lang.Thread.State: TIMED_WAITING&#10;        at sun.misc.Unsafe.park(Native Method)&#10;        at java.util.concurrent.locks.LockSupport.parkNanos(LockSupport.java:215)&#10;        at java.util.concurrent.locks.AbstractQueuedSynchronizer$ConditionObject.awaitNanos(AbstractQueuedSynchronizer.java:2078)&#10;        at java.util.concurrent.ScheduledThreadPoolExecutor$DelayedWorkQueue.take(ScheduledThreadPoolExecutor.java:1093)&#10;        at java.util.concurrent.ScheduledThreadPoolExecutor$DelayedWorkQueue.take(ScheduledThreadPoolExecutor.java:809)&#10;        at java.util.concurrent.ThreadPoolExecutor.getTask(ThreadPoolExecutor.java:1074)&#10;        at java.util.concurrent.ThreadPoolExecutor.runWorker(ThreadPoolExecutor.java:1134)&#10;        at java.util.concurrent.ThreadPoolExecutor$Worker.run(ThreadPoolExecutor.java:624)&#10;        at java.lang.Thread.run(Thread.java:748)&#10;&quot;KeyDeletingService#0&quot; daemon prio=5 tid=118 timed_waiting&#10;java.lang.Thread.State: TIMED_WAITING&#10;        at sun.misc.Unsafe.park(Native Method)&#10;        at java.util.concurrent.locks.LockSupport.parkNanos(LockSupport.java:215)&#10;        at java.util.concurrent.locks.AbstractQueuedSynchronizer$ConditionObject.awaitNanos(AbstractQueuedSynchronizer.java:2078)&#10;        at java.util.concurrent.ScheduledThreadPoolExecutor$DelayedWorkQueue.take(ScheduledThreadPoolExecutor.java:1093)&#10;        at java.util.concurrent.ScheduledThreadPoolExecutor$DelayedWorkQueue.take(ScheduledThreadPoolExecutor.java:809)&#10;        at java.util.concurrent.ThreadPoolExecutor.getTask(ThreadPoolExecutor.java:1074)&#10;        at java.util.concurrent.ThreadPoolExecutor.runWorker(ThreadPoolExecutor.java:1134)&#10;        at java.util.concurrent.ThreadPoolExecutor$Worker.run(ThreadPoolExecutor.java:624)&#10;        at java.lang.Thread.run(Thread.java:748)&#10;&quot;BlockDeletingService#1&quot; daemon prio=5 tid=237 timed_waiting&#10;java.lang.Thread.State: TIMED_WAITING&#10;        at sun.misc.Unsafe.park(Native Method)&#10;        at java.util.concurrent.locks.LockSupport.parkNanos(LockSupport.java:215)&#10;        at java.util.concurrent.locks.AbstractQueuedSynchronizer$ConditionObject.awaitNanos(AbstractQueuedSynchronizer.java:2078)&#10;        at java.util.concurrent.ScheduledThreadPoolExecutor$DelayedWorkQueue.take(ScheduledThreadPoolExecutor.java:1093)&#10;        at java.util.concurrent.ScheduledThreadPoolExecutor$DelayedWorkQueue.take(ScheduledThreadPoolExecutor.java:809)&#10;        at java.util.concurrent.ThreadPoolExecutor.getTask(ThreadPoolExecutor.java:1074)&#10;        at java.util.concurrent.ThreadPoolExecutor.runWorker(ThreadPoolExecutor.java:1134)&#10;        at java.util.concurrent.ThreadPoolExecutor$Worker.run(ThreadPoolExecutor.java:624)&#10;        at java.lang.Thread.run(Thread.java:748)&#10;&quot;dd4333e9-7965-46b1-a2b1-cee7aab213b7@group-0A2CC78894B9-StateMachineUpdater&quot; daemon prio=5 tid=260 in Object.wait()&#10;java.lang.Thread.State: WAITING (on object monitor)&#10;        at java.lang.Object.wait(Native Method)&#10;        at java.lang.Object.wait(Object.java:502)&#10;        at org.apache.ratis.server.impl.StateMachineUpdater.waitForCommit(StateMachineUpdater.java:200)&#10;        at org.apache.ratis.server.impl.StateMachineUpdater.run(StateMachineUpdater.java:165)&#10;        at java.lang.Thread.run(Thread.java:748)&#10;&quot;BlockDeletingService#0&quot; daemon prio=5 tid=230 in Object.wait()&#10;java.lang.Thread.State: WAITING (on object monitor)&#10;        at sun.misc.Unsafe.park(Native Method)&#10;        at java.util.concurrent.locks.LockSupport.park(LockSupport.java:175)&#10;        at java.util.concurrent.locks.AbstractQueuedSynchronizer$ConditionObject.await(AbstractQueuedSynchronizer.java:2039)&#10;        at java.util.concurrent.ScheduledThreadPoolExecutor$DelayedWorkQueue.take(ScheduledThreadPoolExecutor.java:1088)&#10;        at java.util.concurrent.ScheduledThreadPoolExecutor$DelayedWorkQueue.take(ScheduledThreadPoolExecutor.java:809)&#10;        at java.util.concurrent.ThreadPoolExecutor.getTask(ThreadPoolExecutor.java:1074)&#10;        at java.util.concurrent.ThreadPoolExecutor.runWorker(ThreadPoolExecutor.java:1134)&#10;        at java.util.concurrent.ThreadPoolExecutor$Worker.run(ThreadPoolExecutor.java:624)&#10;        at java.lang.Thread.run(Thread.java:748)&#10;&quot;qtp934985972-188&quot; daemon prio=5 tid=188 timed_waiting&#10;java.lang.Thread.State: TIMED_WAITING&#10;        at sun.misc.Unsafe.park(Native Method)&#10;        at java.util.concurrent.locks.LockSupport.parkNanos(LockSupport.java:215)&#10;        at java.util.concurrent.locks.AbstractQueuedSynchronizer$ConditionObject.awaitNanos(AbstractQueuedSynchronizer.java:2078)&#10;        at org.eclipse.jetty.util.BlockingArrayQueue.poll(BlockingArrayQueue.java:382)&#10;        at org.eclipse.jetty.util.thread.QueuedThreadPool$Runner.idleJobPoll(QueuedThreadPool.java:875)&#10;        at org.eclipse.jetty.util.thread.QueuedThreadPool$Runner.run(QueuedThreadPool.java:925)&#10;        at java.lang.Thread.run(Thread.java:748)&#10;&quot;EventQueue-ContainerReportForContainerReportHandler&quot; daemon prio=5 tid=245 in Object.wait()&#10;java.lang.Thread.State: WAITING (on object monitor)&#10;        at sun.misc.Unsafe.park(Native Method)&#10;        at java.util.concurrent.locks.LockSupport.park(LockSupport.java:175)&#10;        at java.util.concurrent.locks.AbstractQueuedSynchronizer$ConditionObject.await(AbstractQueuedSynchronizer.java:2039)&#10;        at java.util.concurrent.LinkedBlockingQueue.take(LinkedBlockingQueue.java:442)&#10;        at java.util.concurrent.ThreadPoolExecutor.getTask(ThreadPoolExecutor.java:1074)&#10;        at java.util.concurrent.ThreadPoolExecutor.runWorker(ThreadPoolExecutor.java:1134)&#10;        at java.util.concurrent.ThreadPoolExecutor$Worker.run(ThreadPoolExecutor.java:624)&#10;        at java.lang.Thread.run(Thread.java:748)&#10;&quot;ChunkWriter-2-0&quot; daemon prio=5 tid=240 in Object.wait()&#10;java.lang.Thread.State: WAITING (on object monitor)&#10;        at sun.misc.Unsafe.park(Native Method)&#10;        at java.util.concurrent.locks.LockSupport.park(LockSupport.java:175)&#10;        at java.util.concurrent.locks.AbstractQueuedSynchronizer$ConditionObject.await(AbstractQueuedSynchronizer.java:2039)&#10;        at java.util.concurrent.LinkedBlockingDeque.takeFirst(LinkedBlockingDeque.java:492)&#10;        at java.util.concurrent.LinkedBlockingDeque.take(LinkedBlockingDeque.java:680)&#10;        at java.util.concurrent.ThreadPoolExecutor.getTask(ThreadPoolExecutor.java:1074)&#10;        at java.util.concurrent.ThreadPoolExecutor.runWorker(ThreadPoolExecutor.java:1134)&#10;        at java.util.concurrent.ThreadPoolExecutor$Worker.run(ThreadPoolExecutor.java:624)&#10;        at java.lang.Thread.run(Thread.java:748)&#10;&quot;IPC Server handler 13 on default port 36455&quot; daemon prio=5 tid=133 timed_waiting&#10;java.lang.Thread.State: TIMED_WAITING&#10;        at sun.misc.Unsafe.park(Native Method)&#10;        at java.util.concurrent.locks.LockSupport.parkNanos(LockSupport.java:215)&#10;        at java.util.concurrent.locks.AbstractQueuedSynchronizer$ConditionObject.awaitNanos(AbstractQueuedSynchronizer.java:2078)&#10;        at java.util.concurrent.LinkedBlockingQueue.poll(LinkedBlockingQueue.java:467)&#10;        at org.apache.hadoop.ipc.CallQueueManager.take(CallQueueManager.java:295)&#10;        at org.apache.hadoop.ipc.Server$Handler.run(Server.java:2881)&#10;&quot;qtp777295125-211&quot; daemon prio=5 tid=211 timed_waiting&#10;java.lang.Thread.State: TIMED_WAITING&#10;        at sun.misc.Unsafe.park(Native Method)&#10;        at java.util.concurrent.locks.LockSupport.parkNanos(LockSupport.java:215)&#10;        at java.util.concurrent.locks.AbstractQueuedSynchronizer$ConditionObject.awaitNanos(AbstractQueuedSynchronizer.java:2078)&#10;        at org.eclipse.jetty.util.BlockingArrayQueue.poll(BlockingArrayQueue.java:382)&#10;        at org.eclipse.jetty.util.thread.QueuedThreadPool$Runner.idleJobPoll(QueuedThreadPool.java:875)&#10;        at org.eclipse.jetty.util.thread.QueuedThreadPool$Runner.run(QueuedThreadPool.java:925)&#10;        at java.lang.Thread.run(Thread.java:748)&#10;&quot;qtp448070390-141&quot; daemon prio=5 tid=141 runnable&#10;java.lang.Thread.State: RUNNABLE&#10;        at sun.nio.ch.EPollArrayWrapper.epollWait(Native Method)&#10;        at sun.nio.ch.EPollArrayWrapper.poll(EPollArrayWrapper.java:269)&#10;        at sun.nio.ch.EPollSelectorImpl.doSelect(EPollSelectorImpl.java:93)&#10;        at sun.nio.ch.SelectorImpl.lockAndDoSelect(SelectorImpl.java:86)&#10;        at sun.nio.ch.SelectorImpl.select(SelectorImpl.java:97)&#10;        at sun.nio.ch.SelectorImpl.select(SelectorImpl.java:101)&#10;        at org.eclipse.jetty.io.ManagedSelector$SelectorProducer.select(ManagedSelector.java:472)&#10;        at org.eclipse.jetty.io.ManagedSelector$SelectorProducer.produce(ManagedSelector.java:409)&#10;        at org.eclipse.jetty.util.thread.strategy.EatWhatYouKill.produceTask(EatWhatYouKill.java:360)&#10;        at org.eclipse.jetty.util.thread.strategy.EatWhatYouKill.doProduce(EatWhatYouKill.java:184)&#10;        at org.eclipse.jetty.util.thread.strategy.EatWhatYouKill.tryProduce(EatWhatYouKill.java:171)&#10;        at org.eclipse.jetty.util.thread.strategy.EatWhatYouKill.produce(EatWhatYouKill.java:135)&#10;        at org.eclipse.jetty.io.ManagedSelector$$Lambda$72/1395912847.run(Unknown Source)&#10;        at org.eclipse.jetty.util.thread.QueuedThreadPool.runJob(QueuedThreadPool.java:806)&#10;        at org.eclipse.jetty.util.thread.QueuedThreadPool$Runner.run(QueuedThreadPool.java:938)&#10;        at java.lang.Thread.run(Thread.java:748)&#10;&quot;BlockDeletingService#1&quot; daemon prio=5 tid=243 timed_waiting&#10;java.lang.Thread.State: TIMED_WAITING&#10;        at sun.misc.Unsafe.park(Native Method)&#10;        at java.util.concurrent.locks.LockSupport.parkNanos(LockSupport.java:215)&#10;        at java.util.concurrent.locks.AbstractQueuedSynchronizer$ConditionObject.awaitNanos(AbstractQueuedSynchronizer.java:2078)&#10;        at java.util.concurrent.ScheduledThreadPoolExecutor$DelayedWorkQueue.take(ScheduledThreadPoolExecutor.java:1093)&#10;        at java.util.concurrent.ScheduledThreadPoolExecutor$DelayedWorkQueue.take(ScheduledThreadPoolExecutor.java:809)&#10;        at java.util.concurrent.ThreadPoolExecutor.getTask(ThreadPoolExecutor.java:1074)&#10;        at java.util.concurrent.ThreadPoolExecutor.runWorker(ThreadPoolExecutor.java:1134)&#10;        at java.util.concurrent.ThreadPoolExecutor$Worker.run(ThreadPoolExecutor.java:624)&#10;        at java.lang.Thread.run(Thread.java:748)&#10;&quot;SCMBlockDeletingService#0&quot; daemon prio=5 tid=106 timed_waiting&#10;java.lang.Thread.State: TIMED_WAITING&#10;        at sun.misc.Unsafe.park(Native Method)&#10;        at java.util.concurrent.locks.LockSupport.parkNanos(LockSupport.java:215)&#10;        at java.util.concurrent.locks.AbstractQueuedSynchronizer$ConditionObject.awaitNanos(AbstractQueuedSynchronizer.java:2078)&#10;        at java.util.concurrent.ScheduledThreadPoolExecutor$DelayedWorkQueue.take(ScheduledThreadPoolExecutor.java:1093)&#10;        at java.util.concurrent.ScheduledThreadPoolExecutor$DelayedWorkQueue.take(ScheduledThreadPoolExecutor.java:809)&#10;        at java.util.concurrent.ThreadPoolExecutor.getTask(ThreadPoolExecutor.java:1074)&#10;        at java.util.concurrent.ThreadPoolExecutor.runWorker(ThreadPoolExecutor.java:1134)&#10;        at java.util.concurrent.ThreadPoolExecutor$Worker.run(ThreadPoolExecutor.java:624)&#10;        at java.lang.Thread.run(Thread.java:748)&#10;&quot;Session-HouseKeeper-5a8d03ce-1&quot;  prio=5 tid=166 timed_waiting&#10;java.lang.Thread.State: TIMED_WAITING&#10;        at sun.misc.Unsafe.park(Native Method)&#10;        at java.util.concurrent.locks.LockSupport.parkNanos(LockSupport.java:215)&#10;        at java.util.concurrent.locks.AbstractQueuedSynchronizer$ConditionObject.awaitNanos(AbstractQueuedSynchronizer.java:2078)&#10;        at java.util.concurrent.ScheduledThreadPoolExecutor$DelayedWorkQueue.take(ScheduledThreadPoolExecutor.java:1093)&#10;        at java.util.concurrent.ScheduledThreadPoolExecutor$DelayedWorkQueue.take(ScheduledThreadPoolExecutor.java:809)&#10;        at java.util.concurrent.ThreadPoolExecutor.getTask(ThreadPoolExecutor.java:1074)&#10;        at java.util.concurrent.ThreadPoolExecutor.runWorker(ThreadPoolExecutor.java:1134)&#10;        at java.util.concurrent.ThreadPoolExecutor$Worker.run(ThreadPoolExecutor.java:624)&#10;        at java.lang.Thread.run(Thread.java:748)&#10;&quot;46593078-1315-442c-91b1-b92b4f012500@group-E2DBF971A61D-SegmentedRaftLogWorker&quot;  prio=5 tid=256 timed_waiting&#10;java.lang.Thread.State: TIMED_WAITING&#10;        at sun.misc.Unsafe.park(Native Method)&#10;        at java.util.concurrent.locks.LockSupport.parkNanos(LockSupport.java:215)&#10;        at java.util.concurrent.locks.AbstractQueuedSynchronizer$ConditionObject.awaitNanos(AbstractQueuedSynchronizer.java:2078)&#10;        at org.apache.ratis.util.DataBlockingQueue.poll(DataBlockingQueue.java:137)&#10;        at org.apache.ratis.server.raftlog.segmented.SegmentedRaftLogWorker.run(SegmentedRaftLogWorker.java:287)&#10;        at java.lang.Thread.run(Thread.java:748)&#10;&quot;IPC Server handler 0 on default port 36455&quot; daemon prio=5 tid=119 timed_waiting&#10;java.lang.Thread.State: TIMED_WAITING&#10;        at sun.misc.Unsafe.park(Native Method)&#10;        at java.util.concurrent.locks.LockSupport.parkNanos(LockSupport.java:215)&#10;        at java.util.concurrent.locks.AbstractQueuedSynchronizer$ConditionObject.awaitNanos(AbstractQueuedSynchronizer.java:2078)&#10;        at java.util.concurrent.LinkedBlockingQueue.poll(LinkedBlockingQueue.java:467)&#10;        at org.apache.hadoop.ipc.CallQueueManager.take(CallQueueManager.java:295)&#10;        at org.apache.hadoop.ipc.Server$Handler.run(Server.java:2881)&#10;&quot;IPC Server handler 16 on default port 37665&quot; daemon prio=5 tid=91 timed_waiting&#10;java.lang.Thread.State: TIMED_WAITING&#10;        at sun.misc.Unsafe.park(Native Method)&#10;        at java.util.concurrent.locks.LockSupport.parkNanos(LockSupport.java:215)&#10;        at java.util.concurrent.locks.AbstractQueuedSynchronizer$ConditionObject.awaitNanos(AbstractQueuedSynchronizer.java:2078)&#10;        at java.util.concurrent.LinkedBlockingQueue.poll(LinkedBlockingQueue.java:467)&#10;        at org.apache.hadoop.ipc.CallQueueManager.take(CallQueueManager.java:295)&#10;        at org.apache.hadoop.ipc.Server$Handler.run(Server.java:2881)&#10;&quot;Listener at 127.0.0.1/36455&quot;  prio=5 tid=1 runnable&#10;java.lang.Thread.State: RUNNABLE&#10;        at java.lang.Thread.dumpThreads(Native Method)&#10;        at java.lang.Thread.getAllStackTraces(Thread.java:1610)&#10;        at org.apache.hadoop.test.TimedOutTestsListener.buildThreadDump(TimedOutTestsListener.java:93)&#10;        at org.apache.hadoop.test.TimedOutTestsListener.buildThreadDiagnosticString(TimedOutTestsListener.java:79)&#10;        at org.apache.hadoop.test.GenericTestUtils.waitFor(GenericTestUtils.java:225)&#10;        at org.apache.hadoop.ozone.MiniOzoneClusterImpl.waitForClusterToBeReady(MiniOzoneClusterImpl.java:172)&#10;        at org.apache.hadoop.ozone.fsck.TestContainerMapper.init(TestContainerMapper.java:79)&#10;        at sun.reflect.NativeMethodAccessorImpl.invoke0(Native Method)&#10;        at sun.reflect.NativeMethodAccessorImpl.invoke(NativeMethodAccessorImpl.java:62)&#10;        at sun.reflect.DelegatingMethodAccessorImpl.invoke(DelegatingMethodAccessorImpl.java:43)&#10;        at java.lang.reflect.Method.invoke(Method.java:498)&#10;        at org.junit.runners.model.FrameworkMethod$1.runReflectiveCall(FrameworkMethod.java:47)&#10;        at org.junit.internal.runners.model.ReflectiveCallable.run(ReflectiveCallable.java:12)&#10;        at org.junit.runners.model.FrameworkMethod.invokeExplosively(FrameworkMethod.java:44)&#10;        at org.junit.internal.runners.statements.RunBefores.evaluate(RunBefores.java:24)&#10;        at org.junit.internal.runners.statements.RunAfters.evaluate(RunAfters.java:27)&#10;        at org.junit.runners.ParentRunner.run(ParentRunner.java:309)&#10;        at org.apache.maven.surefire.junit4.JUnit4Provider.execute(JUnit4Provider.java:365)&#10;        at org.apache.maven.surefire.junit4.JUnit4Provider.executeWithRerun(JUnit4Provider.java:273)&#10;        at org.apache.maven.surefire.junit4.JUnit4Provider.executeTestSet(JUnit4Provider.java:238)&#10;        at org.apache.maven.surefire.junit4.JUnit4Provider.invoke(JUnit4Provider.java:159)&#10;        at org.apache.maven.surefire.booter.ForkedBooter.invokeProviderInSameClassLoader(ForkedBooter.java:384)&#10;        at org.apache.maven.surefire.booter.ForkedBooter.runSuitesInProcess(ForkedBooter.java:345)&#10;        at org.apache.maven.surefire.booter.ForkedBooter.execute(ForkedBooter.java:126)&#10;        at org.apache.maven.surefire.booter.ForkedBooter.main(ForkedBooter.java:418)&#10;&quot;IPC Server handler 8 on default port 36455&quot; daemon prio=5 tid=128 timed_waiting&#10;java.lang.Thread.State: TIMED_WAITING&#10;        at sun.misc.Unsafe.park(Native Method)&#10;        at java.util.concurrent.locks.LockSupport.parkNanos(LockSupport.java:215)&#10;        at java.util.concurrent.locks.AbstractQueuedSynchronizer$ConditionObject.awaitNanos(AbstractQueuedSynchronizer.java:2078)&#10;        at java.util.concurrent.LinkedBlockingQueue.poll(LinkedBlockingQueue.java:467)&#10;        at org.apache.hadoop.ipc.CallQueueManager.take(CallQueueManager.java:295)&#10;        at org.apache.hadoop.ipc.Server$Handler.run(Server.java:2881)&#10;&quot;ChunkWriter-3-0&quot; daemon prio=5 tid=234 in Object.wait()&#10;java.lang.Thread.State: WAITING (on object monitor)&#10;        at sun.misc.Unsafe.park(Native Method)&#10;        at java.util.concurrent.locks.LockSupport.park(LockSupport.java:175)&#10;        at java.util.concurrent.locks.AbstractQueuedSynchronizer$ConditionObject.await(AbstractQueuedSynchronizer.java:2039)&#10;        at java.util.concurrent.LinkedBlockingDeque.takeFirst(LinkedBlockingDeque.java:492)&#10;        at java.util.concurrent.LinkedBlockingDeque.take(LinkedBlockingDeque.java:680)&#10;        at java.util.concurrent.ThreadPoolExecutor.getTask(ThreadPoolExecutor.java:1074)&#10;        at java.util.concurrent.ThreadPoolExecutor.runWorker(ThreadPoolExecutor.java:1134)&#10;        at java.util.concurrent.ThreadPoolExecutor$Worker.run(ThreadPoolExecutor.java:624)&#10;        at java.lang.Thread.run(Thread.java:748)&#10;&quot;Session-HouseKeeper-21252bef-1&quot;  prio=5 tid=190 timed_waiting&#10;java.lang.Thread.State: TIMED_WAITING&#10;        at sun.misc.Unsafe.park(Native Method)&#10;        at java.util.concurrent.locks.LockSupport.parkNanos(LockSupport.java:215)&#10;        at java.util.concurrent.locks.AbstractQueuedSynchronizer$ConditionObject.awaitNanos(AbstractQueuedSynchronizer.java:2078)&#10;        at java.util.concurrent.ScheduledThreadPoolExecutor$DelayedWorkQueue.take(ScheduledThreadPoolExecutor.java:1093)&#10;        at java.util.concurrent.ScheduledThreadPoolExecutor$DelayedWorkQueue.take(ScheduledThreadPoolExecutor.java:809)&#10;        at java.util.concurrent.ThreadPoolExecutor.getTask(ThreadPoolExecutor.java:1074)&#10;        at java.util.concurrent.ThreadPoolExecutor.runWorker(ThreadPoolExecutor.java:1134)&#10;        at java.util.concurrent.ThreadPoolExecutor$Worker.run(ThreadPoolExecutor.java:624)&#10;        at java.lang.Thread.run(Thread.java:748)&#10;&quot;IPC Server idle connection scanner for port 37665&quot; daemon prio=5 tid=18 timed_waiting&#10;java.lang.Thread.State: TIMED_WAITING&#10;        at java.lang.Object.wait(Native Method)&#10;        at java.util.TimerThread.mainLoop(Timer.java:552)&#10;        at java.util.TimerThread.run(Timer.java:505)&#10;&#10;" type="java.util.concurrent.TimeoutException">java.util.concurrent.TimeoutException: 
Timed out waiting for condition. Thread diagnostics:
Timestamp: 2020-06-02 11:37:03,099

"grpc-default-executor-2" daemon prio=5 tid=276 timed_waiting
java.lang.Thread.State: TIMED_WAITING
        at sun.misc.Unsafe.park(Native Method)
        at java.util.concurrent.locks.LockSupport.parkNanos(LockSupport.java:215)
        at java.util.concurrent.SynchronousQueue$TransferStack.awaitFulfill(SynchronousQueue.java:460)
        at java.util.concurrent.SynchronousQueue$TransferStack.transfer(SynchronousQueue.java:362)
        at java.util.concurrent.SynchronousQueue.poll(SynchronousQueue.java:941)
        at java.util.concurrent.ThreadPoolExecutor.getTask(ThreadPoolExecutor.java:1073)
        at java.util.concurrent.ThreadPoolExecutor.runWorker(ThreadPoolExecutor.java:1134)
        at java.util.concurrent.ThreadPoolExecutor$Worker.run(ThreadPoolExecutor.java:624)
        at java.lang.Thread.run(Thread.java:748)
"Command processor thread" daemon prio=5 tid=177 runnable
java.lang.Thread.State: RUNNABLE
        at org.apache.hadoop.ozone.container.common.statemachine.DatanodeStateMachine.lambda$initCommandHandlerThread$1(DatanodeStateMachine.java:472)
        at org.apache.hadoop.ozone.container.common.statemachine.DatanodeStateMachine$$Lambda$171/1907114809.run(Unknown Source)
        at java.lang.Thread.run(Thread.java:748)
"Datanode ReportManager Thread - 3" daemon prio=5 tid=220 in Object.wait()
java.lang.Thread.State: WAITING (on object monitor)
        at sun.misc.Unsafe.park(Native Method)
        at java.util.concurrent.locks.LockSupport.park(LockSupport.java:175)
        at java.util.concurrent.locks.AbstractQueuedSynchronizer$ConditionObject.await(AbstractQueuedSynchronizer.java:2039)
        at java.util.concurrent.ScheduledThreadPoolExecutor$DelayedWorkQueue.take(ScheduledThreadPoolExecutor.java:1088)
        at java.util.concurrent.ScheduledThreadPoolExecutor$DelayedWorkQueue.take(ScheduledThreadPoolExecutor.java:809)
        at java.util.concurrent.ThreadPoolExecutor.getTask(ThreadPoolExecutor.java:1074)
        at java.util.concurrent.ThreadPoolExecutor.runWorker(ThreadPoolExecutor.java:1134)
        at java.util.concurrent.ThreadPoolExecutor$Worker.run(ThreadPoolExecutor.java:624)
        at java.lang.Thread.run(Thread.java:748)
"Finalizer" daemon prio=8 tid=3 in Object.wait()
java.lang.Thread.State: WAITING (on object monitor)
        at java.lang.Object.wait(Native Method)
        at java.lang.ref.ReferenceQueue.remove(ReferenceQueue.java:144)
        at java.lang.ref.ReferenceQueue.remove(ReferenceQueue.java:165)
        at java.lang.ref.Finalizer$FinalizerThread.run(Finalizer.java:216)
"IPC Server handler 14 on default port 37665" daemon prio=5 tid=89 timed_waiting
java.lang.Thread.State: TIMED_WAITING
        at sun.misc.Unsafe.park(Native Method)
        at java.util.concurrent.locks.LockSupport.parkNanos(LockSupport.java:215)
        at java.util.concurrent.locks.AbstractQueuedSynchronizer$ConditionObject.awaitNanos(AbstractQueuedSynchronizer.java:2078)
        at java.util.concurrent.LinkedBlockingQueue.poll(LinkedBlockingQueue.java:467)
        at org.apache.hadoop.ipc.CallQueueManager.take(CallQueueManager.java:295)
        at org.apache.hadoop.ipc.Server$Handler.run(Server.java:2881)
"qtp777295125-212" daemon prio=5 tid=212 timed_waiting
java.lang.Thread.State: TIMED_WAITING
        at sun.misc.Unsafe.park(Native Method)
        at java.util.concurrent.locks.LockSupport.parkNanos(LockSupport.java:215)
        at java.util.concurrent.locks.AbstractQueuedSynchronizer$ConditionObject.awaitNanos(AbstractQueuedSynchronizer.java:2078)
        at org.eclipse.jetty.util.BlockingArrayQueue.poll(BlockingArrayQueue.java:382)
        at org.eclipse.jetty.util.thread.QueuedThreadPool$Runner.idleJobPoll(QueuedThreadPool.java:875)
        at org.eclipse.jetty.util.thread.QueuedThreadPool$Runner.run(QueuedThreadPool.java:925)
        at java.lang.Thread.run(Thread.java:748)
"IPC Server handler 13 on default port 41087" daemon prio=5 tid=68 timed_waiting
java.lang.Thread.State: TIMED_WAITING
        at sun.misc.Unsafe.park(Native Method)
        at java.util.concurrent.locks.LockSupport.parkNanos(LockSupport.java:215)
        at java.util.concurrent.locks.AbstractQueuedSynchronizer$ConditionObject.awaitNanos(AbstractQueuedSynchronizer.java:2078)
        at java.util.concurrent.LinkedBlockingQueue.poll(LinkedBlockingQueue.java:467)
        at org.apache.hadoop.ipc.CallQueueManager.take(CallQueueManager.java:295)
        at org.apache.hadoop.ipc.Server$Handler.run(Server.java:2881)
"qtp777295125-206" daemon prio=5 tid=206 runnable
java.lang.Thread.State: RUNNABLE
        at sun.nio.ch.EPollArrayWrapper.epollWait(Native Method)
        at sun.nio.ch.EPollArrayWrapper.poll(EPollArrayWrapper.java:269)
        at sun.nio.ch.EPollSelectorImpl.doSelect(EPollSelectorImpl.java:93)
        at sun.nio.ch.SelectorImpl.lockAndDoSelect(SelectorImpl.java:86)
        at sun.nio.ch.SelectorImpl.select(SelectorImpl.java:97)
        at sun.nio.ch.SelectorImpl.select(SelectorImpl.java:101)
        at org.eclipse.jetty.io.ManagedSelector$SelectorProducer.select(ManagedSelector.java:472)
        at org.eclipse.jetty.io.ManagedSelector$SelectorProducer.produce(ManagedSelector.java:409)
        at org.eclipse.jetty.util.thread.strategy.EatWhatYouKill.produceTask(EatWhatYouKill.java:360)
        at org.eclipse.jetty.util.thread.strategy.EatWhatYouKill.doProduce(EatWhatYouKill.java:184)
        at org.eclipse.jetty.util.thread.strategy.EatWhatYouKill.tryProduce(EatWhatYouKill.java:171)
        at org.eclipse.jetty.util.thread.strategy.EatWhatYouKill.produce(EatWhatYouKill.java:135)
        at org.eclipse.jetty.io.ManagedSelector$$Lambda$72/1395912847.run(Unknown Source)
        at org.eclipse.jetty.util.thread.QueuedThreadPool.runJob(QueuedThreadPool.java:806)
        at org.eclipse.jetty.util.thread.QueuedThreadPool$Runner.run(QueuedThreadPool.java:938)
        at java.lang.Thread.run(Thread.java:748)
"IPC Server handler 5 on default port 41087" daemon prio=5 tid=60 timed_waiting
java.lang.Thread.State: TIMED_WAITING
        at sun.misc.Unsafe.park(Native Method)
        at java.util.concurrent.locks.LockSupport.parkNanos(LockSupport.java:215)
        at java.util.concurrent.locks.AbstractQueuedSynchronizer$ConditionObject.awaitNanos(AbstractQueuedSynchronizer.java:2078)
        at java.util.concurrent.LinkedBlockingQueue.poll(LinkedBlockingQueue.java:467)
        at org.apache.hadoop.ipc.CallQueueManager.take(CallQueueManager.java:295)
        at org.apache.hadoop.ipc.Server$Handler.run(Server.java:2881)
"IPC Server handler 3 on default port 41087" daemon prio=5 tid=58 timed_waiting
java.lang.Thread.State: TIMED_WAITING
        at sun.misc.Unsafe.park(Native Method)
        at java.util.concurrent.locks.LockSupport.parkNanos(LockSupport.java:215)
        at java.util.concurrent.locks.AbstractQueuedSynchronizer$ConditionObject.awaitNanos(AbstractQueuedSynchronizer.java:2078)
        at java.util.concurrent.LinkedBlockingQueue.poll(LinkedBlockingQueue.java:467)
        at org.apache.hadoop.ipc.CallQueueManager.take(CallQueueManager.java:295)
        at org.apache.hadoop.ipc.Server$Handler.run(Server.java:2881)
"qtp777295125-209" daemon prio=5 tid=209 timed_waiting
java.lang.Thread.State: TIMED_WAITING
        at sun.misc.Unsafe.park(Native Method)
        at java.util.concurrent.locks.LockSupport.parkNanos(LockSupport.java:215)
        at java.util.concurrent.locks.AbstractQueuedSynchronizer$ConditionObject.awaitNanos(AbstractQueuedSynchronizer.java:2078)
        at org.eclipse.jetty.util.BlockingArrayQueue.poll(BlockingArrayQueue.java:382)
        at org.eclipse.jetty.util.thread.QueuedThreadPool$Runner.idleJobPoll(QueuedThreadPool.java:875)
        at org.eclipse.jetty.util.thread.QueuedThreadPool$Runner.run(QueuedThreadPool.java:925)
        at java.lang.Thread.run(Thread.java:748)
"Thread-219" daemon prio=5 tid=311 timed_waiting
java.lang.Thread.State: TIMED_WAITING
        at java.lang.Thread.sleep(Native Method)
        at org.apache.ratis.util.JavaUtils.sleep(JavaUtils.java:243)
        at org.apache.ratis.server.impl.FollowerState.run(FollowerState.java:97)
"qtp777295125-210" daemon prio=5 tid=210 timed_waiting
java.lang.Thread.State: TIMED_WAITING
        at sun.misc.Unsafe.park(Native Method)
        at java.util.concurrent.locks.LockSupport.parkNanos(LockSupport.java:215)
        at java.util.concurrent.locks.AbstractQueuedSynchronizer$ConditionObject.awaitNanos(AbstractQueuedSynchronizer.java:2078)
        at org.eclipse.jetty.util.BlockingArrayQueue.poll(BlockingArrayQueue.java:382)
        at org.eclipse.jetty.util.thread.QueuedThreadPool$Runner.idleJobPoll(QueuedThreadPool.java:875)
        at org.eclipse.jetty.util.thread.QueuedThreadPool$Runner.run(QueuedThreadPool.java:925)
        at java.lang.Thread.run(Thread.java:748)
"IPC Server handler 16 on default port 45051" daemon prio=5 tid=51 timed_waiting
java.lang.Thread.State: TIMED_WAITING
        at sun.misc.Unsafe.park(Native Method)
        at java.util.concurrent.locks.LockSupport.parkNanos(LockSupport.java:215)
        at java.util.concurrent.locks.AbstractQueuedSynchronizer$ConditionObject.awaitNanos(AbstractQueuedSynchronizer.java:2078)
        at java.util.concurrent.LinkedBlockingQueue.poll(LinkedBlockingQueue.java:467)
        at org.apache.hadoop.ipc.CallQueueManager.take(CallQueueManager.java:295)
        at org.apache.hadoop.ipc.Server$Handler.run(Server.java:2881)
"surefire-forkedjvm-command-thread" daemon prio=5 tid=9 runnable
java.lang.Thread.State: RUNNABLE
        at java.io.FileInputStream.readBytes(Native Method)
        at java.io.FileInputStream.read(FileInputStream.java:255)
        at java.io.BufferedInputStream.fill(BufferedInputStream.java:246)
        at java.io.BufferedInputStream.read(BufferedInputStream.java:265)
        at java.io.DataInputStream.readInt(DataInputStream.java:387)
        at org.apache.maven.surefire.booter.MasterProcessCommand.decode(MasterProcessCommand.java:115)
        at org.apache.maven.surefire.booter.CommandReader$CommandRunnable.run(CommandReader.java:390)
        at java.lang.Thread.run(Thread.java:748)
"RatisPipelineUtilsThread"  prio=5 tid=15 timed_waiting
java.lang.Thread.State: TIMED_WAITING
        at sun.misc.Unsafe.park(Native Method)
        at java.util.concurrent.locks.LockSupport.parkNanos(LockSupport.java:215)
        at java.util.concurrent.locks.AbstractQueuedSynchronizer$ConditionObject.awaitNanos(AbstractQueuedSynchronizer.java:2078)
        at java.util.concurrent.ScheduledThreadPoolExecutor$DelayedWorkQueue.take(ScheduledThreadPoolExecutor.java:1093)
        at java.util.concurrent.ScheduledThreadPoolExecutor$DelayedWorkQueue.take(ScheduledThreadPoolExecutor.java:809)
        at java.util.concurrent.ThreadPoolExecutor.getTask(ThreadPoolExecutor.java:1074)
        at java.util.concurrent.ThreadPoolExecutor.runWorker(ThreadPoolExecutor.java:1134)
        at java.util.concurrent.ThreadPoolExecutor$Worker.run(ThreadPoolExecutor.java:624)
        at java.lang.Thread.run(Thread.java:748)
"org.apache.ratis.server.impl.LogAppender$AppenderDaemon$$Lambda$454/578777179@5a9bff98" daemon prio=5 tid=312 timed_waiting
java.lang.Thread.State: TIMED_WAITING
        at java.lang.Object.wait(Native Method)
        at org.apache.ratis.grpc.server.GrpcLogAppender.mayWait(GrpcLogAppender.java:151)
        at org.apache.ratis.grpc.server.GrpcLogAppender.runAppenderImpl(GrpcLogAppender.java:105)
        at org.apache.ratis.server.impl.LogAppender$AppenderDaemon.run(LogAppender.java:77)
        at org.apache.ratis.server.impl.LogAppender$AppenderDaemon$$Lambda$454/578777179.run(Unknown Source)
        at java.lang.Thread.run(Thread.java:748)
"pool-51-thread-1"  prio=5 tid=255 in Object.wait()
java.lang.Thread.State: WAITING (on object monitor)
        at sun.misc.Unsafe.park(Native Method)
        at java.util.concurrent.locks.LockSupport.park(LockSupport.java:175)
        at java.util.concurrent.locks.AbstractQueuedSynchronizer$ConditionObject.await(AbstractQueuedSynchronizer.java:2039)
        at java.util.concurrent.LinkedBlockingQueue.take(LinkedBlockingQueue.java:442)
        at java.util.concurrent.ThreadPoolExecutor.getTask(ThreadPoolExecutor.java:1074)
        at java.util.concurrent.ThreadPoolExecutor.runWorker(ThreadPoolExecutor.java:1134)
        at java.util.concurrent.ThreadPoolExecutor$Worker.run(ThreadPoolExecutor.java:624)
        at java.lang.Thread.run(Thread.java:748)
"Datanode ReportManager Thread - 2" daemon prio=5 tid=199 in Object.wait()
java.lang.Thread.State: WAITING (on object monitor)
        at sun.misc.Unsafe.park(Native Method)
        at java.util.concurrent.locks.LockSupport.park(LockSupport.java:175)
        at java.util.concurrent.locks.AbstractQueuedSynchronizer$ConditionObject.await(AbstractQueuedSynchronizer.java:2039)
        at java.util.concurrent.ScheduledThreadPoolExecutor$DelayedWorkQueue.take(ScheduledThreadPoolExecutor.java:1088)
        at java.util.concurrent.ScheduledThreadPoolExecutor$DelayedWorkQueue.take(ScheduledThreadPoolExecutor.java:809)
        at java.util.concurrent.ThreadPoolExecutor.getTask(ThreadPoolExecutor.java:1074)
        at java.util.concurrent.ThreadPoolExecutor.runWorker(ThreadPoolExecutor.java:1134)
        at java.util.concurrent.ThreadPoolExecutor$Worker.run(ThreadPoolExecutor.java:624)
        at java.lang.Thread.run(Thread.java:748)
"43006955-015f-42cd-b925-cfd3ac6ee1ce@group-62EB59B96157-SegmentedRaftLogWorker"  prio=5 tid=266 timed_waiting
java.lang.Thread.State: TIMED_WAITING
        at sun.misc.Unsafe.park(Native Method)
        at java.util.concurrent.locks.LockSupport.parkNanos(LockSupport.java:215)
        at java.util.concurrent.locks.AbstractQueuedSynchronizer$ConditionObject.awaitNanos(AbstractQueuedSynchronizer.java:2078)
        at org.apache.ratis.util.DataBlockingQueue.poll(DataBlockingQueue.java:137)
        at org.apache.ratis.server.raftlog.segmented.SegmentedRaftLogWorker.run(SegmentedRaftLogWorker.java:287)
        at java.lang.Thread.run(Thread.java:748)
"qtp162320368-96-acceptor-0@677b1118-ServerConnector@7bee8621{HTTP/1.1,[http/1.1]}{0.0.0.0:38263}" daemon prio=3 tid=96 runnable
java.lang.Thread.State: RUNNABLE
        at sun.nio.ch.ServerSocketChannelImpl.accept0(Native Method)
        at sun.nio.ch.ServerSocketChannelImpl.accept(ServerSocketChannelImpl.java:422)
        at sun.nio.ch.ServerSocketChannelImpl.accept(ServerSocketChannelImpl.java:250)
        at org.eclipse.jetty.server.ServerConnector.accept(ServerConnector.java:385)
        at org.eclipse.jetty.server.AbstractConnector$Acceptor.run(AbstractConnector.java:701)
        at org.eclipse.jetty.util.thread.QueuedThreadPool.runJob(QueuedThreadPool.java:806)
        at org.eclipse.jetty.util.thread.QueuedThreadPool$Runner.run(QueuedThreadPool.java:938)
        at java.lang.Thread.run(Thread.java:748)
"Periodic HDDS volume checker" daemon prio=5 tid=170 timed_waiting
java.lang.Thread.State: TIMED_WAITING
        at sun.misc.Unsafe.park(Native Method)
        at java.util.concurrent.locks.LockSupport.parkNanos(LockSupport.java:215)
        at java.util.concurrent.locks.AbstractQueuedSynchronizer$ConditionObject.awaitNanos(AbstractQueuedSynchronizer.java:2078)
        at java.util.concurrent.ScheduledThreadPoolExecutor$DelayedWorkQueue.take(ScheduledThreadPoolExecutor.java:1093)
        at java.util.concurrent.ScheduledThreadPoolExecutor$DelayedWorkQueue.take(ScheduledThreadPoolExecutor.java:809)
        at java.util.concurrent.ThreadPoolExecutor.getTask(ThreadPoolExecutor.java:1074)
        at java.util.concurrent.ThreadPoolExecutor.runWorker(ThreadPoolExecutor.java:1134)
        at java.util.concurrent.ThreadPoolExecutor$Worker.run(ThreadPoolExecutor.java:624)
        at java.lang.Thread.run(Thread.java:748)
"qtp934985972-182" daemon prio=5 tid=182 runnable
java.lang.Thread.State: RUNNABLE
        at sun.nio.ch.EPollArrayWrapper.epollWait(Native Method)
        at sun.nio.ch.EPollArrayWrapper.poll(EPollArrayWrapper.java:269)
        at sun.nio.ch.EPollSelectorImpl.doSelect(EPollSelectorImpl.java:93)
        at sun.nio.ch.SelectorImpl.lockAndDoSelect(SelectorImpl.java:86)
        at sun.nio.ch.SelectorImpl.select(SelectorImpl.java:97)
        at sun.nio.ch.SelectorImpl.select(SelectorImpl.java:101)
        at org.eclipse.jetty.io.ManagedSelector$SelectorProducer.select(ManagedSelector.java:472)
        at org.eclipse.jetty.io.ManagedSelector$SelectorProducer.produce(ManagedSelector.java:409)
        at org.eclipse.jetty.util.thread.strategy.EatWhatYouKill.produceTask(EatWhatYouKill.java:360)
        at org.eclipse.jetty.util.thread.strategy.EatWhatYouKill.doProduce(EatWhatYouKill.java:184)
        at org.eclipse.jetty.util.thread.strategy.EatWhatYouKill.tryProduce(EatWhatYouKill.java:171)
        at org.eclipse.jetty.util.thread.strategy.EatWhatYouKill.produce(EatWhatYouKill.java:135)
        at org.eclipse.jetty.io.ManagedSelector$$Lambda$72/1395912847.run(Unknown Source)
        at org.eclipse.jetty.util.thread.QueuedThreadPool.runJob(QueuedThreadPool.java:806)
        at org.eclipse.jetty.util.thread.QueuedThreadPool$Runner.run(QueuedThreadPool.java:938)
        at java.lang.Thread.run(Thread.java:748)
"qtp162320368-102" daemon prio=5 tid=102 timed_waiting
java.lang.Thread.State: TIMED_WAITING
        at sun.misc.Unsafe.park(Native Method)
        at java.util.concurrent.locks.LockSupport.parkNanos(LockSupport.java:215)
        at java.util.concurrent.locks.AbstractQueuedSynchronizer$ConditionObject.awaitNanos(AbstractQueuedSynchronizer.java:2078)
        at org.eclipse.jetty.util.BlockingArrayQueue.poll(BlockingArrayQueue.java:382)
        at org.eclipse.jetty.util.thread.QueuedThreadPool$Runner.idleJobPoll(QueuedThreadPool.java:875)
        at org.eclipse.jetty.util.thread.QueuedThreadPool$Runner.run(QueuedThreadPool.java:925)
        at java.lang.Thread.run(Thread.java:748)
"IPC Server handler 15 on default port 37665" daemon prio=5 tid=90 timed_waiting
java.lang.Thread.State: TIMED_WAITING
        at sun.misc.Unsafe.park(Native Method)
        at java.util.concurrent.locks.LockSupport.parkNanos(LockSupport.java:215)
        at java.util.concurrent.locks.AbstractQueuedSynchronizer$ConditionObject.awaitNanos(AbstractQueuedSynchronizer.java:2078)
        at java.util.concurrent.LinkedBlockingQueue.poll(LinkedBlockingQueue.java:467)
        at org.apache.hadoop.ipc.CallQueueManager.take(CallQueueManager.java:295)
        at org.apache.hadoop.ipc.Server$Handler.run(Server.java:2881)
"IPC Server handler 16 on default port 41087" daemon prio=5 tid=71 timed_waiting
java.lang.Thread.State: TIMED_WAITING
        at sun.misc.Unsafe.park(Native Method)
        at java.util.concurrent.locks.LockSupport.parkNanos(LockSupport.java:215)
        at java.util.concurrent.locks.AbstractQueuedSynchronizer$ConditionObject.awaitNanos(AbstractQueuedSynchronizer.java:2078)
        at java.util.concurrent.LinkedBlockingQueue.poll(LinkedBlockingQueue.java:467)
        at org.apache.hadoop.ipc.CallQueueManager.take(CallQueueManager.java:295)
        at org.apache.hadoop.ipc.Server$Handler.run(Server.java:2881)
"IPC Server handler 4 on default port 36455" daemon prio=5 tid=124 timed_waiting
java.lang.Thread.State: TIMED_WAITING
        at sun.misc.Unsafe.park(Native Method)
        at java.util.concurrent.locks.LockSupport.parkNanos(LockSupport.java:215)
        at java.util.concurrent.locks.AbstractQueuedSynchronizer$ConditionObject.awaitNanos(AbstractQueuedSynchronizer.java:2078)
        at java.util.concurrent.LinkedBlockingQueue.poll(LinkedBlockingQueue.java:467)
        at org.apache.hadoop.ipc.CallQueueManager.take(CallQueueManager.java:295)
        at org.apache.hadoop.ipc.Server$Handler.run(Server.java:2881)
"Socket Reader #1 for port 0"  prio=5 tid=21 runnable
java.lang.Thread.State: RUNNABLE
        at sun.nio.ch.EPollArrayWrapper.epollWait(Native Method)
        at sun.nio.ch.EPollArrayWrapper.poll(EPollArrayWrapper.java:269)
        at sun.nio.ch.EPollSelectorImpl.doSelect(EPollSelectorImpl.java:93)
        at sun.nio.ch.SelectorImpl.lockAndDoSelect(SelectorImpl.java:86)
        at sun.nio.ch.SelectorImpl.select(SelectorImpl.java:97)
        at sun.nio.ch.SelectorImpl.select(SelectorImpl.java:101)
        at org.apache.hadoop.ipc.Server$Listener$Reader.doRunLoop(Server.java:1242)
        at org.apache.hadoop.ipc.Server$Listener$Reader.run(Server.java:1221)
"IPC Server handler 19 on default port 37665" daemon prio=5 tid=94 timed_waiting
java.lang.Thread.State: TIMED_WAITING
        at sun.misc.Unsafe.park(Native Method)
        at java.util.concurrent.locks.LockSupport.parkNanos(LockSupport.java:215)
        at java.util.concurrent.locks.AbstractQueuedSynchronizer$ConditionObject.awaitNanos(AbstractQueuedSynchronizer.java:2078)
        at java.util.concurrent.LinkedBlockingQueue.poll(LinkedBlockingQueue.java:467)
        at org.apache.hadoop.ipc.CallQueueManager.take(CallQueueManager.java:295)
        at org.apache.hadoop.ipc.Server$Handler.run(Server.java:2881)
"IPC Server Responder" daemon prio=5 tid=19 runnable
java.lang.Thread.State: RUNNABLE
        at sun.nio.ch.EPollArrayWrapper.epollWait(Native Method)
        at sun.nio.ch.EPollArrayWrapper.poll(EPollArrayWrapper.java:269)
        at sun.nio.ch.EPollSelectorImpl.doSelect(EPollSelectorImpl.java:93)
        at sun.nio.ch.SelectorImpl.lockAndDoSelect(SelectorImpl.java:86)
        at sun.nio.ch.SelectorImpl.select(SelectorImpl.java:97)
        at org.apache.hadoop.ipc.Server$Responder.doRunLoop(Server.java:1480)
        at org.apache.hadoop.ipc.Server$Responder.run(Server.java:1463)
"Session-HouseKeeper-231cdda8-1"  prio=5 tid=103 timed_waiting
java.lang.Thread.State: TIMED_WAITING
        at sun.misc.Unsafe.park(Native Method)
        at java.util.concurrent.locks.LockSupport.parkNanos(LockSupport.java:215)
        at java.util.concurrent.locks.AbstractQueuedSynchronizer$ConditionObject.awaitNanos(AbstractQueuedSynchronizer.java:2078)
        at java.util.concurrent.ScheduledThreadPoolExecutor$DelayedWorkQueue.take(ScheduledThreadPoolExecutor.java:1093)
        at java.util.concurrent.ScheduledThreadPoolExecutor$DelayedWorkQueue.take(ScheduledThreadPoolExecutor.java:809)
        at java.util.concurrent.ThreadPoolExecutor.getTask(ThreadPoolExecutor.java:1074)
        at java.util.concurrent.ThreadPoolExecutor.runWorker(ThreadPoolExecutor.java:1134)
        at java.util.concurrent.ThreadPoolExecutor$Worker.run(ThreadPoolExecutor.java:624)
        at java.lang.Thread.run(Thread.java:748)
"org.apache.hadoop.util.JvmPauseMonitor$Monitor@55665086" daemon prio=5 tid=151 timed_waiting
java.lang.Thread.State: TIMED_WAITING
        at java.lang.Thread.sleep(Native Method)
        at org.apache.hadoop.util.JvmPauseMonitor$Monitor.run(JvmPauseMonitor.java:192)
        at java.lang.Thread.run(Thread.java:748)
"IPC Server Responder" daemon prio=5 tid=23 runnable
java.lang.Thread.State: RUNNABLE
        at sun.nio.ch.EPollArrayWrapper.epollWait(Native Method)
        at sun.nio.ch.EPollArrayWrapper.poll(EPollArrayWrapper.java:269)
        at sun.nio.ch.EPollSelectorImpl.doSelect(EPollSelectorImpl.java:93)
        at sun.nio.ch.SelectorImpl.lockAndDoSelect(SelectorImpl.java:86)
        at sun.nio.ch.SelectorImpl.select(SelectorImpl.java:97)
        at org.apache.hadoop.ipc.Server$Responder.doRunLoop(Server.java:1480)
        at org.apache.hadoop.ipc.Server$Responder.run(Server.java:1463)
"IPC Server handler 1 on default port 41087" daemon prio=5 tid=56 timed_waiting
java.lang.Thread.State: TIMED_WAITING
        at sun.misc.Unsafe.park(Native Method)
        at java.util.concurrent.locks.LockSupport.parkNanos(LockSupport.java:215)
        at java.util.concurrent.locks.AbstractQueuedSynchronizer$ConditionObject.awaitNanos(AbstractQueuedSynchronizer.java:2078)
        at java.util.concurrent.LinkedBlockingQueue.poll(LinkedBlockingQueue.java:467)
        at org.apache.hadoop.ipc.CallQueueManager.take(CallQueueManager.java:295)
        at org.apache.hadoop.ipc.Server$Handler.run(Server.java:2881)
"SCM Heartbeat Processing Thread - 0" daemon prio=5 tid=14 timed_waiting
java.lang.Thread.State: TIMED_WAITING
        at sun.misc.Unsafe.park(Native Method)
        at java.util.concurrent.locks.LockSupport.parkNanos(LockSupport.java:215)
        at java.util.concurrent.locks.AbstractQueuedSynchronizer$ConditionObject.awaitNanos(AbstractQueuedSynchronizer.java:2078)
        at java.util.concurrent.ScheduledThreadPoolExecutor$DelayedWorkQueue.take(ScheduledThreadPoolExecutor.java:1093)
        at java.util.concurrent.ScheduledThreadPoolExecutor$DelayedWorkQueue.take(ScheduledThreadPoolExecutor.java:809)
        at java.util.concurrent.ThreadPoolExecutor.getTask(ThreadPoolExecutor.java:1074)
        at java.util.concurrent.ThreadPoolExecutor.runWorker(ThreadPoolExecutor.java:1134)
        at java.util.concurrent.ThreadPoolExecutor$Worker.run(ThreadPoolExecutor.java:624)
        at java.lang.Thread.run(Thread.java:748)
"IPC Server handler 14 on default port 41087" daemon prio=5 tid=69 timed_waiting
java.lang.Thread.State: TIMED_WAITING
        at sun.misc.Unsafe.park(Native Method)
        at java.util.concurrent.locks.LockSupport.parkNanos(LockSupport.java:215)
        at java.util.concurrent.locks.AbstractQueuedSynchronizer$ConditionObject.awaitNanos(AbstractQueuedSynchronizer.java:2078)
        at java.util.concurrent.LinkedBlockingQueue.poll(LinkedBlockingQueue.java:467)
        at org.apache.hadoop.ipc.CallQueueManager.take(CallQueueManager.java:295)
        at org.apache.hadoop.ipc.Server$Handler.run(Server.java:2881)
"IPC Server handler 3 on default port 37665" daemon prio=5 tid=78 timed_waiting
java.lang.Thread.State: TIMED_WAITING
        at sun.misc.Unsafe.park(Native Method)
        at java.util.concurrent.locks.LockSupport.parkNanos(LockSupport.java:215)
        at java.util.concurrent.locks.AbstractQueuedSynchronizer$ConditionObject.awaitNanos(AbstractQueuedSynchronizer.java:2078)
        at java.util.concurrent.LinkedBlockingQueue.poll(LinkedBlockingQueue.java:467)
        at org.apache.hadoop.ipc.CallQueueManager.take(CallQueueManager.java:295)
        at org.apache.hadoop.ipc.Server$Handler.run(Server.java:2881)
"grpc-nio-worker-ELG-3-2" daemon prio=5 tid=272 runnable
java.lang.Thread.State: RUNNABLE
        at sun.nio.ch.EPollArrayWrapper.epollWait(Native Method)
        at sun.nio.ch.EPollArrayWrapper.poll(EPollArrayWrapper.java:269)
        at sun.nio.ch.EPollSelectorImpl.doSelect(EPollSelectorImpl.java:93)
        at sun.nio.ch.SelectorImpl.lockAndDoSelect(SelectorImpl.java:86)
        at sun.nio.ch.SelectorImpl.select(SelectorImpl.java:97)
        at org.apache.ratis.thirdparty.io.netty.channel.nio.SelectedSelectionKeySetSelector.select(SelectedSelectionKeySetSelector.java:62)
        at org.apache.ratis.thirdparty.io.netty.channel.nio.NioEventLoop.select(NioEventLoop.java:807)
        at org.apache.ratis.thirdparty.io.netty.channel.nio.NioEventLoop.run(NioEventLoop.java:457)
        at org.apache.ratis.thirdparty.io.netty.util.concurrent.SingleThreadEventExecutor$4.run(SingleThreadEventExecutor.java:989)
        at org.apache.ratis.thirdparty.io.netty.util.internal.ThreadExecutorMap$2.run(ThreadExecutorMap.java:74)
        at org.apache.ratis.thirdparty.io.netty.util.concurrent.FastThreadLocalRunnable.run(FastThreadLocalRunnable.java:30)
        at java.lang.Thread.run(Thread.java:748)
"IPC Server handler 7 on default port 41087" daemon prio=5 tid=62 timed_waiting
java.lang.Thread.State: TIMED_WAITING
        at sun.misc.Unsafe.park(Native Method)
        at java.util.concurrent.locks.LockSupport.parkNanos(LockSupport.java:215)
        at java.util.concurrent.locks.AbstractQueuedSynchronizer$ConditionObject.awaitNanos(AbstractQueuedSynchronizer.java:2078)
        at java.util.concurrent.LinkedBlockingQueue.poll(LinkedBlockingQueue.java:467)
        at org.apache.hadoop.ipc.CallQueueManager.take(CallQueueManager.java:295)
        at org.apache.hadoop.ipc.Server$Handler.run(Server.java:2881)
"pool-40-thread-1"  prio=5 tid=167 timed_waiting
java.lang.Thread.State: TIMED_WAITING
        at sun.misc.Unsafe.park(Native Method)
        at java.util.concurrent.locks.LockSupport.parkNanos(LockSupport.java:215)
        at java.util.concurrent.locks.AbstractQueuedSynchronizer$ConditionObject.awaitNanos(AbstractQueuedSynchronizer.java:2078)
        at java.util.concurrent.ScheduledThreadPoolExecutor$DelayedWorkQueue.take(ScheduledThreadPoolExecutor.java:1093)
        at java.util.concurrent.ScheduledThreadPoolExecutor$DelayedWorkQueue.take(ScheduledThreadPoolExecutor.java:809)
        at java.util.concurrent.ThreadPoolExecutor.getTask(ThreadPoolExecutor.java:1074)
        at java.util.concurrent.ThreadPoolExecutor.runWorker(ThreadPoolExecutor.java:1134)
        at java.util.concurrent.ThreadPoolExecutor$Worker.run(ThreadPoolExecutor.java:624)
        at java.lang.Thread.run(Thread.java:748)
"java.util.concurrent.ThreadPoolExecutor$Worker@144ff2f0[State = -1, empty queue]" daemon prio=5 tid=313 timed_waiting
java.lang.Thread.State: TIMED_WAITING
        at sun.misc.Unsafe.park(Native Method)
        at java.util.concurrent.locks.LockSupport.parkNanos(LockSupport.java:215)
        at java.util.concurrent.locks.AbstractQueuedSynchronizer$ConditionObject.awaitNanos(AbstractQueuedSynchronizer.java:2078)
        at java.util.concurrent.ScheduledThreadPoolExecutor$DelayedWorkQueue.take(ScheduledThreadPoolExecutor.java:1093)
        at java.util.concurrent.ScheduledThreadPoolExecutor$DelayedWorkQueue.take(ScheduledThreadPoolExecutor.java:809)
        at java.util.concurrent.ThreadPoolExecutor.getTask(ThreadPoolExecutor.java:1074)
        at java.util.concurrent.ThreadPoolExecutor.runWorker(ThreadPoolExecutor.java:1134)
        at java.util.concurrent.ThreadPoolExecutor$Worker.run(ThreadPoolExecutor.java:624)
        at java.lang.Thread.run(Thread.java:748)
"46593078-1315-442c-91b1-b92b4f012500@group-A77CAD7CA71C-StateMachineUpdater" daemon prio=5 tid=253 in Object.wait()
java.lang.Thread.State: WAITING (on object monitor)
        at java.lang.Object.wait(Native Method)
        at java.lang.Object.wait(Object.java:502)
        at org.apache.ratis.server.impl.StateMachineUpdater.waitForCommit(StateMachineUpdater.java:200)
        at org.apache.ratis.server.impl.StateMachineUpdater.run(StateMachineUpdater.java:165)
        at java.lang.Thread.run(Thread.java:748)
"org.apache.hadoop.util.JvmPauseMonitor$Monitor@90f392e" daemon prio=5 tid=202 timed_waiting
java.lang.Thread.State: TIMED_WAITING
        at java.lang.Thread.sleep(Native Method)
        at org.apache.hadoop.util.JvmPauseMonitor$Monitor.run(JvmPauseMonitor.java:192)
        at java.lang.Thread.run(Thread.java:748)
"Session-HouseKeeper-1fec9d33-1"  prio=5 tid=149 timed_waiting
java.lang.Thread.State: TIMED_WAITING
        at sun.misc.Unsafe.park(Native Method)
        at java.util.concurrent.locks.LockSupport.parkNanos(LockSupport.java:215)
        at java.util.concurrent.locks.AbstractQueuedSynchronizer$ConditionObject.awaitNanos(AbstractQueuedSynchronizer.java:2078)
        at java.util.concurrent.ScheduledThreadPoolExecutor$DelayedWorkQueue.take(ScheduledThreadPoolExecutor.java:1093)
        at java.util.concurrent.ScheduledThreadPoolExecutor$DelayedWorkQueue.take(ScheduledThreadPoolExecutor.java:809)
        at java.util.concurrent.ThreadPoolExecutor.getTask(ThreadPoolExecutor.java:1074)
        at java.util.concurrent.ThreadPoolExecutor.runWorker(ThreadPoolExecutor.java:1134)
        at java.util.concurrent.ThreadPoolExecutor$Worker.run(ThreadPoolExecutor.java:624)
        at java.lang.Thread.run(Thread.java:748)
"org.apache.hadoop.util.JvmPauseMonitor$Monitor@5fdd97c1" daemon prio=5 tid=107 timed_waiting
java.lang.Thread.State: TIMED_WAITING
        at java.lang.Thread.sleep(Native Method)
        at org.apache.hadoop.util.JvmPauseMonitor$Monitor.run(JvmPauseMonitor.java:192)
        at java.lang.Thread.run(Thread.java:748)
"IPC Server handler 7 on default port 36455" daemon prio=5 tid=127 timed_waiting
java.lang.Thread.State: TIMED_WAITING
        at sun.misc.Unsafe.park(Native Method)
        at java.util.concurrent.locks.LockSupport.parkNanos(LockSupport.java:215)
        at java.util.concurrent.locks.AbstractQueuedSynchronizer$ConditionObject.awaitNanos(AbstractQueuedSynchronizer.java:2078)
        at java.util.concurrent.LinkedBlockingQueue.poll(LinkedBlockingQueue.java:467)
        at org.apache.hadoop.ipc.CallQueueManager.take(CallQueueManager.java:295)
        at org.apache.hadoop.ipc.Server$Handler.run(Server.java:2881)
"qtp490467503-162" daemon prio=5 tid=162 timed_waiting
java.lang.Thread.State: TIMED_WAITING
        at sun.misc.Unsafe.park(Native Method)
        at java.util.concurrent.locks.LockSupport.parkNanos(LockSupport.java:215)
        at java.util.concurrent.locks.AbstractQueuedSynchronizer$ConditionObject.awaitNanos(AbstractQueuedSynchronizer.java:2078)
        at org.eclipse.jetty.util.BlockingArrayQueue.poll(BlockingArrayQueue.java:382)
        at org.eclipse.jetty.util.thread.QueuedThreadPool$Runner.idleJobPoll(QueuedThreadPool.java:875)
        at org.eclipse.jetty.util.thread.QueuedThreadPool$Runner.run(QueuedThreadPool.java:925)
        at java.lang.Thread.run(Thread.java:748)
"IPC Server handler 2 on default port 36455" daemon prio=5 tid=122 timed_waiting
java.lang.Thread.State: TIMED_WAITING
        at sun.misc.Unsafe.park(Native Method)
        at java.util.concurrent.locks.LockSupport.parkNanos(LockSupport.java:215)
        at java.util.concurrent.locks.AbstractQueuedSynchronizer$ConditionObject.awaitNanos(AbstractQueuedSynchronizer.java:2078)
        at java.util.concurrent.LinkedBlockingQueue.poll(LinkedBlockingQueue.java:467)
        at org.apache.hadoop.ipc.CallQueueManager.take(CallQueueManager.java:295)
        at org.apache.hadoop.ipc.Server$Handler.run(Server.java:2881)
"IPC Server handler 18 on default port 41087" daemon prio=5 tid=73 timed_waiting
java.lang.Thread.State: TIMED_WAITING
        at sun.misc.Unsafe.park(Native Method)
        at java.util.concurrent.locks.LockSupport.parkNanos(LockSupport.java:215)
        at java.util.concurrent.locks.AbstractQueuedSynchronizer$ConditionObject.awaitNanos(AbstractQueuedSynchronizer.java:2078)
        at java.util.concurrent.LinkedBlockingQueue.poll(LinkedBlockingQueue.java:467)
        at org.apache.hadoop.ipc.CallQueueManager.take(CallQueueManager.java:295)
        at org.apache.hadoop.ipc.Server$Handler.run(Server.java:2881)
"IPC Server handler 4 on default port 45051" daemon prio=5 tid=39 timed_waiting
java.lang.Thread.State: TIMED_WAITING
        at sun.misc.Unsafe.park(Native Method)
        at java.util.concurrent.locks.LockSupport.parkNanos(LockSupport.java:215)
        at java.util.concurrent.locks.AbstractQueuedSynchronizer$ConditionObject.awaitNanos(AbstractQueuedSynchronizer.java:2078)
        at java.util.concurrent.LinkedBlockingQueue.poll(LinkedBlockingQueue.java:467)
        at org.apache.hadoop.ipc.CallQueueManager.take(CallQueueManager.java:295)
        at org.apache.hadoop.ipc.Server$Handler.run(Server.java:2881)
"BlockDeletingService#2" daemon prio=5 tid=354 in Object.wait()
java.lang.Thread.State: WAITING (on object monitor)
        at sun.misc.Unsafe.park(Native Method)
        at java.util.concurrent.locks.LockSupport.park(LockSupport.java:175)
        at java.util.concurrent.locks.AbstractQueuedSynchronizer$ConditionObject.await(AbstractQueuedSynchronizer.java:2039)
        at java.util.concurrent.ScheduledThreadPoolExecutor$DelayedWorkQueue.take(ScheduledThreadPoolExecutor.java:1088)
        at java.util.concurrent.ScheduledThreadPoolExecutor$DelayedWorkQueue.take(ScheduledThreadPoolExecutor.java:809)
        at java.util.concurrent.ThreadPoolExecutor.getTask(ThreadPoolExecutor.java:1074)
        at java.util.concurrent.ThreadPoolExecutor.runWorker(ThreadPoolExecutor.java:1134)
        at java.util.concurrent.ThreadPoolExecutor$Worker.run(ThreadPoolExecutor.java:624)
        at java.lang.Thread.run(Thread.java:748)
"EventQueue-Delayed safe mode statusForReplicationManager"  prio=5 tid=32 in Object.wait()
java.lang.Thread.State: WAITING (on object monitor)
        at sun.misc.Unsafe.park(Native Method)
        at java.util.concurrent.locks.LockSupport.park(LockSupport.java:175)
        at java.util.concurrent.locks.AbstractQueuedSynchronizer$ConditionObject.await(AbstractQueuedSynchronizer.java:2039)
        at java.util.concurrent.LinkedBlockingQueue.take(LinkedBlockingQueue.java:442)
        at java.util.concurrent.ThreadPoolExecutor.getTask(ThreadPoolExecutor.java:1074)
        at java.util.concurrent.ThreadPoolExecutor.runWorker(ThreadPoolExecutor.java:1134)
        at java.util.concurrent.ThreadPoolExecutor$Worker.run(ThreadPoolExecutor.java:624)
        at java.lang.Thread.run(Thread.java:748)
"Timer-0"  prio=5 tid=117 timed_waiting
java.lang.Thread.State: TIMED_WAITING
        at java.lang.Object.wait(Native Method)
        at java.util.TimerThread.mainLoop(Timer.java:552)
        at java.util.TimerThread.run(Timer.java:505)
"IPC Server handler 17 on default port 36455" daemon prio=5 tid=137 timed_waiting
java.lang.Thread.State: TIMED_WAITING
        at sun.misc.Unsafe.park(Native Method)
        at java.util.concurrent.locks.LockSupport.parkNanos(LockSupport.java:215)
        at java.util.concurrent.locks.AbstractQueuedSynchronizer$ConditionObject.awaitNanos(AbstractQueuedSynchronizer.java:2078)
        at java.util.concurrent.LinkedBlockingQueue.poll(LinkedBlockingQueue.java:467)
        at org.apache.hadoop.ipc.CallQueueManager.take(CallQueueManager.java:295)
        at org.apache.hadoop.ipc.Server$Handler.run(Server.java:2881)
"grpc-nio-worker-ELG-3-1" daemon prio=5 tid=273 runnable
java.lang.Thread.State: RUNNABLE
        at sun.nio.ch.EPollArrayWrapper.epollWait(Native Method)
        at sun.nio.ch.EPollArrayWrapper.poll(EPollArrayWrapper.java:269)
        at sun.nio.ch.EPollSelectorImpl.doSelect(EPollSelectorImpl.java:93)
        at sun.nio.ch.SelectorImpl.lockAndDoSelect(SelectorImpl.java:86)
        at sun.nio.ch.SelectorImpl.select(SelectorImpl.java:97)
        at org.apache.ratis.thirdparty.io.netty.channel.nio.SelectedSelectionKeySetSelector.select(SelectedSelectionKeySetSelector.java:62)
        at org.apache.ratis.thirdparty.io.netty.channel.nio.NioEventLoop.select(NioEventLoop.java:807)
        at org.apache.ratis.thirdparty.io.netty.channel.nio.NioEventLoop.run(NioEventLoop.java:457)
        at org.apache.ratis.thirdparty.io.netty.util.concurrent.SingleThreadEventExecutor$4.run(SingleThreadEventExecutor.java:989)
        at org.apache.ratis.thirdparty.io.netty.util.internal.ThreadExecutorMap$2.run(ThreadExecutorMap.java:74)
        at org.apache.ratis.thirdparty.io.netty.util.concurrent.FastThreadLocalRunnable.run(FastThreadLocalRunnable.java:30)
        at java.lang.Thread.run(Thread.java:748)
"IPC Server handler 10 on default port 37665" daemon prio=5 tid=85 timed_waiting
java.lang.Thread.State: TIMED_WAITING
        at sun.misc.Unsafe.park(Native Method)
        at java.util.concurrent.locks.LockSupport.parkNanos(LockSupport.java:215)
        at java.util.concurrent.locks.AbstractQueuedSynchronizer$ConditionObject.awaitNanos(AbstractQueuedSynchronizer.java:2078)
        at java.util.concurrent.LinkedBlockingQueue.poll(LinkedBlockingQueue.java:467)
        at org.apache.hadoop.ipc.CallQueueManager.take(CallQueueManager.java:295)
        at org.apache.hadoop.ipc.Server$Handler.run(Server.java:2881)
"process reaper" daemon prio=10 tid=11 timed_waiting
java.lang.Thread.State: TIMED_WAITING
        at sun.misc.Unsafe.park(Native Method)
        at java.util.concurrent.locks.LockSupport.parkNanos(LockSupport.java:215)
        at java.util.concurrent.SynchronousQueue$TransferStack.awaitFulfill(SynchronousQueue.java:460)
        at java.util.concurrent.SynchronousQueue$TransferStack.transfer(SynchronousQueue.java:362)
        at java.util.concurrent.SynchronousQueue.poll(SynchronousQueue.java:941)
        at java.util.concurrent.ThreadPoolExecutor.getTask(ThreadPoolExecutor.java:1073)
        at java.util.concurrent.ThreadPoolExecutor.runWorker(ThreadPoolExecutor.java:1134)
        at java.util.concurrent.ThreadPoolExecutor$Worker.run(ThreadPoolExecutor.java:624)
        at java.lang.Thread.run(Thread.java:748)
"IPC Server handler 8 on default port 37665" daemon prio=5 tid=83 timed_waiting
java.lang.Thread.State: TIMED_WAITING
        at sun.misc.Unsafe.park(Native Method)
        at java.util.concurrent.locks.LockSupport.parkNanos(LockSupport.java:215)
        at java.util.concurrent.locks.AbstractQueuedSynchronizer$ConditionObject.awaitNanos(AbstractQueuedSynchronizer.java:2078)
        at java.util.concurrent.LinkedBlockingQueue.poll(LinkedBlockingQueue.java:467)
        at org.apache.hadoop.ipc.CallQueueManager.take(CallQueueManager.java:295)
        at org.apache.hadoop.ipc.Server$Handler.run(Server.java:2881)
"IPC Server handler 13 on default port 45051" daemon prio=5 tid=48 timed_waiting
java.lang.Thread.State: TIMED_WAITING
        at sun.misc.Unsafe.park(Native Method)
        at java.util.concurrent.locks.LockSupport.parkNanos(LockSupport.java:215)
        at java.util.concurrent.locks.AbstractQueuedSynchronizer$ConditionObject.awaitNanos(AbstractQueuedSynchronizer.java:2078)
        at java.util.concurrent.LinkedBlockingQueue.poll(LinkedBlockingQueue.java:467)
        at org.apache.hadoop.ipc.CallQueueManager.take(CallQueueManager.java:295)
        at org.apache.hadoop.ipc.Server$Handler.run(Server.java:2881)
"grpc-nio-boss-ELG-1-1" daemon prio=5 tid=229 runnable
java.lang.Thread.State: RUNNABLE
        at sun.nio.ch.EPollArrayWrapper.epollWait(Native Method)
        at sun.nio.ch.EPollArrayWrapper.poll(EPollArrayWrapper.java:269)
        at sun.nio.ch.EPollSelectorImpl.doSelect(EPollSelectorImpl.java:93)
        at sun.nio.ch.SelectorImpl.lockAndDoSelect(SelectorImpl.java:86)
        at sun.nio.ch.SelectorImpl.select(SelectorImpl.java:97)
        at sun.nio.ch.SelectorImpl.select(SelectorImpl.java:101)
        at org.apache.ratis.thirdparty.io.netty.channel.nio.SelectedSelectionKeySetSelector.select(SelectedSelectionKeySetSelector.java:68)
        at org.apache.ratis.thirdparty.io.netty.channel.nio.NioEventLoop.select(NioEventLoop.java:803)
        at org.apache.ratis.thirdparty.io.netty.channel.nio.NioEventLoop.run(NioEventLoop.java:457)
        at org.apache.ratis.thirdparty.io.netty.util.concurrent.SingleThreadEventExecutor$4.run(SingleThreadEventExecutor.java:989)
        at org.apache.ratis.thirdparty.io.netty.util.internal.ThreadExecutorMap$2.run(ThreadExecutorMap.java:74)
        at org.apache.ratis.thirdparty.io.netty.util.concurrent.FastThreadLocalRunnable.run(FastThreadLocalRunnable.java:30)
        at java.lang.Thread.run(Thread.java:748)
"qtp162320368-100" daemon prio=5 tid=100 timed_waiting
java.lang.Thread.State: TIMED_WAITING
        at sun.misc.Unsafe.park(Native Method)
        at java.util.concurrent.locks.LockSupport.parkNanos(LockSupport.java:215)
        at java.util.concurrent.locks.AbstractQueuedSynchronizer$ConditionObject.awaitNanos(AbstractQueuedSynchronizer.java:2078)
        at org.eclipse.jetty.util.BlockingArrayQueue.poll(BlockingArrayQueue.java:382)
        at org.eclipse.jetty.util.thread.QueuedThreadPool$Runner.idleJobPoll(QueuedThreadPool.java:875)
        at org.eclipse.jetty.util.thread.QueuedThreadPool$Runner.run(QueuedThreadPool.java:925)
        at java.lang.Thread.run(Thread.java:748)
"pool-35-thread-1"  prio=5 tid=251 in Object.wait()
java.lang.Thread.State: WAITING (on object monitor)
        at sun.misc.Unsafe.park(Native Method)
        at java.util.concurrent.locks.LockSupport.park(LockSupport.java:175)
        at java.util.concurrent.locks.AbstractQueuedSynchronizer$ConditionObject.await(AbstractQueuedSynchronizer.java:2039)
        at java.util.concurrent.LinkedBlockingQueue.take(LinkedBlockingQueue.java:442)
        at java.util.concurrent.ThreadPoolExecutor.getTask(ThreadPoolExecutor.java:1074)
        at java.util.concurrent.ThreadPoolExecutor.runWorker(ThreadPoolExecutor.java:1134)
        at java.util.concurrent.ThreadPoolExecutor$Worker.run(ThreadPoolExecutor.java:624)
        at java.lang.Thread.run(Thread.java:748)
"Datanode ReportManager Thread - 2" daemon prio=5 tid=219 in Object.wait()
java.lang.Thread.State: WAITING (on object monitor)
        at sun.misc.Unsafe.park(Native Method)
        at java.util.concurrent.locks.LockSupport.park(LockSupport.java:175)
        at java.util.concurrent.locks.AbstractQueuedSynchronizer$ConditionObject.await(AbstractQueuedSynchronizer.java:2039)
        at java.util.concurrent.ScheduledThreadPoolExecutor$DelayedWorkQueue.take(ScheduledThreadPoolExecutor.java:1088)
        at java.util.concurrent.ScheduledThreadPoolExecutor$DelayedWorkQueue.take(ScheduledThreadPoolExecutor.java:809)
        at java.util.concurrent.ThreadPoolExecutor.getTask(ThreadPoolExecutor.java:1074)
        at java.util.concurrent.ThreadPoolExecutor.runWorker(ThreadPoolExecutor.java:1134)
        at java.util.concurrent.ThreadPoolExecutor$Worker.run(ThreadPoolExecutor.java:624)
        at java.lang.Thread.run(Thread.java:748)
"qtp934985972-184" daemon prio=5 tid=184 timed_waiting
java.lang.Thread.State: TIMED_WAITING
        at sun.misc.Unsafe.park(Native Method)
        at java.util.concurrent.locks.LockSupport.parkNanos(LockSupport.java:215)
        at java.util.concurrent.locks.AbstractQueuedSynchronizer$ConditionObject.awaitNanos(AbstractQueuedSynchronizer.java:2078)
        at org.eclipse.jetty.util.BlockingArrayQueue.poll(BlockingArrayQueue.java:382)
        at org.eclipse.jetty.util.thread.QueuedThreadPool$Runner.idleJobPoll(QueuedThreadPool.java:875)
        at org.eclipse.jetty.util.thread.QueuedThreadPool$Runner.run(QueuedThreadPool.java:925)
        at java.lang.Thread.run(Thread.java:748)
"Datanode ReportManager Thread - 1" daemon prio=5 tid=173 timed_waiting
java.lang.Thread.State: TIMED_WAITING
        at sun.misc.Unsafe.park(Native Method)
        at java.util.concurrent.locks.LockSupport.parkNanos(LockSupport.java:215)
        at java.util.concurrent.locks.AbstractQueuedSynchronizer$ConditionObject.awaitNanos(AbstractQueuedSynchronizer.java:2078)
        at java.util.concurrent.ScheduledThreadPoolExecutor$DelayedWorkQueue.take(ScheduledThreadPoolExecutor.java:1093)
        at java.util.concurrent.ScheduledThreadPoolExecutor$DelayedWorkQueue.take(ScheduledThreadPoolExecutor.java:809)
        at java.util.concurrent.ThreadPoolExecutor.getTask(ThreadPoolExecutor.java:1074)
        at java.util.concurrent.ThreadPoolExecutor.runWorker(ThreadPoolExecutor.java:1134)
        at java.util.concurrent.ThreadPoolExecutor$Worker.run(ThreadPoolExecutor.java:624)
        at java.lang.Thread.run(Thread.java:748)
"IPC Server handler 3 on default port 45051" daemon prio=5 tid=38 timed_waiting
java.lang.Thread.State: TIMED_WAITING
        at sun.misc.Unsafe.park(Native Method)
        at java.util.concurrent.locks.LockSupport.parkNanos(LockSupport.java:215)
        at java.util.concurrent.locks.AbstractQueuedSynchronizer$ConditionObject.awaitNanos(AbstractQueuedSynchronizer.java:2078)
        at java.util.concurrent.LinkedBlockingQueue.poll(LinkedBlockingQueue.java:467)
        at org.apache.hadoop.ipc.CallQueueManager.take(CallQueueManager.java:295)
        at org.apache.hadoop.ipc.Server$Handler.run(Server.java:2881)
"IPC Server handler 17 on default port 41087" daemon prio=5 tid=72 timed_waiting
java.lang.Thread.State: TIMED_WAITING
        at sun.misc.Unsafe.park(Native Method)
        at java.util.concurrent.locks.LockSupport.parkNanos(LockSupport.java:215)
        at java.util.concurrent.locks.AbstractQueuedSynchronizer$ConditionObject.awaitNanos(AbstractQueuedSynchronizer.java:2078)
        at java.util.concurrent.LinkedBlockingQueue.poll(LinkedBlockingQueue.java:467)
        at org.apache.hadoop.ipc.CallQueueManager.take(CallQueueManager.java:295)
        at org.apache.hadoop.ipc.Server$Handler.run(Server.java:2881)
"EventQueue-NewNodeForNewNodeHandler" daemon prio=5 tid=244 in Object.wait()
java.lang.Thread.State: WAITING (on object monitor)
        at sun.misc.Unsafe.park(Native Method)
        at java.util.concurrent.locks.LockSupport.park(LockSupport.java:175)
        at java.util.concurrent.locks.AbstractQueuedSynchronizer$ConditionObject.await(AbstractQueuedSynchronizer.java:2039)
        at java.util.concurrent.LinkedBlockingQueue.take(LinkedBlockingQueue.java:442)
        at java.util.concurrent.ThreadPoolExecutor.getTask(ThreadPoolExecutor.java:1074)
        at java.util.concurrent.ThreadPoolExecutor.runWorker(ThreadPoolExecutor.java:1134)
        at java.util.concurrent.ThreadPoolExecutor$Worker.run(ThreadPoolExecutor.java:624)
        at java.lang.Thread.run(Thread.java:748)
"BlockDeletingService#1" daemon prio=5 tid=235 timed_waiting
java.lang.Thread.State: TIMED_WAITING
        at sun.misc.Unsafe.park(Native Method)
        at java.util.concurrent.locks.LockSupport.parkNanos(LockSupport.java:215)
        at java.util.concurrent.locks.AbstractQueuedSynchronizer$ConditionObject.awaitNanos(AbstractQueuedSynchronizer.java:2078)
        at java.util.concurrent.ScheduledThreadPoolExecutor$DelayedWorkQueue.take(ScheduledThreadPoolExecutor.java:1093)
        at java.util.concurrent.ScheduledThreadPoolExecutor$DelayedWorkQueue.take(ScheduledThreadPoolExecutor.java:809)
        at java.util.concurrent.ThreadPoolExecutor.getTask(ThreadPoolExecutor.java:1074)
        at java.util.concurrent.ThreadPoolExecutor.runWorker(ThreadPoolExecutor.java:1134)
        at java.util.concurrent.ThreadPoolExecutor$Worker.run(ThreadPoolExecutor.java:624)
        at java.lang.Thread.run(Thread.java:748)
"pool-24-thread-1"  prio=5 tid=140 timed_waiting
java.lang.Thread.State: TIMED_WAITING
        at sun.misc.Unsafe.park(Native Method)
        at java.util.concurrent.locks.LockSupport.parkNanos(LockSupport.java:215)
        at java.util.concurrent.locks.AbstractQueuedSynchronizer$ConditionObject.awaitNanos(AbstractQueuedSynchronizer.java:2078)
        at java.util.concurrent.ScheduledThreadPoolExecutor$DelayedWorkQueue.take(ScheduledThreadPoolExecutor.java:1093)
        at java.util.concurrent.ScheduledThreadPoolExecutor$DelayedWorkQueue.take(ScheduledThreadPoolExecutor.java:809)
        at java.util.concurrent.ThreadPoolExecutor.getTask(ThreadPoolExecutor.java:1074)
        at java.util.concurrent.ThreadPoolExecutor.runWorker(ThreadPoolExecutor.java:1134)
        at java.util.concurrent.ThreadPoolExecutor$Worker.run(ThreadPoolExecutor.java:624)
        at java.lang.Thread.run(Thread.java:748)
"org.apache.hadoop.util.JvmPauseMonitor$Monitor@12c6a81c" daemon prio=5 tid=178 timed_waiting
java.lang.Thread.State: TIMED_WAITING
        at java.lang.Thread.sleep(Native Method)
        at org.apache.hadoop.util.JvmPauseMonitor$Monitor.run(JvmPauseMonitor.java:192)
        at java.lang.Thread.run(Thread.java:748)
"ChunkWriter-1-0" daemon prio=5 tid=226 in Object.wait()
java.lang.Thread.State: WAITING (on object monitor)
        at sun.misc.Unsafe.park(Native Method)
        at java.util.concurrent.locks.LockSupport.park(LockSupport.java:175)
        at java.util.concurrent.locks.AbstractQueuedSynchronizer$ConditionObject.await(AbstractQueuedSynchronizer.java:2039)
        at java.util.concurrent.LinkedBlockingDeque.takeFirst(LinkedBlockingDeque.java:492)
        at java.util.concurrent.LinkedBlockingDeque.take(LinkedBlockingDeque.java:680)
        at java.util.concurrent.ThreadPoolExecutor.getTask(ThreadPoolExecutor.java:1074)
        at java.util.concurrent.ThreadPoolExecutor.runWorker(ThreadPoolExecutor.java:1134)
        at java.util.concurrent.ThreadPoolExecutor$Worker.run(ThreadPoolExecutor.java:624)
        at java.lang.Thread.run(Thread.java:748)
"EventQueue-Safe mode statusForSCMClientProtocolServer"  prio=5 tid=30 in Object.wait()
java.lang.Thread.State: WAITING (on object monitor)
        at sun.misc.Unsafe.park(Native Method)
        at java.util.concurrent.locks.LockSupport.park(LockSupport.java:175)
        at java.util.concurrent.locks.AbstractQueuedSynchronizer$ConditionObject.await(AbstractQueuedSynchronizer.java:2039)
        at java.util.concurrent.LinkedBlockingQueue.take(LinkedBlockingQueue.java:442)
        at java.util.concurrent.ThreadPoolExecutor.getTask(ThreadPoolExecutor.java:1074)
        at java.util.concurrent.ThreadPoolExecutor.runWorker(ThreadPoolExecutor.java:1134)
        at java.util.concurrent.ThreadPoolExecutor$Worker.run(ThreadPoolExecutor.java:624)
        at java.lang.Thread.run(Thread.java:748)
"EventQueue-Safe mode statusForBlockManagerImpl"  prio=5 tid=29 in Object.wait()
java.lang.Thread.State: WAITING (on object monitor)
        at sun.misc.Unsafe.park(Native Method)
        at java.util.concurrent.locks.LockSupport.park(LockSupport.java:175)
        at java.util.concurrent.locks.AbstractQueuedSynchronizer$ConditionObject.await(AbstractQueuedSynchronizer.java:2039)
        at java.util.concurrent.LinkedBlockingQueue.take(LinkedBlockingQueue.java:442)
        at java.util.concurrent.ThreadPoolExecutor.getTask(ThreadPoolExecutor.java:1074)
        at java.util.concurrent.ThreadPoolExecutor.runWorker(ThreadPoolExecutor.java:1134)
        at java.util.concurrent.ThreadPoolExecutor$Worker.run(ThreadPoolExecutor.java:624)
        at java.lang.Thread.run(Thread.java:748)
"qtp448070390-146" daemon prio=5 tid=146 timed_waiting
java.lang.Thread.State: TIMED_WAITING
        at sun.misc.Unsafe.park(Native Method)
        at java.util.concurrent.locks.LockSupport.parkNanos(LockSupport.java:215)
        at java.util.concurrent.locks.AbstractQueuedSynchronizer$ConditionObject.awaitNanos(AbstractQueuedSynchronizer.java:2078)
        at org.eclipse.jetty.util.BlockingArrayQueue.poll(BlockingArrayQueue.java:382)
        at org.eclipse.jetty.util.thread.QueuedThreadPool$Runner.idleJobPoll(QueuedThreadPool.java:875)
        at org.eclipse.jetty.util.thread.QueuedThreadPool$Runner.run(QueuedThreadPool.java:925)
        at java.lang.Thread.run(Thread.java:748)
"KeyDeletingService#1" daemon prio=5 tid=121 in Object.wait()
java.lang.Thread.State: WAITING (on object monitor)
        at sun.misc.Unsafe.park(Native Method)
        at java.util.concurrent.locks.LockSupport.park(LockSupport.java:175)
        at java.util.concurrent.locks.AbstractQueuedSynchronizer$ConditionObject.await(AbstractQueuedSynchronizer.java:2039)
        at java.util.concurrent.ScheduledThreadPoolExecutor$DelayedWorkQueue.take(ScheduledThreadPoolExecutor.java:1088)
        at java.util.concurrent.ScheduledThreadPoolExecutor$DelayedWorkQueue.take(ScheduledThreadPoolExecutor.java:809)
        at java.util.concurrent.ThreadPoolExecutor.getTask(ThreadPoolExecutor.java:1074)
        at java.util.concurrent.ThreadPoolExecutor.runWorker(ThreadPoolExecutor.java:1134)
        at java.util.concurrent.ThreadPoolExecutor$Worker.run(ThreadPoolExecutor.java:624)
        at java.lang.Thread.run(Thread.java:748)
"IPC Server listener on 0" daemon prio=5 tid=112 runnable
java.lang.Thread.State: RUNNABLE
        at sun.nio.ch.EPollArrayWrapper.epollWait(Native Method)
        at sun.nio.ch.EPollArrayWrapper.poll(EPollArrayWrapper.java:269)
        at sun.nio.ch.EPollSelectorImpl.doSelect(EPollSelectorImpl.java:93)
        at sun.nio.ch.SelectorImpl.lockAndDoSelect(SelectorImpl.java:86)
        at sun.nio.ch.SelectorImpl.select(SelectorImpl.java:97)
        at sun.nio.ch.SelectorImpl.select(SelectorImpl.java:101)
        at org.apache.hadoop.ipc.Server$Listener.run(Server.java:1304)
"IPC Server handler 2 on default port 37665" daemon prio=5 tid=77 timed_waiting
java.lang.Thread.State: TIMED_WAITING
        at sun.misc.Unsafe.park(Native Method)
        at java.util.concurrent.locks.LockSupport.parkNanos(LockSupport.java:215)
        at java.util.concurrent.locks.AbstractQueuedSynchronizer$ConditionObject.awaitNanos(AbstractQueuedSynchronizer.java:2078)
        at java.util.concurrent.LinkedBlockingQueue.poll(LinkedBlockingQueue.java:467)
        at org.apache.hadoop.ipc.CallQueueManager.take(CallQueueManager.java:295)
        at org.apache.hadoop.ipc.Server$Handler.run(Server.java:2881)
"qtp448070390-143" daemon prio=5 tid=143 timed_waiting
java.lang.Thread.State: TIMED_WAITING
        at sun.misc.Unsafe.park(Native Method)
        at java.util.concurrent.locks.LockSupport.parkNanos(LockSupport.java:215)
        at java.util.concurrent.locks.AbstractQueuedSynchronizer$ConditionObject.awaitNanos(AbstractQueuedSynchronizer.java:2078)
        at org.eclipse.jetty.util.BlockingArrayQueue.poll(BlockingArrayQueue.java:382)
        at org.eclipse.jetty.util.thread.QueuedThreadPool$Runner.idleJobPoll(QueuedThreadPool.java:875)
        at org.eclipse.jetty.util.thread.QueuedThreadPool$Runner.run(QueuedThreadPool.java:925)
        at java.lang.Thread.run(Thread.java:748)
"IPC Server handler 4 on default port 41087" daemon prio=5 tid=59 timed_waiting
java.lang.Thread.State: TIMED_WAITING
        at sun.misc.Unsafe.park(Native Method)
        at java.util.concurrent.locks.LockSupport.parkNanos(LockSupport.java:215)
        at java.util.concurrent.locks.AbstractQueuedSynchronizer$ConditionObject.awaitNanos(AbstractQueuedSynchronizer.java:2078)
        at java.util.concurrent.LinkedBlockingQueue.poll(LinkedBlockingQueue.java:467)
        at org.apache.hadoop.ipc.CallQueueManager.take(CallQueueManager.java:295)
        at org.apache.hadoop.ipc.Server$Handler.run(Server.java:2881)
"Signal Dispatcher" daemon prio=9 tid=4 runnable
java.lang.Thread.State: RUNNABLE
"qtp490467503-165" daemon prio=5 tid=165 timed_waiting
java.lang.Thread.State: TIMED_WAITING
        at sun.misc.Unsafe.park(Native Method)
        at java.util.concurrent.locks.LockSupport.parkNanos(LockSupport.java:215)
        at java.util.concurrent.locks.AbstractQueuedSynchronizer$ConditionObject.awaitNanos(AbstractQueuedSynchronizer.java:2078)
        at org.eclipse.jetty.util.BlockingArrayQueue.poll(BlockingArrayQueue.java:382)
        at org.eclipse.jetty.util.thread.QueuedThreadPool$Runner.idleJobPoll(QueuedThreadPool.java:875)
        at org.eclipse.jetty.util.thread.QueuedThreadPool$Runner.run(QueuedThreadPool.java:925)
        at java.lang.Thread.run(Thread.java:748)
"qtp448070390-144" daemon prio=5 tid=144 timed_waiting
java.lang.Thread.State: TIMED_WAITING
        at sun.misc.Unsafe.park(Native Method)
        at java.util.concurrent.locks.LockSupport.parkNanos(LockSupport.java:215)
        at java.util.concurrent.locks.AbstractQueuedSynchronizer$ConditionObject.awaitNanos(AbstractQueuedSynchronizer.java:2078)
        at org.eclipse.jetty.util.BlockingArrayQueue.poll(BlockingArrayQueue.java:382)
        at org.eclipse.jetty.util.thread.QueuedThreadPool$Runner.idleJobPoll(QueuedThreadPool.java:875)
        at org.eclipse.jetty.util.thread.QueuedThreadPool$Runner.run(QueuedThreadPool.java:925)
        at java.lang.Thread.run(Thread.java:748)
"IPC Server handler 14 on default port 36455" daemon prio=5 tid=134 timed_waiting
java.lang.Thread.State: TIMED_WAITING
        at sun.misc.Unsafe.park(Native Method)
        at java.util.concurrent.locks.LockSupport.parkNanos(LockSupport.java:215)
        at java.util.concurrent.locks.AbstractQueuedSynchronizer$ConditionObject.awaitNanos(AbstractQueuedSynchronizer.java:2078)
        at java.util.concurrent.LinkedBlockingQueue.poll(LinkedBlockingQueue.java:467)
        at org.apache.hadoop.ipc.CallQueueManager.take(CallQueueManager.java:295)
        at org.apache.hadoop.ipc.Server$Handler.run(Server.java:2881)
"IPC Server handler 6 on default port 45051" daemon prio=5 tid=41 timed_waiting
java.lang.Thread.State: TIMED_WAITING
        at sun.misc.Unsafe.park(Native Method)
        at java.util.concurrent.locks.LockSupport.parkNanos(LockSupport.java:215)
        at java.util.concurrent.locks.AbstractQueuedSynchronizer$ConditionObject.awaitNanos(AbstractQueuedSynchronizer.java:2078)
        at java.util.concurrent.LinkedBlockingQueue.poll(LinkedBlockingQueue.java:467)
        at org.apache.hadoop.ipc.CallQueueManager.take(CallQueueManager.java:295)
        at org.apache.hadoop.ipc.Server$Handler.run(Server.java:2881)
"qtp448070390-148" daemon prio=5 tid=148 timed_waiting
java.lang.Thread.State: TIMED_WAITING
        at sun.misc.Unsafe.park(Native Method)
        at java.util.concurrent.locks.LockSupport.parkNanos(LockSupport.java:215)
        at java.util.concurrent.locks.AbstractQueuedSynchronizer$ConditionObject.awaitNanos(AbstractQueuedSynchronizer.java:2078)
        at org.eclipse.jetty.util.BlockingArrayQueue.poll(BlockingArrayQueue.java:382)
        at org.eclipse.jetty.util.thread.QueuedThreadPool$Runner.idleJobPoll(QueuedThreadPool.java:875)
        at org.eclipse.jetty.util.thread.QueuedThreadPool$Runner.run(QueuedThreadPool.java:925)
        at java.lang.Thread.run(Thread.java:748)
"qtp162320368-101" daemon prio=5 tid=101 timed_waiting
java.lang.Thread.State: TIMED_WAITING
        at sun.misc.Unsafe.park(Native Method)
        at java.util.concurrent.locks.LockSupport.parkNanos(LockSupport.java:215)
        at java.util.concurrent.locks.AbstractQueuedSynchronizer$ConditionObject.awaitNanos(AbstractQueuedSynchronizer.java:2078)
        at org.eclipse.jetty.util.BlockingArrayQueue.poll(BlockingArrayQueue.java:382)
        at org.eclipse.jetty.util.thread.QueuedThreadPool$Runner.idleJobPoll(QueuedThreadPool.java:875)
        at org.eclipse.jetty.util.thread.QueuedThreadPool$Runner.run(QueuedThreadPool.java:925)
        at java.lang.Thread.run(Thread.java:748)
"IPC Server handler 3 on default port 36455" daemon prio=5 tid=123 timed_waiting
java.lang.Thread.State: TIMED_WAITING
        at sun.misc.Unsafe.park(Native Method)
        at java.util.concurrent.locks.LockSupport.parkNanos(LockSupport.java:215)
        at java.util.concurrent.locks.AbstractQueuedSynchronizer$ConditionObject.awaitNanos(AbstractQueuedSynchronizer.java:2078)
        at java.util.concurrent.LinkedBlockingQueue.poll(LinkedBlockingQueue.java:467)
        at org.apache.hadoop.ipc.CallQueueManager.take(CallQueueManager.java:295)
        at org.apache.hadoop.ipc.Server$Handler.run(Server.java:2881)
"org.apache.hadoop.util.JvmPauseMonitor$Monitor@6b349a2e" daemon prio=5 tid=222 timed_waiting
java.lang.Thread.State: TIMED_WAITING
        at java.lang.Thread.sleep(Native Method)
        at org.apache.hadoop.util.JvmPauseMonitor$Monitor.run(JvmPauseMonitor.java:192)
        at java.lang.Thread.run(Thread.java:748)
"IPC Server handler 15 on default port 41087" daemon prio=5 tid=70 timed_waiting
java.lang.Thread.State: TIMED_WAITING
        at sun.misc.Unsafe.park(Native Method)
        at java.util.concurrent.locks.LockSupport.parkNanos(LockSupport.java:215)
        at java.util.concurrent.locks.AbstractQueuedSynchronizer$ConditionObject.awaitNanos(AbstractQueuedSynchronizer.java:2078)
        at java.util.concurrent.LinkedBlockingQueue.poll(LinkedBlockingQueue.java:467)
        at org.apache.hadoop.ipc.CallQueueManager.take(CallQueueManager.java:295)
        at org.apache.hadoop.ipc.Server$Handler.run(Server.java:2881)
"surefire-forkedjvm-ping-30s" daemon prio=5 tid=10 timed_waiting
java.lang.Thread.State: TIMED_WAITING
        at sun.misc.Unsafe.park(Native Method)
        at java.util.concurrent.locks.LockSupport.parkNanos(LockSupport.java:215)
        at java.util.concurrent.locks.AbstractQueuedSynchronizer$ConditionObject.awaitNanos(AbstractQueuedSynchronizer.java:2078)
        at java.util.concurrent.ScheduledThreadPoolExecutor$DelayedWorkQueue.take(ScheduledThreadPoolExecutor.java:1093)
        at java.util.concurrent.ScheduledThreadPoolExecutor$DelayedWorkQueue.take(ScheduledThreadPoolExecutor.java:809)
        at java.util.concurrent.ThreadPoolExecutor.getTask(ThreadPoolExecutor.java:1074)
        at java.util.concurrent.ThreadPoolExecutor.runWorker(ThreadPoolExecutor.java:1134)
        at java.util.concurrent.ThreadPoolExecutor$Worker.run(ThreadPoolExecutor.java:624)
        at java.lang.Thread.run(Thread.java:748)
"ChunkWriter-0-0" daemon prio=5 tid=238 in Object.wait()
java.lang.Thread.State: WAITING (on object monitor)
        at sun.misc.Unsafe.park(Native Method)
        at java.util.concurrent.locks.LockSupport.park(LockSupport.java:175)
        at java.util.concurrent.locks.AbstractQueuedSynchronizer$ConditionObject.await(AbstractQueuedSynchronizer.java:2039)
        at java.util.concurrent.LinkedBlockingDeque.takeFirst(LinkedBlockingDeque.java:492)
        at java.util.concurrent.LinkedBlockingDeque.take(LinkedBlockingDeque.java:680)
        at java.util.concurrent.ThreadPoolExecutor.getTask(ThreadPoolExecutor.java:1074)
        at java.util.concurrent.ThreadPoolExecutor.runWorker(ThreadPoolExecutor.java:1134)
        at java.util.concurrent.ThreadPoolExecutor$Worker.run(ThreadPoolExecutor.java:624)
        at java.lang.Thread.run(Thread.java:748)
"IPC Server handler 9 on default port 36455" daemon prio=5 tid=129 timed_waiting
java.lang.Thread.State: TIMED_WAITING
        at sun.misc.Unsafe.park(Native Method)
        at java.util.concurrent.locks.LockSupport.parkNanos(LockSupport.java:215)
        at java.util.concurrent.locks.AbstractQueuedSynchronizer$ConditionObject.awaitNanos(AbstractQueuedSynchronizer.java:2078)
        at java.util.concurrent.LinkedBlockingQueue.poll(LinkedBlockingQueue.java:467)
        at org.apache.hadoop.ipc.CallQueueManager.take(CallQueueManager.java:295)
        at org.apache.hadoop.ipc.Server$Handler.run(Server.java:2881)
"IPC Server handler 8 on default port 45051" daemon prio=5 tid=43 timed_waiting
java.lang.Thread.State: TIMED_WAITING
        at sun.misc.Unsafe.park(Native Method)
        at java.util.concurrent.locks.LockSupport.parkNanos(LockSupport.java:215)
        at java.util.concurrent.locks.AbstractQueuedSynchronizer$ConditionObject.awaitNanos(AbstractQueuedSynchronizer.java:2078)
        at java.util.concurrent.LinkedBlockingQueue.poll(LinkedBlockingQueue.java:467)
        at org.apache.hadoop.ipc.CallQueueManager.take(CallQueueManager.java:295)
        at org.apache.hadoop.ipc.Server$Handler.run(Server.java:2881)
"qtp934985972-187" daemon prio=5 tid=187 timed_waiting
java.lang.Thread.State: TIMED_WAITING
        at sun.misc.Unsafe.park(Native Method)
        at java.util.concurrent.locks.LockSupport.parkNanos(LockSupport.java:215)
        at java.util.concurrent.locks.AbstractQueuedSynchronizer$ConditionObject.awaitNanos(AbstractQueuedSynchronizer.java:2078)
        at org.eclipse.jetty.util.BlockingArrayQueue.poll(BlockingArrayQueue.java:382)
        at org.eclipse.jetty.util.thread.QueuedThreadPool$Runner.idleJobPoll(QueuedThreadPool.java:875)
        at org.eclipse.jetty.util.thread.QueuedThreadPool$Runner.run(QueuedThreadPool.java:925)
        at java.lang.Thread.run(Thread.java:748)
"IPC Server handler 4 on default port 37665" daemon prio=5 tid=79 timed_waiting
java.lang.Thread.State: TIMED_WAITING
        at sun.misc.Unsafe.park(Native Method)
        at java.util.concurrent.locks.LockSupport.parkNanos(LockSupport.java:215)
        at java.util.concurrent.locks.AbstractQueuedSynchronizer$ConditionObject.awaitNanos(AbstractQueuedSynchronizer.java:2078)
        at java.util.concurrent.LinkedBlockingQueue.poll(LinkedBlockingQueue.java:467)
        at org.apache.hadoop.ipc.CallQueueManager.take(CallQueueManager.java:295)
        at org.apache.hadoop.ipc.Server$Handler.run(Server.java:2881)
"ChunkWriter-1-0" daemon prio=5 tid=232 in Object.wait()
java.lang.Thread.State: WAITING (on object monitor)
        at sun.misc.Unsafe.park(Native Method)
        at java.util.concurrent.locks.LockSupport.park(LockSupport.java:175)
        at java.util.concurrent.locks.AbstractQueuedSynchronizer$ConditionObject.await(AbstractQueuedSynchronizer.java:2039)
        at java.util.concurrent.LinkedBlockingDeque.takeFirst(LinkedBlockingDeque.java:492)
        at java.util.concurrent.LinkedBlockingDeque.take(LinkedBlockingDeque.java:680)
        at java.util.concurrent.ThreadPoolExecutor.getTask(ThreadPoolExecutor.java:1074)
        at java.util.concurrent.ThreadPoolExecutor.runWorker(ThreadPoolExecutor.java:1134)
        at java.util.concurrent.ThreadPoolExecutor$Worker.run(ThreadPoolExecutor.java:624)
        at java.lang.Thread.run(Thread.java:748)
"IPC Server handler 12 on default port 37665" daemon prio=5 tid=87 timed_waiting
java.lang.Thread.State: TIMED_WAITING
        at sun.misc.Unsafe.park(Native Method)
        at java.util.concurrent.locks.LockSupport.parkNanos(LockSupport.java:215)
        at java.util.concurrent.locks.AbstractQueuedSynchronizer$ConditionObject.awaitNanos(AbstractQueuedSynchronizer.java:2078)
        at java.util.concurrent.LinkedBlockingQueue.poll(LinkedBlockingQueue.java:467)
        at org.apache.hadoop.ipc.CallQueueManager.take(CallQueueManager.java:295)
        at org.apache.hadoop.ipc.Server$Handler.run(Server.java:2881)
"pool-67-thread-1"  prio=5 tid=265 in Object.wait()
java.lang.Thread.State: WAITING (on object monitor)
        at sun.misc.Unsafe.park(Native Method)
        at java.util.concurrent.locks.LockSupport.park(LockSupport.java:175)
        at java.util.concurrent.locks.AbstractQueuedSynchronizer$ConditionObject.await(AbstractQueuedSynchronizer.java:2039)
        at java.util.concurrent.LinkedBlockingQueue.take(LinkedBlockingQueue.java:442)
        at java.util.concurrent.ThreadPoolExecutor.getTask(ThreadPoolExecutor.java:1074)
        at java.util.concurrent.ThreadPoolExecutor.runWorker(ThreadPoolExecutor.java:1134)
        at java.util.concurrent.ThreadPoolExecutor$Worker.run(ThreadPoolExecutor.java:624)
        at java.lang.Thread.run(Thread.java:748)
"EventQueue-DatanodeCommandForSCMNodeManager"  prio=5 tid=249 in Object.wait()
java.lang.Thread.State: WAITING (on object monitor)
        at sun.misc.Unsafe.park(Native Method)
        at java.util.concurrent.locks.LockSupport.park(LockSupport.java:175)
        at java.util.concurrent.locks.AbstractQueuedSynchronizer$ConditionObject.await(AbstractQueuedSynchronizer.java:2039)
        at java.util.concurrent.LinkedBlockingQueue.take(LinkedBlockingQueue.java:442)
        at java.util.concurrent.ThreadPoolExecutor.getTask(ThreadPoolExecutor.java:1074)
        at java.util.concurrent.ThreadPoolExecutor.runWorker(ThreadPoolExecutor.java:1134)
        at java.util.concurrent.ThreadPoolExecutor$Worker.run(ThreadPoolExecutor.java:624)
        at java.lang.Thread.run(Thread.java:748)
"Command processor thread" daemon prio=5 tid=201 runnable
java.lang.Thread.State: RUNNABLE
        at org.apache.hadoop.ozone.container.common.statemachine.DatanodeStateMachine.lambda$initCommandHandlerThread$1(DatanodeStateMachine.java:472)
        at org.apache.hadoop.ozone.container.common.statemachine.DatanodeStateMachine$$Lambda$171/1907114809.run(Unknown Source)
        at java.lang.Thread.run(Thread.java:748)
"Thread-204" daemon prio=5 tid=295 timed_waiting
java.lang.Thread.State: TIMED_WAITING
        at sun.misc.Unsafe.park(Native Method)
        at java.util.concurrent.locks.LockSupport.parkNanos(LockSupport.java:215)
        at java.util.concurrent.locks.AbstractQueuedSynchronizer$ConditionObject.awaitNanos(AbstractQueuedSynchronizer.java:2078)
        at java.util.concurrent.ArrayBlockingQueue.poll(ArrayBlockingQueue.java:418)
        at org.apache.ratis.server.impl.LeaderState$EventQueue.poll(LeaderState.java:121)
        at org.apache.ratis.server.impl.LeaderState$EventProcessor.run(LeaderState.java:496)
"ChunkWriter-2-0" daemon prio=5 tid=233 in Object.wait()
java.lang.Thread.State: WAITING (on object monitor)
        at sun.misc.Unsafe.park(Native Method)
        at java.util.concurrent.locks.LockSupport.park(LockSupport.java:175)
        at java.util.concurrent.locks.AbstractQueuedSynchronizer$ConditionObject.await(AbstractQueuedSynchronizer.java:2039)
        at java.util.concurrent.LinkedBlockingDeque.takeFirst(LinkedBlockingDeque.java:492)
        at java.util.concurrent.LinkedBlockingDeque.take(LinkedBlockingDeque.java:680)
        at java.util.concurrent.ThreadPoolExecutor.getTask(ThreadPoolExecutor.java:1074)
        at java.util.concurrent.ThreadPoolExecutor.runWorker(ThreadPoolExecutor.java:1134)
        at java.util.concurrent.ThreadPoolExecutor$Worker.run(ThreadPoolExecutor.java:624)
        at java.lang.Thread.run(Thread.java:748)
"qtp448070390-147" daemon prio=5 tid=147 timed_waiting
java.lang.Thread.State: TIMED_WAITING
        at sun.misc.Unsafe.park(Native Method)
        at java.util.concurrent.locks.LockSupport.parkNanos(LockSupport.java:215)
        at java.util.concurrent.locks.AbstractQueuedSynchronizer$ConditionObject.awaitNanos(AbstractQueuedSynchronizer.java:2078)
        at org.eclipse.jetty.util.BlockingArrayQueue.poll(BlockingArrayQueue.java:382)
        at org.eclipse.jetty.util.thread.QueuedThreadPool$Runner.idleJobPoll(QueuedThreadPool.java:875)
        at org.eclipse.jetty.util.thread.QueuedThreadPool$Runner.run(QueuedThreadPool.java:925)
        at java.lang.Thread.run(Thread.java:748)
"IPC Server handler 15 on default port 36455" daemon prio=5 tid=135 timed_waiting
java.lang.Thread.State: TIMED_WAITING
        at sun.misc.Unsafe.park(Native Method)
        at java.util.concurrent.locks.LockSupport.parkNanos(LockSupport.java:215)
        at java.util.concurrent.locks.AbstractQueuedSynchronizer$ConditionObject.awaitNanos(AbstractQueuedSynchronizer.java:2078)
        at java.util.concurrent.LinkedBlockingQueue.poll(LinkedBlockingQueue.java:467)
        at org.apache.hadoop.ipc.CallQueueManager.take(CallQueueManager.java:295)
        at org.apache.hadoop.ipc.Server$Handler.run(Server.java:2881)
"ChunkWriter-0-0" daemon prio=5 tid=225 in Object.wait()
java.lang.Thread.State: WAITING (on object monitor)
        at sun.misc.Unsafe.park(Native Method)
        at java.util.concurrent.locks.LockSupport.park(LockSupport.java:175)
        at java.util.concurrent.locks.AbstractQueuedSynchronizer$ConditionObject.await(AbstractQueuedSynchronizer.java:2039)
        at java.util.concurrent.LinkedBlockingDeque.takeFirst(LinkedBlockingDeque.java:492)
        at java.util.concurrent.LinkedBlockingDeque.take(LinkedBlockingDeque.java:680)
        at java.util.concurrent.ThreadPoolExecutor.getTask(ThreadPoolExecutor.java:1074)
        at java.util.concurrent.ThreadPoolExecutor.runWorker(ThreadPoolExecutor.java:1134)
        at java.util.concurrent.ThreadPoolExecutor$Worker.run(ThreadPoolExecutor.java:624)
        at java.lang.Thread.run(Thread.java:748)
"Periodic HDDS volume checker" daemon prio=5 tid=153 timed_waiting
java.lang.Thread.State: TIMED_WAITING
        at sun.misc.Unsafe.park(Native Method)
        at java.util.concurrent.locks.LockSupport.parkNanos(LockSupport.java:215)
        at java.util.concurrent.locks.AbstractQueuedSynchronizer$ConditionObject.awaitNanos(AbstractQueuedSynchronizer.java:2078)
        at java.util.concurrent.ScheduledThreadPoolExecutor$DelayedWorkQueue.take(ScheduledThreadPoolExecutor.java:1093)
        at java.util.concurrent.ScheduledThreadPoolExecutor$DelayedWorkQueue.take(ScheduledThreadPoolExecutor.java:809)
        at java.util.concurrent.ThreadPoolExecutor.getTask(ThreadPoolExecutor.java:1074)
        at java.util.concurrent.ThreadPoolExecutor.runWorker(ThreadPoolExecutor.java:1134)
        at java.util.concurrent.ThreadPoolExecutor$Worker.run(ThreadPoolExecutor.java:624)
        at java.lang.Thread.run(Thread.java:748)
"IPC Server handler 6 on default port 41087" daemon prio=5 tid=61 timed_waiting
java.lang.Thread.State: TIMED_WAITING
        at sun.misc.Unsafe.park(Native Method)
        at java.util.concurrent.locks.LockSupport.parkNanos(LockSupport.java:215)
        at java.util.concurrent.locks.AbstractQueuedSynchronizer$ConditionObject.awaitNanos(AbstractQueuedSynchronizer.java:2078)
        at java.util.concurrent.LinkedBlockingQueue.poll(LinkedBlockingQueue.java:467)
        at org.apache.hadoop.ipc.CallQueueManager.take(CallQueueManager.java:295)
        at org.apache.hadoop.ipc.Server$Handler.run(Server.java:2881)
"qtp448070390-142-acceptor-0@338dccb8-ServerConnector@6f1163f7{HTTP/1.1,[http/1.1]}{0.0.0.0:46471}" daemon prio=3 tid=142 runnable
java.lang.Thread.State: RUNNABLE
        at sun.nio.ch.ServerSocketChannelImpl.accept0(Native Method)
        at sun.nio.ch.ServerSocketChannelImpl.accept(ServerSocketChannelImpl.java:422)
        at sun.nio.ch.ServerSocketChannelImpl.accept(ServerSocketChannelImpl.java:250)
        at org.eclipse.jetty.server.ServerConnector.accept(ServerConnector.java:385)
        at org.eclipse.jetty.server.AbstractConnector$Acceptor.run(AbstractConnector.java:701)
        at org.eclipse.jetty.util.thread.QueuedThreadPool.runJob(QueuedThreadPool.java:806)
        at org.eclipse.jetty.util.thread.QueuedThreadPool$Runner.run(QueuedThreadPool.java:938)
        at java.lang.Thread.run(Thread.java:748)
"EventQueue-Delayed safe mode statusForSCMPipelineManager"  prio=5 tid=31 in Object.wait()
java.lang.Thread.State: WAITING (on object monitor)
        at sun.misc.Unsafe.park(Native Method)
        at java.util.concurrent.locks.LockSupport.park(LockSupport.java:175)
        at java.util.concurrent.locks.AbstractQueuedSynchronizer$ConditionObject.await(AbstractQueuedSynchronizer.java:2039)
        at java.util.concurrent.LinkedBlockingQueue.take(LinkedBlockingQueue.java:442)
        at java.util.concurrent.ThreadPoolExecutor.getTask(ThreadPoolExecutor.java:1074)
        at java.util.concurrent.ThreadPoolExecutor.runWorker(ThreadPoolExecutor.java:1134)
        at java.util.concurrent.ThreadPoolExecutor$Worker.run(ThreadPoolExecutor.java:624)
        at java.lang.Thread.run(Thread.java:748)
"IPC Server idle connection scanner for port 41087" daemon prio=5 tid=22 timed_waiting
java.lang.Thread.State: TIMED_WAITING
        at java.lang.Object.wait(Native Method)
        at java.util.TimerThread.mainLoop(Timer.java:552)
        at java.util.TimerThread.run(Timer.java:505)
"SCMBlockDeletingService#1" daemon prio=5 tid=108 in Object.wait()
java.lang.Thread.State: WAITING (on object monitor)
        at sun.misc.Unsafe.park(Native Method)
        at java.util.concurrent.locks.LockSupport.park(LockSupport.java:175)
        at java.util.concurrent.locks.AbstractQueuedSynchronizer$ConditionObject.await(AbstractQueuedSynchronizer.java:2039)
        at java.util.concurrent.ScheduledThreadPoolExecutor$DelayedWorkQueue.take(ScheduledThreadPoolExecutor.java:1088)
        at java.util.concurrent.ScheduledThreadPoolExecutor$DelayedWorkQueue.take(ScheduledThreadPoolExecutor.java:809)
        at java.util.concurrent.ThreadPoolExecutor.getTask(ThreadPoolExecutor.java:1074)
        at java.util.concurrent.ThreadPoolExecutor.runWorker(ThreadPoolExecutor.java:1134)
        at java.util.concurrent.ThreadPoolExecutor$Worker.run(ThreadPoolExecutor.java:624)
        at java.lang.Thread.run(Thread.java:748)
"CommandWatcher-LeaseManager#LeaseMonitor" daemon prio=5 tid=34 timed_waiting
java.lang.Thread.State: TIMED_WAITING
        at java.lang.Thread.sleep(Native Method)
        at org.apache.hadoop.ozone.lease.LeaseManager$LeaseMonitor.run(LeaseManager.java:234)
        at java.lang.Thread.run(Thread.java:748)
"pool-39-thread-1"  prio=5 tid=157 timed_waiting
java.lang.Thread.State: TIMED_WAITING
        at sun.misc.Unsafe.park(Native Method)
        at java.util.concurrent.locks.LockSupport.parkNanos(LockSupport.java:215)
        at java.util.concurrent.locks.AbstractQueuedSynchronizer$ConditionObject.awaitNanos(AbstractQueuedSynchronizer.java:2078)
        at java.util.concurrent.ScheduledThreadPoolExecutor$DelayedWorkQueue.take(ScheduledThreadPoolExecutor.java:1093)
        at java.util.concurrent.ScheduledThreadPoolExecutor$DelayedWorkQueue.take(ScheduledThreadPoolExecutor.java:809)
        at java.util.concurrent.ThreadPoolExecutor.getTask(ThreadPoolExecutor.java:1074)
        at java.util.concurrent.ThreadPoolExecutor.runWorker(ThreadPoolExecutor.java:1134)
        at java.util.concurrent.ThreadPoolExecutor$Worker.run(ThreadPoolExecutor.java:624)
        at java.lang.Thread.run(Thread.java:748)
"IPC Server handler 8 on default port 41087" daemon prio=5 tid=63 timed_waiting
java.lang.Thread.State: TIMED_WAITING
        at sun.misc.Unsafe.park(Native Method)
        at java.util.concurrent.locks.LockSupport.parkNanos(LockSupport.java:215)
        at java.util.concurrent.locks.AbstractQueuedSynchronizer$ConditionObject.awaitNanos(AbstractQueuedSynchronizer.java:2078)
        at java.util.concurrent.LinkedBlockingQueue.poll(LinkedBlockingQueue.java:467)
        at org.apache.hadoop.ipc.CallQueueManager.take(CallQueueManager.java:295)
        at org.apache.hadoop.ipc.Server$Handler.run(Server.java:2881)
"Datanode ReportManager Thread - 0" daemon prio=5 tid=217 timed_waiting
java.lang.Thread.State: TIMED_WAITING
        at sun.misc.Unsafe.park(Native Method)
        at java.util.concurrent.locks.LockSupport.parkNanos(LockSupport.java:215)
        at java.util.concurrent.locks.AbstractQueuedSynchronizer$ConditionObject.awaitNanos(AbstractQueuedSynchronizer.java:2078)
        at java.util.concurrent.ScheduledThreadPoolExecutor$DelayedWorkQueue.take(ScheduledThreadPoolExecutor.java:1093)
        at java.util.concurrent.ScheduledThreadPoolExecutor$DelayedWorkQueue.take(ScheduledThreadPoolExecutor.java:809)
        at java.util.concurrent.ThreadPoolExecutor.getTask(ThreadPoolExecutor.java:1074)
        at java.util.concurrent.ThreadPoolExecutor.runWorker(ThreadPoolExecutor.java:1134)
        at java.util.concurrent.ThreadPoolExecutor$Worker.run(ThreadPoolExecutor.java:624)
        at java.lang.Thread.run(Thread.java:748)
"Timer for 'StorageContainerManager' metrics system" daemon prio=5 tid=33 timed_waiting
java.lang.Thread.State: TIMED_WAITING
        at java.lang.Object.wait(Native Method)
        at java.util.TimerThread.mainLoop(Timer.java:552)
        at java.util.TimerThread.run(Timer.java:505)
"Command processor thread" daemon prio=5 tid=221 runnable
java.lang.Thread.State: RUNNABLE
        at org.apache.hadoop.ozone.container.common.statemachine.DatanodeStateMachine.lambda$initCommandHandlerThread$1(DatanodeStateMachine.java:472)
        at org.apache.hadoop.ozone.container.common.statemachine.DatanodeStateMachine$$Lambda$171/1907114809.run(Unknown Source)
        at java.lang.Thread.run(Thread.java:748)
"IPC Server handler 2 on default port 45051" daemon prio=5 tid=37 timed_waiting
java.lang.Thread.State: TIMED_WAITING
        at sun.misc.Unsafe.park(Native Method)
        at java.util.concurrent.locks.LockSupport.parkNanos(LockSupport.java:215)
        at java.util.concurrent.locks.AbstractQueuedSynchronizer$ConditionObject.awaitNanos(AbstractQueuedSynchronizer.java:2078)
        at java.util.concurrent.LinkedBlockingQueue.poll(LinkedBlockingQueue.java:467)
        at org.apache.hadoop.ipc.CallQueueManager.take(CallQueueManager.java:295)
        at org.apache.hadoop.ipc.Server$Handler.run(Server.java:2881)
"IPC Server handler 19 on default port 41087" daemon prio=5 tid=74 timed_waiting
java.lang.Thread.State: TIMED_WAITING
        at sun.misc.Unsafe.park(Native Method)
        at java.util.concurrent.locks.LockSupport.parkNanos(LockSupport.java:215)
        at java.util.concurrent.locks.AbstractQueuedSynchronizer$ConditionObject.awaitNanos(AbstractQueuedSynchronizer.java:2078)
        at java.util.concurrent.LinkedBlockingQueue.poll(LinkedBlockingQueue.java:467)
        at org.apache.hadoop.ipc.CallQueueManager.take(CallQueueManager.java:295)
        at org.apache.hadoop.ipc.Server$Handler.run(Server.java:2881)
"pool-10-thread-1"  prio=5 tid=104 timed_waiting
java.lang.Thread.State: TIMED_WAITING
        at sun.misc.Unsafe.park(Native Method)
        at java.util.concurrent.locks.LockSupport.parkNanos(LockSupport.java:215)
        at java.util.concurrent.locks.AbstractQueuedSynchronizer$ConditionObject.awaitNanos(AbstractQueuedSynchronizer.java:2078)
        at java.util.concurrent.ScheduledThreadPoolExecutor$DelayedWorkQueue.take(ScheduledThreadPoolExecutor.java:1093)
        at java.util.concurrent.ScheduledThreadPoolExecutor$DelayedWorkQueue.take(ScheduledThreadPoolExecutor.java:809)
        at java.util.concurrent.ThreadPoolExecutor.getTask(ThreadPoolExecutor.java:1074)
        at java.util.concurrent.ThreadPoolExecutor.runWorker(ThreadPoolExecutor.java:1134)
        at java.util.concurrent.ThreadPoolExecutor$Worker.run(ThreadPoolExecutor.java:624)
        at java.lang.Thread.run(Thread.java:748)
"IPC Server idle connection scanner for port 36455" daemon prio=5 tid=114 timed_waiting
java.lang.Thread.State: TIMED_WAITING
        at java.lang.Object.wait(Native Method)
        at java.util.TimerThread.mainLoop(Timer.java:552)
        at java.util.TimerThread.run(Timer.java:505)
"qtp162320368-99" daemon prio=5 tid=99 timed_waiting
java.lang.Thread.State: TIMED_WAITING
        at sun.misc.Unsafe.park(Native Method)
        at java.util.concurrent.locks.LockSupport.parkNanos(LockSupport.java:215)
        at java.util.concurrent.locks.AbstractQueuedSynchronizer$ConditionObject.awaitNanos(AbstractQueuedSynchronizer.java:2078)
        at org.eclipse.jetty.util.BlockingArrayQueue.poll(BlockingArrayQueue.java:382)
        at org.eclipse.jetty.util.thread.QueuedThreadPool$Runner.idleJobPoll(QueuedThreadPool.java:875)
        at org.eclipse.jetty.util.thread.QueuedThreadPool$Runner.run(QueuedThreadPool.java:925)
        at java.lang.Thread.run(Thread.java:748)
"qtp934985972-189" daemon prio=5 tid=189 timed_waiting
java.lang.Thread.State: TIMED_WAITING
        at sun.misc.Unsafe.park(Native Method)
        at java.util.concurrent.locks.LockSupport.parkNanos(LockSupport.java:215)
        at java.util.concurrent.locks.AbstractQueuedSynchronizer$ConditionObject.awaitNanos(AbstractQueuedSynchronizer.java:2078)
        at org.eclipse.jetty.util.BlockingArrayQueue.poll(BlockingArrayQueue.java:382)
        at org.eclipse.jetty.util.thread.QueuedThreadPool$Runner.idleJobPoll(QueuedThreadPool.java:875)
        at org.eclipse.jetty.util.thread.QueuedThreadPool$Runner.run(QueuedThreadPool.java:925)
        at java.lang.Thread.run(Thread.java:748)
"IPC Server handler 9 on default port 41087" daemon prio=5 tid=64 timed_waiting
java.lang.Thread.State: TIMED_WAITING
        at sun.misc.Unsafe.park(Native Method)
        at java.util.concurrent.locks.LockSupport.parkNanos(LockSupport.java:215)
        at java.util.concurrent.locks.AbstractQueuedSynchronizer$ConditionObject.awaitNanos(AbstractQueuedSynchronizer.java:2078)
        at java.util.concurrent.LinkedBlockingQueue.poll(LinkedBlockingQueue.java:467)
        at org.apache.hadoop.ipc.CallQueueManager.take(CallQueueManager.java:295)
        at org.apache.hadoop.ipc.Server$Handler.run(Server.java:2881)
"Thread-200" daemon prio=5 tid=291 timed_waiting
java.lang.Thread.State: TIMED_WAITING
        at sun.misc.Unsafe.park(Native Method)
        at java.util.concurrent.locks.LockSupport.parkNanos(LockSupport.java:215)
        at java.util.concurrent.locks.AbstractQueuedSynchronizer$ConditionObject.awaitNanos(AbstractQueuedSynchronizer.java:2078)
        at java.util.concurrent.ArrayBlockingQueue.poll(ArrayBlockingQueue.java:418)
        at org.apache.ratis.server.impl.LeaderState$EventQueue.poll(LeaderState.java:121)
        at org.apache.ratis.server.impl.LeaderState$EventProcessor.run(LeaderState.java:496)
"Periodic HDDS volume checker" daemon prio=5 tid=194 timed_waiting
java.lang.Thread.State: TIMED_WAITING
        at sun.misc.Unsafe.park(Native Method)
        at java.util.concurrent.locks.LockSupport.parkNanos(LockSupport.java:215)
        at java.util.concurrent.locks.AbstractQueuedSynchronizer$ConditionObject.awaitNanos(AbstractQueuedSynchronizer.java:2078)
        at java.util.concurrent.ScheduledThreadPoolExecutor$DelayedWorkQueue.take(ScheduledThreadPoolExecutor.java:1093)
        at java.util.concurrent.ScheduledThreadPoolExecutor$DelayedWorkQueue.take(ScheduledThreadPoolExecutor.java:809)
        at java.util.concurrent.ThreadPoolExecutor.getTask(ThreadPoolExecutor.java:1074)
        at java.util.concurrent.ThreadPoolExecutor.runWorker(ThreadPoolExecutor.java:1134)
        at java.util.concurrent.ThreadPoolExecutor$Worker.run(ThreadPoolExecutor.java:624)
        at java.lang.Thread.run(Thread.java:748)
"IPC Server listener on 0" daemon prio=5 tid=20 runnable
java.lang.Thread.State: RUNNABLE
        at sun.nio.ch.EPollArrayWrapper.epollWait(Native Method)
        at sun.nio.ch.EPollArrayWrapper.poll(EPollArrayWrapper.java:269)
        at sun.nio.ch.EPollSelectorImpl.doSelect(EPollSelectorImpl.java:93)
        at sun.nio.ch.SelectorImpl.lockAndDoSelect(SelectorImpl.java:86)
        at sun.nio.ch.SelectorImpl.select(SelectorImpl.java:97)
        at sun.nio.ch.SelectorImpl.select(SelectorImpl.java:101)
        at org.apache.hadoop.ipc.Server$Listener.run(Server.java:1304)
"dd4333e9-7965-46b1-a2b1-cee7aab213b7@group-E2DBF971A61D-SegmentedRaftLogWorker"  prio=5 tid=262 timed_waiting
java.lang.Thread.State: TIMED_WAITING
        at sun.misc.Unsafe.park(Native Method)
        at java.util.concurrent.locks.LockSupport.parkNanos(LockSupport.java:215)
        at java.util.concurrent.locks.AbstractQueuedSynchronizer$ConditionObject.awaitNanos(AbstractQueuedSynchronizer.java:2078)
        at org.apache.ratis.util.DataBlockingQueue.poll(DataBlockingQueue.java:137)
        at org.apache.ratis.server.raftlog.segmented.SegmentedRaftLogWorker.run(SegmentedRaftLogWorker.java:287)
        at java.lang.Thread.run(Thread.java:748)
"IPC Server handler 0 on default port 41087" daemon prio=5 tid=55 timed_waiting
java.lang.Thread.State: TIMED_WAITING
        at sun.misc.Unsafe.park(Native Method)
        at java.util.concurrent.locks.LockSupport.parkNanos(LockSupport.java:215)
        at java.util.concurrent.locks.AbstractQueuedSynchronizer$ConditionObject.awaitNanos(AbstractQueuedSynchronizer.java:2078)
        at java.util.concurrent.LinkedBlockingQueue.poll(LinkedBlockingQueue.java:467)
        at org.apache.hadoop.ipc.CallQueueManager.take(CallQueueManager.java:295)
        at org.apache.hadoop.ipc.Server$Handler.run(Server.java:2881)
"qtp490467503-160" daemon prio=5 tid=160 timed_waiting
java.lang.Thread.State: TIMED_WAITING
        at sun.misc.Unsafe.park(Native Method)
        at java.util.concurrent.locks.LockSupport.parkNanos(LockSupport.java:215)
        at java.util.concurrent.locks.AbstractQueuedSynchronizer$ConditionObject.awaitNanos(AbstractQueuedSynchronizer.java:2078)
        at org.eclipse.jetty.util.BlockingArrayQueue.poll(BlockingArrayQueue.java:382)
        at org.eclipse.jetty.util.thread.QueuedThreadPool$Runner.idleJobPoll(QueuedThreadPool.java:875)
        at org.eclipse.jetty.util.thread.QueuedThreadPool$Runner.run(QueuedThreadPool.java:925)
        at java.lang.Thread.run(Thread.java:748)
"IPC Server handler 9 on default port 45051" daemon prio=5 tid=44 timed_waiting
java.lang.Thread.State: TIMED_WAITING
        at sun.misc.Unsafe.park(Native Method)
        at java.util.concurrent.locks.LockSupport.parkNanos(LockSupport.java:215)
        at java.util.concurrent.locks.AbstractQueuedSynchronizer$ConditionObject.awaitNanos(AbstractQueuedSynchronizer.java:2078)
        at java.util.concurrent.LinkedBlockingQueue.poll(LinkedBlockingQueue.java:467)
        at org.apache.hadoop.ipc.CallQueueManager.take(CallQueueManager.java:295)
        at org.apache.hadoop.ipc.Server$Handler.run(Server.java:2881)
"EventQueue-NodeRegistrationContainerReportForDataNodeSafeModeRule" daemon prio=5 tid=246 in Object.wait()
java.lang.Thread.State: WAITING (on object monitor)
        at sun.misc.Unsafe.park(Native Method)
        at java.util.concurrent.locks.LockSupport.park(LockSupport.java:175)
        at java.util.concurrent.locks.AbstractQueuedSynchronizer$ConditionObject.await(AbstractQueuedSynchronizer.java:2039)
        at java.util.concurrent.LinkedBlockingQueue.take(LinkedBlockingQueue.java:442)
        at java.util.concurrent.ThreadPoolExecutor.getTask(ThreadPoolExecutor.java:1074)
        at java.util.concurrent.ThreadPoolExecutor.runWorker(ThreadPoolExecutor.java:1134)
        at java.util.concurrent.ThreadPoolExecutor$Worker.run(ThreadPoolExecutor.java:624)
        at java.lang.Thread.run(Thread.java:748)
"Reference Handler" daemon prio=10 tid=2 in Object.wait()
java.lang.Thread.State: WAITING (on object monitor)
        at java.lang.Object.wait(Native Method)
        at java.lang.Object.wait(Object.java:502)
        at java.lang.ref.Reference.tryHandlePending(Reference.java:191)
        at java.lang.ref.Reference$ReferenceHandler.run(Reference.java:153)
"IPC Server handler 11 on default port 45051" daemon prio=5 tid=46 timed_waiting
java.lang.Thread.State: TIMED_WAITING
        at sun.misc.Unsafe.park(Native Method)
        at java.util.concurrent.locks.LockSupport.parkNanos(LockSupport.java:215)
        at java.util.concurrent.locks.AbstractQueuedSynchronizer$ConditionObject.awaitNanos(AbstractQueuedSynchronizer.java:2078)
        at java.util.concurrent.LinkedBlockingQueue.poll(LinkedBlockingQueue.java:467)
        at org.apache.hadoop.ipc.CallQueueManager.take(CallQueueManager.java:295)
        at org.apache.hadoop.ipc.Server$Handler.run(Server.java:2881)
"qtp490467503-159-acceptor-0@38c9b014-ServerConnector@7a5a26b7{HTTP/1.1,[http/1.1]}{0.0.0.0:34053}" daemon prio=3 tid=159 runnable
java.lang.Thread.State: RUNNABLE
        at sun.nio.ch.ServerSocketChannelImpl.accept0(Native Method)
        at sun.nio.ch.ServerSocketChannelImpl.accept(ServerSocketChannelImpl.java:422)
        at sun.nio.ch.ServerSocketChannelImpl.accept(ServerSocketChannelImpl.java:250)
        at org.eclipse.jetty.server.ServerConnector.accept(ServerConnector.java:385)
        at org.eclipse.jetty.server.AbstractConnector$Acceptor.run(AbstractConnector.java:701)
        at org.eclipse.jetty.util.thread.QueuedThreadPool.runJob(QueuedThreadPool.java:806)
        at org.eclipse.jetty.util.thread.QueuedThreadPool$Runner.run(QueuedThreadPool.java:938)
        at java.lang.Thread.run(Thread.java:748)
"IPC Server handler 1 on default port 45051" daemon prio=5 tid=36 timed_waiting
java.lang.Thread.State: TIMED_WAITING
        at sun.misc.Unsafe.park(Native Method)
        at java.util.concurrent.locks.LockSupport.parkNanos(LockSupport.java:215)
        at java.util.concurrent.locks.AbstractQueuedSynchronizer$ConditionObject.awaitNanos(AbstractQueuedSynchronizer.java:2078)
        at java.util.concurrent.LinkedBlockingQueue.poll(LinkedBlockingQueue.java:467)
        at org.apache.hadoop.ipc.CallQueueManager.take(CallQueueManager.java:295)
        at org.apache.hadoop.ipc.Server$Handler.run(Server.java:2881)
"EventQueue-NodeRegistrationContainerReportForContainerSafeModeRule" daemon prio=5 tid=247 in Object.wait()
java.lang.Thread.State: WAITING (on object monitor)
        at sun.misc.Unsafe.park(Native Method)
        at java.util.concurrent.locks.LockSupport.park(LockSupport.java:175)
        at java.util.concurrent.locks.AbstractQueuedSynchronizer$ConditionObject.await(AbstractQueuedSynchronizer.java:2039)
        at java.util.concurrent.LinkedBlockingQueue.take(LinkedBlockingQueue.java:442)
        at java.util.concurrent.ThreadPoolExecutor.getTask(ThreadPoolExecutor.java:1074)
        at java.util.concurrent.ThreadPoolExecutor.runWorker(ThreadPoolExecutor.java:1134)
        at java.util.concurrent.ThreadPoolExecutor$Worker.run(ThreadPoolExecutor.java:624)
        at java.lang.Thread.run(Thread.java:748)
"Socket Reader #1 for port 0"  prio=5 tid=25 runnable
java.lang.Thread.State: RUNNABLE
        at sun.nio.ch.EPollArrayWrapper.epollWait(Native Method)
        at sun.nio.ch.EPollArrayWrapper.poll(EPollArrayWrapper.java:269)
        at sun.nio.ch.EPollSelectorImpl.doSelect(EPollSelectorImpl.java:93)
        at sun.nio.ch.SelectorImpl.lockAndDoSelect(SelectorImpl.java:86)
        at sun.nio.ch.SelectorImpl.select(SelectorImpl.java:97)
        at sun.nio.ch.SelectorImpl.select(SelectorImpl.java:101)
        at org.apache.hadoop.ipc.Server$Listener$Reader.doRunLoop(Server.java:1242)
        at org.apache.hadoop.ipc.Server$Listener$Reader.run(Server.java:1221)
"BlockDeletingService#2" daemon prio=5 tid=353 in Object.wait()
java.lang.Thread.State: WAITING (on object monitor)
        at sun.misc.Unsafe.park(Native Method)
        at java.util.concurrent.locks.LockSupport.park(LockSupport.java:175)
        at java.util.concurrent.locks.AbstractQueuedSynchronizer$ConditionObject.await(AbstractQueuedSynchronizer.java:2039)
        at java.util.concurrent.ScheduledThreadPoolExecutor$DelayedWorkQueue.take(ScheduledThreadPoolExecutor.java:1088)
        at java.util.concurrent.ScheduledThreadPoolExecutor$DelayedWorkQueue.take(ScheduledThreadPoolExecutor.java:809)
        at java.util.concurrent.ThreadPoolExecutor.getTask(ThreadPoolExecutor.java:1074)
        at java.util.concurrent.ThreadPoolExecutor.runWorker(ThreadPoolExecutor.java:1134)
        at java.util.concurrent.ThreadPoolExecutor$Worker.run(ThreadPoolExecutor.java:624)
        at java.lang.Thread.run(Thread.java:748)
"qtp777295125-213" daemon prio=5 tid=213 timed_waiting
java.lang.Thread.State: TIMED_WAITING
        at sun.misc.Unsafe.park(Native Method)
        at java.util.concurrent.locks.LockSupport.parkNanos(LockSupport.java:215)
        at java.util.concurrent.locks.AbstractQueuedSynchronizer$ConditionObject.awaitNanos(AbstractQueuedSynchronizer.java:2078)
        at org.eclipse.jetty.util.BlockingArrayQueue.poll(BlockingArrayQueue.java:382)
        at org.eclipse.jetty.util.thread.QueuedThreadPool$Runner.idleJobPoll(QueuedThreadPool.java:875)
        at org.eclipse.jetty.util.thread.QueuedThreadPool$Runner.run(QueuedThreadPool.java:925)
        at java.lang.Thread.run(Thread.java:748)
"pool-60-thread-1" daemon prio=5 tid=196 timed_waiting
java.lang.Thread.State: TIMED_WAITING
        at sun.misc.Unsafe.park(Native Method)
        at java.util.concurrent.locks.LockSupport.parkNanos(LockSupport.java:215)
        at java.util.concurrent.locks.AbstractQueuedSynchronizer$ConditionObject.awaitNanos(AbstractQueuedSynchronizer.java:2078)
        at java.util.concurrent.ScheduledThreadPoolExecutor$DelayedWorkQueue.take(ScheduledThreadPoolExecutor.java:1093)
        at java.util.concurrent.ScheduledThreadPoolExecutor$DelayedWorkQueue.take(ScheduledThreadPoolExecutor.java:809)
        at java.util.concurrent.ThreadPoolExecutor.getTask(ThreadPoolExecutor.java:1074)
        at java.util.concurrent.ThreadPoolExecutor.runWorker(ThreadPoolExecutor.java:1134)
        at java.util.concurrent.ThreadPoolExecutor$Worker.run(ThreadPoolExecutor.java:624)
        at java.lang.Thread.run(Thread.java:748)
"IPC Server handler 1 on default port 36455" daemon prio=5 tid=120 timed_waiting
java.lang.Thread.State: TIMED_WAITING
        at sun.misc.Unsafe.park(Native Method)
        at java.util.concurrent.locks.LockSupport.parkNanos(LockSupport.java:215)
        at java.util.concurrent.locks.AbstractQueuedSynchronizer$ConditionObject.awaitNanos(AbstractQueuedSynchronizer.java:2078)
        at java.util.concurrent.LinkedBlockingQueue.poll(LinkedBlockingQueue.java:467)
        at org.apache.hadoop.ipc.CallQueueManager.take(CallQueueManager.java:295)
        at org.apache.hadoop.ipc.Server$Handler.run(Server.java:2881)
"IPC Server handler 17 on default port 45051" daemon prio=5 tid=52 timed_waiting
java.lang.Thread.State: TIMED_WAITING
        at sun.misc.Unsafe.park(Native Method)
        at java.util.concurrent.locks.LockSupport.parkNanos(LockSupport.java:215)
        at java.util.concurrent.locks.AbstractQueuedSynchronizer$ConditionObject.awaitNanos(AbstractQueuedSynchronizer.java:2078)
        at java.util.concurrent.LinkedBlockingQueue.poll(LinkedBlockingQueue.java:467)
        at org.apache.hadoop.ipc.CallQueueManager.take(CallQueueManager.java:295)
        at org.apache.hadoop.ipc.Server$Handler.run(Server.java:2881)
"Session-HouseKeeper-1545ef47-1"  prio=5 tid=214 timed_waiting
java.lang.Thread.State: TIMED_WAITING
        at sun.misc.Unsafe.park(Native Method)
        at java.util.concurrent.locks.LockSupport.parkNanos(LockSupport.java:215)
        at java.util.concurrent.locks.AbstractQueuedSynchronizer$ConditionObject.awaitNanos(AbstractQueuedSynchronizer.java:2078)
        at java.util.concurrent.ScheduledThreadPoolExecutor$DelayedWorkQueue.take(ScheduledThreadPoolExecutor.java:1093)
        at java.util.concurrent.ScheduledThreadPoolExecutor$DelayedWorkQueue.take(ScheduledThreadPoolExecutor.java:809)
        at java.util.concurrent.ThreadPoolExecutor.getTask(ThreadPoolExecutor.java:1074)
        at java.util.concurrent.ThreadPoolExecutor.runWorker(ThreadPoolExecutor.java:1134)
        at java.util.concurrent.ThreadPoolExecutor$Worker.run(ThreadPoolExecutor.java:624)
        at java.lang.Thread.run(Thread.java:748)
"Thread-196" daemon prio=5 tid=287 timed_waiting
java.lang.Thread.State: TIMED_WAITING
        at sun.misc.Unsafe.park(Native Method)
        at java.util.concurrent.locks.LockSupport.parkNanos(LockSupport.java:215)
        at java.util.concurrent.locks.AbstractQueuedSynchronizer$ConditionObject.awaitNanos(AbstractQueuedSynchronizer.java:2078)
        at java.util.concurrent.ArrayBlockingQueue.poll(ArrayBlockingQueue.java:418)
        at org.apache.ratis.server.impl.LeaderState$EventQueue.poll(LeaderState.java:121)
        at org.apache.ratis.server.impl.LeaderState$EventProcessor.run(LeaderState.java:496)
"IPC Server handler 17 on default port 37665" daemon prio=5 tid=92 timed_waiting
java.lang.Thread.State: TIMED_WAITING
        at sun.misc.Unsafe.park(Native Method)
        at java.util.concurrent.locks.LockSupport.parkNanos(LockSupport.java:215)
        at java.util.concurrent.locks.AbstractQueuedSynchronizer$ConditionObject.awaitNanos(AbstractQueuedSynchronizer.java:2078)
        at java.util.concurrent.LinkedBlockingQueue.poll(LinkedBlockingQueue.java:467)
        at org.apache.hadoop.ipc.CallQueueManager.take(CallQueueManager.java:295)
        at org.apache.hadoop.ipc.Server$Handler.run(Server.java:2881)
"IPC Server listener on 0" daemon prio=5 tid=24 runnable
java.lang.Thread.State: RUNNABLE
        at sun.nio.ch.EPollArrayWrapper.epollWait(Native Method)
        at sun.nio.ch.EPollArrayWrapper.poll(EPollArrayWrapper.java:269)
        at sun.nio.ch.EPollSelectorImpl.doSelect(EPollSelectorImpl.java:93)
        at sun.nio.ch.SelectorImpl.lockAndDoSelect(SelectorImpl.java:86)
        at sun.nio.ch.SelectorImpl.select(SelectorImpl.java:97)
        at sun.nio.ch.SelectorImpl.select(SelectorImpl.java:101)
        at org.apache.hadoop.ipc.Server$Listener.run(Server.java:1304)
"ChunkWriter-3-0" daemon prio=5 tid=241 in Object.wait()
java.lang.Thread.State: WAITING (on object monitor)
        at sun.misc.Unsafe.park(Native Method)
        at java.util.concurrent.locks.LockSupport.park(LockSupport.java:175)
        at java.util.concurrent.locks.AbstractQueuedSynchronizer$ConditionObject.await(AbstractQueuedSynchronizer.java:2039)
        at java.util.concurrent.LinkedBlockingDeque.takeFirst(LinkedBlockingDeque.java:492)
        at java.util.concurrent.LinkedBlockingDeque.take(LinkedBlockingDeque.java:680)
        at java.util.concurrent.ThreadPoolExecutor.getTask(ThreadPoolExecutor.java:1074)
        at java.util.concurrent.ThreadPoolExecutor.runWorker(ThreadPoolExecutor.java:1134)
        at java.util.concurrent.ThreadPoolExecutor$Worker.run(ThreadPoolExecutor.java:624)
        at java.lang.Thread.run(Thread.java:748)
"IPC Server handler 12 on default port 45051" daemon prio=5 tid=47 timed_waiting
java.lang.Thread.State: TIMED_WAITING
        at sun.misc.Unsafe.park(Native Method)
        at java.util.concurrent.locks.LockSupport.parkNanos(LockSupport.java:215)
        at java.util.concurrent.locks.AbstractQueuedSynchronizer$ConditionObject.awaitNanos(AbstractQueuedSynchronizer.java:2078)
        at java.util.concurrent.LinkedBlockingQueue.poll(LinkedBlockingQueue.java:467)
        at org.apache.hadoop.ipc.CallQueueManager.take(CallQueueManager.java:295)
        at org.apache.hadoop.ipc.Server$Handler.run(Server.java:2881)
"IPC Server handler 10 on default port 36455" daemon prio=5 tid=130 timed_waiting
java.lang.Thread.State: TIMED_WAITING
        at sun.misc.Unsafe.park(Native Method)
        at java.util.concurrent.locks.LockSupport.parkNanos(LockSupport.java:215)
        at java.util.concurrent.locks.AbstractQueuedSynchronizer$ConditionObject.awaitNanos(AbstractQueuedSynchronizer.java:2078)
        at java.util.concurrent.LinkedBlockingQueue.poll(LinkedBlockingQueue.java:467)
        at org.apache.hadoop.ipc.CallQueueManager.take(CallQueueManager.java:295)
        at org.apache.hadoop.ipc.Server$Handler.run(Server.java:2881)
"IPC Server listener on 0" daemon prio=5 tid=16 runnable
java.lang.Thread.State: RUNNABLE
        at sun.nio.ch.EPollArrayWrapper.epollWait(Native Method)
        at sun.nio.ch.EPollArrayWrapper.poll(EPollArrayWrapper.java:269)
        at sun.nio.ch.EPollSelectorImpl.doSelect(EPollSelectorImpl.java:93)
        at sun.nio.ch.SelectorImpl.lockAndDoSelect(SelectorImpl.java:86)
        at sun.nio.ch.SelectorImpl.select(SelectorImpl.java:97)
        at sun.nio.ch.SelectorImpl.select(SelectorImpl.java:101)
        at org.apache.hadoop.ipc.Server$Listener.run(Server.java:1304)
"IPC Server handler 18 on default port 36455" daemon prio=5 tid=138 timed_waiting
java.lang.Thread.State: TIMED_WAITING
        at sun.misc.Unsafe.park(Native Method)
        at java.util.concurrent.locks.LockSupport.parkNanos(LockSupport.java:215)
        at java.util.concurrent.locks.AbstractQueuedSynchronizer$ConditionObject.awaitNanos(AbstractQueuedSynchronizer.java:2078)
        at java.util.concurrent.LinkedBlockingQueue.poll(LinkedBlockingQueue.java:467)
        at org.apache.hadoop.ipc.CallQueueManager.take(CallQueueManager.java:295)
        at org.apache.hadoop.ipc.Server$Handler.run(Server.java:2881)
"IPC Server handler 18 on default port 45051" daemon prio=5 tid=53 timed_waiting
java.lang.Thread.State: TIMED_WAITING
        at sun.misc.Unsafe.park(Native Method)
        at java.util.concurrent.locks.LockSupport.parkNanos(LockSupport.java:215)
        at java.util.concurrent.locks.AbstractQueuedSynchronizer$ConditionObject.awaitNanos(AbstractQueuedSynchronizer.java:2078)
        at java.util.concurrent.LinkedBlockingQueue.poll(LinkedBlockingQueue.java:467)
        at org.apache.hadoop.ipc.CallQueueManager.take(CallQueueManager.java:295)
        at org.apache.hadoop.ipc.Server$Handler.run(Server.java:2881)
"43006955-015f-42cd-b925-cfd3ac6ee1ce@group-E2DBF971A61D-SegmentedRaftLogWorker"  prio=5 tid=269 timed_waiting
java.lang.Thread.State: TIMED_WAITING
        at sun.misc.Unsafe.park(Native Method)
        at java.util.concurrent.locks.LockSupport.parkNanos(LockSupport.java:215)
        at java.util.concurrent.locks.AbstractQueuedSynchronizer$ConditionObject.awaitNanos(AbstractQueuedSynchronizer.java:2078)
        at org.apache.ratis.util.DataBlockingQueue.poll(DataBlockingQueue.java:137)
        at org.apache.ratis.server.raftlog.segmented.SegmentedRaftLogWorker.run(SegmentedRaftLogWorker.java:287)
        at java.lang.Thread.run(Thread.java:748)
"pool-56-thread-1"  prio=5 tid=191 timed_waiting
java.lang.Thread.State: TIMED_WAITING
        at sun.misc.Unsafe.park(Native Method)
        at java.util.concurrent.locks.LockSupport.parkNanos(LockSupport.java:215)
        at java.util.concurrent.locks.AbstractQueuedSynchronizer$ConditionObject.awaitNanos(AbstractQueuedSynchronizer.java:2078)
        at java.util.concurrent.ScheduledThreadPoolExecutor$DelayedWorkQueue.take(ScheduledThreadPoolExecutor.java:1093)
        at java.util.concurrent.ScheduledThreadPoolExecutor$DelayedWorkQueue.take(ScheduledThreadPoolExecutor.java:809)
        at java.util.concurrent.ThreadPoolExecutor.getTask(ThreadPoolExecutor.java:1074)
        at java.util.concurrent.ThreadPoolExecutor.runWorker(ThreadPoolExecutor.java:1134)
        at java.util.concurrent.ThreadPoolExecutor$Worker.run(ThreadPoolExecutor.java:624)
        at java.lang.Thread.run(Thread.java:748)
"org.apache.ratis.server.impl.LogAppender$AppenderDaemon$$Lambda$454/578777179@147f1df1" daemon prio=5 tid=310 timed_waiting
java.lang.Thread.State: TIMED_WAITING
        at java.lang.Object.wait(Native Method)
        at org.apache.ratis.grpc.server.GrpcLogAppender.mayWait(GrpcLogAppender.java:151)
        at org.apache.ratis.grpc.server.GrpcLogAppender.runAppenderImpl(GrpcLogAppender.java:105)
        at org.apache.ratis.server.impl.LogAppender$AppenderDaemon.run(LogAppender.java:77)
        at org.apache.ratis.server.impl.LogAppender$AppenderDaemon$$Lambda$454/578777179.run(Unknown Source)
        at java.lang.Thread.run(Thread.java:748)
"46593078-1315-442c-91b1-b92b4f012500@group-A77CAD7CA71C-SegmentedRaftLogWorker"  prio=5 tid=252 timed_waiting
java.lang.Thread.State: TIMED_WAITING
        at sun.misc.Unsafe.park(Native Method)
        at java.util.concurrent.locks.LockSupport.parkNanos(LockSupport.java:215)
        at java.util.concurrent.locks.AbstractQueuedSynchronizer$ConditionObject.awaitNanos(AbstractQueuedSynchronizer.java:2078)
        at org.apache.ratis.util.DataBlockingQueue.poll(DataBlockingQueue.java:137)
        at org.apache.ratis.server.raftlog.segmented.SegmentedRaftLogWorker.run(SegmentedRaftLogWorker.java:287)
        at java.lang.Thread.run(Thread.java:748)
"pool-71-thread-1"  prio=5 tid=205 timed_waiting
java.lang.Thread.State: TIMED_WAITING
        at sun.misc.Unsafe.park(Native Method)
        at java.util.concurrent.locks.LockSupport.parkNanos(LockSupport.java:215)
        at java.util.concurrent.locks.AbstractQueuedSynchronizer$ConditionObject.awaitNanos(AbstractQueuedSynchronizer.java:2078)
        at java.util.concurrent.ScheduledThreadPoolExecutor$DelayedWorkQueue.take(ScheduledThreadPoolExecutor.java:1093)
        at java.util.concurrent.ScheduledThreadPoolExecutor$DelayedWorkQueue.take(ScheduledThreadPoolExecutor.java:809)
        at java.util.concurrent.ThreadPoolExecutor.getTask(ThreadPoolExecutor.java:1074)
        at java.util.concurrent.ThreadPoolExecutor.runWorker(ThreadPoolExecutor.java:1134)
        at java.util.concurrent.ThreadPoolExecutor$Worker.run(ThreadPoolExecutor.java:624)
        at java.lang.Thread.run(Thread.java:748)
"qtp162320368-95" daemon prio=5 tid=95 runnable
java.lang.Thread.State: RUNNABLE
        at sun.nio.ch.EPollArrayWrapper.epollWait(Native Method)
        at sun.nio.ch.EPollArrayWrapper.poll(EPollArrayWrapper.java:269)
        at sun.nio.ch.EPollSelectorImpl.doSelect(EPollSelectorImpl.java:93)
        at sun.nio.ch.SelectorImpl.lockAndDoSelect(SelectorImpl.java:86)
        at sun.nio.ch.SelectorImpl.select(SelectorImpl.java:97)
        at sun.nio.ch.SelectorImpl.select(SelectorImpl.java:101)
        at org.eclipse.jetty.io.ManagedSelector$SelectorProducer.select(ManagedSelector.java:472)
        at org.eclipse.jetty.io.ManagedSelector$SelectorProducer.produce(ManagedSelector.java:409)
        at org.eclipse.jetty.util.thread.strategy.EatWhatYouKill.produceTask(EatWhatYouKill.java:360)
        at org.eclipse.jetty.util.thread.strategy.EatWhatYouKill.doProduce(EatWhatYouKill.java:184)
        at org.eclipse.jetty.util.thread.strategy.EatWhatYouKill.tryProduce(EatWhatYouKill.java:171)
        at org.eclipse.jetty.util.thread.strategy.EatWhatYouKill.produce(EatWhatYouKill.java:135)
        at org.eclipse.jetty.io.ManagedSelector$$Lambda$72/1395912847.run(Unknown Source)
        at org.eclipse.jetty.util.thread.QueuedThreadPool.runJob(QueuedThreadPool.java:806)
        at org.eclipse.jetty.util.thread.QueuedThreadPool$Runner.run(QueuedThreadPool.java:938)
        at java.lang.Thread.run(Thread.java:748)
"BlockDeletingService#0" daemon prio=5 tid=242 in Object.wait()
java.lang.Thread.State: WAITING (on object monitor)
        at sun.misc.Unsafe.park(Native Method)
        at java.util.concurrent.locks.LockSupport.park(LockSupport.java:175)
        at java.util.concurrent.locks.AbstractQueuedSynchronizer$ConditionObject.await(AbstractQueuedSynchronizer.java:2039)
        at java.util.concurrent.ScheduledThreadPoolExecutor$DelayedWorkQueue.take(ScheduledThreadPoolExecutor.java:1088)
        at java.util.concurrent.ScheduledThreadPoolExecutor$DelayedWorkQueue.take(ScheduledThreadPoolExecutor.java:809)
        at java.util.concurrent.ThreadPoolExecutor.getTask(ThreadPoolExecutor.java:1074)
        at java.util.concurrent.ThreadPoolExecutor.runWorker(ThreadPoolExecutor.java:1134)
        at java.util.concurrent.ThreadPoolExecutor$Worker.run(ThreadPoolExecutor.java:624)
        at java.lang.Thread.run(Thread.java:748)
"prometheus" daemon prio=5 tid=105 in Object.wait()
java.lang.Thread.State: WAITING (on object monitor)
        at java.lang.Object.wait(Native Method)
        at java.lang.Object.wait(Object.java:502)
        at org.apache.hadoop.metrics2.impl.SinkQueue.waitForData(SinkQueue.java:114)
        at org.apache.hadoop.metrics2.impl.SinkQueue.consumeAll(SinkQueue.java:83)
        at org.apache.hadoop.metrics2.impl.MetricsSinkAdapter.publishMetricsFromQueue(MetricsSinkAdapter.java:135)
        at org.apache.hadoop.metrics2.impl.MetricsSinkAdapter$1.run(MetricsSinkAdapter.java:89)
"qtp777295125-208" daemon prio=5 tid=208 timed_waiting
java.lang.Thread.State: TIMED_WAITING
        at sun.misc.Unsafe.park(Native Method)
        at java.util.concurrent.locks.LockSupport.parkNanos(LockSupport.java:215)
        at java.util.concurrent.locks.AbstractQueuedSynchronizer$ConditionObject.awaitNanos(AbstractQueuedSynchronizer.java:2078)
        at org.eclipse.jetty.util.BlockingArrayQueue.poll(BlockingArrayQueue.java:382)
        at org.eclipse.jetty.util.thread.QueuedThreadPool$Runner.idleJobPoll(QueuedThreadPool.java:875)
        at org.eclipse.jetty.util.thread.QueuedThreadPool$Runner.run(QueuedThreadPool.java:925)
        at java.lang.Thread.run(Thread.java:748)
"ChunkWriter-0-0" daemon prio=5 tid=231 in Object.wait()
java.lang.Thread.State: WAITING (on object monitor)
        at sun.misc.Unsafe.park(Native Method)
        at java.util.concurrent.locks.LockSupport.park(LockSupport.java:175)
        at java.util.concurrent.locks.AbstractQueuedSynchronizer$ConditionObject.await(AbstractQueuedSynchronizer.java:2039)
        at java.util.concurrent.LinkedBlockingDeque.takeFirst(LinkedBlockingDeque.java:492)
        at java.util.concurrent.LinkedBlockingDeque.take(LinkedBlockingDeque.java:680)
        at java.util.concurrent.ThreadPoolExecutor.getTask(ThreadPoolExecutor.java:1074)
        at java.util.concurrent.ThreadPoolExecutor.runWorker(ThreadPoolExecutor.java:1134)
        at java.util.concurrent.ThreadPoolExecutor$Worker.run(ThreadPoolExecutor.java:624)
        at java.lang.Thread.run(Thread.java:748)
"IPC Server handler 2 on default port 41087" daemon prio=5 tid=57 timed_waiting
java.lang.Thread.State: TIMED_WAITING
        at sun.misc.Unsafe.park(Native Method)
        at java.util.concurrent.locks.LockSupport.parkNanos(LockSupport.java:215)
        at java.util.concurrent.locks.AbstractQueuedSynchronizer$ConditionObject.awaitNanos(AbstractQueuedSynchronizer.java:2078)
        at java.util.concurrent.LinkedBlockingQueue.poll(LinkedBlockingQueue.java:467)
        at org.apache.hadoop.ipc.CallQueueManager.take(CallQueueManager.java:295)
        at org.apache.hadoop.ipc.Server$Handler.run(Server.java:2881)
"qtp934985972-186" daemon prio=5 tid=186 timed_waiting
java.lang.Thread.State: TIMED_WAITING
        at sun.misc.Unsafe.park(Native Method)
        at java.util.concurrent.locks.LockSupport.parkNanos(LockSupport.java:215)
        at java.util.concurrent.locks.AbstractQueuedSynchronizer$ConditionObject.awaitNanos(AbstractQueuedSynchronizer.java:2078)
        at org.eclipse.jetty.util.BlockingArrayQueue.poll(BlockingArrayQueue.java:382)
        at org.eclipse.jetty.util.thread.QueuedThreadPool$Runner.idleJobPoll(QueuedThreadPool.java:875)
        at org.eclipse.jetty.util.thread.QueuedThreadPool$Runner.run(QueuedThreadPool.java:925)
        at java.lang.Thread.run(Thread.java:748)
"qtp490467503-163" daemon prio=5 tid=163 timed_waiting
java.lang.Thread.State: TIMED_WAITING
        at sun.misc.Unsafe.park(Native Method)
        at java.util.concurrent.locks.LockSupport.parkNanos(LockSupport.java:215)
        at java.util.concurrent.locks.AbstractQueuedSynchronizer$ConditionObject.awaitNanos(AbstractQueuedSynchronizer.java:2078)
        at org.eclipse.jetty.util.BlockingArrayQueue.poll(BlockingArrayQueue.java:382)
        at org.eclipse.jetty.util.thread.QueuedThreadPool$Runner.idleJobPoll(QueuedThreadPool.java:875)
        at org.eclipse.jetty.util.thread.QueuedThreadPool$Runner.run(QueuedThreadPool.java:925)
        at java.lang.Thread.run(Thread.java:748)
"Datanode ReportManager Thread - 2" daemon prio=5 tid=175 in Object.wait()
java.lang.Thread.State: WAITING (on object monitor)
        at sun.misc.Unsafe.park(Native Method)
        at java.util.concurrent.locks.LockSupport.park(LockSupport.java:175)
        at java.util.concurrent.locks.AbstractQueuedSynchronizer$ConditionObject.await(AbstractQueuedSynchronizer.java:2039)
        at java.util.concurrent.ScheduledThreadPoolExecutor$DelayedWorkQueue.take(ScheduledThreadPoolExecutor.java:1088)
        at java.util.concurrent.ScheduledThreadPoolExecutor$DelayedWorkQueue.take(ScheduledThreadPoolExecutor.java:809)
        at java.util.concurrent.ThreadPoolExecutor.getTask(ThreadPoolExecutor.java:1074)
        at java.util.concurrent.ThreadPoolExecutor.runWorker(ThreadPoolExecutor.java:1134)
        at java.util.concurrent.ThreadPoolExecutor$Worker.run(ThreadPoolExecutor.java:624)
        at java.lang.Thread.run(Thread.java:748)
"IPC Server handler 5 on default port 37665" daemon prio=5 tid=80 timed_waiting
java.lang.Thread.State: TIMED_WAITING
        at sun.misc.Unsafe.park(Native Method)
        at java.util.concurrent.locks.LockSupport.parkNanos(LockSupport.java:215)
        at java.util.concurrent.locks.AbstractQueuedSynchronizer$ConditionObject.awaitNanos(AbstractQueuedSynchronizer.java:2078)
        at java.util.concurrent.LinkedBlockingQueue.poll(LinkedBlockingQueue.java:467)
        at org.apache.hadoop.ipc.CallQueueManager.take(CallQueueManager.java:295)
        at org.apache.hadoop.ipc.Server$Handler.run(Server.java:2881)
"qtp490467503-164" daemon prio=5 tid=164 timed_waiting
java.lang.Thread.State: TIMED_WAITING
        at sun.misc.Unsafe.park(Native Method)
        at java.util.concurrent.locks.LockSupport.parkNanos(LockSupport.java:215)
        at java.util.concurrent.locks.AbstractQueuedSynchronizer$ConditionObject.awaitNanos(AbstractQueuedSynchronizer.java:2078)
        at org.eclipse.jetty.util.BlockingArrayQueue.poll(BlockingArrayQueue.java:382)
        at org.eclipse.jetty.util.thread.QueuedThreadPool$Runner.idleJobPoll(QueuedThreadPool.java:875)
        at org.eclipse.jetty.util.thread.QueuedThreadPool$Runner.run(QueuedThreadPool.java:925)
        at java.lang.Thread.run(Thread.java:748)
"IPC Server handler 11 on default port 37665" daemon prio=5 tid=86 timed_waiting
java.lang.Thread.State: TIMED_WAITING
        at sun.misc.Unsafe.park(Native Method)
        at java.util.concurrent.locks.LockSupport.parkNanos(LockSupport.java:215)
        at java.util.concurrent.locks.AbstractQueuedSynchronizer$ConditionObject.awaitNanos(AbstractQueuedSynchronizer.java:2078)
        at java.util.concurrent.LinkedBlockingQueue.poll(LinkedBlockingQueue.java:467)
        at org.apache.hadoop.ipc.CallQueueManager.take(CallQueueManager.java:295)
        at org.apache.hadoop.ipc.Server$Handler.run(Server.java:2881)
"IPC Server handler 7 on default port 37665" daemon prio=5 tid=82 timed_waiting
java.lang.Thread.State: TIMED_WAITING
        at sun.misc.Unsafe.park(Native Method)
        at java.util.concurrent.locks.LockSupport.parkNanos(LockSupport.java:215)
        at java.util.concurrent.locks.AbstractQueuedSynchronizer$ConditionObject.awaitNanos(AbstractQueuedSynchronizer.java:2078)
        at java.util.concurrent.LinkedBlockingQueue.poll(LinkedBlockingQueue.java:467)
        at org.apache.hadoop.ipc.CallQueueManager.take(CallQueueManager.java:295)
        at org.apache.hadoop.ipc.Server$Handler.run(Server.java:2881)
"IPC Server handler 7 on default port 45051" daemon prio=5 tid=42 timed_waiting
java.lang.Thread.State: TIMED_WAITING
        at sun.misc.Unsafe.park(Native Method)
        at java.util.concurrent.locks.LockSupport.parkNanos(LockSupport.java:215)
        at java.util.concurrent.locks.AbstractQueuedSynchronizer$ConditionObject.awaitNanos(AbstractQueuedSynchronizer.java:2078)
        at java.util.concurrent.LinkedBlockingQueue.poll(LinkedBlockingQueue.java:467)
        at org.apache.hadoop.ipc.CallQueueManager.take(CallQueueManager.java:295)
        at org.apache.hadoop.ipc.Server$Handler.run(Server.java:2881)
"qtp934985972-183-acceptor-0@263d8ef6-ServerConnector@6c2063e0{HTTP/1.1,[http/1.1]}{0.0.0.0:43471}" daemon prio=3 tid=183 runnable
java.lang.Thread.State: RUNNABLE
        at sun.nio.ch.ServerSocketChannelImpl.accept0(Native Method)
        at sun.nio.ch.ServerSocketChannelImpl.accept(ServerSocketChannelImpl.java:422)
        at sun.nio.ch.ServerSocketChannelImpl.accept(ServerSocketChannelImpl.java:250)
        at org.eclipse.jetty.server.ServerConnector.accept(ServerConnector.java:385)
        at org.eclipse.jetty.server.AbstractConnector$Acceptor.run(AbstractConnector.java:701)
        at org.eclipse.jetty.util.thread.QueuedThreadPool.runJob(QueuedThreadPool.java:806)
        at org.eclipse.jetty.util.thread.QueuedThreadPool$Runner.run(QueuedThreadPool.java:938)
        at java.lang.Thread.run(Thread.java:748)
"Datanode ReportManager Thread - 1" daemon prio=5 tid=218 in Object.wait()
java.lang.Thread.State: WAITING (on object monitor)
        at sun.misc.Unsafe.park(Native Method)
        at java.util.concurrent.locks.LockSupport.park(LockSupport.java:175)
        at java.util.concurrent.locks.AbstractQueuedSynchronizer$ConditionObject.await(AbstractQueuedSynchronizer.java:2039)
        at java.util.concurrent.ScheduledThreadPoolExecutor$DelayedWorkQueue.take(ScheduledThreadPoolExecutor.java:1088)
        at java.util.concurrent.ScheduledThreadPoolExecutor$DelayedWorkQueue.take(ScheduledThreadPoolExecutor.java:809)
        at java.util.concurrent.ThreadPoolExecutor.getTask(ThreadPoolExecutor.java:1074)
        at java.util.concurrent.ThreadPoolExecutor.runWorker(ThreadPoolExecutor.java:1134)
        at java.util.concurrent.ThreadPoolExecutor$Worker.run(ThreadPoolExecutor.java:624)
        at java.lang.Thread.run(Thread.java:748)
"IPC Server handler 11 on default port 41087" daemon prio=5 tid=66 timed_waiting
java.lang.Thread.State: TIMED_WAITING
        at sun.misc.Unsafe.park(Native Method)
        at java.util.concurrent.locks.LockSupport.parkNanos(LockSupport.java:215)
        at java.util.concurrent.locks.AbstractQueuedSynchronizer$ConditionObject.awaitNanos(AbstractQueuedSynchronizer.java:2078)
        at java.util.concurrent.LinkedBlockingQueue.poll(LinkedBlockingQueue.java:467)
        at org.apache.hadoop.ipc.CallQueueManager.take(CallQueueManager.java:295)
        at org.apache.hadoop.ipc.Server$Handler.run(Server.java:2881)
"43006955-015f-42cd-b925-cfd3ac6ee1ce@group-E2DBF971A61D-StateMachineUpdater" daemon prio=5 tid=270 in Object.wait()
java.lang.Thread.State: WAITING (on object monitor)
        at java.lang.Object.wait(Native Method)
        at java.lang.Object.wait(Object.java:502)
        at org.apache.ratis.server.impl.StateMachineUpdater.waitForCommit(StateMachineUpdater.java:200)
        at org.apache.ratis.server.impl.StateMachineUpdater.run(StateMachineUpdater.java:165)
        at java.lang.Thread.run(Thread.java:748)
"IPC Server handler 18 on default port 37665" daemon prio=5 tid=93 timed_waiting
java.lang.Thread.State: TIMED_WAITING
        at sun.misc.Unsafe.park(Native Method)
        at java.util.concurrent.locks.LockSupport.parkNanos(LockSupport.java:215)
        at java.util.concurrent.locks.AbstractQueuedSynchronizer$ConditionObject.awaitNanos(AbstractQueuedSynchronizer.java:2078)
        at java.util.concurrent.LinkedBlockingQueue.poll(LinkedBlockingQueue.java:467)
        at org.apache.hadoop.ipc.CallQueueManager.take(CallQueueManager.java:295)
        at org.apache.hadoop.ipc.Server$Handler.run(Server.java:2881)
"IPC Server handler 15 on default port 45051" daemon prio=5 tid=50 timed_waiting
java.lang.Thread.State: TIMED_WAITING
        at sun.misc.Unsafe.park(Native Method)
        at java.util.concurrent.locks.LockSupport.parkNanos(LockSupport.java:215)
        at java.util.concurrent.locks.AbstractQueuedSynchronizer$ConditionObject.awaitNanos(AbstractQueuedSynchronizer.java:2078)
        at java.util.concurrent.LinkedBlockingQueue.poll(LinkedBlockingQueue.java:467)
        at org.apache.hadoop.ipc.CallQueueManager.take(CallQueueManager.java:295)
        at org.apache.hadoop.ipc.Server$Handler.run(Server.java:2881)
"IPC Server handler 13 on default port 37665" daemon prio=5 tid=88 timed_waiting
java.lang.Thread.State: TIMED_WAITING
        at sun.misc.Unsafe.park(Native Method)
        at java.util.concurrent.locks.LockSupport.parkNanos(LockSupport.java:215)
        at java.util.concurrent.locks.AbstractQueuedSynchronizer$ConditionObject.awaitNanos(AbstractQueuedSynchronizer.java:2078)
        at java.util.concurrent.LinkedBlockingQueue.poll(LinkedBlockingQueue.java:467)
        at org.apache.hadoop.ipc.CallQueueManager.take(CallQueueManager.java:295)
        at org.apache.hadoop.ipc.Server$Handler.run(Server.java:2881)
"Datanode ReportManager Thread - 0" daemon prio=5 tid=197 timed_waiting
java.lang.Thread.State: TIMED_WAITING
        at sun.misc.Unsafe.park(Native Method)
        at java.util.concurrent.locks.LockSupport.parkNanos(LockSupport.java:215)
        at java.util.concurrent.locks.AbstractQueuedSynchronizer$ConditionObject.awaitNanos(AbstractQueuedSynchronizer.java:2078)
        at java.util.concurrent.ScheduledThreadPoolExecutor$DelayedWorkQueue.take(ScheduledThreadPoolExecutor.java:1093)
        at java.util.concurrent.ScheduledThreadPoolExecutor$DelayedWorkQueue.take(ScheduledThreadPoolExecutor.java:809)
        at java.util.concurrent.ThreadPoolExecutor.getTask(ThreadPoolExecutor.java:1074)
        at java.util.concurrent.ThreadPoolExecutor.runWorker(ThreadPoolExecutor.java:1134)
        at java.util.concurrent.ThreadPoolExecutor$Worker.run(ThreadPoolExecutor.java:624)
        at java.lang.Thread.run(Thread.java:748)
"pool-44-thread-1" daemon prio=5 tid=174 timed_waiting
java.lang.Thread.State: TIMED_WAITING
        at sun.misc.Unsafe.park(Native Method)
        at java.util.concurrent.locks.LockSupport.parkNanos(LockSupport.java:215)
        at java.util.concurrent.locks.AbstractQueuedSynchronizer$ConditionObject.awaitNanos(AbstractQueuedSynchronizer.java:2078)
        at java.util.concurrent.ScheduledThreadPoolExecutor$DelayedWorkQueue.take(ScheduledThreadPoolExecutor.java:1093)
        at java.util.concurrent.ScheduledThreadPoolExecutor$DelayedWorkQueue.take(ScheduledThreadPoolExecutor.java:809)
        at java.util.concurrent.ThreadPoolExecutor.getTask(ThreadPoolExecutor.java:1074)
        at java.util.concurrent.ThreadPoolExecutor.runWorker(ThreadPoolExecutor.java:1134)
        at java.util.concurrent.ThreadPoolExecutor$Worker.run(ThreadPoolExecutor.java:624)
        at java.lang.Thread.run(Thread.java:748)
"OMDoubleBufferFlushThread" daemon prio=5 tid=111 timed_waiting
java.lang.Thread.State: TIMED_WAITING
        at java.lang.Object.wait(Native Method)
        at org.apache.hadoop.ozone.om.ratis.OzoneManagerDoubleBuffer.canFlush(OzoneManagerDoubleBuffer.java:482)
        at org.apache.hadoop.ozone.om.ratis.OzoneManagerDoubleBuffer.flushTransactions(OzoneManagerDoubleBuffer.java:232)
        at org.apache.hadoop.ozone.om.ratis.OzoneManagerDoubleBuffer$$Lambda$80/533944978.run(Unknown Source)
        at java.lang.Thread.run(Thread.java:748)
"Datanode ReportManager Thread - 1" daemon prio=5 tid=198 in Object.wait()
java.lang.Thread.State: WAITING (on object monitor)
        at sun.misc.Unsafe.park(Native Method)
        at java.util.concurrent.locks.LockSupport.park(LockSupport.java:175)
        at java.util.concurrent.locks.AbstractQueuedSynchronizer$ConditionObject.await(AbstractQueuedSynchronizer.java:2039)
        at java.util.concurrent.ScheduledThreadPoolExecutor$DelayedWorkQueue.take(ScheduledThreadPoolExecutor.java:1088)
        at java.util.concurrent.ScheduledThreadPoolExecutor$DelayedWorkQueue.take(ScheduledThreadPoolExecutor.java:809)
        at java.util.concurrent.ThreadPoolExecutor.getTask(ThreadPoolExecutor.java:1074)
        at java.util.concurrent.ThreadPoolExecutor.runWorker(ThreadPoolExecutor.java:1134)
        at java.util.concurrent.ThreadPoolExecutor$Worker.run(ThreadPoolExecutor.java:624)
        at java.lang.Thread.run(Thread.java:748)
"IPC Server handler 12 on default port 41087" daemon prio=5 tid=67 timed_waiting
java.lang.Thread.State: TIMED_WAITING
        at sun.misc.Unsafe.park(Native Method)
        at java.util.concurrent.locks.LockSupport.parkNanos(LockSupport.java:215)
        at java.util.concurrent.locks.AbstractQueuedSynchronizer$ConditionObject.awaitNanos(AbstractQueuedSynchronizer.java:2078)
        at java.util.concurrent.LinkedBlockingQueue.poll(LinkedBlockingQueue.java:467)
        at org.apache.hadoop.ipc.CallQueueManager.take(CallQueueManager.java:295)
        at org.apache.hadoop.ipc.Server$Handler.run(Server.java:2881)
"IPC Server handler 11 on default port 36455" daemon prio=5 tid=131 timed_waiting
java.lang.Thread.State: TIMED_WAITING
        at sun.misc.Unsafe.park(Native Method)
        at java.util.concurrent.locks.LockSupport.parkNanos(LockSupport.java:215)
        at java.util.concurrent.locks.AbstractQueuedSynchronizer$ConditionObject.awaitNanos(AbstractQueuedSynchronizer.java:2078)
        at java.util.concurrent.LinkedBlockingQueue.poll(LinkedBlockingQueue.java:467)
        at org.apache.hadoop.ipc.CallQueueManager.take(CallQueueManager.java:295)
        at org.apache.hadoop.ipc.Server$Handler.run(Server.java:2881)
"IPC Server handler 1 on default port 37665" daemon prio=5 tid=76 timed_waiting
java.lang.Thread.State: TIMED_WAITING
        at sun.misc.Unsafe.park(Native Method)
        at java.util.concurrent.locks.LockSupport.parkNanos(LockSupport.java:215)
        at java.util.concurrent.locks.AbstractQueuedSynchronizer$ConditionObject.awaitNanos(AbstractQueuedSynchronizer.java:2078)
        at java.util.concurrent.LinkedBlockingQueue.poll(LinkedBlockingQueue.java:467)
        at org.apache.hadoop.ipc.CallQueueManager.take(CallQueueManager.java:295)
        at org.apache.hadoop.ipc.Server$Handler.run(Server.java:2881)
"IPC Server handler 19 on default port 45051" daemon prio=5 tid=54 timed_waiting
java.lang.Thread.State: TIMED_WAITING
        at sun.misc.Unsafe.park(Native Method)
        at java.util.concurrent.locks.LockSupport.parkNanos(LockSupport.java:215)
        at java.util.concurrent.locks.AbstractQueuedSynchronizer$ConditionObject.awaitNanos(AbstractQueuedSynchronizer.java:2078)
        at java.util.concurrent.LinkedBlockingQueue.poll(LinkedBlockingQueue.java:467)
        at org.apache.hadoop.ipc.CallQueueManager.take(CallQueueManager.java:295)
        at org.apache.hadoop.ipc.Server$Handler.run(Server.java:2881)
"Socket Reader #1 for port 0"  prio=5 tid=17 runnable
java.lang.Thread.State: RUNNABLE
        at sun.nio.ch.EPollArrayWrapper.epollWait(Native Method)
        at sun.nio.ch.EPollArrayWrapper.poll(EPollArrayWrapper.java:269)
        at sun.nio.ch.EPollSelectorImpl.doSelect(EPollSelectorImpl.java:93)
        at sun.nio.ch.SelectorImpl.lockAndDoSelect(SelectorImpl.java:86)
        at sun.nio.ch.SelectorImpl.select(SelectorImpl.java:97)
        at sun.nio.ch.SelectorImpl.select(SelectorImpl.java:101)
        at org.apache.hadoop.ipc.Server$Listener$Reader.doRunLoop(Server.java:1242)
        at org.apache.hadoop.ipc.Server$Listener$Reader.run(Server.java:1221)
"dd4333e9-7965-46b1-a2b1-cee7aab213b7@group-E2DBF971A61D-StateMachineUpdater" daemon prio=5 tid=263 in Object.wait()
java.lang.Thread.State: WAITING (on object monitor)
        at java.lang.Object.wait(Native Method)
        at java.lang.Object.wait(Object.java:502)
        at org.apache.ratis.server.impl.StateMachineUpdater.waitForCommit(StateMachineUpdater.java:200)
        at org.apache.ratis.server.impl.StateMachineUpdater.run(StateMachineUpdater.java:165)
        at java.lang.Thread.run(Thread.java:748)
"Thread-216" daemon prio=5 tid=308 timed_waiting
java.lang.Thread.State: TIMED_WAITING
        at java.lang.Thread.sleep(Native Method)
        at org.apache.ratis.util.JavaUtils.sleep(JavaUtils.java:243)
        at org.apache.ratis.server.impl.FollowerState.run(FollowerState.java:97)
"qtp490467503-161" daemon prio=5 tid=161 timed_waiting
java.lang.Thread.State: TIMED_WAITING
        at sun.misc.Unsafe.park(Native Method)
        at java.util.concurrent.locks.LockSupport.parkNanos(LockSupport.java:215)
        at java.util.concurrent.locks.AbstractQueuedSynchronizer$ConditionObject.awaitNanos(AbstractQueuedSynchronizer.java:2078)
        at org.eclipse.jetty.util.BlockingArrayQueue.poll(BlockingArrayQueue.java:382)
        at org.eclipse.jetty.util.thread.QueuedThreadPool$Runner.idleJobPoll(QueuedThreadPool.java:875)
        at org.eclipse.jetty.util.thread.QueuedThreadPool$Runner.run(QueuedThreadPool.java:925)
        at java.lang.Thread.run(Thread.java:748)
"qtp448070390-145" daemon prio=5 tid=145 timed_waiting
java.lang.Thread.State: TIMED_WAITING
        at sun.misc.Unsafe.park(Native Method)
        at java.util.concurrent.locks.LockSupport.parkNanos(LockSupport.java:215)
        at java.util.concurrent.locks.AbstractQueuedSynchronizer$ConditionObject.awaitNanos(AbstractQueuedSynchronizer.java:2078)
        at org.eclipse.jetty.util.BlockingArrayQueue.poll(BlockingArrayQueue.java:382)
        at org.eclipse.jetty.util.thread.QueuedThreadPool$Runner.idleJobPoll(QueuedThreadPool.java:875)
        at org.eclipse.jetty.util.thread.QueuedThreadPool$Runner.run(QueuedThreadPool.java:925)
        at java.lang.Thread.run(Thread.java:748)
"Datanode ReportManager Thread - 0" daemon prio=5 tid=171 in Object.wait()
java.lang.Thread.State: WAITING (on object monitor)
        at sun.misc.Unsafe.park(Native Method)
        at java.util.concurrent.locks.LockSupport.park(LockSupport.java:175)
        at java.util.concurrent.locks.AbstractQueuedSynchronizer$ConditionObject.await(AbstractQueuedSynchronizer.java:2039)
        at java.util.concurrent.ScheduledThreadPoolExecutor$DelayedWorkQueue.take(ScheduledThreadPoolExecutor.java:1088)
        at java.util.concurrent.ScheduledThreadPoolExecutor$DelayedWorkQueue.take(ScheduledThreadPoolExecutor.java:809)
        at java.util.concurrent.ThreadPoolExecutor.getTask(ThreadPoolExecutor.java:1074)
        at java.util.concurrent.ThreadPoolExecutor.runWorker(ThreadPoolExecutor.java:1134)
        at java.util.concurrent.ThreadPoolExecutor$Worker.run(ThreadPoolExecutor.java:624)
        at java.lang.Thread.run(Thread.java:748)
"IPC Server Responder" daemon prio=5 tid=27 runnable
java.lang.Thread.State: RUNNABLE
        at sun.nio.ch.EPollArrayWrapper.epollWait(Native Method)
        at sun.nio.ch.EPollArrayWrapper.poll(EPollArrayWrapper.java:269)
        at sun.nio.ch.EPollSelectorImpl.doSelect(EPollSelectorImpl.java:93)
        at sun.nio.ch.SelectorImpl.lockAndDoSelect(SelectorImpl.java:86)
        at sun.nio.ch.SelectorImpl.select(SelectorImpl.java:97)
        at org.apache.hadoop.ipc.Server$Responder.doRunLoop(Server.java:1480)
        at org.apache.hadoop.ipc.Server$Responder.run(Server.java:1463)
"IPC Server handler 10 on default port 45051" daemon prio=5 tid=45 timed_waiting
java.lang.Thread.State: TIMED_WAITING
        at sun.misc.Unsafe.park(Native Method)
        at java.util.concurrent.locks.LockSupport.parkNanos(LockSupport.java:215)
        at java.util.concurrent.locks.AbstractQueuedSynchronizer$ConditionObject.awaitNanos(AbstractQueuedSynchronizer.java:2078)
        at java.util.concurrent.LinkedBlockingQueue.poll(LinkedBlockingQueue.java:467)
        at org.apache.hadoop.ipc.CallQueueManager.take(CallQueueManager.java:295)
        at org.apache.hadoop.ipc.Server$Handler.run(Server.java:2881)
"dd4333e9-7965-46b1-a2b1-cee7aab213b7@group-0A2CC78894B9-SegmentedRaftLogWorker"  prio=5 tid=258 timed_waiting
java.lang.Thread.State: TIMED_WAITING
        at sun.misc.Unsafe.park(Native Method)
        at java.util.concurrent.locks.LockSupport.parkNanos(LockSupport.java:215)
        at java.util.concurrent.locks.AbstractQueuedSynchronizer$ConditionObject.awaitNanos(AbstractQueuedSynchronizer.java:2078)
        at org.apache.ratis.util.DataBlockingQueue.poll(DataBlockingQueue.java:137)
        at org.apache.ratis.server.raftlog.segmented.SegmentedRaftLogWorker.run(SegmentedRaftLogWorker.java:287)
        at java.lang.Thread.run(Thread.java:748)
"qtp934985972-185" daemon prio=5 tid=185 timed_waiting
java.lang.Thread.State: TIMED_WAITING
        at sun.misc.Unsafe.park(Native Method)
        at java.util.concurrent.locks.LockSupport.parkNanos(LockSupport.java:215)
        at java.util.concurrent.locks.AbstractQueuedSynchronizer$ConditionObject.awaitNanos(AbstractQueuedSynchronizer.java:2078)
        at org.eclipse.jetty.util.BlockingArrayQueue.poll(BlockingArrayQueue.java:382)
        at org.eclipse.jetty.util.thread.QueuedThreadPool$Runner.idleJobPoll(QueuedThreadPool.java:875)
        at org.eclipse.jetty.util.thread.QueuedThreadPool$Runner.run(QueuedThreadPool.java:925)
        at java.lang.Thread.run(Thread.java:748)
"qtp162320368-97" daemon prio=5 tid=97 timed_waiting
java.lang.Thread.State: TIMED_WAITING
        at sun.misc.Unsafe.park(Native Method)
        at java.util.concurrent.locks.LockSupport.parkNanos(LockSupport.java:215)
        at java.util.concurrent.locks.AbstractQueuedSynchronizer$ConditionObject.awaitNanos(AbstractQueuedSynchronizer.java:2078)
        at org.eclipse.jetty.util.BlockingArrayQueue.poll(BlockingArrayQueue.java:382)
        at org.eclipse.jetty.util.thread.QueuedThreadPool$Runner.idleJobPoll(QueuedThreadPool.java:875)
        at org.eclipse.jetty.util.thread.QueuedThreadPool$Runner.run(QueuedThreadPool.java:925)
        at java.lang.Thread.run(Thread.java:748)
"Datanode ReportManager Thread - 3" daemon prio=5 tid=176 in Object.wait()
java.lang.Thread.State: WAITING (on object monitor)
        at sun.misc.Unsafe.park(Native Method)
        at java.util.concurrent.locks.LockSupport.park(LockSupport.java:175)
        at java.util.concurrent.locks.AbstractQueuedSynchronizer$ConditionObject.await(AbstractQueuedSynchronizer.java:2039)
        at java.util.concurrent.ScheduledThreadPoolExecutor$DelayedWorkQueue.take(ScheduledThreadPoolExecutor.java:1088)
        at java.util.concurrent.ScheduledThreadPoolExecutor$DelayedWorkQueue.take(ScheduledThreadPoolExecutor.java:809)
        at java.util.concurrent.ThreadPoolExecutor.getTask(ThreadPoolExecutor.java:1074)
        at java.util.concurrent.ThreadPoolExecutor.runWorker(ThreadPoolExecutor.java:1134)
        at java.util.concurrent.ThreadPoolExecutor$Worker.run(ThreadPoolExecutor.java:624)
        at java.lang.Thread.run(Thread.java:748)
"IPC Server handler 6 on default port 37665" daemon prio=5 tid=81 timed_waiting
java.lang.Thread.State: TIMED_WAITING
        at sun.misc.Unsafe.park(Native Method)
        at java.util.concurrent.locks.LockSupport.parkNanos(LockSupport.java:215)
        at java.util.concurrent.locks.AbstractQueuedSynchronizer$ConditionObject.awaitNanos(AbstractQueuedSynchronizer.java:2078)
        at java.util.concurrent.LinkedBlockingQueue.poll(LinkedBlockingQueue.java:467)
        at org.apache.hadoop.ipc.CallQueueManager.take(CallQueueManager.java:295)
        at org.apache.hadoop.ipc.Server$Handler.run(Server.java:2881)
"Datanode ReportManager Thread - 3" daemon prio=5 tid=200 in Object.wait()
java.lang.Thread.State: WAITING (on object monitor)
        at sun.misc.Unsafe.park(Native Method)
        at java.util.concurrent.locks.LockSupport.park(LockSupport.java:175)
        at java.util.concurrent.locks.AbstractQueuedSynchronizer$ConditionObject.await(AbstractQueuedSynchronizer.java:2039)
        at java.util.concurrent.ScheduledThreadPoolExecutor$DelayedWorkQueue.take(ScheduledThreadPoolExecutor.java:1088)
        at java.util.concurrent.ScheduledThreadPoolExecutor$DelayedWorkQueue.take(ScheduledThreadPoolExecutor.java:809)
        at java.util.concurrent.ThreadPoolExecutor.getTask(ThreadPoolExecutor.java:1074)
        at java.util.concurrent.ThreadPoolExecutor.runWorker(ThreadPoolExecutor.java:1134)
        at java.util.concurrent.ThreadPoolExecutor$Worker.run(ThreadPoolExecutor.java:624)
        at java.lang.Thread.run(Thread.java:748)
"46593078-1315-442c-91b1-b92b4f012500@group-E2DBF971A61D-StateMachineUpdater" daemon prio=5 tid=257 in Object.wait()
java.lang.Thread.State: WAITING (on object monitor)
        at java.lang.Object.wait(Native Method)
        at java.lang.Object.wait(Object.java:502)
        at org.apache.ratis.server.impl.StateMachineUpdater.waitForCommit(StateMachineUpdater.java:200)
        at org.apache.ratis.server.impl.StateMachineUpdater.run(StateMachineUpdater.java:165)
        at java.lang.Thread.run(Thread.java:748)
"pool-25-thread-1"  prio=5 tid=150 timed_waiting
java.lang.Thread.State: TIMED_WAITING
        at sun.misc.Unsafe.park(Native Method)
        at java.util.concurrent.locks.LockSupport.parkNanos(LockSupport.java:215)
        at java.util.concurrent.locks.AbstractQueuedSynchronizer$ConditionObject.awaitNanos(AbstractQueuedSynchronizer.java:2078)
        at java.util.concurrent.ScheduledThreadPoolExecutor$DelayedWorkQueue.take(ScheduledThreadPoolExecutor.java:1093)
        at java.util.concurrent.ScheduledThreadPoolExecutor$DelayedWorkQueue.take(ScheduledThreadPoolExecutor.java:809)
        at java.util.concurrent.ThreadPoolExecutor.getTask(ThreadPoolExecutor.java:1074)
        at java.util.concurrent.ThreadPoolExecutor.runWorker(ThreadPoolExecutor.java:1134)
        at java.util.concurrent.ThreadPoolExecutor$Worker.run(ThreadPoolExecutor.java:624)
        at java.lang.Thread.run(Thread.java:748)
"EventQueue-StaleNodeForStaleNodeHandler" daemon prio=5 tid=391 in Object.wait()
java.lang.Thread.State: WAITING (on object monitor)
        at sun.misc.Unsafe.park(Native Method)
        at java.util.concurrent.locks.LockSupport.park(LockSupport.java:175)
        at java.util.concurrent.locks.AbstractQueuedSynchronizer$ConditionObject.await(AbstractQueuedSynchronizer.java:2039)
        at java.util.concurrent.LinkedBlockingQueue.take(LinkedBlockingQueue.java:442)
        at java.util.concurrent.ThreadPoolExecutor.getTask(ThreadPoolExecutor.java:1074)
        at java.util.concurrent.ThreadPoolExecutor.runWorker(ThreadPoolExecutor.java:1134)
        at java.util.concurrent.ThreadPoolExecutor$Worker.run(ThreadPoolExecutor.java:624)
        at java.lang.Thread.run(Thread.java:748)
"IPC Server handler 0 on default port 37665" daemon prio=5 tid=75 timed_waiting
java.lang.Thread.State: TIMED_WAITING
        at sun.misc.Unsafe.park(Native Method)
        at java.util.concurrent.locks.LockSupport.parkNanos(LockSupport.java:215)
        at java.util.concurrent.locks.AbstractQueuedSynchronizer$ConditionObject.awaitNanos(AbstractQueuedSynchronizer.java:2078)
        at java.util.concurrent.LinkedBlockingQueue.poll(LinkedBlockingQueue.java:467)
        at org.apache.hadoop.ipc.CallQueueManager.take(CallQueueManager.java:295)
        at org.apache.hadoop.ipc.Server$Handler.run(Server.java:2881)
"qtp777295125-207-acceptor-0@65a27f4c-ServerConnector@1ef8f7e6{HTTP/1.1,[http/1.1]}{0.0.0.0:32957}" daemon prio=3 tid=207 runnable
java.lang.Thread.State: RUNNABLE
        at sun.nio.ch.ServerSocketChannelImpl.accept0(Native Method)
        at sun.nio.ch.ServerSocketChannelImpl.accept(ServerSocketChannelImpl.java:422)
        at sun.nio.ch.ServerSocketChannelImpl.accept(ServerSocketChannelImpl.java:250)
        at org.eclipse.jetty.server.ServerConnector.accept(ServerConnector.java:385)
        at org.eclipse.jetty.server.AbstractConnector$Acceptor.run(AbstractConnector.java:701)
        at org.eclipse.jetty.util.thread.QueuedThreadPool.runJob(QueuedThreadPool.java:806)
        at org.eclipse.jetty.util.thread.QueuedThreadPool$Runner.run(QueuedThreadPool.java:938)
        at java.lang.Thread.run(Thread.java:748)
"IPC Server handler 19 on default port 36455" daemon prio=5 tid=139 timed_waiting
java.lang.Thread.State: TIMED_WAITING
        at sun.misc.Unsafe.park(Native Method)
        at java.util.concurrent.locks.LockSupport.parkNanos(LockSupport.java:215)
        at java.util.concurrent.locks.AbstractQueuedSynchronizer$ConditionObject.awaitNanos(AbstractQueuedSynchronizer.java:2078)
        at java.util.concurrent.LinkedBlockingQueue.poll(LinkedBlockingQueue.java:467)
        at org.apache.hadoop.ipc.CallQueueManager.take(CallQueueManager.java:295)
        at org.apache.hadoop.ipc.Server$Handler.run(Server.java:2881)
"IPC Server handler 14 on default port 45051" daemon prio=5 tid=49 timed_waiting
java.lang.Thread.State: TIMED_WAITING
        at sun.misc.Unsafe.park(Native Method)
        at java.util.concurrent.locks.LockSupport.parkNanos(LockSupport.java:215)
        at java.util.concurrent.locks.AbstractQueuedSynchronizer$ConditionObject.awaitNanos(AbstractQueuedSynchronizer.java:2078)
        at java.util.concurrent.LinkedBlockingQueue.poll(LinkedBlockingQueue.java:467)
        at org.apache.hadoop.ipc.CallQueueManager.take(CallQueueManager.java:295)
        at org.apache.hadoop.ipc.Server$Handler.run(Server.java:2881)
"IPC Server handler 5 on default port 36455" daemon prio=5 tid=125 timed_waiting
java.lang.Thread.State: TIMED_WAITING
        at sun.misc.Unsafe.park(Native Method)
        at java.util.concurrent.locks.LockSupport.parkNanos(LockSupport.java:215)
        at java.util.concurrent.locks.AbstractQueuedSynchronizer$ConditionObject.awaitNanos(AbstractQueuedSynchronizer.java:2078)
        at java.util.concurrent.LinkedBlockingQueue.poll(LinkedBlockingQueue.java:467)
        at org.apache.hadoop.ipc.CallQueueManager.take(CallQueueManager.java:295)
        at org.apache.hadoop.ipc.Server$Handler.run(Server.java:2881)
"BlockDeletingService#2" daemon prio=5 tid=352 in Object.wait()
java.lang.Thread.State: WAITING (on object monitor)
        at sun.misc.Unsafe.park(Native Method)
        at java.util.concurrent.locks.LockSupport.park(LockSupport.java:175)
        at java.util.concurrent.locks.AbstractQueuedSynchronizer$ConditionObject.await(AbstractQueuedSynchronizer.java:2039)
        at java.util.concurrent.ScheduledThreadPoolExecutor$DelayedWorkQueue.take(ScheduledThreadPoolExecutor.java:1088)
        at java.util.concurrent.ScheduledThreadPoolExecutor$DelayedWorkQueue.take(ScheduledThreadPoolExecutor.java:809)
        at java.util.concurrent.ThreadPoolExecutor.getTask(ThreadPoolExecutor.java:1074)
        at java.util.concurrent.ThreadPoolExecutor.runWorker(ThreadPoolExecutor.java:1134)
        at java.util.concurrent.ThreadPoolExecutor$Worker.run(ThreadPoolExecutor.java:624)
        at java.lang.Thread.run(Thread.java:748)
"IPC Server handler 9 on default port 37665" daemon prio=5 tid=84 timed_waiting
java.lang.Thread.State: TIMED_WAITING
        at sun.misc.Unsafe.park(Native Method)
        at java.util.concurrent.locks.LockSupport.parkNanos(LockSupport.java:215)
        at java.util.concurrent.locks.AbstractQueuedSynchronizer$ConditionObject.awaitNanos(AbstractQueuedSynchronizer.java:2078)
        at java.util.concurrent.LinkedBlockingQueue.poll(LinkedBlockingQueue.java:467)
        at org.apache.hadoop.ipc.CallQueueManager.take(CallQueueManager.java:295)
        at org.apache.hadoop.ipc.Server$Handler.run(Server.java:2881)
"ChunkWriter-1-0" daemon prio=5 tid=239 in Object.wait()
java.lang.Thread.State: WAITING (on object monitor)
        at sun.misc.Unsafe.park(Native Method)
        at java.util.concurrent.locks.LockSupport.park(LockSupport.java:175)
        at java.util.concurrent.locks.AbstractQueuedSynchronizer$ConditionObject.await(AbstractQueuedSynchronizer.java:2039)
        at java.util.concurrent.LinkedBlockingDeque.takeFirst(LinkedBlockingDeque.java:492)
        at java.util.concurrent.LinkedBlockingDeque.take(LinkedBlockingDeque.java:680)
        at java.util.concurrent.ThreadPoolExecutor.getTask(ThreadPoolExecutor.java:1074)
        at java.util.concurrent.ThreadPoolExecutor.runWorker(ThreadPoolExecutor.java:1134)
        at java.util.concurrent.ThreadPoolExecutor$Worker.run(ThreadPoolExecutor.java:624)
        at java.lang.Thread.run(Thread.java:748)
"pool-28-thread-1" daemon prio=5 tid=155 timed_waiting
java.lang.Thread.State: TIMED_WAITING
        at sun.misc.Unsafe.park(Native Method)
        at java.util.concurrent.locks.LockSupport.parkNanos(LockSupport.java:215)
        at java.util.concurrent.locks.AbstractQueuedSynchronizer$ConditionObject.awaitNanos(AbstractQueuedSynchronizer.java:2078)
        at java.util.concurrent.ScheduledThreadPoolExecutor$DelayedWorkQueue.take(ScheduledThreadPoolExecutor.java:1093)
        at java.util.concurrent.ScheduledThreadPoolExecutor$DelayedWorkQueue.take(ScheduledThreadPoolExecutor.java:809)
        at java.util.concurrent.ThreadPoolExecutor.getTask(ThreadPoolExecutor.java:1074)
        at java.util.concurrent.ThreadPoolExecutor.runWorker(ThreadPoolExecutor.java:1134)
        at java.util.concurrent.ThreadPoolExecutor$Worker.run(ThreadPoolExecutor.java:624)
        at java.lang.Thread.run(Thread.java:748)
"IPC Server handler 12 on default port 36455" daemon prio=5 tid=132 timed_waiting
java.lang.Thread.State: TIMED_WAITING
        at sun.misc.Unsafe.park(Native Method)
        at java.util.concurrent.locks.LockSupport.parkNanos(LockSupport.java:215)
        at java.util.concurrent.locks.AbstractQueuedSynchronizer$ConditionObject.awaitNanos(AbstractQueuedSynchronizer.java:2078)
        at java.util.concurrent.LinkedBlockingQueue.poll(LinkedBlockingQueue.java:467)
        at org.apache.hadoop.ipc.CallQueueManager.take(CallQueueManager.java:295)
        at org.apache.hadoop.ipc.Server$Handler.run(Server.java:2881)
"pool-8-thread-1"  prio=5 tid=28 timed_waiting
java.lang.Thread.State: TIMED_WAITING
        at sun.misc.Unsafe.park(Native Method)
        at java.util.concurrent.locks.LockSupport.parkNanos(LockSupport.java:215)
        at java.util.concurrent.locks.AbstractQueuedSynchronizer$ConditionObject.awaitNanos(AbstractQueuedSynchronizer.java:2078)
        at java.util.concurrent.ScheduledThreadPoolExecutor$DelayedWorkQueue.take(ScheduledThreadPoolExecutor.java:1093)
        at java.util.concurrent.ScheduledThreadPoolExecutor$DelayedWorkQueue.take(ScheduledThreadPoolExecutor.java:809)
        at java.util.concurrent.ThreadPoolExecutor.getTask(ThreadPoolExecutor.java:1074)
        at java.util.concurrent.ThreadPoolExecutor.runWorker(ThreadPoolExecutor.java:1134)
        at java.util.concurrent.ThreadPoolExecutor$Worker.run(ThreadPoolExecutor.java:624)
        at java.lang.Thread.run(Thread.java:748)
"ChunkWriter-2-0" daemon prio=5 tid=227 in Object.wait()
java.lang.Thread.State: WAITING (on object monitor)
        at sun.misc.Unsafe.park(Native Method)
        at java.util.concurrent.locks.LockSupport.park(LockSupport.java:175)
        at java.util.concurrent.locks.AbstractQueuedSynchronizer$ConditionObject.await(AbstractQueuedSynchronizer.java:2039)
        at java.util.concurrent.LinkedBlockingDeque.takeFirst(LinkedBlockingDeque.java:492)
        at java.util.concurrent.LinkedBlockingDeque.take(LinkedBlockingDeque.java:680)
        at java.util.concurrent.ThreadPoolExecutor.getTask(ThreadPoolExecutor.java:1074)
        at java.util.concurrent.ThreadPoolExecutor.runWorker(ThreadPoolExecutor.java:1134)
        at java.util.concurrent.ThreadPoolExecutor$Worker.run(ThreadPoolExecutor.java:624)
        at java.lang.Thread.run(Thread.java:748)
"Thread-217" daemon prio=5 tid=309 timed_waiting
java.lang.Thread.State: TIMED_WAITING
        at sun.misc.Unsafe.park(Native Method)
        at java.util.concurrent.locks.LockSupport.parkNanos(LockSupport.java:215)
        at java.util.concurrent.locks.AbstractQueuedSynchronizer$ConditionObject.awaitNanos(AbstractQueuedSynchronizer.java:2078)
        at java.util.concurrent.ArrayBlockingQueue.poll(ArrayBlockingQueue.java:418)
        at org.apache.ratis.server.impl.LeaderState$EventQueue.poll(LeaderState.java:121)
        at org.apache.ratis.server.impl.LeaderState$EventProcessor.run(LeaderState.java:496)
"qtp162320368-98" daemon prio=5 tid=98 timed_waiting
java.lang.Thread.State: TIMED_WAITING
        at sun.misc.Unsafe.park(Native Method)
        at java.util.concurrent.locks.LockSupport.parkNanos(LockSupport.java:215)
        at java.util.concurrent.locks.AbstractQueuedSynchronizer$ConditionObject.awaitNanos(AbstractQueuedSynchronizer.java:2078)
        at org.eclipse.jetty.util.BlockingArrayQueue.poll(BlockingArrayQueue.java:382)
        at org.eclipse.jetty.util.thread.QueuedThreadPool$Runner.idleJobPoll(QueuedThreadPool.java:875)
        at org.eclipse.jetty.util.thread.QueuedThreadPool$Runner.run(QueuedThreadPool.java:925)
        at java.lang.Thread.run(Thread.java:748)
"qtp490467503-158" daemon prio=5 tid=158 runnable
java.lang.Thread.State: RUNNABLE
        at sun.nio.ch.EPollArrayWrapper.epollWait(Native Method)
        at sun.nio.ch.EPollArrayWrapper.poll(EPollArrayWrapper.java:269)
        at sun.nio.ch.EPollSelectorImpl.doSelect(EPollSelectorImpl.java:93)
        at sun.nio.ch.SelectorImpl.lockAndDoSelect(SelectorImpl.java:86)
        at sun.nio.ch.SelectorImpl.select(SelectorImpl.java:97)
        at sun.nio.ch.SelectorImpl.select(SelectorImpl.java:101)
        at org.eclipse.jetty.io.ManagedSelector$SelectorProducer.select(ManagedSelector.java:472)
        at org.eclipse.jetty.io.ManagedSelector$SelectorProducer.produce(ManagedSelector.java:409)
        at org.eclipse.jetty.util.thread.strategy.EatWhatYouKill.produceTask(EatWhatYouKill.java:360)
        at org.eclipse.jetty.util.thread.strategy.EatWhatYouKill.doProduce(EatWhatYouKill.java:184)
        at org.eclipse.jetty.util.thread.strategy.EatWhatYouKill.tryProduce(EatWhatYouKill.java:171)
        at org.eclipse.jetty.util.thread.strategy.EatWhatYouKill.produce(EatWhatYouKill.java:135)
        at org.eclipse.jetty.io.ManagedSelector$$Lambda$72/1395912847.run(Unknown Source)
        at org.eclipse.jetty.util.thread.QueuedThreadPool.runJob(QueuedThreadPool.java:806)
        at org.eclipse.jetty.util.thread.QueuedThreadPool$Runner.run(QueuedThreadPool.java:938)
        at java.lang.Thread.run(Thread.java:748)
"IPC Server handler 5 on default port 45051" daemon prio=5 tid=40 timed_waiting
java.lang.Thread.State: TIMED_WAITING
        at sun.misc.Unsafe.park(Native Method)
        at java.util.concurrent.locks.LockSupport.parkNanos(LockSupport.java:215)
        at java.util.concurrent.locks.AbstractQueuedSynchronizer$ConditionObject.awaitNanos(AbstractQueuedSynchronizer.java:2078)
        at java.util.concurrent.LinkedBlockingQueue.poll(LinkedBlockingQueue.java:467)
        at org.apache.hadoop.ipc.CallQueueManager.take(CallQueueManager.java:295)
        at org.apache.hadoop.ipc.Server$Handler.run(Server.java:2881)
"IPC Server handler 10 on default port 41087" daemon prio=5 tid=65 timed_waiting
java.lang.Thread.State: TIMED_WAITING
        at sun.misc.Unsafe.park(Native Method)
        at java.util.concurrent.locks.LockSupport.parkNanos(LockSupport.java:215)
        at java.util.concurrent.locks.AbstractQueuedSynchronizer$ConditionObject.awaitNanos(AbstractQueuedSynchronizer.java:2078)
        at java.util.concurrent.LinkedBlockingQueue.poll(LinkedBlockingQueue.java:467)
        at org.apache.hadoop.ipc.CallQueueManager.take(CallQueueManager.java:295)
        at org.apache.hadoop.ipc.Server$Handler.run(Server.java:2881)
"pool-55-thread-1"  prio=5 tid=181 timed_waiting
java.lang.Thread.State: TIMED_WAITING
        at sun.misc.Unsafe.park(Native Method)
        at java.util.concurrent.locks.LockSupport.parkNanos(LockSupport.java:215)
        at java.util.concurrent.locks.AbstractQueuedSynchronizer$ConditionObject.awaitNanos(AbstractQueuedSynchronizer.java:2078)
        at java.util.concurrent.ScheduledThreadPoolExecutor$DelayedWorkQueue.take(ScheduledThreadPoolExecutor.java:1093)
        at java.util.concurrent.ScheduledThreadPoolExecutor$DelayedWorkQueue.take(ScheduledThreadPoolExecutor.java:809)
        at java.util.concurrent.ThreadPoolExecutor.getTask(ThreadPoolExecutor.java:1074)
        at java.util.concurrent.ThreadPoolExecutor.runWorker(ThreadPoolExecutor.java:1134)
        at java.util.concurrent.ThreadPoolExecutor$Worker.run(ThreadPoolExecutor.java:624)
        at java.lang.Thread.run(Thread.java:748)
"IPC Server handler 0 on default port 45051" daemon prio=5 tid=35 timed_waiting
java.lang.Thread.State: TIMED_WAITING
        at sun.misc.Unsafe.park(Native Method)
        at java.util.concurrent.locks.LockSupport.parkNanos(LockSupport.java:215)
        at java.util.concurrent.locks.AbstractQueuedSynchronizer$ConditionObject.awaitNanos(AbstractQueuedSynchronizer.java:2078)
        at java.util.concurrent.LinkedBlockingQueue.poll(LinkedBlockingQueue.java:467)
        at org.apache.hadoop.ipc.CallQueueManager.take(CallQueueManager.java:295)
        at org.apache.hadoop.ipc.Server$Handler.run(Server.java:2881)
"IPC Server Responder" daemon prio=5 tid=115 runnable
java.lang.Thread.State: RUNNABLE
        at sun.nio.ch.EPollArrayWrapper.epollWait(Native Method)
        at sun.nio.ch.EPollArrayWrapper.poll(EPollArrayWrapper.java:269)
        at sun.nio.ch.EPollSelectorImpl.doSelect(EPollSelectorImpl.java:93)
        at sun.nio.ch.SelectorImpl.lockAndDoSelect(SelectorImpl.java:86)
        at sun.nio.ch.SelectorImpl.select(SelectorImpl.java:97)
        at org.apache.hadoop.ipc.Server$Responder.doRunLoop(Server.java:1480)
        at org.apache.hadoop.ipc.Server$Responder.run(Server.java:1463)
"43006955-015f-42cd-b925-cfd3ac6ee1ce@group-62EB59B96157-StateMachineUpdater" daemon prio=5 tid=267 in Object.wait()
java.lang.Thread.State: WAITING (on object monitor)
        at java.lang.Object.wait(Native Method)
        at java.lang.Object.wait(Object.java:502)
        at org.apache.ratis.server.impl.StateMachineUpdater.waitForCommit(StateMachineUpdater.java:200)
        at org.apache.ratis.server.impl.StateMachineUpdater.run(StateMachineUpdater.java:165)
        at java.lang.Thread.run(Thread.java:748)
"EventQueue-PipelineReportForPipelineReportHandler" daemon prio=5 tid=248 in Object.wait()
java.lang.Thread.State: WAITING (on object monitor)
        at sun.misc.Unsafe.park(Native Method)
        at java.util.concurrent.locks.LockSupport.park(LockSupport.java:175)
        at java.util.concurrent.locks.AbstractQueuedSynchronizer$ConditionObject.await(AbstractQueuedSynchronizer.java:2039)
        at java.util.concurrent.LinkedBlockingQueue.take(LinkedBlockingQueue.java:442)
        at java.util.concurrent.ThreadPoolExecutor.getTask(ThreadPoolExecutor.java:1074)
        at java.util.concurrent.ThreadPoolExecutor.runWorker(ThreadPoolExecutor.java:1134)
        at java.util.concurrent.ThreadPoolExecutor$Worker.run(ThreadPoolExecutor.java:624)
        at java.lang.Thread.run(Thread.java:748)
"IPC Server handler 16 on default port 36455" daemon prio=5 tid=136 timed_waiting
java.lang.Thread.State: TIMED_WAITING
        at sun.misc.Unsafe.park(Native Method)
        at java.util.concurrent.locks.LockSupport.parkNanos(LockSupport.java:215)
        at java.util.concurrent.locks.AbstractQueuedSynchronizer$ConditionObject.awaitNanos(AbstractQueuedSynchronizer.java:2078)
        at java.util.concurrent.LinkedBlockingQueue.poll(LinkedBlockingQueue.java:467)
        at org.apache.hadoop.ipc.CallQueueManager.take(CallQueueManager.java:295)
        at org.apache.hadoop.ipc.Server$Handler.run(Server.java:2881)
"IPC Server handler 6 on default port 36455" daemon prio=5 tid=126 timed_waiting
java.lang.Thread.State: TIMED_WAITING
        at sun.misc.Unsafe.park(Native Method)
        at java.util.concurrent.locks.LockSupport.parkNanos(LockSupport.java:215)
        at java.util.concurrent.locks.AbstractQueuedSynchronizer$ConditionObject.awaitNanos(AbstractQueuedSynchronizer.java:2078)
        at java.util.concurrent.LinkedBlockingQueue.poll(LinkedBlockingQueue.java:467)
        at org.apache.hadoop.ipc.CallQueueManager.take(CallQueueManager.java:295)
        at org.apache.hadoop.ipc.Server$Handler.run(Server.java:2881)
"IPC Server idle connection scanner for port 45051" daemon prio=5 tid=26 timed_waiting
java.lang.Thread.State: TIMED_WAITING
        at java.lang.Object.wait(Native Method)
        at java.util.TimerThread.mainLoop(Timer.java:552)
        at java.util.TimerThread.run(Timer.java:505)
"BlockDeletingService#0" daemon prio=5 tid=236 in Object.wait()
java.lang.Thread.State: WAITING (on object monitor)
        at sun.misc.Unsafe.park(Native Method)
        at java.util.concurrent.locks.LockSupport.park(LockSupport.java:175)
        at java.util.concurrent.locks.AbstractQueuedSynchronizer$ConditionObject.await(AbstractQueuedSynchronizer.java:2039)
        at java.util.concurrent.ScheduledThreadPoolExecutor$DelayedWorkQueue.take(ScheduledThreadPoolExecutor.java:1088)
        at java.util.concurrent.ScheduledThreadPoolExecutor$DelayedWorkQueue.take(ScheduledThreadPoolExecutor.java:809)
        at java.util.concurrent.ThreadPoolExecutor.getTask(ThreadPoolExecutor.java:1074)
        at java.util.concurrent.ThreadPoolExecutor.runWorker(ThreadPoolExecutor.java:1134)
        at java.util.concurrent.ThreadPoolExecutor$Worker.run(ThreadPoolExecutor.java:624)
        at java.lang.Thread.run(Thread.java:748)
"Socket Reader #1 for port 0"  prio=5 tid=113 runnable
java.lang.Thread.State: RUNNABLE
        at sun.nio.ch.EPollArrayWrapper.epollWait(Native Method)
        at sun.nio.ch.EPollArrayWrapper.poll(EPollArrayWrapper.java:269)
        at sun.nio.ch.EPollSelectorImpl.doSelect(EPollSelectorImpl.java:93)
        at sun.nio.ch.SelectorImpl.lockAndDoSelect(SelectorImpl.java:86)
        at sun.nio.ch.SelectorImpl.select(SelectorImpl.java:97)
        at sun.nio.ch.SelectorImpl.select(SelectorImpl.java:101)
        at org.apache.hadoop.ipc.Server$Listener$Reader.doRunLoop(Server.java:1242)
        at org.apache.hadoop.ipc.Server$Listener$Reader.run(Server.java:1221)
"ChunkWriter-3-0" daemon prio=5 tid=228 in Object.wait()
java.lang.Thread.State: WAITING (on object monitor)
        at sun.misc.Unsafe.park(Native Method)
        at java.util.concurrent.locks.LockSupport.park(LockSupport.java:175)
        at java.util.concurrent.locks.AbstractQueuedSynchronizer$ConditionObject.await(AbstractQueuedSynchronizer.java:2039)
        at java.util.concurrent.LinkedBlockingDeque.takeFirst(LinkedBlockingDeque.java:492)
        at java.util.concurrent.LinkedBlockingDeque.take(LinkedBlockingDeque.java:680)
        at java.util.concurrent.ThreadPoolExecutor.getTask(ThreadPoolExecutor.java:1074)
        at java.util.concurrent.ThreadPoolExecutor.runWorker(ThreadPoolExecutor.java:1134)
        at java.util.concurrent.ThreadPoolExecutor$Worker.run(ThreadPoolExecutor.java:624)
        at java.lang.Thread.run(Thread.java:748)
"pool-72-thread-1"  prio=5 tid=215 timed_waiting
java.lang.Thread.State: TIMED_WAITING
        at sun.misc.Unsafe.park(Native Method)
        at java.util.concurrent.locks.LockSupport.parkNanos(LockSupport.java:215)
        at java.util.concurrent.locks.AbstractQueuedSynchronizer$ConditionObject.awaitNanos(AbstractQueuedSynchronizer.java:2078)
        at java.util.concurrent.ScheduledThreadPoolExecutor$DelayedWorkQueue.take(ScheduledThreadPoolExecutor.java:1093)
        at java.util.concurrent.ScheduledThreadPoolExecutor$DelayedWorkQueue.take(ScheduledThreadPoolExecutor.java:809)
        at java.util.concurrent.ThreadPoolExecutor.getTask(ThreadPoolExecutor.java:1074)
        at java.util.concurrent.ThreadPoolExecutor.runWorker(ThreadPoolExecutor.java:1134)
        at java.util.concurrent.ThreadPoolExecutor$Worker.run(ThreadPoolExecutor.java:624)
        at java.lang.Thread.run(Thread.java:748)
"KeyDeletingService#0" daemon prio=5 tid=118 timed_waiting
java.lang.Thread.State: TIMED_WAITING
        at sun.misc.Unsafe.park(Native Method)
        at java.util.concurrent.locks.LockSupport.parkNanos(LockSupport.java:215)
        at java.util.concurrent.locks.AbstractQueuedSynchronizer$ConditionObject.awaitNanos(AbstractQueuedSynchronizer.java:2078)
        at java.util.concurrent.ScheduledThreadPoolExecutor$DelayedWorkQueue.take(ScheduledThreadPoolExecutor.java:1093)
        at java.util.concurrent.ScheduledThreadPoolExecutor$DelayedWorkQueue.take(ScheduledThreadPoolExecutor.java:809)
        at java.util.concurrent.ThreadPoolExecutor.getTask(ThreadPoolExecutor.java:1074)
        at java.util.concurrent.ThreadPoolExecutor.runWorker(ThreadPoolExecutor.java:1134)
        at java.util.concurrent.ThreadPoolExecutor$Worker.run(ThreadPoolExecutor.java:624)
        at java.lang.Thread.run(Thread.java:748)
"BlockDeletingService#1" daemon prio=5 tid=237 timed_waiting
java.lang.Thread.State: TIMED_WAITING
        at sun.misc.Unsafe.park(Native Method)
        at java.util.concurrent.locks.LockSupport.parkNanos(LockSupport.java:215)
        at java.util.concurrent.locks.AbstractQueuedSynchronizer$ConditionObject.awaitNanos(AbstractQueuedSynchronizer.java:2078)
        at java.util.concurrent.ScheduledThreadPoolExecutor$DelayedWorkQueue.take(ScheduledThreadPoolExecutor.java:1093)
        at java.util.concurrent.ScheduledThreadPoolExecutor$DelayedWorkQueue.take(ScheduledThreadPoolExecutor.java:809)
        at java.util.concurrent.ThreadPoolExecutor.getTask(ThreadPoolExecutor.java:1074)
        at java.util.concurrent.ThreadPoolExecutor.runWorker(ThreadPoolExecutor.java:1134)
        at java.util.concurrent.ThreadPoolExecutor$Worker.run(ThreadPoolExecutor.java:624)
        at java.lang.Thread.run(Thread.java:748)
"dd4333e9-7965-46b1-a2b1-cee7aab213b7@group-0A2CC78894B9-StateMachineUpdater" daemon prio=5 tid=260 in Object.wait()
java.lang.Thread.State: WAITING (on object monitor)
        at java.lang.Object.wait(Native Method)
        at java.lang.Object.wait(Object.java:502)
        at org.apache.ratis.server.impl.StateMachineUpdater.waitForCommit(StateMachineUpdater.java:200)
        at org.apache.ratis.server.impl.StateMachineUpdater.run(StateMachineUpdater.java:165)
        at java.lang.Thread.run(Thread.java:748)
"BlockDeletingService#0" daemon prio=5 tid=230 in Object.wait()
java.lang.Thread.State: WAITING (on object monitor)
        at sun.misc.Unsafe.park(Native Method)
        at java.util.concurrent.locks.LockSupport.park(LockSupport.java:175)
        at java.util.concurrent.locks.AbstractQueuedSynchronizer$ConditionObject.await(AbstractQueuedSynchronizer.java:2039)
        at java.util.concurrent.ScheduledThreadPoolExecutor$DelayedWorkQueue.take(ScheduledThreadPoolExecutor.java:1088)
        at java.util.concurrent.ScheduledThreadPoolExecutor$DelayedWorkQueue.take(ScheduledThreadPoolExecutor.java:809)
        at java.util.concurrent.ThreadPoolExecutor.getTask(ThreadPoolExecutor.java:1074)
        at java.util.concurrent.ThreadPoolExecutor.runWorker(ThreadPoolExecutor.java:1134)
        at java.util.concurrent.ThreadPoolExecutor$Worker.run(ThreadPoolExecutor.java:624)
        at java.lang.Thread.run(Thread.java:748)
"qtp934985972-188" daemon prio=5 tid=188 timed_waiting
java.lang.Thread.State: TIMED_WAITING
        at sun.misc.Unsafe.park(Native Method)
        at java.util.concurrent.locks.LockSupport.parkNanos(LockSupport.java:215)
        at java.util.concurrent.locks.AbstractQueuedSynchronizer$ConditionObject.awaitNanos(AbstractQueuedSynchronizer.java:2078)
        at org.eclipse.jetty.util.BlockingArrayQueue.poll(BlockingArrayQueue.java:382)
        at org.eclipse.jetty.util.thread.QueuedThreadPool$Runner.idleJobPoll(QueuedThreadPool.java:875)
        at org.eclipse.jetty.util.thread.QueuedThreadPool$Runner.run(QueuedThreadPool.java:925)
        at java.lang.Thread.run(Thread.java:748)
"EventQueue-ContainerReportForContainerReportHandler" daemon prio=5 tid=245 in Object.wait()
java.lang.Thread.State: WAITING (on object monitor)
        at sun.misc.Unsafe.park(Native Method)
        at java.util.concurrent.locks.LockSupport.park(LockSupport.java:175)
        at java.util.concurrent.locks.AbstractQueuedSynchronizer$ConditionObject.await(AbstractQueuedSynchronizer.java:2039)
        at java.util.concurrent.LinkedBlockingQueue.take(LinkedBlockingQueue.java:442)
        at java.util.concurrent.ThreadPoolExecutor.getTask(ThreadPoolExecutor.java:1074)
        at java.util.concurrent.ThreadPoolExecutor.runWorker(ThreadPoolExecutor.java:1134)
        at java.util.concurrent.ThreadPoolExecutor$Worker.run(ThreadPoolExecutor.java:624)
        at java.lang.Thread.run(Thread.java:748)
"ChunkWriter-2-0" daemon prio=5 tid=240 in Object.wait()
java.lang.Thread.State: WAITING (on object monitor)
        at sun.misc.Unsafe.park(Native Method)
        at java.util.concurrent.locks.LockSupport.park(LockSupport.java:175)
        at java.util.concurrent.locks.AbstractQueuedSynchronizer$ConditionObject.await(AbstractQueuedSynchronizer.java:2039)
        at java.util.concurrent.LinkedBlockingDeque.takeFirst(LinkedBlockingDeque.java:492)
        at java.util.concurrent.LinkedBlockingDeque.take(LinkedBlockingDeque.java:680)
        at java.util.concurrent.ThreadPoolExecutor.getTask(ThreadPoolExecutor.java:1074)
        at java.util.concurrent.ThreadPoolExecutor.runWorker(ThreadPoolExecutor.java:1134)
        at java.util.concurrent.ThreadPoolExecutor$Worker.run(ThreadPoolExecutor.java:624)
        at java.lang.Thread.run(Thread.java:748)
"IPC Server handler 13 on default port 36455" daemon prio=5 tid=133 timed_waiting
java.lang.Thread.State: TIMED_WAITING
        at sun.misc.Unsafe.park(Native Method)
        at java.util.concurrent.locks.LockSupport.parkNanos(LockSupport.java:215)
        at java.util.concurrent.locks.AbstractQueuedSynchronizer$ConditionObject.awaitNanos(AbstractQueuedSynchronizer.java:2078)
        at java.util.concurrent.LinkedBlockingQueue.poll(LinkedBlockingQueue.java:467)
        at org.apache.hadoop.ipc.CallQueueManager.take(CallQueueManager.java:295)
        at org.apache.hadoop.ipc.Server$Handler.run(Server.java:2881)
"qtp777295125-211" daemon prio=5 tid=211 timed_waiting
java.lang.Thread.State: TIMED_WAITING
        at sun.misc.Unsafe.park(Native Method)
        at java.util.concurrent.locks.LockSupport.parkNanos(LockSupport.java:215)
        at java.util.concurrent.locks.AbstractQueuedSynchronizer$ConditionObject.awaitNanos(AbstractQueuedSynchronizer.java:2078)
        at org.eclipse.jetty.util.BlockingArrayQueue.poll(BlockingArrayQueue.java:382)
        at org.eclipse.jetty.util.thread.QueuedThreadPool$Runner.idleJobPoll(QueuedThreadPool.java:875)
        at org.eclipse.jetty.util.thread.QueuedThreadPool$Runner.run(QueuedThreadPool.java:925)
        at java.lang.Thread.run(Thread.java:748)
"qtp448070390-141" daemon prio=5 tid=141 runnable
java.lang.Thread.State: RUNNABLE
        at sun.nio.ch.EPollArrayWrapper.epollWait(Native Method)
        at sun.nio.ch.EPollArrayWrapper.poll(EPollArrayWrapper.java:269)
        at sun.nio.ch.EPollSelectorImpl.doSelect(EPollSelectorImpl.java:93)
        at sun.nio.ch.SelectorImpl.lockAndDoSelect(SelectorImpl.java:86)
        at sun.nio.ch.SelectorImpl.select(SelectorImpl.java:97)
        at sun.nio.ch.SelectorImpl.select(SelectorImpl.java:101)
        at org.eclipse.jetty.io.ManagedSelector$SelectorProducer.select(ManagedSelector.java:472)
        at org.eclipse.jetty.io.ManagedSelector$SelectorProducer.produce(ManagedSelector.java:409)
        at org.eclipse.jetty.util.thread.strategy.EatWhatYouKill.produceTask(EatWhatYouKill.java:360)
        at org.eclipse.jetty.util.thread.strategy.EatWhatYouKill.doProduce(EatWhatYouKill.java:184)
        at org.eclipse.jetty.util.thread.strategy.EatWhatYouKill.tryProduce(EatWhatYouKill.java:171)
        at org.eclipse.jetty.util.thread.strategy.EatWhatYouKill.produce(EatWhatYouKill.java:135)
        at org.eclipse.jetty.io.ManagedSelector$$Lambda$72/1395912847.run(Unknown Source)
        at org.eclipse.jetty.util.thread.QueuedThreadPool.runJob(QueuedThreadPool.java:806)
        at org.eclipse.jetty.util.thread.QueuedThreadPool$Runner.run(QueuedThreadPool.java:938)
        at java.lang.Thread.run(Thread.java:748)
"BlockDeletingService#1" daemon prio=5 tid=243 timed_waiting
java.lang.Thread.State: TIMED_WAITING
        at sun.misc.Unsafe.park(Native Method)
        at java.util.concurrent.locks.LockSupport.parkNanos(LockSupport.java:215)
        at java.util.concurrent.locks.AbstractQueuedSynchronizer$ConditionObject.awaitNanos(AbstractQueuedSynchronizer.java:2078)
        at java.util.concurrent.ScheduledThreadPoolExecutor$DelayedWorkQueue.take(ScheduledThreadPoolExecutor.java:1093)
        at java.util.concurrent.ScheduledThreadPoolExecutor$DelayedWorkQueue.take(ScheduledThreadPoolExecutor.java:809)
        at java.util.concurrent.ThreadPoolExecutor.getTask(ThreadPoolExecutor.java:1074)
        at java.util.concurrent.ThreadPoolExecutor.runWorker(ThreadPoolExecutor.java:1134)
        at java.util.concurrent.ThreadPoolExecutor$Worker.run(ThreadPoolExecutor.java:624)
        at java.lang.Thread.run(Thread.java:748)
"SCMBlockDeletingService#0" daemon prio=5 tid=106 timed_waiting
java.lang.Thread.State: TIMED_WAITING
        at sun.misc.Unsafe.park(Native Method)
        at java.util.concurrent.locks.LockSupport.parkNanos(LockSupport.java:215)
        at java.util.concurrent.locks.AbstractQueuedSynchronizer$ConditionObject.awaitNanos(AbstractQueuedSynchronizer.java:2078)
        at java.util.concurrent.ScheduledThreadPoolExecutor$DelayedWorkQueue.take(ScheduledThreadPoolExecutor.java:1093)
        at java.util.concurrent.ScheduledThreadPoolExecutor$DelayedWorkQueue.take(ScheduledThreadPoolExecutor.java:809)
        at java.util.concurrent.ThreadPoolExecutor.getTask(ThreadPoolExecutor.java:1074)
        at java.util.concurrent.ThreadPoolExecutor.runWorker(ThreadPoolExecutor.java:1134)
        at java.util.concurrent.ThreadPoolExecutor$Worker.run(ThreadPoolExecutor.java:624)
        at java.lang.Thread.run(Thread.java:748)
"Session-HouseKeeper-5a8d03ce-1"  prio=5 tid=166 timed_waiting
java.lang.Thread.State: TIMED_WAITING
        at sun.misc.Unsafe.park(Native Method)
        at java.util.concurrent.locks.LockSupport.parkNanos(LockSupport.java:215)
        at java.util.concurrent.locks.AbstractQueuedSynchronizer$ConditionObject.awaitNanos(AbstractQueuedSynchronizer.java:2078)
        at java.util.concurrent.ScheduledThreadPoolExecutor$DelayedWorkQueue.take(ScheduledThreadPoolExecutor.java:1093)
        at java.util.concurrent.ScheduledThreadPoolExecutor$DelayedWorkQueue.take(ScheduledThreadPoolExecutor.java:809)
        at java.util.concurrent.ThreadPoolExecutor.getTask(ThreadPoolExecutor.java:1074)
        at java.util.concurrent.ThreadPoolExecutor.runWorker(ThreadPoolExecutor.java:1134)
        at java.util.concurrent.ThreadPoolExecutor$Worker.run(ThreadPoolExecutor.java:624)
        at java.lang.Thread.run(Thread.java:748)
"46593078-1315-442c-91b1-b92b4f012500@group-E2DBF971A61D-SegmentedRaftLogWorker"  prio=5 tid=256 timed_waiting
java.lang.Thread.State: TIMED_WAITING
        at sun.misc.Unsafe.park(Native Method)
        at java.util.concurrent.locks.LockSupport.parkNanos(LockSupport.java:215)
        at java.util.concurrent.locks.AbstractQueuedSynchronizer$ConditionObject.awaitNanos(AbstractQueuedSynchronizer.java:2078)
        at org.apache.ratis.util.DataBlockingQueue.poll(DataBlockingQueue.java:137)
        at org.apache.ratis.server.raftlog.segmented.SegmentedRaftLogWorker.run(SegmentedRaftLogWorker.java:287)
        at java.lang.Thread.run(Thread.java:748)
"IPC Server handler 0 on default port 36455" daemon prio=5 tid=119 timed_waiting
java.lang.Thread.State: TIMED_WAITING
        at sun.misc.Unsafe.park(Native Method)
        at java.util.concurrent.locks.LockSupport.parkNanos(LockSupport.java:215)
        at java.util.concurrent.locks.AbstractQueuedSynchronizer$ConditionObject.awaitNanos(AbstractQueuedSynchronizer.java:2078)
        at java.util.concurrent.LinkedBlockingQueue.poll(LinkedBlockingQueue.java:467)
        at org.apache.hadoop.ipc.CallQueueManager.take(CallQueueManager.java:295)
        at org.apache.hadoop.ipc.Server$Handler.run(Server.java:2881)
"IPC Server handler 16 on default port 37665" daemon prio=5 tid=91 timed_waiting
java.lang.Thread.State: TIMED_WAITING
        at sun.misc.Unsafe.park(Native Method)
        at java.util.concurrent.locks.LockSupport.parkNanos(LockSupport.java:215)
        at java.util.concurrent.locks.AbstractQueuedSynchronizer$ConditionObject.awaitNanos(AbstractQueuedSynchronizer.java:2078)
        at java.util.concurrent.LinkedBlockingQueue.poll(LinkedBlockingQueue.java:467)
        at org.apache.hadoop.ipc.CallQueueManager.take(CallQueueManager.java:295)
        at org.apache.hadoop.ipc.Server$Handler.run(Server.java:2881)
"Listener at 127.0.0.1/36455"  prio=5 tid=1 runnable
java.lang.Thread.State: RUNNABLE
        at java.lang.Thread.dumpThreads(Native Method)
        at java.lang.Thread.getAllStackTraces(Thread.java:1610)
        at org.apache.hadoop.test.TimedOutTestsListener.buildThreadDump(TimedOutTestsListener.java:93)
        at org.apache.hadoop.test.TimedOutTestsListener.buildThreadDiagnosticString(TimedOutTestsListener.java:79)
        at org.apache.hadoop.test.GenericTestUtils.waitFor(GenericTestUtils.java:225)
        at org.apache.hadoop.ozone.MiniOzoneClusterImpl.waitForClusterToBeReady(MiniOzoneClusterImpl.java:172)
        at org.apache.hadoop.ozone.fsck.TestContainerMapper.init(TestContainerMapper.java:79)
        at sun.reflect.NativeMethodAccessorImpl.invoke0(Native Method)
        at sun.reflect.NativeMethodAccessorImpl.invoke(NativeMethodAccessorImpl.java:62)
        at sun.reflect.DelegatingMethodAccessorImpl.invoke(DelegatingMethodAccessorImpl.java:43)
        at java.lang.reflect.Method.invoke(Method.java:498)
        at org.junit.runners.model.FrameworkMethod$1.runReflectiveCall(FrameworkMethod.java:47)
        at org.junit.internal.runners.model.ReflectiveCallable.run(ReflectiveCallable.java:12)
        at org.junit.runners.model.FrameworkMethod.invokeExplosively(FrameworkMethod.java:44)
        at org.junit.internal.runners.statements.RunBefores.evaluate(RunBefores.java:24)
        at org.junit.internal.runners.statements.RunAfters.evaluate(RunAfters.java:27)
        at org.junit.runners.ParentRunner.run(ParentRunner.java:309)
        at org.apache.maven.surefire.junit4.JUnit4Provider.execute(JUnit4Provider.java:365)
        at org.apache.maven.surefire.junit4.JUnit4Provider.executeWithRerun(JUnit4Provider.java:273)
        at org.apache.maven.surefire.junit4.JUnit4Provider.executeTestSet(JUnit4Provider.java:238)
        at org.apache.maven.surefire.junit4.JUnit4Provider.invoke(JUnit4Provider.java:159)
        at org.apache.maven.surefire.booter.ForkedBooter.invokeProviderInSameClassLoader(ForkedBooter.java:384)
        at org.apache.maven.surefire.booter.ForkedBooter.runSuitesInProcess(ForkedBooter.java:345)
        at org.apache.maven.surefire.booter.ForkedBooter.execute(ForkedBooter.java:126)
        at org.apache.maven.surefire.booter.ForkedBooter.main(ForkedBooter.java:418)
"IPC Server handler 8 on default port 36455" daemon prio=5 tid=128 timed_waiting
java.lang.Thread.State: TIMED_WAITING
        at sun.misc.Unsafe.park(Native Method)
        at java.util.concurrent.locks.LockSupport.parkNanos(LockSupport.java:215)
        at java.util.concurrent.locks.AbstractQueuedSynchronizer$ConditionObject.awaitNanos(AbstractQueuedSynchronizer.java:2078)
        at java.util.concurrent.LinkedBlockingQueue.poll(LinkedBlockingQueue.java:467)
        at org.apache.hadoop.ipc.CallQueueManager.take(CallQueueManager.java:295)
        at org.apache.hadoop.ipc.Server$Handler.run(Server.java:2881)
"ChunkWriter-3-0" daemon prio=5 tid=234 in Object.wait()
java.lang.Thread.State: WAITING (on object monitor)
        at sun.misc.Unsafe.park(Native Method)
        at java.util.concurrent.locks.LockSupport.park(LockSupport.java:175)
        at java.util.concurrent.locks.AbstractQueuedSynchronizer$ConditionObject.await(AbstractQueuedSynchronizer.java:2039)
        at java.util.concurrent.LinkedBlockingDeque.takeFirst(LinkedBlockingDeque.java:492)
        at java.util.concurrent.LinkedBlockingDeque.take(LinkedBlockingDeque.java:680)
        at java.util.concurrent.ThreadPoolExecutor.getTask(ThreadPoolExecutor.java:1074)
        at java.util.concurrent.ThreadPoolExecutor.runWorker(ThreadPoolExecutor.java:1134)
        at java.util.concurrent.ThreadPoolExecutor$Worker.run(ThreadPoolExecutor.java:624)
        at java.lang.Thread.run(Thread.java:748)
"Session-HouseKeeper-21252bef-1"  prio=5 tid=190 timed_waiting
java.lang.Thread.State: TIMED_WAITING
        at sun.misc.Unsafe.park(Native Method)
        at java.util.concurrent.locks.LockSupport.parkNanos(LockSupport.java:215)
        at java.util.concurrent.locks.AbstractQueuedSynchronizer$ConditionObject.awaitNanos(AbstractQueuedSynchronizer.java:2078)
        at java.util.concurrent.ScheduledThreadPoolExecutor$DelayedWorkQueue.take(ScheduledThreadPoolExecutor.java:1093)
        at java.util.concurrent.ScheduledThreadPoolExecutor$DelayedWorkQueue.take(ScheduledThreadPoolExecutor.java:809)
        at java.util.concurrent.ThreadPoolExecutor.getTask(ThreadPoolExecutor.java:1074)
        at java.util.concurrent.ThreadPoolExecutor.runWorker(ThreadPoolExecutor.java:1134)
        at java.util.concurrent.ThreadPoolExecutor$Worker.run(ThreadPoolExecutor.java:624)
        at java.lang.Thread.run(Thread.java:748)
"IPC Server idle connection scanner for port 37665" daemon prio=5 tid=18 timed_waiting
java.lang.Thread.State: TIMED_WAITING
        at java.lang.Object.wait(Native Method)
        at java.util.TimerThread.mainLoop(Timer.java:552)
        at java.util.TimerThread.run(Timer.java:505)


	at org.apache.hadoop.test.GenericTestUtils.waitFor(GenericTestUtils.java:225)
	at org.apache.hadoop.ozone.MiniOzoneClusterImpl.waitForClusterToBeReady(MiniOzoneClusterImpl.java:172)
	at org.apache.hadoop.ozone.fsck.TestContainerMapper.init(TestContainerMapper.java:79)
	at sun.reflect.NativeMethodAccessorImpl.invoke0(Native Method)
	at sun.reflect.NativeMethodAccessorImpl.invoke(NativeMethodAccessorImpl.java:62)
	at sun.reflect.DelegatingMethodAccessorImpl.invoke(DelegatingMethodAccessorImpl.java:43)
	at java.lang.reflect.Method.invoke(Method.java:498)
	at org.junit.runners.model.FrameworkMethod$1.runReflectiveCall(FrameworkMethod.java:47)
	at org.junit.internal.runners.model.ReflectiveCallable.run(ReflectiveCallable.java:12)
	at org.junit.runners.model.FrameworkMethod.invokeExplosively(FrameworkMethod.java:44)
	at org.junit.internal.runners.statements.RunBefores.evaluate(RunBefores.java:24)
	at org.junit.internal.runners.statements.RunAfters.evaluate(RunAfters.java:27)
	at org.junit.runners.ParentRunner.run(ParentRunner.java:309)
	at org.apache.maven.surefire.junit4.JUnit4Provider.execute(JUnit4Provider.java:365)
	at org.apache.maven.surefire.junit4.JUnit4Provider.executeWithRerun(JUnit4Provider.java:273)
	at org.apache.maven.surefire.junit4.JUnit4Provider.executeTestSet(JUnit4Provider.java:238)
	at org.apache.maven.surefire.junit4.JUnit4Provider.invoke(JUnit4Provider.java:159)
	at org.apache.maven.surefire.booter.ForkedBooter.invokeProviderInSameClassLoader(ForkedBooter.java:384)
	at org.apache.maven.surefire.booter.ForkedBooter.runSuitesInProcess(ForkedBooter.java:345)
	at org.apache.maven.surefire.booter.ForkedBooter.execute(ForkedBooter.java:126)
	at org.apache.maven.surefire.booter.ForkedBooter.main(ForkedBooter.java:418)
</error>
    <system-out><![CDATA[2020-06-02 23:34:58,890 [main] WARN  server.ServerUtils (ServerUtils.java:getScmDbDir(148)) - ozone.scm.db.dirs is not configured. We recommend adding this setting. Falling back to ozone.metadata.dirs instead.
2020-06-02 23:34:58,978 [main] WARN  server.ServerUtils (ServerUtils.java:getScmDbDir(148)) - ozone.scm.db.dirs is not configured. We recommend adding this setting. Falling back to ozone.metadata.dirs instead.
2020-06-02 23:34:59,132 [main] WARN  db.DBStoreBuilder (DBStoreBuilder.java:createDBStoreBuilder(277)) - ozone.scm.db.dirs is not configured. We recommend adding this setting. Falling back to ozone.metadata.dirs instead.
2020-06-02 23:34:59,307 [main] INFO  net.NodeSchemaLoader (NodeSchemaLoader.java:loadSchemaFromFile(126)) - Loading file from sun.misc.CompoundEnumeration@1af7f54a
2020-06-02 23:34:59,309 [main] INFO  net.NodeSchemaLoader (NodeSchemaLoader.java:loadSchema(172)) - Loading network topology layer schema file
2020-06-02 23:34:59,417 [main] WARN  server.ServerUtils (ServerUtils.java:sanitizeUserArgs(73)) - ozone.scm.stale.node.interval value = 300000 is larger than max = 100000 based on the key value of ozone.scm.heartbeat.thread.interval, reset to the max value 100000.
2020-06-02 23:34:59,417 [main] WARN  server.ServerUtils (ServerUtils.java:sanitizeUserArgs(73)) - ozone.scm.stale.node.interval value = 300000 is larger than max = 100000 based on the key value of ozone.scm.heartbeat.thread.interval, reset to the max value 100000.
2020-06-02 23:34:59,424 [main] INFO  node.SCMNodeManager (SCMNodeManager.java:<init>(116)) - Entering startup safe mode.
2020-06-02 23:34:59,593 [main] INFO  algorithms.ContainerPlacementPolicyFactory (ContainerPlacementPolicyFactory.java:getPolicy(60)) - Create container placement policy of type org.apache.hadoop.hdds.scm.container.placement.algorithms.SCMContainerPlacementRandom
2020-06-02 23:34:59,632 [main] INFO  pipeline.SCMPipelineManager (SCMPipelineManager.java:initializePipelineState(158)) - No pipeline exists in current db
2020-06-02 23:34:59,741 [main] INFO  safemode.HealthyPipelineSafeModeRule (HealthyPipelineSafeModeRule.java:<init>(89)) - Total pipeline count is 0, healthy pipeline threshold count is 0
2020-06-02 23:34:59,745 [main] INFO  safemode.OneReplicaPipelineSafeModeRule (OneReplicaPipelineSafeModeRule.java:<init>(79)) - Total pipeline count is 0, pipeline's with at least one datanode reported threshold count is 0
2020-06-02 23:34:59,782 [RatisPipelineUtilsThread] ERROR pipeline.SCMPipelineManager (SCMPipelineManager.java:createPipeline(222)) - Failed to create pipeline of type RATIS and factor ONE. Exception: Cannot create pipeline of factor 1 using 0 nodes. Used 0 nodes. Healthy nodes 0
2020-06-02 23:35:00,122 [main] INFO  ipc.CallQueueManager (CallQueueManager.java:<init>(84)) - Using callQueue: class java.util.concurrent.LinkedBlockingQueue, queueCapacity: 2000, scheduler: class org.apache.hadoop.ipc.DefaultRpcScheduler, ipcBackoff: false.
2020-06-02 23:35:00,148 [Socket Reader #1 for port 0] INFO  ipc.Server (Server.java:run(1219)) - Starting Socket Reader #1 for port 0
2020-06-02 23:35:00,183 [Listener at 0.0.0.0/37665] INFO  ipc.CallQueueManager (CallQueueManager.java:<init>(84)) - Using callQueue: class java.util.concurrent.LinkedBlockingQueue, queueCapacity: 2000, scheduler: class org.apache.hadoop.ipc.DefaultRpcScheduler, ipcBackoff: false.
2020-06-02 23:35:00,187 [Socket Reader #1 for port 0] INFO  ipc.Server (Server.java:run(1219)) - Starting Socket Reader #1 for port 0
2020-06-02 23:35:00,198 [Listener at 0.0.0.0/41087] INFO  ipc.CallQueueManager (CallQueueManager.java:<init>(84)) - Using callQueue: class java.util.concurrent.LinkedBlockingQueue, queueCapacity: 2000, scheduler: class org.apache.hadoop.ipc.DefaultRpcScheduler, ipcBackoff: false.
2020-06-02 23:35:00,199 [Socket Reader #1 for port 0] INFO  ipc.Server (Server.java:run(1219)) - Starting Socket Reader #1 for port 0
2020-06-02 23:35:00,219 [Listener at 0.0.0.0/45051] INFO  http.BaseHttpServer (BaseHttpServer.java:newHttpServer2BuilderForOzone(205)) - Starting Web-server for scm at: http://0.0.0.0:0
2020-06-02 23:35:00,219 [Listener at 0.0.0.0/45051] INFO  http.BaseHttpServer (BaseHttpServer.java:<init>(106)) - Hadoop Security Enabled: false Ozone Security Enabled: false Ozone HTTP Security Enabled: false 
2020-06-02 23:35:00,244 [Listener at 0.0.0.0/45051] INFO  util.log (Log.java:initialized(169)) - Logging initialized @2473ms to org.eclipse.jetty.util.log.Slf4jLog
2020-06-02 23:35:00,381 [Listener at 0.0.0.0/45051] INFO  server.AuthenticationFilter (AuthenticationFilter.java:constructSecretProvider(240)) - Unable to initialize FileSignerSecretProvider, falling back to use random secrets.
2020-06-02 23:35:00,396 [Listener at 0.0.0.0/45051] WARN  http.HttpRequestLog (HttpRequestLog.java:getRequestLog(103)) - Jetty request log can only be enabled using Log4j
2020-06-02 23:35:00,402 [Listener at 0.0.0.0/45051] INFO  http.HttpServer2 (HttpServer2.java:addGlobalFilter(993)) - Added global filter 'safety' (class=org.apache.hadoop.hdds.server.http.HttpServer2$QuotingInputFilter)
2020-06-02 23:35:00,404 [Listener at 0.0.0.0/45051] INFO  http.HttpServer2 (HttpServer2.java:addFilter(969)) - Added filter authentication (class=org.apache.hadoop.security.authentication.server.AuthenticationFilter) to context scm
2020-06-02 23:35:00,404 [Listener at 0.0.0.0/45051] INFO  http.HttpServer2 (HttpServer2.java:addFilter(977)) - Added filter authentication (class=org.apache.hadoop.security.authentication.server.AuthenticationFilter) to context static
2020-06-02 23:35:00,405 [Listener at 0.0.0.0/45051] INFO  http.HttpServer2 (HttpServer2.java:addFilter(977)) - Added filter authentication (class=org.apache.hadoop.security.authentication.server.AuthenticationFilter) to context logs
2020-06-02 23:35:00,465 [Listener at 0.0.0.0/45051] INFO  server.StorageContainerManager (StorageContainerManager.java:start(781)) - StorageContainerLocationProtocol RPC server is listening at /0.0.0.0:45051
2020-06-02 23:35:00,519 [Listener at 0.0.0.0/45051] WARN  impl.MetricsConfig (MetricsConfig.java:loadFirst(134)) - Cannot locate configuration: tried hadoop-metrics2-storagecontainermanager.properties,hadoop-metrics2.properties
2020-06-02 23:35:00,534 [Listener at 0.0.0.0/45051] INFO  impl.MetricsSystemImpl (MetricsSystemImpl.java:startTimer(374)) - Scheduled Metric snapshot period at 10 second(s).
2020-06-02 23:35:00,534 [Listener at 0.0.0.0/45051] INFO  impl.MetricsSystemImpl (MetricsSystemImpl.java:start(191)) - StorageContainerManager metrics system started
2020-06-02 23:35:00,754 [Listener at 0.0.0.0/45051] INFO  server.SCMClientProtocolServer (SCMClientProtocolServer.java:start(157)) - RPC server for Client  is listening at /0.0.0.0:45051
2020-06-02 23:35:00,755 [IPC Server Responder] INFO  ipc.Server (Server.java:run(1460)) - IPC Server Responder: starting
2020-06-02 23:35:00,756 [IPC Server listener on 0] INFO  ipc.Server (Server.java:run(1298)) - IPC Server listener on 0: starting
2020-06-02 23:35:00,765 [Listener at 0.0.0.0/45051] INFO  server.StorageContainerManager (StorageContainerManager.java:start(793)) - ScmBlockLocationProtocol RPC server is listening at /0.0.0.0:41087
2020-06-02 23:35:00,766 [Listener at 0.0.0.0/45051] INFO  server.SCMBlockProtocolServer (SCMBlockProtocolServer.java:start(149)) - RPC server for Block Protocol is listening at /0.0.0.0:41087
2020-06-02 23:35:00,766 [IPC Server Responder] INFO  ipc.Server (Server.java:run(1460)) - IPC Server Responder: starting
2020-06-02 23:35:00,766 [IPC Server listener on 0] INFO  ipc.Server (Server.java:run(1298)) - IPC Server listener on 0: starting
2020-06-02 23:35:00,769 [Listener at 0.0.0.0/45051] INFO  server.StorageContainerManager (StorageContainerManager.java:start(799)) - ScmDatanodeProtocl RPC server is listening at /0.0.0.0:37665
2020-06-02 23:35:00,769 [Listener at 0.0.0.0/45051] INFO  server.SCMDatanodeProtocolServer (SCMDatanodeProtocolServer.java:start(172)) - RPC server for DataNodes is listening at /0.0.0.0:37665
2020-06-02 23:35:00,770 [IPC Server Responder] INFO  ipc.Server (Server.java:run(1460)) - IPC Server Responder: starting
2020-06-02 23:35:00,770 [IPC Server listener on 0] INFO  ipc.Server (Server.java:run(1298)) - IPC Server listener on 0: starting
2020-06-02 23:35:00,774 [Listener at 0.0.0.0/45051] INFO  http.HttpServer2 (HttpServer2.java:bindListener(1211)) - Jetty bound to port 38263
2020-06-02 23:35:00,776 [Listener at 0.0.0.0/45051] INFO  server.Server (Server.java:doStart(359)) - jetty-9.4.26.v20200117; built: 2020-01-17T12:35:33.676Z; git: 7b38981d25d14afb4a12ff1f2596756144edf695; jvm 1.8.0_232-b09
2020-06-02 23:35:00,804 [Listener at 0.0.0.0/45051] INFO  server.session (DefaultSessionIdManager.java:doStart(333)) - DefaultSessionIdManager workerName=node0
2020-06-02 23:35:00,804 [Listener at 0.0.0.0/45051] INFO  server.session (DefaultSessionIdManager.java:doStart(338)) - No SessionScavenger set, using defaults
2020-06-02 23:35:00,806 [Listener at 0.0.0.0/45051] INFO  server.session (HouseKeeper.java:startScavenging(140)) - node0 Scavenging every 600000ms
2020-06-02 23:35:00,819 [Listener at 0.0.0.0/45051] INFO  server.AuthenticationFilter (AuthenticationFilter.java:constructSecretProvider(240)) - Unable to initialize FileSignerSecretProvider, falling back to use random secrets.
2020-06-02 23:35:00,822 [Listener at 0.0.0.0/45051] INFO  handler.ContextHandler (ContextHandler.java:doStart(825)) - Started o.e.j.s.ServletContextHandler@2282400e{logs,/logs,file:///github/workspace/mnt/ozone/hadoop-ozone/integration-test/target/log,AVAILABLE}
2020-06-02 23:35:00,822 [Listener at 0.0.0.0/45051] INFO  handler.ContextHandler (ContextHandler.java:doStart(825)) - Started o.e.j.s.ServletContextHandler@40ce9049{static,/static,file:///github/workspace/mnt/ozone/hadoop-ozone/integration-test/target/test-classes/webapps/static,AVAILABLE}
2020-06-02 23:35:00,861 [Listener at 0.0.0.0/45051] INFO  handler.ContextHandler (ContextHandler.java:doStart(825)) - Started o.e.j.w.WebAppContext@55296b50{scm,/,file:///github/workspace/mnt/ozone/hadoop-ozone/integration-test/target/test-classes/webapps/scm/,AVAILABLE}{file:/github/workspace/mnt/ozone/hadoop-ozone/integration-test/target/test-classes/webapps/scm}
2020-06-02 23:35:00,869 [Listener at 0.0.0.0/45051] INFO  server.AbstractConnector (AbstractConnector.java:doStart(330)) - Started ServerConnector@7bee8621{HTTP/1.1,[http/1.1]}{0.0.0.0:38263}
2020-06-02 23:35:00,869 [Listener at 0.0.0.0/45051] INFO  server.Server (Server.java:doStart(399)) - Started @3097ms
2020-06-02 23:35:00,871 [Listener at 0.0.0.0/45051] INFO  impl.MetricsSinkAdapter (MetricsSinkAdapter.java:start(204)) - Sink prometheus started
2020-06-02 23:35:00,871 [Listener at 0.0.0.0/45051] INFO  impl.MetricsSystemImpl (MetricsSystemImpl.java:registerSink(301)) - Registered sink prometheus
2020-06-02 23:35:00,874 [Listener at 0.0.0.0/45051] INFO  http.BaseHttpServer (BaseHttpServer.java:updateConnectorAddress(325)) - HTTP server of scm listening at http://0.0.0.0:38263
2020-06-02 23:35:00,889 [org.apache.hadoop.util.JvmPauseMonitor$Monitor@5fdd97c1] INFO  util.JvmPauseMonitor (JvmPauseMonitor.java:run(188)) - Starting JVM pause monitor
2020-06-02 23:35:00,969 [Listener at 0.0.0.0/45051] INFO  ha.OMHANodeDetails (OMHANodeDetails.java:loadOMHAConfig(104)) - ozone.om.internal.service.id is not defined, falling back to ozone.om.service.ids to find serviceID for OzoneManager if it is HA enabled cluster
2020-06-02 23:35:00,971 [Listener at 0.0.0.0/45051] INFO  ha.OMHANodeDetails (OMHANodeDetails.java:loadOMHAConfig(207)) - Configuration either no ozone.om.address set. Falling back to the default OM address /127.0.0.1:0
2020-06-02 23:35:00,971 [Listener at 0.0.0.0/45051] INFO  ha.OMHANodeDetails (OMHANodeDetails.java:getOMNodeDetails(237)) - OM Service ID is not set. Setting it to the default ID: omServiceIdDefault
2020-06-02 23:35:01,801 [Listener at 0.0.0.0/45051] INFO  ipc.CallQueueManager (CallQueueManager.java:<init>(84)) - Using callQueue: class java.util.concurrent.LinkedBlockingQueue, queueCapacity: 2000, scheduler: class org.apache.hadoop.ipc.DefaultRpcScheduler, ipcBackoff: false.
2020-06-02 23:35:01,802 [Socket Reader #1 for port 0] INFO  ipc.Server (Server.java:run(1219)) - Starting Socket Reader #1 for port 0
2020-06-02 23:35:01,824 [Listener at 127.0.0.1/36455] INFO  impl.MetricsSystemImpl (MetricsSystemImpl.java:init(158)) - OzoneManager metrics system started (again)
2020-06-02 23:35:01,826 [Listener at 127.0.0.1/36455] INFO  om.OzoneManager (OzoneManager.java:start(1097)) - OzoneManager RPC server is listening at localhost/127.0.0.1:36455
2020-06-02 23:35:01,846 [IPC Server Responder] INFO  ipc.Server (Server.java:run(1460)) - IPC Server Responder: starting
2020-06-02 23:35:01,851 [IPC Server listener on 0] INFO  ipc.Server (Server.java:run(1298)) - IPC Server listener on 0: starting
2020-06-02 23:35:01,876 [Listener at 127.0.0.1/36455] INFO  http.BaseHttpServer (BaseHttpServer.java:newHttpServer2BuilderForOzone(205)) - Starting Web-server for ozoneManager at: http://0.0.0.0:0
2020-06-02 23:35:01,876 [Listener at 127.0.0.1/36455] INFO  http.BaseHttpServer (BaseHttpServer.java:<init>(106)) - Hadoop Security Enabled: false Ozone Security Enabled: false Ozone HTTP Security Enabled: false 
2020-06-02 23:35:01,878 [Listener at 127.0.0.1/36455] INFO  server.AuthenticationFilter (AuthenticationFilter.java:constructSecretProvider(240)) - Unable to initialize FileSignerSecretProvider, falling back to use random secrets.
2020-06-02 23:35:01,878 [Listener at 127.0.0.1/36455] WARN  http.HttpRequestLog (HttpRequestLog.java:getRequestLog(103)) - Jetty request log can only be enabled using Log4j
2020-06-02 23:35:01,879 [Listener at 127.0.0.1/36455] INFO  http.HttpServer2 (HttpServer2.java:addGlobalFilter(993)) - Added global filter 'safety' (class=org.apache.hadoop.hdds.server.http.HttpServer2$QuotingInputFilter)
2020-06-02 23:35:01,880 [Listener at 127.0.0.1/36455] INFO  http.HttpServer2 (HttpServer2.java:addFilter(969)) - Added filter authentication (class=org.apache.hadoop.security.authentication.server.AuthenticationFilter) to context ozoneManager
2020-06-02 23:35:01,880 [Listener at 127.0.0.1/36455] INFO  http.HttpServer2 (HttpServer2.java:addFilter(977)) - Added filter authentication (class=org.apache.hadoop.security.authentication.server.AuthenticationFilter) to context static
2020-06-02 23:35:01,880 [Listener at 127.0.0.1/36455] INFO  http.HttpServer2 (HttpServer2.java:addFilter(977)) - Added filter authentication (class=org.apache.hadoop.security.authentication.server.AuthenticationFilter) to context logs
2020-06-02 23:35:01,883 [Listener at 127.0.0.1/36455] INFO  http.HttpServer2 (HttpServer2.java:bindListener(1211)) - Jetty bound to port 46471
2020-06-02 23:35:01,883 [Listener at 127.0.0.1/36455] INFO  server.Server (Server.java:doStart(359)) - jetty-9.4.26.v20200117; built: 2020-01-17T12:35:33.676Z; git: 7b38981d25d14afb4a12ff1f2596756144edf695; jvm 1.8.0_232-b09
2020-06-02 23:35:01,885 [Listener at 127.0.0.1/36455] INFO  server.session (DefaultSessionIdManager.java:doStart(333)) - DefaultSessionIdManager workerName=node0
2020-06-02 23:35:01,885 [Listener at 127.0.0.1/36455] INFO  server.session (DefaultSessionIdManager.java:doStart(338)) - No SessionScavenger set, using defaults
2020-06-02 23:35:01,886 [Listener at 127.0.0.1/36455] INFO  server.session (HouseKeeper.java:startScavenging(140)) - node0 Scavenging every 600000ms
2020-06-02 23:35:01,886 [Listener at 127.0.0.1/36455] INFO  server.AuthenticationFilter (AuthenticationFilter.java:constructSecretProvider(240)) - Unable to initialize FileSignerSecretProvider, falling back to use random secrets.
2020-06-02 23:35:01,887 [Listener at 127.0.0.1/36455] INFO  handler.ContextHandler (ContextHandler.java:doStart(825)) - Started o.e.j.s.ServletContextHandler@4cd51e4e{logs,/logs,file:///github/workspace/mnt/ozone/hadoop-ozone/integration-test/target/log,AVAILABLE}
2020-06-02 23:35:01,887 [Listener at 127.0.0.1/36455] INFO  handler.ContextHandler (ContextHandler.java:doStart(825)) - Started o.e.j.s.ServletContextHandler@25172993{static,/static,file:///github/workspace/mnt/ozone/hadoop-ozone/integration-test/target/test-classes/webapps/static,AVAILABLE}
2020-06-02 23:35:01,892 [Listener at 127.0.0.1/36455] INFO  handler.ContextHandler (ContextHandler.java:doStart(825)) - Started o.e.j.w.WebAppContext@2626aa35{ozoneManager,/,file:///github/workspace/mnt/ozone/hadoop-ozone/integration-test/target/test-classes/webapps/ozoneManager/,AVAILABLE}{file:/github/workspace/mnt/ozone/hadoop-ozone/integration-test/target/test-classes/webapps/ozoneManager}
2020-06-02 23:35:01,892 [Listener at 127.0.0.1/36455] INFO  server.AbstractConnector (AbstractConnector.java:doStart(330)) - Started ServerConnector@6f1163f7{HTTP/1.1,[http/1.1]}{0.0.0.0:46471}
2020-06-02 23:35:01,893 [Listener at 127.0.0.1/36455] INFO  server.Server (Server.java:doStart(399)) - Started @4121ms
2020-06-02 23:35:01,893 [Listener at 127.0.0.1/36455] WARN  impl.MetricsSystemImpl (MetricsSystemImpl.java:register(276)) - Sink prometheus already exists!
2020-06-02 23:35:01,923 [Listener at 127.0.0.1/36455] INFO  http.BaseHttpServer (BaseHttpServer.java:updateConnectorAddress(325)) - HTTP server of ozoneManager listening at http://0.0.0.0:46471
2020-06-02 23:35:01,931 [org.apache.hadoop.util.JvmPauseMonitor$Monitor@55665086] INFO  util.JvmPauseMonitor (JvmPauseMonitor.java:run(188)) - Starting JVM pause monitor
2020-06-02 23:35:02,056 [Listener at 127.0.0.1/36455] INFO  metrics.MetricRegistries (MetricRegistriesLoader.java:load(64)) - Loaded MetricRegistries class org.apache.ratis.metrics.impl.MetricRegistriesImpl
2020-06-02 23:35:02,059 [Listener at 127.0.0.1/36455] INFO  impl.MetricsSystemImpl (MetricsSystemImpl.java:init(158)) - HddsDatanode metrics system started (again)
2020-06-02 23:35:02,064 [Listener at 127.0.0.1/36455] INFO  ozone.HddsDatanodeService (HddsDatanodeService.java:start(205)) - HddsDatanodeService host:4c74825c5481 ip:172.17.0.2
2020-06-02 23:35:02,145 [Listener at 127.0.0.1/36455] INFO  volume.HddsVolume (HddsVolume.java:<init>(176)) - Creating Volume: /github/workspace/mnt/ozone/hadoop-ozone/integration-test/target/test-dir/MiniOzoneClusterImpl-31b4c61b-beaa-4c19-8fbb-f7fa03016b8e/datanode-0/data-0/containers/hdds of storage type : DISK and capacity : 9223372036854775807
2020-06-02 23:35:02,150 [Listener at 127.0.0.1/36455] INFO  volume.MutableVolumeSet (MutableVolumeSet.java:initializeVolumeSet(181)) - Added Volume : /github/workspace/mnt/ozone/hadoop-ozone/integration-test/target/test-dir/MiniOzoneClusterImpl-31b4c61b-beaa-4c19-8fbb-f7fa03016b8e/datanode-0/data-0/containers/hdds to VolumeSet
2020-06-02 23:35:02,152 [Listener at 127.0.0.1/36455] INFO  volume.ThrottledAsyncChecker (ThrottledAsyncChecker.java:schedule(141)) - Scheduling a check for /github/workspace/mnt/ozone/hadoop-ozone/integration-test/target/test-dir/MiniOzoneClusterImpl-31b4c61b-beaa-4c19-8fbb-f7fa03016b8e/datanode-0/data-0/containers/hdds
2020-06-02 23:35:02,174 [Listener at 127.0.0.1/36455] INFO  volume.HddsVolumeChecker (HddsVolumeChecker.java:checkAllVolumes(200)) - Scheduled health check for volume /github/workspace/mnt/ozone/hadoop-ozone/integration-test/target/test-dir/MiniOzoneClusterImpl-31b4c61b-beaa-4c19-8fbb-f7fa03016b8e/datanode-0/data-0/containers/hdds
2020-06-02 23:35:02,313 [Listener at 127.0.0.1/36455] INFO  impl.RaftServerProxy (ConfUtils.java:logGet(44)) - raft.rpc.type = GRPC (default)
2020-06-02 23:35:02,379 [Listener at 127.0.0.1/36455] INFO  grpc.GrpcFactory (GrpcFactory.java:checkPooledByteBufAllocatorUseCacheForAllThreads(45)) - PERFORMANCE WARNING: useCacheForAllThreads is true that may cause Netty to create a lot garbage objects and, as a result, trigger GC.
	It is recommended to disable useCacheForAllThreads by setting -Dorg.apache.ratis.thirdparty.io.netty.allocator.useCacheForAllThreads=false in command line.
2020-06-02 23:35:02,384 [Listener at 127.0.0.1/36455] INFO  grpc.GrpcConfigKeys (ConfUtils.java:logGet(44)) - raft.grpc.server.port = 0 (default)
2020-06-02 23:35:02,385 [Listener at 127.0.0.1/36455] INFO  server.GrpcService (ConfUtils.java:logGet(44)) - raft.grpc.message.size.max = 32MB (=33554432) (custom)
2020-06-02 23:35:02,385 [Listener at 127.0.0.1/36455] INFO  server.RaftServerConfigKeys (ConfUtils.java:logGet(44)) - raft.server.log.appender.buffer.byte-limit = 33554432 (custom)
2020-06-02 23:35:02,386 [Listener at 127.0.0.1/36455] INFO  server.GrpcService (ConfUtils.java:logGet(44)) - raft.grpc.flow.control.window = 5MB (=5242880) (custom)
2020-06-02 23:35:02,387 [Listener at 127.0.0.1/36455] INFO  server.RaftServerConfigKeys (ConfUtils.java:logGet(44)) - raft.server.rpc.request.timeout = 60s (custom)
2020-06-02 23:35:02,560 [Listener at 127.0.0.1/36455] INFO  server.RaftServerConfigKeys (ConfUtils.java:logGet(44)) - raft.server.storage.dir = [/github/workspace/mnt/ozone/hadoop-ozone/integration-test/target/test-dir/MiniOzoneClusterImpl-31b4c61b-beaa-4c19-8fbb-f7fa03016b8e/datanode-0/data/ratis] (custom)
2020-06-02 23:35:02,648 [Listener at 127.0.0.1/36455] INFO  http.BaseHttpServer (BaseHttpServer.java:newHttpServer2BuilderForOzone(205)) - Starting Web-server for hddsDatanode at: http://0.0.0.0:0
2020-06-02 23:35:02,648 [Listener at 127.0.0.1/36455] INFO  http.BaseHttpServer (BaseHttpServer.java:<init>(106)) - Hadoop Security Enabled: false Ozone Security Enabled: false Ozone HTTP Security Enabled: false 
2020-06-02 23:35:02,650 [Listener at 127.0.0.1/36455] INFO  server.AuthenticationFilter (AuthenticationFilter.java:constructSecretProvider(240)) - Unable to initialize FileSignerSecretProvider, falling back to use random secrets.
2020-06-02 23:35:02,651 [Listener at 127.0.0.1/36455] WARN  http.HttpRequestLog (HttpRequestLog.java:getRequestLog(103)) - Jetty request log can only be enabled using Log4j
2020-06-02 23:35:02,652 [Listener at 127.0.0.1/36455] INFO  http.HttpServer2 (HttpServer2.java:addGlobalFilter(993)) - Added global filter 'safety' (class=org.apache.hadoop.hdds.server.http.HttpServer2$QuotingInputFilter)
2020-06-02 23:35:02,652 [Listener at 127.0.0.1/36455] INFO  http.HttpServer2 (HttpServer2.java:addFilter(969)) - Added filter authentication (class=org.apache.hadoop.security.authentication.server.AuthenticationFilter) to context hddsDatanode
2020-06-02 23:35:02,653 [Listener at 127.0.0.1/36455] INFO  http.HttpServer2 (HttpServer2.java:addFilter(977)) - Added filter authentication (class=org.apache.hadoop.security.authentication.server.AuthenticationFilter) to context logs
2020-06-02 23:35:02,653 [Listener at 127.0.0.1/36455] INFO  http.HttpServer2 (HttpServer2.java:addFilter(977)) - Added filter authentication (class=org.apache.hadoop.security.authentication.server.AuthenticationFilter) to context static
2020-06-02 23:35:02,653 [Listener at 127.0.0.1/36455] INFO  http.HttpServer2 (HttpServer2.java:bindListener(1211)) - Jetty bound to port 34053
2020-06-02 23:35:02,653 [Listener at 127.0.0.1/36455] INFO  server.Server (Server.java:doStart(359)) - jetty-9.4.26.v20200117; built: 2020-01-17T12:35:33.676Z; git: 7b38981d25d14afb4a12ff1f2596756144edf695; jvm 1.8.0_232-b09
2020-06-02 23:35:02,659 [Listener at 127.0.0.1/36455] INFO  server.session (DefaultSessionIdManager.java:doStart(333)) - DefaultSessionIdManager workerName=node0
2020-06-02 23:35:02,659 [Listener at 127.0.0.1/36455] INFO  server.session (DefaultSessionIdManager.java:doStart(338)) - No SessionScavenger set, using defaults
2020-06-02 23:35:02,659 [Listener at 127.0.0.1/36455] INFO  server.session (HouseKeeper.java:startScavenging(140)) - node0 Scavenging every 600000ms
2020-06-02 23:35:02,660 [Listener at 127.0.0.1/36455] INFO  server.AuthenticationFilter (AuthenticationFilter.java:constructSecretProvider(240)) - Unable to initialize FileSignerSecretProvider, falling back to use random secrets.
2020-06-02 23:35:02,662 [Listener at 127.0.0.1/36455] INFO  handler.ContextHandler (ContextHandler.java:doStart(825)) - Started o.e.j.s.ServletContextHandler@705ebb4d{logs,/logs,file:///github/workspace/mnt/ozone/hadoop-ozone/integration-test/target/log,AVAILABLE}
2020-06-02 23:35:02,662 [Listener at 127.0.0.1/36455] INFO  handler.ContextHandler (ContextHandler.java:doStart(825)) - Started o.e.j.s.ServletContextHandler@7d6ccad7{static,/static,jar:file:/home/user/.m2/repository/org/apache/hadoop/hadoop-hdds-container-service/0.6.0-SNAPSHOT/hadoop-hdds-container-service-0.6.0-SNAPSHOT.jar!/webapps/static,AVAILABLE}
2020-06-02 23:35:02,694 [Listener at 127.0.0.1/36455] INFO  handler.ContextHandler (ContextHandler.java:doStart(825)) - Started o.e.j.w.WebAppContext@776b7fa2{hddsDatanode,/,file:///tmp/jetty-0_0_0_0-34053-hadoop-hdds-container-service-0_6_0-SNAPSHOT_jar-_-any-1444851817583980487.dir/webapp/,AVAILABLE}{jar:file:/home/user/.m2/repository/org/apache/hadoop/hadoop-hdds-container-service/0.6.0-SNAPSHOT/hadoop-hdds-container-service-0.6.0-SNAPSHOT.jar!/webapps/hddsDatanode}
2020-06-02 23:35:02,697 [Listener at 127.0.0.1/36455] INFO  server.AbstractConnector (AbstractConnector.java:doStart(330)) - Started ServerConnector@7a5a26b7{HTTP/1.1,[http/1.1]}{0.0.0.0:34053}
2020-06-02 23:35:02,697 [Listener at 127.0.0.1/36455] INFO  server.Server (Server.java:doStart(399)) - Started @4926ms
2020-06-02 23:35:02,697 [Listener at 127.0.0.1/36455] WARN  impl.MetricsSystemImpl (MetricsSystemImpl.java:register(276)) - Sink prometheus already exists!
2020-06-02 23:35:02,701 [Listener at 127.0.0.1/36455] INFO  http.BaseHttpServer (BaseHttpServer.java:updateConnectorAddress(325)) - HTTP server of hddsDatanode listening at http://0.0.0.0:34053
2020-06-02 23:35:02,702 [Listener at 127.0.0.1/36455] INFO  impl.MetricsSystemImpl (MetricsSystemImpl.java:init(158)) - HddsDatanode metrics system started (again)
2020-06-02 23:35:02,704 [Listener at 127.0.0.1/36455] INFO  ozone.HddsDatanodeService (HddsDatanodeService.java:start(205)) - HddsDatanodeService host:4c74825c5481 ip:172.17.0.2
2020-06-02 23:35:02,708 [Listener at 127.0.0.1/36455] INFO  volume.HddsVolume (HddsVolume.java:<init>(176)) - Creating Volume: /github/workspace/mnt/ozone/hadoop-ozone/integration-test/target/test-dir/MiniOzoneClusterImpl-31b4c61b-beaa-4c19-8fbb-f7fa03016b8e/datanode-1/data-0/containers/hdds of storage type : DISK and capacity : 9223372036854775807
2020-06-02 23:35:02,708 [Listener at 127.0.0.1/36455] INFO  volume.MutableVolumeSet (MutableVolumeSet.java:initializeVolumeSet(181)) - Added Volume : /github/workspace/mnt/ozone/hadoop-ozone/integration-test/target/test-dir/MiniOzoneClusterImpl-31b4c61b-beaa-4c19-8fbb-f7fa03016b8e/datanode-1/data-0/containers/hdds to VolumeSet
2020-06-02 23:35:02,708 [Listener at 127.0.0.1/36455] INFO  volume.ThrottledAsyncChecker (ThrottledAsyncChecker.java:schedule(141)) - Scheduling a check for /github/workspace/mnt/ozone/hadoop-ozone/integration-test/target/test-dir/MiniOzoneClusterImpl-31b4c61b-beaa-4c19-8fbb-f7fa03016b8e/datanode-1/data-0/containers/hdds
2020-06-02 23:35:02,710 [Listener at 127.0.0.1/36455] INFO  volume.HddsVolumeChecker (HddsVolumeChecker.java:checkAllVolumes(200)) - Scheduled health check for volume /github/workspace/mnt/ozone/hadoop-ozone/integration-test/target/test-dir/MiniOzoneClusterImpl-31b4c61b-beaa-4c19-8fbb-f7fa03016b8e/datanode-1/data-0/containers/hdds
2020-06-02 23:35:02,737 [org.apache.hadoop.util.JvmPauseMonitor$Monitor@12c6a81c] INFO  util.JvmPauseMonitor (JvmPauseMonitor.java:run(188)) - Starting JVM pause monitor
2020-06-02 23:35:02,740 [Listener at 127.0.0.1/36455] INFO  impl.RaftServerProxy (ConfUtils.java:logGet(44)) - raft.rpc.type = GRPC (default)
2020-06-02 23:35:02,740 [Listener at 127.0.0.1/36455] INFO  grpc.GrpcFactory (GrpcFactory.java:checkPooledByteBufAllocatorUseCacheForAllThreads(45)) - PERFORMANCE WARNING: useCacheForAllThreads is true that may cause Netty to create a lot garbage objects and, as a result, trigger GC.
	It is recommended to disable useCacheForAllThreads by setting -Dorg.apache.ratis.thirdparty.io.netty.allocator.useCacheForAllThreads=false in command line.
2020-06-02 23:35:02,740 [Listener at 127.0.0.1/36455] INFO  grpc.GrpcConfigKeys (ConfUtils.java:logGet(44)) - raft.grpc.server.port = 0 (default)
2020-06-02 23:35:02,741 [Listener at 127.0.0.1/36455] INFO  server.GrpcService (ConfUtils.java:logGet(44)) - raft.grpc.message.size.max = 32MB (=33554432) (custom)
2020-06-02 23:35:02,741 [Listener at 127.0.0.1/36455] INFO  server.RaftServerConfigKeys (ConfUtils.java:logGet(44)) - raft.server.log.appender.buffer.byte-limit = 33554432 (custom)
2020-06-02 23:35:02,741 [Listener at 127.0.0.1/36455] INFO  server.GrpcService (ConfUtils.java:logGet(44)) - raft.grpc.flow.control.window = 5MB (=5242880) (custom)
2020-06-02 23:35:02,741 [Listener at 127.0.0.1/36455] INFO  server.RaftServerConfigKeys (ConfUtils.java:logGet(44)) - raft.server.rpc.request.timeout = 60s (custom)
2020-06-02 23:35:02,742 [Listener at 127.0.0.1/36455] INFO  server.RaftServerConfigKeys (ConfUtils.java:logGet(44)) - raft.server.storage.dir = [/github/workspace/mnt/ozone/hadoop-ozone/integration-test/target/test-dir/MiniOzoneClusterImpl-31b4c61b-beaa-4c19-8fbb-f7fa03016b8e/datanode-1/data/ratis] (custom)
2020-06-02 23:35:02,763 [Listener at 127.0.0.1/36455] INFO  http.BaseHttpServer (BaseHttpServer.java:newHttpServer2BuilderForOzone(205)) - Starting Web-server for hddsDatanode at: http://0.0.0.0:0
2020-06-02 23:35:02,763 [Listener at 127.0.0.1/36455] INFO  http.BaseHttpServer (BaseHttpServer.java:<init>(106)) - Hadoop Security Enabled: false Ozone Security Enabled: false Ozone HTTP Security Enabled: false 
2020-06-02 23:35:02,764 [Listener at 127.0.0.1/36455] INFO  server.AuthenticationFilter (AuthenticationFilter.java:constructSecretProvider(240)) - Unable to initialize FileSignerSecretProvider, falling back to use random secrets.
2020-06-02 23:35:02,781 [Listener at 127.0.0.1/36455] WARN  http.HttpRequestLog (HttpRequestLog.java:getRequestLog(103)) - Jetty request log can only be enabled using Log4j
2020-06-02 23:35:02,782 [Listener at 127.0.0.1/36455] INFO  http.HttpServer2 (HttpServer2.java:addGlobalFilter(993)) - Added global filter 'safety' (class=org.apache.hadoop.hdds.server.http.HttpServer2$QuotingInputFilter)
2020-06-02 23:35:02,783 [Listener at 127.0.0.1/36455] INFO  http.HttpServer2 (HttpServer2.java:addFilter(969)) - Added filter authentication (class=org.apache.hadoop.security.authentication.server.AuthenticationFilter) to context hddsDatanode
2020-06-02 23:35:02,784 [Listener at 127.0.0.1/36455] INFO  http.HttpServer2 (HttpServer2.java:addFilter(977)) - Added filter authentication (class=org.apache.hadoop.security.authentication.server.AuthenticationFilter) to context logs
2020-06-02 23:35:02,785 [Listener at 127.0.0.1/36455] INFO  http.HttpServer2 (HttpServer2.java:addFilter(977)) - Added filter authentication (class=org.apache.hadoop.security.authentication.server.AuthenticationFilter) to context static
2020-06-02 23:35:02,785 [Listener at 127.0.0.1/36455] INFO  http.HttpServer2 (HttpServer2.java:bindListener(1211)) - Jetty bound to port 43471
2020-06-02 23:35:02,786 [Listener at 127.0.0.1/36455] INFO  server.Server (Server.java:doStart(359)) - jetty-9.4.26.v20200117; built: 2020-01-17T12:35:33.676Z; git: 7b38981d25d14afb4a12ff1f2596756144edf695; jvm 1.8.0_232-b09
2020-06-02 23:35:02,789 [Listener at 127.0.0.1/36455] INFO  server.session (DefaultSessionIdManager.java:doStart(333)) - DefaultSessionIdManager workerName=node0
2020-06-02 23:35:02,789 [Listener at 127.0.0.1/36455] INFO  server.session (DefaultSessionIdManager.java:doStart(338)) - No SessionScavenger set, using defaults
2020-06-02 23:35:02,789 [Listener at 127.0.0.1/36455] INFO  server.session (HouseKeeper.java:startScavenging(140)) - node0 Scavenging every 600000ms
2020-06-02 23:35:02,795 [Listener at 127.0.0.1/36455] INFO  server.AuthenticationFilter (AuthenticationFilter.java:constructSecretProvider(240)) - Unable to initialize FileSignerSecretProvider, falling back to use random secrets.
2020-06-02 23:35:02,802 [Listener at 127.0.0.1/36455] INFO  handler.ContextHandler (ContextHandler.java:doStart(825)) - Started o.e.j.s.ServletContextHandler@e196238{logs,/logs,file:///github/workspace/mnt/ozone/hadoop-ozone/integration-test/target/log,AVAILABLE}
2020-06-02 23:35:02,802 [Listener at 127.0.0.1/36455] INFO  handler.ContextHandler (ContextHandler.java:doStart(825)) - Started o.e.j.s.ServletContextHandler@65384249{static,/static,jar:file:/home/user/.m2/repository/org/apache/hadoop/hadoop-hdds-container-service/0.6.0-SNAPSHOT/hadoop-hdds-container-service-0.6.0-SNAPSHOT.jar!/webapps/static,AVAILABLE}
2020-06-02 23:35:02,843 [Listener at 127.0.0.1/36455] INFO  handler.ContextHandler (ContextHandler.java:doStart(825)) - Started o.e.j.w.WebAppContext@54972f9a{hddsDatanode,/,file:///tmp/jetty-0_0_0_0-43471-hadoop-hdds-container-service-0_6_0-SNAPSHOT_jar-_-any-2210427228592910925.dir/webapp/,AVAILABLE}{jar:file:/home/user/.m2/repository/org/apache/hadoop/hadoop-hdds-container-service/0.6.0-SNAPSHOT/hadoop-hdds-container-service-0.6.0-SNAPSHOT.jar!/webapps/hddsDatanode}
2020-06-02 23:35:02,851 [Listener at 127.0.0.1/36455] INFO  server.AbstractConnector (AbstractConnector.java:doStart(330)) - Started ServerConnector@6c2063e0{HTTP/1.1,[http/1.1]}{0.0.0.0:43471}
2020-06-02 23:35:02,851 [Listener at 127.0.0.1/36455] INFO  server.Server (Server.java:doStart(399)) - Started @5080ms
2020-06-02 23:35:02,851 [Listener at 127.0.0.1/36455] WARN  impl.MetricsSystemImpl (MetricsSystemImpl.java:register(276)) - Sink prometheus already exists!
2020-06-02 23:35:02,867 [Listener at 127.0.0.1/36455] INFO  http.BaseHttpServer (BaseHttpServer.java:updateConnectorAddress(325)) - HTTP server of hddsDatanode listening at http://0.0.0.0:43471
2020-06-02 23:35:02,869 [Listener at 127.0.0.1/36455] INFO  impl.MetricsSystemImpl (MetricsSystemImpl.java:init(158)) - HddsDatanode metrics system started (again)
2020-06-02 23:35:02,870 [Listener at 127.0.0.1/36455] INFO  ozone.HddsDatanodeService (HddsDatanodeService.java:start(205)) - HddsDatanodeService host:4c74825c5481 ip:172.17.0.2
2020-06-02 23:35:02,873 [Listener at 127.0.0.1/36455] INFO  volume.HddsVolume (HddsVolume.java:<init>(176)) - Creating Volume: /github/workspace/mnt/ozone/hadoop-ozone/integration-test/target/test-dir/MiniOzoneClusterImpl-31b4c61b-beaa-4c19-8fbb-f7fa03016b8e/datanode-2/data-0/containers/hdds of storage type : DISK and capacity : 9223372036854775807
2020-06-02 23:35:02,873 [Listener at 127.0.0.1/36455] INFO  volume.MutableVolumeSet (MutableVolumeSet.java:initializeVolumeSet(181)) - Added Volume : /github/workspace/mnt/ozone/hadoop-ozone/integration-test/target/test-dir/MiniOzoneClusterImpl-31b4c61b-beaa-4c19-8fbb-f7fa03016b8e/datanode-2/data-0/containers/hdds to VolumeSet
2020-06-02 23:35:02,873 [Listener at 127.0.0.1/36455] INFO  volume.ThrottledAsyncChecker (ThrottledAsyncChecker.java:schedule(141)) - Scheduling a check for /github/workspace/mnt/ozone/hadoop-ozone/integration-test/target/test-dir/MiniOzoneClusterImpl-31b4c61b-beaa-4c19-8fbb-f7fa03016b8e/datanode-2/data-0/containers/hdds
2020-06-02 23:35:02,879 [Listener at 127.0.0.1/36455] INFO  volume.HddsVolumeChecker (HddsVolumeChecker.java:checkAllVolumes(200)) - Scheduled health check for volume /github/workspace/mnt/ozone/hadoop-ozone/integration-test/target/test-dir/MiniOzoneClusterImpl-31b4c61b-beaa-4c19-8fbb-f7fa03016b8e/datanode-2/data-0/containers/hdds
2020-06-02 23:35:02,907 [org.apache.hadoop.util.JvmPauseMonitor$Monitor@90f392e] INFO  util.JvmPauseMonitor (JvmPauseMonitor.java:run(188)) - Starting JVM pause monitor
2020-06-02 23:35:02,927 [Listener at 127.0.0.1/36455] INFO  impl.RaftServerProxy (ConfUtils.java:logGet(44)) - raft.rpc.type = GRPC (default)
2020-06-02 23:35:02,927 [Listener at 127.0.0.1/36455] INFO  grpc.GrpcFactory (GrpcFactory.java:checkPooledByteBufAllocatorUseCacheForAllThreads(45)) - PERFORMANCE WARNING: useCacheForAllThreads is true that may cause Netty to create a lot garbage objects and, as a result, trigger GC.
	It is recommended to disable useCacheForAllThreads by setting -Dorg.apache.ratis.thirdparty.io.netty.allocator.useCacheForAllThreads=false in command line.
2020-06-02 23:35:02,928 [Listener at 127.0.0.1/36455] INFO  grpc.GrpcConfigKeys (ConfUtils.java:logGet(44)) - raft.grpc.server.port = 0 (default)
2020-06-02 23:35:02,928 [Listener at 127.0.0.1/36455] INFO  server.GrpcService (ConfUtils.java:logGet(44)) - raft.grpc.message.size.max = 32MB (=33554432) (custom)
2020-06-02 23:35:02,928 [Listener at 127.0.0.1/36455] INFO  server.RaftServerConfigKeys (ConfUtils.java:logGet(44)) - raft.server.log.appender.buffer.byte-limit = 33554432 (custom)
2020-06-02 23:35:02,928 [Listener at 127.0.0.1/36455] INFO  server.GrpcService (ConfUtils.java:logGet(44)) - raft.grpc.flow.control.window = 5MB (=5242880) (custom)
2020-06-02 23:35:02,928 [Listener at 127.0.0.1/36455] INFO  server.RaftServerConfigKeys (ConfUtils.java:logGet(44)) - raft.server.rpc.request.timeout = 60s (custom)
2020-06-02 23:35:02,931 [Listener at 127.0.0.1/36455] INFO  server.RaftServerConfigKeys (ConfUtils.java:logGet(44)) - raft.server.storage.dir = [/github/workspace/mnt/ozone/hadoop-ozone/integration-test/target/test-dir/MiniOzoneClusterImpl-31b4c61b-beaa-4c19-8fbb-f7fa03016b8e/datanode-2/data/ratis] (custom)
2020-06-02 23:35:02,943 [Listener at 127.0.0.1/36455] INFO  http.BaseHttpServer (BaseHttpServer.java:newHttpServer2BuilderForOzone(205)) - Starting Web-server for hddsDatanode at: http://0.0.0.0:0
2020-06-02 23:35:02,943 [Listener at 127.0.0.1/36455] INFO  http.BaseHttpServer (BaseHttpServer.java:<init>(106)) - Hadoop Security Enabled: false Ozone Security Enabled: false Ozone HTTP Security Enabled: false 
2020-06-02 23:35:02,944 [Listener at 127.0.0.1/36455] INFO  server.AuthenticationFilter (AuthenticationFilter.java:constructSecretProvider(240)) - Unable to initialize FileSignerSecretProvider, falling back to use random secrets.
2020-06-02 23:35:02,950 [Listener at 127.0.0.1/36455] WARN  http.HttpRequestLog (HttpRequestLog.java:getRequestLog(103)) - Jetty request log can only be enabled using Log4j
2020-06-02 23:35:02,951 [Listener at 127.0.0.1/36455] INFO  http.HttpServer2 (HttpServer2.java:addGlobalFilter(993)) - Added global filter 'safety' (class=org.apache.hadoop.hdds.server.http.HttpServer2$QuotingInputFilter)
2020-06-02 23:35:02,952 [Listener at 127.0.0.1/36455] INFO  http.HttpServer2 (HttpServer2.java:addFilter(969)) - Added filter authentication (class=org.apache.hadoop.security.authentication.server.AuthenticationFilter) to context hddsDatanode
2020-06-02 23:35:02,952 [Listener at 127.0.0.1/36455] INFO  http.HttpServer2 (HttpServer2.java:addFilter(977)) - Added filter authentication (class=org.apache.hadoop.security.authentication.server.AuthenticationFilter) to context logs
2020-06-02 23:35:02,952 [Listener at 127.0.0.1/36455] INFO  http.HttpServer2 (HttpServer2.java:addFilter(977)) - Added filter authentication (class=org.apache.hadoop.security.authentication.server.AuthenticationFilter) to context static
2020-06-02 23:35:02,953 [Listener at 127.0.0.1/36455] INFO  http.HttpServer2 (HttpServer2.java:bindListener(1211)) - Jetty bound to port 32957
2020-06-02 23:35:02,953 [Listener at 127.0.0.1/36455] INFO  server.Server (Server.java:doStart(359)) - jetty-9.4.26.v20200117; built: 2020-01-17T12:35:33.676Z; git: 7b38981d25d14afb4a12ff1f2596756144edf695; jvm 1.8.0_232-b09
2020-06-02 23:35:02,961 [Datanode State Machine Thread - 0] INFO  datanode.InitDatanodeState (InitDatanodeState.java:persistContainerDatanodeDetails(145)) - DatanodeDetails is persisted to /github/workspace/mnt/ozone/hadoop-ozone/integration-test/target/test-dir/MiniOzoneClusterImpl-31b4c61b-beaa-4c19-8fbb-f7fa03016b8e/datanode-0/meta/datanode.id
2020-06-02 23:35:02,975 [Datanode State Machine Thread - 0] INFO  datanode.InitDatanodeState (InitDatanodeState.java:persistContainerDatanodeDetails(145)) - DatanodeDetails is persisted to /github/workspace/mnt/ozone/hadoop-ozone/integration-test/target/test-dir/MiniOzoneClusterImpl-31b4c61b-beaa-4c19-8fbb-f7fa03016b8e/datanode-1/meta/datanode.id
2020-06-02 23:35:02,981 [Listener at 127.0.0.1/36455] INFO  server.session (DefaultSessionIdManager.java:doStart(333)) - DefaultSessionIdManager workerName=node0
2020-06-02 23:35:02,981 [Listener at 127.0.0.1/36455] INFO  server.session (DefaultSessionIdManager.java:doStart(338)) - No SessionScavenger set, using defaults
2020-06-02 23:35:02,981 [Listener at 127.0.0.1/36455] INFO  server.session (HouseKeeper.java:startScavenging(140)) - node0 Scavenging every 600000ms
2020-06-02 23:35:02,982 [Listener at 127.0.0.1/36455] INFO  server.AuthenticationFilter (AuthenticationFilter.java:constructSecretProvider(240)) - Unable to initialize FileSignerSecretProvider, falling back to use random secrets.
2020-06-02 23:35:02,982 [Listener at 127.0.0.1/36455] INFO  handler.ContextHandler (ContextHandler.java:doStart(825)) - Started o.e.j.s.ServletContextHandler@3bb6b9ab{logs,/logs,file:///github/workspace/mnt/ozone/hadoop-ozone/integration-test/target/log,AVAILABLE}
2020-06-02 23:35:02,983 [Listener at 127.0.0.1/36455] INFO  handler.ContextHandler (ContextHandler.java:doStart(825)) - Started o.e.j.s.ServletContextHandler@2f6f2d91{static,/static,jar:file:/home/user/.m2/repository/org/apache/hadoop/hadoop-hdds-container-service/0.6.0-SNAPSHOT/hadoop-hdds-container-service-0.6.0-SNAPSHOT.jar!/webapps/static,AVAILABLE}
2020-06-02 23:35:03,016 [Listener at 127.0.0.1/36455] INFO  handler.ContextHandler (ContextHandler.java:doStart(825)) - Started o.e.j.w.WebAppContext@7a02d760{hddsDatanode,/,file:///tmp/jetty-0_0_0_0-32957-hadoop-hdds-container-service-0_6_0-SNAPSHOT_jar-_-any-8417189187375202459.dir/webapp/,AVAILABLE}{jar:file:/home/user/.m2/repository/org/apache/hadoop/hadoop-hdds-container-service/0.6.0-SNAPSHOT/hadoop-hdds-container-service-0.6.0-SNAPSHOT.jar!/webapps/hddsDatanode}
2020-06-02 23:35:03,018 [Listener at 127.0.0.1/36455] INFO  server.AbstractConnector (AbstractConnector.java:doStart(330)) - Started ServerConnector@1ef8f7e6{HTTP/1.1,[http/1.1]}{0.0.0.0:32957}
2020-06-02 23:35:03,019 [Listener at 127.0.0.1/36455] INFO  server.Server (Server.java:doStart(399)) - Started @5247ms
2020-06-02 23:35:03,019 [Listener at 127.0.0.1/36455] WARN  impl.MetricsSystemImpl (MetricsSystemImpl.java:register(276)) - Sink prometheus already exists!
2020-06-02 23:35:03,023 [Listener at 127.0.0.1/36455] INFO  http.BaseHttpServer (BaseHttpServer.java:updateConnectorAddress(325)) - HTTP server of hddsDatanode listening at http://0.0.0.0:32957
2020-06-02 23:35:03,025 [Listener at 127.0.0.1/36455] INFO  ozone.MiniOzoneClusterImpl (MiniOzoneClusterImpl.java:lambda$waitForClusterToBeReady$0(177)) - Waiting for nodes to be ready. Got 0 of 3 DN Heartbeats.
2020-06-02 23:35:03,025 [Listener at 127.0.0.1/36455] INFO  ozone.MiniOzoneClusterImpl (MiniOzoneClusterImpl.java:lambda$waitForClusterToBeReady$0(180)) - Waiting for cluster to exit safe mode
2020-06-02 23:35:03,037 [org.apache.hadoop.util.JvmPauseMonitor$Monitor@6b349a2e] INFO  util.JvmPauseMonitor (JvmPauseMonitor.java:run(188)) - Starting JVM pause monitor
2020-06-02 23:35:03,039 [Datanode State Machine Thread - 0] INFO  datanode.InitDatanodeState (InitDatanodeState.java:persistContainerDatanodeDetails(145)) - DatanodeDetails is persisted to /github/workspace/mnt/ozone/hadoop-ozone/integration-test/target/test-dir/MiniOzoneClusterImpl-31b4c61b-beaa-4c19-8fbb-f7fa03016b8e/datanode-2/meta/datanode.id
2020-06-02 23:35:04,025 [Listener at 127.0.0.1/36455] INFO  ozone.MiniOzoneClusterImpl (MiniOzoneClusterImpl.java:lambda$waitForClusterToBeReady$0(177)) - Waiting for nodes to be ready. Got 0 of 3 DN Heartbeats.
2020-06-02 23:35:04,025 [Listener at 127.0.0.1/36455] INFO  ozone.MiniOzoneClusterImpl (MiniOzoneClusterImpl.java:lambda$waitForClusterToBeReady$0(180)) - Waiting for cluster to exit safe mode
2020-06-02 23:35:04,828 [Datanode State Machine Thread - 0] INFO  ozoneimpl.OzoneContainer (OzoneContainer.java:start(232)) - Attempting to start container services.
2020-06-02 23:35:04,829 [Datanode State Machine Thread - 0] INFO  ozoneimpl.OzoneContainer (OzoneContainer.java:startContainerScrub(196)) - Background container scanner has been disabled.
2020-06-02 23:35:04,829 [Datanode State Machine Thread - 0] INFO  ratis.XceiverServerRatis (XceiverServerRatis.java:start(425)) - Starting XceiverServerRatis 46593078-1315-442c-91b1-b92b4f012500 at port 0
2020-06-02 23:35:04,844 [Datanode State Machine Thread - 0] INFO  impl.RaftServerProxy (RaftServerProxy.java:lambda$start$3(299)) - 46593078-1315-442c-91b1-b92b4f012500: start RPC server
2020-06-02 23:35:04,897 [Datanode State Machine Thread - 0] INFO  server.GrpcService (GrpcService.java:startImpl(159)) - 46593078-1315-442c-91b1-b92b4f012500: GrpcService started, listening on 0.0.0.0/0.0.0.0:40081
2020-06-02 23:35:04,898 [Datanode State Machine Thread - 0] INFO  ratis.XceiverServerRatis (XceiverServerRatis.java:start(437)) - XceiverServerRatis 46593078-1315-442c-91b1-b92b4f012500 is started using port 40081
2020-06-02 23:35:04,903 [Datanode State Machine Thread - 0] INFO  server.XceiverServerGrpc (XceiverServerGrpc.java:start(145)) - XceiverServerGrpc 46593078-1315-442c-91b1-b92b4f012500 is started using port 46049
2020-06-02 23:35:04,914 [Datanode State Machine Thread - 0] INFO  ozoneimpl.OzoneContainer (OzoneContainer.java:start(232)) - Attempting to start container services.
2020-06-02 23:35:04,916 [Datanode State Machine Thread - 0] INFO  ozoneimpl.OzoneContainer (OzoneContainer.java:startContainerScrub(196)) - Background container scanner has been disabled.
2020-06-02 23:35:04,917 [Datanode State Machine Thread - 0] INFO  ratis.XceiverServerRatis (XceiverServerRatis.java:start(425)) - Starting XceiverServerRatis dd4333e9-7965-46b1-a2b1-cee7aab213b7 at port 0
2020-06-02 23:35:04,918 [Datanode State Machine Thread - 0] INFO  impl.RaftServerProxy (RaftServerProxy.java:lambda$start$3(299)) - dd4333e9-7965-46b1-a2b1-cee7aab213b7: start RPC server
2020-06-02 23:35:04,932 [Datanode State Machine Thread - 0] INFO  server.GrpcService (GrpcService.java:startImpl(159)) - dd4333e9-7965-46b1-a2b1-cee7aab213b7: GrpcService started, listening on 0.0.0.0/0.0.0.0:37281
2020-06-02 23:35:04,932 [Datanode State Machine Thread - 0] INFO  ratis.XceiverServerRatis (XceiverServerRatis.java:start(437)) - XceiverServerRatis dd4333e9-7965-46b1-a2b1-cee7aab213b7 is started using port 37281
2020-06-02 23:35:04,933 [Datanode State Machine Thread - 0] INFO  server.XceiverServerGrpc (XceiverServerGrpc.java:start(145)) - XceiverServerGrpc dd4333e9-7965-46b1-a2b1-cee7aab213b7 is started using port 37969
2020-06-02 23:35:05,026 [Listener at 127.0.0.1/36455] INFO  ozone.MiniOzoneClusterImpl (MiniOzoneClusterImpl.java:lambda$waitForClusterToBeReady$0(177)) - Waiting for nodes to be ready. Got 0 of 3 DN Heartbeats.
2020-06-02 23:35:05,026 [Listener at 127.0.0.1/36455] INFO  ozone.MiniOzoneClusterImpl (MiniOzoneClusterImpl.java:lambda$waitForClusterToBeReady$0(180)) - Waiting for cluster to exit safe mode
2020-06-02 23:35:05,040 [Datanode State Machine Thread - 0] INFO  ozoneimpl.OzoneContainer (OzoneContainer.java:start(232)) - Attempting to start container services.
2020-06-02 23:35:05,040 [Datanode State Machine Thread - 0] INFO  ozoneimpl.OzoneContainer (OzoneContainer.java:startContainerScrub(196)) - Background container scanner has been disabled.
2020-06-02 23:35:05,040 [Datanode State Machine Thread - 0] INFO  ratis.XceiverServerRatis (XceiverServerRatis.java:start(425)) - Starting XceiverServerRatis 43006955-015f-42cd-b925-cfd3ac6ee1ce at port 0
2020-06-02 23:35:05,044 [Datanode State Machine Thread - 0] INFO  impl.RaftServerProxy (RaftServerProxy.java:lambda$start$3(299)) - 43006955-015f-42cd-b925-cfd3ac6ee1ce: start RPC server
2020-06-02 23:35:05,055 [Datanode State Machine Thread - 0] INFO  server.GrpcService (GrpcService.java:startImpl(159)) - 43006955-015f-42cd-b925-cfd3ac6ee1ce: GrpcService started, listening on 0.0.0.0/0.0.0.0:44435
2020-06-02 23:35:05,055 [Datanode State Machine Thread - 0] INFO  ratis.XceiverServerRatis (XceiverServerRatis.java:start(437)) - XceiverServerRatis 43006955-015f-42cd-b925-cfd3ac6ee1ce is started using port 44435
2020-06-02 23:35:05,057 [Datanode State Machine Thread - 0] INFO  server.XceiverServerGrpc (XceiverServerGrpc.java:start(145)) - XceiverServerGrpc 43006955-015f-42cd-b925-cfd3ac6ee1ce is started using port 44655
2020-06-02 23:35:06,026 [Listener at 127.0.0.1/36455] INFO  ozone.MiniOzoneClusterImpl (MiniOzoneClusterImpl.java:lambda$waitForClusterToBeReady$0(177)) - Waiting for nodes to be ready. Got 0 of 3 DN Heartbeats.
2020-06-02 23:35:06,026 [Listener at 127.0.0.1/36455] INFO  ozone.MiniOzoneClusterImpl (MiniOzoneClusterImpl.java:lambda$waitForClusterToBeReady$0(180)) - Waiting for cluster to exit safe mode
2020-06-02 23:35:06,765 [IPC Server handler 3 on default port 37665] INFO  net.NetworkTopology (NetworkTopologyImpl.java:add(111)) - Added a new node: /default-rack/46593078-1315-442c-91b1-b92b4f012500
2020-06-02 23:35:06,766 [IPC Server handler 3 on default port 37665] INFO  node.SCMNodeManager (SCMNodeManager.java:register(268)) - Registered Data node : 46593078-1315-442c-91b1-b92b4f012500{ip: 172.17.0.2, host: 4c74825c5481, networkLocation: /default-rack, certSerialId: null}
2020-06-02 23:35:06,770 [EventQueue-NodeRegistrationContainerReportForDataNodeSafeModeRule] INFO  safemode.SCMSafeModeManager (DataNodeSafeModeRule.java:process(71)) - SCM in safe mode. 1 DataNodes registered, 1 required.
2020-06-02 23:35:06,771 [EventQueue-NodeRegistrationContainerReportForDataNodeSafeModeRule] INFO  safemode.SCMSafeModeManager (SCMSafeModeManager.java:validateSafeModeExitRules(213)) - DataNodeSafeModeRule rule is successfully validated
2020-06-02 23:35:06,771 [EventQueue-NodeRegistrationContainerReportForDataNodeSafeModeRule] INFO  safemode.SCMSafeModeManager (SCMSafeModeManager.java:completePreCheck(241)) - All SCM safe mode pre check rules have passed
2020-06-02 23:35:06,776 [RatisPipelineUtilsThread] INFO  pipeline.RatisPipelineProvider (RatisPipelineProvider.java:lambda$create$0(138)) - Sending CreatePipelineCommand for pipeline:PipelineID=e2604452-834b-4c6b-904e-a77cad7ca71c to datanode:46593078-1315-442c-91b1-b92b4f012500
2020-06-02 23:35:06,777 [EventQueue-NodeRegistrationContainerReportForContainerSafeModeRule] INFO  safemode.SCMSafeModeManager (SCMSafeModeManager.java:validateSafeModeExitRules(213)) - ContainerSafeModeRule rule is successfully validated
2020-06-02 23:35:06,791 [RatisPipelineUtilsThread] INFO  pipeline.PipelineStateManager (PipelineStateManager.java:addPipeline(54)) - Created pipeline Pipeline[ Id: e2604452-834b-4c6b-904e-a77cad7ca71c, Nodes: 46593078-1315-442c-91b1-b92b4f012500{ip: 172.17.0.2, host: 4c74825c5481, networkLocation: /default-rack, certSerialId: null}, Type:RATIS, Factor:ONE, State:ALLOCATED, leaderId:null, CreationTimestamp2020-06-02T23:35:06.771Z]
2020-06-02 23:35:06,794 [RatisPipelineUtilsThread] ERROR pipeline.SCMPipelineManager (SCMPipelineManager.java:createPipeline(222)) - Failed to create pipeline of type RATIS and factor ONE. Exception: Cannot create pipeline of factor 1 using 0 nodes. Used 1 nodes. Healthy nodes 1
2020-06-02 23:35:06,794 [RatisPipelineUtilsThread] WARN  pipeline.PipelinePlacementPolicy (PipelinePlacementPolicy.java:filterViableNodes(133)) - Pipeline creation failed due to no sufficient healthy datanodes. Required 3. Found 1.
2020-06-02 23:35:06,794 [RatisPipelineUtilsThread] ERROR pipeline.SCMPipelineManager (SCMPipelineManager.java:createPipeline(222)) - Failed to create pipeline of type RATIS and factor THREE. Exception: Pipeline creation failed due to no sufficient healthy datanodes. Required 3. Found 1.
2020-06-02 23:35:06,908 [IPC Server handler 1 on default port 37665] INFO  net.NetworkTopology (NetworkTopologyImpl.java:add(111)) - Added a new node: /default-rack/dd4333e9-7965-46b1-a2b1-cee7aab213b7
2020-06-02 23:35:06,909 [IPC Server handler 1 on default port 37665] INFO  node.SCMNodeManager (SCMNodeManager.java:register(268)) - Registered Data node : dd4333e9-7965-46b1-a2b1-cee7aab213b7{ip: 172.17.0.2, host: 4c74825c5481, networkLocation: /default-rack, certSerialId: null}
2020-06-02 23:35:06,909 [EventQueue-NodeRegistrationContainerReportForContainerSafeModeRule] INFO  safemode.SCMSafeModeManager (SCMSafeModeManager.java:validateSafeModeExitRules(213)) - ContainerSafeModeRule rule is successfully validated
2020-06-02 23:35:06,909 [EventQueue-NodeRegistrationContainerReportForDataNodeSafeModeRule] INFO  safemode.SCMSafeModeManager (SCMSafeModeManager.java:validateSafeModeExitRules(213)) - DataNodeSafeModeRule rule is successfully validated
2020-06-02 23:35:06,911 [RatisPipelineUtilsThread] INFO  pipeline.RatisPipelineProvider (RatisPipelineProvider.java:lambda$create$0(138)) - Sending CreatePipelineCommand for pipeline:PipelineID=2b63aa56-b6c4-40a7-a1ef-0a2cc78894b9 to datanode:dd4333e9-7965-46b1-a2b1-cee7aab213b7
2020-06-02 23:35:06,912 [RatisPipelineUtilsThread] INFO  pipeline.PipelineStateManager (PipelineStateManager.java:addPipeline(54)) - Created pipeline Pipeline[ Id: 2b63aa56-b6c4-40a7-a1ef-0a2cc78894b9, Nodes: dd4333e9-7965-46b1-a2b1-cee7aab213b7{ip: 172.17.0.2, host: 4c74825c5481, networkLocation: /default-rack, certSerialId: null}, Type:RATIS, Factor:ONE, State:ALLOCATED, leaderId:null, CreationTimestamp2020-06-02T23:35:06.911Z]
2020-06-02 23:35:06,912 [RatisPipelineUtilsThread] ERROR pipeline.SCMPipelineManager (SCMPipelineManager.java:createPipeline(222)) - Failed to create pipeline of type RATIS and factor ONE. Exception: Cannot create pipeline of factor 1 using 0 nodes. Used 2 nodes. Healthy nodes 2
2020-06-02 23:35:06,912 [RatisPipelineUtilsThread] WARN  pipeline.PipelinePlacementPolicy (PipelinePlacementPolicy.java:filterViableNodes(133)) - Pipeline creation failed due to no sufficient healthy datanodes. Required 3. Found 2.
2020-06-02 23:35:06,913 [RatisPipelineUtilsThread] ERROR pipeline.SCMPipelineManager (SCMPipelineManager.java:createPipeline(222)) - Failed to create pipeline of type RATIS and factor THREE. Exception: Pipeline creation failed due to no sufficient healthy datanodes. Required 3. Found 2.
2020-06-02 23:35:07,027 [Listener at 127.0.0.1/36455] INFO  ozone.MiniOzoneClusterImpl (MiniOzoneClusterImpl.java:lambda$waitForClusterToBeReady$0(177)) - Waiting for nodes to be ready. Got 2 of 3 DN Heartbeats.
2020-06-02 23:35:07,027 [Listener at 127.0.0.1/36455] INFO  ozone.MiniOzoneClusterImpl (MiniOzoneClusterImpl.java:lambda$waitForClusterToBeReady$0(180)) - Waiting for cluster to exit safe mode
2020-06-02 23:35:07,038 [IPC Server handler 2 on default port 37665] INFO  net.NetworkTopology (NetworkTopologyImpl.java:add(111)) - Added a new node: /default-rack/43006955-015f-42cd-b925-cfd3ac6ee1ce
2020-06-02 23:35:07,038 [IPC Server handler 2 on default port 37665] INFO  node.SCMNodeManager (SCMNodeManager.java:register(268)) - Registered Data node : 43006955-015f-42cd-b925-cfd3ac6ee1ce{ip: 172.17.0.2, host: 4c74825c5481, networkLocation: /default-rack, certSerialId: null}
2020-06-02 23:35:07,039 [EventQueue-NodeRegistrationContainerReportForContainerSafeModeRule] INFO  safemode.SCMSafeModeManager (SCMSafeModeManager.java:validateSafeModeExitRules(213)) - ContainerSafeModeRule rule is successfully validated
2020-06-02 23:35:07,039 [EventQueue-NodeRegistrationContainerReportForDataNodeSafeModeRule] INFO  safemode.SCMSafeModeManager (SCMSafeModeManager.java:validateSafeModeExitRules(213)) - DataNodeSafeModeRule rule is successfully validated
2020-06-02 23:35:07,041 [RatisPipelineUtilsThread] INFO  pipeline.RatisPipelineProvider (RatisPipelineProvider.java:lambda$create$0(138)) - Sending CreatePipelineCommand for pipeline:PipelineID=5212f080-501b-4715-8d72-62eb59b96157 to datanode:43006955-015f-42cd-b925-cfd3ac6ee1ce
2020-06-02 23:35:07,042 [RatisPipelineUtilsThread] INFO  pipeline.PipelineStateManager (PipelineStateManager.java:addPipeline(54)) - Created pipeline Pipeline[ Id: 5212f080-501b-4715-8d72-62eb59b96157, Nodes: 43006955-015f-42cd-b925-cfd3ac6ee1ce{ip: 172.17.0.2, host: 4c74825c5481, networkLocation: /default-rack, certSerialId: null}, Type:RATIS, Factor:ONE, State:ALLOCATED, leaderId:null, CreationTimestamp2020-06-02T23:35:07.041Z]
2020-06-02 23:35:07,043 [RatisPipelineUtilsThread] ERROR pipeline.SCMPipelineManager (SCMPipelineManager.java:createPipeline(222)) - Failed to create pipeline of type RATIS and factor ONE. Exception: Cannot create pipeline of factor 1 using 0 nodes. Used 3 nodes. Healthy nodes 3
2020-06-02 23:35:07,047 [RatisPipelineUtilsThread] INFO  pipeline.RatisPipelineProvider (RatisPipelineProvider.java:lambda$create$0(138)) - Sending CreatePipelineCommand for pipeline:PipelineID=8835cd55-6e5d-4da3-9599-e2dbf971a61d to datanode:43006955-015f-42cd-b925-cfd3ac6ee1ce
2020-06-02 23:35:07,047 [RatisPipelineUtilsThread] INFO  pipeline.RatisPipelineProvider (RatisPipelineProvider.java:lambda$create$0(138)) - Sending CreatePipelineCommand for pipeline:PipelineID=8835cd55-6e5d-4da3-9599-e2dbf971a61d to datanode:46593078-1315-442c-91b1-b92b4f012500
2020-06-02 23:35:07,047 [RatisPipelineUtilsThread] INFO  pipeline.RatisPipelineProvider (RatisPipelineProvider.java:lambda$create$0(138)) - Sending CreatePipelineCommand for pipeline:PipelineID=8835cd55-6e5d-4da3-9599-e2dbf971a61d to datanode:dd4333e9-7965-46b1-a2b1-cee7aab213b7
2020-06-02 23:35:07,048 [RatisPipelineUtilsThread] INFO  pipeline.PipelineStateManager (PipelineStateManager.java:addPipeline(54)) - Created pipeline Pipeline[ Id: 8835cd55-6e5d-4da3-9599-e2dbf971a61d, Nodes: 43006955-015f-42cd-b925-cfd3ac6ee1ce{ip: 172.17.0.2, host: 4c74825c5481, networkLocation: /default-rack, certSerialId: null}46593078-1315-442c-91b1-b92b4f012500{ip: 172.17.0.2, host: 4c74825c5481, networkLocation: /default-rack, certSerialId: null}dd4333e9-7965-46b1-a2b1-cee7aab213b7{ip: 172.17.0.2, host: 4c74825c5481, networkLocation: /default-rack, certSerialId: null}, Type:RATIS, Factor:THREE, State:ALLOCATED, leaderId:null, CreationTimestamp2020-06-02T23:35:07.047Z]
2020-06-02 23:35:07,049 [RatisPipelineUtilsThread] ERROR pipeline.SCMPipelineManager (SCMPipelineManager.java:createPipeline(222)) - Failed to create pipeline of type RATIS and factor THREE. Exception: Pipeline creation failed because nodes are engaged in other pipelines and every node can only be engaged in max 2 pipelines. Required 3. Found 0
2020-06-02 23:35:08,027 [Listener at 127.0.0.1/36455] INFO  ozone.MiniOzoneClusterImpl (MiniOzoneClusterImpl.java:lambda$waitForClusterToBeReady$0(177)) - Nodes are ready. Got 3 of 3 DN Heartbeats.
2020-06-02 23:35:08,028 [Listener at 127.0.0.1/36455] INFO  ozone.MiniOzoneClusterImpl (MiniOzoneClusterImpl.java:lambda$waitForClusterToBeReady$0(180)) - Waiting for cluster to exit safe mode
2020-06-02 23:35:09,028 [Listener at 127.0.0.1/36455] INFO  ozone.MiniOzoneClusterImpl (MiniOzoneClusterImpl.java:lambda$waitForClusterToBeReady$0(177)) - Nodes are ready. Got 3 of 3 DN Heartbeats.
2020-06-02 23:35:09,029 [Listener at 127.0.0.1/36455] INFO  ozone.MiniOzoneClusterImpl (MiniOzoneClusterImpl.java:lambda$waitForClusterToBeReady$0(180)) - Waiting for cluster to exit safe mode
2020-06-02 23:35:09,759 [Command processor thread] INFO  impl.RaftServerProxy (RaftServerProxy.java:addNew(89)) - 46593078-1315-442c-91b1-b92b4f012500: addNew group-A77CAD7CA71C:[46593078-1315-442c-91b1-b92b4f012500:172.17.0.2:40081] returns group-A77CAD7CA71C:java.util.concurrent.CompletableFuture@6b2e9d2a[Not completed]
2020-06-02 23:35:09,783 [pool-35-thread-1] INFO  impl.RaftServerImpl (RaftServerImpl.java:<init>(98)) - 46593078-1315-442c-91b1-b92b4f012500: new RaftServerImpl for group-A77CAD7CA71C:[46593078-1315-442c-91b1-b92b4f012500:172.17.0.2:40081] with ContainerStateMachine:uninitialized
2020-06-02 23:35:09,784 [pool-35-thread-1] INFO  server.RaftServerConfigKeys (ConfUtils.java:logGet(44)) - raft.server.rpc.timeout.min = 5s (custom)
2020-06-02 23:35:09,785 [pool-35-thread-1] INFO  server.RaftServerConfigKeys (ConfUtils.java:logGet(44)) - raft.server.rpc.timeout.max = 5200ms (custom)
2020-06-02 23:35:09,785 [pool-35-thread-1] INFO  server.RaftServerConfigKeys (ConfUtils.java:logGet(44)) - raft.server.rpcslowness.timeout = 300s (custom)
2020-06-02 23:35:09,786 [pool-35-thread-1] INFO  server.RaftServerConfigKeys (ConfUtils.java:logGet(44)) - raft.server.sleep.deviation.threshold = 300 (default)
2020-06-02 23:35:09,786 [pool-35-thread-1] INFO  server.RaftServerConfigKeys (ConfUtils.java:logGet(44)) - raft.server.log.appender.install.snapshot.enabled = false (custom)
2020-06-02 23:35:09,792 [pool-35-thread-1] INFO  impl.RaftServerImpl (ServerState.java:<init>(103)) - 46593078-1315-442c-91b1-b92b4f012500@group-A77CAD7CA71C: ConfigurationManager, init=-1: [46593078-1315-442c-91b1-b92b4f012500:172.17.0.2:40081], old=null, confs=<EMPTY_MAP>
2020-06-02 23:35:09,792 [pool-35-thread-1] INFO  server.RaftServerConfigKeys (ConfUtils.java:logGet(44)) - raft.server.storage.dir = [/github/workspace/mnt/ozone/hadoop-ozone/integration-test/target/test-dir/MiniOzoneClusterImpl-31b4c61b-beaa-4c19-8fbb-f7fa03016b8e/datanode-0/data/ratis] (custom)
2020-06-02 23:35:09,797 [pool-35-thread-1] INFO  server.RaftServerConfigKeys (ConfUtils.java:logGet(44)) - raft.server.log.corruption.policy = EXCEPTION (default)
2020-06-02 23:35:09,799 [pool-35-thread-1] INFO  storage.RaftStorageDirectory (RaftStorageDirectory.java:analyzeStorage(261)) - The storage directory /github/workspace/mnt/ozone/hadoop-ozone/integration-test/target/test-dir/MiniOzoneClusterImpl-31b4c61b-beaa-4c19-8fbb-f7fa03016b8e/datanode-0/data/ratis/e2604452-834b-4c6b-904e-a77cad7ca71c does not exist. Creating ...
2020-06-02 23:35:09,803 [pool-35-thread-1] INFO  storage.RaftStorageDirectory (RaftStorageDirectory.java:tryLock(343)) - Lock on /github/workspace/mnt/ozone/hadoop-ozone/integration-test/target/test-dir/MiniOzoneClusterImpl-31b4c61b-beaa-4c19-8fbb-f7fa03016b8e/datanode-0/data/ratis/e2604452-834b-4c6b-904e-a77cad7ca71c/in_use.lock acquired by nodename 16401@4c74825c5481
2020-06-02 23:35:09,805 [pool-35-thread-1] INFO  storage.RaftStorage (RaftStorage.java:format(84)) - Storage directory /github/workspace/mnt/ozone/hadoop-ozone/integration-test/target/test-dir/MiniOzoneClusterImpl-31b4c61b-beaa-4c19-8fbb-f7fa03016b8e/datanode-0/data/ratis/e2604452-834b-4c6b-904e-a77cad7ca71c has been successfully formatted.
2020-06-02 23:35:09,809 [pool-35-thread-1] INFO  ratis.ContainerStateMachine (ContainerStateMachine.java:loadSnapshot(226)) - group-A77CAD7CA71C: The snapshot info is null. Setting the last applied indexto:(t:0, i:~)
2020-06-02 23:35:09,809 [Datanode State Machine Thread - 0] ERROR statemachine.DatanodeStateMachine (DatanodeStateMachine.java:lambda$startDaemon$0(378)) - Unable to start the DatanodeState Machine
java.io.IOException: Unable to finish the execution.
	at org.apache.hadoop.ozone.container.common.statemachine.DatanodeStateMachine.start(DatanodeStateMachine.java:219)
	at org.apache.hadoop.ozone.container.common.statemachine.DatanodeStateMachine.lambda$startDaemon$0(DatanodeStateMachine.java:375)
	at java.lang.Thread.run(Thread.java:748)
Caused by: java.lang.InterruptedException: sleep interrupted
	at java.lang.Thread.sleep(Native Method)
	at org.apache.hadoop.ozone.container.common.statemachine.DatanodeStateMachine.start(DatanodeStateMachine.java:212)
	... 2 more
2020-06-02 23:35:09,810 [pool-35-thread-1] INFO  server.RaftServerConfigKeys (ConfUtils.java:logGet(44)) - raft.server.notification.no-leader.timeout = 60s (default)
2020-06-02 23:35:09,812 [pool-35-thread-1] INFO  server.RaftServerConfigKeys (ConfUtils.java:logGet(44)) - raft.server.log.use.memory = false (default)
2020-06-02 23:35:09,816 [pool-35-thread-1] INFO  server.RaftServerConfigKeys (ConfUtils.java:logGet(44)) - raft.server.log.purge.gap = 1000000 (custom)
2020-06-02 23:35:09,816 [pool-35-thread-1] INFO  server.RaftServerConfigKeys (ConfUtils.java:logGet(44)) - raft.server.log.appender.buffer.byte-limit = 33554432 (custom)
2020-06-02 23:35:09,818 [pool-35-thread-1] INFO  server.RaftServerConfigKeys (ConfUtils.java:logGet(44)) - raft.server.log.segment.size.max = 1048576 (custom)
2020-06-02 23:35:09,821 [pool-35-thread-1] INFO  metrics.RatisMetrics (RatisMetrics.java:lambda$create$0(39)) - Creating Metrics Registry : ratis.log_worker.46593078-1315-442c-91b1-b92b4f012500
2020-06-02 23:35:09,831 [pool-35-thread-1] INFO  server.RaftServerConfigKeys (ConfUtils.java:logGet(44)) - raft.server.log.segment.cache.num.max = 2 (custom)
2020-06-02 23:35:09,836 [pool-35-thread-1] INFO  segmented.SegmentedRaftLogWorker (SegmentedRaftLogWorker.java:<init>(176)) - new 46593078-1315-442c-91b1-b92b4f012500@group-A77CAD7CA71C-SegmentedRaftLogWorker for RaftStorage:Storage Directory /github/workspace/mnt/ozone/hadoop-ozone/integration-test/target/test-dir/MiniOzoneClusterImpl-31b4c61b-beaa-4c19-8fbb-f7fa03016b8e/datanode-0/data/ratis/e2604452-834b-4c6b-904e-a77cad7ca71c
2020-06-02 23:35:09,836 [pool-35-thread-1] INFO  server.RaftServerConfigKeys (ConfUtils.java:logGet(44)) - raft.server.log.queue.byte-limit = 2147483647 (custom)
2020-06-02 23:35:09,836 [pool-35-thread-1] INFO  server.RaftServerConfigKeys (ConfUtils.java:logGet(44)) - raft.server.log.queue.element-limit = 1024 (custom)
2020-06-02 23:35:09,837 [pool-35-thread-1] INFO  server.RaftServerConfigKeys (ConfUtils.java:logGet(44)) - raft.server.log.segment.size.max = 1048576 (custom)
2020-06-02 23:35:09,838 [pool-35-thread-1] INFO  server.RaftServerConfigKeys (ConfUtils.java:logGet(44)) - raft.server.log.preallocated.size = 16384 (custom)
2020-06-02 23:35:09,838 [pool-35-thread-1] INFO  server.RaftServerConfigKeys (ConfUtils.java:logGet(44)) - raft.server.log.write.buffer.size = 1048576 (custom)
2020-06-02 23:35:09,839 [pool-35-thread-1] INFO  server.RaftServerConfigKeys (ConfUtils.java:logGet(44)) - raft.server.log.force.sync.num = 128 (default)
2020-06-02 23:35:09,840 [pool-35-thread-1] INFO  server.RaftServerConfigKeys (ConfUtils.java:logGet(44)) - raft.server.log.statemachine.data.sync = true (default)
2020-06-02 23:35:09,840 [pool-35-thread-1] INFO  server.RaftServerConfigKeys (ConfUtils.java:logGet(44)) - raft.server.log.statemachine.data.sync.timeout = 10s (default)
2020-06-02 23:35:09,840 [pool-35-thread-1] INFO  server.RaftServerConfigKeys (ConfUtils.java:logGet(44)) - raft.server.log.statemachine.data.sync.timeout.retry = -1 (default)
2020-06-02 23:35:09,851 [pool-35-thread-1] INFO  server.RaftServerConfigKeys (ConfUtils.java:logGet(44)) - raft.server.log.statemachine.data.caching.enabled = true (custom)
2020-06-02 23:35:09,856 [pool-35-thread-1] INFO  segmented.SegmentedRaftLogWorker (SegmentedRaftLogWorker.java:lambda$new$0(129)) - 46593078-1315-442c-91b1-b92b4f012500@group-A77CAD7CA71C-SegmentedRaftLogWorker: flushIndex: setUnconditionally 0 -> -1
2020-06-02 23:35:09,859 [pool-35-thread-1] INFO  server.RaftServerConfigKeys (ConfUtils.java:logGet(44)) - raft.server.snapshot.auto.trigger.enabled = true (custom)
2020-06-02 23:35:09,860 [pool-35-thread-1] INFO  server.RaftServerConfigKeys (ConfUtils.java:logGet(44)) - raft.server.snapshot.auto.trigger.threshold = 10000 (custom)
2020-06-02 23:35:09,860 [pool-35-thread-1] INFO  server.RaftServerConfigKeys (ConfUtils.java:logGet(44)) - raft.server.snapshot.retention.file.num = 5 (custom)
2020-06-02 23:35:09,861 [pool-35-thread-1] INFO  server.RaftServerConfigKeys (ConfUtils.java:logGet(44)) - raft.server.log.purge.upto.snapshot.index = false (default)
2020-06-02 23:35:09,861 [pool-35-thread-1] INFO  server.RaftServerConfigKeys (ConfUtils.java:logGet(44)) - raft.server.retrycache.expirytime = 600000ms (custom)
2020-06-02 23:35:09,878 [pool-35-thread-1] INFO  metrics.RatisMetrics (RatisMetrics.java:lambda$create$0(39)) - Creating Metrics Registry : ratis.leader_election.46593078-1315-442c-91b1-b92b4f012500@group-A77CAD7CA71C
2020-06-02 23:35:09,881 [pool-35-thread-1] INFO  metrics.RatisMetrics (RatisMetrics.java:lambda$create$0(39)) - Creating Metrics Registry : ratis.server.46593078-1315-442c-91b1-b92b4f012500@group-A77CAD7CA71C
2020-06-02 23:35:09,885 [pool-35-thread-1] INFO  impl.RaftServerImpl (RaftServerImpl.java:start(184)) - 46593078-1315-442c-91b1-b92b4f012500@group-A77CAD7CA71C: start as a follower, conf=-1: [46593078-1315-442c-91b1-b92b4f012500:172.17.0.2:40081], old=null
2020-06-02 23:35:09,886 [pool-35-thread-1] INFO  impl.RaftServerImpl (RaftServerImpl.java:setRole(173)) - 46593078-1315-442c-91b1-b92b4f012500@group-A77CAD7CA71C: changes role from      null to FOLLOWER at term 0 for startAsFollower
2020-06-02 23:35:09,887 [pool-35-thread-1] INFO  impl.RoleInfo (RoleInfo.java:updateAndGet(143)) - 46593078-1315-442c-91b1-b92b4f012500: start FollowerState
2020-06-02 23:35:09,888 [pool-35-thread-1] INFO  util.JmxRegister (JmxRegister.java:tryRegister(44)) - Successfully registered JMX Bean with object name Ratis:service=RaftServer,group=group-A77CAD7CA71C,id=46593078-1315-442c-91b1-b92b4f012500
2020-06-02 23:35:09,889 [pool-35-thread-1] INFO  metrics.RatisMetrics (RatisMetrics.java:lambda$create$0(39)) - Creating Metrics Registry : ratis.state_machine.46593078-1315-442c-91b1-b92b4f012500@group-A77CAD7CA71C
2020-06-02 23:35:09,906 [Command processor thread] INFO  commandhandler.CreatePipelineCommandHandler (CreatePipelineCommandHandler.java:handle(109)) - Created Pipeline RATIS ONE #id: "e2604452-834b-4c6b-904e-a77cad7ca71c"
.
2020-06-02 23:35:09,906 [Command processor thread] INFO  impl.RaftServerProxy (RaftServerProxy.java:addNew(89)) - 46593078-1315-442c-91b1-b92b4f012500: addNew group-E2DBF971A61D:[46593078-1315-442c-91b1-b92b4f012500:172.17.0.2:40081, dd4333e9-7965-46b1-a2b1-cee7aab213b7:172.17.0.2:37281, 43006955-015f-42cd-b925-cfd3ac6ee1ce:172.17.0.2:44435] returns group-E2DBF971A61D:java.util.concurrent.CompletableFuture@26ab3425[Not completed]
2020-06-02 23:35:09,907 [pool-35-thread-1] INFO  impl.RaftServerImpl (RaftServerImpl.java:<init>(98)) - 46593078-1315-442c-91b1-b92b4f012500: new RaftServerImpl for group-E2DBF971A61D:[46593078-1315-442c-91b1-b92b4f012500:172.17.0.2:40081, dd4333e9-7965-46b1-a2b1-cee7aab213b7:172.17.0.2:37281, 43006955-015f-42cd-b925-cfd3ac6ee1ce:172.17.0.2:44435] with ContainerStateMachine:uninitialized
2020-06-02 23:35:09,908 [pool-35-thread-1] INFO  server.RaftServerConfigKeys (ConfUtils.java:logGet(44)) - raft.server.rpc.timeout.min = 5s (custom)
2020-06-02 23:35:09,908 [pool-35-thread-1] INFO  server.RaftServerConfigKeys (ConfUtils.java:logGet(44)) - raft.server.rpc.timeout.max = 5200ms (custom)
2020-06-02 23:35:09,908 [pool-35-thread-1] INFO  server.RaftServerConfigKeys (ConfUtils.java:logGet(44)) - raft.server.rpcslowness.timeout = 300s (custom)
2020-06-02 23:35:09,912 [Command processor thread] INFO  impl.RaftServerProxy (RaftServerProxy.java:addNew(89)) - dd4333e9-7965-46b1-a2b1-cee7aab213b7: addNew group-0A2CC78894B9:[dd4333e9-7965-46b1-a2b1-cee7aab213b7:172.17.0.2:37281] returns group-0A2CC78894B9:java.util.concurrent.CompletableFuture@33b84a8[Not completed]
2020-06-02 23:35:09,912 [pool-35-thread-1] INFO  server.RaftServerConfigKeys (ConfUtils.java:logGet(44)) - raft.server.sleep.deviation.threshold = 300 (default)
2020-06-02 23:35:09,914 [pool-35-thread-1] INFO  server.RaftServerConfigKeys (ConfUtils.java:logGet(44)) - raft.server.log.appender.install.snapshot.enabled = false (custom)
2020-06-02 23:35:09,915 [pool-35-thread-1] INFO  impl.RaftServerImpl (ServerState.java:<init>(103)) - 46593078-1315-442c-91b1-b92b4f012500@group-E2DBF971A61D: ConfigurationManager, init=-1: [46593078-1315-442c-91b1-b92b4f012500:172.17.0.2:40081, dd4333e9-7965-46b1-a2b1-cee7aab213b7:172.17.0.2:37281, 43006955-015f-42cd-b925-cfd3ac6ee1ce:172.17.0.2:44435], old=null, confs=<EMPTY_MAP>
2020-06-02 23:35:09,915 [pool-35-thread-1] INFO  server.RaftServerConfigKeys (ConfUtils.java:logGet(44)) - raft.server.storage.dir = [/github/workspace/mnt/ozone/hadoop-ozone/integration-test/target/test-dir/MiniOzoneClusterImpl-31b4c61b-beaa-4c19-8fbb-f7fa03016b8e/datanode-0/data/ratis] (custom)
2020-06-02 23:35:09,915 [pool-35-thread-1] INFO  server.RaftServerConfigKeys (ConfUtils.java:logGet(44)) - raft.server.log.corruption.policy = EXCEPTION (default)
2020-06-02 23:35:09,916 [pool-35-thread-1] INFO  storage.RaftStorageDirectory (RaftStorageDirectory.java:analyzeStorage(261)) - The storage directory /github/workspace/mnt/ozone/hadoop-ozone/integration-test/target/test-dir/MiniOzoneClusterImpl-31b4c61b-beaa-4c19-8fbb-f7fa03016b8e/datanode-0/data/ratis/8835cd55-6e5d-4da3-9599-e2dbf971a61d does not exist. Creating ...
2020-06-02 23:35:09,917 [pool-35-thread-1] INFO  storage.RaftStorageDirectory (RaftStorageDirectory.java:tryLock(343)) - Lock on /github/workspace/mnt/ozone/hadoop-ozone/integration-test/target/test-dir/MiniOzoneClusterImpl-31b4c61b-beaa-4c19-8fbb-f7fa03016b8e/datanode-0/data/ratis/8835cd55-6e5d-4da3-9599-e2dbf971a61d/in_use.lock acquired by nodename 16401@4c74825c5481
2020-06-02 23:35:09,921 [pool-35-thread-1] INFO  storage.RaftStorage (RaftStorage.java:format(84)) - Storage directory /github/workspace/mnt/ozone/hadoop-ozone/integration-test/target/test-dir/MiniOzoneClusterImpl-31b4c61b-beaa-4c19-8fbb-f7fa03016b8e/datanode-0/data/ratis/8835cd55-6e5d-4da3-9599-e2dbf971a61d has been successfully formatted.
2020-06-02 23:35:09,921 [pool-35-thread-1] INFO  ratis.ContainerStateMachine (ContainerStateMachine.java:loadSnapshot(226)) - group-E2DBF971A61D: The snapshot info is null. Setting the last applied indexto:(t:0, i:~)
2020-06-02 23:35:09,922 [pool-51-thread-1] INFO  impl.RaftServerImpl (RaftServerImpl.java:<init>(98)) - dd4333e9-7965-46b1-a2b1-cee7aab213b7: new RaftServerImpl for group-0A2CC78894B9:[dd4333e9-7965-46b1-a2b1-cee7aab213b7:172.17.0.2:37281] with ContainerStateMachine:uninitialized
2020-06-02 23:35:09,923 [pool-51-thread-1] INFO  server.RaftServerConfigKeys (ConfUtils.java:logGet(44)) - raft.server.rpc.timeout.min = 5s (custom)
2020-06-02 23:35:09,924 [pool-35-thread-1] INFO  server.RaftServerConfigKeys (ConfUtils.java:logGet(44)) - raft.server.notification.no-leader.timeout = 60s (default)
2020-06-02 23:35:09,925 [pool-35-thread-1] INFO  server.RaftServerConfigKeys (ConfUtils.java:logGet(44)) - raft.server.log.use.memory = false (default)
2020-06-02 23:35:09,928 [pool-35-thread-1] INFO  server.RaftServerConfigKeys (ConfUtils.java:logGet(44)) - raft.server.log.purge.gap = 1000000 (custom)
2020-06-02 23:35:09,928 [pool-35-thread-1] INFO  server.RaftServerConfigKeys (ConfUtils.java:logGet(44)) - raft.server.log.appender.buffer.byte-limit = 33554432 (custom)
2020-06-02 23:35:09,928 [pool-35-thread-1] INFO  server.RaftServerConfigKeys (ConfUtils.java:logGet(44)) - raft.server.log.segment.size.max = 1048576 (custom)
2020-06-02 23:35:09,928 [pool-35-thread-1] INFO  server.RaftServerConfigKeys (ConfUtils.java:logGet(44)) - raft.server.log.segment.cache.num.max = 2 (custom)
2020-06-02 23:35:09,928 [pool-35-thread-1] INFO  segmented.SegmentedRaftLogWorker (SegmentedRaftLogWorker.java:<init>(176)) - new 46593078-1315-442c-91b1-b92b4f012500@group-E2DBF971A61D-SegmentedRaftLogWorker for RaftStorage:Storage Directory /github/workspace/mnt/ozone/hadoop-ozone/integration-test/target/test-dir/MiniOzoneClusterImpl-31b4c61b-beaa-4c19-8fbb-f7fa03016b8e/datanode-0/data/ratis/8835cd55-6e5d-4da3-9599-e2dbf971a61d
2020-06-02 23:35:09,928 [pool-35-thread-1] INFO  server.RaftServerConfigKeys (ConfUtils.java:logGet(44)) - raft.server.log.queue.byte-limit = 2147483647 (custom)
2020-06-02 23:35:09,928 [pool-35-thread-1] INFO  server.RaftServerConfigKeys (ConfUtils.java:logGet(44)) - raft.server.log.queue.element-limit = 1024 (custom)
2020-06-02 23:35:09,928 [pool-35-thread-1] INFO  server.RaftServerConfigKeys (ConfUtils.java:logGet(44)) - raft.server.log.segment.size.max = 1048576 (custom)
2020-06-02 23:35:09,929 [pool-35-thread-1] INFO  server.RaftServerConfigKeys (ConfUtils.java:logGet(44)) - raft.server.log.preallocated.size = 16384 (custom)
2020-06-02 23:35:09,931 [pool-35-thread-1] INFO  server.RaftServerConfigKeys (ConfUtils.java:logGet(44)) - raft.server.log.write.buffer.size = 1048576 (custom)
2020-06-02 23:35:09,931 [pool-35-thread-1] INFO  server.RaftServerConfigKeys (ConfUtils.java:logGet(44)) - raft.server.log.force.sync.num = 128 (default)
2020-06-02 23:35:09,931 [pool-35-thread-1] INFO  server.RaftServerConfigKeys (ConfUtils.java:logGet(44)) - raft.server.log.statemachine.data.sync = true (default)
2020-06-02 23:35:09,931 [pool-35-thread-1] INFO  server.RaftServerConfigKeys (ConfUtils.java:logGet(44)) - raft.server.log.statemachine.data.sync.timeout = 10s (default)
2020-06-02 23:35:09,931 [pool-35-thread-1] INFO  server.RaftServerConfigKeys (ConfUtils.java:logGet(44)) - raft.server.log.statemachine.data.sync.timeout.retry = -1 (default)
2020-06-02 23:35:09,932 [pool-35-thread-1] INFO  server.RaftServerConfigKeys (ConfUtils.java:logGet(44)) - raft.server.log.statemachine.data.caching.enabled = true (custom)
2020-06-02 23:35:09,932 [pool-35-thread-1] INFO  segmented.SegmentedRaftLogWorker (SegmentedRaftLogWorker.java:lambda$new$0(129)) - 46593078-1315-442c-91b1-b92b4f012500@group-E2DBF971A61D-SegmentedRaftLogWorker: flushIndex: setUnconditionally 0 -> -1
2020-06-02 23:35:09,925 [pool-51-thread-1] INFO  server.RaftServerConfigKeys (ConfUtils.java:logGet(44)) - raft.server.rpc.timeout.max = 5200ms (custom)
2020-06-02 23:35:09,932 [pool-51-thread-1] INFO  server.RaftServerConfigKeys (ConfUtils.java:logGet(44)) - raft.server.rpcslowness.timeout = 300s (custom)
2020-06-02 23:35:09,932 [pool-51-thread-1] INFO  server.RaftServerConfigKeys (ConfUtils.java:logGet(44)) - raft.server.sleep.deviation.threshold = 300 (default)
2020-06-02 23:35:09,932 [pool-51-thread-1] INFO  server.RaftServerConfigKeys (ConfUtils.java:logGet(44)) - raft.server.log.appender.install.snapshot.enabled = false (custom)
2020-06-02 23:35:09,932 [pool-51-thread-1] INFO  impl.RaftServerImpl (ServerState.java:<init>(103)) - dd4333e9-7965-46b1-a2b1-cee7aab213b7@group-0A2CC78894B9: ConfigurationManager, init=-1: [dd4333e9-7965-46b1-a2b1-cee7aab213b7:172.17.0.2:37281], old=null, confs=<EMPTY_MAP>
2020-06-02 23:35:09,932 [pool-51-thread-1] INFO  server.RaftServerConfigKeys (ConfUtils.java:logGet(44)) - raft.server.storage.dir = [/github/workspace/mnt/ozone/hadoop-ozone/integration-test/target/test-dir/MiniOzoneClusterImpl-31b4c61b-beaa-4c19-8fbb-f7fa03016b8e/datanode-1/data/ratis] (custom)
2020-06-02 23:35:09,933 [pool-51-thread-1] INFO  server.RaftServerConfigKeys (ConfUtils.java:logGet(44)) - raft.server.log.corruption.policy = EXCEPTION (default)
2020-06-02 23:35:09,933 [pool-51-thread-1] INFO  storage.RaftStorageDirectory (RaftStorageDirectory.java:analyzeStorage(261)) - The storage directory /github/workspace/mnt/ozone/hadoop-ozone/integration-test/target/test-dir/MiniOzoneClusterImpl-31b4c61b-beaa-4c19-8fbb-f7fa03016b8e/datanode-1/data/ratis/2b63aa56-b6c4-40a7-a1ef-0a2cc78894b9 does not exist. Creating ...
2020-06-02 23:35:09,940 [pool-35-thread-1] INFO  server.RaftServerConfigKeys (ConfUtils.java:logGet(44)) - raft.server.snapshot.auto.trigger.enabled = true (custom)
2020-06-02 23:35:09,940 [pool-35-thread-1] INFO  server.RaftServerConfigKeys (ConfUtils.java:logGet(44)) - raft.server.snapshot.auto.trigger.threshold = 10000 (custom)
2020-06-02 23:35:09,940 [pool-35-thread-1] INFO  server.RaftServerConfigKeys (ConfUtils.java:logGet(44)) - raft.server.snapshot.retention.file.num = 5 (custom)
2020-06-02 23:35:09,940 [pool-35-thread-1] INFO  server.RaftServerConfigKeys (ConfUtils.java:logGet(44)) - raft.server.log.purge.upto.snapshot.index = false (default)
2020-06-02 23:35:09,941 [pool-35-thread-1] INFO  server.RaftServerConfigKeys (ConfUtils.java:logGet(44)) - raft.server.retrycache.expirytime = 600000ms (custom)
2020-06-02 23:35:09,941 [pool-35-thread-1] INFO  metrics.RatisMetrics (RatisMetrics.java:lambda$create$0(39)) - Creating Metrics Registry : ratis.leader_election.46593078-1315-442c-91b1-b92b4f012500@group-E2DBF971A61D
2020-06-02 23:35:09,942 [pool-35-thread-1] INFO  metrics.RatisMetrics (RatisMetrics.java:lambda$create$0(39)) - Creating Metrics Registry : ratis.server.46593078-1315-442c-91b1-b92b4f012500@group-E2DBF971A61D
2020-06-02 23:35:09,940 [pool-51-thread-1] INFO  storage.RaftStorageDirectory (RaftStorageDirectory.java:tryLock(343)) - Lock on /github/workspace/mnt/ozone/hadoop-ozone/integration-test/target/test-dir/MiniOzoneClusterImpl-31b4c61b-beaa-4c19-8fbb-f7fa03016b8e/datanode-1/data/ratis/2b63aa56-b6c4-40a7-a1ef-0a2cc78894b9/in_use.lock acquired by nodename 16401@4c74825c5481
2020-06-02 23:35:09,943 [pool-51-thread-1] INFO  storage.RaftStorage (RaftStorage.java:format(84)) - Storage directory /github/workspace/mnt/ozone/hadoop-ozone/integration-test/target/test-dir/MiniOzoneClusterImpl-31b4c61b-beaa-4c19-8fbb-f7fa03016b8e/datanode-1/data/ratis/2b63aa56-b6c4-40a7-a1ef-0a2cc78894b9 has been successfully formatted.
2020-06-02 23:35:09,945 [Datanode State Machine Thread - 0] ERROR statemachine.DatanodeStateMachine (DatanodeStateMachine.java:lambda$startDaemon$0(378)) - Unable to start the DatanodeState Machine
java.io.IOException: Unable to finish the execution.
	at org.apache.hadoop.ozone.container.common.statemachine.DatanodeStateMachine.start(DatanodeStateMachine.java:219)
	at org.apache.hadoop.ozone.container.common.statemachine.DatanodeStateMachine.lambda$startDaemon$0(DatanodeStateMachine.java:375)
	at java.lang.Thread.run(Thread.java:748)
Caused by: java.lang.InterruptedException: sleep interrupted
	at java.lang.Thread.sleep(Native Method)
	at org.apache.hadoop.ozone.container.common.statemachine.DatanodeStateMachine.start(DatanodeStateMachine.java:212)
	... 2 more
2020-06-02 23:35:09,945 [pool-51-thread-1] INFO  ratis.ContainerStateMachine (ContainerStateMachine.java:loadSnapshot(226)) - group-0A2CC78894B9: The snapshot info is null. Setting the last applied indexto:(t:0, i:~)
2020-06-02 23:35:09,947 [pool-51-thread-1] INFO  server.RaftServerConfigKeys (ConfUtils.java:logGet(44)) - raft.server.notification.no-leader.timeout = 60s (default)
2020-06-02 23:35:09,947 [pool-51-thread-1] INFO  server.RaftServerConfigKeys (ConfUtils.java:logGet(44)) - raft.server.log.use.memory = false (default)
2020-06-02 23:35:09,947 [pool-51-thread-1] INFO  server.RaftServerConfigKeys (ConfUtils.java:logGet(44)) - raft.server.log.purge.gap = 1000000 (custom)
2020-06-02 23:35:09,947 [pool-51-thread-1] INFO  server.RaftServerConfigKeys (ConfUtils.java:logGet(44)) - raft.server.log.appender.buffer.byte-limit = 33554432 (custom)
2020-06-02 23:35:09,947 [pool-51-thread-1] INFO  server.RaftServerConfigKeys (ConfUtils.java:logGet(44)) - raft.server.log.segment.size.max = 1048576 (custom)
2020-06-02 23:35:09,947 [pool-51-thread-1] INFO  metrics.RatisMetrics (RatisMetrics.java:lambda$create$0(39)) - Creating Metrics Registry : ratis.log_worker.dd4333e9-7965-46b1-a2b1-cee7aab213b7
2020-06-02 23:35:09,947 [pool-51-thread-1] INFO  server.RaftServerConfigKeys (ConfUtils.java:logGet(44)) - raft.server.log.segment.cache.num.max = 2 (custom)
2020-06-02 23:35:09,946 [pool-35-thread-1] INFO  impl.RaftServerImpl (RaftServerImpl.java:start(184)) - 46593078-1315-442c-91b1-b92b4f012500@group-E2DBF971A61D: start as a follower, conf=-1: [46593078-1315-442c-91b1-b92b4f012500:172.17.0.2:40081, dd4333e9-7965-46b1-a2b1-cee7aab213b7:172.17.0.2:37281, 43006955-015f-42cd-b925-cfd3ac6ee1ce:172.17.0.2:44435], old=null
2020-06-02 23:35:09,948 [pool-51-thread-1] INFO  segmented.SegmentedRaftLogWorker (SegmentedRaftLogWorker.java:<init>(176)) - new dd4333e9-7965-46b1-a2b1-cee7aab213b7@group-0A2CC78894B9-SegmentedRaftLogWorker for RaftStorage:Storage Directory /github/workspace/mnt/ozone/hadoop-ozone/integration-test/target/test-dir/MiniOzoneClusterImpl-31b4c61b-beaa-4c19-8fbb-f7fa03016b8e/datanode-1/data/ratis/2b63aa56-b6c4-40a7-a1ef-0a2cc78894b9
2020-06-02 23:35:09,948 [pool-51-thread-1] INFO  server.RaftServerConfigKeys (ConfUtils.java:logGet(44)) - raft.server.log.queue.byte-limit = 2147483647 (custom)
2020-06-02 23:35:09,948 [pool-51-thread-1] INFO  server.RaftServerConfigKeys (ConfUtils.java:logGet(44)) - raft.server.log.queue.element-limit = 1024 (custom)
2020-06-02 23:35:09,948 [pool-51-thread-1] INFO  server.RaftServerConfigKeys (ConfUtils.java:logGet(44)) - raft.server.log.segment.size.max = 1048576 (custom)
2020-06-02 23:35:09,949 [pool-51-thread-1] INFO  server.RaftServerConfigKeys (ConfUtils.java:logGet(44)) - raft.server.log.preallocated.size = 16384 (custom)
2020-06-02 23:35:09,949 [pool-51-thread-1] INFO  server.RaftServerConfigKeys (ConfUtils.java:logGet(44)) - raft.server.log.write.buffer.size = 1048576 (custom)
2020-06-02 23:35:09,949 [pool-51-thread-1] INFO  server.RaftServerConfigKeys (ConfUtils.java:logGet(44)) - raft.server.log.force.sync.num = 128 (default)
2020-06-02 23:35:09,949 [pool-51-thread-1] INFO  server.RaftServerConfigKeys (ConfUtils.java:logGet(44)) - raft.server.log.statemachine.data.sync = true (default)
2020-06-02 23:35:09,949 [pool-51-thread-1] INFO  server.RaftServerConfigKeys (ConfUtils.java:logGet(44)) - raft.server.log.statemachine.data.sync.timeout = 10s (default)
2020-06-02 23:35:09,949 [pool-51-thread-1] INFO  server.RaftServerConfigKeys (ConfUtils.java:logGet(44)) - raft.server.log.statemachine.data.sync.timeout.retry = -1 (default)
2020-06-02 23:35:09,948 [pool-35-thread-1] INFO  impl.RaftServerImpl (RaftServerImpl.java:setRole(173)) - 46593078-1315-442c-91b1-b92b4f012500@group-E2DBF971A61D: changes role from      null to FOLLOWER at term 0 for startAsFollower
2020-06-02 23:35:09,951 [pool-35-thread-1] INFO  impl.RoleInfo (RoleInfo.java:updateAndGet(143)) - 46593078-1315-442c-91b1-b92b4f012500: start FollowerState
2020-06-02 23:35:09,951 [pool-51-thread-1] INFO  server.RaftServerConfigKeys (ConfUtils.java:logGet(44)) - raft.server.log.statemachine.data.caching.enabled = true (custom)
2020-06-02 23:35:09,951 [pool-51-thread-1] INFO  segmented.SegmentedRaftLogWorker (SegmentedRaftLogWorker.java:lambda$new$0(129)) - dd4333e9-7965-46b1-a2b1-cee7aab213b7@group-0A2CC78894B9-SegmentedRaftLogWorker: flushIndex: setUnconditionally 0 -> -1
2020-06-02 23:35:09,954 [pool-35-thread-1] INFO  util.JmxRegister (JmxRegister.java:tryRegister(44)) - Successfully registered JMX Bean with object name Ratis:service=RaftServer,group=group-E2DBF971A61D,id=46593078-1315-442c-91b1-b92b4f012500
2020-06-02 23:35:09,954 [pool-35-thread-1] INFO  metrics.RatisMetrics (RatisMetrics.java:lambda$create$0(39)) - Creating Metrics Registry : ratis.state_machine.46593078-1315-442c-91b1-b92b4f012500@group-E2DBF971A61D
2020-06-02 23:35:09,958 [pool-51-thread-1] INFO  server.RaftServerConfigKeys (ConfUtils.java:logGet(44)) - raft.server.snapshot.auto.trigger.enabled = true (custom)
2020-06-02 23:35:09,959 [pool-51-thread-1] INFO  server.RaftServerConfigKeys (ConfUtils.java:logGet(44)) - raft.server.snapshot.auto.trigger.threshold = 10000 (custom)
2020-06-02 23:35:09,959 [pool-51-thread-1] INFO  server.RaftServerConfigKeys (ConfUtils.java:logGet(44)) - raft.server.snapshot.retention.file.num = 5 (custom)
2020-06-02 23:35:09,959 [pool-51-thread-1] INFO  server.RaftServerConfigKeys (ConfUtils.java:logGet(44)) - raft.server.log.purge.upto.snapshot.index = false (default)
2020-06-02 23:35:09,959 [pool-51-thread-1] INFO  server.RaftServerConfigKeys (ConfUtils.java:logGet(44)) - raft.server.retrycache.expirytime = 600000ms (custom)
2020-06-02 23:35:09,959 [pool-51-thread-1] INFO  metrics.RatisMetrics (RatisMetrics.java:lambda$create$0(39)) - Creating Metrics Registry : ratis.leader_election.dd4333e9-7965-46b1-a2b1-cee7aab213b7@group-0A2CC78894B9
2020-06-02 23:35:09,959 [pool-51-thread-1] INFO  metrics.RatisMetrics (RatisMetrics.java:lambda$create$0(39)) - Creating Metrics Registry : ratis.server.dd4333e9-7965-46b1-a2b1-cee7aab213b7@group-0A2CC78894B9
2020-06-02 23:35:09,960 [pool-51-thread-1] INFO  impl.RaftServerImpl (RaftServerImpl.java:start(184)) - dd4333e9-7965-46b1-a2b1-cee7aab213b7@group-0A2CC78894B9: start as a follower, conf=-1: [dd4333e9-7965-46b1-a2b1-cee7aab213b7:172.17.0.2:37281], old=null
2020-06-02 23:35:09,960 [pool-51-thread-1] INFO  impl.RaftServerImpl (RaftServerImpl.java:setRole(173)) - dd4333e9-7965-46b1-a2b1-cee7aab213b7@group-0A2CC78894B9: changes role from      null to FOLLOWER at term 0 for startAsFollower
2020-06-02 23:35:09,960 [pool-51-thread-1] INFO  impl.RoleInfo (RoleInfo.java:updateAndGet(143)) - dd4333e9-7965-46b1-a2b1-cee7aab213b7: start FollowerState
2020-06-02 23:35:09,963 [pool-51-thread-1] INFO  util.JmxRegister (JmxRegister.java:tryRegister(44)) - Successfully registered JMX Bean with object name Ratis:service=RaftServer,group=group-0A2CC78894B9,id=dd4333e9-7965-46b1-a2b1-cee7aab213b7
2020-06-02 23:35:09,967 [pool-51-thread-1] INFO  metrics.RatisMetrics (RatisMetrics.java:lambda$create$0(39)) - Creating Metrics Registry : ratis.state_machine.dd4333e9-7965-46b1-a2b1-cee7aab213b7@group-0A2CC78894B9
2020-06-02 23:35:09,967 [Command processor thread] INFO  commandhandler.CreatePipelineCommandHandler (CreatePipelineCommandHandler.java:handle(109)) - Created Pipeline RATIS ONE #id: "2b63aa56-b6c4-40a7-a1ef-0a2cc78894b9"
.
2020-06-02 23:35:09,976 [Command processor thread] INFO  impl.RaftServerProxy (RaftServerProxy.java:addNew(89)) - dd4333e9-7965-46b1-a2b1-cee7aab213b7: addNew group-E2DBF971A61D:[46593078-1315-442c-91b1-b92b4f012500:172.17.0.2:40081, dd4333e9-7965-46b1-a2b1-cee7aab213b7:172.17.0.2:37281, 43006955-015f-42cd-b925-cfd3ac6ee1ce:172.17.0.2:44435] returns group-E2DBF971A61D:java.util.concurrent.CompletableFuture@7040017[Not completed]
2020-06-02 23:35:09,977 [pool-51-thread-1] INFO  impl.RaftServerImpl (RaftServerImpl.java:<init>(98)) - dd4333e9-7965-46b1-a2b1-cee7aab213b7: new RaftServerImpl for group-E2DBF971A61D:[46593078-1315-442c-91b1-b92b4f012500:172.17.0.2:40081, dd4333e9-7965-46b1-a2b1-cee7aab213b7:172.17.0.2:37281, 43006955-015f-42cd-b925-cfd3ac6ee1ce:172.17.0.2:44435] with ContainerStateMachine:uninitialized
2020-06-02 23:35:09,978 [pool-51-thread-1] INFO  server.RaftServerConfigKeys (ConfUtils.java:logGet(44)) - raft.server.rpc.timeout.min = 5s (custom)
2020-06-02 23:35:09,978 [pool-51-thread-1] INFO  server.RaftServerConfigKeys (ConfUtils.java:logGet(44)) - raft.server.rpc.timeout.max = 5200ms (custom)
2020-06-02 23:35:09,978 [pool-51-thread-1] INFO  server.RaftServerConfigKeys (ConfUtils.java:logGet(44)) - raft.server.rpcslowness.timeout = 300s (custom)
2020-06-02 23:35:09,978 [pool-51-thread-1] INFO  server.RaftServerConfigKeys (ConfUtils.java:logGet(44)) - raft.server.sleep.deviation.threshold = 300 (default)
2020-06-02 23:35:09,978 [pool-51-thread-1] INFO  server.RaftServerConfigKeys (ConfUtils.java:logGet(44)) - raft.server.log.appender.install.snapshot.enabled = false (custom)
2020-06-02 23:35:09,978 [pool-51-thread-1] INFO  impl.RaftServerImpl (ServerState.java:<init>(103)) - dd4333e9-7965-46b1-a2b1-cee7aab213b7@group-E2DBF971A61D: ConfigurationManager, init=-1: [46593078-1315-442c-91b1-b92b4f012500:172.17.0.2:40081, dd4333e9-7965-46b1-a2b1-cee7aab213b7:172.17.0.2:37281, 43006955-015f-42cd-b925-cfd3ac6ee1ce:172.17.0.2:44435], old=null, confs=<EMPTY_MAP>
2020-06-02 23:35:09,978 [pool-51-thread-1] INFO  server.RaftServerConfigKeys (ConfUtils.java:logGet(44)) - raft.server.storage.dir = [/github/workspace/mnt/ozone/hadoop-ozone/integration-test/target/test-dir/MiniOzoneClusterImpl-31b4c61b-beaa-4c19-8fbb-f7fa03016b8e/datanode-1/data/ratis] (custom)
2020-06-02 23:35:09,978 [pool-51-thread-1] INFO  server.RaftServerConfigKeys (ConfUtils.java:logGet(44)) - raft.server.log.corruption.policy = EXCEPTION (default)
2020-06-02 23:35:09,978 [pool-51-thread-1] INFO  storage.RaftStorageDirectory (RaftStorageDirectory.java:analyzeStorage(261)) - The storage directory /github/workspace/mnt/ozone/hadoop-ozone/integration-test/target/test-dir/MiniOzoneClusterImpl-31b4c61b-beaa-4c19-8fbb-f7fa03016b8e/datanode-1/data/ratis/8835cd55-6e5d-4da3-9599-e2dbf971a61d does not exist. Creating ...
2020-06-02 23:35:09,983 [pool-51-thread-1] INFO  storage.RaftStorageDirectory (RaftStorageDirectory.java:tryLock(343)) - Lock on /github/workspace/mnt/ozone/hadoop-ozone/integration-test/target/test-dir/MiniOzoneClusterImpl-31b4c61b-beaa-4c19-8fbb-f7fa03016b8e/datanode-1/data/ratis/8835cd55-6e5d-4da3-9599-e2dbf971a61d/in_use.lock acquired by nodename 16401@4c74825c5481
2020-06-02 23:35:09,984 [pool-51-thread-1] INFO  storage.RaftStorage (RaftStorage.java:format(84)) - Storage directory /github/workspace/mnt/ozone/hadoop-ozone/integration-test/target/test-dir/MiniOzoneClusterImpl-31b4c61b-beaa-4c19-8fbb-f7fa03016b8e/datanode-1/data/ratis/8835cd55-6e5d-4da3-9599-e2dbf971a61d has been successfully formatted.
2020-06-02 23:35:09,984 [pool-51-thread-1] INFO  ratis.ContainerStateMachine (ContainerStateMachine.java:loadSnapshot(226)) - group-E2DBF971A61D: The snapshot info is null. Setting the last applied indexto:(t:0, i:~)
2020-06-02 23:35:09,985 [pool-51-thread-1] INFO  server.RaftServerConfigKeys (ConfUtils.java:logGet(44)) - raft.server.notification.no-leader.timeout = 60s (default)
2020-06-02 23:35:09,985 [pool-51-thread-1] INFO  server.RaftServerConfigKeys (ConfUtils.java:logGet(44)) - raft.server.log.use.memory = false (default)
2020-06-02 23:35:09,985 [pool-51-thread-1] INFO  server.RaftServerConfigKeys (ConfUtils.java:logGet(44)) - raft.server.log.purge.gap = 1000000 (custom)
2020-06-02 23:35:09,985 [pool-51-thread-1] INFO  server.RaftServerConfigKeys (ConfUtils.java:logGet(44)) - raft.server.log.appender.buffer.byte-limit = 33554432 (custom)
2020-06-02 23:35:09,985 [pool-51-thread-1] INFO  server.RaftServerConfigKeys (ConfUtils.java:logGet(44)) - raft.server.log.segment.size.max = 1048576 (custom)
2020-06-02 23:35:09,985 [pool-51-thread-1] INFO  server.RaftServerConfigKeys (ConfUtils.java:logGet(44)) - raft.server.log.segment.cache.num.max = 2 (custom)
2020-06-02 23:35:09,985 [pool-51-thread-1] INFO  segmented.SegmentedRaftLogWorker (SegmentedRaftLogWorker.java:<init>(176)) - new dd4333e9-7965-46b1-a2b1-cee7aab213b7@group-E2DBF971A61D-SegmentedRaftLogWorker for RaftStorage:Storage Directory /github/workspace/mnt/ozone/hadoop-ozone/integration-test/target/test-dir/MiniOzoneClusterImpl-31b4c61b-beaa-4c19-8fbb-f7fa03016b8e/datanode-1/data/ratis/8835cd55-6e5d-4da3-9599-e2dbf971a61d
2020-06-02 23:35:09,985 [pool-51-thread-1] INFO  server.RaftServerConfigKeys (ConfUtils.java:logGet(44)) - raft.server.log.queue.byte-limit = 2147483647 (custom)
2020-06-02 23:35:09,985 [pool-51-thread-1] INFO  server.RaftServerConfigKeys (ConfUtils.java:logGet(44)) - raft.server.log.queue.element-limit = 1024 (custom)
2020-06-02 23:35:09,985 [pool-51-thread-1] INFO  server.RaftServerConfigKeys (ConfUtils.java:logGet(44)) - raft.server.log.segment.size.max = 1048576 (custom)
2020-06-02 23:35:09,986 [pool-51-thread-1] INFO  server.RaftServerConfigKeys (ConfUtils.java:logGet(44)) - raft.server.log.preallocated.size = 16384 (custom)
2020-06-02 23:35:09,986 [pool-51-thread-1] INFO  server.RaftServerConfigKeys (ConfUtils.java:logGet(44)) - raft.server.log.write.buffer.size = 1048576 (custom)
2020-06-02 23:35:09,986 [pool-51-thread-1] INFO  server.RaftServerConfigKeys (ConfUtils.java:logGet(44)) - raft.server.log.force.sync.num = 128 (default)
2020-06-02 23:35:09,986 [pool-51-thread-1] INFO  server.RaftServerConfigKeys (ConfUtils.java:logGet(44)) - raft.server.log.statemachine.data.sync = true (default)
2020-06-02 23:35:09,986 [pool-51-thread-1] INFO  server.RaftServerConfigKeys (ConfUtils.java:logGet(44)) - raft.server.log.statemachine.data.sync.timeout = 10s (default)
2020-06-02 23:35:09,986 [pool-51-thread-1] INFO  server.RaftServerConfigKeys (ConfUtils.java:logGet(44)) - raft.server.log.statemachine.data.sync.timeout.retry = -1 (default)
2020-06-02 23:35:09,987 [pool-51-thread-1] INFO  server.RaftServerConfigKeys (ConfUtils.java:logGet(44)) - raft.server.log.statemachine.data.caching.enabled = true (custom)
2020-06-02 23:35:09,987 [pool-51-thread-1] INFO  segmented.SegmentedRaftLogWorker (SegmentedRaftLogWorker.java:lambda$new$0(129)) - dd4333e9-7965-46b1-a2b1-cee7aab213b7@group-E2DBF971A61D-SegmentedRaftLogWorker: flushIndex: setUnconditionally 0 -> -1
2020-06-02 23:35:09,987 [pool-51-thread-1] INFO  server.RaftServerConfigKeys (ConfUtils.java:logGet(44)) - raft.server.snapshot.auto.trigger.enabled = true (custom)
2020-06-02 23:35:09,987 [pool-51-thread-1] INFO  server.RaftServerConfigKeys (ConfUtils.java:logGet(44)) - raft.server.snapshot.auto.trigger.threshold = 10000 (custom)
2020-06-02 23:35:09,987 [pool-51-thread-1] INFO  server.RaftServerConfigKeys (ConfUtils.java:logGet(44)) - raft.server.snapshot.retention.file.num = 5 (custom)
2020-06-02 23:35:09,987 [pool-51-thread-1] INFO  server.RaftServerConfigKeys (ConfUtils.java:logGet(44)) - raft.server.log.purge.upto.snapshot.index = false (default)
2020-06-02 23:35:09,988 [pool-51-thread-1] INFO  server.RaftServerConfigKeys (ConfUtils.java:logGet(44)) - raft.server.retrycache.expirytime = 600000ms (custom)
2020-06-02 23:35:09,988 [pool-51-thread-1] INFO  metrics.RatisMetrics (RatisMetrics.java:lambda$create$0(39)) - Creating Metrics Registry : ratis.leader_election.dd4333e9-7965-46b1-a2b1-cee7aab213b7@group-E2DBF971A61D
2020-06-02 23:35:09,991 [pool-51-thread-1] INFO  metrics.RatisMetrics (RatisMetrics.java:lambda$create$0(39)) - Creating Metrics Registry : ratis.server.dd4333e9-7965-46b1-a2b1-cee7aab213b7@group-E2DBF971A61D
2020-06-02 23:35:09,994 [pool-51-thread-1] INFO  impl.RaftServerImpl (RaftServerImpl.java:start(184)) - dd4333e9-7965-46b1-a2b1-cee7aab213b7@group-E2DBF971A61D: start as a follower, conf=-1: [46593078-1315-442c-91b1-b92b4f012500:172.17.0.2:40081, dd4333e9-7965-46b1-a2b1-cee7aab213b7:172.17.0.2:37281, 43006955-015f-42cd-b925-cfd3ac6ee1ce:172.17.0.2:44435], old=null
2020-06-02 23:35:09,996 [pool-51-thread-1] INFO  impl.RaftServerImpl (RaftServerImpl.java:setRole(173)) - dd4333e9-7965-46b1-a2b1-cee7aab213b7@group-E2DBF971A61D: changes role from      null to FOLLOWER at term 0 for startAsFollower
2020-06-02 23:35:09,996 [pool-51-thread-1] INFO  impl.RoleInfo (RoleInfo.java:updateAndGet(143)) - dd4333e9-7965-46b1-a2b1-cee7aab213b7: start FollowerState
2020-06-02 23:35:09,996 [pool-51-thread-1] INFO  util.JmxRegister (JmxRegister.java:tryRegister(44)) - Successfully registered JMX Bean with object name Ratis:service=RaftServer,group=group-E2DBF971A61D,id=dd4333e9-7965-46b1-a2b1-cee7aab213b7
2020-06-02 23:35:09,996 [pool-51-thread-1] INFO  metrics.RatisMetrics (RatisMetrics.java:lambda$create$0(39)) - Creating Metrics Registry : ratis.state_machine.dd4333e9-7965-46b1-a2b1-cee7aab213b7@group-E2DBF971A61D
2020-06-02 23:35:10,029 [Listener at 127.0.0.1/36455] INFO  ozone.MiniOzoneClusterImpl (MiniOzoneClusterImpl.java:lambda$waitForClusterToBeReady$0(177)) - Nodes are ready. Got 3 of 3 DN Heartbeats.
2020-06-02 23:35:10,029 [Listener at 127.0.0.1/36455] INFO  ozone.MiniOzoneClusterImpl (MiniOzoneClusterImpl.java:lambda$waitForClusterToBeReady$0(180)) - Waiting for cluster to exit safe mode
2020-06-02 23:35:10,046 [Command processor thread] INFO  impl.RaftServerProxy (RaftServerProxy.java:addNew(89)) - 43006955-015f-42cd-b925-cfd3ac6ee1ce: addNew group-62EB59B96157:[43006955-015f-42cd-b925-cfd3ac6ee1ce:172.17.0.2:44435] returns group-62EB59B96157:java.util.concurrent.CompletableFuture@21d359eb[Not completed]
2020-06-02 23:35:10,087 [pool-67-thread-1] INFO  impl.RaftServerImpl (RaftServerImpl.java:<init>(98)) - 43006955-015f-42cd-b925-cfd3ac6ee1ce: new RaftServerImpl for group-62EB59B96157:[43006955-015f-42cd-b925-cfd3ac6ee1ce:172.17.0.2:44435] with ContainerStateMachine:uninitialized
2020-06-02 23:35:10,089 [pool-67-thread-1] INFO  server.RaftServerConfigKeys (ConfUtils.java:logGet(44)) - raft.server.rpc.timeout.min = 5s (custom)
2020-06-02 23:35:10,090 [pool-67-thread-1] INFO  server.RaftServerConfigKeys (ConfUtils.java:logGet(44)) - raft.server.rpc.timeout.max = 5200ms (custom)
2020-06-02 23:35:10,090 [pool-67-thread-1] INFO  server.RaftServerConfigKeys (ConfUtils.java:logGet(44)) - raft.server.rpcslowness.timeout = 300s (custom)
2020-06-02 23:35:10,090 [pool-67-thread-1] INFO  server.RaftServerConfigKeys (ConfUtils.java:logGet(44)) - raft.server.sleep.deviation.threshold = 300 (default)
2020-06-02 23:35:10,090 [pool-67-thread-1] INFO  server.RaftServerConfigKeys (ConfUtils.java:logGet(44)) - raft.server.log.appender.install.snapshot.enabled = false (custom)
2020-06-02 23:35:10,090 [pool-67-thread-1] INFO  impl.RaftServerImpl (ServerState.java:<init>(103)) - 43006955-015f-42cd-b925-cfd3ac6ee1ce@group-62EB59B96157: ConfigurationManager, init=-1: [43006955-015f-42cd-b925-cfd3ac6ee1ce:172.17.0.2:44435], old=null, confs=<EMPTY_MAP>
2020-06-02 23:35:10,090 [pool-67-thread-1] INFO  server.RaftServerConfigKeys (ConfUtils.java:logGet(44)) - raft.server.storage.dir = [/github/workspace/mnt/ozone/hadoop-ozone/integration-test/target/test-dir/MiniOzoneClusterImpl-31b4c61b-beaa-4c19-8fbb-f7fa03016b8e/datanode-2/data/ratis] (custom)
2020-06-02 23:35:10,090 [pool-67-thread-1] INFO  server.RaftServerConfigKeys (ConfUtils.java:logGet(44)) - raft.server.log.corruption.policy = EXCEPTION (default)
2020-06-02 23:35:10,090 [pool-67-thread-1] INFO  storage.RaftStorageDirectory (RaftStorageDirectory.java:analyzeStorage(261)) - The storage directory /github/workspace/mnt/ozone/hadoop-ozone/integration-test/target/test-dir/MiniOzoneClusterImpl-31b4c61b-beaa-4c19-8fbb-f7fa03016b8e/datanode-2/data/ratis/5212f080-501b-4715-8d72-62eb59b96157 does not exist. Creating ...
2020-06-02 23:35:10,099 [pool-67-thread-1] INFO  storage.RaftStorageDirectory (RaftStorageDirectory.java:tryLock(343)) - Lock on /github/workspace/mnt/ozone/hadoop-ozone/integration-test/target/test-dir/MiniOzoneClusterImpl-31b4c61b-beaa-4c19-8fbb-f7fa03016b8e/datanode-2/data/ratis/5212f080-501b-4715-8d72-62eb59b96157/in_use.lock acquired by nodename 16401@4c74825c5481
2020-06-02 23:35:10,102 [pool-67-thread-1] INFO  storage.RaftStorage (RaftStorage.java:format(84)) - Storage directory /github/workspace/mnt/ozone/hadoop-ozone/integration-test/target/test-dir/MiniOzoneClusterImpl-31b4c61b-beaa-4c19-8fbb-f7fa03016b8e/datanode-2/data/ratis/5212f080-501b-4715-8d72-62eb59b96157 has been successfully formatted.
2020-06-02 23:35:10,121 [pool-67-thread-1] INFO  ratis.ContainerStateMachine (ContainerStateMachine.java:loadSnapshot(226)) - group-62EB59B96157: The snapshot info is null. Setting the last applied indexto:(t:0, i:~)
2020-06-02 23:35:10,121 [pool-67-thread-1] INFO  server.RaftServerConfigKeys (ConfUtils.java:logGet(44)) - raft.server.notification.no-leader.timeout = 60s (default)
2020-06-02 23:35:10,121 [pool-67-thread-1] INFO  server.RaftServerConfigKeys (ConfUtils.java:logGet(44)) - raft.server.log.use.memory = false (default)
2020-06-02 23:35:10,121 [pool-67-thread-1] INFO  server.RaftServerConfigKeys (ConfUtils.java:logGet(44)) - raft.server.log.purge.gap = 1000000 (custom)
2020-06-02 23:35:10,121 [pool-67-thread-1] INFO  server.RaftServerConfigKeys (ConfUtils.java:logGet(44)) - raft.server.log.appender.buffer.byte-limit = 33554432 (custom)
2020-06-02 23:35:10,121 [pool-67-thread-1] INFO  server.RaftServerConfigKeys (ConfUtils.java:logGet(44)) - raft.server.log.segment.size.max = 1048576 (custom)
2020-06-02 23:35:10,121 [pool-67-thread-1] INFO  metrics.RatisMetrics (RatisMetrics.java:lambda$create$0(39)) - Creating Metrics Registry : ratis.log_worker.43006955-015f-42cd-b925-cfd3ac6ee1ce
2020-06-02 23:35:10,121 [pool-67-thread-1] INFO  server.RaftServerConfigKeys (ConfUtils.java:logGet(44)) - raft.server.log.segment.cache.num.max = 2 (custom)
2020-06-02 23:35:10,122 [pool-67-thread-1] INFO  segmented.SegmentedRaftLogWorker (SegmentedRaftLogWorker.java:<init>(176)) - new 43006955-015f-42cd-b925-cfd3ac6ee1ce@group-62EB59B96157-SegmentedRaftLogWorker for RaftStorage:Storage Directory /github/workspace/mnt/ozone/hadoop-ozone/integration-test/target/test-dir/MiniOzoneClusterImpl-31b4c61b-beaa-4c19-8fbb-f7fa03016b8e/datanode-2/data/ratis/5212f080-501b-4715-8d72-62eb59b96157
2020-06-02 23:35:10,122 [pool-67-thread-1] INFO  server.RaftServerConfigKeys (ConfUtils.java:logGet(44)) - raft.server.log.queue.byte-limit = 2147483647 (custom)
2020-06-02 23:35:10,122 [pool-67-thread-1] INFO  server.RaftServerConfigKeys (ConfUtils.java:logGet(44)) - raft.server.log.queue.element-limit = 1024 (custom)
2020-06-02 23:35:10,122 [pool-67-thread-1] INFO  server.RaftServerConfigKeys (ConfUtils.java:logGet(44)) - raft.server.log.segment.size.max = 1048576 (custom)
2020-06-02 23:35:10,122 [pool-67-thread-1] INFO  server.RaftServerConfigKeys (ConfUtils.java:logGet(44)) - raft.server.log.preallocated.size = 16384 (custom)
2020-06-02 23:35:10,122 [pool-67-thread-1] INFO  server.RaftServerConfigKeys (ConfUtils.java:logGet(44)) - raft.server.log.write.buffer.size = 1048576 (custom)
2020-06-02 23:35:10,122 [pool-67-thread-1] INFO  server.RaftServerConfigKeys (ConfUtils.java:logGet(44)) - raft.server.log.force.sync.num = 128 (default)
2020-06-02 23:35:10,122 [pool-67-thread-1] INFO  server.RaftServerConfigKeys (ConfUtils.java:logGet(44)) - raft.server.log.statemachine.data.sync = true (default)
2020-06-02 23:35:10,122 [pool-67-thread-1] INFO  server.RaftServerConfigKeys (ConfUtils.java:logGet(44)) - raft.server.log.statemachine.data.sync.timeout = 10s (default)
2020-06-02 23:35:10,122 [pool-67-thread-1] INFO  server.RaftServerConfigKeys (ConfUtils.java:logGet(44)) - raft.server.log.statemachine.data.sync.timeout.retry = -1 (default)
2020-06-02 23:35:10,122 [Datanode State Machine Thread - 0] ERROR statemachine.DatanodeStateMachine (DatanodeStateMachine.java:lambda$startDaemon$0(378)) - Unable to start the DatanodeState Machine
java.io.IOException: Unable to finish the execution.
	at org.apache.hadoop.ozone.container.common.statemachine.DatanodeStateMachine.start(DatanodeStateMachine.java:219)
	at org.apache.hadoop.ozone.container.common.statemachine.DatanodeStateMachine.lambda$startDaemon$0(DatanodeStateMachine.java:375)
	at java.lang.Thread.run(Thread.java:748)
Caused by: java.lang.InterruptedException: sleep interrupted
	at java.lang.Thread.sleep(Native Method)
	at org.apache.hadoop.ozone.container.common.statemachine.DatanodeStateMachine.start(DatanodeStateMachine.java:212)
	... 2 more
2020-06-02 23:35:10,124 [pool-67-thread-1] INFO  server.RaftServerConfigKeys (ConfUtils.java:logGet(44)) - raft.server.log.statemachine.data.caching.enabled = true (custom)
2020-06-02 23:35:10,126 [pool-67-thread-1] INFO  segmented.SegmentedRaftLogWorker (SegmentedRaftLogWorker.java:lambda$new$0(129)) - 43006955-015f-42cd-b925-cfd3ac6ee1ce@group-62EB59B96157-SegmentedRaftLogWorker: flushIndex: setUnconditionally 0 -> -1
2020-06-02 23:35:10,126 [pool-67-thread-1] INFO  server.RaftServerConfigKeys (ConfUtils.java:logGet(44)) - raft.server.snapshot.auto.trigger.enabled = true (custom)
2020-06-02 23:35:10,126 [pool-67-thread-1] INFO  server.RaftServerConfigKeys (ConfUtils.java:logGet(44)) - raft.server.snapshot.auto.trigger.threshold = 10000 (custom)
2020-06-02 23:35:10,127 [pool-67-thread-1] INFO  server.RaftServerConfigKeys (ConfUtils.java:logGet(44)) - raft.server.snapshot.retention.file.num = 5 (custom)
2020-06-02 23:35:10,127 [pool-67-thread-1] INFO  server.RaftServerConfigKeys (ConfUtils.java:logGet(44)) - raft.server.log.purge.upto.snapshot.index = false (default)
2020-06-02 23:35:10,127 [pool-67-thread-1] INFO  server.RaftServerConfigKeys (ConfUtils.java:logGet(44)) - raft.server.retrycache.expirytime = 600000ms (custom)
2020-06-02 23:35:10,127 [pool-67-thread-1] INFO  metrics.RatisMetrics (RatisMetrics.java:lambda$create$0(39)) - Creating Metrics Registry : ratis.leader_election.43006955-015f-42cd-b925-cfd3ac6ee1ce@group-62EB59B96157
2020-06-02 23:35:10,127 [pool-67-thread-1] INFO  metrics.RatisMetrics (RatisMetrics.java:lambda$create$0(39)) - Creating Metrics Registry : ratis.server.43006955-015f-42cd-b925-cfd3ac6ee1ce@group-62EB59B96157
2020-06-02 23:35:10,128 [pool-67-thread-1] INFO  impl.RaftServerImpl (RaftServerImpl.java:start(184)) - 43006955-015f-42cd-b925-cfd3ac6ee1ce@group-62EB59B96157: start as a follower, conf=-1: [43006955-015f-42cd-b925-cfd3ac6ee1ce:172.17.0.2:44435], old=null
2020-06-02 23:35:10,128 [pool-67-thread-1] INFO  impl.RaftServerImpl (RaftServerImpl.java:setRole(173)) - 43006955-015f-42cd-b925-cfd3ac6ee1ce@group-62EB59B96157: changes role from      null to FOLLOWER at term 0 for startAsFollower
2020-06-02 23:35:10,128 [pool-67-thread-1] INFO  impl.RoleInfo (RoleInfo.java:updateAndGet(143)) - 43006955-015f-42cd-b925-cfd3ac6ee1ce: start FollowerState
2020-06-02 23:35:10,130 [pool-67-thread-1] INFO  util.JmxRegister (JmxRegister.java:tryRegister(44)) - Successfully registered JMX Bean with object name Ratis:service=RaftServer,group=group-62EB59B96157,id=43006955-015f-42cd-b925-cfd3ac6ee1ce
2020-06-02 23:35:10,130 [pool-67-thread-1] INFO  metrics.RatisMetrics (RatisMetrics.java:lambda$create$0(39)) - Creating Metrics Registry : ratis.state_machine.43006955-015f-42cd-b925-cfd3ac6ee1ce@group-62EB59B96157
2020-06-02 23:35:10,139 [Command processor thread] INFO  commandhandler.CreatePipelineCommandHandler (CreatePipelineCommandHandler.java:handle(109)) - Created Pipeline RATIS ONE #id: "5212f080-501b-4715-8d72-62eb59b96157"
.
2020-06-02 23:35:10,139 [Command processor thread] INFO  impl.RaftServerProxy (RaftServerProxy.java:addNew(89)) - 43006955-015f-42cd-b925-cfd3ac6ee1ce: addNew group-E2DBF971A61D:[46593078-1315-442c-91b1-b92b4f012500:172.17.0.2:40081, dd4333e9-7965-46b1-a2b1-cee7aab213b7:172.17.0.2:37281, 43006955-015f-42cd-b925-cfd3ac6ee1ce:172.17.0.2:44435] returns group-E2DBF971A61D:java.util.concurrent.CompletableFuture@25ecc909[Not completed]
2020-06-02 23:35:10,141 [pool-67-thread-1] INFO  impl.RaftServerImpl (RaftServerImpl.java:<init>(98)) - 43006955-015f-42cd-b925-cfd3ac6ee1ce: new RaftServerImpl for group-E2DBF971A61D:[46593078-1315-442c-91b1-b92b4f012500:172.17.0.2:40081, dd4333e9-7965-46b1-a2b1-cee7aab213b7:172.17.0.2:37281, 43006955-015f-42cd-b925-cfd3ac6ee1ce:172.17.0.2:44435] with ContainerStateMachine:uninitialized
2020-06-02 23:35:10,141 [pool-67-thread-1] INFO  server.RaftServerConfigKeys (ConfUtils.java:logGet(44)) - raft.server.rpc.timeout.min = 5s (custom)
2020-06-02 23:35:10,141 [pool-67-thread-1] INFO  server.RaftServerConfigKeys (ConfUtils.java:logGet(44)) - raft.server.rpc.timeout.max = 5200ms (custom)
2020-06-02 23:35:10,141 [pool-67-thread-1] INFO  server.RaftServerConfigKeys (ConfUtils.java:logGet(44)) - raft.server.rpcslowness.timeout = 300s (custom)
2020-06-02 23:35:10,141 [pool-67-thread-1] INFO  server.RaftServerConfigKeys (ConfUtils.java:logGet(44)) - raft.server.sleep.deviation.threshold = 300 (default)
2020-06-02 23:35:10,141 [pool-67-thread-1] INFO  server.RaftServerConfigKeys (ConfUtils.java:logGet(44)) - raft.server.log.appender.install.snapshot.enabled = false (custom)
2020-06-02 23:35:10,141 [pool-67-thread-1] INFO  impl.RaftServerImpl (ServerState.java:<init>(103)) - 43006955-015f-42cd-b925-cfd3ac6ee1ce@group-E2DBF971A61D: ConfigurationManager, init=-1: [46593078-1315-442c-91b1-b92b4f012500:172.17.0.2:40081, dd4333e9-7965-46b1-a2b1-cee7aab213b7:172.17.0.2:37281, 43006955-015f-42cd-b925-cfd3ac6ee1ce:172.17.0.2:44435], old=null, confs=<EMPTY_MAP>
2020-06-02 23:35:10,142 [pool-67-thread-1] INFO  server.RaftServerConfigKeys (ConfUtils.java:logGet(44)) - raft.server.storage.dir = [/github/workspace/mnt/ozone/hadoop-ozone/integration-test/target/test-dir/MiniOzoneClusterImpl-31b4c61b-beaa-4c19-8fbb-f7fa03016b8e/datanode-2/data/ratis] (custom)
2020-06-02 23:35:10,142 [pool-67-thread-1] INFO  server.RaftServerConfigKeys (ConfUtils.java:logGet(44)) - raft.server.log.corruption.policy = EXCEPTION (default)
2020-06-02 23:35:10,142 [pool-67-thread-1] INFO  storage.RaftStorageDirectory (RaftStorageDirectory.java:analyzeStorage(261)) - The storage directory /github/workspace/mnt/ozone/hadoop-ozone/integration-test/target/test-dir/MiniOzoneClusterImpl-31b4c61b-beaa-4c19-8fbb-f7fa03016b8e/datanode-2/data/ratis/8835cd55-6e5d-4da3-9599-e2dbf971a61d does not exist. Creating ...
2020-06-02 23:35:10,143 [pool-67-thread-1] INFO  storage.RaftStorageDirectory (RaftStorageDirectory.java:tryLock(343)) - Lock on /github/workspace/mnt/ozone/hadoop-ozone/integration-test/target/test-dir/MiniOzoneClusterImpl-31b4c61b-beaa-4c19-8fbb-f7fa03016b8e/datanode-2/data/ratis/8835cd55-6e5d-4da3-9599-e2dbf971a61d/in_use.lock acquired by nodename 16401@4c74825c5481
2020-06-02 23:35:10,151 [pool-67-thread-1] INFO  storage.RaftStorage (RaftStorage.java:format(84)) - Storage directory /github/workspace/mnt/ozone/hadoop-ozone/integration-test/target/test-dir/MiniOzoneClusterImpl-31b4c61b-beaa-4c19-8fbb-f7fa03016b8e/datanode-2/data/ratis/8835cd55-6e5d-4da3-9599-e2dbf971a61d has been successfully formatted.
2020-06-02 23:35:10,151 [pool-67-thread-1] INFO  ratis.ContainerStateMachine (ContainerStateMachine.java:loadSnapshot(226)) - group-E2DBF971A61D: The snapshot info is null. Setting the last applied indexto:(t:0, i:~)
2020-06-02 23:35:10,151 [pool-67-thread-1] INFO  server.RaftServerConfigKeys (ConfUtils.java:logGet(44)) - raft.server.notification.no-leader.timeout = 60s (default)
2020-06-02 23:35:10,151 [pool-67-thread-1] INFO  server.RaftServerConfigKeys (ConfUtils.java:logGet(44)) - raft.server.log.use.memory = false (default)
2020-06-02 23:35:10,151 [pool-67-thread-1] INFO  server.RaftServerConfigKeys (ConfUtils.java:logGet(44)) - raft.server.log.purge.gap = 1000000 (custom)
2020-06-02 23:35:10,151 [pool-67-thread-1] INFO  server.RaftServerConfigKeys (ConfUtils.java:logGet(44)) - raft.server.log.appender.buffer.byte-limit = 33554432 (custom)
2020-06-02 23:35:10,151 [pool-67-thread-1] INFO  server.RaftServerConfigKeys (ConfUtils.java:logGet(44)) - raft.server.log.segment.size.max = 1048576 (custom)
2020-06-02 23:35:10,152 [pool-67-thread-1] INFO  server.RaftServerConfigKeys (ConfUtils.java:logGet(44)) - raft.server.log.segment.cache.num.max = 2 (custom)
2020-06-02 23:35:10,152 [pool-67-thread-1] INFO  segmented.SegmentedRaftLogWorker (SegmentedRaftLogWorker.java:<init>(176)) - new 43006955-015f-42cd-b925-cfd3ac6ee1ce@group-E2DBF971A61D-SegmentedRaftLogWorker for RaftStorage:Storage Directory /github/workspace/mnt/ozone/hadoop-ozone/integration-test/target/test-dir/MiniOzoneClusterImpl-31b4c61b-beaa-4c19-8fbb-f7fa03016b8e/datanode-2/data/ratis/8835cd55-6e5d-4da3-9599-e2dbf971a61d
2020-06-02 23:35:10,152 [pool-67-thread-1] INFO  server.RaftServerConfigKeys (ConfUtils.java:logGet(44)) - raft.server.log.queue.byte-limit = 2147483647 (custom)
2020-06-02 23:35:10,152 [pool-67-thread-1] INFO  server.RaftServerConfigKeys (ConfUtils.java:logGet(44)) - raft.server.log.queue.element-limit = 1024 (custom)
2020-06-02 23:35:10,152 [pool-67-thread-1] INFO  server.RaftServerConfigKeys (ConfUtils.java:logGet(44)) - raft.server.log.segment.size.max = 1048576 (custom)
2020-06-02 23:35:10,152 [pool-67-thread-1] INFO  server.RaftServerConfigKeys (ConfUtils.java:logGet(44)) - raft.server.log.preallocated.size = 16384 (custom)
2020-06-02 23:35:10,152 [pool-67-thread-1] INFO  server.RaftServerConfigKeys (ConfUtils.java:logGet(44)) - raft.server.log.write.buffer.size = 1048576 (custom)
2020-06-02 23:35:10,152 [pool-67-thread-1] INFO  server.RaftServerConfigKeys (ConfUtils.java:logGet(44)) - raft.server.log.force.sync.num = 128 (default)
2020-06-02 23:35:10,152 [pool-67-thread-1] INFO  server.RaftServerConfigKeys (ConfUtils.java:logGet(44)) - raft.server.log.statemachine.data.sync = true (default)
2020-06-02 23:35:10,152 [pool-67-thread-1] INFO  server.RaftServerConfigKeys (ConfUtils.java:logGet(44)) - raft.server.log.statemachine.data.sync.timeout = 10s (default)
2020-06-02 23:35:10,152 [pool-67-thread-1] INFO  server.RaftServerConfigKeys (ConfUtils.java:logGet(44)) - raft.server.log.statemachine.data.sync.timeout.retry = -1 (default)
2020-06-02 23:35:10,153 [pool-67-thread-1] INFO  server.RaftServerConfigKeys (ConfUtils.java:logGet(44)) - raft.server.log.statemachine.data.caching.enabled = true (custom)
2020-06-02 23:35:10,153 [pool-67-thread-1] INFO  segmented.SegmentedRaftLogWorker (SegmentedRaftLogWorker.java:lambda$new$0(129)) - 43006955-015f-42cd-b925-cfd3ac6ee1ce@group-E2DBF971A61D-SegmentedRaftLogWorker: flushIndex: setUnconditionally 0 -> -1
2020-06-02 23:35:10,163 [pool-67-thread-1] INFO  server.RaftServerConfigKeys (ConfUtils.java:logGet(44)) - raft.server.snapshot.auto.trigger.enabled = true (custom)
2020-06-02 23:35:10,163 [pool-67-thread-1] INFO  server.RaftServerConfigKeys (ConfUtils.java:logGet(44)) - raft.server.snapshot.auto.trigger.threshold = 10000 (custom)
2020-06-02 23:35:10,163 [pool-67-thread-1] INFO  server.RaftServerConfigKeys (ConfUtils.java:logGet(44)) - raft.server.snapshot.retention.file.num = 5 (custom)
2020-06-02 23:35:10,163 [pool-67-thread-1] INFO  server.RaftServerConfigKeys (ConfUtils.java:logGet(44)) - raft.server.log.purge.upto.snapshot.index = false (default)
2020-06-02 23:35:10,163 [pool-67-thread-1] INFO  server.RaftServerConfigKeys (ConfUtils.java:logGet(44)) - raft.server.retrycache.expirytime = 600000ms (custom)
2020-06-02 23:35:10,163 [pool-67-thread-1] INFO  metrics.RatisMetrics (RatisMetrics.java:lambda$create$0(39)) - Creating Metrics Registry : ratis.leader_election.43006955-015f-42cd-b925-cfd3ac6ee1ce@group-E2DBF971A61D
2020-06-02 23:35:10,164 [pool-67-thread-1] INFO  metrics.RatisMetrics (RatisMetrics.java:lambda$create$0(39)) - Creating Metrics Registry : ratis.server.43006955-015f-42cd-b925-cfd3ac6ee1ce@group-E2DBF971A61D
2020-06-02 23:35:10,165 [pool-67-thread-1] INFO  impl.RaftServerImpl (RaftServerImpl.java:start(184)) - 43006955-015f-42cd-b925-cfd3ac6ee1ce@group-E2DBF971A61D: start as a follower, conf=-1: [46593078-1315-442c-91b1-b92b4f012500:172.17.0.2:40081, dd4333e9-7965-46b1-a2b1-cee7aab213b7:172.17.0.2:37281, 43006955-015f-42cd-b925-cfd3ac6ee1ce:172.17.0.2:44435], old=null
2020-06-02 23:35:10,165 [pool-67-thread-1] INFO  impl.RaftServerImpl (RaftServerImpl.java:setRole(173)) - 43006955-015f-42cd-b925-cfd3ac6ee1ce@group-E2DBF971A61D: changes role from      null to FOLLOWER at term 0 for startAsFollower
2020-06-02 23:35:10,165 [pool-67-thread-1] INFO  impl.RoleInfo (RoleInfo.java:updateAndGet(143)) - 43006955-015f-42cd-b925-cfd3ac6ee1ce: start FollowerState
2020-06-02 23:35:10,171 [pool-67-thread-1] INFO  util.JmxRegister (JmxRegister.java:tryRegister(44)) - Successfully registered JMX Bean with object name Ratis:service=RaftServer,group=group-E2DBF971A61D,id=43006955-015f-42cd-b925-cfd3ac6ee1ce
2020-06-02 23:35:10,171 [pool-67-thread-1] INFO  metrics.RatisMetrics (RatisMetrics.java:lambda$create$0(39)) - Creating Metrics Registry : ratis.state_machine.43006955-015f-42cd-b925-cfd3ac6ee1ce@group-E2DBF971A61D
2020-06-02 23:35:10,635 [Command processor thread] INFO  commandhandler.CreatePipelineCommandHandler (CreatePipelineCommandHandler.java:handle(109)) - Created Pipeline RATIS THREE #id: "8835cd55-6e5d-4da3-9599-e2dbf971a61d"
.
2020-06-02 23:35:10,636 [Command processor thread] INFO  commandhandler.CreatePipelineCommandHandler (CreatePipelineCommandHandler.java:handle(109)) - Created Pipeline RATIS THREE #id: "8835cd55-6e5d-4da3-9599-e2dbf971a61d"
.
2020-06-02 23:35:10,642 [Command processor thread] INFO  commandhandler.CreatePipelineCommandHandler (CreatePipelineCommandHandler.java:handle(109)) - Created Pipeline RATIS THREE #id: "8835cd55-6e5d-4da3-9599-e2dbf971a61d"
.
2020-06-02 23:35:11,029 [Listener at 127.0.0.1/36455] INFO  ozone.MiniOzoneClusterImpl (MiniOzoneClusterImpl.java:lambda$waitForClusterToBeReady$0(177)) - Nodes are ready. Got 3 of 3 DN Heartbeats.
2020-06-02 23:35:11,030 [Listener at 127.0.0.1/36455] INFO  ozone.MiniOzoneClusterImpl (MiniOzoneClusterImpl.java:lambda$waitForClusterToBeReady$0(180)) - Waiting for cluster to exit safe mode
2020-06-02 23:35:12,030 [Listener at 127.0.0.1/36455] INFO  ozone.MiniOzoneClusterImpl (MiniOzoneClusterImpl.java:lambda$waitForClusterToBeReady$0(177)) - Nodes are ready. Got 3 of 3 DN Heartbeats.
2020-06-02 23:35:12,030 [Listener at 127.0.0.1/36455] INFO  ozone.MiniOzoneClusterImpl (MiniOzoneClusterImpl.java:lambda$waitForClusterToBeReady$0(180)) - Waiting for cluster to exit safe mode
2020-06-02 23:35:13,030 [Listener at 127.0.0.1/36455] INFO  ozone.MiniOzoneClusterImpl (MiniOzoneClusterImpl.java:lambda$waitForClusterToBeReady$0(177)) - Nodes are ready. Got 3 of 3 DN Heartbeats.
2020-06-02 23:35:13,030 [Listener at 127.0.0.1/36455] INFO  ozone.MiniOzoneClusterImpl (MiniOzoneClusterImpl.java:lambda$waitForClusterToBeReady$0(180)) - Waiting for cluster to exit safe mode
2020-06-02 23:35:14,031 [Listener at 127.0.0.1/36455] INFO  ozone.MiniOzoneClusterImpl (MiniOzoneClusterImpl.java:lambda$waitForClusterToBeReady$0(177)) - Nodes are ready. Got 3 of 3 DN Heartbeats.
2020-06-02 23:35:14,031 [Listener at 127.0.0.1/36455] INFO  ozone.MiniOzoneClusterImpl (MiniOzoneClusterImpl.java:lambda$waitForClusterToBeReady$0(180)) - Waiting for cluster to exit safe mode
2020-06-02 23:35:15,008 [Thread-176] INFO  impl.FollowerState (FollowerState.java:run(108)) - 46593078-1315-442c-91b1-b92b4f012500@group-A77CAD7CA71C-FollowerState: change to CANDIDATE, lastRpcTime:5121ms, electionTimeout:5117ms
2020-06-02 23:35:15,014 [Thread-176] INFO  impl.RoleInfo (RoleInfo.java:shutdownFollowerState(121)) - 46593078-1315-442c-91b1-b92b4f012500: shutdown FollowerState
2020-06-02 23:35:15,015 [Thread-176] INFO  impl.RaftServerImpl (RaftServerImpl.java:setRole(173)) - 46593078-1315-442c-91b1-b92b4f012500@group-A77CAD7CA71C: changes role from  FOLLOWER to CANDIDATE at term 0 for changeToCandidate
2020-06-02 23:35:15,017 [Thread-176] INFO  impl.RoleInfo (RoleInfo.java:updateAndGet(143)) - 46593078-1315-442c-91b1-b92b4f012500: start LeaderElection
2020-06-02 23:35:15,031 [Listener at 127.0.0.1/36455] INFO  ozone.MiniOzoneClusterImpl (MiniOzoneClusterImpl.java:lambda$waitForClusterToBeReady$0(177)) - Nodes are ready. Got 3 of 3 DN Heartbeats.
2020-06-02 23:35:15,031 [Listener at 127.0.0.1/36455] INFO  ozone.MiniOzoneClusterImpl (MiniOzoneClusterImpl.java:lambda$waitForClusterToBeReady$0(180)) - Waiting for cluster to exit safe mode
2020-06-02 23:35:15,027 [Thread-182] INFO  impl.FollowerState (FollowerState.java:run(108)) - dd4333e9-7965-46b1-a2b1-cee7aab213b7@group-E2DBF971A61D-FollowerState: change to CANDIDATE, lastRpcTime:5030ms, electionTimeout:5016ms
2020-06-02 23:35:15,043 [Thread-182] INFO  impl.RoleInfo (RoleInfo.java:shutdownFollowerState(121)) - dd4333e9-7965-46b1-a2b1-cee7aab213b7: shutdown FollowerState
2020-06-02 23:35:15,043 [Thread-182] INFO  impl.RaftServerImpl (RaftServerImpl.java:setRole(173)) - dd4333e9-7965-46b1-a2b1-cee7aab213b7@group-E2DBF971A61D: changes role from  FOLLOWER to CANDIDATE at term 0 for changeToCandidate
2020-06-02 23:35:15,043 [Thread-182] INFO  impl.RoleInfo (RoleInfo.java:updateAndGet(143)) - dd4333e9-7965-46b1-a2b1-cee7aab213b7: start LeaderElection
2020-06-02 23:35:15,067 [46593078-1315-442c-91b1-b92b4f012500@group-A77CAD7CA71C-LeaderElection1] INFO  impl.LeaderElection (LeaderElection.java:askForVotes(206)) - 46593078-1315-442c-91b1-b92b4f012500@group-A77CAD7CA71C-LeaderElection1: begin an election at term 1 for -1: [46593078-1315-442c-91b1-b92b4f012500:172.17.0.2:40081], old=null
2020-06-02 23:35:15,069 [46593078-1315-442c-91b1-b92b4f012500@group-A77CAD7CA71C-LeaderElection1] INFO  impl.RoleInfo (RoleInfo.java:shutdownLeaderElection(134)) - 46593078-1315-442c-91b1-b92b4f012500: shutdown LeaderElection
2020-06-02 23:35:15,071 [46593078-1315-442c-91b1-b92b4f012500@group-A77CAD7CA71C-LeaderElection1] INFO  impl.RaftServerImpl (RaftServerImpl.java:setRole(173)) - 46593078-1315-442c-91b1-b92b4f012500@group-A77CAD7CA71C: changes role from CANDIDATE to LEADER at term 1 for changeToLeader
2020-06-02 23:35:15,071 [46593078-1315-442c-91b1-b92b4f012500@group-A77CAD7CA71C-LeaderElection1] INFO  ratis.XceiverServerRatis (XceiverServerRatis.java:handleLeaderChangedNotification(762)) - Leader change notification received for group: group-A77CAD7CA71C with new leaderId: 46593078-1315-442c-91b1-b92b4f012500
2020-06-02 23:35:15,072 [46593078-1315-442c-91b1-b92b4f012500@group-A77CAD7CA71C-LeaderElection1] INFO  impl.RaftServerImpl (ServerState.java:setLeader(255)) - 46593078-1315-442c-91b1-b92b4f012500@group-A77CAD7CA71C: change Leader from null to 46593078-1315-442c-91b1-b92b4f012500 at term 1 for becomeLeader, leader elected after 5262ms
2020-06-02 23:35:15,074 [Thread-180] INFO  impl.FollowerState (FollowerState.java:run(108)) - dd4333e9-7965-46b1-a2b1-cee7aab213b7@group-0A2CC78894B9-FollowerState: change to CANDIDATE, lastRpcTime:5113ms, electionTimeout:5103ms
2020-06-02 23:35:15,074 [Thread-180] INFO  impl.RoleInfo (RoleInfo.java:shutdownFollowerState(121)) - dd4333e9-7965-46b1-a2b1-cee7aab213b7: shutdown FollowerState
2020-06-02 23:35:15,074 [Thread-180] INFO  impl.RaftServerImpl (RaftServerImpl.java:setRole(173)) - dd4333e9-7965-46b1-a2b1-cee7aab213b7@group-0A2CC78894B9: changes role from  FOLLOWER to CANDIDATE at term 0 for changeToCandidate
2020-06-02 23:35:15,074 [Thread-180] INFO  impl.RoleInfo (RoleInfo.java:updateAndGet(143)) - dd4333e9-7965-46b1-a2b1-cee7aab213b7: start LeaderElection
2020-06-02 23:35:15,076 [46593078-1315-442c-91b1-b92b4f012500@group-A77CAD7CA71C-LeaderElection1] INFO  server.RaftServerConfigKeys (ConfUtils.java:logGet(44)) - raft.server.staging.catchup.gap = 1000 (default)
2020-06-02 23:35:15,076 [46593078-1315-442c-91b1-b92b4f012500@group-A77CAD7CA71C-LeaderElection1] INFO  server.RaftServerConfigKeys (ConfUtils.java:logGet(44)) - raft.server.rpc.sleep.time = 25ms (default)
2020-06-02 23:35:15,075 [dd4333e9-7965-46b1-a2b1-cee7aab213b7@group-E2DBF971A61D-LeaderElection2] INFO  impl.LeaderElection (LeaderElection.java:askForVotes(206)) - dd4333e9-7965-46b1-a2b1-cee7aab213b7@group-E2DBF971A61D-LeaderElection2: begin an election at term 1 for -1: [46593078-1315-442c-91b1-b92b4f012500:172.17.0.2:40081, dd4333e9-7965-46b1-a2b1-cee7aab213b7:172.17.0.2:37281, 43006955-015f-42cd-b925-cfd3ac6ee1ce:172.17.0.2:44435], old=null
2020-06-02 23:35:15,095 [46593078-1315-442c-91b1-b92b4f012500@group-A77CAD7CA71C-LeaderElection1] INFO  metrics.RatisMetrics (RatisMetrics.java:lambda$create$0(39)) - Creating Metrics Registry : ratis.log_appender.46593078-1315-442c-91b1-b92b4f012500@group-A77CAD7CA71C
2020-06-02 23:35:15,096 [46593078-1315-442c-91b1-b92b4f012500@group-A77CAD7CA71C-LeaderElection1] INFO  server.RaftServerConfigKeys (ConfUtils.java:logGet(44)) - raft.server.write.element-limit = 1024 (custom)
2020-06-02 23:35:15,097 [46593078-1315-442c-91b1-b92b4f012500@group-A77CAD7CA71C-LeaderElection1] INFO  server.RaftServerConfigKeys (ConfUtils.java:logGet(44)) - raft.server.write.byte-limit = 1073741824 (custom)
2020-06-02 23:35:15,099 [Thread-178] INFO  impl.FollowerState (FollowerState.java:run(108)) - 46593078-1315-442c-91b1-b92b4f012500@group-E2DBF971A61D-FollowerState: change to CANDIDATE, lastRpcTime:5148ms, electionTimeout:5143ms
2020-06-02 23:35:15,099 [Thread-178] INFO  impl.RoleInfo (RoleInfo.java:shutdownFollowerState(121)) - 46593078-1315-442c-91b1-b92b4f012500: shutdown FollowerState
2020-06-02 23:35:15,099 [Thread-178] INFO  impl.RaftServerImpl (RaftServerImpl.java:setRole(173)) - 46593078-1315-442c-91b1-b92b4f012500@group-E2DBF971A61D: changes role from  FOLLOWER to CANDIDATE at term 0 for changeToCandidate
2020-06-02 23:35:15,110 [46593078-1315-442c-91b1-b92b4f012500@group-A77CAD7CA71C-LeaderElection1] INFO  server.RaftServerConfigKeys (ConfUtils.java:logGet(44)) - raft.server.watch.timeout = 180s (custom)
2020-06-02 23:35:15,122 [Thread-178] INFO  impl.RoleInfo (RoleInfo.java:updateAndGet(143)) - 46593078-1315-442c-91b1-b92b4f012500: start LeaderElection
2020-06-02 23:35:15,122 [dd4333e9-7965-46b1-a2b1-cee7aab213b7@group-0A2CC78894B9-LeaderElection3] INFO  impl.LeaderElection (LeaderElection.java:askForVotes(206)) - dd4333e9-7965-46b1-a2b1-cee7aab213b7@group-0A2CC78894B9-LeaderElection3: begin an election at term 1 for -1: [dd4333e9-7965-46b1-a2b1-cee7aab213b7:172.17.0.2:37281], old=null
2020-06-02 23:35:15,122 [dd4333e9-7965-46b1-a2b1-cee7aab213b7@group-0A2CC78894B9-LeaderElection3] INFO  impl.RoleInfo (RoleInfo.java:shutdownLeaderElection(134)) - dd4333e9-7965-46b1-a2b1-cee7aab213b7: shutdown LeaderElection
2020-06-02 23:35:15,122 [46593078-1315-442c-91b1-b92b4f012500@group-A77CAD7CA71C-LeaderElection1] INFO  server.RaftServerConfigKeys (ConfUtils.java:logGet(44)) - raft.server.watch.timeout.denomination = 1s (default)
2020-06-02 23:35:15,122 [dd4333e9-7965-46b1-a2b1-cee7aab213b7@group-0A2CC78894B9-LeaderElection3] INFO  impl.RaftServerImpl (RaftServerImpl.java:setRole(173)) - dd4333e9-7965-46b1-a2b1-cee7aab213b7@group-0A2CC78894B9: changes role from CANDIDATE to LEADER at term 1 for changeToLeader
2020-06-02 23:35:15,122 [dd4333e9-7965-46b1-a2b1-cee7aab213b7@group-0A2CC78894B9-LeaderElection3] INFO  ratis.XceiverServerRatis (XceiverServerRatis.java:handleLeaderChangedNotification(762)) - Leader change notification received for group: group-0A2CC78894B9 with new leaderId: dd4333e9-7965-46b1-a2b1-cee7aab213b7
2020-06-02 23:35:15,123 [46593078-1315-442c-91b1-b92b4f012500@group-A77CAD7CA71C-LeaderElection1] INFO  server.RaftServerConfigKeys (ConfUtils.java:logGet(44)) - raft.server.watch.element-limit = 65536 (default)
2020-06-02 23:35:15,132 [dd4333e9-7965-46b1-a2b1-cee7aab213b7@group-0A2CC78894B9-LeaderElection3] INFO  impl.RaftServerImpl (ServerState.java:setLeader(255)) - dd4333e9-7965-46b1-a2b1-cee7aab213b7@group-0A2CC78894B9: change Leader from null to dd4333e9-7965-46b1-a2b1-cee7aab213b7 at term 1 for becomeLeader, leader elected after 5175ms
2020-06-02 23:35:15,132 [dd4333e9-7965-46b1-a2b1-cee7aab213b7@group-0A2CC78894B9-LeaderElection3] INFO  server.RaftServerConfigKeys (ConfUtils.java:logGet(44)) - raft.server.staging.catchup.gap = 1000 (default)
2020-06-02 23:35:15,132 [dd4333e9-7965-46b1-a2b1-cee7aab213b7@group-0A2CC78894B9-LeaderElection3] INFO  server.RaftServerConfigKeys (ConfUtils.java:logGet(44)) - raft.server.rpc.sleep.time = 25ms (default)
2020-06-02 23:35:15,132 [dd4333e9-7965-46b1-a2b1-cee7aab213b7@group-0A2CC78894B9-LeaderElection3] INFO  metrics.RatisMetrics (RatisMetrics.java:lambda$create$0(39)) - Creating Metrics Registry : ratis.log_appender.dd4333e9-7965-46b1-a2b1-cee7aab213b7@group-0A2CC78894B9
2020-06-02 23:35:15,132 [dd4333e9-7965-46b1-a2b1-cee7aab213b7@group-0A2CC78894B9-LeaderElection3] INFO  server.RaftServerConfigKeys (ConfUtils.java:logGet(44)) - raft.server.write.element-limit = 1024 (custom)
2020-06-02 23:35:15,132 [dd4333e9-7965-46b1-a2b1-cee7aab213b7@group-0A2CC78894B9-LeaderElection3] INFO  server.RaftServerConfigKeys (ConfUtils.java:logGet(44)) - raft.server.write.byte-limit = 1073741824 (custom)
2020-06-02 23:35:15,133 [dd4333e9-7965-46b1-a2b1-cee7aab213b7@group-0A2CC78894B9-LeaderElection3] INFO  server.RaftServerConfigKeys (ConfUtils.java:logGet(44)) - raft.server.watch.timeout = 180s (custom)
2020-06-02 23:35:15,133 [dd4333e9-7965-46b1-a2b1-cee7aab213b7@group-0A2CC78894B9-LeaderElection3] INFO  server.RaftServerConfigKeys (ConfUtils.java:logGet(44)) - raft.server.watch.timeout.denomination = 1s (default)
2020-06-02 23:35:15,133 [dd4333e9-7965-46b1-a2b1-cee7aab213b7@group-0A2CC78894B9-LeaderElection3] INFO  server.RaftServerConfigKeys (ConfUtils.java:logGet(44)) - raft.server.watch.element-limit = 65536 (default)
2020-06-02 23:35:15,144 [46593078-1315-442c-91b1-b92b4f012500@group-A77CAD7CA71C-LeaderElection1] INFO  impl.RoleInfo (RoleInfo.java:updateAndGet(143)) - 46593078-1315-442c-91b1-b92b4f012500: start LeaderState
2020-06-02 23:35:15,158 [dd4333e9-7965-46b1-a2b1-cee7aab213b7@group-0A2CC78894B9-LeaderElection3] INFO  impl.RoleInfo (RoleInfo.java:updateAndGet(143)) - dd4333e9-7965-46b1-a2b1-cee7aab213b7: start LeaderState
2020-06-02 23:35:15,183 [Thread-184] INFO  impl.FollowerState (FollowerState.java:run(108)) - 43006955-015f-42cd-b925-cfd3ac6ee1ce@group-62EB59B96157-FollowerState: change to CANDIDATE, lastRpcTime:5055ms, electionTimeout:5015ms
2020-06-02 23:35:15,184 [Thread-184] INFO  impl.RoleInfo (RoleInfo.java:shutdownFollowerState(121)) - 43006955-015f-42cd-b925-cfd3ac6ee1ce: shutdown FollowerState
2020-06-02 23:35:15,184 [Thread-184] INFO  impl.RaftServerImpl (RaftServerImpl.java:setRole(173)) - 43006955-015f-42cd-b925-cfd3ac6ee1ce@group-62EB59B96157: changes role from  FOLLOWER to CANDIDATE at term 0 for changeToCandidate
2020-06-02 23:35:15,184 [Thread-184] INFO  impl.RoleInfo (RoleInfo.java:updateAndGet(143)) - 43006955-015f-42cd-b925-cfd3ac6ee1ce: start LeaderElection
2020-06-02 23:35:15,191 [dd4333e9-7965-46b1-a2b1-cee7aab213b7@group-0A2CC78894B9-LeaderElection3] INFO  segmented.SegmentedRaftLogWorker (SegmentedRaftLogWorker.java:startLogSegment(391)) - dd4333e9-7965-46b1-a2b1-cee7aab213b7@group-0A2CC78894B9-SegmentedRaftLogWorker: Starting segment from index:0
2020-06-02 23:35:15,192 [46593078-1315-442c-91b1-b92b4f012500@group-A77CAD7CA71C-LeaderElection1] INFO  segmented.SegmentedRaftLogWorker (SegmentedRaftLogWorker.java:startLogSegment(391)) - 46593078-1315-442c-91b1-b92b4f012500@group-A77CAD7CA71C-SegmentedRaftLogWorker: Starting segment from index:0
2020-06-02 23:35:15,211 [46593078-1315-442c-91b1-b92b4f012500@group-A77CAD7CA71C-LeaderElection1] INFO  impl.RaftServerImpl (ServerState.java:setRaftConf(356)) - 46593078-1315-442c-91b1-b92b4f012500@group-A77CAD7CA71C: set configuration 0: [46593078-1315-442c-91b1-b92b4f012500:172.17.0.2:40081], old=null at 0
2020-06-02 23:35:15,235 [dd4333e9-7965-46b1-a2b1-cee7aab213b7@group-0A2CC78894B9-LeaderElection3] INFO  impl.RaftServerImpl (ServerState.java:setRaftConf(356)) - dd4333e9-7965-46b1-a2b1-cee7aab213b7@group-0A2CC78894B9: set configuration 0: [dd4333e9-7965-46b1-a2b1-cee7aab213b7:172.17.0.2:37281], old=null at 0
2020-06-02 23:35:15,237 [46593078-1315-442c-91b1-b92b4f012500@group-E2DBF971A61D-LeaderElection4] INFO  impl.LeaderElection (LeaderElection.java:askForVotes(206)) - 46593078-1315-442c-91b1-b92b4f012500@group-E2DBF971A61D-LeaderElection4: begin an election at term 1 for -1: [46593078-1315-442c-91b1-b92b4f012500:172.17.0.2:40081, dd4333e9-7965-46b1-a2b1-cee7aab213b7:172.17.0.2:37281, 43006955-015f-42cd-b925-cfd3ac6ee1ce:172.17.0.2:44435], old=null
2020-06-02 23:35:15,274 [43006955-015f-42cd-b925-cfd3ac6ee1ce@group-62EB59B96157-LeaderElection5] INFO  impl.LeaderElection (LeaderElection.java:askForVotes(206)) - 43006955-015f-42cd-b925-cfd3ac6ee1ce@group-62EB59B96157-LeaderElection5: begin an election at term 1 for -1: [43006955-015f-42cd-b925-cfd3ac6ee1ce:172.17.0.2:44435], old=null
2020-06-02 23:35:15,275 [43006955-015f-42cd-b925-cfd3ac6ee1ce@group-62EB59B96157-LeaderElection5] INFO  impl.RoleInfo (RoleInfo.java:shutdownLeaderElection(134)) - 43006955-015f-42cd-b925-cfd3ac6ee1ce: shutdown LeaderElection
2020-06-02 23:35:15,275 [43006955-015f-42cd-b925-cfd3ac6ee1ce@group-62EB59B96157-LeaderElection5] INFO  impl.RaftServerImpl (RaftServerImpl.java:setRole(173)) - 43006955-015f-42cd-b925-cfd3ac6ee1ce@group-62EB59B96157: changes role from CANDIDATE to LEADER at term 1 for changeToLeader
2020-06-02 23:35:15,275 [43006955-015f-42cd-b925-cfd3ac6ee1ce@group-62EB59B96157-LeaderElection5] INFO  ratis.XceiverServerRatis (XceiverServerRatis.java:handleLeaderChangedNotification(762)) - Leader change notification received for group: group-62EB59B96157 with new leaderId: 43006955-015f-42cd-b925-cfd3ac6ee1ce
2020-06-02 23:35:15,275 [43006955-015f-42cd-b925-cfd3ac6ee1ce@group-62EB59B96157-LeaderElection5] INFO  impl.RaftServerImpl (ServerState.java:setLeader(255)) - 43006955-015f-42cd-b925-cfd3ac6ee1ce@group-62EB59B96157: change Leader from null to 43006955-015f-42cd-b925-cfd3ac6ee1ce at term 1 for becomeLeader, leader elected after 5153ms
2020-06-02 23:35:15,275 [43006955-015f-42cd-b925-cfd3ac6ee1ce@group-62EB59B96157-LeaderElection5] INFO  server.RaftServerConfigKeys (ConfUtils.java:logGet(44)) - raft.server.staging.catchup.gap = 1000 (default)
2020-06-02 23:35:15,275 [43006955-015f-42cd-b925-cfd3ac6ee1ce@group-62EB59B96157-LeaderElection5] INFO  server.RaftServerConfigKeys (ConfUtils.java:logGet(44)) - raft.server.rpc.sleep.time = 25ms (default)
2020-06-02 23:35:15,275 [43006955-015f-42cd-b925-cfd3ac6ee1ce@group-62EB59B96157-LeaderElection5] INFO  metrics.RatisMetrics (RatisMetrics.java:lambda$create$0(39)) - Creating Metrics Registry : ratis.log_appender.43006955-015f-42cd-b925-cfd3ac6ee1ce@group-62EB59B96157
2020-06-02 23:35:15,275 [43006955-015f-42cd-b925-cfd3ac6ee1ce@group-62EB59B96157-LeaderElection5] INFO  server.RaftServerConfigKeys (ConfUtils.java:logGet(44)) - raft.server.write.element-limit = 1024 (custom)
2020-06-02 23:35:15,276 [43006955-015f-42cd-b925-cfd3ac6ee1ce@group-62EB59B96157-LeaderElection5] INFO  server.RaftServerConfigKeys (ConfUtils.java:logGet(44)) - raft.server.write.byte-limit = 1073741824 (custom)
2020-06-02 23:35:15,276 [43006955-015f-42cd-b925-cfd3ac6ee1ce@group-62EB59B96157-LeaderElection5] INFO  server.RaftServerConfigKeys (ConfUtils.java:logGet(44)) - raft.server.watch.timeout = 180s (custom)
2020-06-02 23:35:15,276 [43006955-015f-42cd-b925-cfd3ac6ee1ce@group-62EB59B96157-LeaderElection5] INFO  server.RaftServerConfigKeys (ConfUtils.java:logGet(44)) - raft.server.watch.timeout.denomination = 1s (default)
2020-06-02 23:35:15,276 [43006955-015f-42cd-b925-cfd3ac6ee1ce@group-62EB59B96157-LeaderElection5] INFO  server.RaftServerConfigKeys (ConfUtils.java:logGet(44)) - raft.server.watch.element-limit = 65536 (default)
2020-06-02 23:35:15,276 [43006955-015f-42cd-b925-cfd3ac6ee1ce@group-62EB59B96157-LeaderElection5] INFO  impl.RoleInfo (RoleInfo.java:updateAndGet(143)) - 43006955-015f-42cd-b925-cfd3ac6ee1ce: start LeaderState
2020-06-02 23:35:15,276 [43006955-015f-42cd-b925-cfd3ac6ee1ce@group-62EB59B96157-LeaderElection5] INFO  segmented.SegmentedRaftLogWorker (SegmentedRaftLogWorker.java:startLogSegment(391)) - 43006955-015f-42cd-b925-cfd3ac6ee1ce@group-62EB59B96157-SegmentedRaftLogWorker: Starting segment from index:0
2020-06-02 23:35:15,286 [43006955-015f-42cd-b925-cfd3ac6ee1ce@group-62EB59B96157-LeaderElection5] INFO  impl.RaftServerImpl (ServerState.java:setRaftConf(356)) - 43006955-015f-42cd-b925-cfd3ac6ee1ce@group-62EB59B96157: set configuration 0: [43006955-015f-42cd-b925-cfd3ac6ee1ce:172.17.0.2:44435], old=null at 0
2020-06-02 23:35:15,302 [Thread-186] INFO  impl.FollowerState (FollowerState.java:run(108)) - 43006955-015f-42cd-b925-cfd3ac6ee1ce@group-E2DBF971A61D-FollowerState: change to CANDIDATE, lastRpcTime:5136ms, electionTimeout:5131ms
2020-06-02 23:35:15,302 [Thread-186] INFO  impl.RoleInfo (RoleInfo.java:shutdownFollowerState(121)) - 43006955-015f-42cd-b925-cfd3ac6ee1ce: shutdown FollowerState
2020-06-02 23:35:15,302 [Thread-186] INFO  impl.RaftServerImpl (RaftServerImpl.java:setRole(173)) - 43006955-015f-42cd-b925-cfd3ac6ee1ce@group-E2DBF971A61D: changes role from  FOLLOWER to CANDIDATE at term 0 for changeToCandidate
2020-06-02 23:35:15,302 [Thread-186] INFO  impl.RoleInfo (RoleInfo.java:updateAndGet(143)) - 43006955-015f-42cd-b925-cfd3ac6ee1ce: start LeaderElection
2020-06-02 23:35:15,400 [grpc-default-executor-1] INFO  impl.RaftServerImpl (RaftServerImpl.java:setRole(173)) - 43006955-015f-42cd-b925-cfd3ac6ee1ce@group-E2DBF971A61D: changes role from CANDIDATE to FOLLOWER at term 1 for recognizeCandidate:46593078-1315-442c-91b1-b92b4f012500
2020-06-02 23:35:15,400 [grpc-default-executor-1] INFO  impl.RoleInfo (RoleInfo.java:shutdownLeaderElection(134)) - 43006955-015f-42cd-b925-cfd3ac6ee1ce: shutdown LeaderElection
2020-06-02 23:35:15,400 [grpc-default-executor-1] INFO  impl.RoleInfo (RoleInfo.java:updateAndGet(143)) - 43006955-015f-42cd-b925-cfd3ac6ee1ce: start FollowerState
2020-06-02 23:35:15,414 [43006955-015f-42cd-b925-cfd3ac6ee1ce@group-E2DBF971A61D-LeaderElection6] INFO  impl.LeaderElection (LeaderElection.java:askForVotes(206)) - 43006955-015f-42cd-b925-cfd3ac6ee1ce@group-E2DBF971A61D-LeaderElection6: begin an election at term 2 for -1: [46593078-1315-442c-91b1-b92b4f012500:172.17.0.2:40081, dd4333e9-7965-46b1-a2b1-cee7aab213b7:172.17.0.2:37281, 43006955-015f-42cd-b925-cfd3ac6ee1ce:172.17.0.2:44435], old=null
2020-06-02 23:35:15,442 [43006955-015f-42cd-b925-cfd3ac6ee1ce@group-E2DBF971A61D-LeaderElection6] INFO  impl.LeaderElection (LeaderElection.java:logAndReturn(61)) - 43006955-015f-42cd-b925-cfd3ac6ee1ce@group-E2DBF971A61D-LeaderElection6: Election REJECTED; received 0 response(s) [] and 0 exception(s); 43006955-015f-42cd-b925-cfd3ac6ee1ce@group-E2DBF971A61D:t2, leader=null, voted=43006955-015f-42cd-b925-cfd3ac6ee1ce, raftlog=43006955-015f-42cd-b925-cfd3ac6ee1ce@group-E2DBF971A61D-SegmentedRaftLog:OPENED:c-1,f-1,i0, conf=-1: [46593078-1315-442c-91b1-b92b4f012500:172.17.0.2:40081, dd4333e9-7965-46b1-a2b1-cee7aab213b7:172.17.0.2:37281, 43006955-015f-42cd-b925-cfd3ac6ee1ce:172.17.0.2:44435], old=null
2020-06-02 23:35:15,495 [46593078-1315-442c-91b1-b92b4f012500@group-E2DBF971A61D-LeaderElection4] INFO  impl.LeaderElection (LeaderElection.java:logAndReturn(61)) - 46593078-1315-442c-91b1-b92b4f012500@group-E2DBF971A61D-LeaderElection4: Election REJECTED; received 2 response(s) [46593078-1315-442c-91b1-b92b4f012500<-dd4333e9-7965-46b1-a2b1-cee7aab213b7#0:FAIL-t1, 46593078-1315-442c-91b1-b92b4f012500<-43006955-015f-42cd-b925-cfd3ac6ee1ce#0:FAIL-t1] and 0 exception(s); 46593078-1315-442c-91b1-b92b4f012500@group-E2DBF971A61D:t1, leader=null, voted=46593078-1315-442c-91b1-b92b4f012500, raftlog=46593078-1315-442c-91b1-b92b4f012500@group-E2DBF971A61D-SegmentedRaftLog:OPENED:c-1,f-1,i0, conf=-1: [46593078-1315-442c-91b1-b92b4f012500:172.17.0.2:40081, dd4333e9-7965-46b1-a2b1-cee7aab213b7:172.17.0.2:37281, 43006955-015f-42cd-b925-cfd3ac6ee1ce:172.17.0.2:44435], old=null
2020-06-02 23:35:15,495 [46593078-1315-442c-91b1-b92b4f012500@group-E2DBF971A61D-LeaderElection4] INFO  impl.RaftServerImpl (RaftServerImpl.java:setRole(173)) - 46593078-1315-442c-91b1-b92b4f012500@group-E2DBF971A61D: changes role from CANDIDATE to FOLLOWER at term 1 for DISCOVERED_A_NEW_TERM
2020-06-02 23:35:15,495 [46593078-1315-442c-91b1-b92b4f012500@group-E2DBF971A61D-LeaderElection4] INFO  impl.RoleInfo (RoleInfo.java:shutdownLeaderElection(134)) - 46593078-1315-442c-91b1-b92b4f012500: shutdown LeaderElection
2020-06-02 23:35:15,495 [46593078-1315-442c-91b1-b92b4f012500@group-E2DBF971A61D-LeaderElection4] INFO  impl.RoleInfo (RoleInfo.java:updateAndGet(143)) - 46593078-1315-442c-91b1-b92b4f012500: start FollowerState
2020-06-02 23:35:15,514 [dd4333e9-7965-46b1-a2b1-cee7aab213b7@group-E2DBF971A61D-LeaderElection2] INFO  impl.LeaderElection (LeaderElection.java:logAndReturn(61)) - dd4333e9-7965-46b1-a2b1-cee7aab213b7@group-E2DBF971A61D-LeaderElection2: Election DISCOVERED_A_NEW_TERM; received 2 response(s) [dd4333e9-7965-46b1-a2b1-cee7aab213b7<-46593078-1315-442c-91b1-b92b4f012500#0:FAIL-t1, dd4333e9-7965-46b1-a2b1-cee7aab213b7<-43006955-015f-42cd-b925-cfd3ac6ee1ce#0:FAIL-t2] and 0 exception(s); dd4333e9-7965-46b1-a2b1-cee7aab213b7@group-E2DBF971A61D:t1, leader=null, voted=dd4333e9-7965-46b1-a2b1-cee7aab213b7, raftlog=dd4333e9-7965-46b1-a2b1-cee7aab213b7@group-E2DBF971A61D-SegmentedRaftLog:OPENED:c-1,f-1,i0, conf=-1: [46593078-1315-442c-91b1-b92b4f012500:172.17.0.2:40081, dd4333e9-7965-46b1-a2b1-cee7aab213b7:172.17.0.2:37281, 43006955-015f-42cd-b925-cfd3ac6ee1ce:172.17.0.2:44435], old=null
2020-06-02 23:35:15,526 [dd4333e9-7965-46b1-a2b1-cee7aab213b7@group-E2DBF971A61D-LeaderElection2] INFO  impl.RaftServerImpl (RaftServerImpl.java:setRole(173)) - dd4333e9-7965-46b1-a2b1-cee7aab213b7@group-E2DBF971A61D: changes role from CANDIDATE to FOLLOWER at term 2 for DISCOVERED_A_NEW_TERM
2020-06-02 23:35:15,526 [dd4333e9-7965-46b1-a2b1-cee7aab213b7@group-E2DBF971A61D-LeaderElection2] INFO  impl.RoleInfo (RoleInfo.java:shutdownLeaderElection(134)) - dd4333e9-7965-46b1-a2b1-cee7aab213b7: shutdown LeaderElection
2020-06-02 23:35:15,526 [dd4333e9-7965-46b1-a2b1-cee7aab213b7@group-E2DBF971A61D-LeaderElection2] INFO  impl.RoleInfo (RoleInfo.java:updateAndGet(143)) - dd4333e9-7965-46b1-a2b1-cee7aab213b7: start FollowerState
2020-06-02 23:35:15,526 [grpc-default-executor-1] INFO  impl.RaftServerImpl (RaftServerImpl.java:setRole(173)) - 46593078-1315-442c-91b1-b92b4f012500@group-E2DBF971A61D: changes role from  FOLLOWER to FOLLOWER at term 2 for recognizeCandidate:43006955-015f-42cd-b925-cfd3ac6ee1ce
2020-06-02 23:35:15,531 [grpc-default-executor-1] INFO  impl.RoleInfo (RoleInfo.java:shutdownFollowerState(121)) - 46593078-1315-442c-91b1-b92b4f012500: shutdown FollowerState
2020-06-02 23:35:15,531 [grpc-default-executor-1] INFO  impl.RoleInfo (RoleInfo.java:updateAndGet(143)) - 46593078-1315-442c-91b1-b92b4f012500: start FollowerState
2020-06-02 23:35:15,532 [Thread-209] INFO  impl.FollowerState (FollowerState.java:run(117)) - 46593078-1315-442c-91b1-b92b4f012500@group-E2DBF971A61D-FollowerState was interrupted: java.lang.InterruptedException: sleep interrupted
2020-06-02 23:35:15,531 [46593078-1315-442c-91b1-b92b4f012500@group-A77CAD7CA71C-SegmentedRaftLogWorker] INFO  segmented.SegmentedRaftLogWorker (SegmentedRaftLogWorker.java:execute(583)) - 46593078-1315-442c-91b1-b92b4f012500@group-A77CAD7CA71C-SegmentedRaftLogWorker: created new log segment /github/workspace/mnt/ozone/hadoop-ozone/integration-test/target/test-dir/MiniOzoneClusterImpl-31b4c61b-beaa-4c19-8fbb-f7fa03016b8e/datanode-0/data/ratis/e2604452-834b-4c6b-904e-a77cad7ca71c/current/log_inprogress_0
2020-06-02 23:35:15,538 [43006955-015f-42cd-b925-cfd3ac6ee1ce@group-62EB59B96157-SegmentedRaftLogWorker] INFO  segmented.SegmentedRaftLogWorker (SegmentedRaftLogWorker.java:execute(583)) - 43006955-015f-42cd-b925-cfd3ac6ee1ce@group-62EB59B96157-SegmentedRaftLogWorker: created new log segment /github/workspace/mnt/ozone/hadoop-ozone/integration-test/target/test-dir/MiniOzoneClusterImpl-31b4c61b-beaa-4c19-8fbb-f7fa03016b8e/datanode-2/data/ratis/5212f080-501b-4715-8d72-62eb59b96157/current/log_inprogress_0
2020-06-02 23:35:15,544 [dd4333e9-7965-46b1-a2b1-cee7aab213b7@group-0A2CC78894B9-SegmentedRaftLogWorker] INFO  segmented.SegmentedRaftLogWorker (SegmentedRaftLogWorker.java:execute(583)) - dd4333e9-7965-46b1-a2b1-cee7aab213b7@group-0A2CC78894B9-SegmentedRaftLogWorker: created new log segment /github/workspace/mnt/ozone/hadoop-ozone/integration-test/target/test-dir/MiniOzoneClusterImpl-31b4c61b-beaa-4c19-8fbb-f7fa03016b8e/datanode-1/data/ratis/2b63aa56-b6c4-40a7-a1ef-0a2cc78894b9/current/log_inprogress_0
2020-06-02 23:35:15,544 [grpc-default-executor-2] INFO  impl.RaftServerImpl (RaftServerImpl.java:setRole(173)) - dd4333e9-7965-46b1-a2b1-cee7aab213b7@group-E2DBF971A61D: changes role from  FOLLOWER to FOLLOWER at term 2 for recognizeCandidate:43006955-015f-42cd-b925-cfd3ac6ee1ce
2020-06-02 23:35:15,544 [grpc-default-executor-2] INFO  impl.RoleInfo (RoleInfo.java:shutdownFollowerState(121)) - dd4333e9-7965-46b1-a2b1-cee7aab213b7: shutdown FollowerState
2020-06-02 23:35:15,544 [grpc-default-executor-2] INFO  impl.RoleInfo (RoleInfo.java:updateAndGet(143)) - dd4333e9-7965-46b1-a2b1-cee7aab213b7: start FollowerState
2020-06-02 23:35:16,031 [Listener at 127.0.0.1/36455] INFO  ozone.MiniOzoneClusterImpl (MiniOzoneClusterImpl.java:lambda$waitForClusterToBeReady$0(177)) - Nodes are ready. Got 3 of 3 DN Heartbeats.
2020-06-02 23:35:16,031 [Listener at 127.0.0.1/36455] INFO  ozone.MiniOzoneClusterImpl (MiniOzoneClusterImpl.java:lambda$waitForClusterToBeReady$0(180)) - Waiting for cluster to exit safe mode
2020-06-02 23:35:17,032 [Listener at 127.0.0.1/36455] INFO  ozone.MiniOzoneClusterImpl (MiniOzoneClusterImpl.java:lambda$waitForClusterToBeReady$0(177)) - Nodes are ready. Got 3 of 3 DN Heartbeats.
2020-06-02 23:35:17,032 [Listener at 127.0.0.1/36455] INFO  ozone.MiniOzoneClusterImpl (MiniOzoneClusterImpl.java:lambda$waitForClusterToBeReady$0(180)) - Waiting for cluster to exit safe mode
2020-06-02 23:35:18,032 [Listener at 127.0.0.1/36455] INFO  ozone.MiniOzoneClusterImpl (MiniOzoneClusterImpl.java:lambda$waitForClusterToBeReady$0(177)) - Nodes are ready. Got 3 of 3 DN Heartbeats.
2020-06-02 23:35:18,032 [Listener at 127.0.0.1/36455] INFO  ozone.MiniOzoneClusterImpl (MiniOzoneClusterImpl.java:lambda$waitForClusterToBeReady$0(180)) - Waiting for cluster to exit safe mode
2020-06-02 23:35:19,032 [Listener at 127.0.0.1/36455] INFO  ozone.MiniOzoneClusterImpl (MiniOzoneClusterImpl.java:lambda$waitForClusterToBeReady$0(177)) - Nodes are ready. Got 3 of 3 DN Heartbeats.
2020-06-02 23:35:19,033 [Listener at 127.0.0.1/36455] INFO  ozone.MiniOzoneClusterImpl (MiniOzoneClusterImpl.java:lambda$waitForClusterToBeReady$0(180)) - Waiting for cluster to exit safe mode
2020-06-02 23:35:20,037 [Listener at 127.0.0.1/36455] INFO  ozone.MiniOzoneClusterImpl (MiniOzoneClusterImpl.java:lambda$waitForClusterToBeReady$0(177)) - Nodes are ready. Got 3 of 3 DN Heartbeats.
2020-06-02 23:35:20,037 [Listener at 127.0.0.1/36455] INFO  ozone.MiniOzoneClusterImpl (MiniOzoneClusterImpl.java:lambda$waitForClusterToBeReady$0(180)) - Waiting for cluster to exit safe mode
2020-06-02 23:35:20,503 [Thread-206] INFO  impl.FollowerState (FollowerState.java:run(108)) - 43006955-015f-42cd-b925-cfd3ac6ee1ce@group-E2DBF971A61D-FollowerState: change to CANDIDATE, lastRpcTime:5103ms, electionTimeout:5091ms
2020-06-02 23:35:20,503 [Thread-206] INFO  impl.RoleInfo (RoleInfo.java:shutdownFollowerState(121)) - 43006955-015f-42cd-b925-cfd3ac6ee1ce: shutdown FollowerState
2020-06-02 23:35:20,503 [Thread-206] INFO  impl.RaftServerImpl (RaftServerImpl.java:setRole(173)) - 43006955-015f-42cd-b925-cfd3ac6ee1ce@group-E2DBF971A61D: changes role from  FOLLOWER to CANDIDATE at term 2 for changeToCandidate
2020-06-02 23:35:20,504 [Thread-206] INFO  impl.RoleInfo (RoleInfo.java:updateAndGet(143)) - 43006955-015f-42cd-b925-cfd3ac6ee1ce: start LeaderElection
2020-06-02 23:35:20,531 [43006955-015f-42cd-b925-cfd3ac6ee1ce@group-E2DBF971A61D-LeaderElection7] INFO  impl.LeaderElection (LeaderElection.java:askForVotes(206)) - 43006955-015f-42cd-b925-cfd3ac6ee1ce@group-E2DBF971A61D-LeaderElection7: begin an election at term 3 for -1: [46593078-1315-442c-91b1-b92b4f012500:172.17.0.2:40081, dd4333e9-7965-46b1-a2b1-cee7aab213b7:172.17.0.2:37281, 43006955-015f-42cd-b925-cfd3ac6ee1ce:172.17.0.2:44435], old=null
2020-06-02 23:35:20,555 [grpc-default-executor-1] INFO  impl.RaftServerImpl (RaftServerImpl.java:setRole(173)) - 46593078-1315-442c-91b1-b92b4f012500@group-E2DBF971A61D: changes role from  FOLLOWER to FOLLOWER at term 3 for recognizeCandidate:43006955-015f-42cd-b925-cfd3ac6ee1ce
2020-06-02 23:35:20,555 [grpc-default-executor-1] INFO  impl.RoleInfo (RoleInfo.java:shutdownFollowerState(121)) - 46593078-1315-442c-91b1-b92b4f012500: shutdown FollowerState
2020-06-02 23:35:20,556 [grpc-default-executor-1] INFO  impl.RoleInfo (RoleInfo.java:updateAndGet(143)) - 46593078-1315-442c-91b1-b92b4f012500: start FollowerState
2020-06-02 23:35:20,556 [Thread-211] INFO  impl.FollowerState (FollowerState.java:run(117)) - 46593078-1315-442c-91b1-b92b4f012500@group-E2DBF971A61D-FollowerState was interrupted: java.lang.InterruptedException: sleep interrupted
2020-06-02 23:35:20,564 [43006955-015f-42cd-b925-cfd3ac6ee1ce@group-E2DBF971A61D-LeaderElection7] INFO  impl.LeaderElection (LeaderElection.java:logAndReturn(61)) - 43006955-015f-42cd-b925-cfd3ac6ee1ce@group-E2DBF971A61D-LeaderElection7: Election PASSED; received 1 response(s) [43006955-015f-42cd-b925-cfd3ac6ee1ce<-46593078-1315-442c-91b1-b92b4f012500#0:OK-t3] and 0 exception(s); 43006955-015f-42cd-b925-cfd3ac6ee1ce@group-E2DBF971A61D:t3, leader=null, voted=43006955-015f-42cd-b925-cfd3ac6ee1ce, raftlog=43006955-015f-42cd-b925-cfd3ac6ee1ce@group-E2DBF971A61D-SegmentedRaftLog:OPENED:c-1,f-1,i0, conf=-1: [46593078-1315-442c-91b1-b92b4f012500:172.17.0.2:40081, dd4333e9-7965-46b1-a2b1-cee7aab213b7:172.17.0.2:37281, 43006955-015f-42cd-b925-cfd3ac6ee1ce:172.17.0.2:44435], old=null
2020-06-02 23:35:20,564 [43006955-015f-42cd-b925-cfd3ac6ee1ce@group-E2DBF971A61D-LeaderElection7] INFO  impl.RoleInfo (RoleInfo.java:shutdownLeaderElection(134)) - 43006955-015f-42cd-b925-cfd3ac6ee1ce: shutdown LeaderElection
2020-06-02 23:35:20,564 [43006955-015f-42cd-b925-cfd3ac6ee1ce@group-E2DBF971A61D-LeaderElection7] INFO  impl.RaftServerImpl (RaftServerImpl.java:setRole(173)) - 43006955-015f-42cd-b925-cfd3ac6ee1ce@group-E2DBF971A61D: changes role from CANDIDATE to LEADER at term 3 for changeToLeader
2020-06-02 23:35:20,564 [43006955-015f-42cd-b925-cfd3ac6ee1ce@group-E2DBF971A61D-LeaderElection7] INFO  ratis.XceiverServerRatis (XceiverServerRatis.java:handleLeaderChangedNotification(762)) - Leader change notification received for group: group-E2DBF971A61D with new leaderId: 43006955-015f-42cd-b925-cfd3ac6ee1ce
2020-06-02 23:35:20,564 [43006955-015f-42cd-b925-cfd3ac6ee1ce@group-E2DBF971A61D-LeaderElection7] INFO  impl.RaftServerImpl (ServerState.java:setLeader(255)) - 43006955-015f-42cd-b925-cfd3ac6ee1ce@group-E2DBF971A61D: change Leader from null to 43006955-015f-42cd-b925-cfd3ac6ee1ce at term 3 for becomeLeader, leader elected after 10412ms
2020-06-02 23:35:20,564 [43006955-015f-42cd-b925-cfd3ac6ee1ce@group-E2DBF971A61D-LeaderElection7] INFO  server.RaftServerConfigKeys (ConfUtils.java:logGet(44)) - raft.server.staging.catchup.gap = 1000 (default)
2020-06-02 23:35:20,564 [43006955-015f-42cd-b925-cfd3ac6ee1ce@group-E2DBF971A61D-LeaderElection7] INFO  server.RaftServerConfigKeys (ConfUtils.java:logGet(44)) - raft.server.rpc.sleep.time = 25ms (default)
2020-06-02 23:35:20,564 [43006955-015f-42cd-b925-cfd3ac6ee1ce@group-E2DBF971A61D-LeaderElection7] INFO  metrics.RatisMetrics (RatisMetrics.java:lambda$create$0(39)) - Creating Metrics Registry : ratis.log_appender.43006955-015f-42cd-b925-cfd3ac6ee1ce@group-E2DBF971A61D
2020-06-02 23:35:20,565 [43006955-015f-42cd-b925-cfd3ac6ee1ce@group-E2DBF971A61D-LeaderElection7] INFO  server.RaftServerConfigKeys (ConfUtils.java:logGet(44)) - raft.server.write.element-limit = 1024 (custom)
2020-06-02 23:35:20,565 [43006955-015f-42cd-b925-cfd3ac6ee1ce@group-E2DBF971A61D-LeaderElection7] INFO  server.RaftServerConfigKeys (ConfUtils.java:logGet(44)) - raft.server.write.byte-limit = 1073741824 (custom)
2020-06-02 23:35:20,565 [43006955-015f-42cd-b925-cfd3ac6ee1ce@group-E2DBF971A61D-LeaderElection7] INFO  server.RaftServerConfigKeys (ConfUtils.java:logGet(44)) - raft.server.watch.timeout = 180s (custom)
2020-06-02 23:35:20,565 [43006955-015f-42cd-b925-cfd3ac6ee1ce@group-E2DBF971A61D-LeaderElection7] INFO  server.RaftServerConfigKeys (ConfUtils.java:logGet(44)) - raft.server.watch.timeout.denomination = 1s (default)
2020-06-02 23:35:20,565 [43006955-015f-42cd-b925-cfd3ac6ee1ce@group-E2DBF971A61D-LeaderElection7] INFO  server.RaftServerConfigKeys (ConfUtils.java:logGet(44)) - raft.server.watch.element-limit = 65536 (default)
2020-06-02 23:35:20,574 [43006955-015f-42cd-b925-cfd3ac6ee1ce@group-E2DBF971A61D-LeaderElection7] INFO  server.RaftServerConfigKeys (ConfUtils.java:logGet(44)) - raft.server.log.appender.snapshot.chunk.size.max = 16MB (=16777216) (default)
2020-06-02 23:35:20,574 [43006955-015f-42cd-b925-cfd3ac6ee1ce@group-E2DBF971A61D-LeaderElection7] INFO  server.RaftServerConfigKeys (ConfUtils.java:logGet(44)) - raft.server.log.appender.buffer.byte-limit = 33554432 (custom)
2020-06-02 23:35:20,575 [43006955-015f-42cd-b925-cfd3ac6ee1ce@group-E2DBF971A61D-LeaderElection7] INFO  server.RaftServerConfigKeys (ConfUtils.java:logGet(44)) - raft.server.log.appender.buffer.element-limit = 1 (custom)
2020-06-02 23:35:20,595 [grpc-default-executor-2] INFO  impl.RaftServerImpl (RaftServerImpl.java:setRole(173)) - dd4333e9-7965-46b1-a2b1-cee7aab213b7@group-E2DBF971A61D: changes role from  FOLLOWER to FOLLOWER at term 3 for recognizeCandidate:43006955-015f-42cd-b925-cfd3ac6ee1ce
2020-06-02 23:35:20,604 [grpc-default-executor-2] INFO  impl.RoleInfo (RoleInfo.java:shutdownFollowerState(121)) - dd4333e9-7965-46b1-a2b1-cee7aab213b7: shutdown FollowerState
2020-06-02 23:35:20,593 [43006955-015f-42cd-b925-cfd3ac6ee1ce@group-E2DBF971A61D-LeaderElection7] INFO  grpc.GrpcConfigKeys (ConfUtils.java:logGet(44)) - raft.grpc.server.leader.outstanding.appends.max = 128 (default)
2020-06-02 23:35:20,604 [Thread-212] INFO  impl.FollowerState (FollowerState.java:run(117)) - dd4333e9-7965-46b1-a2b1-cee7aab213b7@group-E2DBF971A61D-FollowerState was interrupted: java.lang.InterruptedException: sleep interrupted
2020-06-02 23:35:20,604 [grpc-default-executor-2] INFO  impl.RoleInfo (RoleInfo.java:updateAndGet(143)) - dd4333e9-7965-46b1-a2b1-cee7aab213b7: start FollowerState
2020-06-02 23:35:20,604 [43006955-015f-42cd-b925-cfd3ac6ee1ce@group-E2DBF971A61D-LeaderElection7] INFO  server.RaftServerConfigKeys (ConfUtils.java:logGet(44)) - raft.server.rpc.request.timeout = 60s (custom)
2020-06-02 23:35:20,604 [43006955-015f-42cd-b925-cfd3ac6ee1ce@group-E2DBF971A61D-LeaderElection7] INFO  server.RaftServerConfigKeys (ConfUtils.java:logGet(44)) - raft.server.log.appender.install.snapshot.enabled = false (custom)
2020-06-02 23:35:20,641 [43006955-015f-42cd-b925-cfd3ac6ee1ce@group-E2DBF971A61D-LeaderElection7] INFO  server.RaftServerConfigKeys (ConfUtils.java:logGet(44)) - raft.server.log.appender.snapshot.chunk.size.max = 16MB (=16777216) (default)
2020-06-02 23:35:20,641 [43006955-015f-42cd-b925-cfd3ac6ee1ce@group-E2DBF971A61D-LeaderElection7] INFO  server.RaftServerConfigKeys (ConfUtils.java:logGet(44)) - raft.server.log.appender.buffer.byte-limit = 33554432 (custom)
2020-06-02 23:35:20,641 [43006955-015f-42cd-b925-cfd3ac6ee1ce@group-E2DBF971A61D-LeaderElection7] INFO  server.RaftServerConfigKeys (ConfUtils.java:logGet(44)) - raft.server.log.appender.buffer.element-limit = 1 (custom)
2020-06-02 23:35:20,641 [43006955-015f-42cd-b925-cfd3ac6ee1ce@group-E2DBF971A61D-LeaderElection7] INFO  grpc.GrpcConfigKeys (ConfUtils.java:logGet(44)) - raft.grpc.server.leader.outstanding.appends.max = 128 (default)
2020-06-02 23:35:20,641 [43006955-015f-42cd-b925-cfd3ac6ee1ce@group-E2DBF971A61D-LeaderElection7] INFO  server.RaftServerConfigKeys (ConfUtils.java:logGet(44)) - raft.server.rpc.request.timeout = 60s (custom)
2020-06-02 23:35:20,642 [43006955-015f-42cd-b925-cfd3ac6ee1ce@group-E2DBF971A61D-LeaderElection7] INFO  server.RaftServerConfigKeys (ConfUtils.java:logGet(44)) - raft.server.log.appender.install.snapshot.enabled = false (custom)
2020-06-02 23:35:20,672 [43006955-015f-42cd-b925-cfd3ac6ee1ce@group-E2DBF971A61D-LeaderElection7] INFO  impl.RoleInfo (RoleInfo.java:updateAndGet(143)) - 43006955-015f-42cd-b925-cfd3ac6ee1ce: start LeaderState
2020-06-02 23:35:20,673 [43006955-015f-42cd-b925-cfd3ac6ee1ce@group-E2DBF971A61D-LeaderElection7] INFO  segmented.SegmentedRaftLogWorker (SegmentedRaftLogWorker.java:startLogSegment(391)) - 43006955-015f-42cd-b925-cfd3ac6ee1ce@group-E2DBF971A61D-SegmentedRaftLogWorker: Starting segment from index:0
2020-06-02 23:35:20,674 [43006955-015f-42cd-b925-cfd3ac6ee1ce@group-E2DBF971A61D-SegmentedRaftLogWorker] INFO  segmented.SegmentedRaftLogWorker (SegmentedRaftLogWorker.java:execute(583)) - 43006955-015f-42cd-b925-cfd3ac6ee1ce@group-E2DBF971A61D-SegmentedRaftLogWorker: created new log segment /github/workspace/mnt/ozone/hadoop-ozone/integration-test/target/test-dir/MiniOzoneClusterImpl-31b4c61b-beaa-4c19-8fbb-f7fa03016b8e/datanode-2/data/ratis/8835cd55-6e5d-4da3-9599-e2dbf971a61d/current/log_inprogress_0
2020-06-02 23:35:20,690 [43006955-015f-42cd-b925-cfd3ac6ee1ce@group-E2DBF971A61D-LeaderElection7] INFO  impl.RaftServerImpl (ServerState.java:setRaftConf(356)) - 43006955-015f-42cd-b925-cfd3ac6ee1ce@group-E2DBF971A61D: set configuration 0: [46593078-1315-442c-91b1-b92b4f012500:172.17.0.2:40081, dd4333e9-7965-46b1-a2b1-cee7aab213b7:172.17.0.2:37281, 43006955-015f-42cd-b925-cfd3ac6ee1ce:172.17.0.2:44435], old=null at 0
2020-06-02 23:35:20,729 [grpc-default-executor-2] INFO  ratis.XceiverServerRatis (XceiverServerRatis.java:handleLeaderChangedNotification(762)) - Leader change notification received for group: group-E2DBF971A61D with new leaderId: 43006955-015f-42cd-b925-cfd3ac6ee1ce
2020-06-02 23:35:20,729 [grpc-default-executor-2] INFO  impl.RaftServerImpl (ServerState.java:setLeader(255)) - 46593078-1315-442c-91b1-b92b4f012500@group-E2DBF971A61D: change Leader from null to 43006955-015f-42cd-b925-cfd3ac6ee1ce at term 3 for appendEntries, leader elected after 10807ms
2020-06-02 23:35:20,748 [grpc-default-executor-1] INFO  ratis.XceiverServerRatis (XceiverServerRatis.java:handleLeaderChangedNotification(762)) - Leader change notification received for group: group-E2DBF971A61D with new leaderId: 43006955-015f-42cd-b925-cfd3ac6ee1ce
2020-06-02 23:35:20,748 [grpc-default-executor-1] INFO  impl.RaftServerImpl (ServerState.java:setLeader(255)) - dd4333e9-7965-46b1-a2b1-cee7aab213b7@group-E2DBF971A61D: change Leader from null to 43006955-015f-42cd-b925-cfd3ac6ee1ce at term 3 for appendEntries, leader elected after 10763ms
2020-06-02 23:35:20,782 [grpc-default-executor-2] INFO  impl.RaftServerImpl (ServerState.java:setRaftConf(356)) - 46593078-1315-442c-91b1-b92b4f012500@group-E2DBF971A61D: set configuration 0: [46593078-1315-442c-91b1-b92b4f012500:172.17.0.2:40081, dd4333e9-7965-46b1-a2b1-cee7aab213b7:172.17.0.2:37281, 43006955-015f-42cd-b925-cfd3ac6ee1ce:172.17.0.2:44435], old=null at 0
2020-06-02 23:35:20,782 [grpc-default-executor-2] INFO  segmented.SegmentedRaftLogWorker (SegmentedRaftLogWorker.java:startLogSegment(391)) - 46593078-1315-442c-91b1-b92b4f012500@group-E2DBF971A61D-SegmentedRaftLogWorker: Starting segment from index:0
2020-06-02 23:35:20,782 [grpc-default-executor-1] INFO  impl.RaftServerImpl (ServerState.java:setRaftConf(356)) - dd4333e9-7965-46b1-a2b1-cee7aab213b7@group-E2DBF971A61D: set configuration 0: [46593078-1315-442c-91b1-b92b4f012500:172.17.0.2:40081, dd4333e9-7965-46b1-a2b1-cee7aab213b7:172.17.0.2:37281, 43006955-015f-42cd-b925-cfd3ac6ee1ce:172.17.0.2:44435], old=null at 0
2020-06-02 23:35:20,782 [grpc-default-executor-1] INFO  segmented.SegmentedRaftLogWorker (SegmentedRaftLogWorker.java:startLogSegment(391)) - dd4333e9-7965-46b1-a2b1-cee7aab213b7@group-E2DBF971A61D-SegmentedRaftLogWorker: Starting segment from index:0
2020-06-02 23:35:20,784 [dd4333e9-7965-46b1-a2b1-cee7aab213b7@group-E2DBF971A61D-SegmentedRaftLogWorker] INFO  segmented.SegmentedRaftLogWorker (SegmentedRaftLogWorker.java:execute(583)) - dd4333e9-7965-46b1-a2b1-cee7aab213b7@group-E2DBF971A61D-SegmentedRaftLogWorker: created new log segment /github/workspace/mnt/ozone/hadoop-ozone/integration-test/target/test-dir/MiniOzoneClusterImpl-31b4c61b-beaa-4c19-8fbb-f7fa03016b8e/datanode-1/data/ratis/8835cd55-6e5d-4da3-9599-e2dbf971a61d/current/log_inprogress_0
2020-06-02 23:35:20,785 [46593078-1315-442c-91b1-b92b4f012500@group-E2DBF971A61D-SegmentedRaftLogWorker] INFO  segmented.SegmentedRaftLogWorker (SegmentedRaftLogWorker.java:execute(583)) - 46593078-1315-442c-91b1-b92b4f012500@group-E2DBF971A61D-SegmentedRaftLogWorker: created new log segment /github/workspace/mnt/ozone/hadoop-ozone/integration-test/target/test-dir/MiniOzoneClusterImpl-31b4c61b-beaa-4c19-8fbb-f7fa03016b8e/datanode-0/data/ratis/8835cd55-6e5d-4da3-9599-e2dbf971a61d/current/log_inprogress_0
2020-06-02 23:35:21,037 [Listener at 127.0.0.1/36455] INFO  ozone.MiniOzoneClusterImpl (MiniOzoneClusterImpl.java:lambda$waitForClusterToBeReady$0(177)) - Nodes are ready. Got 3 of 3 DN Heartbeats.
2020-06-02 23:35:21,037 [Listener at 127.0.0.1/36455] INFO  ozone.MiniOzoneClusterImpl (MiniOzoneClusterImpl.java:lambda$waitForClusterToBeReady$0(180)) - Waiting for cluster to exit safe mode
2020-06-02 23:35:22,037 [Listener at 127.0.0.1/36455] INFO  ozone.MiniOzoneClusterImpl (MiniOzoneClusterImpl.java:lambda$waitForClusterToBeReady$0(177)) - Nodes are ready. Got 3 of 3 DN Heartbeats.
2020-06-02 23:35:22,038 [Listener at 127.0.0.1/36455] INFO  ozone.MiniOzoneClusterImpl (MiniOzoneClusterImpl.java:lambda$waitForClusterToBeReady$0(180)) - Waiting for cluster to exit safe mode
2020-06-02 23:35:23,038 [Listener at 127.0.0.1/36455] INFO  ozone.MiniOzoneClusterImpl (MiniOzoneClusterImpl.java:lambda$waitForClusterToBeReady$0(177)) - Nodes are ready. Got 3 of 3 DN Heartbeats.
2020-06-02 23:35:23,038 [Listener at 127.0.0.1/36455] INFO  ozone.MiniOzoneClusterImpl (MiniOzoneClusterImpl.java:lambda$waitForClusterToBeReady$0(180)) - Waiting for cluster to exit safe mode
2020-06-02 23:35:24,038 [Listener at 127.0.0.1/36455] INFO  ozone.MiniOzoneClusterImpl (MiniOzoneClusterImpl.java:lambda$waitForClusterToBeReady$0(177)) - Nodes are ready. Got 3 of 3 DN Heartbeats.
2020-06-02 23:35:24,039 [Listener at 127.0.0.1/36455] INFO  ozone.MiniOzoneClusterImpl (MiniOzoneClusterImpl.java:lambda$waitForClusterToBeReady$0(180)) - Waiting for cluster to exit safe mode
2020-06-02 23:35:25,039 [Listener at 127.0.0.1/36455] INFO  ozone.MiniOzoneClusterImpl (MiniOzoneClusterImpl.java:lambda$waitForClusterToBeReady$0(177)) - Nodes are ready. Got 3 of 3 DN Heartbeats.
2020-06-02 23:35:25,039 [Listener at 127.0.0.1/36455] INFO  ozone.MiniOzoneClusterImpl (MiniOzoneClusterImpl.java:lambda$waitForClusterToBeReady$0(180)) - Waiting for cluster to exit safe mode
2020-06-02 23:35:26,039 [Listener at 127.0.0.1/36455] INFO  ozone.MiniOzoneClusterImpl (MiniOzoneClusterImpl.java:lambda$waitForClusterToBeReady$0(177)) - Nodes are ready. Got 3 of 3 DN Heartbeats.
2020-06-02 23:35:26,039 [Listener at 127.0.0.1/36455] INFO  ozone.MiniOzoneClusterImpl (MiniOzoneClusterImpl.java:lambda$waitForClusterToBeReady$0(180)) - Waiting for cluster to exit safe mode
2020-06-02 23:35:27,041 [Listener at 127.0.0.1/36455] INFO  ozone.MiniOzoneClusterImpl (MiniOzoneClusterImpl.java:lambda$waitForClusterToBeReady$0(177)) - Nodes are ready. Got 3 of 3 DN Heartbeats.
2020-06-02 23:35:27,041 [Listener at 127.0.0.1/36455] INFO  ozone.MiniOzoneClusterImpl (MiniOzoneClusterImpl.java:lambda$waitForClusterToBeReady$0(180)) - Waiting for cluster to exit safe mode
2020-06-02 23:35:28,041 [Listener at 127.0.0.1/36455] INFO  ozone.MiniOzoneClusterImpl (MiniOzoneClusterImpl.java:lambda$waitForClusterToBeReady$0(177)) - Nodes are ready. Got 3 of 3 DN Heartbeats.
2020-06-02 23:35:28,041 [Listener at 127.0.0.1/36455] INFO  ozone.MiniOzoneClusterImpl (MiniOzoneClusterImpl.java:lambda$waitForClusterToBeReady$0(180)) - Waiting for cluster to exit safe mode
2020-06-02 23:35:29,042 [Listener at 127.0.0.1/36455] INFO  ozone.MiniOzoneClusterImpl (MiniOzoneClusterImpl.java:lambda$waitForClusterToBeReady$0(177)) - Nodes are ready. Got 3 of 3 DN Heartbeats.
2020-06-02 23:35:29,042 [Listener at 127.0.0.1/36455] INFO  ozone.MiniOzoneClusterImpl (MiniOzoneClusterImpl.java:lambda$waitForClusterToBeReady$0(180)) - Waiting for cluster to exit safe mode
2020-06-02 23:35:30,042 [Listener at 127.0.0.1/36455] INFO  ozone.MiniOzoneClusterImpl (MiniOzoneClusterImpl.java:lambda$waitForClusterToBeReady$0(177)) - Nodes are ready. Got 3 of 3 DN Heartbeats.
2020-06-02 23:35:30,042 [Listener at 127.0.0.1/36455] INFO  ozone.MiniOzoneClusterImpl (MiniOzoneClusterImpl.java:lambda$waitForClusterToBeReady$0(180)) - Waiting for cluster to exit safe mode
2020-06-02 23:35:31,055 [Listener at 127.0.0.1/36455] INFO  ozone.MiniOzoneClusterImpl (MiniOzoneClusterImpl.java:lambda$waitForClusterToBeReady$0(177)) - Nodes are ready. Got 3 of 3 DN Heartbeats.
2020-06-02 23:35:31,055 [Listener at 127.0.0.1/36455] INFO  ozone.MiniOzoneClusterImpl (MiniOzoneClusterImpl.java:lambda$waitForClusterToBeReady$0(180)) - Waiting for cluster to exit safe mode
2020-06-02 23:35:32,055 [Listener at 127.0.0.1/36455] INFO  ozone.MiniOzoneClusterImpl (MiniOzoneClusterImpl.java:lambda$waitForClusterToBeReady$0(177)) - Nodes are ready. Got 3 of 3 DN Heartbeats.
2020-06-02 23:35:32,055 [Listener at 127.0.0.1/36455] INFO  ozone.MiniOzoneClusterImpl (MiniOzoneClusterImpl.java:lambda$waitForClusterToBeReady$0(180)) - Waiting for cluster to exit safe mode
2020-06-02 23:35:33,056 [Listener at 127.0.0.1/36455] INFO  ozone.MiniOzoneClusterImpl (MiniOzoneClusterImpl.java:lambda$waitForClusterToBeReady$0(177)) - Nodes are ready. Got 3 of 3 DN Heartbeats.
2020-06-02 23:35:33,056 [Listener at 127.0.0.1/36455] INFO  ozone.MiniOzoneClusterImpl (MiniOzoneClusterImpl.java:lambda$waitForClusterToBeReady$0(180)) - Waiting for cluster to exit safe mode
2020-06-02 23:35:34,056 [Listener at 127.0.0.1/36455] INFO  ozone.MiniOzoneClusterImpl (MiniOzoneClusterImpl.java:lambda$waitForClusterToBeReady$0(177)) - Nodes are ready. Got 3 of 3 DN Heartbeats.
2020-06-02 23:35:34,056 [Listener at 127.0.0.1/36455] INFO  ozone.MiniOzoneClusterImpl (MiniOzoneClusterImpl.java:lambda$waitForClusterToBeReady$0(180)) - Waiting for cluster to exit safe mode
2020-06-02 23:35:35,056 [Listener at 127.0.0.1/36455] INFO  ozone.MiniOzoneClusterImpl (MiniOzoneClusterImpl.java:lambda$waitForClusterToBeReady$0(177)) - Nodes are ready. Got 3 of 3 DN Heartbeats.
2020-06-02 23:35:35,057 [Listener at 127.0.0.1/36455] INFO  ozone.MiniOzoneClusterImpl (MiniOzoneClusterImpl.java:lambda$waitForClusterToBeReady$0(180)) - Waiting for cluster to exit safe mode
2020-06-02 23:35:36,057 [Listener at 127.0.0.1/36455] INFO  ozone.MiniOzoneClusterImpl (MiniOzoneClusterImpl.java:lambda$waitForClusterToBeReady$0(177)) - Nodes are ready. Got 3 of 3 DN Heartbeats.
2020-06-02 23:35:36,057 [Listener at 127.0.0.1/36455] INFO  ozone.MiniOzoneClusterImpl (MiniOzoneClusterImpl.java:lambda$waitForClusterToBeReady$0(180)) - Waiting for cluster to exit safe mode
2020-06-02 23:35:37,057 [Listener at 127.0.0.1/36455] INFO  ozone.MiniOzoneClusterImpl (MiniOzoneClusterImpl.java:lambda$waitForClusterToBeReady$0(177)) - Nodes are ready. Got 3 of 3 DN Heartbeats.
2020-06-02 23:35:37,057 [Listener at 127.0.0.1/36455] INFO  ozone.MiniOzoneClusterImpl (MiniOzoneClusterImpl.java:lambda$waitForClusterToBeReady$0(180)) - Waiting for cluster to exit safe mode
2020-06-02 23:35:38,058 [Listener at 127.0.0.1/36455] INFO  ozone.MiniOzoneClusterImpl (MiniOzoneClusterImpl.java:lambda$waitForClusterToBeReady$0(177)) - Nodes are ready. Got 3 of 3 DN Heartbeats.
2020-06-02 23:35:38,058 [Listener at 127.0.0.1/36455] INFO  ozone.MiniOzoneClusterImpl (MiniOzoneClusterImpl.java:lambda$waitForClusterToBeReady$0(180)) - Waiting for cluster to exit safe mode
2020-06-02 23:35:39,058 [Listener at 127.0.0.1/36455] INFO  ozone.MiniOzoneClusterImpl (MiniOzoneClusterImpl.java:lambda$waitForClusterToBeReady$0(177)) - Nodes are ready. Got 3 of 3 DN Heartbeats.
2020-06-02 23:35:39,058 [Listener at 127.0.0.1/36455] INFO  ozone.MiniOzoneClusterImpl (MiniOzoneClusterImpl.java:lambda$waitForClusterToBeReady$0(180)) - Waiting for cluster to exit safe mode
2020-06-02 23:35:40,059 [Listener at 127.0.0.1/36455] INFO  ozone.MiniOzoneClusterImpl (MiniOzoneClusterImpl.java:lambda$waitForClusterToBeReady$0(177)) - Nodes are ready. Got 3 of 3 DN Heartbeats.
2020-06-02 23:35:40,059 [Listener at 127.0.0.1/36455] INFO  ozone.MiniOzoneClusterImpl (MiniOzoneClusterImpl.java:lambda$waitForClusterToBeReady$0(180)) - Waiting for cluster to exit safe mode
2020-06-02 23:35:41,059 [Listener at 127.0.0.1/36455] INFO  ozone.MiniOzoneClusterImpl (MiniOzoneClusterImpl.java:lambda$waitForClusterToBeReady$0(177)) - Nodes are ready. Got 3 of 3 DN Heartbeats.
2020-06-02 23:35:41,059 [Listener at 127.0.0.1/36455] INFO  ozone.MiniOzoneClusterImpl (MiniOzoneClusterImpl.java:lambda$waitForClusterToBeReady$0(180)) - Waiting for cluster to exit safe mode
2020-06-02 23:35:42,059 [Listener at 127.0.0.1/36455] INFO  ozone.MiniOzoneClusterImpl (MiniOzoneClusterImpl.java:lambda$waitForClusterToBeReady$0(177)) - Nodes are ready. Got 3 of 3 DN Heartbeats.
2020-06-02 23:35:42,059 [Listener at 127.0.0.1/36455] INFO  ozone.MiniOzoneClusterImpl (MiniOzoneClusterImpl.java:lambda$waitForClusterToBeReady$0(180)) - Waiting for cluster to exit safe mode
2020-06-02 23:35:43,060 [Listener at 127.0.0.1/36455] INFO  ozone.MiniOzoneClusterImpl (MiniOzoneClusterImpl.java:lambda$waitForClusterToBeReady$0(177)) - Nodes are ready. Got 3 of 3 DN Heartbeats.
2020-06-02 23:35:43,060 [Listener at 127.0.0.1/36455] INFO  ozone.MiniOzoneClusterImpl (MiniOzoneClusterImpl.java:lambda$waitForClusterToBeReady$0(180)) - Waiting for cluster to exit safe mode
2020-06-02 23:35:44,060 [Listener at 127.0.0.1/36455] INFO  ozone.MiniOzoneClusterImpl (MiniOzoneClusterImpl.java:lambda$waitForClusterToBeReady$0(177)) - Nodes are ready. Got 3 of 3 DN Heartbeats.
2020-06-02 23:35:44,060 [Listener at 127.0.0.1/36455] INFO  ozone.MiniOzoneClusterImpl (MiniOzoneClusterImpl.java:lambda$waitForClusterToBeReady$0(180)) - Waiting for cluster to exit safe mode
2020-06-02 23:35:45,060 [Listener at 127.0.0.1/36455] INFO  ozone.MiniOzoneClusterImpl (MiniOzoneClusterImpl.java:lambda$waitForClusterToBeReady$0(177)) - Nodes are ready. Got 3 of 3 DN Heartbeats.
2020-06-02 23:35:45,061 [Listener at 127.0.0.1/36455] INFO  ozone.MiniOzoneClusterImpl (MiniOzoneClusterImpl.java:lambda$waitForClusterToBeReady$0(180)) - Waiting for cluster to exit safe mode
2020-06-02 23:35:46,061 [Listener at 127.0.0.1/36455] INFO  ozone.MiniOzoneClusterImpl (MiniOzoneClusterImpl.java:lambda$waitForClusterToBeReady$0(177)) - Nodes are ready. Got 3 of 3 DN Heartbeats.
2020-06-02 23:35:46,061 [Listener at 127.0.0.1/36455] INFO  ozone.MiniOzoneClusterImpl (MiniOzoneClusterImpl.java:lambda$waitForClusterToBeReady$0(180)) - Waiting for cluster to exit safe mode
2020-06-02 23:35:47,061 [Listener at 127.0.0.1/36455] INFO  ozone.MiniOzoneClusterImpl (MiniOzoneClusterImpl.java:lambda$waitForClusterToBeReady$0(177)) - Nodes are ready. Got 3 of 3 DN Heartbeats.
2020-06-02 23:35:47,061 [Listener at 127.0.0.1/36455] INFO  ozone.MiniOzoneClusterImpl (MiniOzoneClusterImpl.java:lambda$waitForClusterToBeReady$0(180)) - Waiting for cluster to exit safe mode
2020-06-02 23:35:48,062 [Listener at 127.0.0.1/36455] INFO  ozone.MiniOzoneClusterImpl (MiniOzoneClusterImpl.java:lambda$waitForClusterToBeReady$0(177)) - Nodes are ready. Got 3 of 3 DN Heartbeats.
2020-06-02 23:35:48,062 [Listener at 127.0.0.1/36455] INFO  ozone.MiniOzoneClusterImpl (MiniOzoneClusterImpl.java:lambda$waitForClusterToBeReady$0(180)) - Waiting for cluster to exit safe mode
2020-06-02 23:35:49,062 [Listener at 127.0.0.1/36455] INFO  ozone.MiniOzoneClusterImpl (MiniOzoneClusterImpl.java:lambda$waitForClusterToBeReady$0(177)) - Nodes are ready. Got 3 of 3 DN Heartbeats.
2020-06-02 23:35:49,062 [Listener at 127.0.0.1/36455] INFO  ozone.MiniOzoneClusterImpl (MiniOzoneClusterImpl.java:lambda$waitForClusterToBeReady$0(180)) - Waiting for cluster to exit safe mode
2020-06-02 23:35:50,062 [Listener at 127.0.0.1/36455] INFO  ozone.MiniOzoneClusterImpl (MiniOzoneClusterImpl.java:lambda$waitForClusterToBeReady$0(177)) - Nodes are ready. Got 3 of 3 DN Heartbeats.
2020-06-02 23:35:50,063 [Listener at 127.0.0.1/36455] INFO  ozone.MiniOzoneClusterImpl (MiniOzoneClusterImpl.java:lambda$waitForClusterToBeReady$0(180)) - Waiting for cluster to exit safe mode
2020-06-02 23:35:51,063 [Listener at 127.0.0.1/36455] INFO  ozone.MiniOzoneClusterImpl (MiniOzoneClusterImpl.java:lambda$waitForClusterToBeReady$0(177)) - Nodes are ready. Got 3 of 3 DN Heartbeats.
2020-06-02 23:35:51,063 [Listener at 127.0.0.1/36455] INFO  ozone.MiniOzoneClusterImpl (MiniOzoneClusterImpl.java:lambda$waitForClusterToBeReady$0(180)) - Waiting for cluster to exit safe mode
2020-06-02 23:35:52,063 [Listener at 127.0.0.1/36455] INFO  ozone.MiniOzoneClusterImpl (MiniOzoneClusterImpl.java:lambda$waitForClusterToBeReady$0(177)) - Nodes are ready. Got 3 of 3 DN Heartbeats.
2020-06-02 23:35:52,063 [Listener at 127.0.0.1/36455] INFO  ozone.MiniOzoneClusterImpl (MiniOzoneClusterImpl.java:lambda$waitForClusterToBeReady$0(180)) - Waiting for cluster to exit safe mode
2020-06-02 23:35:53,063 [Listener at 127.0.0.1/36455] INFO  ozone.MiniOzoneClusterImpl (MiniOzoneClusterImpl.java:lambda$waitForClusterToBeReady$0(177)) - Nodes are ready. Got 3 of 3 DN Heartbeats.
2020-06-02 23:35:53,064 [Listener at 127.0.0.1/36455] INFO  ozone.MiniOzoneClusterImpl (MiniOzoneClusterImpl.java:lambda$waitForClusterToBeReady$0(180)) - Waiting for cluster to exit safe mode
2020-06-02 23:35:54,064 [Listener at 127.0.0.1/36455] INFO  ozone.MiniOzoneClusterImpl (MiniOzoneClusterImpl.java:lambda$waitForClusterToBeReady$0(177)) - Nodes are ready. Got 3 of 3 DN Heartbeats.
2020-06-02 23:35:54,064 [Listener at 127.0.0.1/36455] INFO  ozone.MiniOzoneClusterImpl (MiniOzoneClusterImpl.java:lambda$waitForClusterToBeReady$0(180)) - Waiting for cluster to exit safe mode
2020-06-02 23:35:55,064 [Listener at 127.0.0.1/36455] INFO  ozone.MiniOzoneClusterImpl (MiniOzoneClusterImpl.java:lambda$waitForClusterToBeReady$0(177)) - Nodes are ready. Got 3 of 3 DN Heartbeats.
2020-06-02 23:35:55,065 [Listener at 127.0.0.1/36455] INFO  ozone.MiniOzoneClusterImpl (MiniOzoneClusterImpl.java:lambda$waitForClusterToBeReady$0(180)) - Waiting for cluster to exit safe mode
2020-06-02 23:35:56,065 [Listener at 127.0.0.1/36455] INFO  ozone.MiniOzoneClusterImpl (MiniOzoneClusterImpl.java:lambda$waitForClusterToBeReady$0(177)) - Nodes are ready. Got 3 of 3 DN Heartbeats.
2020-06-02 23:35:56,065 [Listener at 127.0.0.1/36455] INFO  ozone.MiniOzoneClusterImpl (MiniOzoneClusterImpl.java:lambda$waitForClusterToBeReady$0(180)) - Waiting for cluster to exit safe mode
2020-06-02 23:35:57,065 [Listener at 127.0.0.1/36455] INFO  ozone.MiniOzoneClusterImpl (MiniOzoneClusterImpl.java:lambda$waitForClusterToBeReady$0(177)) - Nodes are ready. Got 3 of 3 DN Heartbeats.
2020-06-02 23:35:57,065 [Listener at 127.0.0.1/36455] INFO  ozone.MiniOzoneClusterImpl (MiniOzoneClusterImpl.java:lambda$waitForClusterToBeReady$0(180)) - Waiting for cluster to exit safe mode
2020-06-02 23:35:58,065 [Listener at 127.0.0.1/36455] INFO  ozone.MiniOzoneClusterImpl (MiniOzoneClusterImpl.java:lambda$waitForClusterToBeReady$0(177)) - Nodes are ready. Got 3 of 3 DN Heartbeats.
2020-06-02 23:35:58,066 [Listener at 127.0.0.1/36455] INFO  ozone.MiniOzoneClusterImpl (MiniOzoneClusterImpl.java:lambda$waitForClusterToBeReady$0(180)) - Waiting for cluster to exit safe mode
2020-06-02 23:35:59,066 [Listener at 127.0.0.1/36455] INFO  ozone.MiniOzoneClusterImpl (MiniOzoneClusterImpl.java:lambda$waitForClusterToBeReady$0(177)) - Nodes are ready. Got 3 of 3 DN Heartbeats.
2020-06-02 23:35:59,066 [Listener at 127.0.0.1/36455] INFO  ozone.MiniOzoneClusterImpl (MiniOzoneClusterImpl.java:lambda$waitForClusterToBeReady$0(180)) - Waiting for cluster to exit safe mode
2020-06-02 23:36:00,066 [Listener at 127.0.0.1/36455] INFO  ozone.MiniOzoneClusterImpl (MiniOzoneClusterImpl.java:lambda$waitForClusterToBeReady$0(177)) - Nodes are ready. Got 3 of 3 DN Heartbeats.
2020-06-02 23:36:00,066 [Listener at 127.0.0.1/36455] INFO  ozone.MiniOzoneClusterImpl (MiniOzoneClusterImpl.java:lambda$waitForClusterToBeReady$0(180)) - Waiting for cluster to exit safe mode
2020-06-02 23:36:01,067 [Listener at 127.0.0.1/36455] INFO  ozone.MiniOzoneClusterImpl (MiniOzoneClusterImpl.java:lambda$waitForClusterToBeReady$0(177)) - Nodes are ready. Got 3 of 3 DN Heartbeats.
2020-06-02 23:36:01,067 [Listener at 127.0.0.1/36455] INFO  ozone.MiniOzoneClusterImpl (MiniOzoneClusterImpl.java:lambda$waitForClusterToBeReady$0(180)) - Waiting for cluster to exit safe mode
2020-06-02 23:36:02,067 [Listener at 127.0.0.1/36455] INFO  ozone.MiniOzoneClusterImpl (MiniOzoneClusterImpl.java:lambda$waitForClusterToBeReady$0(177)) - Nodes are ready. Got 3 of 3 DN Heartbeats.
2020-06-02 23:36:02,067 [Listener at 127.0.0.1/36455] INFO  ozone.MiniOzoneClusterImpl (MiniOzoneClusterImpl.java:lambda$waitForClusterToBeReady$0(180)) - Waiting for cluster to exit safe mode
2020-06-02 23:36:03,067 [Listener at 127.0.0.1/36455] INFO  ozone.MiniOzoneClusterImpl (MiniOzoneClusterImpl.java:lambda$waitForClusterToBeReady$0(177)) - Nodes are ready. Got 3 of 3 DN Heartbeats.
2020-06-02 23:36:03,068 [Listener at 127.0.0.1/36455] INFO  ozone.MiniOzoneClusterImpl (MiniOzoneClusterImpl.java:lambda$waitForClusterToBeReady$0(180)) - Waiting for cluster to exit safe mode
2020-06-02 23:36:04,068 [Listener at 127.0.0.1/36455] INFO  ozone.MiniOzoneClusterImpl (MiniOzoneClusterImpl.java:lambda$waitForClusterToBeReady$0(177)) - Nodes are ready. Got 3 of 3 DN Heartbeats.
2020-06-02 23:36:04,068 [Listener at 127.0.0.1/36455] INFO  ozone.MiniOzoneClusterImpl (MiniOzoneClusterImpl.java:lambda$waitForClusterToBeReady$0(180)) - Waiting for cluster to exit safe mode
2020-06-02 23:36:05,068 [Listener at 127.0.0.1/36455] INFO  ozone.MiniOzoneClusterImpl (MiniOzoneClusterImpl.java:lambda$waitForClusterToBeReady$0(177)) - Nodes are ready. Got 3 of 3 DN Heartbeats.
2020-06-02 23:36:05,068 [Listener at 127.0.0.1/36455] INFO  ozone.MiniOzoneClusterImpl (MiniOzoneClusterImpl.java:lambda$waitForClusterToBeReady$0(180)) - Waiting for cluster to exit safe mode
2020-06-02 23:36:06,068 [Listener at 127.0.0.1/36455] INFO  ozone.MiniOzoneClusterImpl (MiniOzoneClusterImpl.java:lambda$waitForClusterToBeReady$0(177)) - Nodes are ready. Got 3 of 3 DN Heartbeats.
2020-06-02 23:36:06,069 [Listener at 127.0.0.1/36455] INFO  ozone.MiniOzoneClusterImpl (MiniOzoneClusterImpl.java:lambda$waitForClusterToBeReady$0(180)) - Waiting for cluster to exit safe mode
2020-06-02 23:36:07,069 [Listener at 127.0.0.1/36455] INFO  ozone.MiniOzoneClusterImpl (MiniOzoneClusterImpl.java:lambda$waitForClusterToBeReady$0(177)) - Nodes are ready. Got 3 of 3 DN Heartbeats.
2020-06-02 23:36:07,069 [Listener at 127.0.0.1/36455] INFO  ozone.MiniOzoneClusterImpl (MiniOzoneClusterImpl.java:lambda$waitForClusterToBeReady$0(180)) - Waiting for cluster to exit safe mode
2020-06-02 23:36:08,069 [Listener at 127.0.0.1/36455] INFO  ozone.MiniOzoneClusterImpl (MiniOzoneClusterImpl.java:lambda$waitForClusterToBeReady$0(177)) - Nodes are ready. Got 3 of 3 DN Heartbeats.
2020-06-02 23:36:08,069 [Listener at 127.0.0.1/36455] INFO  ozone.MiniOzoneClusterImpl (MiniOzoneClusterImpl.java:lambda$waitForClusterToBeReady$0(180)) - Waiting for cluster to exit safe mode
2020-06-02 23:36:09,070 [Listener at 127.0.0.1/36455] INFO  ozone.MiniOzoneClusterImpl (MiniOzoneClusterImpl.java:lambda$waitForClusterToBeReady$0(177)) - Nodes are ready. Got 3 of 3 DN Heartbeats.
2020-06-02 23:36:09,070 [Listener at 127.0.0.1/36455] INFO  ozone.MiniOzoneClusterImpl (MiniOzoneClusterImpl.java:lambda$waitForClusterToBeReady$0(180)) - Waiting for cluster to exit safe mode
2020-06-02 23:36:10,070 [Listener at 127.0.0.1/36455] INFO  ozone.MiniOzoneClusterImpl (MiniOzoneClusterImpl.java:lambda$waitForClusterToBeReady$0(177)) - Nodes are ready. Got 3 of 3 DN Heartbeats.
2020-06-02 23:36:10,070 [Listener at 127.0.0.1/36455] INFO  ozone.MiniOzoneClusterImpl (MiniOzoneClusterImpl.java:lambda$waitForClusterToBeReady$0(180)) - Waiting for cluster to exit safe mode
2020-06-02 23:36:11,070 [Listener at 127.0.0.1/36455] INFO  ozone.MiniOzoneClusterImpl (MiniOzoneClusterImpl.java:lambda$waitForClusterToBeReady$0(177)) - Nodes are ready. Got 3 of 3 DN Heartbeats.
2020-06-02 23:36:11,071 [Listener at 127.0.0.1/36455] INFO  ozone.MiniOzoneClusterImpl (MiniOzoneClusterImpl.java:lambda$waitForClusterToBeReady$0(180)) - Waiting for cluster to exit safe mode
2020-06-02 23:36:12,071 [Listener at 127.0.0.1/36455] INFO  ozone.MiniOzoneClusterImpl (MiniOzoneClusterImpl.java:lambda$waitForClusterToBeReady$0(177)) - Nodes are ready. Got 3 of 3 DN Heartbeats.
2020-06-02 23:36:12,071 [Listener at 127.0.0.1/36455] INFO  ozone.MiniOzoneClusterImpl (MiniOzoneClusterImpl.java:lambda$waitForClusterToBeReady$0(180)) - Waiting for cluster to exit safe mode
2020-06-02 23:36:13,071 [Listener at 127.0.0.1/36455] INFO  ozone.MiniOzoneClusterImpl (MiniOzoneClusterImpl.java:lambda$waitForClusterToBeReady$0(177)) - Nodes are ready. Got 3 of 3 DN Heartbeats.
2020-06-02 23:36:13,071 [Listener at 127.0.0.1/36455] INFO  ozone.MiniOzoneClusterImpl (MiniOzoneClusterImpl.java:lambda$waitForClusterToBeReady$0(180)) - Waiting for cluster to exit safe mode
2020-06-02 23:36:14,072 [Listener at 127.0.0.1/36455] INFO  ozone.MiniOzoneClusterImpl (MiniOzoneClusterImpl.java:lambda$waitForClusterToBeReady$0(177)) - Nodes are ready. Got 3 of 3 DN Heartbeats.
2020-06-02 23:36:14,072 [Listener at 127.0.0.1/36455] INFO  ozone.MiniOzoneClusterImpl (MiniOzoneClusterImpl.java:lambda$waitForClusterToBeReady$0(180)) - Waiting for cluster to exit safe mode
2020-06-02 23:36:15,072 [Listener at 127.0.0.1/36455] INFO  ozone.MiniOzoneClusterImpl (MiniOzoneClusterImpl.java:lambda$waitForClusterToBeReady$0(177)) - Nodes are ready. Got 3 of 3 DN Heartbeats.
2020-06-02 23:36:15,072 [Listener at 127.0.0.1/36455] INFO  ozone.MiniOzoneClusterImpl (MiniOzoneClusterImpl.java:lambda$waitForClusterToBeReady$0(180)) - Waiting for cluster to exit safe mode
2020-06-02 23:36:16,072 [Listener at 127.0.0.1/36455] INFO  ozone.MiniOzoneClusterImpl (MiniOzoneClusterImpl.java:lambda$waitForClusterToBeReady$0(177)) - Nodes are ready. Got 3 of 3 DN Heartbeats.
2020-06-02 23:36:16,073 [Listener at 127.0.0.1/36455] INFO  ozone.MiniOzoneClusterImpl (MiniOzoneClusterImpl.java:lambda$waitForClusterToBeReady$0(180)) - Waiting for cluster to exit safe mode
2020-06-02 23:36:17,073 [Listener at 127.0.0.1/36455] INFO  ozone.MiniOzoneClusterImpl (MiniOzoneClusterImpl.java:lambda$waitForClusterToBeReady$0(177)) - Nodes are ready. Got 3 of 3 DN Heartbeats.
2020-06-02 23:36:17,073 [Listener at 127.0.0.1/36455] INFO  ozone.MiniOzoneClusterImpl (MiniOzoneClusterImpl.java:lambda$waitForClusterToBeReady$0(180)) - Waiting for cluster to exit safe mode
2020-06-02 23:36:18,073 [Listener at 127.0.0.1/36455] INFO  ozone.MiniOzoneClusterImpl (MiniOzoneClusterImpl.java:lambda$waitForClusterToBeReady$0(177)) - Nodes are ready. Got 3 of 3 DN Heartbeats.
2020-06-02 23:36:18,073 [Listener at 127.0.0.1/36455] INFO  ozone.MiniOzoneClusterImpl (MiniOzoneClusterImpl.java:lambda$waitForClusterToBeReady$0(180)) - Waiting for cluster to exit safe mode
2020-06-02 23:36:19,074 [Listener at 127.0.0.1/36455] INFO  ozone.MiniOzoneClusterImpl (MiniOzoneClusterImpl.java:lambda$waitForClusterToBeReady$0(177)) - Nodes are ready. Got 3 of 3 DN Heartbeats.
2020-06-02 23:36:19,074 [Listener at 127.0.0.1/36455] INFO  ozone.MiniOzoneClusterImpl (MiniOzoneClusterImpl.java:lambda$waitForClusterToBeReady$0(180)) - Waiting for cluster to exit safe mode
2020-06-02 23:36:20,074 [Listener at 127.0.0.1/36455] INFO  ozone.MiniOzoneClusterImpl (MiniOzoneClusterImpl.java:lambda$waitForClusterToBeReady$0(177)) - Nodes are ready. Got 3 of 3 DN Heartbeats.
2020-06-02 23:36:20,074 [Listener at 127.0.0.1/36455] INFO  ozone.MiniOzoneClusterImpl (MiniOzoneClusterImpl.java:lambda$waitForClusterToBeReady$0(180)) - Waiting for cluster to exit safe mode
2020-06-02 23:36:21,074 [Listener at 127.0.0.1/36455] INFO  ozone.MiniOzoneClusterImpl (MiniOzoneClusterImpl.java:lambda$waitForClusterToBeReady$0(177)) - Nodes are ready. Got 3 of 3 DN Heartbeats.
2020-06-02 23:36:21,075 [Listener at 127.0.0.1/36455] INFO  ozone.MiniOzoneClusterImpl (MiniOzoneClusterImpl.java:lambda$waitForClusterToBeReady$0(180)) - Waiting for cluster to exit safe mode
2020-06-02 23:36:22,075 [Listener at 127.0.0.1/36455] INFO  ozone.MiniOzoneClusterImpl (MiniOzoneClusterImpl.java:lambda$waitForClusterToBeReady$0(177)) - Nodes are ready. Got 3 of 3 DN Heartbeats.
2020-06-02 23:36:22,075 [Listener at 127.0.0.1/36455] INFO  ozone.MiniOzoneClusterImpl (MiniOzoneClusterImpl.java:lambda$waitForClusterToBeReady$0(180)) - Waiting for cluster to exit safe mode
2020-06-02 23:36:23,075 [Listener at 127.0.0.1/36455] INFO  ozone.MiniOzoneClusterImpl (MiniOzoneClusterImpl.java:lambda$waitForClusterToBeReady$0(177)) - Nodes are ready. Got 3 of 3 DN Heartbeats.
2020-06-02 23:36:23,075 [Listener at 127.0.0.1/36455] INFO  ozone.MiniOzoneClusterImpl (MiniOzoneClusterImpl.java:lambda$waitForClusterToBeReady$0(180)) - Waiting for cluster to exit safe mode
2020-06-02 23:36:24,075 [Listener at 127.0.0.1/36455] INFO  ozone.MiniOzoneClusterImpl (MiniOzoneClusterImpl.java:lambda$waitForClusterToBeReady$0(177)) - Nodes are ready. Got 3 of 3 DN Heartbeats.
2020-06-02 23:36:24,076 [Listener at 127.0.0.1/36455] INFO  ozone.MiniOzoneClusterImpl (MiniOzoneClusterImpl.java:lambda$waitForClusterToBeReady$0(180)) - Waiting for cluster to exit safe mode
2020-06-02 23:36:25,076 [Listener at 127.0.0.1/36455] INFO  ozone.MiniOzoneClusterImpl (MiniOzoneClusterImpl.java:lambda$waitForClusterToBeReady$0(177)) - Nodes are ready. Got 3 of 3 DN Heartbeats.
2020-06-02 23:36:25,076 [Listener at 127.0.0.1/36455] INFO  ozone.MiniOzoneClusterImpl (MiniOzoneClusterImpl.java:lambda$waitForClusterToBeReady$0(180)) - Waiting for cluster to exit safe mode
2020-06-02 23:36:26,076 [Listener at 127.0.0.1/36455] INFO  ozone.MiniOzoneClusterImpl (MiniOzoneClusterImpl.java:lambda$waitForClusterToBeReady$0(177)) - Nodes are ready. Got 3 of 3 DN Heartbeats.
2020-06-02 23:36:26,076 [Listener at 127.0.0.1/36455] INFO  ozone.MiniOzoneClusterImpl (MiniOzoneClusterImpl.java:lambda$waitForClusterToBeReady$0(180)) - Waiting for cluster to exit safe mode
2020-06-02 23:36:27,077 [Listener at 127.0.0.1/36455] INFO  ozone.MiniOzoneClusterImpl (MiniOzoneClusterImpl.java:lambda$waitForClusterToBeReady$0(177)) - Nodes are ready. Got 3 of 3 DN Heartbeats.
2020-06-02 23:36:27,077 [Listener at 127.0.0.1/36455] INFO  ozone.MiniOzoneClusterImpl (MiniOzoneClusterImpl.java:lambda$waitForClusterToBeReady$0(180)) - Waiting for cluster to exit safe mode
2020-06-02 23:36:28,077 [Listener at 127.0.0.1/36455] INFO  ozone.MiniOzoneClusterImpl (MiniOzoneClusterImpl.java:lambda$waitForClusterToBeReady$0(177)) - Nodes are ready. Got 3 of 3 DN Heartbeats.
2020-06-02 23:36:28,077 [Listener at 127.0.0.1/36455] INFO  ozone.MiniOzoneClusterImpl (MiniOzoneClusterImpl.java:lambda$waitForClusterToBeReady$0(180)) - Waiting for cluster to exit safe mode
2020-06-02 23:36:29,077 [Listener at 127.0.0.1/36455] INFO  ozone.MiniOzoneClusterImpl (MiniOzoneClusterImpl.java:lambda$waitForClusterToBeReady$0(177)) - Nodes are ready. Got 3 of 3 DN Heartbeats.
2020-06-02 23:36:29,078 [Listener at 127.0.0.1/36455] INFO  ozone.MiniOzoneClusterImpl (MiniOzoneClusterImpl.java:lambda$waitForClusterToBeReady$0(180)) - Waiting for cluster to exit safe mode
2020-06-02 23:36:30,078 [Listener at 127.0.0.1/36455] INFO  ozone.MiniOzoneClusterImpl (MiniOzoneClusterImpl.java:lambda$waitForClusterToBeReady$0(177)) - Nodes are ready. Got 3 of 3 DN Heartbeats.
2020-06-02 23:36:30,078 [Listener at 127.0.0.1/36455] INFO  ozone.MiniOzoneClusterImpl (MiniOzoneClusterImpl.java:lambda$waitForClusterToBeReady$0(180)) - Waiting for cluster to exit safe mode
2020-06-02 23:36:31,078 [Listener at 127.0.0.1/36455] INFO  ozone.MiniOzoneClusterImpl (MiniOzoneClusterImpl.java:lambda$waitForClusterToBeReady$0(177)) - Nodes are ready. Got 3 of 3 DN Heartbeats.
2020-06-02 23:36:31,078 [Listener at 127.0.0.1/36455] INFO  ozone.MiniOzoneClusterImpl (MiniOzoneClusterImpl.java:lambda$waitForClusterToBeReady$0(180)) - Waiting for cluster to exit safe mode
2020-06-02 23:36:32,078 [Listener at 127.0.0.1/36455] INFO  ozone.MiniOzoneClusterImpl (MiniOzoneClusterImpl.java:lambda$waitForClusterToBeReady$0(177)) - Nodes are ready. Got 3 of 3 DN Heartbeats.
2020-06-02 23:36:32,079 [Listener at 127.0.0.1/36455] INFO  ozone.MiniOzoneClusterImpl (MiniOzoneClusterImpl.java:lambda$waitForClusterToBeReady$0(180)) - Waiting for cluster to exit safe mode
2020-06-02 23:36:33,079 [Listener at 127.0.0.1/36455] INFO  ozone.MiniOzoneClusterImpl (MiniOzoneClusterImpl.java:lambda$waitForClusterToBeReady$0(177)) - Nodes are ready. Got 3 of 3 DN Heartbeats.
2020-06-02 23:36:33,079 [Listener at 127.0.0.1/36455] INFO  ozone.MiniOzoneClusterImpl (MiniOzoneClusterImpl.java:lambda$waitForClusterToBeReady$0(180)) - Waiting for cluster to exit safe mode
2020-06-02 23:36:34,079 [Listener at 127.0.0.1/36455] INFO  ozone.MiniOzoneClusterImpl (MiniOzoneClusterImpl.java:lambda$waitForClusterToBeReady$0(177)) - Nodes are ready. Got 3 of 3 DN Heartbeats.
2020-06-02 23:36:34,079 [Listener at 127.0.0.1/36455] INFO  ozone.MiniOzoneClusterImpl (MiniOzoneClusterImpl.java:lambda$waitForClusterToBeReady$0(180)) - Waiting for cluster to exit safe mode
2020-06-02 23:36:35,080 [Listener at 127.0.0.1/36455] INFO  ozone.MiniOzoneClusterImpl (MiniOzoneClusterImpl.java:lambda$waitForClusterToBeReady$0(177)) - Nodes are ready. Got 3 of 3 DN Heartbeats.
2020-06-02 23:36:35,080 [Listener at 127.0.0.1/36455] INFO  ozone.MiniOzoneClusterImpl (MiniOzoneClusterImpl.java:lambda$waitForClusterToBeReady$0(180)) - Waiting for cluster to exit safe mode
2020-06-02 23:36:36,080 [Listener at 127.0.0.1/36455] INFO  ozone.MiniOzoneClusterImpl (MiniOzoneClusterImpl.java:lambda$waitForClusterToBeReady$0(177)) - Nodes are ready. Got 3 of 3 DN Heartbeats.
2020-06-02 23:36:36,080 [Listener at 127.0.0.1/36455] INFO  ozone.MiniOzoneClusterImpl (MiniOzoneClusterImpl.java:lambda$waitForClusterToBeReady$0(180)) - Waiting for cluster to exit safe mode
2020-06-02 23:36:37,080 [Listener at 127.0.0.1/36455] INFO  ozone.MiniOzoneClusterImpl (MiniOzoneClusterImpl.java:lambda$waitForClusterToBeReady$0(177)) - Nodes are ready. Got 3 of 3 DN Heartbeats.
2020-06-02 23:36:37,081 [Listener at 127.0.0.1/36455] INFO  ozone.MiniOzoneClusterImpl (MiniOzoneClusterImpl.java:lambda$waitForClusterToBeReady$0(180)) - Waiting for cluster to exit safe mode
2020-06-02 23:36:38,081 [Listener at 127.0.0.1/36455] INFO  ozone.MiniOzoneClusterImpl (MiniOzoneClusterImpl.java:lambda$waitForClusterToBeReady$0(177)) - Nodes are ready. Got 3 of 3 DN Heartbeats.
2020-06-02 23:36:38,081 [Listener at 127.0.0.1/36455] INFO  ozone.MiniOzoneClusterImpl (MiniOzoneClusterImpl.java:lambda$waitForClusterToBeReady$0(180)) - Waiting for cluster to exit safe mode
2020-06-02 23:36:39,081 [Listener at 127.0.0.1/36455] INFO  ozone.MiniOzoneClusterImpl (MiniOzoneClusterImpl.java:lambda$waitForClusterToBeReady$0(177)) - Nodes are ready. Got 3 of 3 DN Heartbeats.
2020-06-02 23:36:39,081 [Listener at 127.0.0.1/36455] INFO  ozone.MiniOzoneClusterImpl (MiniOzoneClusterImpl.java:lambda$waitForClusterToBeReady$0(180)) - Waiting for cluster to exit safe mode
2020-06-02 23:36:40,082 [Listener at 127.0.0.1/36455] INFO  ozone.MiniOzoneClusterImpl (MiniOzoneClusterImpl.java:lambda$waitForClusterToBeReady$0(177)) - Nodes are ready. Got 3 of 3 DN Heartbeats.
2020-06-02 23:36:40,082 [Listener at 127.0.0.1/36455] INFO  ozone.MiniOzoneClusterImpl (MiniOzoneClusterImpl.java:lambda$waitForClusterToBeReady$0(180)) - Waiting for cluster to exit safe mode
2020-06-02 23:36:41,082 [Listener at 127.0.0.1/36455] INFO  ozone.MiniOzoneClusterImpl (MiniOzoneClusterImpl.java:lambda$waitForClusterToBeReady$0(177)) - Nodes are ready. Got 3 of 3 DN Heartbeats.
2020-06-02 23:36:41,082 [Listener at 127.0.0.1/36455] INFO  ozone.MiniOzoneClusterImpl (MiniOzoneClusterImpl.java:lambda$waitForClusterToBeReady$0(180)) - Waiting for cluster to exit safe mode
2020-06-02 23:36:42,082 [Listener at 127.0.0.1/36455] INFO  ozone.MiniOzoneClusterImpl (MiniOzoneClusterImpl.java:lambda$waitForClusterToBeReady$0(177)) - Nodes are ready. Got 3 of 3 DN Heartbeats.
2020-06-02 23:36:42,083 [Listener at 127.0.0.1/36455] INFO  ozone.MiniOzoneClusterImpl (MiniOzoneClusterImpl.java:lambda$waitForClusterToBeReady$0(180)) - Waiting for cluster to exit safe mode
2020-06-02 23:36:43,083 [Listener at 127.0.0.1/36455] INFO  ozone.MiniOzoneClusterImpl (MiniOzoneClusterImpl.java:lambda$waitForClusterToBeReady$0(177)) - Nodes are ready. Got 3 of 3 DN Heartbeats.
2020-06-02 23:36:43,083 [Listener at 127.0.0.1/36455] INFO  ozone.MiniOzoneClusterImpl (MiniOzoneClusterImpl.java:lambda$waitForClusterToBeReady$0(180)) - Waiting for cluster to exit safe mode
2020-06-02 23:36:44,083 [Listener at 127.0.0.1/36455] INFO  ozone.MiniOzoneClusterImpl (MiniOzoneClusterImpl.java:lambda$waitForClusterToBeReady$0(177)) - Nodes are ready. Got 3 of 3 DN Heartbeats.
2020-06-02 23:36:44,084 [Listener at 127.0.0.1/36455] INFO  ozone.MiniOzoneClusterImpl (MiniOzoneClusterImpl.java:lambda$waitForClusterToBeReady$0(180)) - Waiting for cluster to exit safe mode
2020-06-02 23:36:45,084 [Listener at 127.0.0.1/36455] INFO  ozone.MiniOzoneClusterImpl (MiniOzoneClusterImpl.java:lambda$waitForClusterToBeReady$0(177)) - Nodes are ready. Got 3 of 3 DN Heartbeats.
2020-06-02 23:36:45,084 [Listener at 127.0.0.1/36455] INFO  ozone.MiniOzoneClusterImpl (MiniOzoneClusterImpl.java:lambda$waitForClusterToBeReady$0(180)) - Waiting for cluster to exit safe mode
2020-06-02 23:36:46,084 [Listener at 127.0.0.1/36455] INFO  ozone.MiniOzoneClusterImpl (MiniOzoneClusterImpl.java:lambda$waitForClusterToBeReady$0(177)) - Nodes are ready. Got 3 of 3 DN Heartbeats.
2020-06-02 23:36:46,084 [Listener at 127.0.0.1/36455] INFO  ozone.MiniOzoneClusterImpl (MiniOzoneClusterImpl.java:lambda$waitForClusterToBeReady$0(180)) - Waiting for cluster to exit safe mode
2020-06-02 23:36:47,084 [Listener at 127.0.0.1/36455] INFO  ozone.MiniOzoneClusterImpl (MiniOzoneClusterImpl.java:lambda$waitForClusterToBeReady$0(177)) - Nodes are ready. Got 3 of 3 DN Heartbeats.
2020-06-02 23:36:47,085 [Listener at 127.0.0.1/36455] INFO  ozone.MiniOzoneClusterImpl (MiniOzoneClusterImpl.java:lambda$waitForClusterToBeReady$0(180)) - Waiting for cluster to exit safe mode
2020-06-02 23:36:48,085 [Listener at 127.0.0.1/36455] INFO  ozone.MiniOzoneClusterImpl (MiniOzoneClusterImpl.java:lambda$waitForClusterToBeReady$0(177)) - Nodes are ready. Got 3 of 3 DN Heartbeats.
2020-06-02 23:36:48,085 [Listener at 127.0.0.1/36455] INFO  ozone.MiniOzoneClusterImpl (MiniOzoneClusterImpl.java:lambda$waitForClusterToBeReady$0(180)) - Waiting for cluster to exit safe mode
2020-06-02 23:36:49,085 [Listener at 127.0.0.1/36455] INFO  ozone.MiniOzoneClusterImpl (MiniOzoneClusterImpl.java:lambda$waitForClusterToBeReady$0(177)) - Nodes are ready. Got 3 of 3 DN Heartbeats.
2020-06-02 23:36:49,086 [Listener at 127.0.0.1/36455] INFO  ozone.MiniOzoneClusterImpl (MiniOzoneClusterImpl.java:lambda$waitForClusterToBeReady$0(180)) - Waiting for cluster to exit safe mode
2020-06-02 23:36:49,771 [EventQueue-StaleNodeForStaleNodeHandler] INFO  node.StaleNodeHandler (StaleNodeHandler.java:onMessage(58)) - Datanode 46593078-1315-442c-91b1-b92b4f012500{ip: 172.17.0.2, host: 4c74825c5481, networkLocation: /default-rack, certSerialId: null} moved to stale state. Finalizing its pipelines [PipelineID=e2604452-834b-4c6b-904e-a77cad7ca71c, PipelineID=8835cd55-6e5d-4da3-9599-e2dbf971a61d]
2020-06-02 23:36:49,771 [EventQueue-StaleNodeForStaleNodeHandler] INFO  pipeline.SCMPipelineManager (SCMPipelineManager.java:finalizeAndDestroyPipeline(397)) - Destroying pipeline:Pipeline[ Id: e2604452-834b-4c6b-904e-a77cad7ca71c, Nodes: 46593078-1315-442c-91b1-b92b4f012500{ip: 172.17.0.2, host: 4c74825c5481, networkLocation: /default-rack, certSerialId: null}, Type:RATIS, Factor:ONE, State:ALLOCATED, leaderId:null, CreationTimestamp2020-06-02T23:35:06.771Z]
2020-06-02 23:36:49,772 [EventQueue-StaleNodeForStaleNodeHandler] INFO  pipeline.PipelineStateManager (PipelineStateManager.java:finalizePipeline(120)) - Pipeline Pipeline[ Id: e2604452-834b-4c6b-904e-a77cad7ca71c, Nodes: 46593078-1315-442c-91b1-b92b4f012500{ip: 172.17.0.2, host: 4c74825c5481, networkLocation: /default-rack, certSerialId: null}, Type:RATIS, Factor:ONE, State:CLOSED, leaderId:null, CreationTimestamp2020-06-02T23:35:06.771Z] moved to CLOSED state
2020-06-02 23:36:49,780 [EventQueue-StaleNodeForStaleNodeHandler] INFO  pipeline.SCMPipelineManager (SCMPipelineManager.java:finalizeAndDestroyPipeline(397)) - Destroying pipeline:Pipeline[ Id: 8835cd55-6e5d-4da3-9599-e2dbf971a61d, Nodes: 43006955-015f-42cd-b925-cfd3ac6ee1ce{ip: 172.17.0.2, host: 4c74825c5481, networkLocation: /default-rack, certSerialId: null}46593078-1315-442c-91b1-b92b4f012500{ip: 172.17.0.2, host: 4c74825c5481, networkLocation: /default-rack, certSerialId: null}dd4333e9-7965-46b1-a2b1-cee7aab213b7{ip: 172.17.0.2, host: 4c74825c5481, networkLocation: /default-rack, certSerialId: null}, Type:RATIS, Factor:THREE, State:ALLOCATED, leaderId:null, CreationTimestamp2020-06-02T23:35:07.047Z]
2020-06-02 23:36:49,780 [EventQueue-StaleNodeForStaleNodeHandler] INFO  pipeline.PipelineStateManager (PipelineStateManager.java:finalizePipeline(120)) - Pipeline Pipeline[ Id: 8835cd55-6e5d-4da3-9599-e2dbf971a61d, Nodes: 43006955-015f-42cd-b925-cfd3ac6ee1ce{ip: 172.17.0.2, host: 4c74825c5481, networkLocation: /default-rack, certSerialId: null}46593078-1315-442c-91b1-b92b4f012500{ip: 172.17.0.2, host: 4c74825c5481, networkLocation: /default-rack, certSerialId: null}dd4333e9-7965-46b1-a2b1-cee7aab213b7{ip: 172.17.0.2, host: 4c74825c5481, networkLocation: /default-rack, certSerialId: null}, Type:RATIS, Factor:THREE, State:CLOSED, leaderId:null, CreationTimestamp2020-06-02T23:35:07.047Z] moved to CLOSED state
2020-06-02 23:36:49,971 [EventQueue-StaleNodeForStaleNodeHandler] INFO  node.StaleNodeHandler (StaleNodeHandler.java:onMessage(58)) - Datanode dd4333e9-7965-46b1-a2b1-cee7aab213b7{ip: 172.17.0.2, host: 4c74825c5481, networkLocation: /default-rack, certSerialId: null} moved to stale state. Finalizing its pipelines [PipelineID=8835cd55-6e5d-4da3-9599-e2dbf971a61d, PipelineID=2b63aa56-b6c4-40a7-a1ef-0a2cc78894b9]
2020-06-02 23:36:49,971 [EventQueue-StaleNodeForStaleNodeHandler] INFO  pipeline.SCMPipelineManager (SCMPipelineManager.java:finalizeAndDestroyPipeline(397)) - Destroying pipeline:Pipeline[ Id: 8835cd55-6e5d-4da3-9599-e2dbf971a61d, Nodes: 43006955-015f-42cd-b925-cfd3ac6ee1ce{ip: 172.17.0.2, host: 4c74825c5481, networkLocation: /default-rack, certSerialId: null}46593078-1315-442c-91b1-b92b4f012500{ip: 172.17.0.2, host: 4c74825c5481, networkLocation: /default-rack, certSerialId: null}dd4333e9-7965-46b1-a2b1-cee7aab213b7{ip: 172.17.0.2, host: 4c74825c5481, networkLocation: /default-rack, certSerialId: null}, Type:RATIS, Factor:THREE, State:CLOSED, leaderId:null, CreationTimestamp2020-06-02T23:35:07.047Z]
2020-06-02 23:36:49,971 [EventQueue-StaleNodeForStaleNodeHandler] INFO  pipeline.SCMPipelineManager (SCMPipelineManager.java:finalizeAndDestroyPipeline(397)) - Destroying pipeline:Pipeline[ Id: 2b63aa56-b6c4-40a7-a1ef-0a2cc78894b9, Nodes: dd4333e9-7965-46b1-a2b1-cee7aab213b7{ip: 172.17.0.2, host: 4c74825c5481, networkLocation: /default-rack, certSerialId: null}, Type:RATIS, Factor:ONE, State:ALLOCATED, leaderId:null, CreationTimestamp2020-06-02T23:35:06.911Z]
2020-06-02 23:36:49,971 [EventQueue-StaleNodeForStaleNodeHandler] INFO  pipeline.PipelineStateManager (PipelineStateManager.java:finalizePipeline(120)) - Pipeline Pipeline[ Id: 2b63aa56-b6c4-40a7-a1ef-0a2cc78894b9, Nodes: dd4333e9-7965-46b1-a2b1-cee7aab213b7{ip: 172.17.0.2, host: 4c74825c5481, networkLocation: /default-rack, certSerialId: null}, Type:RATIS, Factor:ONE, State:CLOSED, leaderId:null, CreationTimestamp2020-06-02T23:35:06.911Z] moved to CLOSED state
2020-06-02 23:36:50,071 [EventQueue-StaleNodeForStaleNodeHandler] INFO  node.StaleNodeHandler (StaleNodeHandler.java:onMessage(58)) - Datanode 43006955-015f-42cd-b925-cfd3ac6ee1ce{ip: 172.17.0.2, host: 4c74825c5481, networkLocation: /default-rack, certSerialId: null} moved to stale state. Finalizing its pipelines [PipelineID=8835cd55-6e5d-4da3-9599-e2dbf971a61d, PipelineID=5212f080-501b-4715-8d72-62eb59b96157]
2020-06-02 23:36:50,071 [EventQueue-StaleNodeForStaleNodeHandler] INFO  pipeline.SCMPipelineManager (SCMPipelineManager.java:finalizeAndDestroyPipeline(397)) - Destroying pipeline:Pipeline[ Id: 8835cd55-6e5d-4da3-9599-e2dbf971a61d, Nodes: 43006955-015f-42cd-b925-cfd3ac6ee1ce{ip: 172.17.0.2, host: 4c74825c5481, networkLocation: /default-rack, certSerialId: null}46593078-1315-442c-91b1-b92b4f012500{ip: 172.17.0.2, host: 4c74825c5481, networkLocation: /default-rack, certSerialId: null}dd4333e9-7965-46b1-a2b1-cee7aab213b7{ip: 172.17.0.2, host: 4c74825c5481, networkLocation: /default-rack, certSerialId: null}, Type:RATIS, Factor:THREE, State:CLOSED, leaderId:null, CreationTimestamp2020-06-02T23:35:07.047Z]
2020-06-02 23:36:50,071 [EventQueue-StaleNodeForStaleNodeHandler] INFO  pipeline.SCMPipelineManager (SCMPipelineManager.java:finalizeAndDestroyPipeline(397)) - Destroying pipeline:Pipeline[ Id: 5212f080-501b-4715-8d72-62eb59b96157, Nodes: 43006955-015f-42cd-b925-cfd3ac6ee1ce{ip: 172.17.0.2, host: 4c74825c5481, networkLocation: /default-rack, certSerialId: null}, Type:RATIS, Factor:ONE, State:ALLOCATED, leaderId:null, CreationTimestamp2020-06-02T23:35:07.041Z]
2020-06-02 23:36:50,072 [EventQueue-StaleNodeForStaleNodeHandler] INFO  pipeline.PipelineStateManager (PipelineStateManager.java:finalizePipeline(120)) - Pipeline Pipeline[ Id: 5212f080-501b-4715-8d72-62eb59b96157, Nodes: 43006955-015f-42cd-b925-cfd3ac6ee1ce{ip: 172.17.0.2, host: 4c74825c5481, networkLocation: /default-rack, certSerialId: null}, Type:RATIS, Factor:ONE, State:CLOSED, leaderId:null, CreationTimestamp2020-06-02T23:35:07.041Z] moved to CLOSED state
2020-06-02 23:36:50,086 [Listener at 127.0.0.1/36455] INFO  ozone.MiniOzoneClusterImpl (MiniOzoneClusterImpl.java:lambda$waitForClusterToBeReady$0(177)) - Waiting for nodes to be ready. Got 0 of 3 DN Heartbeats.
2020-06-02 23:36:50,094 [Listener at 127.0.0.1/36455] INFO  ozone.MiniOzoneClusterImpl (MiniOzoneClusterImpl.java:lambda$waitForClusterToBeReady$0(180)) - Waiting for cluster to exit safe mode
2020-06-02 23:36:51,094 [Listener at 127.0.0.1/36455] INFO  ozone.MiniOzoneClusterImpl (MiniOzoneClusterImpl.java:lambda$waitForClusterToBeReady$0(177)) - Waiting for nodes to be ready. Got 0 of 3 DN Heartbeats.
2020-06-02 23:36:51,094 [Listener at 127.0.0.1/36455] INFO  ozone.MiniOzoneClusterImpl (MiniOzoneClusterImpl.java:lambda$waitForClusterToBeReady$0(180)) - Waiting for cluster to exit safe mode
2020-06-02 23:36:52,094 [Listener at 127.0.0.1/36455] INFO  ozone.MiniOzoneClusterImpl (MiniOzoneClusterImpl.java:lambda$waitForClusterToBeReady$0(177)) - Waiting for nodes to be ready. Got 0 of 3 DN Heartbeats.
2020-06-02 23:36:52,095 [Listener at 127.0.0.1/36455] INFO  ozone.MiniOzoneClusterImpl (MiniOzoneClusterImpl.java:lambda$waitForClusterToBeReady$0(180)) - Waiting for cluster to exit safe mode
2020-06-02 23:36:53,095 [Listener at 127.0.0.1/36455] INFO  ozone.MiniOzoneClusterImpl (MiniOzoneClusterImpl.java:lambda$waitForClusterToBeReady$0(177)) - Waiting for nodes to be ready. Got 0 of 3 DN Heartbeats.
2020-06-02 23:36:53,095 [Listener at 127.0.0.1/36455] INFO  ozone.MiniOzoneClusterImpl (MiniOzoneClusterImpl.java:lambda$waitForClusterToBeReady$0(180)) - Waiting for cluster to exit safe mode
2020-06-02 23:36:54,095 [Listener at 127.0.0.1/36455] INFO  ozone.MiniOzoneClusterImpl (MiniOzoneClusterImpl.java:lambda$waitForClusterToBeReady$0(177)) - Waiting for nodes to be ready. Got 0 of 3 DN Heartbeats.
2020-06-02 23:36:54,095 [Listener at 127.0.0.1/36455] INFO  ozone.MiniOzoneClusterImpl (MiniOzoneClusterImpl.java:lambda$waitForClusterToBeReady$0(180)) - Waiting for cluster to exit safe mode
2020-06-02 23:36:55,095 [Listener at 127.0.0.1/36455] INFO  ozone.MiniOzoneClusterImpl (MiniOzoneClusterImpl.java:lambda$waitForClusterToBeReady$0(177)) - Waiting for nodes to be ready. Got 0 of 3 DN Heartbeats.
2020-06-02 23:36:55,096 [Listener at 127.0.0.1/36455] INFO  ozone.MiniOzoneClusterImpl (MiniOzoneClusterImpl.java:lambda$waitForClusterToBeReady$0(180)) - Waiting for cluster to exit safe mode
2020-06-02 23:36:56,096 [Listener at 127.0.0.1/36455] INFO  ozone.MiniOzoneClusterImpl (MiniOzoneClusterImpl.java:lambda$waitForClusterToBeReady$0(177)) - Waiting for nodes to be ready. Got 0 of 3 DN Heartbeats.
2020-06-02 23:36:56,096 [Listener at 127.0.0.1/36455] INFO  ozone.MiniOzoneClusterImpl (MiniOzoneClusterImpl.java:lambda$waitForClusterToBeReady$0(180)) - Waiting for cluster to exit safe mode
2020-06-02 23:36:57,096 [Listener at 127.0.0.1/36455] INFO  ozone.MiniOzoneClusterImpl (MiniOzoneClusterImpl.java:lambda$waitForClusterToBeReady$0(177)) - Waiting for nodes to be ready. Got 0 of 3 DN Heartbeats.
2020-06-02 23:36:57,096 [Listener at 127.0.0.1/36455] INFO  ozone.MiniOzoneClusterImpl (MiniOzoneClusterImpl.java:lambda$waitForClusterToBeReady$0(180)) - Waiting for cluster to exit safe mode
2020-06-02 23:36:58,097 [Listener at 127.0.0.1/36455] INFO  ozone.MiniOzoneClusterImpl (MiniOzoneClusterImpl.java:lambda$waitForClusterToBeReady$0(177)) - Waiting for nodes to be ready. Got 0 of 3 DN Heartbeats.
2020-06-02 23:36:58,097 [Listener at 127.0.0.1/36455] INFO  ozone.MiniOzoneClusterImpl (MiniOzoneClusterImpl.java:lambda$waitForClusterToBeReady$0(180)) - Waiting for cluster to exit safe mode
2020-06-02 23:36:59,097 [Listener at 127.0.0.1/36455] INFO  ozone.MiniOzoneClusterImpl (MiniOzoneClusterImpl.java:lambda$waitForClusterToBeReady$0(177)) - Waiting for nodes to be ready. Got 0 of 3 DN Heartbeats.
2020-06-02 23:36:59,097 [Listener at 127.0.0.1/36455] INFO  ozone.MiniOzoneClusterImpl (MiniOzoneClusterImpl.java:lambda$waitForClusterToBeReady$0(180)) - Waiting for cluster to exit safe mode
2020-06-02 23:36:59,783 [RatisPipelineUtilsThread] ERROR pipeline.SCMPipelineManager (SCMPipelineManager.java:createPipeline(222)) - Failed to create pipeline of type RATIS and factor ONE. Exception: Cannot create pipeline of factor 1 using 0 nodes. Used 0 nodes. Healthy nodes 0
2020-06-02 23:36:59,783 [RatisPipelineUtilsThread] WARN  pipeline.PipelinePlacementPolicy (PipelinePlacementPolicy.java:filterViableNodes(133)) - Pipeline creation failed due to no sufficient healthy datanodes. Required 3. Found 0.
2020-06-02 23:36:59,783 [RatisPipelineUtilsThread] ERROR pipeline.SCMPipelineManager (SCMPipelineManager.java:createPipeline(222)) - Failed to create pipeline of type RATIS and factor THREE. Exception: Pipeline creation failed due to no sufficient healthy datanodes. Required 3. Found 0.
2020-06-02 23:37:00,097 [Listener at 127.0.0.1/36455] INFO  ozone.MiniOzoneClusterImpl (MiniOzoneClusterImpl.java:lambda$waitForClusterToBeReady$0(177)) - Waiting for nodes to be ready. Got 0 of 3 DN Heartbeats.
2020-06-02 23:37:00,098 [Listener at 127.0.0.1/36455] INFO  ozone.MiniOzoneClusterImpl (MiniOzoneClusterImpl.java:lambda$waitForClusterToBeReady$0(180)) - Waiting for cluster to exit safe mode
2020-06-02 23:37:01,098 [Listener at 127.0.0.1/36455] INFO  ozone.MiniOzoneClusterImpl (MiniOzoneClusterImpl.java:lambda$waitForClusterToBeReady$0(177)) - Waiting for nodes to be ready. Got 0 of 3 DN Heartbeats.
2020-06-02 23:37:01,098 [Listener at 127.0.0.1/36455] INFO  ozone.MiniOzoneClusterImpl (MiniOzoneClusterImpl.java:lambda$waitForClusterToBeReady$0(180)) - Waiting for cluster to exit safe mode
2020-06-02 23:37:02,098 [Listener at 127.0.0.1/36455] INFO  ozone.MiniOzoneClusterImpl (MiniOzoneClusterImpl.java:lambda$waitForClusterToBeReady$0(177)) - Waiting for nodes to be ready. Got 0 of 3 DN Heartbeats.
2020-06-02 23:37:02,098 [Listener at 127.0.0.1/36455] INFO  ozone.MiniOzoneClusterImpl (MiniOzoneClusterImpl.java:lambda$waitForClusterToBeReady$0(180)) - Waiting for cluster to exit safe mode
2020-06-02 23:37:03,098 [Listener at 127.0.0.1/36455] INFO  ozone.MiniOzoneClusterImpl (MiniOzoneClusterImpl.java:lambda$waitForClusterToBeReady$0(177)) - Waiting for nodes to be ready. Got 0 of 3 DN Heartbeats.
2020-06-02 23:37:03,099 [Listener at 127.0.0.1/36455] INFO  ozone.MiniOzoneClusterImpl (MiniOzoneClusterImpl.java:lambda$waitForClusterToBeReady$0(180)) - Waiting for cluster to exit safe mode
2020-06-02 23:37:03,129 [Listener at 127.0.0.1/36455] INFO  ozone.MiniOzoneClusterImpl (MiniOzoneClusterImpl.java:shutdown(387)) - Shutting down the Mini Ozone Cluster
2020-06-02 23:37:03,139 [Listener at 127.0.0.1/36455] INFO  ozone.MiniOzoneClusterImpl (MiniOzoneClusterImpl.java:stop(402)) - Stopping the Mini Ozone Cluster
2020-06-02 23:37:03,139 [Listener at 127.0.0.1/36455] INFO  ozone.MiniOzoneClusterImpl (MiniOzoneClusterImpl.java:stopOM(484)) - Stopping the OzoneManager
2020-06-02 23:37:03,147 [Listener at 127.0.0.1/36455] INFO  ipc.Server (Server.java:stop(3359)) - Stopping server on 36455
2020-06-02 23:37:03,147 [IPC Server listener on 0] INFO  ipc.Server (Server.java:run(1330)) - Stopping IPC Server listener on 0
2020-06-02 23:37:03,150 [IPC Server Responder] INFO  ipc.Server (Server.java:run(1465)) - Stopping IPC Server Responder
2020-06-02 23:37:03,152 [Listener at 127.0.0.1/36455] INFO  ratis.OzoneManagerDoubleBuffer (OzoneManagerDoubleBuffer.java:stop(410)) - Stopping OMDoubleBuffer flush thread
2020-06-02 23:37:03,152 [OMDoubleBufferFlushThread] INFO  ratis.OzoneManagerDoubleBuffer (OzoneManagerDoubleBuffer.java:flushTransactions(342)) - OMDoubleBuffer flush thread OMDoubleBufferFlushThread is interrupted and will exit. OMDoubleBufferFlushThread
2020-06-02 23:37:03,152 [Listener at 127.0.0.1/36455] INFO  utils.BackgroundService (BackgroundService.java:shutdown(157)) - Shutting down service KeyDeletingService
2020-06-02 23:37:03,156 [Listener at 127.0.0.1/36455] INFO  handler.ContextHandler (ContextHandler.java:doStop(1016)) - Stopped o.e.j.w.WebAppContext@2626aa35{ozoneManager,/,null,UNAVAILABLE}{file:/github/workspace/mnt/ozone/hadoop-ozone/integration-test/target/test-classes/webapps/ozoneManager}
2020-06-02 23:37:03,170 [Listener at 127.0.0.1/36455] INFO  server.AbstractConnector (AbstractConnector.java:doStop(380)) - Stopped ServerConnector@6f1163f7{HTTP/1.1,[http/1.1]}{0.0.0.0:0}
2020-06-02 23:37:03,170 [Listener at 127.0.0.1/36455] INFO  server.session (HouseKeeper.java:stopScavenging(158)) - node0 Stopped scavenging
2020-06-02 23:37:03,171 [Listener at 127.0.0.1/36455] INFO  handler.ContextHandler (ContextHandler.java:doStop(1016)) - Stopped o.e.j.s.ServletContextHandler@25172993{static,/static,file:///github/workspace/mnt/ozone/hadoop-ozone/integration-test/target/test-classes/webapps/static,UNAVAILABLE}
2020-06-02 23:37:03,171 [Listener at 127.0.0.1/36455] INFO  handler.ContextHandler (ContextHandler.java:doStop(1016)) - Stopped o.e.j.s.ServletContextHandler@4cd51e4e{logs,/logs,file:///github/workspace/mnt/ozone/hadoop-ozone/integration-test/target/log,UNAVAILABLE}
2020-06-02 23:37:03,177 [Listener at 127.0.0.1/36455] INFO  ozone.MiniOzoneClusterImpl (MiniOzoneClusterImpl.java:stopDatanodes(461)) - Stopping the HddsDatanodes
2020-06-02 23:37:08,179 [Listener at 127.0.0.1/36455] INFO  ozoneimpl.OzoneContainer (OzoneContainer.java:stop(246)) - Attempting to stop container services.
2020-06-02 23:37:08,180 [ForkJoinPool.commonPool-worker-1] INFO  ozoneimpl.OzoneContainer (OzoneContainer.java:stop(246)) - Attempting to stop container services.
2020-06-02 23:37:08,181 [ForkJoinPool.commonPool-worker-1] INFO  impl.RaftServerProxy (RaftServerProxy.java:lambda$close$4(314)) - 46593078-1315-442c-91b1-b92b4f012500: close
2020-06-02 23:37:08,182 [ForkJoinPool.commonPool-worker-1] INFO  impl.RaftServerImpl (RaftServerImpl.java:lambda$shutdown$3(250)) - 46593078-1315-442c-91b1-b92b4f012500@group-A77CAD7CA71C: shutdown
2020-06-02 23:37:08,182 [ForkJoinPool.commonPool-worker-1] INFO  util.JmxRegister (JmxRegister.java:unregister(73)) - Successfully un-registered JMX Bean with object name Ratis:service=RaftServer,group=group-A77CAD7CA71C,id=46593078-1315-442c-91b1-b92b4f012500
2020-06-02 23:37:08,182 [ForkJoinPool.commonPool-worker-1] INFO  impl.RoleInfo (RoleInfo.java:shutdownLeaderState(104)) - 46593078-1315-442c-91b1-b92b4f012500: shutdown LeaderState
2020-06-02 23:37:08,183 [Listener at 127.0.0.1/36455] INFO  impl.RaftServerProxy (RaftServerProxy.java:lambda$close$4(314)) - dd4333e9-7965-46b1-a2b1-cee7aab213b7: close
2020-06-02 23:37:08,183 [Listener at 127.0.0.1/36455] INFO  impl.RaftServerImpl (RaftServerImpl.java:lambda$shutdown$3(250)) - dd4333e9-7965-46b1-a2b1-cee7aab213b7@group-E2DBF971A61D: shutdown
2020-06-02 23:37:08,183 [Listener at 127.0.0.1/36455] INFO  util.JmxRegister (JmxRegister.java:unregister(73)) - Successfully un-registered JMX Bean with object name Ratis:service=RaftServer,group=group-E2DBF971A61D,id=dd4333e9-7965-46b1-a2b1-cee7aab213b7
2020-06-02 23:37:08,183 [Listener at 127.0.0.1/36455] INFO  impl.RoleInfo (RoleInfo.java:shutdownFollowerState(121)) - dd4333e9-7965-46b1-a2b1-cee7aab213b7: shutdown FollowerState
2020-06-02 23:37:08,186 [Thread-219] INFO  impl.FollowerState (FollowerState.java:run(117)) - dd4333e9-7965-46b1-a2b1-cee7aab213b7@group-E2DBF971A61D-FollowerState was interrupted: java.lang.InterruptedException: sleep interrupted
2020-06-02 23:37:08,187 [dd4333e9-7965-46b1-a2b1-cee7aab213b7@group-E2DBF971A61D-StateMachineUpdater] INFO  ratis.ContainerStateMachine (ContainerStateMachine.java:takeSnapshot(288)) - group-E2DBF971A61D: Taking a snapshot at:(t:3, i:0) file /github/workspace/mnt/ozone/hadoop-ozone/integration-test/target/test-dir/MiniOzoneClusterImpl-31b4c61b-beaa-4c19-8fbb-f7fa03016b8e/datanode-1/data/ratis/8835cd55-6e5d-4da3-9599-e2dbf971a61d/sm/snapshot.3_0
2020-06-02 23:37:08,194 [Listener at 127.0.0.1/36455] INFO  impl.StateMachineUpdater (StateMachineUpdater.java:stopAndJoin(142)) - dd4333e9-7965-46b1-a2b1-cee7aab213b7@group-E2DBF971A61D-StateMachineUpdater: set stopIndex = 0
2020-06-02 23:37:08,195 [ForkJoinPool.commonPool-worker-1] INFO  impl.PendingRequests (PendingRequests.java:sendNotLeaderResponses(242)) - 46593078-1315-442c-91b1-b92b4f012500@group-A77CAD7CA71C-PendingRequests: sendNotLeaderResponses
2020-06-02 23:37:08,196 [ForkJoinPool.commonPool-worker-1] INFO  metrics.RatisMetrics (RatisMetrics.java:unregister(46)) - Unregistering Metrics Registry : ratis.log_appender.46593078-1315-442c-91b1-b92b4f012500@group-A77CAD7CA71C
2020-06-02 23:37:08,198 [46593078-1315-442c-91b1-b92b4f012500@group-A77CAD7CA71C-StateMachineUpdater] INFO  ratis.ContainerStateMachine (ContainerStateMachine.java:takeSnapshot(288)) - group-A77CAD7CA71C: Taking a snapshot at:(t:1, i:0) file /github/workspace/mnt/ozone/hadoop-ozone/integration-test/target/test-dir/MiniOzoneClusterImpl-31b4c61b-beaa-4c19-8fbb-f7fa03016b8e/datanode-0/data/ratis/e2604452-834b-4c6b-904e-a77cad7ca71c/sm/snapshot.1_0
2020-06-02 23:37:08,198 [ForkJoinPool.commonPool-worker-1] INFO  impl.StateMachineUpdater (StateMachineUpdater.java:stopAndJoin(142)) - 46593078-1315-442c-91b1-b92b4f012500@group-A77CAD7CA71C-StateMachineUpdater: set stopIndex = 0
2020-06-02 23:37:08,454 [46593078-1315-442c-91b1-b92b4f012500@group-A77CAD7CA71C-StateMachineUpdater] INFO  ratis.ContainerStateMachine (ContainerStateMachine.java:takeSnapshot(299)) - group-A77CAD7CA71C: Finished taking a snapshot at:(t:1, i:0) file:/github/workspace/mnt/ozone/hadoop-ozone/integration-test/target/test-dir/MiniOzoneClusterImpl-31b4c61b-beaa-4c19-8fbb-f7fa03016b8e/datanode-0/data/ratis/e2604452-834b-4c6b-904e-a77cad7ca71c/sm/snapshot.1_0 time:255
2020-06-02 23:37:08,455 [46593078-1315-442c-91b1-b92b4f012500@group-A77CAD7CA71C-StateMachineUpdater] INFO  impl.StateMachineUpdater (StateMachineUpdater.java:takeSnapshot(277)) - 46593078-1315-442c-91b1-b92b4f012500@group-A77CAD7CA71C-StateMachineUpdater: Took a snapshot at index 0
2020-06-02 23:37:08,455 [46593078-1315-442c-91b1-b92b4f012500@group-A77CAD7CA71C-StateMachineUpdater] INFO  impl.StateMachineUpdater (StateMachineUpdater.java:lambda$new$0(87)) - 46593078-1315-442c-91b1-b92b4f012500@group-A77CAD7CA71C-StateMachineUpdater: snapshotIndex: updateIncreasingly -1 -> 0
2020-06-02 23:37:08,459 [dd4333e9-7965-46b1-a2b1-cee7aab213b7@group-E2DBF971A61D-StateMachineUpdater] INFO  ratis.ContainerStateMachine (ContainerStateMachine.java:takeSnapshot(299)) - group-E2DBF971A61D: Finished taking a snapshot at:(t:3, i:0) file:/github/workspace/mnt/ozone/hadoop-ozone/integration-test/target/test-dir/MiniOzoneClusterImpl-31b4c61b-beaa-4c19-8fbb-f7fa03016b8e/datanode-1/data/ratis/8835cd55-6e5d-4da3-9599-e2dbf971a61d/sm/snapshot.3_0 time:272
2020-06-02 23:37:08,460 [dd4333e9-7965-46b1-a2b1-cee7aab213b7@group-E2DBF971A61D-StateMachineUpdater] INFO  impl.StateMachineUpdater (StateMachineUpdater.java:takeSnapshot(277)) - dd4333e9-7965-46b1-a2b1-cee7aab213b7@group-E2DBF971A61D-StateMachineUpdater: Took a snapshot at index 0
2020-06-02 23:37:08,460 [dd4333e9-7965-46b1-a2b1-cee7aab213b7@group-E2DBF971A61D-StateMachineUpdater] INFO  impl.StateMachineUpdater (StateMachineUpdater.java:lambda$new$0(87)) - dd4333e9-7965-46b1-a2b1-cee7aab213b7@group-E2DBF971A61D-StateMachineUpdater: snapshotIndex: updateIncreasingly -1 -> 0
2020-06-02 23:37:08,460 [dd4333e9-7965-46b1-a2b1-cee7aab213b7@group-E2DBF971A61D-StateMachineUpdater] INFO  metrics.RatisMetrics (RatisMetrics.java:unregister(46)) - Unregistering Metrics Registry : ratis.state_machine.dd4333e9-7965-46b1-a2b1-cee7aab213b7@group-E2DBF971A61D
2020-06-02 23:37:08,460 [Listener at 127.0.0.1/36455] INFO  impl.RaftServerImpl (ServerState.java:close(387)) - dd4333e9-7965-46b1-a2b1-cee7aab213b7@group-E2DBF971A61D: closes. applyIndex: 0
2020-06-02 23:37:08,460 [46593078-1315-442c-91b1-b92b4f012500@group-A77CAD7CA71C-StateMachineUpdater] INFO  metrics.RatisMetrics (RatisMetrics.java:unregister(46)) - Unregistering Metrics Registry : ratis.state_machine.46593078-1315-442c-91b1-b92b4f012500@group-A77CAD7CA71C
2020-06-02 23:37:08,462 [ForkJoinPool.commonPool-worker-1] INFO  impl.RaftServerImpl (ServerState.java:close(387)) - 46593078-1315-442c-91b1-b92b4f012500@group-A77CAD7CA71C: closes. applyIndex: 0
2020-06-02 23:37:08,462 [dd4333e9-7965-46b1-a2b1-cee7aab213b7@group-E2DBF971A61D-SegmentedRaftLogWorker] INFO  segmented.SegmentedRaftLogWorker (SegmentedRaftLogWorker.java:run(321)) - dd4333e9-7965-46b1-a2b1-cee7aab213b7@group-E2DBF971A61D-SegmentedRaftLogWorker was interrupted, exiting. There are 0 tasks remaining in the queue.
2020-06-02 23:37:08,462 [46593078-1315-442c-91b1-b92b4f012500@group-A77CAD7CA71C-SegmentedRaftLogWorker] INFO  segmented.SegmentedRaftLogWorker (SegmentedRaftLogWorker.java:run(321)) - 46593078-1315-442c-91b1-b92b4f012500@group-A77CAD7CA71C-SegmentedRaftLogWorker was interrupted, exiting. There are 0 tasks remaining in the queue.
2020-06-02 23:37:08,465 [ForkJoinPool.commonPool-worker-1] INFO  segmented.SegmentedRaftLogWorker (SegmentedRaftLogWorker.java:close(229)) - 46593078-1315-442c-91b1-b92b4f012500@group-A77CAD7CA71C-SegmentedRaftLogWorker close()
2020-06-02 23:37:08,470 [ForkJoinPool.commonPool-worker-1] INFO  metrics.RatisMetrics (RatisMetrics.java:unregister(46)) - Unregistering Metrics Registry : ratis.log_worker.46593078-1315-442c-91b1-b92b4f012500
2020-06-02 23:37:08,470 [ForkJoinPool.commonPool-worker-1] INFO  metrics.RatisMetrics (RatisMetrics.java:unregister(46)) - Unregistering Metrics Registry : ratis.leader_election.46593078-1315-442c-91b1-b92b4f012500@group-A77CAD7CA71C
2020-06-02 23:37:08,470 [ForkJoinPool.commonPool-worker-1] INFO  metrics.RatisMetrics (RatisMetrics.java:unregister(46)) - Unregistering Metrics Registry : ratis.server.46593078-1315-442c-91b1-b92b4f012500@group-A77CAD7CA71C
2020-06-02 23:37:08,470 [ForkJoinPool.commonPool-worker-1] INFO  impl.RaftServerImpl (RaftServerImpl.java:lambda$shutdown$3(250)) - 46593078-1315-442c-91b1-b92b4f012500@group-E2DBF971A61D: shutdown
2020-06-02 23:37:08,470 [ForkJoinPool.commonPool-worker-1] INFO  util.JmxRegister (JmxRegister.java:unregister(73)) - Successfully un-registered JMX Bean with object name Ratis:service=RaftServer,group=group-E2DBF971A61D,id=46593078-1315-442c-91b1-b92b4f012500
2020-06-02 23:37:08,470 [ForkJoinPool.commonPool-worker-1] INFO  impl.RoleInfo (RoleInfo.java:shutdownFollowerState(121)) - 46593078-1315-442c-91b1-b92b4f012500: shutdown FollowerState
2020-06-02 23:37:08,471 [ForkJoinPool.commonPool-worker-1] INFO  impl.StateMachineUpdater (StateMachineUpdater.java:stopAndJoin(142)) - 46593078-1315-442c-91b1-b92b4f012500@group-E2DBF971A61D-StateMachineUpdater: set stopIndex = 0
2020-06-02 23:37:08,471 [Thread-216] INFO  impl.FollowerState (FollowerState.java:run(117)) - 46593078-1315-442c-91b1-b92b4f012500@group-E2DBF971A61D-FollowerState was interrupted: java.lang.InterruptedException: sleep interrupted
2020-06-02 23:37:08,471 [Listener at 127.0.0.1/36455] INFO  segmented.SegmentedRaftLogWorker (SegmentedRaftLogWorker.java:close(229)) - dd4333e9-7965-46b1-a2b1-cee7aab213b7@group-E2DBF971A61D-SegmentedRaftLogWorker close()
2020-06-02 23:37:08,476 [46593078-1315-442c-91b1-b92b4f012500@group-E2DBF971A61D-StateMachineUpdater] INFO  ratis.ContainerStateMachine (ContainerStateMachine.java:takeSnapshot(288)) - group-E2DBF971A61D: Taking a snapshot at:(t:3, i:0) file /github/workspace/mnt/ozone/hadoop-ozone/integration-test/target/test-dir/MiniOzoneClusterImpl-31b4c61b-beaa-4c19-8fbb-f7fa03016b8e/datanode-0/data/ratis/8835cd55-6e5d-4da3-9599-e2dbf971a61d/sm/snapshot.3_0
2020-06-02 23:37:08,476 [46593078-1315-442c-91b1-b92b4f012500@group-E2DBF971A61D-StateMachineUpdater] INFO  ratis.ContainerStateMachine (ContainerStateMachine.java:takeSnapshot(299)) - group-E2DBF971A61D: Finished taking a snapshot at:(t:3, i:0) file:/github/workspace/mnt/ozone/hadoop-ozone/integration-test/target/test-dir/MiniOzoneClusterImpl-31b4c61b-beaa-4c19-8fbb-f7fa03016b8e/datanode-0/data/ratis/8835cd55-6e5d-4da3-9599-e2dbf971a61d/sm/snapshot.3_0 time:6
2020-06-02 23:37:08,476 [46593078-1315-442c-91b1-b92b4f012500@group-E2DBF971A61D-StateMachineUpdater] INFO  impl.StateMachineUpdater (StateMachineUpdater.java:takeSnapshot(277)) - 46593078-1315-442c-91b1-b92b4f012500@group-E2DBF971A61D-StateMachineUpdater: Took a snapshot at index 0
2020-06-02 23:37:08,476 [46593078-1315-442c-91b1-b92b4f012500@group-E2DBF971A61D-StateMachineUpdater] INFO  impl.StateMachineUpdater (StateMachineUpdater.java:lambda$new$0(87)) - 46593078-1315-442c-91b1-b92b4f012500@group-E2DBF971A61D-StateMachineUpdater: snapshotIndex: updateIncreasingly -1 -> 0
2020-06-02 23:37:08,477 [46593078-1315-442c-91b1-b92b4f012500@group-E2DBF971A61D-StateMachineUpdater] INFO  metrics.RatisMetrics (RatisMetrics.java:unregister(46)) - Unregistering Metrics Registry : ratis.state_machine.46593078-1315-442c-91b1-b92b4f012500@group-E2DBF971A61D
2020-06-02 23:37:08,477 [ForkJoinPool.commonPool-worker-1] INFO  impl.RaftServerImpl (ServerState.java:close(387)) - 46593078-1315-442c-91b1-b92b4f012500@group-E2DBF971A61D: closes. applyIndex: 0
2020-06-02 23:37:08,477 [46593078-1315-442c-91b1-b92b4f012500@group-E2DBF971A61D-SegmentedRaftLogWorker] INFO  segmented.SegmentedRaftLogWorker (SegmentedRaftLogWorker.java:run(321)) - 46593078-1315-442c-91b1-b92b4f012500@group-E2DBF971A61D-SegmentedRaftLogWorker was interrupted, exiting. There are 0 tasks remaining in the queue.
2020-06-02 23:37:08,491 [Listener at 127.0.0.1/36455] INFO  metrics.RatisMetrics (RatisMetrics.java:unregister(46)) - Unregistering Metrics Registry : ratis.log_worker.dd4333e9-7965-46b1-a2b1-cee7aab213b7
2020-06-02 23:37:08,491 [Listener at 127.0.0.1/36455] INFO  metrics.RatisMetrics (RatisMetrics.java:unregister(46)) - Unregistering Metrics Registry : ratis.leader_election.dd4333e9-7965-46b1-a2b1-cee7aab213b7@group-E2DBF971A61D
2020-06-02 23:37:08,491 [Listener at 127.0.0.1/36455] INFO  metrics.RatisMetrics (RatisMetrics.java:unregister(46)) - Unregistering Metrics Registry : ratis.server.dd4333e9-7965-46b1-a2b1-cee7aab213b7@group-E2DBF971A61D
2020-06-02 23:37:08,492 [Listener at 127.0.0.1/36455] INFO  impl.RaftServerImpl (RaftServerImpl.java:lambda$shutdown$3(250)) - dd4333e9-7965-46b1-a2b1-cee7aab213b7@group-0A2CC78894B9: shutdown
2020-06-02 23:37:08,492 [Listener at 127.0.0.1/36455] INFO  util.JmxRegister (JmxRegister.java:unregister(73)) - Successfully un-registered JMX Bean with object name Ratis:service=RaftServer,group=group-0A2CC78894B9,id=dd4333e9-7965-46b1-a2b1-cee7aab213b7
2020-06-02 23:37:08,492 [Listener at 127.0.0.1/36455] INFO  impl.RoleInfo (RoleInfo.java:shutdownLeaderState(104)) - dd4333e9-7965-46b1-a2b1-cee7aab213b7: shutdown LeaderState
2020-06-02 23:37:08,492 [ForkJoinPool.commonPool-worker-1] INFO  segmented.SegmentedRaftLogWorker (SegmentedRaftLogWorker.java:close(229)) - 46593078-1315-442c-91b1-b92b4f012500@group-E2DBF971A61D-SegmentedRaftLogWorker close()
2020-06-02 23:37:08,492 [Listener at 127.0.0.1/36455] INFO  impl.PendingRequests (PendingRequests.java:sendNotLeaderResponses(242)) - dd4333e9-7965-46b1-a2b1-cee7aab213b7@group-0A2CC78894B9-PendingRequests: sendNotLeaderResponses
2020-06-02 23:37:08,493 [Listener at 127.0.0.1/36455] INFO  metrics.RatisMetrics (RatisMetrics.java:unregister(46)) - Unregistering Metrics Registry : ratis.log_appender.dd4333e9-7965-46b1-a2b1-cee7aab213b7@group-0A2CC78894B9
2020-06-02 23:37:08,494 [Listener at 127.0.0.1/36455] INFO  impl.StateMachineUpdater (StateMachineUpdater.java:stopAndJoin(142)) - dd4333e9-7965-46b1-a2b1-cee7aab213b7@group-0A2CC78894B9-StateMachineUpdater: set stopIndex = 0
2020-06-02 23:37:08,494 [ForkJoinPool.commonPool-worker-1] INFO  metrics.RatisMetrics (RatisMetrics.java:unregister(46)) - Unregistering Metrics Registry : ratis.log_worker.46593078-1315-442c-91b1-b92b4f012500
2020-06-02 23:37:08,494 [dd4333e9-7965-46b1-a2b1-cee7aab213b7@group-0A2CC78894B9-StateMachineUpdater] INFO  ratis.ContainerStateMachine (ContainerStateMachine.java:takeSnapshot(288)) - group-0A2CC78894B9: Taking a snapshot at:(t:1, i:0) file /github/workspace/mnt/ozone/hadoop-ozone/integration-test/target/test-dir/MiniOzoneClusterImpl-31b4c61b-beaa-4c19-8fbb-f7fa03016b8e/datanode-1/data/ratis/2b63aa56-b6c4-40a7-a1ef-0a2cc78894b9/sm/snapshot.1_0
2020-06-02 23:37:08,494 [ForkJoinPool.commonPool-worker-1] INFO  metrics.RatisMetrics (RatisMetrics.java:unregister(46)) - Unregistering Metrics Registry : ratis.leader_election.46593078-1315-442c-91b1-b92b4f012500@group-E2DBF971A61D
2020-06-02 23:37:08,494 [ForkJoinPool.commonPool-worker-1] INFO  metrics.RatisMetrics (RatisMetrics.java:unregister(46)) - Unregistering Metrics Registry : ratis.server.46593078-1315-442c-91b1-b92b4f012500@group-E2DBF971A61D
2020-06-02 23:37:08,495 [dd4333e9-7965-46b1-a2b1-cee7aab213b7@group-0A2CC78894B9-StateMachineUpdater] INFO  ratis.ContainerStateMachine (ContainerStateMachine.java:takeSnapshot(299)) - group-0A2CC78894B9: Finished taking a snapshot at:(t:1, i:0) file:/github/workspace/mnt/ozone/hadoop-ozone/integration-test/target/test-dir/MiniOzoneClusterImpl-31b4c61b-beaa-4c19-8fbb-f7fa03016b8e/datanode-1/data/ratis/2b63aa56-b6c4-40a7-a1ef-0a2cc78894b9/sm/snapshot.1_0 time:1
2020-06-02 23:37:08,495 [ForkJoinPool.commonPool-worker-1] INFO  server.GrpcService (GrpcService.java:closeImpl(165)) - 46593078-1315-442c-91b1-b92b4f012500: shutdown server with port 40081 now
2020-06-02 23:37:08,495 [dd4333e9-7965-46b1-a2b1-cee7aab213b7@group-0A2CC78894B9-StateMachineUpdater] INFO  impl.StateMachineUpdater (StateMachineUpdater.java:takeSnapshot(277)) - dd4333e9-7965-46b1-a2b1-cee7aab213b7@group-0A2CC78894B9-StateMachineUpdater: Took a snapshot at index 0
2020-06-02 23:37:08,495 [dd4333e9-7965-46b1-a2b1-cee7aab213b7@group-0A2CC78894B9-StateMachineUpdater] INFO  impl.StateMachineUpdater (StateMachineUpdater.java:lambda$new$0(87)) - dd4333e9-7965-46b1-a2b1-cee7aab213b7@group-0A2CC78894B9-StateMachineUpdater: snapshotIndex: updateIncreasingly -1 -> 0
2020-06-02 23:37:08,495 [dd4333e9-7965-46b1-a2b1-cee7aab213b7@group-0A2CC78894B9-StateMachineUpdater] INFO  metrics.RatisMetrics (RatisMetrics.java:unregister(46)) - Unregistering Metrics Registry : ratis.state_machine.dd4333e9-7965-46b1-a2b1-cee7aab213b7@group-0A2CC78894B9
2020-06-02 23:37:08,496 [Listener at 127.0.0.1/36455] INFO  impl.RaftServerImpl (ServerState.java:close(387)) - dd4333e9-7965-46b1-a2b1-cee7aab213b7@group-0A2CC78894B9: closes. applyIndex: 0
2020-06-02 23:37:08,496 [dd4333e9-7965-46b1-a2b1-cee7aab213b7@group-0A2CC78894B9-SegmentedRaftLogWorker] INFO  segmented.SegmentedRaftLogWorker (SegmentedRaftLogWorker.java:run(321)) - dd4333e9-7965-46b1-a2b1-cee7aab213b7@group-0A2CC78894B9-SegmentedRaftLogWorker was interrupted, exiting. There are 0 tasks remaining in the queue.
2020-06-02 23:37:08,511 [Listener at 127.0.0.1/36455] INFO  segmented.SegmentedRaftLogWorker (SegmentedRaftLogWorker.java:close(229)) - dd4333e9-7965-46b1-a2b1-cee7aab213b7@group-0A2CC78894B9-SegmentedRaftLogWorker close()
2020-06-02 23:37:08,520 [grpc-default-executor-4] WARN  server.GrpcServerProtocolService (LogUtils.java:warn(122)) - 46593078-1315-442c-91b1-b92b4f012500: installSnapshot onError, lastRequest: 43006955-015f-42cd-b925-cfd3ac6ee1ce->46593078-1315-442c-91b1-b92b4f012500#1-t3, previous=(t:0, i:0), leaderCommit=0, initializing? false, entries: size=1, first=(t:3, i:0), CONFIGURATIONENTRY: org.apache.ratis.thirdparty.io.grpc.StatusRuntimeException: CANCELLED: cancelled before receiving half close
2020-06-02 23:37:08,538 [Listener at 127.0.0.1/36455] INFO  metrics.RatisMetrics (RatisMetrics.java:unregister(46)) - Unregistering Metrics Registry : ratis.log_worker.dd4333e9-7965-46b1-a2b1-cee7aab213b7
2020-06-02 23:37:08,539 [Listener at 127.0.0.1/36455] INFO  metrics.RatisMetrics (RatisMetrics.java:unregister(46)) - Unregistering Metrics Registry : ratis.leader_election.dd4333e9-7965-46b1-a2b1-cee7aab213b7@group-0A2CC78894B9
2020-06-02 23:37:08,539 [Listener at 127.0.0.1/36455] INFO  metrics.RatisMetrics (RatisMetrics.java:unregister(46)) - Unregistering Metrics Registry : ratis.server.dd4333e9-7965-46b1-a2b1-cee7aab213b7@group-0A2CC78894B9
2020-06-02 23:37:08,539 [Listener at 127.0.0.1/36455] INFO  server.GrpcService (GrpcService.java:closeImpl(165)) - dd4333e9-7965-46b1-a2b1-cee7aab213b7: shutdown server with port 37281 now
2020-06-02 23:37:08,556 [grpc-default-executor-5] WARN  server.GrpcLogAppender (LogUtils.java:warn(122)) - 43006955-015f-42cd-b925-cfd3ac6ee1ce@group-E2DBF971A61D->46593078-1315-442c-91b1-b92b4f012500-AppendLogResponseHandler: Failed appendEntries: org.apache.ratis.thirdparty.io.grpc.StatusRuntimeException: CANCELLED: HTTP/2 error code: CANCEL
Received Rst Stream
2020-06-02 23:37:08,564 [grpc-default-executor-5] INFO  impl.FollowerInfo (FollowerInfo.java:lambda$new$0(50)) - 43006955-015f-42cd-b925-cfd3ac6ee1ce@group-E2DBF971A61D->46593078-1315-442c-91b1-b92b4f012500: nextIndex: updateUnconditionally 1 -> 0
2020-06-02 23:37:08,575 [ForkJoinPool.commonPool-worker-1] INFO  server.GrpcService (GrpcService.java:closeImpl(173)) - 46593078-1315-442c-91b1-b92b4f012500: shutdown server with port 40081 successfully
2020-06-02 23:37:08,567 [grpc-default-executor-6] WARN  server.GrpcServerProtocolService (LogUtils.java:warn(122)) - dd4333e9-7965-46b1-a2b1-cee7aab213b7: installSnapshot onError, lastRequest: 43006955-015f-42cd-b925-cfd3ac6ee1ce->dd4333e9-7965-46b1-a2b1-cee7aab213b7#1-t3, previous=(t:0, i:0), leaderCommit=0, initializing? false, entries: size=1, first=(t:3, i:0), CONFIGURATIONENTRY: org.apache.ratis.thirdparty.io.grpc.StatusRuntimeException: CANCELLED: cancelled before receiving half close
2020-06-02 23:37:08,576 [grpc-default-executor-2] WARN  server.GrpcLogAppender (LogUtils.java:warn(122)) - 43006955-015f-42cd-b925-cfd3ac6ee1ce@group-E2DBF971A61D->dd4333e9-7965-46b1-a2b1-cee7aab213b7-AppendLogResponseHandler: Failed appendEntries: org.apache.ratis.thirdparty.io.grpc.StatusRuntimeException: CANCELLED: HTTP/2 error code: CANCEL
Received Rst Stream
2020-06-02 23:37:08,596 [ForkJoinPool.commonPool-worker-1] INFO  utils.BackgroundService (BackgroundService.java:shutdown(157)) - Shutting down service BlockDeletingService
2020-06-02 23:37:08,608 [grpc-default-executor-2] INFO  impl.FollowerInfo (FollowerInfo.java:lambda$new$0(50)) - 43006955-015f-42cd-b925-cfd3ac6ee1ce@group-E2DBF971A61D->dd4333e9-7965-46b1-a2b1-cee7aab213b7: nextIndex: updateUnconditionally 1 -> 0
2020-06-02 23:37:08,615 [ForkJoinPool.commonPool-worker-1] INFO  statemachine.DatanodeStateMachine (DatanodeStateMachine.java:stopDaemon(424)) - Ozone container server stopped.
2020-06-02 23:37:08,615 [Listener at 127.0.0.1/36455] INFO  server.GrpcService (GrpcService.java:closeImpl(173)) - dd4333e9-7965-46b1-a2b1-cee7aab213b7: shutdown server with port 37281 successfully
2020-06-02 23:37:08,616 [Listener at 127.0.0.1/36455] INFO  utils.BackgroundService (BackgroundService.java:shutdown(157)) - Shutting down service BlockDeletingService
2020-06-02 23:37:08,620 [ForkJoinPool.commonPool-worker-1] INFO  handler.ContextHandler (ContextHandler.java:doStop(1016)) - Stopped o.e.j.w.WebAppContext@776b7fa2{hddsDatanode,/,null,UNAVAILABLE}{jar:file:/home/user/.m2/repository/org/apache/hadoop/hadoop-hdds-container-service/0.6.0-SNAPSHOT/hadoop-hdds-container-service-0.6.0-SNAPSHOT.jar!/webapps/hddsDatanode}
2020-06-02 23:37:08,621 [Listener at 127.0.0.1/36455] INFO  statemachine.DatanodeStateMachine (DatanodeStateMachine.java:stopDaemon(424)) - Ozone container server stopped.
2020-06-02 23:37:08,622 [ForkJoinPool.commonPool-worker-1] INFO  server.AbstractConnector (AbstractConnector.java:doStop(380)) - Stopped ServerConnector@7a5a26b7{HTTP/1.1,[http/1.1]}{0.0.0.0:0}
2020-06-02 23:37:08,622 [ForkJoinPool.commonPool-worker-1] INFO  server.session (HouseKeeper.java:stopScavenging(158)) - node0 Stopped scavenging
2020-06-02 23:37:08,622 [Listener at 127.0.0.1/36455] INFO  handler.ContextHandler (ContextHandler.java:doStop(1016)) - Stopped o.e.j.w.WebAppContext@54972f9a{hddsDatanode,/,null,UNAVAILABLE}{jar:file:/home/user/.m2/repository/org/apache/hadoop/hadoop-hdds-container-service/0.6.0-SNAPSHOT/hadoop-hdds-container-service-0.6.0-SNAPSHOT.jar!/webapps/hddsDatanode}
2020-06-02 23:37:08,626 [ForkJoinPool.commonPool-worker-1] INFO  handler.ContextHandler (ContextHandler.java:doStop(1016)) - Stopped o.e.j.s.ServletContextHandler@7d6ccad7{static,/static,jar:file:/home/user/.m2/repository/org/apache/hadoop/hadoop-hdds-container-service/0.6.0-SNAPSHOT/hadoop-hdds-container-service-0.6.0-SNAPSHOT.jar!/webapps/static,UNAVAILABLE}
2020-06-02 23:37:08,627 [Listener at 127.0.0.1/36455] INFO  server.AbstractConnector (AbstractConnector.java:doStop(380)) - Stopped ServerConnector@6c2063e0{HTTP/1.1,[http/1.1]}{0.0.0.0:0}
2020-06-02 23:37:08,627 [Listener at 127.0.0.1/36455] INFO  server.session (HouseKeeper.java:stopScavenging(158)) - node0 Stopped scavenging
2020-06-02 23:37:08,627 [Listener at 127.0.0.1/36455] INFO  handler.ContextHandler (ContextHandler.java:doStop(1016)) - Stopped o.e.j.s.ServletContextHandler@65384249{static,/static,jar:file:/home/user/.m2/repository/org/apache/hadoop/hadoop-hdds-container-service/0.6.0-SNAPSHOT/hadoop-hdds-container-service-0.6.0-SNAPSHOT.jar!/webapps/static,UNAVAILABLE}
2020-06-02 23:37:08,627 [Listener at 127.0.0.1/36455] INFO  handler.ContextHandler (ContextHandler.java:doStop(1016)) - Stopped o.e.j.s.ServletContextHandler@e196238{logs,/logs,file:///github/workspace/mnt/ozone/hadoop-ozone/integration-test/target/log,UNAVAILABLE}
2020-06-02 23:37:08,628 [ForkJoinPool.commonPool-worker-1] INFO  handler.ContextHandler (ContextHandler.java:doStop(1016)) - Stopped o.e.j.s.ServletContextHandler@705ebb4d{logs,/logs,file:///github/workspace/mnt/ozone/hadoop-ozone/integration-test/target/log,UNAVAILABLE}
2020-06-02 23:37:08,805 [grpc-default-executor-6] WARN  server.GrpcLogAppender (LogUtils.java:warn(122)) - 43006955-015f-42cd-b925-cfd3ac6ee1ce@group-E2DBF971A61D->dd4333e9-7965-46b1-a2b1-cee7aab213b7-AppendLogResponseHandler: Failed appendEntries: org.apache.ratis.thirdparty.io.grpc.StatusRuntimeException: UNAVAILABLE: io exception
2020-06-02 23:37:08,806 [grpc-default-executor-6] INFO  impl.FollowerInfo (FollowerInfo.java:lambda$new$0(50)) - 43006955-015f-42cd-b925-cfd3ac6ee1ce@group-E2DBF971A61D->dd4333e9-7965-46b1-a2b1-cee7aab213b7: nextIndex: updateUnconditionally 1 -> 0
2020-06-02 23:37:08,830 [grpc-default-executor-2] WARN  server.GrpcLogAppender (LogUtils.java:warn(122)) - 43006955-015f-42cd-b925-cfd3ac6ee1ce@group-E2DBF971A61D->46593078-1315-442c-91b1-b92b4f012500-AppendLogResponseHandler: Failed appendEntries: org.apache.ratis.thirdparty.io.grpc.StatusRuntimeException: UNAVAILABLE: io exception
2020-06-02 23:37:08,831 [grpc-default-executor-2] INFO  impl.FollowerInfo (FollowerInfo.java:lambda$new$0(50)) - 43006955-015f-42cd-b925-cfd3ac6ee1ce@group-E2DBF971A61D->46593078-1315-442c-91b1-b92b4f012500: nextIndex: updateUnconditionally 1 -> 0
2020-06-02 23:37:11,307 [grpc-default-executor-6] WARN  server.GrpcLogAppender (LogUtils.java:warn(122)) - 43006955-015f-42cd-b925-cfd3ac6ee1ce@group-E2DBF971A61D->dd4333e9-7965-46b1-a2b1-cee7aab213b7-AppendLogResponseHandler: Failed appendEntries: org.apache.ratis.thirdparty.io.grpc.StatusRuntimeException: UNAVAILABLE: io exception
2020-06-02 23:37:11,308 [grpc-default-executor-6] INFO  impl.FollowerInfo (FollowerInfo.java:lambda$new$0(50)) - 43006955-015f-42cd-b925-cfd3ac6ee1ce@group-E2DBF971A61D->dd4333e9-7965-46b1-a2b1-cee7aab213b7: nextIndex: updateUnconditionally 1 -> 0
2020-06-02 23:37:11,333 [grpc-default-executor-2] WARN  server.GrpcLogAppender (LogUtils.java:warn(122)) - 43006955-015f-42cd-b925-cfd3ac6ee1ce@group-E2DBF971A61D->46593078-1315-442c-91b1-b92b4f012500-AppendLogResponseHandler: Failed appendEntries: org.apache.ratis.thirdparty.io.grpc.StatusRuntimeException: UNAVAILABLE: io exception
2020-06-02 23:37:11,334 [grpc-default-executor-2] INFO  impl.FollowerInfo (FollowerInfo.java:lambda$new$0(50)) - 43006955-015f-42cd-b925-cfd3ac6ee1ce@group-E2DBF971A61D->46593078-1315-442c-91b1-b92b4f012500: nextIndex: updateUnconditionally 1 -> 0
2020-06-02 23:37:13,631 [ForkJoinPool.commonPool-worker-1] INFO  ozoneimpl.OzoneContainer (OzoneContainer.java:stop(246)) - Attempting to stop container services.
2020-06-02 23:37:13,631 [ForkJoinPool.commonPool-worker-1] INFO  impl.RaftServerProxy (RaftServerProxy.java:lambda$close$4(314)) - 43006955-015f-42cd-b925-cfd3ac6ee1ce: close
2020-06-02 23:37:13,631 [ForkJoinPool.commonPool-worker-1] INFO  impl.RaftServerImpl (RaftServerImpl.java:lambda$shutdown$3(250)) - 43006955-015f-42cd-b925-cfd3ac6ee1ce@group-E2DBF971A61D: shutdown
2020-06-02 23:37:13,631 [ForkJoinPool.commonPool-worker-1] INFO  util.JmxRegister (JmxRegister.java:unregister(73)) - Successfully un-registered JMX Bean with object name Ratis:service=RaftServer,group=group-E2DBF971A61D,id=43006955-015f-42cd-b925-cfd3ac6ee1ce
2020-06-02 23:37:13,631 [ForkJoinPool.commonPool-worker-1] INFO  impl.RoleInfo (RoleInfo.java:shutdownLeaderState(104)) - 43006955-015f-42cd-b925-cfd3ac6ee1ce: shutdown LeaderState
2020-06-02 23:37:13,632 [ForkJoinPool.commonPool-worker-1] INFO  impl.PendingRequests (PendingRequests.java:sendNotLeaderResponses(242)) - 43006955-015f-42cd-b925-cfd3ac6ee1ce@group-E2DBF971A61D-PendingRequests: sendNotLeaderResponses
2020-06-02 23:37:13,633 [org.apache.ratis.server.impl.LogAppender$AppenderDaemon$$Lambda$454/578777179@5a9bff98] WARN  server.GrpcLogAppender (GrpcLogAppender.java:mayWait(153)) - 43006955-015f-42cd-b925-cfd3ac6ee1ce@group-E2DBF971A61D->dd4333e9-7965-46b1-a2b1-cee7aab213b7-GrpcLogAppender: Wait interrupted by java.lang.InterruptedException
2020-06-02 23:37:13,633 [ForkJoinPool.commonPool-worker-1] INFO  metrics.RatisMetrics (RatisMetrics.java:unregister(46)) - Unregistering Metrics Registry : ratis.log_appender.43006955-015f-42cd-b925-cfd3ac6ee1ce@group-E2DBF971A61D
2020-06-02 23:37:13,633 [ForkJoinPool.commonPool-worker-1] INFO  impl.StateMachineUpdater (StateMachineUpdater.java:stopAndJoin(142)) - 43006955-015f-42cd-b925-cfd3ac6ee1ce@group-E2DBF971A61D-StateMachineUpdater: set stopIndex = 0
2020-06-02 23:37:13,633 [43006955-015f-42cd-b925-cfd3ac6ee1ce@group-E2DBF971A61D-StateMachineUpdater] INFO  ratis.ContainerStateMachine (ContainerStateMachine.java:takeSnapshot(288)) - group-E2DBF971A61D: Taking a snapshot at:(t:3, i:0) file /github/workspace/mnt/ozone/hadoop-ozone/integration-test/target/test-dir/MiniOzoneClusterImpl-31b4c61b-beaa-4c19-8fbb-f7fa03016b8e/datanode-2/data/ratis/8835cd55-6e5d-4da3-9599-e2dbf971a61d/sm/snapshot.3_0
2020-06-02 23:37:13,632 [org.apache.ratis.server.impl.LogAppender$AppenderDaemon$$Lambda$454/578777179@147f1df1] WARN  server.GrpcLogAppender (GrpcLogAppender.java:mayWait(153)) - 43006955-015f-42cd-b925-cfd3ac6ee1ce@group-E2DBF971A61D->46593078-1315-442c-91b1-b92b4f012500-GrpcLogAppender: Wait interrupted by java.lang.InterruptedException
2020-06-02 23:37:13,634 [43006955-015f-42cd-b925-cfd3ac6ee1ce@group-E2DBF971A61D-StateMachineUpdater] INFO  ratis.ContainerStateMachine (ContainerStateMachine.java:takeSnapshot(299)) - group-E2DBF971A61D: Finished taking a snapshot at:(t:3, i:0) file:/github/workspace/mnt/ozone/hadoop-ozone/integration-test/target/test-dir/MiniOzoneClusterImpl-31b4c61b-beaa-4c19-8fbb-f7fa03016b8e/datanode-2/data/ratis/8835cd55-6e5d-4da3-9599-e2dbf971a61d/sm/snapshot.3_0 time:1
2020-06-02 23:37:13,634 [43006955-015f-42cd-b925-cfd3ac6ee1ce@group-E2DBF971A61D-StateMachineUpdater] INFO  impl.StateMachineUpdater (StateMachineUpdater.java:takeSnapshot(277)) - 43006955-015f-42cd-b925-cfd3ac6ee1ce@group-E2DBF971A61D-StateMachineUpdater: Took a snapshot at index 0
2020-06-02 23:37:13,634 [43006955-015f-42cd-b925-cfd3ac6ee1ce@group-E2DBF971A61D-StateMachineUpdater] INFO  impl.StateMachineUpdater (StateMachineUpdater.java:lambda$new$0(87)) - 43006955-015f-42cd-b925-cfd3ac6ee1ce@group-E2DBF971A61D-StateMachineUpdater: snapshotIndex: updateIncreasingly -1 -> 0
2020-06-02 23:37:13,634 [43006955-015f-42cd-b925-cfd3ac6ee1ce@group-E2DBF971A61D-StateMachineUpdater] INFO  metrics.RatisMetrics (RatisMetrics.java:unregister(46)) - Unregistering Metrics Registry : ratis.state_machine.43006955-015f-42cd-b925-cfd3ac6ee1ce@group-E2DBF971A61D
2020-06-02 23:37:13,635 [ForkJoinPool.commonPool-worker-1] INFO  impl.RaftServerImpl (ServerState.java:close(387)) - 43006955-015f-42cd-b925-cfd3ac6ee1ce@group-E2DBF971A61D: closes. applyIndex: 0
2020-06-02 23:37:13,635 [43006955-015f-42cd-b925-cfd3ac6ee1ce@group-E2DBF971A61D-SegmentedRaftLogWorker] INFO  segmented.SegmentedRaftLogWorker (SegmentedRaftLogWorker.java:run(321)) - 43006955-015f-42cd-b925-cfd3ac6ee1ce@group-E2DBF971A61D-SegmentedRaftLogWorker was interrupted, exiting. There are 0 tasks remaining in the queue.
2020-06-02 23:37:13,635 [ForkJoinPool.commonPool-worker-1] INFO  segmented.SegmentedRaftLogWorker (SegmentedRaftLogWorker.java:close(229)) - 43006955-015f-42cd-b925-cfd3ac6ee1ce@group-E2DBF971A61D-SegmentedRaftLogWorker close()
2020-06-02 23:37:13,636 [ForkJoinPool.commonPool-worker-1] INFO  metrics.RatisMetrics (RatisMetrics.java:unregister(46)) - Unregistering Metrics Registry : ratis.log_worker.43006955-015f-42cd-b925-cfd3ac6ee1ce
2020-06-02 23:37:13,636 [ForkJoinPool.commonPool-worker-1] INFO  metrics.RatisMetrics (RatisMetrics.java:unregister(46)) - Unregistering Metrics Registry : ratis.leader_election.43006955-015f-42cd-b925-cfd3ac6ee1ce@group-E2DBF971A61D
2020-06-02 23:37:13,636 [ForkJoinPool.commonPool-worker-1] INFO  metrics.RatisMetrics (RatisMetrics.java:unregister(46)) - Unregistering Metrics Registry : ratis.server.43006955-015f-42cd-b925-cfd3ac6ee1ce@group-E2DBF971A61D
2020-06-02 23:37:13,636 [ForkJoinPool.commonPool-worker-1] INFO  impl.RaftServerImpl (RaftServerImpl.java:lambda$shutdown$3(250)) - 43006955-015f-42cd-b925-cfd3ac6ee1ce@group-62EB59B96157: shutdown
2020-06-02 23:37:13,636 [ForkJoinPool.commonPool-worker-1] INFO  util.JmxRegister (JmxRegister.java:unregister(73)) - Successfully un-registered JMX Bean with object name Ratis:service=RaftServer,group=group-62EB59B96157,id=43006955-015f-42cd-b925-cfd3ac6ee1ce
2020-06-02 23:37:13,636 [ForkJoinPool.commonPool-worker-1] INFO  impl.RoleInfo (RoleInfo.java:shutdownLeaderState(104)) - 43006955-015f-42cd-b925-cfd3ac6ee1ce: shutdown LeaderState
2020-06-02 23:37:13,637 [ForkJoinPool.commonPool-worker-1] INFO  impl.PendingRequests (PendingRequests.java:sendNotLeaderResponses(242)) - 43006955-015f-42cd-b925-cfd3ac6ee1ce@group-62EB59B96157-PendingRequests: sendNotLeaderResponses
2020-06-02 23:37:13,637 [ForkJoinPool.commonPool-worker-1] INFO  metrics.RatisMetrics (RatisMetrics.java:unregister(46)) - Unregistering Metrics Registry : ratis.log_appender.43006955-015f-42cd-b925-cfd3ac6ee1ce@group-62EB59B96157
2020-06-02 23:37:13,637 [43006955-015f-42cd-b925-cfd3ac6ee1ce@group-62EB59B96157-StateMachineUpdater] INFO  ratis.ContainerStateMachine (ContainerStateMachine.java:takeSnapshot(288)) - group-62EB59B96157: Taking a snapshot at:(t:1, i:0) file /github/workspace/mnt/ozone/hadoop-ozone/integration-test/target/test-dir/MiniOzoneClusterImpl-31b4c61b-beaa-4c19-8fbb-f7fa03016b8e/datanode-2/data/ratis/5212f080-501b-4715-8d72-62eb59b96157/sm/snapshot.1_0
2020-06-02 23:37:13,637 [ForkJoinPool.commonPool-worker-1] INFO  impl.StateMachineUpdater (StateMachineUpdater.java:stopAndJoin(142)) - 43006955-015f-42cd-b925-cfd3ac6ee1ce@group-62EB59B96157-StateMachineUpdater: set stopIndex = 0
2020-06-02 23:37:13,638 [43006955-015f-42cd-b925-cfd3ac6ee1ce@group-62EB59B96157-StateMachineUpdater] INFO  ratis.ContainerStateMachine (ContainerStateMachine.java:takeSnapshot(299)) - group-62EB59B96157: Finished taking a snapshot at:(t:1, i:0) file:/github/workspace/mnt/ozone/hadoop-ozone/integration-test/target/test-dir/MiniOzoneClusterImpl-31b4c61b-beaa-4c19-8fbb-f7fa03016b8e/datanode-2/data/ratis/5212f080-501b-4715-8d72-62eb59b96157/sm/snapshot.1_0 time:0
2020-06-02 23:37:13,638 [43006955-015f-42cd-b925-cfd3ac6ee1ce@group-62EB59B96157-StateMachineUpdater] INFO  impl.StateMachineUpdater (StateMachineUpdater.java:takeSnapshot(277)) - 43006955-015f-42cd-b925-cfd3ac6ee1ce@group-62EB59B96157-StateMachineUpdater: Took a snapshot at index 0
2020-06-02 23:37:13,638 [43006955-015f-42cd-b925-cfd3ac6ee1ce@group-62EB59B96157-StateMachineUpdater] INFO  impl.StateMachineUpdater (StateMachineUpdater.java:lambda$new$0(87)) - 43006955-015f-42cd-b925-cfd3ac6ee1ce@group-62EB59B96157-StateMachineUpdater: snapshotIndex: updateIncreasingly -1 -> 0
2020-06-02 23:37:13,638 [43006955-015f-42cd-b925-cfd3ac6ee1ce@group-62EB59B96157-StateMachineUpdater] INFO  metrics.RatisMetrics (RatisMetrics.java:unregister(46)) - Unregistering Metrics Registry : ratis.state_machine.43006955-015f-42cd-b925-cfd3ac6ee1ce@group-62EB59B96157
2020-06-02 23:37:13,638 [ForkJoinPool.commonPool-worker-1] INFO  impl.RaftServerImpl (ServerState.java:close(387)) - 43006955-015f-42cd-b925-cfd3ac6ee1ce@group-62EB59B96157: closes. applyIndex: 0
2020-06-02 23:37:13,638 [43006955-015f-42cd-b925-cfd3ac6ee1ce@group-62EB59B96157-SegmentedRaftLogWorker] INFO  segmented.SegmentedRaftLogWorker (SegmentedRaftLogWorker.java:run(321)) - 43006955-015f-42cd-b925-cfd3ac6ee1ce@group-62EB59B96157-SegmentedRaftLogWorker was interrupted, exiting. There are 0 tasks remaining in the queue.
2020-06-02 23:37:13,639 [ForkJoinPool.commonPool-worker-1] INFO  segmented.SegmentedRaftLogWorker (SegmentedRaftLogWorker.java:close(229)) - 43006955-015f-42cd-b925-cfd3ac6ee1ce@group-62EB59B96157-SegmentedRaftLogWorker close()
2020-06-02 23:37:13,639 [ForkJoinPool.commonPool-worker-1] INFO  metrics.RatisMetrics (RatisMetrics.java:unregister(46)) - Unregistering Metrics Registry : ratis.log_worker.43006955-015f-42cd-b925-cfd3ac6ee1ce
2020-06-02 23:37:13,639 [ForkJoinPool.commonPool-worker-1] INFO  metrics.RatisMetrics (RatisMetrics.java:unregister(46)) - Unregistering Metrics Registry : ratis.leader_election.43006955-015f-42cd-b925-cfd3ac6ee1ce@group-62EB59B96157
2020-06-02 23:37:13,640 [ForkJoinPool.commonPool-worker-1] INFO  metrics.RatisMetrics (RatisMetrics.java:unregister(46)) - Unregistering Metrics Registry : ratis.server.43006955-015f-42cd-b925-cfd3ac6ee1ce@group-62EB59B96157
2020-06-02 23:37:13,640 [ForkJoinPool.commonPool-worker-1] INFO  server.GrpcService (GrpcService.java:closeImpl(165)) - 43006955-015f-42cd-b925-cfd3ac6ee1ce: shutdown server with port 44435 now
2020-06-02 23:37:13,640 [ForkJoinPool.commonPool-worker-1] INFO  server.GrpcService (GrpcService.java:closeImpl(173)) - 43006955-015f-42cd-b925-cfd3ac6ee1ce: shutdown server with port 44435 successfully
2020-06-02 23:37:13,642 [ForkJoinPool.commonPool-worker-1] INFO  utils.BackgroundService (BackgroundService.java:shutdown(157)) - Shutting down service BlockDeletingService
2020-06-02 23:37:13,644 [ForkJoinPool.commonPool-worker-1] INFO  statemachine.DatanodeStateMachine (DatanodeStateMachine.java:stopDaemon(424)) - Ozone container server stopped.
2020-06-02 23:37:13,645 [ForkJoinPool.commonPool-worker-1] INFO  handler.ContextHandler (ContextHandler.java:doStop(1016)) - Stopped o.e.j.w.WebAppContext@7a02d760{hddsDatanode,/,null,UNAVAILABLE}{jar:file:/home/user/.m2/repository/org/apache/hadoop/hadoop-hdds-container-service/0.6.0-SNAPSHOT/hadoop-hdds-container-service-0.6.0-SNAPSHOT.jar!/webapps/hddsDatanode}
2020-06-02 23:37:13,647 [ForkJoinPool.commonPool-worker-1] INFO  server.AbstractConnector (AbstractConnector.java:doStop(380)) - Stopped ServerConnector@1ef8f7e6{HTTP/1.1,[http/1.1]}{0.0.0.0:0}
2020-06-02 23:37:13,647 [ForkJoinPool.commonPool-worker-1] INFO  server.session (HouseKeeper.java:stopScavenging(158)) - node0 Stopped scavenging
2020-06-02 23:37:13,647 [ForkJoinPool.commonPool-worker-1] INFO  handler.ContextHandler (ContextHandler.java:doStop(1016)) - Stopped o.e.j.s.ServletContextHandler@2f6f2d91{static,/static,jar:file:/home/user/.m2/repository/org/apache/hadoop/hadoop-hdds-container-service/0.6.0-SNAPSHOT/hadoop-hdds-container-service-0.6.0-SNAPSHOT.jar!/webapps/static,UNAVAILABLE}
2020-06-02 23:37:13,648 [ForkJoinPool.commonPool-worker-1] INFO  handler.ContextHandler (ContextHandler.java:doStop(1016)) - Stopped o.e.j.s.ServletContextHandler@3bb6b9ab{logs,/logs,file:///github/workspace/mnt/ozone/hadoop-ozone/integration-test/target/log,UNAVAILABLE}
2020-06-02 23:37:13,650 [Listener at 127.0.0.1/36455] INFO  ozone.MiniOzoneClusterImpl (MiniOzoneClusterImpl.java:stopSCM(476)) - Stopping the StorageContainerManager
2020-06-02 23:37:13,650 [Listener at 127.0.0.1/36455] INFO  server.StorageContainerManager (StorageContainerManager.java:stop(824)) - Stopping Replication Manager Service.
2020-06-02 23:37:13,650 [Listener at 127.0.0.1/36455] INFO  container.ReplicationManager (ReplicationManager.java:stop(215)) - Replication Monitor Thread is not running.
2020-06-02 23:37:13,650 [Listener at 127.0.0.1/36455] INFO  server.StorageContainerManager (StorageContainerManager.java:stop(831)) - Stopping Lease Manager of the command watchers
2020-06-02 23:37:13,650 [Listener at 127.0.0.1/36455] INFO  server.StorageContainerManager (StorageContainerManager.java:stop(838)) - Stopping datanode service RPC server
2020-06-02 23:37:13,650 [CommandWatcher-LeaseManager#LeaseMonitor] ERROR lease.LeaseManager (LeaseManager.java:run(238)) - Execution was interrupted 
java.lang.InterruptedException: sleep interrupted
	at java.lang.Thread.sleep(Native Method)
	at org.apache.hadoop.ozone.lease.LeaseManager$LeaseMonitor.run(LeaseManager.java:234)
	at java.lang.Thread.run(Thread.java:748)
2020-06-02 23:37:13,650 [Listener at 127.0.0.1/36455] INFO  server.SCMDatanodeProtocolServer (SCMDatanodeProtocolServer.java:stop(361)) - Stopping the RPC server for DataNodes
2020-06-02 23:37:13,650 [Listener at 127.0.0.1/36455] INFO  ipc.Server (Server.java:stop(3359)) - Stopping server on 37665
2020-06-02 23:37:13,652 [IPC Server Responder] INFO  ipc.Server (Server.java:run(1465)) - Stopping IPC Server Responder
2020-06-02 23:37:13,652 [IPC Server listener on 0] INFO  ipc.Server (Server.java:run(1330)) - Stopping IPC Server listener on 0
2020-06-02 23:37:13,720 [SCM Heartbeat Processing Thread - 0] WARN  node.NodeStateManager (NodeStateManager.java:scheduleNextHealthCheck(661)) - Current Thread is interrupted, shutting down HB processing thread for Node Manager.
2020-06-02 23:37:13,720 [Listener at 127.0.0.1/36455] INFO  server.StorageContainerManager (StorageContainerManager.java:stop(846)) - Stopping block service RPC server
2020-06-02 23:37:13,721 [Listener at 127.0.0.1/36455] INFO  server.SCMBlockProtocolServer (SCMBlockProtocolServer.java:stop(158)) - Stopping the RPC server for Block Protocol
2020-06-02 23:37:13,721 [Listener at 127.0.0.1/36455] INFO  ipc.Server (Server.java:stop(3359)) - Stopping server on 41087
2020-06-02 23:37:13,722 [IPC Server Responder] INFO  ipc.Server (Server.java:run(1465)) - Stopping IPC Server Responder
2020-06-02 23:37:13,722 [IPC Server listener on 0] INFO  ipc.Server (Server.java:run(1330)) - Stopping IPC Server listener on 0
2020-06-02 23:37:13,722 [Listener at 127.0.0.1/36455] INFO  server.StorageContainerManager (StorageContainerManager.java:stop(853)) - Stopping the StorageContainerLocationProtocol RPC server
2020-06-02 23:37:13,723 [Listener at 127.0.0.1/36455] INFO  server.SCMClientProtocolServer (SCMClientProtocolServer.java:stop(166)) - Stopping the RPC server for Client Protocol
2020-06-02 23:37:13,723 [Listener at 127.0.0.1/36455] INFO  ipc.Server (Server.java:stop(3359)) - Stopping server on 45051
2020-06-02 23:37:13,725 [IPC Server listener on 0] INFO  ipc.Server (Server.java:run(1330)) - Stopping IPC Server listener on 0
2020-06-02 23:37:13,725 [Listener at 127.0.0.1/36455] INFO  server.StorageContainerManager (StorageContainerManager.java:stop(860)) - Stopping Storage Container Manager HTTP server.
2020-06-02 23:37:13,725 [IPC Server Responder] INFO  ipc.Server (Server.java:run(1465)) - Stopping IPC Server Responder
2020-06-02 23:37:13,726 [Listener at 127.0.0.1/36455] INFO  handler.ContextHandler (ContextHandler.java:doStop(1016)) - Stopped o.e.j.w.WebAppContext@55296b50{scm,/,null,UNAVAILABLE}{file:/github/workspace/mnt/ozone/hadoop-ozone/integration-test/target/test-classes/webapps/scm}
2020-06-02 23:37:13,726 [Listener at 127.0.0.1/36455] INFO  server.AbstractConnector (AbstractConnector.java:doStop(380)) - Stopped ServerConnector@7bee8621{HTTP/1.1,[http/1.1]}{0.0.0.0:0}
2020-06-02 23:37:13,727 [Listener at 127.0.0.1/36455] INFO  server.session (HouseKeeper.java:stopScavenging(158)) - node0 Stopped scavenging
2020-06-02 23:37:13,727 [Listener at 127.0.0.1/36455] INFO  handler.ContextHandler (ContextHandler.java:doStop(1016)) - Stopped o.e.j.s.ServletContextHandler@40ce9049{static,/static,file:///github/workspace/mnt/ozone/hadoop-ozone/integration-test/target/test-classes/webapps/static,UNAVAILABLE}
2020-06-02 23:37:13,727 [Listener at 127.0.0.1/36455] INFO  handler.ContextHandler (ContextHandler.java:doStop(1016)) - Stopped o.e.j.s.ServletContextHandler@2282400e{logs,/logs,file:///github/workspace/mnt/ozone/hadoop-ozone/integration-test/target/log,UNAVAILABLE}
2020-06-02 23:37:13,728 [Listener at 127.0.0.1/36455] INFO  server.StorageContainerManager (StorageContainerManager.java:stop(871)) - Stopping Block Manager Service.
2020-06-02 23:37:13,728 [Listener at 127.0.0.1/36455] INFO  utils.BackgroundService (BackgroundService.java:shutdown(157)) - Shutting down service SCMBlockDeletingService
2020-06-02 23:37:13,729 [Listener at 127.0.0.1/36455] INFO  utils.BackgroundService (BackgroundService.java:shutdown(157)) - Shutting down service SCMBlockDeletingService
2020-06-02 23:37:13,730 [Listener at 127.0.0.1/36455] INFO  server.StorageContainerManager (StorageContainerManager.java:stop(896)) - Stopping SCM Event Queue.
2020-06-02 23:37:13,735 [Listener at 127.0.0.1/36455] INFO  impl.MetricsSystemImpl (MetricsSystemImpl.java:stop(210)) - Stopping HddsDatanode metrics system...
2020-06-02 23:37:13,737 [prometheus] INFO  impl.MetricsSinkAdapter (MetricsSinkAdapter.java:publishMetricsFromQueue(141)) - prometheus thread interrupted.
2020-06-02 23:37:13,737 [Listener at 127.0.0.1/36455] INFO  impl.MetricsSystemImpl (MetricsSystemImpl.java:stop(216)) - HddsDatanode metrics system stopped.
]]></system-out>
    <system-err><![CDATA[ERROR StatusLogger No Log4j 2 configuration file found. Using default configuration (logging only errors to the console), or user programmatically provided configurations. Set system property 'log4j2.debug' to show Log4j 2 internal initialization logging. See https://logging.apache.org/log4j/2.x/manual/configuration.html for instructions on how to configure Log4j 2
Jun 02, 2020 11:37:08 PM org.apache.ratis.thirdparty.io.grpc.internal.SerializingExecutor run
SEVERE: Exception while executing runnable org.apache.ratis.thirdparty.io.grpc.internal.ServerImpl$JumpToApplicationThreadServerStreamListener$1Closed@5618acac
org.apache.ratis.thirdparty.io.grpc.StatusRuntimeException: CANCELLED: call already cancelled
	at org.apache.ratis.thirdparty.io.grpc.Status.asRuntimeException(Status.java:524)
	at org.apache.ratis.thirdparty.io.grpc.stub.ServerCalls$ServerCallStreamObserverImpl.onCompleted(ServerCalls.java:368)
	at org.apache.ratis.grpc.server.GrpcServerProtocolService$ServerRequestStreamObserver.onError(GrpcServerProtocolService.java:145)
	at org.apache.ratis.thirdparty.io.grpc.stub.ServerCalls$StreamingServerCallHandler$StreamingServerCallListener.onCancel(ServerCalls.java:272)
	at org.apache.ratis.thirdparty.io.grpc.internal.ServerCallImpl$ServerStreamListenerImpl.closedInternal(ServerCallImpl.java:353)
	at org.apache.ratis.thirdparty.io.grpc.internal.ServerCallImpl$ServerStreamListenerImpl.closed(ServerCallImpl.java:341)
	at org.apache.ratis.thirdparty.io.grpc.internal.ServerImpl$JumpToApplicationThreadServerStreamListener$1Closed.runInContext(ServerImpl.java:867)
	at org.apache.ratis.thirdparty.io.grpc.internal.ContextRunnable.run(ContextRunnable.java:37)
	at org.apache.ratis.thirdparty.io.grpc.internal.SerializingExecutor.run(SerializingExecutor.java:123)
	at java.util.concurrent.ThreadPoolExecutor.runWorker(ThreadPoolExecutor.java:1149)
	at java.util.concurrent.ThreadPoolExecutor$Worker.run(ThreadPoolExecutor.java:624)
	at java.lang.Thread.run(Thread.java:748)

Jun 02, 2020 11:37:08 PM org.apache.ratis.thirdparty.io.grpc.internal.SerializingExecutor run
SEVERE: Exception while executing runnable org.apache.ratis.thirdparty.io.grpc.internal.ServerImpl$JumpToApplicationThreadServerStreamListener$1Closed@6d98fc07
org.apache.ratis.thirdparty.io.grpc.StatusRuntimeException: CANCELLED: call already cancelled
	at org.apache.ratis.thirdparty.io.grpc.Status.asRuntimeException(Status.java:524)
	at org.apache.ratis.thirdparty.io.grpc.stub.ServerCalls$ServerCallStreamObserverImpl.onCompleted(ServerCalls.java:368)
	at org.apache.ratis.grpc.server.GrpcServerProtocolService$ServerRequestStreamObserver.onError(GrpcServerProtocolService.java:145)
	at org.apache.ratis.thirdparty.io.grpc.stub.ServerCalls$StreamingServerCallHandler$StreamingServerCallListener.onCancel(ServerCalls.java:272)
	at org.apache.ratis.thirdparty.io.grpc.internal.ServerCallImpl$ServerStreamListenerImpl.closedInternal(ServerCallImpl.java:353)
	at org.apache.ratis.thirdparty.io.grpc.internal.ServerCallImpl$ServerStreamListenerImpl.closed(ServerCallImpl.java:341)
	at org.apache.ratis.thirdparty.io.grpc.internal.ServerImpl$JumpToApplicationThreadServerStreamListener$1Closed.runInContext(ServerImpl.java:867)
	at org.apache.ratis.thirdparty.io.grpc.internal.ContextRunnable.run(ContextRunnable.java:37)
	at org.apache.ratis.thirdparty.io.grpc.internal.SerializingExecutor.run(SerializingExecutor.java:123)
	at java.util.concurrent.ThreadPoolExecutor.runWorker(ThreadPoolExecutor.java:1149)
	at java.util.concurrent.ThreadPoolExecutor$Worker.run(ThreadPoolExecutor.java:624)
	at java.lang.Thread.run(Thread.java:748)

]]></system-err>
  </testcase>
</testsuite>