<?xml version="1.0" encoding="UTF-8"?>
<testsuite xmlns:xsi="http://www.w3.org/2001/XMLSchema-instance" xsi:noNamespaceSchemaLocation="https://maven.apache.org/surefire/maven-surefire-plugin/xsd/surefire-test-report.xsd" name="org.apache.hadoop.ozone.scm.TestContainerSmallFile" time="135.118" tests="1" errors="1" skipped="0" failures="0">
  <properties>
    <property name="awt.toolkit" value="sun.awt.X11.XToolkit"/>
    <property name="file.encoding.pkg" value="sun.io"/>
    <property name="java.specification.version" value="1.8"/>
    <property name="sun.cpu.isalist" value=""/>
    <property name="sun.jnu.encoding" value="ANSI_X3.4-1968"/>
    <property name="java.class.path" value="/github/workspace/mnt/ozone/hadoop-ozone/integration-test/target/test-classes:/github/workspace/mnt/ozone/hadoop-ozone/integration-test/target/classes:/home/user/.m2/repository/org/apache/hadoop/hadoop-ozone-common/0.6.0-SNAPSHOT/hadoop-ozone-common-0.6.0-SNAPSHOT.jar:/home/user/.m2/repository/org/apache/commons/commons-compress/1.4.1/commons-compress-1.4.1.jar:/home/user/.m2/repository/org/tukaani/xz/1.0/xz-1.0.jar:/home/user/.m2/repository/org/apache/hadoop/hadoop-hdds-common/0.6.0-SNAPSHOT/hadoop-hdds-common-0.6.0-SNAPSHOT.jar:/home/user/.m2/repository/info/picocli/picocli/3.9.6/picocli-3.9.6.jar:/home/user/.m2/repository/com/fasterxml/jackson/core/jackson-annotations/2.10.3/jackson-annotations-2.10.3.jar:/home/user/.m2/repository/javax/annotation/javax.annotation-api/1.2/javax.annotation-api-1.2.jar:/home/user/.m2/repository/org/apache/ratis/ratis-server/0.6.0-cac3336-SNAPSHOT/ratis-server-0.6.0-cac3336-SNAPSHOT.jar:/home/user/.m2/repository/org/apache/ratis/ratis-thirdparty-misc/0.4.0/ratis-thirdparty-misc-0.4.0.jar:/home/user/.m2/repository/org/apache/ratis/ratis-client/0.6.0-cac3336-SNAPSHOT/ratis-client-0.6.0-cac3336-SNAPSHOT.jar:/home/user/.m2/repository/org/apache/ratis/ratis-metrics/0.6.0-cac3336-SNAPSHOT/ratis-metrics-0.6.0-cac3336-SNAPSHOT.jar:/home/user/.m2/repository/org/apache/ratis/ratis-netty/0.6.0-cac3336-SNAPSHOT/ratis-netty-0.6.0-cac3336-SNAPSHOT.jar:/home/user/.m2/repository/org/apache/ratis/ratis-grpc/0.6.0-cac3336-SNAPSHOT/ratis-grpc-0.6.0-cac3336-SNAPSHOT.jar:/home/user/.m2/repository/org/apache/logging/log4j/log4j-api/2.11.0/log4j-api-2.11.0.jar:/home/user/.m2/repository/org/apache/logging/log4j/log4j-core/2.11.0/log4j-core-2.11.0.jar:/home/user/.m2/repository/com/lmax/disruptor/3.4.2/disruptor-3.4.2.jar:/home/user/.m2/repository/org/apache/commons/commons-pool2/2.6.0/commons-pool2-2.6.0.jar:/home/user/.m2/repository/org/bouncycastle/bcpkix-jdk15on/1.60/bcpkix-jdk15on-1.60.jar:/home/user/.m2/repository/commons-validator/commons-validator/1.6/commons-validator-1.6.jar:/home/user/.m2/repository/commons-digester/commons-digester/1.8.1/commons-digester-1.8.1.jar:/home/user/.m2/repository/io/jaegertracing/jaeger-client/1.2.0/jaeger-client-1.2.0.jar:/home/user/.m2/repository/io/jaegertracing/jaeger-thrift/1.2.0/jaeger-thrift-1.2.0.jar:/home/user/.m2/repository/org/apache/thrift/libthrift/0.13.0/libthrift-0.13.0.jar:/home/user/.m2/repository/com/squareup/okhttp3/okhttp/4.2.2/okhttp-4.2.2.jar:/home/user/.m2/repository/com/squareup/okio/okio/2.2.2/okio-2.2.2.jar:/home/user/.m2/repository/org/jetbrains/kotlin/kotlin-stdlib/1.3.50/kotlin-stdlib-1.3.50.jar:/home/user/.m2/repository/org/jetbrains/kotlin/kotlin-stdlib-common/1.3.50/kotlin-stdlib-common-1.3.50.jar:/home/user/.m2/repository/org/jetbrains/annotations/13.0/annotations-13.0.jar:/home/user/.m2/repository/io/jaegertracing/jaeger-core/1.2.0/jaeger-core-1.2.0.jar:/home/user/.m2/repository/io/jaegertracing/jaeger-tracerresolver/1.2.0/jaeger-tracerresolver-1.2.0.jar:/home/user/.m2/repository/io/opentracing/contrib/opentracing-tracerresolver/0.1.8/opentracing-tracerresolver-0.1.8.jar:/home/user/.m2/repository/io/opentracing/opentracing-util/0.33.0/opentracing-util-0.33.0.jar:/home/user/.m2/repository/io/opentracing/opentracing-api/0.33.0/opentracing-api-0.33.0.jar:/home/user/.m2/repository/io/opentracing/opentracing-noop/0.33.0/opentracing-noop-0.33.0.jar:/home/user/.m2/repository/org/apache/hadoop/hadoop-hdds-client/0.6.0-SNAPSHOT/hadoop-hdds-client-0.6.0-SNAPSHOT.jar:/home/user/.m2/repository/org/apache/hadoop/hadoop-hdds-test-utils/0.6.0-SNAPSHOT/hadoop-hdds-test-utils-0.6.0-SNAPSHOT.jar:/home/user/.m2/repository/com/google/guava/guava/28.2-jre/guava-28.2-jre.jar:/home/user/.m2/repository/com/google/guava/failureaccess/1.0.1/failureaccess-1.0.1.jar:/home/user/.m2/repository/com/google/guava/listenablefuture/9999.0-empty-to-avoid-conflict-with-guava/listenablefuture-9999.0-empty-to-avoid-conflict-with-guava.jar:/home/user/.m2/repository/com/google/code/findbugs/jsr305/3.0.0/jsr305-3.0.0.jar:/home/user/.m2/repository/org/checkerframework/checker-qual/2.10.0/checker-qual-2.10.0.jar:/home/user/.m2/repository/com/google/errorprone/error_prone_annotations/2.2.0/error_prone_annotations-2.2.0.jar:/home/user/.m2/repository/com/google/j2objc/j2objc-annotations/1.3/j2objc-annotations-1.3.jar:/home/user/.m2/repository/commons-io/commons-io/2.5/commons-io-2.5.jar:/home/user/.m2/repository/commons-logging/commons-logging/1.2/commons-logging-1.2.jar:/home/user/.m2/repository/log4j/log4j/1.2.17/log4j-1.2.17.jar:/home/user/.m2/repository/org/slf4j/slf4j-api/1.7.25/slf4j-api-1.7.25.jar:/home/user/.m2/repository/org/apache/hadoop/hadoop-hdds-server-scm/0.6.0-SNAPSHOT/hadoop-hdds-server-scm-0.6.0-SNAPSHOT.jar:/home/user/.m2/repository/org/apache/hadoop/hadoop-hdds-container-service/0.6.0-SNAPSHOT/hadoop-hdds-container-service-0.6.0-SNAPSHOT.jar:/home/user/.m2/repository/org/apache/hadoop/hadoop-hdds-hadoop-dependency-server/0.6.0-SNAPSHOT/hadoop-hdds-hadoop-dependency-server-0.6.0-SNAPSHOT.jar:/home/user/.m2/repository/org/apache/hadoop/hadoop-hdds-server-framework/0.6.0-SNAPSHOT/hadoop-hdds-server-framework-0.6.0-SNAPSHOT.jar:/home/user/.m2/repository/org/rocksdb/rocksdbjni/6.6.4/rocksdbjni-6.6.4.jar:/home/user/.m2/repository/io/prometheus/simpleclient_dropwizard/0.7.0/simpleclient_dropwizard-0.7.0.jar:/home/user/.m2/repository/io/prometheus/simpleclient/0.7.0/simpleclient-0.7.0.jar:/home/user/.m2/repository/io/prometheus/simpleclient_common/0.7.0/simpleclient_common-0.7.0.jar:/home/user/.m2/repository/com/fasterxml/jackson/datatype/jackson-datatype-jsr310/2.10.3/jackson-datatype-jsr310-2.10.3.jar:/home/user/.m2/repository/org/apache/hadoop/hadoop-hdds-docs/0.6.0-SNAPSHOT/hadoop-hdds-docs-0.6.0-SNAPSHOT.jar:/home/user/.m2/repository/io/dropwizard/metrics/metrics-core/3.2.4/metrics-core-3.2.4.jar:/home/user/.m2/repository/org/apache/hadoop/hadoop-hdfs-client/3.2.1/hadoop-hdfs-client-3.2.1.jar:/home/user/.m2/repository/org/bouncycastle/bcprov-jdk15on/1.60/bcprov-jdk15on-1.60.jar:/home/user/.m2/repository/org/apache/hadoop/hadoop-ozone-ozone-manager/0.6.0-SNAPSHOT/hadoop-ozone-ozone-manager-0.6.0-SNAPSHOT.jar:/home/user/.m2/repository/org/apache/hadoop/hadoop-minikdc/3.2.1/hadoop-minikdc-3.2.1.jar:/home/user/.m2/repository/org/apache/kerby/kerb-simplekdc/1.0.1/kerb-simplekdc-1.0.1.jar:/home/user/.m2/repository/org/apache/kerby/kerb-client/1.0.1/kerb-client-1.0.1.jar:/home/user/.m2/repository/org/apache/kerby/kerby-config/1.0.1/kerby-config-1.0.1.jar:/home/user/.m2/repository/org/apache/kerby/kerb-core/1.0.1/kerb-core-1.0.1.jar:/home/user/.m2/repository/org/apache/kerby/kerby-pkix/1.0.1/kerby-pkix-1.0.1.jar:/home/user/.m2/repository/org/apache/kerby/kerby-asn1/1.0.1/kerby-asn1-1.0.1.jar:/home/user/.m2/repository/org/apache/kerby/kerby-util/1.0.1/kerby-util-1.0.1.jar:/home/user/.m2/repository/org/apache/kerby/kerb-common/1.0.1/kerb-common-1.0.1.jar:/home/user/.m2/repository/org/apache/kerby/kerb-crypto/1.0.1/kerb-crypto-1.0.1.jar:/home/user/.m2/repository/org/apache/kerby/kerb-util/1.0.1/kerb-util-1.0.1.jar:/home/user/.m2/repository/org/apache/kerby/token-provider/1.0.1/token-provider-1.0.1.jar:/home/user/.m2/repository/org/apache/kerby/kerb-admin/1.0.1/kerb-admin-1.0.1.jar:/home/user/.m2/repository/org/apache/kerby/kerb-server/1.0.1/kerb-server-1.0.1.jar:/home/user/.m2/repository/org/apache/kerby/kerb-identity/1.0.1/kerb-identity-1.0.1.jar:/home/user/.m2/repository/org/apache/kerby/kerby-xdr/1.0.1/kerby-xdr-1.0.1.jar:/home/user/.m2/repository/org/slf4j/slf4j-log4j12/1.7.25/slf4j-log4j12-1.7.25.jar:/home/user/.m2/repository/org/apache/hadoop/hadoop-ozone-s3gateway/0.6.0-SNAPSHOT/hadoop-ozone-s3gateway-0.6.0-SNAPSHOT.jar:/home/user/.m2/repository/org/jboss/weld/servlet/weld-servlet/2.4.7.Final/weld-servlet-2.4.7.Final.jar:/home/user/.m2/repository/org/glassfish/jersey/containers/jersey-container-servlet-core/2.27/jersey-container-servlet-core-2.27.jar:/home/user/.m2/repository/org/glassfish/hk2/external/javax.inject/2.5.0-b42/javax.inject-2.5.0-b42.jar:/home/user/.m2/repository/org/glassfish/jersey/core/jersey-common/2.27/jersey-common-2.27.jar:/home/user/.m2/repository/org/glassfish/hk2/osgi-resource-locator/1.0.1/osgi-resource-locator-1.0.1.jar:/home/user/.m2/repository/javax/ws/rs/javax.ws.rs-api/2.1/javax.ws.rs-api-2.1.jar:/home/user/.m2/repository/org/glassfish/jersey/ext/cdi/jersey-cdi1x/2.27/jersey-cdi1x-2.27.jar:/home/user/.m2/repository/org/glassfish/jersey/inject/jersey-hk2/2.27/jersey-hk2-2.27.jar:/home/user/.m2/repository/org/glassfish/hk2/hk2-locator/2.5.0-b42/hk2-locator-2.5.0-b42.jar:/home/user/.m2/repository/org/javassist/javassist/3.22.0-CR2/javassist-3.22.0-CR2.jar:/home/user/.m2/repository/org/glassfish/hk2/hk2-api/2.5.0/hk2-api-2.5.0.jar:/home/user/.m2/repository/org/glassfish/hk2/external/jakarta.inject/2.5.0/jakarta.inject-2.5.0.jar:/home/user/.m2/repository/org/glassfish/hk2/hk2-utils/2.5.0/hk2-utils-2.5.0.jar:/home/user/.m2/repository/jakarta/annotation/jakarta.annotation-api/1.3.4/jakarta.annotation-api-1.3.4.jar:/home/user/.m2/repository/org/glassfish/hk2/external/aopalliance-repackaged/2.5.0/aopalliance-repackaged-2.5.0.jar:/home/user/.m2/repository/com/fasterxml/jackson/dataformat/jackson-dataformat-xml/2.10.3/jackson-dataformat-xml-2.10.3.jar:/home/user/.m2/repository/com/fasterxml/jackson/core/jackson-core/2.10.3/jackson-core-2.10.3.jar:/home/user/.m2/repository/com/fasterxml/jackson/module/jackson-module-jaxb-annotations/2.10.3/jackson-module-jaxb-annotations-2.10.3.jar:/home/user/.m2/repository/jakarta/xml/bind/jakarta.xml.bind-api/2.3.2/jakarta.xml.bind-api-2.3.2.jar:/home/user/.m2/repository/jakarta/activation/jakarta.activation-api/1.2.1/jakarta.activation-api-1.2.1.jar:/home/user/.m2/repository/org/codehaus/woodstox/stax2-api/3.1.4/stax2-api-3.1.4.jar:/home/user/.m2/repository/com/fasterxml/woodstox/woodstox-core/5.0.3/woodstox-core-5.0.3.jar:/home/user/.m2/repository/javax/enterprise/cdi-api/1.2/cdi-api-1.2.jar:/home/user/.m2/repository/javax/el/javax.el-api/3.0.0/javax.el-api-3.0.0.jar:/home/user/.m2/repository/javax/interceptor/javax.interceptor-api/1.2/javax.interceptor-api-1.2.jar:/home/user/.m2/repository/javax/inject/javax.inject/1/javax.inject-1.jar:/home/user/.m2/repository/com/sun/xml/bind/jaxb-impl/2.3.0.1/jaxb-impl-2.3.0.1.jar:/home/user/.m2/repository/com/sun/xml/bind/jaxb-core/2.3.0.1/jaxb-core-2.3.0.1.jar:/home/user/.m2/repository/javax/xml/bind/jaxb-api/2.3.0/jaxb-api-2.3.0.jar:/home/user/.m2/repository/javax/activation/activation/1.1.1/activation-1.1.1.jar:/home/user/.m2/repository/org/apache/hadoop/hadoop-ozone-csi/0.6.0-SNAPSHOT/hadoop-ozone-csi-0.6.0-SNAPSHOT.jar:/home/user/.m2/repository/com/google/protobuf/protobuf-java-util/3.11.0/protobuf-java-util-3.11.0.jar:/home/user/.m2/repository/com/google/code/gson/gson/2.2.4/gson-2.2.4.jar:/home/user/.m2/repository/org/apache/hadoop/hadoop-hdds-config/0.6.0-SNAPSHOT/hadoop-hdds-config-0.6.0-SNAPSHOT.jar:/home/user/.m2/repository/com/google/protobuf/protobuf-java/2.5.0/protobuf-java-2.5.0.jar:/home/user/.m2/repository/io/grpc/grpc-netty/1.29.0/grpc-netty-1.29.0.jar:/home/user/.m2/repository/io/grpc/grpc-core/1.29.0/grpc-core-1.29.0.jar:/home/user/.m2/repository/com/google/android/annotations/4.1.1.4/annotations-4.1.1.4.jar:/home/user/.m2/repository/io/perfmark/perfmark-api/0.19.0/perfmark-api-0.19.0.jar:/home/user/.m2/repository/io/netty/netty-codec-http2/4.1.48.Final/netty-codec-http2-4.1.48.Final.jar:/home/user/.m2/repository/io/netty/netty-codec/4.1.48.Final/netty-codec-4.1.48.Final.jar:/home/user/.m2/repository/io/netty/netty-handler/4.1.48.Final/netty-handler-4.1.48.Final.jar:/home/user/.m2/repository/io/netty/netty-codec-http/4.1.48.Final/netty-codec-http-4.1.48.Final.jar:/home/user/.m2/repository/io/netty/netty-handler-proxy/4.1.48.Final/netty-handler-proxy-4.1.48.Final.jar:/home/user/.m2/repository/io/netty/netty-codec-socks/4.1.48.Final/netty-codec-socks-4.1.48.Final.jar:/home/user/.m2/repository/io/netty/netty-transport-native-epoll/4.1.48.Final/netty-transport-native-epoll-4.1.48.Final.jar:/home/user/.m2/repository/io/netty/netty-common/4.1.48.Final/netty-common-4.1.48.Final.jar:/home/user/.m2/repository/io/netty/netty-buffer/4.1.48.Final/netty-buffer-4.1.48.Final.jar:/home/user/.m2/repository/io/netty/netty-transport/4.1.48.Final/netty-transport-4.1.48.Final.jar:/home/user/.m2/repository/io/netty/netty-resolver/4.1.48.Final/netty-resolver-4.1.48.Final.jar:/home/user/.m2/repository/io/netty/netty-transport-native-unix-common/4.1.48.Final/netty-transport-native-unix-common-4.1.48.Final.jar:/home/user/.m2/repository/io/grpc/grpc-protobuf/1.29.0/grpc-protobuf-1.29.0.jar:/home/user/.m2/repository/io/grpc/grpc-api/1.29.0/grpc-api-1.29.0.jar:/home/user/.m2/repository/io/grpc/grpc-context/1.29.0/grpc-context-1.29.0.jar:/home/user/.m2/repository/org/codehaus/mojo/animal-sniffer-annotations/1.18/animal-sniffer-annotations-1.18.jar:/home/user/.m2/repository/com/google/api/grpc/proto-google-common-protos/1.17.0/proto-google-common-protos-1.17.0.jar:/home/user/.m2/repository/io/grpc/grpc-protobuf-lite/1.29.0/grpc-protobuf-lite-1.29.0.jar:/home/user/.m2/repository/io/grpc/grpc-stub/1.29.0/grpc-stub-1.29.0.jar:/home/user/.m2/repository/org/apache/hadoop/hadoop-ozone-recon/0.6.0-SNAPSHOT/hadoop-ozone-recon-0.6.0-SNAPSHOT.jar:/home/user/.m2/repository/org/apache/hadoop/hadoop-ozone-reconcodegen/0.6.0-SNAPSHOT/hadoop-ozone-reconcodegen-0.6.0-SNAPSHOT.jar:/home/user/.m2/repository/com/google/inject/extensions/guice-multibindings/4.0/guice-multibindings-4.0.jar:/home/user/.m2/repository/com/google/inject/guice/4.0/guice-4.0.jar:/home/user/.m2/repository/aopalliance/aopalliance/1.0/aopalliance-1.0.jar:/home/user/.m2/repository/com/google/inject/extensions/guice-assistedinject/4.0/guice-assistedinject-4.0.jar:/home/user/.m2/repository/com/google/inject/extensions/guice-servlet/4.0/guice-servlet-4.0.jar:/home/user/.m2/repository/org/glassfish/jersey/containers/jersey-container-servlet/2.27/jersey-container-servlet-2.27.jar:/home/user/.m2/repository/org/glassfish/hk2/guice-bridge/2.5.0/guice-bridge-2.5.0.jar:/home/user/.m2/repository/org/glassfish/jersey/core/jersey-server/2.27/jersey-server-2.27.jar:/home/user/.m2/repository/org/glassfish/jersey/core/jersey-client/2.27/jersey-client-2.27.jar:/home/user/.m2/repository/org/glassfish/jersey/media/jersey-media-jaxb/2.27/jersey-media-jaxb-2.27.jar:/home/user/.m2/repository/javax/validation/validation-api/1.1.0.Final/validation-api-1.1.0.Final.jar:/home/user/.m2/repository/org/glassfish/jersey/media/jersey-media-json-jackson/2.27/jersey-media-json-jackson-2.27.jar:/home/user/.m2/repository/org/glassfish/jersey/ext/jersey-entity-filtering/2.27/jersey-entity-filtering-2.27.jar:/home/user/.m2/repository/org/jooq/jooq/3.11.10/jooq-3.11.10.jar:/home/user/.m2/repository/org/jooq/jooq-meta/3.11.10/jooq-meta-3.11.10.jar:/home/user/.m2/repository/org/jooq/jooq-codegen/3.11.10/jooq-codegen-3.11.10.jar:/home/user/.m2/repository/com/jolbox/bonecp/0.8.0.RELEASE/bonecp-0.8.0.RELEASE.jar:/home/user/.m2/repository/org/apache/derby/derby/10.14.2.0/derby-10.14.2.0.jar:/home/user/.m2/repository/org/xerial/sqlite-jdbc/3.25.2/sqlite-jdbc-3.25.2.jar:/home/user/.m2/repository/org/springframework/spring-jdbc/5.2.5.RELEASE/spring-jdbc-5.2.5.RELEASE.jar:/home/user/.m2/repository/org/springframework/spring-beans/5.2.5.RELEASE/spring-beans-5.2.5.RELEASE.jar:/home/user/.m2/repository/org/springframework/spring-core/5.2.5.RELEASE/spring-core-5.2.5.RELEASE.jar:/home/user/.m2/repository/org/springframework/spring-jcl/5.2.5.RELEASE/spring-jcl-5.2.5.RELEASE.jar:/home/user/.m2/repository/org/springframework/spring-tx/5.2.5.RELEASE/spring-tx-5.2.5.RELEASE.jar:/home/user/.m2/repository/org/apache/hadoop/hadoop-ozone-client/0.6.0-SNAPSHOT/hadoop-ozone-client-0.6.0-SNAPSHOT.jar:/home/user/.m2/repository/org/apache/hadoop/hadoop-ozone-filesystem/0.6.0-SNAPSHOT/hadoop-ozone-filesystem-0.6.0-SNAPSHOT.jar:/home/user/.m2/repository/org/apache/hadoop/hadoop-hdds-hadoop-dependency-client/0.6.0-SNAPSHOT/hadoop-hdds-hadoop-dependency-client-0.6.0-SNAPSHOT.jar:/home/user/.m2/repository/org/apache/hadoop/hadoop-ozone-tools/0.6.0-SNAPSHOT/hadoop-ozone-tools-0.6.0-SNAPSHOT.jar:/home/user/.m2/repository/org/apache/hadoop/hadoop-hdfs/3.2.1/hadoop-hdfs-3.2.1.jar:/home/user/.m2/repository/org/apache/ratis/ratis-tools/0.6.0-cac3336-SNAPSHOT/ratis-tools-0.6.0-cac3336-SNAPSHOT.jar:/home/user/.m2/repository/org/apache/ratis/ratis-proto/0.6.0-cac3336-SNAPSHOT/ratis-proto-0.6.0-cac3336-SNAPSHOT.jar:/home/user/.m2/repository/org/apache/ratis/ratis-common/0.6.0-cac3336-SNAPSHOT/ratis-common-0.6.0-cac3336-SNAPSHOT.jar:/home/user/.m2/repository/com/amazonaws/aws-java-sdk-core/1.11.615/aws-java-sdk-core-1.11.615.jar:/home/user/.m2/repository/org/apache/httpcomponents/httpclient/4.5.2/httpclient-4.5.2.jar:/home/user/.m2/repository/org/apache/httpcomponents/httpcore/4.4.4/httpcore-4.4.4.jar:/home/user/.m2/repository/software/amazon/ion/ion-java/1.0.2/ion-java-1.0.2.jar:/home/user/.m2/repository/com/fasterxml/jackson/dataformat/jackson-dataformat-cbor/2.10.3/jackson-dataformat-cbor-2.10.3.jar:/home/user/.m2/repository/joda-time/joda-time/2.8.1/joda-time-2.8.1.jar:/home/user/.m2/repository/com/amazonaws/aws-java-sdk-s3/1.11.615/aws-java-sdk-s3-1.11.615.jar:/home/user/.m2/repository/com/amazonaws/aws-java-sdk-kms/1.11.615/aws-java-sdk-kms-1.11.615.jar:/home/user/.m2/repository/com/amazonaws/jmespath-java/1.11.615/jmespath-java-1.11.615.jar:/home/user/.m2/repository/org/apache/hadoop/hadoop-hdds-tools/0.6.0-SNAPSHOT/hadoop-hdds-tools-0.6.0-SNAPSHOT.jar:/home/user/.m2/repository/commons-cli/commons-cli/1.2/commons-cli-1.2.jar:/home/user/.m2/repository/org/apache/commons/commons-lang3/3.7/commons-lang3-3.7.jar:/home/user/.m2/repository/org/apache/hadoop/hadoop-ozone-ozone-manager/0.6.0-SNAPSHOT/hadoop-ozone-ozone-manager-0.6.0-SNAPSHOT-tests.jar:/home/user/.m2/repository/junit/junit/4.11/junit-4.11.jar:/home/user/.m2/repository/org/hamcrest/hamcrest-core/1.3/hamcrest-core-1.3.jar:/home/user/.m2/repository/org/openjdk/jmh/jmh-core/1.19/jmh-core-1.19.jar:/home/user/.m2/repository/net/sf/jopt-simple/jopt-simple/4.6/jopt-simple-4.6.jar:/home/user/.m2/repository/org/apache/commons/commons-math3/3.1.1/commons-math3-3.1.1.jar:/home/user/.m2/repository/org/openjdk/jmh/jmh-generator-annprocess/1.19/jmh-generator-annprocess-1.19.jar:/home/user/.m2/repository/org/mockito/mockito-all/1.8.5/mockito-all-1.8.5.jar:/home/user/.m2/repository/org/apache/hadoop/hadoop-kms/3.2.1/hadoop-kms-3.2.1.jar:/home/user/.m2/repository/org/apache/hadoop/hadoop-auth/3.2.1/hadoop-auth-3.2.1.jar:/home/user/.m2/repository/com/nimbusds/nimbus-jose-jwt/7.9/nimbus-jose-jwt-7.9.jar:/home/user/.m2/repository/com/github/stephenc/jcip/jcip-annotations/1.0-1/jcip-annotations-1.0-1.jar:/home/user/.m2/repository/net/minidev/json-smart/2.3/json-smart-2.3.jar:/home/user/.m2/repository/net/minidev/accessors-smart/1.2/accessors-smart-1.2.jar:/home/user/.m2/repository/org/ow2/asm/asm/5.0.4/asm-5.0.4.jar:/home/user/.m2/repository/org/apache/zookeeper/zookeeper/3.4.13/zookeeper-3.4.13.jar:/home/user/.m2/repository/org/apache/yetus/audience-annotations/0.5.0/audience-annotations-0.5.0.jar:/home/user/.m2/repository/org/apache/curator/curator-framework/2.13.0/curator-framework-2.13.0.jar:/home/user/.m2/repository/com/sun/jersey/jersey-core/1.19/jersey-core-1.19.jar:/home/user/.m2/repository/javax/ws/rs/jsr311-api/1.1.1/jsr311-api-1.1.1.jar:/home/user/.m2/repository/com/sun/jersey/jersey-server/1.19/jersey-server-1.19.jar:/home/user/.m2/repository/javax/servlet/javax.servlet-api/3.1.0/javax.servlet-api-3.1.0.jar:/home/user/.m2/repository/org/eclipse/jetty/jetty-server/9.4.26.v20200117/jetty-server-9.4.26.v20200117.jar:/home/user/.m2/repository/org/eclipse/jetty/jetty-http/9.4.26.v20200117/jetty-http-9.4.26.v20200117.jar:/home/user/.m2/repository/org/eclipse/jetty/jetty-io/9.4.26.v20200117/jetty-io-9.4.26.v20200117.jar:/home/user/.m2/repository/org/eclipse/jetty/jetty-webapp/9.4.26.v20200117/jetty-webapp-9.4.26.v20200117.jar:/home/user/.m2/repository/org/eclipse/jetty/jetty-xml/9.4.26.v20200117/jetty-xml-9.4.26.v20200117.jar:/home/user/.m2/repository/org/eclipse/jetty/jetty-servlet/9.4.26.v20200117/jetty-servlet-9.4.26.v20200117.jar:/home/user/.m2/repository/org/eclipse/jetty/jetty-security/9.4.26.v20200117/jetty-security-9.4.26.v20200117.jar:/home/user/.m2/repository/org/apache/hadoop/hadoop-common/3.2.1/hadoop-common-3.2.1.jar:/home/user/.m2/repository/commons-net/commons-net/3.6/commons-net-3.6.jar:/home/user/.m2/repository/commons-collections/commons-collections/3.2.2/commons-collections-3.2.2.jar:/home/user/.m2/repository/com/sun/jersey/jersey-servlet/1.19/jersey-servlet-1.19.jar:/home/user/.m2/repository/com/sun/jersey/jersey-json/1.19/jersey-json-1.19.jar:/home/user/.m2/repository/org/codehaus/jettison/jettison/1.1/jettison-1.1.jar:/home/user/.m2/repository/org/codehaus/jackson/jackson-jaxrs/1.9.2/jackson-jaxrs-1.9.2.jar:/home/user/.m2/repository/org/codehaus/jackson/jackson-xc/1.9.2/jackson-xc-1.9.2.jar:/home/user/.m2/repository/commons-beanutils/commons-beanutils/1.9.4/commons-beanutils-1.9.4.jar:/home/user/.m2/repository/org/apache/commons/commons-configuration2/2.1.1/commons-configuration2-2.1.1.jar:/home/user/.m2/repository/org/apache/commons/commons-text/1.4/commons-text-1.4.jar:/home/user/.m2/repository/com/google/re2j/re2j/1.1/re2j-1.1.jar:/home/user/.m2/repository/com/jcraft/jsch/0.1.54/jsch-0.1.54.jar:/home/user/.m2/repository/org/apache/curator/curator-client/2.13.0/curator-client-2.13.0.jar:/home/user/.m2/repository/org/apache/curator/curator-recipes/2.13.0/curator-recipes-2.13.0.jar:/home/user/.m2/repository/dnsjava/dnsjava/2.1.7/dnsjava-2.1.7.jar:/home/user/.m2/repository/org/slf4j/jul-to-slf4j/1.7.25/jul-to-slf4j-1.7.25.jar:/home/user/.m2/repository/org/eclipse/jetty/jetty-util/9.4.26.v20200117/jetty-util-9.4.26.v20200117.jar:/home/user/.m2/repository/com/fasterxml/jackson/core/jackson-databind/2.10.3/jackson-databind-2.10.3.jar:/home/user/.m2/repository/org/apache/hadoop/hadoop-kms/3.2.1/hadoop-kms-3.2.1-tests.jar:/home/user/.m2/repository/org/apache/hadoop/hadoop-hdds-server-scm/0.6.0-SNAPSHOT/hadoop-hdds-server-scm-0.6.0-SNAPSHOT-tests.jar:/home/user/.m2/repository/org/apache/hadoop/hadoop-hdds-container-service/0.6.0-SNAPSHOT/hadoop-hdds-container-service-0.6.0-SNAPSHOT-tests.jar:/home/user/.m2/repository/org/apache/hadoop/hadoop-hdds-common/0.6.0-SNAPSHOT/hadoop-hdds-common-0.6.0-SNAPSHOT-tests.jar:/home/user/.m2/repository/org/yaml/snakeyaml/1.16/snakeyaml-1.16.jar:/home/user/.m2/repository/org/apache/hadoop/hadoop-hdds-hadoop-dependency-test/0.6.0-SNAPSHOT/hadoop-hdds-hadoop-dependency-test-0.6.0-SNAPSHOT.jar:/home/user/.m2/repository/org/apache/hadoop/hadoop-common/3.2.1/hadoop-common-3.2.1-tests.jar:/home/user/.m2/repository/javax/servlet/jsp/jsp-api/2.1/jsp-api-2.1.jar:/home/user/.m2/repository/org/apache/hadoop/hadoop-hdfs/3.2.1/hadoop-hdfs-3.2.1-tests.jar:/home/user/.m2/repository/org/eclipse/jetty/jetty-util-ajax/9.4.26.v20200117/jetty-util-ajax-9.4.26.v20200117.jar:/home/user/.m2/repository/commons-codec/commons-codec/1.11/commons-codec-1.11.jar:/home/user/.m2/repository/commons-daemon/commons-daemon/1.0.13/commons-daemon-1.0.13.jar:/home/user/.m2/repository/io/netty/netty/3.10.5.Final/netty-3.10.5.Final.jar:/home/user/.m2/repository/io/netty/netty-all/4.1.48.Final/netty-all-4.1.48.Final.jar:/home/user/.m2/repository/org/apache/htrace/htrace-core4/4.1.0-incubating/htrace-core4-4.1.0-incubating.jar:/home/user/.m2/repository/org/fusesource/leveldbjni/leveldbjni-all/1.8/leveldbjni-all-1.8.jar:/home/user/.m2/repository/org/apache/hadoop/hadoop-distcp/3.2.1/hadoop-distcp-3.2.1.jar:/home/user/.m2/repository/org/apache/hadoop/hadoop-mapreduce-client-jobclient/3.2.1/hadoop-mapreduce-client-jobclient-3.2.1.jar:/home/user/.m2/repository/org/apache/hadoop/hadoop-mapreduce-client-common/3.2.1/hadoop-mapreduce-client-common-3.2.1.jar:/home/user/.m2/repository/org/apache/hadoop/hadoop-yarn-common/3.2.1/hadoop-yarn-common-3.2.1.jar:/home/user/.m2/repository/org/apache/hadoop/hadoop-yarn-api/3.2.1/hadoop-yarn-api-3.2.1.jar:/home/user/.m2/repository/com/sun/jersey/jersey-client/1.19/jersey-client-1.19.jar:/home/user/.m2/repository/com/sun/jersey/contribs/jersey-guice/1.19/jersey-guice-1.19.jar:/home/user/.m2/repository/com/fasterxml/jackson/jaxrs/jackson-jaxrs-json-provider/2.10.3/jackson-jaxrs-json-provider-2.10.3.jar:/home/user/.m2/repository/com/fasterxml/jackson/jaxrs/jackson-jaxrs-base/2.10.3/jackson-jaxrs-base-2.10.3.jar:/home/user/.m2/repository/org/apache/hadoop/hadoop-yarn-client/3.2.1/hadoop-yarn-client-3.2.1.jar:/home/user/.m2/repository/org/apache/hadoop/hadoop-mapreduce-client-core/3.2.1/hadoop-mapreduce-client-core-3.2.1.jar:/home/user/.m2/repository/org/apache/avro/avro/1.7.7/avro-1.7.7.jar:/home/user/.m2/repository/org/codehaus/jackson/jackson-core-asl/1.9.13/jackson-core-asl-1.9.13.jar:/home/user/.m2/repository/org/codehaus/jackson/jackson-mapper-asl/1.9.13/jackson-mapper-asl-1.9.13.jar:/home/user/.m2/repository/com/thoughtworks/paranamer/paranamer/2.3/paranamer-2.3.jar:/home/user/.m2/repository/org/xerial/snappy/snappy-java/1.0.5/snappy-java-1.0.5.jar:/home/user/.m2/repository/org/apache/hadoop/hadoop-annotations/3.2.1/hadoop-annotations-3.2.1.jar:/usr/lib/jvm/java-1.8.0-openjdk-1.8.0.232.b09-0.el7_7.x86_64/jre/../lib/tools.jar:/home/user/.m2/repository/org/apache/hadoop/hadoop-distcp/3.2.1/hadoop-distcp-3.2.1-tests.jar:"/>
    <property name="java.vm.vendor" value="Oracle Corporation"/>
    <property name="sun.arch.data.model" value="64"/>
    <property name="test.build.dir" value="/github/workspace/mnt/ozone/hadoop-ozone/integration-test/target/test-dir"/>
    <property name="test.cache.data" value=""/>
    <property name="java.vendor.url" value="http://java.oracle.com/"/>
    <property name="user.timezone" value=""/>
    <property name="java.vm.specification.version" value="1.8"/>
    <property name="os.name" value="Linux"/>
    <property name="test.build.data" value="/github/workspace/mnt/ozone/hadoop-ozone/integration-test/target/test-dir"/>
    <property name="user.country" value="US"/>
    <property name="sun.java.launcher" value="SUN_STANDARD"/>
    <property name="sun.boot.library.path" value="/usr/lib/jvm/java-1.8.0-openjdk-1.8.0.232.b09-0.el7_7.x86_64/jre/lib/amd64"/>
    <property name="sun.java.command" value="/github/workspace/mnt/ozone/hadoop-ozone/integration-test/target/surefire/surefirebooter4976538721594153788.jar /github/workspace/mnt/ozone/hadoop-ozone/integration-test/target/surefire 2020-06-02T22-39-55_609-jvmRun1 surefire5255876529283744472tmp surefire_1963634412002471780tmp"/>
    <property name="surefire.test.class.path" value="/github/workspace/mnt/ozone/hadoop-ozone/integration-test/target/test-classes:/github/workspace/mnt/ozone/hadoop-ozone/integration-test/target/classes:/home/user/.m2/repository/org/apache/hadoop/hadoop-ozone-common/0.6.0-SNAPSHOT/hadoop-ozone-common-0.6.0-SNAPSHOT.jar:/home/user/.m2/repository/org/apache/commons/commons-compress/1.4.1/commons-compress-1.4.1.jar:/home/user/.m2/repository/org/tukaani/xz/1.0/xz-1.0.jar:/home/user/.m2/repository/org/apache/hadoop/hadoop-hdds-common/0.6.0-SNAPSHOT/hadoop-hdds-common-0.6.0-SNAPSHOT.jar:/home/user/.m2/repository/info/picocli/picocli/3.9.6/picocli-3.9.6.jar:/home/user/.m2/repository/com/fasterxml/jackson/core/jackson-annotations/2.10.3/jackson-annotations-2.10.3.jar:/home/user/.m2/repository/javax/annotation/javax.annotation-api/1.2/javax.annotation-api-1.2.jar:/home/user/.m2/repository/org/apache/ratis/ratis-server/0.6.0-cac3336-SNAPSHOT/ratis-server-0.6.0-cac3336-SNAPSHOT.jar:/home/user/.m2/repository/org/apache/ratis/ratis-thirdparty-misc/0.4.0/ratis-thirdparty-misc-0.4.0.jar:/home/user/.m2/repository/org/apache/ratis/ratis-client/0.6.0-cac3336-SNAPSHOT/ratis-client-0.6.0-cac3336-SNAPSHOT.jar:/home/user/.m2/repository/org/apache/ratis/ratis-metrics/0.6.0-cac3336-SNAPSHOT/ratis-metrics-0.6.0-cac3336-SNAPSHOT.jar:/home/user/.m2/repository/org/apache/ratis/ratis-netty/0.6.0-cac3336-SNAPSHOT/ratis-netty-0.6.0-cac3336-SNAPSHOT.jar:/home/user/.m2/repository/org/apache/ratis/ratis-grpc/0.6.0-cac3336-SNAPSHOT/ratis-grpc-0.6.0-cac3336-SNAPSHOT.jar:/home/user/.m2/repository/org/apache/logging/log4j/log4j-api/2.11.0/log4j-api-2.11.0.jar:/home/user/.m2/repository/org/apache/logging/log4j/log4j-core/2.11.0/log4j-core-2.11.0.jar:/home/user/.m2/repository/com/lmax/disruptor/3.4.2/disruptor-3.4.2.jar:/home/user/.m2/repository/org/apache/commons/commons-pool2/2.6.0/commons-pool2-2.6.0.jar:/home/user/.m2/repository/org/bouncycastle/bcpkix-jdk15on/1.60/bcpkix-jdk15on-1.60.jar:/home/user/.m2/repository/commons-validator/commons-validator/1.6/commons-validator-1.6.jar:/home/user/.m2/repository/commons-digester/commons-digester/1.8.1/commons-digester-1.8.1.jar:/home/user/.m2/repository/io/jaegertracing/jaeger-client/1.2.0/jaeger-client-1.2.0.jar:/home/user/.m2/repository/io/jaegertracing/jaeger-thrift/1.2.0/jaeger-thrift-1.2.0.jar:/home/user/.m2/repository/org/apache/thrift/libthrift/0.13.0/libthrift-0.13.0.jar:/home/user/.m2/repository/com/squareup/okhttp3/okhttp/4.2.2/okhttp-4.2.2.jar:/home/user/.m2/repository/com/squareup/okio/okio/2.2.2/okio-2.2.2.jar:/home/user/.m2/repository/org/jetbrains/kotlin/kotlin-stdlib/1.3.50/kotlin-stdlib-1.3.50.jar:/home/user/.m2/repository/org/jetbrains/kotlin/kotlin-stdlib-common/1.3.50/kotlin-stdlib-common-1.3.50.jar:/home/user/.m2/repository/org/jetbrains/annotations/13.0/annotations-13.0.jar:/home/user/.m2/repository/io/jaegertracing/jaeger-core/1.2.0/jaeger-core-1.2.0.jar:/home/user/.m2/repository/io/jaegertracing/jaeger-tracerresolver/1.2.0/jaeger-tracerresolver-1.2.0.jar:/home/user/.m2/repository/io/opentracing/contrib/opentracing-tracerresolver/0.1.8/opentracing-tracerresolver-0.1.8.jar:/home/user/.m2/repository/io/opentracing/opentracing-util/0.33.0/opentracing-util-0.33.0.jar:/home/user/.m2/repository/io/opentracing/opentracing-api/0.33.0/opentracing-api-0.33.0.jar:/home/user/.m2/repository/io/opentracing/opentracing-noop/0.33.0/opentracing-noop-0.33.0.jar:/home/user/.m2/repository/org/apache/hadoop/hadoop-hdds-client/0.6.0-SNAPSHOT/hadoop-hdds-client-0.6.0-SNAPSHOT.jar:/home/user/.m2/repository/org/apache/hadoop/hadoop-hdds-test-utils/0.6.0-SNAPSHOT/hadoop-hdds-test-utils-0.6.0-SNAPSHOT.jar:/home/user/.m2/repository/com/google/guava/guava/28.2-jre/guava-28.2-jre.jar:/home/user/.m2/repository/com/google/guava/failureaccess/1.0.1/failureaccess-1.0.1.jar:/home/user/.m2/repository/com/google/guava/listenablefuture/9999.0-empty-to-avoid-conflict-with-guava/listenablefuture-9999.0-empty-to-avoid-conflict-with-guava.jar:/home/user/.m2/repository/com/google/code/findbugs/jsr305/3.0.0/jsr305-3.0.0.jar:/home/user/.m2/repository/org/checkerframework/checker-qual/2.10.0/checker-qual-2.10.0.jar:/home/user/.m2/repository/com/google/errorprone/error_prone_annotations/2.2.0/error_prone_annotations-2.2.0.jar:/home/user/.m2/repository/com/google/j2objc/j2objc-annotations/1.3/j2objc-annotations-1.3.jar:/home/user/.m2/repository/commons-io/commons-io/2.5/commons-io-2.5.jar:/home/user/.m2/repository/commons-logging/commons-logging/1.2/commons-logging-1.2.jar:/home/user/.m2/repository/log4j/log4j/1.2.17/log4j-1.2.17.jar:/home/user/.m2/repository/org/slf4j/slf4j-api/1.7.25/slf4j-api-1.7.25.jar:/home/user/.m2/repository/org/apache/hadoop/hadoop-hdds-server-scm/0.6.0-SNAPSHOT/hadoop-hdds-server-scm-0.6.0-SNAPSHOT.jar:/home/user/.m2/repository/org/apache/hadoop/hadoop-hdds-container-service/0.6.0-SNAPSHOT/hadoop-hdds-container-service-0.6.0-SNAPSHOT.jar:/home/user/.m2/repository/org/apache/hadoop/hadoop-hdds-hadoop-dependency-server/0.6.0-SNAPSHOT/hadoop-hdds-hadoop-dependency-server-0.6.0-SNAPSHOT.jar:/home/user/.m2/repository/org/apache/hadoop/hadoop-hdds-server-framework/0.6.0-SNAPSHOT/hadoop-hdds-server-framework-0.6.0-SNAPSHOT.jar:/home/user/.m2/repository/org/rocksdb/rocksdbjni/6.6.4/rocksdbjni-6.6.4.jar:/home/user/.m2/repository/io/prometheus/simpleclient_dropwizard/0.7.0/simpleclient_dropwizard-0.7.0.jar:/home/user/.m2/repository/io/prometheus/simpleclient/0.7.0/simpleclient-0.7.0.jar:/home/user/.m2/repository/io/prometheus/simpleclient_common/0.7.0/simpleclient_common-0.7.0.jar:/home/user/.m2/repository/com/fasterxml/jackson/datatype/jackson-datatype-jsr310/2.10.3/jackson-datatype-jsr310-2.10.3.jar:/home/user/.m2/repository/org/apache/hadoop/hadoop-hdds-docs/0.6.0-SNAPSHOT/hadoop-hdds-docs-0.6.0-SNAPSHOT.jar:/home/user/.m2/repository/io/dropwizard/metrics/metrics-core/3.2.4/metrics-core-3.2.4.jar:/home/user/.m2/repository/org/apache/hadoop/hadoop-hdfs-client/3.2.1/hadoop-hdfs-client-3.2.1.jar:/home/user/.m2/repository/org/bouncycastle/bcprov-jdk15on/1.60/bcprov-jdk15on-1.60.jar:/home/user/.m2/repository/org/apache/hadoop/hadoop-ozone-ozone-manager/0.6.0-SNAPSHOT/hadoop-ozone-ozone-manager-0.6.0-SNAPSHOT.jar:/home/user/.m2/repository/org/apache/hadoop/hadoop-minikdc/3.2.1/hadoop-minikdc-3.2.1.jar:/home/user/.m2/repository/org/apache/kerby/kerb-simplekdc/1.0.1/kerb-simplekdc-1.0.1.jar:/home/user/.m2/repository/org/apache/kerby/kerb-client/1.0.1/kerb-client-1.0.1.jar:/home/user/.m2/repository/org/apache/kerby/kerby-config/1.0.1/kerby-config-1.0.1.jar:/home/user/.m2/repository/org/apache/kerby/kerb-core/1.0.1/kerb-core-1.0.1.jar:/home/user/.m2/repository/org/apache/kerby/kerby-pkix/1.0.1/kerby-pkix-1.0.1.jar:/home/user/.m2/repository/org/apache/kerby/kerby-asn1/1.0.1/kerby-asn1-1.0.1.jar:/home/user/.m2/repository/org/apache/kerby/kerby-util/1.0.1/kerby-util-1.0.1.jar:/home/user/.m2/repository/org/apache/kerby/kerb-common/1.0.1/kerb-common-1.0.1.jar:/home/user/.m2/repository/org/apache/kerby/kerb-crypto/1.0.1/kerb-crypto-1.0.1.jar:/home/user/.m2/repository/org/apache/kerby/kerb-util/1.0.1/kerb-util-1.0.1.jar:/home/user/.m2/repository/org/apache/kerby/token-provider/1.0.1/token-provider-1.0.1.jar:/home/user/.m2/repository/org/apache/kerby/kerb-admin/1.0.1/kerb-admin-1.0.1.jar:/home/user/.m2/repository/org/apache/kerby/kerb-server/1.0.1/kerb-server-1.0.1.jar:/home/user/.m2/repository/org/apache/kerby/kerb-identity/1.0.1/kerb-identity-1.0.1.jar:/home/user/.m2/repository/org/apache/kerby/kerby-xdr/1.0.1/kerby-xdr-1.0.1.jar:/home/user/.m2/repository/org/slf4j/slf4j-log4j12/1.7.25/slf4j-log4j12-1.7.25.jar:/home/user/.m2/repository/org/apache/hadoop/hadoop-ozone-s3gateway/0.6.0-SNAPSHOT/hadoop-ozone-s3gateway-0.6.0-SNAPSHOT.jar:/home/user/.m2/repository/org/jboss/weld/servlet/weld-servlet/2.4.7.Final/weld-servlet-2.4.7.Final.jar:/home/user/.m2/repository/org/glassfish/jersey/containers/jersey-container-servlet-core/2.27/jersey-container-servlet-core-2.27.jar:/home/user/.m2/repository/org/glassfish/hk2/external/javax.inject/2.5.0-b42/javax.inject-2.5.0-b42.jar:/home/user/.m2/repository/org/glassfish/jersey/core/jersey-common/2.27/jersey-common-2.27.jar:/home/user/.m2/repository/org/glassfish/hk2/osgi-resource-locator/1.0.1/osgi-resource-locator-1.0.1.jar:/home/user/.m2/repository/javax/ws/rs/javax.ws.rs-api/2.1/javax.ws.rs-api-2.1.jar:/home/user/.m2/repository/org/glassfish/jersey/ext/cdi/jersey-cdi1x/2.27/jersey-cdi1x-2.27.jar:/home/user/.m2/repository/org/glassfish/jersey/inject/jersey-hk2/2.27/jersey-hk2-2.27.jar:/home/user/.m2/repository/org/glassfish/hk2/hk2-locator/2.5.0-b42/hk2-locator-2.5.0-b42.jar:/home/user/.m2/repository/org/javassist/javassist/3.22.0-CR2/javassist-3.22.0-CR2.jar:/home/user/.m2/repository/org/glassfish/hk2/hk2-api/2.5.0/hk2-api-2.5.0.jar:/home/user/.m2/repository/org/glassfish/hk2/external/jakarta.inject/2.5.0/jakarta.inject-2.5.0.jar:/home/user/.m2/repository/org/glassfish/hk2/hk2-utils/2.5.0/hk2-utils-2.5.0.jar:/home/user/.m2/repository/jakarta/annotation/jakarta.annotation-api/1.3.4/jakarta.annotation-api-1.3.4.jar:/home/user/.m2/repository/org/glassfish/hk2/external/aopalliance-repackaged/2.5.0/aopalliance-repackaged-2.5.0.jar:/home/user/.m2/repository/com/fasterxml/jackson/dataformat/jackson-dataformat-xml/2.10.3/jackson-dataformat-xml-2.10.3.jar:/home/user/.m2/repository/com/fasterxml/jackson/core/jackson-core/2.10.3/jackson-core-2.10.3.jar:/home/user/.m2/repository/com/fasterxml/jackson/module/jackson-module-jaxb-annotations/2.10.3/jackson-module-jaxb-annotations-2.10.3.jar:/home/user/.m2/repository/jakarta/xml/bind/jakarta.xml.bind-api/2.3.2/jakarta.xml.bind-api-2.3.2.jar:/home/user/.m2/repository/jakarta/activation/jakarta.activation-api/1.2.1/jakarta.activation-api-1.2.1.jar:/home/user/.m2/repository/org/codehaus/woodstox/stax2-api/3.1.4/stax2-api-3.1.4.jar:/home/user/.m2/repository/com/fasterxml/woodstox/woodstox-core/5.0.3/woodstox-core-5.0.3.jar:/home/user/.m2/repository/javax/enterprise/cdi-api/1.2/cdi-api-1.2.jar:/home/user/.m2/repository/javax/el/javax.el-api/3.0.0/javax.el-api-3.0.0.jar:/home/user/.m2/repository/javax/interceptor/javax.interceptor-api/1.2/javax.interceptor-api-1.2.jar:/home/user/.m2/repository/javax/inject/javax.inject/1/javax.inject-1.jar:/home/user/.m2/repository/com/sun/xml/bind/jaxb-impl/2.3.0.1/jaxb-impl-2.3.0.1.jar:/home/user/.m2/repository/com/sun/xml/bind/jaxb-core/2.3.0.1/jaxb-core-2.3.0.1.jar:/home/user/.m2/repository/javax/xml/bind/jaxb-api/2.3.0/jaxb-api-2.3.0.jar:/home/user/.m2/repository/javax/activation/activation/1.1.1/activation-1.1.1.jar:/home/user/.m2/repository/org/apache/hadoop/hadoop-ozone-csi/0.6.0-SNAPSHOT/hadoop-ozone-csi-0.6.0-SNAPSHOT.jar:/home/user/.m2/repository/com/google/protobuf/protobuf-java-util/3.11.0/protobuf-java-util-3.11.0.jar:/home/user/.m2/repository/com/google/code/gson/gson/2.2.4/gson-2.2.4.jar:/home/user/.m2/repository/org/apache/hadoop/hadoop-hdds-config/0.6.0-SNAPSHOT/hadoop-hdds-config-0.6.0-SNAPSHOT.jar:/home/user/.m2/repository/com/google/protobuf/protobuf-java/2.5.0/protobuf-java-2.5.0.jar:/home/user/.m2/repository/io/grpc/grpc-netty/1.29.0/grpc-netty-1.29.0.jar:/home/user/.m2/repository/io/grpc/grpc-core/1.29.0/grpc-core-1.29.0.jar:/home/user/.m2/repository/com/google/android/annotations/4.1.1.4/annotations-4.1.1.4.jar:/home/user/.m2/repository/io/perfmark/perfmark-api/0.19.0/perfmark-api-0.19.0.jar:/home/user/.m2/repository/io/netty/netty-codec-http2/4.1.48.Final/netty-codec-http2-4.1.48.Final.jar:/home/user/.m2/repository/io/netty/netty-codec/4.1.48.Final/netty-codec-4.1.48.Final.jar:/home/user/.m2/repository/io/netty/netty-handler/4.1.48.Final/netty-handler-4.1.48.Final.jar:/home/user/.m2/repository/io/netty/netty-codec-http/4.1.48.Final/netty-codec-http-4.1.48.Final.jar:/home/user/.m2/repository/io/netty/netty-handler-proxy/4.1.48.Final/netty-handler-proxy-4.1.48.Final.jar:/home/user/.m2/repository/io/netty/netty-codec-socks/4.1.48.Final/netty-codec-socks-4.1.48.Final.jar:/home/user/.m2/repository/io/netty/netty-transport-native-epoll/4.1.48.Final/netty-transport-native-epoll-4.1.48.Final.jar:/home/user/.m2/repository/io/netty/netty-common/4.1.48.Final/netty-common-4.1.48.Final.jar:/home/user/.m2/repository/io/netty/netty-buffer/4.1.48.Final/netty-buffer-4.1.48.Final.jar:/home/user/.m2/repository/io/netty/netty-transport/4.1.48.Final/netty-transport-4.1.48.Final.jar:/home/user/.m2/repository/io/netty/netty-resolver/4.1.48.Final/netty-resolver-4.1.48.Final.jar:/home/user/.m2/repository/io/netty/netty-transport-native-unix-common/4.1.48.Final/netty-transport-native-unix-common-4.1.48.Final.jar:/home/user/.m2/repository/io/grpc/grpc-protobuf/1.29.0/grpc-protobuf-1.29.0.jar:/home/user/.m2/repository/io/grpc/grpc-api/1.29.0/grpc-api-1.29.0.jar:/home/user/.m2/repository/io/grpc/grpc-context/1.29.0/grpc-context-1.29.0.jar:/home/user/.m2/repository/org/codehaus/mojo/animal-sniffer-annotations/1.18/animal-sniffer-annotations-1.18.jar:/home/user/.m2/repository/com/google/api/grpc/proto-google-common-protos/1.17.0/proto-google-common-protos-1.17.0.jar:/home/user/.m2/repository/io/grpc/grpc-protobuf-lite/1.29.0/grpc-protobuf-lite-1.29.0.jar:/home/user/.m2/repository/io/grpc/grpc-stub/1.29.0/grpc-stub-1.29.0.jar:/home/user/.m2/repository/org/apache/hadoop/hadoop-ozone-recon/0.6.0-SNAPSHOT/hadoop-ozone-recon-0.6.0-SNAPSHOT.jar:/home/user/.m2/repository/org/apache/hadoop/hadoop-ozone-reconcodegen/0.6.0-SNAPSHOT/hadoop-ozone-reconcodegen-0.6.0-SNAPSHOT.jar:/home/user/.m2/repository/com/google/inject/extensions/guice-multibindings/4.0/guice-multibindings-4.0.jar:/home/user/.m2/repository/com/google/inject/guice/4.0/guice-4.0.jar:/home/user/.m2/repository/aopalliance/aopalliance/1.0/aopalliance-1.0.jar:/home/user/.m2/repository/com/google/inject/extensions/guice-assistedinject/4.0/guice-assistedinject-4.0.jar:/home/user/.m2/repository/com/google/inject/extensions/guice-servlet/4.0/guice-servlet-4.0.jar:/home/user/.m2/repository/org/glassfish/jersey/containers/jersey-container-servlet/2.27/jersey-container-servlet-2.27.jar:/home/user/.m2/repository/org/glassfish/hk2/guice-bridge/2.5.0/guice-bridge-2.5.0.jar:/home/user/.m2/repository/org/glassfish/jersey/core/jersey-server/2.27/jersey-server-2.27.jar:/home/user/.m2/repository/org/glassfish/jersey/core/jersey-client/2.27/jersey-client-2.27.jar:/home/user/.m2/repository/org/glassfish/jersey/media/jersey-media-jaxb/2.27/jersey-media-jaxb-2.27.jar:/home/user/.m2/repository/javax/validation/validation-api/1.1.0.Final/validation-api-1.1.0.Final.jar:/home/user/.m2/repository/org/glassfish/jersey/media/jersey-media-json-jackson/2.27/jersey-media-json-jackson-2.27.jar:/home/user/.m2/repository/org/glassfish/jersey/ext/jersey-entity-filtering/2.27/jersey-entity-filtering-2.27.jar:/home/user/.m2/repository/org/jooq/jooq/3.11.10/jooq-3.11.10.jar:/home/user/.m2/repository/org/jooq/jooq-meta/3.11.10/jooq-meta-3.11.10.jar:/home/user/.m2/repository/org/jooq/jooq-codegen/3.11.10/jooq-codegen-3.11.10.jar:/home/user/.m2/repository/com/jolbox/bonecp/0.8.0.RELEASE/bonecp-0.8.0.RELEASE.jar:/home/user/.m2/repository/org/apache/derby/derby/10.14.2.0/derby-10.14.2.0.jar:/home/user/.m2/repository/org/xerial/sqlite-jdbc/3.25.2/sqlite-jdbc-3.25.2.jar:/home/user/.m2/repository/org/springframework/spring-jdbc/5.2.5.RELEASE/spring-jdbc-5.2.5.RELEASE.jar:/home/user/.m2/repository/org/springframework/spring-beans/5.2.5.RELEASE/spring-beans-5.2.5.RELEASE.jar:/home/user/.m2/repository/org/springframework/spring-core/5.2.5.RELEASE/spring-core-5.2.5.RELEASE.jar:/home/user/.m2/repository/org/springframework/spring-jcl/5.2.5.RELEASE/spring-jcl-5.2.5.RELEASE.jar:/home/user/.m2/repository/org/springframework/spring-tx/5.2.5.RELEASE/spring-tx-5.2.5.RELEASE.jar:/home/user/.m2/repository/org/apache/hadoop/hadoop-ozone-client/0.6.0-SNAPSHOT/hadoop-ozone-client-0.6.0-SNAPSHOT.jar:/home/user/.m2/repository/org/apache/hadoop/hadoop-ozone-filesystem/0.6.0-SNAPSHOT/hadoop-ozone-filesystem-0.6.0-SNAPSHOT.jar:/home/user/.m2/repository/org/apache/hadoop/hadoop-hdds-hadoop-dependency-client/0.6.0-SNAPSHOT/hadoop-hdds-hadoop-dependency-client-0.6.0-SNAPSHOT.jar:/home/user/.m2/repository/org/apache/hadoop/hadoop-ozone-tools/0.6.0-SNAPSHOT/hadoop-ozone-tools-0.6.0-SNAPSHOT.jar:/home/user/.m2/repository/org/apache/hadoop/hadoop-hdfs/3.2.1/hadoop-hdfs-3.2.1.jar:/home/user/.m2/repository/org/apache/ratis/ratis-tools/0.6.0-cac3336-SNAPSHOT/ratis-tools-0.6.0-cac3336-SNAPSHOT.jar:/home/user/.m2/repository/org/apache/ratis/ratis-proto/0.6.0-cac3336-SNAPSHOT/ratis-proto-0.6.0-cac3336-SNAPSHOT.jar:/home/user/.m2/repository/org/apache/ratis/ratis-common/0.6.0-cac3336-SNAPSHOT/ratis-common-0.6.0-cac3336-SNAPSHOT.jar:/home/user/.m2/repository/com/amazonaws/aws-java-sdk-core/1.11.615/aws-java-sdk-core-1.11.615.jar:/home/user/.m2/repository/org/apache/httpcomponents/httpclient/4.5.2/httpclient-4.5.2.jar:/home/user/.m2/repository/org/apache/httpcomponents/httpcore/4.4.4/httpcore-4.4.4.jar:/home/user/.m2/repository/software/amazon/ion/ion-java/1.0.2/ion-java-1.0.2.jar:/home/user/.m2/repository/com/fasterxml/jackson/dataformat/jackson-dataformat-cbor/2.10.3/jackson-dataformat-cbor-2.10.3.jar:/home/user/.m2/repository/joda-time/joda-time/2.8.1/joda-time-2.8.1.jar:/home/user/.m2/repository/com/amazonaws/aws-java-sdk-s3/1.11.615/aws-java-sdk-s3-1.11.615.jar:/home/user/.m2/repository/com/amazonaws/aws-java-sdk-kms/1.11.615/aws-java-sdk-kms-1.11.615.jar:/home/user/.m2/repository/com/amazonaws/jmespath-java/1.11.615/jmespath-java-1.11.615.jar:/home/user/.m2/repository/org/apache/hadoop/hadoop-hdds-tools/0.6.0-SNAPSHOT/hadoop-hdds-tools-0.6.0-SNAPSHOT.jar:/home/user/.m2/repository/commons-cli/commons-cli/1.2/commons-cli-1.2.jar:/home/user/.m2/repository/org/apache/commons/commons-lang3/3.7/commons-lang3-3.7.jar:/home/user/.m2/repository/org/apache/hadoop/hadoop-ozone-ozone-manager/0.6.0-SNAPSHOT/hadoop-ozone-ozone-manager-0.6.0-SNAPSHOT-tests.jar:/home/user/.m2/repository/junit/junit/4.11/junit-4.11.jar:/home/user/.m2/repository/org/hamcrest/hamcrest-core/1.3/hamcrest-core-1.3.jar:/home/user/.m2/repository/org/openjdk/jmh/jmh-core/1.19/jmh-core-1.19.jar:/home/user/.m2/repository/net/sf/jopt-simple/jopt-simple/4.6/jopt-simple-4.6.jar:/home/user/.m2/repository/org/apache/commons/commons-math3/3.1.1/commons-math3-3.1.1.jar:/home/user/.m2/repository/org/openjdk/jmh/jmh-generator-annprocess/1.19/jmh-generator-annprocess-1.19.jar:/home/user/.m2/repository/org/mockito/mockito-all/1.8.5/mockito-all-1.8.5.jar:/home/user/.m2/repository/org/apache/hadoop/hadoop-kms/3.2.1/hadoop-kms-3.2.1.jar:/home/user/.m2/repository/org/apache/hadoop/hadoop-auth/3.2.1/hadoop-auth-3.2.1.jar:/home/user/.m2/repository/com/nimbusds/nimbus-jose-jwt/7.9/nimbus-jose-jwt-7.9.jar:/home/user/.m2/repository/com/github/stephenc/jcip/jcip-annotations/1.0-1/jcip-annotations-1.0-1.jar:/home/user/.m2/repository/net/minidev/json-smart/2.3/json-smart-2.3.jar:/home/user/.m2/repository/net/minidev/accessors-smart/1.2/accessors-smart-1.2.jar:/home/user/.m2/repository/org/ow2/asm/asm/5.0.4/asm-5.0.4.jar:/home/user/.m2/repository/org/apache/zookeeper/zookeeper/3.4.13/zookeeper-3.4.13.jar:/home/user/.m2/repository/org/apache/yetus/audience-annotations/0.5.0/audience-annotations-0.5.0.jar:/home/user/.m2/repository/org/apache/curator/curator-framework/2.13.0/curator-framework-2.13.0.jar:/home/user/.m2/repository/com/sun/jersey/jersey-core/1.19/jersey-core-1.19.jar:/home/user/.m2/repository/javax/ws/rs/jsr311-api/1.1.1/jsr311-api-1.1.1.jar:/home/user/.m2/repository/com/sun/jersey/jersey-server/1.19/jersey-server-1.19.jar:/home/user/.m2/repository/javax/servlet/javax.servlet-api/3.1.0/javax.servlet-api-3.1.0.jar:/home/user/.m2/repository/org/eclipse/jetty/jetty-server/9.4.26.v20200117/jetty-server-9.4.26.v20200117.jar:/home/user/.m2/repository/org/eclipse/jetty/jetty-http/9.4.26.v20200117/jetty-http-9.4.26.v20200117.jar:/home/user/.m2/repository/org/eclipse/jetty/jetty-io/9.4.26.v20200117/jetty-io-9.4.26.v20200117.jar:/home/user/.m2/repository/org/eclipse/jetty/jetty-webapp/9.4.26.v20200117/jetty-webapp-9.4.26.v20200117.jar:/home/user/.m2/repository/org/eclipse/jetty/jetty-xml/9.4.26.v20200117/jetty-xml-9.4.26.v20200117.jar:/home/user/.m2/repository/org/eclipse/jetty/jetty-servlet/9.4.26.v20200117/jetty-servlet-9.4.26.v20200117.jar:/home/user/.m2/repository/org/eclipse/jetty/jetty-security/9.4.26.v20200117/jetty-security-9.4.26.v20200117.jar:/home/user/.m2/repository/org/apache/hadoop/hadoop-common/3.2.1/hadoop-common-3.2.1.jar:/home/user/.m2/repository/commons-net/commons-net/3.6/commons-net-3.6.jar:/home/user/.m2/repository/commons-collections/commons-collections/3.2.2/commons-collections-3.2.2.jar:/home/user/.m2/repository/com/sun/jersey/jersey-servlet/1.19/jersey-servlet-1.19.jar:/home/user/.m2/repository/com/sun/jersey/jersey-json/1.19/jersey-json-1.19.jar:/home/user/.m2/repository/org/codehaus/jettison/jettison/1.1/jettison-1.1.jar:/home/user/.m2/repository/org/codehaus/jackson/jackson-jaxrs/1.9.2/jackson-jaxrs-1.9.2.jar:/home/user/.m2/repository/org/codehaus/jackson/jackson-xc/1.9.2/jackson-xc-1.9.2.jar:/home/user/.m2/repository/commons-beanutils/commons-beanutils/1.9.4/commons-beanutils-1.9.4.jar:/home/user/.m2/repository/org/apache/commons/commons-configuration2/2.1.1/commons-configuration2-2.1.1.jar:/home/user/.m2/repository/org/apache/commons/commons-text/1.4/commons-text-1.4.jar:/home/user/.m2/repository/com/google/re2j/re2j/1.1/re2j-1.1.jar:/home/user/.m2/repository/com/jcraft/jsch/0.1.54/jsch-0.1.54.jar:/home/user/.m2/repository/org/apache/curator/curator-client/2.13.0/curator-client-2.13.0.jar:/home/user/.m2/repository/org/apache/curator/curator-recipes/2.13.0/curator-recipes-2.13.0.jar:/home/user/.m2/repository/dnsjava/dnsjava/2.1.7/dnsjava-2.1.7.jar:/home/user/.m2/repository/org/slf4j/jul-to-slf4j/1.7.25/jul-to-slf4j-1.7.25.jar:/home/user/.m2/repository/org/eclipse/jetty/jetty-util/9.4.26.v20200117/jetty-util-9.4.26.v20200117.jar:/home/user/.m2/repository/com/fasterxml/jackson/core/jackson-databind/2.10.3/jackson-databind-2.10.3.jar:/home/user/.m2/repository/org/apache/hadoop/hadoop-kms/3.2.1/hadoop-kms-3.2.1-tests.jar:/home/user/.m2/repository/org/apache/hadoop/hadoop-hdds-server-scm/0.6.0-SNAPSHOT/hadoop-hdds-server-scm-0.6.0-SNAPSHOT-tests.jar:/home/user/.m2/repository/org/apache/hadoop/hadoop-hdds-container-service/0.6.0-SNAPSHOT/hadoop-hdds-container-service-0.6.0-SNAPSHOT-tests.jar:/home/user/.m2/repository/org/apache/hadoop/hadoop-hdds-common/0.6.0-SNAPSHOT/hadoop-hdds-common-0.6.0-SNAPSHOT-tests.jar:/home/user/.m2/repository/org/yaml/snakeyaml/1.16/snakeyaml-1.16.jar:/home/user/.m2/repository/org/apache/hadoop/hadoop-hdds-hadoop-dependency-test/0.6.0-SNAPSHOT/hadoop-hdds-hadoop-dependency-test-0.6.0-SNAPSHOT.jar:/home/user/.m2/repository/org/apache/hadoop/hadoop-common/3.2.1/hadoop-common-3.2.1-tests.jar:/home/user/.m2/repository/javax/servlet/jsp/jsp-api/2.1/jsp-api-2.1.jar:/home/user/.m2/repository/org/apache/hadoop/hadoop-hdfs/3.2.1/hadoop-hdfs-3.2.1-tests.jar:/home/user/.m2/repository/org/eclipse/jetty/jetty-util-ajax/9.4.26.v20200117/jetty-util-ajax-9.4.26.v20200117.jar:/home/user/.m2/repository/commons-codec/commons-codec/1.11/commons-codec-1.11.jar:/home/user/.m2/repository/commons-daemon/commons-daemon/1.0.13/commons-daemon-1.0.13.jar:/home/user/.m2/repository/io/netty/netty/3.10.5.Final/netty-3.10.5.Final.jar:/home/user/.m2/repository/io/netty/netty-all/4.1.48.Final/netty-all-4.1.48.Final.jar:/home/user/.m2/repository/org/apache/htrace/htrace-core4/4.1.0-incubating/htrace-core4-4.1.0-incubating.jar:/home/user/.m2/repository/org/fusesource/leveldbjni/leveldbjni-all/1.8/leveldbjni-all-1.8.jar:/home/user/.m2/repository/org/apache/hadoop/hadoop-distcp/3.2.1/hadoop-distcp-3.2.1.jar:/home/user/.m2/repository/org/apache/hadoop/hadoop-mapreduce-client-jobclient/3.2.1/hadoop-mapreduce-client-jobclient-3.2.1.jar:/home/user/.m2/repository/org/apache/hadoop/hadoop-mapreduce-client-common/3.2.1/hadoop-mapreduce-client-common-3.2.1.jar:/home/user/.m2/repository/org/apache/hadoop/hadoop-yarn-common/3.2.1/hadoop-yarn-common-3.2.1.jar:/home/user/.m2/repository/org/apache/hadoop/hadoop-yarn-api/3.2.1/hadoop-yarn-api-3.2.1.jar:/home/user/.m2/repository/com/sun/jersey/jersey-client/1.19/jersey-client-1.19.jar:/home/user/.m2/repository/com/sun/jersey/contribs/jersey-guice/1.19/jersey-guice-1.19.jar:/home/user/.m2/repository/com/fasterxml/jackson/jaxrs/jackson-jaxrs-json-provider/2.10.3/jackson-jaxrs-json-provider-2.10.3.jar:/home/user/.m2/repository/com/fasterxml/jackson/jaxrs/jackson-jaxrs-base/2.10.3/jackson-jaxrs-base-2.10.3.jar:/home/user/.m2/repository/org/apache/hadoop/hadoop-yarn-client/3.2.1/hadoop-yarn-client-3.2.1.jar:/home/user/.m2/repository/org/apache/hadoop/hadoop-mapreduce-client-core/3.2.1/hadoop-mapreduce-client-core-3.2.1.jar:/home/user/.m2/repository/org/apache/avro/avro/1.7.7/avro-1.7.7.jar:/home/user/.m2/repository/org/codehaus/jackson/jackson-core-asl/1.9.13/jackson-core-asl-1.9.13.jar:/home/user/.m2/repository/org/codehaus/jackson/jackson-mapper-asl/1.9.13/jackson-mapper-asl-1.9.13.jar:/home/user/.m2/repository/com/thoughtworks/paranamer/paranamer/2.3/paranamer-2.3.jar:/home/user/.m2/repository/org/xerial/snappy/snappy-java/1.0.5/snappy-java-1.0.5.jar:/home/user/.m2/repository/org/apache/hadoop/hadoop-annotations/3.2.1/hadoop-annotations-3.2.1.jar:/usr/lib/jvm/java-1.8.0-openjdk-1.8.0.232.b09-0.el7_7.x86_64/jre/../lib/tools.jar:/home/user/.m2/repository/org/apache/hadoop/hadoop-distcp/3.2.1/hadoop-distcp-3.2.1-tests.jar:"/>
    <property name="sun.cpu.endian" value="little"/>
    <property name="user.home" value="/home/user"/>
    <property name="user.language" value="en"/>
    <property name="java.specification.vendor" value="Oracle Corporation"/>
    <property name="java.home" value="/usr/lib/jvm/java-1.8.0-openjdk-1.8.0.232.b09-0.el7_7.x86_64/jre"/>
    <property name="java.security.krb5.conf" value="/github/workspace/mnt/ozone/hadoop-ozone/integration-test/target/test-classes/krb5.conf"/>
    <property name="basedir" value="/github/workspace/mnt/ozone/hadoop-ozone/integration-test"/>
    <property name="file.separator" value="/"/>
    <property name="line.separator" value="&#10;"/>
    <property name="java.vm.specification.vendor" value="Oracle Corporation"/>
    <property name="java.specification.name" value="Java Platform API Specification"/>
    <property name="java.awt.graphicsenv" value="sun.awt.X11GraphicsEnvironment"/>
    <property name="surefire.real.class.path" value="/github/workspace/mnt/ozone/hadoop-ozone/integration-test/target/surefire/surefirebooter4976538721594153788.jar:/home/user/.m2/repository/org/jacoco/org.jacoco.agent/0.8.5/org.jacoco.agent-0.8.5-runtime.jar"/>
    <property name="hadoop.log.dir" value="/github/workspace/mnt/ozone/hadoop-ozone/integration-test/target/log"/>
    <property name="sun.boot.class.path" value="/usr/lib/jvm/java-1.8.0-openjdk-1.8.0.232.b09-0.el7_7.x86_64/jre/lib/resources.jar:/usr/lib/jvm/java-1.8.0-openjdk-1.8.0.232.b09-0.el7_7.x86_64/jre/lib/rt.jar:/usr/lib/jvm/java-1.8.0-openjdk-1.8.0.232.b09-0.el7_7.x86_64/jre/lib/sunrsasign.jar:/usr/lib/jvm/java-1.8.0-openjdk-1.8.0.232.b09-0.el7_7.x86_64/jre/lib/jsse.jar:/usr/lib/jvm/java-1.8.0-openjdk-1.8.0.232.b09-0.el7_7.x86_64/jre/lib/jce.jar:/usr/lib/jvm/java-1.8.0-openjdk-1.8.0.232.b09-0.el7_7.x86_64/jre/lib/charsets.jar:/usr/lib/jvm/java-1.8.0-openjdk-1.8.0.232.b09-0.el7_7.x86_64/jre/lib/jfr.jar:/usr/lib/jvm/java-1.8.0-openjdk-1.8.0.232.b09-0.el7_7.x86_64/jre/classes"/>
    <property name="sun.management.compiler" value="HotSpot 64-Bit Tiered Compilers"/>
    <property name="java.runtime.version" value="1.8.0_232-b09"/>
    <property name="java.net.preferIPv4Stack" value="true"/>
    <property name="user.name" value="jenkins1001"/>
    <property name="path.separator" value=":"/>
    <property name="java.security.egd" value="file:///dev/urandom"/>
    <property name="os.version" value="5.3.0-1020-azure"/>
    <property name="java.endorsed.dirs" value="/usr/lib/jvm/java-1.8.0-openjdk-1.8.0.232.b09-0.el7_7.x86_64/jre/lib/endorsed"/>
    <property name="java.runtime.name" value="OpenJDK Runtime Environment"/>
    <property name="file.encoding" value="ANSI_X3.4-1968"/>
    <property name="java.vm.name" value="OpenJDK 64-Bit Server VM"/>
    <property name="test.build.webapps" value=""/>
    <property name="localRepository" value="/home/user/.m2/repository"/>
    <property name="java.vendor.url.bug" value="http://bugreport.sun.com/bugreport/"/>
    <property name="java.io.tmpdir" value="/tmp"/>
    <property name="require.test.libhadoop" value=""/>
    <property name="java.version" value="1.8.0_232"/>
    <property name="user.dir" value="/github/workspace/mnt/ozone/hadoop-ozone/integration-test"/>
    <property name="os.arch" value="amd64"/>
    <property name="java.vm.specification.name" value="Java Virtual Machine Specification"/>
    <property name="test.build.classes" value="/github/workspace/mnt/ozone/hadoop-ozone/integration-test/target/test-classes"/>
    <property name="java.awt.printerjob" value="sun.print.PSPrinterJob"/>
    <property name="sun.os.patch.level" value="unknown"/>
    <property name="hadoop.tmp.dir" value="/github/workspace/mnt/ozone/hadoop-ozone/integration-test/target/tmp"/>
    <property name="java.library.path" value="/usr/lib:/usr/java/packages/lib/amd64:/usr/lib64:/lib64:/lib:/usr/lib"/>
    <property name="java.vm.info" value="mixed mode"/>
    <property name="java.vendor" value="Oracle Corporation"/>
    <property name="java.vm.version" value="25.232-b09"/>
    <property name="java.ext.dirs" value="/usr/lib/jvm/java-1.8.0-openjdk-1.8.0.232.b09-0.el7_7.x86_64/jre/lib/ext:/usr/java/packages/lib/ext"/>
    <property name="sun.io.unicode.encoding" value="UnicodeLittle"/>
    <property name="java.class.version" value="52.0"/>
  </properties>
  <testcase name="org.apache.hadoop.ozone.scm.TestContainerSmallFile" classname="org.apache.hadoop.ozone.scm.TestContainerSmallFile" time="135.118">
    <error message="Timed out waiting for condition. Thread diagnostics:&#10;Timestamp: 2020-06-02 10:44:19,815&#10;&#10;&quot;qtp2009931623-208&quot; daemon prio=5 tid=208 timed_waiting&#10;java.lang.Thread.State: TIMED_WAITING&#10;        at sun.misc.Unsafe.park(Native Method)&#10;        at java.util.concurrent.locks.LockSupport.parkNanos(LockSupport.java:215)&#10;        at java.util.concurrent.locks.AbstractQueuedSynchronizer$ConditionObject.awaitNanos(AbstractQueuedSynchronizer.java:2078)&#10;        at org.eclipse.jetty.util.BlockingArrayQueue.poll(BlockingArrayQueue.java:382)&#10;        at org.eclipse.jetty.util.thread.QueuedThreadPool$Runner.idleJobPoll(QueuedThreadPool.java:875)&#10;        at org.eclipse.jetty.util.thread.QueuedThreadPool$Runner.run(QueuedThreadPool.java:925)&#10;        at java.lang.Thread.run(Thread.java:748)&#10;&quot;Timer-0&quot;  prio=5 tid=117 timed_waiting&#10;java.lang.Thread.State: TIMED_WAITING&#10;        at java.lang.Object.wait(Native Method)&#10;        at java.util.TimerThread.mainLoop(Timer.java:552)&#10;        at java.util.TimerThread.run(Timer.java:505)&#10;&quot;IPC Server handler 8 on default port 46773&quot; daemon prio=5 tid=83 timed_waiting&#10;java.lang.Thread.State: TIMED_WAITING&#10;        at sun.misc.Unsafe.park(Native Method)&#10;        at java.util.concurrent.locks.LockSupport.parkNanos(LockSupport.java:215)&#10;        at java.util.concurrent.locks.AbstractQueuedSynchronizer$ConditionObject.awaitNanos(AbstractQueuedSynchronizer.java:2078)&#10;        at java.util.concurrent.LinkedBlockingQueue.poll(LinkedBlockingQueue.java:467)&#10;        at org.apache.hadoop.ipc.CallQueueManager.take(CallQueueManager.java:295)&#10;        at org.apache.hadoop.ipc.Server$Handler.run(Server.java:2881)&#10;&quot;BlockDeletingService#1&quot; daemon prio=5 tid=243 timed_waiting&#10;java.lang.Thread.State: TIMED_WAITING&#10;        at sun.misc.Unsafe.park(Native Method)&#10;        at java.util.concurrent.locks.LockSupport.parkNanos(LockSupport.java:215)&#10;        at java.util.concurrent.locks.AbstractQueuedSynchronizer$ConditionObject.awaitNanos(AbstractQueuedSynchronizer.java:2078)&#10;        at java.util.concurrent.ScheduledThreadPoolExecutor$DelayedWorkQueue.take(ScheduledThreadPoolExecutor.java:1093)&#10;        at java.util.concurrent.ScheduledThreadPoolExecutor$DelayedWorkQueue.take(ScheduledThreadPoolExecutor.java:809)&#10;        at java.util.concurrent.ThreadPoolExecutor.getTask(ThreadPoolExecutor.java:1074)&#10;        at java.util.concurrent.ThreadPoolExecutor.runWorker(ThreadPoolExecutor.java:1134)&#10;        at java.util.concurrent.ThreadPoolExecutor$Worker.run(ThreadPoolExecutor.java:624)&#10;        at java.lang.Thread.run(Thread.java:748)&#10;&quot;IPC Server handler 12 on default port 46773&quot; daemon prio=5 tid=87 timed_waiting&#10;java.lang.Thread.State: TIMED_WAITING&#10;        at sun.misc.Unsafe.park(Native Method)&#10;        at java.util.concurrent.locks.LockSupport.parkNanos(LockSupport.java:215)&#10;        at java.util.concurrent.locks.AbstractQueuedSynchronizer$ConditionObject.awaitNanos(AbstractQueuedSynchronizer.java:2078)&#10;        at java.util.concurrent.LinkedBlockingQueue.poll(LinkedBlockingQueue.java:467)&#10;        at org.apache.hadoop.ipc.CallQueueManager.take(CallQueueManager.java:295)&#10;        at org.apache.hadoop.ipc.Server$Handler.run(Server.java:2881)&#10;&quot;IPC Server handler 18 on default port 41043&quot; daemon prio=5 tid=73 timed_waiting&#10;java.lang.Thread.State: TIMED_WAITING&#10;        at sun.misc.Unsafe.park(Native Method)&#10;        at java.util.concurrent.locks.LockSupport.parkNanos(LockSupport.java:215)&#10;        at java.util.concurrent.locks.AbstractQueuedSynchronizer$ConditionObject.awaitNanos(AbstractQueuedSynchronizer.java:2078)&#10;        at java.util.concurrent.LinkedBlockingQueue.poll(LinkedBlockingQueue.java:467)&#10;        at org.apache.hadoop.ipc.CallQueueManager.take(CallQueueManager.java:295)&#10;        at org.apache.hadoop.ipc.Server$Handler.run(Server.java:2881)&#10;&quot;IPC Server handler 2 on default port 41043&quot; daemon prio=5 tid=57 timed_waiting&#10;java.lang.Thread.State: TIMED_WAITING&#10;        at sun.misc.Unsafe.park(Native Method)&#10;        at java.util.concurrent.locks.LockSupport.parkNanos(LockSupport.java:215)&#10;        at java.util.concurrent.locks.AbstractQueuedSynchronizer$ConditionObject.awaitNanos(AbstractQueuedSynchronizer.java:2078)&#10;        at java.util.concurrent.LinkedBlockingQueue.poll(LinkedBlockingQueue.java:467)&#10;        at org.apache.hadoop.ipc.CallQueueManager.take(CallQueueManager.java:295)&#10;        at org.apache.hadoop.ipc.Server$Handler.run(Server.java:2881)&#10;&quot;Datanode ReportManager Thread - 1&quot; daemon prio=5 tid=218 in Object.wait()&#10;java.lang.Thread.State: WAITING (on object monitor)&#10;        at sun.misc.Unsafe.park(Native Method)&#10;        at java.util.concurrent.locks.LockSupport.park(LockSupport.java:175)&#10;        at java.util.concurrent.locks.AbstractQueuedSynchronizer$ConditionObject.await(AbstractQueuedSynchronizer.java:2039)&#10;        at java.util.concurrent.ScheduledThreadPoolExecutor$DelayedWorkQueue.take(ScheduledThreadPoolExecutor.java:1088)&#10;        at java.util.concurrent.ScheduledThreadPoolExecutor$DelayedWorkQueue.take(ScheduledThreadPoolExecutor.java:809)&#10;        at java.util.concurrent.ThreadPoolExecutor.getTask(ThreadPoolExecutor.java:1074)&#10;        at java.util.concurrent.ThreadPoolExecutor.runWorker(ThreadPoolExecutor.java:1134)&#10;        at java.util.concurrent.ThreadPoolExecutor$Worker.run(ThreadPoolExecutor.java:624)&#10;        at java.lang.Thread.run(Thread.java:748)&#10;&quot;Datanode ReportManager Thread - 2&quot; daemon prio=5 tid=199 timed_waiting&#10;java.lang.Thread.State: TIMED_WAITING&#10;        at sun.misc.Unsafe.park(Native Method)&#10;        at java.util.concurrent.locks.LockSupport.parkNanos(LockSupport.java:215)&#10;        at java.util.concurrent.locks.AbstractQueuedSynchronizer$ConditionObject.awaitNanos(AbstractQueuedSynchronizer.java:2078)&#10;        at java.util.concurrent.ScheduledThreadPoolExecutor$DelayedWorkQueue.take(ScheduledThreadPoolExecutor.java:1093)&#10;        at java.util.concurrent.ScheduledThreadPoolExecutor$DelayedWorkQueue.take(ScheduledThreadPoolExecutor.java:809)&#10;        at java.util.concurrent.ThreadPoolExecutor.getTask(ThreadPoolExecutor.java:1074)&#10;        at java.util.concurrent.ThreadPoolExecutor.runWorker(ThreadPoolExecutor.java:1134)&#10;        at java.util.concurrent.ThreadPoolExecutor$Worker.run(ThreadPoolExecutor.java:624)&#10;        at java.lang.Thread.run(Thread.java:748)&#10;&quot;IPC Server handler 11 on default port 46773&quot; daemon prio=5 tid=86 timed_waiting&#10;java.lang.Thread.State: TIMED_WAITING&#10;        at sun.misc.Unsafe.park(Native Method)&#10;        at java.util.concurrent.locks.LockSupport.parkNanos(LockSupport.java:215)&#10;        at java.util.concurrent.locks.AbstractQueuedSynchronizer$ConditionObject.awaitNanos(AbstractQueuedSynchronizer.java:2078)&#10;        at java.util.concurrent.LinkedBlockingQueue.poll(LinkedBlockingQueue.java:467)&#10;        at org.apache.hadoop.ipc.CallQueueManager.take(CallQueueManager.java:295)&#10;        at org.apache.hadoop.ipc.Server$Handler.run(Server.java:2881)&#10;&quot;Periodic HDDS volume checker&quot; daemon prio=5 tid=196 timed_waiting&#10;java.lang.Thread.State: TIMED_WAITING&#10;        at sun.misc.Unsafe.park(Native Method)&#10;        at java.util.concurrent.locks.LockSupport.parkNanos(LockSupport.java:215)&#10;        at java.util.concurrent.locks.AbstractQueuedSynchronizer$ConditionObject.awaitNanos(AbstractQueuedSynchronizer.java:2078)&#10;        at java.util.concurrent.ScheduledThreadPoolExecutor$DelayedWorkQueue.take(ScheduledThreadPoolExecutor.java:1093)&#10;        at java.util.concurrent.ScheduledThreadPoolExecutor$DelayedWorkQueue.take(ScheduledThreadPoolExecutor.java:809)&#10;        at java.util.concurrent.ThreadPoolExecutor.getTask(ThreadPoolExecutor.java:1074)&#10;        at java.util.concurrent.ThreadPoolExecutor.runWorker(ThreadPoolExecutor.java:1134)&#10;        at java.util.concurrent.ThreadPoolExecutor$Worker.run(ThreadPoolExecutor.java:624)&#10;        at java.lang.Thread.run(Thread.java:748)&#10;&quot;IPC Server idle connection scanner for port 39179&quot; daemon prio=5 tid=26 timed_waiting&#10;java.lang.Thread.State: TIMED_WAITING&#10;        at java.lang.Object.wait(Native Method)&#10;        at java.util.TimerThread.mainLoop(Timer.java:552)&#10;        at java.util.TimerThread.run(Timer.java:505)&#10;&quot;qtp1029385246-189&quot; daemon prio=5 tid=189 timed_waiting&#10;java.lang.Thread.State: TIMED_WAITING&#10;        at sun.misc.Unsafe.park(Native Method)&#10;        at java.util.concurrent.locks.LockSupport.parkNanos(LockSupport.java:215)&#10;        at java.util.concurrent.locks.AbstractQueuedSynchronizer$ConditionObject.awaitNanos(AbstractQueuedSynchronizer.java:2078)&#10;        at org.eclipse.jetty.util.BlockingArrayQueue.poll(BlockingArrayQueue.java:382)&#10;        at org.eclipse.jetty.util.thread.QueuedThreadPool$Runner.idleJobPoll(QueuedThreadPool.java:875)&#10;        at org.eclipse.jetty.util.thread.QueuedThreadPool$Runner.run(QueuedThreadPool.java:925)&#10;        at java.lang.Thread.run(Thread.java:748)&#10;&quot;IPC Server handler 15 on default port 46773&quot; daemon prio=5 tid=90 timed_waiting&#10;java.lang.Thread.State: TIMED_WAITING&#10;        at sun.misc.Unsafe.park(Native Method)&#10;        at java.util.concurrent.locks.LockSupport.parkNanos(LockSupport.java:215)&#10;        at java.util.concurrent.locks.AbstractQueuedSynchronizer$ConditionObject.awaitNanos(AbstractQueuedSynchronizer.java:2078)&#10;        at java.util.concurrent.LinkedBlockingQueue.poll(LinkedBlockingQueue.java:467)&#10;        at org.apache.hadoop.ipc.CallQueueManager.take(CallQueueManager.java:295)&#10;        at org.apache.hadoop.ipc.Server$Handler.run(Server.java:2881)&#10;&quot;Datanode ReportManager Thread - 2&quot; daemon prio=5 tid=175 in Object.wait()&#10;java.lang.Thread.State: WAITING (on object monitor)&#10;        at sun.misc.Unsafe.park(Native Method)&#10;        at java.util.concurrent.locks.LockSupport.park(LockSupport.java:175)&#10;        at java.util.concurrent.locks.AbstractQueuedSynchronizer$ConditionObject.await(AbstractQueuedSynchronizer.java:2039)&#10;        at java.util.concurrent.ScheduledThreadPoolExecutor$DelayedWorkQueue.take(ScheduledThreadPoolExecutor.java:1088)&#10;        at java.util.concurrent.ScheduledThreadPoolExecutor$DelayedWorkQueue.take(ScheduledThreadPoolExecutor.java:809)&#10;        at java.util.concurrent.ThreadPoolExecutor.getTask(ThreadPoolExecutor.java:1074)&#10;        at java.util.concurrent.ThreadPoolExecutor.runWorker(ThreadPoolExecutor.java:1134)&#10;        at java.util.concurrent.ThreadPoolExecutor$Worker.run(ThreadPoolExecutor.java:624)&#10;        at java.lang.Thread.run(Thread.java:748)&#10;&quot;IPC Server Responder&quot; daemon prio=5 tid=115 runnable&#10;java.lang.Thread.State: RUNNABLE&#10;        at sun.nio.ch.EPollArrayWrapper.epollWait(Native Method)&#10;        at sun.nio.ch.EPollArrayWrapper.poll(EPollArrayWrapper.java:269)&#10;        at sun.nio.ch.EPollSelectorImpl.doSelect(EPollSelectorImpl.java:93)&#10;        at sun.nio.ch.SelectorImpl.lockAndDoSelect(SelectorImpl.java:86)&#10;        at sun.nio.ch.SelectorImpl.select(SelectorImpl.java:97)&#10;        at org.apache.hadoop.ipc.Server$Responder.doRunLoop(Server.java:1480)&#10;        at org.apache.hadoop.ipc.Server$Responder.run(Server.java:1463)&#10;&quot;IPC Server handler 2 on default port 40641&quot; daemon prio=5 tid=121 timed_waiting&#10;java.lang.Thread.State: TIMED_WAITING&#10;        at sun.misc.Unsafe.park(Native Method)&#10;        at java.util.concurrent.locks.LockSupport.parkNanos(LockSupport.java:215)&#10;        at java.util.concurrent.locks.AbstractQueuedSynchronizer$ConditionObject.awaitNanos(AbstractQueuedSynchronizer.java:2078)&#10;        at java.util.concurrent.LinkedBlockingQueue.poll(LinkedBlockingQueue.java:467)&#10;        at org.apache.hadoop.ipc.CallQueueManager.take(CallQueueManager.java:295)&#10;        at org.apache.hadoop.ipc.Server$Handler.run(Server.java:2881)&#10;&quot;qtp1029385246-186&quot; daemon prio=5 tid=186 timed_waiting&#10;java.lang.Thread.State: TIMED_WAITING&#10;        at sun.misc.Unsafe.park(Native Method)&#10;        at java.util.concurrent.locks.LockSupport.parkNanos(LockSupport.java:215)&#10;        at java.util.concurrent.locks.AbstractQueuedSynchronizer$ConditionObject.awaitNanos(AbstractQueuedSynchronizer.java:2078)&#10;        at org.eclipse.jetty.util.BlockingArrayQueue.poll(BlockingArrayQueue.java:382)&#10;        at org.eclipse.jetty.util.thread.QueuedThreadPool$Runner.idleJobPoll(QueuedThreadPool.java:875)&#10;        at org.eclipse.jetty.util.thread.QueuedThreadPool$Runner.run(QueuedThreadPool.java:925)&#10;        at java.lang.Thread.run(Thread.java:748)&#10;&quot;IPC Server handler 11 on default port 39179&quot; daemon prio=5 tid=46 timed_waiting&#10;java.lang.Thread.State: TIMED_WAITING&#10;        at sun.misc.Unsafe.park(Native Method)&#10;        at java.util.concurrent.locks.LockSupport.parkNanos(LockSupport.java:215)&#10;        at java.util.concurrent.locks.AbstractQueuedSynchronizer$ConditionObject.awaitNanos(AbstractQueuedSynchronizer.java:2078)&#10;        at java.util.concurrent.LinkedBlockingQueue.poll(LinkedBlockingQueue.java:467)&#10;        at org.apache.hadoop.ipc.CallQueueManager.take(CallQueueManager.java:295)&#10;        at org.apache.hadoop.ipc.Server$Handler.run(Server.java:2881)&#10;&quot;EventQueue-NewNodeForNewNodeHandler&quot; daemon prio=5 tid=244 in Object.wait()&#10;java.lang.Thread.State: WAITING (on object monitor)&#10;        at sun.misc.Unsafe.park(Native Method)&#10;        at java.util.concurrent.locks.LockSupport.park(LockSupport.java:175)&#10;        at java.util.concurrent.locks.AbstractQueuedSynchronizer$ConditionObject.await(AbstractQueuedSynchronizer.java:2039)&#10;        at java.util.concurrent.LinkedBlockingQueue.take(LinkedBlockingQueue.java:442)&#10;        at java.util.concurrent.ThreadPoolExecutor.getTask(ThreadPoolExecutor.java:1074)&#10;        at java.util.concurrent.ThreadPoolExecutor.runWorker(ThreadPoolExecutor.java:1134)&#10;        at java.util.concurrent.ThreadPoolExecutor$Worker.run(ThreadPoolExecutor.java:624)&#10;        at java.lang.Thread.run(Thread.java:748)&#10;&quot;Command processor thread&quot; daemon prio=5 tid=221 runnable&#10;java.lang.Thread.State: RUNNABLE&#10;        at org.apache.hadoop.ozone.container.common.statemachine.DatanodeStateMachine.lambda$initCommandHandlerThread$1(DatanodeStateMachine.java:472)&#10;        at org.apache.hadoop.ozone.container.common.statemachine.DatanodeStateMachine$$Lambda$171/38896440.run(Unknown Source)&#10;        at java.lang.Thread.run(Thread.java:748)&#10;&quot;Thread-194&quot; daemon prio=5 tid=285 timed_waiting&#10;java.lang.Thread.State: TIMED_WAITING&#10;        at sun.misc.Unsafe.park(Native Method)&#10;        at java.util.concurrent.locks.LockSupport.parkNanos(LockSupport.java:215)&#10;        at java.util.concurrent.locks.AbstractQueuedSynchronizer$ConditionObject.awaitNanos(AbstractQueuedSynchronizer.java:2078)&#10;        at java.util.concurrent.ArrayBlockingQueue.poll(ArrayBlockingQueue.java:418)&#10;        at org.apache.ratis.server.impl.LeaderState$EventQueue.poll(LeaderState.java:121)&#10;        at org.apache.ratis.server.impl.LeaderState$EventProcessor.run(LeaderState.java:496)&#10;&quot;IPC Server handler 5 on default port 40641&quot; daemon prio=5 tid=124 timed_waiting&#10;java.lang.Thread.State: TIMED_WAITING&#10;        at sun.misc.Unsafe.park(Native Method)&#10;        at java.util.concurrent.locks.LockSupport.parkNanos(LockSupport.java:215)&#10;        at java.util.concurrent.locks.AbstractQueuedSynchronizer$ConditionObject.awaitNanos(AbstractQueuedSynchronizer.java:2078)&#10;        at java.util.concurrent.LinkedBlockingQueue.poll(LinkedBlockingQueue.java:467)&#10;        at org.apache.hadoop.ipc.CallQueueManager.take(CallQueueManager.java:295)&#10;        at org.apache.hadoop.ipc.Server$Handler.run(Server.java:2881)&#10;&quot;EventQueue-PipelineReportForPipelineReportHandler&quot; daemon prio=5 tid=248 in Object.wait()&#10;java.lang.Thread.State: WAITING (on object monitor)&#10;        at sun.misc.Unsafe.park(Native Method)&#10;        at java.util.concurrent.locks.LockSupport.park(LockSupport.java:175)&#10;        at java.util.concurrent.locks.AbstractQueuedSynchronizer$ConditionObject.await(AbstractQueuedSynchronizer.java:2039)&#10;        at java.util.concurrent.LinkedBlockingQueue.take(LinkedBlockingQueue.java:442)&#10;        at java.util.concurrent.ThreadPoolExecutor.getTask(ThreadPoolExecutor.java:1074)&#10;        at java.util.concurrent.ThreadPoolExecutor.runWorker(ThreadPoolExecutor.java:1134)&#10;        at java.util.concurrent.ThreadPoolExecutor$Worker.run(ThreadPoolExecutor.java:624)&#10;        at java.lang.Thread.run(Thread.java:748)&#10;&quot;ChunkWriter-2-0&quot; daemon prio=5 tid=227 in Object.wait()&#10;java.lang.Thread.State: WAITING (on object monitor)&#10;        at sun.misc.Unsafe.park(Native Method)&#10;        at java.util.concurrent.locks.LockSupport.park(LockSupport.java:175)&#10;        at java.util.concurrent.locks.AbstractQueuedSynchronizer$ConditionObject.await(AbstractQueuedSynchronizer.java:2039)&#10;        at java.util.concurrent.LinkedBlockingDeque.takeFirst(LinkedBlockingDeque.java:492)&#10;        at java.util.concurrent.LinkedBlockingDeque.take(LinkedBlockingDeque.java:680)&#10;        at java.util.concurrent.ThreadPoolExecutor.getTask(ThreadPoolExecutor.java:1074)&#10;        at java.util.concurrent.ThreadPoolExecutor.runWorker(ThreadPoolExecutor.java:1134)&#10;        at java.util.concurrent.ThreadPoolExecutor$Worker.run(ThreadPoolExecutor.java:624)&#10;        at java.lang.Thread.run(Thread.java:748)&#10;&quot;EventQueue-DatanodeCommandForSCMNodeManager&quot;  prio=5 tid=249 in Object.wait()&#10;java.lang.Thread.State: WAITING (on object monitor)&#10;        at sun.misc.Unsafe.park(Native Method)&#10;        at java.util.concurrent.locks.LockSupport.park(LockSupport.java:175)&#10;        at java.util.concurrent.locks.AbstractQueuedSynchronizer$ConditionObject.await(AbstractQueuedSynchronizer.java:2039)&#10;        at java.util.concurrent.LinkedBlockingQueue.take(LinkedBlockingQueue.java:442)&#10;        at java.util.concurrent.ThreadPoolExecutor.getTask(ThreadPoolExecutor.java:1074)&#10;        at java.util.concurrent.ThreadPoolExecutor.runWorker(ThreadPoolExecutor.java:1134)&#10;        at java.util.concurrent.ThreadPoolExecutor$Worker.run(ThreadPoolExecutor.java:624)&#10;        at java.lang.Thread.run(Thread.java:748)&#10;&quot;qtp2098720336-100&quot; daemon prio=5 tid=100 timed_waiting&#10;java.lang.Thread.State: TIMED_WAITING&#10;        at sun.misc.Unsafe.park(Native Method)&#10;        at java.util.concurrent.locks.LockSupport.parkNanos(LockSupport.java:215)&#10;        at java.util.concurrent.locks.AbstractQueuedSynchronizer$ConditionObject.awaitNanos(AbstractQueuedSynchronizer.java:2078)&#10;        at org.eclipse.jetty.util.BlockingArrayQueue.poll(BlockingArrayQueue.java:382)&#10;        at org.eclipse.jetty.util.thread.QueuedThreadPool$Runner.idleJobPoll(QueuedThreadPool.java:875)&#10;        at org.eclipse.jetty.util.thread.QueuedThreadPool$Runner.run(QueuedThreadPool.java:925)&#10;        at java.lang.Thread.run(Thread.java:748)&#10;&quot;pool-55-thread-1&quot;  prio=5 tid=181 timed_waiting&#10;java.lang.Thread.State: TIMED_WAITING&#10;        at sun.misc.Unsafe.park(Native Method)&#10;        at java.util.concurrent.locks.LockSupport.parkNanos(LockSupport.java:215)&#10;        at java.util.concurrent.locks.AbstractQueuedSynchronizer$ConditionObject.awaitNanos(AbstractQueuedSynchronizer.java:2078)&#10;        at java.util.concurrent.ScheduledThreadPoolExecutor$DelayedWorkQueue.take(ScheduledThreadPoolExecutor.java:1093)&#10;        at java.util.concurrent.ScheduledThreadPoolExecutor$DelayedWorkQueue.take(ScheduledThreadPoolExecutor.java:809)&#10;        at java.util.concurrent.ThreadPoolExecutor.getTask(ThreadPoolExecutor.java:1074)&#10;        at java.util.concurrent.ThreadPoolExecutor.runWorker(ThreadPoolExecutor.java:1134)&#10;        at java.util.concurrent.ThreadPoolExecutor$Worker.run(ThreadPoolExecutor.java:624)&#10;        at java.lang.Thread.run(Thread.java:748)&#10;&quot;IPC Server handler 13 on default port 41043&quot; daemon prio=5 tid=68 timed_waiting&#10;java.lang.Thread.State: TIMED_WAITING&#10;        at sun.misc.Unsafe.park(Native Method)&#10;        at java.util.concurrent.locks.LockSupport.parkNanos(LockSupport.java:215)&#10;        at java.util.concurrent.locks.AbstractQueuedSynchronizer$ConditionObject.awaitNanos(AbstractQueuedSynchronizer.java:2078)&#10;        at java.util.concurrent.LinkedBlockingQueue.poll(LinkedBlockingQueue.java:467)&#10;        at org.apache.hadoop.ipc.CallQueueManager.take(CallQueueManager.java:295)&#10;        at org.apache.hadoop.ipc.Server$Handler.run(Server.java:2881)&#10;&quot;Datanode ReportManager Thread - 0&quot; daemon prio=5 tid=193 in Object.wait()&#10;java.lang.Thread.State: WAITING (on object monitor)&#10;        at sun.misc.Unsafe.park(Native Method)&#10;        at java.util.concurrent.locks.LockSupport.park(LockSupport.java:175)&#10;        at java.util.concurrent.locks.AbstractQueuedSynchronizer$ConditionObject.await(AbstractQueuedSynchronizer.java:2039)&#10;        at java.util.concurrent.ScheduledThreadPoolExecutor$DelayedWorkQueue.take(ScheduledThreadPoolExecutor.java:1088)&#10;        at java.util.concurrent.ScheduledThreadPoolExecutor$DelayedWorkQueue.take(ScheduledThreadPoolExecutor.java:809)&#10;        at java.util.concurrent.ThreadPoolExecutor.getTask(ThreadPoolExecutor.java:1074)&#10;        at java.util.concurrent.ThreadPoolExecutor.runWorker(ThreadPoolExecutor.java:1134)&#10;        at java.util.concurrent.ThreadPoolExecutor$Worker.run(ThreadPoolExecutor.java:624)&#10;        at java.lang.Thread.run(Thread.java:748)&#10;&quot;IPC Server handler 1 on default port 40641&quot; daemon prio=5 tid=120 timed_waiting&#10;java.lang.Thread.State: TIMED_WAITING&#10;        at sun.misc.Unsafe.park(Native Method)&#10;        at java.util.concurrent.locks.LockSupport.parkNanos(LockSupport.java:215)&#10;        at java.util.concurrent.locks.AbstractQueuedSynchronizer$ConditionObject.awaitNanos(AbstractQueuedSynchronizer.java:2078)&#10;        at java.util.concurrent.LinkedBlockingQueue.poll(LinkedBlockingQueue.java:467)&#10;        at org.apache.hadoop.ipc.CallQueueManager.take(CallQueueManager.java:295)&#10;        at org.apache.hadoop.ipc.Server$Handler.run(Server.java:2881)&#10;&quot;Datanode ReportManager Thread - 2&quot; daemon prio=5 tid=219 timed_waiting&#10;java.lang.Thread.State: TIMED_WAITING&#10;        at sun.misc.Unsafe.park(Native Method)&#10;        at java.util.concurrent.locks.LockSupport.parkNanos(LockSupport.java:215)&#10;        at java.util.concurrent.locks.AbstractQueuedSynchronizer$ConditionObject.awaitNanos(AbstractQueuedSynchronizer.java:2078)&#10;        at java.util.concurrent.ScheduledThreadPoolExecutor$DelayedWorkQueue.take(ScheduledThreadPoolExecutor.java:1093)&#10;        at java.util.concurrent.ScheduledThreadPoolExecutor$DelayedWorkQueue.take(ScheduledThreadPoolExecutor.java:809)&#10;        at java.util.concurrent.ThreadPoolExecutor.getTask(ThreadPoolExecutor.java:1074)&#10;        at java.util.concurrent.ThreadPoolExecutor.runWorker(ThreadPoolExecutor.java:1134)&#10;        at java.util.concurrent.ThreadPoolExecutor$Worker.run(ThreadPoolExecutor.java:624)&#10;        at java.lang.Thread.run(Thread.java:748)&#10;&quot;IPC Server handler 3 on default port 41043&quot; daemon prio=5 tid=58 timed_waiting&#10;java.lang.Thread.State: TIMED_WAITING&#10;        at sun.misc.Unsafe.park(Native Method)&#10;        at java.util.concurrent.locks.LockSupport.parkNanos(LockSupport.java:215)&#10;        at java.util.concurrent.locks.AbstractQueuedSynchronizer$ConditionObject.awaitNanos(AbstractQueuedSynchronizer.java:2078)&#10;        at java.util.concurrent.LinkedBlockingQueue.poll(LinkedBlockingQueue.java:467)&#10;        at org.apache.hadoop.ipc.CallQueueManager.take(CallQueueManager.java:295)&#10;        at org.apache.hadoop.ipc.Server$Handler.run(Server.java:2881)&#10;&quot;ChunkWriter-0-0&quot; daemon prio=5 tid=232 in Object.wait()&#10;java.lang.Thread.State: WAITING (on object monitor)&#10;        at sun.misc.Unsafe.park(Native Method)&#10;        at java.util.concurrent.locks.LockSupport.park(LockSupport.java:175)&#10;        at java.util.concurrent.locks.AbstractQueuedSynchronizer$ConditionObject.await(AbstractQueuedSynchronizer.java:2039)&#10;        at java.util.concurrent.LinkedBlockingDeque.takeFirst(LinkedBlockingDeque.java:492)&#10;        at java.util.concurrent.LinkedBlockingDeque.take(LinkedBlockingDeque.java:680)&#10;        at java.util.concurrent.ThreadPoolExecutor.getTask(ThreadPoolExecutor.java:1074)&#10;        at java.util.concurrent.ThreadPoolExecutor.runWorker(ThreadPoolExecutor.java:1134)&#10;        at java.util.concurrent.ThreadPoolExecutor$Worker.run(ThreadPoolExecutor.java:624)&#10;        at java.lang.Thread.run(Thread.java:748)&#10;&quot;Command processor thread&quot; daemon prio=5 tid=201 runnable&#10;java.lang.Thread.State: RUNNABLE&#10;        at org.apache.hadoop.ozone.container.common.statemachine.DatanodeStateMachine.lambda$initCommandHandlerThread$1(DatanodeStateMachine.java:472)&#10;        at org.apache.hadoop.ozone.container.common.statemachine.DatanodeStateMachine$$Lambda$171/38896440.run(Unknown Source)&#10;        at java.lang.Thread.run(Thread.java:748)&#10;&quot;Socket Reader #1 for port 0&quot;  prio=5 tid=17 runnable&#10;java.lang.Thread.State: RUNNABLE&#10;        at sun.nio.ch.EPollArrayWrapper.epollWait(Native Method)&#10;        at sun.nio.ch.EPollArrayWrapper.poll(EPollArrayWrapper.java:269)&#10;        at sun.nio.ch.EPollSelectorImpl.doSelect(EPollSelectorImpl.java:93)&#10;        at sun.nio.ch.SelectorImpl.lockAndDoSelect(SelectorImpl.java:86)&#10;        at sun.nio.ch.SelectorImpl.select(SelectorImpl.java:97)&#10;        at sun.nio.ch.SelectorImpl.select(SelectorImpl.java:101)&#10;        at org.apache.hadoop.ipc.Server$Listener$Reader.doRunLoop(Server.java:1242)&#10;        at org.apache.hadoop.ipc.Server$Listener$Reader.run(Server.java:1221)&#10;&quot;IPC Server handler 16 on default port 46773&quot; daemon prio=5 tid=91 timed_waiting&#10;java.lang.Thread.State: TIMED_WAITING&#10;        at sun.misc.Unsafe.park(Native Method)&#10;        at java.util.concurrent.locks.LockSupport.parkNanos(LockSupport.java:215)&#10;        at java.util.concurrent.locks.AbstractQueuedSynchronizer$ConditionObject.awaitNanos(AbstractQueuedSynchronizer.java:2078)&#10;        at java.util.concurrent.LinkedBlockingQueue.poll(LinkedBlockingQueue.java:467)&#10;        at org.apache.hadoop.ipc.CallQueueManager.take(CallQueueManager.java:295)&#10;        at org.apache.hadoop.ipc.Server$Handler.run(Server.java:2881)&#10;&quot;qtp1029385246-185&quot; daemon prio=5 tid=185 timed_waiting&#10;java.lang.Thread.State: TIMED_WAITING&#10;        at sun.misc.Unsafe.park(Native Method)&#10;        at java.util.concurrent.locks.LockSupport.parkNanos(LockSupport.java:215)&#10;        at java.util.concurrent.locks.AbstractQueuedSynchronizer$ConditionObject.awaitNanos(AbstractQueuedSynchronizer.java:2078)&#10;        at org.eclipse.jetty.util.BlockingArrayQueue.poll(BlockingArrayQueue.java:382)&#10;        at org.eclipse.jetty.util.thread.QueuedThreadPool$Runner.idleJobPoll(QueuedThreadPool.java:875)&#10;        at org.eclipse.jetty.util.thread.QueuedThreadPool$Runner.run(QueuedThreadPool.java:925)&#10;        at java.lang.Thread.run(Thread.java:748)&#10;&quot;IPC Server handler 5 on default port 46773&quot; daemon prio=5 tid=80 timed_waiting&#10;java.lang.Thread.State: TIMED_WAITING&#10;        at sun.misc.Unsafe.park(Native Method)&#10;        at java.util.concurrent.locks.LockSupport.parkNanos(LockSupport.java:215)&#10;        at java.util.concurrent.locks.AbstractQueuedSynchronizer$ConditionObject.awaitNanos(AbstractQueuedSynchronizer.java:2078)&#10;        at java.util.concurrent.LinkedBlockingQueue.poll(LinkedBlockingQueue.java:467)&#10;        at org.apache.hadoop.ipc.CallQueueManager.take(CallQueueManager.java:295)&#10;        at org.apache.hadoop.ipc.Server$Handler.run(Server.java:2881)&#10;&quot;454ffaf2-f1cf-4ad5-8579-b0d0dc6569aa@group-DF8CCA9D97C3-SegmentedRaftLogWorker&quot;  prio=5 tid=255 timed_waiting&#10;java.lang.Thread.State: TIMED_WAITING&#10;        at sun.misc.Unsafe.park(Native Method)&#10;        at java.util.concurrent.locks.LockSupport.parkNanos(LockSupport.java:215)&#10;        at java.util.concurrent.locks.AbstractQueuedSynchronizer$ConditionObject.awaitNanos(AbstractQueuedSynchronizer.java:2078)&#10;        at org.apache.ratis.util.DataBlockingQueue.poll(DataBlockingQueue.java:137)&#10;        at org.apache.ratis.server.raftlog.segmented.SegmentedRaftLogWorker.run(SegmentedRaftLogWorker.java:287)&#10;        at java.lang.Thread.run(Thread.java:748)&#10;&quot;grpc-default-executor-3&quot; daemon prio=5 tid=299 timed_waiting&#10;java.lang.Thread.State: TIMED_WAITING&#10;        at sun.misc.Unsafe.park(Native Method)&#10;        at java.util.concurrent.locks.LockSupport.parkNanos(LockSupport.java:215)&#10;        at java.util.concurrent.SynchronousQueue$TransferStack.awaitFulfill(SynchronousQueue.java:460)&#10;        at java.util.concurrent.SynchronousQueue$TransferStack.transfer(SynchronousQueue.java:362)&#10;        at java.util.concurrent.SynchronousQueue.poll(SynchronousQueue.java:941)&#10;        at java.util.concurrent.ThreadPoolExecutor.getTask(ThreadPoolExecutor.java:1073)&#10;        at java.util.concurrent.ThreadPoolExecutor.runWorker(ThreadPoolExecutor.java:1134)&#10;        at java.util.concurrent.ThreadPoolExecutor$Worker.run(ThreadPoolExecutor.java:624)&#10;        at java.lang.Thread.run(Thread.java:748)&#10;&quot;grpc-nio-worker-ELG-3-1&quot; daemon prio=5 tid=272 runnable&#10;java.lang.Thread.State: RUNNABLE&#10;        at sun.nio.ch.EPollArrayWrapper.epollWait(Native Method)&#10;        at sun.nio.ch.EPollArrayWrapper.poll(EPollArrayWrapper.java:269)&#10;        at sun.nio.ch.EPollSelectorImpl.doSelect(EPollSelectorImpl.java:93)&#10;        at sun.nio.ch.SelectorImpl.lockAndDoSelect(SelectorImpl.java:86)&#10;        at sun.nio.ch.SelectorImpl.select(SelectorImpl.java:97)&#10;        at org.apache.ratis.thirdparty.io.netty.channel.nio.SelectedSelectionKeySetSelector.select(SelectedSelectionKeySetSelector.java:62)&#10;        at org.apache.ratis.thirdparty.io.netty.channel.nio.NioEventLoop.select(NioEventLoop.java:807)&#10;        at org.apache.ratis.thirdparty.io.netty.channel.nio.NioEventLoop.run(NioEventLoop.java:457)&#10;        at org.apache.ratis.thirdparty.io.netty.util.concurrent.SingleThreadEventExecutor$4.run(SingleThreadEventExecutor.java:989)&#10;        at org.apache.ratis.thirdparty.io.netty.util.internal.ThreadExecutorMap$2.run(ThreadExecutorMap.java:74)&#10;        at org.apache.ratis.thirdparty.io.netty.util.concurrent.FastThreadLocalRunnable.run(FastThreadLocalRunnable.java:30)&#10;        at java.lang.Thread.run(Thread.java:748)&#10;&quot;IPC Server handler 16 on default port 41043&quot; daemon prio=5 tid=71 timed_waiting&#10;java.lang.Thread.State: TIMED_WAITING&#10;        at sun.misc.Unsafe.park(Native Method)&#10;        at java.util.concurrent.locks.LockSupport.parkNanos(LockSupport.java:215)&#10;        at java.util.concurrent.locks.AbstractQueuedSynchronizer$ConditionObject.awaitNanos(AbstractQueuedSynchronizer.java:2078)&#10;        at java.util.concurrent.LinkedBlockingQueue.poll(LinkedBlockingQueue.java:467)&#10;        at org.apache.hadoop.ipc.CallQueueManager.take(CallQueueManager.java:295)&#10;        at org.apache.hadoop.ipc.Server$Handler.run(Server.java:2881)&#10;&quot;IPC Server handler 17 on default port 46773&quot; daemon prio=5 tid=92 timed_waiting&#10;java.lang.Thread.State: TIMED_WAITING&#10;        at sun.misc.Unsafe.park(Native Method)&#10;        at java.util.concurrent.locks.LockSupport.parkNanos(LockSupport.java:215)&#10;        at java.util.concurrent.locks.AbstractQueuedSynchronizer$ConditionObject.awaitNanos(AbstractQueuedSynchronizer.java:2078)&#10;        at java.util.concurrent.LinkedBlockingQueue.poll(LinkedBlockingQueue.java:467)&#10;        at org.apache.hadoop.ipc.CallQueueManager.take(CallQueueManager.java:295)&#10;        at org.apache.hadoop.ipc.Server$Handler.run(Server.java:2881)&#10;&quot;ChunkWriter-0-0&quot; daemon prio=5 tid=225 in Object.wait()&#10;java.lang.Thread.State: WAITING (on object monitor)&#10;        at sun.misc.Unsafe.park(Native Method)&#10;        at java.util.concurrent.locks.LockSupport.park(LockSupport.java:175)&#10;        at java.util.concurrent.locks.AbstractQueuedSynchronizer$ConditionObject.await(AbstractQueuedSynchronizer.java:2039)&#10;        at java.util.concurrent.LinkedBlockingDeque.takeFirst(LinkedBlockingDeque.java:492)&#10;        at java.util.concurrent.LinkedBlockingDeque.take(LinkedBlockingDeque.java:680)&#10;        at java.util.concurrent.ThreadPoolExecutor.getTask(ThreadPoolExecutor.java:1074)&#10;        at java.util.concurrent.ThreadPoolExecutor.runWorker(ThreadPoolExecutor.java:1134)&#10;        at java.util.concurrent.ThreadPoolExecutor$Worker.run(ThreadPoolExecutor.java:624)&#10;        at java.lang.Thread.run(Thread.java:748)&#10;&quot;Session-HouseKeeper-5c34b0f2-1&quot;  prio=5 tid=149 timed_waiting&#10;java.lang.Thread.State: TIMED_WAITING&#10;        at sun.misc.Unsafe.park(Native Method)&#10;        at java.util.concurrent.locks.LockSupport.parkNanos(LockSupport.java:215)&#10;        at java.util.concurrent.locks.AbstractQueuedSynchronizer$ConditionObject.awaitNanos(AbstractQueuedSynchronizer.java:2078)&#10;        at java.util.concurrent.ScheduledThreadPoolExecutor$DelayedWorkQueue.take(ScheduledThreadPoolExecutor.java:1093)&#10;        at java.util.concurrent.ScheduledThreadPoolExecutor$DelayedWorkQueue.take(ScheduledThreadPoolExecutor.java:809)&#10;        at java.util.concurrent.ThreadPoolExecutor.getTask(ThreadPoolExecutor.java:1074)&#10;        at java.util.concurrent.ThreadPoolExecutor.runWorker(ThreadPoolExecutor.java:1134)&#10;        at java.util.concurrent.ThreadPoolExecutor$Worker.run(ThreadPoolExecutor.java:624)&#10;        at java.lang.Thread.run(Thread.java:748)&#10;&quot;qtp1029385246-182&quot; daemon prio=5 tid=182 runnable&#10;java.lang.Thread.State: RUNNABLE&#10;        at sun.nio.ch.EPollArrayWrapper.epollWait(Native Method)&#10;        at sun.nio.ch.EPollArrayWrapper.poll(EPollArrayWrapper.java:269)&#10;        at sun.nio.ch.EPollSelectorImpl.doSelect(EPollSelectorImpl.java:93)&#10;        at sun.nio.ch.SelectorImpl.lockAndDoSelect(SelectorImpl.java:86)&#10;        at sun.nio.ch.SelectorImpl.select(SelectorImpl.java:97)&#10;        at sun.nio.ch.SelectorImpl.select(SelectorImpl.java:101)&#10;        at org.eclipse.jetty.io.ManagedSelector$SelectorProducer.select(ManagedSelector.java:472)&#10;        at org.eclipse.jetty.io.ManagedSelector$SelectorProducer.produce(ManagedSelector.java:409)&#10;        at org.eclipse.jetty.util.thread.strategy.EatWhatYouKill.produceTask(EatWhatYouKill.java:360)&#10;        at org.eclipse.jetty.util.thread.strategy.EatWhatYouKill.doProduce(EatWhatYouKill.java:184)&#10;        at org.eclipse.jetty.util.thread.strategy.EatWhatYouKill.tryProduce(EatWhatYouKill.java:171)&#10;        at org.eclipse.jetty.util.thread.strategy.EatWhatYouKill.produce(EatWhatYouKill.java:135)&#10;        at org.eclipse.jetty.io.ManagedSelector$$Lambda$72/2131366717.run(Unknown Source)&#10;        at org.eclipse.jetty.util.thread.QueuedThreadPool.runJob(QueuedThreadPool.java:806)&#10;        at org.eclipse.jetty.util.thread.QueuedThreadPool$Runner.run(QueuedThreadPool.java:938)&#10;        at java.lang.Thread.run(Thread.java:748)&#10;&quot;IPC Server idle connection scanner for port 46773&quot; daemon prio=5 tid=18 timed_waiting&#10;java.lang.Thread.State: TIMED_WAITING&#10;        at java.lang.Object.wait(Native Method)&#10;        at java.util.TimerThread.mainLoop(Timer.java:552)&#10;        at java.util.TimerThread.run(Timer.java:505)&#10;&quot;IPC Server handler 13 on default port 40641&quot; daemon prio=5 tid=132 timed_waiting&#10;java.lang.Thread.State: TIMED_WAITING&#10;        at sun.misc.Unsafe.park(Native Method)&#10;        at java.util.concurrent.locks.LockSupport.parkNanos(LockSupport.java:215)&#10;        at java.util.concurrent.locks.AbstractQueuedSynchronizer$ConditionObject.awaitNanos(AbstractQueuedSynchronizer.java:2078)&#10;        at java.util.concurrent.LinkedBlockingQueue.poll(LinkedBlockingQueue.java:467)&#10;        at org.apache.hadoop.ipc.CallQueueManager.take(CallQueueManager.java:295)&#10;        at org.apache.hadoop.ipc.Server$Handler.run(Server.java:2881)&#10;&quot;9495edf4-c4c1-498f-b6f3-5b53a0d22e6c@group-DF8CCA9D97C3-SegmentedRaftLogWorker&quot;  prio=5 tid=262 timed_waiting&#10;java.lang.Thread.State: TIMED_WAITING&#10;        at sun.misc.Unsafe.park(Native Method)&#10;        at java.util.concurrent.locks.LockSupport.parkNanos(LockSupport.java:215)&#10;        at java.util.concurrent.locks.AbstractQueuedSynchronizer$ConditionObject.awaitNanos(AbstractQueuedSynchronizer.java:2078)&#10;        at org.apache.ratis.util.DataBlockingQueue.poll(DataBlockingQueue.java:137)&#10;        at org.apache.ratis.server.raftlog.segmented.SegmentedRaftLogWorker.run(SegmentedRaftLogWorker.java:287)&#10;        at java.lang.Thread.run(Thread.java:748)&#10;&quot;BlockDeletingService#2&quot; daemon prio=5 tid=358 in Object.wait()&#10;java.lang.Thread.State: WAITING (on object monitor)&#10;        at sun.misc.Unsafe.park(Native Method)&#10;        at java.util.concurrent.locks.LockSupport.park(LockSupport.java:175)&#10;        at java.util.concurrent.locks.AbstractQueuedSynchronizer$ConditionObject.await(AbstractQueuedSynchronizer.java:2039)&#10;        at java.util.concurrent.ScheduledThreadPoolExecutor$DelayedWorkQueue.take(ScheduledThreadPoolExecutor.java:1088)&#10;        at java.util.concurrent.ScheduledThreadPoolExecutor$DelayedWorkQueue.take(ScheduledThreadPoolExecutor.java:809)&#10;        at java.util.concurrent.ThreadPoolExecutor.getTask(ThreadPoolExecutor.java:1074)&#10;        at java.util.concurrent.ThreadPoolExecutor.runWorker(ThreadPoolExecutor.java:1134)&#10;        at java.util.concurrent.ThreadPoolExecutor$Worker.run(ThreadPoolExecutor.java:624)&#10;        at java.lang.Thread.run(Thread.java:748)&#10;&quot;ChunkWriter-1-0&quot; daemon prio=5 tid=239 in Object.wait()&#10;java.lang.Thread.State: WAITING (on object monitor)&#10;        at sun.misc.Unsafe.park(Native Method)&#10;        at java.util.concurrent.locks.LockSupport.park(LockSupport.java:175)&#10;        at java.util.concurrent.locks.AbstractQueuedSynchronizer$ConditionObject.await(AbstractQueuedSynchronizer.java:2039)&#10;        at java.util.concurrent.LinkedBlockingDeque.takeFirst(LinkedBlockingDeque.java:492)&#10;        at java.util.concurrent.LinkedBlockingDeque.take(LinkedBlockingDeque.java:680)&#10;        at java.util.concurrent.ThreadPoolExecutor.getTask(ThreadPoolExecutor.java:1074)&#10;        at java.util.concurrent.ThreadPoolExecutor.runWorker(ThreadPoolExecutor.java:1134)&#10;        at java.util.concurrent.ThreadPoolExecutor$Worker.run(ThreadPoolExecutor.java:624)&#10;        at java.lang.Thread.run(Thread.java:748)&#10;&quot;IPC Server handler 0 on default port 40641&quot; daemon prio=5 tid=119 timed_waiting&#10;java.lang.Thread.State: TIMED_WAITING&#10;        at sun.misc.Unsafe.park(Native Method)&#10;        at java.util.concurrent.locks.LockSupport.parkNanos(LockSupport.java:215)&#10;        at java.util.concurrent.locks.AbstractQueuedSynchronizer$ConditionObject.awaitNanos(AbstractQueuedSynchronizer.java:2078)&#10;        at java.util.concurrent.LinkedBlockingQueue.poll(LinkedBlockingQueue.java:467)&#10;        at org.apache.hadoop.ipc.CallQueueManager.take(CallQueueManager.java:295)&#10;        at org.apache.hadoop.ipc.Server$Handler.run(Server.java:2881)&#10;&quot;IPC Server handler 1 on default port 41043&quot; daemon prio=5 tid=56 timed_waiting&#10;java.lang.Thread.State: TIMED_WAITING&#10;        at sun.misc.Unsafe.park(Native Method)&#10;        at java.util.concurrent.locks.LockSupport.parkNanos(LockSupport.java:215)&#10;        at java.util.concurrent.locks.AbstractQueuedSynchronizer$ConditionObject.awaitNanos(AbstractQueuedSynchronizer.java:2078)&#10;        at java.util.concurrent.LinkedBlockingQueue.poll(LinkedBlockingQueue.java:467)&#10;        at org.apache.hadoop.ipc.CallQueueManager.take(CallQueueManager.java:295)&#10;        at org.apache.hadoop.ipc.Server$Handler.run(Server.java:2881)&#10;&quot;IPC Server handler 13 on default port 39179&quot; daemon prio=5 tid=48 timed_waiting&#10;java.lang.Thread.State: TIMED_WAITING&#10;        at sun.misc.Unsafe.park(Native Method)&#10;        at java.util.concurrent.locks.LockSupport.parkNanos(LockSupport.java:215)&#10;        at java.util.concurrent.locks.AbstractQueuedSynchronizer$ConditionObject.awaitNanos(AbstractQueuedSynchronizer.java:2078)&#10;        at java.util.concurrent.LinkedBlockingQueue.poll(LinkedBlockingQueue.java:467)&#10;        at org.apache.hadoop.ipc.CallQueueManager.take(CallQueueManager.java:295)&#10;        at org.apache.hadoop.ipc.Server$Handler.run(Server.java:2881)&#10;&quot;BlockDeletingService#1&quot; daemon prio=5 tid=237 timed_waiting&#10;java.lang.Thread.State: TIMED_WAITING&#10;        at sun.misc.Unsafe.park(Native Method)&#10;        at java.util.concurrent.locks.LockSupport.parkNanos(LockSupport.java:215)&#10;        at java.util.concurrent.locks.AbstractQueuedSynchronizer$ConditionObject.awaitNanos(AbstractQueuedSynchronizer.java:2078)&#10;        at java.util.concurrent.ScheduledThreadPoolExecutor$DelayedWorkQueue.take(ScheduledThreadPoolExecutor.java:1093)&#10;        at java.util.concurrent.ScheduledThreadPoolExecutor$DelayedWorkQueue.take(ScheduledThreadPoolExecutor.java:809)&#10;        at java.util.concurrent.ThreadPoolExecutor.getTask(ThreadPoolExecutor.java:1074)&#10;        at java.util.concurrent.ThreadPoolExecutor.runWorker(ThreadPoolExecutor.java:1134)&#10;        at java.util.concurrent.ThreadPoolExecutor$Worker.run(ThreadPoolExecutor.java:624)&#10;        at java.lang.Thread.run(Thread.java:748)&#10;&quot;qtp1990315034-158&quot; daemon prio=5 tid=158 runnable&#10;java.lang.Thread.State: RUNNABLE&#10;        at sun.nio.ch.EPollArrayWrapper.epollWait(Native Method)&#10;        at sun.nio.ch.EPollArrayWrapper.poll(EPollArrayWrapper.java:269)&#10;        at sun.nio.ch.EPollSelectorImpl.doSelect(EPollSelectorImpl.java:93)&#10;        at sun.nio.ch.SelectorImpl.lockAndDoSelect(SelectorImpl.java:86)&#10;        at sun.nio.ch.SelectorImpl.select(SelectorImpl.java:97)&#10;        at sun.nio.ch.SelectorImpl.select(SelectorImpl.java:101)&#10;        at org.eclipse.jetty.io.ManagedSelector$SelectorProducer.select(ManagedSelector.java:472)&#10;        at org.eclipse.jetty.io.ManagedSelector$SelectorProducer.produce(ManagedSelector.java:409)&#10;        at org.eclipse.jetty.util.thread.strategy.EatWhatYouKill.produceTask(EatWhatYouKill.java:360)&#10;        at org.eclipse.jetty.util.thread.strategy.EatWhatYouKill.doProduce(EatWhatYouKill.java:184)&#10;        at org.eclipse.jetty.util.thread.strategy.EatWhatYouKill.tryProduce(EatWhatYouKill.java:171)&#10;        at org.eclipse.jetty.util.thread.strategy.EatWhatYouKill.produce(EatWhatYouKill.java:135)&#10;        at org.eclipse.jetty.io.ManagedSelector$$Lambda$72/2131366717.run(Unknown Source)&#10;        at org.eclipse.jetty.util.thread.QueuedThreadPool.runJob(QueuedThreadPool.java:806)&#10;        at org.eclipse.jetty.util.thread.QueuedThreadPool$Runner.run(QueuedThreadPool.java:938)&#10;        at java.lang.Thread.run(Thread.java:748)&#10;&quot;qtp1990315034-162&quot; daemon prio=5 tid=162 timed_waiting&#10;java.lang.Thread.State: TIMED_WAITING&#10;        at sun.misc.Unsafe.park(Native Method)&#10;        at java.util.concurrent.locks.LockSupport.parkNanos(LockSupport.java:215)&#10;        at java.util.concurrent.locks.AbstractQueuedSynchronizer$ConditionObject.awaitNanos(AbstractQueuedSynchronizer.java:2078)&#10;        at org.eclipse.jetty.util.BlockingArrayQueue.poll(BlockingArrayQueue.java:382)&#10;        at org.eclipse.jetty.util.thread.QueuedThreadPool$Runner.idleJobPoll(QueuedThreadPool.java:875)&#10;        at org.eclipse.jetty.util.thread.QueuedThreadPool$Runner.run(QueuedThreadPool.java:925)&#10;        at java.lang.Thread.run(Thread.java:748)&#10;&quot;Datanode ReportManager Thread - 0&quot; daemon prio=5 tid=171 in Object.wait()&#10;java.lang.Thread.State: WAITING (on object monitor)&#10;        at sun.misc.Unsafe.park(Native Method)&#10;        at java.util.concurrent.locks.LockSupport.park(LockSupport.java:175)&#10;        at java.util.concurrent.locks.AbstractQueuedSynchronizer$ConditionObject.await(AbstractQueuedSynchronizer.java:2039)&#10;        at java.util.concurrent.ScheduledThreadPoolExecutor$DelayedWorkQueue.take(ScheduledThreadPoolExecutor.java:1088)&#10;        at java.util.concurrent.ScheduledThreadPoolExecutor$DelayedWorkQueue.take(ScheduledThreadPoolExecutor.java:809)&#10;        at java.util.concurrent.ThreadPoolExecutor.getTask(ThreadPoolExecutor.java:1074)&#10;        at java.util.concurrent.ThreadPoolExecutor.runWorker(ThreadPoolExecutor.java:1134)&#10;        at java.util.concurrent.ThreadPoolExecutor$Worker.run(ThreadPoolExecutor.java:624)&#10;        at java.lang.Thread.run(Thread.java:748)&#10;&quot;IPC Server handler 10 on default port 41043&quot; daemon prio=5 tid=65 timed_waiting&#10;java.lang.Thread.State: TIMED_WAITING&#10;        at sun.misc.Unsafe.park(Native Method)&#10;        at java.util.concurrent.locks.LockSupport.parkNanos(LockSupport.java:215)&#10;        at java.util.concurrent.locks.AbstractQueuedSynchronizer$ConditionObject.awaitNanos(AbstractQueuedSynchronizer.java:2078)&#10;        at java.util.concurrent.LinkedBlockingQueue.poll(LinkedBlockingQueue.java:467)&#10;        at org.apache.hadoop.ipc.CallQueueManager.take(CallQueueManager.java:295)&#10;        at org.apache.hadoop.ipc.Server$Handler.run(Server.java:2881)&#10;&quot;IPC Server handler 4 on default port 39179&quot; daemon prio=5 tid=39 timed_waiting&#10;java.lang.Thread.State: TIMED_WAITING&#10;        at sun.misc.Unsafe.park(Native Method)&#10;        at java.util.concurrent.locks.LockSupport.parkNanos(LockSupport.java:215)&#10;        at java.util.concurrent.locks.AbstractQueuedSynchronizer$ConditionObject.awaitNanos(AbstractQueuedSynchronizer.java:2078)&#10;        at java.util.concurrent.LinkedBlockingQueue.poll(LinkedBlockingQueue.java:467)&#10;        at org.apache.hadoop.ipc.CallQueueManager.take(CallQueueManager.java:295)&#10;        at org.apache.hadoop.ipc.Server$Handler.run(Server.java:2881)&#10;&quot;qtp2098720336-101&quot; daemon prio=5 tid=101 timed_waiting&#10;java.lang.Thread.State: TIMED_WAITING&#10;        at sun.misc.Unsafe.park(Native Method)&#10;        at java.util.concurrent.locks.LockSupport.parkNanos(LockSupport.java:215)&#10;        at java.util.concurrent.locks.AbstractQueuedSynchronizer$ConditionObject.awaitNanos(AbstractQueuedSynchronizer.java:2078)&#10;        at org.eclipse.jetty.util.BlockingArrayQueue.poll(BlockingArrayQueue.java:382)&#10;        at org.eclipse.jetty.util.thread.QueuedThreadPool$Runner.idleJobPoll(QueuedThreadPool.java:875)&#10;        at org.eclipse.jetty.util.thread.QueuedThreadPool$Runner.run(QueuedThreadPool.java:925)&#10;        at java.lang.Thread.run(Thread.java:748)&#10;&quot;IPC Server handler 13 on default port 46773&quot; daemon prio=5 tid=88 timed_waiting&#10;java.lang.Thread.State: TIMED_WAITING&#10;        at sun.misc.Unsafe.park(Native Method)&#10;        at java.util.concurrent.locks.LockSupport.parkNanos(LockSupport.java:215)&#10;        at java.util.concurrent.locks.AbstractQueuedSynchronizer$ConditionObject.awaitNanos(AbstractQueuedSynchronizer.java:2078)&#10;        at java.util.concurrent.LinkedBlockingQueue.poll(LinkedBlockingQueue.java:467)&#10;        at org.apache.hadoop.ipc.CallQueueManager.take(CallQueueManager.java:295)&#10;        at org.apache.hadoop.ipc.Server$Handler.run(Server.java:2881)&#10;&quot;qtp2047820764-148&quot; daemon prio=5 tid=148 timed_waiting&#10;java.lang.Thread.State: TIMED_WAITING&#10;        at sun.misc.Unsafe.park(Native Method)&#10;        at java.util.concurrent.locks.LockSupport.parkNanos(LockSupport.java:215)&#10;        at java.util.concurrent.locks.AbstractQueuedSynchronizer$ConditionObject.awaitNanos(AbstractQueuedSynchronizer.java:2078)&#10;        at org.eclipse.jetty.util.BlockingArrayQueue.poll(BlockingArrayQueue.java:382)&#10;        at org.eclipse.jetty.util.thread.QueuedThreadPool$Runner.idleJobPoll(QueuedThreadPool.java:875)&#10;        at org.eclipse.jetty.util.thread.QueuedThreadPool$Runner.run(QueuedThreadPool.java:925)&#10;        at java.lang.Thread.run(Thread.java:748)&#10;&quot;CommandWatcher-LeaseManager#LeaseMonitor&quot; daemon prio=5 tid=34 timed_waiting&#10;java.lang.Thread.State: TIMED_WAITING&#10;        at java.lang.Thread.sleep(Native Method)&#10;        at org.apache.hadoop.ozone.lease.LeaseManager$LeaseMonitor.run(LeaseManager.java:234)&#10;        at java.lang.Thread.run(Thread.java:748)&#10;&quot;qtp2009931623-211&quot; daemon prio=5 tid=211 timed_waiting&#10;java.lang.Thread.State: TIMED_WAITING&#10;        at sun.misc.Unsafe.park(Native Method)&#10;        at java.util.concurrent.locks.LockSupport.parkNanos(LockSupport.java:215)&#10;        at java.util.concurrent.locks.AbstractQueuedSynchronizer$ConditionObject.awaitNanos(AbstractQueuedSynchronizer.java:2078)&#10;        at org.eclipse.jetty.util.BlockingArrayQueue.poll(BlockingArrayQueue.java:382)&#10;        at org.eclipse.jetty.util.thread.QueuedThreadPool$Runner.idleJobPoll(QueuedThreadPool.java:875)&#10;        at org.eclipse.jetty.util.thread.QueuedThreadPool$Runner.run(QueuedThreadPool.java:925)&#10;        at java.lang.Thread.run(Thread.java:748)&#10;&quot;Socket Reader #1 for port 0&quot;  prio=5 tid=25 runnable&#10;java.lang.Thread.State: RUNNABLE&#10;        at sun.nio.ch.EPollArrayWrapper.epollWait(Native Method)&#10;        at sun.nio.ch.EPollArrayWrapper.poll(EPollArrayWrapper.java:269)&#10;        at sun.nio.ch.EPollSelectorImpl.doSelect(EPollSelectorImpl.java:93)&#10;        at sun.nio.ch.SelectorImpl.lockAndDoSelect(SelectorImpl.java:86)&#10;        at sun.nio.ch.SelectorImpl.select(SelectorImpl.java:97)&#10;        at sun.nio.ch.SelectorImpl.select(SelectorImpl.java:101)&#10;        at org.apache.hadoop.ipc.Server$Listener$Reader.doRunLoop(Server.java:1242)&#10;        at org.apache.hadoop.ipc.Server$Listener$Reader.run(Server.java:1221)&#10;&quot;pool-24-thread-1&quot;  prio=5 tid=140 timed_waiting&#10;java.lang.Thread.State: TIMED_WAITING&#10;        at sun.misc.Unsafe.park(Native Method)&#10;        at java.util.concurrent.locks.LockSupport.parkNanos(LockSupport.java:215)&#10;        at java.util.concurrent.locks.AbstractQueuedSynchronizer$ConditionObject.awaitNanos(AbstractQueuedSynchronizer.java:2078)&#10;        at java.util.concurrent.ScheduledThreadPoolExecutor$DelayedWorkQueue.take(ScheduledThreadPoolExecutor.java:1093)&#10;        at java.util.concurrent.ScheduledThreadPoolExecutor$DelayedWorkQueue.take(ScheduledThreadPoolExecutor.java:809)&#10;        at java.util.concurrent.ThreadPoolExecutor.getTask(ThreadPoolExecutor.java:1074)&#10;        at java.util.concurrent.ThreadPoolExecutor.runWorker(ThreadPoolExecutor.java:1134)&#10;        at java.util.concurrent.ThreadPoolExecutor$Worker.run(ThreadPoolExecutor.java:624)&#10;        at java.lang.Thread.run(Thread.java:748)&#10;&quot;org.apache.hadoop.util.JvmPauseMonitor$Monitor@1aa0b642&quot; daemon prio=5 tid=222 timed_waiting&#10;java.lang.Thread.State: TIMED_WAITING&#10;        at java.lang.Thread.sleep(Native Method)&#10;        at org.apache.hadoop.util.JvmPauseMonitor$Monitor.run(JvmPauseMonitor.java:192)&#10;        at java.lang.Thread.run(Thread.java:748)&#10;&quot;qtp2009931623-207-acceptor-0@3721ce32-ServerConnector@29897daf{HTTP/1.1,[http/1.1]}{0.0.0.0:37147}&quot; daemon prio=3 tid=207 runnable&#10;java.lang.Thread.State: RUNNABLE&#10;        at sun.nio.ch.ServerSocketChannelImpl.accept0(Native Method)&#10;        at sun.nio.ch.ServerSocketChannelImpl.accept(ServerSocketChannelImpl.java:422)&#10;        at sun.nio.ch.ServerSocketChannelImpl.accept(ServerSocketChannelImpl.java:250)&#10;        at org.eclipse.jetty.server.ServerConnector.accept(ServerConnector.java:385)&#10;        at org.eclipse.jetty.server.AbstractConnector$Acceptor.run(AbstractConnector.java:701)&#10;        at org.eclipse.jetty.util.thread.QueuedThreadPool.runJob(QueuedThreadPool.java:806)&#10;        at org.eclipse.jetty.util.thread.QueuedThreadPool$Runner.run(QueuedThreadPool.java:938)&#10;        at java.lang.Thread.run(Thread.java:748)&#10;&quot;IPC Server handler 11 on default port 40641&quot; daemon prio=5 tid=130 timed_waiting&#10;java.lang.Thread.State: TIMED_WAITING&#10;        at sun.misc.Unsafe.park(Native Method)&#10;        at java.util.concurrent.locks.LockSupport.parkNanos(LockSupport.java:215)&#10;        at java.util.concurrent.locks.AbstractQueuedSynchronizer$ConditionObject.awaitNanos(AbstractQueuedSynchronizer.java:2078)&#10;        at java.util.concurrent.LinkedBlockingQueue.poll(LinkedBlockingQueue.java:467)&#10;        at org.apache.hadoop.ipc.CallQueueManager.take(CallQueueManager.java:295)&#10;        at org.apache.hadoop.ipc.Server$Handler.run(Server.java:2881)&#10;&quot;IPC Server handler 1 on default port 46773&quot; daemon prio=5 tid=76 timed_waiting&#10;java.lang.Thread.State: TIMED_WAITING&#10;        at sun.misc.Unsafe.park(Native Method)&#10;        at java.util.concurrent.locks.LockSupport.parkNanos(LockSupport.java:215)&#10;        at java.util.concurrent.locks.AbstractQueuedSynchronizer$ConditionObject.awaitNanos(AbstractQueuedSynchronizer.java:2078)&#10;        at java.util.concurrent.LinkedBlockingQueue.poll(LinkedBlockingQueue.java:467)&#10;        at org.apache.hadoop.ipc.CallQueueManager.take(CallQueueManager.java:295)&#10;        at org.apache.hadoop.ipc.Server$Handler.run(Server.java:2881)&#10;&quot;IPC Server handler 10 on default port 40641&quot; daemon prio=5 tid=129 timed_waiting&#10;java.lang.Thread.State: TIMED_WAITING&#10;        at sun.misc.Unsafe.park(Native Method)&#10;        at java.util.concurrent.locks.LockSupport.parkNanos(LockSupport.java:215)&#10;        at java.util.concurrent.locks.AbstractQueuedSynchronizer$ConditionObject.awaitNanos(AbstractQueuedSynchronizer.java:2078)&#10;        at java.util.concurrent.LinkedBlockingQueue.poll(LinkedBlockingQueue.java:467)&#10;        at org.apache.hadoop.ipc.CallQueueManager.take(CallQueueManager.java:295)&#10;        at org.apache.hadoop.ipc.Server$Handler.run(Server.java:2881)&#10;&quot;f827eca5-1302-485d-b40a-808f1d3616bb@group-DF8CCA9D97C3-StateMachineUpdater&quot; daemon prio=5 tid=270 in Object.wait()&#10;java.lang.Thread.State: WAITING (on object monitor)&#10;        at java.lang.Object.wait(Native Method)&#10;        at java.lang.Object.wait(Object.java:502)&#10;        at org.apache.ratis.server.impl.StateMachineUpdater.waitForCommit(StateMachineUpdater.java:200)&#10;        at org.apache.ratis.server.impl.StateMachineUpdater.run(StateMachineUpdater.java:165)&#10;        at java.lang.Thread.run(Thread.java:748)&#10;&quot;f827eca5-1302-485d-b40a-808f1d3616bb@group-55234961F2D3-SegmentedRaftLogWorker&quot;  prio=5 tid=266 timed_waiting&#10;java.lang.Thread.State: TIMED_WAITING&#10;        at sun.misc.Unsafe.park(Native Method)&#10;        at java.util.concurrent.locks.LockSupport.parkNanos(LockSupport.java:215)&#10;        at java.util.concurrent.locks.AbstractQueuedSynchronizer$ConditionObject.awaitNanos(AbstractQueuedSynchronizer.java:2078)&#10;        at org.apache.ratis.util.DataBlockingQueue.poll(DataBlockingQueue.java:137)&#10;        at org.apache.ratis.server.raftlog.segmented.SegmentedRaftLogWorker.run(SegmentedRaftLogWorker.java:287)&#10;        at java.lang.Thread.run(Thread.java:748)&#10;&quot;BlockDeletingService#1&quot; daemon prio=5 tid=231 timed_waiting&#10;java.lang.Thread.State: TIMED_WAITING&#10;        at sun.misc.Unsafe.park(Native Method)&#10;        at java.util.concurrent.locks.LockSupport.parkNanos(LockSupport.java:215)&#10;        at java.util.concurrent.locks.AbstractQueuedSynchronizer$ConditionObject.awaitNanos(AbstractQueuedSynchronizer.java:2078)&#10;        at java.util.concurrent.ScheduledThreadPoolExecutor$DelayedWorkQueue.take(ScheduledThreadPoolExecutor.java:1093)&#10;        at java.util.concurrent.ScheduledThreadPoolExecutor$DelayedWorkQueue.take(ScheduledThreadPoolExecutor.java:809)&#10;        at java.util.concurrent.ThreadPoolExecutor.getTask(ThreadPoolExecutor.java:1074)&#10;        at java.util.concurrent.ThreadPoolExecutor.runWorker(ThreadPoolExecutor.java:1134)&#10;        at java.util.concurrent.ThreadPoolExecutor$Worker.run(ThreadPoolExecutor.java:624)&#10;        at java.lang.Thread.run(Thread.java:748)&#10;&quot;prometheus&quot; daemon prio=5 tid=105 in Object.wait()&#10;java.lang.Thread.State: WAITING (on object monitor)&#10;        at java.lang.Object.wait(Native Method)&#10;        at java.lang.Object.wait(Object.java:502)&#10;        at org.apache.hadoop.metrics2.impl.SinkQueue.waitForData(SinkQueue.java:114)&#10;        at org.apache.hadoop.metrics2.impl.SinkQueue.consumeAll(SinkQueue.java:83)&#10;        at org.apache.hadoop.metrics2.impl.MetricsSinkAdapter.publishMetricsFromQueue(MetricsSinkAdapter.java:135)&#10;        at org.apache.hadoop.metrics2.impl.MetricsSinkAdapter$1.run(MetricsSinkAdapter.java:89)&#10;&quot;IPC Server handler 17 on default port 41043&quot; daemon prio=5 tid=72 timed_waiting&#10;java.lang.Thread.State: TIMED_WAITING&#10;        at sun.misc.Unsafe.park(Native Method)&#10;        at java.util.concurrent.locks.LockSupport.parkNanos(LockSupport.java:215)&#10;        at java.util.concurrent.locks.AbstractQueuedSynchronizer$ConditionObject.awaitNanos(AbstractQueuedSynchronizer.java:2078)&#10;        at java.util.concurrent.LinkedBlockingQueue.poll(LinkedBlockingQueue.java:467)&#10;        at org.apache.hadoop.ipc.CallQueueManager.take(CallQueueManager.java:295)&#10;        at org.apache.hadoop.ipc.Server$Handler.run(Server.java:2881)&#10;&quot;pool-60-thread-1&quot; daemon prio=5 tid=198 timed_waiting&#10;java.lang.Thread.State: TIMED_WAITING&#10;        at sun.misc.Unsafe.park(Native Method)&#10;        at java.util.concurrent.locks.LockSupport.parkNanos(LockSupport.java:215)&#10;        at java.util.concurrent.locks.AbstractQueuedSynchronizer$ConditionObject.awaitNanos(AbstractQueuedSynchronizer.java:2078)&#10;        at java.util.concurrent.ScheduledThreadPoolExecutor$DelayedWorkQueue.take(ScheduledThreadPoolExecutor.java:1093)&#10;        at java.util.concurrent.ScheduledThreadPoolExecutor$DelayedWorkQueue.take(ScheduledThreadPoolExecutor.java:809)&#10;        at java.util.concurrent.ThreadPoolExecutor.getTask(ThreadPoolExecutor.java:1074)&#10;        at java.util.concurrent.ThreadPoolExecutor.runWorker(ThreadPoolExecutor.java:1134)&#10;        at java.util.concurrent.ThreadPoolExecutor$Worker.run(ThreadPoolExecutor.java:624)&#10;        at java.lang.Thread.run(Thread.java:748)&#10;&quot;KeyDeletingService#0&quot; daemon prio=5 tid=118 timed_waiting&#10;java.lang.Thread.State: TIMED_WAITING&#10;        at sun.misc.Unsafe.park(Native Method)&#10;        at java.util.concurrent.locks.LockSupport.parkNanos(LockSupport.java:215)&#10;        at java.util.concurrent.locks.AbstractQueuedSynchronizer$ConditionObject.awaitNanos(AbstractQueuedSynchronizer.java:2078)&#10;        at java.util.concurrent.ScheduledThreadPoolExecutor$DelayedWorkQueue.take(ScheduledThreadPoolExecutor.java:1093)&#10;        at java.util.concurrent.ScheduledThreadPoolExecutor$DelayedWorkQueue.take(ScheduledThreadPoolExecutor.java:809)&#10;        at java.util.concurrent.ThreadPoolExecutor.getTask(ThreadPoolExecutor.java:1074)&#10;        at java.util.concurrent.ThreadPoolExecutor.runWorker(ThreadPoolExecutor.java:1134)&#10;        at java.util.concurrent.ThreadPoolExecutor$Worker.run(ThreadPoolExecutor.java:624)&#10;        at java.lang.Thread.run(Thread.java:748)&#10;&quot;IPC Server handler 18 on default port 39179&quot; daemon prio=5 tid=53 timed_waiting&#10;java.lang.Thread.State: TIMED_WAITING&#10;        at sun.misc.Unsafe.park(Native Method)&#10;        at java.util.concurrent.locks.LockSupport.parkNanos(LockSupport.java:215)&#10;        at java.util.concurrent.locks.AbstractQueuedSynchronizer$ConditionObject.awaitNanos(AbstractQueuedSynchronizer.java:2078)&#10;        at java.util.concurrent.LinkedBlockingQueue.poll(LinkedBlockingQueue.java:467)&#10;        at org.apache.hadoop.ipc.CallQueueManager.take(CallQueueManager.java:295)&#10;        at org.apache.hadoop.ipc.Server$Handler.run(Server.java:2881)&#10;&quot;java.util.concurrent.ThreadPoolExecutor$Worker@4d8b4632[State = -1, empty queue]&quot; daemon prio=5 tid=317 timed_waiting&#10;java.lang.Thread.State: TIMED_WAITING&#10;        at sun.misc.Unsafe.park(Native Method)&#10;        at java.util.concurrent.locks.LockSupport.parkNanos(LockSupport.java:215)&#10;        at java.util.concurrent.locks.AbstractQueuedSynchronizer$ConditionObject.awaitNanos(AbstractQueuedSynchronizer.java:2078)&#10;        at java.util.concurrent.ScheduledThreadPoolExecutor$DelayedWorkQueue.take(ScheduledThreadPoolExecutor.java:1093)&#10;        at java.util.concurrent.ScheduledThreadPoolExecutor$DelayedWorkQueue.take(ScheduledThreadPoolExecutor.java:809)&#10;        at java.util.concurrent.ThreadPoolExecutor.getTask(ThreadPoolExecutor.java:1074)&#10;        at java.util.concurrent.ThreadPoolExecutor.runWorker(ThreadPoolExecutor.java:1134)&#10;        at java.util.concurrent.ThreadPoolExecutor$Worker.run(ThreadPoolExecutor.java:624)&#10;        at java.lang.Thread.run(Thread.java:748)&#10;&quot;org.apache.hadoop.util.JvmPauseMonitor$Monitor@2d23a5be&quot; daemon prio=5 tid=151 timed_waiting&#10;java.lang.Thread.State: TIMED_WAITING&#10;        at java.lang.Thread.sleep(Native Method)&#10;        at org.apache.hadoop.util.JvmPauseMonitor$Monitor.run(JvmPauseMonitor.java:192)&#10;        at java.lang.Thread.run(Thread.java:748)&#10;&quot;IPC Server handler 14 on default port 46773&quot; daemon prio=5 tid=89 timed_waiting&#10;java.lang.Thread.State: TIMED_WAITING&#10;        at sun.misc.Unsafe.park(Native Method)&#10;        at java.util.concurrent.locks.LockSupport.parkNanos(LockSupport.java:215)&#10;        at java.util.concurrent.locks.AbstractQueuedSynchronizer$ConditionObject.awaitNanos(AbstractQueuedSynchronizer.java:2078)&#10;        at java.util.concurrent.LinkedBlockingQueue.poll(LinkedBlockingQueue.java:467)&#10;        at org.apache.hadoop.ipc.CallQueueManager.take(CallQueueManager.java:295)&#10;        at org.apache.hadoop.ipc.Server$Handler.run(Server.java:2881)&#10;&quot;IPC Server handler 8 on default port 39179&quot; daemon prio=5 tid=43 timed_waiting&#10;java.lang.Thread.State: TIMED_WAITING&#10;        at sun.misc.Unsafe.park(Native Method)&#10;        at java.util.concurrent.locks.LockSupport.parkNanos(LockSupport.java:215)&#10;        at java.util.concurrent.locks.AbstractQueuedSynchronizer$ConditionObject.awaitNanos(AbstractQueuedSynchronizer.java:2078)&#10;        at java.util.concurrent.LinkedBlockingQueue.poll(LinkedBlockingQueue.java:467)&#10;        at org.apache.hadoop.ipc.CallQueueManager.take(CallQueueManager.java:295)&#10;        at org.apache.hadoop.ipc.Server$Handler.run(Server.java:2881)&#10;&quot;grpc-nio-worker-ELG-3-2&quot; daemon prio=5 tid=273 runnable&#10;java.lang.Thread.State: RUNNABLE&#10;        at sun.nio.ch.EPollArrayWrapper.epollWait(Native Method)&#10;        at sun.nio.ch.EPollArrayWrapper.poll(EPollArrayWrapper.java:269)&#10;        at sun.nio.ch.EPollSelectorImpl.doSelect(EPollSelectorImpl.java:93)&#10;        at sun.nio.ch.SelectorImpl.lockAndDoSelect(SelectorImpl.java:86)&#10;        at sun.nio.ch.SelectorImpl.select(SelectorImpl.java:97)&#10;        at org.apache.ratis.thirdparty.io.netty.channel.nio.SelectedSelectionKeySetSelector.select(SelectedSelectionKeySetSelector.java:62)&#10;        at org.apache.ratis.thirdparty.io.netty.channel.nio.NioEventLoop.select(NioEventLoop.java:807)&#10;        at org.apache.ratis.thirdparty.io.netty.channel.nio.NioEventLoop.run(NioEventLoop.java:457)&#10;        at org.apache.ratis.thirdparty.io.netty.util.concurrent.SingleThreadEventExecutor$4.run(SingleThreadEventExecutor.java:989)&#10;        at org.apache.ratis.thirdparty.io.netty.util.internal.ThreadExecutorMap$2.run(ThreadExecutorMap.java:74)&#10;        at org.apache.ratis.thirdparty.io.netty.util.concurrent.FastThreadLocalRunnable.run(FastThreadLocalRunnable.java:30)&#10;        at java.lang.Thread.run(Thread.java:748)&#10;&quot;Datanode ReportManager Thread - 3&quot; daemon prio=5 tid=220 in Object.wait()&#10;java.lang.Thread.State: WAITING (on object monitor)&#10;        at sun.misc.Unsafe.park(Native Method)&#10;        at java.util.concurrent.locks.LockSupport.park(LockSupport.java:175)&#10;        at java.util.concurrent.locks.AbstractQueuedSynchronizer$ConditionObject.await(AbstractQueuedSynchronizer.java:2039)&#10;        at java.util.concurrent.ScheduledThreadPoolExecutor$DelayedWorkQueue.take(ScheduledThreadPoolExecutor.java:1088)&#10;        at java.util.concurrent.ScheduledThreadPoolExecutor$DelayedWorkQueue.take(ScheduledThreadPoolExecutor.java:809)&#10;        at java.util.concurrent.ThreadPoolExecutor.getTask(ThreadPoolExecutor.java:1074)&#10;        at java.util.concurrent.ThreadPoolExecutor.runWorker(ThreadPoolExecutor.java:1134)&#10;        at java.util.concurrent.ThreadPoolExecutor$Worker.run(ThreadPoolExecutor.java:624)&#10;        at java.lang.Thread.run(Thread.java:748)&#10;&quot;IPC Server handler 17 on default port 39179&quot; daemon prio=5 tid=52 timed_waiting&#10;java.lang.Thread.State: TIMED_WAITING&#10;        at sun.misc.Unsafe.park(Native Method)&#10;        at java.util.concurrent.locks.LockSupport.parkNanos(LockSupport.java:215)&#10;        at java.util.concurrent.locks.AbstractQueuedSynchronizer$ConditionObject.awaitNanos(AbstractQueuedSynchronizer.java:2078)&#10;        at java.util.concurrent.LinkedBlockingQueue.poll(LinkedBlockingQueue.java:467)&#10;        at org.apache.hadoop.ipc.CallQueueManager.take(CallQueueManager.java:295)&#10;        at org.apache.hadoop.ipc.Server$Handler.run(Server.java:2881)&#10;&quot;IPC Server listener on 0&quot; daemon prio=5 tid=112 runnable&#10;java.lang.Thread.State: RUNNABLE&#10;        at sun.nio.ch.EPollArrayWrapper.epollWait(Native Method)&#10;        at sun.nio.ch.EPollArrayWrapper.poll(EPollArrayWrapper.java:269)&#10;        at sun.nio.ch.EPollSelectorImpl.doSelect(EPollSelectorImpl.java:93)&#10;        at sun.nio.ch.SelectorImpl.lockAndDoSelect(SelectorImpl.java:86)&#10;        at sun.nio.ch.SelectorImpl.select(SelectorImpl.java:97)&#10;        at sun.nio.ch.SelectorImpl.select(SelectorImpl.java:101)&#10;        at org.apache.hadoop.ipc.Server$Listener.run(Server.java:1304)&#10;&quot;IPC Server handler 10 on default port 46773&quot; daemon prio=5 tid=85 timed_waiting&#10;java.lang.Thread.State: TIMED_WAITING&#10;        at sun.misc.Unsafe.park(Native Method)&#10;        at java.util.concurrent.locks.LockSupport.parkNanos(LockSupport.java:215)&#10;        at java.util.concurrent.locks.AbstractQueuedSynchronizer$ConditionObject.awaitNanos(AbstractQueuedSynchronizer.java:2078)&#10;        at java.util.concurrent.LinkedBlockingQueue.poll(LinkedBlockingQueue.java:467)&#10;        at org.apache.hadoop.ipc.CallQueueManager.take(CallQueueManager.java:295)&#10;        at org.apache.hadoop.ipc.Server$Handler.run(Server.java:2881)&#10;&quot;Thread-219&quot; daemon prio=5 tid=312 timed_waiting&#10;java.lang.Thread.State: TIMED_WAITING&#10;        at java.lang.Thread.sleep(Native Method)&#10;        at org.apache.ratis.util.JavaUtils.sleep(JavaUtils.java:243)&#10;        at org.apache.ratis.server.impl.FollowerState.run(FollowerState.java:97)&#10;&quot;pool-28-thread-1&quot; daemon prio=5 tid=155 timed_waiting&#10;java.lang.Thread.State: TIMED_WAITING&#10;        at sun.misc.Unsafe.park(Native Method)&#10;        at java.util.concurrent.locks.LockSupport.parkNanos(LockSupport.java:215)&#10;        at java.util.concurrent.locks.AbstractQueuedSynchronizer$ConditionObject.awaitNanos(AbstractQueuedSynchronizer.java:2078)&#10;        at java.util.concurrent.ScheduledThreadPoolExecutor$DelayedWorkQueue.take(ScheduledThreadPoolExecutor.java:1093)&#10;        at java.util.concurrent.ScheduledThreadPoolExecutor$DelayedWorkQueue.take(ScheduledThreadPoolExecutor.java:809)&#10;        at java.util.concurrent.ThreadPoolExecutor.getTask(ThreadPoolExecutor.java:1074)&#10;        at java.util.concurrent.ThreadPoolExecutor.runWorker(ThreadPoolExecutor.java:1134)&#10;        at java.util.concurrent.ThreadPoolExecutor$Worker.run(ThreadPoolExecutor.java:624)&#10;        at java.lang.Thread.run(Thread.java:748)&#10;&quot;IPC Server handler 15 on default port 39179&quot; daemon prio=5 tid=50 timed_waiting&#10;java.lang.Thread.State: TIMED_WAITING&#10;        at sun.misc.Unsafe.park(Native Method)&#10;        at java.util.concurrent.locks.LockSupport.parkNanos(LockSupport.java:215)&#10;        at java.util.concurrent.locks.AbstractQueuedSynchronizer$ConditionObject.awaitNanos(AbstractQueuedSynchronizer.java:2078)&#10;        at java.util.concurrent.LinkedBlockingQueue.poll(LinkedBlockingQueue.java:467)&#10;        at org.apache.hadoop.ipc.CallQueueManager.take(CallQueueManager.java:295)&#10;        at org.apache.hadoop.ipc.Server$Handler.run(Server.java:2881)&#10;&quot;pool-8-thread-1&quot;  prio=5 tid=28 timed_waiting&#10;java.lang.Thread.State: TIMED_WAITING&#10;        at sun.misc.Unsafe.park(Native Method)&#10;        at java.util.concurrent.locks.LockSupport.parkNanos(LockSupport.java:215)&#10;        at java.util.concurrent.locks.AbstractQueuedSynchronizer$ConditionObject.awaitNanos(AbstractQueuedSynchronizer.java:2078)&#10;        at java.util.concurrent.ScheduledThreadPoolExecutor$DelayedWorkQueue.take(ScheduledThreadPoolExecutor.java:1093)&#10;        at java.util.concurrent.ScheduledThreadPoolExecutor$DelayedWorkQueue.take(ScheduledThreadPoolExecutor.java:809)&#10;        at java.util.concurrent.ThreadPoolExecutor.getTask(ThreadPoolExecutor.java:1074)&#10;        at java.util.concurrent.ThreadPoolExecutor.runWorker(ThreadPoolExecutor.java:1134)&#10;        at java.util.concurrent.ThreadPoolExecutor$Worker.run(ThreadPoolExecutor.java:624)&#10;        at java.lang.Thread.run(Thread.java:748)&#10;&quot;qtp2047820764-142-acceptor-0@16fb1a62-ServerConnector@42f2cae8{HTTP/1.1,[http/1.1]}{0.0.0.0:36783}&quot; daemon prio=3 tid=142 runnable&#10;java.lang.Thread.State: RUNNABLE&#10;        at sun.nio.ch.ServerSocketChannelImpl.accept0(Native Method)&#10;        at sun.nio.ch.ServerSocketChannelImpl.accept(ServerSocketChannelImpl.java:422)&#10;        at sun.nio.ch.ServerSocketChannelImpl.accept(ServerSocketChannelImpl.java:250)&#10;        at org.eclipse.jetty.server.ServerConnector.accept(ServerConnector.java:385)&#10;        at org.eclipse.jetty.server.AbstractConnector$Acceptor.run(AbstractConnector.java:701)&#10;        at org.eclipse.jetty.util.thread.QueuedThreadPool.runJob(QueuedThreadPool.java:806)&#10;        at org.eclipse.jetty.util.thread.QueuedThreadPool$Runner.run(QueuedThreadPool.java:938)&#10;        at java.lang.Thread.run(Thread.java:748)&#10;&quot;ChunkWriter-1-0&quot; daemon prio=5 tid=233 in Object.wait()&#10;java.lang.Thread.State: WAITING (on object monitor)&#10;        at sun.misc.Unsafe.park(Native Method)&#10;        at java.util.concurrent.locks.LockSupport.park(LockSupport.java:175)&#10;        at java.util.concurrent.locks.AbstractQueuedSynchronizer$ConditionObject.await(AbstractQueuedSynchronizer.java:2039)&#10;        at java.util.concurrent.LinkedBlockingDeque.takeFirst(LinkedBlockingDeque.java:492)&#10;        at java.util.concurrent.LinkedBlockingDeque.take(LinkedBlockingDeque.java:680)&#10;        at java.util.concurrent.ThreadPoolExecutor.getTask(ThreadPoolExecutor.java:1074)&#10;        at java.util.concurrent.ThreadPoolExecutor.runWorker(ThreadPoolExecutor.java:1134)&#10;        at java.util.concurrent.ThreadPoolExecutor$Worker.run(ThreadPoolExecutor.java:624)&#10;        at java.lang.Thread.run(Thread.java:748)&#10;&quot;ChunkWriter-3-0&quot; daemon prio=5 tid=241 in Object.wait()&#10;java.lang.Thread.State: WAITING (on object monitor)&#10;        at sun.misc.Unsafe.park(Native Method)&#10;        at java.util.concurrent.locks.LockSupport.park(LockSupport.java:175)&#10;        at java.util.concurrent.locks.AbstractQueuedSynchronizer$ConditionObject.await(AbstractQueuedSynchronizer.java:2039)&#10;        at java.util.concurrent.LinkedBlockingDeque.takeFirst(LinkedBlockingDeque.java:492)&#10;        at java.util.concurrent.LinkedBlockingDeque.take(LinkedBlockingDeque.java:680)&#10;        at java.util.concurrent.ThreadPoolExecutor.getTask(ThreadPoolExecutor.java:1074)&#10;        at java.util.concurrent.ThreadPoolExecutor.runWorker(ThreadPoolExecutor.java:1134)&#10;        at java.util.concurrent.ThreadPoolExecutor$Worker.run(ThreadPoolExecutor.java:624)&#10;        at java.lang.Thread.run(Thread.java:748)&#10;&quot;IPC Server handler 14 on default port 39179&quot; daemon prio=5 tid=49 timed_waiting&#10;java.lang.Thread.State: TIMED_WAITING&#10;        at sun.misc.Unsafe.park(Native Method)&#10;        at java.util.concurrent.locks.LockSupport.parkNanos(LockSupport.java:215)&#10;        at java.util.concurrent.locks.AbstractQueuedSynchronizer$ConditionObject.awaitNanos(AbstractQueuedSynchronizer.java:2078)&#10;        at java.util.concurrent.LinkedBlockingQueue.poll(LinkedBlockingQueue.java:467)&#10;        at org.apache.hadoop.ipc.CallQueueManager.take(CallQueueManager.java:295)&#10;        at org.apache.hadoop.ipc.Server$Handler.run(Server.java:2881)&#10;&quot;Session-HouseKeeper-647b9364-1&quot;  prio=5 tid=103 timed_waiting&#10;java.lang.Thread.State: TIMED_WAITING&#10;        at sun.misc.Unsafe.park(Native Method)&#10;        at java.util.concurrent.locks.LockSupport.parkNanos(LockSupport.java:215)&#10;        at java.util.concurrent.locks.AbstractQueuedSynchronizer$ConditionObject.awaitNanos(AbstractQueuedSynchronizer.java:2078)&#10;        at java.util.concurrent.ScheduledThreadPoolExecutor$DelayedWorkQueue.take(ScheduledThreadPoolExecutor.java:1093)&#10;        at java.util.concurrent.ScheduledThreadPoolExecutor$DelayedWorkQueue.take(ScheduledThreadPoolExecutor.java:809)&#10;        at java.util.concurrent.ThreadPoolExecutor.getTask(ThreadPoolExecutor.java:1074)&#10;        at java.util.concurrent.ThreadPoolExecutor.runWorker(ThreadPoolExecutor.java:1134)&#10;        at java.util.concurrent.ThreadPoolExecutor$Worker.run(ThreadPoolExecutor.java:624)&#10;        at java.lang.Thread.run(Thread.java:748)&#10;&quot;IPC Server handler 9 on default port 41043&quot; daemon prio=5 tid=64 timed_waiting&#10;java.lang.Thread.State: TIMED_WAITING&#10;        at sun.misc.Unsafe.park(Native Method)&#10;        at java.util.concurrent.locks.LockSupport.parkNanos(LockSupport.java:215)&#10;        at java.util.concurrent.locks.AbstractQueuedSynchronizer$ConditionObject.awaitNanos(AbstractQueuedSynchronizer.java:2078)&#10;        at java.util.concurrent.LinkedBlockingQueue.poll(LinkedBlockingQueue.java:467)&#10;        at org.apache.hadoop.ipc.CallQueueManager.take(CallQueueManager.java:295)&#10;        at org.apache.hadoop.ipc.Server$Handler.run(Server.java:2881)&#10;&quot;Listener at 127.0.0.1/40641&quot;  prio=5 tid=1 runnable&#10;java.lang.Thread.State: RUNNABLE&#10;        at java.lang.Thread.dumpThreads(Native Method)&#10;        at java.lang.Thread.getAllStackTraces(Thread.java:1610)&#10;        at org.apache.hadoop.test.TimedOutTestsListener.buildThreadDump(TimedOutTestsListener.java:93)&#10;        at org.apache.hadoop.test.TimedOutTestsListener.buildThreadDiagnosticString(TimedOutTestsListener.java:79)&#10;        at org.apache.hadoop.test.GenericTestUtils.waitFor(GenericTestUtils.java:225)&#10;        at org.apache.hadoop.ozone.MiniOzoneClusterImpl.waitForClusterToBeReady(MiniOzoneClusterImpl.java:172)&#10;        at org.apache.hadoop.ozone.scm.TestContainerSmallFile.init(TestContainerSmallFile.java:73)&#10;        at sun.reflect.NativeMethodAccessorImpl.invoke0(Native Method)&#10;        at sun.reflect.NativeMethodAccessorImpl.invoke(NativeMethodAccessorImpl.java:62)&#10;        at sun.reflect.DelegatingMethodAccessorImpl.invoke(DelegatingMethodAccessorImpl.java:43)&#10;        at java.lang.reflect.Method.invoke(Method.java:498)&#10;        at org.junit.runners.model.FrameworkMethod$1.runReflectiveCall(FrameworkMethod.java:47)&#10;        at org.junit.internal.runners.model.ReflectiveCallable.run(ReflectiveCallable.java:12)&#10;        at org.junit.runners.model.FrameworkMethod.invokeExplosively(FrameworkMethod.java:44)&#10;        at org.junit.internal.runners.statements.RunBefores.evaluate(RunBefores.java:24)&#10;        at org.junit.internal.runners.statements.RunAfters.evaluate(RunAfters.java:27)&#10;        at org.junit.runners.ParentRunner.run(ParentRunner.java:309)&#10;        at org.apache.maven.surefire.junit4.JUnit4Provider.execute(JUnit4Provider.java:365)&#10;        at org.apache.maven.surefire.junit4.JUnit4Provider.executeWithRerun(JUnit4Provider.java:273)&#10;        at org.apache.maven.surefire.junit4.JUnit4Provider.executeTestSet(JUnit4Provider.java:238)&#10;        at org.apache.maven.surefire.junit4.JUnit4Provider.invoke(JUnit4Provider.java:159)&#10;        at org.apache.maven.surefire.booter.ForkedBooter.invokeProviderInSameClassLoader(ForkedBooter.java:384)&#10;        at org.apache.maven.surefire.booter.ForkedBooter.runSuitesInProcess(ForkedBooter.java:345)&#10;        at org.apache.maven.surefire.booter.ForkedBooter.execute(ForkedBooter.java:126)&#10;        at org.apache.maven.surefire.booter.ForkedBooter.main(ForkedBooter.java:418)&#10;&quot;IPC Server Responder&quot; daemon prio=5 tid=23 runnable&#10;java.lang.Thread.State: RUNNABLE&#10;        at sun.nio.ch.EPollArrayWrapper.epollWait(Native Method)&#10;        at sun.nio.ch.EPollArrayWrapper.poll(EPollArrayWrapper.java:269)&#10;        at sun.nio.ch.EPollSelectorImpl.doSelect(EPollSelectorImpl.java:93)&#10;        at sun.nio.ch.SelectorImpl.lockAndDoSelect(SelectorImpl.java:86)&#10;        at sun.nio.ch.SelectorImpl.select(SelectorImpl.java:97)&#10;        at org.apache.hadoop.ipc.Server$Responder.doRunLoop(Server.java:1480)&#10;        at org.apache.hadoop.ipc.Server$Responder.run(Server.java:1463)&#10;&quot;BlockDeletingService#2&quot; daemon prio=5 tid=356 in Object.wait()&#10;java.lang.Thread.State: WAITING (on object monitor)&#10;        at sun.misc.Unsafe.park(Native Method)&#10;        at java.util.concurrent.locks.LockSupport.park(LockSupport.java:175)&#10;        at java.util.concurrent.locks.AbstractQueuedSynchronizer$ConditionObject.await(AbstractQueuedSynchronizer.java:2039)&#10;        at java.util.concurrent.ScheduledThreadPoolExecutor$DelayedWorkQueue.take(ScheduledThreadPoolExecutor.java:1088)&#10;        at java.util.concurrent.ScheduledThreadPoolExecutor$DelayedWorkQueue.take(ScheduledThreadPoolExecutor.java:809)&#10;        at java.util.concurrent.ThreadPoolExecutor.getTask(ThreadPoolExecutor.java:1074)&#10;        at java.util.concurrent.ThreadPoolExecutor.runWorker(ThreadPoolExecutor.java:1134)&#10;        at java.util.concurrent.ThreadPoolExecutor$Worker.run(ThreadPoolExecutor.java:624)&#10;        at java.lang.Thread.run(Thread.java:748)&#10;&quot;RatisPipelineUtilsThread&quot;  prio=5 tid=15 timed_waiting&#10;java.lang.Thread.State: TIMED_WAITING&#10;        at sun.misc.Unsafe.park(Native Method)&#10;        at java.util.concurrent.locks.LockSupport.parkNanos(LockSupport.java:215)&#10;        at java.util.concurrent.locks.AbstractQueuedSynchronizer$ConditionObject.awaitNanos(AbstractQueuedSynchronizer.java:2078)&#10;        at java.util.concurrent.ScheduledThreadPoolExecutor$DelayedWorkQueue.take(ScheduledThreadPoolExecutor.java:1093)&#10;        at java.util.concurrent.ScheduledThreadPoolExecutor$DelayedWorkQueue.take(ScheduledThreadPoolExecutor.java:809)&#10;        at java.util.concurrent.ThreadPoolExecutor.getTask(ThreadPoolExecutor.java:1074)&#10;        at java.util.concurrent.ThreadPoolExecutor.runWorker(ThreadPoolExecutor.java:1134)&#10;        at java.util.concurrent.ThreadPoolExecutor$Worker.run(ThreadPoolExecutor.java:624)&#10;        at java.lang.Thread.run(Thread.java:748)&#10;&quot;Datanode ReportManager Thread - 3&quot; daemon prio=5 tid=200 in Object.wait()&#10;java.lang.Thread.State: WAITING (on object monitor)&#10;        at sun.misc.Unsafe.park(Native Method)&#10;        at java.util.concurrent.locks.LockSupport.park(LockSupport.java:175)&#10;        at java.util.concurrent.locks.AbstractQueuedSynchronizer$ConditionObject.await(AbstractQueuedSynchronizer.java:2039)&#10;        at java.util.concurrent.ScheduledThreadPoolExecutor$DelayedWorkQueue.take(ScheduledThreadPoolExecutor.java:1088)&#10;        at java.util.concurrent.ScheduledThreadPoolExecutor$DelayedWorkQueue.take(ScheduledThreadPoolExecutor.java:809)&#10;        at java.util.concurrent.ThreadPoolExecutor.getTask(ThreadPoolExecutor.java:1074)&#10;        at java.util.concurrent.ThreadPoolExecutor.runWorker(ThreadPoolExecutor.java:1134)&#10;        at java.util.concurrent.ThreadPoolExecutor$Worker.run(ThreadPoolExecutor.java:624)&#10;        at java.lang.Thread.run(Thread.java:748)&#10;&quot;IPC Server handler 12 on default port 40641&quot; daemon prio=5 tid=131 timed_waiting&#10;java.lang.Thread.State: TIMED_WAITING&#10;        at sun.misc.Unsafe.park(Native Method)&#10;        at java.util.concurrent.locks.LockSupport.parkNanos(LockSupport.java:215)&#10;        at java.util.concurrent.locks.AbstractQueuedSynchronizer$ConditionObject.awaitNanos(AbstractQueuedSynchronizer.java:2078)&#10;        at java.util.concurrent.LinkedBlockingQueue.poll(LinkedBlockingQueue.java:467)&#10;        at org.apache.hadoop.ipc.CallQueueManager.take(CallQueueManager.java:295)&#10;        at org.apache.hadoop.ipc.Server$Handler.run(Server.java:2881)&#10;&quot;IPC Server handler 6 on default port 40641&quot; daemon prio=5 tid=125 timed_waiting&#10;java.lang.Thread.State: TIMED_WAITING&#10;        at sun.misc.Unsafe.park(Native Method)&#10;        at java.util.concurrent.locks.LockSupport.parkNanos(LockSupport.java:215)&#10;        at java.util.concurrent.locks.AbstractQueuedSynchronizer$ConditionObject.awaitNanos(AbstractQueuedSynchronizer.java:2078)&#10;        at java.util.concurrent.LinkedBlockingQueue.poll(LinkedBlockingQueue.java:467)&#10;        at org.apache.hadoop.ipc.CallQueueManager.take(CallQueueManager.java:295)&#10;        at org.apache.hadoop.ipc.Server$Handler.run(Server.java:2881)&#10;&quot;IPC Server handler 6 on default port 41043&quot; daemon prio=5 tid=61 timed_waiting&#10;java.lang.Thread.State: TIMED_WAITING&#10;        at sun.misc.Unsafe.park(Native Method)&#10;        at java.util.concurrent.locks.LockSupport.parkNanos(LockSupport.java:215)&#10;        at java.util.concurrent.locks.AbstractQueuedSynchronizer$ConditionObject.awaitNanos(AbstractQueuedSynchronizer.java:2078)&#10;        at java.util.concurrent.LinkedBlockingQueue.poll(LinkedBlockingQueue.java:467)&#10;        at org.apache.hadoop.ipc.CallQueueManager.take(CallQueueManager.java:295)&#10;        at org.apache.hadoop.ipc.Server$Handler.run(Server.java:2881)&#10;&quot;454ffaf2-f1cf-4ad5-8579-b0d0dc6569aa@group-DF8CCA9D97C3-StateMachineUpdater&quot; daemon prio=5 tid=256 in Object.wait()&#10;java.lang.Thread.State: WAITING (on object monitor)&#10;        at java.lang.Object.wait(Native Method)&#10;        at java.lang.Object.wait(Object.java:502)&#10;        at org.apache.ratis.server.impl.StateMachineUpdater.waitForCommit(StateMachineUpdater.java:200)&#10;        at org.apache.ratis.server.impl.StateMachineUpdater.run(StateMachineUpdater.java:165)&#10;        at java.lang.Thread.run(Thread.java:748)&#10;&quot;IPC Server handler 15 on default port 40641&quot; daemon prio=5 tid=134 timed_waiting&#10;java.lang.Thread.State: TIMED_WAITING&#10;        at sun.misc.Unsafe.park(Native Method)&#10;        at java.util.concurrent.locks.LockSupport.parkNanos(LockSupport.java:215)&#10;        at java.util.concurrent.locks.AbstractQueuedSynchronizer$ConditionObject.awaitNanos(AbstractQueuedSynchronizer.java:2078)&#10;        at java.util.concurrent.LinkedBlockingQueue.poll(LinkedBlockingQueue.java:467)&#10;        at org.apache.hadoop.ipc.CallQueueManager.take(CallQueueManager.java:295)&#10;        at org.apache.hadoop.ipc.Server$Handler.run(Server.java:2881)&#10;&quot;qtp2098720336-98&quot; daemon prio=5 tid=98 timed_waiting&#10;java.lang.Thread.State: TIMED_WAITING&#10;        at sun.misc.Unsafe.park(Native Method)&#10;        at java.util.concurrent.locks.LockSupport.parkNanos(LockSupport.java:215)&#10;        at java.util.concurrent.locks.AbstractQueuedSynchronizer$ConditionObject.awaitNanos(AbstractQueuedSynchronizer.java:2078)&#10;        at org.eclipse.jetty.util.BlockingArrayQueue.poll(BlockingArrayQueue.java:382)&#10;        at org.eclipse.jetty.util.thread.QueuedThreadPool$Runner.idleJobPoll(QueuedThreadPool.java:875)&#10;        at org.eclipse.jetty.util.thread.QueuedThreadPool$Runner.run(QueuedThreadPool.java:925)&#10;        at java.lang.Thread.run(Thread.java:748)&#10;&quot;org.apache.hadoop.util.JvmPauseMonitor$Monitor@5bb43dc0&quot; daemon prio=5 tid=202 timed_waiting&#10;java.lang.Thread.State: TIMED_WAITING&#10;        at java.lang.Thread.sleep(Native Method)&#10;        at org.apache.hadoop.util.JvmPauseMonitor$Monitor.run(JvmPauseMonitor.java:192)&#10;        at java.lang.Thread.run(Thread.java:748)&#10;&quot;IPC Server handler 7 on default port 41043&quot; daemon prio=5 tid=62 timed_waiting&#10;java.lang.Thread.State: TIMED_WAITING&#10;        at sun.misc.Unsafe.park(Native Method)&#10;        at java.util.concurrent.locks.LockSupport.parkNanos(LockSupport.java:215)&#10;        at java.util.concurrent.locks.AbstractQueuedSynchronizer$ConditionObject.awaitNanos(AbstractQueuedSynchronizer.java:2078)&#10;        at java.util.concurrent.LinkedBlockingQueue.poll(LinkedBlockingQueue.java:467)&#10;        at org.apache.hadoop.ipc.CallQueueManager.take(CallQueueManager.java:295)&#10;        at org.apache.hadoop.ipc.Server$Handler.run(Server.java:2881)&#10;&quot;IPC Server handler 14 on default port 40641&quot; daemon prio=5 tid=133 timed_waiting&#10;java.lang.Thread.State: TIMED_WAITING&#10;        at sun.misc.Unsafe.park(Native Method)&#10;        at java.util.concurrent.locks.LockSupport.parkNanos(LockSupport.java:215)&#10;        at java.util.concurrent.locks.AbstractQueuedSynchronizer$ConditionObject.awaitNanos(AbstractQueuedSynchronizer.java:2078)&#10;        at java.util.concurrent.LinkedBlockingQueue.poll(LinkedBlockingQueue.java:467)&#10;        at org.apache.hadoop.ipc.CallQueueManager.take(CallQueueManager.java:295)&#10;        at org.apache.hadoop.ipc.Server$Handler.run(Server.java:2881)&#10;&quot;KeyDeletingService#1&quot; daemon prio=5 tid=139 in Object.wait()&#10;java.lang.Thread.State: WAITING (on object monitor)&#10;        at sun.misc.Unsafe.park(Native Method)&#10;        at java.util.concurrent.locks.LockSupport.park(LockSupport.java:175)&#10;        at java.util.concurrent.locks.AbstractQueuedSynchronizer$ConditionObject.await(AbstractQueuedSynchronizer.java:2039)&#10;        at java.util.concurrent.ScheduledThreadPoolExecutor$DelayedWorkQueue.take(ScheduledThreadPoolExecutor.java:1088)&#10;        at java.util.concurrent.ScheduledThreadPoolExecutor$DelayedWorkQueue.take(ScheduledThreadPoolExecutor.java:809)&#10;        at java.util.concurrent.ThreadPoolExecutor.getTask(ThreadPoolExecutor.java:1074)&#10;        at java.util.concurrent.ThreadPoolExecutor.runWorker(ThreadPoolExecutor.java:1134)&#10;        at java.util.concurrent.ThreadPoolExecutor$Worker.run(ThreadPoolExecutor.java:624)&#10;        at java.lang.Thread.run(Thread.java:748)&#10;&quot;ChunkWriter-1-0&quot; daemon prio=5 tid=226 in Object.wait()&#10;java.lang.Thread.State: WAITING (on object monitor)&#10;        at sun.misc.Unsafe.park(Native Method)&#10;        at java.util.concurrent.locks.LockSupport.park(LockSupport.java:175)&#10;        at java.util.concurrent.locks.AbstractQueuedSynchronizer$ConditionObject.await(AbstractQueuedSynchronizer.java:2039)&#10;        at java.util.concurrent.LinkedBlockingDeque.takeFirst(LinkedBlockingDeque.java:492)&#10;        at java.util.concurrent.LinkedBlockingDeque.take(LinkedBlockingDeque.java:680)&#10;        at java.util.concurrent.ThreadPoolExecutor.getTask(ThreadPoolExecutor.java:1074)&#10;        at java.util.concurrent.ThreadPoolExecutor.runWorker(ThreadPoolExecutor.java:1134)&#10;        at java.util.concurrent.ThreadPoolExecutor$Worker.run(ThreadPoolExecutor.java:624)&#10;        at java.lang.Thread.run(Thread.java:748)&#10;&quot;qtp2047820764-145&quot; daemon prio=5 tid=145 timed_waiting&#10;java.lang.Thread.State: TIMED_WAITING&#10;        at sun.misc.Unsafe.park(Native Method)&#10;        at java.util.concurrent.locks.LockSupport.parkNanos(LockSupport.java:215)&#10;        at java.util.concurrent.locks.AbstractQueuedSynchronizer$ConditionObject.awaitNanos(AbstractQueuedSynchronizer.java:2078)&#10;        at org.eclipse.jetty.util.BlockingArrayQueue.poll(BlockingArrayQueue.java:382)&#10;        at org.eclipse.jetty.util.thread.QueuedThreadPool$Runner.idleJobPoll(QueuedThreadPool.java:875)&#10;        at org.eclipse.jetty.util.thread.QueuedThreadPool$Runner.run(QueuedThreadPool.java:925)&#10;        at java.lang.Thread.run(Thread.java:748)&#10;&quot;pool-35-thread-1&quot;  prio=5 tid=251 in Object.wait()&#10;java.lang.Thread.State: WAITING (on object monitor)&#10;        at sun.misc.Unsafe.park(Native Method)&#10;        at java.util.concurrent.locks.LockSupport.park(LockSupport.java:175)&#10;        at java.util.concurrent.locks.AbstractQueuedSynchronizer$ConditionObject.await(AbstractQueuedSynchronizer.java:2039)&#10;        at java.util.concurrent.LinkedBlockingQueue.take(LinkedBlockingQueue.java:442)&#10;        at java.util.concurrent.ThreadPoolExecutor.getTask(ThreadPoolExecutor.java:1074)&#10;        at java.util.concurrent.ThreadPoolExecutor.runWorker(ThreadPoolExecutor.java:1134)&#10;        at java.util.concurrent.ThreadPoolExecutor$Worker.run(ThreadPoolExecutor.java:624)&#10;        at java.lang.Thread.run(Thread.java:748)&#10;&quot;SCMBlockDeletingService#0&quot; daemon prio=5 tid=106 timed_waiting&#10;java.lang.Thread.State: TIMED_WAITING&#10;        at sun.misc.Unsafe.park(Native Method)&#10;        at java.util.concurrent.locks.LockSupport.parkNanos(LockSupport.java:215)&#10;        at java.util.concurrent.locks.AbstractQueuedSynchronizer$ConditionObject.awaitNanos(AbstractQueuedSynchronizer.java:2078)&#10;        at java.util.concurrent.ScheduledThreadPoolExecutor$DelayedWorkQueue.take(ScheduledThreadPoolExecutor.java:1093)&#10;        at java.util.concurrent.ScheduledThreadPoolExecutor$DelayedWorkQueue.take(ScheduledThreadPoolExecutor.java:809)&#10;        at java.util.concurrent.ThreadPoolExecutor.getTask(ThreadPoolExecutor.java:1074)&#10;        at java.util.concurrent.ThreadPoolExecutor.runWorker(ThreadPoolExecutor.java:1134)&#10;        at java.util.concurrent.ThreadPoolExecutor$Worker.run(ThreadPoolExecutor.java:624)&#10;        at java.lang.Thread.run(Thread.java:748)&#10;&quot;surefire-forkedjvm-ping-30s&quot; daemon prio=5 tid=10 timed_waiting&#10;java.lang.Thread.State: TIMED_WAITING&#10;        at java.lang.Object.wait(Native Method)&#10;        at java.lang.Object.wait(Object.java:502)&#10;        at java.lang.UNIXProcess.waitFor(UNIXProcess.java:395)&#10;        at org.apache.maven.surefire.booter.PpidChecker$ProcessInfoConsumer.execute(PpidChecker.java:360)&#10;        at org.apache.maven.surefire.booter.PpidChecker.unix(PpidChecker.java:190)&#10;        at org.apache.maven.surefire.booter.PpidChecker.isProcessAlive(PpidChecker.java:123)&#10;        at org.apache.maven.surefire.booter.ForkedBooter$2.run(ForkedBooter.java:214)&#10;        at java.util.concurrent.Executors$RunnableAdapter.call(Executors.java:511)&#10;        at java.util.concurrent.FutureTask.runAndReset(FutureTask.java:308)&#10;        at java.util.concurrent.ScheduledThreadPoolExecutor$ScheduledFutureTask.access$301(ScheduledThreadPoolExecutor.java:180)&#10;        at java.util.concurrent.ScheduledThreadPoolExecutor$ScheduledFutureTask.run(ScheduledThreadPoolExecutor.java:294)&#10;        at java.util.concurrent.ThreadPoolExecutor.runWorker(ThreadPoolExecutor.java:1149)&#10;        at java.util.concurrent.ThreadPoolExecutor$Worker.run(ThreadPoolExecutor.java:624)&#10;        at java.lang.Thread.run(Thread.java:748)&#10;&quot;qtp2098720336-99&quot; daemon prio=5 tid=99 timed_waiting&#10;java.lang.Thread.State: TIMED_WAITING&#10;        at sun.misc.Unsafe.park(Native Method)&#10;        at java.util.concurrent.locks.LockSupport.parkNanos(LockSupport.java:215)&#10;        at java.util.concurrent.locks.AbstractQueuedSynchronizer$ConditionObject.awaitNanos(AbstractQueuedSynchronizer.java:2078)&#10;        at org.eclipse.jetty.util.BlockingArrayQueue.poll(BlockingArrayQueue.java:382)&#10;        at org.eclipse.jetty.util.thread.QueuedThreadPool$Runner.idleJobPoll(QueuedThreadPool.java:875)&#10;        at org.eclipse.jetty.util.thread.QueuedThreadPool$Runner.run(QueuedThreadPool.java:925)&#10;        at java.lang.Thread.run(Thread.java:748)&#10;&quot;Signal Dispatcher&quot; daemon prio=9 tid=4 runnable&#10;java.lang.Thread.State: RUNNABLE&#10;&quot;OMDoubleBufferFlushThread&quot; daemon prio=5 tid=111 timed_waiting&#10;java.lang.Thread.State: TIMED_WAITING&#10;        at java.lang.Object.wait(Native Method)&#10;        at org.apache.hadoop.ozone.om.ratis.OzoneManagerDoubleBuffer.canFlush(OzoneManagerDoubleBuffer.java:482)&#10;        at org.apache.hadoop.ozone.om.ratis.OzoneManagerDoubleBuffer.flushTransactions(OzoneManagerDoubleBuffer.java:232)&#10;        at org.apache.hadoop.ozone.om.ratis.OzoneManagerDoubleBuffer$$Lambda$80/197437872.run(Unknown Source)&#10;        at java.lang.Thread.run(Thread.java:748)&#10;&quot;9495edf4-c4c1-498f-b6f3-5b53a0d22e6c@group-5970BB7322FA-StateMachineUpdater&quot; daemon prio=5 tid=260 in Object.wait()&#10;java.lang.Thread.State: WAITING (on object monitor)&#10;        at java.lang.Object.wait(Native Method)&#10;        at java.lang.Object.wait(Object.java:502)&#10;        at org.apache.ratis.server.impl.StateMachineUpdater.waitForCommit(StateMachineUpdater.java:200)&#10;        at org.apache.ratis.server.impl.StateMachineUpdater.run(StateMachineUpdater.java:165)&#10;        at java.lang.Thread.run(Thread.java:748)&#10;&quot;IPC Server handler 4 on default port 41043&quot; daemon prio=5 tid=59 timed_waiting&#10;java.lang.Thread.State: TIMED_WAITING&#10;        at sun.misc.Unsafe.park(Native Method)&#10;        at java.util.concurrent.locks.LockSupport.parkNanos(LockSupport.java:215)&#10;        at java.util.concurrent.locks.AbstractQueuedSynchronizer$ConditionObject.awaitNanos(AbstractQueuedSynchronizer.java:2078)&#10;        at java.util.concurrent.LinkedBlockingQueue.poll(LinkedBlockingQueue.java:467)&#10;        at org.apache.hadoop.ipc.CallQueueManager.take(CallQueueManager.java:295)&#10;        at org.apache.hadoop.ipc.Server$Handler.run(Server.java:2881)&#10;&quot;IPC Server listener on 0&quot; daemon prio=5 tid=16 runnable&#10;java.lang.Thread.State: RUNNABLE&#10;        at sun.nio.ch.EPollArrayWrapper.epollWait(Native Method)&#10;        at sun.nio.ch.EPollArrayWrapper.poll(EPollArrayWrapper.java:269)&#10;        at sun.nio.ch.EPollSelectorImpl.doSelect(EPollSelectorImpl.java:93)&#10;        at sun.nio.ch.SelectorImpl.lockAndDoSelect(SelectorImpl.java:86)&#10;        at sun.nio.ch.SelectorImpl.select(SelectorImpl.java:97)&#10;        at sun.nio.ch.SelectorImpl.select(SelectorImpl.java:101)&#10;        at org.apache.hadoop.ipc.Server$Listener.run(Server.java:1304)&#10;&quot;pool-10-thread-1&quot;  prio=5 tid=104 timed_waiting&#10;java.lang.Thread.State: TIMED_WAITING&#10;        at sun.misc.Unsafe.park(Native Method)&#10;        at java.util.concurrent.locks.LockSupport.parkNanos(LockSupport.java:215)&#10;        at java.util.concurrent.locks.AbstractQueuedSynchronizer$ConditionObject.awaitNanos(AbstractQueuedSynchronizer.java:2078)&#10;        at java.util.concurrent.ScheduledThreadPoolExecutor$DelayedWorkQueue.take(ScheduledThreadPoolExecutor.java:1093)&#10;        at java.util.concurrent.ScheduledThreadPoolExecutor$DelayedWorkQueue.take(ScheduledThreadPoolExecutor.java:809)&#10;        at java.util.concurrent.ThreadPoolExecutor.getTask(ThreadPoolExecutor.java:1074)&#10;        at java.util.concurrent.ThreadPoolExecutor.runWorker(ThreadPoolExecutor.java:1134)&#10;        at java.util.concurrent.ThreadPoolExecutor$Worker.run(ThreadPoolExecutor.java:624)&#10;        at java.lang.Thread.run(Thread.java:748)&#10;&quot;pool-71-thread-1&quot;  prio=5 tid=205 timed_waiting&#10;java.lang.Thread.State: TIMED_WAITING&#10;        at sun.misc.Unsafe.park(Native Method)&#10;        at java.util.concurrent.locks.LockSupport.parkNanos(LockSupport.java:215)&#10;        at java.util.concurrent.locks.AbstractQueuedSynchronizer$ConditionObject.awaitNanos(AbstractQueuedSynchronizer.java:2078)&#10;        at java.util.concurrent.ScheduledThreadPoolExecutor$DelayedWorkQueue.take(ScheduledThreadPoolExecutor.java:1093)&#10;        at java.util.concurrent.ScheduledThreadPoolExecutor$DelayedWorkQueue.take(ScheduledThreadPoolExecutor.java:809)&#10;        at java.util.concurrent.ThreadPoolExecutor.getTask(ThreadPoolExecutor.java:1074)&#10;        at java.util.concurrent.ThreadPoolExecutor.runWorker(ThreadPoolExecutor.java:1134)&#10;        at java.util.concurrent.ThreadPoolExecutor$Worker.run(ThreadPoolExecutor.java:624)&#10;        at java.lang.Thread.run(Thread.java:748)&#10;&quot;Session-HouseKeeper-6a25c9ad-1&quot;  prio=5 tid=190 timed_waiting&#10;java.lang.Thread.State: TIMED_WAITING&#10;        at sun.misc.Unsafe.park(Native Method)&#10;        at java.util.concurrent.locks.LockSupport.parkNanos(LockSupport.java:215)&#10;        at java.util.concurrent.locks.AbstractQueuedSynchronizer$ConditionObject.awaitNanos(AbstractQueuedSynchronizer.java:2078)&#10;        at java.util.concurrent.ScheduledThreadPoolExecutor$DelayedWorkQueue.take(ScheduledThreadPoolExecutor.java:1093)&#10;        at java.util.concurrent.ScheduledThreadPoolExecutor$DelayedWorkQueue.take(ScheduledThreadPoolExecutor.java:809)&#10;        at java.util.concurrent.ThreadPoolExecutor.getTask(ThreadPoolExecutor.java:1074)&#10;        at java.util.concurrent.ThreadPoolExecutor.runWorker(ThreadPoolExecutor.java:1134)&#10;        at java.util.concurrent.ThreadPoolExecutor$Worker.run(ThreadPoolExecutor.java:624)&#10;        at java.lang.Thread.run(Thread.java:748)&#10;&quot;qtp2098720336-97&quot; daemon prio=5 tid=97 timed_waiting&#10;java.lang.Thread.State: TIMED_WAITING&#10;        at sun.misc.Unsafe.park(Native Method)&#10;        at java.util.concurrent.locks.LockSupport.parkNanos(LockSupport.java:215)&#10;        at java.util.concurrent.locks.AbstractQueuedSynchronizer$ConditionObject.awaitNanos(AbstractQueuedSynchronizer.java:2078)&#10;        at org.eclipse.jetty.util.BlockingArrayQueue.poll(BlockingArrayQueue.java:382)&#10;        at org.eclipse.jetty.util.thread.QueuedThreadPool$Runner.idleJobPoll(QueuedThreadPool.java:875)&#10;        at org.eclipse.jetty.util.thread.QueuedThreadPool$Runner.run(QueuedThreadPool.java:925)&#10;        at java.lang.Thread.run(Thread.java:748)&#10;&quot;pool-56-thread-1&quot;  prio=5 tid=191 timed_waiting&#10;java.lang.Thread.State: TIMED_WAITING&#10;        at sun.misc.Unsafe.park(Native Method)&#10;        at java.util.concurrent.locks.LockSupport.parkNanos(LockSupport.java:215)&#10;        at java.util.concurrent.locks.AbstractQueuedSynchronizer$ConditionObject.awaitNanos(AbstractQueuedSynchronizer.java:2078)&#10;        at java.util.concurrent.ScheduledThreadPoolExecutor$DelayedWorkQueue.take(ScheduledThreadPoolExecutor.java:1093)&#10;        at java.util.concurrent.ScheduledThreadPoolExecutor$DelayedWorkQueue.take(ScheduledThreadPoolExecutor.java:809)&#10;        at java.util.concurrent.ThreadPoolExecutor.getTask(ThreadPoolExecutor.java:1074)&#10;        at java.util.concurrent.ThreadPoolExecutor.runWorker(ThreadPoolExecutor.java:1134)&#10;        at java.util.concurrent.ThreadPoolExecutor$Worker.run(ThreadPoolExecutor.java:624)&#10;        at java.lang.Thread.run(Thread.java:748)&#10;&quot;IPC Server handler 5 on default port 39179&quot; daemon prio=5 tid=40 timed_waiting&#10;java.lang.Thread.State: TIMED_WAITING&#10;        at sun.misc.Unsafe.park(Native Method)&#10;        at java.util.concurrent.locks.LockSupport.parkNanos(LockSupport.java:215)&#10;        at java.util.concurrent.locks.AbstractQueuedSynchronizer$ConditionObject.awaitNanos(AbstractQueuedSynchronizer.java:2078)&#10;        at java.util.concurrent.LinkedBlockingQueue.poll(LinkedBlockingQueue.java:467)&#10;        at org.apache.hadoop.ipc.CallQueueManager.take(CallQueueManager.java:295)&#10;        at org.apache.hadoop.ipc.Server$Handler.run(Server.java:2881)&#10;&quot;qtp1990315034-159-acceptor-0@1a92496a-ServerConnector@52539624{HTTP/1.1,[http/1.1]}{0.0.0.0:36785}&quot; daemon prio=3 tid=159 runnable&#10;java.lang.Thread.State: RUNNABLE&#10;        at sun.nio.ch.ServerSocketChannelImpl.accept0(Native Method)&#10;        at sun.nio.ch.ServerSocketChannelImpl.accept(ServerSocketChannelImpl.java:422)&#10;        at sun.nio.ch.ServerSocketChannelImpl.accept(ServerSocketChannelImpl.java:250)&#10;        at org.eclipse.jetty.server.ServerConnector.accept(ServerConnector.java:385)&#10;        at org.eclipse.jetty.server.AbstractConnector$Acceptor.run(AbstractConnector.java:701)&#10;        at org.eclipse.jetty.util.thread.QueuedThreadPool.runJob(QueuedThreadPool.java:806)&#10;        at org.eclipse.jetty.util.thread.QueuedThreadPool$Runner.run(QueuedThreadPool.java:938)&#10;        at java.lang.Thread.run(Thread.java:748)&#10;&quot;IPC Server handler 2 on default port 39179&quot; daemon prio=5 tid=37 timed_waiting&#10;java.lang.Thread.State: TIMED_WAITING&#10;        at sun.misc.Unsafe.park(Native Method)&#10;        at java.util.concurrent.locks.LockSupport.parkNanos(LockSupport.java:215)&#10;        at java.util.concurrent.locks.AbstractQueuedSynchronizer$ConditionObject.awaitNanos(AbstractQueuedSynchronizer.java:2078)&#10;        at java.util.concurrent.LinkedBlockingQueue.poll(LinkedBlockingQueue.java:467)&#10;        at org.apache.hadoop.ipc.CallQueueManager.take(CallQueueManager.java:295)&#10;        at org.apache.hadoop.ipc.Server$Handler.run(Server.java:2881)&#10;&quot;Finalizer&quot; daemon prio=8 tid=3 in Object.wait()&#10;java.lang.Thread.State: WAITING (on object monitor)&#10;        at java.lang.Object.wait(Native Method)&#10;        at java.lang.ref.ReferenceQueue.remove(ReferenceQueue.java:144)&#10;        at java.lang.ref.ReferenceQueue.remove(ReferenceQueue.java:165)&#10;        at java.lang.ref.Finalizer$FinalizerThread.run(Finalizer.java:216)&#10;&quot;EventQueue-Delayed safe mode statusForReplicationManager&quot;  prio=5 tid=31 in Object.wait()&#10;java.lang.Thread.State: WAITING (on object monitor)&#10;        at sun.misc.Unsafe.park(Native Method)&#10;        at java.util.concurrent.locks.LockSupport.park(LockSupport.java:175)&#10;        at java.util.concurrent.locks.AbstractQueuedSynchronizer$ConditionObject.await(AbstractQueuedSynchronizer.java:2039)&#10;        at java.util.concurrent.LinkedBlockingQueue.take(LinkedBlockingQueue.java:442)&#10;        at java.util.concurrent.ThreadPoolExecutor.getTask(ThreadPoolExecutor.java:1074)&#10;        at java.util.concurrent.ThreadPoolExecutor.runWorker(ThreadPoolExecutor.java:1134)&#10;        at java.util.concurrent.ThreadPoolExecutor$Worker.run(ThreadPoolExecutor.java:624)&#10;        at java.lang.Thread.run(Thread.java:748)&#10;&quot;pool-39-thread-1&quot;  prio=5 tid=157 timed_waiting&#10;java.lang.Thread.State: TIMED_WAITING&#10;        at sun.misc.Unsafe.park(Native Method)&#10;        at java.util.concurrent.locks.LockSupport.parkNanos(LockSupport.java:215)&#10;        at java.util.concurrent.locks.AbstractQueuedSynchronizer$ConditionObject.awaitNanos(AbstractQueuedSynchronizer.java:2078)&#10;        at java.util.concurrent.ScheduledThreadPoolExecutor$DelayedWorkQueue.take(ScheduledThreadPoolExecutor.java:1093)&#10;        at java.util.concurrent.ScheduledThreadPoolExecutor$DelayedWorkQueue.take(ScheduledThreadPoolExecutor.java:809)&#10;        at java.util.concurrent.ThreadPoolExecutor.getTask(ThreadPoolExecutor.java:1074)&#10;        at java.util.concurrent.ThreadPoolExecutor.runWorker(ThreadPoolExecutor.java:1134)&#10;        at java.util.concurrent.ThreadPoolExecutor$Worker.run(ThreadPoolExecutor.java:624)&#10;        at java.lang.Thread.run(Thread.java:748)&#10;&quot;IPC Server idle connection scanner for port 40641&quot; daemon prio=5 tid=114 timed_waiting&#10;java.lang.Thread.State: TIMED_WAITING&#10;        at java.lang.Object.wait(Native Method)&#10;        at java.util.TimerThread.mainLoop(Timer.java:552)&#10;        at java.util.TimerThread.run(Timer.java:505)&#10;&quot;pool-40-thread-1&quot;  prio=5 tid=167 timed_waiting&#10;java.lang.Thread.State: TIMED_WAITING&#10;        at sun.misc.Unsafe.park(Native Method)&#10;        at java.util.concurrent.locks.LockSupport.parkNanos(LockSupport.java:215)&#10;        at java.util.concurrent.locks.AbstractQueuedSynchronizer$ConditionObject.awaitNanos(AbstractQueuedSynchronizer.java:2078)&#10;        at java.util.concurrent.ScheduledThreadPoolExecutor$DelayedWorkQueue.take(ScheduledThreadPoolExecutor.java:1093)&#10;        at java.util.concurrent.ScheduledThreadPoolExecutor$DelayedWorkQueue.take(ScheduledThreadPoolExecutor.java:809)&#10;        at java.util.concurrent.ThreadPoolExecutor.getTask(ThreadPoolExecutor.java:1074)&#10;        at java.util.concurrent.ThreadPoolExecutor.runWorker(ThreadPoolExecutor.java:1134)&#10;        at java.util.concurrent.ThreadPoolExecutor$Worker.run(ThreadPoolExecutor.java:624)&#10;        at java.lang.Thread.run(Thread.java:748)&#10;&quot;IPC Server handler 9 on default port 46773&quot; daemon prio=5 tid=84 timed_waiting&#10;java.lang.Thread.State: TIMED_WAITING&#10;        at sun.misc.Unsafe.park(Native Method)&#10;        at java.util.concurrent.locks.LockSupport.parkNanos(LockSupport.java:215)&#10;        at java.util.concurrent.locks.AbstractQueuedSynchronizer$ConditionObject.awaitNanos(AbstractQueuedSynchronizer.java:2078)&#10;        at java.util.concurrent.LinkedBlockingQueue.poll(LinkedBlockingQueue.java:467)&#10;        at org.apache.hadoop.ipc.CallQueueManager.take(CallQueueManager.java:295)&#10;        at org.apache.hadoop.ipc.Server$Handler.run(Server.java:2881)&#10;&quot;IPC Server handler 19 on default port 40641&quot; daemon prio=5 tid=138 timed_waiting&#10;java.lang.Thread.State: TIMED_WAITING&#10;        at sun.misc.Unsafe.park(Native Method)&#10;        at java.util.concurrent.locks.LockSupport.parkNanos(LockSupport.java:215)&#10;        at java.util.concurrent.locks.AbstractQueuedSynchronizer$ConditionObject.awaitNanos(AbstractQueuedSynchronizer.java:2078)&#10;        at java.util.concurrent.LinkedBlockingQueue.poll(LinkedBlockingQueue.java:467)&#10;        at org.apache.hadoop.ipc.CallQueueManager.take(CallQueueManager.java:295)&#10;        at org.apache.hadoop.ipc.Server$Handler.run(Server.java:2881)&#10;&quot;IPC Server handler 3 on default port 46773&quot; daemon prio=5 tid=78 timed_waiting&#10;java.lang.Thread.State: TIMED_WAITING&#10;        at sun.misc.Unsafe.park(Native Method)&#10;        at java.util.concurrent.locks.LockSupport.parkNanos(LockSupport.java:215)&#10;        at java.util.concurrent.locks.AbstractQueuedSynchronizer$ConditionObject.awaitNanos(AbstractQueuedSynchronizer.java:2078)&#10;        at java.util.concurrent.LinkedBlockingQueue.poll(LinkedBlockingQueue.java:467)&#10;        at org.apache.hadoop.ipc.CallQueueManager.take(CallQueueManager.java:295)&#10;        at org.apache.hadoop.ipc.Server$Handler.run(Server.java:2881)&#10;&quot;IPC Server handler 7 on default port 40641&quot; daemon prio=5 tid=126 timed_waiting&#10;java.lang.Thread.State: TIMED_WAITING&#10;        at sun.misc.Unsafe.park(Native Method)&#10;        at java.util.concurrent.locks.LockSupport.parkNanos(LockSupport.java:215)&#10;        at java.util.concurrent.locks.AbstractQueuedSynchronizer$ConditionObject.awaitNanos(AbstractQueuedSynchronizer.java:2078)&#10;        at java.util.concurrent.LinkedBlockingQueue.poll(LinkedBlockingQueue.java:467)&#10;        at org.apache.hadoop.ipc.CallQueueManager.take(CallQueueManager.java:295)&#10;        at org.apache.hadoop.ipc.Server$Handler.run(Server.java:2881)&#10;&quot;qtp1029385246-183-acceptor-0@7cd9e825-ServerConnector@31d09031{HTTP/1.1,[http/1.1]}{0.0.0.0:34009}&quot; daemon prio=3 tid=183 runnable&#10;java.lang.Thread.State: RUNNABLE&#10;        at sun.nio.ch.ServerSocketChannelImpl.accept0(Native Method)&#10;        at sun.nio.ch.ServerSocketChannelImpl.accept(ServerSocketChannelImpl.java:422)&#10;        at sun.nio.ch.ServerSocketChannelImpl.accept(ServerSocketChannelImpl.java:250)&#10;        at org.eclipse.jetty.server.ServerConnector.accept(ServerConnector.java:385)&#10;        at org.eclipse.jetty.server.AbstractConnector$Acceptor.run(AbstractConnector.java:701)&#10;        at org.eclipse.jetty.util.thread.QueuedThreadPool.runJob(QueuedThreadPool.java:806)&#10;        at org.eclipse.jetty.util.thread.QueuedThreadPool$Runner.run(QueuedThreadPool.java:938)&#10;        at java.lang.Thread.run(Thread.java:748)&#10;&quot;EventQueue-Safe mode statusForBlockManagerImpl&quot;  prio=5 tid=29 in Object.wait()&#10;java.lang.Thread.State: WAITING (on object monitor)&#10;        at sun.misc.Unsafe.park(Native Method)&#10;        at java.util.concurrent.locks.LockSupport.park(LockSupport.java:175)&#10;        at java.util.concurrent.locks.AbstractQueuedSynchronizer$ConditionObject.await(AbstractQueuedSynchronizer.java:2039)&#10;        at java.util.concurrent.LinkedBlockingQueue.take(LinkedBlockingQueue.java:442)&#10;        at java.util.concurrent.ThreadPoolExecutor.getTask(ThreadPoolExecutor.java:1074)&#10;        at java.util.concurrent.ThreadPoolExecutor.runWorker(ThreadPoolExecutor.java:1134)&#10;        at java.util.concurrent.ThreadPoolExecutor$Worker.run(ThreadPoolExecutor.java:624)&#10;        at java.lang.Thread.run(Thread.java:748)&#10;&quot;f827eca5-1302-485d-b40a-808f1d3616bb@group-DF8CCA9D97C3-SegmentedRaftLogWorker&quot;  prio=5 tid=269 timed_waiting&#10;java.lang.Thread.State: TIMED_WAITING&#10;        at sun.misc.Unsafe.park(Native Method)&#10;        at java.util.concurrent.locks.LockSupport.parkNanos(LockSupport.java:215)&#10;        at java.util.concurrent.locks.AbstractQueuedSynchronizer$ConditionObject.awaitNanos(AbstractQueuedSynchronizer.java:2078)&#10;        at org.apache.ratis.util.DataBlockingQueue.poll(DataBlockingQueue.java:137)&#10;        at org.apache.ratis.server.raftlog.segmented.SegmentedRaftLogWorker.run(SegmentedRaftLogWorker.java:287)&#10;        at java.lang.Thread.run(Thread.java:748)&#10;&quot;Datanode ReportManager Thread - 3&quot; daemon prio=5 tid=176 in Object.wait()&#10;java.lang.Thread.State: WAITING (on object monitor)&#10;        at sun.misc.Unsafe.park(Native Method)&#10;        at java.util.concurrent.locks.LockSupport.park(LockSupport.java:175)&#10;        at java.util.concurrent.locks.AbstractQueuedSynchronizer$ConditionObject.await(AbstractQueuedSynchronizer.java:2039)&#10;        at java.util.concurrent.ScheduledThreadPoolExecutor$DelayedWorkQueue.take(ScheduledThreadPoolExecutor.java:1088)&#10;        at java.util.concurrent.ScheduledThreadPoolExecutor$DelayedWorkQueue.take(ScheduledThreadPoolExecutor.java:809)&#10;        at java.util.concurrent.ThreadPoolExecutor.getTask(ThreadPoolExecutor.java:1074)&#10;        at java.util.concurrent.ThreadPoolExecutor.runWorker(ThreadPoolExecutor.java:1134)&#10;        at java.util.concurrent.ThreadPoolExecutor$Worker.run(ThreadPoolExecutor.java:624)&#10;        at java.lang.Thread.run(Thread.java:748)&#10;&quot;EventQueue-NodeRegistrationContainerReportForDataNodeSafeModeRule&quot; daemon prio=5 tid=246 in Object.wait()&#10;java.lang.Thread.State: WAITING (on object monitor)&#10;        at sun.misc.Unsafe.park(Native Method)&#10;        at java.util.concurrent.locks.LockSupport.park(LockSupport.java:175)&#10;        at java.util.concurrent.locks.AbstractQueuedSynchronizer$ConditionObject.await(AbstractQueuedSynchronizer.java:2039)&#10;        at java.util.concurrent.LinkedBlockingQueue.take(LinkedBlockingQueue.java:442)&#10;        at java.util.concurrent.ThreadPoolExecutor.getTask(ThreadPoolExecutor.java:1074)&#10;        at java.util.concurrent.ThreadPoolExecutor.runWorker(ThreadPoolExecutor.java:1134)&#10;        at java.util.concurrent.ThreadPoolExecutor$Worker.run(ThreadPoolExecutor.java:624)&#10;        at java.lang.Thread.run(Thread.java:748)&#10;&quot;IPC Server handler 17 on default port 40641&quot; daemon prio=5 tid=136 timed_waiting&#10;java.lang.Thread.State: TIMED_WAITING&#10;        at sun.misc.Unsafe.park(Native Method)&#10;        at java.util.concurrent.locks.LockSupport.parkNanos(LockSupport.java:215)&#10;        at java.util.concurrent.locks.AbstractQueuedSynchronizer$ConditionObject.awaitNanos(AbstractQueuedSynchronizer.java:2078)&#10;        at java.util.concurrent.LinkedBlockingQueue.poll(LinkedBlockingQueue.java:467)&#10;        at org.apache.hadoop.ipc.CallQueueManager.take(CallQueueManager.java:295)&#10;        at org.apache.hadoop.ipc.Server$Handler.run(Server.java:2881)&#10;&quot;IPC Server handler 0 on default port 46773&quot; daemon prio=5 tid=75 timed_waiting&#10;java.lang.Thread.State: TIMED_WAITING&#10;        at sun.misc.Unsafe.park(Native Method)&#10;        at java.util.concurrent.locks.LockSupport.parkNanos(LockSupport.java:215)&#10;        at java.util.concurrent.locks.AbstractQueuedSynchronizer$ConditionObject.awaitNanos(AbstractQueuedSynchronizer.java:2078)&#10;        at java.util.concurrent.LinkedBlockingQueue.poll(LinkedBlockingQueue.java:467)&#10;        at org.apache.hadoop.ipc.CallQueueManager.take(CallQueueManager.java:295)&#10;        at org.apache.hadoop.ipc.Server$Handler.run(Server.java:2881)&#10;&quot;Periodic HDDS volume checker&quot; daemon prio=5 tid=170 timed_waiting&#10;java.lang.Thread.State: TIMED_WAITING&#10;        at sun.misc.Unsafe.park(Native Method)&#10;        at java.util.concurrent.locks.LockSupport.parkNanos(LockSupport.java:215)&#10;        at java.util.concurrent.locks.AbstractQueuedSynchronizer$ConditionObject.awaitNanos(AbstractQueuedSynchronizer.java:2078)&#10;        at java.util.concurrent.ScheduledThreadPoolExecutor$DelayedWorkQueue.take(ScheduledThreadPoolExecutor.java:1093)&#10;        at java.util.concurrent.ScheduledThreadPoolExecutor$DelayedWorkQueue.take(ScheduledThreadPoolExecutor.java:809)&#10;        at java.util.concurrent.ThreadPoolExecutor.getTask(ThreadPoolExecutor.java:1074)&#10;        at java.util.concurrent.ThreadPoolExecutor.runWorker(ThreadPoolExecutor.java:1134)&#10;        at java.util.concurrent.ThreadPoolExecutor$Worker.run(ThreadPoolExecutor.java:624)&#10;        at java.lang.Thread.run(Thread.java:748)&#10;&quot;org.apache.hadoop.util.JvmPauseMonitor$Monitor@100aa331&quot; daemon prio=5 tid=107 timed_waiting&#10;java.lang.Thread.State: TIMED_WAITING&#10;        at java.lang.Thread.sleep(Native Method)&#10;        at org.apache.hadoop.util.JvmPauseMonitor$Monitor.run(JvmPauseMonitor.java:192)&#10;        at java.lang.Thread.run(Thread.java:748)&#10;&quot;Thread-220&quot; daemon prio=5 tid=313 timed_waiting&#10;java.lang.Thread.State: TIMED_WAITING&#10;        at java.lang.Thread.sleep(Native Method)&#10;        at org.apache.ratis.util.JavaUtils.sleep(JavaUtils.java:243)&#10;        at org.apache.ratis.server.impl.FollowerState.run(FollowerState.java:97)&#10;&quot;ChunkWriter-3-0&quot; daemon prio=5 tid=228 in Object.wait()&#10;java.lang.Thread.State: WAITING (on object monitor)&#10;        at sun.misc.Unsafe.park(Native Method)&#10;        at java.util.concurrent.locks.LockSupport.park(LockSupport.java:175)&#10;        at java.util.concurrent.locks.AbstractQueuedSynchronizer$ConditionObject.await(AbstractQueuedSynchronizer.java:2039)&#10;        at java.util.concurrent.LinkedBlockingDeque.takeFirst(LinkedBlockingDeque.java:492)&#10;        at java.util.concurrent.LinkedBlockingDeque.take(LinkedBlockingDeque.java:680)&#10;        at java.util.concurrent.ThreadPoolExecutor.getTask(ThreadPoolExecutor.java:1074)&#10;        at java.util.concurrent.ThreadPoolExecutor.runWorker(ThreadPoolExecutor.java:1134)&#10;        at java.util.concurrent.ThreadPoolExecutor$Worker.run(ThreadPoolExecutor.java:624)&#10;        at java.lang.Thread.run(Thread.java:748)&#10;&quot;qtp1990315034-165&quot; daemon prio=5 tid=165 timed_waiting&#10;java.lang.Thread.State: TIMED_WAITING&#10;        at sun.misc.Unsafe.park(Native Method)&#10;        at java.util.concurrent.locks.LockSupport.parkNanos(LockSupport.java:215)&#10;        at java.util.concurrent.locks.AbstractQueuedSynchronizer$ConditionObject.awaitNanos(AbstractQueuedSynchronizer.java:2078)&#10;        at org.eclipse.jetty.util.BlockingArrayQueue.poll(BlockingArrayQueue.java:382)&#10;        at org.eclipse.jetty.util.thread.QueuedThreadPool$Runner.idleJobPoll(QueuedThreadPool.java:875)&#10;        at org.eclipse.jetty.util.thread.QueuedThreadPool$Runner.run(QueuedThreadPool.java:925)&#10;        at java.lang.Thread.run(Thread.java:748)&#10;&quot;EventQueue-StaleNodeForStaleNodeHandler&quot; daemon prio=5 tid=395 in Object.wait()&#10;java.lang.Thread.State: WAITING (on object monitor)&#10;        at sun.misc.Unsafe.park(Native Method)&#10;        at java.util.concurrent.locks.LockSupport.park(LockSupport.java:175)&#10;        at java.util.concurrent.locks.AbstractQueuedSynchronizer$ConditionObject.await(AbstractQueuedSynchronizer.java:2039)&#10;        at java.util.concurrent.LinkedBlockingQueue.take(LinkedBlockingQueue.java:442)&#10;        at java.util.concurrent.ThreadPoolExecutor.getTask(ThreadPoolExecutor.java:1074)&#10;        at java.util.concurrent.ThreadPoolExecutor.runWorker(ThreadPoolExecutor.java:1134)&#10;        at java.util.concurrent.ThreadPoolExecutor$Worker.run(ThreadPoolExecutor.java:624)&#10;        at java.lang.Thread.run(Thread.java:748)&#10;&quot;Command processor thread&quot; daemon prio=5 tid=177 runnable&#10;java.lang.Thread.State: RUNNABLE&#10;        at org.apache.hadoop.ozone.container.common.statemachine.DatanodeStateMachine.lambda$initCommandHandlerThread$1(DatanodeStateMachine.java:472)&#10;        at org.apache.hadoop.ozone.container.common.statemachine.DatanodeStateMachine$$Lambda$171/38896440.run(Unknown Source)&#10;        at java.lang.Thread.run(Thread.java:748)&#10;&quot;qtp1990315034-163&quot; daemon prio=5 tid=163 timed_waiting&#10;java.lang.Thread.State: TIMED_WAITING&#10;        at sun.misc.Unsafe.park(Native Method)&#10;        at java.util.concurrent.locks.LockSupport.parkNanos(LockSupport.java:215)&#10;        at java.util.concurrent.locks.AbstractQueuedSynchronizer$ConditionObject.awaitNanos(AbstractQueuedSynchronizer.java:2078)&#10;        at org.eclipse.jetty.util.BlockingArrayQueue.poll(BlockingArrayQueue.java:382)&#10;        at org.eclipse.jetty.util.thread.QueuedThreadPool$Runner.idleJobPoll(QueuedThreadPool.java:875)&#10;        at org.eclipse.jetty.util.thread.QueuedThreadPool$Runner.run(QueuedThreadPool.java:925)&#10;        at java.lang.Thread.run(Thread.java:748)&#10;&quot;Socket Reader #1 for port 0&quot;  prio=5 tid=21 runnable&#10;java.lang.Thread.State: RUNNABLE&#10;        at sun.nio.ch.EPollArrayWrapper.epollWait(Native Method)&#10;        at sun.nio.ch.EPollArrayWrapper.poll(EPollArrayWrapper.java:269)&#10;        at sun.nio.ch.EPollSelectorImpl.doSelect(EPollSelectorImpl.java:93)&#10;        at sun.nio.ch.SelectorImpl.lockAndDoSelect(SelectorImpl.java:86)&#10;        at sun.nio.ch.SelectorImpl.select(SelectorImpl.java:97)&#10;        at sun.nio.ch.SelectorImpl.select(SelectorImpl.java:101)&#10;        at org.apache.hadoop.ipc.Server$Listener$Reader.doRunLoop(Server.java:1242)&#10;        at org.apache.hadoop.ipc.Server$Listener$Reader.run(Server.java:1221)&#10;&quot;qtp1029385246-187&quot; daemon prio=5 tid=187 timed_waiting&#10;java.lang.Thread.State: TIMED_WAITING&#10;        at sun.misc.Unsafe.park(Native Method)&#10;        at java.util.concurrent.locks.LockSupport.parkNanos(LockSupport.java:215)&#10;        at java.util.concurrent.locks.AbstractQueuedSynchronizer$ConditionObject.awaitNanos(AbstractQueuedSynchronizer.java:2078)&#10;        at org.eclipse.jetty.util.BlockingArrayQueue.poll(BlockingArrayQueue.java:382)&#10;        at org.eclipse.jetty.util.thread.QueuedThreadPool$Runner.idleJobPoll(QueuedThreadPool.java:875)&#10;        at org.eclipse.jetty.util.thread.QueuedThreadPool$Runner.run(QueuedThreadPool.java:925)&#10;        at java.lang.Thread.run(Thread.java:748)&#10;&quot;IPC Server handler 7 on default port 46773&quot; daemon prio=5 tid=82 timed_waiting&#10;java.lang.Thread.State: TIMED_WAITING&#10;        at sun.misc.Unsafe.park(Native Method)&#10;        at java.util.concurrent.locks.LockSupport.parkNanos(LockSupport.java:215)&#10;        at java.util.concurrent.locks.AbstractQueuedSynchronizer$ConditionObject.awaitNanos(AbstractQueuedSynchronizer.java:2078)&#10;        at java.util.concurrent.LinkedBlockingQueue.poll(LinkedBlockingQueue.java:467)&#10;        at org.apache.hadoop.ipc.CallQueueManager.take(CallQueueManager.java:295)&#10;        at org.apache.hadoop.ipc.Server$Handler.run(Server.java:2881)&#10;&quot;454ffaf2-f1cf-4ad5-8579-b0d0dc6569aa@group-B4ABD9B660F0-SegmentedRaftLogWorker&quot;  prio=5 tid=252 timed_waiting&#10;java.lang.Thread.State: TIMED_WAITING&#10;        at sun.misc.Unsafe.park(Native Method)&#10;        at java.util.concurrent.locks.LockSupport.parkNanos(LockSupport.java:215)&#10;        at java.util.concurrent.locks.AbstractQueuedSynchronizer$ConditionObject.awaitNanos(AbstractQueuedSynchronizer.java:2078)&#10;        at org.apache.ratis.util.DataBlockingQueue.poll(DataBlockingQueue.java:137)&#10;        at org.apache.ratis.server.raftlog.segmented.SegmentedRaftLogWorker.run(SegmentedRaftLogWorker.java:287)&#10;        at java.lang.Thread.run(Thread.java:748)&#10;&quot;IPC Server handler 19 on default port 46773&quot; daemon prio=5 tid=94 timed_waiting&#10;java.lang.Thread.State: TIMED_WAITING&#10;        at sun.misc.Unsafe.park(Native Method)&#10;        at java.util.concurrent.locks.LockSupport.parkNanos(LockSupport.java:215)&#10;        at java.util.concurrent.locks.AbstractQueuedSynchronizer$ConditionObject.awaitNanos(AbstractQueuedSynchronizer.java:2078)&#10;        at java.util.concurrent.LinkedBlockingQueue.poll(LinkedBlockingQueue.java:467)&#10;        at org.apache.hadoop.ipc.CallQueueManager.take(CallQueueManager.java:295)&#10;        at org.apache.hadoop.ipc.Server$Handler.run(Server.java:2881)&#10;&quot;IPC Server handler 9 on default port 39179&quot; daemon prio=5 tid=44 timed_waiting&#10;java.lang.Thread.State: TIMED_WAITING&#10;        at sun.misc.Unsafe.park(Native Method)&#10;        at java.util.concurrent.locks.LockSupport.parkNanos(LockSupport.java:215)&#10;        at java.util.concurrent.locks.AbstractQueuedSynchronizer$ConditionObject.awaitNanos(AbstractQueuedSynchronizer.java:2078)&#10;        at java.util.concurrent.LinkedBlockingQueue.poll(LinkedBlockingQueue.java:467)&#10;        at org.apache.hadoop.ipc.CallQueueManager.take(CallQueueManager.java:295)&#10;        at org.apache.hadoop.ipc.Server$Handler.run(Server.java:2881)&#10;&quot;Datanode ReportManager Thread - 1&quot; daemon prio=5 tid=195 in Object.wait()&#10;java.lang.Thread.State: WAITING (on object monitor)&#10;        at sun.misc.Unsafe.park(Native Method)&#10;        at java.util.concurrent.locks.LockSupport.park(LockSupport.java:175)&#10;        at java.util.concurrent.locks.AbstractQueuedSynchronizer$ConditionObject.await(AbstractQueuedSynchronizer.java:2039)&#10;        at java.util.concurrent.ScheduledThreadPoolExecutor$DelayedWorkQueue.take(ScheduledThreadPoolExecutor.java:1088)&#10;        at java.util.concurrent.ScheduledThreadPoolExecutor$DelayedWorkQueue.take(ScheduledThreadPoolExecutor.java:809)&#10;        at java.util.concurrent.ThreadPoolExecutor.getTask(ThreadPoolExecutor.java:1074)&#10;        at java.util.concurrent.ThreadPoolExecutor.runWorker(ThreadPoolExecutor.java:1134)&#10;        at java.util.concurrent.ThreadPoolExecutor$Worker.run(ThreadPoolExecutor.java:624)&#10;        at java.lang.Thread.run(Thread.java:748)&#10;&quot;IPC Server handler 4 on default port 46773&quot; daemon prio=5 tid=79 timed_waiting&#10;java.lang.Thread.State: TIMED_WAITING&#10;        at sun.misc.Unsafe.park(Native Method)&#10;        at java.util.concurrent.locks.LockSupport.parkNanos(LockSupport.java:215)&#10;        at java.util.concurrent.locks.AbstractQueuedSynchronizer$ConditionObject.awaitNanos(AbstractQueuedSynchronizer.java:2078)&#10;        at java.util.concurrent.LinkedBlockingQueue.poll(LinkedBlockingQueue.java:467)&#10;        at org.apache.hadoop.ipc.CallQueueManager.take(CallQueueManager.java:295)&#10;        at org.apache.hadoop.ipc.Server$Handler.run(Server.java:2881)&#10;&quot;IPC Server handler 0 on default port 39179&quot; daemon prio=5 tid=35 timed_waiting&#10;java.lang.Thread.State: TIMED_WAITING&#10;        at sun.misc.Unsafe.park(Native Method)&#10;        at java.util.concurrent.locks.LockSupport.parkNanos(LockSupport.java:215)&#10;        at java.util.concurrent.locks.AbstractQueuedSynchronizer$ConditionObject.awaitNanos(AbstractQueuedSynchronizer.java:2078)&#10;        at java.util.concurrent.LinkedBlockingQueue.poll(LinkedBlockingQueue.java:467)&#10;        at org.apache.hadoop.ipc.CallQueueManager.take(CallQueueManager.java:295)&#10;        at org.apache.hadoop.ipc.Server$Handler.run(Server.java:2881)&#10;&quot;qtp2098720336-96-acceptor-0@2d1b5526-ServerConnector@7161457{HTTP/1.1,[http/1.1]}{0.0.0.0:39699}&quot; daemon prio=3 tid=96 runnable&#10;java.lang.Thread.State: RUNNABLE&#10;        at sun.nio.ch.ServerSocketChannelImpl.accept0(Native Method)&#10;        at sun.nio.ch.ServerSocketChannelImpl.accept(ServerSocketChannelImpl.java:422)&#10;        at sun.nio.ch.ServerSocketChannelImpl.accept(ServerSocketChannelImpl.java:250)&#10;        at org.eclipse.jetty.server.ServerConnector.accept(ServerConnector.java:385)&#10;        at org.eclipse.jetty.server.AbstractConnector$Acceptor.run(AbstractConnector.java:701)&#10;        at org.eclipse.jetty.util.thread.QueuedThreadPool.runJob(QueuedThreadPool.java:806)&#10;        at org.eclipse.jetty.util.thread.QueuedThreadPool$Runner.run(QueuedThreadPool.java:938)&#10;        at java.lang.Thread.run(Thread.java:748)&#10;&quot;qtp2009931623-210&quot; daemon prio=5 tid=210 timed_waiting&#10;java.lang.Thread.State: TIMED_WAITING&#10;        at sun.misc.Unsafe.park(Native Method)&#10;        at java.util.concurrent.locks.LockSupport.parkNanos(LockSupport.java:215)&#10;        at java.util.concurrent.locks.AbstractQueuedSynchronizer$ConditionObject.awaitNanos(AbstractQueuedSynchronizer.java:2078)&#10;        at org.eclipse.jetty.util.BlockingArrayQueue.poll(BlockingArrayQueue.java:382)&#10;        at org.eclipse.jetty.util.thread.QueuedThreadPool$Runner.idleJobPoll(QueuedThreadPool.java:875)&#10;        at org.eclipse.jetty.util.thread.QueuedThreadPool$Runner.run(QueuedThreadPool.java:925)&#10;        at java.lang.Thread.run(Thread.java:748)&#10;&quot;ChunkWriter-2-0&quot; daemon prio=5 tid=234 in Object.wait()&#10;java.lang.Thread.State: WAITING (on object monitor)&#10;        at sun.misc.Unsafe.park(Native Method)&#10;        at java.util.concurrent.locks.LockSupport.park(LockSupport.java:175)&#10;        at java.util.concurrent.locks.AbstractQueuedSynchronizer$ConditionObject.await(AbstractQueuedSynchronizer.java:2039)&#10;        at java.util.concurrent.LinkedBlockingDeque.takeFirst(LinkedBlockingDeque.java:492)&#10;        at java.util.concurrent.LinkedBlockingDeque.take(LinkedBlockingDeque.java:680)&#10;        at java.util.concurrent.ThreadPoolExecutor.getTask(ThreadPoolExecutor.java:1074)&#10;        at java.util.concurrent.ThreadPoolExecutor.runWorker(ThreadPoolExecutor.java:1134)&#10;        at java.util.concurrent.ThreadPoolExecutor$Worker.run(ThreadPoolExecutor.java:624)&#10;        at java.lang.Thread.run(Thread.java:748)&#10;&quot;qtp1990315034-160&quot; daemon prio=5 tid=160 timed_waiting&#10;java.lang.Thread.State: TIMED_WAITING&#10;        at sun.misc.Unsafe.park(Native Method)&#10;        at java.util.concurrent.locks.LockSupport.parkNanos(LockSupport.java:215)&#10;        at java.util.concurrent.locks.AbstractQueuedSynchronizer$ConditionObject.awaitNanos(AbstractQueuedSynchronizer.java:2078)&#10;        at org.eclipse.jetty.util.BlockingArrayQueue.poll(BlockingArrayQueue.java:382)&#10;        at org.eclipse.jetty.util.thread.QueuedThreadPool$Runner.idleJobPoll(QueuedThreadPool.java:875)&#10;        at org.eclipse.jetty.util.thread.QueuedThreadPool$Runner.run(QueuedThreadPool.java:925)&#10;        at java.lang.Thread.run(Thread.java:748)&#10;&quot;ChunkWriter-2-0&quot; daemon prio=5 tid=240 in Object.wait()&#10;java.lang.Thread.State: WAITING (on object monitor)&#10;        at sun.misc.Unsafe.park(Native Method)&#10;        at java.util.concurrent.locks.LockSupport.park(LockSupport.java:175)&#10;        at java.util.concurrent.locks.AbstractQueuedSynchronizer$ConditionObject.await(AbstractQueuedSynchronizer.java:2039)&#10;        at java.util.concurrent.LinkedBlockingDeque.takeFirst(LinkedBlockingDeque.java:492)&#10;        at java.util.concurrent.LinkedBlockingDeque.take(LinkedBlockingDeque.java:680)&#10;        at java.util.concurrent.ThreadPoolExecutor.getTask(ThreadPoolExecutor.java:1074)&#10;        at java.util.concurrent.ThreadPoolExecutor.runWorker(ThreadPoolExecutor.java:1134)&#10;        at java.util.concurrent.ThreadPoolExecutor$Worker.run(ThreadPoolExecutor.java:624)&#10;        at java.lang.Thread.run(Thread.java:748)&#10;&quot;BlockDeletingService#0&quot; daemon prio=5 tid=236 in Object.wait()&#10;java.lang.Thread.State: WAITING (on object monitor)&#10;        at sun.misc.Unsafe.park(Native Method)&#10;        at java.util.concurrent.locks.LockSupport.park(LockSupport.java:175)&#10;        at java.util.concurrent.locks.AbstractQueuedSynchronizer$ConditionObject.await(AbstractQueuedSynchronizer.java:2039)&#10;        at java.util.concurrent.ScheduledThreadPoolExecutor$DelayedWorkQueue.take(ScheduledThreadPoolExecutor.java:1088)&#10;        at java.util.concurrent.ScheduledThreadPoolExecutor$DelayedWorkQueue.take(ScheduledThreadPoolExecutor.java:809)&#10;        at java.util.concurrent.ThreadPoolExecutor.getTask(ThreadPoolExecutor.java:1074)&#10;        at java.util.concurrent.ThreadPoolExecutor.runWorker(ThreadPoolExecutor.java:1134)&#10;        at java.util.concurrent.ThreadPoolExecutor$Worker.run(ThreadPoolExecutor.java:624)&#10;        at java.lang.Thread.run(Thread.java:748)&#10;&quot;Periodic HDDS volume checker&quot; daemon prio=5 tid=153 timed_waiting&#10;java.lang.Thread.State: TIMED_WAITING&#10;        at sun.misc.Unsafe.park(Native Method)&#10;        at java.util.concurrent.locks.LockSupport.parkNanos(LockSupport.java:215)&#10;        at java.util.concurrent.locks.AbstractQueuedSynchronizer$ConditionObject.awaitNanos(AbstractQueuedSynchronizer.java:2078)&#10;        at java.util.concurrent.ScheduledThreadPoolExecutor$DelayedWorkQueue.take(ScheduledThreadPoolExecutor.java:1093)&#10;        at java.util.concurrent.ScheduledThreadPoolExecutor$DelayedWorkQueue.take(ScheduledThreadPoolExecutor.java:809)&#10;        at java.util.concurrent.ThreadPoolExecutor.getTask(ThreadPoolExecutor.java:1074)&#10;        at java.util.concurrent.ThreadPoolExecutor.runWorker(ThreadPoolExecutor.java:1134)&#10;        at java.util.concurrent.ThreadPoolExecutor$Worker.run(ThreadPoolExecutor.java:624)&#10;        at java.lang.Thread.run(Thread.java:748)&#10;&quot;surefire-forkedjvm-command-thread&quot; daemon prio=5 tid=9 runnable&#10;java.lang.Thread.State: RUNNABLE&#10;        at java.io.FileInputStream.readBytes(Native Method)&#10;        at java.io.FileInputStream.read(FileInputStream.java:255)&#10;        at java.io.BufferedInputStream.fill(BufferedInputStream.java:246)&#10;        at java.io.BufferedInputStream.read(BufferedInputStream.java:265)&#10;        at java.io.DataInputStream.readInt(DataInputStream.java:387)&#10;        at org.apache.maven.surefire.booter.MasterProcessCommand.decode(MasterProcessCommand.java:115)&#10;        at org.apache.maven.surefire.booter.CommandReader$CommandRunnable.run(CommandReader.java:390)&#10;        at java.lang.Thread.run(Thread.java:748)&#10;&quot;pool-72-thread-1&quot;  prio=5 tid=215 timed_waiting&#10;java.lang.Thread.State: TIMED_WAITING&#10;        at sun.misc.Unsafe.park(Native Method)&#10;        at java.util.concurrent.locks.LockSupport.parkNanos(LockSupport.java:215)&#10;        at java.util.concurrent.locks.AbstractQueuedSynchronizer$ConditionObject.awaitNanos(AbstractQueuedSynchronizer.java:2078)&#10;        at java.util.concurrent.ScheduledThreadPoolExecutor$DelayedWorkQueue.take(ScheduledThreadPoolExecutor.java:1093)&#10;        at java.util.concurrent.ScheduledThreadPoolExecutor$DelayedWorkQueue.take(ScheduledThreadPoolExecutor.java:809)&#10;        at java.util.concurrent.ThreadPoolExecutor.getTask(ThreadPoolExecutor.java:1074)&#10;        at java.util.concurrent.ThreadPoolExecutor.runWorker(ThreadPoolExecutor.java:1134)&#10;        at java.util.concurrent.ThreadPoolExecutor$Worker.run(ThreadPoolExecutor.java:624)&#10;        at java.lang.Thread.run(Thread.java:748)&#10;&quot;qtp1990315034-164&quot; daemon prio=5 tid=164 timed_waiting&#10;java.lang.Thread.State: TIMED_WAITING&#10;        at sun.misc.Unsafe.park(Native Method)&#10;        at java.util.concurrent.locks.LockSupport.parkNanos(LockSupport.java:215)&#10;        at java.util.concurrent.locks.AbstractQueuedSynchronizer$ConditionObject.awaitNanos(AbstractQueuedSynchronizer.java:2078)&#10;        at org.eclipse.jetty.util.BlockingArrayQueue.poll(BlockingArrayQueue.java:382)&#10;        at org.eclipse.jetty.util.thread.QueuedThreadPool$Runner.idleJobPoll(QueuedThreadPool.java:875)&#10;        at org.eclipse.jetty.util.thread.QueuedThreadPool$Runner.run(QueuedThreadPool.java:925)&#10;        at java.lang.Thread.run(Thread.java:748)&#10;&quot;IPC Server handler 15 on default port 41043&quot; daemon prio=5 tid=70 timed_waiting&#10;java.lang.Thread.State: TIMED_WAITING&#10;        at sun.misc.Unsafe.park(Native Method)&#10;        at java.util.concurrent.locks.LockSupport.parkNanos(LockSupport.java:215)&#10;        at java.util.concurrent.locks.AbstractQueuedSynchronizer$ConditionObject.awaitNanos(AbstractQueuedSynchronizer.java:2078)&#10;        at java.util.concurrent.LinkedBlockingQueue.poll(LinkedBlockingQueue.java:467)&#10;        at org.apache.hadoop.ipc.CallQueueManager.take(CallQueueManager.java:295)&#10;        at org.apache.hadoop.ipc.Server$Handler.run(Server.java:2881)&#10;&quot;EventQueue-NodeRegistrationContainerReportForContainerSafeModeRule&quot; daemon prio=5 tid=247 in Object.wait()&#10;java.lang.Thread.State: WAITING (on object monitor)&#10;        at sun.misc.Unsafe.park(Native Method)&#10;        at java.util.concurrent.locks.LockSupport.park(LockSupport.java:175)&#10;        at java.util.concurrent.locks.AbstractQueuedSynchronizer$ConditionObject.await(AbstractQueuedSynchronizer.java:2039)&#10;        at java.util.concurrent.LinkedBlockingQueue.take(LinkedBlockingQueue.java:442)&#10;        at java.util.concurrent.ThreadPoolExecutor.getTask(ThreadPoolExecutor.java:1074)&#10;        at java.util.concurrent.ThreadPoolExecutor.runWorker(ThreadPoolExecutor.java:1134)&#10;        at java.util.concurrent.ThreadPoolExecutor$Worker.run(ThreadPoolExecutor.java:624)&#10;        at java.lang.Thread.run(Thread.java:748)&#10;&quot;IPC Server handler 18 on default port 46773&quot; daemon prio=5 tid=93 timed_waiting&#10;java.lang.Thread.State: TIMED_WAITING&#10;        at sun.misc.Unsafe.park(Native Method)&#10;        at java.util.concurrent.locks.LockSupport.parkNanos(LockSupport.java:215)&#10;        at java.util.concurrent.locks.AbstractQueuedSynchronizer$ConditionObject.awaitNanos(AbstractQueuedSynchronizer.java:2078)&#10;        at java.util.concurrent.LinkedBlockingQueue.poll(LinkedBlockingQueue.java:467)&#10;        at org.apache.hadoop.ipc.CallQueueManager.take(CallQueueManager.java:295)&#10;        at org.apache.hadoop.ipc.Server$Handler.run(Server.java:2881)&#10;&quot;Datanode ReportManager Thread - 1&quot; daemon prio=5 tid=174 timed_waiting&#10;java.lang.Thread.State: TIMED_WAITING&#10;        at sun.misc.Unsafe.park(Native Method)&#10;        at java.util.concurrent.locks.LockSupport.parkNanos(LockSupport.java:215)&#10;        at java.util.concurrent.locks.AbstractQueuedSynchronizer$ConditionObject.awaitNanos(AbstractQueuedSynchronizer.java:2078)&#10;        at java.util.concurrent.ScheduledThreadPoolExecutor$DelayedWorkQueue.take(ScheduledThreadPoolExecutor.java:1093)&#10;        at java.util.concurrent.ScheduledThreadPoolExecutor$DelayedWorkQueue.take(ScheduledThreadPoolExecutor.java:809)&#10;        at java.util.concurrent.ThreadPoolExecutor.getTask(ThreadPoolExecutor.java:1074)&#10;        at java.util.concurrent.ThreadPoolExecutor.runWorker(ThreadPoolExecutor.java:1134)&#10;        at java.util.concurrent.ThreadPoolExecutor$Worker.run(ThreadPoolExecutor.java:624)&#10;        at java.lang.Thread.run(Thread.java:748)&#10;&quot;BlockDeletingService#0&quot; daemon prio=5 tid=242 in Object.wait()&#10;java.lang.Thread.State: WAITING (on object monitor)&#10;        at sun.misc.Unsafe.park(Native Method)&#10;        at java.util.concurrent.locks.LockSupport.park(LockSupport.java:175)&#10;        at java.util.concurrent.locks.AbstractQueuedSynchronizer$ConditionObject.await(AbstractQueuedSynchronizer.java:2039)&#10;        at java.util.concurrent.ScheduledThreadPoolExecutor$DelayedWorkQueue.take(ScheduledThreadPoolExecutor.java:1088)&#10;        at java.util.concurrent.ScheduledThreadPoolExecutor$DelayedWorkQueue.take(ScheduledThreadPoolExecutor.java:809)&#10;        at java.util.concurrent.ThreadPoolExecutor.getTask(ThreadPoolExecutor.java:1074)&#10;        at java.util.concurrent.ThreadPoolExecutor.runWorker(ThreadPoolExecutor.java:1134)&#10;        at java.util.concurrent.ThreadPoolExecutor$Worker.run(ThreadPoolExecutor.java:624)&#10;        at java.lang.Thread.run(Thread.java:748)&#10;&quot;IPC Server handler 5 on default port 41043&quot; daemon prio=5 tid=60 timed_waiting&#10;java.lang.Thread.State: TIMED_WAITING&#10;        at sun.misc.Unsafe.park(Native Method)&#10;        at java.util.concurrent.locks.LockSupport.parkNanos(LockSupport.java:215)&#10;        at java.util.concurrent.locks.AbstractQueuedSynchronizer$ConditionObject.awaitNanos(AbstractQueuedSynchronizer.java:2078)&#10;        at java.util.concurrent.LinkedBlockingQueue.poll(LinkedBlockingQueue.java:467)&#10;        at org.apache.hadoop.ipc.CallQueueManager.take(CallQueueManager.java:295)&#10;        at org.apache.hadoop.ipc.Server$Handler.run(Server.java:2881)&#10;&quot;qtp2009931623-212&quot; daemon prio=5 tid=212 timed_waiting&#10;java.lang.Thread.State: TIMED_WAITING&#10;        at sun.misc.Unsafe.park(Native Method)&#10;        at java.util.concurrent.locks.LockSupport.parkNanos(LockSupport.java:215)&#10;        at java.util.concurrent.locks.AbstractQueuedSynchronizer$ConditionObject.awaitNanos(AbstractQueuedSynchronizer.java:2078)&#10;        at org.eclipse.jetty.util.BlockingArrayQueue.poll(BlockingArrayQueue.java:382)&#10;        at org.eclipse.jetty.util.thread.QueuedThreadPool$Runner.idleJobPoll(QueuedThreadPool.java:875)&#10;        at org.eclipse.jetty.util.thread.QueuedThreadPool$Runner.run(QueuedThreadPool.java:925)&#10;        at java.lang.Thread.run(Thread.java:748)&#10;&quot;IPC Server handler 0 on default port 41043&quot; daemon prio=5 tid=55 timed_waiting&#10;java.lang.Thread.State: TIMED_WAITING&#10;        at sun.misc.Unsafe.park(Native Method)&#10;        at java.util.concurrent.locks.LockSupport.parkNanos(LockSupport.java:215)&#10;        at java.util.concurrent.locks.AbstractQueuedSynchronizer$ConditionObject.awaitNanos(AbstractQueuedSynchronizer.java:2078)&#10;        at java.util.concurrent.LinkedBlockingQueue.poll(LinkedBlockingQueue.java:467)&#10;        at org.apache.hadoop.ipc.CallQueueManager.take(CallQueueManager.java:295)&#10;        at org.apache.hadoop.ipc.Server$Handler.run(Server.java:2881)&#10;&quot;pool-51-thread-1&quot;  prio=5 tid=258 in Object.wait()&#10;java.lang.Thread.State: WAITING (on object monitor)&#10;        at sun.misc.Unsafe.park(Native Method)&#10;        at java.util.concurrent.locks.LockSupport.park(LockSupport.java:175)&#10;        at java.util.concurrent.locks.AbstractQueuedSynchronizer$ConditionObject.await(AbstractQueuedSynchronizer.java:2039)&#10;        at java.util.concurrent.LinkedBlockingQueue.take(LinkedBlockingQueue.java:442)&#10;        at java.util.concurrent.ThreadPoolExecutor.getTask(ThreadPoolExecutor.java:1074)&#10;        at java.util.concurrent.ThreadPoolExecutor.runWorker(ThreadPoolExecutor.java:1134)&#10;        at java.util.concurrent.ThreadPoolExecutor$Worker.run(ThreadPoolExecutor.java:624)&#10;        at java.lang.Thread.run(Thread.java:748)&#10;&quot;Datanode ReportManager Thread - 0&quot; daemon prio=5 tid=217 timed_waiting&#10;java.lang.Thread.State: TIMED_WAITING&#10;        at sun.misc.Unsafe.park(Native Method)&#10;        at java.util.concurrent.locks.LockSupport.parkNanos(LockSupport.java:215)&#10;        at java.util.concurrent.locks.AbstractQueuedSynchronizer$ConditionObject.awaitNanos(AbstractQueuedSynchronizer.java:2078)&#10;        at java.util.concurrent.ScheduledThreadPoolExecutor$DelayedWorkQueue.take(ScheduledThreadPoolExecutor.java:1093)&#10;        at java.util.concurrent.ScheduledThreadPoolExecutor$DelayedWorkQueue.take(ScheduledThreadPoolExecutor.java:809)&#10;        at java.util.concurrent.ThreadPoolExecutor.getTask(ThreadPoolExecutor.java:1074)&#10;        at java.util.concurrent.ThreadPoolExecutor.runWorker(ThreadPoolExecutor.java:1134)&#10;        at java.util.concurrent.ThreadPoolExecutor$Worker.run(ThreadPoolExecutor.java:624)&#10;        at java.lang.Thread.run(Thread.java:748)&#10;&quot;Thread-221&quot; daemon prio=5 tid=314 timed_waiting&#10;java.lang.Thread.State: TIMED_WAITING&#10;        at sun.misc.Unsafe.park(Native Method)&#10;        at java.util.concurrent.locks.LockSupport.parkNanos(LockSupport.java:215)&#10;        at java.util.concurrent.locks.AbstractQueuedSynchronizer$ConditionObject.awaitNanos(AbstractQueuedSynchronizer.java:2078)&#10;        at java.util.concurrent.ArrayBlockingQueue.poll(ArrayBlockingQueue.java:418)&#10;        at org.apache.ratis.server.impl.LeaderState$EventQueue.poll(LeaderState.java:121)&#10;        at org.apache.ratis.server.impl.LeaderState$EventProcessor.run(LeaderState.java:496)&#10;&quot;BlockDeletingService#0&quot; daemon prio=5 tid=230 in Object.wait()&#10;java.lang.Thread.State: WAITING (on object monitor)&#10;        at sun.misc.Unsafe.park(Native Method)&#10;        at java.util.concurrent.locks.LockSupport.park(LockSupport.java:175)&#10;        at java.util.concurrent.locks.AbstractQueuedSynchronizer$ConditionObject.await(AbstractQueuedSynchronizer.java:2039)&#10;        at java.util.concurrent.ScheduledThreadPoolExecutor$DelayedWorkQueue.take(ScheduledThreadPoolExecutor.java:1088)&#10;        at java.util.concurrent.ScheduledThreadPoolExecutor$DelayedWorkQueue.take(ScheduledThreadPoolExecutor.java:809)&#10;        at java.util.concurrent.ThreadPoolExecutor.getTask(ThreadPoolExecutor.java:1074)&#10;        at java.util.concurrent.ThreadPoolExecutor.runWorker(ThreadPoolExecutor.java:1134)&#10;        at java.util.concurrent.ThreadPoolExecutor$Worker.run(ThreadPoolExecutor.java:624)&#10;        at java.lang.Thread.run(Thread.java:748)&#10;&quot;org.apache.hadoop.util.JvmPauseMonitor$Monitor@3c2ccd2&quot; daemon prio=5 tid=178 timed_waiting&#10;java.lang.Thread.State: TIMED_WAITING&#10;        at java.lang.Thread.sleep(Native Method)&#10;        at org.apache.hadoop.util.JvmPauseMonitor$Monitor.run(JvmPauseMonitor.java:192)&#10;        at java.lang.Thread.run(Thread.java:748)&#10;&quot;qtp2047820764-147&quot; daemon prio=5 tid=147 timed_waiting&#10;java.lang.Thread.State: TIMED_WAITING&#10;        at sun.misc.Unsafe.park(Native Method)&#10;        at java.util.concurrent.locks.LockSupport.parkNanos(LockSupport.java:215)&#10;        at java.util.concurrent.locks.AbstractQueuedSynchronizer$ConditionObject.awaitNanos(AbstractQueuedSynchronizer.java:2078)&#10;        at org.eclipse.jetty.util.BlockingArrayQueue.poll(BlockingArrayQueue.java:382)&#10;        at org.eclipse.jetty.util.thread.QueuedThreadPool$Runner.idleJobPoll(QueuedThreadPool.java:875)&#10;        at org.eclipse.jetty.util.thread.QueuedThreadPool$Runner.run(QueuedThreadPool.java:925)&#10;        at java.lang.Thread.run(Thread.java:748)&#10;&quot;IPC Server handler 3 on default port 40641&quot; daemon prio=5 tid=122 timed_waiting&#10;java.lang.Thread.State: TIMED_WAITING&#10;        at sun.misc.Unsafe.park(Native Method)&#10;        at java.util.concurrent.locks.LockSupport.parkNanos(LockSupport.java:215)&#10;        at java.util.concurrent.locks.AbstractQueuedSynchronizer$ConditionObject.awaitNanos(AbstractQueuedSynchronizer.java:2078)&#10;        at java.util.concurrent.LinkedBlockingQueue.poll(LinkedBlockingQueue.java:467)&#10;        at org.apache.hadoop.ipc.CallQueueManager.take(CallQueueManager.java:295)&#10;        at org.apache.hadoop.ipc.Server$Handler.run(Server.java:2881)&#10;&quot;IPC Server listener on 0&quot; daemon prio=5 tid=24 runnable&#10;java.lang.Thread.State: RUNNABLE&#10;        at sun.nio.ch.EPollArrayWrapper.epollWait(Native Method)&#10;        at sun.nio.ch.EPollArrayWrapper.poll(EPollArrayWrapper.java:269)&#10;        at sun.nio.ch.EPollSelectorImpl.doSelect(EPollSelectorImpl.java:93)&#10;        at sun.nio.ch.SelectorImpl.lockAndDoSelect(SelectorImpl.java:86)&#10;        at sun.nio.ch.SelectorImpl.select(SelectorImpl.java:97)&#10;        at sun.nio.ch.SelectorImpl.select(SelectorImpl.java:101)&#10;        at org.apache.hadoop.ipc.Server$Listener.run(Server.java:1304)&#10;&quot;qtp2009931623-213&quot; daemon prio=5 tid=213 timed_waiting&#10;java.lang.Thread.State: TIMED_WAITING&#10;        at sun.misc.Unsafe.park(Native Method)&#10;        at java.util.concurrent.locks.LockSupport.parkNanos(LockSupport.java:215)&#10;        at java.util.concurrent.locks.AbstractQueuedSynchronizer$ConditionObject.awaitNanos(AbstractQueuedSynchronizer.java:2078)&#10;        at org.eclipse.jetty.util.BlockingArrayQueue.poll(BlockingArrayQueue.java:382)&#10;        at org.eclipse.jetty.util.thread.QueuedThreadPool$Runner.idleJobPoll(QueuedThreadPool.java:875)&#10;        at org.eclipse.jetty.util.thread.QueuedThreadPool$Runner.run(QueuedThreadPool.java:925)&#10;        at java.lang.Thread.run(Thread.java:748)&#10;&quot;qtp2047820764-141&quot; daemon prio=5 tid=141 runnable&#10;java.lang.Thread.State: RUNNABLE&#10;        at sun.nio.ch.EPollArrayWrapper.epollWait(Native Method)&#10;        at sun.nio.ch.EPollArrayWrapper.poll(EPollArrayWrapper.java:269)&#10;        at sun.nio.ch.EPollSelectorImpl.doSelect(EPollSelectorImpl.java:93)&#10;        at sun.nio.ch.SelectorImpl.lockAndDoSelect(SelectorImpl.java:86)&#10;        at sun.nio.ch.SelectorImpl.select(SelectorImpl.java:97)&#10;        at sun.nio.ch.SelectorImpl.select(SelectorImpl.java:101)&#10;        at org.eclipse.jetty.io.ManagedSelector$SelectorProducer.select(ManagedSelector.java:472)&#10;        at org.eclipse.jetty.io.ManagedSelector$SelectorProducer.produce(ManagedSelector.java:409)&#10;        at org.eclipse.jetty.util.thread.strategy.EatWhatYouKill.produceTask(EatWhatYouKill.java:360)&#10;        at org.eclipse.jetty.util.thread.strategy.EatWhatYouKill.doProduce(EatWhatYouKill.java:184)&#10;        at org.eclipse.jetty.util.thread.strategy.EatWhatYouKill.tryProduce(EatWhatYouKill.java:171)&#10;        at org.eclipse.jetty.util.thread.strategy.EatWhatYouKill.produce(EatWhatYouKill.java:135)&#10;        at org.eclipse.jetty.io.ManagedSelector$$Lambda$72/2131366717.run(Unknown Source)&#10;        at org.eclipse.jetty.util.thread.QueuedThreadPool.runJob(QueuedThreadPool.java:806)&#10;        at org.eclipse.jetty.util.thread.QueuedThreadPool$Runner.run(QueuedThreadPool.java:938)&#10;        at java.lang.Thread.run(Thread.java:748)&#10;&quot;IPC Server handler 19 on default port 39179&quot; daemon prio=5 tid=54 timed_waiting&#10;java.lang.Thread.State: TIMED_WAITING&#10;        at sun.misc.Unsafe.park(Native Method)&#10;        at java.util.concurrent.locks.LockSupport.parkNanos(LockSupport.java:215)&#10;        at java.util.concurrent.locks.AbstractQueuedSynchronizer$ConditionObject.awaitNanos(AbstractQueuedSynchronizer.java:2078)&#10;        at java.util.concurrent.LinkedBlockingQueue.poll(LinkedBlockingQueue.java:467)&#10;        at org.apache.hadoop.ipc.CallQueueManager.take(CallQueueManager.java:295)&#10;        at org.apache.hadoop.ipc.Server$Handler.run(Server.java:2881)&#10;&quot;IPC Server handler 16 on default port 40641&quot; daemon prio=5 tid=135 timed_waiting&#10;java.lang.Thread.State: TIMED_WAITING&#10;        at sun.misc.Unsafe.park(Native Method)&#10;        at java.util.concurrent.locks.LockSupport.parkNanos(LockSupport.java:215)&#10;        at java.util.concurrent.locks.AbstractQueuedSynchronizer$ConditionObject.awaitNanos(AbstractQueuedSynchronizer.java:2078)&#10;        at java.util.concurrent.LinkedBlockingQueue.poll(LinkedBlockingQueue.java:467)&#10;        at org.apache.hadoop.ipc.CallQueueManager.take(CallQueueManager.java:295)&#10;        at org.apache.hadoop.ipc.Server$Handler.run(Server.java:2881)&#10;&quot;Session-HouseKeeper-78b293a-1&quot;  prio=5 tid=166 timed_waiting&#10;java.lang.Thread.State: TIMED_WAITING&#10;        at sun.misc.Unsafe.park(Native Method)&#10;        at java.util.concurrent.locks.LockSupport.parkNanos(LockSupport.java:215)&#10;        at java.util.concurrent.locks.AbstractQueuedSynchronizer$ConditionObject.awaitNanos(AbstractQueuedSynchronizer.java:2078)&#10;        at java.util.concurrent.ScheduledThreadPoolExecutor$DelayedWorkQueue.take(ScheduledThreadPoolExecutor.java:1093)&#10;        at java.util.concurrent.ScheduledThreadPoolExecutor$DelayedWorkQueue.take(ScheduledThreadPoolExecutor.java:809)&#10;        at java.util.concurrent.ThreadPoolExecutor.getTask(ThreadPoolExecutor.java:1074)&#10;        at java.util.concurrent.ThreadPoolExecutor.runWorker(ThreadPoolExecutor.java:1134)&#10;        at java.util.concurrent.ThreadPoolExecutor$Worker.run(ThreadPoolExecutor.java:624)&#10;        at java.lang.Thread.run(Thread.java:748)&#10;&quot;qtp1990315034-161&quot; daemon prio=5 tid=161 timed_waiting&#10;java.lang.Thread.State: TIMED_WAITING&#10;        at sun.misc.Unsafe.park(Native Method)&#10;        at java.util.concurrent.locks.LockSupport.parkNanos(LockSupport.java:215)&#10;        at java.util.concurrent.locks.AbstractQueuedSynchronizer$ConditionObject.awaitNanos(AbstractQueuedSynchronizer.java:2078)&#10;        at org.eclipse.jetty.util.BlockingArrayQueue.poll(BlockingArrayQueue.java:382)&#10;        at org.eclipse.jetty.util.thread.QueuedThreadPool$Runner.idleJobPoll(QueuedThreadPool.java:875)&#10;        at org.eclipse.jetty.util.thread.QueuedThreadPool$Runner.run(QueuedThreadPool.java:925)&#10;        at java.lang.Thread.run(Thread.java:748)&#10;&quot;ChunkWriter-3-0&quot; daemon prio=5 tid=235 in Object.wait()&#10;java.lang.Thread.State: WAITING (on object monitor)&#10;        at sun.misc.Unsafe.park(Native Method)&#10;        at java.util.concurrent.locks.LockSupport.park(LockSupport.java:175)&#10;        at java.util.concurrent.locks.AbstractQueuedSynchronizer$ConditionObject.await(AbstractQueuedSynchronizer.java:2039)&#10;        at java.util.concurrent.LinkedBlockingDeque.takeFirst(LinkedBlockingDeque.java:492)&#10;        at java.util.concurrent.LinkedBlockingDeque.take(LinkedBlockingDeque.java:680)&#10;        at java.util.concurrent.ThreadPoolExecutor.getTask(ThreadPoolExecutor.java:1074)&#10;        at java.util.concurrent.ThreadPoolExecutor.runWorker(ThreadPoolExecutor.java:1134)&#10;        at java.util.concurrent.ThreadPoolExecutor$Worker.run(ThreadPoolExecutor.java:624)&#10;        at java.lang.Thread.run(Thread.java:748)&#10;&quot;qtp2009931623-209&quot; daemon prio=5 tid=209 timed_waiting&#10;java.lang.Thread.State: TIMED_WAITING&#10;        at sun.misc.Unsafe.park(Native Method)&#10;        at java.util.concurrent.locks.LockSupport.parkNanos(LockSupport.java:215)&#10;        at java.util.concurrent.locks.AbstractQueuedSynchronizer$ConditionObject.awaitNanos(AbstractQueuedSynchronizer.java:2078)&#10;        at org.eclipse.jetty.util.BlockingArrayQueue.poll(BlockingArrayQueue.java:382)&#10;        at org.eclipse.jetty.util.thread.QueuedThreadPool$Runner.idleJobPoll(QueuedThreadPool.java:875)&#10;        at org.eclipse.jetty.util.thread.QueuedThreadPool$Runner.run(QueuedThreadPool.java:925)&#10;        at java.lang.Thread.run(Thread.java:748)&#10;&quot;IPC Server handler 2 on default port 46773&quot; daemon prio=5 tid=77 timed_waiting&#10;java.lang.Thread.State: TIMED_WAITING&#10;        at sun.misc.Unsafe.park(Native Method)&#10;        at java.util.concurrent.locks.LockSupport.parkNanos(LockSupport.java:215)&#10;        at java.util.concurrent.locks.AbstractQueuedSynchronizer$ConditionObject.awaitNanos(AbstractQueuedSynchronizer.java:2078)&#10;        at java.util.concurrent.LinkedBlockingQueue.poll(LinkedBlockingQueue.java:467)&#10;        at org.apache.hadoop.ipc.CallQueueManager.take(CallQueueManager.java:295)&#10;        at org.apache.hadoop.ipc.Server$Handler.run(Server.java:2881)&#10;&quot;IPC Server handler 10 on default port 39179&quot; daemon prio=5 tid=45 timed_waiting&#10;java.lang.Thread.State: TIMED_WAITING&#10;        at sun.misc.Unsafe.park(Native Method)&#10;        at java.util.concurrent.locks.LockSupport.parkNanos(LockSupport.java:215)&#10;        at java.util.concurrent.locks.AbstractQueuedSynchronizer$ConditionObject.awaitNanos(AbstractQueuedSynchronizer.java:2078)&#10;        at java.util.concurrent.LinkedBlockingQueue.poll(LinkedBlockingQueue.java:467)&#10;        at org.apache.hadoop.ipc.CallQueueManager.take(CallQueueManager.java:295)&#10;        at org.apache.hadoop.ipc.Server$Handler.run(Server.java:2881)&#10;&quot;qtp2098720336-95&quot; daemon prio=5 tid=95 runnable&#10;java.lang.Thread.State: RUNNABLE&#10;        at sun.nio.ch.EPollArrayWrapper.epollWait(Native Method)&#10;        at sun.nio.ch.EPollArrayWrapper.poll(EPollArrayWrapper.java:269)&#10;        at sun.nio.ch.EPollSelectorImpl.doSelect(EPollSelectorImpl.java:93)&#10;        at sun.nio.ch.SelectorImpl.lockAndDoSelect(SelectorImpl.java:86)&#10;        at sun.nio.ch.SelectorImpl.select(SelectorImpl.java:97)&#10;        at sun.nio.ch.SelectorImpl.select(SelectorImpl.java:101)&#10;        at org.eclipse.jetty.io.ManagedSelector$SelectorProducer.select(ManagedSelector.java:472)&#10;        at org.eclipse.jetty.io.ManagedSelector$SelectorProducer.produce(ManagedSelector.java:409)&#10;        at org.eclipse.jetty.util.thread.strategy.EatWhatYouKill.produceTask(EatWhatYouKill.java:360)&#10;        at org.eclipse.jetty.util.thread.strategy.EatWhatYouKill.doProduce(EatWhatYouKill.java:184)&#10;        at org.eclipse.jetty.util.thread.strategy.EatWhatYouKill.tryProduce(EatWhatYouKill.java:171)&#10;        at org.eclipse.jetty.util.thread.strategy.EatWhatYouKill.produce(EatWhatYouKill.java:135)&#10;        at org.eclipse.jetty.io.ManagedSelector$$Lambda$72/2131366717.run(Unknown Source)&#10;        at org.eclipse.jetty.util.thread.QueuedThreadPool.runJob(QueuedThreadPool.java:806)&#10;        at org.eclipse.jetty.util.thread.QueuedThreadPool$Runner.run(QueuedThreadPool.java:938)&#10;        at java.lang.Thread.run(Thread.java:748)&#10;&quot;IPC Server idle connection scanner for port 41043&quot; daemon prio=5 tid=22 timed_waiting&#10;java.lang.Thread.State: TIMED_WAITING&#10;        at java.lang.Object.wait(Native Method)&#10;        at java.util.TimerThread.mainLoop(Timer.java:552)&#10;        at java.util.TimerThread.run(Timer.java:505)&#10;&quot;EventQueue-Safe mode statusForSCMClientProtocolServer&quot;  prio=5 tid=30 in Object.wait()&#10;java.lang.Thread.State: WAITING (on object monitor)&#10;        at sun.misc.Unsafe.park(Native Method)&#10;        at java.util.concurrent.locks.LockSupport.park(LockSupport.java:175)&#10;        at java.util.concurrent.locks.AbstractQueuedSynchronizer$ConditionObject.await(AbstractQueuedSynchronizer.java:2039)&#10;        at java.util.concurrent.LinkedBlockingQueue.take(LinkedBlockingQueue.java:442)&#10;        at java.util.concurrent.ThreadPoolExecutor.getTask(ThreadPoolExecutor.java:1074)&#10;        at java.util.concurrent.ThreadPoolExecutor.runWorker(ThreadPoolExecutor.java:1134)&#10;        at java.util.concurrent.ThreadPoolExecutor$Worker.run(ThreadPoolExecutor.java:624)&#10;        at java.lang.Thread.run(Thread.java:748)&#10;&quot;qtp2047820764-146&quot; daemon prio=5 tid=146 timed_waiting&#10;java.lang.Thread.State: TIMED_WAITING&#10;        at sun.misc.Unsafe.park(Native Method)&#10;        at java.util.concurrent.locks.LockSupport.parkNanos(LockSupport.java:215)&#10;        at java.util.concurrent.locks.AbstractQueuedSynchronizer$ConditionObject.awaitNanos(AbstractQueuedSynchronizer.java:2078)&#10;        at org.eclipse.jetty.util.BlockingArrayQueue.poll(BlockingArrayQueue.java:382)&#10;        at org.eclipse.jetty.util.thread.QueuedThreadPool$Runner.idleJobPoll(QueuedThreadPool.java:875)&#10;        at org.eclipse.jetty.util.thread.QueuedThreadPool$Runner.run(QueuedThreadPool.java:925)&#10;        at java.lang.Thread.run(Thread.java:748)&#10;&quot;grpc-nio-boss-ELG-1-1&quot; daemon prio=5 tid=229 runnable&#10;java.lang.Thread.State: RUNNABLE&#10;        at sun.nio.ch.EPollArrayWrapper.epollWait(Native Method)&#10;        at sun.nio.ch.EPollArrayWrapper.poll(EPollArrayWrapper.java:269)&#10;        at sun.nio.ch.EPollSelectorImpl.doSelect(EPollSelectorImpl.java:93)&#10;        at sun.nio.ch.SelectorImpl.lockAndDoSelect(SelectorImpl.java:86)&#10;        at sun.nio.ch.SelectorImpl.select(SelectorImpl.java:97)&#10;        at sun.nio.ch.SelectorImpl.select(SelectorImpl.java:101)&#10;        at org.apache.ratis.thirdparty.io.netty.channel.nio.SelectedSelectionKeySetSelector.select(SelectedSelectionKeySetSelector.java:68)&#10;        at org.apache.ratis.thirdparty.io.netty.channel.nio.NioEventLoop.select(NioEventLoop.java:803)&#10;        at org.apache.ratis.thirdparty.io.netty.channel.nio.NioEventLoop.run(NioEventLoop.java:457)&#10;        at org.apache.ratis.thirdparty.io.netty.util.concurrent.SingleThreadEventExecutor$4.run(SingleThreadEventExecutor.java:989)&#10;        at org.apache.ratis.thirdparty.io.netty.util.internal.ThreadExecutorMap$2.run(ThreadExecutorMap.java:74)&#10;        at org.apache.ratis.thirdparty.io.netty.util.concurrent.FastThreadLocalRunnable.run(FastThreadLocalRunnable.java:30)&#10;        at java.lang.Thread.run(Thread.java:748)&#10;&quot;SCM Heartbeat Processing Thread - 0&quot; daemon prio=5 tid=14 timed_waiting&#10;java.lang.Thread.State: TIMED_WAITING&#10;        at sun.misc.Unsafe.park(Native Method)&#10;        at java.util.concurrent.locks.LockSupport.parkNanos(LockSupport.java:215)&#10;        at java.util.concurrent.locks.AbstractQueuedSynchronizer$ConditionObject.awaitNanos(AbstractQueuedSynchronizer.java:2078)&#10;        at java.util.concurrent.ScheduledThreadPoolExecutor$DelayedWorkQueue.take(ScheduledThreadPoolExecutor.java:1093)&#10;        at java.util.concurrent.ScheduledThreadPoolExecutor$DelayedWorkQueue.take(ScheduledThreadPoolExecutor.java:809)&#10;        at java.util.concurrent.ThreadPoolExecutor.getTask(ThreadPoolExecutor.java:1074)&#10;        at java.util.concurrent.ThreadPoolExecutor.runWorker(ThreadPoolExecutor.java:1134)&#10;        at java.util.concurrent.ThreadPoolExecutor$Worker.run(ThreadPoolExecutor.java:624)&#10;        at java.lang.Thread.run(Thread.java:748)&#10;&quot;IPC Server handler 12 on default port 39179&quot; daemon prio=5 tid=47 timed_waiting&#10;java.lang.Thread.State: TIMED_WAITING&#10;        at sun.misc.Unsafe.park(Native Method)&#10;        at java.util.concurrent.locks.LockSupport.parkNanos(LockSupport.java:215)&#10;        at java.util.concurrent.locks.AbstractQueuedSynchronizer$ConditionObject.awaitNanos(AbstractQueuedSynchronizer.java:2078)&#10;        at java.util.concurrent.LinkedBlockingQueue.poll(LinkedBlockingQueue.java:467)&#10;        at org.apache.hadoop.ipc.CallQueueManager.take(CallQueueManager.java:295)&#10;        at org.apache.hadoop.ipc.Server$Handler.run(Server.java:2881)&#10;&quot;pool-44-thread-1&quot; daemon prio=5 tid=173 timed_waiting&#10;java.lang.Thread.State: TIMED_WAITING&#10;        at sun.misc.Unsafe.park(Native Method)&#10;        at java.util.concurrent.locks.LockSupport.parkNanos(LockSupport.java:215)&#10;        at java.util.concurrent.locks.AbstractQueuedSynchronizer$ConditionObject.awaitNanos(AbstractQueuedSynchronizer.java:2078)&#10;        at java.util.concurrent.ScheduledThreadPoolExecutor$DelayedWorkQueue.take(ScheduledThreadPoolExecutor.java:1093)&#10;        at java.util.concurrent.ScheduledThreadPoolExecutor$DelayedWorkQueue.take(ScheduledThreadPoolExecutor.java:809)&#10;        at java.util.concurrent.ThreadPoolExecutor.getTask(ThreadPoolExecutor.java:1074)&#10;        at java.util.concurrent.ThreadPoolExecutor.runWorker(ThreadPoolExecutor.java:1134)&#10;        at java.util.concurrent.ThreadPoolExecutor$Worker.run(ThreadPoolExecutor.java:624)&#10;        at java.lang.Thread.run(Thread.java:748)&#10;&quot;IPC Server handler 1 on default port 39179&quot; daemon prio=5 tid=36 timed_waiting&#10;java.lang.Thread.State: TIMED_WAITING&#10;        at sun.misc.Unsafe.park(Native Method)&#10;        at java.util.concurrent.locks.LockSupport.parkNanos(LockSupport.java:215)&#10;        at java.util.concurrent.locks.AbstractQueuedSynchronizer$ConditionObject.awaitNanos(AbstractQueuedSynchronizer.java:2078)&#10;        at java.util.concurrent.LinkedBlockingQueue.poll(LinkedBlockingQueue.java:467)&#10;        at org.apache.hadoop.ipc.CallQueueManager.take(CallQueueManager.java:295)&#10;        at org.apache.hadoop.ipc.Server$Handler.run(Server.java:2881)&#10;&quot;SCMBlockDeletingService#1&quot; daemon prio=5 tid=108 in Object.wait()&#10;java.lang.Thread.State: WAITING (on object monitor)&#10;        at sun.misc.Unsafe.park(Native Method)&#10;        at java.util.concurrent.locks.LockSupport.park(LockSupport.java:175)&#10;        at java.util.concurrent.locks.AbstractQueuedSynchronizer$ConditionObject.await(AbstractQueuedSynchronizer.java:2039)&#10;        at java.util.concurrent.ScheduledThreadPoolExecutor$DelayedWorkQueue.take(ScheduledThreadPoolExecutor.java:1088)&#10;        at java.util.concurrent.ScheduledThreadPoolExecutor$DelayedWorkQueue.take(ScheduledThreadPoolExecutor.java:809)&#10;        at java.util.concurrent.ThreadPoolExecutor.getTask(ThreadPoolExecutor.java:1074)&#10;        at java.util.concurrent.ThreadPoolExecutor.runWorker(ThreadPoolExecutor.java:1134)&#10;        at java.util.concurrent.ThreadPoolExecutor$Worker.run(ThreadPoolExecutor.java:624)&#10;        at java.lang.Thread.run(Thread.java:748)&#10;&quot;Thread-199&quot; daemon prio=5 tid=290 timed_waiting&#10;java.lang.Thread.State: TIMED_WAITING&#10;        at sun.misc.Unsafe.park(Native Method)&#10;        at java.util.concurrent.locks.LockSupport.parkNanos(LockSupport.java:215)&#10;        at java.util.concurrent.locks.AbstractQueuedSynchronizer$ConditionObject.awaitNanos(AbstractQueuedSynchronizer.java:2078)&#10;        at java.util.concurrent.ArrayBlockingQueue.poll(ArrayBlockingQueue.java:418)&#10;        at org.apache.ratis.server.impl.LeaderState$EventQueue.poll(LeaderState.java:121)&#10;        at org.apache.ratis.server.impl.LeaderState$EventProcessor.run(LeaderState.java:496)&#10;&quot;Timer for &apos;StorageContainerManager&apos; metrics system&quot; daemon prio=5 tid=33 timed_waiting&#10;java.lang.Thread.State: TIMED_WAITING&#10;        at java.lang.Object.wait(Native Method)&#10;        at java.util.TimerThread.mainLoop(Timer.java:552)&#10;        at java.util.TimerThread.run(Timer.java:505)&#10;&quot;qtp1029385246-184&quot; daemon prio=5 tid=184 timed_waiting&#10;java.lang.Thread.State: TIMED_WAITING&#10;        at sun.misc.Unsafe.park(Native Method)&#10;        at java.util.concurrent.locks.LockSupport.parkNanos(LockSupport.java:215)&#10;        at java.util.concurrent.locks.AbstractQueuedSynchronizer$ConditionObject.awaitNanos(AbstractQueuedSynchronizer.java:2078)&#10;        at org.eclipse.jetty.util.BlockingArrayQueue.poll(BlockingArrayQueue.java:382)&#10;        at org.eclipse.jetty.util.thread.QueuedThreadPool$Runner.idleJobPoll(QueuedThreadPool.java:875)&#10;        at org.eclipse.jetty.util.thread.QueuedThreadPool$Runner.run(QueuedThreadPool.java:925)&#10;        at java.lang.Thread.run(Thread.java:748)&#10;&quot;ChunkWriter-0-0&quot; daemon prio=5 tid=238 in Object.wait()&#10;java.lang.Thread.State: WAITING (on object monitor)&#10;        at sun.misc.Unsafe.park(Native Method)&#10;        at java.util.concurrent.locks.LockSupport.park(LockSupport.java:175)&#10;        at java.util.concurrent.locks.AbstractQueuedSynchronizer$ConditionObject.await(AbstractQueuedSynchronizer.java:2039)&#10;        at java.util.concurrent.LinkedBlockingDeque.takeFirst(LinkedBlockingDeque.java:492)&#10;        at java.util.concurrent.LinkedBlockingDeque.take(LinkedBlockingDeque.java:680)&#10;        at java.util.concurrent.ThreadPoolExecutor.getTask(ThreadPoolExecutor.java:1074)&#10;        at java.util.concurrent.ThreadPoolExecutor.runWorker(ThreadPoolExecutor.java:1134)&#10;        at java.util.concurrent.ThreadPoolExecutor$Worker.run(ThreadPoolExecutor.java:624)&#10;        at java.lang.Thread.run(Thread.java:748)&#10;&quot;org.apache.ratis.server.impl.LogAppender$AppenderDaemon$$Lambda$452/383808327@6520b8e6&quot; daemon prio=5 tid=315 timed_waiting&#10;java.lang.Thread.State: TIMED_WAITING&#10;        at java.lang.Object.wait(Native Method)&#10;        at org.apache.ratis.grpc.server.GrpcLogAppender.mayWait(GrpcLogAppender.java:151)&#10;        at org.apache.ratis.grpc.server.GrpcLogAppender.runAppenderImpl(GrpcLogAppender.java:105)&#10;        at org.apache.ratis.server.impl.LogAppender$AppenderDaemon.run(LogAppender.java:77)&#10;        at org.apache.ratis.server.impl.LogAppender$AppenderDaemon$$Lambda$452/383808327.run(Unknown Source)&#10;        at java.lang.Thread.run(Thread.java:748)&#10;&quot;IPC Server handler 11 on default port 41043&quot; daemon prio=5 tid=66 timed_waiting&#10;java.lang.Thread.State: TIMED_WAITING&#10;        at sun.misc.Unsafe.park(Native Method)&#10;        at java.util.concurrent.locks.LockSupport.parkNanos(LockSupport.java:215)&#10;        at java.util.concurrent.locks.AbstractQueuedSynchronizer$ConditionObject.awaitNanos(AbstractQueuedSynchronizer.java:2078)&#10;        at java.util.concurrent.LinkedBlockingQueue.poll(LinkedBlockingQueue.java:467)&#10;        at org.apache.hadoop.ipc.CallQueueManager.take(CallQueueManager.java:295)&#10;        at org.apache.hadoop.ipc.Server$Handler.run(Server.java:2881)&#10;&quot;IPC Server handler 9 on default port 40641&quot; daemon prio=5 tid=128 timed_waiting&#10;java.lang.Thread.State: TIMED_WAITING&#10;        at sun.misc.Unsafe.park(Native Method)&#10;        at java.util.concurrent.locks.LockSupport.parkNanos(LockSupport.java:215)&#10;        at java.util.concurrent.locks.AbstractQueuedSynchronizer$ConditionObject.awaitNanos(AbstractQueuedSynchronizer.java:2078)&#10;        at java.util.concurrent.LinkedBlockingQueue.poll(LinkedBlockingQueue.java:467)&#10;        at org.apache.hadoop.ipc.CallQueueManager.take(CallQueueManager.java:295)&#10;        at org.apache.hadoop.ipc.Server$Handler.run(Server.java:2881)&#10;&quot;IPC Server listener on 0&quot; daemon prio=5 tid=20 runnable&#10;java.lang.Thread.State: RUNNABLE&#10;        at sun.nio.ch.EPollArrayWrapper.epollWait(Native Method)&#10;        at sun.nio.ch.EPollArrayWrapper.poll(EPollArrayWrapper.java:269)&#10;        at sun.nio.ch.EPollSelectorImpl.doSelect(EPollSelectorImpl.java:93)&#10;        at sun.nio.ch.SelectorImpl.lockAndDoSelect(SelectorImpl.java:86)&#10;        at sun.nio.ch.SelectorImpl.select(SelectorImpl.java:97)&#10;        at sun.nio.ch.SelectorImpl.select(SelectorImpl.java:101)&#10;        at org.apache.hadoop.ipc.Server$Listener.run(Server.java:1304)&#10;&quot;qtp1029385246-188&quot; daemon prio=5 tid=188 timed_waiting&#10;java.lang.Thread.State: TIMED_WAITING&#10;        at sun.misc.Unsafe.park(Native Method)&#10;        at java.util.concurrent.locks.LockSupport.parkNanos(LockSupport.java:215)&#10;        at java.util.concurrent.locks.AbstractQueuedSynchronizer$ConditionObject.awaitNanos(AbstractQueuedSynchronizer.java:2078)&#10;        at org.eclipse.jetty.util.BlockingArrayQueue.poll(BlockingArrayQueue.java:382)&#10;        at org.eclipse.jetty.util.thread.QueuedThreadPool$Runner.idleJobPoll(QueuedThreadPool.java:875)&#10;        at org.eclipse.jetty.util.thread.QueuedThreadPool$Runner.run(QueuedThreadPool.java:925)&#10;        at java.lang.Thread.run(Thread.java:748)&#10;&quot;pool-25-thread-1&quot;  prio=5 tid=150 timed_waiting&#10;java.lang.Thread.State: TIMED_WAITING&#10;        at sun.misc.Unsafe.park(Native Method)&#10;        at java.util.concurrent.locks.LockSupport.parkNanos(LockSupport.java:215)&#10;        at java.util.concurrent.locks.AbstractQueuedSynchronizer$ConditionObject.awaitNanos(AbstractQueuedSynchronizer.java:2078)&#10;        at java.util.concurrent.ScheduledThreadPoolExecutor$DelayedWorkQueue.take(ScheduledThreadPoolExecutor.java:1093)&#10;        at java.util.concurrent.ScheduledThreadPoolExecutor$DelayedWorkQueue.take(ScheduledThreadPoolExecutor.java:809)&#10;        at java.util.concurrent.ThreadPoolExecutor.getTask(ThreadPoolExecutor.java:1074)&#10;        at java.util.concurrent.ThreadPoolExecutor.runWorker(ThreadPoolExecutor.java:1134)&#10;        at java.util.concurrent.ThreadPoolExecutor$Worker.run(ThreadPoolExecutor.java:624)&#10;        at java.lang.Thread.run(Thread.java:748)&#10;&quot;Session-HouseKeeper-1a16583d-1&quot;  prio=5 tid=214 timed_waiting&#10;java.lang.Thread.State: TIMED_WAITING&#10;        at sun.misc.Unsafe.park(Native Method)&#10;        at java.util.concurrent.locks.LockSupport.parkNanos(LockSupport.java:215)&#10;        at java.util.concurrent.locks.AbstractQueuedSynchronizer$ConditionObject.awaitNanos(AbstractQueuedSynchronizer.java:2078)&#10;        at java.util.concurrent.ScheduledThreadPoolExecutor$DelayedWorkQueue.take(ScheduledThreadPoolExecutor.java:1093)&#10;        at java.util.concurrent.ScheduledThreadPoolExecutor$DelayedWorkQueue.take(ScheduledThreadPoolExecutor.java:809)&#10;        at java.util.concurrent.ThreadPoolExecutor.getTask(ThreadPoolExecutor.java:1074)&#10;        at java.util.concurrent.ThreadPoolExecutor.runWorker(ThreadPoolExecutor.java:1134)&#10;        at java.util.concurrent.ThreadPoolExecutor$Worker.run(ThreadPoolExecutor.java:624)&#10;        at java.lang.Thread.run(Thread.java:748)&#10;&quot;qtp2009931623-206&quot; daemon prio=5 tid=206 runnable&#10;java.lang.Thread.State: RUNNABLE&#10;        at sun.nio.ch.EPollArrayWrapper.epollWait(Native Method)&#10;        at sun.nio.ch.EPollArrayWrapper.poll(EPollArrayWrapper.java:269)&#10;        at sun.nio.ch.EPollSelectorImpl.doSelect(EPollSelectorImpl.java:93)&#10;        at sun.nio.ch.SelectorImpl.lockAndDoSelect(SelectorImpl.java:86)&#10;        at sun.nio.ch.SelectorImpl.select(SelectorImpl.java:97)&#10;        at sun.nio.ch.SelectorImpl.select(SelectorImpl.java:101)&#10;        at org.eclipse.jetty.io.ManagedSelector$SelectorProducer.select(ManagedSelector.java:472)&#10;        at org.eclipse.jetty.io.ManagedSelector$SelectorProducer.produce(ManagedSelector.java:409)&#10;        at org.eclipse.jetty.util.thread.strategy.EatWhatYouKill.produceTask(EatWhatYouKill.java:360)&#10;        at org.eclipse.jetty.util.thread.strategy.EatWhatYouKill.doProduce(EatWhatYouKill.java:184)&#10;        at org.eclipse.jetty.util.thread.strategy.EatWhatYouKill.tryProduce(EatWhatYouKill.java:171)&#10;        at org.eclipse.jetty.util.thread.strategy.EatWhatYouKill.produce(EatWhatYouKill.java:135)&#10;        at org.eclipse.jetty.io.ManagedSelector$$Lambda$72/2131366717.run(Unknown Source)&#10;        at org.eclipse.jetty.util.thread.QueuedThreadPool.runJob(QueuedThreadPool.java:806)&#10;        at org.eclipse.jetty.util.thread.QueuedThreadPool$Runner.run(QueuedThreadPool.java:938)&#10;        at java.lang.Thread.run(Thread.java:748)&#10;&quot;IPC Server handler 18 on default port 40641&quot; daemon prio=5 tid=137 timed_waiting&#10;java.lang.Thread.State: TIMED_WAITING&#10;        at sun.misc.Unsafe.park(Native Method)&#10;        at java.util.concurrent.locks.LockSupport.parkNanos(LockSupport.java:215)&#10;        at java.util.concurrent.locks.AbstractQueuedSynchronizer$ConditionObject.awaitNanos(AbstractQueuedSynchronizer.java:2078)&#10;        at java.util.concurrent.LinkedBlockingQueue.poll(LinkedBlockingQueue.java:467)&#10;        at org.apache.hadoop.ipc.CallQueueManager.take(CallQueueManager.java:295)&#10;        at org.apache.hadoop.ipc.Server$Handler.run(Server.java:2881)&#10;&quot;pool-67-thread-1&quot;  prio=5 tid=265 in Object.wait()&#10;java.lang.Thread.State: WAITING (on object monitor)&#10;        at sun.misc.Unsafe.park(Native Method)&#10;        at java.util.concurrent.locks.LockSupport.park(LockSupport.java:175)&#10;        at java.util.concurrent.locks.AbstractQueuedSynchronizer$ConditionObject.await(AbstractQueuedSynchronizer.java:2039)&#10;        at java.util.concurrent.LinkedBlockingQueue.take(LinkedBlockingQueue.java:442)&#10;        at java.util.concurrent.ThreadPoolExecutor.getTask(ThreadPoolExecutor.java:1074)&#10;        at java.util.concurrent.ThreadPoolExecutor.runWorker(ThreadPoolExecutor.java:1134)&#10;        at java.util.concurrent.ThreadPoolExecutor$Worker.run(ThreadPoolExecutor.java:624)&#10;        at java.lang.Thread.run(Thread.java:748)&#10;&quot;IPC Server Responder&quot; daemon prio=5 tid=19 runnable&#10;java.lang.Thread.State: RUNNABLE&#10;        at sun.nio.ch.EPollArrayWrapper.epollWait(Native Method)&#10;        at sun.nio.ch.EPollArrayWrapper.poll(EPollArrayWrapper.java:269)&#10;        at sun.nio.ch.EPollSelectorImpl.doSelect(EPollSelectorImpl.java:93)&#10;        at sun.nio.ch.SelectorImpl.lockAndDoSelect(SelectorImpl.java:86)&#10;        at sun.nio.ch.SelectorImpl.select(SelectorImpl.java:97)&#10;        at org.apache.hadoop.ipc.Server$Responder.doRunLoop(Server.java:1480)&#10;        at org.apache.hadoop.ipc.Server$Responder.run(Server.java:1463)&#10;&quot;EventQueue-Delayed safe mode statusForSCMPipelineManager&quot;  prio=5 tid=32 in Object.wait()&#10;java.lang.Thread.State: WAITING (on object monitor)&#10;        at sun.misc.Unsafe.park(Native Method)&#10;        at java.util.concurrent.locks.LockSupport.park(LockSupport.java:175)&#10;        at java.util.concurrent.locks.AbstractQueuedSynchronizer$ConditionObject.await(AbstractQueuedSynchronizer.java:2039)&#10;        at java.util.concurrent.LinkedBlockingQueue.take(LinkedBlockingQueue.java:442)&#10;        at java.util.concurrent.ThreadPoolExecutor.getTask(ThreadPoolExecutor.java:1074)&#10;        at java.util.concurrent.ThreadPoolExecutor.runWorker(ThreadPoolExecutor.java:1134)&#10;        at java.util.concurrent.ThreadPoolExecutor$Worker.run(ThreadPoolExecutor.java:624)&#10;        at java.lang.Thread.run(Thread.java:748)&#10;&quot;process reaper&quot; daemon prio=10 tid=11 timed_waiting&#10;java.lang.Thread.State: TIMED_WAITING&#10;        at java.lang.UNIXProcess.waitForProcessExit(Native Method)&#10;        at java.lang.UNIXProcess.lambda$initStreams$3(UNIXProcess.java:289)&#10;        at java.lang.UNIXProcess$$Lambda$7/428640166.run(Unknown Source)&#10;        at java.util.concurrent.ThreadPoolExecutor.runWorker(ThreadPoolExecutor.java:1149)&#10;        at java.util.concurrent.ThreadPoolExecutor$Worker.run(ThreadPoolExecutor.java:624)&#10;        at java.lang.Thread.run(Thread.java:748)&#10;&quot;BlockDeletingService#2&quot; daemon prio=5 tid=357 in Object.wait()&#10;java.lang.Thread.State: WAITING (on object monitor)&#10;        at sun.misc.Unsafe.park(Native Method)&#10;        at java.util.concurrent.locks.LockSupport.park(LockSupport.java:175)&#10;        at java.util.concurrent.locks.AbstractQueuedSynchronizer$ConditionObject.await(AbstractQueuedSynchronizer.java:2039)&#10;        at java.util.concurrent.ScheduledThreadPoolExecutor$DelayedWorkQueue.take(ScheduledThreadPoolExecutor.java:1088)&#10;        at java.util.concurrent.ScheduledThreadPoolExecutor$DelayedWorkQueue.take(ScheduledThreadPoolExecutor.java:809)&#10;        at java.util.concurrent.ThreadPoolExecutor.getTask(ThreadPoolExecutor.java:1074)&#10;        at java.util.concurrent.ThreadPoolExecutor.runWorker(ThreadPoolExecutor.java:1134)&#10;        at java.util.concurrent.ThreadPoolExecutor$Worker.run(ThreadPoolExecutor.java:624)&#10;        at java.lang.Thread.run(Thread.java:748)&#10;&quot;IPC Server handler 16 on default port 39179&quot; daemon prio=5 tid=51 timed_waiting&#10;java.lang.Thread.State: TIMED_WAITING&#10;        at sun.misc.Unsafe.park(Native Method)&#10;        at java.util.concurrent.locks.LockSupport.parkNanos(LockSupport.java:215)&#10;        at java.util.concurrent.locks.AbstractQueuedSynchronizer$ConditionObject.awaitNanos(AbstractQueuedSynchronizer.java:2078)&#10;        at java.util.concurrent.LinkedBlockingQueue.poll(LinkedBlockingQueue.java:467)&#10;        at org.apache.hadoop.ipc.CallQueueManager.take(CallQueueManager.java:295)&#10;        at org.apache.hadoop.ipc.Server$Handler.run(Server.java:2881)&#10;&quot;Thread-207&quot; daemon prio=5 tid=298 timed_waiting&#10;java.lang.Thread.State: TIMED_WAITING&#10;        at sun.misc.Unsafe.park(Native Method)&#10;        at java.util.concurrent.locks.LockSupport.parkNanos(LockSupport.java:215)&#10;        at java.util.concurrent.locks.AbstractQueuedSynchronizer$ConditionObject.awaitNanos(AbstractQueuedSynchronizer.java:2078)&#10;        at java.util.concurrent.ArrayBlockingQueue.poll(ArrayBlockingQueue.java:418)&#10;        at org.apache.ratis.server.impl.LeaderState$EventQueue.poll(LeaderState.java:121)&#10;        at org.apache.ratis.server.impl.LeaderState$EventProcessor.run(LeaderState.java:496)&#10;&quot;IPC Server handler 8 on default port 40641&quot; daemon prio=5 tid=127 timed_waiting&#10;java.lang.Thread.State: TIMED_WAITING&#10;        at sun.misc.Unsafe.park(Native Method)&#10;        at java.util.concurrent.locks.LockSupport.parkNanos(LockSupport.java:215)&#10;        at java.util.concurrent.locks.AbstractQueuedSynchronizer$ConditionObject.awaitNanos(AbstractQueuedSynchronizer.java:2078)&#10;        at java.util.concurrent.LinkedBlockingQueue.poll(LinkedBlockingQueue.java:467)&#10;        at org.apache.hadoop.ipc.CallQueueManager.take(CallQueueManager.java:295)&#10;        at org.apache.hadoop.ipc.Server$Handler.run(Server.java:2881)&#10;&quot;9495edf4-c4c1-498f-b6f3-5b53a0d22e6c@group-5970BB7322FA-SegmentedRaftLogWorker&quot;  prio=5 tid=259 timed_waiting&#10;java.lang.Thread.State: TIMED_WAITING&#10;        at sun.misc.Unsafe.park(Native Method)&#10;        at java.util.concurrent.locks.LockSupport.parkNanos(LockSupport.java:215)&#10;        at java.util.concurrent.locks.AbstractQueuedSynchronizer$ConditionObject.awaitNanos(AbstractQueuedSynchronizer.java:2078)&#10;        at org.apache.ratis.util.DataBlockingQueue.poll(DataBlockingQueue.java:137)&#10;        at org.apache.ratis.server.raftlog.segmented.SegmentedRaftLogWorker.run(SegmentedRaftLogWorker.java:287)&#10;        at java.lang.Thread.run(Thread.java:748)&#10;&quot;IPC Server handler 14 on default port 41043&quot; daemon prio=5 tid=69 timed_waiting&#10;java.lang.Thread.State: TIMED_WAITING&#10;        at sun.misc.Unsafe.park(Native Method)&#10;        at java.util.concurrent.locks.LockSupport.parkNanos(LockSupport.java:215)&#10;        at java.util.concurrent.locks.AbstractQueuedSynchronizer$ConditionObject.awaitNanos(AbstractQueuedSynchronizer.java:2078)&#10;        at java.util.concurrent.LinkedBlockingQueue.poll(LinkedBlockingQueue.java:467)&#10;        at org.apache.hadoop.ipc.CallQueueManager.take(CallQueueManager.java:295)&#10;        at org.apache.hadoop.ipc.Server$Handler.run(Server.java:2881)&#10;&quot;IPC Server handler 8 on default port 41043&quot; daemon prio=5 tid=63 timed_waiting&#10;java.lang.Thread.State: TIMED_WAITING&#10;        at sun.misc.Unsafe.park(Native Method)&#10;        at java.util.concurrent.locks.LockSupport.parkNanos(LockSupport.java:215)&#10;        at java.util.concurrent.locks.AbstractQueuedSynchronizer$ConditionObject.awaitNanos(AbstractQueuedSynchronizer.java:2078)&#10;        at java.util.concurrent.LinkedBlockingQueue.poll(LinkedBlockingQueue.java:467)&#10;        at org.apache.hadoop.ipc.CallQueueManager.take(CallQueueManager.java:295)&#10;        at org.apache.hadoop.ipc.Server$Handler.run(Server.java:2881)&#10;&quot;9495edf4-c4c1-498f-b6f3-5b53a0d22e6c@group-DF8CCA9D97C3-StateMachineUpdater&quot; daemon prio=5 tid=263 in Object.wait()&#10;java.lang.Thread.State: WAITING (on object monitor)&#10;        at java.lang.Object.wait(Native Method)&#10;        at java.lang.Object.wait(Object.java:502)&#10;        at org.apache.ratis.server.impl.StateMachineUpdater.waitForCommit(StateMachineUpdater.java:200)&#10;        at org.apache.ratis.server.impl.StateMachineUpdater.run(StateMachineUpdater.java:165)&#10;        at java.lang.Thread.run(Thread.java:748)&#10;&quot;IPC Server handler 6 on default port 46773&quot; daemon prio=5 tid=81 timed_waiting&#10;java.lang.Thread.State: TIMED_WAITING&#10;        at sun.misc.Unsafe.park(Native Method)&#10;        at java.util.concurrent.locks.LockSupport.parkNanos(LockSupport.java:215)&#10;        at java.util.concurrent.locks.AbstractQueuedSynchronizer$ConditionObject.awaitNanos(AbstractQueuedSynchronizer.java:2078)&#10;        at java.util.concurrent.LinkedBlockingQueue.poll(LinkedBlockingQueue.java:467)&#10;        at org.apache.hadoop.ipc.CallQueueManager.take(CallQueueManager.java:295)&#10;        at org.apache.hadoop.ipc.Server$Handler.run(Server.java:2881)&#10;&quot;IPC Server handler 19 on default port 41043&quot; daemon prio=5 tid=74 timed_waiting&#10;java.lang.Thread.State: TIMED_WAITING&#10;        at sun.misc.Unsafe.park(Native Method)&#10;        at java.util.concurrent.locks.LockSupport.parkNanos(LockSupport.java:215)&#10;        at java.util.concurrent.locks.AbstractQueuedSynchronizer$ConditionObject.awaitNanos(AbstractQueuedSynchronizer.java:2078)&#10;        at java.util.concurrent.LinkedBlockingQueue.poll(LinkedBlockingQueue.java:467)&#10;        at org.apache.hadoop.ipc.CallQueueManager.take(CallQueueManager.java:295)&#10;        at org.apache.hadoop.ipc.Server$Handler.run(Server.java:2881)&#10;&quot;IPC Server handler 7 on default port 39179&quot; daemon prio=5 tid=42 timed_waiting&#10;java.lang.Thread.State: TIMED_WAITING&#10;        at sun.misc.Unsafe.park(Native Method)&#10;        at java.util.concurrent.locks.LockSupport.parkNanos(LockSupport.java:215)&#10;        at java.util.concurrent.locks.AbstractQueuedSynchronizer$ConditionObject.awaitNanos(AbstractQueuedSynchronizer.java:2078)&#10;        at java.util.concurrent.LinkedBlockingQueue.poll(LinkedBlockingQueue.java:467)&#10;        at org.apache.hadoop.ipc.CallQueueManager.take(CallQueueManager.java:295)&#10;        at org.apache.hadoop.ipc.Server$Handler.run(Server.java:2881)&#10;&quot;IPC Server handler 6 on default port 39179&quot; daemon prio=5 tid=41 timed_waiting&#10;java.lang.Thread.State: TIMED_WAITING&#10;        at sun.misc.Unsafe.park(Native Method)&#10;        at java.util.concurrent.locks.LockSupport.parkNanos(LockSupport.java:215)&#10;        at java.util.concurrent.locks.AbstractQueuedSynchronizer$ConditionObject.awaitNanos(AbstractQueuedSynchronizer.java:2078)&#10;        at java.util.concurrent.LinkedBlockingQueue.poll(LinkedBlockingQueue.java:467)&#10;        at org.apache.hadoop.ipc.CallQueueManager.take(CallQueueManager.java:295)&#10;        at org.apache.hadoop.ipc.Server$Handler.run(Server.java:2881)&#10;&quot;qtp2047820764-144&quot; daemon prio=5 tid=144 timed_waiting&#10;java.lang.Thread.State: TIMED_WAITING&#10;        at sun.misc.Unsafe.park(Native Method)&#10;        at java.util.concurrent.locks.LockSupport.parkNanos(LockSupport.java:215)&#10;        at java.util.concurrent.locks.AbstractQueuedSynchronizer$ConditionObject.awaitNanos(AbstractQueuedSynchronizer.java:2078)&#10;        at org.eclipse.jetty.util.BlockingArrayQueue.poll(BlockingArrayQueue.java:382)&#10;        at org.eclipse.jetty.util.thread.QueuedThreadPool$Runner.idleJobPoll(QueuedThreadPool.java:875)&#10;        at org.eclipse.jetty.util.thread.QueuedThreadPool$Runner.run(QueuedThreadPool.java:925)&#10;        at java.lang.Thread.run(Thread.java:748)&#10;&quot;qtp2047820764-143&quot; daemon prio=5 tid=143 timed_waiting&#10;java.lang.Thread.State: TIMED_WAITING&#10;        at sun.misc.Unsafe.park(Native Method)&#10;        at java.util.concurrent.locks.LockSupport.parkNanos(LockSupport.java:215)&#10;        at java.util.concurrent.locks.AbstractQueuedSynchronizer$ConditionObject.awaitNanos(AbstractQueuedSynchronizer.java:2078)&#10;        at org.eclipse.jetty.util.BlockingArrayQueue.poll(BlockingArrayQueue.java:382)&#10;        at org.eclipse.jetty.util.thread.QueuedThreadPool$Runner.idleJobPoll(QueuedThreadPool.java:875)&#10;        at org.eclipse.jetty.util.thread.QueuedThreadPool$Runner.run(QueuedThreadPool.java:925)&#10;        at java.lang.Thread.run(Thread.java:748)&#10;&quot;org.apache.ratis.server.impl.LogAppender$AppenderDaemon$$Lambda$452/383808327@3e09cdd0&quot; daemon prio=5 tid=316 timed_waiting&#10;java.lang.Thread.State: TIMED_WAITING&#10;        at java.lang.Object.wait(Native Method)&#10;        at org.apache.ratis.grpc.server.GrpcLogAppender.mayWait(GrpcLogAppender.java:151)&#10;        at org.apache.ratis.grpc.server.GrpcLogAppender.runAppenderImpl(GrpcLogAppender.java:105)&#10;        at org.apache.ratis.server.impl.LogAppender$AppenderDaemon.run(LogAppender.java:77)&#10;        at org.apache.ratis.server.impl.LogAppender$AppenderDaemon$$Lambda$452/383808327.run(Unknown Source)&#10;        at java.lang.Thread.run(Thread.java:748)&#10;&quot;IPC Server handler 12 on default port 41043&quot; daemon prio=5 tid=67 timed_waiting&#10;java.lang.Thread.State: TIMED_WAITING&#10;        at sun.misc.Unsafe.park(Native Method)&#10;        at java.util.concurrent.locks.LockSupport.parkNanos(LockSupport.java:215)&#10;        at java.util.concurrent.locks.AbstractQueuedSynchronizer$ConditionObject.awaitNanos(AbstractQueuedSynchronizer.java:2078)&#10;        at java.util.concurrent.LinkedBlockingQueue.poll(LinkedBlockingQueue.java:467)&#10;        at org.apache.hadoop.ipc.CallQueueManager.take(CallQueueManager.java:295)&#10;        at org.apache.hadoop.ipc.Server$Handler.run(Server.java:2881)&#10;&quot;454ffaf2-f1cf-4ad5-8579-b0d0dc6569aa@group-B4ABD9B660F0-StateMachineUpdater&quot; daemon prio=5 tid=253 in Object.wait()&#10;java.lang.Thread.State: WAITING (on object monitor)&#10;        at java.lang.Object.wait(Native Method)&#10;        at java.lang.Object.wait(Object.java:502)&#10;        at org.apache.ratis.server.impl.StateMachineUpdater.waitForCommit(StateMachineUpdater.java:200)&#10;        at org.apache.ratis.server.impl.StateMachineUpdater.run(StateMachineUpdater.java:165)&#10;        at java.lang.Thread.run(Thread.java:748)&#10;&quot;Reference Handler&quot; daemon prio=10 tid=2 in Object.wait()&#10;java.lang.Thread.State: WAITING (on object monitor)&#10;        at java.lang.Object.wait(Native Method)&#10;        at java.lang.Object.wait(Object.java:502)&#10;        at java.lang.ref.Reference.tryHandlePending(Reference.java:191)&#10;        at java.lang.ref.Reference$ReferenceHandler.run(Reference.java:153)&#10;&quot;IPC Server Responder&quot; daemon prio=5 tid=27 runnable&#10;java.lang.Thread.State: RUNNABLE&#10;        at sun.nio.ch.EPollArrayWrapper.epollWait(Native Method)&#10;        at sun.nio.ch.EPollArrayWrapper.poll(EPollArrayWrapper.java:269)&#10;        at sun.nio.ch.EPollSelectorImpl.doSelect(EPollSelectorImpl.java:93)&#10;        at sun.nio.ch.SelectorImpl.lockAndDoSelect(SelectorImpl.java:86)&#10;        at sun.nio.ch.SelectorImpl.select(SelectorImpl.java:97)&#10;        at org.apache.hadoop.ipc.Server$Responder.doRunLoop(Server.java:1480)&#10;        at org.apache.hadoop.ipc.Server$Responder.run(Server.java:1463)&#10;&quot;f827eca5-1302-485d-b40a-808f1d3616bb@group-55234961F2D3-StateMachineUpdater&quot; daemon prio=5 tid=267 in Object.wait()&#10;java.lang.Thread.State: WAITING (on object monitor)&#10;        at java.lang.Object.wait(Native Method)&#10;        at java.lang.Object.wait(Object.java:502)&#10;        at org.apache.ratis.server.impl.StateMachineUpdater.waitForCommit(StateMachineUpdater.java:200)&#10;        at org.apache.ratis.server.impl.StateMachineUpdater.run(StateMachineUpdater.java:165)&#10;        at java.lang.Thread.run(Thread.java:748)&#10;&quot;EventQueue-ContainerReportForContainerReportHandler&quot; daemon prio=5 tid=245 in Object.wait()&#10;java.lang.Thread.State: WAITING (on object monitor)&#10;        at sun.misc.Unsafe.park(Native Method)&#10;        at java.util.concurrent.locks.LockSupport.park(LockSupport.java:175)&#10;        at java.util.concurrent.locks.AbstractQueuedSynchronizer$ConditionObject.await(AbstractQueuedSynchronizer.java:2039)&#10;        at java.util.concurrent.LinkedBlockingQueue.take(LinkedBlockingQueue.java:442)&#10;        at java.util.concurrent.ThreadPoolExecutor.getTask(ThreadPoolExecutor.java:1074)&#10;        at java.util.concurrent.ThreadPoolExecutor.runWorker(ThreadPoolExecutor.java:1134)&#10;        at java.util.concurrent.ThreadPoolExecutor$Worker.run(ThreadPoolExecutor.java:624)&#10;        at java.lang.Thread.run(Thread.java:748)&#10;&quot;IPC Server handler 3 on default port 39179&quot; daemon prio=5 tid=38 timed_waiting&#10;java.lang.Thread.State: TIMED_WAITING&#10;        at sun.misc.Unsafe.park(Native Method)&#10;        at java.util.concurrent.locks.LockSupport.parkNanos(LockSupport.java:215)&#10;        at java.util.concurrent.locks.AbstractQueuedSynchronizer$ConditionObject.awaitNanos(AbstractQueuedSynchronizer.java:2078)&#10;        at java.util.concurrent.LinkedBlockingQueue.poll(LinkedBlockingQueue.java:467)&#10;        at org.apache.hadoop.ipc.CallQueueManager.take(CallQueueManager.java:295)&#10;        at org.apache.hadoop.ipc.Server$Handler.run(Server.java:2881)&#10;&quot;Socket Reader #1 for port 0&quot;  prio=5 tid=113 runnable&#10;java.lang.Thread.State: RUNNABLE&#10;        at sun.nio.ch.EPollArrayWrapper.epollWait(Native Method)&#10;        at sun.nio.ch.EPollArrayWrapper.poll(EPollArrayWrapper.java:269)&#10;        at sun.nio.ch.EPollSelectorImpl.doSelect(EPollSelectorImpl.java:93)&#10;        at sun.nio.ch.SelectorImpl.lockAndDoSelect(SelectorImpl.java:86)&#10;        at sun.nio.ch.SelectorImpl.select(SelectorImpl.java:97)&#10;        at sun.nio.ch.SelectorImpl.select(SelectorImpl.java:101)&#10;        at org.apache.hadoop.ipc.Server$Listener$Reader.doRunLoop(Server.java:1242)&#10;        at org.apache.hadoop.ipc.Server$Listener$Reader.run(Server.java:1221)&#10;&quot;grpc-default-executor-4&quot; daemon prio=5 tid=300 timed_waiting&#10;java.lang.Thread.State: TIMED_WAITING&#10;        at sun.misc.Unsafe.park(Native Method)&#10;        at java.util.concurrent.locks.LockSupport.parkNanos(LockSupport.java:215)&#10;        at java.util.concurrent.SynchronousQueue$TransferStack.awaitFulfill(SynchronousQueue.java:460)&#10;        at java.util.concurrent.SynchronousQueue$TransferStack.transfer(SynchronousQueue.java:362)&#10;        at java.util.concurrent.SynchronousQueue.poll(SynchronousQueue.java:941)&#10;        at java.util.concurrent.ThreadPoolExecutor.getTask(ThreadPoolExecutor.java:1073)&#10;        at java.util.concurrent.ThreadPoolExecutor.runWorker(ThreadPoolExecutor.java:1134)&#10;        at java.util.concurrent.ThreadPoolExecutor$Worker.run(ThreadPoolExecutor.java:624)&#10;        at java.lang.Thread.run(Thread.java:748)&#10;&quot;qtp2098720336-102&quot; daemon prio=5 tid=102 timed_waiting&#10;java.lang.Thread.State: TIMED_WAITING&#10;        at sun.misc.Unsafe.park(Native Method)&#10;        at java.util.concurrent.locks.LockSupport.parkNanos(LockSupport.java:215)&#10;        at java.util.concurrent.locks.AbstractQueuedSynchronizer$ConditionObject.awaitNanos(AbstractQueuedSynchronizer.java:2078)&#10;        at org.eclipse.jetty.util.BlockingArrayQueue.poll(BlockingArrayQueue.java:382)&#10;        at org.eclipse.jetty.util.thread.QueuedThreadPool$Runner.idleJobPoll(QueuedThreadPool.java:875)&#10;        at org.eclipse.jetty.util.thread.QueuedThreadPool$Runner.run(QueuedThreadPool.java:925)&#10;        at java.lang.Thread.run(Thread.java:748)&#10;&quot;IPC Server handler 4 on default port 40641&quot; daemon prio=5 tid=123 timed_waiting&#10;java.lang.Thread.State: TIMED_WAITING&#10;        at sun.misc.Unsafe.park(Native Method)&#10;        at java.util.concurrent.locks.LockSupport.parkNanos(LockSupport.java:215)&#10;        at java.util.concurrent.locks.AbstractQueuedSynchronizer$ConditionObject.awaitNanos(AbstractQueuedSynchronizer.java:2078)&#10;        at java.util.concurrent.LinkedBlockingQueue.poll(LinkedBlockingQueue.java:467)&#10;        at org.apache.hadoop.ipc.CallQueueManager.take(CallQueueManager.java:295)&#10;        at org.apache.hadoop.ipc.Server$Handler.run(Server.java:2881)&#10;&#10;" type="java.util.concurrent.TimeoutException">java.util.concurrent.TimeoutException: 
Timed out waiting for condition. Thread diagnostics:
Timestamp: 2020-06-02 10:44:19,815

"qtp2009931623-208" daemon prio=5 tid=208 timed_waiting
java.lang.Thread.State: TIMED_WAITING
        at sun.misc.Unsafe.park(Native Method)
        at java.util.concurrent.locks.LockSupport.parkNanos(LockSupport.java:215)
        at java.util.concurrent.locks.AbstractQueuedSynchronizer$ConditionObject.awaitNanos(AbstractQueuedSynchronizer.java:2078)
        at org.eclipse.jetty.util.BlockingArrayQueue.poll(BlockingArrayQueue.java:382)
        at org.eclipse.jetty.util.thread.QueuedThreadPool$Runner.idleJobPoll(QueuedThreadPool.java:875)
        at org.eclipse.jetty.util.thread.QueuedThreadPool$Runner.run(QueuedThreadPool.java:925)
        at java.lang.Thread.run(Thread.java:748)
"Timer-0"  prio=5 tid=117 timed_waiting
java.lang.Thread.State: TIMED_WAITING
        at java.lang.Object.wait(Native Method)
        at java.util.TimerThread.mainLoop(Timer.java:552)
        at java.util.TimerThread.run(Timer.java:505)
"IPC Server handler 8 on default port 46773" daemon prio=5 tid=83 timed_waiting
java.lang.Thread.State: TIMED_WAITING
        at sun.misc.Unsafe.park(Native Method)
        at java.util.concurrent.locks.LockSupport.parkNanos(LockSupport.java:215)
        at java.util.concurrent.locks.AbstractQueuedSynchronizer$ConditionObject.awaitNanos(AbstractQueuedSynchronizer.java:2078)
        at java.util.concurrent.LinkedBlockingQueue.poll(LinkedBlockingQueue.java:467)
        at org.apache.hadoop.ipc.CallQueueManager.take(CallQueueManager.java:295)
        at org.apache.hadoop.ipc.Server$Handler.run(Server.java:2881)
"BlockDeletingService#1" daemon prio=5 tid=243 timed_waiting
java.lang.Thread.State: TIMED_WAITING
        at sun.misc.Unsafe.park(Native Method)
        at java.util.concurrent.locks.LockSupport.parkNanos(LockSupport.java:215)
        at java.util.concurrent.locks.AbstractQueuedSynchronizer$ConditionObject.awaitNanos(AbstractQueuedSynchronizer.java:2078)
        at java.util.concurrent.ScheduledThreadPoolExecutor$DelayedWorkQueue.take(ScheduledThreadPoolExecutor.java:1093)
        at java.util.concurrent.ScheduledThreadPoolExecutor$DelayedWorkQueue.take(ScheduledThreadPoolExecutor.java:809)
        at java.util.concurrent.ThreadPoolExecutor.getTask(ThreadPoolExecutor.java:1074)
        at java.util.concurrent.ThreadPoolExecutor.runWorker(ThreadPoolExecutor.java:1134)
        at java.util.concurrent.ThreadPoolExecutor$Worker.run(ThreadPoolExecutor.java:624)
        at java.lang.Thread.run(Thread.java:748)
"IPC Server handler 12 on default port 46773" daemon prio=5 tid=87 timed_waiting
java.lang.Thread.State: TIMED_WAITING
        at sun.misc.Unsafe.park(Native Method)
        at java.util.concurrent.locks.LockSupport.parkNanos(LockSupport.java:215)
        at java.util.concurrent.locks.AbstractQueuedSynchronizer$ConditionObject.awaitNanos(AbstractQueuedSynchronizer.java:2078)
        at java.util.concurrent.LinkedBlockingQueue.poll(LinkedBlockingQueue.java:467)
        at org.apache.hadoop.ipc.CallQueueManager.take(CallQueueManager.java:295)
        at org.apache.hadoop.ipc.Server$Handler.run(Server.java:2881)
"IPC Server handler 18 on default port 41043" daemon prio=5 tid=73 timed_waiting
java.lang.Thread.State: TIMED_WAITING
        at sun.misc.Unsafe.park(Native Method)
        at java.util.concurrent.locks.LockSupport.parkNanos(LockSupport.java:215)
        at java.util.concurrent.locks.AbstractQueuedSynchronizer$ConditionObject.awaitNanos(AbstractQueuedSynchronizer.java:2078)
        at java.util.concurrent.LinkedBlockingQueue.poll(LinkedBlockingQueue.java:467)
        at org.apache.hadoop.ipc.CallQueueManager.take(CallQueueManager.java:295)
        at org.apache.hadoop.ipc.Server$Handler.run(Server.java:2881)
"IPC Server handler 2 on default port 41043" daemon prio=5 tid=57 timed_waiting
java.lang.Thread.State: TIMED_WAITING
        at sun.misc.Unsafe.park(Native Method)
        at java.util.concurrent.locks.LockSupport.parkNanos(LockSupport.java:215)
        at java.util.concurrent.locks.AbstractQueuedSynchronizer$ConditionObject.awaitNanos(AbstractQueuedSynchronizer.java:2078)
        at java.util.concurrent.LinkedBlockingQueue.poll(LinkedBlockingQueue.java:467)
        at org.apache.hadoop.ipc.CallQueueManager.take(CallQueueManager.java:295)
        at org.apache.hadoop.ipc.Server$Handler.run(Server.java:2881)
"Datanode ReportManager Thread - 1" daemon prio=5 tid=218 in Object.wait()
java.lang.Thread.State: WAITING (on object monitor)
        at sun.misc.Unsafe.park(Native Method)
        at java.util.concurrent.locks.LockSupport.park(LockSupport.java:175)
        at java.util.concurrent.locks.AbstractQueuedSynchronizer$ConditionObject.await(AbstractQueuedSynchronizer.java:2039)
        at java.util.concurrent.ScheduledThreadPoolExecutor$DelayedWorkQueue.take(ScheduledThreadPoolExecutor.java:1088)
        at java.util.concurrent.ScheduledThreadPoolExecutor$DelayedWorkQueue.take(ScheduledThreadPoolExecutor.java:809)
        at java.util.concurrent.ThreadPoolExecutor.getTask(ThreadPoolExecutor.java:1074)
        at java.util.concurrent.ThreadPoolExecutor.runWorker(ThreadPoolExecutor.java:1134)
        at java.util.concurrent.ThreadPoolExecutor$Worker.run(ThreadPoolExecutor.java:624)
        at java.lang.Thread.run(Thread.java:748)
"Datanode ReportManager Thread - 2" daemon prio=5 tid=199 timed_waiting
java.lang.Thread.State: TIMED_WAITING
        at sun.misc.Unsafe.park(Native Method)
        at java.util.concurrent.locks.LockSupport.parkNanos(LockSupport.java:215)
        at java.util.concurrent.locks.AbstractQueuedSynchronizer$ConditionObject.awaitNanos(AbstractQueuedSynchronizer.java:2078)
        at java.util.concurrent.ScheduledThreadPoolExecutor$DelayedWorkQueue.take(ScheduledThreadPoolExecutor.java:1093)
        at java.util.concurrent.ScheduledThreadPoolExecutor$DelayedWorkQueue.take(ScheduledThreadPoolExecutor.java:809)
        at java.util.concurrent.ThreadPoolExecutor.getTask(ThreadPoolExecutor.java:1074)
        at java.util.concurrent.ThreadPoolExecutor.runWorker(ThreadPoolExecutor.java:1134)
        at java.util.concurrent.ThreadPoolExecutor$Worker.run(ThreadPoolExecutor.java:624)
        at java.lang.Thread.run(Thread.java:748)
"IPC Server handler 11 on default port 46773" daemon prio=5 tid=86 timed_waiting
java.lang.Thread.State: TIMED_WAITING
        at sun.misc.Unsafe.park(Native Method)
        at java.util.concurrent.locks.LockSupport.parkNanos(LockSupport.java:215)
        at java.util.concurrent.locks.AbstractQueuedSynchronizer$ConditionObject.awaitNanos(AbstractQueuedSynchronizer.java:2078)
        at java.util.concurrent.LinkedBlockingQueue.poll(LinkedBlockingQueue.java:467)
        at org.apache.hadoop.ipc.CallQueueManager.take(CallQueueManager.java:295)
        at org.apache.hadoop.ipc.Server$Handler.run(Server.java:2881)
"Periodic HDDS volume checker" daemon prio=5 tid=196 timed_waiting
java.lang.Thread.State: TIMED_WAITING
        at sun.misc.Unsafe.park(Native Method)
        at java.util.concurrent.locks.LockSupport.parkNanos(LockSupport.java:215)
        at java.util.concurrent.locks.AbstractQueuedSynchronizer$ConditionObject.awaitNanos(AbstractQueuedSynchronizer.java:2078)
        at java.util.concurrent.ScheduledThreadPoolExecutor$DelayedWorkQueue.take(ScheduledThreadPoolExecutor.java:1093)
        at java.util.concurrent.ScheduledThreadPoolExecutor$DelayedWorkQueue.take(ScheduledThreadPoolExecutor.java:809)
        at java.util.concurrent.ThreadPoolExecutor.getTask(ThreadPoolExecutor.java:1074)
        at java.util.concurrent.ThreadPoolExecutor.runWorker(ThreadPoolExecutor.java:1134)
        at java.util.concurrent.ThreadPoolExecutor$Worker.run(ThreadPoolExecutor.java:624)
        at java.lang.Thread.run(Thread.java:748)
"IPC Server idle connection scanner for port 39179" daemon prio=5 tid=26 timed_waiting
java.lang.Thread.State: TIMED_WAITING
        at java.lang.Object.wait(Native Method)
        at java.util.TimerThread.mainLoop(Timer.java:552)
        at java.util.TimerThread.run(Timer.java:505)
"qtp1029385246-189" daemon prio=5 tid=189 timed_waiting
java.lang.Thread.State: TIMED_WAITING
        at sun.misc.Unsafe.park(Native Method)
        at java.util.concurrent.locks.LockSupport.parkNanos(LockSupport.java:215)
        at java.util.concurrent.locks.AbstractQueuedSynchronizer$ConditionObject.awaitNanos(AbstractQueuedSynchronizer.java:2078)
        at org.eclipse.jetty.util.BlockingArrayQueue.poll(BlockingArrayQueue.java:382)
        at org.eclipse.jetty.util.thread.QueuedThreadPool$Runner.idleJobPoll(QueuedThreadPool.java:875)
        at org.eclipse.jetty.util.thread.QueuedThreadPool$Runner.run(QueuedThreadPool.java:925)
        at java.lang.Thread.run(Thread.java:748)
"IPC Server handler 15 on default port 46773" daemon prio=5 tid=90 timed_waiting
java.lang.Thread.State: TIMED_WAITING
        at sun.misc.Unsafe.park(Native Method)
        at java.util.concurrent.locks.LockSupport.parkNanos(LockSupport.java:215)
        at java.util.concurrent.locks.AbstractQueuedSynchronizer$ConditionObject.awaitNanos(AbstractQueuedSynchronizer.java:2078)
        at java.util.concurrent.LinkedBlockingQueue.poll(LinkedBlockingQueue.java:467)
        at org.apache.hadoop.ipc.CallQueueManager.take(CallQueueManager.java:295)
        at org.apache.hadoop.ipc.Server$Handler.run(Server.java:2881)
"Datanode ReportManager Thread - 2" daemon prio=5 tid=175 in Object.wait()
java.lang.Thread.State: WAITING (on object monitor)
        at sun.misc.Unsafe.park(Native Method)
        at java.util.concurrent.locks.LockSupport.park(LockSupport.java:175)
        at java.util.concurrent.locks.AbstractQueuedSynchronizer$ConditionObject.await(AbstractQueuedSynchronizer.java:2039)
        at java.util.concurrent.ScheduledThreadPoolExecutor$DelayedWorkQueue.take(ScheduledThreadPoolExecutor.java:1088)
        at java.util.concurrent.ScheduledThreadPoolExecutor$DelayedWorkQueue.take(ScheduledThreadPoolExecutor.java:809)
        at java.util.concurrent.ThreadPoolExecutor.getTask(ThreadPoolExecutor.java:1074)
        at java.util.concurrent.ThreadPoolExecutor.runWorker(ThreadPoolExecutor.java:1134)
        at java.util.concurrent.ThreadPoolExecutor$Worker.run(ThreadPoolExecutor.java:624)
        at java.lang.Thread.run(Thread.java:748)
"IPC Server Responder" daemon prio=5 tid=115 runnable
java.lang.Thread.State: RUNNABLE
        at sun.nio.ch.EPollArrayWrapper.epollWait(Native Method)
        at sun.nio.ch.EPollArrayWrapper.poll(EPollArrayWrapper.java:269)
        at sun.nio.ch.EPollSelectorImpl.doSelect(EPollSelectorImpl.java:93)
        at sun.nio.ch.SelectorImpl.lockAndDoSelect(SelectorImpl.java:86)
        at sun.nio.ch.SelectorImpl.select(SelectorImpl.java:97)
        at org.apache.hadoop.ipc.Server$Responder.doRunLoop(Server.java:1480)
        at org.apache.hadoop.ipc.Server$Responder.run(Server.java:1463)
"IPC Server handler 2 on default port 40641" daemon prio=5 tid=121 timed_waiting
java.lang.Thread.State: TIMED_WAITING
        at sun.misc.Unsafe.park(Native Method)
        at java.util.concurrent.locks.LockSupport.parkNanos(LockSupport.java:215)
        at java.util.concurrent.locks.AbstractQueuedSynchronizer$ConditionObject.awaitNanos(AbstractQueuedSynchronizer.java:2078)
        at java.util.concurrent.LinkedBlockingQueue.poll(LinkedBlockingQueue.java:467)
        at org.apache.hadoop.ipc.CallQueueManager.take(CallQueueManager.java:295)
        at org.apache.hadoop.ipc.Server$Handler.run(Server.java:2881)
"qtp1029385246-186" daemon prio=5 tid=186 timed_waiting
java.lang.Thread.State: TIMED_WAITING
        at sun.misc.Unsafe.park(Native Method)
        at java.util.concurrent.locks.LockSupport.parkNanos(LockSupport.java:215)
        at java.util.concurrent.locks.AbstractQueuedSynchronizer$ConditionObject.awaitNanos(AbstractQueuedSynchronizer.java:2078)
        at org.eclipse.jetty.util.BlockingArrayQueue.poll(BlockingArrayQueue.java:382)
        at org.eclipse.jetty.util.thread.QueuedThreadPool$Runner.idleJobPoll(QueuedThreadPool.java:875)
        at org.eclipse.jetty.util.thread.QueuedThreadPool$Runner.run(QueuedThreadPool.java:925)
        at java.lang.Thread.run(Thread.java:748)
"IPC Server handler 11 on default port 39179" daemon prio=5 tid=46 timed_waiting
java.lang.Thread.State: TIMED_WAITING
        at sun.misc.Unsafe.park(Native Method)
        at java.util.concurrent.locks.LockSupport.parkNanos(LockSupport.java:215)
        at java.util.concurrent.locks.AbstractQueuedSynchronizer$ConditionObject.awaitNanos(AbstractQueuedSynchronizer.java:2078)
        at java.util.concurrent.LinkedBlockingQueue.poll(LinkedBlockingQueue.java:467)
        at org.apache.hadoop.ipc.CallQueueManager.take(CallQueueManager.java:295)
        at org.apache.hadoop.ipc.Server$Handler.run(Server.java:2881)
"EventQueue-NewNodeForNewNodeHandler" daemon prio=5 tid=244 in Object.wait()
java.lang.Thread.State: WAITING (on object monitor)
        at sun.misc.Unsafe.park(Native Method)
        at java.util.concurrent.locks.LockSupport.park(LockSupport.java:175)
        at java.util.concurrent.locks.AbstractQueuedSynchronizer$ConditionObject.await(AbstractQueuedSynchronizer.java:2039)
        at java.util.concurrent.LinkedBlockingQueue.take(LinkedBlockingQueue.java:442)
        at java.util.concurrent.ThreadPoolExecutor.getTask(ThreadPoolExecutor.java:1074)
        at java.util.concurrent.ThreadPoolExecutor.runWorker(ThreadPoolExecutor.java:1134)
        at java.util.concurrent.ThreadPoolExecutor$Worker.run(ThreadPoolExecutor.java:624)
        at java.lang.Thread.run(Thread.java:748)
"Command processor thread" daemon prio=5 tid=221 runnable
java.lang.Thread.State: RUNNABLE
        at org.apache.hadoop.ozone.container.common.statemachine.DatanodeStateMachine.lambda$initCommandHandlerThread$1(DatanodeStateMachine.java:472)
        at org.apache.hadoop.ozone.container.common.statemachine.DatanodeStateMachine$$Lambda$171/38896440.run(Unknown Source)
        at java.lang.Thread.run(Thread.java:748)
"Thread-194" daemon prio=5 tid=285 timed_waiting
java.lang.Thread.State: TIMED_WAITING
        at sun.misc.Unsafe.park(Native Method)
        at java.util.concurrent.locks.LockSupport.parkNanos(LockSupport.java:215)
        at java.util.concurrent.locks.AbstractQueuedSynchronizer$ConditionObject.awaitNanos(AbstractQueuedSynchronizer.java:2078)
        at java.util.concurrent.ArrayBlockingQueue.poll(ArrayBlockingQueue.java:418)
        at org.apache.ratis.server.impl.LeaderState$EventQueue.poll(LeaderState.java:121)
        at org.apache.ratis.server.impl.LeaderState$EventProcessor.run(LeaderState.java:496)
"IPC Server handler 5 on default port 40641" daemon prio=5 tid=124 timed_waiting
java.lang.Thread.State: TIMED_WAITING
        at sun.misc.Unsafe.park(Native Method)
        at java.util.concurrent.locks.LockSupport.parkNanos(LockSupport.java:215)
        at java.util.concurrent.locks.AbstractQueuedSynchronizer$ConditionObject.awaitNanos(AbstractQueuedSynchronizer.java:2078)
        at java.util.concurrent.LinkedBlockingQueue.poll(LinkedBlockingQueue.java:467)
        at org.apache.hadoop.ipc.CallQueueManager.take(CallQueueManager.java:295)
        at org.apache.hadoop.ipc.Server$Handler.run(Server.java:2881)
"EventQueue-PipelineReportForPipelineReportHandler" daemon prio=5 tid=248 in Object.wait()
java.lang.Thread.State: WAITING (on object monitor)
        at sun.misc.Unsafe.park(Native Method)
        at java.util.concurrent.locks.LockSupport.park(LockSupport.java:175)
        at java.util.concurrent.locks.AbstractQueuedSynchronizer$ConditionObject.await(AbstractQueuedSynchronizer.java:2039)
        at java.util.concurrent.LinkedBlockingQueue.take(LinkedBlockingQueue.java:442)
        at java.util.concurrent.ThreadPoolExecutor.getTask(ThreadPoolExecutor.java:1074)
        at java.util.concurrent.ThreadPoolExecutor.runWorker(ThreadPoolExecutor.java:1134)
        at java.util.concurrent.ThreadPoolExecutor$Worker.run(ThreadPoolExecutor.java:624)
        at java.lang.Thread.run(Thread.java:748)
"ChunkWriter-2-0" daemon prio=5 tid=227 in Object.wait()
java.lang.Thread.State: WAITING (on object monitor)
        at sun.misc.Unsafe.park(Native Method)
        at java.util.concurrent.locks.LockSupport.park(LockSupport.java:175)
        at java.util.concurrent.locks.AbstractQueuedSynchronizer$ConditionObject.await(AbstractQueuedSynchronizer.java:2039)
        at java.util.concurrent.LinkedBlockingDeque.takeFirst(LinkedBlockingDeque.java:492)
        at java.util.concurrent.LinkedBlockingDeque.take(LinkedBlockingDeque.java:680)
        at java.util.concurrent.ThreadPoolExecutor.getTask(ThreadPoolExecutor.java:1074)
        at java.util.concurrent.ThreadPoolExecutor.runWorker(ThreadPoolExecutor.java:1134)
        at java.util.concurrent.ThreadPoolExecutor$Worker.run(ThreadPoolExecutor.java:624)
        at java.lang.Thread.run(Thread.java:748)
"EventQueue-DatanodeCommandForSCMNodeManager"  prio=5 tid=249 in Object.wait()
java.lang.Thread.State: WAITING (on object monitor)
        at sun.misc.Unsafe.park(Native Method)
        at java.util.concurrent.locks.LockSupport.park(LockSupport.java:175)
        at java.util.concurrent.locks.AbstractQueuedSynchronizer$ConditionObject.await(AbstractQueuedSynchronizer.java:2039)
        at java.util.concurrent.LinkedBlockingQueue.take(LinkedBlockingQueue.java:442)
        at java.util.concurrent.ThreadPoolExecutor.getTask(ThreadPoolExecutor.java:1074)
        at java.util.concurrent.ThreadPoolExecutor.runWorker(ThreadPoolExecutor.java:1134)
        at java.util.concurrent.ThreadPoolExecutor$Worker.run(ThreadPoolExecutor.java:624)
        at java.lang.Thread.run(Thread.java:748)
"qtp2098720336-100" daemon prio=5 tid=100 timed_waiting
java.lang.Thread.State: TIMED_WAITING
        at sun.misc.Unsafe.park(Native Method)
        at java.util.concurrent.locks.LockSupport.parkNanos(LockSupport.java:215)
        at java.util.concurrent.locks.AbstractQueuedSynchronizer$ConditionObject.awaitNanos(AbstractQueuedSynchronizer.java:2078)
        at org.eclipse.jetty.util.BlockingArrayQueue.poll(BlockingArrayQueue.java:382)
        at org.eclipse.jetty.util.thread.QueuedThreadPool$Runner.idleJobPoll(QueuedThreadPool.java:875)
        at org.eclipse.jetty.util.thread.QueuedThreadPool$Runner.run(QueuedThreadPool.java:925)
        at java.lang.Thread.run(Thread.java:748)
"pool-55-thread-1"  prio=5 tid=181 timed_waiting
java.lang.Thread.State: TIMED_WAITING
        at sun.misc.Unsafe.park(Native Method)
        at java.util.concurrent.locks.LockSupport.parkNanos(LockSupport.java:215)
        at java.util.concurrent.locks.AbstractQueuedSynchronizer$ConditionObject.awaitNanos(AbstractQueuedSynchronizer.java:2078)
        at java.util.concurrent.ScheduledThreadPoolExecutor$DelayedWorkQueue.take(ScheduledThreadPoolExecutor.java:1093)
        at java.util.concurrent.ScheduledThreadPoolExecutor$DelayedWorkQueue.take(ScheduledThreadPoolExecutor.java:809)
        at java.util.concurrent.ThreadPoolExecutor.getTask(ThreadPoolExecutor.java:1074)
        at java.util.concurrent.ThreadPoolExecutor.runWorker(ThreadPoolExecutor.java:1134)
        at java.util.concurrent.ThreadPoolExecutor$Worker.run(ThreadPoolExecutor.java:624)
        at java.lang.Thread.run(Thread.java:748)
"IPC Server handler 13 on default port 41043" daemon prio=5 tid=68 timed_waiting
java.lang.Thread.State: TIMED_WAITING
        at sun.misc.Unsafe.park(Native Method)
        at java.util.concurrent.locks.LockSupport.parkNanos(LockSupport.java:215)
        at java.util.concurrent.locks.AbstractQueuedSynchronizer$ConditionObject.awaitNanos(AbstractQueuedSynchronizer.java:2078)
        at java.util.concurrent.LinkedBlockingQueue.poll(LinkedBlockingQueue.java:467)
        at org.apache.hadoop.ipc.CallQueueManager.take(CallQueueManager.java:295)
        at org.apache.hadoop.ipc.Server$Handler.run(Server.java:2881)
"Datanode ReportManager Thread - 0" daemon prio=5 tid=193 in Object.wait()
java.lang.Thread.State: WAITING (on object monitor)
        at sun.misc.Unsafe.park(Native Method)
        at java.util.concurrent.locks.LockSupport.park(LockSupport.java:175)
        at java.util.concurrent.locks.AbstractQueuedSynchronizer$ConditionObject.await(AbstractQueuedSynchronizer.java:2039)
        at java.util.concurrent.ScheduledThreadPoolExecutor$DelayedWorkQueue.take(ScheduledThreadPoolExecutor.java:1088)
        at java.util.concurrent.ScheduledThreadPoolExecutor$DelayedWorkQueue.take(ScheduledThreadPoolExecutor.java:809)
        at java.util.concurrent.ThreadPoolExecutor.getTask(ThreadPoolExecutor.java:1074)
        at java.util.concurrent.ThreadPoolExecutor.runWorker(ThreadPoolExecutor.java:1134)
        at java.util.concurrent.ThreadPoolExecutor$Worker.run(ThreadPoolExecutor.java:624)
        at java.lang.Thread.run(Thread.java:748)
"IPC Server handler 1 on default port 40641" daemon prio=5 tid=120 timed_waiting
java.lang.Thread.State: TIMED_WAITING
        at sun.misc.Unsafe.park(Native Method)
        at java.util.concurrent.locks.LockSupport.parkNanos(LockSupport.java:215)
        at java.util.concurrent.locks.AbstractQueuedSynchronizer$ConditionObject.awaitNanos(AbstractQueuedSynchronizer.java:2078)
        at java.util.concurrent.LinkedBlockingQueue.poll(LinkedBlockingQueue.java:467)
        at org.apache.hadoop.ipc.CallQueueManager.take(CallQueueManager.java:295)
        at org.apache.hadoop.ipc.Server$Handler.run(Server.java:2881)
"Datanode ReportManager Thread - 2" daemon prio=5 tid=219 timed_waiting
java.lang.Thread.State: TIMED_WAITING
        at sun.misc.Unsafe.park(Native Method)
        at java.util.concurrent.locks.LockSupport.parkNanos(LockSupport.java:215)
        at java.util.concurrent.locks.AbstractQueuedSynchronizer$ConditionObject.awaitNanos(AbstractQueuedSynchronizer.java:2078)
        at java.util.concurrent.ScheduledThreadPoolExecutor$DelayedWorkQueue.take(ScheduledThreadPoolExecutor.java:1093)
        at java.util.concurrent.ScheduledThreadPoolExecutor$DelayedWorkQueue.take(ScheduledThreadPoolExecutor.java:809)
        at java.util.concurrent.ThreadPoolExecutor.getTask(ThreadPoolExecutor.java:1074)
        at java.util.concurrent.ThreadPoolExecutor.runWorker(ThreadPoolExecutor.java:1134)
        at java.util.concurrent.ThreadPoolExecutor$Worker.run(ThreadPoolExecutor.java:624)
        at java.lang.Thread.run(Thread.java:748)
"IPC Server handler 3 on default port 41043" daemon prio=5 tid=58 timed_waiting
java.lang.Thread.State: TIMED_WAITING
        at sun.misc.Unsafe.park(Native Method)
        at java.util.concurrent.locks.LockSupport.parkNanos(LockSupport.java:215)
        at java.util.concurrent.locks.AbstractQueuedSynchronizer$ConditionObject.awaitNanos(AbstractQueuedSynchronizer.java:2078)
        at java.util.concurrent.LinkedBlockingQueue.poll(LinkedBlockingQueue.java:467)
        at org.apache.hadoop.ipc.CallQueueManager.take(CallQueueManager.java:295)
        at org.apache.hadoop.ipc.Server$Handler.run(Server.java:2881)
"ChunkWriter-0-0" daemon prio=5 tid=232 in Object.wait()
java.lang.Thread.State: WAITING (on object monitor)
        at sun.misc.Unsafe.park(Native Method)
        at java.util.concurrent.locks.LockSupport.park(LockSupport.java:175)
        at java.util.concurrent.locks.AbstractQueuedSynchronizer$ConditionObject.await(AbstractQueuedSynchronizer.java:2039)
        at java.util.concurrent.LinkedBlockingDeque.takeFirst(LinkedBlockingDeque.java:492)
        at java.util.concurrent.LinkedBlockingDeque.take(LinkedBlockingDeque.java:680)
        at java.util.concurrent.ThreadPoolExecutor.getTask(ThreadPoolExecutor.java:1074)
        at java.util.concurrent.ThreadPoolExecutor.runWorker(ThreadPoolExecutor.java:1134)
        at java.util.concurrent.ThreadPoolExecutor$Worker.run(ThreadPoolExecutor.java:624)
        at java.lang.Thread.run(Thread.java:748)
"Command processor thread" daemon prio=5 tid=201 runnable
java.lang.Thread.State: RUNNABLE
        at org.apache.hadoop.ozone.container.common.statemachine.DatanodeStateMachine.lambda$initCommandHandlerThread$1(DatanodeStateMachine.java:472)
        at org.apache.hadoop.ozone.container.common.statemachine.DatanodeStateMachine$$Lambda$171/38896440.run(Unknown Source)
        at java.lang.Thread.run(Thread.java:748)
"Socket Reader #1 for port 0"  prio=5 tid=17 runnable
java.lang.Thread.State: RUNNABLE
        at sun.nio.ch.EPollArrayWrapper.epollWait(Native Method)
        at sun.nio.ch.EPollArrayWrapper.poll(EPollArrayWrapper.java:269)
        at sun.nio.ch.EPollSelectorImpl.doSelect(EPollSelectorImpl.java:93)
        at sun.nio.ch.SelectorImpl.lockAndDoSelect(SelectorImpl.java:86)
        at sun.nio.ch.SelectorImpl.select(SelectorImpl.java:97)
        at sun.nio.ch.SelectorImpl.select(SelectorImpl.java:101)
        at org.apache.hadoop.ipc.Server$Listener$Reader.doRunLoop(Server.java:1242)
        at org.apache.hadoop.ipc.Server$Listener$Reader.run(Server.java:1221)
"IPC Server handler 16 on default port 46773" daemon prio=5 tid=91 timed_waiting
java.lang.Thread.State: TIMED_WAITING
        at sun.misc.Unsafe.park(Native Method)
        at java.util.concurrent.locks.LockSupport.parkNanos(LockSupport.java:215)
        at java.util.concurrent.locks.AbstractQueuedSynchronizer$ConditionObject.awaitNanos(AbstractQueuedSynchronizer.java:2078)
        at java.util.concurrent.LinkedBlockingQueue.poll(LinkedBlockingQueue.java:467)
        at org.apache.hadoop.ipc.CallQueueManager.take(CallQueueManager.java:295)
        at org.apache.hadoop.ipc.Server$Handler.run(Server.java:2881)
"qtp1029385246-185" daemon prio=5 tid=185 timed_waiting
java.lang.Thread.State: TIMED_WAITING
        at sun.misc.Unsafe.park(Native Method)
        at java.util.concurrent.locks.LockSupport.parkNanos(LockSupport.java:215)
        at java.util.concurrent.locks.AbstractQueuedSynchronizer$ConditionObject.awaitNanos(AbstractQueuedSynchronizer.java:2078)
        at org.eclipse.jetty.util.BlockingArrayQueue.poll(BlockingArrayQueue.java:382)
        at org.eclipse.jetty.util.thread.QueuedThreadPool$Runner.idleJobPoll(QueuedThreadPool.java:875)
        at org.eclipse.jetty.util.thread.QueuedThreadPool$Runner.run(QueuedThreadPool.java:925)
        at java.lang.Thread.run(Thread.java:748)
"IPC Server handler 5 on default port 46773" daemon prio=5 tid=80 timed_waiting
java.lang.Thread.State: TIMED_WAITING
        at sun.misc.Unsafe.park(Native Method)
        at java.util.concurrent.locks.LockSupport.parkNanos(LockSupport.java:215)
        at java.util.concurrent.locks.AbstractQueuedSynchronizer$ConditionObject.awaitNanos(AbstractQueuedSynchronizer.java:2078)
        at java.util.concurrent.LinkedBlockingQueue.poll(LinkedBlockingQueue.java:467)
        at org.apache.hadoop.ipc.CallQueueManager.take(CallQueueManager.java:295)
        at org.apache.hadoop.ipc.Server$Handler.run(Server.java:2881)
"454ffaf2-f1cf-4ad5-8579-b0d0dc6569aa@group-DF8CCA9D97C3-SegmentedRaftLogWorker"  prio=5 tid=255 timed_waiting
java.lang.Thread.State: TIMED_WAITING
        at sun.misc.Unsafe.park(Native Method)
        at java.util.concurrent.locks.LockSupport.parkNanos(LockSupport.java:215)
        at java.util.concurrent.locks.AbstractQueuedSynchronizer$ConditionObject.awaitNanos(AbstractQueuedSynchronizer.java:2078)
        at org.apache.ratis.util.DataBlockingQueue.poll(DataBlockingQueue.java:137)
        at org.apache.ratis.server.raftlog.segmented.SegmentedRaftLogWorker.run(SegmentedRaftLogWorker.java:287)
        at java.lang.Thread.run(Thread.java:748)
"grpc-default-executor-3" daemon prio=5 tid=299 timed_waiting
java.lang.Thread.State: TIMED_WAITING
        at sun.misc.Unsafe.park(Native Method)
        at java.util.concurrent.locks.LockSupport.parkNanos(LockSupport.java:215)
        at java.util.concurrent.SynchronousQueue$TransferStack.awaitFulfill(SynchronousQueue.java:460)
        at java.util.concurrent.SynchronousQueue$TransferStack.transfer(SynchronousQueue.java:362)
        at java.util.concurrent.SynchronousQueue.poll(SynchronousQueue.java:941)
        at java.util.concurrent.ThreadPoolExecutor.getTask(ThreadPoolExecutor.java:1073)
        at java.util.concurrent.ThreadPoolExecutor.runWorker(ThreadPoolExecutor.java:1134)
        at java.util.concurrent.ThreadPoolExecutor$Worker.run(ThreadPoolExecutor.java:624)
        at java.lang.Thread.run(Thread.java:748)
"grpc-nio-worker-ELG-3-1" daemon prio=5 tid=272 runnable
java.lang.Thread.State: RUNNABLE
        at sun.nio.ch.EPollArrayWrapper.epollWait(Native Method)
        at sun.nio.ch.EPollArrayWrapper.poll(EPollArrayWrapper.java:269)
        at sun.nio.ch.EPollSelectorImpl.doSelect(EPollSelectorImpl.java:93)
        at sun.nio.ch.SelectorImpl.lockAndDoSelect(SelectorImpl.java:86)
        at sun.nio.ch.SelectorImpl.select(SelectorImpl.java:97)
        at org.apache.ratis.thirdparty.io.netty.channel.nio.SelectedSelectionKeySetSelector.select(SelectedSelectionKeySetSelector.java:62)
        at org.apache.ratis.thirdparty.io.netty.channel.nio.NioEventLoop.select(NioEventLoop.java:807)
        at org.apache.ratis.thirdparty.io.netty.channel.nio.NioEventLoop.run(NioEventLoop.java:457)
        at org.apache.ratis.thirdparty.io.netty.util.concurrent.SingleThreadEventExecutor$4.run(SingleThreadEventExecutor.java:989)
        at org.apache.ratis.thirdparty.io.netty.util.internal.ThreadExecutorMap$2.run(ThreadExecutorMap.java:74)
        at org.apache.ratis.thirdparty.io.netty.util.concurrent.FastThreadLocalRunnable.run(FastThreadLocalRunnable.java:30)
        at java.lang.Thread.run(Thread.java:748)
"IPC Server handler 16 on default port 41043" daemon prio=5 tid=71 timed_waiting
java.lang.Thread.State: TIMED_WAITING
        at sun.misc.Unsafe.park(Native Method)
        at java.util.concurrent.locks.LockSupport.parkNanos(LockSupport.java:215)
        at java.util.concurrent.locks.AbstractQueuedSynchronizer$ConditionObject.awaitNanos(AbstractQueuedSynchronizer.java:2078)
        at java.util.concurrent.LinkedBlockingQueue.poll(LinkedBlockingQueue.java:467)
        at org.apache.hadoop.ipc.CallQueueManager.take(CallQueueManager.java:295)
        at org.apache.hadoop.ipc.Server$Handler.run(Server.java:2881)
"IPC Server handler 17 on default port 46773" daemon prio=5 tid=92 timed_waiting
java.lang.Thread.State: TIMED_WAITING
        at sun.misc.Unsafe.park(Native Method)
        at java.util.concurrent.locks.LockSupport.parkNanos(LockSupport.java:215)
        at java.util.concurrent.locks.AbstractQueuedSynchronizer$ConditionObject.awaitNanos(AbstractQueuedSynchronizer.java:2078)
        at java.util.concurrent.LinkedBlockingQueue.poll(LinkedBlockingQueue.java:467)
        at org.apache.hadoop.ipc.CallQueueManager.take(CallQueueManager.java:295)
        at org.apache.hadoop.ipc.Server$Handler.run(Server.java:2881)
"ChunkWriter-0-0" daemon prio=5 tid=225 in Object.wait()
java.lang.Thread.State: WAITING (on object monitor)
        at sun.misc.Unsafe.park(Native Method)
        at java.util.concurrent.locks.LockSupport.park(LockSupport.java:175)
        at java.util.concurrent.locks.AbstractQueuedSynchronizer$ConditionObject.await(AbstractQueuedSynchronizer.java:2039)
        at java.util.concurrent.LinkedBlockingDeque.takeFirst(LinkedBlockingDeque.java:492)
        at java.util.concurrent.LinkedBlockingDeque.take(LinkedBlockingDeque.java:680)
        at java.util.concurrent.ThreadPoolExecutor.getTask(ThreadPoolExecutor.java:1074)
        at java.util.concurrent.ThreadPoolExecutor.runWorker(ThreadPoolExecutor.java:1134)
        at java.util.concurrent.ThreadPoolExecutor$Worker.run(ThreadPoolExecutor.java:624)
        at java.lang.Thread.run(Thread.java:748)
"Session-HouseKeeper-5c34b0f2-1"  prio=5 tid=149 timed_waiting
java.lang.Thread.State: TIMED_WAITING
        at sun.misc.Unsafe.park(Native Method)
        at java.util.concurrent.locks.LockSupport.parkNanos(LockSupport.java:215)
        at java.util.concurrent.locks.AbstractQueuedSynchronizer$ConditionObject.awaitNanos(AbstractQueuedSynchronizer.java:2078)
        at java.util.concurrent.ScheduledThreadPoolExecutor$DelayedWorkQueue.take(ScheduledThreadPoolExecutor.java:1093)
        at java.util.concurrent.ScheduledThreadPoolExecutor$DelayedWorkQueue.take(ScheduledThreadPoolExecutor.java:809)
        at java.util.concurrent.ThreadPoolExecutor.getTask(ThreadPoolExecutor.java:1074)
        at java.util.concurrent.ThreadPoolExecutor.runWorker(ThreadPoolExecutor.java:1134)
        at java.util.concurrent.ThreadPoolExecutor$Worker.run(ThreadPoolExecutor.java:624)
        at java.lang.Thread.run(Thread.java:748)
"qtp1029385246-182" daemon prio=5 tid=182 runnable
java.lang.Thread.State: RUNNABLE
        at sun.nio.ch.EPollArrayWrapper.epollWait(Native Method)
        at sun.nio.ch.EPollArrayWrapper.poll(EPollArrayWrapper.java:269)
        at sun.nio.ch.EPollSelectorImpl.doSelect(EPollSelectorImpl.java:93)
        at sun.nio.ch.SelectorImpl.lockAndDoSelect(SelectorImpl.java:86)
        at sun.nio.ch.SelectorImpl.select(SelectorImpl.java:97)
        at sun.nio.ch.SelectorImpl.select(SelectorImpl.java:101)
        at org.eclipse.jetty.io.ManagedSelector$SelectorProducer.select(ManagedSelector.java:472)
        at org.eclipse.jetty.io.ManagedSelector$SelectorProducer.produce(ManagedSelector.java:409)
        at org.eclipse.jetty.util.thread.strategy.EatWhatYouKill.produceTask(EatWhatYouKill.java:360)
        at org.eclipse.jetty.util.thread.strategy.EatWhatYouKill.doProduce(EatWhatYouKill.java:184)
        at org.eclipse.jetty.util.thread.strategy.EatWhatYouKill.tryProduce(EatWhatYouKill.java:171)
        at org.eclipse.jetty.util.thread.strategy.EatWhatYouKill.produce(EatWhatYouKill.java:135)
        at org.eclipse.jetty.io.ManagedSelector$$Lambda$72/2131366717.run(Unknown Source)
        at org.eclipse.jetty.util.thread.QueuedThreadPool.runJob(QueuedThreadPool.java:806)
        at org.eclipse.jetty.util.thread.QueuedThreadPool$Runner.run(QueuedThreadPool.java:938)
        at java.lang.Thread.run(Thread.java:748)
"IPC Server idle connection scanner for port 46773" daemon prio=5 tid=18 timed_waiting
java.lang.Thread.State: TIMED_WAITING
        at java.lang.Object.wait(Native Method)
        at java.util.TimerThread.mainLoop(Timer.java:552)
        at java.util.TimerThread.run(Timer.java:505)
"IPC Server handler 13 on default port 40641" daemon prio=5 tid=132 timed_waiting
java.lang.Thread.State: TIMED_WAITING
        at sun.misc.Unsafe.park(Native Method)
        at java.util.concurrent.locks.LockSupport.parkNanos(LockSupport.java:215)
        at java.util.concurrent.locks.AbstractQueuedSynchronizer$ConditionObject.awaitNanos(AbstractQueuedSynchronizer.java:2078)
        at java.util.concurrent.LinkedBlockingQueue.poll(LinkedBlockingQueue.java:467)
        at org.apache.hadoop.ipc.CallQueueManager.take(CallQueueManager.java:295)
        at org.apache.hadoop.ipc.Server$Handler.run(Server.java:2881)
"9495edf4-c4c1-498f-b6f3-5b53a0d22e6c@group-DF8CCA9D97C3-SegmentedRaftLogWorker"  prio=5 tid=262 timed_waiting
java.lang.Thread.State: TIMED_WAITING
        at sun.misc.Unsafe.park(Native Method)
        at java.util.concurrent.locks.LockSupport.parkNanos(LockSupport.java:215)
        at java.util.concurrent.locks.AbstractQueuedSynchronizer$ConditionObject.awaitNanos(AbstractQueuedSynchronizer.java:2078)
        at org.apache.ratis.util.DataBlockingQueue.poll(DataBlockingQueue.java:137)
        at org.apache.ratis.server.raftlog.segmented.SegmentedRaftLogWorker.run(SegmentedRaftLogWorker.java:287)
        at java.lang.Thread.run(Thread.java:748)
"BlockDeletingService#2" daemon prio=5 tid=358 in Object.wait()
java.lang.Thread.State: WAITING (on object monitor)
        at sun.misc.Unsafe.park(Native Method)
        at java.util.concurrent.locks.LockSupport.park(LockSupport.java:175)
        at java.util.concurrent.locks.AbstractQueuedSynchronizer$ConditionObject.await(AbstractQueuedSynchronizer.java:2039)
        at java.util.concurrent.ScheduledThreadPoolExecutor$DelayedWorkQueue.take(ScheduledThreadPoolExecutor.java:1088)
        at java.util.concurrent.ScheduledThreadPoolExecutor$DelayedWorkQueue.take(ScheduledThreadPoolExecutor.java:809)
        at java.util.concurrent.ThreadPoolExecutor.getTask(ThreadPoolExecutor.java:1074)
        at java.util.concurrent.ThreadPoolExecutor.runWorker(ThreadPoolExecutor.java:1134)
        at java.util.concurrent.ThreadPoolExecutor$Worker.run(ThreadPoolExecutor.java:624)
        at java.lang.Thread.run(Thread.java:748)
"ChunkWriter-1-0" daemon prio=5 tid=239 in Object.wait()
java.lang.Thread.State: WAITING (on object monitor)
        at sun.misc.Unsafe.park(Native Method)
        at java.util.concurrent.locks.LockSupport.park(LockSupport.java:175)
        at java.util.concurrent.locks.AbstractQueuedSynchronizer$ConditionObject.await(AbstractQueuedSynchronizer.java:2039)
        at java.util.concurrent.LinkedBlockingDeque.takeFirst(LinkedBlockingDeque.java:492)
        at java.util.concurrent.LinkedBlockingDeque.take(LinkedBlockingDeque.java:680)
        at java.util.concurrent.ThreadPoolExecutor.getTask(ThreadPoolExecutor.java:1074)
        at java.util.concurrent.ThreadPoolExecutor.runWorker(ThreadPoolExecutor.java:1134)
        at java.util.concurrent.ThreadPoolExecutor$Worker.run(ThreadPoolExecutor.java:624)
        at java.lang.Thread.run(Thread.java:748)
"IPC Server handler 0 on default port 40641" daemon prio=5 tid=119 timed_waiting
java.lang.Thread.State: TIMED_WAITING
        at sun.misc.Unsafe.park(Native Method)
        at java.util.concurrent.locks.LockSupport.parkNanos(LockSupport.java:215)
        at java.util.concurrent.locks.AbstractQueuedSynchronizer$ConditionObject.awaitNanos(AbstractQueuedSynchronizer.java:2078)
        at java.util.concurrent.LinkedBlockingQueue.poll(LinkedBlockingQueue.java:467)
        at org.apache.hadoop.ipc.CallQueueManager.take(CallQueueManager.java:295)
        at org.apache.hadoop.ipc.Server$Handler.run(Server.java:2881)
"IPC Server handler 1 on default port 41043" daemon prio=5 tid=56 timed_waiting
java.lang.Thread.State: TIMED_WAITING
        at sun.misc.Unsafe.park(Native Method)
        at java.util.concurrent.locks.LockSupport.parkNanos(LockSupport.java:215)
        at java.util.concurrent.locks.AbstractQueuedSynchronizer$ConditionObject.awaitNanos(AbstractQueuedSynchronizer.java:2078)
        at java.util.concurrent.LinkedBlockingQueue.poll(LinkedBlockingQueue.java:467)
        at org.apache.hadoop.ipc.CallQueueManager.take(CallQueueManager.java:295)
        at org.apache.hadoop.ipc.Server$Handler.run(Server.java:2881)
"IPC Server handler 13 on default port 39179" daemon prio=5 tid=48 timed_waiting
java.lang.Thread.State: TIMED_WAITING
        at sun.misc.Unsafe.park(Native Method)
        at java.util.concurrent.locks.LockSupport.parkNanos(LockSupport.java:215)
        at java.util.concurrent.locks.AbstractQueuedSynchronizer$ConditionObject.awaitNanos(AbstractQueuedSynchronizer.java:2078)
        at java.util.concurrent.LinkedBlockingQueue.poll(LinkedBlockingQueue.java:467)
        at org.apache.hadoop.ipc.CallQueueManager.take(CallQueueManager.java:295)
        at org.apache.hadoop.ipc.Server$Handler.run(Server.java:2881)
"BlockDeletingService#1" daemon prio=5 tid=237 timed_waiting
java.lang.Thread.State: TIMED_WAITING
        at sun.misc.Unsafe.park(Native Method)
        at java.util.concurrent.locks.LockSupport.parkNanos(LockSupport.java:215)
        at java.util.concurrent.locks.AbstractQueuedSynchronizer$ConditionObject.awaitNanos(AbstractQueuedSynchronizer.java:2078)
        at java.util.concurrent.ScheduledThreadPoolExecutor$DelayedWorkQueue.take(ScheduledThreadPoolExecutor.java:1093)
        at java.util.concurrent.ScheduledThreadPoolExecutor$DelayedWorkQueue.take(ScheduledThreadPoolExecutor.java:809)
        at java.util.concurrent.ThreadPoolExecutor.getTask(ThreadPoolExecutor.java:1074)
        at java.util.concurrent.ThreadPoolExecutor.runWorker(ThreadPoolExecutor.java:1134)
        at java.util.concurrent.ThreadPoolExecutor$Worker.run(ThreadPoolExecutor.java:624)
        at java.lang.Thread.run(Thread.java:748)
"qtp1990315034-158" daemon prio=5 tid=158 runnable
java.lang.Thread.State: RUNNABLE
        at sun.nio.ch.EPollArrayWrapper.epollWait(Native Method)
        at sun.nio.ch.EPollArrayWrapper.poll(EPollArrayWrapper.java:269)
        at sun.nio.ch.EPollSelectorImpl.doSelect(EPollSelectorImpl.java:93)
        at sun.nio.ch.SelectorImpl.lockAndDoSelect(SelectorImpl.java:86)
        at sun.nio.ch.SelectorImpl.select(SelectorImpl.java:97)
        at sun.nio.ch.SelectorImpl.select(SelectorImpl.java:101)
        at org.eclipse.jetty.io.ManagedSelector$SelectorProducer.select(ManagedSelector.java:472)
        at org.eclipse.jetty.io.ManagedSelector$SelectorProducer.produce(ManagedSelector.java:409)
        at org.eclipse.jetty.util.thread.strategy.EatWhatYouKill.produceTask(EatWhatYouKill.java:360)
        at org.eclipse.jetty.util.thread.strategy.EatWhatYouKill.doProduce(EatWhatYouKill.java:184)
        at org.eclipse.jetty.util.thread.strategy.EatWhatYouKill.tryProduce(EatWhatYouKill.java:171)
        at org.eclipse.jetty.util.thread.strategy.EatWhatYouKill.produce(EatWhatYouKill.java:135)
        at org.eclipse.jetty.io.ManagedSelector$$Lambda$72/2131366717.run(Unknown Source)
        at org.eclipse.jetty.util.thread.QueuedThreadPool.runJob(QueuedThreadPool.java:806)
        at org.eclipse.jetty.util.thread.QueuedThreadPool$Runner.run(QueuedThreadPool.java:938)
        at java.lang.Thread.run(Thread.java:748)
"qtp1990315034-162" daemon prio=5 tid=162 timed_waiting
java.lang.Thread.State: TIMED_WAITING
        at sun.misc.Unsafe.park(Native Method)
        at java.util.concurrent.locks.LockSupport.parkNanos(LockSupport.java:215)
        at java.util.concurrent.locks.AbstractQueuedSynchronizer$ConditionObject.awaitNanos(AbstractQueuedSynchronizer.java:2078)
        at org.eclipse.jetty.util.BlockingArrayQueue.poll(BlockingArrayQueue.java:382)
        at org.eclipse.jetty.util.thread.QueuedThreadPool$Runner.idleJobPoll(QueuedThreadPool.java:875)
        at org.eclipse.jetty.util.thread.QueuedThreadPool$Runner.run(QueuedThreadPool.java:925)
        at java.lang.Thread.run(Thread.java:748)
"Datanode ReportManager Thread - 0" daemon prio=5 tid=171 in Object.wait()
java.lang.Thread.State: WAITING (on object monitor)
        at sun.misc.Unsafe.park(Native Method)
        at java.util.concurrent.locks.LockSupport.park(LockSupport.java:175)
        at java.util.concurrent.locks.AbstractQueuedSynchronizer$ConditionObject.await(AbstractQueuedSynchronizer.java:2039)
        at java.util.concurrent.ScheduledThreadPoolExecutor$DelayedWorkQueue.take(ScheduledThreadPoolExecutor.java:1088)
        at java.util.concurrent.ScheduledThreadPoolExecutor$DelayedWorkQueue.take(ScheduledThreadPoolExecutor.java:809)
        at java.util.concurrent.ThreadPoolExecutor.getTask(ThreadPoolExecutor.java:1074)
        at java.util.concurrent.ThreadPoolExecutor.runWorker(ThreadPoolExecutor.java:1134)
        at java.util.concurrent.ThreadPoolExecutor$Worker.run(ThreadPoolExecutor.java:624)
        at java.lang.Thread.run(Thread.java:748)
"IPC Server handler 10 on default port 41043" daemon prio=5 tid=65 timed_waiting
java.lang.Thread.State: TIMED_WAITING
        at sun.misc.Unsafe.park(Native Method)
        at java.util.concurrent.locks.LockSupport.parkNanos(LockSupport.java:215)
        at java.util.concurrent.locks.AbstractQueuedSynchronizer$ConditionObject.awaitNanos(AbstractQueuedSynchronizer.java:2078)
        at java.util.concurrent.LinkedBlockingQueue.poll(LinkedBlockingQueue.java:467)
        at org.apache.hadoop.ipc.CallQueueManager.take(CallQueueManager.java:295)
        at org.apache.hadoop.ipc.Server$Handler.run(Server.java:2881)
"IPC Server handler 4 on default port 39179" daemon prio=5 tid=39 timed_waiting
java.lang.Thread.State: TIMED_WAITING
        at sun.misc.Unsafe.park(Native Method)
        at java.util.concurrent.locks.LockSupport.parkNanos(LockSupport.java:215)
        at java.util.concurrent.locks.AbstractQueuedSynchronizer$ConditionObject.awaitNanos(AbstractQueuedSynchronizer.java:2078)
        at java.util.concurrent.LinkedBlockingQueue.poll(LinkedBlockingQueue.java:467)
        at org.apache.hadoop.ipc.CallQueueManager.take(CallQueueManager.java:295)
        at org.apache.hadoop.ipc.Server$Handler.run(Server.java:2881)
"qtp2098720336-101" daemon prio=5 tid=101 timed_waiting
java.lang.Thread.State: TIMED_WAITING
        at sun.misc.Unsafe.park(Native Method)
        at java.util.concurrent.locks.LockSupport.parkNanos(LockSupport.java:215)
        at java.util.concurrent.locks.AbstractQueuedSynchronizer$ConditionObject.awaitNanos(AbstractQueuedSynchronizer.java:2078)
        at org.eclipse.jetty.util.BlockingArrayQueue.poll(BlockingArrayQueue.java:382)
        at org.eclipse.jetty.util.thread.QueuedThreadPool$Runner.idleJobPoll(QueuedThreadPool.java:875)
        at org.eclipse.jetty.util.thread.QueuedThreadPool$Runner.run(QueuedThreadPool.java:925)
        at java.lang.Thread.run(Thread.java:748)
"IPC Server handler 13 on default port 46773" daemon prio=5 tid=88 timed_waiting
java.lang.Thread.State: TIMED_WAITING
        at sun.misc.Unsafe.park(Native Method)
        at java.util.concurrent.locks.LockSupport.parkNanos(LockSupport.java:215)
        at java.util.concurrent.locks.AbstractQueuedSynchronizer$ConditionObject.awaitNanos(AbstractQueuedSynchronizer.java:2078)
        at java.util.concurrent.LinkedBlockingQueue.poll(LinkedBlockingQueue.java:467)
        at org.apache.hadoop.ipc.CallQueueManager.take(CallQueueManager.java:295)
        at org.apache.hadoop.ipc.Server$Handler.run(Server.java:2881)
"qtp2047820764-148" daemon prio=5 tid=148 timed_waiting
java.lang.Thread.State: TIMED_WAITING
        at sun.misc.Unsafe.park(Native Method)
        at java.util.concurrent.locks.LockSupport.parkNanos(LockSupport.java:215)
        at java.util.concurrent.locks.AbstractQueuedSynchronizer$ConditionObject.awaitNanos(AbstractQueuedSynchronizer.java:2078)
        at org.eclipse.jetty.util.BlockingArrayQueue.poll(BlockingArrayQueue.java:382)
        at org.eclipse.jetty.util.thread.QueuedThreadPool$Runner.idleJobPoll(QueuedThreadPool.java:875)
        at org.eclipse.jetty.util.thread.QueuedThreadPool$Runner.run(QueuedThreadPool.java:925)
        at java.lang.Thread.run(Thread.java:748)
"CommandWatcher-LeaseManager#LeaseMonitor" daemon prio=5 tid=34 timed_waiting
java.lang.Thread.State: TIMED_WAITING
        at java.lang.Thread.sleep(Native Method)
        at org.apache.hadoop.ozone.lease.LeaseManager$LeaseMonitor.run(LeaseManager.java:234)
        at java.lang.Thread.run(Thread.java:748)
"qtp2009931623-211" daemon prio=5 tid=211 timed_waiting
java.lang.Thread.State: TIMED_WAITING
        at sun.misc.Unsafe.park(Native Method)
        at java.util.concurrent.locks.LockSupport.parkNanos(LockSupport.java:215)
        at java.util.concurrent.locks.AbstractQueuedSynchronizer$ConditionObject.awaitNanos(AbstractQueuedSynchronizer.java:2078)
        at org.eclipse.jetty.util.BlockingArrayQueue.poll(BlockingArrayQueue.java:382)
        at org.eclipse.jetty.util.thread.QueuedThreadPool$Runner.idleJobPoll(QueuedThreadPool.java:875)
        at org.eclipse.jetty.util.thread.QueuedThreadPool$Runner.run(QueuedThreadPool.java:925)
        at java.lang.Thread.run(Thread.java:748)
"Socket Reader #1 for port 0"  prio=5 tid=25 runnable
java.lang.Thread.State: RUNNABLE
        at sun.nio.ch.EPollArrayWrapper.epollWait(Native Method)
        at sun.nio.ch.EPollArrayWrapper.poll(EPollArrayWrapper.java:269)
        at sun.nio.ch.EPollSelectorImpl.doSelect(EPollSelectorImpl.java:93)
        at sun.nio.ch.SelectorImpl.lockAndDoSelect(SelectorImpl.java:86)
        at sun.nio.ch.SelectorImpl.select(SelectorImpl.java:97)
        at sun.nio.ch.SelectorImpl.select(SelectorImpl.java:101)
        at org.apache.hadoop.ipc.Server$Listener$Reader.doRunLoop(Server.java:1242)
        at org.apache.hadoop.ipc.Server$Listener$Reader.run(Server.java:1221)
"pool-24-thread-1"  prio=5 tid=140 timed_waiting
java.lang.Thread.State: TIMED_WAITING
        at sun.misc.Unsafe.park(Native Method)
        at java.util.concurrent.locks.LockSupport.parkNanos(LockSupport.java:215)
        at java.util.concurrent.locks.AbstractQueuedSynchronizer$ConditionObject.awaitNanos(AbstractQueuedSynchronizer.java:2078)
        at java.util.concurrent.ScheduledThreadPoolExecutor$DelayedWorkQueue.take(ScheduledThreadPoolExecutor.java:1093)
        at java.util.concurrent.ScheduledThreadPoolExecutor$DelayedWorkQueue.take(ScheduledThreadPoolExecutor.java:809)
        at java.util.concurrent.ThreadPoolExecutor.getTask(ThreadPoolExecutor.java:1074)
        at java.util.concurrent.ThreadPoolExecutor.runWorker(ThreadPoolExecutor.java:1134)
        at java.util.concurrent.ThreadPoolExecutor$Worker.run(ThreadPoolExecutor.java:624)
        at java.lang.Thread.run(Thread.java:748)
"org.apache.hadoop.util.JvmPauseMonitor$Monitor@1aa0b642" daemon prio=5 tid=222 timed_waiting
java.lang.Thread.State: TIMED_WAITING
        at java.lang.Thread.sleep(Native Method)
        at org.apache.hadoop.util.JvmPauseMonitor$Monitor.run(JvmPauseMonitor.java:192)
        at java.lang.Thread.run(Thread.java:748)
"qtp2009931623-207-acceptor-0@3721ce32-ServerConnector@29897daf{HTTP/1.1,[http/1.1]}{0.0.0.0:37147}" daemon prio=3 tid=207 runnable
java.lang.Thread.State: RUNNABLE
        at sun.nio.ch.ServerSocketChannelImpl.accept0(Native Method)
        at sun.nio.ch.ServerSocketChannelImpl.accept(ServerSocketChannelImpl.java:422)
        at sun.nio.ch.ServerSocketChannelImpl.accept(ServerSocketChannelImpl.java:250)
        at org.eclipse.jetty.server.ServerConnector.accept(ServerConnector.java:385)
        at org.eclipse.jetty.server.AbstractConnector$Acceptor.run(AbstractConnector.java:701)
        at org.eclipse.jetty.util.thread.QueuedThreadPool.runJob(QueuedThreadPool.java:806)
        at org.eclipse.jetty.util.thread.QueuedThreadPool$Runner.run(QueuedThreadPool.java:938)
        at java.lang.Thread.run(Thread.java:748)
"IPC Server handler 11 on default port 40641" daemon prio=5 tid=130 timed_waiting
java.lang.Thread.State: TIMED_WAITING
        at sun.misc.Unsafe.park(Native Method)
        at java.util.concurrent.locks.LockSupport.parkNanos(LockSupport.java:215)
        at java.util.concurrent.locks.AbstractQueuedSynchronizer$ConditionObject.awaitNanos(AbstractQueuedSynchronizer.java:2078)
        at java.util.concurrent.LinkedBlockingQueue.poll(LinkedBlockingQueue.java:467)
        at org.apache.hadoop.ipc.CallQueueManager.take(CallQueueManager.java:295)
        at org.apache.hadoop.ipc.Server$Handler.run(Server.java:2881)
"IPC Server handler 1 on default port 46773" daemon prio=5 tid=76 timed_waiting
java.lang.Thread.State: TIMED_WAITING
        at sun.misc.Unsafe.park(Native Method)
        at java.util.concurrent.locks.LockSupport.parkNanos(LockSupport.java:215)
        at java.util.concurrent.locks.AbstractQueuedSynchronizer$ConditionObject.awaitNanos(AbstractQueuedSynchronizer.java:2078)
        at java.util.concurrent.LinkedBlockingQueue.poll(LinkedBlockingQueue.java:467)
        at org.apache.hadoop.ipc.CallQueueManager.take(CallQueueManager.java:295)
        at org.apache.hadoop.ipc.Server$Handler.run(Server.java:2881)
"IPC Server handler 10 on default port 40641" daemon prio=5 tid=129 timed_waiting
java.lang.Thread.State: TIMED_WAITING
        at sun.misc.Unsafe.park(Native Method)
        at java.util.concurrent.locks.LockSupport.parkNanos(LockSupport.java:215)
        at java.util.concurrent.locks.AbstractQueuedSynchronizer$ConditionObject.awaitNanos(AbstractQueuedSynchronizer.java:2078)
        at java.util.concurrent.LinkedBlockingQueue.poll(LinkedBlockingQueue.java:467)
        at org.apache.hadoop.ipc.CallQueueManager.take(CallQueueManager.java:295)
        at org.apache.hadoop.ipc.Server$Handler.run(Server.java:2881)
"f827eca5-1302-485d-b40a-808f1d3616bb@group-DF8CCA9D97C3-StateMachineUpdater" daemon prio=5 tid=270 in Object.wait()
java.lang.Thread.State: WAITING (on object monitor)
        at java.lang.Object.wait(Native Method)
        at java.lang.Object.wait(Object.java:502)
        at org.apache.ratis.server.impl.StateMachineUpdater.waitForCommit(StateMachineUpdater.java:200)
        at org.apache.ratis.server.impl.StateMachineUpdater.run(StateMachineUpdater.java:165)
        at java.lang.Thread.run(Thread.java:748)
"f827eca5-1302-485d-b40a-808f1d3616bb@group-55234961F2D3-SegmentedRaftLogWorker"  prio=5 tid=266 timed_waiting
java.lang.Thread.State: TIMED_WAITING
        at sun.misc.Unsafe.park(Native Method)
        at java.util.concurrent.locks.LockSupport.parkNanos(LockSupport.java:215)
        at java.util.concurrent.locks.AbstractQueuedSynchronizer$ConditionObject.awaitNanos(AbstractQueuedSynchronizer.java:2078)
        at org.apache.ratis.util.DataBlockingQueue.poll(DataBlockingQueue.java:137)
        at org.apache.ratis.server.raftlog.segmented.SegmentedRaftLogWorker.run(SegmentedRaftLogWorker.java:287)
        at java.lang.Thread.run(Thread.java:748)
"BlockDeletingService#1" daemon prio=5 tid=231 timed_waiting
java.lang.Thread.State: TIMED_WAITING
        at sun.misc.Unsafe.park(Native Method)
        at java.util.concurrent.locks.LockSupport.parkNanos(LockSupport.java:215)
        at java.util.concurrent.locks.AbstractQueuedSynchronizer$ConditionObject.awaitNanos(AbstractQueuedSynchronizer.java:2078)
        at java.util.concurrent.ScheduledThreadPoolExecutor$DelayedWorkQueue.take(ScheduledThreadPoolExecutor.java:1093)
        at java.util.concurrent.ScheduledThreadPoolExecutor$DelayedWorkQueue.take(ScheduledThreadPoolExecutor.java:809)
        at java.util.concurrent.ThreadPoolExecutor.getTask(ThreadPoolExecutor.java:1074)
        at java.util.concurrent.ThreadPoolExecutor.runWorker(ThreadPoolExecutor.java:1134)
        at java.util.concurrent.ThreadPoolExecutor$Worker.run(ThreadPoolExecutor.java:624)
        at java.lang.Thread.run(Thread.java:748)
"prometheus" daemon prio=5 tid=105 in Object.wait()
java.lang.Thread.State: WAITING (on object monitor)
        at java.lang.Object.wait(Native Method)
        at java.lang.Object.wait(Object.java:502)
        at org.apache.hadoop.metrics2.impl.SinkQueue.waitForData(SinkQueue.java:114)
        at org.apache.hadoop.metrics2.impl.SinkQueue.consumeAll(SinkQueue.java:83)
        at org.apache.hadoop.metrics2.impl.MetricsSinkAdapter.publishMetricsFromQueue(MetricsSinkAdapter.java:135)
        at org.apache.hadoop.metrics2.impl.MetricsSinkAdapter$1.run(MetricsSinkAdapter.java:89)
"IPC Server handler 17 on default port 41043" daemon prio=5 tid=72 timed_waiting
java.lang.Thread.State: TIMED_WAITING
        at sun.misc.Unsafe.park(Native Method)
        at java.util.concurrent.locks.LockSupport.parkNanos(LockSupport.java:215)
        at java.util.concurrent.locks.AbstractQueuedSynchronizer$ConditionObject.awaitNanos(AbstractQueuedSynchronizer.java:2078)
        at java.util.concurrent.LinkedBlockingQueue.poll(LinkedBlockingQueue.java:467)
        at org.apache.hadoop.ipc.CallQueueManager.take(CallQueueManager.java:295)
        at org.apache.hadoop.ipc.Server$Handler.run(Server.java:2881)
"pool-60-thread-1" daemon prio=5 tid=198 timed_waiting
java.lang.Thread.State: TIMED_WAITING
        at sun.misc.Unsafe.park(Native Method)
        at java.util.concurrent.locks.LockSupport.parkNanos(LockSupport.java:215)
        at java.util.concurrent.locks.AbstractQueuedSynchronizer$ConditionObject.awaitNanos(AbstractQueuedSynchronizer.java:2078)
        at java.util.concurrent.ScheduledThreadPoolExecutor$DelayedWorkQueue.take(ScheduledThreadPoolExecutor.java:1093)
        at java.util.concurrent.ScheduledThreadPoolExecutor$DelayedWorkQueue.take(ScheduledThreadPoolExecutor.java:809)
        at java.util.concurrent.ThreadPoolExecutor.getTask(ThreadPoolExecutor.java:1074)
        at java.util.concurrent.ThreadPoolExecutor.runWorker(ThreadPoolExecutor.java:1134)
        at java.util.concurrent.ThreadPoolExecutor$Worker.run(ThreadPoolExecutor.java:624)
        at java.lang.Thread.run(Thread.java:748)
"KeyDeletingService#0" daemon prio=5 tid=118 timed_waiting
java.lang.Thread.State: TIMED_WAITING
        at sun.misc.Unsafe.park(Native Method)
        at java.util.concurrent.locks.LockSupport.parkNanos(LockSupport.java:215)
        at java.util.concurrent.locks.AbstractQueuedSynchronizer$ConditionObject.awaitNanos(AbstractQueuedSynchronizer.java:2078)
        at java.util.concurrent.ScheduledThreadPoolExecutor$DelayedWorkQueue.take(ScheduledThreadPoolExecutor.java:1093)
        at java.util.concurrent.ScheduledThreadPoolExecutor$DelayedWorkQueue.take(ScheduledThreadPoolExecutor.java:809)
        at java.util.concurrent.ThreadPoolExecutor.getTask(ThreadPoolExecutor.java:1074)
        at java.util.concurrent.ThreadPoolExecutor.runWorker(ThreadPoolExecutor.java:1134)
        at java.util.concurrent.ThreadPoolExecutor$Worker.run(ThreadPoolExecutor.java:624)
        at java.lang.Thread.run(Thread.java:748)
"IPC Server handler 18 on default port 39179" daemon prio=5 tid=53 timed_waiting
java.lang.Thread.State: TIMED_WAITING
        at sun.misc.Unsafe.park(Native Method)
        at java.util.concurrent.locks.LockSupport.parkNanos(LockSupport.java:215)
        at java.util.concurrent.locks.AbstractQueuedSynchronizer$ConditionObject.awaitNanos(AbstractQueuedSynchronizer.java:2078)
        at java.util.concurrent.LinkedBlockingQueue.poll(LinkedBlockingQueue.java:467)
        at org.apache.hadoop.ipc.CallQueueManager.take(CallQueueManager.java:295)
        at org.apache.hadoop.ipc.Server$Handler.run(Server.java:2881)
"java.util.concurrent.ThreadPoolExecutor$Worker@4d8b4632[State = -1, empty queue]" daemon prio=5 tid=317 timed_waiting
java.lang.Thread.State: TIMED_WAITING
        at sun.misc.Unsafe.park(Native Method)
        at java.util.concurrent.locks.LockSupport.parkNanos(LockSupport.java:215)
        at java.util.concurrent.locks.AbstractQueuedSynchronizer$ConditionObject.awaitNanos(AbstractQueuedSynchronizer.java:2078)
        at java.util.concurrent.ScheduledThreadPoolExecutor$DelayedWorkQueue.take(ScheduledThreadPoolExecutor.java:1093)
        at java.util.concurrent.ScheduledThreadPoolExecutor$DelayedWorkQueue.take(ScheduledThreadPoolExecutor.java:809)
        at java.util.concurrent.ThreadPoolExecutor.getTask(ThreadPoolExecutor.java:1074)
        at java.util.concurrent.ThreadPoolExecutor.runWorker(ThreadPoolExecutor.java:1134)
        at java.util.concurrent.ThreadPoolExecutor$Worker.run(ThreadPoolExecutor.java:624)
        at java.lang.Thread.run(Thread.java:748)
"org.apache.hadoop.util.JvmPauseMonitor$Monitor@2d23a5be" daemon prio=5 tid=151 timed_waiting
java.lang.Thread.State: TIMED_WAITING
        at java.lang.Thread.sleep(Native Method)
        at org.apache.hadoop.util.JvmPauseMonitor$Monitor.run(JvmPauseMonitor.java:192)
        at java.lang.Thread.run(Thread.java:748)
"IPC Server handler 14 on default port 46773" daemon prio=5 tid=89 timed_waiting
java.lang.Thread.State: TIMED_WAITING
        at sun.misc.Unsafe.park(Native Method)
        at java.util.concurrent.locks.LockSupport.parkNanos(LockSupport.java:215)
        at java.util.concurrent.locks.AbstractQueuedSynchronizer$ConditionObject.awaitNanos(AbstractQueuedSynchronizer.java:2078)
        at java.util.concurrent.LinkedBlockingQueue.poll(LinkedBlockingQueue.java:467)
        at org.apache.hadoop.ipc.CallQueueManager.take(CallQueueManager.java:295)
        at org.apache.hadoop.ipc.Server$Handler.run(Server.java:2881)
"IPC Server handler 8 on default port 39179" daemon prio=5 tid=43 timed_waiting
java.lang.Thread.State: TIMED_WAITING
        at sun.misc.Unsafe.park(Native Method)
        at java.util.concurrent.locks.LockSupport.parkNanos(LockSupport.java:215)
        at java.util.concurrent.locks.AbstractQueuedSynchronizer$ConditionObject.awaitNanos(AbstractQueuedSynchronizer.java:2078)
        at java.util.concurrent.LinkedBlockingQueue.poll(LinkedBlockingQueue.java:467)
        at org.apache.hadoop.ipc.CallQueueManager.take(CallQueueManager.java:295)
        at org.apache.hadoop.ipc.Server$Handler.run(Server.java:2881)
"grpc-nio-worker-ELG-3-2" daemon prio=5 tid=273 runnable
java.lang.Thread.State: RUNNABLE
        at sun.nio.ch.EPollArrayWrapper.epollWait(Native Method)
        at sun.nio.ch.EPollArrayWrapper.poll(EPollArrayWrapper.java:269)
        at sun.nio.ch.EPollSelectorImpl.doSelect(EPollSelectorImpl.java:93)
        at sun.nio.ch.SelectorImpl.lockAndDoSelect(SelectorImpl.java:86)
        at sun.nio.ch.SelectorImpl.select(SelectorImpl.java:97)
        at org.apache.ratis.thirdparty.io.netty.channel.nio.SelectedSelectionKeySetSelector.select(SelectedSelectionKeySetSelector.java:62)
        at org.apache.ratis.thirdparty.io.netty.channel.nio.NioEventLoop.select(NioEventLoop.java:807)
        at org.apache.ratis.thirdparty.io.netty.channel.nio.NioEventLoop.run(NioEventLoop.java:457)
        at org.apache.ratis.thirdparty.io.netty.util.concurrent.SingleThreadEventExecutor$4.run(SingleThreadEventExecutor.java:989)
        at org.apache.ratis.thirdparty.io.netty.util.internal.ThreadExecutorMap$2.run(ThreadExecutorMap.java:74)
        at org.apache.ratis.thirdparty.io.netty.util.concurrent.FastThreadLocalRunnable.run(FastThreadLocalRunnable.java:30)
        at java.lang.Thread.run(Thread.java:748)
"Datanode ReportManager Thread - 3" daemon prio=5 tid=220 in Object.wait()
java.lang.Thread.State: WAITING (on object monitor)
        at sun.misc.Unsafe.park(Native Method)
        at java.util.concurrent.locks.LockSupport.park(LockSupport.java:175)
        at java.util.concurrent.locks.AbstractQueuedSynchronizer$ConditionObject.await(AbstractQueuedSynchronizer.java:2039)
        at java.util.concurrent.ScheduledThreadPoolExecutor$DelayedWorkQueue.take(ScheduledThreadPoolExecutor.java:1088)
        at java.util.concurrent.ScheduledThreadPoolExecutor$DelayedWorkQueue.take(ScheduledThreadPoolExecutor.java:809)
        at java.util.concurrent.ThreadPoolExecutor.getTask(ThreadPoolExecutor.java:1074)
        at java.util.concurrent.ThreadPoolExecutor.runWorker(ThreadPoolExecutor.java:1134)
        at java.util.concurrent.ThreadPoolExecutor$Worker.run(ThreadPoolExecutor.java:624)
        at java.lang.Thread.run(Thread.java:748)
"IPC Server handler 17 on default port 39179" daemon prio=5 tid=52 timed_waiting
java.lang.Thread.State: TIMED_WAITING
        at sun.misc.Unsafe.park(Native Method)
        at java.util.concurrent.locks.LockSupport.parkNanos(LockSupport.java:215)
        at java.util.concurrent.locks.AbstractQueuedSynchronizer$ConditionObject.awaitNanos(AbstractQueuedSynchronizer.java:2078)
        at java.util.concurrent.LinkedBlockingQueue.poll(LinkedBlockingQueue.java:467)
        at org.apache.hadoop.ipc.CallQueueManager.take(CallQueueManager.java:295)
        at org.apache.hadoop.ipc.Server$Handler.run(Server.java:2881)
"IPC Server listener on 0" daemon prio=5 tid=112 runnable
java.lang.Thread.State: RUNNABLE
        at sun.nio.ch.EPollArrayWrapper.epollWait(Native Method)
        at sun.nio.ch.EPollArrayWrapper.poll(EPollArrayWrapper.java:269)
        at sun.nio.ch.EPollSelectorImpl.doSelect(EPollSelectorImpl.java:93)
        at sun.nio.ch.SelectorImpl.lockAndDoSelect(SelectorImpl.java:86)
        at sun.nio.ch.SelectorImpl.select(SelectorImpl.java:97)
        at sun.nio.ch.SelectorImpl.select(SelectorImpl.java:101)
        at org.apache.hadoop.ipc.Server$Listener.run(Server.java:1304)
"IPC Server handler 10 on default port 46773" daemon prio=5 tid=85 timed_waiting
java.lang.Thread.State: TIMED_WAITING
        at sun.misc.Unsafe.park(Native Method)
        at java.util.concurrent.locks.LockSupport.parkNanos(LockSupport.java:215)
        at java.util.concurrent.locks.AbstractQueuedSynchronizer$ConditionObject.awaitNanos(AbstractQueuedSynchronizer.java:2078)
        at java.util.concurrent.LinkedBlockingQueue.poll(LinkedBlockingQueue.java:467)
        at org.apache.hadoop.ipc.CallQueueManager.take(CallQueueManager.java:295)
        at org.apache.hadoop.ipc.Server$Handler.run(Server.java:2881)
"Thread-219" daemon prio=5 tid=312 timed_waiting
java.lang.Thread.State: TIMED_WAITING
        at java.lang.Thread.sleep(Native Method)
        at org.apache.ratis.util.JavaUtils.sleep(JavaUtils.java:243)
        at org.apache.ratis.server.impl.FollowerState.run(FollowerState.java:97)
"pool-28-thread-1" daemon prio=5 tid=155 timed_waiting
java.lang.Thread.State: TIMED_WAITING
        at sun.misc.Unsafe.park(Native Method)
        at java.util.concurrent.locks.LockSupport.parkNanos(LockSupport.java:215)
        at java.util.concurrent.locks.AbstractQueuedSynchronizer$ConditionObject.awaitNanos(AbstractQueuedSynchronizer.java:2078)
        at java.util.concurrent.ScheduledThreadPoolExecutor$DelayedWorkQueue.take(ScheduledThreadPoolExecutor.java:1093)
        at java.util.concurrent.ScheduledThreadPoolExecutor$DelayedWorkQueue.take(ScheduledThreadPoolExecutor.java:809)
        at java.util.concurrent.ThreadPoolExecutor.getTask(ThreadPoolExecutor.java:1074)
        at java.util.concurrent.ThreadPoolExecutor.runWorker(ThreadPoolExecutor.java:1134)
        at java.util.concurrent.ThreadPoolExecutor$Worker.run(ThreadPoolExecutor.java:624)
        at java.lang.Thread.run(Thread.java:748)
"IPC Server handler 15 on default port 39179" daemon prio=5 tid=50 timed_waiting
java.lang.Thread.State: TIMED_WAITING
        at sun.misc.Unsafe.park(Native Method)
        at java.util.concurrent.locks.LockSupport.parkNanos(LockSupport.java:215)
        at java.util.concurrent.locks.AbstractQueuedSynchronizer$ConditionObject.awaitNanos(AbstractQueuedSynchronizer.java:2078)
        at java.util.concurrent.LinkedBlockingQueue.poll(LinkedBlockingQueue.java:467)
        at org.apache.hadoop.ipc.CallQueueManager.take(CallQueueManager.java:295)
        at org.apache.hadoop.ipc.Server$Handler.run(Server.java:2881)
"pool-8-thread-1"  prio=5 tid=28 timed_waiting
java.lang.Thread.State: TIMED_WAITING
        at sun.misc.Unsafe.park(Native Method)
        at java.util.concurrent.locks.LockSupport.parkNanos(LockSupport.java:215)
        at java.util.concurrent.locks.AbstractQueuedSynchronizer$ConditionObject.awaitNanos(AbstractQueuedSynchronizer.java:2078)
        at java.util.concurrent.ScheduledThreadPoolExecutor$DelayedWorkQueue.take(ScheduledThreadPoolExecutor.java:1093)
        at java.util.concurrent.ScheduledThreadPoolExecutor$DelayedWorkQueue.take(ScheduledThreadPoolExecutor.java:809)
        at java.util.concurrent.ThreadPoolExecutor.getTask(ThreadPoolExecutor.java:1074)
        at java.util.concurrent.ThreadPoolExecutor.runWorker(ThreadPoolExecutor.java:1134)
        at java.util.concurrent.ThreadPoolExecutor$Worker.run(ThreadPoolExecutor.java:624)
        at java.lang.Thread.run(Thread.java:748)
"qtp2047820764-142-acceptor-0@16fb1a62-ServerConnector@42f2cae8{HTTP/1.1,[http/1.1]}{0.0.0.0:36783}" daemon prio=3 tid=142 runnable
java.lang.Thread.State: RUNNABLE
        at sun.nio.ch.ServerSocketChannelImpl.accept0(Native Method)
        at sun.nio.ch.ServerSocketChannelImpl.accept(ServerSocketChannelImpl.java:422)
        at sun.nio.ch.ServerSocketChannelImpl.accept(ServerSocketChannelImpl.java:250)
        at org.eclipse.jetty.server.ServerConnector.accept(ServerConnector.java:385)
        at org.eclipse.jetty.server.AbstractConnector$Acceptor.run(AbstractConnector.java:701)
        at org.eclipse.jetty.util.thread.QueuedThreadPool.runJob(QueuedThreadPool.java:806)
        at org.eclipse.jetty.util.thread.QueuedThreadPool$Runner.run(QueuedThreadPool.java:938)
        at java.lang.Thread.run(Thread.java:748)
"ChunkWriter-1-0" daemon prio=5 tid=233 in Object.wait()
java.lang.Thread.State: WAITING (on object monitor)
        at sun.misc.Unsafe.park(Native Method)
        at java.util.concurrent.locks.LockSupport.park(LockSupport.java:175)
        at java.util.concurrent.locks.AbstractQueuedSynchronizer$ConditionObject.await(AbstractQueuedSynchronizer.java:2039)
        at java.util.concurrent.LinkedBlockingDeque.takeFirst(LinkedBlockingDeque.java:492)
        at java.util.concurrent.LinkedBlockingDeque.take(LinkedBlockingDeque.java:680)
        at java.util.concurrent.ThreadPoolExecutor.getTask(ThreadPoolExecutor.java:1074)
        at java.util.concurrent.ThreadPoolExecutor.runWorker(ThreadPoolExecutor.java:1134)
        at java.util.concurrent.ThreadPoolExecutor$Worker.run(ThreadPoolExecutor.java:624)
        at java.lang.Thread.run(Thread.java:748)
"ChunkWriter-3-0" daemon prio=5 tid=241 in Object.wait()
java.lang.Thread.State: WAITING (on object monitor)
        at sun.misc.Unsafe.park(Native Method)
        at java.util.concurrent.locks.LockSupport.park(LockSupport.java:175)
        at java.util.concurrent.locks.AbstractQueuedSynchronizer$ConditionObject.await(AbstractQueuedSynchronizer.java:2039)
        at java.util.concurrent.LinkedBlockingDeque.takeFirst(LinkedBlockingDeque.java:492)
        at java.util.concurrent.LinkedBlockingDeque.take(LinkedBlockingDeque.java:680)
        at java.util.concurrent.ThreadPoolExecutor.getTask(ThreadPoolExecutor.java:1074)
        at java.util.concurrent.ThreadPoolExecutor.runWorker(ThreadPoolExecutor.java:1134)
        at java.util.concurrent.ThreadPoolExecutor$Worker.run(ThreadPoolExecutor.java:624)
        at java.lang.Thread.run(Thread.java:748)
"IPC Server handler 14 on default port 39179" daemon prio=5 tid=49 timed_waiting
java.lang.Thread.State: TIMED_WAITING
        at sun.misc.Unsafe.park(Native Method)
        at java.util.concurrent.locks.LockSupport.parkNanos(LockSupport.java:215)
        at java.util.concurrent.locks.AbstractQueuedSynchronizer$ConditionObject.awaitNanos(AbstractQueuedSynchronizer.java:2078)
        at java.util.concurrent.LinkedBlockingQueue.poll(LinkedBlockingQueue.java:467)
        at org.apache.hadoop.ipc.CallQueueManager.take(CallQueueManager.java:295)
        at org.apache.hadoop.ipc.Server$Handler.run(Server.java:2881)
"Session-HouseKeeper-647b9364-1"  prio=5 tid=103 timed_waiting
java.lang.Thread.State: TIMED_WAITING
        at sun.misc.Unsafe.park(Native Method)
        at java.util.concurrent.locks.LockSupport.parkNanos(LockSupport.java:215)
        at java.util.concurrent.locks.AbstractQueuedSynchronizer$ConditionObject.awaitNanos(AbstractQueuedSynchronizer.java:2078)
        at java.util.concurrent.ScheduledThreadPoolExecutor$DelayedWorkQueue.take(ScheduledThreadPoolExecutor.java:1093)
        at java.util.concurrent.ScheduledThreadPoolExecutor$DelayedWorkQueue.take(ScheduledThreadPoolExecutor.java:809)
        at java.util.concurrent.ThreadPoolExecutor.getTask(ThreadPoolExecutor.java:1074)
        at java.util.concurrent.ThreadPoolExecutor.runWorker(ThreadPoolExecutor.java:1134)
        at java.util.concurrent.ThreadPoolExecutor$Worker.run(ThreadPoolExecutor.java:624)
        at java.lang.Thread.run(Thread.java:748)
"IPC Server handler 9 on default port 41043" daemon prio=5 tid=64 timed_waiting
java.lang.Thread.State: TIMED_WAITING
        at sun.misc.Unsafe.park(Native Method)
        at java.util.concurrent.locks.LockSupport.parkNanos(LockSupport.java:215)
        at java.util.concurrent.locks.AbstractQueuedSynchronizer$ConditionObject.awaitNanos(AbstractQueuedSynchronizer.java:2078)
        at java.util.concurrent.LinkedBlockingQueue.poll(LinkedBlockingQueue.java:467)
        at org.apache.hadoop.ipc.CallQueueManager.take(CallQueueManager.java:295)
        at org.apache.hadoop.ipc.Server$Handler.run(Server.java:2881)
"Listener at 127.0.0.1/40641"  prio=5 tid=1 runnable
java.lang.Thread.State: RUNNABLE
        at java.lang.Thread.dumpThreads(Native Method)
        at java.lang.Thread.getAllStackTraces(Thread.java:1610)
        at org.apache.hadoop.test.TimedOutTestsListener.buildThreadDump(TimedOutTestsListener.java:93)
        at org.apache.hadoop.test.TimedOutTestsListener.buildThreadDiagnosticString(TimedOutTestsListener.java:79)
        at org.apache.hadoop.test.GenericTestUtils.waitFor(GenericTestUtils.java:225)
        at org.apache.hadoop.ozone.MiniOzoneClusterImpl.waitForClusterToBeReady(MiniOzoneClusterImpl.java:172)
        at org.apache.hadoop.ozone.scm.TestContainerSmallFile.init(TestContainerSmallFile.java:73)
        at sun.reflect.NativeMethodAccessorImpl.invoke0(Native Method)
        at sun.reflect.NativeMethodAccessorImpl.invoke(NativeMethodAccessorImpl.java:62)
        at sun.reflect.DelegatingMethodAccessorImpl.invoke(DelegatingMethodAccessorImpl.java:43)
        at java.lang.reflect.Method.invoke(Method.java:498)
        at org.junit.runners.model.FrameworkMethod$1.runReflectiveCall(FrameworkMethod.java:47)
        at org.junit.internal.runners.model.ReflectiveCallable.run(ReflectiveCallable.java:12)
        at org.junit.runners.model.FrameworkMethod.invokeExplosively(FrameworkMethod.java:44)
        at org.junit.internal.runners.statements.RunBefores.evaluate(RunBefores.java:24)
        at org.junit.internal.runners.statements.RunAfters.evaluate(RunAfters.java:27)
        at org.junit.runners.ParentRunner.run(ParentRunner.java:309)
        at org.apache.maven.surefire.junit4.JUnit4Provider.execute(JUnit4Provider.java:365)
        at org.apache.maven.surefire.junit4.JUnit4Provider.executeWithRerun(JUnit4Provider.java:273)
        at org.apache.maven.surefire.junit4.JUnit4Provider.executeTestSet(JUnit4Provider.java:238)
        at org.apache.maven.surefire.junit4.JUnit4Provider.invoke(JUnit4Provider.java:159)
        at org.apache.maven.surefire.booter.ForkedBooter.invokeProviderInSameClassLoader(ForkedBooter.java:384)
        at org.apache.maven.surefire.booter.ForkedBooter.runSuitesInProcess(ForkedBooter.java:345)
        at org.apache.maven.surefire.booter.ForkedBooter.execute(ForkedBooter.java:126)
        at org.apache.maven.surefire.booter.ForkedBooter.main(ForkedBooter.java:418)
"IPC Server Responder" daemon prio=5 tid=23 runnable
java.lang.Thread.State: RUNNABLE
        at sun.nio.ch.EPollArrayWrapper.epollWait(Native Method)
        at sun.nio.ch.EPollArrayWrapper.poll(EPollArrayWrapper.java:269)
        at sun.nio.ch.EPollSelectorImpl.doSelect(EPollSelectorImpl.java:93)
        at sun.nio.ch.SelectorImpl.lockAndDoSelect(SelectorImpl.java:86)
        at sun.nio.ch.SelectorImpl.select(SelectorImpl.java:97)
        at org.apache.hadoop.ipc.Server$Responder.doRunLoop(Server.java:1480)
        at org.apache.hadoop.ipc.Server$Responder.run(Server.java:1463)
"BlockDeletingService#2" daemon prio=5 tid=356 in Object.wait()
java.lang.Thread.State: WAITING (on object monitor)
        at sun.misc.Unsafe.park(Native Method)
        at java.util.concurrent.locks.LockSupport.park(LockSupport.java:175)
        at java.util.concurrent.locks.AbstractQueuedSynchronizer$ConditionObject.await(AbstractQueuedSynchronizer.java:2039)
        at java.util.concurrent.ScheduledThreadPoolExecutor$DelayedWorkQueue.take(ScheduledThreadPoolExecutor.java:1088)
        at java.util.concurrent.ScheduledThreadPoolExecutor$DelayedWorkQueue.take(ScheduledThreadPoolExecutor.java:809)
        at java.util.concurrent.ThreadPoolExecutor.getTask(ThreadPoolExecutor.java:1074)
        at java.util.concurrent.ThreadPoolExecutor.runWorker(ThreadPoolExecutor.java:1134)
        at java.util.concurrent.ThreadPoolExecutor$Worker.run(ThreadPoolExecutor.java:624)
        at java.lang.Thread.run(Thread.java:748)
"RatisPipelineUtilsThread"  prio=5 tid=15 timed_waiting
java.lang.Thread.State: TIMED_WAITING
        at sun.misc.Unsafe.park(Native Method)
        at java.util.concurrent.locks.LockSupport.parkNanos(LockSupport.java:215)
        at java.util.concurrent.locks.AbstractQueuedSynchronizer$ConditionObject.awaitNanos(AbstractQueuedSynchronizer.java:2078)
        at java.util.concurrent.ScheduledThreadPoolExecutor$DelayedWorkQueue.take(ScheduledThreadPoolExecutor.java:1093)
        at java.util.concurrent.ScheduledThreadPoolExecutor$DelayedWorkQueue.take(ScheduledThreadPoolExecutor.java:809)
        at java.util.concurrent.ThreadPoolExecutor.getTask(ThreadPoolExecutor.java:1074)
        at java.util.concurrent.ThreadPoolExecutor.runWorker(ThreadPoolExecutor.java:1134)
        at java.util.concurrent.ThreadPoolExecutor$Worker.run(ThreadPoolExecutor.java:624)
        at java.lang.Thread.run(Thread.java:748)
"Datanode ReportManager Thread - 3" daemon prio=5 tid=200 in Object.wait()
java.lang.Thread.State: WAITING (on object monitor)
        at sun.misc.Unsafe.park(Native Method)
        at java.util.concurrent.locks.LockSupport.park(LockSupport.java:175)
        at java.util.concurrent.locks.AbstractQueuedSynchronizer$ConditionObject.await(AbstractQueuedSynchronizer.java:2039)
        at java.util.concurrent.ScheduledThreadPoolExecutor$DelayedWorkQueue.take(ScheduledThreadPoolExecutor.java:1088)
        at java.util.concurrent.ScheduledThreadPoolExecutor$DelayedWorkQueue.take(ScheduledThreadPoolExecutor.java:809)
        at java.util.concurrent.ThreadPoolExecutor.getTask(ThreadPoolExecutor.java:1074)
        at java.util.concurrent.ThreadPoolExecutor.runWorker(ThreadPoolExecutor.java:1134)
        at java.util.concurrent.ThreadPoolExecutor$Worker.run(ThreadPoolExecutor.java:624)
        at java.lang.Thread.run(Thread.java:748)
"IPC Server handler 12 on default port 40641" daemon prio=5 tid=131 timed_waiting
java.lang.Thread.State: TIMED_WAITING
        at sun.misc.Unsafe.park(Native Method)
        at java.util.concurrent.locks.LockSupport.parkNanos(LockSupport.java:215)
        at java.util.concurrent.locks.AbstractQueuedSynchronizer$ConditionObject.awaitNanos(AbstractQueuedSynchronizer.java:2078)
        at java.util.concurrent.LinkedBlockingQueue.poll(LinkedBlockingQueue.java:467)
        at org.apache.hadoop.ipc.CallQueueManager.take(CallQueueManager.java:295)
        at org.apache.hadoop.ipc.Server$Handler.run(Server.java:2881)
"IPC Server handler 6 on default port 40641" daemon prio=5 tid=125 timed_waiting
java.lang.Thread.State: TIMED_WAITING
        at sun.misc.Unsafe.park(Native Method)
        at java.util.concurrent.locks.LockSupport.parkNanos(LockSupport.java:215)
        at java.util.concurrent.locks.AbstractQueuedSynchronizer$ConditionObject.awaitNanos(AbstractQueuedSynchronizer.java:2078)
        at java.util.concurrent.LinkedBlockingQueue.poll(LinkedBlockingQueue.java:467)
        at org.apache.hadoop.ipc.CallQueueManager.take(CallQueueManager.java:295)
        at org.apache.hadoop.ipc.Server$Handler.run(Server.java:2881)
"IPC Server handler 6 on default port 41043" daemon prio=5 tid=61 timed_waiting
java.lang.Thread.State: TIMED_WAITING
        at sun.misc.Unsafe.park(Native Method)
        at java.util.concurrent.locks.LockSupport.parkNanos(LockSupport.java:215)
        at java.util.concurrent.locks.AbstractQueuedSynchronizer$ConditionObject.awaitNanos(AbstractQueuedSynchronizer.java:2078)
        at java.util.concurrent.LinkedBlockingQueue.poll(LinkedBlockingQueue.java:467)
        at org.apache.hadoop.ipc.CallQueueManager.take(CallQueueManager.java:295)
        at org.apache.hadoop.ipc.Server$Handler.run(Server.java:2881)
"454ffaf2-f1cf-4ad5-8579-b0d0dc6569aa@group-DF8CCA9D97C3-StateMachineUpdater" daemon prio=5 tid=256 in Object.wait()
java.lang.Thread.State: WAITING (on object monitor)
        at java.lang.Object.wait(Native Method)
        at java.lang.Object.wait(Object.java:502)
        at org.apache.ratis.server.impl.StateMachineUpdater.waitForCommit(StateMachineUpdater.java:200)
        at org.apache.ratis.server.impl.StateMachineUpdater.run(StateMachineUpdater.java:165)
        at java.lang.Thread.run(Thread.java:748)
"IPC Server handler 15 on default port 40641" daemon prio=5 tid=134 timed_waiting
java.lang.Thread.State: TIMED_WAITING
        at sun.misc.Unsafe.park(Native Method)
        at java.util.concurrent.locks.LockSupport.parkNanos(LockSupport.java:215)
        at java.util.concurrent.locks.AbstractQueuedSynchronizer$ConditionObject.awaitNanos(AbstractQueuedSynchronizer.java:2078)
        at java.util.concurrent.LinkedBlockingQueue.poll(LinkedBlockingQueue.java:467)
        at org.apache.hadoop.ipc.CallQueueManager.take(CallQueueManager.java:295)
        at org.apache.hadoop.ipc.Server$Handler.run(Server.java:2881)
"qtp2098720336-98" daemon prio=5 tid=98 timed_waiting
java.lang.Thread.State: TIMED_WAITING
        at sun.misc.Unsafe.park(Native Method)
        at java.util.concurrent.locks.LockSupport.parkNanos(LockSupport.java:215)
        at java.util.concurrent.locks.AbstractQueuedSynchronizer$ConditionObject.awaitNanos(AbstractQueuedSynchronizer.java:2078)
        at org.eclipse.jetty.util.BlockingArrayQueue.poll(BlockingArrayQueue.java:382)
        at org.eclipse.jetty.util.thread.QueuedThreadPool$Runner.idleJobPoll(QueuedThreadPool.java:875)
        at org.eclipse.jetty.util.thread.QueuedThreadPool$Runner.run(QueuedThreadPool.java:925)
        at java.lang.Thread.run(Thread.java:748)
"org.apache.hadoop.util.JvmPauseMonitor$Monitor@5bb43dc0" daemon prio=5 tid=202 timed_waiting
java.lang.Thread.State: TIMED_WAITING
        at java.lang.Thread.sleep(Native Method)
        at org.apache.hadoop.util.JvmPauseMonitor$Monitor.run(JvmPauseMonitor.java:192)
        at java.lang.Thread.run(Thread.java:748)
"IPC Server handler 7 on default port 41043" daemon prio=5 tid=62 timed_waiting
java.lang.Thread.State: TIMED_WAITING
        at sun.misc.Unsafe.park(Native Method)
        at java.util.concurrent.locks.LockSupport.parkNanos(LockSupport.java:215)
        at java.util.concurrent.locks.AbstractQueuedSynchronizer$ConditionObject.awaitNanos(AbstractQueuedSynchronizer.java:2078)
        at java.util.concurrent.LinkedBlockingQueue.poll(LinkedBlockingQueue.java:467)
        at org.apache.hadoop.ipc.CallQueueManager.take(CallQueueManager.java:295)
        at org.apache.hadoop.ipc.Server$Handler.run(Server.java:2881)
"IPC Server handler 14 on default port 40641" daemon prio=5 tid=133 timed_waiting
java.lang.Thread.State: TIMED_WAITING
        at sun.misc.Unsafe.park(Native Method)
        at java.util.concurrent.locks.LockSupport.parkNanos(LockSupport.java:215)
        at java.util.concurrent.locks.AbstractQueuedSynchronizer$ConditionObject.awaitNanos(AbstractQueuedSynchronizer.java:2078)
        at java.util.concurrent.LinkedBlockingQueue.poll(LinkedBlockingQueue.java:467)
        at org.apache.hadoop.ipc.CallQueueManager.take(CallQueueManager.java:295)
        at org.apache.hadoop.ipc.Server$Handler.run(Server.java:2881)
"KeyDeletingService#1" daemon prio=5 tid=139 in Object.wait()
java.lang.Thread.State: WAITING (on object monitor)
        at sun.misc.Unsafe.park(Native Method)
        at java.util.concurrent.locks.LockSupport.park(LockSupport.java:175)
        at java.util.concurrent.locks.AbstractQueuedSynchronizer$ConditionObject.await(AbstractQueuedSynchronizer.java:2039)
        at java.util.concurrent.ScheduledThreadPoolExecutor$DelayedWorkQueue.take(ScheduledThreadPoolExecutor.java:1088)
        at java.util.concurrent.ScheduledThreadPoolExecutor$DelayedWorkQueue.take(ScheduledThreadPoolExecutor.java:809)
        at java.util.concurrent.ThreadPoolExecutor.getTask(ThreadPoolExecutor.java:1074)
        at java.util.concurrent.ThreadPoolExecutor.runWorker(ThreadPoolExecutor.java:1134)
        at java.util.concurrent.ThreadPoolExecutor$Worker.run(ThreadPoolExecutor.java:624)
        at java.lang.Thread.run(Thread.java:748)
"ChunkWriter-1-0" daemon prio=5 tid=226 in Object.wait()
java.lang.Thread.State: WAITING (on object monitor)
        at sun.misc.Unsafe.park(Native Method)
        at java.util.concurrent.locks.LockSupport.park(LockSupport.java:175)
        at java.util.concurrent.locks.AbstractQueuedSynchronizer$ConditionObject.await(AbstractQueuedSynchronizer.java:2039)
        at java.util.concurrent.LinkedBlockingDeque.takeFirst(LinkedBlockingDeque.java:492)
        at java.util.concurrent.LinkedBlockingDeque.take(LinkedBlockingDeque.java:680)
        at java.util.concurrent.ThreadPoolExecutor.getTask(ThreadPoolExecutor.java:1074)
        at java.util.concurrent.ThreadPoolExecutor.runWorker(ThreadPoolExecutor.java:1134)
        at java.util.concurrent.ThreadPoolExecutor$Worker.run(ThreadPoolExecutor.java:624)
        at java.lang.Thread.run(Thread.java:748)
"qtp2047820764-145" daemon prio=5 tid=145 timed_waiting
java.lang.Thread.State: TIMED_WAITING
        at sun.misc.Unsafe.park(Native Method)
        at java.util.concurrent.locks.LockSupport.parkNanos(LockSupport.java:215)
        at java.util.concurrent.locks.AbstractQueuedSynchronizer$ConditionObject.awaitNanos(AbstractQueuedSynchronizer.java:2078)
        at org.eclipse.jetty.util.BlockingArrayQueue.poll(BlockingArrayQueue.java:382)
        at org.eclipse.jetty.util.thread.QueuedThreadPool$Runner.idleJobPoll(QueuedThreadPool.java:875)
        at org.eclipse.jetty.util.thread.QueuedThreadPool$Runner.run(QueuedThreadPool.java:925)
        at java.lang.Thread.run(Thread.java:748)
"pool-35-thread-1"  prio=5 tid=251 in Object.wait()
java.lang.Thread.State: WAITING (on object monitor)
        at sun.misc.Unsafe.park(Native Method)
        at java.util.concurrent.locks.LockSupport.park(LockSupport.java:175)
        at java.util.concurrent.locks.AbstractQueuedSynchronizer$ConditionObject.await(AbstractQueuedSynchronizer.java:2039)
        at java.util.concurrent.LinkedBlockingQueue.take(LinkedBlockingQueue.java:442)
        at java.util.concurrent.ThreadPoolExecutor.getTask(ThreadPoolExecutor.java:1074)
        at java.util.concurrent.ThreadPoolExecutor.runWorker(ThreadPoolExecutor.java:1134)
        at java.util.concurrent.ThreadPoolExecutor$Worker.run(ThreadPoolExecutor.java:624)
        at java.lang.Thread.run(Thread.java:748)
"SCMBlockDeletingService#0" daemon prio=5 tid=106 timed_waiting
java.lang.Thread.State: TIMED_WAITING
        at sun.misc.Unsafe.park(Native Method)
        at java.util.concurrent.locks.LockSupport.parkNanos(LockSupport.java:215)
        at java.util.concurrent.locks.AbstractQueuedSynchronizer$ConditionObject.awaitNanos(AbstractQueuedSynchronizer.java:2078)
        at java.util.concurrent.ScheduledThreadPoolExecutor$DelayedWorkQueue.take(ScheduledThreadPoolExecutor.java:1093)
        at java.util.concurrent.ScheduledThreadPoolExecutor$DelayedWorkQueue.take(ScheduledThreadPoolExecutor.java:809)
        at java.util.concurrent.ThreadPoolExecutor.getTask(ThreadPoolExecutor.java:1074)
        at java.util.concurrent.ThreadPoolExecutor.runWorker(ThreadPoolExecutor.java:1134)
        at java.util.concurrent.ThreadPoolExecutor$Worker.run(ThreadPoolExecutor.java:624)
        at java.lang.Thread.run(Thread.java:748)
"surefire-forkedjvm-ping-30s" daemon prio=5 tid=10 timed_waiting
java.lang.Thread.State: TIMED_WAITING
        at java.lang.Object.wait(Native Method)
        at java.lang.Object.wait(Object.java:502)
        at java.lang.UNIXProcess.waitFor(UNIXProcess.java:395)
        at org.apache.maven.surefire.booter.PpidChecker$ProcessInfoConsumer.execute(PpidChecker.java:360)
        at org.apache.maven.surefire.booter.PpidChecker.unix(PpidChecker.java:190)
        at org.apache.maven.surefire.booter.PpidChecker.isProcessAlive(PpidChecker.java:123)
        at org.apache.maven.surefire.booter.ForkedBooter$2.run(ForkedBooter.java:214)
        at java.util.concurrent.Executors$RunnableAdapter.call(Executors.java:511)
        at java.util.concurrent.FutureTask.runAndReset(FutureTask.java:308)
        at java.util.concurrent.ScheduledThreadPoolExecutor$ScheduledFutureTask.access$301(ScheduledThreadPoolExecutor.java:180)
        at java.util.concurrent.ScheduledThreadPoolExecutor$ScheduledFutureTask.run(ScheduledThreadPoolExecutor.java:294)
        at java.util.concurrent.ThreadPoolExecutor.runWorker(ThreadPoolExecutor.java:1149)
        at java.util.concurrent.ThreadPoolExecutor$Worker.run(ThreadPoolExecutor.java:624)
        at java.lang.Thread.run(Thread.java:748)
"qtp2098720336-99" daemon prio=5 tid=99 timed_waiting
java.lang.Thread.State: TIMED_WAITING
        at sun.misc.Unsafe.park(Native Method)
        at java.util.concurrent.locks.LockSupport.parkNanos(LockSupport.java:215)
        at java.util.concurrent.locks.AbstractQueuedSynchronizer$ConditionObject.awaitNanos(AbstractQueuedSynchronizer.java:2078)
        at org.eclipse.jetty.util.BlockingArrayQueue.poll(BlockingArrayQueue.java:382)
        at org.eclipse.jetty.util.thread.QueuedThreadPool$Runner.idleJobPoll(QueuedThreadPool.java:875)
        at org.eclipse.jetty.util.thread.QueuedThreadPool$Runner.run(QueuedThreadPool.java:925)
        at java.lang.Thread.run(Thread.java:748)
"Signal Dispatcher" daemon prio=9 tid=4 runnable
java.lang.Thread.State: RUNNABLE
"OMDoubleBufferFlushThread" daemon prio=5 tid=111 timed_waiting
java.lang.Thread.State: TIMED_WAITING
        at java.lang.Object.wait(Native Method)
        at org.apache.hadoop.ozone.om.ratis.OzoneManagerDoubleBuffer.canFlush(OzoneManagerDoubleBuffer.java:482)
        at org.apache.hadoop.ozone.om.ratis.OzoneManagerDoubleBuffer.flushTransactions(OzoneManagerDoubleBuffer.java:232)
        at org.apache.hadoop.ozone.om.ratis.OzoneManagerDoubleBuffer$$Lambda$80/197437872.run(Unknown Source)
        at java.lang.Thread.run(Thread.java:748)
"9495edf4-c4c1-498f-b6f3-5b53a0d22e6c@group-5970BB7322FA-StateMachineUpdater" daemon prio=5 tid=260 in Object.wait()
java.lang.Thread.State: WAITING (on object monitor)
        at java.lang.Object.wait(Native Method)
        at java.lang.Object.wait(Object.java:502)
        at org.apache.ratis.server.impl.StateMachineUpdater.waitForCommit(StateMachineUpdater.java:200)
        at org.apache.ratis.server.impl.StateMachineUpdater.run(StateMachineUpdater.java:165)
        at java.lang.Thread.run(Thread.java:748)
"IPC Server handler 4 on default port 41043" daemon prio=5 tid=59 timed_waiting
java.lang.Thread.State: TIMED_WAITING
        at sun.misc.Unsafe.park(Native Method)
        at java.util.concurrent.locks.LockSupport.parkNanos(LockSupport.java:215)
        at java.util.concurrent.locks.AbstractQueuedSynchronizer$ConditionObject.awaitNanos(AbstractQueuedSynchronizer.java:2078)
        at java.util.concurrent.LinkedBlockingQueue.poll(LinkedBlockingQueue.java:467)
        at org.apache.hadoop.ipc.CallQueueManager.take(CallQueueManager.java:295)
        at org.apache.hadoop.ipc.Server$Handler.run(Server.java:2881)
"IPC Server listener on 0" daemon prio=5 tid=16 runnable
java.lang.Thread.State: RUNNABLE
        at sun.nio.ch.EPollArrayWrapper.epollWait(Native Method)
        at sun.nio.ch.EPollArrayWrapper.poll(EPollArrayWrapper.java:269)
        at sun.nio.ch.EPollSelectorImpl.doSelect(EPollSelectorImpl.java:93)
        at sun.nio.ch.SelectorImpl.lockAndDoSelect(SelectorImpl.java:86)
        at sun.nio.ch.SelectorImpl.select(SelectorImpl.java:97)
        at sun.nio.ch.SelectorImpl.select(SelectorImpl.java:101)
        at org.apache.hadoop.ipc.Server$Listener.run(Server.java:1304)
"pool-10-thread-1"  prio=5 tid=104 timed_waiting
java.lang.Thread.State: TIMED_WAITING
        at sun.misc.Unsafe.park(Native Method)
        at java.util.concurrent.locks.LockSupport.parkNanos(LockSupport.java:215)
        at java.util.concurrent.locks.AbstractQueuedSynchronizer$ConditionObject.awaitNanos(AbstractQueuedSynchronizer.java:2078)
        at java.util.concurrent.ScheduledThreadPoolExecutor$DelayedWorkQueue.take(ScheduledThreadPoolExecutor.java:1093)
        at java.util.concurrent.ScheduledThreadPoolExecutor$DelayedWorkQueue.take(ScheduledThreadPoolExecutor.java:809)
        at java.util.concurrent.ThreadPoolExecutor.getTask(ThreadPoolExecutor.java:1074)
        at java.util.concurrent.ThreadPoolExecutor.runWorker(ThreadPoolExecutor.java:1134)
        at java.util.concurrent.ThreadPoolExecutor$Worker.run(ThreadPoolExecutor.java:624)
        at java.lang.Thread.run(Thread.java:748)
"pool-71-thread-1"  prio=5 tid=205 timed_waiting
java.lang.Thread.State: TIMED_WAITING
        at sun.misc.Unsafe.park(Native Method)
        at java.util.concurrent.locks.LockSupport.parkNanos(LockSupport.java:215)
        at java.util.concurrent.locks.AbstractQueuedSynchronizer$ConditionObject.awaitNanos(AbstractQueuedSynchronizer.java:2078)
        at java.util.concurrent.ScheduledThreadPoolExecutor$DelayedWorkQueue.take(ScheduledThreadPoolExecutor.java:1093)
        at java.util.concurrent.ScheduledThreadPoolExecutor$DelayedWorkQueue.take(ScheduledThreadPoolExecutor.java:809)
        at java.util.concurrent.ThreadPoolExecutor.getTask(ThreadPoolExecutor.java:1074)
        at java.util.concurrent.ThreadPoolExecutor.runWorker(ThreadPoolExecutor.java:1134)
        at java.util.concurrent.ThreadPoolExecutor$Worker.run(ThreadPoolExecutor.java:624)
        at java.lang.Thread.run(Thread.java:748)
"Session-HouseKeeper-6a25c9ad-1"  prio=5 tid=190 timed_waiting
java.lang.Thread.State: TIMED_WAITING
        at sun.misc.Unsafe.park(Native Method)
        at java.util.concurrent.locks.LockSupport.parkNanos(LockSupport.java:215)
        at java.util.concurrent.locks.AbstractQueuedSynchronizer$ConditionObject.awaitNanos(AbstractQueuedSynchronizer.java:2078)
        at java.util.concurrent.ScheduledThreadPoolExecutor$DelayedWorkQueue.take(ScheduledThreadPoolExecutor.java:1093)
        at java.util.concurrent.ScheduledThreadPoolExecutor$DelayedWorkQueue.take(ScheduledThreadPoolExecutor.java:809)
        at java.util.concurrent.ThreadPoolExecutor.getTask(ThreadPoolExecutor.java:1074)
        at java.util.concurrent.ThreadPoolExecutor.runWorker(ThreadPoolExecutor.java:1134)
        at java.util.concurrent.ThreadPoolExecutor$Worker.run(ThreadPoolExecutor.java:624)
        at java.lang.Thread.run(Thread.java:748)
"qtp2098720336-97" daemon prio=5 tid=97 timed_waiting
java.lang.Thread.State: TIMED_WAITING
        at sun.misc.Unsafe.park(Native Method)
        at java.util.concurrent.locks.LockSupport.parkNanos(LockSupport.java:215)
        at java.util.concurrent.locks.AbstractQueuedSynchronizer$ConditionObject.awaitNanos(AbstractQueuedSynchronizer.java:2078)
        at org.eclipse.jetty.util.BlockingArrayQueue.poll(BlockingArrayQueue.java:382)
        at org.eclipse.jetty.util.thread.QueuedThreadPool$Runner.idleJobPoll(QueuedThreadPool.java:875)
        at org.eclipse.jetty.util.thread.QueuedThreadPool$Runner.run(QueuedThreadPool.java:925)
        at java.lang.Thread.run(Thread.java:748)
"pool-56-thread-1"  prio=5 tid=191 timed_waiting
java.lang.Thread.State: TIMED_WAITING
        at sun.misc.Unsafe.park(Native Method)
        at java.util.concurrent.locks.LockSupport.parkNanos(LockSupport.java:215)
        at java.util.concurrent.locks.AbstractQueuedSynchronizer$ConditionObject.awaitNanos(AbstractQueuedSynchronizer.java:2078)
        at java.util.concurrent.ScheduledThreadPoolExecutor$DelayedWorkQueue.take(ScheduledThreadPoolExecutor.java:1093)
        at java.util.concurrent.ScheduledThreadPoolExecutor$DelayedWorkQueue.take(ScheduledThreadPoolExecutor.java:809)
        at java.util.concurrent.ThreadPoolExecutor.getTask(ThreadPoolExecutor.java:1074)
        at java.util.concurrent.ThreadPoolExecutor.runWorker(ThreadPoolExecutor.java:1134)
        at java.util.concurrent.ThreadPoolExecutor$Worker.run(ThreadPoolExecutor.java:624)
        at java.lang.Thread.run(Thread.java:748)
"IPC Server handler 5 on default port 39179" daemon prio=5 tid=40 timed_waiting
java.lang.Thread.State: TIMED_WAITING
        at sun.misc.Unsafe.park(Native Method)
        at java.util.concurrent.locks.LockSupport.parkNanos(LockSupport.java:215)
        at java.util.concurrent.locks.AbstractQueuedSynchronizer$ConditionObject.awaitNanos(AbstractQueuedSynchronizer.java:2078)
        at java.util.concurrent.LinkedBlockingQueue.poll(LinkedBlockingQueue.java:467)
        at org.apache.hadoop.ipc.CallQueueManager.take(CallQueueManager.java:295)
        at org.apache.hadoop.ipc.Server$Handler.run(Server.java:2881)
"qtp1990315034-159-acceptor-0@1a92496a-ServerConnector@52539624{HTTP/1.1,[http/1.1]}{0.0.0.0:36785}" daemon prio=3 tid=159 runnable
java.lang.Thread.State: RUNNABLE
        at sun.nio.ch.ServerSocketChannelImpl.accept0(Native Method)
        at sun.nio.ch.ServerSocketChannelImpl.accept(ServerSocketChannelImpl.java:422)
        at sun.nio.ch.ServerSocketChannelImpl.accept(ServerSocketChannelImpl.java:250)
        at org.eclipse.jetty.server.ServerConnector.accept(ServerConnector.java:385)
        at org.eclipse.jetty.server.AbstractConnector$Acceptor.run(AbstractConnector.java:701)
        at org.eclipse.jetty.util.thread.QueuedThreadPool.runJob(QueuedThreadPool.java:806)
        at org.eclipse.jetty.util.thread.QueuedThreadPool$Runner.run(QueuedThreadPool.java:938)
        at java.lang.Thread.run(Thread.java:748)
"IPC Server handler 2 on default port 39179" daemon prio=5 tid=37 timed_waiting
java.lang.Thread.State: TIMED_WAITING
        at sun.misc.Unsafe.park(Native Method)
        at java.util.concurrent.locks.LockSupport.parkNanos(LockSupport.java:215)
        at java.util.concurrent.locks.AbstractQueuedSynchronizer$ConditionObject.awaitNanos(AbstractQueuedSynchronizer.java:2078)
        at java.util.concurrent.LinkedBlockingQueue.poll(LinkedBlockingQueue.java:467)
        at org.apache.hadoop.ipc.CallQueueManager.take(CallQueueManager.java:295)
        at org.apache.hadoop.ipc.Server$Handler.run(Server.java:2881)
"Finalizer" daemon prio=8 tid=3 in Object.wait()
java.lang.Thread.State: WAITING (on object monitor)
        at java.lang.Object.wait(Native Method)
        at java.lang.ref.ReferenceQueue.remove(ReferenceQueue.java:144)
        at java.lang.ref.ReferenceQueue.remove(ReferenceQueue.java:165)
        at java.lang.ref.Finalizer$FinalizerThread.run(Finalizer.java:216)
"EventQueue-Delayed safe mode statusForReplicationManager"  prio=5 tid=31 in Object.wait()
java.lang.Thread.State: WAITING (on object monitor)
        at sun.misc.Unsafe.park(Native Method)
        at java.util.concurrent.locks.LockSupport.park(LockSupport.java:175)
        at java.util.concurrent.locks.AbstractQueuedSynchronizer$ConditionObject.await(AbstractQueuedSynchronizer.java:2039)
        at java.util.concurrent.LinkedBlockingQueue.take(LinkedBlockingQueue.java:442)
        at java.util.concurrent.ThreadPoolExecutor.getTask(ThreadPoolExecutor.java:1074)
        at java.util.concurrent.ThreadPoolExecutor.runWorker(ThreadPoolExecutor.java:1134)
        at java.util.concurrent.ThreadPoolExecutor$Worker.run(ThreadPoolExecutor.java:624)
        at java.lang.Thread.run(Thread.java:748)
"pool-39-thread-1"  prio=5 tid=157 timed_waiting
java.lang.Thread.State: TIMED_WAITING
        at sun.misc.Unsafe.park(Native Method)
        at java.util.concurrent.locks.LockSupport.parkNanos(LockSupport.java:215)
        at java.util.concurrent.locks.AbstractQueuedSynchronizer$ConditionObject.awaitNanos(AbstractQueuedSynchronizer.java:2078)
        at java.util.concurrent.ScheduledThreadPoolExecutor$DelayedWorkQueue.take(ScheduledThreadPoolExecutor.java:1093)
        at java.util.concurrent.ScheduledThreadPoolExecutor$DelayedWorkQueue.take(ScheduledThreadPoolExecutor.java:809)
        at java.util.concurrent.ThreadPoolExecutor.getTask(ThreadPoolExecutor.java:1074)
        at java.util.concurrent.ThreadPoolExecutor.runWorker(ThreadPoolExecutor.java:1134)
        at java.util.concurrent.ThreadPoolExecutor$Worker.run(ThreadPoolExecutor.java:624)
        at java.lang.Thread.run(Thread.java:748)
"IPC Server idle connection scanner for port 40641" daemon prio=5 tid=114 timed_waiting
java.lang.Thread.State: TIMED_WAITING
        at java.lang.Object.wait(Native Method)
        at java.util.TimerThread.mainLoop(Timer.java:552)
        at java.util.TimerThread.run(Timer.java:505)
"pool-40-thread-1"  prio=5 tid=167 timed_waiting
java.lang.Thread.State: TIMED_WAITING
        at sun.misc.Unsafe.park(Native Method)
        at java.util.concurrent.locks.LockSupport.parkNanos(LockSupport.java:215)
        at java.util.concurrent.locks.AbstractQueuedSynchronizer$ConditionObject.awaitNanos(AbstractQueuedSynchronizer.java:2078)
        at java.util.concurrent.ScheduledThreadPoolExecutor$DelayedWorkQueue.take(ScheduledThreadPoolExecutor.java:1093)
        at java.util.concurrent.ScheduledThreadPoolExecutor$DelayedWorkQueue.take(ScheduledThreadPoolExecutor.java:809)
        at java.util.concurrent.ThreadPoolExecutor.getTask(ThreadPoolExecutor.java:1074)
        at java.util.concurrent.ThreadPoolExecutor.runWorker(ThreadPoolExecutor.java:1134)
        at java.util.concurrent.ThreadPoolExecutor$Worker.run(ThreadPoolExecutor.java:624)
        at java.lang.Thread.run(Thread.java:748)
"IPC Server handler 9 on default port 46773" daemon prio=5 tid=84 timed_waiting
java.lang.Thread.State: TIMED_WAITING
        at sun.misc.Unsafe.park(Native Method)
        at java.util.concurrent.locks.LockSupport.parkNanos(LockSupport.java:215)
        at java.util.concurrent.locks.AbstractQueuedSynchronizer$ConditionObject.awaitNanos(AbstractQueuedSynchronizer.java:2078)
        at java.util.concurrent.LinkedBlockingQueue.poll(LinkedBlockingQueue.java:467)
        at org.apache.hadoop.ipc.CallQueueManager.take(CallQueueManager.java:295)
        at org.apache.hadoop.ipc.Server$Handler.run(Server.java:2881)
"IPC Server handler 19 on default port 40641" daemon prio=5 tid=138 timed_waiting
java.lang.Thread.State: TIMED_WAITING
        at sun.misc.Unsafe.park(Native Method)
        at java.util.concurrent.locks.LockSupport.parkNanos(LockSupport.java:215)
        at java.util.concurrent.locks.AbstractQueuedSynchronizer$ConditionObject.awaitNanos(AbstractQueuedSynchronizer.java:2078)
        at java.util.concurrent.LinkedBlockingQueue.poll(LinkedBlockingQueue.java:467)
        at org.apache.hadoop.ipc.CallQueueManager.take(CallQueueManager.java:295)
        at org.apache.hadoop.ipc.Server$Handler.run(Server.java:2881)
"IPC Server handler 3 on default port 46773" daemon prio=5 tid=78 timed_waiting
java.lang.Thread.State: TIMED_WAITING
        at sun.misc.Unsafe.park(Native Method)
        at java.util.concurrent.locks.LockSupport.parkNanos(LockSupport.java:215)
        at java.util.concurrent.locks.AbstractQueuedSynchronizer$ConditionObject.awaitNanos(AbstractQueuedSynchronizer.java:2078)
        at java.util.concurrent.LinkedBlockingQueue.poll(LinkedBlockingQueue.java:467)
        at org.apache.hadoop.ipc.CallQueueManager.take(CallQueueManager.java:295)
        at org.apache.hadoop.ipc.Server$Handler.run(Server.java:2881)
"IPC Server handler 7 on default port 40641" daemon prio=5 tid=126 timed_waiting
java.lang.Thread.State: TIMED_WAITING
        at sun.misc.Unsafe.park(Native Method)
        at java.util.concurrent.locks.LockSupport.parkNanos(LockSupport.java:215)
        at java.util.concurrent.locks.AbstractQueuedSynchronizer$ConditionObject.awaitNanos(AbstractQueuedSynchronizer.java:2078)
        at java.util.concurrent.LinkedBlockingQueue.poll(LinkedBlockingQueue.java:467)
        at org.apache.hadoop.ipc.CallQueueManager.take(CallQueueManager.java:295)
        at org.apache.hadoop.ipc.Server$Handler.run(Server.java:2881)
"qtp1029385246-183-acceptor-0@7cd9e825-ServerConnector@31d09031{HTTP/1.1,[http/1.1]}{0.0.0.0:34009}" daemon prio=3 tid=183 runnable
java.lang.Thread.State: RUNNABLE
        at sun.nio.ch.ServerSocketChannelImpl.accept0(Native Method)
        at sun.nio.ch.ServerSocketChannelImpl.accept(ServerSocketChannelImpl.java:422)
        at sun.nio.ch.ServerSocketChannelImpl.accept(ServerSocketChannelImpl.java:250)
        at org.eclipse.jetty.server.ServerConnector.accept(ServerConnector.java:385)
        at org.eclipse.jetty.server.AbstractConnector$Acceptor.run(AbstractConnector.java:701)
        at org.eclipse.jetty.util.thread.QueuedThreadPool.runJob(QueuedThreadPool.java:806)
        at org.eclipse.jetty.util.thread.QueuedThreadPool$Runner.run(QueuedThreadPool.java:938)
        at java.lang.Thread.run(Thread.java:748)
"EventQueue-Safe mode statusForBlockManagerImpl"  prio=5 tid=29 in Object.wait()
java.lang.Thread.State: WAITING (on object monitor)
        at sun.misc.Unsafe.park(Native Method)
        at java.util.concurrent.locks.LockSupport.park(LockSupport.java:175)
        at java.util.concurrent.locks.AbstractQueuedSynchronizer$ConditionObject.await(AbstractQueuedSynchronizer.java:2039)
        at java.util.concurrent.LinkedBlockingQueue.take(LinkedBlockingQueue.java:442)
        at java.util.concurrent.ThreadPoolExecutor.getTask(ThreadPoolExecutor.java:1074)
        at java.util.concurrent.ThreadPoolExecutor.runWorker(ThreadPoolExecutor.java:1134)
        at java.util.concurrent.ThreadPoolExecutor$Worker.run(ThreadPoolExecutor.java:624)
        at java.lang.Thread.run(Thread.java:748)
"f827eca5-1302-485d-b40a-808f1d3616bb@group-DF8CCA9D97C3-SegmentedRaftLogWorker"  prio=5 tid=269 timed_waiting
java.lang.Thread.State: TIMED_WAITING
        at sun.misc.Unsafe.park(Native Method)
        at java.util.concurrent.locks.LockSupport.parkNanos(LockSupport.java:215)
        at java.util.concurrent.locks.AbstractQueuedSynchronizer$ConditionObject.awaitNanos(AbstractQueuedSynchronizer.java:2078)
        at org.apache.ratis.util.DataBlockingQueue.poll(DataBlockingQueue.java:137)
        at org.apache.ratis.server.raftlog.segmented.SegmentedRaftLogWorker.run(SegmentedRaftLogWorker.java:287)
        at java.lang.Thread.run(Thread.java:748)
"Datanode ReportManager Thread - 3" daemon prio=5 tid=176 in Object.wait()
java.lang.Thread.State: WAITING (on object monitor)
        at sun.misc.Unsafe.park(Native Method)
        at java.util.concurrent.locks.LockSupport.park(LockSupport.java:175)
        at java.util.concurrent.locks.AbstractQueuedSynchronizer$ConditionObject.await(AbstractQueuedSynchronizer.java:2039)
        at java.util.concurrent.ScheduledThreadPoolExecutor$DelayedWorkQueue.take(ScheduledThreadPoolExecutor.java:1088)
        at java.util.concurrent.ScheduledThreadPoolExecutor$DelayedWorkQueue.take(ScheduledThreadPoolExecutor.java:809)
        at java.util.concurrent.ThreadPoolExecutor.getTask(ThreadPoolExecutor.java:1074)
        at java.util.concurrent.ThreadPoolExecutor.runWorker(ThreadPoolExecutor.java:1134)
        at java.util.concurrent.ThreadPoolExecutor$Worker.run(ThreadPoolExecutor.java:624)
        at java.lang.Thread.run(Thread.java:748)
"EventQueue-NodeRegistrationContainerReportForDataNodeSafeModeRule" daemon prio=5 tid=246 in Object.wait()
java.lang.Thread.State: WAITING (on object monitor)
        at sun.misc.Unsafe.park(Native Method)
        at java.util.concurrent.locks.LockSupport.park(LockSupport.java:175)
        at java.util.concurrent.locks.AbstractQueuedSynchronizer$ConditionObject.await(AbstractQueuedSynchronizer.java:2039)
        at java.util.concurrent.LinkedBlockingQueue.take(LinkedBlockingQueue.java:442)
        at java.util.concurrent.ThreadPoolExecutor.getTask(ThreadPoolExecutor.java:1074)
        at java.util.concurrent.ThreadPoolExecutor.runWorker(ThreadPoolExecutor.java:1134)
        at java.util.concurrent.ThreadPoolExecutor$Worker.run(ThreadPoolExecutor.java:624)
        at java.lang.Thread.run(Thread.java:748)
"IPC Server handler 17 on default port 40641" daemon prio=5 tid=136 timed_waiting
java.lang.Thread.State: TIMED_WAITING
        at sun.misc.Unsafe.park(Native Method)
        at java.util.concurrent.locks.LockSupport.parkNanos(LockSupport.java:215)
        at java.util.concurrent.locks.AbstractQueuedSynchronizer$ConditionObject.awaitNanos(AbstractQueuedSynchronizer.java:2078)
        at java.util.concurrent.LinkedBlockingQueue.poll(LinkedBlockingQueue.java:467)
        at org.apache.hadoop.ipc.CallQueueManager.take(CallQueueManager.java:295)
        at org.apache.hadoop.ipc.Server$Handler.run(Server.java:2881)
"IPC Server handler 0 on default port 46773" daemon prio=5 tid=75 timed_waiting
java.lang.Thread.State: TIMED_WAITING
        at sun.misc.Unsafe.park(Native Method)
        at java.util.concurrent.locks.LockSupport.parkNanos(LockSupport.java:215)
        at java.util.concurrent.locks.AbstractQueuedSynchronizer$ConditionObject.awaitNanos(AbstractQueuedSynchronizer.java:2078)
        at java.util.concurrent.LinkedBlockingQueue.poll(LinkedBlockingQueue.java:467)
        at org.apache.hadoop.ipc.CallQueueManager.take(CallQueueManager.java:295)
        at org.apache.hadoop.ipc.Server$Handler.run(Server.java:2881)
"Periodic HDDS volume checker" daemon prio=5 tid=170 timed_waiting
java.lang.Thread.State: TIMED_WAITING
        at sun.misc.Unsafe.park(Native Method)
        at java.util.concurrent.locks.LockSupport.parkNanos(LockSupport.java:215)
        at java.util.concurrent.locks.AbstractQueuedSynchronizer$ConditionObject.awaitNanos(AbstractQueuedSynchronizer.java:2078)
        at java.util.concurrent.ScheduledThreadPoolExecutor$DelayedWorkQueue.take(ScheduledThreadPoolExecutor.java:1093)
        at java.util.concurrent.ScheduledThreadPoolExecutor$DelayedWorkQueue.take(ScheduledThreadPoolExecutor.java:809)
        at java.util.concurrent.ThreadPoolExecutor.getTask(ThreadPoolExecutor.java:1074)
        at java.util.concurrent.ThreadPoolExecutor.runWorker(ThreadPoolExecutor.java:1134)
        at java.util.concurrent.ThreadPoolExecutor$Worker.run(ThreadPoolExecutor.java:624)
        at java.lang.Thread.run(Thread.java:748)
"org.apache.hadoop.util.JvmPauseMonitor$Monitor@100aa331" daemon prio=5 tid=107 timed_waiting
java.lang.Thread.State: TIMED_WAITING
        at java.lang.Thread.sleep(Native Method)
        at org.apache.hadoop.util.JvmPauseMonitor$Monitor.run(JvmPauseMonitor.java:192)
        at java.lang.Thread.run(Thread.java:748)
"Thread-220" daemon prio=5 tid=313 timed_waiting
java.lang.Thread.State: TIMED_WAITING
        at java.lang.Thread.sleep(Native Method)
        at org.apache.ratis.util.JavaUtils.sleep(JavaUtils.java:243)
        at org.apache.ratis.server.impl.FollowerState.run(FollowerState.java:97)
"ChunkWriter-3-0" daemon prio=5 tid=228 in Object.wait()
java.lang.Thread.State: WAITING (on object monitor)
        at sun.misc.Unsafe.park(Native Method)
        at java.util.concurrent.locks.LockSupport.park(LockSupport.java:175)
        at java.util.concurrent.locks.AbstractQueuedSynchronizer$ConditionObject.await(AbstractQueuedSynchronizer.java:2039)
        at java.util.concurrent.LinkedBlockingDeque.takeFirst(LinkedBlockingDeque.java:492)
        at java.util.concurrent.LinkedBlockingDeque.take(LinkedBlockingDeque.java:680)
        at java.util.concurrent.ThreadPoolExecutor.getTask(ThreadPoolExecutor.java:1074)
        at java.util.concurrent.ThreadPoolExecutor.runWorker(ThreadPoolExecutor.java:1134)
        at java.util.concurrent.ThreadPoolExecutor$Worker.run(ThreadPoolExecutor.java:624)
        at java.lang.Thread.run(Thread.java:748)
"qtp1990315034-165" daemon prio=5 tid=165 timed_waiting
java.lang.Thread.State: TIMED_WAITING
        at sun.misc.Unsafe.park(Native Method)
        at java.util.concurrent.locks.LockSupport.parkNanos(LockSupport.java:215)
        at java.util.concurrent.locks.AbstractQueuedSynchronizer$ConditionObject.awaitNanos(AbstractQueuedSynchronizer.java:2078)
        at org.eclipse.jetty.util.BlockingArrayQueue.poll(BlockingArrayQueue.java:382)
        at org.eclipse.jetty.util.thread.QueuedThreadPool$Runner.idleJobPoll(QueuedThreadPool.java:875)
        at org.eclipse.jetty.util.thread.QueuedThreadPool$Runner.run(QueuedThreadPool.java:925)
        at java.lang.Thread.run(Thread.java:748)
"EventQueue-StaleNodeForStaleNodeHandler" daemon prio=5 tid=395 in Object.wait()
java.lang.Thread.State: WAITING (on object monitor)
        at sun.misc.Unsafe.park(Native Method)
        at java.util.concurrent.locks.LockSupport.park(LockSupport.java:175)
        at java.util.concurrent.locks.AbstractQueuedSynchronizer$ConditionObject.await(AbstractQueuedSynchronizer.java:2039)
        at java.util.concurrent.LinkedBlockingQueue.take(LinkedBlockingQueue.java:442)
        at java.util.concurrent.ThreadPoolExecutor.getTask(ThreadPoolExecutor.java:1074)
        at java.util.concurrent.ThreadPoolExecutor.runWorker(ThreadPoolExecutor.java:1134)
        at java.util.concurrent.ThreadPoolExecutor$Worker.run(ThreadPoolExecutor.java:624)
        at java.lang.Thread.run(Thread.java:748)
"Command processor thread" daemon prio=5 tid=177 runnable
java.lang.Thread.State: RUNNABLE
        at org.apache.hadoop.ozone.container.common.statemachine.DatanodeStateMachine.lambda$initCommandHandlerThread$1(DatanodeStateMachine.java:472)
        at org.apache.hadoop.ozone.container.common.statemachine.DatanodeStateMachine$$Lambda$171/38896440.run(Unknown Source)
        at java.lang.Thread.run(Thread.java:748)
"qtp1990315034-163" daemon prio=5 tid=163 timed_waiting
java.lang.Thread.State: TIMED_WAITING
        at sun.misc.Unsafe.park(Native Method)
        at java.util.concurrent.locks.LockSupport.parkNanos(LockSupport.java:215)
        at java.util.concurrent.locks.AbstractQueuedSynchronizer$ConditionObject.awaitNanos(AbstractQueuedSynchronizer.java:2078)
        at org.eclipse.jetty.util.BlockingArrayQueue.poll(BlockingArrayQueue.java:382)
        at org.eclipse.jetty.util.thread.QueuedThreadPool$Runner.idleJobPoll(QueuedThreadPool.java:875)
        at org.eclipse.jetty.util.thread.QueuedThreadPool$Runner.run(QueuedThreadPool.java:925)
        at java.lang.Thread.run(Thread.java:748)
"Socket Reader #1 for port 0"  prio=5 tid=21 runnable
java.lang.Thread.State: RUNNABLE
        at sun.nio.ch.EPollArrayWrapper.epollWait(Native Method)
        at sun.nio.ch.EPollArrayWrapper.poll(EPollArrayWrapper.java:269)
        at sun.nio.ch.EPollSelectorImpl.doSelect(EPollSelectorImpl.java:93)
        at sun.nio.ch.SelectorImpl.lockAndDoSelect(SelectorImpl.java:86)
        at sun.nio.ch.SelectorImpl.select(SelectorImpl.java:97)
        at sun.nio.ch.SelectorImpl.select(SelectorImpl.java:101)
        at org.apache.hadoop.ipc.Server$Listener$Reader.doRunLoop(Server.java:1242)
        at org.apache.hadoop.ipc.Server$Listener$Reader.run(Server.java:1221)
"qtp1029385246-187" daemon prio=5 tid=187 timed_waiting
java.lang.Thread.State: TIMED_WAITING
        at sun.misc.Unsafe.park(Native Method)
        at java.util.concurrent.locks.LockSupport.parkNanos(LockSupport.java:215)
        at java.util.concurrent.locks.AbstractQueuedSynchronizer$ConditionObject.awaitNanos(AbstractQueuedSynchronizer.java:2078)
        at org.eclipse.jetty.util.BlockingArrayQueue.poll(BlockingArrayQueue.java:382)
        at org.eclipse.jetty.util.thread.QueuedThreadPool$Runner.idleJobPoll(QueuedThreadPool.java:875)
        at org.eclipse.jetty.util.thread.QueuedThreadPool$Runner.run(QueuedThreadPool.java:925)
        at java.lang.Thread.run(Thread.java:748)
"IPC Server handler 7 on default port 46773" daemon prio=5 tid=82 timed_waiting
java.lang.Thread.State: TIMED_WAITING
        at sun.misc.Unsafe.park(Native Method)
        at java.util.concurrent.locks.LockSupport.parkNanos(LockSupport.java:215)
        at java.util.concurrent.locks.AbstractQueuedSynchronizer$ConditionObject.awaitNanos(AbstractQueuedSynchronizer.java:2078)
        at java.util.concurrent.LinkedBlockingQueue.poll(LinkedBlockingQueue.java:467)
        at org.apache.hadoop.ipc.CallQueueManager.take(CallQueueManager.java:295)
        at org.apache.hadoop.ipc.Server$Handler.run(Server.java:2881)
"454ffaf2-f1cf-4ad5-8579-b0d0dc6569aa@group-B4ABD9B660F0-SegmentedRaftLogWorker"  prio=5 tid=252 timed_waiting
java.lang.Thread.State: TIMED_WAITING
        at sun.misc.Unsafe.park(Native Method)
        at java.util.concurrent.locks.LockSupport.parkNanos(LockSupport.java:215)
        at java.util.concurrent.locks.AbstractQueuedSynchronizer$ConditionObject.awaitNanos(AbstractQueuedSynchronizer.java:2078)
        at org.apache.ratis.util.DataBlockingQueue.poll(DataBlockingQueue.java:137)
        at org.apache.ratis.server.raftlog.segmented.SegmentedRaftLogWorker.run(SegmentedRaftLogWorker.java:287)
        at java.lang.Thread.run(Thread.java:748)
"IPC Server handler 19 on default port 46773" daemon prio=5 tid=94 timed_waiting
java.lang.Thread.State: TIMED_WAITING
        at sun.misc.Unsafe.park(Native Method)
        at java.util.concurrent.locks.LockSupport.parkNanos(LockSupport.java:215)
        at java.util.concurrent.locks.AbstractQueuedSynchronizer$ConditionObject.awaitNanos(AbstractQueuedSynchronizer.java:2078)
        at java.util.concurrent.LinkedBlockingQueue.poll(LinkedBlockingQueue.java:467)
        at org.apache.hadoop.ipc.CallQueueManager.take(CallQueueManager.java:295)
        at org.apache.hadoop.ipc.Server$Handler.run(Server.java:2881)
"IPC Server handler 9 on default port 39179" daemon prio=5 tid=44 timed_waiting
java.lang.Thread.State: TIMED_WAITING
        at sun.misc.Unsafe.park(Native Method)
        at java.util.concurrent.locks.LockSupport.parkNanos(LockSupport.java:215)
        at java.util.concurrent.locks.AbstractQueuedSynchronizer$ConditionObject.awaitNanos(AbstractQueuedSynchronizer.java:2078)
        at java.util.concurrent.LinkedBlockingQueue.poll(LinkedBlockingQueue.java:467)
        at org.apache.hadoop.ipc.CallQueueManager.take(CallQueueManager.java:295)
        at org.apache.hadoop.ipc.Server$Handler.run(Server.java:2881)
"Datanode ReportManager Thread - 1" daemon prio=5 tid=195 in Object.wait()
java.lang.Thread.State: WAITING (on object monitor)
        at sun.misc.Unsafe.park(Native Method)
        at java.util.concurrent.locks.LockSupport.park(LockSupport.java:175)
        at java.util.concurrent.locks.AbstractQueuedSynchronizer$ConditionObject.await(AbstractQueuedSynchronizer.java:2039)
        at java.util.concurrent.ScheduledThreadPoolExecutor$DelayedWorkQueue.take(ScheduledThreadPoolExecutor.java:1088)
        at java.util.concurrent.ScheduledThreadPoolExecutor$DelayedWorkQueue.take(ScheduledThreadPoolExecutor.java:809)
        at java.util.concurrent.ThreadPoolExecutor.getTask(ThreadPoolExecutor.java:1074)
        at java.util.concurrent.ThreadPoolExecutor.runWorker(ThreadPoolExecutor.java:1134)
        at java.util.concurrent.ThreadPoolExecutor$Worker.run(ThreadPoolExecutor.java:624)
        at java.lang.Thread.run(Thread.java:748)
"IPC Server handler 4 on default port 46773" daemon prio=5 tid=79 timed_waiting
java.lang.Thread.State: TIMED_WAITING
        at sun.misc.Unsafe.park(Native Method)
        at java.util.concurrent.locks.LockSupport.parkNanos(LockSupport.java:215)
        at java.util.concurrent.locks.AbstractQueuedSynchronizer$ConditionObject.awaitNanos(AbstractQueuedSynchronizer.java:2078)
        at java.util.concurrent.LinkedBlockingQueue.poll(LinkedBlockingQueue.java:467)
        at org.apache.hadoop.ipc.CallQueueManager.take(CallQueueManager.java:295)
        at org.apache.hadoop.ipc.Server$Handler.run(Server.java:2881)
"IPC Server handler 0 on default port 39179" daemon prio=5 tid=35 timed_waiting
java.lang.Thread.State: TIMED_WAITING
        at sun.misc.Unsafe.park(Native Method)
        at java.util.concurrent.locks.LockSupport.parkNanos(LockSupport.java:215)
        at java.util.concurrent.locks.AbstractQueuedSynchronizer$ConditionObject.awaitNanos(AbstractQueuedSynchronizer.java:2078)
        at java.util.concurrent.LinkedBlockingQueue.poll(LinkedBlockingQueue.java:467)
        at org.apache.hadoop.ipc.CallQueueManager.take(CallQueueManager.java:295)
        at org.apache.hadoop.ipc.Server$Handler.run(Server.java:2881)
"qtp2098720336-96-acceptor-0@2d1b5526-ServerConnector@7161457{HTTP/1.1,[http/1.1]}{0.0.0.0:39699}" daemon prio=3 tid=96 runnable
java.lang.Thread.State: RUNNABLE
        at sun.nio.ch.ServerSocketChannelImpl.accept0(Native Method)
        at sun.nio.ch.ServerSocketChannelImpl.accept(ServerSocketChannelImpl.java:422)
        at sun.nio.ch.ServerSocketChannelImpl.accept(ServerSocketChannelImpl.java:250)
        at org.eclipse.jetty.server.ServerConnector.accept(ServerConnector.java:385)
        at org.eclipse.jetty.server.AbstractConnector$Acceptor.run(AbstractConnector.java:701)
        at org.eclipse.jetty.util.thread.QueuedThreadPool.runJob(QueuedThreadPool.java:806)
        at org.eclipse.jetty.util.thread.QueuedThreadPool$Runner.run(QueuedThreadPool.java:938)
        at java.lang.Thread.run(Thread.java:748)
"qtp2009931623-210" daemon prio=5 tid=210 timed_waiting
java.lang.Thread.State: TIMED_WAITING
        at sun.misc.Unsafe.park(Native Method)
        at java.util.concurrent.locks.LockSupport.parkNanos(LockSupport.java:215)
        at java.util.concurrent.locks.AbstractQueuedSynchronizer$ConditionObject.awaitNanos(AbstractQueuedSynchronizer.java:2078)
        at org.eclipse.jetty.util.BlockingArrayQueue.poll(BlockingArrayQueue.java:382)
        at org.eclipse.jetty.util.thread.QueuedThreadPool$Runner.idleJobPoll(QueuedThreadPool.java:875)
        at org.eclipse.jetty.util.thread.QueuedThreadPool$Runner.run(QueuedThreadPool.java:925)
        at java.lang.Thread.run(Thread.java:748)
"ChunkWriter-2-0" daemon prio=5 tid=234 in Object.wait()
java.lang.Thread.State: WAITING (on object monitor)
        at sun.misc.Unsafe.park(Native Method)
        at java.util.concurrent.locks.LockSupport.park(LockSupport.java:175)
        at java.util.concurrent.locks.AbstractQueuedSynchronizer$ConditionObject.await(AbstractQueuedSynchronizer.java:2039)
        at java.util.concurrent.LinkedBlockingDeque.takeFirst(LinkedBlockingDeque.java:492)
        at java.util.concurrent.LinkedBlockingDeque.take(LinkedBlockingDeque.java:680)
        at java.util.concurrent.ThreadPoolExecutor.getTask(ThreadPoolExecutor.java:1074)
        at java.util.concurrent.ThreadPoolExecutor.runWorker(ThreadPoolExecutor.java:1134)
        at java.util.concurrent.ThreadPoolExecutor$Worker.run(ThreadPoolExecutor.java:624)
        at java.lang.Thread.run(Thread.java:748)
"qtp1990315034-160" daemon prio=5 tid=160 timed_waiting
java.lang.Thread.State: TIMED_WAITING
        at sun.misc.Unsafe.park(Native Method)
        at java.util.concurrent.locks.LockSupport.parkNanos(LockSupport.java:215)
        at java.util.concurrent.locks.AbstractQueuedSynchronizer$ConditionObject.awaitNanos(AbstractQueuedSynchronizer.java:2078)
        at org.eclipse.jetty.util.BlockingArrayQueue.poll(BlockingArrayQueue.java:382)
        at org.eclipse.jetty.util.thread.QueuedThreadPool$Runner.idleJobPoll(QueuedThreadPool.java:875)
        at org.eclipse.jetty.util.thread.QueuedThreadPool$Runner.run(QueuedThreadPool.java:925)
        at java.lang.Thread.run(Thread.java:748)
"ChunkWriter-2-0" daemon prio=5 tid=240 in Object.wait()
java.lang.Thread.State: WAITING (on object monitor)
        at sun.misc.Unsafe.park(Native Method)
        at java.util.concurrent.locks.LockSupport.park(LockSupport.java:175)
        at java.util.concurrent.locks.AbstractQueuedSynchronizer$ConditionObject.await(AbstractQueuedSynchronizer.java:2039)
        at java.util.concurrent.LinkedBlockingDeque.takeFirst(LinkedBlockingDeque.java:492)
        at java.util.concurrent.LinkedBlockingDeque.take(LinkedBlockingDeque.java:680)
        at java.util.concurrent.ThreadPoolExecutor.getTask(ThreadPoolExecutor.java:1074)
        at java.util.concurrent.ThreadPoolExecutor.runWorker(ThreadPoolExecutor.java:1134)
        at java.util.concurrent.ThreadPoolExecutor$Worker.run(ThreadPoolExecutor.java:624)
        at java.lang.Thread.run(Thread.java:748)
"BlockDeletingService#0" daemon prio=5 tid=236 in Object.wait()
java.lang.Thread.State: WAITING (on object monitor)
        at sun.misc.Unsafe.park(Native Method)
        at java.util.concurrent.locks.LockSupport.park(LockSupport.java:175)
        at java.util.concurrent.locks.AbstractQueuedSynchronizer$ConditionObject.await(AbstractQueuedSynchronizer.java:2039)
        at java.util.concurrent.ScheduledThreadPoolExecutor$DelayedWorkQueue.take(ScheduledThreadPoolExecutor.java:1088)
        at java.util.concurrent.ScheduledThreadPoolExecutor$DelayedWorkQueue.take(ScheduledThreadPoolExecutor.java:809)
        at java.util.concurrent.ThreadPoolExecutor.getTask(ThreadPoolExecutor.java:1074)
        at java.util.concurrent.ThreadPoolExecutor.runWorker(ThreadPoolExecutor.java:1134)
        at java.util.concurrent.ThreadPoolExecutor$Worker.run(ThreadPoolExecutor.java:624)
        at java.lang.Thread.run(Thread.java:748)
"Periodic HDDS volume checker" daemon prio=5 tid=153 timed_waiting
java.lang.Thread.State: TIMED_WAITING
        at sun.misc.Unsafe.park(Native Method)
        at java.util.concurrent.locks.LockSupport.parkNanos(LockSupport.java:215)
        at java.util.concurrent.locks.AbstractQueuedSynchronizer$ConditionObject.awaitNanos(AbstractQueuedSynchronizer.java:2078)
        at java.util.concurrent.ScheduledThreadPoolExecutor$DelayedWorkQueue.take(ScheduledThreadPoolExecutor.java:1093)
        at java.util.concurrent.ScheduledThreadPoolExecutor$DelayedWorkQueue.take(ScheduledThreadPoolExecutor.java:809)
        at java.util.concurrent.ThreadPoolExecutor.getTask(ThreadPoolExecutor.java:1074)
        at java.util.concurrent.ThreadPoolExecutor.runWorker(ThreadPoolExecutor.java:1134)
        at java.util.concurrent.ThreadPoolExecutor$Worker.run(ThreadPoolExecutor.java:624)
        at java.lang.Thread.run(Thread.java:748)
"surefire-forkedjvm-command-thread" daemon prio=5 tid=9 runnable
java.lang.Thread.State: RUNNABLE
        at java.io.FileInputStream.readBytes(Native Method)
        at java.io.FileInputStream.read(FileInputStream.java:255)
        at java.io.BufferedInputStream.fill(BufferedInputStream.java:246)
        at java.io.BufferedInputStream.read(BufferedInputStream.java:265)
        at java.io.DataInputStream.readInt(DataInputStream.java:387)
        at org.apache.maven.surefire.booter.MasterProcessCommand.decode(MasterProcessCommand.java:115)
        at org.apache.maven.surefire.booter.CommandReader$CommandRunnable.run(CommandReader.java:390)
        at java.lang.Thread.run(Thread.java:748)
"pool-72-thread-1"  prio=5 tid=215 timed_waiting
java.lang.Thread.State: TIMED_WAITING
        at sun.misc.Unsafe.park(Native Method)
        at java.util.concurrent.locks.LockSupport.parkNanos(LockSupport.java:215)
        at java.util.concurrent.locks.AbstractQueuedSynchronizer$ConditionObject.awaitNanos(AbstractQueuedSynchronizer.java:2078)
        at java.util.concurrent.ScheduledThreadPoolExecutor$DelayedWorkQueue.take(ScheduledThreadPoolExecutor.java:1093)
        at java.util.concurrent.ScheduledThreadPoolExecutor$DelayedWorkQueue.take(ScheduledThreadPoolExecutor.java:809)
        at java.util.concurrent.ThreadPoolExecutor.getTask(ThreadPoolExecutor.java:1074)
        at java.util.concurrent.ThreadPoolExecutor.runWorker(ThreadPoolExecutor.java:1134)
        at java.util.concurrent.ThreadPoolExecutor$Worker.run(ThreadPoolExecutor.java:624)
        at java.lang.Thread.run(Thread.java:748)
"qtp1990315034-164" daemon prio=5 tid=164 timed_waiting
java.lang.Thread.State: TIMED_WAITING
        at sun.misc.Unsafe.park(Native Method)
        at java.util.concurrent.locks.LockSupport.parkNanos(LockSupport.java:215)
        at java.util.concurrent.locks.AbstractQueuedSynchronizer$ConditionObject.awaitNanos(AbstractQueuedSynchronizer.java:2078)
        at org.eclipse.jetty.util.BlockingArrayQueue.poll(BlockingArrayQueue.java:382)
        at org.eclipse.jetty.util.thread.QueuedThreadPool$Runner.idleJobPoll(QueuedThreadPool.java:875)
        at org.eclipse.jetty.util.thread.QueuedThreadPool$Runner.run(QueuedThreadPool.java:925)
        at java.lang.Thread.run(Thread.java:748)
"IPC Server handler 15 on default port 41043" daemon prio=5 tid=70 timed_waiting
java.lang.Thread.State: TIMED_WAITING
        at sun.misc.Unsafe.park(Native Method)
        at java.util.concurrent.locks.LockSupport.parkNanos(LockSupport.java:215)
        at java.util.concurrent.locks.AbstractQueuedSynchronizer$ConditionObject.awaitNanos(AbstractQueuedSynchronizer.java:2078)
        at java.util.concurrent.LinkedBlockingQueue.poll(LinkedBlockingQueue.java:467)
        at org.apache.hadoop.ipc.CallQueueManager.take(CallQueueManager.java:295)
        at org.apache.hadoop.ipc.Server$Handler.run(Server.java:2881)
"EventQueue-NodeRegistrationContainerReportForContainerSafeModeRule" daemon prio=5 tid=247 in Object.wait()
java.lang.Thread.State: WAITING (on object monitor)
        at sun.misc.Unsafe.park(Native Method)
        at java.util.concurrent.locks.LockSupport.park(LockSupport.java:175)
        at java.util.concurrent.locks.AbstractQueuedSynchronizer$ConditionObject.await(AbstractQueuedSynchronizer.java:2039)
        at java.util.concurrent.LinkedBlockingQueue.take(LinkedBlockingQueue.java:442)
        at java.util.concurrent.ThreadPoolExecutor.getTask(ThreadPoolExecutor.java:1074)
        at java.util.concurrent.ThreadPoolExecutor.runWorker(ThreadPoolExecutor.java:1134)
        at java.util.concurrent.ThreadPoolExecutor$Worker.run(ThreadPoolExecutor.java:624)
        at java.lang.Thread.run(Thread.java:748)
"IPC Server handler 18 on default port 46773" daemon prio=5 tid=93 timed_waiting
java.lang.Thread.State: TIMED_WAITING
        at sun.misc.Unsafe.park(Native Method)
        at java.util.concurrent.locks.LockSupport.parkNanos(LockSupport.java:215)
        at java.util.concurrent.locks.AbstractQueuedSynchronizer$ConditionObject.awaitNanos(AbstractQueuedSynchronizer.java:2078)
        at java.util.concurrent.LinkedBlockingQueue.poll(LinkedBlockingQueue.java:467)
        at org.apache.hadoop.ipc.CallQueueManager.take(CallQueueManager.java:295)
        at org.apache.hadoop.ipc.Server$Handler.run(Server.java:2881)
"Datanode ReportManager Thread - 1" daemon prio=5 tid=174 timed_waiting
java.lang.Thread.State: TIMED_WAITING
        at sun.misc.Unsafe.park(Native Method)
        at java.util.concurrent.locks.LockSupport.parkNanos(LockSupport.java:215)
        at java.util.concurrent.locks.AbstractQueuedSynchronizer$ConditionObject.awaitNanos(AbstractQueuedSynchronizer.java:2078)
        at java.util.concurrent.ScheduledThreadPoolExecutor$DelayedWorkQueue.take(ScheduledThreadPoolExecutor.java:1093)
        at java.util.concurrent.ScheduledThreadPoolExecutor$DelayedWorkQueue.take(ScheduledThreadPoolExecutor.java:809)
        at java.util.concurrent.ThreadPoolExecutor.getTask(ThreadPoolExecutor.java:1074)
        at java.util.concurrent.ThreadPoolExecutor.runWorker(ThreadPoolExecutor.java:1134)
        at java.util.concurrent.ThreadPoolExecutor$Worker.run(ThreadPoolExecutor.java:624)
        at java.lang.Thread.run(Thread.java:748)
"BlockDeletingService#0" daemon prio=5 tid=242 in Object.wait()
java.lang.Thread.State: WAITING (on object monitor)
        at sun.misc.Unsafe.park(Native Method)
        at java.util.concurrent.locks.LockSupport.park(LockSupport.java:175)
        at java.util.concurrent.locks.AbstractQueuedSynchronizer$ConditionObject.await(AbstractQueuedSynchronizer.java:2039)
        at java.util.concurrent.ScheduledThreadPoolExecutor$DelayedWorkQueue.take(ScheduledThreadPoolExecutor.java:1088)
        at java.util.concurrent.ScheduledThreadPoolExecutor$DelayedWorkQueue.take(ScheduledThreadPoolExecutor.java:809)
        at java.util.concurrent.ThreadPoolExecutor.getTask(ThreadPoolExecutor.java:1074)
        at java.util.concurrent.ThreadPoolExecutor.runWorker(ThreadPoolExecutor.java:1134)
        at java.util.concurrent.ThreadPoolExecutor$Worker.run(ThreadPoolExecutor.java:624)
        at java.lang.Thread.run(Thread.java:748)
"IPC Server handler 5 on default port 41043" daemon prio=5 tid=60 timed_waiting
java.lang.Thread.State: TIMED_WAITING
        at sun.misc.Unsafe.park(Native Method)
        at java.util.concurrent.locks.LockSupport.parkNanos(LockSupport.java:215)
        at java.util.concurrent.locks.AbstractQueuedSynchronizer$ConditionObject.awaitNanos(AbstractQueuedSynchronizer.java:2078)
        at java.util.concurrent.LinkedBlockingQueue.poll(LinkedBlockingQueue.java:467)
        at org.apache.hadoop.ipc.CallQueueManager.take(CallQueueManager.java:295)
        at org.apache.hadoop.ipc.Server$Handler.run(Server.java:2881)
"qtp2009931623-212" daemon prio=5 tid=212 timed_waiting
java.lang.Thread.State: TIMED_WAITING
        at sun.misc.Unsafe.park(Native Method)
        at java.util.concurrent.locks.LockSupport.parkNanos(LockSupport.java:215)
        at java.util.concurrent.locks.AbstractQueuedSynchronizer$ConditionObject.awaitNanos(AbstractQueuedSynchronizer.java:2078)
        at org.eclipse.jetty.util.BlockingArrayQueue.poll(BlockingArrayQueue.java:382)
        at org.eclipse.jetty.util.thread.QueuedThreadPool$Runner.idleJobPoll(QueuedThreadPool.java:875)
        at org.eclipse.jetty.util.thread.QueuedThreadPool$Runner.run(QueuedThreadPool.java:925)
        at java.lang.Thread.run(Thread.java:748)
"IPC Server handler 0 on default port 41043" daemon prio=5 tid=55 timed_waiting
java.lang.Thread.State: TIMED_WAITING
        at sun.misc.Unsafe.park(Native Method)
        at java.util.concurrent.locks.LockSupport.parkNanos(LockSupport.java:215)
        at java.util.concurrent.locks.AbstractQueuedSynchronizer$ConditionObject.awaitNanos(AbstractQueuedSynchronizer.java:2078)
        at java.util.concurrent.LinkedBlockingQueue.poll(LinkedBlockingQueue.java:467)
        at org.apache.hadoop.ipc.CallQueueManager.take(CallQueueManager.java:295)
        at org.apache.hadoop.ipc.Server$Handler.run(Server.java:2881)
"pool-51-thread-1"  prio=5 tid=258 in Object.wait()
java.lang.Thread.State: WAITING (on object monitor)
        at sun.misc.Unsafe.park(Native Method)
        at java.util.concurrent.locks.LockSupport.park(LockSupport.java:175)
        at java.util.concurrent.locks.AbstractQueuedSynchronizer$ConditionObject.await(AbstractQueuedSynchronizer.java:2039)
        at java.util.concurrent.LinkedBlockingQueue.take(LinkedBlockingQueue.java:442)
        at java.util.concurrent.ThreadPoolExecutor.getTask(ThreadPoolExecutor.java:1074)
        at java.util.concurrent.ThreadPoolExecutor.runWorker(ThreadPoolExecutor.java:1134)
        at java.util.concurrent.ThreadPoolExecutor$Worker.run(ThreadPoolExecutor.java:624)
        at java.lang.Thread.run(Thread.java:748)
"Datanode ReportManager Thread - 0" daemon prio=5 tid=217 timed_waiting
java.lang.Thread.State: TIMED_WAITING
        at sun.misc.Unsafe.park(Native Method)
        at java.util.concurrent.locks.LockSupport.parkNanos(LockSupport.java:215)
        at java.util.concurrent.locks.AbstractQueuedSynchronizer$ConditionObject.awaitNanos(AbstractQueuedSynchronizer.java:2078)
        at java.util.concurrent.ScheduledThreadPoolExecutor$DelayedWorkQueue.take(ScheduledThreadPoolExecutor.java:1093)
        at java.util.concurrent.ScheduledThreadPoolExecutor$DelayedWorkQueue.take(ScheduledThreadPoolExecutor.java:809)
        at java.util.concurrent.ThreadPoolExecutor.getTask(ThreadPoolExecutor.java:1074)
        at java.util.concurrent.ThreadPoolExecutor.runWorker(ThreadPoolExecutor.java:1134)
        at java.util.concurrent.ThreadPoolExecutor$Worker.run(ThreadPoolExecutor.java:624)
        at java.lang.Thread.run(Thread.java:748)
"Thread-221" daemon prio=5 tid=314 timed_waiting
java.lang.Thread.State: TIMED_WAITING
        at sun.misc.Unsafe.park(Native Method)
        at java.util.concurrent.locks.LockSupport.parkNanos(LockSupport.java:215)
        at java.util.concurrent.locks.AbstractQueuedSynchronizer$ConditionObject.awaitNanos(AbstractQueuedSynchronizer.java:2078)
        at java.util.concurrent.ArrayBlockingQueue.poll(ArrayBlockingQueue.java:418)
        at org.apache.ratis.server.impl.LeaderState$EventQueue.poll(LeaderState.java:121)
        at org.apache.ratis.server.impl.LeaderState$EventProcessor.run(LeaderState.java:496)
"BlockDeletingService#0" daemon prio=5 tid=230 in Object.wait()
java.lang.Thread.State: WAITING (on object monitor)
        at sun.misc.Unsafe.park(Native Method)
        at java.util.concurrent.locks.LockSupport.park(LockSupport.java:175)
        at java.util.concurrent.locks.AbstractQueuedSynchronizer$ConditionObject.await(AbstractQueuedSynchronizer.java:2039)
        at java.util.concurrent.ScheduledThreadPoolExecutor$DelayedWorkQueue.take(ScheduledThreadPoolExecutor.java:1088)
        at java.util.concurrent.ScheduledThreadPoolExecutor$DelayedWorkQueue.take(ScheduledThreadPoolExecutor.java:809)
        at java.util.concurrent.ThreadPoolExecutor.getTask(ThreadPoolExecutor.java:1074)
        at java.util.concurrent.ThreadPoolExecutor.runWorker(ThreadPoolExecutor.java:1134)
        at java.util.concurrent.ThreadPoolExecutor$Worker.run(ThreadPoolExecutor.java:624)
        at java.lang.Thread.run(Thread.java:748)
"org.apache.hadoop.util.JvmPauseMonitor$Monitor@3c2ccd2" daemon prio=5 tid=178 timed_waiting
java.lang.Thread.State: TIMED_WAITING
        at java.lang.Thread.sleep(Native Method)
        at org.apache.hadoop.util.JvmPauseMonitor$Monitor.run(JvmPauseMonitor.java:192)
        at java.lang.Thread.run(Thread.java:748)
"qtp2047820764-147" daemon prio=5 tid=147 timed_waiting
java.lang.Thread.State: TIMED_WAITING
        at sun.misc.Unsafe.park(Native Method)
        at java.util.concurrent.locks.LockSupport.parkNanos(LockSupport.java:215)
        at java.util.concurrent.locks.AbstractQueuedSynchronizer$ConditionObject.awaitNanos(AbstractQueuedSynchronizer.java:2078)
        at org.eclipse.jetty.util.BlockingArrayQueue.poll(BlockingArrayQueue.java:382)
        at org.eclipse.jetty.util.thread.QueuedThreadPool$Runner.idleJobPoll(QueuedThreadPool.java:875)
        at org.eclipse.jetty.util.thread.QueuedThreadPool$Runner.run(QueuedThreadPool.java:925)
        at java.lang.Thread.run(Thread.java:748)
"IPC Server handler 3 on default port 40641" daemon prio=5 tid=122 timed_waiting
java.lang.Thread.State: TIMED_WAITING
        at sun.misc.Unsafe.park(Native Method)
        at java.util.concurrent.locks.LockSupport.parkNanos(LockSupport.java:215)
        at java.util.concurrent.locks.AbstractQueuedSynchronizer$ConditionObject.awaitNanos(AbstractQueuedSynchronizer.java:2078)
        at java.util.concurrent.LinkedBlockingQueue.poll(LinkedBlockingQueue.java:467)
        at org.apache.hadoop.ipc.CallQueueManager.take(CallQueueManager.java:295)
        at org.apache.hadoop.ipc.Server$Handler.run(Server.java:2881)
"IPC Server listener on 0" daemon prio=5 tid=24 runnable
java.lang.Thread.State: RUNNABLE
        at sun.nio.ch.EPollArrayWrapper.epollWait(Native Method)
        at sun.nio.ch.EPollArrayWrapper.poll(EPollArrayWrapper.java:269)
        at sun.nio.ch.EPollSelectorImpl.doSelect(EPollSelectorImpl.java:93)
        at sun.nio.ch.SelectorImpl.lockAndDoSelect(SelectorImpl.java:86)
        at sun.nio.ch.SelectorImpl.select(SelectorImpl.java:97)
        at sun.nio.ch.SelectorImpl.select(SelectorImpl.java:101)
        at org.apache.hadoop.ipc.Server$Listener.run(Server.java:1304)
"qtp2009931623-213" daemon prio=5 tid=213 timed_waiting
java.lang.Thread.State: TIMED_WAITING
        at sun.misc.Unsafe.park(Native Method)
        at java.util.concurrent.locks.LockSupport.parkNanos(LockSupport.java:215)
        at java.util.concurrent.locks.AbstractQueuedSynchronizer$ConditionObject.awaitNanos(AbstractQueuedSynchronizer.java:2078)
        at org.eclipse.jetty.util.BlockingArrayQueue.poll(BlockingArrayQueue.java:382)
        at org.eclipse.jetty.util.thread.QueuedThreadPool$Runner.idleJobPoll(QueuedThreadPool.java:875)
        at org.eclipse.jetty.util.thread.QueuedThreadPool$Runner.run(QueuedThreadPool.java:925)
        at java.lang.Thread.run(Thread.java:748)
"qtp2047820764-141" daemon prio=5 tid=141 runnable
java.lang.Thread.State: RUNNABLE
        at sun.nio.ch.EPollArrayWrapper.epollWait(Native Method)
        at sun.nio.ch.EPollArrayWrapper.poll(EPollArrayWrapper.java:269)
        at sun.nio.ch.EPollSelectorImpl.doSelect(EPollSelectorImpl.java:93)
        at sun.nio.ch.SelectorImpl.lockAndDoSelect(SelectorImpl.java:86)
        at sun.nio.ch.SelectorImpl.select(SelectorImpl.java:97)
        at sun.nio.ch.SelectorImpl.select(SelectorImpl.java:101)
        at org.eclipse.jetty.io.ManagedSelector$SelectorProducer.select(ManagedSelector.java:472)
        at org.eclipse.jetty.io.ManagedSelector$SelectorProducer.produce(ManagedSelector.java:409)
        at org.eclipse.jetty.util.thread.strategy.EatWhatYouKill.produceTask(EatWhatYouKill.java:360)
        at org.eclipse.jetty.util.thread.strategy.EatWhatYouKill.doProduce(EatWhatYouKill.java:184)
        at org.eclipse.jetty.util.thread.strategy.EatWhatYouKill.tryProduce(EatWhatYouKill.java:171)
        at org.eclipse.jetty.util.thread.strategy.EatWhatYouKill.produce(EatWhatYouKill.java:135)
        at org.eclipse.jetty.io.ManagedSelector$$Lambda$72/2131366717.run(Unknown Source)
        at org.eclipse.jetty.util.thread.QueuedThreadPool.runJob(QueuedThreadPool.java:806)
        at org.eclipse.jetty.util.thread.QueuedThreadPool$Runner.run(QueuedThreadPool.java:938)
        at java.lang.Thread.run(Thread.java:748)
"IPC Server handler 19 on default port 39179" daemon prio=5 tid=54 timed_waiting
java.lang.Thread.State: TIMED_WAITING
        at sun.misc.Unsafe.park(Native Method)
        at java.util.concurrent.locks.LockSupport.parkNanos(LockSupport.java:215)
        at java.util.concurrent.locks.AbstractQueuedSynchronizer$ConditionObject.awaitNanos(AbstractQueuedSynchronizer.java:2078)
        at java.util.concurrent.LinkedBlockingQueue.poll(LinkedBlockingQueue.java:467)
        at org.apache.hadoop.ipc.CallQueueManager.take(CallQueueManager.java:295)
        at org.apache.hadoop.ipc.Server$Handler.run(Server.java:2881)
"IPC Server handler 16 on default port 40641" daemon prio=5 tid=135 timed_waiting
java.lang.Thread.State: TIMED_WAITING
        at sun.misc.Unsafe.park(Native Method)
        at java.util.concurrent.locks.LockSupport.parkNanos(LockSupport.java:215)
        at java.util.concurrent.locks.AbstractQueuedSynchronizer$ConditionObject.awaitNanos(AbstractQueuedSynchronizer.java:2078)
        at java.util.concurrent.LinkedBlockingQueue.poll(LinkedBlockingQueue.java:467)
        at org.apache.hadoop.ipc.CallQueueManager.take(CallQueueManager.java:295)
        at org.apache.hadoop.ipc.Server$Handler.run(Server.java:2881)
"Session-HouseKeeper-78b293a-1"  prio=5 tid=166 timed_waiting
java.lang.Thread.State: TIMED_WAITING
        at sun.misc.Unsafe.park(Native Method)
        at java.util.concurrent.locks.LockSupport.parkNanos(LockSupport.java:215)
        at java.util.concurrent.locks.AbstractQueuedSynchronizer$ConditionObject.awaitNanos(AbstractQueuedSynchronizer.java:2078)
        at java.util.concurrent.ScheduledThreadPoolExecutor$DelayedWorkQueue.take(ScheduledThreadPoolExecutor.java:1093)
        at java.util.concurrent.ScheduledThreadPoolExecutor$DelayedWorkQueue.take(ScheduledThreadPoolExecutor.java:809)
        at java.util.concurrent.ThreadPoolExecutor.getTask(ThreadPoolExecutor.java:1074)
        at java.util.concurrent.ThreadPoolExecutor.runWorker(ThreadPoolExecutor.java:1134)
        at java.util.concurrent.ThreadPoolExecutor$Worker.run(ThreadPoolExecutor.java:624)
        at java.lang.Thread.run(Thread.java:748)
"qtp1990315034-161" daemon prio=5 tid=161 timed_waiting
java.lang.Thread.State: TIMED_WAITING
        at sun.misc.Unsafe.park(Native Method)
        at java.util.concurrent.locks.LockSupport.parkNanos(LockSupport.java:215)
        at java.util.concurrent.locks.AbstractQueuedSynchronizer$ConditionObject.awaitNanos(AbstractQueuedSynchronizer.java:2078)
        at org.eclipse.jetty.util.BlockingArrayQueue.poll(BlockingArrayQueue.java:382)
        at org.eclipse.jetty.util.thread.QueuedThreadPool$Runner.idleJobPoll(QueuedThreadPool.java:875)
        at org.eclipse.jetty.util.thread.QueuedThreadPool$Runner.run(QueuedThreadPool.java:925)
        at java.lang.Thread.run(Thread.java:748)
"ChunkWriter-3-0" daemon prio=5 tid=235 in Object.wait()
java.lang.Thread.State: WAITING (on object monitor)
        at sun.misc.Unsafe.park(Native Method)
        at java.util.concurrent.locks.LockSupport.park(LockSupport.java:175)
        at java.util.concurrent.locks.AbstractQueuedSynchronizer$ConditionObject.await(AbstractQueuedSynchronizer.java:2039)
        at java.util.concurrent.LinkedBlockingDeque.takeFirst(LinkedBlockingDeque.java:492)
        at java.util.concurrent.LinkedBlockingDeque.take(LinkedBlockingDeque.java:680)
        at java.util.concurrent.ThreadPoolExecutor.getTask(ThreadPoolExecutor.java:1074)
        at java.util.concurrent.ThreadPoolExecutor.runWorker(ThreadPoolExecutor.java:1134)
        at java.util.concurrent.ThreadPoolExecutor$Worker.run(ThreadPoolExecutor.java:624)
        at java.lang.Thread.run(Thread.java:748)
"qtp2009931623-209" daemon prio=5 tid=209 timed_waiting
java.lang.Thread.State: TIMED_WAITING
        at sun.misc.Unsafe.park(Native Method)
        at java.util.concurrent.locks.LockSupport.parkNanos(LockSupport.java:215)
        at java.util.concurrent.locks.AbstractQueuedSynchronizer$ConditionObject.awaitNanos(AbstractQueuedSynchronizer.java:2078)
        at org.eclipse.jetty.util.BlockingArrayQueue.poll(BlockingArrayQueue.java:382)
        at org.eclipse.jetty.util.thread.QueuedThreadPool$Runner.idleJobPoll(QueuedThreadPool.java:875)
        at org.eclipse.jetty.util.thread.QueuedThreadPool$Runner.run(QueuedThreadPool.java:925)
        at java.lang.Thread.run(Thread.java:748)
"IPC Server handler 2 on default port 46773" daemon prio=5 tid=77 timed_waiting
java.lang.Thread.State: TIMED_WAITING
        at sun.misc.Unsafe.park(Native Method)
        at java.util.concurrent.locks.LockSupport.parkNanos(LockSupport.java:215)
        at java.util.concurrent.locks.AbstractQueuedSynchronizer$ConditionObject.awaitNanos(AbstractQueuedSynchronizer.java:2078)
        at java.util.concurrent.LinkedBlockingQueue.poll(LinkedBlockingQueue.java:467)
        at org.apache.hadoop.ipc.CallQueueManager.take(CallQueueManager.java:295)
        at org.apache.hadoop.ipc.Server$Handler.run(Server.java:2881)
"IPC Server handler 10 on default port 39179" daemon prio=5 tid=45 timed_waiting
java.lang.Thread.State: TIMED_WAITING
        at sun.misc.Unsafe.park(Native Method)
        at java.util.concurrent.locks.LockSupport.parkNanos(LockSupport.java:215)
        at java.util.concurrent.locks.AbstractQueuedSynchronizer$ConditionObject.awaitNanos(AbstractQueuedSynchronizer.java:2078)
        at java.util.concurrent.LinkedBlockingQueue.poll(LinkedBlockingQueue.java:467)
        at org.apache.hadoop.ipc.CallQueueManager.take(CallQueueManager.java:295)
        at org.apache.hadoop.ipc.Server$Handler.run(Server.java:2881)
"qtp2098720336-95" daemon prio=5 tid=95 runnable
java.lang.Thread.State: RUNNABLE
        at sun.nio.ch.EPollArrayWrapper.epollWait(Native Method)
        at sun.nio.ch.EPollArrayWrapper.poll(EPollArrayWrapper.java:269)
        at sun.nio.ch.EPollSelectorImpl.doSelect(EPollSelectorImpl.java:93)
        at sun.nio.ch.SelectorImpl.lockAndDoSelect(SelectorImpl.java:86)
        at sun.nio.ch.SelectorImpl.select(SelectorImpl.java:97)
        at sun.nio.ch.SelectorImpl.select(SelectorImpl.java:101)
        at org.eclipse.jetty.io.ManagedSelector$SelectorProducer.select(ManagedSelector.java:472)
        at org.eclipse.jetty.io.ManagedSelector$SelectorProducer.produce(ManagedSelector.java:409)
        at org.eclipse.jetty.util.thread.strategy.EatWhatYouKill.produceTask(EatWhatYouKill.java:360)
        at org.eclipse.jetty.util.thread.strategy.EatWhatYouKill.doProduce(EatWhatYouKill.java:184)
        at org.eclipse.jetty.util.thread.strategy.EatWhatYouKill.tryProduce(EatWhatYouKill.java:171)
        at org.eclipse.jetty.util.thread.strategy.EatWhatYouKill.produce(EatWhatYouKill.java:135)
        at org.eclipse.jetty.io.ManagedSelector$$Lambda$72/2131366717.run(Unknown Source)
        at org.eclipse.jetty.util.thread.QueuedThreadPool.runJob(QueuedThreadPool.java:806)
        at org.eclipse.jetty.util.thread.QueuedThreadPool$Runner.run(QueuedThreadPool.java:938)
        at java.lang.Thread.run(Thread.java:748)
"IPC Server idle connection scanner for port 41043" daemon prio=5 tid=22 timed_waiting
java.lang.Thread.State: TIMED_WAITING
        at java.lang.Object.wait(Native Method)
        at java.util.TimerThread.mainLoop(Timer.java:552)
        at java.util.TimerThread.run(Timer.java:505)
"EventQueue-Safe mode statusForSCMClientProtocolServer"  prio=5 tid=30 in Object.wait()
java.lang.Thread.State: WAITING (on object monitor)
        at sun.misc.Unsafe.park(Native Method)
        at java.util.concurrent.locks.LockSupport.park(LockSupport.java:175)
        at java.util.concurrent.locks.AbstractQueuedSynchronizer$ConditionObject.await(AbstractQueuedSynchronizer.java:2039)
        at java.util.concurrent.LinkedBlockingQueue.take(LinkedBlockingQueue.java:442)
        at java.util.concurrent.ThreadPoolExecutor.getTask(ThreadPoolExecutor.java:1074)
        at java.util.concurrent.ThreadPoolExecutor.runWorker(ThreadPoolExecutor.java:1134)
        at java.util.concurrent.ThreadPoolExecutor$Worker.run(ThreadPoolExecutor.java:624)
        at java.lang.Thread.run(Thread.java:748)
"qtp2047820764-146" daemon prio=5 tid=146 timed_waiting
java.lang.Thread.State: TIMED_WAITING
        at sun.misc.Unsafe.park(Native Method)
        at java.util.concurrent.locks.LockSupport.parkNanos(LockSupport.java:215)
        at java.util.concurrent.locks.AbstractQueuedSynchronizer$ConditionObject.awaitNanos(AbstractQueuedSynchronizer.java:2078)
        at org.eclipse.jetty.util.BlockingArrayQueue.poll(BlockingArrayQueue.java:382)
        at org.eclipse.jetty.util.thread.QueuedThreadPool$Runner.idleJobPoll(QueuedThreadPool.java:875)
        at org.eclipse.jetty.util.thread.QueuedThreadPool$Runner.run(QueuedThreadPool.java:925)
        at java.lang.Thread.run(Thread.java:748)
"grpc-nio-boss-ELG-1-1" daemon prio=5 tid=229 runnable
java.lang.Thread.State: RUNNABLE
        at sun.nio.ch.EPollArrayWrapper.epollWait(Native Method)
        at sun.nio.ch.EPollArrayWrapper.poll(EPollArrayWrapper.java:269)
        at sun.nio.ch.EPollSelectorImpl.doSelect(EPollSelectorImpl.java:93)
        at sun.nio.ch.SelectorImpl.lockAndDoSelect(SelectorImpl.java:86)
        at sun.nio.ch.SelectorImpl.select(SelectorImpl.java:97)
        at sun.nio.ch.SelectorImpl.select(SelectorImpl.java:101)
        at org.apache.ratis.thirdparty.io.netty.channel.nio.SelectedSelectionKeySetSelector.select(SelectedSelectionKeySetSelector.java:68)
        at org.apache.ratis.thirdparty.io.netty.channel.nio.NioEventLoop.select(NioEventLoop.java:803)
        at org.apache.ratis.thirdparty.io.netty.channel.nio.NioEventLoop.run(NioEventLoop.java:457)
        at org.apache.ratis.thirdparty.io.netty.util.concurrent.SingleThreadEventExecutor$4.run(SingleThreadEventExecutor.java:989)
        at org.apache.ratis.thirdparty.io.netty.util.internal.ThreadExecutorMap$2.run(ThreadExecutorMap.java:74)
        at org.apache.ratis.thirdparty.io.netty.util.concurrent.FastThreadLocalRunnable.run(FastThreadLocalRunnable.java:30)
        at java.lang.Thread.run(Thread.java:748)
"SCM Heartbeat Processing Thread - 0" daemon prio=5 tid=14 timed_waiting
java.lang.Thread.State: TIMED_WAITING
        at sun.misc.Unsafe.park(Native Method)
        at java.util.concurrent.locks.LockSupport.parkNanos(LockSupport.java:215)
        at java.util.concurrent.locks.AbstractQueuedSynchronizer$ConditionObject.awaitNanos(AbstractQueuedSynchronizer.java:2078)
        at java.util.concurrent.ScheduledThreadPoolExecutor$DelayedWorkQueue.take(ScheduledThreadPoolExecutor.java:1093)
        at java.util.concurrent.ScheduledThreadPoolExecutor$DelayedWorkQueue.take(ScheduledThreadPoolExecutor.java:809)
        at java.util.concurrent.ThreadPoolExecutor.getTask(ThreadPoolExecutor.java:1074)
        at java.util.concurrent.ThreadPoolExecutor.runWorker(ThreadPoolExecutor.java:1134)
        at java.util.concurrent.ThreadPoolExecutor$Worker.run(ThreadPoolExecutor.java:624)
        at java.lang.Thread.run(Thread.java:748)
"IPC Server handler 12 on default port 39179" daemon prio=5 tid=47 timed_waiting
java.lang.Thread.State: TIMED_WAITING
        at sun.misc.Unsafe.park(Native Method)
        at java.util.concurrent.locks.LockSupport.parkNanos(LockSupport.java:215)
        at java.util.concurrent.locks.AbstractQueuedSynchronizer$ConditionObject.awaitNanos(AbstractQueuedSynchronizer.java:2078)
        at java.util.concurrent.LinkedBlockingQueue.poll(LinkedBlockingQueue.java:467)
        at org.apache.hadoop.ipc.CallQueueManager.take(CallQueueManager.java:295)
        at org.apache.hadoop.ipc.Server$Handler.run(Server.java:2881)
"pool-44-thread-1" daemon prio=5 tid=173 timed_waiting
java.lang.Thread.State: TIMED_WAITING
        at sun.misc.Unsafe.park(Native Method)
        at java.util.concurrent.locks.LockSupport.parkNanos(LockSupport.java:215)
        at java.util.concurrent.locks.AbstractQueuedSynchronizer$ConditionObject.awaitNanos(AbstractQueuedSynchronizer.java:2078)
        at java.util.concurrent.ScheduledThreadPoolExecutor$DelayedWorkQueue.take(ScheduledThreadPoolExecutor.java:1093)
        at java.util.concurrent.ScheduledThreadPoolExecutor$DelayedWorkQueue.take(ScheduledThreadPoolExecutor.java:809)
        at java.util.concurrent.ThreadPoolExecutor.getTask(ThreadPoolExecutor.java:1074)
        at java.util.concurrent.ThreadPoolExecutor.runWorker(ThreadPoolExecutor.java:1134)
        at java.util.concurrent.ThreadPoolExecutor$Worker.run(ThreadPoolExecutor.java:624)
        at java.lang.Thread.run(Thread.java:748)
"IPC Server handler 1 on default port 39179" daemon prio=5 tid=36 timed_waiting
java.lang.Thread.State: TIMED_WAITING
        at sun.misc.Unsafe.park(Native Method)
        at java.util.concurrent.locks.LockSupport.parkNanos(LockSupport.java:215)
        at java.util.concurrent.locks.AbstractQueuedSynchronizer$ConditionObject.awaitNanos(AbstractQueuedSynchronizer.java:2078)
        at java.util.concurrent.LinkedBlockingQueue.poll(LinkedBlockingQueue.java:467)
        at org.apache.hadoop.ipc.CallQueueManager.take(CallQueueManager.java:295)
        at org.apache.hadoop.ipc.Server$Handler.run(Server.java:2881)
"SCMBlockDeletingService#1" daemon prio=5 tid=108 in Object.wait()
java.lang.Thread.State: WAITING (on object monitor)
        at sun.misc.Unsafe.park(Native Method)
        at java.util.concurrent.locks.LockSupport.park(LockSupport.java:175)
        at java.util.concurrent.locks.AbstractQueuedSynchronizer$ConditionObject.await(AbstractQueuedSynchronizer.java:2039)
        at java.util.concurrent.ScheduledThreadPoolExecutor$DelayedWorkQueue.take(ScheduledThreadPoolExecutor.java:1088)
        at java.util.concurrent.ScheduledThreadPoolExecutor$DelayedWorkQueue.take(ScheduledThreadPoolExecutor.java:809)
        at java.util.concurrent.ThreadPoolExecutor.getTask(ThreadPoolExecutor.java:1074)
        at java.util.concurrent.ThreadPoolExecutor.runWorker(ThreadPoolExecutor.java:1134)
        at java.util.concurrent.ThreadPoolExecutor$Worker.run(ThreadPoolExecutor.java:624)
        at java.lang.Thread.run(Thread.java:748)
"Thread-199" daemon prio=5 tid=290 timed_waiting
java.lang.Thread.State: TIMED_WAITING
        at sun.misc.Unsafe.park(Native Method)
        at java.util.concurrent.locks.LockSupport.parkNanos(LockSupport.java:215)
        at java.util.concurrent.locks.AbstractQueuedSynchronizer$ConditionObject.awaitNanos(AbstractQueuedSynchronizer.java:2078)
        at java.util.concurrent.ArrayBlockingQueue.poll(ArrayBlockingQueue.java:418)
        at org.apache.ratis.server.impl.LeaderState$EventQueue.poll(LeaderState.java:121)
        at org.apache.ratis.server.impl.LeaderState$EventProcessor.run(LeaderState.java:496)
"Timer for 'StorageContainerManager' metrics system" daemon prio=5 tid=33 timed_waiting
java.lang.Thread.State: TIMED_WAITING
        at java.lang.Object.wait(Native Method)
        at java.util.TimerThread.mainLoop(Timer.java:552)
        at java.util.TimerThread.run(Timer.java:505)
"qtp1029385246-184" daemon prio=5 tid=184 timed_waiting
java.lang.Thread.State: TIMED_WAITING
        at sun.misc.Unsafe.park(Native Method)
        at java.util.concurrent.locks.LockSupport.parkNanos(LockSupport.java:215)
        at java.util.concurrent.locks.AbstractQueuedSynchronizer$ConditionObject.awaitNanos(AbstractQueuedSynchronizer.java:2078)
        at org.eclipse.jetty.util.BlockingArrayQueue.poll(BlockingArrayQueue.java:382)
        at org.eclipse.jetty.util.thread.QueuedThreadPool$Runner.idleJobPoll(QueuedThreadPool.java:875)
        at org.eclipse.jetty.util.thread.QueuedThreadPool$Runner.run(QueuedThreadPool.java:925)
        at java.lang.Thread.run(Thread.java:748)
"ChunkWriter-0-0" daemon prio=5 tid=238 in Object.wait()
java.lang.Thread.State: WAITING (on object monitor)
        at sun.misc.Unsafe.park(Native Method)
        at java.util.concurrent.locks.LockSupport.park(LockSupport.java:175)
        at java.util.concurrent.locks.AbstractQueuedSynchronizer$ConditionObject.await(AbstractQueuedSynchronizer.java:2039)
        at java.util.concurrent.LinkedBlockingDeque.takeFirst(LinkedBlockingDeque.java:492)
        at java.util.concurrent.LinkedBlockingDeque.take(LinkedBlockingDeque.java:680)
        at java.util.concurrent.ThreadPoolExecutor.getTask(ThreadPoolExecutor.java:1074)
        at java.util.concurrent.ThreadPoolExecutor.runWorker(ThreadPoolExecutor.java:1134)
        at java.util.concurrent.ThreadPoolExecutor$Worker.run(ThreadPoolExecutor.java:624)
        at java.lang.Thread.run(Thread.java:748)
"org.apache.ratis.server.impl.LogAppender$AppenderDaemon$$Lambda$452/383808327@6520b8e6" daemon prio=5 tid=315 timed_waiting
java.lang.Thread.State: TIMED_WAITING
        at java.lang.Object.wait(Native Method)
        at org.apache.ratis.grpc.server.GrpcLogAppender.mayWait(GrpcLogAppender.java:151)
        at org.apache.ratis.grpc.server.GrpcLogAppender.runAppenderImpl(GrpcLogAppender.java:105)
        at org.apache.ratis.server.impl.LogAppender$AppenderDaemon.run(LogAppender.java:77)
        at org.apache.ratis.server.impl.LogAppender$AppenderDaemon$$Lambda$452/383808327.run(Unknown Source)
        at java.lang.Thread.run(Thread.java:748)
"IPC Server handler 11 on default port 41043" daemon prio=5 tid=66 timed_waiting
java.lang.Thread.State: TIMED_WAITING
        at sun.misc.Unsafe.park(Native Method)
        at java.util.concurrent.locks.LockSupport.parkNanos(LockSupport.java:215)
        at java.util.concurrent.locks.AbstractQueuedSynchronizer$ConditionObject.awaitNanos(AbstractQueuedSynchronizer.java:2078)
        at java.util.concurrent.LinkedBlockingQueue.poll(LinkedBlockingQueue.java:467)
        at org.apache.hadoop.ipc.CallQueueManager.take(CallQueueManager.java:295)
        at org.apache.hadoop.ipc.Server$Handler.run(Server.java:2881)
"IPC Server handler 9 on default port 40641" daemon prio=5 tid=128 timed_waiting
java.lang.Thread.State: TIMED_WAITING
        at sun.misc.Unsafe.park(Native Method)
        at java.util.concurrent.locks.LockSupport.parkNanos(LockSupport.java:215)
        at java.util.concurrent.locks.AbstractQueuedSynchronizer$ConditionObject.awaitNanos(AbstractQueuedSynchronizer.java:2078)
        at java.util.concurrent.LinkedBlockingQueue.poll(LinkedBlockingQueue.java:467)
        at org.apache.hadoop.ipc.CallQueueManager.take(CallQueueManager.java:295)
        at org.apache.hadoop.ipc.Server$Handler.run(Server.java:2881)
"IPC Server listener on 0" daemon prio=5 tid=20 runnable
java.lang.Thread.State: RUNNABLE
        at sun.nio.ch.EPollArrayWrapper.epollWait(Native Method)
        at sun.nio.ch.EPollArrayWrapper.poll(EPollArrayWrapper.java:269)
        at sun.nio.ch.EPollSelectorImpl.doSelect(EPollSelectorImpl.java:93)
        at sun.nio.ch.SelectorImpl.lockAndDoSelect(SelectorImpl.java:86)
        at sun.nio.ch.SelectorImpl.select(SelectorImpl.java:97)
        at sun.nio.ch.SelectorImpl.select(SelectorImpl.java:101)
        at org.apache.hadoop.ipc.Server$Listener.run(Server.java:1304)
"qtp1029385246-188" daemon prio=5 tid=188 timed_waiting
java.lang.Thread.State: TIMED_WAITING
        at sun.misc.Unsafe.park(Native Method)
        at java.util.concurrent.locks.LockSupport.parkNanos(LockSupport.java:215)
        at java.util.concurrent.locks.AbstractQueuedSynchronizer$ConditionObject.awaitNanos(AbstractQueuedSynchronizer.java:2078)
        at org.eclipse.jetty.util.BlockingArrayQueue.poll(BlockingArrayQueue.java:382)
        at org.eclipse.jetty.util.thread.QueuedThreadPool$Runner.idleJobPoll(QueuedThreadPool.java:875)
        at org.eclipse.jetty.util.thread.QueuedThreadPool$Runner.run(QueuedThreadPool.java:925)
        at java.lang.Thread.run(Thread.java:748)
"pool-25-thread-1"  prio=5 tid=150 timed_waiting
java.lang.Thread.State: TIMED_WAITING
        at sun.misc.Unsafe.park(Native Method)
        at java.util.concurrent.locks.LockSupport.parkNanos(LockSupport.java:215)
        at java.util.concurrent.locks.AbstractQueuedSynchronizer$ConditionObject.awaitNanos(AbstractQueuedSynchronizer.java:2078)
        at java.util.concurrent.ScheduledThreadPoolExecutor$DelayedWorkQueue.take(ScheduledThreadPoolExecutor.java:1093)
        at java.util.concurrent.ScheduledThreadPoolExecutor$DelayedWorkQueue.take(ScheduledThreadPoolExecutor.java:809)
        at java.util.concurrent.ThreadPoolExecutor.getTask(ThreadPoolExecutor.java:1074)
        at java.util.concurrent.ThreadPoolExecutor.runWorker(ThreadPoolExecutor.java:1134)
        at java.util.concurrent.ThreadPoolExecutor$Worker.run(ThreadPoolExecutor.java:624)
        at java.lang.Thread.run(Thread.java:748)
"Session-HouseKeeper-1a16583d-1"  prio=5 tid=214 timed_waiting
java.lang.Thread.State: TIMED_WAITING
        at sun.misc.Unsafe.park(Native Method)
        at java.util.concurrent.locks.LockSupport.parkNanos(LockSupport.java:215)
        at java.util.concurrent.locks.AbstractQueuedSynchronizer$ConditionObject.awaitNanos(AbstractQueuedSynchronizer.java:2078)
        at java.util.concurrent.ScheduledThreadPoolExecutor$DelayedWorkQueue.take(ScheduledThreadPoolExecutor.java:1093)
        at java.util.concurrent.ScheduledThreadPoolExecutor$DelayedWorkQueue.take(ScheduledThreadPoolExecutor.java:809)
        at java.util.concurrent.ThreadPoolExecutor.getTask(ThreadPoolExecutor.java:1074)
        at java.util.concurrent.ThreadPoolExecutor.runWorker(ThreadPoolExecutor.java:1134)
        at java.util.concurrent.ThreadPoolExecutor$Worker.run(ThreadPoolExecutor.java:624)
        at java.lang.Thread.run(Thread.java:748)
"qtp2009931623-206" daemon prio=5 tid=206 runnable
java.lang.Thread.State: RUNNABLE
        at sun.nio.ch.EPollArrayWrapper.epollWait(Native Method)
        at sun.nio.ch.EPollArrayWrapper.poll(EPollArrayWrapper.java:269)
        at sun.nio.ch.EPollSelectorImpl.doSelect(EPollSelectorImpl.java:93)
        at sun.nio.ch.SelectorImpl.lockAndDoSelect(SelectorImpl.java:86)
        at sun.nio.ch.SelectorImpl.select(SelectorImpl.java:97)
        at sun.nio.ch.SelectorImpl.select(SelectorImpl.java:101)
        at org.eclipse.jetty.io.ManagedSelector$SelectorProducer.select(ManagedSelector.java:472)
        at org.eclipse.jetty.io.ManagedSelector$SelectorProducer.produce(ManagedSelector.java:409)
        at org.eclipse.jetty.util.thread.strategy.EatWhatYouKill.produceTask(EatWhatYouKill.java:360)
        at org.eclipse.jetty.util.thread.strategy.EatWhatYouKill.doProduce(EatWhatYouKill.java:184)
        at org.eclipse.jetty.util.thread.strategy.EatWhatYouKill.tryProduce(EatWhatYouKill.java:171)
        at org.eclipse.jetty.util.thread.strategy.EatWhatYouKill.produce(EatWhatYouKill.java:135)
        at org.eclipse.jetty.io.ManagedSelector$$Lambda$72/2131366717.run(Unknown Source)
        at org.eclipse.jetty.util.thread.QueuedThreadPool.runJob(QueuedThreadPool.java:806)
        at org.eclipse.jetty.util.thread.QueuedThreadPool$Runner.run(QueuedThreadPool.java:938)
        at java.lang.Thread.run(Thread.java:748)
"IPC Server handler 18 on default port 40641" daemon prio=5 tid=137 timed_waiting
java.lang.Thread.State: TIMED_WAITING
        at sun.misc.Unsafe.park(Native Method)
        at java.util.concurrent.locks.LockSupport.parkNanos(LockSupport.java:215)
        at java.util.concurrent.locks.AbstractQueuedSynchronizer$ConditionObject.awaitNanos(AbstractQueuedSynchronizer.java:2078)
        at java.util.concurrent.LinkedBlockingQueue.poll(LinkedBlockingQueue.java:467)
        at org.apache.hadoop.ipc.CallQueueManager.take(CallQueueManager.java:295)
        at org.apache.hadoop.ipc.Server$Handler.run(Server.java:2881)
"pool-67-thread-1"  prio=5 tid=265 in Object.wait()
java.lang.Thread.State: WAITING (on object monitor)
        at sun.misc.Unsafe.park(Native Method)
        at java.util.concurrent.locks.LockSupport.park(LockSupport.java:175)
        at java.util.concurrent.locks.AbstractQueuedSynchronizer$ConditionObject.await(AbstractQueuedSynchronizer.java:2039)
        at java.util.concurrent.LinkedBlockingQueue.take(LinkedBlockingQueue.java:442)
        at java.util.concurrent.ThreadPoolExecutor.getTask(ThreadPoolExecutor.java:1074)
        at java.util.concurrent.ThreadPoolExecutor.runWorker(ThreadPoolExecutor.java:1134)
        at java.util.concurrent.ThreadPoolExecutor$Worker.run(ThreadPoolExecutor.java:624)
        at java.lang.Thread.run(Thread.java:748)
"IPC Server Responder" daemon prio=5 tid=19 runnable
java.lang.Thread.State: RUNNABLE
        at sun.nio.ch.EPollArrayWrapper.epollWait(Native Method)
        at sun.nio.ch.EPollArrayWrapper.poll(EPollArrayWrapper.java:269)
        at sun.nio.ch.EPollSelectorImpl.doSelect(EPollSelectorImpl.java:93)
        at sun.nio.ch.SelectorImpl.lockAndDoSelect(SelectorImpl.java:86)
        at sun.nio.ch.SelectorImpl.select(SelectorImpl.java:97)
        at org.apache.hadoop.ipc.Server$Responder.doRunLoop(Server.java:1480)
        at org.apache.hadoop.ipc.Server$Responder.run(Server.java:1463)
"EventQueue-Delayed safe mode statusForSCMPipelineManager"  prio=5 tid=32 in Object.wait()
java.lang.Thread.State: WAITING (on object monitor)
        at sun.misc.Unsafe.park(Native Method)
        at java.util.concurrent.locks.LockSupport.park(LockSupport.java:175)
        at java.util.concurrent.locks.AbstractQueuedSynchronizer$ConditionObject.await(AbstractQueuedSynchronizer.java:2039)
        at java.util.concurrent.LinkedBlockingQueue.take(LinkedBlockingQueue.java:442)
        at java.util.concurrent.ThreadPoolExecutor.getTask(ThreadPoolExecutor.java:1074)
        at java.util.concurrent.ThreadPoolExecutor.runWorker(ThreadPoolExecutor.java:1134)
        at java.util.concurrent.ThreadPoolExecutor$Worker.run(ThreadPoolExecutor.java:624)
        at java.lang.Thread.run(Thread.java:748)
"process reaper" daemon prio=10 tid=11 timed_waiting
java.lang.Thread.State: TIMED_WAITING
        at java.lang.UNIXProcess.waitForProcessExit(Native Method)
        at java.lang.UNIXProcess.lambda$initStreams$3(UNIXProcess.java:289)
        at java.lang.UNIXProcess$$Lambda$7/428640166.run(Unknown Source)
        at java.util.concurrent.ThreadPoolExecutor.runWorker(ThreadPoolExecutor.java:1149)
        at java.util.concurrent.ThreadPoolExecutor$Worker.run(ThreadPoolExecutor.java:624)
        at java.lang.Thread.run(Thread.java:748)
"BlockDeletingService#2" daemon prio=5 tid=357 in Object.wait()
java.lang.Thread.State: WAITING (on object monitor)
        at sun.misc.Unsafe.park(Native Method)
        at java.util.concurrent.locks.LockSupport.park(LockSupport.java:175)
        at java.util.concurrent.locks.AbstractQueuedSynchronizer$ConditionObject.await(AbstractQueuedSynchronizer.java:2039)
        at java.util.concurrent.ScheduledThreadPoolExecutor$DelayedWorkQueue.take(ScheduledThreadPoolExecutor.java:1088)
        at java.util.concurrent.ScheduledThreadPoolExecutor$DelayedWorkQueue.take(ScheduledThreadPoolExecutor.java:809)
        at java.util.concurrent.ThreadPoolExecutor.getTask(ThreadPoolExecutor.java:1074)
        at java.util.concurrent.ThreadPoolExecutor.runWorker(ThreadPoolExecutor.java:1134)
        at java.util.concurrent.ThreadPoolExecutor$Worker.run(ThreadPoolExecutor.java:624)
        at java.lang.Thread.run(Thread.java:748)
"IPC Server handler 16 on default port 39179" daemon prio=5 tid=51 timed_waiting
java.lang.Thread.State: TIMED_WAITING
        at sun.misc.Unsafe.park(Native Method)
        at java.util.concurrent.locks.LockSupport.parkNanos(LockSupport.java:215)
        at java.util.concurrent.locks.AbstractQueuedSynchronizer$ConditionObject.awaitNanos(AbstractQueuedSynchronizer.java:2078)
        at java.util.concurrent.LinkedBlockingQueue.poll(LinkedBlockingQueue.java:467)
        at org.apache.hadoop.ipc.CallQueueManager.take(CallQueueManager.java:295)
        at org.apache.hadoop.ipc.Server$Handler.run(Server.java:2881)
"Thread-207" daemon prio=5 tid=298 timed_waiting
java.lang.Thread.State: TIMED_WAITING
        at sun.misc.Unsafe.park(Native Method)
        at java.util.concurrent.locks.LockSupport.parkNanos(LockSupport.java:215)
        at java.util.concurrent.locks.AbstractQueuedSynchronizer$ConditionObject.awaitNanos(AbstractQueuedSynchronizer.java:2078)
        at java.util.concurrent.ArrayBlockingQueue.poll(ArrayBlockingQueue.java:418)
        at org.apache.ratis.server.impl.LeaderState$EventQueue.poll(LeaderState.java:121)
        at org.apache.ratis.server.impl.LeaderState$EventProcessor.run(LeaderState.java:496)
"IPC Server handler 8 on default port 40641" daemon prio=5 tid=127 timed_waiting
java.lang.Thread.State: TIMED_WAITING
        at sun.misc.Unsafe.park(Native Method)
        at java.util.concurrent.locks.LockSupport.parkNanos(LockSupport.java:215)
        at java.util.concurrent.locks.AbstractQueuedSynchronizer$ConditionObject.awaitNanos(AbstractQueuedSynchronizer.java:2078)
        at java.util.concurrent.LinkedBlockingQueue.poll(LinkedBlockingQueue.java:467)
        at org.apache.hadoop.ipc.CallQueueManager.take(CallQueueManager.java:295)
        at org.apache.hadoop.ipc.Server$Handler.run(Server.java:2881)
"9495edf4-c4c1-498f-b6f3-5b53a0d22e6c@group-5970BB7322FA-SegmentedRaftLogWorker"  prio=5 tid=259 timed_waiting
java.lang.Thread.State: TIMED_WAITING
        at sun.misc.Unsafe.park(Native Method)
        at java.util.concurrent.locks.LockSupport.parkNanos(LockSupport.java:215)
        at java.util.concurrent.locks.AbstractQueuedSynchronizer$ConditionObject.awaitNanos(AbstractQueuedSynchronizer.java:2078)
        at org.apache.ratis.util.DataBlockingQueue.poll(DataBlockingQueue.java:137)
        at org.apache.ratis.server.raftlog.segmented.SegmentedRaftLogWorker.run(SegmentedRaftLogWorker.java:287)
        at java.lang.Thread.run(Thread.java:748)
"IPC Server handler 14 on default port 41043" daemon prio=5 tid=69 timed_waiting
java.lang.Thread.State: TIMED_WAITING
        at sun.misc.Unsafe.park(Native Method)
        at java.util.concurrent.locks.LockSupport.parkNanos(LockSupport.java:215)
        at java.util.concurrent.locks.AbstractQueuedSynchronizer$ConditionObject.awaitNanos(AbstractQueuedSynchronizer.java:2078)
        at java.util.concurrent.LinkedBlockingQueue.poll(LinkedBlockingQueue.java:467)
        at org.apache.hadoop.ipc.CallQueueManager.take(CallQueueManager.java:295)
        at org.apache.hadoop.ipc.Server$Handler.run(Server.java:2881)
"IPC Server handler 8 on default port 41043" daemon prio=5 tid=63 timed_waiting
java.lang.Thread.State: TIMED_WAITING
        at sun.misc.Unsafe.park(Native Method)
        at java.util.concurrent.locks.LockSupport.parkNanos(LockSupport.java:215)
        at java.util.concurrent.locks.AbstractQueuedSynchronizer$ConditionObject.awaitNanos(AbstractQueuedSynchronizer.java:2078)
        at java.util.concurrent.LinkedBlockingQueue.poll(LinkedBlockingQueue.java:467)
        at org.apache.hadoop.ipc.CallQueueManager.take(CallQueueManager.java:295)
        at org.apache.hadoop.ipc.Server$Handler.run(Server.java:2881)
"9495edf4-c4c1-498f-b6f3-5b53a0d22e6c@group-DF8CCA9D97C3-StateMachineUpdater" daemon prio=5 tid=263 in Object.wait()
java.lang.Thread.State: WAITING (on object monitor)
        at java.lang.Object.wait(Native Method)
        at java.lang.Object.wait(Object.java:502)
        at org.apache.ratis.server.impl.StateMachineUpdater.waitForCommit(StateMachineUpdater.java:200)
        at org.apache.ratis.server.impl.StateMachineUpdater.run(StateMachineUpdater.java:165)
        at java.lang.Thread.run(Thread.java:748)
"IPC Server handler 6 on default port 46773" daemon prio=5 tid=81 timed_waiting
java.lang.Thread.State: TIMED_WAITING
        at sun.misc.Unsafe.park(Native Method)
        at java.util.concurrent.locks.LockSupport.parkNanos(LockSupport.java:215)
        at java.util.concurrent.locks.AbstractQueuedSynchronizer$ConditionObject.awaitNanos(AbstractQueuedSynchronizer.java:2078)
        at java.util.concurrent.LinkedBlockingQueue.poll(LinkedBlockingQueue.java:467)
        at org.apache.hadoop.ipc.CallQueueManager.take(CallQueueManager.java:295)
        at org.apache.hadoop.ipc.Server$Handler.run(Server.java:2881)
"IPC Server handler 19 on default port 41043" daemon prio=5 tid=74 timed_waiting
java.lang.Thread.State: TIMED_WAITING
        at sun.misc.Unsafe.park(Native Method)
        at java.util.concurrent.locks.LockSupport.parkNanos(LockSupport.java:215)
        at java.util.concurrent.locks.AbstractQueuedSynchronizer$ConditionObject.awaitNanos(AbstractQueuedSynchronizer.java:2078)
        at java.util.concurrent.LinkedBlockingQueue.poll(LinkedBlockingQueue.java:467)
        at org.apache.hadoop.ipc.CallQueueManager.take(CallQueueManager.java:295)
        at org.apache.hadoop.ipc.Server$Handler.run(Server.java:2881)
"IPC Server handler 7 on default port 39179" daemon prio=5 tid=42 timed_waiting
java.lang.Thread.State: TIMED_WAITING
        at sun.misc.Unsafe.park(Native Method)
        at java.util.concurrent.locks.LockSupport.parkNanos(LockSupport.java:215)
        at java.util.concurrent.locks.AbstractQueuedSynchronizer$ConditionObject.awaitNanos(AbstractQueuedSynchronizer.java:2078)
        at java.util.concurrent.LinkedBlockingQueue.poll(LinkedBlockingQueue.java:467)
        at org.apache.hadoop.ipc.CallQueueManager.take(CallQueueManager.java:295)
        at org.apache.hadoop.ipc.Server$Handler.run(Server.java:2881)
"IPC Server handler 6 on default port 39179" daemon prio=5 tid=41 timed_waiting
java.lang.Thread.State: TIMED_WAITING
        at sun.misc.Unsafe.park(Native Method)
        at java.util.concurrent.locks.LockSupport.parkNanos(LockSupport.java:215)
        at java.util.concurrent.locks.AbstractQueuedSynchronizer$ConditionObject.awaitNanos(AbstractQueuedSynchronizer.java:2078)
        at java.util.concurrent.LinkedBlockingQueue.poll(LinkedBlockingQueue.java:467)
        at org.apache.hadoop.ipc.CallQueueManager.take(CallQueueManager.java:295)
        at org.apache.hadoop.ipc.Server$Handler.run(Server.java:2881)
"qtp2047820764-144" daemon prio=5 tid=144 timed_waiting
java.lang.Thread.State: TIMED_WAITING
        at sun.misc.Unsafe.park(Native Method)
        at java.util.concurrent.locks.LockSupport.parkNanos(LockSupport.java:215)
        at java.util.concurrent.locks.AbstractQueuedSynchronizer$ConditionObject.awaitNanos(AbstractQueuedSynchronizer.java:2078)
        at org.eclipse.jetty.util.BlockingArrayQueue.poll(BlockingArrayQueue.java:382)
        at org.eclipse.jetty.util.thread.QueuedThreadPool$Runner.idleJobPoll(QueuedThreadPool.java:875)
        at org.eclipse.jetty.util.thread.QueuedThreadPool$Runner.run(QueuedThreadPool.java:925)
        at java.lang.Thread.run(Thread.java:748)
"qtp2047820764-143" daemon prio=5 tid=143 timed_waiting
java.lang.Thread.State: TIMED_WAITING
        at sun.misc.Unsafe.park(Native Method)
        at java.util.concurrent.locks.LockSupport.parkNanos(LockSupport.java:215)
        at java.util.concurrent.locks.AbstractQueuedSynchronizer$ConditionObject.awaitNanos(AbstractQueuedSynchronizer.java:2078)
        at org.eclipse.jetty.util.BlockingArrayQueue.poll(BlockingArrayQueue.java:382)
        at org.eclipse.jetty.util.thread.QueuedThreadPool$Runner.idleJobPoll(QueuedThreadPool.java:875)
        at org.eclipse.jetty.util.thread.QueuedThreadPool$Runner.run(QueuedThreadPool.java:925)
        at java.lang.Thread.run(Thread.java:748)
"org.apache.ratis.server.impl.LogAppender$AppenderDaemon$$Lambda$452/383808327@3e09cdd0" daemon prio=5 tid=316 timed_waiting
java.lang.Thread.State: TIMED_WAITING
        at java.lang.Object.wait(Native Method)
        at org.apache.ratis.grpc.server.GrpcLogAppender.mayWait(GrpcLogAppender.java:151)
        at org.apache.ratis.grpc.server.GrpcLogAppender.runAppenderImpl(GrpcLogAppender.java:105)
        at org.apache.ratis.server.impl.LogAppender$AppenderDaemon.run(LogAppender.java:77)
        at org.apache.ratis.server.impl.LogAppender$AppenderDaemon$$Lambda$452/383808327.run(Unknown Source)
        at java.lang.Thread.run(Thread.java:748)
"IPC Server handler 12 on default port 41043" daemon prio=5 tid=67 timed_waiting
java.lang.Thread.State: TIMED_WAITING
        at sun.misc.Unsafe.park(Native Method)
        at java.util.concurrent.locks.LockSupport.parkNanos(LockSupport.java:215)
        at java.util.concurrent.locks.AbstractQueuedSynchronizer$ConditionObject.awaitNanos(AbstractQueuedSynchronizer.java:2078)
        at java.util.concurrent.LinkedBlockingQueue.poll(LinkedBlockingQueue.java:467)
        at org.apache.hadoop.ipc.CallQueueManager.take(CallQueueManager.java:295)
        at org.apache.hadoop.ipc.Server$Handler.run(Server.java:2881)
"454ffaf2-f1cf-4ad5-8579-b0d0dc6569aa@group-B4ABD9B660F0-StateMachineUpdater" daemon prio=5 tid=253 in Object.wait()
java.lang.Thread.State: WAITING (on object monitor)
        at java.lang.Object.wait(Native Method)
        at java.lang.Object.wait(Object.java:502)
        at org.apache.ratis.server.impl.StateMachineUpdater.waitForCommit(StateMachineUpdater.java:200)
        at org.apache.ratis.server.impl.StateMachineUpdater.run(StateMachineUpdater.java:165)
        at java.lang.Thread.run(Thread.java:748)
"Reference Handler" daemon prio=10 tid=2 in Object.wait()
java.lang.Thread.State: WAITING (on object monitor)
        at java.lang.Object.wait(Native Method)
        at java.lang.Object.wait(Object.java:502)
        at java.lang.ref.Reference.tryHandlePending(Reference.java:191)
        at java.lang.ref.Reference$ReferenceHandler.run(Reference.java:153)
"IPC Server Responder" daemon prio=5 tid=27 runnable
java.lang.Thread.State: RUNNABLE
        at sun.nio.ch.EPollArrayWrapper.epollWait(Native Method)
        at sun.nio.ch.EPollArrayWrapper.poll(EPollArrayWrapper.java:269)
        at sun.nio.ch.EPollSelectorImpl.doSelect(EPollSelectorImpl.java:93)
        at sun.nio.ch.SelectorImpl.lockAndDoSelect(SelectorImpl.java:86)
        at sun.nio.ch.SelectorImpl.select(SelectorImpl.java:97)
        at org.apache.hadoop.ipc.Server$Responder.doRunLoop(Server.java:1480)
        at org.apache.hadoop.ipc.Server$Responder.run(Server.java:1463)
"f827eca5-1302-485d-b40a-808f1d3616bb@group-55234961F2D3-StateMachineUpdater" daemon prio=5 tid=267 in Object.wait()
java.lang.Thread.State: WAITING (on object monitor)
        at java.lang.Object.wait(Native Method)
        at java.lang.Object.wait(Object.java:502)
        at org.apache.ratis.server.impl.StateMachineUpdater.waitForCommit(StateMachineUpdater.java:200)
        at org.apache.ratis.server.impl.StateMachineUpdater.run(StateMachineUpdater.java:165)
        at java.lang.Thread.run(Thread.java:748)
"EventQueue-ContainerReportForContainerReportHandler" daemon prio=5 tid=245 in Object.wait()
java.lang.Thread.State: WAITING (on object monitor)
        at sun.misc.Unsafe.park(Native Method)
        at java.util.concurrent.locks.LockSupport.park(LockSupport.java:175)
        at java.util.concurrent.locks.AbstractQueuedSynchronizer$ConditionObject.await(AbstractQueuedSynchronizer.java:2039)
        at java.util.concurrent.LinkedBlockingQueue.take(LinkedBlockingQueue.java:442)
        at java.util.concurrent.ThreadPoolExecutor.getTask(ThreadPoolExecutor.java:1074)
        at java.util.concurrent.ThreadPoolExecutor.runWorker(ThreadPoolExecutor.java:1134)
        at java.util.concurrent.ThreadPoolExecutor$Worker.run(ThreadPoolExecutor.java:624)
        at java.lang.Thread.run(Thread.java:748)
"IPC Server handler 3 on default port 39179" daemon prio=5 tid=38 timed_waiting
java.lang.Thread.State: TIMED_WAITING
        at sun.misc.Unsafe.park(Native Method)
        at java.util.concurrent.locks.LockSupport.parkNanos(LockSupport.java:215)
        at java.util.concurrent.locks.AbstractQueuedSynchronizer$ConditionObject.awaitNanos(AbstractQueuedSynchronizer.java:2078)
        at java.util.concurrent.LinkedBlockingQueue.poll(LinkedBlockingQueue.java:467)
        at org.apache.hadoop.ipc.CallQueueManager.take(CallQueueManager.java:295)
        at org.apache.hadoop.ipc.Server$Handler.run(Server.java:2881)
"Socket Reader #1 for port 0"  prio=5 tid=113 runnable
java.lang.Thread.State: RUNNABLE
        at sun.nio.ch.EPollArrayWrapper.epollWait(Native Method)
        at sun.nio.ch.EPollArrayWrapper.poll(EPollArrayWrapper.java:269)
        at sun.nio.ch.EPollSelectorImpl.doSelect(EPollSelectorImpl.java:93)
        at sun.nio.ch.SelectorImpl.lockAndDoSelect(SelectorImpl.java:86)
        at sun.nio.ch.SelectorImpl.select(SelectorImpl.java:97)
        at sun.nio.ch.SelectorImpl.select(SelectorImpl.java:101)
        at org.apache.hadoop.ipc.Server$Listener$Reader.doRunLoop(Server.java:1242)
        at org.apache.hadoop.ipc.Server$Listener$Reader.run(Server.java:1221)
"grpc-default-executor-4" daemon prio=5 tid=300 timed_waiting
java.lang.Thread.State: TIMED_WAITING
        at sun.misc.Unsafe.park(Native Method)
        at java.util.concurrent.locks.LockSupport.parkNanos(LockSupport.java:215)
        at java.util.concurrent.SynchronousQueue$TransferStack.awaitFulfill(SynchronousQueue.java:460)
        at java.util.concurrent.SynchronousQueue$TransferStack.transfer(SynchronousQueue.java:362)
        at java.util.concurrent.SynchronousQueue.poll(SynchronousQueue.java:941)
        at java.util.concurrent.ThreadPoolExecutor.getTask(ThreadPoolExecutor.java:1073)
        at java.util.concurrent.ThreadPoolExecutor.runWorker(ThreadPoolExecutor.java:1134)
        at java.util.concurrent.ThreadPoolExecutor$Worker.run(ThreadPoolExecutor.java:624)
        at java.lang.Thread.run(Thread.java:748)
"qtp2098720336-102" daemon prio=5 tid=102 timed_waiting
java.lang.Thread.State: TIMED_WAITING
        at sun.misc.Unsafe.park(Native Method)
        at java.util.concurrent.locks.LockSupport.parkNanos(LockSupport.java:215)
        at java.util.concurrent.locks.AbstractQueuedSynchronizer$ConditionObject.awaitNanos(AbstractQueuedSynchronizer.java:2078)
        at org.eclipse.jetty.util.BlockingArrayQueue.poll(BlockingArrayQueue.java:382)
        at org.eclipse.jetty.util.thread.QueuedThreadPool$Runner.idleJobPoll(QueuedThreadPool.java:875)
        at org.eclipse.jetty.util.thread.QueuedThreadPool$Runner.run(QueuedThreadPool.java:925)
        at java.lang.Thread.run(Thread.java:748)
"IPC Server handler 4 on default port 40641" daemon prio=5 tid=123 timed_waiting
java.lang.Thread.State: TIMED_WAITING
        at sun.misc.Unsafe.park(Native Method)
        at java.util.concurrent.locks.LockSupport.parkNanos(LockSupport.java:215)
        at java.util.concurrent.locks.AbstractQueuedSynchronizer$ConditionObject.awaitNanos(AbstractQueuedSynchronizer.java:2078)
        at java.util.concurrent.LinkedBlockingQueue.poll(LinkedBlockingQueue.java:467)
        at org.apache.hadoop.ipc.CallQueueManager.take(CallQueueManager.java:295)
        at org.apache.hadoop.ipc.Server$Handler.run(Server.java:2881)


	at org.apache.hadoop.test.GenericTestUtils.waitFor(GenericTestUtils.java:225)
	at org.apache.hadoop.ozone.MiniOzoneClusterImpl.waitForClusterToBeReady(MiniOzoneClusterImpl.java:172)
	at org.apache.hadoop.ozone.scm.TestContainerSmallFile.init(TestContainerSmallFile.java:73)
	at sun.reflect.NativeMethodAccessorImpl.invoke0(Native Method)
	at sun.reflect.NativeMethodAccessorImpl.invoke(NativeMethodAccessorImpl.java:62)
	at sun.reflect.DelegatingMethodAccessorImpl.invoke(DelegatingMethodAccessorImpl.java:43)
	at java.lang.reflect.Method.invoke(Method.java:498)
	at org.junit.runners.model.FrameworkMethod$1.runReflectiveCall(FrameworkMethod.java:47)
	at org.junit.internal.runners.model.ReflectiveCallable.run(ReflectiveCallable.java:12)
	at org.junit.runners.model.FrameworkMethod.invokeExplosively(FrameworkMethod.java:44)
	at org.junit.internal.runners.statements.RunBefores.evaluate(RunBefores.java:24)
	at org.junit.internal.runners.statements.RunAfters.evaluate(RunAfters.java:27)
	at org.junit.runners.ParentRunner.run(ParentRunner.java:309)
	at org.apache.maven.surefire.junit4.JUnit4Provider.execute(JUnit4Provider.java:365)
	at org.apache.maven.surefire.junit4.JUnit4Provider.executeWithRerun(JUnit4Provider.java:273)
	at org.apache.maven.surefire.junit4.JUnit4Provider.executeTestSet(JUnit4Provider.java:238)
	at org.apache.maven.surefire.junit4.JUnit4Provider.invoke(JUnit4Provider.java:159)
	at org.apache.maven.surefire.booter.ForkedBooter.invokeProviderInSameClassLoader(ForkedBooter.java:384)
	at org.apache.maven.surefire.booter.ForkedBooter.runSuitesInProcess(ForkedBooter.java:345)
	at org.apache.maven.surefire.booter.ForkedBooter.execute(ForkedBooter.java:126)
	at org.apache.maven.surefire.booter.ForkedBooter.main(ForkedBooter.java:418)
</error>
    <system-out><![CDATA[2020-06-02 22:42:15,858 [main] WARN  server.ServerUtils (ServerUtils.java:getScmDbDir(148)) - ozone.scm.db.dirs is not configured. We recommend adding this setting. Falling back to ozone.metadata.dirs instead.
2020-06-02 22:42:15,956 [main] WARN  server.ServerUtils (ServerUtils.java:getScmDbDir(148)) - ozone.scm.db.dirs is not configured. We recommend adding this setting. Falling back to ozone.metadata.dirs instead.
2020-06-02 22:42:16,085 [main] WARN  db.DBStoreBuilder (DBStoreBuilder.java:createDBStoreBuilder(277)) - ozone.scm.db.dirs is not configured. We recommend adding this setting. Falling back to ozone.metadata.dirs instead.
2020-06-02 22:42:16,212 [main] INFO  net.NodeSchemaLoader (NodeSchemaLoader.java:loadSchemaFromFile(126)) - Loading file from sun.misc.CompoundEnumeration@150ab4ed
2020-06-02 22:42:16,213 [main] INFO  net.NodeSchemaLoader (NodeSchemaLoader.java:loadSchema(172)) - Loading network topology layer schema file
2020-06-02 22:42:16,276 [main] WARN  server.ServerUtils (ServerUtils.java:sanitizeUserArgs(73)) - ozone.scm.stale.node.interval value = 300000 is larger than max = 100000 based on the key value of ozone.scm.heartbeat.thread.interval, reset to the max value 100000.
2020-06-02 22:42:16,276 [main] WARN  server.ServerUtils (ServerUtils.java:sanitizeUserArgs(73)) - ozone.scm.stale.node.interval value = 300000 is larger than max = 100000 based on the key value of ozone.scm.heartbeat.thread.interval, reset to the max value 100000.
2020-06-02 22:42:16,279 [main] INFO  node.SCMNodeManager (SCMNodeManager.java:<init>(116)) - Entering startup safe mode.
2020-06-02 22:42:16,384 [main] INFO  algorithms.ContainerPlacementPolicyFactory (ContainerPlacementPolicyFactory.java:getPolicy(60)) - Create container placement policy of type org.apache.hadoop.hdds.scm.container.placement.algorithms.SCMContainerPlacementCapacity
2020-06-02 22:42:16,412 [main] INFO  pipeline.SCMPipelineManager (SCMPipelineManager.java:initializePipelineState(158)) - No pipeline exists in current db
2020-06-02 22:42:16,476 [main] INFO  safemode.HealthyPipelineSafeModeRule (HealthyPipelineSafeModeRule.java:<init>(89)) - Total pipeline count is 0, healthy pipeline threshold count is 0
2020-06-02 22:42:16,479 [main] INFO  safemode.OneReplicaPipelineSafeModeRule (OneReplicaPipelineSafeModeRule.java:<init>(79)) - Total pipeline count is 0, pipeline's with at least one datanode reported threshold count is 0
2020-06-02 22:42:16,543 [RatisPipelineUtilsThread] ERROR pipeline.SCMPipelineManager (SCMPipelineManager.java:createPipeline(222)) - Failed to create pipeline of type RATIS and factor ONE. Exception: Cannot create pipeline of factor 1 using 0 nodes. Used 0 nodes. Healthy nodes 0
2020-06-02 22:42:16,878 [main] INFO  ipc.CallQueueManager (CallQueueManager.java:<init>(84)) - Using callQueue: class java.util.concurrent.LinkedBlockingQueue, queueCapacity: 2000, scheduler: class org.apache.hadoop.ipc.DefaultRpcScheduler, ipcBackoff: false.
2020-06-02 22:42:16,902 [Socket Reader #1 for port 0] INFO  ipc.Server (Server.java:run(1219)) - Starting Socket Reader #1 for port 0
2020-06-02 22:42:16,943 [Listener at 0.0.0.0/46773] INFO  ipc.CallQueueManager (CallQueueManager.java:<init>(84)) - Using callQueue: class java.util.concurrent.LinkedBlockingQueue, queueCapacity: 2000, scheduler: class org.apache.hadoop.ipc.DefaultRpcScheduler, ipcBackoff: false.
2020-06-02 22:42:16,945 [Socket Reader #1 for port 0] INFO  ipc.Server (Server.java:run(1219)) - Starting Socket Reader #1 for port 0
2020-06-02 22:42:16,958 [Listener at 0.0.0.0/41043] INFO  ipc.CallQueueManager (CallQueueManager.java:<init>(84)) - Using callQueue: class java.util.concurrent.LinkedBlockingQueue, queueCapacity: 2000, scheduler: class org.apache.hadoop.ipc.DefaultRpcScheduler, ipcBackoff: false.
2020-06-02 22:42:16,959 [Socket Reader #1 for port 0] INFO  ipc.Server (Server.java:run(1219)) - Starting Socket Reader #1 for port 0
2020-06-02 22:42:16,980 [Listener at 0.0.0.0/39179] INFO  http.BaseHttpServer (BaseHttpServer.java:newHttpServer2BuilderForOzone(205)) - Starting Web-server for scm at: http://0.0.0.0:0
2020-06-02 22:42:16,981 [Listener at 0.0.0.0/39179] INFO  http.BaseHttpServer (BaseHttpServer.java:<init>(106)) - Hadoop Security Enabled: false Ozone Security Enabled: false Ozone HTTP Security Enabled: false 
2020-06-02 22:42:17,009 [Listener at 0.0.0.0/39179] INFO  util.log (Log.java:initialized(169)) - Logging initialized @2208ms to org.eclipse.jetty.util.log.Slf4jLog
2020-06-02 22:42:17,153 [Listener at 0.0.0.0/39179] INFO  server.AuthenticationFilter (AuthenticationFilter.java:constructSecretProvider(240)) - Unable to initialize FileSignerSecretProvider, falling back to use random secrets.
2020-06-02 22:42:17,173 [Listener at 0.0.0.0/39179] WARN  http.HttpRequestLog (HttpRequestLog.java:getRequestLog(103)) - Jetty request log can only be enabled using Log4j
2020-06-02 22:42:17,181 [Listener at 0.0.0.0/39179] INFO  http.HttpServer2 (HttpServer2.java:addGlobalFilter(993)) - Added global filter 'safety' (class=org.apache.hadoop.hdds.server.http.HttpServer2$QuotingInputFilter)
2020-06-02 22:42:17,184 [Listener at 0.0.0.0/39179] INFO  http.HttpServer2 (HttpServer2.java:addFilter(969)) - Added filter authentication (class=org.apache.hadoop.security.authentication.server.AuthenticationFilter) to context scm
2020-06-02 22:42:17,184 [Listener at 0.0.0.0/39179] INFO  http.HttpServer2 (HttpServer2.java:addFilter(977)) - Added filter authentication (class=org.apache.hadoop.security.authentication.server.AuthenticationFilter) to context static
2020-06-02 22:42:17,184 [Listener at 0.0.0.0/39179] INFO  http.HttpServer2 (HttpServer2.java:addFilter(977)) - Added filter authentication (class=org.apache.hadoop.security.authentication.server.AuthenticationFilter) to context logs
2020-06-02 22:42:17,248 [Listener at 0.0.0.0/39179] INFO  server.StorageContainerManager (StorageContainerManager.java:start(781)) - StorageContainerLocationProtocol RPC server is listening at /0.0.0.0:39179
2020-06-02 22:42:17,301 [Listener at 0.0.0.0/39179] WARN  impl.MetricsConfig (MetricsConfig.java:loadFirst(134)) - Cannot locate configuration: tried hadoop-metrics2-storagecontainermanager.properties,hadoop-metrics2.properties
2020-06-02 22:42:17,316 [Listener at 0.0.0.0/39179] INFO  impl.MetricsSystemImpl (MetricsSystemImpl.java:startTimer(374)) - Scheduled Metric snapshot period at 10 second(s).
2020-06-02 22:42:17,317 [Listener at 0.0.0.0/39179] INFO  impl.MetricsSystemImpl (MetricsSystemImpl.java:start(191)) - StorageContainerManager metrics system started
2020-06-02 22:42:17,544 [Listener at 0.0.0.0/39179] INFO  server.SCMClientProtocolServer (SCMClientProtocolServer.java:start(157)) - RPC server for Client  is listening at /0.0.0.0:39179
2020-06-02 22:42:17,546 [IPC Server Responder] INFO  ipc.Server (Server.java:run(1460)) - IPC Server Responder: starting
2020-06-02 22:42:17,548 [IPC Server listener on 0] INFO  ipc.Server (Server.java:run(1298)) - IPC Server listener on 0: starting
2020-06-02 22:42:17,555 [Listener at 0.0.0.0/39179] INFO  server.StorageContainerManager (StorageContainerManager.java:start(793)) - ScmBlockLocationProtocol RPC server is listening at /0.0.0.0:41043
2020-06-02 22:42:17,556 [Listener at 0.0.0.0/39179] INFO  server.SCMBlockProtocolServer (SCMBlockProtocolServer.java:start(149)) - RPC server for Block Protocol is listening at /0.0.0.0:41043
2020-06-02 22:42:17,556 [IPC Server Responder] INFO  ipc.Server (Server.java:run(1460)) - IPC Server Responder: starting
2020-06-02 22:42:17,556 [IPC Server listener on 0] INFO  ipc.Server (Server.java:run(1298)) - IPC Server listener on 0: starting
2020-06-02 22:42:17,559 [Listener at 0.0.0.0/39179] INFO  server.StorageContainerManager (StorageContainerManager.java:start(799)) - ScmDatanodeProtocl RPC server is listening at /0.0.0.0:46773
2020-06-02 22:42:17,560 [Listener at 0.0.0.0/39179] INFO  server.SCMDatanodeProtocolServer (SCMDatanodeProtocolServer.java:start(172)) - RPC server for DataNodes is listening at /0.0.0.0:46773
2020-06-02 22:42:17,560 [IPC Server Responder] INFO  ipc.Server (Server.java:run(1460)) - IPC Server Responder: starting
2020-06-02 22:42:17,561 [IPC Server listener on 0] INFO  ipc.Server (Server.java:run(1298)) - IPC Server listener on 0: starting
2020-06-02 22:42:17,564 [Listener at 0.0.0.0/39179] INFO  http.HttpServer2 (HttpServer2.java:bindListener(1211)) - Jetty bound to port 39699
2020-06-02 22:42:17,566 [Listener at 0.0.0.0/39179] INFO  server.Server (Server.java:doStart(359)) - jetty-9.4.26.v20200117; built: 2020-01-17T12:35:33.676Z; git: 7b38981d25d14afb4a12ff1f2596756144edf695; jvm 1.8.0_232-b09
2020-06-02 22:42:17,600 [Listener at 0.0.0.0/39179] INFO  server.session (DefaultSessionIdManager.java:doStart(333)) - DefaultSessionIdManager workerName=node0
2020-06-02 22:42:17,600 [Listener at 0.0.0.0/39179] INFO  server.session (DefaultSessionIdManager.java:doStart(338)) - No SessionScavenger set, using defaults
2020-06-02 22:42:17,602 [Listener at 0.0.0.0/39179] INFO  server.session (HouseKeeper.java:startScavenging(140)) - node0 Scavenging every 600000ms
2020-06-02 22:42:17,616 [Listener at 0.0.0.0/39179] INFO  server.AuthenticationFilter (AuthenticationFilter.java:constructSecretProvider(240)) - Unable to initialize FileSignerSecretProvider, falling back to use random secrets.
2020-06-02 22:42:17,619 [Listener at 0.0.0.0/39179] INFO  handler.ContextHandler (ContextHandler.java:doStart(825)) - Started o.e.j.s.ServletContextHandler@5ad1904f{logs,/logs,file:///github/workspace/mnt/ozone/hadoop-ozone/integration-test/target/log,AVAILABLE}
2020-06-02 22:42:17,622 [Listener at 0.0.0.0/39179] INFO  handler.ContextHandler (ContextHandler.java:doStart(825)) - Started o.e.j.s.ServletContextHandler@22ad1bae{static,/static,file:///github/workspace/mnt/ozone/hadoop-ozone/integration-test/target/test-classes/webapps/static,AVAILABLE}
2020-06-02 22:42:17,658 [Listener at 0.0.0.0/39179] INFO  handler.ContextHandler (ContextHandler.java:doStart(825)) - Started o.e.j.w.WebAppContext@4017fe2c{scm,/,file:///github/workspace/mnt/ozone/hadoop-ozone/integration-test/target/test-classes/webapps/scm/,AVAILABLE}{file:/github/workspace/mnt/ozone/hadoop-ozone/integration-test/target/test-classes/webapps/scm}
2020-06-02 22:42:17,665 [Listener at 0.0.0.0/39179] INFO  server.AbstractConnector (AbstractConnector.java:doStart(330)) - Started ServerConnector@7161457{HTTP/1.1,[http/1.1]}{0.0.0.0:39699}
2020-06-02 22:42:17,665 [Listener at 0.0.0.0/39179] INFO  server.Server (Server.java:doStart(399)) - Started @2865ms
2020-06-02 22:42:17,667 [Listener at 0.0.0.0/39179] INFO  impl.MetricsSinkAdapter (MetricsSinkAdapter.java:start(204)) - Sink prometheus started
2020-06-02 22:42:17,667 [Listener at 0.0.0.0/39179] INFO  impl.MetricsSystemImpl (MetricsSystemImpl.java:registerSink(301)) - Registered sink prometheus
2020-06-02 22:42:17,674 [Listener at 0.0.0.0/39179] INFO  http.BaseHttpServer (BaseHttpServer.java:updateConnectorAddress(325)) - HTTP server of scm listening at http://0.0.0.0:39699
2020-06-02 22:42:17,682 [Listener at 0.0.0.0/39179] WARN  server.ServerUtils (ServerUtils.java:getDBPath(225)) - ozone.om.db.dirs is not configured. We recommend adding this setting. Falling back to ozone.metadata.dirs instead.
2020-06-02 22:42:17,690 [org.apache.hadoop.util.JvmPauseMonitor$Monitor@100aa331] INFO  util.JvmPauseMonitor (JvmPauseMonitor.java:run(188)) - Starting JVM pause monitor
2020-06-02 22:42:17,778 [Listener at 0.0.0.0/39179] INFO  ha.OMHANodeDetails (OMHANodeDetails.java:loadOMHAConfig(104)) - ozone.om.internal.service.id is not defined, falling back to ozone.om.service.ids to find serviceID for OzoneManager if it is HA enabled cluster
2020-06-02 22:42:17,783 [Listener at 0.0.0.0/39179] INFO  ha.OMHANodeDetails (OMHANodeDetails.java:loadOMHAConfig(207)) - Configuration either no ozone.om.address set. Falling back to the default OM address /127.0.0.1:0
2020-06-02 22:42:17,783 [Listener at 0.0.0.0/39179] INFO  ha.OMHANodeDetails (OMHANodeDetails.java:getOMNodeDetails(237)) - OM Service ID is not set. Setting it to the default ID: omServiceIdDefault
2020-06-02 22:42:17,785 [Listener at 0.0.0.0/39179] WARN  server.ServerUtils (ServerUtils.java:getDBPath(225)) - ozone.om.db.dirs is not configured. We recommend adding this setting. Falling back to ozone.metadata.dirs instead.
2020-06-02 22:42:17,786 [Listener at 0.0.0.0/39179] WARN  server.ServerUtils (ServerUtils.java:getDBPath(225)) - ozone.om.db.dirs is not configured. We recommend adding this setting. Falling back to ozone.metadata.dirs instead.
2020-06-02 22:42:18,437 [Listener at 0.0.0.0/39179] WARN  server.ServerUtils (ServerUtils.java:getDBPath(225)) - ozone.om.db.dirs is not configured. We recommend adding this setting. Falling back to ozone.metadata.dirs instead.
2020-06-02 22:42:18,546 [Listener at 0.0.0.0/39179] INFO  ipc.CallQueueManager (CallQueueManager.java:<init>(84)) - Using callQueue: class java.util.concurrent.LinkedBlockingQueue, queueCapacity: 2000, scheduler: class org.apache.hadoop.ipc.DefaultRpcScheduler, ipcBackoff: false.
2020-06-02 22:42:18,551 [Socket Reader #1 for port 0] INFO  ipc.Server (Server.java:run(1219)) - Starting Socket Reader #1 for port 0
2020-06-02 22:42:18,587 [Listener at 127.0.0.1/40641] INFO  impl.MetricsSystemImpl (MetricsSystemImpl.java:init(158)) - OzoneManager metrics system started (again)
2020-06-02 22:42:18,588 [Listener at 127.0.0.1/40641] INFO  om.OzoneManager (OzoneManager.java:start(1097)) - OzoneManager RPC server is listening at localhost/127.0.0.1:40641
2020-06-02 22:42:18,610 [IPC Server Responder] INFO  ipc.Server (Server.java:run(1460)) - IPC Server Responder: starting
2020-06-02 22:42:18,611 [IPC Server listener on 0] INFO  ipc.Server (Server.java:run(1298)) - IPC Server listener on 0: starting
2020-06-02 22:42:18,623 [Listener at 127.0.0.1/40641] INFO  http.BaseHttpServer (BaseHttpServer.java:newHttpServer2BuilderForOzone(205)) - Starting Web-server for ozoneManager at: http://0.0.0.0:0
2020-06-02 22:42:18,624 [Listener at 127.0.0.1/40641] INFO  http.BaseHttpServer (BaseHttpServer.java:<init>(106)) - Hadoop Security Enabled: false Ozone Security Enabled: false Ozone HTTP Security Enabled: false 
2020-06-02 22:42:18,625 [Listener at 127.0.0.1/40641] INFO  server.AuthenticationFilter (AuthenticationFilter.java:constructSecretProvider(240)) - Unable to initialize FileSignerSecretProvider, falling back to use random secrets.
2020-06-02 22:42:18,626 [Listener at 127.0.0.1/40641] WARN  http.HttpRequestLog (HttpRequestLog.java:getRequestLog(103)) - Jetty request log can only be enabled using Log4j
2020-06-02 22:42:18,628 [Listener at 127.0.0.1/40641] INFO  http.HttpServer2 (HttpServer2.java:addGlobalFilter(993)) - Added global filter 'safety' (class=org.apache.hadoop.hdds.server.http.HttpServer2$QuotingInputFilter)
2020-06-02 22:42:18,629 [Listener at 127.0.0.1/40641] INFO  http.HttpServer2 (HttpServer2.java:addFilter(969)) - Added filter authentication (class=org.apache.hadoop.security.authentication.server.AuthenticationFilter) to context ozoneManager
2020-06-02 22:42:18,629 [Listener at 127.0.0.1/40641] INFO  http.HttpServer2 (HttpServer2.java:addFilter(977)) - Added filter authentication (class=org.apache.hadoop.security.authentication.server.AuthenticationFilter) to context static
2020-06-02 22:42:18,629 [Listener at 127.0.0.1/40641] INFO  http.HttpServer2 (HttpServer2.java:addFilter(977)) - Added filter authentication (class=org.apache.hadoop.security.authentication.server.AuthenticationFilter) to context logs
2020-06-02 22:42:18,632 [Listener at 127.0.0.1/40641] INFO  http.HttpServer2 (HttpServer2.java:bindListener(1211)) - Jetty bound to port 36783
2020-06-02 22:42:18,633 [Listener at 127.0.0.1/40641] INFO  server.Server (Server.java:doStart(359)) - jetty-9.4.26.v20200117; built: 2020-01-17T12:35:33.676Z; git: 7b38981d25d14afb4a12ff1f2596756144edf695; jvm 1.8.0_232-b09
2020-06-02 22:42:18,636 [Listener at 127.0.0.1/40641] INFO  server.session (DefaultSessionIdManager.java:doStart(333)) - DefaultSessionIdManager workerName=node0
2020-06-02 22:42:18,636 [Listener at 127.0.0.1/40641] INFO  server.session (DefaultSessionIdManager.java:doStart(338)) - No SessionScavenger set, using defaults
2020-06-02 22:42:18,636 [Listener at 127.0.0.1/40641] INFO  server.session (HouseKeeper.java:startScavenging(140)) - node0 Scavenging every 660000ms
2020-06-02 22:42:18,637 [Listener at 127.0.0.1/40641] INFO  server.AuthenticationFilter (AuthenticationFilter.java:constructSecretProvider(240)) - Unable to initialize FileSignerSecretProvider, falling back to use random secrets.
2020-06-02 22:42:18,639 [Listener at 127.0.0.1/40641] INFO  handler.ContextHandler (ContextHandler.java:doStart(825)) - Started o.e.j.s.ServletContextHandler@1f6e6f50{logs,/logs,file:///github/workspace/mnt/ozone/hadoop-ozone/integration-test/target/log,AVAILABLE}
2020-06-02 22:42:18,639 [Listener at 127.0.0.1/40641] INFO  handler.ContextHandler (ContextHandler.java:doStart(825)) - Started o.e.j.s.ServletContextHandler@796cf2b5{static,/static,file:///github/workspace/mnt/ozone/hadoop-ozone/integration-test/target/test-classes/webapps/static,AVAILABLE}
2020-06-02 22:42:18,646 [Listener at 127.0.0.1/40641] INFO  handler.ContextHandler (ContextHandler.java:doStart(825)) - Started o.e.j.w.WebAppContext@5f32ab17{ozoneManager,/,file:///github/workspace/mnt/ozone/hadoop-ozone/integration-test/target/test-classes/webapps/ozoneManager/,AVAILABLE}{file:/github/workspace/mnt/ozone/hadoop-ozone/integration-test/target/test-classes/webapps/ozoneManager}
2020-06-02 22:42:18,647 [Listener at 127.0.0.1/40641] INFO  server.AbstractConnector (AbstractConnector.java:doStart(330)) - Started ServerConnector@42f2cae8{HTTP/1.1,[http/1.1]}{0.0.0.0:36783}
2020-06-02 22:42:18,648 [Listener at 127.0.0.1/40641] INFO  server.Server (Server.java:doStart(399)) - Started @3847ms
2020-06-02 22:42:18,648 [Listener at 127.0.0.1/40641] WARN  impl.MetricsSystemImpl (MetricsSystemImpl.java:register(276)) - Sink prometheus already exists!
2020-06-02 22:42:18,652 [Listener at 127.0.0.1/40641] INFO  http.BaseHttpServer (BaseHttpServer.java:updateConnectorAddress(325)) - HTTP server of ozoneManager listening at http://0.0.0.0:36783
2020-06-02 22:42:18,670 [org.apache.hadoop.util.JvmPauseMonitor$Monitor@2d23a5be] INFO  util.JvmPauseMonitor (JvmPauseMonitor.java:run(188)) - Starting JVM pause monitor
2020-06-02 22:42:18,779 [Listener at 127.0.0.1/40641] INFO  metrics.MetricRegistries (MetricRegistriesLoader.java:load(64)) - Loaded MetricRegistries class org.apache.ratis.metrics.impl.MetricRegistriesImpl
2020-06-02 22:42:18,781 [Listener at 127.0.0.1/40641] INFO  impl.MetricsSystemImpl (MetricsSystemImpl.java:init(158)) - HddsDatanode metrics system started (again)
2020-06-02 22:42:18,787 [Listener at 127.0.0.1/40641] INFO  ozone.HddsDatanodeService (HddsDatanodeService.java:start(205)) - HddsDatanodeService host:4c74825c5481 ip:172.17.0.2
2020-06-02 22:42:18,838 [Listener at 127.0.0.1/40641] INFO  volume.HddsVolume (HddsVolume.java:<init>(176)) - Creating Volume: /github/workspace/mnt/ozone/hadoop-ozone/integration-test/target/test-dir/MiniOzoneClusterImpl-f92f6dc5-cbf3-4a6d-9e37-1f4b99c88ef6/datanode-0/data-0/containers/hdds of storage type : DISK and capacity : 9223372036854775807
2020-06-02 22:42:18,840 [Listener at 127.0.0.1/40641] INFO  volume.MutableVolumeSet (MutableVolumeSet.java:initializeVolumeSet(181)) - Added Volume : /github/workspace/mnt/ozone/hadoop-ozone/integration-test/target/test-dir/MiniOzoneClusterImpl-f92f6dc5-cbf3-4a6d-9e37-1f4b99c88ef6/datanode-0/data-0/containers/hdds to VolumeSet
2020-06-02 22:42:18,841 [Listener at 127.0.0.1/40641] INFO  volume.ThrottledAsyncChecker (ThrottledAsyncChecker.java:schedule(141)) - Scheduling a check for /github/workspace/mnt/ozone/hadoop-ozone/integration-test/target/test-dir/MiniOzoneClusterImpl-f92f6dc5-cbf3-4a6d-9e37-1f4b99c88ef6/datanode-0/data-0/containers/hdds
2020-06-02 22:42:18,867 [Listener at 127.0.0.1/40641] INFO  volume.HddsVolumeChecker (HddsVolumeChecker.java:checkAllVolumes(200)) - Scheduled health check for volume /github/workspace/mnt/ozone/hadoop-ozone/integration-test/target/test-dir/MiniOzoneClusterImpl-f92f6dc5-cbf3-4a6d-9e37-1f4b99c88ef6/datanode-0/data-0/containers/hdds
2020-06-02 22:42:19,050 [Listener at 127.0.0.1/40641] INFO  impl.RaftServerProxy (ConfUtils.java:logGet(44)) - raft.rpc.type = GRPC (default)
2020-06-02 22:42:19,114 [Listener at 127.0.0.1/40641] INFO  grpc.GrpcFactory (GrpcFactory.java:checkPooledByteBufAllocatorUseCacheForAllThreads(45)) - PERFORMANCE WARNING: useCacheForAllThreads is true that may cause Netty to create a lot garbage objects and, as a result, trigger GC.
	It is recommended to disable useCacheForAllThreads by setting -Dorg.apache.ratis.thirdparty.io.netty.allocator.useCacheForAllThreads=false in command line.
2020-06-02 22:42:19,119 [Listener at 127.0.0.1/40641] INFO  grpc.GrpcConfigKeys (ConfUtils.java:logGet(44)) - raft.grpc.server.port = 0 (default)
2020-06-02 22:42:19,122 [Listener at 127.0.0.1/40641] INFO  server.GrpcService (ConfUtils.java:logGet(44)) - raft.grpc.message.size.max = 32MB (=33554432) (custom)
2020-06-02 22:42:19,123 [Listener at 127.0.0.1/40641] INFO  server.RaftServerConfigKeys (ConfUtils.java:logGet(44)) - raft.server.log.appender.buffer.byte-limit = 33554432 (custom)
2020-06-02 22:42:19,124 [Listener at 127.0.0.1/40641] INFO  server.GrpcService (ConfUtils.java:logGet(44)) - raft.grpc.flow.control.window = 5MB (=5242880) (custom)
2020-06-02 22:42:19,126 [Listener at 127.0.0.1/40641] INFO  server.RaftServerConfigKeys (ConfUtils.java:logGet(44)) - raft.server.rpc.request.timeout = 60s (custom)
2020-06-02 22:42:19,286 [Listener at 127.0.0.1/40641] INFO  server.RaftServerConfigKeys (ConfUtils.java:logGet(44)) - raft.server.storage.dir = [/github/workspace/mnt/ozone/hadoop-ozone/integration-test/target/test-dir/MiniOzoneClusterImpl-f92f6dc5-cbf3-4a6d-9e37-1f4b99c88ef6/datanode-0/data/ratis] (custom)
2020-06-02 22:42:19,367 [Listener at 127.0.0.1/40641] INFO  http.BaseHttpServer (BaseHttpServer.java:newHttpServer2BuilderForOzone(205)) - Starting Web-server for hddsDatanode at: http://0.0.0.0:0
2020-06-02 22:42:19,367 [Listener at 127.0.0.1/40641] INFO  http.BaseHttpServer (BaseHttpServer.java:<init>(106)) - Hadoop Security Enabled: false Ozone Security Enabled: false Ozone HTTP Security Enabled: false 
2020-06-02 22:42:19,368 [Listener at 127.0.0.1/40641] INFO  server.AuthenticationFilter (AuthenticationFilter.java:constructSecretProvider(240)) - Unable to initialize FileSignerSecretProvider, falling back to use random secrets.
2020-06-02 22:42:19,369 [Listener at 127.0.0.1/40641] WARN  http.HttpRequestLog (HttpRequestLog.java:getRequestLog(103)) - Jetty request log can only be enabled using Log4j
2020-06-02 22:42:19,370 [Listener at 127.0.0.1/40641] INFO  http.HttpServer2 (HttpServer2.java:addGlobalFilter(993)) - Added global filter 'safety' (class=org.apache.hadoop.hdds.server.http.HttpServer2$QuotingInputFilter)
2020-06-02 22:42:19,371 [Listener at 127.0.0.1/40641] INFO  http.HttpServer2 (HttpServer2.java:addFilter(969)) - Added filter authentication (class=org.apache.hadoop.security.authentication.server.AuthenticationFilter) to context hddsDatanode
2020-06-02 22:42:19,371 [Listener at 127.0.0.1/40641] INFO  http.HttpServer2 (HttpServer2.java:addFilter(977)) - Added filter authentication (class=org.apache.hadoop.security.authentication.server.AuthenticationFilter) to context logs
2020-06-02 22:42:19,371 [Listener at 127.0.0.1/40641] INFO  http.HttpServer2 (HttpServer2.java:addFilter(977)) - Added filter authentication (class=org.apache.hadoop.security.authentication.server.AuthenticationFilter) to context static
2020-06-02 22:42:19,372 [Listener at 127.0.0.1/40641] INFO  http.HttpServer2 (HttpServer2.java:bindListener(1211)) - Jetty bound to port 36785
2020-06-02 22:42:19,372 [Listener at 127.0.0.1/40641] INFO  server.Server (Server.java:doStart(359)) - jetty-9.4.26.v20200117; built: 2020-01-17T12:35:33.676Z; git: 7b38981d25d14afb4a12ff1f2596756144edf695; jvm 1.8.0_232-b09
2020-06-02 22:42:19,375 [Listener at 127.0.0.1/40641] INFO  server.session (DefaultSessionIdManager.java:doStart(333)) - DefaultSessionIdManager workerName=node0
2020-06-02 22:42:19,375 [Listener at 127.0.0.1/40641] INFO  server.session (DefaultSessionIdManager.java:doStart(338)) - No SessionScavenger set, using defaults
2020-06-02 22:42:19,375 [Listener at 127.0.0.1/40641] INFO  server.session (HouseKeeper.java:startScavenging(140)) - node0 Scavenging every 600000ms
2020-06-02 22:42:19,378 [Listener at 127.0.0.1/40641] INFO  server.AuthenticationFilter (AuthenticationFilter.java:constructSecretProvider(240)) - Unable to initialize FileSignerSecretProvider, falling back to use random secrets.
2020-06-02 22:42:19,378 [Listener at 127.0.0.1/40641] INFO  handler.ContextHandler (ContextHandler.java:doStart(825)) - Started o.e.j.s.ServletContextHandler@21252bef{logs,/logs,file:///github/workspace/mnt/ozone/hadoop-ozone/integration-test/target/log,AVAILABLE}
2020-06-02 22:42:19,379 [Listener at 127.0.0.1/40641] INFO  handler.ContextHandler (ContextHandler.java:doStart(825)) - Started o.e.j.s.ServletContextHandler@52984065{static,/static,jar:file:/home/user/.m2/repository/org/apache/hadoop/hadoop-hdds-container-service/0.6.0-SNAPSHOT/hadoop-hdds-container-service-0.6.0-SNAPSHOT.jar!/webapps/static,AVAILABLE}
2020-06-02 22:42:19,413 [Listener at 127.0.0.1/40641] INFO  handler.ContextHandler (ContextHandler.java:doStart(825)) - Started o.e.j.w.WebAppContext@1c0ec502{hddsDatanode,/,file:///tmp/jetty-0_0_0_0-36785-hadoop-hdds-container-service-0_6_0-SNAPSHOT_jar-_-any-7976149808355137216.dir/webapp/,AVAILABLE}{jar:file:/home/user/.m2/repository/org/apache/hadoop/hadoop-hdds-container-service/0.6.0-SNAPSHOT/hadoop-hdds-container-service-0.6.0-SNAPSHOT.jar!/webapps/hddsDatanode}
2020-06-02 22:42:19,415 [Listener at 127.0.0.1/40641] INFO  server.AbstractConnector (AbstractConnector.java:doStart(330)) - Started ServerConnector@52539624{HTTP/1.1,[http/1.1]}{0.0.0.0:36785}
2020-06-02 22:42:19,415 [Listener at 127.0.0.1/40641] INFO  server.Server (Server.java:doStart(399)) - Started @4614ms
2020-06-02 22:42:19,415 [Listener at 127.0.0.1/40641] WARN  impl.MetricsSystemImpl (MetricsSystemImpl.java:register(276)) - Sink prometheus already exists!
2020-06-02 22:42:19,420 [Listener at 127.0.0.1/40641] INFO  http.BaseHttpServer (BaseHttpServer.java:updateConnectorAddress(325)) - HTTP server of hddsDatanode listening at http://0.0.0.0:36785
2020-06-02 22:42:19,421 [Listener at 127.0.0.1/40641] INFO  impl.MetricsSystemImpl (MetricsSystemImpl.java:init(158)) - HddsDatanode metrics system started (again)
2020-06-02 22:42:19,422 [Listener at 127.0.0.1/40641] INFO  ozone.HddsDatanodeService (HddsDatanodeService.java:start(205)) - HddsDatanodeService host:4c74825c5481 ip:172.17.0.2
2020-06-02 22:42:19,424 [Listener at 127.0.0.1/40641] INFO  volume.HddsVolume (HddsVolume.java:<init>(176)) - Creating Volume: /github/workspace/mnt/ozone/hadoop-ozone/integration-test/target/test-dir/MiniOzoneClusterImpl-f92f6dc5-cbf3-4a6d-9e37-1f4b99c88ef6/datanode-1/data-0/containers/hdds of storage type : DISK and capacity : 9223372036854775807
2020-06-02 22:42:19,424 [Listener at 127.0.0.1/40641] INFO  volume.MutableVolumeSet (MutableVolumeSet.java:initializeVolumeSet(181)) - Added Volume : /github/workspace/mnt/ozone/hadoop-ozone/integration-test/target/test-dir/MiniOzoneClusterImpl-f92f6dc5-cbf3-4a6d-9e37-1f4b99c88ef6/datanode-1/data-0/containers/hdds to VolumeSet
2020-06-02 22:42:19,425 [Listener at 127.0.0.1/40641] INFO  volume.ThrottledAsyncChecker (ThrottledAsyncChecker.java:schedule(141)) - Scheduling a check for /github/workspace/mnt/ozone/hadoop-ozone/integration-test/target/test-dir/MiniOzoneClusterImpl-f92f6dc5-cbf3-4a6d-9e37-1f4b99c88ef6/datanode-1/data-0/containers/hdds
2020-06-02 22:42:19,430 [Listener at 127.0.0.1/40641] INFO  volume.HddsVolumeChecker (HddsVolumeChecker.java:checkAllVolumes(200)) - Scheduled health check for volume /github/workspace/mnt/ozone/hadoop-ozone/integration-test/target/test-dir/MiniOzoneClusterImpl-f92f6dc5-cbf3-4a6d-9e37-1f4b99c88ef6/datanode-1/data-0/containers/hdds
2020-06-02 22:42:19,460 [org.apache.hadoop.util.JvmPauseMonitor$Monitor@3c2ccd2] INFO  util.JvmPauseMonitor (JvmPauseMonitor.java:run(188)) - Starting JVM pause monitor
2020-06-02 22:42:19,477 [Listener at 127.0.0.1/40641] INFO  impl.RaftServerProxy (ConfUtils.java:logGet(44)) - raft.rpc.type = GRPC (default)
2020-06-02 22:42:19,477 [Listener at 127.0.0.1/40641] INFO  grpc.GrpcFactory (GrpcFactory.java:checkPooledByteBufAllocatorUseCacheForAllThreads(45)) - PERFORMANCE WARNING: useCacheForAllThreads is true that may cause Netty to create a lot garbage objects and, as a result, trigger GC.
	It is recommended to disable useCacheForAllThreads by setting -Dorg.apache.ratis.thirdparty.io.netty.allocator.useCacheForAllThreads=false in command line.
2020-06-02 22:42:19,478 [Listener at 127.0.0.1/40641] INFO  grpc.GrpcConfigKeys (ConfUtils.java:logGet(44)) - raft.grpc.server.port = 0 (default)
2020-06-02 22:42:19,478 [Listener at 127.0.0.1/40641] INFO  server.GrpcService (ConfUtils.java:logGet(44)) - raft.grpc.message.size.max = 32MB (=33554432) (custom)
2020-06-02 22:42:19,478 [Listener at 127.0.0.1/40641] INFO  server.RaftServerConfigKeys (ConfUtils.java:logGet(44)) - raft.server.log.appender.buffer.byte-limit = 33554432 (custom)
2020-06-02 22:42:19,478 [Listener at 127.0.0.1/40641] INFO  server.GrpcService (ConfUtils.java:logGet(44)) - raft.grpc.flow.control.window = 5MB (=5242880) (custom)
2020-06-02 22:42:19,479 [Listener at 127.0.0.1/40641] INFO  server.RaftServerConfigKeys (ConfUtils.java:logGet(44)) - raft.server.rpc.request.timeout = 60s (custom)
2020-06-02 22:42:19,480 [Listener at 127.0.0.1/40641] INFO  server.RaftServerConfigKeys (ConfUtils.java:logGet(44)) - raft.server.storage.dir = [/github/workspace/mnt/ozone/hadoop-ozone/integration-test/target/test-dir/MiniOzoneClusterImpl-f92f6dc5-cbf3-4a6d-9e37-1f4b99c88ef6/datanode-1/data/ratis] (custom)
2020-06-02 22:42:19,506 [Listener at 127.0.0.1/40641] INFO  http.BaseHttpServer (BaseHttpServer.java:newHttpServer2BuilderForOzone(205)) - Starting Web-server for hddsDatanode at: http://0.0.0.0:0
2020-06-02 22:42:19,506 [Listener at 127.0.0.1/40641] INFO  http.BaseHttpServer (BaseHttpServer.java:<init>(106)) - Hadoop Security Enabled: false Ozone Security Enabled: false Ozone HTTP Security Enabled: false 
2020-06-02 22:42:19,508 [Listener at 127.0.0.1/40641] INFO  server.AuthenticationFilter (AuthenticationFilter.java:constructSecretProvider(240)) - Unable to initialize FileSignerSecretProvider, falling back to use random secrets.
2020-06-02 22:42:19,508 [Listener at 127.0.0.1/40641] WARN  http.HttpRequestLog (HttpRequestLog.java:getRequestLog(103)) - Jetty request log can only be enabled using Log4j
2020-06-02 22:42:19,509 [Listener at 127.0.0.1/40641] INFO  http.HttpServer2 (HttpServer2.java:addGlobalFilter(993)) - Added global filter 'safety' (class=org.apache.hadoop.hdds.server.http.HttpServer2$QuotingInputFilter)
2020-06-02 22:42:19,510 [Listener at 127.0.0.1/40641] INFO  http.HttpServer2 (HttpServer2.java:addFilter(969)) - Added filter authentication (class=org.apache.hadoop.security.authentication.server.AuthenticationFilter) to context hddsDatanode
2020-06-02 22:42:19,510 [Listener at 127.0.0.1/40641] INFO  http.HttpServer2 (HttpServer2.java:addFilter(977)) - Added filter authentication (class=org.apache.hadoop.security.authentication.server.AuthenticationFilter) to context logs
2020-06-02 22:42:19,510 [Listener at 127.0.0.1/40641] INFO  http.HttpServer2 (HttpServer2.java:addFilter(977)) - Added filter authentication (class=org.apache.hadoop.security.authentication.server.AuthenticationFilter) to context static
2020-06-02 22:42:19,511 [Listener at 127.0.0.1/40641] INFO  http.HttpServer2 (HttpServer2.java:bindListener(1211)) - Jetty bound to port 34009
2020-06-02 22:42:19,515 [Listener at 127.0.0.1/40641] INFO  server.Server (Server.java:doStart(359)) - jetty-9.4.26.v20200117; built: 2020-01-17T12:35:33.676Z; git: 7b38981d25d14afb4a12ff1f2596756144edf695; jvm 1.8.0_232-b09
2020-06-02 22:42:19,519 [Listener at 127.0.0.1/40641] INFO  server.session (DefaultSessionIdManager.java:doStart(333)) - DefaultSessionIdManager workerName=node0
2020-06-02 22:42:19,519 [Listener at 127.0.0.1/40641] INFO  server.session (DefaultSessionIdManager.java:doStart(338)) - No SessionScavenger set, using defaults
2020-06-02 22:42:19,520 [Listener at 127.0.0.1/40641] INFO  server.session (HouseKeeper.java:startScavenging(140)) - node0 Scavenging every 660000ms
2020-06-02 22:42:19,522 [Listener at 127.0.0.1/40641] INFO  server.AuthenticationFilter (AuthenticationFilter.java:constructSecretProvider(240)) - Unable to initialize FileSignerSecretProvider, falling back to use random secrets.
2020-06-02 22:42:19,522 [Listener at 127.0.0.1/40641] INFO  handler.ContextHandler (ContextHandler.java:doStart(825)) - Started o.e.j.s.ServletContextHandler@73a5cc47{logs,/logs,file:///github/workspace/mnt/ozone/hadoop-ozone/integration-test/target/log,AVAILABLE}
2020-06-02 22:42:19,523 [Listener at 127.0.0.1/40641] INFO  handler.ContextHandler (ContextHandler.java:doStart(825)) - Started o.e.j.s.ServletContextHandler@50ac63b2{static,/static,jar:file:/home/user/.m2/repository/org/apache/hadoop/hadoop-hdds-container-service/0.6.0-SNAPSHOT/hadoop-hdds-container-service-0.6.0-SNAPSHOT.jar!/webapps/static,AVAILABLE}
2020-06-02 22:42:19,594 [Listener at 127.0.0.1/40641] INFO  handler.ContextHandler (ContextHandler.java:doStart(825)) - Started o.e.j.w.WebAppContext@1315f1d5{hddsDatanode,/,file:///tmp/jetty-0_0_0_0-34009-hadoop-hdds-container-service-0_6_0-SNAPSHOT_jar-_-any-5263768485797497124.dir/webapp/,AVAILABLE}{jar:file:/home/user/.m2/repository/org/apache/hadoop/hadoop-hdds-container-service/0.6.0-SNAPSHOT/hadoop-hdds-container-service-0.6.0-SNAPSHOT.jar!/webapps/hddsDatanode}
2020-06-02 22:42:19,599 [Listener at 127.0.0.1/40641] INFO  server.AbstractConnector (AbstractConnector.java:doStart(330)) - Started ServerConnector@31d09031{HTTP/1.1,[http/1.1]}{0.0.0.0:34009}
2020-06-02 22:42:19,599 [Listener at 127.0.0.1/40641] INFO  server.Server (Server.java:doStart(399)) - Started @4799ms
2020-06-02 22:42:19,599 [Listener at 127.0.0.1/40641] WARN  impl.MetricsSystemImpl (MetricsSystemImpl.java:register(276)) - Sink prometheus already exists!
2020-06-02 22:42:19,605 [Listener at 127.0.0.1/40641] INFO  http.BaseHttpServer (BaseHttpServer.java:updateConnectorAddress(325)) - HTTP server of hddsDatanode listening at http://0.0.0.0:34009
2020-06-02 22:42:19,610 [Listener at 127.0.0.1/40641] INFO  impl.MetricsSystemImpl (MetricsSystemImpl.java:init(158)) - HddsDatanode metrics system started (again)
2020-06-02 22:42:19,612 [Listener at 127.0.0.1/40641] INFO  ozone.HddsDatanodeService (HddsDatanodeService.java:start(205)) - HddsDatanodeService host:4c74825c5481 ip:172.17.0.2
2020-06-02 22:42:19,632 [Datanode State Machine Thread - 0] INFO  datanode.InitDatanodeState (InitDatanodeState.java:persistContainerDatanodeDetails(145)) - DatanodeDetails is persisted to /github/workspace/mnt/ozone/hadoop-ozone/integration-test/target/test-dir/MiniOzoneClusterImpl-f92f6dc5-cbf3-4a6d-9e37-1f4b99c88ef6/datanode-0/meta/datanode.id
2020-06-02 22:42:19,633 [Listener at 127.0.0.1/40641] INFO  volume.HddsVolume (HddsVolume.java:<init>(176)) - Creating Volume: /github/workspace/mnt/ozone/hadoop-ozone/integration-test/target/test-dir/MiniOzoneClusterImpl-f92f6dc5-cbf3-4a6d-9e37-1f4b99c88ef6/datanode-2/data-0/containers/hdds of storage type : DISK and capacity : 9223372036854775807
2020-06-02 22:42:19,633 [Listener at 127.0.0.1/40641] INFO  volume.MutableVolumeSet (MutableVolumeSet.java:initializeVolumeSet(181)) - Added Volume : /github/workspace/mnt/ozone/hadoop-ozone/integration-test/target/test-dir/MiniOzoneClusterImpl-f92f6dc5-cbf3-4a6d-9e37-1f4b99c88ef6/datanode-2/data-0/containers/hdds to VolumeSet
2020-06-02 22:42:19,634 [Listener at 127.0.0.1/40641] INFO  volume.ThrottledAsyncChecker (ThrottledAsyncChecker.java:schedule(141)) - Scheduling a check for /github/workspace/mnt/ozone/hadoop-ozone/integration-test/target/test-dir/MiniOzoneClusterImpl-f92f6dc5-cbf3-4a6d-9e37-1f4b99c88ef6/datanode-2/data-0/containers/hdds
2020-06-02 22:42:19,636 [Listener at 127.0.0.1/40641] INFO  volume.HddsVolumeChecker (HddsVolumeChecker.java:checkAllVolumes(200)) - Scheduled health check for volume /github/workspace/mnt/ozone/hadoop-ozone/integration-test/target/test-dir/MiniOzoneClusterImpl-f92f6dc5-cbf3-4a6d-9e37-1f4b99c88ef6/datanode-2/data-0/containers/hdds
2020-06-02 22:42:19,661 [org.apache.hadoop.util.JvmPauseMonitor$Monitor@5bb43dc0] INFO  util.JvmPauseMonitor (JvmPauseMonitor.java:run(188)) - Starting JVM pause monitor
2020-06-02 22:42:19,665 [Listener at 127.0.0.1/40641] INFO  impl.RaftServerProxy (ConfUtils.java:logGet(44)) - raft.rpc.type = GRPC (default)
2020-06-02 22:42:19,667 [Listener at 127.0.0.1/40641] INFO  grpc.GrpcFactory (GrpcFactory.java:checkPooledByteBufAllocatorUseCacheForAllThreads(45)) - PERFORMANCE WARNING: useCacheForAllThreads is true that may cause Netty to create a lot garbage objects and, as a result, trigger GC.
	It is recommended to disable useCacheForAllThreads by setting -Dorg.apache.ratis.thirdparty.io.netty.allocator.useCacheForAllThreads=false in command line.
2020-06-02 22:42:19,667 [Listener at 127.0.0.1/40641] INFO  grpc.GrpcConfigKeys (ConfUtils.java:logGet(44)) - raft.grpc.server.port = 0 (default)
2020-06-02 22:42:19,667 [Listener at 127.0.0.1/40641] INFO  server.GrpcService (ConfUtils.java:logGet(44)) - raft.grpc.message.size.max = 32MB (=33554432) (custom)
2020-06-02 22:42:19,667 [Listener at 127.0.0.1/40641] INFO  server.RaftServerConfigKeys (ConfUtils.java:logGet(44)) - raft.server.log.appender.buffer.byte-limit = 33554432 (custom)
2020-06-02 22:42:19,667 [Listener at 127.0.0.1/40641] INFO  server.GrpcService (ConfUtils.java:logGet(44)) - raft.grpc.flow.control.window = 5MB (=5242880) (custom)
2020-06-02 22:42:19,668 [Listener at 127.0.0.1/40641] INFO  server.RaftServerConfigKeys (ConfUtils.java:logGet(44)) - raft.server.rpc.request.timeout = 60s (custom)
2020-06-02 22:42:19,669 [Listener at 127.0.0.1/40641] INFO  server.RaftServerConfigKeys (ConfUtils.java:logGet(44)) - raft.server.storage.dir = [/github/workspace/mnt/ozone/hadoop-ozone/integration-test/target/test-dir/MiniOzoneClusterImpl-f92f6dc5-cbf3-4a6d-9e37-1f4b99c88ef6/datanode-2/data/ratis] (custom)
2020-06-02 22:42:19,678 [Listener at 127.0.0.1/40641] INFO  http.BaseHttpServer (BaseHttpServer.java:newHttpServer2BuilderForOzone(205)) - Starting Web-server for hddsDatanode at: http://0.0.0.0:0
2020-06-02 22:42:19,678 [Listener at 127.0.0.1/40641] INFO  http.BaseHttpServer (BaseHttpServer.java:<init>(106)) - Hadoop Security Enabled: false Ozone Security Enabled: false Ozone HTTP Security Enabled: false 
2020-06-02 22:42:19,680 [Listener at 127.0.0.1/40641] INFO  server.AuthenticationFilter (AuthenticationFilter.java:constructSecretProvider(240)) - Unable to initialize FileSignerSecretProvider, falling back to use random secrets.
2020-06-02 22:42:19,681 [Datanode State Machine Thread - 0] INFO  datanode.InitDatanodeState (InitDatanodeState.java:persistContainerDatanodeDetails(145)) - DatanodeDetails is persisted to /github/workspace/mnt/ozone/hadoop-ozone/integration-test/target/test-dir/MiniOzoneClusterImpl-f92f6dc5-cbf3-4a6d-9e37-1f4b99c88ef6/datanode-1/meta/datanode.id
2020-06-02 22:42:19,682 [Listener at 127.0.0.1/40641] WARN  http.HttpRequestLog (HttpRequestLog.java:getRequestLog(103)) - Jetty request log can only be enabled using Log4j
2020-06-02 22:42:19,683 [Listener at 127.0.0.1/40641] INFO  http.HttpServer2 (HttpServer2.java:addGlobalFilter(993)) - Added global filter 'safety' (class=org.apache.hadoop.hdds.server.http.HttpServer2$QuotingInputFilter)
2020-06-02 22:42:19,684 [Listener at 127.0.0.1/40641] INFO  http.HttpServer2 (HttpServer2.java:addFilter(969)) - Added filter authentication (class=org.apache.hadoop.security.authentication.server.AuthenticationFilter) to context hddsDatanode
2020-06-02 22:42:19,684 [Listener at 127.0.0.1/40641] INFO  http.HttpServer2 (HttpServer2.java:addFilter(977)) - Added filter authentication (class=org.apache.hadoop.security.authentication.server.AuthenticationFilter) to context logs
2020-06-02 22:42:19,684 [Listener at 127.0.0.1/40641] INFO  http.HttpServer2 (HttpServer2.java:addFilter(977)) - Added filter authentication (class=org.apache.hadoop.security.authentication.server.AuthenticationFilter) to context static
2020-06-02 22:42:19,685 [Listener at 127.0.0.1/40641] INFO  http.HttpServer2 (HttpServer2.java:bindListener(1211)) - Jetty bound to port 37147
2020-06-02 22:42:19,685 [Listener at 127.0.0.1/40641] INFO  server.Server (Server.java:doStart(359)) - jetty-9.4.26.v20200117; built: 2020-01-17T12:35:33.676Z; git: 7b38981d25d14afb4a12ff1f2596756144edf695; jvm 1.8.0_232-b09
2020-06-02 22:42:19,688 [Listener at 127.0.0.1/40641] INFO  server.session (DefaultSessionIdManager.java:doStart(333)) - DefaultSessionIdManager workerName=node0
2020-06-02 22:42:19,688 [Listener at 127.0.0.1/40641] INFO  server.session (DefaultSessionIdManager.java:doStart(338)) - No SessionScavenger set, using defaults
2020-06-02 22:42:19,688 [Listener at 127.0.0.1/40641] INFO  server.session (HouseKeeper.java:startScavenging(140)) - node0 Scavenging every 660000ms
2020-06-02 22:42:19,689 [Listener at 127.0.0.1/40641] INFO  server.AuthenticationFilter (AuthenticationFilter.java:constructSecretProvider(240)) - Unable to initialize FileSignerSecretProvider, falling back to use random secrets.
2020-06-02 22:42:19,690 [Listener at 127.0.0.1/40641] INFO  handler.ContextHandler (ContextHandler.java:doStart(825)) - Started o.e.j.s.ServletContextHandler@54b313d6{logs,/logs,file:///github/workspace/mnt/ozone/hadoop-ozone/integration-test/target/log,AVAILABLE}
2020-06-02 22:42:19,690 [Listener at 127.0.0.1/40641] INFO  handler.ContextHandler (ContextHandler.java:doStart(825)) - Started o.e.j.s.ServletContextHandler@2b20caed{static,/static,jar:file:/home/user/.m2/repository/org/apache/hadoop/hadoop-hdds-container-service/0.6.0-SNAPSHOT/hadoop-hdds-container-service-0.6.0-SNAPSHOT.jar!/webapps/static,AVAILABLE}
2020-06-02 22:42:19,721 [Listener at 127.0.0.1/40641] INFO  handler.ContextHandler (ContextHandler.java:doStart(825)) - Started o.e.j.w.WebAppContext@668ea404{hddsDatanode,/,file:///tmp/jetty-0_0_0_0-37147-hadoop-hdds-container-service-0_6_0-SNAPSHOT_jar-_-any-7108708049703150245.dir/webapp/,AVAILABLE}{jar:file:/home/user/.m2/repository/org/apache/hadoop/hadoop-hdds-container-service/0.6.0-SNAPSHOT/hadoop-hdds-container-service-0.6.0-SNAPSHOT.jar!/webapps/hddsDatanode}
2020-06-02 22:42:19,724 [Listener at 127.0.0.1/40641] INFO  server.AbstractConnector (AbstractConnector.java:doStart(330)) - Started ServerConnector@29897daf{HTTP/1.1,[http/1.1]}{0.0.0.0:37147}
2020-06-02 22:42:19,724 [Listener at 127.0.0.1/40641] INFO  server.Server (Server.java:doStart(399)) - Started @4923ms
2020-06-02 22:42:19,724 [Listener at 127.0.0.1/40641] WARN  impl.MetricsSystemImpl (MetricsSystemImpl.java:register(276)) - Sink prometheus already exists!
2020-06-02 22:42:19,727 [Listener at 127.0.0.1/40641] INFO  http.BaseHttpServer (BaseHttpServer.java:updateConnectorAddress(325)) - HTTP server of hddsDatanode listening at http://0.0.0.0:37147
2020-06-02 22:42:19,731 [Listener at 127.0.0.1/40641] INFO  ozone.MiniOzoneClusterImpl (MiniOzoneClusterImpl.java:lambda$waitForClusterToBeReady$0(177)) - Waiting for nodes to be ready. Got 0 of 3 DN Heartbeats.
2020-06-02 22:42:19,731 [Listener at 127.0.0.1/40641] INFO  ozone.MiniOzoneClusterImpl (MiniOzoneClusterImpl.java:lambda$waitForClusterToBeReady$0(180)) - Waiting for cluster to exit safe mode
2020-06-02 22:42:19,741 [Datanode State Machine Thread - 0] INFO  datanode.InitDatanodeState (InitDatanodeState.java:persistContainerDatanodeDetails(145)) - DatanodeDetails is persisted to /github/workspace/mnt/ozone/hadoop-ozone/integration-test/target/test-dir/MiniOzoneClusterImpl-f92f6dc5-cbf3-4a6d-9e37-1f4b99c88ef6/datanode-2/meta/datanode.id
2020-06-02 22:42:19,742 [org.apache.hadoop.util.JvmPauseMonitor$Monitor@1aa0b642] INFO  util.JvmPauseMonitor (JvmPauseMonitor.java:run(188)) - Starting JVM pause monitor
2020-06-02 22:42:20,731 [Listener at 127.0.0.1/40641] INFO  ozone.MiniOzoneClusterImpl (MiniOzoneClusterImpl.java:lambda$waitForClusterToBeReady$0(177)) - Waiting for nodes to be ready. Got 0 of 3 DN Heartbeats.
2020-06-02 22:42:20,732 [Listener at 127.0.0.1/40641] INFO  ozone.MiniOzoneClusterImpl (MiniOzoneClusterImpl.java:lambda$waitForClusterToBeReady$0(180)) - Waiting for cluster to exit safe mode
2020-06-02 22:42:21,526 [Datanode State Machine Thread - 0] INFO  ozoneimpl.OzoneContainer (OzoneContainer.java:start(232)) - Attempting to start container services.
2020-06-02 22:42:21,527 [Datanode State Machine Thread - 0] INFO  ozoneimpl.OzoneContainer (OzoneContainer.java:startContainerScrub(196)) - Background container scanner has been disabled.
2020-06-02 22:42:21,527 [Datanode State Machine Thread - 0] INFO  ratis.XceiverServerRatis (XceiverServerRatis.java:start(425)) - Starting XceiverServerRatis 454ffaf2-f1cf-4ad5-8579-b0d0dc6569aa at port 0
2020-06-02 22:42:21,536 [Datanode State Machine Thread - 0] INFO  impl.RaftServerProxy (RaftServerProxy.java:lambda$start$3(299)) - 454ffaf2-f1cf-4ad5-8579-b0d0dc6569aa: start RPC server
2020-06-02 22:42:21,585 [Datanode State Machine Thread - 0] INFO  server.GrpcService (GrpcService.java:startImpl(159)) - 454ffaf2-f1cf-4ad5-8579-b0d0dc6569aa: GrpcService started, listening on 0.0.0.0/0.0.0.0:35775
2020-06-02 22:42:21,585 [Datanode State Machine Thread - 0] INFO  ratis.XceiverServerRatis (XceiverServerRatis.java:start(437)) - XceiverServerRatis 454ffaf2-f1cf-4ad5-8579-b0d0dc6569aa is started using port 35775
2020-06-02 22:42:21,588 [Datanode State Machine Thread - 0] INFO  server.XceiverServerGrpc (XceiverServerGrpc.java:start(145)) - XceiverServerGrpc 454ffaf2-f1cf-4ad5-8579-b0d0dc6569aa is started using port 41849
2020-06-02 22:42:21,662 [Datanode State Machine Thread - 0] INFO  ozoneimpl.OzoneContainer (OzoneContainer.java:start(232)) - Attempting to start container services.
2020-06-02 22:42:21,664 [Datanode State Machine Thread - 0] INFO  ozoneimpl.OzoneContainer (OzoneContainer.java:startContainerScrub(196)) - Background container scanner has been disabled.
2020-06-02 22:42:21,664 [Datanode State Machine Thread - 0] INFO  ratis.XceiverServerRatis (XceiverServerRatis.java:start(425)) - Starting XceiverServerRatis 9495edf4-c4c1-498f-b6f3-5b53a0d22e6c at port 0
2020-06-02 22:42:21,665 [Datanode State Machine Thread - 0] INFO  impl.RaftServerProxy (RaftServerProxy.java:lambda$start$3(299)) - 9495edf4-c4c1-498f-b6f3-5b53a0d22e6c: start RPC server
2020-06-02 22:42:21,670 [Datanode State Machine Thread - 0] INFO  server.GrpcService (GrpcService.java:startImpl(159)) - 9495edf4-c4c1-498f-b6f3-5b53a0d22e6c: GrpcService started, listening on 0.0.0.0/0.0.0.0:41885
2020-06-02 22:42:21,671 [Datanode State Machine Thread - 0] INFO  ratis.XceiverServerRatis (XceiverServerRatis.java:start(437)) - XceiverServerRatis 9495edf4-c4c1-498f-b6f3-5b53a0d22e6c is started using port 41885
2020-06-02 22:42:21,673 [Datanode State Machine Thread - 0] INFO  server.XceiverServerGrpc (XceiverServerGrpc.java:start(145)) - XceiverServerGrpc 9495edf4-c4c1-498f-b6f3-5b53a0d22e6c is started using port 41133
2020-06-02 22:42:21,732 [Listener at 127.0.0.1/40641] INFO  ozone.MiniOzoneClusterImpl (MiniOzoneClusterImpl.java:lambda$waitForClusterToBeReady$0(177)) - Waiting for nodes to be ready. Got 0 of 3 DN Heartbeats.
2020-06-02 22:42:21,732 [Listener at 127.0.0.1/40641] INFO  ozone.MiniOzoneClusterImpl (MiniOzoneClusterImpl.java:lambda$waitForClusterToBeReady$0(180)) - Waiting for cluster to exit safe mode
2020-06-02 22:42:21,743 [Datanode State Machine Thread - 0] INFO  ozoneimpl.OzoneContainer (OzoneContainer.java:start(232)) - Attempting to start container services.
2020-06-02 22:42:21,743 [Datanode State Machine Thread - 0] INFO  ozoneimpl.OzoneContainer (OzoneContainer.java:startContainerScrub(196)) - Background container scanner has been disabled.
2020-06-02 22:42:21,743 [Datanode State Machine Thread - 0] INFO  ratis.XceiverServerRatis (XceiverServerRatis.java:start(425)) - Starting XceiverServerRatis f827eca5-1302-485d-b40a-808f1d3616bb at port 0
2020-06-02 22:42:21,744 [Datanode State Machine Thread - 0] INFO  impl.RaftServerProxy (RaftServerProxy.java:lambda$start$3(299)) - f827eca5-1302-485d-b40a-808f1d3616bb: start RPC server
2020-06-02 22:42:21,755 [Datanode State Machine Thread - 0] INFO  server.GrpcService (GrpcService.java:startImpl(159)) - f827eca5-1302-485d-b40a-808f1d3616bb: GrpcService started, listening on 0.0.0.0/0.0.0.0:41559
2020-06-02 22:42:21,755 [Datanode State Machine Thread - 0] INFO  ratis.XceiverServerRatis (XceiverServerRatis.java:start(437)) - XceiverServerRatis f827eca5-1302-485d-b40a-808f1d3616bb is started using port 41559
2020-06-02 22:42:21,757 [Datanode State Machine Thread - 0] INFO  server.XceiverServerGrpc (XceiverServerGrpc.java:start(145)) - XceiverServerGrpc f827eca5-1302-485d-b40a-808f1d3616bb is started using port 37329
2020-06-02 22:42:22,732 [Listener at 127.0.0.1/40641] INFO  ozone.MiniOzoneClusterImpl (MiniOzoneClusterImpl.java:lambda$waitForClusterToBeReady$0(177)) - Waiting for nodes to be ready. Got 0 of 3 DN Heartbeats.
2020-06-02 22:42:22,733 [Listener at 127.0.0.1/40641] INFO  ozone.MiniOzoneClusterImpl (MiniOzoneClusterImpl.java:lambda$waitForClusterToBeReady$0(180)) - Waiting for cluster to exit safe mode
2020-06-02 22:42:23,489 [IPC Server handler 2 on default port 46773] INFO  net.NetworkTopology (NetworkTopologyImpl.java:add(111)) - Added a new node: /default-rack/454ffaf2-f1cf-4ad5-8579-b0d0dc6569aa
2020-06-02 22:42:23,489 [IPC Server handler 2 on default port 46773] INFO  node.SCMNodeManager (SCMNodeManager.java:register(268)) - Registered Data node : 454ffaf2-f1cf-4ad5-8579-b0d0dc6569aa{ip: 172.17.0.2, host: 4c74825c5481, networkLocation: /default-rack, certSerialId: null}
2020-06-02 22:42:23,497 [RatisPipelineUtilsThread] INFO  pipeline.RatisPipelineProvider (RatisPipelineProvider.java:lambda$create$0(138)) - Sending CreatePipelineCommand for pipeline:PipelineID=99f2de75-c73a-4282-b086-b4abd9b660f0 to datanode:454ffaf2-f1cf-4ad5-8579-b0d0dc6569aa
2020-06-02 22:42:23,497 [EventQueue-NodeRegistrationContainerReportForDataNodeSafeModeRule] INFO  safemode.SCMSafeModeManager (DataNodeSafeModeRule.java:process(71)) - SCM in safe mode. 1 DataNodes registered, 1 required.
2020-06-02 22:42:23,497 [EventQueue-NodeRegistrationContainerReportForDataNodeSafeModeRule] INFO  safemode.SCMSafeModeManager (SCMSafeModeManager.java:validateSafeModeExitRules(213)) - DataNodeSafeModeRule rule is successfully validated
2020-06-02 22:42:23,498 [EventQueue-NodeRegistrationContainerReportForDataNodeSafeModeRule] INFO  safemode.SCMSafeModeManager (SCMSafeModeManager.java:completePreCheck(241)) - All SCM safe mode pre check rules have passed
2020-06-02 22:42:23,509 [EventQueue-NodeRegistrationContainerReportForContainerSafeModeRule] INFO  safemode.SCMSafeModeManager (SCMSafeModeManager.java:validateSafeModeExitRules(213)) - ContainerSafeModeRule rule is successfully validated
2020-06-02 22:42:23,516 [RatisPipelineUtilsThread] INFO  pipeline.PipelineStateManager (PipelineStateManager.java:addPipeline(54)) - Created pipeline Pipeline[ Id: 99f2de75-c73a-4282-b086-b4abd9b660f0, Nodes: 454ffaf2-f1cf-4ad5-8579-b0d0dc6569aa{ip: 172.17.0.2, host: 4c74825c5481, networkLocation: /default-rack, certSerialId: null}, Type:RATIS, Factor:ONE, State:ALLOCATED, leaderId:null, CreationTimestamp2020-06-02T22:42:23.494Z]
2020-06-02 22:42:23,519 [RatisPipelineUtilsThread] ERROR pipeline.SCMPipelineManager (SCMPipelineManager.java:createPipeline(222)) - Failed to create pipeline of type RATIS and factor ONE. Exception: Cannot create pipeline of factor 1 using 0 nodes. Used 1 nodes. Healthy nodes 1
2020-06-02 22:42:23,519 [RatisPipelineUtilsThread] WARN  pipeline.PipelinePlacementPolicy (PipelinePlacementPolicy.java:filterViableNodes(133)) - Pipeline creation failed due to no sufficient healthy datanodes. Required 3. Found 1.
2020-06-02 22:42:23,519 [RatisPipelineUtilsThread] ERROR pipeline.SCMPipelineManager (SCMPipelineManager.java:createPipeline(222)) - Failed to create pipeline of type RATIS and factor THREE. Exception: Pipeline creation failed due to no sufficient healthy datanodes. Required 3. Found 1.
2020-06-02 22:42:23,661 [IPC Server handler 0 on default port 46773] INFO  net.NetworkTopology (NetworkTopologyImpl.java:add(111)) - Added a new node: /default-rack/9495edf4-c4c1-498f-b6f3-5b53a0d22e6c
2020-06-02 22:42:23,661 [IPC Server handler 0 on default port 46773] INFO  node.SCMNodeManager (SCMNodeManager.java:register(268)) - Registered Data node : 9495edf4-c4c1-498f-b6f3-5b53a0d22e6c{ip: 172.17.0.2, host: 4c74825c5481, networkLocation: /default-rack, certSerialId: null}
2020-06-02 22:42:23,662 [EventQueue-NodeRegistrationContainerReportForDataNodeSafeModeRule] INFO  safemode.SCMSafeModeManager (SCMSafeModeManager.java:validateSafeModeExitRules(213)) - DataNodeSafeModeRule rule is successfully validated
2020-06-02 22:42:23,662 [EventQueue-NodeRegistrationContainerReportForContainerSafeModeRule] INFO  safemode.SCMSafeModeManager (SCMSafeModeManager.java:validateSafeModeExitRules(213)) - ContainerSafeModeRule rule is successfully validated
2020-06-02 22:42:23,664 [RatisPipelineUtilsThread] INFO  pipeline.RatisPipelineProvider (RatisPipelineProvider.java:lambda$create$0(138)) - Sending CreatePipelineCommand for pipeline:PipelineID=00aedffe-3242-487a-9ae8-5970bb7322fa to datanode:9495edf4-c4c1-498f-b6f3-5b53a0d22e6c
2020-06-02 22:42:23,664 [RatisPipelineUtilsThread] INFO  pipeline.PipelineStateManager (PipelineStateManager.java:addPipeline(54)) - Created pipeline Pipeline[ Id: 00aedffe-3242-487a-9ae8-5970bb7322fa, Nodes: 9495edf4-c4c1-498f-b6f3-5b53a0d22e6c{ip: 172.17.0.2, host: 4c74825c5481, networkLocation: /default-rack, certSerialId: null}, Type:RATIS, Factor:ONE, State:ALLOCATED, leaderId:null, CreationTimestamp2020-06-02T22:42:23.664Z]
2020-06-02 22:42:23,665 [RatisPipelineUtilsThread] ERROR pipeline.SCMPipelineManager (SCMPipelineManager.java:createPipeline(222)) - Failed to create pipeline of type RATIS and factor ONE. Exception: Cannot create pipeline of factor 1 using 0 nodes. Used 2 nodes. Healthy nodes 2
2020-06-02 22:42:23,665 [RatisPipelineUtilsThread] WARN  pipeline.PipelinePlacementPolicy (PipelinePlacementPolicy.java:filterViableNodes(133)) - Pipeline creation failed due to no sufficient healthy datanodes. Required 3. Found 2.
2020-06-02 22:42:23,665 [RatisPipelineUtilsThread] ERROR pipeline.SCMPipelineManager (SCMPipelineManager.java:createPipeline(222)) - Failed to create pipeline of type RATIS and factor THREE. Exception: Pipeline creation failed due to no sufficient healthy datanodes. Required 3. Found 2.
2020-06-02 22:42:23,733 [Listener at 127.0.0.1/40641] INFO  ozone.MiniOzoneClusterImpl (MiniOzoneClusterImpl.java:lambda$waitForClusterToBeReady$0(177)) - Waiting for nodes to be ready. Got 2 of 3 DN Heartbeats.
2020-06-02 22:42:23,733 [Listener at 127.0.0.1/40641] INFO  ozone.MiniOzoneClusterImpl (MiniOzoneClusterImpl.java:lambda$waitForClusterToBeReady$0(180)) - Waiting for cluster to exit safe mode
2020-06-02 22:42:23,740 [IPC Server handler 1 on default port 46773] INFO  net.NetworkTopology (NetworkTopologyImpl.java:add(111)) - Added a new node: /default-rack/f827eca5-1302-485d-b40a-808f1d3616bb
2020-06-02 22:42:23,740 [IPC Server handler 1 on default port 46773] INFO  node.SCMNodeManager (SCMNodeManager.java:register(268)) - Registered Data node : f827eca5-1302-485d-b40a-808f1d3616bb{ip: 172.17.0.2, host: 4c74825c5481, networkLocation: /default-rack, certSerialId: null}
2020-06-02 22:42:23,740 [RatisPipelineUtilsThread] INFO  pipeline.RatisPipelineProvider (RatisPipelineProvider.java:lambda$create$0(138)) - Sending CreatePipelineCommand for pipeline:PipelineID=fb41bf30-7264-41f5-95a7-55234961f2d3 to datanode:f827eca5-1302-485d-b40a-808f1d3616bb
2020-06-02 22:42:23,740 [EventQueue-NodeRegistrationContainerReportForDataNodeSafeModeRule] INFO  safemode.SCMSafeModeManager (SCMSafeModeManager.java:validateSafeModeExitRules(213)) - DataNodeSafeModeRule rule is successfully validated
2020-06-02 22:42:23,740 [EventQueue-NodeRegistrationContainerReportForContainerSafeModeRule] INFO  safemode.SCMSafeModeManager (SCMSafeModeManager.java:validateSafeModeExitRules(213)) - ContainerSafeModeRule rule is successfully validated
2020-06-02 22:42:23,741 [RatisPipelineUtilsThread] INFO  pipeline.PipelineStateManager (PipelineStateManager.java:addPipeline(54)) - Created pipeline Pipeline[ Id: fb41bf30-7264-41f5-95a7-55234961f2d3, Nodes: f827eca5-1302-485d-b40a-808f1d3616bb{ip: 172.17.0.2, host: 4c74825c5481, networkLocation: /default-rack, certSerialId: null}, Type:RATIS, Factor:ONE, State:ALLOCATED, leaderId:null, CreationTimestamp2020-06-02T22:42:23.740Z]
2020-06-02 22:42:23,741 [RatisPipelineUtilsThread] ERROR pipeline.SCMPipelineManager (SCMPipelineManager.java:createPipeline(222)) - Failed to create pipeline of type RATIS and factor ONE. Exception: Cannot create pipeline of factor 1 using 0 nodes. Used 3 nodes. Healthy nodes 3
2020-06-02 22:42:23,744 [RatisPipelineUtilsThread] INFO  pipeline.RatisPipelineProvider (RatisPipelineProvider.java:lambda$create$0(138)) - Sending CreatePipelineCommand for pipeline:PipelineID=b06d2fc6-4d64-4b2e-a4f8-df8cca9d97c3 to datanode:454ffaf2-f1cf-4ad5-8579-b0d0dc6569aa
2020-06-02 22:42:23,745 [RatisPipelineUtilsThread] INFO  pipeline.RatisPipelineProvider (RatisPipelineProvider.java:lambda$create$0(138)) - Sending CreatePipelineCommand for pipeline:PipelineID=b06d2fc6-4d64-4b2e-a4f8-df8cca9d97c3 to datanode:9495edf4-c4c1-498f-b6f3-5b53a0d22e6c
2020-06-02 22:42:23,745 [RatisPipelineUtilsThread] INFO  pipeline.RatisPipelineProvider (RatisPipelineProvider.java:lambda$create$0(138)) - Sending CreatePipelineCommand for pipeline:PipelineID=b06d2fc6-4d64-4b2e-a4f8-df8cca9d97c3 to datanode:f827eca5-1302-485d-b40a-808f1d3616bb
2020-06-02 22:42:23,745 [RatisPipelineUtilsThread] INFO  pipeline.PipelineStateManager (PipelineStateManager.java:addPipeline(54)) - Created pipeline Pipeline[ Id: b06d2fc6-4d64-4b2e-a4f8-df8cca9d97c3, Nodes: 454ffaf2-f1cf-4ad5-8579-b0d0dc6569aa{ip: 172.17.0.2, host: 4c74825c5481, networkLocation: /default-rack, certSerialId: null}9495edf4-c4c1-498f-b6f3-5b53a0d22e6c{ip: 172.17.0.2, host: 4c74825c5481, networkLocation: /default-rack, certSerialId: null}f827eca5-1302-485d-b40a-808f1d3616bb{ip: 172.17.0.2, host: 4c74825c5481, networkLocation: /default-rack, certSerialId: null}, Type:RATIS, Factor:THREE, State:ALLOCATED, leaderId:null, CreationTimestamp2020-06-02T22:42:23.744Z]
2020-06-02 22:42:23,746 [RatisPipelineUtilsThread] ERROR pipeline.SCMPipelineManager (SCMPipelineManager.java:createPipeline(222)) - Failed to create pipeline of type RATIS and factor THREE. Exception: Pipeline creation failed because nodes are engaged in other pipelines and every node can only be engaged in max 2 pipelines. Required 3. Found 0
2020-06-02 22:42:24,734 [Listener at 127.0.0.1/40641] INFO  ozone.MiniOzoneClusterImpl (MiniOzoneClusterImpl.java:lambda$waitForClusterToBeReady$0(177)) - Nodes are ready. Got 3 of 3 DN Heartbeats.
2020-06-02 22:42:24,734 [Listener at 127.0.0.1/40641] INFO  ozone.MiniOzoneClusterImpl (MiniOzoneClusterImpl.java:lambda$waitForClusterToBeReady$0(180)) - Waiting for cluster to exit safe mode
2020-06-02 22:42:25,735 [Listener at 127.0.0.1/40641] INFO  ozone.MiniOzoneClusterImpl (MiniOzoneClusterImpl.java:lambda$waitForClusterToBeReady$0(177)) - Nodes are ready. Got 3 of 3 DN Heartbeats.
2020-06-02 22:42:25,735 [Listener at 127.0.0.1/40641] INFO  ozone.MiniOzoneClusterImpl (MiniOzoneClusterImpl.java:lambda$waitForClusterToBeReady$0(180)) - Waiting for cluster to exit safe mode
2020-06-02 22:42:26,478 [Command processor thread] INFO  impl.RaftServerProxy (RaftServerProxy.java:addNew(89)) - 454ffaf2-f1cf-4ad5-8579-b0d0dc6569aa: addNew group-B4ABD9B660F0:[454ffaf2-f1cf-4ad5-8579-b0d0dc6569aa:172.17.0.2:35775] returns group-B4ABD9B660F0:java.util.concurrent.CompletableFuture@4b716d7e[Not completed]
2020-06-02 22:42:26,492 [pool-35-thread-1] INFO  impl.RaftServerImpl (RaftServerImpl.java:<init>(98)) - 454ffaf2-f1cf-4ad5-8579-b0d0dc6569aa: new RaftServerImpl for group-B4ABD9B660F0:[454ffaf2-f1cf-4ad5-8579-b0d0dc6569aa:172.17.0.2:35775] with ContainerStateMachine:uninitialized
2020-06-02 22:42:26,493 [pool-35-thread-1] INFO  server.RaftServerConfigKeys (ConfUtils.java:logGet(44)) - raft.server.rpc.timeout.min = 5s (custom)
2020-06-02 22:42:26,494 [pool-35-thread-1] INFO  server.RaftServerConfigKeys (ConfUtils.java:logGet(44)) - raft.server.rpc.timeout.max = 5200ms (custom)
2020-06-02 22:42:26,494 [pool-35-thread-1] INFO  server.RaftServerConfigKeys (ConfUtils.java:logGet(44)) - raft.server.rpcslowness.timeout = 300s (custom)
2020-06-02 22:42:26,495 [pool-35-thread-1] INFO  server.RaftServerConfigKeys (ConfUtils.java:logGet(44)) - raft.server.sleep.deviation.threshold = 300 (default)
2020-06-02 22:42:26,495 [pool-35-thread-1] INFO  server.RaftServerConfigKeys (ConfUtils.java:logGet(44)) - raft.server.log.appender.install.snapshot.enabled = false (custom)
2020-06-02 22:42:26,501 [pool-35-thread-1] INFO  impl.RaftServerImpl (ServerState.java:<init>(103)) - 454ffaf2-f1cf-4ad5-8579-b0d0dc6569aa@group-B4ABD9B660F0: ConfigurationManager, init=-1: [454ffaf2-f1cf-4ad5-8579-b0d0dc6569aa:172.17.0.2:35775], old=null, confs=<EMPTY_MAP>
2020-06-02 22:42:26,501 [pool-35-thread-1] INFO  server.RaftServerConfigKeys (ConfUtils.java:logGet(44)) - raft.server.storage.dir = [/github/workspace/mnt/ozone/hadoop-ozone/integration-test/target/test-dir/MiniOzoneClusterImpl-f92f6dc5-cbf3-4a6d-9e37-1f4b99c88ef6/datanode-0/data/ratis] (custom)
2020-06-02 22:42:26,505 [pool-35-thread-1] INFO  server.RaftServerConfigKeys (ConfUtils.java:logGet(44)) - raft.server.log.corruption.policy = EXCEPTION (default)
2020-06-02 22:42:26,507 [pool-35-thread-1] INFO  storage.RaftStorageDirectory (RaftStorageDirectory.java:analyzeStorage(261)) - The storage directory /github/workspace/mnt/ozone/hadoop-ozone/integration-test/target/test-dir/MiniOzoneClusterImpl-f92f6dc5-cbf3-4a6d-9e37-1f4b99c88ef6/datanode-0/data/ratis/99f2de75-c73a-4282-b086-b4abd9b660f0 does not exist. Creating ...
2020-06-02 22:42:26,511 [pool-35-thread-1] INFO  storage.RaftStorageDirectory (RaftStorageDirectory.java:tryLock(343)) - Lock on /github/workspace/mnt/ozone/hadoop-ozone/integration-test/target/test-dir/MiniOzoneClusterImpl-f92f6dc5-cbf3-4a6d-9e37-1f4b99c88ef6/datanode-0/data/ratis/99f2de75-c73a-4282-b086-b4abd9b660f0/in_use.lock acquired by nodename 1027@4c74825c5481
2020-06-02 22:42:26,513 [pool-35-thread-1] INFO  storage.RaftStorage (RaftStorage.java:format(84)) - Storage directory /github/workspace/mnt/ozone/hadoop-ozone/integration-test/target/test-dir/MiniOzoneClusterImpl-f92f6dc5-cbf3-4a6d-9e37-1f4b99c88ef6/datanode-0/data/ratis/99f2de75-c73a-4282-b086-b4abd9b660f0 has been successfully formatted.
2020-06-02 22:42:26,517 [Datanode State Machine Thread - 0] ERROR statemachine.DatanodeStateMachine (DatanodeStateMachine.java:lambda$startDaemon$0(378)) - Unable to start the DatanodeState Machine
java.io.IOException: Unable to finish the execution.
	at org.apache.hadoop.ozone.container.common.statemachine.DatanodeStateMachine.start(DatanodeStateMachine.java:219)
	at org.apache.hadoop.ozone.container.common.statemachine.DatanodeStateMachine.lambda$startDaemon$0(DatanodeStateMachine.java:375)
	at java.lang.Thread.run(Thread.java:748)
Caused by: java.lang.InterruptedException: sleep interrupted
	at java.lang.Thread.sleep(Native Method)
	at org.apache.hadoop.ozone.container.common.statemachine.DatanodeStateMachine.start(DatanodeStateMachine.java:212)
	... 2 more
2020-06-02 22:42:26,519 [pool-35-thread-1] INFO  ratis.ContainerStateMachine (ContainerStateMachine.java:loadSnapshot(226)) - group-B4ABD9B660F0: The snapshot info is null. Setting the last applied indexto:(t:0, i:~)
2020-06-02 22:42:26,519 [pool-35-thread-1] INFO  server.RaftServerConfigKeys (ConfUtils.java:logGet(44)) - raft.server.notification.no-leader.timeout = 60s (default)
2020-06-02 22:42:26,521 [pool-35-thread-1] INFO  server.RaftServerConfigKeys (ConfUtils.java:logGet(44)) - raft.server.log.use.memory = false (default)
2020-06-02 22:42:26,528 [pool-35-thread-1] INFO  server.RaftServerConfigKeys (ConfUtils.java:logGet(44)) - raft.server.log.purge.gap = 1000000 (custom)
2020-06-02 22:42:26,530 [pool-35-thread-1] INFO  server.RaftServerConfigKeys (ConfUtils.java:logGet(44)) - raft.server.log.appender.buffer.byte-limit = 33554432 (custom)
2020-06-02 22:42:26,533 [pool-35-thread-1] INFO  server.RaftServerConfigKeys (ConfUtils.java:logGet(44)) - raft.server.log.segment.size.max = 1048576 (custom)
2020-06-02 22:42:26,536 [pool-35-thread-1] INFO  metrics.RatisMetrics (RatisMetrics.java:lambda$create$0(39)) - Creating Metrics Registry : ratis.log_worker.454ffaf2-f1cf-4ad5-8579-b0d0dc6569aa
2020-06-02 22:42:26,546 [pool-35-thread-1] INFO  server.RaftServerConfigKeys (ConfUtils.java:logGet(44)) - raft.server.log.segment.cache.num.max = 2 (custom)
2020-06-02 22:42:26,550 [pool-35-thread-1] INFO  segmented.SegmentedRaftLogWorker (SegmentedRaftLogWorker.java:<init>(176)) - new 454ffaf2-f1cf-4ad5-8579-b0d0dc6569aa@group-B4ABD9B660F0-SegmentedRaftLogWorker for RaftStorage:Storage Directory /github/workspace/mnt/ozone/hadoop-ozone/integration-test/target/test-dir/MiniOzoneClusterImpl-f92f6dc5-cbf3-4a6d-9e37-1f4b99c88ef6/datanode-0/data/ratis/99f2de75-c73a-4282-b086-b4abd9b660f0
2020-06-02 22:42:26,551 [pool-35-thread-1] INFO  server.RaftServerConfigKeys (ConfUtils.java:logGet(44)) - raft.server.log.queue.byte-limit = 2147483647 (custom)
2020-06-02 22:42:26,551 [pool-35-thread-1] INFO  server.RaftServerConfigKeys (ConfUtils.java:logGet(44)) - raft.server.log.queue.element-limit = 1024 (custom)
2020-06-02 22:42:26,552 [pool-35-thread-1] INFO  server.RaftServerConfigKeys (ConfUtils.java:logGet(44)) - raft.server.log.segment.size.max = 1048576 (custom)
2020-06-02 22:42:26,552 [pool-35-thread-1] INFO  server.RaftServerConfigKeys (ConfUtils.java:logGet(44)) - raft.server.log.preallocated.size = 16384 (custom)
2020-06-02 22:42:26,553 [pool-35-thread-1] INFO  server.RaftServerConfigKeys (ConfUtils.java:logGet(44)) - raft.server.log.write.buffer.size = 1048576 (custom)
2020-06-02 22:42:26,553 [pool-35-thread-1] INFO  server.RaftServerConfigKeys (ConfUtils.java:logGet(44)) - raft.server.log.force.sync.num = 128 (default)
2020-06-02 22:42:26,554 [pool-35-thread-1] INFO  server.RaftServerConfigKeys (ConfUtils.java:logGet(44)) - raft.server.log.statemachine.data.sync = true (default)
2020-06-02 22:42:26,555 [pool-35-thread-1] INFO  server.RaftServerConfigKeys (ConfUtils.java:logGet(44)) - raft.server.log.statemachine.data.sync.timeout = 10s (default)
2020-06-02 22:42:26,555 [pool-35-thread-1] INFO  server.RaftServerConfigKeys (ConfUtils.java:logGet(44)) - raft.server.log.statemachine.data.sync.timeout.retry = -1 (default)
2020-06-02 22:42:26,566 [pool-35-thread-1] INFO  server.RaftServerConfigKeys (ConfUtils.java:logGet(44)) - raft.server.log.statemachine.data.caching.enabled = true (custom)
2020-06-02 22:42:26,571 [pool-35-thread-1] INFO  segmented.SegmentedRaftLogWorker (SegmentedRaftLogWorker.java:lambda$new$0(129)) - 454ffaf2-f1cf-4ad5-8579-b0d0dc6569aa@group-B4ABD9B660F0-SegmentedRaftLogWorker: flushIndex: setUnconditionally 0 -> -1
2020-06-02 22:42:26,574 [pool-35-thread-1] INFO  server.RaftServerConfigKeys (ConfUtils.java:logGet(44)) - raft.server.snapshot.auto.trigger.enabled = true (custom)
2020-06-02 22:42:26,575 [pool-35-thread-1] INFO  server.RaftServerConfigKeys (ConfUtils.java:logGet(44)) - raft.server.snapshot.auto.trigger.threshold = 10000 (custom)
2020-06-02 22:42:26,576 [pool-35-thread-1] INFO  server.RaftServerConfigKeys (ConfUtils.java:logGet(44)) - raft.server.snapshot.retention.file.num = 5 (custom)
2020-06-02 22:42:26,576 [pool-35-thread-1] INFO  server.RaftServerConfigKeys (ConfUtils.java:logGet(44)) - raft.server.log.purge.upto.snapshot.index = false (default)
2020-06-02 22:42:26,576 [pool-35-thread-1] INFO  server.RaftServerConfigKeys (ConfUtils.java:logGet(44)) - raft.server.retrycache.expirytime = 600000ms (custom)
2020-06-02 22:42:26,593 [pool-35-thread-1] INFO  metrics.RatisMetrics (RatisMetrics.java:lambda$create$0(39)) - Creating Metrics Registry : ratis.leader_election.454ffaf2-f1cf-4ad5-8579-b0d0dc6569aa@group-B4ABD9B660F0
2020-06-02 22:42:26,596 [pool-35-thread-1] INFO  metrics.RatisMetrics (RatisMetrics.java:lambda$create$0(39)) - Creating Metrics Registry : ratis.server.454ffaf2-f1cf-4ad5-8579-b0d0dc6569aa@group-B4ABD9B660F0
2020-06-02 22:42:26,600 [pool-35-thread-1] INFO  impl.RaftServerImpl (RaftServerImpl.java:start(184)) - 454ffaf2-f1cf-4ad5-8579-b0d0dc6569aa@group-B4ABD9B660F0: start as a follower, conf=-1: [454ffaf2-f1cf-4ad5-8579-b0d0dc6569aa:172.17.0.2:35775], old=null
2020-06-02 22:42:26,601 [pool-35-thread-1] INFO  impl.RaftServerImpl (RaftServerImpl.java:setRole(173)) - 454ffaf2-f1cf-4ad5-8579-b0d0dc6569aa@group-B4ABD9B660F0: changes role from      null to FOLLOWER at term 0 for startAsFollower
2020-06-02 22:42:26,601 [pool-35-thread-1] INFO  impl.RoleInfo (RoleInfo.java:updateAndGet(143)) - 454ffaf2-f1cf-4ad5-8579-b0d0dc6569aa: start FollowerState
2020-06-02 22:42:26,603 [pool-35-thread-1] INFO  util.JmxRegister (JmxRegister.java:tryRegister(44)) - Successfully registered JMX Bean with object name Ratis:service=RaftServer,group=group-B4ABD9B660F0,id=454ffaf2-f1cf-4ad5-8579-b0d0dc6569aa
2020-06-02 22:42:26,605 [pool-35-thread-1] INFO  metrics.RatisMetrics (RatisMetrics.java:lambda$create$0(39)) - Creating Metrics Registry : ratis.state_machine.454ffaf2-f1cf-4ad5-8579-b0d0dc6569aa@group-B4ABD9B660F0
2020-06-02 22:42:26,618 [Command processor thread] INFO  commandhandler.CreatePipelineCommandHandler (CreatePipelineCommandHandler.java:handle(109)) - Created Pipeline RATIS ONE #id: "99f2de75-c73a-4282-b086-b4abd9b660f0"
.
2020-06-02 22:42:26,618 [Command processor thread] INFO  impl.RaftServerProxy (RaftServerProxy.java:addNew(89)) - 454ffaf2-f1cf-4ad5-8579-b0d0dc6569aa: addNew group-DF8CCA9D97C3:[9495edf4-c4c1-498f-b6f3-5b53a0d22e6c:172.17.0.2:41885, f827eca5-1302-485d-b40a-808f1d3616bb:172.17.0.2:41559, 454ffaf2-f1cf-4ad5-8579-b0d0dc6569aa:172.17.0.2:35775] returns group-DF8CCA9D97C3:java.util.concurrent.CompletableFuture@7dbedf7a[Not completed]
2020-06-02 22:42:26,621 [pool-35-thread-1] INFO  impl.RaftServerImpl (RaftServerImpl.java:<init>(98)) - 454ffaf2-f1cf-4ad5-8579-b0d0dc6569aa: new RaftServerImpl for group-DF8CCA9D97C3:[9495edf4-c4c1-498f-b6f3-5b53a0d22e6c:172.17.0.2:41885, f827eca5-1302-485d-b40a-808f1d3616bb:172.17.0.2:41559, 454ffaf2-f1cf-4ad5-8579-b0d0dc6569aa:172.17.0.2:35775] with ContainerStateMachine:uninitialized
2020-06-02 22:42:26,621 [pool-35-thread-1] INFO  server.RaftServerConfigKeys (ConfUtils.java:logGet(44)) - raft.server.rpc.timeout.min = 5s (custom)
2020-06-02 22:42:26,621 [pool-35-thread-1] INFO  server.RaftServerConfigKeys (ConfUtils.java:logGet(44)) - raft.server.rpc.timeout.max = 5200ms (custom)
2020-06-02 22:42:26,621 [pool-35-thread-1] INFO  server.RaftServerConfigKeys (ConfUtils.java:logGet(44)) - raft.server.rpcslowness.timeout = 300s (custom)
2020-06-02 22:42:26,621 [pool-35-thread-1] INFO  server.RaftServerConfigKeys (ConfUtils.java:logGet(44)) - raft.server.sleep.deviation.threshold = 300 (default)
2020-06-02 22:42:26,622 [pool-35-thread-1] INFO  server.RaftServerConfigKeys (ConfUtils.java:logGet(44)) - raft.server.log.appender.install.snapshot.enabled = false (custom)
2020-06-02 22:42:26,622 [pool-35-thread-1] INFO  impl.RaftServerImpl (ServerState.java:<init>(103)) - 454ffaf2-f1cf-4ad5-8579-b0d0dc6569aa@group-DF8CCA9D97C3: ConfigurationManager, init=-1: [9495edf4-c4c1-498f-b6f3-5b53a0d22e6c:172.17.0.2:41885, f827eca5-1302-485d-b40a-808f1d3616bb:172.17.0.2:41559, 454ffaf2-f1cf-4ad5-8579-b0d0dc6569aa:172.17.0.2:35775], old=null, confs=<EMPTY_MAP>
2020-06-02 22:42:26,622 [pool-35-thread-1] INFO  server.RaftServerConfigKeys (ConfUtils.java:logGet(44)) - raft.server.storage.dir = [/github/workspace/mnt/ozone/hadoop-ozone/integration-test/target/test-dir/MiniOzoneClusterImpl-f92f6dc5-cbf3-4a6d-9e37-1f4b99c88ef6/datanode-0/data/ratis] (custom)
2020-06-02 22:42:26,624 [pool-35-thread-1] INFO  server.RaftServerConfigKeys (ConfUtils.java:logGet(44)) - raft.server.log.corruption.policy = EXCEPTION (default)
2020-06-02 22:42:26,625 [pool-35-thread-1] INFO  storage.RaftStorageDirectory (RaftStorageDirectory.java:analyzeStorage(261)) - The storage directory /github/workspace/mnt/ozone/hadoop-ozone/integration-test/target/test-dir/MiniOzoneClusterImpl-f92f6dc5-cbf3-4a6d-9e37-1f4b99c88ef6/datanode-0/data/ratis/b06d2fc6-4d64-4b2e-a4f8-df8cca9d97c3 does not exist. Creating ...
2020-06-02 22:42:26,626 [pool-35-thread-1] INFO  storage.RaftStorageDirectory (RaftStorageDirectory.java:tryLock(343)) - Lock on /github/workspace/mnt/ozone/hadoop-ozone/integration-test/target/test-dir/MiniOzoneClusterImpl-f92f6dc5-cbf3-4a6d-9e37-1f4b99c88ef6/datanode-0/data/ratis/b06d2fc6-4d64-4b2e-a4f8-df8cca9d97c3/in_use.lock acquired by nodename 1027@4c74825c5481
2020-06-02 22:42:26,627 [pool-35-thread-1] INFO  storage.RaftStorage (RaftStorage.java:format(84)) - Storage directory /github/workspace/mnt/ozone/hadoop-ozone/integration-test/target/test-dir/MiniOzoneClusterImpl-f92f6dc5-cbf3-4a6d-9e37-1f4b99c88ef6/datanode-0/data/ratis/b06d2fc6-4d64-4b2e-a4f8-df8cca9d97c3 has been successfully formatted.
2020-06-02 22:42:26,628 [pool-35-thread-1] INFO  ratis.ContainerStateMachine (ContainerStateMachine.java:loadSnapshot(226)) - group-DF8CCA9D97C3: The snapshot info is null. Setting the last applied indexto:(t:0, i:~)
2020-06-02 22:42:26,628 [pool-35-thread-1] INFO  server.RaftServerConfigKeys (ConfUtils.java:logGet(44)) - raft.server.notification.no-leader.timeout = 60s (default)
2020-06-02 22:42:26,634 [pool-35-thread-1] INFO  server.RaftServerConfigKeys (ConfUtils.java:logGet(44)) - raft.server.log.use.memory = false (default)
2020-06-02 22:42:26,635 [pool-35-thread-1] INFO  server.RaftServerConfigKeys (ConfUtils.java:logGet(44)) - raft.server.log.purge.gap = 1000000 (custom)
2020-06-02 22:42:26,636 [pool-35-thread-1] INFO  server.RaftServerConfigKeys (ConfUtils.java:logGet(44)) - raft.server.log.appender.buffer.byte-limit = 33554432 (custom)
2020-06-02 22:42:26,636 [pool-35-thread-1] INFO  server.RaftServerConfigKeys (ConfUtils.java:logGet(44)) - raft.server.log.segment.size.max = 1048576 (custom)
2020-06-02 22:42:26,636 [pool-35-thread-1] INFO  server.RaftServerConfigKeys (ConfUtils.java:logGet(44)) - raft.server.log.segment.cache.num.max = 2 (custom)
2020-06-02 22:42:26,636 [pool-35-thread-1] INFO  segmented.SegmentedRaftLogWorker (SegmentedRaftLogWorker.java:<init>(176)) - new 454ffaf2-f1cf-4ad5-8579-b0d0dc6569aa@group-DF8CCA9D97C3-SegmentedRaftLogWorker for RaftStorage:Storage Directory /github/workspace/mnt/ozone/hadoop-ozone/integration-test/target/test-dir/MiniOzoneClusterImpl-f92f6dc5-cbf3-4a6d-9e37-1f4b99c88ef6/datanode-0/data/ratis/b06d2fc6-4d64-4b2e-a4f8-df8cca9d97c3
2020-06-02 22:42:26,636 [pool-35-thread-1] INFO  server.RaftServerConfigKeys (ConfUtils.java:logGet(44)) - raft.server.log.queue.byte-limit = 2147483647 (custom)
2020-06-02 22:42:26,637 [pool-35-thread-1] INFO  server.RaftServerConfigKeys (ConfUtils.java:logGet(44)) - raft.server.log.queue.element-limit = 1024 (custom)
2020-06-02 22:42:26,637 [pool-35-thread-1] INFO  server.RaftServerConfigKeys (ConfUtils.java:logGet(44)) - raft.server.log.segment.size.max = 1048576 (custom)
2020-06-02 22:42:26,637 [pool-35-thread-1] INFO  server.RaftServerConfigKeys (ConfUtils.java:logGet(44)) - raft.server.log.preallocated.size = 16384 (custom)
2020-06-02 22:42:26,637 [pool-35-thread-1] INFO  server.RaftServerConfigKeys (ConfUtils.java:logGet(44)) - raft.server.log.write.buffer.size = 1048576 (custom)
2020-06-02 22:42:26,638 [pool-35-thread-1] INFO  server.RaftServerConfigKeys (ConfUtils.java:logGet(44)) - raft.server.log.force.sync.num = 128 (default)
2020-06-02 22:42:26,638 [pool-35-thread-1] INFO  server.RaftServerConfigKeys (ConfUtils.java:logGet(44)) - raft.server.log.statemachine.data.sync = true (default)
2020-06-02 22:42:26,639 [pool-35-thread-1] INFO  server.RaftServerConfigKeys (ConfUtils.java:logGet(44)) - raft.server.log.statemachine.data.sync.timeout = 10s (default)
2020-06-02 22:42:26,639 [pool-35-thread-1] INFO  server.RaftServerConfigKeys (ConfUtils.java:logGet(44)) - raft.server.log.statemachine.data.sync.timeout.retry = -1 (default)
2020-06-02 22:42:26,639 [pool-35-thread-1] INFO  server.RaftServerConfigKeys (ConfUtils.java:logGet(44)) - raft.server.log.statemachine.data.caching.enabled = true (custom)
2020-06-02 22:42:26,640 [pool-35-thread-1] INFO  segmented.SegmentedRaftLogWorker (SegmentedRaftLogWorker.java:lambda$new$0(129)) - 454ffaf2-f1cf-4ad5-8579-b0d0dc6569aa@group-DF8CCA9D97C3-SegmentedRaftLogWorker: flushIndex: setUnconditionally 0 -> -1
2020-06-02 22:42:26,646 [pool-35-thread-1] INFO  server.RaftServerConfigKeys (ConfUtils.java:logGet(44)) - raft.server.snapshot.auto.trigger.enabled = true (custom)
2020-06-02 22:42:26,647 [pool-35-thread-1] INFO  server.RaftServerConfigKeys (ConfUtils.java:logGet(44)) - raft.server.snapshot.auto.trigger.threshold = 10000 (custom)
2020-06-02 22:42:26,647 [pool-35-thread-1] INFO  server.RaftServerConfigKeys (ConfUtils.java:logGet(44)) - raft.server.snapshot.retention.file.num = 5 (custom)
2020-06-02 22:42:26,647 [pool-35-thread-1] INFO  server.RaftServerConfigKeys (ConfUtils.java:logGet(44)) - raft.server.log.purge.upto.snapshot.index = false (default)
2020-06-02 22:42:26,647 [pool-35-thread-1] INFO  server.RaftServerConfigKeys (ConfUtils.java:logGet(44)) - raft.server.retrycache.expirytime = 600000ms (custom)
2020-06-02 22:42:26,650 [pool-35-thread-1] INFO  metrics.RatisMetrics (RatisMetrics.java:lambda$create$0(39)) - Creating Metrics Registry : ratis.leader_election.454ffaf2-f1cf-4ad5-8579-b0d0dc6569aa@group-DF8CCA9D97C3
2020-06-02 22:42:26,651 [pool-35-thread-1] INFO  metrics.RatisMetrics (RatisMetrics.java:lambda$create$0(39)) - Creating Metrics Registry : ratis.server.454ffaf2-f1cf-4ad5-8579-b0d0dc6569aa@group-DF8CCA9D97C3
2020-06-02 22:42:26,653 [pool-35-thread-1] INFO  impl.RaftServerImpl (RaftServerImpl.java:start(184)) - 454ffaf2-f1cf-4ad5-8579-b0d0dc6569aa@group-DF8CCA9D97C3: start as a follower, conf=-1: [9495edf4-c4c1-498f-b6f3-5b53a0d22e6c:172.17.0.2:41885, f827eca5-1302-485d-b40a-808f1d3616bb:172.17.0.2:41559, 454ffaf2-f1cf-4ad5-8579-b0d0dc6569aa:172.17.0.2:35775], old=null
2020-06-02 22:42:26,653 [pool-35-thread-1] INFO  impl.RaftServerImpl (RaftServerImpl.java:setRole(173)) - 454ffaf2-f1cf-4ad5-8579-b0d0dc6569aa@group-DF8CCA9D97C3: changes role from      null to FOLLOWER at term 0 for startAsFollower
2020-06-02 22:42:26,654 [pool-35-thread-1] INFO  impl.RoleInfo (RoleInfo.java:updateAndGet(143)) - 454ffaf2-f1cf-4ad5-8579-b0d0dc6569aa: start FollowerState
2020-06-02 22:42:26,655 [pool-35-thread-1] INFO  util.JmxRegister (JmxRegister.java:tryRegister(44)) - Successfully registered JMX Bean with object name Ratis:service=RaftServer,group=group-DF8CCA9D97C3,id=454ffaf2-f1cf-4ad5-8579-b0d0dc6569aa
2020-06-02 22:42:26,655 [pool-35-thread-1] INFO  metrics.RatisMetrics (RatisMetrics.java:lambda$create$0(39)) - Creating Metrics Registry : ratis.state_machine.454ffaf2-f1cf-4ad5-8579-b0d0dc6569aa@group-DF8CCA9D97C3
2020-06-02 22:42:26,665 [Command processor thread] INFO  impl.RaftServerProxy (RaftServerProxy.java:addNew(89)) - 9495edf4-c4c1-498f-b6f3-5b53a0d22e6c: addNew group-5970BB7322FA:[9495edf4-c4c1-498f-b6f3-5b53a0d22e6c:172.17.0.2:41885] returns group-5970BB7322FA:java.util.concurrent.CompletableFuture@3458c758[Not completed]
2020-06-02 22:42:26,688 [pool-51-thread-1] INFO  impl.RaftServerImpl (RaftServerImpl.java:<init>(98)) - 9495edf4-c4c1-498f-b6f3-5b53a0d22e6c: new RaftServerImpl for group-5970BB7322FA:[9495edf4-c4c1-498f-b6f3-5b53a0d22e6c:172.17.0.2:41885] with ContainerStateMachine:uninitialized
2020-06-02 22:42:26,688 [pool-51-thread-1] INFO  server.RaftServerConfigKeys (ConfUtils.java:logGet(44)) - raft.server.rpc.timeout.min = 5s (custom)
2020-06-02 22:42:26,689 [pool-51-thread-1] INFO  server.RaftServerConfigKeys (ConfUtils.java:logGet(44)) - raft.server.rpc.timeout.max = 5200ms (custom)
2020-06-02 22:42:26,689 [pool-51-thread-1] INFO  server.RaftServerConfigKeys (ConfUtils.java:logGet(44)) - raft.server.rpcslowness.timeout = 300s (custom)
2020-06-02 22:42:26,689 [pool-51-thread-1] INFO  server.RaftServerConfigKeys (ConfUtils.java:logGet(44)) - raft.server.sleep.deviation.threshold = 300 (default)
2020-06-02 22:42:26,689 [pool-51-thread-1] INFO  server.RaftServerConfigKeys (ConfUtils.java:logGet(44)) - raft.server.log.appender.install.snapshot.enabled = false (custom)
2020-06-02 22:42:26,689 [pool-51-thread-1] INFO  impl.RaftServerImpl (ServerState.java:<init>(103)) - 9495edf4-c4c1-498f-b6f3-5b53a0d22e6c@group-5970BB7322FA: ConfigurationManager, init=-1: [9495edf4-c4c1-498f-b6f3-5b53a0d22e6c:172.17.0.2:41885], old=null, confs=<EMPTY_MAP>
2020-06-02 22:42:26,689 [pool-51-thread-1] INFO  server.RaftServerConfigKeys (ConfUtils.java:logGet(44)) - raft.server.storage.dir = [/github/workspace/mnt/ozone/hadoop-ozone/integration-test/target/test-dir/MiniOzoneClusterImpl-f92f6dc5-cbf3-4a6d-9e37-1f4b99c88ef6/datanode-1/data/ratis] (custom)
2020-06-02 22:42:26,689 [pool-51-thread-1] INFO  server.RaftServerConfigKeys (ConfUtils.java:logGet(44)) - raft.server.log.corruption.policy = EXCEPTION (default)
2020-06-02 22:42:26,689 [pool-51-thread-1] INFO  storage.RaftStorageDirectory (RaftStorageDirectory.java:analyzeStorage(261)) - The storage directory /github/workspace/mnt/ozone/hadoop-ozone/integration-test/target/test-dir/MiniOzoneClusterImpl-f92f6dc5-cbf3-4a6d-9e37-1f4b99c88ef6/datanode-1/data/ratis/00aedffe-3242-487a-9ae8-5970bb7322fa does not exist. Creating ...
2020-06-02 22:42:26,695 [pool-51-thread-1] INFO  storage.RaftStorageDirectory (RaftStorageDirectory.java:tryLock(343)) - Lock on /github/workspace/mnt/ozone/hadoop-ozone/integration-test/target/test-dir/MiniOzoneClusterImpl-f92f6dc5-cbf3-4a6d-9e37-1f4b99c88ef6/datanode-1/data/ratis/00aedffe-3242-487a-9ae8-5970bb7322fa/in_use.lock acquired by nodename 1027@4c74825c5481
2020-06-02 22:42:26,696 [pool-51-thread-1] INFO  storage.RaftStorage (RaftStorage.java:format(84)) - Storage directory /github/workspace/mnt/ozone/hadoop-ozone/integration-test/target/test-dir/MiniOzoneClusterImpl-f92f6dc5-cbf3-4a6d-9e37-1f4b99c88ef6/datanode-1/data/ratis/00aedffe-3242-487a-9ae8-5970bb7322fa has been successfully formatted.
2020-06-02 22:42:26,697 [Datanode State Machine Thread - 0] ERROR statemachine.DatanodeStateMachine (DatanodeStateMachine.java:lambda$startDaemon$0(378)) - Unable to start the DatanodeState Machine
java.io.IOException: Unable to finish the execution.
	at org.apache.hadoop.ozone.container.common.statemachine.DatanodeStateMachine.start(DatanodeStateMachine.java:219)
	at org.apache.hadoop.ozone.container.common.statemachine.DatanodeStateMachine.lambda$startDaemon$0(DatanodeStateMachine.java:375)
	at java.lang.Thread.run(Thread.java:748)
Caused by: java.lang.InterruptedException: sleep interrupted
	at java.lang.Thread.sleep(Native Method)
	at org.apache.hadoop.ozone.container.common.statemachine.DatanodeStateMachine.start(DatanodeStateMachine.java:212)
	... 2 more
2020-06-02 22:42:26,697 [pool-51-thread-1] INFO  ratis.ContainerStateMachine (ContainerStateMachine.java:loadSnapshot(226)) - group-5970BB7322FA: The snapshot info is null. Setting the last applied indexto:(t:0, i:~)
2020-06-02 22:42:26,698 [pool-51-thread-1] INFO  server.RaftServerConfigKeys (ConfUtils.java:logGet(44)) - raft.server.notification.no-leader.timeout = 60s (default)
2020-06-02 22:42:26,698 [pool-51-thread-1] INFO  server.RaftServerConfigKeys (ConfUtils.java:logGet(44)) - raft.server.log.use.memory = false (default)
2020-06-02 22:42:26,698 [pool-51-thread-1] INFO  server.RaftServerConfigKeys (ConfUtils.java:logGet(44)) - raft.server.log.purge.gap = 1000000 (custom)
2020-06-02 22:42:26,698 [pool-51-thread-1] INFO  server.RaftServerConfigKeys (ConfUtils.java:logGet(44)) - raft.server.log.appender.buffer.byte-limit = 33554432 (custom)
2020-06-02 22:42:26,698 [pool-51-thread-1] INFO  server.RaftServerConfigKeys (ConfUtils.java:logGet(44)) - raft.server.log.segment.size.max = 1048576 (custom)
2020-06-02 22:42:26,698 [pool-51-thread-1] INFO  metrics.RatisMetrics (RatisMetrics.java:lambda$create$0(39)) - Creating Metrics Registry : ratis.log_worker.9495edf4-c4c1-498f-b6f3-5b53a0d22e6c
2020-06-02 22:42:26,700 [pool-51-thread-1] INFO  server.RaftServerConfigKeys (ConfUtils.java:logGet(44)) - raft.server.log.segment.cache.num.max = 2 (custom)
2020-06-02 22:42:26,700 [pool-51-thread-1] INFO  segmented.SegmentedRaftLogWorker (SegmentedRaftLogWorker.java:<init>(176)) - new 9495edf4-c4c1-498f-b6f3-5b53a0d22e6c@group-5970BB7322FA-SegmentedRaftLogWorker for RaftStorage:Storage Directory /github/workspace/mnt/ozone/hadoop-ozone/integration-test/target/test-dir/MiniOzoneClusterImpl-f92f6dc5-cbf3-4a6d-9e37-1f4b99c88ef6/datanode-1/data/ratis/00aedffe-3242-487a-9ae8-5970bb7322fa
2020-06-02 22:42:26,700 [pool-51-thread-1] INFO  server.RaftServerConfigKeys (ConfUtils.java:logGet(44)) - raft.server.log.queue.byte-limit = 2147483647 (custom)
2020-06-02 22:42:26,700 [pool-51-thread-1] INFO  server.RaftServerConfigKeys (ConfUtils.java:logGet(44)) - raft.server.log.queue.element-limit = 1024 (custom)
2020-06-02 22:42:26,700 [pool-51-thread-1] INFO  server.RaftServerConfigKeys (ConfUtils.java:logGet(44)) - raft.server.log.segment.size.max = 1048576 (custom)
2020-06-02 22:42:26,700 [pool-51-thread-1] INFO  server.RaftServerConfigKeys (ConfUtils.java:logGet(44)) - raft.server.log.preallocated.size = 16384 (custom)
2020-06-02 22:42:26,700 [pool-51-thread-1] INFO  server.RaftServerConfigKeys (ConfUtils.java:logGet(44)) - raft.server.log.write.buffer.size = 1048576 (custom)
2020-06-02 22:42:26,700 [pool-51-thread-1] INFO  server.RaftServerConfigKeys (ConfUtils.java:logGet(44)) - raft.server.log.force.sync.num = 128 (default)
2020-06-02 22:42:26,701 [pool-51-thread-1] INFO  server.RaftServerConfigKeys (ConfUtils.java:logGet(44)) - raft.server.log.statemachine.data.sync = true (default)
2020-06-02 22:42:26,701 [pool-51-thread-1] INFO  server.RaftServerConfigKeys (ConfUtils.java:logGet(44)) - raft.server.log.statemachine.data.sync.timeout = 10s (default)
2020-06-02 22:42:26,701 [pool-51-thread-1] INFO  server.RaftServerConfigKeys (ConfUtils.java:logGet(44)) - raft.server.log.statemachine.data.sync.timeout.retry = -1 (default)
2020-06-02 22:42:26,702 [pool-51-thread-1] INFO  server.RaftServerConfigKeys (ConfUtils.java:logGet(44)) - raft.server.log.statemachine.data.caching.enabled = true (custom)
2020-06-02 22:42:26,702 [pool-51-thread-1] INFO  segmented.SegmentedRaftLogWorker (SegmentedRaftLogWorker.java:lambda$new$0(129)) - 9495edf4-c4c1-498f-b6f3-5b53a0d22e6c@group-5970BB7322FA-SegmentedRaftLogWorker: flushIndex: setUnconditionally 0 -> -1
2020-06-02 22:42:26,702 [pool-51-thread-1] INFO  server.RaftServerConfigKeys (ConfUtils.java:logGet(44)) - raft.server.snapshot.auto.trigger.enabled = true (custom)
2020-06-02 22:42:26,702 [pool-51-thread-1] INFO  server.RaftServerConfigKeys (ConfUtils.java:logGet(44)) - raft.server.snapshot.auto.trigger.threshold = 10000 (custom)
2020-06-02 22:42:26,703 [pool-51-thread-1] INFO  server.RaftServerConfigKeys (ConfUtils.java:logGet(44)) - raft.server.snapshot.retention.file.num = 5 (custom)
2020-06-02 22:42:26,703 [pool-51-thread-1] INFO  server.RaftServerConfigKeys (ConfUtils.java:logGet(44)) - raft.server.log.purge.upto.snapshot.index = false (default)
2020-06-02 22:42:26,703 [pool-51-thread-1] INFO  server.RaftServerConfigKeys (ConfUtils.java:logGet(44)) - raft.server.retrycache.expirytime = 600000ms (custom)
2020-06-02 22:42:26,703 [pool-51-thread-1] INFO  metrics.RatisMetrics (RatisMetrics.java:lambda$create$0(39)) - Creating Metrics Registry : ratis.leader_election.9495edf4-c4c1-498f-b6f3-5b53a0d22e6c@group-5970BB7322FA
2020-06-02 22:42:26,703 [pool-51-thread-1] INFO  metrics.RatisMetrics (RatisMetrics.java:lambda$create$0(39)) - Creating Metrics Registry : ratis.server.9495edf4-c4c1-498f-b6f3-5b53a0d22e6c@group-5970BB7322FA
2020-06-02 22:42:26,704 [pool-51-thread-1] INFO  impl.RaftServerImpl (RaftServerImpl.java:start(184)) - 9495edf4-c4c1-498f-b6f3-5b53a0d22e6c@group-5970BB7322FA: start as a follower, conf=-1: [9495edf4-c4c1-498f-b6f3-5b53a0d22e6c:172.17.0.2:41885], old=null
2020-06-02 22:42:26,704 [pool-51-thread-1] INFO  impl.RaftServerImpl (RaftServerImpl.java:setRole(173)) - 9495edf4-c4c1-498f-b6f3-5b53a0d22e6c@group-5970BB7322FA: changes role from      null to FOLLOWER at term 0 for startAsFollower
2020-06-02 22:42:26,704 [pool-51-thread-1] INFO  impl.RoleInfo (RoleInfo.java:updateAndGet(143)) - 9495edf4-c4c1-498f-b6f3-5b53a0d22e6c: start FollowerState
2020-06-02 22:42:26,708 [pool-51-thread-1] INFO  util.JmxRegister (JmxRegister.java:tryRegister(44)) - Successfully registered JMX Bean with object name Ratis:service=RaftServer,group=group-5970BB7322FA,id=9495edf4-c4c1-498f-b6f3-5b53a0d22e6c
2020-06-02 22:42:26,715 [pool-51-thread-1] INFO  metrics.RatisMetrics (RatisMetrics.java:lambda$create$0(39)) - Creating Metrics Registry : ratis.state_machine.9495edf4-c4c1-498f-b6f3-5b53a0d22e6c@group-5970BB7322FA
2020-06-02 22:42:26,719 [Command processor thread] INFO  commandhandler.CreatePipelineCommandHandler (CreatePipelineCommandHandler.java:handle(109)) - Created Pipeline RATIS ONE #id: "00aedffe-3242-487a-9ae8-5970bb7322fa"
.
2020-06-02 22:42:26,720 [Command processor thread] INFO  impl.RaftServerProxy (RaftServerProxy.java:addNew(89)) - 9495edf4-c4c1-498f-b6f3-5b53a0d22e6c: addNew group-DF8CCA9D97C3:[9495edf4-c4c1-498f-b6f3-5b53a0d22e6c:172.17.0.2:41885, f827eca5-1302-485d-b40a-808f1d3616bb:172.17.0.2:41559, 454ffaf2-f1cf-4ad5-8579-b0d0dc6569aa:172.17.0.2:35775] returns group-DF8CCA9D97C3:java.util.concurrent.CompletableFuture@3067550b[Not completed]
2020-06-02 22:42:26,724 [pool-51-thread-1] INFO  impl.RaftServerImpl (RaftServerImpl.java:<init>(98)) - 9495edf4-c4c1-498f-b6f3-5b53a0d22e6c: new RaftServerImpl for group-DF8CCA9D97C3:[9495edf4-c4c1-498f-b6f3-5b53a0d22e6c:172.17.0.2:41885, f827eca5-1302-485d-b40a-808f1d3616bb:172.17.0.2:41559, 454ffaf2-f1cf-4ad5-8579-b0d0dc6569aa:172.17.0.2:35775] with ContainerStateMachine:uninitialized
2020-06-02 22:42:26,724 [pool-51-thread-1] INFO  server.RaftServerConfigKeys (ConfUtils.java:logGet(44)) - raft.server.rpc.timeout.min = 5s (custom)
2020-06-02 22:42:26,724 [pool-51-thread-1] INFO  server.RaftServerConfigKeys (ConfUtils.java:logGet(44)) - raft.server.rpc.timeout.max = 5200ms (custom)
2020-06-02 22:42:26,724 [pool-51-thread-1] INFO  server.RaftServerConfigKeys (ConfUtils.java:logGet(44)) - raft.server.rpcslowness.timeout = 300s (custom)
2020-06-02 22:42:26,724 [pool-51-thread-1] INFO  server.RaftServerConfigKeys (ConfUtils.java:logGet(44)) - raft.server.sleep.deviation.threshold = 300 (default)
2020-06-02 22:42:26,724 [pool-51-thread-1] INFO  server.RaftServerConfigKeys (ConfUtils.java:logGet(44)) - raft.server.log.appender.install.snapshot.enabled = false (custom)
2020-06-02 22:42:26,724 [pool-51-thread-1] INFO  impl.RaftServerImpl (ServerState.java:<init>(103)) - 9495edf4-c4c1-498f-b6f3-5b53a0d22e6c@group-DF8CCA9D97C3: ConfigurationManager, init=-1: [9495edf4-c4c1-498f-b6f3-5b53a0d22e6c:172.17.0.2:41885, f827eca5-1302-485d-b40a-808f1d3616bb:172.17.0.2:41559, 454ffaf2-f1cf-4ad5-8579-b0d0dc6569aa:172.17.0.2:35775], old=null, confs=<EMPTY_MAP>
2020-06-02 22:42:26,724 [pool-51-thread-1] INFO  server.RaftServerConfigKeys (ConfUtils.java:logGet(44)) - raft.server.storage.dir = [/github/workspace/mnt/ozone/hadoop-ozone/integration-test/target/test-dir/MiniOzoneClusterImpl-f92f6dc5-cbf3-4a6d-9e37-1f4b99c88ef6/datanode-1/data/ratis] (custom)
2020-06-02 22:42:26,724 [pool-51-thread-1] INFO  server.RaftServerConfigKeys (ConfUtils.java:logGet(44)) - raft.server.log.corruption.policy = EXCEPTION (default)
2020-06-02 22:42:26,725 [pool-51-thread-1] INFO  storage.RaftStorageDirectory (RaftStorageDirectory.java:analyzeStorage(261)) - The storage directory /github/workspace/mnt/ozone/hadoop-ozone/integration-test/target/test-dir/MiniOzoneClusterImpl-f92f6dc5-cbf3-4a6d-9e37-1f4b99c88ef6/datanode-1/data/ratis/b06d2fc6-4d64-4b2e-a4f8-df8cca9d97c3 does not exist. Creating ...
2020-06-02 22:42:26,726 [pool-51-thread-1] INFO  storage.RaftStorageDirectory (RaftStorageDirectory.java:tryLock(343)) - Lock on /github/workspace/mnt/ozone/hadoop-ozone/integration-test/target/test-dir/MiniOzoneClusterImpl-f92f6dc5-cbf3-4a6d-9e37-1f4b99c88ef6/datanode-1/data/ratis/b06d2fc6-4d64-4b2e-a4f8-df8cca9d97c3/in_use.lock acquired by nodename 1027@4c74825c5481
2020-06-02 22:42:26,727 [pool-51-thread-1] INFO  storage.RaftStorage (RaftStorage.java:format(84)) - Storage directory /github/workspace/mnt/ozone/hadoop-ozone/integration-test/target/test-dir/MiniOzoneClusterImpl-f92f6dc5-cbf3-4a6d-9e37-1f4b99c88ef6/datanode-1/data/ratis/b06d2fc6-4d64-4b2e-a4f8-df8cca9d97c3 has been successfully formatted.
2020-06-02 22:42:26,727 [pool-51-thread-1] INFO  ratis.ContainerStateMachine (ContainerStateMachine.java:loadSnapshot(226)) - group-DF8CCA9D97C3: The snapshot info is null. Setting the last applied indexto:(t:0, i:~)
2020-06-02 22:42:26,727 [pool-51-thread-1] INFO  server.RaftServerConfigKeys (ConfUtils.java:logGet(44)) - raft.server.notification.no-leader.timeout = 60s (default)
2020-06-02 22:42:26,727 [pool-51-thread-1] INFO  server.RaftServerConfigKeys (ConfUtils.java:logGet(44)) - raft.server.log.use.memory = false (default)
2020-06-02 22:42:26,727 [pool-51-thread-1] INFO  server.RaftServerConfigKeys (ConfUtils.java:logGet(44)) - raft.server.log.purge.gap = 1000000 (custom)
2020-06-02 22:42:26,727 [pool-51-thread-1] INFO  server.RaftServerConfigKeys (ConfUtils.java:logGet(44)) - raft.server.log.appender.buffer.byte-limit = 33554432 (custom)
2020-06-02 22:42:26,727 [pool-51-thread-1] INFO  server.RaftServerConfigKeys (ConfUtils.java:logGet(44)) - raft.server.log.segment.size.max = 1048576 (custom)
2020-06-02 22:42:26,728 [pool-51-thread-1] INFO  server.RaftServerConfigKeys (ConfUtils.java:logGet(44)) - raft.server.log.segment.cache.num.max = 2 (custom)
2020-06-02 22:42:26,728 [pool-51-thread-1] INFO  segmented.SegmentedRaftLogWorker (SegmentedRaftLogWorker.java:<init>(176)) - new 9495edf4-c4c1-498f-b6f3-5b53a0d22e6c@group-DF8CCA9D97C3-SegmentedRaftLogWorker for RaftStorage:Storage Directory /github/workspace/mnt/ozone/hadoop-ozone/integration-test/target/test-dir/MiniOzoneClusterImpl-f92f6dc5-cbf3-4a6d-9e37-1f4b99c88ef6/datanode-1/data/ratis/b06d2fc6-4d64-4b2e-a4f8-df8cca9d97c3
2020-06-02 22:42:26,728 [pool-51-thread-1] INFO  server.RaftServerConfigKeys (ConfUtils.java:logGet(44)) - raft.server.log.queue.byte-limit = 2147483647 (custom)
2020-06-02 22:42:26,728 [pool-51-thread-1] INFO  server.RaftServerConfigKeys (ConfUtils.java:logGet(44)) - raft.server.log.queue.element-limit = 1024 (custom)
2020-06-02 22:42:26,728 [pool-51-thread-1] INFO  server.RaftServerConfigKeys (ConfUtils.java:logGet(44)) - raft.server.log.segment.size.max = 1048576 (custom)
2020-06-02 22:42:26,728 [pool-51-thread-1] INFO  server.RaftServerConfigKeys (ConfUtils.java:logGet(44)) - raft.server.log.preallocated.size = 16384 (custom)
2020-06-02 22:42:26,728 [pool-51-thread-1] INFO  server.RaftServerConfigKeys (ConfUtils.java:logGet(44)) - raft.server.log.write.buffer.size = 1048576 (custom)
2020-06-02 22:42:26,729 [pool-51-thread-1] INFO  server.RaftServerConfigKeys (ConfUtils.java:logGet(44)) - raft.server.log.force.sync.num = 128 (default)
2020-06-02 22:42:26,729 [pool-51-thread-1] INFO  server.RaftServerConfigKeys (ConfUtils.java:logGet(44)) - raft.server.log.statemachine.data.sync = true (default)
2020-06-02 22:42:26,729 [pool-51-thread-1] INFO  server.RaftServerConfigKeys (ConfUtils.java:logGet(44)) - raft.server.log.statemachine.data.sync.timeout = 10s (default)
2020-06-02 22:42:26,729 [pool-51-thread-1] INFO  server.RaftServerConfigKeys (ConfUtils.java:logGet(44)) - raft.server.log.statemachine.data.sync.timeout.retry = -1 (default)
2020-06-02 22:42:26,729 [pool-51-thread-1] INFO  server.RaftServerConfigKeys (ConfUtils.java:logGet(44)) - raft.server.log.statemachine.data.caching.enabled = true (custom)
2020-06-02 22:42:26,731 [pool-51-thread-1] INFO  segmented.SegmentedRaftLogWorker (SegmentedRaftLogWorker.java:lambda$new$0(129)) - 9495edf4-c4c1-498f-b6f3-5b53a0d22e6c@group-DF8CCA9D97C3-SegmentedRaftLogWorker: flushIndex: setUnconditionally 0 -> -1
2020-06-02 22:42:26,735 [Listener at 127.0.0.1/40641] INFO  ozone.MiniOzoneClusterImpl (MiniOzoneClusterImpl.java:lambda$waitForClusterToBeReady$0(177)) - Nodes are ready. Got 3 of 3 DN Heartbeats.
2020-06-02 22:42:26,735 [Listener at 127.0.0.1/40641] INFO  ozone.MiniOzoneClusterImpl (MiniOzoneClusterImpl.java:lambda$waitForClusterToBeReady$0(180)) - Waiting for cluster to exit safe mode
2020-06-02 22:42:26,735 [pool-51-thread-1] INFO  server.RaftServerConfigKeys (ConfUtils.java:logGet(44)) - raft.server.snapshot.auto.trigger.enabled = true (custom)
2020-06-02 22:42:26,735 [pool-51-thread-1] INFO  server.RaftServerConfigKeys (ConfUtils.java:logGet(44)) - raft.server.snapshot.auto.trigger.threshold = 10000 (custom)
2020-06-02 22:42:26,736 [pool-51-thread-1] INFO  server.RaftServerConfigKeys (ConfUtils.java:logGet(44)) - raft.server.snapshot.retention.file.num = 5 (custom)
2020-06-02 22:42:26,736 [pool-51-thread-1] INFO  server.RaftServerConfigKeys (ConfUtils.java:logGet(44)) - raft.server.log.purge.upto.snapshot.index = false (default)
2020-06-02 22:42:26,736 [pool-51-thread-1] INFO  server.RaftServerConfigKeys (ConfUtils.java:logGet(44)) - raft.server.retrycache.expirytime = 600000ms (custom)
2020-06-02 22:42:26,736 [pool-51-thread-1] INFO  metrics.RatisMetrics (RatisMetrics.java:lambda$create$0(39)) - Creating Metrics Registry : ratis.leader_election.9495edf4-c4c1-498f-b6f3-5b53a0d22e6c@group-DF8CCA9D97C3
2020-06-02 22:42:26,737 [pool-51-thread-1] INFO  metrics.RatisMetrics (RatisMetrics.java:lambda$create$0(39)) - Creating Metrics Registry : ratis.server.9495edf4-c4c1-498f-b6f3-5b53a0d22e6c@group-DF8CCA9D97C3
2020-06-02 22:42:26,738 [pool-51-thread-1] INFO  impl.RaftServerImpl (RaftServerImpl.java:start(184)) - 9495edf4-c4c1-498f-b6f3-5b53a0d22e6c@group-DF8CCA9D97C3: start as a follower, conf=-1: [9495edf4-c4c1-498f-b6f3-5b53a0d22e6c:172.17.0.2:41885, f827eca5-1302-485d-b40a-808f1d3616bb:172.17.0.2:41559, 454ffaf2-f1cf-4ad5-8579-b0d0dc6569aa:172.17.0.2:35775], old=null
2020-06-02 22:42:26,738 [pool-51-thread-1] INFO  impl.RaftServerImpl (RaftServerImpl.java:setRole(173)) - 9495edf4-c4c1-498f-b6f3-5b53a0d22e6c@group-DF8CCA9D97C3: changes role from      null to FOLLOWER at term 0 for startAsFollower
2020-06-02 22:42:26,738 [pool-51-thread-1] INFO  impl.RoleInfo (RoleInfo.java:updateAndGet(143)) - 9495edf4-c4c1-498f-b6f3-5b53a0d22e6c: start FollowerState
2020-06-02 22:42:26,738 [pool-51-thread-1] INFO  util.JmxRegister (JmxRegister.java:tryRegister(44)) - Successfully registered JMX Bean with object name Ratis:service=RaftServer,group=group-DF8CCA9D97C3,id=9495edf4-c4c1-498f-b6f3-5b53a0d22e6c
2020-06-02 22:42:26,739 [pool-51-thread-1] INFO  metrics.RatisMetrics (RatisMetrics.java:lambda$create$0(39)) - Creating Metrics Registry : ratis.state_machine.9495edf4-c4c1-498f-b6f3-5b53a0d22e6c@group-DF8CCA9D97C3
2020-06-02 22:42:26,750 [Command processor thread] INFO  impl.RaftServerProxy (RaftServerProxy.java:addNew(89)) - f827eca5-1302-485d-b40a-808f1d3616bb: addNew group-55234961F2D3:[f827eca5-1302-485d-b40a-808f1d3616bb:172.17.0.2:41559] returns group-55234961F2D3:java.util.concurrent.CompletableFuture@7a60874a[Not completed]
2020-06-02 22:42:26,767 [pool-67-thread-1] INFO  impl.RaftServerImpl (RaftServerImpl.java:<init>(98)) - f827eca5-1302-485d-b40a-808f1d3616bb: new RaftServerImpl for group-55234961F2D3:[f827eca5-1302-485d-b40a-808f1d3616bb:172.17.0.2:41559] with ContainerStateMachine:uninitialized
2020-06-02 22:42:26,768 [pool-67-thread-1] INFO  server.RaftServerConfigKeys (ConfUtils.java:logGet(44)) - raft.server.rpc.timeout.min = 5s (custom)
2020-06-02 22:42:26,768 [pool-67-thread-1] INFO  server.RaftServerConfigKeys (ConfUtils.java:logGet(44)) - raft.server.rpc.timeout.max = 5200ms (custom)
2020-06-02 22:42:26,768 [pool-67-thread-1] INFO  server.RaftServerConfigKeys (ConfUtils.java:logGet(44)) - raft.server.rpcslowness.timeout = 300s (custom)
2020-06-02 22:42:26,768 [pool-67-thread-1] INFO  server.RaftServerConfigKeys (ConfUtils.java:logGet(44)) - raft.server.sleep.deviation.threshold = 300 (default)
2020-06-02 22:42:26,768 [pool-67-thread-1] INFO  server.RaftServerConfigKeys (ConfUtils.java:logGet(44)) - raft.server.log.appender.install.snapshot.enabled = false (custom)
2020-06-02 22:42:26,768 [pool-67-thread-1] INFO  impl.RaftServerImpl (ServerState.java:<init>(103)) - f827eca5-1302-485d-b40a-808f1d3616bb@group-55234961F2D3: ConfigurationManager, init=-1: [f827eca5-1302-485d-b40a-808f1d3616bb:172.17.0.2:41559], old=null, confs=<EMPTY_MAP>
2020-06-02 22:42:26,768 [pool-67-thread-1] INFO  server.RaftServerConfigKeys (ConfUtils.java:logGet(44)) - raft.server.storage.dir = [/github/workspace/mnt/ozone/hadoop-ozone/integration-test/target/test-dir/MiniOzoneClusterImpl-f92f6dc5-cbf3-4a6d-9e37-1f4b99c88ef6/datanode-2/data/ratis] (custom)
2020-06-02 22:42:26,768 [pool-67-thread-1] INFO  server.RaftServerConfigKeys (ConfUtils.java:logGet(44)) - raft.server.log.corruption.policy = EXCEPTION (default)
2020-06-02 22:42:26,769 [pool-67-thread-1] INFO  storage.RaftStorageDirectory (RaftStorageDirectory.java:analyzeStorage(261)) - The storage directory /github/workspace/mnt/ozone/hadoop-ozone/integration-test/target/test-dir/MiniOzoneClusterImpl-f92f6dc5-cbf3-4a6d-9e37-1f4b99c88ef6/datanode-2/data/ratis/fb41bf30-7264-41f5-95a7-55234961f2d3 does not exist. Creating ...
2020-06-02 22:42:26,771 [pool-67-thread-1] INFO  storage.RaftStorageDirectory (RaftStorageDirectory.java:tryLock(343)) - Lock on /github/workspace/mnt/ozone/hadoop-ozone/integration-test/target/test-dir/MiniOzoneClusterImpl-f92f6dc5-cbf3-4a6d-9e37-1f4b99c88ef6/datanode-2/data/ratis/fb41bf30-7264-41f5-95a7-55234961f2d3/in_use.lock acquired by nodename 1027@4c74825c5481
2020-06-02 22:42:26,775 [pool-67-thread-1] INFO  storage.RaftStorage (RaftStorage.java:format(84)) - Storage directory /github/workspace/mnt/ozone/hadoop-ozone/integration-test/target/test-dir/MiniOzoneClusterImpl-f92f6dc5-cbf3-4a6d-9e37-1f4b99c88ef6/datanode-2/data/ratis/fb41bf30-7264-41f5-95a7-55234961f2d3 has been successfully formatted.
2020-06-02 22:42:26,775 [Datanode State Machine Thread - 0] ERROR statemachine.DatanodeStateMachine (DatanodeStateMachine.java:lambda$startDaemon$0(378)) - Unable to start the DatanodeState Machine
java.io.IOException: Unable to finish the execution.
	at org.apache.hadoop.ozone.container.common.statemachine.DatanodeStateMachine.start(DatanodeStateMachine.java:219)
	at org.apache.hadoop.ozone.container.common.statemachine.DatanodeStateMachine.lambda$startDaemon$0(DatanodeStateMachine.java:375)
	at java.lang.Thread.run(Thread.java:748)
Caused by: java.lang.InterruptedException: sleep interrupted
	at java.lang.Thread.sleep(Native Method)
	at org.apache.hadoop.ozone.container.common.statemachine.DatanodeStateMachine.start(DatanodeStateMachine.java:212)
	... 2 more
2020-06-02 22:42:26,776 [pool-67-thread-1] INFO  ratis.ContainerStateMachine (ContainerStateMachine.java:loadSnapshot(226)) - group-55234961F2D3: The snapshot info is null. Setting the last applied indexto:(t:0, i:~)
2020-06-02 22:42:26,776 [pool-67-thread-1] INFO  server.RaftServerConfigKeys (ConfUtils.java:logGet(44)) - raft.server.notification.no-leader.timeout = 60s (default)
2020-06-02 22:42:26,776 [pool-67-thread-1] INFO  server.RaftServerConfigKeys (ConfUtils.java:logGet(44)) - raft.server.log.use.memory = false (default)
2020-06-02 22:42:26,776 [pool-67-thread-1] INFO  server.RaftServerConfigKeys (ConfUtils.java:logGet(44)) - raft.server.log.purge.gap = 1000000 (custom)
2020-06-02 22:42:26,776 [pool-67-thread-1] INFO  server.RaftServerConfigKeys (ConfUtils.java:logGet(44)) - raft.server.log.appender.buffer.byte-limit = 33554432 (custom)
2020-06-02 22:42:26,776 [pool-67-thread-1] INFO  server.RaftServerConfigKeys (ConfUtils.java:logGet(44)) - raft.server.log.segment.size.max = 1048576 (custom)
2020-06-02 22:42:26,776 [pool-67-thread-1] INFO  metrics.RatisMetrics (RatisMetrics.java:lambda$create$0(39)) - Creating Metrics Registry : ratis.log_worker.f827eca5-1302-485d-b40a-808f1d3616bb
2020-06-02 22:42:26,776 [pool-67-thread-1] INFO  server.RaftServerConfigKeys (ConfUtils.java:logGet(44)) - raft.server.log.segment.cache.num.max = 2 (custom)
2020-06-02 22:42:26,777 [pool-67-thread-1] INFO  segmented.SegmentedRaftLogWorker (SegmentedRaftLogWorker.java:<init>(176)) - new f827eca5-1302-485d-b40a-808f1d3616bb@group-55234961F2D3-SegmentedRaftLogWorker for RaftStorage:Storage Directory /github/workspace/mnt/ozone/hadoop-ozone/integration-test/target/test-dir/MiniOzoneClusterImpl-f92f6dc5-cbf3-4a6d-9e37-1f4b99c88ef6/datanode-2/data/ratis/fb41bf30-7264-41f5-95a7-55234961f2d3
2020-06-02 22:42:26,777 [pool-67-thread-1] INFO  server.RaftServerConfigKeys (ConfUtils.java:logGet(44)) - raft.server.log.queue.byte-limit = 2147483647 (custom)
2020-06-02 22:42:26,777 [pool-67-thread-1] INFO  server.RaftServerConfigKeys (ConfUtils.java:logGet(44)) - raft.server.log.queue.element-limit = 1024 (custom)
2020-06-02 22:42:26,777 [pool-67-thread-1] INFO  server.RaftServerConfigKeys (ConfUtils.java:logGet(44)) - raft.server.log.segment.size.max = 1048576 (custom)
2020-06-02 22:42:26,777 [pool-67-thread-1] INFO  server.RaftServerConfigKeys (ConfUtils.java:logGet(44)) - raft.server.log.preallocated.size = 16384 (custom)
2020-06-02 22:42:26,777 [pool-67-thread-1] INFO  server.RaftServerConfigKeys (ConfUtils.java:logGet(44)) - raft.server.log.write.buffer.size = 1048576 (custom)
2020-06-02 22:42:26,777 [pool-67-thread-1] INFO  server.RaftServerConfigKeys (ConfUtils.java:logGet(44)) - raft.server.log.force.sync.num = 128 (default)
2020-06-02 22:42:26,777 [pool-67-thread-1] INFO  server.RaftServerConfigKeys (ConfUtils.java:logGet(44)) - raft.server.log.statemachine.data.sync = true (default)
2020-06-02 22:42:26,777 [pool-67-thread-1] INFO  server.RaftServerConfigKeys (ConfUtils.java:logGet(44)) - raft.server.log.statemachine.data.sync.timeout = 10s (default)
2020-06-02 22:42:26,777 [pool-67-thread-1] INFO  server.RaftServerConfigKeys (ConfUtils.java:logGet(44)) - raft.server.log.statemachine.data.sync.timeout.retry = -1 (default)
2020-06-02 22:42:26,779 [pool-67-thread-1] INFO  server.RaftServerConfigKeys (ConfUtils.java:logGet(44)) - raft.server.log.statemachine.data.caching.enabled = true (custom)
2020-06-02 22:42:26,779 [pool-67-thread-1] INFO  segmented.SegmentedRaftLogWorker (SegmentedRaftLogWorker.java:lambda$new$0(129)) - f827eca5-1302-485d-b40a-808f1d3616bb@group-55234961F2D3-SegmentedRaftLogWorker: flushIndex: setUnconditionally 0 -> -1
2020-06-02 22:42:26,787 [pool-67-thread-1] INFO  server.RaftServerConfigKeys (ConfUtils.java:logGet(44)) - raft.server.snapshot.auto.trigger.enabled = true (custom)
2020-06-02 22:42:26,788 [pool-67-thread-1] INFO  server.RaftServerConfigKeys (ConfUtils.java:logGet(44)) - raft.server.snapshot.auto.trigger.threshold = 10000 (custom)
2020-06-02 22:42:26,788 [pool-67-thread-1] INFO  server.RaftServerConfigKeys (ConfUtils.java:logGet(44)) - raft.server.snapshot.retention.file.num = 5 (custom)
2020-06-02 22:42:26,788 [pool-67-thread-1] INFO  server.RaftServerConfigKeys (ConfUtils.java:logGet(44)) - raft.server.log.purge.upto.snapshot.index = false (default)
2020-06-02 22:42:26,788 [pool-67-thread-1] INFO  server.RaftServerConfigKeys (ConfUtils.java:logGet(44)) - raft.server.retrycache.expirytime = 600000ms (custom)
2020-06-02 22:42:26,788 [pool-67-thread-1] INFO  metrics.RatisMetrics (RatisMetrics.java:lambda$create$0(39)) - Creating Metrics Registry : ratis.leader_election.f827eca5-1302-485d-b40a-808f1d3616bb@group-55234961F2D3
2020-06-02 22:42:26,788 [pool-67-thread-1] INFO  metrics.RatisMetrics (RatisMetrics.java:lambda$create$0(39)) - Creating Metrics Registry : ratis.server.f827eca5-1302-485d-b40a-808f1d3616bb@group-55234961F2D3
2020-06-02 22:42:26,789 [pool-67-thread-1] INFO  impl.RaftServerImpl (RaftServerImpl.java:start(184)) - f827eca5-1302-485d-b40a-808f1d3616bb@group-55234961F2D3: start as a follower, conf=-1: [f827eca5-1302-485d-b40a-808f1d3616bb:172.17.0.2:41559], old=null
2020-06-02 22:42:26,789 [pool-67-thread-1] INFO  impl.RaftServerImpl (RaftServerImpl.java:setRole(173)) - f827eca5-1302-485d-b40a-808f1d3616bb@group-55234961F2D3: changes role from      null to FOLLOWER at term 0 for startAsFollower
2020-06-02 22:42:26,789 [pool-67-thread-1] INFO  impl.RoleInfo (RoleInfo.java:updateAndGet(143)) - f827eca5-1302-485d-b40a-808f1d3616bb: start FollowerState
2020-06-02 22:42:26,804 [pool-67-thread-1] INFO  util.JmxRegister (JmxRegister.java:tryRegister(44)) - Successfully registered JMX Bean with object name Ratis:service=RaftServer,group=group-55234961F2D3,id=f827eca5-1302-485d-b40a-808f1d3616bb
2020-06-02 22:42:26,804 [pool-67-thread-1] INFO  metrics.RatisMetrics (RatisMetrics.java:lambda$create$0(39)) - Creating Metrics Registry : ratis.state_machine.f827eca5-1302-485d-b40a-808f1d3616bb@group-55234961F2D3
2020-06-02 22:42:26,809 [Command processor thread] INFO  commandhandler.CreatePipelineCommandHandler (CreatePipelineCommandHandler.java:handle(109)) - Created Pipeline RATIS ONE #id: "fb41bf30-7264-41f5-95a7-55234961f2d3"
.
2020-06-02 22:42:26,809 [Command processor thread] INFO  impl.RaftServerProxy (RaftServerProxy.java:addNew(89)) - f827eca5-1302-485d-b40a-808f1d3616bb: addNew group-DF8CCA9D97C3:[9495edf4-c4c1-498f-b6f3-5b53a0d22e6c:172.17.0.2:41885, f827eca5-1302-485d-b40a-808f1d3616bb:172.17.0.2:41559, 454ffaf2-f1cf-4ad5-8579-b0d0dc6569aa:172.17.0.2:35775] returns group-DF8CCA9D97C3:java.util.concurrent.CompletableFuture@7e5f1cde[Not completed]
2020-06-02 22:42:26,810 [pool-67-thread-1] INFO  impl.RaftServerImpl (RaftServerImpl.java:<init>(98)) - f827eca5-1302-485d-b40a-808f1d3616bb: new RaftServerImpl for group-DF8CCA9D97C3:[9495edf4-c4c1-498f-b6f3-5b53a0d22e6c:172.17.0.2:41885, f827eca5-1302-485d-b40a-808f1d3616bb:172.17.0.2:41559, 454ffaf2-f1cf-4ad5-8579-b0d0dc6569aa:172.17.0.2:35775] with ContainerStateMachine:uninitialized
2020-06-02 22:42:26,810 [pool-67-thread-1] INFO  server.RaftServerConfigKeys (ConfUtils.java:logGet(44)) - raft.server.rpc.timeout.min = 5s (custom)
2020-06-02 22:42:26,810 [pool-67-thread-1] INFO  server.RaftServerConfigKeys (ConfUtils.java:logGet(44)) - raft.server.rpc.timeout.max = 5200ms (custom)
2020-06-02 22:42:26,811 [pool-67-thread-1] INFO  server.RaftServerConfigKeys (ConfUtils.java:logGet(44)) - raft.server.rpcslowness.timeout = 300s (custom)
2020-06-02 22:42:26,811 [pool-67-thread-1] INFO  server.RaftServerConfigKeys (ConfUtils.java:logGet(44)) - raft.server.sleep.deviation.threshold = 300 (default)
2020-06-02 22:42:26,811 [pool-67-thread-1] INFO  server.RaftServerConfigKeys (ConfUtils.java:logGet(44)) - raft.server.log.appender.install.snapshot.enabled = false (custom)
2020-06-02 22:42:26,811 [pool-67-thread-1] INFO  impl.RaftServerImpl (ServerState.java:<init>(103)) - f827eca5-1302-485d-b40a-808f1d3616bb@group-DF8CCA9D97C3: ConfigurationManager, init=-1: [9495edf4-c4c1-498f-b6f3-5b53a0d22e6c:172.17.0.2:41885, f827eca5-1302-485d-b40a-808f1d3616bb:172.17.0.2:41559, 454ffaf2-f1cf-4ad5-8579-b0d0dc6569aa:172.17.0.2:35775], old=null, confs=<EMPTY_MAP>
2020-06-02 22:42:26,811 [pool-67-thread-1] INFO  server.RaftServerConfigKeys (ConfUtils.java:logGet(44)) - raft.server.storage.dir = [/github/workspace/mnt/ozone/hadoop-ozone/integration-test/target/test-dir/MiniOzoneClusterImpl-f92f6dc5-cbf3-4a6d-9e37-1f4b99c88ef6/datanode-2/data/ratis] (custom)
2020-06-02 22:42:26,811 [pool-67-thread-1] INFO  server.RaftServerConfigKeys (ConfUtils.java:logGet(44)) - raft.server.log.corruption.policy = EXCEPTION (default)
2020-06-02 22:42:26,811 [pool-67-thread-1] INFO  storage.RaftStorageDirectory (RaftStorageDirectory.java:analyzeStorage(261)) - The storage directory /github/workspace/mnt/ozone/hadoop-ozone/integration-test/target/test-dir/MiniOzoneClusterImpl-f92f6dc5-cbf3-4a6d-9e37-1f4b99c88ef6/datanode-2/data/ratis/b06d2fc6-4d64-4b2e-a4f8-df8cca9d97c3 does not exist. Creating ...
2020-06-02 22:42:26,813 [pool-67-thread-1] INFO  storage.RaftStorageDirectory (RaftStorageDirectory.java:tryLock(343)) - Lock on /github/workspace/mnt/ozone/hadoop-ozone/integration-test/target/test-dir/MiniOzoneClusterImpl-f92f6dc5-cbf3-4a6d-9e37-1f4b99c88ef6/datanode-2/data/ratis/b06d2fc6-4d64-4b2e-a4f8-df8cca9d97c3/in_use.lock acquired by nodename 1027@4c74825c5481
2020-06-02 22:42:26,814 [pool-67-thread-1] INFO  storage.RaftStorage (RaftStorage.java:format(84)) - Storage directory /github/workspace/mnt/ozone/hadoop-ozone/integration-test/target/test-dir/MiniOzoneClusterImpl-f92f6dc5-cbf3-4a6d-9e37-1f4b99c88ef6/datanode-2/data/ratis/b06d2fc6-4d64-4b2e-a4f8-df8cca9d97c3 has been successfully formatted.
2020-06-02 22:42:26,815 [pool-67-thread-1] INFO  ratis.ContainerStateMachine (ContainerStateMachine.java:loadSnapshot(226)) - group-DF8CCA9D97C3: The snapshot info is null. Setting the last applied indexto:(t:0, i:~)
2020-06-02 22:42:26,815 [pool-67-thread-1] INFO  server.RaftServerConfigKeys (ConfUtils.java:logGet(44)) - raft.server.notification.no-leader.timeout = 60s (default)
2020-06-02 22:42:26,816 [pool-67-thread-1] INFO  server.RaftServerConfigKeys (ConfUtils.java:logGet(44)) - raft.server.log.use.memory = false (default)
2020-06-02 22:42:26,816 [pool-67-thread-1] INFO  server.RaftServerConfigKeys (ConfUtils.java:logGet(44)) - raft.server.log.purge.gap = 1000000 (custom)
2020-06-02 22:42:26,816 [pool-67-thread-1] INFO  server.RaftServerConfigKeys (ConfUtils.java:logGet(44)) - raft.server.log.appender.buffer.byte-limit = 33554432 (custom)
2020-06-02 22:42:26,816 [pool-67-thread-1] INFO  server.RaftServerConfigKeys (ConfUtils.java:logGet(44)) - raft.server.log.segment.size.max = 1048576 (custom)
2020-06-02 22:42:26,816 [pool-67-thread-1] INFO  server.RaftServerConfigKeys (ConfUtils.java:logGet(44)) - raft.server.log.segment.cache.num.max = 2 (custom)
2020-06-02 22:42:26,817 [pool-67-thread-1] INFO  segmented.SegmentedRaftLogWorker (SegmentedRaftLogWorker.java:<init>(176)) - new f827eca5-1302-485d-b40a-808f1d3616bb@group-DF8CCA9D97C3-SegmentedRaftLogWorker for RaftStorage:Storage Directory /github/workspace/mnt/ozone/hadoop-ozone/integration-test/target/test-dir/MiniOzoneClusterImpl-f92f6dc5-cbf3-4a6d-9e37-1f4b99c88ef6/datanode-2/data/ratis/b06d2fc6-4d64-4b2e-a4f8-df8cca9d97c3
2020-06-02 22:42:26,829 [pool-67-thread-1] INFO  server.RaftServerConfigKeys (ConfUtils.java:logGet(44)) - raft.server.log.queue.byte-limit = 2147483647 (custom)
2020-06-02 22:42:26,829 [pool-67-thread-1] INFO  server.RaftServerConfigKeys (ConfUtils.java:logGet(44)) - raft.server.log.queue.element-limit = 1024 (custom)
2020-06-02 22:42:26,829 [pool-67-thread-1] INFO  server.RaftServerConfigKeys (ConfUtils.java:logGet(44)) - raft.server.log.segment.size.max = 1048576 (custom)
2020-06-02 22:42:26,829 [pool-67-thread-1] INFO  server.RaftServerConfigKeys (ConfUtils.java:logGet(44)) - raft.server.log.preallocated.size = 16384 (custom)
2020-06-02 22:42:26,829 [pool-67-thread-1] INFO  server.RaftServerConfigKeys (ConfUtils.java:logGet(44)) - raft.server.log.write.buffer.size = 1048576 (custom)
2020-06-02 22:42:26,829 [pool-67-thread-1] INFO  server.RaftServerConfigKeys (ConfUtils.java:logGet(44)) - raft.server.log.force.sync.num = 128 (default)
2020-06-02 22:42:26,829 [pool-67-thread-1] INFO  server.RaftServerConfigKeys (ConfUtils.java:logGet(44)) - raft.server.log.statemachine.data.sync = true (default)
2020-06-02 22:42:26,829 [pool-67-thread-1] INFO  server.RaftServerConfigKeys (ConfUtils.java:logGet(44)) - raft.server.log.statemachine.data.sync.timeout = 10s (default)
2020-06-02 22:42:26,829 [pool-67-thread-1] INFO  server.RaftServerConfigKeys (ConfUtils.java:logGet(44)) - raft.server.log.statemachine.data.sync.timeout.retry = -1 (default)
2020-06-02 22:42:26,830 [pool-67-thread-1] INFO  server.RaftServerConfigKeys (ConfUtils.java:logGet(44)) - raft.server.log.statemachine.data.caching.enabled = true (custom)
2020-06-02 22:42:26,831 [pool-67-thread-1] INFO  segmented.SegmentedRaftLogWorker (SegmentedRaftLogWorker.java:lambda$new$0(129)) - f827eca5-1302-485d-b40a-808f1d3616bb@group-DF8CCA9D97C3-SegmentedRaftLogWorker: flushIndex: setUnconditionally 0 -> -1
2020-06-02 22:42:26,837 [pool-67-thread-1] INFO  server.RaftServerConfigKeys (ConfUtils.java:logGet(44)) - raft.server.snapshot.auto.trigger.enabled = true (custom)
2020-06-02 22:42:26,837 [pool-67-thread-1] INFO  server.RaftServerConfigKeys (ConfUtils.java:logGet(44)) - raft.server.snapshot.auto.trigger.threshold = 10000 (custom)
2020-06-02 22:42:26,837 [pool-67-thread-1] INFO  server.RaftServerConfigKeys (ConfUtils.java:logGet(44)) - raft.server.snapshot.retention.file.num = 5 (custom)
2020-06-02 22:42:26,837 [pool-67-thread-1] INFO  server.RaftServerConfigKeys (ConfUtils.java:logGet(44)) - raft.server.log.purge.upto.snapshot.index = false (default)
2020-06-02 22:42:26,837 [pool-67-thread-1] INFO  server.RaftServerConfigKeys (ConfUtils.java:logGet(44)) - raft.server.retrycache.expirytime = 600000ms (custom)
2020-06-02 22:42:26,837 [pool-67-thread-1] INFO  metrics.RatisMetrics (RatisMetrics.java:lambda$create$0(39)) - Creating Metrics Registry : ratis.leader_election.f827eca5-1302-485d-b40a-808f1d3616bb@group-DF8CCA9D97C3
2020-06-02 22:42:26,838 [pool-67-thread-1] INFO  metrics.RatisMetrics (RatisMetrics.java:lambda$create$0(39)) - Creating Metrics Registry : ratis.server.f827eca5-1302-485d-b40a-808f1d3616bb@group-DF8CCA9D97C3
2020-06-02 22:42:26,844 [pool-67-thread-1] INFO  impl.RaftServerImpl (RaftServerImpl.java:start(184)) - f827eca5-1302-485d-b40a-808f1d3616bb@group-DF8CCA9D97C3: start as a follower, conf=-1: [9495edf4-c4c1-498f-b6f3-5b53a0d22e6c:172.17.0.2:41885, f827eca5-1302-485d-b40a-808f1d3616bb:172.17.0.2:41559, 454ffaf2-f1cf-4ad5-8579-b0d0dc6569aa:172.17.0.2:35775], old=null
2020-06-02 22:42:26,844 [pool-67-thread-1] INFO  impl.RaftServerImpl (RaftServerImpl.java:setRole(173)) - f827eca5-1302-485d-b40a-808f1d3616bb@group-DF8CCA9D97C3: changes role from      null to FOLLOWER at term 0 for startAsFollower
2020-06-02 22:42:26,844 [pool-67-thread-1] INFO  impl.RoleInfo (RoleInfo.java:updateAndGet(143)) - f827eca5-1302-485d-b40a-808f1d3616bb: start FollowerState
2020-06-02 22:42:26,851 [pool-67-thread-1] INFO  util.JmxRegister (JmxRegister.java:tryRegister(44)) - Successfully registered JMX Bean with object name Ratis:service=RaftServer,group=group-DF8CCA9D97C3,id=f827eca5-1302-485d-b40a-808f1d3616bb
2020-06-02 22:42:26,851 [pool-67-thread-1] INFO  metrics.RatisMetrics (RatisMetrics.java:lambda$create$0(39)) - Creating Metrics Registry : ratis.state_machine.f827eca5-1302-485d-b40a-808f1d3616bb@group-DF8CCA9D97C3
2020-06-02 22:42:27,227 [Command processor thread] INFO  commandhandler.CreatePipelineCommandHandler (CreatePipelineCommandHandler.java:handle(109)) - Created Pipeline RATIS THREE #id: "b06d2fc6-4d64-4b2e-a4f8-df8cca9d97c3"
.
2020-06-02 22:42:27,258 [Command processor thread] INFO  commandhandler.CreatePipelineCommandHandler (CreatePipelineCommandHandler.java:handle(109)) - Created Pipeline RATIS THREE #id: "b06d2fc6-4d64-4b2e-a4f8-df8cca9d97c3"
.
2020-06-02 22:42:27,262 [Command processor thread] INFO  commandhandler.CreatePipelineCommandHandler (CreatePipelineCommandHandler.java:handle(109)) - Created Pipeline RATIS THREE #id: "b06d2fc6-4d64-4b2e-a4f8-df8cca9d97c3"
.
2020-06-02 22:42:27,735 [Listener at 127.0.0.1/40641] INFO  ozone.MiniOzoneClusterImpl (MiniOzoneClusterImpl.java:lambda$waitForClusterToBeReady$0(177)) - Nodes are ready. Got 3 of 3 DN Heartbeats.
2020-06-02 22:42:27,736 [Listener at 127.0.0.1/40641] INFO  ozone.MiniOzoneClusterImpl (MiniOzoneClusterImpl.java:lambda$waitForClusterToBeReady$0(180)) - Waiting for cluster to exit safe mode
2020-06-02 22:42:28,736 [Listener at 127.0.0.1/40641] INFO  ozone.MiniOzoneClusterImpl (MiniOzoneClusterImpl.java:lambda$waitForClusterToBeReady$0(177)) - Nodes are ready. Got 3 of 3 DN Heartbeats.
2020-06-02 22:42:28,736 [Listener at 127.0.0.1/40641] INFO  ozone.MiniOzoneClusterImpl (MiniOzoneClusterImpl.java:lambda$waitForClusterToBeReady$0(180)) - Waiting for cluster to exit safe mode
2020-06-02 22:42:29,736 [Listener at 127.0.0.1/40641] INFO  ozone.MiniOzoneClusterImpl (MiniOzoneClusterImpl.java:lambda$waitForClusterToBeReady$0(177)) - Nodes are ready. Got 3 of 3 DN Heartbeats.
2020-06-02 22:42:29,736 [Listener at 127.0.0.1/40641] INFO  ozone.MiniOzoneClusterImpl (MiniOzoneClusterImpl.java:lambda$waitForClusterToBeReady$0(180)) - Waiting for cluster to exit safe mode
2020-06-02 22:42:30,737 [Listener at 127.0.0.1/40641] INFO  ozone.MiniOzoneClusterImpl (MiniOzoneClusterImpl.java:lambda$waitForClusterToBeReady$0(177)) - Nodes are ready. Got 3 of 3 DN Heartbeats.
2020-06-02 22:42:30,737 [Listener at 127.0.0.1/40641] INFO  ozone.MiniOzoneClusterImpl (MiniOzoneClusterImpl.java:lambda$waitForClusterToBeReady$0(180)) - Waiting for cluster to exit safe mode
2020-06-02 22:42:31,651 [Thread-176] INFO  impl.FollowerState (FollowerState.java:run(108)) - 454ffaf2-f1cf-4ad5-8579-b0d0dc6569aa@group-B4ABD9B660F0-FollowerState: change to CANDIDATE, lastRpcTime:5049ms, electionTimeout:5045ms
2020-06-02 22:42:31,655 [Thread-176] INFO  impl.RoleInfo (RoleInfo.java:shutdownFollowerState(121)) - 454ffaf2-f1cf-4ad5-8579-b0d0dc6569aa: shutdown FollowerState
2020-06-02 22:42:31,656 [Thread-176] INFO  impl.RaftServerImpl (RaftServerImpl.java:setRole(173)) - 454ffaf2-f1cf-4ad5-8579-b0d0dc6569aa@group-B4ABD9B660F0: changes role from  FOLLOWER to CANDIDATE at term 0 for changeToCandidate
2020-06-02 22:42:31,658 [Thread-176] INFO  impl.RoleInfo (RoleInfo.java:updateAndGet(143)) - 454ffaf2-f1cf-4ad5-8579-b0d0dc6569aa: start LeaderElection
2020-06-02 22:42:31,685 [454ffaf2-f1cf-4ad5-8579-b0d0dc6569aa@group-B4ABD9B660F0-LeaderElection1] INFO  impl.LeaderElection (LeaderElection.java:askForVotes(206)) - 454ffaf2-f1cf-4ad5-8579-b0d0dc6569aa@group-B4ABD9B660F0-LeaderElection1: begin an election at term 1 for -1: [454ffaf2-f1cf-4ad5-8579-b0d0dc6569aa:172.17.0.2:35775], old=null
2020-06-02 22:42:31,686 [454ffaf2-f1cf-4ad5-8579-b0d0dc6569aa@group-B4ABD9B660F0-LeaderElection1] INFO  impl.RoleInfo (RoleInfo.java:shutdownLeaderElection(134)) - 454ffaf2-f1cf-4ad5-8579-b0d0dc6569aa: shutdown LeaderElection
2020-06-02 22:42:31,687 [454ffaf2-f1cf-4ad5-8579-b0d0dc6569aa@group-B4ABD9B660F0-LeaderElection1] INFO  impl.RaftServerImpl (RaftServerImpl.java:setRole(173)) - 454ffaf2-f1cf-4ad5-8579-b0d0dc6569aa@group-B4ABD9B660F0: changes role from CANDIDATE to LEADER at term 1 for changeToLeader
2020-06-02 22:42:31,687 [454ffaf2-f1cf-4ad5-8579-b0d0dc6569aa@group-B4ABD9B660F0-LeaderElection1] INFO  ratis.XceiverServerRatis (XceiverServerRatis.java:handleLeaderChangedNotification(762)) - Leader change notification received for group: group-B4ABD9B660F0 with new leaderId: 454ffaf2-f1cf-4ad5-8579-b0d0dc6569aa
2020-06-02 22:42:31,687 [454ffaf2-f1cf-4ad5-8579-b0d0dc6569aa@group-B4ABD9B660F0-LeaderElection1] INFO  impl.RaftServerImpl (ServerState.java:setLeader(255)) - 454ffaf2-f1cf-4ad5-8579-b0d0dc6569aa@group-B4ABD9B660F0: change Leader from null to 454ffaf2-f1cf-4ad5-8579-b0d0dc6569aa at term 1 for becomeLeader, leader elected after 5168ms
2020-06-02 22:42:31,692 [454ffaf2-f1cf-4ad5-8579-b0d0dc6569aa@group-B4ABD9B660F0-LeaderElection1] INFO  server.RaftServerConfigKeys (ConfUtils.java:logGet(44)) - raft.server.staging.catchup.gap = 1000 (default)
2020-06-02 22:42:31,692 [454ffaf2-f1cf-4ad5-8579-b0d0dc6569aa@group-B4ABD9B660F0-LeaderElection1] INFO  server.RaftServerConfigKeys (ConfUtils.java:logGet(44)) - raft.server.rpc.sleep.time = 25ms (default)
2020-06-02 22:42:31,693 [454ffaf2-f1cf-4ad5-8579-b0d0dc6569aa@group-B4ABD9B660F0-LeaderElection1] INFO  metrics.RatisMetrics (RatisMetrics.java:lambda$create$0(39)) - Creating Metrics Registry : ratis.log_appender.454ffaf2-f1cf-4ad5-8579-b0d0dc6569aa@group-B4ABD9B660F0
2020-06-02 22:42:31,701 [454ffaf2-f1cf-4ad5-8579-b0d0dc6569aa@group-B4ABD9B660F0-LeaderElection1] INFO  server.RaftServerConfigKeys (ConfUtils.java:logGet(44)) - raft.server.write.element-limit = 1024 (custom)
2020-06-02 22:42:31,701 [454ffaf2-f1cf-4ad5-8579-b0d0dc6569aa@group-B4ABD9B660F0-LeaderElection1] INFO  server.RaftServerConfigKeys (ConfUtils.java:logGet(44)) - raft.server.write.byte-limit = 1073741824 (custom)
2020-06-02 22:42:31,715 [454ffaf2-f1cf-4ad5-8579-b0d0dc6569aa@group-B4ABD9B660F0-LeaderElection1] INFO  server.RaftServerConfigKeys (ConfUtils.java:logGet(44)) - raft.server.watch.timeout = 180s (custom)
2020-06-02 22:42:31,715 [454ffaf2-f1cf-4ad5-8579-b0d0dc6569aa@group-B4ABD9B660F0-LeaderElection1] INFO  server.RaftServerConfigKeys (ConfUtils.java:logGet(44)) - raft.server.watch.timeout.denomination = 1s (default)
2020-06-02 22:42:31,716 [454ffaf2-f1cf-4ad5-8579-b0d0dc6569aa@group-B4ABD9B660F0-LeaderElection1] INFO  server.RaftServerConfigKeys (ConfUtils.java:logGet(44)) - raft.server.watch.element-limit = 65536 (default)
2020-06-02 22:42:31,726 [Thread-178] INFO  impl.FollowerState (FollowerState.java:run(108)) - 454ffaf2-f1cf-4ad5-8579-b0d0dc6569aa@group-DF8CCA9D97C3-FollowerState: change to CANDIDATE, lastRpcTime:5072ms, electionTimeout:5069ms
2020-06-02 22:42:31,742 [Thread-178] INFO  impl.RoleInfo (RoleInfo.java:shutdownFollowerState(121)) - 454ffaf2-f1cf-4ad5-8579-b0d0dc6569aa: shutdown FollowerState
2020-06-02 22:42:31,742 [Thread-178] INFO  impl.RaftServerImpl (RaftServerImpl.java:setRole(173)) - 454ffaf2-f1cf-4ad5-8579-b0d0dc6569aa@group-DF8CCA9D97C3: changes role from  FOLLOWER to CANDIDATE at term 0 for changeToCandidate
2020-06-02 22:42:31,742 [Thread-178] INFO  impl.RoleInfo (RoleInfo.java:updateAndGet(143)) - 454ffaf2-f1cf-4ad5-8579-b0d0dc6569aa: start LeaderElection
2020-06-02 22:42:31,747 [454ffaf2-f1cf-4ad5-8579-b0d0dc6569aa@group-B4ABD9B660F0-LeaderElection1] INFO  impl.RoleInfo (RoleInfo.java:updateAndGet(143)) - 454ffaf2-f1cf-4ad5-8579-b0d0dc6569aa: start LeaderState
2020-06-02 22:42:31,759 [Listener at 127.0.0.1/40641] INFO  ozone.MiniOzoneClusterImpl (MiniOzoneClusterImpl.java:lambda$waitForClusterToBeReady$0(177)) - Nodes are ready. Got 3 of 3 DN Heartbeats.
2020-06-02 22:42:31,759 [Listener at 127.0.0.1/40641] INFO  ozone.MiniOzoneClusterImpl (MiniOzoneClusterImpl.java:lambda$waitForClusterToBeReady$0(180)) - Waiting for cluster to exit safe mode
2020-06-02 22:42:31,784 [454ffaf2-f1cf-4ad5-8579-b0d0dc6569aa@group-DF8CCA9D97C3-LeaderElection2] INFO  impl.LeaderElection (LeaderElection.java:askForVotes(206)) - 454ffaf2-f1cf-4ad5-8579-b0d0dc6569aa@group-DF8CCA9D97C3-LeaderElection2: begin an election at term 1 for -1: [9495edf4-c4c1-498f-b6f3-5b53a0d22e6c:172.17.0.2:41885, f827eca5-1302-485d-b40a-808f1d3616bb:172.17.0.2:41559, 454ffaf2-f1cf-4ad5-8579-b0d0dc6569aa:172.17.0.2:35775], old=null
2020-06-02 22:42:31,800 [Thread-180] INFO  impl.FollowerState (FollowerState.java:run(108)) - 9495edf4-c4c1-498f-b6f3-5b53a0d22e6c@group-5970BB7322FA-FollowerState: change to CANDIDATE, lastRpcTime:5095ms, electionTimeout:5080ms
2020-06-02 22:42:31,800 [Thread-180] INFO  impl.RoleInfo (RoleInfo.java:shutdownFollowerState(121)) - 9495edf4-c4c1-498f-b6f3-5b53a0d22e6c: shutdown FollowerState
2020-06-02 22:42:31,800 [Thread-180] INFO  impl.RaftServerImpl (RaftServerImpl.java:setRole(173)) - 9495edf4-c4c1-498f-b6f3-5b53a0d22e6c@group-5970BB7322FA: changes role from  FOLLOWER to CANDIDATE at term 0 for changeToCandidate
2020-06-02 22:42:31,833 [Thread-180] INFO  impl.RoleInfo (RoleInfo.java:updateAndGet(143)) - 9495edf4-c4c1-498f-b6f3-5b53a0d22e6c: start LeaderElection
2020-06-02 22:42:31,844 [454ffaf2-f1cf-4ad5-8579-b0d0dc6569aa@group-B4ABD9B660F0-LeaderElection1] INFO  segmented.SegmentedRaftLogWorker (SegmentedRaftLogWorker.java:startLogSegment(391)) - 454ffaf2-f1cf-4ad5-8579-b0d0dc6569aa@group-B4ABD9B660F0-SegmentedRaftLogWorker: Starting segment from index:0
2020-06-02 22:42:31,875 [9495edf4-c4c1-498f-b6f3-5b53a0d22e6c@group-5970BB7322FA-LeaderElection3] INFO  impl.LeaderElection (LeaderElection.java:askForVotes(206)) - 9495edf4-c4c1-498f-b6f3-5b53a0d22e6c@group-5970BB7322FA-LeaderElection3: begin an election at term 1 for -1: [9495edf4-c4c1-498f-b6f3-5b53a0d22e6c:172.17.0.2:41885], old=null
2020-06-02 22:42:31,883 [9495edf4-c4c1-498f-b6f3-5b53a0d22e6c@group-5970BB7322FA-LeaderElection3] INFO  impl.RoleInfo (RoleInfo.java:shutdownLeaderElection(134)) - 9495edf4-c4c1-498f-b6f3-5b53a0d22e6c: shutdown LeaderElection
2020-06-02 22:42:31,883 [9495edf4-c4c1-498f-b6f3-5b53a0d22e6c@group-5970BB7322FA-LeaderElection3] INFO  impl.RaftServerImpl (RaftServerImpl.java:setRole(173)) - 9495edf4-c4c1-498f-b6f3-5b53a0d22e6c@group-5970BB7322FA: changes role from CANDIDATE to LEADER at term 1 for changeToLeader
2020-06-02 22:42:31,883 [9495edf4-c4c1-498f-b6f3-5b53a0d22e6c@group-5970BB7322FA-LeaderElection3] INFO  ratis.XceiverServerRatis (XceiverServerRatis.java:handleLeaderChangedNotification(762)) - Leader change notification received for group: group-5970BB7322FA with new leaderId: 9495edf4-c4c1-498f-b6f3-5b53a0d22e6c
2020-06-02 22:42:31,883 [9495edf4-c4c1-498f-b6f3-5b53a0d22e6c@group-5970BB7322FA-LeaderElection3] INFO  impl.RaftServerImpl (ServerState.java:setLeader(255)) - 9495edf4-c4c1-498f-b6f3-5b53a0d22e6c@group-5970BB7322FA: change Leader from null to 9495edf4-c4c1-498f-b6f3-5b53a0d22e6c at term 1 for becomeLeader, leader elected after 5185ms
2020-06-02 22:42:31,883 [454ffaf2-f1cf-4ad5-8579-b0d0dc6569aa@group-B4ABD9B660F0-LeaderElection1] INFO  impl.RaftServerImpl (ServerState.java:setRaftConf(356)) - 454ffaf2-f1cf-4ad5-8579-b0d0dc6569aa@group-B4ABD9B660F0: set configuration 0: [454ffaf2-f1cf-4ad5-8579-b0d0dc6569aa:172.17.0.2:35775], old=null at 0
2020-06-02 22:42:31,883 [9495edf4-c4c1-498f-b6f3-5b53a0d22e6c@group-5970BB7322FA-LeaderElection3] INFO  server.RaftServerConfigKeys (ConfUtils.java:logGet(44)) - raft.server.staging.catchup.gap = 1000 (default)
2020-06-02 22:42:31,883 [9495edf4-c4c1-498f-b6f3-5b53a0d22e6c@group-5970BB7322FA-LeaderElection3] INFO  server.RaftServerConfigKeys (ConfUtils.java:logGet(44)) - raft.server.rpc.sleep.time = 25ms (default)
2020-06-02 22:42:31,883 [9495edf4-c4c1-498f-b6f3-5b53a0d22e6c@group-5970BB7322FA-LeaderElection3] INFO  metrics.RatisMetrics (RatisMetrics.java:lambda$create$0(39)) - Creating Metrics Registry : ratis.log_appender.9495edf4-c4c1-498f-b6f3-5b53a0d22e6c@group-5970BB7322FA
2020-06-02 22:42:31,883 [9495edf4-c4c1-498f-b6f3-5b53a0d22e6c@group-5970BB7322FA-LeaderElection3] INFO  server.RaftServerConfigKeys (ConfUtils.java:logGet(44)) - raft.server.write.element-limit = 1024 (custom)
2020-06-02 22:42:31,884 [9495edf4-c4c1-498f-b6f3-5b53a0d22e6c@group-5970BB7322FA-LeaderElection3] INFO  server.RaftServerConfigKeys (ConfUtils.java:logGet(44)) - raft.server.write.byte-limit = 1073741824 (custom)
2020-06-02 22:42:31,884 [9495edf4-c4c1-498f-b6f3-5b53a0d22e6c@group-5970BB7322FA-LeaderElection3] INFO  server.RaftServerConfigKeys (ConfUtils.java:logGet(44)) - raft.server.watch.timeout = 180s (custom)
2020-06-02 22:42:31,884 [9495edf4-c4c1-498f-b6f3-5b53a0d22e6c@group-5970BB7322FA-LeaderElection3] INFO  server.RaftServerConfigKeys (ConfUtils.java:logGet(44)) - raft.server.watch.timeout.denomination = 1s (default)
2020-06-02 22:42:31,884 [9495edf4-c4c1-498f-b6f3-5b53a0d22e6c@group-5970BB7322FA-LeaderElection3] INFO  server.RaftServerConfigKeys (ConfUtils.java:logGet(44)) - raft.server.watch.element-limit = 65536 (default)
2020-06-02 22:42:31,884 [9495edf4-c4c1-498f-b6f3-5b53a0d22e6c@group-5970BB7322FA-LeaderElection3] INFO  impl.RoleInfo (RoleInfo.java:updateAndGet(143)) - 9495edf4-c4c1-498f-b6f3-5b53a0d22e6c: start LeaderState
2020-06-02 22:42:31,884 [9495edf4-c4c1-498f-b6f3-5b53a0d22e6c@group-5970BB7322FA-LeaderElection3] INFO  segmented.SegmentedRaftLogWorker (SegmentedRaftLogWorker.java:startLogSegment(391)) - 9495edf4-c4c1-498f-b6f3-5b53a0d22e6c@group-5970BB7322FA-SegmentedRaftLogWorker: Starting segment from index:0
2020-06-02 22:42:31,889 [9495edf4-c4c1-498f-b6f3-5b53a0d22e6c@group-5970BB7322FA-LeaderElection3] INFO  impl.RaftServerImpl (ServerState.java:setRaftConf(356)) - 9495edf4-c4c1-498f-b6f3-5b53a0d22e6c@group-5970BB7322FA: set configuration 0: [9495edf4-c4c1-498f-b6f3-5b53a0d22e6c:172.17.0.2:41885], old=null at 0
2020-06-02 22:42:31,890 [Thread-186] INFO  impl.FollowerState (FollowerState.java:run(108)) - f827eca5-1302-485d-b40a-808f1d3616bb@group-DF8CCA9D97C3-FollowerState: change to CANDIDATE, lastRpcTime:5046ms, electionTimeout:5020ms
2020-06-02 22:42:31,891 [Thread-186] INFO  impl.RoleInfo (RoleInfo.java:shutdownFollowerState(121)) - f827eca5-1302-485d-b40a-808f1d3616bb: shutdown FollowerState
2020-06-02 22:42:31,891 [Thread-186] INFO  impl.RaftServerImpl (RaftServerImpl.java:setRole(173)) - f827eca5-1302-485d-b40a-808f1d3616bb@group-DF8CCA9D97C3: changes role from  FOLLOWER to CANDIDATE at term 0 for changeToCandidate
2020-06-02 22:42:31,891 [Thread-186] INFO  impl.RoleInfo (RoleInfo.java:updateAndGet(143)) - f827eca5-1302-485d-b40a-808f1d3616bb: start LeaderElection
2020-06-02 22:42:31,942 [Thread-182] INFO  impl.FollowerState (FollowerState.java:run(108)) - 9495edf4-c4c1-498f-b6f3-5b53a0d22e6c@group-DF8CCA9D97C3-FollowerState: change to CANDIDATE, lastRpcTime:5203ms, electionTimeout:5192ms
2020-06-02 22:42:31,942 [Thread-182] INFO  impl.RoleInfo (RoleInfo.java:shutdownFollowerState(121)) - 9495edf4-c4c1-498f-b6f3-5b53a0d22e6c: shutdown FollowerState
2020-06-02 22:42:31,942 [Thread-182] INFO  impl.RaftServerImpl (RaftServerImpl.java:setRole(173)) - 9495edf4-c4c1-498f-b6f3-5b53a0d22e6c@group-DF8CCA9D97C3: changes role from  FOLLOWER to CANDIDATE at term 0 for changeToCandidate
2020-06-02 22:42:31,942 [Thread-182] INFO  impl.RoleInfo (RoleInfo.java:updateAndGet(143)) - 9495edf4-c4c1-498f-b6f3-5b53a0d22e6c: start LeaderElection
2020-06-02 22:42:31,971 [f827eca5-1302-485d-b40a-808f1d3616bb@group-DF8CCA9D97C3-LeaderElection4] INFO  impl.LeaderElection (LeaderElection.java:askForVotes(206)) - f827eca5-1302-485d-b40a-808f1d3616bb@group-DF8CCA9D97C3-LeaderElection4: begin an election at term 1 for -1: [9495edf4-c4c1-498f-b6f3-5b53a0d22e6c:172.17.0.2:41885, f827eca5-1302-485d-b40a-808f1d3616bb:172.17.0.2:41559, 454ffaf2-f1cf-4ad5-8579-b0d0dc6569aa:172.17.0.2:35775], old=null
2020-06-02 22:42:31,973 [Thread-184] INFO  impl.FollowerState (FollowerState.java:run(108)) - f827eca5-1302-485d-b40a-808f1d3616bb@group-55234961F2D3-FollowerState: change to CANDIDATE, lastRpcTime:5183ms, electionTimeout:5169ms
2020-06-02 22:42:31,973 [Thread-184] INFO  impl.RoleInfo (RoleInfo.java:shutdownFollowerState(121)) - f827eca5-1302-485d-b40a-808f1d3616bb: shutdown FollowerState
2020-06-02 22:42:31,973 [Thread-184] INFO  impl.RaftServerImpl (RaftServerImpl.java:setRole(173)) - f827eca5-1302-485d-b40a-808f1d3616bb@group-55234961F2D3: changes role from  FOLLOWER to CANDIDATE at term 0 for changeToCandidate
2020-06-02 22:42:31,986 [Thread-184] INFO  impl.RoleInfo (RoleInfo.java:updateAndGet(143)) - f827eca5-1302-485d-b40a-808f1d3616bb: start LeaderElection
2020-06-02 22:42:32,011 [9495edf4-c4c1-498f-b6f3-5b53a0d22e6c@group-DF8CCA9D97C3-LeaderElection5] INFO  impl.LeaderElection (LeaderElection.java:askForVotes(206)) - 9495edf4-c4c1-498f-b6f3-5b53a0d22e6c@group-DF8CCA9D97C3-LeaderElection5: begin an election at term 1 for -1: [9495edf4-c4c1-498f-b6f3-5b53a0d22e6c:172.17.0.2:41885, f827eca5-1302-485d-b40a-808f1d3616bb:172.17.0.2:41559, 454ffaf2-f1cf-4ad5-8579-b0d0dc6569aa:172.17.0.2:35775], old=null
2020-06-02 22:42:32,098 [f827eca5-1302-485d-b40a-808f1d3616bb@group-55234961F2D3-LeaderElection6] INFO  impl.LeaderElection (LeaderElection.java:askForVotes(206)) - f827eca5-1302-485d-b40a-808f1d3616bb@group-55234961F2D3-LeaderElection6: begin an election at term 1 for -1: [f827eca5-1302-485d-b40a-808f1d3616bb:172.17.0.2:41559], old=null
2020-06-02 22:42:32,098 [f827eca5-1302-485d-b40a-808f1d3616bb@group-55234961F2D3-LeaderElection6] INFO  impl.RoleInfo (RoleInfo.java:shutdownLeaderElection(134)) - f827eca5-1302-485d-b40a-808f1d3616bb: shutdown LeaderElection
2020-06-02 22:42:32,098 [f827eca5-1302-485d-b40a-808f1d3616bb@group-55234961F2D3-LeaderElection6] INFO  impl.RaftServerImpl (RaftServerImpl.java:setRole(173)) - f827eca5-1302-485d-b40a-808f1d3616bb@group-55234961F2D3: changes role from CANDIDATE to LEADER at term 1 for changeToLeader
2020-06-02 22:42:32,098 [f827eca5-1302-485d-b40a-808f1d3616bb@group-55234961F2D3-LeaderElection6] INFO  ratis.XceiverServerRatis (XceiverServerRatis.java:handleLeaderChangedNotification(762)) - Leader change notification received for group: group-55234961F2D3 with new leaderId: f827eca5-1302-485d-b40a-808f1d3616bb
2020-06-02 22:42:32,098 [f827eca5-1302-485d-b40a-808f1d3616bb@group-55234961F2D3-LeaderElection6] INFO  impl.RaftServerImpl (ServerState.java:setLeader(255)) - f827eca5-1302-485d-b40a-808f1d3616bb@group-55234961F2D3: change Leader from null to f827eca5-1302-485d-b40a-808f1d3616bb at term 1 for becomeLeader, leader elected after 5322ms
2020-06-02 22:42:32,098 [f827eca5-1302-485d-b40a-808f1d3616bb@group-55234961F2D3-LeaderElection6] INFO  server.RaftServerConfigKeys (ConfUtils.java:logGet(44)) - raft.server.staging.catchup.gap = 1000 (default)
2020-06-02 22:42:32,099 [f827eca5-1302-485d-b40a-808f1d3616bb@group-55234961F2D3-LeaderElection6] INFO  server.RaftServerConfigKeys (ConfUtils.java:logGet(44)) - raft.server.rpc.sleep.time = 25ms (default)
2020-06-02 22:42:32,099 [f827eca5-1302-485d-b40a-808f1d3616bb@group-55234961F2D3-LeaderElection6] INFO  metrics.RatisMetrics (RatisMetrics.java:lambda$create$0(39)) - Creating Metrics Registry : ratis.log_appender.f827eca5-1302-485d-b40a-808f1d3616bb@group-55234961F2D3
2020-06-02 22:42:32,099 [f827eca5-1302-485d-b40a-808f1d3616bb@group-55234961F2D3-LeaderElection6] INFO  server.RaftServerConfigKeys (ConfUtils.java:logGet(44)) - raft.server.write.element-limit = 1024 (custom)
2020-06-02 22:42:32,099 [f827eca5-1302-485d-b40a-808f1d3616bb@group-55234961F2D3-LeaderElection6] INFO  server.RaftServerConfigKeys (ConfUtils.java:logGet(44)) - raft.server.write.byte-limit = 1073741824 (custom)
2020-06-02 22:42:32,100 [f827eca5-1302-485d-b40a-808f1d3616bb@group-55234961F2D3-LeaderElection6] INFO  server.RaftServerConfigKeys (ConfUtils.java:logGet(44)) - raft.server.watch.timeout = 180s (custom)
2020-06-02 22:42:32,100 [f827eca5-1302-485d-b40a-808f1d3616bb@group-55234961F2D3-LeaderElection6] INFO  server.RaftServerConfigKeys (ConfUtils.java:logGet(44)) - raft.server.watch.timeout.denomination = 1s (default)
2020-06-02 22:42:32,100 [f827eca5-1302-485d-b40a-808f1d3616bb@group-55234961F2D3-LeaderElection6] INFO  server.RaftServerConfigKeys (ConfUtils.java:logGet(44)) - raft.server.watch.element-limit = 65536 (default)
2020-06-02 22:42:32,100 [f827eca5-1302-485d-b40a-808f1d3616bb@group-55234961F2D3-LeaderElection6] INFO  impl.RoleInfo (RoleInfo.java:updateAndGet(143)) - f827eca5-1302-485d-b40a-808f1d3616bb: start LeaderState
2020-06-02 22:42:32,100 [f827eca5-1302-485d-b40a-808f1d3616bb@group-55234961F2D3-LeaderElection6] INFO  segmented.SegmentedRaftLogWorker (SegmentedRaftLogWorker.java:startLogSegment(391)) - f827eca5-1302-485d-b40a-808f1d3616bb@group-55234961F2D3-SegmentedRaftLogWorker: Starting segment from index:0
2020-06-02 22:42:32,112 [f827eca5-1302-485d-b40a-808f1d3616bb@group-55234961F2D3-LeaderElection6] INFO  impl.RaftServerImpl (ServerState.java:setRaftConf(356)) - f827eca5-1302-485d-b40a-808f1d3616bb@group-55234961F2D3: set configuration 0: [f827eca5-1302-485d-b40a-808f1d3616bb:172.17.0.2:41559], old=null at 0
2020-06-02 22:42:32,134 [f827eca5-1302-485d-b40a-808f1d3616bb@group-55234961F2D3-SegmentedRaftLogWorker] INFO  segmented.SegmentedRaftLogWorker (SegmentedRaftLogWorker.java:execute(583)) - f827eca5-1302-485d-b40a-808f1d3616bb@group-55234961F2D3-SegmentedRaftLogWorker: created new log segment /github/workspace/mnt/ozone/hadoop-ozone/integration-test/target/test-dir/MiniOzoneClusterImpl-f92f6dc5-cbf3-4a6d-9e37-1f4b99c88ef6/datanode-2/data/ratis/fb41bf30-7264-41f5-95a7-55234961f2d3/current/log_inprogress_0
2020-06-02 22:42:32,136 [9495edf4-c4c1-498f-b6f3-5b53a0d22e6c@group-5970BB7322FA-SegmentedRaftLogWorker] INFO  segmented.SegmentedRaftLogWorker (SegmentedRaftLogWorker.java:execute(583)) - 9495edf4-c4c1-498f-b6f3-5b53a0d22e6c@group-5970BB7322FA-SegmentedRaftLogWorker: created new log segment /github/workspace/mnt/ozone/hadoop-ozone/integration-test/target/test-dir/MiniOzoneClusterImpl-f92f6dc5-cbf3-4a6d-9e37-1f4b99c88ef6/datanode-1/data/ratis/00aedffe-3242-487a-9ae8-5970bb7322fa/current/log_inprogress_0
2020-06-02 22:42:32,162 [454ffaf2-f1cf-4ad5-8579-b0d0dc6569aa@group-B4ABD9B660F0-SegmentedRaftLogWorker] INFO  segmented.SegmentedRaftLogWorker (SegmentedRaftLogWorker.java:execute(583)) - 454ffaf2-f1cf-4ad5-8579-b0d0dc6569aa@group-B4ABD9B660F0-SegmentedRaftLogWorker: created new log segment /github/workspace/mnt/ozone/hadoop-ozone/integration-test/target/test-dir/MiniOzoneClusterImpl-f92f6dc5-cbf3-4a6d-9e37-1f4b99c88ef6/datanode-0/data/ratis/99f2de75-c73a-4282-b086-b4abd9b660f0/current/log_inprogress_0
2020-06-02 22:42:32,263 [454ffaf2-f1cf-4ad5-8579-b0d0dc6569aa@group-DF8CCA9D97C3-LeaderElection2] INFO  impl.LeaderElection (LeaderElection.java:logAndReturn(61)) - 454ffaf2-f1cf-4ad5-8579-b0d0dc6569aa@group-DF8CCA9D97C3-LeaderElection2: Election REJECTED; received 2 response(s) [454ffaf2-f1cf-4ad5-8579-b0d0dc6569aa<-9495edf4-c4c1-498f-b6f3-5b53a0d22e6c#0:FAIL-t1, 454ffaf2-f1cf-4ad5-8579-b0d0dc6569aa<-f827eca5-1302-485d-b40a-808f1d3616bb#0:FAIL-t1] and 0 exception(s); 454ffaf2-f1cf-4ad5-8579-b0d0dc6569aa@group-DF8CCA9D97C3:t1, leader=null, voted=454ffaf2-f1cf-4ad5-8579-b0d0dc6569aa, raftlog=454ffaf2-f1cf-4ad5-8579-b0d0dc6569aa@group-DF8CCA9D97C3-SegmentedRaftLog:OPENED:c-1,f-1,i0, conf=-1: [9495edf4-c4c1-498f-b6f3-5b53a0d22e6c:172.17.0.2:41885, f827eca5-1302-485d-b40a-808f1d3616bb:172.17.0.2:41559, 454ffaf2-f1cf-4ad5-8579-b0d0dc6569aa:172.17.0.2:35775], old=null
2020-06-02 22:42:32,264 [454ffaf2-f1cf-4ad5-8579-b0d0dc6569aa@group-DF8CCA9D97C3-LeaderElection2] INFO  impl.RaftServerImpl (RaftServerImpl.java:setRole(173)) - 454ffaf2-f1cf-4ad5-8579-b0d0dc6569aa@group-DF8CCA9D97C3: changes role from CANDIDATE to FOLLOWER at term 1 for DISCOVERED_A_NEW_TERM
2020-06-02 22:42:32,264 [454ffaf2-f1cf-4ad5-8579-b0d0dc6569aa@group-DF8CCA9D97C3-LeaderElection2] INFO  impl.RoleInfo (RoleInfo.java:shutdownLeaderElection(134)) - 454ffaf2-f1cf-4ad5-8579-b0d0dc6569aa: shutdown LeaderElection
2020-06-02 22:42:32,264 [454ffaf2-f1cf-4ad5-8579-b0d0dc6569aa@group-DF8CCA9D97C3-LeaderElection2] INFO  impl.RoleInfo (RoleInfo.java:updateAndGet(143)) - 454ffaf2-f1cf-4ad5-8579-b0d0dc6569aa: start FollowerState
2020-06-02 22:42:32,265 [f827eca5-1302-485d-b40a-808f1d3616bb@group-DF8CCA9D97C3-LeaderElection4] INFO  impl.LeaderElection (LeaderElection.java:logAndReturn(61)) - f827eca5-1302-485d-b40a-808f1d3616bb@group-DF8CCA9D97C3-LeaderElection4: Election REJECTED; received 2 response(s) [f827eca5-1302-485d-b40a-808f1d3616bb<-9495edf4-c4c1-498f-b6f3-5b53a0d22e6c#0:FAIL-t1, f827eca5-1302-485d-b40a-808f1d3616bb<-454ffaf2-f1cf-4ad5-8579-b0d0dc6569aa#0:FAIL-t1] and 0 exception(s); f827eca5-1302-485d-b40a-808f1d3616bb@group-DF8CCA9D97C3:t1, leader=null, voted=f827eca5-1302-485d-b40a-808f1d3616bb, raftlog=f827eca5-1302-485d-b40a-808f1d3616bb@group-DF8CCA9D97C3-SegmentedRaftLog:OPENED:c-1,f-1,i0, conf=-1: [9495edf4-c4c1-498f-b6f3-5b53a0d22e6c:172.17.0.2:41885, f827eca5-1302-485d-b40a-808f1d3616bb:172.17.0.2:41559, 454ffaf2-f1cf-4ad5-8579-b0d0dc6569aa:172.17.0.2:35775], old=null
2020-06-02 22:42:32,280 [f827eca5-1302-485d-b40a-808f1d3616bb@group-DF8CCA9D97C3-LeaderElection4] INFO  impl.RaftServerImpl (RaftServerImpl.java:setRole(173)) - f827eca5-1302-485d-b40a-808f1d3616bb@group-DF8CCA9D97C3: changes role from CANDIDATE to FOLLOWER at term 1 for DISCOVERED_A_NEW_TERM
2020-06-02 22:42:32,280 [f827eca5-1302-485d-b40a-808f1d3616bb@group-DF8CCA9D97C3-LeaderElection4] INFO  impl.RoleInfo (RoleInfo.java:shutdownLeaderElection(134)) - f827eca5-1302-485d-b40a-808f1d3616bb: shutdown LeaderElection
2020-06-02 22:42:32,280 [f827eca5-1302-485d-b40a-808f1d3616bb@group-DF8CCA9D97C3-LeaderElection4] INFO  impl.RoleInfo (RoleInfo.java:updateAndGet(143)) - f827eca5-1302-485d-b40a-808f1d3616bb: start FollowerState
2020-06-02 22:42:32,307 [9495edf4-c4c1-498f-b6f3-5b53a0d22e6c@group-DF8CCA9D97C3-LeaderElection5] INFO  impl.LeaderElection (LeaderElection.java:logAndReturn(61)) - 9495edf4-c4c1-498f-b6f3-5b53a0d22e6c@group-DF8CCA9D97C3-LeaderElection5: Election REJECTED; received 2 response(s) [9495edf4-c4c1-498f-b6f3-5b53a0d22e6c<-f827eca5-1302-485d-b40a-808f1d3616bb#0:FAIL-t1, 9495edf4-c4c1-498f-b6f3-5b53a0d22e6c<-454ffaf2-f1cf-4ad5-8579-b0d0dc6569aa#0:FAIL-t1] and 0 exception(s); 9495edf4-c4c1-498f-b6f3-5b53a0d22e6c@group-DF8CCA9D97C3:t1, leader=null, voted=9495edf4-c4c1-498f-b6f3-5b53a0d22e6c, raftlog=9495edf4-c4c1-498f-b6f3-5b53a0d22e6c@group-DF8CCA9D97C3-SegmentedRaftLog:OPENED:c-1,f-1,i0, conf=-1: [9495edf4-c4c1-498f-b6f3-5b53a0d22e6c:172.17.0.2:41885, f827eca5-1302-485d-b40a-808f1d3616bb:172.17.0.2:41559, 454ffaf2-f1cf-4ad5-8579-b0d0dc6569aa:172.17.0.2:35775], old=null
2020-06-02 22:42:32,323 [9495edf4-c4c1-498f-b6f3-5b53a0d22e6c@group-DF8CCA9D97C3-LeaderElection5] INFO  impl.RaftServerImpl (RaftServerImpl.java:setRole(173)) - 9495edf4-c4c1-498f-b6f3-5b53a0d22e6c@group-DF8CCA9D97C3: changes role from CANDIDATE to FOLLOWER at term 1 for DISCOVERED_A_NEW_TERM
2020-06-02 22:42:32,323 [9495edf4-c4c1-498f-b6f3-5b53a0d22e6c@group-DF8CCA9D97C3-LeaderElection5] INFO  impl.RoleInfo (RoleInfo.java:shutdownLeaderElection(134)) - 9495edf4-c4c1-498f-b6f3-5b53a0d22e6c: shutdown LeaderElection
2020-06-02 22:42:32,323 [9495edf4-c4c1-498f-b6f3-5b53a0d22e6c@group-DF8CCA9D97C3-LeaderElection5] INFO  impl.RoleInfo (RoleInfo.java:updateAndGet(143)) - 9495edf4-c4c1-498f-b6f3-5b53a0d22e6c: start FollowerState
2020-06-02 22:42:32,759 [Listener at 127.0.0.1/40641] INFO  ozone.MiniOzoneClusterImpl (MiniOzoneClusterImpl.java:lambda$waitForClusterToBeReady$0(177)) - Nodes are ready. Got 3 of 3 DN Heartbeats.
2020-06-02 22:42:32,764 [Listener at 127.0.0.1/40641] INFO  ozone.MiniOzoneClusterImpl (MiniOzoneClusterImpl.java:lambda$waitForClusterToBeReady$0(180)) - Waiting for cluster to exit safe mode
2020-06-02 22:42:33,764 [Listener at 127.0.0.1/40641] INFO  ozone.MiniOzoneClusterImpl (MiniOzoneClusterImpl.java:lambda$waitForClusterToBeReady$0(177)) - Nodes are ready. Got 3 of 3 DN Heartbeats.
2020-06-02 22:42:33,764 [Listener at 127.0.0.1/40641] INFO  ozone.MiniOzoneClusterImpl (MiniOzoneClusterImpl.java:lambda$waitForClusterToBeReady$0(180)) - Waiting for cluster to exit safe mode
2020-06-02 22:42:34,765 [Listener at 127.0.0.1/40641] INFO  ozone.MiniOzoneClusterImpl (MiniOzoneClusterImpl.java:lambda$waitForClusterToBeReady$0(177)) - Nodes are ready. Got 3 of 3 DN Heartbeats.
2020-06-02 22:42:34,765 [Listener at 127.0.0.1/40641] INFO  ozone.MiniOzoneClusterImpl (MiniOzoneClusterImpl.java:lambda$waitForClusterToBeReady$0(180)) - Waiting for cluster to exit safe mode
2020-06-02 22:42:35,765 [Listener at 127.0.0.1/40641] INFO  ozone.MiniOzoneClusterImpl (MiniOzoneClusterImpl.java:lambda$waitForClusterToBeReady$0(177)) - Nodes are ready. Got 3 of 3 DN Heartbeats.
2020-06-02 22:42:35,765 [Listener at 127.0.0.1/40641] INFO  ozone.MiniOzoneClusterImpl (MiniOzoneClusterImpl.java:lambda$waitForClusterToBeReady$0(180)) - Waiting for cluster to exit safe mode
2020-06-02 22:42:36,765 [Listener at 127.0.0.1/40641] INFO  ozone.MiniOzoneClusterImpl (MiniOzoneClusterImpl.java:lambda$waitForClusterToBeReady$0(177)) - Nodes are ready. Got 3 of 3 DN Heartbeats.
2020-06-02 22:42:36,765 [Listener at 127.0.0.1/40641] INFO  ozone.MiniOzoneClusterImpl (MiniOzoneClusterImpl.java:lambda$waitForClusterToBeReady$0(180)) - Waiting for cluster to exit safe mode
2020-06-02 22:42:37,350 [Thread-209] INFO  impl.FollowerState (FollowerState.java:run(108)) - f827eca5-1302-485d-b40a-808f1d3616bb@group-DF8CCA9D97C3-FollowerState: change to CANDIDATE, lastRpcTime:5069ms, electionTimeout:5066ms
2020-06-02 22:42:37,350 [Thread-209] INFO  impl.RoleInfo (RoleInfo.java:shutdownFollowerState(121)) - f827eca5-1302-485d-b40a-808f1d3616bb: shutdown FollowerState
2020-06-02 22:42:37,350 [Thread-209] INFO  impl.RaftServerImpl (RaftServerImpl.java:setRole(173)) - f827eca5-1302-485d-b40a-808f1d3616bb@group-DF8CCA9D97C3: changes role from  FOLLOWER to CANDIDATE at term 1 for changeToCandidate
2020-06-02 22:42:37,350 [Thread-209] INFO  impl.RoleInfo (RoleInfo.java:updateAndGet(143)) - f827eca5-1302-485d-b40a-808f1d3616bb: start LeaderElection
2020-06-02 22:42:37,396 [f827eca5-1302-485d-b40a-808f1d3616bb@group-DF8CCA9D97C3-LeaderElection7] INFO  impl.LeaderElection (LeaderElection.java:askForVotes(206)) - f827eca5-1302-485d-b40a-808f1d3616bb@group-DF8CCA9D97C3-LeaderElection7: begin an election at term 2 for -1: [9495edf4-c4c1-498f-b6f3-5b53a0d22e6c:172.17.0.2:41885, f827eca5-1302-485d-b40a-808f1d3616bb:172.17.0.2:41559, 454ffaf2-f1cf-4ad5-8579-b0d0dc6569aa:172.17.0.2:35775], old=null
2020-06-02 22:42:37,406 [Thread-210] INFO  impl.FollowerState (FollowerState.java:run(108)) - 9495edf4-c4c1-498f-b6f3-5b53a0d22e6c@group-DF8CCA9D97C3-FollowerState: change to CANDIDATE, lastRpcTime:5083ms, electionTimeout:5056ms
2020-06-02 22:42:37,407 [Thread-210] INFO  impl.RoleInfo (RoleInfo.java:shutdownFollowerState(121)) - 9495edf4-c4c1-498f-b6f3-5b53a0d22e6c: shutdown FollowerState
2020-06-02 22:42:37,407 [Thread-210] INFO  impl.RaftServerImpl (RaftServerImpl.java:setRole(173)) - 9495edf4-c4c1-498f-b6f3-5b53a0d22e6c@group-DF8CCA9D97C3: changes role from  FOLLOWER to CANDIDATE at term 1 for changeToCandidate
2020-06-02 22:42:37,414 [Thread-208] INFO  impl.FollowerState (FollowerState.java:run(108)) - 454ffaf2-f1cf-4ad5-8579-b0d0dc6569aa@group-DF8CCA9D97C3-FollowerState: change to CANDIDATE, lastRpcTime:5150ms, electionTimeout:5116ms
2020-06-02 22:42:37,415 [Thread-208] INFO  impl.RoleInfo (RoleInfo.java:shutdownFollowerState(121)) - 454ffaf2-f1cf-4ad5-8579-b0d0dc6569aa: shutdown FollowerState
2020-06-02 22:42:37,415 [Thread-208] INFO  impl.RaftServerImpl (RaftServerImpl.java:setRole(173)) - 454ffaf2-f1cf-4ad5-8579-b0d0dc6569aa@group-DF8CCA9D97C3: changes role from  FOLLOWER to CANDIDATE at term 1 for changeToCandidate
2020-06-02 22:42:37,426 [Thread-208] INFO  impl.RoleInfo (RoleInfo.java:updateAndGet(143)) - 454ffaf2-f1cf-4ad5-8579-b0d0dc6569aa: start LeaderElection
2020-06-02 22:42:37,437 [Thread-210] INFO  impl.RoleInfo (RoleInfo.java:updateAndGet(143)) - 9495edf4-c4c1-498f-b6f3-5b53a0d22e6c: start LeaderElection
2020-06-02 22:42:37,443 [grpc-default-executor-4] INFO  impl.RaftServerImpl (RaftServerImpl.java:setRole(173)) - 9495edf4-c4c1-498f-b6f3-5b53a0d22e6c@group-DF8CCA9D97C3: changes role from CANDIDATE to FOLLOWER at term 2 for recognizeCandidate:f827eca5-1302-485d-b40a-808f1d3616bb
2020-06-02 22:42:37,443 [grpc-default-executor-4] INFO  impl.RoleInfo (RoleInfo.java:shutdownLeaderElection(134)) - 9495edf4-c4c1-498f-b6f3-5b53a0d22e6c: shutdown LeaderElection
2020-06-02 22:42:37,443 [grpc-default-executor-4] INFO  impl.RoleInfo (RoleInfo.java:updateAndGet(143)) - 9495edf4-c4c1-498f-b6f3-5b53a0d22e6c: start FollowerState
2020-06-02 22:42:37,454 [454ffaf2-f1cf-4ad5-8579-b0d0dc6569aa@group-DF8CCA9D97C3-LeaderElection9] INFO  impl.LeaderElection (LeaderElection.java:askForVotes(206)) - 454ffaf2-f1cf-4ad5-8579-b0d0dc6569aa@group-DF8CCA9D97C3-LeaderElection9: begin an election at term 2 for -1: [9495edf4-c4c1-498f-b6f3-5b53a0d22e6c:172.17.0.2:41885, f827eca5-1302-485d-b40a-808f1d3616bb:172.17.0.2:41559, 454ffaf2-f1cf-4ad5-8579-b0d0dc6569aa:172.17.0.2:35775], old=null
2020-06-02 22:42:37,462 [9495edf4-c4c1-498f-b6f3-5b53a0d22e6c@group-DF8CCA9D97C3-LeaderElection8] INFO  impl.LeaderElection (LeaderElection.java:run(155)) - 9495edf4-c4c1-498f-b6f3-5b53a0d22e6c@group-DF8CCA9D97C3-LeaderElection8: skip running since this is already CLOSING
2020-06-02 22:42:37,506 [f827eca5-1302-485d-b40a-808f1d3616bb@group-DF8CCA9D97C3-LeaderElection7] INFO  impl.LeaderElection (LeaderElection.java:logAndReturn(61)) - f827eca5-1302-485d-b40a-808f1d3616bb@group-DF8CCA9D97C3-LeaderElection7: Election REJECTED; received 2 response(s) [f827eca5-1302-485d-b40a-808f1d3616bb<-9495edf4-c4c1-498f-b6f3-5b53a0d22e6c#0:FAIL-t2, f827eca5-1302-485d-b40a-808f1d3616bb<-454ffaf2-f1cf-4ad5-8579-b0d0dc6569aa#0:FAIL-t2] and 0 exception(s); f827eca5-1302-485d-b40a-808f1d3616bb@group-DF8CCA9D97C3:t2, leader=null, voted=f827eca5-1302-485d-b40a-808f1d3616bb, raftlog=f827eca5-1302-485d-b40a-808f1d3616bb@group-DF8CCA9D97C3-SegmentedRaftLog:OPENED:c-1,f-1,i0, conf=-1: [9495edf4-c4c1-498f-b6f3-5b53a0d22e6c:172.17.0.2:41885, f827eca5-1302-485d-b40a-808f1d3616bb:172.17.0.2:41559, 454ffaf2-f1cf-4ad5-8579-b0d0dc6569aa:172.17.0.2:35775], old=null
2020-06-02 22:42:37,506 [f827eca5-1302-485d-b40a-808f1d3616bb@group-DF8CCA9D97C3-LeaderElection7] INFO  impl.RaftServerImpl (RaftServerImpl.java:setRole(173)) - f827eca5-1302-485d-b40a-808f1d3616bb@group-DF8CCA9D97C3: changes role from CANDIDATE to FOLLOWER at term 2 for DISCOVERED_A_NEW_TERM
2020-06-02 22:42:37,506 [f827eca5-1302-485d-b40a-808f1d3616bb@group-DF8CCA9D97C3-LeaderElection7] INFO  impl.RoleInfo (RoleInfo.java:shutdownLeaderElection(134)) - f827eca5-1302-485d-b40a-808f1d3616bb: shutdown LeaderElection
2020-06-02 22:42:37,506 [f827eca5-1302-485d-b40a-808f1d3616bb@group-DF8CCA9D97C3-LeaderElection7] INFO  impl.RoleInfo (RoleInfo.java:updateAndGet(143)) - f827eca5-1302-485d-b40a-808f1d3616bb: start FollowerState
2020-06-02 22:42:37,520 [grpc-default-executor-3] INFO  impl.RaftServerImpl (RaftServerImpl.java:setRole(173)) - 9495edf4-c4c1-498f-b6f3-5b53a0d22e6c@group-DF8CCA9D97C3: changes role from  FOLLOWER to FOLLOWER at term 2 for recognizeCandidate:454ffaf2-f1cf-4ad5-8579-b0d0dc6569aa
2020-06-02 22:42:37,548 [grpc-default-executor-3] INFO  impl.RoleInfo (RoleInfo.java:shutdownFollowerState(121)) - 9495edf4-c4c1-498f-b6f3-5b53a0d22e6c: shutdown FollowerState
2020-06-02 22:42:37,548 [grpc-default-executor-3] INFO  impl.RoleInfo (RoleInfo.java:updateAndGet(143)) - 9495edf4-c4c1-498f-b6f3-5b53a0d22e6c: start FollowerState
2020-06-02 22:42:37,548 [Thread-216] INFO  impl.FollowerState (FollowerState.java:run(117)) - 9495edf4-c4c1-498f-b6f3-5b53a0d22e6c@group-DF8CCA9D97C3-FollowerState was interrupted: java.lang.InterruptedException: sleep interrupted
2020-06-02 22:42:37,561 [454ffaf2-f1cf-4ad5-8579-b0d0dc6569aa@group-DF8CCA9D97C3-LeaderElection9] INFO  impl.LeaderElection (LeaderElection.java:logAndReturn(61)) - 454ffaf2-f1cf-4ad5-8579-b0d0dc6569aa@group-DF8CCA9D97C3-LeaderElection9: Election PASSED; received 2 response(s) [454ffaf2-f1cf-4ad5-8579-b0d0dc6569aa<-9495edf4-c4c1-498f-b6f3-5b53a0d22e6c#0:OK-t2, 454ffaf2-f1cf-4ad5-8579-b0d0dc6569aa<-f827eca5-1302-485d-b40a-808f1d3616bb#0:FAIL-t2] and 0 exception(s); 454ffaf2-f1cf-4ad5-8579-b0d0dc6569aa@group-DF8CCA9D97C3:t2, leader=null, voted=454ffaf2-f1cf-4ad5-8579-b0d0dc6569aa, raftlog=454ffaf2-f1cf-4ad5-8579-b0d0dc6569aa@group-DF8CCA9D97C3-SegmentedRaftLog:OPENED:c-1,f-1,i0, conf=-1: [9495edf4-c4c1-498f-b6f3-5b53a0d22e6c:172.17.0.2:41885, f827eca5-1302-485d-b40a-808f1d3616bb:172.17.0.2:41559, 454ffaf2-f1cf-4ad5-8579-b0d0dc6569aa:172.17.0.2:35775], old=null
2020-06-02 22:42:37,561 [454ffaf2-f1cf-4ad5-8579-b0d0dc6569aa@group-DF8CCA9D97C3-LeaderElection9] INFO  impl.RoleInfo (RoleInfo.java:shutdownLeaderElection(134)) - 454ffaf2-f1cf-4ad5-8579-b0d0dc6569aa: shutdown LeaderElection
2020-06-02 22:42:37,561 [454ffaf2-f1cf-4ad5-8579-b0d0dc6569aa@group-DF8CCA9D97C3-LeaderElection9] INFO  impl.RaftServerImpl (RaftServerImpl.java:setRole(173)) - 454ffaf2-f1cf-4ad5-8579-b0d0dc6569aa@group-DF8CCA9D97C3: changes role from CANDIDATE to LEADER at term 2 for changeToLeader
2020-06-02 22:42:37,561 [454ffaf2-f1cf-4ad5-8579-b0d0dc6569aa@group-DF8CCA9D97C3-LeaderElection9] INFO  ratis.XceiverServerRatis (XceiverServerRatis.java:handleLeaderChangedNotification(762)) - Leader change notification received for group: group-DF8CCA9D97C3 with new leaderId: 454ffaf2-f1cf-4ad5-8579-b0d0dc6569aa
2020-06-02 22:42:37,562 [454ffaf2-f1cf-4ad5-8579-b0d0dc6569aa@group-DF8CCA9D97C3-LeaderElection9] INFO  impl.RaftServerImpl (ServerState.java:setLeader(255)) - 454ffaf2-f1cf-4ad5-8579-b0d0dc6569aa@group-DF8CCA9D97C3: change Leader from null to 454ffaf2-f1cf-4ad5-8579-b0d0dc6569aa at term 2 for becomeLeader, leader elected after 10933ms
2020-06-02 22:42:37,562 [454ffaf2-f1cf-4ad5-8579-b0d0dc6569aa@group-DF8CCA9D97C3-LeaderElection9] INFO  server.RaftServerConfigKeys (ConfUtils.java:logGet(44)) - raft.server.staging.catchup.gap = 1000 (default)
2020-06-02 22:42:37,562 [454ffaf2-f1cf-4ad5-8579-b0d0dc6569aa@group-DF8CCA9D97C3-LeaderElection9] INFO  server.RaftServerConfigKeys (ConfUtils.java:logGet(44)) - raft.server.rpc.sleep.time = 25ms (default)
2020-06-02 22:42:37,562 [454ffaf2-f1cf-4ad5-8579-b0d0dc6569aa@group-DF8CCA9D97C3-LeaderElection9] INFO  metrics.RatisMetrics (RatisMetrics.java:lambda$create$0(39)) - Creating Metrics Registry : ratis.log_appender.454ffaf2-f1cf-4ad5-8579-b0d0dc6569aa@group-DF8CCA9D97C3
2020-06-02 22:42:37,563 [454ffaf2-f1cf-4ad5-8579-b0d0dc6569aa@group-DF8CCA9D97C3-LeaderElection9] INFO  server.RaftServerConfigKeys (ConfUtils.java:logGet(44)) - raft.server.write.element-limit = 1024 (custom)
2020-06-02 22:42:37,563 [454ffaf2-f1cf-4ad5-8579-b0d0dc6569aa@group-DF8CCA9D97C3-LeaderElection9] INFO  server.RaftServerConfigKeys (ConfUtils.java:logGet(44)) - raft.server.write.byte-limit = 1073741824 (custom)
2020-06-02 22:42:37,563 [454ffaf2-f1cf-4ad5-8579-b0d0dc6569aa@group-DF8CCA9D97C3-LeaderElection9] INFO  server.RaftServerConfigKeys (ConfUtils.java:logGet(44)) - raft.server.watch.timeout = 180s (custom)
2020-06-02 22:42:37,563 [454ffaf2-f1cf-4ad5-8579-b0d0dc6569aa@group-DF8CCA9D97C3-LeaderElection9] INFO  server.RaftServerConfigKeys (ConfUtils.java:logGet(44)) - raft.server.watch.timeout.denomination = 1s (default)
2020-06-02 22:42:37,564 [454ffaf2-f1cf-4ad5-8579-b0d0dc6569aa@group-DF8CCA9D97C3-LeaderElection9] INFO  server.RaftServerConfigKeys (ConfUtils.java:logGet(44)) - raft.server.watch.element-limit = 65536 (default)
2020-06-02 22:42:37,565 [454ffaf2-f1cf-4ad5-8579-b0d0dc6569aa@group-DF8CCA9D97C3-LeaderElection9] INFO  server.RaftServerConfigKeys (ConfUtils.java:logGet(44)) - raft.server.log.appender.snapshot.chunk.size.max = 16MB (=16777216) (default)
2020-06-02 22:42:37,575 [454ffaf2-f1cf-4ad5-8579-b0d0dc6569aa@group-DF8CCA9D97C3-LeaderElection9] INFO  server.RaftServerConfigKeys (ConfUtils.java:logGet(44)) - raft.server.log.appender.buffer.byte-limit = 33554432 (custom)
2020-06-02 22:42:37,575 [454ffaf2-f1cf-4ad5-8579-b0d0dc6569aa@group-DF8CCA9D97C3-LeaderElection9] INFO  server.RaftServerConfigKeys (ConfUtils.java:logGet(44)) - raft.server.log.appender.buffer.element-limit = 1 (custom)
2020-06-02 22:42:37,577 [454ffaf2-f1cf-4ad5-8579-b0d0dc6569aa@group-DF8CCA9D97C3-LeaderElection9] INFO  grpc.GrpcConfigKeys (ConfUtils.java:logGet(44)) - raft.grpc.server.leader.outstanding.appends.max = 128 (default)
2020-06-02 22:42:37,578 [454ffaf2-f1cf-4ad5-8579-b0d0dc6569aa@group-DF8CCA9D97C3-LeaderElection9] INFO  server.RaftServerConfigKeys (ConfUtils.java:logGet(44)) - raft.server.rpc.request.timeout = 60s (custom)
2020-06-02 22:42:37,579 [454ffaf2-f1cf-4ad5-8579-b0d0dc6569aa@group-DF8CCA9D97C3-LeaderElection9] INFO  server.RaftServerConfigKeys (ConfUtils.java:logGet(44)) - raft.server.log.appender.install.snapshot.enabled = false (custom)
2020-06-02 22:42:37,582 [454ffaf2-f1cf-4ad5-8579-b0d0dc6569aa@group-DF8CCA9D97C3-LeaderElection9] INFO  server.RaftServerConfigKeys (ConfUtils.java:logGet(44)) - raft.server.log.appender.snapshot.chunk.size.max = 16MB (=16777216) (default)
2020-06-02 22:42:37,586 [454ffaf2-f1cf-4ad5-8579-b0d0dc6569aa@group-DF8CCA9D97C3-LeaderElection9] INFO  server.RaftServerConfigKeys (ConfUtils.java:logGet(44)) - raft.server.log.appender.buffer.byte-limit = 33554432 (custom)
2020-06-02 22:42:37,586 [454ffaf2-f1cf-4ad5-8579-b0d0dc6569aa@group-DF8CCA9D97C3-LeaderElection9] INFO  server.RaftServerConfigKeys (ConfUtils.java:logGet(44)) - raft.server.log.appender.buffer.element-limit = 1 (custom)
2020-06-02 22:42:37,587 [454ffaf2-f1cf-4ad5-8579-b0d0dc6569aa@group-DF8CCA9D97C3-LeaderElection9] INFO  grpc.GrpcConfigKeys (ConfUtils.java:logGet(44)) - raft.grpc.server.leader.outstanding.appends.max = 128 (default)
2020-06-02 22:42:37,587 [454ffaf2-f1cf-4ad5-8579-b0d0dc6569aa@group-DF8CCA9D97C3-LeaderElection9] INFO  server.RaftServerConfigKeys (ConfUtils.java:logGet(44)) - raft.server.rpc.request.timeout = 60s (custom)
2020-06-02 22:42:37,587 [454ffaf2-f1cf-4ad5-8579-b0d0dc6569aa@group-DF8CCA9D97C3-LeaderElection9] INFO  server.RaftServerConfigKeys (ConfUtils.java:logGet(44)) - raft.server.log.appender.install.snapshot.enabled = false (custom)
2020-06-02 22:42:37,588 [454ffaf2-f1cf-4ad5-8579-b0d0dc6569aa@group-DF8CCA9D97C3-LeaderElection9] INFO  impl.RoleInfo (RoleInfo.java:updateAndGet(143)) - 454ffaf2-f1cf-4ad5-8579-b0d0dc6569aa: start LeaderState
2020-06-02 22:42:37,598 [454ffaf2-f1cf-4ad5-8579-b0d0dc6569aa@group-DF8CCA9D97C3-LeaderElection9] INFO  segmented.SegmentedRaftLogWorker (SegmentedRaftLogWorker.java:startLogSegment(391)) - 454ffaf2-f1cf-4ad5-8579-b0d0dc6569aa@group-DF8CCA9D97C3-SegmentedRaftLogWorker: Starting segment from index:0
2020-06-02 22:42:37,600 [454ffaf2-f1cf-4ad5-8579-b0d0dc6569aa@group-DF8CCA9D97C3-SegmentedRaftLogWorker] INFO  segmented.SegmentedRaftLogWorker (SegmentedRaftLogWorker.java:execute(583)) - 454ffaf2-f1cf-4ad5-8579-b0d0dc6569aa@group-DF8CCA9D97C3-SegmentedRaftLogWorker: created new log segment /github/workspace/mnt/ozone/hadoop-ozone/integration-test/target/test-dir/MiniOzoneClusterImpl-f92f6dc5-cbf3-4a6d-9e37-1f4b99c88ef6/datanode-0/data/ratis/b06d2fc6-4d64-4b2e-a4f8-df8cca9d97c3/current/log_inprogress_0
2020-06-02 22:42:37,606 [454ffaf2-f1cf-4ad5-8579-b0d0dc6569aa@group-DF8CCA9D97C3-LeaderElection9] INFO  impl.RaftServerImpl (ServerState.java:setRaftConf(356)) - 454ffaf2-f1cf-4ad5-8579-b0d0dc6569aa@group-DF8CCA9D97C3: set configuration 0: [9495edf4-c4c1-498f-b6f3-5b53a0d22e6c:172.17.0.2:41885, f827eca5-1302-485d-b40a-808f1d3616bb:172.17.0.2:41559, 454ffaf2-f1cf-4ad5-8579-b0d0dc6569aa:172.17.0.2:35775], old=null at 0
2020-06-02 22:42:37,656 [grpc-default-executor-4] INFO  ratis.XceiverServerRatis (XceiverServerRatis.java:handleLeaderChangedNotification(762)) - Leader change notification received for group: group-DF8CCA9D97C3 with new leaderId: 454ffaf2-f1cf-4ad5-8579-b0d0dc6569aa
2020-06-02 22:42:37,657 [grpc-default-executor-4] INFO  impl.RaftServerImpl (ServerState.java:setLeader(255)) - f827eca5-1302-485d-b40a-808f1d3616bb@group-DF8CCA9D97C3: change Leader from null to 454ffaf2-f1cf-4ad5-8579-b0d0dc6569aa at term 2 for appendEntries, leader elected after 10841ms
2020-06-02 22:42:37,657 [grpc-default-executor-3] INFO  ratis.XceiverServerRatis (XceiverServerRatis.java:handleLeaderChangedNotification(762)) - Leader change notification received for group: group-DF8CCA9D97C3 with new leaderId: 454ffaf2-f1cf-4ad5-8579-b0d0dc6569aa
2020-06-02 22:42:37,658 [grpc-default-executor-3] INFO  impl.RaftServerImpl (ServerState.java:setLeader(255)) - 9495edf4-c4c1-498f-b6f3-5b53a0d22e6c@group-DF8CCA9D97C3: change Leader from null to 454ffaf2-f1cf-4ad5-8579-b0d0dc6569aa at term 2 for appendEntries, leader elected after 10929ms
2020-06-02 22:42:37,687 [grpc-default-executor-3] INFO  impl.RaftServerImpl (ServerState.java:setRaftConf(356)) - 9495edf4-c4c1-498f-b6f3-5b53a0d22e6c@group-DF8CCA9D97C3: set configuration 0: [9495edf4-c4c1-498f-b6f3-5b53a0d22e6c:172.17.0.2:41885, f827eca5-1302-485d-b40a-808f1d3616bb:172.17.0.2:41559, 454ffaf2-f1cf-4ad5-8579-b0d0dc6569aa:172.17.0.2:35775], old=null at 0
2020-06-02 22:42:37,691 [grpc-default-executor-3] INFO  segmented.SegmentedRaftLogWorker (SegmentedRaftLogWorker.java:startLogSegment(391)) - 9495edf4-c4c1-498f-b6f3-5b53a0d22e6c@group-DF8CCA9D97C3-SegmentedRaftLogWorker: Starting segment from index:0
2020-06-02 22:42:37,696 [grpc-default-executor-4] INFO  impl.RaftServerImpl (ServerState.java:setRaftConf(356)) - f827eca5-1302-485d-b40a-808f1d3616bb@group-DF8CCA9D97C3: set configuration 0: [9495edf4-c4c1-498f-b6f3-5b53a0d22e6c:172.17.0.2:41885, f827eca5-1302-485d-b40a-808f1d3616bb:172.17.0.2:41559, 454ffaf2-f1cf-4ad5-8579-b0d0dc6569aa:172.17.0.2:35775], old=null at 0
2020-06-02 22:42:37,696 [grpc-default-executor-4] INFO  segmented.SegmentedRaftLogWorker (SegmentedRaftLogWorker.java:startLogSegment(391)) - f827eca5-1302-485d-b40a-808f1d3616bb@group-DF8CCA9D97C3-SegmentedRaftLogWorker: Starting segment from index:0
2020-06-02 22:42:37,716 [f827eca5-1302-485d-b40a-808f1d3616bb@group-DF8CCA9D97C3-SegmentedRaftLogWorker] INFO  segmented.SegmentedRaftLogWorker (SegmentedRaftLogWorker.java:execute(583)) - f827eca5-1302-485d-b40a-808f1d3616bb@group-DF8CCA9D97C3-SegmentedRaftLogWorker: created new log segment /github/workspace/mnt/ozone/hadoop-ozone/integration-test/target/test-dir/MiniOzoneClusterImpl-f92f6dc5-cbf3-4a6d-9e37-1f4b99c88ef6/datanode-2/data/ratis/b06d2fc6-4d64-4b2e-a4f8-df8cca9d97c3/current/log_inprogress_0
2020-06-02 22:42:37,727 [9495edf4-c4c1-498f-b6f3-5b53a0d22e6c@group-DF8CCA9D97C3-SegmentedRaftLogWorker] INFO  segmented.SegmentedRaftLogWorker (SegmentedRaftLogWorker.java:execute(583)) - 9495edf4-c4c1-498f-b6f3-5b53a0d22e6c@group-DF8CCA9D97C3-SegmentedRaftLogWorker: created new log segment /github/workspace/mnt/ozone/hadoop-ozone/integration-test/target/test-dir/MiniOzoneClusterImpl-f92f6dc5-cbf3-4a6d-9e37-1f4b99c88ef6/datanode-1/data/ratis/b06d2fc6-4d64-4b2e-a4f8-df8cca9d97c3/current/log_inprogress_0
2020-06-02 22:42:37,766 [Listener at 127.0.0.1/40641] INFO  ozone.MiniOzoneClusterImpl (MiniOzoneClusterImpl.java:lambda$waitForClusterToBeReady$0(177)) - Nodes are ready. Got 3 of 3 DN Heartbeats.
2020-06-02 22:42:37,766 [Listener at 127.0.0.1/40641] INFO  ozone.MiniOzoneClusterImpl (MiniOzoneClusterImpl.java:lambda$waitForClusterToBeReady$0(180)) - Waiting for cluster to exit safe mode
2020-06-02 22:42:38,766 [Listener at 127.0.0.1/40641] INFO  ozone.MiniOzoneClusterImpl (MiniOzoneClusterImpl.java:lambda$waitForClusterToBeReady$0(177)) - Nodes are ready. Got 3 of 3 DN Heartbeats.
2020-06-02 22:42:38,766 [Listener at 127.0.0.1/40641] INFO  ozone.MiniOzoneClusterImpl (MiniOzoneClusterImpl.java:lambda$waitForClusterToBeReady$0(180)) - Waiting for cluster to exit safe mode
2020-06-02 22:42:39,766 [Listener at 127.0.0.1/40641] INFO  ozone.MiniOzoneClusterImpl (MiniOzoneClusterImpl.java:lambda$waitForClusterToBeReady$0(177)) - Nodes are ready. Got 3 of 3 DN Heartbeats.
2020-06-02 22:42:39,766 [Listener at 127.0.0.1/40641] INFO  ozone.MiniOzoneClusterImpl (MiniOzoneClusterImpl.java:lambda$waitForClusterToBeReady$0(180)) - Waiting for cluster to exit safe mode
2020-06-02 22:42:40,767 [Listener at 127.0.0.1/40641] INFO  ozone.MiniOzoneClusterImpl (MiniOzoneClusterImpl.java:lambda$waitForClusterToBeReady$0(177)) - Nodes are ready. Got 3 of 3 DN Heartbeats.
2020-06-02 22:42:40,767 [Listener at 127.0.0.1/40641] INFO  ozone.MiniOzoneClusterImpl (MiniOzoneClusterImpl.java:lambda$waitForClusterToBeReady$0(180)) - Waiting for cluster to exit safe mode
2020-06-02 22:42:41,767 [Listener at 127.0.0.1/40641] INFO  ozone.MiniOzoneClusterImpl (MiniOzoneClusterImpl.java:lambda$waitForClusterToBeReady$0(177)) - Nodes are ready. Got 3 of 3 DN Heartbeats.
2020-06-02 22:42:41,767 [Listener at 127.0.0.1/40641] INFO  ozone.MiniOzoneClusterImpl (MiniOzoneClusterImpl.java:lambda$waitForClusterToBeReady$0(180)) - Waiting for cluster to exit safe mode
2020-06-02 22:42:42,767 [Listener at 127.0.0.1/40641] INFO  ozone.MiniOzoneClusterImpl (MiniOzoneClusterImpl.java:lambda$waitForClusterToBeReady$0(177)) - Nodes are ready. Got 3 of 3 DN Heartbeats.
2020-06-02 22:42:42,767 [Listener at 127.0.0.1/40641] INFO  ozone.MiniOzoneClusterImpl (MiniOzoneClusterImpl.java:lambda$waitForClusterToBeReady$0(180)) - Waiting for cluster to exit safe mode
2020-06-02 22:42:43,768 [Listener at 127.0.0.1/40641] INFO  ozone.MiniOzoneClusterImpl (MiniOzoneClusterImpl.java:lambda$waitForClusterToBeReady$0(177)) - Nodes are ready. Got 3 of 3 DN Heartbeats.
2020-06-02 22:42:43,768 [Listener at 127.0.0.1/40641] INFO  ozone.MiniOzoneClusterImpl (MiniOzoneClusterImpl.java:lambda$waitForClusterToBeReady$0(180)) - Waiting for cluster to exit safe mode
2020-06-02 22:42:44,768 [Listener at 127.0.0.1/40641] INFO  ozone.MiniOzoneClusterImpl (MiniOzoneClusterImpl.java:lambda$waitForClusterToBeReady$0(177)) - Nodes are ready. Got 3 of 3 DN Heartbeats.
2020-06-02 22:42:44,768 [Listener at 127.0.0.1/40641] INFO  ozone.MiniOzoneClusterImpl (MiniOzoneClusterImpl.java:lambda$waitForClusterToBeReady$0(180)) - Waiting for cluster to exit safe mode
2020-06-02 22:42:45,768 [Listener at 127.0.0.1/40641] INFO  ozone.MiniOzoneClusterImpl (MiniOzoneClusterImpl.java:lambda$waitForClusterToBeReady$0(177)) - Nodes are ready. Got 3 of 3 DN Heartbeats.
2020-06-02 22:42:45,769 [Listener at 127.0.0.1/40641] INFO  ozone.MiniOzoneClusterImpl (MiniOzoneClusterImpl.java:lambda$waitForClusterToBeReady$0(180)) - Waiting for cluster to exit safe mode
2020-06-02 22:42:46,769 [Listener at 127.0.0.1/40641] INFO  ozone.MiniOzoneClusterImpl (MiniOzoneClusterImpl.java:lambda$waitForClusterToBeReady$0(177)) - Nodes are ready. Got 3 of 3 DN Heartbeats.
2020-06-02 22:42:46,769 [Listener at 127.0.0.1/40641] INFO  ozone.MiniOzoneClusterImpl (MiniOzoneClusterImpl.java:lambda$waitForClusterToBeReady$0(180)) - Waiting for cluster to exit safe mode
2020-06-02 22:42:47,769 [Listener at 127.0.0.1/40641] INFO  ozone.MiniOzoneClusterImpl (MiniOzoneClusterImpl.java:lambda$waitForClusterToBeReady$0(177)) - Nodes are ready. Got 3 of 3 DN Heartbeats.
2020-06-02 22:42:47,770 [Listener at 127.0.0.1/40641] INFO  ozone.MiniOzoneClusterImpl (MiniOzoneClusterImpl.java:lambda$waitForClusterToBeReady$0(180)) - Waiting for cluster to exit safe mode
2020-06-02 22:42:48,770 [Listener at 127.0.0.1/40641] INFO  ozone.MiniOzoneClusterImpl (MiniOzoneClusterImpl.java:lambda$waitForClusterToBeReady$0(177)) - Nodes are ready. Got 3 of 3 DN Heartbeats.
2020-06-02 22:42:48,770 [Listener at 127.0.0.1/40641] INFO  ozone.MiniOzoneClusterImpl (MiniOzoneClusterImpl.java:lambda$waitForClusterToBeReady$0(180)) - Waiting for cluster to exit safe mode
2020-06-02 22:42:49,770 [Listener at 127.0.0.1/40641] INFO  ozone.MiniOzoneClusterImpl (MiniOzoneClusterImpl.java:lambda$waitForClusterToBeReady$0(177)) - Nodes are ready. Got 3 of 3 DN Heartbeats.
2020-06-02 22:42:49,770 [Listener at 127.0.0.1/40641] INFO  ozone.MiniOzoneClusterImpl (MiniOzoneClusterImpl.java:lambda$waitForClusterToBeReady$0(180)) - Waiting for cluster to exit safe mode
2020-06-02 22:42:50,770 [Listener at 127.0.0.1/40641] INFO  ozone.MiniOzoneClusterImpl (MiniOzoneClusterImpl.java:lambda$waitForClusterToBeReady$0(177)) - Nodes are ready. Got 3 of 3 DN Heartbeats.
2020-06-02 22:42:50,771 [Listener at 127.0.0.1/40641] INFO  ozone.MiniOzoneClusterImpl (MiniOzoneClusterImpl.java:lambda$waitForClusterToBeReady$0(180)) - Waiting for cluster to exit safe mode
2020-06-02 22:42:51,771 [Listener at 127.0.0.1/40641] INFO  ozone.MiniOzoneClusterImpl (MiniOzoneClusterImpl.java:lambda$waitForClusterToBeReady$0(177)) - Nodes are ready. Got 3 of 3 DN Heartbeats.
2020-06-02 22:42:51,771 [Listener at 127.0.0.1/40641] INFO  ozone.MiniOzoneClusterImpl (MiniOzoneClusterImpl.java:lambda$waitForClusterToBeReady$0(180)) - Waiting for cluster to exit safe mode
2020-06-02 22:42:52,771 [Listener at 127.0.0.1/40641] INFO  ozone.MiniOzoneClusterImpl (MiniOzoneClusterImpl.java:lambda$waitForClusterToBeReady$0(177)) - Nodes are ready. Got 3 of 3 DN Heartbeats.
2020-06-02 22:42:52,771 [Listener at 127.0.0.1/40641] INFO  ozone.MiniOzoneClusterImpl (MiniOzoneClusterImpl.java:lambda$waitForClusterToBeReady$0(180)) - Waiting for cluster to exit safe mode
2020-06-02 22:42:53,772 [Listener at 127.0.0.1/40641] INFO  ozone.MiniOzoneClusterImpl (MiniOzoneClusterImpl.java:lambda$waitForClusterToBeReady$0(177)) - Nodes are ready. Got 3 of 3 DN Heartbeats.
2020-06-02 22:42:53,772 [Listener at 127.0.0.1/40641] INFO  ozone.MiniOzoneClusterImpl (MiniOzoneClusterImpl.java:lambda$waitForClusterToBeReady$0(180)) - Waiting for cluster to exit safe mode
2020-06-02 22:42:54,772 [Listener at 127.0.0.1/40641] INFO  ozone.MiniOzoneClusterImpl (MiniOzoneClusterImpl.java:lambda$waitForClusterToBeReady$0(177)) - Nodes are ready. Got 3 of 3 DN Heartbeats.
2020-06-02 22:42:54,772 [Listener at 127.0.0.1/40641] INFO  ozone.MiniOzoneClusterImpl (MiniOzoneClusterImpl.java:lambda$waitForClusterToBeReady$0(180)) - Waiting for cluster to exit safe mode
2020-06-02 22:42:55,772 [Listener at 127.0.0.1/40641] INFO  ozone.MiniOzoneClusterImpl (MiniOzoneClusterImpl.java:lambda$waitForClusterToBeReady$0(177)) - Nodes are ready. Got 3 of 3 DN Heartbeats.
2020-06-02 22:42:55,773 [Listener at 127.0.0.1/40641] INFO  ozone.MiniOzoneClusterImpl (MiniOzoneClusterImpl.java:lambda$waitForClusterToBeReady$0(180)) - Waiting for cluster to exit safe mode
2020-06-02 22:42:56,773 [Listener at 127.0.0.1/40641] INFO  ozone.MiniOzoneClusterImpl (MiniOzoneClusterImpl.java:lambda$waitForClusterToBeReady$0(177)) - Nodes are ready. Got 3 of 3 DN Heartbeats.
2020-06-02 22:42:56,774 [Listener at 127.0.0.1/40641] INFO  ozone.MiniOzoneClusterImpl (MiniOzoneClusterImpl.java:lambda$waitForClusterToBeReady$0(180)) - Waiting for cluster to exit safe mode
2020-06-02 22:42:57,774 [Listener at 127.0.0.1/40641] INFO  ozone.MiniOzoneClusterImpl (MiniOzoneClusterImpl.java:lambda$waitForClusterToBeReady$0(177)) - Nodes are ready. Got 3 of 3 DN Heartbeats.
2020-06-02 22:42:57,774 [Listener at 127.0.0.1/40641] INFO  ozone.MiniOzoneClusterImpl (MiniOzoneClusterImpl.java:lambda$waitForClusterToBeReady$0(180)) - Waiting for cluster to exit safe mode
2020-06-02 22:42:58,774 [Listener at 127.0.0.1/40641] INFO  ozone.MiniOzoneClusterImpl (MiniOzoneClusterImpl.java:lambda$waitForClusterToBeReady$0(177)) - Nodes are ready. Got 3 of 3 DN Heartbeats.
2020-06-02 22:42:58,774 [Listener at 127.0.0.1/40641] INFO  ozone.MiniOzoneClusterImpl (MiniOzoneClusterImpl.java:lambda$waitForClusterToBeReady$0(180)) - Waiting for cluster to exit safe mode
2020-06-02 22:42:59,775 [Listener at 127.0.0.1/40641] INFO  ozone.MiniOzoneClusterImpl (MiniOzoneClusterImpl.java:lambda$waitForClusterToBeReady$0(177)) - Nodes are ready. Got 3 of 3 DN Heartbeats.
2020-06-02 22:42:59,775 [Listener at 127.0.0.1/40641] INFO  ozone.MiniOzoneClusterImpl (MiniOzoneClusterImpl.java:lambda$waitForClusterToBeReady$0(180)) - Waiting for cluster to exit safe mode
2020-06-02 22:43:00,775 [Listener at 127.0.0.1/40641] INFO  ozone.MiniOzoneClusterImpl (MiniOzoneClusterImpl.java:lambda$waitForClusterToBeReady$0(177)) - Nodes are ready. Got 3 of 3 DN Heartbeats.
2020-06-02 22:43:00,775 [Listener at 127.0.0.1/40641] INFO  ozone.MiniOzoneClusterImpl (MiniOzoneClusterImpl.java:lambda$waitForClusterToBeReady$0(180)) - Waiting for cluster to exit safe mode
2020-06-02 22:43:01,775 [Listener at 127.0.0.1/40641] INFO  ozone.MiniOzoneClusterImpl (MiniOzoneClusterImpl.java:lambda$waitForClusterToBeReady$0(177)) - Nodes are ready. Got 3 of 3 DN Heartbeats.
2020-06-02 22:43:01,776 [Listener at 127.0.0.1/40641] INFO  ozone.MiniOzoneClusterImpl (MiniOzoneClusterImpl.java:lambda$waitForClusterToBeReady$0(180)) - Waiting for cluster to exit safe mode
2020-06-02 22:43:02,776 [Listener at 127.0.0.1/40641] INFO  ozone.MiniOzoneClusterImpl (MiniOzoneClusterImpl.java:lambda$waitForClusterToBeReady$0(177)) - Nodes are ready. Got 3 of 3 DN Heartbeats.
2020-06-02 22:43:02,776 [Listener at 127.0.0.1/40641] INFO  ozone.MiniOzoneClusterImpl (MiniOzoneClusterImpl.java:lambda$waitForClusterToBeReady$0(180)) - Waiting for cluster to exit safe mode
2020-06-02 22:43:03,776 [Listener at 127.0.0.1/40641] INFO  ozone.MiniOzoneClusterImpl (MiniOzoneClusterImpl.java:lambda$waitForClusterToBeReady$0(177)) - Nodes are ready. Got 3 of 3 DN Heartbeats.
2020-06-02 22:43:03,776 [Listener at 127.0.0.1/40641] INFO  ozone.MiniOzoneClusterImpl (MiniOzoneClusterImpl.java:lambda$waitForClusterToBeReady$0(180)) - Waiting for cluster to exit safe mode
2020-06-02 22:43:04,776 [Listener at 127.0.0.1/40641] INFO  ozone.MiniOzoneClusterImpl (MiniOzoneClusterImpl.java:lambda$waitForClusterToBeReady$0(177)) - Nodes are ready. Got 3 of 3 DN Heartbeats.
2020-06-02 22:43:04,777 [Listener at 127.0.0.1/40641] INFO  ozone.MiniOzoneClusterImpl (MiniOzoneClusterImpl.java:lambda$waitForClusterToBeReady$0(180)) - Waiting for cluster to exit safe mode
2020-06-02 22:43:05,777 [Listener at 127.0.0.1/40641] INFO  ozone.MiniOzoneClusterImpl (MiniOzoneClusterImpl.java:lambda$waitForClusterToBeReady$0(177)) - Nodes are ready. Got 3 of 3 DN Heartbeats.
2020-06-02 22:43:05,777 [Listener at 127.0.0.1/40641] INFO  ozone.MiniOzoneClusterImpl (MiniOzoneClusterImpl.java:lambda$waitForClusterToBeReady$0(180)) - Waiting for cluster to exit safe mode
2020-06-02 22:43:06,777 [Listener at 127.0.0.1/40641] INFO  ozone.MiniOzoneClusterImpl (MiniOzoneClusterImpl.java:lambda$waitForClusterToBeReady$0(177)) - Nodes are ready. Got 3 of 3 DN Heartbeats.
2020-06-02 22:43:06,777 [Listener at 127.0.0.1/40641] INFO  ozone.MiniOzoneClusterImpl (MiniOzoneClusterImpl.java:lambda$waitForClusterToBeReady$0(180)) - Waiting for cluster to exit safe mode
2020-06-02 22:43:07,777 [Listener at 127.0.0.1/40641] INFO  ozone.MiniOzoneClusterImpl (MiniOzoneClusterImpl.java:lambda$waitForClusterToBeReady$0(177)) - Nodes are ready. Got 3 of 3 DN Heartbeats.
2020-06-02 22:43:07,778 [Listener at 127.0.0.1/40641] INFO  ozone.MiniOzoneClusterImpl (MiniOzoneClusterImpl.java:lambda$waitForClusterToBeReady$0(180)) - Waiting for cluster to exit safe mode
2020-06-02 22:43:08,778 [Listener at 127.0.0.1/40641] INFO  ozone.MiniOzoneClusterImpl (MiniOzoneClusterImpl.java:lambda$waitForClusterToBeReady$0(177)) - Nodes are ready. Got 3 of 3 DN Heartbeats.
2020-06-02 22:43:08,778 [Listener at 127.0.0.1/40641] INFO  ozone.MiniOzoneClusterImpl (MiniOzoneClusterImpl.java:lambda$waitForClusterToBeReady$0(180)) - Waiting for cluster to exit safe mode
2020-06-02 22:43:09,778 [Listener at 127.0.0.1/40641] INFO  ozone.MiniOzoneClusterImpl (MiniOzoneClusterImpl.java:lambda$waitForClusterToBeReady$0(177)) - Nodes are ready. Got 3 of 3 DN Heartbeats.
2020-06-02 22:43:09,778 [Listener at 127.0.0.1/40641] INFO  ozone.MiniOzoneClusterImpl (MiniOzoneClusterImpl.java:lambda$waitForClusterToBeReady$0(180)) - Waiting for cluster to exit safe mode
2020-06-02 22:43:10,779 [Listener at 127.0.0.1/40641] INFO  ozone.MiniOzoneClusterImpl (MiniOzoneClusterImpl.java:lambda$waitForClusterToBeReady$0(177)) - Nodes are ready. Got 3 of 3 DN Heartbeats.
2020-06-02 22:43:10,779 [Listener at 127.0.0.1/40641] INFO  ozone.MiniOzoneClusterImpl (MiniOzoneClusterImpl.java:lambda$waitForClusterToBeReady$0(180)) - Waiting for cluster to exit safe mode
2020-06-02 22:43:11,779 [Listener at 127.0.0.1/40641] INFO  ozone.MiniOzoneClusterImpl (MiniOzoneClusterImpl.java:lambda$waitForClusterToBeReady$0(177)) - Nodes are ready. Got 3 of 3 DN Heartbeats.
2020-06-02 22:43:11,779 [Listener at 127.0.0.1/40641] INFO  ozone.MiniOzoneClusterImpl (MiniOzoneClusterImpl.java:lambda$waitForClusterToBeReady$0(180)) - Waiting for cluster to exit safe mode
2020-06-02 22:43:12,779 [Listener at 127.0.0.1/40641] INFO  ozone.MiniOzoneClusterImpl (MiniOzoneClusterImpl.java:lambda$waitForClusterToBeReady$0(177)) - Nodes are ready. Got 3 of 3 DN Heartbeats.
2020-06-02 22:43:12,779 [Listener at 127.0.0.1/40641] INFO  ozone.MiniOzoneClusterImpl (MiniOzoneClusterImpl.java:lambda$waitForClusterToBeReady$0(180)) - Waiting for cluster to exit safe mode
2020-06-02 22:43:13,780 [Listener at 127.0.0.1/40641] INFO  ozone.MiniOzoneClusterImpl (MiniOzoneClusterImpl.java:lambda$waitForClusterToBeReady$0(177)) - Nodes are ready. Got 3 of 3 DN Heartbeats.
2020-06-02 22:43:13,780 [Listener at 127.0.0.1/40641] INFO  ozone.MiniOzoneClusterImpl (MiniOzoneClusterImpl.java:lambda$waitForClusterToBeReady$0(180)) - Waiting for cluster to exit safe mode
2020-06-02 22:43:14,780 [Listener at 127.0.0.1/40641] INFO  ozone.MiniOzoneClusterImpl (MiniOzoneClusterImpl.java:lambda$waitForClusterToBeReady$0(177)) - Nodes are ready. Got 3 of 3 DN Heartbeats.
2020-06-02 22:43:14,780 [Listener at 127.0.0.1/40641] INFO  ozone.MiniOzoneClusterImpl (MiniOzoneClusterImpl.java:lambda$waitForClusterToBeReady$0(180)) - Waiting for cluster to exit safe mode
2020-06-02 22:43:15,780 [Listener at 127.0.0.1/40641] INFO  ozone.MiniOzoneClusterImpl (MiniOzoneClusterImpl.java:lambda$waitForClusterToBeReady$0(177)) - Nodes are ready. Got 3 of 3 DN Heartbeats.
2020-06-02 22:43:15,781 [Listener at 127.0.0.1/40641] INFO  ozone.MiniOzoneClusterImpl (MiniOzoneClusterImpl.java:lambda$waitForClusterToBeReady$0(180)) - Waiting for cluster to exit safe mode
2020-06-02 22:43:16,781 [Listener at 127.0.0.1/40641] INFO  ozone.MiniOzoneClusterImpl (MiniOzoneClusterImpl.java:lambda$waitForClusterToBeReady$0(177)) - Nodes are ready. Got 3 of 3 DN Heartbeats.
2020-06-02 22:43:16,781 [Listener at 127.0.0.1/40641] INFO  ozone.MiniOzoneClusterImpl (MiniOzoneClusterImpl.java:lambda$waitForClusterToBeReady$0(180)) - Waiting for cluster to exit safe mode
2020-06-02 22:43:17,781 [Listener at 127.0.0.1/40641] INFO  ozone.MiniOzoneClusterImpl (MiniOzoneClusterImpl.java:lambda$waitForClusterToBeReady$0(177)) - Nodes are ready. Got 3 of 3 DN Heartbeats.
2020-06-02 22:43:17,781 [Listener at 127.0.0.1/40641] INFO  ozone.MiniOzoneClusterImpl (MiniOzoneClusterImpl.java:lambda$waitForClusterToBeReady$0(180)) - Waiting for cluster to exit safe mode
2020-06-02 22:43:18,781 [Listener at 127.0.0.1/40641] INFO  ozone.MiniOzoneClusterImpl (MiniOzoneClusterImpl.java:lambda$waitForClusterToBeReady$0(177)) - Nodes are ready. Got 3 of 3 DN Heartbeats.
2020-06-02 22:43:18,782 [Listener at 127.0.0.1/40641] INFO  ozone.MiniOzoneClusterImpl (MiniOzoneClusterImpl.java:lambda$waitForClusterToBeReady$0(180)) - Waiting for cluster to exit safe mode
2020-06-02 22:43:19,782 [Listener at 127.0.0.1/40641] INFO  ozone.MiniOzoneClusterImpl (MiniOzoneClusterImpl.java:lambda$waitForClusterToBeReady$0(177)) - Nodes are ready. Got 3 of 3 DN Heartbeats.
2020-06-02 22:43:19,782 [Listener at 127.0.0.1/40641] INFO  ozone.MiniOzoneClusterImpl (MiniOzoneClusterImpl.java:lambda$waitForClusterToBeReady$0(180)) - Waiting for cluster to exit safe mode
2020-06-02 22:43:20,782 [Listener at 127.0.0.1/40641] INFO  ozone.MiniOzoneClusterImpl (MiniOzoneClusterImpl.java:lambda$waitForClusterToBeReady$0(177)) - Nodes are ready. Got 3 of 3 DN Heartbeats.
2020-06-02 22:43:20,782 [Listener at 127.0.0.1/40641] INFO  ozone.MiniOzoneClusterImpl (MiniOzoneClusterImpl.java:lambda$waitForClusterToBeReady$0(180)) - Waiting for cluster to exit safe mode
2020-06-02 22:43:21,782 [Listener at 127.0.0.1/40641] INFO  ozone.MiniOzoneClusterImpl (MiniOzoneClusterImpl.java:lambda$waitForClusterToBeReady$0(177)) - Nodes are ready. Got 3 of 3 DN Heartbeats.
2020-06-02 22:43:21,783 [Listener at 127.0.0.1/40641] INFO  ozone.MiniOzoneClusterImpl (MiniOzoneClusterImpl.java:lambda$waitForClusterToBeReady$0(180)) - Waiting for cluster to exit safe mode
2020-06-02 22:43:22,783 [Listener at 127.0.0.1/40641] INFO  ozone.MiniOzoneClusterImpl (MiniOzoneClusterImpl.java:lambda$waitForClusterToBeReady$0(177)) - Nodes are ready. Got 3 of 3 DN Heartbeats.
2020-06-02 22:43:22,783 [Listener at 127.0.0.1/40641] INFO  ozone.MiniOzoneClusterImpl (MiniOzoneClusterImpl.java:lambda$waitForClusterToBeReady$0(180)) - Waiting for cluster to exit safe mode
2020-06-02 22:43:23,783 [Listener at 127.0.0.1/40641] INFO  ozone.MiniOzoneClusterImpl (MiniOzoneClusterImpl.java:lambda$waitForClusterToBeReady$0(177)) - Nodes are ready. Got 3 of 3 DN Heartbeats.
2020-06-02 22:43:23,783 [Listener at 127.0.0.1/40641] INFO  ozone.MiniOzoneClusterImpl (MiniOzoneClusterImpl.java:lambda$waitForClusterToBeReady$0(180)) - Waiting for cluster to exit safe mode
2020-06-02 22:43:24,783 [Listener at 127.0.0.1/40641] INFO  ozone.MiniOzoneClusterImpl (MiniOzoneClusterImpl.java:lambda$waitForClusterToBeReady$0(177)) - Nodes are ready. Got 3 of 3 DN Heartbeats.
2020-06-02 22:43:24,784 [Listener at 127.0.0.1/40641] INFO  ozone.MiniOzoneClusterImpl (MiniOzoneClusterImpl.java:lambda$waitForClusterToBeReady$0(180)) - Waiting for cluster to exit safe mode
2020-06-02 22:43:25,784 [Listener at 127.0.0.1/40641] INFO  ozone.MiniOzoneClusterImpl (MiniOzoneClusterImpl.java:lambda$waitForClusterToBeReady$0(177)) - Nodes are ready. Got 3 of 3 DN Heartbeats.
2020-06-02 22:43:25,784 [Listener at 127.0.0.1/40641] INFO  ozone.MiniOzoneClusterImpl (MiniOzoneClusterImpl.java:lambda$waitForClusterToBeReady$0(180)) - Waiting for cluster to exit safe mode
2020-06-02 22:43:26,784 [Listener at 127.0.0.1/40641] INFO  ozone.MiniOzoneClusterImpl (MiniOzoneClusterImpl.java:lambda$waitForClusterToBeReady$0(177)) - Nodes are ready. Got 3 of 3 DN Heartbeats.
2020-06-02 22:43:26,784 [Listener at 127.0.0.1/40641] INFO  ozone.MiniOzoneClusterImpl (MiniOzoneClusterImpl.java:lambda$waitForClusterToBeReady$0(180)) - Waiting for cluster to exit safe mode
2020-06-02 22:43:27,785 [Listener at 127.0.0.1/40641] INFO  ozone.MiniOzoneClusterImpl (MiniOzoneClusterImpl.java:lambda$waitForClusterToBeReady$0(177)) - Nodes are ready. Got 3 of 3 DN Heartbeats.
2020-06-02 22:43:27,785 [Listener at 127.0.0.1/40641] INFO  ozone.MiniOzoneClusterImpl (MiniOzoneClusterImpl.java:lambda$waitForClusterToBeReady$0(180)) - Waiting for cluster to exit safe mode
2020-06-02 22:43:28,785 [Listener at 127.0.0.1/40641] INFO  ozone.MiniOzoneClusterImpl (MiniOzoneClusterImpl.java:lambda$waitForClusterToBeReady$0(177)) - Nodes are ready. Got 3 of 3 DN Heartbeats.
2020-06-02 22:43:28,785 [Listener at 127.0.0.1/40641] INFO  ozone.MiniOzoneClusterImpl (MiniOzoneClusterImpl.java:lambda$waitForClusterToBeReady$0(180)) - Waiting for cluster to exit safe mode
2020-06-02 22:43:29,785 [Listener at 127.0.0.1/40641] INFO  ozone.MiniOzoneClusterImpl (MiniOzoneClusterImpl.java:lambda$waitForClusterToBeReady$0(177)) - Nodes are ready. Got 3 of 3 DN Heartbeats.
2020-06-02 22:43:29,786 [Listener at 127.0.0.1/40641] INFO  ozone.MiniOzoneClusterImpl (MiniOzoneClusterImpl.java:lambda$waitForClusterToBeReady$0(180)) - Waiting for cluster to exit safe mode
2020-06-02 22:43:30,786 [Listener at 127.0.0.1/40641] INFO  ozone.MiniOzoneClusterImpl (MiniOzoneClusterImpl.java:lambda$waitForClusterToBeReady$0(177)) - Nodes are ready. Got 3 of 3 DN Heartbeats.
2020-06-02 22:43:30,786 [Listener at 127.0.0.1/40641] INFO  ozone.MiniOzoneClusterImpl (MiniOzoneClusterImpl.java:lambda$waitForClusterToBeReady$0(180)) - Waiting for cluster to exit safe mode
2020-06-02 22:43:31,786 [Listener at 127.0.0.1/40641] INFO  ozone.MiniOzoneClusterImpl (MiniOzoneClusterImpl.java:lambda$waitForClusterToBeReady$0(177)) - Nodes are ready. Got 3 of 3 DN Heartbeats.
2020-06-02 22:43:31,786 [Listener at 127.0.0.1/40641] INFO  ozone.MiniOzoneClusterImpl (MiniOzoneClusterImpl.java:lambda$waitForClusterToBeReady$0(180)) - Waiting for cluster to exit safe mode
2020-06-02 22:43:32,787 [Listener at 127.0.0.1/40641] INFO  ozone.MiniOzoneClusterImpl (MiniOzoneClusterImpl.java:lambda$waitForClusterToBeReady$0(177)) - Nodes are ready. Got 3 of 3 DN Heartbeats.
2020-06-02 22:43:32,787 [Listener at 127.0.0.1/40641] INFO  ozone.MiniOzoneClusterImpl (MiniOzoneClusterImpl.java:lambda$waitForClusterToBeReady$0(180)) - Waiting for cluster to exit safe mode
2020-06-02 22:43:33,787 [Listener at 127.0.0.1/40641] INFO  ozone.MiniOzoneClusterImpl (MiniOzoneClusterImpl.java:lambda$waitForClusterToBeReady$0(177)) - Nodes are ready. Got 3 of 3 DN Heartbeats.
2020-06-02 22:43:33,787 [Listener at 127.0.0.1/40641] INFO  ozone.MiniOzoneClusterImpl (MiniOzoneClusterImpl.java:lambda$waitForClusterToBeReady$0(180)) - Waiting for cluster to exit safe mode
2020-06-02 22:43:34,790 [Listener at 127.0.0.1/40641] INFO  ozone.MiniOzoneClusterImpl (MiniOzoneClusterImpl.java:lambda$waitForClusterToBeReady$0(177)) - Nodes are ready. Got 3 of 3 DN Heartbeats.
2020-06-02 22:43:34,791 [Listener at 127.0.0.1/40641] INFO  ozone.MiniOzoneClusterImpl (MiniOzoneClusterImpl.java:lambda$waitForClusterToBeReady$0(180)) - Waiting for cluster to exit safe mode
2020-06-02 22:43:35,791 [Listener at 127.0.0.1/40641] INFO  ozone.MiniOzoneClusterImpl (MiniOzoneClusterImpl.java:lambda$waitForClusterToBeReady$0(177)) - Nodes are ready. Got 3 of 3 DN Heartbeats.
2020-06-02 22:43:35,791 [Listener at 127.0.0.1/40641] INFO  ozone.MiniOzoneClusterImpl (MiniOzoneClusterImpl.java:lambda$waitForClusterToBeReady$0(180)) - Waiting for cluster to exit safe mode
2020-06-02 22:43:36,791 [Listener at 127.0.0.1/40641] INFO  ozone.MiniOzoneClusterImpl (MiniOzoneClusterImpl.java:lambda$waitForClusterToBeReady$0(177)) - Nodes are ready. Got 3 of 3 DN Heartbeats.
2020-06-02 22:43:36,791 [Listener at 127.0.0.1/40641] INFO  ozone.MiniOzoneClusterImpl (MiniOzoneClusterImpl.java:lambda$waitForClusterToBeReady$0(180)) - Waiting for cluster to exit safe mode
2020-06-02 22:43:37,791 [Listener at 127.0.0.1/40641] INFO  ozone.MiniOzoneClusterImpl (MiniOzoneClusterImpl.java:lambda$waitForClusterToBeReady$0(177)) - Nodes are ready. Got 3 of 3 DN Heartbeats.
2020-06-02 22:43:37,792 [Listener at 127.0.0.1/40641] INFO  ozone.MiniOzoneClusterImpl (MiniOzoneClusterImpl.java:lambda$waitForClusterToBeReady$0(180)) - Waiting for cluster to exit safe mode
2020-06-02 22:43:38,792 [Listener at 127.0.0.1/40641] INFO  ozone.MiniOzoneClusterImpl (MiniOzoneClusterImpl.java:lambda$waitForClusterToBeReady$0(177)) - Nodes are ready. Got 3 of 3 DN Heartbeats.
2020-06-02 22:43:38,792 [Listener at 127.0.0.1/40641] INFO  ozone.MiniOzoneClusterImpl (MiniOzoneClusterImpl.java:lambda$waitForClusterToBeReady$0(180)) - Waiting for cluster to exit safe mode
2020-06-02 22:43:39,792 [Listener at 127.0.0.1/40641] INFO  ozone.MiniOzoneClusterImpl (MiniOzoneClusterImpl.java:lambda$waitForClusterToBeReady$0(177)) - Nodes are ready. Got 3 of 3 DN Heartbeats.
2020-06-02 22:43:39,792 [Listener at 127.0.0.1/40641] INFO  ozone.MiniOzoneClusterImpl (MiniOzoneClusterImpl.java:lambda$waitForClusterToBeReady$0(180)) - Waiting for cluster to exit safe mode
2020-06-02 22:43:40,793 [Listener at 127.0.0.1/40641] INFO  ozone.MiniOzoneClusterImpl (MiniOzoneClusterImpl.java:lambda$waitForClusterToBeReady$0(177)) - Nodes are ready. Got 3 of 3 DN Heartbeats.
2020-06-02 22:43:40,793 [Listener at 127.0.0.1/40641] INFO  ozone.MiniOzoneClusterImpl (MiniOzoneClusterImpl.java:lambda$waitForClusterToBeReady$0(180)) - Waiting for cluster to exit safe mode
2020-06-02 22:43:41,793 [Listener at 127.0.0.1/40641] INFO  ozone.MiniOzoneClusterImpl (MiniOzoneClusterImpl.java:lambda$waitForClusterToBeReady$0(177)) - Nodes are ready. Got 3 of 3 DN Heartbeats.
2020-06-02 22:43:41,793 [Listener at 127.0.0.1/40641] INFO  ozone.MiniOzoneClusterImpl (MiniOzoneClusterImpl.java:lambda$waitForClusterToBeReady$0(180)) - Waiting for cluster to exit safe mode
2020-06-02 22:43:42,793 [Listener at 127.0.0.1/40641] INFO  ozone.MiniOzoneClusterImpl (MiniOzoneClusterImpl.java:lambda$waitForClusterToBeReady$0(177)) - Nodes are ready. Got 3 of 3 DN Heartbeats.
2020-06-02 22:43:42,793 [Listener at 127.0.0.1/40641] INFO  ozone.MiniOzoneClusterImpl (MiniOzoneClusterImpl.java:lambda$waitForClusterToBeReady$0(180)) - Waiting for cluster to exit safe mode
2020-06-02 22:43:43,794 [Listener at 127.0.0.1/40641] INFO  ozone.MiniOzoneClusterImpl (MiniOzoneClusterImpl.java:lambda$waitForClusterToBeReady$0(177)) - Nodes are ready. Got 3 of 3 DN Heartbeats.
2020-06-02 22:43:43,794 [Listener at 127.0.0.1/40641] INFO  ozone.MiniOzoneClusterImpl (MiniOzoneClusterImpl.java:lambda$waitForClusterToBeReady$0(180)) - Waiting for cluster to exit safe mode
2020-06-02 22:43:44,794 [Listener at 127.0.0.1/40641] INFO  ozone.MiniOzoneClusterImpl (MiniOzoneClusterImpl.java:lambda$waitForClusterToBeReady$0(177)) - Nodes are ready. Got 3 of 3 DN Heartbeats.
2020-06-02 22:43:44,794 [Listener at 127.0.0.1/40641] INFO  ozone.MiniOzoneClusterImpl (MiniOzoneClusterImpl.java:lambda$waitForClusterToBeReady$0(180)) - Waiting for cluster to exit safe mode
2020-06-02 22:43:45,794 [Listener at 127.0.0.1/40641] INFO  ozone.MiniOzoneClusterImpl (MiniOzoneClusterImpl.java:lambda$waitForClusterToBeReady$0(177)) - Nodes are ready. Got 3 of 3 DN Heartbeats.
2020-06-02 22:43:45,795 [Listener at 127.0.0.1/40641] INFO  ozone.MiniOzoneClusterImpl (MiniOzoneClusterImpl.java:lambda$waitForClusterToBeReady$0(180)) - Waiting for cluster to exit safe mode
2020-06-02 22:43:46,795 [Listener at 127.0.0.1/40641] INFO  ozone.MiniOzoneClusterImpl (MiniOzoneClusterImpl.java:lambda$waitForClusterToBeReady$0(177)) - Nodes are ready. Got 3 of 3 DN Heartbeats.
2020-06-02 22:43:46,795 [Listener at 127.0.0.1/40641] INFO  ozone.MiniOzoneClusterImpl (MiniOzoneClusterImpl.java:lambda$waitForClusterToBeReady$0(180)) - Waiting for cluster to exit safe mode
2020-06-02 22:43:47,795 [Listener at 127.0.0.1/40641] INFO  ozone.MiniOzoneClusterImpl (MiniOzoneClusterImpl.java:lambda$waitForClusterToBeReady$0(177)) - Nodes are ready. Got 3 of 3 DN Heartbeats.
2020-06-02 22:43:47,795 [Listener at 127.0.0.1/40641] INFO  ozone.MiniOzoneClusterImpl (MiniOzoneClusterImpl.java:lambda$waitForClusterToBeReady$0(180)) - Waiting for cluster to exit safe mode
2020-06-02 22:43:48,795 [Listener at 127.0.0.1/40641] INFO  ozone.MiniOzoneClusterImpl (MiniOzoneClusterImpl.java:lambda$waitForClusterToBeReady$0(177)) - Nodes are ready. Got 3 of 3 DN Heartbeats.
2020-06-02 22:43:48,796 [Listener at 127.0.0.1/40641] INFO  ozone.MiniOzoneClusterImpl (MiniOzoneClusterImpl.java:lambda$waitForClusterToBeReady$0(180)) - Waiting for cluster to exit safe mode
2020-06-02 22:43:49,796 [Listener at 127.0.0.1/40641] INFO  ozone.MiniOzoneClusterImpl (MiniOzoneClusterImpl.java:lambda$waitForClusterToBeReady$0(177)) - Nodes are ready. Got 3 of 3 DN Heartbeats.
2020-06-02 22:43:49,796 [Listener at 127.0.0.1/40641] INFO  ozone.MiniOzoneClusterImpl (MiniOzoneClusterImpl.java:lambda$waitForClusterToBeReady$0(180)) - Waiting for cluster to exit safe mode
2020-06-02 22:43:50,796 [Listener at 127.0.0.1/40641] INFO  ozone.MiniOzoneClusterImpl (MiniOzoneClusterImpl.java:lambda$waitForClusterToBeReady$0(177)) - Nodes are ready. Got 3 of 3 DN Heartbeats.
2020-06-02 22:43:50,796 [Listener at 127.0.0.1/40641] INFO  ozone.MiniOzoneClusterImpl (MiniOzoneClusterImpl.java:lambda$waitForClusterToBeReady$0(180)) - Waiting for cluster to exit safe mode
2020-06-02 22:43:51,797 [Listener at 127.0.0.1/40641] INFO  ozone.MiniOzoneClusterImpl (MiniOzoneClusterImpl.java:lambda$waitForClusterToBeReady$0(177)) - Nodes are ready. Got 3 of 3 DN Heartbeats.
2020-06-02 22:43:51,797 [Listener at 127.0.0.1/40641] INFO  ozone.MiniOzoneClusterImpl (MiniOzoneClusterImpl.java:lambda$waitForClusterToBeReady$0(180)) - Waiting for cluster to exit safe mode
2020-06-02 22:43:52,797 [Listener at 127.0.0.1/40641] INFO  ozone.MiniOzoneClusterImpl (MiniOzoneClusterImpl.java:lambda$waitForClusterToBeReady$0(177)) - Nodes are ready. Got 3 of 3 DN Heartbeats.
2020-06-02 22:43:52,797 [Listener at 127.0.0.1/40641] INFO  ozone.MiniOzoneClusterImpl (MiniOzoneClusterImpl.java:lambda$waitForClusterToBeReady$0(180)) - Waiting for cluster to exit safe mode
2020-06-02 22:43:53,797 [Listener at 127.0.0.1/40641] INFO  ozone.MiniOzoneClusterImpl (MiniOzoneClusterImpl.java:lambda$waitForClusterToBeReady$0(177)) - Nodes are ready. Got 3 of 3 DN Heartbeats.
2020-06-02 22:43:53,797 [Listener at 127.0.0.1/40641] INFO  ozone.MiniOzoneClusterImpl (MiniOzoneClusterImpl.java:lambda$waitForClusterToBeReady$0(180)) - Waiting for cluster to exit safe mode
2020-06-02 22:43:54,798 [Listener at 127.0.0.1/40641] INFO  ozone.MiniOzoneClusterImpl (MiniOzoneClusterImpl.java:lambda$waitForClusterToBeReady$0(177)) - Nodes are ready. Got 3 of 3 DN Heartbeats.
2020-06-02 22:43:54,798 [Listener at 127.0.0.1/40641] INFO  ozone.MiniOzoneClusterImpl (MiniOzoneClusterImpl.java:lambda$waitForClusterToBeReady$0(180)) - Waiting for cluster to exit safe mode
2020-06-02 22:43:55,798 [Listener at 127.0.0.1/40641] INFO  ozone.MiniOzoneClusterImpl (MiniOzoneClusterImpl.java:lambda$waitForClusterToBeReady$0(177)) - Nodes are ready. Got 3 of 3 DN Heartbeats.
2020-06-02 22:43:55,798 [Listener at 127.0.0.1/40641] INFO  ozone.MiniOzoneClusterImpl (MiniOzoneClusterImpl.java:lambda$waitForClusterToBeReady$0(180)) - Waiting for cluster to exit safe mode
2020-06-02 22:43:56,798 [Listener at 127.0.0.1/40641] INFO  ozone.MiniOzoneClusterImpl (MiniOzoneClusterImpl.java:lambda$waitForClusterToBeReady$0(177)) - Nodes are ready. Got 3 of 3 DN Heartbeats.
2020-06-02 22:43:56,799 [Listener at 127.0.0.1/40641] INFO  ozone.MiniOzoneClusterImpl (MiniOzoneClusterImpl.java:lambda$waitForClusterToBeReady$0(180)) - Waiting for cluster to exit safe mode
2020-06-02 22:43:57,799 [Listener at 127.0.0.1/40641] INFO  ozone.MiniOzoneClusterImpl (MiniOzoneClusterImpl.java:lambda$waitForClusterToBeReady$0(177)) - Nodes are ready. Got 3 of 3 DN Heartbeats.
2020-06-02 22:43:57,799 [Listener at 127.0.0.1/40641] INFO  ozone.MiniOzoneClusterImpl (MiniOzoneClusterImpl.java:lambda$waitForClusterToBeReady$0(180)) - Waiting for cluster to exit safe mode
2020-06-02 22:43:58,799 [Listener at 127.0.0.1/40641] INFO  ozone.MiniOzoneClusterImpl (MiniOzoneClusterImpl.java:lambda$waitForClusterToBeReady$0(177)) - Nodes are ready. Got 3 of 3 DN Heartbeats.
2020-06-02 22:43:58,799 [Listener at 127.0.0.1/40641] INFO  ozone.MiniOzoneClusterImpl (MiniOzoneClusterImpl.java:lambda$waitForClusterToBeReady$0(180)) - Waiting for cluster to exit safe mode
2020-06-02 22:43:59,799 [Listener at 127.0.0.1/40641] INFO  ozone.MiniOzoneClusterImpl (MiniOzoneClusterImpl.java:lambda$waitForClusterToBeReady$0(177)) - Nodes are ready. Got 3 of 3 DN Heartbeats.
2020-06-02 22:43:59,800 [Listener at 127.0.0.1/40641] INFO  ozone.MiniOzoneClusterImpl (MiniOzoneClusterImpl.java:lambda$waitForClusterToBeReady$0(180)) - Waiting for cluster to exit safe mode
2020-06-02 22:44:00,800 [Listener at 127.0.0.1/40641] INFO  ozone.MiniOzoneClusterImpl (MiniOzoneClusterImpl.java:lambda$waitForClusterToBeReady$0(177)) - Nodes are ready. Got 3 of 3 DN Heartbeats.
2020-06-02 22:44:00,800 [Listener at 127.0.0.1/40641] INFO  ozone.MiniOzoneClusterImpl (MiniOzoneClusterImpl.java:lambda$waitForClusterToBeReady$0(180)) - Waiting for cluster to exit safe mode
2020-06-02 22:44:01,800 [Listener at 127.0.0.1/40641] INFO  ozone.MiniOzoneClusterImpl (MiniOzoneClusterImpl.java:lambda$waitForClusterToBeReady$0(177)) - Nodes are ready. Got 3 of 3 DN Heartbeats.
2020-06-02 22:44:01,800 [Listener at 127.0.0.1/40641] INFO  ozone.MiniOzoneClusterImpl (MiniOzoneClusterImpl.java:lambda$waitForClusterToBeReady$0(180)) - Waiting for cluster to exit safe mode
2020-06-02 22:44:02,801 [Listener at 127.0.0.1/40641] INFO  ozone.MiniOzoneClusterImpl (MiniOzoneClusterImpl.java:lambda$waitForClusterToBeReady$0(177)) - Nodes are ready. Got 3 of 3 DN Heartbeats.
2020-06-02 22:44:02,801 [Listener at 127.0.0.1/40641] INFO  ozone.MiniOzoneClusterImpl (MiniOzoneClusterImpl.java:lambda$waitForClusterToBeReady$0(180)) - Waiting for cluster to exit safe mode
2020-06-02 22:44:03,801 [Listener at 127.0.0.1/40641] INFO  ozone.MiniOzoneClusterImpl (MiniOzoneClusterImpl.java:lambda$waitForClusterToBeReady$0(177)) - Nodes are ready. Got 3 of 3 DN Heartbeats.
2020-06-02 22:44:03,801 [Listener at 127.0.0.1/40641] INFO  ozone.MiniOzoneClusterImpl (MiniOzoneClusterImpl.java:lambda$waitForClusterToBeReady$0(180)) - Waiting for cluster to exit safe mode
2020-06-02 22:44:04,801 [Listener at 127.0.0.1/40641] INFO  ozone.MiniOzoneClusterImpl (MiniOzoneClusterImpl.java:lambda$waitForClusterToBeReady$0(177)) - Nodes are ready. Got 3 of 3 DN Heartbeats.
2020-06-02 22:44:04,802 [Listener at 127.0.0.1/40641] INFO  ozone.MiniOzoneClusterImpl (MiniOzoneClusterImpl.java:lambda$waitForClusterToBeReady$0(180)) - Waiting for cluster to exit safe mode
2020-06-02 22:44:05,802 [Listener at 127.0.0.1/40641] INFO  ozone.MiniOzoneClusterImpl (MiniOzoneClusterImpl.java:lambda$waitForClusterToBeReady$0(177)) - Nodes are ready. Got 3 of 3 DN Heartbeats.
2020-06-02 22:44:05,802 [Listener at 127.0.0.1/40641] INFO  ozone.MiniOzoneClusterImpl (MiniOzoneClusterImpl.java:lambda$waitForClusterToBeReady$0(180)) - Waiting for cluster to exit safe mode
2020-06-02 22:44:06,555 [EventQueue-StaleNodeForStaleNodeHandler] INFO  node.StaleNodeHandler (StaleNodeHandler.java:onMessage(58)) - Datanode 454ffaf2-f1cf-4ad5-8579-b0d0dc6569aa{ip: 172.17.0.2, host: 4c74825c5481, networkLocation: /default-rack, certSerialId: null} moved to stale state. Finalizing its pipelines [PipelineID=99f2de75-c73a-4282-b086-b4abd9b660f0, PipelineID=b06d2fc6-4d64-4b2e-a4f8-df8cca9d97c3]
2020-06-02 22:44:06,556 [EventQueue-StaleNodeForStaleNodeHandler] INFO  pipeline.SCMPipelineManager (SCMPipelineManager.java:finalizeAndDestroyPipeline(397)) - Destroying pipeline:Pipeline[ Id: 99f2de75-c73a-4282-b086-b4abd9b660f0, Nodes: 454ffaf2-f1cf-4ad5-8579-b0d0dc6569aa{ip: 172.17.0.2, host: 4c74825c5481, networkLocation: /default-rack, certSerialId: null}, Type:RATIS, Factor:ONE, State:ALLOCATED, leaderId:null, CreationTimestamp2020-06-02T22:42:23.494Z]
2020-06-02 22:44:06,561 [EventQueue-StaleNodeForStaleNodeHandler] INFO  pipeline.PipelineStateManager (PipelineStateManager.java:finalizePipeline(120)) - Pipeline Pipeline[ Id: 99f2de75-c73a-4282-b086-b4abd9b660f0, Nodes: 454ffaf2-f1cf-4ad5-8579-b0d0dc6569aa{ip: 172.17.0.2, host: 4c74825c5481, networkLocation: /default-rack, certSerialId: null}, Type:RATIS, Factor:ONE, State:CLOSED, leaderId:null, CreationTimestamp2020-06-02T22:42:23.494Z] moved to CLOSED state
2020-06-02 22:44:06,565 [EventQueue-StaleNodeForStaleNodeHandler] INFO  pipeline.SCMPipelineManager (SCMPipelineManager.java:finalizeAndDestroyPipeline(397)) - Destroying pipeline:Pipeline[ Id: b06d2fc6-4d64-4b2e-a4f8-df8cca9d97c3, Nodes: 454ffaf2-f1cf-4ad5-8579-b0d0dc6569aa{ip: 172.17.0.2, host: 4c74825c5481, networkLocation: /default-rack, certSerialId: null}9495edf4-c4c1-498f-b6f3-5b53a0d22e6c{ip: 172.17.0.2, host: 4c74825c5481, networkLocation: /default-rack, certSerialId: null}f827eca5-1302-485d-b40a-808f1d3616bb{ip: 172.17.0.2, host: 4c74825c5481, networkLocation: /default-rack, certSerialId: null}, Type:RATIS, Factor:THREE, State:ALLOCATED, leaderId:null, CreationTimestamp2020-06-02T22:42:23.744Z]
2020-06-02 22:44:06,565 [EventQueue-StaleNodeForStaleNodeHandler] INFO  pipeline.PipelineStateManager (PipelineStateManager.java:finalizePipeline(120)) - Pipeline Pipeline[ Id: b06d2fc6-4d64-4b2e-a4f8-df8cca9d97c3, Nodes: 454ffaf2-f1cf-4ad5-8579-b0d0dc6569aa{ip: 172.17.0.2, host: 4c74825c5481, networkLocation: /default-rack, certSerialId: null}9495edf4-c4c1-498f-b6f3-5b53a0d22e6c{ip: 172.17.0.2, host: 4c74825c5481, networkLocation: /default-rack, certSerialId: null}f827eca5-1302-485d-b40a-808f1d3616bb{ip: 172.17.0.2, host: 4c74825c5481, networkLocation: /default-rack, certSerialId: null}, Type:RATIS, Factor:THREE, State:CLOSED, leaderId:null, CreationTimestamp2020-06-02T22:42:23.744Z] moved to CLOSED state
2020-06-02 22:44:06,755 [EventQueue-StaleNodeForStaleNodeHandler] INFO  node.StaleNodeHandler (StaleNodeHandler.java:onMessage(58)) - Datanode 9495edf4-c4c1-498f-b6f3-5b53a0d22e6c{ip: 172.17.0.2, host: 4c74825c5481, networkLocation: /default-rack, certSerialId: null} moved to stale state. Finalizing its pipelines [PipelineID=00aedffe-3242-487a-9ae8-5970bb7322fa, PipelineID=b06d2fc6-4d64-4b2e-a4f8-df8cca9d97c3]
2020-06-02 22:44:06,755 [EventQueue-StaleNodeForStaleNodeHandler] INFO  pipeline.SCMPipelineManager (SCMPipelineManager.java:finalizeAndDestroyPipeline(397)) - Destroying pipeline:Pipeline[ Id: 00aedffe-3242-487a-9ae8-5970bb7322fa, Nodes: 9495edf4-c4c1-498f-b6f3-5b53a0d22e6c{ip: 172.17.0.2, host: 4c74825c5481, networkLocation: /default-rack, certSerialId: null}, Type:RATIS, Factor:ONE, State:ALLOCATED, leaderId:null, CreationTimestamp2020-06-02T22:42:23.664Z]
2020-06-02 22:44:06,755 [EventQueue-StaleNodeForStaleNodeHandler] INFO  pipeline.PipelineStateManager (PipelineStateManager.java:finalizePipeline(120)) - Pipeline Pipeline[ Id: 00aedffe-3242-487a-9ae8-5970bb7322fa, Nodes: 9495edf4-c4c1-498f-b6f3-5b53a0d22e6c{ip: 172.17.0.2, host: 4c74825c5481, networkLocation: /default-rack, certSerialId: null}, Type:RATIS, Factor:ONE, State:CLOSED, leaderId:null, CreationTimestamp2020-06-02T22:42:23.664Z] moved to CLOSED state
2020-06-02 22:44:06,755 [EventQueue-StaleNodeForStaleNodeHandler] INFO  pipeline.SCMPipelineManager (SCMPipelineManager.java:finalizeAndDestroyPipeline(397)) - Destroying pipeline:Pipeline[ Id: b06d2fc6-4d64-4b2e-a4f8-df8cca9d97c3, Nodes: 454ffaf2-f1cf-4ad5-8579-b0d0dc6569aa{ip: 172.17.0.2, host: 4c74825c5481, networkLocation: /default-rack, certSerialId: null}9495edf4-c4c1-498f-b6f3-5b53a0d22e6c{ip: 172.17.0.2, host: 4c74825c5481, networkLocation: /default-rack, certSerialId: null}f827eca5-1302-485d-b40a-808f1d3616bb{ip: 172.17.0.2, host: 4c74825c5481, networkLocation: /default-rack, certSerialId: null}, Type:RATIS, Factor:THREE, State:CLOSED, leaderId:null, CreationTimestamp2020-06-02T22:42:23.744Z]
2020-06-02 22:44:06,755 [EventQueue-StaleNodeForStaleNodeHandler] INFO  node.StaleNodeHandler (StaleNodeHandler.java:onMessage(58)) - Datanode f827eca5-1302-485d-b40a-808f1d3616bb{ip: 172.17.0.2, host: 4c74825c5481, networkLocation: /default-rack, certSerialId: null} moved to stale state. Finalizing its pipelines [PipelineID=fb41bf30-7264-41f5-95a7-55234961f2d3, PipelineID=b06d2fc6-4d64-4b2e-a4f8-df8cca9d97c3]
2020-06-02 22:44:06,756 [EventQueue-StaleNodeForStaleNodeHandler] INFO  pipeline.SCMPipelineManager (SCMPipelineManager.java:finalizeAndDestroyPipeline(397)) - Destroying pipeline:Pipeline[ Id: fb41bf30-7264-41f5-95a7-55234961f2d3, Nodes: f827eca5-1302-485d-b40a-808f1d3616bb{ip: 172.17.0.2, host: 4c74825c5481, networkLocation: /default-rack, certSerialId: null}, Type:RATIS, Factor:ONE, State:ALLOCATED, leaderId:null, CreationTimestamp2020-06-02T22:42:23.740Z]
2020-06-02 22:44:06,756 [EventQueue-StaleNodeForStaleNodeHandler] INFO  pipeline.PipelineStateManager (PipelineStateManager.java:finalizePipeline(120)) - Pipeline Pipeline[ Id: fb41bf30-7264-41f5-95a7-55234961f2d3, Nodes: f827eca5-1302-485d-b40a-808f1d3616bb{ip: 172.17.0.2, host: 4c74825c5481, networkLocation: /default-rack, certSerialId: null}, Type:RATIS, Factor:ONE, State:CLOSED, leaderId:null, CreationTimestamp2020-06-02T22:42:23.740Z] moved to CLOSED state
2020-06-02 22:44:06,756 [EventQueue-StaleNodeForStaleNodeHandler] INFO  pipeline.SCMPipelineManager (SCMPipelineManager.java:finalizeAndDestroyPipeline(397)) - Destroying pipeline:Pipeline[ Id: b06d2fc6-4d64-4b2e-a4f8-df8cca9d97c3, Nodes: 454ffaf2-f1cf-4ad5-8579-b0d0dc6569aa{ip: 172.17.0.2, host: 4c74825c5481, networkLocation: /default-rack, certSerialId: null}9495edf4-c4c1-498f-b6f3-5b53a0d22e6c{ip: 172.17.0.2, host: 4c74825c5481, networkLocation: /default-rack, certSerialId: null}f827eca5-1302-485d-b40a-808f1d3616bb{ip: 172.17.0.2, host: 4c74825c5481, networkLocation: /default-rack, certSerialId: null}, Type:RATIS, Factor:THREE, State:CLOSED, leaderId:null, CreationTimestamp2020-06-02T22:42:23.744Z]
2020-06-02 22:44:06,802 [Listener at 127.0.0.1/40641] INFO  ozone.MiniOzoneClusterImpl (MiniOzoneClusterImpl.java:lambda$waitForClusterToBeReady$0(177)) - Waiting for nodes to be ready. Got 0 of 3 DN Heartbeats.
2020-06-02 22:44:06,808 [Listener at 127.0.0.1/40641] INFO  ozone.MiniOzoneClusterImpl (MiniOzoneClusterImpl.java:lambda$waitForClusterToBeReady$0(180)) - Waiting for cluster to exit safe mode
2020-06-02 22:44:07,808 [Listener at 127.0.0.1/40641] INFO  ozone.MiniOzoneClusterImpl (MiniOzoneClusterImpl.java:lambda$waitForClusterToBeReady$0(177)) - Waiting for nodes to be ready. Got 0 of 3 DN Heartbeats.
2020-06-02 22:44:07,808 [Listener at 127.0.0.1/40641] INFO  ozone.MiniOzoneClusterImpl (MiniOzoneClusterImpl.java:lambda$waitForClusterToBeReady$0(180)) - Waiting for cluster to exit safe mode
2020-06-02 22:44:08,809 [Listener at 127.0.0.1/40641] INFO  ozone.MiniOzoneClusterImpl (MiniOzoneClusterImpl.java:lambda$waitForClusterToBeReady$0(177)) - Waiting for nodes to be ready. Got 0 of 3 DN Heartbeats.
2020-06-02 22:44:08,809 [Listener at 127.0.0.1/40641] INFO  ozone.MiniOzoneClusterImpl (MiniOzoneClusterImpl.java:lambda$waitForClusterToBeReady$0(180)) - Waiting for cluster to exit safe mode
2020-06-02 22:44:09,811 [Listener at 127.0.0.1/40641] INFO  ozone.MiniOzoneClusterImpl (MiniOzoneClusterImpl.java:lambda$waitForClusterToBeReady$0(177)) - Waiting for nodes to be ready. Got 0 of 3 DN Heartbeats.
2020-06-02 22:44:09,811 [Listener at 127.0.0.1/40641] INFO  ozone.MiniOzoneClusterImpl (MiniOzoneClusterImpl.java:lambda$waitForClusterToBeReady$0(180)) - Waiting for cluster to exit safe mode
2020-06-02 22:44:10,811 [Listener at 127.0.0.1/40641] INFO  ozone.MiniOzoneClusterImpl (MiniOzoneClusterImpl.java:lambda$waitForClusterToBeReady$0(177)) - Waiting for nodes to be ready. Got 0 of 3 DN Heartbeats.
2020-06-02 22:44:10,812 [Listener at 127.0.0.1/40641] INFO  ozone.MiniOzoneClusterImpl (MiniOzoneClusterImpl.java:lambda$waitForClusterToBeReady$0(180)) - Waiting for cluster to exit safe mode
2020-06-02 22:44:11,812 [Listener at 127.0.0.1/40641] INFO  ozone.MiniOzoneClusterImpl (MiniOzoneClusterImpl.java:lambda$waitForClusterToBeReady$0(177)) - Waiting for nodes to be ready. Got 0 of 3 DN Heartbeats.
2020-06-02 22:44:11,812 [Listener at 127.0.0.1/40641] INFO  ozone.MiniOzoneClusterImpl (MiniOzoneClusterImpl.java:lambda$waitForClusterToBeReady$0(180)) - Waiting for cluster to exit safe mode
2020-06-02 22:44:12,812 [Listener at 127.0.0.1/40641] INFO  ozone.MiniOzoneClusterImpl (MiniOzoneClusterImpl.java:lambda$waitForClusterToBeReady$0(177)) - Waiting for nodes to be ready. Got 0 of 3 DN Heartbeats.
2020-06-02 22:44:12,812 [Listener at 127.0.0.1/40641] INFO  ozone.MiniOzoneClusterImpl (MiniOzoneClusterImpl.java:lambda$waitForClusterToBeReady$0(180)) - Waiting for cluster to exit safe mode
2020-06-02 22:44:13,813 [Listener at 127.0.0.1/40641] INFO  ozone.MiniOzoneClusterImpl (MiniOzoneClusterImpl.java:lambda$waitForClusterToBeReady$0(177)) - Waiting for nodes to be ready. Got 0 of 3 DN Heartbeats.
2020-06-02 22:44:13,813 [Listener at 127.0.0.1/40641] INFO  ozone.MiniOzoneClusterImpl (MiniOzoneClusterImpl.java:lambda$waitForClusterToBeReady$0(180)) - Waiting for cluster to exit safe mode
2020-06-02 22:44:14,813 [Listener at 127.0.0.1/40641] INFO  ozone.MiniOzoneClusterImpl (MiniOzoneClusterImpl.java:lambda$waitForClusterToBeReady$0(177)) - Waiting for nodes to be ready. Got 0 of 3 DN Heartbeats.
2020-06-02 22:44:14,813 [Listener at 127.0.0.1/40641] INFO  ozone.MiniOzoneClusterImpl (MiniOzoneClusterImpl.java:lambda$waitForClusterToBeReady$0(180)) - Waiting for cluster to exit safe mode
2020-06-02 22:44:15,813 [Listener at 127.0.0.1/40641] INFO  ozone.MiniOzoneClusterImpl (MiniOzoneClusterImpl.java:lambda$waitForClusterToBeReady$0(177)) - Waiting for nodes to be ready. Got 0 of 3 DN Heartbeats.
2020-06-02 22:44:15,814 [Listener at 127.0.0.1/40641] INFO  ozone.MiniOzoneClusterImpl (MiniOzoneClusterImpl.java:lambda$waitForClusterToBeReady$0(180)) - Waiting for cluster to exit safe mode
2020-06-02 22:44:16,544 [RatisPipelineUtilsThread] ERROR pipeline.SCMPipelineManager (SCMPipelineManager.java:createPipeline(222)) - Failed to create pipeline of type RATIS and factor ONE. Exception: Cannot create pipeline of factor 1 using 0 nodes. Used 0 nodes. Healthy nodes 0
2020-06-02 22:44:16,547 [RatisPipelineUtilsThread] WARN  pipeline.PipelinePlacementPolicy (PipelinePlacementPolicy.java:filterViableNodes(133)) - Pipeline creation failed due to no sufficient healthy datanodes. Required 3. Found 0.
2020-06-02 22:44:16,548 [RatisPipelineUtilsThread] ERROR pipeline.SCMPipelineManager (SCMPipelineManager.java:createPipeline(222)) - Failed to create pipeline of type RATIS and factor THREE. Exception: Pipeline creation failed due to no sufficient healthy datanodes. Required 3. Found 0.
2020-06-02 22:44:16,814 [Listener at 127.0.0.1/40641] INFO  ozone.MiniOzoneClusterImpl (MiniOzoneClusterImpl.java:lambda$waitForClusterToBeReady$0(177)) - Waiting for nodes to be ready. Got 0 of 3 DN Heartbeats.
2020-06-02 22:44:16,814 [Listener at 127.0.0.1/40641] INFO  ozone.MiniOzoneClusterImpl (MiniOzoneClusterImpl.java:lambda$waitForClusterToBeReady$0(180)) - Waiting for cluster to exit safe mode
2020-06-02 22:44:17,814 [Listener at 127.0.0.1/40641] INFO  ozone.MiniOzoneClusterImpl (MiniOzoneClusterImpl.java:lambda$waitForClusterToBeReady$0(177)) - Waiting for nodes to be ready. Got 0 of 3 DN Heartbeats.
2020-06-02 22:44:17,814 [Listener at 127.0.0.1/40641] INFO  ozone.MiniOzoneClusterImpl (MiniOzoneClusterImpl.java:lambda$waitForClusterToBeReady$0(180)) - Waiting for cluster to exit safe mode
2020-06-02 22:44:18,814 [Listener at 127.0.0.1/40641] INFO  ozone.MiniOzoneClusterImpl (MiniOzoneClusterImpl.java:lambda$waitForClusterToBeReady$0(177)) - Waiting for nodes to be ready. Got 0 of 3 DN Heartbeats.
2020-06-02 22:44:18,815 [Listener at 127.0.0.1/40641] INFO  ozone.MiniOzoneClusterImpl (MiniOzoneClusterImpl.java:lambda$waitForClusterToBeReady$0(180)) - Waiting for cluster to exit safe mode
2020-06-02 22:44:19,815 [Listener at 127.0.0.1/40641] INFO  ozone.MiniOzoneClusterImpl (MiniOzoneClusterImpl.java:lambda$waitForClusterToBeReady$0(177)) - Waiting for nodes to be ready. Got 0 of 3 DN Heartbeats.
2020-06-02 22:44:19,815 [Listener at 127.0.0.1/40641] INFO  ozone.MiniOzoneClusterImpl (MiniOzoneClusterImpl.java:lambda$waitForClusterToBeReady$0(180)) - Waiting for cluster to exit safe mode
2020-06-02 22:44:19,971 [Listener at 127.0.0.1/40641] INFO  ozone.MiniOzoneClusterImpl (MiniOzoneClusterImpl.java:shutdown(387)) - Shutting down the Mini Ozone Cluster
2020-06-02 22:44:19,972 [Listener at 127.0.0.1/40641] INFO  ozone.MiniOzoneClusterImpl (MiniOzoneClusterImpl.java:stop(402)) - Stopping the Mini Ozone Cluster
2020-06-02 22:44:19,972 [Listener at 127.0.0.1/40641] INFO  ozone.MiniOzoneClusterImpl (MiniOzoneClusterImpl.java:stopOM(484)) - Stopping the OzoneManager
2020-06-02 22:44:19,972 [Listener at 127.0.0.1/40641] INFO  ipc.Server (Server.java:stop(3359)) - Stopping server on 40641
2020-06-02 22:44:19,975 [IPC Server listener on 0] INFO  ipc.Server (Server.java:run(1330)) - Stopping IPC Server listener on 0
2020-06-02 22:44:19,975 [IPC Server Responder] INFO  ipc.Server (Server.java:run(1465)) - Stopping IPC Server Responder
2020-06-02 22:44:19,976 [Listener at 127.0.0.1/40641] INFO  ratis.OzoneManagerDoubleBuffer (OzoneManagerDoubleBuffer.java:stop(410)) - Stopping OMDoubleBuffer flush thread
2020-06-02 22:44:19,976 [OMDoubleBufferFlushThread] INFO  ratis.OzoneManagerDoubleBuffer (OzoneManagerDoubleBuffer.java:flushTransactions(342)) - OMDoubleBuffer flush thread OMDoubleBufferFlushThread is interrupted and will exit. OMDoubleBufferFlushThread
2020-06-02 22:44:19,976 [Listener at 127.0.0.1/40641] INFO  utils.BackgroundService (BackgroundService.java:shutdown(157)) - Shutting down service KeyDeletingService
2020-06-02 22:44:19,979 [Listener at 127.0.0.1/40641] INFO  handler.ContextHandler (ContextHandler.java:doStop(1016)) - Stopped o.e.j.w.WebAppContext@5f32ab17{ozoneManager,/,null,UNAVAILABLE}{file:/github/workspace/mnt/ozone/hadoop-ozone/integration-test/target/test-classes/webapps/ozoneManager}
2020-06-02 22:44:19,991 [Listener at 127.0.0.1/40641] INFO  server.AbstractConnector (AbstractConnector.java:doStop(380)) - Stopped ServerConnector@42f2cae8{HTTP/1.1,[http/1.1]}{0.0.0.0:0}
2020-06-02 22:44:19,991 [Listener at 127.0.0.1/40641] INFO  server.session (HouseKeeper.java:stopScavenging(158)) - node0 Stopped scavenging
2020-06-02 22:44:19,993 [Listener at 127.0.0.1/40641] INFO  handler.ContextHandler (ContextHandler.java:doStop(1016)) - Stopped o.e.j.s.ServletContextHandler@796cf2b5{static,/static,file:///github/workspace/mnt/ozone/hadoop-ozone/integration-test/target/test-classes/webapps/static,UNAVAILABLE}
2020-06-02 22:44:19,993 [Listener at 127.0.0.1/40641] INFO  handler.ContextHandler (ContextHandler.java:doStop(1016)) - Stopped o.e.j.s.ServletContextHandler@1f6e6f50{logs,/logs,file:///github/workspace/mnt/ozone/hadoop-ozone/integration-test/target/log,UNAVAILABLE}
2020-06-02 22:44:19,995 [Listener at 127.0.0.1/40641] INFO  ozone.MiniOzoneClusterImpl (MiniOzoneClusterImpl.java:stopDatanodes(461)) - Stopping the HddsDatanodes
2020-06-02 22:44:25,008 [Listener at 127.0.0.1/40641] INFO  ozoneimpl.OzoneContainer (OzoneContainer.java:stop(246)) - Attempting to stop container services.
2020-06-02 22:44:25,008 [ForkJoinPool.commonPool-worker-1] INFO  ozoneimpl.OzoneContainer (OzoneContainer.java:stop(246)) - Attempting to stop container services.
2020-06-02 22:44:25,009 [ForkJoinPool.commonPool-worker-1] INFO  impl.RaftServerProxy (RaftServerProxy.java:lambda$close$4(314)) - 454ffaf2-f1cf-4ad5-8579-b0d0dc6569aa: close
2020-06-02 22:44:25,010 [ForkJoinPool.commonPool-worker-1] INFO  impl.RaftServerImpl (RaftServerImpl.java:lambda$shutdown$3(250)) - 454ffaf2-f1cf-4ad5-8579-b0d0dc6569aa@group-B4ABD9B660F0: shutdown
2020-06-02 22:44:25,010 [ForkJoinPool.commonPool-worker-1] INFO  util.JmxRegister (JmxRegister.java:unregister(73)) - Successfully un-registered JMX Bean with object name Ratis:service=RaftServer,group=group-B4ABD9B660F0,id=454ffaf2-f1cf-4ad5-8579-b0d0dc6569aa
2020-06-02 22:44:25,010 [ForkJoinPool.commonPool-worker-1] INFO  impl.RoleInfo (RoleInfo.java:shutdownLeaderState(104)) - 454ffaf2-f1cf-4ad5-8579-b0d0dc6569aa: shutdown LeaderState
2020-06-02 22:44:25,011 [Listener at 127.0.0.1/40641] INFO  impl.RaftServerProxy (RaftServerProxy.java:lambda$close$4(314)) - 9495edf4-c4c1-498f-b6f3-5b53a0d22e6c: close
2020-06-02 22:44:25,011 [Listener at 127.0.0.1/40641] INFO  impl.RaftServerImpl (RaftServerImpl.java:lambda$shutdown$3(250)) - 9495edf4-c4c1-498f-b6f3-5b53a0d22e6c@group-5970BB7322FA: shutdown
2020-06-02 22:44:25,011 [Listener at 127.0.0.1/40641] INFO  util.JmxRegister (JmxRegister.java:unregister(73)) - Successfully un-registered JMX Bean with object name Ratis:service=RaftServer,group=group-5970BB7322FA,id=9495edf4-c4c1-498f-b6f3-5b53a0d22e6c
2020-06-02 22:44:25,011 [Listener at 127.0.0.1/40641] INFO  impl.RoleInfo (RoleInfo.java:shutdownLeaderState(104)) - 9495edf4-c4c1-498f-b6f3-5b53a0d22e6c: shutdown LeaderState
2020-06-02 22:44:25,012 [Listener at 127.0.0.1/40641] INFO  impl.PendingRequests (PendingRequests.java:sendNotLeaderResponses(242)) - 9495edf4-c4c1-498f-b6f3-5b53a0d22e6c@group-5970BB7322FA-PendingRequests: sendNotLeaderResponses
2020-06-02 22:44:25,013 [Listener at 127.0.0.1/40641] INFO  metrics.RatisMetrics (RatisMetrics.java:unregister(46)) - Unregistering Metrics Registry : ratis.log_appender.9495edf4-c4c1-498f-b6f3-5b53a0d22e6c@group-5970BB7322FA
2020-06-02 22:44:25,018 [Listener at 127.0.0.1/40641] INFO  impl.StateMachineUpdater (StateMachineUpdater.java:stopAndJoin(142)) - 9495edf4-c4c1-498f-b6f3-5b53a0d22e6c@group-5970BB7322FA-StateMachineUpdater: set stopIndex = 0
2020-06-02 22:44:25,018 [9495edf4-c4c1-498f-b6f3-5b53a0d22e6c@group-5970BB7322FA-StateMachineUpdater] INFO  ratis.ContainerStateMachine (ContainerStateMachine.java:takeSnapshot(288)) - group-5970BB7322FA: Taking a snapshot at:(t:1, i:0) file /github/workspace/mnt/ozone/hadoop-ozone/integration-test/target/test-dir/MiniOzoneClusterImpl-f92f6dc5-cbf3-4a6d-9e37-1f4b99c88ef6/datanode-1/data/ratis/00aedffe-3242-487a-9ae8-5970bb7322fa/sm/snapshot.1_0
2020-06-02 22:44:25,017 [ForkJoinPool.commonPool-worker-1] INFO  impl.PendingRequests (PendingRequests.java:sendNotLeaderResponses(242)) - 454ffaf2-f1cf-4ad5-8579-b0d0dc6569aa@group-B4ABD9B660F0-PendingRequests: sendNotLeaderResponses
2020-06-02 22:44:25,026 [ForkJoinPool.commonPool-worker-1] INFO  metrics.RatisMetrics (RatisMetrics.java:unregister(46)) - Unregistering Metrics Registry : ratis.log_appender.454ffaf2-f1cf-4ad5-8579-b0d0dc6569aa@group-B4ABD9B660F0
2020-06-02 22:44:25,027 [ForkJoinPool.commonPool-worker-1] INFO  impl.StateMachineUpdater (StateMachineUpdater.java:stopAndJoin(142)) - 454ffaf2-f1cf-4ad5-8579-b0d0dc6569aa@group-B4ABD9B660F0-StateMachineUpdater: set stopIndex = 0
2020-06-02 22:44:25,028 [454ffaf2-f1cf-4ad5-8579-b0d0dc6569aa@group-B4ABD9B660F0-StateMachineUpdater] INFO  ratis.ContainerStateMachine (ContainerStateMachine.java:takeSnapshot(288)) - group-B4ABD9B660F0: Taking a snapshot at:(t:1, i:0) file /github/workspace/mnt/ozone/hadoop-ozone/integration-test/target/test-dir/MiniOzoneClusterImpl-f92f6dc5-cbf3-4a6d-9e37-1f4b99c88ef6/datanode-0/data/ratis/99f2de75-c73a-4282-b086-b4abd9b660f0/sm/snapshot.1_0
2020-06-02 22:44:25,305 [454ffaf2-f1cf-4ad5-8579-b0d0dc6569aa@group-B4ABD9B660F0-StateMachineUpdater] INFO  ratis.ContainerStateMachine (ContainerStateMachine.java:takeSnapshot(299)) - group-B4ABD9B660F0: Finished taking a snapshot at:(t:1, i:0) file:/github/workspace/mnt/ozone/hadoop-ozone/integration-test/target/test-dir/MiniOzoneClusterImpl-f92f6dc5-cbf3-4a6d-9e37-1f4b99c88ef6/datanode-0/data/ratis/99f2de75-c73a-4282-b086-b4abd9b660f0/sm/snapshot.1_0 time:278
2020-06-02 22:44:25,306 [454ffaf2-f1cf-4ad5-8579-b0d0dc6569aa@group-B4ABD9B660F0-StateMachineUpdater] INFO  impl.StateMachineUpdater (StateMachineUpdater.java:takeSnapshot(277)) - 454ffaf2-f1cf-4ad5-8579-b0d0dc6569aa@group-B4ABD9B660F0-StateMachineUpdater: Took a snapshot at index 0
2020-06-02 22:44:25,307 [454ffaf2-f1cf-4ad5-8579-b0d0dc6569aa@group-B4ABD9B660F0-StateMachineUpdater] INFO  impl.StateMachineUpdater (StateMachineUpdater.java:lambda$new$0(87)) - 454ffaf2-f1cf-4ad5-8579-b0d0dc6569aa@group-B4ABD9B660F0-StateMachineUpdater: snapshotIndex: updateIncreasingly -1 -> 0
2020-06-02 22:44:25,308 [9495edf4-c4c1-498f-b6f3-5b53a0d22e6c@group-5970BB7322FA-StateMachineUpdater] INFO  ratis.ContainerStateMachine (ContainerStateMachine.java:takeSnapshot(299)) - group-5970BB7322FA: Finished taking a snapshot at:(t:1, i:0) file:/github/workspace/mnt/ozone/hadoop-ozone/integration-test/target/test-dir/MiniOzoneClusterImpl-f92f6dc5-cbf3-4a6d-9e37-1f4b99c88ef6/datanode-1/data/ratis/00aedffe-3242-487a-9ae8-5970bb7322fa/sm/snapshot.1_0 time:290
2020-06-02 22:44:25,308 [9495edf4-c4c1-498f-b6f3-5b53a0d22e6c@group-5970BB7322FA-StateMachineUpdater] INFO  impl.StateMachineUpdater (StateMachineUpdater.java:takeSnapshot(277)) - 9495edf4-c4c1-498f-b6f3-5b53a0d22e6c@group-5970BB7322FA-StateMachineUpdater: Took a snapshot at index 0
2020-06-02 22:44:25,308 [9495edf4-c4c1-498f-b6f3-5b53a0d22e6c@group-5970BB7322FA-StateMachineUpdater] INFO  impl.StateMachineUpdater (StateMachineUpdater.java:lambda$new$0(87)) - 9495edf4-c4c1-498f-b6f3-5b53a0d22e6c@group-5970BB7322FA-StateMachineUpdater: snapshotIndex: updateIncreasingly -1 -> 0
2020-06-02 22:44:25,311 [9495edf4-c4c1-498f-b6f3-5b53a0d22e6c@group-5970BB7322FA-StateMachineUpdater] INFO  metrics.RatisMetrics (RatisMetrics.java:unregister(46)) - Unregistering Metrics Registry : ratis.state_machine.9495edf4-c4c1-498f-b6f3-5b53a0d22e6c@group-5970BB7322FA
2020-06-02 22:44:25,311 [Listener at 127.0.0.1/40641] INFO  impl.RaftServerImpl (ServerState.java:close(387)) - 9495edf4-c4c1-498f-b6f3-5b53a0d22e6c@group-5970BB7322FA: closes. applyIndex: 0
2020-06-02 22:44:25,312 [9495edf4-c4c1-498f-b6f3-5b53a0d22e6c@group-5970BB7322FA-SegmentedRaftLogWorker] INFO  segmented.SegmentedRaftLogWorker (SegmentedRaftLogWorker.java:run(321)) - 9495edf4-c4c1-498f-b6f3-5b53a0d22e6c@group-5970BB7322FA-SegmentedRaftLogWorker was interrupted, exiting. There are 0 tasks remaining in the queue.
2020-06-02 22:44:25,314 [Listener at 127.0.0.1/40641] INFO  segmented.SegmentedRaftLogWorker (SegmentedRaftLogWorker.java:close(229)) - 9495edf4-c4c1-498f-b6f3-5b53a0d22e6c@group-5970BB7322FA-SegmentedRaftLogWorker close()
2020-06-02 22:44:25,315 [Listener at 127.0.0.1/40641] INFO  metrics.RatisMetrics (RatisMetrics.java:unregister(46)) - Unregistering Metrics Registry : ratis.log_worker.9495edf4-c4c1-498f-b6f3-5b53a0d22e6c
2020-06-02 22:44:25,315 [454ffaf2-f1cf-4ad5-8579-b0d0dc6569aa@group-B4ABD9B660F0-StateMachineUpdater] INFO  metrics.RatisMetrics (RatisMetrics.java:unregister(46)) - Unregistering Metrics Registry : ratis.state_machine.454ffaf2-f1cf-4ad5-8579-b0d0dc6569aa@group-B4ABD9B660F0
2020-06-02 22:44:25,315 [Listener at 127.0.0.1/40641] INFO  metrics.RatisMetrics (RatisMetrics.java:unregister(46)) - Unregistering Metrics Registry : ratis.leader_election.9495edf4-c4c1-498f-b6f3-5b53a0d22e6c@group-5970BB7322FA
2020-06-02 22:44:25,316 [Listener at 127.0.0.1/40641] INFO  metrics.RatisMetrics (RatisMetrics.java:unregister(46)) - Unregistering Metrics Registry : ratis.server.9495edf4-c4c1-498f-b6f3-5b53a0d22e6c@group-5970BB7322FA
2020-06-02 22:44:25,316 [Listener at 127.0.0.1/40641] INFO  impl.RaftServerImpl (RaftServerImpl.java:lambda$shutdown$3(250)) - 9495edf4-c4c1-498f-b6f3-5b53a0d22e6c@group-DF8CCA9D97C3: shutdown
2020-06-02 22:44:25,316 [Listener at 127.0.0.1/40641] INFO  util.JmxRegister (JmxRegister.java:unregister(73)) - Successfully un-registered JMX Bean with object name Ratis:service=RaftServer,group=group-DF8CCA9D97C3,id=9495edf4-c4c1-498f-b6f3-5b53a0d22e6c
2020-06-02 22:44:25,316 [Listener at 127.0.0.1/40641] INFO  impl.RoleInfo (RoleInfo.java:shutdownFollowerState(121)) - 9495edf4-c4c1-498f-b6f3-5b53a0d22e6c: shutdown FollowerState
2020-06-02 22:44:25,315 [ForkJoinPool.commonPool-worker-1] INFO  impl.RaftServerImpl (ServerState.java:close(387)) - 454ffaf2-f1cf-4ad5-8579-b0d0dc6569aa@group-B4ABD9B660F0: closes. applyIndex: 0
2020-06-02 22:44:25,316 [Thread-220] INFO  impl.FollowerState (FollowerState.java:run(117)) - 9495edf4-c4c1-498f-b6f3-5b53a0d22e6c@group-DF8CCA9D97C3-FollowerState was interrupted: java.lang.InterruptedException: sleep interrupted
2020-06-02 22:44:25,317 [454ffaf2-f1cf-4ad5-8579-b0d0dc6569aa@group-B4ABD9B660F0-SegmentedRaftLogWorker] INFO  segmented.SegmentedRaftLogWorker (SegmentedRaftLogWorker.java:run(321)) - 454ffaf2-f1cf-4ad5-8579-b0d0dc6569aa@group-B4ABD9B660F0-SegmentedRaftLogWorker was interrupted, exiting. There are 0 tasks remaining in the queue.
2020-06-02 22:44:25,317 [ForkJoinPool.commonPool-worker-1] INFO  segmented.SegmentedRaftLogWorker (SegmentedRaftLogWorker.java:close(229)) - 454ffaf2-f1cf-4ad5-8579-b0d0dc6569aa@group-B4ABD9B660F0-SegmentedRaftLogWorker close()
2020-06-02 22:44:25,318 [ForkJoinPool.commonPool-worker-1] INFO  metrics.RatisMetrics (RatisMetrics.java:unregister(46)) - Unregistering Metrics Registry : ratis.log_worker.454ffaf2-f1cf-4ad5-8579-b0d0dc6569aa
2020-06-02 22:44:25,318 [ForkJoinPool.commonPool-worker-1] INFO  metrics.RatisMetrics (RatisMetrics.java:unregister(46)) - Unregistering Metrics Registry : ratis.leader_election.454ffaf2-f1cf-4ad5-8579-b0d0dc6569aa@group-B4ABD9B660F0
2020-06-02 22:44:25,318 [ForkJoinPool.commonPool-worker-1] INFO  metrics.RatisMetrics (RatisMetrics.java:unregister(46)) - Unregistering Metrics Registry : ratis.server.454ffaf2-f1cf-4ad5-8579-b0d0dc6569aa@group-B4ABD9B660F0
2020-06-02 22:44:25,318 [9495edf4-c4c1-498f-b6f3-5b53a0d22e6c@group-DF8CCA9D97C3-StateMachineUpdater] INFO  ratis.ContainerStateMachine (ContainerStateMachine.java:takeSnapshot(288)) - group-DF8CCA9D97C3: Taking a snapshot at:(t:2, i:0) file /github/workspace/mnt/ozone/hadoop-ozone/integration-test/target/test-dir/MiniOzoneClusterImpl-f92f6dc5-cbf3-4a6d-9e37-1f4b99c88ef6/datanode-1/data/ratis/b06d2fc6-4d64-4b2e-a4f8-df8cca9d97c3/sm/snapshot.2_0
2020-06-02 22:44:25,318 [ForkJoinPool.commonPool-worker-1] INFO  impl.RaftServerImpl (RaftServerImpl.java:lambda$shutdown$3(250)) - 454ffaf2-f1cf-4ad5-8579-b0d0dc6569aa@group-DF8CCA9D97C3: shutdown
2020-06-02 22:44:25,318 [Listener at 127.0.0.1/40641] INFO  impl.StateMachineUpdater (StateMachineUpdater.java:stopAndJoin(142)) - 9495edf4-c4c1-498f-b6f3-5b53a0d22e6c@group-DF8CCA9D97C3-StateMachineUpdater: set stopIndex = 0
2020-06-02 22:44:25,319 [9495edf4-c4c1-498f-b6f3-5b53a0d22e6c@group-DF8CCA9D97C3-StateMachineUpdater] INFO  ratis.ContainerStateMachine (ContainerStateMachine.java:takeSnapshot(299)) - group-DF8CCA9D97C3: Finished taking a snapshot at:(t:2, i:0) file:/github/workspace/mnt/ozone/hadoop-ozone/integration-test/target/test-dir/MiniOzoneClusterImpl-f92f6dc5-cbf3-4a6d-9e37-1f4b99c88ef6/datanode-1/data/ratis/b06d2fc6-4d64-4b2e-a4f8-df8cca9d97c3/sm/snapshot.2_0 time:1
2020-06-02 22:44:25,319 [ForkJoinPool.commonPool-worker-1] INFO  util.JmxRegister (JmxRegister.java:unregister(73)) - Successfully un-registered JMX Bean with object name Ratis:service=RaftServer,group=group-DF8CCA9D97C3,id=454ffaf2-f1cf-4ad5-8579-b0d0dc6569aa
2020-06-02 22:44:25,319 [9495edf4-c4c1-498f-b6f3-5b53a0d22e6c@group-DF8CCA9D97C3-StateMachineUpdater] INFO  impl.StateMachineUpdater (StateMachineUpdater.java:takeSnapshot(277)) - 9495edf4-c4c1-498f-b6f3-5b53a0d22e6c@group-DF8CCA9D97C3-StateMachineUpdater: Took a snapshot at index 0
2020-06-02 22:44:25,319 [9495edf4-c4c1-498f-b6f3-5b53a0d22e6c@group-DF8CCA9D97C3-StateMachineUpdater] INFO  impl.StateMachineUpdater (StateMachineUpdater.java:lambda$new$0(87)) - 9495edf4-c4c1-498f-b6f3-5b53a0d22e6c@group-DF8CCA9D97C3-StateMachineUpdater: snapshotIndex: updateIncreasingly -1 -> 0
2020-06-02 22:44:25,319 [ForkJoinPool.commonPool-worker-1] INFO  impl.RoleInfo (RoleInfo.java:shutdownLeaderState(104)) - 454ffaf2-f1cf-4ad5-8579-b0d0dc6569aa: shutdown LeaderState
2020-06-02 22:44:25,320 [9495edf4-c4c1-498f-b6f3-5b53a0d22e6c@group-DF8CCA9D97C3-StateMachineUpdater] INFO  metrics.RatisMetrics (RatisMetrics.java:unregister(46)) - Unregistering Metrics Registry : ratis.state_machine.9495edf4-c4c1-498f-b6f3-5b53a0d22e6c@group-DF8CCA9D97C3
2020-06-02 22:44:25,320 [ForkJoinPool.commonPool-worker-1] INFO  impl.PendingRequests (PendingRequests.java:sendNotLeaderResponses(242)) - 454ffaf2-f1cf-4ad5-8579-b0d0dc6569aa@group-DF8CCA9D97C3-PendingRequests: sendNotLeaderResponses
2020-06-02 22:44:25,321 [ForkJoinPool.commonPool-worker-1] INFO  metrics.RatisMetrics (RatisMetrics.java:unregister(46)) - Unregistering Metrics Registry : ratis.log_appender.454ffaf2-f1cf-4ad5-8579-b0d0dc6569aa@group-DF8CCA9D97C3
2020-06-02 22:44:25,321 [ForkJoinPool.commonPool-worker-1] INFO  impl.StateMachineUpdater (StateMachineUpdater.java:stopAndJoin(142)) - 454ffaf2-f1cf-4ad5-8579-b0d0dc6569aa@group-DF8CCA9D97C3-StateMachineUpdater: set stopIndex = 0
2020-06-02 22:44:25,321 [454ffaf2-f1cf-4ad5-8579-b0d0dc6569aa@group-DF8CCA9D97C3-StateMachineUpdater] INFO  ratis.ContainerStateMachine (ContainerStateMachine.java:takeSnapshot(288)) - group-DF8CCA9D97C3: Taking a snapshot at:(t:2, i:0) file /github/workspace/mnt/ozone/hadoop-ozone/integration-test/target/test-dir/MiniOzoneClusterImpl-f92f6dc5-cbf3-4a6d-9e37-1f4b99c88ef6/datanode-0/data/ratis/b06d2fc6-4d64-4b2e-a4f8-df8cca9d97c3/sm/snapshot.2_0
2020-06-02 22:44:25,320 [org.apache.ratis.server.impl.LogAppender$AppenderDaemon$$Lambda$452/383808327@6520b8e6] WARN  server.GrpcLogAppender (GrpcLogAppender.java:mayWait(153)) - 454ffaf2-f1cf-4ad5-8579-b0d0dc6569aa@group-DF8CCA9D97C3->9495edf4-c4c1-498f-b6f3-5b53a0d22e6c-GrpcLogAppender: Wait interrupted by java.lang.InterruptedException
2020-06-02 22:44:25,320 [Listener at 127.0.0.1/40641] INFO  impl.RaftServerImpl (ServerState.java:close(387)) - 9495edf4-c4c1-498f-b6f3-5b53a0d22e6c@group-DF8CCA9D97C3: closes. applyIndex: 0
2020-06-02 22:44:25,322 [9495edf4-c4c1-498f-b6f3-5b53a0d22e6c@group-DF8CCA9D97C3-SegmentedRaftLogWorker] INFO  segmented.SegmentedRaftLogWorker (SegmentedRaftLogWorker.java:run(321)) - 9495edf4-c4c1-498f-b6f3-5b53a0d22e6c@group-DF8CCA9D97C3-SegmentedRaftLogWorker was interrupted, exiting. There are 0 tasks remaining in the queue.
2020-06-02 22:44:25,324 [grpc-default-executor-3] INFO  server.GrpcServerProtocolService (GrpcServerProtocolService.java:onCompleted(137)) - 9495edf4-c4c1-498f-b6f3-5b53a0d22e6c: Completed APPEND_ENTRIES, lastRequest: 454ffaf2-f1cf-4ad5-8579-b0d0dc6569aa->9495edf4-c4c1-498f-b6f3-5b53a0d22e6c#1-t2, previous=(t:0, i:0), leaderCommit=0, initializing? false, entries: size=1, first=(t:2, i:0), CONFIGURATIONENTRY
2020-06-02 22:44:25,324 [454ffaf2-f1cf-4ad5-8579-b0d0dc6569aa@group-DF8CCA9D97C3-StateMachineUpdater] INFO  ratis.ContainerStateMachine (ContainerStateMachine.java:takeSnapshot(299)) - group-DF8CCA9D97C3: Finished taking a snapshot at:(t:2, i:0) file:/github/workspace/mnt/ozone/hadoop-ozone/integration-test/target/test-dir/MiniOzoneClusterImpl-f92f6dc5-cbf3-4a6d-9e37-1f4b99c88ef6/datanode-0/data/ratis/b06d2fc6-4d64-4b2e-a4f8-df8cca9d97c3/sm/snapshot.2_0 time:4
2020-06-02 22:44:25,324 [454ffaf2-f1cf-4ad5-8579-b0d0dc6569aa@group-DF8CCA9D97C3-StateMachineUpdater] INFO  impl.StateMachineUpdater (StateMachineUpdater.java:takeSnapshot(277)) - 454ffaf2-f1cf-4ad5-8579-b0d0dc6569aa@group-DF8CCA9D97C3-StateMachineUpdater: Took a snapshot at index 0
2020-06-02 22:44:25,324 [454ffaf2-f1cf-4ad5-8579-b0d0dc6569aa@group-DF8CCA9D97C3-StateMachineUpdater] INFO  impl.StateMachineUpdater (StateMachineUpdater.java:lambda$new$0(87)) - 454ffaf2-f1cf-4ad5-8579-b0d0dc6569aa@group-DF8CCA9D97C3-StateMachineUpdater: snapshotIndex: updateIncreasingly -1 -> 0
2020-06-02 22:44:25,325 [454ffaf2-f1cf-4ad5-8579-b0d0dc6569aa@group-DF8CCA9D97C3-StateMachineUpdater] INFO  metrics.RatisMetrics (RatisMetrics.java:unregister(46)) - Unregistering Metrics Registry : ratis.state_machine.454ffaf2-f1cf-4ad5-8579-b0d0dc6569aa@group-DF8CCA9D97C3
2020-06-02 22:44:25,325 [ForkJoinPool.commonPool-worker-1] INFO  impl.RaftServerImpl (ServerState.java:close(387)) - 454ffaf2-f1cf-4ad5-8579-b0d0dc6569aa@group-DF8CCA9D97C3: closes. applyIndex: 0
2020-06-02 22:44:25,325 [454ffaf2-f1cf-4ad5-8579-b0d0dc6569aa@group-DF8CCA9D97C3-SegmentedRaftLogWorker] INFO  segmented.SegmentedRaftLogWorker (SegmentedRaftLogWorker.java:run(321)) - 454ffaf2-f1cf-4ad5-8579-b0d0dc6569aa@group-DF8CCA9D97C3-SegmentedRaftLogWorker was interrupted, exiting. There are 0 tasks remaining in the queue.
2020-06-02 22:44:25,320 [org.apache.ratis.server.impl.LogAppender$AppenderDaemon$$Lambda$452/383808327@3e09cdd0] WARN  server.GrpcLogAppender (GrpcLogAppender.java:mayWait(153)) - 454ffaf2-f1cf-4ad5-8579-b0d0dc6569aa@group-DF8CCA9D97C3->f827eca5-1302-485d-b40a-808f1d3616bb-GrpcLogAppender: Wait interrupted by java.lang.InterruptedException
2020-06-02 22:44:25,326 [Listener at 127.0.0.1/40641] INFO  segmented.SegmentedRaftLogWorker (SegmentedRaftLogWorker.java:close(229)) - 9495edf4-c4c1-498f-b6f3-5b53a0d22e6c@group-DF8CCA9D97C3-SegmentedRaftLogWorker close()
2020-06-02 22:44:25,325 [grpc-default-executor-4] INFO  server.GrpcLogAppender (GrpcLogAppender.java:onCompleted(309)) - 454ffaf2-f1cf-4ad5-8579-b0d0dc6569aa@group-DF8CCA9D97C3->9495edf4-c4c1-498f-b6f3-5b53a0d22e6c-AppendLogResponseHandler: follower responses appendEntries COMPLETED
2020-06-02 22:44:25,327 [ForkJoinPool.commonPool-worker-1] INFO  segmented.SegmentedRaftLogWorker (SegmentedRaftLogWorker.java:close(229)) - 454ffaf2-f1cf-4ad5-8579-b0d0dc6569aa@group-DF8CCA9D97C3-SegmentedRaftLogWorker close()
2020-06-02 22:44:25,328 [grpc-default-executor-5] INFO  server.GrpcServerProtocolService (GrpcServerProtocolService.java:onCompleted(137)) - f827eca5-1302-485d-b40a-808f1d3616bb: Completed APPEND_ENTRIES, lastRequest: 454ffaf2-f1cf-4ad5-8579-b0d0dc6569aa->f827eca5-1302-485d-b40a-808f1d3616bb#1-t2, previous=(t:0, i:0), leaderCommit=0, initializing? false, entries: size=1, first=(t:2, i:0), CONFIGURATIONENTRY
2020-06-02 22:44:25,328 [grpc-default-executor-3] INFO  server.GrpcLogAppender (GrpcLogAppender.java:onCompleted(309)) - 454ffaf2-f1cf-4ad5-8579-b0d0dc6569aa@group-DF8CCA9D97C3->f827eca5-1302-485d-b40a-808f1d3616bb-AppendLogResponseHandler: follower responses appendEntries COMPLETED
2020-06-02 22:44:25,337 [Listener at 127.0.0.1/40641] INFO  metrics.RatisMetrics (RatisMetrics.java:unregister(46)) - Unregistering Metrics Registry : ratis.log_worker.9495edf4-c4c1-498f-b6f3-5b53a0d22e6c
2020-06-02 22:44:25,337 [Listener at 127.0.0.1/40641] INFO  metrics.RatisMetrics (RatisMetrics.java:unregister(46)) - Unregistering Metrics Registry : ratis.leader_election.9495edf4-c4c1-498f-b6f3-5b53a0d22e6c@group-DF8CCA9D97C3
2020-06-02 22:44:25,337 [Listener at 127.0.0.1/40641] INFO  metrics.RatisMetrics (RatisMetrics.java:unregister(46)) - Unregistering Metrics Registry : ratis.server.9495edf4-c4c1-498f-b6f3-5b53a0d22e6c@group-DF8CCA9D97C3
2020-06-02 22:44:25,337 [Listener at 127.0.0.1/40641] INFO  server.GrpcService (GrpcService.java:closeImpl(165)) - 9495edf4-c4c1-498f-b6f3-5b53a0d22e6c: shutdown server with port 41885 now
2020-06-02 22:44:25,346 [grpc-default-executor-4] INFO  impl.FollowerInfo (FollowerInfo.java:lambda$new$0(50)) - 454ffaf2-f1cf-4ad5-8579-b0d0dc6569aa@group-DF8CCA9D97C3->9495edf4-c4c1-498f-b6f3-5b53a0d22e6c: nextIndex: updateUnconditionally 1 -> 0
2020-06-02 22:44:25,346 [ForkJoinPool.commonPool-worker-1] INFO  metrics.RatisMetrics (RatisMetrics.java:unregister(46)) - Unregistering Metrics Registry : ratis.log_worker.454ffaf2-f1cf-4ad5-8579-b0d0dc6569aa
2020-06-02 22:44:25,347 [ForkJoinPool.commonPool-worker-1] INFO  metrics.RatisMetrics (RatisMetrics.java:unregister(46)) - Unregistering Metrics Registry : ratis.leader_election.454ffaf2-f1cf-4ad5-8579-b0d0dc6569aa@group-DF8CCA9D97C3
2020-06-02 22:44:25,347 [ForkJoinPool.commonPool-worker-1] INFO  metrics.RatisMetrics (RatisMetrics.java:unregister(46)) - Unregistering Metrics Registry : ratis.server.454ffaf2-f1cf-4ad5-8579-b0d0dc6569aa@group-DF8CCA9D97C3
2020-06-02 22:44:25,347 [ForkJoinPool.commonPool-worker-1] INFO  server.GrpcService (GrpcService.java:closeImpl(165)) - 454ffaf2-f1cf-4ad5-8579-b0d0dc6569aa: shutdown server with port 35775 now
2020-06-02 22:44:25,348 [grpc-default-executor-3] INFO  impl.FollowerInfo (FollowerInfo.java:lambda$new$0(50)) - 454ffaf2-f1cf-4ad5-8579-b0d0dc6569aa@group-DF8CCA9D97C3->f827eca5-1302-485d-b40a-808f1d3616bb: nextIndex: updateUnconditionally 1 -> 0
2020-06-02 22:44:25,356 [ForkJoinPool.commonPool-worker-1] INFO  server.GrpcService (GrpcService.java:closeImpl(173)) - 454ffaf2-f1cf-4ad5-8579-b0d0dc6569aa: shutdown server with port 35775 successfully
2020-06-02 22:44:25,360 [Listener at 127.0.0.1/40641] INFO  server.GrpcService (GrpcService.java:closeImpl(173)) - 9495edf4-c4c1-498f-b6f3-5b53a0d22e6c: shutdown server with port 41885 successfully
2020-06-02 22:44:25,361 [Listener at 127.0.0.1/40641] INFO  utils.BackgroundService (BackgroundService.java:shutdown(157)) - Shutting down service BlockDeletingService
2020-06-02 22:44:25,360 [ForkJoinPool.commonPool-worker-1] INFO  utils.BackgroundService (BackgroundService.java:shutdown(157)) - Shutting down service BlockDeletingService
2020-06-02 22:44:25,363 [ForkJoinPool.commonPool-worker-1] INFO  statemachine.DatanodeStateMachine (DatanodeStateMachine.java:stopDaemon(424)) - Ozone container server stopped.
2020-06-02 22:44:25,364 [Listener at 127.0.0.1/40641] INFO  statemachine.DatanodeStateMachine (DatanodeStateMachine.java:stopDaemon(424)) - Ozone container server stopped.
2020-06-02 22:44:25,365 [Listener at 127.0.0.1/40641] INFO  handler.ContextHandler (ContextHandler.java:doStop(1016)) - Stopped o.e.j.w.WebAppContext@1315f1d5{hddsDatanode,/,null,UNAVAILABLE}{jar:file:/home/user/.m2/repository/org/apache/hadoop/hadoop-hdds-container-service/0.6.0-SNAPSHOT/hadoop-hdds-container-service-0.6.0-SNAPSHOT.jar!/webapps/hddsDatanode}
2020-06-02 22:44:25,365 [Listener at 127.0.0.1/40641] INFO  server.AbstractConnector (AbstractConnector.java:doStop(380)) - Stopped ServerConnector@31d09031{HTTP/1.1,[http/1.1]}{0.0.0.0:0}
2020-06-02 22:44:25,365 [Listener at 127.0.0.1/40641] INFO  server.session (HouseKeeper.java:stopScavenging(158)) - node0 Stopped scavenging
2020-06-02 22:44:25,366 [Listener at 127.0.0.1/40641] INFO  handler.ContextHandler (ContextHandler.java:doStop(1016)) - Stopped o.e.j.s.ServletContextHandler@50ac63b2{static,/static,jar:file:/home/user/.m2/repository/org/apache/hadoop/hadoop-hdds-container-service/0.6.0-SNAPSHOT/hadoop-hdds-container-service-0.6.0-SNAPSHOT.jar!/webapps/static,UNAVAILABLE}
2020-06-02 22:44:25,366 [Listener at 127.0.0.1/40641] INFO  handler.ContextHandler (ContextHandler.java:doStop(1016)) - Stopped o.e.j.s.ServletContextHandler@73a5cc47{logs,/logs,file:///github/workspace/mnt/ozone/hadoop-ozone/integration-test/target/log,UNAVAILABLE}
2020-06-02 22:44:25,368 [ForkJoinPool.commonPool-worker-1] INFO  handler.ContextHandler (ContextHandler.java:doStop(1016)) - Stopped o.e.j.w.WebAppContext@1c0ec502{hddsDatanode,/,null,UNAVAILABLE}{jar:file:/home/user/.m2/repository/org/apache/hadoop/hadoop-hdds-container-service/0.6.0-SNAPSHOT/hadoop-hdds-container-service-0.6.0-SNAPSHOT.jar!/webapps/hddsDatanode}
2020-06-02 22:44:25,369 [ForkJoinPool.commonPool-worker-1] INFO  server.AbstractConnector (AbstractConnector.java:doStop(380)) - Stopped ServerConnector@52539624{HTTP/1.1,[http/1.1]}{0.0.0.0:0}
2020-06-02 22:44:25,369 [ForkJoinPool.commonPool-worker-1] INFO  server.session (HouseKeeper.java:stopScavenging(158)) - node0 Stopped scavenging
2020-06-02 22:44:25,369 [ForkJoinPool.commonPool-worker-1] INFO  handler.ContextHandler (ContextHandler.java:doStop(1016)) - Stopped o.e.j.s.ServletContextHandler@52984065{static,/static,jar:file:/home/user/.m2/repository/org/apache/hadoop/hadoop-hdds-container-service/0.6.0-SNAPSHOT/hadoop-hdds-container-service-0.6.0-SNAPSHOT.jar!/webapps/static,UNAVAILABLE}
2020-06-02 22:44:25,370 [ForkJoinPool.commonPool-worker-1] INFO  handler.ContextHandler (ContextHandler.java:doStop(1016)) - Stopped o.e.j.s.ServletContextHandler@21252bef{logs,/logs,file:///github/workspace/mnt/ozone/hadoop-ozone/integration-test/target/log,UNAVAILABLE}
2020-06-02 22:44:29,964 [Thread-219] INFO  impl.FollowerState (FollowerState.java:run(108)) - f827eca5-1302-485d-b40a-808f1d3616bb@group-DF8CCA9D97C3-FollowerState: change to CANDIDATE, lastRpcTime:6691ms, electionTimeout:5049ms
2020-06-02 22:44:29,964 [Thread-219] INFO  impl.RoleInfo (RoleInfo.java:shutdownFollowerState(121)) - f827eca5-1302-485d-b40a-808f1d3616bb: shutdown FollowerState
2020-06-02 22:44:29,964 [Thread-219] INFO  impl.RaftServerImpl (RaftServerImpl.java:setRole(173)) - f827eca5-1302-485d-b40a-808f1d3616bb@group-DF8CCA9D97C3: changes role from  FOLLOWER to CANDIDATE at term 2 for changeToCandidate
2020-06-02 22:44:29,964 [Thread-219] INFO  impl.RoleInfo (RoleInfo.java:updateAndGet(143)) - f827eca5-1302-485d-b40a-808f1d3616bb: start LeaderElection
2020-06-02 22:44:29,964 [f827eca5-1302-485d-b40a-808f1d3616bb@group-DF8CCA9D97C3-LeaderElection10] INFO  impl.RaftServerImpl (ServerState.java:setLeader(255)) - f827eca5-1302-485d-b40a-808f1d3616bb@group-DF8CCA9D97C3: change Leader from 454ffaf2-f1cf-4ad5-8579-b0d0dc6569aa to null at term 2 for initElection
2020-06-02 22:44:29,966 [f827eca5-1302-485d-b40a-808f1d3616bb@group-DF8CCA9D97C3-LeaderElection10] INFO  impl.LeaderElection (LeaderElection.java:askForVotes(206)) - f827eca5-1302-485d-b40a-808f1d3616bb@group-DF8CCA9D97C3-LeaderElection10: begin an election at term 3 for 0: [9495edf4-c4c1-498f-b6f3-5b53a0d22e6c:172.17.0.2:41885, f827eca5-1302-485d-b40a-808f1d3616bb:172.17.0.2:41559, 454ffaf2-f1cf-4ad5-8579-b0d0dc6569aa:172.17.0.2:35775], old=null
2020-06-02 22:44:29,975 [f827eca5-1302-485d-b40a-808f1d3616bb@group-DF8CCA9D97C3-LeaderElection10] INFO  impl.LeaderElection (LogUtils.java:infoOrTrace(137)) - f827eca5-1302-485d-b40a-808f1d3616bb@group-DF8CCA9D97C3-LeaderElection10 got exception when requesting votes: java.util.concurrent.ExecutionException: org.apache.ratis.thirdparty.io.grpc.StatusRuntimeException: UNAVAILABLE: io exception
2020-06-02 22:44:29,979 [f827eca5-1302-485d-b40a-808f1d3616bb@group-DF8CCA9D97C3-LeaderElection10] INFO  impl.LeaderElection (LogUtils.java:infoOrTrace(137)) - f827eca5-1302-485d-b40a-808f1d3616bb@group-DF8CCA9D97C3-LeaderElection10 got exception when requesting votes: java.util.concurrent.ExecutionException: org.apache.ratis.thirdparty.io.grpc.StatusRuntimeException: UNAVAILABLE: io exception
2020-06-02 22:44:29,979 [f827eca5-1302-485d-b40a-808f1d3616bb@group-DF8CCA9D97C3-LeaderElection10] INFO  impl.LeaderElection (LeaderElection.java:logAndReturn(61)) - f827eca5-1302-485d-b40a-808f1d3616bb@group-DF8CCA9D97C3-LeaderElection10: Election REJECTED; received 0 response(s) [] and 2 exception(s); f827eca5-1302-485d-b40a-808f1d3616bb@group-DF8CCA9D97C3:t3, leader=null, voted=f827eca5-1302-485d-b40a-808f1d3616bb, raftlog=f827eca5-1302-485d-b40a-808f1d3616bb@group-DF8CCA9D97C3-SegmentedRaftLog:OPENED:c0,f0,i0, conf=0: [9495edf4-c4c1-498f-b6f3-5b53a0d22e6c:172.17.0.2:41885, f827eca5-1302-485d-b40a-808f1d3616bb:172.17.0.2:41559, 454ffaf2-f1cf-4ad5-8579-b0d0dc6569aa:172.17.0.2:35775], old=null
2020-06-02 22:44:29,979 [f827eca5-1302-485d-b40a-808f1d3616bb@group-DF8CCA9D97C3-LeaderElection10] INFO  impl.LeaderElection (LogUtils.java:infoOrTrace(137)) -   Exception 0: java.util.concurrent.ExecutionException: org.apache.ratis.thirdparty.io.grpc.StatusRuntimeException: UNAVAILABLE: io exception
2020-06-02 22:44:29,979 [f827eca5-1302-485d-b40a-808f1d3616bb@group-DF8CCA9D97C3-LeaderElection10] INFO  impl.LeaderElection (LogUtils.java:infoOrTrace(137)) -   Exception 1: java.util.concurrent.ExecutionException: org.apache.ratis.thirdparty.io.grpc.StatusRuntimeException: UNAVAILABLE: io exception
2020-06-02 22:44:29,979 [f827eca5-1302-485d-b40a-808f1d3616bb@group-DF8CCA9D97C3-LeaderElection10] INFO  impl.RaftServerImpl (RaftServerImpl.java:setRole(173)) - f827eca5-1302-485d-b40a-808f1d3616bb@group-DF8CCA9D97C3: changes role from CANDIDATE to FOLLOWER at term 3 for DISCOVERED_A_NEW_TERM
2020-06-02 22:44:29,979 [f827eca5-1302-485d-b40a-808f1d3616bb@group-DF8CCA9D97C3-LeaderElection10] INFO  impl.RoleInfo (RoleInfo.java:shutdownLeaderElection(134)) - f827eca5-1302-485d-b40a-808f1d3616bb: shutdown LeaderElection
2020-06-02 22:44:29,979 [f827eca5-1302-485d-b40a-808f1d3616bb@group-DF8CCA9D97C3-LeaderElection10] INFO  impl.RoleInfo (RoleInfo.java:updateAndGet(143)) - f827eca5-1302-485d-b40a-808f1d3616bb: start FollowerState
2020-06-02 22:44:30,368 [Listener at 127.0.0.1/40641] INFO  ozoneimpl.OzoneContainer (OzoneContainer.java:stop(246)) - Attempting to stop container services.
2020-06-02 22:44:30,369 [Listener at 127.0.0.1/40641] INFO  impl.RaftServerProxy (RaftServerProxy.java:lambda$close$4(314)) - f827eca5-1302-485d-b40a-808f1d3616bb: close
2020-06-02 22:44:30,369 [Listener at 127.0.0.1/40641] INFO  impl.RaftServerImpl (RaftServerImpl.java:lambda$shutdown$3(250)) - f827eca5-1302-485d-b40a-808f1d3616bb@group-55234961F2D3: shutdown
2020-06-02 22:44:30,369 [Listener at 127.0.0.1/40641] INFO  util.JmxRegister (JmxRegister.java:unregister(73)) - Successfully un-registered JMX Bean with object name Ratis:service=RaftServer,group=group-55234961F2D3,id=f827eca5-1302-485d-b40a-808f1d3616bb
2020-06-02 22:44:30,369 [Listener at 127.0.0.1/40641] INFO  impl.RoleInfo (RoleInfo.java:shutdownLeaderState(104)) - f827eca5-1302-485d-b40a-808f1d3616bb: shutdown LeaderState
2020-06-02 22:44:30,369 [ForkJoinPool.commonPool-worker-0] INFO  impl.RaftServerImpl (RaftServerImpl.java:lambda$shutdown$3(250)) - f827eca5-1302-485d-b40a-808f1d3616bb@group-DF8CCA9D97C3: shutdown
2020-06-02 22:44:30,370 [ForkJoinPool.commonPool-worker-0] INFO  util.JmxRegister (JmxRegister.java:unregister(73)) - Successfully un-registered JMX Bean with object name Ratis:service=RaftServer,group=group-DF8CCA9D97C3,id=f827eca5-1302-485d-b40a-808f1d3616bb
2020-06-02 22:44:30,370 [ForkJoinPool.commonPool-worker-0] INFO  impl.RoleInfo (RoleInfo.java:shutdownFollowerState(121)) - f827eca5-1302-485d-b40a-808f1d3616bb: shutdown FollowerState
2020-06-02 22:44:30,370 [Listener at 127.0.0.1/40641] INFO  impl.PendingRequests (PendingRequests.java:sendNotLeaderResponses(242)) - f827eca5-1302-485d-b40a-808f1d3616bb@group-55234961F2D3-PendingRequests: sendNotLeaderResponses
2020-06-02 22:44:30,370 [Listener at 127.0.0.1/40641] INFO  metrics.RatisMetrics (RatisMetrics.java:unregister(46)) - Unregistering Metrics Registry : ratis.log_appender.f827eca5-1302-485d-b40a-808f1d3616bb@group-55234961F2D3
2020-06-02 22:44:30,371 [f827eca5-1302-485d-b40a-808f1d3616bb@group-DF8CCA9D97C3-StateMachineUpdater] INFO  ratis.ContainerStateMachine (ContainerStateMachine.java:takeSnapshot(288)) - group-DF8CCA9D97C3: Taking a snapshot at:(t:2, i:0) file /github/workspace/mnt/ozone/hadoop-ozone/integration-test/target/test-dir/MiniOzoneClusterImpl-f92f6dc5-cbf3-4a6d-9e37-1f4b99c88ef6/datanode-2/data/ratis/b06d2fc6-4d64-4b2e-a4f8-df8cca9d97c3/sm/snapshot.2_0
2020-06-02 22:44:30,371 [f827eca5-1302-485d-b40a-808f1d3616bb@group-55234961F2D3-StateMachineUpdater] INFO  ratis.ContainerStateMachine (ContainerStateMachine.java:takeSnapshot(288)) - group-55234961F2D3: Taking a snapshot at:(t:1, i:0) file /github/workspace/mnt/ozone/hadoop-ozone/integration-test/target/test-dir/MiniOzoneClusterImpl-f92f6dc5-cbf3-4a6d-9e37-1f4b99c88ef6/datanode-2/data/ratis/fb41bf30-7264-41f5-95a7-55234961f2d3/sm/snapshot.1_0
2020-06-02 22:44:30,370 [ForkJoinPool.commonPool-worker-0] INFO  impl.StateMachineUpdater (StateMachineUpdater.java:stopAndJoin(142)) - f827eca5-1302-485d-b40a-808f1d3616bb@group-DF8CCA9D97C3-StateMachineUpdater: set stopIndex = 0
2020-06-02 22:44:30,370 [Thread-323] INFO  impl.FollowerState (FollowerState.java:run(117)) - f827eca5-1302-485d-b40a-808f1d3616bb@group-DF8CCA9D97C3-FollowerState was interrupted: java.lang.InterruptedException: sleep interrupted
2020-06-02 22:44:30,371 [Listener at 127.0.0.1/40641] INFO  impl.StateMachineUpdater (StateMachineUpdater.java:stopAndJoin(142)) - f827eca5-1302-485d-b40a-808f1d3616bb@group-55234961F2D3-StateMachineUpdater: set stopIndex = 0
2020-06-02 22:44:30,376 [f827eca5-1302-485d-b40a-808f1d3616bb@group-55234961F2D3-StateMachineUpdater] INFO  ratis.ContainerStateMachine (ContainerStateMachine.java:takeSnapshot(299)) - group-55234961F2D3: Finished taking a snapshot at:(t:1, i:0) file:/github/workspace/mnt/ozone/hadoop-ozone/integration-test/target/test-dir/MiniOzoneClusterImpl-f92f6dc5-cbf3-4a6d-9e37-1f4b99c88ef6/datanode-2/data/ratis/fb41bf30-7264-41f5-95a7-55234961f2d3/sm/snapshot.1_0 time:5
2020-06-02 22:44:30,375 [f827eca5-1302-485d-b40a-808f1d3616bb@group-DF8CCA9D97C3-StateMachineUpdater] INFO  ratis.ContainerStateMachine (ContainerStateMachine.java:takeSnapshot(299)) - group-DF8CCA9D97C3: Finished taking a snapshot at:(t:2, i:0) file:/github/workspace/mnt/ozone/hadoop-ozone/integration-test/target/test-dir/MiniOzoneClusterImpl-f92f6dc5-cbf3-4a6d-9e37-1f4b99c88ef6/datanode-2/data/ratis/b06d2fc6-4d64-4b2e-a4f8-df8cca9d97c3/sm/snapshot.2_0 time:5
2020-06-02 22:44:30,376 [f827eca5-1302-485d-b40a-808f1d3616bb@group-55234961F2D3-StateMachineUpdater] INFO  impl.StateMachineUpdater (StateMachineUpdater.java:takeSnapshot(277)) - f827eca5-1302-485d-b40a-808f1d3616bb@group-55234961F2D3-StateMachineUpdater: Took a snapshot at index 0
2020-06-02 22:44:30,376 [f827eca5-1302-485d-b40a-808f1d3616bb@group-55234961F2D3-StateMachineUpdater] INFO  impl.StateMachineUpdater (StateMachineUpdater.java:lambda$new$0(87)) - f827eca5-1302-485d-b40a-808f1d3616bb@group-55234961F2D3-StateMachineUpdater: snapshotIndex: updateIncreasingly -1 -> 0
2020-06-02 22:44:30,376 [f827eca5-1302-485d-b40a-808f1d3616bb@group-DF8CCA9D97C3-StateMachineUpdater] INFO  impl.StateMachineUpdater (StateMachineUpdater.java:takeSnapshot(277)) - f827eca5-1302-485d-b40a-808f1d3616bb@group-DF8CCA9D97C3-StateMachineUpdater: Took a snapshot at index 0
2020-06-02 22:44:30,377 [f827eca5-1302-485d-b40a-808f1d3616bb@group-DF8CCA9D97C3-StateMachineUpdater] INFO  impl.StateMachineUpdater (StateMachineUpdater.java:lambda$new$0(87)) - f827eca5-1302-485d-b40a-808f1d3616bb@group-DF8CCA9D97C3-StateMachineUpdater: snapshotIndex: updateIncreasingly -1 -> 0
2020-06-02 22:44:30,377 [f827eca5-1302-485d-b40a-808f1d3616bb@group-55234961F2D3-StateMachineUpdater] INFO  metrics.RatisMetrics (RatisMetrics.java:unregister(46)) - Unregistering Metrics Registry : ratis.state_machine.f827eca5-1302-485d-b40a-808f1d3616bb@group-55234961F2D3
2020-06-02 22:44:30,377 [Listener at 127.0.0.1/40641] INFO  impl.RaftServerImpl (ServerState.java:close(387)) - f827eca5-1302-485d-b40a-808f1d3616bb@group-55234961F2D3: closes. applyIndex: 0
2020-06-02 22:44:30,377 [f827eca5-1302-485d-b40a-808f1d3616bb@group-DF8CCA9D97C3-StateMachineUpdater] INFO  metrics.RatisMetrics (RatisMetrics.java:unregister(46)) - Unregistering Metrics Registry : ratis.state_machine.f827eca5-1302-485d-b40a-808f1d3616bb@group-DF8CCA9D97C3
2020-06-02 22:44:30,377 [f827eca5-1302-485d-b40a-808f1d3616bb@group-55234961F2D3-SegmentedRaftLogWorker] INFO  segmented.SegmentedRaftLogWorker (SegmentedRaftLogWorker.java:run(321)) - f827eca5-1302-485d-b40a-808f1d3616bb@group-55234961F2D3-SegmentedRaftLogWorker was interrupted, exiting. There are 0 tasks remaining in the queue.
2020-06-02 22:44:30,377 [ForkJoinPool.commonPool-worker-0] INFO  impl.RaftServerImpl (ServerState.java:close(387)) - f827eca5-1302-485d-b40a-808f1d3616bb@group-DF8CCA9D97C3: closes. applyIndex: 0
2020-06-02 22:44:30,378 [f827eca5-1302-485d-b40a-808f1d3616bb@group-DF8CCA9D97C3-SegmentedRaftLogWorker] INFO  segmented.SegmentedRaftLogWorker (SegmentedRaftLogWorker.java:run(321)) - f827eca5-1302-485d-b40a-808f1d3616bb@group-DF8CCA9D97C3-SegmentedRaftLogWorker was interrupted, exiting. There are 0 tasks remaining in the queue.
2020-06-02 22:44:30,378 [Listener at 127.0.0.1/40641] INFO  segmented.SegmentedRaftLogWorker (SegmentedRaftLogWorker.java:close(229)) - f827eca5-1302-485d-b40a-808f1d3616bb@group-55234961F2D3-SegmentedRaftLogWorker close()
2020-06-02 22:44:30,379 [Listener at 127.0.0.1/40641] INFO  metrics.RatisMetrics (RatisMetrics.java:unregister(46)) - Unregistering Metrics Registry : ratis.log_worker.f827eca5-1302-485d-b40a-808f1d3616bb
2020-06-02 22:44:30,379 [Listener at 127.0.0.1/40641] INFO  metrics.RatisMetrics (RatisMetrics.java:unregister(46)) - Unregistering Metrics Registry : ratis.leader_election.f827eca5-1302-485d-b40a-808f1d3616bb@group-55234961F2D3
2020-06-02 22:44:30,379 [Listener at 127.0.0.1/40641] INFO  metrics.RatisMetrics (RatisMetrics.java:unregister(46)) - Unregistering Metrics Registry : ratis.server.f827eca5-1302-485d-b40a-808f1d3616bb@group-55234961F2D3
2020-06-02 22:44:30,379 [ForkJoinPool.commonPool-worker-0] INFO  segmented.SegmentedRaftLogWorker (SegmentedRaftLogWorker.java:close(229)) - f827eca5-1302-485d-b40a-808f1d3616bb@group-DF8CCA9D97C3-SegmentedRaftLogWorker close()
2020-06-02 22:44:30,380 [ForkJoinPool.commonPool-worker-0] INFO  metrics.RatisMetrics (RatisMetrics.java:unregister(46)) - Unregistering Metrics Registry : ratis.log_worker.f827eca5-1302-485d-b40a-808f1d3616bb
2020-06-02 22:44:30,380 [ForkJoinPool.commonPool-worker-0] INFO  metrics.RatisMetrics (RatisMetrics.java:unregister(46)) - Unregistering Metrics Registry : ratis.leader_election.f827eca5-1302-485d-b40a-808f1d3616bb@group-DF8CCA9D97C3
2020-06-02 22:44:30,380 [ForkJoinPool.commonPool-worker-0] INFO  metrics.RatisMetrics (RatisMetrics.java:unregister(46)) - Unregistering Metrics Registry : ratis.server.f827eca5-1302-485d-b40a-808f1d3616bb@group-DF8CCA9D97C3
2020-06-02 22:44:30,380 [Listener at 127.0.0.1/40641] INFO  server.GrpcService (GrpcService.java:closeImpl(165)) - f827eca5-1302-485d-b40a-808f1d3616bb: shutdown server with port 41559 now
2020-06-02 22:44:30,381 [Listener at 127.0.0.1/40641] INFO  server.GrpcService (GrpcService.java:closeImpl(173)) - f827eca5-1302-485d-b40a-808f1d3616bb: shutdown server with port 41559 successfully
2020-06-02 22:44:30,383 [Listener at 127.0.0.1/40641] INFO  utils.BackgroundService (BackgroundService.java:shutdown(157)) - Shutting down service BlockDeletingService
2020-06-02 22:44:30,384 [Listener at 127.0.0.1/40641] INFO  statemachine.DatanodeStateMachine (DatanodeStateMachine.java:stopDaemon(424)) - Ozone container server stopped.
2020-06-02 22:44:30,385 [Listener at 127.0.0.1/40641] INFO  handler.ContextHandler (ContextHandler.java:doStop(1016)) - Stopped o.e.j.w.WebAppContext@668ea404{hddsDatanode,/,null,UNAVAILABLE}{jar:file:/home/user/.m2/repository/org/apache/hadoop/hadoop-hdds-container-service/0.6.0-SNAPSHOT/hadoop-hdds-container-service-0.6.0-SNAPSHOT.jar!/webapps/hddsDatanode}
2020-06-02 22:44:30,385 [Listener at 127.0.0.1/40641] INFO  server.AbstractConnector (AbstractConnector.java:doStop(380)) - Stopped ServerConnector@29897daf{HTTP/1.1,[http/1.1]}{0.0.0.0:0}
2020-06-02 22:44:30,385 [Listener at 127.0.0.1/40641] INFO  server.session (HouseKeeper.java:stopScavenging(158)) - node0 Stopped scavenging
2020-06-02 22:44:30,386 [Listener at 127.0.0.1/40641] INFO  handler.ContextHandler (ContextHandler.java:doStop(1016)) - Stopped o.e.j.s.ServletContextHandler@2b20caed{static,/static,jar:file:/home/user/.m2/repository/org/apache/hadoop/hadoop-hdds-container-service/0.6.0-SNAPSHOT/hadoop-hdds-container-service-0.6.0-SNAPSHOT.jar!/webapps/static,UNAVAILABLE}
2020-06-02 22:44:30,386 [Listener at 127.0.0.1/40641] INFO  handler.ContextHandler (ContextHandler.java:doStop(1016)) - Stopped o.e.j.s.ServletContextHandler@54b313d6{logs,/logs,file:///github/workspace/mnt/ozone/hadoop-ozone/integration-test/target/log,UNAVAILABLE}
2020-06-02 22:44:30,387 [Listener at 127.0.0.1/40641] INFO  ozone.MiniOzoneClusterImpl (MiniOzoneClusterImpl.java:stopSCM(476)) - Stopping the StorageContainerManager
2020-06-02 22:44:30,387 [Listener at 127.0.0.1/40641] INFO  server.StorageContainerManager (StorageContainerManager.java:stop(824)) - Stopping Replication Manager Service.
2020-06-02 22:44:30,387 [Listener at 127.0.0.1/40641] INFO  container.ReplicationManager (ReplicationManager.java:stop(215)) - Replication Monitor Thread is not running.
2020-06-02 22:44:30,387 [Listener at 127.0.0.1/40641] INFO  server.StorageContainerManager (StorageContainerManager.java:stop(831)) - Stopping Lease Manager of the command watchers
2020-06-02 22:44:30,387 [Listener at 127.0.0.1/40641] INFO  server.StorageContainerManager (StorageContainerManager.java:stop(838)) - Stopping datanode service RPC server
2020-06-02 22:44:30,387 [CommandWatcher-LeaseManager#LeaseMonitor] ERROR lease.LeaseManager (LeaseManager.java:run(238)) - Execution was interrupted 
java.lang.InterruptedException: sleep interrupted
	at java.lang.Thread.sleep(Native Method)
	at org.apache.hadoop.ozone.lease.LeaseManager$LeaseMonitor.run(LeaseManager.java:234)
	at java.lang.Thread.run(Thread.java:748)
2020-06-02 22:44:30,387 [Listener at 127.0.0.1/40641] INFO  server.SCMDatanodeProtocolServer (SCMDatanodeProtocolServer.java:stop(361)) - Stopping the RPC server for DataNodes
2020-06-02 22:44:30,388 [Listener at 127.0.0.1/40641] INFO  ipc.Server (Server.java:stop(3359)) - Stopping server on 46773
2020-06-02 22:44:30,389 [IPC Server listener on 0] INFO  ipc.Server (Server.java:run(1330)) - Stopping IPC Server listener on 0
2020-06-02 22:44:30,390 [IPC Server Responder] INFO  ipc.Server (Server.java:run(1465)) - Stopping IPC Server Responder
2020-06-02 22:44:30,462 [SCM Heartbeat Processing Thread - 0] WARN  node.NodeStateManager (NodeStateManager.java:scheduleNextHealthCheck(661)) - Current Thread is interrupted, shutting down HB processing thread for Node Manager.
2020-06-02 22:44:30,462 [Listener at 127.0.0.1/40641] INFO  server.StorageContainerManager (StorageContainerManager.java:stop(846)) - Stopping block service RPC server
2020-06-02 22:44:30,462 [Listener at 127.0.0.1/40641] INFO  server.SCMBlockProtocolServer (SCMBlockProtocolServer.java:stop(158)) - Stopping the RPC server for Block Protocol
2020-06-02 22:44:30,462 [Listener at 127.0.0.1/40641] INFO  ipc.Server (Server.java:stop(3359)) - Stopping server on 41043
2020-06-02 22:44:30,463 [IPC Server listener on 0] INFO  ipc.Server (Server.java:run(1330)) - Stopping IPC Server listener on 0
2020-06-02 22:44:30,464 [IPC Server Responder] INFO  ipc.Server (Server.java:run(1465)) - Stopping IPC Server Responder
2020-06-02 22:44:30,464 [Listener at 127.0.0.1/40641] INFO  server.StorageContainerManager (StorageContainerManager.java:stop(853)) - Stopping the StorageContainerLocationProtocol RPC server
2020-06-02 22:44:30,464 [Listener at 127.0.0.1/40641] INFO  server.SCMClientProtocolServer (SCMClientProtocolServer.java:stop(166)) - Stopping the RPC server for Client Protocol
2020-06-02 22:44:30,465 [Listener at 127.0.0.1/40641] INFO  ipc.Server (Server.java:stop(3359)) - Stopping server on 39179
2020-06-02 22:44:30,466 [IPC Server listener on 0] INFO  ipc.Server (Server.java:run(1330)) - Stopping IPC Server listener on 0
2020-06-02 22:44:30,467 [IPC Server Responder] INFO  ipc.Server (Server.java:run(1465)) - Stopping IPC Server Responder
2020-06-02 22:44:30,467 [Listener at 127.0.0.1/40641] INFO  server.StorageContainerManager (StorageContainerManager.java:stop(860)) - Stopping Storage Container Manager HTTP server.
2020-06-02 22:44:30,468 [Listener at 127.0.0.1/40641] INFO  handler.ContextHandler (ContextHandler.java:doStop(1016)) - Stopped o.e.j.w.WebAppContext@4017fe2c{scm,/,null,UNAVAILABLE}{file:/github/workspace/mnt/ozone/hadoop-ozone/integration-test/target/test-classes/webapps/scm}
2020-06-02 22:44:30,468 [Listener at 127.0.0.1/40641] INFO  server.AbstractConnector (AbstractConnector.java:doStop(380)) - Stopped ServerConnector@7161457{HTTP/1.1,[http/1.1]}{0.0.0.0:0}
2020-06-02 22:44:30,468 [Listener at 127.0.0.1/40641] INFO  server.session (HouseKeeper.java:stopScavenging(158)) - node0 Stopped scavenging
2020-06-02 22:44:30,468 [Listener at 127.0.0.1/40641] INFO  handler.ContextHandler (ContextHandler.java:doStop(1016)) - Stopped o.e.j.s.ServletContextHandler@22ad1bae{static,/static,file:///github/workspace/mnt/ozone/hadoop-ozone/integration-test/target/test-classes/webapps/static,UNAVAILABLE}
2020-06-02 22:44:30,469 [Listener at 127.0.0.1/40641] INFO  handler.ContextHandler (ContextHandler.java:doStop(1016)) - Stopped o.e.j.s.ServletContextHandler@5ad1904f{logs,/logs,file:///github/workspace/mnt/ozone/hadoop-ozone/integration-test/target/log,UNAVAILABLE}
2020-06-02 22:44:30,470 [Listener at 127.0.0.1/40641] INFO  server.StorageContainerManager (StorageContainerManager.java:stop(871)) - Stopping Block Manager Service.
2020-06-02 22:44:30,470 [Listener at 127.0.0.1/40641] INFO  utils.BackgroundService (BackgroundService.java:shutdown(157)) - Shutting down service SCMBlockDeletingService
2020-06-02 22:44:30,470 [Listener at 127.0.0.1/40641] INFO  utils.BackgroundService (BackgroundService.java:shutdown(157)) - Shutting down service SCMBlockDeletingService
2020-06-02 22:44:30,470 [Listener at 127.0.0.1/40641] INFO  server.StorageContainerManager (StorageContainerManager.java:stop(896)) - Stopping SCM Event Queue.
2020-06-02 22:44:30,474 [Listener at 127.0.0.1/40641] INFO  impl.MetricsSystemImpl (MetricsSystemImpl.java:stop(210)) - Stopping HddsDatanode metrics system...
2020-06-02 22:44:30,476 [prometheus] INFO  impl.MetricsSinkAdapter (MetricsSinkAdapter.java:publishMetricsFromQueue(141)) - prometheus thread interrupted.
2020-06-02 22:44:30,476 [Listener at 127.0.0.1/40641] INFO  impl.MetricsSystemImpl (MetricsSystemImpl.java:stop(216)) - HddsDatanode metrics system stopped.
]]></system-out>
    <system-err><![CDATA[ERROR StatusLogger No Log4j 2 configuration file found. Using default configuration (logging only errors to the console), or user programmatically provided configurations. Set system property 'log4j2.debug' to show Log4j 2 internal initialization logging. See https://logging.apache.org/log4j/2.x/manual/configuration.html for instructions on how to configure Log4j 2
]]></system-err>
  </testcase>
</testsuite>