<?xml version="1.0" encoding="UTF-8"?>
<testsuite xmlns:xsi="http://www.w3.org/2001/XMLSchema-instance" xsi:noNamespaceSchemaLocation="https://maven.apache.org/surefire/maven-surefire-plugin/xsd/surefire-test-report-3.0.xsd" version="3.0" name="org.apache.hadoop.ozone.container.upgrade.TestDatanodeUpgradeToScmHA" time="39.449" tests="8" errors="1" skipped="0" failures="0">
  <properties>
    <property name="awt.toolkit" value="sun.awt.X11.XToolkit"/>
    <property name="file.encoding.pkg" value="sun.io"/>
    <property name="java.specification.version" value="1.8"/>
    <property name="sun.cpu.isalist" value=""/>
    <property name="sun.jnu.encoding" value="UTF-8"/>
    <property name="java.class.path" value="/home/runner/work/ozone/ozone/hadoop-hdds/container-service/target/test-classes:/home/runner/work/ozone/ozone/hadoop-hdds/container-service/target/classes:/home/runner/work/ozone/ozone/hadoop-hdds/common/target/classes:/home/runner/work/ozone/ozone/hadoop-hdds/hadoop-dependency-client/target/classes:/home/runner/.m2/repository/org/apache/hadoop/hadoop-annotations/3.3.4/hadoop-annotations-3.3.4.jar:/usr/lib/jvm/temurin-8-jdk-amd64/jre/../lib/tools.jar:/home/runner/.m2/repository/org/apache/hadoop/hadoop-common/3.3.4/hadoop-common-3.3.4.jar:/home/runner/.m2/repository/org/apache/hadoop/thirdparty/hadoop-shaded-guava/1.1.1/hadoop-shaded-guava-1.1.1.jar:/home/runner/.m2/repository/org/apache/httpcomponents/httpclient/4.5.13/httpclient-4.5.13.jar:/home/runner/.m2/repository/org/apache/httpcomponents/httpcore/4.4.13/httpcore-4.4.13.jar:/home/runner/.m2/repository/jakarta/activation/jakarta.activation-api/1.2.2/jakarta.activation-api-1.2.2.jar:/home/runner/.m2/repository/com/google/re2j/re2j/1.1/re2j-1.1.jar:/home/runner/.m2/repository/org/apache/hadoop/hadoop-auth/3.3.4/hadoop-auth-3.3.4.jar:/home/runner/.m2/repository/org/apache/kerby/kerb-core/1.0.1/kerb-core-1.0.1.jar:/home/runner/.m2/repository/org/apache/kerby/kerby-pkix/1.0.1/kerby-pkix-1.0.1.jar:/home/runner/.m2/repository/org/apache/kerby/kerby-asn1/1.0.1/kerby-asn1-1.0.1.jar:/home/runner/.m2/repository/org/apache/kerby/kerby-util/1.0.1/kerby-util-1.0.1.jar:/home/runner/.m2/repository/org/codehaus/woodstox/stax2-api/4.2.1/stax2-api-4.2.1.jar:/home/runner/.m2/repository/com/fasterxml/woodstox/woodstox-core/5.4.0/woodstox-core-5.4.0.jar:/home/runner/.m2/repository/org/xerial/snappy/snappy-java/1.1.8.2/snappy-java-1.1.8.2.jar:/home/runner/.m2/repository/org/apache/hadoop/hadoop-hdfs/3.3.4/hadoop-hdfs-3.3.4.jar:/home/runner/.m2/repository/info/picocli/picocli/4.6.1/picocli-4.6.1.jar:/home/runner/.m2/repository/com/google/protobuf/protobuf-java/2.5.0/protobuf-java-2.5.0.jar:/home/runner/.m2/repository/com/google/guava/guava/31.1-jre/guava-31.1-jre.jar:/home/runner/.m2/repository/com/google/guava/failureaccess/1.0.1/failureaccess-1.0.1.jar:/home/runner/.m2/repository/com/google/guava/listenablefuture/9999.0-empty-to-avoid-conflict-with-guava/listenablefuture-9999.0-empty-to-avoid-conflict-with-guava.jar:/home/runner/.m2/repository/org/checkerframework/checker-qual/3.12.0/checker-qual-3.12.0.jar:/home/runner/.m2/repository/com/google/errorprone/error_prone_annotations/2.2.0/error_prone_annotations-2.2.0.jar:/home/runner/.m2/repository/com/google/j2objc/j2objc-annotations/1.3/j2objc-annotations-1.3.jar:/home/runner/.m2/repository/org/apache/commons/commons-lang3/3.7/commons-lang3-3.7.jar:/home/runner/.m2/repository/commons-io/commons-io/2.11.0/commons-io-2.11.0.jar:/home/runner/.m2/repository/com/fasterxml/jackson/core/jackson-annotations/2.13.4/jackson-annotations-2.13.4.jar:/home/runner/.m2/repository/com/fasterxml/jackson/datatype/jackson-datatype-jsr310/2.13.4/jackson-datatype-jsr310-2.13.4.jar:/home/runner/.m2/repository/com/fasterxml/jackson/core/jackson-core/2.13.4/jackson-core-2.13.4.jar:/home/runner/.m2/repository/com/fasterxml/jackson/core/jackson-databind/2.13.4.2/jackson-databind-2.13.4.2.jar:/home/runner/work/ozone/ozone/hadoop-hdds/annotations/target/classes:/home/runner/work/ozone/ozone/hadoop-hdds/config/target/classes:/home/runner/.m2/repository/javax/annotation/javax.annotation-api/1.2/javax.annotation-api-1.2.jar:/home/runner/.m2/repository/org/apache/ratis/ratis-server/2.4.2-8b8bdda-SNAPSHOT/ratis-server-2.4.2-8b8bdda-SNAPSHOT.jar:/home/runner/.m2/repository/org/apache/ratis/ratis-thirdparty-misc/1.0.3/ratis-thirdparty-misc-1.0.3.jar:/home/runner/.m2/repository/org/apache/ratis/ratis-proto/2.4.2-8b8bdda-SNAPSHOT/ratis-proto-2.4.2-8b8bdda-SNAPSHOT.jar:/home/runner/.m2/repository/org/apache/ratis/ratis-common/2.4.2-8b8bdda-SNAPSHOT/ratis-common-2.4.2-8b8bdda-SNAPSHOT.jar:/home/runner/.m2/repository/org/apache/ratis/ratis-client/2.4.2-8b8bdda-SNAPSHOT/ratis-client-2.4.2-8b8bdda-SNAPSHOT.jar:/home/runner/.m2/repository/org/apache/ratis/ratis-server-api/2.4.2-8b8bdda-SNAPSHOT/ratis-server-api-2.4.2-8b8bdda-SNAPSHOT.jar:/home/runner/.m2/repository/org/apache/ratis/ratis-metrics/2.4.2-8b8bdda-SNAPSHOT/ratis-metrics-2.4.2-8b8bdda-SNAPSHOT.jar:/home/runner/.m2/repository/org/apache/ratis/ratis-netty/2.4.2-8b8bdda-SNAPSHOT/ratis-netty-2.4.2-8b8bdda-SNAPSHOT.jar:/home/runner/.m2/repository/org/apache/ratis/ratis-grpc/2.4.2-8b8bdda-SNAPSHOT/ratis-grpc-2.4.2-8b8bdda-SNAPSHOT.jar:/home/runner/.m2/repository/org/apache/logging/log4j/log4j-api/2.17.1/log4j-api-2.17.1.jar:/home/runner/.m2/repository/org/apache/commons/commons-pool2/2.6.0/commons-pool2-2.6.0.jar:/home/runner/.m2/repository/org/bouncycastle/bcpkix-jdk15on/1.67/bcpkix-jdk15on-1.67.jar:/home/runner/.m2/repository/org/bouncycastle/bcprov-jdk15on/1.67/bcprov-jdk15on-1.67.jar:/home/runner/.m2/repository/commons-validator/commons-validator/1.6/commons-validator-1.6.jar:/home/runner/.m2/repository/commons-beanutils/commons-beanutils/1.9.4/commons-beanutils-1.9.4.jar:/home/runner/.m2/repository/commons-digester/commons-digester/1.8.1/commons-digester-1.8.1.jar:/home/runner/.m2/repository/commons-collections/commons-collections/3.2.2/commons-collections-3.2.2.jar:/home/runner/.m2/repository/io/jaegertracing/jaeger-client/1.6.0/jaeger-client-1.6.0.jar:/home/runner/.m2/repository/io/jaegertracing/jaeger-thrift/1.6.0/jaeger-thrift-1.6.0.jar:/home/runner/.m2/repository/org/apache/thrift/libthrift/0.14.1/libthrift-0.14.1.jar:/home/runner/.m2/repository/io/jaegertracing/jaeger-core/1.6.0/jaeger-core-1.6.0.jar:/home/runner/.m2/repository/com/google/code/gson/gson/2.9.0/gson-2.9.0.jar:/home/runner/.m2/repository/io/jaegertracing/jaeger-tracerresolver/1.6.0/jaeger-tracerresolver-1.6.0.jar:/home/runner/.m2/repository/io/opentracing/contrib/opentracing-tracerresolver/0.1.8/opentracing-tracerresolver-0.1.8.jar:/home/runner/.m2/repository/org/jetbrains/kotlin/kotlin-stdlib/1.6.21/kotlin-stdlib-1.6.21.jar:/home/runner/.m2/repository/org/jetbrains/kotlin/kotlin-stdlib-common/1.6.21/kotlin-stdlib-common-1.6.21.jar:/home/runner/.m2/repository/org/jetbrains/annotations/13.0/annotations-13.0.jar:/home/runner/.m2/repository/io/opentracing/opentracing-util/0.33.0/opentracing-util-0.33.0.jar:/home/runner/.m2/repository/io/opentracing/opentracing-api/0.33.0/opentracing-api-0.33.0.jar:/home/runner/.m2/repository/io/opentracing/opentracing-noop/0.33.0/opentracing-noop-0.33.0.jar:/home/runner/.m2/repository/org/reflections/reflections/0.9.11/reflections-0.9.11.jar:/home/runner/.m2/repository/org/javassist/javassist/3.21.0-GA/javassist-3.21.0-GA.jar:/home/runner/work/ozone/ozone/hadoop-hdds/interface-client/target/classes:/home/runner/.m2/repository/org/apache/hadoop/thirdparty/hadoop-shaded-protobuf_3_7/1.1.1/hadoop-shaded-protobuf_3_7-1.1.1.jar:/home/runner/work/ozone/ozone/hadoop-hdds/interface-admin/target/classes:/home/runner/work/ozone/ozone/hadoop-hdds/test-utils/target/classes:/home/runner/.m2/repository/commons-logging/commons-logging/1.2/commons-logging-1.2.jar:/home/runner/.m2/repository/org/junit/jupiter/junit-jupiter-api/5.8.2/junit-jupiter-api-5.8.2.jar:/home/runner/.m2/repository/org/opentest4j/opentest4j/1.2.0/opentest4j-1.2.0.jar:/home/runner/.m2/repository/org/junit/platform/junit-platform-commons/1.8.2/junit-platform-commons-1.8.2.jar:/home/runner/.m2/repository/ch/qos/reload4j/reload4j/1.2.22/reload4j-1.2.22.jar:/home/runner/.m2/repository/org/slf4j/slf4j-api/1.7.36/slf4j-api-1.7.36.jar:/home/runner/.m2/repository/org/apache/commons/commons-compress/1.21/commons-compress-1.21.jar:/home/runner/.m2/repository/com/github/luben/zstd-jni/1.5.2-5/zstd-jni-1.5.2-5.jar:/home/runner/work/ozone/ozone/hadoop-hdds/common/target/test-classes:/home/runner/work/ozone/ozone/hadoop-hdds/framework/target/classes:/home/runner/work/ozone/ozone/hadoop-hdds/interface-server/target/classes:/home/runner/work/ozone/ozone/hadoop-hdds/managed-rocksdb/target/classes:/home/runner/.m2/repository/org/rocksdb/rocksdbjni/7.7.3/rocksdbjni-7.7.3.jar:/home/runner/work/ozone/ozone/hadoop-hdds/hadoop-dependency-server/target/classes:/home/runner/.m2/repository/commons-cli/commons-cli/1.2/commons-cli-1.2.jar:/home/runner/.m2/repository/org/apache/commons/commons-configuration2/2.1.1/commons-configuration2-2.1.1.jar:/home/runner/.m2/repository/org/apache/logging/log4j/log4j-core/2.17.1/log4j-core-2.17.1.jar:/home/runner/.m2/repository/com/lmax/disruptor/3.4.2/disruptor-3.4.2.jar:/home/runner/.m2/repository/org/eclipse/jetty/jetty-util/9.4.49.v20220914/jetty-util-9.4.49.v20220914.jar:/home/runner/.m2/repository/org/eclipse/jetty/jetty-server/9.4.49.v20220914/jetty-server-9.4.49.v20220914.jar:/home/runner/.m2/repository/javax/servlet/javax.servlet-api/3.1.0/javax.servlet-api-3.1.0.jar:/home/runner/.m2/repository/org/eclipse/jetty/jetty-http/9.4.49.v20220914/jetty-http-9.4.49.v20220914.jar:/home/runner/.m2/repository/org/eclipse/jetty/jetty-io/9.4.49.v20220914/jetty-io-9.4.49.v20220914.jar:/home/runner/.m2/repository/org/eclipse/jetty/jetty-servlet/9.4.49.v20220914/jetty-servlet-9.4.49.v20220914.jar:/home/runner/.m2/repository/org/eclipse/jetty/jetty-security/9.4.49.v20220914/jetty-security-9.4.49.v20220914.jar:/home/runner/.m2/repository/org/eclipse/jetty/jetty-util-ajax/9.4.49.v20220914/jetty-util-ajax-9.4.49.v20220914.jar:/home/runner/.m2/repository/org/eclipse/jetty/jetty-webapp/9.4.49.v20220914/jetty-webapp-9.4.49.v20220914.jar:/home/runner/.m2/repository/org/eclipse/jetty/jetty-xml/9.4.49.v20220914/jetty-xml-9.4.49.v20220914.jar:/home/runner/.m2/repository/io/prometheus/simpleclient_dropwizard/0.7.0/simpleclient_dropwizard-0.7.0.jar:/home/runner/.m2/repository/io/prometheus/simpleclient/0.7.0/simpleclient-0.7.0.jar:/home/runner/.m2/repository/io/prometheus/simpleclient_common/0.7.0/simpleclient_common-0.7.0.jar:/home/runner/.m2/repository/org/apache/hadoop/hadoop-hdfs-client/3.3.4/hadoop-hdfs-client-3.3.4.jar:/home/runner/.m2/repository/com/squareup/okhttp3/okhttp/4.9.3/okhttp-4.9.3.jar:/home/runner/.m2/repository/com/squareup/okio/okio/2.8.0/okio-2.8.0.jar:/home/runner/work/ozone/ozone/hadoop-hdds/rocksdb-checkpoint-differ/target/classes:/home/runner/.m2/repository/org/awaitility/awaitility/4.2.0/awaitility-4.2.0.jar:/home/runner/.m2/repository/org/hamcrest/hamcrest/2.1/hamcrest-2.1.jar:/home/runner/work/ozone/ozone/hadoop-hdds/client/target/classes:/home/runner/work/ozone/ozone/hadoop-hdds/erasurecode/target/classes:/home/runner/.m2/repository/commons-codec/commons-codec/1.15/commons-codec-1.15.jar:/home/runner/.m2/repository/io/dropwizard/metrics/metrics-core/3.2.4/metrics-core-3.2.4.jar:/home/runner/.m2/repository/org/mockito/mockito-core/2.28.2/mockito-core-2.28.2.jar:/home/runner/.m2/repository/net/bytebuddy/byte-buddy/1.9.10/byte-buddy-1.9.10.jar:/home/runner/.m2/repository/net/bytebuddy/byte-buddy-agent/1.9.10/byte-buddy-agent-1.9.10.jar:/home/runner/.m2/repository/org/objenesis/objenesis/1.0/objenesis-1.0.jar:/home/runner/.m2/repository/org/yaml/snakeyaml/2.0/snakeyaml-2.0.jar:/home/runner/work/ozone/ozone/hadoop-hdds/docs/target/classes:/home/runner/.m2/repository/com/github/spotbugs/spotbugs-annotations/3.1.12/spotbugs-annotations-3.1.12.jar:/home/runner/.m2/repository/com/google/code/findbugs/jsr305/3.0.0/jsr305-3.0.0.jar:/home/runner/.m2/repository/org/powermock/powermock-module-junit4/2.0.4/powermock-module-junit4-2.0.4.jar:/home/runner/.m2/repository/org/powermock/powermock-module-junit4-common/2.0.4/powermock-module-junit4-common-2.0.4.jar:/home/runner/.m2/repository/org/powermock/powermock-reflect/2.0.4/powermock-reflect-2.0.4.jar:/home/runner/.m2/repository/org/powermock/powermock-core/2.0.4/powermock-core-2.0.4.jar:/home/runner/.m2/repository/org/hamcrest/hamcrest-core/1.3/hamcrest-core-1.3.jar:/home/runner/.m2/repository/org/powermock/powermock-api-mockito2/2.0.4/powermock-api-mockito2-2.0.4.jar:/home/runner/.m2/repository/org/powermock/powermock-api-support/2.0.4/powermock-api-support-2.0.4.jar:/home/runner/work/ozone/ozone/hadoop-hdds/hadoop-dependency-test/target/classes:/home/runner/.m2/repository/org/apache/hadoop/hadoop-common/3.3.4/hadoop-common-3.3.4-tests.jar:/home/runner/.m2/repository/org/apache/hadoop/hadoop-hdfs/3.3.4/hadoop-hdfs-3.3.4-tests.jar:/home/runner/.m2/repository/org/assertj/assertj-core/3.12.2/assertj-core-3.12.2.jar:/home/runner/.m2/repository/org/slf4j/slf4j-reload4j/1.7.36/slf4j-reload4j-1.7.36.jar:/home/runner/.m2/repository/javax/xml/bind/jaxb-api/2.3.0/jaxb-api-2.3.0.jar:/home/runner/.m2/repository/org/glassfish/jaxb/jaxb-runtime/2.3.0.1/jaxb-runtime-2.3.0.1.jar:/home/runner/.m2/repository/org/glassfish/jaxb/jaxb-core/2.3.0.1/jaxb-core-2.3.0.1.jar:/home/runner/.m2/repository/org/glassfish/jaxb/txw2/2.3.0.1/txw2-2.3.0.1.jar:/home/runner/.m2/repository/com/sun/istack/istack-commons-runtime/3.0.5/istack-commons-runtime-3.0.5.jar:/home/runner/.m2/repository/org/jvnet/staxex/stax-ex/1.7.8/stax-ex-1.7.8.jar:/home/runner/.m2/repository/com/sun/xml/fastinfoset/FastInfoset/1.2.13/FastInfoset-1.2.13.jar:/home/runner/.m2/repository/io/netty/netty-transport/4.1.86.Final/netty-transport-4.1.86.Final.jar:/home/runner/.m2/repository/io/netty/netty-common/4.1.86.Final/netty-common-4.1.86.Final.jar:/home/runner/.m2/repository/io/netty/netty-buffer/4.1.86.Final/netty-buffer-4.1.86.Final.jar:/home/runner/.m2/repository/io/netty/netty-resolver/4.1.86.Final/netty-resolver-4.1.86.Final.jar:/home/runner/.m2/repository/io/netty/netty-codec/4.1.86.Final/netty-codec-4.1.86.Final.jar:/home/runner/.m2/repository/io/netty/netty-handler/4.1.86.Final/netty-handler-4.1.86.Final.jar:/home/runner/.m2/repository/io/netty/netty-transport-native-unix-common/4.1.86.Final/netty-transport-native-unix-common-4.1.86.Final.jar:/home/runner/.m2/repository/org/apache/commons/commons-text/1.4/commons-text-1.4.jar:/home/runner/.m2/repository/org/mockito/mockito-junit-jupiter/2.28.2/mockito-junit-jupiter-2.28.2.jar:/home/runner/.m2/repository/org/junit/jupiter/junit-jupiter-params/5.8.2/junit-jupiter-params-5.8.2.jar:/home/runner/.m2/repository/org/apiguardian/apiguardian-api/1.1.2/apiguardian-api-1.1.2.jar:/home/runner/.m2/repository/junit/junit/4.13.1/junit-4.13.1.jar:"/>
    <property name="java.vm.vendor" value="Temurin"/>
    <property name="sun.arch.data.model" value="64"/>
    <property name="test.build.dir" value="/home/runner/work/ozone/ozone/hadoop-hdds/container-service/target/test-dir"/>
    <property name="test.cache.data" value=""/>
    <property name="java.vendor.url" value="https://adoptium.net/"/>
    <property name="user.timezone" value="Etc/UTC"/>
    <property name="java.vm.specification.version" value="1.8"/>
    <property name="os.name" value="Linux"/>
    <property name="test.build.data" value="/home/runner/work/ozone/ozone/hadoop-hdds/container-service/target/test-dir"/>
    <property name="sun.java.launcher" value="SUN_STANDARD"/>
    <property name="sun.boot.library.path" value="/usr/lib/jvm/temurin-8-jdk-amd64/jre/lib/amd64"/>
    <property name="sun.java.command" value="/home/runner/work/ozone/ozone/hadoop-hdds/container-service/target/surefire/surefirebooter4770345800594673790.jar /home/runner/work/ozone/ozone/hadoop-hdds/container-service/target/surefire 2023-03-29T20-28-11_301-jvmRun1 surefire3358177815625147504tmp surefire_140355015269371542564tmp"/>
    <property name="surefire.test.class.path" value="/home/runner/work/ozone/ozone/hadoop-hdds/container-service/target/test-classes:/home/runner/work/ozone/ozone/hadoop-hdds/container-service/target/classes:/home/runner/work/ozone/ozone/hadoop-hdds/common/target/classes:/home/runner/work/ozone/ozone/hadoop-hdds/hadoop-dependency-client/target/classes:/home/runner/.m2/repository/org/apache/hadoop/hadoop-annotations/3.3.4/hadoop-annotations-3.3.4.jar:/usr/lib/jvm/temurin-8-jdk-amd64/jre/../lib/tools.jar:/home/runner/.m2/repository/org/apache/hadoop/hadoop-common/3.3.4/hadoop-common-3.3.4.jar:/home/runner/.m2/repository/org/apache/hadoop/thirdparty/hadoop-shaded-guava/1.1.1/hadoop-shaded-guava-1.1.1.jar:/home/runner/.m2/repository/org/apache/httpcomponents/httpclient/4.5.13/httpclient-4.5.13.jar:/home/runner/.m2/repository/org/apache/httpcomponents/httpcore/4.4.13/httpcore-4.4.13.jar:/home/runner/.m2/repository/jakarta/activation/jakarta.activation-api/1.2.2/jakarta.activation-api-1.2.2.jar:/home/runner/.m2/repository/com/google/re2j/re2j/1.1/re2j-1.1.jar:/home/runner/.m2/repository/org/apache/hadoop/hadoop-auth/3.3.4/hadoop-auth-3.3.4.jar:/home/runner/.m2/repository/org/apache/kerby/kerb-core/1.0.1/kerb-core-1.0.1.jar:/home/runner/.m2/repository/org/apache/kerby/kerby-pkix/1.0.1/kerby-pkix-1.0.1.jar:/home/runner/.m2/repository/org/apache/kerby/kerby-asn1/1.0.1/kerby-asn1-1.0.1.jar:/home/runner/.m2/repository/org/apache/kerby/kerby-util/1.0.1/kerby-util-1.0.1.jar:/home/runner/.m2/repository/org/codehaus/woodstox/stax2-api/4.2.1/stax2-api-4.2.1.jar:/home/runner/.m2/repository/com/fasterxml/woodstox/woodstox-core/5.4.0/woodstox-core-5.4.0.jar:/home/runner/.m2/repository/org/xerial/snappy/snappy-java/1.1.8.2/snappy-java-1.1.8.2.jar:/home/runner/.m2/repository/org/apache/hadoop/hadoop-hdfs/3.3.4/hadoop-hdfs-3.3.4.jar:/home/runner/.m2/repository/info/picocli/picocli/4.6.1/picocli-4.6.1.jar:/home/runner/.m2/repository/com/google/protobuf/protobuf-java/2.5.0/protobuf-java-2.5.0.jar:/home/runner/.m2/repository/com/google/guava/guava/31.1-jre/guava-31.1-jre.jar:/home/runner/.m2/repository/com/google/guava/failureaccess/1.0.1/failureaccess-1.0.1.jar:/home/runner/.m2/repository/com/google/guava/listenablefuture/9999.0-empty-to-avoid-conflict-with-guava/listenablefuture-9999.0-empty-to-avoid-conflict-with-guava.jar:/home/runner/.m2/repository/org/checkerframework/checker-qual/3.12.0/checker-qual-3.12.0.jar:/home/runner/.m2/repository/com/google/errorprone/error_prone_annotations/2.2.0/error_prone_annotations-2.2.0.jar:/home/runner/.m2/repository/com/google/j2objc/j2objc-annotations/1.3/j2objc-annotations-1.3.jar:/home/runner/.m2/repository/org/apache/commons/commons-lang3/3.7/commons-lang3-3.7.jar:/home/runner/.m2/repository/commons-io/commons-io/2.11.0/commons-io-2.11.0.jar:/home/runner/.m2/repository/com/fasterxml/jackson/core/jackson-annotations/2.13.4/jackson-annotations-2.13.4.jar:/home/runner/.m2/repository/com/fasterxml/jackson/datatype/jackson-datatype-jsr310/2.13.4/jackson-datatype-jsr310-2.13.4.jar:/home/runner/.m2/repository/com/fasterxml/jackson/core/jackson-core/2.13.4/jackson-core-2.13.4.jar:/home/runner/.m2/repository/com/fasterxml/jackson/core/jackson-databind/2.13.4.2/jackson-databind-2.13.4.2.jar:/home/runner/work/ozone/ozone/hadoop-hdds/annotations/target/classes:/home/runner/work/ozone/ozone/hadoop-hdds/config/target/classes:/home/runner/.m2/repository/javax/annotation/javax.annotation-api/1.2/javax.annotation-api-1.2.jar:/home/runner/.m2/repository/org/apache/ratis/ratis-server/2.4.2-8b8bdda-SNAPSHOT/ratis-server-2.4.2-8b8bdda-SNAPSHOT.jar:/home/runner/.m2/repository/org/apache/ratis/ratis-thirdparty-misc/1.0.3/ratis-thirdparty-misc-1.0.3.jar:/home/runner/.m2/repository/org/apache/ratis/ratis-proto/2.4.2-8b8bdda-SNAPSHOT/ratis-proto-2.4.2-8b8bdda-SNAPSHOT.jar:/home/runner/.m2/repository/org/apache/ratis/ratis-common/2.4.2-8b8bdda-SNAPSHOT/ratis-common-2.4.2-8b8bdda-SNAPSHOT.jar:/home/runner/.m2/repository/org/apache/ratis/ratis-client/2.4.2-8b8bdda-SNAPSHOT/ratis-client-2.4.2-8b8bdda-SNAPSHOT.jar:/home/runner/.m2/repository/org/apache/ratis/ratis-server-api/2.4.2-8b8bdda-SNAPSHOT/ratis-server-api-2.4.2-8b8bdda-SNAPSHOT.jar:/home/runner/.m2/repository/org/apache/ratis/ratis-metrics/2.4.2-8b8bdda-SNAPSHOT/ratis-metrics-2.4.2-8b8bdda-SNAPSHOT.jar:/home/runner/.m2/repository/org/apache/ratis/ratis-netty/2.4.2-8b8bdda-SNAPSHOT/ratis-netty-2.4.2-8b8bdda-SNAPSHOT.jar:/home/runner/.m2/repository/org/apache/ratis/ratis-grpc/2.4.2-8b8bdda-SNAPSHOT/ratis-grpc-2.4.2-8b8bdda-SNAPSHOT.jar:/home/runner/.m2/repository/org/apache/logging/log4j/log4j-api/2.17.1/log4j-api-2.17.1.jar:/home/runner/.m2/repository/org/apache/commons/commons-pool2/2.6.0/commons-pool2-2.6.0.jar:/home/runner/.m2/repository/org/bouncycastle/bcpkix-jdk15on/1.67/bcpkix-jdk15on-1.67.jar:/home/runner/.m2/repository/org/bouncycastle/bcprov-jdk15on/1.67/bcprov-jdk15on-1.67.jar:/home/runner/.m2/repository/commons-validator/commons-validator/1.6/commons-validator-1.6.jar:/home/runner/.m2/repository/commons-beanutils/commons-beanutils/1.9.4/commons-beanutils-1.9.4.jar:/home/runner/.m2/repository/commons-digester/commons-digester/1.8.1/commons-digester-1.8.1.jar:/home/runner/.m2/repository/commons-collections/commons-collections/3.2.2/commons-collections-3.2.2.jar:/home/runner/.m2/repository/io/jaegertracing/jaeger-client/1.6.0/jaeger-client-1.6.0.jar:/home/runner/.m2/repository/io/jaegertracing/jaeger-thrift/1.6.0/jaeger-thrift-1.6.0.jar:/home/runner/.m2/repository/org/apache/thrift/libthrift/0.14.1/libthrift-0.14.1.jar:/home/runner/.m2/repository/io/jaegertracing/jaeger-core/1.6.0/jaeger-core-1.6.0.jar:/home/runner/.m2/repository/com/google/code/gson/gson/2.9.0/gson-2.9.0.jar:/home/runner/.m2/repository/io/jaegertracing/jaeger-tracerresolver/1.6.0/jaeger-tracerresolver-1.6.0.jar:/home/runner/.m2/repository/io/opentracing/contrib/opentracing-tracerresolver/0.1.8/opentracing-tracerresolver-0.1.8.jar:/home/runner/.m2/repository/org/jetbrains/kotlin/kotlin-stdlib/1.6.21/kotlin-stdlib-1.6.21.jar:/home/runner/.m2/repository/org/jetbrains/kotlin/kotlin-stdlib-common/1.6.21/kotlin-stdlib-common-1.6.21.jar:/home/runner/.m2/repository/org/jetbrains/annotations/13.0/annotations-13.0.jar:/home/runner/.m2/repository/io/opentracing/opentracing-util/0.33.0/opentracing-util-0.33.0.jar:/home/runner/.m2/repository/io/opentracing/opentracing-api/0.33.0/opentracing-api-0.33.0.jar:/home/runner/.m2/repository/io/opentracing/opentracing-noop/0.33.0/opentracing-noop-0.33.0.jar:/home/runner/.m2/repository/org/reflections/reflections/0.9.11/reflections-0.9.11.jar:/home/runner/.m2/repository/org/javassist/javassist/3.21.0-GA/javassist-3.21.0-GA.jar:/home/runner/work/ozone/ozone/hadoop-hdds/interface-client/target/classes:/home/runner/.m2/repository/org/apache/hadoop/thirdparty/hadoop-shaded-protobuf_3_7/1.1.1/hadoop-shaded-protobuf_3_7-1.1.1.jar:/home/runner/work/ozone/ozone/hadoop-hdds/interface-admin/target/classes:/home/runner/work/ozone/ozone/hadoop-hdds/test-utils/target/classes:/home/runner/.m2/repository/commons-logging/commons-logging/1.2/commons-logging-1.2.jar:/home/runner/.m2/repository/org/junit/jupiter/junit-jupiter-api/5.8.2/junit-jupiter-api-5.8.2.jar:/home/runner/.m2/repository/org/opentest4j/opentest4j/1.2.0/opentest4j-1.2.0.jar:/home/runner/.m2/repository/org/junit/platform/junit-platform-commons/1.8.2/junit-platform-commons-1.8.2.jar:/home/runner/.m2/repository/ch/qos/reload4j/reload4j/1.2.22/reload4j-1.2.22.jar:/home/runner/.m2/repository/org/slf4j/slf4j-api/1.7.36/slf4j-api-1.7.36.jar:/home/runner/.m2/repository/org/apache/commons/commons-compress/1.21/commons-compress-1.21.jar:/home/runner/.m2/repository/com/github/luben/zstd-jni/1.5.2-5/zstd-jni-1.5.2-5.jar:/home/runner/work/ozone/ozone/hadoop-hdds/common/target/test-classes:/home/runner/work/ozone/ozone/hadoop-hdds/framework/target/classes:/home/runner/work/ozone/ozone/hadoop-hdds/interface-server/target/classes:/home/runner/work/ozone/ozone/hadoop-hdds/managed-rocksdb/target/classes:/home/runner/.m2/repository/org/rocksdb/rocksdbjni/7.7.3/rocksdbjni-7.7.3.jar:/home/runner/work/ozone/ozone/hadoop-hdds/hadoop-dependency-server/target/classes:/home/runner/.m2/repository/commons-cli/commons-cli/1.2/commons-cli-1.2.jar:/home/runner/.m2/repository/org/apache/commons/commons-configuration2/2.1.1/commons-configuration2-2.1.1.jar:/home/runner/.m2/repository/org/apache/logging/log4j/log4j-core/2.17.1/log4j-core-2.17.1.jar:/home/runner/.m2/repository/com/lmax/disruptor/3.4.2/disruptor-3.4.2.jar:/home/runner/.m2/repository/org/eclipse/jetty/jetty-util/9.4.49.v20220914/jetty-util-9.4.49.v20220914.jar:/home/runner/.m2/repository/org/eclipse/jetty/jetty-server/9.4.49.v20220914/jetty-server-9.4.49.v20220914.jar:/home/runner/.m2/repository/javax/servlet/javax.servlet-api/3.1.0/javax.servlet-api-3.1.0.jar:/home/runner/.m2/repository/org/eclipse/jetty/jetty-http/9.4.49.v20220914/jetty-http-9.4.49.v20220914.jar:/home/runner/.m2/repository/org/eclipse/jetty/jetty-io/9.4.49.v20220914/jetty-io-9.4.49.v20220914.jar:/home/runner/.m2/repository/org/eclipse/jetty/jetty-servlet/9.4.49.v20220914/jetty-servlet-9.4.49.v20220914.jar:/home/runner/.m2/repository/org/eclipse/jetty/jetty-security/9.4.49.v20220914/jetty-security-9.4.49.v20220914.jar:/home/runner/.m2/repository/org/eclipse/jetty/jetty-util-ajax/9.4.49.v20220914/jetty-util-ajax-9.4.49.v20220914.jar:/home/runner/.m2/repository/org/eclipse/jetty/jetty-webapp/9.4.49.v20220914/jetty-webapp-9.4.49.v20220914.jar:/home/runner/.m2/repository/org/eclipse/jetty/jetty-xml/9.4.49.v20220914/jetty-xml-9.4.49.v20220914.jar:/home/runner/.m2/repository/io/prometheus/simpleclient_dropwizard/0.7.0/simpleclient_dropwizard-0.7.0.jar:/home/runner/.m2/repository/io/prometheus/simpleclient/0.7.0/simpleclient-0.7.0.jar:/home/runner/.m2/repository/io/prometheus/simpleclient_common/0.7.0/simpleclient_common-0.7.0.jar:/home/runner/.m2/repository/org/apache/hadoop/hadoop-hdfs-client/3.3.4/hadoop-hdfs-client-3.3.4.jar:/home/runner/.m2/repository/com/squareup/okhttp3/okhttp/4.9.3/okhttp-4.9.3.jar:/home/runner/.m2/repository/com/squareup/okio/okio/2.8.0/okio-2.8.0.jar:/home/runner/work/ozone/ozone/hadoop-hdds/rocksdb-checkpoint-differ/target/classes:/home/runner/.m2/repository/org/awaitility/awaitility/4.2.0/awaitility-4.2.0.jar:/home/runner/.m2/repository/org/hamcrest/hamcrest/2.1/hamcrest-2.1.jar:/home/runner/work/ozone/ozone/hadoop-hdds/client/target/classes:/home/runner/work/ozone/ozone/hadoop-hdds/erasurecode/target/classes:/home/runner/.m2/repository/commons-codec/commons-codec/1.15/commons-codec-1.15.jar:/home/runner/.m2/repository/io/dropwizard/metrics/metrics-core/3.2.4/metrics-core-3.2.4.jar:/home/runner/.m2/repository/org/mockito/mockito-core/2.28.2/mockito-core-2.28.2.jar:/home/runner/.m2/repository/net/bytebuddy/byte-buddy/1.9.10/byte-buddy-1.9.10.jar:/home/runner/.m2/repository/net/bytebuddy/byte-buddy-agent/1.9.10/byte-buddy-agent-1.9.10.jar:/home/runner/.m2/repository/org/objenesis/objenesis/1.0/objenesis-1.0.jar:/home/runner/.m2/repository/org/yaml/snakeyaml/2.0/snakeyaml-2.0.jar:/home/runner/work/ozone/ozone/hadoop-hdds/docs/target/classes:/home/runner/.m2/repository/com/github/spotbugs/spotbugs-annotations/3.1.12/spotbugs-annotations-3.1.12.jar:/home/runner/.m2/repository/com/google/code/findbugs/jsr305/3.0.0/jsr305-3.0.0.jar:/home/runner/.m2/repository/org/powermock/powermock-module-junit4/2.0.4/powermock-module-junit4-2.0.4.jar:/home/runner/.m2/repository/org/powermock/powermock-module-junit4-common/2.0.4/powermock-module-junit4-common-2.0.4.jar:/home/runner/.m2/repository/org/powermock/powermock-reflect/2.0.4/powermock-reflect-2.0.4.jar:/home/runner/.m2/repository/org/powermock/powermock-core/2.0.4/powermock-core-2.0.4.jar:/home/runner/.m2/repository/org/hamcrest/hamcrest-core/1.3/hamcrest-core-1.3.jar:/home/runner/.m2/repository/org/powermock/powermock-api-mockito2/2.0.4/powermock-api-mockito2-2.0.4.jar:/home/runner/.m2/repository/org/powermock/powermock-api-support/2.0.4/powermock-api-support-2.0.4.jar:/home/runner/work/ozone/ozone/hadoop-hdds/hadoop-dependency-test/target/classes:/home/runner/.m2/repository/org/apache/hadoop/hadoop-common/3.3.4/hadoop-common-3.3.4-tests.jar:/home/runner/.m2/repository/org/apache/hadoop/hadoop-hdfs/3.3.4/hadoop-hdfs-3.3.4-tests.jar:/home/runner/.m2/repository/org/assertj/assertj-core/3.12.2/assertj-core-3.12.2.jar:/home/runner/.m2/repository/org/slf4j/slf4j-reload4j/1.7.36/slf4j-reload4j-1.7.36.jar:/home/runner/.m2/repository/javax/xml/bind/jaxb-api/2.3.0/jaxb-api-2.3.0.jar:/home/runner/.m2/repository/org/glassfish/jaxb/jaxb-runtime/2.3.0.1/jaxb-runtime-2.3.0.1.jar:/home/runner/.m2/repository/org/glassfish/jaxb/jaxb-core/2.3.0.1/jaxb-core-2.3.0.1.jar:/home/runner/.m2/repository/org/glassfish/jaxb/txw2/2.3.0.1/txw2-2.3.0.1.jar:/home/runner/.m2/repository/com/sun/istack/istack-commons-runtime/3.0.5/istack-commons-runtime-3.0.5.jar:/home/runner/.m2/repository/org/jvnet/staxex/stax-ex/1.7.8/stax-ex-1.7.8.jar:/home/runner/.m2/repository/com/sun/xml/fastinfoset/FastInfoset/1.2.13/FastInfoset-1.2.13.jar:/home/runner/.m2/repository/io/netty/netty-transport/4.1.86.Final/netty-transport-4.1.86.Final.jar:/home/runner/.m2/repository/io/netty/netty-common/4.1.86.Final/netty-common-4.1.86.Final.jar:/home/runner/.m2/repository/io/netty/netty-buffer/4.1.86.Final/netty-buffer-4.1.86.Final.jar:/home/runner/.m2/repository/io/netty/netty-resolver/4.1.86.Final/netty-resolver-4.1.86.Final.jar:/home/runner/.m2/repository/io/netty/netty-codec/4.1.86.Final/netty-codec-4.1.86.Final.jar:/home/runner/.m2/repository/io/netty/netty-handler/4.1.86.Final/netty-handler-4.1.86.Final.jar:/home/runner/.m2/repository/io/netty/netty-transport-native-unix-common/4.1.86.Final/netty-transport-native-unix-common-4.1.86.Final.jar:/home/runner/.m2/repository/org/apache/commons/commons-text/1.4/commons-text-1.4.jar:/home/runner/.m2/repository/org/mockito/mockito-junit-jupiter/2.28.2/mockito-junit-jupiter-2.28.2.jar:/home/runner/.m2/repository/org/junit/jupiter/junit-jupiter-params/5.8.2/junit-jupiter-params-5.8.2.jar:/home/runner/.m2/repository/org/apiguardian/apiguardian-api/1.1.2/apiguardian-api-1.1.2.jar:/home/runner/.m2/repository/junit/junit/4.13.1/junit-4.13.1.jar:"/>
    <property name="sun.cpu.endian" value="little"/>
    <property name="user.home" value="/home/runner"/>
    <property name="user.language" value="en"/>
    <property name="java.specification.vendor" value="Oracle Corporation"/>
    <property name="java.home" value="/usr/lib/jvm/temurin-8-jdk-amd64/jre"/>
    <property name="java.security.krb5.conf" value="/home/runner/work/ozone/ozone/hadoop-hdds/container-service/target/test-classes/krb5.conf"/>
    <property name="basedir" value="/home/runner/work/ozone/ozone/hadoop-hdds/container-service"/>
    <property name="file.separator" value="/"/>
    <property name="line.separator" value="&#10;"/>
    <property name="java.vm.specification.vendor" value="Oracle Corporation"/>
    <property name="java.specification.name" value="Java Platform API Specification"/>
    <property name="java.awt.graphicsenv" value="sun.awt.X11GraphicsEnvironment"/>
    <property name="skip.installnpx" value="true"/>
    <property name="surefire.real.class.path" value="/home/runner/work/ozone/ozone/hadoop-hdds/container-service/target/surefire/surefirebooter4770345800594673790.jar:/home/runner/.m2/repository/org/jacoco/org.jacoco.agent/0.8.5/org.jacoco.agent-0.8.5-runtime.jar"/>
    <property name="hadoop.log.dir" value="/home/runner/work/ozone/ozone/hadoop-hdds/container-service/target/log"/>
    <property name="sun.boot.class.path" value="/usr/lib/jvm/temurin-8-jdk-amd64/jre/lib/resources.jar:/usr/lib/jvm/temurin-8-jdk-amd64/jre/lib/rt.jar:/usr/lib/jvm/temurin-8-jdk-amd64/jre/lib/sunrsasign.jar:/usr/lib/jvm/temurin-8-jdk-amd64/jre/lib/jsse.jar:/usr/lib/jvm/temurin-8-jdk-amd64/jre/lib/jce.jar:/usr/lib/jvm/temurin-8-jdk-amd64/jre/lib/charsets.jar:/usr/lib/jvm/temurin-8-jdk-amd64/jre/lib/jfr.jar:/usr/lib/jvm/temurin-8-jdk-amd64/jre/classes"/>
    <property name="sun.management.compiler" value="HotSpot 64-Bit Tiered Compilers"/>
    <property name="skip.npx" value="true"/>
    <property name="java.runtime.version" value="1.8.0_362-b09"/>
    <property name="java.net.preferIPv4Stack" value="true"/>
    <property name="user.name" value="runner"/>
    <property name="path.separator" value=":"/>
    <property name="java.security.egd" value="file:///dev/urandom"/>
    <property name="os.version" value="5.15.0-1034-azure"/>
    <property name="java.endorsed.dirs" value="/usr/lib/jvm/temurin-8-jdk-amd64/jre/lib/endorsed"/>
    <property name="java.runtime.name" value="OpenJDK Runtime Environment"/>
    <property name="file.encoding" value="UTF-8"/>
    <property name="java.vm.name" value="OpenJDK 64-Bit Server VM"/>
    <property name="test.build.webapps" value=""/>
    <property name="localRepository" value="/home/runner/.m2/repository"/>
    <property name="java.vendor.url.bug" value="https://github.com/adoptium/adoptium-support/issues"/>
    <property name="java.io.tmpdir" value="/tmp"/>
    <property name="require.test.libhadoop" value=""/>
    <property name="java.version" value="1.8.0_362"/>
    <property name="user.dir" value="/home/runner/work/ozone/ozone/hadoop-hdds/container-service"/>
    <property name="os.arch" value="amd64"/>
    <property name="java.vm.specification.name" value="Java Virtual Machine Specification"/>
    <property name="test.build.classes" value="/home/runner/work/ozone/ozone/hadoop-hdds/container-service/target/test-classes"/>
    <property name="java.awt.printerjob" value="sun.print.PSPrinterJob"/>
    <property name="sun.os.patch.level" value="unknown"/>
    <property name="org.apache.ratis.thirdparty.io.netty.allocator.useCacheForAllThreads" value="false"/>
    <property name="hadoop.tmp.dir" value="/home/runner/work/ozone/ozone/hadoop-hdds/container-service/target/tmp"/>
    <property name="java.library.path" value="/usr/java/packages/lib/amd64:/usr/lib64:/lib64:/lib:/usr/lib"/>
    <property name="java.vm.info" value="mixed mode"/>
    <property name="java.vendor" value="Temurin"/>
    <property name="java.vm.version" value="25.362-b09"/>
    <property name="java.specification.maintenance.version" value="4"/>
    <property name="java.ext.dirs" value="/usr/lib/jvm/temurin-8-jdk-amd64/jre/lib/ext:/usr/java/packages/lib/ext"/>
    <property name="sun.io.unicode.encoding" value="UnicodeLittle"/>
    <property name="java.class.version" value="52.0"/>
  </properties>
  <testcase name="testReadsDuringFinalization" classname="TestDatanodeUpgradeToScmHA" time="6.289">
    <system-out><![CDATA[2023-03-29 20:38:45,069 [main] INFO  ipc.CallQueueManager (CallQueueManager.java:<init>(90)) - Using callQueue: class java.util.concurrent.LinkedBlockingQueue, queueCapacity: 1000, scheduler: class org.apache.hadoop.ipc.DefaultRpcScheduler, ipcBackoff: false.
2023-03-29 20:38:45,280 [Socket Reader #1 for port 45523] INFO  ipc.Server (Server.java:run(1273)) - Starting Socket Reader #1 for port 45523
2023-03-29 20:38:45,317 [Listener at localhost/45523] WARN  util.NativeCodeLoader (NativeCodeLoader.java:<clinit>(60)) - Unable to load native-hadoop library for your platform... using builtin-java classes where applicable
2023-03-29 20:38:45,353 [IPC Server Responder] INFO  ipc.Server (Server.java:run(1512)) - IPC Server Responder: starting
2023-03-29 20:38:45,354 [IPC Server listener on 45523] INFO  ipc.Server (Server.java:run(1352)) - IPC Server listener on 45523: starting
2023-03-29 20:38:45,523 [Listener at localhost/45523] INFO  upgrade.AbstractLayoutVersionManager (AbstractLayoutVersionManager.java:init(83)) - Initializing Layout version manager with metadata layout = INITIAL_VERSION (version = 0), software layout = DATANODE_SCHEMA_V3 (version = 4)
2023-03-29 20:38:45,719 [Listener at localhost/45523] INFO  reflections.Reflections (Reflections.java:scan(232)) - Reflections took 92 ms to scan 4 urls, producing 125 keys and 293 values 
2023-03-29 20:38:45,773 [Listener at localhost/45523] INFO  upgrade.HDDSLayoutVersionManager (HDDSLayoutVersionManager.java:lambda$registerUpgradeActions$0(76)) - Registering Upgrade Action : DatanodeSchemaV3FinalizeAction
2023-03-29 20:38:45,773 [Listener at localhost/45523] INFO  upgrade.HDDSLayoutVersionManager (HDDSLayoutVersionManager.java:lambda$registerUpgradeActions$0(76)) - Registering Upgrade Action : ScmHAFinalizeUpgradeActionDatanode
2023-03-29 20:38:45,774 [Listener at localhost/45523] INFO  upgrade.HDDSLayoutVersionManager (HDDSLayoutVersionManager.java:lambda$registerUpgradeActions$0(76)) - Registering Upgrade Action : DatanodeSchemaV2FinalizeAction
2023-03-29 20:38:45,801 [Listener at localhost/45523] INFO  statemachine.DatanodeStateMachine (DatanodeStateMachine.java:getEndPointTaskThreadPoolSize(260)) - Datanode State Machine Task Thread Pool size 2
2023-03-29 20:38:45,927 [Listener at localhost/45523] INFO  volume.HddsVolume (HddsVolume.java:<init>(130)) - Creating HddsVolume: /tmp/junit2642768596037525263/180d0cd8-fc01-44c3-be4c-58707651d912/hdds of storage type : DISK capacity : 9223372036854775807
2023-03-29 20:38:45,930 [Listener at localhost/45523] INFO  volume.MutableVolumeSet (MutableVolumeSet.java:initializeVolumeSet(175)) - Added Volume : /tmp/junit2642768596037525263/180d0cd8-fc01-44c3-be4c-58707651d912/hdds to VolumeSet
2023-03-29 20:38:45,931 [Listener at localhost/45523] INFO  volume.ThrottledAsyncChecker (ThrottledAsyncChecker.java:schedule(141)) - Scheduling a check for /tmp/junit2642768596037525263/180d0cd8-fc01-44c3-be4c-58707651d912/hdds
2023-03-29 20:38:45,955 [Listener at localhost/45523] INFO  volume.StorageVolumeChecker (StorageVolumeChecker.java:checkAllVolumes(202)) - Scheduled health check for volume /tmp/junit2642768596037525263/180d0cd8-fc01-44c3-be4c-58707651d912/hdds
2023-03-29 20:38:45,976 [Listener at localhost/45523] WARN  server.ServerUtils (ServerUtils.java:getDefaultRatisDirectory(237)) - Storage directory for Ratis is not configured. It is a good idea to map this to an SSD disk. Falling back to ozone.metadata.dirs
2023-03-29 20:38:45,977 [Listener at localhost/45523] INFO  volume.MutableVolumeSet (MutableVolumeSet.java:initializeVolumeSet(175)) - Added Volume : /tmp/junit2642768596037525263/ratis to VolumeSet
2023-03-29 20:38:45,978 [Listener at localhost/45523] INFO  volume.ThrottledAsyncChecker (ThrottledAsyncChecker.java:schedule(141)) - Scheduling a check for /tmp/junit2642768596037525263/ratis
2023-03-29 20:38:45,978 [Listener at localhost/45523] INFO  volume.StorageVolumeChecker (StorageVolumeChecker.java:checkAllVolumes(202)) - Scheduled health check for volume /tmp/junit2642768596037525263/ratis
2023-03-29 20:38:45,999 [Thread-18] INFO  ozoneimpl.ContainerReader (ContainerReader.java:readVolume(175)) - Finish verifying containers on volume /tmp/junit2642768596037525263/180d0cd8-fc01-44c3-be4c-58707651d912/hdds
2023-03-29 20:38:45,999 [Listener at localhost/45523] INFO  ozoneimpl.OzoneContainer (OzoneContainer.java:buildContainerSet(303)) - Build ContainerSet costs 0s
2023-03-29 20:38:46,772 [Listener at localhost/45523] INFO  audit.AuditLogger (AuditLogger.java:refreshDebugCmdSet(126)) - Refresh DebugCmdSet for DNAudit to [].
2023-03-29 20:38:46,851 [Listener at localhost/45523] WARN  server.ServerUtils (ServerUtils.java:getDefaultRatisDirectory(237)) - Storage directory for Ratis is not configured. It is a good idea to map this to an SSD disk. Falling back to ozone.metadata.dirs
2023-03-29 20:38:46,886 [Listener at localhost/45523] INFO  server.RaftServer (ConfUtils.java:logGet(46)) - raft.rpc.type = GRPC (default)
2023-03-29 20:38:47,055 [Listener at localhost/45523] INFO  grpc.GrpcConfigKeys (ConfUtils.java:logFallback(53)) - raft.grpc.admin.host = null (fallback to raft.grpc.server.host)
2023-03-29 20:38:47,056 [Listener at localhost/45523] INFO  grpc.GrpcConfigKeys (ConfUtils.java:logGet(46)) - raft.grpc.admin.port = 9858 (custom)
2023-03-29 20:38:47,057 [Listener at localhost/45523] INFO  grpc.GrpcConfigKeys (ConfUtils.java:logFallback(53)) - raft.grpc.client.host = null (fallback to raft.grpc.server.host)
2023-03-29 20:38:47,057 [Listener at localhost/45523] INFO  grpc.GrpcConfigKeys (ConfUtils.java:logGet(46)) - raft.grpc.client.port = 9858 (custom)
2023-03-29 20:38:47,058 [Listener at localhost/45523] INFO  grpc.GrpcConfigKeys (ConfUtils.java:logGet(46)) - raft.grpc.server.host = null (default)
2023-03-29 20:38:47,058 [Listener at localhost/45523] INFO  grpc.GrpcConfigKeys (ConfUtils.java:logGet(46)) - raft.grpc.server.port = 9858 (custom)
2023-03-29 20:38:47,058 [Listener at localhost/45523] INFO  server.GrpcService (ConfUtils.java:logGet(46)) - raft.grpc.message.size.max = 32MB (=33554432) (custom)
2023-03-29 20:38:47,059 [Listener at localhost/45523] INFO  server.RaftServerConfigKeys (ConfUtils.java:logGet(46)) - raft.server.log.appender.buffer.byte-limit = 33554432 (custom)
2023-03-29 20:38:47,060 [Listener at localhost/45523] INFO  server.GrpcService (ConfUtils.java:logGet(46)) - raft.grpc.flow.control.window = 5MB (=5242880) (custom)
2023-03-29 20:38:47,061 [Listener at localhost/45523] INFO  server.RaftServerConfigKeys (ConfUtils.java:logGet(46)) - raft.server.rpc.request.timeout = 60s (custom)
2023-03-29 20:38:47,070 [Listener at localhost/45523] INFO  grpc.GrpcConfigKeys (ConfUtils.java:logGet(46)) - raft.grpc.server.heartbeat.channel = true (default)
2023-03-29 20:38:47,073 [Listener at localhost/45523] INFO  grpc.GrpcConfigKeys (ConfUtils.java:logGet(46)) - raft.grpc.server.async.request.thread.pool.cached = true (default)
2023-03-29 20:38:47,074 [Listener at localhost/45523] INFO  grpc.GrpcConfigKeys (ConfUtils.java:logGet(46)) - raft.grpc.server.async.request.thread.pool.size = 32 (default)
2023-03-29 20:38:47,250 [Listener at localhost/45523] INFO  impl.DataStreamServerImpl (ConfUtils.java:logGet(46)) - raft.datastream.type = DISABLED (default)
2023-03-29 20:38:47,252 [Listener at localhost/45523] INFO  server.RaftServerConfigKeys (ConfUtils.java:logGet(46)) - raft.server.threadpool.proxy.cached = true (default)
2023-03-29 20:38:47,253 [Listener at localhost/45523] INFO  server.RaftServerConfigKeys (ConfUtils.java:logGet(46)) - raft.server.threadpool.proxy.size = 0 (default)
2023-03-29 20:38:47,253 [Listener at localhost/45523] INFO  server.RaftServerConfigKeys (ConfUtils.java:logGet(46)) - raft.server.rpc.slowness.timeout = 300s (custom)
2023-03-29 20:38:47,253 [Listener at localhost/45523] INFO  server.RaftServerConfigKeys (ConfUtils.java:logGet(46)) - raft.server.leaderelection.leader.step-down.wait-time = 10s (default)
2023-03-29 20:38:47,256 [Listener at localhost/45523] INFO  server.RaftServerConfigKeys (ConfUtils.java:logGet(46)) - raft.server.storage.dir = [/tmp/junit2642768596037525263/ratis] (custom)
2023-03-29 20:38:47,280 [Listener at localhost/45523] INFO  server.XceiverServerGrpc (XceiverServerGrpc.java:<init>(132)) - GrpcServer channel type EpollServerSocketChannel
2023-03-29 20:38:47,545 [Listener at localhost/45523] INFO  ozoneimpl.OzoneContainer (OzoneContainer.java:start(397)) - Attempting to start container services.
2023-03-29 20:38:47,547 [Listener at localhost/45523] INFO  ozoneimpl.OzoneContainer (OzoneContainer.java:startContainerScrub(314)) - Scheduled background container scanners and the on-demand container scanner have been disabled.
2023-03-29 20:38:47,585 [Listener at localhost/45523] INFO  replication.ReplicationServer (ReplicationServer.java:start(109)) - ReplicationServer is started using port 9886
2023-03-29 20:38:47,585 [Listener at localhost/45523] INFO  ratis.XceiverServerRatis (XceiverServerRatis.java:start(517)) - Starting XceiverServerRatis 36a2e981-1d5c-4d72-98a9-e8c08e121bf3
2023-03-29 20:38:47,600 [Listener at localhost/45523] INFO  server.RaftServer (RaftServerProxy.java:startImpl(393)) - 36a2e981-1d5c-4d72-98a9-e8c08e121bf3: start RPC server
2023-03-29 20:38:47,602 [Listener at localhost/45523] INFO  server.GrpcService (GrpcService.java:startImpl(262)) - 36a2e981-1d5c-4d72-98a9-e8c08e121bf3: GrpcService started, listening on 9858
2023-03-29 20:38:47,613 [Listener at localhost/45523] INFO  ratis.XceiverServerRatis (XceiverServerRatis.java:getRealPort(543)) - XceiverServerRatis 36a2e981-1d5c-4d72-98a9-e8c08e121bf3 is started using port 9858 for RATIS
2023-03-29 20:38:47,613 [Listener at localhost/45523] INFO  ratis.XceiverServerRatis (XceiverServerRatis.java:getRealPort(543)) - XceiverServerRatis 36a2e981-1d5c-4d72-98a9-e8c08e121bf3 is started using port 9858 for RATIS_ADMIN
2023-03-29 20:38:47,613 [Listener at localhost/45523] INFO  ratis.XceiverServerRatis (XceiverServerRatis.java:getRealPort(543)) - XceiverServerRatis 36a2e981-1d5c-4d72-98a9-e8c08e121bf3 is started using port 9858 for RATIS_SERVER
2023-03-29 20:38:47,614 [JvmPauseMonitor0] INFO  util.JvmPauseMonitor (JvmPauseMonitor.java:run(105)) - JvmPauseMonitor-36a2e981-1d5c-4d72-98a9-e8c08e121bf3: Started
2023-03-29 20:38:47,624 [BlockDeletingService#0] INFO  interfaces.ContainerDeletionChoosingPolicyTemplate (ContainerDeletionChoosingPolicyTemplate.java:chooseContainerForBlockDeletion(83)) - Chosen 0/5000 blocks from 0 candidate containers.
2023-03-29 20:38:48,170 [Listener at localhost/45523] INFO  keyvalue.KeyValueContainer (KeyValueContainer.java:flushAndSyncDB(446)) - Container 83701679 is synced with bcsId 0.
2023-03-29 20:38:48,171 [Listener at localhost/45523] INFO  keyvalue.KeyValueContainer (KeyValueContainer.java:flushAndSyncDB(446)) - Container 83701679 is synced with bcsId 0.
2023-03-29 20:38:48,182 [Listener at localhost/45523] INFO  keyvalue.KeyValueContainer (KeyValueContainer.java:close(361)) - Container 83701679 is closed with bcsId 0.
2023-03-29 20:38:48,186 [Listener at localhost/45523] INFO  upgrade.UpgradeFinalizer (BasicUpgradeFinalizer.java:logAndEmit(389)) - Finalization started.
2023-03-29 20:38:48,188 [Listener at localhost/45523] INFO  upgrade.UpgradeFinalizer (BasicUpgradeFinalizer.java:runFinalizationAction(264)) - Running finalization actions for layout feature: DATANODE_SCHEMA_V2
2023-03-29 20:38:48,188 [Listener at localhost/45523] INFO  upgrade.DatanodeSchemaV2FinalizeAction (DatanodeSchemaV2FinalizeAction.java:execute(44)) - Executing datanode 'onFinalize' action for the first version with upgrade support. New containers will be created with Schema Version 2 henceforth.
2023-03-29 20:38:48,189 [Listener at localhost/45523] INFO  upgrade.AbstractLayoutVersionManager (AbstractLayoutVersionManager.java:finalized(127)) - Layout feature DATANODE_SCHEMA_V2 has been finalized.
2023-03-29 20:38:48,190 [Listener at localhost/45523] INFO  upgrade.UpgradeFinalizer (BasicUpgradeFinalizer.java:runFinalizationAction(264)) - Running finalization actions for layout feature: SCM_HA
2023-03-29 20:38:48,190 [Listener at localhost/45523] INFO  upgrade.ScmHAFinalizeUpgradeActionDatanode (ScmHAFinalizeUpgradeActionDatanode.java:execute(52)) - Upgrading Datanode volume layout for SCM HA support.
2023-03-29 20:38:48,190 [Listener at localhost/45523] INFO  upgrade.ScmHAFinalizeUpgradeActionDatanode (ScmHAFinalizeUpgradeActionDatanode.java:upgradeVolume(98)) - Creating symlink /tmp/junit2642768596037525263/180d0cd8-fc01-44c3-be4c-58707651d912/hdds/clusterID -> 4d297a9d-5d28-4690-a0c0-6ed8b567347e as part of SCM HA finalization for datanode.
2023-03-29 20:38:48,192 [Listener at localhost/45523] INFO  upgrade.AbstractLayoutVersionManager (AbstractLayoutVersionManager.java:finalized(127)) - Layout feature SCM_HA has been finalized.
2023-03-29 20:38:48,192 [Listener at localhost/45523] INFO  upgrade.UpgradeFinalizer (BasicUpgradeFinalizer.java:logAndEmit(389)) - No onFinalize work defined for feature: ERASURE_CODED_STORAGE_SUPPORT.
2023-03-29 20:38:48,197 [Listener at localhost/45523] INFO  upgrade.AbstractLayoutVersionManager (AbstractLayoutVersionManager.java:finalized(127)) - Layout feature ERASURE_CODED_STORAGE_SUPPORT has been finalized.
2023-03-29 20:38:48,197 [Listener at localhost/45523] INFO  upgrade.UpgradeFinalizer (BasicUpgradeFinalizer.java:runFinalizationAction(264)) - Running finalization actions for layout feature: DATANODE_SCHEMA_V3
2023-03-29 20:38:48,197 [Listener at localhost/45523] INFO  upgrade.DatanodeSchemaV3FinalizeAction (DatanodeSchemaV3FinalizeAction.java:execute(50)) - Upgrading Datanode volume layout for Schema V3 support.
2023-03-29 20:38:48,252 [Listener at localhost/45523] INFO  utils.DatanodeStoreCache (DatanodeStoreCache.java:addDB(58)) - Added db /tmp/junit2642768596037525263/180d0cd8-fc01-44c3-be4c-58707651d912/hdds/4d297a9d-5d28-4690-a0c0-6ed8b567347e/DS-4484a360-aa0c-4be4-9ed2-dda9353d6fc1/container.db to cache
2023-03-29 20:38:48,252 [Listener at localhost/45523] INFO  volume.HddsVolume (HddsVolume.java:createDbStore(350)) - SchemaV3 db is created and loaded at /tmp/junit2642768596037525263/180d0cd8-fc01-44c3-be4c-58707651d912/hdds/4d297a9d-5d28-4690-a0c0-6ed8b567347e/DS-4484a360-aa0c-4be4-9ed2-dda9353d6fc1/container.db for volume DS-4484a360-aa0c-4be4-9ed2-dda9353d6fc1
2023-03-29 20:38:48,256 [Listener at localhost/45523] INFO  utils.DatanodeStoreCache (DatanodeStoreCache.java:removeDB(96)) - Removed db /tmp/junit2642768596037525263/180d0cd8-fc01-44c3-be4c-58707651d912/hdds/4d297a9d-5d28-4690-a0c0-6ed8b567347e/DS-4484a360-aa0c-4be4-9ed2-dda9353d6fc1/container.db from cache
2023-03-29 20:38:48,256 [Listener at localhost/45523] INFO  volume.HddsVolume (HddsVolume.java:closeDbStore(437)) - SchemaV3 db is stopped at /tmp/junit2642768596037525263/180d0cd8-fc01-44c3-be4c-58707651d912/hdds/4d297a9d-5d28-4690-a0c0-6ed8b567347e/DS-4484a360-aa0c-4be4-9ed2-dda9353d6fc1/container.db for volume DS-4484a360-aa0c-4be4-9ed2-dda9353d6fc1
2023-03-29 20:38:48,274 [Listener at localhost/45523] INFO  utils.DatanodeStoreCache (DatanodeStoreCache.java:addDB(58)) - Added db /tmp/junit2642768596037525263/180d0cd8-fc01-44c3-be4c-58707651d912/hdds/clusterID/DS-4484a360-aa0c-4be4-9ed2-dda9353d6fc1/container.db to cache
2023-03-29 20:38:48,274 [Listener at localhost/45523] INFO  volume.HddsVolume (HddsVolume.java:loadDbStore(303)) - SchemaV3 db is loaded at /tmp/junit2642768596037525263/180d0cd8-fc01-44c3-be4c-58707651d912/hdds/clusterID/DS-4484a360-aa0c-4be4-9ed2-dda9353d6fc1/container.db for volume DS-4484a360-aa0c-4be4-9ed2-dda9353d6fc1
2023-03-29 20:38:48,275 [Listener at localhost/45523] INFO  upgrade.AbstractLayoutVersionManager (AbstractLayoutVersionManager.java:finalized(127)) - Layout feature DATANODE_SCHEMA_V3 has been finalized.
2023-03-29 20:38:48,276 [Listener at localhost/45523] INFO  upgrade.AbstractLayoutVersionManager (AbstractLayoutVersionManager.java:finalized(129)) - Finalization is complete.
2023-03-29 20:38:48,276 [Listener at localhost/45523] INFO  upgrade.UpgradeFinalizer (BasicUpgradeFinalizer.java:logAndEmit(389)) - Finalization is done.
2023-03-29 20:38:48,276 [Listener at localhost/45523] INFO  ipc.Server (Server.java:stop(3428)) - Stopping server on 45523
2023-03-29 20:38:48,278 [IPC Server listener on 45523] INFO  ipc.Server (Server.java:run(1384)) - Stopping IPC Server listener on 45523
2023-03-29 20:38:48,278 [IPC Server Responder] INFO  ipc.Server (Server.java:run(1517)) - Stopping IPC Server Responder
2023-03-29 20:38:48,280 [Listener at localhost/45523] INFO  ozoneimpl.OzoneContainer (OzoneContainer.java:stop(419)) - Attempting to stop container services.
2023-03-29 20:38:48,285 [Listener at localhost/45523] INFO  server.RaftServer (RaftServerProxy.java:lambda$close$6(409)) - 36a2e981-1d5c-4d72-98a9-e8c08e121bf3: close
2023-03-29 20:38:48,286 [Listener at localhost/45523] INFO  server.GrpcService (GrpcService.java:closeImpl(271)) - 36a2e981-1d5c-4d72-98a9-e8c08e121bf3: shutdown server GrpcServerProtocolService now
2023-03-29 20:38:48,292 [Listener at localhost/45523] INFO  server.GrpcService (GrpcService.java:closeImpl(280)) - 36a2e981-1d5c-4d72-98a9-e8c08e121bf3: shutdown server GrpcServerProtocolService successfully
2023-03-29 20:38:48,293 [JvmPauseMonitor0] INFO  util.JvmPauseMonitor (JvmPauseMonitor.java:run(111)) - JvmPauseMonitor-36a2e981-1d5c-4d72-98a9-e8c08e121bf3: Stopped
2023-03-29 20:38:50,317 [Listener at localhost/45523] INFO  volume.HddsVolume (HddsVolume.java:closeDbStore(437)) - SchemaV3 db is stopped at /tmp/junit2642768596037525263/180d0cd8-fc01-44c3-be4c-58707651d912/hdds/clusterID/DS-4484a360-aa0c-4be4-9ed2-dda9353d6fc1/container.db for volume DS-4484a360-aa0c-4be4-9ed2-dda9353d6fc1
2023-03-29 20:38:50,317 [Listener at localhost/45523] INFO  utils.BackgroundService (BackgroundService.java:shutdown(141)) - Shutting down service BlockDeletingService
2023-03-29 20:38:50,318 [Listener at localhost/45523] INFO  utils.BackgroundService (BackgroundService.java:shutdown(141)) - Shutting down service StaleRecoveringContainerScrubbingService
]]></system-out>
  </testcase>
  <testcase name="testReadsDuringFinalization" classname="TestDatanodeUpgradeToScmHA" time="2.229">
    <system-out><![CDATA[2023-03-29 20:39:06,068 [Listener at localhost/41569] INFO  ipc.CallQueueManager (CallQueueManager.java:<init>(90)) - Using callQueue: class java.util.concurrent.LinkedBlockingQueue, queueCapacity: 1000, scheduler: class org.apache.hadoop.ipc.DefaultRpcScheduler, ipcBackoff: false.
2023-03-29 20:39:06,073 [IPC Server Responder] INFO  ipc.Server (Server.java:run(1512)) - IPC Server Responder: starting
2023-03-29 20:39:06,073 [Socket Reader #1 for port 40025] INFO  ipc.Server (Server.java:run(1273)) - Starting Socket Reader #1 for port 40025
2023-03-29 20:39:06,074 [IPC Server listener on 40025] INFO  ipc.Server (Server.java:run(1352)) - IPC Server listener on 40025: starting
2023-03-29 20:39:06,079 [Listener at localhost/40025] INFO  upgrade.AbstractLayoutVersionManager (AbstractLayoutVersionManager.java:init(83)) - Initializing Layout version manager with metadata layout = INITIAL_VERSION (version = 0), software layout = DATANODE_SCHEMA_V3 (version = 4)
2023-03-29 20:39:06,120 [Listener at localhost/40025] INFO  reflections.Reflections (Reflections.java:scan(232)) - Reflections took 40 ms to scan 4 urls, producing 125 keys and 293 values 
2023-03-29 20:39:06,123 [Listener at localhost/40025] INFO  upgrade.HDDSLayoutVersionManager (HDDSLayoutVersionManager.java:lambda$registerUpgradeActions$0(76)) - Registering Upgrade Action : DatanodeSchemaV3FinalizeAction
2023-03-29 20:39:06,123 [Listener at localhost/40025] INFO  upgrade.HDDSLayoutVersionManager (HDDSLayoutVersionManager.java:lambda$registerUpgradeActions$0(76)) - Registering Upgrade Action : ScmHAFinalizeUpgradeActionDatanode
2023-03-29 20:39:06,123 [Listener at localhost/40025] INFO  upgrade.HDDSLayoutVersionManager (HDDSLayoutVersionManager.java:lambda$registerUpgradeActions$0(76)) - Registering Upgrade Action : DatanodeSchemaV2FinalizeAction
2023-03-29 20:39:06,124 [Listener at localhost/40025] INFO  statemachine.DatanodeStateMachine (DatanodeStateMachine.java:getEndPointTaskThreadPoolSize(260)) - Datanode State Machine Task Thread Pool size 2
2023-03-29 20:39:06,127 [Listener at localhost/40025] INFO  volume.HddsVolume (HddsVolume.java:<init>(130)) - Creating HddsVolume: /tmp/junit2430282427633920476/7ad46e64-f617-41cd-ada9-e77ebff202eb/hdds of storage type : DISK capacity : 9223372036854775807
2023-03-29 20:39:06,127 [Listener at localhost/40025] INFO  volume.MutableVolumeSet (MutableVolumeSet.java:initializeVolumeSet(175)) - Added Volume : /tmp/junit2430282427633920476/7ad46e64-f617-41cd-ada9-e77ebff202eb/hdds to VolumeSet
2023-03-29 20:39:06,127 [Listener at localhost/40025] INFO  volume.ThrottledAsyncChecker (ThrottledAsyncChecker.java:schedule(141)) - Scheduling a check for /tmp/junit2430282427633920476/7ad46e64-f617-41cd-ada9-e77ebff202eb/hdds
2023-03-29 20:39:06,128 [Listener at localhost/40025] INFO  volume.StorageVolumeChecker (StorageVolumeChecker.java:checkAllVolumes(202)) - Scheduled health check for volume /tmp/junit2430282427633920476/7ad46e64-f617-41cd-ada9-e77ebff202eb/hdds
2023-03-29 20:39:06,135 [Listener at localhost/40025] WARN  server.ServerUtils (ServerUtils.java:getDefaultRatisDirectory(237)) - Storage directory for Ratis is not configured. It is a good idea to map this to an SSD disk. Falling back to ozone.metadata.dirs
2023-03-29 20:39:06,135 [Listener at localhost/40025] INFO  volume.MutableVolumeSet (MutableVolumeSet.java:initializeVolumeSet(175)) - Added Volume : /tmp/junit2430282427633920476/ratis to VolumeSet
2023-03-29 20:39:06,135 [Listener at localhost/40025] INFO  volume.ThrottledAsyncChecker (ThrottledAsyncChecker.java:schedule(141)) - Scheduling a check for /tmp/junit2430282427633920476/ratis
2023-03-29 20:39:06,136 [Listener at localhost/40025] INFO  volume.StorageVolumeChecker (StorageVolumeChecker.java:checkAllVolumes(202)) - Scheduled health check for volume /tmp/junit2430282427633920476/ratis
2023-03-29 20:39:06,142 [Thread-145] INFO  ozoneimpl.ContainerReader (ContainerReader.java:readVolume(175)) - Finish verifying containers on volume /tmp/junit2430282427633920476/7ad46e64-f617-41cd-ada9-e77ebff202eb/hdds
2023-03-29 20:39:06,143 [Listener at localhost/40025] INFO  ozoneimpl.OzoneContainer (OzoneContainer.java:buildContainerSet(303)) - Build ContainerSet costs 0s
2023-03-29 20:39:06,144 [Listener at localhost/40025] WARN  server.ServerUtils (ServerUtils.java:getDefaultRatisDirectory(237)) - Storage directory for Ratis is not configured. It is a good idea to map this to an SSD disk. Falling back to ozone.metadata.dirs
2023-03-29 20:39:06,147 [Listener at localhost/40025] INFO  server.RaftServer (ConfUtils.java:logGet(46)) - raft.rpc.type = GRPC (default)
2023-03-29 20:39:06,147 [Listener at localhost/40025] INFO  grpc.GrpcConfigKeys (ConfUtils.java:logFallback(53)) - raft.grpc.admin.host = null (fallback to raft.grpc.server.host)
2023-03-29 20:39:06,147 [Listener at localhost/40025] INFO  grpc.GrpcConfigKeys (ConfUtils.java:logGet(46)) - raft.grpc.admin.port = 9858 (custom)
2023-03-29 20:39:06,147 [Listener at localhost/40025] INFO  grpc.GrpcConfigKeys (ConfUtils.java:logFallback(53)) - raft.grpc.client.host = null (fallback to raft.grpc.server.host)
2023-03-29 20:39:06,147 [Listener at localhost/40025] INFO  grpc.GrpcConfigKeys (ConfUtils.java:logGet(46)) - raft.grpc.client.port = 9858 (custom)
2023-03-29 20:39:06,147 [Listener at localhost/40025] INFO  grpc.GrpcConfigKeys (ConfUtils.java:logGet(46)) - raft.grpc.server.host = null (default)
2023-03-29 20:39:06,147 [Listener at localhost/40025] INFO  grpc.GrpcConfigKeys (ConfUtils.java:logGet(46)) - raft.grpc.server.port = 9858 (custom)
2023-03-29 20:39:06,147 [Listener at localhost/40025] INFO  server.GrpcService (ConfUtils.java:logGet(46)) - raft.grpc.message.size.max = 32MB (=33554432) (custom)
2023-03-29 20:39:06,148 [Listener at localhost/40025] INFO  server.RaftServerConfigKeys (ConfUtils.java:logGet(46)) - raft.server.log.appender.buffer.byte-limit = 33554432 (custom)
2023-03-29 20:39:06,148 [Listener at localhost/40025] INFO  server.GrpcService (ConfUtils.java:logGet(46)) - raft.grpc.flow.control.window = 5MB (=5242880) (custom)
2023-03-29 20:39:06,148 [Listener at localhost/40025] INFO  server.RaftServerConfigKeys (ConfUtils.java:logGet(46)) - raft.server.rpc.request.timeout = 60s (custom)
2023-03-29 20:39:06,148 [Listener at localhost/40025] INFO  grpc.GrpcConfigKeys (ConfUtils.java:logGet(46)) - raft.grpc.server.heartbeat.channel = true (default)
2023-03-29 20:39:06,148 [Listener at localhost/40025] INFO  grpc.GrpcConfigKeys (ConfUtils.java:logGet(46)) - raft.grpc.server.async.request.thread.pool.cached = true (default)
2023-03-29 20:39:06,148 [Listener at localhost/40025] INFO  grpc.GrpcConfigKeys (ConfUtils.java:logGet(46)) - raft.grpc.server.async.request.thread.pool.size = 32 (default)
2023-03-29 20:39:06,150 [Listener at localhost/40025] INFO  impl.DataStreamServerImpl (ConfUtils.java:logGet(46)) - raft.datastream.type = DISABLED (default)
2023-03-29 20:39:06,151 [Listener at localhost/40025] INFO  server.RaftServerConfigKeys (ConfUtils.java:logGet(46)) - raft.server.threadpool.proxy.cached = true (default)
2023-03-29 20:39:06,151 [Listener at localhost/40025] INFO  server.RaftServerConfigKeys (ConfUtils.java:logGet(46)) - raft.server.threadpool.proxy.size = 0 (default)
2023-03-29 20:39:06,151 [Listener at localhost/40025] INFO  server.RaftServerConfigKeys (ConfUtils.java:logGet(46)) - raft.server.rpc.slowness.timeout = 300s (custom)
2023-03-29 20:39:06,151 [Listener at localhost/40025] INFO  server.RaftServerConfigKeys (ConfUtils.java:logGet(46)) - raft.server.leaderelection.leader.step-down.wait-time = 10s (default)
2023-03-29 20:39:06,152 [Listener at localhost/40025] INFO  server.RaftServerConfigKeys (ConfUtils.java:logGet(46)) - raft.server.storage.dir = [/tmp/junit2430282427633920476/ratis] (custom)
2023-03-29 20:39:06,154 [Listener at localhost/40025] INFO  server.XceiverServerGrpc (XceiverServerGrpc.java:<init>(132)) - GrpcServer channel type EpollServerSocketChannel
2023-03-29 20:39:06,163 [Listener at localhost/40025] INFO  ozoneimpl.OzoneContainer (OzoneContainer.java:start(397)) - Attempting to start container services.
2023-03-29 20:39:06,163 [Listener at localhost/40025] INFO  ozoneimpl.OzoneContainer (OzoneContainer.java:startContainerScrub(314)) - Scheduled background container scanners and the on-demand container scanner have been disabled.
2023-03-29 20:39:06,165 [Listener at localhost/40025] INFO  replication.ReplicationServer (ReplicationServer.java:start(109)) - ReplicationServer is started using port 9886
2023-03-29 20:39:06,165 [Listener at localhost/40025] INFO  ratis.XceiverServerRatis (XceiverServerRatis.java:start(517)) - Starting XceiverServerRatis c63b1e35-7e47-4a6a-92f5-4bac400fc60e
2023-03-29 20:39:06,171 [Listener at localhost/40025] INFO  server.RaftServer (RaftServerProxy.java:startImpl(393)) - c63b1e35-7e47-4a6a-92f5-4bac400fc60e: start RPC server
2023-03-29 20:39:06,185 [Listener at localhost/40025] INFO  server.GrpcService (GrpcService.java:startImpl(262)) - c63b1e35-7e47-4a6a-92f5-4bac400fc60e: GrpcService started, listening on 9858
2023-03-29 20:39:06,185 [Listener at localhost/40025] INFO  ratis.XceiverServerRatis (XceiverServerRatis.java:getRealPort(543)) - XceiverServerRatis c63b1e35-7e47-4a6a-92f5-4bac400fc60e is started using port 9858 for RATIS
2023-03-29 20:39:06,185 [Listener at localhost/40025] INFO  ratis.XceiverServerRatis (XceiverServerRatis.java:getRealPort(543)) - XceiverServerRatis c63b1e35-7e47-4a6a-92f5-4bac400fc60e is started using port 9858 for RATIS_ADMIN
2023-03-29 20:39:06,185 [Listener at localhost/40025] INFO  ratis.XceiverServerRatis (XceiverServerRatis.java:getRealPort(543)) - XceiverServerRatis c63b1e35-7e47-4a6a-92f5-4bac400fc60e is started using port 9858 for RATIS_SERVER
2023-03-29 20:39:06,186 [JvmPauseMonitor8] INFO  util.JvmPauseMonitor (JvmPauseMonitor.java:run(105)) - JvmPauseMonitor-c63b1e35-7e47-4a6a-92f5-4bac400fc60e: Started
2023-03-29 20:39:06,195 [BlockDeletingService#0] INFO  interfaces.ContainerDeletionChoosingPolicyTemplate (ContainerDeletionChoosingPolicyTemplate.java:chooseContainerForBlockDeletion(83)) - Chosen 0/5000 blocks from 0 candidate containers.
2023-03-29 20:39:06,219 [Listener at localhost/40025] INFO  keyvalue.KeyValueContainer (KeyValueContainer.java:flushAndSyncDB(446)) - Container 1310578939 is synced with bcsId 0.
2023-03-29 20:39:06,219 [Listener at localhost/40025] INFO  keyvalue.KeyValueContainer (KeyValueContainer.java:flushAndSyncDB(446)) - Container 1310578939 is synced with bcsId 0.
2023-03-29 20:39:06,221 [Listener at localhost/40025] INFO  keyvalue.KeyValueContainer (KeyValueContainer.java:close(361)) - Container 1310578939 is closed with bcsId 0.
2023-03-29 20:39:06,221 [Listener at localhost/40025] INFO  upgrade.UpgradeFinalizer (BasicUpgradeFinalizer.java:logAndEmit(389)) - Finalization started.
2023-03-29 20:39:06,221 [Listener at localhost/40025] INFO  upgrade.UpgradeFinalizer (BasicUpgradeFinalizer.java:runFinalizationAction(264)) - Running finalization actions for layout feature: DATANODE_SCHEMA_V2
2023-03-29 20:39:06,221 [Listener at localhost/40025] INFO  upgrade.DatanodeSchemaV2FinalizeAction (DatanodeSchemaV2FinalizeAction.java:execute(44)) - Executing datanode 'onFinalize' action for the first version with upgrade support. New containers will be created with Schema Version 2 henceforth.
2023-03-29 20:39:06,223 [Listener at localhost/40025] INFO  upgrade.AbstractLayoutVersionManager (AbstractLayoutVersionManager.java:finalized(127)) - Layout feature DATANODE_SCHEMA_V2 has been finalized.
2023-03-29 20:39:06,223 [Listener at localhost/40025] INFO  upgrade.UpgradeFinalizer (BasicUpgradeFinalizer.java:runFinalizationAction(264)) - Running finalization actions for layout feature: SCM_HA
2023-03-29 20:39:06,223 [Listener at localhost/40025] INFO  upgrade.ScmHAFinalizeUpgradeActionDatanode (ScmHAFinalizeUpgradeActionDatanode.java:execute(52)) - Upgrading Datanode volume layout for SCM HA support.
2023-03-29 20:39:06,223 [Listener at localhost/40025] INFO  upgrade.ScmHAFinalizeUpgradeActionDatanode (ScmHAFinalizeUpgradeActionDatanode.java:upgradeVolume(111)) - Volume already contains cluster ID directory /tmp/junit2430282427633920476/7ad46e64-f617-41cd-ada9-e77ebff202eb/hdds/clusterID. No action required for SCM HA finalization.
2023-03-29 20:39:06,224 [Listener at localhost/40025] INFO  upgrade.AbstractLayoutVersionManager (AbstractLayoutVersionManager.java:finalized(127)) - Layout feature SCM_HA has been finalized.
2023-03-29 20:39:06,224 [Listener at localhost/40025] INFO  upgrade.UpgradeFinalizer (BasicUpgradeFinalizer.java:logAndEmit(389)) - No onFinalize work defined for feature: ERASURE_CODED_STORAGE_SUPPORT.
2023-03-29 20:39:06,225 [Listener at localhost/40025] INFO  upgrade.AbstractLayoutVersionManager (AbstractLayoutVersionManager.java:finalized(127)) - Layout feature ERASURE_CODED_STORAGE_SUPPORT has been finalized.
2023-03-29 20:39:06,225 [Listener at localhost/40025] INFO  upgrade.UpgradeFinalizer (BasicUpgradeFinalizer.java:runFinalizationAction(264)) - Running finalization actions for layout feature: DATANODE_SCHEMA_V3
2023-03-29 20:39:06,225 [Listener at localhost/40025] INFO  upgrade.DatanodeSchemaV3FinalizeAction (DatanodeSchemaV3FinalizeAction.java:execute(50)) - Upgrading Datanode volume layout for Schema V3 support.
2023-03-29 20:39:06,251 [Listener at localhost/40025] INFO  utils.DatanodeStoreCache (DatanodeStoreCache.java:addDB(58)) - Added db /tmp/junit2430282427633920476/7ad46e64-f617-41cd-ada9-e77ebff202eb/hdds/clusterID/DS-2942eeb5-1d15-410f-af50-a5eb29993b36/container.db to cache
2023-03-29 20:39:06,251 [Listener at localhost/40025] INFO  volume.HddsVolume (HddsVolume.java:createDbStore(350)) - SchemaV3 db is created and loaded at /tmp/junit2430282427633920476/7ad46e64-f617-41cd-ada9-e77ebff202eb/hdds/clusterID/DS-2942eeb5-1d15-410f-af50-a5eb29993b36/container.db for volume DS-2942eeb5-1d15-410f-af50-a5eb29993b36
2023-03-29 20:39:06,252 [Listener at localhost/40025] INFO  utils.DatanodeStoreCache (DatanodeStoreCache.java:removeDB(96)) - Removed db /tmp/junit2430282427633920476/7ad46e64-f617-41cd-ada9-e77ebff202eb/hdds/clusterID/DS-2942eeb5-1d15-410f-af50-a5eb29993b36/container.db from cache
2023-03-29 20:39:06,252 [Listener at localhost/40025] INFO  volume.HddsVolume (HddsVolume.java:closeDbStore(437)) - SchemaV3 db is stopped at /tmp/junit2430282427633920476/7ad46e64-f617-41cd-ada9-e77ebff202eb/hdds/clusterID/DS-2942eeb5-1d15-410f-af50-a5eb29993b36/container.db for volume DS-2942eeb5-1d15-410f-af50-a5eb29993b36
2023-03-29 20:39:06,266 [Listener at localhost/40025] INFO  utils.DatanodeStoreCache (DatanodeStoreCache.java:addDB(58)) - Added db /tmp/junit2430282427633920476/7ad46e64-f617-41cd-ada9-e77ebff202eb/hdds/clusterID/DS-2942eeb5-1d15-410f-af50-a5eb29993b36/container.db to cache
2023-03-29 20:39:06,267 [Listener at localhost/40025] INFO  volume.HddsVolume (HddsVolume.java:loadDbStore(303)) - SchemaV3 db is loaded at /tmp/junit2430282427633920476/7ad46e64-f617-41cd-ada9-e77ebff202eb/hdds/clusterID/DS-2942eeb5-1d15-410f-af50-a5eb29993b36/container.db for volume DS-2942eeb5-1d15-410f-af50-a5eb29993b36
2023-03-29 20:39:06,268 [Listener at localhost/40025] INFO  upgrade.AbstractLayoutVersionManager (AbstractLayoutVersionManager.java:finalized(127)) - Layout feature DATANODE_SCHEMA_V3 has been finalized.
2023-03-29 20:39:06,268 [Listener at localhost/40025] INFO  upgrade.AbstractLayoutVersionManager (AbstractLayoutVersionManager.java:finalized(129)) - Finalization is complete.
2023-03-29 20:39:06,268 [Listener at localhost/40025] INFO  upgrade.UpgradeFinalizer (BasicUpgradeFinalizer.java:logAndEmit(389)) - Finalization is done.
2023-03-29 20:39:06,268 [Listener at localhost/40025] INFO  ipc.Server (Server.java:stop(3428)) - Stopping server on 40025
2023-03-29 20:39:06,270 [IPC Server Responder] INFO  ipc.Server (Server.java:run(1517)) - Stopping IPC Server Responder
2023-03-29 20:39:06,271 [Listener at localhost/40025] INFO  ozoneimpl.OzoneContainer (OzoneContainer.java:stop(419)) - Attempting to stop container services.
2023-03-29 20:39:06,271 [IPC Server listener on 40025] INFO  ipc.Server (Server.java:run(1384)) - Stopping IPC Server listener on 40025
2023-03-29 20:39:06,273 [Listener at localhost/40025] INFO  server.RaftServer (RaftServerProxy.java:lambda$close$6(409)) - c63b1e35-7e47-4a6a-92f5-4bac400fc60e: close
2023-03-29 20:39:06,273 [Listener at localhost/40025] INFO  server.GrpcService (GrpcService.java:closeImpl(271)) - c63b1e35-7e47-4a6a-92f5-4bac400fc60e: shutdown server GrpcServerProtocolService now
2023-03-29 20:39:06,277 [Listener at localhost/40025] INFO  server.GrpcService (GrpcService.java:closeImpl(280)) - c63b1e35-7e47-4a6a-92f5-4bac400fc60e: shutdown server GrpcServerProtocolService successfully
2023-03-29 20:39:06,277 [JvmPauseMonitor8] INFO  util.JvmPauseMonitor (JvmPauseMonitor.java:run(111)) - JvmPauseMonitor-c63b1e35-7e47-4a6a-92f5-4bac400fc60e: Stopped
2023-03-29 20:39:08,285 [Listener at localhost/40025] INFO  volume.HddsVolume (HddsVolume.java:closeDbStore(437)) - SchemaV3 db is stopped at /tmp/junit2430282427633920476/7ad46e64-f617-41cd-ada9-e77ebff202eb/hdds/clusterID/DS-2942eeb5-1d15-410f-af50-a5eb29993b36/container.db for volume DS-2942eeb5-1d15-410f-af50-a5eb29993b36
2023-03-29 20:39:08,285 [Listener at localhost/40025] INFO  utils.BackgroundService (BackgroundService.java:shutdown(141)) - Shutting down service BlockDeletingService
2023-03-29 20:39:08,285 [Listener at localhost/40025] INFO  utils.BackgroundService (BackgroundService.java:shutdown(141)) - Shutting down service StaleRecoveringContainerScrubbingService
]]></system-out>
  </testcase>
  <testcase name="testImportContainer" classname="TestDatanodeUpgradeToScmHA" time="4.521">
    <error type="java.util.concurrent.ExecutionException"><![CDATA[java.util.concurrent.ExecutionException: java.io.IOException: Invalid volume directory /tmp/junit1307191055145921459/24b3f961-1620-433a-9ae4-dffc9bf9f25d/hdds has more than one directory before SCM HA finalization.
	at java.util.concurrent.FutureTask.report(FutureTask.java:122)
	at java.util.concurrent.FutureTask.get(FutureTask.java:192)
	at org.apache.hadoop.ozone.container.upgrade.TestDatanodeUpgradeToScmHA.testImportContainer(TestDatanodeUpgradeToScmHA.java:224)
	at sun.reflect.NativeMethodAccessorImpl.invoke0(Native Method)
	at sun.reflect.NativeMethodAccessorImpl.invoke(NativeMethodAccessorImpl.java:62)
	at sun.reflect.DelegatingMethodAccessorImpl.invoke(DelegatingMethodAccessorImpl.java:43)
	at java.lang.reflect.Method.invoke(Method.java:498)
	at org.junit.runners.model.FrameworkMethod$1.runReflectiveCall(FrameworkMethod.java:59)
	at org.junit.internal.runners.model.ReflectiveCallable.run(ReflectiveCallable.java:12)
	at org.junit.runners.model.FrameworkMethod.invokeExplosively(FrameworkMethod.java:56)
	at org.junit.internal.runners.statements.InvokeMethod.evaluate(InvokeMethod.java:17)
	at org.junit.internal.runners.statements.RunBefores.evaluate(RunBefores.java:26)
	at org.junit.internal.runners.statements.RunAfters.evaluate(RunAfters.java:27)
	at org.junit.runners.ParentRunner$3.evaluate(ParentRunner.java:306)
	at org.junit.runners.BlockJUnit4ClassRunner$1.evaluate(BlockJUnit4ClassRunner.java:100)
	at org.junit.runners.ParentRunner.runLeaf(ParentRunner.java:366)
	at org.junit.runners.BlockJUnit4ClassRunner.runChild(BlockJUnit4ClassRunner.java:103)
	at org.junit.runners.BlockJUnit4ClassRunner.runChild(BlockJUnit4ClassRunner.java:63)
	at org.junit.runners.ParentRunner$4.run(ParentRunner.java:331)
	at org.junit.runners.ParentRunner$1.schedule(ParentRunner.java:79)
	at org.junit.runners.ParentRunner.runChildren(ParentRunner.java:329)
	at org.junit.runners.ParentRunner.access$100(ParentRunner.java:66)
	at org.junit.runners.ParentRunner$2.evaluate(ParentRunner.java:293)
	at org.junit.runners.ParentRunner.run(ParentRunner.java:413)
	at org.junit.runners.Suite.runChild(Suite.java:128)
	at org.junit.runners.Suite.runChild(Suite.java:27)
	at org.junit.runners.ParentRunner$4.run(ParentRunner.java:331)
	at org.junit.runners.ParentRunner$1.schedule(ParentRunner.java:79)
	at org.junit.runners.ParentRunner.runChildren(ParentRunner.java:329)
	at org.junit.runners.ParentRunner.access$100(ParentRunner.java:66)
	at org.junit.runners.ParentRunner$2.evaluate(ParentRunner.java:293)
	at org.junit.runners.ParentRunner$3.evaluate(ParentRunner.java:306)
	at org.junit.runners.ParentRunner.run(ParentRunner.java:413)
	at org.junit.runner.JUnitCore.run(JUnitCore.java:137)
	at org.junit.runner.JUnitCore.run(JUnitCore.java:115)
	at org.junit.vintage.engine.execution.RunnerExecutor.execute(RunnerExecutor.java:42)
	at org.junit.vintage.engine.VintageTestEngine.executeAllChildren(VintageTestEngine.java:80)
	at org.junit.vintage.engine.VintageTestEngine.execute(VintageTestEngine.java:72)
	at org.junit.platform.launcher.core.EngineExecutionOrchestrator.execute(EngineExecutionOrchestrator.java:107)
	at org.junit.platform.launcher.core.EngineExecutionOrchestrator.execute(EngineExecutionOrchestrator.java:88)
	at org.junit.platform.launcher.core.EngineExecutionOrchestrator.lambda$execute$0(EngineExecutionOrchestrator.java:54)
	at org.junit.platform.launcher.core.EngineExecutionOrchestrator.withInterceptedStreams(EngineExecutionOrchestrator.java:67)
	at org.junit.platform.launcher.core.EngineExecutionOrchestrator.execute(EngineExecutionOrchestrator.java:52)
	at org.junit.platform.launcher.core.DefaultLauncher.execute(DefaultLauncher.java:114)
	at org.junit.platform.launcher.core.DefaultLauncher.execute(DefaultLauncher.java:86)
	at org.junit.platform.launcher.core.DefaultLauncherSession$DelegatingLauncher.execute(DefaultLauncherSession.java:86)
	at org.junit.platform.launcher.core.SessionPerRequestLauncher.execute(SessionPerRequestLauncher.java:53)
	at org.apache.maven.surefire.junitplatform.JUnitPlatformProvider.execute(JUnitPlatformProvider.java:188)
	at org.apache.maven.surefire.junitplatform.JUnitPlatformProvider.invokeAllTests(JUnitPlatformProvider.java:154)
	at org.apache.maven.surefire.junitplatform.JUnitPlatformProvider.invoke(JUnitPlatformProvider.java:124)
	at org.apache.maven.surefire.booter.ForkedBooter.runSuitesInProcess(ForkedBooter.java:428)
	at org.apache.maven.surefire.booter.ForkedBooter.execute(ForkedBooter.java:162)
	at org.apache.maven.surefire.booter.ForkedBooter.run(ForkedBooter.java:562)
	at org.apache.maven.surefire.booter.ForkedBooter.main(ForkedBooter.java:548)
Caused by: java.io.IOException: Invalid volume directory /tmp/junit1307191055145921459/24b3f961-1620-433a-9ae4-dffc9bf9f25d/hdds has more than one directory before SCM HA finalization.
	at org.apache.hadoop.ozone.container.upgrade.VersionedDatanodeFeatures$ScmHA.chooseContainerPathID(VersionedDatanodeFeatures.java:107)
	at org.apache.hadoop.ozone.container.keyvalue.KeyValueContainer.importContainerData(KeyValueContainer.java:522)
	at org.apache.hadoop.ozone.container.keyvalue.KeyValueHandler.importContainer(KeyValueHandler.java:1043)
	at org.apache.hadoop.ozone.container.ozoneimpl.ContainerController.importContainer(ContainerController.java:161)
	at org.apache.hadoop.ozone.container.replication.ContainerImporter.importContainer(ContainerImporter.java:101)
	at org.apache.hadoop.ozone.container.upgrade.TestDatanodeUpgradeToScmHA.importContainer(TestDatanodeUpgradeToScmHA.java:679)
	at org.apache.hadoop.ozone.container.upgrade.TestDatanodeUpgradeToScmHA.lambda$testImportContainer$1(TestDatanodeUpgradeToScmHA.java:211)
	at java.util.concurrent.FutureTask.run(FutureTask.java:266)
	at java.util.concurrent.ThreadPoolExecutor.runWorker(ThreadPoolExecutor.java:1149)
	at java.util.concurrent.ThreadPoolExecutor$Worker.run(ThreadPoolExecutor.java:624)
	at java.lang.Thread.run(Thread.java:750)
]]></error>
    <system-out><![CDATA[2023-03-29 20:38:50,340 [Listener at localhost/45523] INFO  ipc.CallQueueManager (CallQueueManager.java:<init>(90)) - Using callQueue: class java.util.concurrent.LinkedBlockingQueue, queueCapacity: 1000, scheduler: class org.apache.hadoop.ipc.DefaultRpcScheduler, ipcBackoff: false.
2023-03-29 20:38:50,341 [Socket Reader #1 for port 46565] INFO  ipc.Server (Server.java:run(1273)) - Starting Socket Reader #1 for port 46565
2023-03-29 20:38:50,343 [IPC Server Responder] INFO  ipc.Server (Server.java:run(1512)) - IPC Server Responder: starting
2023-03-29 20:38:50,343 [IPC Server listener on 46565] INFO  ipc.Server (Server.java:run(1352)) - IPC Server listener on 46565: starting
2023-03-29 20:38:50,347 [Listener at localhost/46565] INFO  upgrade.AbstractLayoutVersionManager (AbstractLayoutVersionManager.java:init(83)) - Initializing Layout version manager with metadata layout = INITIAL_VERSION (version = 0), software layout = DATANODE_SCHEMA_V3 (version = 4)
2023-03-29 20:38:50,395 [Listener at localhost/46565] INFO  reflections.Reflections (Reflections.java:scan(232)) - Reflections took 48 ms to scan 4 urls, producing 125 keys and 293 values 
2023-03-29 20:38:50,399 [Listener at localhost/46565] INFO  upgrade.HDDSLayoutVersionManager (HDDSLayoutVersionManager.java:lambda$registerUpgradeActions$0(76)) - Registering Upgrade Action : DatanodeSchemaV3FinalizeAction
2023-03-29 20:38:50,399 [Listener at localhost/46565] INFO  upgrade.HDDSLayoutVersionManager (HDDSLayoutVersionManager.java:lambda$registerUpgradeActions$0(76)) - Registering Upgrade Action : ScmHAFinalizeUpgradeActionDatanode
2023-03-29 20:38:50,400 [Listener at localhost/46565] INFO  upgrade.HDDSLayoutVersionManager (HDDSLayoutVersionManager.java:lambda$registerUpgradeActions$0(76)) - Registering Upgrade Action : DatanodeSchemaV2FinalizeAction
2023-03-29 20:38:50,401 [Listener at localhost/46565] INFO  statemachine.DatanodeStateMachine (DatanodeStateMachine.java:getEndPointTaskThreadPoolSize(260)) - Datanode State Machine Task Thread Pool size 2
2023-03-29 20:38:50,406 [Listener at localhost/46565] INFO  volume.HddsVolume (HddsVolume.java:<init>(130)) - Creating HddsVolume: /tmp/junit1307191055145921459/24b3f961-1620-433a-9ae4-dffc9bf9f25d/hdds of storage type : DISK capacity : 9223372036854775807
2023-03-29 20:38:50,406 [Listener at localhost/46565] INFO  volume.MutableVolumeSet (MutableVolumeSet.java:initializeVolumeSet(175)) - Added Volume : /tmp/junit1307191055145921459/24b3f961-1620-433a-9ae4-dffc9bf9f25d/hdds to VolumeSet
2023-03-29 20:38:50,406 [Listener at localhost/46565] INFO  volume.ThrottledAsyncChecker (ThrottledAsyncChecker.java:schedule(141)) - Scheduling a check for /tmp/junit1307191055145921459/24b3f961-1620-433a-9ae4-dffc9bf9f25d/hdds
2023-03-29 20:38:50,409 [Listener at localhost/46565] INFO  volume.StorageVolumeChecker (StorageVolumeChecker.java:checkAllVolumes(202)) - Scheduled health check for volume /tmp/junit1307191055145921459/24b3f961-1620-433a-9ae4-dffc9bf9f25d/hdds
2023-03-29 20:38:50,426 [Listener at localhost/46565] WARN  server.ServerUtils (ServerUtils.java:getDefaultRatisDirectory(237)) - Storage directory for Ratis is not configured. It is a good idea to map this to an SSD disk. Falling back to ozone.metadata.dirs
2023-03-29 20:38:50,427 [Listener at localhost/46565] INFO  volume.MutableVolumeSet (MutableVolumeSet.java:initializeVolumeSet(175)) - Added Volume : /tmp/junit1307191055145921459/ratis to VolumeSet
2023-03-29 20:38:50,427 [Listener at localhost/46565] INFO  volume.ThrottledAsyncChecker (ThrottledAsyncChecker.java:schedule(141)) - Scheduling a check for /tmp/junit1307191055145921459/ratis
2023-03-29 20:38:50,428 [Listener at localhost/46565] INFO  volume.StorageVolumeChecker (StorageVolumeChecker.java:checkAllVolumes(202)) - Scheduled health check for volume /tmp/junit1307191055145921459/ratis
2023-03-29 20:38:50,441 [Thread-40] INFO  ozoneimpl.ContainerReader (ContainerReader.java:readVolume(175)) - Finish verifying containers on volume /tmp/junit1307191055145921459/24b3f961-1620-433a-9ae4-dffc9bf9f25d/hdds
2023-03-29 20:38:50,441 [Listener at localhost/46565] INFO  ozoneimpl.OzoneContainer (OzoneContainer.java:buildContainerSet(303)) - Build ContainerSet costs 0s
2023-03-29 20:38:50,443 [Listener at localhost/46565] WARN  server.ServerUtils (ServerUtils.java:getDefaultRatisDirectory(237)) - Storage directory for Ratis is not configured. It is a good idea to map this to an SSD disk. Falling back to ozone.metadata.dirs
2023-03-29 20:38:50,445 [Listener at localhost/46565] INFO  server.RaftServer (ConfUtils.java:logGet(46)) - raft.rpc.type = GRPC (default)
2023-03-29 20:38:50,445 [Listener at localhost/46565] INFO  grpc.GrpcConfigKeys (ConfUtils.java:logFallback(53)) - raft.grpc.admin.host = null (fallback to raft.grpc.server.host)
2023-03-29 20:38:50,445 [Listener at localhost/46565] INFO  grpc.GrpcConfigKeys (ConfUtils.java:logGet(46)) - raft.grpc.admin.port = 9858 (custom)
2023-03-29 20:38:50,445 [Listener at localhost/46565] INFO  grpc.GrpcConfigKeys (ConfUtils.java:logFallback(53)) - raft.grpc.client.host = null (fallback to raft.grpc.server.host)
2023-03-29 20:38:50,445 [Listener at localhost/46565] INFO  grpc.GrpcConfigKeys (ConfUtils.java:logGet(46)) - raft.grpc.client.port = 9858 (custom)
2023-03-29 20:38:50,445 [Listener at localhost/46565] INFO  grpc.GrpcConfigKeys (ConfUtils.java:logGet(46)) - raft.grpc.server.host = null (default)
2023-03-29 20:38:50,446 [Listener at localhost/46565] INFO  grpc.GrpcConfigKeys (ConfUtils.java:logGet(46)) - raft.grpc.server.port = 9858 (custom)
2023-03-29 20:38:50,446 [Listener at localhost/46565] INFO  server.GrpcService (ConfUtils.java:logGet(46)) - raft.grpc.message.size.max = 32MB (=33554432) (custom)
2023-03-29 20:38:50,446 [Listener at localhost/46565] INFO  server.RaftServerConfigKeys (ConfUtils.java:logGet(46)) - raft.server.log.appender.buffer.byte-limit = 33554432 (custom)
2023-03-29 20:38:50,446 [Listener at localhost/46565] INFO  server.GrpcService (ConfUtils.java:logGet(46)) - raft.grpc.flow.control.window = 5MB (=5242880) (custom)
2023-03-29 20:38:50,446 [Listener at localhost/46565] INFO  server.RaftServerConfigKeys (ConfUtils.java:logGet(46)) - raft.server.rpc.request.timeout = 60s (custom)
2023-03-29 20:38:50,446 [Listener at localhost/46565] INFO  grpc.GrpcConfigKeys (ConfUtils.java:logGet(46)) - raft.grpc.server.heartbeat.channel = true (default)
2023-03-29 20:38:50,446 [Listener at localhost/46565] INFO  grpc.GrpcConfigKeys (ConfUtils.java:logGet(46)) - raft.grpc.server.async.request.thread.pool.cached = true (default)
2023-03-29 20:38:50,447 [Listener at localhost/46565] INFO  grpc.GrpcConfigKeys (ConfUtils.java:logGet(46)) - raft.grpc.server.async.request.thread.pool.size = 32 (default)
2023-03-29 20:38:50,448 [Listener at localhost/46565] INFO  impl.DataStreamServerImpl (ConfUtils.java:logGet(46)) - raft.datastream.type = DISABLED (default)
2023-03-29 20:38:50,448 [Listener at localhost/46565] INFO  server.RaftServerConfigKeys (ConfUtils.java:logGet(46)) - raft.server.threadpool.proxy.cached = true (default)
2023-03-29 20:38:50,448 [Listener at localhost/46565] INFO  server.RaftServerConfigKeys (ConfUtils.java:logGet(46)) - raft.server.threadpool.proxy.size = 0 (default)
2023-03-29 20:38:50,449 [Listener at localhost/46565] INFO  server.RaftServerConfigKeys (ConfUtils.java:logGet(46)) - raft.server.rpc.slowness.timeout = 300s (custom)
2023-03-29 20:38:50,449 [Listener at localhost/46565] INFO  server.RaftServerConfigKeys (ConfUtils.java:logGet(46)) - raft.server.leaderelection.leader.step-down.wait-time = 10s (default)
2023-03-29 20:38:50,449 [Listener at localhost/46565] INFO  server.RaftServerConfigKeys (ConfUtils.java:logGet(46)) - raft.server.storage.dir = [/tmp/junit1307191055145921459/ratis] (custom)
2023-03-29 20:38:50,451 [Listener at localhost/46565] INFO  server.XceiverServerGrpc (XceiverServerGrpc.java:<init>(132)) - GrpcServer channel type EpollServerSocketChannel
2023-03-29 20:38:50,470 [Listener at localhost/46565] INFO  ozoneimpl.OzoneContainer (OzoneContainer.java:start(397)) - Attempting to start container services.
2023-03-29 20:38:50,470 [Listener at localhost/46565] INFO  ozoneimpl.OzoneContainer (OzoneContainer.java:startContainerScrub(314)) - Scheduled background container scanners and the on-demand container scanner have been disabled.
2023-03-29 20:38:50,471 [Listener at localhost/46565] INFO  replication.ReplicationServer (ReplicationServer.java:start(109)) - ReplicationServer is started using port 9886
2023-03-29 20:38:50,472 [Listener at localhost/46565] INFO  ratis.XceiverServerRatis (XceiverServerRatis.java:start(517)) - Starting XceiverServerRatis 0fc1e161-bd6b-4bcc-8c4f-377755543e35
2023-03-29 20:38:50,473 [Listener at localhost/46565] INFO  server.RaftServer (RaftServerProxy.java:startImpl(393)) - 0fc1e161-bd6b-4bcc-8c4f-377755543e35: start RPC server
2023-03-29 20:38:50,474 [Listener at localhost/46565] INFO  server.GrpcService (GrpcService.java:startImpl(262)) - 0fc1e161-bd6b-4bcc-8c4f-377755543e35: GrpcService started, listening on 9858
2023-03-29 20:38:50,475 [Listener at localhost/46565] INFO  ratis.XceiverServerRatis (XceiverServerRatis.java:getRealPort(543)) - XceiverServerRatis 0fc1e161-bd6b-4bcc-8c4f-377755543e35 is started using port 9858 for RATIS
2023-03-29 20:38:50,475 [JvmPauseMonitor1] INFO  util.JvmPauseMonitor (JvmPauseMonitor.java:run(105)) - JvmPauseMonitor-0fc1e161-bd6b-4bcc-8c4f-377755543e35: Started
2023-03-29 20:38:50,475 [Listener at localhost/46565] INFO  ratis.XceiverServerRatis (XceiverServerRatis.java:getRealPort(543)) - XceiverServerRatis 0fc1e161-bd6b-4bcc-8c4f-377755543e35 is started using port 9858 for RATIS_ADMIN
2023-03-29 20:38:50,475 [Listener at localhost/46565] INFO  ratis.XceiverServerRatis (XceiverServerRatis.java:getRealPort(543)) - XceiverServerRatis 0fc1e161-bd6b-4bcc-8c4f-377755543e35 is started using port 9858 for RATIS_SERVER
2023-03-29 20:38:50,477 [BlockDeletingService#0] INFO  interfaces.ContainerDeletionChoosingPolicyTemplate (ContainerDeletionChoosingPolicyTemplate.java:chooseContainerForBlockDeletion(83)) - Chosen 0/5000 blocks from 0 candidate containers.
2023-03-29 20:38:50,510 [Listener at localhost/46565] INFO  keyvalue.KeyValueContainer (KeyValueContainer.java:flushAndSyncDB(446)) - Container 569208946 is synced with bcsId 0.
2023-03-29 20:38:50,510 [Listener at localhost/46565] INFO  keyvalue.KeyValueContainer (KeyValueContainer.java:flushAndSyncDB(446)) - Container 569208946 is synced with bcsId 0.
2023-03-29 20:38:50,513 [Listener at localhost/46565] INFO  keyvalue.KeyValueContainer (KeyValueContainer.java:close(361)) - Container 569208946 is closed with bcsId 0.
2023-03-29 20:38:50,574 [Listener at localhost/46565] INFO  keyvalue.KeyValueContainer (KeyValueContainer.java:flushAndSyncDB(446)) - Container 812272559 is synced with bcsId 0.
2023-03-29 20:38:50,574 [Listener at localhost/46565] INFO  keyvalue.KeyValueContainer (KeyValueContainer.java:flushAndSyncDB(446)) - Container 812272559 is synced with bcsId 0.
2023-03-29 20:38:50,577 [Listener at localhost/46565] INFO  keyvalue.KeyValueContainer (KeyValueContainer.java:close(361)) - Container 812272559 is closed with bcsId 0.
2023-03-29 20:38:50,633 [Listener at localhost/46565] INFO  ozoneimpl.OzoneContainer (OzoneContainer.java:stop(419)) - Attempting to stop container services.
2023-03-29 20:38:50,639 [Listener at localhost/46565] INFO  server.RaftServer (RaftServerProxy.java:lambda$close$6(409)) - 0fc1e161-bd6b-4bcc-8c4f-377755543e35: close
2023-03-29 20:38:50,639 [Listener at localhost/46565] INFO  server.GrpcService (GrpcService.java:closeImpl(271)) - 0fc1e161-bd6b-4bcc-8c4f-377755543e35: shutdown server GrpcServerProtocolService now
2023-03-29 20:38:50,645 [Listener at localhost/46565] INFO  server.GrpcService (GrpcService.java:closeImpl(280)) - 0fc1e161-bd6b-4bcc-8c4f-377755543e35: shutdown server GrpcServerProtocolService successfully
2023-03-29 20:38:50,646 [JvmPauseMonitor1] INFO  util.JvmPauseMonitor (JvmPauseMonitor.java:run(111)) - JvmPauseMonitor-0fc1e161-bd6b-4bcc-8c4f-377755543e35: Stopped
2023-03-29 20:38:52,654 [Listener at localhost/46565] INFO  utils.BackgroundService (BackgroundService.java:shutdown(141)) - Shutting down service BlockDeletingService
2023-03-29 20:38:52,655 [Listener at localhost/46565] INFO  utils.BackgroundService (BackgroundService.java:shutdown(141)) - Shutting down service StaleRecoveringContainerScrubbingService
2023-03-29 20:38:52,657 [Listener at localhost/46565] INFO  upgrade.AbstractLayoutVersionManager (AbstractLayoutVersionManager.java:init(83)) - Initializing Layout version manager with metadata layout = INITIAL_VERSION (version = 0), software layout = DATANODE_SCHEMA_V3 (version = 4)
2023-03-29 20:38:52,691 [Listener at localhost/46565] INFO  reflections.Reflections (Reflections.java:scan(232)) - Reflections took 33 ms to scan 4 urls, producing 125 keys and 293 values 
2023-03-29 20:38:52,693 [Listener at localhost/46565] INFO  upgrade.HDDSLayoutVersionManager (HDDSLayoutVersionManager.java:lambda$registerUpgradeActions$0(76)) - Registering Upgrade Action : DatanodeSchemaV3FinalizeAction
2023-03-29 20:38:52,693 [Listener at localhost/46565] INFO  upgrade.HDDSLayoutVersionManager (HDDSLayoutVersionManager.java:lambda$registerUpgradeActions$0(76)) - Registering Upgrade Action : ScmHAFinalizeUpgradeActionDatanode
2023-03-29 20:38:52,693 [Listener at localhost/46565] INFO  upgrade.HDDSLayoutVersionManager (HDDSLayoutVersionManager.java:lambda$registerUpgradeActions$0(76)) - Registering Upgrade Action : DatanodeSchemaV2FinalizeAction
2023-03-29 20:38:52,693 [Listener at localhost/46565] INFO  statemachine.DatanodeStateMachine (DatanodeStateMachine.java:getEndPointTaskThreadPoolSize(260)) - Datanode State Machine Task Thread Pool size 2
2023-03-29 20:38:52,695 [Listener at localhost/46565] INFO  volume.HddsVolume (HddsVolume.java:<init>(130)) - Creating HddsVolume: /tmp/junit1307191055145921459/24b3f961-1620-433a-9ae4-dffc9bf9f25d/hdds of storage type : DISK capacity : 9223372036854775807
2023-03-29 20:38:52,695 [Listener at localhost/46565] INFO  volume.MutableVolumeSet (MutableVolumeSet.java:initializeVolumeSet(175)) - Added Volume : /tmp/junit1307191055145921459/24b3f961-1620-433a-9ae4-dffc9bf9f25d/hdds to VolumeSet
2023-03-29 20:38:52,696 [Listener at localhost/46565] INFO  volume.ThrottledAsyncChecker (ThrottledAsyncChecker.java:schedule(141)) - Scheduling a check for /tmp/junit1307191055145921459/24b3f961-1620-433a-9ae4-dffc9bf9f25d/hdds
2023-03-29 20:38:52,700 [Listener at localhost/46565] INFO  volume.StorageVolumeChecker (StorageVolumeChecker.java:checkAllVolumes(202)) - Scheduled health check for volume /tmp/junit1307191055145921459/24b3f961-1620-433a-9ae4-dffc9bf9f25d/hdds
2023-03-29 20:38:52,707 [Listener at localhost/46565] WARN  server.ServerUtils (ServerUtils.java:getDefaultRatisDirectory(237)) - Storage directory for Ratis is not configured. It is a good idea to map this to an SSD disk. Falling back to ozone.metadata.dirs
2023-03-29 20:38:52,707 [Listener at localhost/46565] INFO  volume.MutableVolumeSet (MutableVolumeSet.java:initializeVolumeSet(175)) - Added Volume : /tmp/junit1307191055145921459/ratis to VolumeSet
2023-03-29 20:38:52,707 [Listener at localhost/46565] INFO  volume.ThrottledAsyncChecker (ThrottledAsyncChecker.java:schedule(141)) - Scheduling a check for /tmp/junit1307191055145921459/ratis
2023-03-29 20:38:52,708 [Listener at localhost/46565] INFO  volume.StorageVolumeChecker (StorageVolumeChecker.java:checkAllVolumes(202)) - Scheduled health check for volume /tmp/junit1307191055145921459/ratis
2023-03-29 20:38:52,715 [Thread-49] INFO  ozoneimpl.ContainerReader (ContainerReader.java:readVolume(145)) - Start to verify containers on volume /tmp/junit1307191055145921459/24b3f961-1620-433a-9ae4-dffc9bf9f25d/hdds
2023-03-29 20:38:52,726 [Thread-49] INFO  ozoneimpl.ContainerReader (ContainerReader.java:readVolume(175)) - Finish verifying containers on volume /tmp/junit1307191055145921459/24b3f961-1620-433a-9ae4-dffc9bf9f25d/hdds
2023-03-29 20:38:52,726 [Listener at localhost/46565] INFO  ozoneimpl.OzoneContainer (OzoneContainer.java:buildContainerSet(303)) - Build ContainerSet costs 0s
2023-03-29 20:38:52,728 [Listener at localhost/46565] WARN  server.ServerUtils (ServerUtils.java:getDefaultRatisDirectory(237)) - Storage directory for Ratis is not configured. It is a good idea to map this to an SSD disk. Falling back to ozone.metadata.dirs
2023-03-29 20:38:52,729 [Listener at localhost/46565] INFO  server.RaftServer (ConfUtils.java:logGet(46)) - raft.rpc.type = GRPC (default)
2023-03-29 20:38:52,730 [Listener at localhost/46565] INFO  grpc.GrpcConfigKeys (ConfUtils.java:logFallback(53)) - raft.grpc.admin.host = null (fallback to raft.grpc.server.host)
2023-03-29 20:38:52,730 [Listener at localhost/46565] INFO  grpc.GrpcConfigKeys (ConfUtils.java:logGet(46)) - raft.grpc.admin.port = 9858 (custom)
2023-03-29 20:38:52,730 [Listener at localhost/46565] INFO  grpc.GrpcConfigKeys (ConfUtils.java:logFallback(53)) - raft.grpc.client.host = null (fallback to raft.grpc.server.host)
2023-03-29 20:38:52,730 [Listener at localhost/46565] INFO  grpc.GrpcConfigKeys (ConfUtils.java:logGet(46)) - raft.grpc.client.port = 9858 (custom)
2023-03-29 20:38:52,730 [Listener at localhost/46565] INFO  grpc.GrpcConfigKeys (ConfUtils.java:logGet(46)) - raft.grpc.server.host = null (default)
2023-03-29 20:38:52,730 [Listener at localhost/46565] INFO  grpc.GrpcConfigKeys (ConfUtils.java:logGet(46)) - raft.grpc.server.port = 9858 (custom)
2023-03-29 20:38:52,731 [Listener at localhost/46565] INFO  server.GrpcService (ConfUtils.java:logGet(46)) - raft.grpc.message.size.max = 32MB (=33554432) (custom)
2023-03-29 20:38:52,731 [Listener at localhost/46565] INFO  server.RaftServerConfigKeys (ConfUtils.java:logGet(46)) - raft.server.log.appender.buffer.byte-limit = 33554432 (custom)
2023-03-29 20:38:52,731 [Listener at localhost/46565] INFO  server.GrpcService (ConfUtils.java:logGet(46)) - raft.grpc.flow.control.window = 5MB (=5242880) (custom)
2023-03-29 20:38:52,731 [Listener at localhost/46565] INFO  server.RaftServerConfigKeys (ConfUtils.java:logGet(46)) - raft.server.rpc.request.timeout = 60s (custom)
2023-03-29 20:38:52,731 [Listener at localhost/46565] INFO  grpc.GrpcConfigKeys (ConfUtils.java:logGet(46)) - raft.grpc.server.heartbeat.channel = true (default)
2023-03-29 20:38:52,731 [Listener at localhost/46565] INFO  grpc.GrpcConfigKeys (ConfUtils.java:logGet(46)) - raft.grpc.server.async.request.thread.pool.cached = true (default)
2023-03-29 20:38:52,732 [Listener at localhost/46565] INFO  grpc.GrpcConfigKeys (ConfUtils.java:logGet(46)) - raft.grpc.server.async.request.thread.pool.size = 32 (default)
2023-03-29 20:38:52,733 [Listener at localhost/46565] INFO  impl.DataStreamServerImpl (ConfUtils.java:logGet(46)) - raft.datastream.type = DISABLED (default)
2023-03-29 20:38:52,733 [Listener at localhost/46565] INFO  server.RaftServerConfigKeys (ConfUtils.java:logGet(46)) - raft.server.threadpool.proxy.cached = true (default)
2023-03-29 20:38:52,733 [Listener at localhost/46565] INFO  server.RaftServerConfigKeys (ConfUtils.java:logGet(46)) - raft.server.threadpool.proxy.size = 0 (default)
2023-03-29 20:38:52,733 [Listener at localhost/46565] INFO  server.RaftServerConfigKeys (ConfUtils.java:logGet(46)) - raft.server.rpc.slowness.timeout = 300s (custom)
2023-03-29 20:38:52,734 [Listener at localhost/46565] INFO  server.RaftServerConfigKeys (ConfUtils.java:logGet(46)) - raft.server.leaderelection.leader.step-down.wait-time = 10s (default)
2023-03-29 20:38:52,734 [Listener at localhost/46565] INFO  server.RaftServerConfigKeys (ConfUtils.java:logGet(46)) - raft.server.storage.dir = [/tmp/junit1307191055145921459/ratis] (custom)
2023-03-29 20:38:52,735 [Listener at localhost/46565] INFO  server.XceiverServerGrpc (XceiverServerGrpc.java:<init>(132)) - GrpcServer channel type EpollServerSocketChannel
2023-03-29 20:38:52,752 [Listener at localhost/46565] INFO  ozoneimpl.OzoneContainer (OzoneContainer.java:start(397)) - Attempting to start container services.
2023-03-29 20:38:52,753 [Listener at localhost/46565] INFO  ozoneimpl.OzoneContainer (OzoneContainer.java:startContainerScrub(314)) - Scheduled background container scanners and the on-demand container scanner have been disabled.
2023-03-29 20:38:52,754 [Listener at localhost/46565] INFO  replication.ReplicationServer (ReplicationServer.java:start(109)) - ReplicationServer is started using port 9886
2023-03-29 20:38:52,754 [Listener at localhost/46565] INFO  ratis.XceiverServerRatis (XceiverServerRatis.java:start(517)) - Starting XceiverServerRatis 0fc1e161-bd6b-4bcc-8c4f-377755543e35
2023-03-29 20:38:52,758 [Listener at localhost/46565] INFO  server.RaftServer (RaftServerProxy.java:startImpl(393)) - 0fc1e161-bd6b-4bcc-8c4f-377755543e35: start RPC server
2023-03-29 20:38:52,761 [Listener at localhost/46565] INFO  server.GrpcService (GrpcService.java:startImpl(262)) - 0fc1e161-bd6b-4bcc-8c4f-377755543e35: GrpcService started, listening on 9858
2023-03-29 20:38:52,761 [Listener at localhost/46565] INFO  ratis.XceiverServerRatis (XceiverServerRatis.java:getRealPort(543)) - XceiverServerRatis 0fc1e161-bd6b-4bcc-8c4f-377755543e35 is started using port 9858 for RATIS
2023-03-29 20:38:52,761 [JvmPauseMonitor2] INFO  util.JvmPauseMonitor (JvmPauseMonitor.java:run(105)) - JvmPauseMonitor-0fc1e161-bd6b-4bcc-8c4f-377755543e35: Started
2023-03-29 20:38:52,761 [Listener at localhost/46565] INFO  ratis.XceiverServerRatis (XceiverServerRatis.java:getRealPort(543)) - XceiverServerRatis 0fc1e161-bd6b-4bcc-8c4f-377755543e35 is started using port 9858 for RATIS_ADMIN
2023-03-29 20:38:52,762 [Listener at localhost/46565] INFO  ratis.XceiverServerRatis (XceiverServerRatis.java:getRealPort(543)) - XceiverServerRatis 0fc1e161-bd6b-4bcc-8c4f-377755543e35 is started using port 9858 for RATIS_SERVER
2023-03-29 20:38:52,766 [BlockDeletingService#0] INFO  interfaces.ContainerDeletionChoosingPolicyTemplate (ContainerDeletionChoosingPolicyTemplate.java:chooseContainerForBlockDeletion(83)) - Chosen 0/5000 blocks from 0 candidate containers.
2023-03-29 20:38:52,769 [Listener at localhost/46565] INFO  upgrade.UpgradeFinalizer (BasicUpgradeFinalizer.java:logAndEmit(389)) - Finalization started.
2023-03-29 20:38:52,769 [Listener at localhost/46565] INFO  upgrade.UpgradeFinalizer (BasicUpgradeFinalizer.java:runFinalizationAction(264)) - Running finalization actions for layout feature: DATANODE_SCHEMA_V2
2023-03-29 20:38:52,769 [Listener at localhost/46565] INFO  upgrade.DatanodeSchemaV2FinalizeAction (DatanodeSchemaV2FinalizeAction.java:execute(44)) - Executing datanode 'onFinalize' action for the first version with upgrade support. New containers will be created with Schema Version 2 henceforth.
2023-03-29 20:38:52,773 [Listener at localhost/46565] INFO  upgrade.AbstractLayoutVersionManager (AbstractLayoutVersionManager.java:finalized(127)) - Layout feature DATANODE_SCHEMA_V2 has been finalized.
2023-03-29 20:38:52,773 [Listener at localhost/46565] INFO  upgrade.UpgradeFinalizer (BasicUpgradeFinalizer.java:runFinalizationAction(264)) - Running finalization actions for layout feature: SCM_HA
2023-03-29 20:38:52,773 [Listener at localhost/46565] INFO  upgrade.ScmHAFinalizeUpgradeActionDatanode (ScmHAFinalizeUpgradeActionDatanode.java:execute(52)) - Upgrading Datanode volume layout for SCM HA support.
2023-03-29 20:38:52,773 [Listener at localhost/46565] INFO  upgrade.ScmHAFinalizeUpgradeActionDatanode (ScmHAFinalizeUpgradeActionDatanode.java:upgradeVolume(98)) - Creating symlink /tmp/junit1307191055145921459/24b3f961-1620-433a-9ae4-dffc9bf9f25d/hdds/clusterID -> 77f880a4-dbd7-4047-896e-5d871b543578 as part of SCM HA finalization for datanode.
2023-03-29 20:38:52,774 [Listener at localhost/46565] INFO  upgrade.AbstractLayoutVersionManager (AbstractLayoutVersionManager.java:finalized(127)) - Layout feature SCM_HA has been finalized.
2023-03-29 20:38:52,774 [Listener at localhost/46565] INFO  upgrade.UpgradeFinalizer (BasicUpgradeFinalizer.java:logAndEmit(389)) - No onFinalize work defined for feature: ERASURE_CODED_STORAGE_SUPPORT.
2023-03-29 20:38:52,775 [Listener at localhost/46565] INFO  upgrade.AbstractLayoutVersionManager (AbstractLayoutVersionManager.java:finalized(127)) - Layout feature ERASURE_CODED_STORAGE_SUPPORT has been finalized.
2023-03-29 20:38:52,775 [Listener at localhost/46565] INFO  upgrade.UpgradeFinalizer (BasicUpgradeFinalizer.java:runFinalizationAction(264)) - Running finalization actions for layout feature: DATANODE_SCHEMA_V3
2023-03-29 20:38:52,775 [Listener at localhost/46565] INFO  upgrade.DatanodeSchemaV3FinalizeAction (DatanodeSchemaV3FinalizeAction.java:execute(50)) - Upgrading Datanode volume layout for Schema V3 support.
2023-03-29 20:38:52,803 [Listener at localhost/46565] INFO  utils.DatanodeStoreCache (DatanodeStoreCache.java:addDB(58)) - Added db /tmp/junit1307191055145921459/24b3f961-1620-433a-9ae4-dffc9bf9f25d/hdds/clusterID/DS-8be56079-9775-459c-914b-8dba6b83ad8d/container.db to cache
2023-03-29 20:38:52,803 [Listener at localhost/46565] INFO  volume.HddsVolume (HddsVolume.java:createDbStore(350)) - SchemaV3 db is created and loaded at /tmp/junit1307191055145921459/24b3f961-1620-433a-9ae4-dffc9bf9f25d/hdds/clusterID/DS-8be56079-9775-459c-914b-8dba6b83ad8d/container.db for volume DS-8be56079-9775-459c-914b-8dba6b83ad8d
2023-03-29 20:38:52,804 [Listener at localhost/46565] INFO  utils.DatanodeStoreCache (DatanodeStoreCache.java:removeDB(96)) - Removed db /tmp/junit1307191055145921459/24b3f961-1620-433a-9ae4-dffc9bf9f25d/hdds/clusterID/DS-8be56079-9775-459c-914b-8dba6b83ad8d/container.db from cache
2023-03-29 20:38:52,804 [Listener at localhost/46565] INFO  volume.HddsVolume (HddsVolume.java:closeDbStore(437)) - SchemaV3 db is stopped at /tmp/junit1307191055145921459/24b3f961-1620-433a-9ae4-dffc9bf9f25d/hdds/clusterID/DS-8be56079-9775-459c-914b-8dba6b83ad8d/container.db for volume DS-8be56079-9775-459c-914b-8dba6b83ad8d
2023-03-29 20:38:52,817 [Listener at localhost/46565] INFO  utils.DatanodeStoreCache (DatanodeStoreCache.java:addDB(58)) - Added db /tmp/junit1307191055145921459/24b3f961-1620-433a-9ae4-dffc9bf9f25d/hdds/clusterID/DS-8be56079-9775-459c-914b-8dba6b83ad8d/container.db to cache
2023-03-29 20:38:52,818 [Listener at localhost/46565] INFO  volume.HddsVolume (HddsVolume.java:loadDbStore(303)) - SchemaV3 db is loaded at /tmp/junit1307191055145921459/24b3f961-1620-433a-9ae4-dffc9bf9f25d/hdds/clusterID/DS-8be56079-9775-459c-914b-8dba6b83ad8d/container.db for volume DS-8be56079-9775-459c-914b-8dba6b83ad8d
2023-03-29 20:38:52,819 [Listener at localhost/46565] INFO  upgrade.AbstractLayoutVersionManager (AbstractLayoutVersionManager.java:finalized(127)) - Layout feature DATANODE_SCHEMA_V3 has been finalized.
2023-03-29 20:38:52,819 [Listener at localhost/46565] INFO  upgrade.AbstractLayoutVersionManager (AbstractLayoutVersionManager.java:finalized(129)) - Finalization is complete.
2023-03-29 20:38:52,819 [Listener at localhost/46565] INFO  upgrade.UpgradeFinalizer (BasicUpgradeFinalizer.java:logAndEmit(389)) - Finalization is done.
2023-03-29 20:38:52,820 [Listener at localhost/46565] INFO  ipc.Server (Server.java:stop(3428)) - Stopping server on 46565
2023-03-29 20:38:52,822 [IPC Server listener on 46565] INFO  ipc.Server (Server.java:run(1384)) - Stopping IPC Server listener on 46565
2023-03-29 20:38:52,823 [IPC Server Responder] INFO  ipc.Server (Server.java:run(1517)) - Stopping IPC Server Responder
2023-03-29 20:38:52,823 [Listener at localhost/46565] INFO  ozoneimpl.OzoneContainer (OzoneContainer.java:stop(419)) - Attempting to stop container services.
2023-03-29 20:38:52,824 [Listener at localhost/46565] INFO  server.RaftServer (RaftServerProxy.java:lambda$close$6(409)) - 0fc1e161-bd6b-4bcc-8c4f-377755543e35: close
2023-03-29 20:38:52,824 [Listener at localhost/46565] INFO  server.GrpcService (GrpcService.java:closeImpl(271)) - 0fc1e161-bd6b-4bcc-8c4f-377755543e35: shutdown server GrpcServerProtocolService now
2023-03-29 20:38:52,825 [Listener at localhost/46565] INFO  server.GrpcService (GrpcService.java:closeImpl(280)) - 0fc1e161-bd6b-4bcc-8c4f-377755543e35: shutdown server GrpcServerProtocolService successfully
2023-03-29 20:38:52,829 [JvmPauseMonitor2] INFO  util.JvmPauseMonitor (JvmPauseMonitor.java:run(111)) - JvmPauseMonitor-0fc1e161-bd6b-4bcc-8c4f-377755543e35: Stopped
2023-03-29 20:38:54,836 [Listener at localhost/46565] INFO  volume.HddsVolume (HddsVolume.java:closeDbStore(437)) - SchemaV3 db is stopped at /tmp/junit1307191055145921459/24b3f961-1620-433a-9ae4-dffc9bf9f25d/hdds/clusterID/DS-8be56079-9775-459c-914b-8dba6b83ad8d/container.db for volume DS-8be56079-9775-459c-914b-8dba6b83ad8d
2023-03-29 20:38:54,838 [Listener at localhost/46565] INFO  utils.BackgroundService (BackgroundService.java:shutdown(141)) - Shutting down service BlockDeletingService
2023-03-29 20:38:54,838 [Listener at localhost/46565] INFO  utils.BackgroundService (BackgroundService.java:shutdown(141)) - Shutting down service StaleRecoveringContainerScrubbingService
]]></system-out>
  </testcase>
  <testcase name="testImportContainer" classname="TestDatanodeUpgradeToScmHA" time="4.354">
    <system-out><![CDATA[2023-03-29 20:39:08,298 [Listener at localhost/40025] INFO  ipc.CallQueueManager (CallQueueManager.java:<init>(90)) - Using callQueue: class java.util.concurrent.LinkedBlockingQueue, queueCapacity: 1000, scheduler: class org.apache.hadoop.ipc.DefaultRpcScheduler, ipcBackoff: false.
2023-03-29 20:39:08,298 [Socket Reader #1 for port 39195] INFO  ipc.Server (Server.java:run(1273)) - Starting Socket Reader #1 for port 39195
2023-03-29 20:39:08,299 [IPC Server Responder] INFO  ipc.Server (Server.java:run(1512)) - IPC Server Responder: starting
2023-03-29 20:39:08,300 [IPC Server listener on 39195] INFO  ipc.Server (Server.java:run(1352)) - IPC Server listener on 39195: starting
2023-03-29 20:39:08,303 [Listener at localhost/39195] INFO  upgrade.AbstractLayoutVersionManager (AbstractLayoutVersionManager.java:init(83)) - Initializing Layout version manager with metadata layout = INITIAL_VERSION (version = 0), software layout = DATANODE_SCHEMA_V3 (version = 4)
2023-03-29 20:39:08,333 [Listener at localhost/39195] INFO  reflections.Reflections (Reflections.java:scan(232)) - Reflections took 29 ms to scan 4 urls, producing 125 keys and 293 values 
2023-03-29 20:39:08,334 [Listener at localhost/39195] INFO  upgrade.HDDSLayoutVersionManager (HDDSLayoutVersionManager.java:lambda$registerUpgradeActions$0(76)) - Registering Upgrade Action : DatanodeSchemaV3FinalizeAction
2023-03-29 20:39:08,334 [Listener at localhost/39195] INFO  upgrade.HDDSLayoutVersionManager (HDDSLayoutVersionManager.java:lambda$registerUpgradeActions$0(76)) - Registering Upgrade Action : ScmHAFinalizeUpgradeActionDatanode
2023-03-29 20:39:08,334 [Listener at localhost/39195] INFO  upgrade.HDDSLayoutVersionManager (HDDSLayoutVersionManager.java:lambda$registerUpgradeActions$0(76)) - Registering Upgrade Action : DatanodeSchemaV2FinalizeAction
2023-03-29 20:39:08,334 [Listener at localhost/39195] INFO  statemachine.DatanodeStateMachine (DatanodeStateMachine.java:getEndPointTaskThreadPoolSize(260)) - Datanode State Machine Task Thread Pool size 2
2023-03-29 20:39:08,336 [Listener at localhost/39195] INFO  volume.HddsVolume (HddsVolume.java:<init>(130)) - Creating HddsVolume: /tmp/junit6261157287877745624/8a257147-a2b8-4778-852a-26c3f5034dcc/hdds of storage type : DISK capacity : 9223372036854775807
2023-03-29 20:39:08,336 [Listener at localhost/39195] INFO  volume.MutableVolumeSet (MutableVolumeSet.java:initializeVolumeSet(175)) - Added Volume : /tmp/junit6261157287877745624/8a257147-a2b8-4778-852a-26c3f5034dcc/hdds to VolumeSet
2023-03-29 20:39:08,336 [Listener at localhost/39195] INFO  volume.ThrottledAsyncChecker (ThrottledAsyncChecker.java:schedule(141)) - Scheduling a check for /tmp/junit6261157287877745624/8a257147-a2b8-4778-852a-26c3f5034dcc/hdds
2023-03-29 20:39:08,338 [Listener at localhost/39195] INFO  volume.StorageVolumeChecker (StorageVolumeChecker.java:checkAllVolumes(202)) - Scheduled health check for volume /tmp/junit6261157287877745624/8a257147-a2b8-4778-852a-26c3f5034dcc/hdds
2023-03-29 20:39:08,344 [Listener at localhost/39195] WARN  server.ServerUtils (ServerUtils.java:getDefaultRatisDirectory(237)) - Storage directory for Ratis is not configured. It is a good idea to map this to an SSD disk. Falling back to ozone.metadata.dirs
2023-03-29 20:39:08,344 [Listener at localhost/39195] INFO  volume.MutableVolumeSet (MutableVolumeSet.java:initializeVolumeSet(175)) - Added Volume : /tmp/junit6261157287877745624/ratis to VolumeSet
2023-03-29 20:39:08,344 [Listener at localhost/39195] INFO  volume.ThrottledAsyncChecker (ThrottledAsyncChecker.java:schedule(141)) - Scheduling a check for /tmp/junit6261157287877745624/ratis
2023-03-29 20:39:08,345 [Listener at localhost/39195] INFO  volume.StorageVolumeChecker (StorageVolumeChecker.java:checkAllVolumes(202)) - Scheduled health check for volume /tmp/junit6261157287877745624/ratis
2023-03-29 20:39:08,351 [Thread-167] INFO  ozoneimpl.ContainerReader (ContainerReader.java:readVolume(175)) - Finish verifying containers on volume /tmp/junit6261157287877745624/8a257147-a2b8-4778-852a-26c3f5034dcc/hdds
2023-03-29 20:39:08,351 [Listener at localhost/39195] INFO  ozoneimpl.OzoneContainer (OzoneContainer.java:buildContainerSet(303)) - Build ContainerSet costs 0s
2023-03-29 20:39:08,352 [Listener at localhost/39195] WARN  server.ServerUtils (ServerUtils.java:getDefaultRatisDirectory(237)) - Storage directory for Ratis is not configured. It is a good idea to map this to an SSD disk. Falling back to ozone.metadata.dirs
2023-03-29 20:39:08,353 [Listener at localhost/39195] INFO  server.RaftServer (ConfUtils.java:logGet(46)) - raft.rpc.type = GRPC (default)
2023-03-29 20:39:08,353 [Listener at localhost/39195] INFO  grpc.GrpcConfigKeys (ConfUtils.java:logFallback(53)) - raft.grpc.admin.host = null (fallback to raft.grpc.server.host)
2023-03-29 20:39:08,353 [Listener at localhost/39195] INFO  grpc.GrpcConfigKeys (ConfUtils.java:logGet(46)) - raft.grpc.admin.port = 9858 (custom)
2023-03-29 20:39:08,353 [Listener at localhost/39195] INFO  grpc.GrpcConfigKeys (ConfUtils.java:logFallback(53)) - raft.grpc.client.host = null (fallback to raft.grpc.server.host)
2023-03-29 20:39:08,353 [Listener at localhost/39195] INFO  grpc.GrpcConfigKeys (ConfUtils.java:logGet(46)) - raft.grpc.client.port = 9858 (custom)
2023-03-29 20:39:08,353 [Listener at localhost/39195] INFO  grpc.GrpcConfigKeys (ConfUtils.java:logGet(46)) - raft.grpc.server.host = null (default)
2023-03-29 20:39:08,354 [Listener at localhost/39195] INFO  grpc.GrpcConfigKeys (ConfUtils.java:logGet(46)) - raft.grpc.server.port = 9858 (custom)
2023-03-29 20:39:08,354 [Listener at localhost/39195] INFO  server.GrpcService (ConfUtils.java:logGet(46)) - raft.grpc.message.size.max = 32MB (=33554432) (custom)
2023-03-29 20:39:08,354 [Listener at localhost/39195] INFO  server.RaftServerConfigKeys (ConfUtils.java:logGet(46)) - raft.server.log.appender.buffer.byte-limit = 33554432 (custom)
2023-03-29 20:39:08,354 [Listener at localhost/39195] INFO  server.GrpcService (ConfUtils.java:logGet(46)) - raft.grpc.flow.control.window = 5MB (=5242880) (custom)
2023-03-29 20:39:08,354 [Listener at localhost/39195] INFO  server.RaftServerConfigKeys (ConfUtils.java:logGet(46)) - raft.server.rpc.request.timeout = 60s (custom)
2023-03-29 20:39:08,354 [Listener at localhost/39195] INFO  grpc.GrpcConfigKeys (ConfUtils.java:logGet(46)) - raft.grpc.server.heartbeat.channel = true (default)
2023-03-29 20:39:08,354 [Listener at localhost/39195] INFO  grpc.GrpcConfigKeys (ConfUtils.java:logGet(46)) - raft.grpc.server.async.request.thread.pool.cached = true (default)
2023-03-29 20:39:08,354 [Listener at localhost/39195] INFO  grpc.GrpcConfigKeys (ConfUtils.java:logGet(46)) - raft.grpc.server.async.request.thread.pool.size = 32 (default)
2023-03-29 20:39:08,355 [Listener at localhost/39195] INFO  impl.DataStreamServerImpl (ConfUtils.java:logGet(46)) - raft.datastream.type = DISABLED (default)
2023-03-29 20:39:08,356 [Listener at localhost/39195] INFO  server.RaftServerConfigKeys (ConfUtils.java:logGet(46)) - raft.server.threadpool.proxy.cached = true (default)
2023-03-29 20:39:08,356 [Listener at localhost/39195] INFO  server.RaftServerConfigKeys (ConfUtils.java:logGet(46)) - raft.server.threadpool.proxy.size = 0 (default)
2023-03-29 20:39:08,356 [Listener at localhost/39195] INFO  server.RaftServerConfigKeys (ConfUtils.java:logGet(46)) - raft.server.rpc.slowness.timeout = 300s (custom)
2023-03-29 20:39:08,356 [Listener at localhost/39195] INFO  server.RaftServerConfigKeys (ConfUtils.java:logGet(46)) - raft.server.leaderelection.leader.step-down.wait-time = 10s (default)
2023-03-29 20:39:08,356 [Listener at localhost/39195] INFO  server.RaftServerConfigKeys (ConfUtils.java:logGet(46)) - raft.server.storage.dir = [/tmp/junit6261157287877745624/ratis] (custom)
2023-03-29 20:39:08,358 [Listener at localhost/39195] INFO  server.XceiverServerGrpc (XceiverServerGrpc.java:<init>(132)) - GrpcServer channel type EpollServerSocketChannel
2023-03-29 20:39:08,369 [Listener at localhost/39195] INFO  ozoneimpl.OzoneContainer (OzoneContainer.java:start(397)) - Attempting to start container services.
2023-03-29 20:39:08,369 [Listener at localhost/39195] INFO  ozoneimpl.OzoneContainer (OzoneContainer.java:startContainerScrub(314)) - Scheduled background container scanners and the on-demand container scanner have been disabled.
2023-03-29 20:39:08,371 [Listener at localhost/39195] INFO  replication.ReplicationServer (ReplicationServer.java:start(109)) - ReplicationServer is started using port 9886
2023-03-29 20:39:08,371 [Listener at localhost/39195] INFO  ratis.XceiverServerRatis (XceiverServerRatis.java:start(517)) - Starting XceiverServerRatis 84ba0a5e-184e-4ada-9e80-19ba53d2c143
2023-03-29 20:39:08,374 [Listener at localhost/39195] INFO  server.RaftServer (RaftServerProxy.java:startImpl(393)) - 84ba0a5e-184e-4ada-9e80-19ba53d2c143: start RPC server
2023-03-29 20:39:08,375 [Listener at localhost/39195] INFO  server.GrpcService (GrpcService.java:startImpl(262)) - 84ba0a5e-184e-4ada-9e80-19ba53d2c143: GrpcService started, listening on 9858
2023-03-29 20:39:08,377 [Listener at localhost/39195] INFO  ratis.XceiverServerRatis (XceiverServerRatis.java:getRealPort(543)) - XceiverServerRatis 84ba0a5e-184e-4ada-9e80-19ba53d2c143 is started using port 9858 for RATIS
2023-03-29 20:39:08,377 [Listener at localhost/39195] INFO  ratis.XceiverServerRatis (XceiverServerRatis.java:getRealPort(543)) - XceiverServerRatis 84ba0a5e-184e-4ada-9e80-19ba53d2c143 is started using port 9858 for RATIS_ADMIN
2023-03-29 20:39:08,377 [Listener at localhost/39195] INFO  ratis.XceiverServerRatis (XceiverServerRatis.java:getRealPort(543)) - XceiverServerRatis 84ba0a5e-184e-4ada-9e80-19ba53d2c143 is started using port 9858 for RATIS_SERVER
2023-03-29 20:39:08,378 [JvmPauseMonitor9] INFO  util.JvmPauseMonitor (JvmPauseMonitor.java:run(105)) - JvmPauseMonitor-84ba0a5e-184e-4ada-9e80-19ba53d2c143: Started
2023-03-29 20:39:08,381 [BlockDeletingService#0] INFO  interfaces.ContainerDeletionChoosingPolicyTemplate (ContainerDeletionChoosingPolicyTemplate.java:chooseContainerForBlockDeletion(83)) - Chosen 0/5000 blocks from 0 candidate containers.
2023-03-29 20:39:08,407 [Listener at localhost/39195] INFO  keyvalue.KeyValueContainer (KeyValueContainer.java:flushAndSyncDB(446)) - Container 2104111317 is synced with bcsId 0.
2023-03-29 20:39:08,407 [Listener at localhost/39195] INFO  keyvalue.KeyValueContainer (KeyValueContainer.java:flushAndSyncDB(446)) - Container 2104111317 is synced with bcsId 0.
2023-03-29 20:39:08,409 [Listener at localhost/39195] INFO  keyvalue.KeyValueContainer (KeyValueContainer.java:close(361)) - Container 2104111317 is closed with bcsId 0.
2023-03-29 20:39:08,445 [Listener at localhost/39195] INFO  keyvalue.KeyValueContainer (KeyValueContainer.java:flushAndSyncDB(446)) - Container 827706537 is synced with bcsId 0.
2023-03-29 20:39:08,445 [Listener at localhost/39195] INFO  keyvalue.KeyValueContainer (KeyValueContainer.java:flushAndSyncDB(446)) - Container 827706537 is synced with bcsId 0.
2023-03-29 20:39:08,447 [Listener at localhost/39195] INFO  keyvalue.KeyValueContainer (KeyValueContainer.java:close(361)) - Container 827706537 is closed with bcsId 0.
2023-03-29 20:39:08,475 [Listener at localhost/39195] INFO  ozoneimpl.OzoneContainer (OzoneContainer.java:stop(419)) - Attempting to stop container services.
2023-03-29 20:39:08,476 [Listener at localhost/39195] INFO  server.RaftServer (RaftServerProxy.java:lambda$close$6(409)) - 84ba0a5e-184e-4ada-9e80-19ba53d2c143: close
2023-03-29 20:39:08,476 [Listener at localhost/39195] INFO  server.GrpcService (GrpcService.java:closeImpl(271)) - 84ba0a5e-184e-4ada-9e80-19ba53d2c143: shutdown server GrpcServerProtocolService now
2023-03-29 20:39:08,477 [Listener at localhost/39195] INFO  server.GrpcService (GrpcService.java:closeImpl(280)) - 84ba0a5e-184e-4ada-9e80-19ba53d2c143: shutdown server GrpcServerProtocolService successfully
2023-03-29 20:39:08,477 [JvmPauseMonitor9] INFO  util.JvmPauseMonitor (JvmPauseMonitor.java:run(111)) - JvmPauseMonitor-84ba0a5e-184e-4ada-9e80-19ba53d2c143: Stopped
2023-03-29 20:39:10,484 [Listener at localhost/39195] INFO  utils.BackgroundService (BackgroundService.java:shutdown(141)) - Shutting down service BlockDeletingService
2023-03-29 20:39:10,485 [Listener at localhost/39195] INFO  utils.BackgroundService (BackgroundService.java:shutdown(141)) - Shutting down service StaleRecoveringContainerScrubbingService
2023-03-29 20:39:10,486 [Listener at localhost/39195] INFO  upgrade.AbstractLayoutVersionManager (AbstractLayoutVersionManager.java:init(83)) - Initializing Layout version manager with metadata layout = INITIAL_VERSION (version = 0), software layout = DATANODE_SCHEMA_V3 (version = 4)
2023-03-29 20:39:10,513 [Listener at localhost/39195] INFO  reflections.Reflections (Reflections.java:scan(232)) - Reflections took 26 ms to scan 4 urls, producing 125 keys and 293 values 
2023-03-29 20:39:10,514 [Listener at localhost/39195] INFO  upgrade.HDDSLayoutVersionManager (HDDSLayoutVersionManager.java:lambda$registerUpgradeActions$0(76)) - Registering Upgrade Action : DatanodeSchemaV3FinalizeAction
2023-03-29 20:39:10,514 [Listener at localhost/39195] INFO  upgrade.HDDSLayoutVersionManager (HDDSLayoutVersionManager.java:lambda$registerUpgradeActions$0(76)) - Registering Upgrade Action : ScmHAFinalizeUpgradeActionDatanode
2023-03-29 20:39:10,515 [Listener at localhost/39195] INFO  upgrade.HDDSLayoutVersionManager (HDDSLayoutVersionManager.java:lambda$registerUpgradeActions$0(76)) - Registering Upgrade Action : DatanodeSchemaV2FinalizeAction
2023-03-29 20:39:10,515 [Listener at localhost/39195] INFO  statemachine.DatanodeStateMachine (DatanodeStateMachine.java:getEndPointTaskThreadPoolSize(260)) - Datanode State Machine Task Thread Pool size 2
2023-03-29 20:39:10,516 [Listener at localhost/39195] INFO  volume.HddsVolume (HddsVolume.java:<init>(130)) - Creating HddsVolume: /tmp/junit6261157287877745624/8a257147-a2b8-4778-852a-26c3f5034dcc/hdds of storage type : DISK capacity : 9223372036854775807
2023-03-29 20:39:10,516 [Listener at localhost/39195] INFO  volume.MutableVolumeSet (MutableVolumeSet.java:initializeVolumeSet(175)) - Added Volume : /tmp/junit6261157287877745624/8a257147-a2b8-4778-852a-26c3f5034dcc/hdds to VolumeSet
2023-03-29 20:39:10,516 [Listener at localhost/39195] INFO  volume.ThrottledAsyncChecker (ThrottledAsyncChecker.java:schedule(141)) - Scheduling a check for /tmp/junit6261157287877745624/8a257147-a2b8-4778-852a-26c3f5034dcc/hdds
2023-03-29 20:39:10,521 [Listener at localhost/39195] INFO  volume.StorageVolumeChecker (StorageVolumeChecker.java:checkAllVolumes(202)) - Scheduled health check for volume /tmp/junit6261157287877745624/8a257147-a2b8-4778-852a-26c3f5034dcc/hdds
2023-03-29 20:39:10,527 [Listener at localhost/39195] WARN  server.ServerUtils (ServerUtils.java:getDefaultRatisDirectory(237)) - Storage directory for Ratis is not configured. It is a good idea to map this to an SSD disk. Falling back to ozone.metadata.dirs
2023-03-29 20:39:10,527 [Listener at localhost/39195] INFO  volume.MutableVolumeSet (MutableVolumeSet.java:initializeVolumeSet(175)) - Added Volume : /tmp/junit6261157287877745624/ratis to VolumeSet
2023-03-29 20:39:10,527 [Listener at localhost/39195] INFO  volume.ThrottledAsyncChecker (ThrottledAsyncChecker.java:schedule(141)) - Scheduling a check for /tmp/junit6261157287877745624/ratis
2023-03-29 20:39:10,528 [Listener at localhost/39195] INFO  volume.StorageVolumeChecker (StorageVolumeChecker.java:checkAllVolumes(202)) - Scheduled health check for volume /tmp/junit6261157287877745624/ratis
2023-03-29 20:39:10,534 [Thread-176] INFO  ozoneimpl.ContainerReader (ContainerReader.java:readVolume(145)) - Start to verify containers on volume /tmp/junit6261157287877745624/8a257147-a2b8-4778-852a-26c3f5034dcc/hdds
2023-03-29 20:39:10,543 [Thread-176] INFO  ozoneimpl.ContainerReader (ContainerReader.java:readVolume(175)) - Finish verifying containers on volume /tmp/junit6261157287877745624/8a257147-a2b8-4778-852a-26c3f5034dcc/hdds
2023-03-29 20:39:10,543 [Listener at localhost/39195] INFO  ozoneimpl.OzoneContainer (OzoneContainer.java:buildContainerSet(303)) - Build ContainerSet costs 0s
2023-03-29 20:39:10,544 [Listener at localhost/39195] WARN  server.ServerUtils (ServerUtils.java:getDefaultRatisDirectory(237)) - Storage directory for Ratis is not configured. It is a good idea to map this to an SSD disk. Falling back to ozone.metadata.dirs
2023-03-29 20:39:10,546 [Listener at localhost/39195] INFO  server.RaftServer (ConfUtils.java:logGet(46)) - raft.rpc.type = GRPC (default)
2023-03-29 20:39:10,546 [Listener at localhost/39195] INFO  grpc.GrpcConfigKeys (ConfUtils.java:logFallback(53)) - raft.grpc.admin.host = null (fallback to raft.grpc.server.host)
2023-03-29 20:39:10,546 [Listener at localhost/39195] INFO  grpc.GrpcConfigKeys (ConfUtils.java:logGet(46)) - raft.grpc.admin.port = 9858 (custom)
2023-03-29 20:39:10,546 [Listener at localhost/39195] INFO  grpc.GrpcConfigKeys (ConfUtils.java:logFallback(53)) - raft.grpc.client.host = null (fallback to raft.grpc.server.host)
2023-03-29 20:39:10,546 [Listener at localhost/39195] INFO  grpc.GrpcConfigKeys (ConfUtils.java:logGet(46)) - raft.grpc.client.port = 9858 (custom)
2023-03-29 20:39:10,546 [Listener at localhost/39195] INFO  grpc.GrpcConfigKeys (ConfUtils.java:logGet(46)) - raft.grpc.server.host = null (default)
2023-03-29 20:39:10,547 [Listener at localhost/39195] INFO  grpc.GrpcConfigKeys (ConfUtils.java:logGet(46)) - raft.grpc.server.port = 9858 (custom)
2023-03-29 20:39:10,547 [Listener at localhost/39195] INFO  server.GrpcService (ConfUtils.java:logGet(46)) - raft.grpc.message.size.max = 32MB (=33554432) (custom)
2023-03-29 20:39:10,547 [Listener at localhost/39195] INFO  server.RaftServerConfigKeys (ConfUtils.java:logGet(46)) - raft.server.log.appender.buffer.byte-limit = 33554432 (custom)
2023-03-29 20:39:10,547 [Listener at localhost/39195] INFO  server.GrpcService (ConfUtils.java:logGet(46)) - raft.grpc.flow.control.window = 5MB (=5242880) (custom)
2023-03-29 20:39:10,547 [Listener at localhost/39195] INFO  server.RaftServerConfigKeys (ConfUtils.java:logGet(46)) - raft.server.rpc.request.timeout = 60s (custom)
2023-03-29 20:39:10,549 [Listener at localhost/39195] INFO  grpc.GrpcConfigKeys (ConfUtils.java:logGet(46)) - raft.grpc.server.heartbeat.channel = true (default)
2023-03-29 20:39:10,549 [Listener at localhost/39195] INFO  grpc.GrpcConfigKeys (ConfUtils.java:logGet(46)) - raft.grpc.server.async.request.thread.pool.cached = true (default)
2023-03-29 20:39:10,549 [Listener at localhost/39195] INFO  grpc.GrpcConfigKeys (ConfUtils.java:logGet(46)) - raft.grpc.server.async.request.thread.pool.size = 32 (default)
2023-03-29 20:39:10,550 [Listener at localhost/39195] INFO  impl.DataStreamServerImpl (ConfUtils.java:logGet(46)) - raft.datastream.type = DISABLED (default)
2023-03-29 20:39:10,550 [Listener at localhost/39195] INFO  server.RaftServerConfigKeys (ConfUtils.java:logGet(46)) - raft.server.threadpool.proxy.cached = true (default)
2023-03-29 20:39:10,550 [Listener at localhost/39195] INFO  server.RaftServerConfigKeys (ConfUtils.java:logGet(46)) - raft.server.threadpool.proxy.size = 0 (default)
2023-03-29 20:39:10,550 [Listener at localhost/39195] INFO  server.RaftServerConfigKeys (ConfUtils.java:logGet(46)) - raft.server.rpc.slowness.timeout = 300s (custom)
2023-03-29 20:39:10,550 [Listener at localhost/39195] INFO  server.RaftServerConfigKeys (ConfUtils.java:logGet(46)) - raft.server.leaderelection.leader.step-down.wait-time = 10s (default)
2023-03-29 20:39:10,551 [Listener at localhost/39195] INFO  server.RaftServerConfigKeys (ConfUtils.java:logGet(46)) - raft.server.storage.dir = [/tmp/junit6261157287877745624/ratis] (custom)
2023-03-29 20:39:10,554 [Listener at localhost/39195] INFO  server.XceiverServerGrpc (XceiverServerGrpc.java:<init>(132)) - GrpcServer channel type EpollServerSocketChannel
2023-03-29 20:39:10,564 [Listener at localhost/39195] INFO  ozoneimpl.OzoneContainer (OzoneContainer.java:start(397)) - Attempting to start container services.
2023-03-29 20:39:10,564 [Listener at localhost/39195] INFO  ozoneimpl.OzoneContainer (OzoneContainer.java:startContainerScrub(314)) - Scheduled background container scanners and the on-demand container scanner have been disabled.
2023-03-29 20:39:10,568 [Listener at localhost/39195] INFO  replication.ReplicationServer (ReplicationServer.java:start(109)) - ReplicationServer is started using port 9886
2023-03-29 20:39:10,568 [Listener at localhost/39195] INFO  ratis.XceiverServerRatis (XceiverServerRatis.java:start(517)) - Starting XceiverServerRatis 84ba0a5e-184e-4ada-9e80-19ba53d2c143
2023-03-29 20:39:10,570 [Listener at localhost/39195] INFO  server.RaftServer (RaftServerProxy.java:startImpl(393)) - 84ba0a5e-184e-4ada-9e80-19ba53d2c143: start RPC server
2023-03-29 20:39:10,571 [Listener at localhost/39195] INFO  server.GrpcService (GrpcService.java:startImpl(262)) - 84ba0a5e-184e-4ada-9e80-19ba53d2c143: GrpcService started, listening on 9858
2023-03-29 20:39:10,571 [Listener at localhost/39195] INFO  ratis.XceiverServerRatis (XceiverServerRatis.java:getRealPort(543)) - XceiverServerRatis 84ba0a5e-184e-4ada-9e80-19ba53d2c143 is started using port 9858 for RATIS
2023-03-29 20:39:10,571 [JvmPauseMonitor10] INFO  util.JvmPauseMonitor (JvmPauseMonitor.java:run(105)) - JvmPauseMonitor-84ba0a5e-184e-4ada-9e80-19ba53d2c143: Started
2023-03-29 20:39:10,571 [Listener at localhost/39195] INFO  ratis.XceiverServerRatis (XceiverServerRatis.java:getRealPort(543)) - XceiverServerRatis 84ba0a5e-184e-4ada-9e80-19ba53d2c143 is started using port 9858 for RATIS_ADMIN
2023-03-29 20:39:10,571 [Listener at localhost/39195] INFO  ratis.XceiverServerRatis (XceiverServerRatis.java:getRealPort(543)) - XceiverServerRatis 84ba0a5e-184e-4ada-9e80-19ba53d2c143 is started using port 9858 for RATIS_SERVER
2023-03-29 20:39:10,572 [BlockDeletingService#0] INFO  interfaces.ContainerDeletionChoosingPolicyTemplate (ContainerDeletionChoosingPolicyTemplate.java:chooseContainerForBlockDeletion(83)) - Chosen 0/5000 blocks from 0 candidate containers.
2023-03-29 20:39:10,574 [Listener at localhost/39195] INFO  upgrade.UpgradeFinalizer (BasicUpgradeFinalizer.java:logAndEmit(389)) - Finalization started.
2023-03-29 20:39:10,574 [Listener at localhost/39195] INFO  upgrade.UpgradeFinalizer (BasicUpgradeFinalizer.java:runFinalizationAction(264)) - Running finalization actions for layout feature: DATANODE_SCHEMA_V2
2023-03-29 20:39:10,574 [Listener at localhost/39195] INFO  upgrade.DatanodeSchemaV2FinalizeAction (DatanodeSchemaV2FinalizeAction.java:execute(44)) - Executing datanode 'onFinalize' action for the first version with upgrade support. New containers will be created with Schema Version 2 henceforth.
2023-03-29 20:39:10,575 [Listener at localhost/39195] INFO  upgrade.AbstractLayoutVersionManager (AbstractLayoutVersionManager.java:finalized(127)) - Layout feature DATANODE_SCHEMA_V2 has been finalized.
2023-03-29 20:39:10,575 [Listener at localhost/39195] INFO  upgrade.UpgradeFinalizer (BasicUpgradeFinalizer.java:runFinalizationAction(264)) - Running finalization actions for layout feature: SCM_HA
2023-03-29 20:39:10,575 [Listener at localhost/39195] INFO  upgrade.ScmHAFinalizeUpgradeActionDatanode (ScmHAFinalizeUpgradeActionDatanode.java:execute(52)) - Upgrading Datanode volume layout for SCM HA support.
2023-03-29 20:39:10,575 [Listener at localhost/39195] INFO  upgrade.ScmHAFinalizeUpgradeActionDatanode (ScmHAFinalizeUpgradeActionDatanode.java:upgradeVolume(111)) - Volume already contains cluster ID directory /tmp/junit6261157287877745624/8a257147-a2b8-4778-852a-26c3f5034dcc/hdds/clusterID. No action required for SCM HA finalization.
2023-03-29 20:39:10,578 [Listener at localhost/39195] INFO  upgrade.AbstractLayoutVersionManager (AbstractLayoutVersionManager.java:finalized(127)) - Layout feature SCM_HA has been finalized.
2023-03-29 20:39:10,578 [Listener at localhost/39195] INFO  upgrade.UpgradeFinalizer (BasicUpgradeFinalizer.java:logAndEmit(389)) - No onFinalize work defined for feature: ERASURE_CODED_STORAGE_SUPPORT.
2023-03-29 20:39:10,580 [Listener at localhost/39195] INFO  upgrade.AbstractLayoutVersionManager (AbstractLayoutVersionManager.java:finalized(127)) - Layout feature ERASURE_CODED_STORAGE_SUPPORT has been finalized.
2023-03-29 20:39:10,580 [Listener at localhost/39195] INFO  upgrade.UpgradeFinalizer (BasicUpgradeFinalizer.java:runFinalizationAction(264)) - Running finalization actions for layout feature: DATANODE_SCHEMA_V3
2023-03-29 20:39:10,580 [Listener at localhost/39195] INFO  upgrade.DatanodeSchemaV3FinalizeAction (DatanodeSchemaV3FinalizeAction.java:execute(50)) - Upgrading Datanode volume layout for Schema V3 support.
2023-03-29 20:39:10,609 [Listener at localhost/39195] INFO  utils.DatanodeStoreCache (DatanodeStoreCache.java:addDB(58)) - Added db /tmp/junit6261157287877745624/8a257147-a2b8-4778-852a-26c3f5034dcc/hdds/clusterID/DS-022c2f34-4284-4878-a5de-ad0269dd472b/container.db to cache
2023-03-29 20:39:10,610 [Listener at localhost/39195] INFO  volume.HddsVolume (HddsVolume.java:createDbStore(350)) - SchemaV3 db is created and loaded at /tmp/junit6261157287877745624/8a257147-a2b8-4778-852a-26c3f5034dcc/hdds/clusterID/DS-022c2f34-4284-4878-a5de-ad0269dd472b/container.db for volume DS-022c2f34-4284-4878-a5de-ad0269dd472b
2023-03-29 20:39:10,610 [Listener at localhost/39195] INFO  utils.DatanodeStoreCache (DatanodeStoreCache.java:removeDB(96)) - Removed db /tmp/junit6261157287877745624/8a257147-a2b8-4778-852a-26c3f5034dcc/hdds/clusterID/DS-022c2f34-4284-4878-a5de-ad0269dd472b/container.db from cache
2023-03-29 20:39:10,610 [Listener at localhost/39195] INFO  volume.HddsVolume (HddsVolume.java:closeDbStore(437)) - SchemaV3 db is stopped at /tmp/junit6261157287877745624/8a257147-a2b8-4778-852a-26c3f5034dcc/hdds/clusterID/DS-022c2f34-4284-4878-a5de-ad0269dd472b/container.db for volume DS-022c2f34-4284-4878-a5de-ad0269dd472b
2023-03-29 20:39:10,628 [Listener at localhost/39195] INFO  utils.DatanodeStoreCache (DatanodeStoreCache.java:addDB(58)) - Added db /tmp/junit6261157287877745624/8a257147-a2b8-4778-852a-26c3f5034dcc/hdds/clusterID/DS-022c2f34-4284-4878-a5de-ad0269dd472b/container.db to cache
2023-03-29 20:39:10,628 [Listener at localhost/39195] INFO  volume.HddsVolume (HddsVolume.java:loadDbStore(303)) - SchemaV3 db is loaded at /tmp/junit6261157287877745624/8a257147-a2b8-4778-852a-26c3f5034dcc/hdds/clusterID/DS-022c2f34-4284-4878-a5de-ad0269dd472b/container.db for volume DS-022c2f34-4284-4878-a5de-ad0269dd472b
2023-03-29 20:39:10,629 [Listener at localhost/39195] INFO  upgrade.AbstractLayoutVersionManager (AbstractLayoutVersionManager.java:finalized(127)) - Layout feature DATANODE_SCHEMA_V3 has been finalized.
2023-03-29 20:39:10,629 [Listener at localhost/39195] INFO  upgrade.AbstractLayoutVersionManager (AbstractLayoutVersionManager.java:finalized(129)) - Finalization is complete.
2023-03-29 20:39:10,629 [Listener at localhost/39195] INFO  upgrade.UpgradeFinalizer (BasicUpgradeFinalizer.java:logAndEmit(389)) - Finalization is done.
2023-03-29 20:39:10,629 [Listener at localhost/39195] INFO  ipc.Server (Server.java:stop(3428)) - Stopping server on 39195
2023-03-29 20:39:10,630 [IPC Server listener on 39195] INFO  ipc.Server (Server.java:run(1384)) - Stopping IPC Server listener on 39195
2023-03-29 20:39:10,631 [IPC Server Responder] INFO  ipc.Server (Server.java:run(1517)) - Stopping IPC Server Responder
2023-03-29 20:39:10,631 [Listener at localhost/39195] INFO  ozoneimpl.OzoneContainer (OzoneContainer.java:stop(419)) - Attempting to stop container services.
2023-03-29 20:39:10,632 [Listener at localhost/39195] INFO  server.RaftServer (RaftServerProxy.java:lambda$close$6(409)) - 84ba0a5e-184e-4ada-9e80-19ba53d2c143: close
2023-03-29 20:39:10,632 [Listener at localhost/39195] INFO  server.GrpcService (GrpcService.java:closeImpl(271)) - 84ba0a5e-184e-4ada-9e80-19ba53d2c143: shutdown server GrpcServerProtocolService now
2023-03-29 20:39:10,633 [Listener at localhost/39195] INFO  server.GrpcService (GrpcService.java:closeImpl(280)) - 84ba0a5e-184e-4ada-9e80-19ba53d2c143: shutdown server GrpcServerProtocolService successfully
2023-03-29 20:39:10,633 [JvmPauseMonitor10] INFO  util.JvmPauseMonitor (JvmPauseMonitor.java:run(111)) - JvmPauseMonitor-84ba0a5e-184e-4ada-9e80-19ba53d2c143: Stopped
2023-03-29 20:39:12,640 [Listener at localhost/39195] INFO  volume.HddsVolume (HddsVolume.java:closeDbStore(437)) - SchemaV3 db is stopped at /tmp/junit6261157287877745624/8a257147-a2b8-4778-852a-26c3f5034dcc/hdds/clusterID/DS-022c2f34-4284-4878-a5de-ad0269dd472b/container.db for volume DS-022c2f34-4284-4878-a5de-ad0269dd472b
2023-03-29 20:39:12,641 [Listener at localhost/39195] INFO  utils.BackgroundService (BackgroundService.java:shutdown(141)) - Shutting down service BlockDeletingService
2023-03-29 20:39:12,641 [Listener at localhost/39195] INFO  utils.BackgroundService (BackgroundService.java:shutdown(141)) - Shutting down service StaleRecoveringContainerScrubbingService
]]></system-out>
  </testcase>
  <testcase name="testFormattingNewVolumes" classname="TestDatanodeUpgradeToScmHA" time="6.714">
    <system-out><![CDATA[2023-03-29 20:38:54,863 [Listener at localhost/46565] INFO  ipc.CallQueueManager (CallQueueManager.java:<init>(90)) - Using callQueue: class java.util.concurrent.LinkedBlockingQueue, queueCapacity: 1000, scheduler: class org.apache.hadoop.ipc.DefaultRpcScheduler, ipcBackoff: false.
2023-03-29 20:38:54,863 [Socket Reader #1 for port 38145] INFO  ipc.Server (Server.java:run(1273)) - Starting Socket Reader #1 for port 38145
2023-03-29 20:38:54,869 [IPC Server Responder] INFO  ipc.Server (Server.java:run(1512)) - IPC Server Responder: starting
2023-03-29 20:38:54,869 [IPC Server listener on 38145] INFO  ipc.Server (Server.java:run(1352)) - IPC Server listener on 38145: starting
2023-03-29 20:38:54,877 [Listener at localhost/38145] INFO  upgrade.AbstractLayoutVersionManager (AbstractLayoutVersionManager.java:init(83)) - Initializing Layout version manager with metadata layout = INITIAL_VERSION (version = 0), software layout = DATANODE_SCHEMA_V3 (version = 4)
2023-03-29 20:38:54,928 [Listener at localhost/38145] INFO  reflections.Reflections (Reflections.java:scan(232)) - Reflections took 50 ms to scan 4 urls, producing 125 keys and 293 values 
2023-03-29 20:38:54,930 [Listener at localhost/38145] INFO  upgrade.HDDSLayoutVersionManager (HDDSLayoutVersionManager.java:lambda$registerUpgradeActions$0(76)) - Registering Upgrade Action : DatanodeSchemaV3FinalizeAction
2023-03-29 20:38:54,931 [Listener at localhost/38145] INFO  upgrade.HDDSLayoutVersionManager (HDDSLayoutVersionManager.java:lambda$registerUpgradeActions$0(76)) - Registering Upgrade Action : ScmHAFinalizeUpgradeActionDatanode
2023-03-29 20:38:54,931 [Listener at localhost/38145] INFO  upgrade.HDDSLayoutVersionManager (HDDSLayoutVersionManager.java:lambda$registerUpgradeActions$0(76)) - Registering Upgrade Action : DatanodeSchemaV2FinalizeAction
2023-03-29 20:38:54,931 [Listener at localhost/38145] INFO  statemachine.DatanodeStateMachine (DatanodeStateMachine.java:getEndPointTaskThreadPoolSize(260)) - Datanode State Machine Task Thread Pool size 2
2023-03-29 20:38:54,936 [Listener at localhost/38145] INFO  volume.HddsVolume (HddsVolume.java:<init>(130)) - Creating HddsVolume: /tmp/junit3436312243470659560/ed99c8a0-515a-4669-9c44-f96a93cbc768/hdds of storage type : DISK capacity : 9223372036854775807
2023-03-29 20:38:54,936 [Listener at localhost/38145] INFO  volume.MutableVolumeSet (MutableVolumeSet.java:initializeVolumeSet(175)) - Added Volume : /tmp/junit3436312243470659560/ed99c8a0-515a-4669-9c44-f96a93cbc768/hdds to VolumeSet
2023-03-29 20:38:54,937 [Listener at localhost/38145] INFO  volume.ThrottledAsyncChecker (ThrottledAsyncChecker.java:schedule(141)) - Scheduling a check for /tmp/junit3436312243470659560/ed99c8a0-515a-4669-9c44-f96a93cbc768/hdds
2023-03-29 20:38:54,940 [Listener at localhost/38145] INFO  volume.StorageVolumeChecker (StorageVolumeChecker.java:checkAllVolumes(202)) - Scheduled health check for volume /tmp/junit3436312243470659560/ed99c8a0-515a-4669-9c44-f96a93cbc768/hdds
2023-03-29 20:38:54,948 [Listener at localhost/38145] WARN  server.ServerUtils (ServerUtils.java:getDefaultRatisDirectory(237)) - Storage directory for Ratis is not configured. It is a good idea to map this to an SSD disk. Falling back to ozone.metadata.dirs
2023-03-29 20:38:54,949 [Listener at localhost/38145] INFO  volume.MutableVolumeSet (MutableVolumeSet.java:initializeVolumeSet(175)) - Added Volume : /tmp/junit3436312243470659560/ratis to VolumeSet
2023-03-29 20:38:54,950 [Listener at localhost/38145] INFO  volume.ThrottledAsyncChecker (ThrottledAsyncChecker.java:schedule(141)) - Scheduling a check for /tmp/junit3436312243470659560/ratis
2023-03-29 20:38:54,950 [Listener at localhost/38145] INFO  volume.StorageVolumeChecker (StorageVolumeChecker.java:checkAllVolumes(202)) - Scheduled health check for volume /tmp/junit3436312243470659560/ratis
2023-03-29 20:38:54,963 [Thread-71] INFO  ozoneimpl.ContainerReader (ContainerReader.java:readVolume(175)) - Finish verifying containers on volume /tmp/junit3436312243470659560/ed99c8a0-515a-4669-9c44-f96a93cbc768/hdds
2023-03-29 20:38:54,963 [Listener at localhost/38145] INFO  ozoneimpl.OzoneContainer (OzoneContainer.java:buildContainerSet(303)) - Build ContainerSet costs 0s
2023-03-29 20:38:54,966 [Listener at localhost/38145] WARN  server.ServerUtils (ServerUtils.java:getDefaultRatisDirectory(237)) - Storage directory for Ratis is not configured. It is a good idea to map this to an SSD disk. Falling back to ozone.metadata.dirs
2023-03-29 20:38:54,970 [Listener at localhost/38145] INFO  server.RaftServer (ConfUtils.java:logGet(46)) - raft.rpc.type = GRPC (default)
2023-03-29 20:38:54,970 [Listener at localhost/38145] INFO  grpc.GrpcConfigKeys (ConfUtils.java:logFallback(53)) - raft.grpc.admin.host = null (fallback to raft.grpc.server.host)
2023-03-29 20:38:54,971 [Listener at localhost/38145] INFO  grpc.GrpcConfigKeys (ConfUtils.java:logGet(46)) - raft.grpc.admin.port = 9858 (custom)
2023-03-29 20:38:54,971 [Listener at localhost/38145] INFO  grpc.GrpcConfigKeys (ConfUtils.java:logFallback(53)) - raft.grpc.client.host = null (fallback to raft.grpc.server.host)
2023-03-29 20:38:54,972 [Listener at localhost/38145] INFO  grpc.GrpcConfigKeys (ConfUtils.java:logGet(46)) - raft.grpc.client.port = 9858 (custom)
2023-03-29 20:38:54,973 [Listener at localhost/38145] INFO  grpc.GrpcConfigKeys (ConfUtils.java:logGet(46)) - raft.grpc.server.host = null (default)
2023-03-29 20:38:54,973 [Listener at localhost/38145] INFO  grpc.GrpcConfigKeys (ConfUtils.java:logGet(46)) - raft.grpc.server.port = 9858 (custom)
2023-03-29 20:38:54,976 [Listener at localhost/38145] INFO  server.GrpcService (ConfUtils.java:logGet(46)) - raft.grpc.message.size.max = 32MB (=33554432) (custom)
2023-03-29 20:38:54,976 [Listener at localhost/38145] INFO  server.RaftServerConfigKeys (ConfUtils.java:logGet(46)) - raft.server.log.appender.buffer.byte-limit = 33554432 (custom)
2023-03-29 20:38:54,976 [Listener at localhost/38145] INFO  server.GrpcService (ConfUtils.java:logGet(46)) - raft.grpc.flow.control.window = 5MB (=5242880) (custom)
2023-03-29 20:38:54,977 [Listener at localhost/38145] INFO  server.RaftServerConfigKeys (ConfUtils.java:logGet(46)) - raft.server.rpc.request.timeout = 60s (custom)
2023-03-29 20:38:54,977 [Listener at localhost/38145] INFO  grpc.GrpcConfigKeys (ConfUtils.java:logGet(46)) - raft.grpc.server.heartbeat.channel = true (default)
2023-03-29 20:38:54,977 [Listener at localhost/38145] INFO  grpc.GrpcConfigKeys (ConfUtils.java:logGet(46)) - raft.grpc.server.async.request.thread.pool.cached = true (default)
2023-03-29 20:38:54,977 [Listener at localhost/38145] INFO  grpc.GrpcConfigKeys (ConfUtils.java:logGet(46)) - raft.grpc.server.async.request.thread.pool.size = 32 (default)
2023-03-29 20:38:54,978 [Listener at localhost/38145] INFO  impl.DataStreamServerImpl (ConfUtils.java:logGet(46)) - raft.datastream.type = DISABLED (default)
2023-03-29 20:38:54,979 [Listener at localhost/38145] INFO  server.RaftServerConfigKeys (ConfUtils.java:logGet(46)) - raft.server.threadpool.proxy.cached = true (default)
2023-03-29 20:38:54,979 [Listener at localhost/38145] INFO  server.RaftServerConfigKeys (ConfUtils.java:logGet(46)) - raft.server.threadpool.proxy.size = 0 (default)
2023-03-29 20:38:54,979 [Listener at localhost/38145] INFO  server.RaftServerConfigKeys (ConfUtils.java:logGet(46)) - raft.server.rpc.slowness.timeout = 300s (custom)
2023-03-29 20:38:54,979 [Listener at localhost/38145] INFO  server.RaftServerConfigKeys (ConfUtils.java:logGet(46)) - raft.server.leaderelection.leader.step-down.wait-time = 10s (default)
2023-03-29 20:38:54,979 [Listener at localhost/38145] INFO  server.RaftServerConfigKeys (ConfUtils.java:logGet(46)) - raft.server.storage.dir = [/tmp/junit3436312243470659560/ratis] (custom)
2023-03-29 20:38:54,981 [Listener at localhost/38145] INFO  server.XceiverServerGrpc (XceiverServerGrpc.java:<init>(132)) - GrpcServer channel type EpollServerSocketChannel
2023-03-29 20:38:54,999 [Listener at localhost/38145] INFO  ozoneimpl.OzoneContainer (OzoneContainer.java:start(397)) - Attempting to start container services.
2023-03-29 20:38:54,999 [Listener at localhost/38145] INFO  ozoneimpl.OzoneContainer (OzoneContainer.java:startContainerScrub(314)) - Scheduled background container scanners and the on-demand container scanner have been disabled.
2023-03-29 20:38:55,001 [Listener at localhost/38145] INFO  replication.ReplicationServer (ReplicationServer.java:start(109)) - ReplicationServer is started using port 9886
2023-03-29 20:38:55,001 [Listener at localhost/38145] INFO  ratis.XceiverServerRatis (XceiverServerRatis.java:start(517)) - Starting XceiverServerRatis 56d59261-23c1-4431-b241-3f9487733f8a
2023-03-29 20:38:55,006 [Listener at localhost/38145] INFO  server.RaftServer (RaftServerProxy.java:startImpl(393)) - 56d59261-23c1-4431-b241-3f9487733f8a: start RPC server
2023-03-29 20:38:55,008 [Listener at localhost/38145] INFO  server.GrpcService (GrpcService.java:startImpl(262)) - 56d59261-23c1-4431-b241-3f9487733f8a: GrpcService started, listening on 9858
2023-03-29 20:38:55,009 [Listener at localhost/38145] INFO  ratis.XceiverServerRatis (XceiverServerRatis.java:getRealPort(543)) - XceiverServerRatis 56d59261-23c1-4431-b241-3f9487733f8a is started using port 9858 for RATIS
2023-03-29 20:38:55,009 [Listener at localhost/38145] INFO  ratis.XceiverServerRatis (XceiverServerRatis.java:getRealPort(543)) - XceiverServerRatis 56d59261-23c1-4431-b241-3f9487733f8a is started using port 9858 for RATIS_ADMIN
2023-03-29 20:38:55,009 [Listener at localhost/38145] INFO  ratis.XceiverServerRatis (XceiverServerRatis.java:getRealPort(543)) - XceiverServerRatis 56d59261-23c1-4431-b241-3f9487733f8a is started using port 9858 for RATIS_SERVER
2023-03-29 20:38:55,010 [JvmPauseMonitor3] INFO  util.JvmPauseMonitor (JvmPauseMonitor.java:run(105)) - JvmPauseMonitor-56d59261-23c1-4431-b241-3f9487733f8a: Started
2023-03-29 20:38:55,017 [BlockDeletingService#0] INFO  interfaces.ContainerDeletionChoosingPolicyTemplate (ContainerDeletionChoosingPolicyTemplate.java:chooseContainerForBlockDeletion(83)) - Chosen 0/5000 blocks from 0 candidate containers.
2023-03-29 20:38:55,051 [Listener at localhost/38145] INFO  ozoneimpl.OzoneContainer (OzoneContainer.java:stop(419)) - Attempting to stop container services.
2023-03-29 20:38:55,053 [Listener at localhost/38145] INFO  server.RaftServer (RaftServerProxy.java:lambda$close$6(409)) - 56d59261-23c1-4431-b241-3f9487733f8a: close
2023-03-29 20:38:55,054 [Listener at localhost/38145] INFO  server.GrpcService (GrpcService.java:closeImpl(271)) - 56d59261-23c1-4431-b241-3f9487733f8a: shutdown server GrpcServerProtocolService now
2023-03-29 20:38:55,057 [Listener at localhost/38145] INFO  server.GrpcService (GrpcService.java:closeImpl(280)) - 56d59261-23c1-4431-b241-3f9487733f8a: shutdown server GrpcServerProtocolService successfully
2023-03-29 20:38:55,057 [JvmPauseMonitor3] INFO  util.JvmPauseMonitor (JvmPauseMonitor.java:run(111)) - JvmPauseMonitor-56d59261-23c1-4431-b241-3f9487733f8a: Stopped
2023-03-29 20:38:57,068 [Listener at localhost/38145] INFO  utils.BackgroundService (BackgroundService.java:shutdown(141)) - Shutting down service BlockDeletingService
2023-03-29 20:38:57,069 [Listener at localhost/38145] INFO  utils.BackgroundService (BackgroundService.java:shutdown(141)) - Shutting down service StaleRecoveringContainerScrubbingService
2023-03-29 20:38:57,070 [Listener at localhost/38145] INFO  upgrade.AbstractLayoutVersionManager (AbstractLayoutVersionManager.java:init(83)) - Initializing Layout version manager with metadata layout = INITIAL_VERSION (version = 0), software layout = DATANODE_SCHEMA_V3 (version = 4)
2023-03-29 20:38:57,116 [Listener at localhost/38145] INFO  reflections.Reflections (Reflections.java:scan(232)) - Reflections took 45 ms to scan 4 urls, producing 125 keys and 293 values 
2023-03-29 20:38:57,122 [Listener at localhost/38145] INFO  upgrade.HDDSLayoutVersionManager (HDDSLayoutVersionManager.java:lambda$registerUpgradeActions$0(76)) - Registering Upgrade Action : DatanodeSchemaV3FinalizeAction
2023-03-29 20:38:57,123 [Listener at localhost/38145] INFO  upgrade.HDDSLayoutVersionManager (HDDSLayoutVersionManager.java:lambda$registerUpgradeActions$0(76)) - Registering Upgrade Action : ScmHAFinalizeUpgradeActionDatanode
2023-03-29 20:38:57,123 [Listener at localhost/38145] INFO  upgrade.HDDSLayoutVersionManager (HDDSLayoutVersionManager.java:lambda$registerUpgradeActions$0(76)) - Registering Upgrade Action : DatanodeSchemaV2FinalizeAction
2023-03-29 20:38:57,123 [Listener at localhost/38145] INFO  statemachine.DatanodeStateMachine (DatanodeStateMachine.java:getEndPointTaskThreadPoolSize(260)) - Datanode State Machine Task Thread Pool size 2
2023-03-29 20:38:57,126 [Listener at localhost/38145] INFO  volume.HddsVolume (HddsVolume.java:<init>(130)) - Creating HddsVolume: /tmp/junit3436312243470659560/ed99c8a0-515a-4669-9c44-f96a93cbc768/hdds of storage type : DISK capacity : 9223372036854775807
2023-03-29 20:38:57,126 [Listener at localhost/38145] INFO  volume.MutableVolumeSet (MutableVolumeSet.java:initializeVolumeSet(175)) - Added Volume : /tmp/junit3436312243470659560/ed99c8a0-515a-4669-9c44-f96a93cbc768/hdds to VolumeSet
2023-03-29 20:38:57,127 [Listener at localhost/38145] INFO  volume.HddsVolume (HddsVolume.java:<init>(130)) - Creating HddsVolume: /tmp/junit3436312243470659560/d811ef88-be51-4487-bf79-d66f4d3d0d07/hdds of storage type : DISK capacity : 9223372036854775807
2023-03-29 20:38:57,129 [Listener at localhost/38145] INFO  volume.MutableVolumeSet (MutableVolumeSet.java:initializeVolumeSet(175)) - Added Volume : /tmp/junit3436312243470659560/d811ef88-be51-4487-bf79-d66f4d3d0d07/hdds to VolumeSet
2023-03-29 20:38:57,129 [Listener at localhost/38145] INFO  volume.ThrottledAsyncChecker (ThrottledAsyncChecker.java:schedule(141)) - Scheduling a check for /tmp/junit3436312243470659560/ed99c8a0-515a-4669-9c44-f96a93cbc768/hdds
2023-03-29 20:38:57,129 [Listener at localhost/38145] INFO  volume.StorageVolumeChecker (StorageVolumeChecker.java:checkAllVolumes(202)) - Scheduled health check for volume /tmp/junit3436312243470659560/ed99c8a0-515a-4669-9c44-f96a93cbc768/hdds
2023-03-29 20:38:57,130 [Listener at localhost/38145] INFO  volume.ThrottledAsyncChecker (ThrottledAsyncChecker.java:schedule(141)) - Scheduling a check for /tmp/junit3436312243470659560/d811ef88-be51-4487-bf79-d66f4d3d0d07/hdds
2023-03-29 20:38:57,130 [Listener at localhost/38145] INFO  volume.StorageVolumeChecker (StorageVolumeChecker.java:checkAllVolumes(202)) - Scheduled health check for volume /tmp/junit3436312243470659560/d811ef88-be51-4487-bf79-d66f4d3d0d07/hdds
2023-03-29 20:38:57,137 [Listener at localhost/38145] WARN  server.ServerUtils (ServerUtils.java:getDefaultRatisDirectory(237)) - Storage directory for Ratis is not configured. It is a good idea to map this to an SSD disk. Falling back to ozone.metadata.dirs
2023-03-29 20:38:57,137 [Listener at localhost/38145] INFO  volume.MutableVolumeSet (MutableVolumeSet.java:initializeVolumeSet(175)) - Added Volume : /tmp/junit3436312243470659560/ratis to VolumeSet
2023-03-29 20:38:57,138 [Listener at localhost/38145] INFO  volume.ThrottledAsyncChecker (ThrottledAsyncChecker.java:schedule(141)) - Scheduling a check for /tmp/junit3436312243470659560/ratis
2023-03-29 20:38:57,138 [Listener at localhost/38145] INFO  volume.StorageVolumeChecker (StorageVolumeChecker.java:checkAllVolumes(202)) - Scheduled health check for volume /tmp/junit3436312243470659560/ratis
2023-03-29 20:38:57,145 [Thread-80] INFO  ozoneimpl.ContainerReader (ContainerReader.java:readVolume(145)) - Start to verify containers on volume /tmp/junit3436312243470659560/ed99c8a0-515a-4669-9c44-f96a93cbc768/hdds
2023-03-29 20:38:57,151 [Thread-81] INFO  ozoneimpl.ContainerReader (ContainerReader.java:readVolume(175)) - Finish verifying containers on volume /tmp/junit3436312243470659560/d811ef88-be51-4487-bf79-d66f4d3d0d07/hdds
2023-03-29 20:38:57,157 [Thread-80] INFO  ozoneimpl.ContainerReader (ContainerReader.java:readVolume(175)) - Finish verifying containers on volume /tmp/junit3436312243470659560/ed99c8a0-515a-4669-9c44-f96a93cbc768/hdds
2023-03-29 20:38:57,157 [Listener at localhost/38145] INFO  ozoneimpl.OzoneContainer (OzoneContainer.java:buildContainerSet(303)) - Build ContainerSet costs 0s
2023-03-29 20:38:57,158 [Listener at localhost/38145] WARN  server.ServerUtils (ServerUtils.java:getDefaultRatisDirectory(237)) - Storage directory for Ratis is not configured. It is a good idea to map this to an SSD disk. Falling back to ozone.metadata.dirs
2023-03-29 20:38:57,160 [Listener at localhost/38145] INFO  server.RaftServer (ConfUtils.java:logGet(46)) - raft.rpc.type = GRPC (default)
2023-03-29 20:38:57,160 [Listener at localhost/38145] INFO  grpc.GrpcConfigKeys (ConfUtils.java:logFallback(53)) - raft.grpc.admin.host = null (fallback to raft.grpc.server.host)
2023-03-29 20:38:57,160 [Listener at localhost/38145] INFO  grpc.GrpcConfigKeys (ConfUtils.java:logGet(46)) - raft.grpc.admin.port = 9858 (custom)
2023-03-29 20:38:57,160 [Listener at localhost/38145] INFO  grpc.GrpcConfigKeys (ConfUtils.java:logFallback(53)) - raft.grpc.client.host = null (fallback to raft.grpc.server.host)
2023-03-29 20:38:57,161 [Listener at localhost/38145] INFO  grpc.GrpcConfigKeys (ConfUtils.java:logGet(46)) - raft.grpc.client.port = 9858 (custom)
2023-03-29 20:38:57,161 [Listener at localhost/38145] INFO  grpc.GrpcConfigKeys (ConfUtils.java:logGet(46)) - raft.grpc.server.host = null (default)
2023-03-29 20:38:57,161 [Listener at localhost/38145] INFO  grpc.GrpcConfigKeys (ConfUtils.java:logGet(46)) - raft.grpc.server.port = 9858 (custom)
2023-03-29 20:38:57,162 [Listener at localhost/38145] INFO  server.GrpcService (ConfUtils.java:logGet(46)) - raft.grpc.message.size.max = 32MB (=33554432) (custom)
2023-03-29 20:38:57,162 [Listener at localhost/38145] INFO  server.RaftServerConfigKeys (ConfUtils.java:logGet(46)) - raft.server.log.appender.buffer.byte-limit = 33554432 (custom)
2023-03-29 20:38:57,162 [Listener at localhost/38145] INFO  server.GrpcService (ConfUtils.java:logGet(46)) - raft.grpc.flow.control.window = 5MB (=5242880) (custom)
2023-03-29 20:38:57,162 [Listener at localhost/38145] INFO  server.RaftServerConfigKeys (ConfUtils.java:logGet(46)) - raft.server.rpc.request.timeout = 60s (custom)
2023-03-29 20:38:57,162 [Listener at localhost/38145] INFO  grpc.GrpcConfigKeys (ConfUtils.java:logGet(46)) - raft.grpc.server.heartbeat.channel = true (default)
2023-03-29 20:38:57,162 [Listener at localhost/38145] INFO  grpc.GrpcConfigKeys (ConfUtils.java:logGet(46)) - raft.grpc.server.async.request.thread.pool.cached = true (default)
2023-03-29 20:38:57,162 [Listener at localhost/38145] INFO  grpc.GrpcConfigKeys (ConfUtils.java:logGet(46)) - raft.grpc.server.async.request.thread.pool.size = 32 (default)
2023-03-29 20:38:57,164 [Listener at localhost/38145] INFO  impl.DataStreamServerImpl (ConfUtils.java:logGet(46)) - raft.datastream.type = DISABLED (default)
2023-03-29 20:38:57,164 [Listener at localhost/38145] INFO  server.RaftServerConfigKeys (ConfUtils.java:logGet(46)) - raft.server.threadpool.proxy.cached = true (default)
2023-03-29 20:38:57,164 [Listener at localhost/38145] INFO  server.RaftServerConfigKeys (ConfUtils.java:logGet(46)) - raft.server.threadpool.proxy.size = 0 (default)
2023-03-29 20:38:57,164 [Listener at localhost/38145] INFO  server.RaftServerConfigKeys (ConfUtils.java:logGet(46)) - raft.server.rpc.slowness.timeout = 300s (custom)
2023-03-29 20:38:57,164 [Listener at localhost/38145] INFO  server.RaftServerConfigKeys (ConfUtils.java:logGet(46)) - raft.server.leaderelection.leader.step-down.wait-time = 10s (default)
2023-03-29 20:38:57,164 [Listener at localhost/38145] INFO  server.RaftServerConfigKeys (ConfUtils.java:logGet(46)) - raft.server.storage.dir = [/tmp/junit3436312243470659560/ratis] (custom)
2023-03-29 20:38:57,169 [Listener at localhost/38145] INFO  server.XceiverServerGrpc (XceiverServerGrpc.java:<init>(132)) - GrpcServer channel type EpollServerSocketChannel
2023-03-29 20:38:57,181 [Listener at localhost/38145] INFO  ozoneimpl.OzoneContainer (OzoneContainer.java:start(397)) - Attempting to start container services.
2023-03-29 20:38:57,181 [Listener at localhost/38145] INFO  ozoneimpl.OzoneContainer (OzoneContainer.java:startContainerScrub(314)) - Scheduled background container scanners and the on-demand container scanner have been disabled.
2023-03-29 20:38:57,184 [Listener at localhost/38145] INFO  replication.ReplicationServer (ReplicationServer.java:start(109)) - ReplicationServer is started using port 9886
2023-03-29 20:38:57,184 [Listener at localhost/38145] INFO  ratis.XceiverServerRatis (XceiverServerRatis.java:start(517)) - Starting XceiverServerRatis 56d59261-23c1-4431-b241-3f9487733f8a
2023-03-29 20:38:57,190 [Listener at localhost/38145] INFO  server.RaftServer (RaftServerProxy.java:startImpl(393)) - 56d59261-23c1-4431-b241-3f9487733f8a: start RPC server
2023-03-29 20:38:57,192 [Listener at localhost/38145] INFO  server.GrpcService (GrpcService.java:startImpl(262)) - 56d59261-23c1-4431-b241-3f9487733f8a: GrpcService started, listening on 9858
2023-03-29 20:38:57,192 [Listener at localhost/38145] INFO  ratis.XceiverServerRatis (XceiverServerRatis.java:getRealPort(543)) - XceiverServerRatis 56d59261-23c1-4431-b241-3f9487733f8a is started using port 9858 for RATIS
2023-03-29 20:38:57,192 [JvmPauseMonitor4] INFO  util.JvmPauseMonitor (JvmPauseMonitor.java:run(105)) - JvmPauseMonitor-56d59261-23c1-4431-b241-3f9487733f8a: Started
2023-03-29 20:38:57,192 [Listener at localhost/38145] INFO  ratis.XceiverServerRatis (XceiverServerRatis.java:getRealPort(543)) - XceiverServerRatis 56d59261-23c1-4431-b241-3f9487733f8a is started using port 9858 for RATIS_ADMIN
2023-03-29 20:38:57,192 [Listener at localhost/38145] INFO  ratis.XceiverServerRatis (XceiverServerRatis.java:getRealPort(543)) - XceiverServerRatis 56d59261-23c1-4431-b241-3f9487733f8a is started using port 9858 for RATIS_SERVER
2023-03-29 20:38:57,195 [BlockDeletingService#0] INFO  interfaces.ContainerDeletionChoosingPolicyTemplate (ContainerDeletionChoosingPolicyTemplate.java:chooseContainerForBlockDeletion(83)) - Chosen 0/5000 blocks from 0 candidate containers.
2023-03-29 20:38:57,212 [Listener at localhost/38145] INFO  keyvalue.KeyValueContainer (KeyValueContainer.java:flushAndSyncDB(446)) - Container 794756568 is synced with bcsId 0.
2023-03-29 20:38:57,212 [Listener at localhost/38145] INFO  keyvalue.KeyValueContainer (KeyValueContainer.java:flushAndSyncDB(446)) - Container 794756568 is synced with bcsId 0.
2023-03-29 20:38:57,214 [Listener at localhost/38145] INFO  keyvalue.KeyValueContainer (KeyValueContainer.java:close(361)) - Container 794756568 is closed with bcsId 0.
2023-03-29 20:38:57,215 [Listener at localhost/38145] INFO  upgrade.UpgradeFinalizer (BasicUpgradeFinalizer.java:logAndEmit(389)) - Finalization started.
2023-03-29 20:38:57,215 [Listener at localhost/38145] INFO  upgrade.UpgradeFinalizer (BasicUpgradeFinalizer.java:runFinalizationAction(264)) - Running finalization actions for layout feature: DATANODE_SCHEMA_V2
2023-03-29 20:38:57,215 [Listener at localhost/38145] INFO  upgrade.DatanodeSchemaV2FinalizeAction (DatanodeSchemaV2FinalizeAction.java:execute(44)) - Executing datanode 'onFinalize' action for the first version with upgrade support. New containers will be created with Schema Version 2 henceforth.
2023-03-29 20:38:57,216 [Listener at localhost/38145] INFO  upgrade.AbstractLayoutVersionManager (AbstractLayoutVersionManager.java:finalized(127)) - Layout feature DATANODE_SCHEMA_V2 has been finalized.
2023-03-29 20:38:57,216 [Listener at localhost/38145] INFO  upgrade.UpgradeFinalizer (BasicUpgradeFinalizer.java:runFinalizationAction(264)) - Running finalization actions for layout feature: SCM_HA
2023-03-29 20:38:57,216 [Listener at localhost/38145] INFO  upgrade.ScmHAFinalizeUpgradeActionDatanode (ScmHAFinalizeUpgradeActionDatanode.java:execute(52)) - Upgrading Datanode volume layout for SCM HA support.
2023-03-29 20:38:57,216 [Listener at localhost/38145] INFO  upgrade.ScmHAFinalizeUpgradeActionDatanode (ScmHAFinalizeUpgradeActionDatanode.java:upgradeVolume(98)) - Creating symlink /tmp/junit3436312243470659560/ed99c8a0-515a-4669-9c44-f96a93cbc768/hdds/clusterID -> 25f3bdfd-fddf-48c2-affb-0cadaa3e4501 as part of SCM HA finalization for datanode.
2023-03-29 20:38:57,216 [Listener at localhost/38145] INFO  upgrade.ScmHAFinalizeUpgradeActionDatanode (ScmHAFinalizeUpgradeActionDatanode.java:upgradeVolume(111)) - Volume already contains cluster ID directory /tmp/junit3436312243470659560/d811ef88-be51-4487-bf79-d66f4d3d0d07/hdds/clusterID. No action required for SCM HA finalization.
2023-03-29 20:38:57,217 [Listener at localhost/38145] INFO  upgrade.AbstractLayoutVersionManager (AbstractLayoutVersionManager.java:finalized(127)) - Layout feature SCM_HA has been finalized.
2023-03-29 20:38:57,218 [Listener at localhost/38145] INFO  upgrade.UpgradeFinalizer (BasicUpgradeFinalizer.java:logAndEmit(389)) - No onFinalize work defined for feature: ERASURE_CODED_STORAGE_SUPPORT.
2023-03-29 20:38:57,218 [Listener at localhost/38145] INFO  upgrade.AbstractLayoutVersionManager (AbstractLayoutVersionManager.java:finalized(127)) - Layout feature ERASURE_CODED_STORAGE_SUPPORT has been finalized.
2023-03-29 20:38:57,218 [Listener at localhost/38145] INFO  upgrade.UpgradeFinalizer (BasicUpgradeFinalizer.java:runFinalizationAction(264)) - Running finalization actions for layout feature: DATANODE_SCHEMA_V3
2023-03-29 20:38:57,218 [Listener at localhost/38145] INFO  upgrade.DatanodeSchemaV3FinalizeAction (DatanodeSchemaV3FinalizeAction.java:execute(50)) - Upgrading Datanode volume layout for Schema V3 support.
2023-03-29 20:38:57,246 [Listener at localhost/38145] INFO  utils.DatanodeStoreCache (DatanodeStoreCache.java:addDB(58)) - Added db /tmp/junit3436312243470659560/ed99c8a0-515a-4669-9c44-f96a93cbc768/hdds/clusterID/DS-976f7608-6f2a-4477-88ca-3cbda9a80818/container.db to cache
2023-03-29 20:38:57,246 [Listener at localhost/38145] INFO  volume.HddsVolume (HddsVolume.java:createDbStore(350)) - SchemaV3 db is created and loaded at /tmp/junit3436312243470659560/ed99c8a0-515a-4669-9c44-f96a93cbc768/hdds/clusterID/DS-976f7608-6f2a-4477-88ca-3cbda9a80818/container.db for volume DS-976f7608-6f2a-4477-88ca-3cbda9a80818
2023-03-29 20:38:57,247 [Listener at localhost/38145] INFO  utils.DatanodeStoreCache (DatanodeStoreCache.java:removeDB(96)) - Removed db /tmp/junit3436312243470659560/ed99c8a0-515a-4669-9c44-f96a93cbc768/hdds/clusterID/DS-976f7608-6f2a-4477-88ca-3cbda9a80818/container.db from cache
2023-03-29 20:38:57,247 [Listener at localhost/38145] INFO  volume.HddsVolume (HddsVolume.java:closeDbStore(437)) - SchemaV3 db is stopped at /tmp/junit3436312243470659560/ed99c8a0-515a-4669-9c44-f96a93cbc768/hdds/clusterID/DS-976f7608-6f2a-4477-88ca-3cbda9a80818/container.db for volume DS-976f7608-6f2a-4477-88ca-3cbda9a80818
2023-03-29 20:38:57,272 [Listener at localhost/38145] INFO  utils.DatanodeStoreCache (DatanodeStoreCache.java:addDB(58)) - Added db /tmp/junit3436312243470659560/d811ef88-be51-4487-bf79-d66f4d3d0d07/hdds/clusterID/DS-ce79cf89-6975-4cbf-bf46-930f36531a6f/container.db to cache
2023-03-29 20:38:57,273 [Listener at localhost/38145] INFO  volume.HddsVolume (HddsVolume.java:createDbStore(350)) - SchemaV3 db is created and loaded at /tmp/junit3436312243470659560/d811ef88-be51-4487-bf79-d66f4d3d0d07/hdds/clusterID/DS-ce79cf89-6975-4cbf-bf46-930f36531a6f/container.db for volume DS-ce79cf89-6975-4cbf-bf46-930f36531a6f
2023-03-29 20:38:57,273 [Listener at localhost/38145] INFO  utils.DatanodeStoreCache (DatanodeStoreCache.java:removeDB(96)) - Removed db /tmp/junit3436312243470659560/d811ef88-be51-4487-bf79-d66f4d3d0d07/hdds/clusterID/DS-ce79cf89-6975-4cbf-bf46-930f36531a6f/container.db from cache
2023-03-29 20:38:57,274 [Listener at localhost/38145] INFO  volume.HddsVolume (HddsVolume.java:closeDbStore(437)) - SchemaV3 db is stopped at /tmp/junit3436312243470659560/d811ef88-be51-4487-bf79-d66f4d3d0d07/hdds/clusterID/DS-ce79cf89-6975-4cbf-bf46-930f36531a6f/container.db for volume DS-ce79cf89-6975-4cbf-bf46-930f36531a6f
2023-03-29 20:38:57,290 [Listener at localhost/38145] INFO  utils.DatanodeStoreCache (DatanodeStoreCache.java:addDB(58)) - Added db /tmp/junit3436312243470659560/ed99c8a0-515a-4669-9c44-f96a93cbc768/hdds/clusterID/DS-976f7608-6f2a-4477-88ca-3cbda9a80818/container.db to cache
2023-03-29 20:38:57,290 [Listener at localhost/38145] INFO  volume.HddsVolume (HddsVolume.java:loadDbStore(303)) - SchemaV3 db is loaded at /tmp/junit3436312243470659560/ed99c8a0-515a-4669-9c44-f96a93cbc768/hdds/clusterID/DS-976f7608-6f2a-4477-88ca-3cbda9a80818/container.db for volume DS-976f7608-6f2a-4477-88ca-3cbda9a80818
2023-03-29 20:38:57,302 [Listener at localhost/38145] INFO  utils.DatanodeStoreCache (DatanodeStoreCache.java:addDB(58)) - Added db /tmp/junit3436312243470659560/d811ef88-be51-4487-bf79-d66f4d3d0d07/hdds/clusterID/DS-ce79cf89-6975-4cbf-bf46-930f36531a6f/container.db to cache
2023-03-29 20:38:57,303 [Listener at localhost/38145] INFO  volume.HddsVolume (HddsVolume.java:loadDbStore(303)) - SchemaV3 db is loaded at /tmp/junit3436312243470659560/d811ef88-be51-4487-bf79-d66f4d3d0d07/hdds/clusterID/DS-ce79cf89-6975-4cbf-bf46-930f36531a6f/container.db for volume DS-ce79cf89-6975-4cbf-bf46-930f36531a6f
2023-03-29 20:38:57,304 [Listener at localhost/38145] INFO  upgrade.AbstractLayoutVersionManager (AbstractLayoutVersionManager.java:finalized(127)) - Layout feature DATANODE_SCHEMA_V3 has been finalized.
2023-03-29 20:38:57,304 [Listener at localhost/38145] INFO  upgrade.AbstractLayoutVersionManager (AbstractLayoutVersionManager.java:finalized(129)) - Finalization is complete.
2023-03-29 20:38:57,304 [Listener at localhost/38145] INFO  upgrade.UpgradeFinalizer (BasicUpgradeFinalizer.java:logAndEmit(389)) - Finalization is done.
2023-03-29 20:38:57,307 [Listener at localhost/38145] INFO  ozoneimpl.OzoneContainer (OzoneContainer.java:stop(419)) - Attempting to stop container services.
2023-03-29 20:38:57,310 [Listener at localhost/38145] INFO  server.RaftServer (RaftServerProxy.java:lambda$close$6(409)) - 56d59261-23c1-4431-b241-3f9487733f8a: close
2023-03-29 20:38:57,310 [Listener at localhost/38145] INFO  server.GrpcService (GrpcService.java:closeImpl(271)) - 56d59261-23c1-4431-b241-3f9487733f8a: shutdown server GrpcServerProtocolService now
2023-03-29 20:38:57,312 [Listener at localhost/38145] INFO  server.GrpcService (GrpcService.java:closeImpl(280)) - 56d59261-23c1-4431-b241-3f9487733f8a: shutdown server GrpcServerProtocolService successfully
2023-03-29 20:38:57,312 [JvmPauseMonitor4] INFO  util.JvmPauseMonitor (JvmPauseMonitor.java:run(111)) - JvmPauseMonitor-56d59261-23c1-4431-b241-3f9487733f8a: Stopped
2023-03-29 20:38:59,322 [Listener at localhost/38145] INFO  volume.HddsVolume (HddsVolume.java:closeDbStore(437)) - SchemaV3 db is stopped at /tmp/junit3436312243470659560/ed99c8a0-515a-4669-9c44-f96a93cbc768/hdds/clusterID/DS-976f7608-6f2a-4477-88ca-3cbda9a80818/container.db for volume DS-976f7608-6f2a-4477-88ca-3cbda9a80818
2023-03-29 20:38:59,322 [Listener at localhost/38145] INFO  volume.HddsVolume (HddsVolume.java:closeDbStore(437)) - SchemaV3 db is stopped at /tmp/junit3436312243470659560/d811ef88-be51-4487-bf79-d66f4d3d0d07/hdds/clusterID/DS-ce79cf89-6975-4cbf-bf46-930f36531a6f/container.db for volume DS-ce79cf89-6975-4cbf-bf46-930f36531a6f
2023-03-29 20:38:59,322 [Listener at localhost/38145] INFO  utils.BackgroundService (BackgroundService.java:shutdown(141)) - Shutting down service BlockDeletingService
2023-03-29 20:38:59,323 [Listener at localhost/38145] INFO  utils.BackgroundService (BackgroundService.java:shutdown(141)) - Shutting down service StaleRecoveringContainerScrubbingService
2023-03-29 20:38:59,324 [Listener at localhost/38145] INFO  upgrade.AbstractLayoutVersionManager (AbstractLayoutVersionManager.java:init(83)) - Initializing Layout version manager with metadata layout = DATANODE_SCHEMA_V3 (version = 4), software layout = DATANODE_SCHEMA_V3 (version = 4)
2023-03-29 20:38:59,358 [Listener at localhost/38145] INFO  reflections.Reflections (Reflections.java:scan(232)) - Reflections took 30 ms to scan 4 urls, producing 125 keys and 293 values 
2023-03-29 20:38:59,359 [Listener at localhost/38145] INFO  statemachine.DatanodeStateMachine (DatanodeStateMachine.java:getEndPointTaskThreadPoolSize(260)) - Datanode State Machine Task Thread Pool size 2
2023-03-29 20:38:59,361 [Listener at localhost/38145] INFO  volume.HddsVolume (HddsVolume.java:<init>(130)) - Creating HddsVolume: /tmp/junit3436312243470659560/ed99c8a0-515a-4669-9c44-f96a93cbc768/hdds of storage type : DISK capacity : 9223372036854775807
2023-03-29 20:38:59,361 [Listener at localhost/38145] INFO  volume.MutableVolumeSet (MutableVolumeSet.java:initializeVolumeSet(175)) - Added Volume : /tmp/junit3436312243470659560/ed99c8a0-515a-4669-9c44-f96a93cbc768/hdds to VolumeSet
2023-03-29 20:38:59,361 [Listener at localhost/38145] INFO  volume.HddsVolume (HddsVolume.java:<init>(130)) - Creating HddsVolume: /tmp/junit3436312243470659560/d811ef88-be51-4487-bf79-d66f4d3d0d07/hdds of storage type : DISK capacity : 9223372036854775807
2023-03-29 20:38:59,362 [Listener at localhost/38145] INFO  volume.MutableVolumeSet (MutableVolumeSet.java:initializeVolumeSet(175)) - Added Volume : /tmp/junit3436312243470659560/d811ef88-be51-4487-bf79-d66f4d3d0d07/hdds to VolumeSet
2023-03-29 20:38:59,362 [Listener at localhost/38145] INFO  volume.HddsVolume (HddsVolume.java:<init>(130)) - Creating HddsVolume: /tmp/junit3436312243470659560/8cf6eaa5-c246-4979-a966-35621ce75bfa/hdds of storage type : DISK capacity : 9223372036854775807
2023-03-29 20:38:59,364 [Listener at localhost/38145] INFO  volume.MutableVolumeSet (MutableVolumeSet.java:initializeVolumeSet(175)) - Added Volume : /tmp/junit3436312243470659560/8cf6eaa5-c246-4979-a966-35621ce75bfa/hdds to VolumeSet
2023-03-29 20:38:59,364 [Listener at localhost/38145] INFO  volume.ThrottledAsyncChecker (ThrottledAsyncChecker.java:schedule(141)) - Scheduling a check for /tmp/junit3436312243470659560/8cf6eaa5-c246-4979-a966-35621ce75bfa/hdds
2023-03-29 20:38:59,369 [Listener at localhost/38145] INFO  volume.StorageVolumeChecker (StorageVolumeChecker.java:checkAllVolumes(202)) - Scheduled health check for volume /tmp/junit3436312243470659560/8cf6eaa5-c246-4979-a966-35621ce75bfa/hdds
2023-03-29 20:38:59,369 [Listener at localhost/38145] INFO  volume.ThrottledAsyncChecker (ThrottledAsyncChecker.java:schedule(141)) - Scheduling a check for /tmp/junit3436312243470659560/ed99c8a0-515a-4669-9c44-f96a93cbc768/hdds
2023-03-29 20:38:59,369 [Listener at localhost/38145] INFO  volume.StorageVolumeChecker (StorageVolumeChecker.java:checkAllVolumes(202)) - Scheduled health check for volume /tmp/junit3436312243470659560/ed99c8a0-515a-4669-9c44-f96a93cbc768/hdds
2023-03-29 20:38:59,369 [Listener at localhost/38145] INFO  volume.ThrottledAsyncChecker (ThrottledAsyncChecker.java:schedule(141)) - Scheduling a check for /tmp/junit3436312243470659560/d811ef88-be51-4487-bf79-d66f4d3d0d07/hdds
2023-03-29 20:38:59,370 [Listener at localhost/38145] INFO  volume.StorageVolumeChecker (StorageVolumeChecker.java:checkAllVolumes(202)) - Scheduled health check for volume /tmp/junit3436312243470659560/d811ef88-be51-4487-bf79-d66f4d3d0d07/hdds
2023-03-29 20:38:59,377 [Listener at localhost/38145] WARN  server.ServerUtils (ServerUtils.java:getDefaultRatisDirectory(237)) - Storage directory for Ratis is not configured. It is a good idea to map this to an SSD disk. Falling back to ozone.metadata.dirs
2023-03-29 20:38:59,377 [Listener at localhost/38145] INFO  volume.MutableVolumeSet (MutableVolumeSet.java:initializeVolumeSet(175)) - Added Volume : /tmp/junit3436312243470659560/ratis to VolumeSet
2023-03-29 20:38:59,377 [Listener at localhost/38145] INFO  volume.ThrottledAsyncChecker (ThrottledAsyncChecker.java:schedule(141)) - Scheduling a check for /tmp/junit3436312243470659560/ratis
2023-03-29 20:38:59,378 [Listener at localhost/38145] INFO  volume.StorageVolumeChecker (StorageVolumeChecker.java:checkAllVolumes(202)) - Scheduled health check for volume /tmp/junit3436312243470659560/ratis
2023-03-29 20:38:59,386 [Listener at localhost/38145] ERROR ozoneimpl.OzoneContainer (HddsVolumeUtil.java:loadAllHddsVolumeDbStore(96)) - Load db store for HddsVolume /tmp/junit3436312243470659560/8cf6eaa5-c246-4979-a966-35621ce75bfa/hdds failed
java.io.IOException: Working dir /tmp/junit3436312243470659560/8cf6eaa5-c246-4979-a966-35621ce75bfa/hdds/clusterID not created for HddsVolume: /tmp/junit3436312243470659560/8cf6eaa5-c246-4979-a966-35621ce75bfa/hdds
	at org.apache.hadoop.ozone.container.common.volume.HddsVolume.loadDbStore(HddsVolume.java:278)
	at org.apache.hadoop.ozone.container.common.utils.HddsVolumeUtil.loadAllHddsVolumeDbStore(HddsVolumeUtil.java:92)
	at org.apache.hadoop.ozone.container.ozoneimpl.OzoneContainer.<init>(OzoneContainer.java:154)
	at org.apache.hadoop.ozone.container.common.statemachine.DatanodeStateMachine.<init>(DatanodeStateMachine.java:173)
	at org.apache.hadoop.ozone.container.upgrade.TestDatanodeUpgradeToScmHA.restartDatanode(TestDatanodeUpgradeToScmHA.java:537)
	at org.apache.hadoop.ozone.container.upgrade.TestDatanodeUpgradeToScmHA.testFormattingNewVolumes(TestDatanodeUpgradeToScmHA.java:386)
	at sun.reflect.NativeMethodAccessorImpl.invoke0(Native Method)
	at sun.reflect.NativeMethodAccessorImpl.invoke(NativeMethodAccessorImpl.java:62)
	at sun.reflect.DelegatingMethodAccessorImpl.invoke(DelegatingMethodAccessorImpl.java:43)
	at java.lang.reflect.Method.invoke(Method.java:498)
	at org.junit.runners.model.FrameworkMethod$1.runReflectiveCall(FrameworkMethod.java:59)
	at org.junit.internal.runners.model.ReflectiveCallable.run(ReflectiveCallable.java:12)
	at org.junit.runners.model.FrameworkMethod.invokeExplosively(FrameworkMethod.java:56)
	at org.junit.internal.runners.statements.InvokeMethod.evaluate(InvokeMethod.java:17)
	at org.junit.internal.runners.statements.RunBefores.evaluate(RunBefores.java:26)
	at org.junit.internal.runners.statements.RunAfters.evaluate(RunAfters.java:27)
	at org.junit.runners.ParentRunner$3.evaluate(ParentRunner.java:306)
	at org.junit.runners.BlockJUnit4ClassRunner$1.evaluate(BlockJUnit4ClassRunner.java:100)
	at org.junit.runners.ParentRunner.runLeaf(ParentRunner.java:366)
	at org.junit.runners.BlockJUnit4ClassRunner.runChild(BlockJUnit4ClassRunner.java:103)
	at org.junit.runners.BlockJUnit4ClassRunner.runChild(BlockJUnit4ClassRunner.java:63)
	at org.junit.runners.ParentRunner$4.run(ParentRunner.java:331)
	at org.junit.runners.ParentRunner$1.schedule(ParentRunner.java:79)
	at org.junit.runners.ParentRunner.runChildren(ParentRunner.java:329)
	at org.junit.runners.ParentRunner.access$100(ParentRunner.java:66)
	at org.junit.runners.ParentRunner$2.evaluate(ParentRunner.java:293)
	at org.junit.runners.ParentRunner.run(ParentRunner.java:413)
	at org.junit.runners.Suite.runChild(Suite.java:128)
	at org.junit.runners.Suite.runChild(Suite.java:27)
	at org.junit.runners.ParentRunner$4.run(ParentRunner.java:331)
	at org.junit.runners.ParentRunner$1.schedule(ParentRunner.java:79)
	at org.junit.runners.ParentRunner.runChildren(ParentRunner.java:329)
	at org.junit.runners.ParentRunner.access$100(ParentRunner.java:66)
	at org.junit.runners.ParentRunner$2.evaluate(ParentRunner.java:293)
	at org.junit.runners.ParentRunner$3.evaluate(ParentRunner.java:306)
	at org.junit.runners.ParentRunner.run(ParentRunner.java:413)
	at org.junit.runner.JUnitCore.run(JUnitCore.java:137)
	at org.junit.runner.JUnitCore.run(JUnitCore.java:115)
	at org.junit.vintage.engine.execution.RunnerExecutor.execute(RunnerExecutor.java:42)
	at org.junit.vintage.engine.VintageTestEngine.executeAllChildren(VintageTestEngine.java:80)
	at org.junit.vintage.engine.VintageTestEngine.execute(VintageTestEngine.java:72)
	at org.junit.platform.launcher.core.EngineExecutionOrchestrator.execute(EngineExecutionOrchestrator.java:107)
	at org.junit.platform.launcher.core.EngineExecutionOrchestrator.execute(EngineExecutionOrchestrator.java:88)
	at org.junit.platform.launcher.core.EngineExecutionOrchestrator.lambda$execute$0(EngineExecutionOrchestrator.java:54)
	at org.junit.platform.launcher.core.EngineExecutionOrchestrator.withInterceptedStreams(EngineExecutionOrchestrator.java:67)
	at org.junit.platform.launcher.core.EngineExecutionOrchestrator.execute(EngineExecutionOrchestrator.java:52)
	at org.junit.platform.launcher.core.DefaultLauncher.execute(DefaultLauncher.java:114)
	at org.junit.platform.launcher.core.DefaultLauncher.execute(DefaultLauncher.java:86)
	at org.junit.platform.launcher.core.DefaultLauncherSession$DelegatingLauncher.execute(DefaultLauncherSession.java:86)
	at org.junit.platform.launcher.core.SessionPerRequestLauncher.execute(SessionPerRequestLauncher.java:53)
	at org.apache.maven.surefire.junitplatform.JUnitPlatformProvider.execute(JUnitPlatformProvider.java:188)
	at org.apache.maven.surefire.junitplatform.JUnitPlatformProvider.invokeAllTests(JUnitPlatformProvider.java:154)
	at org.apache.maven.surefire.junitplatform.JUnitPlatformProvider.invoke(JUnitPlatformProvider.java:124)
	at org.apache.maven.surefire.booter.ForkedBooter.runSuitesInProcess(ForkedBooter.java:428)
	at org.apache.maven.surefire.booter.ForkedBooter.execute(ForkedBooter.java:162)
	at org.apache.maven.surefire.booter.ForkedBooter.run(ForkedBooter.java:562)
	at org.apache.maven.surefire.booter.ForkedBooter.main(ForkedBooter.java:548)
2023-03-29 20:38:59,412 [Listener at localhost/38145] INFO  utils.DatanodeStoreCache (DatanodeStoreCache.java:addDB(58)) - Added db /tmp/junit3436312243470659560/ed99c8a0-515a-4669-9c44-f96a93cbc768/hdds/clusterID/DS-976f7608-6f2a-4477-88ca-3cbda9a80818/container.db to cache
2023-03-29 20:38:59,413 [Listener at localhost/38145] INFO  volume.HddsVolume (HddsVolume.java:loadDbStore(303)) - SchemaV3 db is loaded at /tmp/junit3436312243470659560/ed99c8a0-515a-4669-9c44-f96a93cbc768/hdds/clusterID/DS-976f7608-6f2a-4477-88ca-3cbda9a80818/container.db for volume DS-976f7608-6f2a-4477-88ca-3cbda9a80818
2023-03-29 20:38:59,430 [Listener at localhost/38145] INFO  utils.DatanodeStoreCache (DatanodeStoreCache.java:addDB(58)) - Added db /tmp/junit3436312243470659560/d811ef88-be51-4487-bf79-d66f4d3d0d07/hdds/clusterID/DS-ce79cf89-6975-4cbf-bf46-930f36531a6f/container.db to cache
2023-03-29 20:38:59,431 [Listener at localhost/38145] INFO  volume.HddsVolume (HddsVolume.java:loadDbStore(303)) - SchemaV3 db is loaded at /tmp/junit3436312243470659560/d811ef88-be51-4487-bf79-d66f4d3d0d07/hdds/clusterID/DS-ce79cf89-6975-4cbf-bf46-930f36531a6f/container.db for volume DS-ce79cf89-6975-4cbf-bf46-930f36531a6f
2023-03-29 20:38:59,433 [Thread-90] INFO  ozoneimpl.ContainerReader (ContainerReader.java:readVolume(175)) - Finish verifying containers on volume /tmp/junit3436312243470659560/8cf6eaa5-c246-4979-a966-35621ce75bfa/hdds
2023-03-29 20:38:59,437 [Thread-91] INFO  ozoneimpl.ContainerReader (ContainerReader.java:readVolume(145)) - Start to verify containers on volume /tmp/junit3436312243470659560/ed99c8a0-515a-4669-9c44-f96a93cbc768/hdds
2023-03-29 20:38:59,440 [Thread-92] INFO  ozoneimpl.ContainerReader (ContainerReader.java:readVolume(145)) - Start to verify containers on volume /tmp/junit3436312243470659560/d811ef88-be51-4487-bf79-d66f4d3d0d07/hdds
2023-03-29 20:38:59,441 [Thread-92] INFO  ozoneimpl.ContainerReader (ContainerReader.java:readVolume(175)) - Finish verifying containers on volume /tmp/junit3436312243470659560/d811ef88-be51-4487-bf79-d66f4d3d0d07/hdds
2023-03-29 20:38:59,443 [Thread-91] INFO  ozoneimpl.ContainerReader (ContainerReader.java:readVolume(175)) - Finish verifying containers on volume /tmp/junit3436312243470659560/ed99c8a0-515a-4669-9c44-f96a93cbc768/hdds
2023-03-29 20:38:59,443 [Listener at localhost/38145] INFO  ozoneimpl.OzoneContainer (OzoneContainer.java:buildContainerSet(303)) - Build ContainerSet costs 0s
2023-03-29 20:38:59,445 [Listener at localhost/38145] WARN  server.ServerUtils (ServerUtils.java:getDefaultRatisDirectory(237)) - Storage directory for Ratis is not configured. It is a good idea to map this to an SSD disk. Falling back to ozone.metadata.dirs
2023-03-29 20:38:59,447 [Listener at localhost/38145] INFO  server.RaftServer (ConfUtils.java:logGet(46)) - raft.rpc.type = GRPC (default)
2023-03-29 20:38:59,447 [Listener at localhost/38145] INFO  grpc.GrpcConfigKeys (ConfUtils.java:logFallback(53)) - raft.grpc.admin.host = null (fallback to raft.grpc.server.host)
2023-03-29 20:38:59,447 [Listener at localhost/38145] INFO  grpc.GrpcConfigKeys (ConfUtils.java:logGet(46)) - raft.grpc.admin.port = 9858 (custom)
2023-03-29 20:38:59,447 [Listener at localhost/38145] INFO  grpc.GrpcConfigKeys (ConfUtils.java:logFallback(53)) - raft.grpc.client.host = null (fallback to raft.grpc.server.host)
2023-03-29 20:38:59,447 [Listener at localhost/38145] INFO  grpc.GrpcConfigKeys (ConfUtils.java:logGet(46)) - raft.grpc.client.port = 9858 (custom)
2023-03-29 20:38:59,447 [Listener at localhost/38145] INFO  grpc.GrpcConfigKeys (ConfUtils.java:logGet(46)) - raft.grpc.server.host = null (default)
2023-03-29 20:38:59,447 [Listener at localhost/38145] INFO  grpc.GrpcConfigKeys (ConfUtils.java:logGet(46)) - raft.grpc.server.port = 9858 (custom)
2023-03-29 20:38:59,448 [Listener at localhost/38145] INFO  server.GrpcService (ConfUtils.java:logGet(46)) - raft.grpc.message.size.max = 32MB (=33554432) (custom)
2023-03-29 20:38:59,448 [Listener at localhost/38145] INFO  server.RaftServerConfigKeys (ConfUtils.java:logGet(46)) - raft.server.log.appender.buffer.byte-limit = 33554432 (custom)
2023-03-29 20:38:59,448 [Listener at localhost/38145] INFO  server.GrpcService (ConfUtils.java:logGet(46)) - raft.grpc.flow.control.window = 5MB (=5242880) (custom)
2023-03-29 20:38:59,448 [Listener at localhost/38145] INFO  server.RaftServerConfigKeys (ConfUtils.java:logGet(46)) - raft.server.rpc.request.timeout = 60s (custom)
2023-03-29 20:38:59,448 [Listener at localhost/38145] INFO  grpc.GrpcConfigKeys (ConfUtils.java:logGet(46)) - raft.grpc.server.heartbeat.channel = true (default)
2023-03-29 20:38:59,448 [Listener at localhost/38145] INFO  grpc.GrpcConfigKeys (ConfUtils.java:logGet(46)) - raft.grpc.server.async.request.thread.pool.cached = true (default)
2023-03-29 20:38:59,448 [Listener at localhost/38145] INFO  grpc.GrpcConfigKeys (ConfUtils.java:logGet(46)) - raft.grpc.server.async.request.thread.pool.size = 32 (default)
2023-03-29 20:38:59,449 [Listener at localhost/38145] INFO  impl.DataStreamServerImpl (ConfUtils.java:logGet(46)) - raft.datastream.type = DISABLED (default)
2023-03-29 20:38:59,450 [Listener at localhost/38145] INFO  server.RaftServerConfigKeys (ConfUtils.java:logGet(46)) - raft.server.threadpool.proxy.cached = true (default)
2023-03-29 20:38:59,450 [Listener at localhost/38145] INFO  server.RaftServerConfigKeys (ConfUtils.java:logGet(46)) - raft.server.threadpool.proxy.size = 0 (default)
2023-03-29 20:38:59,450 [Listener at localhost/38145] INFO  server.RaftServerConfigKeys (ConfUtils.java:logGet(46)) - raft.server.rpc.slowness.timeout = 300s (custom)
2023-03-29 20:38:59,450 [Listener at localhost/38145] INFO  server.RaftServerConfigKeys (ConfUtils.java:logGet(46)) - raft.server.leaderelection.leader.step-down.wait-time = 10s (default)
2023-03-29 20:38:59,450 [Listener at localhost/38145] INFO  server.RaftServerConfigKeys (ConfUtils.java:logGet(46)) - raft.server.storage.dir = [/tmp/junit3436312243470659560/ratis] (custom)
2023-03-29 20:38:59,453 [Listener at localhost/38145] INFO  server.XceiverServerGrpc (XceiverServerGrpc.java:<init>(132)) - GrpcServer channel type EpollServerSocketChannel
2023-03-29 20:38:59,501 [Listener at localhost/38145] INFO  utils.DatanodeStoreCache (DatanodeStoreCache.java:addDB(58)) - Added db /tmp/junit3436312243470659560/8cf6eaa5-c246-4979-a966-35621ce75bfa/hdds/clusterID/DS-bdaa676b-3b74-4554-aca2-6e88e06bf11c/container.db to cache
2023-03-29 20:38:59,502 [Listener at localhost/38145] INFO  volume.HddsVolume (HddsVolume.java:createDbStore(350)) - SchemaV3 db is created and loaded at /tmp/junit3436312243470659560/8cf6eaa5-c246-4979-a966-35621ce75bfa/hdds/clusterID/DS-bdaa676b-3b74-4554-aca2-6e88e06bf11c/container.db for volume DS-bdaa676b-3b74-4554-aca2-6e88e06bf11c
2023-03-29 20:38:59,503 [Listener at localhost/38145] INFO  ozoneimpl.OzoneContainer (OzoneContainer.java:start(397)) - Attempting to start container services.
2023-03-29 20:38:59,503 [Listener at localhost/38145] INFO  ozoneimpl.OzoneContainer (OzoneContainer.java:startContainerScrub(314)) - Scheduled background container scanners and the on-demand container scanner have been disabled.
2023-03-29 20:38:59,505 [Listener at localhost/38145] INFO  replication.ReplicationServer (ReplicationServer.java:start(109)) - ReplicationServer is started using port 9886
2023-03-29 20:38:59,505 [Listener at localhost/38145] INFO  ratis.XceiverServerRatis (XceiverServerRatis.java:start(517)) - Starting XceiverServerRatis 56d59261-23c1-4431-b241-3f9487733f8a
2023-03-29 20:38:59,512 [Listener at localhost/38145] INFO  server.RaftServer (RaftServerProxy.java:startImpl(393)) - 56d59261-23c1-4431-b241-3f9487733f8a: start RPC server
2023-03-29 20:38:59,513 [Listener at localhost/38145] INFO  server.GrpcService (GrpcService.java:startImpl(262)) - 56d59261-23c1-4431-b241-3f9487733f8a: GrpcService started, listening on 9858
2023-03-29 20:38:59,513 [Listener at localhost/38145] INFO  ratis.XceiverServerRatis (XceiverServerRatis.java:getRealPort(543)) - XceiverServerRatis 56d59261-23c1-4431-b241-3f9487733f8a is started using port 9858 for RATIS
2023-03-29 20:38:59,513 [JvmPauseMonitor5] INFO  util.JvmPauseMonitor (JvmPauseMonitor.java:run(105)) - JvmPauseMonitor-56d59261-23c1-4431-b241-3f9487733f8a: Started
2023-03-29 20:38:59,513 [Listener at localhost/38145] INFO  ratis.XceiverServerRatis (XceiverServerRatis.java:getRealPort(543)) - XceiverServerRatis 56d59261-23c1-4431-b241-3f9487733f8a is started using port 9858 for RATIS_ADMIN
2023-03-29 20:38:59,514 [Listener at localhost/38145] INFO  ratis.XceiverServerRatis (XceiverServerRatis.java:getRealPort(543)) - XceiverServerRatis 56d59261-23c1-4431-b241-3f9487733f8a is started using port 9858 for RATIS_SERVER
2023-03-29 20:38:59,518 [BlockDeletingService#0] INFO  interfaces.ContainerDeletionChoosingPolicyTemplate (ContainerDeletionChoosingPolicyTemplate.java:chooseContainerForBlockDeletion(83)) - Chosen 0/5000 blocks from 0 candidate containers.
2023-03-29 20:38:59,534 [Listener at localhost/38145] INFO  ipc.Server (Server.java:stop(3428)) - Stopping server on 38145
2023-03-29 20:38:59,539 [IPC Server Responder] INFO  ipc.Server (Server.java:run(1517)) - Stopping IPC Server Responder
2023-03-29 20:38:59,540 [Listener at localhost/38145] INFO  ozoneimpl.OzoneContainer (OzoneContainer.java:stop(419)) - Attempting to stop container services.
2023-03-29 20:38:59,540 [IPC Server listener on 38145] INFO  ipc.Server (Server.java:run(1384)) - Stopping IPC Server listener on 38145
2023-03-29 20:38:59,541 [Listener at localhost/38145] INFO  server.RaftServer (RaftServerProxy.java:lambda$close$6(409)) - 56d59261-23c1-4431-b241-3f9487733f8a: close
2023-03-29 20:38:59,541 [Listener at localhost/38145] INFO  server.GrpcService (GrpcService.java:closeImpl(271)) - 56d59261-23c1-4431-b241-3f9487733f8a: shutdown server GrpcServerProtocolService now
2023-03-29 20:38:59,542 [Listener at localhost/38145] INFO  server.GrpcService (GrpcService.java:closeImpl(280)) - 56d59261-23c1-4431-b241-3f9487733f8a: shutdown server GrpcServerProtocolService successfully
2023-03-29 20:38:59,542 [JvmPauseMonitor5] INFO  util.JvmPauseMonitor (JvmPauseMonitor.java:run(111)) - JvmPauseMonitor-56d59261-23c1-4431-b241-3f9487733f8a: Stopped
2023-03-29 20:39:01,555 [Listener at localhost/38145] INFO  volume.HddsVolume (HddsVolume.java:closeDbStore(437)) - SchemaV3 db is stopped at /tmp/junit3436312243470659560/8cf6eaa5-c246-4979-a966-35621ce75bfa/hdds/clusterID/DS-bdaa676b-3b74-4554-aca2-6e88e06bf11c/container.db for volume DS-bdaa676b-3b74-4554-aca2-6e88e06bf11c
2023-03-29 20:39:01,555 [Listener at localhost/38145] INFO  volume.HddsVolume (HddsVolume.java:closeDbStore(437)) - SchemaV3 db is stopped at /tmp/junit3436312243470659560/ed99c8a0-515a-4669-9c44-f96a93cbc768/hdds/clusterID/DS-976f7608-6f2a-4477-88ca-3cbda9a80818/container.db for volume DS-976f7608-6f2a-4477-88ca-3cbda9a80818
2023-03-29 20:39:01,555 [Listener at localhost/38145] INFO  volume.HddsVolume (HddsVolume.java:closeDbStore(437)) - SchemaV3 db is stopped at /tmp/junit3436312243470659560/d811ef88-be51-4487-bf79-d66f4d3d0d07/hdds/clusterID/DS-ce79cf89-6975-4cbf-bf46-930f36531a6f/container.db for volume DS-ce79cf89-6975-4cbf-bf46-930f36531a6f
2023-03-29 20:39:01,555 [Listener at localhost/38145] INFO  utils.BackgroundService (BackgroundService.java:shutdown(141)) - Shutting down service BlockDeletingService
2023-03-29 20:39:01,565 [Listener at localhost/38145] INFO  utils.BackgroundService (BackgroundService.java:shutdown(141)) - Shutting down service StaleRecoveringContainerScrubbingService
]]></system-out>
  </testcase>
  <testcase name="testFormattingNewVolumes" classname="TestDatanodeUpgradeToScmHA" time="6.524">
    <system-out><![CDATA[2023-03-29 20:39:12,654 [Listener at localhost/39195] INFO  ipc.CallQueueManager (CallQueueManager.java:<init>(90)) - Using callQueue: class java.util.concurrent.LinkedBlockingQueue, queueCapacity: 1000, scheduler: class org.apache.hadoop.ipc.DefaultRpcScheduler, ipcBackoff: false.
2023-03-29 20:39:12,655 [Socket Reader #1 for port 42953] INFO  ipc.Server (Server.java:run(1273)) - Starting Socket Reader #1 for port 42953
2023-03-29 20:39:12,655 [IPC Server Responder] INFO  ipc.Server (Server.java:run(1512)) - IPC Server Responder: starting
2023-03-29 20:39:12,656 [IPC Server listener on 42953] INFO  ipc.Server (Server.java:run(1352)) - IPC Server listener on 42953: starting
2023-03-29 20:39:12,665 [Listener at localhost/42953] INFO  upgrade.AbstractLayoutVersionManager (AbstractLayoutVersionManager.java:init(83)) - Initializing Layout version manager with metadata layout = INITIAL_VERSION (version = 0), software layout = DATANODE_SCHEMA_V3 (version = 4)
2023-03-29 20:39:12,692 [Listener at localhost/42953] INFO  reflections.Reflections (Reflections.java:scan(232)) - Reflections took 26 ms to scan 4 urls, producing 125 keys and 293 values 
2023-03-29 20:39:12,693 [Listener at localhost/42953] INFO  upgrade.HDDSLayoutVersionManager (HDDSLayoutVersionManager.java:lambda$registerUpgradeActions$0(76)) - Registering Upgrade Action : DatanodeSchemaV3FinalizeAction
2023-03-29 20:39:12,693 [Listener at localhost/42953] INFO  upgrade.HDDSLayoutVersionManager (HDDSLayoutVersionManager.java:lambda$registerUpgradeActions$0(76)) - Registering Upgrade Action : ScmHAFinalizeUpgradeActionDatanode
2023-03-29 20:39:12,693 [Listener at localhost/42953] INFO  upgrade.HDDSLayoutVersionManager (HDDSLayoutVersionManager.java:lambda$registerUpgradeActions$0(76)) - Registering Upgrade Action : DatanodeSchemaV2FinalizeAction
2023-03-29 20:39:12,694 [Listener at localhost/42953] INFO  statemachine.DatanodeStateMachine (DatanodeStateMachine.java:getEndPointTaskThreadPoolSize(260)) - Datanode State Machine Task Thread Pool size 2
2023-03-29 20:39:12,695 [Listener at localhost/42953] INFO  volume.HddsVolume (HddsVolume.java:<init>(130)) - Creating HddsVolume: /tmp/junit7509973342718406751/7726d5e0-a709-46a7-b46b-5c70abe37bd8/hdds of storage type : DISK capacity : 9223372036854775807
2023-03-29 20:39:12,696 [Listener at localhost/42953] INFO  volume.MutableVolumeSet (MutableVolumeSet.java:initializeVolumeSet(175)) - Added Volume : /tmp/junit7509973342718406751/7726d5e0-a709-46a7-b46b-5c70abe37bd8/hdds to VolumeSet
2023-03-29 20:39:12,696 [Listener at localhost/42953] INFO  volume.ThrottledAsyncChecker (ThrottledAsyncChecker.java:schedule(141)) - Scheduling a check for /tmp/junit7509973342718406751/7726d5e0-a709-46a7-b46b-5c70abe37bd8/hdds
2023-03-29 20:39:12,697 [Listener at localhost/42953] INFO  volume.StorageVolumeChecker (StorageVolumeChecker.java:checkAllVolumes(202)) - Scheduled health check for volume /tmp/junit7509973342718406751/7726d5e0-a709-46a7-b46b-5c70abe37bd8/hdds
2023-03-29 20:39:12,703 [Listener at localhost/42953] WARN  server.ServerUtils (ServerUtils.java:getDefaultRatisDirectory(237)) - Storage directory for Ratis is not configured. It is a good idea to map this to an SSD disk. Falling back to ozone.metadata.dirs
2023-03-29 20:39:12,706 [Listener at localhost/42953] INFO  volume.MutableVolumeSet (MutableVolumeSet.java:initializeVolumeSet(175)) - Added Volume : /tmp/junit7509973342718406751/ratis to VolumeSet
2023-03-29 20:39:12,706 [Listener at localhost/42953] INFO  volume.ThrottledAsyncChecker (ThrottledAsyncChecker.java:schedule(141)) - Scheduling a check for /tmp/junit7509973342718406751/ratis
2023-03-29 20:39:12,706 [Listener at localhost/42953] INFO  volume.StorageVolumeChecker (StorageVolumeChecker.java:checkAllVolumes(202)) - Scheduled health check for volume /tmp/junit7509973342718406751/ratis
2023-03-29 20:39:12,713 [Thread-198] INFO  ozoneimpl.ContainerReader (ContainerReader.java:readVolume(175)) - Finish verifying containers on volume /tmp/junit7509973342718406751/7726d5e0-a709-46a7-b46b-5c70abe37bd8/hdds
2023-03-29 20:39:12,713 [Listener at localhost/42953] INFO  ozoneimpl.OzoneContainer (OzoneContainer.java:buildContainerSet(303)) - Build ContainerSet costs 0s
2023-03-29 20:39:12,714 [Listener at localhost/42953] WARN  server.ServerUtils (ServerUtils.java:getDefaultRatisDirectory(237)) - Storage directory for Ratis is not configured. It is a good idea to map this to an SSD disk. Falling back to ozone.metadata.dirs
2023-03-29 20:39:12,715 [Listener at localhost/42953] INFO  server.RaftServer (ConfUtils.java:logGet(46)) - raft.rpc.type = GRPC (default)
2023-03-29 20:39:12,715 [Listener at localhost/42953] INFO  grpc.GrpcConfigKeys (ConfUtils.java:logFallback(53)) - raft.grpc.admin.host = null (fallback to raft.grpc.server.host)
2023-03-29 20:39:12,716 [Listener at localhost/42953] INFO  grpc.GrpcConfigKeys (ConfUtils.java:logGet(46)) - raft.grpc.admin.port = 9858 (custom)
2023-03-29 20:39:12,716 [Listener at localhost/42953] INFO  grpc.GrpcConfigKeys (ConfUtils.java:logFallback(53)) - raft.grpc.client.host = null (fallback to raft.grpc.server.host)
2023-03-29 20:39:12,716 [Listener at localhost/42953] INFO  grpc.GrpcConfigKeys (ConfUtils.java:logGet(46)) - raft.grpc.client.port = 9858 (custom)
2023-03-29 20:39:12,716 [Listener at localhost/42953] INFO  grpc.GrpcConfigKeys (ConfUtils.java:logGet(46)) - raft.grpc.server.host = null (default)
2023-03-29 20:39:12,716 [Listener at localhost/42953] INFO  grpc.GrpcConfigKeys (ConfUtils.java:logGet(46)) - raft.grpc.server.port = 9858 (custom)
2023-03-29 20:39:12,716 [Listener at localhost/42953] INFO  server.GrpcService (ConfUtils.java:logGet(46)) - raft.grpc.message.size.max = 32MB (=33554432) (custom)
2023-03-29 20:39:12,716 [Listener at localhost/42953] INFO  server.RaftServerConfigKeys (ConfUtils.java:logGet(46)) - raft.server.log.appender.buffer.byte-limit = 33554432 (custom)
2023-03-29 20:39:12,716 [Listener at localhost/42953] INFO  server.GrpcService (ConfUtils.java:logGet(46)) - raft.grpc.flow.control.window = 5MB (=5242880) (custom)
2023-03-29 20:39:12,716 [Listener at localhost/42953] INFO  server.RaftServerConfigKeys (ConfUtils.java:logGet(46)) - raft.server.rpc.request.timeout = 60s (custom)
2023-03-29 20:39:12,716 [Listener at localhost/42953] INFO  grpc.GrpcConfigKeys (ConfUtils.java:logGet(46)) - raft.grpc.server.heartbeat.channel = true (default)
2023-03-29 20:39:12,717 [Listener at localhost/42953] INFO  grpc.GrpcConfigKeys (ConfUtils.java:logGet(46)) - raft.grpc.server.async.request.thread.pool.cached = true (default)
2023-03-29 20:39:12,717 [Listener at localhost/42953] INFO  grpc.GrpcConfigKeys (ConfUtils.java:logGet(46)) - raft.grpc.server.async.request.thread.pool.size = 32 (default)
2023-03-29 20:39:12,718 [Listener at localhost/42953] INFO  impl.DataStreamServerImpl (ConfUtils.java:logGet(46)) - raft.datastream.type = DISABLED (default)
2023-03-29 20:39:12,718 [Listener at localhost/42953] INFO  server.RaftServerConfigKeys (ConfUtils.java:logGet(46)) - raft.server.threadpool.proxy.cached = true (default)
2023-03-29 20:39:12,718 [Listener at localhost/42953] INFO  server.RaftServerConfigKeys (ConfUtils.java:logGet(46)) - raft.server.threadpool.proxy.size = 0 (default)
2023-03-29 20:39:12,718 [Listener at localhost/42953] INFO  server.RaftServerConfigKeys (ConfUtils.java:logGet(46)) - raft.server.rpc.slowness.timeout = 300s (custom)
2023-03-29 20:39:12,718 [Listener at localhost/42953] INFO  server.RaftServerConfigKeys (ConfUtils.java:logGet(46)) - raft.server.leaderelection.leader.step-down.wait-time = 10s (default)
2023-03-29 20:39:12,718 [Listener at localhost/42953] INFO  server.RaftServerConfigKeys (ConfUtils.java:logGet(46)) - raft.server.storage.dir = [/tmp/junit7509973342718406751/ratis] (custom)
2023-03-29 20:39:12,720 [Listener at localhost/42953] INFO  server.XceiverServerGrpc (XceiverServerGrpc.java:<init>(132)) - GrpcServer channel type EpollServerSocketChannel
2023-03-29 20:39:12,732 [Listener at localhost/42953] INFO  ozoneimpl.OzoneContainer (OzoneContainer.java:start(397)) - Attempting to start container services.
2023-03-29 20:39:12,732 [Listener at localhost/42953] INFO  ozoneimpl.OzoneContainer (OzoneContainer.java:startContainerScrub(314)) - Scheduled background container scanners and the on-demand container scanner have been disabled.
2023-03-29 20:39:12,733 [Listener at localhost/42953] INFO  replication.ReplicationServer (ReplicationServer.java:start(109)) - ReplicationServer is started using port 9886
2023-03-29 20:39:12,733 [Listener at localhost/42953] INFO  ratis.XceiverServerRatis (XceiverServerRatis.java:start(517)) - Starting XceiverServerRatis c8003d5f-a572-448a-9387-d50827ed09dc
2023-03-29 20:39:12,734 [Listener at localhost/42953] INFO  server.RaftServer (RaftServerProxy.java:startImpl(393)) - c8003d5f-a572-448a-9387-d50827ed09dc: start RPC server
2023-03-29 20:39:12,737 [Listener at localhost/42953] INFO  server.GrpcService (GrpcService.java:startImpl(262)) - c8003d5f-a572-448a-9387-d50827ed09dc: GrpcService started, listening on 9858
2023-03-29 20:39:12,737 [Listener at localhost/42953] INFO  ratis.XceiverServerRatis (XceiverServerRatis.java:getRealPort(543)) - XceiverServerRatis c8003d5f-a572-448a-9387-d50827ed09dc is started using port 9858 for RATIS
2023-03-29 20:39:12,737 [Listener at localhost/42953] INFO  ratis.XceiverServerRatis (XceiverServerRatis.java:getRealPort(543)) - XceiverServerRatis c8003d5f-a572-448a-9387-d50827ed09dc is started using port 9858 for RATIS_ADMIN
2023-03-29 20:39:12,737 [Listener at localhost/42953] INFO  ratis.XceiverServerRatis (XceiverServerRatis.java:getRealPort(543)) - XceiverServerRatis c8003d5f-a572-448a-9387-d50827ed09dc is started using port 9858 for RATIS_SERVER
2023-03-29 20:39:12,738 [JvmPauseMonitor11] INFO  util.JvmPauseMonitor (JvmPauseMonitor.java:run(105)) - JvmPauseMonitor-c8003d5f-a572-448a-9387-d50827ed09dc: Started
2023-03-29 20:39:12,743 [BlockDeletingService#0] INFO  interfaces.ContainerDeletionChoosingPolicyTemplate (ContainerDeletionChoosingPolicyTemplate.java:chooseContainerForBlockDeletion(83)) - Chosen 0/5000 blocks from 0 candidate containers.
2023-03-29 20:39:12,761 [Listener at localhost/42953] INFO  ozoneimpl.OzoneContainer (OzoneContainer.java:stop(419)) - Attempting to stop container services.
2023-03-29 20:39:12,762 [Listener at localhost/42953] INFO  server.RaftServer (RaftServerProxy.java:lambda$close$6(409)) - c8003d5f-a572-448a-9387-d50827ed09dc: close
2023-03-29 20:39:12,762 [Listener at localhost/42953] INFO  server.GrpcService (GrpcService.java:closeImpl(271)) - c8003d5f-a572-448a-9387-d50827ed09dc: shutdown server GrpcServerProtocolService now
2023-03-29 20:39:12,763 [Listener at localhost/42953] INFO  server.GrpcService (GrpcService.java:closeImpl(280)) - c8003d5f-a572-448a-9387-d50827ed09dc: shutdown server GrpcServerProtocolService successfully
2023-03-29 20:39:12,763 [JvmPauseMonitor11] INFO  util.JvmPauseMonitor (JvmPauseMonitor.java:run(111)) - JvmPauseMonitor-c8003d5f-a572-448a-9387-d50827ed09dc: Stopped
2023-03-29 20:39:14,771 [Listener at localhost/42953] INFO  utils.BackgroundService (BackgroundService.java:shutdown(141)) - Shutting down service BlockDeletingService
2023-03-29 20:39:14,771 [Listener at localhost/42953] INFO  utils.BackgroundService (BackgroundService.java:shutdown(141)) - Shutting down service StaleRecoveringContainerScrubbingService
2023-03-29 20:39:14,772 [Listener at localhost/42953] INFO  upgrade.AbstractLayoutVersionManager (AbstractLayoutVersionManager.java:init(83)) - Initializing Layout version manager with metadata layout = INITIAL_VERSION (version = 0), software layout = DATANODE_SCHEMA_V3 (version = 4)
2023-03-29 20:39:14,799 [Listener at localhost/42953] INFO  reflections.Reflections (Reflections.java:scan(232)) - Reflections took 26 ms to scan 4 urls, producing 125 keys and 293 values 
2023-03-29 20:39:14,800 [Listener at localhost/42953] INFO  upgrade.HDDSLayoutVersionManager (HDDSLayoutVersionManager.java:lambda$registerUpgradeActions$0(76)) - Registering Upgrade Action : DatanodeSchemaV3FinalizeAction
2023-03-29 20:39:14,800 [Listener at localhost/42953] INFO  upgrade.HDDSLayoutVersionManager (HDDSLayoutVersionManager.java:lambda$registerUpgradeActions$0(76)) - Registering Upgrade Action : ScmHAFinalizeUpgradeActionDatanode
2023-03-29 20:39:14,802 [Listener at localhost/42953] INFO  upgrade.HDDSLayoutVersionManager (HDDSLayoutVersionManager.java:lambda$registerUpgradeActions$0(76)) - Registering Upgrade Action : DatanodeSchemaV2FinalizeAction
2023-03-29 20:39:14,802 [Listener at localhost/42953] INFO  statemachine.DatanodeStateMachine (DatanodeStateMachine.java:getEndPointTaskThreadPoolSize(260)) - Datanode State Machine Task Thread Pool size 2
2023-03-29 20:39:14,804 [Listener at localhost/42953] INFO  volume.HddsVolume (HddsVolume.java:<init>(130)) - Creating HddsVolume: /tmp/junit7509973342718406751/7726d5e0-a709-46a7-b46b-5c70abe37bd8/hdds of storage type : DISK capacity : 9223372036854775807
2023-03-29 20:39:14,804 [Listener at localhost/42953] INFO  volume.MutableVolumeSet (MutableVolumeSet.java:initializeVolumeSet(175)) - Added Volume : /tmp/junit7509973342718406751/7726d5e0-a709-46a7-b46b-5c70abe37bd8/hdds to VolumeSet
2023-03-29 20:39:14,805 [Listener at localhost/42953] INFO  volume.HddsVolume (HddsVolume.java:<init>(130)) - Creating HddsVolume: /tmp/junit7509973342718406751/efe2cdbe-0bd9-45fe-b4ab-11e1b3329039/hdds of storage type : DISK capacity : 9223372036854775807
2023-03-29 20:39:14,806 [Listener at localhost/42953] INFO  volume.MutableVolumeSet (MutableVolumeSet.java:initializeVolumeSet(175)) - Added Volume : /tmp/junit7509973342718406751/efe2cdbe-0bd9-45fe-b4ab-11e1b3329039/hdds to VolumeSet
2023-03-29 20:39:14,806 [Listener at localhost/42953] INFO  volume.ThrottledAsyncChecker (ThrottledAsyncChecker.java:schedule(141)) - Scheduling a check for /tmp/junit7509973342718406751/7726d5e0-a709-46a7-b46b-5c70abe37bd8/hdds
2023-03-29 20:39:14,807 [Listener at localhost/42953] INFO  volume.StorageVolumeChecker (StorageVolumeChecker.java:checkAllVolumes(202)) - Scheduled health check for volume /tmp/junit7509973342718406751/7726d5e0-a709-46a7-b46b-5c70abe37bd8/hdds
2023-03-29 20:39:14,807 [Listener at localhost/42953] INFO  volume.ThrottledAsyncChecker (ThrottledAsyncChecker.java:schedule(141)) - Scheduling a check for /tmp/junit7509973342718406751/efe2cdbe-0bd9-45fe-b4ab-11e1b3329039/hdds
2023-03-29 20:39:14,807 [Listener at localhost/42953] INFO  volume.StorageVolumeChecker (StorageVolumeChecker.java:checkAllVolumes(202)) - Scheduled health check for volume /tmp/junit7509973342718406751/efe2cdbe-0bd9-45fe-b4ab-11e1b3329039/hdds
2023-03-29 20:39:14,814 [Listener at localhost/42953] WARN  server.ServerUtils (ServerUtils.java:getDefaultRatisDirectory(237)) - Storage directory for Ratis is not configured. It is a good idea to map this to an SSD disk. Falling back to ozone.metadata.dirs
2023-03-29 20:39:14,814 [Listener at localhost/42953] INFO  volume.MutableVolumeSet (MutableVolumeSet.java:initializeVolumeSet(175)) - Added Volume : /tmp/junit7509973342718406751/ratis to VolumeSet
2023-03-29 20:39:14,814 [Listener at localhost/42953] INFO  volume.ThrottledAsyncChecker (ThrottledAsyncChecker.java:schedule(141)) - Scheduling a check for /tmp/junit7509973342718406751/ratis
2023-03-29 20:39:14,814 [Listener at localhost/42953] INFO  volume.StorageVolumeChecker (StorageVolumeChecker.java:checkAllVolumes(202)) - Scheduled health check for volume /tmp/junit7509973342718406751/ratis
2023-03-29 20:39:14,820 [Thread-207] INFO  ozoneimpl.ContainerReader (ContainerReader.java:readVolume(145)) - Start to verify containers on volume /tmp/junit7509973342718406751/7726d5e0-a709-46a7-b46b-5c70abe37bd8/hdds
2023-03-29 20:39:14,825 [Thread-208] INFO  ozoneimpl.ContainerReader (ContainerReader.java:readVolume(175)) - Finish verifying containers on volume /tmp/junit7509973342718406751/efe2cdbe-0bd9-45fe-b4ab-11e1b3329039/hdds
2023-03-29 20:39:14,830 [Thread-207] INFO  ozoneimpl.ContainerReader (ContainerReader.java:readVolume(175)) - Finish verifying containers on volume /tmp/junit7509973342718406751/7726d5e0-a709-46a7-b46b-5c70abe37bd8/hdds
2023-03-29 20:39:14,830 [Listener at localhost/42953] INFO  ozoneimpl.OzoneContainer (OzoneContainer.java:buildContainerSet(303)) - Build ContainerSet costs 0s
2023-03-29 20:39:14,832 [Listener at localhost/42953] WARN  server.ServerUtils (ServerUtils.java:getDefaultRatisDirectory(237)) - Storage directory for Ratis is not configured. It is a good idea to map this to an SSD disk. Falling back to ozone.metadata.dirs
2023-03-29 20:39:14,833 [Listener at localhost/42953] INFO  server.RaftServer (ConfUtils.java:logGet(46)) - raft.rpc.type = GRPC (default)
2023-03-29 20:39:14,833 [Listener at localhost/42953] INFO  grpc.GrpcConfigKeys (ConfUtils.java:logFallback(53)) - raft.grpc.admin.host = null (fallback to raft.grpc.server.host)
2023-03-29 20:39:14,833 [Listener at localhost/42953] INFO  grpc.GrpcConfigKeys (ConfUtils.java:logGet(46)) - raft.grpc.admin.port = 9858 (custom)
2023-03-29 20:39:14,833 [Listener at localhost/42953] INFO  grpc.GrpcConfigKeys (ConfUtils.java:logFallback(53)) - raft.grpc.client.host = null (fallback to raft.grpc.server.host)
2023-03-29 20:39:14,833 [Listener at localhost/42953] INFO  grpc.GrpcConfigKeys (ConfUtils.java:logGet(46)) - raft.grpc.client.port = 9858 (custom)
2023-03-29 20:39:14,834 [Listener at localhost/42953] INFO  grpc.GrpcConfigKeys (ConfUtils.java:logGet(46)) - raft.grpc.server.host = null (default)
2023-03-29 20:39:14,834 [Listener at localhost/42953] INFO  grpc.GrpcConfigKeys (ConfUtils.java:logGet(46)) - raft.grpc.server.port = 9858 (custom)
2023-03-29 20:39:14,834 [Listener at localhost/42953] INFO  server.GrpcService (ConfUtils.java:logGet(46)) - raft.grpc.message.size.max = 32MB (=33554432) (custom)
2023-03-29 20:39:14,834 [Listener at localhost/42953] INFO  server.RaftServerConfigKeys (ConfUtils.java:logGet(46)) - raft.server.log.appender.buffer.byte-limit = 33554432 (custom)
2023-03-29 20:39:14,834 [Listener at localhost/42953] INFO  server.GrpcService (ConfUtils.java:logGet(46)) - raft.grpc.flow.control.window = 5MB (=5242880) (custom)
2023-03-29 20:39:14,834 [Listener at localhost/42953] INFO  server.RaftServerConfigKeys (ConfUtils.java:logGet(46)) - raft.server.rpc.request.timeout = 60s (custom)
2023-03-29 20:39:14,834 [Listener at localhost/42953] INFO  grpc.GrpcConfigKeys (ConfUtils.java:logGet(46)) - raft.grpc.server.heartbeat.channel = true (default)
2023-03-29 20:39:14,834 [Listener at localhost/42953] INFO  grpc.GrpcConfigKeys (ConfUtils.java:logGet(46)) - raft.grpc.server.async.request.thread.pool.cached = true (default)
2023-03-29 20:39:14,834 [Listener at localhost/42953] INFO  grpc.GrpcConfigKeys (ConfUtils.java:logGet(46)) - raft.grpc.server.async.request.thread.pool.size = 32 (default)
2023-03-29 20:39:14,835 [Listener at localhost/42953] INFO  impl.DataStreamServerImpl (ConfUtils.java:logGet(46)) - raft.datastream.type = DISABLED (default)
2023-03-29 20:39:14,836 [Listener at localhost/42953] INFO  server.RaftServerConfigKeys (ConfUtils.java:logGet(46)) - raft.server.threadpool.proxy.cached = true (default)
2023-03-29 20:39:14,836 [Listener at localhost/42953] INFO  server.RaftServerConfigKeys (ConfUtils.java:logGet(46)) - raft.server.threadpool.proxy.size = 0 (default)
2023-03-29 20:39:14,836 [Listener at localhost/42953] INFO  server.RaftServerConfigKeys (ConfUtils.java:logGet(46)) - raft.server.rpc.slowness.timeout = 300s (custom)
2023-03-29 20:39:14,836 [Listener at localhost/42953] INFO  server.RaftServerConfigKeys (ConfUtils.java:logGet(46)) - raft.server.leaderelection.leader.step-down.wait-time = 10s (default)
2023-03-29 20:39:14,836 [Listener at localhost/42953] INFO  server.RaftServerConfigKeys (ConfUtils.java:logGet(46)) - raft.server.storage.dir = [/tmp/junit7509973342718406751/ratis] (custom)
2023-03-29 20:39:14,839 [Listener at localhost/42953] INFO  server.XceiverServerGrpc (XceiverServerGrpc.java:<init>(132)) - GrpcServer channel type EpollServerSocketChannel
2023-03-29 20:39:14,854 [Listener at localhost/42953] INFO  ozoneimpl.OzoneContainer (OzoneContainer.java:start(397)) - Attempting to start container services.
2023-03-29 20:39:14,854 [Listener at localhost/42953] INFO  ozoneimpl.OzoneContainer (OzoneContainer.java:startContainerScrub(314)) - Scheduled background container scanners and the on-demand container scanner have been disabled.
2023-03-29 20:39:14,860 [Listener at localhost/42953] INFO  replication.ReplicationServer (ReplicationServer.java:start(109)) - ReplicationServer is started using port 9886
2023-03-29 20:39:14,860 [Listener at localhost/42953] INFO  ratis.XceiverServerRatis (XceiverServerRatis.java:start(517)) - Starting XceiverServerRatis c8003d5f-a572-448a-9387-d50827ed09dc
2023-03-29 20:39:14,870 [Listener at localhost/42953] INFO  server.RaftServer (RaftServerProxy.java:startImpl(393)) - c8003d5f-a572-448a-9387-d50827ed09dc: start RPC server
2023-03-29 20:39:14,876 [Listener at localhost/42953] INFO  server.GrpcService (GrpcService.java:startImpl(262)) - c8003d5f-a572-448a-9387-d50827ed09dc: GrpcService started, listening on 9858
2023-03-29 20:39:14,876 [Listener at localhost/42953] INFO  ratis.XceiverServerRatis (XceiverServerRatis.java:getRealPort(543)) - XceiverServerRatis c8003d5f-a572-448a-9387-d50827ed09dc is started using port 9858 for RATIS
2023-03-29 20:39:14,876 [Listener at localhost/42953] INFO  ratis.XceiverServerRatis (XceiverServerRatis.java:getRealPort(543)) - XceiverServerRatis c8003d5f-a572-448a-9387-d50827ed09dc is started using port 9858 for RATIS_ADMIN
2023-03-29 20:39:14,876 [Listener at localhost/42953] INFO  ratis.XceiverServerRatis (XceiverServerRatis.java:getRealPort(543)) - XceiverServerRatis c8003d5f-a572-448a-9387-d50827ed09dc is started using port 9858 for RATIS_SERVER
2023-03-29 20:39:14,877 [JvmPauseMonitor12] INFO  util.JvmPauseMonitor (JvmPauseMonitor.java:run(105)) - JvmPauseMonitor-c8003d5f-a572-448a-9387-d50827ed09dc: Started
2023-03-29 20:39:14,885 [BlockDeletingService#0] INFO  interfaces.ContainerDeletionChoosingPolicyTemplate (ContainerDeletionChoosingPolicyTemplate.java:chooseContainerForBlockDeletion(83)) - Chosen 0/5000 blocks from 0 candidate containers.
2023-03-29 20:39:14,897 [Listener at localhost/42953] INFO  keyvalue.KeyValueContainer (KeyValueContainer.java:flushAndSyncDB(446)) - Container 274946016 is synced with bcsId 0.
2023-03-29 20:39:14,897 [Listener at localhost/42953] INFO  keyvalue.KeyValueContainer (KeyValueContainer.java:flushAndSyncDB(446)) - Container 274946016 is synced with bcsId 0.
2023-03-29 20:39:14,899 [Listener at localhost/42953] INFO  keyvalue.KeyValueContainer (KeyValueContainer.java:close(361)) - Container 274946016 is closed with bcsId 0.
2023-03-29 20:39:14,899 [Listener at localhost/42953] INFO  upgrade.UpgradeFinalizer (BasicUpgradeFinalizer.java:logAndEmit(389)) - Finalization started.
2023-03-29 20:39:14,900 [Listener at localhost/42953] INFO  upgrade.UpgradeFinalizer (BasicUpgradeFinalizer.java:runFinalizationAction(264)) - Running finalization actions for layout feature: DATANODE_SCHEMA_V2
2023-03-29 20:39:14,900 [Listener at localhost/42953] INFO  upgrade.DatanodeSchemaV2FinalizeAction (DatanodeSchemaV2FinalizeAction.java:execute(44)) - Executing datanode 'onFinalize' action for the first version with upgrade support. New containers will be created with Schema Version 2 henceforth.
2023-03-29 20:39:14,901 [Listener at localhost/42953] INFO  upgrade.AbstractLayoutVersionManager (AbstractLayoutVersionManager.java:finalized(127)) - Layout feature DATANODE_SCHEMA_V2 has been finalized.
2023-03-29 20:39:14,901 [Listener at localhost/42953] INFO  upgrade.UpgradeFinalizer (BasicUpgradeFinalizer.java:runFinalizationAction(264)) - Running finalization actions for layout feature: SCM_HA
2023-03-29 20:39:14,901 [Listener at localhost/42953] INFO  upgrade.ScmHAFinalizeUpgradeActionDatanode (ScmHAFinalizeUpgradeActionDatanode.java:execute(52)) - Upgrading Datanode volume layout for SCM HA support.
2023-03-29 20:39:14,901 [Listener at localhost/42953] INFO  upgrade.ScmHAFinalizeUpgradeActionDatanode (ScmHAFinalizeUpgradeActionDatanode.java:upgradeVolume(111)) - Volume already contains cluster ID directory /tmp/junit7509973342718406751/7726d5e0-a709-46a7-b46b-5c70abe37bd8/hdds/clusterID. No action required for SCM HA finalization.
2023-03-29 20:39:14,901 [Listener at localhost/42953] INFO  upgrade.ScmHAFinalizeUpgradeActionDatanode (ScmHAFinalizeUpgradeActionDatanode.java:upgradeVolume(111)) - Volume already contains cluster ID directory /tmp/junit7509973342718406751/efe2cdbe-0bd9-45fe-b4ab-11e1b3329039/hdds/clusterID. No action required for SCM HA finalization.
2023-03-29 20:39:14,902 [Listener at localhost/42953] INFO  upgrade.AbstractLayoutVersionManager (AbstractLayoutVersionManager.java:finalized(127)) - Layout feature SCM_HA has been finalized.
2023-03-29 20:39:14,902 [Listener at localhost/42953] INFO  upgrade.UpgradeFinalizer (BasicUpgradeFinalizer.java:logAndEmit(389)) - No onFinalize work defined for feature: ERASURE_CODED_STORAGE_SUPPORT.
2023-03-29 20:39:14,902 [Listener at localhost/42953] INFO  upgrade.AbstractLayoutVersionManager (AbstractLayoutVersionManager.java:finalized(127)) - Layout feature ERASURE_CODED_STORAGE_SUPPORT has been finalized.
2023-03-29 20:39:14,902 [Listener at localhost/42953] INFO  upgrade.UpgradeFinalizer (BasicUpgradeFinalizer.java:runFinalizationAction(264)) - Running finalization actions for layout feature: DATANODE_SCHEMA_V3
2023-03-29 20:39:14,902 [Listener at localhost/42953] INFO  upgrade.DatanodeSchemaV3FinalizeAction (DatanodeSchemaV3FinalizeAction.java:execute(50)) - Upgrading Datanode volume layout for Schema V3 support.
2023-03-29 20:39:14,932 [Listener at localhost/42953] INFO  utils.DatanodeStoreCache (DatanodeStoreCache.java:addDB(58)) - Added db /tmp/junit7509973342718406751/7726d5e0-a709-46a7-b46b-5c70abe37bd8/hdds/clusterID/DS-81294d8f-a054-4fe4-8912-02d3ad96ce0f/container.db to cache
2023-03-29 20:39:14,932 [Listener at localhost/42953] INFO  volume.HddsVolume (HddsVolume.java:createDbStore(350)) - SchemaV3 db is created and loaded at /tmp/junit7509973342718406751/7726d5e0-a709-46a7-b46b-5c70abe37bd8/hdds/clusterID/DS-81294d8f-a054-4fe4-8912-02d3ad96ce0f/container.db for volume DS-81294d8f-a054-4fe4-8912-02d3ad96ce0f
2023-03-29 20:39:14,933 [Listener at localhost/42953] INFO  utils.DatanodeStoreCache (DatanodeStoreCache.java:removeDB(96)) - Removed db /tmp/junit7509973342718406751/7726d5e0-a709-46a7-b46b-5c70abe37bd8/hdds/clusterID/DS-81294d8f-a054-4fe4-8912-02d3ad96ce0f/container.db from cache
2023-03-29 20:39:14,933 [Listener at localhost/42953] INFO  volume.HddsVolume (HddsVolume.java:closeDbStore(437)) - SchemaV3 db is stopped at /tmp/junit7509973342718406751/7726d5e0-a709-46a7-b46b-5c70abe37bd8/hdds/clusterID/DS-81294d8f-a054-4fe4-8912-02d3ad96ce0f/container.db for volume DS-81294d8f-a054-4fe4-8912-02d3ad96ce0f
2023-03-29 20:39:14,960 [Listener at localhost/42953] INFO  utils.DatanodeStoreCache (DatanodeStoreCache.java:addDB(58)) - Added db /tmp/junit7509973342718406751/efe2cdbe-0bd9-45fe-b4ab-11e1b3329039/hdds/clusterID/DS-1f81294b-02ba-4067-9598-33efd2734368/container.db to cache
2023-03-29 20:39:14,960 [Listener at localhost/42953] INFO  volume.HddsVolume (HddsVolume.java:createDbStore(350)) - SchemaV3 db is created and loaded at /tmp/junit7509973342718406751/efe2cdbe-0bd9-45fe-b4ab-11e1b3329039/hdds/clusterID/DS-1f81294b-02ba-4067-9598-33efd2734368/container.db for volume DS-1f81294b-02ba-4067-9598-33efd2734368
2023-03-29 20:39:14,961 [Listener at localhost/42953] INFO  utils.DatanodeStoreCache (DatanodeStoreCache.java:removeDB(96)) - Removed db /tmp/junit7509973342718406751/efe2cdbe-0bd9-45fe-b4ab-11e1b3329039/hdds/clusterID/DS-1f81294b-02ba-4067-9598-33efd2734368/container.db from cache
2023-03-29 20:39:14,961 [Listener at localhost/42953] INFO  volume.HddsVolume (HddsVolume.java:closeDbStore(437)) - SchemaV3 db is stopped at /tmp/junit7509973342718406751/efe2cdbe-0bd9-45fe-b4ab-11e1b3329039/hdds/clusterID/DS-1f81294b-02ba-4067-9598-33efd2734368/container.db for volume DS-1f81294b-02ba-4067-9598-33efd2734368
2023-03-29 20:39:14,974 [Listener at localhost/42953] INFO  utils.DatanodeStoreCache (DatanodeStoreCache.java:addDB(58)) - Added db /tmp/junit7509973342718406751/7726d5e0-a709-46a7-b46b-5c70abe37bd8/hdds/clusterID/DS-81294d8f-a054-4fe4-8912-02d3ad96ce0f/container.db to cache
2023-03-29 20:39:14,974 [Listener at localhost/42953] INFO  volume.HddsVolume (HddsVolume.java:loadDbStore(303)) - SchemaV3 db is loaded at /tmp/junit7509973342718406751/7726d5e0-a709-46a7-b46b-5c70abe37bd8/hdds/clusterID/DS-81294d8f-a054-4fe4-8912-02d3ad96ce0f/container.db for volume DS-81294d8f-a054-4fe4-8912-02d3ad96ce0f
2023-03-29 20:39:14,985 [Listener at localhost/42953] INFO  utils.DatanodeStoreCache (DatanodeStoreCache.java:addDB(58)) - Added db /tmp/junit7509973342718406751/efe2cdbe-0bd9-45fe-b4ab-11e1b3329039/hdds/clusterID/DS-1f81294b-02ba-4067-9598-33efd2734368/container.db to cache
2023-03-29 20:39:14,985 [Listener at localhost/42953] INFO  volume.HddsVolume (HddsVolume.java:loadDbStore(303)) - SchemaV3 db is loaded at /tmp/junit7509973342718406751/efe2cdbe-0bd9-45fe-b4ab-11e1b3329039/hdds/clusterID/DS-1f81294b-02ba-4067-9598-33efd2734368/container.db for volume DS-1f81294b-02ba-4067-9598-33efd2734368
2023-03-29 20:39:14,986 [Listener at localhost/42953] INFO  upgrade.AbstractLayoutVersionManager (AbstractLayoutVersionManager.java:finalized(127)) - Layout feature DATANODE_SCHEMA_V3 has been finalized.
2023-03-29 20:39:14,986 [Listener at localhost/42953] INFO  upgrade.AbstractLayoutVersionManager (AbstractLayoutVersionManager.java:finalized(129)) - Finalization is complete.
2023-03-29 20:39:14,986 [Listener at localhost/42953] INFO  upgrade.UpgradeFinalizer (BasicUpgradeFinalizer.java:logAndEmit(389)) - Finalization is done.
2023-03-29 20:39:14,987 [Listener at localhost/42953] INFO  ozoneimpl.OzoneContainer (OzoneContainer.java:stop(419)) - Attempting to stop container services.
2023-03-29 20:39:14,987 [Listener at localhost/42953] INFO  server.RaftServer (RaftServerProxy.java:lambda$close$6(409)) - c8003d5f-a572-448a-9387-d50827ed09dc: close
2023-03-29 20:39:14,987 [Listener at localhost/42953] INFO  server.GrpcService (GrpcService.java:closeImpl(271)) - c8003d5f-a572-448a-9387-d50827ed09dc: shutdown server GrpcServerProtocolService now
2023-03-29 20:39:14,989 [Listener at localhost/42953] INFO  server.GrpcService (GrpcService.java:closeImpl(280)) - c8003d5f-a572-448a-9387-d50827ed09dc: shutdown server GrpcServerProtocolService successfully
2023-03-29 20:39:14,989 [JvmPauseMonitor12] INFO  util.JvmPauseMonitor (JvmPauseMonitor.java:run(111)) - JvmPauseMonitor-c8003d5f-a572-448a-9387-d50827ed09dc: Stopped
2023-03-29 20:39:16,996 [Listener at localhost/42953] INFO  volume.HddsVolume (HddsVolume.java:closeDbStore(437)) - SchemaV3 db is stopped at /tmp/junit7509973342718406751/7726d5e0-a709-46a7-b46b-5c70abe37bd8/hdds/clusterID/DS-81294d8f-a054-4fe4-8912-02d3ad96ce0f/container.db for volume DS-81294d8f-a054-4fe4-8912-02d3ad96ce0f
2023-03-29 20:39:16,997 [Listener at localhost/42953] INFO  volume.HddsVolume (HddsVolume.java:closeDbStore(437)) - SchemaV3 db is stopped at /tmp/junit7509973342718406751/efe2cdbe-0bd9-45fe-b4ab-11e1b3329039/hdds/clusterID/DS-1f81294b-02ba-4067-9598-33efd2734368/container.db for volume DS-1f81294b-02ba-4067-9598-33efd2734368
2023-03-29 20:39:16,997 [Listener at localhost/42953] INFO  utils.BackgroundService (BackgroundService.java:shutdown(141)) - Shutting down service BlockDeletingService
2023-03-29 20:39:16,997 [Listener at localhost/42953] INFO  utils.BackgroundService (BackgroundService.java:shutdown(141)) - Shutting down service StaleRecoveringContainerScrubbingService
2023-03-29 20:39:17,001 [Listener at localhost/42953] INFO  upgrade.AbstractLayoutVersionManager (AbstractLayoutVersionManager.java:init(83)) - Initializing Layout version manager with metadata layout = DATANODE_SCHEMA_V3 (version = 4), software layout = DATANODE_SCHEMA_V3 (version = 4)
2023-03-29 20:39:17,028 [Listener at localhost/42953] INFO  reflections.Reflections (Reflections.java:scan(232)) - Reflections took 25 ms to scan 4 urls, producing 125 keys and 293 values 
2023-03-29 20:39:17,029 [Listener at localhost/42953] INFO  statemachine.DatanodeStateMachine (DatanodeStateMachine.java:getEndPointTaskThreadPoolSize(260)) - Datanode State Machine Task Thread Pool size 2
2023-03-29 20:39:17,030 [Listener at localhost/42953] INFO  volume.HddsVolume (HddsVolume.java:<init>(130)) - Creating HddsVolume: /tmp/junit7509973342718406751/7726d5e0-a709-46a7-b46b-5c70abe37bd8/hdds of storage type : DISK capacity : 9223372036854775807
2023-03-29 20:39:17,031 [Listener at localhost/42953] INFO  volume.MutableVolumeSet (MutableVolumeSet.java:initializeVolumeSet(175)) - Added Volume : /tmp/junit7509973342718406751/7726d5e0-a709-46a7-b46b-5c70abe37bd8/hdds to VolumeSet
2023-03-29 20:39:17,031 [Listener at localhost/42953] INFO  volume.HddsVolume (HddsVolume.java:<init>(130)) - Creating HddsVolume: /tmp/junit7509973342718406751/efe2cdbe-0bd9-45fe-b4ab-11e1b3329039/hdds of storage type : DISK capacity : 9223372036854775807
2023-03-29 20:39:17,031 [Listener at localhost/42953] INFO  volume.MutableVolumeSet (MutableVolumeSet.java:initializeVolumeSet(175)) - Added Volume : /tmp/junit7509973342718406751/efe2cdbe-0bd9-45fe-b4ab-11e1b3329039/hdds to VolumeSet
2023-03-29 20:39:17,031 [Listener at localhost/42953] INFO  volume.HddsVolume (HddsVolume.java:<init>(130)) - Creating HddsVolume: /tmp/junit7509973342718406751/559c9ba7-889e-4012-8456-a85ce1bb1506/hdds of storage type : DISK capacity : 9223372036854775807
2023-03-29 20:39:17,033 [Listener at localhost/42953] INFO  volume.MutableVolumeSet (MutableVolumeSet.java:initializeVolumeSet(175)) - Added Volume : /tmp/junit7509973342718406751/559c9ba7-889e-4012-8456-a85ce1bb1506/hdds to VolumeSet
2023-03-29 20:39:17,033 [Listener at localhost/42953] INFO  volume.ThrottledAsyncChecker (ThrottledAsyncChecker.java:schedule(141)) - Scheduling a check for /tmp/junit7509973342718406751/7726d5e0-a709-46a7-b46b-5c70abe37bd8/hdds
2023-03-29 20:39:17,034 [Listener at localhost/42953] INFO  volume.StorageVolumeChecker (StorageVolumeChecker.java:checkAllVolumes(202)) - Scheduled health check for volume /tmp/junit7509973342718406751/7726d5e0-a709-46a7-b46b-5c70abe37bd8/hdds
2023-03-29 20:39:17,034 [Listener at localhost/42953] INFO  volume.ThrottledAsyncChecker (ThrottledAsyncChecker.java:schedule(141)) - Scheduling a check for /tmp/junit7509973342718406751/efe2cdbe-0bd9-45fe-b4ab-11e1b3329039/hdds
2023-03-29 20:39:17,034 [Listener at localhost/42953] INFO  volume.StorageVolumeChecker (StorageVolumeChecker.java:checkAllVolumes(202)) - Scheduled health check for volume /tmp/junit7509973342718406751/efe2cdbe-0bd9-45fe-b4ab-11e1b3329039/hdds
2023-03-29 20:39:17,034 [Listener at localhost/42953] INFO  volume.ThrottledAsyncChecker (ThrottledAsyncChecker.java:schedule(141)) - Scheduling a check for /tmp/junit7509973342718406751/559c9ba7-889e-4012-8456-a85ce1bb1506/hdds
2023-03-29 20:39:17,034 [Listener at localhost/42953] INFO  volume.StorageVolumeChecker (StorageVolumeChecker.java:checkAllVolumes(202)) - Scheduled health check for volume /tmp/junit7509973342718406751/559c9ba7-889e-4012-8456-a85ce1bb1506/hdds
2023-03-29 20:39:17,041 [Listener at localhost/42953] WARN  server.ServerUtils (ServerUtils.java:getDefaultRatisDirectory(237)) - Storage directory for Ratis is not configured. It is a good idea to map this to an SSD disk. Falling back to ozone.metadata.dirs
2023-03-29 20:39:17,041 [Listener at localhost/42953] INFO  volume.MutableVolumeSet (MutableVolumeSet.java:initializeVolumeSet(175)) - Added Volume : /tmp/junit7509973342718406751/ratis to VolumeSet
2023-03-29 20:39:17,041 [Listener at localhost/42953] INFO  volume.ThrottledAsyncChecker (ThrottledAsyncChecker.java:schedule(141)) - Scheduling a check for /tmp/junit7509973342718406751/ratis
2023-03-29 20:39:17,041 [Listener at localhost/42953] INFO  volume.StorageVolumeChecker (StorageVolumeChecker.java:checkAllVolumes(202)) - Scheduled health check for volume /tmp/junit7509973342718406751/ratis
2023-03-29 20:39:17,059 [Listener at localhost/42953] INFO  utils.DatanodeStoreCache (DatanodeStoreCache.java:addDB(58)) - Added db /tmp/junit7509973342718406751/7726d5e0-a709-46a7-b46b-5c70abe37bd8/hdds/clusterID/DS-81294d8f-a054-4fe4-8912-02d3ad96ce0f/container.db to cache
2023-03-29 20:39:17,059 [Listener at localhost/42953] INFO  volume.HddsVolume (HddsVolume.java:loadDbStore(303)) - SchemaV3 db is loaded at /tmp/junit7509973342718406751/7726d5e0-a709-46a7-b46b-5c70abe37bd8/hdds/clusterID/DS-81294d8f-a054-4fe4-8912-02d3ad96ce0f/container.db for volume DS-81294d8f-a054-4fe4-8912-02d3ad96ce0f
2023-03-29 20:39:17,072 [Listener at localhost/42953] INFO  utils.DatanodeStoreCache (DatanodeStoreCache.java:addDB(58)) - Added db /tmp/junit7509973342718406751/efe2cdbe-0bd9-45fe-b4ab-11e1b3329039/hdds/clusterID/DS-1f81294b-02ba-4067-9598-33efd2734368/container.db to cache
2023-03-29 20:39:17,072 [Listener at localhost/42953] INFO  volume.HddsVolume (HddsVolume.java:loadDbStore(303)) - SchemaV3 db is loaded at /tmp/junit7509973342718406751/efe2cdbe-0bd9-45fe-b4ab-11e1b3329039/hdds/clusterID/DS-1f81294b-02ba-4067-9598-33efd2734368/container.db for volume DS-1f81294b-02ba-4067-9598-33efd2734368
2023-03-29 20:39:17,072 [Listener at localhost/42953] ERROR ozoneimpl.OzoneContainer (HddsVolumeUtil.java:loadAllHddsVolumeDbStore(96)) - Load db store for HddsVolume /tmp/junit7509973342718406751/559c9ba7-889e-4012-8456-a85ce1bb1506/hdds failed
java.io.IOException: Working dir /tmp/junit7509973342718406751/559c9ba7-889e-4012-8456-a85ce1bb1506/hdds/clusterID not created for HddsVolume: /tmp/junit7509973342718406751/559c9ba7-889e-4012-8456-a85ce1bb1506/hdds
	at org.apache.hadoop.ozone.container.common.volume.HddsVolume.loadDbStore(HddsVolume.java:278)
	at org.apache.hadoop.ozone.container.common.utils.HddsVolumeUtil.loadAllHddsVolumeDbStore(HddsVolumeUtil.java:92)
	at org.apache.hadoop.ozone.container.ozoneimpl.OzoneContainer.<init>(OzoneContainer.java:154)
	at org.apache.hadoop.ozone.container.common.statemachine.DatanodeStateMachine.<init>(DatanodeStateMachine.java:173)
	at org.apache.hadoop.ozone.container.upgrade.TestDatanodeUpgradeToScmHA.restartDatanode(TestDatanodeUpgradeToScmHA.java:537)
	at org.apache.hadoop.ozone.container.upgrade.TestDatanodeUpgradeToScmHA.testFormattingNewVolumes(TestDatanodeUpgradeToScmHA.java:386)
	at sun.reflect.NativeMethodAccessorImpl.invoke0(Native Method)
	at sun.reflect.NativeMethodAccessorImpl.invoke(NativeMethodAccessorImpl.java:62)
	at sun.reflect.DelegatingMethodAccessorImpl.invoke(DelegatingMethodAccessorImpl.java:43)
	at java.lang.reflect.Method.invoke(Method.java:498)
	at org.junit.runners.model.FrameworkMethod$1.runReflectiveCall(FrameworkMethod.java:59)
	at org.junit.internal.runners.model.ReflectiveCallable.run(ReflectiveCallable.java:12)
	at org.junit.runners.model.FrameworkMethod.invokeExplosively(FrameworkMethod.java:56)
	at org.junit.internal.runners.statements.InvokeMethod.evaluate(InvokeMethod.java:17)
	at org.junit.internal.runners.statements.RunBefores.evaluate(RunBefores.java:26)
	at org.junit.internal.runners.statements.RunAfters.evaluate(RunAfters.java:27)
	at org.junit.runners.ParentRunner$3.evaluate(ParentRunner.java:306)
	at org.junit.runners.BlockJUnit4ClassRunner$1.evaluate(BlockJUnit4ClassRunner.java:100)
	at org.junit.runners.ParentRunner.runLeaf(ParentRunner.java:366)
	at org.junit.runners.BlockJUnit4ClassRunner.runChild(BlockJUnit4ClassRunner.java:103)
	at org.junit.runners.BlockJUnit4ClassRunner.runChild(BlockJUnit4ClassRunner.java:63)
	at org.junit.runners.ParentRunner$4.run(ParentRunner.java:331)
	at org.junit.runners.ParentRunner$1.schedule(ParentRunner.java:79)
	at org.junit.runners.ParentRunner.runChildren(ParentRunner.java:329)
	at org.junit.runners.ParentRunner.access$100(ParentRunner.java:66)
	at org.junit.runners.ParentRunner$2.evaluate(ParentRunner.java:293)
	at org.junit.runners.ParentRunner.run(ParentRunner.java:413)
	at org.junit.runners.Suite.runChild(Suite.java:128)
	at org.junit.runners.Suite.runChild(Suite.java:27)
	at org.junit.runners.ParentRunner$4.run(ParentRunner.java:331)
	at org.junit.runners.ParentRunner$1.schedule(ParentRunner.java:79)
	at org.junit.runners.ParentRunner.runChildren(ParentRunner.java:329)
	at org.junit.runners.ParentRunner.access$100(ParentRunner.java:66)
	at org.junit.runners.ParentRunner$2.evaluate(ParentRunner.java:293)
	at org.junit.runners.ParentRunner$3.evaluate(ParentRunner.java:306)
	at org.junit.runners.ParentRunner.run(ParentRunner.java:413)
	at org.junit.runner.JUnitCore.run(JUnitCore.java:137)
	at org.junit.runner.JUnitCore.run(JUnitCore.java:115)
	at org.junit.vintage.engine.execution.RunnerExecutor.execute(RunnerExecutor.java:42)
	at org.junit.vintage.engine.VintageTestEngine.executeAllChildren(VintageTestEngine.java:80)
	at org.junit.vintage.engine.VintageTestEngine.execute(VintageTestEngine.java:72)
	at org.junit.platform.launcher.core.EngineExecutionOrchestrator.execute(EngineExecutionOrchestrator.java:107)
	at org.junit.platform.launcher.core.EngineExecutionOrchestrator.execute(EngineExecutionOrchestrator.java:88)
	at org.junit.platform.launcher.core.EngineExecutionOrchestrator.lambda$execute$0(EngineExecutionOrchestrator.java:54)
	at org.junit.platform.launcher.core.EngineExecutionOrchestrator.withInterceptedStreams(EngineExecutionOrchestrator.java:67)
	at org.junit.platform.launcher.core.EngineExecutionOrchestrator.execute(EngineExecutionOrchestrator.java:52)
	at org.junit.platform.launcher.core.DefaultLauncher.execute(DefaultLauncher.java:114)
	at org.junit.platform.launcher.core.DefaultLauncher.execute(DefaultLauncher.java:86)
	at org.junit.platform.launcher.core.DefaultLauncherSession$DelegatingLauncher.execute(DefaultLauncherSession.java:86)
	at org.junit.platform.launcher.core.SessionPerRequestLauncher.execute(SessionPerRequestLauncher.java:53)
	at org.apache.maven.surefire.junitplatform.JUnitPlatformProvider.execute(JUnitPlatformProvider.java:188)
	at org.apache.maven.surefire.junitplatform.JUnitPlatformProvider.invokeAllTests(JUnitPlatformProvider.java:154)
	at org.apache.maven.surefire.junitplatform.JUnitPlatformProvider.invoke(JUnitPlatformProvider.java:124)
	at org.apache.maven.surefire.booter.ForkedBooter.runSuitesInProcess(ForkedBooter.java:428)
	at org.apache.maven.surefire.booter.ForkedBooter.execute(ForkedBooter.java:162)
	at org.apache.maven.surefire.booter.ForkedBooter.run(ForkedBooter.java:562)
	at org.apache.maven.surefire.booter.ForkedBooter.main(ForkedBooter.java:548)
2023-03-29 20:39:17,075 [Thread-217] INFO  ozoneimpl.ContainerReader (ContainerReader.java:readVolume(145)) - Start to verify containers on volume /tmp/junit7509973342718406751/7726d5e0-a709-46a7-b46b-5c70abe37bd8/hdds
2023-03-29 20:39:17,076 [Thread-218] INFO  ozoneimpl.ContainerReader (ContainerReader.java:readVolume(145)) - Start to verify containers on volume /tmp/junit7509973342718406751/efe2cdbe-0bd9-45fe-b4ab-11e1b3329039/hdds
2023-03-29 20:39:17,076 [Thread-218] INFO  ozoneimpl.ContainerReader (ContainerReader.java:readVolume(175)) - Finish verifying containers on volume /tmp/junit7509973342718406751/efe2cdbe-0bd9-45fe-b4ab-11e1b3329039/hdds
2023-03-29 20:39:17,079 [Thread-219] INFO  ozoneimpl.ContainerReader (ContainerReader.java:readVolume(175)) - Finish verifying containers on volume /tmp/junit7509973342718406751/559c9ba7-889e-4012-8456-a85ce1bb1506/hdds
2023-03-29 20:39:17,081 [Thread-217] INFO  ozoneimpl.ContainerReader (ContainerReader.java:readVolume(175)) - Finish verifying containers on volume /tmp/junit7509973342718406751/7726d5e0-a709-46a7-b46b-5c70abe37bd8/hdds
2023-03-29 20:39:17,081 [Listener at localhost/42953] INFO  ozoneimpl.OzoneContainer (OzoneContainer.java:buildContainerSet(303)) - Build ContainerSet costs 0s
2023-03-29 20:39:17,082 [Listener at localhost/42953] WARN  server.ServerUtils (ServerUtils.java:getDefaultRatisDirectory(237)) - Storage directory for Ratis is not configured. It is a good idea to map this to an SSD disk. Falling back to ozone.metadata.dirs
2023-03-29 20:39:17,083 [Listener at localhost/42953] INFO  server.RaftServer (ConfUtils.java:logGet(46)) - raft.rpc.type = GRPC (default)
2023-03-29 20:39:17,084 [Listener at localhost/42953] INFO  grpc.GrpcConfigKeys (ConfUtils.java:logFallback(53)) - raft.grpc.admin.host = null (fallback to raft.grpc.server.host)
2023-03-29 20:39:17,084 [Listener at localhost/42953] INFO  grpc.GrpcConfigKeys (ConfUtils.java:logGet(46)) - raft.grpc.admin.port = 9858 (custom)
2023-03-29 20:39:17,084 [Listener at localhost/42953] INFO  grpc.GrpcConfigKeys (ConfUtils.java:logFallback(53)) - raft.grpc.client.host = null (fallback to raft.grpc.server.host)
2023-03-29 20:39:17,084 [Listener at localhost/42953] INFO  grpc.GrpcConfigKeys (ConfUtils.java:logGet(46)) - raft.grpc.client.port = 9858 (custom)
2023-03-29 20:39:17,084 [Listener at localhost/42953] INFO  grpc.GrpcConfigKeys (ConfUtils.java:logGet(46)) - raft.grpc.server.host = null (default)
2023-03-29 20:39:17,089 [Listener at localhost/42953] INFO  grpc.GrpcConfigKeys (ConfUtils.java:logGet(46)) - raft.grpc.server.port = 9858 (custom)
2023-03-29 20:39:17,089 [Listener at localhost/42953] INFO  server.GrpcService (ConfUtils.java:logGet(46)) - raft.grpc.message.size.max = 32MB (=33554432) (custom)
2023-03-29 20:39:17,089 [Listener at localhost/42953] INFO  server.RaftServerConfigKeys (ConfUtils.java:logGet(46)) - raft.server.log.appender.buffer.byte-limit = 33554432 (custom)
2023-03-29 20:39:17,089 [Listener at localhost/42953] INFO  server.GrpcService (ConfUtils.java:logGet(46)) - raft.grpc.flow.control.window = 5MB (=5242880) (custom)
2023-03-29 20:39:17,089 [Listener at localhost/42953] INFO  server.RaftServerConfigKeys (ConfUtils.java:logGet(46)) - raft.server.rpc.request.timeout = 60s (custom)
2023-03-29 20:39:17,090 [Listener at localhost/42953] INFO  grpc.GrpcConfigKeys (ConfUtils.java:logGet(46)) - raft.grpc.server.heartbeat.channel = true (default)
2023-03-29 20:39:17,090 [Listener at localhost/42953] INFO  grpc.GrpcConfigKeys (ConfUtils.java:logGet(46)) - raft.grpc.server.async.request.thread.pool.cached = true (default)
2023-03-29 20:39:17,090 [Listener at localhost/42953] INFO  grpc.GrpcConfigKeys (ConfUtils.java:logGet(46)) - raft.grpc.server.async.request.thread.pool.size = 32 (default)
2023-03-29 20:39:17,091 [Listener at localhost/42953] INFO  impl.DataStreamServerImpl (ConfUtils.java:logGet(46)) - raft.datastream.type = DISABLED (default)
2023-03-29 20:39:17,091 [Listener at localhost/42953] INFO  server.RaftServerConfigKeys (ConfUtils.java:logGet(46)) - raft.server.threadpool.proxy.cached = true (default)
2023-03-29 20:39:17,091 [Listener at localhost/42953] INFO  server.RaftServerConfigKeys (ConfUtils.java:logGet(46)) - raft.server.threadpool.proxy.size = 0 (default)
2023-03-29 20:39:17,091 [Listener at localhost/42953] INFO  server.RaftServerConfigKeys (ConfUtils.java:logGet(46)) - raft.server.rpc.slowness.timeout = 300s (custom)
2023-03-29 20:39:17,091 [Listener at localhost/42953] INFO  server.RaftServerConfigKeys (ConfUtils.java:logGet(46)) - raft.server.leaderelection.leader.step-down.wait-time = 10s (default)
2023-03-29 20:39:17,091 [Listener at localhost/42953] INFO  server.RaftServerConfigKeys (ConfUtils.java:logGet(46)) - raft.server.storage.dir = [/tmp/junit7509973342718406751/ratis] (custom)
2023-03-29 20:39:17,094 [Listener at localhost/42953] INFO  server.XceiverServerGrpc (XceiverServerGrpc.java:<init>(132)) - GrpcServer channel type EpollServerSocketChannel
2023-03-29 20:39:17,128 [Listener at localhost/42953] INFO  utils.DatanodeStoreCache (DatanodeStoreCache.java:addDB(58)) - Added db /tmp/junit7509973342718406751/559c9ba7-889e-4012-8456-a85ce1bb1506/hdds/clusterID/DS-d7d8239c-071a-43da-b428-756eeeae27bb/container.db to cache
2023-03-29 20:39:17,128 [Listener at localhost/42953] INFO  volume.HddsVolume (HddsVolume.java:createDbStore(350)) - SchemaV3 db is created and loaded at /tmp/junit7509973342718406751/559c9ba7-889e-4012-8456-a85ce1bb1506/hdds/clusterID/DS-d7d8239c-071a-43da-b428-756eeeae27bb/container.db for volume DS-d7d8239c-071a-43da-b428-756eeeae27bb
2023-03-29 20:39:17,129 [Listener at localhost/42953] INFO  ozoneimpl.OzoneContainer (OzoneContainer.java:start(397)) - Attempting to start container services.
2023-03-29 20:39:17,129 [Listener at localhost/42953] INFO  ozoneimpl.OzoneContainer (OzoneContainer.java:startContainerScrub(314)) - Scheduled background container scanners and the on-demand container scanner have been disabled.
2023-03-29 20:39:17,134 [Listener at localhost/42953] INFO  replication.ReplicationServer (ReplicationServer.java:start(109)) - ReplicationServer is started using port 9886
2023-03-29 20:39:17,135 [Listener at localhost/42953] INFO  ratis.XceiverServerRatis (XceiverServerRatis.java:start(517)) - Starting XceiverServerRatis c8003d5f-a572-448a-9387-d50827ed09dc
2023-03-29 20:39:17,138 [Listener at localhost/42953] INFO  server.RaftServer (RaftServerProxy.java:startImpl(393)) - c8003d5f-a572-448a-9387-d50827ed09dc: start RPC server
2023-03-29 20:39:17,139 [Listener at localhost/42953] INFO  server.GrpcService (GrpcService.java:startImpl(262)) - c8003d5f-a572-448a-9387-d50827ed09dc: GrpcService started, listening on 9858
2023-03-29 20:39:17,139 [Listener at localhost/42953] INFO  ratis.XceiverServerRatis (XceiverServerRatis.java:getRealPort(543)) - XceiverServerRatis c8003d5f-a572-448a-9387-d50827ed09dc is started using port 9858 for RATIS
2023-03-29 20:39:17,139 [JvmPauseMonitor13] INFO  util.JvmPauseMonitor (JvmPauseMonitor.java:run(105)) - JvmPauseMonitor-c8003d5f-a572-448a-9387-d50827ed09dc: Started
2023-03-29 20:39:17,139 [Listener at localhost/42953] INFO  ratis.XceiverServerRatis (XceiverServerRatis.java:getRealPort(543)) - XceiverServerRatis c8003d5f-a572-448a-9387-d50827ed09dc is started using port 9858 for RATIS_ADMIN
2023-03-29 20:39:17,140 [Listener at localhost/42953] INFO  ratis.XceiverServerRatis (XceiverServerRatis.java:getRealPort(543)) - XceiverServerRatis c8003d5f-a572-448a-9387-d50827ed09dc is started using port 9858 for RATIS_SERVER
2023-03-29 20:39:17,141 [BlockDeletingService#0] INFO  interfaces.ContainerDeletionChoosingPolicyTemplate (ContainerDeletionChoosingPolicyTemplate.java:chooseContainerForBlockDeletion(83)) - Chosen 0/5000 blocks from 0 candidate containers.
2023-03-29 20:39:17,153 [Listener at localhost/42953] INFO  ipc.Server (Server.java:stop(3428)) - Stopping server on 42953
2023-03-29 20:39:17,155 [IPC Server listener on 42953] INFO  ipc.Server (Server.java:run(1384)) - Stopping IPC Server listener on 42953
2023-03-29 20:39:17,155 [IPC Server Responder] INFO  ipc.Server (Server.java:run(1517)) - Stopping IPC Server Responder
2023-03-29 20:39:17,155 [Listener at localhost/42953] INFO  ozoneimpl.OzoneContainer (OzoneContainer.java:stop(419)) - Attempting to stop container services.
2023-03-29 20:39:17,156 [Listener at localhost/42953] INFO  server.RaftServer (RaftServerProxy.java:lambda$close$6(409)) - c8003d5f-a572-448a-9387-d50827ed09dc: close
2023-03-29 20:39:17,156 [Listener at localhost/42953] INFO  server.GrpcService (GrpcService.java:closeImpl(271)) - c8003d5f-a572-448a-9387-d50827ed09dc: shutdown server GrpcServerProtocolService now
2023-03-29 20:39:17,157 [Listener at localhost/42953] INFO  server.GrpcService (GrpcService.java:closeImpl(280)) - c8003d5f-a572-448a-9387-d50827ed09dc: shutdown server GrpcServerProtocolService successfully
2023-03-29 20:39:17,157 [JvmPauseMonitor13] INFO  util.JvmPauseMonitor (JvmPauseMonitor.java:run(111)) - JvmPauseMonitor-c8003d5f-a572-448a-9387-d50827ed09dc: Stopped
2023-03-29 20:39:19,166 [Listener at localhost/42953] INFO  volume.HddsVolume (HddsVolume.java:closeDbStore(437)) - SchemaV3 db is stopped at /tmp/junit7509973342718406751/7726d5e0-a709-46a7-b46b-5c70abe37bd8/hdds/clusterID/DS-81294d8f-a054-4fe4-8912-02d3ad96ce0f/container.db for volume DS-81294d8f-a054-4fe4-8912-02d3ad96ce0f
2023-03-29 20:39:19,166 [Listener at localhost/42953] INFO  volume.HddsVolume (HddsVolume.java:closeDbStore(437)) - SchemaV3 db is stopped at /tmp/junit7509973342718406751/efe2cdbe-0bd9-45fe-b4ab-11e1b3329039/hdds/clusterID/DS-1f81294b-02ba-4067-9598-33efd2734368/container.db for volume DS-1f81294b-02ba-4067-9598-33efd2734368
2023-03-29 20:39:19,166 [Listener at localhost/42953] INFO  volume.HddsVolume (HddsVolume.java:closeDbStore(437)) - SchemaV3 db is stopped at /tmp/junit7509973342718406751/559c9ba7-889e-4012-8456-a85ce1bb1506/hdds/clusterID/DS-d7d8239c-071a-43da-b428-756eeeae27bb/container.db for volume DS-d7d8239c-071a-43da-b428-756eeeae27bb
2023-03-29 20:39:19,166 [Listener at localhost/42953] INFO  utils.BackgroundService (BackgroundService.java:shutdown(141)) - Shutting down service BlockDeletingService
2023-03-29 20:39:19,167 [Listener at localhost/42953] INFO  utils.BackgroundService (BackgroundService.java:shutdown(141)) - Shutting down service StaleRecoveringContainerScrubbingService
]]></system-out>
  </testcase>
  <testcase name="testFailedVolumeDuringFinalization" classname="TestDatanodeUpgradeToScmHA" time="4.484">
    <system-out><![CDATA[2023-03-29 20:39:01,584 [Listener at localhost/38145] INFO  ipc.CallQueueManager (CallQueueManager.java:<init>(90)) - Using callQueue: class java.util.concurrent.LinkedBlockingQueue, queueCapacity: 1000, scheduler: class org.apache.hadoop.ipc.DefaultRpcScheduler, ipcBackoff: false.
2023-03-29 20:39:01,585 [Socket Reader #1 for port 41569] INFO  ipc.Server (Server.java:run(1273)) - Starting Socket Reader #1 for port 41569
2023-03-29 20:39:01,587 [IPC Server Responder] INFO  ipc.Server (Server.java:run(1512)) - IPC Server Responder: starting
2023-03-29 20:39:01,587 [IPC Server listener on 41569] INFO  ipc.Server (Server.java:run(1352)) - IPC Server listener on 41569: starting
2023-03-29 20:39:01,595 [Listener at localhost/41569] INFO  upgrade.AbstractLayoutVersionManager (AbstractLayoutVersionManager.java:init(83)) - Initializing Layout version manager with metadata layout = INITIAL_VERSION (version = 0), software layout = DATANODE_SCHEMA_V3 (version = 4)
2023-03-29 20:39:01,655 [Listener at localhost/41569] INFO  reflections.Reflections (Reflections.java:scan(232)) - Reflections took 59 ms to scan 4 urls, producing 125 keys and 293 values 
2023-03-29 20:39:01,667 [Listener at localhost/41569] INFO  upgrade.HDDSLayoutVersionManager (HDDSLayoutVersionManager.java:lambda$registerUpgradeActions$0(76)) - Registering Upgrade Action : DatanodeSchemaV3FinalizeAction
2023-03-29 20:39:01,667 [Listener at localhost/41569] INFO  upgrade.HDDSLayoutVersionManager (HDDSLayoutVersionManager.java:lambda$registerUpgradeActions$0(76)) - Registering Upgrade Action : ScmHAFinalizeUpgradeActionDatanode
2023-03-29 20:39:01,667 [Listener at localhost/41569] INFO  upgrade.HDDSLayoutVersionManager (HDDSLayoutVersionManager.java:lambda$registerUpgradeActions$0(76)) - Registering Upgrade Action : DatanodeSchemaV2FinalizeAction
2023-03-29 20:39:01,668 [Listener at localhost/41569] INFO  statemachine.DatanodeStateMachine (DatanodeStateMachine.java:getEndPointTaskThreadPoolSize(260)) - Datanode State Machine Task Thread Pool size 2
2023-03-29 20:39:01,672 [Listener at localhost/41569] INFO  volume.HddsVolume (HddsVolume.java:<init>(130)) - Creating HddsVolume: /tmp/junit2979135997699041939/74f8e19d-d996-4bf0-8979-03d720a9507a/hdds of storage type : DISK capacity : 9223372036854775807
2023-03-29 20:39:01,673 [Listener at localhost/41569] INFO  volume.MutableVolumeSet (MutableVolumeSet.java:initializeVolumeSet(175)) - Added Volume : /tmp/junit2979135997699041939/74f8e19d-d996-4bf0-8979-03d720a9507a/hdds to VolumeSet
2023-03-29 20:39:01,673 [Listener at localhost/41569] INFO  volume.ThrottledAsyncChecker (ThrottledAsyncChecker.java:schedule(141)) - Scheduling a check for /tmp/junit2979135997699041939/74f8e19d-d996-4bf0-8979-03d720a9507a/hdds
2023-03-29 20:39:01,676 [Listener at localhost/41569] INFO  volume.StorageVolumeChecker (StorageVolumeChecker.java:checkAllVolumes(202)) - Scheduled health check for volume /tmp/junit2979135997699041939/74f8e19d-d996-4bf0-8979-03d720a9507a/hdds
2023-03-29 20:39:01,694 [Listener at localhost/41569] WARN  server.ServerUtils (ServerUtils.java:getDefaultRatisDirectory(237)) - Storage directory for Ratis is not configured. It is a good idea to map this to an SSD disk. Falling back to ozone.metadata.dirs
2023-03-29 20:39:01,695 [Listener at localhost/41569] INFO  volume.MutableVolumeSet (MutableVolumeSet.java:initializeVolumeSet(175)) - Added Volume : /tmp/junit2979135997699041939/ratis to VolumeSet
2023-03-29 20:39:01,695 [Listener at localhost/41569] INFO  volume.ThrottledAsyncChecker (ThrottledAsyncChecker.java:schedule(141)) - Scheduling a check for /tmp/junit2979135997699041939/ratis
2023-03-29 20:39:01,695 [Listener at localhost/41569] INFO  volume.StorageVolumeChecker (StorageVolumeChecker.java:checkAllVolumes(202)) - Scheduled health check for volume /tmp/junit2979135997699041939/ratis
2023-03-29 20:39:01,704 [Thread-114] INFO  ozoneimpl.ContainerReader (ContainerReader.java:readVolume(175)) - Finish verifying containers on volume /tmp/junit2979135997699041939/74f8e19d-d996-4bf0-8979-03d720a9507a/hdds
2023-03-29 20:39:01,704 [Listener at localhost/41569] INFO  ozoneimpl.OzoneContainer (OzoneContainer.java:buildContainerSet(303)) - Build ContainerSet costs 0s
2023-03-29 20:39:01,706 [Listener at localhost/41569] WARN  server.ServerUtils (ServerUtils.java:getDefaultRatisDirectory(237)) - Storage directory for Ratis is not configured. It is a good idea to map this to an SSD disk. Falling back to ozone.metadata.dirs
2023-03-29 20:39:01,707 [Listener at localhost/41569] INFO  server.RaftServer (ConfUtils.java:logGet(46)) - raft.rpc.type = GRPC (default)
2023-03-29 20:39:01,707 [Listener at localhost/41569] INFO  grpc.GrpcConfigKeys (ConfUtils.java:logFallback(53)) - raft.grpc.admin.host = null (fallback to raft.grpc.server.host)
2023-03-29 20:39:01,707 [Listener at localhost/41569] INFO  grpc.GrpcConfigKeys (ConfUtils.java:logGet(46)) - raft.grpc.admin.port = 9858 (custom)
2023-03-29 20:39:01,707 [Listener at localhost/41569] INFO  grpc.GrpcConfigKeys (ConfUtils.java:logFallback(53)) - raft.grpc.client.host = null (fallback to raft.grpc.server.host)
2023-03-29 20:39:01,707 [Listener at localhost/41569] INFO  grpc.GrpcConfigKeys (ConfUtils.java:logGet(46)) - raft.grpc.client.port = 9858 (custom)
2023-03-29 20:39:01,708 [Listener at localhost/41569] INFO  grpc.GrpcConfigKeys (ConfUtils.java:logGet(46)) - raft.grpc.server.host = null (default)
2023-03-29 20:39:01,708 [Listener at localhost/41569] INFO  grpc.GrpcConfigKeys (ConfUtils.java:logGet(46)) - raft.grpc.server.port = 9858 (custom)
2023-03-29 20:39:01,708 [Listener at localhost/41569] INFO  server.GrpcService (ConfUtils.java:logGet(46)) - raft.grpc.message.size.max = 32MB (=33554432) (custom)
2023-03-29 20:39:01,708 [Listener at localhost/41569] INFO  server.RaftServerConfigKeys (ConfUtils.java:logGet(46)) - raft.server.log.appender.buffer.byte-limit = 33554432 (custom)
2023-03-29 20:39:01,708 [Listener at localhost/41569] INFO  server.GrpcService (ConfUtils.java:logGet(46)) - raft.grpc.flow.control.window = 5MB (=5242880) (custom)
2023-03-29 20:39:01,708 [Listener at localhost/41569] INFO  server.RaftServerConfigKeys (ConfUtils.java:logGet(46)) - raft.server.rpc.request.timeout = 60s (custom)
2023-03-29 20:39:01,708 [Listener at localhost/41569] INFO  grpc.GrpcConfigKeys (ConfUtils.java:logGet(46)) - raft.grpc.server.heartbeat.channel = true (default)
2023-03-29 20:39:01,708 [Listener at localhost/41569] INFO  grpc.GrpcConfigKeys (ConfUtils.java:logGet(46)) - raft.grpc.server.async.request.thread.pool.cached = true (default)
2023-03-29 20:39:01,708 [Listener at localhost/41569] INFO  grpc.GrpcConfigKeys (ConfUtils.java:logGet(46)) - raft.grpc.server.async.request.thread.pool.size = 32 (default)
2023-03-29 20:39:01,710 [Listener at localhost/41569] INFO  impl.DataStreamServerImpl (ConfUtils.java:logGet(46)) - raft.datastream.type = DISABLED (default)
2023-03-29 20:39:01,710 [Listener at localhost/41569] INFO  server.RaftServerConfigKeys (ConfUtils.java:logGet(46)) - raft.server.threadpool.proxy.cached = true (default)
2023-03-29 20:39:01,710 [Listener at localhost/41569] INFO  server.RaftServerConfigKeys (ConfUtils.java:logGet(46)) - raft.server.threadpool.proxy.size = 0 (default)
2023-03-29 20:39:01,710 [Listener at localhost/41569] INFO  server.RaftServerConfigKeys (ConfUtils.java:logGet(46)) - raft.server.rpc.slowness.timeout = 300s (custom)
2023-03-29 20:39:01,710 [Listener at localhost/41569] INFO  server.RaftServerConfigKeys (ConfUtils.java:logGet(46)) - raft.server.leaderelection.leader.step-down.wait-time = 10s (default)
2023-03-29 20:39:01,710 [Listener at localhost/41569] INFO  server.RaftServerConfigKeys (ConfUtils.java:logGet(46)) - raft.server.storage.dir = [/tmp/junit2979135997699041939/ratis] (custom)
2023-03-29 20:39:01,712 [Listener at localhost/41569] INFO  server.XceiverServerGrpc (XceiverServerGrpc.java:<init>(132)) - GrpcServer channel type EpollServerSocketChannel
2023-03-29 20:39:01,725 [Listener at localhost/41569] INFO  ozoneimpl.OzoneContainer (OzoneContainer.java:start(397)) - Attempting to start container services.
2023-03-29 20:39:01,725 [Listener at localhost/41569] INFO  ozoneimpl.OzoneContainer (OzoneContainer.java:startContainerScrub(314)) - Scheduled background container scanners and the on-demand container scanner have been disabled.
2023-03-29 20:39:01,727 [Listener at localhost/41569] INFO  replication.ReplicationServer (ReplicationServer.java:start(109)) - ReplicationServer is started using port 9886
2023-03-29 20:39:01,728 [Listener at localhost/41569] INFO  ratis.XceiverServerRatis (XceiverServerRatis.java:start(517)) - Starting XceiverServerRatis af6c477a-9636-4102-b762-c6763d45436e
2023-03-29 20:39:01,729 [Listener at localhost/41569] INFO  server.RaftServer (RaftServerProxy.java:startImpl(393)) - af6c477a-9636-4102-b762-c6763d45436e: start RPC server
2023-03-29 20:39:01,730 [Listener at localhost/41569] INFO  server.GrpcService (GrpcService.java:startImpl(262)) - af6c477a-9636-4102-b762-c6763d45436e: GrpcService started, listening on 9858
2023-03-29 20:39:01,730 [Listener at localhost/41569] INFO  ratis.XceiverServerRatis (XceiverServerRatis.java:getRealPort(543)) - XceiverServerRatis af6c477a-9636-4102-b762-c6763d45436e is started using port 9858 for RATIS
2023-03-29 20:39:01,730 [JvmPauseMonitor6] INFO  util.JvmPauseMonitor (JvmPauseMonitor.java:run(105)) - JvmPauseMonitor-af6c477a-9636-4102-b762-c6763d45436e: Started
2023-03-29 20:39:01,730 [Listener at localhost/41569] INFO  ratis.XceiverServerRatis (XceiverServerRatis.java:getRealPort(543)) - XceiverServerRatis af6c477a-9636-4102-b762-c6763d45436e is started using port 9858 for RATIS_ADMIN
2023-03-29 20:39:01,731 [Listener at localhost/41569] INFO  ratis.XceiverServerRatis (XceiverServerRatis.java:getRealPort(543)) - XceiverServerRatis af6c477a-9636-4102-b762-c6763d45436e is started using port 9858 for RATIS_SERVER
2023-03-29 20:39:01,732 [BlockDeletingService#0] INFO  interfaces.ContainerDeletionChoosingPolicyTemplate (ContainerDeletionChoosingPolicyTemplate.java:chooseContainerForBlockDeletion(83)) - Chosen 0/5000 blocks from 0 candidate containers.
2023-03-29 20:39:01,832 [Listener at localhost/41569] INFO  keyvalue.KeyValueHandler (ContainerUtils.java:logAndReturnError(91)) - Operation: CloseContainer , Trace ID:  , Message: Error while creating/updating container file. ContainerID: 1606332866, container path: /tmp/junit2979135997699041939/74f8e19d-d996-4bf0-8979-03d720a9507a/hdds/849bf13e-9f48-4dae-a869-579bf3664d9c/current/containerDir88/1606332866/metadata/1606332866.container Temporary file could not be created. , Result: CONTAINER_FILES_CREATE_ERROR , StorageContainerException Occurred.
org.apache.hadoop.hdds.scm.container.common.helpers.StorageContainerException: Error while creating/updating container file. ContainerID: 1606332866, container path: /tmp/junit2979135997699041939/74f8e19d-d996-4bf0-8979-03d720a9507a/hdds/849bf13e-9f48-4dae-a869-579bf3664d9c/current/containerDir88/1606332866/metadata/1606332866.container Temporary file could not be created.
	at org.apache.hadoop.ozone.container.keyvalue.KeyValueContainer.writeToContainerFile(KeyValueContainer.java:270)
	at org.apache.hadoop.ozone.container.keyvalue.KeyValueContainer.updateContainerFile(KeyValueContainer.java:289)
	at org.apache.hadoop.ozone.container.keyvalue.KeyValueContainer.updateContainerData(KeyValueContainer.java:415)
	at org.apache.hadoop.ozone.container.keyvalue.KeyValueContainer.markContainerForClose(KeyValueContainer.java:327)
	at org.apache.hadoop.ozone.container.keyvalue.KeyValueHandler.markContainerForClose(KeyValueHandler.java:1071)
	at org.apache.hadoop.ozone.container.keyvalue.KeyValueHandler.handleCloseContainer(KeyValueHandler.java:507)
	at org.apache.hadoop.ozone.container.keyvalue.KeyValueHandler.dispatchRequest(KeyValueHandler.java:259)
	at org.apache.hadoop.ozone.container.keyvalue.KeyValueHandler.handle(KeyValueHandler.java:232)
	at org.apache.hadoop.ozone.container.common.impl.HddsDispatcher.dispatchRequest(HddsDispatcher.java:320)
	at org.apache.hadoop.ozone.container.common.impl.HddsDispatcher.lambda$dispatch$0(HddsDispatcher.java:171)
	at org.apache.hadoop.hdds.server.OzoneProtocolMessageDispatcher.processRequest(OzoneProtocolMessageDispatcher.java:87)
	at org.apache.hadoop.ozone.container.common.impl.HddsDispatcher.dispatch(HddsDispatcher.java:170)
	at org.apache.hadoop.ozone.container.upgrade.TestDatanodeUpgradeToScmHA.dispatchRequest(TestDatanodeUpgradeToScmHA.java:692)
	at org.apache.hadoop.ozone.container.upgrade.TestDatanodeUpgradeToScmHA.closeContainer(TestDatanodeUpgradeToScmHA.java:644)
	at org.apache.hadoop.ozone.container.upgrade.TestDatanodeUpgradeToScmHA.testFailedVolumeDuringFinalization(TestDatanodeUpgradeToScmHA.java:261)
	at sun.reflect.NativeMethodAccessorImpl.invoke0(Native Method)
	at sun.reflect.NativeMethodAccessorImpl.invoke(NativeMethodAccessorImpl.java:62)
	at sun.reflect.DelegatingMethodAccessorImpl.invoke(DelegatingMethodAccessorImpl.java:43)
	at java.lang.reflect.Method.invoke(Method.java:498)
	at org.junit.runners.model.FrameworkMethod$1.runReflectiveCall(FrameworkMethod.java:59)
	at org.junit.internal.runners.model.ReflectiveCallable.run(ReflectiveCallable.java:12)
	at org.junit.runners.model.FrameworkMethod.invokeExplosively(FrameworkMethod.java:56)
	at org.junit.internal.runners.statements.InvokeMethod.evaluate(InvokeMethod.java:17)
	at org.junit.internal.runners.statements.RunBefores.evaluate(RunBefores.java:26)
	at org.junit.internal.runners.statements.RunAfters.evaluate(RunAfters.java:27)
	at org.junit.runners.ParentRunner$3.evaluate(ParentRunner.java:306)
	at org.junit.runners.BlockJUnit4ClassRunner$1.evaluate(BlockJUnit4ClassRunner.java:100)
	at org.junit.runners.ParentRunner.runLeaf(ParentRunner.java:366)
	at org.junit.runners.BlockJUnit4ClassRunner.runChild(BlockJUnit4ClassRunner.java:103)
	at org.junit.runners.BlockJUnit4ClassRunner.runChild(BlockJUnit4ClassRunner.java:63)
	at org.junit.runners.ParentRunner$4.run(ParentRunner.java:331)
	at org.junit.runners.ParentRunner$1.schedule(ParentRunner.java:79)
	at org.junit.runners.ParentRunner.runChildren(ParentRunner.java:329)
	at org.junit.runners.ParentRunner.access$100(ParentRunner.java:66)
	at org.junit.runners.ParentRunner$2.evaluate(ParentRunner.java:293)
	at org.junit.runners.ParentRunner.run(ParentRunner.java:413)
	at org.junit.runners.Suite.runChild(Suite.java:128)
	at org.junit.runners.Suite.runChild(Suite.java:27)
	at org.junit.runners.ParentRunner$4.run(ParentRunner.java:331)
	at org.junit.runners.ParentRunner$1.schedule(ParentRunner.java:79)
	at org.junit.runners.ParentRunner.runChildren(ParentRunner.java:329)
	at org.junit.runners.ParentRunner.access$100(ParentRunner.java:66)
	at org.junit.runners.ParentRunner$2.evaluate(ParentRunner.java:293)
	at org.junit.runners.ParentRunner$3.evaluate(ParentRunner.java:306)
	at org.junit.runners.ParentRunner.run(ParentRunner.java:413)
	at org.junit.runner.JUnitCore.run(JUnitCore.java:137)
	at org.junit.runner.JUnitCore.run(JUnitCore.java:115)
	at org.junit.vintage.engine.execution.RunnerExecutor.execute(RunnerExecutor.java:42)
	at org.junit.vintage.engine.VintageTestEngine.executeAllChildren(VintageTestEngine.java:80)
	at org.junit.vintage.engine.VintageTestEngine.execute(VintageTestEngine.java:72)
	at org.junit.platform.launcher.core.EngineExecutionOrchestrator.execute(EngineExecutionOrchestrator.java:107)
	at org.junit.platform.launcher.core.EngineExecutionOrchestrator.execute(EngineExecutionOrchestrator.java:88)
	at org.junit.platform.launcher.core.EngineExecutionOrchestrator.lambda$execute$0(EngineExecutionOrchestrator.java:54)
	at org.junit.platform.launcher.core.EngineExecutionOrchestrator.withInterceptedStreams(EngineExecutionOrchestrator.java:67)
	at org.junit.platform.launcher.core.EngineExecutionOrchestrator.execute(EngineExecutionOrchestrator.java:52)
	at org.junit.platform.launcher.core.DefaultLauncher.execute(DefaultLauncher.java:114)
	at org.junit.platform.launcher.core.DefaultLauncher.execute(DefaultLauncher.java:86)
	at org.junit.platform.launcher.core.DefaultLauncherSession$DelegatingLauncher.execute(DefaultLauncherSession.java:86)
	at org.junit.platform.launcher.core.SessionPerRequestLauncher.execute(SessionPerRequestLauncher.java:53)
	at org.apache.maven.surefire.junitplatform.JUnitPlatformProvider.execute(JUnitPlatformProvider.java:188)
	at org.apache.maven.surefire.junitplatform.JUnitPlatformProvider.invokeAllTests(JUnitPlatformProvider.java:154)
	at org.apache.maven.surefire.junitplatform.JUnitPlatformProvider.invoke(JUnitPlatformProvider.java:124)
	at org.apache.maven.surefire.booter.ForkedBooter.runSuitesInProcess(ForkedBooter.java:428)
	at org.apache.maven.surefire.booter.ForkedBooter.execute(ForkedBooter.java:162)
	at org.apache.maven.surefire.booter.ForkedBooter.run(ForkedBooter.java:562)
	at org.apache.maven.surefire.booter.ForkedBooter.main(ForkedBooter.java:548)
Caused by: java.io.IOException: No such file or directory
	at java.io.UnixFileSystem.createFileExclusively(Native Method)
	at java.io.File.createTempFile(File.java:2063)
	at org.apache.hadoop.ozone.container.keyvalue.KeyValueContainer.createTempFile(KeyValueContainer.java:894)
	at org.apache.hadoop.ozone.container.keyvalue.KeyValueContainer.writeToContainerFile(KeyValueContainer.java:248)
	... 65 more
2023-03-29 20:39:01,833 [Listener at localhost/41569] WARN  keyvalue.KeyValueHandler (KeyValueHandler.java:markContainerUnhealthy(1091)) - Unexpected error while marking container 1606332866 as unhealthy
org.apache.hadoop.hdds.scm.container.common.helpers.StorageContainerException: Error while creating/updating container file. ContainerID: 1606332866, container path: /tmp/junit2979135997699041939/74f8e19d-d996-4bf0-8979-03d720a9507a/hdds/849bf13e-9f48-4dae-a869-579bf3664d9c/current/containerDir88/1606332866/metadata/1606332866.container Temporary file could not be created.
	at org.apache.hadoop.ozone.container.keyvalue.KeyValueContainer.writeToContainerFile(KeyValueContainer.java:270)
	at org.apache.hadoop.ozone.container.keyvalue.KeyValueContainer.updateContainerFile(KeyValueContainer.java:289)
	at org.apache.hadoop.ozone.container.keyvalue.KeyValueContainer.updateContainerData(KeyValueContainer.java:415)
	at org.apache.hadoop.ozone.container.keyvalue.KeyValueContainer.markContainerUnhealthy(KeyValueContainer.java:342)
	at org.apache.hadoop.ozone.container.keyvalue.KeyValueHandler.markContainerUnhealthy(KeyValueHandler.java:1086)
	at org.apache.hadoop.ozone.container.common.impl.HddsDispatcher.dispatchRequest(HddsDispatcher.java:360)
	at org.apache.hadoop.ozone.container.common.impl.HddsDispatcher.lambda$dispatch$0(HddsDispatcher.java:171)
	at org.apache.hadoop.hdds.server.OzoneProtocolMessageDispatcher.processRequest(OzoneProtocolMessageDispatcher.java:87)
	at org.apache.hadoop.ozone.container.common.impl.HddsDispatcher.dispatch(HddsDispatcher.java:170)
	at org.apache.hadoop.ozone.container.upgrade.TestDatanodeUpgradeToScmHA.dispatchRequest(TestDatanodeUpgradeToScmHA.java:692)
	at org.apache.hadoop.ozone.container.upgrade.TestDatanodeUpgradeToScmHA.closeContainer(TestDatanodeUpgradeToScmHA.java:644)
	at org.apache.hadoop.ozone.container.upgrade.TestDatanodeUpgradeToScmHA.testFailedVolumeDuringFinalization(TestDatanodeUpgradeToScmHA.java:261)
	at sun.reflect.NativeMethodAccessorImpl.invoke0(Native Method)
	at sun.reflect.NativeMethodAccessorImpl.invoke(NativeMethodAccessorImpl.java:62)
	at sun.reflect.DelegatingMethodAccessorImpl.invoke(DelegatingMethodAccessorImpl.java:43)
	at java.lang.reflect.Method.invoke(Method.java:498)
	at org.junit.runners.model.FrameworkMethod$1.runReflectiveCall(FrameworkMethod.java:59)
	at org.junit.internal.runners.model.ReflectiveCallable.run(ReflectiveCallable.java:12)
	at org.junit.runners.model.FrameworkMethod.invokeExplosively(FrameworkMethod.java:56)
	at org.junit.internal.runners.statements.InvokeMethod.evaluate(InvokeMethod.java:17)
	at org.junit.internal.runners.statements.RunBefores.evaluate(RunBefores.java:26)
	at org.junit.internal.runners.statements.RunAfters.evaluate(RunAfters.java:27)
	at org.junit.runners.ParentRunner$3.evaluate(ParentRunner.java:306)
	at org.junit.runners.BlockJUnit4ClassRunner$1.evaluate(BlockJUnit4ClassRunner.java:100)
	at org.junit.runners.ParentRunner.runLeaf(ParentRunner.java:366)
	at org.junit.runners.BlockJUnit4ClassRunner.runChild(BlockJUnit4ClassRunner.java:103)
	at org.junit.runners.BlockJUnit4ClassRunner.runChild(BlockJUnit4ClassRunner.java:63)
	at org.junit.runners.ParentRunner$4.run(ParentRunner.java:331)
	at org.junit.runners.ParentRunner$1.schedule(ParentRunner.java:79)
	at org.junit.runners.ParentRunner.runChildren(ParentRunner.java:329)
	at org.junit.runners.ParentRunner.access$100(ParentRunner.java:66)
	at org.junit.runners.ParentRunner$2.evaluate(ParentRunner.java:293)
	at org.junit.runners.ParentRunner.run(ParentRunner.java:413)
	at org.junit.runners.Suite.runChild(Suite.java:128)
	at org.junit.runners.Suite.runChild(Suite.java:27)
	at org.junit.runners.ParentRunner$4.run(ParentRunner.java:331)
	at org.junit.runners.ParentRunner$1.schedule(ParentRunner.java:79)
	at org.junit.runners.ParentRunner.runChildren(ParentRunner.java:329)
	at org.junit.runners.ParentRunner.access$100(ParentRunner.java:66)
	at org.junit.runners.ParentRunner$2.evaluate(ParentRunner.java:293)
	at org.junit.runners.ParentRunner$3.evaluate(ParentRunner.java:306)
	at org.junit.runners.ParentRunner.run(ParentRunner.java:413)
	at org.junit.runner.JUnitCore.run(JUnitCore.java:137)
	at org.junit.runner.JUnitCore.run(JUnitCore.java:115)
	at org.junit.vintage.engine.execution.RunnerExecutor.execute(RunnerExecutor.java:42)
	at org.junit.vintage.engine.VintageTestEngine.executeAllChildren(VintageTestEngine.java:80)
	at org.junit.vintage.engine.VintageTestEngine.execute(VintageTestEngine.java:72)
	at org.junit.platform.launcher.core.EngineExecutionOrchestrator.execute(EngineExecutionOrchestrator.java:107)
	at org.junit.platform.launcher.core.EngineExecutionOrchestrator.execute(EngineExecutionOrchestrator.java:88)
	at org.junit.platform.launcher.core.EngineExecutionOrchestrator.lambda$execute$0(EngineExecutionOrchestrator.java:54)
	at org.junit.platform.launcher.core.EngineExecutionOrchestrator.withInterceptedStreams(EngineExecutionOrchestrator.java:67)
	at org.junit.platform.launcher.core.EngineExecutionOrchestrator.execute(EngineExecutionOrchestrator.java:52)
	at org.junit.platform.launcher.core.DefaultLauncher.execute(DefaultLauncher.java:114)
	at org.junit.platform.launcher.core.DefaultLauncher.execute(DefaultLauncher.java:86)
	at org.junit.platform.launcher.core.DefaultLauncherSession$DelegatingLauncher.execute(DefaultLauncherSession.java:86)
	at org.junit.platform.launcher.core.SessionPerRequestLauncher.execute(SessionPerRequestLauncher.java:53)
	at org.apache.maven.surefire.junitplatform.JUnitPlatformProvider.execute(JUnitPlatformProvider.java:188)
	at org.apache.maven.surefire.junitplatform.JUnitPlatformProvider.invokeAllTests(JUnitPlatformProvider.java:154)
	at org.apache.maven.surefire.junitplatform.JUnitPlatformProvider.invoke(JUnitPlatformProvider.java:124)
	at org.apache.maven.surefire.booter.ForkedBooter.runSuitesInProcess(ForkedBooter.java:428)
	at org.apache.maven.surefire.booter.ForkedBooter.execute(ForkedBooter.java:162)
	at org.apache.maven.surefire.booter.ForkedBooter.run(ForkedBooter.java:562)
	at org.apache.maven.surefire.booter.ForkedBooter.main(ForkedBooter.java:548)
Caused by: java.io.IOException: No such file or directory
	at java.io.UnixFileSystem.createFileExclusively(Native Method)
	at java.io.File.createTempFile(File.java:2063)
	at org.apache.hadoop.ozone.container.keyvalue.KeyValueContainer.createTempFile(KeyValueContainer.java:894)
	at org.apache.hadoop.ozone.container.keyvalue.KeyValueContainer.writeToContainerFile(KeyValueContainer.java:248)
	... 62 more
2023-03-29 20:39:01,834 [Listener at localhost/41569] INFO  impl.HddsDispatcher (HddsDispatcher.java:dispatchRequest(361)) - Marked Container UNHEALTHY, ContainerID: 1606332866
20:39:01.844 [Listener at localhost/41569] ERROR DNAudit - user=null | ip=null | op=CLOSE_CONTAINER {containerID=1606332866} | ret=FAILURE
java.lang.Exception: Error while creating/updating container file. ContainerID: 1606332866, container path: /tmp/junit2979135997699041939/74f8e19d-d996-4bf0-8979-03d720a9507a/hdds/849bf13e-9f48-4dae-a869-579bf3664d9c/current/containerDir88/1606332866/metadata/1606332866.container Temporary file could not be created.
	at org.apache.hadoop.ozone.container.common.impl.HddsDispatcher.dispatchRequest(HddsDispatcher.java:389) ~[classes/:?]
	at org.apache.hadoop.ozone.container.common.impl.HddsDispatcher.lambda$dispatch$0(HddsDispatcher.java:171) ~[classes/:?]
	at org.apache.hadoop.hdds.server.OzoneProtocolMessageDispatcher.processRequest(OzoneProtocolMessageDispatcher.java:87) ~[classes/:?]
	at org.apache.hadoop.ozone.container.common.impl.HddsDispatcher.dispatch(HddsDispatcher.java:170) ~[classes/:?]
	at org.apache.hadoop.ozone.container.upgrade.TestDatanodeUpgradeToScmHA.dispatchRequest(TestDatanodeUpgradeToScmHA.java:692) ~[test-classes/:?]
	at org.apache.hadoop.ozone.container.upgrade.TestDatanodeUpgradeToScmHA.closeContainer(TestDatanodeUpgradeToScmHA.java:644) ~[test-classes/:?]
	at org.apache.hadoop.ozone.container.upgrade.TestDatanodeUpgradeToScmHA.testFailedVolumeDuringFinalization(TestDatanodeUpgradeToScmHA.java:261) ~[test-classes/:?]
	at sun.reflect.NativeMethodAccessorImpl.invoke0(Native Method) ~[?:1.8.0_362]
	at sun.reflect.NativeMethodAccessorImpl.invoke(NativeMethodAccessorImpl.java:62) ~[?:1.8.0_362]
	at sun.reflect.DelegatingMethodAccessorImpl.invoke(DelegatingMethodAccessorImpl.java:43) ~[?:1.8.0_362]
	at java.lang.reflect.Method.invoke(Method.java:498) ~[?:1.8.0_362]
	at org.junit.runners.model.FrameworkMethod$1.runReflectiveCall(FrameworkMethod.java:59) ~[junit-4.13.1.jar:4.13.1]
	at org.junit.internal.runners.model.ReflectiveCallable.run(ReflectiveCallable.java:12) ~[junit-4.13.1.jar:4.13.1]
	at org.junit.runners.model.FrameworkMethod.invokeExplosively(FrameworkMethod.java:56) ~[junit-4.13.1.jar:4.13.1]
	at org.junit.internal.runners.statements.InvokeMethod.evaluate(InvokeMethod.java:17) ~[junit-4.13.1.jar:4.13.1]
	at org.junit.internal.runners.statements.RunBefores.evaluate(RunBefores.java:26) ~[junit-4.13.1.jar:4.13.1]
	at org.junit.internal.runners.statements.RunAfters.evaluate(RunAfters.java:27) ~[junit-4.13.1.jar:4.13.1]
	at org.junit.runners.ParentRunner$3.evaluate(ParentRunner.java:306) ~[junit-4.13.1.jar:4.13.1]
	at org.junit.runners.BlockJUnit4ClassRunner$1.evaluate(BlockJUnit4ClassRunner.java:100) ~[junit-4.13.1.jar:4.13.1]
	at org.junit.runners.ParentRunner.runLeaf(ParentRunner.java:366) ~[junit-4.13.1.jar:4.13.1]
	at org.junit.runners.BlockJUnit4ClassRunner.runChild(BlockJUnit4ClassRunner.java:103) ~[junit-4.13.1.jar:4.13.1]
	at org.junit.runners.BlockJUnit4ClassRunner.runChild(BlockJUnit4ClassRunner.java:63) ~[junit-4.13.1.jar:4.13.1]
	at org.junit.runners.ParentRunner$4.run(ParentRunner.java:331) ~[junit-4.13.1.jar:4.13.1]
	at org.junit.runners.ParentRunner$1.schedule(ParentRunner.java:79) ~[junit-4.13.1.jar:4.13.1]
	at org.junit.runners.ParentRunner.runChildren(ParentRunner.java:329) ~[junit-4.13.1.jar:4.13.1]
	at org.junit.runners.ParentRunner.access$100(ParentRunner.java:66) ~[junit-4.13.1.jar:4.13.1]
	at org.junit.runners.ParentRunner$2.evaluate(ParentRunner.java:293) ~[junit-4.13.1.jar:4.13.1]
	at org.junit.runners.ParentRunner.run(ParentRunner.java:413) ~[junit-4.13.1.jar:4.13.1]
	at org.junit.runners.Suite.runChild(Suite.java:128) ~[junit-4.13.1.jar:4.13.1]
	at org.junit.runners.Suite.runChild(Suite.java:27) ~[junit-4.13.1.jar:4.13.1]
	at org.junit.runners.ParentRunner$4.run(ParentRunner.java:331) ~[junit-4.13.1.jar:4.13.1]
	at org.junit.runners.ParentRunner$1.schedule(ParentRunner.java:79) ~[junit-4.13.1.jar:4.13.1]
	at org.junit.runners.ParentRunner.runChildren(ParentRunner.java:329) ~[junit-4.13.1.jar:4.13.1]
	at org.junit.runners.ParentRunner.access$100(ParentRunner.java:66) ~[junit-4.13.1.jar:4.13.1]
	at org.junit.runners.ParentRunner$2.evaluate(ParentRunner.java:293) ~[junit-4.13.1.jar:4.13.1]
	at org.junit.runners.ParentRunner$3.evaluate(ParentRunner.java:306) ~[junit-4.13.1.jar:4.13.1]
	at org.junit.runners.ParentRunner.run(ParentRunner.java:413) ~[junit-4.13.1.jar:4.13.1]
	at org.junit.runner.JUnitCore.run(JUnitCore.java:137) ~[junit-4.13.1.jar:4.13.1]
	at org.junit.runner.JUnitCore.run(JUnitCore.java:115) ~[junit-4.13.1.jar:4.13.1]
	at org.junit.vintage.engine.execution.RunnerExecutor.execute(RunnerExecutor.java:42) ~[junit-vintage-engine-5.8.2.jar:5.8.2]
	at org.junit.vintage.engine.VintageTestEngine.executeAllChildren(VintageTestEngine.java:80) ~[junit-vintage-engine-5.8.2.jar:5.8.2]
	at org.junit.vintage.engine.VintageTestEngine.execute(VintageTestEngine.java:72) ~[junit-vintage-engine-5.8.2.jar:5.8.2]
	at org.junit.platform.launcher.core.EngineExecutionOrchestrator.execute(EngineExecutionOrchestrator.java:107) ~[junit-platform-launcher-1.8.2.jar:1.8.2]
	at org.junit.platform.launcher.core.EngineExecutionOrchestrator.execute(EngineExecutionOrchestrator.java:88) ~[junit-platform-launcher-1.8.2.jar:1.8.2]
	at org.junit.platform.launcher.core.EngineExecutionOrchestrator.lambda$execute$0(EngineExecutionOrchestrator.java:54) ~[junit-platform-launcher-1.8.2.jar:1.8.2]
	at org.junit.platform.launcher.core.EngineExecutionOrchestrator.withInterceptedStreams(EngineExecutionOrchestrator.java:67) [junit-platform-launcher-1.8.2.jar:1.8.2]
	at org.junit.platform.launcher.core.EngineExecutionOrchestrator.execute(EngineExecutionOrchestrator.java:52) [junit-platform-launcher-1.8.2.jar:1.8.2]
	at org.junit.platform.launcher.core.DefaultLauncher.execute(DefaultLauncher.java:114) [junit-platform-launcher-1.8.2.jar:1.8.2]
	at org.junit.platform.launcher.core.DefaultLauncher.execute(DefaultLauncher.java:86) [junit-platform-launcher-1.8.2.jar:1.8.2]
	at org.junit.platform.launcher.core.DefaultLauncherSession$DelegatingLauncher.execute(DefaultLauncherSession.java:86) [junit-platform-launcher-1.8.2.jar:1.8.2]
	at org.junit.platform.launcher.core.SessionPerRequestLauncher.execute(SessionPerRequestLauncher.java:53) [junit-platform-launcher-1.8.2.jar:1.8.2]
	at org.apache.maven.surefire.junitplatform.JUnitPlatformProvider.execute(JUnitPlatformProvider.java:188) [surefire-junit-platform-3.0.0-M5.jar:3.0.0-M5]
	at org.apache.maven.surefire.junitplatform.JUnitPlatformProvider.invokeAllTests(JUnitPlatformProvider.java:154) [surefire-junit-platform-3.0.0-M5.jar:3.0.0-M5]
	at org.apache.maven.surefire.junitplatform.JUnitPlatformProvider.invoke(JUnitPlatformProvider.java:124) [surefire-junit-platform-3.0.0-M5.jar:3.0.0-M5]
	at org.apache.maven.surefire.booter.ForkedBooter.runSuitesInProcess(ForkedBooter.java:428) [surefire-booter-3.0.0-M5.jar:3.0.0-M5]
	at org.apache.maven.surefire.booter.ForkedBooter.execute(ForkedBooter.java:162) [surefire-booter-3.0.0-M5.jar:3.0.0-M5]
	at org.apache.maven.surefire.booter.ForkedBooter.run(ForkedBooter.java:562) [surefire-booter-3.0.0-M5.jar:3.0.0-M5]
	at org.apache.maven.surefire.booter.ForkedBooter.main(ForkedBooter.java:548) [surefire-booter-3.0.0-M5.jar:3.0.0-M5]
2023-03-29 20:39:01,854 [Listener at localhost/41569] INFO  upgrade.UpgradeFinalizer (BasicUpgradeFinalizer.java:logAndEmit(389)) - Finalization started.
2023-03-29 20:39:01,854 [Listener at localhost/41569] INFO  upgrade.UpgradeFinalizer (BasicUpgradeFinalizer.java:runFinalizationAction(264)) - Running finalization actions for layout feature: DATANODE_SCHEMA_V2
2023-03-29 20:39:01,854 [Listener at localhost/41569] INFO  upgrade.DatanodeSchemaV2FinalizeAction (DatanodeSchemaV2FinalizeAction.java:execute(44)) - Executing datanode 'onFinalize' action for the first version with upgrade support. New containers will be created with Schema Version 2 henceforth.
2023-03-29 20:39:01,856 [Listener at localhost/41569] INFO  upgrade.AbstractLayoutVersionManager (AbstractLayoutVersionManager.java:finalized(127)) - Layout feature DATANODE_SCHEMA_V2 has been finalized.
2023-03-29 20:39:01,856 [Listener at localhost/41569] INFO  upgrade.UpgradeFinalizer (BasicUpgradeFinalizer.java:runFinalizationAction(264)) - Running finalization actions for layout feature: SCM_HA
2023-03-29 20:39:01,856 [Listener at localhost/41569] INFO  upgrade.ScmHAFinalizeUpgradeActionDatanode (ScmHAFinalizeUpgradeActionDatanode.java:execute(52)) - Upgrading Datanode volume layout for SCM HA support.
2023-03-29 20:39:01,856 [Listener at localhost/41569] ERROR upgrade.ScmHAFinalizeUpgradeActionDatanode (ScmHAFinalizeUpgradeActionDatanode.java:upgradeVolume(83)) - IO error for the volume /tmp/junit2979135997699041939/74f8e19d-d996-4bf0-8979-03d720a9507a/hdds. Unable to process it for finalizing layout for SCM HAsupport. Formatting will be retried on datanode restart.
2023-03-29 20:39:01,857 [Listener at localhost/41569] INFO  volume.MutableVolumeSet (MutableVolumeSet.java:failVolume(384)) - Moving Volume : /tmp/junit2979135997699041939/74f8e19d-d996-4bf0-8979-03d720a9507a/hdds to failed Volumes
2023-03-29 20:39:01,859 [Listener at localhost/41569] INFO  upgrade.AbstractLayoutVersionManager (AbstractLayoutVersionManager.java:finalized(127)) - Layout feature SCM_HA has been finalized.
2023-03-29 20:39:01,859 [Listener at localhost/41569] INFO  upgrade.UpgradeFinalizer (BasicUpgradeFinalizer.java:logAndEmit(389)) - No onFinalize work defined for feature: ERASURE_CODED_STORAGE_SUPPORT.
2023-03-29 20:39:01,860 [Listener at localhost/41569] INFO  upgrade.AbstractLayoutVersionManager (AbstractLayoutVersionManager.java:finalized(127)) - Layout feature ERASURE_CODED_STORAGE_SUPPORT has been finalized.
2023-03-29 20:39:01,860 [Listener at localhost/41569] INFO  upgrade.UpgradeFinalizer (BasicUpgradeFinalizer.java:runFinalizationAction(264)) - Running finalization actions for layout feature: DATANODE_SCHEMA_V3
2023-03-29 20:39:01,860 [Listener at localhost/41569] INFO  upgrade.DatanodeSchemaV3FinalizeAction (DatanodeSchemaV3FinalizeAction.java:execute(50)) - Upgrading Datanode volume layout for Schema V3 support.
2023-03-29 20:39:01,861 [Listener at localhost/41569] INFO  upgrade.AbstractLayoutVersionManager (AbstractLayoutVersionManager.java:finalized(127)) - Layout feature DATANODE_SCHEMA_V3 has been finalized.
2023-03-29 20:39:01,861 [Listener at localhost/41569] INFO  upgrade.AbstractLayoutVersionManager (AbstractLayoutVersionManager.java:finalized(129)) - Finalization is complete.
2023-03-29 20:39:01,861 [Listener at localhost/41569] INFO  upgrade.UpgradeFinalizer (BasicUpgradeFinalizer.java:logAndEmit(389)) - Finalization is done.
2023-03-29 20:39:01,862 [Listener at localhost/41569] WARN  keyvalue.KeyValueHandler (KeyValueHandler.java:checkContainerIsHealthy(763)) - ReadChunk request conID: 1606332866 locID: 1680122341753 bcsId: 0 for UNHEALTHY container 1606332866 replica
2023-03-29 20:39:01,863 [Listener at localhost/41569] INFO  ozoneimpl.OzoneContainer (OzoneContainer.java:stop(419)) - Attempting to stop container services.
2023-03-29 20:39:01,864 [Listener at localhost/41569] INFO  server.RaftServer (RaftServerProxy.java:lambda$close$6(409)) - af6c477a-9636-4102-b762-c6763d45436e: close
2023-03-29 20:39:01,864 [Listener at localhost/41569] INFO  server.GrpcService (GrpcService.java:closeImpl(271)) - af6c477a-9636-4102-b762-c6763d45436e: shutdown server GrpcServerProtocolService now
2023-03-29 20:39:01,869 [Listener at localhost/41569] INFO  server.GrpcService (GrpcService.java:closeImpl(280)) - af6c477a-9636-4102-b762-c6763d45436e: shutdown server GrpcServerProtocolService successfully
2023-03-29 20:39:01,869 [JvmPauseMonitor6] INFO  util.JvmPauseMonitor (JvmPauseMonitor.java:run(111)) - JvmPauseMonitor-af6c477a-9636-4102-b762-c6763d45436e: Stopped
2023-03-29 20:39:03,877 [Listener at localhost/41569] INFO  utils.BackgroundService (BackgroundService.java:shutdown(141)) - Shutting down service BlockDeletingService
2023-03-29 20:39:03,878 [Listener at localhost/41569] INFO  utils.BackgroundService (BackgroundService.java:shutdown(141)) - Shutting down service StaleRecoveringContainerScrubbingService
2023-03-29 20:39:03,879 [Listener at localhost/41569] INFO  upgrade.AbstractLayoutVersionManager (AbstractLayoutVersionManager.java:init(83)) - Initializing Layout version manager with metadata layout = DATANODE_SCHEMA_V3 (version = 4), software layout = DATANODE_SCHEMA_V3 (version = 4)
2023-03-29 20:39:03,911 [Listener at localhost/41569] INFO  reflections.Reflections (Reflections.java:scan(232)) - Reflections took 31 ms to scan 4 urls, producing 125 keys and 293 values 
2023-03-29 20:39:03,914 [Listener at localhost/41569] INFO  statemachine.DatanodeStateMachine (DatanodeStateMachine.java:getEndPointTaskThreadPoolSize(260)) - Datanode State Machine Task Thread Pool size 2
2023-03-29 20:39:03,915 [Listener at localhost/41569] INFO  volume.HddsVolume (HddsVolume.java:<init>(130)) - Creating HddsVolume: /tmp/junit2979135997699041939/74f8e19d-d996-4bf0-8979-03d720a9507a/hdds of storage type : DISK capacity : 9223372036854775807
2023-03-29 20:39:03,915 [Listener at localhost/41569] INFO  volume.MutableVolumeSet (MutableVolumeSet.java:initializeVolumeSet(175)) - Added Volume : /tmp/junit2979135997699041939/74f8e19d-d996-4bf0-8979-03d720a9507a/hdds to VolumeSet
2023-03-29 20:39:03,915 [Listener at localhost/41569] INFO  volume.ThrottledAsyncChecker (ThrottledAsyncChecker.java:schedule(141)) - Scheduling a check for /tmp/junit2979135997699041939/74f8e19d-d996-4bf0-8979-03d720a9507a/hdds
2023-03-29 20:39:03,916 [Listener at localhost/41569] INFO  volume.StorageVolumeChecker (StorageVolumeChecker.java:checkAllVolumes(202)) - Scheduled health check for volume /tmp/junit2979135997699041939/74f8e19d-d996-4bf0-8979-03d720a9507a/hdds
2023-03-29 20:39:03,925 [Listener at localhost/41569] WARN  server.ServerUtils (ServerUtils.java:getDefaultRatisDirectory(237)) - Storage directory for Ratis is not configured. It is a good idea to map this to an SSD disk. Falling back to ozone.metadata.dirs
2023-03-29 20:39:03,925 [Listener at localhost/41569] INFO  volume.MutableVolumeSet (MutableVolumeSet.java:initializeVolumeSet(175)) - Added Volume : /tmp/junit2979135997699041939/ratis to VolumeSet
2023-03-29 20:39:03,925 [Listener at localhost/41569] INFO  volume.ThrottledAsyncChecker (ThrottledAsyncChecker.java:schedule(141)) - Scheduling a check for /tmp/junit2979135997699041939/ratis
2023-03-29 20:39:03,925 [Listener at localhost/41569] INFO  volume.StorageVolumeChecker (StorageVolumeChecker.java:checkAllVolumes(202)) - Scheduled health check for volume /tmp/junit2979135997699041939/ratis
2023-03-29 20:39:03,932 [Listener at localhost/41569] ERROR ozoneimpl.OzoneContainer (HddsVolumeUtil.java:loadAllHddsVolumeDbStore(96)) - Load db store for HddsVolume /tmp/junit2979135997699041939/74f8e19d-d996-4bf0-8979-03d720a9507a/hdds failed
java.io.IOException: Working dir /tmp/junit2979135997699041939/74f8e19d-d996-4bf0-8979-03d720a9507a/hdds/clusterID not created for HddsVolume: /tmp/junit2979135997699041939/74f8e19d-d996-4bf0-8979-03d720a9507a/hdds
	at org.apache.hadoop.ozone.container.common.volume.HddsVolume.loadDbStore(HddsVolume.java:278)
	at org.apache.hadoop.ozone.container.common.utils.HddsVolumeUtil.loadAllHddsVolumeDbStore(HddsVolumeUtil.java:92)
	at org.apache.hadoop.ozone.container.ozoneimpl.OzoneContainer.<init>(OzoneContainer.java:154)
	at org.apache.hadoop.ozone.container.common.statemachine.DatanodeStateMachine.<init>(DatanodeStateMachine.java:173)
	at org.apache.hadoop.ozone.container.upgrade.TestDatanodeUpgradeToScmHA.restartDatanode(TestDatanodeUpgradeToScmHA.java:537)
	at org.apache.hadoop.ozone.container.upgrade.TestDatanodeUpgradeToScmHA.testFailedVolumeDuringFinalization(TestDatanodeUpgradeToScmHA.java:295)
	at sun.reflect.NativeMethodAccessorImpl.invoke0(Native Method)
	at sun.reflect.NativeMethodAccessorImpl.invoke(NativeMethodAccessorImpl.java:62)
	at sun.reflect.DelegatingMethodAccessorImpl.invoke(DelegatingMethodAccessorImpl.java:43)
	at java.lang.reflect.Method.invoke(Method.java:498)
	at org.junit.runners.model.FrameworkMethod$1.runReflectiveCall(FrameworkMethod.java:59)
	at org.junit.internal.runners.model.ReflectiveCallable.run(ReflectiveCallable.java:12)
	at org.junit.runners.model.FrameworkMethod.invokeExplosively(FrameworkMethod.java:56)
	at org.junit.internal.runners.statements.InvokeMethod.evaluate(InvokeMethod.java:17)
	at org.junit.internal.runners.statements.RunBefores.evaluate(RunBefores.java:26)
	at org.junit.internal.runners.statements.RunAfters.evaluate(RunAfters.java:27)
	at org.junit.runners.ParentRunner$3.evaluate(ParentRunner.java:306)
	at org.junit.runners.BlockJUnit4ClassRunner$1.evaluate(BlockJUnit4ClassRunner.java:100)
	at org.junit.runners.ParentRunner.runLeaf(ParentRunner.java:366)
	at org.junit.runners.BlockJUnit4ClassRunner.runChild(BlockJUnit4ClassRunner.java:103)
	at org.junit.runners.BlockJUnit4ClassRunner.runChild(BlockJUnit4ClassRunner.java:63)
	at org.junit.runners.ParentRunner$4.run(ParentRunner.java:331)
	at org.junit.runners.ParentRunner$1.schedule(ParentRunner.java:79)
	at org.junit.runners.ParentRunner.runChildren(ParentRunner.java:329)
	at org.junit.runners.ParentRunner.access$100(ParentRunner.java:66)
	at org.junit.runners.ParentRunner$2.evaluate(ParentRunner.java:293)
	at org.junit.runners.ParentRunner.run(ParentRunner.java:413)
	at org.junit.runners.Suite.runChild(Suite.java:128)
	at org.junit.runners.Suite.runChild(Suite.java:27)
	at org.junit.runners.ParentRunner$4.run(ParentRunner.java:331)
	at org.junit.runners.ParentRunner$1.schedule(ParentRunner.java:79)
	at org.junit.runners.ParentRunner.runChildren(ParentRunner.java:329)
	at org.junit.runners.ParentRunner.access$100(ParentRunner.java:66)
	at org.junit.runners.ParentRunner$2.evaluate(ParentRunner.java:293)
	at org.junit.runners.ParentRunner$3.evaluate(ParentRunner.java:306)
	at org.junit.runners.ParentRunner.run(ParentRunner.java:413)
	at org.junit.runner.JUnitCore.run(JUnitCore.java:137)
	at org.junit.runner.JUnitCore.run(JUnitCore.java:115)
	at org.junit.vintage.engine.execution.RunnerExecutor.execute(RunnerExecutor.java:42)
	at org.junit.vintage.engine.VintageTestEngine.executeAllChildren(VintageTestEngine.java:80)
	at org.junit.vintage.engine.VintageTestEngine.execute(VintageTestEngine.java:72)
	at org.junit.platform.launcher.core.EngineExecutionOrchestrator.execute(EngineExecutionOrchestrator.java:107)
	at org.junit.platform.launcher.core.EngineExecutionOrchestrator.execute(EngineExecutionOrchestrator.java:88)
	at org.junit.platform.launcher.core.EngineExecutionOrchestrator.lambda$execute$0(EngineExecutionOrchestrator.java:54)
	at org.junit.platform.launcher.core.EngineExecutionOrchestrator.withInterceptedStreams(EngineExecutionOrchestrator.java:67)
	at org.junit.platform.launcher.core.EngineExecutionOrchestrator.execute(EngineExecutionOrchestrator.java:52)
	at org.junit.platform.launcher.core.DefaultLauncher.execute(DefaultLauncher.java:114)
	at org.junit.platform.launcher.core.DefaultLauncher.execute(DefaultLauncher.java:86)
	at org.junit.platform.launcher.core.DefaultLauncherSession$DelegatingLauncher.execute(DefaultLauncherSession.java:86)
	at org.junit.platform.launcher.core.SessionPerRequestLauncher.execute(SessionPerRequestLauncher.java:53)
	at org.apache.maven.surefire.junitplatform.JUnitPlatformProvider.execute(JUnitPlatformProvider.java:188)
	at org.apache.maven.surefire.junitplatform.JUnitPlatformProvider.invokeAllTests(JUnitPlatformProvider.java:154)
	at org.apache.maven.surefire.junitplatform.JUnitPlatformProvider.invoke(JUnitPlatformProvider.java:124)
	at org.apache.maven.surefire.booter.ForkedBooter.runSuitesInProcess(ForkedBooter.java:428)
	at org.apache.maven.surefire.booter.ForkedBooter.execute(ForkedBooter.java:162)
	at org.apache.maven.surefire.booter.ForkedBooter.run(ForkedBooter.java:562)
	at org.apache.maven.surefire.booter.ForkedBooter.main(ForkedBooter.java:548)
2023-03-29 20:39:03,933 [Thread-123] INFO  ozoneimpl.ContainerReader (ContainerReader.java:readVolume(145)) - Start to verify containers on volume /tmp/junit2979135997699041939/74f8e19d-d996-4bf0-8979-03d720a9507a/hdds
2023-03-29 20:39:03,944 [Thread-123] INFO  ozoneimpl.ContainerReader (ContainerReader.java:readVolume(175)) - Finish verifying containers on volume /tmp/junit2979135997699041939/74f8e19d-d996-4bf0-8979-03d720a9507a/hdds
2023-03-29 20:39:03,944 [Listener at localhost/41569] INFO  ozoneimpl.OzoneContainer (OzoneContainer.java:buildContainerSet(303)) - Build ContainerSet costs 0s
2023-03-29 20:39:03,945 [Listener at localhost/41569] WARN  server.ServerUtils (ServerUtils.java:getDefaultRatisDirectory(237)) - Storage directory for Ratis is not configured. It is a good idea to map this to an SSD disk. Falling back to ozone.metadata.dirs
2023-03-29 20:39:03,946 [Listener at localhost/41569] INFO  server.RaftServer (ConfUtils.java:logGet(46)) - raft.rpc.type = GRPC (default)
2023-03-29 20:39:03,946 [Listener at localhost/41569] INFO  grpc.GrpcConfigKeys (ConfUtils.java:logFallback(53)) - raft.grpc.admin.host = null (fallback to raft.grpc.server.host)
2023-03-29 20:39:03,946 [Listener at localhost/41569] INFO  grpc.GrpcConfigKeys (ConfUtils.java:logGet(46)) - raft.grpc.admin.port = 9858 (custom)
2023-03-29 20:39:03,947 [Listener at localhost/41569] INFO  grpc.GrpcConfigKeys (ConfUtils.java:logFallback(53)) - raft.grpc.client.host = null (fallback to raft.grpc.server.host)
2023-03-29 20:39:03,947 [Listener at localhost/41569] INFO  grpc.GrpcConfigKeys (ConfUtils.java:logGet(46)) - raft.grpc.client.port = 9858 (custom)
2023-03-29 20:39:03,947 [Listener at localhost/41569] INFO  grpc.GrpcConfigKeys (ConfUtils.java:logGet(46)) - raft.grpc.server.host = null (default)
2023-03-29 20:39:03,947 [Listener at localhost/41569] INFO  grpc.GrpcConfigKeys (ConfUtils.java:logGet(46)) - raft.grpc.server.port = 9858 (custom)
2023-03-29 20:39:03,947 [Listener at localhost/41569] INFO  server.GrpcService (ConfUtils.java:logGet(46)) - raft.grpc.message.size.max = 32MB (=33554432) (custom)
2023-03-29 20:39:03,947 [Listener at localhost/41569] INFO  server.RaftServerConfigKeys (ConfUtils.java:logGet(46)) - raft.server.log.appender.buffer.byte-limit = 33554432 (custom)
2023-03-29 20:39:03,947 [Listener at localhost/41569] INFO  server.GrpcService (ConfUtils.java:logGet(46)) - raft.grpc.flow.control.window = 5MB (=5242880) (custom)
2023-03-29 20:39:03,947 [Listener at localhost/41569] INFO  server.RaftServerConfigKeys (ConfUtils.java:logGet(46)) - raft.server.rpc.request.timeout = 60s (custom)
2023-03-29 20:39:03,947 [Listener at localhost/41569] INFO  grpc.GrpcConfigKeys (ConfUtils.java:logGet(46)) - raft.grpc.server.heartbeat.channel = true (default)
2023-03-29 20:39:03,948 [Listener at localhost/41569] INFO  grpc.GrpcConfigKeys (ConfUtils.java:logGet(46)) - raft.grpc.server.async.request.thread.pool.cached = true (default)
2023-03-29 20:39:03,948 [Listener at localhost/41569] INFO  grpc.GrpcConfigKeys (ConfUtils.java:logGet(46)) - raft.grpc.server.async.request.thread.pool.size = 32 (default)
2023-03-29 20:39:03,951 [Listener at localhost/41569] INFO  impl.DataStreamServerImpl (ConfUtils.java:logGet(46)) - raft.datastream.type = DISABLED (default)
2023-03-29 20:39:03,951 [Listener at localhost/41569] INFO  server.RaftServerConfigKeys (ConfUtils.java:logGet(46)) - raft.server.threadpool.proxy.cached = true (default)
2023-03-29 20:39:03,951 [Listener at localhost/41569] INFO  server.RaftServerConfigKeys (ConfUtils.java:logGet(46)) - raft.server.threadpool.proxy.size = 0 (default)
2023-03-29 20:39:03,951 [Listener at localhost/41569] INFO  server.RaftServerConfigKeys (ConfUtils.java:logGet(46)) - raft.server.rpc.slowness.timeout = 300s (custom)
2023-03-29 20:39:03,951 [Listener at localhost/41569] INFO  server.RaftServerConfigKeys (ConfUtils.java:logGet(46)) - raft.server.leaderelection.leader.step-down.wait-time = 10s (default)
2023-03-29 20:39:03,951 [Listener at localhost/41569] INFO  server.RaftServerConfigKeys (ConfUtils.java:logGet(46)) - raft.server.storage.dir = [/tmp/junit2979135997699041939/ratis] (custom)
2023-03-29 20:39:03,954 [Listener at localhost/41569] INFO  server.XceiverServerGrpc (XceiverServerGrpc.java:<init>(132)) - GrpcServer channel type EpollServerSocketChannel
2023-03-29 20:39:03,967 [Listener at localhost/41569] INFO  upgrade.ScmHAFinalizeUpgradeActionDatanode (ScmHAFinalizeUpgradeActionDatanode.java:upgradeVolume(98)) - Creating symlink /tmp/junit2979135997699041939/74f8e19d-d996-4bf0-8979-03d720a9507a/hdds/clusterID -> 849bf13e-9f48-4dae-a869-579bf3664d9c as part of SCM HA finalization for datanode.
2023-03-29 20:39:03,968 [Listener at localhost/41569] INFO  ozoneimpl.OzoneContainer (OzoneContainer.java:start(397)) - Attempting to start container services.
2023-03-29 20:39:03,968 [Listener at localhost/41569] INFO  ozoneimpl.OzoneContainer (OzoneContainer.java:startContainerScrub(314)) - Scheduled background container scanners and the on-demand container scanner have been disabled.
2023-03-29 20:39:03,972 [Listener at localhost/41569] INFO  replication.ReplicationServer (ReplicationServer.java:start(109)) - ReplicationServer is started using port 9886
2023-03-29 20:39:03,972 [Listener at localhost/41569] INFO  ratis.XceiverServerRatis (XceiverServerRatis.java:start(517)) - Starting XceiverServerRatis af6c477a-9636-4102-b762-c6763d45436e
2023-03-29 20:39:03,979 [Listener at localhost/41569] INFO  server.RaftServer (RaftServerProxy.java:startImpl(393)) - af6c477a-9636-4102-b762-c6763d45436e: start RPC server
2023-03-29 20:39:03,984 [Listener at localhost/41569] INFO  server.GrpcService (GrpcService.java:startImpl(262)) - af6c477a-9636-4102-b762-c6763d45436e: GrpcService started, listening on 9858
2023-03-29 20:39:03,984 [Listener at localhost/41569] INFO  ratis.XceiverServerRatis (XceiverServerRatis.java:getRealPort(543)) - XceiverServerRatis af6c477a-9636-4102-b762-c6763d45436e is started using port 9858 for RATIS
2023-03-29 20:39:03,985 [Listener at localhost/41569] INFO  ratis.XceiverServerRatis (XceiverServerRatis.java:getRealPort(543)) - XceiverServerRatis af6c477a-9636-4102-b762-c6763d45436e is started using port 9858 for RATIS_ADMIN
2023-03-29 20:39:03,985 [Listener at localhost/41569] INFO  ratis.XceiverServerRatis (XceiverServerRatis.java:getRealPort(543)) - XceiverServerRatis af6c477a-9636-4102-b762-c6763d45436e is started using port 9858 for RATIS_SERVER
2023-03-29 20:39:03,985 [JvmPauseMonitor7] INFO  util.JvmPauseMonitor (JvmPauseMonitor.java:run(105)) - JvmPauseMonitor-af6c477a-9636-4102-b762-c6763d45436e: Started
2023-03-29 20:39:03,991 [BlockDeletingService#0] INFO  interfaces.ContainerDeletionChoosingPolicyTemplate (ContainerDeletionChoosingPolicyTemplate.java:chooseContainerForBlockDeletion(83)) - Chosen 0/5000 blocks from 0 candidate containers.
2023-03-29 20:39:04,037 [Listener at localhost/41569] INFO  ipc.Server (Server.java:stop(3428)) - Stopping server on 41569
2023-03-29 20:39:04,038 [IPC Server listener on 41569] INFO  ipc.Server (Server.java:run(1384)) - Stopping IPC Server listener on 41569
2023-03-29 20:39:04,039 [IPC Server Responder] INFO  ipc.Server (Server.java:run(1517)) - Stopping IPC Server Responder
2023-03-29 20:39:04,039 [Listener at localhost/41569] INFO  ozoneimpl.OzoneContainer (OzoneContainer.java:stop(419)) - Attempting to stop container services.
2023-03-29 20:39:04,040 [Listener at localhost/41569] INFO  server.RaftServer (RaftServerProxy.java:lambda$close$6(409)) - af6c477a-9636-4102-b762-c6763d45436e: close
2023-03-29 20:39:04,040 [Listener at localhost/41569] INFO  server.GrpcService (GrpcService.java:closeImpl(271)) - af6c477a-9636-4102-b762-c6763d45436e: shutdown server GrpcServerProtocolService now
2023-03-29 20:39:04,042 [Listener at localhost/41569] INFO  server.GrpcService (GrpcService.java:closeImpl(280)) - af6c477a-9636-4102-b762-c6763d45436e: shutdown server GrpcServerProtocolService successfully
2023-03-29 20:39:04,042 [JvmPauseMonitor7] INFO  util.JvmPauseMonitor (JvmPauseMonitor.java:run(111)) - JvmPauseMonitor-af6c477a-9636-4102-b762-c6763d45436e: Stopped
2023-03-29 20:39:06,054 [Listener at localhost/41569] INFO  utils.BackgroundService (BackgroundService.java:shutdown(141)) - Shutting down service BlockDeletingService
2023-03-29 20:39:06,054 [Listener at localhost/41569] INFO  utils.BackgroundService (BackgroundService.java:shutdown(141)) - Shutting down service StaleRecoveringContainerScrubbingService
]]></system-out>
  </testcase>
  <testcase name="testFailedVolumeDuringFinalization" classname="TestDatanodeUpgradeToScmHA" time="4.303">
    <system-out><![CDATA[2023-03-29 20:39:19,179 [Listener at localhost/42953] INFO  ipc.CallQueueManager (CallQueueManager.java:<init>(90)) - Using callQueue: class java.util.concurrent.LinkedBlockingQueue, queueCapacity: 1000, scheduler: class org.apache.hadoop.ipc.DefaultRpcScheduler, ipcBackoff: false.
2023-03-29 20:39:19,180 [Socket Reader #1 for port 36593] INFO  ipc.Server (Server.java:run(1273)) - Starting Socket Reader #1 for port 36593
2023-03-29 20:39:19,181 [IPC Server Responder] INFO  ipc.Server (Server.java:run(1512)) - IPC Server Responder: starting
2023-03-29 20:39:19,183 [IPC Server listener on 36593] INFO  ipc.Server (Server.java:run(1352)) - IPC Server listener on 36593: starting
2023-03-29 20:39:19,186 [Listener at localhost/36593] INFO  upgrade.AbstractLayoutVersionManager (AbstractLayoutVersionManager.java:init(83)) - Initializing Layout version manager with metadata layout = INITIAL_VERSION (version = 0), software layout = DATANODE_SCHEMA_V3 (version = 4)
2023-03-29 20:39:19,213 [Listener at localhost/36593] INFO  reflections.Reflections (Reflections.java:scan(232)) - Reflections took 26 ms to scan 4 urls, producing 125 keys and 293 values 
2023-03-29 20:39:19,214 [Listener at localhost/36593] INFO  upgrade.HDDSLayoutVersionManager (HDDSLayoutVersionManager.java:lambda$registerUpgradeActions$0(76)) - Registering Upgrade Action : DatanodeSchemaV3FinalizeAction
2023-03-29 20:39:19,214 [Listener at localhost/36593] INFO  upgrade.HDDSLayoutVersionManager (HDDSLayoutVersionManager.java:lambda$registerUpgradeActions$0(76)) - Registering Upgrade Action : ScmHAFinalizeUpgradeActionDatanode
2023-03-29 20:39:19,214 [Listener at localhost/36593] INFO  upgrade.HDDSLayoutVersionManager (HDDSLayoutVersionManager.java:lambda$registerUpgradeActions$0(76)) - Registering Upgrade Action : DatanodeSchemaV2FinalizeAction
2023-03-29 20:39:19,214 [Listener at localhost/36593] INFO  statemachine.DatanodeStateMachine (DatanodeStateMachine.java:getEndPointTaskThreadPoolSize(260)) - Datanode State Machine Task Thread Pool size 2
2023-03-29 20:39:19,216 [Listener at localhost/36593] INFO  volume.HddsVolume (HddsVolume.java:<init>(130)) - Creating HddsVolume: /tmp/junit6399624798645471556/dd40544f-be2a-4b4b-aa8f-df23b035471e/hdds of storage type : DISK capacity : 9223372036854775807
2023-03-29 20:39:19,216 [Listener at localhost/36593] INFO  volume.MutableVolumeSet (MutableVolumeSet.java:initializeVolumeSet(175)) - Added Volume : /tmp/junit6399624798645471556/dd40544f-be2a-4b4b-aa8f-df23b035471e/hdds to VolumeSet
2023-03-29 20:39:19,216 [Listener at localhost/36593] INFO  volume.ThrottledAsyncChecker (ThrottledAsyncChecker.java:schedule(141)) - Scheduling a check for /tmp/junit6399624798645471556/dd40544f-be2a-4b4b-aa8f-df23b035471e/hdds
2023-03-29 20:39:19,216 [Listener at localhost/36593] INFO  volume.StorageVolumeChecker (StorageVolumeChecker.java:checkAllVolumes(202)) - Scheduled health check for volume /tmp/junit6399624798645471556/dd40544f-be2a-4b4b-aa8f-df23b035471e/hdds
2023-03-29 20:39:19,223 [Listener at localhost/36593] WARN  server.ServerUtils (ServerUtils.java:getDefaultRatisDirectory(237)) - Storage directory for Ratis is not configured. It is a good idea to map this to an SSD disk. Falling back to ozone.metadata.dirs
2023-03-29 20:39:19,223 [Listener at localhost/36593] INFO  volume.MutableVolumeSet (MutableVolumeSet.java:initializeVolumeSet(175)) - Added Volume : /tmp/junit6399624798645471556/ratis to VolumeSet
2023-03-29 20:39:19,223 [Listener at localhost/36593] INFO  volume.ThrottledAsyncChecker (ThrottledAsyncChecker.java:schedule(141)) - Scheduling a check for /tmp/junit6399624798645471556/ratis
2023-03-29 20:39:19,223 [Listener at localhost/36593] INFO  volume.StorageVolumeChecker (StorageVolumeChecker.java:checkAllVolumes(202)) - Scheduled health check for volume /tmp/junit6399624798645471556/ratis
2023-03-29 20:39:19,232 [Thread-241] INFO  ozoneimpl.ContainerReader (ContainerReader.java:readVolume(175)) - Finish verifying containers on volume /tmp/junit6399624798645471556/dd40544f-be2a-4b4b-aa8f-df23b035471e/hdds
2023-03-29 20:39:19,232 [Listener at localhost/36593] INFO  ozoneimpl.OzoneContainer (OzoneContainer.java:buildContainerSet(303)) - Build ContainerSet costs 0s
2023-03-29 20:39:19,233 [Listener at localhost/36593] WARN  server.ServerUtils (ServerUtils.java:getDefaultRatisDirectory(237)) - Storage directory for Ratis is not configured. It is a good idea to map this to an SSD disk. Falling back to ozone.metadata.dirs
2023-03-29 20:39:19,234 [Listener at localhost/36593] INFO  server.RaftServer (ConfUtils.java:logGet(46)) - raft.rpc.type = GRPC (default)
2023-03-29 20:39:19,234 [Listener at localhost/36593] INFO  grpc.GrpcConfigKeys (ConfUtils.java:logFallback(53)) - raft.grpc.admin.host = null (fallback to raft.grpc.server.host)
2023-03-29 20:39:19,235 [Listener at localhost/36593] INFO  grpc.GrpcConfigKeys (ConfUtils.java:logGet(46)) - raft.grpc.admin.port = 9858 (custom)
2023-03-29 20:39:19,235 [Listener at localhost/36593] INFO  grpc.GrpcConfigKeys (ConfUtils.java:logFallback(53)) - raft.grpc.client.host = null (fallback to raft.grpc.server.host)
2023-03-29 20:39:19,235 [Listener at localhost/36593] INFO  grpc.GrpcConfigKeys (ConfUtils.java:logGet(46)) - raft.grpc.client.port = 9858 (custom)
2023-03-29 20:39:19,235 [Listener at localhost/36593] INFO  grpc.GrpcConfigKeys (ConfUtils.java:logGet(46)) - raft.grpc.server.host = null (default)
2023-03-29 20:39:19,235 [Listener at localhost/36593] INFO  grpc.GrpcConfigKeys (ConfUtils.java:logGet(46)) - raft.grpc.server.port = 9858 (custom)
2023-03-29 20:39:19,235 [Listener at localhost/36593] INFO  server.GrpcService (ConfUtils.java:logGet(46)) - raft.grpc.message.size.max = 32MB (=33554432) (custom)
2023-03-29 20:39:19,235 [Listener at localhost/36593] INFO  server.RaftServerConfigKeys (ConfUtils.java:logGet(46)) - raft.server.log.appender.buffer.byte-limit = 33554432 (custom)
2023-03-29 20:39:19,235 [Listener at localhost/36593] INFO  server.GrpcService (ConfUtils.java:logGet(46)) - raft.grpc.flow.control.window = 5MB (=5242880) (custom)
2023-03-29 20:39:19,235 [Listener at localhost/36593] INFO  server.RaftServerConfigKeys (ConfUtils.java:logGet(46)) - raft.server.rpc.request.timeout = 60s (custom)
2023-03-29 20:39:19,235 [Listener at localhost/36593] INFO  grpc.GrpcConfigKeys (ConfUtils.java:logGet(46)) - raft.grpc.server.heartbeat.channel = true (default)
2023-03-29 20:39:19,236 [Listener at localhost/36593] INFO  grpc.GrpcConfigKeys (ConfUtils.java:logGet(46)) - raft.grpc.server.async.request.thread.pool.cached = true (default)
2023-03-29 20:39:19,236 [Listener at localhost/36593] INFO  grpc.GrpcConfigKeys (ConfUtils.java:logGet(46)) - raft.grpc.server.async.request.thread.pool.size = 32 (default)
2023-03-29 20:39:19,237 [Listener at localhost/36593] INFO  impl.DataStreamServerImpl (ConfUtils.java:logGet(46)) - raft.datastream.type = DISABLED (default)
2023-03-29 20:39:19,237 [Listener at localhost/36593] INFO  server.RaftServerConfigKeys (ConfUtils.java:logGet(46)) - raft.server.threadpool.proxy.cached = true (default)
2023-03-29 20:39:19,237 [Listener at localhost/36593] INFO  server.RaftServerConfigKeys (ConfUtils.java:logGet(46)) - raft.server.threadpool.proxy.size = 0 (default)
2023-03-29 20:39:19,237 [Listener at localhost/36593] INFO  server.RaftServerConfigKeys (ConfUtils.java:logGet(46)) - raft.server.rpc.slowness.timeout = 300s (custom)
2023-03-29 20:39:19,237 [Listener at localhost/36593] INFO  server.RaftServerConfigKeys (ConfUtils.java:logGet(46)) - raft.server.leaderelection.leader.step-down.wait-time = 10s (default)
2023-03-29 20:39:19,237 [Listener at localhost/36593] INFO  server.RaftServerConfigKeys (ConfUtils.java:logGet(46)) - raft.server.storage.dir = [/tmp/junit6399624798645471556/ratis] (custom)
2023-03-29 20:39:19,242 [Listener at localhost/36593] INFO  server.XceiverServerGrpc (XceiverServerGrpc.java:<init>(132)) - GrpcServer channel type EpollServerSocketChannel
2023-03-29 20:39:19,250 [Listener at localhost/36593] INFO  ozoneimpl.OzoneContainer (OzoneContainer.java:start(397)) - Attempting to start container services.
2023-03-29 20:39:19,250 [Listener at localhost/36593] INFO  ozoneimpl.OzoneContainer (OzoneContainer.java:startContainerScrub(314)) - Scheduled background container scanners and the on-demand container scanner have been disabled.
2023-03-29 20:39:19,252 [Listener at localhost/36593] INFO  replication.ReplicationServer (ReplicationServer.java:start(109)) - ReplicationServer is started using port 9886
2023-03-29 20:39:19,252 [Listener at localhost/36593] INFO  ratis.XceiverServerRatis (XceiverServerRatis.java:start(517)) - Starting XceiverServerRatis 4bdb4f05-a228-4ed1-9676-4085400f15d3
2023-03-29 20:39:19,253 [Listener at localhost/36593] INFO  server.RaftServer (RaftServerProxy.java:startImpl(393)) - 4bdb4f05-a228-4ed1-9676-4085400f15d3: start RPC server
2023-03-29 20:39:19,254 [Listener at localhost/36593] INFO  server.GrpcService (GrpcService.java:startImpl(262)) - 4bdb4f05-a228-4ed1-9676-4085400f15d3: GrpcService started, listening on 9858
2023-03-29 20:39:19,254 [Listener at localhost/36593] INFO  ratis.XceiverServerRatis (XceiverServerRatis.java:getRealPort(543)) - XceiverServerRatis 4bdb4f05-a228-4ed1-9676-4085400f15d3 is started using port 9858 for RATIS
2023-03-29 20:39:19,254 [JvmPauseMonitor14] INFO  util.JvmPauseMonitor (JvmPauseMonitor.java:run(105)) - JvmPauseMonitor-4bdb4f05-a228-4ed1-9676-4085400f15d3: Started
2023-03-29 20:39:19,254 [Listener at localhost/36593] INFO  ratis.XceiverServerRatis (XceiverServerRatis.java:getRealPort(543)) - XceiverServerRatis 4bdb4f05-a228-4ed1-9676-4085400f15d3 is started using port 9858 for RATIS_ADMIN
2023-03-29 20:39:19,255 [Listener at localhost/36593] INFO  ratis.XceiverServerRatis (XceiverServerRatis.java:getRealPort(543)) - XceiverServerRatis 4bdb4f05-a228-4ed1-9676-4085400f15d3 is started using port 9858 for RATIS_SERVER
2023-03-29 20:39:19,256 [BlockDeletingService#0] INFO  interfaces.ContainerDeletionChoosingPolicyTemplate (ContainerDeletionChoosingPolicyTemplate.java:chooseContainerForBlockDeletion(83)) - Chosen 0/5000 blocks from 0 candidate containers.
2023-03-29 20:39:19,281 [Listener at localhost/36593] INFO  keyvalue.KeyValueHandler (ContainerUtils.java:logAndReturnError(91)) - Operation: CloseContainer , Trace ID:  , Message: Error while creating/updating container file. ContainerID: 2033691083, container path: /tmp/junit6399624798645471556/dd40544f-be2a-4b4b-aa8f-df23b035471e/hdds/clusterID/current/containerDir212/2033691083/metadata/2033691083.container Temporary file could not be created. , Result: CONTAINER_FILES_CREATE_ERROR , StorageContainerException Occurred.
org.apache.hadoop.hdds.scm.container.common.helpers.StorageContainerException: Error while creating/updating container file. ContainerID: 2033691083, container path: /tmp/junit6399624798645471556/dd40544f-be2a-4b4b-aa8f-df23b035471e/hdds/clusterID/current/containerDir212/2033691083/metadata/2033691083.container Temporary file could not be created.
	at org.apache.hadoop.ozone.container.keyvalue.KeyValueContainer.writeToContainerFile(KeyValueContainer.java:270)
	at org.apache.hadoop.ozone.container.keyvalue.KeyValueContainer.updateContainerFile(KeyValueContainer.java:289)
	at org.apache.hadoop.ozone.container.keyvalue.KeyValueContainer.updateContainerData(KeyValueContainer.java:415)
	at org.apache.hadoop.ozone.container.keyvalue.KeyValueContainer.markContainerForClose(KeyValueContainer.java:327)
	at org.apache.hadoop.ozone.container.keyvalue.KeyValueHandler.markContainerForClose(KeyValueHandler.java:1071)
	at org.apache.hadoop.ozone.container.keyvalue.KeyValueHandler.handleCloseContainer(KeyValueHandler.java:507)
	at org.apache.hadoop.ozone.container.keyvalue.KeyValueHandler.dispatchRequest(KeyValueHandler.java:259)
	at org.apache.hadoop.ozone.container.keyvalue.KeyValueHandler.handle(KeyValueHandler.java:232)
	at org.apache.hadoop.ozone.container.common.impl.HddsDispatcher.dispatchRequest(HddsDispatcher.java:320)
	at org.apache.hadoop.ozone.container.common.impl.HddsDispatcher.lambda$dispatch$0(HddsDispatcher.java:171)
	at org.apache.hadoop.hdds.server.OzoneProtocolMessageDispatcher.processRequest(OzoneProtocolMessageDispatcher.java:87)
	at org.apache.hadoop.ozone.container.common.impl.HddsDispatcher.dispatch(HddsDispatcher.java:170)
	at org.apache.hadoop.ozone.container.upgrade.TestDatanodeUpgradeToScmHA.dispatchRequest(TestDatanodeUpgradeToScmHA.java:692)
	at org.apache.hadoop.ozone.container.upgrade.TestDatanodeUpgradeToScmHA.closeContainer(TestDatanodeUpgradeToScmHA.java:644)
	at org.apache.hadoop.ozone.container.upgrade.TestDatanodeUpgradeToScmHA.testFailedVolumeDuringFinalization(TestDatanodeUpgradeToScmHA.java:261)
	at sun.reflect.NativeMethodAccessorImpl.invoke0(Native Method)
	at sun.reflect.NativeMethodAccessorImpl.invoke(NativeMethodAccessorImpl.java:62)
	at sun.reflect.DelegatingMethodAccessorImpl.invoke(DelegatingMethodAccessorImpl.java:43)
	at java.lang.reflect.Method.invoke(Method.java:498)
	at org.junit.runners.model.FrameworkMethod$1.runReflectiveCall(FrameworkMethod.java:59)
	at org.junit.internal.runners.model.ReflectiveCallable.run(ReflectiveCallable.java:12)
	at org.junit.runners.model.FrameworkMethod.invokeExplosively(FrameworkMethod.java:56)
	at org.junit.internal.runners.statements.InvokeMethod.evaluate(InvokeMethod.java:17)
	at org.junit.internal.runners.statements.RunBefores.evaluate(RunBefores.java:26)
	at org.junit.internal.runners.statements.RunAfters.evaluate(RunAfters.java:27)
	at org.junit.runners.ParentRunner$3.evaluate(ParentRunner.java:306)
	at org.junit.runners.BlockJUnit4ClassRunner$1.evaluate(BlockJUnit4ClassRunner.java:100)
	at org.junit.runners.ParentRunner.runLeaf(ParentRunner.java:366)
	at org.junit.runners.BlockJUnit4ClassRunner.runChild(BlockJUnit4ClassRunner.java:103)
	at org.junit.runners.BlockJUnit4ClassRunner.runChild(BlockJUnit4ClassRunner.java:63)
	at org.junit.runners.ParentRunner$4.run(ParentRunner.java:331)
	at org.junit.runners.ParentRunner$1.schedule(ParentRunner.java:79)
	at org.junit.runners.ParentRunner.runChildren(ParentRunner.java:329)
	at org.junit.runners.ParentRunner.access$100(ParentRunner.java:66)
	at org.junit.runners.ParentRunner$2.evaluate(ParentRunner.java:293)
	at org.junit.runners.ParentRunner.run(ParentRunner.java:413)
	at org.junit.runners.Suite.runChild(Suite.java:128)
	at org.junit.runners.Suite.runChild(Suite.java:27)
	at org.junit.runners.ParentRunner$4.run(ParentRunner.java:331)
	at org.junit.runners.ParentRunner$1.schedule(ParentRunner.java:79)
	at org.junit.runners.ParentRunner.runChildren(ParentRunner.java:329)
	at org.junit.runners.ParentRunner.access$100(ParentRunner.java:66)
	at org.junit.runners.ParentRunner$2.evaluate(ParentRunner.java:293)
	at org.junit.runners.ParentRunner$3.evaluate(ParentRunner.java:306)
	at org.junit.runners.ParentRunner.run(ParentRunner.java:413)
	at org.junit.runner.JUnitCore.run(JUnitCore.java:137)
	at org.junit.runner.JUnitCore.run(JUnitCore.java:115)
	at org.junit.vintage.engine.execution.RunnerExecutor.execute(RunnerExecutor.java:42)
	at org.junit.vintage.engine.VintageTestEngine.executeAllChildren(VintageTestEngine.java:80)
	at org.junit.vintage.engine.VintageTestEngine.execute(VintageTestEngine.java:72)
	at org.junit.platform.launcher.core.EngineExecutionOrchestrator.execute(EngineExecutionOrchestrator.java:107)
	at org.junit.platform.launcher.core.EngineExecutionOrchestrator.execute(EngineExecutionOrchestrator.java:88)
	at org.junit.platform.launcher.core.EngineExecutionOrchestrator.lambda$execute$0(EngineExecutionOrchestrator.java:54)
	at org.junit.platform.launcher.core.EngineExecutionOrchestrator.withInterceptedStreams(EngineExecutionOrchestrator.java:67)
	at org.junit.platform.launcher.core.EngineExecutionOrchestrator.execute(EngineExecutionOrchestrator.java:52)
	at org.junit.platform.launcher.core.DefaultLauncher.execute(DefaultLauncher.java:114)
	at org.junit.platform.launcher.core.DefaultLauncher.execute(DefaultLauncher.java:86)
	at org.junit.platform.launcher.core.DefaultLauncherSession$DelegatingLauncher.execute(DefaultLauncherSession.java:86)
	at org.junit.platform.launcher.core.SessionPerRequestLauncher.execute(SessionPerRequestLauncher.java:53)
	at org.apache.maven.surefire.junitplatform.JUnitPlatformProvider.execute(JUnitPlatformProvider.java:188)
	at org.apache.maven.surefire.junitplatform.JUnitPlatformProvider.invokeAllTests(JUnitPlatformProvider.java:154)
	at org.apache.maven.surefire.junitplatform.JUnitPlatformProvider.invoke(JUnitPlatformProvider.java:124)
	at org.apache.maven.surefire.booter.ForkedBooter.runSuitesInProcess(ForkedBooter.java:428)
	at org.apache.maven.surefire.booter.ForkedBooter.execute(ForkedBooter.java:162)
	at org.apache.maven.surefire.booter.ForkedBooter.run(ForkedBooter.java:562)
	at org.apache.maven.surefire.booter.ForkedBooter.main(ForkedBooter.java:548)
Caused by: java.io.IOException: No such file or directory
	at java.io.UnixFileSystem.createFileExclusively(Native Method)
	at java.io.File.createTempFile(File.java:2063)
	at org.apache.hadoop.ozone.container.keyvalue.KeyValueContainer.createTempFile(KeyValueContainer.java:894)
	at org.apache.hadoop.ozone.container.keyvalue.KeyValueContainer.writeToContainerFile(KeyValueContainer.java:248)
	... 65 more
2023-03-29 20:39:19,281 [Listener at localhost/36593] WARN  keyvalue.KeyValueHandler (KeyValueHandler.java:markContainerUnhealthy(1091)) - Unexpected error while marking container 2033691083 as unhealthy
org.apache.hadoop.hdds.scm.container.common.helpers.StorageContainerException: Error while creating/updating container file. ContainerID: 2033691083, container path: /tmp/junit6399624798645471556/dd40544f-be2a-4b4b-aa8f-df23b035471e/hdds/clusterID/current/containerDir212/2033691083/metadata/2033691083.container Temporary file could not be created.
	at org.apache.hadoop.ozone.container.keyvalue.KeyValueContainer.writeToContainerFile(KeyValueContainer.java:270)
	at org.apache.hadoop.ozone.container.keyvalue.KeyValueContainer.updateContainerFile(KeyValueContainer.java:289)
	at org.apache.hadoop.ozone.container.keyvalue.KeyValueContainer.updateContainerData(KeyValueContainer.java:415)
	at org.apache.hadoop.ozone.container.keyvalue.KeyValueContainer.markContainerUnhealthy(KeyValueContainer.java:342)
	at org.apache.hadoop.ozone.container.keyvalue.KeyValueHandler.markContainerUnhealthy(KeyValueHandler.java:1086)
	at org.apache.hadoop.ozone.container.common.impl.HddsDispatcher.dispatchRequest(HddsDispatcher.java:360)
	at org.apache.hadoop.ozone.container.common.impl.HddsDispatcher.lambda$dispatch$0(HddsDispatcher.java:171)
	at org.apache.hadoop.hdds.server.OzoneProtocolMessageDispatcher.processRequest(OzoneProtocolMessageDispatcher.java:87)
	at org.apache.hadoop.ozone.container.common.impl.HddsDispatcher.dispatch(HddsDispatcher.java:170)
	at org.apache.hadoop.ozone.container.upgrade.TestDatanodeUpgradeToScmHA.dispatchRequest(TestDatanodeUpgradeToScmHA.java:692)
	at org.apache.hadoop.ozone.container.upgrade.TestDatanodeUpgradeToScmHA.closeContainer(TestDatanodeUpgradeToScmHA.java:644)
	at org.apache.hadoop.ozone.container.upgrade.TestDatanodeUpgradeToScmHA.testFailedVolumeDuringFinalization(TestDatanodeUpgradeToScmHA.java:261)
	at sun.reflect.NativeMethodAccessorImpl.invoke0(Native Method)
	at sun.reflect.NativeMethodAccessorImpl.invoke(NativeMethodAccessorImpl.java:62)
	at sun.reflect.DelegatingMethodAccessorImpl.invoke(DelegatingMethodAccessorImpl.java:43)
	at java.lang.reflect.Method.invoke(Method.java:498)
	at org.junit.runners.model.FrameworkMethod$1.runReflectiveCall(FrameworkMethod.java:59)
	at org.junit.internal.runners.model.ReflectiveCallable.run(ReflectiveCallable.java:12)
	at org.junit.runners.model.FrameworkMethod.invokeExplosively(FrameworkMethod.java:56)
	at org.junit.internal.runners.statements.InvokeMethod.evaluate(InvokeMethod.java:17)
	at org.junit.internal.runners.statements.RunBefores.evaluate(RunBefores.java:26)
	at org.junit.internal.runners.statements.RunAfters.evaluate(RunAfters.java:27)
	at org.junit.runners.ParentRunner$3.evaluate(ParentRunner.java:306)
	at org.junit.runners.BlockJUnit4ClassRunner$1.evaluate(BlockJUnit4ClassRunner.java:100)
	at org.junit.runners.ParentRunner.runLeaf(ParentRunner.java:366)
	at org.junit.runners.BlockJUnit4ClassRunner.runChild(BlockJUnit4ClassRunner.java:103)
	at org.junit.runners.BlockJUnit4ClassRunner.runChild(BlockJUnit4ClassRunner.java:63)
	at org.junit.runners.ParentRunner$4.run(ParentRunner.java:331)
	at org.junit.runners.ParentRunner$1.schedule(ParentRunner.java:79)
	at org.junit.runners.ParentRunner.runChildren(ParentRunner.java:329)
	at org.junit.runners.ParentRunner.access$100(ParentRunner.java:66)
	at org.junit.runners.ParentRunner$2.evaluate(ParentRunner.java:293)
	at org.junit.runners.ParentRunner.run(ParentRunner.java:413)
	at org.junit.runners.Suite.runChild(Suite.java:128)
	at org.junit.runners.Suite.runChild(Suite.java:27)
	at org.junit.runners.ParentRunner$4.run(ParentRunner.java:331)
	at org.junit.runners.ParentRunner$1.schedule(ParentRunner.java:79)
	at org.junit.runners.ParentRunner.runChildren(ParentRunner.java:329)
	at org.junit.runners.ParentRunner.access$100(ParentRunner.java:66)
	at org.junit.runners.ParentRunner$2.evaluate(ParentRunner.java:293)
	at org.junit.runners.ParentRunner$3.evaluate(ParentRunner.java:306)
	at org.junit.runners.ParentRunner.run(ParentRunner.java:413)
	at org.junit.runner.JUnitCore.run(JUnitCore.java:137)
	at org.junit.runner.JUnitCore.run(JUnitCore.java:115)
	at org.junit.vintage.engine.execution.RunnerExecutor.execute(RunnerExecutor.java:42)
	at org.junit.vintage.engine.VintageTestEngine.executeAllChildren(VintageTestEngine.java:80)
	at org.junit.vintage.engine.VintageTestEngine.execute(VintageTestEngine.java:72)
	at org.junit.platform.launcher.core.EngineExecutionOrchestrator.execute(EngineExecutionOrchestrator.java:107)
	at org.junit.platform.launcher.core.EngineExecutionOrchestrator.execute(EngineExecutionOrchestrator.java:88)
	at org.junit.platform.launcher.core.EngineExecutionOrchestrator.lambda$execute$0(EngineExecutionOrchestrator.java:54)
	at org.junit.platform.launcher.core.EngineExecutionOrchestrator.withInterceptedStreams(EngineExecutionOrchestrator.java:67)
	at org.junit.platform.launcher.core.EngineExecutionOrchestrator.execute(EngineExecutionOrchestrator.java:52)
	at org.junit.platform.launcher.core.DefaultLauncher.execute(DefaultLauncher.java:114)
	at org.junit.platform.launcher.core.DefaultLauncher.execute(DefaultLauncher.java:86)
	at org.junit.platform.launcher.core.DefaultLauncherSession$DelegatingLauncher.execute(DefaultLauncherSession.java:86)
	at org.junit.platform.launcher.core.SessionPerRequestLauncher.execute(SessionPerRequestLauncher.java:53)
	at org.apache.maven.surefire.junitplatform.JUnitPlatformProvider.execute(JUnitPlatformProvider.java:188)
	at org.apache.maven.surefire.junitplatform.JUnitPlatformProvider.invokeAllTests(JUnitPlatformProvider.java:154)
	at org.apache.maven.surefire.junitplatform.JUnitPlatformProvider.invoke(JUnitPlatformProvider.java:124)
	at org.apache.maven.surefire.booter.ForkedBooter.runSuitesInProcess(ForkedBooter.java:428)
	at org.apache.maven.surefire.booter.ForkedBooter.execute(ForkedBooter.java:162)
	at org.apache.maven.surefire.booter.ForkedBooter.run(ForkedBooter.java:562)
	at org.apache.maven.surefire.booter.ForkedBooter.main(ForkedBooter.java:548)
Caused by: java.io.IOException: No such file or directory
	at java.io.UnixFileSystem.createFileExclusively(Native Method)
	at java.io.File.createTempFile(File.java:2063)
	at org.apache.hadoop.ozone.container.keyvalue.KeyValueContainer.createTempFile(KeyValueContainer.java:894)
	at org.apache.hadoop.ozone.container.keyvalue.KeyValueContainer.writeToContainerFile(KeyValueContainer.java:248)
	... 62 more
2023-03-29 20:39:19,282 [Listener at localhost/36593] INFO  impl.HddsDispatcher (HddsDispatcher.java:dispatchRequest(361)) - Marked Container UNHEALTHY, ContainerID: 2033691083
20:39:19.282 [Listener at localhost/36593] ERROR DNAudit - user=null | ip=null | op=CLOSE_CONTAINER {containerID=2033691083} | ret=FAILURE
java.lang.Exception: Error while creating/updating container file. ContainerID: 2033691083, container path: /tmp/junit6399624798645471556/dd40544f-be2a-4b4b-aa8f-df23b035471e/hdds/clusterID/current/containerDir212/2033691083/metadata/2033691083.container Temporary file could not be created.
	at org.apache.hadoop.ozone.container.common.impl.HddsDispatcher.dispatchRequest(HddsDispatcher.java:389) ~[classes/:?]
	at org.apache.hadoop.ozone.container.common.impl.HddsDispatcher.lambda$dispatch$0(HddsDispatcher.java:171) ~[classes/:?]
	at org.apache.hadoop.hdds.server.OzoneProtocolMessageDispatcher.processRequest(OzoneProtocolMessageDispatcher.java:87) ~[classes/:?]
	at org.apache.hadoop.ozone.container.common.impl.HddsDispatcher.dispatch(HddsDispatcher.java:170) ~[classes/:?]
	at org.apache.hadoop.ozone.container.upgrade.TestDatanodeUpgradeToScmHA.dispatchRequest(TestDatanodeUpgradeToScmHA.java:692) ~[test-classes/:?]
	at org.apache.hadoop.ozone.container.upgrade.TestDatanodeUpgradeToScmHA.closeContainer(TestDatanodeUpgradeToScmHA.java:644) ~[test-classes/:?]
	at org.apache.hadoop.ozone.container.upgrade.TestDatanodeUpgradeToScmHA.testFailedVolumeDuringFinalization(TestDatanodeUpgradeToScmHA.java:261) ~[test-classes/:?]
	at sun.reflect.NativeMethodAccessorImpl.invoke0(Native Method) ~[?:1.8.0_362]
	at sun.reflect.NativeMethodAccessorImpl.invoke(NativeMethodAccessorImpl.java:62) ~[?:1.8.0_362]
	at sun.reflect.DelegatingMethodAccessorImpl.invoke(DelegatingMethodAccessorImpl.java:43) ~[?:1.8.0_362]
	at java.lang.reflect.Method.invoke(Method.java:498) ~[?:1.8.0_362]
	at org.junit.runners.model.FrameworkMethod$1.runReflectiveCall(FrameworkMethod.java:59) ~[junit-4.13.1.jar:4.13.1]
	at org.junit.internal.runners.model.ReflectiveCallable.run(ReflectiveCallable.java:12) ~[junit-4.13.1.jar:4.13.1]
	at org.junit.runners.model.FrameworkMethod.invokeExplosively(FrameworkMethod.java:56) ~[junit-4.13.1.jar:4.13.1]
	at org.junit.internal.runners.statements.InvokeMethod.evaluate(InvokeMethod.java:17) ~[junit-4.13.1.jar:4.13.1]
	at org.junit.internal.runners.statements.RunBefores.evaluate(RunBefores.java:26) ~[junit-4.13.1.jar:4.13.1]
	at org.junit.internal.runners.statements.RunAfters.evaluate(RunAfters.java:27) ~[junit-4.13.1.jar:4.13.1]
	at org.junit.runners.ParentRunner$3.evaluate(ParentRunner.java:306) ~[junit-4.13.1.jar:4.13.1]
	at org.junit.runners.BlockJUnit4ClassRunner$1.evaluate(BlockJUnit4ClassRunner.java:100) ~[junit-4.13.1.jar:4.13.1]
	at org.junit.runners.ParentRunner.runLeaf(ParentRunner.java:366) ~[junit-4.13.1.jar:4.13.1]
	at org.junit.runners.BlockJUnit4ClassRunner.runChild(BlockJUnit4ClassRunner.java:103) ~[junit-4.13.1.jar:4.13.1]
	at org.junit.runners.BlockJUnit4ClassRunner.runChild(BlockJUnit4ClassRunner.java:63) ~[junit-4.13.1.jar:4.13.1]
	at org.junit.runners.ParentRunner$4.run(ParentRunner.java:331) ~[junit-4.13.1.jar:4.13.1]
	at org.junit.runners.ParentRunner$1.schedule(ParentRunner.java:79) ~[junit-4.13.1.jar:4.13.1]
	at org.junit.runners.ParentRunner.runChildren(ParentRunner.java:329) ~[junit-4.13.1.jar:4.13.1]
	at org.junit.runners.ParentRunner.access$100(ParentRunner.java:66) ~[junit-4.13.1.jar:4.13.1]
	at org.junit.runners.ParentRunner$2.evaluate(ParentRunner.java:293) ~[junit-4.13.1.jar:4.13.1]
	at org.junit.runners.ParentRunner.run(ParentRunner.java:413) ~[junit-4.13.1.jar:4.13.1]
	at org.junit.runners.Suite.runChild(Suite.java:128) ~[junit-4.13.1.jar:4.13.1]
	at org.junit.runners.Suite.runChild(Suite.java:27) ~[junit-4.13.1.jar:4.13.1]
	at org.junit.runners.ParentRunner$4.run(ParentRunner.java:331) ~[junit-4.13.1.jar:4.13.1]
	at org.junit.runners.ParentRunner$1.schedule(ParentRunner.java:79) ~[junit-4.13.1.jar:4.13.1]
	at org.junit.runners.ParentRunner.runChildren(ParentRunner.java:329) ~[junit-4.13.1.jar:4.13.1]
	at org.junit.runners.ParentRunner.access$100(ParentRunner.java:66) ~[junit-4.13.1.jar:4.13.1]
	at org.junit.runners.ParentRunner$2.evaluate(ParentRunner.java:293) ~[junit-4.13.1.jar:4.13.1]
	at org.junit.runners.ParentRunner$3.evaluate(ParentRunner.java:306) ~[junit-4.13.1.jar:4.13.1]
	at org.junit.runners.ParentRunner.run(ParentRunner.java:413) ~[junit-4.13.1.jar:4.13.1]
	at org.junit.runner.JUnitCore.run(JUnitCore.java:137) ~[junit-4.13.1.jar:4.13.1]
	at org.junit.runner.JUnitCore.run(JUnitCore.java:115) ~[junit-4.13.1.jar:4.13.1]
	at org.junit.vintage.engine.execution.RunnerExecutor.execute(RunnerExecutor.java:42) ~[junit-vintage-engine-5.8.2.jar:5.8.2]
	at org.junit.vintage.engine.VintageTestEngine.executeAllChildren(VintageTestEngine.java:80) ~[junit-vintage-engine-5.8.2.jar:5.8.2]
	at org.junit.vintage.engine.VintageTestEngine.execute(VintageTestEngine.java:72) ~[junit-vintage-engine-5.8.2.jar:5.8.2]
	at org.junit.platform.launcher.core.EngineExecutionOrchestrator.execute(EngineExecutionOrchestrator.java:107) ~[junit-platform-launcher-1.8.2.jar:1.8.2]
	at org.junit.platform.launcher.core.EngineExecutionOrchestrator.execute(EngineExecutionOrchestrator.java:88) ~[junit-platform-launcher-1.8.2.jar:1.8.2]
	at org.junit.platform.launcher.core.EngineExecutionOrchestrator.lambda$execute$0(EngineExecutionOrchestrator.java:54) ~[junit-platform-launcher-1.8.2.jar:1.8.2]
	at org.junit.platform.launcher.core.EngineExecutionOrchestrator.withInterceptedStreams(EngineExecutionOrchestrator.java:67) [junit-platform-launcher-1.8.2.jar:1.8.2]
	at org.junit.platform.launcher.core.EngineExecutionOrchestrator.execute(EngineExecutionOrchestrator.java:52) [junit-platform-launcher-1.8.2.jar:1.8.2]
	at org.junit.platform.launcher.core.DefaultLauncher.execute(DefaultLauncher.java:114) [junit-platform-launcher-1.8.2.jar:1.8.2]
	at org.junit.platform.launcher.core.DefaultLauncher.execute(DefaultLauncher.java:86) [junit-platform-launcher-1.8.2.jar:1.8.2]
	at org.junit.platform.launcher.core.DefaultLauncherSession$DelegatingLauncher.execute(DefaultLauncherSession.java:86) [junit-platform-launcher-1.8.2.jar:1.8.2]
	at org.junit.platform.launcher.core.SessionPerRequestLauncher.execute(SessionPerRequestLauncher.java:53) [junit-platform-launcher-1.8.2.jar:1.8.2]
	at org.apache.maven.surefire.junitplatform.JUnitPlatformProvider.execute(JUnitPlatformProvider.java:188) [surefire-junit-platform-3.0.0-M5.jar:3.0.0-M5]
	at org.apache.maven.surefire.junitplatform.JUnitPlatformProvider.invokeAllTests(JUnitPlatformProvider.java:154) [surefire-junit-platform-3.0.0-M5.jar:3.0.0-M5]
	at org.apache.maven.surefire.junitplatform.JUnitPlatformProvider.invoke(JUnitPlatformProvider.java:124) [surefire-junit-platform-3.0.0-M5.jar:3.0.0-M5]
	at org.apache.maven.surefire.booter.ForkedBooter.runSuitesInProcess(ForkedBooter.java:428) [surefire-booter-3.0.0-M5.jar:3.0.0-M5]
	at org.apache.maven.surefire.booter.ForkedBooter.execute(ForkedBooter.java:162) [surefire-booter-3.0.0-M5.jar:3.0.0-M5]
	at org.apache.maven.surefire.booter.ForkedBooter.run(ForkedBooter.java:562) [surefire-booter-3.0.0-M5.jar:3.0.0-M5]
	at org.apache.maven.surefire.booter.ForkedBooter.main(ForkedBooter.java:548) [surefire-booter-3.0.0-M5.jar:3.0.0-M5]
2023-03-29 20:39:19,283 [Listener at localhost/36593] INFO  upgrade.UpgradeFinalizer (BasicUpgradeFinalizer.java:logAndEmit(389)) - Finalization started.
2023-03-29 20:39:19,283 [Listener at localhost/36593] INFO  upgrade.UpgradeFinalizer (BasicUpgradeFinalizer.java:runFinalizationAction(264)) - Running finalization actions for layout feature: DATANODE_SCHEMA_V2
2023-03-29 20:39:19,283 [Listener at localhost/36593] INFO  upgrade.DatanodeSchemaV2FinalizeAction (DatanodeSchemaV2FinalizeAction.java:execute(44)) - Executing datanode 'onFinalize' action for the first version with upgrade support. New containers will be created with Schema Version 2 henceforth.
2023-03-29 20:39:19,284 [Listener at localhost/36593] INFO  upgrade.AbstractLayoutVersionManager (AbstractLayoutVersionManager.java:finalized(127)) - Layout feature DATANODE_SCHEMA_V2 has been finalized.
2023-03-29 20:39:19,284 [Listener at localhost/36593] INFO  upgrade.UpgradeFinalizer (BasicUpgradeFinalizer.java:runFinalizationAction(264)) - Running finalization actions for layout feature: SCM_HA
2023-03-29 20:39:19,284 [Listener at localhost/36593] INFO  upgrade.ScmHAFinalizeUpgradeActionDatanode (ScmHAFinalizeUpgradeActionDatanode.java:execute(52)) - Upgrading Datanode volume layout for SCM HA support.
2023-03-29 20:39:19,284 [Listener at localhost/36593] ERROR upgrade.ScmHAFinalizeUpgradeActionDatanode (ScmHAFinalizeUpgradeActionDatanode.java:upgradeVolume(83)) - IO error for the volume /tmp/junit6399624798645471556/dd40544f-be2a-4b4b-aa8f-df23b035471e/hdds. Unable to process it for finalizing layout for SCM HAsupport. Formatting will be retried on datanode restart.
2023-03-29 20:39:19,285 [Listener at localhost/36593] INFO  volume.MutableVolumeSet (MutableVolumeSet.java:failVolume(384)) - Moving Volume : /tmp/junit6399624798645471556/dd40544f-be2a-4b4b-aa8f-df23b035471e/hdds to failed Volumes
2023-03-29 20:39:19,286 [Listener at localhost/36593] INFO  upgrade.AbstractLayoutVersionManager (AbstractLayoutVersionManager.java:finalized(127)) - Layout feature SCM_HA has been finalized.
2023-03-29 20:39:19,286 [Listener at localhost/36593] INFO  upgrade.UpgradeFinalizer (BasicUpgradeFinalizer.java:logAndEmit(389)) - No onFinalize work defined for feature: ERASURE_CODED_STORAGE_SUPPORT.
2023-03-29 20:39:19,287 [Listener at localhost/36593] INFO  upgrade.AbstractLayoutVersionManager (AbstractLayoutVersionManager.java:finalized(127)) - Layout feature ERASURE_CODED_STORAGE_SUPPORT has been finalized.
2023-03-29 20:39:19,287 [Listener at localhost/36593] INFO  upgrade.UpgradeFinalizer (BasicUpgradeFinalizer.java:runFinalizationAction(264)) - Running finalization actions for layout feature: DATANODE_SCHEMA_V3
2023-03-29 20:39:19,287 [Listener at localhost/36593] INFO  upgrade.DatanodeSchemaV3FinalizeAction (DatanodeSchemaV3FinalizeAction.java:execute(50)) - Upgrading Datanode volume layout for Schema V3 support.
2023-03-29 20:39:19,288 [Listener at localhost/36593] INFO  upgrade.AbstractLayoutVersionManager (AbstractLayoutVersionManager.java:finalized(127)) - Layout feature DATANODE_SCHEMA_V3 has been finalized.
2023-03-29 20:39:19,288 [Listener at localhost/36593] INFO  upgrade.AbstractLayoutVersionManager (AbstractLayoutVersionManager.java:finalized(129)) - Finalization is complete.
2023-03-29 20:39:19,288 [Listener at localhost/36593] INFO  upgrade.UpgradeFinalizer (BasicUpgradeFinalizer.java:logAndEmit(389)) - Finalization is done.
2023-03-29 20:39:19,289 [Listener at localhost/36593] WARN  keyvalue.KeyValueHandler (KeyValueHandler.java:checkContainerIsHealthy(763)) - ReadChunk request conID: 2033691083 locID: 1680122359275 bcsId: 0 for UNHEALTHY container 2033691083 replica
2023-03-29 20:39:19,290 [Listener at localhost/36593] INFO  ozoneimpl.OzoneContainer (OzoneContainer.java:stop(419)) - Attempting to stop container services.
2023-03-29 20:39:19,291 [Listener at localhost/36593] INFO  server.RaftServer (RaftServerProxy.java:lambda$close$6(409)) - 4bdb4f05-a228-4ed1-9676-4085400f15d3: close
2023-03-29 20:39:19,291 [Listener at localhost/36593] INFO  server.GrpcService (GrpcService.java:closeImpl(271)) - 4bdb4f05-a228-4ed1-9676-4085400f15d3: shutdown server GrpcServerProtocolService now
2023-03-29 20:39:19,293 [Listener at localhost/36593] INFO  server.GrpcService (GrpcService.java:closeImpl(280)) - 4bdb4f05-a228-4ed1-9676-4085400f15d3: shutdown server GrpcServerProtocolService successfully
2023-03-29 20:39:19,293 [JvmPauseMonitor14] INFO  util.JvmPauseMonitor (JvmPauseMonitor.java:run(111)) - JvmPauseMonitor-4bdb4f05-a228-4ed1-9676-4085400f15d3: Stopped
2023-03-29 20:39:21,304 [Listener at localhost/36593] INFO  utils.BackgroundService (BackgroundService.java:shutdown(141)) - Shutting down service BlockDeletingService
2023-03-29 20:39:21,304 [Listener at localhost/36593] INFO  utils.BackgroundService (BackgroundService.java:shutdown(141)) - Shutting down service StaleRecoveringContainerScrubbingService
2023-03-29 20:39:21,305 [Listener at localhost/36593] INFO  upgrade.AbstractLayoutVersionManager (AbstractLayoutVersionManager.java:init(83)) - Initializing Layout version manager with metadata layout = DATANODE_SCHEMA_V3 (version = 4), software layout = DATANODE_SCHEMA_V3 (version = 4)
2023-03-29 20:39:21,332 [Listener at localhost/36593] INFO  reflections.Reflections (Reflections.java:scan(232)) - Reflections took 26 ms to scan 4 urls, producing 125 keys and 293 values 
2023-03-29 20:39:21,334 [Listener at localhost/36593] INFO  statemachine.DatanodeStateMachine (DatanodeStateMachine.java:getEndPointTaskThreadPoolSize(260)) - Datanode State Machine Task Thread Pool size 2
2023-03-29 20:39:21,335 [Listener at localhost/36593] INFO  volume.HddsVolume (HddsVolume.java:<init>(130)) - Creating HddsVolume: /tmp/junit6399624798645471556/dd40544f-be2a-4b4b-aa8f-df23b035471e/hdds of storage type : DISK capacity : 9223372036854775807
2023-03-29 20:39:21,335 [Listener at localhost/36593] INFO  volume.MutableVolumeSet (MutableVolumeSet.java:initializeVolumeSet(175)) - Added Volume : /tmp/junit6399624798645471556/dd40544f-be2a-4b4b-aa8f-df23b035471e/hdds to VolumeSet
2023-03-29 20:39:21,335 [Listener at localhost/36593] INFO  volume.ThrottledAsyncChecker (ThrottledAsyncChecker.java:schedule(141)) - Scheduling a check for /tmp/junit6399624798645471556/dd40544f-be2a-4b4b-aa8f-df23b035471e/hdds
2023-03-29 20:39:21,337 [Listener at localhost/36593] INFO  volume.StorageVolumeChecker (StorageVolumeChecker.java:checkAllVolumes(202)) - Scheduled health check for volume /tmp/junit6399624798645471556/dd40544f-be2a-4b4b-aa8f-df23b035471e/hdds
2023-03-29 20:39:21,343 [Listener at localhost/36593] WARN  server.ServerUtils (ServerUtils.java:getDefaultRatisDirectory(237)) - Storage directory for Ratis is not configured. It is a good idea to map this to an SSD disk. Falling back to ozone.metadata.dirs
2023-03-29 20:39:21,343 [Listener at localhost/36593] INFO  volume.MutableVolumeSet (MutableVolumeSet.java:initializeVolumeSet(175)) - Added Volume : /tmp/junit6399624798645471556/ratis to VolumeSet
2023-03-29 20:39:21,343 [Listener at localhost/36593] INFO  volume.ThrottledAsyncChecker (ThrottledAsyncChecker.java:schedule(141)) - Scheduling a check for /tmp/junit6399624798645471556/ratis
2023-03-29 20:39:21,344 [Listener at localhost/36593] INFO  volume.StorageVolumeChecker (StorageVolumeChecker.java:checkAllVolumes(202)) - Scheduled health check for volume /tmp/junit6399624798645471556/ratis
2023-03-29 20:39:21,350 [Listener at localhost/36593] ERROR ozoneimpl.OzoneContainer (HddsVolumeUtil.java:loadAllHddsVolumeDbStore(96)) - Load db store for HddsVolume /tmp/junit6399624798645471556/dd40544f-be2a-4b4b-aa8f-df23b035471e/hdds failed
java.io.IOException: Db parent dir /tmp/junit6399624798645471556/dd40544f-be2a-4b4b-aa8f-df23b035471e/hdds/clusterID/DS-5aa98327-3984-4ec5-92d9-02c9911770f5 not found for HddsVolume: /tmp/junit6399624798645471556/dd40544f-be2a-4b4b-aa8f-df23b035471e/hdds
	at org.apache.hadoop.ozone.container.common.volume.HddsVolume.loadDbStore(HddsVolume.java:284)
	at org.apache.hadoop.ozone.container.common.utils.HddsVolumeUtil.loadAllHddsVolumeDbStore(HddsVolumeUtil.java:92)
	at org.apache.hadoop.ozone.container.ozoneimpl.OzoneContainer.<init>(OzoneContainer.java:154)
	at org.apache.hadoop.ozone.container.common.statemachine.DatanodeStateMachine.<init>(DatanodeStateMachine.java:173)
	at org.apache.hadoop.ozone.container.upgrade.TestDatanodeUpgradeToScmHA.restartDatanode(TestDatanodeUpgradeToScmHA.java:537)
	at org.apache.hadoop.ozone.container.upgrade.TestDatanodeUpgradeToScmHA.testFailedVolumeDuringFinalization(TestDatanodeUpgradeToScmHA.java:295)
	at sun.reflect.NativeMethodAccessorImpl.invoke0(Native Method)
	at sun.reflect.NativeMethodAccessorImpl.invoke(NativeMethodAccessorImpl.java:62)
	at sun.reflect.DelegatingMethodAccessorImpl.invoke(DelegatingMethodAccessorImpl.java:43)
	at java.lang.reflect.Method.invoke(Method.java:498)
	at org.junit.runners.model.FrameworkMethod$1.runReflectiveCall(FrameworkMethod.java:59)
	at org.junit.internal.runners.model.ReflectiveCallable.run(ReflectiveCallable.java:12)
	at org.junit.runners.model.FrameworkMethod.invokeExplosively(FrameworkMethod.java:56)
	at org.junit.internal.runners.statements.InvokeMethod.evaluate(InvokeMethod.java:17)
	at org.junit.internal.runners.statements.RunBefores.evaluate(RunBefores.java:26)
	at org.junit.internal.runners.statements.RunAfters.evaluate(RunAfters.java:27)
	at org.junit.runners.ParentRunner$3.evaluate(ParentRunner.java:306)
	at org.junit.runners.BlockJUnit4ClassRunner$1.evaluate(BlockJUnit4ClassRunner.java:100)
	at org.junit.runners.ParentRunner.runLeaf(ParentRunner.java:366)
	at org.junit.runners.BlockJUnit4ClassRunner.runChild(BlockJUnit4ClassRunner.java:103)
	at org.junit.runners.BlockJUnit4ClassRunner.runChild(BlockJUnit4ClassRunner.java:63)
	at org.junit.runners.ParentRunner$4.run(ParentRunner.java:331)
	at org.junit.runners.ParentRunner$1.schedule(ParentRunner.java:79)
	at org.junit.runners.ParentRunner.runChildren(ParentRunner.java:329)
	at org.junit.runners.ParentRunner.access$100(ParentRunner.java:66)
	at org.junit.runners.ParentRunner$2.evaluate(ParentRunner.java:293)
	at org.junit.runners.ParentRunner.run(ParentRunner.java:413)
	at org.junit.runners.Suite.runChild(Suite.java:128)
	at org.junit.runners.Suite.runChild(Suite.java:27)
	at org.junit.runners.ParentRunner$4.run(ParentRunner.java:331)
	at org.junit.runners.ParentRunner$1.schedule(ParentRunner.java:79)
	at org.junit.runners.ParentRunner.runChildren(ParentRunner.java:329)
	at org.junit.runners.ParentRunner.access$100(ParentRunner.java:66)
	at org.junit.runners.ParentRunner$2.evaluate(ParentRunner.java:293)
	at org.junit.runners.ParentRunner$3.evaluate(ParentRunner.java:306)
	at org.junit.runners.ParentRunner.run(ParentRunner.java:413)
	at org.junit.runner.JUnitCore.run(JUnitCore.java:137)
	at org.junit.runner.JUnitCore.run(JUnitCore.java:115)
	at org.junit.vintage.engine.execution.RunnerExecutor.execute(RunnerExecutor.java:42)
	at org.junit.vintage.engine.VintageTestEngine.executeAllChildren(VintageTestEngine.java:80)
	at org.junit.vintage.engine.VintageTestEngine.execute(VintageTestEngine.java:72)
	at org.junit.platform.launcher.core.EngineExecutionOrchestrator.execute(EngineExecutionOrchestrator.java:107)
	at org.junit.platform.launcher.core.EngineExecutionOrchestrator.execute(EngineExecutionOrchestrator.java:88)
	at org.junit.platform.launcher.core.EngineExecutionOrchestrator.lambda$execute$0(EngineExecutionOrchestrator.java:54)
	at org.junit.platform.launcher.core.EngineExecutionOrchestrator.withInterceptedStreams(EngineExecutionOrchestrator.java:67)
	at org.junit.platform.launcher.core.EngineExecutionOrchestrator.execute(EngineExecutionOrchestrator.java:52)
	at org.junit.platform.launcher.core.DefaultLauncher.execute(DefaultLauncher.java:114)
	at org.junit.platform.launcher.core.DefaultLauncher.execute(DefaultLauncher.java:86)
	at org.junit.platform.launcher.core.DefaultLauncherSession$DelegatingLauncher.execute(DefaultLauncherSession.java:86)
	at org.junit.platform.launcher.core.SessionPerRequestLauncher.execute(SessionPerRequestLauncher.java:53)
	at org.apache.maven.surefire.junitplatform.JUnitPlatformProvider.execute(JUnitPlatformProvider.java:188)
	at org.apache.maven.surefire.junitplatform.JUnitPlatformProvider.invokeAllTests(JUnitPlatformProvider.java:154)
	at org.apache.maven.surefire.junitplatform.JUnitPlatformProvider.invoke(JUnitPlatformProvider.java:124)
	at org.apache.maven.surefire.booter.ForkedBooter.runSuitesInProcess(ForkedBooter.java:428)
	at org.apache.maven.surefire.booter.ForkedBooter.execute(ForkedBooter.java:162)
	at org.apache.maven.surefire.booter.ForkedBooter.run(ForkedBooter.java:562)
	at org.apache.maven.surefire.booter.ForkedBooter.main(ForkedBooter.java:548)
2023-03-29 20:39:21,352 [Thread-250] INFO  ozoneimpl.ContainerReader (ContainerReader.java:readVolume(145)) - Start to verify containers on volume /tmp/junit6399624798645471556/dd40544f-be2a-4b4b-aa8f-df23b035471e/hdds
2023-03-29 20:39:21,359 [Thread-250] INFO  ozoneimpl.ContainerReader (ContainerReader.java:readVolume(175)) - Finish verifying containers on volume /tmp/junit6399624798645471556/dd40544f-be2a-4b4b-aa8f-df23b035471e/hdds
2023-03-29 20:39:21,359 [Listener at localhost/36593] INFO  ozoneimpl.OzoneContainer (OzoneContainer.java:buildContainerSet(303)) - Build ContainerSet costs 0s
2023-03-29 20:39:21,360 [Listener at localhost/36593] WARN  server.ServerUtils (ServerUtils.java:getDefaultRatisDirectory(237)) - Storage directory for Ratis is not configured. It is a good idea to map this to an SSD disk. Falling back to ozone.metadata.dirs
2023-03-29 20:39:21,362 [Listener at localhost/36593] INFO  server.RaftServer (ConfUtils.java:logGet(46)) - raft.rpc.type = GRPC (default)
2023-03-29 20:39:21,362 [Listener at localhost/36593] INFO  grpc.GrpcConfigKeys (ConfUtils.java:logFallback(53)) - raft.grpc.admin.host = null (fallback to raft.grpc.server.host)
2023-03-29 20:39:21,363 [Listener at localhost/36593] INFO  grpc.GrpcConfigKeys (ConfUtils.java:logGet(46)) - raft.grpc.admin.port = 9858 (custom)
2023-03-29 20:39:21,363 [Listener at localhost/36593] INFO  grpc.GrpcConfigKeys (ConfUtils.java:logFallback(53)) - raft.grpc.client.host = null (fallback to raft.grpc.server.host)
2023-03-29 20:39:21,363 [Listener at localhost/36593] INFO  grpc.GrpcConfigKeys (ConfUtils.java:logGet(46)) - raft.grpc.client.port = 9858 (custom)
2023-03-29 20:39:21,363 [Listener at localhost/36593] INFO  grpc.GrpcConfigKeys (ConfUtils.java:logGet(46)) - raft.grpc.server.host = null (default)
2023-03-29 20:39:21,363 [Listener at localhost/36593] INFO  grpc.GrpcConfigKeys (ConfUtils.java:logGet(46)) - raft.grpc.server.port = 9858 (custom)
2023-03-29 20:39:21,363 [Listener at localhost/36593] INFO  server.GrpcService (ConfUtils.java:logGet(46)) - raft.grpc.message.size.max = 32MB (=33554432) (custom)
2023-03-29 20:39:21,363 [Listener at localhost/36593] INFO  server.RaftServerConfigKeys (ConfUtils.java:logGet(46)) - raft.server.log.appender.buffer.byte-limit = 33554432 (custom)
2023-03-29 20:39:21,363 [Listener at localhost/36593] INFO  server.GrpcService (ConfUtils.java:logGet(46)) - raft.grpc.flow.control.window = 5MB (=5242880) (custom)
2023-03-29 20:39:21,363 [Listener at localhost/36593] INFO  server.RaftServerConfigKeys (ConfUtils.java:logGet(46)) - raft.server.rpc.request.timeout = 60s (custom)
2023-03-29 20:39:21,363 [Listener at localhost/36593] INFO  grpc.GrpcConfigKeys (ConfUtils.java:logGet(46)) - raft.grpc.server.heartbeat.channel = true (default)
2023-03-29 20:39:21,364 [Listener at localhost/36593] INFO  grpc.GrpcConfigKeys (ConfUtils.java:logGet(46)) - raft.grpc.server.async.request.thread.pool.cached = true (default)
2023-03-29 20:39:21,364 [Listener at localhost/36593] INFO  grpc.GrpcConfigKeys (ConfUtils.java:logGet(46)) - raft.grpc.server.async.request.thread.pool.size = 32 (default)
2023-03-29 20:39:21,365 [Listener at localhost/36593] INFO  impl.DataStreamServerImpl (ConfUtils.java:logGet(46)) - raft.datastream.type = DISABLED (default)
2023-03-29 20:39:21,368 [Listener at localhost/36593] INFO  server.RaftServerConfigKeys (ConfUtils.java:logGet(46)) - raft.server.threadpool.proxy.cached = true (default)
2023-03-29 20:39:21,368 [Listener at localhost/36593] INFO  server.RaftServerConfigKeys (ConfUtils.java:logGet(46)) - raft.server.threadpool.proxy.size = 0 (default)
2023-03-29 20:39:21,369 [Listener at localhost/36593] INFO  server.RaftServerConfigKeys (ConfUtils.java:logGet(46)) - raft.server.rpc.slowness.timeout = 300s (custom)
2023-03-29 20:39:21,369 [Listener at localhost/36593] INFO  server.RaftServerConfigKeys (ConfUtils.java:logGet(46)) - raft.server.leaderelection.leader.step-down.wait-time = 10s (default)
2023-03-29 20:39:21,369 [Listener at localhost/36593] INFO  server.RaftServerConfigKeys (ConfUtils.java:logGet(46)) - raft.server.storage.dir = [/tmp/junit6399624798645471556/ratis] (custom)
2023-03-29 20:39:21,371 [Listener at localhost/36593] INFO  server.XceiverServerGrpc (XceiverServerGrpc.java:<init>(132)) - GrpcServer channel type EpollServerSocketChannel
2023-03-29 20:39:21,384 [Listener at localhost/36593] INFO  ozoneimpl.OzoneContainer (OzoneContainer.java:start(397)) - Attempting to start container services.
2023-03-29 20:39:21,385 [Listener at localhost/36593] INFO  ozoneimpl.OzoneContainer (OzoneContainer.java:startContainerScrub(314)) - Scheduled background container scanners and the on-demand container scanner have been disabled.
2023-03-29 20:39:21,386 [Listener at localhost/36593] INFO  replication.ReplicationServer (ReplicationServer.java:start(109)) - ReplicationServer is started using port 9886
2023-03-29 20:39:21,386 [Listener at localhost/36593] INFO  ratis.XceiverServerRatis (XceiverServerRatis.java:start(517)) - Starting XceiverServerRatis 4bdb4f05-a228-4ed1-9676-4085400f15d3
2023-03-29 20:39:21,408 [Listener at localhost/36593] INFO  server.RaftServer (RaftServerProxy.java:startImpl(393)) - 4bdb4f05-a228-4ed1-9676-4085400f15d3: start RPC server
2023-03-29 20:39:21,413 [Listener at localhost/36593] INFO  server.GrpcService (GrpcService.java:startImpl(262)) - 4bdb4f05-a228-4ed1-9676-4085400f15d3: GrpcService started, listening on 9858
2023-03-29 20:39:21,414 [Listener at localhost/36593] INFO  ratis.XceiverServerRatis (XceiverServerRatis.java:getRealPort(543)) - XceiverServerRatis 4bdb4f05-a228-4ed1-9676-4085400f15d3 is started using port 9858 for RATIS
2023-03-29 20:39:21,414 [Listener at localhost/36593] INFO  ratis.XceiverServerRatis (XceiverServerRatis.java:getRealPort(543)) - XceiverServerRatis 4bdb4f05-a228-4ed1-9676-4085400f15d3 is started using port 9858 for RATIS_ADMIN
2023-03-29 20:39:21,414 [Listener at localhost/36593] INFO  ratis.XceiverServerRatis (XceiverServerRatis.java:getRealPort(543)) - XceiverServerRatis 4bdb4f05-a228-4ed1-9676-4085400f15d3 is started using port 9858 for RATIS_SERVER
2023-03-29 20:39:21,414 [JvmPauseMonitor15] INFO  util.JvmPauseMonitor (JvmPauseMonitor.java:run(105)) - JvmPauseMonitor-4bdb4f05-a228-4ed1-9676-4085400f15d3: Started
2023-03-29 20:39:21,429 [BlockDeletingService#0] INFO  interfaces.ContainerDeletionChoosingPolicyTemplate (ContainerDeletionChoosingPolicyTemplate.java:chooseContainerForBlockDeletion(83)) - Chosen 0/5000 blocks from 0 candidate containers.
2023-03-29 20:39:21,456 [Listener at localhost/36593] INFO  ipc.Server (Server.java:stop(3428)) - Stopping server on 36593
2023-03-29 20:39:21,457 [IPC Server listener on 36593] INFO  ipc.Server (Server.java:run(1384)) - Stopping IPC Server listener on 36593
2023-03-29 20:39:21,461 [IPC Server Responder] INFO  ipc.Server (Server.java:run(1517)) - Stopping IPC Server Responder
2023-03-29 20:39:21,461 [Listener at localhost/36593] INFO  ozoneimpl.OzoneContainer (OzoneContainer.java:stop(419)) - Attempting to stop container services.
2023-03-29 20:39:21,462 [Listener at localhost/36593] INFO  server.RaftServer (RaftServerProxy.java:lambda$close$6(409)) - 4bdb4f05-a228-4ed1-9676-4085400f15d3: close
2023-03-29 20:39:21,462 [Listener at localhost/36593] INFO  server.GrpcService (GrpcService.java:closeImpl(271)) - 4bdb4f05-a228-4ed1-9676-4085400f15d3: shutdown server GrpcServerProtocolService now
2023-03-29 20:39:21,462 [Listener at localhost/36593] INFO  server.GrpcService (GrpcService.java:closeImpl(280)) - 4bdb4f05-a228-4ed1-9676-4085400f15d3: shutdown server GrpcServerProtocolService successfully
2023-03-29 20:39:21,463 [JvmPauseMonitor15] INFO  util.JvmPauseMonitor (JvmPauseMonitor.java:run(111)) - JvmPauseMonitor-4bdb4f05-a228-4ed1-9676-4085400f15d3: Stopped
2023-03-29 20:39:23,470 [Listener at localhost/36593] INFO  utils.BackgroundService (BackgroundService.java:shutdown(141)) - Shutting down service BlockDeletingService
2023-03-29 20:39:23,470 [Listener at localhost/36593] INFO  utils.BackgroundService (BackgroundService.java:shutdown(141)) - Shutting down service StaleRecoveringContainerScrubbingService
]]></system-out>
  </testcase>
</testsuite>