<?xml version="1.0" encoding="UTF-8"?>
<testsuite xmlns:xsi="http://www.w3.org/2001/XMLSchema-instance" xsi:noNamespaceSchemaLocation="https://maven.apache.org/surefire/maven-surefire-plugin/xsd/surefire-test-report.xsd" name="org.apache.hadoop.ozone.TestMiniOzoneCluster" time="221.685" tests="5" errors="1" skipped="0" failures="0">
  <properties>
    <property name="awt.toolkit" value="sun.awt.X11.XToolkit"/>
    <property name="file.encoding.pkg" value="sun.io"/>
    <property name="java.specification.version" value="1.8"/>
    <property name="sun.cpu.isalist" value=""/>
    <property name="sun.jnu.encoding" value="UTF-8"/>
    <property name="java.class.path" value="/home/runner/work/ozone/ozone/hadoop-ozone/integration-test/target/test-classes:/home/runner/work/ozone/ozone/hadoop-ozone/integration-test/target/classes:/home/runner/.m2/repository/org/apache/ozone/ozone-common/1.3.0-SNAPSHOT/ozone-common-1.3.0-SNAPSHOT.jar:/home/runner/.m2/repository/org/apache/commons/commons-compress/1.21/commons-compress-1.21.jar:/home/runner/.m2/repository/org/apache/ozone/hdds-common/1.3.0-SNAPSHOT/hdds-common-1.3.0-SNAPSHOT.jar:/home/runner/.m2/repository/org/apache/ozone/hdds-client/1.3.0-SNAPSHOT/hdds-client-1.3.0-SNAPSHOT.jar:/home/runner/.m2/repository/org/apache/ozone/ozone-interface-client/1.3.0-SNAPSHOT/ozone-interface-client-1.3.0-SNAPSHOT.jar:/home/runner/.m2/repository/org/apache/ozone/hdds-test-utils/1.3.0-SNAPSHOT/hdds-test-utils-1.3.0-SNAPSHOT.jar:/home/runner/.m2/repository/com/google/guava/guava/30.1.1-jre/guava-30.1.1-jre.jar:/home/runner/.m2/repository/com/google/guava/failureaccess/1.0.1/failureaccess-1.0.1.jar:/home/runner/.m2/repository/com/google/guava/listenablefuture/9999.0-empty-to-avoid-conflict-with-guava/listenablefuture-9999.0-empty-to-avoid-conflict-with-guava.jar:/home/runner/.m2/repository/com/google/code/findbugs/jsr305/3.0.0/jsr305-3.0.0.jar:/home/runner/.m2/repository/org/checkerframework/checker-qual/3.8.0/checker-qual-3.8.0.jar:/home/runner/.m2/repository/com/google/errorprone/error_prone_annotations/2.2.0/error_prone_annotations-2.2.0.jar:/home/runner/.m2/repository/com/google/j2objc/j2objc-annotations/1.3/j2objc-annotations-1.3.jar:/home/runner/.m2/repository/commons-io/commons-io/2.11.0/commons-io-2.11.0.jar:/home/runner/.m2/repository/commons-logging/commons-logging/1.2/commons-logging-1.2.jar:/home/runner/.m2/repository/log4j/log4j/1.2.17/log4j-1.2.17.jar:/home/runner/.m2/repository/org/slf4j/slf4j-api/1.7.30/slf4j-api-1.7.30.jar:/home/runner/.m2/repository/org/apache/ozone/hdds-server-scm/1.3.0-SNAPSHOT/hdds-server-scm-1.3.0-SNAPSHOT.jar:/home/runner/.m2/repository/org/apache/ozone/hdds-container-service/1.3.0-SNAPSHOT/hdds-container-service-1.3.0-SNAPSHOT.jar:/home/runner/.m2/repository/org/apache/ozone/hdds-hadoop-dependency-server/1.3.0-SNAPSHOT/hdds-hadoop-dependency-server-1.3.0-SNAPSHOT.jar:/home/runner/.m2/repository/org/apache/hadoop/hadoop-hdfs/3.3.1/hadoop-hdfs-3.3.1.jar:/home/runner/.m2/repository/org/apache/ozone/hdds-server-framework/1.3.0-SNAPSHOT/hdds-server-framework-1.3.0-SNAPSHOT.jar:/home/runner/.m2/repository/org/apache/ozone/hdds-interface-server/1.3.0-SNAPSHOT/hdds-interface-server-1.3.0-SNAPSHOT.jar:/home/runner/.m2/repository/org/eclipse/jetty/jetty-servlet/9.4.43.v20210629/jetty-servlet-9.4.43.v20210629.jar:/home/runner/.m2/repository/org/eclipse/jetty/jetty-security/9.4.43.v20210629/jetty-security-9.4.43.v20210629.jar:/home/runner/.m2/repository/org/rocksdb/rocksdbjni/6.25.3/rocksdbjni-6.25.3.jar:/home/runner/.m2/repository/io/prometheus/simpleclient_dropwizard/0.7.0/simpleclient_dropwizard-0.7.0.jar:/home/runner/.m2/repository/io/prometheus/simpleclient/0.7.0/simpleclient-0.7.0.jar:/home/runner/.m2/repository/io/prometheus/simpleclient_common/0.7.0/simpleclient_common-0.7.0.jar:/home/runner/.m2/repository/com/fasterxml/jackson/datatype/jackson-datatype-jsr310/2.12.1/jackson-datatype-jsr310-2.12.1.jar:/home/runner/.m2/repository/io/dropwizard/metrics/metrics-core/3.2.4/metrics-core-3.2.4.jar:/home/runner/.m2/repository/org/apache/hadoop/hadoop-hdfs-client/3.3.1/hadoop-hdfs-client-3.3.1.jar:/home/runner/.m2/repository/org/bouncycastle/bcprov-jdk15on/1.67/bcprov-jdk15on-1.67.jar:/home/runner/.m2/repository/com/google/protobuf/protobuf-java/2.5.0/protobuf-java-2.5.0.jar:/home/runner/.m2/repository/org/apache/ozone/ozone-manager/1.3.0-SNAPSHOT/ozone-manager-1.3.0-SNAPSHOT.jar:/home/runner/.m2/repository/org/aspectj/aspectjrt/1.9.7/aspectjrt-1.9.7.jar:/home/runner/.m2/repository/org/aspectj/aspectjweaver/1.9.7/aspectjweaver-1.9.7.jar:/home/runner/.m2/repository/org/apache/ozone/hdds-interface-client/1.3.0-SNAPSHOT/hdds-interface-client-1.3.0-SNAPSHOT.jar:/home/runner/.m2/repository/org/apache/hadoop/thirdparty/hadoop-shaded-protobuf_3_7/1.1.1/hadoop-shaded-protobuf_3_7-1.1.1.jar:/home/runner/.m2/repository/org/apache/ozone/ozone-interface-storage/1.3.0-SNAPSHOT/ozone-interface-storage-1.3.0-SNAPSHOT.jar:/home/runner/.m2/repository/org/reflections/reflections/0.9.11/reflections-0.9.11.jar:/home/runner/.m2/repository/org/apache/hadoop/hadoop-minikdc/3.3.1/hadoop-minikdc-3.3.1.jar:/home/runner/.m2/repository/org/apache/kerby/kerb-simplekdc/1.0.1/kerb-simplekdc-1.0.1.jar:/home/runner/.m2/repository/org/apache/kerby/kerb-client/1.0.1/kerb-client-1.0.1.jar:/home/runner/.m2/repository/org/apache/kerby/kerby-config/1.0.1/kerby-config-1.0.1.jar:/home/runner/.m2/repository/org/apache/kerby/kerb-common/1.0.1/kerb-common-1.0.1.jar:/home/runner/.m2/repository/org/apache/kerby/kerb-crypto/1.0.1/kerb-crypto-1.0.1.jar:/home/runner/.m2/repository/org/apache/kerby/kerb-util/1.0.1/kerb-util-1.0.1.jar:/home/runner/.m2/repository/org/apache/kerby/token-provider/1.0.1/token-provider-1.0.1.jar:/home/runner/.m2/repository/org/apache/kerby/kerb-admin/1.0.1/kerb-admin-1.0.1.jar:/home/runner/.m2/repository/org/apache/kerby/kerb-server/1.0.1/kerb-server-1.0.1.jar:/home/runner/.m2/repository/org/apache/kerby/kerb-identity/1.0.1/kerb-identity-1.0.1.jar:/home/runner/.m2/repository/org/apache/kerby/kerby-xdr/1.0.1/kerby-xdr-1.0.1.jar:/home/runner/.m2/repository/org/slf4j/slf4j-log4j12/1.7.30/slf4j-log4j12-1.7.30.jar:/home/runner/.m2/repository/org/apache/ozone/ozone-s3gateway/1.3.0-SNAPSHOT/ozone-s3gateway-1.3.0-SNAPSHOT.jar:/home/runner/.m2/repository/org/javassist/javassist/3.21.0-GA/javassist-3.21.0-GA.jar:/home/runner/.m2/repository/org/jboss/weld/servlet/weld-servlet/2.4.7.Final/weld-servlet-2.4.7.Final.jar:/home/runner/.m2/repository/org/glassfish/jersey/containers/jersey-container-servlet-core/2.33/jersey-container-servlet-core-2.33.jar:/home/runner/.m2/repository/org/glassfish/hk2/external/jakarta.inject/2.6.1/jakarta.inject-2.6.1.jar:/home/runner/.m2/repository/org/glassfish/jersey/core/jersey-common/2.33/jersey-common-2.33.jar:/home/runner/.m2/repository/jakarta/ws/rs/jakarta.ws.rs-api/2.1.6/jakarta.ws.rs-api-2.1.6.jar:/home/runner/.m2/repository/org/glassfish/jersey/ext/cdi/jersey-cdi1x/2.33/jersey-cdi1x-2.33.jar:/home/runner/.m2/repository/org/glassfish/jersey/inject/jersey-hk2/2.33/jersey-hk2-2.33.jar:/home/runner/.m2/repository/org/glassfish/hk2/hk2-locator/2.6.1/hk2-locator-2.6.1.jar:/home/runner/.m2/repository/org/glassfish/jersey/media/jersey-media-jaxb/2.33/jersey-media-jaxb-2.33.jar:/home/runner/.m2/repository/org/glassfish/hk2/osgi-resource-locator/1.0.3/osgi-resource-locator-1.0.3.jar:/home/runner/.m2/repository/org/glassfish/hk2/hk2-api/2.5.0/hk2-api-2.5.0.jar:/home/runner/.m2/repository/org/glassfish/hk2/hk2-utils/2.5.0/hk2-utils-2.5.0.jar:/home/runner/.m2/repository/org/glassfish/hk2/external/aopalliance-repackaged/2.5.0/aopalliance-repackaged-2.5.0.jar:/home/runner/.m2/repository/com/fasterxml/jackson/dataformat/jackson-dataformat-xml/2.12.1/jackson-dataformat-xml-2.12.1.jar:/home/runner/.m2/repository/com/fasterxml/jackson/core/jackson-core/2.12.1/jackson-core-2.12.1.jar:/home/runner/.m2/repository/com/fasterxml/jackson/module/jackson-module-jaxb-annotations/2.12.1/jackson-module-jaxb-annotations-2.12.1.jar:/home/runner/.m2/repository/jakarta/xml/bind/jakarta.xml.bind-api/2.3.2/jakarta.xml.bind-api-2.3.2.jar:/home/runner/.m2/repository/org/codehaus/woodstox/stax2-api/3.1.4/stax2-api-3.1.4.jar:/home/runner/.m2/repository/com/fasterxml/woodstox/woodstox-core/5.0.3/woodstox-core-5.0.3.jar:/home/runner/.m2/repository/javax/enterprise/cdi-api/1.2/cdi-api-1.2.jar:/home/runner/.m2/repository/javax/el/javax.el-api/3.0.0/javax.el-api-3.0.0.jar:/home/runner/.m2/repository/javax/interceptor/javax.interceptor-api/1.2/javax.interceptor-api-1.2.jar:/home/runner/.m2/repository/javax/inject/javax.inject/1/javax.inject-1.jar:/home/runner/.m2/repository/javax/xml/bind/jaxb-api/2.3.0/jaxb-api-2.3.0.jar:/home/runner/.m2/repository/org/glassfish/jaxb/jaxb-runtime/2.3.0.1/jaxb-runtime-2.3.0.1.jar:/home/runner/.m2/repository/org/glassfish/jaxb/jaxb-core/2.3.0.1/jaxb-core-2.3.0.1.jar:/home/runner/.m2/repository/org/glassfish/jaxb/txw2/2.3.0.1/txw2-2.3.0.1.jar:/home/runner/.m2/repository/com/sun/istack/istack-commons-runtime/3.0.5/istack-commons-runtime-3.0.5.jar:/home/runner/.m2/repository/org/jvnet/staxex/stax-ex/1.7.8/stax-ex-1.7.8.jar:/home/runner/.m2/repository/com/sun/xml/fastinfoset/FastInfoset/1.2.13/FastInfoset-1.2.13.jar:/home/runner/.m2/repository/javax/activation/activation/1.1.1/activation-1.1.1.jar:/home/runner/.m2/repository/org/apache/ozone/ozone-csi/1.3.0-SNAPSHOT/ozone-csi-1.3.0-SNAPSHOT.jar:/home/runner/.m2/repository/com/google/protobuf/protobuf-java-util/3.12.0/protobuf-java-util-3.12.0.jar:/home/runner/.m2/repository/com/google/code/gson/gson/2.2.4/gson-2.2.4.jar:/home/runner/.m2/repository/org/apache/ozone/hdds-config/1.3.0-SNAPSHOT/hdds-config-1.3.0-SNAPSHOT.jar:/home/runner/.m2/repository/io/grpc/grpc-netty/1.33.0/grpc-netty-1.33.0.jar:/home/runner/.m2/repository/io/grpc/grpc-core/1.33.0/grpc-core-1.33.0.jar:/home/runner/.m2/repository/com/google/android/annotations/4.1.1.4/annotations-4.1.1.4.jar:/home/runner/.m2/repository/io/netty/netty-codec-http2/4.1.63.Final/netty-codec-http2-4.1.63.Final.jar:/home/runner/.m2/repository/io/netty/netty-codec-http/4.1.63.Final/netty-codec-http-4.1.63.Final.jar:/home/runner/.m2/repository/io/netty/netty-handler-proxy/4.1.63.Final/netty-handler-proxy-4.1.63.Final.jar:/home/runner/.m2/repository/io/netty/netty-codec-socks/4.1.63.Final/netty-codec-socks-4.1.63.Final.jar:/home/runner/.m2/repository/io/perfmark/perfmark-api/0.19.0/perfmark-api-0.19.0.jar:/home/runner/.m2/repository/org/codehaus/mojo/animal-sniffer-annotations/1.18/animal-sniffer-annotations-1.18.jar:/home/runner/.m2/repository/io/netty/netty-transport-native-epoll/4.1.63.Final/netty-transport-native-epoll-4.1.63.Final.jar:/home/runner/.m2/repository/io/netty/netty-common/4.1.63.Final/netty-common-4.1.63.Final.jar:/home/runner/.m2/repository/io/netty/netty-buffer/4.1.63.Final/netty-buffer-4.1.63.Final.jar:/home/runner/.m2/repository/io/netty/netty-transport-native-unix-common/4.1.63.Final/netty-transport-native-unix-common-4.1.63.Final.jar:/home/runner/.m2/repository/io/grpc/grpc-protobuf/1.33.0/grpc-protobuf-1.33.0.jar:/home/runner/.m2/repository/io/grpc/grpc-api/1.33.0/grpc-api-1.33.0.jar:/home/runner/.m2/repository/io/grpc/grpc-context/1.33.0/grpc-context-1.33.0.jar:/home/runner/.m2/repository/com/google/api/grpc/proto-google-common-protos/1.17.0/proto-google-common-protos-1.17.0.jar:/home/runner/.m2/repository/io/grpc/grpc-protobuf-lite/1.33.0/grpc-protobuf-lite-1.33.0.jar:/home/runner/.m2/repository/io/grpc/grpc-stub/1.33.0/grpc-stub-1.33.0.jar:/home/runner/.m2/repository/org/apache/ozone/ozone-recon/1.3.0-SNAPSHOT/ozone-recon-1.3.0-SNAPSHOT.jar:/home/runner/.m2/repository/org/apache/ozone/ozone-reconcodegen/1.3.0-SNAPSHOT/ozone-reconcodegen-1.3.0-SNAPSHOT.jar:/home/runner/.m2/repository/com/google/inject/extensions/guice-multibindings/4.0/guice-multibindings-4.0.jar:/home/runner/.m2/repository/com/google/inject/guice/4.0/guice-4.0.jar:/home/runner/.m2/repository/aopalliance/aopalliance/1.0/aopalliance-1.0.jar:/home/runner/.m2/repository/com/google/inject/extensions/guice-assistedinject/4.0/guice-assistedinject-4.0.jar:/home/runner/.m2/repository/com/google/inject/extensions/guice-servlet/4.0/guice-servlet-4.0.jar:/home/runner/.m2/repository/org/glassfish/jersey/containers/jersey-container-servlet/2.33/jersey-container-servlet-2.33.jar:/home/runner/.m2/repository/org/glassfish/hk2/guice-bridge/2.5.0/guice-bridge-2.5.0.jar:/home/runner/.m2/repository/org/glassfish/jersey/core/jersey-server/2.33/jersey-server-2.33.jar:/home/runner/.m2/repository/org/glassfish/jersey/core/jersey-client/2.33/jersey-client-2.33.jar:/home/runner/.m2/repository/jakarta/annotation/jakarta.annotation-api/1.3.5/jakarta.annotation-api-1.3.5.jar:/home/runner/.m2/repository/jakarta/validation/jakarta.validation-api/2.0.2/jakarta.validation-api-2.0.2.jar:/home/runner/.m2/repository/org/glassfish/jersey/media/jersey-media-json-jackson/2.33/jersey-media-json-jackson-2.33.jar:/home/runner/.m2/repository/org/glassfish/jersey/ext/jersey-entity-filtering/2.33/jersey-entity-filtering-2.33.jar:/home/runner/.m2/repository/org/jooq/jooq/3.11.10/jooq-3.11.10.jar:/home/runner/.m2/repository/org/jooq/jooq-meta/3.11.10/jooq-meta-3.11.10.jar:/home/runner/.m2/repository/org/jooq/jooq-codegen/3.11.10/jooq-codegen-3.11.10.jar:/home/runner/.m2/repository/com/jolbox/bonecp/0.8.0.RELEASE/bonecp-0.8.0.RELEASE.jar:/home/runner/.m2/repository/org/apache/derby/derby/10.14.2.0/derby-10.14.2.0.jar:/home/runner/.m2/repository/org/xerial/sqlite-jdbc/3.25.2/sqlite-jdbc-3.25.2.jar:/home/runner/.m2/repository/org/springframework/spring-jdbc/5.2.18.RELEASE/spring-jdbc-5.2.18.RELEASE.jar:/home/runner/.m2/repository/org/springframework/spring-beans/5.2.18.RELEASE/spring-beans-5.2.18.RELEASE.jar:/home/runner/.m2/repository/org/springframework/spring-core/5.2.18.RELEASE/spring-core-5.2.18.RELEASE.jar:/home/runner/.m2/repository/org/springframework/spring-jcl/5.2.18.RELEASE/spring-jcl-5.2.18.RELEASE.jar:/home/runner/.m2/repository/org/springframework/spring-tx/5.2.18.RELEASE/spring-tx-5.2.18.RELEASE.jar:/home/runner/.m2/repository/org/apache/ozone/ozone-client/1.3.0-SNAPSHOT/ozone-client-1.3.0-SNAPSHOT.jar:/home/runner/.m2/repository/org/apache/ozone/ozone-filesystem/1.3.0-SNAPSHOT/ozone-filesystem-1.3.0-SNAPSHOT.jar:/home/runner/.m2/repository/org/apache/ozone/ozone-filesystem-common/1.3.0-SNAPSHOT/ozone-filesystem-common-1.3.0-SNAPSHOT.jar:/home/runner/.m2/repository/org/apache/ozone/ozone-tools/1.3.0-SNAPSHOT/ozone-tools-1.3.0-SNAPSHOT.jar:/home/runner/.m2/repository/org/apache/ratis/ratis-tools/2.2.0/ratis-tools-2.2.0.jar:/home/runner/.m2/repository/com/amazonaws/aws-java-sdk-core/1.12.124/aws-java-sdk-core-1.12.124.jar:/home/runner/.m2/repository/org/apache/httpcomponents/httpclient/4.5.13/httpclient-4.5.13.jar:/home/runner/.m2/repository/org/apache/httpcomponents/httpcore/4.4.13/httpcore-4.4.13.jar:/home/runner/.m2/repository/software/amazon/ion/ion-java/1.0.2/ion-java-1.0.2.jar:/home/runner/.m2/repository/com/fasterxml/jackson/dataformat/jackson-dataformat-cbor/2.12.1/jackson-dataformat-cbor-2.12.1.jar:/home/runner/.m2/repository/joda-time/joda-time/2.8.1/joda-time-2.8.1.jar:/home/runner/.m2/repository/com/amazonaws/aws-java-sdk-s3/1.12.124/aws-java-sdk-s3-1.12.124.jar:/home/runner/.m2/repository/com/amazonaws/aws-java-sdk-kms/1.12.124/aws-java-sdk-kms-1.12.124.jar:/home/runner/.m2/repository/com/amazonaws/jmespath-java/1.12.124/jmespath-java-1.12.124.jar:/home/runner/.m2/repository/org/kohsuke/metainf-services/metainf-services/1.8/metainf-services-1.8.jar:/home/runner/.m2/repository/org/apache/ozone/hdds-tools/1.3.0-SNAPSHOT/hdds-tools-1.3.0-SNAPSHOT.jar:/home/runner/.m2/repository/commons-cli/commons-cli/1.2/commons-cli-1.2.jar:/home/runner/.m2/repository/org/apache/commons/commons-lang3/3.7/commons-lang3-3.7.jar:/home/runner/.m2/repository/org/apache/ozone/ozone-manager/1.3.0-SNAPSHOT/ozone-manager-1.3.0-SNAPSHOT-tests.jar:/home/runner/.m2/repository/org/apache/ozone/hdds-common/1.3.0-SNAPSHOT/hdds-common-1.3.0-SNAPSHOT-tests.jar:/home/runner/.m2/repository/org/apache/ozone/hdds-hadoop-dependency-client/1.3.0-SNAPSHOT/hdds-hadoop-dependency-client-1.3.0-SNAPSHOT.jar:/home/runner/.m2/repository/info/picocli/picocli/4.6.1/picocli-4.6.1.jar:/home/runner/.m2/repository/com/fasterxml/jackson/core/jackson-annotations/2.12.1/jackson-annotations-2.12.1.jar:/home/runner/.m2/repository/javax/annotation/javax.annotation-api/1.2/javax.annotation-api-1.2.jar:/home/runner/.m2/repository/org/apache/ratis/ratis-server/2.2.0/ratis-server-2.2.0.jar:/home/runner/.m2/repository/org/apache/ratis/ratis-client/2.2.0/ratis-client-2.2.0.jar:/home/runner/.m2/repository/org/apache/ratis/ratis-server-api/2.2.0/ratis-server-api-2.2.0.jar:/home/runner/.m2/repository/org/apache/ratis/ratis-metrics/2.2.0/ratis-metrics-2.2.0.jar:/home/runner/.m2/repository/org/apache/ratis/ratis-netty/2.2.0/ratis-netty-2.2.0.jar:/home/runner/.m2/repository/org/apache/ratis/ratis-grpc/2.2.0/ratis-grpc-2.2.0.jar:/home/runner/.m2/repository/org/apache/logging/log4j/log4j-api/2.17.1/log4j-api-2.17.1.jar:/home/runner/.m2/repository/org/apache/logging/log4j/log4j-core/2.17.1/log4j-core-2.17.1.jar:/home/runner/.m2/repository/com/lmax/disruptor/3.4.2/disruptor-3.4.2.jar:/home/runner/.m2/repository/org/apache/commons/commons-pool2/2.6.0/commons-pool2-2.6.0.jar:/home/runner/.m2/repository/org/bouncycastle/bcpkix-jdk15on/1.67/bcpkix-jdk15on-1.67.jar:/home/runner/.m2/repository/commons-validator/commons-validator/1.6/commons-validator-1.6.jar:/home/runner/.m2/repository/commons-beanutils/commons-beanutils/1.9.4/commons-beanutils-1.9.4.jar:/home/runner/.m2/repository/commons-digester/commons-digester/1.8.1/commons-digester-1.8.1.jar:/home/runner/.m2/repository/commons-collections/commons-collections/3.2.2/commons-collections-3.2.2.jar:/home/runner/.m2/repository/io/jaegertracing/jaeger-client/1.6.0/jaeger-client-1.6.0.jar:/home/runner/.m2/repository/io/jaegertracing/jaeger-thrift/1.6.0/jaeger-thrift-1.6.0.jar:/home/runner/.m2/repository/org/apache/thrift/libthrift/0.14.1/libthrift-0.14.1.jar:/home/runner/.m2/repository/com/squareup/okhttp3/okhttp/4.9.0/okhttp-4.9.0.jar:/home/runner/.m2/repository/com/squareup/okio/okio/2.8.0/okio-2.8.0.jar:/home/runner/.m2/repository/io/jaegertracing/jaeger-core/1.6.0/jaeger-core-1.6.0.jar:/home/runner/.m2/repository/io/jaegertracing/jaeger-tracerresolver/1.6.0/jaeger-tracerresolver-1.6.0.jar:/home/runner/.m2/repository/io/opentracing/contrib/opentracing-tracerresolver/0.1.8/opentracing-tracerresolver-0.1.8.jar:/home/runner/.m2/repository/org/jetbrains/kotlin/kotlin-stdlib/1.4.31/kotlin-stdlib-1.4.31.jar:/home/runner/.m2/repository/org/jetbrains/kotlin/kotlin-stdlib-common/1.4.31/kotlin-stdlib-common-1.4.31.jar:/home/runner/.m2/repository/org/jetbrains/annotations/13.0/annotations-13.0.jar:/home/runner/.m2/repository/io/opentracing/opentracing-util/0.33.0/opentracing-util-0.33.0.jar:/home/runner/.m2/repository/io/opentracing/opentracing-api/0.33.0/opentracing-api-0.33.0.jar:/home/runner/.m2/repository/io/opentracing/opentracing-noop/0.33.0/opentracing-noop-0.33.0.jar:/home/runner/.m2/repository/org/yaml/snakeyaml/1.26/snakeyaml-1.26.jar:/home/runner/.m2/repository/org/apache/ozone/hdds-interface-admin/1.3.0-SNAPSHOT/hdds-interface-admin-1.3.0-SNAPSHOT.jar:/home/runner/.m2/repository/junit/junit/4.13.1/junit-4.13.1.jar:/home/runner/.m2/repository/org/hamcrest/hamcrest-core/1.3/hamcrest-core-1.3.jar:/home/runner/.m2/repository/org/junit/jupiter/junit-jupiter-api/5.7.0/junit-jupiter-api-5.7.0.jar:/home/runner/.m2/repository/org/apiguardian/apiguardian-api/1.1.0/apiguardian-api-1.1.0.jar:/home/runner/.m2/repository/org/opentest4j/opentest4j/1.2.0/opentest4j-1.2.0.jar:/home/runner/.m2/repository/org/junit/platform/junit-platform-commons/1.7.0/junit-platform-commons-1.7.0.jar:/home/runner/.m2/repository/org/junit/jupiter/junit-jupiter-engine/5.7.0/junit-jupiter-engine-5.7.0.jar:/home/runner/.m2/repository/org/junit/platform/junit-platform-engine/1.7.0/junit-platform-engine-1.7.0.jar:/home/runner/.m2/repository/org/junit/vintage/junit-vintage-engine/5.7.0/junit-vintage-engine-5.7.0.jar:/home/runner/.m2/repository/org/junit/platform/junit-platform-launcher/1.7.0/junit-platform-launcher-1.7.0.jar:/home/runner/.m2/repository/org/mockito/mockito-core/2.28.2/mockito-core-2.28.2.jar:/home/runner/.m2/repository/net/bytebuddy/byte-buddy/1.9.10/byte-buddy-1.9.10.jar:/home/runner/.m2/repository/net/bytebuddy/byte-buddy-agent/1.9.10/byte-buddy-agent-1.9.10.jar:/home/runner/.m2/repository/org/objenesis/objenesis/1.0/objenesis-1.0.jar:/home/runner/.m2/repository/org/apache/hadoop/hadoop-kms/3.3.1/hadoop-kms-3.3.1.jar:/home/runner/.m2/repository/org/apache/hadoop/hadoop-auth/3.3.1/hadoop-auth-3.3.1.jar:/home/runner/.m2/repository/com/nimbusds/nimbus-jose-jwt/7.9/nimbus-jose-jwt-7.9.jar:/home/runner/.m2/repository/com/github/stephenc/jcip/jcip-annotations/1.0-1/jcip-annotations-1.0-1.jar:/home/runner/.m2/repository/net/minidev/json-smart/2.3.1/json-smart-2.3.1.jar:/home/runner/.m2/repository/net/minidev/accessors-smart/2.3.1/accessors-smart-2.3.1.jar:/home/runner/.m2/repository/org/ow2/asm/asm/5.0.4/asm-5.0.4.jar:/home/runner/.m2/repository/org/apache/zookeeper/zookeeper/3.5.6/zookeeper-3.5.6.jar:/home/runner/.m2/repository/org/apache/zookeeper/zookeeper-jute/3.5.6/zookeeper-jute-3.5.6.jar:/home/runner/.m2/repository/org/apache/yetus/audience-annotations/0.5.0/audience-annotations-0.5.0.jar:/home/runner/.m2/repository/org/apache/curator/curator-framework/4.2.0/curator-framework-4.2.0.jar:/home/runner/.m2/repository/org/apache/hadoop/thirdparty/hadoop-shaded-guava/1.1.1/hadoop-shaded-guava-1.1.1.jar:/home/runner/.m2/repository/com/sun/jersey/jersey-core/1.19/jersey-core-1.19.jar:/home/runner/.m2/repository/javax/ws/rs/jsr311-api/1.1.1/jsr311-api-1.1.1.jar:/home/runner/.m2/repository/com/sun/jersey/jersey-server/1.19/jersey-server-1.19.jar:/home/runner/.m2/repository/javax/servlet/javax.servlet-api/3.1.0/javax.servlet-api-3.1.0.jar:/home/runner/.m2/repository/org/eclipse/jetty/jetty-server/9.4.43.v20210629/jetty-server-9.4.43.v20210629.jar:/home/runner/.m2/repository/org/eclipse/jetty/jetty-http/9.4.43.v20210629/jetty-http-9.4.43.v20210629.jar:/home/runner/.m2/repository/org/eclipse/jetty/jetty-io/9.4.43.v20210629/jetty-io-9.4.43.v20210629.jar:/home/runner/.m2/repository/org/eclipse/jetty/jetty-webapp/9.4.43.v20210629/jetty-webapp-9.4.43.v20210629.jar:/home/runner/.m2/repository/org/eclipse/jetty/jetty-xml/9.4.43.v20210629/jetty-xml-9.4.43.v20210629.jar:/home/runner/.m2/repository/org/apache/hadoop/hadoop-common/3.3.1/hadoop-common-3.3.1.jar:/home/runner/.m2/repository/org/apache/commons/commons-math3/3.1.1/commons-math3-3.1.1.jar:/home/runner/.m2/repository/commons-net/commons-net/3.6/commons-net-3.6.jar:/home/runner/.m2/repository/jakarta/activation/jakarta.activation-api/1.2.1/jakarta.activation-api-1.2.1.jar:/home/runner/.m2/repository/com/sun/jersey/jersey-servlet/1.19/jersey-servlet-1.19.jar:/home/runner/.m2/repository/com/sun/jersey/jersey-json/1.19/jersey-json-1.19.jar:/home/runner/.m2/repository/org/codehaus/jettison/jettison/1.1/jettison-1.1.jar:/home/runner/.m2/repository/com/sun/xml/bind/jaxb-impl/2.2.3-1/jaxb-impl-2.2.3-1.jar:/home/runner/.m2/repository/org/codehaus/jackson/jackson-jaxrs/1.9.2/jackson-jaxrs-1.9.2.jar:/home/runner/.m2/repository/org/codehaus/jackson/jackson-xc/1.9.2/jackson-xc-1.9.2.jar:/home/runner/.m2/repository/org/apache/commons/commons-configuration2/2.1.1/commons-configuration2-2.1.1.jar:/home/runner/.m2/repository/org/apache/commons/commons-text/1.4/commons-text-1.4.jar:/home/runner/.m2/repository/com/google/re2j/re2j/1.1/re2j-1.1.jar:/home/runner/.m2/repository/com/jcraft/jsch/0.1.54/jsch-0.1.54.jar:/home/runner/.m2/repository/org/apache/curator/curator-client/4.2.0/curator-client-4.2.0.jar:/home/runner/.m2/repository/org/apache/curator/curator-recipes/4.2.0/curator-recipes-4.2.0.jar:/home/runner/.m2/repository/org/apache/kerby/kerb-core/1.0.1/kerb-core-1.0.1.jar:/home/runner/.m2/repository/org/apache/kerby/kerby-pkix/1.0.1/kerby-pkix-1.0.1.jar:/home/runner/.m2/repository/org/apache/kerby/kerby-asn1/1.0.1/kerby-asn1-1.0.1.jar:/home/runner/.m2/repository/org/apache/kerby/kerby-util/1.0.1/kerby-util-1.0.1.jar:/home/runner/.m2/repository/dnsjava/dnsjava/2.1.7/dnsjava-2.1.7.jar:/home/runner/.m2/repository/org/xerial/snappy/snappy-java/1.1.8.2/snappy-java-1.1.8.2.jar:/home/runner/.m2/repository/org/slf4j/jul-to-slf4j/1.7.30/jul-to-slf4j-1.7.30.jar:/home/runner/.m2/repository/org/eclipse/jetty/jetty-util/9.4.43.v20210629/jetty-util-9.4.43.v20210629.jar:/home/runner/.m2/repository/com/fasterxml/jackson/core/jackson-databind/2.12.1/jackson-databind-2.12.1.jar:/home/runner/.m2/repository/org/apache/hadoop/hadoop-kms/3.3.1/hadoop-kms-3.3.1-tests.jar:/home/runner/.m2/repository/org/apache/ozone/hdds-server-scm/1.3.0-SNAPSHOT/hdds-server-scm-1.3.0-SNAPSHOT-tests.jar:/home/runner/.m2/repository/org/apache/ozone/hdds-container-service/1.3.0-SNAPSHOT/hdds-container-service-1.3.0-SNAPSHOT-tests.jar:/home/runner/.m2/repository/commons-codec/commons-codec/1.11/commons-codec-1.11.jar:/home/runner/.m2/repository/io/netty/netty-transport/4.1.63.Final/netty-transport-4.1.63.Final.jar:/home/runner/.m2/repository/io/netty/netty-resolver/4.1.63.Final/netty-resolver-4.1.63.Final.jar:/home/runner/.m2/repository/io/netty/netty-codec/4.1.63.Final/netty-codec-4.1.63.Final.jar:/home/runner/.m2/repository/io/netty/netty-handler/4.1.63.Final/netty-handler-4.1.63.Final.jar:/home/runner/.m2/repository/org/apache/ozone/hdds-hadoop-dependency-test/1.3.0-SNAPSHOT/hdds-hadoop-dependency-test-1.3.0-SNAPSHOT.jar:/home/runner/.m2/repository/org/apache/hadoop/hadoop-common/3.3.1/hadoop-common-3.3.1-tests.jar:/home/runner/.m2/repository/org/assertj/assertj-core/3.12.2/assertj-core-3.12.2.jar:/home/runner/.m2/repository/org/apache/hadoop/hadoop-hdfs/3.3.1/hadoop-hdfs-3.3.1-tests.jar:/home/runner/.m2/repository/org/eclipse/jetty/jetty-util-ajax/9.4.43.v20210629/jetty-util-ajax-9.4.43.v20210629.jar:/home/runner/.m2/repository/commons-daemon/commons-daemon/1.0.13/commons-daemon-1.0.13.jar:/home/runner/.m2/repository/io/netty/netty/3.10.6.Final/netty-3.10.6.Final.jar:/home/runner/.m2/repository/io/netty/netty-all/4.1.63.Final/netty-all-4.1.63.Final.jar:/home/runner/.m2/repository/org/apache/htrace/htrace-core4/4.1.0-incubating/htrace-core4-4.1.0-incubating.jar:/home/runner/.m2/repository/org/fusesource/leveldbjni/leveldbjni-all/1.8/leveldbjni-all-1.8.jar:/home/runner/.m2/repository/org/apache/hadoop/hadoop-distcp/3.3.1/hadoop-distcp-3.3.1.jar:/home/runner/.m2/repository/org/apache/hadoop/hadoop-mapreduce-client-jobclient/3.3.1/hadoop-mapreduce-client-jobclient-3.3.1.jar:/home/runner/.m2/repository/org/apache/hadoop/hadoop-mapreduce-client-common/3.3.1/hadoop-mapreduce-client-common-3.3.1.jar:/home/runner/.m2/repository/org/apache/hadoop/hadoop-yarn-common/3.3.1/hadoop-yarn-common-3.3.1.jar:/home/runner/.m2/repository/org/apache/hadoop/hadoop-yarn-api/3.3.1/hadoop-yarn-api-3.3.1.jar:/home/runner/.m2/repository/com/sun/jersey/jersey-client/1.19/jersey-client-1.19.jar:/home/runner/.m2/repository/com/sun/jersey/contribs/jersey-guice/1.19/jersey-guice-1.19.jar:/home/runner/.m2/repository/com/fasterxml/jackson/jaxrs/jackson-jaxrs-json-provider/2.12.1/jackson-jaxrs-json-provider-2.12.1.jar:/home/runner/.m2/repository/com/fasterxml/jackson/jaxrs/jackson-jaxrs-base/2.12.1/jackson-jaxrs-base-2.12.1.jar:/home/runner/.m2/repository/org/apache/hadoop/hadoop-yarn-client/3.3.1/hadoop-yarn-client-3.3.1.jar:/home/runner/.m2/repository/org/eclipse/jetty/websocket/websocket-client/9.4.40.v20210413/websocket-client-9.4.40.v20210413.jar:/home/runner/.m2/repository/org/eclipse/jetty/jetty-client/9.4.40.v20210413/jetty-client-9.4.40.v20210413.jar:/home/runner/.m2/repository/org/eclipse/jetty/websocket/websocket-common/9.4.40.v20210413/websocket-common-9.4.40.v20210413.jar:/home/runner/.m2/repository/org/eclipse/jetty/websocket/websocket-api/9.4.40.v20210413/websocket-api-9.4.40.v20210413.jar:/home/runner/.m2/repository/org/jline/jline/3.9.0/jline-3.9.0.jar:/home/runner/.m2/repository/org/apache/hadoop/hadoop-mapreduce-client-core/3.3.1/hadoop-mapreduce-client-core-3.3.1.jar:/home/runner/.m2/repository/org/apache/avro/avro/1.7.7/avro-1.7.7.jar:/home/runner/.m2/repository/org/codehaus/jackson/jackson-core-asl/1.9.13/jackson-core-asl-1.9.13.jar:/home/runner/.m2/repository/org/codehaus/jackson/jackson-mapper-asl/1.9.13/jackson-mapper-asl-1.9.13.jar:/home/runner/.m2/repository/com/thoughtworks/paranamer/paranamer/2.3/paranamer-2.3.jar:/home/runner/.m2/repository/org/apache/hadoop/hadoop-annotations/3.3.1/hadoop-annotations-3.3.1.jar:/usr/lib/jvm/temurin-8-jdk-amd64/jre/../lib/tools.jar:/home/runner/.m2/repository/org/apache/hadoop/hadoop-distcp/3.3.1/hadoop-distcp-3.3.1-tests.jar:/home/runner/.m2/repository/org/apache/ratis/ratis-common/2.2.0/ratis-common-2.2.0.jar:/home/runner/.m2/repository/org/apache/ratis/ratis-thirdparty-misc/0.7.0/ratis-thirdparty-misc-0.7.0.jar:/home/runner/.m2/repository/org/apache/ratis/ratis-proto/2.2.0/ratis-proto-2.2.0.jar:"/>
    <property name="java.vm.vendor" value="Temurin"/>
    <property name="sun.arch.data.model" value="64"/>
    <property name="test.build.dir" value="/home/runner/work/ozone/ozone/hadoop-ozone/integration-test/target/test-dir"/>
    <property name="test.cache.data" value=""/>
    <property name="java.vendor.url" value="https://adoptium.net/"/>
    <property name="user.timezone" value=""/>
    <property name="java.vm.specification.version" value="1.8"/>
    <property name="os.name" value="Linux"/>
    <property name="test.build.data" value="/home/runner/work/ozone/ozone/hadoop-ozone/integration-test/target/test-dir"/>
    <property name="sun.java.launcher" value="SUN_STANDARD"/>
    <property name="sun.boot.library.path" value="/usr/lib/jvm/temurin-8-jdk-amd64/jre/lib/amd64"/>
    <property name="sun.java.command" value="/home/runner/work/ozone/ozone/hadoop-ozone/integration-test/target/surefire/surefirebooter3901438818599243965.jar /home/runner/work/ozone/ozone/hadoop-ozone/integration-test/target/surefire 2022-02-02T13-06-38_544-jvmRun1 surefire7378885129550640880tmp surefire_157409539398351070833tmp"/>
    <property name="surefire.test.class.path" value="/home/runner/work/ozone/ozone/hadoop-ozone/integration-test/target/test-classes:/home/runner/work/ozone/ozone/hadoop-ozone/integration-test/target/classes:/home/runner/.m2/repository/org/apache/ozone/ozone-common/1.3.0-SNAPSHOT/ozone-common-1.3.0-SNAPSHOT.jar:/home/runner/.m2/repository/org/apache/commons/commons-compress/1.21/commons-compress-1.21.jar:/home/runner/.m2/repository/org/apache/ozone/hdds-common/1.3.0-SNAPSHOT/hdds-common-1.3.0-SNAPSHOT.jar:/home/runner/.m2/repository/org/apache/ozone/hdds-client/1.3.0-SNAPSHOT/hdds-client-1.3.0-SNAPSHOT.jar:/home/runner/.m2/repository/org/apache/ozone/ozone-interface-client/1.3.0-SNAPSHOT/ozone-interface-client-1.3.0-SNAPSHOT.jar:/home/runner/.m2/repository/org/apache/ozone/hdds-test-utils/1.3.0-SNAPSHOT/hdds-test-utils-1.3.0-SNAPSHOT.jar:/home/runner/.m2/repository/com/google/guava/guava/30.1.1-jre/guava-30.1.1-jre.jar:/home/runner/.m2/repository/com/google/guava/failureaccess/1.0.1/failureaccess-1.0.1.jar:/home/runner/.m2/repository/com/google/guava/listenablefuture/9999.0-empty-to-avoid-conflict-with-guava/listenablefuture-9999.0-empty-to-avoid-conflict-with-guava.jar:/home/runner/.m2/repository/com/google/code/findbugs/jsr305/3.0.0/jsr305-3.0.0.jar:/home/runner/.m2/repository/org/checkerframework/checker-qual/3.8.0/checker-qual-3.8.0.jar:/home/runner/.m2/repository/com/google/errorprone/error_prone_annotations/2.2.0/error_prone_annotations-2.2.0.jar:/home/runner/.m2/repository/com/google/j2objc/j2objc-annotations/1.3/j2objc-annotations-1.3.jar:/home/runner/.m2/repository/commons-io/commons-io/2.11.0/commons-io-2.11.0.jar:/home/runner/.m2/repository/commons-logging/commons-logging/1.2/commons-logging-1.2.jar:/home/runner/.m2/repository/log4j/log4j/1.2.17/log4j-1.2.17.jar:/home/runner/.m2/repository/org/slf4j/slf4j-api/1.7.30/slf4j-api-1.7.30.jar:/home/runner/.m2/repository/org/apache/ozone/hdds-server-scm/1.3.0-SNAPSHOT/hdds-server-scm-1.3.0-SNAPSHOT.jar:/home/runner/.m2/repository/org/apache/ozone/hdds-container-service/1.3.0-SNAPSHOT/hdds-container-service-1.3.0-SNAPSHOT.jar:/home/runner/.m2/repository/org/apache/ozone/hdds-hadoop-dependency-server/1.3.0-SNAPSHOT/hdds-hadoop-dependency-server-1.3.0-SNAPSHOT.jar:/home/runner/.m2/repository/org/apache/hadoop/hadoop-hdfs/3.3.1/hadoop-hdfs-3.3.1.jar:/home/runner/.m2/repository/org/apache/ozone/hdds-server-framework/1.3.0-SNAPSHOT/hdds-server-framework-1.3.0-SNAPSHOT.jar:/home/runner/.m2/repository/org/apache/ozone/hdds-interface-server/1.3.0-SNAPSHOT/hdds-interface-server-1.3.0-SNAPSHOT.jar:/home/runner/.m2/repository/org/eclipse/jetty/jetty-servlet/9.4.43.v20210629/jetty-servlet-9.4.43.v20210629.jar:/home/runner/.m2/repository/org/eclipse/jetty/jetty-security/9.4.43.v20210629/jetty-security-9.4.43.v20210629.jar:/home/runner/.m2/repository/org/rocksdb/rocksdbjni/6.25.3/rocksdbjni-6.25.3.jar:/home/runner/.m2/repository/io/prometheus/simpleclient_dropwizard/0.7.0/simpleclient_dropwizard-0.7.0.jar:/home/runner/.m2/repository/io/prometheus/simpleclient/0.7.0/simpleclient-0.7.0.jar:/home/runner/.m2/repository/io/prometheus/simpleclient_common/0.7.0/simpleclient_common-0.7.0.jar:/home/runner/.m2/repository/com/fasterxml/jackson/datatype/jackson-datatype-jsr310/2.12.1/jackson-datatype-jsr310-2.12.1.jar:/home/runner/.m2/repository/io/dropwizard/metrics/metrics-core/3.2.4/metrics-core-3.2.4.jar:/home/runner/.m2/repository/org/apache/hadoop/hadoop-hdfs-client/3.3.1/hadoop-hdfs-client-3.3.1.jar:/home/runner/.m2/repository/org/bouncycastle/bcprov-jdk15on/1.67/bcprov-jdk15on-1.67.jar:/home/runner/.m2/repository/com/google/protobuf/protobuf-java/2.5.0/protobuf-java-2.5.0.jar:/home/runner/.m2/repository/org/apache/ozone/ozone-manager/1.3.0-SNAPSHOT/ozone-manager-1.3.0-SNAPSHOT.jar:/home/runner/.m2/repository/org/aspectj/aspectjrt/1.9.7/aspectjrt-1.9.7.jar:/home/runner/.m2/repository/org/aspectj/aspectjweaver/1.9.7/aspectjweaver-1.9.7.jar:/home/runner/.m2/repository/org/apache/ozone/hdds-interface-client/1.3.0-SNAPSHOT/hdds-interface-client-1.3.0-SNAPSHOT.jar:/home/runner/.m2/repository/org/apache/hadoop/thirdparty/hadoop-shaded-protobuf_3_7/1.1.1/hadoop-shaded-protobuf_3_7-1.1.1.jar:/home/runner/.m2/repository/org/apache/ozone/ozone-interface-storage/1.3.0-SNAPSHOT/ozone-interface-storage-1.3.0-SNAPSHOT.jar:/home/runner/.m2/repository/org/reflections/reflections/0.9.11/reflections-0.9.11.jar:/home/runner/.m2/repository/org/apache/hadoop/hadoop-minikdc/3.3.1/hadoop-minikdc-3.3.1.jar:/home/runner/.m2/repository/org/apache/kerby/kerb-simplekdc/1.0.1/kerb-simplekdc-1.0.1.jar:/home/runner/.m2/repository/org/apache/kerby/kerb-client/1.0.1/kerb-client-1.0.1.jar:/home/runner/.m2/repository/org/apache/kerby/kerby-config/1.0.1/kerby-config-1.0.1.jar:/home/runner/.m2/repository/org/apache/kerby/kerb-common/1.0.1/kerb-common-1.0.1.jar:/home/runner/.m2/repository/org/apache/kerby/kerb-crypto/1.0.1/kerb-crypto-1.0.1.jar:/home/runner/.m2/repository/org/apache/kerby/kerb-util/1.0.1/kerb-util-1.0.1.jar:/home/runner/.m2/repository/org/apache/kerby/token-provider/1.0.1/token-provider-1.0.1.jar:/home/runner/.m2/repository/org/apache/kerby/kerb-admin/1.0.1/kerb-admin-1.0.1.jar:/home/runner/.m2/repository/org/apache/kerby/kerb-server/1.0.1/kerb-server-1.0.1.jar:/home/runner/.m2/repository/org/apache/kerby/kerb-identity/1.0.1/kerb-identity-1.0.1.jar:/home/runner/.m2/repository/org/apache/kerby/kerby-xdr/1.0.1/kerby-xdr-1.0.1.jar:/home/runner/.m2/repository/org/slf4j/slf4j-log4j12/1.7.30/slf4j-log4j12-1.7.30.jar:/home/runner/.m2/repository/org/apache/ozone/ozone-s3gateway/1.3.0-SNAPSHOT/ozone-s3gateway-1.3.0-SNAPSHOT.jar:/home/runner/.m2/repository/org/javassist/javassist/3.21.0-GA/javassist-3.21.0-GA.jar:/home/runner/.m2/repository/org/jboss/weld/servlet/weld-servlet/2.4.7.Final/weld-servlet-2.4.7.Final.jar:/home/runner/.m2/repository/org/glassfish/jersey/containers/jersey-container-servlet-core/2.33/jersey-container-servlet-core-2.33.jar:/home/runner/.m2/repository/org/glassfish/hk2/external/jakarta.inject/2.6.1/jakarta.inject-2.6.1.jar:/home/runner/.m2/repository/org/glassfish/jersey/core/jersey-common/2.33/jersey-common-2.33.jar:/home/runner/.m2/repository/jakarta/ws/rs/jakarta.ws.rs-api/2.1.6/jakarta.ws.rs-api-2.1.6.jar:/home/runner/.m2/repository/org/glassfish/jersey/ext/cdi/jersey-cdi1x/2.33/jersey-cdi1x-2.33.jar:/home/runner/.m2/repository/org/glassfish/jersey/inject/jersey-hk2/2.33/jersey-hk2-2.33.jar:/home/runner/.m2/repository/org/glassfish/hk2/hk2-locator/2.6.1/hk2-locator-2.6.1.jar:/home/runner/.m2/repository/org/glassfish/jersey/media/jersey-media-jaxb/2.33/jersey-media-jaxb-2.33.jar:/home/runner/.m2/repository/org/glassfish/hk2/osgi-resource-locator/1.0.3/osgi-resource-locator-1.0.3.jar:/home/runner/.m2/repository/org/glassfish/hk2/hk2-api/2.5.0/hk2-api-2.5.0.jar:/home/runner/.m2/repository/org/glassfish/hk2/hk2-utils/2.5.0/hk2-utils-2.5.0.jar:/home/runner/.m2/repository/org/glassfish/hk2/external/aopalliance-repackaged/2.5.0/aopalliance-repackaged-2.5.0.jar:/home/runner/.m2/repository/com/fasterxml/jackson/dataformat/jackson-dataformat-xml/2.12.1/jackson-dataformat-xml-2.12.1.jar:/home/runner/.m2/repository/com/fasterxml/jackson/core/jackson-core/2.12.1/jackson-core-2.12.1.jar:/home/runner/.m2/repository/com/fasterxml/jackson/module/jackson-module-jaxb-annotations/2.12.1/jackson-module-jaxb-annotations-2.12.1.jar:/home/runner/.m2/repository/jakarta/xml/bind/jakarta.xml.bind-api/2.3.2/jakarta.xml.bind-api-2.3.2.jar:/home/runner/.m2/repository/org/codehaus/woodstox/stax2-api/3.1.4/stax2-api-3.1.4.jar:/home/runner/.m2/repository/com/fasterxml/woodstox/woodstox-core/5.0.3/woodstox-core-5.0.3.jar:/home/runner/.m2/repository/javax/enterprise/cdi-api/1.2/cdi-api-1.2.jar:/home/runner/.m2/repository/javax/el/javax.el-api/3.0.0/javax.el-api-3.0.0.jar:/home/runner/.m2/repository/javax/interceptor/javax.interceptor-api/1.2/javax.interceptor-api-1.2.jar:/home/runner/.m2/repository/javax/inject/javax.inject/1/javax.inject-1.jar:/home/runner/.m2/repository/javax/xml/bind/jaxb-api/2.3.0/jaxb-api-2.3.0.jar:/home/runner/.m2/repository/org/glassfish/jaxb/jaxb-runtime/2.3.0.1/jaxb-runtime-2.3.0.1.jar:/home/runner/.m2/repository/org/glassfish/jaxb/jaxb-core/2.3.0.1/jaxb-core-2.3.0.1.jar:/home/runner/.m2/repository/org/glassfish/jaxb/txw2/2.3.0.1/txw2-2.3.0.1.jar:/home/runner/.m2/repository/com/sun/istack/istack-commons-runtime/3.0.5/istack-commons-runtime-3.0.5.jar:/home/runner/.m2/repository/org/jvnet/staxex/stax-ex/1.7.8/stax-ex-1.7.8.jar:/home/runner/.m2/repository/com/sun/xml/fastinfoset/FastInfoset/1.2.13/FastInfoset-1.2.13.jar:/home/runner/.m2/repository/javax/activation/activation/1.1.1/activation-1.1.1.jar:/home/runner/.m2/repository/org/apache/ozone/ozone-csi/1.3.0-SNAPSHOT/ozone-csi-1.3.0-SNAPSHOT.jar:/home/runner/.m2/repository/com/google/protobuf/protobuf-java-util/3.12.0/protobuf-java-util-3.12.0.jar:/home/runner/.m2/repository/com/google/code/gson/gson/2.2.4/gson-2.2.4.jar:/home/runner/.m2/repository/org/apache/ozone/hdds-config/1.3.0-SNAPSHOT/hdds-config-1.3.0-SNAPSHOT.jar:/home/runner/.m2/repository/io/grpc/grpc-netty/1.33.0/grpc-netty-1.33.0.jar:/home/runner/.m2/repository/io/grpc/grpc-core/1.33.0/grpc-core-1.33.0.jar:/home/runner/.m2/repository/com/google/android/annotations/4.1.1.4/annotations-4.1.1.4.jar:/home/runner/.m2/repository/io/netty/netty-codec-http2/4.1.63.Final/netty-codec-http2-4.1.63.Final.jar:/home/runner/.m2/repository/io/netty/netty-codec-http/4.1.63.Final/netty-codec-http-4.1.63.Final.jar:/home/runner/.m2/repository/io/netty/netty-handler-proxy/4.1.63.Final/netty-handler-proxy-4.1.63.Final.jar:/home/runner/.m2/repository/io/netty/netty-codec-socks/4.1.63.Final/netty-codec-socks-4.1.63.Final.jar:/home/runner/.m2/repository/io/perfmark/perfmark-api/0.19.0/perfmark-api-0.19.0.jar:/home/runner/.m2/repository/org/codehaus/mojo/animal-sniffer-annotations/1.18/animal-sniffer-annotations-1.18.jar:/home/runner/.m2/repository/io/netty/netty-transport-native-epoll/4.1.63.Final/netty-transport-native-epoll-4.1.63.Final.jar:/home/runner/.m2/repository/io/netty/netty-common/4.1.63.Final/netty-common-4.1.63.Final.jar:/home/runner/.m2/repository/io/netty/netty-buffer/4.1.63.Final/netty-buffer-4.1.63.Final.jar:/home/runner/.m2/repository/io/netty/netty-transport-native-unix-common/4.1.63.Final/netty-transport-native-unix-common-4.1.63.Final.jar:/home/runner/.m2/repository/io/grpc/grpc-protobuf/1.33.0/grpc-protobuf-1.33.0.jar:/home/runner/.m2/repository/io/grpc/grpc-api/1.33.0/grpc-api-1.33.0.jar:/home/runner/.m2/repository/io/grpc/grpc-context/1.33.0/grpc-context-1.33.0.jar:/home/runner/.m2/repository/com/google/api/grpc/proto-google-common-protos/1.17.0/proto-google-common-protos-1.17.0.jar:/home/runner/.m2/repository/io/grpc/grpc-protobuf-lite/1.33.0/grpc-protobuf-lite-1.33.0.jar:/home/runner/.m2/repository/io/grpc/grpc-stub/1.33.0/grpc-stub-1.33.0.jar:/home/runner/.m2/repository/org/apache/ozone/ozone-recon/1.3.0-SNAPSHOT/ozone-recon-1.3.0-SNAPSHOT.jar:/home/runner/.m2/repository/org/apache/ozone/ozone-reconcodegen/1.3.0-SNAPSHOT/ozone-reconcodegen-1.3.0-SNAPSHOT.jar:/home/runner/.m2/repository/com/google/inject/extensions/guice-multibindings/4.0/guice-multibindings-4.0.jar:/home/runner/.m2/repository/com/google/inject/guice/4.0/guice-4.0.jar:/home/runner/.m2/repository/aopalliance/aopalliance/1.0/aopalliance-1.0.jar:/home/runner/.m2/repository/com/google/inject/extensions/guice-assistedinject/4.0/guice-assistedinject-4.0.jar:/home/runner/.m2/repository/com/google/inject/extensions/guice-servlet/4.0/guice-servlet-4.0.jar:/home/runner/.m2/repository/org/glassfish/jersey/containers/jersey-container-servlet/2.33/jersey-container-servlet-2.33.jar:/home/runner/.m2/repository/org/glassfish/hk2/guice-bridge/2.5.0/guice-bridge-2.5.0.jar:/home/runner/.m2/repository/org/glassfish/jersey/core/jersey-server/2.33/jersey-server-2.33.jar:/home/runner/.m2/repository/org/glassfish/jersey/core/jersey-client/2.33/jersey-client-2.33.jar:/home/runner/.m2/repository/jakarta/annotation/jakarta.annotation-api/1.3.5/jakarta.annotation-api-1.3.5.jar:/home/runner/.m2/repository/jakarta/validation/jakarta.validation-api/2.0.2/jakarta.validation-api-2.0.2.jar:/home/runner/.m2/repository/org/glassfish/jersey/media/jersey-media-json-jackson/2.33/jersey-media-json-jackson-2.33.jar:/home/runner/.m2/repository/org/glassfish/jersey/ext/jersey-entity-filtering/2.33/jersey-entity-filtering-2.33.jar:/home/runner/.m2/repository/org/jooq/jooq/3.11.10/jooq-3.11.10.jar:/home/runner/.m2/repository/org/jooq/jooq-meta/3.11.10/jooq-meta-3.11.10.jar:/home/runner/.m2/repository/org/jooq/jooq-codegen/3.11.10/jooq-codegen-3.11.10.jar:/home/runner/.m2/repository/com/jolbox/bonecp/0.8.0.RELEASE/bonecp-0.8.0.RELEASE.jar:/home/runner/.m2/repository/org/apache/derby/derby/10.14.2.0/derby-10.14.2.0.jar:/home/runner/.m2/repository/org/xerial/sqlite-jdbc/3.25.2/sqlite-jdbc-3.25.2.jar:/home/runner/.m2/repository/org/springframework/spring-jdbc/5.2.18.RELEASE/spring-jdbc-5.2.18.RELEASE.jar:/home/runner/.m2/repository/org/springframework/spring-beans/5.2.18.RELEASE/spring-beans-5.2.18.RELEASE.jar:/home/runner/.m2/repository/org/springframework/spring-core/5.2.18.RELEASE/spring-core-5.2.18.RELEASE.jar:/home/runner/.m2/repository/org/springframework/spring-jcl/5.2.18.RELEASE/spring-jcl-5.2.18.RELEASE.jar:/home/runner/.m2/repository/org/springframework/spring-tx/5.2.18.RELEASE/spring-tx-5.2.18.RELEASE.jar:/home/runner/.m2/repository/org/apache/ozone/ozone-client/1.3.0-SNAPSHOT/ozone-client-1.3.0-SNAPSHOT.jar:/home/runner/.m2/repository/org/apache/ozone/ozone-filesystem/1.3.0-SNAPSHOT/ozone-filesystem-1.3.0-SNAPSHOT.jar:/home/runner/.m2/repository/org/apache/ozone/ozone-filesystem-common/1.3.0-SNAPSHOT/ozone-filesystem-common-1.3.0-SNAPSHOT.jar:/home/runner/.m2/repository/org/apache/ozone/ozone-tools/1.3.0-SNAPSHOT/ozone-tools-1.3.0-SNAPSHOT.jar:/home/runner/.m2/repository/org/apache/ratis/ratis-tools/2.2.0/ratis-tools-2.2.0.jar:/home/runner/.m2/repository/com/amazonaws/aws-java-sdk-core/1.12.124/aws-java-sdk-core-1.12.124.jar:/home/runner/.m2/repository/org/apache/httpcomponents/httpclient/4.5.13/httpclient-4.5.13.jar:/home/runner/.m2/repository/org/apache/httpcomponents/httpcore/4.4.13/httpcore-4.4.13.jar:/home/runner/.m2/repository/software/amazon/ion/ion-java/1.0.2/ion-java-1.0.2.jar:/home/runner/.m2/repository/com/fasterxml/jackson/dataformat/jackson-dataformat-cbor/2.12.1/jackson-dataformat-cbor-2.12.1.jar:/home/runner/.m2/repository/joda-time/joda-time/2.8.1/joda-time-2.8.1.jar:/home/runner/.m2/repository/com/amazonaws/aws-java-sdk-s3/1.12.124/aws-java-sdk-s3-1.12.124.jar:/home/runner/.m2/repository/com/amazonaws/aws-java-sdk-kms/1.12.124/aws-java-sdk-kms-1.12.124.jar:/home/runner/.m2/repository/com/amazonaws/jmespath-java/1.12.124/jmespath-java-1.12.124.jar:/home/runner/.m2/repository/org/kohsuke/metainf-services/metainf-services/1.8/metainf-services-1.8.jar:/home/runner/.m2/repository/org/apache/ozone/hdds-tools/1.3.0-SNAPSHOT/hdds-tools-1.3.0-SNAPSHOT.jar:/home/runner/.m2/repository/commons-cli/commons-cli/1.2/commons-cli-1.2.jar:/home/runner/.m2/repository/org/apache/commons/commons-lang3/3.7/commons-lang3-3.7.jar:/home/runner/.m2/repository/org/apache/ozone/ozone-manager/1.3.0-SNAPSHOT/ozone-manager-1.3.0-SNAPSHOT-tests.jar:/home/runner/.m2/repository/org/apache/ozone/hdds-common/1.3.0-SNAPSHOT/hdds-common-1.3.0-SNAPSHOT-tests.jar:/home/runner/.m2/repository/org/apache/ozone/hdds-hadoop-dependency-client/1.3.0-SNAPSHOT/hdds-hadoop-dependency-client-1.3.0-SNAPSHOT.jar:/home/runner/.m2/repository/info/picocli/picocli/4.6.1/picocli-4.6.1.jar:/home/runner/.m2/repository/com/fasterxml/jackson/core/jackson-annotations/2.12.1/jackson-annotations-2.12.1.jar:/home/runner/.m2/repository/javax/annotation/javax.annotation-api/1.2/javax.annotation-api-1.2.jar:/home/runner/.m2/repository/org/apache/ratis/ratis-server/2.2.0/ratis-server-2.2.0.jar:/home/runner/.m2/repository/org/apache/ratis/ratis-client/2.2.0/ratis-client-2.2.0.jar:/home/runner/.m2/repository/org/apache/ratis/ratis-server-api/2.2.0/ratis-server-api-2.2.0.jar:/home/runner/.m2/repository/org/apache/ratis/ratis-metrics/2.2.0/ratis-metrics-2.2.0.jar:/home/runner/.m2/repository/org/apache/ratis/ratis-netty/2.2.0/ratis-netty-2.2.0.jar:/home/runner/.m2/repository/org/apache/ratis/ratis-grpc/2.2.0/ratis-grpc-2.2.0.jar:/home/runner/.m2/repository/org/apache/logging/log4j/log4j-api/2.17.1/log4j-api-2.17.1.jar:/home/runner/.m2/repository/org/apache/logging/log4j/log4j-core/2.17.1/log4j-core-2.17.1.jar:/home/runner/.m2/repository/com/lmax/disruptor/3.4.2/disruptor-3.4.2.jar:/home/runner/.m2/repository/org/apache/commons/commons-pool2/2.6.0/commons-pool2-2.6.0.jar:/home/runner/.m2/repository/org/bouncycastle/bcpkix-jdk15on/1.67/bcpkix-jdk15on-1.67.jar:/home/runner/.m2/repository/commons-validator/commons-validator/1.6/commons-validator-1.6.jar:/home/runner/.m2/repository/commons-beanutils/commons-beanutils/1.9.4/commons-beanutils-1.9.4.jar:/home/runner/.m2/repository/commons-digester/commons-digester/1.8.1/commons-digester-1.8.1.jar:/home/runner/.m2/repository/commons-collections/commons-collections/3.2.2/commons-collections-3.2.2.jar:/home/runner/.m2/repository/io/jaegertracing/jaeger-client/1.6.0/jaeger-client-1.6.0.jar:/home/runner/.m2/repository/io/jaegertracing/jaeger-thrift/1.6.0/jaeger-thrift-1.6.0.jar:/home/runner/.m2/repository/org/apache/thrift/libthrift/0.14.1/libthrift-0.14.1.jar:/home/runner/.m2/repository/com/squareup/okhttp3/okhttp/4.9.0/okhttp-4.9.0.jar:/home/runner/.m2/repository/com/squareup/okio/okio/2.8.0/okio-2.8.0.jar:/home/runner/.m2/repository/io/jaegertracing/jaeger-core/1.6.0/jaeger-core-1.6.0.jar:/home/runner/.m2/repository/io/jaegertracing/jaeger-tracerresolver/1.6.0/jaeger-tracerresolver-1.6.0.jar:/home/runner/.m2/repository/io/opentracing/contrib/opentracing-tracerresolver/0.1.8/opentracing-tracerresolver-0.1.8.jar:/home/runner/.m2/repository/org/jetbrains/kotlin/kotlin-stdlib/1.4.31/kotlin-stdlib-1.4.31.jar:/home/runner/.m2/repository/org/jetbrains/kotlin/kotlin-stdlib-common/1.4.31/kotlin-stdlib-common-1.4.31.jar:/home/runner/.m2/repository/org/jetbrains/annotations/13.0/annotations-13.0.jar:/home/runner/.m2/repository/io/opentracing/opentracing-util/0.33.0/opentracing-util-0.33.0.jar:/home/runner/.m2/repository/io/opentracing/opentracing-api/0.33.0/opentracing-api-0.33.0.jar:/home/runner/.m2/repository/io/opentracing/opentracing-noop/0.33.0/opentracing-noop-0.33.0.jar:/home/runner/.m2/repository/org/yaml/snakeyaml/1.26/snakeyaml-1.26.jar:/home/runner/.m2/repository/org/apache/ozone/hdds-interface-admin/1.3.0-SNAPSHOT/hdds-interface-admin-1.3.0-SNAPSHOT.jar:/home/runner/.m2/repository/junit/junit/4.13.1/junit-4.13.1.jar:/home/runner/.m2/repository/org/hamcrest/hamcrest-core/1.3/hamcrest-core-1.3.jar:/home/runner/.m2/repository/org/junit/jupiter/junit-jupiter-api/5.7.0/junit-jupiter-api-5.7.0.jar:/home/runner/.m2/repository/org/apiguardian/apiguardian-api/1.1.0/apiguardian-api-1.1.0.jar:/home/runner/.m2/repository/org/opentest4j/opentest4j/1.2.0/opentest4j-1.2.0.jar:/home/runner/.m2/repository/org/junit/platform/junit-platform-commons/1.7.0/junit-platform-commons-1.7.0.jar:/home/runner/.m2/repository/org/junit/jupiter/junit-jupiter-engine/5.7.0/junit-jupiter-engine-5.7.0.jar:/home/runner/.m2/repository/org/junit/platform/junit-platform-engine/1.7.0/junit-platform-engine-1.7.0.jar:/home/runner/.m2/repository/org/junit/vintage/junit-vintage-engine/5.7.0/junit-vintage-engine-5.7.0.jar:/home/runner/.m2/repository/org/junit/platform/junit-platform-launcher/1.7.0/junit-platform-launcher-1.7.0.jar:/home/runner/.m2/repository/org/mockito/mockito-core/2.28.2/mockito-core-2.28.2.jar:/home/runner/.m2/repository/net/bytebuddy/byte-buddy/1.9.10/byte-buddy-1.9.10.jar:/home/runner/.m2/repository/net/bytebuddy/byte-buddy-agent/1.9.10/byte-buddy-agent-1.9.10.jar:/home/runner/.m2/repository/org/objenesis/objenesis/1.0/objenesis-1.0.jar:/home/runner/.m2/repository/org/apache/hadoop/hadoop-kms/3.3.1/hadoop-kms-3.3.1.jar:/home/runner/.m2/repository/org/apache/hadoop/hadoop-auth/3.3.1/hadoop-auth-3.3.1.jar:/home/runner/.m2/repository/com/nimbusds/nimbus-jose-jwt/7.9/nimbus-jose-jwt-7.9.jar:/home/runner/.m2/repository/com/github/stephenc/jcip/jcip-annotations/1.0-1/jcip-annotations-1.0-1.jar:/home/runner/.m2/repository/net/minidev/json-smart/2.3.1/json-smart-2.3.1.jar:/home/runner/.m2/repository/net/minidev/accessors-smart/2.3.1/accessors-smart-2.3.1.jar:/home/runner/.m2/repository/org/ow2/asm/asm/5.0.4/asm-5.0.4.jar:/home/runner/.m2/repository/org/apache/zookeeper/zookeeper/3.5.6/zookeeper-3.5.6.jar:/home/runner/.m2/repository/org/apache/zookeeper/zookeeper-jute/3.5.6/zookeeper-jute-3.5.6.jar:/home/runner/.m2/repository/org/apache/yetus/audience-annotations/0.5.0/audience-annotations-0.5.0.jar:/home/runner/.m2/repository/org/apache/curator/curator-framework/4.2.0/curator-framework-4.2.0.jar:/home/runner/.m2/repository/org/apache/hadoop/thirdparty/hadoop-shaded-guava/1.1.1/hadoop-shaded-guava-1.1.1.jar:/home/runner/.m2/repository/com/sun/jersey/jersey-core/1.19/jersey-core-1.19.jar:/home/runner/.m2/repository/javax/ws/rs/jsr311-api/1.1.1/jsr311-api-1.1.1.jar:/home/runner/.m2/repository/com/sun/jersey/jersey-server/1.19/jersey-server-1.19.jar:/home/runner/.m2/repository/javax/servlet/javax.servlet-api/3.1.0/javax.servlet-api-3.1.0.jar:/home/runner/.m2/repository/org/eclipse/jetty/jetty-server/9.4.43.v20210629/jetty-server-9.4.43.v20210629.jar:/home/runner/.m2/repository/org/eclipse/jetty/jetty-http/9.4.43.v20210629/jetty-http-9.4.43.v20210629.jar:/home/runner/.m2/repository/org/eclipse/jetty/jetty-io/9.4.43.v20210629/jetty-io-9.4.43.v20210629.jar:/home/runner/.m2/repository/org/eclipse/jetty/jetty-webapp/9.4.43.v20210629/jetty-webapp-9.4.43.v20210629.jar:/home/runner/.m2/repository/org/eclipse/jetty/jetty-xml/9.4.43.v20210629/jetty-xml-9.4.43.v20210629.jar:/home/runner/.m2/repository/org/apache/hadoop/hadoop-common/3.3.1/hadoop-common-3.3.1.jar:/home/runner/.m2/repository/org/apache/commons/commons-math3/3.1.1/commons-math3-3.1.1.jar:/home/runner/.m2/repository/commons-net/commons-net/3.6/commons-net-3.6.jar:/home/runner/.m2/repository/jakarta/activation/jakarta.activation-api/1.2.1/jakarta.activation-api-1.2.1.jar:/home/runner/.m2/repository/com/sun/jersey/jersey-servlet/1.19/jersey-servlet-1.19.jar:/home/runner/.m2/repository/com/sun/jersey/jersey-json/1.19/jersey-json-1.19.jar:/home/runner/.m2/repository/org/codehaus/jettison/jettison/1.1/jettison-1.1.jar:/home/runner/.m2/repository/com/sun/xml/bind/jaxb-impl/2.2.3-1/jaxb-impl-2.2.3-1.jar:/home/runner/.m2/repository/org/codehaus/jackson/jackson-jaxrs/1.9.2/jackson-jaxrs-1.9.2.jar:/home/runner/.m2/repository/org/codehaus/jackson/jackson-xc/1.9.2/jackson-xc-1.9.2.jar:/home/runner/.m2/repository/org/apache/commons/commons-configuration2/2.1.1/commons-configuration2-2.1.1.jar:/home/runner/.m2/repository/org/apache/commons/commons-text/1.4/commons-text-1.4.jar:/home/runner/.m2/repository/com/google/re2j/re2j/1.1/re2j-1.1.jar:/home/runner/.m2/repository/com/jcraft/jsch/0.1.54/jsch-0.1.54.jar:/home/runner/.m2/repository/org/apache/curator/curator-client/4.2.0/curator-client-4.2.0.jar:/home/runner/.m2/repository/org/apache/curator/curator-recipes/4.2.0/curator-recipes-4.2.0.jar:/home/runner/.m2/repository/org/apache/kerby/kerb-core/1.0.1/kerb-core-1.0.1.jar:/home/runner/.m2/repository/org/apache/kerby/kerby-pkix/1.0.1/kerby-pkix-1.0.1.jar:/home/runner/.m2/repository/org/apache/kerby/kerby-asn1/1.0.1/kerby-asn1-1.0.1.jar:/home/runner/.m2/repository/org/apache/kerby/kerby-util/1.0.1/kerby-util-1.0.1.jar:/home/runner/.m2/repository/dnsjava/dnsjava/2.1.7/dnsjava-2.1.7.jar:/home/runner/.m2/repository/org/xerial/snappy/snappy-java/1.1.8.2/snappy-java-1.1.8.2.jar:/home/runner/.m2/repository/org/slf4j/jul-to-slf4j/1.7.30/jul-to-slf4j-1.7.30.jar:/home/runner/.m2/repository/org/eclipse/jetty/jetty-util/9.4.43.v20210629/jetty-util-9.4.43.v20210629.jar:/home/runner/.m2/repository/com/fasterxml/jackson/core/jackson-databind/2.12.1/jackson-databind-2.12.1.jar:/home/runner/.m2/repository/org/apache/hadoop/hadoop-kms/3.3.1/hadoop-kms-3.3.1-tests.jar:/home/runner/.m2/repository/org/apache/ozone/hdds-server-scm/1.3.0-SNAPSHOT/hdds-server-scm-1.3.0-SNAPSHOT-tests.jar:/home/runner/.m2/repository/org/apache/ozone/hdds-container-service/1.3.0-SNAPSHOT/hdds-container-service-1.3.0-SNAPSHOT-tests.jar:/home/runner/.m2/repository/commons-codec/commons-codec/1.11/commons-codec-1.11.jar:/home/runner/.m2/repository/io/netty/netty-transport/4.1.63.Final/netty-transport-4.1.63.Final.jar:/home/runner/.m2/repository/io/netty/netty-resolver/4.1.63.Final/netty-resolver-4.1.63.Final.jar:/home/runner/.m2/repository/io/netty/netty-codec/4.1.63.Final/netty-codec-4.1.63.Final.jar:/home/runner/.m2/repository/io/netty/netty-handler/4.1.63.Final/netty-handler-4.1.63.Final.jar:/home/runner/.m2/repository/org/apache/ozone/hdds-hadoop-dependency-test/1.3.0-SNAPSHOT/hdds-hadoop-dependency-test-1.3.0-SNAPSHOT.jar:/home/runner/.m2/repository/org/apache/hadoop/hadoop-common/3.3.1/hadoop-common-3.3.1-tests.jar:/home/runner/.m2/repository/org/assertj/assertj-core/3.12.2/assertj-core-3.12.2.jar:/home/runner/.m2/repository/org/apache/hadoop/hadoop-hdfs/3.3.1/hadoop-hdfs-3.3.1-tests.jar:/home/runner/.m2/repository/org/eclipse/jetty/jetty-util-ajax/9.4.43.v20210629/jetty-util-ajax-9.4.43.v20210629.jar:/home/runner/.m2/repository/commons-daemon/commons-daemon/1.0.13/commons-daemon-1.0.13.jar:/home/runner/.m2/repository/io/netty/netty/3.10.6.Final/netty-3.10.6.Final.jar:/home/runner/.m2/repository/io/netty/netty-all/4.1.63.Final/netty-all-4.1.63.Final.jar:/home/runner/.m2/repository/org/apache/htrace/htrace-core4/4.1.0-incubating/htrace-core4-4.1.0-incubating.jar:/home/runner/.m2/repository/org/fusesource/leveldbjni/leveldbjni-all/1.8/leveldbjni-all-1.8.jar:/home/runner/.m2/repository/org/apache/hadoop/hadoop-distcp/3.3.1/hadoop-distcp-3.3.1.jar:/home/runner/.m2/repository/org/apache/hadoop/hadoop-mapreduce-client-jobclient/3.3.1/hadoop-mapreduce-client-jobclient-3.3.1.jar:/home/runner/.m2/repository/org/apache/hadoop/hadoop-mapreduce-client-common/3.3.1/hadoop-mapreduce-client-common-3.3.1.jar:/home/runner/.m2/repository/org/apache/hadoop/hadoop-yarn-common/3.3.1/hadoop-yarn-common-3.3.1.jar:/home/runner/.m2/repository/org/apache/hadoop/hadoop-yarn-api/3.3.1/hadoop-yarn-api-3.3.1.jar:/home/runner/.m2/repository/com/sun/jersey/jersey-client/1.19/jersey-client-1.19.jar:/home/runner/.m2/repository/com/sun/jersey/contribs/jersey-guice/1.19/jersey-guice-1.19.jar:/home/runner/.m2/repository/com/fasterxml/jackson/jaxrs/jackson-jaxrs-json-provider/2.12.1/jackson-jaxrs-json-provider-2.12.1.jar:/home/runner/.m2/repository/com/fasterxml/jackson/jaxrs/jackson-jaxrs-base/2.12.1/jackson-jaxrs-base-2.12.1.jar:/home/runner/.m2/repository/org/apache/hadoop/hadoop-yarn-client/3.3.1/hadoop-yarn-client-3.3.1.jar:/home/runner/.m2/repository/org/eclipse/jetty/websocket/websocket-client/9.4.40.v20210413/websocket-client-9.4.40.v20210413.jar:/home/runner/.m2/repository/org/eclipse/jetty/jetty-client/9.4.40.v20210413/jetty-client-9.4.40.v20210413.jar:/home/runner/.m2/repository/org/eclipse/jetty/websocket/websocket-common/9.4.40.v20210413/websocket-common-9.4.40.v20210413.jar:/home/runner/.m2/repository/org/eclipse/jetty/websocket/websocket-api/9.4.40.v20210413/websocket-api-9.4.40.v20210413.jar:/home/runner/.m2/repository/org/jline/jline/3.9.0/jline-3.9.0.jar:/home/runner/.m2/repository/org/apache/hadoop/hadoop-mapreduce-client-core/3.3.1/hadoop-mapreduce-client-core-3.3.1.jar:/home/runner/.m2/repository/org/apache/avro/avro/1.7.7/avro-1.7.7.jar:/home/runner/.m2/repository/org/codehaus/jackson/jackson-core-asl/1.9.13/jackson-core-asl-1.9.13.jar:/home/runner/.m2/repository/org/codehaus/jackson/jackson-mapper-asl/1.9.13/jackson-mapper-asl-1.9.13.jar:/home/runner/.m2/repository/com/thoughtworks/paranamer/paranamer/2.3/paranamer-2.3.jar:/home/runner/.m2/repository/org/apache/hadoop/hadoop-annotations/3.3.1/hadoop-annotations-3.3.1.jar:/usr/lib/jvm/temurin-8-jdk-amd64/jre/../lib/tools.jar:/home/runner/.m2/repository/org/apache/hadoop/hadoop-distcp/3.3.1/hadoop-distcp-3.3.1-tests.jar:/home/runner/.m2/repository/org/apache/ratis/ratis-common/2.2.0/ratis-common-2.2.0.jar:/home/runner/.m2/repository/org/apache/ratis/ratis-thirdparty-misc/0.7.0/ratis-thirdparty-misc-0.7.0.jar:/home/runner/.m2/repository/org/apache/ratis/ratis-proto/2.2.0/ratis-proto-2.2.0.jar:"/>
    <property name="sun.cpu.endian" value="little"/>
    <property name="user.home" value="/home/runner"/>
    <property name="user.language" value="en"/>
    <property name="java.specification.vendor" value="Oracle Corporation"/>
    <property name="java.home" value="/usr/lib/jvm/temurin-8-jdk-amd64/jre"/>
    <property name="java.security.krb5.conf" value="/home/runner/work/ozone/ozone/hadoop-ozone/integration-test/target/test-classes/krb5.conf"/>
    <property name="basedir" value="/home/runner/work/ozone/ozone/hadoop-ozone/integration-test"/>
    <property name="file.separator" value="/"/>
    <property name="line.separator" value="&#10;"/>
    <property name="java.vm.specification.vendor" value="Oracle Corporation"/>
    <property name="java.specification.name" value="Java Platform API Specification"/>
    <property name="java.awt.graphicsenv" value="sun.awt.X11GraphicsEnvironment"/>
    <property name="skip.installnpx" value="true"/>
    <property name="surefire.real.class.path" value="/home/runner/work/ozone/ozone/hadoop-ozone/integration-test/target/surefire/surefirebooter3901438818599243965.jar:/home/runner/.m2/repository/org/jacoco/org.jacoco.agent/0.8.5/org.jacoco.agent-0.8.5-runtime.jar"/>
    <property name="hadoop.log.dir" value="/home/runner/work/ozone/ozone/hadoop-ozone/integration-test/target/log"/>
    <property name="sun.boot.class.path" value="/usr/lib/jvm/temurin-8-jdk-amd64/jre/lib/resources.jar:/usr/lib/jvm/temurin-8-jdk-amd64/jre/lib/rt.jar:/usr/lib/jvm/temurin-8-jdk-amd64/jre/lib/sunrsasign.jar:/usr/lib/jvm/temurin-8-jdk-amd64/jre/lib/jsse.jar:/usr/lib/jvm/temurin-8-jdk-amd64/jre/lib/jce.jar:/usr/lib/jvm/temurin-8-jdk-amd64/jre/lib/charsets.jar:/usr/lib/jvm/temurin-8-jdk-amd64/jre/lib/jfr.jar:/usr/lib/jvm/temurin-8-jdk-amd64/jre/classes"/>
    <property name="sun.management.compiler" value="HotSpot 64-Bit Tiered Compilers"/>
    <property name="skip.npx" value="true"/>
    <property name="java.runtime.version" value="1.8.0_312-b07"/>
    <property name="java.net.preferIPv4Stack" value="true"/>
    <property name="user.name" value="runner"/>
    <property name="path.separator" value=":"/>
    <property name="java.security.egd" value="file:///dev/urandom"/>
    <property name="os.version" value="5.4.0-1067-azure"/>
    <property name="java.endorsed.dirs" value="/usr/lib/jvm/temurin-8-jdk-amd64/jre/lib/endorsed"/>
    <property name="java.runtime.name" value="OpenJDK Runtime Environment"/>
    <property name="file.encoding" value="UTF-8"/>
    <property name="java.vm.name" value="OpenJDK 64-Bit Server VM"/>
    <property name="test.build.webapps" value=""/>
    <property name="localRepository" value="/home/runner/.m2/repository"/>
    <property name="java.vendor.url.bug" value="https://github.com/adoptium/adoptium-support/issues"/>
    <property name="java.io.tmpdir" value="/tmp"/>
    <property name="require.test.libhadoop" value=""/>
    <property name="java.version" value="1.8.0_312"/>
    <property name="user.dir" value="/home/runner/work/ozone/ozone/hadoop-ozone/integration-test"/>
    <property name="os.arch" value="amd64"/>
    <property name="java.vm.specification.name" value="Java Virtual Machine Specification"/>
    <property name="test.build.classes" value="/home/runner/work/ozone/ozone/hadoop-ozone/integration-test/target/test-classes"/>
    <property name="java.awt.printerjob" value="sun.print.PSPrinterJob"/>
    <property name="sun.os.patch.level" value="unknown"/>
    <property name="hadoop.tmp.dir" value="/home/runner/work/ozone/ozone/hadoop-ozone/integration-test/target/tmp"/>
    <property name="java.library.path" value="/usr/java/packages/lib/amd64:/usr/lib64:/lib64:/lib:/usr/lib"/>
    <property name="java.vm.info" value="mixed mode"/>
    <property name="java.vendor" value="Temurin"/>
    <property name="java.vm.version" value="25.312-b07"/>
    <property name="java.ext.dirs" value="/usr/lib/jvm/temurin-8-jdk-amd64/jre/lib/ext:/usr/java/packages/lib/ext"/>
    <property name="sun.io.unicode.encoding" value="UnicodeLittle"/>
    <property name="java.class.version" value="52.0"/>
  </properties>
  <testcase name="testMultipleDataDirs" classname="org.apache.hadoop.ozone.TestMiniOzoneCluster" time="30.623"/>
  <testcase name="testStartMultipleDatanodes" classname="org.apache.hadoop.ozone.TestMiniOzoneCluster" time="80.391">
    <error message="test timed out after 60000 milliseconds" type="org.junit.runners.model.TestTimedOutException">org.junit.runners.model.TestTimedOutException: test timed out after 60000 milliseconds
	at java.lang.Thread.sleep(Native Method)
	at org.apache.ozone.test.GenericTestUtils.waitFor(GenericTestUtils.java:218)
	at org.apache.hadoop.ozone.MiniOzoneClusterImpl.waitForClusterToBeReady(MiniOzoneClusterImpl.java:212)
	at org.apache.hadoop.ozone.TestMiniOzoneCluster.testStartMultipleDatanodes(TestMiniOzoneCluster.java:119)
	at sun.reflect.NativeMethodAccessorImpl.invoke0(Native Method)
	at sun.reflect.NativeMethodAccessorImpl.invoke(NativeMethodAccessorImpl.java:62)
	at sun.reflect.DelegatingMethodAccessorImpl.invoke(DelegatingMethodAccessorImpl.java:43)
	at java.lang.reflect.Method.invoke(Method.java:498)
	at org.junit.runners.model.FrameworkMethod$1.runReflectiveCall(FrameworkMethod.java:59)
	at org.junit.internal.runners.model.ReflectiveCallable.run(ReflectiveCallable.java:12)
	at org.junit.runners.model.FrameworkMethod.invokeExplosively(FrameworkMethod.java:56)
	at org.junit.internal.runners.statements.InvokeMethod.evaluate(InvokeMethod.java:17)
	at org.junit.internal.runners.statements.FailOnTimeout$CallableStatement.call(FailOnTimeout.java:288)
	at org.junit.internal.runners.statements.FailOnTimeout$CallableStatement.call(FailOnTimeout.java:282)
	at java.util.concurrent.FutureTask.run(FutureTask.java:266)
	at java.lang.Thread.run(Thread.java:748)
</error>
    <system-out><![CDATA[2022-02-02 13:23:50,570 [Time-limited test] WARN  server.ServerUtils (ServerUtils.java:getScmDbDir(148)) - ozone.scm.db.dirs is not configured. We recommend adding this setting. Falling back to ozone.metadata.dirs instead.
2022-02-02 13:23:50,579 [Time-limited test] INFO  ha.SCMHANodeDetails (SCMHANodeDetails.java:loadSCMHAConfig(157)) - ServiceID for StorageContainerManager is null
2022-02-02 13:23:50,579 [Time-limited test] INFO  ha.SCMHANodeDetails (SCMHANodeDetails.java:loadSCMHAConfig(162)) - ozone.scm.default.service.id is not defined, falling back to ozone.scm.service.ids to find serviceID for StorageContainerManager if it is HA enabled cluster
2022-02-02 13:23:50,581 [Time-limited test] INFO  server.RaftServer (ConfUtils.java:logGet(44)) - raft.rpc.type = GRPC (default)
2022-02-02 13:23:50,581 [Time-limited test] INFO  grpc.GrpcFactory (GrpcFactory.java:checkPooledByteBufAllocatorUseCacheForAllThreads(48)) - PERFORMANCE WARNING: useCacheForAllThreads is true that may cause Netty to create a lot garbage objects and, as a result, trigger GC.
	It is recommended to disable useCacheForAllThreads by setting -Dorg.apache.ratis.thirdparty.io.netty.allocator.useCacheForAllThreads=false in command line.
2022-02-02 13:23:50,581 [Time-limited test] INFO  grpc.GrpcConfigKeys (ConfUtils.java:logGet(44)) - raft.grpc.admin.port = -1 (default)
2022-02-02 13:23:50,581 [Time-limited test] INFO  grpc.GrpcConfigKeys (ConfUtils.java:logGet(44)) - raft.grpc.server.port = 9894 (custom)
2022-02-02 13:23:50,581 [Time-limited test] INFO  grpc.GrpcConfigKeys (ConfUtils.java:logGet(44)) - raft.grpc.client.port = -1 (default)
2022-02-02 13:23:50,581 [Time-limited test] INFO  grpc.GrpcConfigKeys (ConfUtils.java:logGet(44)) - raft.grpc.server.port = 9894 (custom)
2022-02-02 13:23:50,581 [Time-limited test] INFO  grpc.GrpcConfigKeys (ConfUtils.java:logGet(44)) - raft.grpc.server.port = 9894 (custom)
2022-02-02 13:23:50,582 [Time-limited test] INFO  server.GrpcService (ConfUtils.java:logGet(44)) - raft.grpc.message.size.max = 32m (=33554432) (custom)
2022-02-02 13:23:50,582 [Time-limited test] INFO  server.RaftServerConfigKeys (ConfUtils.java:logGet(44)) - raft.server.log.appender.buffer.byte-limit = 33554432 (custom)
2022-02-02 13:23:50,582 [Time-limited test] INFO  server.GrpcService (ConfUtils.java:logGet(44)) - raft.grpc.flow.control.window = 1MB (=1048576) (default)
2022-02-02 13:23:50,582 [Time-limited test] INFO  server.RaftServerConfigKeys (ConfUtils.java:logGet(44)) - raft.server.rpc.request.timeout = 30000ms (custom)
2022-02-02 13:23:50,586 [Time-limited test] INFO  impl.DataStreamServerImpl (ConfUtils.java:logGet(44)) - raft.datastream.type = DISABLED (default)
2022-02-02 13:23:50,586 [Time-limited test] INFO  server.RaftServerConfigKeys (ConfUtils.java:logGet(44)) - raft.server.rpc.slowness.timeout = 120000ms (custom)
2022-02-02 13:23:50,586 [Time-limited test] INFO  server.RaftServerConfigKeys (ConfUtils.java:logGet(44)) - raft.server.leaderelection.leader.step-down.wait-time = 10s (default)
2022-02-02 13:23:50,586 [Time-limited test] INFO  server.RaftServerConfigKeys (ConfUtils.java:logGet(44)) - raft.server.storage.dir = [/home/runner/work/ozone/ozone/hadoop-ozone/integration-test/target/test-dir/MiniOzoneClusterImpl-eba4dfdc-c168-4ed6-b46b-d97e1dedacdc/ozone-meta/scm-ha] (custom)
2022-02-02 13:23:50,590 [Time-limited test] INFO  server.RaftServer (RaftServerProxy.java:addNew(95)) - f4afb0d6-26fc-4cb5-93c5-03f1c8944589: addNew group-D97E1DEDACDC:[f4afb0d6-26fc-4cb5-93c5-03f1c8944589|rpc:fv-az294-450:9894|priority:0] returns group-D97E1DEDACDC:java.util.concurrent.CompletableFuture@2b845fb2[Not completed]
2022-02-02 13:23:50,590 [pool-78-thread-1] INFO  server.RaftServer$Division (RaftServerImpl.java:<init>(184)) - f4afb0d6-26fc-4cb5-93c5-03f1c8944589: new RaftServerImpl for group-D97E1DEDACDC:[f4afb0d6-26fc-4cb5-93c5-03f1c8944589|rpc:fv-az294-450:9894|priority:0] with SCMStateMachine:uninitialized
2022-02-02 13:23:50,590 [pool-78-thread-1] INFO  server.RaftServerConfigKeys (ConfUtils.java:logGet(44)) - raft.server.rpc.timeout.min = 5000ms (custom)
2022-02-02 13:23:50,590 [pool-78-thread-1] INFO  server.RaftServerConfigKeys (ConfUtils.java:logGet(44)) - raft.server.rpc.timeout.max = 5200ms (custom)
2022-02-02 13:23:50,591 [pool-78-thread-1] INFO  server.RaftServerConfigKeys (ConfUtils.java:logGet(44)) - raft.server.rpc.sleep.time = 25ms (default)
2022-02-02 13:23:50,591 [pool-78-thread-1] INFO  server.RaftServerConfigKeys (ConfUtils.java:logGet(44)) - raft.server.rpc.slowness.timeout = 120000ms (custom)
2022-02-02 13:23:50,591 [pool-78-thread-1] INFO  server.RaftServerConfigKeys (ConfUtils.java:logGet(44)) - raft.server.leaderelection.leader.step-down.wait-time = 10s (default)
2022-02-02 13:23:50,591 [pool-78-thread-1] INFO  server.RaftServerConfigKeys (ConfUtils.java:logGet(44)) - raft.server.sleep.deviation.threshold = 300ms (default)
2022-02-02 13:23:50,591 [pool-78-thread-1] INFO  server.RaftServerConfigKeys (ConfUtils.java:logGet(44)) - raft.server.log.appender.install.snapshot.enabled = false (custom)
2022-02-02 13:23:50,591 [pool-78-thread-1] INFO  server.RaftServer$Division (ServerState.java:<init>(105)) - f4afb0d6-26fc-4cb5-93c5-03f1c8944589@group-D97E1DEDACDC: ConfigurationManager, init=-1: [f4afb0d6-26fc-4cb5-93c5-03f1c8944589|rpc:fv-az294-450:9894|priority:0], old=null, confs=<EMPTY_MAP>
2022-02-02 13:23:50,591 [pool-78-thread-1] INFO  server.RaftServerConfigKeys (ConfUtils.java:logGet(44)) - raft.server.storage.dir = [/home/runner/work/ozone/ozone/hadoop-ozone/integration-test/target/test-dir/MiniOzoneClusterImpl-eba4dfdc-c168-4ed6-b46b-d97e1dedacdc/ozone-meta/scm-ha] (custom)
2022-02-02 13:23:50,592 [pool-78-thread-1] INFO  server.RaftServerConfigKeys (ConfUtils.java:logGet(44)) - raft.server.log.corruption.policy = EXCEPTION (default)
2022-02-02 13:23:50,592 [pool-78-thread-1] INFO  server.RaftServerConfigKeys (ConfUtils.java:logGet(44)) - raft.server.storage.free-space.min = 0MB (=0) (default)
2022-02-02 13:23:50,592 [pool-78-thread-1] INFO  storage.RaftStorageDirectory (RaftStorageDirectoryImpl.java:analyzeStorage(135)) - The storage directory /home/runner/work/ozone/ozone/hadoop-ozone/integration-test/target/test-dir/MiniOzoneClusterImpl-eba4dfdc-c168-4ed6-b46b-d97e1dedacdc/ozone-meta/scm-ha/eba4dfdc-c168-4ed6-b46b-d97e1dedacdc does not exist. Creating ...
2022-02-02 13:23:50,607 [pool-78-thread-1] INFO  storage.RaftStorageDirectory (RaftStorageDirectoryImpl.java:tryLock(230)) - Lock on /home/runner/work/ozone/ozone/hadoop-ozone/integration-test/target/test-dir/MiniOzoneClusterImpl-eba4dfdc-c168-4ed6-b46b-d97e1dedacdc/ozone-meta/scm-ha/eba4dfdc-c168-4ed6-b46b-d97e1dedacdc/in_use.lock acquired by nodename 23947@fv-az294-450
2022-02-02 13:23:50,608 [pool-78-thread-1] INFO  storage.RaftStorage (RaftStorageImpl.java:format(89)) - Storage directory /home/runner/work/ozone/ozone/hadoop-ozone/integration-test/target/test-dir/MiniOzoneClusterImpl-eba4dfdc-c168-4ed6-b46b-d97e1dedacdc/ozone-meta/scm-ha/eba4dfdc-c168-4ed6-b46b-d97e1dedacdc has been successfully formatted.
2022-02-02 13:23:50,608 [pool-78-thread-1] INFO  server.RaftServerConfigKeys (ConfUtils.java:logGet(44)) - raft.server.notification.no-leader.timeout = 60s (default)
2022-02-02 13:23:50,609 [pool-78-thread-1] INFO  server.RaftServerConfigKeys (ConfUtils.java:logGet(44)) - raft.server.log.use.memory = false (default)
2022-02-02 13:23:50,609 [pool-78-thread-1] INFO  server.RaftServerConfigKeys (ConfUtils.java:logGet(44)) - raft.server.log.purge.gap = 1000000 (custom)
2022-02-02 13:23:50,609 [pool-78-thread-1] INFO  server.RaftServerConfigKeys (ConfUtils.java:logGet(44)) - raft.server.log.appender.buffer.byte-limit = 33554432 (custom)
2022-02-02 13:23:50,609 [pool-78-thread-1] INFO  server.RaftServerConfigKeys (ConfUtils.java:logGet(44)) - raft.server.log.segment.size.max = 4194304 (custom)
2022-02-02 13:23:50,609 [pool-78-thread-1] INFO  server.RaftServerConfigKeys (ConfUtils.java:logGet(44)) - raft.server.log.segment.cache.num.max = 2 (custom)
2022-02-02 13:23:50,609 [pool-78-thread-1] INFO  server.RaftServerConfigKeys (ConfUtils.java:logGet(44)) - raft.server.log.segment.cache.size.max = 200MB (=209715200) (default)
2022-02-02 13:23:50,609 [pool-78-thread-1] INFO  segmented.SegmentedRaftLogWorker (SegmentedRaftLogWorker.java:<init>(182)) - new f4afb0d6-26fc-4cb5-93c5-03f1c8944589@group-D97E1DEDACDC-SegmentedRaftLogWorker for RaftStorageImpl:Storage Directory /home/runner/work/ozone/ozone/hadoop-ozone/integration-test/target/test-dir/MiniOzoneClusterImpl-eba4dfdc-c168-4ed6-b46b-d97e1dedacdc/ozone-meta/scm-ha/eba4dfdc-c168-4ed6-b46b-d97e1dedacdc
2022-02-02 13:23:50,610 [pool-78-thread-1] INFO  server.RaftServerConfigKeys (ConfUtils.java:logGet(44)) - raft.server.log.queue.byte-limit = 64MB (=67108864) (default)
2022-02-02 13:23:50,610 [pool-78-thread-1] INFO  server.RaftServerConfigKeys (ConfUtils.java:logGet(44)) - raft.server.log.queue.element-limit = 4096 (default)
2022-02-02 13:23:50,610 [pool-78-thread-1] INFO  server.RaftServerConfigKeys (ConfUtils.java:logGet(44)) - raft.server.log.segment.size.max = 4194304 (custom)
2022-02-02 13:23:50,610 [pool-78-thread-1] INFO  server.RaftServerConfigKeys (ConfUtils.java:logGet(44)) - raft.server.log.preallocated.size = 4194304 (custom)
2022-02-02 13:23:50,610 [pool-78-thread-1] INFO  server.RaftServerConfigKeys (ConfUtils.java:logGet(44)) - raft.server.log.force.sync.num = 128 (default)
2022-02-02 13:23:50,610 [pool-78-thread-1] INFO  server.RaftServerConfigKeys (ConfUtils.java:logGet(44)) - raft.server.log.statemachine.data.sync = true (default)
2022-02-02 13:23:50,610 [pool-78-thread-1] INFO  server.RaftServerConfigKeys (ConfUtils.java:logGet(44)) - raft.server.log.statemachine.data.sync.timeout = 10s (default)
2022-02-02 13:23:50,610 [pool-78-thread-1] INFO  server.RaftServerConfigKeys (ConfUtils.java:logGet(44)) - raft.server.log.statemachine.data.sync.timeout.retry = -1 (default)
2022-02-02 13:23:50,611 [pool-78-thread-1] INFO  server.RaftServerConfigKeys (ConfUtils.java:logGet(44)) - raft.server.log.write.buffer.size = 64KB (=65536) (default)
2022-02-02 13:23:50,611 [pool-78-thread-1] INFO  server.RaftServerConfigKeys (ConfUtils.java:logGet(44)) - raft.server.log.statemachine.data.caching.enabled = false (default)
2022-02-02 13:23:50,611 [pool-78-thread-1] INFO  segmented.SegmentedRaftLogWorker (SegmentedRaftLogWorker.java:lambda$new$0(133)) - f4afb0d6-26fc-4cb5-93c5-03f1c8944589@group-D97E1DEDACDC-SegmentedRaftLogWorker: flushIndex: setUnconditionally 0 -> -1
2022-02-02 13:23:50,611 [pool-78-thread-1] INFO  segmented.SegmentedRaftLogWorker (SegmentedRaftLogWorker.java:lambda$new$0(133)) - f4afb0d6-26fc-4cb5-93c5-03f1c8944589@group-D97E1DEDACDC-SegmentedRaftLogWorker: safeCacheEvictIndex: setUnconditionally 0 -> -1
2022-02-02 13:23:50,618 [pool-78-thread-1] INFO  server.RaftServerConfigKeys (ConfUtils.java:logGet(44)) - raft.server.snapshot.auto.trigger.enabled = true (custom)
2022-02-02 13:23:50,618 [pool-78-thread-1] INFO  server.RaftServerConfigKeys (ConfUtils.java:logGet(44)) - raft.server.snapshot.auto.trigger.threshold = 1000 (custom)
2022-02-02 13:23:50,618 [pool-78-thread-1] INFO  server.RaftServerConfigKeys (ConfUtils.java:logGet(44)) - raft.server.snapshot.retention.file.num = -1 (default)
2022-02-02 13:23:50,618 [pool-78-thread-1] INFO  server.RaftServerConfigKeys (ConfUtils.java:logGet(44)) - raft.server.log.purge.upto.snapshot.index = false (default)
2022-02-02 13:23:50,618 [pool-78-thread-1] INFO  server.RaftServerConfigKeys (ConfUtils.java:logGet(44)) - raft.server.retrycache.expirytime = 60000ms (default)
2022-02-02 13:23:50,618 [pool-78-thread-1] INFO  server.RaftServerConfigKeys (ConfUtils.java:logGet(44)) - raft.server.retrycache.statistics.expirytime = 100μs (default)
2022-02-02 13:23:50,621 [Time-limited test] INFO  server.RaftServer$Division (RaftServerImpl.java:start(301)) - f4afb0d6-26fc-4cb5-93c5-03f1c8944589@group-D97E1DEDACDC: start as a follower, conf=-1: [f4afb0d6-26fc-4cb5-93c5-03f1c8944589|rpc:fv-az294-450:9894|priority:0], old=null
2022-02-02 13:23:50,621 [Time-limited test] INFO  server.RaftServer$Division (RaftServerImpl.java:setRole(290)) - f4afb0d6-26fc-4cb5-93c5-03f1c8944589@group-D97E1DEDACDC: changes role from      null to FOLLOWER at term 0 for startAsFollower
2022-02-02 13:23:50,621 [Time-limited test] INFO  impl.RoleInfo (RoleInfo.java:updateAndGet(130)) - f4afb0d6-26fc-4cb5-93c5-03f1c8944589: start f4afb0d6-26fc-4cb5-93c5-03f1c8944589@group-D97E1DEDACDC-FollowerState
2022-02-02 13:23:50,626 [Time-limited test] INFO  util.JmxRegister (JmxRegister.java:tryRegister(44)) - Successfully registered JMX Bean with object name Ratis:service=RaftServer,group=group-D97E1DEDACDC,id=f4afb0d6-26fc-4cb5-93c5-03f1c8944589
2022-02-02 13:23:50,634 [Time-limited test] INFO  server.RaftServer (RaftServerProxy.java:lambda$start$5(374)) - f4afb0d6-26fc-4cb5-93c5-03f1c8944589: start RPC server
2022-02-02 13:23:50,635 [Time-limited test] INFO  server.GrpcService (GrpcService.java:startImpl(253)) - f4afb0d6-26fc-4cb5-93c5-03f1c8944589: GrpcService started, listening on 9894
2022-02-02 13:23:50,636 [org.apache.ratis.util.JvmPauseMonitor$$Lambda$431/251020702@ea93be9] INFO  util.JvmPauseMonitor (JvmPauseMonitor.java:run(103)) - JvmPauseMonitor-f4afb0d6-26fc-4cb5-93c5-03f1c8944589: Started
2022-02-02 13:23:55,774 [f4afb0d6-26fc-4cb5-93c5-03f1c8944589@group-D97E1DEDACDC-FollowerState] INFO  impl.FollowerState (FollowerState.java:run(134)) - f4afb0d6-26fc-4cb5-93c5-03f1c8944589@group-D97E1DEDACDC-FollowerState: change to CANDIDATE, lastRpcElapsedTime:5153022633ns, electionTimeout:5138ms
2022-02-02 13:23:55,775 [f4afb0d6-26fc-4cb5-93c5-03f1c8944589@group-D97E1DEDACDC-FollowerState] INFO  impl.RoleInfo (RoleInfo.java:shutdownFollowerState(108)) - f4afb0d6-26fc-4cb5-93c5-03f1c8944589: shutdown f4afb0d6-26fc-4cb5-93c5-03f1c8944589@group-D97E1DEDACDC-FollowerState
2022-02-02 13:23:55,775 [f4afb0d6-26fc-4cb5-93c5-03f1c8944589@group-D97E1DEDACDC-FollowerState] INFO  server.RaftServer$Division (RaftServerImpl.java:setRole(290)) - f4afb0d6-26fc-4cb5-93c5-03f1c8944589@group-D97E1DEDACDC: changes role from  FOLLOWER to CANDIDATE at term 0 for changeToCandidate
2022-02-02 13:23:55,775 [f4afb0d6-26fc-4cb5-93c5-03f1c8944589@group-D97E1DEDACDC-FollowerState] INFO  server.RaftServerConfigKeys (ConfUtils.java:logGet(44)) - raft.server.leaderelection.pre-vote = false (custom)
2022-02-02 13:23:55,775 [f4afb0d6-26fc-4cb5-93c5-03f1c8944589@group-D97E1DEDACDC-FollowerState] INFO  impl.RoleInfo (RoleInfo.java:updateAndGet(130)) - f4afb0d6-26fc-4cb5-93c5-03f1c8944589: start f4afb0d6-26fc-4cb5-93c5-03f1c8944589@group-D97E1DEDACDC-LeaderElection4
2022-02-02 13:23:55,782 [f4afb0d6-26fc-4cb5-93c5-03f1c8944589@group-D97E1DEDACDC-LeaderElection4] INFO  impl.LeaderElection (LeaderElection.java:askForVotes(306)) - f4afb0d6-26fc-4cb5-93c5-03f1c8944589@group-D97E1DEDACDC-LeaderElection4 ELECTION round 0: submit vote requests at term 1 for -1: [f4afb0d6-26fc-4cb5-93c5-03f1c8944589|rpc:fv-az294-450:9894|priority:0], old=null
2022-02-02 13:23:55,782 [f4afb0d6-26fc-4cb5-93c5-03f1c8944589@group-D97E1DEDACDC-LeaderElection4] INFO  impl.LeaderElection (LeaderElection.java:askForVotes(308)) - f4afb0d6-26fc-4cb5-93c5-03f1c8944589@group-D97E1DEDACDC-LeaderElection4 ELECTION round 0: result PASSED (term=1)
2022-02-02 13:23:55,782 [f4afb0d6-26fc-4cb5-93c5-03f1c8944589@group-D97E1DEDACDC-LeaderElection4] INFO  impl.RoleInfo (RoleInfo.java:shutdownLeaderElection(121)) - f4afb0d6-26fc-4cb5-93c5-03f1c8944589: shutdown f4afb0d6-26fc-4cb5-93c5-03f1c8944589@group-D97E1DEDACDC-LeaderElection4
2022-02-02 13:23:55,782 [f4afb0d6-26fc-4cb5-93c5-03f1c8944589@group-D97E1DEDACDC-LeaderElection4] INFO  server.RaftServer$Division (RaftServerImpl.java:setRole(290)) - f4afb0d6-26fc-4cb5-93c5-03f1c8944589@group-D97E1DEDACDC: changes role from CANDIDATE to LEADER at term 1 for changeToLeader
2022-02-02 13:23:55,782 [f4afb0d6-26fc-4cb5-93c5-03f1c8944589@group-D97E1DEDACDC-LeaderElection4] INFO  server.RaftServer$Division (ServerState.java:setLeader(285)) - f4afb0d6-26fc-4cb5-93c5-03f1c8944589@group-D97E1DEDACDC: change Leader from null to f4afb0d6-26fc-4cb5-93c5-03f1c8944589 at term 1 for becomeLeader, leader elected after 5173ms
2022-02-02 13:23:55,782 [f4afb0d6-26fc-4cb5-93c5-03f1c8944589@group-D97E1DEDACDC-LeaderElection4] INFO  server.RaftServerConfigKeys (ConfUtils.java:logGet(44)) - raft.server.staging.catchup.gap = 1000 (default)
2022-02-02 13:23:55,783 [f4afb0d6-26fc-4cb5-93c5-03f1c8944589@group-D97E1DEDACDC-LeaderElection4] INFO  server.RaftServerConfigKeys (ConfUtils.java:logGet(44)) - raft.server.write.element-limit = 4096 (default)
2022-02-02 13:23:55,784 [f4afb0d6-26fc-4cb5-93c5-03f1c8944589@group-D97E1DEDACDC-LeaderElection4] INFO  server.RaftServerConfigKeys (ConfUtils.java:logGet(44)) - raft.server.write.byte-limit = 64MB (=67108864) (default)
2022-02-02 13:23:55,785 [f4afb0d6-26fc-4cb5-93c5-03f1c8944589@group-D97E1DEDACDC-LeaderElection4] INFO  server.RaftServerConfigKeys (ConfUtils.java:logGet(44)) - raft.server.watch.timeout = 10s (default)
2022-02-02 13:23:55,785 [f4afb0d6-26fc-4cb5-93c5-03f1c8944589@group-D97E1DEDACDC-LeaderElection4] INFO  server.RaftServerConfigKeys (ConfUtils.java:logGet(44)) - raft.server.watch.timeout.denomination = 1s (default)
2022-02-02 13:23:55,785 [f4afb0d6-26fc-4cb5-93c5-03f1c8944589@group-D97E1DEDACDC-LeaderElection4] INFO  server.RaftServerConfigKeys (ConfUtils.java:logGet(44)) - raft.server.watch.element-limit = 65536 (default)
2022-02-02 13:23:55,785 [f4afb0d6-26fc-4cb5-93c5-03f1c8944589@group-D97E1DEDACDC-LeaderElection4] INFO  server.RaftServerConfigKeys (ConfUtils.java:logGet(44)) - raft.server.write.element-limit = 4096 (default)
2022-02-02 13:23:55,785 [f4afb0d6-26fc-4cb5-93c5-03f1c8944589@group-D97E1DEDACDC-LeaderElection4] INFO  server.RaftServerConfigKeys (ConfUtils.java:logGet(44)) - raft.server.write.follower.gap.ratio.max = -1.0 (default)
2022-02-02 13:23:55,785 [f4afb0d6-26fc-4cb5-93c5-03f1c8944589@group-D97E1DEDACDC-LeaderElection4] INFO  impl.RoleInfo (RoleInfo.java:updateAndGet(130)) - f4afb0d6-26fc-4cb5-93c5-03f1c8944589: start f4afb0d6-26fc-4cb5-93c5-03f1c8944589@group-D97E1DEDACDC-LeaderStateImpl
2022-02-02 13:23:55,786 [f4afb0d6-26fc-4cb5-93c5-03f1c8944589@group-D97E1DEDACDC-LeaderElection4] INFO  segmented.SegmentedRaftLogWorker (SegmentedRaftLogWorker.java:startLogSegment(394)) - f4afb0d6-26fc-4cb5-93c5-03f1c8944589@group-D97E1DEDACDC-SegmentedRaftLogWorker: Starting segment from index:0
2022-02-02 13:23:55,794 [f4afb0d6-26fc-4cb5-93c5-03f1c8944589@group-D97E1DEDACDC-LeaderElection4] INFO  server.RaftServer$Division (ServerState.java:setRaftConf(387)) - f4afb0d6-26fc-4cb5-93c5-03f1c8944589@group-D97E1DEDACDC: set configuration 0: [f4afb0d6-26fc-4cb5-93c5-03f1c8944589|rpc:fv-az294-450:9894|admin:|client:|dataStream:|priority:0], old=null
2022-02-02 13:23:55,797 [f4afb0d6-26fc-4cb5-93c5-03f1c8944589@group-D97E1DEDACDC-SegmentedRaftLogWorker] INFO  segmented.SegmentedRaftLogWorker (SegmentedRaftLogWorker.java:execute(601)) - f4afb0d6-26fc-4cb5-93c5-03f1c8944589@group-D97E1DEDACDC-SegmentedRaftLogWorker: created new log segment /home/runner/work/ozone/ozone/hadoop-ozone/integration-test/target/test-dir/MiniOzoneClusterImpl-eba4dfdc-c168-4ed6-b46b-d97e1dedacdc/ozone-meta/scm-ha/eba4dfdc-c168-4ed6-b46b-d97e1dedacdc/current/log_inprogress_0
2022-02-02 13:23:56,637 [Time-limited test] INFO  server.RaftServer (RaftServerProxy.java:lambda$close$6(391)) - f4afb0d6-26fc-4cb5-93c5-03f1c8944589: close
2022-02-02 13:23:56,637 [Time-limited test] INFO  server.RaftServer$Division (RaftServerImpl.java:lambda$close$4(412)) - f4afb0d6-26fc-4cb5-93c5-03f1c8944589@group-D97E1DEDACDC: shutdown
2022-02-02 13:23:56,637 [Time-limited test] INFO  util.JmxRegister (JmxRegister.java:unregister(73)) - Successfully un-registered JMX Bean with object name Ratis:service=RaftServer,group=group-D97E1DEDACDC,id=f4afb0d6-26fc-4cb5-93c5-03f1c8944589
2022-02-02 13:23:56,637 [Time-limited test] INFO  impl.RoleInfo (RoleInfo.java:shutdownLeaderState(91)) - f4afb0d6-26fc-4cb5-93c5-03f1c8944589: shutdown f4afb0d6-26fc-4cb5-93c5-03f1c8944589@group-D97E1DEDACDC-LeaderStateImpl
2022-02-02 13:23:56,638 [Time-limited test] INFO  impl.PendingRequests (PendingRequests.java:sendNotLeaderResponses(282)) - f4afb0d6-26fc-4cb5-93c5-03f1c8944589@group-D97E1DEDACDC-PendingRequests: sendNotLeaderResponses
2022-02-02 13:23:56,638 [Time-limited test] INFO  impl.StateMachineUpdater (StateMachineUpdater.java:stopAndJoin(149)) - f4afb0d6-26fc-4cb5-93c5-03f1c8944589@group-D97E1DEDACDC-StateMachineUpdater: set stopIndex = 0
2022-02-02 13:23:56,639 [f4afb0d6-26fc-4cb5-93c5-03f1c8944589@group-D97E1DEDACDC-StateMachineUpdater] INFO  impl.StateMachineUpdater (StateMachineUpdater.java:takeSnapshot(281)) - f4afb0d6-26fc-4cb5-93c5-03f1c8944589@group-D97E1DEDACDC-StateMachineUpdater: Took a snapshot at index 0
2022-02-02 13:23:56,639 [f4afb0d6-26fc-4cb5-93c5-03f1c8944589@group-D97E1DEDACDC-StateMachineUpdater] INFO  impl.StateMachineUpdater (StateMachineUpdater.java:lambda$new$0(89)) - f4afb0d6-26fc-4cb5-93c5-03f1c8944589@group-D97E1DEDACDC-StateMachineUpdater: snapshotIndex: updateIncreasingly -1 -> 0
2022-02-02 13:23:56,641 [Time-limited test] INFO  server.RaftServer$Division (ServerState.java:close(419)) - f4afb0d6-26fc-4cb5-93c5-03f1c8944589@group-D97E1DEDACDC: closes. applyIndex: 0
2022-02-02 13:23:56,641 [f4afb0d6-26fc-4cb5-93c5-03f1c8944589@group-D97E1DEDACDC-SegmentedRaftLogWorker] INFO  segmented.SegmentedRaftLogWorker (SegmentedRaftLogWorker.java:run(327)) - f4afb0d6-26fc-4cb5-93c5-03f1c8944589@group-D97E1DEDACDC-SegmentedRaftLogWorker was interrupted, exiting. There are 0 tasks remaining in the queue.
2022-02-02 13:23:56,642 [Time-limited test] INFO  segmented.SegmentedRaftLogWorker (SegmentedRaftLogWorker.java:close(237)) - f4afb0d6-26fc-4cb5-93c5-03f1c8944589@group-D97E1DEDACDC-SegmentedRaftLogWorker close()
2022-02-02 13:23:56,643 [Time-limited test] INFO  server.GrpcService (GrpcService.java:closeImpl(262)) - f4afb0d6-26fc-4cb5-93c5-03f1c8944589: shutdown server with port 9894 now
2022-02-02 13:23:56,644 [Time-limited test] INFO  server.GrpcService (GrpcService.java:closeImpl(271)) - f4afb0d6-26fc-4cb5-93c5-03f1c8944589: shutdown server with port 9894 successfully
2022-02-02 13:23:56,644 [org.apache.ratis.util.JvmPauseMonitor$$Lambda$431/251020702@ea93be9] INFO  util.JvmPauseMonitor (JvmPauseMonitor.java:run(109)) - JvmPauseMonitor-f4afb0d6-26fc-4cb5-93c5-03f1c8944589: Stopped
2022-02-02 13:23:56,644 [Time-limited test] INFO  ha.SCMHANodeDetails (SCMHANodeDetails.java:loadSCMHAConfig(157)) - ServiceID for StorageContainerManager is null
2022-02-02 13:23:56,645 [Time-limited test] INFO  ha.SCMHANodeDetails (SCMHANodeDetails.java:loadSCMHAConfig(162)) - ozone.scm.default.service.id is not defined, falling back to ozone.scm.service.ids to find serviceID for StorageContainerManager if it is HA enabled cluster
2022-02-02 13:23:56,647 [Time-limited test] WARN  server.ServerUtils (ServerUtils.java:getScmDbDir(148)) - ozone.scm.db.dirs is not configured. We recommend adding this setting. Falling back to ozone.metadata.dirs instead.
2022-02-02 13:23:56,647 [Time-limited test] INFO  upgrade.AbstractLayoutVersionManager (AbstractLayoutVersionManager.java:init(79)) - Initializing Layout version manager with metadata layout = SCM_HA (version = 2), software layout = SCM_HA (version = 2)
2022-02-02 13:23:56,719 [Time-limited test] INFO  reflections.Reflections (Reflections.java:scan(232)) - Reflections took 67 ms to scan 7 urls, producing 119 keys and 279 values 
2022-02-02 13:23:56,722 [Time-limited test] WARN  utils.HAUtils (HAUtils.java:getMetaDir(342)) - ozone.scm.db.dirs is not configured. We recommend adding this setting. Falling back to ozone.metadata.dirs instead.
2022-02-02 13:23:56,724 [Time-limited test] WARN  db.DBStoreBuilder (DBStoreBuilder.java:applyDBDefinition(145)) - ozone.scm.db.dirs is not configured. We recommend adding this setting. Falling back to ozone.metadata.dirs instead.
2022-02-02 13:23:56,809 [Time-limited test] INFO  net.NodeSchemaLoader (NodeSchemaLoader.java:loadSchemaFromFile(129)) - Loading schema from [jar:file:/home/runner/.m2/repository/org/apache/ozone/hdds-common/1.3.0-SNAPSHOT/hdds-common-1.3.0-SNAPSHOT.jar!/network-topology-default.xml]
2022-02-02 13:23:56,809 [Time-limited test] INFO  net.NodeSchemaLoader (NodeSchemaLoader.java:loadSchema(176)) - Loading network topology layer schema file
2022-02-02 13:23:56,816 [Time-limited test] INFO  ha.SCMRatisServerImpl (SCMRatisServerImpl.java:<init>(87)) - starting Raft server for scm:f4afb0d6-26fc-4cb5-93c5-03f1c8944589
2022-02-02 13:23:56,817 [Time-limited test] INFO  server.RaftServer (ConfUtils.java:logGet(44)) - raft.rpc.type = GRPC (default)
2022-02-02 13:23:56,817 [Time-limited test] INFO  grpc.GrpcFactory (GrpcFactory.java:checkPooledByteBufAllocatorUseCacheForAllThreads(48)) - PERFORMANCE WARNING: useCacheForAllThreads is true that may cause Netty to create a lot garbage objects and, as a result, trigger GC.
	It is recommended to disable useCacheForAllThreads by setting -Dorg.apache.ratis.thirdparty.io.netty.allocator.useCacheForAllThreads=false in command line.
2022-02-02 13:23:56,818 [Time-limited test] INFO  grpc.GrpcConfigKeys (ConfUtils.java:logGet(44)) - raft.grpc.admin.port = -1 (default)
2022-02-02 13:23:56,818 [Time-limited test] INFO  grpc.GrpcConfigKeys (ConfUtils.java:logGet(44)) - raft.grpc.server.port = 9894 (custom)
2022-02-02 13:23:56,818 [Time-limited test] INFO  grpc.GrpcConfigKeys (ConfUtils.java:logGet(44)) - raft.grpc.client.port = -1 (default)
2022-02-02 13:23:56,818 [Time-limited test] INFO  grpc.GrpcConfigKeys (ConfUtils.java:logGet(44)) - raft.grpc.server.port = 9894 (custom)
2022-02-02 13:23:56,818 [Time-limited test] INFO  grpc.GrpcConfigKeys (ConfUtils.java:logGet(44)) - raft.grpc.server.port = 9894 (custom)
2022-02-02 13:23:56,818 [Time-limited test] INFO  server.GrpcService (ConfUtils.java:logGet(44)) - raft.grpc.message.size.max = 32m (=33554432) (custom)
2022-02-02 13:23:56,818 [Time-limited test] INFO  server.RaftServerConfigKeys (ConfUtils.java:logGet(44)) - raft.server.log.appender.buffer.byte-limit = 33554432 (custom)
2022-02-02 13:23:56,818 [Time-limited test] INFO  server.GrpcService (ConfUtils.java:logGet(44)) - raft.grpc.flow.control.window = 1MB (=1048576) (default)
2022-02-02 13:23:56,818 [Time-limited test] INFO  server.RaftServerConfigKeys (ConfUtils.java:logGet(44)) - raft.server.rpc.request.timeout = 30000ms (custom)
2022-02-02 13:23:56,820 [Time-limited test] INFO  impl.DataStreamServerImpl (ConfUtils.java:logGet(44)) - raft.datastream.type = DISABLED (default)
2022-02-02 13:23:56,820 [Time-limited test] INFO  server.RaftServerConfigKeys (ConfUtils.java:logGet(44)) - raft.server.rpc.slowness.timeout = 120000ms (custom)
2022-02-02 13:23:56,820 [Time-limited test] INFO  server.RaftServerConfigKeys (ConfUtils.java:logGet(44)) - raft.server.leaderelection.leader.step-down.wait-time = 10s (default)
2022-02-02 13:23:56,820 [Time-limited test] INFO  server.RaftServerConfigKeys (ConfUtils.java:logGet(44)) - raft.server.storage.dir = [/home/runner/work/ozone/ozone/hadoop-ozone/integration-test/target/test-dir/MiniOzoneClusterImpl-eba4dfdc-c168-4ed6-b46b-d97e1dedacdc/ozone-meta/scm-ha] (custom)
2022-02-02 13:23:56,820 [Time-limited test] INFO  server.RaftServer (RaftServerProxy.java:lambda$null$1(235)) - f4afb0d6-26fc-4cb5-93c5-03f1c8944589: found a subdirectory /home/runner/work/ozone/ozone/hadoop-ozone/integration-test/target/test-dir/MiniOzoneClusterImpl-eba4dfdc-c168-4ed6-b46b-d97e1dedacdc/ozone-meta/scm-ha/eba4dfdc-c168-4ed6-b46b-d97e1dedacdc
2022-02-02 13:23:56,821 [Time-limited test] INFO  server.RaftServer (RaftServerProxy.java:addNew(95)) - f4afb0d6-26fc-4cb5-93c5-03f1c8944589: addNew group-D97E1DEDACDC:[] returns group-D97E1DEDACDC:java.util.concurrent.CompletableFuture@1d0a00de[Not completed]
2022-02-02 13:23:56,821 [pool-91-thread-1] INFO  server.RaftServer$Division (RaftServerImpl.java:<init>(184)) - f4afb0d6-26fc-4cb5-93c5-03f1c8944589: new RaftServerImpl for group-D97E1DEDACDC:[] with SCMStateMachine:uninitialized
2022-02-02 13:23:56,821 [pool-91-thread-1] INFO  server.RaftServerConfigKeys (ConfUtils.java:logGet(44)) - raft.server.rpc.timeout.min = 5000ms (custom)
2022-02-02 13:23:56,822 [pool-91-thread-1] INFO  server.RaftServerConfigKeys (ConfUtils.java:logGet(44)) - raft.server.rpc.timeout.max = 5200ms (custom)
2022-02-02 13:23:56,822 [pool-91-thread-1] INFO  server.RaftServerConfigKeys (ConfUtils.java:logGet(44)) - raft.server.rpc.sleep.time = 25ms (default)
2022-02-02 13:23:56,822 [pool-91-thread-1] INFO  server.RaftServerConfigKeys (ConfUtils.java:logGet(44)) - raft.server.rpc.slowness.timeout = 120000ms (custom)
2022-02-02 13:23:56,822 [pool-91-thread-1] INFO  server.RaftServerConfigKeys (ConfUtils.java:logGet(44)) - raft.server.leaderelection.leader.step-down.wait-time = 10s (default)
2022-02-02 13:23:56,825 [pool-91-thread-1] INFO  server.RaftServerConfigKeys (ConfUtils.java:logGet(44)) - raft.server.sleep.deviation.threshold = 300ms (default)
2022-02-02 13:23:56,825 [pool-91-thread-1] INFO  server.RaftServerConfigKeys (ConfUtils.java:logGet(44)) - raft.server.log.appender.install.snapshot.enabled = false (custom)
2022-02-02 13:23:56,825 [pool-91-thread-1] INFO  server.RaftServer$Division (ServerState.java:<init>(105)) - f4afb0d6-26fc-4cb5-93c5-03f1c8944589@group-D97E1DEDACDC: ConfigurationManager, init=-1: [], old=null, confs=<EMPTY_MAP>
2022-02-02 13:23:56,825 [pool-91-thread-1] INFO  server.RaftServerConfigKeys (ConfUtils.java:logGet(44)) - raft.server.storage.dir = [/home/runner/work/ozone/ozone/hadoop-ozone/integration-test/target/test-dir/MiniOzoneClusterImpl-eba4dfdc-c168-4ed6-b46b-d97e1dedacdc/ozone-meta/scm-ha] (custom)
2022-02-02 13:23:56,825 [pool-91-thread-1] INFO  server.RaftServerConfigKeys (ConfUtils.java:logGet(44)) - raft.server.log.corruption.policy = EXCEPTION (default)
2022-02-02 13:23:56,825 [pool-91-thread-1] INFO  server.RaftServerConfigKeys (ConfUtils.java:logGet(44)) - raft.server.storage.free-space.min = 0MB (=0) (default)
2022-02-02 13:23:56,826 [pool-91-thread-1] INFO  storage.RaftStorageDirectory (RaftStorageDirectoryImpl.java:tryLock(230)) - Lock on /home/runner/work/ozone/ozone/hadoop-ozone/integration-test/target/test-dir/MiniOzoneClusterImpl-eba4dfdc-c168-4ed6-b46b-d97e1dedacdc/ozone-meta/scm-ha/eba4dfdc-c168-4ed6-b46b-d97e1dedacdc/in_use.lock acquired by nodename 23947@fv-az294-450
2022-02-02 13:23:56,827 [pool-91-thread-1] INFO  storage.RaftStorage (RaftStorageImpl.java:analyzeAndRecoverStorage(110)) - Read RaftStorageMetadata{term=1, votedFor=f4afb0d6-26fc-4cb5-93c5-03f1c8944589} from /home/runner/work/ozone/ozone/hadoop-ozone/integration-test/target/test-dir/MiniOzoneClusterImpl-eba4dfdc-c168-4ed6-b46b-d97e1dedacdc/ozone-meta/scm-ha/eba4dfdc-c168-4ed6-b46b-d97e1dedacdc/current/raft-meta
2022-02-02 13:23:56,828 [pool-91-thread-1] INFO  server.RaftServer$Division (ServerState.java:setRaftConf(387)) - f4afb0d6-26fc-4cb5-93c5-03f1c8944589@group-D97E1DEDACDC: set configuration 0: [f4afb0d6-26fc-4cb5-93c5-03f1c8944589|rpc:fv-az294-450:9894|admin:|client:|dataStream:|priority:0], old=null
2022-02-02 13:23:56,828 [pool-91-thread-1] INFO  server.RaftServerConfigKeys (ConfUtils.java:logGet(44)) - raft.server.notification.no-leader.timeout = 60s (default)
2022-02-02 13:23:56,828 [pool-91-thread-1] INFO  server.RaftServerConfigKeys (ConfUtils.java:logGet(44)) - raft.server.log.use.memory = false (default)
2022-02-02 13:23:56,828 [pool-91-thread-1] INFO  server.RaftServerConfigKeys (ConfUtils.java:logGet(44)) - raft.server.log.purge.gap = 1000000 (custom)
2022-02-02 13:23:56,828 [pool-91-thread-1] INFO  server.RaftServerConfigKeys (ConfUtils.java:logGet(44)) - raft.server.log.appender.buffer.byte-limit = 33554432 (custom)
2022-02-02 13:23:56,828 [pool-91-thread-1] INFO  server.RaftServerConfigKeys (ConfUtils.java:logGet(44)) - raft.server.log.segment.size.max = 4194304 (custom)
2022-02-02 13:23:56,829 [pool-91-thread-1] INFO  server.RaftServerConfigKeys (ConfUtils.java:logGet(44)) - raft.server.log.segment.cache.num.max = 2 (custom)
2022-02-02 13:23:56,829 [pool-91-thread-1] INFO  server.RaftServerConfigKeys (ConfUtils.java:logGet(44)) - raft.server.log.segment.cache.size.max = 200MB (=209715200) (default)
2022-02-02 13:23:56,829 [pool-91-thread-1] INFO  segmented.SegmentedRaftLogWorker (SegmentedRaftLogWorker.java:<init>(182)) - new f4afb0d6-26fc-4cb5-93c5-03f1c8944589@group-D97E1DEDACDC-SegmentedRaftLogWorker for RaftStorageImpl:Storage Directory /home/runner/work/ozone/ozone/hadoop-ozone/integration-test/target/test-dir/MiniOzoneClusterImpl-eba4dfdc-c168-4ed6-b46b-d97e1dedacdc/ozone-meta/scm-ha/eba4dfdc-c168-4ed6-b46b-d97e1dedacdc
2022-02-02 13:23:56,830 [pool-91-thread-1] INFO  server.RaftServerConfigKeys (ConfUtils.java:logGet(44)) - raft.server.log.queue.byte-limit = 64MB (=67108864) (default)
2022-02-02 13:23:56,830 [pool-91-thread-1] INFO  server.RaftServerConfigKeys (ConfUtils.java:logGet(44)) - raft.server.log.queue.element-limit = 4096 (default)
2022-02-02 13:23:56,830 [pool-91-thread-1] INFO  server.RaftServerConfigKeys (ConfUtils.java:logGet(44)) - raft.server.log.segment.size.max = 4194304 (custom)
2022-02-02 13:23:56,830 [pool-91-thread-1] INFO  server.RaftServerConfigKeys (ConfUtils.java:logGet(44)) - raft.server.log.preallocated.size = 4194304 (custom)
2022-02-02 13:23:56,830 [pool-91-thread-1] INFO  server.RaftServerConfigKeys (ConfUtils.java:logGet(44)) - raft.server.log.force.sync.num = 128 (default)
2022-02-02 13:23:56,830 [pool-91-thread-1] INFO  server.RaftServerConfigKeys (ConfUtils.java:logGet(44)) - raft.server.log.statemachine.data.sync = true (default)
2022-02-02 13:23:56,830 [pool-91-thread-1] INFO  server.RaftServerConfigKeys (ConfUtils.java:logGet(44)) - raft.server.log.statemachine.data.sync.timeout = 10s (default)
2022-02-02 13:23:56,830 [pool-91-thread-1] INFO  server.RaftServerConfigKeys (ConfUtils.java:logGet(44)) - raft.server.log.statemachine.data.sync.timeout.retry = -1 (default)
2022-02-02 13:23:56,838 [pool-91-thread-1] INFO  server.RaftServerConfigKeys (ConfUtils.java:logGet(44)) - raft.server.log.write.buffer.size = 64KB (=65536) (default)
2022-02-02 13:23:56,838 [pool-91-thread-1] INFO  server.RaftServerConfigKeys (ConfUtils.java:logGet(44)) - raft.server.log.statemachine.data.caching.enabled = false (default)
2022-02-02 13:23:56,844 [pool-91-thread-1] INFO  server.RaftServer$Division (ServerState.java:setRaftConf(387)) - f4afb0d6-26fc-4cb5-93c5-03f1c8944589@group-D97E1DEDACDC: set configuration 0: [f4afb0d6-26fc-4cb5-93c5-03f1c8944589|rpc:fv-az294-450:9894|admin:|client:|dataStream:|priority:0], old=null
2022-02-02 13:23:56,845 [pool-91-thread-1] INFO  segmented.LogSegment (LogSegment.java:loadSegment(173)) - Successfully read 1 entries from segment file /home/runner/work/ozone/ozone/hadoop-ozone/integration-test/target/test-dir/MiniOzoneClusterImpl-eba4dfdc-c168-4ed6-b46b-d97e1dedacdc/ozone-meta/scm-ha/eba4dfdc-c168-4ed6-b46b-d97e1dedacdc/current/log_inprogress_0
2022-02-02 13:23:56,845 [pool-91-thread-1] INFO  segmented.SegmentedRaftLogWorker (SegmentedRaftLogWorker.java:lambda$new$0(133)) - f4afb0d6-26fc-4cb5-93c5-03f1c8944589@group-D97E1DEDACDC-SegmentedRaftLogWorker: flushIndex: setUnconditionally 0 -> 0
2022-02-02 13:23:56,845 [pool-91-thread-1] INFO  segmented.SegmentedRaftLogWorker (SegmentedRaftLogWorker.java:lambda$new$0(133)) - f4afb0d6-26fc-4cb5-93c5-03f1c8944589@group-D97E1DEDACDC-SegmentedRaftLogWorker: safeCacheEvictIndex: setUnconditionally 0 -> -1
2022-02-02 13:23:56,850 [pool-91-thread-1] INFO  server.RaftServerConfigKeys (ConfUtils.java:logGet(44)) - raft.server.snapshot.auto.trigger.enabled = true (custom)
2022-02-02 13:23:56,850 [pool-91-thread-1] INFO  server.RaftServerConfigKeys (ConfUtils.java:logGet(44)) - raft.server.snapshot.auto.trigger.threshold = 1000 (custom)
2022-02-02 13:23:56,850 [pool-91-thread-1] INFO  server.RaftServerConfigKeys (ConfUtils.java:logGet(44)) - raft.server.snapshot.retention.file.num = -1 (default)
2022-02-02 13:23:56,850 [pool-91-thread-1] INFO  server.RaftServerConfigKeys (ConfUtils.java:logGet(44)) - raft.server.log.purge.upto.snapshot.index = false (default)
2022-02-02 13:23:56,850 [pool-91-thread-1] INFO  server.RaftServerConfigKeys (ConfUtils.java:logGet(44)) - raft.server.retrycache.expirytime = 60000ms (default)
2022-02-02 13:23:56,850 [pool-91-thread-1] INFO  server.RaftServerConfigKeys (ConfUtils.java:logGet(44)) - raft.server.retrycache.statistics.expirytime = 100μs (default)
2022-02-02 13:23:56,858 [Time-limited test] INFO  ha.SCMSnapshotProvider (SCMSnapshotProvider.java:<init>(66)) - Initializing SCM Snapshot Provider
2022-02-02 13:23:56,859 [Time-limited test] WARN  server.ServerUtils (ServerUtils.java:getDefaultRatisDirectory(237)) - Storage directory for Ratis is not configured. It is a good idea to map this to an SSD disk. Falling back to ozone.metadata.dirs
2022-02-02 13:23:56,859 [Time-limited test] WARN  ha.SCMHAUtils (SCMHAUtils.java:getSCMRatisSnapshotDirectory(146)) - SCM snapshot dir is not configured. Falling back to ozone.metadata.dirs config
2022-02-02 13:23:56,860 [Time-limited test] INFO  ha.SequenceIdGenerator (SequenceIdGenerator.java:upgradeToSequenceId(347)) - upgrade localId to 109611004723200000
2022-02-02 13:23:56,861 [Time-limited test] INFO  ha.SequenceIdGenerator (SequenceIdGenerator.java:upgradeToSequenceId(357)) - upgrade delTxnId to 0
2022-02-02 13:23:56,861 [Time-limited test] INFO  ha.SequenceIdGenerator (SequenceIdGenerator.java:upgradeToSequenceId(371)) - upgrade containerId to 0
2022-02-02 13:23:56,861 [Time-limited test] INFO  ha.SequenceIdGenerator (SequenceIdGenerator.java:<init>(218)) - Init the HA SequenceIdGenerator.
2022-02-02 13:23:56,861 [Time-limited test] WARN  server.ServerUtils (ServerUtils.java:sanitizeUserArgs(73)) - ozone.scm.stale.node.interval value = 300000 is larger than max = 100000 based on the key value of ozone.scm.heartbeat.thread.interval, reset to the max value 100000.
2022-02-02 13:23:56,861 [Time-limited test] WARN  server.ServerUtils (ServerUtils.java:sanitizeUserArgs(73)) - ozone.scm.stale.node.interval value = 300000 is larger than max = 100000 based on the key value of ozone.scm.heartbeat.thread.interval, reset to the max value 100000.
2022-02-02 13:23:56,861 [Time-limited test] INFO  node.SCMNodeManager (SCMNodeManager.java:<init>(144)) - Entering startup safe mode.
2022-02-02 13:23:56,862 [Time-limited test] INFO  algorithms.ContainerPlacementPolicyFactory (ContainerPlacementPolicyFactory.java:getPolicy(60)) - Create container placement policy of type org.apache.hadoop.hdds.scm.container.placement.algorithms.SCMContainerPlacementRandom
2022-02-02 13:23:56,862 [Time-limited test] INFO  pipeline.PipelineStateManagerImpl (PipelineStateManagerImpl.java:initialize(78)) - No pipeline exists in current db
2022-02-02 13:23:56,863 [Time-limited test] INFO  algorithms.LeaderChoosePolicyFactory (LeaderChoosePolicyFactory.java:getPolicy(57)) - Create leader choose policy of type org.apache.hadoop.hdds.scm.pipeline.leader.choose.algorithms.MinLeaderCountChoosePolicy
2022-02-02 13:23:56,863 [Time-limited test] INFO  ha.SCMServiceManager (SCMServiceManager.java:register(43)) - Registering service BackgroundPipelineCreator.
2022-02-02 13:23:56,863 [Time-limited test] INFO  pipeline.BackgroundPipelineCreator (BackgroundPipelineCreator.java:start(130)) - Starting RatisPipelineUtilsThread.
2022-02-02 13:23:56,870 [Time-limited test] INFO  algorithms.PipelineChoosePolicyFactory (PipelineChoosePolicyFactory.java:createPipelineChoosePolicyFromClass(73)) - Create pipeline choose policy of type org.apache.hadoop.hdds.scm.pipeline.choose.algorithms.RandomPipelineChoosePolicy
2022-02-02 13:23:56,871 [Time-limited test] INFO  ha.SCMServiceManager (SCMServiceManager.java:register(43)) - Registering service SCMBlockDeletingService.
2022-02-02 13:23:56,871 [Time-limited test] INFO  ha.SCMServiceManager (SCMServiceManager.java:register(43)) - Registering service ReplicationManager.
2022-02-02 13:23:56,871 [Time-limited test] INFO  container.ReplicationManager (ReplicationManager.java:start(326)) - Starting Replication Monitor Thread.
2022-02-02 13:23:56,874 [Time-limited test] INFO  safemode.ContainerSafeModeRule (ContainerSafeModeRule.java:<init>(89)) - containers with one replica threshold count 0
2022-02-02 13:23:56,874 [Time-limited test] INFO  safemode.HealthyPipelineSafeModeRule (HealthyPipelineSafeModeRule.java:initializeRule(156)) - Total pipeline count is 0, healthy pipeline threshold count is 1
2022-02-02 13:23:56,874 [Time-limited test] INFO  safemode.OneReplicaPipelineSafeModeRule (OneReplicaPipelineSafeModeRule.java:initializeRule(180)) - Total pipeline count is 0, pipeline's with at least one datanode reported threshold count is 0
2022-02-02 13:23:56,882 [Time-limited test] INFO  ipc.CallQueueManager (CallQueueManager.java:<init>(90)) - Using callQueue: class java.util.concurrent.LinkedBlockingQueue, queueCapacity: 2000, scheduler: class org.apache.hadoop.ipc.DefaultRpcScheduler, ipcBackoff: false.
2022-02-02 13:23:56,886 [Listener at 0.0.0.0/36445] INFO  ipc.CallQueueManager (CallQueueManager.java:<init>(90)) - Using callQueue: class java.util.concurrent.LinkedBlockingQueue, queueCapacity: 2000, scheduler: class org.apache.hadoop.ipc.DefaultRpcScheduler, ipcBackoff: false.
2022-02-02 13:23:56,890 [Socket Reader #1 for port 0] INFO  ipc.Server (Server.java:run(1265)) - Starting Socket Reader #1 for port 0
2022-02-02 13:23:56,893 [Socket Reader #1 for port 0] INFO  ipc.Server (Server.java:run(1265)) - Starting Socket Reader #1 for port 0
2022-02-02 13:23:56,893 [Listener at 0.0.0.0/35241] INFO  ipc.CallQueueManager (CallQueueManager.java:<init>(90)) - Using callQueue: class java.util.concurrent.LinkedBlockingQueue, queueCapacity: 2000, scheduler: class org.apache.hadoop.ipc.DefaultRpcScheduler, ipcBackoff: false.
2022-02-02 13:23:56,896 [Socket Reader #1 for port 0] INFO  ipc.Server (Server.java:run(1265)) - Starting Socket Reader #1 for port 0
2022-02-02 13:23:56,906 [ReplicationMonitor] INFO  container.ReplicationManager (ReplicationManager.java:processAll(374)) - Replication Manager is not ready to run until 3000ms after safemode exit
2022-02-02 13:23:56,945 [Listener at 0.0.0.0/34921] INFO  algorithms.ContainerPlacementPolicyFactory (ContainerPlacementPolicyFactory.java:getPolicy(60)) - Create container placement policy of type org.apache.hadoop.hdds.scm.container.placement.algorithms.SCMContainerPlacementRandom
2022-02-02 13:23:56,946 [Listener at 0.0.0.0/34921] INFO  server.StorageContainerManager (StorageContainerManager.java:<init>(388)) - 
Container Balancer status:
Key                            Value
Running                        false
Container Balancer Configuration values:
Key                                                Value
Threshold                                          10
Max Datanodes to Involve per Iteration(percent)    20
Max Size to Move per Iteration                     500GB
Max Size Entering Target per Iteration             26GB
Max Size Leaving Source per Iteration              26GB

2022-02-02 13:23:56,950 [Listener at 0.0.0.0/34921] WARN  events.EventQueue (EventQueue.java:fireEvent(194)) - No event handler registered for event TypedEvent{payloadType=SafeModeStatus, name='Safe mode status'}
2022-02-02 13:23:56,950 [Listener at 0.0.0.0/34921] INFO  ha.SCMContext (SCMContext.java:updateSafeModeStatus(211)) - Update SafeModeStatus from SafeModeStatus{safeModeStatus=true, preCheckPassed=false} to SafeModeStatus{safeModeStatus=true, preCheckPassed=false}.
2022-02-02 13:23:56,950 [Listener at 0.0.0.0/34921] INFO  server.StorageContainerManager (StorageContainerManager.java:start(1303)) - StorageContainerLocationProtocol RPC server is listening at /0.0.0.0:34921
2022-02-02 13:23:56,950 [Listener at 0.0.0.0/34921] INFO  ha.SCMRatisServerImpl (SCMRatisServerImpl.java:start(177)) - starting ratis server 0.0.0.0:9894
2022-02-02 13:23:56,950 [Listener at 0.0.0.0/34921] INFO  server.RaftServer$Division (RaftServerImpl.java:start(301)) - f4afb0d6-26fc-4cb5-93c5-03f1c8944589@group-D97E1DEDACDC: start as a follower, conf=0: [f4afb0d6-26fc-4cb5-93c5-03f1c8944589|rpc:fv-az294-450:9894|admin:|client:|dataStream:|priority:0], old=null
2022-02-02 13:23:56,951 [Listener at 0.0.0.0/34921] INFO  server.RaftServer$Division (RaftServerImpl.java:setRole(290)) - f4afb0d6-26fc-4cb5-93c5-03f1c8944589@group-D97E1DEDACDC: changes role from      null to FOLLOWER at term 1 for startAsFollower
2022-02-02 13:23:56,951 [Listener at 0.0.0.0/34921] INFO  impl.RoleInfo (RoleInfo.java:updateAndGet(130)) - f4afb0d6-26fc-4cb5-93c5-03f1c8944589: start f4afb0d6-26fc-4cb5-93c5-03f1c8944589@group-D97E1DEDACDC-FollowerState
2022-02-02 13:23:56,953 [Listener at 0.0.0.0/34921] INFO  util.JmxRegister (JmxRegister.java:tryRegister(44)) - Successfully registered JMX Bean with object name Ratis:service=RaftServer,group=group-D97E1DEDACDC,id=f4afb0d6-26fc-4cb5-93c5-03f1c8944589
2022-02-02 13:23:56,958 [Listener at 0.0.0.0/34921] INFO  server.RaftServer (RaftServerProxy.java:lambda$start$5(374)) - f4afb0d6-26fc-4cb5-93c5-03f1c8944589: start RPC server
2022-02-02 13:23:56,963 [Listener at 0.0.0.0/34921] INFO  server.GrpcService (GrpcService.java:startImpl(253)) - f4afb0d6-26fc-4cb5-93c5-03f1c8944589: GrpcService started, listening on 9894
2022-02-02 13:23:56,964 [Listener at 0.0.0.0/34921] INFO  ha.SCMHAManagerImpl (SCMHAManagerImpl.java:start(121)) -  scm role is FOLLOWER peers [f4afb0d6-26fc-4cb5-93c5-03f1c8944589|rpc:fv-az294-450:9894|admin:|client:|dataStream:|priority:0]
2022-02-02 13:23:56,964 [Listener at 0.0.0.0/34921] INFO  ha.InterSCMGrpcService (InterSCMGrpcProtocolService.java:start(94)) - Starting SCM Grpc Service at port 9895
2022-02-02 13:23:56,966 [org.apache.ratis.util.JvmPauseMonitor$$Lambda$431/251020702@59c9964f] INFO  util.JvmPauseMonitor (JvmPauseMonitor.java:run(103)) - JvmPauseMonitor-f4afb0d6-26fc-4cb5-93c5-03f1c8944589: Started
2022-02-02 13:23:56,967 [Listener at 0.0.0.0/34921] WARN  impl.MetricsConfig (MetricsConfig.java:loadFirst(136)) - Cannot locate configuration: tried hadoop-metrics2-storagecontainermanager.properties,hadoop-metrics2.properties
2022-02-02 13:23:56,974 [Listener at 0.0.0.0/34921] INFO  impl.MetricsSystemImpl (MetricsSystemImpl.java:startTimer(378)) - Scheduled Metric snapshot period at 10 second(s).
2022-02-02 13:23:56,974 [Listener at 0.0.0.0/34921] INFO  impl.MetricsSystemImpl (MetricsSystemImpl.java:start(191)) - StorageContainerManager metrics system started
2022-02-02 13:23:56,989 [Listener at 0.0.0.0/34921] INFO  impl.MetricsSinkAdapter (MetricsSinkAdapter.java:start(204)) - Sink prometheus started
2022-02-02 13:23:56,993 [Listener at 0.0.0.0/34921] INFO  impl.MetricsSystemImpl (MetricsSystemImpl.java:registerSink(305)) - Registered sink prometheus
2022-02-02 13:23:57,008 [Listener at 0.0.0.0/34921] INFO  server.SCMClientProtocolServer (SCMClientProtocolServer.java:start(165)) - RPC server for Client  is listening at /0.0.0.0:34921
2022-02-02 13:23:57,008 [IPC Server Responder] INFO  ipc.Server (Server.java:run(1507)) - IPC Server Responder: starting
2022-02-02 13:23:57,009 [IPC Server listener on 0] INFO  ipc.Server (Server.java:run(1344)) - IPC Server listener on 0: starting
2022-02-02 13:23:57,019 [Listener at 0.0.0.0/34921] INFO  server.StorageContainerManager (StorageContainerManager.java:start(1318)) - ScmBlockLocationProtocol RPC server is listening at /0.0.0.0:35241
2022-02-02 13:23:57,026 [Listener at 0.0.0.0/34921] INFO  server.SCMBlockProtocolServer (SCMBlockProtocolServer.java:start(151)) - RPC server for Block Protocol is listening at /0.0.0.0:35241
2022-02-02 13:23:57,026 [IPC Server Responder] INFO  ipc.Server (Server.java:run(1507)) - IPC Server Responder: starting
2022-02-02 13:23:57,026 [IPC Server listener on 0] INFO  ipc.Server (Server.java:run(1344)) - IPC Server listener on 0: starting
2022-02-02 13:23:57,030 [Listener at 0.0.0.0/34921] INFO  http.BaseHttpServer (BaseHttpServer.java:newHttpServer2BuilderForOzone(209)) - Starting Web-server for scm at: http://0.0.0.0:0
2022-02-02 13:23:57,030 [Listener at 0.0.0.0/34921] INFO  http.BaseHttpServer (BaseHttpServer.java:<init>(107)) - Hadoop Security Enabled: false Ozone Security Enabled: false Ozone HTTP Security Enabled: false 
2022-02-02 13:23:57,030 [org.apache.hadoop.util.JvmPauseMonitor$Monitor@342396a2] INFO  util.JvmPauseMonitor (JvmPauseMonitor.java:run(188)) - Starting JVM pause monitor
2022-02-02 13:23:57,032 [Listener at 0.0.0.0/34921] INFO  server.AuthenticationFilter (AuthenticationFilter.java:constructSecretProvider(240)) - Unable to initialize FileSignerSecretProvider, falling back to use random secrets.
2022-02-02 13:23:57,034 [Listener at 0.0.0.0/34921] WARN  http.HttpRequestLog (HttpRequestLog.java:getRequestLog(103)) - Jetty request log can only be enabled using Log4j
2022-02-02 13:23:57,035 [Listener at 0.0.0.0/34921] INFO  http.HttpServer2 (HttpServer2.java:addGlobalFilter(1030)) - Added global filter 'safety' (class=org.apache.hadoop.hdds.server.http.HttpServer2$QuotingInputFilter)
2022-02-02 13:23:57,035 [Listener at 0.0.0.0/34921] INFO  http.HttpServer2 (HttpServer2.java:addFilter(1006)) - Added filter static_user_filter (class=org.apache.hadoop.http.lib.StaticUserWebFilter$StaticUserFilter) to context scm
2022-02-02 13:23:57,036 [Listener at 0.0.0.0/34921] INFO  http.HttpServer2 (HttpServer2.java:addFilter(1014)) - Added filter static_user_filter (class=org.apache.hadoop.http.lib.StaticUserWebFilter$StaticUserFilter) to context static
2022-02-02 13:23:57,036 [Listener at 0.0.0.0/34921] INFO  http.HttpServer2 (HttpServer2.java:addFilter(1014)) - Added filter static_user_filter (class=org.apache.hadoop.http.lib.StaticUserWebFilter$StaticUserFilter) to context logs
2022-02-02 13:23:57,036 [Listener at 0.0.0.0/34921] INFO  http.HttpServer2 (HttpServer2.java:bindListener(1249)) - Jetty bound to port 40111
2022-02-02 13:23:57,036 [Listener at 0.0.0.0/34921] INFO  server.Server (Server.java:doStart(375)) - jetty-9.4.43.v20210629; built: 2021-06-30T11:07:22.254Z; git: 526006ecfa3af7f1a27ef3a288e2bef7ea9dd7e8; jvm 1.8.0_312-b07
2022-02-02 13:23:57,039 [Listener at 0.0.0.0/34921] INFO  server.session (DefaultSessionIdManager.java:doStart(334)) - DefaultSessionIdManager workerName=node0
2022-02-02 13:23:57,040 [Listener at 0.0.0.0/34921] INFO  server.session (DefaultSessionIdManager.java:doStart(339)) - No SessionScavenger set, using defaults
2022-02-02 13:23:57,040 [Listener at 0.0.0.0/34921] INFO  server.session (HouseKeeper.java:startScavenging(132)) - node0 Scavenging every 660000ms
2022-02-02 13:23:57,040 [Listener at 0.0.0.0/34921] INFO  handler.ContextHandler (ContextHandler.java:doStart(915)) - Started o.e.j.s.ServletContextHandler@691d7818{logs,/logs,file:///home/runner/work/ozone/ozone/hadoop-ozone/integration-test/target/log,AVAILABLE}
2022-02-02 13:23:57,050 [Listener at 0.0.0.0/34921] INFO  handler.ContextHandler (ContextHandler.java:doStart(915)) - Started o.e.j.s.ServletContextHandler@eccc0de{static,/static,file:///home/runner/work/ozone/ozone/hadoop-ozone/integration-test/target/test-classes/webapps/static,AVAILABLE}
2022-02-02 13:23:57,054 [Listener at 0.0.0.0/34921] INFO  handler.ContextHandler (ContextHandler.java:doStart(915)) - Started o.e.j.w.WebAppContext@6a15f50a{scm,/,file:///home/runner/work/ozone/ozone/hadoop-ozone/integration-test/target/test-classes/webapps/scm/,AVAILABLE}{file:/home/runner/work/ozone/ozone/hadoop-ozone/integration-test/target/test-classes/webapps/scm}
2022-02-02 13:23:57,056 [Listener at 0.0.0.0/34921] INFO  server.AbstractConnector (AbstractConnector.java:doStart(331)) - Started ServerConnector@af03516{HTTP/1.1, (http/1.1)}{0.0.0.0:40111}
2022-02-02 13:23:57,056 [Listener at 0.0.0.0/34921] INFO  server.Server (Server.java:doStart(415)) - Started @38248ms
2022-02-02 13:23:57,056 [Listener at 0.0.0.0/34921] WARN  impl.MetricsSystemImpl (MetricsSystemImpl.java:register(279)) - Sink prometheus already exists!
2022-02-02 13:23:57,057 [Listener at 0.0.0.0/34921] INFO  http.BaseHttpServer (BaseHttpServer.java:updateConnectorAddress(329)) - HTTP server of scm listening at http://0.0.0.0:40111
2022-02-02 13:23:57,057 [Listener at 0.0.0.0/34921] WARN  server.ServerUtils (ServerUtils.java:getDBPath(225)) - ozone.om.db.dirs is not configured. We recommend adding this setting. Falling back to ozone.metadata.dirs instead.
2022-02-02 13:23:57,058 [Listener at 0.0.0.0/34921] INFO  ha.OMHANodeDetails (OMHANodeDetails.java:loadOMHAConfig(112)) - ozone.om.internal.service.id is not defined, falling back to ozone.om.service.ids to find serviceID for OzoneManager if it is HA enabled cluster
2022-02-02 13:23:57,058 [Listener at 0.0.0.0/34921] INFO  ha.OMHANodeDetails (OMHANodeDetails.java:loadOMHAConfig(218)) - Configuration does not have ozone.om.address set. Falling back to the default OM address /127.0.0.1:0
2022-02-02 13:23:57,058 [Listener at 0.0.0.0/34921] INFO  ha.OMHANodeDetails (OMHANodeDetails.java:getOMNodeDetailsForNonHA(246)) - OM Service ID is not set. Setting it to the default ID: omServiceIdDefault
2022-02-02 13:23:57,059 [Listener at 0.0.0.0/34921] INFO  ha.OMHANodeDetails (OMHANodeDetails.java:getOMNodeDetailsForNonHA(253)) - OM Node ID is not set. Setting it to the default ID: om1
2022-02-02 13:23:57,059 [Listener at 0.0.0.0/34921] WARN  server.ServerUtils (ServerUtils.java:getDBPath(225)) - ozone.om.db.dirs is not configured. We recommend adding this setting. Falling back to ozone.metadata.dirs instead.
2022-02-02 13:23:57,059 [Listener at 0.0.0.0/34921] INFO  upgrade.AbstractLayoutVersionManager (AbstractLayoutVersionManager.java:init(79)) - Initializing Layout version manager with metadata layout = INITIAL_VERSION (version = 0), software layout = INITIAL_VERSION (version = 0)
2022-02-02 13:23:57,122 [Listener at 0.0.0.0/34921] INFO  reflections.Reflections (Reflections.java:scan(232)) - Reflections took 61 ms to scan 2 urls, producing 133 keys and 348 values [using 2 cores]
2022-02-02 13:23:57,123 [Listener at 0.0.0.0/34921] INFO  upgrade.OMLayoutVersionManager (OMLayoutVersionManager.java:lambda$0(115)) - Skipping Upgrade Action MockOmUpgradeAction since it has been finalized.
2022-02-02 13:23:57,123 [Listener at 0.0.0.0/34921] WARN  server.ServerUtils (ServerUtils.java:getDBPath(225)) - ozone.om.db.dirs is not configured. We recommend adding this setting. Falling back to ozone.metadata.dirs instead.
2022-02-02 13:23:59,144 [Listener at 0.0.0.0/34921] INFO  retry.RetryInvocationHandler (RetryInvocationHandler.java:log(411)) - com.google.protobuf.ServiceException: org.apache.hadoop.ipc.RemoteException(org.apache.hadoop.hdds.ratis.ServerNotLeaderException): Server:f4afb0d6-26fc-4cb5-93c5-03f1c8944589 is not the leader. Could not determine the leader node.
	at org.apache.hadoop.hdds.ratis.ServerNotLeaderException.convertToNotLeaderException(ServerNotLeaderException.java:109)
	at org.apache.hadoop.hdds.scm.ha.RatisUtil.checkRatisException(RatisUtil.java:245)
	at org.apache.hadoop.hdds.scm.protocol.ScmBlockLocationProtocolServerSideTranslatorPB.send(ScmBlockLocationProtocolServerSideTranslatorPB.java:108)
	at org.apache.hadoop.hdds.protocol.proto.ScmBlockLocationProtocolProtos$ScmBlockLocationProtocolService$2.callBlockingMethod(ScmBlockLocationProtocolProtos.java:13937)
	at org.apache.hadoop.ipc.ProtobufRpcEngine$Server.processCall(ProtobufRpcEngine.java:466)
	at org.apache.hadoop.ipc.ProtobufRpcEngine2$Server$ProtoBufRpcInvoker.call(ProtobufRpcEngine2.java:574)
	at org.apache.hadoop.ipc.ProtobufRpcEngine2$Server$ProtoBufRpcInvoker.call(ProtobufRpcEngine2.java:552)
	at org.apache.hadoop.ipc.RPC$Server.call(RPC.java:1093)
	at org.apache.hadoop.ipc.Server$RpcCall.run(Server.java:1035)
	at org.apache.hadoop.ipc.Server$RpcCall.run(Server.java:963)
	at java.security.AccessController.doPrivileged(Native Method)
	at javax.security.auth.Subject.doAs(Subject.java:422)
	at org.apache.hadoop.security.UserGroupInformation.doAs(UserGroupInformation.java:1878)
	at org.apache.hadoop.ipc.Server$Handler.run(Server.java:2966)
, while invoking $Proxy44.send over nodeId=scmNodeId,nodeAddress=/0.0.0.0:35241 after 1 failover attempts. Trying to failover after sleeping for 2000ms.
2022-02-02 13:24:01,148 [Listener at 0.0.0.0/34921] INFO  retry.RetryInvocationHandler (RetryInvocationHandler.java:log(411)) - com.google.protobuf.ServiceException: org.apache.hadoop.ipc.RemoteException(org.apache.hadoop.hdds.ratis.ServerNotLeaderException): Server:f4afb0d6-26fc-4cb5-93c5-03f1c8944589 is not the leader. Could not determine the leader node.
	at org.apache.hadoop.hdds.ratis.ServerNotLeaderException.convertToNotLeaderException(ServerNotLeaderException.java:109)
	at org.apache.hadoop.hdds.scm.ha.RatisUtil.checkRatisException(RatisUtil.java:245)
	at org.apache.hadoop.hdds.scm.protocol.ScmBlockLocationProtocolServerSideTranslatorPB.send(ScmBlockLocationProtocolServerSideTranslatorPB.java:108)
	at org.apache.hadoop.hdds.protocol.proto.ScmBlockLocationProtocolProtos$ScmBlockLocationProtocolService$2.callBlockingMethod(ScmBlockLocationProtocolProtos.java:13937)
	at org.apache.hadoop.ipc.ProtobufRpcEngine$Server.processCall(ProtobufRpcEngine.java:466)
	at org.apache.hadoop.ipc.ProtobufRpcEngine2$Server$ProtoBufRpcInvoker.call(ProtobufRpcEngine2.java:574)
	at org.apache.hadoop.ipc.ProtobufRpcEngine2$Server$ProtoBufRpcInvoker.call(ProtobufRpcEngine2.java:552)
	at org.apache.hadoop.ipc.RPC$Server.call(RPC.java:1093)
	at org.apache.hadoop.ipc.Server$RpcCall.run(Server.java:1035)
	at org.apache.hadoop.ipc.Server$RpcCall.run(Server.java:963)
	at java.security.AccessController.doPrivileged(Native Method)
	at javax.security.auth.Subject.doAs(Subject.java:422)
	at org.apache.hadoop.security.UserGroupInformation.doAs(UserGroupInformation.java:1878)
	at org.apache.hadoop.ipc.Server$Handler.run(Server.java:2966)
, while invoking $Proxy44.send over nodeId=scmNodeId,nodeAddress=/0.0.0.0:35241 after 2 failover attempts. Trying to failover after sleeping for 2000ms.
2022-02-02 13:24:02,147 [f4afb0d6-26fc-4cb5-93c5-03f1c8944589@group-D97E1DEDACDC-FollowerState] INFO  impl.FollowerState (FollowerState.java:run(134)) - f4afb0d6-26fc-4cb5-93c5-03f1c8944589@group-D97E1DEDACDC-FollowerState: change to CANDIDATE, lastRpcElapsedTime:5195911223ns, electionTimeout:5184ms
2022-02-02 13:24:02,148 [f4afb0d6-26fc-4cb5-93c5-03f1c8944589@group-D97E1DEDACDC-FollowerState] INFO  impl.RoleInfo (RoleInfo.java:shutdownFollowerState(108)) - f4afb0d6-26fc-4cb5-93c5-03f1c8944589: shutdown f4afb0d6-26fc-4cb5-93c5-03f1c8944589@group-D97E1DEDACDC-FollowerState
2022-02-02 13:24:02,148 [f4afb0d6-26fc-4cb5-93c5-03f1c8944589@group-D97E1DEDACDC-FollowerState] INFO  server.RaftServer$Division (RaftServerImpl.java:setRole(290)) - f4afb0d6-26fc-4cb5-93c5-03f1c8944589@group-D97E1DEDACDC: changes role from  FOLLOWER to CANDIDATE at term 1 for changeToCandidate
2022-02-02 13:24:02,148 [f4afb0d6-26fc-4cb5-93c5-03f1c8944589@group-D97E1DEDACDC-FollowerState] INFO  server.RaftServerConfigKeys (ConfUtils.java:logGet(44)) - raft.server.leaderelection.pre-vote = false (custom)
2022-02-02 13:24:02,148 [f4afb0d6-26fc-4cb5-93c5-03f1c8944589@group-D97E1DEDACDC-FollowerState] INFO  impl.RoleInfo (RoleInfo.java:updateAndGet(130)) - f4afb0d6-26fc-4cb5-93c5-03f1c8944589: start f4afb0d6-26fc-4cb5-93c5-03f1c8944589@group-D97E1DEDACDC-LeaderElection5
2022-02-02 13:24:02,155 [f4afb0d6-26fc-4cb5-93c5-03f1c8944589@group-D97E1DEDACDC-LeaderElection5] INFO  impl.LeaderElection (LeaderElection.java:askForVotes(306)) - f4afb0d6-26fc-4cb5-93c5-03f1c8944589@group-D97E1DEDACDC-LeaderElection5 ELECTION round 0: submit vote requests at term 2 for 0: [f4afb0d6-26fc-4cb5-93c5-03f1c8944589|rpc:fv-az294-450:9894|admin:|client:|dataStream:|priority:0], old=null
2022-02-02 13:24:02,156 [f4afb0d6-26fc-4cb5-93c5-03f1c8944589@group-D97E1DEDACDC-LeaderElection5] INFO  impl.LeaderElection (LeaderElection.java:askForVotes(308)) - f4afb0d6-26fc-4cb5-93c5-03f1c8944589@group-D97E1DEDACDC-LeaderElection5 ELECTION round 0: result PASSED (term=2)
2022-02-02 13:24:02,156 [f4afb0d6-26fc-4cb5-93c5-03f1c8944589@group-D97E1DEDACDC-LeaderElection5] INFO  impl.RoleInfo (RoleInfo.java:shutdownLeaderElection(121)) - f4afb0d6-26fc-4cb5-93c5-03f1c8944589: shutdown f4afb0d6-26fc-4cb5-93c5-03f1c8944589@group-D97E1DEDACDC-LeaderElection5
2022-02-02 13:24:02,156 [f4afb0d6-26fc-4cb5-93c5-03f1c8944589@group-D97E1DEDACDC-LeaderElection5] INFO  server.RaftServer$Division (RaftServerImpl.java:setRole(290)) - f4afb0d6-26fc-4cb5-93c5-03f1c8944589@group-D97E1DEDACDC: changes role from CANDIDATE to LEADER at term 2 for changeToLeader
2022-02-02 13:24:02,156 [f4afb0d6-26fc-4cb5-93c5-03f1c8944589@group-D97E1DEDACDC-LeaderElection5] INFO  ha.SCMStateMachine (SCMStateMachine.java:notifyLeaderChanged(259)) - current SCM becomes leader of term 2.
2022-02-02 13:24:02,156 [f4afb0d6-26fc-4cb5-93c5-03f1c8944589@group-D97E1DEDACDC-LeaderElection5] INFO  ha.SCMContext (SCMContext.java:updateLeaderAndTerm(90)) - update <isLeader,term> from <false,0> to <true,2>
2022-02-02 13:24:02,156 [f4afb0d6-26fc-4cb5-93c5-03f1c8944589@group-D97E1DEDACDC-LeaderElection5] INFO  server.RaftServer$Division (ServerState.java:setLeader(285)) - f4afb0d6-26fc-4cb5-93c5-03f1c8944589@group-D97E1DEDACDC: change Leader from null to f4afb0d6-26fc-4cb5-93c5-03f1c8944589 at term 2 for becomeLeader, leader elected after 5328ms
2022-02-02 13:24:02,156 [f4afb0d6-26fc-4cb5-93c5-03f1c8944589@group-D97E1DEDACDC-LeaderElection5] INFO  server.RaftServerConfigKeys (ConfUtils.java:logGet(44)) - raft.server.staging.catchup.gap = 1000 (default)
2022-02-02 13:24:02,156 [f4afb0d6-26fc-4cb5-93c5-03f1c8944589@group-D97E1DEDACDC-LeaderElection5] INFO  server.RaftServerConfigKeys (ConfUtils.java:logGet(44)) - raft.server.write.element-limit = 4096 (default)
2022-02-02 13:24:02,157 [f4afb0d6-26fc-4cb5-93c5-03f1c8944589@group-D97E1DEDACDC-LeaderElection5] INFO  server.RaftServerConfigKeys (ConfUtils.java:logGet(44)) - raft.server.write.byte-limit = 64MB (=67108864) (default)
2022-02-02 13:24:02,157 [f4afb0d6-26fc-4cb5-93c5-03f1c8944589@group-D97E1DEDACDC-LeaderElection5] INFO  server.RaftServerConfigKeys (ConfUtils.java:logGet(44)) - raft.server.watch.timeout = 10s (default)
2022-02-02 13:24:02,157 [f4afb0d6-26fc-4cb5-93c5-03f1c8944589@group-D97E1DEDACDC-LeaderElection5] INFO  server.RaftServerConfigKeys (ConfUtils.java:logGet(44)) - raft.server.watch.timeout.denomination = 1s (default)
2022-02-02 13:24:02,157 [f4afb0d6-26fc-4cb5-93c5-03f1c8944589@group-D97E1DEDACDC-LeaderElection5] INFO  server.RaftServerConfigKeys (ConfUtils.java:logGet(44)) - raft.server.watch.element-limit = 65536 (default)
2022-02-02 13:24:02,157 [f4afb0d6-26fc-4cb5-93c5-03f1c8944589@group-D97E1DEDACDC-LeaderElection5] INFO  server.RaftServerConfigKeys (ConfUtils.java:logGet(44)) - raft.server.write.element-limit = 4096 (default)
2022-02-02 13:24:02,157 [f4afb0d6-26fc-4cb5-93c5-03f1c8944589@group-D97E1DEDACDC-LeaderElection5] INFO  server.RaftServerConfigKeys (ConfUtils.java:logGet(44)) - raft.server.write.follower.gap.ratio.max = -1.0 (default)
2022-02-02 13:24:02,158 [f4afb0d6-26fc-4cb5-93c5-03f1c8944589@group-D97E1DEDACDC-LeaderElection5] INFO  impl.RoleInfo (RoleInfo.java:updateAndGet(130)) - f4afb0d6-26fc-4cb5-93c5-03f1c8944589: start f4afb0d6-26fc-4cb5-93c5-03f1c8944589@group-D97E1DEDACDC-LeaderStateImpl
2022-02-02 13:24:02,158 [f4afb0d6-26fc-4cb5-93c5-03f1c8944589@group-D97E1DEDACDC-LeaderElection5] INFO  segmented.SegmentedRaftLogWorker (SegmentedRaftLogWorker.java:rollLogSegment(399)) - f4afb0d6-26fc-4cb5-93c5-03f1c8944589@group-D97E1DEDACDC-SegmentedRaftLogWorker: Rolling segment log-0_0 to index:0
2022-02-02 13:24:02,162 [f4afb0d6-26fc-4cb5-93c5-03f1c8944589@group-D97E1DEDACDC-SegmentedRaftLogWorker] INFO  segmented.SegmentedRaftLogWorker (SegmentedRaftLogWorker.java:execute(558)) - f4afb0d6-26fc-4cb5-93c5-03f1c8944589@group-D97E1DEDACDC-SegmentedRaftLogWorker: Rolled log segment from /home/runner/work/ozone/ozone/hadoop-ozone/integration-test/target/test-dir/MiniOzoneClusterImpl-eba4dfdc-c168-4ed6-b46b-d97e1dedacdc/ozone-meta/scm-ha/eba4dfdc-c168-4ed6-b46b-d97e1dedacdc/current/log_inprogress_0 to /home/runner/work/ozone/ozone/hadoop-ozone/integration-test/target/test-dir/MiniOzoneClusterImpl-eba4dfdc-c168-4ed6-b46b-d97e1dedacdc/ozone-meta/scm-ha/eba4dfdc-c168-4ed6-b46b-d97e1dedacdc/current/log_0-0
2022-02-02 13:24:02,180 [f4afb0d6-26fc-4cb5-93c5-03f1c8944589@group-D97E1DEDACDC-LeaderElection5] INFO  server.RaftServer$Division (ServerState.java:setRaftConf(387)) - f4afb0d6-26fc-4cb5-93c5-03f1c8944589@group-D97E1DEDACDC: set configuration 1: [f4afb0d6-26fc-4cb5-93c5-03f1c8944589|rpc:fv-az294-450:9894|admin:|client:|dataStream:|priority:0], old=null
2022-02-02 13:24:02,180 [f4afb0d6-26fc-4cb5-93c5-03f1c8944589@group-D97E1DEDACDC-SegmentedRaftLogWorker] INFO  segmented.SegmentedRaftLogWorker (SegmentedRaftLogWorker.java:execute(601)) - f4afb0d6-26fc-4cb5-93c5-03f1c8944589@group-D97E1DEDACDC-SegmentedRaftLogWorker: created new log segment /home/runner/work/ozone/ozone/hadoop-ozone/integration-test/target/test-dir/MiniOzoneClusterImpl-eba4dfdc-c168-4ed6-b46b-d97e1dedacdc/ozone-meta/scm-ha/eba4dfdc-c168-4ed6-b46b-d97e1dedacdc/current/log_inprogress_1
2022-02-02 13:24:02,182 [f4afb0d6-26fc-4cb5-93c5-03f1c8944589@group-D97E1DEDACDC-StateMachineUpdater] INFO  ha.SCMContext (SCMContext.java:setLeaderReady(117)) - update <isLeaderReady> from <false> to <true>
2022-02-02 13:24:02,183 [f4afb0d6-26fc-4cb5-93c5-03f1c8944589@group-D97E1DEDACDC-StateMachineUpdater] INFO  pipeline.BackgroundPipelineCreator (BackgroundPipelineCreator.java:notifyStatusChanged(264)) - Service BackgroundPipelineCreator transitions to RUNNING.
2022-02-02 13:24:02,184 [f4afb0d6-26fc-4cb5-93c5-03f1c8944589@group-D97E1DEDACDC-StateMachineUpdater] INFO  safemode.HealthyPipelineSafeModeRule (HealthyPipelineSafeModeRule.java:initializeRule(152)) - Refreshed total pipeline count is 0, healthy pipeline threshold count is 1
2022-02-02 13:24:02,184 [f4afb0d6-26fc-4cb5-93c5-03f1c8944589@group-D97E1DEDACDC-StateMachineUpdater] INFO  safemode.ContainerSafeModeRule (ContainerSafeModeRule.java:reInitializeRule(177)) - Refreshed one replica container threshold 0, currentThreshold 0
2022-02-02 13:24:02,184 [f4afb0d6-26fc-4cb5-93c5-03f1c8944589@group-D97E1DEDACDC-StateMachineUpdater] INFO  safemode.OneReplicaPipelineSafeModeRule (OneReplicaPipelineSafeModeRule.java:initializeRule(176)) - Refreshed Total pipeline count is 0, pipeline's with at least one datanode reported threshold count is 0
2022-02-02 13:24:02,184 [f4afb0d6-26fc-4cb5-93c5-03f1c8944589@group-D97E1DEDACDC-StateMachineUpdater] INFO  server.SCMDatanodeProtocolServer (SCMDatanodeProtocolServer.java:start(181)) - ScmDatanodeProtocol RPC server for DataNodes is listening at /0.0.0.0:36445
2022-02-02 13:24:02,188 [IPC Server listener on 0] INFO  ipc.Server (Server.java:run(1344)) - IPC Server listener on 0: starting
2022-02-02 13:24:02,189 [IPC Server Responder] INFO  ipc.Server (Server.java:run(1507)) - IPC Server Responder: starting
2022-02-02 13:24:03,153 [Listener at 0.0.0.0/34921] WARN  server.ServerUtils (ServerUtils.java:getDBPath(225)) - ozone.om.db.dirs is not configured. We recommend adding this setting. Falling back to ozone.metadata.dirs instead.
2022-02-02 13:24:03,155 [Listener at 0.0.0.0/34921] INFO  codec.OmKeyInfoCodec (OmKeyInfoCodec.java:<init>(50)) - OmKeyInfoCodec ignorePipeline = true
2022-02-02 13:24:03,156 [Listener at 0.0.0.0/34921] INFO  codec.RepeatedOmKeyInfoCodec (RepeatedOmKeyInfoCodec.java:<init>(42)) - RepeatedOmKeyInfoCodec ignorePipeline = true
2022-02-02 13:24:03,271 [Listener at 0.0.0.0/34921] INFO  om.OzoneManager (OzoneManager.java:addS3GVolumeToDB(3732)) - Created Volume s3v With Owner runner required for S3Gateway operations.
2022-02-02 13:24:03,272 [Listener at 0.0.0.0/34921] WARN  server.ServerUtils (ServerUtils.java:getDefaultRatisDirectory(237)) - Storage directory for Ratis is not configured. It is a good idea to map this to an SSD disk. Falling back to ozone.metadata.dirs
2022-02-02 13:24:03,272 [Listener at 0.0.0.0/34921] WARN  utils.OzoneManagerRatisUtils (OzoneManagerRatisUtils.java:getOMRatisSnapshotDirectory(330)) - ozone.om.ratis.snapshot.dir is not configured. Falling back to ozone.metadata.dirs config
2022-02-02 13:24:03,273 [Listener at 0.0.0.0/34921] WARN  impl.MetricRegistriesImpl (MetricRegistriesImpl.java:addReporterRegistration(111)) - New reporters are added after registries were created. Some metrics will be missing from the reporter. Please add reporter before adding any new registry.
2022-02-02 13:24:03,273 [Listener at 0.0.0.0/34921] WARN  impl.MetricRegistriesImpl (MetricRegistriesImpl.java:addReporterRegistration(111)) - New reporters are added after registries were created. Some metrics will be missing from the reporter. Please add reporter before adding any new registry.
2022-02-02 13:24:03,273 [Listener at 0.0.0.0/34921] WARN  server.ServerUtils (ServerUtils.java:getDefaultRatisDirectory(237)) - Storage directory for Ratis is not configured. It is a good idea to map this to an SSD disk. Falling back to ozone.metadata.dirs
2022-02-02 13:24:03,274 [Listener at 0.0.0.0/34921] INFO  ratis.OzoneManagerRatisServer (OzoneManagerRatisServer.java:<init>(159)) - Instantiating OM Ratis server with groupID: omServiceIdDefault and peers: localhost:9872
2022-02-02 13:24:03,275 [Listener at 0.0.0.0/34921] INFO  ratis.OzoneManagerStateMachine (OzoneManagerStateMachine.java:loadSnapshotInfoFromDB(605)) - LastAppliedIndex is set from TransactionInfo from OM DB as (t:0, i:~)
2022-02-02 13:24:03,278 [Listener at 0.0.0.0/34921] INFO  server.RaftServer (ConfUtils.java:logGet(44)) - raft.rpc.type = GRPC (default)
2022-02-02 13:24:03,278 [Listener at 0.0.0.0/34921] INFO  grpc.GrpcFactory (GrpcFactory.java:checkPooledByteBufAllocatorUseCacheForAllThreads(48)) - PERFORMANCE WARNING: useCacheForAllThreads is true that may cause Netty to create a lot garbage objects and, as a result, trigger GC.
	It is recommended to disable useCacheForAllThreads by setting -Dorg.apache.ratis.thirdparty.io.netty.allocator.useCacheForAllThreads=false in command line.
2022-02-02 13:24:03,278 [Listener at 0.0.0.0/34921] INFO  grpc.GrpcConfigKeys (ConfUtils.java:logGet(44)) - raft.grpc.admin.port = -1 (default)
2022-02-02 13:24:03,278 [Listener at 0.0.0.0/34921] INFO  grpc.GrpcConfigKeys (ConfUtils.java:logGet(44)) - raft.grpc.server.port = 9872 (custom)
2022-02-02 13:24:03,278 [Listener at 0.0.0.0/34921] INFO  grpc.GrpcConfigKeys (ConfUtils.java:logGet(44)) - raft.grpc.client.port = -1 (default)
2022-02-02 13:24:03,278 [Listener at 0.0.0.0/34921] INFO  grpc.GrpcConfigKeys (ConfUtils.java:logGet(44)) - raft.grpc.server.port = 9872 (custom)
2022-02-02 13:24:03,278 [Listener at 0.0.0.0/34921] INFO  grpc.GrpcConfigKeys (ConfUtils.java:logGet(44)) - raft.grpc.server.port = 9872 (custom)
2022-02-02 13:24:03,278 [Listener at 0.0.0.0/34921] INFO  server.GrpcService (ConfUtils.java:logGet(44)) - raft.grpc.message.size.max = 33554432 (custom)
2022-02-02 13:24:03,279 [Listener at 0.0.0.0/34921] INFO  server.RaftServerConfigKeys (ConfUtils.java:logGet(44)) - raft.server.log.appender.buffer.byte-limit = 33554432 (custom)
2022-02-02 13:24:03,279 [Listener at 0.0.0.0/34921] INFO  server.GrpcService (ConfUtils.java:logGet(44)) - raft.grpc.flow.control.window = 1MB (=1048576) (default)
2022-02-02 13:24:03,280 [Listener at 0.0.0.0/34921] INFO  server.RaftServerConfigKeys (ConfUtils.java:logGet(44)) - raft.server.rpc.request.timeout = 3000ms (default)
2022-02-02 13:24:03,281 [Listener at 0.0.0.0/34921] INFO  impl.DataStreamServerImpl (ConfUtils.java:logGet(44)) - raft.datastream.type = DISABLED (default)
2022-02-02 13:24:03,281 [Listener at 0.0.0.0/34921] INFO  server.RaftServerConfigKeys (ConfUtils.java:logGet(44)) - raft.server.rpc.slowness.timeout = 120s (custom)
2022-02-02 13:24:03,284 [Listener at 0.0.0.0/34921] INFO  server.RaftServerConfigKeys (ConfUtils.java:logGet(44)) - raft.server.leaderelection.leader.step-down.wait-time = 10s (default)
2022-02-02 13:24:03,284 [Listener at 0.0.0.0/34921] INFO  server.RaftServerConfigKeys (ConfUtils.java:logGet(44)) - raft.server.storage.dir = [/home/runner/work/ozone/ozone/hadoop-ozone/integration-test/target/test-dir/MiniOzoneClusterImpl-eba4dfdc-c168-4ed6-b46b-d97e1dedacdc/ozone-meta/ratis] (custom)
2022-02-02 13:24:03,286 [Listener at 0.0.0.0/34921] INFO  server.RaftServer (RaftServerProxy.java:addNew(95)) - om1: addNew group-C5BA1605619E:[om1|rpc:localhost:9872|priority:0] returns group-C5BA1605619E:java.util.concurrent.CompletableFuture@15e02e08[Not completed]
2022-02-02 13:24:03,286 [Listener at 0.0.0.0/34921] INFO  om.OzoneManager (OzoneManager.java:initializeRatisServer(1834)) - OzoneManager Ratis server initialized at port 9872
2022-02-02 13:24:03,290 [Listener at 0.0.0.0/34921] INFO  ipc.CallQueueManager (CallQueueManager.java:<init>(90)) - Using callQueue: class java.util.concurrent.LinkedBlockingQueue, queueCapacity: 2000, scheduler: class org.apache.hadoop.ipc.DefaultRpcScheduler, ipcBackoff: false.
2022-02-02 13:24:03,290 [pool-117-thread-1] INFO  server.RaftServer$Division (RaftServerImpl.java:<init>(184)) - om1: new RaftServerImpl for group-C5BA1605619E:[om1|rpc:localhost:9872|priority:0] with OzoneManagerStateMachine:uninitialized
2022-02-02 13:24:03,298 [pool-117-thread-1] INFO  server.RaftServerConfigKeys (ConfUtils.java:logGet(44)) - raft.server.rpc.timeout.min = 1s (custom)
2022-02-02 13:24:03,298 [Socket Reader #1 for port 0] INFO  ipc.Server (Server.java:run(1265)) - Starting Socket Reader #1 for port 0
2022-02-02 13:24:03,314 [pool-117-thread-1] INFO  server.RaftServerConfigKeys (ConfUtils.java:logGet(44)) - raft.server.rpc.timeout.max = 1200ms (custom)
2022-02-02 13:24:03,314 [pool-117-thread-1] INFO  server.RaftServerConfigKeys (ConfUtils.java:logGet(44)) - raft.server.rpc.sleep.time = 25ms (default)
2022-02-02 13:24:03,314 [pool-117-thread-1] INFO  server.RaftServerConfigKeys (ConfUtils.java:logGet(44)) - raft.server.rpc.slowness.timeout = 120s (custom)
2022-02-02 13:24:03,314 [pool-117-thread-1] INFO  server.RaftServerConfigKeys (ConfUtils.java:logGet(44)) - raft.server.leaderelection.leader.step-down.wait-time = 10s (default)
2022-02-02 13:24:03,314 [pool-117-thread-1] INFO  server.RaftServerConfigKeys (ConfUtils.java:logGet(44)) - raft.server.sleep.deviation.threshold = 300ms (default)
2022-02-02 13:24:03,314 [pool-117-thread-1] INFO  server.RaftServerConfigKeys (ConfUtils.java:logGet(44)) - raft.server.log.appender.install.snapshot.enabled = false (custom)
2022-02-02 13:24:03,314 [pool-117-thread-1] INFO  server.RaftServer$Division (ServerState.java:<init>(105)) - om1@group-C5BA1605619E: ConfigurationManager, init=-1: [om1|rpc:localhost:9872|priority:0], old=null, confs=<EMPTY_MAP>
2022-02-02 13:24:03,314 [pool-117-thread-1] INFO  server.RaftServerConfigKeys (ConfUtils.java:logGet(44)) - raft.server.storage.dir = [/home/runner/work/ozone/ozone/hadoop-ozone/integration-test/target/test-dir/MiniOzoneClusterImpl-eba4dfdc-c168-4ed6-b46b-d97e1dedacdc/ozone-meta/ratis] (custom)
2022-02-02 13:24:03,315 [pool-117-thread-1] INFO  server.RaftServerConfigKeys (ConfUtils.java:logGet(44)) - raft.server.log.corruption.policy = EXCEPTION (default)
2022-02-02 13:24:03,315 [pool-117-thread-1] INFO  server.RaftServerConfigKeys (ConfUtils.java:logGet(44)) - raft.server.storage.free-space.min = 0MB (=0) (default)
2022-02-02 13:24:03,315 [pool-117-thread-1] INFO  storage.RaftStorageDirectory (RaftStorageDirectoryImpl.java:analyzeStorage(135)) - The storage directory /home/runner/work/ozone/ozone/hadoop-ozone/integration-test/target/test-dir/MiniOzoneClusterImpl-eba4dfdc-c168-4ed6-b46b-d97e1dedacdc/ozone-meta/ratis/bf265839-605b-3f16-9796-c5ba1605619e does not exist. Creating ...
2022-02-02 13:24:03,316 [pool-117-thread-1] INFO  storage.RaftStorageDirectory (RaftStorageDirectoryImpl.java:tryLock(230)) - Lock on /home/runner/work/ozone/ozone/hadoop-ozone/integration-test/target/test-dir/MiniOzoneClusterImpl-eba4dfdc-c168-4ed6-b46b-d97e1dedacdc/ozone-meta/ratis/bf265839-605b-3f16-9796-c5ba1605619e/in_use.lock acquired by nodename 23947@fv-az294-450
2022-02-02 13:24:03,317 [pool-117-thread-1] INFO  storage.RaftStorage (RaftStorageImpl.java:format(89)) - Storage directory /home/runner/work/ozone/ozone/hadoop-ozone/integration-test/target/test-dir/MiniOzoneClusterImpl-eba4dfdc-c168-4ed6-b46b-d97e1dedacdc/ozone-meta/ratis/bf265839-605b-3f16-9796-c5ba1605619e has been successfully formatted.
2022-02-02 13:24:03,317 [pool-117-thread-1] INFO  server.RaftServerConfigKeys (ConfUtils.java:logGet(44)) - raft.server.notification.no-leader.timeout = 120s (custom)
2022-02-02 13:24:03,317 [pool-117-thread-1] INFO  server.RaftServerConfigKeys (ConfUtils.java:logGet(44)) - raft.server.log.use.memory = false (default)
2022-02-02 13:24:03,318 [pool-117-thread-1] INFO  server.RaftServerConfigKeys (ConfUtils.java:logGet(44)) - raft.server.log.purge.gap = 1000000 (custom)
2022-02-02 13:24:03,318 [pool-117-thread-1] INFO  server.RaftServerConfigKeys (ConfUtils.java:logGet(44)) - raft.server.log.appender.buffer.byte-limit = 33554432 (custom)
2022-02-02 13:24:03,318 [pool-117-thread-1] INFO  server.RaftServerConfigKeys (ConfUtils.java:logGet(44)) - raft.server.log.segment.size.max = 4194304 (custom)
2022-02-02 13:24:03,318 [pool-117-thread-1] INFO  server.RaftServerConfigKeys (ConfUtils.java:logGet(44)) - raft.server.log.segment.cache.num.max = 2 (custom)
2022-02-02 13:24:03,318 [pool-117-thread-1] INFO  server.RaftServerConfigKeys (ConfUtils.java:logGet(44)) - raft.server.log.segment.cache.size.max = 200MB (=209715200) (default)
2022-02-02 13:24:03,318 [pool-117-thread-1] INFO  segmented.SegmentedRaftLogWorker (SegmentedRaftLogWorker.java:<init>(182)) - new om1@group-C5BA1605619E-SegmentedRaftLogWorker for RaftStorageImpl:Storage Directory /home/runner/work/ozone/ozone/hadoop-ozone/integration-test/target/test-dir/MiniOzoneClusterImpl-eba4dfdc-c168-4ed6-b46b-d97e1dedacdc/ozone-meta/ratis/bf265839-605b-3f16-9796-c5ba1605619e
2022-02-02 13:24:03,318 [pool-117-thread-1] INFO  server.RaftServerConfigKeys (ConfUtils.java:logGet(44)) - raft.server.log.queue.byte-limit = 64MB (=67108864) (default)
2022-02-02 13:24:03,318 [pool-117-thread-1] INFO  server.RaftServerConfigKeys (ConfUtils.java:logGet(44)) - raft.server.log.queue.element-limit = 4096 (default)
2022-02-02 13:24:03,318 [pool-117-thread-1] INFO  server.RaftServerConfigKeys (ConfUtils.java:logGet(44)) - raft.server.log.segment.size.max = 4194304 (custom)
2022-02-02 13:24:03,318 [pool-117-thread-1] INFO  server.RaftServerConfigKeys (ConfUtils.java:logGet(44)) - raft.server.log.preallocated.size = 4194304 (custom)
2022-02-02 13:24:03,318 [pool-117-thread-1] INFO  server.RaftServerConfigKeys (ConfUtils.java:logGet(44)) - raft.server.log.force.sync.num = 128 (default)
2022-02-02 13:24:03,318 [pool-117-thread-1] INFO  server.RaftServerConfigKeys (ConfUtils.java:logGet(44)) - raft.server.log.statemachine.data.sync = true (default)
2022-02-02 13:24:03,319 [pool-117-thread-1] INFO  server.RaftServerConfigKeys (ConfUtils.java:logGet(44)) - raft.server.log.statemachine.data.sync.timeout = 10s (default)
2022-02-02 13:24:03,319 [pool-117-thread-1] INFO  server.RaftServerConfigKeys (ConfUtils.java:logGet(44)) - raft.server.log.statemachine.data.sync.timeout.retry = -1 (default)
2022-02-02 13:24:03,319 [pool-117-thread-1] INFO  server.RaftServerConfigKeys (ConfUtils.java:logGet(44)) - raft.server.log.write.buffer.size = 64KB (=65536) (default)
2022-02-02 13:24:03,319 [pool-117-thread-1] INFO  server.RaftServerConfigKeys (ConfUtils.java:logGet(44)) - raft.server.log.statemachine.data.caching.enabled = false (default)
2022-02-02 13:24:03,319 [pool-117-thread-1] INFO  segmented.SegmentedRaftLogWorker (SegmentedRaftLogWorker.java:lambda$new$0(133)) - om1@group-C5BA1605619E-SegmentedRaftLogWorker: flushIndex: setUnconditionally 0 -> -1
2022-02-02 13:24:03,319 [pool-117-thread-1] INFO  segmented.SegmentedRaftLogWorker (SegmentedRaftLogWorker.java:lambda$new$0(133)) - om1@group-C5BA1605619E-SegmentedRaftLogWorker: safeCacheEvictIndex: setUnconditionally 0 -> -1
2022-02-02 13:24:03,323 [pool-117-thread-1] INFO  server.RaftServerConfigKeys (ConfUtils.java:logGet(44)) - raft.server.snapshot.auto.trigger.enabled = true (custom)
2022-02-02 13:24:03,324 [pool-117-thread-1] INFO  server.RaftServerConfigKeys (ConfUtils.java:logGet(44)) - raft.server.snapshot.auto.trigger.threshold = 400000 (default)
2022-02-02 13:24:03,324 [pool-117-thread-1] INFO  server.RaftServerConfigKeys (ConfUtils.java:logGet(44)) - raft.server.snapshot.retention.file.num = -1 (default)
2022-02-02 13:24:03,324 [pool-117-thread-1] INFO  server.RaftServerConfigKeys (ConfUtils.java:logGet(44)) - raft.server.log.purge.upto.snapshot.index = true (custom)
2022-02-02 13:24:03,324 [pool-117-thread-1] INFO  server.RaftServerConfigKeys (ConfUtils.java:logGet(44)) - raft.server.retrycache.expirytime = 300s (custom)
2022-02-02 13:24:03,324 [pool-117-thread-1] INFO  server.RaftServerConfigKeys (ConfUtils.java:logGet(44)) - raft.server.retrycache.statistics.expirytime = 100μs (default)
2022-02-02 13:24:03,330 [Listener at 127.0.0.1/38049] INFO  impl.MetricsSystemImpl (MetricsSystemImpl.java:init(158)) - OzoneManager metrics system started (again)
2022-02-02 13:24:03,341 [Listener at 127.0.0.1/38049] INFO  om.OzoneManager (OzoneManager.java:start(1365)) - OzoneManager RPC server is listening at localhost/127.0.0.1:38049
2022-02-02 13:24:03,341 [Listener at 127.0.0.1/38049] INFO  ratis.OzoneManagerRatisServer (OzoneManagerRatisServer.java:start(554)) - Starting OzoneManagerRatisServer om1 at port 9872
2022-02-02 13:24:03,341 [Listener at 127.0.0.1/38049] INFO  server.RaftServer$Division (RaftServerImpl.java:start(301)) - om1@group-C5BA1605619E: start as a follower, conf=-1: [om1|rpc:localhost:9872|priority:0], old=null
2022-02-02 13:24:03,341 [Listener at 127.0.0.1/38049] INFO  server.RaftServer$Division (RaftServerImpl.java:setRole(290)) - om1@group-C5BA1605619E: changes role from      null to FOLLOWER at term 0 for startAsFollower
2022-02-02 13:24:03,341 [Listener at 127.0.0.1/38049] INFO  impl.RoleInfo (RoleInfo.java:updateAndGet(130)) - om1: start om1@group-C5BA1605619E-FollowerState
2022-02-02 13:24:03,342 [Listener at 127.0.0.1/38049] INFO  util.JmxRegister (JmxRegister.java:tryRegister(44)) - Successfully registered JMX Bean with object name Ratis:service=RaftServer,group=group-C5BA1605619E,id=om1
2022-02-02 13:24:03,343 [Listener at 127.0.0.1/38049] INFO  server.RaftServer (RaftServerProxy.java:lambda$start$5(374)) - om1: start RPC server
2022-02-02 13:24:03,346 [Listener at 127.0.0.1/38049] INFO  server.GrpcService (GrpcService.java:startImpl(253)) - om1: GrpcService started, listening on 9872
2022-02-02 13:24:03,346 [Listener at 127.0.0.1/38049] INFO  om.OzoneManager (OzoneManager.java:start(1381)) - Version File has different layout version (0) than OM DB (null). That is expected if this OM has never been finalized to a newer layout version.
2022-02-02 13:24:03,347 [org.apache.ratis.util.JvmPauseMonitor$$Lambda$431/251020702@277995d4] INFO  util.JvmPauseMonitor (JvmPauseMonitor.java:run(103)) - JvmPauseMonitor-om1: Started
2022-02-02 13:24:03,351 [Listener at 127.0.0.1/38049] INFO  http.BaseHttpServer (BaseHttpServer.java:newHttpServer2BuilderForOzone(209)) - Starting Web-server for ozoneManager at: http://0.0.0.0:0
2022-02-02 13:24:03,351 [Listener at 127.0.0.1/38049] INFO  http.BaseHttpServer (BaseHttpServer.java:<init>(107)) - Hadoop Security Enabled: false Ozone Security Enabled: false Ozone HTTP Security Enabled: false 
2022-02-02 13:24:03,352 [Listener at 127.0.0.1/38049] INFO  server.AuthenticationFilter (AuthenticationFilter.java:constructSecretProvider(240)) - Unable to initialize FileSignerSecretProvider, falling back to use random secrets.
2022-02-02 13:24:03,358 [Listener at 127.0.0.1/38049] WARN  http.HttpRequestLog (HttpRequestLog.java:getRequestLog(103)) - Jetty request log can only be enabled using Log4j
2022-02-02 13:24:03,359 [Listener at 127.0.0.1/38049] INFO  http.HttpServer2 (HttpServer2.java:addGlobalFilter(1030)) - Added global filter 'safety' (class=org.apache.hadoop.hdds.server.http.HttpServer2$QuotingInputFilter)
2022-02-02 13:24:03,360 [Listener at 127.0.0.1/38049] INFO  http.HttpServer2 (HttpServer2.java:addFilter(1006)) - Added filter static_user_filter (class=org.apache.hadoop.http.lib.StaticUserWebFilter$StaticUserFilter) to context ozoneManager
2022-02-02 13:24:03,360 [Listener at 127.0.0.1/38049] INFO  http.HttpServer2 (HttpServer2.java:addFilter(1014)) - Added filter static_user_filter (class=org.apache.hadoop.http.lib.StaticUserWebFilter$StaticUserFilter) to context static
2022-02-02 13:24:03,360 [Listener at 127.0.0.1/38049] INFO  http.HttpServer2 (HttpServer2.java:addFilter(1014)) - Added filter static_user_filter (class=org.apache.hadoop.http.lib.StaticUserWebFilter$StaticUserFilter) to context logs
2022-02-02 13:24:03,360 [Listener at 127.0.0.1/38049] INFO  http.HttpServer2 (HttpServer2.java:bindListener(1249)) - Jetty bound to port 44261
2022-02-02 13:24:03,360 [Listener at 127.0.0.1/38049] INFO  server.Server (Server.java:doStart(375)) - jetty-9.4.43.v20210629; built: 2021-06-30T11:07:22.254Z; git: 526006ecfa3af7f1a27ef3a288e2bef7ea9dd7e8; jvm 1.8.0_312-b07
2022-02-02 13:24:03,367 [Listener at 127.0.0.1/38049] INFO  server.session (DefaultSessionIdManager.java:doStart(334)) - DefaultSessionIdManager workerName=node0
2022-02-02 13:24:03,367 [Listener at 127.0.0.1/38049] INFO  server.session (DefaultSessionIdManager.java:doStart(339)) - No SessionScavenger set, using defaults
2022-02-02 13:24:03,367 [Listener at 127.0.0.1/38049] INFO  server.session (HouseKeeper.java:startScavenging(132)) - node0 Scavenging every 600000ms
2022-02-02 13:24:03,368 [Listener at 127.0.0.1/38049] INFO  handler.ContextHandler (ContextHandler.java:doStart(915)) - Started o.e.j.s.ServletContextHandler@2980852c{logs,/logs,file:///home/runner/work/ozone/ozone/hadoop-ozone/integration-test/target/log,AVAILABLE}
2022-02-02 13:24:03,368 [Listener at 127.0.0.1/38049] INFO  handler.ContextHandler (ContextHandler.java:doStart(915)) - Started o.e.j.s.ServletContextHandler@46167bf3{static,/static,file:///home/runner/work/ozone/ozone/hadoop-ozone/integration-test/target/test-classes/webapps/static,AVAILABLE}
2022-02-02 13:24:03,375 [Listener at 127.0.0.1/38049] INFO  handler.ContextHandler (ContextHandler.java:doStart(915)) - Started o.e.j.w.WebAppContext@4f75a498{ozoneManager,/,file:///home/runner/work/ozone/ozone/hadoop-ozone/integration-test/target/test-classes/webapps/ozoneManager/,AVAILABLE}{file:/home/runner/work/ozone/ozone/hadoop-ozone/integration-test/target/test-classes/webapps/ozoneManager}
2022-02-02 13:24:03,380 [Listener at 127.0.0.1/38049] INFO  server.AbstractConnector (AbstractConnector.java:doStart(331)) - Started ServerConnector@4740ddf{HTTP/1.1, (http/1.1)}{0.0.0.0:44261}
2022-02-02 13:24:03,380 [Listener at 127.0.0.1/38049] INFO  server.Server (Server.java:doStart(415)) - Started @44572ms
2022-02-02 13:24:03,380 [Listener at 127.0.0.1/38049] WARN  impl.MetricsSystemImpl (MetricsSystemImpl.java:register(279)) - Sink prometheus already exists!
2022-02-02 13:24:03,381 [Listener at 127.0.0.1/38049] INFO  http.BaseHttpServer (BaseHttpServer.java:updateConnectorAddress(329)) - HTTP server of ozoneManager listening at http://0.0.0.0:44261
2022-02-02 13:24:03,382 [IPC Server Responder] INFO  ipc.Server (Server.java:run(1507)) - IPC Server Responder: starting
2022-02-02 13:24:03,386 [IPC Server listener on 0] INFO  ipc.Server (Server.java:run(1344)) - IPC Server listener on 0: starting
2022-02-02 13:24:03,393 [Listener at 127.0.0.1/38049] INFO  om.OzoneManager (OzoneManager.java:startTrashEmptier(1792)) - Trash Interval set to 0. Files deleted will not move to trash
2022-02-02 13:24:03,406 [org.apache.hadoop.util.JvmPauseMonitor$Monitor@63c17fb4] INFO  util.JvmPauseMonitor (JvmPauseMonitor.java:run(188)) - Starting JVM pause monitor
2022-02-02 13:24:03,407 [Listener at 127.0.0.1/38049] WARN  impl.MetricRegistriesImpl (MetricRegistriesImpl.java:addReporterRegistration(111)) - New reporters are added after registries were created. Some metrics will be missing from the reporter. Please add reporter before adding any new registry.
2022-02-02 13:24:03,407 [Listener at 127.0.0.1/38049] WARN  impl.MetricRegistriesImpl (MetricRegistriesImpl.java:addReporterRegistration(111)) - New reporters are added after registries were created. Some metrics will be missing from the reporter. Please add reporter before adding any new registry.
2022-02-02 13:24:03,407 [Listener at 127.0.0.1/38049] INFO  impl.MetricsSystemImpl (MetricsSystemImpl.java:init(158)) - HddsDatanode metrics system started (again)
2022-02-02 13:24:03,419 [Listener at 127.0.0.1/38049] INFO  ozone.HddsDatanodeService (HddsDatanodeService.java:start(234)) - HddsDatanodeService host:fv-az294-450.eaanfquahm5ulb5tj050gcxych.jx.internal.cloudapp.net ip:10.1.0.6
2022-02-02 13:24:03,435 [Listener at 127.0.0.1/38049] INFO  upgrade.AbstractLayoutVersionManager (AbstractLayoutVersionManager.java:init(79)) - Initializing Layout version manager with metadata layout = SCM_HA (version = 2), software layout = SCM_HA (version = 2)
2022-02-02 13:24:03,487 [Listener at 127.0.0.1/38049] INFO  reflections.Reflections (Reflections.java:scan(232)) - Reflections took 51 ms to scan 7 urls, producing 119 keys and 279 values 
2022-02-02 13:24:03,489 [Listener at 127.0.0.1/38049] INFO  statemachine.DatanodeStateMachine (DatanodeStateMachine.java:getEndPointTaskThreadPoolSize(222)) - Datanode State Machine Task Thread Pool size 2
2022-02-02 13:24:03,491 [Listener at 127.0.0.1/38049] INFO  volume.HddsVolume (HddsVolume.java:<init>(120)) - Creating HddsVolume: /home/runner/work/ozone/ozone/hadoop-ozone/integration-test/target/test-dir/MiniOzoneClusterImpl-eba4dfdc-c168-4ed6-b46b-d97e1dedacdc/datanode-0/data-0/containers/hdds of storage type : DISK capacity : 9223372036854775807
2022-02-02 13:24:03,491 [Listener at 127.0.0.1/38049] INFO  volume.MutableVolumeSet (MutableVolumeSet.java:initializeVolumeSet(168)) - Added Volume : /home/runner/work/ozone/ozone/hadoop-ozone/integration-test/target/test-dir/MiniOzoneClusterImpl-eba4dfdc-c168-4ed6-b46b-d97e1dedacdc/datanode-0/data-0/containers/hdds to VolumeSet
2022-02-02 13:24:03,491 [Listener at 127.0.0.1/38049] INFO  volume.ThrottledAsyncChecker (ThrottledAsyncChecker.java:schedule(141)) - Scheduling a check for /home/runner/work/ozone/ozone/hadoop-ozone/integration-test/target/test-dir/MiniOzoneClusterImpl-eba4dfdc-c168-4ed6-b46b-d97e1dedacdc/datanode-0/data-0/containers/hdds
2022-02-02 13:24:03,492 [Listener at 127.0.0.1/38049] INFO  volume.StorageVolumeChecker (StorageVolumeChecker.java:checkAllVolumes(202)) - Scheduled health check for volume /home/runner/work/ozone/ozone/hadoop-ozone/integration-test/target/test-dir/MiniOzoneClusterImpl-eba4dfdc-c168-4ed6-b46b-d97e1dedacdc/datanode-0/data-0/containers/hdds
2022-02-02 13:24:03,504 [Listener at 127.0.0.1/38049] INFO  volume.MutableVolumeSet (MutableVolumeSet.java:initializeVolumeSet(168)) - Added Volume : /home/runner/work/ozone/ozone/hadoop-ozone/integration-test/target/test-dir/MiniOzoneClusterImpl-eba4dfdc-c168-4ed6-b46b-d97e1dedacdc/datanode-0/data/ratis to VolumeSet
2022-02-02 13:24:03,504 [Listener at 127.0.0.1/38049] INFO  volume.ThrottledAsyncChecker (ThrottledAsyncChecker.java:schedule(141)) - Scheduling a check for /home/runner/work/ozone/ozone/hadoop-ozone/integration-test/target/test-dir/MiniOzoneClusterImpl-eba4dfdc-c168-4ed6-b46b-d97e1dedacdc/datanode-0/data/ratis
2022-02-02 13:24:03,504 [Listener at 127.0.0.1/38049] INFO  volume.StorageVolumeChecker (StorageVolumeChecker.java:checkAllVolumes(202)) - Scheduled health check for volume /home/runner/work/ozone/ozone/hadoop-ozone/integration-test/target/test-dir/MiniOzoneClusterImpl-eba4dfdc-c168-4ed6-b46b-d97e1dedacdc/datanode-0/data/ratis
2022-02-02 13:24:03,518 [Thread-299] INFO  ozoneimpl.ContainerReader (ContainerReader.java:readVolume(172)) - Finish verifying containers on volume /home/runner/work/ozone/ozone/hadoop-ozone/integration-test/target/test-dir/MiniOzoneClusterImpl-eba4dfdc-c168-4ed6-b46b-d97e1dedacdc/datanode-0/data-0/containers/hdds
2022-02-02 13:24:03,518 [Listener at 127.0.0.1/38049] INFO  ozoneimpl.OzoneContainer (OzoneContainer.java:buildContainerSet(237)) - Build ContainerSet costs 0s
2022-02-02 13:24:03,521 [Listener at 127.0.0.1/38049] INFO  server.RaftServer (ConfUtils.java:logGet(44)) - raft.rpc.type = GRPC (default)
2022-02-02 13:24:03,521 [Listener at 127.0.0.1/38049] INFO  grpc.GrpcFactory (GrpcFactory.java:checkPooledByteBufAllocatorUseCacheForAllThreads(48)) - PERFORMANCE WARNING: useCacheForAllThreads is true that may cause Netty to create a lot garbage objects and, as a result, trigger GC.
	It is recommended to disable useCacheForAllThreads by setting -Dorg.apache.ratis.thirdparty.io.netty.allocator.useCacheForAllThreads=false in command line.
2022-02-02 13:24:03,521 [Listener at 127.0.0.1/38049] INFO  grpc.GrpcConfigKeys (ConfUtils.java:logGet(44)) - raft.grpc.admin.port = 0 (custom)
2022-02-02 13:24:03,522 [Listener at 127.0.0.1/38049] INFO  grpc.GrpcConfigKeys (ConfUtils.java:logGet(44)) - raft.grpc.client.port = 0 (custom)
2022-02-02 13:24:03,522 [Listener at 127.0.0.1/38049] INFO  grpc.GrpcConfigKeys (ConfUtils.java:logGet(44)) - raft.grpc.server.port = 0 (default)
2022-02-02 13:24:03,522 [Listener at 127.0.0.1/38049] INFO  server.GrpcService (ConfUtils.java:logGet(44)) - raft.grpc.message.size.max = 32MB (=33554432) (custom)
2022-02-02 13:24:03,522 [Listener at 127.0.0.1/38049] INFO  server.RaftServerConfigKeys (ConfUtils.java:logGet(44)) - raft.server.log.appender.buffer.byte-limit = 33554432 (custom)
2022-02-02 13:24:03,522 [Listener at 127.0.0.1/38049] INFO  server.GrpcService (ConfUtils.java:logGet(44)) - raft.grpc.flow.control.window = 5MB (=5242880) (custom)
2022-02-02 13:24:03,522 [Listener at 127.0.0.1/38049] INFO  server.RaftServerConfigKeys (ConfUtils.java:logGet(44)) - raft.server.rpc.request.timeout = 60s (custom)
2022-02-02 13:24:03,523 [Listener at 127.0.0.1/38049] INFO  impl.DataStreamServerImpl (ConfUtils.java:logGet(44)) - raft.datastream.type = DISABLED (default)
2022-02-02 13:24:03,523 [Listener at 127.0.0.1/38049] INFO  server.RaftServerConfigKeys (ConfUtils.java:logGet(44)) - raft.server.rpc.slowness.timeout = 300s (custom)
2022-02-02 13:24:03,523 [Listener at 127.0.0.1/38049] INFO  server.RaftServerConfigKeys (ConfUtils.java:logGet(44)) - raft.server.leaderelection.leader.step-down.wait-time = 10s (default)
2022-02-02 13:24:03,524 [Listener at 127.0.0.1/38049] INFO  server.RaftServerConfigKeys (ConfUtils.java:logGet(44)) - raft.server.storage.dir = [/home/runner/work/ozone/ozone/hadoop-ozone/integration-test/target/test-dir/MiniOzoneClusterImpl-eba4dfdc-c168-4ed6-b46b-d97e1dedacdc/datanode-0/data/ratis] (custom)
2022-02-02 13:24:03,525 [Listener at 127.0.0.1/38049] INFO  server.XceiverServerGrpc (XceiverServerGrpc.java:<init>(132)) - GrpcServer channel type EpollServerSocketChannel
2022-02-02 13:24:03,531 [Listener at 127.0.0.1/38049] INFO  http.BaseHttpServer (BaseHttpServer.java:newHttpServer2BuilderForOzone(209)) - Starting Web-server for hddsDatanode at: http://0.0.0.0:0
2022-02-02 13:24:03,531 [Listener at 127.0.0.1/38049] INFO  http.BaseHttpServer (BaseHttpServer.java:<init>(107)) - Hadoop Security Enabled: false Ozone Security Enabled: false Ozone HTTP Security Enabled: false 
2022-02-02 13:24:03,533 [Listener at 127.0.0.1/38049] INFO  server.AuthenticationFilter (AuthenticationFilter.java:constructSecretProvider(240)) - Unable to initialize FileSignerSecretProvider, falling back to use random secrets.
2022-02-02 13:24:03,533 [Listener at 127.0.0.1/38049] WARN  http.HttpRequestLog (HttpRequestLog.java:getRequestLog(103)) - Jetty request log can only be enabled using Log4j
2022-02-02 13:24:03,534 [Listener at 127.0.0.1/38049] INFO  http.HttpServer2 (HttpServer2.java:addGlobalFilter(1030)) - Added global filter 'safety' (class=org.apache.hadoop.hdds.server.http.HttpServer2$QuotingInputFilter)
2022-02-02 13:24:03,535 [Listener at 127.0.0.1/38049] INFO  http.HttpServer2 (HttpServer2.java:addFilter(1006)) - Added filter static_user_filter (class=org.apache.hadoop.http.lib.StaticUserWebFilter$StaticUserFilter) to context hddsDatanode
2022-02-02 13:24:03,535 [Listener at 127.0.0.1/38049] INFO  http.HttpServer2 (HttpServer2.java:addFilter(1014)) - Added filter static_user_filter (class=org.apache.hadoop.http.lib.StaticUserWebFilter$StaticUserFilter) to context static
2022-02-02 13:24:03,535 [Listener at 127.0.0.1/38049] INFO  http.HttpServer2 (HttpServer2.java:addFilter(1014)) - Added filter static_user_filter (class=org.apache.hadoop.http.lib.StaticUserWebFilter$StaticUserFilter) to context logs
2022-02-02 13:24:03,535 [Listener at 127.0.0.1/38049] INFO  http.HttpServer2 (HttpServer2.java:bindListener(1249)) - Jetty bound to port 40131
2022-02-02 13:24:03,535 [Listener at 127.0.0.1/38049] INFO  server.Server (Server.java:doStart(375)) - jetty-9.4.43.v20210629; built: 2021-06-30T11:07:22.254Z; git: 526006ecfa3af7f1a27ef3a288e2bef7ea9dd7e8; jvm 1.8.0_312-b07
2022-02-02 13:24:03,537 [Listener at 127.0.0.1/38049] INFO  server.session (DefaultSessionIdManager.java:doStart(334)) - DefaultSessionIdManager workerName=node0
2022-02-02 13:24:03,537 [Listener at 127.0.0.1/38049] INFO  server.session (DefaultSessionIdManager.java:doStart(339)) - No SessionScavenger set, using defaults
2022-02-02 13:24:03,537 [Listener at 127.0.0.1/38049] INFO  server.session (HouseKeeper.java:startScavenging(132)) - node0 Scavenging every 600000ms
2022-02-02 13:24:03,538 [Listener at 127.0.0.1/38049] INFO  handler.ContextHandler (ContextHandler.java:doStart(915)) - Started o.e.j.s.ServletContextHandler@454bb60{logs,/logs,file:///home/runner/work/ozone/ozone/hadoop-ozone/integration-test/target/log,AVAILABLE}
2022-02-02 13:24:03,538 [Listener at 127.0.0.1/38049] INFO  handler.ContextHandler (ContextHandler.java:doStart(915)) - Started o.e.j.s.ServletContextHandler@5c65e95{static,/static,jar:file:/home/runner/.m2/repository/org/apache/ozone/hdds-container-service/1.3.0-SNAPSHOT/hdds-container-service-1.3.0-SNAPSHOT.jar!/webapps/static,AVAILABLE}
2022-02-02 13:24:03,578 [Listener at 127.0.0.1/38049] INFO  handler.ContextHandler (ContextHandler.java:doStart(915)) - Started o.e.j.w.WebAppContext@3aa72807{hddsDatanode,/,file:///tmp/jetty-0_0_0_0-40131-hdds-container-service-1_3_0-SNAPSHOT_jar-_-any-8564013631007331895/webapp/,AVAILABLE}{jar:file:/home/runner/.m2/repository/org/apache/ozone/hdds-container-service/1.3.0-SNAPSHOT/hdds-container-service-1.3.0-SNAPSHOT.jar!/webapps/hddsDatanode}
2022-02-02 13:24:03,582 [Listener at 127.0.0.1/38049] INFO  server.AbstractConnector (AbstractConnector.java:doStart(331)) - Started ServerConnector@24bdde0d{HTTP/1.1, (http/1.1)}{0.0.0.0:40131}
2022-02-02 13:24:03,582 [Listener at 127.0.0.1/38049] INFO  server.Server (Server.java:doStart(415)) - Started @44774ms
2022-02-02 13:24:03,582 [Listener at 127.0.0.1/38049] WARN  impl.MetricsSystemImpl (MetricsSystemImpl.java:register(279)) - Sink prometheus already exists!
2022-02-02 13:24:03,583 [Listener at 127.0.0.1/38049] INFO  http.BaseHttpServer (BaseHttpServer.java:updateConnectorAddress(329)) - HTTP server of hddsDatanode listening at http://0.0.0.0:40131
2022-02-02 13:24:03,584 [Listener at 127.0.0.1/38049] WARN  impl.MetricRegistriesImpl (MetricRegistriesImpl.java:addReporterRegistration(111)) - New reporters are added after registries were created. Some metrics will be missing from the reporter. Please add reporter before adding any new registry.
2022-02-02 13:24:03,584 [Listener at 127.0.0.1/38049] WARN  impl.MetricRegistriesImpl (MetricRegistriesImpl.java:addReporterRegistration(111)) - New reporters are added after registries were created. Some metrics will be missing from the reporter. Please add reporter before adding any new registry.
2022-02-02 13:24:03,584 [Listener at 127.0.0.1/38049] INFO  impl.MetricsSystemImpl (MetricsSystemImpl.java:init(158)) - HddsDatanode metrics system started (again)
2022-02-02 13:24:03,590 [Datanode State Machine Daemon Thread] INFO  statemachine.DatanodeStateMachine (DatanodeStateMachine.java:lambda$startDaemon$0(470)) - Ozone container server started.
2022-02-02 13:24:03,595 [Listener at 127.0.0.1/38049] INFO  ozone.HddsDatanodeService (HddsDatanodeService.java:start(234)) - HddsDatanodeService host:fv-az294-450.eaanfquahm5ulb5tj050gcxych.jx.internal.cloudapp.net ip:10.1.0.6
2022-02-02 13:24:03,626 [org.apache.hadoop.util.JvmPauseMonitor$Monitor@a1b90d2] INFO  util.JvmPauseMonitor (JvmPauseMonitor.java:run(188)) - Starting JVM pause monitor
2022-02-02 13:24:03,629 [Listener at 127.0.0.1/38049] INFO  upgrade.AbstractLayoutVersionManager (AbstractLayoutVersionManager.java:init(79)) - Initializing Layout version manager with metadata layout = SCM_HA (version = 2), software layout = SCM_HA (version = 2)
2022-02-02 13:24:03,638 [Datanode State Machine Task Thread - 0] INFO  datanode.InitDatanodeState (InitDatanodeState.java:persistContainerDatanodeDetails(145)) - DatanodeDetails is persisted to /home/runner/work/ozone/ozone/hadoop-ozone/integration-test/target/test-dir/MiniOzoneClusterImpl-eba4dfdc-c168-4ed6-b46b-d97e1dedacdc/datanode-0/meta/datanode.id
2022-02-02 13:24:03,704 [Listener at 127.0.0.1/38049] INFO  reflections.Reflections (Reflections.java:scan(232)) - Reflections took 73 ms to scan 7 urls, producing 119 keys and 279 values 
2022-02-02 13:24:03,710 [Listener at 127.0.0.1/38049] INFO  statemachine.DatanodeStateMachine (DatanodeStateMachine.java:getEndPointTaskThreadPoolSize(222)) - Datanode State Machine Task Thread Pool size 2
2022-02-02 13:24:03,723 [Listener at 127.0.0.1/38049] INFO  volume.HddsVolume (HddsVolume.java:<init>(120)) - Creating HddsVolume: /home/runner/work/ozone/ozone/hadoop-ozone/integration-test/target/test-dir/MiniOzoneClusterImpl-eba4dfdc-c168-4ed6-b46b-d97e1dedacdc/datanode-1/data-0/containers/hdds of storage type : DISK capacity : 9223372036854775807
2022-02-02 13:24:03,723 [Listener at 127.0.0.1/38049] INFO  volume.MutableVolumeSet (MutableVolumeSet.java:initializeVolumeSet(168)) - Added Volume : /home/runner/work/ozone/ozone/hadoop-ozone/integration-test/target/test-dir/MiniOzoneClusterImpl-eba4dfdc-c168-4ed6-b46b-d97e1dedacdc/datanode-1/data-0/containers/hdds to VolumeSet
2022-02-02 13:24:03,723 [Listener at 127.0.0.1/38049] INFO  volume.ThrottledAsyncChecker (ThrottledAsyncChecker.java:schedule(141)) - Scheduling a check for /home/runner/work/ozone/ozone/hadoop-ozone/integration-test/target/test-dir/MiniOzoneClusterImpl-eba4dfdc-c168-4ed6-b46b-d97e1dedacdc/datanode-1/data-0/containers/hdds
2022-02-02 13:24:03,742 [Listener at 127.0.0.1/38049] INFO  volume.StorageVolumeChecker (StorageVolumeChecker.java:checkAllVolumes(202)) - Scheduled health check for volume /home/runner/work/ozone/ozone/hadoop-ozone/integration-test/target/test-dir/MiniOzoneClusterImpl-eba4dfdc-c168-4ed6-b46b-d97e1dedacdc/datanode-1/data-0/containers/hdds
2022-02-02 13:24:03,767 [Listener at 127.0.0.1/38049] INFO  volume.MutableVolumeSet (MutableVolumeSet.java:initializeVolumeSet(168)) - Added Volume : /home/runner/work/ozone/ozone/hadoop-ozone/integration-test/target/test-dir/MiniOzoneClusterImpl-eba4dfdc-c168-4ed6-b46b-d97e1dedacdc/datanode-1/data/ratis to VolumeSet
2022-02-02 13:24:03,768 [Listener at 127.0.0.1/38049] INFO  volume.ThrottledAsyncChecker (ThrottledAsyncChecker.java:schedule(141)) - Scheduling a check for /home/runner/work/ozone/ozone/hadoop-ozone/integration-test/target/test-dir/MiniOzoneClusterImpl-eba4dfdc-c168-4ed6-b46b-d97e1dedacdc/datanode-1/data/ratis
2022-02-02 13:24:03,771 [Listener at 127.0.0.1/38049] INFO  volume.StorageVolumeChecker (StorageVolumeChecker.java:checkAllVolumes(202)) - Scheduled health check for volume /home/runner/work/ozone/ozone/hadoop-ozone/integration-test/target/test-dir/MiniOzoneClusterImpl-eba4dfdc-c168-4ed6-b46b-d97e1dedacdc/datanode-1/data/ratis
2022-02-02 13:24:03,782 [Thread-311] INFO  ozoneimpl.ContainerReader (ContainerReader.java:readVolume(172)) - Finish verifying containers on volume /home/runner/work/ozone/ozone/hadoop-ozone/integration-test/target/test-dir/MiniOzoneClusterImpl-eba4dfdc-c168-4ed6-b46b-d97e1dedacdc/datanode-1/data-0/containers/hdds
2022-02-02 13:24:03,782 [Listener at 127.0.0.1/38049] INFO  ozoneimpl.OzoneContainer (OzoneContainer.java:buildContainerSet(237)) - Build ContainerSet costs 0s
2022-02-02 13:24:03,785 [Listener at 127.0.0.1/38049] INFO  server.RaftServer (ConfUtils.java:logGet(44)) - raft.rpc.type = GRPC (default)
2022-02-02 13:24:03,785 [Listener at 127.0.0.1/38049] INFO  grpc.GrpcFactory (GrpcFactory.java:checkPooledByteBufAllocatorUseCacheForAllThreads(48)) - PERFORMANCE WARNING: useCacheForAllThreads is true that may cause Netty to create a lot garbage objects and, as a result, trigger GC.
	It is recommended to disable useCacheForAllThreads by setting -Dorg.apache.ratis.thirdparty.io.netty.allocator.useCacheForAllThreads=false in command line.
2022-02-02 13:24:03,785 [Listener at 127.0.0.1/38049] INFO  grpc.GrpcConfigKeys (ConfUtils.java:logGet(44)) - raft.grpc.admin.port = 0 (custom)
2022-02-02 13:24:03,785 [Listener at 127.0.0.1/38049] INFO  grpc.GrpcConfigKeys (ConfUtils.java:logGet(44)) - raft.grpc.client.port = 0 (custom)
2022-02-02 13:24:03,785 [Listener at 127.0.0.1/38049] INFO  grpc.GrpcConfigKeys (ConfUtils.java:logGet(44)) - raft.grpc.server.port = 0 (default)
2022-02-02 13:24:03,786 [Listener at 127.0.0.1/38049] INFO  server.GrpcService (ConfUtils.java:logGet(44)) - raft.grpc.message.size.max = 32MB (=33554432) (custom)
2022-02-02 13:24:03,786 [Listener at 127.0.0.1/38049] INFO  server.RaftServerConfigKeys (ConfUtils.java:logGet(44)) - raft.server.log.appender.buffer.byte-limit = 33554432 (custom)
2022-02-02 13:24:03,786 [Listener at 127.0.0.1/38049] INFO  server.GrpcService (ConfUtils.java:logGet(44)) - raft.grpc.flow.control.window = 5MB (=5242880) (custom)
2022-02-02 13:24:03,786 [Listener at 127.0.0.1/38049] INFO  server.RaftServerConfigKeys (ConfUtils.java:logGet(44)) - raft.server.rpc.request.timeout = 60s (custom)
2022-02-02 13:24:03,787 [Listener at 127.0.0.1/38049] INFO  impl.DataStreamServerImpl (ConfUtils.java:logGet(44)) - raft.datastream.type = DISABLED (default)
2022-02-02 13:24:03,787 [Listener at 127.0.0.1/38049] INFO  server.RaftServerConfigKeys (ConfUtils.java:logGet(44)) - raft.server.rpc.slowness.timeout = 300s (custom)
2022-02-02 13:24:03,787 [Listener at 127.0.0.1/38049] INFO  server.RaftServerConfigKeys (ConfUtils.java:logGet(44)) - raft.server.leaderelection.leader.step-down.wait-time = 10s (default)
2022-02-02 13:24:03,787 [Listener at 127.0.0.1/38049] INFO  server.RaftServerConfigKeys (ConfUtils.java:logGet(44)) - raft.server.storage.dir = [/home/runner/work/ozone/ozone/hadoop-ozone/integration-test/target/test-dir/MiniOzoneClusterImpl-eba4dfdc-c168-4ed6-b46b-d97e1dedacdc/datanode-1/data/ratis] (custom)
2022-02-02 13:24:03,788 [Listener at 127.0.0.1/38049] INFO  server.XceiverServerGrpc (XceiverServerGrpc.java:<init>(132)) - GrpcServer channel type EpollServerSocketChannel
2022-02-02 13:24:03,791 [Listener at 127.0.0.1/38049] INFO  http.BaseHttpServer (BaseHttpServer.java:newHttpServer2BuilderForOzone(209)) - Starting Web-server for hddsDatanode at: http://0.0.0.0:0
2022-02-02 13:24:03,791 [Listener at 127.0.0.1/38049] INFO  http.BaseHttpServer (BaseHttpServer.java:<init>(107)) - Hadoop Security Enabled: false Ozone Security Enabled: false Ozone HTTP Security Enabled: false 
2022-02-02 13:24:03,792 [Listener at 127.0.0.1/38049] INFO  server.AuthenticationFilter (AuthenticationFilter.java:constructSecretProvider(240)) - Unable to initialize FileSignerSecretProvider, falling back to use random secrets.
2022-02-02 13:24:03,793 [Listener at 127.0.0.1/38049] WARN  http.HttpRequestLog (HttpRequestLog.java:getRequestLog(103)) - Jetty request log can only be enabled using Log4j
2022-02-02 13:24:03,793 [Listener at 127.0.0.1/38049] INFO  http.HttpServer2 (HttpServer2.java:addGlobalFilter(1030)) - Added global filter 'safety' (class=org.apache.hadoop.hdds.server.http.HttpServer2$QuotingInputFilter)
2022-02-02 13:24:03,794 [Listener at 127.0.0.1/38049] INFO  http.HttpServer2 (HttpServer2.java:addFilter(1006)) - Added filter static_user_filter (class=org.apache.hadoop.http.lib.StaticUserWebFilter$StaticUserFilter) to context hddsDatanode
2022-02-02 13:24:03,794 [Listener at 127.0.0.1/38049] INFO  http.HttpServer2 (HttpServer2.java:addFilter(1014)) - Added filter static_user_filter (class=org.apache.hadoop.http.lib.StaticUserWebFilter$StaticUserFilter) to context static
2022-02-02 13:24:03,794 [Listener at 127.0.0.1/38049] INFO  http.HttpServer2 (HttpServer2.java:addFilter(1014)) - Added filter static_user_filter (class=org.apache.hadoop.http.lib.StaticUserWebFilter$StaticUserFilter) to context logs
2022-02-02 13:24:03,795 [Listener at 127.0.0.1/38049] INFO  http.HttpServer2 (HttpServer2.java:bindListener(1249)) - Jetty bound to port 39067
2022-02-02 13:24:03,795 [Listener at 127.0.0.1/38049] INFO  server.Server (Server.java:doStart(375)) - jetty-9.4.43.v20210629; built: 2021-06-30T11:07:22.254Z; git: 526006ecfa3af7f1a27ef3a288e2bef7ea9dd7e8; jvm 1.8.0_312-b07
2022-02-02 13:24:03,796 [Listener at 127.0.0.1/38049] INFO  server.session (DefaultSessionIdManager.java:doStart(334)) - DefaultSessionIdManager workerName=node0
2022-02-02 13:24:03,796 [Listener at 127.0.0.1/38049] INFO  server.session (DefaultSessionIdManager.java:doStart(339)) - No SessionScavenger set, using defaults
2022-02-02 13:24:03,796 [Listener at 127.0.0.1/38049] INFO  server.session (HouseKeeper.java:startScavenging(132)) - node0 Scavenging every 660000ms
2022-02-02 13:24:03,797 [Listener at 127.0.0.1/38049] INFO  handler.ContextHandler (ContextHandler.java:doStart(915)) - Started o.e.j.s.ServletContextHandler@6ccb403c{logs,/logs,file:///home/runner/work/ozone/ozone/hadoop-ozone/integration-test/target/log,AVAILABLE}
2022-02-02 13:24:03,797 [Listener at 127.0.0.1/38049] INFO  handler.ContextHandler (ContextHandler.java:doStart(915)) - Started o.e.j.s.ServletContextHandler@6d04d386{static,/static,jar:file:/home/runner/.m2/repository/org/apache/ozone/hdds-container-service/1.3.0-SNAPSHOT/hdds-container-service-1.3.0-SNAPSHOT.jar!/webapps/static,AVAILABLE}
2022-02-02 13:24:03,837 [Listener at 127.0.0.1/38049] INFO  handler.ContextHandler (ContextHandler.java:doStart(915)) - Started o.e.j.w.WebAppContext@5f6919c1{hddsDatanode,/,file:///tmp/jetty-0_0_0_0-39067-hdds-container-service-1_3_0-SNAPSHOT_jar-_-any-6287154345053830136/webapp/,AVAILABLE}{jar:file:/home/runner/.m2/repository/org/apache/ozone/hdds-container-service/1.3.0-SNAPSHOT/hdds-container-service-1.3.0-SNAPSHOT.jar!/webapps/hddsDatanode}
2022-02-02 13:24:03,839 [Listener at 127.0.0.1/38049] INFO  server.AbstractConnector (AbstractConnector.java:doStart(331)) - Started ServerConnector@3d53009c{HTTP/1.1, (http/1.1)}{0.0.0.0:39067}
2022-02-02 13:24:03,839 [Listener at 127.0.0.1/38049] INFO  server.Server (Server.java:doStart(415)) - Started @45031ms
2022-02-02 13:24:03,839 [Listener at 127.0.0.1/38049] WARN  impl.MetricsSystemImpl (MetricsSystemImpl.java:register(279)) - Sink prometheus already exists!
2022-02-02 13:24:03,840 [Listener at 127.0.0.1/38049] INFO  http.BaseHttpServer (BaseHttpServer.java:updateConnectorAddress(329)) - HTTP server of hddsDatanode listening at http://0.0.0.0:39067
2022-02-02 13:24:03,842 [Listener at 127.0.0.1/38049] WARN  impl.MetricRegistriesImpl (MetricRegistriesImpl.java:addReporterRegistration(111)) - New reporters are added after registries were created. Some metrics will be missing from the reporter. Please add reporter before adding any new registry.
2022-02-02 13:24:03,842 [Listener at 127.0.0.1/38049] WARN  impl.MetricRegistriesImpl (MetricRegistriesImpl.java:addReporterRegistration(111)) - New reporters are added after registries were created. Some metrics will be missing from the reporter. Please add reporter before adding any new registry.
2022-02-02 13:24:03,842 [Listener at 127.0.0.1/38049] INFO  impl.MetricsSystemImpl (MetricsSystemImpl.java:init(158)) - HddsDatanode metrics system started (again)
2022-02-02 13:24:03,851 [Datanode State Machine Daemon Thread] INFO  statemachine.DatanodeStateMachine (DatanodeStateMachine.java:lambda$startDaemon$0(470)) - Ozone container server started.
2022-02-02 13:24:03,859 [org.apache.hadoop.util.JvmPauseMonitor$Monitor@f57dc69] INFO  util.JvmPauseMonitor (JvmPauseMonitor.java:run(188)) - Starting JVM pause monitor
2022-02-02 13:24:03,868 [Datanode State Machine Task Thread - 0] INFO  datanode.InitDatanodeState (InitDatanodeState.java:persistContainerDatanodeDetails(145)) - DatanodeDetails is persisted to /home/runner/work/ozone/ozone/hadoop-ozone/integration-test/target/test-dir/MiniOzoneClusterImpl-eba4dfdc-c168-4ed6-b46b-d97e1dedacdc/datanode-1/meta/datanode.id
2022-02-02 13:24:03,872 [Listener at 127.0.0.1/38049] INFO  ozone.HddsDatanodeService (HddsDatanodeService.java:start(234)) - HddsDatanodeService host:fv-az294-450.eaanfquahm5ulb5tj050gcxych.jx.internal.cloudapp.net ip:10.1.0.6
2022-02-02 13:24:03,904 [Listener at 127.0.0.1/38049] INFO  upgrade.AbstractLayoutVersionManager (AbstractLayoutVersionManager.java:init(79)) - Initializing Layout version manager with metadata layout = SCM_HA (version = 2), software layout = SCM_HA (version = 2)
2022-02-02 13:24:03,969 [Listener at 127.0.0.1/38049] INFO  reflections.Reflections (Reflections.java:scan(232)) - Reflections took 62 ms to scan 7 urls, producing 119 keys and 279 values 
2022-02-02 13:24:03,972 [Listener at 127.0.0.1/38049] INFO  statemachine.DatanodeStateMachine (DatanodeStateMachine.java:getEndPointTaskThreadPoolSize(222)) - Datanode State Machine Task Thread Pool size 2
2022-02-02 13:24:03,974 [Listener at 127.0.0.1/38049] INFO  volume.HddsVolume (HddsVolume.java:<init>(120)) - Creating HddsVolume: /home/runner/work/ozone/ozone/hadoop-ozone/integration-test/target/test-dir/MiniOzoneClusterImpl-eba4dfdc-c168-4ed6-b46b-d97e1dedacdc/datanode-2/data-0/containers/hdds of storage type : DISK capacity : 9223372036854775807
2022-02-02 13:24:03,974 [Listener at 127.0.0.1/38049] INFO  volume.MutableVolumeSet (MutableVolumeSet.java:initializeVolumeSet(168)) - Added Volume : /home/runner/work/ozone/ozone/hadoop-ozone/integration-test/target/test-dir/MiniOzoneClusterImpl-eba4dfdc-c168-4ed6-b46b-d97e1dedacdc/datanode-2/data-0/containers/hdds to VolumeSet
2022-02-02 13:24:03,975 [Listener at 127.0.0.1/38049] INFO  volume.ThrottledAsyncChecker (ThrottledAsyncChecker.java:schedule(141)) - Scheduling a check for /home/runner/work/ozone/ozone/hadoop-ozone/integration-test/target/test-dir/MiniOzoneClusterImpl-eba4dfdc-c168-4ed6-b46b-d97e1dedacdc/datanode-2/data-0/containers/hdds
2022-02-02 13:24:03,977 [Listener at 127.0.0.1/38049] INFO  volume.StorageVolumeChecker (StorageVolumeChecker.java:checkAllVolumes(202)) - Scheduled health check for volume /home/runner/work/ozone/ozone/hadoop-ozone/integration-test/target/test-dir/MiniOzoneClusterImpl-eba4dfdc-c168-4ed6-b46b-d97e1dedacdc/datanode-2/data-0/containers/hdds
2022-02-02 13:24:03,989 [Listener at 127.0.0.1/38049] INFO  volume.MutableVolumeSet (MutableVolumeSet.java:initializeVolumeSet(168)) - Added Volume : /home/runner/work/ozone/ozone/hadoop-ozone/integration-test/target/test-dir/MiniOzoneClusterImpl-eba4dfdc-c168-4ed6-b46b-d97e1dedacdc/datanode-2/data/ratis to VolumeSet
2022-02-02 13:24:03,989 [Listener at 127.0.0.1/38049] INFO  volume.ThrottledAsyncChecker (ThrottledAsyncChecker.java:schedule(141)) - Scheduling a check for /home/runner/work/ozone/ozone/hadoop-ozone/integration-test/target/test-dir/MiniOzoneClusterImpl-eba4dfdc-c168-4ed6-b46b-d97e1dedacdc/datanode-2/data/ratis
2022-02-02 13:24:03,989 [Listener at 127.0.0.1/38049] INFO  volume.StorageVolumeChecker (StorageVolumeChecker.java:checkAllVolumes(202)) - Scheduled health check for volume /home/runner/work/ozone/ozone/hadoop-ozone/integration-test/target/test-dir/MiniOzoneClusterImpl-eba4dfdc-c168-4ed6-b46b-d97e1dedacdc/datanode-2/data/ratis
2022-02-02 13:24:04,000 [Thread-323] INFO  ozoneimpl.ContainerReader (ContainerReader.java:readVolume(172)) - Finish verifying containers on volume /home/runner/work/ozone/ozone/hadoop-ozone/integration-test/target/test-dir/MiniOzoneClusterImpl-eba4dfdc-c168-4ed6-b46b-d97e1dedacdc/datanode-2/data-0/containers/hdds
2022-02-02 13:24:04,000 [Listener at 127.0.0.1/38049] INFO  ozoneimpl.OzoneContainer (OzoneContainer.java:buildContainerSet(237)) - Build ContainerSet costs 0s
2022-02-02 13:24:04,004 [Listener at 127.0.0.1/38049] INFO  server.RaftServer (ConfUtils.java:logGet(44)) - raft.rpc.type = GRPC (default)
2022-02-02 13:24:04,005 [Listener at 127.0.0.1/38049] INFO  grpc.GrpcFactory (GrpcFactory.java:checkPooledByteBufAllocatorUseCacheForAllThreads(48)) - PERFORMANCE WARNING: useCacheForAllThreads is true that may cause Netty to create a lot garbage objects and, as a result, trigger GC.
	It is recommended to disable useCacheForAllThreads by setting -Dorg.apache.ratis.thirdparty.io.netty.allocator.useCacheForAllThreads=false in command line.
2022-02-02 13:24:04,005 [Listener at 127.0.0.1/38049] INFO  grpc.GrpcConfigKeys (ConfUtils.java:logGet(44)) - raft.grpc.admin.port = 0 (custom)
2022-02-02 13:24:04,005 [Listener at 127.0.0.1/38049] INFO  grpc.GrpcConfigKeys (ConfUtils.java:logGet(44)) - raft.grpc.client.port = 0 (custom)
2022-02-02 13:24:04,006 [Listener at 127.0.0.1/38049] INFO  grpc.GrpcConfigKeys (ConfUtils.java:logGet(44)) - raft.grpc.server.port = 0 (default)
2022-02-02 13:24:04,006 [Listener at 127.0.0.1/38049] INFO  server.GrpcService (ConfUtils.java:logGet(44)) - raft.grpc.message.size.max = 32MB (=33554432) (custom)
2022-02-02 13:24:04,006 [Listener at 127.0.0.1/38049] INFO  server.RaftServerConfigKeys (ConfUtils.java:logGet(44)) - raft.server.log.appender.buffer.byte-limit = 33554432 (custom)
2022-02-02 13:24:04,006 [Listener at 127.0.0.1/38049] INFO  server.GrpcService (ConfUtils.java:logGet(44)) - raft.grpc.flow.control.window = 5MB (=5242880) (custom)
2022-02-02 13:24:04,006 [Listener at 127.0.0.1/38049] INFO  server.RaftServerConfigKeys (ConfUtils.java:logGet(44)) - raft.server.rpc.request.timeout = 60s (custom)
2022-02-02 13:24:04,007 [Listener at 127.0.0.1/38049] INFO  impl.DataStreamServerImpl (ConfUtils.java:logGet(44)) - raft.datastream.type = DISABLED (default)
2022-02-02 13:24:04,007 [Listener at 127.0.0.1/38049] INFO  server.RaftServerConfigKeys (ConfUtils.java:logGet(44)) - raft.server.rpc.slowness.timeout = 300s (custom)
2022-02-02 13:24:04,008 [Listener at 127.0.0.1/38049] INFO  server.RaftServerConfigKeys (ConfUtils.java:logGet(44)) - raft.server.leaderelection.leader.step-down.wait-time = 10s (default)
2022-02-02 13:24:04,008 [Listener at 127.0.0.1/38049] INFO  server.RaftServerConfigKeys (ConfUtils.java:logGet(44)) - raft.server.storage.dir = [/home/runner/work/ozone/ozone/hadoop-ozone/integration-test/target/test-dir/MiniOzoneClusterImpl-eba4dfdc-c168-4ed6-b46b-d97e1dedacdc/datanode-2/data/ratis] (custom)
2022-02-02 13:24:04,009 [Listener at 127.0.0.1/38049] INFO  server.XceiverServerGrpc (XceiverServerGrpc.java:<init>(132)) - GrpcServer channel type EpollServerSocketChannel
2022-02-02 13:24:04,013 [Listener at 127.0.0.1/38049] INFO  http.BaseHttpServer (BaseHttpServer.java:newHttpServer2BuilderForOzone(209)) - Starting Web-server for hddsDatanode at: http://0.0.0.0:0
2022-02-02 13:24:04,013 [Listener at 127.0.0.1/38049] INFO  http.BaseHttpServer (BaseHttpServer.java:<init>(107)) - Hadoop Security Enabled: false Ozone Security Enabled: false Ozone HTTP Security Enabled: false 
2022-02-02 13:24:04,015 [Listener at 127.0.0.1/38049] INFO  server.AuthenticationFilter (AuthenticationFilter.java:constructSecretProvider(240)) - Unable to initialize FileSignerSecretProvider, falling back to use random secrets.
2022-02-02 13:24:04,019 [Listener at 127.0.0.1/38049] WARN  http.HttpRequestLog (HttpRequestLog.java:getRequestLog(103)) - Jetty request log can only be enabled using Log4j
2022-02-02 13:24:04,020 [Listener at 127.0.0.1/38049] INFO  http.HttpServer2 (HttpServer2.java:addGlobalFilter(1030)) - Added global filter 'safety' (class=org.apache.hadoop.hdds.server.http.HttpServer2$QuotingInputFilter)
2022-02-02 13:24:04,021 [Listener at 127.0.0.1/38049] INFO  http.HttpServer2 (HttpServer2.java:addFilter(1006)) - Added filter static_user_filter (class=org.apache.hadoop.http.lib.StaticUserWebFilter$StaticUserFilter) to context hddsDatanode
2022-02-02 13:24:04,021 [Listener at 127.0.0.1/38049] INFO  http.HttpServer2 (HttpServer2.java:addFilter(1014)) - Added filter static_user_filter (class=org.apache.hadoop.http.lib.StaticUserWebFilter$StaticUserFilter) to context static
2022-02-02 13:24:04,021 [Listener at 127.0.0.1/38049] INFO  http.HttpServer2 (HttpServer2.java:addFilter(1014)) - Added filter static_user_filter (class=org.apache.hadoop.http.lib.StaticUserWebFilter$StaticUserFilter) to context logs
2022-02-02 13:24:04,022 [Listener at 127.0.0.1/38049] INFO  http.HttpServer2 (HttpServer2.java:bindListener(1249)) - Jetty bound to port 46781
2022-02-02 13:24:04,022 [Listener at 127.0.0.1/38049] INFO  server.Server (Server.java:doStart(375)) - jetty-9.4.43.v20210629; built: 2021-06-30T11:07:22.254Z; git: 526006ecfa3af7f1a27ef3a288e2bef7ea9dd7e8; jvm 1.8.0_312-b07
2022-02-02 13:24:04,024 [Listener at 127.0.0.1/38049] INFO  server.session (DefaultSessionIdManager.java:doStart(334)) - DefaultSessionIdManager workerName=node0
2022-02-02 13:24:04,024 [Listener at 127.0.0.1/38049] INFO  server.session (DefaultSessionIdManager.java:doStart(339)) - No SessionScavenger set, using defaults
2022-02-02 13:24:04,024 [Listener at 127.0.0.1/38049] INFO  server.session (HouseKeeper.java:startScavenging(132)) - node0 Scavenging every 660000ms
2022-02-02 13:24:04,025 [Listener at 127.0.0.1/38049] INFO  handler.ContextHandler (ContextHandler.java:doStart(915)) - Started o.e.j.s.ServletContextHandler@7c3b6697{logs,/logs,file:///home/runner/work/ozone/ozone/hadoop-ozone/integration-test/target/log,AVAILABLE}
2022-02-02 13:24:04,025 [Listener at 127.0.0.1/38049] INFO  handler.ContextHandler (ContextHandler.java:doStart(915)) - Started o.e.j.s.ServletContextHandler@3406b355{static,/static,jar:file:/home/runner/.m2/repository/org/apache/ozone/hdds-container-service/1.3.0-SNAPSHOT/hdds-container-service-1.3.0-SNAPSHOT.jar!/webapps/static,AVAILABLE}
2022-02-02 13:24:04,072 [Listener at 127.0.0.1/38049] INFO  handler.ContextHandler (ContextHandler.java:doStart(915)) - Started o.e.j.w.WebAppContext@3d6abba3{hddsDatanode,/,file:///tmp/jetty-0_0_0_0-46781-hdds-container-service-1_3_0-SNAPSHOT_jar-_-any-2290447040950072522/webapp/,AVAILABLE}{jar:file:/home/runner/.m2/repository/org/apache/ozone/hdds-container-service/1.3.0-SNAPSHOT/hdds-container-service-1.3.0-SNAPSHOT.jar!/webapps/hddsDatanode}
2022-02-02 13:24:04,074 [Listener at 127.0.0.1/38049] INFO  server.AbstractConnector (AbstractConnector.java:doStart(331)) - Started ServerConnector@207adfc7{HTTP/1.1, (http/1.1)}{0.0.0.0:46781}
2022-02-02 13:24:04,074 [Listener at 127.0.0.1/38049] INFO  server.Server (Server.java:doStart(415)) - Started @45266ms
2022-02-02 13:24:04,075 [Listener at 127.0.0.1/38049] WARN  impl.MetricsSystemImpl (MetricsSystemImpl.java:register(279)) - Sink prometheus already exists!
2022-02-02 13:24:04,075 [Listener at 127.0.0.1/38049] INFO  http.BaseHttpServer (BaseHttpServer.java:updateConnectorAddress(329)) - HTTP server of hddsDatanode listening at http://0.0.0.0:46781
2022-02-02 13:24:04,078 [Listener at 127.0.0.1/38049] INFO  ozone.MiniOzoneClusterImpl (MiniOzoneClusterImpl.java:lambda$waitForClusterToBeReady$0(219)) - Waiting for nodes to be ready. Got 0 of 3 DN Heartbeats.
2022-02-02 13:24:04,078 [Listener at 127.0.0.1/38049] INFO  ozone.MiniOzoneClusterImpl (MiniOzoneClusterImpl.java:lambda$waitForClusterToBeReady$0(222)) - Waiting for cluster to exit safe mode
2022-02-02 13:24:04,078 [Listener at 127.0.0.1/38049] INFO  ozone.MiniOzoneClusterImpl (MiniOzoneClusterImpl.java:lambda$waitForClusterToBeReady$0(224)) - SCM became leader
2022-02-02 13:24:04,079 [Datanode State Machine Daemon Thread] INFO  statemachine.DatanodeStateMachine (DatanodeStateMachine.java:lambda$startDaemon$0(470)) - Ozone container server started.
2022-02-02 13:24:04,102 [org.apache.hadoop.util.JvmPauseMonitor$Monitor@d365c6d] INFO  util.JvmPauseMonitor (JvmPauseMonitor.java:run(188)) - Starting JVM pause monitor
2022-02-02 13:24:04,111 [Datanode State Machine Task Thread - 0] INFO  datanode.InitDatanodeState (InitDatanodeState.java:persistContainerDatanodeDetails(145)) - DatanodeDetails is persisted to /home/runner/work/ozone/ozone/hadoop-ozone/integration-test/target/test-dir/MiniOzoneClusterImpl-eba4dfdc-c168-4ed6-b46b-d97e1dedacdc/datanode-2/meta/datanode.id
2022-02-02 13:24:04,355 [om1@group-C5BA1605619E-FollowerState] INFO  impl.FollowerState (FollowerState.java:run(134)) - om1@group-C5BA1605619E-FollowerState: change to CANDIDATE, lastRpcElapsedTime:1014011853ns, electionTimeout:1004ms
2022-02-02 13:24:04,356 [om1@group-C5BA1605619E-FollowerState] INFO  impl.RoleInfo (RoleInfo.java:shutdownFollowerState(108)) - om1: shutdown om1@group-C5BA1605619E-FollowerState
2022-02-02 13:24:04,356 [om1@group-C5BA1605619E-FollowerState] INFO  server.RaftServer$Division (RaftServerImpl.java:setRole(290)) - om1@group-C5BA1605619E: changes role from  FOLLOWER to CANDIDATE at term 0 for changeToCandidate
2022-02-02 13:24:04,356 [om1@group-C5BA1605619E-FollowerState] INFO  server.RaftServerConfigKeys (ConfUtils.java:logGet(44)) - raft.server.leaderelection.pre-vote = false (custom)
2022-02-02 13:24:04,356 [om1@group-C5BA1605619E-FollowerState] INFO  impl.RoleInfo (RoleInfo.java:updateAndGet(130)) - om1: start om1@group-C5BA1605619E-LeaderElection6
2022-02-02 13:24:04,362 [om1@group-C5BA1605619E-LeaderElection6] INFO  impl.LeaderElection (LeaderElection.java:askForVotes(306)) - om1@group-C5BA1605619E-LeaderElection6 ELECTION round 0: submit vote requests at term 1 for -1: [om1|rpc:localhost:9872|priority:0], old=null
2022-02-02 13:24:04,362 [om1@group-C5BA1605619E-LeaderElection6] INFO  impl.LeaderElection (LeaderElection.java:askForVotes(308)) - om1@group-C5BA1605619E-LeaderElection6 ELECTION round 0: result PASSED (term=1)
2022-02-02 13:24:04,362 [om1@group-C5BA1605619E-LeaderElection6] INFO  impl.RoleInfo (RoleInfo.java:shutdownLeaderElection(121)) - om1: shutdown om1@group-C5BA1605619E-LeaderElection6
2022-02-02 13:24:04,362 [om1@group-C5BA1605619E-LeaderElection6] INFO  server.RaftServer$Division (RaftServerImpl.java:setRole(290)) - om1@group-C5BA1605619E: changes role from CANDIDATE to LEADER at term 1 for changeToLeader
2022-02-02 13:24:04,363 [om1@group-C5BA1605619E-LeaderElection6] INFO  server.RaftServer$Division (ServerState.java:setLeader(285)) - om1@group-C5BA1605619E: change Leader from null to om1 at term 1 for becomeLeader, leader elected after 1045ms
2022-02-02 13:24:04,363 [om1@group-C5BA1605619E-LeaderElection6] INFO  server.RaftServerConfigKeys (ConfUtils.java:logGet(44)) - raft.server.staging.catchup.gap = 1000 (default)
2022-02-02 13:24:04,363 [om1@group-C5BA1605619E-LeaderElection6] INFO  server.RaftServerConfigKeys (ConfUtils.java:logGet(44)) - raft.server.write.element-limit = 4096 (default)
2022-02-02 13:24:04,363 [om1@group-C5BA1605619E-LeaderElection6] INFO  server.RaftServerConfigKeys (ConfUtils.java:logGet(44)) - raft.server.write.byte-limit = 64MB (=67108864) (default)
2022-02-02 13:24:04,363 [om1@group-C5BA1605619E-LeaderElection6] INFO  server.RaftServerConfigKeys (ConfUtils.java:logGet(44)) - raft.server.watch.timeout = 10s (default)
2022-02-02 13:24:04,363 [om1@group-C5BA1605619E-LeaderElection6] INFO  server.RaftServerConfigKeys (ConfUtils.java:logGet(44)) - raft.server.watch.timeout.denomination = 1s (default)
2022-02-02 13:24:04,364 [om1@group-C5BA1605619E-LeaderElection6] INFO  server.RaftServerConfigKeys (ConfUtils.java:logGet(44)) - raft.server.watch.element-limit = 65536 (default)
2022-02-02 13:24:04,364 [om1@group-C5BA1605619E-LeaderElection6] INFO  server.RaftServerConfigKeys (ConfUtils.java:logGet(44)) - raft.server.write.element-limit = 4096 (default)
2022-02-02 13:24:04,364 [om1@group-C5BA1605619E-LeaderElection6] INFO  server.RaftServerConfigKeys (ConfUtils.java:logGet(44)) - raft.server.write.follower.gap.ratio.max = -1.0 (default)
2022-02-02 13:24:04,364 [om1@group-C5BA1605619E-LeaderElection6] INFO  impl.RoleInfo (RoleInfo.java:updateAndGet(130)) - om1: start om1@group-C5BA1605619E-LeaderStateImpl
2022-02-02 13:24:04,364 [om1@group-C5BA1605619E-LeaderElection6] INFO  segmented.SegmentedRaftLogWorker (SegmentedRaftLogWorker.java:startLogSegment(394)) - om1@group-C5BA1605619E-SegmentedRaftLogWorker: Starting segment from index:0
2022-02-02 13:24:04,371 [om1@group-C5BA1605619E-LeaderElection6] INFO  server.RaftServer$Division (ServerState.java:setRaftConf(387)) - om1@group-C5BA1605619E: set configuration 0: [om1|rpc:localhost:9872|admin:|client:|dataStream:|priority:0], old=null
2022-02-02 13:24:04,375 [om1@group-C5BA1605619E-SegmentedRaftLogWorker] INFO  segmented.SegmentedRaftLogWorker (SegmentedRaftLogWorker.java:execute(601)) - om1@group-C5BA1605619E-SegmentedRaftLogWorker: created new log segment /home/runner/work/ozone/ozone/hadoop-ozone/integration-test/target/test-dir/MiniOzoneClusterImpl-eba4dfdc-c168-4ed6-b46b-d97e1dedacdc/ozone-meta/ratis/bf265839-605b-3f16-9796-c5ba1605619e/current/log_inprogress_0
2022-02-02 13:24:04,376 [om1@group-C5BA1605619E-StateMachineUpdater] INFO  ratis.OzoneManagerStateMachine (OzoneManagerStateMachine.java:notifyConfigurationChanged(188)) - Received Configuration change notification from Ratis. New Peer list:
[id: "om1"
address: "localhost:9872"
]
2022-02-02 13:24:05,079 [Listener at 127.0.0.1/38049] INFO  ozone.MiniOzoneClusterImpl (MiniOzoneClusterImpl.java:lambda$waitForClusterToBeReady$0(219)) - Waiting for nodes to be ready. Got 0 of 3 DN Heartbeats.
2022-02-02 13:24:05,079 [Listener at 127.0.0.1/38049] INFO  ozone.MiniOzoneClusterImpl (MiniOzoneClusterImpl.java:lambda$waitForClusterToBeReady$0(222)) - Waiting for cluster to exit safe mode
2022-02-02 13:24:05,079 [Listener at 127.0.0.1/38049] INFO  ozone.MiniOzoneClusterImpl (MiniOzoneClusterImpl.java:lambda$waitForClusterToBeReady$0(224)) - SCM became leader
2022-02-02 13:24:05,632 [EndpointStateMachine task thread for /0.0.0.0:36445 - 0 ] INFO  ozoneimpl.OzoneContainer (OzoneContainer.java:start(315)) - Attempting to start container services.
2022-02-02 13:24:05,633 [EndpointStateMachine task thread for /0.0.0.0:36445 - 0 ] INFO  ozoneimpl.OzoneContainer (OzoneContainer.java:startContainerScrub(250)) - Background container scanner has been disabled.
2022-02-02 13:24:05,634 [EndpointStateMachine task thread for /0.0.0.0:36445 - 0 ] INFO  replication.ReplicationServer (ReplicationServer.java:start(111)) - ReplicationServer is started using port 40939
2022-02-02 13:24:05,634 [EndpointStateMachine task thread for /0.0.0.0:36445 - 0 ] INFO  ratis.XceiverServerRatis (XceiverServerRatis.java:start(484)) - Starting XceiverServerRatis 1ddc7d50-2cfc-4bb3-877e-a1bd441c4cad
2022-02-02 13:24:05,635 [EndpointStateMachine task thread for /0.0.0.0:36445 - 0 ] INFO  server.RaftServer (RaftServerProxy.java:lambda$start$5(374)) - 1ddc7d50-2cfc-4bb3-877e-a1bd441c4cad: start RPC server
2022-02-02 13:24:05,641 [EndpointStateMachine task thread for /0.0.0.0:36445 - 0 ] INFO  server.GrpcService (GrpcService.java:startImpl(253)) - 1ddc7d50-2cfc-4bb3-877e-a1bd441c4cad: GrpcService started, listening on 39783
2022-02-02 13:24:05,643 [EndpointStateMachine task thread for /0.0.0.0:36445 - 0 ] INFO  ratis.XceiverServerRatis (XceiverServerRatis.java:getRealPort(505)) - XceiverServerRatis 1ddc7d50-2cfc-4bb3-877e-a1bd441c4cad is started using port 39783 for RATIS
2022-02-02 13:24:05,643 [EndpointStateMachine task thread for /0.0.0.0:36445 - 0 ] INFO  ratis.XceiverServerRatis (XceiverServerRatis.java:getRealPort(505)) - XceiverServerRatis 1ddc7d50-2cfc-4bb3-877e-a1bd441c4cad is started using port 39783 for RATIS_ADMIN
2022-02-02 13:24:05,643 [EndpointStateMachine task thread for /0.0.0.0:36445 - 0 ] INFO  ratis.XceiverServerRatis (XceiverServerRatis.java:getRealPort(505)) - XceiverServerRatis 1ddc7d50-2cfc-4bb3-877e-a1bd441c4cad is started using port 39783 for RATIS_SERVER
2022-02-02 13:24:05,644 [org.apache.ratis.util.JvmPauseMonitor$$Lambda$431/251020702@2bd14b9c] INFO  util.JvmPauseMonitor (JvmPauseMonitor.java:run(103)) - JvmPauseMonitor-1ddc7d50-2cfc-4bb3-877e-a1bd441c4cad: Started
2022-02-02 13:24:05,652 [EndpointStateMachine task thread for /0.0.0.0:36445 - 0 ] INFO  server.XceiverServerGrpc (XceiverServerGrpc.java:start(180)) - XceiverServerGrpc 1ddc7d50-2cfc-4bb3-877e-a1bd441c4cad is started using port 45537
2022-02-02 13:24:05,864 [EndpointStateMachine task thread for /0.0.0.0:36445 - 0 ] INFO  ozoneimpl.OzoneContainer (OzoneContainer.java:start(315)) - Attempting to start container services.
2022-02-02 13:24:05,866 [EndpointStateMachine task thread for /0.0.0.0:36445 - 0 ] INFO  ozoneimpl.OzoneContainer (OzoneContainer.java:startContainerScrub(250)) - Background container scanner has been disabled.
2022-02-02 13:24:05,867 [EndpointStateMachine task thread for /0.0.0.0:36445 - 0 ] INFO  replication.ReplicationServer (ReplicationServer.java:start(111)) - ReplicationServer is started using port 40197
2022-02-02 13:24:05,868 [EndpointStateMachine task thread for /0.0.0.0:36445 - 0 ] INFO  ratis.XceiverServerRatis (XceiverServerRatis.java:start(484)) - Starting XceiverServerRatis c44f0072-f5b5-4f28-a537-04f9bff53e0b
2022-02-02 13:24:05,869 [EndpointStateMachine task thread for /0.0.0.0:36445 - 0 ] INFO  server.RaftServer (RaftServerProxy.java:lambda$start$5(374)) - c44f0072-f5b5-4f28-a537-04f9bff53e0b: start RPC server
2022-02-02 13:24:05,874 [EndpointStateMachine task thread for /0.0.0.0:36445 - 0 ] INFO  server.GrpcService (GrpcService.java:startImpl(253)) - c44f0072-f5b5-4f28-a537-04f9bff53e0b: GrpcService started, listening on 34445
2022-02-02 13:24:05,878 [EndpointStateMachine task thread for /0.0.0.0:36445 - 0 ] INFO  ratis.XceiverServerRatis (XceiverServerRatis.java:getRealPort(505)) - XceiverServerRatis c44f0072-f5b5-4f28-a537-04f9bff53e0b is started using port 34445 for RATIS
2022-02-02 13:24:05,878 [EndpointStateMachine task thread for /0.0.0.0:36445 - 0 ] INFO  ratis.XceiverServerRatis (XceiverServerRatis.java:getRealPort(505)) - XceiverServerRatis c44f0072-f5b5-4f28-a537-04f9bff53e0b is started using port 34445 for RATIS_ADMIN
2022-02-02 13:24:05,878 [EndpointStateMachine task thread for /0.0.0.0:36445 - 0 ] INFO  ratis.XceiverServerRatis (XceiverServerRatis.java:getRealPort(505)) - XceiverServerRatis c44f0072-f5b5-4f28-a537-04f9bff53e0b is started using port 34445 for RATIS_SERVER
2022-02-02 13:24:05,879 [org.apache.ratis.util.JvmPauseMonitor$$Lambda$431/251020702@6bad1389] INFO  util.JvmPauseMonitor (JvmPauseMonitor.java:run(103)) - JvmPauseMonitor-c44f0072-f5b5-4f28-a537-04f9bff53e0b: Started
2022-02-02 13:24:05,890 [EndpointStateMachine task thread for /0.0.0.0:36445 - 0 ] INFO  server.XceiverServerGrpc (XceiverServerGrpc.java:start(180)) - XceiverServerGrpc c44f0072-f5b5-4f28-a537-04f9bff53e0b is started using port 38561
2022-02-02 13:24:06,079 [Listener at 127.0.0.1/38049] INFO  ozone.MiniOzoneClusterImpl (MiniOzoneClusterImpl.java:lambda$waitForClusterToBeReady$0(219)) - Waiting for nodes to be ready. Got 0 of 3 DN Heartbeats.
2022-02-02 13:24:06,080 [Listener at 127.0.0.1/38049] INFO  ozone.MiniOzoneClusterImpl (MiniOzoneClusterImpl.java:lambda$waitForClusterToBeReady$0(222)) - Waiting for cluster to exit safe mode
2022-02-02 13:24:06,080 [Listener at 127.0.0.1/38049] INFO  ozone.MiniOzoneClusterImpl (MiniOzoneClusterImpl.java:lambda$waitForClusterToBeReady$0(224)) - SCM became leader
2022-02-02 13:24:06,108 [EndpointStateMachine task thread for /0.0.0.0:36445 - 0 ] INFO  ozoneimpl.OzoneContainer (OzoneContainer.java:start(315)) - Attempting to start container services.
2022-02-02 13:24:06,109 [EndpointStateMachine task thread for /0.0.0.0:36445 - 0 ] INFO  ozoneimpl.OzoneContainer (OzoneContainer.java:startContainerScrub(250)) - Background container scanner has been disabled.
2022-02-02 13:24:06,115 [EndpointStateMachine task thread for /0.0.0.0:36445 - 0 ] INFO  replication.ReplicationServer (ReplicationServer.java:start(111)) - ReplicationServer is started using port 40187
2022-02-02 13:24:06,116 [EndpointStateMachine task thread for /0.0.0.0:36445 - 0 ] INFO  ratis.XceiverServerRatis (XceiverServerRatis.java:start(484)) - Starting XceiverServerRatis 66cdd8a8-985e-41df-9c7f-d4882230ffd1
2022-02-02 13:24:06,123 [EndpointStateMachine task thread for /0.0.0.0:36445 - 0 ] INFO  server.RaftServer (RaftServerProxy.java:lambda$start$5(374)) - 66cdd8a8-985e-41df-9c7f-d4882230ffd1: start RPC server
2022-02-02 13:24:06,128 [EndpointStateMachine task thread for /0.0.0.0:36445 - 0 ] INFO  server.GrpcService (GrpcService.java:startImpl(253)) - 66cdd8a8-985e-41df-9c7f-d4882230ffd1: GrpcService started, listening on 36517
2022-02-02 13:24:06,128 [EndpointStateMachine task thread for /0.0.0.0:36445 - 0 ] INFO  ratis.XceiverServerRatis (XceiverServerRatis.java:getRealPort(505)) - XceiverServerRatis 66cdd8a8-985e-41df-9c7f-d4882230ffd1 is started using port 36517 for RATIS
2022-02-02 13:24:06,129 [EndpointStateMachine task thread for /0.0.0.0:36445 - 0 ] INFO  ratis.XceiverServerRatis (XceiverServerRatis.java:getRealPort(505)) - XceiverServerRatis 66cdd8a8-985e-41df-9c7f-d4882230ffd1 is started using port 36517 for RATIS_ADMIN
2022-02-02 13:24:06,129 [EndpointStateMachine task thread for /0.0.0.0:36445 - 0 ] INFO  ratis.XceiverServerRatis (XceiverServerRatis.java:getRealPort(505)) - XceiverServerRatis 66cdd8a8-985e-41df-9c7f-d4882230ffd1 is started using port 36517 for RATIS_SERVER
2022-02-02 13:24:06,129 [org.apache.ratis.util.JvmPauseMonitor$$Lambda$431/251020702@5d96db55] INFO  util.JvmPauseMonitor (JvmPauseMonitor.java:run(103)) - JvmPauseMonitor-66cdd8a8-985e-41df-9c7f-d4882230ffd1: Started
2022-02-02 13:24:06,131 [EndpointStateMachine task thread for /0.0.0.0:36445 - 0 ] INFO  server.XceiverServerGrpc (XceiverServerGrpc.java:start(180)) - XceiverServerGrpc 66cdd8a8-985e-41df-9c7f-d4882230ffd1 is started using port 35489
2022-02-02 13:24:07,080 [Listener at 127.0.0.1/38049] INFO  ozone.MiniOzoneClusterImpl (MiniOzoneClusterImpl.java:lambda$waitForClusterToBeReady$0(219)) - Waiting for nodes to be ready. Got 0 of 3 DN Heartbeats.
2022-02-02 13:24:07,080 [Listener at 127.0.0.1/38049] INFO  ozone.MiniOzoneClusterImpl (MiniOzoneClusterImpl.java:lambda$waitForClusterToBeReady$0(222)) - Waiting for cluster to exit safe mode
2022-02-02 13:24:07,080 [Listener at 127.0.0.1/38049] INFO  ozone.MiniOzoneClusterImpl (MiniOzoneClusterImpl.java:lambda$waitForClusterToBeReady$0(224)) - SCM became leader
2022-02-02 13:24:07,622 [IPC Server handler 0 on default port 36445] INFO  net.NetworkTopologyImpl (NetworkTopologyImpl.java:add(112)) - Added a new node: /default-rack/1ddc7d50-2cfc-4bb3-877e-a1bd441c4cad
2022-02-02 13:24:07,623 [IPC Server handler 0 on default port 36445] INFO  node.SCMNodeManager (SCMNodeManager.java:register(389)) - Registered Data node : 1ddc7d50-2cfc-4bb3-877e-a1bd441c4cad{ip: 10.1.0.6, host: fv-az294-450.eaanfquahm5ulb5tj050gcxych.jx.internal.cloudapp.net, ports: [REPLICATION=40939, RATIS=39783, RATIS_ADMIN=39783, RATIS_SERVER=39783, STANDALONE=45537], networkLocation: /default-rack, certSerialId: null, persistedOpState: null, persistedOpStateExpiryEpochSec: 0}
2022-02-02 13:24:07,624 [EventQueue-NewNodeForNewNodeHandler] INFO  pipeline.BackgroundPipelineCreator (BackgroundPipelineCreator.java:notifyEventTriggered(285)) - trigger a one-shot run on RatisPipelineUtilsThread.
2022-02-02 13:24:07,624 [RatisPipelineUtilsThread - 0] INFO  pipeline.RatisPipelineProvider (RatisPipelineProvider.java:lambda$create$0(183)) - Sending CreatePipelineCommand for pipeline:PipelineID=7e4a1911-c597-4b27-a421-e13ab9fc1d5e to datanode:1ddc7d50-2cfc-4bb3-877e-a1bd441c4cad
2022-02-02 13:24:07,625 [EventQueue-NodeRegistrationContainerReportForDataNodeSafeModeRule] INFO  safemode.SCMSafeModeManager (DataNodeSafeModeRule.java:process(71)) - SCM in safe mode. 1 DataNodes registered, 3 required.
2022-02-02 13:24:07,630 [EventQueue-NodeRegistrationContainerReportForContainerSafeModeRule] INFO  safemode.SCMSafeModeManager (SCMSafeModeManager.java:validateSafeModeExitRules(204)) - ContainerSafeModeRule rule is successfully validated
2022-02-02 13:24:07,639 [EventQueue-PipelineReportForOneReplicaPipelineSafeModeRule] INFO  safemode.SCMSafeModeManager (SCMSafeModeManager.java:validateSafeModeExitRules(204)) - AtleastOneDatanodeReportedRule rule is successfully validated
2022-02-02 13:24:07,649 [f4afb0d6-26fc-4cb5-93c5-03f1c8944589@group-D97E1DEDACDC-StateMachineUpdater] INFO  pipeline.PipelineStateManagerImpl (PipelineStateManagerImpl.java:addPipeline(101)) - Created pipeline Pipeline[ Id: 7e4a1911-c597-4b27-a421-e13ab9fc1d5e, Nodes: 1ddc7d50-2cfc-4bb3-877e-a1bd441c4cad{ip: 10.1.0.6, host: fv-az294-450.eaanfquahm5ulb5tj050gcxych.jx.internal.cloudapp.net, ports: [REPLICATION=40939, RATIS=39783, RATIS_ADMIN=39783, RATIS_SERVER=39783, STANDALONE=45537], networkLocation: /default-rack, certSerialId: null, persistedOpState: IN_SERVICE, persistedOpStateExpiryEpochSec: 0}, ReplicationConfig: RATIS/ONE, State:ALLOCATED, leaderId:, CreationTimestamp2022-02-02T13:24:07.624Z[Etc/UTC]].
2022-02-02 13:24:07,649 [f4afb0d6-26fc-4cb5-93c5-03f1c8944589@group-D97E1DEDACDC-StateMachineUpdater] INFO  safemode.HealthyPipelineSafeModeRule (HealthyPipelineSafeModeRule.java:initializeRule(152)) - Refreshed total pipeline count is 0, healthy pipeline threshold count is 1
2022-02-02 13:24:07,861 [IPC Server handler 1 on default port 36445] INFO  net.NetworkTopologyImpl (NetworkTopologyImpl.java:add(112)) - Added a new node: /default-rack/c44f0072-f5b5-4f28-a537-04f9bff53e0b
2022-02-02 13:24:07,863 [IPC Server handler 1 on default port 36445] INFO  node.SCMNodeManager (SCMNodeManager.java:register(389)) - Registered Data node : c44f0072-f5b5-4f28-a537-04f9bff53e0b{ip: 10.1.0.6, host: fv-az294-450.eaanfquahm5ulb5tj050gcxych.jx.internal.cloudapp.net, ports: [REPLICATION=40197, RATIS=34445, RATIS_ADMIN=34445, RATIS_SERVER=34445, STANDALONE=38561], networkLocation: /default-rack, certSerialId: null, persistedOpState: null, persistedOpStateExpiryEpochSec: 0}
2022-02-02 13:24:07,863 [EventQueue-NewNodeForNewNodeHandler] INFO  pipeline.BackgroundPipelineCreator (BackgroundPipelineCreator.java:notifyEventTriggered(285)) - trigger a one-shot run on RatisPipelineUtilsThread.
2022-02-02 13:24:07,864 [EventQueue-NodeRegistrationContainerReportForDataNodeSafeModeRule] INFO  safemode.SCMSafeModeManager (DataNodeSafeModeRule.java:process(71)) - SCM in safe mode. 2 DataNodes registered, 3 required.
2022-02-02 13:24:07,867 [RatisPipelineUtilsThread - 0] INFO  pipeline.RatisPipelineProvider (RatisPipelineProvider.java:lambda$create$0(183)) - Sending CreatePipelineCommand for pipeline:PipelineID=022d4ce1-a7ea-49e8-81f6-3e58def7127d to datanode:c44f0072-f5b5-4f28-a537-04f9bff53e0b
2022-02-02 13:24:07,873 [f4afb0d6-26fc-4cb5-93c5-03f1c8944589@group-D97E1DEDACDC-StateMachineUpdater] INFO  pipeline.PipelineStateManagerImpl (PipelineStateManagerImpl.java:addPipeline(101)) - Created pipeline Pipeline[ Id: 022d4ce1-a7ea-49e8-81f6-3e58def7127d, Nodes: c44f0072-f5b5-4f28-a537-04f9bff53e0b{ip: 10.1.0.6, host: fv-az294-450.eaanfquahm5ulb5tj050gcxych.jx.internal.cloudapp.net, ports: [REPLICATION=40197, RATIS=34445, RATIS_ADMIN=34445, RATIS_SERVER=34445, STANDALONE=38561], networkLocation: /default-rack, certSerialId: null, persistedOpState: IN_SERVICE, persistedOpStateExpiryEpochSec: 0}, ReplicationConfig: RATIS/ONE, State:ALLOCATED, leaderId:, CreationTimestamp2022-02-02T13:24:07.867Z[Etc/UTC]].
2022-02-02 13:24:07,873 [f4afb0d6-26fc-4cb5-93c5-03f1c8944589@group-D97E1DEDACDC-StateMachineUpdater] INFO  safemode.HealthyPipelineSafeModeRule (HealthyPipelineSafeModeRule.java:initializeRule(152)) - Refreshed total pipeline count is 0, healthy pipeline threshold count is 1
2022-02-02 13:24:08,081 [Listener at 127.0.0.1/38049] INFO  ozone.MiniOzoneClusterImpl (MiniOzoneClusterImpl.java:lambda$waitForClusterToBeReady$0(219)) - Waiting for nodes to be ready. Got 2 of 3 DN Heartbeats.
2022-02-02 13:24:08,082 [Listener at 127.0.0.1/38049] INFO  ozone.MiniOzoneClusterImpl (MiniOzoneClusterImpl.java:lambda$waitForClusterToBeReady$0(222)) - Waiting for cluster to exit safe mode
2022-02-02 13:24:08,082 [Listener at 127.0.0.1/38049] INFO  ozone.MiniOzoneClusterImpl (MiniOzoneClusterImpl.java:lambda$waitForClusterToBeReady$0(224)) - SCM became leader
2022-02-02 13:24:08,104 [IPC Server handler 2 on default port 36445] INFO  net.NetworkTopologyImpl (NetworkTopologyImpl.java:add(112)) - Added a new node: /default-rack/66cdd8a8-985e-41df-9c7f-d4882230ffd1
2022-02-02 13:24:08,105 [IPC Server handler 2 on default port 36445] INFO  node.SCMNodeManager (SCMNodeManager.java:register(389)) - Registered Data node : 66cdd8a8-985e-41df-9c7f-d4882230ffd1{ip: 10.1.0.6, host: fv-az294-450.eaanfquahm5ulb5tj050gcxych.jx.internal.cloudapp.net, ports: [REPLICATION=40187, RATIS=36517, RATIS_ADMIN=36517, RATIS_SERVER=36517, STANDALONE=35489], networkLocation: /default-rack, certSerialId: null, persistedOpState: null, persistedOpStateExpiryEpochSec: 0}
2022-02-02 13:24:08,105 [EventQueue-NewNodeForNewNodeHandler] INFO  pipeline.BackgroundPipelineCreator (BackgroundPipelineCreator.java:notifyEventTriggered(285)) - trigger a one-shot run on RatisPipelineUtilsThread.
2022-02-02 13:24:08,107 [RatisPipelineUtilsThread - 0] INFO  pipeline.RatisPipelineProvider (RatisPipelineProvider.java:lambda$create$0(183)) - Sending CreatePipelineCommand for pipeline:PipelineID=f811164b-1a15-4862-9449-2f23ea96a789 to datanode:66cdd8a8-985e-41df-9c7f-d4882230ffd1
2022-02-02 13:24:08,108 [EventQueue-NodeRegistrationContainerReportForDataNodeSafeModeRule] INFO  safemode.SCMSafeModeManager (DataNodeSafeModeRule.java:process(71)) - SCM in safe mode. 3 DataNodes registered, 3 required.
2022-02-02 13:24:08,108 [EventQueue-NodeRegistrationContainerReportForDataNodeSafeModeRule] INFO  safemode.SCMSafeModeManager (SCMSafeModeManager.java:validateSafeModeExitRules(204)) - DataNodeSafeModeRule rule is successfully validated
2022-02-02 13:24:08,108 [EventQueue-NodeRegistrationContainerReportForDataNodeSafeModeRule] INFO  safemode.SCMSafeModeManager (SCMSafeModeManager.java:completePreCheck(233)) - All SCM safe mode pre check rules have passed
2022-02-02 13:24:08,108 [EventQueue-NodeRegistrationContainerReportForDataNodeSafeModeRule] WARN  events.EventQueue (EventQueue.java:fireEvent(194)) - No event handler registered for event TypedEvent{payloadType=SafeModeStatus, name='Safe mode status'}
2022-02-02 13:24:08,108 [EventQueue-NodeRegistrationContainerReportForDataNodeSafeModeRule] INFO  ha.SCMContext (SCMContext.java:updateSafeModeStatus(211)) - Update SafeModeStatus from SafeModeStatus{safeModeStatus=true, preCheckPassed=false} to SafeModeStatus{safeModeStatus=true, preCheckPassed=true}.
2022-02-02 13:24:08,108 [EventQueue-NodeRegistrationContainerReportForDataNodeSafeModeRule] INFO  pipeline.BackgroundPipelineCreator (BackgroundPipelineCreator.java:notifyEventTriggered(285)) - trigger a one-shot run on RatisPipelineUtilsThread.
2022-02-02 13:24:08,111 [f4afb0d6-26fc-4cb5-93c5-03f1c8944589@group-D97E1DEDACDC-StateMachineUpdater] INFO  pipeline.PipelineStateManagerImpl (PipelineStateManagerImpl.java:addPipeline(101)) - Created pipeline Pipeline[ Id: f811164b-1a15-4862-9449-2f23ea96a789, Nodes: 66cdd8a8-985e-41df-9c7f-d4882230ffd1{ip: 10.1.0.6, host: fv-az294-450.eaanfquahm5ulb5tj050gcxych.jx.internal.cloudapp.net, ports: [REPLICATION=40187, RATIS=36517, RATIS_ADMIN=36517, RATIS_SERVER=36517, STANDALONE=35489], networkLocation: /default-rack, certSerialId: null, persistedOpState: IN_SERVICE, persistedOpStateExpiryEpochSec: 0}, ReplicationConfig: RATIS/ONE, State:ALLOCATED, leaderId:, CreationTimestamp2022-02-02T13:24:08.107Z[Etc/UTC]].
2022-02-02 13:24:08,111 [f4afb0d6-26fc-4cb5-93c5-03f1c8944589@group-D97E1DEDACDC-StateMachineUpdater] INFO  safemode.HealthyPipelineSafeModeRule (HealthyPipelineSafeModeRule.java:initializeRule(152)) - Refreshed total pipeline count is 0, healthy pipeline threshold count is 1
2022-02-02 13:24:08,115 [RatisPipelineUtilsThread - 0] INFO  pipeline.RatisPipelineProvider (RatisPipelineProvider.java:lambda$create$0(183)) - Sending CreatePipelineCommand for pipeline:PipelineID=d92e7f27-f794-44e9-bb20-43ecd93931e6 to datanode:1ddc7d50-2cfc-4bb3-877e-a1bd441c4cad
2022-02-02 13:24:08,118 [RatisPipelineUtilsThread - 0] INFO  pipeline.RatisPipelineProvider (RatisPipelineProvider.java:lambda$create$0(183)) - Sending CreatePipelineCommand for pipeline:PipelineID=d92e7f27-f794-44e9-bb20-43ecd93931e6 to datanode:66cdd8a8-985e-41df-9c7f-d4882230ffd1
2022-02-02 13:24:08,118 [RatisPipelineUtilsThread - 0] INFO  pipeline.RatisPipelineProvider (RatisPipelineProvider.java:lambda$create$0(183)) - Sending CreatePipelineCommand for pipeline:PipelineID=d92e7f27-f794-44e9-bb20-43ecd93931e6 to datanode:c44f0072-f5b5-4f28-a537-04f9bff53e0b
2022-02-02 13:24:08,123 [f4afb0d6-26fc-4cb5-93c5-03f1c8944589@group-D97E1DEDACDC-StateMachineUpdater] INFO  pipeline.PipelineStateManagerImpl (PipelineStateManagerImpl.java:addPipeline(101)) - Created pipeline Pipeline[ Id: d92e7f27-f794-44e9-bb20-43ecd93931e6, Nodes: 1ddc7d50-2cfc-4bb3-877e-a1bd441c4cad{ip: 10.1.0.6, host: fv-az294-450.eaanfquahm5ulb5tj050gcxych.jx.internal.cloudapp.net, ports: [REPLICATION=40939, RATIS=39783, RATIS_ADMIN=39783, RATIS_SERVER=39783, STANDALONE=45537], networkLocation: /default-rack, certSerialId: null, persistedOpState: IN_SERVICE, persistedOpStateExpiryEpochSec: 0}66cdd8a8-985e-41df-9c7f-d4882230ffd1{ip: 10.1.0.6, host: fv-az294-450.eaanfquahm5ulb5tj050gcxych.jx.internal.cloudapp.net, ports: [REPLICATION=40187, RATIS=36517, RATIS_ADMIN=36517, RATIS_SERVER=36517, STANDALONE=35489], networkLocation: /default-rack, certSerialId: null, persistedOpState: IN_SERVICE, persistedOpStateExpiryEpochSec: 0}c44f0072-f5b5-4f28-a537-04f9bff53e0b{ip: 10.1.0.6, host: fv-az294-450.eaanfquahm5ulb5tj050gcxych.jx.internal.cloudapp.net, ports: [REPLICATION=40197, RATIS=34445, RATIS_ADMIN=34445, RATIS_SERVER=34445, STANDALONE=38561], networkLocation: /default-rack, certSerialId: null, persistedOpState: IN_SERVICE, persistedOpStateExpiryEpochSec: 0}, ReplicationConfig: RATIS/THREE, State:ALLOCATED, leaderId:, CreationTimestamp2022-02-02T13:24:08.115Z[Etc/UTC]].
2022-02-02 13:24:08,123 [f4afb0d6-26fc-4cb5-93c5-03f1c8944589@group-D97E1DEDACDC-StateMachineUpdater] INFO  safemode.HealthyPipelineSafeModeRule (HealthyPipelineSafeModeRule.java:initializeRule(152)) - Refreshed total pipeline count is 0, healthy pipeline threshold count is 1
2022-02-02 13:24:09,082 [Listener at 127.0.0.1/38049] INFO  ozone.MiniOzoneClusterImpl (MiniOzoneClusterImpl.java:lambda$waitForClusterToBeReady$0(219)) - Nodes are ready. Got 3 of 3 DN Heartbeats.
2022-02-02 13:24:09,083 [Listener at 127.0.0.1/38049] INFO  ozone.MiniOzoneClusterImpl (MiniOzoneClusterImpl.java:lambda$waitForClusterToBeReady$0(222)) - Waiting for cluster to exit safe mode
2022-02-02 13:24:09,083 [Listener at 127.0.0.1/38049] INFO  ozone.MiniOzoneClusterImpl (MiniOzoneClusterImpl.java:lambda$waitForClusterToBeReady$0(224)) - SCM became leader
2022-02-02 13:24:10,083 [Listener at 127.0.0.1/38049] INFO  ozone.MiniOzoneClusterImpl (MiniOzoneClusterImpl.java:lambda$waitForClusterToBeReady$0(219)) - Nodes are ready. Got 3 of 3 DN Heartbeats.
2022-02-02 13:24:10,084 [Listener at 127.0.0.1/38049] INFO  ozone.MiniOzoneClusterImpl (MiniOzoneClusterImpl.java:lambda$waitForClusterToBeReady$0(222)) - Waiting for cluster to exit safe mode
2022-02-02 13:24:10,084 [Listener at 127.0.0.1/38049] INFO  ozone.MiniOzoneClusterImpl (MiniOzoneClusterImpl.java:lambda$waitForClusterToBeReady$0(224)) - SCM became leader
2022-02-02 13:24:10,624 [Command processor thread] INFO  server.RaftServer (RaftServerProxy.java:addNew(95)) - 1ddc7d50-2cfc-4bb3-877e-a1bd441c4cad: addNew group-E13AB9FC1D5E:[1ddc7d50-2cfc-4bb3-877e-a1bd441c4cad|rpc:10.1.0.6:39783|priority:1] returns group-E13AB9FC1D5E:java.util.concurrent.CompletableFuture@25f01a6f[Not completed]
2022-02-02 13:24:10,635 [pool-130-thread-1] INFO  server.RaftServer$Division (RaftServerImpl.java:<init>(184)) - 1ddc7d50-2cfc-4bb3-877e-a1bd441c4cad: new RaftServerImpl for group-E13AB9FC1D5E:[1ddc7d50-2cfc-4bb3-877e-a1bd441c4cad|rpc:10.1.0.6:39783|priority:1] with ContainerStateMachine:uninitialized
2022-02-02 13:24:10,637 [pool-130-thread-1] INFO  server.RaftServerConfigKeys (ConfUtils.java:logGet(44)) - raft.server.rpc.timeout.min = 5s (custom)
2022-02-02 13:24:10,637 [pool-130-thread-1] INFO  server.RaftServerConfigKeys (ConfUtils.java:logGet(44)) - raft.server.rpc.timeout.max = 5200ms (custom)
2022-02-02 13:24:10,637 [pool-130-thread-1] INFO  server.RaftServerConfigKeys (ConfUtils.java:logGet(44)) - raft.server.rpc.sleep.time = 25ms (default)
2022-02-02 13:24:10,638 [pool-130-thread-1] INFO  server.RaftServerConfigKeys (ConfUtils.java:logGet(44)) - raft.server.rpc.slowness.timeout = 300s (custom)
2022-02-02 13:24:10,638 [pool-130-thread-1] INFO  server.RaftServerConfigKeys (ConfUtils.java:logGet(44)) - raft.server.leaderelection.leader.step-down.wait-time = 10s (default)
2022-02-02 13:24:10,638 [pool-130-thread-1] INFO  server.RaftServerConfigKeys (ConfUtils.java:logGet(44)) - raft.server.sleep.deviation.threshold = 300ms (default)
2022-02-02 13:24:10,639 [pool-130-thread-1] INFO  server.RaftServerConfigKeys (ConfUtils.java:logGet(44)) - raft.server.log.appender.install.snapshot.enabled = false (custom)
2022-02-02 13:24:10,639 [pool-130-thread-1] INFO  server.RaftServer$Division (ServerState.java:<init>(105)) - 1ddc7d50-2cfc-4bb3-877e-a1bd441c4cad@group-E13AB9FC1D5E: ConfigurationManager, init=-1: [1ddc7d50-2cfc-4bb3-877e-a1bd441c4cad|rpc:10.1.0.6:39783|priority:1], old=null, confs=<EMPTY_MAP>
2022-02-02 13:24:10,640 [pool-130-thread-1] INFO  server.RaftServerConfigKeys (ConfUtils.java:logGet(44)) - raft.server.storage.dir = [/home/runner/work/ozone/ozone/hadoop-ozone/integration-test/target/test-dir/MiniOzoneClusterImpl-eba4dfdc-c168-4ed6-b46b-d97e1dedacdc/datanode-0/data/ratis] (custom)
2022-02-02 13:24:10,640 [pool-130-thread-1] INFO  server.RaftServerConfigKeys (ConfUtils.java:logGet(44)) - raft.server.log.corruption.policy = EXCEPTION (default)
2022-02-02 13:24:10,640 [pool-130-thread-1] INFO  server.RaftServerConfigKeys (ConfUtils.java:logGet(44)) - raft.server.storage.free-space.min = 0MB (=0) (default)
2022-02-02 13:24:10,640 [pool-130-thread-1] INFO  storage.RaftStorageDirectory (RaftStorageDirectoryImpl.java:analyzeStorage(135)) - The storage directory /home/runner/work/ozone/ozone/hadoop-ozone/integration-test/target/test-dir/MiniOzoneClusterImpl-eba4dfdc-c168-4ed6-b46b-d97e1dedacdc/datanode-0/data/ratis/7e4a1911-c597-4b27-a421-e13ab9fc1d5e does not exist. Creating ...
2022-02-02 13:24:10,641 [pool-130-thread-1] INFO  storage.RaftStorageDirectory (RaftStorageDirectoryImpl.java:tryLock(230)) - Lock on /home/runner/work/ozone/ozone/hadoop-ozone/integration-test/target/test-dir/MiniOzoneClusterImpl-eba4dfdc-c168-4ed6-b46b-d97e1dedacdc/datanode-0/data/ratis/7e4a1911-c597-4b27-a421-e13ab9fc1d5e/in_use.lock acquired by nodename 23947@fv-az294-450
2022-02-02 13:24:10,643 [pool-130-thread-1] INFO  storage.RaftStorage (RaftStorageImpl.java:format(89)) - Storage directory /home/runner/work/ozone/ozone/hadoop-ozone/integration-test/target/test-dir/MiniOzoneClusterImpl-eba4dfdc-c168-4ed6-b46b-d97e1dedacdc/datanode-0/data/ratis/7e4a1911-c597-4b27-a421-e13ab9fc1d5e has been successfully formatted.
2022-02-02 13:24:10,647 [pool-130-thread-1] INFO  ratis.ContainerStateMachine (ContainerStateMachine.java:loadSnapshot(231)) - group-E13AB9FC1D5E: The snapshot info is null. Setting the last applied indexto:(t:0, i:~)
2022-02-02 13:24:10,647 [pool-130-thread-1] INFO  server.RaftServerConfigKeys (ConfUtils.java:logGet(44)) - raft.server.notification.no-leader.timeout = 300s (custom)
2022-02-02 13:24:10,647 [pool-130-thread-1] INFO  server.RaftServerConfigKeys (ConfUtils.java:logGet(44)) - raft.server.log.use.memory = false (default)
2022-02-02 13:24:10,647 [pool-130-thread-1] INFO  server.RaftServerConfigKeys (ConfUtils.java:logGet(44)) - raft.server.log.purge.gap = 1000000 (custom)
2022-02-02 13:24:10,648 [pool-130-thread-1] INFO  server.RaftServerConfigKeys (ConfUtils.java:logGet(44)) - raft.server.log.appender.buffer.byte-limit = 33554432 (custom)
2022-02-02 13:24:10,648 [pool-130-thread-1] INFO  server.RaftServerConfigKeys (ConfUtils.java:logGet(44)) - raft.server.log.segment.size.max = 1048576 (custom)
2022-02-02 13:24:10,656 [pool-130-thread-1] INFO  server.RaftServerConfigKeys (ConfUtils.java:logGet(44)) - raft.server.log.segment.cache.num.max = 2 (custom)
2022-02-02 13:24:10,656 [pool-130-thread-1] INFO  server.RaftServerConfigKeys (ConfUtils.java:logGet(44)) - raft.server.log.segment.cache.size.max = 200MB (=209715200) (default)
2022-02-02 13:24:10,656 [pool-130-thread-1] INFO  segmented.SegmentedRaftLogWorker (SegmentedRaftLogWorker.java:<init>(182)) - new 1ddc7d50-2cfc-4bb3-877e-a1bd441c4cad@group-E13AB9FC1D5E-SegmentedRaftLogWorker for RaftStorageImpl:Storage Directory /home/runner/work/ozone/ozone/hadoop-ozone/integration-test/target/test-dir/MiniOzoneClusterImpl-eba4dfdc-c168-4ed6-b46b-d97e1dedacdc/datanode-0/data/ratis/7e4a1911-c597-4b27-a421-e13ab9fc1d5e
2022-02-02 13:24:10,656 [pool-130-thread-1] INFO  server.RaftServerConfigKeys (ConfUtils.java:logGet(44)) - raft.server.log.queue.byte-limit = 2147483647 (custom)
2022-02-02 13:24:10,656 [pool-130-thread-1] INFO  server.RaftServerConfigKeys (ConfUtils.java:logGet(44)) - raft.server.log.queue.element-limit = 1024 (custom)
2022-02-02 13:24:10,656 [pool-130-thread-1] INFO  server.RaftServerConfigKeys (ConfUtils.java:logGet(44)) - raft.server.log.segment.size.max = 1048576 (custom)
2022-02-02 13:24:10,656 [pool-130-thread-1] INFO  server.RaftServerConfigKeys (ConfUtils.java:logGet(44)) - raft.server.log.preallocated.size = 16384 (custom)
2022-02-02 13:24:10,656 [pool-130-thread-1] INFO  server.RaftServerConfigKeys (ConfUtils.java:logGet(44)) - raft.server.log.force.sync.num = 128 (default)
2022-02-02 13:24:10,657 [pool-130-thread-1] INFO  server.RaftServerConfigKeys (ConfUtils.java:logGet(44)) - raft.server.log.statemachine.data.sync = true (default)
2022-02-02 13:24:10,657 [pool-130-thread-1] INFO  server.RaftServerConfigKeys (ConfUtils.java:logGet(44)) - raft.server.log.statemachine.data.sync.timeout = 10s (default)
2022-02-02 13:24:10,659 [pool-130-thread-1] INFO  server.RaftServerConfigKeys (ConfUtils.java:logGet(44)) - raft.server.log.statemachine.data.sync.timeout.retry = -1 (default)
2022-02-02 13:24:10,661 [pool-130-thread-1] INFO  server.RaftServerConfigKeys (ConfUtils.java:logGet(44)) - raft.server.log.write.buffer.size = 1048576 (custom)
2022-02-02 13:24:10,662 [pool-130-thread-1] INFO  server.RaftServerConfigKeys (ConfUtils.java:logGet(44)) - raft.server.log.statemachine.data.caching.enabled = true (custom)
2022-02-02 13:24:10,664 [pool-130-thread-1] INFO  segmented.SegmentedRaftLogWorker (SegmentedRaftLogWorker.java:lambda$new$0(133)) - 1ddc7d50-2cfc-4bb3-877e-a1bd441c4cad@group-E13AB9FC1D5E-SegmentedRaftLogWorker: flushIndex: setUnconditionally 0 -> -1
2022-02-02 13:24:10,665 [EventQueue-PipelineReportForPipelineReportHandler] INFO  pipeline.PipelineManagerImpl (PipelineManagerImpl.java:openPipeline(291)) - Pipeline Pipeline[ Id: 7e4a1911-c597-4b27-a421-e13ab9fc1d5e, Nodes: 1ddc7d50-2cfc-4bb3-877e-a1bd441c4cad{ip: 10.1.0.6, host: fv-az294-450.eaanfquahm5ulb5tj050gcxych.jx.internal.cloudapp.net, ports: [REPLICATION=40939, RATIS=39783, RATIS_ADMIN=39783, RATIS_SERVER=39783, STANDALONE=45537], networkLocation: /default-rack, certSerialId: null, persistedOpState: IN_SERVICE, persistedOpStateExpiryEpochSec: 0}, ReplicationConfig: RATIS/ONE, State:ALLOCATED, leaderId:1ddc7d50-2cfc-4bb3-877e-a1bd441c4cad, CreationTimestamp2022-02-02T13:24:07.624Z[Etc/UTC]] moved to OPEN state
2022-02-02 13:24:10,672 [pool-130-thread-1] INFO  segmented.SegmentedRaftLogWorker (SegmentedRaftLogWorker.java:lambda$new$0(133)) - 1ddc7d50-2cfc-4bb3-877e-a1bd441c4cad@group-E13AB9FC1D5E-SegmentedRaftLogWorker: safeCacheEvictIndex: setUnconditionally 0 -> -1
2022-02-02 13:24:10,674 [f4afb0d6-26fc-4cb5-93c5-03f1c8944589@group-D97E1DEDACDC-StateMachineUpdater] INFO  safemode.HealthyPipelineSafeModeRule (HealthyPipelineSafeModeRule.java:initializeRule(152)) - Refreshed total pipeline count is 0, healthy pipeline threshold count is 1
2022-02-02 13:24:10,690 [pool-130-thread-1] INFO  server.RaftServerConfigKeys (ConfUtils.java:logGet(44)) - raft.server.snapshot.auto.trigger.enabled = true (custom)
2022-02-02 13:24:10,691 [pool-130-thread-1] INFO  server.RaftServerConfigKeys (ConfUtils.java:logGet(44)) - raft.server.snapshot.auto.trigger.threshold = 10000 (custom)
2022-02-02 13:24:10,691 [pool-130-thread-1] INFO  server.RaftServerConfigKeys (ConfUtils.java:logGet(44)) - raft.server.snapshot.retention.file.num = 5 (custom)
2022-02-02 13:24:10,691 [pool-130-thread-1] INFO  server.RaftServerConfigKeys (ConfUtils.java:logGet(44)) - raft.server.log.purge.upto.snapshot.index = false (default)
2022-02-02 13:24:10,691 [pool-130-thread-1] INFO  server.RaftServerConfigKeys (ConfUtils.java:logGet(44)) - raft.server.retrycache.expirytime = 600000ms (custom)
2022-02-02 13:24:10,691 [pool-130-thread-1] INFO  server.RaftServerConfigKeys (ConfUtils.java:logGet(44)) - raft.server.retrycache.statistics.expirytime = 100μs (default)
2022-02-02 13:24:10,692 [pool-130-thread-1] INFO  server.RaftServer$Division (RaftServerImpl.java:start(301)) - 1ddc7d50-2cfc-4bb3-877e-a1bd441c4cad@group-E13AB9FC1D5E: start as a follower, conf=-1: [1ddc7d50-2cfc-4bb3-877e-a1bd441c4cad|rpc:10.1.0.6:39783|priority:1], old=null
2022-02-02 13:24:10,692 [pool-130-thread-1] INFO  server.RaftServer$Division (RaftServerImpl.java:setRole(290)) - 1ddc7d50-2cfc-4bb3-877e-a1bd441c4cad@group-E13AB9FC1D5E: changes role from      null to FOLLOWER at term 0 for startAsFollower
2022-02-02 13:24:10,692 [pool-130-thread-1] INFO  impl.RoleInfo (RoleInfo.java:updateAndGet(130)) - 1ddc7d50-2cfc-4bb3-877e-a1bd441c4cad: start 1ddc7d50-2cfc-4bb3-877e-a1bd441c4cad@group-E13AB9FC1D5E-FollowerState
2022-02-02 13:24:10,698 [pool-130-thread-1] INFO  util.JmxRegister (JmxRegister.java:tryRegister(44)) - Successfully registered JMX Bean with object name Ratis:service=RaftServer,group=group-E13AB9FC1D5E,id=1ddc7d50-2cfc-4bb3-877e-a1bd441c4cad
2022-02-02 13:24:10,703 [Command processor thread] INFO  ratis.XceiverServerRatis (XceiverServerRatis.java:addGroup(768)) - Created group PipelineID=7e4a1911-c597-4b27-a421-e13ab9fc1d5e
2022-02-02 13:24:10,705 [Command processor thread] INFO  commandhandler.CreatePipelineCommandHandler (CreatePipelineCommandHandler.java:handle(106)) - Created Pipeline RATIS ONE PipelineID=7e4a1911-c597-4b27-a421-e13ab9fc1d5e.
2022-02-02 13:24:10,705 [Command processor thread] INFO  server.RaftServer (RaftServerProxy.java:addNew(95)) - 1ddc7d50-2cfc-4bb3-877e-a1bd441c4cad: addNew group-43ECD93931E6:[66cdd8a8-985e-41df-9c7f-d4882230ffd1|rpc:10.1.0.6:36517|priority:0, c44f0072-f5b5-4f28-a537-04f9bff53e0b|rpc:10.1.0.6:34445|priority:1, 1ddc7d50-2cfc-4bb3-877e-a1bd441c4cad|rpc:10.1.0.6:39783|priority:0] returns group-43ECD93931E6:java.util.concurrent.CompletableFuture@37f89b00[Not completed]
2022-02-02 13:24:10,706 [pool-130-thread-1] INFO  server.RaftServer$Division (RaftServerImpl.java:<init>(184)) - 1ddc7d50-2cfc-4bb3-877e-a1bd441c4cad: new RaftServerImpl for group-43ECD93931E6:[66cdd8a8-985e-41df-9c7f-d4882230ffd1|rpc:10.1.0.6:36517|priority:0, c44f0072-f5b5-4f28-a537-04f9bff53e0b|rpc:10.1.0.6:34445|priority:1, 1ddc7d50-2cfc-4bb3-877e-a1bd441c4cad|rpc:10.1.0.6:39783|priority:0] with ContainerStateMachine:uninitialized
2022-02-02 13:24:10,706 [pool-130-thread-1] INFO  server.RaftServerConfigKeys (ConfUtils.java:logGet(44)) - raft.server.rpc.timeout.min = 5s (custom)
2022-02-02 13:24:10,706 [pool-130-thread-1] INFO  server.RaftServerConfigKeys (ConfUtils.java:logGet(44)) - raft.server.rpc.timeout.max = 5200ms (custom)
2022-02-02 13:24:10,706 [pool-130-thread-1] INFO  server.RaftServerConfigKeys (ConfUtils.java:logGet(44)) - raft.server.rpc.sleep.time = 25ms (default)
2022-02-02 13:24:10,706 [pool-130-thread-1] INFO  server.RaftServerConfigKeys (ConfUtils.java:logGet(44)) - raft.server.rpc.slowness.timeout = 300s (custom)
2022-02-02 13:24:10,706 [pool-130-thread-1] INFO  server.RaftServerConfigKeys (ConfUtils.java:logGet(44)) - raft.server.leaderelection.leader.step-down.wait-time = 10s (default)
2022-02-02 13:24:10,706 [pool-130-thread-1] INFO  server.RaftServerConfigKeys (ConfUtils.java:logGet(44)) - raft.server.sleep.deviation.threshold = 300ms (default)
2022-02-02 13:24:10,706 [pool-130-thread-1] INFO  server.RaftServerConfigKeys (ConfUtils.java:logGet(44)) - raft.server.log.appender.install.snapshot.enabled = false (custom)
2022-02-02 13:24:10,707 [pool-130-thread-1] INFO  server.RaftServer$Division (ServerState.java:<init>(105)) - 1ddc7d50-2cfc-4bb3-877e-a1bd441c4cad@group-43ECD93931E6: ConfigurationManager, init=-1: [66cdd8a8-985e-41df-9c7f-d4882230ffd1|rpc:10.1.0.6:36517|priority:0, c44f0072-f5b5-4f28-a537-04f9bff53e0b|rpc:10.1.0.6:34445|priority:1, 1ddc7d50-2cfc-4bb3-877e-a1bd441c4cad|rpc:10.1.0.6:39783|priority:0], old=null, confs=<EMPTY_MAP>
2022-02-02 13:24:10,707 [pool-130-thread-1] INFO  server.RaftServerConfigKeys (ConfUtils.java:logGet(44)) - raft.server.storage.dir = [/home/runner/work/ozone/ozone/hadoop-ozone/integration-test/target/test-dir/MiniOzoneClusterImpl-eba4dfdc-c168-4ed6-b46b-d97e1dedacdc/datanode-0/data/ratis] (custom)
2022-02-02 13:24:10,707 [pool-130-thread-1] INFO  server.RaftServerConfigKeys (ConfUtils.java:logGet(44)) - raft.server.log.corruption.policy = EXCEPTION (default)
2022-02-02 13:24:10,707 [pool-130-thread-1] INFO  server.RaftServerConfigKeys (ConfUtils.java:logGet(44)) - raft.server.storage.free-space.min = 0MB (=0) (default)
2022-02-02 13:24:10,707 [pool-130-thread-1] INFO  storage.RaftStorageDirectory (RaftStorageDirectoryImpl.java:analyzeStorage(135)) - The storage directory /home/runner/work/ozone/ozone/hadoop-ozone/integration-test/target/test-dir/MiniOzoneClusterImpl-eba4dfdc-c168-4ed6-b46b-d97e1dedacdc/datanode-0/data/ratis/d92e7f27-f794-44e9-bb20-43ecd93931e6 does not exist. Creating ...
2022-02-02 13:24:10,710 [pool-130-thread-1] INFO  storage.RaftStorageDirectory (RaftStorageDirectoryImpl.java:tryLock(230)) - Lock on /home/runner/work/ozone/ozone/hadoop-ozone/integration-test/target/test-dir/MiniOzoneClusterImpl-eba4dfdc-c168-4ed6-b46b-d97e1dedacdc/datanode-0/data/ratis/d92e7f27-f794-44e9-bb20-43ecd93931e6/in_use.lock acquired by nodename 23947@fv-az294-450
2022-02-02 13:24:10,711 [EventQueue-OpenPipelineForHealthyPipelineSafeModeRule] INFO  safemode.SCMSafeModeManager (HealthyPipelineSafeModeRule.java:process(124)) - SCM in safe mode. Healthy pipelines reported count is 0, required healthy pipeline reported count is 1
2022-02-02 13:24:10,712 [pool-130-thread-1] INFO  storage.RaftStorage (RaftStorageImpl.java:format(89)) - Storage directory /home/runner/work/ozone/ozone/hadoop-ozone/integration-test/target/test-dir/MiniOzoneClusterImpl-eba4dfdc-c168-4ed6-b46b-d97e1dedacdc/datanode-0/data/ratis/d92e7f27-f794-44e9-bb20-43ecd93931e6 has been successfully formatted.
2022-02-02 13:24:10,712 [pool-130-thread-1] INFO  ratis.ContainerStateMachine (ContainerStateMachine.java:loadSnapshot(231)) - group-43ECD93931E6: The snapshot info is null. Setting the last applied indexto:(t:0, i:~)
2022-02-02 13:24:10,712 [pool-130-thread-1] INFO  server.RaftServerConfigKeys (ConfUtils.java:logGet(44)) - raft.server.notification.no-leader.timeout = 300s (custom)
2022-02-02 13:24:10,712 [pool-130-thread-1] INFO  server.RaftServerConfigKeys (ConfUtils.java:logGet(44)) - raft.server.log.use.memory = false (default)
2022-02-02 13:24:10,712 [pool-130-thread-1] INFO  server.RaftServerConfigKeys (ConfUtils.java:logGet(44)) - raft.server.log.purge.gap = 1000000 (custom)
2022-02-02 13:24:10,712 [pool-130-thread-1] INFO  server.RaftServerConfigKeys (ConfUtils.java:logGet(44)) - raft.server.log.appender.buffer.byte-limit = 33554432 (custom)
2022-02-02 13:24:10,713 [pool-130-thread-1] INFO  server.RaftServerConfigKeys (ConfUtils.java:logGet(44)) - raft.server.log.segment.size.max = 1048576 (custom)
2022-02-02 13:24:10,714 [pool-130-thread-1] INFO  server.RaftServerConfigKeys (ConfUtils.java:logGet(44)) - raft.server.log.segment.cache.num.max = 2 (custom)
2022-02-02 13:24:10,714 [pool-130-thread-1] INFO  server.RaftServerConfigKeys (ConfUtils.java:logGet(44)) - raft.server.log.segment.cache.size.max = 200MB (=209715200) (default)
2022-02-02 13:24:10,714 [pool-130-thread-1] INFO  segmented.SegmentedRaftLogWorker (SegmentedRaftLogWorker.java:<init>(182)) - new 1ddc7d50-2cfc-4bb3-877e-a1bd441c4cad@group-43ECD93931E6-SegmentedRaftLogWorker for RaftStorageImpl:Storage Directory /home/runner/work/ozone/ozone/hadoop-ozone/integration-test/target/test-dir/MiniOzoneClusterImpl-eba4dfdc-c168-4ed6-b46b-d97e1dedacdc/datanode-0/data/ratis/d92e7f27-f794-44e9-bb20-43ecd93931e6
2022-02-02 13:24:10,715 [pool-130-thread-1] INFO  server.RaftServerConfigKeys (ConfUtils.java:logGet(44)) - raft.server.log.queue.byte-limit = 2147483647 (custom)
2022-02-02 13:24:10,715 [pool-130-thread-1] INFO  server.RaftServerConfigKeys (ConfUtils.java:logGet(44)) - raft.server.log.queue.element-limit = 1024 (custom)
2022-02-02 13:24:10,715 [pool-130-thread-1] INFO  server.RaftServerConfigKeys (ConfUtils.java:logGet(44)) - raft.server.log.segment.size.max = 1048576 (custom)
2022-02-02 13:24:10,715 [pool-130-thread-1] INFO  server.RaftServerConfigKeys (ConfUtils.java:logGet(44)) - raft.server.log.preallocated.size = 16384 (custom)
2022-02-02 13:24:10,715 [pool-130-thread-1] INFO  server.RaftServerConfigKeys (ConfUtils.java:logGet(44)) - raft.server.log.force.sync.num = 128 (default)
2022-02-02 13:24:10,715 [pool-130-thread-1] INFO  server.RaftServerConfigKeys (ConfUtils.java:logGet(44)) - raft.server.log.statemachine.data.sync = true (default)
2022-02-02 13:24:10,715 [pool-130-thread-1] INFO  server.RaftServerConfigKeys (ConfUtils.java:logGet(44)) - raft.server.log.statemachine.data.sync.timeout = 10s (default)
2022-02-02 13:24:10,715 [pool-130-thread-1] INFO  server.RaftServerConfigKeys (ConfUtils.java:logGet(44)) - raft.server.log.statemachine.data.sync.timeout.retry = -1 (default)
2022-02-02 13:24:10,716 [pool-130-thread-1] INFO  server.RaftServerConfigKeys (ConfUtils.java:logGet(44)) - raft.server.log.write.buffer.size = 1048576 (custom)
2022-02-02 13:24:10,717 [pool-130-thread-1] INFO  server.RaftServerConfigKeys (ConfUtils.java:logGet(44)) - raft.server.log.statemachine.data.caching.enabled = true (custom)
2022-02-02 13:24:10,717 [pool-130-thread-1] INFO  segmented.SegmentedRaftLogWorker (SegmentedRaftLogWorker.java:lambda$new$0(133)) - 1ddc7d50-2cfc-4bb3-877e-a1bd441c4cad@group-43ECD93931E6-SegmentedRaftLogWorker: flushIndex: setUnconditionally 0 -> -1
2022-02-02 13:24:10,717 [pool-130-thread-1] INFO  segmented.SegmentedRaftLogWorker (SegmentedRaftLogWorker.java:lambda$new$0(133)) - 1ddc7d50-2cfc-4bb3-877e-a1bd441c4cad@group-43ECD93931E6-SegmentedRaftLogWorker: safeCacheEvictIndex: setUnconditionally 0 -> -1
2022-02-02 13:24:10,717 [EventQueue-OpenPipelineForHealthyPipelineSafeModeRule] INFO  safemode.SCMSafeModeManager (HealthyPipelineSafeModeRule.java:process(124)) - SCM in safe mode. Healthy pipelines reported count is 0, required healthy pipeline reported count is 1
2022-02-02 13:24:10,722 [pool-130-thread-1] INFO  server.RaftServerConfigKeys (ConfUtils.java:logGet(44)) - raft.server.snapshot.auto.trigger.enabled = true (custom)
2022-02-02 13:24:10,722 [pool-130-thread-1] INFO  server.RaftServerConfigKeys (ConfUtils.java:logGet(44)) - raft.server.snapshot.auto.trigger.threshold = 10000 (custom)
2022-02-02 13:24:10,722 [pool-130-thread-1] INFO  server.RaftServerConfigKeys (ConfUtils.java:logGet(44)) - raft.server.snapshot.retention.file.num = 5 (custom)
2022-02-02 13:24:10,722 [pool-130-thread-1] INFO  server.RaftServerConfigKeys (ConfUtils.java:logGet(44)) - raft.server.log.purge.upto.snapshot.index = false (default)
2022-02-02 13:24:10,722 [pool-130-thread-1] INFO  server.RaftServerConfigKeys (ConfUtils.java:logGet(44)) - raft.server.retrycache.expirytime = 600000ms (custom)
2022-02-02 13:24:10,722 [pool-130-thread-1] INFO  server.RaftServerConfigKeys (ConfUtils.java:logGet(44)) - raft.server.retrycache.statistics.expirytime = 100μs (default)
2022-02-02 13:24:10,728 [pool-130-thread-1] INFO  server.RaftServer$Division (RaftServerImpl.java:start(301)) - 1ddc7d50-2cfc-4bb3-877e-a1bd441c4cad@group-43ECD93931E6: start as a follower, conf=-1: [66cdd8a8-985e-41df-9c7f-d4882230ffd1|rpc:10.1.0.6:36517|priority:0, c44f0072-f5b5-4f28-a537-04f9bff53e0b|rpc:10.1.0.6:34445|priority:1, 1ddc7d50-2cfc-4bb3-877e-a1bd441c4cad|rpc:10.1.0.6:39783|priority:0], old=null
2022-02-02 13:24:10,728 [pool-130-thread-1] INFO  server.RaftServer$Division (RaftServerImpl.java:setRole(290)) - 1ddc7d50-2cfc-4bb3-877e-a1bd441c4cad@group-43ECD93931E6: changes role from      null to FOLLOWER at term 0 for startAsFollower
2022-02-02 13:24:10,728 [pool-130-thread-1] INFO  impl.RoleInfo (RoleInfo.java:updateAndGet(130)) - 1ddc7d50-2cfc-4bb3-877e-a1bd441c4cad: start 1ddc7d50-2cfc-4bb3-877e-a1bd441c4cad@group-43ECD93931E6-FollowerState
2022-02-02 13:24:10,728 [pool-130-thread-1] INFO  util.JmxRegister (JmxRegister.java:tryRegister(44)) - Successfully registered JMX Bean with object name Ratis:service=RaftServer,group=group-43ECD93931E6,id=1ddc7d50-2cfc-4bb3-877e-a1bd441c4cad
2022-02-02 13:24:10,729 [Command processor thread] INFO  ratis.XceiverServerRatis (XceiverServerRatis.java:addGroup(768)) - Created group PipelineID=d92e7f27-f794-44e9-bb20-43ecd93931e6
2022-02-02 13:24:10,860 [Command processor thread] INFO  server.RaftServer (RaftServerProxy.java:addNew(95)) - c44f0072-f5b5-4f28-a537-04f9bff53e0b: addNew group-3E58DEF7127D:[c44f0072-f5b5-4f28-a537-04f9bff53e0b|rpc:10.1.0.6:34445|priority:1] returns group-3E58DEF7127D:java.util.concurrent.CompletableFuture@376099c4[Not completed]
2022-02-02 13:24:10,872 [pool-151-thread-1] INFO  server.RaftServer$Division (RaftServerImpl.java:<init>(184)) - c44f0072-f5b5-4f28-a537-04f9bff53e0b: new RaftServerImpl for group-3E58DEF7127D:[c44f0072-f5b5-4f28-a537-04f9bff53e0b|rpc:10.1.0.6:34445|priority:1] with ContainerStateMachine:uninitialized
2022-02-02 13:24:10,872 [pool-151-thread-1] INFO  server.RaftServerConfigKeys (ConfUtils.java:logGet(44)) - raft.server.rpc.timeout.min = 5s (custom)
2022-02-02 13:24:10,872 [pool-151-thread-1] INFO  server.RaftServerConfigKeys (ConfUtils.java:logGet(44)) - raft.server.rpc.timeout.max = 5200ms (custom)
2022-02-02 13:24:10,872 [pool-151-thread-1] INFO  server.RaftServerConfigKeys (ConfUtils.java:logGet(44)) - raft.server.rpc.sleep.time = 25ms (default)
2022-02-02 13:24:10,873 [pool-151-thread-1] INFO  server.RaftServerConfigKeys (ConfUtils.java:logGet(44)) - raft.server.rpc.slowness.timeout = 300s (custom)
2022-02-02 13:24:10,873 [pool-151-thread-1] INFO  server.RaftServerConfigKeys (ConfUtils.java:logGet(44)) - raft.server.leaderelection.leader.step-down.wait-time = 10s (default)
2022-02-02 13:24:10,873 [pool-151-thread-1] INFO  server.RaftServerConfigKeys (ConfUtils.java:logGet(44)) - raft.server.sleep.deviation.threshold = 300ms (default)
2022-02-02 13:24:10,873 [pool-151-thread-1] INFO  server.RaftServerConfigKeys (ConfUtils.java:logGet(44)) - raft.server.log.appender.install.snapshot.enabled = false (custom)
2022-02-02 13:24:10,873 [pool-151-thread-1] INFO  server.RaftServer$Division (ServerState.java:<init>(105)) - c44f0072-f5b5-4f28-a537-04f9bff53e0b@group-3E58DEF7127D: ConfigurationManager, init=-1: [c44f0072-f5b5-4f28-a537-04f9bff53e0b|rpc:10.1.0.6:34445|priority:1], old=null, confs=<EMPTY_MAP>
2022-02-02 13:24:10,874 [pool-151-thread-1] INFO  server.RaftServerConfigKeys (ConfUtils.java:logGet(44)) - raft.server.storage.dir = [/home/runner/work/ozone/ozone/hadoop-ozone/integration-test/target/test-dir/MiniOzoneClusterImpl-eba4dfdc-c168-4ed6-b46b-d97e1dedacdc/datanode-1/data/ratis] (custom)
2022-02-02 13:24:10,874 [pool-151-thread-1] INFO  server.RaftServerConfigKeys (ConfUtils.java:logGet(44)) - raft.server.log.corruption.policy = EXCEPTION (default)
2022-02-02 13:24:10,874 [pool-151-thread-1] INFO  server.RaftServerConfigKeys (ConfUtils.java:logGet(44)) - raft.server.storage.free-space.min = 0MB (=0) (default)
2022-02-02 13:24:10,874 [pool-151-thread-1] INFO  storage.RaftStorageDirectory (RaftStorageDirectoryImpl.java:analyzeStorage(135)) - The storage directory /home/runner/work/ozone/ozone/hadoop-ozone/integration-test/target/test-dir/MiniOzoneClusterImpl-eba4dfdc-c168-4ed6-b46b-d97e1dedacdc/datanode-1/data/ratis/022d4ce1-a7ea-49e8-81f6-3e58def7127d does not exist. Creating ...
2022-02-02 13:24:10,875 [pool-151-thread-1] INFO  storage.RaftStorageDirectory (RaftStorageDirectoryImpl.java:tryLock(230)) - Lock on /home/runner/work/ozone/ozone/hadoop-ozone/integration-test/target/test-dir/MiniOzoneClusterImpl-eba4dfdc-c168-4ed6-b46b-d97e1dedacdc/datanode-1/data/ratis/022d4ce1-a7ea-49e8-81f6-3e58def7127d/in_use.lock acquired by nodename 23947@fv-az294-450
2022-02-02 13:24:10,876 [pool-151-thread-1] INFO  storage.RaftStorage (RaftStorageImpl.java:format(89)) - Storage directory /home/runner/work/ozone/ozone/hadoop-ozone/integration-test/target/test-dir/MiniOzoneClusterImpl-eba4dfdc-c168-4ed6-b46b-d97e1dedacdc/datanode-1/data/ratis/022d4ce1-a7ea-49e8-81f6-3e58def7127d has been successfully formatted.
2022-02-02 13:24:10,877 [pool-151-thread-1] INFO  ratis.ContainerStateMachine (ContainerStateMachine.java:loadSnapshot(231)) - group-3E58DEF7127D: The snapshot info is null. Setting the last applied indexto:(t:0, i:~)
2022-02-02 13:24:10,878 [pool-151-thread-1] INFO  server.RaftServerConfigKeys (ConfUtils.java:logGet(44)) - raft.server.notification.no-leader.timeout = 300s (custom)
2022-02-02 13:24:10,878 [pool-151-thread-1] INFO  server.RaftServerConfigKeys (ConfUtils.java:logGet(44)) - raft.server.log.use.memory = false (default)
2022-02-02 13:24:10,879 [pool-151-thread-1] INFO  server.RaftServerConfigKeys (ConfUtils.java:logGet(44)) - raft.server.log.purge.gap = 1000000 (custom)
2022-02-02 13:24:10,879 [pool-151-thread-1] INFO  server.RaftServerConfigKeys (ConfUtils.java:logGet(44)) - raft.server.log.appender.buffer.byte-limit = 33554432 (custom)
2022-02-02 13:24:10,880 [pool-151-thread-1] INFO  server.RaftServerConfigKeys (ConfUtils.java:logGet(44)) - raft.server.log.segment.size.max = 1048576 (custom)
2022-02-02 13:24:10,886 [EventQueue-PipelineReportForPipelineReportHandler] INFO  pipeline.PipelineManagerImpl (PipelineManagerImpl.java:openPipeline(291)) - Pipeline Pipeline[ Id: 022d4ce1-a7ea-49e8-81f6-3e58def7127d, Nodes: c44f0072-f5b5-4f28-a537-04f9bff53e0b{ip: 10.1.0.6, host: fv-az294-450.eaanfquahm5ulb5tj050gcxych.jx.internal.cloudapp.net, ports: [REPLICATION=40197, RATIS=34445, RATIS_ADMIN=34445, RATIS_SERVER=34445, STANDALONE=38561], networkLocation: /default-rack, certSerialId: null, persistedOpState: IN_SERVICE, persistedOpStateExpiryEpochSec: 0}, ReplicationConfig: RATIS/ONE, State:ALLOCATED, leaderId:c44f0072-f5b5-4f28-a537-04f9bff53e0b, CreationTimestamp2022-02-02T13:24:07.867Z[Etc/UTC]] moved to OPEN state
2022-02-02 13:24:10,888 [f4afb0d6-26fc-4cb5-93c5-03f1c8944589@group-D97E1DEDACDC-StateMachineUpdater] INFO  safemode.HealthyPipelineSafeModeRule (HealthyPipelineSafeModeRule.java:initializeRule(152)) - Refreshed total pipeline count is 0, healthy pipeline threshold count is 1
2022-02-02 13:24:10,890 [EventQueue-OpenPipelineForHealthyPipelineSafeModeRule] INFO  safemode.SCMSafeModeManager (HealthyPipelineSafeModeRule.java:process(124)) - SCM in safe mode. Healthy pipelines reported count is 0, required healthy pipeline reported count is 1
2022-02-02 13:24:10,892 [pool-151-thread-1] INFO  server.RaftServerConfigKeys (ConfUtils.java:logGet(44)) - raft.server.log.segment.cache.num.max = 2 (custom)
2022-02-02 13:24:10,894 [pool-151-thread-1] INFO  server.RaftServerConfigKeys (ConfUtils.java:logGet(44)) - raft.server.log.segment.cache.size.max = 200MB (=209715200) (default)
2022-02-02 13:24:10,894 [pool-151-thread-1] INFO  segmented.SegmentedRaftLogWorker (SegmentedRaftLogWorker.java:<init>(182)) - new c44f0072-f5b5-4f28-a537-04f9bff53e0b@group-3E58DEF7127D-SegmentedRaftLogWorker for RaftStorageImpl:Storage Directory /home/runner/work/ozone/ozone/hadoop-ozone/integration-test/target/test-dir/MiniOzoneClusterImpl-eba4dfdc-c168-4ed6-b46b-d97e1dedacdc/datanode-1/data/ratis/022d4ce1-a7ea-49e8-81f6-3e58def7127d
2022-02-02 13:24:10,894 [pool-151-thread-1] INFO  server.RaftServerConfigKeys (ConfUtils.java:logGet(44)) - raft.server.log.queue.byte-limit = 2147483647 (custom)
2022-02-02 13:24:10,894 [pool-151-thread-1] INFO  server.RaftServerConfigKeys (ConfUtils.java:logGet(44)) - raft.server.log.queue.element-limit = 1024 (custom)
2022-02-02 13:24:10,894 [pool-151-thread-1] INFO  server.RaftServerConfigKeys (ConfUtils.java:logGet(44)) - raft.server.log.segment.size.max = 1048576 (custom)
2022-02-02 13:24:10,894 [pool-151-thread-1] INFO  server.RaftServerConfigKeys (ConfUtils.java:logGet(44)) - raft.server.log.preallocated.size = 16384 (custom)
2022-02-02 13:24:10,894 [pool-151-thread-1] INFO  server.RaftServerConfigKeys (ConfUtils.java:logGet(44)) - raft.server.log.force.sync.num = 128 (default)
2022-02-02 13:24:10,895 [pool-151-thread-1] INFO  server.RaftServerConfigKeys (ConfUtils.java:logGet(44)) - raft.server.log.statemachine.data.sync = true (default)
2022-02-02 13:24:10,895 [pool-151-thread-1] INFO  server.RaftServerConfigKeys (ConfUtils.java:logGet(44)) - raft.server.log.statemachine.data.sync.timeout = 10s (default)
2022-02-02 13:24:10,895 [pool-151-thread-1] INFO  server.RaftServerConfigKeys (ConfUtils.java:logGet(44)) - raft.server.log.statemachine.data.sync.timeout.retry = -1 (default)
2022-02-02 13:24:10,895 [pool-151-thread-1] INFO  server.RaftServerConfigKeys (ConfUtils.java:logGet(44)) - raft.server.log.write.buffer.size = 1048576 (custom)
2022-02-02 13:24:10,896 [pool-151-thread-1] INFO  server.RaftServerConfigKeys (ConfUtils.java:logGet(44)) - raft.server.log.statemachine.data.caching.enabled = true (custom)
2022-02-02 13:24:10,896 [pool-151-thread-1] INFO  segmented.SegmentedRaftLogWorker (SegmentedRaftLogWorker.java:lambda$new$0(133)) - c44f0072-f5b5-4f28-a537-04f9bff53e0b@group-3E58DEF7127D-SegmentedRaftLogWorker: flushIndex: setUnconditionally 0 -> -1
2022-02-02 13:24:10,896 [pool-151-thread-1] INFO  segmented.SegmentedRaftLogWorker (SegmentedRaftLogWorker.java:lambda$new$0(133)) - c44f0072-f5b5-4f28-a537-04f9bff53e0b@group-3E58DEF7127D-SegmentedRaftLogWorker: safeCacheEvictIndex: setUnconditionally 0 -> -1
2022-02-02 13:24:10,910 [pool-151-thread-1] INFO  server.RaftServerConfigKeys (ConfUtils.java:logGet(44)) - raft.server.snapshot.auto.trigger.enabled = true (custom)
2022-02-02 13:24:10,910 [pool-151-thread-1] INFO  server.RaftServerConfigKeys (ConfUtils.java:logGet(44)) - raft.server.snapshot.auto.trigger.threshold = 10000 (custom)
2022-02-02 13:24:10,910 [pool-151-thread-1] INFO  server.RaftServerConfigKeys (ConfUtils.java:logGet(44)) - raft.server.snapshot.retention.file.num = 5 (custom)
2022-02-02 13:24:10,910 [pool-151-thread-1] INFO  server.RaftServerConfigKeys (ConfUtils.java:logGet(44)) - raft.server.log.purge.upto.snapshot.index = false (default)
2022-02-02 13:24:10,910 [pool-151-thread-1] INFO  server.RaftServerConfigKeys (ConfUtils.java:logGet(44)) - raft.server.retrycache.expirytime = 600000ms (custom)
2022-02-02 13:24:10,910 [pool-151-thread-1] INFO  server.RaftServerConfigKeys (ConfUtils.java:logGet(44)) - raft.server.retrycache.statistics.expirytime = 100μs (default)
2022-02-02 13:24:10,911 [pool-151-thread-1] INFO  server.RaftServer$Division (RaftServerImpl.java:start(301)) - c44f0072-f5b5-4f28-a537-04f9bff53e0b@group-3E58DEF7127D: start as a follower, conf=-1: [c44f0072-f5b5-4f28-a537-04f9bff53e0b|rpc:10.1.0.6:34445|priority:1], old=null
2022-02-02 13:24:10,911 [pool-151-thread-1] INFO  server.RaftServer$Division (RaftServerImpl.java:setRole(290)) - c44f0072-f5b5-4f28-a537-04f9bff53e0b@group-3E58DEF7127D: changes role from      null to FOLLOWER at term 0 for startAsFollower
2022-02-02 13:24:10,911 [pool-151-thread-1] INFO  impl.RoleInfo (RoleInfo.java:updateAndGet(130)) - c44f0072-f5b5-4f28-a537-04f9bff53e0b: start c44f0072-f5b5-4f28-a537-04f9bff53e0b@group-3E58DEF7127D-FollowerState
2022-02-02 13:24:10,912 [pool-151-thread-1] INFO  util.JmxRegister (JmxRegister.java:tryRegister(44)) - Successfully registered JMX Bean with object name Ratis:service=RaftServer,group=group-3E58DEF7127D,id=c44f0072-f5b5-4f28-a537-04f9bff53e0b
2022-02-02 13:24:10,930 [Command processor thread] INFO  ratis.XceiverServerRatis (XceiverServerRatis.java:addGroup(768)) - Created group PipelineID=022d4ce1-a7ea-49e8-81f6-3e58def7127d
2022-02-02 13:24:10,931 [Command processor thread] INFO  commandhandler.CreatePipelineCommandHandler (CreatePipelineCommandHandler.java:handle(106)) - Created Pipeline RATIS ONE PipelineID=022d4ce1-a7ea-49e8-81f6-3e58def7127d.
2022-02-02 13:24:10,942 [Command processor thread] INFO  server.RaftServer (RaftServerProxy.java:addNew(95)) - c44f0072-f5b5-4f28-a537-04f9bff53e0b: addNew group-43ECD93931E6:[66cdd8a8-985e-41df-9c7f-d4882230ffd1|rpc:10.1.0.6:36517|priority:0, c44f0072-f5b5-4f28-a537-04f9bff53e0b|rpc:10.1.0.6:34445|priority:1, 1ddc7d50-2cfc-4bb3-877e-a1bd441c4cad|rpc:10.1.0.6:39783|priority:0] returns group-43ECD93931E6:java.util.concurrent.CompletableFuture@335f1bf0[Not completed]
2022-02-02 13:24:10,944 [pool-151-thread-1] INFO  server.RaftServer$Division (RaftServerImpl.java:<init>(184)) - c44f0072-f5b5-4f28-a537-04f9bff53e0b: new RaftServerImpl for group-43ECD93931E6:[66cdd8a8-985e-41df-9c7f-d4882230ffd1|rpc:10.1.0.6:36517|priority:0, c44f0072-f5b5-4f28-a537-04f9bff53e0b|rpc:10.1.0.6:34445|priority:1, 1ddc7d50-2cfc-4bb3-877e-a1bd441c4cad|rpc:10.1.0.6:39783|priority:0] with ContainerStateMachine:uninitialized
2022-02-02 13:24:10,944 [pool-151-thread-1] INFO  server.RaftServerConfigKeys (ConfUtils.java:logGet(44)) - raft.server.rpc.timeout.min = 5s (custom)
2022-02-02 13:24:10,944 [pool-151-thread-1] INFO  server.RaftServerConfigKeys (ConfUtils.java:logGet(44)) - raft.server.rpc.timeout.max = 5200ms (custom)
2022-02-02 13:24:10,944 [pool-151-thread-1] INFO  server.RaftServerConfigKeys (ConfUtils.java:logGet(44)) - raft.server.rpc.sleep.time = 25ms (default)
2022-02-02 13:24:10,944 [pool-151-thread-1] INFO  server.RaftServerConfigKeys (ConfUtils.java:logGet(44)) - raft.server.rpc.slowness.timeout = 300s (custom)
2022-02-02 13:24:10,944 [pool-151-thread-1] INFO  server.RaftServerConfigKeys (ConfUtils.java:logGet(44)) - raft.server.leaderelection.leader.step-down.wait-time = 10s (default)
2022-02-02 13:24:10,944 [pool-151-thread-1] INFO  server.RaftServerConfigKeys (ConfUtils.java:logGet(44)) - raft.server.sleep.deviation.threshold = 300ms (default)
2022-02-02 13:24:10,944 [pool-151-thread-1] INFO  server.RaftServerConfigKeys (ConfUtils.java:logGet(44)) - raft.server.log.appender.install.snapshot.enabled = false (custom)
2022-02-02 13:24:10,944 [pool-151-thread-1] INFO  server.RaftServer$Division (ServerState.java:<init>(105)) - c44f0072-f5b5-4f28-a537-04f9bff53e0b@group-43ECD93931E6: ConfigurationManager, init=-1: [66cdd8a8-985e-41df-9c7f-d4882230ffd1|rpc:10.1.0.6:36517|priority:0, c44f0072-f5b5-4f28-a537-04f9bff53e0b|rpc:10.1.0.6:34445|priority:1, 1ddc7d50-2cfc-4bb3-877e-a1bd441c4cad|rpc:10.1.0.6:39783|priority:0], old=null, confs=<EMPTY_MAP>
2022-02-02 13:24:10,944 [pool-151-thread-1] INFO  server.RaftServerConfigKeys (ConfUtils.java:logGet(44)) - raft.server.storage.dir = [/home/runner/work/ozone/ozone/hadoop-ozone/integration-test/target/test-dir/MiniOzoneClusterImpl-eba4dfdc-c168-4ed6-b46b-d97e1dedacdc/datanode-1/data/ratis] (custom)
2022-02-02 13:24:10,945 [pool-151-thread-1] INFO  server.RaftServerConfigKeys (ConfUtils.java:logGet(44)) - raft.server.log.corruption.policy = EXCEPTION (default)
2022-02-02 13:24:10,945 [pool-151-thread-1] INFO  server.RaftServerConfigKeys (ConfUtils.java:logGet(44)) - raft.server.storage.free-space.min = 0MB (=0) (default)
2022-02-02 13:24:10,945 [pool-151-thread-1] INFO  storage.RaftStorageDirectory (RaftStorageDirectoryImpl.java:analyzeStorage(135)) - The storage directory /home/runner/work/ozone/ozone/hadoop-ozone/integration-test/target/test-dir/MiniOzoneClusterImpl-eba4dfdc-c168-4ed6-b46b-d97e1dedacdc/datanode-1/data/ratis/d92e7f27-f794-44e9-bb20-43ecd93931e6 does not exist. Creating ...
2022-02-02 13:24:10,947 [pool-151-thread-1] INFO  storage.RaftStorageDirectory (RaftStorageDirectoryImpl.java:tryLock(230)) - Lock on /home/runner/work/ozone/ozone/hadoop-ozone/integration-test/target/test-dir/MiniOzoneClusterImpl-eba4dfdc-c168-4ed6-b46b-d97e1dedacdc/datanode-1/data/ratis/d92e7f27-f794-44e9-bb20-43ecd93931e6/in_use.lock acquired by nodename 23947@fv-az294-450
2022-02-02 13:24:10,949 [pool-151-thread-1] INFO  storage.RaftStorage (RaftStorageImpl.java:format(89)) - Storage directory /home/runner/work/ozone/ozone/hadoop-ozone/integration-test/target/test-dir/MiniOzoneClusterImpl-eba4dfdc-c168-4ed6-b46b-d97e1dedacdc/datanode-1/data/ratis/d92e7f27-f794-44e9-bb20-43ecd93931e6 has been successfully formatted.
2022-02-02 13:24:10,949 [pool-151-thread-1] INFO  ratis.ContainerStateMachine (ContainerStateMachine.java:loadSnapshot(231)) - group-43ECD93931E6: The snapshot info is null. Setting the last applied indexto:(t:0, i:~)
2022-02-02 13:24:10,949 [pool-151-thread-1] INFO  server.RaftServerConfigKeys (ConfUtils.java:logGet(44)) - raft.server.notification.no-leader.timeout = 300s (custom)
2022-02-02 13:24:10,950 [pool-151-thread-1] INFO  server.RaftServerConfigKeys (ConfUtils.java:logGet(44)) - raft.server.log.use.memory = false (default)
2022-02-02 13:24:10,950 [pool-151-thread-1] INFO  server.RaftServerConfigKeys (ConfUtils.java:logGet(44)) - raft.server.log.purge.gap = 1000000 (custom)
2022-02-02 13:24:10,950 [pool-151-thread-1] INFO  server.RaftServerConfigKeys (ConfUtils.java:logGet(44)) - raft.server.log.appender.buffer.byte-limit = 33554432 (custom)
2022-02-02 13:24:10,954 [pool-151-thread-1] INFO  server.RaftServerConfigKeys (ConfUtils.java:logGet(44)) - raft.server.log.segment.size.max = 1048576 (custom)
2022-02-02 13:24:10,955 [EventQueue-OpenPipelineForHealthyPipelineSafeModeRule] INFO  safemode.SCMSafeModeManager (HealthyPipelineSafeModeRule.java:process(124)) - SCM in safe mode. Healthy pipelines reported count is 0, required healthy pipeline reported count is 1
2022-02-02 13:24:10,956 [pool-151-thread-1] INFO  server.RaftServerConfigKeys (ConfUtils.java:logGet(44)) - raft.server.log.segment.cache.num.max = 2 (custom)
2022-02-02 13:24:10,956 [pool-151-thread-1] INFO  server.RaftServerConfigKeys (ConfUtils.java:logGet(44)) - raft.server.log.segment.cache.size.max = 200MB (=209715200) (default)
2022-02-02 13:24:10,956 [pool-151-thread-1] INFO  segmented.SegmentedRaftLogWorker (SegmentedRaftLogWorker.java:<init>(182)) - new c44f0072-f5b5-4f28-a537-04f9bff53e0b@group-43ECD93931E6-SegmentedRaftLogWorker for RaftStorageImpl:Storage Directory /home/runner/work/ozone/ozone/hadoop-ozone/integration-test/target/test-dir/MiniOzoneClusterImpl-eba4dfdc-c168-4ed6-b46b-d97e1dedacdc/datanode-1/data/ratis/d92e7f27-f794-44e9-bb20-43ecd93931e6
2022-02-02 13:24:10,956 [pool-151-thread-1] INFO  server.RaftServerConfigKeys (ConfUtils.java:logGet(44)) - raft.server.log.queue.byte-limit = 2147483647 (custom)
2022-02-02 13:24:10,956 [pool-151-thread-1] INFO  server.RaftServerConfigKeys (ConfUtils.java:logGet(44)) - raft.server.log.queue.element-limit = 1024 (custom)
2022-02-02 13:24:10,956 [pool-151-thread-1] INFO  server.RaftServerConfigKeys (ConfUtils.java:logGet(44)) - raft.server.log.segment.size.max = 1048576 (custom)
2022-02-02 13:24:10,956 [pool-151-thread-1] INFO  server.RaftServerConfigKeys (ConfUtils.java:logGet(44)) - raft.server.log.preallocated.size = 16384 (custom)
2022-02-02 13:24:10,956 [pool-151-thread-1] INFO  server.RaftServerConfigKeys (ConfUtils.java:logGet(44)) - raft.server.log.force.sync.num = 128 (default)
2022-02-02 13:24:10,956 [pool-151-thread-1] INFO  server.RaftServerConfigKeys (ConfUtils.java:logGet(44)) - raft.server.log.statemachine.data.sync = true (default)
2022-02-02 13:24:10,956 [pool-151-thread-1] INFO  server.RaftServerConfigKeys (ConfUtils.java:logGet(44)) - raft.server.log.statemachine.data.sync.timeout = 10s (default)
2022-02-02 13:24:10,956 [pool-151-thread-1] INFO  server.RaftServerConfigKeys (ConfUtils.java:logGet(44)) - raft.server.log.statemachine.data.sync.timeout.retry = -1 (default)
2022-02-02 13:24:10,961 [pool-151-thread-1] INFO  server.RaftServerConfigKeys (ConfUtils.java:logGet(44)) - raft.server.log.write.buffer.size = 1048576 (custom)
2022-02-02 13:24:10,963 [pool-151-thread-1] INFO  server.RaftServerConfigKeys (ConfUtils.java:logGet(44)) - raft.server.log.statemachine.data.caching.enabled = true (custom)
2022-02-02 13:24:10,963 [pool-151-thread-1] INFO  segmented.SegmentedRaftLogWorker (SegmentedRaftLogWorker.java:lambda$new$0(133)) - c44f0072-f5b5-4f28-a537-04f9bff53e0b@group-43ECD93931E6-SegmentedRaftLogWorker: flushIndex: setUnconditionally 0 -> -1
2022-02-02 13:24:10,964 [pool-151-thread-1] INFO  segmented.SegmentedRaftLogWorker (SegmentedRaftLogWorker.java:lambda$new$0(133)) - c44f0072-f5b5-4f28-a537-04f9bff53e0b@group-43ECD93931E6-SegmentedRaftLogWorker: safeCacheEvictIndex: setUnconditionally 0 -> -1
2022-02-02 13:24:10,970 [pool-151-thread-1] INFO  server.RaftServerConfigKeys (ConfUtils.java:logGet(44)) - raft.server.snapshot.auto.trigger.enabled = true (custom)
2022-02-02 13:24:10,970 [pool-151-thread-1] INFO  server.RaftServerConfigKeys (ConfUtils.java:logGet(44)) - raft.server.snapshot.auto.trigger.threshold = 10000 (custom)
2022-02-02 13:24:10,970 [pool-151-thread-1] INFO  server.RaftServerConfigKeys (ConfUtils.java:logGet(44)) - raft.server.snapshot.retention.file.num = 5 (custom)
2022-02-02 13:24:10,970 [pool-151-thread-1] INFO  server.RaftServerConfigKeys (ConfUtils.java:logGet(44)) - raft.server.log.purge.upto.snapshot.index = false (default)
2022-02-02 13:24:10,970 [pool-151-thread-1] INFO  server.RaftServerConfigKeys (ConfUtils.java:logGet(44)) - raft.server.retrycache.expirytime = 600000ms (custom)
2022-02-02 13:24:10,970 [pool-151-thread-1] INFO  server.RaftServerConfigKeys (ConfUtils.java:logGet(44)) - raft.server.retrycache.statistics.expirytime = 100μs (default)
2022-02-02 13:24:10,971 [pool-151-thread-1] INFO  server.RaftServer$Division (RaftServerImpl.java:start(301)) - c44f0072-f5b5-4f28-a537-04f9bff53e0b@group-43ECD93931E6: start as a follower, conf=-1: [66cdd8a8-985e-41df-9c7f-d4882230ffd1|rpc:10.1.0.6:36517|priority:0, c44f0072-f5b5-4f28-a537-04f9bff53e0b|rpc:10.1.0.6:34445|priority:1, 1ddc7d50-2cfc-4bb3-877e-a1bd441c4cad|rpc:10.1.0.6:39783|priority:0], old=null
2022-02-02 13:24:10,971 [pool-151-thread-1] INFO  server.RaftServer$Division (RaftServerImpl.java:setRole(290)) - c44f0072-f5b5-4f28-a537-04f9bff53e0b@group-43ECD93931E6: changes role from      null to FOLLOWER at term 0 for startAsFollower
2022-02-02 13:24:10,971 [pool-151-thread-1] INFO  impl.RoleInfo (RoleInfo.java:updateAndGet(130)) - c44f0072-f5b5-4f28-a537-04f9bff53e0b: start c44f0072-f5b5-4f28-a537-04f9bff53e0b@group-43ECD93931E6-FollowerState
2022-02-02 13:24:10,986 [pool-151-thread-1] INFO  util.JmxRegister (JmxRegister.java:tryRegister(44)) - Successfully registered JMX Bean with object name Ratis:service=RaftServer,group=group-43ECD93931E6,id=c44f0072-f5b5-4f28-a537-04f9bff53e0b
2022-02-02 13:24:10,998 [Command processor thread] INFO  ratis.XceiverServerRatis (XceiverServerRatis.java:addGroup(768)) - Created group PipelineID=d92e7f27-f794-44e9-bb20-43ecd93931e6
2022-02-02 13:24:11,084 [Listener at 127.0.0.1/38049] INFO  ozone.MiniOzoneClusterImpl (MiniOzoneClusterImpl.java:lambda$waitForClusterToBeReady$0(219)) - Nodes are ready. Got 3 of 3 DN Heartbeats.
2022-02-02 13:24:11,084 [Listener at 127.0.0.1/38049] INFO  ozone.MiniOzoneClusterImpl (MiniOzoneClusterImpl.java:lambda$waitForClusterToBeReady$0(222)) - Waiting for cluster to exit safe mode
2022-02-02 13:24:11,084 [Listener at 127.0.0.1/38049] INFO  ozone.MiniOzoneClusterImpl (MiniOzoneClusterImpl.java:lambda$waitForClusterToBeReady$0(224)) - SCM became leader
2022-02-02 13:24:11,103 [Command processor thread] INFO  server.RaftServer (RaftServerProxy.java:addNew(95)) - 66cdd8a8-985e-41df-9c7f-d4882230ffd1: addNew group-2F23EA96A789:[66cdd8a8-985e-41df-9c7f-d4882230ffd1|rpc:10.1.0.6:36517|priority:1] returns group-2F23EA96A789:java.util.concurrent.CompletableFuture@48599b1b[Not completed]
2022-02-02 13:24:11,118 [pool-172-thread-1] INFO  server.RaftServer$Division (RaftServerImpl.java:<init>(184)) - 66cdd8a8-985e-41df-9c7f-d4882230ffd1: new RaftServerImpl for group-2F23EA96A789:[66cdd8a8-985e-41df-9c7f-d4882230ffd1|rpc:10.1.0.6:36517|priority:1] with ContainerStateMachine:uninitialized
2022-02-02 13:24:11,118 [pool-172-thread-1] INFO  server.RaftServerConfigKeys (ConfUtils.java:logGet(44)) - raft.server.rpc.timeout.min = 5s (custom)
2022-02-02 13:24:11,118 [pool-172-thread-1] INFO  server.RaftServerConfigKeys (ConfUtils.java:logGet(44)) - raft.server.rpc.timeout.max = 5200ms (custom)
2022-02-02 13:24:11,118 [pool-172-thread-1] INFO  server.RaftServerConfigKeys (ConfUtils.java:logGet(44)) - raft.server.rpc.sleep.time = 25ms (default)
2022-02-02 13:24:11,118 [pool-172-thread-1] INFO  server.RaftServerConfigKeys (ConfUtils.java:logGet(44)) - raft.server.rpc.slowness.timeout = 300s (custom)
2022-02-02 13:24:11,118 [pool-172-thread-1] INFO  server.RaftServerConfigKeys (ConfUtils.java:logGet(44)) - raft.server.leaderelection.leader.step-down.wait-time = 10s (default)
2022-02-02 13:24:11,118 [pool-172-thread-1] INFO  server.RaftServerConfigKeys (ConfUtils.java:logGet(44)) - raft.server.sleep.deviation.threshold = 300ms (default)
2022-02-02 13:24:11,118 [pool-172-thread-1] INFO  server.RaftServerConfigKeys (ConfUtils.java:logGet(44)) - raft.server.log.appender.install.snapshot.enabled = false (custom)
2022-02-02 13:24:11,118 [pool-172-thread-1] INFO  server.RaftServer$Division (ServerState.java:<init>(105)) - 66cdd8a8-985e-41df-9c7f-d4882230ffd1@group-2F23EA96A789: ConfigurationManager, init=-1: [66cdd8a8-985e-41df-9c7f-d4882230ffd1|rpc:10.1.0.6:36517|priority:1], old=null, confs=<EMPTY_MAP>
2022-02-02 13:24:11,118 [pool-172-thread-1] INFO  server.RaftServerConfigKeys (ConfUtils.java:logGet(44)) - raft.server.storage.dir = [/home/runner/work/ozone/ozone/hadoop-ozone/integration-test/target/test-dir/MiniOzoneClusterImpl-eba4dfdc-c168-4ed6-b46b-d97e1dedacdc/datanode-2/data/ratis] (custom)
2022-02-02 13:24:11,118 [pool-172-thread-1] INFO  server.RaftServerConfigKeys (ConfUtils.java:logGet(44)) - raft.server.log.corruption.policy = EXCEPTION (default)
2022-02-02 13:24:11,118 [pool-172-thread-1] INFO  server.RaftServerConfigKeys (ConfUtils.java:logGet(44)) - raft.server.storage.free-space.min = 0MB (=0) (default)
2022-02-02 13:24:11,119 [pool-172-thread-1] INFO  storage.RaftStorageDirectory (RaftStorageDirectoryImpl.java:analyzeStorage(135)) - The storage directory /home/runner/work/ozone/ozone/hadoop-ozone/integration-test/target/test-dir/MiniOzoneClusterImpl-eba4dfdc-c168-4ed6-b46b-d97e1dedacdc/datanode-2/data/ratis/f811164b-1a15-4862-9449-2f23ea96a789 does not exist. Creating ...
2022-02-02 13:24:11,135 [pool-172-thread-1] INFO  storage.RaftStorageDirectory (RaftStorageDirectoryImpl.java:tryLock(230)) - Lock on /home/runner/work/ozone/ozone/hadoop-ozone/integration-test/target/test-dir/MiniOzoneClusterImpl-eba4dfdc-c168-4ed6-b46b-d97e1dedacdc/datanode-2/data/ratis/f811164b-1a15-4862-9449-2f23ea96a789/in_use.lock acquired by nodename 23947@fv-az294-450
2022-02-02 13:24:11,138 [pool-172-thread-1] INFO  storage.RaftStorage (RaftStorageImpl.java:format(89)) - Storage directory /home/runner/work/ozone/ozone/hadoop-ozone/integration-test/target/test-dir/MiniOzoneClusterImpl-eba4dfdc-c168-4ed6-b46b-d97e1dedacdc/datanode-2/data/ratis/f811164b-1a15-4862-9449-2f23ea96a789 has been successfully formatted.
2022-02-02 13:24:11,146 [pool-172-thread-1] INFO  ratis.ContainerStateMachine (ContainerStateMachine.java:loadSnapshot(231)) - group-2F23EA96A789: The snapshot info is null. Setting the last applied indexto:(t:0, i:~)
2022-02-02 13:24:11,146 [pool-172-thread-1] INFO  server.RaftServerConfigKeys (ConfUtils.java:logGet(44)) - raft.server.notification.no-leader.timeout = 300s (custom)
2022-02-02 13:24:11,146 [pool-172-thread-1] INFO  server.RaftServerConfigKeys (ConfUtils.java:logGet(44)) - raft.server.log.use.memory = false (default)
2022-02-02 13:24:11,146 [pool-172-thread-1] INFO  server.RaftServerConfigKeys (ConfUtils.java:logGet(44)) - raft.server.log.purge.gap = 1000000 (custom)
2022-02-02 13:24:11,146 [pool-172-thread-1] INFO  server.RaftServerConfigKeys (ConfUtils.java:logGet(44)) - raft.server.log.appender.buffer.byte-limit = 33554432 (custom)
2022-02-02 13:24:11,152 [pool-172-thread-1] INFO  server.RaftServerConfigKeys (ConfUtils.java:logGet(44)) - raft.server.log.segment.size.max = 1048576 (custom)
2022-02-02 13:24:11,152 [pool-172-thread-1] INFO  server.RaftServerConfigKeys (ConfUtils.java:logGet(44)) - raft.server.log.segment.cache.num.max = 2 (custom)
2022-02-02 13:24:11,152 [pool-172-thread-1] INFO  server.RaftServerConfigKeys (ConfUtils.java:logGet(44)) - raft.server.log.segment.cache.size.max = 200MB (=209715200) (default)
2022-02-02 13:24:11,152 [pool-172-thread-1] INFO  segmented.SegmentedRaftLogWorker (SegmentedRaftLogWorker.java:<init>(182)) - new 66cdd8a8-985e-41df-9c7f-d4882230ffd1@group-2F23EA96A789-SegmentedRaftLogWorker for RaftStorageImpl:Storage Directory /home/runner/work/ozone/ozone/hadoop-ozone/integration-test/target/test-dir/MiniOzoneClusterImpl-eba4dfdc-c168-4ed6-b46b-d97e1dedacdc/datanode-2/data/ratis/f811164b-1a15-4862-9449-2f23ea96a789
2022-02-02 13:24:11,152 [pool-172-thread-1] INFO  server.RaftServerConfigKeys (ConfUtils.java:logGet(44)) - raft.server.log.queue.byte-limit = 2147483647 (custom)
2022-02-02 13:24:11,152 [pool-172-thread-1] INFO  server.RaftServerConfigKeys (ConfUtils.java:logGet(44)) - raft.server.log.queue.element-limit = 1024 (custom)
2022-02-02 13:24:11,152 [pool-172-thread-1] INFO  server.RaftServerConfigKeys (ConfUtils.java:logGet(44)) - raft.server.log.segment.size.max = 1048576 (custom)
2022-02-02 13:24:11,153 [pool-172-thread-1] INFO  server.RaftServerConfigKeys (ConfUtils.java:logGet(44)) - raft.server.log.preallocated.size = 16384 (custom)
2022-02-02 13:24:11,153 [pool-172-thread-1] INFO  server.RaftServerConfigKeys (ConfUtils.java:logGet(44)) - raft.server.log.force.sync.num = 128 (default)
2022-02-02 13:24:11,153 [pool-172-thread-1] INFO  server.RaftServerConfigKeys (ConfUtils.java:logGet(44)) - raft.server.log.statemachine.data.sync = true (default)
2022-02-02 13:24:11,153 [pool-172-thread-1] INFO  server.RaftServerConfigKeys (ConfUtils.java:logGet(44)) - raft.server.log.statemachine.data.sync.timeout = 10s (default)
2022-02-02 13:24:11,153 [pool-172-thread-1] INFO  server.RaftServerConfigKeys (ConfUtils.java:logGet(44)) - raft.server.log.statemachine.data.sync.timeout.retry = -1 (default)
2022-02-02 13:24:11,153 [pool-172-thread-1] INFO  server.RaftServerConfigKeys (ConfUtils.java:logGet(44)) - raft.server.log.write.buffer.size = 1048576 (custom)
2022-02-02 13:24:11,154 [pool-172-thread-1] INFO  server.RaftServerConfigKeys (ConfUtils.java:logGet(44)) - raft.server.log.statemachine.data.caching.enabled = true (custom)
2022-02-02 13:24:11,154 [pool-172-thread-1] INFO  segmented.SegmentedRaftLogWorker (SegmentedRaftLogWorker.java:lambda$new$0(133)) - 66cdd8a8-985e-41df-9c7f-d4882230ffd1@group-2F23EA96A789-SegmentedRaftLogWorker: flushIndex: setUnconditionally 0 -> -1
2022-02-02 13:24:11,154 [pool-172-thread-1] INFO  segmented.SegmentedRaftLogWorker (SegmentedRaftLogWorker.java:lambda$new$0(133)) - 66cdd8a8-985e-41df-9c7f-d4882230ffd1@group-2F23EA96A789-SegmentedRaftLogWorker: safeCacheEvictIndex: setUnconditionally 0 -> -1
2022-02-02 13:24:11,151 [EventQueue-PipelineReportForPipelineReportHandler] INFO  pipeline.PipelineManagerImpl (PipelineManagerImpl.java:openPipeline(291)) - Pipeline Pipeline[ Id: f811164b-1a15-4862-9449-2f23ea96a789, Nodes: 66cdd8a8-985e-41df-9c7f-d4882230ffd1{ip: 10.1.0.6, host: fv-az294-450.eaanfquahm5ulb5tj050gcxych.jx.internal.cloudapp.net, ports: [REPLICATION=40187, RATIS=36517, RATIS_ADMIN=36517, RATIS_SERVER=36517, STANDALONE=35489], networkLocation: /default-rack, certSerialId: null, persistedOpState: IN_SERVICE, persistedOpStateExpiryEpochSec: 0}, ReplicationConfig: RATIS/ONE, State:ALLOCATED, leaderId:66cdd8a8-985e-41df-9c7f-d4882230ffd1, CreationTimestamp2022-02-02T13:24:08.107Z[Etc/UTC]] moved to OPEN state
2022-02-02 13:24:11,157 [f4afb0d6-26fc-4cb5-93c5-03f1c8944589@group-D97E1DEDACDC-StateMachineUpdater] INFO  safemode.HealthyPipelineSafeModeRule (HealthyPipelineSafeModeRule.java:initializeRule(152)) - Refreshed total pipeline count is 0, healthy pipeline threshold count is 1
2022-02-02 13:24:11,157 [EventQueue-OpenPipelineForHealthyPipelineSafeModeRule] INFO  safemode.SCMSafeModeManager (HealthyPipelineSafeModeRule.java:process(124)) - SCM in safe mode. Healthy pipelines reported count is 0, required healthy pipeline reported count is 1
2022-02-02 13:24:11,162 [pool-172-thread-1] INFO  server.RaftServerConfigKeys (ConfUtils.java:logGet(44)) - raft.server.snapshot.auto.trigger.enabled = true (custom)
2022-02-02 13:24:11,167 [pool-172-thread-1] INFO  server.RaftServerConfigKeys (ConfUtils.java:logGet(44)) - raft.server.snapshot.auto.trigger.threshold = 10000 (custom)
2022-02-02 13:24:11,167 [pool-172-thread-1] INFO  server.RaftServerConfigKeys (ConfUtils.java:logGet(44)) - raft.server.snapshot.retention.file.num = 5 (custom)
2022-02-02 13:24:11,167 [pool-172-thread-1] INFO  server.RaftServerConfigKeys (ConfUtils.java:logGet(44)) - raft.server.log.purge.upto.snapshot.index = false (default)
2022-02-02 13:24:11,167 [pool-172-thread-1] INFO  server.RaftServerConfigKeys (ConfUtils.java:logGet(44)) - raft.server.retrycache.expirytime = 600000ms (custom)
2022-02-02 13:24:11,167 [pool-172-thread-1] INFO  server.RaftServerConfigKeys (ConfUtils.java:logGet(44)) - raft.server.retrycache.statistics.expirytime = 100μs (default)
2022-02-02 13:24:11,169 [pool-172-thread-1] INFO  server.RaftServer$Division (RaftServerImpl.java:start(301)) - 66cdd8a8-985e-41df-9c7f-d4882230ffd1@group-2F23EA96A789: start as a follower, conf=-1: [66cdd8a8-985e-41df-9c7f-d4882230ffd1|rpc:10.1.0.6:36517|priority:1], old=null
2022-02-02 13:24:11,169 [pool-172-thread-1] INFO  server.RaftServer$Division (RaftServerImpl.java:setRole(290)) - 66cdd8a8-985e-41df-9c7f-d4882230ffd1@group-2F23EA96A789: changes role from      null to FOLLOWER at term 0 for startAsFollower
2022-02-02 13:24:11,169 [pool-172-thread-1] INFO  impl.RoleInfo (RoleInfo.java:updateAndGet(130)) - 66cdd8a8-985e-41df-9c7f-d4882230ffd1: start 66cdd8a8-985e-41df-9c7f-d4882230ffd1@group-2F23EA96A789-FollowerState
2022-02-02 13:24:11,170 [pool-172-thread-1] INFO  util.JmxRegister (JmxRegister.java:tryRegister(44)) - Successfully registered JMX Bean with object name Ratis:service=RaftServer,group=group-2F23EA96A789,id=66cdd8a8-985e-41df-9c7f-d4882230ffd1
2022-02-02 13:24:11,171 [Command processor thread] INFO  ratis.XceiverServerRatis (XceiverServerRatis.java:addGroup(768)) - Created group PipelineID=f811164b-1a15-4862-9449-2f23ea96a789
2022-02-02 13:24:11,171 [Command processor thread] INFO  commandhandler.CreatePipelineCommandHandler (CreatePipelineCommandHandler.java:handle(106)) - Created Pipeline RATIS ONE PipelineID=f811164b-1a15-4862-9449-2f23ea96a789.
2022-02-02 13:24:11,171 [Command processor thread] INFO  server.RaftServer (RaftServerProxy.java:addNew(95)) - 66cdd8a8-985e-41df-9c7f-d4882230ffd1: addNew group-43ECD93931E6:[66cdd8a8-985e-41df-9c7f-d4882230ffd1|rpc:10.1.0.6:36517|priority:0, c44f0072-f5b5-4f28-a537-04f9bff53e0b|rpc:10.1.0.6:34445|priority:1, 1ddc7d50-2cfc-4bb3-877e-a1bd441c4cad|rpc:10.1.0.6:39783|priority:0] returns group-43ECD93931E6:java.util.concurrent.CompletableFuture@4c6606c8[Not completed]
2022-02-02 13:24:11,178 [pool-172-thread-1] INFO  server.RaftServer$Division (RaftServerImpl.java:<init>(184)) - 66cdd8a8-985e-41df-9c7f-d4882230ffd1: new RaftServerImpl for group-43ECD93931E6:[66cdd8a8-985e-41df-9c7f-d4882230ffd1|rpc:10.1.0.6:36517|priority:0, c44f0072-f5b5-4f28-a537-04f9bff53e0b|rpc:10.1.0.6:34445|priority:1, 1ddc7d50-2cfc-4bb3-877e-a1bd441c4cad|rpc:10.1.0.6:39783|priority:0] with ContainerStateMachine:uninitialized
2022-02-02 13:24:11,178 [pool-172-thread-1] INFO  server.RaftServerConfigKeys (ConfUtils.java:logGet(44)) - raft.server.rpc.timeout.min = 5s (custom)
2022-02-02 13:24:11,178 [pool-172-thread-1] INFO  server.RaftServerConfigKeys (ConfUtils.java:logGet(44)) - raft.server.rpc.timeout.max = 5200ms (custom)
2022-02-02 13:24:11,178 [pool-172-thread-1] INFO  server.RaftServerConfigKeys (ConfUtils.java:logGet(44)) - raft.server.rpc.sleep.time = 25ms (default)
2022-02-02 13:24:11,178 [pool-172-thread-1] INFO  server.RaftServerConfigKeys (ConfUtils.java:logGet(44)) - raft.server.rpc.slowness.timeout = 300s (custom)
2022-02-02 13:24:11,178 [pool-172-thread-1] INFO  server.RaftServerConfigKeys (ConfUtils.java:logGet(44)) - raft.server.leaderelection.leader.step-down.wait-time = 10s (default)
2022-02-02 13:24:11,178 [pool-172-thread-1] INFO  server.RaftServerConfigKeys (ConfUtils.java:logGet(44)) - raft.server.sleep.deviation.threshold = 300ms (default)
2022-02-02 13:24:11,179 [pool-172-thread-1] INFO  server.RaftServerConfigKeys (ConfUtils.java:logGet(44)) - raft.server.log.appender.install.snapshot.enabled = false (custom)
2022-02-02 13:24:11,179 [pool-172-thread-1] INFO  server.RaftServer$Division (ServerState.java:<init>(105)) - 66cdd8a8-985e-41df-9c7f-d4882230ffd1@group-43ECD93931E6: ConfigurationManager, init=-1: [66cdd8a8-985e-41df-9c7f-d4882230ffd1|rpc:10.1.0.6:36517|priority:0, c44f0072-f5b5-4f28-a537-04f9bff53e0b|rpc:10.1.0.6:34445|priority:1, 1ddc7d50-2cfc-4bb3-877e-a1bd441c4cad|rpc:10.1.0.6:39783|priority:0], old=null, confs=<EMPTY_MAP>
2022-02-02 13:24:11,179 [pool-172-thread-1] INFO  server.RaftServerConfigKeys (ConfUtils.java:logGet(44)) - raft.server.storage.dir = [/home/runner/work/ozone/ozone/hadoop-ozone/integration-test/target/test-dir/MiniOzoneClusterImpl-eba4dfdc-c168-4ed6-b46b-d97e1dedacdc/datanode-2/data/ratis] (custom)
2022-02-02 13:24:11,179 [pool-172-thread-1] INFO  server.RaftServerConfigKeys (ConfUtils.java:logGet(44)) - raft.server.log.corruption.policy = EXCEPTION (default)
2022-02-02 13:24:11,179 [pool-172-thread-1] INFO  server.RaftServerConfigKeys (ConfUtils.java:logGet(44)) - raft.server.storage.free-space.min = 0MB (=0) (default)
2022-02-02 13:24:11,179 [pool-172-thread-1] INFO  storage.RaftStorageDirectory (RaftStorageDirectoryImpl.java:analyzeStorage(135)) - The storage directory /home/runner/work/ozone/ozone/hadoop-ozone/integration-test/target/test-dir/MiniOzoneClusterImpl-eba4dfdc-c168-4ed6-b46b-d97e1dedacdc/datanode-2/data/ratis/d92e7f27-f794-44e9-bb20-43ecd93931e6 does not exist. Creating ...
2022-02-02 13:24:11,182 [pool-172-thread-1] INFO  storage.RaftStorageDirectory (RaftStorageDirectoryImpl.java:tryLock(230)) - Lock on /home/runner/work/ozone/ozone/hadoop-ozone/integration-test/target/test-dir/MiniOzoneClusterImpl-eba4dfdc-c168-4ed6-b46b-d97e1dedacdc/datanode-2/data/ratis/d92e7f27-f794-44e9-bb20-43ecd93931e6/in_use.lock acquired by nodename 23947@fv-az294-450
2022-02-02 13:24:11,184 [pool-172-thread-1] INFO  storage.RaftStorage (RaftStorageImpl.java:format(89)) - Storage directory /home/runner/work/ozone/ozone/hadoop-ozone/integration-test/target/test-dir/MiniOzoneClusterImpl-eba4dfdc-c168-4ed6-b46b-d97e1dedacdc/datanode-2/data/ratis/d92e7f27-f794-44e9-bb20-43ecd93931e6 has been successfully formatted.
2022-02-02 13:24:11,184 [pool-172-thread-1] INFO  ratis.ContainerStateMachine (ContainerStateMachine.java:loadSnapshot(231)) - group-43ECD93931E6: The snapshot info is null. Setting the last applied indexto:(t:0, i:~)
2022-02-02 13:24:11,184 [pool-172-thread-1] INFO  server.RaftServerConfigKeys (ConfUtils.java:logGet(44)) - raft.server.notification.no-leader.timeout = 300s (custom)
2022-02-02 13:24:11,184 [pool-172-thread-1] INFO  server.RaftServerConfigKeys (ConfUtils.java:logGet(44)) - raft.server.log.use.memory = false (default)
2022-02-02 13:24:11,184 [pool-172-thread-1] INFO  server.RaftServerConfigKeys (ConfUtils.java:logGet(44)) - raft.server.log.purge.gap = 1000000 (custom)
2022-02-02 13:24:11,184 [pool-172-thread-1] INFO  server.RaftServerConfigKeys (ConfUtils.java:logGet(44)) - raft.server.log.appender.buffer.byte-limit = 33554432 (custom)
2022-02-02 13:24:11,185 [pool-172-thread-1] INFO  server.RaftServerConfigKeys (ConfUtils.java:logGet(44)) - raft.server.log.segment.size.max = 1048576 (custom)
2022-02-02 13:24:11,185 [pool-172-thread-1] INFO  server.RaftServerConfigKeys (ConfUtils.java:logGet(44)) - raft.server.log.segment.cache.num.max = 2 (custom)
2022-02-02 13:24:11,185 [pool-172-thread-1] INFO  server.RaftServerConfigKeys (ConfUtils.java:logGet(44)) - raft.server.log.segment.cache.size.max = 200MB (=209715200) (default)
2022-02-02 13:24:11,185 [pool-172-thread-1] INFO  segmented.SegmentedRaftLogWorker (SegmentedRaftLogWorker.java:<init>(182)) - new 66cdd8a8-985e-41df-9c7f-d4882230ffd1@group-43ECD93931E6-SegmentedRaftLogWorker for RaftStorageImpl:Storage Directory /home/runner/work/ozone/ozone/hadoop-ozone/integration-test/target/test-dir/MiniOzoneClusterImpl-eba4dfdc-c168-4ed6-b46b-d97e1dedacdc/datanode-2/data/ratis/d92e7f27-f794-44e9-bb20-43ecd93931e6
2022-02-02 13:24:11,185 [pool-172-thread-1] INFO  server.RaftServerConfigKeys (ConfUtils.java:logGet(44)) - raft.server.log.queue.byte-limit = 2147483647 (custom)
2022-02-02 13:24:11,185 [pool-172-thread-1] INFO  server.RaftServerConfigKeys (ConfUtils.java:logGet(44)) - raft.server.log.queue.element-limit = 1024 (custom)
2022-02-02 13:24:11,185 [pool-172-thread-1] INFO  server.RaftServerConfigKeys (ConfUtils.java:logGet(44)) - raft.server.log.segment.size.max = 1048576 (custom)
2022-02-02 13:24:11,185 [pool-172-thread-1] INFO  server.RaftServerConfigKeys (ConfUtils.java:logGet(44)) - raft.server.log.preallocated.size = 16384 (custom)
2022-02-02 13:24:11,185 [pool-172-thread-1] INFO  server.RaftServerConfigKeys (ConfUtils.java:logGet(44)) - raft.server.log.force.sync.num = 128 (default)
2022-02-02 13:24:11,186 [pool-172-thread-1] INFO  server.RaftServerConfigKeys (ConfUtils.java:logGet(44)) - raft.server.log.statemachine.data.sync = true (default)
2022-02-02 13:24:11,186 [pool-172-thread-1] INFO  server.RaftServerConfigKeys (ConfUtils.java:logGet(44)) - raft.server.log.statemachine.data.sync.timeout = 10s (default)
2022-02-02 13:24:11,186 [pool-172-thread-1] INFO  server.RaftServerConfigKeys (ConfUtils.java:logGet(44)) - raft.server.log.statemachine.data.sync.timeout.retry = -1 (default)
2022-02-02 13:24:11,186 [pool-172-thread-1] INFO  server.RaftServerConfigKeys (ConfUtils.java:logGet(44)) - raft.server.log.write.buffer.size = 1048576 (custom)
2022-02-02 13:24:11,187 [pool-172-thread-1] INFO  server.RaftServerConfigKeys (ConfUtils.java:logGet(44)) - raft.server.log.statemachine.data.caching.enabled = true (custom)
2022-02-02 13:24:11,187 [pool-172-thread-1] INFO  segmented.SegmentedRaftLogWorker (SegmentedRaftLogWorker.java:lambda$new$0(133)) - 66cdd8a8-985e-41df-9c7f-d4882230ffd1@group-43ECD93931E6-SegmentedRaftLogWorker: flushIndex: setUnconditionally 0 -> -1
2022-02-02 13:24:11,187 [pool-172-thread-1] INFO  segmented.SegmentedRaftLogWorker (SegmentedRaftLogWorker.java:lambda$new$0(133)) - 66cdd8a8-985e-41df-9c7f-d4882230ffd1@group-43ECD93931E6-SegmentedRaftLogWorker: safeCacheEvictIndex: setUnconditionally 0 -> -1
2022-02-02 13:24:11,188 [pool-172-thread-1] INFO  server.RaftServerConfigKeys (ConfUtils.java:logGet(44)) - raft.server.snapshot.auto.trigger.enabled = true (custom)
2022-02-02 13:24:11,188 [pool-172-thread-1] INFO  server.RaftServerConfigKeys (ConfUtils.java:logGet(44)) - raft.server.snapshot.auto.trigger.threshold = 10000 (custom)
2022-02-02 13:24:11,188 [pool-172-thread-1] INFO  server.RaftServerConfigKeys (ConfUtils.java:logGet(44)) - raft.server.snapshot.retention.file.num = 5 (custom)
2022-02-02 13:24:11,188 [pool-172-thread-1] INFO  server.RaftServerConfigKeys (ConfUtils.java:logGet(44)) - raft.server.log.purge.upto.snapshot.index = false (default)
2022-02-02 13:24:11,188 [pool-172-thread-1] INFO  server.RaftServerConfigKeys (ConfUtils.java:logGet(44)) - raft.server.retrycache.expirytime = 600000ms (custom)
2022-02-02 13:24:11,188 [pool-172-thread-1] INFO  server.RaftServerConfigKeys (ConfUtils.java:logGet(44)) - raft.server.retrycache.statistics.expirytime = 100μs (default)
2022-02-02 13:24:11,189 [pool-172-thread-1] INFO  server.RaftServer$Division (RaftServerImpl.java:start(301)) - 66cdd8a8-985e-41df-9c7f-d4882230ffd1@group-43ECD93931E6: start as a follower, conf=-1: [66cdd8a8-985e-41df-9c7f-d4882230ffd1|rpc:10.1.0.6:36517|priority:0, c44f0072-f5b5-4f28-a537-04f9bff53e0b|rpc:10.1.0.6:34445|priority:1, 1ddc7d50-2cfc-4bb3-877e-a1bd441c4cad|rpc:10.1.0.6:39783|priority:0], old=null
2022-02-02 13:24:11,189 [pool-172-thread-1] INFO  server.RaftServer$Division (RaftServerImpl.java:setRole(290)) - 66cdd8a8-985e-41df-9c7f-d4882230ffd1@group-43ECD93931E6: changes role from      null to FOLLOWER at term 0 for startAsFollower
2022-02-02 13:24:11,189 [pool-172-thread-1] INFO  impl.RoleInfo (RoleInfo.java:updateAndGet(130)) - 66cdd8a8-985e-41df-9c7f-d4882230ffd1: start 66cdd8a8-985e-41df-9c7f-d4882230ffd1@group-43ECD93931E6-FollowerState
2022-02-02 13:24:11,189 [EventQueue-OpenPipelineForHealthyPipelineSafeModeRule] INFO  safemode.SCMSafeModeManager (HealthyPipelineSafeModeRule.java:process(124)) - SCM in safe mode. Healthy pipelines reported count is 0, required healthy pipeline reported count is 1
2022-02-02 13:24:11,193 [pool-172-thread-1] INFO  util.JmxRegister (JmxRegister.java:tryRegister(44)) - Successfully registered JMX Bean with object name Ratis:service=RaftServer,group=group-43ECD93931E6,id=66cdd8a8-985e-41df-9c7f-d4882230ffd1
2022-02-02 13:24:11,196 [Command processor thread] INFO  ratis.XceiverServerRatis (XceiverServerRatis.java:addGroup(768)) - Created group PipelineID=d92e7f27-f794-44e9-bb20-43ecd93931e6
2022-02-02 13:24:11,466 [Command processor thread] INFO  commandhandler.CreatePipelineCommandHandler (CreatePipelineCommandHandler.java:handle(106)) - Created Pipeline RATIS THREE PipelineID=d92e7f27-f794-44e9-bb20-43ecd93931e6.
2022-02-02 13:24:11,475 [Command processor thread] INFO  commandhandler.CreatePipelineCommandHandler (CreatePipelineCommandHandler.java:handle(106)) - Created Pipeline RATIS THREE PipelineID=d92e7f27-f794-44e9-bb20-43ecd93931e6.
2022-02-02 13:24:11,476 [Command processor thread] INFO  commandhandler.CreatePipelineCommandHandler (CreatePipelineCommandHandler.java:handle(106)) - Created Pipeline RATIS THREE PipelineID=d92e7f27-f794-44e9-bb20-43ecd93931e6.
2022-02-02 13:24:12,085 [Listener at 127.0.0.1/38049] INFO  ozone.MiniOzoneClusterImpl (MiniOzoneClusterImpl.java:lambda$waitForClusterToBeReady$0(219)) - Nodes are ready. Got 3 of 3 DN Heartbeats.
2022-02-02 13:24:12,085 [Listener at 127.0.0.1/38049] INFO  ozone.MiniOzoneClusterImpl (MiniOzoneClusterImpl.java:lambda$waitForClusterToBeReady$0(222)) - Waiting for cluster to exit safe mode
2022-02-02 13:24:12,085 [Listener at 127.0.0.1/38049] INFO  ozone.MiniOzoneClusterImpl (MiniOzoneClusterImpl.java:lambda$waitForClusterToBeReady$0(224)) - SCM became leader
2022-02-02 13:24:13,085 [Listener at 127.0.0.1/38049] INFO  ozone.MiniOzoneClusterImpl (MiniOzoneClusterImpl.java:lambda$waitForClusterToBeReady$0(219)) - Nodes are ready. Got 3 of 3 DN Heartbeats.
2022-02-02 13:24:13,085 [Listener at 127.0.0.1/38049] INFO  ozone.MiniOzoneClusterImpl (MiniOzoneClusterImpl.java:lambda$waitForClusterToBeReady$0(222)) - Waiting for cluster to exit safe mode
2022-02-02 13:24:13,086 [Listener at 127.0.0.1/38049] INFO  ozone.MiniOzoneClusterImpl (MiniOzoneClusterImpl.java:lambda$waitForClusterToBeReady$0(224)) - SCM became leader
2022-02-02 13:24:14,086 [Listener at 127.0.0.1/38049] INFO  ozone.MiniOzoneClusterImpl (MiniOzoneClusterImpl.java:lambda$waitForClusterToBeReady$0(219)) - Nodes are ready. Got 3 of 3 DN Heartbeats.
2022-02-02 13:24:14,086 [Listener at 127.0.0.1/38049] INFO  ozone.MiniOzoneClusterImpl (MiniOzoneClusterImpl.java:lambda$waitForClusterToBeReady$0(222)) - Waiting for cluster to exit safe mode
2022-02-02 13:24:14,086 [Listener at 127.0.0.1/38049] INFO  ozone.MiniOzoneClusterImpl (MiniOzoneClusterImpl.java:lambda$waitForClusterToBeReady$0(224)) - SCM became leader
2022-02-02 13:24:15,086 [Listener at 127.0.0.1/38049] INFO  ozone.MiniOzoneClusterImpl (MiniOzoneClusterImpl.java:lambda$waitForClusterToBeReady$0(219)) - Nodes are ready. Got 3 of 3 DN Heartbeats.
2022-02-02 13:24:15,087 [Listener at 127.0.0.1/38049] INFO  ozone.MiniOzoneClusterImpl (MiniOzoneClusterImpl.java:lambda$waitForClusterToBeReady$0(222)) - Waiting for cluster to exit safe mode
2022-02-02 13:24:15,087 [Listener at 127.0.0.1/38049] INFO  ozone.MiniOzoneClusterImpl (MiniOzoneClusterImpl.java:lambda$waitForClusterToBeReady$0(224)) - SCM became leader
2022-02-02 13:24:15,749 [1ddc7d50-2cfc-4bb3-877e-a1bd441c4cad@group-43ECD93931E6-FollowerState] INFO  impl.FollowerState (FollowerState.java:run(134)) - 1ddc7d50-2cfc-4bb3-877e-a1bd441c4cad@group-43ECD93931E6-FollowerState: change to CANDIDATE, lastRpcElapsedTime:5021010089ns, electionTimeout:5020ms
2022-02-02 13:24:15,750 [1ddc7d50-2cfc-4bb3-877e-a1bd441c4cad@group-43ECD93931E6-FollowerState] INFO  impl.RoleInfo (RoleInfo.java:shutdownFollowerState(108)) - 1ddc7d50-2cfc-4bb3-877e-a1bd441c4cad: shutdown 1ddc7d50-2cfc-4bb3-877e-a1bd441c4cad@group-43ECD93931E6-FollowerState
2022-02-02 13:24:15,750 [1ddc7d50-2cfc-4bb3-877e-a1bd441c4cad@group-43ECD93931E6-FollowerState] INFO  server.RaftServer$Division (RaftServerImpl.java:setRole(290)) - 1ddc7d50-2cfc-4bb3-877e-a1bd441c4cad@group-43ECD93931E6: changes role from  FOLLOWER to CANDIDATE at term 0 for changeToCandidate
2022-02-02 13:24:15,751 [1ddc7d50-2cfc-4bb3-877e-a1bd441c4cad@group-43ECD93931E6-FollowerState] INFO  server.RaftServerConfigKeys (ConfUtils.java:logGet(44)) - raft.server.leaderelection.pre-vote = false (custom)
2022-02-02 13:24:15,751 [1ddc7d50-2cfc-4bb3-877e-a1bd441c4cad@group-43ECD93931E6-FollowerState] INFO  impl.RoleInfo (RoleInfo.java:updateAndGet(130)) - 1ddc7d50-2cfc-4bb3-877e-a1bd441c4cad: start 1ddc7d50-2cfc-4bb3-877e-a1bd441c4cad@group-43ECD93931E6-LeaderElection7
2022-02-02 13:24:15,760 [1ddc7d50-2cfc-4bb3-877e-a1bd441c4cad@group-43ECD93931E6-LeaderElection7] INFO  impl.LeaderElection (LeaderElection.java:askForVotes(306)) - 1ddc7d50-2cfc-4bb3-877e-a1bd441c4cad@group-43ECD93931E6-LeaderElection7 ELECTION round 0: submit vote requests at term 1 for -1: [66cdd8a8-985e-41df-9c7f-d4882230ffd1|rpc:10.1.0.6:36517|priority:0, c44f0072-f5b5-4f28-a537-04f9bff53e0b|rpc:10.1.0.6:34445|priority:1, 1ddc7d50-2cfc-4bb3-877e-a1bd441c4cad|rpc:10.1.0.6:39783|priority:0], old=null
2022-02-02 13:24:15,786 [grpc-default-executor-0] INFO  server.RaftServer$Division (RaftServerImpl.java:requestVote(1046)) - 66cdd8a8-985e-41df-9c7f-d4882230ffd1@group-43ECD93931E6: receive requestVote(ELECTION, 1ddc7d50-2cfc-4bb3-877e-a1bd441c4cad, group-43ECD93931E6, 1, (t:0, i:0))
2022-02-02 13:24:15,787 [grpc-default-executor-0] INFO  impl.VoteContext (VoteContext.java:log(48)) - 66cdd8a8-985e-41df-9c7f-d4882230ffd1@group-43ECD93931E6-FOLLOWER: accept ELECTION from 1ddc7d50-2cfc-4bb3-877e-a1bd441c4cad: our priority 0 <= candidate's priority 0
2022-02-02 13:24:15,788 [grpc-default-executor-0] INFO  server.RaftServer$Division (RaftServerImpl.java:setRole(290)) - 66cdd8a8-985e-41df-9c7f-d4882230ffd1@group-43ECD93931E6: changes role from  FOLLOWER to FOLLOWER at term 1 for candidate:1ddc7d50-2cfc-4bb3-877e-a1bd441c4cad
2022-02-02 13:24:15,788 [grpc-default-executor-0] INFO  impl.RoleInfo (RoleInfo.java:shutdownFollowerState(108)) - 66cdd8a8-985e-41df-9c7f-d4882230ffd1: shutdown 66cdd8a8-985e-41df-9c7f-d4882230ffd1@group-43ECD93931E6-FollowerState
2022-02-02 13:24:15,788 [grpc-default-executor-0] INFO  impl.RoleInfo (RoleInfo.java:updateAndGet(130)) - 66cdd8a8-985e-41df-9c7f-d4882230ffd1: start 66cdd8a8-985e-41df-9c7f-d4882230ffd1@group-43ECD93931E6-FollowerState
2022-02-02 13:24:15,788 [66cdd8a8-985e-41df-9c7f-d4882230ffd1@group-43ECD93931E6-FollowerState] INFO  impl.FollowerState (FollowerState.java:run(143)) - 66cdd8a8-985e-41df-9c7f-d4882230ffd1@group-43ECD93931E6-FollowerState was interrupted: {}
java.lang.InterruptedException: sleep interrupted
	at java.lang.Thread.sleep(Native Method)
	at java.lang.Thread.sleep(Thread.java:340)
	at java.util.concurrent.TimeUnit.sleep(TimeUnit.java:386)
	at org.apache.ratis.util.TimeDuration.sleep(TimeDuration.java:324)
	at org.apache.ratis.util.TimeDuration.sleep(TimeDuration.java:309)
	at org.apache.ratis.server.impl.FollowerState.run(FollowerState.java:118)
2022-02-02 13:24:15,804 [grpc-default-executor-0] INFO  server.RaftServer$Division (RaftServerImpl.java:requestVote(1078)) - 66cdd8a8-985e-41df-9c7f-d4882230ffd1@group-43ECD93931E6 replies to ELECTION vote request: 1ddc7d50-2cfc-4bb3-877e-a1bd441c4cad<-66cdd8a8-985e-41df-9c7f-d4882230ffd1#0:OK-t1. Peer's state: 66cdd8a8-985e-41df-9c7f-d4882230ffd1@group-43ECD93931E6:t1, leader=null, voted=1ddc7d50-2cfc-4bb3-877e-a1bd441c4cad, raftlog=66cdd8a8-985e-41df-9c7f-d4882230ffd1@group-43ECD93931E6-SegmentedRaftLog:OPENED:c-1, conf=-1: [66cdd8a8-985e-41df-9c7f-d4882230ffd1|rpc:10.1.0.6:36517|priority:0, c44f0072-f5b5-4f28-a537-04f9bff53e0b|rpc:10.1.0.6:34445|priority:1, 1ddc7d50-2cfc-4bb3-877e-a1bd441c4cad|rpc:10.1.0.6:39783|priority:0], old=null
2022-02-02 13:24:15,806 [grpc-default-executor-2] INFO  server.RaftServer$Division (RaftServerImpl.java:requestVote(1046)) - c44f0072-f5b5-4f28-a537-04f9bff53e0b@group-43ECD93931E6: receive requestVote(ELECTION, 1ddc7d50-2cfc-4bb3-877e-a1bd441c4cad, group-43ECD93931E6, 1, (t:0, i:0))
2022-02-02 13:24:15,807 [grpc-default-executor-2] INFO  impl.VoteContext (VoteContext.java:log(48)) - c44f0072-f5b5-4f28-a537-04f9bff53e0b@group-43ECD93931E6-FOLLOWER: reject ELECTION from 1ddc7d50-2cfc-4bb3-877e-a1bd441c4cad: our priority 1 > candidate's priority 0
2022-02-02 13:24:15,807 [grpc-default-executor-2] INFO  server.RaftServer$Division (RaftServerImpl.java:setRole(290)) - c44f0072-f5b5-4f28-a537-04f9bff53e0b@group-43ECD93931E6: changes role from  FOLLOWER to FOLLOWER at term 1 for candidate:1ddc7d50-2cfc-4bb3-877e-a1bd441c4cad
2022-02-02 13:24:15,807 [grpc-default-executor-2] INFO  impl.RoleInfo (RoleInfo.java:shutdownFollowerState(108)) - c44f0072-f5b5-4f28-a537-04f9bff53e0b: shutdown c44f0072-f5b5-4f28-a537-04f9bff53e0b@group-43ECD93931E6-FollowerState
2022-02-02 13:24:15,807 [grpc-default-executor-2] INFO  impl.RoleInfo (RoleInfo.java:updateAndGet(130)) - c44f0072-f5b5-4f28-a537-04f9bff53e0b: start c44f0072-f5b5-4f28-a537-04f9bff53e0b@group-43ECD93931E6-FollowerState
2022-02-02 13:24:15,807 [c44f0072-f5b5-4f28-a537-04f9bff53e0b@group-43ECD93931E6-FollowerState] INFO  impl.FollowerState (FollowerState.java:run(143)) - c44f0072-f5b5-4f28-a537-04f9bff53e0b@group-43ECD93931E6-FollowerState was interrupted: {}
java.lang.InterruptedException: sleep interrupted
	at java.lang.Thread.sleep(Native Method)
	at java.lang.Thread.sleep(Thread.java:340)
	at java.util.concurrent.TimeUnit.sleep(TimeUnit.java:386)
	at org.apache.ratis.util.TimeDuration.sleep(TimeDuration.java:324)
	at org.apache.ratis.util.TimeDuration.sleep(TimeDuration.java:309)
	at org.apache.ratis.server.impl.FollowerState.run(FollowerState.java:118)
2022-02-02 13:24:15,814 [grpc-default-executor-2] INFO  server.RaftServer$Division (RaftServerImpl.java:requestVote(1078)) - c44f0072-f5b5-4f28-a537-04f9bff53e0b@group-43ECD93931E6 replies to ELECTION vote request: 1ddc7d50-2cfc-4bb3-877e-a1bd441c4cad<-c44f0072-f5b5-4f28-a537-04f9bff53e0b#0:FAIL-t1. Peer's state: c44f0072-f5b5-4f28-a537-04f9bff53e0b@group-43ECD93931E6:t1, leader=null, voted=null, raftlog=c44f0072-f5b5-4f28-a537-04f9bff53e0b@group-43ECD93931E6-SegmentedRaftLog:OPENED:c-1, conf=-1: [66cdd8a8-985e-41df-9c7f-d4882230ffd1|rpc:10.1.0.6:36517|priority:0, c44f0072-f5b5-4f28-a537-04f9bff53e0b|rpc:10.1.0.6:34445|priority:1, 1ddc7d50-2cfc-4bb3-877e-a1bd441c4cad|rpc:10.1.0.6:39783|priority:0], old=null
2022-02-02 13:24:15,818 [1ddc7d50-2cfc-4bb3-877e-a1bd441c4cad@group-43ECD93931E6-LeaderElection7] INFO  impl.LeaderElection (LeaderElection.java:logAndReturn(89)) - 1ddc7d50-2cfc-4bb3-877e-a1bd441c4cad@group-43ECD93931E6-LeaderElection7: ELECTION REJECTED received 2 response(s) and 0 exception(s):
2022-02-02 13:24:15,818 [1ddc7d50-2cfc-4bb3-877e-a1bd441c4cad@group-43ECD93931E6-LeaderElection7] INFO  impl.LeaderElection (LeaderElection.java:logAndReturn(93)) -   Response 0: 1ddc7d50-2cfc-4bb3-877e-a1bd441c4cad<-66cdd8a8-985e-41df-9c7f-d4882230ffd1#0:OK-t1
2022-02-02 13:24:15,818 [1ddc7d50-2cfc-4bb3-877e-a1bd441c4cad@group-43ECD93931E6-LeaderElection7] INFO  impl.LeaderElection (LeaderElection.java:logAndReturn(93)) -   Response 1: 1ddc7d50-2cfc-4bb3-877e-a1bd441c4cad<-c44f0072-f5b5-4f28-a537-04f9bff53e0b#0:FAIL-t1
2022-02-02 13:24:15,818 [1ddc7d50-2cfc-4bb3-877e-a1bd441c4cad@group-43ECD93931E6-LeaderElection7] INFO  impl.LeaderElection (LeaderElection.java:askForVotes(308)) - 1ddc7d50-2cfc-4bb3-877e-a1bd441c4cad@group-43ECD93931E6-LeaderElection7 ELECTION round 0: result REJECTED
2022-02-02 13:24:15,818 [1ddc7d50-2cfc-4bb3-877e-a1bd441c4cad@group-43ECD93931E6-LeaderElection7] INFO  server.RaftServer$Division (RaftServerImpl.java:setRole(290)) - 1ddc7d50-2cfc-4bb3-877e-a1bd441c4cad@group-43ECD93931E6: changes role from CANDIDATE to FOLLOWER at term 1 for REJECTED
2022-02-02 13:24:15,818 [1ddc7d50-2cfc-4bb3-877e-a1bd441c4cad@group-43ECD93931E6-LeaderElection7] INFO  impl.RoleInfo (RoleInfo.java:shutdownLeaderElection(121)) - 1ddc7d50-2cfc-4bb3-877e-a1bd441c4cad: shutdown 1ddc7d50-2cfc-4bb3-877e-a1bd441c4cad@group-43ECD93931E6-LeaderElection7
2022-02-02 13:24:15,818 [1ddc7d50-2cfc-4bb3-877e-a1bd441c4cad@group-43ECD93931E6-LeaderElection7] INFO  impl.RoleInfo (RoleInfo.java:updateAndGet(130)) - 1ddc7d50-2cfc-4bb3-877e-a1bd441c4cad: start 1ddc7d50-2cfc-4bb3-877e-a1bd441c4cad@group-43ECD93931E6-FollowerState
2022-02-02 13:24:15,887 [1ddc7d50-2cfc-4bb3-877e-a1bd441c4cad@group-E13AB9FC1D5E-FollowerState] INFO  impl.FollowerState (FollowerState.java:run(134)) - 1ddc7d50-2cfc-4bb3-877e-a1bd441c4cad@group-E13AB9FC1D5E-FollowerState: change to CANDIDATE, lastRpcElapsedTime:5194490246ns, electionTimeout:5188ms
2022-02-02 13:24:15,888 [1ddc7d50-2cfc-4bb3-877e-a1bd441c4cad@group-E13AB9FC1D5E-FollowerState] INFO  impl.RoleInfo (RoleInfo.java:shutdownFollowerState(108)) - 1ddc7d50-2cfc-4bb3-877e-a1bd441c4cad: shutdown 1ddc7d50-2cfc-4bb3-877e-a1bd441c4cad@group-E13AB9FC1D5E-FollowerState
2022-02-02 13:24:15,888 [1ddc7d50-2cfc-4bb3-877e-a1bd441c4cad@group-E13AB9FC1D5E-FollowerState] INFO  server.RaftServer$Division (RaftServerImpl.java:setRole(290)) - 1ddc7d50-2cfc-4bb3-877e-a1bd441c4cad@group-E13AB9FC1D5E: changes role from  FOLLOWER to CANDIDATE at term 0 for changeToCandidate
2022-02-02 13:24:15,888 [1ddc7d50-2cfc-4bb3-877e-a1bd441c4cad@group-E13AB9FC1D5E-FollowerState] INFO  server.RaftServerConfigKeys (ConfUtils.java:logGet(44)) - raft.server.leaderelection.pre-vote = false (custom)
2022-02-02 13:24:15,888 [1ddc7d50-2cfc-4bb3-877e-a1bd441c4cad@group-E13AB9FC1D5E-FollowerState] INFO  impl.RoleInfo (RoleInfo.java:updateAndGet(130)) - 1ddc7d50-2cfc-4bb3-877e-a1bd441c4cad: start 1ddc7d50-2cfc-4bb3-877e-a1bd441c4cad@group-E13AB9FC1D5E-LeaderElection8
2022-02-02 13:24:15,897 [1ddc7d50-2cfc-4bb3-877e-a1bd441c4cad@group-E13AB9FC1D5E-LeaderElection8] INFO  impl.LeaderElection (LeaderElection.java:askForVotes(306)) - 1ddc7d50-2cfc-4bb3-877e-a1bd441c4cad@group-E13AB9FC1D5E-LeaderElection8 ELECTION round 0: submit vote requests at term 1 for -1: [1ddc7d50-2cfc-4bb3-877e-a1bd441c4cad|rpc:10.1.0.6:39783|priority:1], old=null
2022-02-02 13:24:15,897 [1ddc7d50-2cfc-4bb3-877e-a1bd441c4cad@group-E13AB9FC1D5E-LeaderElection8] INFO  impl.LeaderElection (LeaderElection.java:askForVotes(308)) - 1ddc7d50-2cfc-4bb3-877e-a1bd441c4cad@group-E13AB9FC1D5E-LeaderElection8 ELECTION round 0: result PASSED (term=1)
2022-02-02 13:24:15,897 [1ddc7d50-2cfc-4bb3-877e-a1bd441c4cad@group-E13AB9FC1D5E-LeaderElection8] INFO  impl.RoleInfo (RoleInfo.java:shutdownLeaderElection(121)) - 1ddc7d50-2cfc-4bb3-877e-a1bd441c4cad: shutdown 1ddc7d50-2cfc-4bb3-877e-a1bd441c4cad@group-E13AB9FC1D5E-LeaderElection8
2022-02-02 13:24:15,897 [1ddc7d50-2cfc-4bb3-877e-a1bd441c4cad@group-E13AB9FC1D5E-LeaderElection8] INFO  server.RaftServer$Division (RaftServerImpl.java:setRole(290)) - 1ddc7d50-2cfc-4bb3-877e-a1bd441c4cad@group-E13AB9FC1D5E: changes role from CANDIDATE to LEADER at term 1 for changeToLeader
2022-02-02 13:24:15,897 [1ddc7d50-2cfc-4bb3-877e-a1bd441c4cad@group-E13AB9FC1D5E-LeaderElection8] INFO  ratis.XceiverServerRatis (XceiverServerRatis.java:handleLeaderChangedNotification(866)) - Leader change notification received for group: group-E13AB9FC1D5E with new leaderId: 1ddc7d50-2cfc-4bb3-877e-a1bd441c4cad
2022-02-02 13:24:15,898 [1ddc7d50-2cfc-4bb3-877e-a1bd441c4cad@group-E13AB9FC1D5E-LeaderElection8] INFO  server.RaftServer$Division (ServerState.java:setLeader(285)) - 1ddc7d50-2cfc-4bb3-877e-a1bd441c4cad@group-E13AB9FC1D5E: change Leader from null to 1ddc7d50-2cfc-4bb3-877e-a1bd441c4cad at term 1 for becomeLeader, leader elected after 5249ms
2022-02-02 13:24:15,898 [1ddc7d50-2cfc-4bb3-877e-a1bd441c4cad@group-E13AB9FC1D5E-LeaderElection8] INFO  server.RaftServerConfigKeys (ConfUtils.java:logGet(44)) - raft.server.staging.catchup.gap = 1000 (default)
2022-02-02 13:24:15,899 [1ddc7d50-2cfc-4bb3-877e-a1bd441c4cad@group-E13AB9FC1D5E-LeaderElection8] INFO  server.RaftServerConfigKeys (ConfUtils.java:logGet(44)) - raft.server.write.element-limit = 1024 (custom)
2022-02-02 13:24:15,899 [1ddc7d50-2cfc-4bb3-877e-a1bd441c4cad@group-E13AB9FC1D5E-LeaderElection8] INFO  server.RaftServerConfigKeys (ConfUtils.java:logGet(44)) - raft.server.write.byte-limit = 1024 M (=1073741824) (custom)
2022-02-02 13:24:15,899 [1ddc7d50-2cfc-4bb3-877e-a1bd441c4cad@group-E13AB9FC1D5E-LeaderElection8] INFO  server.RaftServerConfigKeys (ConfUtils.java:logGet(44)) - raft.server.watch.timeout = 180s (custom)
2022-02-02 13:24:15,900 [1ddc7d50-2cfc-4bb3-877e-a1bd441c4cad@group-E13AB9FC1D5E-LeaderElection8] INFO  server.RaftServerConfigKeys (ConfUtils.java:logGet(44)) - raft.server.watch.timeout.denomination = 1s (default)
2022-02-02 13:24:15,900 [1ddc7d50-2cfc-4bb3-877e-a1bd441c4cad@group-E13AB9FC1D5E-LeaderElection8] INFO  server.RaftServerConfigKeys (ConfUtils.java:logGet(44)) - raft.server.watch.element-limit = 65536 (default)
2022-02-02 13:24:15,900 [1ddc7d50-2cfc-4bb3-877e-a1bd441c4cad@group-E13AB9FC1D5E-LeaderElection8] INFO  server.RaftServerConfigKeys (ConfUtils.java:logGet(44)) - raft.server.write.element-limit = 1024 (custom)
2022-02-02 13:24:15,902 [1ddc7d50-2cfc-4bb3-877e-a1bd441c4cad@group-E13AB9FC1D5E-LeaderElection8] INFO  server.RaftServerConfigKeys (ConfUtils.java:logGet(44)) - raft.server.write.follower.gap.ratio.max = -1.0 (default)
2022-02-02 13:24:15,902 [1ddc7d50-2cfc-4bb3-877e-a1bd441c4cad@group-E13AB9FC1D5E-LeaderElection8] INFO  impl.RoleInfo (RoleInfo.java:updateAndGet(130)) - 1ddc7d50-2cfc-4bb3-877e-a1bd441c4cad: start 1ddc7d50-2cfc-4bb3-877e-a1bd441c4cad@group-E13AB9FC1D5E-LeaderStateImpl
2022-02-02 13:24:15,901 [EventQueue-OpenPipelineForHealthyPipelineSafeModeRule] INFO  safemode.SCMSafeModeManager (HealthyPipelineSafeModeRule.java:process(124)) - SCM in safe mode. Healthy pipelines reported count is 0, required healthy pipeline reported count is 1
2022-02-02 13:24:15,905 [1ddc7d50-2cfc-4bb3-877e-a1bd441c4cad@group-E13AB9FC1D5E-LeaderElection8] INFO  segmented.SegmentedRaftLogWorker (SegmentedRaftLogWorker.java:startLogSegment(394)) - 1ddc7d50-2cfc-4bb3-877e-a1bd441c4cad@group-E13AB9FC1D5E-SegmentedRaftLogWorker: Starting segment from index:0
2022-02-02 13:24:15,909 [1ddc7d50-2cfc-4bb3-877e-a1bd441c4cad@group-E13AB9FC1D5E-LeaderElection8] INFO  server.RaftServer$Division (ServerState.java:setRaftConf(387)) - 1ddc7d50-2cfc-4bb3-877e-a1bd441c4cad@group-E13AB9FC1D5E: set configuration 0: [1ddc7d50-2cfc-4bb3-877e-a1bd441c4cad|rpc:10.1.0.6:39783|dataStream:|priority:1], old=null
2022-02-02 13:24:15,910 [1ddc7d50-2cfc-4bb3-877e-a1bd441c4cad@group-E13AB9FC1D5E-SegmentedRaftLogWorker] INFO  segmented.SegmentedRaftLogWorker (SegmentedRaftLogWorker.java:execute(601)) - 1ddc7d50-2cfc-4bb3-877e-a1bd441c4cad@group-E13AB9FC1D5E-SegmentedRaftLogWorker: created new log segment /home/runner/work/ozone/ozone/hadoop-ozone/integration-test/target/test-dir/MiniOzoneClusterImpl-eba4dfdc-c168-4ed6-b46b-d97e1dedacdc/datanode-0/data/ratis/7e4a1911-c597-4b27-a421-e13ab9fc1d5e/current/log_inprogress_0
2022-02-02 13:24:16,006 [c44f0072-f5b5-4f28-a537-04f9bff53e0b@group-3E58DEF7127D-FollowerState] INFO  impl.FollowerState (FollowerState.java:run(134)) - c44f0072-f5b5-4f28-a537-04f9bff53e0b@group-3E58DEF7127D-FollowerState: change to CANDIDATE, lastRpcElapsedTime:5094988346ns, electionTimeout:5093ms
2022-02-02 13:24:16,006 [c44f0072-f5b5-4f28-a537-04f9bff53e0b@group-3E58DEF7127D-FollowerState] INFO  impl.RoleInfo (RoleInfo.java:shutdownFollowerState(108)) - c44f0072-f5b5-4f28-a537-04f9bff53e0b: shutdown c44f0072-f5b5-4f28-a537-04f9bff53e0b@group-3E58DEF7127D-FollowerState
2022-02-02 13:24:16,007 [c44f0072-f5b5-4f28-a537-04f9bff53e0b@group-3E58DEF7127D-FollowerState] INFO  server.RaftServer$Division (RaftServerImpl.java:setRole(290)) - c44f0072-f5b5-4f28-a537-04f9bff53e0b@group-3E58DEF7127D: changes role from  FOLLOWER to CANDIDATE at term 0 for changeToCandidate
2022-02-02 13:24:16,008 [c44f0072-f5b5-4f28-a537-04f9bff53e0b@group-3E58DEF7127D-FollowerState] INFO  server.RaftServerConfigKeys (ConfUtils.java:logGet(44)) - raft.server.leaderelection.pre-vote = false (custom)
2022-02-02 13:24:16,008 [c44f0072-f5b5-4f28-a537-04f9bff53e0b@group-3E58DEF7127D-FollowerState] INFO  impl.RoleInfo (RoleInfo.java:updateAndGet(130)) - c44f0072-f5b5-4f28-a537-04f9bff53e0b: start c44f0072-f5b5-4f28-a537-04f9bff53e0b@group-3E58DEF7127D-LeaderElection9
2022-02-02 13:24:16,013 [c44f0072-f5b5-4f28-a537-04f9bff53e0b@group-3E58DEF7127D-LeaderElection9] INFO  impl.LeaderElection (LeaderElection.java:askForVotes(306)) - c44f0072-f5b5-4f28-a537-04f9bff53e0b@group-3E58DEF7127D-LeaderElection9 ELECTION round 0: submit vote requests at term 1 for -1: [c44f0072-f5b5-4f28-a537-04f9bff53e0b|rpc:10.1.0.6:34445|priority:1], old=null
2022-02-02 13:24:16,014 [c44f0072-f5b5-4f28-a537-04f9bff53e0b@group-3E58DEF7127D-LeaderElection9] INFO  impl.LeaderElection (LeaderElection.java:askForVotes(308)) - c44f0072-f5b5-4f28-a537-04f9bff53e0b@group-3E58DEF7127D-LeaderElection9 ELECTION round 0: result PASSED (term=1)
2022-02-02 13:24:16,014 [c44f0072-f5b5-4f28-a537-04f9bff53e0b@group-3E58DEF7127D-LeaderElection9] INFO  impl.RoleInfo (RoleInfo.java:shutdownLeaderElection(121)) - c44f0072-f5b5-4f28-a537-04f9bff53e0b: shutdown c44f0072-f5b5-4f28-a537-04f9bff53e0b@group-3E58DEF7127D-LeaderElection9
2022-02-02 13:24:16,014 [c44f0072-f5b5-4f28-a537-04f9bff53e0b@group-3E58DEF7127D-LeaderElection9] INFO  server.RaftServer$Division (RaftServerImpl.java:setRole(290)) - c44f0072-f5b5-4f28-a537-04f9bff53e0b@group-3E58DEF7127D: changes role from CANDIDATE to LEADER at term 1 for changeToLeader
2022-02-02 13:24:16,014 [c44f0072-f5b5-4f28-a537-04f9bff53e0b@group-3E58DEF7127D-LeaderElection9] INFO  ratis.XceiverServerRatis (XceiverServerRatis.java:handleLeaderChangedNotification(866)) - Leader change notification received for group: group-3E58DEF7127D with new leaderId: c44f0072-f5b5-4f28-a537-04f9bff53e0b
2022-02-02 13:24:16,016 [EventQueue-OpenPipelineForHealthyPipelineSafeModeRule] INFO  safemode.SCMSafeModeManager (HealthyPipelineSafeModeRule.java:process(124)) - SCM in safe mode. Healthy pipelines reported count is 0, required healthy pipeline reported count is 1
2022-02-02 13:24:16,018 [c44f0072-f5b5-4f28-a537-04f9bff53e0b@group-3E58DEF7127D-LeaderElection9] INFO  server.RaftServer$Division (ServerState.java:setLeader(285)) - c44f0072-f5b5-4f28-a537-04f9bff53e0b@group-3E58DEF7127D: change Leader from null to c44f0072-f5b5-4f28-a537-04f9bff53e0b at term 1 for becomeLeader, leader elected after 5135ms
2022-02-02 13:24:16,019 [c44f0072-f5b5-4f28-a537-04f9bff53e0b@group-3E58DEF7127D-LeaderElection9] INFO  server.RaftServerConfigKeys (ConfUtils.java:logGet(44)) - raft.server.staging.catchup.gap = 1000 (default)
2022-02-02 13:24:16,019 [c44f0072-f5b5-4f28-a537-04f9bff53e0b@group-3E58DEF7127D-LeaderElection9] INFO  server.RaftServerConfigKeys (ConfUtils.java:logGet(44)) - raft.server.write.element-limit = 1024 (custom)
2022-02-02 13:24:16,019 [c44f0072-f5b5-4f28-a537-04f9bff53e0b@group-3E58DEF7127D-LeaderElection9] INFO  server.RaftServerConfigKeys (ConfUtils.java:logGet(44)) - raft.server.write.byte-limit = 1024 M (=1073741824) (custom)
2022-02-02 13:24:16,021 [c44f0072-f5b5-4f28-a537-04f9bff53e0b@group-3E58DEF7127D-LeaderElection9] INFO  server.RaftServerConfigKeys (ConfUtils.java:logGet(44)) - raft.server.watch.timeout = 180s (custom)
2022-02-02 13:24:16,021 [c44f0072-f5b5-4f28-a537-04f9bff53e0b@group-3E58DEF7127D-LeaderElection9] INFO  server.RaftServerConfigKeys (ConfUtils.java:logGet(44)) - raft.server.watch.timeout.denomination = 1s (default)
2022-02-02 13:24:16,021 [c44f0072-f5b5-4f28-a537-04f9bff53e0b@group-3E58DEF7127D-LeaderElection9] INFO  server.RaftServerConfigKeys (ConfUtils.java:logGet(44)) - raft.server.watch.element-limit = 65536 (default)
2022-02-02 13:24:16,021 [c44f0072-f5b5-4f28-a537-04f9bff53e0b@group-3E58DEF7127D-LeaderElection9] INFO  server.RaftServerConfigKeys (ConfUtils.java:logGet(44)) - raft.server.write.element-limit = 1024 (custom)
2022-02-02 13:24:16,022 [c44f0072-f5b5-4f28-a537-04f9bff53e0b@group-3E58DEF7127D-LeaderElection9] INFO  server.RaftServerConfigKeys (ConfUtils.java:logGet(44)) - raft.server.write.follower.gap.ratio.max = -1.0 (default)
2022-02-02 13:24:16,022 [c44f0072-f5b5-4f28-a537-04f9bff53e0b@group-3E58DEF7127D-LeaderElection9] INFO  impl.RoleInfo (RoleInfo.java:updateAndGet(130)) - c44f0072-f5b5-4f28-a537-04f9bff53e0b: start c44f0072-f5b5-4f28-a537-04f9bff53e0b@group-3E58DEF7127D-LeaderStateImpl
2022-02-02 13:24:16,022 [c44f0072-f5b5-4f28-a537-04f9bff53e0b@group-3E58DEF7127D-LeaderElection9] INFO  segmented.SegmentedRaftLogWorker (SegmentedRaftLogWorker.java:startLogSegment(394)) - c44f0072-f5b5-4f28-a537-04f9bff53e0b@group-3E58DEF7127D-SegmentedRaftLogWorker: Starting segment from index:0
2022-02-02 13:24:16,029 [c44f0072-f5b5-4f28-a537-04f9bff53e0b@group-3E58DEF7127D-LeaderElection9] INFO  server.RaftServer$Division (ServerState.java:setRaftConf(387)) - c44f0072-f5b5-4f28-a537-04f9bff53e0b@group-3E58DEF7127D: set configuration 0: [c44f0072-f5b5-4f28-a537-04f9bff53e0b|rpc:10.1.0.6:34445|dataStream:|priority:1], old=null
2022-02-02 13:24:16,030 [c44f0072-f5b5-4f28-a537-04f9bff53e0b@group-3E58DEF7127D-SegmentedRaftLogWorker] INFO  segmented.SegmentedRaftLogWorker (SegmentedRaftLogWorker.java:execute(601)) - c44f0072-f5b5-4f28-a537-04f9bff53e0b@group-3E58DEF7127D-SegmentedRaftLogWorker: created new log segment /home/runner/work/ozone/ozone/hadoop-ozone/integration-test/target/test-dir/MiniOzoneClusterImpl-eba4dfdc-c168-4ed6-b46b-d97e1dedacdc/datanode-1/data/ratis/022d4ce1-a7ea-49e8-81f6-3e58def7127d/current/log_inprogress_0
2022-02-02 13:24:16,087 [Listener at 127.0.0.1/38049] INFO  ozone.MiniOzoneClusterImpl (MiniOzoneClusterImpl.java:lambda$waitForClusterToBeReady$0(219)) - Nodes are ready. Got 3 of 3 DN Heartbeats.
2022-02-02 13:24:16,087 [Listener at 127.0.0.1/38049] INFO  ozone.MiniOzoneClusterImpl (MiniOzoneClusterImpl.java:lambda$waitForClusterToBeReady$0(222)) - Waiting for cluster to exit safe mode
2022-02-02 13:24:16,087 [Listener at 127.0.0.1/38049] INFO  ozone.MiniOzoneClusterImpl (MiniOzoneClusterImpl.java:lambda$waitForClusterToBeReady$0(224)) - SCM became leader
2022-02-02 13:24:16,330 [66cdd8a8-985e-41df-9c7f-d4882230ffd1@group-2F23EA96A789-FollowerState] INFO  impl.FollowerState (FollowerState.java:run(134)) - 66cdd8a8-985e-41df-9c7f-d4882230ffd1@group-2F23EA96A789-FollowerState: change to CANDIDATE, lastRpcElapsedTime:5161680607ns, electionTimeout:5144ms
2022-02-02 13:24:16,331 [66cdd8a8-985e-41df-9c7f-d4882230ffd1@group-2F23EA96A789-FollowerState] INFO  impl.RoleInfo (RoleInfo.java:shutdownFollowerState(108)) - 66cdd8a8-985e-41df-9c7f-d4882230ffd1: shutdown 66cdd8a8-985e-41df-9c7f-d4882230ffd1@group-2F23EA96A789-FollowerState
2022-02-02 13:24:16,331 [66cdd8a8-985e-41df-9c7f-d4882230ffd1@group-2F23EA96A789-FollowerState] INFO  server.RaftServer$Division (RaftServerImpl.java:setRole(290)) - 66cdd8a8-985e-41df-9c7f-d4882230ffd1@group-2F23EA96A789: changes role from  FOLLOWER to CANDIDATE at term 0 for changeToCandidate
2022-02-02 13:24:16,332 [66cdd8a8-985e-41df-9c7f-d4882230ffd1@group-2F23EA96A789-FollowerState] INFO  server.RaftServerConfigKeys (ConfUtils.java:logGet(44)) - raft.server.leaderelection.pre-vote = false (custom)
2022-02-02 13:24:16,332 [66cdd8a8-985e-41df-9c7f-d4882230ffd1@group-2F23EA96A789-FollowerState] INFO  impl.RoleInfo (RoleInfo.java:updateAndGet(130)) - 66cdd8a8-985e-41df-9c7f-d4882230ffd1: start 66cdd8a8-985e-41df-9c7f-d4882230ffd1@group-2F23EA96A789-LeaderElection10
2022-02-02 13:24:16,340 [66cdd8a8-985e-41df-9c7f-d4882230ffd1@group-2F23EA96A789-LeaderElection10] INFO  impl.LeaderElection (LeaderElection.java:askForVotes(306)) - 66cdd8a8-985e-41df-9c7f-d4882230ffd1@group-2F23EA96A789-LeaderElection10 ELECTION round 0: submit vote requests at term 1 for -1: [66cdd8a8-985e-41df-9c7f-d4882230ffd1|rpc:10.1.0.6:36517|priority:1], old=null
2022-02-02 13:24:16,340 [66cdd8a8-985e-41df-9c7f-d4882230ffd1@group-2F23EA96A789-LeaderElection10] INFO  impl.LeaderElection (LeaderElection.java:askForVotes(308)) - 66cdd8a8-985e-41df-9c7f-d4882230ffd1@group-2F23EA96A789-LeaderElection10 ELECTION round 0: result PASSED (term=1)
2022-02-02 13:24:16,340 [66cdd8a8-985e-41df-9c7f-d4882230ffd1@group-2F23EA96A789-LeaderElection10] INFO  impl.RoleInfo (RoleInfo.java:shutdownLeaderElection(121)) - 66cdd8a8-985e-41df-9c7f-d4882230ffd1: shutdown 66cdd8a8-985e-41df-9c7f-d4882230ffd1@group-2F23EA96A789-LeaderElection10
2022-02-02 13:24:16,340 [66cdd8a8-985e-41df-9c7f-d4882230ffd1@group-2F23EA96A789-LeaderElection10] INFO  server.RaftServer$Division (RaftServerImpl.java:setRole(290)) - 66cdd8a8-985e-41df-9c7f-d4882230ffd1@group-2F23EA96A789: changes role from CANDIDATE to LEADER at term 1 for changeToLeader
2022-02-02 13:24:16,340 [66cdd8a8-985e-41df-9c7f-d4882230ffd1@group-2F23EA96A789-LeaderElection10] INFO  ratis.XceiverServerRatis (XceiverServerRatis.java:handleLeaderChangedNotification(866)) - Leader change notification received for group: group-2F23EA96A789 with new leaderId: 66cdd8a8-985e-41df-9c7f-d4882230ffd1
2022-02-02 13:24:16,341 [66cdd8a8-985e-41df-9c7f-d4882230ffd1@group-2F23EA96A789-LeaderElection10] INFO  server.RaftServer$Division (ServerState.java:setLeader(285)) - 66cdd8a8-985e-41df-9c7f-d4882230ffd1@group-2F23EA96A789: change Leader from null to 66cdd8a8-985e-41df-9c7f-d4882230ffd1 at term 1 for becomeLeader, leader elected after 5194ms
2022-02-02 13:24:16,341 [66cdd8a8-985e-41df-9c7f-d4882230ffd1@group-2F23EA96A789-LeaderElection10] INFO  server.RaftServerConfigKeys (ConfUtils.java:logGet(44)) - raft.server.staging.catchup.gap = 1000 (default)
2022-02-02 13:24:16,341 [66cdd8a8-985e-41df-9c7f-d4882230ffd1@group-2F23EA96A789-LeaderElection10] INFO  server.RaftServerConfigKeys (ConfUtils.java:logGet(44)) - raft.server.write.element-limit = 1024 (custom)
2022-02-02 13:24:16,341 [66cdd8a8-985e-41df-9c7f-d4882230ffd1@group-2F23EA96A789-LeaderElection10] INFO  server.RaftServerConfigKeys (ConfUtils.java:logGet(44)) - raft.server.write.byte-limit = 1024 M (=1073741824) (custom)
2022-02-02 13:24:16,342 [66cdd8a8-985e-41df-9c7f-d4882230ffd1@group-2F23EA96A789-LeaderElection10] INFO  server.RaftServerConfigKeys (ConfUtils.java:logGet(44)) - raft.server.watch.timeout = 180s (custom)
2022-02-02 13:24:16,342 [66cdd8a8-985e-41df-9c7f-d4882230ffd1@group-2F23EA96A789-LeaderElection10] INFO  server.RaftServerConfigKeys (ConfUtils.java:logGet(44)) - raft.server.watch.timeout.denomination = 1s (default)
2022-02-02 13:24:16,342 [66cdd8a8-985e-41df-9c7f-d4882230ffd1@group-2F23EA96A789-LeaderElection10] INFO  server.RaftServerConfigKeys (ConfUtils.java:logGet(44)) - raft.server.watch.element-limit = 65536 (default)
2022-02-02 13:24:16,342 [66cdd8a8-985e-41df-9c7f-d4882230ffd1@group-2F23EA96A789-LeaderElection10] INFO  server.RaftServerConfigKeys (ConfUtils.java:logGet(44)) - raft.server.write.element-limit = 1024 (custom)
2022-02-02 13:24:16,342 [66cdd8a8-985e-41df-9c7f-d4882230ffd1@group-2F23EA96A789-LeaderElection10] INFO  server.RaftServerConfigKeys (ConfUtils.java:logGet(44)) - raft.server.write.follower.gap.ratio.max = -1.0 (default)
2022-02-02 13:24:16,342 [66cdd8a8-985e-41df-9c7f-d4882230ffd1@group-2F23EA96A789-LeaderElection10] INFO  impl.RoleInfo (RoleInfo.java:updateAndGet(130)) - 66cdd8a8-985e-41df-9c7f-d4882230ffd1: start 66cdd8a8-985e-41df-9c7f-d4882230ffd1@group-2F23EA96A789-LeaderStateImpl
2022-02-02 13:24:16,342 [66cdd8a8-985e-41df-9c7f-d4882230ffd1@group-2F23EA96A789-LeaderElection10] INFO  segmented.SegmentedRaftLogWorker (SegmentedRaftLogWorker.java:startLogSegment(394)) - 66cdd8a8-985e-41df-9c7f-d4882230ffd1@group-2F23EA96A789-SegmentedRaftLogWorker: Starting segment from index:0
2022-02-02 13:24:16,342 [EventQueue-OpenPipelineForHealthyPipelineSafeModeRule] INFO  safemode.SCMSafeModeManager (HealthyPipelineSafeModeRule.java:process(124)) - SCM in safe mode. Healthy pipelines reported count is 0, required healthy pipeline reported count is 1
2022-02-02 13:24:16,343 [66cdd8a8-985e-41df-9c7f-d4882230ffd1@group-2F23EA96A789-SegmentedRaftLogWorker] INFO  segmented.SegmentedRaftLogWorker (SegmentedRaftLogWorker.java:execute(601)) - 66cdd8a8-985e-41df-9c7f-d4882230ffd1@group-2F23EA96A789-SegmentedRaftLogWorker: created new log segment /home/runner/work/ozone/ozone/hadoop-ozone/integration-test/target/test-dir/MiniOzoneClusterImpl-eba4dfdc-c168-4ed6-b46b-d97e1dedacdc/datanode-2/data/ratis/f811164b-1a15-4862-9449-2f23ea96a789/current/log_inprogress_0
2022-02-02 13:24:16,354 [66cdd8a8-985e-41df-9c7f-d4882230ffd1@group-2F23EA96A789-LeaderElection10] INFO  server.RaftServer$Division (ServerState.java:setRaftConf(387)) - 66cdd8a8-985e-41df-9c7f-d4882230ffd1@group-2F23EA96A789: set configuration 0: [66cdd8a8-985e-41df-9c7f-d4882230ffd1|rpc:10.1.0.6:36517|dataStream:|priority:1], old=null
2022-02-02 13:24:17,088 [Listener at 127.0.0.1/38049] INFO  ozone.MiniOzoneClusterImpl (MiniOzoneClusterImpl.java:lambda$waitForClusterToBeReady$0(219)) - Nodes are ready. Got 3 of 3 DN Heartbeats.
2022-02-02 13:24:17,088 [Listener at 127.0.0.1/38049] INFO  ozone.MiniOzoneClusterImpl (MiniOzoneClusterImpl.java:lambda$waitForClusterToBeReady$0(222)) - Waiting for cluster to exit safe mode
2022-02-02 13:24:17,088 [Listener at 127.0.0.1/38049] INFO  ozone.MiniOzoneClusterImpl (MiniOzoneClusterImpl.java:lambda$waitForClusterToBeReady$0(224)) - SCM became leader
2022-02-02 13:24:18,088 [Listener at 127.0.0.1/38049] INFO  ozone.MiniOzoneClusterImpl (MiniOzoneClusterImpl.java:lambda$waitForClusterToBeReady$0(219)) - Nodes are ready. Got 3 of 3 DN Heartbeats.
2022-02-02 13:24:18,089 [Listener at 127.0.0.1/38049] INFO  ozone.MiniOzoneClusterImpl (MiniOzoneClusterImpl.java:lambda$waitForClusterToBeReady$0(222)) - Waiting for cluster to exit safe mode
2022-02-02 13:24:18,089 [Listener at 127.0.0.1/38049] INFO  ozone.MiniOzoneClusterImpl (MiniOzoneClusterImpl.java:lambda$waitForClusterToBeReady$0(224)) - SCM became leader
2022-02-02 13:24:19,089 [Listener at 127.0.0.1/38049] INFO  ozone.MiniOzoneClusterImpl (MiniOzoneClusterImpl.java:lambda$waitForClusterToBeReady$0(219)) - Nodes are ready. Got 3 of 3 DN Heartbeats.
2022-02-02 13:24:19,089 [Listener at 127.0.0.1/38049] INFO  ozone.MiniOzoneClusterImpl (MiniOzoneClusterImpl.java:lambda$waitForClusterToBeReady$0(222)) - Waiting for cluster to exit safe mode
2022-02-02 13:24:19,089 [Listener at 127.0.0.1/38049] INFO  ozone.MiniOzoneClusterImpl (MiniOzoneClusterImpl.java:lambda$waitForClusterToBeReady$0(224)) - SCM became leader
2022-02-02 13:24:20,090 [Listener at 127.0.0.1/38049] INFO  ozone.MiniOzoneClusterImpl (MiniOzoneClusterImpl.java:lambda$waitForClusterToBeReady$0(219)) - Nodes are ready. Got 3 of 3 DN Heartbeats.
2022-02-02 13:24:20,090 [Listener at 127.0.0.1/38049] INFO  ozone.MiniOzoneClusterImpl (MiniOzoneClusterImpl.java:lambda$waitForClusterToBeReady$0(222)) - Waiting for cluster to exit safe mode
2022-02-02 13:24:20,090 [Listener at 127.0.0.1/38049] INFO  ozone.MiniOzoneClusterImpl (MiniOzoneClusterImpl.java:lambda$waitForClusterToBeReady$0(224)) - SCM became leader
2022-02-02 13:24:20,974 [1ddc7d50-2cfc-4bb3-877e-a1bd441c4cad@group-43ECD93931E6-FollowerState] INFO  impl.FollowerState (FollowerState.java:run(134)) - 1ddc7d50-2cfc-4bb3-877e-a1bd441c4cad@group-43ECD93931E6-FollowerState: change to CANDIDATE, lastRpcElapsedTime:5156261821ns, electionTimeout:5155ms
2022-02-02 13:24:20,974 [1ddc7d50-2cfc-4bb3-877e-a1bd441c4cad@group-43ECD93931E6-FollowerState] INFO  impl.RoleInfo (RoleInfo.java:shutdownFollowerState(108)) - 1ddc7d50-2cfc-4bb3-877e-a1bd441c4cad: shutdown 1ddc7d50-2cfc-4bb3-877e-a1bd441c4cad@group-43ECD93931E6-FollowerState
2022-02-02 13:24:20,975 [1ddc7d50-2cfc-4bb3-877e-a1bd441c4cad@group-43ECD93931E6-FollowerState] INFO  server.RaftServer$Division (RaftServerImpl.java:setRole(290)) - 1ddc7d50-2cfc-4bb3-877e-a1bd441c4cad@group-43ECD93931E6: changes role from  FOLLOWER to CANDIDATE at term 1 for changeToCandidate
2022-02-02 13:24:20,975 [1ddc7d50-2cfc-4bb3-877e-a1bd441c4cad@group-43ECD93931E6-FollowerState] INFO  server.RaftServerConfigKeys (ConfUtils.java:logGet(44)) - raft.server.leaderelection.pre-vote = false (custom)
2022-02-02 13:24:20,975 [1ddc7d50-2cfc-4bb3-877e-a1bd441c4cad@group-43ECD93931E6-FollowerState] INFO  impl.RoleInfo (RoleInfo.java:updateAndGet(130)) - 1ddc7d50-2cfc-4bb3-877e-a1bd441c4cad: start 1ddc7d50-2cfc-4bb3-877e-a1bd441c4cad@group-43ECD93931E6-LeaderElection11
2022-02-02 13:24:20,984 [c44f0072-f5b5-4f28-a537-04f9bff53e0b@group-43ECD93931E6-FollowerState] INFO  impl.FollowerState (FollowerState.java:run(134)) - c44f0072-f5b5-4f28-a537-04f9bff53e0b@group-43ECD93931E6-FollowerState: change to CANDIDATE, lastRpcElapsedTime:5176687787ns, electionTimeout:5165ms
2022-02-02 13:24:20,984 [c44f0072-f5b5-4f28-a537-04f9bff53e0b@group-43ECD93931E6-FollowerState] INFO  impl.RoleInfo (RoleInfo.java:shutdownFollowerState(108)) - c44f0072-f5b5-4f28-a537-04f9bff53e0b: shutdown c44f0072-f5b5-4f28-a537-04f9bff53e0b@group-43ECD93931E6-FollowerState
2022-02-02 13:24:20,984 [c44f0072-f5b5-4f28-a537-04f9bff53e0b@group-43ECD93931E6-FollowerState] INFO  server.RaftServer$Division (RaftServerImpl.java:setRole(290)) - c44f0072-f5b5-4f28-a537-04f9bff53e0b@group-43ECD93931E6: changes role from  FOLLOWER to CANDIDATE at term 1 for changeToCandidate
2022-02-02 13:24:20,984 [c44f0072-f5b5-4f28-a537-04f9bff53e0b@group-43ECD93931E6-FollowerState] INFO  server.RaftServerConfigKeys (ConfUtils.java:logGet(44)) - raft.server.leaderelection.pre-vote = false (custom)
2022-02-02 13:24:20,984 [c44f0072-f5b5-4f28-a537-04f9bff53e0b@group-43ECD93931E6-FollowerState] INFO  impl.RoleInfo (RoleInfo.java:updateAndGet(130)) - c44f0072-f5b5-4f28-a537-04f9bff53e0b: start c44f0072-f5b5-4f28-a537-04f9bff53e0b@group-43ECD93931E6-LeaderElection12
2022-02-02 13:24:20,984 [1ddc7d50-2cfc-4bb3-877e-a1bd441c4cad@group-43ECD93931E6-LeaderElection11] INFO  impl.LeaderElection (LeaderElection.java:askForVotes(306)) - 1ddc7d50-2cfc-4bb3-877e-a1bd441c4cad@group-43ECD93931E6-LeaderElection11 ELECTION round 0: submit vote requests at term 2 for -1: [66cdd8a8-985e-41df-9c7f-d4882230ffd1|rpc:10.1.0.6:36517|priority:0, c44f0072-f5b5-4f28-a537-04f9bff53e0b|rpc:10.1.0.6:34445|priority:1, 1ddc7d50-2cfc-4bb3-877e-a1bd441c4cad|rpc:10.1.0.6:39783|priority:0], old=null
2022-02-02 13:24:20,999 [c44f0072-f5b5-4f28-a537-04f9bff53e0b@group-43ECD93931E6-LeaderElection12] INFO  impl.LeaderElection (LeaderElection.java:askForVotes(306)) - c44f0072-f5b5-4f28-a537-04f9bff53e0b@group-43ECD93931E6-LeaderElection12 ELECTION round 0: submit vote requests at term 2 for -1: [66cdd8a8-985e-41df-9c7f-d4882230ffd1|rpc:10.1.0.6:36517|priority:0, c44f0072-f5b5-4f28-a537-04f9bff53e0b|rpc:10.1.0.6:34445|priority:1, 1ddc7d50-2cfc-4bb3-877e-a1bd441c4cad|rpc:10.1.0.6:39783|priority:0], old=null
2022-02-02 13:24:21,006 [66cdd8a8-985e-41df-9c7f-d4882230ffd1@group-43ECD93931E6-FollowerState] INFO  impl.FollowerState (FollowerState.java:run(134)) - 66cdd8a8-985e-41df-9c7f-d4882230ffd1@group-43ECD93931E6-FollowerState: change to CANDIDATE, lastRpcElapsedTime:5207541587ns, electionTimeout:5185ms
2022-02-02 13:24:21,006 [grpc-default-executor-2] INFO  server.RaftServer$Division (RaftServerImpl.java:requestVote(1046)) - 66cdd8a8-985e-41df-9c7f-d4882230ffd1@group-43ECD93931E6: receive requestVote(ELECTION, 1ddc7d50-2cfc-4bb3-877e-a1bd441c4cad, group-43ECD93931E6, 2, (t:0, i:0))
2022-02-02 13:24:21,006 [66cdd8a8-985e-41df-9c7f-d4882230ffd1@group-43ECD93931E6-FollowerState] INFO  impl.RoleInfo (RoleInfo.java:shutdownFollowerState(108)) - 66cdd8a8-985e-41df-9c7f-d4882230ffd1: shutdown 66cdd8a8-985e-41df-9c7f-d4882230ffd1@group-43ECD93931E6-FollowerState
2022-02-02 13:24:21,007 [66cdd8a8-985e-41df-9c7f-d4882230ffd1@group-43ECD93931E6-FollowerState] INFO  server.RaftServer$Division (RaftServerImpl.java:setRole(290)) - 66cdd8a8-985e-41df-9c7f-d4882230ffd1@group-43ECD93931E6: changes role from  FOLLOWER to CANDIDATE at term 1 for changeToCandidate
2022-02-02 13:24:21,007 [66cdd8a8-985e-41df-9c7f-d4882230ffd1@group-43ECD93931E6-FollowerState] INFO  server.RaftServerConfigKeys (ConfUtils.java:logGet(44)) - raft.server.leaderelection.pre-vote = false (custom)
2022-02-02 13:24:21,007 [66cdd8a8-985e-41df-9c7f-d4882230ffd1@group-43ECD93931E6-FollowerState] INFO  impl.RoleInfo (RoleInfo.java:updateAndGet(130)) - 66cdd8a8-985e-41df-9c7f-d4882230ffd1: start 66cdd8a8-985e-41df-9c7f-d4882230ffd1@group-43ECD93931E6-LeaderElection13
2022-02-02 13:24:21,008 [grpc-default-executor-2] INFO  impl.VoteContext (VoteContext.java:log(48)) - 66cdd8a8-985e-41df-9c7f-d4882230ffd1@group-43ECD93931E6-CANDIDATE: accept ELECTION from 1ddc7d50-2cfc-4bb3-877e-a1bd441c4cad: our priority 0 <= candidate's priority 0
2022-02-02 13:24:21,008 [grpc-default-executor-2] INFO  server.RaftServer$Division (RaftServerImpl.java:setRole(290)) - 66cdd8a8-985e-41df-9c7f-d4882230ffd1@group-43ECD93931E6: changes role from CANDIDATE to FOLLOWER at term 2 for candidate:1ddc7d50-2cfc-4bb3-877e-a1bd441c4cad
2022-02-02 13:24:21,008 [grpc-default-executor-2] INFO  impl.RoleInfo (RoleInfo.java:shutdownLeaderElection(121)) - 66cdd8a8-985e-41df-9c7f-d4882230ffd1: shutdown 66cdd8a8-985e-41df-9c7f-d4882230ffd1@group-43ECD93931E6-LeaderElection13
2022-02-02 13:24:21,008 [grpc-default-executor-2] INFO  impl.RoleInfo (RoleInfo.java:updateAndGet(130)) - 66cdd8a8-985e-41df-9c7f-d4882230ffd1: start 66cdd8a8-985e-41df-9c7f-d4882230ffd1@group-43ECD93931E6-FollowerState
2022-02-02 13:24:21,008 [66cdd8a8-985e-41df-9c7f-d4882230ffd1@group-43ECD93931E6-LeaderElection13] INFO  impl.LeaderElection (LeaderElection.java:run(230)) - 66cdd8a8-985e-41df-9c7f-d4882230ffd1@group-43ECD93931E6-LeaderElection13: skip running since this is already CLOSING
2022-02-02 13:24:21,011 [grpc-default-executor-2] INFO  server.RaftServer$Division (RaftServerImpl.java:requestVote(1078)) - 66cdd8a8-985e-41df-9c7f-d4882230ffd1@group-43ECD93931E6 replies to ELECTION vote request: 1ddc7d50-2cfc-4bb3-877e-a1bd441c4cad<-66cdd8a8-985e-41df-9c7f-d4882230ffd1#0:OK-t2. Peer's state: 66cdd8a8-985e-41df-9c7f-d4882230ffd1@group-43ECD93931E6:t2, leader=null, voted=1ddc7d50-2cfc-4bb3-877e-a1bd441c4cad, raftlog=66cdd8a8-985e-41df-9c7f-d4882230ffd1@group-43ECD93931E6-SegmentedRaftLog:OPENED:c-1, conf=-1: [66cdd8a8-985e-41df-9c7f-d4882230ffd1|rpc:10.1.0.6:36517|priority:0, c44f0072-f5b5-4f28-a537-04f9bff53e0b|rpc:10.1.0.6:34445|priority:1, 1ddc7d50-2cfc-4bb3-877e-a1bd441c4cad|rpc:10.1.0.6:39783|priority:0], old=null
2022-02-02 13:24:21,017 [grpc-default-executor-0] INFO  server.RaftServer$Division (RaftServerImpl.java:requestVote(1046)) - c44f0072-f5b5-4f28-a537-04f9bff53e0b@group-43ECD93931E6: receive requestVote(ELECTION, 1ddc7d50-2cfc-4bb3-877e-a1bd441c4cad, group-43ECD93931E6, 2, (t:0, i:0))
2022-02-02 13:24:21,017 [grpc-default-executor-0] INFO  impl.VoteContext (VoteContext.java:log(48)) - c44f0072-f5b5-4f28-a537-04f9bff53e0b@group-43ECD93931E6-CANDIDATE: reject ELECTION from 1ddc7d50-2cfc-4bb3-877e-a1bd441c4cad: already has voted for c44f0072-f5b5-4f28-a537-04f9bff53e0b at current term 2
2022-02-02 13:24:21,017 [grpc-default-executor-0] INFO  server.RaftServer$Division (RaftServerImpl.java:requestVote(1078)) - c44f0072-f5b5-4f28-a537-04f9bff53e0b@group-43ECD93931E6 replies to ELECTION vote request: 1ddc7d50-2cfc-4bb3-877e-a1bd441c4cad<-c44f0072-f5b5-4f28-a537-04f9bff53e0b#0:FAIL-t2. Peer's state: c44f0072-f5b5-4f28-a537-04f9bff53e0b@group-43ECD93931E6:t2, leader=null, voted=c44f0072-f5b5-4f28-a537-04f9bff53e0b, raftlog=c44f0072-f5b5-4f28-a537-04f9bff53e0b@group-43ECD93931E6-SegmentedRaftLog:OPENED:c-1, conf=-1: [66cdd8a8-985e-41df-9c7f-d4882230ffd1|rpc:10.1.0.6:36517|priority:0, c44f0072-f5b5-4f28-a537-04f9bff53e0b|rpc:10.1.0.6:34445|priority:1, 1ddc7d50-2cfc-4bb3-877e-a1bd441c4cad|rpc:10.1.0.6:39783|priority:0], old=null
2022-02-02 13:24:21,022 [1ddc7d50-2cfc-4bb3-877e-a1bd441c4cad@group-43ECD93931E6-LeaderElection11] INFO  impl.LeaderElection (LeaderElection.java:logAndReturn(89)) - 1ddc7d50-2cfc-4bb3-877e-a1bd441c4cad@group-43ECD93931E6-LeaderElection11: ELECTION REJECTED received 2 response(s) and 0 exception(s):
2022-02-02 13:24:21,026 [1ddc7d50-2cfc-4bb3-877e-a1bd441c4cad@group-43ECD93931E6-LeaderElection11] INFO  impl.LeaderElection (LeaderElection.java:logAndReturn(93)) -   Response 0: 1ddc7d50-2cfc-4bb3-877e-a1bd441c4cad<-66cdd8a8-985e-41df-9c7f-d4882230ffd1#0:OK-t2
2022-02-02 13:24:21,026 [1ddc7d50-2cfc-4bb3-877e-a1bd441c4cad@group-43ECD93931E6-LeaderElection11] INFO  impl.LeaderElection (LeaderElection.java:logAndReturn(93)) -   Response 1: 1ddc7d50-2cfc-4bb3-877e-a1bd441c4cad<-c44f0072-f5b5-4f28-a537-04f9bff53e0b#0:FAIL-t2
2022-02-02 13:24:21,026 [1ddc7d50-2cfc-4bb3-877e-a1bd441c4cad@group-43ECD93931E6-LeaderElection11] INFO  impl.LeaderElection (LeaderElection.java:askForVotes(308)) - 1ddc7d50-2cfc-4bb3-877e-a1bd441c4cad@group-43ECD93931E6-LeaderElection11 ELECTION round 0: result REJECTED
2022-02-02 13:24:21,026 [1ddc7d50-2cfc-4bb3-877e-a1bd441c4cad@group-43ECD93931E6-LeaderElection11] INFO  server.RaftServer$Division (RaftServerImpl.java:setRole(290)) - 1ddc7d50-2cfc-4bb3-877e-a1bd441c4cad@group-43ECD93931E6: changes role from CANDIDATE to FOLLOWER at term 2 for REJECTED
2022-02-02 13:24:21,026 [1ddc7d50-2cfc-4bb3-877e-a1bd441c4cad@group-43ECD93931E6-LeaderElection11] INFO  impl.RoleInfo (RoleInfo.java:shutdownLeaderElection(121)) - 1ddc7d50-2cfc-4bb3-877e-a1bd441c4cad: shutdown 1ddc7d50-2cfc-4bb3-877e-a1bd441c4cad@group-43ECD93931E6-LeaderElection11
2022-02-02 13:24:21,026 [1ddc7d50-2cfc-4bb3-877e-a1bd441c4cad@group-43ECD93931E6-LeaderElection11] INFO  impl.RoleInfo (RoleInfo.java:updateAndGet(130)) - 1ddc7d50-2cfc-4bb3-877e-a1bd441c4cad: start 1ddc7d50-2cfc-4bb3-877e-a1bd441c4cad@group-43ECD93931E6-FollowerState
2022-02-02 13:24:21,038 [grpc-default-executor-2] INFO  server.RaftServer$Division (RaftServerImpl.java:requestVote(1046)) - 66cdd8a8-985e-41df-9c7f-d4882230ffd1@group-43ECD93931E6: receive requestVote(ELECTION, c44f0072-f5b5-4f28-a537-04f9bff53e0b, group-43ECD93931E6, 2, (t:0, i:0))
2022-02-02 13:24:21,041 [grpc-default-executor-2] INFO  impl.VoteContext (VoteContext.java:log(48)) - 66cdd8a8-985e-41df-9c7f-d4882230ffd1@group-43ECD93931E6-FOLLOWER: reject ELECTION from c44f0072-f5b5-4f28-a537-04f9bff53e0b: already has voted for 1ddc7d50-2cfc-4bb3-877e-a1bd441c4cad at current term 2
2022-02-02 13:24:21,041 [grpc-default-executor-2] INFO  server.RaftServer$Division (RaftServerImpl.java:requestVote(1078)) - 66cdd8a8-985e-41df-9c7f-d4882230ffd1@group-43ECD93931E6 replies to ELECTION vote request: c44f0072-f5b5-4f28-a537-04f9bff53e0b<-66cdd8a8-985e-41df-9c7f-d4882230ffd1#0:FAIL-t2. Peer's state: 66cdd8a8-985e-41df-9c7f-d4882230ffd1@group-43ECD93931E6:t2, leader=null, voted=1ddc7d50-2cfc-4bb3-877e-a1bd441c4cad, raftlog=66cdd8a8-985e-41df-9c7f-d4882230ffd1@group-43ECD93931E6-SegmentedRaftLog:OPENED:c-1, conf=-1: [66cdd8a8-985e-41df-9c7f-d4882230ffd1|rpc:10.1.0.6:36517|priority:0, c44f0072-f5b5-4f28-a537-04f9bff53e0b|rpc:10.1.0.6:34445|priority:1, 1ddc7d50-2cfc-4bb3-877e-a1bd441c4cad|rpc:10.1.0.6:39783|priority:0], old=null
2022-02-02 13:24:21,050 [grpc-default-executor-0] INFO  server.RaftServer$Division (RaftServerImpl.java:requestVote(1046)) - 1ddc7d50-2cfc-4bb3-877e-a1bd441c4cad@group-43ECD93931E6: receive requestVote(ELECTION, c44f0072-f5b5-4f28-a537-04f9bff53e0b, group-43ECD93931E6, 2, (t:0, i:0))
2022-02-02 13:24:21,051 [grpc-default-executor-0] INFO  impl.VoteContext (VoteContext.java:log(48)) - 1ddc7d50-2cfc-4bb3-877e-a1bd441c4cad@group-43ECD93931E6-FOLLOWER: reject ELECTION from c44f0072-f5b5-4f28-a537-04f9bff53e0b: already has voted for 1ddc7d50-2cfc-4bb3-877e-a1bd441c4cad at current term 2
2022-02-02 13:24:21,051 [grpc-default-executor-0] INFO  server.RaftServer$Division (RaftServerImpl.java:requestVote(1078)) - 1ddc7d50-2cfc-4bb3-877e-a1bd441c4cad@group-43ECD93931E6 replies to ELECTION vote request: c44f0072-f5b5-4f28-a537-04f9bff53e0b<-1ddc7d50-2cfc-4bb3-877e-a1bd441c4cad#0:FAIL-t2. Peer's state: 1ddc7d50-2cfc-4bb3-877e-a1bd441c4cad@group-43ECD93931E6:t2, leader=null, voted=1ddc7d50-2cfc-4bb3-877e-a1bd441c4cad, raftlog=1ddc7d50-2cfc-4bb3-877e-a1bd441c4cad@group-43ECD93931E6-SegmentedRaftLog:OPENED:c-1, conf=-1: [66cdd8a8-985e-41df-9c7f-d4882230ffd1|rpc:10.1.0.6:36517|priority:0, c44f0072-f5b5-4f28-a537-04f9bff53e0b|rpc:10.1.0.6:34445|priority:1, 1ddc7d50-2cfc-4bb3-877e-a1bd441c4cad|rpc:10.1.0.6:39783|priority:0], old=null
2022-02-02 13:24:21,053 [c44f0072-f5b5-4f28-a537-04f9bff53e0b@group-43ECD93931E6-LeaderElection12] INFO  impl.LeaderElection (LeaderElection.java:logAndReturn(89)) - c44f0072-f5b5-4f28-a537-04f9bff53e0b@group-43ECD93931E6-LeaderElection12: ELECTION REJECTED received 2 response(s) and 0 exception(s):
2022-02-02 13:24:21,054 [c44f0072-f5b5-4f28-a537-04f9bff53e0b@group-43ECD93931E6-LeaderElection12] INFO  impl.LeaderElection (LeaderElection.java:logAndReturn(93)) -   Response 0: c44f0072-f5b5-4f28-a537-04f9bff53e0b<-66cdd8a8-985e-41df-9c7f-d4882230ffd1#0:FAIL-t2
2022-02-02 13:24:21,054 [c44f0072-f5b5-4f28-a537-04f9bff53e0b@group-43ECD93931E6-LeaderElection12] INFO  impl.LeaderElection (LeaderElection.java:logAndReturn(93)) -   Response 1: c44f0072-f5b5-4f28-a537-04f9bff53e0b<-1ddc7d50-2cfc-4bb3-877e-a1bd441c4cad#0:FAIL-t2
2022-02-02 13:24:21,054 [c44f0072-f5b5-4f28-a537-04f9bff53e0b@group-43ECD93931E6-LeaderElection12] INFO  impl.LeaderElection (LeaderElection.java:askForVotes(308)) - c44f0072-f5b5-4f28-a537-04f9bff53e0b@group-43ECD93931E6-LeaderElection12 ELECTION round 0: result REJECTED
2022-02-02 13:24:21,054 [c44f0072-f5b5-4f28-a537-04f9bff53e0b@group-43ECD93931E6-LeaderElection12] INFO  server.RaftServer$Division (RaftServerImpl.java:setRole(290)) - c44f0072-f5b5-4f28-a537-04f9bff53e0b@group-43ECD93931E6: changes role from CANDIDATE to FOLLOWER at term 2 for REJECTED
2022-02-02 13:24:21,054 [c44f0072-f5b5-4f28-a537-04f9bff53e0b@group-43ECD93931E6-LeaderElection12] INFO  impl.RoleInfo (RoleInfo.java:shutdownLeaderElection(121)) - c44f0072-f5b5-4f28-a537-04f9bff53e0b: shutdown c44f0072-f5b5-4f28-a537-04f9bff53e0b@group-43ECD93931E6-LeaderElection12
2022-02-02 13:24:21,054 [c44f0072-f5b5-4f28-a537-04f9bff53e0b@group-43ECD93931E6-LeaderElection12] INFO  impl.RoleInfo (RoleInfo.java:updateAndGet(130)) - c44f0072-f5b5-4f28-a537-04f9bff53e0b: start c44f0072-f5b5-4f28-a537-04f9bff53e0b@group-43ECD93931E6-FollowerState
2022-02-02 13:24:21,090 [Listener at 127.0.0.1/38049] INFO  ozone.MiniOzoneClusterImpl (MiniOzoneClusterImpl.java:lambda$waitForClusterToBeReady$0(219)) - Nodes are ready. Got 3 of 3 DN Heartbeats.
2022-02-02 13:24:21,091 [Listener at 127.0.0.1/38049] INFO  ozone.MiniOzoneClusterImpl (MiniOzoneClusterImpl.java:lambda$waitForClusterToBeReady$0(222)) - Waiting for cluster to exit safe mode
2022-02-02 13:24:21,091 [Listener at 127.0.0.1/38049] INFO  ozone.MiniOzoneClusterImpl (MiniOzoneClusterImpl.java:lambda$waitForClusterToBeReady$0(224)) - SCM became leader
2022-02-02 13:24:22,091 [Listener at 127.0.0.1/38049] INFO  ozone.MiniOzoneClusterImpl (MiniOzoneClusterImpl.java:lambda$waitForClusterToBeReady$0(219)) - Nodes are ready. Got 3 of 3 DN Heartbeats.
2022-02-02 13:24:22,091 [Listener at 127.0.0.1/38049] INFO  ozone.MiniOzoneClusterImpl (MiniOzoneClusterImpl.java:lambda$waitForClusterToBeReady$0(222)) - Waiting for cluster to exit safe mode
2022-02-02 13:24:22,091 [Listener at 127.0.0.1/38049] INFO  ozone.MiniOzoneClusterImpl (MiniOzoneClusterImpl.java:lambda$waitForClusterToBeReady$0(224)) - SCM became leader
2022-02-02 13:24:23,092 [Listener at 127.0.0.1/38049] INFO  ozone.MiniOzoneClusterImpl (MiniOzoneClusterImpl.java:lambda$waitForClusterToBeReady$0(219)) - Nodes are ready. Got 3 of 3 DN Heartbeats.
2022-02-02 13:24:23,092 [Listener at 127.0.0.1/38049] INFO  ozone.MiniOzoneClusterImpl (MiniOzoneClusterImpl.java:lambda$waitForClusterToBeReady$0(222)) - Waiting for cluster to exit safe mode
2022-02-02 13:24:23,092 [Listener at 127.0.0.1/38049] INFO  ozone.MiniOzoneClusterImpl (MiniOzoneClusterImpl.java:lambda$waitForClusterToBeReady$0(224)) - SCM became leader
2022-02-02 13:24:24,092 [Listener at 127.0.0.1/38049] INFO  ozone.MiniOzoneClusterImpl (MiniOzoneClusterImpl.java:lambda$waitForClusterToBeReady$0(219)) - Nodes are ready. Got 3 of 3 DN Heartbeats.
2022-02-02 13:24:24,092 [Listener at 127.0.0.1/38049] INFO  ozone.MiniOzoneClusterImpl (MiniOzoneClusterImpl.java:lambda$waitForClusterToBeReady$0(222)) - Waiting for cluster to exit safe mode
2022-02-02 13:24:24,093 [Listener at 127.0.0.1/38049] INFO  ozone.MiniOzoneClusterImpl (MiniOzoneClusterImpl.java:lambda$waitForClusterToBeReady$0(224)) - SCM became leader
2022-02-02 13:24:25,093 [Listener at 127.0.0.1/38049] INFO  ozone.MiniOzoneClusterImpl (MiniOzoneClusterImpl.java:lambda$waitForClusterToBeReady$0(219)) - Nodes are ready. Got 3 of 3 DN Heartbeats.
2022-02-02 13:24:25,093 [Listener at 127.0.0.1/38049] INFO  ozone.MiniOzoneClusterImpl (MiniOzoneClusterImpl.java:lambda$waitForClusterToBeReady$0(222)) - Waiting for cluster to exit safe mode
2022-02-02 13:24:25,093 [Listener at 127.0.0.1/38049] INFO  ozone.MiniOzoneClusterImpl (MiniOzoneClusterImpl.java:lambda$waitForClusterToBeReady$0(224)) - SCM became leader
2022-02-02 13:24:26,055 [1ddc7d50-2cfc-4bb3-877e-a1bd441c4cad@group-43ECD93931E6-FollowerState] INFO  impl.FollowerState (FollowerState.java:run(134)) - 1ddc7d50-2cfc-4bb3-877e-a1bd441c4cad@group-43ECD93931E6-FollowerState: change to CANDIDATE, lastRpcElapsedTime:5028597339ns, electionTimeout:5019ms
2022-02-02 13:24:26,055 [1ddc7d50-2cfc-4bb3-877e-a1bd441c4cad@group-43ECD93931E6-FollowerState] INFO  impl.RoleInfo (RoleInfo.java:shutdownFollowerState(108)) - 1ddc7d50-2cfc-4bb3-877e-a1bd441c4cad: shutdown 1ddc7d50-2cfc-4bb3-877e-a1bd441c4cad@group-43ECD93931E6-FollowerState
2022-02-02 13:24:26,055 [1ddc7d50-2cfc-4bb3-877e-a1bd441c4cad@group-43ECD93931E6-FollowerState] INFO  server.RaftServer$Division (RaftServerImpl.java:setRole(290)) - 1ddc7d50-2cfc-4bb3-877e-a1bd441c4cad@group-43ECD93931E6: changes role from  FOLLOWER to CANDIDATE at term 2 for changeToCandidate
2022-02-02 13:24:26,055 [1ddc7d50-2cfc-4bb3-877e-a1bd441c4cad@group-43ECD93931E6-FollowerState] INFO  server.RaftServerConfigKeys (ConfUtils.java:logGet(44)) - raft.server.leaderelection.pre-vote = false (custom)
2022-02-02 13:24:26,055 [1ddc7d50-2cfc-4bb3-877e-a1bd441c4cad@group-43ECD93931E6-FollowerState] INFO  impl.RoleInfo (RoleInfo.java:updateAndGet(130)) - 1ddc7d50-2cfc-4bb3-877e-a1bd441c4cad: start 1ddc7d50-2cfc-4bb3-877e-a1bd441c4cad@group-43ECD93931E6-LeaderElection14
2022-02-02 13:24:26,065 [1ddc7d50-2cfc-4bb3-877e-a1bd441c4cad@group-43ECD93931E6-LeaderElection14] INFO  impl.LeaderElection (LeaderElection.java:askForVotes(306)) - 1ddc7d50-2cfc-4bb3-877e-a1bd441c4cad@group-43ECD93931E6-LeaderElection14 ELECTION round 0: submit vote requests at term 3 for -1: [66cdd8a8-985e-41df-9c7f-d4882230ffd1|rpc:10.1.0.6:36517|priority:0, c44f0072-f5b5-4f28-a537-04f9bff53e0b|rpc:10.1.0.6:34445|priority:1, 1ddc7d50-2cfc-4bb3-877e-a1bd441c4cad|rpc:10.1.0.6:39783|priority:0], old=null
2022-02-02 13:24:26,072 [grpc-default-executor-0] INFO  server.RaftServer$Division (RaftServerImpl.java:requestVote(1046)) - 66cdd8a8-985e-41df-9c7f-d4882230ffd1@group-43ECD93931E6: receive requestVote(ELECTION, 1ddc7d50-2cfc-4bb3-877e-a1bd441c4cad, group-43ECD93931E6, 3, (t:0, i:0))
2022-02-02 13:24:26,072 [grpc-default-executor-0] INFO  impl.VoteContext (VoteContext.java:log(48)) - 66cdd8a8-985e-41df-9c7f-d4882230ffd1@group-43ECD93931E6-FOLLOWER: accept ELECTION from 1ddc7d50-2cfc-4bb3-877e-a1bd441c4cad: our priority 0 <= candidate's priority 0
2022-02-02 13:24:26,072 [grpc-default-executor-0] INFO  server.RaftServer$Division (RaftServerImpl.java:setRole(290)) - 66cdd8a8-985e-41df-9c7f-d4882230ffd1@group-43ECD93931E6: changes role from  FOLLOWER to FOLLOWER at term 3 for candidate:1ddc7d50-2cfc-4bb3-877e-a1bd441c4cad
2022-02-02 13:24:26,072 [grpc-default-executor-0] INFO  impl.RoleInfo (RoleInfo.java:shutdownFollowerState(108)) - 66cdd8a8-985e-41df-9c7f-d4882230ffd1: shutdown 66cdd8a8-985e-41df-9c7f-d4882230ffd1@group-43ECD93931E6-FollowerState
2022-02-02 13:24:26,072 [grpc-default-executor-0] INFO  impl.RoleInfo (RoleInfo.java:updateAndGet(130)) - 66cdd8a8-985e-41df-9c7f-d4882230ffd1: start 66cdd8a8-985e-41df-9c7f-d4882230ffd1@group-43ECD93931E6-FollowerState
2022-02-02 13:24:26,072 [66cdd8a8-985e-41df-9c7f-d4882230ffd1@group-43ECD93931E6-FollowerState] INFO  impl.FollowerState (FollowerState.java:run(143)) - 66cdd8a8-985e-41df-9c7f-d4882230ffd1@group-43ECD93931E6-FollowerState was interrupted: {}
java.lang.InterruptedException: sleep interrupted
	at java.lang.Thread.sleep(Native Method)
	at java.lang.Thread.sleep(Thread.java:340)
	at java.util.concurrent.TimeUnit.sleep(TimeUnit.java:386)
	at org.apache.ratis.util.TimeDuration.sleep(TimeDuration.java:324)
	at org.apache.ratis.util.TimeDuration.sleep(TimeDuration.java:309)
	at org.apache.ratis.server.impl.FollowerState.run(FollowerState.java:118)
2022-02-02 13:24:26,075 [grpc-default-executor-0] INFO  server.RaftServer$Division (RaftServerImpl.java:requestVote(1078)) - 66cdd8a8-985e-41df-9c7f-d4882230ffd1@group-43ECD93931E6 replies to ELECTION vote request: 1ddc7d50-2cfc-4bb3-877e-a1bd441c4cad<-66cdd8a8-985e-41df-9c7f-d4882230ffd1#0:OK-t3. Peer's state: 66cdd8a8-985e-41df-9c7f-d4882230ffd1@group-43ECD93931E6:t3, leader=null, voted=1ddc7d50-2cfc-4bb3-877e-a1bd441c4cad, raftlog=66cdd8a8-985e-41df-9c7f-d4882230ffd1@group-43ECD93931E6-SegmentedRaftLog:OPENED:c-1, conf=-1: [66cdd8a8-985e-41df-9c7f-d4882230ffd1|rpc:10.1.0.6:36517|priority:0, c44f0072-f5b5-4f28-a537-04f9bff53e0b|rpc:10.1.0.6:34445|priority:1, 1ddc7d50-2cfc-4bb3-877e-a1bd441c4cad|rpc:10.1.0.6:39783|priority:0], old=null
2022-02-02 13:24:26,078 [grpc-default-executor-0] INFO  server.RaftServer$Division (RaftServerImpl.java:requestVote(1046)) - c44f0072-f5b5-4f28-a537-04f9bff53e0b@group-43ECD93931E6: receive requestVote(ELECTION, 1ddc7d50-2cfc-4bb3-877e-a1bd441c4cad, group-43ECD93931E6, 3, (t:0, i:0))
2022-02-02 13:24:26,079 [grpc-default-executor-0] INFO  impl.VoteContext (VoteContext.java:log(48)) - c44f0072-f5b5-4f28-a537-04f9bff53e0b@group-43ECD93931E6-FOLLOWER: reject ELECTION from 1ddc7d50-2cfc-4bb3-877e-a1bd441c4cad: our priority 1 > candidate's priority 0
2022-02-02 13:24:26,079 [grpc-default-executor-0] INFO  server.RaftServer$Division (RaftServerImpl.java:setRole(290)) - c44f0072-f5b5-4f28-a537-04f9bff53e0b@group-43ECD93931E6: changes role from  FOLLOWER to FOLLOWER at term 3 for candidate:1ddc7d50-2cfc-4bb3-877e-a1bd441c4cad
2022-02-02 13:24:26,079 [grpc-default-executor-0] INFO  impl.RoleInfo (RoleInfo.java:shutdownFollowerState(108)) - c44f0072-f5b5-4f28-a537-04f9bff53e0b: shutdown c44f0072-f5b5-4f28-a537-04f9bff53e0b@group-43ECD93931E6-FollowerState
2022-02-02 13:24:26,079 [grpc-default-executor-0] INFO  impl.RoleInfo (RoleInfo.java:updateAndGet(130)) - c44f0072-f5b5-4f28-a537-04f9bff53e0b: start c44f0072-f5b5-4f28-a537-04f9bff53e0b@group-43ECD93931E6-FollowerState
2022-02-02 13:24:26,079 [c44f0072-f5b5-4f28-a537-04f9bff53e0b@group-43ECD93931E6-FollowerState] INFO  impl.FollowerState (FollowerState.java:run(143)) - c44f0072-f5b5-4f28-a537-04f9bff53e0b@group-43ECD93931E6-FollowerState was interrupted: {}
java.lang.InterruptedException: sleep interrupted
	at java.lang.Thread.sleep(Native Method)
	at java.lang.Thread.sleep(Thread.java:340)
	at java.util.concurrent.TimeUnit.sleep(TimeUnit.java:386)
	at org.apache.ratis.util.TimeDuration.sleep(TimeDuration.java:324)
	at org.apache.ratis.util.TimeDuration.sleep(TimeDuration.java:309)
	at org.apache.ratis.server.impl.FollowerState.run(FollowerState.java:118)
2022-02-02 13:24:26,080 [grpc-default-executor-0] INFO  server.RaftServer$Division (RaftServerImpl.java:requestVote(1078)) - c44f0072-f5b5-4f28-a537-04f9bff53e0b@group-43ECD93931E6 replies to ELECTION vote request: 1ddc7d50-2cfc-4bb3-877e-a1bd441c4cad<-c44f0072-f5b5-4f28-a537-04f9bff53e0b#0:FAIL-t3. Peer's state: c44f0072-f5b5-4f28-a537-04f9bff53e0b@group-43ECD93931E6:t3, leader=null, voted=null, raftlog=c44f0072-f5b5-4f28-a537-04f9bff53e0b@group-43ECD93931E6-SegmentedRaftLog:OPENED:c-1, conf=-1: [66cdd8a8-985e-41df-9c7f-d4882230ffd1|rpc:10.1.0.6:36517|priority:0, c44f0072-f5b5-4f28-a537-04f9bff53e0b|rpc:10.1.0.6:34445|priority:1, 1ddc7d50-2cfc-4bb3-877e-a1bd441c4cad|rpc:10.1.0.6:39783|priority:0], old=null
2022-02-02 13:24:26,085 [1ddc7d50-2cfc-4bb3-877e-a1bd441c4cad@group-43ECD93931E6-LeaderElection14] INFO  impl.LeaderElection (LeaderElection.java:logAndReturn(89)) - 1ddc7d50-2cfc-4bb3-877e-a1bd441c4cad@group-43ECD93931E6-LeaderElection14: ELECTION REJECTED received 2 response(s) and 0 exception(s):
2022-02-02 13:24:26,085 [1ddc7d50-2cfc-4bb3-877e-a1bd441c4cad@group-43ECD93931E6-LeaderElection14] INFO  impl.LeaderElection (LeaderElection.java:logAndReturn(93)) -   Response 0: 1ddc7d50-2cfc-4bb3-877e-a1bd441c4cad<-66cdd8a8-985e-41df-9c7f-d4882230ffd1#0:OK-t3
2022-02-02 13:24:26,085 [1ddc7d50-2cfc-4bb3-877e-a1bd441c4cad@group-43ECD93931E6-LeaderElection14] INFO  impl.LeaderElection (LeaderElection.java:logAndReturn(93)) -   Response 1: 1ddc7d50-2cfc-4bb3-877e-a1bd441c4cad<-c44f0072-f5b5-4f28-a537-04f9bff53e0b#0:FAIL-t3
2022-02-02 13:24:26,085 [1ddc7d50-2cfc-4bb3-877e-a1bd441c4cad@group-43ECD93931E6-LeaderElection14] INFO  impl.LeaderElection (LeaderElection.java:askForVotes(308)) - 1ddc7d50-2cfc-4bb3-877e-a1bd441c4cad@group-43ECD93931E6-LeaderElection14 ELECTION round 0: result REJECTED
2022-02-02 13:24:26,085 [1ddc7d50-2cfc-4bb3-877e-a1bd441c4cad@group-43ECD93931E6-LeaderElection14] INFO  server.RaftServer$Division (RaftServerImpl.java:setRole(290)) - 1ddc7d50-2cfc-4bb3-877e-a1bd441c4cad@group-43ECD93931E6: changes role from CANDIDATE to FOLLOWER at term 3 for REJECTED
2022-02-02 13:24:26,085 [1ddc7d50-2cfc-4bb3-877e-a1bd441c4cad@group-43ECD93931E6-LeaderElection14] INFO  impl.RoleInfo (RoleInfo.java:shutdownLeaderElection(121)) - 1ddc7d50-2cfc-4bb3-877e-a1bd441c4cad: shutdown 1ddc7d50-2cfc-4bb3-877e-a1bd441c4cad@group-43ECD93931E6-LeaderElection14
2022-02-02 13:24:26,085 [1ddc7d50-2cfc-4bb3-877e-a1bd441c4cad@group-43ECD93931E6-LeaderElection14] INFO  impl.RoleInfo (RoleInfo.java:updateAndGet(130)) - 1ddc7d50-2cfc-4bb3-877e-a1bd441c4cad: start 1ddc7d50-2cfc-4bb3-877e-a1bd441c4cad@group-43ECD93931E6-FollowerState
2022-02-02 13:24:26,094 [Listener at 127.0.0.1/38049] INFO  ozone.MiniOzoneClusterImpl (MiniOzoneClusterImpl.java:lambda$waitForClusterToBeReady$0(219)) - Nodes are ready. Got 3 of 3 DN Heartbeats.
2022-02-02 13:24:26,094 [Listener at 127.0.0.1/38049] INFO  ozone.MiniOzoneClusterImpl (MiniOzoneClusterImpl.java:lambda$waitForClusterToBeReady$0(222)) - Waiting for cluster to exit safe mode
2022-02-02 13:24:26,094 [Listener at 127.0.0.1/38049] INFO  ozone.MiniOzoneClusterImpl (MiniOzoneClusterImpl.java:lambda$waitForClusterToBeReady$0(224)) - SCM became leader
2022-02-02 13:24:27,095 [Listener at 127.0.0.1/38049] INFO  ozone.MiniOzoneClusterImpl (MiniOzoneClusterImpl.java:lambda$waitForClusterToBeReady$0(219)) - Nodes are ready. Got 3 of 3 DN Heartbeats.
2022-02-02 13:24:27,095 [Listener at 127.0.0.1/38049] INFO  ozone.MiniOzoneClusterImpl (MiniOzoneClusterImpl.java:lambda$waitForClusterToBeReady$0(222)) - Waiting for cluster to exit safe mode
2022-02-02 13:24:27,095 [Listener at 127.0.0.1/38049] INFO  ozone.MiniOzoneClusterImpl (MiniOzoneClusterImpl.java:lambda$waitForClusterToBeReady$0(224)) - SCM became leader
2022-02-02 13:24:28,095 [Listener at 127.0.0.1/38049] INFO  ozone.MiniOzoneClusterImpl (MiniOzoneClusterImpl.java:lambda$waitForClusterToBeReady$0(219)) - Nodes are ready. Got 3 of 3 DN Heartbeats.
2022-02-02 13:24:28,095 [Listener at 127.0.0.1/38049] INFO  ozone.MiniOzoneClusterImpl (MiniOzoneClusterImpl.java:lambda$waitForClusterToBeReady$0(222)) - Waiting for cluster to exit safe mode
2022-02-02 13:24:28,096 [Listener at 127.0.0.1/38049] INFO  ozone.MiniOzoneClusterImpl (MiniOzoneClusterImpl.java:lambda$waitForClusterToBeReady$0(224)) - SCM became leader
2022-02-02 13:24:29,096 [Listener at 127.0.0.1/38049] INFO  ozone.MiniOzoneClusterImpl (MiniOzoneClusterImpl.java:lambda$waitForClusterToBeReady$0(219)) - Nodes are ready. Got 3 of 3 DN Heartbeats.
2022-02-02 13:24:29,096 [Listener at 127.0.0.1/38049] INFO  ozone.MiniOzoneClusterImpl (MiniOzoneClusterImpl.java:lambda$waitForClusterToBeReady$0(222)) - Waiting for cluster to exit safe mode
2022-02-02 13:24:29,096 [Listener at 127.0.0.1/38049] INFO  ozone.MiniOzoneClusterImpl (MiniOzoneClusterImpl.java:lambda$waitForClusterToBeReady$0(224)) - SCM became leader
2022-02-02 13:24:30,097 [Listener at 127.0.0.1/38049] INFO  ozone.MiniOzoneClusterImpl (MiniOzoneClusterImpl.java:lambda$waitForClusterToBeReady$0(219)) - Nodes are ready. Got 3 of 3 DN Heartbeats.
2022-02-02 13:24:30,097 [Listener at 127.0.0.1/38049] INFO  ozone.MiniOzoneClusterImpl (MiniOzoneClusterImpl.java:lambda$waitForClusterToBeReady$0(222)) - Waiting for cluster to exit safe mode
2022-02-02 13:24:30,097 [Listener at 127.0.0.1/38049] INFO  ozone.MiniOzoneClusterImpl (MiniOzoneClusterImpl.java:lambda$waitForClusterToBeReady$0(224)) - SCM became leader
2022-02-02 13:24:31,097 [Listener at 127.0.0.1/38049] INFO  ozone.MiniOzoneClusterImpl (MiniOzoneClusterImpl.java:lambda$waitForClusterToBeReady$0(219)) - Nodes are ready. Got 3 of 3 DN Heartbeats.
2022-02-02 13:24:31,097 [Listener at 127.0.0.1/38049] INFO  ozone.MiniOzoneClusterImpl (MiniOzoneClusterImpl.java:lambda$waitForClusterToBeReady$0(222)) - Waiting for cluster to exit safe mode
2022-02-02 13:24:31,097 [Listener at 127.0.0.1/38049] INFO  ozone.MiniOzoneClusterImpl (MiniOzoneClusterImpl.java:lambda$waitForClusterToBeReady$0(224)) - SCM became leader
2022-02-02 13:24:31,139 [66cdd8a8-985e-41df-9c7f-d4882230ffd1@group-43ECD93931E6-FollowerState] INFO  impl.FollowerState (FollowerState.java:run(134)) - 66cdd8a8-985e-41df-9c7f-d4882230ffd1@group-43ECD93931E6-FollowerState: change to CANDIDATE, lastRpcElapsedTime:5064021079ns, electionTimeout:5060ms
2022-02-02 13:24:31,139 [66cdd8a8-985e-41df-9c7f-d4882230ffd1@group-43ECD93931E6-FollowerState] INFO  impl.RoleInfo (RoleInfo.java:shutdownFollowerState(108)) - 66cdd8a8-985e-41df-9c7f-d4882230ffd1: shutdown 66cdd8a8-985e-41df-9c7f-d4882230ffd1@group-43ECD93931E6-FollowerState
2022-02-02 13:24:31,140 [66cdd8a8-985e-41df-9c7f-d4882230ffd1@group-43ECD93931E6-FollowerState] INFO  server.RaftServer$Division (RaftServerImpl.java:setRole(290)) - 66cdd8a8-985e-41df-9c7f-d4882230ffd1@group-43ECD93931E6: changes role from  FOLLOWER to CANDIDATE at term 3 for changeToCandidate
2022-02-02 13:24:31,140 [66cdd8a8-985e-41df-9c7f-d4882230ffd1@group-43ECD93931E6-FollowerState] INFO  server.RaftServerConfigKeys (ConfUtils.java:logGet(44)) - raft.server.leaderelection.pre-vote = false (custom)
2022-02-02 13:24:31,140 [66cdd8a8-985e-41df-9c7f-d4882230ffd1@group-43ECD93931E6-FollowerState] INFO  impl.RoleInfo (RoleInfo.java:updateAndGet(130)) - 66cdd8a8-985e-41df-9c7f-d4882230ffd1: start 66cdd8a8-985e-41df-9c7f-d4882230ffd1@group-43ECD93931E6-LeaderElection15
2022-02-02 13:24:31,146 [66cdd8a8-985e-41df-9c7f-d4882230ffd1@group-43ECD93931E6-LeaderElection15] INFO  impl.LeaderElection (LeaderElection.java:askForVotes(306)) - 66cdd8a8-985e-41df-9c7f-d4882230ffd1@group-43ECD93931E6-LeaderElection15 ELECTION round 0: submit vote requests at term 4 for -1: [66cdd8a8-985e-41df-9c7f-d4882230ffd1|rpc:10.1.0.6:36517|priority:0, c44f0072-f5b5-4f28-a537-04f9bff53e0b|rpc:10.1.0.6:34445|priority:1, 1ddc7d50-2cfc-4bb3-877e-a1bd441c4cad|rpc:10.1.0.6:39783|priority:0], old=null
2022-02-02 13:24:31,158 [c44f0072-f5b5-4f28-a537-04f9bff53e0b@group-43ECD93931E6-FollowerState] INFO  impl.FollowerState (FollowerState.java:run(134)) - c44f0072-f5b5-4f28-a537-04f9bff53e0b@group-43ECD93931E6-FollowerState: change to CANDIDATE, lastRpcElapsedTime:5078764870ns, electionTimeout:5072ms
2022-02-02 13:24:31,158 [c44f0072-f5b5-4f28-a537-04f9bff53e0b@group-43ECD93931E6-FollowerState] INFO  impl.RoleInfo (RoleInfo.java:shutdownFollowerState(108)) - c44f0072-f5b5-4f28-a537-04f9bff53e0b: shutdown c44f0072-f5b5-4f28-a537-04f9bff53e0b@group-43ECD93931E6-FollowerState
2022-02-02 13:24:31,158 [c44f0072-f5b5-4f28-a537-04f9bff53e0b@group-43ECD93931E6-FollowerState] INFO  server.RaftServer$Division (RaftServerImpl.java:setRole(290)) - c44f0072-f5b5-4f28-a537-04f9bff53e0b@group-43ECD93931E6: changes role from  FOLLOWER to CANDIDATE at term 3 for changeToCandidate
2022-02-02 13:24:31,158 [c44f0072-f5b5-4f28-a537-04f9bff53e0b@group-43ECD93931E6-FollowerState] INFO  server.RaftServerConfigKeys (ConfUtils.java:logGet(44)) - raft.server.leaderelection.pre-vote = false (custom)
2022-02-02 13:24:31,158 [c44f0072-f5b5-4f28-a537-04f9bff53e0b@group-43ECD93931E6-FollowerState] INFO  impl.RoleInfo (RoleInfo.java:updateAndGet(130)) - c44f0072-f5b5-4f28-a537-04f9bff53e0b: start c44f0072-f5b5-4f28-a537-04f9bff53e0b@group-43ECD93931E6-LeaderElection16
2022-02-02 13:24:31,171 [grpc-default-executor-0] INFO  server.RaftServer$Division (RaftServerImpl.java:requestVote(1046)) - 1ddc7d50-2cfc-4bb3-877e-a1bd441c4cad@group-43ECD93931E6: receive requestVote(ELECTION, 66cdd8a8-985e-41df-9c7f-d4882230ffd1, group-43ECD93931E6, 4, (t:0, i:0))
2022-02-02 13:24:31,171 [grpc-default-executor-0] INFO  impl.VoteContext (VoteContext.java:log(48)) - 1ddc7d50-2cfc-4bb3-877e-a1bd441c4cad@group-43ECD93931E6-FOLLOWER: accept ELECTION from 66cdd8a8-985e-41df-9c7f-d4882230ffd1: our priority 0 <= candidate's priority 0
2022-02-02 13:24:31,171 [grpc-default-executor-0] INFO  server.RaftServer$Division (RaftServerImpl.java:setRole(290)) - 1ddc7d50-2cfc-4bb3-877e-a1bd441c4cad@group-43ECD93931E6: changes role from  FOLLOWER to FOLLOWER at term 4 for candidate:66cdd8a8-985e-41df-9c7f-d4882230ffd1
2022-02-02 13:24:31,171 [grpc-default-executor-0] INFO  impl.RoleInfo (RoleInfo.java:shutdownFollowerState(108)) - 1ddc7d50-2cfc-4bb3-877e-a1bd441c4cad: shutdown 1ddc7d50-2cfc-4bb3-877e-a1bd441c4cad@group-43ECD93931E6-FollowerState
2022-02-02 13:24:31,171 [grpc-default-executor-0] INFO  impl.RoleInfo (RoleInfo.java:updateAndGet(130)) - 1ddc7d50-2cfc-4bb3-877e-a1bd441c4cad: start 1ddc7d50-2cfc-4bb3-877e-a1bd441c4cad@group-43ECD93931E6-FollowerState
2022-02-02 13:24:31,171 [1ddc7d50-2cfc-4bb3-877e-a1bd441c4cad@group-43ECD93931E6-FollowerState] INFO  impl.FollowerState (FollowerState.java:run(143)) - 1ddc7d50-2cfc-4bb3-877e-a1bd441c4cad@group-43ECD93931E6-FollowerState was interrupted: {}
java.lang.InterruptedException: sleep interrupted
	at java.lang.Thread.sleep(Native Method)
	at java.lang.Thread.sleep(Thread.java:340)
	at java.util.concurrent.TimeUnit.sleep(TimeUnit.java:386)
	at org.apache.ratis.util.TimeDuration.sleep(TimeDuration.java:324)
	at org.apache.ratis.util.TimeDuration.sleep(TimeDuration.java:309)
	at org.apache.ratis.server.impl.FollowerState.run(FollowerState.java:118)
2022-02-02 13:24:31,176 [c44f0072-f5b5-4f28-a537-04f9bff53e0b@group-43ECD93931E6-LeaderElection16] INFO  impl.LeaderElection (LeaderElection.java:askForVotes(306)) - c44f0072-f5b5-4f28-a537-04f9bff53e0b@group-43ECD93931E6-LeaderElection16 ELECTION round 0: submit vote requests at term 4 for -1: [66cdd8a8-985e-41df-9c7f-d4882230ffd1|rpc:10.1.0.6:36517|priority:0, c44f0072-f5b5-4f28-a537-04f9bff53e0b|rpc:10.1.0.6:34445|priority:1, 1ddc7d50-2cfc-4bb3-877e-a1bd441c4cad|rpc:10.1.0.6:39783|priority:0], old=null
2022-02-02 13:24:31,176 [grpc-default-executor-0] INFO  server.RaftServer$Division (RaftServerImpl.java:requestVote(1078)) - 1ddc7d50-2cfc-4bb3-877e-a1bd441c4cad@group-43ECD93931E6 replies to ELECTION vote request: 66cdd8a8-985e-41df-9c7f-d4882230ffd1<-1ddc7d50-2cfc-4bb3-877e-a1bd441c4cad#0:OK-t4. Peer's state: 1ddc7d50-2cfc-4bb3-877e-a1bd441c4cad@group-43ECD93931E6:t4, leader=null, voted=66cdd8a8-985e-41df-9c7f-d4882230ffd1, raftlog=1ddc7d50-2cfc-4bb3-877e-a1bd441c4cad@group-43ECD93931E6-SegmentedRaftLog:OPENED:c-1, conf=-1: [66cdd8a8-985e-41df-9c7f-d4882230ffd1|rpc:10.1.0.6:36517|priority:0, c44f0072-f5b5-4f28-a537-04f9bff53e0b|rpc:10.1.0.6:34445|priority:1, 1ddc7d50-2cfc-4bb3-877e-a1bd441c4cad|rpc:10.1.0.6:39783|priority:0], old=null
2022-02-02 13:24:31,187 [grpc-default-executor-2] INFO  server.RaftServer$Division (RaftServerImpl.java:requestVote(1046)) - 66cdd8a8-985e-41df-9c7f-d4882230ffd1@group-43ECD93931E6: receive requestVote(ELECTION, c44f0072-f5b5-4f28-a537-04f9bff53e0b, group-43ECD93931E6, 4, (t:0, i:0))
2022-02-02 13:24:31,188 [grpc-default-executor-2] INFO  impl.VoteContext (VoteContext.java:log(48)) - 66cdd8a8-985e-41df-9c7f-d4882230ffd1@group-43ECD93931E6-CANDIDATE: reject ELECTION from c44f0072-f5b5-4f28-a537-04f9bff53e0b: already has voted for 66cdd8a8-985e-41df-9c7f-d4882230ffd1 at current term 4
2022-02-02 13:24:31,188 [grpc-default-executor-2] INFO  server.RaftServer$Division (RaftServerImpl.java:requestVote(1078)) - 66cdd8a8-985e-41df-9c7f-d4882230ffd1@group-43ECD93931E6 replies to ELECTION vote request: c44f0072-f5b5-4f28-a537-04f9bff53e0b<-66cdd8a8-985e-41df-9c7f-d4882230ffd1#0:FAIL-t4. Peer's state: 66cdd8a8-985e-41df-9c7f-d4882230ffd1@group-43ECD93931E6:t4, leader=null, voted=66cdd8a8-985e-41df-9c7f-d4882230ffd1, raftlog=66cdd8a8-985e-41df-9c7f-d4882230ffd1@group-43ECD93931E6-SegmentedRaftLog:OPENED:c-1, conf=-1: [66cdd8a8-985e-41df-9c7f-d4882230ffd1|rpc:10.1.0.6:36517|priority:0, c44f0072-f5b5-4f28-a537-04f9bff53e0b|rpc:10.1.0.6:34445|priority:1, 1ddc7d50-2cfc-4bb3-877e-a1bd441c4cad|rpc:10.1.0.6:39783|priority:0], old=null
2022-02-02 13:24:31,188 [grpc-default-executor-0] INFO  server.RaftServer$Division (RaftServerImpl.java:requestVote(1046)) - c44f0072-f5b5-4f28-a537-04f9bff53e0b@group-43ECD93931E6: receive requestVote(ELECTION, 66cdd8a8-985e-41df-9c7f-d4882230ffd1, group-43ECD93931E6, 4, (t:0, i:0))
2022-02-02 13:24:31,190 [grpc-default-executor-0] INFO  impl.VoteContext (VoteContext.java:log(48)) - c44f0072-f5b5-4f28-a537-04f9bff53e0b@group-43ECD93931E6-CANDIDATE: reject ELECTION from 66cdd8a8-985e-41df-9c7f-d4882230ffd1: already has voted for c44f0072-f5b5-4f28-a537-04f9bff53e0b at current term 4
2022-02-02 13:24:31,190 [grpc-default-executor-0] INFO  server.RaftServer$Division (RaftServerImpl.java:requestVote(1078)) - c44f0072-f5b5-4f28-a537-04f9bff53e0b@group-43ECD93931E6 replies to ELECTION vote request: 66cdd8a8-985e-41df-9c7f-d4882230ffd1<-c44f0072-f5b5-4f28-a537-04f9bff53e0b#0:FAIL-t4. Peer's state: c44f0072-f5b5-4f28-a537-04f9bff53e0b@group-43ECD93931E6:t4, leader=null, voted=c44f0072-f5b5-4f28-a537-04f9bff53e0b, raftlog=c44f0072-f5b5-4f28-a537-04f9bff53e0b@group-43ECD93931E6-SegmentedRaftLog:OPENED:c-1, conf=-1: [66cdd8a8-985e-41df-9c7f-d4882230ffd1|rpc:10.1.0.6:36517|priority:0, c44f0072-f5b5-4f28-a537-04f9bff53e0b|rpc:10.1.0.6:34445|priority:1, 1ddc7d50-2cfc-4bb3-877e-a1bd441c4cad|rpc:10.1.0.6:39783|priority:0], old=null
2022-02-02 13:24:31,195 [grpc-default-executor-0] INFO  server.RaftServer$Division (RaftServerImpl.java:requestVote(1046)) - 1ddc7d50-2cfc-4bb3-877e-a1bd441c4cad@group-43ECD93931E6: receive requestVote(ELECTION, c44f0072-f5b5-4f28-a537-04f9bff53e0b, group-43ECD93931E6, 4, (t:0, i:0))
2022-02-02 13:24:31,195 [grpc-default-executor-0] INFO  impl.VoteContext (VoteContext.java:log(48)) - 1ddc7d50-2cfc-4bb3-877e-a1bd441c4cad@group-43ECD93931E6-FOLLOWER: reject ELECTION from c44f0072-f5b5-4f28-a537-04f9bff53e0b: already has voted for 66cdd8a8-985e-41df-9c7f-d4882230ffd1 at current term 4
2022-02-02 13:24:31,195 [grpc-default-executor-0] INFO  server.RaftServer$Division (RaftServerImpl.java:requestVote(1078)) - 1ddc7d50-2cfc-4bb3-877e-a1bd441c4cad@group-43ECD93931E6 replies to ELECTION vote request: c44f0072-f5b5-4f28-a537-04f9bff53e0b<-1ddc7d50-2cfc-4bb3-877e-a1bd441c4cad#0:FAIL-t4. Peer's state: 1ddc7d50-2cfc-4bb3-877e-a1bd441c4cad@group-43ECD93931E6:t4, leader=null, voted=66cdd8a8-985e-41df-9c7f-d4882230ffd1, raftlog=1ddc7d50-2cfc-4bb3-877e-a1bd441c4cad@group-43ECD93931E6-SegmentedRaftLog:OPENED:c-1, conf=-1: [66cdd8a8-985e-41df-9c7f-d4882230ffd1|rpc:10.1.0.6:36517|priority:0, c44f0072-f5b5-4f28-a537-04f9bff53e0b|rpc:10.1.0.6:34445|priority:1, 1ddc7d50-2cfc-4bb3-877e-a1bd441c4cad|rpc:10.1.0.6:39783|priority:0], old=null
2022-02-02 13:24:31,197 [66cdd8a8-985e-41df-9c7f-d4882230ffd1@group-43ECD93931E6-LeaderElection15] INFO  impl.LeaderElection (LeaderElection.java:logAndReturn(89)) - 66cdd8a8-985e-41df-9c7f-d4882230ffd1@group-43ECD93931E6-LeaderElection15: ELECTION REJECTED received 2 response(s) and 0 exception(s):
2022-02-02 13:24:31,197 [c44f0072-f5b5-4f28-a537-04f9bff53e0b@group-43ECD93931E6-LeaderElection16] INFO  impl.LeaderElection (LeaderElection.java:logAndReturn(89)) - c44f0072-f5b5-4f28-a537-04f9bff53e0b@group-43ECD93931E6-LeaderElection16: ELECTION REJECTED received 2 response(s) and 0 exception(s):
2022-02-02 13:24:31,198 [c44f0072-f5b5-4f28-a537-04f9bff53e0b@group-43ECD93931E6-LeaderElection16] INFO  impl.LeaderElection (LeaderElection.java:logAndReturn(93)) -   Response 0: c44f0072-f5b5-4f28-a537-04f9bff53e0b<-66cdd8a8-985e-41df-9c7f-d4882230ffd1#0:FAIL-t4
2022-02-02 13:24:31,198 [c44f0072-f5b5-4f28-a537-04f9bff53e0b@group-43ECD93931E6-LeaderElection16] INFO  impl.LeaderElection (LeaderElection.java:logAndReturn(93)) -   Response 1: c44f0072-f5b5-4f28-a537-04f9bff53e0b<-1ddc7d50-2cfc-4bb3-877e-a1bd441c4cad#0:FAIL-t4
2022-02-02 13:24:31,198 [66cdd8a8-985e-41df-9c7f-d4882230ffd1@group-43ECD93931E6-LeaderElection15] INFO  impl.LeaderElection (LeaderElection.java:logAndReturn(93)) -   Response 0: 66cdd8a8-985e-41df-9c7f-d4882230ffd1<-c44f0072-f5b5-4f28-a537-04f9bff53e0b#0:FAIL-t4
2022-02-02 13:24:31,199 [66cdd8a8-985e-41df-9c7f-d4882230ffd1@group-43ECD93931E6-LeaderElection15] INFO  impl.LeaderElection (LeaderElection.java:logAndReturn(93)) -   Response 1: 66cdd8a8-985e-41df-9c7f-d4882230ffd1<-1ddc7d50-2cfc-4bb3-877e-a1bd441c4cad#0:OK-t4
2022-02-02 13:24:31,199 [66cdd8a8-985e-41df-9c7f-d4882230ffd1@group-43ECD93931E6-LeaderElection15] INFO  impl.LeaderElection (LeaderElection.java:askForVotes(308)) - 66cdd8a8-985e-41df-9c7f-d4882230ffd1@group-43ECD93931E6-LeaderElection15 ELECTION round 0: result REJECTED
2022-02-02 13:24:31,199 [66cdd8a8-985e-41df-9c7f-d4882230ffd1@group-43ECD93931E6-LeaderElection15] INFO  server.RaftServer$Division (RaftServerImpl.java:setRole(290)) - 66cdd8a8-985e-41df-9c7f-d4882230ffd1@group-43ECD93931E6: changes role from CANDIDATE to FOLLOWER at term 4 for REJECTED
2022-02-02 13:24:31,199 [66cdd8a8-985e-41df-9c7f-d4882230ffd1@group-43ECD93931E6-LeaderElection15] INFO  impl.RoleInfo (RoleInfo.java:shutdownLeaderElection(121)) - 66cdd8a8-985e-41df-9c7f-d4882230ffd1: shutdown 66cdd8a8-985e-41df-9c7f-d4882230ffd1@group-43ECD93931E6-LeaderElection15
2022-02-02 13:24:31,199 [66cdd8a8-985e-41df-9c7f-d4882230ffd1@group-43ECD93931E6-LeaderElection15] INFO  impl.RoleInfo (RoleInfo.java:updateAndGet(130)) - 66cdd8a8-985e-41df-9c7f-d4882230ffd1: start 66cdd8a8-985e-41df-9c7f-d4882230ffd1@group-43ECD93931E6-FollowerState
2022-02-02 13:24:31,199 [c44f0072-f5b5-4f28-a537-04f9bff53e0b@group-43ECD93931E6-LeaderElection16] INFO  impl.LeaderElection (LeaderElection.java:askForVotes(308)) - c44f0072-f5b5-4f28-a537-04f9bff53e0b@group-43ECD93931E6-LeaderElection16 ELECTION round 0: result REJECTED
2022-02-02 13:24:31,199 [c44f0072-f5b5-4f28-a537-04f9bff53e0b@group-43ECD93931E6-LeaderElection16] INFO  server.RaftServer$Division (RaftServerImpl.java:setRole(290)) - c44f0072-f5b5-4f28-a537-04f9bff53e0b@group-43ECD93931E6: changes role from CANDIDATE to FOLLOWER at term 4 for REJECTED
2022-02-02 13:24:31,199 [c44f0072-f5b5-4f28-a537-04f9bff53e0b@group-43ECD93931E6-LeaderElection16] INFO  impl.RoleInfo (RoleInfo.java:shutdownLeaderElection(121)) - c44f0072-f5b5-4f28-a537-04f9bff53e0b: shutdown c44f0072-f5b5-4f28-a537-04f9bff53e0b@group-43ECD93931E6-LeaderElection16
2022-02-02 13:24:31,206 [c44f0072-f5b5-4f28-a537-04f9bff53e0b@group-43ECD93931E6-LeaderElection16] INFO  impl.RoleInfo (RoleInfo.java:updateAndGet(130)) - c44f0072-f5b5-4f28-a537-04f9bff53e0b: start c44f0072-f5b5-4f28-a537-04f9bff53e0b@group-43ECD93931E6-FollowerState
2022-02-02 13:24:32,098 [Listener at 127.0.0.1/38049] INFO  ozone.MiniOzoneClusterImpl (MiniOzoneClusterImpl.java:lambda$waitForClusterToBeReady$0(219)) - Nodes are ready. Got 3 of 3 DN Heartbeats.
2022-02-02 13:24:32,098 [Listener at 127.0.0.1/38049] INFO  ozone.MiniOzoneClusterImpl (MiniOzoneClusterImpl.java:lambda$waitForClusterToBeReady$0(222)) - Waiting for cluster to exit safe mode
2022-02-02 13:24:32,098 [Listener at 127.0.0.1/38049] INFO  ozone.MiniOzoneClusterImpl (MiniOzoneClusterImpl.java:lambda$waitForClusterToBeReady$0(224)) - SCM became leader
2022-02-02 13:24:33,098 [Listener at 127.0.0.1/38049] INFO  ozone.MiniOzoneClusterImpl (MiniOzoneClusterImpl.java:lambda$waitForClusterToBeReady$0(219)) - Nodes are ready. Got 3 of 3 DN Heartbeats.
2022-02-02 13:24:33,099 [Listener at 127.0.0.1/38049] INFO  ozone.MiniOzoneClusterImpl (MiniOzoneClusterImpl.java:lambda$waitForClusterToBeReady$0(222)) - Waiting for cluster to exit safe mode
2022-02-02 13:24:33,099 [Listener at 127.0.0.1/38049] INFO  ozone.MiniOzoneClusterImpl (MiniOzoneClusterImpl.java:lambda$waitForClusterToBeReady$0(224)) - SCM became leader
2022-02-02 13:24:34,112 [Listener at 127.0.0.1/38049] INFO  ozone.MiniOzoneClusterImpl (MiniOzoneClusterImpl.java:lambda$waitForClusterToBeReady$0(219)) - Nodes are ready. Got 3 of 3 DN Heartbeats.
2022-02-02 13:24:34,113 [Listener at 127.0.0.1/38049] INFO  ozone.MiniOzoneClusterImpl (MiniOzoneClusterImpl.java:lambda$waitForClusterToBeReady$0(222)) - Waiting for cluster to exit safe mode
2022-02-02 13:24:34,113 [Listener at 127.0.0.1/38049] INFO  ozone.MiniOzoneClusterImpl (MiniOzoneClusterImpl.java:lambda$waitForClusterToBeReady$0(224)) - SCM became leader
2022-02-02 13:24:35,113 [Listener at 127.0.0.1/38049] INFO  ozone.MiniOzoneClusterImpl (MiniOzoneClusterImpl.java:lambda$waitForClusterToBeReady$0(219)) - Nodes are ready. Got 3 of 3 DN Heartbeats.
2022-02-02 13:24:35,114 [Listener at 127.0.0.1/38049] INFO  ozone.MiniOzoneClusterImpl (MiniOzoneClusterImpl.java:lambda$waitForClusterToBeReady$0(222)) - Waiting for cluster to exit safe mode
2022-02-02 13:24:35,114 [Listener at 127.0.0.1/38049] INFO  ozone.MiniOzoneClusterImpl (MiniOzoneClusterImpl.java:lambda$waitForClusterToBeReady$0(224)) - SCM became leader
2022-02-02 13:24:36,114 [Listener at 127.0.0.1/38049] INFO  ozone.MiniOzoneClusterImpl (MiniOzoneClusterImpl.java:lambda$waitForClusterToBeReady$0(219)) - Nodes are ready. Got 3 of 3 DN Heartbeats.
2022-02-02 13:24:36,115 [Listener at 127.0.0.1/38049] INFO  ozone.MiniOzoneClusterImpl (MiniOzoneClusterImpl.java:lambda$waitForClusterToBeReady$0(222)) - Waiting for cluster to exit safe mode
2022-02-02 13:24:36,115 [Listener at 127.0.0.1/38049] INFO  ozone.MiniOzoneClusterImpl (MiniOzoneClusterImpl.java:lambda$waitForClusterToBeReady$0(224)) - SCM became leader
2022-02-02 13:24:36,251 [1ddc7d50-2cfc-4bb3-877e-a1bd441c4cad@group-43ECD93931E6-FollowerState] INFO  impl.FollowerState (FollowerState.java:run(134)) - 1ddc7d50-2cfc-4bb3-877e-a1bd441c4cad@group-43ECD93931E6-FollowerState: change to CANDIDATE, lastRpcElapsedTime:5074629398ns, electionTimeout:5067ms
2022-02-02 13:24:36,251 [1ddc7d50-2cfc-4bb3-877e-a1bd441c4cad@group-43ECD93931E6-FollowerState] INFO  impl.RoleInfo (RoleInfo.java:shutdownFollowerState(108)) - 1ddc7d50-2cfc-4bb3-877e-a1bd441c4cad: shutdown 1ddc7d50-2cfc-4bb3-877e-a1bd441c4cad@group-43ECD93931E6-FollowerState
2022-02-02 13:24:36,251 [1ddc7d50-2cfc-4bb3-877e-a1bd441c4cad@group-43ECD93931E6-FollowerState] INFO  server.RaftServer$Division (RaftServerImpl.java:setRole(290)) - 1ddc7d50-2cfc-4bb3-877e-a1bd441c4cad@group-43ECD93931E6: changes role from  FOLLOWER to CANDIDATE at term 4 for changeToCandidate
2022-02-02 13:24:36,251 [1ddc7d50-2cfc-4bb3-877e-a1bd441c4cad@group-43ECD93931E6-FollowerState] INFO  server.RaftServerConfigKeys (ConfUtils.java:logGet(44)) - raft.server.leaderelection.pre-vote = false (custom)
2022-02-02 13:24:36,251 [1ddc7d50-2cfc-4bb3-877e-a1bd441c4cad@group-43ECD93931E6-FollowerState] INFO  impl.RoleInfo (RoleInfo.java:updateAndGet(130)) - 1ddc7d50-2cfc-4bb3-877e-a1bd441c4cad: start 1ddc7d50-2cfc-4bb3-877e-a1bd441c4cad@group-43ECD93931E6-LeaderElection17
2022-02-02 13:24:36,253 [1ddc7d50-2cfc-4bb3-877e-a1bd441c4cad@group-43ECD93931E6-LeaderElection17] INFO  impl.LeaderElection (LeaderElection.java:askForVotes(306)) - 1ddc7d50-2cfc-4bb3-877e-a1bd441c4cad@group-43ECD93931E6-LeaderElection17 ELECTION round 0: submit vote requests at term 5 for -1: [66cdd8a8-985e-41df-9c7f-d4882230ffd1|rpc:10.1.0.6:36517|priority:0, c44f0072-f5b5-4f28-a537-04f9bff53e0b|rpc:10.1.0.6:34445|priority:1, 1ddc7d50-2cfc-4bb3-877e-a1bd441c4cad|rpc:10.1.0.6:39783|priority:0], old=null
2022-02-02 13:24:36,262 [grpc-default-executor-0] INFO  server.RaftServer$Division (RaftServerImpl.java:requestVote(1046)) - 66cdd8a8-985e-41df-9c7f-d4882230ffd1@group-43ECD93931E6: receive requestVote(ELECTION, 1ddc7d50-2cfc-4bb3-877e-a1bd441c4cad, group-43ECD93931E6, 5, (t:0, i:0))
2022-02-02 13:24:36,263 [grpc-default-executor-0] INFO  impl.VoteContext (VoteContext.java:log(48)) - 66cdd8a8-985e-41df-9c7f-d4882230ffd1@group-43ECD93931E6-FOLLOWER: accept ELECTION from 1ddc7d50-2cfc-4bb3-877e-a1bd441c4cad: our priority 0 <= candidate's priority 0
2022-02-02 13:24:36,263 [grpc-default-executor-0] INFO  server.RaftServer$Division (RaftServerImpl.java:setRole(290)) - 66cdd8a8-985e-41df-9c7f-d4882230ffd1@group-43ECD93931E6: changes role from  FOLLOWER to FOLLOWER at term 5 for candidate:1ddc7d50-2cfc-4bb3-877e-a1bd441c4cad
2022-02-02 13:24:36,263 [grpc-default-executor-0] INFO  impl.RoleInfo (RoleInfo.java:shutdownFollowerState(108)) - 66cdd8a8-985e-41df-9c7f-d4882230ffd1: shutdown 66cdd8a8-985e-41df-9c7f-d4882230ffd1@group-43ECD93931E6-FollowerState
2022-02-02 13:24:36,263 [grpc-default-executor-0] INFO  impl.RoleInfo (RoleInfo.java:updateAndGet(130)) - 66cdd8a8-985e-41df-9c7f-d4882230ffd1: start 66cdd8a8-985e-41df-9c7f-d4882230ffd1@group-43ECD93931E6-FollowerState
2022-02-02 13:24:36,263 [66cdd8a8-985e-41df-9c7f-d4882230ffd1@group-43ECD93931E6-FollowerState] INFO  impl.FollowerState (FollowerState.java:run(143)) - 66cdd8a8-985e-41df-9c7f-d4882230ffd1@group-43ECD93931E6-FollowerState was interrupted: {}
java.lang.InterruptedException: sleep interrupted
	at java.lang.Thread.sleep(Native Method)
	at java.lang.Thread.sleep(Thread.java:340)
	at java.util.concurrent.TimeUnit.sleep(TimeUnit.java:386)
	at org.apache.ratis.util.TimeDuration.sleep(TimeDuration.java:324)
	at org.apache.ratis.util.TimeDuration.sleep(TimeDuration.java:309)
	at org.apache.ratis.server.impl.FollowerState.run(FollowerState.java:118)
2022-02-02 13:24:36,264 [grpc-default-executor-0] INFO  server.RaftServer$Division (RaftServerImpl.java:requestVote(1078)) - 66cdd8a8-985e-41df-9c7f-d4882230ffd1@group-43ECD93931E6 replies to ELECTION vote request: 1ddc7d50-2cfc-4bb3-877e-a1bd441c4cad<-66cdd8a8-985e-41df-9c7f-d4882230ffd1#0:OK-t5. Peer's state: 66cdd8a8-985e-41df-9c7f-d4882230ffd1@group-43ECD93931E6:t5, leader=null, voted=1ddc7d50-2cfc-4bb3-877e-a1bd441c4cad, raftlog=66cdd8a8-985e-41df-9c7f-d4882230ffd1@group-43ECD93931E6-SegmentedRaftLog:OPENED:c-1, conf=-1: [66cdd8a8-985e-41df-9c7f-d4882230ffd1|rpc:10.1.0.6:36517|priority:0, c44f0072-f5b5-4f28-a537-04f9bff53e0b|rpc:10.1.0.6:34445|priority:1, 1ddc7d50-2cfc-4bb3-877e-a1bd441c4cad|rpc:10.1.0.6:39783|priority:0], old=null
2022-02-02 13:24:36,271 [grpc-default-executor-0] INFO  server.RaftServer$Division (RaftServerImpl.java:requestVote(1046)) - c44f0072-f5b5-4f28-a537-04f9bff53e0b@group-43ECD93931E6: receive requestVote(ELECTION, 1ddc7d50-2cfc-4bb3-877e-a1bd441c4cad, group-43ECD93931E6, 5, (t:0, i:0))
2022-02-02 13:24:36,271 [grpc-default-executor-0] INFO  impl.VoteContext (VoteContext.java:log(48)) - c44f0072-f5b5-4f28-a537-04f9bff53e0b@group-43ECD93931E6-FOLLOWER: reject ELECTION from 1ddc7d50-2cfc-4bb3-877e-a1bd441c4cad: our priority 1 > candidate's priority 0
2022-02-02 13:24:36,272 [grpc-default-executor-0] INFO  server.RaftServer$Division (RaftServerImpl.java:setRole(290)) - c44f0072-f5b5-4f28-a537-04f9bff53e0b@group-43ECD93931E6: changes role from  FOLLOWER to FOLLOWER at term 5 for candidate:1ddc7d50-2cfc-4bb3-877e-a1bd441c4cad
2022-02-02 13:24:36,272 [grpc-default-executor-0] INFO  impl.RoleInfo (RoleInfo.java:shutdownFollowerState(108)) - c44f0072-f5b5-4f28-a537-04f9bff53e0b: shutdown c44f0072-f5b5-4f28-a537-04f9bff53e0b@group-43ECD93931E6-FollowerState
2022-02-02 13:24:36,272 [grpc-default-executor-0] INFO  impl.RoleInfo (RoleInfo.java:updateAndGet(130)) - c44f0072-f5b5-4f28-a537-04f9bff53e0b: start c44f0072-f5b5-4f28-a537-04f9bff53e0b@group-43ECD93931E6-FollowerState
2022-02-02 13:24:36,272 [c44f0072-f5b5-4f28-a537-04f9bff53e0b@group-43ECD93931E6-FollowerState] INFO  impl.FollowerState (FollowerState.java:run(143)) - c44f0072-f5b5-4f28-a537-04f9bff53e0b@group-43ECD93931E6-FollowerState was interrupted: {}
java.lang.InterruptedException: sleep interrupted
	at java.lang.Thread.sleep(Native Method)
	at java.lang.Thread.sleep(Thread.java:340)
	at java.util.concurrent.TimeUnit.sleep(TimeUnit.java:386)
	at org.apache.ratis.util.TimeDuration.sleep(TimeDuration.java:324)
	at org.apache.ratis.util.TimeDuration.sleep(TimeDuration.java:309)
	at org.apache.ratis.server.impl.FollowerState.run(FollowerState.java:118)
2022-02-02 13:24:36,275 [grpc-default-executor-0] INFO  server.RaftServer$Division (RaftServerImpl.java:requestVote(1078)) - c44f0072-f5b5-4f28-a537-04f9bff53e0b@group-43ECD93931E6 replies to ELECTION vote request: 1ddc7d50-2cfc-4bb3-877e-a1bd441c4cad<-c44f0072-f5b5-4f28-a537-04f9bff53e0b#0:FAIL-t5. Peer's state: c44f0072-f5b5-4f28-a537-04f9bff53e0b@group-43ECD93931E6:t5, leader=null, voted=null, raftlog=c44f0072-f5b5-4f28-a537-04f9bff53e0b@group-43ECD93931E6-SegmentedRaftLog:OPENED:c-1, conf=-1: [66cdd8a8-985e-41df-9c7f-d4882230ffd1|rpc:10.1.0.6:36517|priority:0, c44f0072-f5b5-4f28-a537-04f9bff53e0b|rpc:10.1.0.6:34445|priority:1, 1ddc7d50-2cfc-4bb3-877e-a1bd441c4cad|rpc:10.1.0.6:39783|priority:0], old=null
2022-02-02 13:24:36,278 [1ddc7d50-2cfc-4bb3-877e-a1bd441c4cad@group-43ECD93931E6-LeaderElection17] INFO  impl.LeaderElection (LeaderElection.java:logAndReturn(89)) - 1ddc7d50-2cfc-4bb3-877e-a1bd441c4cad@group-43ECD93931E6-LeaderElection17: ELECTION REJECTED received 2 response(s) and 0 exception(s):
2022-02-02 13:24:36,278 [1ddc7d50-2cfc-4bb3-877e-a1bd441c4cad@group-43ECD93931E6-LeaderElection17] INFO  impl.LeaderElection (LeaderElection.java:logAndReturn(93)) -   Response 0: 1ddc7d50-2cfc-4bb3-877e-a1bd441c4cad<-66cdd8a8-985e-41df-9c7f-d4882230ffd1#0:OK-t5
2022-02-02 13:24:36,278 [1ddc7d50-2cfc-4bb3-877e-a1bd441c4cad@group-43ECD93931E6-LeaderElection17] INFO  impl.LeaderElection (LeaderElection.java:logAndReturn(93)) -   Response 1: 1ddc7d50-2cfc-4bb3-877e-a1bd441c4cad<-c44f0072-f5b5-4f28-a537-04f9bff53e0b#0:FAIL-t5
2022-02-02 13:24:36,278 [1ddc7d50-2cfc-4bb3-877e-a1bd441c4cad@group-43ECD93931E6-LeaderElection17] INFO  impl.LeaderElection (LeaderElection.java:askForVotes(308)) - 1ddc7d50-2cfc-4bb3-877e-a1bd441c4cad@group-43ECD93931E6-LeaderElection17 ELECTION round 0: result REJECTED
2022-02-02 13:24:36,278 [1ddc7d50-2cfc-4bb3-877e-a1bd441c4cad@group-43ECD93931E6-LeaderElection17] INFO  server.RaftServer$Division (RaftServerImpl.java:setRole(290)) - 1ddc7d50-2cfc-4bb3-877e-a1bd441c4cad@group-43ECD93931E6: changes role from CANDIDATE to FOLLOWER at term 5 for REJECTED
2022-02-02 13:24:36,278 [1ddc7d50-2cfc-4bb3-877e-a1bd441c4cad@group-43ECD93931E6-LeaderElection17] INFO  impl.RoleInfo (RoleInfo.java:shutdownLeaderElection(121)) - 1ddc7d50-2cfc-4bb3-877e-a1bd441c4cad: shutdown 1ddc7d50-2cfc-4bb3-877e-a1bd441c4cad@group-43ECD93931E6-LeaderElection17
2022-02-02 13:24:36,278 [1ddc7d50-2cfc-4bb3-877e-a1bd441c4cad@group-43ECD93931E6-LeaderElection17] INFO  impl.RoleInfo (RoleInfo.java:updateAndGet(130)) - 1ddc7d50-2cfc-4bb3-877e-a1bd441c4cad: start 1ddc7d50-2cfc-4bb3-877e-a1bd441c4cad@group-43ECD93931E6-FollowerState
2022-02-02 13:24:37,115 [Listener at 127.0.0.1/38049] INFO  ozone.MiniOzoneClusterImpl (MiniOzoneClusterImpl.java:lambda$waitForClusterToBeReady$0(219)) - Nodes are ready. Got 3 of 3 DN Heartbeats.
2022-02-02 13:24:37,116 [Listener at 127.0.0.1/38049] INFO  ozone.MiniOzoneClusterImpl (MiniOzoneClusterImpl.java:lambda$waitForClusterToBeReady$0(222)) - Waiting for cluster to exit safe mode
2022-02-02 13:24:37,116 [Listener at 127.0.0.1/38049] INFO  ozone.MiniOzoneClusterImpl (MiniOzoneClusterImpl.java:lambda$waitForClusterToBeReady$0(224)) - SCM became leader
2022-02-02 13:24:38,116 [Listener at 127.0.0.1/38049] INFO  ozone.MiniOzoneClusterImpl (MiniOzoneClusterImpl.java:lambda$waitForClusterToBeReady$0(219)) - Nodes are ready. Got 3 of 3 DN Heartbeats.
2022-02-02 13:24:38,117 [Listener at 127.0.0.1/38049] INFO  ozone.MiniOzoneClusterImpl (MiniOzoneClusterImpl.java:lambda$waitForClusterToBeReady$0(222)) - Waiting for cluster to exit safe mode
2022-02-02 13:24:38,117 [Listener at 127.0.0.1/38049] INFO  ozone.MiniOzoneClusterImpl (MiniOzoneClusterImpl.java:lambda$waitForClusterToBeReady$0(224)) - SCM became leader
2022-02-02 13:24:39,117 [Listener at 127.0.0.1/38049] INFO  ozone.MiniOzoneClusterImpl (MiniOzoneClusterImpl.java:lambda$waitForClusterToBeReady$0(219)) - Nodes are ready. Got 3 of 3 DN Heartbeats.
2022-02-02 13:24:39,117 [Listener at 127.0.0.1/38049] INFO  ozone.MiniOzoneClusterImpl (MiniOzoneClusterImpl.java:lambda$waitForClusterToBeReady$0(222)) - Waiting for cluster to exit safe mode
2022-02-02 13:24:39,117 [Listener at 127.0.0.1/38049] INFO  ozone.MiniOzoneClusterImpl (MiniOzoneClusterImpl.java:lambda$waitForClusterToBeReady$0(224)) - SCM became leader
2022-02-02 13:24:40,117 [Listener at 127.0.0.1/38049] INFO  ozone.MiniOzoneClusterImpl (MiniOzoneClusterImpl.java:lambda$waitForClusterToBeReady$0(219)) - Nodes are ready. Got 3 of 3 DN Heartbeats.
2022-02-02 13:24:40,118 [Listener at 127.0.0.1/38049] INFO  ozone.MiniOzoneClusterImpl (MiniOzoneClusterImpl.java:lambda$waitForClusterToBeReady$0(222)) - Waiting for cluster to exit safe mode
2022-02-02 13:24:40,118 [Listener at 127.0.0.1/38049] INFO  ozone.MiniOzoneClusterImpl (MiniOzoneClusterImpl.java:lambda$waitForClusterToBeReady$0(224)) - SCM became leader
2022-02-02 13:24:41,118 [Listener at 127.0.0.1/38049] INFO  ozone.MiniOzoneClusterImpl (MiniOzoneClusterImpl.java:lambda$waitForClusterToBeReady$0(219)) - Nodes are ready. Got 3 of 3 DN Heartbeats.
2022-02-02 13:24:41,118 [Listener at 127.0.0.1/38049] INFO  ozone.MiniOzoneClusterImpl (MiniOzoneClusterImpl.java:lambda$waitForClusterToBeReady$0(222)) - Waiting for cluster to exit safe mode
2022-02-02 13:24:41,118 [Listener at 127.0.0.1/38049] INFO  ozone.MiniOzoneClusterImpl (MiniOzoneClusterImpl.java:lambda$waitForClusterToBeReady$0(224)) - SCM became leader
2022-02-02 13:24:41,265 [66cdd8a8-985e-41df-9c7f-d4882230ffd1@group-43ECD93931E6-FollowerState] INFO  impl.FollowerState (FollowerState.java:run(134)) - 66cdd8a8-985e-41df-9c7f-d4882230ffd1@group-43ECD93931E6-FollowerState: change to CANDIDATE, lastRpcElapsedTime:5000695429ns, electionTimeout:5000ms
2022-02-02 13:24:41,265 [66cdd8a8-985e-41df-9c7f-d4882230ffd1@group-43ECD93931E6-FollowerState] INFO  impl.RoleInfo (RoleInfo.java:shutdownFollowerState(108)) - 66cdd8a8-985e-41df-9c7f-d4882230ffd1: shutdown 66cdd8a8-985e-41df-9c7f-d4882230ffd1@group-43ECD93931E6-FollowerState
2022-02-02 13:24:41,265 [66cdd8a8-985e-41df-9c7f-d4882230ffd1@group-43ECD93931E6-FollowerState] INFO  server.RaftServer$Division (RaftServerImpl.java:setRole(290)) - 66cdd8a8-985e-41df-9c7f-d4882230ffd1@group-43ECD93931E6: changes role from  FOLLOWER to CANDIDATE at term 5 for changeToCandidate
2022-02-02 13:24:41,265 [66cdd8a8-985e-41df-9c7f-d4882230ffd1@group-43ECD93931E6-FollowerState] INFO  server.RaftServerConfigKeys (ConfUtils.java:logGet(44)) - raft.server.leaderelection.pre-vote = false (custom)
2022-02-02 13:24:41,266 [66cdd8a8-985e-41df-9c7f-d4882230ffd1@group-43ECD93931E6-FollowerState] INFO  impl.RoleInfo (RoleInfo.java:updateAndGet(130)) - 66cdd8a8-985e-41df-9c7f-d4882230ffd1: start 66cdd8a8-985e-41df-9c7f-d4882230ffd1@group-43ECD93931E6-LeaderElection18
2022-02-02 13:24:41,273 [66cdd8a8-985e-41df-9c7f-d4882230ffd1@group-43ECD93931E6-LeaderElection18] INFO  impl.LeaderElection (LeaderElection.java:askForVotes(306)) - 66cdd8a8-985e-41df-9c7f-d4882230ffd1@group-43ECD93931E6-LeaderElection18 ELECTION round 0: submit vote requests at term 6 for -1: [66cdd8a8-985e-41df-9c7f-d4882230ffd1|rpc:10.1.0.6:36517|priority:0, c44f0072-f5b5-4f28-a537-04f9bff53e0b|rpc:10.1.0.6:34445|priority:1, 1ddc7d50-2cfc-4bb3-877e-a1bd441c4cad|rpc:10.1.0.6:39783|priority:0], old=null
2022-02-02 13:24:41,282 [grpc-default-executor-0] INFO  server.RaftServer$Division (RaftServerImpl.java:requestVote(1046)) - c44f0072-f5b5-4f28-a537-04f9bff53e0b@group-43ECD93931E6: receive requestVote(ELECTION, 66cdd8a8-985e-41df-9c7f-d4882230ffd1, group-43ECD93931E6, 6, (t:0, i:0))
2022-02-02 13:24:41,282 [grpc-default-executor-0] INFO  impl.VoteContext (VoteContext.java:log(48)) - c44f0072-f5b5-4f28-a537-04f9bff53e0b@group-43ECD93931E6-FOLLOWER: reject ELECTION from 66cdd8a8-985e-41df-9c7f-d4882230ffd1: our priority 1 > candidate's priority 0
2022-02-02 13:24:41,283 [grpc-default-executor-0] INFO  server.RaftServer$Division (RaftServerImpl.java:setRole(290)) - c44f0072-f5b5-4f28-a537-04f9bff53e0b@group-43ECD93931E6: changes role from  FOLLOWER to FOLLOWER at term 6 for candidate:66cdd8a8-985e-41df-9c7f-d4882230ffd1
2022-02-02 13:24:41,283 [grpc-default-executor-0] INFO  impl.RoleInfo (RoleInfo.java:shutdownFollowerState(108)) - c44f0072-f5b5-4f28-a537-04f9bff53e0b: shutdown c44f0072-f5b5-4f28-a537-04f9bff53e0b@group-43ECD93931E6-FollowerState
2022-02-02 13:24:41,283 [grpc-default-executor-0] INFO  impl.RoleInfo (RoleInfo.java:updateAndGet(130)) - c44f0072-f5b5-4f28-a537-04f9bff53e0b: start c44f0072-f5b5-4f28-a537-04f9bff53e0b@group-43ECD93931E6-FollowerState
2022-02-02 13:24:41,283 [c44f0072-f5b5-4f28-a537-04f9bff53e0b@group-43ECD93931E6-FollowerState] INFO  impl.FollowerState (FollowerState.java:run(143)) - c44f0072-f5b5-4f28-a537-04f9bff53e0b@group-43ECD93931E6-FollowerState was interrupted: {}
java.lang.InterruptedException: sleep interrupted
	at java.lang.Thread.sleep(Native Method)
	at java.lang.Thread.sleep(Thread.java:340)
	at java.util.concurrent.TimeUnit.sleep(TimeUnit.java:386)
	at org.apache.ratis.util.TimeDuration.sleep(TimeDuration.java:324)
	at org.apache.ratis.util.TimeDuration.sleep(TimeDuration.java:309)
	at org.apache.ratis.server.impl.FollowerState.run(FollowerState.java:118)
2022-02-02 13:24:41,284 [grpc-default-executor-0] INFO  server.RaftServer$Division (RaftServerImpl.java:requestVote(1078)) - c44f0072-f5b5-4f28-a537-04f9bff53e0b@group-43ECD93931E6 replies to ELECTION vote request: 66cdd8a8-985e-41df-9c7f-d4882230ffd1<-c44f0072-f5b5-4f28-a537-04f9bff53e0b#0:FAIL-t6. Peer's state: c44f0072-f5b5-4f28-a537-04f9bff53e0b@group-43ECD93931E6:t6, leader=null, voted=null, raftlog=c44f0072-f5b5-4f28-a537-04f9bff53e0b@group-43ECD93931E6-SegmentedRaftLog:OPENED:c-1, conf=-1: [66cdd8a8-985e-41df-9c7f-d4882230ffd1|rpc:10.1.0.6:36517|priority:0, c44f0072-f5b5-4f28-a537-04f9bff53e0b|rpc:10.1.0.6:34445|priority:1, 1ddc7d50-2cfc-4bb3-877e-a1bd441c4cad|rpc:10.1.0.6:39783|priority:0], old=null
2022-02-02 13:24:41,286 [66cdd8a8-985e-41df-9c7f-d4882230ffd1@group-43ECD93931E6-LeaderElection18] INFO  impl.LeaderElection (LeaderElection.java:logAndReturn(89)) - 66cdd8a8-985e-41df-9c7f-d4882230ffd1@group-43ECD93931E6-LeaderElection18: ELECTION REJECTED received 1 response(s) and 0 exception(s):
2022-02-02 13:24:41,286 [66cdd8a8-985e-41df-9c7f-d4882230ffd1@group-43ECD93931E6-LeaderElection18] INFO  impl.LeaderElection (LeaderElection.java:logAndReturn(93)) -   Response 0: 66cdd8a8-985e-41df-9c7f-d4882230ffd1<-c44f0072-f5b5-4f28-a537-04f9bff53e0b#0:FAIL-t6
2022-02-02 13:24:41,286 [66cdd8a8-985e-41df-9c7f-d4882230ffd1@group-43ECD93931E6-LeaderElection18] INFO  impl.LeaderElection (LeaderElection.java:askForVotes(308)) - 66cdd8a8-985e-41df-9c7f-d4882230ffd1@group-43ECD93931E6-LeaderElection18 ELECTION round 0: result REJECTED
2022-02-02 13:24:41,286 [66cdd8a8-985e-41df-9c7f-d4882230ffd1@group-43ECD93931E6-LeaderElection18] INFO  server.RaftServer$Division (RaftServerImpl.java:setRole(290)) - 66cdd8a8-985e-41df-9c7f-d4882230ffd1@group-43ECD93931E6: changes role from CANDIDATE to FOLLOWER at term 6 for REJECTED
2022-02-02 13:24:41,286 [66cdd8a8-985e-41df-9c7f-d4882230ffd1@group-43ECD93931E6-LeaderElection18] INFO  impl.RoleInfo (RoleInfo.java:shutdownLeaderElection(121)) - 66cdd8a8-985e-41df-9c7f-d4882230ffd1: shutdown 66cdd8a8-985e-41df-9c7f-d4882230ffd1@group-43ECD93931E6-LeaderElection18
2022-02-02 13:24:41,286 [66cdd8a8-985e-41df-9c7f-d4882230ffd1@group-43ECD93931E6-LeaderElection18] INFO  impl.RoleInfo (RoleInfo.java:updateAndGet(130)) - 66cdd8a8-985e-41df-9c7f-d4882230ffd1: start 66cdd8a8-985e-41df-9c7f-d4882230ffd1@group-43ECD93931E6-FollowerState
2022-02-02 13:24:41,291 [grpc-default-executor-0] INFO  server.RaftServer$Division (RaftServerImpl.java:requestVote(1046)) - 1ddc7d50-2cfc-4bb3-877e-a1bd441c4cad@group-43ECD93931E6: receive requestVote(ELECTION, 66cdd8a8-985e-41df-9c7f-d4882230ffd1, group-43ECD93931E6, 6, (t:0, i:0))
2022-02-02 13:24:41,291 [grpc-default-executor-0] INFO  impl.VoteContext (VoteContext.java:log(48)) - 1ddc7d50-2cfc-4bb3-877e-a1bd441c4cad@group-43ECD93931E6-FOLLOWER: accept ELECTION from 66cdd8a8-985e-41df-9c7f-d4882230ffd1: our priority 0 <= candidate's priority 0
2022-02-02 13:24:41,291 [grpc-default-executor-0] INFO  server.RaftServer$Division (RaftServerImpl.java:setRole(290)) - 1ddc7d50-2cfc-4bb3-877e-a1bd441c4cad@group-43ECD93931E6: changes role from  FOLLOWER to FOLLOWER at term 6 for candidate:66cdd8a8-985e-41df-9c7f-d4882230ffd1
2022-02-02 13:24:41,291 [grpc-default-executor-0] INFO  impl.RoleInfo (RoleInfo.java:shutdownFollowerState(108)) - 1ddc7d50-2cfc-4bb3-877e-a1bd441c4cad: shutdown 1ddc7d50-2cfc-4bb3-877e-a1bd441c4cad@group-43ECD93931E6-FollowerState
2022-02-02 13:24:41,291 [grpc-default-executor-0] INFO  impl.RoleInfo (RoleInfo.java:updateAndGet(130)) - 1ddc7d50-2cfc-4bb3-877e-a1bd441c4cad: start 1ddc7d50-2cfc-4bb3-877e-a1bd441c4cad@group-43ECD93931E6-FollowerState
2022-02-02 13:24:41,291 [1ddc7d50-2cfc-4bb3-877e-a1bd441c4cad@group-43ECD93931E6-FollowerState] INFO  impl.FollowerState (FollowerState.java:run(143)) - 1ddc7d50-2cfc-4bb3-877e-a1bd441c4cad@group-43ECD93931E6-FollowerState was interrupted: {}
java.lang.InterruptedException: sleep interrupted
	at java.lang.Thread.sleep(Native Method)
	at java.lang.Thread.sleep(Thread.java:340)
	at java.util.concurrent.TimeUnit.sleep(TimeUnit.java:386)
	at org.apache.ratis.util.TimeDuration.sleep(TimeDuration.java:324)
	at org.apache.ratis.util.TimeDuration.sleep(TimeDuration.java:309)
	at org.apache.ratis.server.impl.FollowerState.run(FollowerState.java:118)
2022-02-02 13:24:41,300 [grpc-default-executor-0] INFO  server.RaftServer$Division (RaftServerImpl.java:requestVote(1078)) - 1ddc7d50-2cfc-4bb3-877e-a1bd441c4cad@group-43ECD93931E6 replies to ELECTION vote request: 66cdd8a8-985e-41df-9c7f-d4882230ffd1<-1ddc7d50-2cfc-4bb3-877e-a1bd441c4cad#0:OK-t6. Peer's state: 1ddc7d50-2cfc-4bb3-877e-a1bd441c4cad@group-43ECD93931E6:t6, leader=null, voted=66cdd8a8-985e-41df-9c7f-d4882230ffd1, raftlog=1ddc7d50-2cfc-4bb3-877e-a1bd441c4cad@group-43ECD93931E6-SegmentedRaftLog:OPENED:c-1, conf=-1: [66cdd8a8-985e-41df-9c7f-d4882230ffd1|rpc:10.1.0.6:36517|priority:0, c44f0072-f5b5-4f28-a537-04f9bff53e0b|rpc:10.1.0.6:34445|priority:1, 1ddc7d50-2cfc-4bb3-877e-a1bd441c4cad|rpc:10.1.0.6:39783|priority:0], old=null
2022-02-02 13:24:42,119 [Listener at 127.0.0.1/38049] INFO  ozone.MiniOzoneClusterImpl (MiniOzoneClusterImpl.java:lambda$waitForClusterToBeReady$0(219)) - Nodes are ready. Got 3 of 3 DN Heartbeats.
2022-02-02 13:24:42,119 [Listener at 127.0.0.1/38049] INFO  ozone.MiniOzoneClusterImpl (MiniOzoneClusterImpl.java:lambda$waitForClusterToBeReady$0(222)) - Waiting for cluster to exit safe mode
2022-02-02 13:24:42,119 [Listener at 127.0.0.1/38049] INFO  ozone.MiniOzoneClusterImpl (MiniOzoneClusterImpl.java:lambda$waitForClusterToBeReady$0(224)) - SCM became leader
2022-02-02 13:24:43,119 [Listener at 127.0.0.1/38049] INFO  ozone.MiniOzoneClusterImpl (MiniOzoneClusterImpl.java:lambda$waitForClusterToBeReady$0(219)) - Nodes are ready. Got 3 of 3 DN Heartbeats.
2022-02-02 13:24:43,119 [Listener at 127.0.0.1/38049] INFO  ozone.MiniOzoneClusterImpl (MiniOzoneClusterImpl.java:lambda$waitForClusterToBeReady$0(222)) - Waiting for cluster to exit safe mode
2022-02-02 13:24:43,119 [Listener at 127.0.0.1/38049] INFO  ozone.MiniOzoneClusterImpl (MiniOzoneClusterImpl.java:lambda$waitForClusterToBeReady$0(224)) - SCM became leader
2022-02-02 13:24:44,120 [Listener at 127.0.0.1/38049] INFO  ozone.MiniOzoneClusterImpl (MiniOzoneClusterImpl.java:lambda$waitForClusterToBeReady$0(219)) - Nodes are ready. Got 3 of 3 DN Heartbeats.
2022-02-02 13:24:44,120 [Listener at 127.0.0.1/38049] INFO  ozone.MiniOzoneClusterImpl (MiniOzoneClusterImpl.java:lambda$waitForClusterToBeReady$0(222)) - Waiting for cluster to exit safe mode
2022-02-02 13:24:44,120 [Listener at 127.0.0.1/38049] INFO  ozone.MiniOzoneClusterImpl (MiniOzoneClusterImpl.java:lambda$waitForClusterToBeReady$0(224)) - SCM became leader
2022-02-02 13:24:45,120 [Listener at 127.0.0.1/38049] INFO  ozone.MiniOzoneClusterImpl (MiniOzoneClusterImpl.java:lambda$waitForClusterToBeReady$0(219)) - Nodes are ready. Got 3 of 3 DN Heartbeats.
2022-02-02 13:24:45,120 [Listener at 127.0.0.1/38049] INFO  ozone.MiniOzoneClusterImpl (MiniOzoneClusterImpl.java:lambda$waitForClusterToBeReady$0(222)) - Waiting for cluster to exit safe mode
2022-02-02 13:24:45,120 [Listener at 127.0.0.1/38049] INFO  ozone.MiniOzoneClusterImpl (MiniOzoneClusterImpl.java:lambda$waitForClusterToBeReady$0(224)) - SCM became leader
2022-02-02 13:24:46,121 [Listener at 127.0.0.1/38049] INFO  ozone.MiniOzoneClusterImpl (MiniOzoneClusterImpl.java:lambda$waitForClusterToBeReady$0(219)) - Nodes are ready. Got 3 of 3 DN Heartbeats.
2022-02-02 13:24:46,121 [Listener at 127.0.0.1/38049] INFO  ozone.MiniOzoneClusterImpl (MiniOzoneClusterImpl.java:lambda$waitForClusterToBeReady$0(222)) - Waiting for cluster to exit safe mode
2022-02-02 13:24:46,121 [Listener at 127.0.0.1/38049] INFO  ozone.MiniOzoneClusterImpl (MiniOzoneClusterImpl.java:lambda$waitForClusterToBeReady$0(224)) - SCM became leader
2022-02-02 13:24:46,369 [1ddc7d50-2cfc-4bb3-877e-a1bd441c4cad@group-43ECD93931E6-FollowerState] INFO  impl.FollowerState (FollowerState.java:run(134)) - 1ddc7d50-2cfc-4bb3-877e-a1bd441c4cad@group-43ECD93931E6-FollowerState: change to CANDIDATE, lastRpcElapsedTime:5069058999ns, electionTimeout:5069ms
2022-02-02 13:24:46,370 [1ddc7d50-2cfc-4bb3-877e-a1bd441c4cad@group-43ECD93931E6-FollowerState] INFO  impl.RoleInfo (RoleInfo.java:shutdownFollowerState(108)) - 1ddc7d50-2cfc-4bb3-877e-a1bd441c4cad: shutdown 1ddc7d50-2cfc-4bb3-877e-a1bd441c4cad@group-43ECD93931E6-FollowerState
2022-02-02 13:24:46,370 [1ddc7d50-2cfc-4bb3-877e-a1bd441c4cad@group-43ECD93931E6-FollowerState] INFO  server.RaftServer$Division (RaftServerImpl.java:setRole(290)) - 1ddc7d50-2cfc-4bb3-877e-a1bd441c4cad@group-43ECD93931E6: changes role from  FOLLOWER to CANDIDATE at term 6 for changeToCandidate
2022-02-02 13:24:46,370 [1ddc7d50-2cfc-4bb3-877e-a1bd441c4cad@group-43ECD93931E6-FollowerState] INFO  server.RaftServerConfigKeys (ConfUtils.java:logGet(44)) - raft.server.leaderelection.pre-vote = false (custom)
2022-02-02 13:24:46,370 [1ddc7d50-2cfc-4bb3-877e-a1bd441c4cad@group-43ECD93931E6-FollowerState] INFO  impl.RoleInfo (RoleInfo.java:updateAndGet(130)) - 1ddc7d50-2cfc-4bb3-877e-a1bd441c4cad: start 1ddc7d50-2cfc-4bb3-877e-a1bd441c4cad@group-43ECD93931E6-LeaderElection19
2022-02-02 13:24:46,376 [1ddc7d50-2cfc-4bb3-877e-a1bd441c4cad@group-43ECD93931E6-LeaderElection19] INFO  impl.LeaderElection (LeaderElection.java:askForVotes(306)) - 1ddc7d50-2cfc-4bb3-877e-a1bd441c4cad@group-43ECD93931E6-LeaderElection19 ELECTION round 0: submit vote requests at term 7 for -1: [66cdd8a8-985e-41df-9c7f-d4882230ffd1|rpc:10.1.0.6:36517|priority:0, c44f0072-f5b5-4f28-a537-04f9bff53e0b|rpc:10.1.0.6:34445|priority:1, 1ddc7d50-2cfc-4bb3-877e-a1bd441c4cad|rpc:10.1.0.6:39783|priority:0], old=null
2022-02-02 13:24:46,383 [c44f0072-f5b5-4f28-a537-04f9bff53e0b@group-43ECD93931E6-FollowerState] INFO  impl.FollowerState (FollowerState.java:run(134)) - c44f0072-f5b5-4f28-a537-04f9bff53e0b@group-43ECD93931E6-FollowerState: change to CANDIDATE, lastRpcElapsedTime:5100279701ns, electionTimeout:5096ms
2022-02-02 13:24:46,383 [c44f0072-f5b5-4f28-a537-04f9bff53e0b@group-43ECD93931E6-FollowerState] INFO  impl.RoleInfo (RoleInfo.java:shutdownFollowerState(108)) - c44f0072-f5b5-4f28-a537-04f9bff53e0b: shutdown c44f0072-f5b5-4f28-a537-04f9bff53e0b@group-43ECD93931E6-FollowerState
2022-02-02 13:24:46,383 [c44f0072-f5b5-4f28-a537-04f9bff53e0b@group-43ECD93931E6-FollowerState] INFO  server.RaftServer$Division (RaftServerImpl.java:setRole(290)) - c44f0072-f5b5-4f28-a537-04f9bff53e0b@group-43ECD93931E6: changes role from  FOLLOWER to CANDIDATE at term 6 for changeToCandidate
2022-02-02 13:24:46,383 [c44f0072-f5b5-4f28-a537-04f9bff53e0b@group-43ECD93931E6-FollowerState] INFO  server.RaftServerConfigKeys (ConfUtils.java:logGet(44)) - raft.server.leaderelection.pre-vote = false (custom)
2022-02-02 13:24:46,383 [c44f0072-f5b5-4f28-a537-04f9bff53e0b@group-43ECD93931E6-FollowerState] INFO  impl.RoleInfo (RoleInfo.java:updateAndGet(130)) - c44f0072-f5b5-4f28-a537-04f9bff53e0b: start c44f0072-f5b5-4f28-a537-04f9bff53e0b@group-43ECD93931E6-LeaderElection20
2022-02-02 13:24:46,390 [grpc-default-executor-0] INFO  server.RaftServer$Division (RaftServerImpl.java:requestVote(1046)) - 66cdd8a8-985e-41df-9c7f-d4882230ffd1@group-43ECD93931E6: receive requestVote(ELECTION, 1ddc7d50-2cfc-4bb3-877e-a1bd441c4cad, group-43ECD93931E6, 7, (t:0, i:0))
2022-02-02 13:24:46,390 [grpc-default-executor-0] INFO  impl.VoteContext (VoteContext.java:log(48)) - 66cdd8a8-985e-41df-9c7f-d4882230ffd1@group-43ECD93931E6-FOLLOWER: accept ELECTION from 1ddc7d50-2cfc-4bb3-877e-a1bd441c4cad: our priority 0 <= candidate's priority 0
2022-02-02 13:24:46,390 [grpc-default-executor-0] INFO  server.RaftServer$Division (RaftServerImpl.java:setRole(290)) - 66cdd8a8-985e-41df-9c7f-d4882230ffd1@group-43ECD93931E6: changes role from  FOLLOWER to FOLLOWER at term 7 for candidate:1ddc7d50-2cfc-4bb3-877e-a1bd441c4cad
2022-02-02 13:24:46,390 [grpc-default-executor-0] INFO  impl.RoleInfo (RoleInfo.java:shutdownFollowerState(108)) - 66cdd8a8-985e-41df-9c7f-d4882230ffd1: shutdown 66cdd8a8-985e-41df-9c7f-d4882230ffd1@group-43ECD93931E6-FollowerState
2022-02-02 13:24:46,390 [grpc-default-executor-0] INFO  impl.RoleInfo (RoleInfo.java:updateAndGet(130)) - 66cdd8a8-985e-41df-9c7f-d4882230ffd1: start 66cdd8a8-985e-41df-9c7f-d4882230ffd1@group-43ECD93931E6-FollowerState
2022-02-02 13:24:46,391 [66cdd8a8-985e-41df-9c7f-d4882230ffd1@group-43ECD93931E6-FollowerState] INFO  impl.FollowerState (FollowerState.java:run(143)) - 66cdd8a8-985e-41df-9c7f-d4882230ffd1@group-43ECD93931E6-FollowerState was interrupted: {}
java.lang.InterruptedException: sleep interrupted
	at java.lang.Thread.sleep(Native Method)
	at java.lang.Thread.sleep(Thread.java:340)
	at java.util.concurrent.TimeUnit.sleep(TimeUnit.java:386)
	at org.apache.ratis.util.TimeDuration.sleep(TimeDuration.java:324)
	at org.apache.ratis.util.TimeDuration.sleep(TimeDuration.java:309)
	at org.apache.ratis.server.impl.FollowerState.run(FollowerState.java:118)
2022-02-02 13:24:46,391 [grpc-default-executor-2] INFO  server.RaftServer$Division (RaftServerImpl.java:requestVote(1046)) - c44f0072-f5b5-4f28-a537-04f9bff53e0b@group-43ECD93931E6: receive requestVote(ELECTION, 1ddc7d50-2cfc-4bb3-877e-a1bd441c4cad, group-43ECD93931E6, 7, (t:0, i:0))
2022-02-02 13:24:46,391 [grpc-default-executor-2] INFO  impl.VoteContext (VoteContext.java:log(48)) - c44f0072-f5b5-4f28-a537-04f9bff53e0b@group-43ECD93931E6-CANDIDATE: reject ELECTION from 1ddc7d50-2cfc-4bb3-877e-a1bd441c4cad: our priority 1 > candidate's priority 0
2022-02-02 13:24:46,391 [grpc-default-executor-2] INFO  server.RaftServer$Division (RaftServerImpl.java:setRole(290)) - c44f0072-f5b5-4f28-a537-04f9bff53e0b@group-43ECD93931E6: changes role from CANDIDATE to FOLLOWER at term 7 for candidate:1ddc7d50-2cfc-4bb3-877e-a1bd441c4cad
2022-02-02 13:24:46,391 [grpc-default-executor-2] INFO  impl.RoleInfo (RoleInfo.java:shutdownLeaderElection(121)) - c44f0072-f5b5-4f28-a537-04f9bff53e0b: shutdown c44f0072-f5b5-4f28-a537-04f9bff53e0b@group-43ECD93931E6-LeaderElection20
2022-02-02 13:24:46,391 [c44f0072-f5b5-4f28-a537-04f9bff53e0b@group-43ECD93931E6-LeaderElection20] INFO  impl.LeaderElection (LeaderElection.java:run(230)) - c44f0072-f5b5-4f28-a537-04f9bff53e0b@group-43ECD93931E6-LeaderElection20: skip running since this is already CLOSING
2022-02-02 13:24:46,394 [grpc-default-executor-2] INFO  impl.RoleInfo (RoleInfo.java:updateAndGet(130)) - c44f0072-f5b5-4f28-a537-04f9bff53e0b: start c44f0072-f5b5-4f28-a537-04f9bff53e0b@group-43ECD93931E6-FollowerState
2022-02-02 13:24:46,395 [grpc-default-executor-0] INFO  server.RaftServer$Division (RaftServerImpl.java:requestVote(1078)) - 66cdd8a8-985e-41df-9c7f-d4882230ffd1@group-43ECD93931E6 replies to ELECTION vote request: 1ddc7d50-2cfc-4bb3-877e-a1bd441c4cad<-66cdd8a8-985e-41df-9c7f-d4882230ffd1#0:OK-t7. Peer's state: 66cdd8a8-985e-41df-9c7f-d4882230ffd1@group-43ECD93931E6:t7, leader=null, voted=1ddc7d50-2cfc-4bb3-877e-a1bd441c4cad, raftlog=66cdd8a8-985e-41df-9c7f-d4882230ffd1@group-43ECD93931E6-SegmentedRaftLog:OPENED:c-1, conf=-1: [66cdd8a8-985e-41df-9c7f-d4882230ffd1|rpc:10.1.0.6:36517|priority:0, c44f0072-f5b5-4f28-a537-04f9bff53e0b|rpc:10.1.0.6:34445|priority:1, 1ddc7d50-2cfc-4bb3-877e-a1bd441c4cad|rpc:10.1.0.6:39783|priority:0], old=null
2022-02-02 13:24:46,395 [grpc-default-executor-2] INFO  server.RaftServer$Division (RaftServerImpl.java:requestVote(1078)) - c44f0072-f5b5-4f28-a537-04f9bff53e0b@group-43ECD93931E6 replies to ELECTION vote request: 1ddc7d50-2cfc-4bb3-877e-a1bd441c4cad<-c44f0072-f5b5-4f28-a537-04f9bff53e0b#0:FAIL-t7. Peer's state: c44f0072-f5b5-4f28-a537-04f9bff53e0b@group-43ECD93931E6:t7, leader=null, voted=null, raftlog=c44f0072-f5b5-4f28-a537-04f9bff53e0b@group-43ECD93931E6-SegmentedRaftLog:OPENED:c-1, conf=-1: [66cdd8a8-985e-41df-9c7f-d4882230ffd1|rpc:10.1.0.6:36517|priority:0, c44f0072-f5b5-4f28-a537-04f9bff53e0b|rpc:10.1.0.6:34445|priority:1, 1ddc7d50-2cfc-4bb3-877e-a1bd441c4cad|rpc:10.1.0.6:39783|priority:0], old=null
2022-02-02 13:24:46,398 [1ddc7d50-2cfc-4bb3-877e-a1bd441c4cad@group-43ECD93931E6-LeaderElection19] INFO  impl.LeaderElection (LeaderElection.java:logAndReturn(89)) - 1ddc7d50-2cfc-4bb3-877e-a1bd441c4cad@group-43ECD93931E6-LeaderElection19: ELECTION REJECTED received 1 response(s) and 0 exception(s):
2022-02-02 13:24:46,398 [1ddc7d50-2cfc-4bb3-877e-a1bd441c4cad@group-43ECD93931E6-LeaderElection19] INFO  impl.LeaderElection (LeaderElection.java:logAndReturn(93)) -   Response 0: 1ddc7d50-2cfc-4bb3-877e-a1bd441c4cad<-c44f0072-f5b5-4f28-a537-04f9bff53e0b#0:FAIL-t7
2022-02-02 13:24:46,398 [1ddc7d50-2cfc-4bb3-877e-a1bd441c4cad@group-43ECD93931E6-LeaderElection19] INFO  impl.LeaderElection (LeaderElection.java:askForVotes(308)) - 1ddc7d50-2cfc-4bb3-877e-a1bd441c4cad@group-43ECD93931E6-LeaderElection19 ELECTION round 0: result REJECTED
2022-02-02 13:24:46,398 [1ddc7d50-2cfc-4bb3-877e-a1bd441c4cad@group-43ECD93931E6-LeaderElection19] INFO  server.RaftServer$Division (RaftServerImpl.java:setRole(290)) - 1ddc7d50-2cfc-4bb3-877e-a1bd441c4cad@group-43ECD93931E6: changes role from CANDIDATE to FOLLOWER at term 7 for REJECTED
2022-02-02 13:24:46,398 [1ddc7d50-2cfc-4bb3-877e-a1bd441c4cad@group-43ECD93931E6-LeaderElection19] INFO  impl.RoleInfo (RoleInfo.java:shutdownLeaderElection(121)) - 1ddc7d50-2cfc-4bb3-877e-a1bd441c4cad: shutdown 1ddc7d50-2cfc-4bb3-877e-a1bd441c4cad@group-43ECD93931E6-LeaderElection19
2022-02-02 13:24:46,398 [1ddc7d50-2cfc-4bb3-877e-a1bd441c4cad@group-43ECD93931E6-LeaderElection19] INFO  impl.RoleInfo (RoleInfo.java:updateAndGet(130)) - 1ddc7d50-2cfc-4bb3-877e-a1bd441c4cad: start 1ddc7d50-2cfc-4bb3-877e-a1bd441c4cad@group-43ECD93931E6-FollowerState
2022-02-02 13:24:47,122 [Listener at 127.0.0.1/38049] INFO  ozone.MiniOzoneClusterImpl (MiniOzoneClusterImpl.java:lambda$waitForClusterToBeReady$0(219)) - Nodes are ready. Got 3 of 3 DN Heartbeats.
2022-02-02 13:24:47,123 [Listener at 127.0.0.1/38049] INFO  ozone.MiniOzoneClusterImpl (MiniOzoneClusterImpl.java:lambda$waitForClusterToBeReady$0(222)) - Waiting for cluster to exit safe mode
2022-02-02 13:24:47,123 [Listener at 127.0.0.1/38049] INFO  ozone.MiniOzoneClusterImpl (MiniOzoneClusterImpl.java:lambda$waitForClusterToBeReady$0(224)) - SCM became leader
2022-02-02 13:24:48,123 [Listener at 127.0.0.1/38049] INFO  ozone.MiniOzoneClusterImpl (MiniOzoneClusterImpl.java:lambda$waitForClusterToBeReady$0(219)) - Nodes are ready. Got 3 of 3 DN Heartbeats.
2022-02-02 13:24:48,124 [Listener at 127.0.0.1/38049] INFO  ozone.MiniOzoneClusterImpl (MiniOzoneClusterImpl.java:lambda$waitForClusterToBeReady$0(222)) - Waiting for cluster to exit safe mode
2022-02-02 13:24:48,124 [Listener at 127.0.0.1/38049] INFO  ozone.MiniOzoneClusterImpl (MiniOzoneClusterImpl.java:lambda$waitForClusterToBeReady$0(224)) - SCM became leader
2022-02-02 13:24:49,124 [Listener at 127.0.0.1/38049] INFO  ozone.MiniOzoneClusterImpl (MiniOzoneClusterImpl.java:lambda$waitForClusterToBeReady$0(219)) - Nodes are ready. Got 3 of 3 DN Heartbeats.
2022-02-02 13:24:49,125 [Listener at 127.0.0.1/38049] INFO  ozone.MiniOzoneClusterImpl (MiniOzoneClusterImpl.java:lambda$waitForClusterToBeReady$0(222)) - Waiting for cluster to exit safe mode
2022-02-02 13:24:49,125 [Listener at 127.0.0.1/38049] INFO  ozone.MiniOzoneClusterImpl (MiniOzoneClusterImpl.java:lambda$waitForClusterToBeReady$0(224)) - SCM became leader
2022-02-02 13:24:50,125 [Listener at 127.0.0.1/38049] INFO  ozone.MiniOzoneClusterImpl (MiniOzoneClusterImpl.java:lambda$waitForClusterToBeReady$0(219)) - Nodes are ready. Got 3 of 3 DN Heartbeats.
2022-02-02 13:24:50,125 [Listener at 127.0.0.1/38049] INFO  ozone.MiniOzoneClusterImpl (MiniOzoneClusterImpl.java:lambda$waitForClusterToBeReady$0(222)) - Waiting for cluster to exit safe mode
2022-02-02 13:24:50,125 [Listener at 127.0.0.1/38049] INFO  ozone.MiniOzoneClusterImpl (MiniOzoneClusterImpl.java:lambda$waitForClusterToBeReady$0(224)) - SCM became leader
2022-02-02 13:24:50,570 [Time-limited test] INFO  ozone.MiniOzoneClusterImpl (MiniOzoneClusterImpl.java:shutdown(437)) - Shutting down the Mini Ozone Cluster
2022-02-02 13:24:50,571 [Time-limited test] INFO  ozone.MiniOzoneClusterImpl (MiniOzoneClusterImpl.java:stop(452)) - Stopping the Mini Ozone Cluster
2022-02-02 13:24:50,571 [Time-limited test] INFO  ozone.MiniOzoneClusterImpl (MiniOzoneClusterImpl.java:stopOM(534)) - Stopping the OzoneManager
2022-02-02 13:24:50,571 [Time-limited test] INFO  om.OzoneManager (OzoneManager.java:stop(1893)) - om1[localhost:0]: Stopping Ozone Manager
2022-02-02 13:24:50,572 [Time-limited test] INFO  ipc.Server (Server.java:stop(3414)) - Stopping server on 38049
2022-02-02 13:24:50,575 [IPC Server listener on 0] INFO  ipc.Server (Server.java:run(1376)) - Stopping IPC Server listener on 0
2022-02-02 13:24:50,575 [IPC Server Responder] INFO  ipc.Server (Server.java:run(1512)) - Stopping IPC Server Responder
2022-02-02 13:24:50,577 [Time-limited test] INFO  server.RaftServer (RaftServerProxy.java:lambda$close$6(391)) - om1: close
2022-02-02 13:24:50,577 [Time-limited test] INFO  server.RaftServer$Division (RaftServerImpl.java:lambda$close$4(412)) - om1@group-C5BA1605619E: shutdown
2022-02-02 13:24:50,577 [Time-limited test] INFO  util.JmxRegister (JmxRegister.java:unregister(73)) - Successfully un-registered JMX Bean with object name Ratis:service=RaftServer,group=group-C5BA1605619E,id=om1
2022-02-02 13:24:50,577 [Time-limited test] INFO  impl.RoleInfo (RoleInfo.java:shutdownLeaderState(91)) - om1: shutdown om1@group-C5BA1605619E-LeaderStateImpl
2022-02-02 13:24:50,579 [Time-limited test] INFO  impl.PendingRequests (PendingRequests.java:sendNotLeaderResponses(282)) - om1@group-C5BA1605619E-PendingRequests: sendNotLeaderResponses
2022-02-02 13:24:50,582 [om1@group-C5BA1605619E-StateMachineUpdater] INFO  ratis.OzoneManagerStateMachine (OzoneManagerStateMachine.java:takeSnapshot(417)) - Current Snapshot Index (t:1, i:0)
2022-02-02 13:24:50,582 [om1@group-C5BA1605619E-StateMachineUpdater] INFO  impl.StateMachineUpdater (StateMachineUpdater.java:takeSnapshot(281)) - om1@group-C5BA1605619E-StateMachineUpdater: Took a snapshot at index 0
2022-02-02 13:24:50,582 [om1@group-C5BA1605619E-StateMachineUpdater] INFO  impl.StateMachineUpdater (StateMachineUpdater.java:lambda$new$0(89)) - om1@group-C5BA1605619E-StateMachineUpdater: snapshotIndex: updateIncreasingly -1 -> 0
2022-02-02 13:24:50,582 [om1@group-C5BA1605619E-StateMachineUpdater] INFO  ratis.OzoneManagerStateMachine (OzoneManagerStateMachine.java:close(471)) - StateMachine has shutdown. Shutdown OzoneManager if not already shutdown.
2022-02-02 13:24:50,583 [Time-limited test] INFO  impl.StateMachineUpdater (StateMachineUpdater.java:stopAndJoin(149)) - om1@group-C5BA1605619E-StateMachineUpdater: set stopIndex = 0
2022-02-02 13:24:50,584 [Time-limited test] INFO  server.RaftServer$Division (ServerState.java:close(419)) - om1@group-C5BA1605619E: closes. applyIndex: 0
2022-02-02 13:24:50,584 [om1@group-C5BA1605619E-SegmentedRaftLogWorker] INFO  segmented.SegmentedRaftLogWorker (SegmentedRaftLogWorker.java:run(327)) - om1@group-C5BA1605619E-SegmentedRaftLogWorker was interrupted, exiting. There are 0 tasks remaining in the queue.
2022-02-02 13:24:50,585 [Time-limited test] INFO  segmented.SegmentedRaftLogWorker (SegmentedRaftLogWorker.java:close(237)) - om1@group-C5BA1605619E-SegmentedRaftLogWorker close()
2022-02-02 13:24:50,589 [Time-limited test] INFO  server.GrpcService (GrpcService.java:closeImpl(262)) - om1: shutdown server with port 9872 now
2022-02-02 13:24:50,589 [Time-limited test] INFO  server.GrpcService (GrpcService.java:closeImpl(271)) - om1: shutdown server with port 9872 successfully
2022-02-02 13:24:50,590 [org.apache.ratis.util.JvmPauseMonitor$$Lambda$431/251020702@277995d4] INFO  util.JvmPauseMonitor (JvmPauseMonitor.java:run(109)) - JvmPauseMonitor-om1: Stopped
2022-02-02 13:24:50,590 [Time-limited test] INFO  ratis.OzoneManagerDoubleBuffer (OzoneManagerDoubleBuffer.java:stop(437)) - Stopping OMDoubleBuffer flush thread
2022-02-02 13:24:50,590 [OMDoubleBufferFlushThread] INFO  ratis.OzoneManagerDoubleBuffer (OzoneManagerDoubleBuffer.java:flushTransactions(356)) - OMDoubleBuffer flush thread OMDoubleBufferFlushThread is interrupted and will exit. OMDoubleBufferFlushThread
2022-02-02 13:24:50,590 [Time-limited test] INFO  utils.BackgroundService (BackgroundService.java:shutdown(132)) - Shutting down service KeyDeletingService
2022-02-02 13:24:50,591 [Time-limited test] INFO  utils.BackgroundService (BackgroundService.java:shutdown(132)) - Shutting down service DirectoryDeletingService
2022-02-02 13:24:50,592 [Time-limited test] INFO  handler.ContextHandler (ContextHandler.java:doStop(1153)) - Stopped o.e.j.w.WebAppContext@4f75a498{ozoneManager,/,null,STOPPED}{file:/home/runner/work/ozone/ozone/hadoop-ozone/integration-test/target/test-classes/webapps/ozoneManager}
2022-02-02 13:24:50,593 [Time-limited test] INFO  server.AbstractConnector (AbstractConnector.java:doStop(381)) - Stopped ServerConnector@4740ddf{HTTP/1.1, (http/1.1)}{0.0.0.0:0}
2022-02-02 13:24:50,593 [Time-limited test] INFO  server.session (HouseKeeper.java:stopScavenging(149)) - node0 Stopped scavenging
2022-02-02 13:24:50,594 [Time-limited test] INFO  handler.ContextHandler (ContextHandler.java:doStop(1153)) - Stopped o.e.j.s.ServletContextHandler@46167bf3{static,/static,file:///home/runner/work/ozone/ozone/hadoop-ozone/integration-test/target/test-classes/webapps/static,STOPPED}
2022-02-02 13:24:50,594 [Time-limited test] INFO  handler.ContextHandler (ContextHandler.java:doStop(1153)) - Stopped o.e.j.s.ServletContextHandler@2980852c{logs,/logs,file:///home/runner/work/ozone/ozone/hadoop-ozone/integration-test/target/log,STOPPED}
2022-02-02 13:24:50,602 [Time-limited test] INFO  ozone.MiniOzoneClusterImpl (MiniOzoneClusterImpl.java:stopDatanodes(511)) - Stopping the HddsDatanodes
2022-02-02 13:24:51,546 [c44f0072-f5b5-4f28-a537-04f9bff53e0b@group-43ECD93931E6-FollowerState] INFO  impl.FollowerState (FollowerState.java:run(134)) - c44f0072-f5b5-4f28-a537-04f9bff53e0b@group-43ECD93931E6-FollowerState: change to CANDIDATE, lastRpcElapsedTime:5151876453ns, electionTimeout:5150ms
2022-02-02 13:24:51,546 [c44f0072-f5b5-4f28-a537-04f9bff53e0b@group-43ECD93931E6-FollowerState] INFO  impl.RoleInfo (RoleInfo.java:shutdownFollowerState(108)) - c44f0072-f5b5-4f28-a537-04f9bff53e0b: shutdown c44f0072-f5b5-4f28-a537-04f9bff53e0b@group-43ECD93931E6-FollowerState
2022-02-02 13:24:51,546 [c44f0072-f5b5-4f28-a537-04f9bff53e0b@group-43ECD93931E6-FollowerState] INFO  server.RaftServer$Division (RaftServerImpl.java:setRole(290)) - c44f0072-f5b5-4f28-a537-04f9bff53e0b@group-43ECD93931E6: changes role from  FOLLOWER to CANDIDATE at term 7 for changeToCandidate
2022-02-02 13:24:51,546 [c44f0072-f5b5-4f28-a537-04f9bff53e0b@group-43ECD93931E6-FollowerState] INFO  server.RaftServerConfigKeys (ConfUtils.java:logGet(44)) - raft.server.leaderelection.pre-vote = false (custom)
2022-02-02 13:24:51,546 [c44f0072-f5b5-4f28-a537-04f9bff53e0b@group-43ECD93931E6-FollowerState] INFO  impl.RoleInfo (RoleInfo.java:updateAndGet(130)) - c44f0072-f5b5-4f28-a537-04f9bff53e0b: start c44f0072-f5b5-4f28-a537-04f9bff53e0b@group-43ECD93931E6-LeaderElection21
2022-02-02 13:24:51,547 [1ddc7d50-2cfc-4bb3-877e-a1bd441c4cad@group-43ECD93931E6-FollowerState] INFO  impl.FollowerState (FollowerState.java:run(134)) - 1ddc7d50-2cfc-4bb3-877e-a1bd441c4cad@group-43ECD93931E6-FollowerState: change to CANDIDATE, lastRpcElapsedTime:5148949215ns, electionTimeout:5148ms
2022-02-02 13:24:51,547 [1ddc7d50-2cfc-4bb3-877e-a1bd441c4cad@group-43ECD93931E6-FollowerState] INFO  impl.RoleInfo (RoleInfo.java:shutdownFollowerState(108)) - 1ddc7d50-2cfc-4bb3-877e-a1bd441c4cad: shutdown 1ddc7d50-2cfc-4bb3-877e-a1bd441c4cad@group-43ECD93931E6-FollowerState
2022-02-02 13:24:51,548 [1ddc7d50-2cfc-4bb3-877e-a1bd441c4cad@group-43ECD93931E6-FollowerState] INFO  server.RaftServer$Division (RaftServerImpl.java:setRole(290)) - 1ddc7d50-2cfc-4bb3-877e-a1bd441c4cad@group-43ECD93931E6: changes role from  FOLLOWER to CANDIDATE at term 7 for changeToCandidate
2022-02-02 13:24:51,548 [1ddc7d50-2cfc-4bb3-877e-a1bd441c4cad@group-43ECD93931E6-FollowerState] INFO  server.RaftServerConfigKeys (ConfUtils.java:logGet(44)) - raft.server.leaderelection.pre-vote = false (custom)
2022-02-02 13:24:51,548 [1ddc7d50-2cfc-4bb3-877e-a1bd441c4cad@group-43ECD93931E6-FollowerState] INFO  impl.RoleInfo (RoleInfo.java:updateAndGet(130)) - 1ddc7d50-2cfc-4bb3-877e-a1bd441c4cad: start 1ddc7d50-2cfc-4bb3-877e-a1bd441c4cad@group-43ECD93931E6-LeaderElection22
2022-02-02 13:24:51,550 [c44f0072-f5b5-4f28-a537-04f9bff53e0b@group-43ECD93931E6-LeaderElection21] INFO  impl.LeaderElection (LeaderElection.java:askForVotes(306)) - c44f0072-f5b5-4f28-a537-04f9bff53e0b@group-43ECD93931E6-LeaderElection21 ELECTION round 0: submit vote requests at term 8 for -1: [66cdd8a8-985e-41df-9c7f-d4882230ffd1|rpc:10.1.0.6:36517|priority:0, c44f0072-f5b5-4f28-a537-04f9bff53e0b|rpc:10.1.0.6:34445|priority:1, 1ddc7d50-2cfc-4bb3-877e-a1bd441c4cad|rpc:10.1.0.6:39783|priority:0], old=null
2022-02-02 13:24:51,561 [grpc-default-executor-2] INFO  server.RaftServer$Division (RaftServerImpl.java:requestVote(1046)) - 66cdd8a8-985e-41df-9c7f-d4882230ffd1@group-43ECD93931E6: receive requestVote(ELECTION, c44f0072-f5b5-4f28-a537-04f9bff53e0b, group-43ECD93931E6, 8, (t:0, i:0))
2022-02-02 13:24:51,561 [grpc-default-executor-2] INFO  impl.VoteContext (VoteContext.java:log(48)) - 66cdd8a8-985e-41df-9c7f-d4882230ffd1@group-43ECD93931E6-FOLLOWER: accept ELECTION from c44f0072-f5b5-4f28-a537-04f9bff53e0b: our priority 0 <= candidate's priority 1
2022-02-02 13:24:51,561 [grpc-default-executor-2] INFO  server.RaftServer$Division (RaftServerImpl.java:setRole(290)) - 66cdd8a8-985e-41df-9c7f-d4882230ffd1@group-43ECD93931E6: changes role from  FOLLOWER to FOLLOWER at term 8 for candidate:c44f0072-f5b5-4f28-a537-04f9bff53e0b
2022-02-02 13:24:51,561 [grpc-default-executor-2] INFO  impl.RoleInfo (RoleInfo.java:shutdownFollowerState(108)) - 66cdd8a8-985e-41df-9c7f-d4882230ffd1: shutdown 66cdd8a8-985e-41df-9c7f-d4882230ffd1@group-43ECD93931E6-FollowerState
2022-02-02 13:24:51,561 [grpc-default-executor-2] INFO  impl.RoleInfo (RoleInfo.java:updateAndGet(130)) - 66cdd8a8-985e-41df-9c7f-d4882230ffd1: start 66cdd8a8-985e-41df-9c7f-d4882230ffd1@group-43ECD93931E6-FollowerState
2022-02-02 13:24:51,561 [66cdd8a8-985e-41df-9c7f-d4882230ffd1@group-43ECD93931E6-FollowerState] INFO  impl.FollowerState (FollowerState.java:run(143)) - 66cdd8a8-985e-41df-9c7f-d4882230ffd1@group-43ECD93931E6-FollowerState was interrupted: {}
java.lang.InterruptedException: sleep interrupted
	at java.lang.Thread.sleep(Native Method)
	at java.lang.Thread.sleep(Thread.java:340)
	at java.util.concurrent.TimeUnit.sleep(TimeUnit.java:386)
	at org.apache.ratis.util.TimeDuration.sleep(TimeDuration.java:324)
	at org.apache.ratis.util.TimeDuration.sleep(TimeDuration.java:309)
	at org.apache.ratis.server.impl.FollowerState.run(FollowerState.java:118)
2022-02-02 13:24:51,561 [1ddc7d50-2cfc-4bb3-877e-a1bd441c4cad@group-43ECD93931E6-LeaderElection22] INFO  impl.LeaderElection (LeaderElection.java:askForVotes(306)) - 1ddc7d50-2cfc-4bb3-877e-a1bd441c4cad@group-43ECD93931E6-LeaderElection22 ELECTION round 0: submit vote requests at term 8 for -1: [66cdd8a8-985e-41df-9c7f-d4882230ffd1|rpc:10.1.0.6:36517|priority:0, c44f0072-f5b5-4f28-a537-04f9bff53e0b|rpc:10.1.0.6:34445|priority:1, 1ddc7d50-2cfc-4bb3-877e-a1bd441c4cad|rpc:10.1.0.6:39783|priority:0], old=null
2022-02-02 13:24:51,564 [grpc-default-executor-2] INFO  server.RaftServer$Division (RaftServerImpl.java:requestVote(1078)) - 66cdd8a8-985e-41df-9c7f-d4882230ffd1@group-43ECD93931E6 replies to ELECTION vote request: c44f0072-f5b5-4f28-a537-04f9bff53e0b<-66cdd8a8-985e-41df-9c7f-d4882230ffd1#0:OK-t8. Peer's state: 66cdd8a8-985e-41df-9c7f-d4882230ffd1@group-43ECD93931E6:t8, leader=null, voted=c44f0072-f5b5-4f28-a537-04f9bff53e0b, raftlog=66cdd8a8-985e-41df-9c7f-d4882230ffd1@group-43ECD93931E6-SegmentedRaftLog:OPENED:c-1, conf=-1: [66cdd8a8-985e-41df-9c7f-d4882230ffd1|rpc:10.1.0.6:36517|priority:0, c44f0072-f5b5-4f28-a537-04f9bff53e0b|rpc:10.1.0.6:34445|priority:1, 1ddc7d50-2cfc-4bb3-877e-a1bd441c4cad|rpc:10.1.0.6:39783|priority:0], old=null
2022-02-02 13:24:51,578 [grpc-default-executor-2] INFO  server.RaftServer$Division (RaftServerImpl.java:requestVote(1046)) - 1ddc7d50-2cfc-4bb3-877e-a1bd441c4cad@group-43ECD93931E6: receive requestVote(ELECTION, c44f0072-f5b5-4f28-a537-04f9bff53e0b, group-43ECD93931E6, 8, (t:0, i:0))
2022-02-02 13:24:51,578 [grpc-default-executor-2] INFO  impl.VoteContext (VoteContext.java:log(48)) - 1ddc7d50-2cfc-4bb3-877e-a1bd441c4cad@group-43ECD93931E6-CANDIDATE: reject ELECTION from c44f0072-f5b5-4f28-a537-04f9bff53e0b: already has voted for 1ddc7d50-2cfc-4bb3-877e-a1bd441c4cad at current term 8
2022-02-02 13:24:51,578 [grpc-default-executor-2] INFO  server.RaftServer$Division (RaftServerImpl.java:requestVote(1078)) - 1ddc7d50-2cfc-4bb3-877e-a1bd441c4cad@group-43ECD93931E6 replies to ELECTION vote request: c44f0072-f5b5-4f28-a537-04f9bff53e0b<-1ddc7d50-2cfc-4bb3-877e-a1bd441c4cad#0:FAIL-t8. Peer's state: 1ddc7d50-2cfc-4bb3-877e-a1bd441c4cad@group-43ECD93931E6:t8, leader=null, voted=1ddc7d50-2cfc-4bb3-877e-a1bd441c4cad, raftlog=1ddc7d50-2cfc-4bb3-877e-a1bd441c4cad@group-43ECD93931E6-SegmentedRaftLog:OPENED:c-1, conf=-1: [66cdd8a8-985e-41df-9c7f-d4882230ffd1|rpc:10.1.0.6:36517|priority:0, c44f0072-f5b5-4f28-a537-04f9bff53e0b|rpc:10.1.0.6:34445|priority:1, 1ddc7d50-2cfc-4bb3-877e-a1bd441c4cad|rpc:10.1.0.6:39783|priority:0], old=null
2022-02-02 13:24:51,580 [c44f0072-f5b5-4f28-a537-04f9bff53e0b@group-43ECD93931E6-LeaderElection21] INFO  impl.LeaderElection (LeaderElection.java:logAndReturn(89)) - c44f0072-f5b5-4f28-a537-04f9bff53e0b@group-43ECD93931E6-LeaderElection21: ELECTION PASSED received 1 response(s) and 0 exception(s):
2022-02-02 13:24:51,584 [c44f0072-f5b5-4f28-a537-04f9bff53e0b@group-43ECD93931E6-LeaderElection21] INFO  impl.LeaderElection (LeaderElection.java:logAndReturn(93)) -   Response 0: c44f0072-f5b5-4f28-a537-04f9bff53e0b<-66cdd8a8-985e-41df-9c7f-d4882230ffd1#0:OK-t8
2022-02-02 13:24:51,584 [c44f0072-f5b5-4f28-a537-04f9bff53e0b@group-43ECD93931E6-LeaderElection21] INFO  impl.LeaderElection (LeaderElection.java:askForVotes(308)) - c44f0072-f5b5-4f28-a537-04f9bff53e0b@group-43ECD93931E6-LeaderElection21 ELECTION round 0: result PASSED
2022-02-02 13:24:51,584 [c44f0072-f5b5-4f28-a537-04f9bff53e0b@group-43ECD93931E6-LeaderElection21] INFO  impl.RoleInfo (RoleInfo.java:shutdownLeaderElection(121)) - c44f0072-f5b5-4f28-a537-04f9bff53e0b: shutdown c44f0072-f5b5-4f28-a537-04f9bff53e0b@group-43ECD93931E6-LeaderElection21
2022-02-02 13:24:51,584 [c44f0072-f5b5-4f28-a537-04f9bff53e0b@group-43ECD93931E6-LeaderElection21] INFO  server.RaftServer$Division (RaftServerImpl.java:setRole(290)) - c44f0072-f5b5-4f28-a537-04f9bff53e0b@group-43ECD93931E6: changes role from CANDIDATE to LEADER at term 8 for changeToLeader
2022-02-02 13:24:51,584 [c44f0072-f5b5-4f28-a537-04f9bff53e0b@group-43ECD93931E6-LeaderElection21] INFO  ratis.XceiverServerRatis (XceiverServerRatis.java:handleLeaderChangedNotification(866)) - Leader change notification received for group: group-43ECD93931E6 with new leaderId: c44f0072-f5b5-4f28-a537-04f9bff53e0b
2022-02-02 13:24:51,585 [c44f0072-f5b5-4f28-a537-04f9bff53e0b@group-43ECD93931E6-LeaderElection21] INFO  server.RaftServer$Division (ServerState.java:setLeader(285)) - c44f0072-f5b5-4f28-a537-04f9bff53e0b@group-43ECD93931E6: change Leader from null to c44f0072-f5b5-4f28-a537-04f9bff53e0b at term 8 for becomeLeader, leader elected after 40634ms
2022-02-02 13:24:51,585 [c44f0072-f5b5-4f28-a537-04f9bff53e0b@group-43ECD93931E6-LeaderElection21] INFO  server.RaftServerConfigKeys (ConfUtils.java:logGet(44)) - raft.server.staging.catchup.gap = 1000 (default)
2022-02-02 13:24:51,585 [c44f0072-f5b5-4f28-a537-04f9bff53e0b@group-43ECD93931E6-LeaderElection21] INFO  server.RaftServerConfigKeys (ConfUtils.java:logGet(44)) - raft.server.write.element-limit = 1024 (custom)
2022-02-02 13:24:51,585 [c44f0072-f5b5-4f28-a537-04f9bff53e0b@group-43ECD93931E6-LeaderElection21] INFO  server.RaftServerConfigKeys (ConfUtils.java:logGet(44)) - raft.server.write.byte-limit = 1024 M (=1073741824) (custom)
2022-02-02 13:24:51,585 [c44f0072-f5b5-4f28-a537-04f9bff53e0b@group-43ECD93931E6-LeaderElection21] INFO  server.RaftServerConfigKeys (ConfUtils.java:logGet(44)) - raft.server.watch.timeout = 180s (custom)
2022-02-02 13:24:51,585 [c44f0072-f5b5-4f28-a537-04f9bff53e0b@group-43ECD93931E6-LeaderElection21] INFO  server.RaftServerConfigKeys (ConfUtils.java:logGet(44)) - raft.server.watch.timeout.denomination = 1s (default)
2022-02-02 13:24:51,585 [c44f0072-f5b5-4f28-a537-04f9bff53e0b@group-43ECD93931E6-LeaderElection21] INFO  server.RaftServerConfigKeys (ConfUtils.java:logGet(44)) - raft.server.watch.element-limit = 65536 (default)
2022-02-02 13:24:51,585 [c44f0072-f5b5-4f28-a537-04f9bff53e0b@group-43ECD93931E6-LeaderElection21] INFO  server.RaftServerConfigKeys (ConfUtils.java:logGet(44)) - raft.server.write.element-limit = 1024 (custom)
2022-02-02 13:24:51,586 [grpc-default-executor-0] INFO  server.RaftServer$Division (RaftServerImpl.java:requestVote(1046)) - 66cdd8a8-985e-41df-9c7f-d4882230ffd1@group-43ECD93931E6: receive requestVote(ELECTION, 1ddc7d50-2cfc-4bb3-877e-a1bd441c4cad, group-43ECD93931E6, 8, (t:0, i:0))
2022-02-02 13:24:51,587 [grpc-default-executor-0] INFO  impl.VoteContext (VoteContext.java:log(48)) - 66cdd8a8-985e-41df-9c7f-d4882230ffd1@group-43ECD93931E6-FOLLOWER: reject ELECTION from 1ddc7d50-2cfc-4bb3-877e-a1bd441c4cad: already has voted for c44f0072-f5b5-4f28-a537-04f9bff53e0b at current term 8
2022-02-02 13:24:51,587 [grpc-default-executor-0] INFO  server.RaftServer$Division (RaftServerImpl.java:requestVote(1078)) - 66cdd8a8-985e-41df-9c7f-d4882230ffd1@group-43ECD93931E6 replies to ELECTION vote request: 1ddc7d50-2cfc-4bb3-877e-a1bd441c4cad<-66cdd8a8-985e-41df-9c7f-d4882230ffd1#0:FAIL-t8. Peer's state: 66cdd8a8-985e-41df-9c7f-d4882230ffd1@group-43ECD93931E6:t8, leader=null, voted=c44f0072-f5b5-4f28-a537-04f9bff53e0b, raftlog=66cdd8a8-985e-41df-9c7f-d4882230ffd1@group-43ECD93931E6-SegmentedRaftLog:OPENED:c-1, conf=-1: [66cdd8a8-985e-41df-9c7f-d4882230ffd1|rpc:10.1.0.6:36517|priority:0, c44f0072-f5b5-4f28-a537-04f9bff53e0b|rpc:10.1.0.6:34445|priority:1, 1ddc7d50-2cfc-4bb3-877e-a1bd441c4cad|rpc:10.1.0.6:39783|priority:0], old=null
2022-02-02 13:24:51,586 [c44f0072-f5b5-4f28-a537-04f9bff53e0b@group-43ECD93931E6-LeaderElection21] INFO  server.RaftServerConfigKeys (ConfUtils.java:logGet(44)) - raft.server.write.follower.gap.ratio.max = -1.0 (default)
2022-02-02 13:24:51,586 [grpc-default-executor-2] INFO  server.RaftServer$Division (RaftServerImpl.java:requestVote(1046)) - c44f0072-f5b5-4f28-a537-04f9bff53e0b@group-43ECD93931E6: receive requestVote(ELECTION, 1ddc7d50-2cfc-4bb3-877e-a1bd441c4cad, group-43ECD93931E6, 8, (t:0, i:0))
2022-02-02 13:24:51,592 [c44f0072-f5b5-4f28-a537-04f9bff53e0b@group-43ECD93931E6-LeaderElection21] INFO  server.RaftServerConfigKeys (ConfUtils.java:logGet(44)) - raft.server.log.appender.snapshot.chunk.size.max = 16MB (=16777216) (default)
2022-02-02 13:24:51,594 [c44f0072-f5b5-4f28-a537-04f9bff53e0b@group-43ECD93931E6-LeaderElection21] INFO  server.RaftServerConfigKeys (ConfUtils.java:logGet(44)) - raft.server.log.appender.buffer.byte-limit = 33554432 (custom)
2022-02-02 13:24:51,594 [c44f0072-f5b5-4f28-a537-04f9bff53e0b@group-43ECD93931E6-LeaderElection21] INFO  server.RaftServerConfigKeys (ConfUtils.java:logGet(44)) - raft.server.log.appender.buffer.element-limit = 1 (custom)
2022-02-02 13:24:51,597 [c44f0072-f5b5-4f28-a537-04f9bff53e0b@group-43ECD93931E6-LeaderElection21] INFO  grpc.GrpcConfigKeys (ConfUtils.java:logGet(44)) - raft.grpc.server.leader.outstanding.appends.max = 128 (default)
2022-02-02 13:24:51,597 [c44f0072-f5b5-4f28-a537-04f9bff53e0b@group-43ECD93931E6-LeaderElection21] INFO  server.RaftServerConfigKeys (ConfUtils.java:logGet(44)) - raft.server.rpc.request.timeout = 60s (custom)
2022-02-02 13:24:51,597 [c44f0072-f5b5-4f28-a537-04f9bff53e0b@group-43ECD93931E6-LeaderElection21] INFO  server.RaftServerConfigKeys (ConfUtils.java:logGet(44)) - raft.server.log.appender.install.snapshot.enabled = false (custom)
2022-02-02 13:24:51,600 [c44f0072-f5b5-4f28-a537-04f9bff53e0b@group-43ECD93931E6-LeaderElection21] INFO  server.RaftServerConfigKeys (ConfUtils.java:logGet(44)) - raft.server.log.appender.snapshot.chunk.size.max = 16MB (=16777216) (default)
2022-02-02 13:24:51,600 [c44f0072-f5b5-4f28-a537-04f9bff53e0b@group-43ECD93931E6-LeaderElection21] INFO  server.RaftServerConfigKeys (ConfUtils.java:logGet(44)) - raft.server.log.appender.buffer.byte-limit = 33554432 (custom)
2022-02-02 13:24:51,601 [c44f0072-f5b5-4f28-a537-04f9bff53e0b@group-43ECD93931E6-LeaderElection21] INFO  server.RaftServerConfigKeys (ConfUtils.java:logGet(44)) - raft.server.log.appender.buffer.element-limit = 1 (custom)
2022-02-02 13:24:51,601 [c44f0072-f5b5-4f28-a537-04f9bff53e0b@group-43ECD93931E6-LeaderElection21] INFO  grpc.GrpcConfigKeys (ConfUtils.java:logGet(44)) - raft.grpc.server.leader.outstanding.appends.max = 128 (default)
2022-02-02 13:24:51,601 [c44f0072-f5b5-4f28-a537-04f9bff53e0b@group-43ECD93931E6-LeaderElection21] INFO  server.RaftServerConfigKeys (ConfUtils.java:logGet(44)) - raft.server.rpc.request.timeout = 60s (custom)
2022-02-02 13:24:51,601 [c44f0072-f5b5-4f28-a537-04f9bff53e0b@group-43ECD93931E6-LeaderElection21] INFO  server.RaftServerConfigKeys (ConfUtils.java:logGet(44)) - raft.server.log.appender.install.snapshot.enabled = false (custom)
2022-02-02 13:24:51,608 [c44f0072-f5b5-4f28-a537-04f9bff53e0b@group-43ECD93931E6-LeaderElection21] INFO  impl.RoleInfo (RoleInfo.java:updateAndGet(130)) - c44f0072-f5b5-4f28-a537-04f9bff53e0b: start c44f0072-f5b5-4f28-a537-04f9bff53e0b@group-43ECD93931E6-LeaderStateImpl
2022-02-02 13:24:51,608 [c44f0072-f5b5-4f28-a537-04f9bff53e0b@group-43ECD93931E6-LeaderElection21] INFO  segmented.SegmentedRaftLogWorker (SegmentedRaftLogWorker.java:startLogSegment(394)) - c44f0072-f5b5-4f28-a537-04f9bff53e0b@group-43ECD93931E6-SegmentedRaftLogWorker: Starting segment from index:0
2022-02-02 13:24:51,610 [c44f0072-f5b5-4f28-a537-04f9bff53e0b@group-43ECD93931E6-SegmentedRaftLogWorker] INFO  segmented.SegmentedRaftLogWorker (SegmentedRaftLogWorker.java:execute(601)) - c44f0072-f5b5-4f28-a537-04f9bff53e0b@group-43ECD93931E6-SegmentedRaftLogWorker: created new log segment /home/runner/work/ozone/ozone/hadoop-ozone/integration-test/target/test-dir/MiniOzoneClusterImpl-eba4dfdc-c168-4ed6-b46b-d97e1dedacdc/datanode-1/data/ratis/d92e7f27-f794-44e9-bb20-43ecd93931e6/current/log_inprogress_0
2022-02-02 13:24:51,634 [c44f0072-f5b5-4f28-a537-04f9bff53e0b@group-43ECD93931E6-LeaderElection21] INFO  server.RaftServer$Division (ServerState.java:setRaftConf(387)) - c44f0072-f5b5-4f28-a537-04f9bff53e0b@group-43ECD93931E6: set configuration 0: [66cdd8a8-985e-41df-9c7f-d4882230ffd1|rpc:10.1.0.6:36517|dataStream:|priority:0, c44f0072-f5b5-4f28-a537-04f9bff53e0b|rpc:10.1.0.6:34445|dataStream:|priority:1, 1ddc7d50-2cfc-4bb3-877e-a1bd441c4cad|rpc:10.1.0.6:39783|dataStream:|priority:0], old=null
2022-02-02 13:24:51,638 [grpc-default-executor-2] INFO  impl.VoteContext (VoteContext.java:log(48)) - c44f0072-f5b5-4f28-a537-04f9bff53e0b@group-43ECD93931E6-LEADER: reject ELECTION from 1ddc7d50-2cfc-4bb3-877e-a1bd441c4cad: already has voted for c44f0072-f5b5-4f28-a537-04f9bff53e0b at current term 8
2022-02-02 13:24:51,638 [grpc-default-executor-2] INFO  server.RaftServer$Division (RaftServerImpl.java:requestVote(1078)) - c44f0072-f5b5-4f28-a537-04f9bff53e0b@group-43ECD93931E6 replies to ELECTION vote request: 1ddc7d50-2cfc-4bb3-877e-a1bd441c4cad<-c44f0072-f5b5-4f28-a537-04f9bff53e0b#0:FAIL-t8. Peer's state: c44f0072-f5b5-4f28-a537-04f9bff53e0b@group-43ECD93931E6:t8, leader=c44f0072-f5b5-4f28-a537-04f9bff53e0b, voted=c44f0072-f5b5-4f28-a537-04f9bff53e0b, raftlog=c44f0072-f5b5-4f28-a537-04f9bff53e0b@group-43ECD93931E6-SegmentedRaftLog:OPENED:c-1, conf=0: [66cdd8a8-985e-41df-9c7f-d4882230ffd1|rpc:10.1.0.6:36517|dataStream:|priority:0, c44f0072-f5b5-4f28-a537-04f9bff53e0b|rpc:10.1.0.6:34445|dataStream:|priority:1, 1ddc7d50-2cfc-4bb3-877e-a1bd441c4cad|rpc:10.1.0.6:39783|dataStream:|priority:0], old=null
2022-02-02 13:24:51,641 [1ddc7d50-2cfc-4bb3-877e-a1bd441c4cad@group-43ECD93931E6-LeaderElection22] INFO  impl.LeaderElection (LeaderElection.java:logAndReturn(89)) - 1ddc7d50-2cfc-4bb3-877e-a1bd441c4cad@group-43ECD93931E6-LeaderElection22: ELECTION REJECTED received 2 response(s) and 0 exception(s):
2022-02-02 13:24:51,641 [1ddc7d50-2cfc-4bb3-877e-a1bd441c4cad@group-43ECD93931E6-LeaderElection22] INFO  impl.LeaderElection (LeaderElection.java:logAndReturn(93)) -   Response 0: 1ddc7d50-2cfc-4bb3-877e-a1bd441c4cad<-66cdd8a8-985e-41df-9c7f-d4882230ffd1#0:FAIL-t8
2022-02-02 13:24:51,641 [1ddc7d50-2cfc-4bb3-877e-a1bd441c4cad@group-43ECD93931E6-LeaderElection22] INFO  impl.LeaderElection (LeaderElection.java:logAndReturn(93)) -   Response 1: 1ddc7d50-2cfc-4bb3-877e-a1bd441c4cad<-c44f0072-f5b5-4f28-a537-04f9bff53e0b#0:FAIL-t8
2022-02-02 13:24:51,641 [1ddc7d50-2cfc-4bb3-877e-a1bd441c4cad@group-43ECD93931E6-LeaderElection22] INFO  impl.LeaderElection (LeaderElection.java:askForVotes(308)) - 1ddc7d50-2cfc-4bb3-877e-a1bd441c4cad@group-43ECD93931E6-LeaderElection22 ELECTION round 0: result REJECTED
2022-02-02 13:24:51,641 [1ddc7d50-2cfc-4bb3-877e-a1bd441c4cad@group-43ECD93931E6-LeaderElection22] INFO  server.RaftServer$Division (RaftServerImpl.java:setRole(290)) - 1ddc7d50-2cfc-4bb3-877e-a1bd441c4cad@group-43ECD93931E6: changes role from CANDIDATE to FOLLOWER at term 8 for REJECTED
2022-02-02 13:24:51,641 [1ddc7d50-2cfc-4bb3-877e-a1bd441c4cad@group-43ECD93931E6-LeaderElection22] INFO  impl.RoleInfo (RoleInfo.java:shutdownLeaderElection(121)) - 1ddc7d50-2cfc-4bb3-877e-a1bd441c4cad: shutdown 1ddc7d50-2cfc-4bb3-877e-a1bd441c4cad@group-43ECD93931E6-LeaderElection22
2022-02-02 13:24:51,641 [1ddc7d50-2cfc-4bb3-877e-a1bd441c4cad@group-43ECD93931E6-LeaderElection22] INFO  impl.RoleInfo (RoleInfo.java:updateAndGet(130)) - 1ddc7d50-2cfc-4bb3-877e-a1bd441c4cad: start 1ddc7d50-2cfc-4bb3-877e-a1bd441c4cad@group-43ECD93931E6-FollowerState
2022-02-02 13:24:51,655 [grpc-default-executor-2] INFO  ratis.XceiverServerRatis (XceiverServerRatis.java:handleLeaderChangedNotification(866)) - Leader change notification received for group: group-43ECD93931E6 with new leaderId: c44f0072-f5b5-4f28-a537-04f9bff53e0b
2022-02-02 13:24:51,658 [grpc-default-executor-2] INFO  server.RaftServer$Division (ServerState.java:setLeader(285)) - 66cdd8a8-985e-41df-9c7f-d4882230ffd1@group-43ECD93931E6: change Leader from null to c44f0072-f5b5-4f28-a537-04f9bff53e0b at term 8 for appendEntries, leader elected after 40470ms
2022-02-02 13:24:51,657 [grpc-default-executor-0] INFO  ratis.XceiverServerRatis (XceiverServerRatis.java:handleLeaderChangedNotification(866)) - Leader change notification received for group: group-43ECD93931E6 with new leaderId: c44f0072-f5b5-4f28-a537-04f9bff53e0b
2022-02-02 13:24:51,659 [grpc-default-executor-0] INFO  server.RaftServer$Division (ServerState.java:setLeader(285)) - 1ddc7d50-2cfc-4bb3-877e-a1bd441c4cad@group-43ECD93931E6: change Leader from null to c44f0072-f5b5-4f28-a537-04f9bff53e0b at term 8 for appendEntries, leader elected after 40944ms
2022-02-02 13:24:51,682 [grpc-default-executor-0] INFO  server.RaftServer$Division (ServerState.java:setRaftConf(387)) - 1ddc7d50-2cfc-4bb3-877e-a1bd441c4cad@group-43ECD93931E6: set configuration 0: [66cdd8a8-985e-41df-9c7f-d4882230ffd1|rpc:10.1.0.6:36517|dataStream:|priority:0, c44f0072-f5b5-4f28-a537-04f9bff53e0b|rpc:10.1.0.6:34445|dataStream:|priority:1, 1ddc7d50-2cfc-4bb3-877e-a1bd441c4cad|rpc:10.1.0.6:39783|dataStream:|priority:0], old=null
2022-02-02 13:24:51,694 [grpc-default-executor-0] INFO  segmented.SegmentedRaftLogWorker (SegmentedRaftLogWorker.java:startLogSegment(394)) - 1ddc7d50-2cfc-4bb3-877e-a1bd441c4cad@group-43ECD93931E6-SegmentedRaftLogWorker: Starting segment from index:0
2022-02-02 13:24:51,693 [grpc-default-executor-2] INFO  server.RaftServer$Division (ServerState.java:setRaftConf(387)) - 66cdd8a8-985e-41df-9c7f-d4882230ffd1@group-43ECD93931E6: set configuration 0: [66cdd8a8-985e-41df-9c7f-d4882230ffd1|rpc:10.1.0.6:36517|dataStream:|priority:0, c44f0072-f5b5-4f28-a537-04f9bff53e0b|rpc:10.1.0.6:34445|dataStream:|priority:1, 1ddc7d50-2cfc-4bb3-877e-a1bd441c4cad|rpc:10.1.0.6:39783|dataStream:|priority:0], old=null
2022-02-02 13:24:51,698 [grpc-default-executor-2] INFO  segmented.SegmentedRaftLogWorker (SegmentedRaftLogWorker.java:startLogSegment(394)) - 66cdd8a8-985e-41df-9c7f-d4882230ffd1@group-43ECD93931E6-SegmentedRaftLogWorker: Starting segment from index:0
2022-02-02 13:24:51,699 [1ddc7d50-2cfc-4bb3-877e-a1bd441c4cad@group-43ECD93931E6-SegmentedRaftLogWorker] INFO  segmented.SegmentedRaftLogWorker (SegmentedRaftLogWorker.java:execute(601)) - 1ddc7d50-2cfc-4bb3-877e-a1bd441c4cad@group-43ECD93931E6-SegmentedRaftLogWorker: created new log segment /home/runner/work/ozone/ozone/hadoop-ozone/integration-test/target/test-dir/MiniOzoneClusterImpl-eba4dfdc-c168-4ed6-b46b-d97e1dedacdc/datanode-0/data/ratis/d92e7f27-f794-44e9-bb20-43ecd93931e6/current/log_inprogress_0
2022-02-02 13:24:51,700 [66cdd8a8-985e-41df-9c7f-d4882230ffd1@group-43ECD93931E6-SegmentedRaftLogWorker] INFO  segmented.SegmentedRaftLogWorker (SegmentedRaftLogWorker.java:execute(601)) - 66cdd8a8-985e-41df-9c7f-d4882230ffd1@group-43ECD93931E6-SegmentedRaftLogWorker: created new log segment /home/runner/work/ozone/ozone/hadoop-ozone/integration-test/target/test-dir/MiniOzoneClusterImpl-eba4dfdc-c168-4ed6-b46b-d97e1dedacdc/datanode-2/data/ratis/d92e7f27-f794-44e9-bb20-43ecd93931e6/current/log_inprogress_0
2022-02-02 13:24:55,609 [ForkJoinPool.commonPool-worker-1] INFO  ozoneimpl.OzoneContainer (OzoneContainer.java:stop(336)) - Attempting to stop container services.
2022-02-02 13:24:55,610 [Time-limited test] INFO  ozoneimpl.OzoneContainer (OzoneContainer.java:stop(336)) - Attempting to stop container services.
2022-02-02 13:24:55,610 [Time-limited test] INFO  server.RaftServer (RaftServerProxy.java:lambda$close$6(391)) - c44f0072-f5b5-4f28-a537-04f9bff53e0b: close
2022-02-02 13:24:55,610 [Time-limited test] INFO  server.RaftServer$Division (RaftServerImpl.java:lambda$close$4(412)) - c44f0072-f5b5-4f28-a537-04f9bff53e0b@group-43ECD93931E6: shutdown
2022-02-02 13:24:55,611 [Time-limited test] INFO  util.JmxRegister (JmxRegister.java:unregister(73)) - Successfully un-registered JMX Bean with object name Ratis:service=RaftServer,group=group-43ECD93931E6,id=c44f0072-f5b5-4f28-a537-04f9bff53e0b
2022-02-02 13:24:55,611 [Time-limited test] INFO  impl.RoleInfo (RoleInfo.java:shutdownLeaderState(91)) - c44f0072-f5b5-4f28-a537-04f9bff53e0b: shutdown c44f0072-f5b5-4f28-a537-04f9bff53e0b@group-43ECD93931E6-LeaderStateImpl
2022-02-02 13:24:55,611 [Time-limited test] INFO  impl.PendingRequests (PendingRequests.java:sendNotLeaderResponses(282)) - c44f0072-f5b5-4f28-a537-04f9bff53e0b@group-43ECD93931E6-PendingRequests: sendNotLeaderResponses
2022-02-02 13:24:55,612 [Time-limited test] INFO  impl.StateMachineUpdater (StateMachineUpdater.java:stopAndJoin(149)) - c44f0072-f5b5-4f28-a537-04f9bff53e0b@group-43ECD93931E6-StateMachineUpdater: set stopIndex = 0
2022-02-02 13:24:55,612 [c44f0072-f5b5-4f28-a537-04f9bff53e0b@group-43ECD93931E6-StateMachineUpdater] INFO  ratis.ContainerStateMachine (ContainerStateMachine.java:takeSnapshot(299)) - group-43ECD93931E6: Taking a snapshot at:(t:8, i:0) file /home/runner/work/ozone/ozone/hadoop-ozone/integration-test/target/test-dir/MiniOzoneClusterImpl-eba4dfdc-c168-4ed6-b46b-d97e1dedacdc/datanode-1/data/ratis/d92e7f27-f794-44e9-bb20-43ecd93931e6/sm/snapshot.8_0
2022-02-02 13:24:55,614 [ForkJoinPool.commonPool-worker-1] INFO  server.RaftServer (RaftServerProxy.java:lambda$close$6(391)) - 1ddc7d50-2cfc-4bb3-877e-a1bd441c4cad: close
2022-02-02 13:24:55,614 [ForkJoinPool.commonPool-worker-1] INFO  server.RaftServer$Division (RaftServerImpl.java:lambda$close$4(412)) - 1ddc7d50-2cfc-4bb3-877e-a1bd441c4cad@group-E13AB9FC1D5E: shutdown
2022-02-02 13:24:55,614 [ForkJoinPool.commonPool-worker-1] INFO  util.JmxRegister (JmxRegister.java:unregister(73)) - Successfully un-registered JMX Bean with object name Ratis:service=RaftServer,group=group-E13AB9FC1D5E,id=1ddc7d50-2cfc-4bb3-877e-a1bd441c4cad
2022-02-02 13:24:55,615 [ForkJoinPool.commonPool-worker-1] INFO  impl.RoleInfo (RoleInfo.java:shutdownLeaderState(91)) - 1ddc7d50-2cfc-4bb3-877e-a1bd441c4cad: shutdown 1ddc7d50-2cfc-4bb3-877e-a1bd441c4cad@group-E13AB9FC1D5E-LeaderStateImpl
2022-02-02 13:24:55,615 [ForkJoinPool.commonPool-worker-1] INFO  impl.PendingRequests (PendingRequests.java:sendNotLeaderResponses(282)) - 1ddc7d50-2cfc-4bb3-877e-a1bd441c4cad@group-E13AB9FC1D5E-PendingRequests: sendNotLeaderResponses
2022-02-02 13:24:55,615 [ForkJoinPool.commonPool-worker-1] INFO  impl.StateMachineUpdater (StateMachineUpdater.java:stopAndJoin(149)) - 1ddc7d50-2cfc-4bb3-877e-a1bd441c4cad@group-E13AB9FC1D5E-StateMachineUpdater: set stopIndex = 0
2022-02-02 13:24:55,615 [1ddc7d50-2cfc-4bb3-877e-a1bd441c4cad@group-E13AB9FC1D5E-StateMachineUpdater] INFO  ratis.ContainerStateMachine (ContainerStateMachine.java:takeSnapshot(299)) - group-E13AB9FC1D5E: Taking a snapshot at:(t:1, i:0) file /home/runner/work/ozone/ozone/hadoop-ozone/integration-test/target/test-dir/MiniOzoneClusterImpl-eba4dfdc-c168-4ed6-b46b-d97e1dedacdc/datanode-0/data/ratis/7e4a1911-c597-4b27-a421-e13ab9fc1d5e/sm/snapshot.1_0
2022-02-02 13:24:55,616 [c44f0072-f5b5-4f28-a537-04f9bff53e0b@group-43ECD93931E6->1ddc7d50-2cfc-4bb3-877e-a1bd441c4cad-GrpcLogAppender-LogAppenderDaemon] WARN  server.GrpcLogAppender (GrpcLogAppender.java:mayWait(177)) - c44f0072-f5b5-4f28-a537-04f9bff53e0b@group-43ECD93931E6->1ddc7d50-2cfc-4bb3-877e-a1bd441c4cad-GrpcLogAppender: Wait interrupted by java.lang.InterruptedException
2022-02-02 13:24:55,618 [grpc-default-executor-2] INFO  server.GrpcServerProtocolService (GrpcServerProtocolService.java:onCompleted(140)) - 1ddc7d50-2cfc-4bb3-877e-a1bd441c4cad: Completed APPEND_ENTRIES, lastRequest: c44f0072-f5b5-4f28-a537-04f9bff53e0b->1ddc7d50-2cfc-4bb3-877e-a1bd441c4cad#1-t8,previous=(t:0, i:0),leaderCommit=0,initializing? true,entries: size=1, first=(t:8, i:0), CONFIGURATIONENTRY
2022-02-02 13:24:55,619 [grpc-default-executor-0] INFO  server.GrpcLogAppender (GrpcLogAppender.java:onCompleted(346)) - c44f0072-f5b5-4f28-a537-04f9bff53e0b@group-43ECD93931E6->1ddc7d50-2cfc-4bb3-877e-a1bd441c4cad-AppendLogResponseHandler: follower responses appendEntries COMPLETED
2022-02-02 13:24:55,622 [grpc-default-executor-0] INFO  leader.FollowerInfo (FollowerInfoImpl.java:lambda$new$0(47)) - c44f0072-f5b5-4f28-a537-04f9bff53e0b@group-43ECD93931E6->1ddc7d50-2cfc-4bb3-877e-a1bd441c4cad: nextIndex: updateUnconditionally 1 -> 0
2022-02-02 13:24:55,619 [c44f0072-f5b5-4f28-a537-04f9bff53e0b@group-43ECD93931E6->66cdd8a8-985e-41df-9c7f-d4882230ffd1-GrpcLogAppender-LogAppenderDaemon] WARN  server.GrpcLogAppender (GrpcLogAppender.java:mayWait(177)) - c44f0072-f5b5-4f28-a537-04f9bff53e0b@group-43ECD93931E6->66cdd8a8-985e-41df-9c7f-d4882230ffd1-GrpcLogAppender: Wait interrupted by java.lang.InterruptedException
2022-02-02 13:24:55,630 [grpc-default-executor-0] INFO  server.GrpcServerProtocolService (GrpcServerProtocolService.java:onCompleted(140)) - 66cdd8a8-985e-41df-9c7f-d4882230ffd1: Completed APPEND_ENTRIES, lastRequest: c44f0072-f5b5-4f28-a537-04f9bff53e0b->66cdd8a8-985e-41df-9c7f-d4882230ffd1#1-t8,previous=(t:0, i:0),leaderCommit=0,initializing? true,entries: size=1, first=(t:8, i:0), CONFIGURATIONENTRY
2022-02-02 13:24:55,631 [grpc-default-executor-2] INFO  server.GrpcLogAppender (GrpcLogAppender.java:onCompleted(346)) - c44f0072-f5b5-4f28-a537-04f9bff53e0b@group-43ECD93931E6->66cdd8a8-985e-41df-9c7f-d4882230ffd1-AppendLogResponseHandler: follower responses appendEntries COMPLETED
2022-02-02 13:24:55,631 [grpc-default-executor-2] INFO  leader.FollowerInfo (FollowerInfoImpl.java:lambda$new$0(47)) - c44f0072-f5b5-4f28-a537-04f9bff53e0b@group-43ECD93931E6->66cdd8a8-985e-41df-9c7f-d4882230ffd1: nextIndex: updateUnconditionally 1 -> 0
2022-02-02 13:24:55,656 [1ddc7d50-2cfc-4bb3-877e-a1bd441c4cad@group-E13AB9FC1D5E-StateMachineUpdater] INFO  ratis.ContainerStateMachine (ContainerStateMachine.java:takeSnapshot(310)) - group-E13AB9FC1D5E: Finished taking a snapshot at:(t:1, i:0) file:/home/runner/work/ozone/ozone/hadoop-ozone/integration-test/target/test-dir/MiniOzoneClusterImpl-eba4dfdc-c168-4ed6-b46b-d97e1dedacdc/datanode-0/data/ratis/7e4a1911-c597-4b27-a421-e13ab9fc1d5e/sm/snapshot.1_0 took: 41 ms
2022-02-02 13:24:55,658 [1ddc7d50-2cfc-4bb3-877e-a1bd441c4cad@group-E13AB9FC1D5E-StateMachineUpdater] INFO  impl.StateMachineUpdater (StateMachineUpdater.java:takeSnapshot(281)) - 1ddc7d50-2cfc-4bb3-877e-a1bd441c4cad@group-E13AB9FC1D5E-StateMachineUpdater: Took a snapshot at index 0
2022-02-02 13:24:55,658 [1ddc7d50-2cfc-4bb3-877e-a1bd441c4cad@group-E13AB9FC1D5E-StateMachineUpdater] INFO  impl.StateMachineUpdater (StateMachineUpdater.java:lambda$new$0(89)) - 1ddc7d50-2cfc-4bb3-877e-a1bd441c4cad@group-E13AB9FC1D5E-StateMachineUpdater: snapshotIndex: updateIncreasingly -1 -> 0
2022-02-02 13:24:55,658 [c44f0072-f5b5-4f28-a537-04f9bff53e0b@group-43ECD93931E6-StateMachineUpdater] INFO  ratis.ContainerStateMachine (ContainerStateMachine.java:takeSnapshot(310)) - group-43ECD93931E6: Finished taking a snapshot at:(t:8, i:0) file:/home/runner/work/ozone/ozone/hadoop-ozone/integration-test/target/test-dir/MiniOzoneClusterImpl-eba4dfdc-c168-4ed6-b46b-d97e1dedacdc/datanode-1/data/ratis/d92e7f27-f794-44e9-bb20-43ecd93931e6/sm/snapshot.8_0 took: 47 ms
2022-02-02 13:24:55,658 [ForkJoinPool.commonPool-worker-1] INFO  server.RaftServer$Division (ServerState.java:close(419)) - 1ddc7d50-2cfc-4bb3-877e-a1bd441c4cad@group-E13AB9FC1D5E: closes. applyIndex: 0
2022-02-02 13:24:55,659 [1ddc7d50-2cfc-4bb3-877e-a1bd441c4cad@group-E13AB9FC1D5E-SegmentedRaftLogWorker] INFO  segmented.SegmentedRaftLogWorker (SegmentedRaftLogWorker.java:run(327)) - 1ddc7d50-2cfc-4bb3-877e-a1bd441c4cad@group-E13AB9FC1D5E-SegmentedRaftLogWorker was interrupted, exiting. There are 0 tasks remaining in the queue.
2022-02-02 13:24:55,659 [ForkJoinPool.commonPool-worker-1] INFO  segmented.SegmentedRaftLogWorker (SegmentedRaftLogWorker.java:close(237)) - 1ddc7d50-2cfc-4bb3-877e-a1bd441c4cad@group-E13AB9FC1D5E-SegmentedRaftLogWorker close()
2022-02-02 13:24:55,661 [ForkJoinPool.commonPool-worker-1] INFO  server.RaftServer$Division (RaftServerImpl.java:lambda$close$4(412)) - 1ddc7d50-2cfc-4bb3-877e-a1bd441c4cad@group-43ECD93931E6: shutdown
2022-02-02 13:24:55,661 [ForkJoinPool.commonPool-worker-1] INFO  util.JmxRegister (JmxRegister.java:unregister(73)) - Successfully un-registered JMX Bean with object name Ratis:service=RaftServer,group=group-43ECD93931E6,id=1ddc7d50-2cfc-4bb3-877e-a1bd441c4cad
2022-02-02 13:24:55,662 [ForkJoinPool.commonPool-worker-1] INFO  impl.RoleInfo (RoleInfo.java:shutdownFollowerState(108)) - 1ddc7d50-2cfc-4bb3-877e-a1bd441c4cad: shutdown 1ddc7d50-2cfc-4bb3-877e-a1bd441c4cad@group-43ECD93931E6-FollowerState
2022-02-02 13:24:55,662 [ForkJoinPool.commonPool-worker-1] INFO  impl.StateMachineUpdater (StateMachineUpdater.java:stopAndJoin(149)) - 1ddc7d50-2cfc-4bb3-877e-a1bd441c4cad@group-43ECD93931E6-StateMachineUpdater: set stopIndex = 0
2022-02-02 13:24:55,662 [1ddc7d50-2cfc-4bb3-877e-a1bd441c4cad@group-43ECD93931E6-FollowerState] INFO  impl.FollowerState (FollowerState.java:run(143)) - 1ddc7d50-2cfc-4bb3-877e-a1bd441c4cad@group-43ECD93931E6-FollowerState was interrupted: {}
java.lang.InterruptedException: sleep interrupted
	at java.lang.Thread.sleep(Native Method)
	at java.lang.Thread.sleep(Thread.java:340)
	at java.util.concurrent.TimeUnit.sleep(TimeUnit.java:386)
	at org.apache.ratis.util.TimeDuration.sleep(TimeDuration.java:324)
	at org.apache.ratis.util.TimeDuration.sleep(TimeDuration.java:309)
	at org.apache.ratis.server.impl.FollowerState.run(FollowerState.java:118)
2022-02-02 13:24:55,662 [1ddc7d50-2cfc-4bb3-877e-a1bd441c4cad@group-43ECD93931E6-StateMachineUpdater] INFO  ratis.ContainerStateMachine (ContainerStateMachine.java:takeSnapshot(299)) - group-43ECD93931E6: Taking a snapshot at:(t:8, i:0) file /home/runner/work/ozone/ozone/hadoop-ozone/integration-test/target/test-dir/MiniOzoneClusterImpl-eba4dfdc-c168-4ed6-b46b-d97e1dedacdc/datanode-0/data/ratis/d92e7f27-f794-44e9-bb20-43ecd93931e6/sm/snapshot.8_0
2022-02-02 13:24:55,670 [1ddc7d50-2cfc-4bb3-877e-a1bd441c4cad@group-43ECD93931E6-StateMachineUpdater] INFO  ratis.ContainerStateMachine (ContainerStateMachine.java:takeSnapshot(310)) - group-43ECD93931E6: Finished taking a snapshot at:(t:8, i:0) file:/home/runner/work/ozone/ozone/hadoop-ozone/integration-test/target/test-dir/MiniOzoneClusterImpl-eba4dfdc-c168-4ed6-b46b-d97e1dedacdc/datanode-0/data/ratis/d92e7f27-f794-44e9-bb20-43ecd93931e6/sm/snapshot.8_0 took: 8 ms
2022-02-02 13:24:55,670 [1ddc7d50-2cfc-4bb3-877e-a1bd441c4cad@group-43ECD93931E6-StateMachineUpdater] INFO  impl.StateMachineUpdater (StateMachineUpdater.java:takeSnapshot(281)) - 1ddc7d50-2cfc-4bb3-877e-a1bd441c4cad@group-43ECD93931E6-StateMachineUpdater: Took a snapshot at index 0
2022-02-02 13:24:55,670 [1ddc7d50-2cfc-4bb3-877e-a1bd441c4cad@group-43ECD93931E6-StateMachineUpdater] INFO  impl.StateMachineUpdater (StateMachineUpdater.java:lambda$new$0(89)) - 1ddc7d50-2cfc-4bb3-877e-a1bd441c4cad@group-43ECD93931E6-StateMachineUpdater: snapshotIndex: updateIncreasingly -1 -> 0
2022-02-02 13:24:55,670 [ForkJoinPool.commonPool-worker-1] INFO  server.RaftServer$Division (ServerState.java:close(419)) - 1ddc7d50-2cfc-4bb3-877e-a1bd441c4cad@group-43ECD93931E6: closes. applyIndex: 0
2022-02-02 13:24:55,671 [1ddc7d50-2cfc-4bb3-877e-a1bd441c4cad@group-43ECD93931E6-SegmentedRaftLogWorker] INFO  segmented.SegmentedRaftLogWorker (SegmentedRaftLogWorker.java:run(327)) - 1ddc7d50-2cfc-4bb3-877e-a1bd441c4cad@group-43ECD93931E6-SegmentedRaftLogWorker was interrupted, exiting. There are 0 tasks remaining in the queue.
2022-02-02 13:24:55,677 [ForkJoinPool.commonPool-worker-1] INFO  segmented.SegmentedRaftLogWorker (SegmentedRaftLogWorker.java:close(237)) - 1ddc7d50-2cfc-4bb3-877e-a1bd441c4cad@group-43ECD93931E6-SegmentedRaftLogWorker close()
2022-02-02 13:24:55,677 [c44f0072-f5b5-4f28-a537-04f9bff53e0b@group-43ECD93931E6-StateMachineUpdater] INFO  impl.StateMachineUpdater (StateMachineUpdater.java:takeSnapshot(281)) - c44f0072-f5b5-4f28-a537-04f9bff53e0b@group-43ECD93931E6-StateMachineUpdater: Took a snapshot at index 0
2022-02-02 13:24:55,677 [c44f0072-f5b5-4f28-a537-04f9bff53e0b@group-43ECD93931E6-StateMachineUpdater] INFO  impl.StateMachineUpdater (StateMachineUpdater.java:lambda$new$0(89)) - c44f0072-f5b5-4f28-a537-04f9bff53e0b@group-43ECD93931E6-StateMachineUpdater: snapshotIndex: updateIncreasingly -1 -> 0
2022-02-02 13:24:55,677 [Time-limited test] INFO  server.RaftServer$Division (ServerState.java:close(419)) - c44f0072-f5b5-4f28-a537-04f9bff53e0b@group-43ECD93931E6: closes. applyIndex: 0
2022-02-02 13:24:55,678 [c44f0072-f5b5-4f28-a537-04f9bff53e0b@group-43ECD93931E6-SegmentedRaftLogWorker] INFO  segmented.SegmentedRaftLogWorker (SegmentedRaftLogWorker.java:run(327)) - c44f0072-f5b5-4f28-a537-04f9bff53e0b@group-43ECD93931E6-SegmentedRaftLogWorker was interrupted, exiting. There are 0 tasks remaining in the queue.
2022-02-02 13:24:55,678 [Time-limited test] INFO  segmented.SegmentedRaftLogWorker (SegmentedRaftLogWorker.java:close(237)) - c44f0072-f5b5-4f28-a537-04f9bff53e0b@group-43ECD93931E6-SegmentedRaftLogWorker close()
2022-02-02 13:24:55,679 [ForkJoinPool.commonPool-worker-1] INFO  server.GrpcService (GrpcService.java:closeImpl(262)) - 1ddc7d50-2cfc-4bb3-877e-a1bd441c4cad: shutdown server with port 39783 now
2022-02-02 13:24:55,679 [Time-limited test] INFO  server.RaftServer$Division (RaftServerImpl.java:lambda$close$4(412)) - c44f0072-f5b5-4f28-a537-04f9bff53e0b@group-3E58DEF7127D: shutdown
2022-02-02 13:24:55,680 [Time-limited test] INFO  util.JmxRegister (JmxRegister.java:unregister(73)) - Successfully un-registered JMX Bean with object name Ratis:service=RaftServer,group=group-3E58DEF7127D,id=c44f0072-f5b5-4f28-a537-04f9bff53e0b
2022-02-02 13:24:55,680 [Time-limited test] INFO  impl.RoleInfo (RoleInfo.java:shutdownLeaderState(91)) - c44f0072-f5b5-4f28-a537-04f9bff53e0b: shutdown c44f0072-f5b5-4f28-a537-04f9bff53e0b@group-3E58DEF7127D-LeaderStateImpl
2022-02-02 13:24:55,680 [Time-limited test] INFO  impl.PendingRequests (PendingRequests.java:sendNotLeaderResponses(282)) - c44f0072-f5b5-4f28-a537-04f9bff53e0b@group-3E58DEF7127D-PendingRequests: sendNotLeaderResponses
2022-02-02 13:24:55,680 [Time-limited test] INFO  impl.StateMachineUpdater (StateMachineUpdater.java:stopAndJoin(149)) - c44f0072-f5b5-4f28-a537-04f9bff53e0b@group-3E58DEF7127D-StateMachineUpdater: set stopIndex = 0
2022-02-02 13:24:55,681 [c44f0072-f5b5-4f28-a537-04f9bff53e0b@group-3E58DEF7127D-StateMachineUpdater] INFO  ratis.ContainerStateMachine (ContainerStateMachine.java:takeSnapshot(299)) - group-3E58DEF7127D: Taking a snapshot at:(t:1, i:0) file /home/runner/work/ozone/ozone/hadoop-ozone/integration-test/target/test-dir/MiniOzoneClusterImpl-eba4dfdc-c168-4ed6-b46b-d97e1dedacdc/datanode-1/data/ratis/022d4ce1-a7ea-49e8-81f6-3e58def7127d/sm/snapshot.1_0
2022-02-02 13:24:55,681 [c44f0072-f5b5-4f28-a537-04f9bff53e0b@group-3E58DEF7127D-StateMachineUpdater] INFO  ratis.ContainerStateMachine (ContainerStateMachine.java:takeSnapshot(310)) - group-3E58DEF7127D: Finished taking a snapshot at:(t:1, i:0) file:/home/runner/work/ozone/ozone/hadoop-ozone/integration-test/target/test-dir/MiniOzoneClusterImpl-eba4dfdc-c168-4ed6-b46b-d97e1dedacdc/datanode-1/data/ratis/022d4ce1-a7ea-49e8-81f6-3e58def7127d/sm/snapshot.1_0 took: 1 ms
2022-02-02 13:24:55,682 [c44f0072-f5b5-4f28-a537-04f9bff53e0b@group-3E58DEF7127D-StateMachineUpdater] INFO  impl.StateMachineUpdater (StateMachineUpdater.java:takeSnapshot(281)) - c44f0072-f5b5-4f28-a537-04f9bff53e0b@group-3E58DEF7127D-StateMachineUpdater: Took a snapshot at index 0
2022-02-02 13:24:55,682 [c44f0072-f5b5-4f28-a537-04f9bff53e0b@group-3E58DEF7127D-StateMachineUpdater] INFO  impl.StateMachineUpdater (StateMachineUpdater.java:lambda$new$0(89)) - c44f0072-f5b5-4f28-a537-04f9bff53e0b@group-3E58DEF7127D-StateMachineUpdater: snapshotIndex: updateIncreasingly -1 -> 0
2022-02-02 13:24:55,682 [Time-limited test] INFO  server.RaftServer$Division (ServerState.java:close(419)) - c44f0072-f5b5-4f28-a537-04f9bff53e0b@group-3E58DEF7127D: closes. applyIndex: 0
2022-02-02 13:24:55,683 [c44f0072-f5b5-4f28-a537-04f9bff53e0b@group-3E58DEF7127D-SegmentedRaftLogWorker] INFO  segmented.SegmentedRaftLogWorker (SegmentedRaftLogWorker.java:run(327)) - c44f0072-f5b5-4f28-a537-04f9bff53e0b@group-3E58DEF7127D-SegmentedRaftLogWorker was interrupted, exiting. There are 0 tasks remaining in the queue.
2022-02-02 13:24:55,683 [Time-limited test] INFO  segmented.SegmentedRaftLogWorker (SegmentedRaftLogWorker.java:close(237)) - c44f0072-f5b5-4f28-a537-04f9bff53e0b@group-3E58DEF7127D-SegmentedRaftLogWorker close()
2022-02-02 13:24:55,688 [Time-limited test] INFO  server.GrpcService (GrpcService.java:closeImpl(262)) - c44f0072-f5b5-4f28-a537-04f9bff53e0b: shutdown server with port 34445 now
2022-02-02 13:24:55,698 [ForkJoinPool.commonPool-worker-1] INFO  server.GrpcService (GrpcService.java:closeImpl(271)) - 1ddc7d50-2cfc-4bb3-877e-a1bd441c4cad: shutdown server with port 39783 successfully
2022-02-02 13:24:55,698 [org.apache.ratis.util.JvmPauseMonitor$$Lambda$431/251020702@2bd14b9c] INFO  util.JvmPauseMonitor (JvmPauseMonitor.java:run(109)) - JvmPauseMonitor-1ddc7d50-2cfc-4bb3-877e-a1bd441c4cad: Stopped
2022-02-02 13:24:55,699 [Time-limited test] INFO  server.GrpcService (GrpcService.java:closeImpl(271)) - c44f0072-f5b5-4f28-a537-04f9bff53e0b: shutdown server with port 34445 successfully
2022-02-02 13:24:55,700 [org.apache.ratis.util.JvmPauseMonitor$$Lambda$431/251020702@6bad1389] INFO  util.JvmPauseMonitor (JvmPauseMonitor.java:run(109)) - JvmPauseMonitor-c44f0072-f5b5-4f28-a537-04f9bff53e0b: Stopped
2022-02-02 13:24:57,718 [ForkJoinPool.commonPool-worker-1] INFO  utils.BackgroundService (BackgroundService.java:shutdown(132)) - Shutting down service BlockDeletingService
2022-02-02 13:24:57,722 [Time-limited test] INFO  utils.BackgroundService (BackgroundService.java:shutdown(132)) - Shutting down service BlockDeletingService
2022-02-02 13:25:00,728 [ForkJoinPool.commonPool-worker-1] INFO  statemachine.DatanodeStateMachine (DatanodeStateMachine.java:stopDaemon(529)) - Ozone container server stopped.
2022-02-02 13:25:00,729 [Time-limited test] INFO  statemachine.DatanodeStateMachine (DatanodeStateMachine.java:stopDaemon(529)) - Ozone container server stopped.
2022-02-02 13:25:00,731 [Time-limited test] INFO  handler.ContextHandler (ContextHandler.java:doStop(1153)) - Stopped o.e.j.w.WebAppContext@5f6919c1{hddsDatanode,/,null,STOPPED}{jar:file:/home/runner/.m2/repository/org/apache/ozone/hdds-container-service/1.3.0-SNAPSHOT/hdds-container-service-1.3.0-SNAPSHOT.jar!/webapps/hddsDatanode}
2022-02-02 13:25:00,732 [Time-limited test] INFO  server.AbstractConnector (AbstractConnector.java:doStop(381)) - Stopped ServerConnector@3d53009c{HTTP/1.1, (http/1.1)}{0.0.0.0:0}
2022-02-02 13:25:00,732 [Time-limited test] INFO  server.session (HouseKeeper.java:stopScavenging(149)) - node0 Stopped scavenging
2022-02-02 13:25:00,734 [Time-limited test] INFO  handler.ContextHandler (ContextHandler.java:doStop(1153)) - Stopped o.e.j.s.ServletContextHandler@6d04d386{static,/static,jar:file:/home/runner/.m2/repository/org/apache/ozone/hdds-container-service/1.3.0-SNAPSHOT/hdds-container-service-1.3.0-SNAPSHOT.jar!/webapps/static,STOPPED}
2022-02-02 13:25:00,734 [Time-limited test] INFO  handler.ContextHandler (ContextHandler.java:doStop(1153)) - Stopped o.e.j.s.ServletContextHandler@6ccb403c{logs,/logs,file:///home/runner/work/ozone/ozone/hadoop-ozone/integration-test/target/log,STOPPED}
2022-02-02 13:25:00,735 [ForkJoinPool.commonPool-worker-1] INFO  handler.ContextHandler (ContextHandler.java:doStop(1153)) - Stopped o.e.j.w.WebAppContext@3aa72807{hddsDatanode,/,null,STOPPED}{jar:file:/home/runner/.m2/repository/org/apache/ozone/hdds-container-service/1.3.0-SNAPSHOT/hdds-container-service-1.3.0-SNAPSHOT.jar!/webapps/hddsDatanode}
2022-02-02 13:25:00,736 [ForkJoinPool.commonPool-worker-1] INFO  server.AbstractConnector (AbstractConnector.java:doStop(381)) - Stopped ServerConnector@24bdde0d{HTTP/1.1, (http/1.1)}{0.0.0.0:0}
2022-02-02 13:25:00,736 [ForkJoinPool.commonPool-worker-1] INFO  server.session (HouseKeeper.java:stopScavenging(149)) - node0 Stopped scavenging
2022-02-02 13:25:00,736 [ForkJoinPool.commonPool-worker-1] INFO  handler.ContextHandler (ContextHandler.java:doStop(1153)) - Stopped o.e.j.s.ServletContextHandler@5c65e95{static,/static,jar:file:/home/runner/.m2/repository/org/apache/ozone/hdds-container-service/1.3.0-SNAPSHOT/hdds-container-service-1.3.0-SNAPSHOT.jar!/webapps/static,STOPPED}
2022-02-02 13:25:00,737 [ForkJoinPool.commonPool-worker-1] INFO  handler.ContextHandler (ContextHandler.java:doStop(1153)) - Stopped o.e.j.s.ServletContextHandler@454bb60{logs,/logs,file:///home/runner/work/ozone/ozone/hadoop-ozone/integration-test/target/log,STOPPED}
2022-02-02 13:25:01,904 [66cdd8a8-985e-41df-9c7f-d4882230ffd1@group-43ECD93931E6-FollowerState] INFO  impl.FollowerState (FollowerState.java:run(134)) - 66cdd8a8-985e-41df-9c7f-d4882230ffd1@group-43ECD93931E6-FollowerState: change to CANDIDATE, lastRpcElapsedTime:7669879043ns, electionTimeout:5179ms
2022-02-02 13:25:01,904 [66cdd8a8-985e-41df-9c7f-d4882230ffd1@group-43ECD93931E6-FollowerState] INFO  impl.RoleInfo (RoleInfo.java:shutdownFollowerState(108)) - 66cdd8a8-985e-41df-9c7f-d4882230ffd1: shutdown 66cdd8a8-985e-41df-9c7f-d4882230ffd1@group-43ECD93931E6-FollowerState
2022-02-02 13:25:01,904 [66cdd8a8-985e-41df-9c7f-d4882230ffd1@group-43ECD93931E6-FollowerState] INFO  server.RaftServer$Division (RaftServerImpl.java:setRole(290)) - 66cdd8a8-985e-41df-9c7f-d4882230ffd1@group-43ECD93931E6: changes role from  FOLLOWER to CANDIDATE at term 8 for changeToCandidate
2022-02-02 13:25:01,904 [66cdd8a8-985e-41df-9c7f-d4882230ffd1@group-43ECD93931E6-FollowerState] INFO  server.RaftServerConfigKeys (ConfUtils.java:logGet(44)) - raft.server.leaderelection.pre-vote = false (custom)
2022-02-02 13:25:01,905 [66cdd8a8-985e-41df-9c7f-d4882230ffd1@group-43ECD93931E6-FollowerState] INFO  impl.RoleInfo (RoleInfo.java:updateAndGet(130)) - 66cdd8a8-985e-41df-9c7f-d4882230ffd1: start 66cdd8a8-985e-41df-9c7f-d4882230ffd1@group-43ECD93931E6-LeaderElection23
2022-02-02 13:25:01,911 [66cdd8a8-985e-41df-9c7f-d4882230ffd1@group-43ECD93931E6-LeaderElection23] INFO  server.RaftServer$Division (ServerState.java:setLeader(285)) - 66cdd8a8-985e-41df-9c7f-d4882230ffd1@group-43ECD93931E6: change Leader from c44f0072-f5b5-4f28-a537-04f9bff53e0b to null at term 8 for ELECTION
2022-02-02 13:25:01,913 [66cdd8a8-985e-41df-9c7f-d4882230ffd1@group-43ECD93931E6-LeaderElection23] INFO  impl.LeaderElection (LeaderElection.java:askForVotes(306)) - 66cdd8a8-985e-41df-9c7f-d4882230ffd1@group-43ECD93931E6-LeaderElection23 ELECTION round 0: submit vote requests at term 9 for 0: [66cdd8a8-985e-41df-9c7f-d4882230ffd1|rpc:10.1.0.6:36517|dataStream:|priority:0, c44f0072-f5b5-4f28-a537-04f9bff53e0b|rpc:10.1.0.6:34445|dataStream:|priority:1, 1ddc7d50-2cfc-4bb3-877e-a1bd441c4cad|rpc:10.1.0.6:39783|dataStream:|priority:0], old=null
2022-02-02 13:25:01,952 [66cdd8a8-985e-41df-9c7f-d4882230ffd1@group-43ECD93931E6-LeaderElection23] INFO  impl.LeaderElection (LogUtils.java:infoOrTrace(137)) - 66cdd8a8-985e-41df-9c7f-d4882230ffd1@group-43ECD93931E6-LeaderElection23 got exception when requesting votes: java.util.concurrent.ExecutionException: org.apache.ratis.thirdparty.io.grpc.StatusRuntimeException: UNAVAILABLE: io exception
2022-02-02 13:25:01,952 [66cdd8a8-985e-41df-9c7f-d4882230ffd1@group-43ECD93931E6-LeaderElection23] INFO  impl.LeaderElection (LogUtils.java:infoOrTrace(137)) - 66cdd8a8-985e-41df-9c7f-d4882230ffd1@group-43ECD93931E6-LeaderElection23 got exception when requesting votes: java.util.concurrent.ExecutionException: org.apache.ratis.thirdparty.io.grpc.StatusRuntimeException: UNAVAILABLE: io exception
2022-02-02 13:25:01,952 [66cdd8a8-985e-41df-9c7f-d4882230ffd1@group-43ECD93931E6-LeaderElection23] INFO  impl.LeaderElection (LeaderElection.java:logAndReturn(89)) - 66cdd8a8-985e-41df-9c7f-d4882230ffd1@group-43ECD93931E6-LeaderElection23: ELECTION REJECTED received 0 response(s) and 2 exception(s):
2022-02-02 13:25:01,952 [66cdd8a8-985e-41df-9c7f-d4882230ffd1@group-43ECD93931E6-LeaderElection23] INFO  impl.LeaderElection (LogUtils.java:infoOrTrace(137)) -   Exception 0: java.util.concurrent.ExecutionException: org.apache.ratis.thirdparty.io.grpc.StatusRuntimeException: UNAVAILABLE: io exception
2022-02-02 13:25:01,953 [66cdd8a8-985e-41df-9c7f-d4882230ffd1@group-43ECD93931E6-LeaderElection23] INFO  impl.LeaderElection (LogUtils.java:infoOrTrace(137)) -   Exception 1: java.util.concurrent.ExecutionException: org.apache.ratis.thirdparty.io.grpc.StatusRuntimeException: UNAVAILABLE: io exception
2022-02-02 13:25:01,953 [66cdd8a8-985e-41df-9c7f-d4882230ffd1@group-43ECD93931E6-LeaderElection23] INFO  impl.LeaderElection (LeaderElection.java:askForVotes(308)) - 66cdd8a8-985e-41df-9c7f-d4882230ffd1@group-43ECD93931E6-LeaderElection23 ELECTION round 0: result REJECTED
2022-02-02 13:25:01,953 [66cdd8a8-985e-41df-9c7f-d4882230ffd1@group-43ECD93931E6-LeaderElection23] INFO  server.RaftServer$Division (RaftServerImpl.java:setRole(290)) - 66cdd8a8-985e-41df-9c7f-d4882230ffd1@group-43ECD93931E6: changes role from CANDIDATE to FOLLOWER at term 9 for REJECTED
2022-02-02 13:25:01,953 [66cdd8a8-985e-41df-9c7f-d4882230ffd1@group-43ECD93931E6-LeaderElection23] INFO  impl.RoleInfo (RoleInfo.java:shutdownLeaderElection(121)) - 66cdd8a8-985e-41df-9c7f-d4882230ffd1: shutdown 66cdd8a8-985e-41df-9c7f-d4882230ffd1@group-43ECD93931E6-LeaderElection23
2022-02-02 13:25:01,953 [66cdd8a8-985e-41df-9c7f-d4882230ffd1@group-43ECD93931E6-LeaderElection23] INFO  impl.RoleInfo (RoleInfo.java:updateAndGet(130)) - 66cdd8a8-985e-41df-9c7f-d4882230ffd1: start 66cdd8a8-985e-41df-9c7f-d4882230ffd1@group-43ECD93931E6-FollowerState
2022-02-02 13:25:05,740 [ForkJoinPool.commonPool-worker-1] INFO  ozoneimpl.OzoneContainer (OzoneContainer.java:stop(336)) - Attempting to stop container services.
2022-02-02 13:25:05,741 [ForkJoinPool.commonPool-worker-1] INFO  server.RaftServer (RaftServerProxy.java:lambda$close$6(391)) - 66cdd8a8-985e-41df-9c7f-d4882230ffd1: close
2022-02-02 13:25:05,741 [ForkJoinPool.commonPool-worker-1] INFO  server.RaftServer$Division (RaftServerImpl.java:lambda$close$4(412)) - 66cdd8a8-985e-41df-9c7f-d4882230ffd1@group-43ECD93931E6: shutdown
2022-02-02 13:25:05,741 [ForkJoinPool.commonPool-worker-1] INFO  util.JmxRegister (JmxRegister.java:unregister(73)) - Successfully un-registered JMX Bean with object name Ratis:service=RaftServer,group=group-43ECD93931E6,id=66cdd8a8-985e-41df-9c7f-d4882230ffd1
2022-02-02 13:25:05,741 [ForkJoinPool.commonPool-worker-1] INFO  impl.RoleInfo (RoleInfo.java:shutdownFollowerState(108)) - 66cdd8a8-985e-41df-9c7f-d4882230ffd1: shutdown 66cdd8a8-985e-41df-9c7f-d4882230ffd1@group-43ECD93931E6-FollowerState
2022-02-02 13:25:05,741 [ForkJoinPool.commonPool-worker-1] INFO  impl.StateMachineUpdater (StateMachineUpdater.java:stopAndJoin(149)) - 66cdd8a8-985e-41df-9c7f-d4882230ffd1@group-43ECD93931E6-StateMachineUpdater: set stopIndex = 0
2022-02-02 13:25:05,741 [66cdd8a8-985e-41df-9c7f-d4882230ffd1@group-43ECD93931E6-FollowerState] INFO  impl.FollowerState (FollowerState.java:run(143)) - 66cdd8a8-985e-41df-9c7f-d4882230ffd1@group-43ECD93931E6-FollowerState was interrupted: {}
java.lang.InterruptedException: sleep interrupted
	at java.lang.Thread.sleep(Native Method)
	at java.lang.Thread.sleep(Thread.java:340)
	at java.util.concurrent.TimeUnit.sleep(TimeUnit.java:386)
	at org.apache.ratis.util.TimeDuration.sleep(TimeDuration.java:324)
	at org.apache.ratis.util.TimeDuration.sleep(TimeDuration.java:309)
	at org.apache.ratis.server.impl.FollowerState.run(FollowerState.java:118)
2022-02-02 13:25:05,742 [66cdd8a8-985e-41df-9c7f-d4882230ffd1@group-43ECD93931E6-StateMachineUpdater] INFO  ratis.ContainerStateMachine (ContainerStateMachine.java:takeSnapshot(299)) - group-43ECD93931E6: Taking a snapshot at:(t:8, i:0) file /home/runner/work/ozone/ozone/hadoop-ozone/integration-test/target/test-dir/MiniOzoneClusterImpl-eba4dfdc-c168-4ed6-b46b-d97e1dedacdc/datanode-2/data/ratis/d92e7f27-f794-44e9-bb20-43ecd93931e6/sm/snapshot.8_0
2022-02-02 13:25:05,743 [66cdd8a8-985e-41df-9c7f-d4882230ffd1@group-43ECD93931E6-StateMachineUpdater] INFO  ratis.ContainerStateMachine (ContainerStateMachine.java:takeSnapshot(310)) - group-43ECD93931E6: Finished taking a snapshot at:(t:8, i:0) file:/home/runner/work/ozone/ozone/hadoop-ozone/integration-test/target/test-dir/MiniOzoneClusterImpl-eba4dfdc-c168-4ed6-b46b-d97e1dedacdc/datanode-2/data/ratis/d92e7f27-f794-44e9-bb20-43ecd93931e6/sm/snapshot.8_0 took: 2 ms
2022-02-02 13:25:05,744 [66cdd8a8-985e-41df-9c7f-d4882230ffd1@group-43ECD93931E6-StateMachineUpdater] INFO  impl.StateMachineUpdater (StateMachineUpdater.java:takeSnapshot(281)) - 66cdd8a8-985e-41df-9c7f-d4882230ffd1@group-43ECD93931E6-StateMachineUpdater: Took a snapshot at index 0
2022-02-02 13:25:05,744 [66cdd8a8-985e-41df-9c7f-d4882230ffd1@group-43ECD93931E6-StateMachineUpdater] INFO  impl.StateMachineUpdater (StateMachineUpdater.java:lambda$new$0(89)) - 66cdd8a8-985e-41df-9c7f-d4882230ffd1@group-43ECD93931E6-StateMachineUpdater: snapshotIndex: updateIncreasingly -1 -> 0
2022-02-02 13:25:05,744 [ForkJoinPool.commonPool-worker-1] INFO  server.RaftServer$Division (ServerState.java:close(419)) - 66cdd8a8-985e-41df-9c7f-d4882230ffd1@group-43ECD93931E6: closes. applyIndex: 0
2022-02-02 13:25:05,745 [66cdd8a8-985e-41df-9c7f-d4882230ffd1@group-43ECD93931E6-SegmentedRaftLogWorker] INFO  segmented.SegmentedRaftLogWorker (SegmentedRaftLogWorker.java:run(327)) - 66cdd8a8-985e-41df-9c7f-d4882230ffd1@group-43ECD93931E6-SegmentedRaftLogWorker was interrupted, exiting. There are 0 tasks remaining in the queue.
2022-02-02 13:25:05,746 [ForkJoinPool.commonPool-worker-1] INFO  segmented.SegmentedRaftLogWorker (SegmentedRaftLogWorker.java:close(237)) - 66cdd8a8-985e-41df-9c7f-d4882230ffd1@group-43ECD93931E6-SegmentedRaftLogWorker close()
2022-02-02 13:25:05,747 [ForkJoinPool.commonPool-worker-1] INFO  server.RaftServer$Division (RaftServerImpl.java:lambda$close$4(412)) - 66cdd8a8-985e-41df-9c7f-d4882230ffd1@group-2F23EA96A789: shutdown
2022-02-02 13:25:05,747 [ForkJoinPool.commonPool-worker-1] INFO  util.JmxRegister (JmxRegister.java:unregister(73)) - Successfully un-registered JMX Bean with object name Ratis:service=RaftServer,group=group-2F23EA96A789,id=66cdd8a8-985e-41df-9c7f-d4882230ffd1
2022-02-02 13:25:05,747 [ForkJoinPool.commonPool-worker-1] INFO  impl.RoleInfo (RoleInfo.java:shutdownLeaderState(91)) - 66cdd8a8-985e-41df-9c7f-d4882230ffd1: shutdown 66cdd8a8-985e-41df-9c7f-d4882230ffd1@group-2F23EA96A789-LeaderStateImpl
2022-02-02 13:25:05,748 [ForkJoinPool.commonPool-worker-1] INFO  impl.PendingRequests (PendingRequests.java:sendNotLeaderResponses(282)) - 66cdd8a8-985e-41df-9c7f-d4882230ffd1@group-2F23EA96A789-PendingRequests: sendNotLeaderResponses
2022-02-02 13:25:05,748 [ForkJoinPool.commonPool-worker-1] INFO  impl.StateMachineUpdater (StateMachineUpdater.java:stopAndJoin(149)) - 66cdd8a8-985e-41df-9c7f-d4882230ffd1@group-2F23EA96A789-StateMachineUpdater: set stopIndex = 0
2022-02-02 13:25:05,748 [66cdd8a8-985e-41df-9c7f-d4882230ffd1@group-2F23EA96A789-StateMachineUpdater] INFO  ratis.ContainerStateMachine (ContainerStateMachine.java:takeSnapshot(299)) - group-2F23EA96A789: Taking a snapshot at:(t:1, i:0) file /home/runner/work/ozone/ozone/hadoop-ozone/integration-test/target/test-dir/MiniOzoneClusterImpl-eba4dfdc-c168-4ed6-b46b-d97e1dedacdc/datanode-2/data/ratis/f811164b-1a15-4862-9449-2f23ea96a789/sm/snapshot.1_0
2022-02-02 13:25:05,749 [66cdd8a8-985e-41df-9c7f-d4882230ffd1@group-2F23EA96A789-StateMachineUpdater] INFO  ratis.ContainerStateMachine (ContainerStateMachine.java:takeSnapshot(310)) - group-2F23EA96A789: Finished taking a snapshot at:(t:1, i:0) file:/home/runner/work/ozone/ozone/hadoop-ozone/integration-test/target/test-dir/MiniOzoneClusterImpl-eba4dfdc-c168-4ed6-b46b-d97e1dedacdc/datanode-2/data/ratis/f811164b-1a15-4862-9449-2f23ea96a789/sm/snapshot.1_0 took: 1 ms
2022-02-02 13:25:05,749 [66cdd8a8-985e-41df-9c7f-d4882230ffd1@group-2F23EA96A789-StateMachineUpdater] INFO  impl.StateMachineUpdater (StateMachineUpdater.java:takeSnapshot(281)) - 66cdd8a8-985e-41df-9c7f-d4882230ffd1@group-2F23EA96A789-StateMachineUpdater: Took a snapshot at index 0
2022-02-02 13:25:05,749 [66cdd8a8-985e-41df-9c7f-d4882230ffd1@group-2F23EA96A789-StateMachineUpdater] INFO  impl.StateMachineUpdater (StateMachineUpdater.java:lambda$new$0(89)) - 66cdd8a8-985e-41df-9c7f-d4882230ffd1@group-2F23EA96A789-StateMachineUpdater: snapshotIndex: updateIncreasingly -1 -> 0
2022-02-02 13:25:05,750 [ForkJoinPool.commonPool-worker-1] INFO  server.RaftServer$Division (ServerState.java:close(419)) - 66cdd8a8-985e-41df-9c7f-d4882230ffd1@group-2F23EA96A789: closes. applyIndex: 0
2022-02-02 13:25:05,750 [66cdd8a8-985e-41df-9c7f-d4882230ffd1@group-2F23EA96A789-SegmentedRaftLogWorker] INFO  segmented.SegmentedRaftLogWorker (SegmentedRaftLogWorker.java:run(327)) - 66cdd8a8-985e-41df-9c7f-d4882230ffd1@group-2F23EA96A789-SegmentedRaftLogWorker was interrupted, exiting. There are 0 tasks remaining in the queue.
2022-02-02 13:25:05,750 [ForkJoinPool.commonPool-worker-1] INFO  segmented.SegmentedRaftLogWorker (SegmentedRaftLogWorker.java:close(237)) - 66cdd8a8-985e-41df-9c7f-d4882230ffd1@group-2F23EA96A789-SegmentedRaftLogWorker close()
2022-02-02 13:25:05,751 [ForkJoinPool.commonPool-worker-1] INFO  server.GrpcService (GrpcService.java:closeImpl(262)) - 66cdd8a8-985e-41df-9c7f-d4882230ffd1: shutdown server with port 36517 now
2022-02-02 13:25:05,752 [ForkJoinPool.commonPool-worker-1] INFO  server.GrpcService (GrpcService.java:closeImpl(271)) - 66cdd8a8-985e-41df-9c7f-d4882230ffd1: shutdown server with port 36517 successfully
2022-02-02 13:25:05,752 [org.apache.ratis.util.JvmPauseMonitor$$Lambda$431/251020702@5d96db55] INFO  util.JvmPauseMonitor (JvmPauseMonitor.java:run(109)) - JvmPauseMonitor-66cdd8a8-985e-41df-9c7f-d4882230ffd1: Stopped
2022-02-02 13:25:07,771 [ForkJoinPool.commonPool-worker-1] INFO  utils.BackgroundService (BackgroundService.java:shutdown(132)) - Shutting down service BlockDeletingService
2022-02-02 13:25:10,780 [ForkJoinPool.commonPool-worker-1] INFO  statemachine.DatanodeStateMachine (DatanodeStateMachine.java:stopDaemon(529)) - Ozone container server stopped.
2022-02-02 13:25:10,783 [ForkJoinPool.commonPool-worker-1] INFO  handler.ContextHandler (ContextHandler.java:doStop(1153)) - Stopped o.e.j.w.WebAppContext@3d6abba3{hddsDatanode,/,null,STOPPED}{jar:file:/home/runner/.m2/repository/org/apache/ozone/hdds-container-service/1.3.0-SNAPSHOT/hdds-container-service-1.3.0-SNAPSHOT.jar!/webapps/hddsDatanode}
2022-02-02 13:25:10,783 [ForkJoinPool.commonPool-worker-1] INFO  server.AbstractConnector (AbstractConnector.java:doStop(381)) - Stopped ServerConnector@207adfc7{HTTP/1.1, (http/1.1)}{0.0.0.0:0}
2022-02-02 13:25:10,783 [ForkJoinPool.commonPool-worker-1] INFO  server.session (HouseKeeper.java:stopScavenging(149)) - node0 Stopped scavenging
2022-02-02 13:25:10,785 [ForkJoinPool.commonPool-worker-1] INFO  handler.ContextHandler (ContextHandler.java:doStop(1153)) - Stopped o.e.j.s.ServletContextHandler@3406b355{static,/static,jar:file:/home/runner/.m2/repository/org/apache/ozone/hdds-container-service/1.3.0-SNAPSHOT/hdds-container-service-1.3.0-SNAPSHOT.jar!/webapps/static,STOPPED}
2022-02-02 13:25:10,785 [ForkJoinPool.commonPool-worker-1] INFO  handler.ContextHandler (ContextHandler.java:doStop(1153)) - Stopped o.e.j.s.ServletContextHandler@7c3b6697{logs,/logs,file:///home/runner/work/ozone/ozone/hadoop-ozone/integration-test/target/log,STOPPED}
2022-02-02 13:25:10,787 [Time-limited test] INFO  ozone.MiniOzoneClusterImpl (MiniOzoneClusterImpl.java:stopSCM(526)) - Stopping the StorageContainerManager
2022-02-02 13:25:10,787 [Time-limited test] INFO  server.StorageContainerManager (StorageContainerManager.java:stop(1390)) - Stopping Container Balancer service.
2022-02-02 13:25:10,787 [Time-limited test] INFO  balancer.ContainerBalancer (ContainerBalancer.java:stop(751)) - Container Balancer is not running.
2022-02-02 13:25:10,788 [Time-limited test] INFO  server.StorageContainerManager (StorageContainerManager.java:stop(1397)) - Stopping Replication Manager Service.
2022-02-02 13:25:10,788 [Time-limited test] INFO  container.ReplicationManager (ReplicationManager.java:stop(357)) - Stopping Replication Monitor Thread.
2022-02-02 13:25:10,788 [Time-limited test] INFO  server.StorageContainerManager (StorageContainerManager.java:stop(1404)) - Stopping the Datanode Admin Monitor.
2022-02-02 13:25:10,788 [Time-limited test] INFO  server.StorageContainerManager (StorageContainerManager.java:stop(1411)) - Stopping Lease Manager of the command watchers
2022-02-02 13:25:10,788 [Time-limited test] INFO  server.StorageContainerManager (StorageContainerManager.java:stop(1418)) - Stopping datanode service RPC server
2022-02-02 13:25:10,788 [Time-limited test] INFO  server.SCMDatanodeProtocolServer (SCMDatanodeProtocolServer.java:stop(390)) - Stopping the RPC server for DataNodes
2022-02-02 13:25:10,788 [Time-limited test] INFO  ipc.Server (Server.java:stop(3414)) - Stopping server on 36445
2022-02-02 13:25:10,791 [IPC Server listener on 0] INFO  ipc.Server (Server.java:run(1376)) - Stopping IPC Server listener on 0
2022-02-02 13:25:10,798 [IPC Server Responder] INFO  ipc.Server (Server.java:run(1512)) - Stopping IPC Server Responder
2022-02-02 13:25:10,857 [SCM Heartbeat Processing Thread - 0] WARN  node.NodeStateManager (NodeStateManager.java:scheduleNextHealthCheck(799)) - Current Thread is interrupted, shutting down HB processing thread for Node Manager.
2022-02-02 13:25:10,858 [Time-limited test] INFO  server.StorageContainerManager (StorageContainerManager.java:stop(1426)) - Stopping block service RPC server
2022-02-02 13:25:10,858 [Time-limited test] INFO  server.SCMBlockProtocolServer (SCMBlockProtocolServer.java:stop(160)) - Stopping the RPC server for Block Protocol
2022-02-02 13:25:10,858 [Time-limited test] INFO  ipc.Server (Server.java:stop(3414)) - Stopping server on 35241
2022-02-02 13:25:10,861 [Time-limited test] INFO  server.StorageContainerManager (StorageContainerManager.java:stop(1433)) - Stopping the StorageContainerLocationProtocol RPC server
2022-02-02 13:25:10,861 [Time-limited test] INFO  server.SCMClientProtocolServer (SCMClientProtocolServer.java:stop(174)) - Stopping the RPC server for Client Protocol
2022-02-02 13:25:10,861 [Time-limited test] INFO  ipc.Server (Server.java:stop(3414)) - Stopping server on 34921
2022-02-02 13:25:10,863 [IPC Server listener on 0] INFO  ipc.Server (Server.java:run(1376)) - Stopping IPC Server listener on 0
2022-02-02 13:25:10,863 [IPC Server Responder] INFO  ipc.Server (Server.java:run(1512)) - Stopping IPC Server Responder
2022-02-02 13:25:10,869 [IPC Server Responder] INFO  ipc.Server (Server.java:run(1512)) - Stopping IPC Server Responder
2022-02-02 13:25:10,869 [Time-limited test] INFO  server.StorageContainerManager (StorageContainerManager.java:stop(1440)) - Stopping Storage Container Manager HTTP server.
2022-02-02 13:25:10,870 [Time-limited test] INFO  handler.ContextHandler (ContextHandler.java:doStop(1153)) - Stopped o.e.j.w.WebAppContext@6a15f50a{scm,/,null,STOPPED}{file:/home/runner/work/ozone/ozone/hadoop-ozone/integration-test/target/test-classes/webapps/scm}
2022-02-02 13:25:10,870 [IPC Server listener on 0] INFO  ipc.Server (Server.java:run(1376)) - Stopping IPC Server listener on 0
2022-02-02 13:25:10,873 [Time-limited test] INFO  server.AbstractConnector (AbstractConnector.java:doStop(381)) - Stopped ServerConnector@af03516{HTTP/1.1, (http/1.1)}{0.0.0.0:0}
2022-02-02 13:25:10,873 [Time-limited test] INFO  server.session (HouseKeeper.java:stopScavenging(149)) - node0 Stopped scavenging
2022-02-02 13:25:10,875 [Time-limited test] INFO  handler.ContextHandler (ContextHandler.java:doStop(1153)) - Stopped o.e.j.s.ServletContextHandler@eccc0de{static,/static,file:///home/runner/work/ozone/ozone/hadoop-ozone/integration-test/target/test-classes/webapps/static,STOPPED}
2022-02-02 13:25:10,875 [Time-limited test] INFO  handler.ContextHandler (ContextHandler.java:doStop(1153)) - Stopped o.e.j.s.ServletContextHandler@691d7818{logs,/logs,file:///home/runner/work/ozone/ozone/hadoop-ozone/integration-test/target/log,STOPPED}
2022-02-02 13:25:10,876 [Time-limited test] INFO  server.StorageContainerManager (StorageContainerManager.java:stop(1451)) - Stopping Block Manager Service.
2022-02-02 13:25:10,877 [Time-limited test] INFO  utils.BackgroundService (BackgroundService.java:shutdown(132)) - Shutting down service SCMBlockDeletingService
2022-02-02 13:25:10,877 [Time-limited test] INFO  utils.BackgroundService (BackgroundService.java:shutdown(132)) - Shutting down service SCMBlockDeletingService
2022-02-02 13:25:10,877 [Time-limited test] INFO  server.StorageContainerManager (StorageContainerManager.java:stop(1478)) - Stopping SCM Event Queue.
2022-02-02 13:25:10,883 [Time-limited test] INFO  server.StorageContainerManager (StorageContainerManager.java:stop(1489)) - Stopping SCM HA services.
2022-02-02 13:25:10,883 [Time-limited test] INFO  ha.SCMRatisServerImpl (SCMRatisServerImpl.java:stop(236)) - stopping ratis server 0.0.0.0:9894
2022-02-02 13:25:10,883 [Time-limited test] INFO  server.RaftServer (RaftServerProxy.java:lambda$close$6(391)) - f4afb0d6-26fc-4cb5-93c5-03f1c8944589: close
2022-02-02 13:25:10,883 [Time-limited test] INFO  server.RaftServer$Division (RaftServerImpl.java:lambda$close$4(412)) - f4afb0d6-26fc-4cb5-93c5-03f1c8944589@group-D97E1DEDACDC: shutdown
2022-02-02 13:25:10,884 [Time-limited test] INFO  util.JmxRegister (JmxRegister.java:unregister(73)) - Successfully un-registered JMX Bean with object name Ratis:service=RaftServer,group=group-D97E1DEDACDC,id=f4afb0d6-26fc-4cb5-93c5-03f1c8944589
2022-02-02 13:25:10,884 [Time-limited test] INFO  impl.RoleInfo (RoleInfo.java:shutdownLeaderState(91)) - f4afb0d6-26fc-4cb5-93c5-03f1c8944589: shutdown f4afb0d6-26fc-4cb5-93c5-03f1c8944589@group-D97E1DEDACDC-LeaderStateImpl
2022-02-02 13:25:10,884 [Time-limited test] INFO  impl.PendingRequests (PendingRequests.java:sendNotLeaderResponses(282)) - f4afb0d6-26fc-4cb5-93c5-03f1c8944589@group-D97E1DEDACDC-PendingRequests: sendNotLeaderResponses
2022-02-02 13:25:10,884 [Time-limited test] INFO  ha.SCMStateMachine (SCMStateMachine.java:notifyNotLeader(190)) - current leader SCM steps down.
2022-02-02 13:25:10,884 [Time-limited test] INFO  ha.SCMContext (SCMContext.java:updateLeaderAndTerm(90)) - update <isLeader,term> from <true,2> to <false,0>
2022-02-02 13:25:10,884 [Time-limited test] INFO  ha.SCMContext (SCMContext.java:updateLeaderAndTerm(97)) - update <isLeaderReady> from <false> to <false>
2022-02-02 13:25:10,894 [Time-limited test] INFO  impl.StateMachineUpdater (StateMachineUpdater.java:stopAndJoin(149)) - f4afb0d6-26fc-4cb5-93c5-03f1c8944589@group-D97E1DEDACDC-StateMachineUpdater: set stopIndex = 16
2022-02-02 13:25:10,895 [f4afb0d6-26fc-4cb5-93c5-03f1c8944589@group-D97E1DEDACDC-StateMachineUpdater] INFO  ha.SCMStateMachine (SCMStateMachine.java:takeSnapshot(297)) - Current Snapshot Index 16, takeSnapshot took 0 ms
2022-02-02 13:25:10,895 [f4afb0d6-26fc-4cb5-93c5-03f1c8944589@group-D97E1DEDACDC-StateMachineUpdater] INFO  impl.StateMachineUpdater (StateMachineUpdater.java:takeSnapshot(281)) - f4afb0d6-26fc-4cb5-93c5-03f1c8944589@group-D97E1DEDACDC-StateMachineUpdater: Took a snapshot at index 16
2022-02-02 13:25:10,895 [f4afb0d6-26fc-4cb5-93c5-03f1c8944589@group-D97E1DEDACDC-StateMachineUpdater] INFO  impl.StateMachineUpdater (StateMachineUpdater.java:lambda$new$0(89)) - f4afb0d6-26fc-4cb5-93c5-03f1c8944589@group-D97E1DEDACDC-StateMachineUpdater: snapshotIndex: updateIncreasingly -1 -> 16
2022-02-02 13:25:10,895 [Time-limited test] INFO  server.RaftServer$Division (ServerState.java:close(419)) - f4afb0d6-26fc-4cb5-93c5-03f1c8944589@group-D97E1DEDACDC: closes. applyIndex: 16
2022-02-02 13:25:10,895 [f4afb0d6-26fc-4cb5-93c5-03f1c8944589@group-D97E1DEDACDC-SegmentedRaftLogWorker] INFO  segmented.SegmentedRaftLogWorker (SegmentedRaftLogWorker.java:run(327)) - f4afb0d6-26fc-4cb5-93c5-03f1c8944589@group-D97E1DEDACDC-SegmentedRaftLogWorker was interrupted, exiting. There are 0 tasks remaining in the queue.
2022-02-02 13:25:10,896 [Time-limited test] INFO  segmented.SegmentedRaftLogWorker (SegmentedRaftLogWorker.java:close(237)) - f4afb0d6-26fc-4cb5-93c5-03f1c8944589@group-D97E1DEDACDC-SegmentedRaftLogWorker close()
2022-02-02 13:25:10,896 [Time-limited test] INFO  server.GrpcService (GrpcService.java:closeImpl(262)) - f4afb0d6-26fc-4cb5-93c5-03f1c8944589: shutdown server with port 9894 now
2022-02-02 13:25:10,897 [Time-limited test] INFO  server.GrpcService (GrpcService.java:closeImpl(271)) - f4afb0d6-26fc-4cb5-93c5-03f1c8944589: shutdown server with port 9894 successfully
2022-02-02 13:25:10,898 [org.apache.ratis.util.JvmPauseMonitor$$Lambda$431/251020702@59c9964f] INFO  util.JvmPauseMonitor (JvmPauseMonitor.java:run(109)) - JvmPauseMonitor-f4afb0d6-26fc-4cb5-93c5-03f1c8944589: Stopped
2022-02-02 13:25:10,898 [Time-limited test] INFO  pipeline.BackgroundPipelineCreator (BackgroundPipelineCreator.java:stop(158)) - Stopping RatisPipelineUtilsThread.
2022-02-02 13:25:10,899 [Time-limited test] INFO  server.StorageContainerManager (StorageContainerManager.java:stop(1499)) - Stopping SCM MetadataStore.
2022-02-02 13:25:10,902 [Time-limited test] INFO  impl.MetricsSystemImpl (MetricsSystemImpl.java:stop(210)) - Stopping HddsDatanode metrics system...
2022-02-02 13:25:10,903 [prometheus] INFO  impl.MetricsSinkAdapter (MetricsSinkAdapter.java:publishMetricsFromQueue(141)) - prometheus thread interrupted.
2022-02-02 13:25:10,903 [Time-limited test] INFO  impl.MetricsSystemImpl (MetricsSystemImpl.java:stop(216)) - HddsDatanode metrics system stopped.
]]></system-out>
  </testcase>
  <testcase name="testDNstartAfterSCM" classname="org.apache.hadoop.ozone.TestMiniOzoneCluster" time="85.246"/>
  <testcase name="testDatanodeIDPersistent" classname="org.apache.hadoop.ozone.TestMiniOzoneCluster" time="0.104"/>
  <testcase name="testContainerRandomPort" classname="org.apache.hadoop.ozone.TestMiniOzoneCluster" time="25.105"/>
</testsuite>