<?xml version="1.0" encoding="UTF-8"?>
<testsuite xmlns:xsi="http://www.w3.org/2001/XMLSchema-instance" xsi:noNamespaceSchemaLocation="https://maven.apache.org/surefire/maven-surefire-plugin/xsd/surefire-test-report.xsd" name="org.apache.hadoop.hdds.scm.node.TestSCMNodeManager" time="90.135" tests="22" errors="0" skipped="1" failures="1">
  <properties>
    <property name="awt.toolkit" value="sun.awt.X11.XToolkit"/>
    <property name="file.encoding.pkg" value="sun.io"/>
    <property name="java.specification.version" value="1.8"/>
    <property name="sun.cpu.isalist" value=""/>
    <property name="sun.jnu.encoding" value="ANSI_X3.4-1968"/>
    <property name="java.class.path" value="/github/workspace/hadoop-hdds/server-scm/target/test-classes:/github/workspace/hadoop-hdds/server-scm/target/classes:/github/workspace/hadoop-hdds/test-utils/target/classes:/home/user/.m2/repository/com/google/guava/guava/28.2-jre/guava-28.2-jre.jar:/home/user/.m2/repository/com/google/guava/failureaccess/1.0.1/failureaccess-1.0.1.jar:/home/user/.m2/repository/com/google/guava/listenablefuture/9999.0-empty-to-avoid-conflict-with-guava/listenablefuture-9999.0-empty-to-avoid-conflict-with-guava.jar:/home/user/.m2/repository/com/google/code/findbugs/jsr305/3.0.0/jsr305-3.0.0.jar:/home/user/.m2/repository/org/checkerframework/checker-qual/2.10.0/checker-qual-2.10.0.jar:/home/user/.m2/repository/com/google/errorprone/error_prone_annotations/2.2.0/error_prone_annotations-2.2.0.jar:/home/user/.m2/repository/com/google/j2objc/j2objc-annotations/1.3/j2objc-annotations-1.3.jar:/home/user/.m2/repository/commons-io/commons-io/2.5/commons-io-2.5.jar:/home/user/.m2/repository/commons-logging/commons-logging/1.2/commons-logging-1.2.jar:/home/user/.m2/repository/log4j/log4j/1.2.17/log4j-1.2.17.jar:/home/user/.m2/repository/org/apache/commons/commons-lang3/3.7/commons-lang3-3.7.jar:/home/user/.m2/repository/org/slf4j/slf4j-api/1.7.30/slf4j-api-1.7.30.jar:/github/workspace/hadoop-hdds/common/target/classes:/github/workspace/hadoop-hdds/hadoop-dependency-client/target/classes:/home/user/.m2/repository/info/picocli/picocli/4.4.0/picocli-4.4.0.jar:/home/user/.m2/repository/com/fasterxml/jackson/core/jackson-annotations/2.12.1/jackson-annotations-2.12.1.jar:/github/workspace/hadoop-hdds/config/target/classes:/home/user/.m2/repository/javax/annotation/javax.annotation-api/1.2/javax.annotation-api-1.2.jar:/home/user/.m2/repository/org/fusesource/leveldbjni/leveldbjni-all/1.8/leveldbjni-all-1.8.jar:/home/user/.m2/repository/org/apache/ratis/ratis-server/2.0.0/ratis-server-2.0.0.jar:/home/user/.m2/repository/org/apache/ratis/ratis-thirdparty-misc/0.6.0/ratis-thirdparty-misc-0.6.0.jar:/home/user/.m2/repository/org/apache/ratis/ratis-proto/2.0.0/ratis-proto-2.0.0.jar:/home/user/.m2/repository/org/apache/ratis/ratis-common/2.0.0/ratis-common-2.0.0.jar:/home/user/.m2/repository/org/apache/ratis/ratis-client/2.0.0/ratis-client-2.0.0.jar:/home/user/.m2/repository/org/apache/ratis/ratis-server-api/2.0.0/ratis-server-api-2.0.0.jar:/home/user/.m2/repository/org/apache/ratis/ratis-metrics/2.0.0/ratis-metrics-2.0.0.jar:/home/user/.m2/repository/org/apache/ratis/ratis-netty/2.0.0/ratis-netty-2.0.0.jar:/home/user/.m2/repository/org/apache/ratis/ratis-grpc/2.0.0/ratis-grpc-2.0.0.jar:/home/user/.m2/repository/org/apache/logging/log4j/log4j-api/2.13.3/log4j-api-2.13.3.jar:/home/user/.m2/repository/org/apache/logging/log4j/log4j-core/2.13.3/log4j-core-2.13.3.jar:/home/user/.m2/repository/com/lmax/disruptor/3.4.2/disruptor-3.4.2.jar:/home/user/.m2/repository/org/apache/commons/commons-pool2/2.6.0/commons-pool2-2.6.0.jar:/home/user/.m2/repository/org/bouncycastle/bcpkix-jdk15on/1.67/bcpkix-jdk15on-1.67.jar:/home/user/.m2/repository/commons-validator/commons-validator/1.6/commons-validator-1.6.jar:/home/user/.m2/repository/commons-beanutils/commons-beanutils/1.9.4/commons-beanutils-1.9.4.jar:/home/user/.m2/repository/commons-digester/commons-digester/1.8.1/commons-digester-1.8.1.jar:/home/user/.m2/repository/commons-collections/commons-collections/3.2.2/commons-collections-3.2.2.jar:/home/user/.m2/repository/io/jaegertracing/jaeger-client/1.2.0/jaeger-client-1.2.0.jar:/home/user/.m2/repository/io/jaegertracing/jaeger-thrift/1.2.0/jaeger-thrift-1.2.0.jar:/home/user/.m2/repository/org/apache/thrift/libthrift/0.13.0/libthrift-0.13.0.jar:/home/user/.m2/repository/com/squareup/okhttp3/okhttp/4.2.2/okhttp-4.2.2.jar:/home/user/.m2/repository/com/squareup/okio/okio/2.2.2/okio-2.2.2.jar:/home/user/.m2/repository/io/jaegertracing/jaeger-core/1.2.0/jaeger-core-1.2.0.jar:/home/user/.m2/repository/io/jaegertracing/jaeger-tracerresolver/1.2.0/jaeger-tracerresolver-1.2.0.jar:/home/user/.m2/repository/io/opentracing/contrib/opentracing-tracerresolver/0.1.8/opentracing-tracerresolver-0.1.8.jar:/home/user/.m2/repository/org/jetbrains/kotlin/kotlin-stdlib/1.4.31/kotlin-stdlib-1.4.31.jar:/home/user/.m2/repository/org/jetbrains/kotlin/kotlin-stdlib-common/1.4.31/kotlin-stdlib-common-1.4.31.jar:/home/user/.m2/repository/org/jetbrains/annotations/13.0/annotations-13.0.jar:/home/user/.m2/repository/io/opentracing/opentracing-util/0.33.0/opentracing-util-0.33.0.jar:/home/user/.m2/repository/io/opentracing/opentracing-api/0.33.0/opentracing-api-0.33.0.jar:/home/user/.m2/repository/io/opentracing/opentracing-noop/0.33.0/opentracing-noop-0.33.0.jar:/home/user/.m2/repository/org/yaml/snakeyaml/1.26/snakeyaml-1.26.jar:/github/workspace/hadoop-hdds/interface-client/target/classes:/github/workspace/hadoop-hdds/interface-admin/target/classes:/github/workspace/hadoop-hdds/container-service/target/classes:/home/user/.m2/repository/org/apache/commons/commons-compress/1.4.1/commons-compress-1.4.1.jar:/home/user/.m2/repository/org/tukaani/xz/1.0/xz-1.0.jar:/home/user/.m2/repository/commons-codec/commons-codec/1.11/commons-codec-1.11.jar:/github/workspace/hadoop-hdds/client/target/classes:/github/workspace/hadoop-hdds/hadoop-dependency-server/target/classes:/home/user/.m2/repository/org/apache/hadoop/hadoop-annotations/3.2.2/hadoop-annotations-3.2.2.jar:/usr/lib/jvm/java-1.8.0-openjdk-1.8.0.232.b09-0.el7_7.x86_64/jre/../lib/tools.jar:/home/user/.m2/repository/org/apache/hadoop/hadoop-common/3.2.2/hadoop-common-3.2.2.jar:/home/user/.m2/repository/org/apache/httpcomponents/httpclient/4.5.13/httpclient-4.5.13.jar:/home/user/.m2/repository/org/apache/httpcomponents/httpcore/4.4.13/httpcore-4.4.13.jar:/home/user/.m2/repository/commons-net/commons-net/3.6/commons-net-3.6.jar:/home/user/.m2/repository/javax/servlet/javax.servlet-api/3.1.0/javax.servlet-api-3.1.0.jar:/home/user/.m2/repository/javax/activation/javax.activation-api/1.2.0/javax.activation-api-1.2.0.jar:/home/user/.m2/repository/javax/servlet/jsp/jsp-api/2.1/jsp-api-2.1.jar:/home/user/.m2/repository/com/sun/jersey/jersey-core/1.19/jersey-core-1.19.jar:/home/user/.m2/repository/javax/ws/rs/jsr311-api/1.1.1/jsr311-api-1.1.1.jar:/home/user/.m2/repository/com/sun/jersey/jersey-servlet/1.19/jersey-servlet-1.19.jar:/home/user/.m2/repository/com/sun/jersey/jersey-server/1.19/jersey-server-1.19.jar:/home/user/.m2/repository/org/apache/commons/commons-configuration2/2.1.1/commons-configuration2-2.1.1.jar:/home/user/.m2/repository/org/apache/commons/commons-text/1.4/commons-text-1.4.jar:/home/user/.m2/repository/org/slf4j/slf4j-log4j12/1.7.30/slf4j-log4j12-1.7.30.jar:/home/user/.m2/repository/com/google/re2j/re2j/1.1/re2j-1.1.jar:/home/user/.m2/repository/com/google/code/gson/gson/2.2.4/gson-2.2.4.jar:/home/user/.m2/repository/org/apache/hadoop/hadoop-auth/3.2.2/hadoop-auth-3.2.2.jar:/home/user/.m2/repository/com/nimbusds/nimbus-jose-jwt/7.9/nimbus-jose-jwt-7.9.jar:/home/user/.m2/repository/com/github/stephenc/jcip/jcip-annotations/1.0-1/jcip-annotations-1.0-1.jar:/home/user/.m2/repository/net/minidev/json-smart/2.3/json-smart-2.3.jar:/home/user/.m2/repository/net/minidev/accessors-smart/1.2/accessors-smart-1.2.jar:/home/user/.m2/repository/com/jcraft/jsch/0.1.54/jsch-0.1.54.jar:/home/user/.m2/repository/org/apache/htrace/htrace-core4/4.1.0-incubating/htrace-core4-4.1.0-incubating.jar:/home/user/.m2/repository/org/apache/kerby/kerb-simplekdc/1.0.1/kerb-simplekdc-1.0.1.jar:/home/user/.m2/repository/org/apache/kerby/kerb-client/1.0.1/kerb-client-1.0.1.jar:/home/user/.m2/repository/org/apache/kerby/kerby-config/1.0.1/kerby-config-1.0.1.jar:/home/user/.m2/repository/org/apache/kerby/kerb-core/1.0.1/kerb-core-1.0.1.jar:/home/user/.m2/repository/org/apache/kerby/kerby-pkix/1.0.1/kerby-pkix-1.0.1.jar:/home/user/.m2/repository/org/apache/kerby/kerby-asn1/1.0.1/kerby-asn1-1.0.1.jar:/home/user/.m2/repository/org/apache/kerby/kerby-util/1.0.1/kerby-util-1.0.1.jar:/home/user/.m2/repository/org/apache/kerby/kerb-common/1.0.1/kerb-common-1.0.1.jar:/home/user/.m2/repository/org/apache/kerby/kerb-crypto/1.0.1/kerb-crypto-1.0.1.jar:/home/user/.m2/repository/org/apache/kerby/kerb-util/1.0.1/kerb-util-1.0.1.jar:/home/user/.m2/repository/org/apache/kerby/token-provider/1.0.1/token-provider-1.0.1.jar:/home/user/.m2/repository/org/apache/kerby/kerb-admin/1.0.1/kerb-admin-1.0.1.jar:/home/user/.m2/repository/org/apache/kerby/kerb-server/1.0.1/kerb-server-1.0.1.jar:/home/user/.m2/repository/org/apache/kerby/kerb-identity/1.0.1/kerb-identity-1.0.1.jar:/home/user/.m2/repository/org/apache/kerby/kerby-xdr/1.0.1/kerby-xdr-1.0.1.jar:/home/user/.m2/repository/org/codehaus/woodstox/stax2-api/3.1.4/stax2-api-3.1.4.jar:/home/user/.m2/repository/com/fasterxml/woodstox/woodstox-core/5.0.3/woodstox-core-5.0.3.jar:/home/user/.m2/repository/dnsjava/dnsjava/2.1.7/dnsjava-2.1.7.jar:/home/user/.m2/repository/commons-cli/commons-cli/1.2/commons-cli-1.2.jar:/home/user/.m2/repository/org/apache/hadoop/hadoop-hdfs/3.2.2/hadoop-hdfs-3.2.2.jar:/home/user/.m2/repository/org/eclipse/jetty/jetty-util-ajax/9.4.35.v20201120/jetty-util-ajax-9.4.35.v20201120.jar:/home/user/.m2/repository/commons-daemon/commons-daemon/1.0.13/commons-daemon-1.0.13.jar:/github/workspace/hadoop-hdds/framework/target/classes:/github/workspace/hadoop-hdds/interface-server/target/classes:/home/user/.m2/repository/org/eclipse/jetty/jetty-util/9.4.35.v20201120/jetty-util-9.4.35.v20201120.jar:/home/user/.m2/repository/org/eclipse/jetty/jetty-server/9.4.35.v20201120/jetty-server-9.4.35.v20201120.jar:/home/user/.m2/repository/org/eclipse/jetty/jetty-http/9.4.35.v20201120/jetty-http-9.4.35.v20201120.jar:/home/user/.m2/repository/org/eclipse/jetty/jetty-io/9.4.35.v20201120/jetty-io-9.4.35.v20201120.jar:/home/user/.m2/repository/org/eclipse/jetty/jetty-servlet/9.4.35.v20201120/jetty-servlet-9.4.35.v20201120.jar:/home/user/.m2/repository/org/eclipse/jetty/jetty-security/9.4.35.v20201120/jetty-security-9.4.35.v20201120.jar:/home/user/.m2/repository/org/eclipse/jetty/jetty-webapp/9.4.35.v20201120/jetty-webapp-9.4.35.v20201120.jar:/home/user/.m2/repository/org/eclipse/jetty/jetty-xml/9.4.35.v20201120/jetty-xml-9.4.35.v20201120.jar:/home/user/.m2/repository/org/rocksdb/rocksdbjni/6.8.1/rocksdbjni-6.8.1.jar:/home/user/.m2/repository/io/prometheus/simpleclient_dropwizard/0.7.0/simpleclient_dropwizard-0.7.0.jar:/home/user/.m2/repository/io/prometheus/simpleclient/0.7.0/simpleclient-0.7.0.jar:/home/user/.m2/repository/io/prometheus/simpleclient_common/0.7.0/simpleclient_common-0.7.0.jar:/home/user/.m2/repository/com/fasterxml/jackson/datatype/jackson-datatype-jsr310/2.12.1/jackson-datatype-jsr310-2.12.1.jar:/home/user/.m2/repository/com/fasterxml/jackson/core/jackson-core/2.12.1/jackson-core-2.12.1.jar:/github/workspace/hadoop-hdds/docs/target/classes:/home/user/.m2/repository/io/dropwizard/metrics/metrics-core/3.2.4/metrics-core-3.2.4.jar:/home/user/.m2/repository/com/github/spotbugs/spotbugs/3.1.12/spotbugs-3.1.12.jar:/home/user/.m2/repository/org/ow2/asm/asm/5.0.4/asm-5.0.4.jar:/home/user/.m2/repository/org/ow2/asm/asm-analysis/7.0/asm-analysis-7.0.jar:/home/user/.m2/repository/org/ow2/asm/asm-commons/7.0/asm-commons-7.0.jar:/home/user/.m2/repository/org/ow2/asm/asm-tree/7.0/asm-tree-7.0.jar:/home/user/.m2/repository/org/ow2/asm/asm-util/7.0/asm-util-7.0.jar:/home/user/.m2/repository/org/apache/bcel/bcel/6.3/bcel-6.3.jar:/home/user/.m2/repository/net/jcip/jcip-annotations/1.0/jcip-annotations-1.0.jar:/home/user/.m2/repository/org/dom4j/dom4j/2.1.1/dom4j-2.1.1.jar:/home/user/.m2/repository/jaxen/jaxen/1.1.6/jaxen-1.1.6.jar:/home/user/.m2/repository/commons-lang/commons-lang/2.6/commons-lang-2.6.jar:/home/user/.m2/repository/com/github/spotbugs/spotbugs-annotations/3.1.12/spotbugs-annotations-3.1.12.jar:/home/user/.m2/repository/org/apache/hadoop/hadoop-hdfs-client/3.2.2/hadoop-hdfs-client-3.2.2.jar:/home/user/.m2/repository/com/fasterxml/jackson/core/jackson-databind/2.12.1/jackson-databind-2.12.1.jar:/github/workspace/hadoop-hdds/container-service/target/test-classes:/github/workspace/hadoop-hdds/common/target/test-classes:/home/user/.m2/repository/org/hamcrest/hamcrest-core/1.3/hamcrest-core-1.3.jar:/home/user/.m2/repository/org/assertj/assertj-core/3.8.0/assertj-core-3.8.0.jar:/home/user/.m2/repository/org/openjdk/jmh/jmh-core/1.19/jmh-core-1.19.jar:/home/user/.m2/repository/net/sf/jopt-simple/jopt-simple/4.6/jopt-simple-4.6.jar:/home/user/.m2/repository/org/apache/commons/commons-math3/3.1.1/commons-math3-3.1.1.jar:/home/user/.m2/repository/org/openjdk/jmh/jmh-generator-annprocess/1.19/jmh-generator-annprocess-1.19.jar:/home/user/.m2/repository/org/mockito/mockito-all/1.8.5/mockito-all-1.8.5.jar:/home/user/.m2/repository/org/hamcrest/hamcrest-all/1.3/hamcrest-all-1.3.jar:/home/user/.m2/repository/org/bouncycastle/bcprov-jdk15on/1.67/bcprov-jdk15on-1.67.jar:/github/workspace/hadoop-hdds/hadoop-dependency-test/target/classes:/home/user/.m2/repository/org/apache/hadoop/hadoop-common/3.2.2/hadoop-common-3.2.2-tests.jar:/home/user/.m2/repository/org/apache/hadoop/hadoop-hdfs/3.2.2/hadoop-hdfs-3.2.2-tests.jar:/home/user/.m2/repository/com/google/protobuf/protobuf-java/2.5.0/protobuf-java-2.5.0.jar:/home/user/.m2/repository/junit/junit/4.13.1/junit-4.13.1.jar:"/>
    <property name="java.vm.vendor" value="Oracle Corporation"/>
    <property name="sun.arch.data.model" value="64"/>
    <property name="test.build.dir" value="/github/workspace/hadoop-hdds/server-scm/target/test-dir"/>
    <property name="test.cache.data" value=""/>
    <property name="java.vendor.url" value="http://java.oracle.com/"/>
    <property name="user.timezone" value=""/>
    <property name="java.vm.specification.version" value="1.8"/>
    <property name="os.name" value="Linux"/>
    <property name="test.build.data" value="/github/workspace/hadoop-hdds/server-scm/target/test-dir"/>
    <property name="user.country" value="US"/>
    <property name="sun.java.launcher" value="SUN_STANDARD"/>
    <property name="sun.boot.library.path" value="/usr/lib/jvm/java-1.8.0-openjdk-1.8.0.232.b09-0.el7_7.x86_64/jre/lib/amd64"/>
    <property name="sun.java.command" value="/github/workspace/hadoop-hdds/server-scm/target/surefire/surefirebooter4827192240773456014.jar /github/workspace/hadoop-hdds/server-scm/target/surefire 2021-04-12T12-52-45_461-jvmRun1 surefire5945360648768439669tmp surefire_1782537704477318906734tmp"/>
    <property name="surefire.test.class.path" value="/github/workspace/hadoop-hdds/server-scm/target/test-classes:/github/workspace/hadoop-hdds/server-scm/target/classes:/github/workspace/hadoop-hdds/test-utils/target/classes:/home/user/.m2/repository/com/google/guava/guava/28.2-jre/guava-28.2-jre.jar:/home/user/.m2/repository/com/google/guava/failureaccess/1.0.1/failureaccess-1.0.1.jar:/home/user/.m2/repository/com/google/guava/listenablefuture/9999.0-empty-to-avoid-conflict-with-guava/listenablefuture-9999.0-empty-to-avoid-conflict-with-guava.jar:/home/user/.m2/repository/com/google/code/findbugs/jsr305/3.0.0/jsr305-3.0.0.jar:/home/user/.m2/repository/org/checkerframework/checker-qual/2.10.0/checker-qual-2.10.0.jar:/home/user/.m2/repository/com/google/errorprone/error_prone_annotations/2.2.0/error_prone_annotations-2.2.0.jar:/home/user/.m2/repository/com/google/j2objc/j2objc-annotations/1.3/j2objc-annotations-1.3.jar:/home/user/.m2/repository/commons-io/commons-io/2.5/commons-io-2.5.jar:/home/user/.m2/repository/commons-logging/commons-logging/1.2/commons-logging-1.2.jar:/home/user/.m2/repository/log4j/log4j/1.2.17/log4j-1.2.17.jar:/home/user/.m2/repository/org/apache/commons/commons-lang3/3.7/commons-lang3-3.7.jar:/home/user/.m2/repository/org/slf4j/slf4j-api/1.7.30/slf4j-api-1.7.30.jar:/github/workspace/hadoop-hdds/common/target/classes:/github/workspace/hadoop-hdds/hadoop-dependency-client/target/classes:/home/user/.m2/repository/info/picocli/picocli/4.4.0/picocli-4.4.0.jar:/home/user/.m2/repository/com/fasterxml/jackson/core/jackson-annotations/2.12.1/jackson-annotations-2.12.1.jar:/github/workspace/hadoop-hdds/config/target/classes:/home/user/.m2/repository/javax/annotation/javax.annotation-api/1.2/javax.annotation-api-1.2.jar:/home/user/.m2/repository/org/fusesource/leveldbjni/leveldbjni-all/1.8/leveldbjni-all-1.8.jar:/home/user/.m2/repository/org/apache/ratis/ratis-server/2.0.0/ratis-server-2.0.0.jar:/home/user/.m2/repository/org/apache/ratis/ratis-thirdparty-misc/0.6.0/ratis-thirdparty-misc-0.6.0.jar:/home/user/.m2/repository/org/apache/ratis/ratis-proto/2.0.0/ratis-proto-2.0.0.jar:/home/user/.m2/repository/org/apache/ratis/ratis-common/2.0.0/ratis-common-2.0.0.jar:/home/user/.m2/repository/org/apache/ratis/ratis-client/2.0.0/ratis-client-2.0.0.jar:/home/user/.m2/repository/org/apache/ratis/ratis-server-api/2.0.0/ratis-server-api-2.0.0.jar:/home/user/.m2/repository/org/apache/ratis/ratis-metrics/2.0.0/ratis-metrics-2.0.0.jar:/home/user/.m2/repository/org/apache/ratis/ratis-netty/2.0.0/ratis-netty-2.0.0.jar:/home/user/.m2/repository/org/apache/ratis/ratis-grpc/2.0.0/ratis-grpc-2.0.0.jar:/home/user/.m2/repository/org/apache/logging/log4j/log4j-api/2.13.3/log4j-api-2.13.3.jar:/home/user/.m2/repository/org/apache/logging/log4j/log4j-core/2.13.3/log4j-core-2.13.3.jar:/home/user/.m2/repository/com/lmax/disruptor/3.4.2/disruptor-3.4.2.jar:/home/user/.m2/repository/org/apache/commons/commons-pool2/2.6.0/commons-pool2-2.6.0.jar:/home/user/.m2/repository/org/bouncycastle/bcpkix-jdk15on/1.67/bcpkix-jdk15on-1.67.jar:/home/user/.m2/repository/commons-validator/commons-validator/1.6/commons-validator-1.6.jar:/home/user/.m2/repository/commons-beanutils/commons-beanutils/1.9.4/commons-beanutils-1.9.4.jar:/home/user/.m2/repository/commons-digester/commons-digester/1.8.1/commons-digester-1.8.1.jar:/home/user/.m2/repository/commons-collections/commons-collections/3.2.2/commons-collections-3.2.2.jar:/home/user/.m2/repository/io/jaegertracing/jaeger-client/1.2.0/jaeger-client-1.2.0.jar:/home/user/.m2/repository/io/jaegertracing/jaeger-thrift/1.2.0/jaeger-thrift-1.2.0.jar:/home/user/.m2/repository/org/apache/thrift/libthrift/0.13.0/libthrift-0.13.0.jar:/home/user/.m2/repository/com/squareup/okhttp3/okhttp/4.2.2/okhttp-4.2.2.jar:/home/user/.m2/repository/com/squareup/okio/okio/2.2.2/okio-2.2.2.jar:/home/user/.m2/repository/io/jaegertracing/jaeger-core/1.2.0/jaeger-core-1.2.0.jar:/home/user/.m2/repository/io/jaegertracing/jaeger-tracerresolver/1.2.0/jaeger-tracerresolver-1.2.0.jar:/home/user/.m2/repository/io/opentracing/contrib/opentracing-tracerresolver/0.1.8/opentracing-tracerresolver-0.1.8.jar:/home/user/.m2/repository/org/jetbrains/kotlin/kotlin-stdlib/1.4.31/kotlin-stdlib-1.4.31.jar:/home/user/.m2/repository/org/jetbrains/kotlin/kotlin-stdlib-common/1.4.31/kotlin-stdlib-common-1.4.31.jar:/home/user/.m2/repository/org/jetbrains/annotations/13.0/annotations-13.0.jar:/home/user/.m2/repository/io/opentracing/opentracing-util/0.33.0/opentracing-util-0.33.0.jar:/home/user/.m2/repository/io/opentracing/opentracing-api/0.33.0/opentracing-api-0.33.0.jar:/home/user/.m2/repository/io/opentracing/opentracing-noop/0.33.0/opentracing-noop-0.33.0.jar:/home/user/.m2/repository/org/yaml/snakeyaml/1.26/snakeyaml-1.26.jar:/github/workspace/hadoop-hdds/interface-client/target/classes:/github/workspace/hadoop-hdds/interface-admin/target/classes:/github/workspace/hadoop-hdds/container-service/target/classes:/home/user/.m2/repository/org/apache/commons/commons-compress/1.4.1/commons-compress-1.4.1.jar:/home/user/.m2/repository/org/tukaani/xz/1.0/xz-1.0.jar:/home/user/.m2/repository/commons-codec/commons-codec/1.11/commons-codec-1.11.jar:/github/workspace/hadoop-hdds/client/target/classes:/github/workspace/hadoop-hdds/hadoop-dependency-server/target/classes:/home/user/.m2/repository/org/apache/hadoop/hadoop-annotations/3.2.2/hadoop-annotations-3.2.2.jar:/usr/lib/jvm/java-1.8.0-openjdk-1.8.0.232.b09-0.el7_7.x86_64/jre/../lib/tools.jar:/home/user/.m2/repository/org/apache/hadoop/hadoop-common/3.2.2/hadoop-common-3.2.2.jar:/home/user/.m2/repository/org/apache/httpcomponents/httpclient/4.5.13/httpclient-4.5.13.jar:/home/user/.m2/repository/org/apache/httpcomponents/httpcore/4.4.13/httpcore-4.4.13.jar:/home/user/.m2/repository/commons-net/commons-net/3.6/commons-net-3.6.jar:/home/user/.m2/repository/javax/servlet/javax.servlet-api/3.1.0/javax.servlet-api-3.1.0.jar:/home/user/.m2/repository/javax/activation/javax.activation-api/1.2.0/javax.activation-api-1.2.0.jar:/home/user/.m2/repository/javax/servlet/jsp/jsp-api/2.1/jsp-api-2.1.jar:/home/user/.m2/repository/com/sun/jersey/jersey-core/1.19/jersey-core-1.19.jar:/home/user/.m2/repository/javax/ws/rs/jsr311-api/1.1.1/jsr311-api-1.1.1.jar:/home/user/.m2/repository/com/sun/jersey/jersey-servlet/1.19/jersey-servlet-1.19.jar:/home/user/.m2/repository/com/sun/jersey/jersey-server/1.19/jersey-server-1.19.jar:/home/user/.m2/repository/org/apache/commons/commons-configuration2/2.1.1/commons-configuration2-2.1.1.jar:/home/user/.m2/repository/org/apache/commons/commons-text/1.4/commons-text-1.4.jar:/home/user/.m2/repository/org/slf4j/slf4j-log4j12/1.7.30/slf4j-log4j12-1.7.30.jar:/home/user/.m2/repository/com/google/re2j/re2j/1.1/re2j-1.1.jar:/home/user/.m2/repository/com/google/code/gson/gson/2.2.4/gson-2.2.4.jar:/home/user/.m2/repository/org/apache/hadoop/hadoop-auth/3.2.2/hadoop-auth-3.2.2.jar:/home/user/.m2/repository/com/nimbusds/nimbus-jose-jwt/7.9/nimbus-jose-jwt-7.9.jar:/home/user/.m2/repository/com/github/stephenc/jcip/jcip-annotations/1.0-1/jcip-annotations-1.0-1.jar:/home/user/.m2/repository/net/minidev/json-smart/2.3/json-smart-2.3.jar:/home/user/.m2/repository/net/minidev/accessors-smart/1.2/accessors-smart-1.2.jar:/home/user/.m2/repository/com/jcraft/jsch/0.1.54/jsch-0.1.54.jar:/home/user/.m2/repository/org/apache/htrace/htrace-core4/4.1.0-incubating/htrace-core4-4.1.0-incubating.jar:/home/user/.m2/repository/org/apache/kerby/kerb-simplekdc/1.0.1/kerb-simplekdc-1.0.1.jar:/home/user/.m2/repository/org/apache/kerby/kerb-client/1.0.1/kerb-client-1.0.1.jar:/home/user/.m2/repository/org/apache/kerby/kerby-config/1.0.1/kerby-config-1.0.1.jar:/home/user/.m2/repository/org/apache/kerby/kerb-core/1.0.1/kerb-core-1.0.1.jar:/home/user/.m2/repository/org/apache/kerby/kerby-pkix/1.0.1/kerby-pkix-1.0.1.jar:/home/user/.m2/repository/org/apache/kerby/kerby-asn1/1.0.1/kerby-asn1-1.0.1.jar:/home/user/.m2/repository/org/apache/kerby/kerby-util/1.0.1/kerby-util-1.0.1.jar:/home/user/.m2/repository/org/apache/kerby/kerb-common/1.0.1/kerb-common-1.0.1.jar:/home/user/.m2/repository/org/apache/kerby/kerb-crypto/1.0.1/kerb-crypto-1.0.1.jar:/home/user/.m2/repository/org/apache/kerby/kerb-util/1.0.1/kerb-util-1.0.1.jar:/home/user/.m2/repository/org/apache/kerby/token-provider/1.0.1/token-provider-1.0.1.jar:/home/user/.m2/repository/org/apache/kerby/kerb-admin/1.0.1/kerb-admin-1.0.1.jar:/home/user/.m2/repository/org/apache/kerby/kerb-server/1.0.1/kerb-server-1.0.1.jar:/home/user/.m2/repository/org/apache/kerby/kerb-identity/1.0.1/kerb-identity-1.0.1.jar:/home/user/.m2/repository/org/apache/kerby/kerby-xdr/1.0.1/kerby-xdr-1.0.1.jar:/home/user/.m2/repository/org/codehaus/woodstox/stax2-api/3.1.4/stax2-api-3.1.4.jar:/home/user/.m2/repository/com/fasterxml/woodstox/woodstox-core/5.0.3/woodstox-core-5.0.3.jar:/home/user/.m2/repository/dnsjava/dnsjava/2.1.7/dnsjava-2.1.7.jar:/home/user/.m2/repository/commons-cli/commons-cli/1.2/commons-cli-1.2.jar:/home/user/.m2/repository/org/apache/hadoop/hadoop-hdfs/3.2.2/hadoop-hdfs-3.2.2.jar:/home/user/.m2/repository/org/eclipse/jetty/jetty-util-ajax/9.4.35.v20201120/jetty-util-ajax-9.4.35.v20201120.jar:/home/user/.m2/repository/commons-daemon/commons-daemon/1.0.13/commons-daemon-1.0.13.jar:/github/workspace/hadoop-hdds/framework/target/classes:/github/workspace/hadoop-hdds/interface-server/target/classes:/home/user/.m2/repository/org/eclipse/jetty/jetty-util/9.4.35.v20201120/jetty-util-9.4.35.v20201120.jar:/home/user/.m2/repository/org/eclipse/jetty/jetty-server/9.4.35.v20201120/jetty-server-9.4.35.v20201120.jar:/home/user/.m2/repository/org/eclipse/jetty/jetty-http/9.4.35.v20201120/jetty-http-9.4.35.v20201120.jar:/home/user/.m2/repository/org/eclipse/jetty/jetty-io/9.4.35.v20201120/jetty-io-9.4.35.v20201120.jar:/home/user/.m2/repository/org/eclipse/jetty/jetty-servlet/9.4.35.v20201120/jetty-servlet-9.4.35.v20201120.jar:/home/user/.m2/repository/org/eclipse/jetty/jetty-security/9.4.35.v20201120/jetty-security-9.4.35.v20201120.jar:/home/user/.m2/repository/org/eclipse/jetty/jetty-webapp/9.4.35.v20201120/jetty-webapp-9.4.35.v20201120.jar:/home/user/.m2/repository/org/eclipse/jetty/jetty-xml/9.4.35.v20201120/jetty-xml-9.4.35.v20201120.jar:/home/user/.m2/repository/org/rocksdb/rocksdbjni/6.8.1/rocksdbjni-6.8.1.jar:/home/user/.m2/repository/io/prometheus/simpleclient_dropwizard/0.7.0/simpleclient_dropwizard-0.7.0.jar:/home/user/.m2/repository/io/prometheus/simpleclient/0.7.0/simpleclient-0.7.0.jar:/home/user/.m2/repository/io/prometheus/simpleclient_common/0.7.0/simpleclient_common-0.7.0.jar:/home/user/.m2/repository/com/fasterxml/jackson/datatype/jackson-datatype-jsr310/2.12.1/jackson-datatype-jsr310-2.12.1.jar:/home/user/.m2/repository/com/fasterxml/jackson/core/jackson-core/2.12.1/jackson-core-2.12.1.jar:/github/workspace/hadoop-hdds/docs/target/classes:/home/user/.m2/repository/io/dropwizard/metrics/metrics-core/3.2.4/metrics-core-3.2.4.jar:/home/user/.m2/repository/com/github/spotbugs/spotbugs/3.1.12/spotbugs-3.1.12.jar:/home/user/.m2/repository/org/ow2/asm/asm/5.0.4/asm-5.0.4.jar:/home/user/.m2/repository/org/ow2/asm/asm-analysis/7.0/asm-analysis-7.0.jar:/home/user/.m2/repository/org/ow2/asm/asm-commons/7.0/asm-commons-7.0.jar:/home/user/.m2/repository/org/ow2/asm/asm-tree/7.0/asm-tree-7.0.jar:/home/user/.m2/repository/org/ow2/asm/asm-util/7.0/asm-util-7.0.jar:/home/user/.m2/repository/org/apache/bcel/bcel/6.3/bcel-6.3.jar:/home/user/.m2/repository/net/jcip/jcip-annotations/1.0/jcip-annotations-1.0.jar:/home/user/.m2/repository/org/dom4j/dom4j/2.1.1/dom4j-2.1.1.jar:/home/user/.m2/repository/jaxen/jaxen/1.1.6/jaxen-1.1.6.jar:/home/user/.m2/repository/commons-lang/commons-lang/2.6/commons-lang-2.6.jar:/home/user/.m2/repository/com/github/spotbugs/spotbugs-annotations/3.1.12/spotbugs-annotations-3.1.12.jar:/home/user/.m2/repository/org/apache/hadoop/hadoop-hdfs-client/3.2.2/hadoop-hdfs-client-3.2.2.jar:/home/user/.m2/repository/com/fasterxml/jackson/core/jackson-databind/2.12.1/jackson-databind-2.12.1.jar:/github/workspace/hadoop-hdds/container-service/target/test-classes:/github/workspace/hadoop-hdds/common/target/test-classes:/home/user/.m2/repository/org/hamcrest/hamcrest-core/1.3/hamcrest-core-1.3.jar:/home/user/.m2/repository/org/assertj/assertj-core/3.8.0/assertj-core-3.8.0.jar:/home/user/.m2/repository/org/openjdk/jmh/jmh-core/1.19/jmh-core-1.19.jar:/home/user/.m2/repository/net/sf/jopt-simple/jopt-simple/4.6/jopt-simple-4.6.jar:/home/user/.m2/repository/org/apache/commons/commons-math3/3.1.1/commons-math3-3.1.1.jar:/home/user/.m2/repository/org/openjdk/jmh/jmh-generator-annprocess/1.19/jmh-generator-annprocess-1.19.jar:/home/user/.m2/repository/org/mockito/mockito-all/1.8.5/mockito-all-1.8.5.jar:/home/user/.m2/repository/org/hamcrest/hamcrest-all/1.3/hamcrest-all-1.3.jar:/home/user/.m2/repository/org/bouncycastle/bcprov-jdk15on/1.67/bcprov-jdk15on-1.67.jar:/github/workspace/hadoop-hdds/hadoop-dependency-test/target/classes:/home/user/.m2/repository/org/apache/hadoop/hadoop-common/3.2.2/hadoop-common-3.2.2-tests.jar:/home/user/.m2/repository/org/apache/hadoop/hadoop-hdfs/3.2.2/hadoop-hdfs-3.2.2-tests.jar:/home/user/.m2/repository/com/google/protobuf/protobuf-java/2.5.0/protobuf-java-2.5.0.jar:/home/user/.m2/repository/junit/junit/4.13.1/junit-4.13.1.jar:"/>
    <property name="sun.cpu.endian" value="little"/>
    <property name="user.home" value="/home/user"/>
    <property name="user.language" value="en"/>
    <property name="java.specification.vendor" value="Oracle Corporation"/>
    <property name="java.home" value="/usr/lib/jvm/java-1.8.0-openjdk-1.8.0.232.b09-0.el7_7.x86_64/jre"/>
    <property name="java.security.krb5.conf" value="/github/workspace/hadoop-hdds/server-scm/target/test-classes/krb5.conf"/>
    <property name="basedir" value="/github/workspace/hadoop-hdds/server-scm"/>
    <property name="file.separator" value="/"/>
    <property name="line.separator" value="&#10;"/>
    <property name="java.vm.specification.vendor" value="Oracle Corporation"/>
    <property name="java.specification.name" value="Java Platform API Specification"/>
    <property name="java.awt.graphicsenv" value="sun.awt.X11GraphicsEnvironment"/>
    <property name="skip.installnpx" value="true"/>
    <property name="surefire.real.class.path" value="/github/workspace/hadoop-hdds/server-scm/target/surefire/surefirebooter4827192240773456014.jar:/home/user/.m2/repository/org/jacoco/org.jacoco.agent/0.8.5/org.jacoco.agent-0.8.5-runtime.jar"/>
    <property name="hadoop.log.dir" value="/github/workspace/hadoop-hdds/server-scm/target/log"/>
    <property name="sun.boot.class.path" value="/usr/lib/jvm/java-1.8.0-openjdk-1.8.0.232.b09-0.el7_7.x86_64/jre/lib/resources.jar:/usr/lib/jvm/java-1.8.0-openjdk-1.8.0.232.b09-0.el7_7.x86_64/jre/lib/rt.jar:/usr/lib/jvm/java-1.8.0-openjdk-1.8.0.232.b09-0.el7_7.x86_64/jre/lib/sunrsasign.jar:/usr/lib/jvm/java-1.8.0-openjdk-1.8.0.232.b09-0.el7_7.x86_64/jre/lib/jsse.jar:/usr/lib/jvm/java-1.8.0-openjdk-1.8.0.232.b09-0.el7_7.x86_64/jre/lib/jce.jar:/usr/lib/jvm/java-1.8.0-openjdk-1.8.0.232.b09-0.el7_7.x86_64/jre/lib/charsets.jar:/usr/lib/jvm/java-1.8.0-openjdk-1.8.0.232.b09-0.el7_7.x86_64/jre/lib/jfr.jar:/usr/lib/jvm/java-1.8.0-openjdk-1.8.0.232.b09-0.el7_7.x86_64/jre/classes"/>
    <property name="sun.management.compiler" value="HotSpot 64-Bit Tiered Compilers"/>
    <property name="skip.npx" value="true"/>
    <property name="java.runtime.version" value="1.8.0_232-b09"/>
    <property name="java.net.preferIPv4Stack" value="true"/>
    <property name="user.name" value="jenkins1001"/>
    <property name="path.separator" value=":"/>
    <property name="java.security.egd" value="file:///dev/urandom"/>
    <property name="os.version" value="5.4.0-1043-azure"/>
    <property name="java.endorsed.dirs" value="/usr/lib/jvm/java-1.8.0-openjdk-1.8.0.232.b09-0.el7_7.x86_64/jre/lib/endorsed"/>
    <property name="java.runtime.name" value="OpenJDK Runtime Environment"/>
    <property name="file.encoding" value="ANSI_X3.4-1968"/>
    <property name="java.vm.name" value="OpenJDK 64-Bit Server VM"/>
    <property name="test.build.webapps" value=""/>
    <property name="localRepository" value="/home/user/.m2/repository"/>
    <property name="java.vendor.url.bug" value="http://bugreport.sun.com/bugreport/"/>
    <property name="java.io.tmpdir" value="/tmp"/>
    <property name="require.test.libhadoop" value=""/>
    <property name="java.version" value="1.8.0_232"/>
    <property name="user.dir" value="/github/workspace/hadoop-hdds/server-scm"/>
    <property name="os.arch" value="amd64"/>
    <property name="java.vm.specification.name" value="Java Virtual Machine Specification"/>
    <property name="test.build.classes" value="/github/workspace/hadoop-hdds/server-scm/target/test-classes"/>
    <property name="java.awt.printerjob" value="sun.print.PSPrinterJob"/>
    <property name="sun.os.patch.level" value="unknown"/>
    <property name="hadoop.tmp.dir" value="/github/workspace/hadoop-hdds/server-scm/target/tmp"/>
    <property name="java.library.path" value="/usr/lib:/usr/java/packages/lib/amd64:/usr/lib64:/lib64:/lib:/usr/lib"/>
    <property name="java.vm.info" value="mixed mode"/>
    <property name="java.vendor" value="Oracle Corporation"/>
    <property name="java.vm.version" value="25.232-b09"/>
    <property name="java.ext.dirs" value="/usr/lib/jvm/java-1.8.0-openjdk-1.8.0.232.b09-0.el7_7.x86_64/jre/lib/ext:/usr/java/packages/lib/ext"/>
    <property name="sun.io.unicode.encoding" value="UnicodeLittle"/>
    <property name="java.class.version" value="52.0"/>
  </properties>
  <testcase name="testScmDetectStaleAndDeadNode" classname="org.apache.hadoop.hdds.scm.node.TestSCMNodeManager" time="6.653">
    <failure message="expected:&lt;1&gt; but was:&lt;6&gt;" type="java.lang.AssertionError"><![CDATA[java.lang.AssertionError: expected:<1> but was:<6>
	at org.junit.Assert.fail(Assert.java:89)
	at org.junit.Assert.failNotEquals(Assert.java:835)
	at org.junit.Assert.assertEquals(Assert.java:647)
	at org.junit.Assert.assertEquals(Assert.java:633)
	at org.apache.hadoop.hdds.scm.node.TestSCMNodeManager.testScmDetectStaleAndDeadNode(TestSCMNodeManager.java:368)
	at sun.reflect.NativeMethodAccessorImpl.invoke0(Native Method)
	at sun.reflect.NativeMethodAccessorImpl.invoke(NativeMethodAccessorImpl.java:62)
	at sun.reflect.DelegatingMethodAccessorImpl.invoke(DelegatingMethodAccessorImpl.java:43)
	at java.lang.reflect.Method.invoke(Method.java:498)
	at org.junit.runners.model.FrameworkMethod$1.runReflectiveCall(FrameworkMethod.java:59)
	at org.junit.internal.runners.model.ReflectiveCallable.run(ReflectiveCallable.java:12)
	at org.junit.runners.model.FrameworkMethod.invokeExplosively(FrameworkMethod.java:56)
	at org.junit.internal.runners.statements.InvokeMethod.evaluate(InvokeMethod.java:17)
	at org.junit.internal.runners.statements.RunBefores.evaluate(RunBefores.java:26)
	at org.junit.internal.runners.statements.RunAfters.evaluate(RunAfters.java:27)
	at org.junit.rules.ExpectedException$ExpectedExceptionStatement.evaluate(ExpectedException.java:258)
	at org.junit.runners.ParentRunner$3.evaluate(ParentRunner.java:306)
	at org.junit.runners.BlockJUnit4ClassRunner$1.evaluate(BlockJUnit4ClassRunner.java:100)
	at org.junit.runners.ParentRunner.runLeaf(ParentRunner.java:366)
	at org.junit.runners.BlockJUnit4ClassRunner.runChild(BlockJUnit4ClassRunner.java:103)
	at org.junit.runners.BlockJUnit4ClassRunner.runChild(BlockJUnit4ClassRunner.java:63)
	at org.junit.runners.ParentRunner$4.run(ParentRunner.java:331)
	at org.junit.runners.ParentRunner$1.schedule(ParentRunner.java:79)
	at org.junit.runners.ParentRunner.runChildren(ParentRunner.java:329)
	at org.junit.runners.ParentRunner.access$100(ParentRunner.java:66)
	at org.junit.runners.ParentRunner$2.evaluate(ParentRunner.java:293)
	at org.junit.internal.runners.statements.RunBefores.evaluate(RunBefores.java:26)
	at org.junit.runners.ParentRunner$3.evaluate(ParentRunner.java:306)
	at org.junit.runners.ParentRunner.run(ParentRunner.java:413)
	at org.apache.maven.surefire.junit4.JUnit4Provider.execute(JUnit4Provider.java:365)
	at org.apache.maven.surefire.junit4.JUnit4Provider.executeWithRerun(JUnit4Provider.java:273)
	at org.apache.maven.surefire.junit4.JUnit4Provider.executeTestSet(JUnit4Provider.java:238)
	at org.apache.maven.surefire.junit4.JUnit4Provider.invoke(JUnit4Provider.java:159)
	at org.apache.maven.surefire.booter.ForkedBooter.invokeProviderInSameClassLoader(ForkedBooter.java:384)
	at org.apache.maven.surefire.booter.ForkedBooter.runSuitesInProcess(ForkedBooter.java:345)
	at org.apache.maven.surefire.booter.ForkedBooter.execute(ForkedBooter.java:126)
	at org.apache.maven.surefire.booter.ForkedBooter.main(ForkedBooter.java:418)
]]></failure>
    <system-out><![CDATA[2021-04-12 13:04:38,169 [main] WARN  server.ServerUtils (ServerUtils.java:getScmDbDir(148)) - ozone.scm.db.dirs is not configured. We recommend adding this setting. Falling back to ozone.metadata.dirs instead.
2021-04-12 13:04:38,259 [main] INFO  ha.SCMHANodeDetails (SCMHANodeDetails.java:loadSCMHAConfig(149)) - ServiceID for StorageContainerManager is null
2021-04-12 13:04:38,259 [main] INFO  ha.SCMHANodeDetails (SCMHANodeDetails.java:loadSCMHAConfig(154)) - ozone.scm.default.service.id is not defined, falling back to ozone.scm.service.ids to find serviceID for StorageContainerManager if it is HA enabled cluster
2021-04-12 13:04:38,326 [main] WARN  server.ServerUtils (ServerUtils.java:getScmDbDir(148)) - ozone.scm.db.dirs is not configured. We recommend adding this setting. Falling back to ozone.metadata.dirs instead.
2021-04-12 13:04:38,361 [main] WARN  utils.HAUtils (HAUtils.java:getMetaDir(331)) - ozone.scm.db.dirs is not configured. We recommend adding this setting. Falling back to ozone.metadata.dirs instead.
2021-04-12 13:04:38,504 [main] WARN  db.DBStoreBuilder (DBStoreBuilder.java:applyDBDefinition(145)) - ozone.scm.db.dirs is not configured. We recommend adding this setting. Falling back to ozone.metadata.dirs instead.
2021-04-12 13:04:38,673 [main] INFO  net.NodeSchemaLoader (NodeSchemaLoader.java:loadSchemaFromFile(129)) - Loading schema from [file:/github/workspace/hadoop-hdds/server-scm/target/test-classes/network-topology-default.xml, file:/github/workspace/hadoop-hdds/common/target/classes/network-topology-default.xml]
2021-04-12 13:04:38,674 [main] INFO  net.NodeSchemaLoader (NodeSchemaLoader.java:loadSchema(176)) - Loading network topology layer schema file
2021-04-12 13:04:38,738 [main] INFO  ha.SequenceIdGenerator (SequenceIdGenerator.java:upgradeToSequenceId(300)) - upgrade localId to 107544261427200000
2021-04-12 13:04:38,738 [main] INFO  ha.SequenceIdGenerator (SequenceIdGenerator.java:upgradeToSequenceId(310)) - upgrade delTxnId to 0
2021-04-12 13:04:38,743 [main] INFO  ha.SequenceIdGenerator (SequenceIdGenerator.java:upgradeToSequenceId(324)) - upgrade containerId to 0
2021-04-12 13:04:38,745 [main] INFO  ha.SequenceIdGenerator (SequenceIdGenerator.java:<init>(196)) - Init the HA SequenceIdGenerator.
2021-04-12 13:04:38,780 [main] INFO  node.SCMNodeManager (SCMNodeManager.java:<init>(125)) - Entering startup safe mode.
2021-04-12 13:04:38,857 [main] INFO  algorithms.ContainerPlacementPolicyFactory (ContainerPlacementPolicyFactory.java:getPolicy(60)) - Create container placement policy of type org.apache.hadoop.hdds.scm.container.placement.algorithms.SCMContainerPlacementRandom
2021-04-12 13:04:38,885 [main] INFO  pipeline.PipelineStateManager (PipelineStateManagerV2Impl.java:initialize(77)) - No pipeline exists in current db
2021-04-12 13:04:38,926 [main] INFO  algorithms.LeaderChoosePolicyFactory (LeaderChoosePolicyFactory.java:getPolicy(57)) - Create leader choose policy of type org.apache.hadoop.hdds.scm.pipeline.leader.choose.algorithms.MinLeaderCountChoosePolicy
2021-04-12 13:04:38,936 [main] INFO  ha.SCMServiceManager (SCMServiceManager.java:register(43)) - Registering service BackgroundPipelineCreator.
2021-04-12 13:04:38,936 [main] INFO  pipeline.BackgroundPipelineCreator (BackgroundPipelineCreatorV2.java:start(124)) - Starting RatisPipelineUtilsThread.
2021-04-12 13:04:38,979 [main] INFO  algorithms.PipelineChoosePolicyFactory (PipelineChoosePolicyFactory.java:createPipelineChoosePolicyFromClass(73)) - Create pipeline choose policy of type org.apache.hadoop.hdds.scm.pipeline.choose.algorithms.RandomPipelineChoosePolicy
2021-04-12 13:04:39,012 [main] INFO  ha.SCMServiceManager (SCMServiceManager.java:register(43)) - Registering service SCMBlockDeletingService.
2021-04-12 13:04:39,037 [main] INFO  ha.SCMServiceManager (SCMServiceManager.java:register(43)) - Registering service ReplicationManager.
2021-04-12 13:04:39,041 [main] INFO  container.ReplicationManager (ReplicationManager.java:start(226)) - Starting Replication Monitor Thread.
2021-04-12 13:04:39,050 [ReplicationMonitor] INFO  container.ReplicationManager (ReplicationManager.java:run(290)) - Replication Monitor Thread took 1 milliseconds for processing 0 containers.
2021-04-12 13:04:39,059 [main] INFO  safemode.HealthyPipelineSafeModeRule (HealthyPipelineSafeModeRule.java:<init>(89)) - Total pipeline count is 0, healthy pipeline threshold count is 0
2021-04-12 13:04:39,063 [main] INFO  safemode.OneReplicaPipelineSafeModeRule (OneReplicaPipelineSafeModeRule.java:<init>(85)) - Total pipeline count is 0, pipeline's with at least one datanode reported threshold count is 0
2021-04-12 13:04:39,110 [main] WARN  util.NativeCodeLoader (NativeCodeLoader.java:<clinit>(60)) - Unable to load native-hadoop library for your platform... using builtin-java classes where applicable
2021-04-12 13:04:39,412 [main] INFO  ipc.CallQueueManager (CallQueueManager.java:<init>(85)) - Using callQueue: class java.util.concurrent.LinkedBlockingQueue, queueCapacity: 10000, scheduler: class org.apache.hadoop.ipc.DefaultRpcScheduler, ipcBackoff: false.
2021-04-12 13:04:39,429 [Socket Reader #1 for port 0] INFO  ipc.Server (Server.java:run(1255)) - Starting Socket Reader #1 for port 0
2021-04-12 13:04:39,456 [Listener at 0.0.0.0/36229] INFO  ipc.CallQueueManager (CallQueueManager.java:<init>(85)) - Using callQueue: class java.util.concurrent.LinkedBlockingQueue, queueCapacity: 10000, scheduler: class org.apache.hadoop.ipc.DefaultRpcScheduler, ipcBackoff: false.
2021-04-12 13:04:39,457 [Socket Reader #1 for port 0] INFO  ipc.Server (Server.java:run(1255)) - Starting Socket Reader #1 for port 0
2021-04-12 13:04:39,469 [Listener at 0.0.0.0/35735] INFO  ipc.CallQueueManager (CallQueueManager.java:<init>(85)) - Using callQueue: class java.util.concurrent.LinkedBlockingQueue, queueCapacity: 10000, scheduler: class org.apache.hadoop.ipc.DefaultRpcScheduler, ipcBackoff: false.
2021-04-12 13:04:39,470 [Socket Reader #1 for port 0] INFO  ipc.Server (Server.java:run(1255)) - Starting Socket Reader #1 for port 0
2021-04-12 13:04:39,474 [Listener at 0.0.0.0/34167] INFO  server.StorageContainerManager (StorageContainerManager.java:<init>(408)) - Container Balancer status:
Key                            Value
Running                        false
Container Balancer Configuration values:
Key                            Value
Threshold                      0.100000
Max Datanodes to Balance       5
Max Size to Move               10737418240B

2021-04-12 13:04:39,474 [Listener at 0.0.0.0/34167] WARN  events.EventQueue (EventQueue.java:fireEvent(185)) - No event handler registered for event TypedEvent{payloadType=SafeModeStatus, name='Safe mode status'}
2021-04-12 13:04:39,475 [Listener at 0.0.0.0/34167] INFO  ha.SCMContext (SCMContext.java:updateSafeModeStatus(147)) - Update SafeModeStatus from SafeModeStatus{safeModeStatus=false, preCheckPassed=true} to SafeModeStatus{safeModeStatus=true, preCheckPassed=false}.
2021-04-12 13:04:39,497 [Listener at 0.0.0.0/34167] INFO  net.NetworkTopologyImpl (NetworkTopologyImpl.java:add(112)) - Added a new node: /default-rack/55229020-2ed7-43c5-8665-d0f0f260fe50
2021-04-12 13:04:39,499 [Listener at 0.0.0.0/34167] INFO  node.SCMNodeManager (SCMNodeManager.java:register(348)) - Registered Data node : 55229020-2ed7-43c5-8665-d0f0f260fe50{ip: 10.153.8.65, host: localhost-10.153.8.65, ports: [STANDALONE=0, RATIS=0, REST=0, REPLICATION=0, RATIS_ADMIN=0, RATIS_SERVER=0], networkLocation: /default-rack, certSerialId: null, persistedOpState: IN_SERVICE, persistedOpStateExpiryEpochSec: 0}
2021-04-12 13:04:39,501 [Listener at 0.0.0.0/34167] INFO  net.NetworkTopologyImpl (NetworkTopologyImpl.java:add(112)) - Added a new node: /default-rack/9d74a59d-fc2f-4aa1-8dd2-3bc6c006e1a5
2021-04-12 13:04:39,501 [Listener at 0.0.0.0/34167] INFO  node.SCMNodeManager (SCMNodeManager.java:register(348)) - Registered Data node : 9d74a59d-fc2f-4aa1-8dd2-3bc6c006e1a5{ip: 149.85.1.216, host: localhost-149.85.1.216, ports: [STANDALONE=0, RATIS=0, REST=0, REPLICATION=0, RATIS_ADMIN=0, RATIS_SERVER=0], networkLocation: /default-rack, certSerialId: null, persistedOpState: IN_SERVICE, persistedOpStateExpiryEpochSec: 0}
2021-04-12 13:04:39,502 [Listener at 0.0.0.0/34167] INFO  net.NetworkTopologyImpl (NetworkTopologyImpl.java:add(112)) - Added a new node: /default-rack/dd92733f-7335-4055-b787-456b1c499fa2
2021-04-12 13:04:39,502 [Listener at 0.0.0.0/34167] INFO  node.SCMNodeManager (SCMNodeManager.java:register(348)) - Registered Data node : dd92733f-7335-4055-b787-456b1c499fa2{ip: 117.145.172.77, host: localhost-117.145.172.77, ports: [STANDALONE=0, RATIS=0, REST=0, REPLICATION=0, RATIS_ADMIN=0, RATIS_SERVER=0], networkLocation: /default-rack, certSerialId: null, persistedOpState: IN_SERVICE, persistedOpStateExpiryEpochSec: 0}
2021-04-12 13:04:39,502 [Listener at 0.0.0.0/34167] INFO  net.NetworkTopologyImpl (NetworkTopologyImpl.java:add(112)) - Added a new node: /default-rack/18822148-5afc-43b9-bff0-83b70fc607c6
2021-04-12 13:04:39,503 [Listener at 0.0.0.0/34167] INFO  node.SCMNodeManager (SCMNodeManager.java:register(348)) - Registered Data node : 18822148-5afc-43b9-bff0-83b70fc607c6{ip: 109.80.152.5, host: localhost-109.80.152.5, ports: [STANDALONE=0, RATIS=0, REST=0, REPLICATION=0, RATIS_ADMIN=0, RATIS_SERVER=0], networkLocation: /default-rack, certSerialId: null, persistedOpState: IN_SERVICE, persistedOpStateExpiryEpochSec: 0}
2021-04-12 13:04:39,503 [Listener at 0.0.0.0/34167] INFO  net.NetworkTopologyImpl (NetworkTopologyImpl.java:add(112)) - Added a new node: /default-rack/fcb0ba73-3a75-4bf6-a50d-67eee672f920
2021-04-12 13:04:39,503 [Listener at 0.0.0.0/34167] INFO  node.SCMNodeManager (SCMNodeManager.java:register(348)) - Registered Data node : fcb0ba73-3a75-4bf6-a50d-67eee672f920{ip: 237.211.216.168, host: localhost-237.211.216.168, ports: [STANDALONE=0, RATIS=0, REST=0, REPLICATION=0, RATIS_ADMIN=0, RATIS_SERVER=0], networkLocation: /default-rack, certSerialId: null, persistedOpState: IN_SERVICE, persistedOpStateExpiryEpochSec: 0}
2021-04-12 13:04:39,503 [Listener at 0.0.0.0/34167] INFO  net.NetworkTopologyImpl (NetworkTopologyImpl.java:add(112)) - Added a new node: /default-rack/a40e8b9a-5f80-40e5-bc26-7f1e4c41189f
2021-04-12 13:04:39,504 [Listener at 0.0.0.0/34167] INFO  node.SCMNodeManager (SCMNodeManager.java:register(348)) - Registered Data node : a40e8b9a-5f80-40e5-bc26-7f1e4c41189f{ip: 18.221.239.145, host: localhost-18.221.239.145, ports: [STANDALONE=0, RATIS=0, REST=0, REPLICATION=0, RATIS_ADMIN=0, RATIS_SERVER=0], networkLocation: /default-rack, certSerialId: null, persistedOpState: IN_SERVICE, persistedOpStateExpiryEpochSec: 0}
2021-04-12 13:04:39,504 [Listener at 0.0.0.0/34167] INFO  net.NetworkTopologyImpl (NetworkTopologyImpl.java:add(112)) - Added a new node: /default-rack/51639568-1439-42b8-8986-d98f5f565990
2021-04-12 13:04:39,504 [Listener at 0.0.0.0/34167] INFO  node.SCMNodeManager (SCMNodeManager.java:register(348)) - Registered Data node : 51639568-1439-42b8-8986-d98f5f565990{ip: 95.193.250.236, host: localhost-95.193.250.236, ports: [STANDALONE=0, RATIS=0, REST=0, REPLICATION=0, RATIS_ADMIN=0, RATIS_SERVER=0], networkLocation: /default-rack, certSerialId: null, persistedOpState: IN_SERVICE, persistedOpStateExpiryEpochSec: 0}
2021-04-12 13:04:39,504 [Listener at 0.0.0.0/34167] INFO  net.NetworkTopologyImpl (NetworkTopologyImpl.java:add(112)) - Added a new node: /default-rack/0ce45e4e-699d-4b46-80de-a61b6eeb1600
2021-04-12 13:04:39,505 [Listener at 0.0.0.0/34167] INFO  node.SCMNodeManager (SCMNodeManager.java:register(348)) - Registered Data node : 0ce45e4e-699d-4b46-80de-a61b6eeb1600{ip: 82.228.158.132, host: localhost-82.228.158.132, ports: [STANDALONE=0, RATIS=0, REST=0, REPLICATION=0, RATIS_ADMIN=0, RATIS_SERVER=0], networkLocation: /default-rack, certSerialId: null, persistedOpState: IN_SERVICE, persistedOpStateExpiryEpochSec: 0}
2021-04-12 13:04:39,505 [Listener at 0.0.0.0/34167] INFO  net.NetworkTopologyImpl (NetworkTopologyImpl.java:add(112)) - Added a new node: /default-rack/e4a6387b-cf58-4a74-960f-6dbbf5e44dbe
2021-04-12 13:04:39,505 [Listener at 0.0.0.0/34167] INFO  node.SCMNodeManager (SCMNodeManager.java:register(348)) - Registered Data node : e4a6387b-cf58-4a74-960f-6dbbf5e44dbe{ip: 36.204.122.210, host: localhost-36.204.122.210, ports: [STANDALONE=0, RATIS=0, REST=0, REPLICATION=0, RATIS_ADMIN=0, RATIS_SERVER=0], networkLocation: /default-rack, certSerialId: null, persistedOpState: IN_SERVICE, persistedOpStateExpiryEpochSec: 0}
2021-04-12 13:04:39,505 [Listener at 0.0.0.0/34167] INFO  net.NetworkTopologyImpl (NetworkTopologyImpl.java:add(112)) - Added a new node: /default-rack/a64fe47d-b090-40f0-99e0-de81a839d1a8
2021-04-12 13:04:39,505 [Listener at 0.0.0.0/34167] INFO  node.SCMNodeManager (SCMNodeManager.java:register(348)) - Registered Data node : a64fe47d-b090-40f0-99e0-de81a839d1a8{ip: 127.40.98.159, host: localhost-127.40.98.159, ports: [STANDALONE=0, RATIS=0, REST=0, REPLICATION=0, RATIS_ADMIN=0, RATIS_SERVER=0], networkLocation: /default-rack, certSerialId: null, persistedOpState: IN_SERVICE, persistedOpStateExpiryEpochSec: 0}
2021-04-12 13:04:39,506 [Listener at 0.0.0.0/34167] INFO  net.NetworkTopologyImpl (NetworkTopologyImpl.java:add(112)) - Added a new node: /default-rack/78aa2dc1-23d9-43ff-bdda-a63bc29027e4
2021-04-12 13:04:39,506 [Listener at 0.0.0.0/34167] INFO  node.SCMNodeManager (SCMNodeManager.java:register(348)) - Registered Data node : 78aa2dc1-23d9-43ff-bdda-a63bc29027e4{ip: 111.50.238.21, host: localhost-111.50.238.21, ports: [STANDALONE=0, RATIS=0, REST=0, REPLICATION=0, RATIS_ADMIN=0, RATIS_SERVER=0], networkLocation: /default-rack, certSerialId: null, persistedOpState: IN_SERVICE, persistedOpStateExpiryEpochSec: 0}
2021-04-12 13:04:39,508 [EventQueue-NewNodeForNewNodeHandler] INFO  pipeline.BackgroundPipelineCreator (BackgroundPipelineCreatorV2.java:notifyEventTriggered(272)) - trigger a one-shot run on RatisPipelineUtilsThread.
2021-04-12 13:04:39,508 [EventQueue-NewNodeForNewNodeHandler] INFO  pipeline.BackgroundPipelineCreator (BackgroundPipelineCreatorV2.java:notifyEventTriggered(272)) - trigger a one-shot run on RatisPipelineUtilsThread.
2021-04-12 13:04:39,508 [EventQueue-NewNodeForNewNodeHandler] INFO  pipeline.BackgroundPipelineCreator (BackgroundPipelineCreatorV2.java:notifyEventTriggered(272)) - trigger a one-shot run on RatisPipelineUtilsThread.
2021-04-12 13:04:39,521 [EventQueue-NewNodeForNewNodeHandler] INFO  pipeline.BackgroundPipelineCreator (BackgroundPipelineCreatorV2.java:notifyEventTriggered(272)) - trigger a one-shot run on RatisPipelineUtilsThread.
2021-04-12 13:04:39,522 [EventQueue-NewNodeForNewNodeHandler] INFO  pipeline.BackgroundPipelineCreator (BackgroundPipelineCreatorV2.java:notifyEventTriggered(272)) - trigger a one-shot run on RatisPipelineUtilsThread.
2021-04-12 13:04:39,522 [EventQueue-NewNodeForNewNodeHandler] INFO  pipeline.BackgroundPipelineCreator (BackgroundPipelineCreatorV2.java:notifyEventTriggered(272)) - trigger a one-shot run on RatisPipelineUtilsThread.
2021-04-12 13:04:39,522 [EventQueue-NewNodeForNewNodeHandler] INFO  pipeline.BackgroundPipelineCreator (BackgroundPipelineCreatorV2.java:notifyEventTriggered(272)) - trigger a one-shot run on RatisPipelineUtilsThread.
2021-04-12 13:04:39,522 [EventQueue-NewNodeForNewNodeHandler] INFO  pipeline.BackgroundPipelineCreator (BackgroundPipelineCreatorV2.java:notifyEventTriggered(272)) - trigger a one-shot run on RatisPipelineUtilsThread.
2021-04-12 13:04:39,522 [EventQueue-NewNodeForNewNodeHandler] INFO  pipeline.BackgroundPipelineCreator (BackgroundPipelineCreatorV2.java:notifyEventTriggered(272)) - trigger a one-shot run on RatisPipelineUtilsThread.
2021-04-12 13:04:39,522 [EventQueue-NewNodeForNewNodeHandler] INFO  pipeline.BackgroundPipelineCreator (BackgroundPipelineCreatorV2.java:notifyEventTriggered(272)) - trigger a one-shot run on RatisPipelineUtilsThread.
2021-04-12 13:04:39,522 [EventQueue-NewNodeForNewNodeHandler] INFO  pipeline.BackgroundPipelineCreator (BackgroundPipelineCreatorV2.java:notifyEventTriggered(272)) - trigger a one-shot run on RatisPipelineUtilsThread.
2021-04-12 13:04:39,532 [RatisPipelineUtilsThread - 0] INFO  pipeline.RatisPipelineProvider (RatisPipelineProvider.java:lambda$create$0(169)) - Sending CreatePipelineCommand for pipeline:PipelineID=d6223196-b15c-4c2d-be35-3518230a6d9c to datanode:9d74a59d-fc2f-4aa1-8dd2-3bc6c006e1a5
2021-04-12 13:04:39,595 [RatisPipelineUtilsThread - 0] INFO  pipeline.PipelineStateManager (PipelineStateManagerV2Impl.java:addPipeline(100)) - Created pipeline Pipeline[ Id: d6223196-b15c-4c2d-be35-3518230a6d9c, Nodes: 9d74a59d-fc2f-4aa1-8dd2-3bc6c006e1a5{ip: 149.85.1.216, host: localhost-149.85.1.216, ports: [STANDALONE=0, RATIS=0, REST=0, REPLICATION=0, RATIS_ADMIN=0, RATIS_SERVER=0], networkLocation: /default-rack, certSerialId: null, persistedOpState: IN_SERVICE, persistedOpStateExpiryEpochSec: 0}, Type:RATIS, Factor:ONE, State:ALLOCATED, leaderId:, CreationTimestamp2021-04-12T13:04:39.528Z].
2021-04-12 13:04:39,600 [RatisPipelineUtilsThread - 0] INFO  ha.SCMHAInvocationHandler (SCMHAInvocationHandler.java:invokeRatis(113)) - Invoking method public abstract void org.apache.hadoop.hdds.scm.pipeline.StateManager.addPipeline(org.apache.hadoop.hdds.protocol.proto.HddsProtos$Pipeline) throws java.io.IOException on target org.apache.hadoop.hdds.scm.ha.MockSCMHAManager$MockRatisServer@660fdddb, cost 45279.303us
2021-04-12 13:04:39,603 [RatisPipelineUtilsThread - 0] INFO  pipeline.RatisPipelineProvider (RatisPipelineProvider.java:lambda$create$0(169)) - Sending CreatePipelineCommand for pipeline:PipelineID=ce840b54-b8d2-411d-b068-001b9a4c4067 to datanode:fcb0ba73-3a75-4bf6-a50d-67eee672f920
2021-04-12 13:04:39,605 [RatisPipelineUtilsThread - 0] INFO  pipeline.PipelineStateManager (PipelineStateManagerV2Impl.java:addPipeline(100)) - Created pipeline Pipeline[ Id: ce840b54-b8d2-411d-b068-001b9a4c4067, Nodes: fcb0ba73-3a75-4bf6-a50d-67eee672f920{ip: 237.211.216.168, host: localhost-237.211.216.168, ports: [STANDALONE=0, RATIS=0, REST=0, REPLICATION=0, RATIS_ADMIN=0, RATIS_SERVER=0], networkLocation: /default-rack, certSerialId: null, persistedOpState: IN_SERVICE, persistedOpStateExpiryEpochSec: 0}, Type:RATIS, Factor:ONE, State:ALLOCATED, leaderId:, CreationTimestamp2021-04-12T13:04:39.603Z].
2021-04-12 13:04:39,606 [RatisPipelineUtilsThread - 0] INFO  ha.SCMHAInvocationHandler (SCMHAInvocationHandler.java:invokeRatis(113)) - Invoking method public abstract void org.apache.hadoop.hdds.scm.pipeline.StateManager.addPipeline(org.apache.hadoop.hdds.protocol.proto.HddsProtos$Pipeline) throws java.io.IOException on target org.apache.hadoop.hdds.scm.ha.MockSCMHAManager$MockRatisServer@660fdddb, cost 1577.203us
2021-04-12 13:04:39,606 [RatisPipelineUtilsThread - 0] INFO  pipeline.RatisPipelineProvider (RatisPipelineProvider.java:lambda$create$0(169)) - Sending CreatePipelineCommand for pipeline:PipelineID=1b266433-a194-4ca1-9c55-0fdc2e68232b to datanode:a64fe47d-b090-40f0-99e0-de81a839d1a8
2021-04-12 13:04:39,608 [RatisPipelineUtilsThread - 0] INFO  pipeline.PipelineStateManager (PipelineStateManagerV2Impl.java:addPipeline(100)) - Created pipeline Pipeline[ Id: 1b266433-a194-4ca1-9c55-0fdc2e68232b, Nodes: a64fe47d-b090-40f0-99e0-de81a839d1a8{ip: 127.40.98.159, host: localhost-127.40.98.159, ports: [STANDALONE=0, RATIS=0, REST=0, REPLICATION=0, RATIS_ADMIN=0, RATIS_SERVER=0], networkLocation: /default-rack, certSerialId: null, persistedOpState: IN_SERVICE, persistedOpStateExpiryEpochSec: 0}, Type:RATIS, Factor:ONE, State:ALLOCATED, leaderId:, CreationTimestamp2021-04-12T13:04:39.606Z].
2021-04-12 13:04:39,609 [RatisPipelineUtilsThread - 0] INFO  ha.SCMHAInvocationHandler (SCMHAInvocationHandler.java:invokeRatis(113)) - Invoking method public abstract void org.apache.hadoop.hdds.scm.pipeline.StateManager.addPipeline(org.apache.hadoop.hdds.protocol.proto.HddsProtos$Pipeline) throws java.io.IOException on target org.apache.hadoop.hdds.scm.ha.MockSCMHAManager$MockRatisServer@660fdddb, cost 2043.404us
2021-04-12 13:04:39,610 [RatisPipelineUtilsThread - 0] INFO  pipeline.RatisPipelineProvider (RatisPipelineProvider.java:lambda$create$0(169)) - Sending CreatePipelineCommand for pipeline:PipelineID=a10ea336-4a46-4937-8832-0ddddfb003a5 to datanode:55229020-2ed7-43c5-8665-d0f0f260fe50
2021-04-12 13:04:39,612 [RatisPipelineUtilsThread - 0] INFO  pipeline.PipelineStateManager (PipelineStateManagerV2Impl.java:addPipeline(100)) - Created pipeline Pipeline[ Id: a10ea336-4a46-4937-8832-0ddddfb003a5, Nodes: 55229020-2ed7-43c5-8665-d0f0f260fe50{ip: 10.153.8.65, host: localhost-10.153.8.65, ports: [STANDALONE=0, RATIS=0, REST=0, REPLICATION=0, RATIS_ADMIN=0, RATIS_SERVER=0], networkLocation: /default-rack, certSerialId: null, persistedOpState: IN_SERVICE, persistedOpStateExpiryEpochSec: 0}, Type:RATIS, Factor:ONE, State:ALLOCATED, leaderId:, CreationTimestamp2021-04-12T13:04:39.609Z].
2021-04-12 13:04:39,612 [RatisPipelineUtilsThread - 0] INFO  ha.SCMHAInvocationHandler (SCMHAInvocationHandler.java:invokeRatis(113)) - Invoking method public abstract void org.apache.hadoop.hdds.scm.pipeline.StateManager.addPipeline(org.apache.hadoop.hdds.protocol.proto.HddsProtos$Pipeline) throws java.io.IOException on target org.apache.hadoop.hdds.scm.ha.MockSCMHAManager$MockRatisServer@660fdddb, cost 1727.204us
2021-04-12 13:04:39,613 [RatisPipelineUtilsThread - 0] INFO  pipeline.RatisPipelineProvider (RatisPipelineProvider.java:lambda$create$0(169)) - Sending CreatePipelineCommand for pipeline:PipelineID=328dc0dd-adde-4182-ae2a-18110cbcdfa3 to datanode:51639568-1439-42b8-8986-d98f5f565990
2021-04-12 13:04:39,614 [RatisPipelineUtilsThread - 0] INFO  pipeline.PipelineStateManager (PipelineStateManagerV2Impl.java:addPipeline(100)) - Created pipeline Pipeline[ Id: 328dc0dd-adde-4182-ae2a-18110cbcdfa3, Nodes: 51639568-1439-42b8-8986-d98f5f565990{ip: 95.193.250.236, host: localhost-95.193.250.236, ports: [STANDALONE=0, RATIS=0, REST=0, REPLICATION=0, RATIS_ADMIN=0, RATIS_SERVER=0], networkLocation: /default-rack, certSerialId: null, persistedOpState: IN_SERVICE, persistedOpStateExpiryEpochSec: 0}, Type:RATIS, Factor:ONE, State:ALLOCATED, leaderId:, CreationTimestamp2021-04-12T13:04:39.613Z].
2021-04-12 13:04:39,614 [RatisPipelineUtilsThread - 0] INFO  ha.SCMHAInvocationHandler (SCMHAInvocationHandler.java:invokeRatis(113)) - Invoking method public abstract void org.apache.hadoop.hdds.scm.pipeline.StateManager.addPipeline(org.apache.hadoop.hdds.protocol.proto.HddsProtos$Pipeline) throws java.io.IOException on target org.apache.hadoop.hdds.scm.ha.MockSCMHAManager$MockRatisServer@660fdddb, cost 1423.003us
2021-04-12 13:04:39,615 [RatisPipelineUtilsThread - 0] INFO  pipeline.RatisPipelineProvider (RatisPipelineProvider.java:lambda$create$0(169)) - Sending CreatePipelineCommand for pipeline:PipelineID=8e82fb72-e76d-4b07-a284-53cadff73a0f to datanode:a40e8b9a-5f80-40e5-bc26-7f1e4c41189f
2021-04-12 13:04:39,616 [RatisPipelineUtilsThread - 0] INFO  pipeline.PipelineStateManager (PipelineStateManagerV2Impl.java:addPipeline(100)) - Created pipeline Pipeline[ Id: 8e82fb72-e76d-4b07-a284-53cadff73a0f, Nodes: a40e8b9a-5f80-40e5-bc26-7f1e4c41189f{ip: 18.221.239.145, host: localhost-18.221.239.145, ports: [STANDALONE=0, RATIS=0, REST=0, REPLICATION=0, RATIS_ADMIN=0, RATIS_SERVER=0], networkLocation: /default-rack, certSerialId: null, persistedOpState: IN_SERVICE, persistedOpStateExpiryEpochSec: 0}, Type:RATIS, Factor:ONE, State:ALLOCATED, leaderId:, CreationTimestamp2021-04-12T13:04:39.615Z].
2021-04-12 13:04:39,617 [RatisPipelineUtilsThread - 0] INFO  ha.SCMHAInvocationHandler (SCMHAInvocationHandler.java:invokeRatis(113)) - Invoking method public abstract void org.apache.hadoop.hdds.scm.pipeline.StateManager.addPipeline(org.apache.hadoop.hdds.protocol.proto.HddsProtos$Pipeline) throws java.io.IOException on target org.apache.hadoop.hdds.scm.ha.MockSCMHAManager$MockRatisServer@660fdddb, cost 561.901us
2021-04-12 13:04:39,618 [RatisPipelineUtilsThread - 0] INFO  pipeline.RatisPipelineProvider (RatisPipelineProvider.java:lambda$create$0(169)) - Sending CreatePipelineCommand for pipeline:PipelineID=62281ae4-15a3-4ed6-a092-228af41587e6 to datanode:18822148-5afc-43b9-bff0-83b70fc607c6
2021-04-12 13:04:39,620 [RatisPipelineUtilsThread - 0] INFO  pipeline.PipelineStateManager (PipelineStateManagerV2Impl.java:addPipeline(100)) - Created pipeline Pipeline[ Id: 62281ae4-15a3-4ed6-a092-228af41587e6, Nodes: 18822148-5afc-43b9-bff0-83b70fc607c6{ip: 109.80.152.5, host: localhost-109.80.152.5, ports: [STANDALONE=0, RATIS=0, REST=0, REPLICATION=0, RATIS_ADMIN=0, RATIS_SERVER=0], networkLocation: /default-rack, certSerialId: null, persistedOpState: IN_SERVICE, persistedOpStateExpiryEpochSec: 0}, Type:RATIS, Factor:ONE, State:ALLOCATED, leaderId:, CreationTimestamp2021-04-12T13:04:39.618Z].
2021-04-12 13:04:39,620 [RatisPipelineUtilsThread - 0] INFO  ha.SCMHAInvocationHandler (SCMHAInvocationHandler.java:invokeRatis(113)) - Invoking method public abstract void org.apache.hadoop.hdds.scm.pipeline.StateManager.addPipeline(org.apache.hadoop.hdds.protocol.proto.HddsProtos$Pipeline) throws java.io.IOException on target org.apache.hadoop.hdds.scm.ha.MockSCMHAManager$MockRatisServer@660fdddb, cost 1345.703us
2021-04-12 13:04:39,622 [RatisPipelineUtilsThread - 0] INFO  pipeline.RatisPipelineProvider (RatisPipelineProvider.java:lambda$create$0(169)) - Sending CreatePipelineCommand for pipeline:PipelineID=d1b39c8d-c1bb-471a-909a-f916f1c78ff4 to datanode:78aa2dc1-23d9-43ff-bdda-a63bc29027e4
2021-04-12 13:04:39,623 [RatisPipelineUtilsThread - 0] INFO  pipeline.PipelineStateManager (PipelineStateManagerV2Impl.java:addPipeline(100)) - Created pipeline Pipeline[ Id: d1b39c8d-c1bb-471a-909a-f916f1c78ff4, Nodes: 78aa2dc1-23d9-43ff-bdda-a63bc29027e4{ip: 111.50.238.21, host: localhost-111.50.238.21, ports: [STANDALONE=0, RATIS=0, REST=0, REPLICATION=0, RATIS_ADMIN=0, RATIS_SERVER=0], networkLocation: /default-rack, certSerialId: null, persistedOpState: IN_SERVICE, persistedOpStateExpiryEpochSec: 0}, Type:RATIS, Factor:ONE, State:ALLOCATED, leaderId:, CreationTimestamp2021-04-12T13:04:39.622Z].
2021-04-12 13:04:39,623 [RatisPipelineUtilsThread - 0] INFO  ha.SCMHAInvocationHandler (SCMHAInvocationHandler.java:invokeRatis(113)) - Invoking method public abstract void org.apache.hadoop.hdds.scm.pipeline.StateManager.addPipeline(org.apache.hadoop.hdds.protocol.proto.HddsProtos$Pipeline) throws java.io.IOException on target org.apache.hadoop.hdds.scm.ha.MockSCMHAManager$MockRatisServer@660fdddb, cost 1083.203us
2021-04-12 13:04:39,625 [RatisPipelineUtilsThread - 0] INFO  pipeline.RatisPipelineProvider (RatisPipelineProvider.java:lambda$create$0(169)) - Sending CreatePipelineCommand for pipeline:PipelineID=aafc3bba-e883-4ac3-98c9-221e6bd0794b to datanode:dd92733f-7335-4055-b787-456b1c499fa2
2021-04-12 13:04:39,629 [RatisPipelineUtilsThread - 0] INFO  pipeline.PipelineStateManager (PipelineStateManagerV2Impl.java:addPipeline(100)) - Created pipeline Pipeline[ Id: aafc3bba-e883-4ac3-98c9-221e6bd0794b, Nodes: dd92733f-7335-4055-b787-456b1c499fa2{ip: 117.145.172.77, host: localhost-117.145.172.77, ports: [STANDALONE=0, RATIS=0, REST=0, REPLICATION=0, RATIS_ADMIN=0, RATIS_SERVER=0], networkLocation: /default-rack, certSerialId: null, persistedOpState: IN_SERVICE, persistedOpStateExpiryEpochSec: 0}, Type:RATIS, Factor:ONE, State:ALLOCATED, leaderId:, CreationTimestamp2021-04-12T13:04:39.625Z].
2021-04-12 13:04:39,629 [RatisPipelineUtilsThread - 0] INFO  ha.SCMHAInvocationHandler (SCMHAInvocationHandler.java:invokeRatis(113)) - Invoking method public abstract void org.apache.hadoop.hdds.scm.pipeline.StateManager.addPipeline(org.apache.hadoop.hdds.protocol.proto.HddsProtos$Pipeline) throws java.io.IOException on target org.apache.hadoop.hdds.scm.ha.MockSCMHAManager$MockRatisServer@660fdddb, cost 1142.203us
2021-04-12 13:04:39,630 [RatisPipelineUtilsThread - 0] INFO  pipeline.RatisPipelineProvider (RatisPipelineProvider.java:lambda$create$0(169)) - Sending CreatePipelineCommand for pipeline:PipelineID=1948093f-489e-4719-8153-41f3909b21f3 to datanode:0ce45e4e-699d-4b46-80de-a61b6eeb1600
2021-04-12 13:04:39,632 [RatisPipelineUtilsThread - 0] INFO  pipeline.PipelineStateManager (PipelineStateManagerV2Impl.java:addPipeline(100)) - Created pipeline Pipeline[ Id: 1948093f-489e-4719-8153-41f3909b21f3, Nodes: 0ce45e4e-699d-4b46-80de-a61b6eeb1600{ip: 82.228.158.132, host: localhost-82.228.158.132, ports: [STANDALONE=0, RATIS=0, REST=0, REPLICATION=0, RATIS_ADMIN=0, RATIS_SERVER=0], networkLocation: /default-rack, certSerialId: null, persistedOpState: IN_SERVICE, persistedOpStateExpiryEpochSec: 0}, Type:RATIS, Factor:ONE, State:ALLOCATED, leaderId:, CreationTimestamp2021-04-12T13:04:39.630Z].
2021-04-12 13:04:39,632 [RatisPipelineUtilsThread - 0] INFO  ha.SCMHAInvocationHandler (SCMHAInvocationHandler.java:invokeRatis(113)) - Invoking method public abstract void org.apache.hadoop.hdds.scm.pipeline.StateManager.addPipeline(org.apache.hadoop.hdds.protocol.proto.HddsProtos$Pipeline) throws java.io.IOException on target org.apache.hadoop.hdds.scm.ha.MockSCMHAManager$MockRatisServer@660fdddb, cost 1329.303us
2021-04-12 13:04:39,633 [RatisPipelineUtilsThread - 0] INFO  pipeline.RatisPipelineProvider (RatisPipelineProvider.java:lambda$create$0(169)) - Sending CreatePipelineCommand for pipeline:PipelineID=12b4c4cc-b513-44a6-ad46-65a0a97f50e8 to datanode:e4a6387b-cf58-4a74-960f-6dbbf5e44dbe
2021-04-12 13:04:39,635 [RatisPipelineUtilsThread - 0] INFO  pipeline.PipelineStateManager (PipelineStateManagerV2Impl.java:addPipeline(100)) - Created pipeline Pipeline[ Id: 12b4c4cc-b513-44a6-ad46-65a0a97f50e8, Nodes: e4a6387b-cf58-4a74-960f-6dbbf5e44dbe{ip: 36.204.122.210, host: localhost-36.204.122.210, ports: [STANDALONE=0, RATIS=0, REST=0, REPLICATION=0, RATIS_ADMIN=0, RATIS_SERVER=0], networkLocation: /default-rack, certSerialId: null, persistedOpState: IN_SERVICE, persistedOpStateExpiryEpochSec: 0}, Type:RATIS, Factor:ONE, State:ALLOCATED, leaderId:, CreationTimestamp2021-04-12T13:04:39.633Z].
2021-04-12 13:04:39,635 [RatisPipelineUtilsThread - 0] INFO  ha.SCMHAInvocationHandler (SCMHAInvocationHandler.java:invokeRatis(113)) - Invoking method public abstract void org.apache.hadoop.hdds.scm.pipeline.StateManager.addPipeline(org.apache.hadoop.hdds.protocol.proto.HddsProtos$Pipeline) throws java.io.IOException on target org.apache.hadoop.hdds.scm.ha.MockSCMHAManager$MockRatisServer@660fdddb, cost 1721.004us
2021-04-12 13:04:42,607 [EventQueue-StaleNodeForStaleNodeHandler] INFO  node.StaleNodeHandler (StaleNodeHandler.java:onMessage(58)) - Datanode 78aa2dc1-23d9-43ff-bdda-a63bc29027e4{ip: 111.50.238.21, host: localhost-111.50.238.21, ports: [STANDALONE=0, RATIS=0, REST=0, REPLICATION=0, RATIS_ADMIN=0, RATIS_SERVER=0], networkLocation: /default-rack, certSerialId: null, persistedOpState: IN_SERVICE, persistedOpStateExpiryEpochSec: 0} moved to stale state. Finalizing its pipelines [PipelineID=d1b39c8d-c1bb-471a-909a-f916f1c78ff4]
2021-04-12 13:04:42,608 [EventQueue-StaleNodeForStaleNodeHandler] INFO  ha.SCMHAInvocationHandler (SCMHAInvocationHandler.java:invokeRatis(113)) - Invoking method public abstract void org.apache.hadoop.hdds.scm.pipeline.StateManager.updatePipelineState(org.apache.hadoop.hdds.protocol.proto.HddsProtos$PipelineID,org.apache.hadoop.hdds.protocol.proto.HddsProtos$PipelineState) throws java.io.IOException on target org.apache.hadoop.hdds.scm.ha.MockSCMHAManager$MockRatisServer@660fdddb, cost 1019.002us
2021-04-12 13:04:42,608 [EventQueue-StaleNodeForStaleNodeHandler] INFO  pipeline.PipelineManagerV2Impl (PipelineManagerV2Impl.java:closePipeline(323)) - Pipeline Pipeline[ Id: d1b39c8d-c1bb-471a-909a-f916f1c78ff4, Nodes: 78aa2dc1-23d9-43ff-bdda-a63bc29027e4{ip: 111.50.238.21, host: localhost-111.50.238.21, ports: [STANDALONE=0, RATIS=0, REST=0, REPLICATION=0, RATIS_ADMIN=0, RATIS_SERVER=0], networkLocation: /default-rack, certSerialId: null, persistedOpState: IN_SERVICE, persistedOpStateExpiryEpochSec: 0}, Type:RATIS, Factor:ONE, State:ALLOCATED, leaderId:, CreationTimestamp2021-04-12T13:04:39.622Z] moved to CLOSED state
2021-04-12 13:04:44,511 [EventQueue-StaleNodeForStaleNodeHandler] INFO  node.StaleNodeHandler (StaleNodeHandler.java:onMessage(58)) - Datanode 9d74a59d-fc2f-4aa1-8dd2-3bc6c006e1a5{ip: 149.85.1.216, host: localhost-149.85.1.216, ports: [STANDALONE=0, RATIS=0, REST=0, REPLICATION=0, RATIS_ADMIN=0, RATIS_SERVER=0], networkLocation: /default-rack, certSerialId: null, persistedOpState: IN_SERVICE, persistedOpStateExpiryEpochSec: 0} moved to stale state. Finalizing its pipelines [PipelineID=d6223196-b15c-4c2d-be35-3518230a6d9c]
2021-04-12 13:04:44,512 [EventQueue-StaleNodeForStaleNodeHandler] INFO  ha.SCMHAInvocationHandler (SCMHAInvocationHandler.java:invokeRatis(113)) - Invoking method public abstract void org.apache.hadoop.hdds.scm.pipeline.StateManager.updatePipelineState(org.apache.hadoop.hdds.protocol.proto.HddsProtos$PipelineID,org.apache.hadoop.hdds.protocol.proto.HddsProtos$PipelineState) throws java.io.IOException on target org.apache.hadoop.hdds.scm.ha.MockSCMHAManager$MockRatisServer@660fdddb, cost 440.401us
2021-04-12 13:04:44,512 [EventQueue-StaleNodeForStaleNodeHandler] INFO  pipeline.PipelineManagerV2Impl (PipelineManagerV2Impl.java:closePipeline(323)) - Pipeline Pipeline[ Id: d6223196-b15c-4c2d-be35-3518230a6d9c, Nodes: 9d74a59d-fc2f-4aa1-8dd2-3bc6c006e1a5{ip: 149.85.1.216, host: localhost-149.85.1.216, ports: [STANDALONE=0, RATIS=0, REST=0, REPLICATION=0, RATIS_ADMIN=0, RATIS_SERVER=0], networkLocation: /default-rack, certSerialId: null, persistedOpState: IN_SERVICE, persistedOpStateExpiryEpochSec: 0}, Type:RATIS, Factor:ONE, State:ALLOCATED, leaderId:, CreationTimestamp2021-04-12T13:04:39.528Z] moved to CLOSED state
2021-04-12 13:04:44,512 [EventQueue-StaleNodeForStaleNodeHandler] INFO  node.StaleNodeHandler (StaleNodeHandler.java:onMessage(58)) - Datanode fcb0ba73-3a75-4bf6-a50d-67eee672f920{ip: 237.211.216.168, host: localhost-237.211.216.168, ports: [STANDALONE=0, RATIS=0, REST=0, REPLICATION=0, RATIS_ADMIN=0, RATIS_SERVER=0], networkLocation: /default-rack, certSerialId: null, persistedOpState: IN_SERVICE, persistedOpStateExpiryEpochSec: 0} moved to stale state. Finalizing its pipelines [PipelineID=ce840b54-b8d2-411d-b068-001b9a4c4067]
2021-04-12 13:04:44,513 [EventQueue-StaleNodeForStaleNodeHandler] INFO  ha.SCMHAInvocationHandler (SCMHAInvocationHandler.java:invokeRatis(113)) - Invoking method public abstract void org.apache.hadoop.hdds.scm.pipeline.StateManager.updatePipelineState(org.apache.hadoop.hdds.protocol.proto.HddsProtos$PipelineID,org.apache.hadoop.hdds.protocol.proto.HddsProtos$PipelineState) throws java.io.IOException on target org.apache.hadoop.hdds.scm.ha.MockSCMHAManager$MockRatisServer@660fdddb, cost 253.401us
2021-04-12 13:04:44,513 [EventQueue-StaleNodeForStaleNodeHandler] INFO  pipeline.PipelineManagerV2Impl (PipelineManagerV2Impl.java:closePipeline(323)) - Pipeline Pipeline[ Id: ce840b54-b8d2-411d-b068-001b9a4c4067, Nodes: fcb0ba73-3a75-4bf6-a50d-67eee672f920{ip: 237.211.216.168, host: localhost-237.211.216.168, ports: [STANDALONE=0, RATIS=0, REST=0, REPLICATION=0, RATIS_ADMIN=0, RATIS_SERVER=0], networkLocation: /default-rack, certSerialId: null, persistedOpState: IN_SERVICE, persistedOpStateExpiryEpochSec: 0}, Type:RATIS, Factor:ONE, State:ALLOCATED, leaderId:, CreationTimestamp2021-04-12T13:04:39.603Z] moved to CLOSED state
2021-04-12 13:04:44,513 [SCM Heartbeat Processing Thread - 0] WARN  node.NodeStateManager (NodeStateManager.java:scheduleNextHealthCheck(688)) - Current Thread is interrupted, shutting down HB processing thread for Node Manager.
2021-04-12 13:04:44,518 [Listener at 0.0.0.0/34167] INFO  server.StorageContainerManager (StorageContainerManager.java:stop(1208)) - Stopping Replication Manager Service.
2021-04-12 13:04:44,518 [Listener at 0.0.0.0/34167] INFO  container.ReplicationManager (ReplicationManager.java:stop(267)) - Stopping Replication Monitor Thread.
2021-04-12 13:04:44,519 [Listener at 0.0.0.0/34167] INFO  server.StorageContainerManager (StorageContainerManager.java:stop(1215)) - Stopping the Datanode Admin Monitor.
2021-04-12 13:04:44,519 [Listener at 0.0.0.0/34167] INFO  server.StorageContainerManager (StorageContainerManager.java:stop(1222)) - Stopping Lease Manager of the command watchers
2021-04-12 13:04:44,519 [Listener at 0.0.0.0/34167] ERROR server.StorageContainerManager (StorageContainerManager.java:stop(1225)) - Lease Manager of the command watchers stop failed
2021-04-12 13:04:44,519 [Listener at 0.0.0.0/34167] INFO  server.StorageContainerManager (StorageContainerManager.java:stop(1229)) - Stopping datanode service RPC server
2021-04-12 13:04:44,519 [Listener at 0.0.0.0/34167] INFO  server.SCMDatanodeProtocolServer (SCMDatanodeProtocolServer.java:stop(374)) - Stopping the RPC server for DataNodes
2021-04-12 13:04:44,519 [Listener at 0.0.0.0/34167] INFO  ipc.Server (Server.java:stop(3403)) - Stopping server on 36229
2021-04-12 13:04:44,519 [EventQueue-StaleNodeForStaleNodeHandler] INFO  node.StaleNodeHandler (StaleNodeHandler.java:onMessage(58)) - Datanode a64fe47d-b090-40f0-99e0-de81a839d1a8{ip: 127.40.98.159, host: localhost-127.40.98.159, ports: [STANDALONE=0, RATIS=0, REST=0, REPLICATION=0, RATIS_ADMIN=0, RATIS_SERVER=0], networkLocation: /default-rack, certSerialId: null, persistedOpState: IN_SERVICE, persistedOpStateExpiryEpochSec: 0} moved to stale state. Finalizing its pipelines [PipelineID=1b266433-a194-4ca1-9c55-0fdc2e68232b]
2021-04-12 13:04:44,520 [Listener at 0.0.0.0/34167] INFO  server.StorageContainerManager (StorageContainerManager.java:stop(1237)) - Stopping block service RPC server
2021-04-12 13:04:44,521 [Listener at 0.0.0.0/34167] INFO  server.SCMBlockProtocolServer (SCMBlockProtocolServer.java:stop(158)) - Stopping the RPC server for Block Protocol
2021-04-12 13:04:44,521 [Listener at 0.0.0.0/34167] INFO  ipc.Server (Server.java:stop(3403)) - Stopping server on 35735
2021-04-12 13:04:44,521 [Listener at 0.0.0.0/34167] INFO  server.StorageContainerManager (StorageContainerManager.java:stop(1244)) - Stopping the StorageContainerLocationProtocol RPC server
2021-04-12 13:04:44,522 [Listener at 0.0.0.0/34167] INFO  server.SCMClientProtocolServer (SCMClientProtocolServer.java:stop(164)) - Stopping the RPC server for Client Protocol
2021-04-12 13:04:44,522 [Listener at 0.0.0.0/34167] INFO  ipc.Server (Server.java:stop(3403)) - Stopping server on 34167
2021-04-12 13:04:44,521 [EventQueue-StaleNodeForStaleNodeHandler] INFO  ha.SCMHAInvocationHandler (SCMHAInvocationHandler.java:invokeRatis(113)) - Invoking method public abstract void org.apache.hadoop.hdds.scm.pipeline.StateManager.updatePipelineState(org.apache.hadoop.hdds.protocol.proto.HddsProtos$PipelineID,org.apache.hadoop.hdds.protocol.proto.HddsProtos$PipelineState) throws java.io.IOException on target org.apache.hadoop.hdds.scm.ha.MockSCMHAManager$MockRatisServer@660fdddb, cost 353.701us
2021-04-12 13:04:44,522 [Listener at 0.0.0.0/34167] INFO  server.StorageContainerManager (StorageContainerManager.java:stop(1251)) - Stopping Storage Container Manager HTTP server.
2021-04-12 13:04:44,523 [EventQueue-StaleNodeForStaleNodeHandler] INFO  pipeline.PipelineManagerV2Impl (PipelineManagerV2Impl.java:closePipeline(323)) - Pipeline Pipeline[ Id: 1b266433-a194-4ca1-9c55-0fdc2e68232b, Nodes: a64fe47d-b090-40f0-99e0-de81a839d1a8{ip: 127.40.98.159, host: localhost-127.40.98.159, ports: [STANDALONE=0, RATIS=0, REST=0, REPLICATION=0, RATIS_ADMIN=0, RATIS_SERVER=0], networkLocation: /default-rack, certSerialId: null, persistedOpState: IN_SERVICE, persistedOpStateExpiryEpochSec: 0}, Type:RATIS, Factor:ONE, State:ALLOCATED, leaderId:, CreationTimestamp2021-04-12T13:04:39.606Z] moved to CLOSED state
2021-04-12 13:04:44,523 [EventQueue-StaleNodeForStaleNodeHandler] INFO  node.StaleNodeHandler (StaleNodeHandler.java:onMessage(58)) - Datanode 55229020-2ed7-43c5-8665-d0f0f260fe50{ip: 10.153.8.65, host: localhost-10.153.8.65, ports: [STANDALONE=0, RATIS=0, REST=0, REPLICATION=0, RATIS_ADMIN=0, RATIS_SERVER=0], networkLocation: /default-rack, certSerialId: null, persistedOpState: IN_SERVICE, persistedOpStateExpiryEpochSec: 0} moved to stale state. Finalizing its pipelines [PipelineID=a10ea336-4a46-4937-8832-0ddddfb003a5]
2021-04-12 13:04:44,525 [Listener at 0.0.0.0/34167] ERROR server.StorageContainerManager (StorageContainerManager.java:stop(1254)) - Storage Container Manager HTTP server stop failed.
java.lang.NullPointerException
	at org.apache.hadoop.hdds.scm.server.StorageContainerManager.stop(StorageContainerManager.java:1252)
	at org.apache.hadoop.hdds.scm.node.TestSCMNodeManager.cleanup(TestSCMNodeManager.java:112)
	at sun.reflect.NativeMethodAccessorImpl.invoke0(Native Method)
	at sun.reflect.NativeMethodAccessorImpl.invoke(NativeMethodAccessorImpl.java:62)
	at sun.reflect.DelegatingMethodAccessorImpl.invoke(DelegatingMethodAccessorImpl.java:43)
	at java.lang.reflect.Method.invoke(Method.java:498)
	at org.junit.runners.model.FrameworkMethod$1.runReflectiveCall(FrameworkMethod.java:59)
	at org.junit.internal.runners.model.ReflectiveCallable.run(ReflectiveCallable.java:12)
	at org.junit.runners.model.FrameworkMethod.invokeExplosively(FrameworkMethod.java:56)
	at org.junit.internal.runners.statements.RunAfters.invokeMethod(RunAfters.java:46)
	at org.junit.internal.runners.statements.RunAfters.evaluate(RunAfters.java:33)
	at org.junit.rules.ExpectedException$ExpectedExceptionStatement.evaluate(ExpectedException.java:258)
	at org.junit.runners.ParentRunner$3.evaluate(ParentRunner.java:306)
	at org.junit.runners.BlockJUnit4ClassRunner$1.evaluate(BlockJUnit4ClassRunner.java:100)
	at org.junit.runners.ParentRunner.runLeaf(ParentRunner.java:366)
	at org.junit.runners.BlockJUnit4ClassRunner.runChild(BlockJUnit4ClassRunner.java:103)
	at org.junit.runners.BlockJUnit4ClassRunner.runChild(BlockJUnit4ClassRunner.java:63)
	at org.junit.runners.ParentRunner$4.run(ParentRunner.java:331)
	at org.junit.runners.ParentRunner$1.schedule(ParentRunner.java:79)
	at org.junit.runners.ParentRunner.runChildren(ParentRunner.java:329)
	at org.junit.runners.ParentRunner.access$100(ParentRunner.java:66)
	at org.junit.runners.ParentRunner$2.evaluate(ParentRunner.java:293)
	at org.junit.internal.runners.statements.RunBefores.evaluate(RunBefores.java:26)
	at org.junit.runners.ParentRunner$3.evaluate(ParentRunner.java:306)
	at org.junit.runners.ParentRunner.run(ParentRunner.java:413)
	at org.apache.maven.surefire.junit4.JUnit4Provider.execute(JUnit4Provider.java:365)
	at org.apache.maven.surefire.junit4.JUnit4Provider.executeWithRerun(JUnit4Provider.java:273)
	at org.apache.maven.surefire.junit4.JUnit4Provider.executeTestSet(JUnit4Provider.java:238)
	at org.apache.maven.surefire.junit4.JUnit4Provider.invoke(JUnit4Provider.java:159)
	at org.apache.maven.surefire.booter.ForkedBooter.invokeProviderInSameClassLoader(ForkedBooter.java:384)
	at org.apache.maven.surefire.booter.ForkedBooter.runSuitesInProcess(ForkedBooter.java:345)
	at org.apache.maven.surefire.booter.ForkedBooter.execute(ForkedBooter.java:126)
	at org.apache.maven.surefire.booter.ForkedBooter.main(ForkedBooter.java:418)
2021-04-12 13:04:44,533 [Listener at 0.0.0.0/34167] INFO  server.StorageContainerManager (StorageContainerManager.java:stop(1262)) - Stopping Block Manager Service.
2021-04-12 13:04:44,533 [Listener at 0.0.0.0/34167] INFO  utils.BackgroundService (BackgroundService.java:shutdown(132)) - Shutting down service SCMBlockDeletingService
2021-04-12 13:04:44,533 [Listener at 0.0.0.0/34167] INFO  utils.BackgroundService (BackgroundService.java:shutdown(132)) - Shutting down service SCMBlockDeletingService
2021-04-12 13:04:44,533 [Listener at 0.0.0.0/34167] INFO  server.StorageContainerManager (StorageContainerManager.java:stop(1287)) - Stopping SCM Event Queue.
2021-04-12 13:04:44,532 [EventQueue-StaleNodeForStaleNodeHandler] INFO  ha.SCMHAInvocationHandler (SCMHAInvocationHandler.java:invokeRatis(113)) - Invoking method public abstract void org.apache.hadoop.hdds.scm.pipeline.StateManager.updatePipelineState(org.apache.hadoop.hdds.protocol.proto.HddsProtos$PipelineID,org.apache.hadoop.hdds.protocol.proto.HddsProtos$PipelineState) throws java.io.IOException on target org.apache.hadoop.hdds.scm.ha.MockSCMHAManager$MockRatisServer@660fdddb, cost 354.501us
2021-04-12 13:04:44,535 [EventQueue-StaleNodeForStaleNodeHandler] INFO  pipeline.PipelineManagerV2Impl (PipelineManagerV2Impl.java:closePipeline(323)) - Pipeline Pipeline[ Id: a10ea336-4a46-4937-8832-0ddddfb003a5, Nodes: 55229020-2ed7-43c5-8665-d0f0f260fe50{ip: 10.153.8.65, host: localhost-10.153.8.65, ports: [STANDALONE=0, RATIS=0, REST=0, REPLICATION=0, RATIS_ADMIN=0, RATIS_SERVER=0], networkLocation: /default-rack, certSerialId: null, persistedOpState: IN_SERVICE, persistedOpStateExpiryEpochSec: 0}, Type:RATIS, Factor:ONE, State:ALLOCATED, leaderId:, CreationTimestamp2021-04-12T13:04:39.609Z] moved to CLOSED state
2021-04-12 13:04:44,535 [EventQueue-StaleNodeForStaleNodeHandler] INFO  node.StaleNodeHandler (StaleNodeHandler.java:onMessage(58)) - Datanode 51639568-1439-42b8-8986-d98f5f565990{ip: 95.193.250.236, host: localhost-95.193.250.236, ports: [STANDALONE=0, RATIS=0, REST=0, REPLICATION=0, RATIS_ADMIN=0, RATIS_SERVER=0], networkLocation: /default-rack, certSerialId: null, persistedOpState: IN_SERVICE, persistedOpStateExpiryEpochSec: 0} moved to stale state. Finalizing its pipelines [PipelineID=328dc0dd-adde-4182-ae2a-18110cbcdfa3]
2021-04-12 13:04:44,535 [EventQueue-StaleNodeForStaleNodeHandler] INFO  ha.SCMHAInvocationHandler (SCMHAInvocationHandler.java:invokeRatis(113)) - Invoking method public abstract void org.apache.hadoop.hdds.scm.pipeline.StateManager.updatePipelineState(org.apache.hadoop.hdds.protocol.proto.HddsProtos$PipelineID,org.apache.hadoop.hdds.protocol.proto.HddsProtos$PipelineState) throws java.io.IOException on target org.apache.hadoop.hdds.scm.ha.MockSCMHAManager$MockRatisServer@660fdddb, cost 295.701us
2021-04-12 13:04:44,535 [EventQueue-StaleNodeForStaleNodeHandler] INFO  pipeline.PipelineManagerV2Impl (PipelineManagerV2Impl.java:closePipeline(323)) - Pipeline Pipeline[ Id: 328dc0dd-adde-4182-ae2a-18110cbcdfa3, Nodes: 51639568-1439-42b8-8986-d98f5f565990{ip: 95.193.250.236, host: localhost-95.193.250.236, ports: [STANDALONE=0, RATIS=0, REST=0, REPLICATION=0, RATIS_ADMIN=0, RATIS_SERVER=0], networkLocation: /default-rack, certSerialId: null, persistedOpState: IN_SERVICE, persistedOpStateExpiryEpochSec: 0}, Type:RATIS, Factor:ONE, State:ALLOCATED, leaderId:, CreationTimestamp2021-04-12T13:04:39.613Z] moved to CLOSED state
2021-04-12 13:04:44,535 [EventQueue-StaleNodeForStaleNodeHandler] INFO  node.StaleNodeHandler (StaleNodeHandler.java:onMessage(58)) - Datanode a40e8b9a-5f80-40e5-bc26-7f1e4c41189f{ip: 18.221.239.145, host: localhost-18.221.239.145, ports: [STANDALONE=0, RATIS=0, REST=0, REPLICATION=0, RATIS_ADMIN=0, RATIS_SERVER=0], networkLocation: /default-rack, certSerialId: null, persistedOpState: IN_SERVICE, persistedOpStateExpiryEpochSec: 0} moved to stale state. Finalizing its pipelines [PipelineID=8e82fb72-e76d-4b07-a284-53cadff73a0f]
2021-04-12 13:04:44,536 [EventQueue-StaleNodeForStaleNodeHandler] INFO  ha.SCMHAInvocationHandler (SCMHAInvocationHandler.java:invokeRatis(113)) - Invoking method public abstract void org.apache.hadoop.hdds.scm.pipeline.StateManager.updatePipelineState(org.apache.hadoop.hdds.protocol.proto.HddsProtos$PipelineID,org.apache.hadoop.hdds.protocol.proto.HddsProtos$PipelineState) throws java.io.IOException on target org.apache.hadoop.hdds.scm.ha.MockSCMHAManager$MockRatisServer@660fdddb, cost 237.101us
2021-04-12 13:04:44,536 [EventQueue-StaleNodeForStaleNodeHandler] INFO  pipeline.PipelineManagerV2Impl (PipelineManagerV2Impl.java:closePipeline(323)) - Pipeline Pipeline[ Id: 8e82fb72-e76d-4b07-a284-53cadff73a0f, Nodes: a40e8b9a-5f80-40e5-bc26-7f1e4c41189f{ip: 18.221.239.145, host: localhost-18.221.239.145, ports: [STANDALONE=0, RATIS=0, REST=0, REPLICATION=0, RATIS_ADMIN=0, RATIS_SERVER=0], networkLocation: /default-rack, certSerialId: null, persistedOpState: IN_SERVICE, persistedOpStateExpiryEpochSec: 0}, Type:RATIS, Factor:ONE, State:ALLOCATED, leaderId:, CreationTimestamp2021-04-12T13:04:39.615Z] moved to CLOSED state
2021-04-12 13:04:44,536 [EventQueue-StaleNodeForStaleNodeHandler] INFO  node.StaleNodeHandler (StaleNodeHandler.java:onMessage(58)) - Datanode 18822148-5afc-43b9-bff0-83b70fc607c6{ip: 109.80.152.5, host: localhost-109.80.152.5, ports: [STANDALONE=0, RATIS=0, REST=0, REPLICATION=0, RATIS_ADMIN=0, RATIS_SERVER=0], networkLocation: /default-rack, certSerialId: null, persistedOpState: IN_SERVICE, persistedOpStateExpiryEpochSec: 0} moved to stale state. Finalizing its pipelines [PipelineID=62281ae4-15a3-4ed6-a092-228af41587e6]
2021-04-12 13:04:44,537 [EventQueue-StaleNodeForStaleNodeHandler] INFO  ha.SCMHAInvocationHandler (SCMHAInvocationHandler.java:invokeRatis(113)) - Invoking method public abstract void org.apache.hadoop.hdds.scm.pipeline.StateManager.updatePipelineState(org.apache.hadoop.hdds.protocol.proto.HddsProtos$PipelineID,org.apache.hadoop.hdds.protocol.proto.HddsProtos$PipelineState) throws java.io.IOException on target org.apache.hadoop.hdds.scm.ha.MockSCMHAManager$MockRatisServer@660fdddb, cost 251.3us
2021-04-12 13:04:44,537 [EventQueue-StaleNodeForStaleNodeHandler] INFO  pipeline.PipelineManagerV2Impl (PipelineManagerV2Impl.java:closePipeline(323)) - Pipeline Pipeline[ Id: 62281ae4-15a3-4ed6-a092-228af41587e6, Nodes: 18822148-5afc-43b9-bff0-83b70fc607c6{ip: 109.80.152.5, host: localhost-109.80.152.5, ports: [STANDALONE=0, RATIS=0, REST=0, REPLICATION=0, RATIS_ADMIN=0, RATIS_SERVER=0], networkLocation: /default-rack, certSerialId: null, persistedOpState: IN_SERVICE, persistedOpStateExpiryEpochSec: 0}, Type:RATIS, Factor:ONE, State:ALLOCATED, leaderId:, CreationTimestamp2021-04-12T13:04:39.618Z] moved to CLOSED state
2021-04-12 13:04:44,537 [EventQueue-StaleNodeForStaleNodeHandler] INFO  node.StaleNodeHandler (StaleNodeHandler.java:onMessage(58)) - Datanode dd92733f-7335-4055-b787-456b1c499fa2{ip: 117.145.172.77, host: localhost-117.145.172.77, ports: [STANDALONE=0, RATIS=0, REST=0, REPLICATION=0, RATIS_ADMIN=0, RATIS_SERVER=0], networkLocation: /default-rack, certSerialId: null, persistedOpState: IN_SERVICE, persistedOpStateExpiryEpochSec: 0} moved to stale state. Finalizing its pipelines [PipelineID=aafc3bba-e883-4ac3-98c9-221e6bd0794b]
2021-04-12 13:04:44,538 [EventQueue-StaleNodeForStaleNodeHandler] INFO  ha.SCMHAInvocationHandler (SCMHAInvocationHandler.java:invokeRatis(113)) - Invoking method public abstract void org.apache.hadoop.hdds.scm.pipeline.StateManager.updatePipelineState(org.apache.hadoop.hdds.protocol.proto.HddsProtos$PipelineID,org.apache.hadoop.hdds.protocol.proto.HddsProtos$PipelineState) throws java.io.IOException on target org.apache.hadoop.hdds.scm.ha.MockSCMHAManager$MockRatisServer@660fdddb, cost 259.401us
2021-04-12 13:04:44,538 [EventQueue-StaleNodeForStaleNodeHandler] INFO  pipeline.PipelineManagerV2Impl (PipelineManagerV2Impl.java:closePipeline(323)) - Pipeline Pipeline[ Id: aafc3bba-e883-4ac3-98c9-221e6bd0794b, Nodes: dd92733f-7335-4055-b787-456b1c499fa2{ip: 117.145.172.77, host: localhost-117.145.172.77, ports: [STANDALONE=0, RATIS=0, REST=0, REPLICATION=0, RATIS_ADMIN=0, RATIS_SERVER=0], networkLocation: /default-rack, certSerialId: null, persistedOpState: IN_SERVICE, persistedOpStateExpiryEpochSec: 0}, Type:RATIS, Factor:ONE, State:ALLOCATED, leaderId:, CreationTimestamp2021-04-12T13:04:39.625Z] moved to CLOSED state
2021-04-12 13:04:44,538 [EventQueue-StaleNodeForStaleNodeHandler] INFO  node.StaleNodeHandler (StaleNodeHandler.java:onMessage(58)) - Datanode 0ce45e4e-699d-4b46-80de-a61b6eeb1600{ip: 82.228.158.132, host: localhost-82.228.158.132, ports: [STANDALONE=0, RATIS=0, REST=0, REPLICATION=0, RATIS_ADMIN=0, RATIS_SERVER=0], networkLocation: /default-rack, certSerialId: null, persistedOpState: IN_SERVICE, persistedOpStateExpiryEpochSec: 0} moved to stale state. Finalizing its pipelines [PipelineID=1948093f-489e-4719-8153-41f3909b21f3]
2021-04-12 13:04:44,539 [EventQueue-StaleNodeForStaleNodeHandler] INFO  ha.SCMHAInvocationHandler (SCMHAInvocationHandler.java:invokeRatis(113)) - Invoking method public abstract void org.apache.hadoop.hdds.scm.pipeline.StateManager.updatePipelineState(org.apache.hadoop.hdds.protocol.proto.HddsProtos$PipelineID,org.apache.hadoop.hdds.protocol.proto.HddsProtos$PipelineState) throws java.io.IOException on target org.apache.hadoop.hdds.scm.ha.MockSCMHAManager$MockRatisServer@660fdddb, cost 250.4us
2021-04-12 13:04:44,539 [EventQueue-StaleNodeForStaleNodeHandler] INFO  pipeline.PipelineManagerV2Impl (PipelineManagerV2Impl.java:closePipeline(323)) - Pipeline Pipeline[ Id: 1948093f-489e-4719-8153-41f3909b21f3, Nodes: 0ce45e4e-699d-4b46-80de-a61b6eeb1600{ip: 82.228.158.132, host: localhost-82.228.158.132, ports: [STANDALONE=0, RATIS=0, REST=0, REPLICATION=0, RATIS_ADMIN=0, RATIS_SERVER=0], networkLocation: /default-rack, certSerialId: null, persistedOpState: IN_SERVICE, persistedOpStateExpiryEpochSec: 0}, Type:RATIS, Factor:ONE, State:ALLOCATED, leaderId:, CreationTimestamp2021-04-12T13:04:39.630Z] moved to CLOSED state
2021-04-12 13:04:44,539 [EventQueue-StaleNodeForStaleNodeHandler] INFO  node.StaleNodeHandler (StaleNodeHandler.java:onMessage(58)) - Datanode e4a6387b-cf58-4a74-960f-6dbbf5e44dbe{ip: 36.204.122.210, host: localhost-36.204.122.210, ports: [STANDALONE=0, RATIS=0, REST=0, REPLICATION=0, RATIS_ADMIN=0, RATIS_SERVER=0], networkLocation: /default-rack, certSerialId: null, persistedOpState: IN_SERVICE, persistedOpStateExpiryEpochSec: 0} moved to stale state. Finalizing its pipelines [PipelineID=12b4c4cc-b513-44a6-ad46-65a0a97f50e8]
2021-04-12 13:04:44,538 [Listener at 0.0.0.0/34167] WARN  pipeline.BackgroundPipelineCreator (BackgroundPipelineCreatorV2.java:stop(148)) - RatisPipelineUtilsThread is not running, just ignore.
2021-04-12 13:04:44,541 [EventQueue-StaleNodeForStaleNodeHandler] INFO  ha.SCMHAInvocationHandler (SCMHAInvocationHandler.java:invokeRatis(113)) - Invoking method public abstract void org.apache.hadoop.hdds.scm.pipeline.StateManager.updatePipelineState(org.apache.hadoop.hdds.protocol.proto.HddsProtos$PipelineID,org.apache.hadoop.hdds.protocol.proto.HddsProtos$PipelineState) throws java.io.IOException on target org.apache.hadoop.hdds.scm.ha.MockSCMHAManager$MockRatisServer@660fdddb, cost 1911.604us
2021-04-12 13:04:44,542 [EventQueue-StaleNodeForStaleNodeHandler] INFO  pipeline.PipelineManagerV2Impl (PipelineManagerV2Impl.java:closePipeline(323)) - Pipeline Pipeline[ Id: 12b4c4cc-b513-44a6-ad46-65a0a97f50e8, Nodes: e4a6387b-cf58-4a74-960f-6dbbf5e44dbe{ip: 36.204.122.210, host: localhost-36.204.122.210, ports: [STANDALONE=0, RATIS=0, REST=0, REPLICATION=0, RATIS_ADMIN=0, RATIS_SERVER=0], networkLocation: /default-rack, certSerialId: null, persistedOpState: IN_SERVICE, persistedOpStateExpiryEpochSec: 0}, Type:RATIS, Factor:ONE, State:ALLOCATED, leaderId:, CreationTimestamp2021-04-12T13:04:39.633Z] moved to CLOSED state
]]></system-out>
  </testcase>
  <testcase name="testScmNodeReportUpdate" classname="org.apache.hadoop.hdds.scm.node.TestSCMNodeManager" time="6.907"/>
  <testcase name="testScmRegisterNodeWithHostname" classname="org.apache.hadoop.hdds.scm.node.TestSCMNodeManager" time="5.137"/>
  <testcase name="testGetNodeInfo" classname="org.apache.hadoop.hdds.scm.node.TestSCMNodeManager" time="0.318"/>
  <testcase name="testScmCanHandleScale" classname="org.apache.hadoop.hdds.scm.node.TestSCMNodeManager" time="7.882"/>
  <testcase name="testScmHeartbeat" classname="org.apache.hadoop.hdds.scm.node.TestSCMNodeManager" time="4.231"/>
  <testcase name="testScmCheckForErrorOnNullDatanodeDetails" classname="org.apache.hadoop.hdds.scm.node.TestSCMNodeManager" time="0.224"/>
  <testcase name="testScmClusterIsInExpectedState1" classname="org.apache.hadoop.hdds.scm.node.TestSCMNodeManager" time="11.249"/>
  <testcase name="testScmClusterIsInExpectedState2" classname="org.apache.hadoop.hdds.scm.node.TestSCMNodeManager" time="15.662"/>
  <testcase name="testScmSanityOfUserConfig2" classname="org.apache.hadoop.hdds.scm.node.TestSCMNodeManager" time="0.239"/>
  <testcase name="testScmRegisterNodeWith4LayerNetworkTopology" classname="org.apache.hadoop.hdds.scm.node.TestSCMNodeManager" time="5.156"/>
  <testcase name="testScmNoHeartbeats" classname="org.apache.hadoop.hdds.scm.node.TestSCMNodeManager" time="4.248"/>
  <testcase name="tesVolumeInfoFromNodeReport" classname="org.apache.hadoop.hdds.scm.node.TestSCMNodeManager" time="1.115"/>
  <testcase name="testScmStatsFromNodeReport" classname="org.apache.hadoop.hdds.scm.node.TestSCMNodeManager" time="1.15"/>
  <testcase name="testScmHandleJvmPause" classname="org.apache.hadoop.hdds.scm.node.TestSCMNodeManager" time="5.549"/>
  <testcase name="testSetNodeOpStateAndCommandFired" classname="org.apache.hadoop.hdds.scm.node.TestSCMNodeManager" time="0">
    <skipped/>
    <system-out><![CDATA[2021-04-12 13:05:53,638 [RatisPipelineUtilsThread - 0] INFO  pipeline.RatisPipelineProvider (RatisPipelineProvider.java:lambda$create$0(169)) - Sending CreatePipelineCommand for pipeline:PipelineID=910eec93-fc82-4886-a9e4-9179aad79790 to datanode:d87ca47e-e2b5-4e28-9ed5-fd057122acf9
]]></system-out>
  </testcase>
  <testcase name="testHandlingSCMCommandEvent" classname="org.apache.hadoop.hdds.scm.node.TestSCMNodeManager" time="0.342"/>
  <testcase name="testScmShutdown" classname="org.apache.hadoop.hdds.scm.node.TestSCMNodeManager" time="2.216"/>
  <testcase name="testgetNodesByAddressWithHostname" classname="org.apache.hadoop.hdds.scm.node.TestSCMNodeManager" time="1.142"/>
  <testcase name="testgetNodesByAddressWithIpAddress" classname="org.apache.hadoop.hdds.scm.node.TestSCMNodeManager" time="1.139"/>
  <testcase name="testScmHealthyNodeCount" classname="org.apache.hadoop.hdds.scm.node.TestSCMNodeManager" time="4.262"/>
  <testcase name="testScmRegisterNodeWithIpAddress" classname="org.apache.hadoop.hdds.scm.node.TestSCMNodeManager" time="5.132"/>
</testsuite>